{"EventID": "6116", "Channel": "Microsoft-Windows-LiveId/Operational", "Provider_Name": "Microsoft-Windows-LiveId", "Computer": "DESKTOP-OFJ6N53", "TimeCreated": "2025-08-18 10:08:37.423721+00:00", "RecordID": "87781", "Level": "4", "UserID": "S-1-5-21-963789628-1060504924-4285088085-1001", "EventData.Value": "<S:Envelope><S:Header><wsa:Action wsu:Id=\"Action\" S:mustUnderstand=\"1\">*</wsa:Action><wsa:To wsu:Id=\"To\" S:mustUnderstand=\"1\">*</wsa:To><wsse:Security><wsu:Timestamp wsu:Id=\"TS\"><wsu:Created>2025-08-18T10:08:37Z</wsu:Created><wsu:Expires>2025-08-18T10:13:37Z</wsu:Expires></wsu:Timestamp><wssc:DerivedKeyToken wsu:Id=\"SignKey\" Algorithm=\"urn:liveid:SP800108_CTR_HMAC_SHA256_DOUBLEDERIVED\"><wsse:SecurityTokenReference><wsse:Reference URI=\"xRAq7C5pkGfoT2sFTVoUN5em8CE=\"></wsse:Reference></wsse:SecurityTokenReference><wssc:Nonce>*</wssc:Nonce></wssc:DerivedKeyToken><wssc:DerivedKeyToken wsu:Id=\"EncKey\" Algorithm=\"urn:liveid:SP800108_CTR_HMAC_SHA256_DOUBLEDERIVED\"><wsse:SecurityTokenReference><wsse:Reference URI=\"xRAq7C5pkGfoT2sFTVoUN5em8CE=\"></wsse:Reference></wsse:SecurityTokenReference><wssc:Nonce>*</wssc:Nonce></wssc:DerivedKeyToken><Signature xmlns=\"http://www.w3.org/2000/09/xmldsig#\"><SignedInfo><CanonicalizationMethod Algorithm=\"http://www.w3.org/2001/10/xml-exc-c14n#\"></CanonicalizationMethod><SignatureMethod Algorithm=\"http://www.w3.org/2001/04/xmldsig-more#hmac-sha256\"></SignatureMethod><Reference URI=\"#EncPsf\"><Transforms><Transform Algorithm=\"http://www.w3.org/2001/10/xml-exc-c14n#\"></Transform></Transforms><DigestMethod Algorithm=\"http://www.w3.org/2001/04/xmlenc#sha256\"></DigestMethod><DigestValue>*</DigestValue></Reference><Reference URI=\"#Body\"><Transforms><Transform Algorithm=\"http://www.w3.org/2001/10/xml-exc-c14n#\"></Transform></Transforms><DigestMethod Algorithm=\"http://www.w3.org/2001/04/xmlenc#sha256\"></DigestMethod><DigestValue>*</DigestValue></Reference><Reference URI=\"#To\"><Transforms><Transform Algorithm=\"http://www.w3.org/2001/10/xml-exc-c14n#\"></Transform></Transforms><DigestMethod Algorithm=\"http://www.w3.org/2001/04/xmlenc#sha256\"></DigestMethod><DigestValue>*</DigestValue></Reference><Reference URI=\"#Action\"><Transforms><Transform Algorithm=\"http://www.w3.org/2001/10/xml-exc-c14n#\"></Transform></Transforms><DigestMethod Algorithm=\"http://www.w3.org/2001/04/xmlenc#sha256\"></DigestMethod><DigestValue>*</DigestValue></Reference><Reference URI=\"#TS\"><Transforms><Transform Algorithm=\"http://www.w3.org/2001/10/xml-exc-c14n#\"></Transform></Transforms><DigestMethod Algorithm=\"http://www.w3.org/2001/04/xmlenc#sha256\"></DigestMethod><DigestValue>*</DigestValue></Reference></SignedInfo><SignatureValue>*</SignatureValue><KeyInfo><wsse:SecurityTokenReference><wsse:Reference URI=\"#SignKey\"></wsse:Reference></wsse:SecurityTokenReference></KeyInfo></Signature><e:ReferenceList xmlns:e=\"http://www.w3.org/2001/04/xmlenc#\"><e:DataReference URI=\"#RSTR\"/><e:DataReference URI=\"#EncPsf\"/></e:ReferenceList></wsse:Security><psf:EncryptedPP><EncryptedData xmlns=\"http://www.w3.org/2001/04/xmlenc#\" Id=\"EncPsf\" Type=\"http://www.w3.org/2001/04/xmlenc#Element\"><EncryptionMethod Algorithm=\"http://www.w3.org/2001/04/xmlenc#aes256-cbc\"></EncryptionMethod><KeyInfo xmlns=\"http://www.w3.org/2000/09/xmldsig#\"><wsse:SecurityTokenReference><wsse:Reference URI=\"#EncKey\"></wsse:Reference></wsse:SecurityTokenReference></KeyInfo><CipherData><CipherValue>*</CipherValue></CipherData></EncryptedData></psf:EncryptedPP></S:Header><S:Body wsu:Id=\"Body\"><EncryptedData xmlns=\"http://www.w3.org/2001/04/xmlenc#\" Id=\"RSTR\" Type=\"http://www.w3.org/2001/04/xmlenc#Element\"><EncryptionMethod Algorithm=\"http://www.w3.org/2001/04/xmlenc#aes256-cbc\"></EncryptionMethod><KeyInfo xmlns=\"http://www.w3.org/2000/09/xmldsig#\"><wsse:SecurityTokenReference><wsse:Reference URI=\"#EncKey\"></wsse:Reference></wsse:SecurityTokenReference></KeyInfo><CipherData><CipherValue>*</CipherValue></CipherData></EncryptedData></S:Body></S:Envelope>"}
{"EventID": "6117", "Channel": "Microsoft-Windows-LiveId/Operational", "Provider_Name": "Microsoft-Windows-LiveId", "Computer": "DESKTOP-OFJ6N53", "TimeCreated": "2025-08-18 10:08:37.425053+00:00", "RecordID": "87782", "Level": "4", "UserID": "S-1-5-21-963789628-1060504924-4285088085-1001", "EventData.ResourceURI": "ads.arcct.msn.com", "EventData.Created": "2025-08-18 13:08:37", "EventData.Expires": "2025-08-19 13:08:37", "EventData.TokenType": "urn:passport:compact", "EventData.AuthRequired": "0", "EventData.RequestStatus": "0", "EventData.HasFlowUrl": "False", "EventData.HasAuthUrl": "False", "EventData.HasEndAuthUrl": "False"}
{"EventID": "2024", "Channel": "Microsoft-Windows-LiveId/Operational", "Provider_Name": "Microsoft-Windows-LiveId", "Computer": "DESKTOP-OFJ6N53", "TimeCreated": "2025-08-18 10:12:16.017979+00:00", "RecordID": "87783", "Level": "4", "UserID": "S-1-5-18", "EventData.Operation": "Service stopped", "EventData.Details": "The service has stopped.", "EventData.Status": "0x00000000"}
{"EventID": "2024", "Channel": "Microsoft-Windows-LiveId/Operational", "Provider_Name": "Microsoft-Windows-LiveId", "Computer": "DESKTOP-OFJ6N53", "TimeCreated": "2025-08-18 14:26:28.267506+00:00", "RecordID": "87784", "Level": "4", "UserID": "S-1-5-18", "EventData.Operation": "Service started", "EventData.Details": "The service will auto stop if no requests received for some period of time.", "EventData.Status": "0x00000000"}
{"EventID": "6115", "Channel": "Microsoft-Windows-LiveId/Operational", "Provider_Name": "Microsoft-Windows-LiveId", "Computer": "DESKTOP-OFJ6N53", "TimeCreated": "2025-08-18 14:26:28.363470+00:00", "RecordID": "87785", "Level": "4", "UserID": "S-1-5-21-963789628-1060504924-4285088085-1001", "EventData.Value": "<s:Envelope><s:Header><wsa:Action s:mustUnderstand=\"1\">*</wsa:Action><wsa:To s:mustUnderstand=\"1\">*</wsa:To><wsa:MessageID>*</wsa:MessageID><ps:AuthInfo Id=\"PPAuthInfo\"><ps:HostingApp>{4B0964E4-58F1-47F4-A552-E2E1FC56DCD7}</ps:HostingApp><ps:BinaryVersion>24</ps:BinaryVersion><ps:UIVersion>1</ps:UIVersion><ps:InlineUX>TokenBroker</ps:InlineUX><ps:IsAdmin>1</ps:IsAdmin><ps:Cookies></ps:Cookies><ps:RequestParams>AQAAAAIAAABsYwQAAAAxMDQ5</ps:RequestParams><ps:WindowsClientString>gkfodOJuvaWN7Khxeg1vNcHQNQrBSfkjx+90ZU2g55E=</ps:WindowsClientString><ps:LicenseSignatureKeyVersion>*</ps:LicenseSignatureKeyVersion><ps:ClientCapabilities>1</ps:ClientCapabilities></ps:AuthInfo><wsse:Security><EncryptedData xmlns=\"http://www.w3.org/2001/04/xmlenc#\" Id=\"devicesoftware\" Type=\"http://www.w3.org/2001/04/xmlenc#Element\"><EncryptionMethod Algorithm=\"http://www.w3.org/2001/04/xmlenc#tripledes-cbc\"></EncryptionMethod><ds:KeyInfo><ds:KeyName>http://Passport.NET/STS</ds:KeyName></ds:KeyInfo><CipherData><CipherValue>*</CipherValue></CipherData></EncryptedData><wssc:DerivedKeyToken wsu:Id=\"SignKey\" Algorithm=\"urn:liveid:SP800108_CTR_HMAC_SHA256_DOUBLEDERIVED\"><wsse:RequestedTokenReference><wsse:KeyIdentifier ValueType=\"http://docs.oasis-open.org/wss/2004/XX/oasis-2004XX-wss-saml-token-profile-1.0#SAMLAssertionID\"/><wsse:Reference URI=\"\"/></wsse:RequestedTokenReference><wssc:Nonce>*</wssc:Nonce></wssc:DerivedKeyToken><wsu:Timestamp wsu:Id=\"Timestamp\"><wsu:Created>2025-08-18T14:26:27Z</wsu:Created><wsu:Expires>2025-08-18T14:31:27Z</wsu:Expires></wsu:Timestamp><Signature xmlns=\"http://www.w3.org/2000/09/xmldsig#\"><SignedInfo><CanonicalizationMethod Algorithm=\"http://www.w3.org/2001/10/xml-exc-c14n#\"></CanonicalizationMethod><SignatureMethod Algorithm=\"http://www.w3.org/2001/04/xmldsig-more#hmac-sha256\"></SignatureMethod><Reference URI=\"#RST0\"><Transforms><Transform Algorithm=\"http://www.w3.org/2001/10/xml-exc-c14n#\"></Transform></Transforms><DigestMethod Algorithm=\"http://www.w3.org/2001/04/xmlenc#sha256\"></DigestMethod><DigestValue>*</DigestValue></Reference><Reference URI=\"#Timestamp\"><Transforms><Transform Algorithm=\"http://www.w3.org/2001/10/xml-exc-c14n#\"></Transform></Transforms><DigestMethod Algorithm=\"http://www.w3.org/2001/04/xmlenc#sha256\"></DigestMethod><DigestValue>*</DigestValue></Reference><Reference URI=\"#PPAuthInfo\"><Transforms><Transform Algorithm=\"http://www.w3.org/2001/10/xml-exc-c14n#\"></Transform></Transforms><DigestMethod Algorithm=\"http://www.w3.org/2001/04/xmlenc#sha256\"></DigestMethod><DigestValue>*</DigestValue></Reference></SignedInfo><SignatureValue>*</SignatureValue><KeyInfo><wsse:SecurityTokenReference><wsse:Reference URI=\"#SignKey\"/></wsse:SecurityTokenReference></KeyInfo></Signature></wsse:Security></s:Header><s:Body><wst:RequestSecurityToken Id=\"RST0\"><wst:RequestType>http://schemas.xmlsoap.org/ws/2005/02/trust/Issue</wst:RequestType><wsp:AppliesTo><wsa:EndpointReference><wsa:Address>https://ads.arcct.msn.com</wsa:Address></wsa:EndpointReference></wsp:AppliesTo><wsp:PolicyReference URI=\"MBI_SSL\"></wsp:PolicyReference></wst:RequestSecurityToken></s:Body></s:Envelope>"}
{"EventID": "6116", "Channel": "Microsoft-Windows-LiveId/Operational", "Provider_Name": "Microsoft-Windows-LiveId", "Computer": "DESKTOP-OFJ6N53", "TimeCreated": "2025-08-18 14:26:32.251543+00:00", "RecordID": "87786", "Level": "4", "UserID": "S-1-5-21-963789628-1060504924-4285088085-1001", "EventData.Value": "<S:Envelope><S:Header><wsa:Action wsu:Id=\"Action\" S:mustUnderstand=\"1\">*</wsa:Action><wsa:To wsu:Id=\"To\" S:mustUnderstand=\"1\">*</wsa:To><wsse:Security><wsu:Timestamp wsu:Id=\"TS\"><wsu:Created>2025-08-18T14:26:32Z</wsu:Created><wsu:Expires>2025-08-18T14:31:32Z</wsu:Expires></wsu:Timestamp><wssc:DerivedKeyToken wsu:Id=\"SignKey\" Algorithm=\"urn:liveid:SP800108_CTR_HMAC_SHA256_DOUBLEDERIVED\"><wsse:SecurityTokenReference><wsse:Reference URI=\"xRAq7C5pkGfoT2sFTVoUN5em8CE=\"></wsse:Reference></wsse:SecurityTokenReference><wssc:Nonce>*</wssc:Nonce></wssc:DerivedKeyToken><wssc:DerivedKeyToken wsu:Id=\"EncKey\" Algorithm=\"urn:liveid:SP800108_CTR_HMAC_SHA256_DOUBLEDERIVED\"><wsse:SecurityTokenReference><wsse:Reference URI=\"xRAq7C5pkGfoT2sFTVoUN5em8CE=\"></wsse:Reference></wsse:SecurityTokenReference><wssc:Nonce>*</wssc:Nonce></wssc:DerivedKeyToken><Signature xmlns=\"http://www.w3.org/2000/09/xmldsig#\"><SignedInfo><CanonicalizationMethod Algorithm=\"http://www.w3.org/2001/10/xml-exc-c14n#\"></CanonicalizationMethod><SignatureMethod Algorithm=\"http://www.w3.org/2001/04/xmldsig-more#hmac-sha256\"></SignatureMethod><Reference URI=\"#EncPsf\"><Transforms><Transform Algorithm=\"http://www.w3.org/2001/10/xml-exc-c14n#\"></Transform></Transforms><DigestMethod Algorithm=\"http://www.w3.org/2001/04/xmlenc#sha256\"></DigestMethod><DigestValue>*</DigestValue></Reference><Reference URI=\"#Body\"><Transforms><Transform Algorithm=\"http://www.w3.org/2001/10/xml-exc-c14n#\"></Transform></Transforms><DigestMethod Algorithm=\"http://www.w3.org/2001/04/xmlenc#sha256\"></DigestMethod><DigestValue>*</DigestValue></Reference><Reference URI=\"#To\"><Transforms><Transform Algorithm=\"http://www.w3.org/2001/10/xml-exc-c14n#\"></Transform></Transforms><DigestMethod Algorithm=\"http://www.w3.org/2001/04/xmlenc#sha256\"></DigestMethod><DigestValue>*</DigestValue></Reference><Reference URI=\"#Action\"><Transforms><Transform Algorithm=\"http://www.w3.org/2001/10/xml-exc-c14n#\"></Transform></Transforms><DigestMethod Algorithm=\"http://www.w3.org/2001/04/xmlenc#sha256\"></DigestMethod><DigestValue>*</DigestValue></Reference><Reference URI=\"#TS\"><Transforms><Transform Algorithm=\"http://www.w3.org/2001/10/xml-exc-c14n#\"></Transform></Transforms><DigestMethod Algorithm=\"http://www.w3.org/2001/04/xmlenc#sha256\"></DigestMethod><DigestValue>*</DigestValue></Reference></SignedInfo><SignatureValue>*</SignatureValue><KeyInfo><wsse:SecurityTokenReference><wsse:Reference URI=\"#SignKey\"></wsse:Reference></wsse:SecurityTokenReference></KeyInfo></Signature><e:ReferenceList xmlns:e=\"http://www.w3.org/2001/04/xmlenc#\"><e:DataReference URI=\"#RSTR\"/><e:DataReference URI=\"#EncPsf\"/></e:ReferenceList></wsse:Security><psf:EncryptedPP><EncryptedData xmlns=\"http://www.w3.org/2001/04/xmlenc#\" Id=\"EncPsf\" Type=\"http://www.w3.org/2001/04/xmlenc#Element\"><EncryptionMethod Algorithm=\"http://www.w3.org/2001/04/xmlenc#aes256-cbc\"></EncryptionMethod><KeyInfo xmlns=\"http://www.w3.org/2000/09/xmldsig#\"><wsse:SecurityTokenReference><wsse:Reference URI=\"#EncKey\"></wsse:Reference></wsse:SecurityTokenReference></KeyInfo><CipherData><CipherValue>*</CipherValue></CipherData></EncryptedData></psf:EncryptedPP></S:Header><S:Body wsu:Id=\"Body\"><EncryptedData xmlns=\"http://www.w3.org/2001/04/xmlenc#\" Id=\"RSTR\" Type=\"http://www.w3.org/2001/04/xmlenc#Element\"><EncryptionMethod Algorithm=\"http://www.w3.org/2001/04/xmlenc#aes256-cbc\"></EncryptionMethod><KeyInfo xmlns=\"http://www.w3.org/2000/09/xmldsig#\"><wsse:SecurityTokenReference><wsse:Reference URI=\"#EncKey\"></wsse:Reference></wsse:SecurityTokenReference></KeyInfo><CipherData><CipherValue>*</CipherValue></CipherData></EncryptedData></S:Body></S:Envelope>"}
{"EventID": "6117", "Channel": "Microsoft-Windows-LiveId/Operational", "Provider_Name": "Microsoft-Windows-LiveId", "Computer": "DESKTOP-OFJ6N53", "TimeCreated": "2025-08-18 14:26:32.265337+00:00", "RecordID": "87787", "Level": "4", "UserID": "S-1-5-21-963789628-1060504924-4285088085-1001", "EventData.ResourceURI": "https://ads.arcct.msn.com", "EventData.Created": "2025-08-18 17:26:32", "EventData.Expires": "2025-08-19 17:26:32", "EventData.TokenType": "urn:passport:compact", "EventData.AuthRequired": "0", "EventData.RequestStatus": "0", "EventData.HasFlowUrl": "False", "EventData.HasAuthUrl": "False", "EventData.HasEndAuthUrl": "False"}
{"EventID": "2024", "Channel": "Microsoft-Windows-LiveId/Operational", "Provider_Name": "Microsoft-Windows-LiveId", "Computer": "DESKTOP-OFJ6N53", "TimeCreated": "2025-08-18 14:30:27.371567+00:00", "RecordID": "87788", "Level": "4", "UserID": "S-1-5-18", "EventData.Operation": "Service stopped", "EventData.Details": "The service has stopped.", "EventData.Status": "0x00000000"}
{"EventID": "2024", "Channel": "Microsoft-Windows-LiveId/Operational", "Provider_Name": "Microsoft-Windows-LiveId", "Computer": "DESKTOP-OFJ6N53", "TimeCreated": "2025-08-18 14:43:19.692930+00:00", "RecordID": "87789", "Level": "4", "UserID": "S-1-5-18", "EventData.Operation": "Service started", "EventData.Details": "The service will auto stop if no requests received for some period of time.", "EventData.Status": "0x00000000"}
{"EventID": "6115", "Channel": "Microsoft-Windows-LiveId/Operational", "Provider_Name": "Microsoft-Windows-LiveId", "Computer": "DESKTOP-OFJ6N53", "TimeCreated": "2025-08-18 14:43:19.783138+00:00", "RecordID": "87790", "Level": "4", "UserID": "S-1-5-19", "EventData.Value": "<s:Envelope><s:Header><wsa:Action s:mustUnderstand=\"1\">*</wsa:Action><wsa:To s:mustUnderstand=\"1\">*</wsa:To><wsa:MessageID>*</wsa:MessageID><ps:AuthInfo Id=\"PPAuthInfo\"><ps:HostingApp>{F0C62012-2CEF-4831-B1F7-930682874C86}</ps:HostingApp><ps:BinaryVersion>24</ps:BinaryVersion><ps:UIVersion>1</ps:UIVersion><ps:InlineUX>TokenBroker</ps:InlineUX><ps:Cookies></ps:Cookies><ps:RequestParams>AQAAAAIAAABsYwQAAAAxMDQ5</ps:RequestParams><ps:WindowsClientString>gkfodOJuvaWN7Khxeg1vNcHQNQrBSfkjx+90ZU2g55E=</ps:WindowsClientString><ps:LicenseSignatureKeyVersion>*</ps:LicenseSignatureKeyVersion><ps:ClientCapabilities>1</ps:ClientCapabilities></ps:AuthInfo><wsse:Security><EncryptedData xmlns=\"http://www.w3.org/2001/04/xmlenc#\" Id=\"devicesoftware\" Type=\"http://www.w3.org/2001/04/xmlenc#Element\"><EncryptionMethod Algorithm=\"http://www.w3.org/2001/04/xmlenc#tripledes-cbc\"></EncryptionMethod><ds:KeyInfo><ds:KeyName>http://Passport.NET/STS</ds:KeyName></ds:KeyInfo><CipherData><CipherValue>*</CipherValue></CipherData></EncryptedData><wssc:DerivedKeyToken wsu:Id=\"SignKey\" Algorithm=\"urn:liveid:SP800108_CTR_HMAC_SHA256_DOUBLEDERIVED\"><wsse:RequestedTokenReference><wsse:KeyIdentifier ValueType=\"http://docs.oasis-open.org/wss/2004/XX/oasis-2004XX-wss-saml-token-profile-1.0#SAMLAssertionID\"/><wsse:Reference URI=\"\"/></wsse:RequestedTokenReference><wssc:Nonce>*</wssc:Nonce></wssc:DerivedKeyToken><wsu:Timestamp wsu:Id=\"Timestamp\"><wsu:Created>2025-08-18T14:43:18Z</wsu:Created><wsu:Expires>2025-08-18T14:48:18Z</wsu:Expires></wsu:Timestamp><Signature xmlns=\"http://www.w3.org/2000/09/xmldsig#\"><SignedInfo><CanonicalizationMethod Algorithm=\"http://www.w3.org/2001/10/xml-exc-c14n#\"></CanonicalizationMethod><SignatureMethod Algorithm=\"http://www.w3.org/2001/04/xmldsig-more#hmac-sha256\"></SignatureMethod><Reference URI=\"#RST0\"><Transforms><Transform Algorithm=\"http://www.w3.org/2001/10/xml-exc-c14n#\"></Transform></Transforms><DigestMethod Algorithm=\"http://www.w3.org/2001/04/xmlenc#sha256\"></DigestMethod><DigestValue>*</DigestValue></Reference><Reference URI=\"#Timestamp\"><Transforms><Transform Algorithm=\"http://www.w3.org/2001/10/xml-exc-c14n#\"></Transform></Transforms><DigestMethod Algorithm=\"http://www.w3.org/2001/04/xmlenc#sha256\"></DigestMethod><DigestValue>*</DigestValue></Reference><Reference URI=\"#PPAuthInfo\"><Transforms><Transform Algorithm=\"http://www.w3.org/2001/10/xml-exc-c14n#\"></Transform></Transforms><DigestMethod Algorithm=\"http://www.w3.org/2001/04/xmlenc#sha256\"></DigestMethod><DigestValue>*</DigestValue></Reference></SignedInfo><SignatureValue>*</SignatureValue><KeyInfo><wsse:SecurityTokenReference><wsse:Reference URI=\"#SignKey\"/></wsse:SecurityTokenReference></KeyInfo></Signature></wsse:Security></s:Header><s:Body><wst:RequestSecurityToken Id=\"RST0\"><wst:RequestType>http://schemas.xmlsoap.org/ws/2005/02/trust/Issue</wst:RequestType><wsp:AppliesTo><wsa:EndpointReference><wsa:Address>www.microsoft.com</wsa:Address></wsa:EndpointReference></wsp:AppliesTo><wsp:PolicyReference URI=\"mbi_ssl\"></wsp:PolicyReference></wst:RequestSecurityToken></s:Body></s:Envelope>"}
{"EventID": "6116", "Channel": "Microsoft-Windows-LiveId/Operational", "Provider_Name": "Microsoft-Windows-LiveId", "Computer": "DESKTOP-OFJ6N53", "TimeCreated": "2025-08-18 14:43:23.459492+00:00", "RecordID": "87791", "Level": "4", "UserID": "S-1-5-19", "EventData.Value": "<S:Envelope><S:Header><wsa:Action wsu:Id=\"Action\" S:mustUnderstand=\"1\">*</wsa:Action><wsa:To wsu:Id=\"To\" S:mustUnderstand=\"1\">*</wsa:To><wsse:Security><wsu:Timestamp wsu:Id=\"TS\"><wsu:Created>2025-08-18T14:43:23Z</wsu:Created><wsu:Expires>2025-08-18T14:48:23Z</wsu:Expires></wsu:Timestamp><wssc:DerivedKeyToken wsu:Id=\"SignKey\" Algorithm=\"urn:liveid:SP800108_CTR_HMAC_SHA256_DOUBLEDERIVED\"><wsse:SecurityTokenReference><wsse:Reference URI=\"6RyowASE6PPodIBGVvoNRLqKOoU=\"></wsse:Reference></wsse:SecurityTokenReference><wssc:Nonce>*</wssc:Nonce></wssc:DerivedKeyToken><wssc:DerivedKeyToken wsu:Id=\"EncKey\" Algorithm=\"urn:liveid:SP800108_CTR_HMAC_SHA256_DOUBLEDERIVED\"><wsse:SecurityTokenReference><wsse:Reference URI=\"6RyowASE6PPodIBGVvoNRLqKOoU=\"></wsse:Reference></wsse:SecurityTokenReference><wssc:Nonce>*</wssc:Nonce></wssc:DerivedKeyToken><Signature xmlns=\"http://www.w3.org/2000/09/xmldsig#\"><SignedInfo><CanonicalizationMethod Algorithm=\"http://www.w3.org/2001/10/xml-exc-c14n#\"></CanonicalizationMethod><SignatureMethod Algorithm=\"http://www.w3.org/2001/04/xmldsig-more#hmac-sha256\"></SignatureMethod><Reference URI=\"#EncPsf\"><Transforms><Transform Algorithm=\"http://www.w3.org/2001/10/xml-exc-c14n#\"></Transform></Transforms><DigestMethod Algorithm=\"http://www.w3.org/2001/04/xmlenc#sha256\"></DigestMethod><DigestValue>*</DigestValue></Reference><Reference URI=\"#Body\"><Transforms><Transform Algorithm=\"http://www.w3.org/2001/10/xml-exc-c14n#\"></Transform></Transforms><DigestMethod Algorithm=\"http://www.w3.org/2001/04/xmlenc#sha256\"></DigestMethod><DigestValue>*</DigestValue></Reference><Reference URI=\"#To\"><Transforms><Transform Algorithm=\"http://www.w3.org/2001/10/xml-exc-c14n#\"></Transform></Transforms><DigestMethod Algorithm=\"http://www.w3.org/2001/04/xmlenc#sha256\"></DigestMethod><DigestValue>*</DigestValue></Reference><Reference URI=\"#Action\"><Transforms><Transform Algorithm=\"http://www.w3.org/2001/10/xml-exc-c14n#\"></Transform></Transforms><DigestMethod Algorithm=\"http://www.w3.org/2001/04/xmlenc#sha256\"></DigestMethod><DigestValue>*</DigestValue></Reference><Reference URI=\"#TS\"><Transforms><Transform Algorithm=\"http://www.w3.org/2001/10/xml-exc-c14n#\"></Transform></Transforms><DigestMethod Algorithm=\"http://www.w3.org/2001/04/xmlenc#sha256\"></DigestMethod><DigestValue>*</DigestValue></Reference></SignedInfo><SignatureValue>*</SignatureValue><KeyInfo><wsse:SecurityTokenReference><wsse:Reference URI=\"#SignKey\"></wsse:Reference></wsse:SecurityTokenReference></KeyInfo></Signature><e:ReferenceList xmlns:e=\"http://www.w3.org/2001/04/xmlenc#\"><e:DataReference URI=\"#RSTR\"/><e:DataReference URI=\"#EncPsf\"/></e:ReferenceList></wsse:Security><psf:EncryptedPP><EncryptedData xmlns=\"http://www.w3.org/2001/04/xmlenc#\" Id=\"EncPsf\" Type=\"http://www.w3.org/2001/04/xmlenc#Element\"><EncryptionMethod Algorithm=\"http://www.w3.org/2001/04/xmlenc#aes256-cbc\"></EncryptionMethod><KeyInfo xmlns=\"http://www.w3.org/2000/09/xmldsig#\"><wsse:SecurityTokenReference><wsse:Reference URI=\"#EncKey\"></wsse:Reference></wsse:SecurityTokenReference></KeyInfo><CipherData><CipherValue>*</CipherValue></CipherData></EncryptedData></psf:EncryptedPP></S:Header><S:Body wsu:Id=\"Body\"><EncryptedData xmlns=\"http://www.w3.org/2001/04/xmlenc#\" Id=\"RSTR\" Type=\"http://www.w3.org/2001/04/xmlenc#Element\"><EncryptionMethod Algorithm=\"http://www.w3.org/2001/04/xmlenc#aes256-cbc\"></EncryptionMethod><KeyInfo xmlns=\"http://www.w3.org/2000/09/xmldsig#\"><wsse:SecurityTokenReference><wsse:Reference URI=\"#EncKey\"></wsse:Reference></wsse:SecurityTokenReference></KeyInfo><CipherData><CipherValue>*</CipherValue></CipherData></EncryptedData></S:Body></S:Envelope>"}
{"EventID": "6117", "Channel": "Microsoft-Windows-LiveId/Operational", "Provider_Name": "Microsoft-Windows-LiveId", "Computer": "DESKTOP-OFJ6N53", "TimeCreated": "2025-08-18 14:43:23.472153+00:00", "RecordID": "87792", "Level": "4", "UserID": "S-1-5-19", "EventData.ResourceURI": "www.microsoft.com", "EventData.Created": "2025-08-18 17:43:23", "EventData.Expires": "2025-08-19 17:43:23", "EventData.TokenType": "urn:passport:compact", "EventData.AuthRequired": "0", "EventData.RequestStatus": "0", "EventData.HasFlowUrl": "False", "EventData.HasAuthUrl": "False", "EventData.HasEndAuthUrl": "False"}
{"EventID": "6115", "Channel": "Microsoft-Windows-LiveId/Operational", "Provider_Name": "Microsoft-Windows-LiveId", "Computer": "DESKTOP-OFJ6N53", "TimeCreated": "2025-08-18 14:43:25.931757+00:00", "RecordID": "87793", "Level": "4", "UserID": "S-1-5-18", "EventData.Value": "<s:Envelope><s:Header><wsa:Action s:mustUnderstand=\"1\">*</wsa:Action><wsa:To s:mustUnderstand=\"1\">*</wsa:To><wsa:MessageID>*</wsa:MessageID><ps:AuthInfo Id=\"PPAuthInfo\"><ps:HostingApp>{CA4948B9-35E5-4977-A64A-5C71AA2A26CB}</ps:HostingApp><ps:BinaryVersion>24</ps:BinaryVersion><ps:UIVersion>1</ps:UIVersion><ps:InlineUX>TokenBroker</ps:InlineUX><ps:IsAdmin>1</ps:IsAdmin><ps:Cookies></ps:Cookies><ps:RequestParams>AQAAAAIAAABsYwQAAAAxMDQ5</ps:RequestParams><ps:WindowsClientString>gkfodOJuvaWN7Khxeg1vNcHQNQrBSfkjx+90ZU2g55E=</ps:WindowsClientString><ps:LicenseSignatureKeyVersion>*</ps:LicenseSignatureKeyVersion><ps:ClientCapabilities>1</ps:ClientCapabilities></ps:AuthInfo><wsse:Security><EncryptedData xmlns=\"http://www.w3.org/2001/04/xmlenc#\" Id=\"devicesoftware\" Type=\"http://www.w3.org/2001/04/xmlenc#Element\"><EncryptionMethod Algorithm=\"http://www.w3.org/2001/04/xmlenc#tripledes-cbc\"></EncryptionMethod><ds:KeyInfo><ds:KeyName>http://Passport.NET/STS</ds:KeyName></ds:KeyInfo><CipherData><CipherValue>*</CipherValue></CipherData></EncryptedData><wssc:DerivedKeyToken wsu:Id=\"SignKey\" Algorithm=\"urn:liveid:SP800108_CTR_HMAC_SHA256_DOUBLEDERIVED\"><wsse:RequestedTokenReference><wsse:KeyIdentifier ValueType=\"http://docs.oasis-open.org/wss/2004/XX/oasis-2004XX-wss-saml-token-profile-1.0#SAMLAssertionID\"/><wsse:Reference URI=\"\"/></wsse:RequestedTokenReference><wssc:Nonce>*</wssc:Nonce></wssc:DerivedKeyToken><wsu:Timestamp wsu:Id=\"Timestamp\"><wsu:Created>2025-08-18T14:43:24Z</wsu:Created><wsu:Expires>2025-08-18T14:48:24Z</wsu:Expires></wsu:Timestamp><Signature xmlns=\"http://www.w3.org/2000/09/xmldsig#\"><SignedInfo><CanonicalizationMethod Algorithm=\"http://www.w3.org/2001/10/xml-exc-c14n#\"></CanonicalizationMethod><SignatureMethod Algorithm=\"http://www.w3.org/2001/04/xmldsig-more#hmac-sha256\"></SignatureMethod><Reference URI=\"#RST0\"><Transforms><Transform Algorithm=\"http://www.w3.org/2001/10/xml-exc-c14n#\"></Transform></Transforms><DigestMethod Algorithm=\"http://www.w3.org/2001/04/xmlenc#sha256\"></DigestMethod><DigestValue>*</DigestValue></Reference><Reference URI=\"#Timestamp\"><Transforms><Transform Algorithm=\"http://www.w3.org/2001/10/xml-exc-c14n#\"></Transform></Transforms><DigestMethod Algorithm=\"http://www.w3.org/2001/04/xmlenc#sha256\"></DigestMethod><DigestValue>*</DigestValue></Reference><Reference URI=\"#PPAuthInfo\"><Transforms><Transform Algorithm=\"http://www.w3.org/2001/10/xml-exc-c14n#\"></Transform></Transforms><DigestMethod Algorithm=\"http://www.w3.org/2001/04/xmlenc#sha256\"></DigestMethod><DigestValue>*</DigestValue></Reference></SignedInfo><SignatureValue>*</SignatureValue><KeyInfo><wsse:SecurityTokenReference><wsse:Reference URI=\"#SignKey\"/></wsse:SecurityTokenReference></KeyInfo></Signature></wsse:Security></s:Header><s:Body><wst:RequestSecurityToken Id=\"RST0\"><wst:RequestType>http://schemas.xmlsoap.org/ws/2005/02/trust/Issue</wst:RequestType><wsp:AppliesTo><wsa:EndpointReference><wsa:Address>www.microsoft.com</wsa:Address></wsa:EndpointReference></wsp:AppliesTo><wsp:PolicyReference URI=\"mbi_ssl\"></wsp:PolicyReference></wst:RequestSecurityToken></s:Body></s:Envelope>"}
{"EventID": "6116", "Channel": "Microsoft-Windows-LiveId/Operational", "Provider_Name": "Microsoft-Windows-LiveId", "Computer": "DESKTOP-OFJ6N53", "TimeCreated": "2025-08-18 14:43:29.598412+00:00", "RecordID": "87794", "Level": "4", "UserID": "S-1-5-18", "EventData.Value": "<S:Envelope><S:Header><wsa:Action wsu:Id=\"Action\" S:mustUnderstand=\"1\">*</wsa:Action><wsa:To wsu:Id=\"To\" S:mustUnderstand=\"1\">*</wsa:To><wsse:Security><wsu:Timestamp wsu:Id=\"TS\"><wsu:Created>2025-08-18T14:43:29Z</wsu:Created><wsu:Expires>2025-08-18T14:48:29Z</wsu:Expires></wsu:Timestamp><wssc:DerivedKeyToken wsu:Id=\"SignKey\" Algorithm=\"urn:liveid:SP800108_CTR_HMAC_SHA256_DOUBLEDERIVED\"><wsse:SecurityTokenReference><wsse:Reference URI=\"BjqSnjIiAfqUtYMNT4mVXNvnf+Y=\"></wsse:Reference></wsse:SecurityTokenReference><wssc:Nonce>*</wssc:Nonce></wssc:DerivedKeyToken><wssc:DerivedKeyToken wsu:Id=\"EncKey\" Algorithm=\"urn:liveid:SP800108_CTR_HMAC_SHA256_DOUBLEDERIVED\"><wsse:SecurityTokenReference><wsse:Reference URI=\"BjqSnjIiAfqUtYMNT4mVXNvnf+Y=\"></wsse:Reference></wsse:SecurityTokenReference><wssc:Nonce>*</wssc:Nonce></wssc:DerivedKeyToken><Signature xmlns=\"http://www.w3.org/2000/09/xmldsig#\"><SignedInfo><CanonicalizationMethod Algorithm=\"http://www.w3.org/2001/10/xml-exc-c14n#\"></CanonicalizationMethod><SignatureMethod Algorithm=\"http://www.w3.org/2001/04/xmldsig-more#hmac-sha256\"></SignatureMethod><Reference URI=\"#EncPsf\"><Transforms><Transform Algorithm=\"http://www.w3.org/2001/10/xml-exc-c14n#\"></Transform></Transforms><DigestMethod Algorithm=\"http://www.w3.org/2001/04/xmlenc#sha256\"></DigestMethod><DigestValue>*</DigestValue></Reference><Reference URI=\"#Body\"><Transforms><Transform Algorithm=\"http://www.w3.org/2001/10/xml-exc-c14n#\"></Transform></Transforms><DigestMethod Algorithm=\"http://www.w3.org/2001/04/xmlenc#sha256\"></DigestMethod><DigestValue>*</DigestValue></Reference><Reference URI=\"#To\"><Transforms><Transform Algorithm=\"http://www.w3.org/2001/10/xml-exc-c14n#\"></Transform></Transforms><DigestMethod Algorithm=\"http://www.w3.org/2001/04/xmlenc#sha256\"></DigestMethod><DigestValue>*</DigestValue></Reference><Reference URI=\"#Action\"><Transforms><Transform Algorithm=\"http://www.w3.org/2001/10/xml-exc-c14n#\"></Transform></Transforms><DigestMethod Algorithm=\"http://www.w3.org/2001/04/xmlenc#sha256\"></DigestMethod><DigestValue>*</DigestValue></Reference><Reference URI=\"#TS\"><Transforms><Transform Algorithm=\"http://www.w3.org/2001/10/xml-exc-c14n#\"></Transform></Transforms><DigestMethod Algorithm=\"http://www.w3.org/2001/04/xmlenc#sha256\"></DigestMethod><DigestValue>*</DigestValue></Reference></SignedInfo><SignatureValue>*</SignatureValue><KeyInfo><wsse:SecurityTokenReference><wsse:Reference URI=\"#SignKey\"></wsse:Reference></wsse:SecurityTokenReference></KeyInfo></Signature><e:ReferenceList xmlns:e=\"http://www.w3.org/2001/04/xmlenc#\"><e:DataReference URI=\"#RSTR\"/><e:DataReference URI=\"#EncPsf\"/></e:ReferenceList></wsse:Security><psf:EncryptedPP><EncryptedData xmlns=\"http://www.w3.org/2001/04/xmlenc#\" Id=\"EncPsf\" Type=\"http://www.w3.org/2001/04/xmlenc#Element\"><EncryptionMethod Algorithm=\"http://www.w3.org/2001/04/xmlenc#aes256-cbc\"></EncryptionMethod><KeyInfo xmlns=\"http://www.w3.org/2000/09/xmldsig#\"><wsse:SecurityTokenReference><wsse:Reference URI=\"#EncKey\"></wsse:Reference></wsse:SecurityTokenReference></KeyInfo><CipherData><CipherValue>*</CipherValue></CipherData></EncryptedData></psf:EncryptedPP></S:Header><S:Body wsu:Id=\"Body\"><EncryptedData xmlns=\"http://www.w3.org/2001/04/xmlenc#\" Id=\"RSTR\" Type=\"http://www.w3.org/2001/04/xmlenc#Element\"><EncryptionMethod Algorithm=\"http://www.w3.org/2001/04/xmlenc#aes256-cbc\"></EncryptionMethod><KeyInfo xmlns=\"http://www.w3.org/2000/09/xmldsig#\"><wsse:SecurityTokenReference><wsse:Reference URI=\"#EncKey\"></wsse:Reference></wsse:SecurityTokenReference></KeyInfo><CipherData><CipherValue>*</CipherValue></CipherData></EncryptedData></S:Body></S:Envelope>"}
{"EventID": "6117", "Channel": "Microsoft-Windows-LiveId/Operational", "Provider_Name": "Microsoft-Windows-LiveId", "Computer": "DESKTOP-OFJ6N53", "TimeCreated": "2025-08-18 14:43:29.599497+00:00", "RecordID": "87795", "Level": "4", "UserID": "S-1-5-18", "EventData.ResourceURI": "www.microsoft.com", "EventData.Created": "2025-08-18 17:43:29", "EventData.Expires": "2025-08-19 17:43:29", "EventData.TokenType": "urn:passport:compact", "EventData.AuthRequired": "0", "EventData.RequestStatus": "0", "EventData.HasFlowUrl": "False", "EventData.HasAuthUrl": "False", "EventData.HasEndAuthUrl": "False"}
{"EventID": "2024", "Channel": "Microsoft-Windows-LiveId/Operational", "Provider_Name": "Microsoft-Windows-LiveId", "Computer": "DESKTOP-OFJ6N53", "TimeCreated": "2025-08-18 14:46:34.710136+00:00", "RecordID": "87796", "Level": "4", "UserID": "S-1-5-18", "EventData.Operation": "Service stopped", "EventData.Details": "The service has stopped.", "EventData.Status": "0x00000000"}
{"EventID": "2024", "Channel": "Microsoft-Windows-LiveId/Operational", "Provider_Name": "Microsoft-Windows-LiveId", "Computer": "DESKTOP-OFJ6N53", "TimeCreated": "2025-08-18 14:51:36.763887+00:00", "RecordID": "87797", "Level": "4", "UserID": "S-1-5-18", "EventData.Operation": "Service started", "EventData.Details": "The service will auto stop if no requests received for some period of time.", "EventData.Status": "0x00000000"}
{"EventID": "6115", "Channel": "Microsoft-Windows-LiveId/Operational", "Provider_Name": "Microsoft-Windows-LiveId", "Computer": "DESKTOP-OFJ6N53", "TimeCreated": "2025-08-18 14:51:36.845671+00:00", "RecordID": "87798", "Level": "4", "UserID": "S-1-5-20", "EventData.Value": "<s:Envelope><s:Header><wsa:Action s:mustUnderstand=\"1\">*</wsa:Action><wsa:To s:mustUnderstand=\"1\">*</wsa:To><wsa:MessageID>*</wsa:MessageID><ps:AuthInfo Id=\"PPAuthInfo\"><ps:HostingApp>{922DF99B-F4C3-4B57-B70A-AA696443101A}</ps:HostingApp><ps:BinaryVersion>24</ps:BinaryVersion><ps:UIVersion>1</ps:UIVersion><ps:InlineUX>TokenBroker</ps:InlineUX><ps:Cookies></ps:Cookies><ps:RequestParams>AQAAAAIAAABsYwQAAAAxMDQ5</ps:RequestParams><ps:WindowsClientString>gkfodOJuvaWN7Khxeg1vNcHQNQrBSfkjx+90ZU2g55E=</ps:WindowsClientString><ps:LicenseSignatureKeyVersion>*</ps:LicenseSignatureKeyVersion><ps:ClientCapabilities>1</ps:ClientCapabilities></ps:AuthInfo><wsse:Security><EncryptedData xmlns=\"http://www.w3.org/2001/04/xmlenc#\" Id=\"devicesoftware\" Type=\"http://www.w3.org/2001/04/xmlenc#Element\"><EncryptionMethod Algorithm=\"http://www.w3.org/2001/04/xmlenc#tripledes-cbc\"></EncryptionMethod><ds:KeyInfo><ds:KeyName>http://Passport.NET/STS</ds:KeyName></ds:KeyInfo><CipherData><CipherValue>*</CipherValue></CipherData></EncryptedData><wssc:DerivedKeyToken wsu:Id=\"SignKey\" Algorithm=\"urn:liveid:SP800108_CTR_HMAC_SHA256_DOUBLEDERIVED\"><wsse:RequestedTokenReference><wsse:KeyIdentifier ValueType=\"http://docs.oasis-open.org/wss/2004/XX/oasis-2004XX-wss-saml-token-profile-1.0#SAMLAssertionID\"/><wsse:Reference URI=\"\"/></wsse:RequestedTokenReference><wssc:Nonce>*</wssc:Nonce></wssc:DerivedKeyToken><wsu:Timestamp wsu:Id=\"Timestamp\"><wsu:Created>2025-08-18T14:51:35Z</wsu:Created><wsu:Expires>2025-08-18T14:56:35Z</wsu:Expires></wsu:Timestamp><Signature xmlns=\"http://www.w3.org/2000/09/xmldsig#\"><SignedInfo><CanonicalizationMethod Algorithm=\"http://www.w3.org/2001/10/xml-exc-c14n#\"></CanonicalizationMethod><SignatureMethod Algorithm=\"http://www.w3.org/2001/04/xmldsig-more#hmac-sha256\"></SignatureMethod><Reference URI=\"#RST0\"><Transforms><Transform Algorithm=\"http://www.w3.org/2001/10/xml-exc-c14n#\"></Transform></Transforms><DigestMethod Algorithm=\"http://www.w3.org/2001/04/xmlenc#sha256\"></DigestMethod><DigestValue>*</DigestValue></Reference><Reference URI=\"#Timestamp\"><Transforms><Transform Algorithm=\"http://www.w3.org/2001/10/xml-exc-c14n#\"></Transform></Transforms><DigestMethod Algorithm=\"http://www.w3.org/2001/04/xmlenc#sha256\"></DigestMethod><DigestValue>*</DigestValue></Reference><Reference URI=\"#PPAuthInfo\"><Transforms><Transform Algorithm=\"http://www.w3.org/2001/10/xml-exc-c14n#\"></Transform></Transforms><DigestMethod Algorithm=\"http://www.w3.org/2001/04/xmlenc#sha256\"></DigestMethod><DigestValue>*</DigestValue></Reference></SignedInfo><SignatureValue>*</SignatureValue><KeyInfo><wsse:SecurityTokenReference><wsse:Reference URI=\"#SignKey\"/></wsse:SecurityTokenReference></KeyInfo></Signature></wsse:Security></s:Header><s:Body><wst:RequestSecurityToken Id=\"RST0\"><wst:RequestType>http://schemas.xmlsoap.org/ws/2005/02/trust/Issue</wst:RequestType><wsp:AppliesTo><wsa:EndpointReference><wsa:Address>474a-87ad-2f9a87615fa3-dc1-tip.cloudapp.net</wsa:Address></wsa:EndpointReference></wsp:AppliesTo><wsp:PolicyReference URI=\"MBI_SSL\"></wsp:PolicyReference></wst:RequestSecurityToken></s:Body></s:Envelope>"}
{"EventID": "6116", "Channel": "Microsoft-Windows-LiveId/Operational", "Provider_Name": "Microsoft-Windows-LiveId", "Computer": "DESKTOP-OFJ6N53", "TimeCreated": "2025-08-18 14:51:37.580011+00:00", "RecordID": "87799", "Level": "4", "UserID": "S-1-5-20", "EventData.Value": "<S:Envelope><S:Header><wsa:Action wsu:Id=\"Action\" S:mustUnderstand=\"1\">*</wsa:Action><wsa:To wsu:Id=\"To\" S:mustUnderstand=\"1\">*</wsa:To><wsse:Security><wsu:Timestamp wsu:Id=\"TS\"><wsu:Created>2025-08-18T14:51:37Z</wsu:Created><wsu:Expires>2025-08-18T14:56:37Z</wsu:Expires></wsu:Timestamp><wssc:DerivedKeyToken wsu:Id=\"SignKey\" Algorithm=\"urn:liveid:SP800108_CTR_HMAC_SHA256_DOUBLEDERIVED\"><wsse:SecurityTokenReference><wsse:Reference URI=\"osi+YTQWroJasAbtlr0iEDecYEs=\"></wsse:Reference></wsse:SecurityTokenReference><wssc:Nonce>*</wssc:Nonce></wssc:DerivedKeyToken><wssc:DerivedKeyToken wsu:Id=\"EncKey\" Algorithm=\"urn:liveid:SP800108_CTR_HMAC_SHA256_DOUBLEDERIVED\"><wsse:SecurityTokenReference><wsse:Reference URI=\"osi+YTQWroJasAbtlr0iEDecYEs=\"></wsse:Reference></wsse:SecurityTokenReference><wssc:Nonce>*</wssc:Nonce></wssc:DerivedKeyToken><Signature xmlns=\"http://www.w3.org/2000/09/xmldsig#\"><SignedInfo><CanonicalizationMethod Algorithm=\"http://www.w3.org/2001/10/xml-exc-c14n#\"></CanonicalizationMethod><SignatureMethod Algorithm=\"http://www.w3.org/2001/04/xmldsig-more#hmac-sha256\"></SignatureMethod><Reference URI=\"#EncPsf\"><Transforms><Transform Algorithm=\"http://www.w3.org/2001/10/xml-exc-c14n#\"></Transform></Transforms><DigestMethod Algorithm=\"http://www.w3.org/2001/04/xmlenc#sha256\"></DigestMethod><DigestValue>*</DigestValue></Reference><Reference URI=\"#Body\"><Transforms><Transform Algorithm=\"http://www.w3.org/2001/10/xml-exc-c14n#\"></Transform></Transforms><DigestMethod Algorithm=\"http://www.w3.org/2001/04/xmlenc#sha256\"></DigestMethod><DigestValue>*</DigestValue></Reference><Reference URI=\"#To\"><Transforms><Transform Algorithm=\"http://www.w3.org/2001/10/xml-exc-c14n#\"></Transform></Transforms><DigestMethod Algorithm=\"http://www.w3.org/2001/04/xmlenc#sha256\"></DigestMethod><DigestValue>*</DigestValue></Reference><Reference URI=\"#Action\"><Transforms><Transform Algorithm=\"http://www.w3.org/2001/10/xml-exc-c14n#\"></Transform></Transforms><DigestMethod Algorithm=\"http://www.w3.org/2001/04/xmlenc#sha256\"></DigestMethod><DigestValue>*</DigestValue></Reference><Reference URI=\"#TS\"><Transforms><Transform Algorithm=\"http://www.w3.org/2001/10/xml-exc-c14n#\"></Transform></Transforms><DigestMethod Algorithm=\"http://www.w3.org/2001/04/xmlenc#sha256\"></DigestMethod><DigestValue>*</DigestValue></Reference></SignedInfo><SignatureValue>*</SignatureValue><KeyInfo><wsse:SecurityTokenReference><wsse:Reference URI=\"#SignKey\"></wsse:Reference></wsse:SecurityTokenReference></KeyInfo></Signature><e:ReferenceList xmlns:e=\"http://www.w3.org/2001/04/xmlenc#\"><e:DataReference URI=\"#RSTR\"/><e:DataReference URI=\"#EncPsf\"/></e:ReferenceList></wsse:Security><psf:EncryptedPP><EncryptedData xmlns=\"http://www.w3.org/2001/04/xmlenc#\" Id=\"EncPsf\" Type=\"http://www.w3.org/2001/04/xmlenc#Element\"><EncryptionMethod Algorithm=\"http://www.w3.org/2001/04/xmlenc#aes256-cbc\"></EncryptionMethod><KeyInfo xmlns=\"http://www.w3.org/2000/09/xmldsig#\"><wsse:SecurityTokenReference><wsse:Reference URI=\"#EncKey\"></wsse:Reference></wsse:SecurityTokenReference></KeyInfo><CipherData><CipherValue>*</CipherValue></CipherData></EncryptedData></psf:EncryptedPP></S:Header><S:Body wsu:Id=\"Body\"><EncryptedData xmlns=\"http://www.w3.org/2001/04/xmlenc#\" Id=\"RSTR\" Type=\"http://www.w3.org/2001/04/xmlenc#Element\"><EncryptionMethod Algorithm=\"http://www.w3.org/2001/04/xmlenc#aes256-cbc\"></EncryptionMethod><KeyInfo xmlns=\"http://www.w3.org/2000/09/xmldsig#\"><wsse:SecurityTokenReference><wsse:Reference URI=\"#EncKey\"></wsse:Reference></wsse:SecurityTokenReference></KeyInfo><CipherData><CipherValue>*</CipherValue></CipherData></EncryptedData></S:Body></S:Envelope>"}
{"EventID": "6117", "Channel": "Microsoft-Windows-LiveId/Operational", "Provider_Name": "Microsoft-Windows-LiveId", "Computer": "DESKTOP-OFJ6N53", "TimeCreated": "2025-08-18 14:51:37.591436+00:00", "RecordID": "87800", "Level": "4", "UserID": "S-1-5-20", "EventData.ResourceURI": "474a-87ad-2f9a87615fa3-dc1-tip.cloudapp.net", "EventData.Created": "2025-08-18 17:51:37", "EventData.Expires": "2025-08-19 17:51:37", "EventData.TokenType": "urn:passport:compact", "EventData.AuthRequired": "0", "EventData.RequestStatus": "0", "EventData.HasFlowUrl": "False", "EventData.HasAuthUrl": "False", "EventData.HasEndAuthUrl": "False"}
{"EventID": "2024", "Channel": "Microsoft-Windows-LiveId/Operational", "Provider_Name": "Microsoft-Windows-LiveId", "Computer": "DESKTOP-OFJ6N53", "TimeCreated": "2025-08-18 14:54:37.616976+00:00", "RecordID": "87801", "Level": "4", "UserID": "S-1-5-18", "EventData.Operation": "Service stopped", "EventData.Details": "The service has stopped.", "EventData.Status": "0x00000000"}
{"EventID": "6113", "Channel": "Microsoft-Windows-LiveId/Operational", "Provider_Name": "Microsoft-Windows-LiveId", "Computer": "DESKTOP-OFJ6N53", "TimeCreated": "2025-08-18 15:13:54.829954+00:00", "RecordID": "87802", "Level": "2", "UserID": "S-1-5-18", "EventData.FunctionName": "WLIDCreateContext", "EventData.ErrorCode": "2147778572"}
{"EventID": "2024", "Channel": "Microsoft-Windows-LiveId/Operational", "Provider_Name": "Microsoft-Windows-LiveId", "Computer": "DESKTOP-OFJ6N53", "TimeCreated": "2025-08-18 15:13:54.836575+00:00", "RecordID": "87803", "Level": "4", "UserID": "S-1-5-18", "EventData.Operation": "Service started", "EventData.Details": "The service will auto stop if no requests received for some period of time.", "EventData.Status": "0x00000000"}
{"EventID": "2024", "Channel": "Microsoft-Windows-LiveId/Operational", "Provider_Name": "Microsoft-Windows-LiveId", "Computer": "DESKTOP-OFJ6N53", "TimeCreated": "2025-08-18 15:16:54.937778+00:00", "RecordID": "87804", "Level": "4", "UserID": "S-1-5-18", "EventData.Operation": "Service stopped", "EventData.Details": "The service has stopped.", "EventData.Status": "0x00000000"}
{"EventID": "2024", "Channel": "Microsoft-Windows-LiveId/Operational", "Provider_Name": "Microsoft-Windows-LiveId", "Computer": "DESKTOP-OFJ6N53", "TimeCreated": "2025-08-18 16:33:18.795149+00:00", "RecordID": "87805", "Level": "4", "UserID": "S-1-5-18", "EventData.Operation": "Service started", "EventData.Details": "The service will auto stop if no requests received for some period of time.", "EventData.Status": "0x00000000"}
{"EventID": "6115", "Channel": "Microsoft-Windows-LiveId/Operational", "Provider_Name": "Microsoft-Windows-LiveId", "Computer": "DESKTOP-OFJ6N53", "TimeCreated": "2025-08-18 16:33:18.884836+00:00", "RecordID": "87806", "Level": "4", "UserID": "S-1-5-18", "EventData.Value": "<s:Envelope><s:Header><wsa:Action s:mustUnderstand=\"1\">*</wsa:Action><wsa:To s:mustUnderstand=\"1\">*</wsa:To><wsa:MessageID>*</wsa:MessageID><ps:AuthInfo Id=\"PPAuthInfo\"><ps:HostingApp>{0CB4A94A-6E8C-477B-88C8-A3799FC97414}</ps:HostingApp><ps:BinaryVersion>24</ps:BinaryVersion><ps:UIVersion>1</ps:UIVersion><ps:InlineUX>TokenBroker</ps:InlineUX><ps:IsAdmin>1</ps:IsAdmin><ps:Cookies></ps:Cookies><ps:RequestParams>AQAAAAIAAABsYwQAAAAxMDQ5</ps:RequestParams><ps:WindowsClientString>gkfodOJuvaWN7Khxeg1vNcHQNQrBSfkjx+90ZU2g55E=</ps:WindowsClientString><ps:LicenseSignatureKeyVersion>*</ps:LicenseSignatureKeyVersion><ps:ClientCapabilities>1</ps:ClientCapabilities></ps:AuthInfo><wsse:Security><EncryptedData xmlns=\"http://www.w3.org/2001/04/xmlenc#\" Id=\"devicesoftware\" Type=\"http://www.w3.org/2001/04/xmlenc#Element\"><EncryptionMethod Algorithm=\"http://www.w3.org/2001/04/xmlenc#tripledes-cbc\"></EncryptionMethod><ds:KeyInfo><ds:KeyName>http://Passport.NET/STS</ds:KeyName></ds:KeyInfo><CipherData><CipherValue>*</CipherValue></CipherData></EncryptedData><wssc:DerivedKeyToken wsu:Id=\"SignKey\" Algorithm=\"urn:liveid:SP800108_CTR_HMAC_SHA256_DOUBLEDERIVED\"><wsse:RequestedTokenReference><wsse:KeyIdentifier ValueType=\"http://docs.oasis-open.org/wss/2004/XX/oasis-2004XX-wss-saml-token-profile-1.0#SAMLAssertionID\"/><wsse:Reference URI=\"\"/></wsse:RequestedTokenReference><wssc:Nonce>*</wssc:Nonce></wssc:DerivedKeyToken><wsu:Timestamp wsu:Id=\"Timestamp\"><wsu:Created>2025-08-18T16:33:17Z</wsu:Created><wsu:Expires>2025-08-18T16:38:17Z</wsu:Expires></wsu:Timestamp><Signature xmlns=\"http://www.w3.org/2000/09/xmldsig#\"><SignedInfo><CanonicalizationMethod Algorithm=\"http://www.w3.org/2001/10/xml-exc-c14n#\"></CanonicalizationMethod><SignatureMethod Algorithm=\"http://www.w3.org/2001/04/xmldsig-more#hmac-sha256\"></SignatureMethod><Reference URI=\"#RST0\"><Transforms><Transform Algorithm=\"http://www.w3.org/2001/10/xml-exc-c14n#\"></Transform></Transforms><DigestMethod Algorithm=\"http://www.w3.org/2001/04/xmlenc#sha256\"></DigestMethod><DigestValue>*</DigestValue></Reference><Reference URI=\"#Timestamp\"><Transforms><Transform Algorithm=\"http://www.w3.org/2001/10/xml-exc-c14n#\"></Transform></Transforms><DigestMethod Algorithm=\"http://www.w3.org/2001/04/xmlenc#sha256\"></DigestMethod><DigestValue>*</DigestValue></Reference><Reference URI=\"#PPAuthInfo\"><Transforms><Transform Algorithm=\"http://www.w3.org/2001/10/xml-exc-c14n#\"></Transform></Transforms><DigestMethod Algorithm=\"http://www.w3.org/2001/04/xmlenc#sha256\"></DigestMethod><DigestValue>*</DigestValue></Reference></SignedInfo><SignatureValue>*</SignatureValue><KeyInfo><wsse:SecurityTokenReference><wsse:Reference URI=\"#SignKey\"/></wsse:SecurityTokenReference></KeyInfo></Signature></wsse:Security></s:Header><s:Body><wst:RequestSecurityToken Id=\"RST0\"><wst:RequestType>http://schemas.xmlsoap.org/ws/2005/02/trust/Issue</wst:RequestType><wsp:AppliesTo><wsa:EndpointReference><wsa:Address>settings-win.data.microsoft.com</wsa:Address></wsa:EndpointReference></wsp:AppliesTo><wsp:PolicyReference URI=\"MBI_SSL\"></wsp:PolicyReference></wst:RequestSecurityToken></s:Body></s:Envelope>"}
{"EventID": "6116", "Channel": "Microsoft-Windows-LiveId/Operational", "Provider_Name": "Microsoft-Windows-LiveId", "Computer": "DESKTOP-OFJ6N53", "TimeCreated": "2025-08-18 16:33:19.523226+00:00", "RecordID": "87807", "Level": "4", "UserID": "S-1-5-18", "EventData.Value": "<S:Envelope><S:Header><wsa:Action wsu:Id=\"Action\" S:mustUnderstand=\"1\">*</wsa:Action><wsa:To wsu:Id=\"To\" S:mustUnderstand=\"1\">*</wsa:To><wsse:Security><wsu:Timestamp wsu:Id=\"TS\"><wsu:Created>2025-08-18T16:33:19Z</wsu:Created><wsu:Expires>2025-08-18T16:38:19Z</wsu:Expires></wsu:Timestamp><wssc:DerivedKeyToken wsu:Id=\"SignKey\" Algorithm=\"urn:liveid:SP800108_CTR_HMAC_SHA256_DOUBLEDERIVED\"><wsse:SecurityTokenReference><wsse:Reference URI=\"BjqSnjIiAfqUtYMNT4mVXNvnf+Y=\"></wsse:Reference></wsse:SecurityTokenReference><wssc:Nonce>*</wssc:Nonce></wssc:DerivedKeyToken><wssc:DerivedKeyToken wsu:Id=\"EncKey\" Algorithm=\"urn:liveid:SP800108_CTR_HMAC_SHA256_DOUBLEDERIVED\"><wsse:SecurityTokenReference><wsse:Reference URI=\"BjqSnjIiAfqUtYMNT4mVXNvnf+Y=\"></wsse:Reference></wsse:SecurityTokenReference><wssc:Nonce>*</wssc:Nonce></wssc:DerivedKeyToken><Signature xmlns=\"http://www.w3.org/2000/09/xmldsig#\"><SignedInfo><CanonicalizationMethod Algorithm=\"http://www.w3.org/2001/10/xml-exc-c14n#\"></CanonicalizationMethod><SignatureMethod Algorithm=\"http://www.w3.org/2001/04/xmldsig-more#hmac-sha256\"></SignatureMethod><Reference URI=\"#EncPsf\"><Transforms><Transform Algorithm=\"http://www.w3.org/2001/10/xml-exc-c14n#\"></Transform></Transforms><DigestMethod Algorithm=\"http://www.w3.org/2001/04/xmlenc#sha256\"></DigestMethod><DigestValue>*</DigestValue></Reference><Reference URI=\"#Body\"><Transforms><Transform Algorithm=\"http://www.w3.org/2001/10/xml-exc-c14n#\"></Transform></Transforms><DigestMethod Algorithm=\"http://www.w3.org/2001/04/xmlenc#sha256\"></DigestMethod><DigestValue>*</DigestValue></Reference><Reference URI=\"#To\"><Transforms><Transform Algorithm=\"http://www.w3.org/2001/10/xml-exc-c14n#\"></Transform></Transforms><DigestMethod Algorithm=\"http://www.w3.org/2001/04/xmlenc#sha256\"></DigestMethod><DigestValue>*</DigestValue></Reference><Reference URI=\"#Action\"><Transforms><Transform Algorithm=\"http://www.w3.org/2001/10/xml-exc-c14n#\"></Transform></Transforms><DigestMethod Algorithm=\"http://www.w3.org/2001/04/xmlenc#sha256\"></DigestMethod><DigestValue>*</DigestValue></Reference><Reference URI=\"#TS\"><Transforms><Transform Algorithm=\"http://www.w3.org/2001/10/xml-exc-c14n#\"></Transform></Transforms><DigestMethod Algorithm=\"http://www.w3.org/2001/04/xmlenc#sha256\"></DigestMethod><DigestValue>*</DigestValue></Reference></SignedInfo><SignatureValue>*</SignatureValue><KeyInfo><wsse:SecurityTokenReference><wsse:Reference URI=\"#SignKey\"></wsse:Reference></wsse:SecurityTokenReference></KeyInfo></Signature><e:ReferenceList xmlns:e=\"http://www.w3.org/2001/04/xmlenc#\"><e:DataReference URI=\"#RSTR\"/><e:DataReference URI=\"#EncPsf\"/></e:ReferenceList></wsse:Security><psf:EncryptedPP><EncryptedData xmlns=\"http://www.w3.org/2001/04/xmlenc#\" Id=\"EncPsf\" Type=\"http://www.w3.org/2001/04/xmlenc#Element\"><EncryptionMethod Algorithm=\"http://www.w3.org/2001/04/xmlenc#aes256-cbc\"></EncryptionMethod><KeyInfo xmlns=\"http://www.w3.org/2000/09/xmldsig#\"><wsse:SecurityTokenReference><wsse:Reference URI=\"#EncKey\"></wsse:Reference></wsse:SecurityTokenReference></KeyInfo><CipherData><CipherValue>*</CipherValue></CipherData></EncryptedData></psf:EncryptedPP></S:Header><S:Body wsu:Id=\"Body\"><EncryptedData xmlns=\"http://www.w3.org/2001/04/xmlenc#\" Id=\"RSTR\" Type=\"http://www.w3.org/2001/04/xmlenc#Element\"><EncryptionMethod Algorithm=\"http://www.w3.org/2001/04/xmlenc#aes256-cbc\"></EncryptionMethod><KeyInfo xmlns=\"http://www.w3.org/2000/09/xmldsig#\"><wsse:SecurityTokenReference><wsse:Reference URI=\"#EncKey\"></wsse:Reference></wsse:SecurityTokenReference></KeyInfo><CipherData><CipherValue>*</CipherValue></CipherData></EncryptedData></S:Body></S:Envelope>"}
{"EventID": "6117", "Channel": "Microsoft-Windows-LiveId/Operational", "Provider_Name": "Microsoft-Windows-LiveId", "Computer": "DESKTOP-OFJ6N53", "TimeCreated": "2025-08-18 16:33:19.531075+00:00", "RecordID": "87808", "Level": "4", "UserID": "S-1-5-18", "EventData.ResourceURI": "settings-win.data.microsoft.com", "EventData.Created": "2025-08-18 19:33:19", "EventData.Expires": "2025-08-19 19:33:19", "EventData.TokenType": "urn:passport:compact", "EventData.AuthRequired": "0", "EventData.RequestStatus": "0", "EventData.HasFlowUrl": "False", "EventData.HasAuthUrl": "False", "EventData.HasEndAuthUrl": "False"}
{"EventID": "2024", "Channel": "Microsoft-Windows-LiveId/Operational", "Provider_Name": "Microsoft-Windows-LiveId", "Computer": "DESKTOP-OFJ6N53", "TimeCreated": "2025-08-18 16:36:19.546602+00:00", "RecordID": "87809", "Level": "4", "UserID": "S-1-5-18", "EventData.Operation": "Service stopped", "EventData.Details": "The service has stopped.", "EventData.Status": "0x00000000"}
