{"EventID": "9", "Channel": "Microsoft-Windows-WindowsSystemAssessmentTool/Operational", "Provider_Name": "Microsoft-Windows-WindowsSystemAssessmentTool", "Computer": "DESKTOP-OFJ6N53", "TimeCreated": "2022-10-22 10:21:49.351229+00:00", "RecordID": "398", "Level": "4", "UserID": "S-1-5-18", "EventData.PhaseID": "1004", "EventData.DescriptionSize": "40", "EventData.Description": "Run Assessment, disk, -wsswap -drive C:"}
{"EventID": "10", "Channel": "Microsoft-Windows-WindowsSystemAssessmentTool/Operational", "Provider_Name": "Microsoft-Windows-WindowsSystemAssessmentTool", "Computer": "DESKTOP-OFJ6N53", "TimeCreated": "2022-10-22 10:21:50.006632+00:00", "RecordID": "399", "Level": "4", "UserID": "S-1-5-18", "EventData.PhaseID": "1004"}
{"EventID": "9", "Channel": "Microsoft-Windows-WindowsSystemAssessmentTool/Operational", "Provider_Name": "Microsoft-Windows-WindowsSystemAssessmentTool", "Computer": "DESKTOP-OFJ6N53", "TimeCreated": "2022-10-22 10:21:50.006636+00:00", "RecordID": "400", "Level": "4", "UserID": "S-1-5-18", "EventData.PhaseID": "130", "EventData.DescriptionSize": "16", "EventData.Description": "Process Results"}
{"EventID": "10", "Channel": "Microsoft-Windows-WindowsSystemAssessmentTool/Operational", "Provider_Name": "Microsoft-Windows-WindowsSystemAssessmentTool", "Computer": "DESKTOP-OFJ6N53", "TimeCreated": "2022-10-22 10:21:50.043844+00:00", "RecordID": "401", "Level": "4", "UserID": "S-1-5-18", "EventData.PhaseID": "130"}
{"EventID": "9", "Channel": "Microsoft-Windows-WindowsSystemAssessmentTool/Operational", "Provider_Name": "Microsoft-Windows-WindowsSystemAssessmentTool", "Computer": "DESKTOP-OFJ6N53", "TimeCreated": "2022-10-22 10:21:50.043848+00:00", "RecordID": "402", "Level": "4", "UserID": "S-1-5-18", "EventData.PhaseID": "150", "EventData.DescriptionSize": "17", "EventData.Description": "Cleanup and exit"}
{"EventID": "9", "Channel": "Microsoft-Windows-WindowsSystemAssessmentTool/Operational", "Provider_Name": "Microsoft-Windows-WindowsSystemAssessmentTool", "Computer": "DESKTOP-OFJ6N53", "TimeCreated": "2022-10-22 10:21:50.044847+00:00", "RecordID": "403", "Level": "4", "UserID": "S-1-5-18", "EventData.PhaseID": "140", "EventData.DescriptionSize": "24", "EventData.Description": "Restore system policies"}
{"EventID": "10", "Channel": "Microsoft-Windows-WindowsSystemAssessmentTool/Operational", "Provider_Name": "Microsoft-Windows-WindowsSystemAssessmentTool", "Computer": "DESKTOP-OFJ6N53", "TimeCreated": "2022-10-22 10:21:50.046196+00:00", "RecordID": "404", "Level": "4", "UserID": "S-1-5-18", "EventData.PhaseID": "140"}
{"EventID": "3", "Channel": "Microsoft-Windows-WindowsSystemAssessmentTool/Operational", "Provider_Name": "Microsoft-Windows-WindowsSystemAssessmentTool", "Computer": "DESKTOP-OFJ6N53", "TimeCreated": "2022-10-22 10:21:50.048342+00:00", "RecordID": "405", "Level": "0", "UserID": "S-1-5-18", "EventData.ExitCode": "0"}
{"EventID": "10", "Channel": "Microsoft-Windows-WindowsSystemAssessmentTool/Operational", "Provider_Name": "Microsoft-Windows-WindowsSystemAssessmentTool", "Computer": "DESKTOP-OFJ6N53", "TimeCreated": "2022-10-22 10:21:50.048346+00:00", "RecordID": "406", "Level": "4", "UserID": "S-1-5-18", "EventData.PhaseID": "150"}
{"EventID": "1", "Channel": "Microsoft-Windows-WindowsSystemAssessmentTool/Operational", "Provider_Name": "Microsoft-Windows-WindowsSystemAssessmentTool", "Computer": "DESKTOP-OFJ6N53", "TimeCreated": "2022-11-21 08:27:20.785324+00:00", "RecordID": "407", "Level": "0", "UserID": "S-1-5-18", "EventData.StartTimeOfDay": "2022-11-21 08:27:20.785250+00:00"}
{"EventID": "9", "Channel": "Microsoft-Windows-WindowsSystemAssessmentTool/Operational", "Provider_Name": "Microsoft-Windows-WindowsSystemAssessmentTool", "Computer": "DESKTOP-OFJ6N53", "TimeCreated": "2022-11-21 08:27:20.785326+00:00", "RecordID": "408", "Level": "4", "UserID": "S-1-5-18", "EventData.PhaseID": "10", "EventData.DescriptionSize": "25", "EventData.Description": "Application Intializaton"}
{"EventID": "2", "Channel": "Microsoft-Windows-WindowsSystemAssessmentTool/Operational", "Provider_Name": "Microsoft-Windows-WindowsSystemAssessmentTool", "Computer": "DESKTOP-OFJ6N53", "TimeCreated": "2022-11-21 08:27:20.798326+00:00", "RecordID": "409", "Level": "0", "UserID": "S-1-5-18", "EventData.CommandLineSize": "45", "EventData.CommandLine": "\"C:\\Windows\\system32\\winsat.exe\" disk -wsswap"}
{"EventID": "9", "Channel": "Microsoft-Windows-WindowsSystemAssessmentTool/Operational", "Provider_Name": "Microsoft-Windows-WindowsSystemAssessmentTool", "Computer": "DESKTOP-OFJ6N53", "TimeCreated": "2022-11-21 08:27:20.798765+00:00", "RecordID": "410", "Level": "4", "UserID": "S-1-5-18", "EventData.PhaseID": "20", "EventData.DescriptionSize": "23", "EventData.Description": "Modify system policies"}
{"EventID": "10", "Channel": "Microsoft-Windows-WindowsSystemAssessmentTool/Operational", "Provider_Name": "Microsoft-Windows-WindowsSystemAssessmentTool", "Computer": "DESKTOP-OFJ6N53", "TimeCreated": "2022-11-21 08:27:20.803396+00:00", "RecordID": "411", "Level": "4", "UserID": "S-1-5-18", "EventData.PhaseID": "20"}
{"EventID": "10", "Channel": "Microsoft-Windows-WindowsSystemAssessmentTool/Operational", "Provider_Name": "Microsoft-Windows-WindowsSystemAssessmentTool", "Computer": "DESKTOP-OFJ6N53", "TimeCreated": "2022-11-21 08:27:20.803398+00:00", "RecordID": "412", "Level": "4", "UserID": "S-1-5-18", "EventData.PhaseID": "10"}
{"EventID": "9", "Channel": "Microsoft-Windows-WindowsSystemAssessmentTool/Operational", "Provider_Name": "Microsoft-Windows-WindowsSystemAssessmentTool", "Computer": "DESKTOP-OFJ6N53", "TimeCreated": "2022-11-21 08:27:20.803398+00:00", "RecordID": "413", "Level": "4", "UserID": "S-1-5-18", "EventData.PhaseID": "30", "EventData.DescriptionSize": "19", "EventData.Description": "Gathering Key Info"}
{"EventID": "9", "Channel": "Microsoft-Windows-WindowsSystemAssessmentTool/Operational", "Provider_Name": "Microsoft-Windows-WindowsSystemAssessmentTool", "Computer": "DESKTOP-OFJ6N53", "TimeCreated": "2022-11-21 08:27:20.803419+00:00", "RecordID": "414", "Level": "4", "UserID": "S-1-5-18", "EventData.PhaseID": "40", "EventData.DescriptionSize": "23", "EventData.Description": "Gather CPU information"}
{"EventID": "10", "Channel": "Microsoft-Windows-WindowsSystemAssessmentTool/Operational", "Provider_Name": "Microsoft-Windows-WindowsSystemAssessmentTool", "Computer": "DESKTOP-OFJ6N53", "TimeCreated": "2022-11-21 08:27:20.803490+00:00", "RecordID": "415", "Level": "4", "UserID": "S-1-5-18", "EventData.PhaseID": "40"}
{"EventID": "10", "Channel": "Microsoft-Windows-WindowsSystemAssessmentTool/Operational", "Provider_Name": "Microsoft-Windows-WindowsSystemAssessmentTool", "Computer": "DESKTOP-OFJ6N53", "TimeCreated": "2022-11-21 08:27:20.803492+00:00", "RecordID": "416", "Level": "4", "UserID": "S-1-5-18", "EventData.PhaseID": "30"}
{"EventID": "9", "Channel": "Microsoft-Windows-WindowsSystemAssessmentTool/Operational", "Provider_Name": "Microsoft-Windows-WindowsSystemAssessmentTool", "Computer": "DESKTOP-OFJ6N53", "TimeCreated": "2022-11-21 08:27:20.805374+00:00", "RecordID": "417", "Level": "4", "UserID": "S-1-5-18", "EventData.PhaseID": "1004", "EventData.DescriptionSize": "40", "EventData.Description": "Run Assessment, disk, -wsswap -drive C:"}
{"EventID": "10", "Channel": "Microsoft-Windows-WindowsSystemAssessmentTool/Operational", "Provider_Name": "Microsoft-Windows-WindowsSystemAssessmentTool", "Computer": "DESKTOP-OFJ6N53", "TimeCreated": "2022-11-21 08:27:21.423685+00:00", "RecordID": "418", "Level": "4", "UserID": "S-1-5-18", "EventData.PhaseID": "1004"}
{"EventID": "9", "Channel": "Microsoft-Windows-WindowsSystemAssessmentTool/Operational", "Provider_Name": "Microsoft-Windows-WindowsSystemAssessmentTool", "Computer": "DESKTOP-OFJ6N53", "TimeCreated": "2022-11-21 08:27:21.423691+00:00", "RecordID": "419", "Level": "4", "UserID": "S-1-5-18", "EventData.PhaseID": "130", "EventData.DescriptionSize": "16", "EventData.Description": "Process Results"}
{"EventID": "10", "Channel": "Microsoft-Windows-WindowsSystemAssessmentTool/Operational", "Provider_Name": "Microsoft-Windows-WindowsSystemAssessmentTool", "Computer": "DESKTOP-OFJ6N53", "TimeCreated": "2022-11-21 08:27:21.454174+00:00", "RecordID": "420", "Level": "4", "UserID": "S-1-5-18", "EventData.PhaseID": "130"}
{"EventID": "9", "Channel": "Microsoft-Windows-WindowsSystemAssessmentTool/Operational", "Provider_Name": "Microsoft-Windows-WindowsSystemAssessmentTool", "Computer": "DESKTOP-OFJ6N53", "TimeCreated": "2022-11-21 08:27:21.454176+00:00", "RecordID": "421", "Level": "4", "UserID": "S-1-5-18", "EventData.PhaseID": "150", "EventData.DescriptionSize": "17", "EventData.Description": "Cleanup and exit"}
{"EventID": "9", "Channel": "Microsoft-Windows-WindowsSystemAssessmentTool/Operational", "Provider_Name": "Microsoft-Windows-WindowsSystemAssessmentTool", "Computer": "DESKTOP-OFJ6N53", "TimeCreated": "2022-11-21 08:27:21.455004+00:00", "RecordID": "422", "Level": "4", "UserID": "S-1-5-18", "EventData.PhaseID": "140", "EventData.DescriptionSize": "24", "EventData.Description": "Restore system policies"}
{"EventID": "10", "Channel": "Microsoft-Windows-WindowsSystemAssessmentTool/Operational", "Provider_Name": "Microsoft-Windows-WindowsSystemAssessmentTool", "Computer": "DESKTOP-OFJ6N53", "TimeCreated": "2022-11-21 08:27:21.456448+00:00", "RecordID": "423", "Level": "4", "UserID": "S-1-5-18", "EventData.PhaseID": "140"}
{"EventID": "3", "Channel": "Microsoft-Windows-WindowsSystemAssessmentTool/Operational", "Provider_Name": "Microsoft-Windows-WindowsSystemAssessmentTool", "Computer": "DESKTOP-OFJ6N53", "TimeCreated": "2022-11-21 08:27:21.458113+00:00", "RecordID": "424", "Level": "0", "UserID": "S-1-5-18", "EventData.ExitCode": "0"}
{"EventID": "10", "Channel": "Microsoft-Windows-WindowsSystemAssessmentTool/Operational", "Provider_Name": "Microsoft-Windows-WindowsSystemAssessmentTool", "Computer": "DESKTOP-OFJ6N53", "TimeCreated": "2022-11-21 08:27:21.458115+00:00", "RecordID": "425", "Level": "4", "UserID": "S-1-5-18", "EventData.PhaseID": "150"}
{"EventID": "1", "Channel": "Microsoft-Windows-WindowsSystemAssessmentTool/Operational", "Provider_Name": "Microsoft-Windows-WindowsSystemAssessmentTool", "Computer": "DESKTOP-OFJ6N53", "TimeCreated": "2022-11-21 08:27:41.593657+00:00", "RecordID": "426", "Level": "0", "UserID": "S-1-5-18", "EventData.StartTimeOfDay": "2022-11-21 08:27:41.593552+00:00"}
{"EventID": "9", "Channel": "Microsoft-Windows-WindowsSystemAssessmentTool/Operational", "Provider_Name": "Microsoft-Windows-WindowsSystemAssessmentTool", "Computer": "DESKTOP-OFJ6N53", "TimeCreated": "2022-11-21 08:27:41.593658+00:00", "RecordID": "427", "Level": "4", "UserID": "S-1-5-18", "EventData.PhaseID": "10", "EventData.DescriptionSize": "25", "EventData.Description": "Application Intializaton"}
{"EventID": "2", "Channel": "Microsoft-Windows-WindowsSystemAssessmentTool/Operational", "Provider_Name": "Microsoft-Windows-WindowsSystemAssessmentTool", "Computer": "DESKTOP-OFJ6N53", "TimeCreated": "2022-11-21 08:27:41.599119+00:00", "RecordID": "428", "Level": "0", "UserID": "S-1-5-18", "EventData.CommandLineSize": "45", "EventData.CommandLine": "\"C:\\Windows\\system32\\winsat.exe\" disk -wsswap"}
{"EventID": "9", "Channel": "Microsoft-Windows-WindowsSystemAssessmentTool/Operational", "Provider_Name": "Microsoft-Windows-WindowsSystemAssessmentTool", "Computer": "DESKTOP-OFJ6N53", "TimeCreated": "2022-11-21 08:27:41.599533+00:00", "RecordID": "429", "Level": "4", "UserID": "S-1-5-18", "EventData.PhaseID": "20", "EventData.DescriptionSize": "23", "EventData.Description": "Modify system policies"}
{"EventID": "10", "Channel": "Microsoft-Windows-WindowsSystemAssessmentTool/Operational", "Provider_Name": "Microsoft-Windows-WindowsSystemAssessmentTool", "Computer": "DESKTOP-OFJ6N53", "TimeCreated": "2022-11-21 08:27:41.602398+00:00", "RecordID": "430", "Level": "4", "UserID": "S-1-5-18", "EventData.PhaseID": "20"}
{"EventID": "10", "Channel": "Microsoft-Windows-WindowsSystemAssessmentTool/Operational", "Provider_Name": "Microsoft-Windows-WindowsSystemAssessmentTool", "Computer": "DESKTOP-OFJ6N53", "TimeCreated": "2022-11-21 08:27:41.602400+00:00", "RecordID": "431", "Level": "4", "UserID": "S-1-5-18", "EventData.PhaseID": "10"}
{"EventID": "9", "Channel": "Microsoft-Windows-WindowsSystemAssessmentTool/Operational", "Provider_Name": "Microsoft-Windows-WindowsSystemAssessmentTool", "Computer": "DESKTOP-OFJ6N53", "TimeCreated": "2022-11-21 08:27:41.602402+00:00", "RecordID": "432", "Level": "4", "UserID": "S-1-5-18", "EventData.PhaseID": "30", "EventData.DescriptionSize": "19", "EventData.Description": "Gathering Key Info"}
{"EventID": "9", "Channel": "Microsoft-Windows-WindowsSystemAssessmentTool/Operational", "Provider_Name": "Microsoft-Windows-WindowsSystemAssessmentTool", "Computer": "DESKTOP-OFJ6N53", "TimeCreated": "2022-11-21 08:27:41.602406+00:00", "RecordID": "433", "Level": "4", "UserID": "S-1-5-18", "EventData.PhaseID": "40", "EventData.DescriptionSize": "23", "EventData.Description": "Gather CPU information"}
{"EventID": "10", "Channel": "Microsoft-Windows-WindowsSystemAssessmentTool/Operational", "Provider_Name": "Microsoft-Windows-WindowsSystemAssessmentTool", "Computer": "DESKTOP-OFJ6N53", "TimeCreated": "2022-11-21 08:27:41.602491+00:00", "RecordID": "434", "Level": "4", "UserID": "S-1-5-18", "EventData.PhaseID": "40"}
{"EventID": "10", "Channel": "Microsoft-Windows-WindowsSystemAssessmentTool/Operational", "Provider_Name": "Microsoft-Windows-WindowsSystemAssessmentTool", "Computer": "DESKTOP-OFJ6N53", "TimeCreated": "2022-11-21 08:27:41.602491+00:00", "RecordID": "435", "Level": "4", "UserID": "S-1-5-18", "EventData.PhaseID": "30"}
{"EventID": "9", "Channel": "Microsoft-Windows-WindowsSystemAssessmentTool/Operational", "Provider_Name": "Microsoft-Windows-WindowsSystemAssessmentTool", "Computer": "DESKTOP-OFJ6N53", "TimeCreated": "2022-11-21 08:27:41.604309+00:00", "RecordID": "436", "Level": "4", "UserID": "S-1-5-18", "EventData.PhaseID": "1004", "EventData.DescriptionSize": "40", "EventData.Description": "Run Assessment, disk, -wsswap -drive C:"}
{"EventID": "10", "Channel": "Microsoft-Windows-WindowsSystemAssessmentTool/Operational", "Provider_Name": "Microsoft-Windows-WindowsSystemAssessmentTool", "Computer": "DESKTOP-OFJ6N53", "TimeCreated": "2022-11-21 08:27:42.132967+00:00", "RecordID": "437", "Level": "4", "UserID": "S-1-5-18", "EventData.PhaseID": "1004"}
{"EventID": "9", "Channel": "Microsoft-Windows-WindowsSystemAssessmentTool/Operational", "Provider_Name": "Microsoft-Windows-WindowsSystemAssessmentTool", "Computer": "DESKTOP-OFJ6N53", "TimeCreated": "2022-11-21 08:27:42.132973+00:00", "RecordID": "438", "Level": "4", "UserID": "S-1-5-18", "EventData.PhaseID": "130", "EventData.DescriptionSize": "16", "EventData.Description": "Process Results"}
{"EventID": "10", "Channel": "Microsoft-Windows-WindowsSystemAssessmentTool/Operational", "Provider_Name": "Microsoft-Windows-WindowsSystemAssessmentTool", "Computer": "DESKTOP-OFJ6N53", "TimeCreated": "2022-11-21 08:27:42.150896+00:00", "RecordID": "439", "Level": "4", "UserID": "S-1-5-18", "EventData.PhaseID": "130"}
{"EventID": "9", "Channel": "Microsoft-Windows-WindowsSystemAssessmentTool/Operational", "Provider_Name": "Microsoft-Windows-WindowsSystemAssessmentTool", "Computer": "DESKTOP-OFJ6N53", "TimeCreated": "2022-11-21 08:27:42.150898+00:00", "RecordID": "440", "Level": "4", "UserID": "S-1-5-18", "EventData.PhaseID": "150", "EventData.DescriptionSize": "17", "EventData.Description": "Cleanup and exit"}
{"EventID": "9", "Channel": "Microsoft-Windows-WindowsSystemAssessmentTool/Operational", "Provider_Name": "Microsoft-Windows-WindowsSystemAssessmentTool", "Computer": "DESKTOP-OFJ6N53", "TimeCreated": "2022-11-21 08:27:42.151676+00:00", "RecordID": "441", "Level": "4", "UserID": "S-1-5-18", "EventData.PhaseID": "140", "EventData.DescriptionSize": "24", "EventData.Description": "Restore system policies"}
{"EventID": "10", "Channel": "Microsoft-Windows-WindowsSystemAssessmentTool/Operational", "Provider_Name": "Microsoft-Windows-WindowsSystemAssessmentTool", "Computer": "DESKTOP-OFJ6N53", "TimeCreated": "2022-11-21 08:27:42.153316+00:00", "RecordID": "442", "Level": "4", "UserID": "S-1-5-18", "EventData.PhaseID": "140"}
{"EventID": "3", "Channel": "Microsoft-Windows-WindowsSystemAssessmentTool/Operational", "Provider_Name": "Microsoft-Windows-WindowsSystemAssessmentTool", "Computer": "DESKTOP-OFJ6N53", "TimeCreated": "2022-11-21 08:27:42.154800+00:00", "RecordID": "443", "Level": "0", "UserID": "S-1-5-18", "EventData.ExitCode": "0"}
{"EventID": "10", "Channel": "Microsoft-Windows-WindowsSystemAssessmentTool/Operational", "Provider_Name": "Microsoft-Windows-WindowsSystemAssessmentTool", "Computer": "DESKTOP-OFJ6N53", "TimeCreated": "2022-11-21 08:27:42.154802+00:00", "RecordID": "444", "Level": "4", "UserID": "S-1-5-18", "EventData.PhaseID": "150"}
{"EventID": "1", "Channel": "Microsoft-Windows-WindowsSystemAssessmentTool/Operational", "Provider_Name": "Microsoft-Windows-WindowsSystemAssessmentTool", "Computer": "DESKTOP-OFJ6N53", "TimeCreated": "2022-12-21 08:29:05.767487+00:00", "RecordID": "445", "Level": "0", "UserID": "S-1-5-18", "EventData.StartTimeOfDay": "2022-12-21 08:29:05.766640+00:00"}
{"EventID": "9", "Channel": "Microsoft-Windows-WindowsSystemAssessmentTool/Operational", "Provider_Name": "Microsoft-Windows-WindowsSystemAssessmentTool", "Computer": "DESKTOP-OFJ6N53", "TimeCreated": "2022-12-21 08:29:05.767487+00:00", "RecordID": "446", "Level": "4", "UserID": "S-1-5-18", "EventData.PhaseID": "10", "EventData.DescriptionSize": "25", "EventData.Description": "Application Intializaton"}
{"EventID": "2", "Channel": "Microsoft-Windows-WindowsSystemAssessmentTool/Operational", "Provider_Name": "Microsoft-Windows-WindowsSystemAssessmentTool", "Computer": "DESKTOP-OFJ6N53", "TimeCreated": "2022-12-21 08:29:05.776648+00:00", "RecordID": "447", "Level": "0", "UserID": "S-1-5-18", "EventData.CommandLineSize": "45", "EventData.CommandLine": "\"C:\\Windows\\system32\\winsat.exe\" disk -wsswap"}
{"EventID": "9", "Channel": "Microsoft-Windows-WindowsSystemAssessmentTool/Operational", "Provider_Name": "Microsoft-Windows-WindowsSystemAssessmentTool", "Computer": "DESKTOP-OFJ6N53", "TimeCreated": "2022-12-21 08:29:05.777189+00:00", "RecordID": "448", "Level": "4", "UserID": "S-1-5-18", "EventData.PhaseID": "20", "EventData.DescriptionSize": "23", "EventData.Description": "Modify system policies"}
{"EventID": "10", "Channel": "Microsoft-Windows-WindowsSystemAssessmentTool/Operational", "Provider_Name": "Microsoft-Windows-WindowsSystemAssessmentTool", "Computer": "DESKTOP-OFJ6N53", "TimeCreated": "2022-12-21 08:29:05.786968+00:00", "RecordID": "449", "Level": "4", "UserID": "S-1-5-18", "EventData.PhaseID": "20"}
{"EventID": "10", "Channel": "Microsoft-Windows-WindowsSystemAssessmentTool/Operational", "Provider_Name": "Microsoft-Windows-WindowsSystemAssessmentTool", "Computer": "DESKTOP-OFJ6N53", "TimeCreated": "2022-12-21 08:29:05.786970+00:00", "RecordID": "450", "Level": "4", "UserID": "S-1-5-18", "EventData.PhaseID": "10"}
{"EventID": "9", "Channel": "Microsoft-Windows-WindowsSystemAssessmentTool/Operational", "Provider_Name": "Microsoft-Windows-WindowsSystemAssessmentTool", "Computer": "DESKTOP-OFJ6N53", "TimeCreated": "2022-12-21 08:29:05.786972+00:00", "RecordID": "451", "Level": "4", "UserID": "S-1-5-18", "EventData.PhaseID": "30", "EventData.DescriptionSize": "19", "EventData.Description": "Gathering Key Info"}
{"EventID": "9", "Channel": "Microsoft-Windows-WindowsSystemAssessmentTool/Operational", "Provider_Name": "Microsoft-Windows-WindowsSystemAssessmentTool", "Computer": "DESKTOP-OFJ6N53", "TimeCreated": "2022-12-21 08:29:05.786995+00:00", "RecordID": "452", "Level": "4", "UserID": "S-1-5-18", "EventData.PhaseID": "40", "EventData.DescriptionSize": "23", "EventData.Description": "Gather CPU information"}
{"EventID": "10", "Channel": "Microsoft-Windows-WindowsSystemAssessmentTool/Operational", "Provider_Name": "Microsoft-Windows-WindowsSystemAssessmentTool", "Computer": "DESKTOP-OFJ6N53", "TimeCreated": "2022-12-21 08:29:05.787104+00:00", "RecordID": "453", "Level": "4", "UserID": "S-1-5-18", "EventData.PhaseID": "40"}
{"EventID": "10", "Channel": "Microsoft-Windows-WindowsSystemAssessmentTool/Operational", "Provider_Name": "Microsoft-Windows-WindowsSystemAssessmentTool", "Computer": "DESKTOP-OFJ6N53", "TimeCreated": "2022-12-21 08:29:05.787106+00:00", "RecordID": "454", "Level": "4", "UserID": "S-1-5-18", "EventData.PhaseID": "30"}
{"EventID": "9", "Channel": "Microsoft-Windows-WindowsSystemAssessmentTool/Operational", "Provider_Name": "Microsoft-Windows-WindowsSystemAssessmentTool", "Computer": "DESKTOP-OFJ6N53", "TimeCreated": "2022-12-21 08:29:05.789330+00:00", "RecordID": "455", "Level": "4", "UserID": "S-1-5-18", "EventData.PhaseID": "1004", "EventData.DescriptionSize": "40", "EventData.Description": "Run Assessment, disk, -wsswap -drive C:"}
{"EventID": "10", "Channel": "Microsoft-Windows-WindowsSystemAssessmentTool/Operational", "Provider_Name": "Microsoft-Windows-WindowsSystemAssessmentTool", "Computer": "DESKTOP-OFJ6N53", "TimeCreated": "2022-12-21 08:29:06.527079+00:00", "RecordID": "456", "Level": "4", "UserID": "S-1-5-18", "EventData.PhaseID": "1004"}
{"EventID": "9", "Channel": "Microsoft-Windows-WindowsSystemAssessmentTool/Operational", "Provider_Name": "Microsoft-Windows-WindowsSystemAssessmentTool", "Computer": "DESKTOP-OFJ6N53", "TimeCreated": "2022-12-21 08:29:06.527084+00:00", "RecordID": "457", "Level": "4", "UserID": "S-1-5-18", "EventData.PhaseID": "130", "EventData.DescriptionSize": "16", "EventData.Description": "Process Results"}
{"EventID": "10", "Channel": "Microsoft-Windows-WindowsSystemAssessmentTool/Operational", "Provider_Name": "Microsoft-Windows-WindowsSystemAssessmentTool", "Computer": "DESKTOP-OFJ6N53", "TimeCreated": "2022-12-21 08:29:06.599718+00:00", "RecordID": "458", "Level": "4", "UserID": "S-1-5-18", "EventData.PhaseID": "130"}
{"EventID": "9", "Channel": "Microsoft-Windows-WindowsSystemAssessmentTool/Operational", "Provider_Name": "Microsoft-Windows-WindowsSystemAssessmentTool", "Computer": "DESKTOP-OFJ6N53", "TimeCreated": "2022-12-21 08:29:06.599720+00:00", "RecordID": "459", "Level": "4", "UserID": "S-1-5-18", "EventData.PhaseID": "150", "EventData.DescriptionSize": "17", "EventData.Description": "Cleanup and exit"}
{"EventID": "9", "Channel": "Microsoft-Windows-WindowsSystemAssessmentTool/Operational", "Provider_Name": "Microsoft-Windows-WindowsSystemAssessmentTool", "Computer": "DESKTOP-OFJ6N53", "TimeCreated": "2022-12-21 08:29:06.601839+00:00", "RecordID": "460", "Level": "4", "UserID": "S-1-5-18", "EventData.PhaseID": "140", "EventData.DescriptionSize": "24", "EventData.Description": "Restore system policies"}
{"EventID": "10", "Channel": "Microsoft-Windows-WindowsSystemAssessmentTool/Operational", "Provider_Name": "Microsoft-Windows-WindowsSystemAssessmentTool", "Computer": "DESKTOP-OFJ6N53", "TimeCreated": "2022-12-21 08:29:06.605263+00:00", "RecordID": "461", "Level": "4", "UserID": "S-1-5-18", "EventData.PhaseID": "140"}
{"EventID": "3", "Channel": "Microsoft-Windows-WindowsSystemAssessmentTool/Operational", "Provider_Name": "Microsoft-Windows-WindowsSystemAssessmentTool", "Computer": "DESKTOP-OFJ6N53", "TimeCreated": "2022-12-21 08:29:06.609480+00:00", "RecordID": "462", "Level": "0", "UserID": "S-1-5-18", "EventData.ExitCode": "0"}
{"EventID": "10", "Channel": "Microsoft-Windows-WindowsSystemAssessmentTool/Operational", "Provider_Name": "Microsoft-Windows-WindowsSystemAssessmentTool", "Computer": "DESKTOP-OFJ6N53", "TimeCreated": "2022-12-21 08:29:06.609482+00:00", "RecordID": "463", "Level": "4", "UserID": "S-1-5-18", "EventData.PhaseID": "150"}
{"EventID": "1", "Channel": "Microsoft-Windows-WindowsSystemAssessmentTool/Operational", "Provider_Name": "Microsoft-Windows-WindowsSystemAssessmentTool", "Computer": "DESKTOP-OFJ6N53", "TimeCreated": "2022-12-21 08:29:55.644400+00:00", "RecordID": "464", "Level": "0", "UserID": "S-1-5-18", "EventData.StartTimeOfDay": "2022-12-21 08:29:55.644037+00:00"}
{"EventID": "9", "Channel": "Microsoft-Windows-WindowsSystemAssessmentTool/Operational", "Provider_Name": "Microsoft-Windows-WindowsSystemAssessmentTool", "Computer": "DESKTOP-OFJ6N53", "TimeCreated": "2022-12-21 08:29:55.644403+00:00", "RecordID": "465", "Level": "4", "UserID": "S-1-5-18", "EventData.PhaseID": "10", "EventData.DescriptionSize": "25", "EventData.Description": "Application Intializaton"}
{"EventID": "2", "Channel": "Microsoft-Windows-WindowsSystemAssessmentTool/Operational", "Provider_Name": "Microsoft-Windows-WindowsSystemAssessmentTool", "Computer": "DESKTOP-OFJ6N53", "TimeCreated": "2022-12-21 08:29:55.651821+00:00", "RecordID": "466", "Level": "0", "UserID": "S-1-5-18", "EventData.CommandLineSize": "45", "EventData.CommandLine": "\"C:\\Windows\\system32\\winsat.exe\" disk -wsswap"}
{"EventID": "9", "Channel": "Microsoft-Windows-WindowsSystemAssessmentTool/Operational", "Provider_Name": "Microsoft-Windows-WindowsSystemAssessmentTool", "Computer": "DESKTOP-OFJ6N53", "TimeCreated": "2022-12-21 08:29:55.652287+00:00", "RecordID": "467", "Level": "4", "UserID": "S-1-5-18", "EventData.PhaseID": "20", "EventData.DescriptionSize": "23", "EventData.Description": "Modify system policies"}
{"EventID": "10", "Channel": "Microsoft-Windows-WindowsSystemAssessmentTool/Operational", "Provider_Name": "Microsoft-Windows-WindowsSystemAssessmentTool", "Computer": "DESKTOP-OFJ6N53", "TimeCreated": "2022-12-21 08:29:55.655855+00:00", "RecordID": "468", "Level": "4", "UserID": "S-1-5-18", "EventData.PhaseID": "20"}
{"EventID": "10", "Channel": "Microsoft-Windows-WindowsSystemAssessmentTool/Operational", "Provider_Name": "Microsoft-Windows-WindowsSystemAssessmentTool", "Computer": "DESKTOP-OFJ6N53", "TimeCreated": "2022-12-21 08:29:55.655857+00:00", "RecordID": "469", "Level": "4", "UserID": "S-1-5-18", "EventData.PhaseID": "10"}
{"EventID": "9", "Channel": "Microsoft-Windows-WindowsSystemAssessmentTool/Operational", "Provider_Name": "Microsoft-Windows-WindowsSystemAssessmentTool", "Computer": "DESKTOP-OFJ6N53", "TimeCreated": "2022-12-21 08:29:55.655859+00:00", "RecordID": "470", "Level": "4", "UserID": "S-1-5-18", "EventData.PhaseID": "30", "EventData.DescriptionSize": "19", "EventData.Description": "Gathering Key Info"}
{"EventID": "9", "Channel": "Microsoft-Windows-WindowsSystemAssessmentTool/Operational", "Provider_Name": "Microsoft-Windows-WindowsSystemAssessmentTool", "Computer": "DESKTOP-OFJ6N53", "TimeCreated": "2022-12-21 08:29:55.655867+00:00", "RecordID": "471", "Level": "4", "UserID": "S-1-5-18", "EventData.PhaseID": "40", "EventData.DescriptionSize": "23", "EventData.Description": "Gather CPU information"}
{"EventID": "10", "Channel": "Microsoft-Windows-WindowsSystemAssessmentTool/Operational", "Provider_Name": "Microsoft-Windows-WindowsSystemAssessmentTool", "Computer": "DESKTOP-OFJ6N53", "TimeCreated": "2022-12-21 08:29:55.655966+00:00", "RecordID": "472", "Level": "4", "UserID": "S-1-5-18", "EventData.PhaseID": "40"}
{"EventID": "10", "Channel": "Microsoft-Windows-WindowsSystemAssessmentTool/Operational", "Provider_Name": "Microsoft-Windows-WindowsSystemAssessmentTool", "Computer": "DESKTOP-OFJ6N53", "TimeCreated": "2022-12-21 08:29:55.655966+00:00", "RecordID": "473", "Level": "4", "UserID": "S-1-5-18", "EventData.PhaseID": "30"}
{"EventID": "9", "Channel": "Microsoft-Windows-WindowsSystemAssessmentTool/Operational", "Provider_Name": "Microsoft-Windows-WindowsSystemAssessmentTool", "Computer": "DESKTOP-OFJ6N53", "TimeCreated": "2022-12-21 08:29:55.658121+00:00", "RecordID": "474", "Level": "4", "UserID": "S-1-5-18", "EventData.PhaseID": "1004", "EventData.DescriptionSize": "40", "EventData.Description": "Run Assessment, disk, -wsswap -drive C:"}
{"EventID": "10", "Channel": "Microsoft-Windows-WindowsSystemAssessmentTool/Operational", "Provider_Name": "Microsoft-Windows-WindowsSystemAssessmentTool", "Computer": "DESKTOP-OFJ6N53", "TimeCreated": "2022-12-21 08:29:56.139666+00:00", "RecordID": "475", "Level": "4", "UserID": "S-1-5-18", "EventData.PhaseID": "1004"}
{"EventID": "9", "Channel": "Microsoft-Windows-WindowsSystemAssessmentTool/Operational", "Provider_Name": "Microsoft-Windows-WindowsSystemAssessmentTool", "Computer": "DESKTOP-OFJ6N53", "TimeCreated": "2022-12-21 08:29:56.139671+00:00", "RecordID": "476", "Level": "4", "UserID": "S-1-5-18", "EventData.PhaseID": "130", "EventData.DescriptionSize": "16", "EventData.Description": "Process Results"}
{"EventID": "10", "Channel": "Microsoft-Windows-WindowsSystemAssessmentTool/Operational", "Provider_Name": "Microsoft-Windows-WindowsSystemAssessmentTool", "Computer": "DESKTOP-OFJ6N53", "TimeCreated": "2022-12-21 08:29:56.157406+00:00", "RecordID": "477", "Level": "4", "UserID": "S-1-5-18", "EventData.PhaseID": "130"}
{"EventID": "9", "Channel": "Microsoft-Windows-WindowsSystemAssessmentTool/Operational", "Provider_Name": "Microsoft-Windows-WindowsSystemAssessmentTool", "Computer": "DESKTOP-OFJ6N53", "TimeCreated": "2022-12-21 08:29:56.157408+00:00", "RecordID": "478", "Level": "4", "UserID": "S-1-5-18", "EventData.PhaseID": "150", "EventData.DescriptionSize": "17", "EventData.Description": "Cleanup and exit"}
{"EventID": "9", "Channel": "Microsoft-Windows-WindowsSystemAssessmentTool/Operational", "Provider_Name": "Microsoft-Windows-WindowsSystemAssessmentTool", "Computer": "DESKTOP-OFJ6N53", "TimeCreated": "2022-12-21 08:29:56.158115+00:00", "RecordID": "479", "Level": "4", "UserID": "S-1-5-18", "EventData.PhaseID": "140", "EventData.DescriptionSize": "24", "EventData.Description": "Restore system policies"}
{"EventID": "10", "Channel": "Microsoft-Windows-WindowsSystemAssessmentTool/Operational", "Provider_Name": "Microsoft-Windows-WindowsSystemAssessmentTool", "Computer": "DESKTOP-OFJ6N53", "TimeCreated": "2022-12-21 08:29:56.159388+00:00", "RecordID": "480", "Level": "4", "UserID": "S-1-5-18", "EventData.PhaseID": "140"}
{"EventID": "3", "Channel": "Microsoft-Windows-WindowsSystemAssessmentTool/Operational", "Provider_Name": "Microsoft-Windows-WindowsSystemAssessmentTool", "Computer": "DESKTOP-OFJ6N53", "TimeCreated": "2022-12-21 08:29:56.161251+00:00", "RecordID": "481", "Level": "0", "UserID": "S-1-5-18", "EventData.ExitCode": "0"}
{"EventID": "10", "Channel": "Microsoft-Windows-WindowsSystemAssessmentTool/Operational", "Provider_Name": "Microsoft-Windows-WindowsSystemAssessmentTool", "Computer": "DESKTOP-OFJ6N53", "TimeCreated": "2022-12-21 08:29:56.161253+00:00", "RecordID": "482", "Level": "4", "UserID": "S-1-5-18", "EventData.PhaseID": "150"}
{"EventID": "1", "Channel": "Microsoft-Windows-WindowsSystemAssessmentTool/Operational", "Provider_Name": "Microsoft-Windows-WindowsSystemAssessmentTool", "Computer": "DESKTOP-OFJ6N53", "TimeCreated": "2023-01-20 09:55:03.088970+00:00", "RecordID": "483", "Level": "0", "UserID": "S-1-5-18", "EventData.StartTimeOfDay": "2023-01-20 09:55:03.074121+00:00"}
{"EventID": "9", "Channel": "Microsoft-Windows-WindowsSystemAssessmentTool/Operational", "Provider_Name": "Microsoft-Windows-WindowsSystemAssessmentTool", "Computer": "DESKTOP-OFJ6N53", "TimeCreated": "2023-01-20 09:55:03.088972+00:00", "RecordID": "484", "Level": "4", "UserID": "S-1-5-18", "EventData.PhaseID": "10", "EventData.DescriptionSize": "25", "EventData.Description": "Application Intializaton"}
{"EventID": "2", "Channel": "Microsoft-Windows-WindowsSystemAssessmentTool/Operational", "Provider_Name": "Microsoft-Windows-WindowsSystemAssessmentTool", "Computer": "DESKTOP-OFJ6N53", "TimeCreated": "2023-01-20 09:55:03.103018+00:00", "RecordID": "485", "Level": "0", "UserID": "S-1-5-18", "EventData.CommandLineSize": "45", "EventData.CommandLine": "\"C:\\Windows\\system32\\winsat.exe\" disk -wsswap"}
{"EventID": "9", "Channel": "Microsoft-Windows-WindowsSystemAssessmentTool/Operational", "Provider_Name": "Microsoft-Windows-WindowsSystemAssessmentTool", "Computer": "DESKTOP-OFJ6N53", "TimeCreated": "2023-01-20 09:55:03.103468+00:00", "RecordID": "486", "Level": "4", "UserID": "S-1-5-18", "EventData.PhaseID": "20", "EventData.DescriptionSize": "23", "EventData.Description": "Modify system policies"}
{"EventID": "10", "Channel": "Microsoft-Windows-WindowsSystemAssessmentTool/Operational", "Provider_Name": "Microsoft-Windows-WindowsSystemAssessmentTool", "Computer": "DESKTOP-OFJ6N53", "TimeCreated": "2023-01-20 09:55:03.111948+00:00", "RecordID": "487", "Level": "4", "UserID": "S-1-5-18", "EventData.PhaseID": "20"}
{"EventID": "10", "Channel": "Microsoft-Windows-WindowsSystemAssessmentTool/Operational", "Provider_Name": "Microsoft-Windows-WindowsSystemAssessmentTool", "Computer": "DESKTOP-OFJ6N53", "TimeCreated": "2023-01-20 09:55:03.111952+00:00", "RecordID": "488", "Level": "4", "UserID": "S-1-5-18", "EventData.PhaseID": "10"}
{"EventID": "9", "Channel": "Microsoft-Windows-WindowsSystemAssessmentTool/Operational", "Provider_Name": "Microsoft-Windows-WindowsSystemAssessmentTool", "Computer": "DESKTOP-OFJ6N53", "TimeCreated": "2023-01-20 09:55:03.111954+00:00", "RecordID": "489", "Level": "4", "UserID": "S-1-5-18", "EventData.PhaseID": "30", "EventData.DescriptionSize": "19", "EventData.Description": "Gathering Key Info"}
{"EventID": "9", "Channel": "Microsoft-Windows-WindowsSystemAssessmentTool/Operational", "Provider_Name": "Microsoft-Windows-WindowsSystemAssessmentTool", "Computer": "DESKTOP-OFJ6N53", "TimeCreated": "2023-01-20 09:55:03.111979+00:00", "RecordID": "490", "Level": "4", "UserID": "S-1-5-18", "EventData.PhaseID": "40", "EventData.DescriptionSize": "23", "EventData.Description": "Gather CPU information"}
{"EventID": "10", "Channel": "Microsoft-Windows-WindowsSystemAssessmentTool/Operational", "Provider_Name": "Microsoft-Windows-WindowsSystemAssessmentTool", "Computer": "DESKTOP-OFJ6N53", "TimeCreated": "2023-01-20 09:55:03.112076+00:00", "RecordID": "491", "Level": "4", "UserID": "S-1-5-18", "EventData.PhaseID": "40"}
{"EventID": "10", "Channel": "Microsoft-Windows-WindowsSystemAssessmentTool/Operational", "Provider_Name": "Microsoft-Windows-WindowsSystemAssessmentTool", "Computer": "DESKTOP-OFJ6N53", "TimeCreated": "2023-01-20 09:55:03.112076+00:00", "RecordID": "492", "Level": "4", "UserID": "S-1-5-18", "EventData.PhaseID": "30"}
{"EventID": "9", "Channel": "Microsoft-Windows-WindowsSystemAssessmentTool/Operational", "Provider_Name": "Microsoft-Windows-WindowsSystemAssessmentTool", "Computer": "DESKTOP-OFJ6N53", "TimeCreated": "2023-01-20 09:55:03.116785+00:00", "RecordID": "493", "Level": "4", "UserID": "S-1-5-18", "EventData.PhaseID": "1004", "EventData.DescriptionSize": "40", "EventData.Description": "Run Assessment, disk, -wsswap -drive C:"}
{"EventID": "10", "Channel": "Microsoft-Windows-WindowsSystemAssessmentTool/Operational", "Provider_Name": "Microsoft-Windows-WindowsSystemAssessmentTool", "Computer": "DESKTOP-OFJ6N53", "TimeCreated": "2023-01-20 09:55:04.447138+00:00", "RecordID": "494", "Level": "4", "UserID": "S-1-5-18", "EventData.PhaseID": "1004"}
{"EventID": "9", "Channel": "Microsoft-Windows-WindowsSystemAssessmentTool/Operational", "Provider_Name": "Microsoft-Windows-WindowsSystemAssessmentTool", "Computer": "DESKTOP-OFJ6N53", "TimeCreated": "2023-01-20 09:55:04.447142+00:00", "RecordID": "495", "Level": "4", "UserID": "S-1-5-18", "EventData.PhaseID": "130", "EventData.DescriptionSize": "16", "EventData.Description": "Process Results"}
{"EventID": "10", "Channel": "Microsoft-Windows-WindowsSystemAssessmentTool/Operational", "Provider_Name": "Microsoft-Windows-WindowsSystemAssessmentTool", "Computer": "DESKTOP-OFJ6N53", "TimeCreated": "2023-01-20 09:55:04.611397+00:00", "RecordID": "496", "Level": "4", "UserID": "S-1-5-18", "EventData.PhaseID": "130"}
{"EventID": "9", "Channel": "Microsoft-Windows-WindowsSystemAssessmentTool/Operational", "Provider_Name": "Microsoft-Windows-WindowsSystemAssessmentTool", "Computer": "DESKTOP-OFJ6N53", "TimeCreated": "2023-01-20 09:55:04.611399+00:00", "RecordID": "497", "Level": "4", "UserID": "S-1-5-18", "EventData.PhaseID": "150", "EventData.DescriptionSize": "17", "EventData.Description": "Cleanup and exit"}
{"EventID": "9", "Channel": "Microsoft-Windows-WindowsSystemAssessmentTool/Operational", "Provider_Name": "Microsoft-Windows-WindowsSystemAssessmentTool", "Computer": "DESKTOP-OFJ6N53", "TimeCreated": "2023-01-20 09:55:04.612640+00:00", "RecordID": "498", "Level": "4", "UserID": "S-1-5-18", "EventData.PhaseID": "140", "EventData.DescriptionSize": "24", "EventData.Description": "Restore system policies"}
{"EventID": "10", "Channel": "Microsoft-Windows-WindowsSystemAssessmentTool/Operational", "Provider_Name": "Microsoft-Windows-WindowsSystemAssessmentTool", "Computer": "DESKTOP-OFJ6N53", "TimeCreated": "2023-01-20 09:55:04.616175+00:00", "RecordID": "499", "Level": "4", "UserID": "S-1-5-18", "EventData.PhaseID": "140"}
{"EventID": "3", "Channel": "Microsoft-Windows-WindowsSystemAssessmentTool/Operational", "Provider_Name": "Microsoft-Windows-WindowsSystemAssessmentTool", "Computer": "DESKTOP-OFJ6N53", "TimeCreated": "2023-01-20 09:55:04.629440+00:00", "RecordID": "500", "Level": "0", "UserID": "S-1-5-18", "EventData.ExitCode": "0"}
{"EventID": "10", "Channel": "Microsoft-Windows-WindowsSystemAssessmentTool/Operational", "Provider_Name": "Microsoft-Windows-WindowsSystemAssessmentTool", "Computer": "DESKTOP-OFJ6N53", "TimeCreated": "2023-01-20 09:55:04.629446+00:00", "RecordID": "501", "Level": "4", "UserID": "S-1-5-18", "EventData.PhaseID": "150"}
{"EventID": "1", "Channel": "Microsoft-Windows-WindowsSystemAssessmentTool/Operational", "Provider_Name": "Microsoft-Windows-WindowsSystemAssessmentTool", "Computer": "DESKTOP-OFJ6N53", "TimeCreated": "2023-01-20 09:57:15.091516+00:00", "RecordID": "502", "Level": "0", "UserID": "S-1-5-18", "EventData.StartTimeOfDay": "2023-01-20 09:57:15.078215+00:00"}
{"EventID": "9", "Channel": "Microsoft-Windows-WindowsSystemAssessmentTool/Operational", "Provider_Name": "Microsoft-Windows-WindowsSystemAssessmentTool", "Computer": "DESKTOP-OFJ6N53", "TimeCreated": "2023-01-20 09:57:15.091520+00:00", "RecordID": "503", "Level": "4", "UserID": "S-1-5-18", "EventData.PhaseID": "10", "EventData.DescriptionSize": "25", "EventData.Description": "Application Intializaton"}
{"EventID": "2", "Channel": "Microsoft-Windows-WindowsSystemAssessmentTool/Operational", "Provider_Name": "Microsoft-Windows-WindowsSystemAssessmentTool", "Computer": "DESKTOP-OFJ6N53", "TimeCreated": "2023-01-20 09:57:15.100208+00:00", "RecordID": "504", "Level": "0", "UserID": "S-1-5-18", "EventData.CommandLineSize": "45", "EventData.CommandLine": "\"C:\\Windows\\system32\\winsat.exe\" disk -wsswap"}
{"EventID": "9", "Channel": "Microsoft-Windows-WindowsSystemAssessmentTool/Operational", "Provider_Name": "Microsoft-Windows-WindowsSystemAssessmentTool", "Computer": "DESKTOP-OFJ6N53", "TimeCreated": "2023-01-20 09:57:15.100668+00:00", "RecordID": "505", "Level": "4", "UserID": "S-1-5-18", "EventData.PhaseID": "20", "EventData.DescriptionSize": "23", "EventData.Description": "Modify system policies"}
{"EventID": "10", "Channel": "Microsoft-Windows-WindowsSystemAssessmentTool/Operational", "Provider_Name": "Microsoft-Windows-WindowsSystemAssessmentTool", "Computer": "DESKTOP-OFJ6N53", "TimeCreated": "2023-01-20 09:57:15.108204+00:00", "RecordID": "506", "Level": "4", "UserID": "S-1-5-18", "EventData.PhaseID": "20"}
{"EventID": "10", "Channel": "Microsoft-Windows-WindowsSystemAssessmentTool/Operational", "Provider_Name": "Microsoft-Windows-WindowsSystemAssessmentTool", "Computer": "DESKTOP-OFJ6N53", "TimeCreated": "2023-01-20 09:57:15.108206+00:00", "RecordID": "507", "Level": "4", "UserID": "S-1-5-18", "EventData.PhaseID": "10"}
{"EventID": "9", "Channel": "Microsoft-Windows-WindowsSystemAssessmentTool/Operational", "Provider_Name": "Microsoft-Windows-WindowsSystemAssessmentTool", "Computer": "DESKTOP-OFJ6N53", "TimeCreated": "2023-01-20 09:57:15.108206+00:00", "RecordID": "508", "Level": "4", "UserID": "S-1-5-18", "EventData.PhaseID": "30", "EventData.DescriptionSize": "19", "EventData.Description": "Gathering Key Info"}
{"EventID": "9", "Channel": "Microsoft-Windows-WindowsSystemAssessmentTool/Operational", "Provider_Name": "Microsoft-Windows-WindowsSystemAssessmentTool", "Computer": "DESKTOP-OFJ6N53", "TimeCreated": "2023-01-20 09:57:15.108225+00:00", "RecordID": "509", "Level": "4", "UserID": "S-1-5-18", "EventData.PhaseID": "40", "EventData.DescriptionSize": "23", "EventData.Description": "Gather CPU information"}
{"EventID": "10", "Channel": "Microsoft-Windows-WindowsSystemAssessmentTool/Operational", "Provider_Name": "Microsoft-Windows-WindowsSystemAssessmentTool", "Computer": "DESKTOP-OFJ6N53", "TimeCreated": "2023-01-20 09:57:15.108315+00:00", "RecordID": "510", "Level": "4", "UserID": "S-1-5-18", "EventData.PhaseID": "40"}
{"EventID": "10", "Channel": "Microsoft-Windows-WindowsSystemAssessmentTool/Operational", "Provider_Name": "Microsoft-Windows-WindowsSystemAssessmentTool", "Computer": "DESKTOP-OFJ6N53", "TimeCreated": "2023-01-20 09:57:15.108315+00:00", "RecordID": "511", "Level": "4", "UserID": "S-1-5-18", "EventData.PhaseID": "30"}
{"EventID": "9", "Channel": "Microsoft-Windows-WindowsSystemAssessmentTool/Operational", "Provider_Name": "Microsoft-Windows-WindowsSystemAssessmentTool", "Computer": "DESKTOP-OFJ6N53", "TimeCreated": "2023-01-20 09:57:15.111519+00:00", "RecordID": "512", "Level": "4", "UserID": "S-1-5-18", "EventData.PhaseID": "1004", "EventData.DescriptionSize": "40", "EventData.Description": "Run Assessment, disk, -wsswap -drive C:"}
{"EventID": "10", "Channel": "Microsoft-Windows-WindowsSystemAssessmentTool/Operational", "Provider_Name": "Microsoft-Windows-WindowsSystemAssessmentTool", "Computer": "DESKTOP-OFJ6N53", "TimeCreated": "2023-01-20 09:57:15.657257+00:00", "RecordID": "513", "Level": "4", "UserID": "S-1-5-18", "EventData.PhaseID": "1004"}
{"EventID": "9", "Channel": "Microsoft-Windows-WindowsSystemAssessmentTool/Operational", "Provider_Name": "Microsoft-Windows-WindowsSystemAssessmentTool", "Computer": "DESKTOP-OFJ6N53", "TimeCreated": "2023-01-20 09:57:15.657261+00:00", "RecordID": "514", "Level": "4", "UserID": "S-1-5-18", "EventData.PhaseID": "130", "EventData.DescriptionSize": "16", "EventData.Description": "Process Results"}
{"EventID": "10", "Channel": "Microsoft-Windows-WindowsSystemAssessmentTool/Operational", "Provider_Name": "Microsoft-Windows-WindowsSystemAssessmentTool", "Computer": "DESKTOP-OFJ6N53", "TimeCreated": "2023-01-20 09:57:15.673567+00:00", "RecordID": "515", "Level": "4", "UserID": "S-1-5-18", "EventData.PhaseID": "130"}
{"EventID": "9", "Channel": "Microsoft-Windows-WindowsSystemAssessmentTool/Operational", "Provider_Name": "Microsoft-Windows-WindowsSystemAssessmentTool", "Computer": "DESKTOP-OFJ6N53", "TimeCreated": "2023-01-20 09:57:15.673571+00:00", "RecordID": "516", "Level": "4", "UserID": "S-1-5-18", "EventData.PhaseID": "150", "EventData.DescriptionSize": "17", "EventData.Description": "Cleanup and exit"}
{"EventID": "9", "Channel": "Microsoft-Windows-WindowsSystemAssessmentTool/Operational", "Provider_Name": "Microsoft-Windows-WindowsSystemAssessmentTool", "Computer": "DESKTOP-OFJ6N53", "TimeCreated": "2023-01-20 09:57:15.675005+00:00", "RecordID": "517", "Level": "4", "UserID": "S-1-5-18", "EventData.PhaseID": "140", "EventData.DescriptionSize": "24", "EventData.Description": "Restore system policies"}
{"EventID": "10", "Channel": "Microsoft-Windows-WindowsSystemAssessmentTool/Operational", "Provider_Name": "Microsoft-Windows-WindowsSystemAssessmentTool", "Computer": "DESKTOP-OFJ6N53", "TimeCreated": "2023-01-20 09:57:15.676693+00:00", "RecordID": "518", "Level": "4", "UserID": "S-1-5-18", "EventData.PhaseID": "140"}
{"EventID": "3", "Channel": "Microsoft-Windows-WindowsSystemAssessmentTool/Operational", "Provider_Name": "Microsoft-Windows-WindowsSystemAssessmentTool", "Computer": "DESKTOP-OFJ6N53", "TimeCreated": "2023-01-20 09:57:15.678246+00:00", "RecordID": "519", "Level": "0", "UserID": "S-1-5-18", "EventData.ExitCode": "0"}
{"EventID": "10", "Channel": "Microsoft-Windows-WindowsSystemAssessmentTool/Operational", "Provider_Name": "Microsoft-Windows-WindowsSystemAssessmentTool", "Computer": "DESKTOP-OFJ6N53", "TimeCreated": "2023-01-20 09:57:15.678249+00:00", "RecordID": "520", "Level": "4", "UserID": "S-1-5-18", "EventData.PhaseID": "150"}
{"EventID": "1", "Channel": "Microsoft-Windows-WindowsSystemAssessmentTool/Operational", "Provider_Name": "Microsoft-Windows-WindowsSystemAssessmentTool", "Computer": "DESKTOP-OFJ6N53", "TimeCreated": "2023-02-19 09:24:28.791246+00:00", "RecordID": "521", "Level": "0", "UserID": "S-1-5-18", "EventData.StartTimeOfDay": "2023-02-19 09:24:28.779190+00:00"}
{"EventID": "9", "Channel": "Microsoft-Windows-WindowsSystemAssessmentTool/Operational", "Provider_Name": "Microsoft-Windows-WindowsSystemAssessmentTool", "Computer": "DESKTOP-OFJ6N53", "TimeCreated": "2023-02-19 09:24:28.791248+00:00", "RecordID": "522", "Level": "4", "UserID": "S-1-5-18", "EventData.PhaseID": "10", "EventData.DescriptionSize": "25", "EventData.Description": "Application Intializaton"}
{"EventID": "2", "Channel": "Microsoft-Windows-WindowsSystemAssessmentTool/Operational", "Provider_Name": "Microsoft-Windows-WindowsSystemAssessmentTool", "Computer": "DESKTOP-OFJ6N53", "TimeCreated": "2023-02-19 09:24:28.804276+00:00", "RecordID": "523", "Level": "0", "UserID": "S-1-5-18", "EventData.CommandLineSize": "45", "EventData.CommandLine": "\"C:\\Windows\\system32\\winsat.exe\" disk -wsswap"}
{"EventID": "9", "Channel": "Microsoft-Windows-WindowsSystemAssessmentTool/Operational", "Provider_Name": "Microsoft-Windows-WindowsSystemAssessmentTool", "Computer": "DESKTOP-OFJ6N53", "TimeCreated": "2023-02-19 09:24:28.805134+00:00", "RecordID": "524", "Level": "4", "UserID": "S-1-5-18", "EventData.PhaseID": "20", "EventData.DescriptionSize": "23", "EventData.Description": "Modify system policies"}
{"EventID": "10", "Channel": "Microsoft-Windows-WindowsSystemAssessmentTool/Operational", "Provider_Name": "Microsoft-Windows-WindowsSystemAssessmentTool", "Computer": "DESKTOP-OFJ6N53", "TimeCreated": "2023-02-19 09:24:28.818539+00:00", "RecordID": "525", "Level": "4", "UserID": "S-1-5-18", "EventData.PhaseID": "20"}
{"EventID": "10", "Channel": "Microsoft-Windows-WindowsSystemAssessmentTool/Operational", "Provider_Name": "Microsoft-Windows-WindowsSystemAssessmentTool", "Computer": "DESKTOP-OFJ6N53", "TimeCreated": "2023-02-19 09:24:28.818542+00:00", "RecordID": "526", "Level": "4", "UserID": "S-1-5-18", "EventData.PhaseID": "10"}
{"EventID": "9", "Channel": "Microsoft-Windows-WindowsSystemAssessmentTool/Operational", "Provider_Name": "Microsoft-Windows-WindowsSystemAssessmentTool", "Computer": "DESKTOP-OFJ6N53", "TimeCreated": "2023-02-19 09:24:28.818542+00:00", "RecordID": "527", "Level": "4", "UserID": "S-1-5-18", "EventData.PhaseID": "30", "EventData.DescriptionSize": "19", "EventData.Description": "Gathering Key Info"}
{"EventID": "9", "Channel": "Microsoft-Windows-WindowsSystemAssessmentTool/Operational", "Provider_Name": "Microsoft-Windows-WindowsSystemAssessmentTool", "Computer": "DESKTOP-OFJ6N53", "TimeCreated": "2023-02-19 09:24:28.818563+00:00", "RecordID": "528", "Level": "4", "UserID": "S-1-5-18", "EventData.PhaseID": "40", "EventData.DescriptionSize": "23", "EventData.Description": "Gather CPU information"}
{"EventID": "10", "Channel": "Microsoft-Windows-WindowsSystemAssessmentTool/Operational", "Provider_Name": "Microsoft-Windows-WindowsSystemAssessmentTool", "Computer": "DESKTOP-OFJ6N53", "TimeCreated": "2023-02-19 09:24:28.818663+00:00", "RecordID": "529", "Level": "4", "UserID": "S-1-5-18", "EventData.PhaseID": "40"}
{"EventID": "10", "Channel": "Microsoft-Windows-WindowsSystemAssessmentTool/Operational", "Provider_Name": "Microsoft-Windows-WindowsSystemAssessmentTool", "Computer": "DESKTOP-OFJ6N53", "TimeCreated": "2023-02-19 09:24:28.818663+00:00", "RecordID": "530", "Level": "4", "UserID": "S-1-5-18", "EventData.PhaseID": "30"}
{"EventID": "9", "Channel": "Microsoft-Windows-WindowsSystemAssessmentTool/Operational", "Provider_Name": "Microsoft-Windows-WindowsSystemAssessmentTool", "Computer": "DESKTOP-OFJ6N53", "TimeCreated": "2023-02-19 09:24:28.822367+00:00", "RecordID": "531", "Level": "4", "UserID": "S-1-5-18", "EventData.PhaseID": "1004", "EventData.DescriptionSize": "40", "EventData.Description": "Run Assessment, disk, -wsswap -drive C:"}
{"EventID": "10", "Channel": "Microsoft-Windows-WindowsSystemAssessmentTool/Operational", "Provider_Name": "Microsoft-Windows-WindowsSystemAssessmentTool", "Computer": "DESKTOP-OFJ6N53", "TimeCreated": "2023-02-19 09:24:29.543110+00:00", "RecordID": "532", "Level": "4", "UserID": "S-1-5-18", "EventData.PhaseID": "1004"}
{"EventID": "9", "Channel": "Microsoft-Windows-WindowsSystemAssessmentTool/Operational", "Provider_Name": "Microsoft-Windows-WindowsSystemAssessmentTool", "Computer": "DESKTOP-OFJ6N53", "TimeCreated": "2023-02-19 09:24:29.543114+00:00", "RecordID": "533", "Level": "4", "UserID": "S-1-5-18", "EventData.PhaseID": "130", "EventData.DescriptionSize": "16", "EventData.Description": "Process Results"}
{"EventID": "10", "Channel": "Microsoft-Windows-WindowsSystemAssessmentTool/Operational", "Provider_Name": "Microsoft-Windows-WindowsSystemAssessmentTool", "Computer": "DESKTOP-OFJ6N53", "TimeCreated": "2023-02-19 09:24:30.041506+00:00", "RecordID": "534", "Level": "4", "UserID": "S-1-5-18", "EventData.PhaseID": "130"}
