{"EventID": "3089", "Channel": "Microsoft-Windows-CodeIntegrity/Operational", "Provider_Name": "Microsoft-Windows-CodeIntegrity", "Computer": "DESKTOP-OFJ6N53", "TimeCreated": "2025-03-03 09:25:31.041555+00:00", "RecordID": "62983", "Level": "4", "UserID": "S-1-5-21-963789628-1060504924-4285088085-1001", "EventData.TotalSignatureCount": "2", "EventData.Signature": "1", "EventData.CacheState": "3", "EventData.Hash Size": "32", "EventData.Hash": "qkDZthOAdJcRWUT7Msi3BNeyK2Z8VTKbpDvAUQRtf18=", "EventData.PageHash": "False", "EventData.SignatureType": "1", "EventData.ValidatedSigningLevel": "1", "EventData.VerificationError": "7", "EventData.Flags": "0", "EventData.PolicyBits": "16", "EventData.NotValidBefore": "2018-01-22 00:00:00+00:00", "EventData.NotValidAfter": "2021-03-05 12:00:00+00:00", "EventData.PublisherNameLength": "14", "EventData.PublisherName": "LLC Crypto-Pro", "EventData.IssuerNameLength": "34", "EventData.IssuerName": "DigiCert EV Code Signing CA (SHA2)", "EventData.PublisherTBSHashSize": "32", "EventData.PublisherTBSHash": "bSSn12wcu4g4gSlvMwWiHV9M9wWp9OQ2cIVVIyXQhpQ=", "EventData.IssuerTBSHashSize": "32", "EventData.IssuerTBSHash": "7sWBMdwRzX9RJQGxX9vGB0xgO2jKkfcWLVoEIFTtsM8="}
{"EventID": "3033", "Channel": "Microsoft-Windows-CodeIntegrity/Operational", "Provider_Name": "Microsoft-Windows-CodeIntegrity", "Computer": "DESKTOP-OFJ6N53", "TimeCreated": "2025-03-03 09:25:31.127018+00:00", "RecordID": "62984", "Level": "2", "UserID": "S-1-5-21-963789628-1060504924-4285088085-1001", "EventData.FileNameLength": "83", "EventData.FileNameBuffer": "\\Device\\HarddiskVolume3\\Program Files\\Common Files\\Crypto Pro\\AppCompat\\cpcrypt.dll", "EventData.ProcessNameLength": "74", "EventData.ProcessNameBuffer": "\\Device\\HarddiskVolume3\\Program Files\\Google\\Chrome\\Application\\chrome.exe", "EventData.RequestedPolicy": "8", "EventData.ValidatedPolicy": "1", "EventData.Status": "3221226536"}
{"EventID": "3089", "Channel": "Microsoft-Windows-CodeIntegrity/Operational", "Provider_Name": "Microsoft-Windows-CodeIntegrity", "Computer": "DESKTOP-OFJ6N53", "TimeCreated": "2025-03-03 09:25:31.127020+00:00", "RecordID": "62985", "Level": "4", "UserID": "S-1-5-21-963789628-1060504924-4285088085-1001", "EventData.TotalSignatureCount": "2", "EventData.Signature": "0", "EventData.CacheState": "3", "EventData.Hash Size": "20", "EventData.Hash": "9QpKzklFmf9iueYwJfRGk7RS01A=", "EventData.PageHash": "False", "EventData.SignatureType": "1", "EventData.ValidatedSigningLevel": "1", "EventData.VerificationError": "7", "EventData.Flags": "0", "EventData.PolicyBits": "16", "EventData.NotValidBefore": "2019-03-28 00:00:00+00:00", "EventData.NotValidAfter": "2021-03-05 12:00:00+00:00", "EventData.PublisherNameLength": "14", "EventData.PublisherName": "LLC Crypto-Pro", "EventData.IssuerNameLength": "27", "EventData.IssuerName": "DigiCert EV Code Signing CA", "EventData.PublisherTBSHashSize": "20", "EventData.PublisherTBSHash": "ryzeyGzx0kbOBQrxo9TZ057FBVo=", "EventData.IssuerTBSHashSize": "20", "EventData.IssuerTBSHash": "LVTBao+LaczepI0GA8Ey9Uelz3U="}
{"EventID": "3089", "Channel": "Microsoft-Windows-CodeIntegrity/Operational", "Provider_Name": "Microsoft-Windows-CodeIntegrity", "Computer": "DESKTOP-OFJ6N53", "TimeCreated": "2025-03-03 09:25:31.127024+00:00", "RecordID": "62986", "Level": "4", "UserID": "S-1-5-21-963789628-1060504924-4285088085-1001", "EventData.TotalSignatureCount": "2", "EventData.Signature": "1", "EventData.CacheState": "3", "EventData.Hash Size": "32", "EventData.Hash": "qkDZthOAdJcRWUT7Msi3BNeyK2Z8VTKbpDvAUQRtf18=", "EventData.PageHash": "False", "EventData.SignatureType": "1", "EventData.ValidatedSigningLevel": "1", "EventData.VerificationError": "7", "EventData.Flags": "0", "EventData.PolicyBits": "16", "EventData.NotValidBefore": "2018-01-22 00:00:00+00:00", "EventData.NotValidAfter": "2021-03-05 12:00:00+00:00", "EventData.PublisherNameLength": "14", "EventData.PublisherName": "LLC Crypto-Pro", "EventData.IssuerNameLength": "34", "EventData.IssuerName": "DigiCert EV Code Signing CA (SHA2)", "EventData.PublisherTBSHashSize": "32", "EventData.PublisherTBSHash": "bSSn12wcu4g4gSlvMwWiHV9M9wWp9OQ2cIVVIyXQhpQ=", "EventData.IssuerTBSHashSize": "32", "EventData.IssuerTBSHash": "7sWBMdwRzX9RJQGxX9vGB0xgO2jKkfcWLVoEIFTtsM8="}
{"EventID": "3033", "Channel": "Microsoft-Windows-CodeIntegrity/Operational", "Provider_Name": "Microsoft-Windows-CodeIntegrity", "Computer": "DESKTOP-OFJ6N53", "TimeCreated": "2025-03-03 09:25:36.177525+00:00", "RecordID": "62987", "Level": "2", "UserID": "S-1-5-21-963789628-1060504924-4285088085-1001", "EventData.FileNameLength": "83", "EventData.FileNameBuffer": "\\Device\\HarddiskVolume3\\Program Files\\Common Files\\Crypto Pro\\AppCompat\\cpcrypt.dll", "EventData.ProcessNameLength": "74", "EventData.ProcessNameBuffer": "\\Device\\HarddiskVolume3\\Program Files\\Google\\Chrome\\Application\\chrome.exe", "EventData.RequestedPolicy": "8", "EventData.ValidatedPolicy": "1", "EventData.Status": "3221226536"}
{"EventID": "3089", "Channel": "Microsoft-Windows-CodeIntegrity/Operational", "Provider_Name": "Microsoft-Windows-CodeIntegrity", "Computer": "DESKTOP-OFJ6N53", "TimeCreated": "2025-03-03 09:25:36.177526+00:00", "RecordID": "62988", "Level": "4", "UserID": "S-1-5-21-963789628-1060504924-4285088085-1001", "EventData.TotalSignatureCount": "2", "EventData.Signature": "0", "EventData.CacheState": "3", "EventData.Hash Size": "20", "EventData.Hash": "9QpKzklFmf9iueYwJfRGk7RS01A=", "EventData.PageHash": "False", "EventData.SignatureType": "1", "EventData.ValidatedSigningLevel": "1", "EventData.VerificationError": "7", "EventData.Flags": "0", "EventData.PolicyBits": "16", "EventData.NotValidBefore": "2019-03-28 00:00:00+00:00", "EventData.NotValidAfter": "2021-03-05 12:00:00+00:00", "EventData.PublisherNameLength": "14", "EventData.PublisherName": "LLC Crypto-Pro", "EventData.IssuerNameLength": "27", "EventData.IssuerName": "DigiCert EV Code Signing CA", "EventData.PublisherTBSHashSize": "20", "EventData.PublisherTBSHash": "ryzeyGzx0kbOBQrxo9TZ057FBVo=", "EventData.IssuerTBSHashSize": "20", "EventData.IssuerTBSHash": "LVTBao+LaczepI0GA8Ey9Uelz3U="}
{"EventID": "3089", "Channel": "Microsoft-Windows-CodeIntegrity/Operational", "Provider_Name": "Microsoft-Windows-CodeIntegrity", "Computer": "DESKTOP-OFJ6N53", "TimeCreated": "2025-03-03 09:25:36.177528+00:00", "RecordID": "62989", "Level": "4", "UserID": "S-1-5-21-963789628-1060504924-4285088085-1001", "EventData.TotalSignatureCount": "2", "EventData.Signature": "1", "EventData.CacheState": "3", "EventData.Hash Size": "32", "EventData.Hash": "qkDZthOAdJcRWUT7Msi3BNeyK2Z8VTKbpDvAUQRtf18=", "EventData.PageHash": "False", "EventData.SignatureType": "1", "EventData.ValidatedSigningLevel": "1", "EventData.VerificationError": "7", "EventData.Flags": "0", "EventData.PolicyBits": "16", "EventData.NotValidBefore": "2018-01-22 00:00:00+00:00", "EventData.NotValidAfter": "2021-03-05 12:00:00+00:00", "EventData.PublisherNameLength": "14", "EventData.PublisherName": "LLC Crypto-Pro", "EventData.IssuerNameLength": "34", "EventData.IssuerName": "DigiCert EV Code Signing CA (SHA2)", "EventData.PublisherTBSHashSize": "32", "EventData.PublisherTBSHash": "bSSn12wcu4g4gSlvMwWiHV9M9wWp9OQ2cIVVIyXQhpQ=", "EventData.IssuerTBSHashSize": "32", "EventData.IssuerTBSHash": "7sWBMdwRzX9RJQGxX9vGB0xgO2jKkfcWLVoEIFTtsM8="}
{"EventID": "3033", "Channel": "Microsoft-Windows-CodeIntegrity/Operational", "Provider_Name": "Microsoft-Windows-CodeIntegrity", "Computer": "DESKTOP-OFJ6N53", "TimeCreated": "2025-03-03 09:26:44.130863+00:00", "RecordID": "62990", "Level": "2", "UserID": "S-1-5-21-963789628-1060504924-4285088085-1001", "EventData.FileNameLength": "83", "EventData.FileNameBuffer": "\\Device\\HarddiskVolume3\\Program Files\\Common Files\\Crypto Pro\\AppCompat\\cpcrypt.dll", "EventData.ProcessNameLength": "74", "EventData.ProcessNameBuffer": "\\Device\\HarddiskVolume3\\Program Files\\Google\\Chrome\\Application\\chrome.exe", "EventData.RequestedPolicy": "8", "EventData.ValidatedPolicy": "1", "EventData.Status": "3221226536"}
{"EventID": "3089", "Channel": "Microsoft-Windows-CodeIntegrity/Operational", "Provider_Name": "Microsoft-Windows-CodeIntegrity", "Computer": "DESKTOP-OFJ6N53", "TimeCreated": "2025-03-03 09:26:44.130867+00:00", "RecordID": "62991", "Level": "4", "UserID": "S-1-5-21-963789628-1060504924-4285088085-1001", "EventData.TotalSignatureCount": "2", "EventData.Signature": "0", "EventData.CacheState": "3", "EventData.Hash Size": "20", "EventData.Hash": "9QpKzklFmf9iueYwJfRGk7RS01A=", "EventData.PageHash": "False", "EventData.SignatureType": "1", "EventData.ValidatedSigningLevel": "1", "EventData.VerificationError": "7", "EventData.Flags": "0", "EventData.PolicyBits": "16", "EventData.NotValidBefore": "2019-03-28 00:00:00+00:00", "EventData.NotValidAfter": "2021-03-05 12:00:00+00:00", "EventData.PublisherNameLength": "14", "EventData.PublisherName": "LLC Crypto-Pro", "EventData.IssuerNameLength": "27", "EventData.IssuerName": "DigiCert EV Code Signing CA", "EventData.PublisherTBSHashSize": "20", "EventData.PublisherTBSHash": "ryzeyGzx0kbOBQrxo9TZ057FBVo=", "EventData.IssuerTBSHashSize": "20", "EventData.IssuerTBSHash": "LVTBao+LaczepI0GA8Ey9Uelz3U="}
{"EventID": "3089", "Channel": "Microsoft-Windows-CodeIntegrity/Operational", "Provider_Name": "Microsoft-Windows-CodeIntegrity", "Computer": "DESKTOP-OFJ6N53", "TimeCreated": "2025-03-03 09:26:44.130869+00:00", "RecordID": "62992", "Level": "4", "UserID": "S-1-5-21-963789628-1060504924-4285088085-1001", "EventData.TotalSignatureCount": "2", "EventData.Signature": "1", "EventData.CacheState": "3", "EventData.Hash Size": "32", "EventData.Hash": "qkDZthOAdJcRWUT7Msi3BNeyK2Z8VTKbpDvAUQRtf18=", "EventData.PageHash": "False", "EventData.SignatureType": "1", "EventData.ValidatedSigningLevel": "1", "EventData.VerificationError": "7", "EventData.Flags": "0", "EventData.PolicyBits": "16", "EventData.NotValidBefore": "2018-01-22 00:00:00+00:00", "EventData.NotValidAfter": "2021-03-05 12:00:00+00:00", "EventData.PublisherNameLength": "14", "EventData.PublisherName": "LLC Crypto-Pro", "EventData.IssuerNameLength": "34", "EventData.IssuerName": "DigiCert EV Code Signing CA (SHA2)", "EventData.PublisherTBSHashSize": "32", "EventData.PublisherTBSHash": "bSSn12wcu4g4gSlvMwWiHV9M9wWp9OQ2cIVVIyXQhpQ=", "EventData.IssuerTBSHashSize": "32", "EventData.IssuerTBSHash": "7sWBMdwRzX9RJQGxX9vGB0xgO2jKkfcWLVoEIFTtsM8="}
{"EventID": "3033", "Channel": "Microsoft-Windows-CodeIntegrity/Operational", "Provider_Name": "Microsoft-Windows-CodeIntegrity", "Computer": "DESKTOP-OFJ6N53", "TimeCreated": "2025-03-03 09:26:45.190870+00:00", "RecordID": "62993", "Level": "2", "UserID": "S-1-5-21-963789628-1060504924-4285088085-1001", "EventData.FileNameLength": "83", "EventData.FileNameBuffer": "\\Device\\HarddiskVolume3\\Program Files\\Common Files\\Crypto Pro\\AppCompat\\cpcrypt.dll", "EventData.ProcessNameLength": "74", "EventData.ProcessNameBuffer": "\\Device\\HarddiskVolume3\\Program Files\\Google\\Chrome\\Application\\chrome.exe", "EventData.RequestedPolicy": "8", "EventData.ValidatedPolicy": "1", "EventData.Status": "3221226536"}
{"EventID": "3089", "Channel": "Microsoft-Windows-CodeIntegrity/Operational", "Provider_Name": "Microsoft-Windows-CodeIntegrity", "Computer": "DESKTOP-OFJ6N53", "TimeCreated": "2025-03-03 09:26:45.190872+00:00", "RecordID": "62994", "Level": "4", "UserID": "S-1-5-21-963789628-1060504924-4285088085-1001", "EventData.TotalSignatureCount": "2", "EventData.Signature": "0", "EventData.CacheState": "3", "EventData.Hash Size": "20", "EventData.Hash": "9QpKzklFmf9iueYwJfRGk7RS01A=", "EventData.PageHash": "False", "EventData.SignatureType": "1", "EventData.ValidatedSigningLevel": "1", "EventData.VerificationError": "7", "EventData.Flags": "0", "EventData.PolicyBits": "16", "EventData.NotValidBefore": "2019-03-28 00:00:00+00:00", "EventData.NotValidAfter": "2021-03-05 12:00:00+00:00", "EventData.PublisherNameLength": "14", "EventData.PublisherName": "LLC Crypto-Pro", "EventData.IssuerNameLength": "27", "EventData.IssuerName": "DigiCert EV Code Signing CA", "EventData.PublisherTBSHashSize": "20", "EventData.PublisherTBSHash": "ryzeyGzx0kbOBQrxo9TZ057FBVo=", "EventData.IssuerTBSHashSize": "20", "EventData.IssuerTBSHash": "LVTBao+LaczepI0GA8Ey9Uelz3U="}
{"EventID": "3089", "Channel": "Microsoft-Windows-CodeIntegrity/Operational", "Provider_Name": "Microsoft-Windows-CodeIntegrity", "Computer": "DESKTOP-OFJ6N53", "TimeCreated": "2025-03-03 09:26:45.190876+00:00", "RecordID": "62995", "Level": "4", "UserID": "S-1-5-21-963789628-1060504924-4285088085-1001", "EventData.TotalSignatureCount": "2", "EventData.Signature": "1", "EventData.CacheState": "3", "EventData.Hash Size": "32", "EventData.Hash": "qkDZthOAdJcRWUT7Msi3BNeyK2Z8VTKbpDvAUQRtf18=", "EventData.PageHash": "False", "EventData.SignatureType": "1", "EventData.ValidatedSigningLevel": "1", "EventData.VerificationError": "7", "EventData.Flags": "0", "EventData.PolicyBits": "16", "EventData.NotValidBefore": "2018-01-22 00:00:00+00:00", "EventData.NotValidAfter": "2021-03-05 12:00:00+00:00", "EventData.PublisherNameLength": "14", "EventData.PublisherName": "LLC Crypto-Pro", "EventData.IssuerNameLength": "34", "EventData.IssuerName": "DigiCert EV Code Signing CA (SHA2)", "EventData.PublisherTBSHashSize": "32", "EventData.PublisherTBSHash": "bSSn12wcu4g4gSlvMwWiHV9M9wWp9OQ2cIVVIyXQhpQ=", "EventData.IssuerTBSHashSize": "32", "EventData.IssuerTBSHash": "7sWBMdwRzX9RJQGxX9vGB0xgO2jKkfcWLVoEIFTtsM8="}
{"EventID": "3033", "Channel": "Microsoft-Windows-CodeIntegrity/Operational", "Provider_Name": "Microsoft-Windows-CodeIntegrity", "Computer": "DESKTOP-OFJ6N53", "TimeCreated": "2025-03-03 09:28:00.235085+00:00", "RecordID": "62996", "Level": "2", "UserID": "S-1-5-21-963789628-1060504924-4285088085-1001", "EventData.FileNameLength": "83", "EventData.FileNameBuffer": "\\Device\\HarddiskVolume3\\Program Files\\Common Files\\Crypto Pro\\AppCompat\\cpcrypt.dll", "EventData.ProcessNameLength": "74", "EventData.ProcessNameBuffer": "\\Device\\HarddiskVolume3\\Program Files\\Google\\Chrome\\Application\\chrome.exe", "EventData.RequestedPolicy": "8", "EventData.ValidatedPolicy": "1", "EventData.Status": "3221226536"}
{"EventID": "3089", "Channel": "Microsoft-Windows-CodeIntegrity/Operational", "Provider_Name": "Microsoft-Windows-CodeIntegrity", "Computer": "DESKTOP-OFJ6N53", "TimeCreated": "2025-03-03 09:28:00.235086+00:00", "RecordID": "62997", "Level": "4", "UserID": "S-1-5-21-963789628-1060504924-4285088085-1001", "EventData.TotalSignatureCount": "2", "EventData.Signature": "0", "EventData.CacheState": "3", "EventData.Hash Size": "20", "EventData.Hash": "9QpKzklFmf9iueYwJfRGk7RS01A=", "EventData.PageHash": "False", "EventData.SignatureType": "1", "EventData.ValidatedSigningLevel": "1", "EventData.VerificationError": "7", "EventData.Flags": "0", "EventData.PolicyBits": "16", "EventData.NotValidBefore": "2019-03-28 00:00:00+00:00", "EventData.NotValidAfter": "2021-03-05 12:00:00+00:00", "EventData.PublisherNameLength": "14", "EventData.PublisherName": "LLC Crypto-Pro", "EventData.IssuerNameLength": "27", "EventData.IssuerName": "DigiCert EV Code Signing CA", "EventData.PublisherTBSHashSize": "20", "EventData.PublisherTBSHash": "ryzeyGzx0kbOBQrxo9TZ057FBVo=", "EventData.IssuerTBSHashSize": "20", "EventData.IssuerTBSHash": "LVTBao+LaczepI0GA8Ey9Uelz3U="}
{"EventID": "3089", "Channel": "Microsoft-Windows-CodeIntegrity/Operational", "Provider_Name": "Microsoft-Windows-CodeIntegrity", "Computer": "DESKTOP-OFJ6N53", "TimeCreated": "2025-03-03 09:28:00.235088+00:00", "RecordID": "62998", "Level": "4", "UserID": "S-1-5-21-963789628-1060504924-4285088085-1001", "EventData.TotalSignatureCount": "2", "EventData.Signature": "1", "EventData.CacheState": "3", "EventData.Hash Size": "32", "EventData.Hash": "qkDZthOAdJcRWUT7Msi3BNeyK2Z8VTKbpDvAUQRtf18=", "EventData.PageHash": "False", "EventData.SignatureType": "1", "EventData.ValidatedSigningLevel": "1", "EventData.VerificationError": "7", "EventData.Flags": "0", "EventData.PolicyBits": "16", "EventData.NotValidBefore": "2018-01-22 00:00:00+00:00", "EventData.NotValidAfter": "2021-03-05 12:00:00+00:00", "EventData.PublisherNameLength": "14", "EventData.PublisherName": "LLC Crypto-Pro", "EventData.IssuerNameLength": "34", "EventData.IssuerName": "DigiCert EV Code Signing CA (SHA2)", "EventData.PublisherTBSHashSize": "32", "EventData.PublisherTBSHash": "bSSn12wcu4g4gSlvMwWiHV9M9wWp9OQ2cIVVIyXQhpQ=", "EventData.IssuerTBSHashSize": "32", "EventData.IssuerTBSHash": "7sWBMdwRzX9RJQGxX9vGB0xgO2jKkfcWLVoEIFTtsM8="}
{"EventID": "3033", "Channel": "Microsoft-Windows-CodeIntegrity/Operational", "Provider_Name": "Microsoft-Windows-CodeIntegrity", "Computer": "DESKTOP-OFJ6N53", "TimeCreated": "2025-03-03 09:28:06.865339+00:00", "RecordID": "62999", "Level": "2", "UserID": "S-1-5-21-963789628-1060504924-4285088085-1001", "EventData.FileNameLength": "83", "EventData.FileNameBuffer": "\\Device\\HarddiskVolume3\\Program Files\\Common Files\\Crypto Pro\\AppCompat\\cpcrypt.dll", "EventData.ProcessNameLength": "74", "EventData.ProcessNameBuffer": "\\Device\\HarddiskVolume3\\Program Files\\Google\\Chrome\\Application\\chrome.exe", "EventData.RequestedPolicy": "8", "EventData.ValidatedPolicy": "1", "EventData.Status": "3221226536"}
{"EventID": "3089", "Channel": "Microsoft-Windows-CodeIntegrity/Operational", "Provider_Name": "Microsoft-Windows-CodeIntegrity", "Computer": "DESKTOP-OFJ6N53", "TimeCreated": "2025-03-03 09:28:06.865343+00:00", "RecordID": "63000", "Level": "4", "UserID": "S-1-5-21-963789628-1060504924-4285088085-1001", "EventData.TotalSignatureCount": "2", "EventData.Signature": "0", "EventData.CacheState": "3", "EventData.Hash Size": "20", "EventData.Hash": "9QpKzklFmf9iueYwJfRGk7RS01A=", "EventData.PageHash": "False", "EventData.SignatureType": "1", "EventData.ValidatedSigningLevel": "1", "EventData.VerificationError": "7", "EventData.Flags": "0", "EventData.PolicyBits": "16", "EventData.NotValidBefore": "2019-03-28 00:00:00+00:00", "EventData.NotValidAfter": "2021-03-05 12:00:00+00:00", "EventData.PublisherNameLength": "14", "EventData.PublisherName": "LLC Crypto-Pro", "EventData.IssuerNameLength": "27", "EventData.IssuerName": "DigiCert EV Code Signing CA", "EventData.PublisherTBSHashSize": "20", "EventData.PublisherTBSHash": "ryzeyGzx0kbOBQrxo9TZ057FBVo=", "EventData.IssuerTBSHashSize": "20", "EventData.IssuerTBSHash": "LVTBao+LaczepI0GA8Ey9Uelz3U="}
{"EventID": "3089", "Channel": "Microsoft-Windows-CodeIntegrity/Operational", "Provider_Name": "Microsoft-Windows-CodeIntegrity", "Computer": "DESKTOP-OFJ6N53", "TimeCreated": "2025-03-03 09:28:06.865349+00:00", "RecordID": "63001", "Level": "4", "UserID": "S-1-5-21-963789628-1060504924-4285088085-1001", "EventData.TotalSignatureCount": "2", "EventData.Signature": "1", "EventData.CacheState": "3", "EventData.Hash Size": "32", "EventData.Hash": "qkDZthOAdJcRWUT7Msi3BNeyK2Z8VTKbpDvAUQRtf18=", "EventData.PageHash": "False", "EventData.SignatureType": "1", "EventData.ValidatedSigningLevel": "1", "EventData.VerificationError": "7", "EventData.Flags": "0", "EventData.PolicyBits": "16", "EventData.NotValidBefore": "2018-01-22 00:00:00+00:00", "EventData.NotValidAfter": "2021-03-05 12:00:00+00:00", "EventData.PublisherNameLength": "14", "EventData.PublisherName": "LLC Crypto-Pro", "EventData.IssuerNameLength": "34", "EventData.IssuerName": "DigiCert EV Code Signing CA (SHA2)", "EventData.PublisherTBSHashSize": "32", "EventData.PublisherTBSHash": "bSSn12wcu4g4gSlvMwWiHV9M9wWp9OQ2cIVVIyXQhpQ=", "EventData.IssuerTBSHashSize": "32", "EventData.IssuerTBSHash": "7sWBMdwRzX9RJQGxX9vGB0xgO2jKkfcWLVoEIFTtsM8="}
{"EventID": "3033", "Channel": "Microsoft-Windows-CodeIntegrity/Operational", "Provider_Name": "Microsoft-Windows-CodeIntegrity", "Computer": "DESKTOP-OFJ6N53", "TimeCreated": "2025-03-03 09:28:22.147730+00:00", "RecordID": "63002", "Level": "2", "UserID": "S-1-5-21-963789628-1060504924-4285088085-1001", "EventData.FileNameLength": "83", "EventData.FileNameBuffer": "\\Device\\HarddiskVolume3\\Program Files\\Common Files\\Crypto Pro\\AppCompat\\cpcrypt.dll", "EventData.ProcessNameLength": "74", "EventData.ProcessNameBuffer": "\\Device\\HarddiskVolume3\\Program Files\\Google\\Chrome\\Application\\chrome.exe", "EventData.RequestedPolicy": "8", "EventData.ValidatedPolicy": "1", "EventData.Status": "3221226536"}
{"EventID": "3089", "Channel": "Microsoft-Windows-CodeIntegrity/Operational", "Provider_Name": "Microsoft-Windows-CodeIntegrity", "Computer": "DESKTOP-OFJ6N53", "TimeCreated": "2025-03-03 09:28:22.147732+00:00", "RecordID": "63003", "Level": "4", "UserID": "S-1-5-21-963789628-1060504924-4285088085-1001", "EventData.TotalSignatureCount": "2", "EventData.Signature": "0", "EventData.CacheState": "3", "EventData.Hash Size": "20", "EventData.Hash": "9QpKzklFmf9iueYwJfRGk7RS01A=", "EventData.PageHash": "False", "EventData.SignatureType": "1", "EventData.ValidatedSigningLevel": "1", "EventData.VerificationError": "7", "EventData.Flags": "0", "EventData.PolicyBits": "16", "EventData.NotValidBefore": "2019-03-28 00:00:00+00:00", "EventData.NotValidAfter": "2021-03-05 12:00:00+00:00", "EventData.PublisherNameLength": "14", "EventData.PublisherName": "LLC Crypto-Pro", "EventData.IssuerNameLength": "27", "EventData.IssuerName": "DigiCert EV Code Signing CA", "EventData.PublisherTBSHashSize": "20", "EventData.PublisherTBSHash": "ryzeyGzx0kbOBQrxo9TZ057FBVo=", "EventData.IssuerTBSHashSize": "20", "EventData.IssuerTBSHash": "LVTBao+LaczepI0GA8Ey9Uelz3U="}
{"EventID": "3089", "Channel": "Microsoft-Windows-CodeIntegrity/Operational", "Provider_Name": "Microsoft-Windows-CodeIntegrity", "Computer": "DESKTOP-OFJ6N53", "TimeCreated": "2025-03-03 09:28:22.147736+00:00", "RecordID": "63004", "Level": "4", "UserID": "S-1-5-21-963789628-1060504924-4285088085-1001", "EventData.TotalSignatureCount": "2", "EventData.Signature": "1", "EventData.CacheState": "3", "EventData.Hash Size": "32", "EventData.Hash": "qkDZthOAdJcRWUT7Msi3BNeyK2Z8VTKbpDvAUQRtf18=", "EventData.PageHash": "False", "EventData.SignatureType": "1", "EventData.ValidatedSigningLevel": "1", "EventData.VerificationError": "7", "EventData.Flags": "0", "EventData.PolicyBits": "16", "EventData.NotValidBefore": "2018-01-22 00:00:00+00:00", "EventData.NotValidAfter": "2021-03-05 12:00:00+00:00", "EventData.PublisherNameLength": "14", "EventData.PublisherName": "LLC Crypto-Pro", "EventData.IssuerNameLength": "34", "EventData.IssuerName": "DigiCert EV Code Signing CA (SHA2)", "EventData.PublisherTBSHashSize": "32", "EventData.PublisherTBSHash": "bSSn12wcu4g4gSlvMwWiHV9M9wWp9OQ2cIVVIyXQhpQ=", "EventData.IssuerTBSHashSize": "32", "EventData.IssuerTBSHash": "7sWBMdwRzX9RJQGxX9vGB0xgO2jKkfcWLVoEIFTtsM8="}
{"EventID": "3033", "Channel": "Microsoft-Windows-CodeIntegrity/Operational", "Provider_Name": "Microsoft-Windows-CodeIntegrity", "Computer": "DESKTOP-OFJ6N53", "TimeCreated": "2025-03-03 09:28:27.563190+00:00", "RecordID": "63005", "Level": "2", "UserID": "S-1-5-21-963789628-1060504924-4285088085-1001", "EventData.FileNameLength": "83", "EventData.FileNameBuffer": "\\Device\\HarddiskVolume3\\Program Files\\Common Files\\Crypto Pro\\AppCompat\\cpcrypt.dll", "EventData.ProcessNameLength": "74", "EventData.ProcessNameBuffer": "\\Device\\HarddiskVolume3\\Program Files\\Google\\Chrome\\Application\\chrome.exe", "EventData.RequestedPolicy": "8", "EventData.ValidatedPolicy": "1", "EventData.Status": "3221226536"}
{"EventID": "3089", "Channel": "Microsoft-Windows-CodeIntegrity/Operational", "Provider_Name": "Microsoft-Windows-CodeIntegrity", "Computer": "DESKTOP-OFJ6N53", "TimeCreated": "2025-03-03 09:28:27.563194+00:00", "RecordID": "63006", "Level": "4", "UserID": "S-1-5-21-963789628-1060504924-4285088085-1001", "EventData.TotalSignatureCount": "2", "EventData.Signature": "0", "EventData.CacheState": "3", "EventData.Hash Size": "20", "EventData.Hash": "9QpKzklFmf9iueYwJfRGk7RS01A=", "EventData.PageHash": "False", "EventData.SignatureType": "1", "EventData.ValidatedSigningLevel": "1", "EventData.VerificationError": "7", "EventData.Flags": "0", "EventData.PolicyBits": "16", "EventData.NotValidBefore": "2019-03-28 00:00:00+00:00", "EventData.NotValidAfter": "2021-03-05 12:00:00+00:00", "EventData.PublisherNameLength": "14", "EventData.PublisherName": "LLC Crypto-Pro", "EventData.IssuerNameLength": "27", "EventData.IssuerName": "DigiCert EV Code Signing CA", "EventData.PublisherTBSHashSize": "20", "EventData.PublisherTBSHash": "ryzeyGzx0kbOBQrxo9TZ057FBVo=", "EventData.IssuerTBSHashSize": "20", "EventData.IssuerTBSHash": "LVTBao+LaczepI0GA8Ey9Uelz3U="}
{"EventID": "3089", "Channel": "Microsoft-Windows-CodeIntegrity/Operational", "Provider_Name": "Microsoft-Windows-CodeIntegrity", "Computer": "DESKTOP-OFJ6N53", "TimeCreated": "2025-03-03 09:28:27.563198+00:00", "RecordID": "63007", "Level": "4", "UserID": "S-1-5-21-963789628-1060504924-4285088085-1001", "EventData.TotalSignatureCount": "2", "EventData.Signature": "1", "EventData.CacheState": "3", "EventData.Hash Size": "32", "EventData.Hash": "qkDZthOAdJcRWUT7Msi3BNeyK2Z8VTKbpDvAUQRtf18=", "EventData.PageHash": "False", "EventData.SignatureType": "1", "EventData.ValidatedSigningLevel": "1", "EventData.VerificationError": "7", "EventData.Flags": "0", "EventData.PolicyBits": "16", "EventData.NotValidBefore": "2018-01-22 00:00:00+00:00", "EventData.NotValidAfter": "2021-03-05 12:00:00+00:00", "EventData.PublisherNameLength": "14", "EventData.PublisherName": "LLC Crypto-Pro", "EventData.IssuerNameLength": "34", "EventData.IssuerName": "DigiCert EV Code Signing CA (SHA2)", "EventData.PublisherTBSHashSize": "32", "EventData.PublisherTBSHash": "bSSn12wcu4g4gSlvMwWiHV9M9wWp9OQ2cIVVIyXQhpQ=", "EventData.IssuerTBSHashSize": "32", "EventData.IssuerTBSHash": "7sWBMdwRzX9RJQGxX9vGB0xgO2jKkfcWLVoEIFTtsM8="}
{"EventID": "3033", "Channel": "Microsoft-Windows-CodeIntegrity/Operational", "Provider_Name": "Microsoft-Windows-CodeIntegrity", "Computer": "DESKTOP-OFJ6N53", "TimeCreated": "2025-03-03 09:29:01.972952+00:00", "RecordID": "63008", "Level": "2", "UserID": "S-1-5-21-963789628-1060504924-4285088085-1001", "EventData.FileNameLength": "83", "EventData.FileNameBuffer": "\\Device\\HarddiskVolume3\\Program Files\\Common Files\\Crypto Pro\\AppCompat\\cpcrypt.dll", "EventData.ProcessNameLength": "74", "EventData.ProcessNameBuffer": "\\Device\\HarddiskVolume3\\Program Files\\Google\\Chrome\\Application\\chrome.exe", "EventData.RequestedPolicy": "8", "EventData.ValidatedPolicy": "1", "EventData.Status": "3221226536"}
{"EventID": "3089", "Channel": "Microsoft-Windows-CodeIntegrity/Operational", "Provider_Name": "Microsoft-Windows-CodeIntegrity", "Computer": "DESKTOP-OFJ6N53", "TimeCreated": "2025-03-03 09:29:01.972954+00:00", "RecordID": "63009", "Level": "4", "UserID": "S-1-5-21-963789628-1060504924-4285088085-1001", "EventData.TotalSignatureCount": "2", "EventData.Signature": "0", "EventData.CacheState": "3", "EventData.Hash Size": "20", "EventData.Hash": "9QpKzklFmf9iueYwJfRGk7RS01A=", "EventData.PageHash": "False", "EventData.SignatureType": "1", "EventData.ValidatedSigningLevel": "1", "EventData.VerificationError": "7", "EventData.Flags": "0", "EventData.PolicyBits": "16", "EventData.NotValidBefore": "2019-03-28 00:00:00+00:00", "EventData.NotValidAfter": "2021-03-05 12:00:00+00:00", "EventData.PublisherNameLength": "14", "EventData.PublisherName": "LLC Crypto-Pro", "EventData.IssuerNameLength": "27", "EventData.IssuerName": "DigiCert EV Code Signing CA", "EventData.PublisherTBSHashSize": "20", "EventData.PublisherTBSHash": "ryzeyGzx0kbOBQrxo9TZ057FBVo=", "EventData.IssuerTBSHashSize": "20", "EventData.IssuerTBSHash": "LVTBao+LaczepI0GA8Ey9Uelz3U="}
{"EventID": "3089", "Channel": "Microsoft-Windows-CodeIntegrity/Operational", "Provider_Name": "Microsoft-Windows-CodeIntegrity", "Computer": "DESKTOP-OFJ6N53", "TimeCreated": "2025-03-03 09:29:01.972956+00:00", "RecordID": "63010", "Level": "4", "UserID": "S-1-5-21-963789628-1060504924-4285088085-1001", "EventData.TotalSignatureCount": "2", "EventData.Signature": "1", "EventData.CacheState": "3", "EventData.Hash Size": "32", "EventData.Hash": "qkDZthOAdJcRWUT7Msi3BNeyK2Z8VTKbpDvAUQRtf18=", "EventData.PageHash": "False", "EventData.SignatureType": "1", "EventData.ValidatedSigningLevel": "1", "EventData.VerificationError": "7", "EventData.Flags": "0", "EventData.PolicyBits": "16", "EventData.NotValidBefore": "2018-01-22 00:00:00+00:00", "EventData.NotValidAfter": "2021-03-05 12:00:00+00:00", "EventData.PublisherNameLength": "14", "EventData.PublisherName": "LLC Crypto-Pro", "EventData.IssuerNameLength": "34", "EventData.IssuerName": "DigiCert EV Code Signing CA (SHA2)", "EventData.PublisherTBSHashSize": "32", "EventData.PublisherTBSHash": "bSSn12wcu4g4gSlvMwWiHV9M9wWp9OQ2cIVVIyXQhpQ=", "EventData.IssuerTBSHashSize": "32", "EventData.IssuerTBSHash": "7sWBMdwRzX9RJQGxX9vGB0xgO2jKkfcWLVoEIFTtsM8="}
{"EventID": "3033", "Channel": "Microsoft-Windows-CodeIntegrity/Operational", "Provider_Name": "Microsoft-Windows-CodeIntegrity", "Computer": "DESKTOP-OFJ6N53", "TimeCreated": "2025-03-03 09:29:11.403906+00:00", "RecordID": "63011", "Level": "2", "UserID": "S-1-5-21-963789628-1060504924-4285088085-1001", "EventData.FileNameLength": "83", "EventData.FileNameBuffer": "\\Device\\HarddiskVolume3\\Program Files\\Common Files\\Crypto Pro\\AppCompat\\cpcrypt.dll", "EventData.ProcessNameLength": "74", "EventData.ProcessNameBuffer": "\\Device\\HarddiskVolume3\\Program Files\\Google\\Chrome\\Application\\chrome.exe", "EventData.RequestedPolicy": "8", "EventData.ValidatedPolicy": "1", "EventData.Status": "3221226536"}
{"EventID": "3089", "Channel": "Microsoft-Windows-CodeIntegrity/Operational", "Provider_Name": "Microsoft-Windows-CodeIntegrity", "Computer": "DESKTOP-OFJ6N53", "TimeCreated": "2025-03-03 09:29:11.403906+00:00", "RecordID": "63012", "Level": "4", "UserID": "S-1-5-21-963789628-1060504924-4285088085-1001", "EventData.TotalSignatureCount": "2", "EventData.Signature": "0", "EventData.CacheState": "3", "EventData.Hash Size": "20", "EventData.Hash": "9QpKzklFmf9iueYwJfRGk7RS01A=", "EventData.PageHash": "False", "EventData.SignatureType": "1", "EventData.ValidatedSigningLevel": "1", "EventData.VerificationError": "7", "EventData.Flags": "0", "EventData.PolicyBits": "16", "EventData.NotValidBefore": "2019-03-28 00:00:00+00:00", "EventData.NotValidAfter": "2021-03-05 12:00:00+00:00", "EventData.PublisherNameLength": "14", "EventData.PublisherName": "LLC Crypto-Pro", "EventData.IssuerNameLength": "27", "EventData.IssuerName": "DigiCert EV Code Signing CA", "EventData.PublisherTBSHashSize": "20", "EventData.PublisherTBSHash": "ryzeyGzx0kbOBQrxo9TZ057FBVo=", "EventData.IssuerTBSHashSize": "20", "EventData.IssuerTBSHash": "LVTBao+LaczepI0GA8Ey9Uelz3U="}
{"EventID": "3089", "Channel": "Microsoft-Windows-CodeIntegrity/Operational", "Provider_Name": "Microsoft-Windows-CodeIntegrity", "Computer": "DESKTOP-OFJ6N53", "TimeCreated": "2025-03-03 09:29:11.403908+00:00", "RecordID": "63013", "Level": "4", "UserID": "S-1-5-21-963789628-1060504924-4285088085-1001", "EventData.TotalSignatureCount": "2", "EventData.Signature": "1", "EventData.CacheState": "3", "EventData.Hash Size": "32", "EventData.Hash": "qkDZthOAdJcRWUT7Msi3BNeyK2Z8VTKbpDvAUQRtf18=", "EventData.PageHash": "False", "EventData.SignatureType": "1", "EventData.ValidatedSigningLevel": "1", "EventData.VerificationError": "7", "EventData.Flags": "0", "EventData.PolicyBits": "16", "EventData.NotValidBefore": "2018-01-22 00:00:00+00:00", "EventData.NotValidAfter": "2021-03-05 12:00:00+00:00", "EventData.PublisherNameLength": "14", "EventData.PublisherName": "LLC Crypto-Pro", "EventData.IssuerNameLength": "34", "EventData.IssuerName": "DigiCert EV Code Signing CA (SHA2)", "EventData.PublisherTBSHashSize": "32", "EventData.PublisherTBSHash": "bSSn12wcu4g4gSlvMwWiHV9M9wWp9OQ2cIVVIyXQhpQ=", "EventData.IssuerTBSHashSize": "32", "EventData.IssuerTBSHash": "7sWBMdwRzX9RJQGxX9vGB0xgO2jKkfcWLVoEIFTtsM8="}
{"EventID": "3033", "Channel": "Microsoft-Windows-CodeIntegrity/Operational", "Provider_Name": "Microsoft-Windows-CodeIntegrity", "Computer": "DESKTOP-OFJ6N53", "TimeCreated": "2025-03-03 09:29:31.839386+00:00", "RecordID": "63014", "Level": "2", "UserID": "S-1-5-21-963789628-1060504924-4285088085-1001", "EventData.FileNameLength": "83", "EventData.FileNameBuffer": "\\Device\\HarddiskVolume3\\Program Files\\Common Files\\Crypto Pro\\AppCompat\\cpcrypt.dll", "EventData.ProcessNameLength": "74", "EventData.ProcessNameBuffer": "\\Device\\HarddiskVolume3\\Program Files\\Google\\Chrome\\Application\\chrome.exe", "EventData.RequestedPolicy": "8", "EventData.ValidatedPolicy": "1", "EventData.Status": "3221226536"}
{"EventID": "3089", "Channel": "Microsoft-Windows-CodeIntegrity/Operational", "Provider_Name": "Microsoft-Windows-CodeIntegrity", "Computer": "DESKTOP-OFJ6N53", "TimeCreated": "2025-03-03 09:29:31.839390+00:00", "RecordID": "63015", "Level": "4", "UserID": "S-1-5-21-963789628-1060504924-4285088085-1001", "EventData.TotalSignatureCount": "2", "EventData.Signature": "0", "EventData.CacheState": "3", "EventData.Hash Size": "20", "EventData.Hash": "9QpKzklFmf9iueYwJfRGk7RS01A=", "EventData.PageHash": "False", "EventData.SignatureType": "1", "EventData.ValidatedSigningLevel": "1", "EventData.VerificationError": "7", "EventData.Flags": "0", "EventData.PolicyBits": "16", "EventData.NotValidBefore": "2019-03-28 00:00:00+00:00", "EventData.NotValidAfter": "2021-03-05 12:00:00+00:00", "EventData.PublisherNameLength": "14", "EventData.PublisherName": "LLC Crypto-Pro", "EventData.IssuerNameLength": "27", "EventData.IssuerName": "DigiCert EV Code Signing CA", "EventData.PublisherTBSHashSize": "20", "EventData.PublisherTBSHash": "ryzeyGzx0kbOBQrxo9TZ057FBVo=", "EventData.IssuerTBSHashSize": "20", "EventData.IssuerTBSHash": "LVTBao+LaczepI0GA8Ey9Uelz3U="}
{"EventID": "3089", "Channel": "Microsoft-Windows-CodeIntegrity/Operational", "Provider_Name": "Microsoft-Windows-CodeIntegrity", "Computer": "DESKTOP-OFJ6N53", "TimeCreated": "2025-03-03 09:29:31.839392+00:00", "RecordID": "63016", "Level": "4", "UserID": "S-1-5-21-963789628-1060504924-4285088085-1001", "EventData.TotalSignatureCount": "2", "EventData.Signature": "1", "EventData.CacheState": "3", "EventData.Hash Size": "32", "EventData.Hash": "qkDZthOAdJcRWUT7Msi3BNeyK2Z8VTKbpDvAUQRtf18=", "EventData.PageHash": "False", "EventData.SignatureType": "1", "EventData.ValidatedSigningLevel": "1", "EventData.VerificationError": "7", "EventData.Flags": "0", "EventData.PolicyBits": "16", "EventData.NotValidBefore": "2018-01-22 00:00:00+00:00", "EventData.NotValidAfter": "2021-03-05 12:00:00+00:00", "EventData.PublisherNameLength": "14", "EventData.PublisherName": "LLC Crypto-Pro", "EventData.IssuerNameLength": "34", "EventData.IssuerName": "DigiCert EV Code Signing CA (SHA2)", "EventData.PublisherTBSHashSize": "32", "EventData.PublisherTBSHash": "bSSn12wcu4g4gSlvMwWiHV9M9wWp9OQ2cIVVIyXQhpQ=", "EventData.IssuerTBSHashSize": "32", "EventData.IssuerTBSHash": "7sWBMdwRzX9RJQGxX9vGB0xgO2jKkfcWLVoEIFTtsM8="}
{"EventID": "3033", "Channel": "Microsoft-Windows-CodeIntegrity/Operational", "Provider_Name": "Microsoft-Windows-CodeIntegrity", "Computer": "DESKTOP-OFJ6N53", "TimeCreated": "2025-03-03 09:29:35.168703+00:00", "RecordID": "63017", "Level": "2", "UserID": "S-1-5-21-963789628-1060504924-4285088085-1001", "EventData.FileNameLength": "83", "EventData.FileNameBuffer": "\\Device\\HarddiskVolume3\\Program Files\\Common Files\\Crypto Pro\\AppCompat\\cpcrypt.dll", "EventData.ProcessNameLength": "74", "EventData.ProcessNameBuffer": "\\Device\\HarddiskVolume3\\Program Files\\Google\\Chrome\\Application\\chrome.exe", "EventData.RequestedPolicy": "8", "EventData.ValidatedPolicy": "1", "EventData.Status": "3221226536"}
{"EventID": "3089", "Channel": "Microsoft-Windows-CodeIntegrity/Operational", "Provider_Name": "Microsoft-Windows-CodeIntegrity", "Computer": "DESKTOP-OFJ6N53", "TimeCreated": "2025-03-03 09:29:35.168705+00:00", "RecordID": "63018", "Level": "4", "UserID": "S-1-5-21-963789628-1060504924-4285088085-1001", "EventData.TotalSignatureCount": "2", "EventData.Signature": "0", "EventData.CacheState": "3", "EventData.Hash Size": "20", "EventData.Hash": "9QpKzklFmf9iueYwJfRGk7RS01A=", "EventData.PageHash": "False", "EventData.SignatureType": "1", "EventData.ValidatedSigningLevel": "1", "EventData.VerificationError": "7", "EventData.Flags": "0", "EventData.PolicyBits": "16", "EventData.NotValidBefore": "2019-03-28 00:00:00+00:00", "EventData.NotValidAfter": "2021-03-05 12:00:00+00:00", "EventData.PublisherNameLength": "14", "EventData.PublisherName": "LLC Crypto-Pro", "EventData.IssuerNameLength": "27", "EventData.IssuerName": "DigiCert EV Code Signing CA", "EventData.PublisherTBSHashSize": "20", "EventData.PublisherTBSHash": "ryzeyGzx0kbOBQrxo9TZ057FBVo=", "EventData.IssuerTBSHashSize": "20", "EventData.IssuerTBSHash": "LVTBao+LaczepI0GA8Ey9Uelz3U="}
{"EventID": "3089", "Channel": "Microsoft-Windows-CodeIntegrity/Operational", "Provider_Name": "Microsoft-Windows-CodeIntegrity", "Computer": "DESKTOP-OFJ6N53", "TimeCreated": "2025-03-03 09:29:35.168709+00:00", "RecordID": "63019", "Level": "4", "UserID": "S-1-5-21-963789628-1060504924-4285088085-1001", "EventData.TotalSignatureCount": "2", "EventData.Signature": "1", "EventData.CacheState": "3", "EventData.Hash Size": "32", "EventData.Hash": "qkDZthOAdJcRWUT7Msi3BNeyK2Z8VTKbpDvAUQRtf18=", "EventData.PageHash": "False", "EventData.SignatureType": "1", "EventData.ValidatedSigningLevel": "1", "EventData.VerificationError": "7", "EventData.Flags": "0", "EventData.PolicyBits": "16", "EventData.NotValidBefore": "2018-01-22 00:00:00+00:00", "EventData.NotValidAfter": "2021-03-05 12:00:00+00:00", "EventData.PublisherNameLength": "14", "EventData.PublisherName": "LLC Crypto-Pro", "EventData.IssuerNameLength": "34", "EventData.IssuerName": "DigiCert EV Code Signing CA (SHA2)", "EventData.PublisherTBSHashSize": "32", "EventData.PublisherTBSHash": "bSSn12wcu4g4gSlvMwWiHV9M9wWp9OQ2cIVVIyXQhpQ=", "EventData.IssuerTBSHashSize": "32", "EventData.IssuerTBSHash": "7sWBMdwRzX9RJQGxX9vGB0xgO2jKkfcWLVoEIFTtsM8="}
{"EventID": "3033", "Channel": "Microsoft-Windows-CodeIntegrity/Operational", "Provider_Name": "Microsoft-Windows-CodeIntegrity", "Computer": "DESKTOP-OFJ6N53", "TimeCreated": "2025-03-03 09:30:37.517422+00:00", "RecordID": "63020", "Level": "2", "UserID": "S-1-5-21-963789628-1060504924-4285088085-1001", "EventData.FileNameLength": "83", "EventData.FileNameBuffer": "\\Device\\HarddiskVolume3\\Program Files\\Common Files\\Crypto Pro\\AppCompat\\cpcrypt.dll", "EventData.ProcessNameLength": "74", "EventData.ProcessNameBuffer": "\\Device\\HarddiskVolume3\\Program Files\\Google\\Chrome\\Application\\chrome.exe", "EventData.RequestedPolicy": "8", "EventData.ValidatedPolicy": "1", "EventData.Status": "3221226536"}
{"EventID": "3089", "Channel": "Microsoft-Windows-CodeIntegrity/Operational", "Provider_Name": "Microsoft-Windows-CodeIntegrity", "Computer": "DESKTOP-OFJ6N53", "TimeCreated": "2025-03-03 09:30:37.517426+00:00", "RecordID": "63021", "Level": "4", "UserID": "S-1-5-21-963789628-1060504924-4285088085-1001", "EventData.TotalSignatureCount": "2", "EventData.Signature": "0", "EventData.CacheState": "3", "EventData.Hash Size": "20", "EventData.Hash": "9QpKzklFmf9iueYwJfRGk7RS01A=", "EventData.PageHash": "False", "EventData.SignatureType": "1", "EventData.ValidatedSigningLevel": "1", "EventData.VerificationError": "7", "EventData.Flags": "0", "EventData.PolicyBits": "16", "EventData.NotValidBefore": "2019-03-28 00:00:00+00:00", "EventData.NotValidAfter": "2021-03-05 12:00:00+00:00", "EventData.PublisherNameLength": "14", "EventData.PublisherName": "LLC Crypto-Pro", "EventData.IssuerNameLength": "27", "EventData.IssuerName": "DigiCert EV Code Signing CA", "EventData.PublisherTBSHashSize": "20", "EventData.PublisherTBSHash": "ryzeyGzx0kbOBQrxo9TZ057FBVo=", "EventData.IssuerTBSHashSize": "20", "EventData.IssuerTBSHash": "LVTBao+LaczepI0GA8Ey9Uelz3U="}
{"EventID": "3089", "Channel": "Microsoft-Windows-CodeIntegrity/Operational", "Provider_Name": "Microsoft-Windows-CodeIntegrity", "Computer": "DESKTOP-OFJ6N53", "TimeCreated": "2025-03-03 09:30:37.517427+00:00", "RecordID": "63022", "Level": "4", "UserID": "S-1-5-21-963789628-1060504924-4285088085-1001", "EventData.TotalSignatureCount": "2", "EventData.Signature": "1", "EventData.CacheState": "3", "EventData.Hash Size": "32", "EventData.Hash": "qkDZthOAdJcRWUT7Msi3BNeyK2Z8VTKbpDvAUQRtf18=", "EventData.PageHash": "False", "EventData.SignatureType": "1", "EventData.ValidatedSigningLevel": "1", "EventData.VerificationError": "7", "EventData.Flags": "0", "EventData.PolicyBits": "16", "EventData.NotValidBefore": "2018-01-22 00:00:00+00:00", "EventData.NotValidAfter": "2021-03-05 12:00:00+00:00", "EventData.PublisherNameLength": "14", "EventData.PublisherName": "LLC Crypto-Pro", "EventData.IssuerNameLength": "34", "EventData.IssuerName": "DigiCert EV Code Signing CA (SHA2)", "EventData.PublisherTBSHashSize": "32", "EventData.PublisherTBSHash": "bSSn12wcu4g4gSlvMwWiHV9M9wWp9OQ2cIVVIyXQhpQ=", "EventData.IssuerTBSHashSize": "32", "EventData.IssuerTBSHash": "7sWBMdwRzX9RJQGxX9vGB0xgO2jKkfcWLVoEIFTtsM8="}
{"EventID": "3033", "Channel": "Microsoft-Windows-CodeIntegrity/Operational", "Provider_Name": "Microsoft-Windows-CodeIntegrity", "Computer": "DESKTOP-OFJ6N53", "TimeCreated": "2025-03-03 09:39:29.530846+00:00", "RecordID": "63023", "Level": "2", "UserID": "S-1-5-21-963789628-1060504924-4285088085-1001", "EventData.FileNameLength": "83", "EventData.FileNameBuffer": "\\Device\\HarddiskVolume3\\Program Files\\Common Files\\Crypto Pro\\AppCompat\\cpcrypt.dll", "EventData.ProcessNameLength": "74", "EventData.ProcessNameBuffer": "\\Device\\HarddiskVolume3\\Program Files\\Google\\Chrome\\Application\\chrome.exe", "EventData.RequestedPolicy": "8", "EventData.ValidatedPolicy": "1", "EventData.Status": "3221226536"}
{"EventID": "3089", "Channel": "Microsoft-Windows-CodeIntegrity/Operational", "Provider_Name": "Microsoft-Windows-CodeIntegrity", "Computer": "DESKTOP-OFJ6N53", "TimeCreated": "2025-03-03 09:39:29.530849+00:00", "RecordID": "63024", "Level": "4", "UserID": "S-1-5-21-963789628-1060504924-4285088085-1001", "EventData.TotalSignatureCount": "2", "EventData.Signature": "0", "EventData.CacheState": "3", "EventData.Hash Size": "20", "EventData.Hash": "9QpKzklFmf9iueYwJfRGk7RS01A=", "EventData.PageHash": "False", "EventData.SignatureType": "1", "EventData.ValidatedSigningLevel": "1", "EventData.VerificationError": "7", "EventData.Flags": "0", "EventData.PolicyBits": "16", "EventData.NotValidBefore": "2019-03-28 00:00:00+00:00", "EventData.NotValidAfter": "2021-03-05 12:00:00+00:00", "EventData.PublisherNameLength": "14", "EventData.PublisherName": "LLC Crypto-Pro", "EventData.IssuerNameLength": "27", "EventData.IssuerName": "DigiCert EV Code Signing CA", "EventData.PublisherTBSHashSize": "20", "EventData.PublisherTBSHash": "ryzeyGzx0kbOBQrxo9TZ057FBVo=", "EventData.IssuerTBSHashSize": "20", "EventData.IssuerTBSHash": "LVTBao+LaczepI0GA8Ey9Uelz3U="}
{"EventID": "3089", "Channel": "Microsoft-Windows-CodeIntegrity/Operational", "Provider_Name": "Microsoft-Windows-CodeIntegrity", "Computer": "DESKTOP-OFJ6N53", "TimeCreated": "2025-03-03 09:39:29.530851+00:00", "RecordID": "63025", "Level": "4", "UserID": "S-1-5-21-963789628-1060504924-4285088085-1001", "EventData.TotalSignatureCount": "2", "EventData.Signature": "1", "EventData.CacheState": "3", "EventData.Hash Size": "32", "EventData.Hash": "qkDZthOAdJcRWUT7Msi3BNeyK2Z8VTKbpDvAUQRtf18=", "EventData.PageHash": "False", "EventData.SignatureType": "1", "EventData.ValidatedSigningLevel": "1", "EventData.VerificationError": "7", "EventData.Flags": "0", "EventData.PolicyBits": "16", "EventData.NotValidBefore": "2018-01-22 00:00:00+00:00", "EventData.NotValidAfter": "2021-03-05 12:00:00+00:00", "EventData.PublisherNameLength": "14", "EventData.PublisherName": "LLC Crypto-Pro", "EventData.IssuerNameLength": "34", "EventData.IssuerName": "DigiCert EV Code Signing CA (SHA2)", "EventData.PublisherTBSHashSize": "32", "EventData.PublisherTBSHash": "bSSn12wcu4g4gSlvMwWiHV9M9wWp9OQ2cIVVIyXQhpQ=", "EventData.IssuerTBSHashSize": "32", "EventData.IssuerTBSHash": "7sWBMdwRzX9RJQGxX9vGB0xgO2jKkfcWLVoEIFTtsM8="}
{"EventID": "3033", "Channel": "Microsoft-Windows-CodeIntegrity/Operational", "Provider_Name": "Microsoft-Windows-CodeIntegrity", "Computer": "DESKTOP-OFJ6N53", "TimeCreated": "2025-03-03 09:42:29.445440+00:00", "RecordID": "63026", "Level": "2", "UserID": "S-1-5-21-963789628-1060504924-4285088085-1001", "EventData.FileNameLength": "83", "EventData.FileNameBuffer": "\\Device\\HarddiskVolume3\\Program Files\\Common Files\\Crypto Pro\\AppCompat\\cpcrypt.dll", "EventData.ProcessNameLength": "74", "EventData.ProcessNameBuffer": "\\Device\\HarddiskVolume3\\Program Files\\Google\\Chrome\\Application\\chrome.exe", "EventData.RequestedPolicy": "8", "EventData.ValidatedPolicy": "1", "EventData.Status": "3221226536"}
{"EventID": "3089", "Channel": "Microsoft-Windows-CodeIntegrity/Operational", "Provider_Name": "Microsoft-Windows-CodeIntegrity", "Computer": "DESKTOP-OFJ6N53", "TimeCreated": "2025-03-03 09:42:29.445442+00:00", "RecordID": "63027", "Level": "4", "UserID": "S-1-5-21-963789628-1060504924-4285088085-1001", "EventData.TotalSignatureCount": "2", "EventData.Signature": "0", "EventData.CacheState": "3", "EventData.Hash Size": "20", "EventData.Hash": "9QpKzklFmf9iueYwJfRGk7RS01A=", "EventData.PageHash": "False", "EventData.SignatureType": "1", "EventData.ValidatedSigningLevel": "1", "EventData.VerificationError": "7", "EventData.Flags": "0", "EventData.PolicyBits": "16", "EventData.NotValidBefore": "2019-03-28 00:00:00+00:00", "EventData.NotValidAfter": "2021-03-05 12:00:00+00:00", "EventData.PublisherNameLength": "14", "EventData.PublisherName": "LLC Crypto-Pro", "EventData.IssuerNameLength": "27", "EventData.IssuerName": "DigiCert EV Code Signing CA", "EventData.PublisherTBSHashSize": "20", "EventData.PublisherTBSHash": "ryzeyGzx0kbOBQrxo9TZ057FBVo=", "EventData.IssuerTBSHashSize": "20", "EventData.IssuerTBSHash": "LVTBao+LaczepI0GA8Ey9Uelz3U="}
{"EventID": "3089", "Channel": "Microsoft-Windows-CodeIntegrity/Operational", "Provider_Name": "Microsoft-Windows-CodeIntegrity", "Computer": "DESKTOP-OFJ6N53", "TimeCreated": "2025-03-03 09:42:29.445446+00:00", "RecordID": "63028", "Level": "4", "UserID": "S-1-5-21-963789628-1060504924-4285088085-1001", "EventData.TotalSignatureCount": "2", "EventData.Signature": "1", "EventData.CacheState": "3", "EventData.Hash Size": "32", "EventData.Hash": "qkDZthOAdJcRWUT7Msi3BNeyK2Z8VTKbpDvAUQRtf18=", "EventData.PageHash": "False", "EventData.SignatureType": "1", "EventData.ValidatedSigningLevel": "1", "EventData.VerificationError": "7", "EventData.Flags": "0", "EventData.PolicyBits": "16", "EventData.NotValidBefore": "2018-01-22 00:00:00+00:00", "EventData.NotValidAfter": "2021-03-05 12:00:00+00:00", "EventData.PublisherNameLength": "14", "EventData.PublisherName": "LLC Crypto-Pro", "EventData.IssuerNameLength": "34", "EventData.IssuerName": "DigiCert EV Code Signing CA (SHA2)", "EventData.PublisherTBSHashSize": "32", "EventData.PublisherTBSHash": "bSSn12wcu4g4gSlvMwWiHV9M9wWp9OQ2cIVVIyXQhpQ=", "EventData.IssuerTBSHashSize": "32", "EventData.IssuerTBSHash": "7sWBMdwRzX9RJQGxX9vGB0xgO2jKkfcWLVoEIFTtsM8="}
{"EventID": "3033", "Channel": "Microsoft-Windows-CodeIntegrity/Operational", "Provider_Name": "Microsoft-Windows-CodeIntegrity", "Computer": "DESKTOP-OFJ6N53", "TimeCreated": "2025-03-03 09:42:29.675503+00:00", "RecordID": "63029", "Level": "2", "UserID": "S-1-5-21-963789628-1060504924-4285088085-1001", "EventData.FileNameLength": "83", "EventData.FileNameBuffer": "\\Device\\HarddiskVolume3\\Program Files\\Common Files\\Crypto Pro\\AppCompat\\cpcrypt.dll", "EventData.ProcessNameLength": "74", "EventData.ProcessNameBuffer": "\\Device\\HarddiskVolume3\\Program Files\\Google\\Chrome\\Application\\chrome.exe", "EventData.RequestedPolicy": "8", "EventData.ValidatedPolicy": "1", "EventData.Status": "3221226536"}
{"EventID": "3089", "Channel": "Microsoft-Windows-CodeIntegrity/Operational", "Provider_Name": "Microsoft-Windows-CodeIntegrity", "Computer": "DESKTOP-OFJ6N53", "TimeCreated": "2025-03-03 09:42:29.675507+00:00", "RecordID": "63030", "Level": "4", "UserID": "S-1-5-21-963789628-1060504924-4285088085-1001", "EventData.TotalSignatureCount": "2", "EventData.Signature": "0", "EventData.CacheState": "3", "EventData.Hash Size": "20", "EventData.Hash": "9QpKzklFmf9iueYwJfRGk7RS01A=", "EventData.PageHash": "False", "EventData.SignatureType": "1", "EventData.ValidatedSigningLevel": "1", "EventData.VerificationError": "7", "EventData.Flags": "0", "EventData.PolicyBits": "16", "EventData.NotValidBefore": "2019-03-28 00:00:00+00:00", "EventData.NotValidAfter": "2021-03-05 12:00:00+00:00", "EventData.PublisherNameLength": "14", "EventData.PublisherName": "LLC Crypto-Pro", "EventData.IssuerNameLength": "27", "EventData.IssuerName": "DigiCert EV Code Signing CA", "EventData.PublisherTBSHashSize": "20", "EventData.PublisherTBSHash": "ryzeyGzx0kbOBQrxo9TZ057FBVo=", "EventData.IssuerTBSHashSize": "20", "EventData.IssuerTBSHash": "LVTBao+LaczepI0GA8Ey9Uelz3U="}
