{"EventID": "522", "Channel": "Microsoft-Windows-DeviceManagement-Enterprise-Diagnostics-Provider/Operational", "Provider_Name": "Microsoft-Windows-DeviceManagement-Pushrouter", "Computer": "DESKTOP-OFJ6N53", "TimeCreated": "2022-09-06 09:34:01.464802+00:00", "RecordID": "547", "Level": "4", "UserID": "S-1-5-18", "EventData.HRESULT": "0x00000000"}
{"EventID": "513", "Channel": "Microsoft-Windows-DeviceManagement-Enterprise-Diagnostics-Provider/Operational", "Provider_Name": "Microsoft-Windows-DeviceManagement-Pushrouter", "Computer": "DESKTOP-OFJ6N53", "TimeCreated": "2022-09-06 09:34:01.464804+00:00", "RecordID": "548", "Level": "4", "UserID": "S-1-5-18"}
{"EventID": "520", "Channel": "Microsoft-Windows-DeviceManagement-Enterprise-Diagnostics-Provider/Operational", "Provider_Name": "Microsoft-Windows-DeviceManagement-Pushrouter", "Computer": "DESKTOP-OFJ6N53", "TimeCreated": "2022-09-06 09:34:01.465536+00:00", "RecordID": "549", "Level": "4", "UserID": "S-1-5-18", "EventData.HRESULT": "0x00000000"}
{"EventID": "514", "Channel": "Microsoft-Windows-DeviceManagement-Enterprise-Diagnostics-Provider/Operational", "Provider_Name": "Microsoft-Windows-DeviceManagement-Pushrouter", "Computer": "DESKTOP-OFJ6N53", "TimeCreated": "2022-09-06 09:34:01.465542+00:00", "RecordID": "550", "Level": "4", "UserID": "S-1-5-18", "EventData.HexInt1": "0x00000001", "EventData.HexInt2": "0x00000000", "EventData.HexInt3": "0x00000000"}
{"EventID": "524", "Channel": "Microsoft-Windows-DeviceManagement-Enterprise-Diagnostics-Provider/Operational", "Provider_Name": "Microsoft-Windows-DeviceManagement-Pushrouter", "Computer": "DESKTOP-OFJ6N53", "TimeCreated": "2022-09-06 13:14:18.173405+00:00", "RecordID": "551", "Level": "4", "UserID": "S-1-5-18"}
{"EventID": "514", "Channel": "Microsoft-Windows-DeviceManagement-Enterprise-Diagnostics-Provider/Operational", "Provider_Name": "Microsoft-Windows-DeviceManagement-Pushrouter", "Computer": "DESKTOP-OFJ6N53", "TimeCreated": "2022-09-06 13:14:18.173409+00:00", "RecordID": "552", "Level": "4", "UserID": "S-1-5-18", "EventData.HexInt1": "0x00000002", "EventData.HexInt2": "0x00000000", "EventData.HexInt3": "0x00000064"}
{"EventID": "512", "Channel": "Microsoft-Windows-DeviceManagement-Enterprise-Diagnostics-Provider/Operational", "Provider_Name": "Microsoft-Windows-DeviceManagement-Pushrouter", "Computer": "DESKTOP-OFJ6N53", "TimeCreated": "2022-09-06 13:14:18.173550+00:00", "RecordID": "553", "Level": "4", "UserID": "S-1-5-18", "EventData.HexInt1": "0x00000078"}
{"EventID": "111", "Channel": "Microsoft-Windows-DeviceManagement-Enterprise-Diagnostics-Provider/Operational", "Provider_Name": "Microsoft-Windows-DeviceManagement-Pushrouter", "Computer": "DESKTOP-OFJ6N53", "TimeCreated": "2022-09-06 13:14:18.173555+00:00", "RecordID": "554", "Level": "4", "UserID": "S-1-5-18", "EventData.Message1": "Incremented active client count", "EventData.HRESULT": "0x00000000"}
{"EventID": "511", "Channel": "Microsoft-Windows-DeviceManagement-Enterprise-Diagnostics-Provider/Operational", "Provider_Name": "Microsoft-Windows-DeviceManagement-Pushrouter", "Computer": "DESKTOP-OFJ6N53", "TimeCreated": "2022-09-06 13:14:18.173559+00:00", "RecordID": "555", "Level": "4", "UserID": "S-1-5-18", "EventData.HexInt1": "0x00000078"}
{"EventID": "144", "Channel": "Microsoft-Windows-DeviceManagement-Enterprise-Diagnostics-Provider/Operational", "Provider_Name": "Microsoft-Windows-DeviceManagement-Pushrouter", "Computer": "DESKTOP-OFJ6N53", "TimeCreated": "2022-09-06 13:14:18.177221+00:00", "RecordID": "556", "Level": "4", "UserID": "S-1-5-18", "EventData.HRESULT": "0x00000000"}
{"EventID": "507", "Channel": "Microsoft-Windows-DeviceManagement-Enterprise-Diagnostics-Provider/Operational", "Provider_Name": "Microsoft-Windows-DeviceManagement-Pushrouter", "Computer": "DESKTOP-OFJ6N53", "TimeCreated": "2022-09-06 13:14:18.362415+00:00", "RecordID": "557", "Level": "4", "UserID": "S-1-5-18", "EventData.HexInt1": "0x00000000"}
{"EventID": "516", "Channel": "Microsoft-Windows-DeviceManagement-Enterprise-Diagnostics-Provider/Operational", "Provider_Name": "Microsoft-Windows-DeviceManagement-Pushrouter", "Computer": "DESKTOP-OFJ6N53", "TimeCreated": "2022-09-06 13:14:18.362417+00:00", "RecordID": "558", "Level": "4", "UserID": "S-1-5-18", "EventData.HRESULT": "0x00000000"}
{"EventID": "101", "Channel": "Microsoft-Windows-DeviceManagement-Enterprise-Diagnostics-Provider/Operational", "Provider_Name": "Microsoft-Windows-DeviceManagement-Pushrouter", "Computer": "DESKTOP-OFJ6N53", "TimeCreated": "2022-09-06 13:14:18.362843+00:00", "RecordID": "559", "Level": "4", "UserID": "S-1-5-18", "EventData.HRESULT": "0x00000000"}
{"EventID": "111", "Channel": "Microsoft-Windows-DeviceManagement-Enterprise-Diagnostics-Provider/Operational", "Provider_Name": "Microsoft-Windows-DeviceManagement-Pushrouter", "Computer": "DESKTOP-OFJ6N53", "TimeCreated": "2022-09-06 13:14:18.363384+00:00", "RecordID": "560", "Level": "4", "UserID": "S-1-5-18", "EventData.Message1": "Incremented active client count successfully", "EventData.HRESULT": "0x00000001"}
{"EventID": "104", "Channel": "Microsoft-Windows-DeviceManagement-Enterprise-Diagnostics-Provider/Operational", "Provider_Name": "Microsoft-Windows-DeviceManagement-Pushrouter", "Computer": "DESKTOP-OFJ6N53", "TimeCreated": "2022-09-06 13:14:18.363386+00:00", "RecordID": "561", "Level": "4", "UserID": "S-1-5-18", "EventData.HRESULT": "0x00000000"}
{"EventID": "518", "Channel": "Microsoft-Windows-DeviceManagement-Enterprise-Diagnostics-Provider/Operational", "Provider_Name": "Microsoft-Windows-DeviceManagement-Pushrouter", "Computer": "DESKTOP-OFJ6N53", "TimeCreated": "2022-09-06 13:14:18.363388+00:00", "RecordID": "562", "Level": "4", "UserID": "S-1-5-18", "EventData.HRESULT": "0x00000000"}
{"EventID": "525", "Channel": "Microsoft-Windows-DeviceManagement-Enterprise-Diagnostics-Provider/Operational", "Provider_Name": "Microsoft-Windows-DeviceManagement-Pushrouter", "Computer": "DESKTOP-OFJ6N53", "TimeCreated": "2022-09-06 13:14:18.363396+00:00", "RecordID": "563", "Level": "4", "UserID": "S-1-5-18", "EventData.HexInt1": "0x00000000", "EventData.HRESULT": "0x00000000"}
{"EventID": "514", "Channel": "Microsoft-Windows-DeviceManagement-Enterprise-Diagnostics-Provider/Operational", "Provider_Name": "Microsoft-Windows-DeviceManagement-Pushrouter", "Computer": "DESKTOP-OFJ6N53", "TimeCreated": "2022-09-06 13:14:18.363396+00:00", "RecordID": "564", "Level": "4", "UserID": "S-1-5-18", "EventData.HexInt1": "0x00000004", "EventData.HexInt2": "0x00000000", "EventData.HexInt3": "0x00000000"}
{"EventID": "111", "Channel": "Microsoft-Windows-DeviceManagement-Enterprise-Diagnostics-Provider/Operational", "Provider_Name": "Microsoft-Windows-DeviceManagement-Pushrouter", "Computer": "DESKTOP-OFJ6N53", "TimeCreated": "2022-09-06 13:16:18.168749+00:00", "RecordID": "565", "Level": "4", "UserID": "S-1-5-18", "EventData.Message1": "Checking if all clients are handled", "EventData.HRESULT": "0x00000001"}
{"EventID": "509", "Channel": "Microsoft-Windows-DeviceManagement-Enterprise-Diagnostics-Provider/Operational", "Provider_Name": "Microsoft-Windows-DeviceManagement-Pushrouter", "Computer": "DESKTOP-OFJ6N53", "TimeCreated": "2022-09-06 13:16:18.168753+00:00", "RecordID": "566", "Level": "4", "UserID": "S-1-5-18"}
{"EventID": "511", "Channel": "Microsoft-Windows-DeviceManagement-Enterprise-Diagnostics-Provider/Operational", "Provider_Name": "Microsoft-Windows-DeviceManagement-Pushrouter", "Computer": "DESKTOP-OFJ6N53", "TimeCreated": "2022-09-06 13:16:18.168753+00:00", "RecordID": "567", "Level": "4", "UserID": "S-1-5-18", "EventData.HexInt1": "0x00000078"}
{"EventID": "110", "Channel": "Microsoft-Windows-DeviceManagement-Enterprise-Diagnostics-Provider/Operational", "Provider_Name": "Microsoft-Windows-DeviceManagement-Pushrouter", "Computer": "DESKTOP-OFJ6N53", "TimeCreated": "2022-09-06 13:16:19.715658+00:00", "RecordID": "568", "Level": "4", "UserID": "S-1-5-18", "EventData.HexInt1": "0x00000001"}
{"EventID": "112", "Channel": "Microsoft-Windows-DeviceManagement-Enterprise-Diagnostics-Provider/Operational", "Provider_Name": "Microsoft-Windows-DeviceManagement-Pushrouter", "Computer": "DESKTOP-OFJ6N53", "TimeCreated": "2022-09-06 13:16:19.715660+00:00", "RecordID": "569", "Level": "4", "UserID": "S-1-5-18", "EventData.HexInt1": "0x00000000"}
{"EventID": "111", "Channel": "Microsoft-Windows-DeviceManagement-Enterprise-Diagnostics-Provider/Operational", "Provider_Name": "Microsoft-Windows-DeviceManagement-Pushrouter", "Computer": "DESKTOP-OFJ6N53", "TimeCreated": "2022-09-06 13:18:18.169277+00:00", "RecordID": "570", "Level": "4", "UserID": "S-1-5-18", "EventData.Message1": "Checking if all clients are handled", "EventData.HRESULT": "0x00000000"}
{"EventID": "510", "Channel": "Microsoft-Windows-DeviceManagement-Enterprise-Diagnostics-Provider/Operational", "Provider_Name": "Microsoft-Windows-DeviceManagement-Pushrouter", "Computer": "DESKTOP-OFJ6N53", "TimeCreated": "2022-09-06 13:18:18.169291+00:00", "RecordID": "571", "Level": "4", "UserID": "S-1-5-18"}
{"EventID": "514", "Channel": "Microsoft-Windows-DeviceManagement-Enterprise-Diagnostics-Provider/Operational", "Provider_Name": "Microsoft-Windows-DeviceManagement-Pushrouter", "Computer": "DESKTOP-OFJ6N53", "TimeCreated": "2022-09-06 13:18:18.169315+00:00", "RecordID": "572", "Level": "4", "UserID": "S-1-5-18", "EventData.HexInt1": "0x00000003", "EventData.HexInt2": "0x00000000", "EventData.HexInt3": "0x00000000"}
{"EventID": "106", "Channel": "Microsoft-Windows-DeviceManagement-Enterprise-Diagnostics-Provider/Operational", "Provider_Name": "Microsoft-Windows-DeviceManagement-Pushrouter", "Computer": "DESKTOP-OFJ6N53", "TimeCreated": "2022-09-06 13:18:18.169870+00:00", "RecordID": "573", "Level": "4", "UserID": "S-1-5-18", "EventData.HRESULT": "0x00000000"}
{"EventID": "108", "Channel": "Microsoft-Windows-DeviceManagement-Enterprise-Diagnostics-Provider/Operational", "Provider_Name": "Microsoft-Windows-DeviceManagement-Pushrouter", "Computer": "DESKTOP-OFJ6N53", "TimeCreated": "2022-09-06 13:18:18.169876+00:00", "RecordID": "574", "Level": "4", "UserID": "S-1-5-18", "EventData.HRESULT": "0x00000000"}
{"EventID": "522", "Channel": "Microsoft-Windows-DeviceManagement-Enterprise-Diagnostics-Provider/Operational", "Provider_Name": "Microsoft-Windows-DeviceManagement-Pushrouter", "Computer": "DESKTOP-OFJ6N53", "TimeCreated": "2022-09-06 13:18:18.169907+00:00", "RecordID": "575", "Level": "4", "UserID": "S-1-5-18", "EventData.HRESULT": "0x00000000"}
{"EventID": "513", "Channel": "Microsoft-Windows-DeviceManagement-Enterprise-Diagnostics-Provider/Operational", "Provider_Name": "Microsoft-Windows-DeviceManagement-Pushrouter", "Computer": "DESKTOP-OFJ6N53", "TimeCreated": "2022-09-06 13:18:18.169910+00:00", "RecordID": "576", "Level": "4", "UserID": "S-1-5-18"}
{"EventID": "520", "Channel": "Microsoft-Windows-DeviceManagement-Enterprise-Diagnostics-Provider/Operational", "Provider_Name": "Microsoft-Windows-DeviceManagement-Pushrouter", "Computer": "DESKTOP-OFJ6N53", "TimeCreated": "2022-09-06 13:18:18.170006+00:00", "RecordID": "577", "Level": "4", "UserID": "S-1-5-18", "EventData.HRESULT": "0x00000000"}
{"EventID": "514", "Channel": "Microsoft-Windows-DeviceManagement-Enterprise-Diagnostics-Provider/Operational", "Provider_Name": "Microsoft-Windows-DeviceManagement-Pushrouter", "Computer": "DESKTOP-OFJ6N53", "TimeCreated": "2022-09-06 13:18:18.170012+00:00", "RecordID": "578", "Level": "4", "UserID": "S-1-5-18", "EventData.HexInt1": "0x00000001", "EventData.HexInt2": "0x00000000", "EventData.HexInt3": "0x00000000"}
{"EventID": "524", "Channel": "Microsoft-Windows-DeviceManagement-Enterprise-Diagnostics-Provider/Operational", "Provider_Name": "Microsoft-Windows-DeviceManagement-Pushrouter", "Computer": "DESKTOP-OFJ6N53", "TimeCreated": "2022-09-13 14:42:59.614536+00:00", "RecordID": "579", "Level": "4", "UserID": "S-1-5-18"}
{"EventID": "514", "Channel": "Microsoft-Windows-DeviceManagement-Enterprise-Diagnostics-Provider/Operational", "Provider_Name": "Microsoft-Windows-DeviceManagement-Pushrouter", "Computer": "DESKTOP-OFJ6N53", "TimeCreated": "2022-09-13 14:42:59.614542+00:00", "RecordID": "580", "Level": "4", "UserID": "S-1-5-18", "EventData.HexInt1": "0x00000002", "EventData.HexInt2": "0x00000000", "EventData.HexInt3": "0x00000064"}
{"EventID": "512", "Channel": "Microsoft-Windows-DeviceManagement-Enterprise-Diagnostics-Provider/Operational", "Provider_Name": "Microsoft-Windows-DeviceManagement-Pushrouter", "Computer": "DESKTOP-OFJ6N53", "TimeCreated": "2022-09-13 14:42:59.614691+00:00", "RecordID": "581", "Level": "4", "UserID": "S-1-5-18", "EventData.HexInt1": "0x00000078"}
{"EventID": "111", "Channel": "Microsoft-Windows-DeviceManagement-Enterprise-Diagnostics-Provider/Operational", "Provider_Name": "Microsoft-Windows-DeviceManagement-Pushrouter", "Computer": "DESKTOP-OFJ6N53", "TimeCreated": "2022-09-13 14:42:59.616219+00:00", "RecordID": "582", "Level": "4", "UserID": "S-1-5-18", "EventData.Message1": "Incremented active client count", "EventData.HRESULT": "0x00000000"}
{"EventID": "511", "Channel": "Microsoft-Windows-DeviceManagement-Enterprise-Diagnostics-Provider/Operational", "Provider_Name": "Microsoft-Windows-DeviceManagement-Pushrouter", "Computer": "DESKTOP-OFJ6N53", "TimeCreated": "2022-09-13 14:42:59.616228+00:00", "RecordID": "583", "Level": "4", "UserID": "S-1-5-18", "EventData.HexInt1": "0x00000078"}
{"EventID": "144", "Channel": "Microsoft-Windows-DeviceManagement-Enterprise-Diagnostics-Provider/Operational", "Provider_Name": "Microsoft-Windows-DeviceManagement-Pushrouter", "Computer": "DESKTOP-OFJ6N53", "TimeCreated": "2022-09-13 14:42:59.631599+00:00", "RecordID": "584", "Level": "4", "UserID": "S-1-5-18", "EventData.HRESULT": "0x00000000"}
{"EventID": "507", "Channel": "Microsoft-Windows-DeviceManagement-Enterprise-Diagnostics-Provider/Operational", "Provider_Name": "Microsoft-Windows-DeviceManagement-Pushrouter", "Computer": "DESKTOP-OFJ6N53", "TimeCreated": "2022-09-13 14:43:00.139460+00:00", "RecordID": "585", "Level": "4", "UserID": "S-1-5-18", "EventData.HexInt1": "0x00000000"}
{"EventID": "516", "Channel": "Microsoft-Windows-DeviceManagement-Enterprise-Diagnostics-Provider/Operational", "Provider_Name": "Microsoft-Windows-DeviceManagement-Pushrouter", "Computer": "DESKTOP-OFJ6N53", "TimeCreated": "2022-09-13 14:43:00.139465+00:00", "RecordID": "586", "Level": "4", "UserID": "S-1-5-18", "EventData.HRESULT": "0x00000000"}
{"EventID": "101", "Channel": "Microsoft-Windows-DeviceManagement-Enterprise-Diagnostics-Provider/Operational", "Provider_Name": "Microsoft-Windows-DeviceManagement-Pushrouter", "Computer": "DESKTOP-OFJ6N53", "TimeCreated": "2022-09-13 14:43:00.141161+00:00", "RecordID": "587", "Level": "4", "UserID": "S-1-5-18", "EventData.HRESULT": "0x00000000"}
{"EventID": "111", "Channel": "Microsoft-Windows-DeviceManagement-Enterprise-Diagnostics-Provider/Operational", "Provider_Name": "Microsoft-Windows-DeviceManagement-Pushrouter", "Computer": "DESKTOP-OFJ6N53", "TimeCreated": "2022-09-13 14:43:00.142731+00:00", "RecordID": "588", "Level": "4", "UserID": "S-1-5-18", "EventData.Message1": "Incremented active client count successfully", "EventData.HRESULT": "0x00000001"}
{"EventID": "104", "Channel": "Microsoft-Windows-DeviceManagement-Enterprise-Diagnostics-Provider/Operational", "Provider_Name": "Microsoft-Windows-DeviceManagement-Pushrouter", "Computer": "DESKTOP-OFJ6N53", "TimeCreated": "2022-09-13 14:43:00.142735+00:00", "RecordID": "589", "Level": "4", "UserID": "S-1-5-18", "EventData.HRESULT": "0x00000000"}
{"EventID": "518", "Channel": "Microsoft-Windows-DeviceManagement-Enterprise-Diagnostics-Provider/Operational", "Provider_Name": "Microsoft-Windows-DeviceManagement-Pushrouter", "Computer": "DESKTOP-OFJ6N53", "TimeCreated": "2022-09-13 14:43:00.142735+00:00", "RecordID": "590", "Level": "4", "UserID": "S-1-5-18", "EventData.HRESULT": "0x00000000"}
{"EventID": "525", "Channel": "Microsoft-Windows-DeviceManagement-Enterprise-Diagnostics-Provider/Operational", "Provider_Name": "Microsoft-Windows-DeviceManagement-Pushrouter", "Computer": "DESKTOP-OFJ6N53", "TimeCreated": "2022-09-13 14:43:00.142744+00:00", "RecordID": "591", "Level": "4", "UserID": "S-1-5-18", "EventData.HexInt1": "0x00000000", "EventData.HRESULT": "0x00000000"}
{"EventID": "514", "Channel": "Microsoft-Windows-DeviceManagement-Enterprise-Diagnostics-Provider/Operational", "Provider_Name": "Microsoft-Windows-DeviceManagement-Pushrouter", "Computer": "DESKTOP-OFJ6N53", "TimeCreated": "2022-09-13 14:43:00.142746+00:00", "RecordID": "592", "Level": "4", "UserID": "S-1-5-18", "EventData.HexInt1": "0x00000004", "EventData.HexInt2": "0x00000000", "EventData.HexInt3": "0x00000000"}
{"EventID": "111", "Channel": "Microsoft-Windows-DeviceManagement-Enterprise-Diagnostics-Provider/Operational", "Provider_Name": "Microsoft-Windows-DeviceManagement-Pushrouter", "Computer": "DESKTOP-OFJ6N53", "TimeCreated": "2022-09-13 14:44:59.613750+00:00", "RecordID": "593", "Level": "4", "UserID": "S-1-5-18", "EventData.Message1": "Checking if all clients are handled", "EventData.HRESULT": "0x00000001"}
{"EventID": "509", "Channel": "Microsoft-Windows-DeviceManagement-Enterprise-Diagnostics-Provider/Operational", "Provider_Name": "Microsoft-Windows-DeviceManagement-Pushrouter", "Computer": "DESKTOP-OFJ6N53", "TimeCreated": "2022-09-13 14:44:59.613764+00:00", "RecordID": "594", "Level": "4", "UserID": "S-1-5-18"}
{"EventID": "511", "Channel": "Microsoft-Windows-DeviceManagement-Enterprise-Diagnostics-Provider/Operational", "Provider_Name": "Microsoft-Windows-DeviceManagement-Pushrouter", "Computer": "DESKTOP-OFJ6N53", "TimeCreated": "2022-09-13 14:44:59.613764+00:00", "RecordID": "595", "Level": "4", "UserID": "S-1-5-18", "EventData.HexInt1": "0x00000078"}
{"EventID": "110", "Channel": "Microsoft-Windows-DeviceManagement-Enterprise-Diagnostics-Provider/Operational", "Provider_Name": "Microsoft-Windows-DeviceManagement-Pushrouter", "Computer": "DESKTOP-OFJ6N53", "TimeCreated": "2022-09-13 14:45:02.254366+00:00", "RecordID": "596", "Level": "4", "UserID": "S-1-5-18", "EventData.HexInt1": "0x00000001"}
{"EventID": "112", "Channel": "Microsoft-Windows-DeviceManagement-Enterprise-Diagnostics-Provider/Operational", "Provider_Name": "Microsoft-Windows-DeviceManagement-Pushrouter", "Computer": "DESKTOP-OFJ6N53", "TimeCreated": "2022-09-13 14:45:02.254368+00:00", "RecordID": "597", "Level": "4", "UserID": "S-1-5-18", "EventData.HexInt1": "0x00000000"}
{"EventID": "111", "Channel": "Microsoft-Windows-DeviceManagement-Enterprise-Diagnostics-Provider/Operational", "Provider_Name": "Microsoft-Windows-DeviceManagement-Pushrouter", "Computer": "DESKTOP-OFJ6N53", "TimeCreated": "2022-09-13 14:46:59.617165+00:00", "RecordID": "598", "Level": "4", "UserID": "S-1-5-18", "EventData.Message1": "Checking if all clients are handled", "EventData.HRESULT": "0x00000000"}
{"EventID": "510", "Channel": "Microsoft-Windows-DeviceManagement-Enterprise-Diagnostics-Provider/Operational", "Provider_Name": "Microsoft-Windows-DeviceManagement-Pushrouter", "Computer": "DESKTOP-OFJ6N53", "TimeCreated": "2022-09-13 14:46:59.618288+00:00", "RecordID": "599", "Level": "4", "UserID": "S-1-5-18"}
{"EventID": "514", "Channel": "Microsoft-Windows-DeviceManagement-Enterprise-Diagnostics-Provider/Operational", "Provider_Name": "Microsoft-Windows-DeviceManagement-Pushrouter", "Computer": "DESKTOP-OFJ6N53", "TimeCreated": "2022-09-13 14:46:59.618294+00:00", "RecordID": "600", "Level": "4", "UserID": "S-1-5-18", "EventData.HexInt1": "0x00000003", "EventData.HexInt2": "0x00000000", "EventData.HexInt3": "0x00000000"}
{"EventID": "106", "Channel": "Microsoft-Windows-DeviceManagement-Enterprise-Diagnostics-Provider/Operational", "Provider_Name": "Microsoft-Windows-DeviceManagement-Pushrouter", "Computer": "DESKTOP-OFJ6N53", "TimeCreated": "2022-09-13 14:46:59.618946+00:00", "RecordID": "601", "Level": "4", "UserID": "S-1-5-18", "EventData.HRESULT": "0x00000000"}
{"EventID": "108", "Channel": "Microsoft-Windows-DeviceManagement-Enterprise-Diagnostics-Provider/Operational", "Provider_Name": "Microsoft-Windows-DeviceManagement-Pushrouter", "Computer": "DESKTOP-OFJ6N53", "TimeCreated": "2022-09-13 14:46:59.618954+00:00", "RecordID": "602", "Level": "4", "UserID": "S-1-5-18", "EventData.HRESULT": "0x00000000"}
{"EventID": "522", "Channel": "Microsoft-Windows-DeviceManagement-Enterprise-Diagnostics-Provider/Operational", "Provider_Name": "Microsoft-Windows-DeviceManagement-Pushrouter", "Computer": "DESKTOP-OFJ6N53", "TimeCreated": "2022-09-13 14:46:59.618988+00:00", "RecordID": "603", "Level": "4", "UserID": "S-1-5-18", "EventData.HRESULT": "0x00000000"}
{"EventID": "513", "Channel": "Microsoft-Windows-DeviceManagement-Enterprise-Diagnostics-Provider/Operational", "Provider_Name": "Microsoft-Windows-DeviceManagement-Pushrouter", "Computer": "DESKTOP-OFJ6N53", "TimeCreated": "2022-09-13 14:46:59.618990+00:00", "RecordID": "604", "Level": "4", "UserID": "S-1-5-18"}
{"EventID": "520", "Channel": "Microsoft-Windows-DeviceManagement-Enterprise-Diagnostics-Provider/Operational", "Provider_Name": "Microsoft-Windows-DeviceManagement-Pushrouter", "Computer": "DESKTOP-OFJ6N53", "TimeCreated": "2022-09-13 14:46:59.619030+00:00", "RecordID": "605", "Level": "4", "UserID": "S-1-5-18", "EventData.HRESULT": "0x00000000"}
{"EventID": "514", "Channel": "Microsoft-Windows-DeviceManagement-Enterprise-Diagnostics-Provider/Operational", "Provider_Name": "Microsoft-Windows-DeviceManagement-Pushrouter", "Computer": "DESKTOP-OFJ6N53", "TimeCreated": "2022-09-13 14:46:59.619034+00:00", "RecordID": "606", "Level": "4", "UserID": "S-1-5-18", "EventData.HexInt1": "0x00000001", "EventData.HexInt2": "0x00000000", "EventData.HexInt3": "0x00000000"}
{"EventID": "524", "Channel": "Microsoft-Windows-DeviceManagement-Enterprise-Diagnostics-Provider/Operational", "Provider_Name": "Microsoft-Windows-DeviceManagement-Pushrouter", "Computer": "DESKTOP-OFJ6N53", "TimeCreated": "2022-09-14 17:27:24.030405+00:00", "RecordID": "607", "Level": "4", "UserID": "S-1-5-18"}
{"EventID": "514", "Channel": "Microsoft-Windows-DeviceManagement-Enterprise-Diagnostics-Provider/Operational", "Provider_Name": "Microsoft-Windows-DeviceManagement-Pushrouter", "Computer": "DESKTOP-OFJ6N53", "TimeCreated": "2022-09-14 17:27:24.030407+00:00", "RecordID": "608", "Level": "4", "UserID": "S-1-5-18", "EventData.HexInt1": "0x00000002", "EventData.HexInt2": "0x00000000", "EventData.HexInt3": "0x00000064"}
{"EventID": "512", "Channel": "Microsoft-Windows-DeviceManagement-Enterprise-Diagnostics-Provider/Operational", "Provider_Name": "Microsoft-Windows-DeviceManagement-Pushrouter", "Computer": "DESKTOP-OFJ6N53", "TimeCreated": "2022-09-14 17:27:24.030535+00:00", "RecordID": "609", "Level": "4", "UserID": "S-1-5-18", "EventData.HexInt1": "0x00000078"}
{"EventID": "111", "Channel": "Microsoft-Windows-DeviceManagement-Enterprise-Diagnostics-Provider/Operational", "Provider_Name": "Microsoft-Windows-DeviceManagement-Pushrouter", "Computer": "DESKTOP-OFJ6N53", "TimeCreated": "2022-09-14 17:27:24.030540+00:00", "RecordID": "610", "Level": "4", "UserID": "S-1-5-18", "EventData.Message1": "Incremented active client count", "EventData.HRESULT": "0x00000000"}
{"EventID": "511", "Channel": "Microsoft-Windows-DeviceManagement-Enterprise-Diagnostics-Provider/Operational", "Provider_Name": "Microsoft-Windows-DeviceManagement-Pushrouter", "Computer": "DESKTOP-OFJ6N53", "TimeCreated": "2022-09-14 17:27:24.030544+00:00", "RecordID": "611", "Level": "4", "UserID": "S-1-5-18", "EventData.HexInt1": "0x00000078"}
{"EventID": "144", "Channel": "Microsoft-Windows-DeviceManagement-Enterprise-Diagnostics-Provider/Operational", "Provider_Name": "Microsoft-Windows-DeviceManagement-Pushrouter", "Computer": "DESKTOP-OFJ6N53", "TimeCreated": "2022-09-14 17:27:24.034266+00:00", "RecordID": "612", "Level": "4", "UserID": "S-1-5-18", "EventData.HRESULT": "0x00000000"}
{"EventID": "507", "Channel": "Microsoft-Windows-DeviceManagement-Enterprise-Diagnostics-Provider/Operational", "Provider_Name": "Microsoft-Windows-DeviceManagement-Pushrouter", "Computer": "DESKTOP-OFJ6N53", "TimeCreated": "2022-09-14 17:27:24.195021+00:00", "RecordID": "613", "Level": "4", "UserID": "S-1-5-18", "EventData.HexInt1": "0x00000000"}
{"EventID": "516", "Channel": "Microsoft-Windows-DeviceManagement-Enterprise-Diagnostics-Provider/Operational", "Provider_Name": "Microsoft-Windows-DeviceManagement-Pushrouter", "Computer": "DESKTOP-OFJ6N53", "TimeCreated": "2022-09-14 17:27:24.195023+00:00", "RecordID": "614", "Level": "4", "UserID": "S-1-5-18", "EventData.HRESULT": "0x00000000"}
{"EventID": "101", "Channel": "Microsoft-Windows-DeviceManagement-Enterprise-Diagnostics-Provider/Operational", "Provider_Name": "Microsoft-Windows-DeviceManagement-Pushrouter", "Computer": "DESKTOP-OFJ6N53", "TimeCreated": "2022-09-14 17:27:24.195440+00:00", "RecordID": "615", "Level": "4", "UserID": "S-1-5-18", "EventData.HRESULT": "0x00000000"}
{"EventID": "111", "Channel": "Microsoft-Windows-DeviceManagement-Enterprise-Diagnostics-Provider/Operational", "Provider_Name": "Microsoft-Windows-DeviceManagement-Pushrouter", "Computer": "DESKTOP-OFJ6N53", "TimeCreated": "2022-09-14 17:27:24.196018+00:00", "RecordID": "616", "Level": "4", "UserID": "S-1-5-18", "EventData.Message1": "Incremented active client count successfully", "EventData.HRESULT": "0x00000001"}
{"EventID": "104", "Channel": "Microsoft-Windows-DeviceManagement-Enterprise-Diagnostics-Provider/Operational", "Provider_Name": "Microsoft-Windows-DeviceManagement-Pushrouter", "Computer": "DESKTOP-OFJ6N53", "TimeCreated": "2022-09-14 17:27:24.196022+00:00", "RecordID": "617", "Level": "4", "UserID": "S-1-5-18", "EventData.HRESULT": "0x00000000"}
{"EventID": "518", "Channel": "Microsoft-Windows-DeviceManagement-Enterprise-Diagnostics-Provider/Operational", "Provider_Name": "Microsoft-Windows-DeviceManagement-Pushrouter", "Computer": "DESKTOP-OFJ6N53", "TimeCreated": "2022-09-14 17:27:24.196022+00:00", "RecordID": "618", "Level": "4", "UserID": "S-1-5-18", "EventData.HRESULT": "0x00000000"}
{"EventID": "525", "Channel": "Microsoft-Windows-DeviceManagement-Enterprise-Diagnostics-Provider/Operational", "Provider_Name": "Microsoft-Windows-DeviceManagement-Pushrouter", "Computer": "DESKTOP-OFJ6N53", "TimeCreated": "2022-09-14 17:27:24.196030+00:00", "RecordID": "619", "Level": "4", "UserID": "S-1-5-18", "EventData.HexInt1": "0x00000000", "EventData.HRESULT": "0x00000000"}
{"EventID": "514", "Channel": "Microsoft-Windows-DeviceManagement-Enterprise-Diagnostics-Provider/Operational", "Provider_Name": "Microsoft-Windows-DeviceManagement-Pushrouter", "Computer": "DESKTOP-OFJ6N53", "TimeCreated": "2022-09-14 17:27:24.196032+00:00", "RecordID": "620", "Level": "4", "UserID": "S-1-5-18", "EventData.HexInt1": "0x00000004", "EventData.HexInt2": "0x00000000", "EventData.HexInt3": "0x00000000"}
{"EventID": "111", "Channel": "Microsoft-Windows-DeviceManagement-Enterprise-Diagnostics-Provider/Operational", "Provider_Name": "Microsoft-Windows-DeviceManagement-Pushrouter", "Computer": "DESKTOP-OFJ6N53", "TimeCreated": "2022-09-14 17:29:24.031313+00:00", "RecordID": "621", "Level": "4", "UserID": "S-1-5-18", "EventData.Message1": "Checking if all clients are handled", "EventData.HRESULT": "0x00000001"}
{"EventID": "509", "Channel": "Microsoft-Windows-DeviceManagement-Enterprise-Diagnostics-Provider/Operational", "Provider_Name": "Microsoft-Windows-DeviceManagement-Pushrouter", "Computer": "DESKTOP-OFJ6N53", "TimeCreated": "2022-09-14 17:29:24.031319+00:00", "RecordID": "622", "Level": "4", "UserID": "S-1-5-18"}
{"EventID": "511", "Channel": "Microsoft-Windows-DeviceManagement-Enterprise-Diagnostics-Provider/Operational", "Provider_Name": "Microsoft-Windows-DeviceManagement-Pushrouter", "Computer": "DESKTOP-OFJ6N53", "TimeCreated": "2022-09-14 17:29:24.031319+00:00", "RecordID": "623", "Level": "4", "UserID": "S-1-5-18", "EventData.HexInt1": "0x00000078"}
{"EventID": "110", "Channel": "Microsoft-Windows-DeviceManagement-Enterprise-Diagnostics-Provider/Operational", "Provider_Name": "Microsoft-Windows-DeviceManagement-Pushrouter", "Computer": "DESKTOP-OFJ6N53", "TimeCreated": "2022-09-14 17:29:25.547232+00:00", "RecordID": "624", "Level": "4", "UserID": "S-1-5-18", "EventData.HexInt1": "0x00000001"}
{"EventID": "112", "Channel": "Microsoft-Windows-DeviceManagement-Enterprise-Diagnostics-Provider/Operational", "Provider_Name": "Microsoft-Windows-DeviceManagement-Pushrouter", "Computer": "DESKTOP-OFJ6N53", "TimeCreated": "2022-09-14 17:29:25.547235+00:00", "RecordID": "625", "Level": "4", "UserID": "S-1-5-18", "EventData.HexInt1": "0x00000000"}
{"EventID": "111", "Channel": "Microsoft-Windows-DeviceManagement-Enterprise-Diagnostics-Provider/Operational", "Provider_Name": "Microsoft-Windows-DeviceManagement-Pushrouter", "Computer": "DESKTOP-OFJ6N53", "TimeCreated": "2022-09-14 17:31:24.042246+00:00", "RecordID": "626", "Level": "4", "UserID": "S-1-5-18", "EventData.Message1": "Checking if all clients are handled", "EventData.HRESULT": "0x00000000"}
{"EventID": "510", "Channel": "Microsoft-Windows-DeviceManagement-Enterprise-Diagnostics-Provider/Operational", "Provider_Name": "Microsoft-Windows-DeviceManagement-Pushrouter", "Computer": "DESKTOP-OFJ6N53", "TimeCreated": "2022-09-14 17:31:24.042263+00:00", "RecordID": "627", "Level": "4", "UserID": "S-1-5-18"}
{"EventID": "514", "Channel": "Microsoft-Windows-DeviceManagement-Enterprise-Diagnostics-Provider/Operational", "Provider_Name": "Microsoft-Windows-DeviceManagement-Pushrouter", "Computer": "DESKTOP-OFJ6N53", "TimeCreated": "2022-09-14 17:31:24.043055+00:00", "RecordID": "628", "Level": "4", "UserID": "S-1-5-18", "EventData.HexInt1": "0x00000003", "EventData.HexInt2": "0x00000000", "EventData.HexInt3": "0x00000000"}
{"EventID": "106", "Channel": "Microsoft-Windows-DeviceManagement-Enterprise-Diagnostics-Provider/Operational", "Provider_Name": "Microsoft-Windows-DeviceManagement-Pushrouter", "Computer": "DESKTOP-OFJ6N53", "TimeCreated": "2022-09-14 17:31:24.043600+00:00", "RecordID": "629", "Level": "4", "UserID": "S-1-5-18", "EventData.HRESULT": "0x00000000"}
{"EventID": "108", "Channel": "Microsoft-Windows-DeviceManagement-Enterprise-Diagnostics-Provider/Operational", "Provider_Name": "Microsoft-Windows-DeviceManagement-Pushrouter", "Computer": "DESKTOP-OFJ6N53", "TimeCreated": "2022-09-14 17:31:24.043606+00:00", "RecordID": "630", "Level": "4", "UserID": "S-1-5-18", "EventData.HRESULT": "0x00000000"}
{"EventID": "522", "Channel": "Microsoft-Windows-DeviceManagement-Enterprise-Diagnostics-Provider/Operational", "Provider_Name": "Microsoft-Windows-DeviceManagement-Pushrouter", "Computer": "DESKTOP-OFJ6N53", "TimeCreated": "2022-09-14 17:31:24.043627+00:00", "RecordID": "631", "Level": "4", "UserID": "S-1-5-18", "EventData.HRESULT": "0x00000000"}
{"EventID": "513", "Channel": "Microsoft-Windows-DeviceManagement-Enterprise-Diagnostics-Provider/Operational", "Provider_Name": "Microsoft-Windows-DeviceManagement-Pushrouter", "Computer": "DESKTOP-OFJ6N53", "TimeCreated": "2022-09-14 17:31:24.043629+00:00", "RecordID": "632", "Level": "4", "UserID": "S-1-5-18"}
{"EventID": "520", "Channel": "Microsoft-Windows-DeviceManagement-Enterprise-Diagnostics-Provider/Operational", "Provider_Name": "Microsoft-Windows-DeviceManagement-Pushrouter", "Computer": "DESKTOP-OFJ6N53", "TimeCreated": "2022-09-14 17:31:24.043665+00:00", "RecordID": "633", "Level": "4", "UserID": "S-1-5-18", "EventData.HRESULT": "0x00000000"}
{"EventID": "514", "Channel": "Microsoft-Windows-DeviceManagement-Enterprise-Diagnostics-Provider/Operational", "Provider_Name": "Microsoft-Windows-DeviceManagement-Pushrouter", "Computer": "DESKTOP-OFJ6N53", "TimeCreated": "2022-09-14 17:31:24.043671+00:00", "RecordID": "634", "Level": "4", "UserID": "S-1-5-18", "EventData.HexInt1": "0x00000001", "EventData.HexInt2": "0x00000000", "EventData.HexInt3": "0x00000000"}
{"EventID": "524", "Channel": "Microsoft-Windows-DeviceManagement-Enterprise-Diagnostics-Provider/Operational", "Provider_Name": "Microsoft-Windows-DeviceManagement-Pushrouter", "Computer": "DESKTOP-OFJ6N53", "TimeCreated": "2022-09-22 12:50:34.544123+00:00", "RecordID": "635", "Level": "4", "UserID": "S-1-5-18"}
{"EventID": "514", "Channel": "Microsoft-Windows-DeviceManagement-Enterprise-Diagnostics-Provider/Operational", "Provider_Name": "Microsoft-Windows-DeviceManagement-Pushrouter", "Computer": "DESKTOP-OFJ6N53", "TimeCreated": "2022-09-22 12:50:34.544127+00:00", "RecordID": "636", "Level": "4", "UserID": "S-1-5-18", "EventData.HexInt1": "0x00000002", "EventData.HexInt2": "0x00000000", "EventData.HexInt3": "0x00000064"}
{"EventID": "512", "Channel": "Microsoft-Windows-DeviceManagement-Enterprise-Diagnostics-Provider/Operational", "Provider_Name": "Microsoft-Windows-DeviceManagement-Pushrouter", "Computer": "DESKTOP-OFJ6N53", "TimeCreated": "2022-09-22 12:50:34.544249+00:00", "RecordID": "637", "Level": "4", "UserID": "S-1-5-18", "EventData.HexInt1": "0x00000078"}
{"EventID": "111", "Channel": "Microsoft-Windows-DeviceManagement-Enterprise-Diagnostics-Provider/Operational", "Provider_Name": "Microsoft-Windows-DeviceManagement-Pushrouter", "Computer": "DESKTOP-OFJ6N53", "TimeCreated": "2022-09-22 12:50:34.547026+00:00", "RecordID": "638", "Level": "4", "UserID": "S-1-5-18", "EventData.Message1": "Incremented active client count", "EventData.HRESULT": "0x00000000"}
{"EventID": "511", "Channel": "Microsoft-Windows-DeviceManagement-Enterprise-Diagnostics-Provider/Operational", "Provider_Name": "Microsoft-Windows-DeviceManagement-Pushrouter", "Computer": "DESKTOP-OFJ6N53", "TimeCreated": "2022-09-22 12:50:34.547037+00:00", "RecordID": "639", "Level": "4", "UserID": "S-1-5-18", "EventData.HexInt1": "0x00000078"}
{"EventID": "144", "Channel": "Microsoft-Windows-DeviceManagement-Enterprise-Diagnostics-Provider/Operational", "Provider_Name": "Microsoft-Windows-DeviceManagement-Pushrouter", "Computer": "DESKTOP-OFJ6N53", "TimeCreated": "2022-09-22 12:50:34.552870+00:00", "RecordID": "640", "Level": "4", "UserID": "S-1-5-18", "EventData.HRESULT": "0x00000000"}
{"EventID": "507", "Channel": "Microsoft-Windows-DeviceManagement-Enterprise-Diagnostics-Provider/Operational", "Provider_Name": "Microsoft-Windows-DeviceManagement-Pushrouter", "Computer": "DESKTOP-OFJ6N53", "TimeCreated": "2022-09-22 12:50:34.711582+00:00", "RecordID": "641", "Level": "4", "UserID": "S-1-5-18", "EventData.HexInt1": "0x00000000"}
{"EventID": "516", "Channel": "Microsoft-Windows-DeviceManagement-Enterprise-Diagnostics-Provider/Operational", "Provider_Name": "Microsoft-Windows-DeviceManagement-Pushrouter", "Computer": "DESKTOP-OFJ6N53", "TimeCreated": "2022-09-22 12:50:34.711584+00:00", "RecordID": "642", "Level": "4", "UserID": "S-1-5-18", "EventData.HRESULT": "0x00000000"}
{"EventID": "101", "Channel": "Microsoft-Windows-DeviceManagement-Enterprise-Diagnostics-Provider/Operational", "Provider_Name": "Microsoft-Windows-DeviceManagement-Pushrouter", "Computer": "DESKTOP-OFJ6N53", "TimeCreated": "2022-09-22 12:50:34.712313+00:00", "RecordID": "643", "Level": "4", "UserID": "S-1-5-18", "EventData.HRESULT": "0x00000000"}
{"EventID": "111", "Channel": "Microsoft-Windows-DeviceManagement-Enterprise-Diagnostics-Provider/Operational", "Provider_Name": "Microsoft-Windows-DeviceManagement-Pushrouter", "Computer": "DESKTOP-OFJ6N53", "TimeCreated": "2022-09-22 12:50:34.713396+00:00", "RecordID": "644", "Level": "4", "UserID": "S-1-5-18", "EventData.Message1": "Incremented active client count successfully", "EventData.HRESULT": "0x00000001"}
{"EventID": "104", "Channel": "Microsoft-Windows-DeviceManagement-Enterprise-Diagnostics-Provider/Operational", "Provider_Name": "Microsoft-Windows-DeviceManagement-Pushrouter", "Computer": "DESKTOP-OFJ6N53", "TimeCreated": "2022-09-22 12:50:34.713398+00:00", "RecordID": "645", "Level": "4", "UserID": "S-1-5-18", "EventData.HRESULT": "0x00000000"}
{"EventID": "518", "Channel": "Microsoft-Windows-DeviceManagement-Enterprise-Diagnostics-Provider/Operational", "Provider_Name": "Microsoft-Windows-DeviceManagement-Pushrouter", "Computer": "DESKTOP-OFJ6N53", "TimeCreated": "2022-09-22 12:50:34.713402+00:00", "RecordID": "646", "Level": "4", "UserID": "S-1-5-18", "EventData.HRESULT": "0x00000000"}
{"EventID": "525", "Channel": "Microsoft-Windows-DeviceManagement-Enterprise-Diagnostics-Provider/Operational", "Provider_Name": "Microsoft-Windows-DeviceManagement-Pushrouter", "Computer": "DESKTOP-OFJ6N53", "TimeCreated": "2022-09-22 12:50:34.713409+00:00", "RecordID": "647", "Level": "4", "UserID": "S-1-5-18", "EventData.HexInt1": "0x00000000", "EventData.HRESULT": "0x00000000"}
{"EventID": "514", "Channel": "Microsoft-Windows-DeviceManagement-Enterprise-Diagnostics-Provider/Operational", "Provider_Name": "Microsoft-Windows-DeviceManagement-Pushrouter", "Computer": "DESKTOP-OFJ6N53", "TimeCreated": "2022-09-22 12:50:34.713409+00:00", "RecordID": "648", "Level": "4", "UserID": "S-1-5-18", "EventData.HexInt1": "0x00000004", "EventData.HexInt2": "0x00000000", "EventData.HexInt3": "0x00000000"}
{"EventID": "111", "Channel": "Microsoft-Windows-DeviceManagement-Enterprise-Diagnostics-Provider/Operational", "Provider_Name": "Microsoft-Windows-DeviceManagement-Pushrouter", "Computer": "DESKTOP-OFJ6N53", "TimeCreated": "2022-09-22 12:52:34.548134+00:00", "RecordID": "649", "Level": "4", "UserID": "S-1-5-18", "EventData.Message1": "Checking if all clients are handled", "EventData.HRESULT": "0x00000001"}
{"EventID": "509", "Channel": "Microsoft-Windows-DeviceManagement-Enterprise-Diagnostics-Provider/Operational", "Provider_Name": "Microsoft-Windows-DeviceManagement-Pushrouter", "Computer": "DESKTOP-OFJ6N53", "TimeCreated": "2022-09-22 12:52:34.548138+00:00", "RecordID": "650", "Level": "4", "UserID": "S-1-5-18"}
{"EventID": "511", "Channel": "Microsoft-Windows-DeviceManagement-Enterprise-Diagnostics-Provider/Operational", "Provider_Name": "Microsoft-Windows-DeviceManagement-Pushrouter", "Computer": "DESKTOP-OFJ6N53", "TimeCreated": "2022-09-22 12:52:34.548138+00:00", "RecordID": "651", "Level": "4", "UserID": "S-1-5-18", "EventData.HexInt1": "0x00000078"}
{"EventID": "110", "Channel": "Microsoft-Windows-DeviceManagement-Enterprise-Diagnostics-Provider/Operational", "Provider_Name": "Microsoft-Windows-DeviceManagement-Pushrouter", "Computer": "DESKTOP-OFJ6N53", "TimeCreated": "2022-09-22 12:52:36.084007+00:00", "RecordID": "652", "Level": "4", "UserID": "S-1-5-18", "EventData.HexInt1": "0x00000001"}
{"EventID": "112", "Channel": "Microsoft-Windows-DeviceManagement-Enterprise-Diagnostics-Provider/Operational", "Provider_Name": "Microsoft-Windows-DeviceManagement-Pushrouter", "Computer": "DESKTOP-OFJ6N53", "TimeCreated": "2022-09-22 12:52:36.084009+00:00", "RecordID": "653", "Level": "4", "UserID": "S-1-5-18", "EventData.HexInt1": "0x00000000"}
{"EventID": "111", "Channel": "Microsoft-Windows-DeviceManagement-Enterprise-Diagnostics-Provider/Operational", "Provider_Name": "Microsoft-Windows-DeviceManagement-Pushrouter", "Computer": "DESKTOP-OFJ6N53", "TimeCreated": "2022-09-22 12:54:34.553957+00:00", "RecordID": "654", "Level": "4", "UserID": "S-1-5-18", "EventData.Message1": "Checking if all clients are handled", "EventData.HRESULT": "0x00000000"}
{"EventID": "510", "Channel": "Microsoft-Windows-DeviceManagement-Enterprise-Diagnostics-Provider/Operational", "Provider_Name": "Microsoft-Windows-DeviceManagement-Pushrouter", "Computer": "DESKTOP-OFJ6N53", "TimeCreated": "2022-09-22 12:54:34.553968+00:00", "RecordID": "655", "Level": "4", "UserID": "S-1-5-18"}
{"EventID": "514", "Channel": "Microsoft-Windows-DeviceManagement-Enterprise-Diagnostics-Provider/Operational", "Provider_Name": "Microsoft-Windows-DeviceManagement-Pushrouter", "Computer": "DESKTOP-OFJ6N53", "TimeCreated": "2022-09-22 12:54:34.553972+00:00", "RecordID": "656", "Level": "4", "UserID": "S-1-5-18", "EventData.HexInt1": "0x00000003", "EventData.HexInt2": "0x00000000", "EventData.HexInt3": "0x00000000"}
{"EventID": "106", "Channel": "Microsoft-Windows-DeviceManagement-Enterprise-Diagnostics-Provider/Operational", "Provider_Name": "Microsoft-Windows-DeviceManagement-Pushrouter", "Computer": "DESKTOP-OFJ6N53", "TimeCreated": "2022-09-22 12:54:34.554489+00:00", "RecordID": "657", "Level": "4", "UserID": "S-1-5-18", "EventData.HRESULT": "0x00000000"}
{"EventID": "108", "Channel": "Microsoft-Windows-DeviceManagement-Enterprise-Diagnostics-Provider/Operational", "Provider_Name": "Microsoft-Windows-DeviceManagement-Pushrouter", "Computer": "DESKTOP-OFJ6N53", "TimeCreated": "2022-09-22 12:54:34.554495+00:00", "RecordID": "658", "Level": "4", "UserID": "S-1-5-18", "EventData.HRESULT": "0x00000000"}
{"EventID": "522", "Channel": "Microsoft-Windows-DeviceManagement-Enterprise-Diagnostics-Provider/Operational", "Provider_Name": "Microsoft-Windows-DeviceManagement-Pushrouter", "Computer": "DESKTOP-OFJ6N53", "TimeCreated": "2022-09-22 12:54:34.554514+00:00", "RecordID": "659", "Level": "4", "UserID": "S-1-5-18", "EventData.HRESULT": "0x00000000"}
{"EventID": "513", "Channel": "Microsoft-Windows-DeviceManagement-Enterprise-Diagnostics-Provider/Operational", "Provider_Name": "Microsoft-Windows-DeviceManagement-Pushrouter", "Computer": "DESKTOP-OFJ6N53", "TimeCreated": "2022-09-22 12:54:34.554516+00:00", "RecordID": "660", "Level": "4", "UserID": "S-1-5-18"}
{"EventID": "520", "Channel": "Microsoft-Windows-DeviceManagement-Enterprise-Diagnostics-Provider/Operational", "Provider_Name": "Microsoft-Windows-DeviceManagement-Pushrouter", "Computer": "DESKTOP-OFJ6N53", "TimeCreated": "2022-09-22 12:54:34.554546+00:00", "RecordID": "661", "Level": "4", "UserID": "S-1-5-18", "EventData.HRESULT": "0x00000000"}
{"EventID": "514", "Channel": "Microsoft-Windows-DeviceManagement-Enterprise-Diagnostics-Provider/Operational", "Provider_Name": "Microsoft-Windows-DeviceManagement-Pushrouter", "Computer": "DESKTOP-OFJ6N53", "TimeCreated": "2022-09-22 12:54:34.554550+00:00", "RecordID": "662", "Level": "4", "UserID": "S-1-5-18", "EventData.HexInt1": "0x00000001", "EventData.HexInt2": "0x00000000", "EventData.HexInt3": "0x00000000"}
{"EventID": "524", "Channel": "Microsoft-Windows-DeviceManagement-Enterprise-Diagnostics-Provider/Operational", "Provider_Name": "Microsoft-Windows-DeviceManagement-Pushrouter", "Computer": "DESKTOP-OFJ6N53", "TimeCreated": "2022-09-29 11:49:16.062284+00:00", "RecordID": "663", "Level": "4", "UserID": "S-1-5-18"}
{"EventID": "514", "Channel": "Microsoft-Windows-DeviceManagement-Enterprise-Diagnostics-Provider/Operational", "Provider_Name": "Microsoft-Windows-DeviceManagement-Pushrouter", "Computer": "DESKTOP-OFJ6N53", "TimeCreated": "2022-09-29 11:49:16.062288+00:00", "RecordID": "664", "Level": "4", "UserID": "S-1-5-18", "EventData.HexInt1": "0x00000002", "EventData.HexInt2": "0x00000000", "EventData.HexInt3": "0x00000064"}
{"EventID": "512", "Channel": "Microsoft-Windows-DeviceManagement-Enterprise-Diagnostics-Provider/Operational", "Provider_Name": "Microsoft-Windows-DeviceManagement-Pushrouter", "Computer": "DESKTOP-OFJ6N53", "TimeCreated": "2022-09-29 11:49:16.062418+00:00", "RecordID": "665", "Level": "4", "UserID": "S-1-5-18", "EventData.HexInt1": "0x00000078"}
{"EventID": "111", "Channel": "Microsoft-Windows-DeviceManagement-Enterprise-Diagnostics-Provider/Operational", "Provider_Name": "Microsoft-Windows-DeviceManagement-Pushrouter", "Computer": "DESKTOP-OFJ6N53", "TimeCreated": "2022-09-29 11:49:16.062435+00:00", "RecordID": "666", "Level": "4", "UserID": "S-1-5-18", "EventData.Message1": "Incremented active client count", "EventData.HRESULT": "0x00000000"}
{"EventID": "511", "Channel": "Microsoft-Windows-DeviceManagement-Enterprise-Diagnostics-Provider/Operational", "Provider_Name": "Microsoft-Windows-DeviceManagement-Pushrouter", "Computer": "DESKTOP-OFJ6N53", "TimeCreated": "2022-09-29 11:49:16.062437+00:00", "RecordID": "667", "Level": "4", "UserID": "S-1-5-18", "EventData.HexInt1": "0x00000078"}
{"EventID": "144", "Channel": "Microsoft-Windows-DeviceManagement-Enterprise-Diagnostics-Provider/Operational", "Provider_Name": "Microsoft-Windows-DeviceManagement-Pushrouter", "Computer": "DESKTOP-OFJ6N53", "TimeCreated": "2022-09-29 11:49:16.066557+00:00", "RecordID": "668", "Level": "4", "UserID": "S-1-5-18", "EventData.HRESULT": "0x00000000"}
{"EventID": "507", "Channel": "Microsoft-Windows-DeviceManagement-Enterprise-Diagnostics-Provider/Operational", "Provider_Name": "Microsoft-Windows-DeviceManagement-Pushrouter", "Computer": "DESKTOP-OFJ6N53", "TimeCreated": "2022-09-29 11:49:16.249228+00:00", "RecordID": "669", "Level": "4", "UserID": "S-1-5-18", "EventData.HexInt1": "0x00000000"}
{"EventID": "516", "Channel": "Microsoft-Windows-DeviceManagement-Enterprise-Diagnostics-Provider/Operational", "Provider_Name": "Microsoft-Windows-DeviceManagement-Pushrouter", "Computer": "DESKTOP-OFJ6N53", "TimeCreated": "2022-09-29 11:49:16.249229+00:00", "RecordID": "670", "Level": "4", "UserID": "S-1-5-18", "EventData.HRESULT": "0x00000000"}
{"EventID": "101", "Channel": "Microsoft-Windows-DeviceManagement-Enterprise-Diagnostics-Provider/Operational", "Provider_Name": "Microsoft-Windows-DeviceManagement-Pushrouter", "Computer": "DESKTOP-OFJ6N53", "TimeCreated": "2022-09-29 11:49:16.249681+00:00", "RecordID": "671", "Level": "4", "UserID": "S-1-5-18", "EventData.HRESULT": "0x00000000"}
{"EventID": "111", "Channel": "Microsoft-Windows-DeviceManagement-Enterprise-Diagnostics-Provider/Operational", "Provider_Name": "Microsoft-Windows-DeviceManagement-Pushrouter", "Computer": "DESKTOP-OFJ6N53", "TimeCreated": "2022-09-29 11:49:16.250328+00:00", "RecordID": "672", "Level": "4", "UserID": "S-1-5-18", "EventData.Message1": "Incremented active client count successfully", "EventData.HRESULT": "0x00000001"}
{"EventID": "104", "Channel": "Microsoft-Windows-DeviceManagement-Enterprise-Diagnostics-Provider/Operational", "Provider_Name": "Microsoft-Windows-DeviceManagement-Pushrouter", "Computer": "DESKTOP-OFJ6N53", "TimeCreated": "2022-09-29 11:49:16.250330+00:00", "RecordID": "673", "Level": "4", "UserID": "S-1-5-18", "EventData.HRESULT": "0x00000000"}
{"EventID": "518", "Channel": "Microsoft-Windows-DeviceManagement-Enterprise-Diagnostics-Provider/Operational", "Provider_Name": "Microsoft-Windows-DeviceManagement-Pushrouter", "Computer": "DESKTOP-OFJ6N53", "TimeCreated": "2022-09-29 11:49:16.250332+00:00", "RecordID": "674", "Level": "4", "UserID": "S-1-5-18", "EventData.HRESULT": "0x00000000"}
{"EventID": "525", "Channel": "Microsoft-Windows-DeviceManagement-Enterprise-Diagnostics-Provider/Operational", "Provider_Name": "Microsoft-Windows-DeviceManagement-Pushrouter", "Computer": "DESKTOP-OFJ6N53", "TimeCreated": "2022-09-29 11:49:16.250341+00:00", "RecordID": "675", "Level": "4", "UserID": "S-1-5-18", "EventData.HexInt1": "0x00000000", "EventData.HRESULT": "0x00000000"}
{"EventID": "514", "Channel": "Microsoft-Windows-DeviceManagement-Enterprise-Diagnostics-Provider/Operational", "Provider_Name": "Microsoft-Windows-DeviceManagement-Pushrouter", "Computer": "DESKTOP-OFJ6N53", "TimeCreated": "2022-09-29 11:49:16.250341+00:00", "RecordID": "676", "Level": "4", "UserID": "S-1-5-18", "EventData.HexInt1": "0x00000004", "EventData.HexInt2": "0x00000000", "EventData.HexInt3": "0x00000000"}
{"EventID": "111", "Channel": "Microsoft-Windows-DeviceManagement-Enterprise-Diagnostics-Provider/Operational", "Provider_Name": "Microsoft-Windows-DeviceManagement-Pushrouter", "Computer": "DESKTOP-OFJ6N53", "TimeCreated": "2022-09-29 11:51:16.067883+00:00", "RecordID": "677", "Level": "4", "UserID": "S-1-5-18", "EventData.Message1": "Checking if all clients are handled", "EventData.HRESULT": "0x00000001"}
{"EventID": "509", "Channel": "Microsoft-Windows-DeviceManagement-Enterprise-Diagnostics-Provider/Operational", "Provider_Name": "Microsoft-Windows-DeviceManagement-Pushrouter", "Computer": "DESKTOP-OFJ6N53", "TimeCreated": "2022-09-29 11:51:16.067888+00:00", "RecordID": "678", "Level": "4", "UserID": "S-1-5-18"}
{"EventID": "511", "Channel": "Microsoft-Windows-DeviceManagement-Enterprise-Diagnostics-Provider/Operational", "Provider_Name": "Microsoft-Windows-DeviceManagement-Pushrouter", "Computer": "DESKTOP-OFJ6N53", "TimeCreated": "2022-09-29 11:51:16.067888+00:00", "RecordID": "679", "Level": "4", "UserID": "S-1-5-18", "EventData.HexInt1": "0x00000078"}
{"EventID": "110", "Channel": "Microsoft-Windows-DeviceManagement-Enterprise-Diagnostics-Provider/Operational", "Provider_Name": "Microsoft-Windows-DeviceManagement-Pushrouter", "Computer": "DESKTOP-OFJ6N53", "TimeCreated": "2022-09-29 11:51:17.724047+00:00", "RecordID": "680", "Level": "4", "UserID": "S-1-5-18", "EventData.HexInt1": "0x00000001"}
{"EventID": "112", "Channel": "Microsoft-Windows-DeviceManagement-Enterprise-Diagnostics-Provider/Operational", "Provider_Name": "Microsoft-Windows-DeviceManagement-Pushrouter", "Computer": "DESKTOP-OFJ6N53", "TimeCreated": "2022-09-29 11:51:17.724049+00:00", "RecordID": "681", "Level": "4", "UserID": "S-1-5-18", "EventData.HexInt1": "0x00000000"}
{"EventID": "111", "Channel": "Microsoft-Windows-DeviceManagement-Enterprise-Diagnostics-Provider/Operational", "Provider_Name": "Microsoft-Windows-DeviceManagement-Pushrouter", "Computer": "DESKTOP-OFJ6N53", "TimeCreated": "2022-09-29 11:53:16.076811+00:00", "RecordID": "682", "Level": "4", "UserID": "S-1-5-18", "EventData.Message1": "Checking if all clients are handled", "EventData.HRESULT": "0x00000000"}
{"EventID": "510", "Channel": "Microsoft-Windows-DeviceManagement-Enterprise-Diagnostics-Provider/Operational", "Provider_Name": "Microsoft-Windows-DeviceManagement-Pushrouter", "Computer": "DESKTOP-OFJ6N53", "TimeCreated": "2022-09-29 11:53:16.078548+00:00", "RecordID": "683", "Level": "4", "UserID": "S-1-5-18"}
