{"EventID": "6524", "Channel": "Microsoft-Windows-SettingSync/Debug", "Provider_Name": "Microsoft-Windows-SettingSync", "Computer": "DESKTOP-OFJ6N53", "TimeCreated": "2025-04-11 08:35:43.494019+00:00", "RecordID": "5446", "Level": "4", "UserID": "S-1-5-21-963789628-1060504924-4285088085-1001"}
{"EventID": "6065", "Channel": "Microsoft-Windows-SettingSync/Debug", "Provider_Name": "Microsoft-Windows-SettingSync", "Computer": "DESKTOP-OFJ6N53", "TimeCreated": "2025-04-11 08:35:43.535091+00:00", "RecordID": "5447", "Level": "2", "UserID": "S-1-5-21-963789628-1060504924-4285088085-1001", "EventData.Message": "onecoreuap\\shell\\roaming\\settingsynccore\\settingsyncreporting\\settingsyncreporting.cpp(146)\\SettingSyncCore.dll!00007FFD1A046484: (caller: 00007FFD1A046046) ReturnHr(1) tid(2e00) 800708CA Сетевое подключение не существует."}
{"EventID": "6065", "Channel": "Microsoft-Windows-SettingSync/Debug", "Provider_Name": "Microsoft-Windows-SettingSync", "Computer": "DESKTOP-OFJ6N53", "TimeCreated": "2025-04-11 08:35:43.535107+00:00", "RecordID": "5448", "Level": "2", "UserID": "S-1-5-21-963789628-1060504924-4285088085-1001", "EventData.Message": "onecoreuap\\shell\\roaming\\settingsynccore\\settingsyncreporting\\settingsyncreporting.cpp(55)\\SettingSyncCore.dll!00007FFD1A046063: (caller: 00007FFD1A046536) ReturnHr(2) tid(2e00) 800708CA Сетевое подключение не существует."}
{"EventID": "6065", "Channel": "Microsoft-Windows-SettingSync/Debug", "Provider_Name": "Microsoft-Windows-SettingSync", "Computer": "DESKTOP-OFJ6N53", "TimeCreated": "2025-04-11 08:35:43.535114+00:00", "RecordID": "5449", "Level": "2", "UserID": "S-1-5-21-963789628-1060504924-4285088085-1001", "EventData.Message": "onecoreuap\\shell\\roaming\\settingsynccore\\settingsyncreporting\\settingsyncreporting.cpp(29)\\SettingSyncCore.dll!00007FFD1A0465B7: (caller: 00007FFD766B8902) ReturnHr(3) tid(2e00) 800708CA Сетевое подключение не существует."}
{"EventID": "6524", "Channel": "Microsoft-Windows-SettingSync/Debug", "Provider_Name": "Microsoft-Windows-SettingSync", "Computer": "DESKTOP-OFJ6N53", "TimeCreated": "2025-04-12 08:35:46.049717+00:00", "RecordID": "5450", "Level": "4", "UserID": "S-1-5-21-963789628-1060504924-4285088085-1001"}
{"EventID": "6065", "Channel": "Microsoft-Windows-SettingSync/Debug", "Provider_Name": "Microsoft-Windows-SettingSync", "Computer": "DESKTOP-OFJ6N53", "TimeCreated": "2025-04-12 08:35:46.066191+00:00", "RecordID": "5451", "Level": "2", "UserID": "S-1-5-21-963789628-1060504924-4285088085-1001", "EventData.Message": "onecoreuap\\shell\\roaming\\settingsynccore\\settingsyncreporting\\settingsyncreporting.cpp(146)\\SettingSyncCore.dll!00007FFD1A046484: (caller: 00007FFD1A046046) ReturnHr(1) tid(3208) 800708CA Сетевое подключение не существует."}
{"EventID": "6065", "Channel": "Microsoft-Windows-SettingSync/Debug", "Provider_Name": "Microsoft-Windows-SettingSync", "Computer": "DESKTOP-OFJ6N53", "TimeCreated": "2025-04-12 08:35:46.066206+00:00", "RecordID": "5452", "Level": "2", "UserID": "S-1-5-21-963789628-1060504924-4285088085-1001", "EventData.Message": "onecoreuap\\shell\\roaming\\settingsynccore\\settingsyncreporting\\settingsyncreporting.cpp(55)\\SettingSyncCore.dll!00007FFD1A046063: (caller: 00007FFD1A046536) ReturnHr(2) tid(3208) 800708CA Сетевое подключение не существует."}
{"EventID": "6065", "Channel": "Microsoft-Windows-SettingSync/Debug", "Provider_Name": "Microsoft-Windows-SettingSync", "Computer": "DESKTOP-OFJ6N53", "TimeCreated": "2025-04-12 08:35:46.066216+00:00", "RecordID": "5453", "Level": "2", "UserID": "S-1-5-21-963789628-1060504924-4285088085-1001", "EventData.Message": "onecoreuap\\shell\\roaming\\settingsynccore\\settingsyncreporting\\settingsyncreporting.cpp(29)\\SettingSyncCore.dll!00007FFD1A0465B7: (caller: 00007FFD766B8902) ReturnHr(3) tid(3208) 800708CA Сетевое подключение не существует."}
{"EventID": "6065", "Channel": "Microsoft-Windows-SettingSync/Debug", "Provider_Name": "Microsoft-Windows-SettingSync", "Computer": "DESKTOP-OFJ6N53", "TimeCreated": "2025-04-13 08:35:48.493399+00:00", "RecordID": "5454", "Level": "2", "UserID": "S-1-5-21-963789628-1060504924-4285088085-1001", "EventData.Message": "onecoreuap\\shell\\roaming\\settingsynccore\\settingsyncreporting\\settingsyncreporting.cpp(146)\\SettingSyncCore.dll!00007FFD1A046484: (caller: 00007FFD1A046046) ReturnHr(1) tid(2008) 800708CA Сетевое подключение не существует."}
{"EventID": "6065", "Channel": "Microsoft-Windows-SettingSync/Debug", "Provider_Name": "Microsoft-Windows-SettingSync", "Computer": "DESKTOP-OFJ6N53", "TimeCreated": "2025-04-13 08:35:48.493425+00:00", "RecordID": "5455", "Level": "2", "UserID": "S-1-5-21-963789628-1060504924-4285088085-1001", "EventData.Message": "onecoreuap\\shell\\roaming\\settingsynccore\\settingsyncreporting\\settingsyncreporting.cpp(55)\\SettingSyncCore.dll!00007FFD1A046063: (caller: 00007FFD1A046536) ReturnHr(2) tid(2008) 800708CA Сетевое подключение не существует."}
{"EventID": "6065", "Channel": "Microsoft-Windows-SettingSync/Debug", "Provider_Name": "Microsoft-Windows-SettingSync", "Computer": "DESKTOP-OFJ6N53", "TimeCreated": "2025-04-13 08:35:48.493435+00:00", "RecordID": "5456", "Level": "2", "UserID": "S-1-5-21-963789628-1060504924-4285088085-1001", "EventData.Message": "onecoreuap\\shell\\roaming\\settingsynccore\\settingsyncreporting\\settingsyncreporting.cpp(29)\\SettingSyncCore.dll!00007FFD1A0465B7: (caller: 00007FFD766B8902) ReturnHr(3) tid(2008) 800708CA Сетевое подключение не существует."}
{"EventID": "6524", "Channel": "Microsoft-Windows-SettingSync/Debug", "Provider_Name": "Microsoft-Windows-SettingSync", "Computer": "DESKTOP-OFJ6N53", "TimeCreated": "2025-04-13 08:35:48.498903+00:00", "RecordID": "5457", "Level": "4", "UserID": "S-1-5-21-963789628-1060504924-4285088085-1001"}
{"EventID": "6065", "Channel": "Microsoft-Windows-SettingSync/Debug", "Provider_Name": "Microsoft-Windows-SettingSync", "Computer": "DESKTOP-OFJ6N53", "TimeCreated": "2025-04-14 08:35:50.785707+00:00", "RecordID": "5458", "Level": "2", "UserID": "S-1-5-21-963789628-1060504924-4285088085-1001", "EventData.Message": "onecoreuap\\shell\\roaming\\settingsynccore\\settingsyncreporting\\settingsyncreporting.cpp(146)\\SettingSyncCore.dll!00007FFD1A046484: (caller: 00007FFD1A046046) ReturnHr(1) tid(968) 800708CA Сетевое подключение не существует."}
{"EventID": "6065", "Channel": "Microsoft-Windows-SettingSync/Debug", "Provider_Name": "Microsoft-Windows-SettingSync", "Computer": "DESKTOP-OFJ6N53", "TimeCreated": "2025-04-14 08:35:50.785723+00:00", "RecordID": "5459", "Level": "2", "UserID": "S-1-5-21-963789628-1060504924-4285088085-1001", "EventData.Message": "onecoreuap\\shell\\roaming\\settingsynccore\\settingsyncreporting\\settingsyncreporting.cpp(55)\\SettingSyncCore.dll!00007FFD1A046063: (caller: 00007FFD1A046536) ReturnHr(2) tid(968) 800708CA Сетевое подключение не существует."}
{"EventID": "6065", "Channel": "Microsoft-Windows-SettingSync/Debug", "Provider_Name": "Microsoft-Windows-SettingSync", "Computer": "DESKTOP-OFJ6N53", "TimeCreated": "2025-04-14 08:35:50.785734+00:00", "RecordID": "5460", "Level": "2", "UserID": "S-1-5-21-963789628-1060504924-4285088085-1001", "EventData.Message": "onecoreuap\\shell\\roaming\\settingsynccore\\settingsyncreporting\\settingsyncreporting.cpp(29)\\SettingSyncCore.dll!00007FFD1A0465B7: (caller: 00007FFD766B8902) ReturnHr(3) tid(968) 800708CA Сетевое подключение не существует."}
{"EventID": "6524", "Channel": "Microsoft-Windows-SettingSync/Debug", "Provider_Name": "Microsoft-Windows-SettingSync", "Computer": "DESKTOP-OFJ6N53", "TimeCreated": "2025-04-14 08:35:50.798454+00:00", "RecordID": "5461", "Level": "4", "UserID": "S-1-5-21-963789628-1060504924-4285088085-1001"}
{"EventID": "6524", "Channel": "Microsoft-Windows-SettingSync/Debug", "Provider_Name": "Microsoft-Windows-SettingSync", "Computer": "DESKTOP-OFJ6N53", "TimeCreated": "2025-04-15 08:35:53.448380+00:00", "RecordID": "5462", "Level": "4", "UserID": "S-1-5-21-963789628-1060504924-4285088085-1001"}
{"EventID": "6065", "Channel": "Microsoft-Windows-SettingSync/Debug", "Provider_Name": "Microsoft-Windows-SettingSync", "Computer": "DESKTOP-OFJ6N53", "TimeCreated": "2025-04-15 08:35:53.449255+00:00", "RecordID": "5463", "Level": "2", "UserID": "S-1-5-21-963789628-1060504924-4285088085-1001", "EventData.Message": "onecoreuap\\shell\\roaming\\settingsynccore\\settingsyncreporting\\settingsyncreporting.cpp(146)\\SettingSyncCore.dll!00007FFD1A046484: (caller: 00007FFD1A046046) ReturnHr(1) tid(349c) 800708CA Сетевое подключение не существует."}
{"EventID": "6065", "Channel": "Microsoft-Windows-SettingSync/Debug", "Provider_Name": "Microsoft-Windows-SettingSync", "Computer": "DESKTOP-OFJ6N53", "TimeCreated": "2025-04-15 08:35:53.449270+00:00", "RecordID": "5464", "Level": "2", "UserID": "S-1-5-21-963789628-1060504924-4285088085-1001", "EventData.Message": "onecoreuap\\shell\\roaming\\settingsynccore\\settingsyncreporting\\settingsyncreporting.cpp(55)\\SettingSyncCore.dll!00007FFD1A046063: (caller: 00007FFD1A046536) ReturnHr(2) tid(349c) 800708CA Сетевое подключение не существует."}
{"EventID": "6065", "Channel": "Microsoft-Windows-SettingSync/Debug", "Provider_Name": "Microsoft-Windows-SettingSync", "Computer": "DESKTOP-OFJ6N53", "TimeCreated": "2025-04-15 08:35:53.449280+00:00", "RecordID": "5465", "Level": "2", "UserID": "S-1-5-21-963789628-1060504924-4285088085-1001", "EventData.Message": "onecoreuap\\shell\\roaming\\settingsynccore\\settingsyncreporting\\settingsyncreporting.cpp(29)\\SettingSyncCore.dll!00007FFD1A0465B7: (caller: 00007FFD766B8902) ReturnHr(3) tid(349c) 800708CA Сетевое подключение не существует."}
{"EventID": "6065", "Channel": "Microsoft-Windows-SettingSync/Debug", "Provider_Name": "Microsoft-Windows-SettingSync", "Computer": "DESKTOP-OFJ6N53", "TimeCreated": "2025-04-16 08:35:50.574448+00:00", "RecordID": "5466", "Level": "2", "UserID": "S-1-5-21-963789628-1060504924-4285088085-1001", "EventData.Message": "onecoreuap\\shell\\roaming\\settingsynccore\\settingsyncreporting\\settingsyncreporting.cpp(146)\\SettingSyncCore.dll!00007FFD1A046484: (caller: 00007FFD1A046046) ReturnHr(1) tid(25cc) 800708CA Сетевое подключение не существует."}
{"EventID": "6065", "Channel": "Microsoft-Windows-SettingSync/Debug", "Provider_Name": "Microsoft-Windows-SettingSync", "Computer": "DESKTOP-OFJ6N53", "TimeCreated": "2025-04-16 08:35:50.574469+00:00", "RecordID": "5467", "Level": "2", "UserID": "S-1-5-21-963789628-1060504924-4285088085-1001", "EventData.Message": "onecoreuap\\shell\\roaming\\settingsynccore\\settingsyncreporting\\settingsyncreporting.cpp(55)\\SettingSyncCore.dll!00007FFD1A046063: (caller: 00007FFD1A046536) ReturnHr(2) tid(25cc) 800708CA Сетевое подключение не существует."}
{"EventID": "6065", "Channel": "Microsoft-Windows-SettingSync/Debug", "Provider_Name": "Microsoft-Windows-SettingSync", "Computer": "DESKTOP-OFJ6N53", "TimeCreated": "2025-04-16 08:35:50.574482+00:00", "RecordID": "5468", "Level": "2", "UserID": "S-1-5-21-963789628-1060504924-4285088085-1001", "EventData.Message": "onecoreuap\\shell\\roaming\\settingsynccore\\settingsyncreporting\\settingsyncreporting.cpp(29)\\SettingSyncCore.dll!00007FFD1A0465B7: (caller: 00007FFD766B8902) ReturnHr(3) tid(25cc) 800708CA Сетевое подключение не существует."}
{"EventID": "6524", "Channel": "Microsoft-Windows-SettingSync/Debug", "Provider_Name": "Microsoft-Windows-SettingSync", "Computer": "DESKTOP-OFJ6N53", "TimeCreated": "2025-04-16 08:35:50.581436+00:00", "RecordID": "5469", "Level": "4", "UserID": "S-1-5-21-963789628-1060504924-4285088085-1001"}
{"EventID": "6524", "Channel": "Microsoft-Windows-SettingSync/Debug", "Provider_Name": "Microsoft-Windows-SettingSync", "Computer": "DESKTOP-OFJ6N53", "TimeCreated": "2025-04-17 08:35:58.385695+00:00", "RecordID": "5470", "Level": "4", "UserID": "S-1-5-21-963789628-1060504924-4285088085-1001"}
{"EventID": "6065", "Channel": "Microsoft-Windows-SettingSync/Debug", "Provider_Name": "Microsoft-Windows-SettingSync", "Computer": "DESKTOP-OFJ6N53", "TimeCreated": "2025-04-17 08:35:58.386724+00:00", "RecordID": "5471", "Level": "2", "UserID": "S-1-5-21-963789628-1060504924-4285088085-1001", "EventData.Message": "onecoreuap\\shell\\roaming\\settingsynccore\\settingsyncreporting\\settingsyncreporting.cpp(146)\\SettingSyncCore.dll!00007FFD1A046484: (caller: 00007FFD1A046046) ReturnHr(1) tid(e94) 800708CA Сетевое подключение не существует."}
{"EventID": "6065", "Channel": "Microsoft-Windows-SettingSync/Debug", "Provider_Name": "Microsoft-Windows-SettingSync", "Computer": "DESKTOP-OFJ6N53", "TimeCreated": "2025-04-17 08:35:58.386744+00:00", "RecordID": "5472", "Level": "2", "UserID": "S-1-5-21-963789628-1060504924-4285088085-1001", "EventData.Message": "onecoreuap\\shell\\roaming\\settingsynccore\\settingsyncreporting\\settingsyncreporting.cpp(55)\\SettingSyncCore.dll!00007FFD1A046063: (caller: 00007FFD1A046536) ReturnHr(2) tid(e94) 800708CA Сетевое подключение не существует."}
{"EventID": "6065", "Channel": "Microsoft-Windows-SettingSync/Debug", "Provider_Name": "Microsoft-Windows-SettingSync", "Computer": "DESKTOP-OFJ6N53", "TimeCreated": "2025-04-17 08:35:58.386753+00:00", "RecordID": "5473", "Level": "2", "UserID": "S-1-5-21-963789628-1060504924-4285088085-1001", "EventData.Message": "onecoreuap\\shell\\roaming\\settingsynccore\\settingsyncreporting\\settingsyncreporting.cpp(29)\\SettingSyncCore.dll!00007FFD1A0465B7: (caller: 00007FFD766B8902) ReturnHr(3) tid(e94) 800708CA Сетевое подключение не существует."}
{"EventID": "6065", "Channel": "Microsoft-Windows-SettingSync/Debug", "Provider_Name": "Microsoft-Windows-SettingSync", "Computer": "DESKTOP-OFJ6N53", "TimeCreated": "2025-04-18 08:36:00.831760+00:00", "RecordID": "5474", "Level": "2", "UserID": "S-1-5-21-963789628-1060504924-4285088085-1001", "EventData.Message": "onecoreuap\\shell\\roaming\\settingsynccore\\settingsyncreporting\\settingsyncreporting.cpp(146)\\SettingSyncCore.dll!00007FFD1A046484: (caller: 00007FFD1A046046) ReturnHr(1) tid(37b8) 800708CA Сетевое подключение не существует."}
{"EventID": "6065", "Channel": "Microsoft-Windows-SettingSync/Debug", "Provider_Name": "Microsoft-Windows-SettingSync", "Computer": "DESKTOP-OFJ6N53", "TimeCreated": "2025-04-18 08:36:00.831778+00:00", "RecordID": "5475", "Level": "2", "UserID": "S-1-5-21-963789628-1060504924-4285088085-1001", "EventData.Message": "onecoreuap\\shell\\roaming\\settingsynccore\\settingsyncreporting\\settingsyncreporting.cpp(55)\\SettingSyncCore.dll!00007FFD1A046063: (caller: 00007FFD1A046536) ReturnHr(2) tid(37b8) 800708CA Сетевое подключение не существует."}
{"EventID": "6065", "Channel": "Microsoft-Windows-SettingSync/Debug", "Provider_Name": "Microsoft-Windows-SettingSync", "Computer": "DESKTOP-OFJ6N53", "TimeCreated": "2025-04-18 08:36:00.831785+00:00", "RecordID": "5476", "Level": "2", "UserID": "S-1-5-21-963789628-1060504924-4285088085-1001", "EventData.Message": "onecoreuap\\shell\\roaming\\settingsynccore\\settingsyncreporting\\settingsyncreporting.cpp(29)\\SettingSyncCore.dll!00007FFD1A0465B7: (caller: 00007FFD766B8902) ReturnHr(3) tid(37b8) 800708CA Сетевое подключение не существует."}
{"EventID": "6524", "Channel": "Microsoft-Windows-SettingSync/Debug", "Provider_Name": "Microsoft-Windows-SettingSync", "Computer": "DESKTOP-OFJ6N53", "TimeCreated": "2025-04-18 08:36:00.845774+00:00", "RecordID": "5477", "Level": "4", "UserID": "S-1-5-21-963789628-1060504924-4285088085-1001"}
{"EventID": "6065", "Channel": "Microsoft-Windows-SettingSync/Debug", "Provider_Name": "Microsoft-Windows-SettingSync", "Computer": "DESKTOP-OFJ6N53", "TimeCreated": "2025-04-19 08:36:03.329674+00:00", "RecordID": "5478", "Level": "2", "UserID": "S-1-5-21-963789628-1060504924-4285088085-1001", "EventData.Message": "onecoreuap\\shell\\roaming\\settingsynccore\\settingsyncreporting\\settingsyncreporting.cpp(146)\\SettingSyncCore.dll!00007FFD1A046484: (caller: 00007FFD1A046046) ReturnHr(1) tid(32a0) 800708CA Сетевое подключение не существует."}
{"EventID": "6065", "Channel": "Microsoft-Windows-SettingSync/Debug", "Provider_Name": "Microsoft-Windows-SettingSync", "Computer": "DESKTOP-OFJ6N53", "TimeCreated": "2025-04-19 08:36:03.329697+00:00", "RecordID": "5479", "Level": "2", "UserID": "S-1-5-21-963789628-1060504924-4285088085-1001", "EventData.Message": "onecoreuap\\shell\\roaming\\settingsynccore\\settingsyncreporting\\settingsyncreporting.cpp(55)\\SettingSyncCore.dll!00007FFD1A046063: (caller: 00007FFD1A046536) ReturnHr(2) tid(32a0) 800708CA Сетевое подключение не существует."}
{"EventID": "6065", "Channel": "Microsoft-Windows-SettingSync/Debug", "Provider_Name": "Microsoft-Windows-SettingSync", "Computer": "DESKTOP-OFJ6N53", "TimeCreated": "2025-04-19 08:36:03.329710+00:00", "RecordID": "5480", "Level": "2", "UserID": "S-1-5-21-963789628-1060504924-4285088085-1001", "EventData.Message": "onecoreuap\\shell\\roaming\\settingsynccore\\settingsyncreporting\\settingsyncreporting.cpp(29)\\SettingSyncCore.dll!00007FFD1A0465B7: (caller: 00007FFD766B8902) ReturnHr(3) tid(32a0) 800708CA Сетевое подключение не существует."}
{"EventID": "6524", "Channel": "Microsoft-Windows-SettingSync/Debug", "Provider_Name": "Microsoft-Windows-SettingSync", "Computer": "DESKTOP-OFJ6N53", "TimeCreated": "2025-04-19 08:36:03.333338+00:00", "RecordID": "5481", "Level": "4", "UserID": "S-1-5-21-963789628-1060504924-4285088085-1001"}
{"EventID": "6065", "Channel": "Microsoft-Windows-SettingSync/Debug", "Provider_Name": "Microsoft-Windows-SettingSync", "Computer": "DESKTOP-OFJ6N53", "TimeCreated": "2025-04-20 08:36:05.681952+00:00", "RecordID": "5482", "Level": "2", "UserID": "S-1-5-21-963789628-1060504924-4285088085-1001", "EventData.Message": "onecoreuap\\shell\\roaming\\settingsynccore\\settingsyncreporting\\settingsyncreporting.cpp(146)\\SettingSyncCore.dll!00007FFD1A046484: (caller: 00007FFD1A046046) ReturnHr(1) tid(3b1c) 800708CA Сетевое подключение не существует."}
{"EventID": "6065", "Channel": "Microsoft-Windows-SettingSync/Debug", "Provider_Name": "Microsoft-Windows-SettingSync", "Computer": "DESKTOP-OFJ6N53", "TimeCreated": "2025-04-20 08:36:05.681986+00:00", "RecordID": "5483", "Level": "2", "UserID": "S-1-5-21-963789628-1060504924-4285088085-1001", "EventData.Message": "onecoreuap\\shell\\roaming\\settingsynccore\\settingsyncreporting\\settingsyncreporting.cpp(55)\\SettingSyncCore.dll!00007FFD1A046063: (caller: 00007FFD1A046536) ReturnHr(2) tid(3b1c) 800708CA Сетевое подключение не существует."}
{"EventID": "6065", "Channel": "Microsoft-Windows-SettingSync/Debug", "Provider_Name": "Microsoft-Windows-SettingSync", "Computer": "DESKTOP-OFJ6N53", "TimeCreated": "2025-04-20 08:36:05.681995+00:00", "RecordID": "5484", "Level": "2", "UserID": "S-1-5-21-963789628-1060504924-4285088085-1001", "EventData.Message": "onecoreuap\\shell\\roaming\\settingsynccore\\settingsyncreporting\\settingsyncreporting.cpp(29)\\SettingSyncCore.dll!00007FFD1A0465B7: (caller: 00007FFD766B8902) ReturnHr(3) tid(3b1c) 800708CA Сетевое подключение не существует."}
{"EventID": "6524", "Channel": "Microsoft-Windows-SettingSync/Debug", "Provider_Name": "Microsoft-Windows-SettingSync", "Computer": "DESKTOP-OFJ6N53", "TimeCreated": "2025-04-20 08:36:05.690166+00:00", "RecordID": "5485", "Level": "4", "UserID": "S-1-5-21-963789628-1060504924-4285088085-1001"}
{"EventID": "6065", "Channel": "Microsoft-Windows-SettingSync/Debug", "Provider_Name": "Microsoft-Windows-SettingSync", "Computer": "DESKTOP-OFJ6N53", "TimeCreated": "2025-04-21 08:36:08.178583+00:00", "RecordID": "5486", "Level": "2", "UserID": "S-1-5-21-963789628-1060504924-4285088085-1001", "EventData.Message": "onecoreuap\\shell\\roaming\\settingsynccore\\settingsyncreporting\\settingsyncreporting.cpp(146)\\SettingSyncCore.dll!00007FFD1A046484: (caller: 00007FFD1A046046) ReturnHr(1) tid(1958) 800708CA Сетевое подключение не существует."}
{"EventID": "6065", "Channel": "Microsoft-Windows-SettingSync/Debug", "Provider_Name": "Microsoft-Windows-SettingSync", "Computer": "DESKTOP-OFJ6N53", "TimeCreated": "2025-04-21 08:36:08.178600+00:00", "RecordID": "5487", "Level": "2", "UserID": "S-1-5-21-963789628-1060504924-4285088085-1001", "EventData.Message": "onecoreuap\\shell\\roaming\\settingsynccore\\settingsyncreporting\\settingsyncreporting.cpp(55)\\SettingSyncCore.dll!00007FFD1A046063: (caller: 00007FFD1A046536) ReturnHr(2) tid(1958) 800708CA Сетевое подключение не существует."}
{"EventID": "6065", "Channel": "Microsoft-Windows-SettingSync/Debug", "Provider_Name": "Microsoft-Windows-SettingSync", "Computer": "DESKTOP-OFJ6N53", "TimeCreated": "2025-04-21 08:36:08.178608+00:00", "RecordID": "5488", "Level": "2", "UserID": "S-1-5-21-963789628-1060504924-4285088085-1001", "EventData.Message": "onecoreuap\\shell\\roaming\\settingsynccore\\settingsyncreporting\\settingsyncreporting.cpp(29)\\SettingSyncCore.dll!00007FFD1A0465B7: (caller: 00007FFD766B8902) ReturnHr(3) tid(1958) 800708CA Сетевое подключение не существует."}
{"EventID": "6524", "Channel": "Microsoft-Windows-SettingSync/Debug", "Provider_Name": "Microsoft-Windows-SettingSync", "Computer": "DESKTOP-OFJ6N53", "TimeCreated": "2025-04-21 08:36:08.189077+00:00", "RecordID": "5489", "Level": "4", "UserID": "S-1-5-21-963789628-1060504924-4285088085-1001"}
{"EventID": "6065", "Channel": "Microsoft-Windows-SettingSync/Debug", "Provider_Name": "Microsoft-Windows-SettingSync", "Computer": "DESKTOP-OFJ6N53", "TimeCreated": "2025-04-22 08:36:10.706123+00:00", "RecordID": "5490", "Level": "2", "UserID": "S-1-5-21-963789628-1060504924-4285088085-1001", "EventData.Message": "onecoreuap\\shell\\roaming\\settingsynccore\\settingsyncreporting\\settingsyncreporting.cpp(146)\\SettingSyncCore.dll!00007FFD1A046484: (caller: 00007FFD1A046046) ReturnHr(1) tid(39b8) 800708CA Сетевое подключение не существует."}
{"EventID": "6065", "Channel": "Microsoft-Windows-SettingSync/Debug", "Provider_Name": "Microsoft-Windows-SettingSync", "Computer": "DESKTOP-OFJ6N53", "TimeCreated": "2025-04-22 08:36:10.706142+00:00", "RecordID": "5491", "Level": "2", "UserID": "S-1-5-21-963789628-1060504924-4285088085-1001", "EventData.Message": "onecoreuap\\shell\\roaming\\settingsynccore\\settingsyncreporting\\settingsyncreporting.cpp(55)\\SettingSyncCore.dll!00007FFD1A046063: (caller: 00007FFD1A046536) ReturnHr(2) tid(39b8) 800708CA Сетевое подключение не существует."}
{"EventID": "6065", "Channel": "Microsoft-Windows-SettingSync/Debug", "Provider_Name": "Microsoft-Windows-SettingSync", "Computer": "DESKTOP-OFJ6N53", "TimeCreated": "2025-04-22 08:36:10.706154+00:00", "RecordID": "5492", "Level": "2", "UserID": "S-1-5-21-963789628-1060504924-4285088085-1001", "EventData.Message": "onecoreuap\\shell\\roaming\\settingsynccore\\settingsyncreporting\\settingsyncreporting.cpp(29)\\SettingSyncCore.dll!00007FFD1A0465B7: (caller: 00007FFD766B8902) ReturnHr(3) tid(39b8) 800708CA Сетевое подключение не существует."}
{"EventID": "6524", "Channel": "Microsoft-Windows-SettingSync/Debug", "Provider_Name": "Microsoft-Windows-SettingSync", "Computer": "DESKTOP-OFJ6N53", "TimeCreated": "2025-04-22 08:36:10.726974+00:00", "RecordID": "5493", "Level": "4", "UserID": "S-1-5-21-963789628-1060504924-4285088085-1001"}
{"EventID": "6509", "Channel": "Microsoft-Windows-SettingSync/Debug", "Provider_Name": "Microsoft-Windows-SettingSync-Desktop", "Computer": "DESKTOP-OFJ6N53", "TimeCreated": "2025-04-24 11:02:03.401159+00:00", "RecordID": "5494", "Level": "2", "UserID": "S-1-5-21-963789628-1060504924-4285088085-1001", "EventData.Message": "shell\\roaming\\settingsync\\settingprofilehandler.cpp(89)\\SettingSync.dll!00007FFA9BA6AF9E: (caller: 00007FFA9BA59CD5) LogHr(1) tid(1540) 80070002 Не удается найти указанный файл."}
{"EventID": "6509", "Channel": "Microsoft-Windows-SettingSync/Debug", "Provider_Name": "Microsoft-Windows-SettingSync-Desktop", "Computer": "DESKTOP-OFJ6N53", "TimeCreated": "2025-04-24 11:02:03.401989+00:00", "RecordID": "5495", "Level": "2", "UserID": "S-1-5-21-963789628-1060504924-4285088085-1001", "EventData.Message": "shell\\roaming\\settingsync\\settingprofilehandler.cpp(24)\\SettingSync.dll!00007FFA9BA59CF1: (caller: 00007FFAAA0FC05A) LogHr(2) tid(1540) 800704EC Эта программа заблокирована групповой политикой. За дополнительными сведениями обращайтесь к системному администратору."}
{"EventID": "6509", "Channel": "Microsoft-Windows-SettingSync/Debug", "Provider_Name": "Microsoft-Windows-SettingSync-Desktop", "Computer": "DESKTOP-OFJ6N53", "TimeCreated": "2025-04-24 11:02:56.835340+00:00", "RecordID": "5496", "Level": "2", "UserID": "S-1-5-21-963789628-1060504924-4285088085-1001", "EventData.Message": "shell\\roaming\\settingsync\\explorersettinghandler.cpp(270)\\SettingSync.dll!00007FFA9BA59BC9: (caller: 00007FFA9BA598AC) ReturnHr(1) tid(4b0) 80070002 Не удается найти указанный файл."}
{"EventID": "6509", "Channel": "Microsoft-Windows-SettingSync/Debug", "Provider_Name": "Microsoft-Windows-SettingSync-Desktop", "Computer": "DESKTOP-OFJ6N53", "TimeCreated": "2025-04-24 11:02:56.835352+00:00", "RecordID": "5497", "Level": "2", "UserID": "S-1-5-21-963789628-1060504924-4285088085-1001", "EventData.Message": "shell\\roaming\\settingsync\\explorersettinghandler.cpp(198)\\SettingSync.dll!00007FFA9BA598C5: (caller: 00007FF7D0F61A69) ReturnHr(2) tid(4b0) 80070002 Не удается найти указанный файл."}
{"EventID": "6509", "Channel": "Microsoft-Windows-SettingSync/Debug", "Provider_Name": "Microsoft-Windows-SettingSync-Desktop", "Computer": "DESKTOP-OFJ6N53", "TimeCreated": "2025-04-24 11:02:56.835360+00:00", "RecordID": "5498", "Level": "2", "UserID": "S-1-5-21-963789628-1060504924-4285088085-1001", "EventData.Message": "shell\\roaming\\settingsync\\explorersettinghandler.cpp(315)\\SettingSync.dll!00007FFA9BA598DF: (caller: 00007FF7D0F61A69) ReturnHr(3) tid(4b0) 80070002 Не удается найти указанный файл."}
{"EventID": "6509", "Channel": "Microsoft-Windows-SettingSync/Debug", "Provider_Name": "Microsoft-Windows-SettingSync-Desktop", "Computer": "DESKTOP-OFJ6N53", "TimeCreated": "2025-04-24 11:02:56.835379+00:00", "RecordID": "5499", "Level": "2", "UserID": "S-1-5-21-963789628-1060504924-4285088085-1001", "EventData.Message": "shell\\roaming\\settingsync\\explorersettinghandler.cpp(315)\\SettingSync.dll!00007FFA9BA59920: (caller: 00007FF7D0F61A69) ReturnHr(4) tid(4b0) 80070002 Не удается найти указанный файл."}
{"EventID": "6524", "Channel": "Microsoft-Windows-SettingSync/Debug", "Provider_Name": "Microsoft-Windows-SettingSync", "Computer": "DESKTOP-OFJ6N53", "TimeCreated": "2025-04-24 11:25:52.132273+00:00", "RecordID": "5500", "Level": "4", "UserID": "S-1-5-21-963789628-1060504924-4285088085-1001"}
{"EventID": "6065", "Channel": "Microsoft-Windows-SettingSync/Debug", "Provider_Name": "Microsoft-Windows-SettingSync", "Computer": "DESKTOP-OFJ6N53", "TimeCreated": "2025-04-24 11:25:52.161144+00:00", "RecordID": "5501", "Level": "2", "UserID": "S-1-5-21-963789628-1060504924-4285088085-1001", "EventData.Message": "onecoreuap\\shell\\roaming\\settingsynccore\\settingsyncreporting\\settingsyncreporting.cpp(146)\\SettingSyncCore.dll!00007FFA93126484: (caller: 00007FFA93126046) ReturnHr(1) tid(19c4) 800708CA Сетевое подключение не существует."}
{"EventID": "6065", "Channel": "Microsoft-Windows-SettingSync/Debug", "Provider_Name": "Microsoft-Windows-SettingSync", "Computer": "DESKTOP-OFJ6N53", "TimeCreated": "2025-04-24 11:25:52.161163+00:00", "RecordID": "5502", "Level": "2", "UserID": "S-1-5-21-963789628-1060504924-4285088085-1001", "EventData.Message": "onecoreuap\\shell\\roaming\\settingsynccore\\settingsyncreporting\\settingsyncreporting.cpp(55)\\SettingSyncCore.dll!00007FFA93126063: (caller: 00007FFA93126536) ReturnHr(2) tid(19c4) 800708CA Сетевое подключение не существует."}
{"EventID": "6065", "Channel": "Microsoft-Windows-SettingSync/Debug", "Provider_Name": "Microsoft-Windows-SettingSync", "Computer": "DESKTOP-OFJ6N53", "TimeCreated": "2025-04-24 11:25:52.161175+00:00", "RecordID": "5503", "Level": "2", "UserID": "S-1-5-21-963789628-1060504924-4285088085-1001", "EventData.Message": "onecoreuap\\shell\\roaming\\settingsynccore\\settingsyncreporting\\settingsyncreporting.cpp(29)\\SettingSyncCore.dll!00007FFA931265B7: (caller: 00007FFA9A0B8902) ReturnHr(3) tid(19c4) 800708CA Сетевое подключение не существует."}
{"EventID": "6524", "Channel": "Microsoft-Windows-SettingSync/Debug", "Provider_Name": "Microsoft-Windows-SettingSync", "Computer": "DESKTOP-OFJ6N53", "TimeCreated": "2025-04-25 08:40:26.441891+00:00", "RecordID": "5504", "Level": "4", "UserID": "S-1-5-21-963789628-1060504924-4285088085-1001"}
{"EventID": "6065", "Channel": "Microsoft-Windows-SettingSync/Debug", "Provider_Name": "Microsoft-Windows-SettingSync", "Computer": "DESKTOP-OFJ6N53", "TimeCreated": "2025-04-25 08:40:26.479488+00:00", "RecordID": "5505", "Level": "2", "UserID": "S-1-5-21-963789628-1060504924-4285088085-1001", "EventData.Message": "onecoreuap\\shell\\roaming\\settingsynccore\\settingsyncreporting\\settingsyncreporting.cpp(146)\\SettingSyncCore.dll!00007FFA93126484: (caller: 00007FFA93126046) ReturnHr(1) tid(1d94) 800708CA Сетевое подключение не существует."}
{"EventID": "6065", "Channel": "Microsoft-Windows-SettingSync/Debug", "Provider_Name": "Microsoft-Windows-SettingSync", "Computer": "DESKTOP-OFJ6N53", "TimeCreated": "2025-04-25 08:40:26.479506+00:00", "RecordID": "5506", "Level": "2", "UserID": "S-1-5-21-963789628-1060504924-4285088085-1001", "EventData.Message": "onecoreuap\\shell\\roaming\\settingsynccore\\settingsyncreporting\\settingsyncreporting.cpp(55)\\SettingSyncCore.dll!00007FFA93126063: (caller: 00007FFA93126536) ReturnHr(2) tid(1d94) 800708CA Сетевое подключение не существует."}
{"EventID": "6065", "Channel": "Microsoft-Windows-SettingSync/Debug", "Provider_Name": "Microsoft-Windows-SettingSync", "Computer": "DESKTOP-OFJ6N53", "TimeCreated": "2025-04-25 08:40:26.479513+00:00", "RecordID": "5507", "Level": "2", "UserID": "S-1-5-21-963789628-1060504924-4285088085-1001", "EventData.Message": "onecoreuap\\shell\\roaming\\settingsynccore\\settingsyncreporting\\settingsyncreporting.cpp(29)\\SettingSyncCore.dll!00007FFA931265B7: (caller: 00007FFA9A0B8902) ReturnHr(3) tid(1d94) 800708CA Сетевое подключение не существует."}
{"EventID": "6524", "Channel": "Microsoft-Windows-SettingSync/Debug", "Provider_Name": "Microsoft-Windows-SettingSync", "Computer": "DESKTOP-OFJ6N53", "TimeCreated": "2025-04-26 08:40:28.357302+00:00", "RecordID": "5508", "Level": "4", "UserID": "S-1-5-21-963789628-1060504924-4285088085-1001"}
{"EventID": "6065", "Channel": "Microsoft-Windows-SettingSync/Debug", "Provider_Name": "Microsoft-Windows-SettingSync", "Computer": "DESKTOP-OFJ6N53", "TimeCreated": "2025-04-26 08:40:28.381952+00:00", "RecordID": "5509", "Level": "2", "UserID": "S-1-5-21-963789628-1060504924-4285088085-1001", "EventData.Message": "onecoreuap\\shell\\roaming\\settingsynccore\\settingsyncreporting\\settingsyncreporting.cpp(146)\\SettingSyncCore.dll!00007FFA93126484: (caller: 00007FFA93126046) ReturnHr(1) tid(da0) 800708CA Сетевое подключение не существует."}
{"EventID": "6065", "Channel": "Microsoft-Windows-SettingSync/Debug", "Provider_Name": "Microsoft-Windows-SettingSync", "Computer": "DESKTOP-OFJ6N53", "TimeCreated": "2025-04-26 08:40:28.381966+00:00", "RecordID": "5510", "Level": "2", "UserID": "S-1-5-21-963789628-1060504924-4285088085-1001", "EventData.Message": "onecoreuap\\shell\\roaming\\settingsynccore\\settingsyncreporting\\settingsyncreporting.cpp(55)\\SettingSyncCore.dll!00007FFA93126063: (caller: 00007FFA93126536) ReturnHr(2) tid(da0) 800708CA Сетевое подключение не существует."}
{"EventID": "6065", "Channel": "Microsoft-Windows-SettingSync/Debug", "Provider_Name": "Microsoft-Windows-SettingSync", "Computer": "DESKTOP-OFJ6N53", "TimeCreated": "2025-04-26 08:40:28.381973+00:00", "RecordID": "5511", "Level": "2", "UserID": "S-1-5-21-963789628-1060504924-4285088085-1001", "EventData.Message": "onecoreuap\\shell\\roaming\\settingsynccore\\settingsyncreporting\\settingsyncreporting.cpp(29)\\SettingSyncCore.dll!00007FFA931265B7: (caller: 00007FFA9A0B8902) ReturnHr(3) tid(da0) 800708CA Сетевое подключение не существует."}
{"EventID": "6524", "Channel": "Microsoft-Windows-SettingSync/Debug", "Provider_Name": "Microsoft-Windows-SettingSync", "Computer": "DESKTOP-OFJ6N53", "TimeCreated": "2025-04-27 08:40:30.718903+00:00", "RecordID": "5512", "Level": "4", "UserID": "S-1-5-21-963789628-1060504924-4285088085-1001"}
{"EventID": "6065", "Channel": "Microsoft-Windows-SettingSync/Debug", "Provider_Name": "Microsoft-Windows-SettingSync", "Computer": "DESKTOP-OFJ6N53", "TimeCreated": "2025-04-27 08:40:30.724672+00:00", "RecordID": "5513", "Level": "2", "UserID": "S-1-5-21-963789628-1060504924-4285088085-1001", "EventData.Message": "onecoreuap\\shell\\roaming\\settingsynccore\\settingsyncreporting\\settingsyncreporting.cpp(146)\\SettingSyncCore.dll!00007FFA93126484: (caller: 00007FFA93126046) ReturnHr(1) tid(2334) 800708CA Сетевое подключение не существует."}
{"EventID": "6065", "Channel": "Microsoft-Windows-SettingSync/Debug", "Provider_Name": "Microsoft-Windows-SettingSync", "Computer": "DESKTOP-OFJ6N53", "TimeCreated": "2025-04-27 08:40:30.724688+00:00", "RecordID": "5514", "Level": "2", "UserID": "S-1-5-21-963789628-1060504924-4285088085-1001", "EventData.Message": "onecoreuap\\shell\\roaming\\settingsynccore\\settingsyncreporting\\settingsyncreporting.cpp(55)\\SettingSyncCore.dll!00007FFA93126063: (caller: 00007FFA93126536) ReturnHr(2) tid(2334) 800708CA Сетевое подключение не существует."}
{"EventID": "6065", "Channel": "Microsoft-Windows-SettingSync/Debug", "Provider_Name": "Microsoft-Windows-SettingSync", "Computer": "DESKTOP-OFJ6N53", "TimeCreated": "2025-04-27 08:40:30.724695+00:00", "RecordID": "5515", "Level": "2", "UserID": "S-1-5-21-963789628-1060504924-4285088085-1001", "EventData.Message": "onecoreuap\\shell\\roaming\\settingsynccore\\settingsyncreporting\\settingsyncreporting.cpp(29)\\SettingSyncCore.dll!00007FFA931265B7: (caller: 00007FFA9A0B8902) ReturnHr(3) tid(2334) 800708CA Сетевое подключение не существует."}
{"EventID": "6524", "Channel": "Microsoft-Windows-SettingSync/Debug", "Provider_Name": "Microsoft-Windows-SettingSync", "Computer": "DESKTOP-OFJ6N53", "TimeCreated": "2025-04-28 08:40:31.171003+00:00", "RecordID": "5516", "Level": "4", "UserID": "S-1-5-21-963789628-1060504924-4285088085-1001"}
{"EventID": "6065", "Channel": "Microsoft-Windows-SettingSync/Debug", "Provider_Name": "Microsoft-Windows-SettingSync", "Computer": "DESKTOP-OFJ6N53", "TimeCreated": "2025-04-28 08:40:31.186508+00:00", "RecordID": "5517", "Level": "2", "UserID": "S-1-5-21-963789628-1060504924-4285088085-1001", "EventData.Message": "onecoreuap\\shell\\roaming\\settingsynccore\\settingsyncreporting\\settingsyncreporting.cpp(146)\\SettingSyncCore.dll!00007FFA93126484: (caller: 00007FFA93126046) ReturnHr(1) tid(184) 800708CA Сетевое подключение не существует."}
{"EventID": "6065", "Channel": "Microsoft-Windows-SettingSync/Debug", "Provider_Name": "Microsoft-Windows-SettingSync", "Computer": "DESKTOP-OFJ6N53", "TimeCreated": "2025-04-28 08:40:31.186523+00:00", "RecordID": "5518", "Level": "2", "UserID": "S-1-5-21-963789628-1060504924-4285088085-1001", "EventData.Message": "onecoreuap\\shell\\roaming\\settingsynccore\\settingsyncreporting\\settingsyncreporting.cpp(55)\\SettingSyncCore.dll!00007FFA93126063: (caller: 00007FFA93126536) ReturnHr(2) tid(184) 800708CA Сетевое подключение не существует."}
{"EventID": "6065", "Channel": "Microsoft-Windows-SettingSync/Debug", "Provider_Name": "Microsoft-Windows-SettingSync", "Computer": "DESKTOP-OFJ6N53", "TimeCreated": "2025-04-28 08:40:31.186531+00:00", "RecordID": "5519", "Level": "2", "UserID": "S-1-5-21-963789628-1060504924-4285088085-1001", "EventData.Message": "onecoreuap\\shell\\roaming\\settingsynccore\\settingsyncreporting\\settingsyncreporting.cpp(29)\\SettingSyncCore.dll!00007FFA931265B7: (caller: 00007FFA9A0B8902) ReturnHr(3) tid(184) 800708CA Сетевое подключение не существует."}
{"EventID": "6524", "Channel": "Microsoft-Windows-SettingSync/Debug", "Provider_Name": "Microsoft-Windows-SettingSync", "Computer": "DESKTOP-OFJ6N53", "TimeCreated": "2025-04-29 08:40:34.046482+00:00", "RecordID": "5520", "Level": "4", "UserID": "S-1-5-21-963789628-1060504924-4285088085-1001"}
{"EventID": "6065", "Channel": "Microsoft-Windows-SettingSync/Debug", "Provider_Name": "Microsoft-Windows-SettingSync", "Computer": "DESKTOP-OFJ6N53", "TimeCreated": "2025-04-29 08:40:34.076822+00:00", "RecordID": "5521", "Level": "2", "UserID": "S-1-5-21-963789628-1060504924-4285088085-1001", "EventData.Message": "onecoreuap\\shell\\roaming\\settingsynccore\\settingsyncreporting\\settingsyncreporting.cpp(146)\\SettingSyncCore.dll!00007FFA93126484: (caller: 00007FFA93126046) ReturnHr(1) tid(1d04) 800708CA Сетевое подключение не существует."}
{"EventID": "6065", "Channel": "Microsoft-Windows-SettingSync/Debug", "Provider_Name": "Microsoft-Windows-SettingSync", "Computer": "DESKTOP-OFJ6N53", "TimeCreated": "2025-04-29 08:40:34.076838+00:00", "RecordID": "5522", "Level": "2", "UserID": "S-1-5-21-963789628-1060504924-4285088085-1001", "EventData.Message": "onecoreuap\\shell\\roaming\\settingsynccore\\settingsyncreporting\\settingsyncreporting.cpp(55)\\SettingSyncCore.dll!00007FFA93126063: (caller: 00007FFA93126536) ReturnHr(2) tid(1d04) 800708CA Сетевое подключение не существует."}
{"EventID": "6065", "Channel": "Microsoft-Windows-SettingSync/Debug", "Provider_Name": "Microsoft-Windows-SettingSync", "Computer": "DESKTOP-OFJ6N53", "TimeCreated": "2025-04-29 08:40:34.076847+00:00", "RecordID": "5523", "Level": "2", "UserID": "S-1-5-21-963789628-1060504924-4285088085-1001", "EventData.Message": "onecoreuap\\shell\\roaming\\settingsynccore\\settingsyncreporting\\settingsyncreporting.cpp(29)\\SettingSyncCore.dll!00007FFA931265B7: (caller: 00007FFA9A0B8902) ReturnHr(3) tid(1d04) 800708CA Сетевое подключение не существует."}
{"EventID": "6524", "Channel": "Microsoft-Windows-SettingSync/Debug", "Provider_Name": "Microsoft-Windows-SettingSync", "Computer": "DESKTOP-OFJ6N53", "TimeCreated": "2025-04-30 08:40:24.726158+00:00", "RecordID": "5524", "Level": "4", "UserID": "S-1-5-21-963789628-1060504924-4285088085-1001"}
{"EventID": "6065", "Channel": "Microsoft-Windows-SettingSync/Debug", "Provider_Name": "Microsoft-Windows-SettingSync", "Computer": "DESKTOP-OFJ6N53", "TimeCreated": "2025-04-30 08:40:24.749287+00:00", "RecordID": "5525", "Level": "2", "UserID": "S-1-5-21-963789628-1060504924-4285088085-1001", "EventData.Message": "onecoreuap\\shell\\roaming\\settingsynccore\\settingsyncreporting\\settingsyncreporting.cpp(146)\\SettingSyncCore.dll!00007FFA93126484: (caller: 00007FFA93126046) ReturnHr(1) tid(3698) 800708CA Сетевое подключение не существует."}
{"EventID": "6065", "Channel": "Microsoft-Windows-SettingSync/Debug", "Provider_Name": "Microsoft-Windows-SettingSync", "Computer": "DESKTOP-OFJ6N53", "TimeCreated": "2025-04-30 08:40:24.749302+00:00", "RecordID": "5526", "Level": "2", "UserID": "S-1-5-21-963789628-1060504924-4285088085-1001", "EventData.Message": "onecoreuap\\shell\\roaming\\settingsynccore\\settingsyncreporting\\settingsyncreporting.cpp(55)\\SettingSyncCore.dll!00007FFA93126063: (caller: 00007FFA93126536) ReturnHr(2) tid(3698) 800708CA Сетевое подключение не существует."}
{"EventID": "6065", "Channel": "Microsoft-Windows-SettingSync/Debug", "Provider_Name": "Microsoft-Windows-SettingSync", "Computer": "DESKTOP-OFJ6N53", "TimeCreated": "2025-04-30 08:40:24.749311+00:00", "RecordID": "5527", "Level": "2", "UserID": "S-1-5-21-963789628-1060504924-4285088085-1001", "EventData.Message": "onecoreuap\\shell\\roaming\\settingsynccore\\settingsyncreporting\\settingsyncreporting.cpp(29)\\SettingSyncCore.dll!00007FFA931265B7: (caller: 00007FFA9A0B8902) ReturnHr(3) tid(3698) 800708CA Сетевое подключение не существует."}
{"EventID": "6524", "Channel": "Microsoft-Windows-SettingSync/Debug", "Provider_Name": "Microsoft-Windows-SettingSync", "Computer": "DESKTOP-OFJ6N53", "TimeCreated": "2025-05-01 08:40:34.071945+00:00", "RecordID": "5528", "Level": "4", "UserID": "S-1-5-21-963789628-1060504924-4285088085-1001"}
{"EventID": "6065", "Channel": "Microsoft-Windows-SettingSync/Debug", "Provider_Name": "Microsoft-Windows-SettingSync", "Computer": "DESKTOP-OFJ6N53", "TimeCreated": "2025-05-01 08:40:34.072420+00:00", "RecordID": "5529", "Level": "2", "UserID": "S-1-5-21-963789628-1060504924-4285088085-1001", "EventData.Message": "onecoreuap\\shell\\roaming\\settingsynccore\\settingsyncreporting\\settingsyncreporting.cpp(146)\\SettingSyncCore.dll!00007FFA93126484: (caller: 00007FFA93126046) ReturnHr(1) tid(339c) 800708CA Сетевое подключение не существует."}
{"EventID": "6065", "Channel": "Microsoft-Windows-SettingSync/Debug", "Provider_Name": "Microsoft-Windows-SettingSync", "Computer": "DESKTOP-OFJ6N53", "TimeCreated": "2025-05-01 08:40:34.072437+00:00", "RecordID": "5530", "Level": "2", "UserID": "S-1-5-21-963789628-1060504924-4285088085-1001", "EventData.Message": "onecoreuap\\shell\\roaming\\settingsynccore\\settingsyncreporting\\settingsyncreporting.cpp(55)\\SettingSyncCore.dll!00007FFA93126063: (caller: 00007FFA93126536) ReturnHr(2) tid(339c) 800708CA Сетевое подключение не существует."}
{"EventID": "6065", "Channel": "Microsoft-Windows-SettingSync/Debug", "Provider_Name": "Microsoft-Windows-SettingSync", "Computer": "DESKTOP-OFJ6N53", "TimeCreated": "2025-05-01 08:40:34.072451+00:00", "RecordID": "5531", "Level": "2", "UserID": "S-1-5-21-963789628-1060504924-4285088085-1001", "EventData.Message": "onecoreuap\\shell\\roaming\\settingsynccore\\settingsyncreporting\\settingsyncreporting.cpp(29)\\SettingSyncCore.dll!00007FFA931265B7: (caller: 00007FFA9A0B8902) ReturnHr(3) tid(339c) 800708CA Сетевое подключение не существует."}
{"EventID": "6524", "Channel": "Microsoft-Windows-SettingSync/Debug", "Provider_Name": "Microsoft-Windows-SettingSync", "Computer": "DESKTOP-OFJ6N53", "TimeCreated": "2025-05-02 08:40:34.055376+00:00", "RecordID": "5532", "Level": "4", "UserID": "S-1-5-21-963789628-1060504924-4285088085-1001"}
{"EventID": "6065", "Channel": "Microsoft-Windows-SettingSync/Debug", "Provider_Name": "Microsoft-Windows-SettingSync", "Computer": "DESKTOP-OFJ6N53", "TimeCreated": "2025-05-02 08:40:34.077660+00:00", "RecordID": "5533", "Level": "2", "UserID": "S-1-5-21-963789628-1060504924-4285088085-1001", "EventData.Message": "onecoreuap\\shell\\roaming\\settingsynccore\\settingsyncreporting\\settingsyncreporting.cpp(146)\\SettingSyncCore.dll!00007FFA93126484: (caller: 00007FFA93126046) ReturnHr(1) tid(2960) 800708CA Сетевое подключение не существует."}
{"EventID": "6065", "Channel": "Microsoft-Windows-SettingSync/Debug", "Provider_Name": "Microsoft-Windows-SettingSync", "Computer": "DESKTOP-OFJ6N53", "TimeCreated": "2025-05-02 08:40:34.077679+00:00", "RecordID": "5534", "Level": "2", "UserID": "S-1-5-21-963789628-1060504924-4285088085-1001", "EventData.Message": "onecoreuap\\shell\\roaming\\settingsynccore\\settingsyncreporting\\settingsyncreporting.cpp(55)\\SettingSyncCore.dll!00007FFA93126063: (caller: 00007FFA93126536) ReturnHr(2) tid(2960) 800708CA Сетевое подключение не существует."}
{"EventID": "6065", "Channel": "Microsoft-Windows-SettingSync/Debug", "Provider_Name": "Microsoft-Windows-SettingSync", "Computer": "DESKTOP-OFJ6N53", "TimeCreated": "2025-05-02 08:40:34.077692+00:00", "RecordID": "5535", "Level": "2", "UserID": "S-1-5-21-963789628-1060504924-4285088085-1001", "EventData.Message": "onecoreuap\\shell\\roaming\\settingsynccore\\settingsyncreporting\\settingsyncreporting.cpp(29)\\SettingSyncCore.dll!00007FFA931265B7: (caller: 00007FFA9A0B8902) ReturnHr(3) tid(2960) 800708CA Сетевое подключение не существует."}
{"EventID": "6065", "Channel": "Microsoft-Windows-SettingSync/Debug", "Provider_Name": "Microsoft-Windows-SettingSync", "Computer": "DESKTOP-OFJ6N53", "TimeCreated": "2025-05-03 08:40:27.891941+00:00", "RecordID": "5536", "Level": "2", "UserID": "S-1-5-21-963789628-1060504924-4285088085-1001", "EventData.Message": "onecoreuap\\shell\\roaming\\settingsynccore\\settingsyncreporting\\settingsyncreporting.cpp(146)\\SettingSyncCore.dll!00007FFA93126484: (caller: 00007FFA93126046) ReturnHr(1) tid(304c) 800708CA Сетевое подключение не существует."}
{"EventID": "6065", "Channel": "Microsoft-Windows-SettingSync/Debug", "Provider_Name": "Microsoft-Windows-SettingSync", "Computer": "DESKTOP-OFJ6N53", "TimeCreated": "2025-05-03 08:40:27.891954+00:00", "RecordID": "5537", "Level": "2", "UserID": "S-1-5-21-963789628-1060504924-4285088085-1001", "EventData.Message": "onecoreuap\\shell\\roaming\\settingsynccore\\settingsyncreporting\\settingsyncreporting.cpp(55)\\SettingSyncCore.dll!00007FFA93126063: (caller: 00007FFA93126536) ReturnHr(2) tid(304c) 800708CA Сетевое подключение не существует."}
{"EventID": "6065", "Channel": "Microsoft-Windows-SettingSync/Debug", "Provider_Name": "Microsoft-Windows-SettingSync", "Computer": "DESKTOP-OFJ6N53", "TimeCreated": "2025-05-03 08:40:27.891962+00:00", "RecordID": "5538", "Level": "2", "UserID": "S-1-5-21-963789628-1060504924-4285088085-1001", "EventData.Message": "onecoreuap\\shell\\roaming\\settingsynccore\\settingsyncreporting\\settingsyncreporting.cpp(29)\\SettingSyncCore.dll!00007FFA931265B7: (caller: 00007FFA9A0B8902) ReturnHr(3) tid(304c) 800708CA Сетевое подключение не существует."}
{"EventID": "6524", "Channel": "Microsoft-Windows-SettingSync/Debug", "Provider_Name": "Microsoft-Windows-SettingSync", "Computer": "DESKTOP-OFJ6N53", "TimeCreated": "2025-05-03 08:40:27.893229+00:00", "RecordID": "5539", "Level": "4", "UserID": "S-1-5-21-963789628-1060504924-4285088085-1001"}
{"EventID": "6065", "Channel": "Microsoft-Windows-SettingSync/Debug", "Provider_Name": "Microsoft-Windows-SettingSync", "Computer": "DESKTOP-OFJ6N53", "TimeCreated": "2025-05-04 08:40:34.091227+00:00", "RecordID": "5540", "Level": "2", "UserID": "S-1-5-21-963789628-1060504924-4285088085-1001", "EventData.Message": "onecoreuap\\shell\\roaming\\settingsynccore\\settingsyncreporting\\settingsyncreporting.cpp(146)\\SettingSyncCore.dll!00007FFA93126484: (caller: 00007FFA93126046) ReturnHr(1) tid(2060) 800708CA Сетевое подключение не существует."}
{"EventID": "6065", "Channel": "Microsoft-Windows-SettingSync/Debug", "Provider_Name": "Microsoft-Windows-SettingSync", "Computer": "DESKTOP-OFJ6N53", "TimeCreated": "2025-05-04 08:40:34.091251+00:00", "RecordID": "5541", "Level": "2", "UserID": "S-1-5-21-963789628-1060504924-4285088085-1001", "EventData.Message": "onecoreuap\\shell\\roaming\\settingsynccore\\settingsyncreporting\\settingsyncreporting.cpp(55)\\SettingSyncCore.dll!00007FFA93126063: (caller: 00007FFA93126536) ReturnHr(2) tid(2060) 800708CA Сетевое подключение не существует."}
{"EventID": "6065", "Channel": "Microsoft-Windows-SettingSync/Debug", "Provider_Name": "Microsoft-Windows-SettingSync", "Computer": "DESKTOP-OFJ6N53", "TimeCreated": "2025-05-04 08:40:34.091261+00:00", "RecordID": "5542", "Level": "2", "UserID": "S-1-5-21-963789628-1060504924-4285088085-1001", "EventData.Message": "onecoreuap\\shell\\roaming\\settingsynccore\\settingsyncreporting\\settingsyncreporting.cpp(29)\\SettingSyncCore.dll!00007FFA931265B7: (caller: 00007FFA9A0B8902) ReturnHr(3) tid(2060) 800708CA Сетевое подключение не существует."}
{"EventID": "6524", "Channel": "Microsoft-Windows-SettingSync/Debug", "Provider_Name": "Microsoft-Windows-SettingSync", "Computer": "DESKTOP-OFJ6N53", "TimeCreated": "2025-05-04 08:40:34.103230+00:00", "RecordID": "5543", "Level": "4", "UserID": "S-1-5-21-963789628-1060504924-4285088085-1001"}
{"EventID": "6065", "Channel": "Microsoft-Windows-SettingSync/Debug", "Provider_Name": "Microsoft-Windows-SettingSync", "Computer": "DESKTOP-OFJ6N53", "TimeCreated": "2025-05-05 08:40:34.027761+00:00", "RecordID": "5544", "Level": "2", "UserID": "S-1-5-21-963789628-1060504924-4285088085-1001", "EventData.Message": "onecoreuap\\shell\\roaming\\settingsynccore\\settingsyncreporting\\settingsyncreporting.cpp(146)\\SettingSyncCore.dll!00007FFA93126484: (caller: 00007FFA93126046) ReturnHr(1) tid(2b44) 800708CA Сетевое подключение не существует."}
{"EventID": "6065", "Channel": "Microsoft-Windows-SettingSync/Debug", "Provider_Name": "Microsoft-Windows-SettingSync", "Computer": "DESKTOP-OFJ6N53", "TimeCreated": "2025-05-05 08:40:34.027784+00:00", "RecordID": "5545", "Level": "2", "UserID": "S-1-5-21-963789628-1060504924-4285088085-1001", "EventData.Message": "onecoreuap\\shell\\roaming\\settingsynccore\\settingsyncreporting\\settingsyncreporting.cpp(55)\\SettingSyncCore.dll!00007FFA93126063: (caller: 00007FFA93126536) ReturnHr(2) tid(2b44) 800708CA Сетевое подключение не существует."}
{"EventID": "6065", "Channel": "Microsoft-Windows-SettingSync/Debug", "Provider_Name": "Microsoft-Windows-SettingSync", "Computer": "DESKTOP-OFJ6N53", "TimeCreated": "2025-05-05 08:40:34.027794+00:00", "RecordID": "5546", "Level": "2", "UserID": "S-1-5-21-963789628-1060504924-4285088085-1001", "EventData.Message": "onecoreuap\\shell\\roaming\\settingsynccore\\settingsyncreporting\\settingsyncreporting.cpp(29)\\SettingSyncCore.dll!00007FFA931265B7: (caller: 00007FFA9A0B8902) ReturnHr(3) tid(2b44) 800708CA Сетевое подключение не существует."}
{"EventID": "6524", "Channel": "Microsoft-Windows-SettingSync/Debug", "Provider_Name": "Microsoft-Windows-SettingSync", "Computer": "DESKTOP-OFJ6N53", "TimeCreated": "2025-05-05 08:40:34.045931+00:00", "RecordID": "5547", "Level": "4", "UserID": "S-1-5-21-963789628-1060504924-4285088085-1001"}
