{"EventID": "400", "Channel": "Microsoft-Windows-Kernel-PnP/Configuration", "Provider_Name": "Microsoft-Windows-Kernel-PnP", "Computer": "DESKTOP-OFJ6N53", "TimeCreated": "2025-07-14 10:46:37.964796+00:00", "RecordID": "35270", "Level": "4", "UserID": "S-1-5-18", "EventData.DeviceInstanceId": "SWD\\PRINTENUM\\{8973E35F-F5CA-4715-9D7B-D89A1CD5FBDF}", "EventData.DriverName": "printqueue.inf", "EventData.ClassGuid": "{1ed2bbf9-11f0-4084-b21f-ad83a8e6dcdc}", "EventData.DriverDate": "06/21/2006", "EventData.DriverVersion": "10.0.19041.1", "EventData.DriverProvider": "Microsoft", "EventData.DriverInbox": "True", "EventData.DriverSection": "NO_DRV_LOCAL", "EventData.DriverRank": "0x00000000", "EventData.MatchingDeviceId": "PRINTENUM\\LocalPrintQueue", "EventData.OutrankedDrivers": "c_swdevice.inf:SWD\\GenericRaw:00FF3001", "EventData.DeviceUpdated": "False", "EventData.Status": "0x00000000", "EventData.ParentDeviceInstanceId": "SWD\\PRINTENUM\\PrintQueues"}
{"EventID": "410", "Channel": "Microsoft-Windows-Kernel-PnP/Configuration", "Provider_Name": "Microsoft-Windows-Kernel-PnP", "Computer": "DESKTOP-OFJ6N53", "TimeCreated": "2025-07-14 10:46:37.967321+00:00", "RecordID": "35271", "Level": "4", "UserID": "S-1-5-18", "EventData.DeviceInstanceId": "SWD\\PRINTENUM\\{8973E35F-F5CA-4715-9D7B-D89A1CD5FBDF}", "EventData.DriverName": "printqueue.inf", "EventData.ClassGuid": "{1ed2bbf9-11f0-4084-b21f-ad83a8e6dcdc}", "EventData.ServiceName": null, "EventData.LowerFilters": null, "EventData.UpperFilters": null, "EventData.Problem": "0x00000000", "EventData.Status": "0x00000000"}
{"EventID": "400", "Channel": "Microsoft-Windows-Kernel-PnP/Configuration", "Provider_Name": "Microsoft-Windows-Kernel-PnP", "Computer": "DESKTOP-OFJ6N53", "TimeCreated": "2025-07-14 10:46:39.828232+00:00", "RecordID": "35272", "Level": "4", "UserID": "S-1-5-18", "EventData.DeviceInstanceId": "SWD\\PRINTENUM\\{639F5351-4592-46A3-A305-A8B2A0BB245F}", "EventData.DriverName": "printqueue.inf", "EventData.ClassGuid": "{1ed2bbf9-11f0-4084-b21f-ad83a8e6dcdc}", "EventData.DriverDate": "06/21/2006", "EventData.DriverVersion": "10.0.19041.1", "EventData.DriverProvider": "Microsoft", "EventData.DriverInbox": "True", "EventData.DriverSection": "NO_DRV_LOCAL", "EventData.DriverRank": "0x00000000", "EventData.MatchingDeviceId": "PRINTENUM\\LocalPrintQueue", "EventData.OutrankedDrivers": "c_swdevice.inf:SWD\\GenericRaw:00FF3001", "EventData.DeviceUpdated": "False", "EventData.Status": "0x00000000", "EventData.ParentDeviceInstanceId": "SWD\\PRINTENUM\\PrintQueues"}
{"EventID": "410", "Channel": "Microsoft-Windows-Kernel-PnP/Configuration", "Provider_Name": "Microsoft-Windows-Kernel-PnP", "Computer": "DESKTOP-OFJ6N53", "TimeCreated": "2025-07-14 10:46:39.831495+00:00", "RecordID": "35273", "Level": "4", "UserID": "S-1-5-18", "EventData.DeviceInstanceId": "SWD\\PRINTENUM\\{639F5351-4592-46A3-A305-A8B2A0BB245F}", "EventData.DriverName": "printqueue.inf", "EventData.ClassGuid": "{1ed2bbf9-11f0-4084-b21f-ad83a8e6dcdc}", "EventData.ServiceName": null, "EventData.LowerFilters": null, "EventData.UpperFilters": null, "EventData.Problem": "0x00000000", "EventData.Status": "0x00000000"}
{"EventID": "420", "Channel": "Microsoft-Windows-Kernel-PnP/Configuration", "Provider_Name": "Microsoft-Windows-Kernel-PnP", "Computer": "DESKTOP-OFJ6N53", "TimeCreated": "2025-07-14 16:08:14.137001+00:00", "RecordID": "35274", "Level": "4", "UserID": "S-1-5-18", "EventData.DeviceInstanceId": "SWD\\SCDEVICEENUM\\2_WINDOWS_HELLO_FOR_BUSINESS_1", "EventData.ClassGuid": "{62f9c741-b25a-46ce-b54c-9bccce08b6f2}", "EventData.Problem": "0x0000002d", "EventData.Status": "0x00000000"}
{"EventID": "420", "Channel": "Microsoft-Windows-Kernel-PnP/Configuration", "Provider_Name": "Microsoft-Windows-Kernel-PnP", "Computer": "DESKTOP-OFJ6N53", "TimeCreated": "2025-07-14 16:08:14.174448+00:00", "RecordID": "35275", "Level": "4", "UserID": "S-1-5-18", "EventData.DeviceInstanceId": "SWD\\SCDEVICEENUM\\2_AKS_VR_0", "EventData.ClassGuid": "{62f9c741-b25a-46ce-b54c-9bccce08b6f2}", "EventData.Problem": "0x0000002d", "EventData.Status": "0x00000000"}
{"EventID": "420", "Channel": "Microsoft-Windows-Kernel-PnP/Configuration", "Provider_Name": "Microsoft-Windows-Kernel-PnP", "Computer": "DESKTOP-OFJ6N53", "TimeCreated": "2025-07-14 16:08:14.216906+00:00", "RecordID": "35276", "Level": "4", "UserID": "S-1-5-18", "EventData.DeviceInstanceId": "SWD\\SCDEVICEENUM\\2_AKS_IFDH_1", "EventData.ClassGuid": "{62f9c741-b25a-46ce-b54c-9bccce08b6f2}", "EventData.Problem": "0x0000002d", "EventData.Status": "0x00000000"}
{"EventID": "420", "Channel": "Microsoft-Windows-Kernel-PnP/Configuration", "Provider_Name": "Microsoft-Windows-Kernel-PnP", "Computer": "DESKTOP-OFJ6N53", "TimeCreated": "2025-07-14 16:08:14.567770+00:00", "RecordID": "35277", "Level": "4", "UserID": "S-1-5-18", "EventData.DeviceInstanceId": "SWD\\MMDEVAPI\\{3.0.0.00000002}.{6C26BA7D-F0B2-4225-B422-8168C5261E45}", "EventData.ClassGuid": "{c166523c-fe0c-4a94-a586-f1a80cfbbf3e}", "EventData.Problem": "0x00000000", "EventData.Status": "0x00000000"}
{"EventID": "420", "Channel": "Microsoft-Windows-Kernel-PnP/Configuration", "Provider_Name": "Microsoft-Windows-Kernel-PnP", "Computer": "DESKTOP-OFJ6N53", "TimeCreated": "2025-07-14 16:08:14.828112+00:00", "RecordID": "35278", "Level": "4", "UserID": "S-1-5-18", "EventData.DeviceInstanceId": "SWD\\SCDEVICEENUM\\2_AKS_IFDH_0", "EventData.ClassGuid": "{62f9c741-b25a-46ce-b54c-9bccce08b6f2}", "EventData.Problem": "0x0000002d", "EventData.Status": "0x00000000"}
{"EventID": "420", "Channel": "Microsoft-Windows-Kernel-PnP/Configuration", "Provider_Name": "Microsoft-Windows-Kernel-PnP", "Computer": "DESKTOP-OFJ6N53", "TimeCreated": "2025-07-14 16:08:15.047470+00:00", "RecordID": "35279", "Level": "4", "UserID": "S-1-5-18", "EventData.DeviceInstanceId": "SWD\\PRINTENUM\\{30830B2C-2421-4FBC-8B47-5CC893D04265}", "EventData.ClassGuid": "{1ed2bbf9-11f0-4084-b21f-ad83a8e6dcdc}", "EventData.Problem": "0x0000002d", "EventData.Status": "0x00000000"}
{"EventID": "420", "Channel": "Microsoft-Windows-Kernel-PnP/Configuration", "Provider_Name": "Microsoft-Windows-Kernel-PnP", "Computer": "DESKTOP-OFJ6N53", "TimeCreated": "2025-07-14 16:08:15.187925+00:00", "RecordID": "35280", "Level": "4", "UserID": "S-1-5-18", "EventData.DeviceInstanceId": "SWD\\PRINTENUM\\{941BD5AA-BA4B-405D-A17B-A65E5B8EBE19}", "EventData.ClassGuid": "{1ed2bbf9-11f0-4084-b21f-ad83a8e6dcdc}", "EventData.Problem": "0x0000002d", "EventData.Status": "0x00000000"}
{"EventID": "420", "Channel": "Microsoft-Windows-Kernel-PnP/Configuration", "Provider_Name": "Microsoft-Windows-Kernel-PnP", "Computer": "DESKTOP-OFJ6N53", "TimeCreated": "2025-07-14 16:08:15.367914+00:00", "RecordID": "35281", "Level": "4", "UserID": "S-1-5-18", "EventData.DeviceInstanceId": "SWD\\PRINTENUM\\{A3260EFA-762F-4E03-868F-29B472B4A70B}", "EventData.ClassGuid": "{1ed2bbf9-11f0-4084-b21f-ad83a8e6dcdc}", "EventData.Problem": "0x0000002d", "EventData.Status": "0x00000000"}
{"EventID": "420", "Channel": "Microsoft-Windows-Kernel-PnP/Configuration", "Provider_Name": "Microsoft-Windows-Kernel-PnP", "Computer": "DESKTOP-OFJ6N53", "TimeCreated": "2025-07-14 16:08:15.649281+00:00", "RecordID": "35282", "Level": "4", "UserID": "S-1-5-18", "EventData.DeviceInstanceId": "SWD\\PRINTENUM\\{3A01D336-8AF6-4972-891D-F3CF0BCB035F}", "EventData.ClassGuid": "{1ed2bbf9-11f0-4084-b21f-ad83a8e6dcdc}", "EventData.Problem": "0x0000002d", "EventData.Status": "0x00000000"}
{"EventID": "420", "Channel": "Microsoft-Windows-Kernel-PnP/Configuration", "Provider_Name": "Microsoft-Windows-Kernel-PnP", "Computer": "DESKTOP-OFJ6N53", "TimeCreated": "2025-07-14 16:08:15.830500+00:00", "RecordID": "35283", "Level": "4", "UserID": "S-1-5-18", "EventData.DeviceInstanceId": "SWD\\PRINTENUM\\{C22A969F-12FD-43F0-B4CD-BB6F8908BD5D}", "EventData.ClassGuid": "{1ed2bbf9-11f0-4084-b21f-ad83a8e6dcdc}", "EventData.Problem": "0x0000002d", "EventData.Status": "0x00000000"}
{"EventID": "420", "Channel": "Microsoft-Windows-Kernel-PnP/Configuration", "Provider_Name": "Microsoft-Windows-Kernel-PnP", "Computer": "DESKTOP-OFJ6N53", "TimeCreated": "2025-07-14 16:08:15.890772+00:00", "RecordID": "35284", "Level": "4", "UserID": "S-1-5-18", "EventData.DeviceInstanceId": "SWD\\PRINTENUM\\{9660E1B3-18AB-4E74-BB86-4D5BA38490D1}", "EventData.ClassGuid": "{1ed2bbf9-11f0-4084-b21f-ad83a8e6dcdc}", "EventData.Problem": "0x0000002d", "EventData.Status": "0x00000000"}
{"EventID": "420", "Channel": "Microsoft-Windows-Kernel-PnP/Configuration", "Provider_Name": "Microsoft-Windows-Kernel-PnP", "Computer": "DESKTOP-OFJ6N53", "TimeCreated": "2025-07-14 16:08:15.961681+00:00", "RecordID": "35285", "Level": "4", "UserID": "S-1-5-18", "EventData.DeviceInstanceId": "SWD\\PRINTENUM\\{CC850A8A-23FA-472E-ABD7-27D6E9936570}", "EventData.ClassGuid": "{1ed2bbf9-11f0-4084-b21f-ad83a8e6dcdc}", "EventData.Problem": "0x0000002d", "EventData.Status": "0x00000000"}
{"EventID": "420", "Channel": "Microsoft-Windows-Kernel-PnP/Configuration", "Provider_Name": "Microsoft-Windows-Kernel-PnP", "Computer": "DESKTOP-OFJ6N53", "TimeCreated": "2025-07-14 16:08:16.037737+00:00", "RecordID": "35286", "Level": "4", "UserID": "S-1-5-18", "EventData.DeviceInstanceId": "SWD\\PRINTENUM\\{50FC1881-9A16-4F1E-9531-EC6396DC97CF}", "EventData.ClassGuid": "{1ed2bbf9-11f0-4084-b21f-ad83a8e6dcdc}", "EventData.Problem": "0x0000002d", "EventData.Status": "0x00000000"}
{"EventID": "420", "Channel": "Microsoft-Windows-Kernel-PnP/Configuration", "Provider_Name": "Microsoft-Windows-Kernel-PnP", "Computer": "DESKTOP-OFJ6N53", "TimeCreated": "2025-07-14 16:08:16.099375+00:00", "RecordID": "35287", "Level": "4", "UserID": "S-1-5-18", "EventData.DeviceInstanceId": "SWD\\PRINTENUM\\{130D3A49-5CD6-410E-B01E-4930069289B6}", "EventData.ClassGuid": "{1ed2bbf9-11f0-4084-b21f-ad83a8e6dcdc}", "EventData.Problem": "0x0000002d", "EventData.Status": "0x00000000"}
{"EventID": "420", "Channel": "Microsoft-Windows-Kernel-PnP/Configuration", "Provider_Name": "Microsoft-Windows-Kernel-PnP", "Computer": "DESKTOP-OFJ6N53", "TimeCreated": "2025-07-14 16:08:16.161478+00:00", "RecordID": "35288", "Level": "4", "UserID": "S-1-5-18", "EventData.DeviceInstanceId": "SWD\\PRINTENUM\\{8973E35F-F5CA-4715-9D7B-D89A1CD5FBDF}", "EventData.ClassGuid": "{1ed2bbf9-11f0-4084-b21f-ad83a8e6dcdc}", "EventData.Problem": "0x0000002d", "EventData.Status": "0x00000000"}
{"EventID": "420", "Channel": "Microsoft-Windows-Kernel-PnP/Configuration", "Provider_Name": "Microsoft-Windows-Kernel-PnP", "Computer": "DESKTOP-OFJ6N53", "TimeCreated": "2025-07-14 16:08:16.240978+00:00", "RecordID": "35289", "Level": "4", "UserID": "S-1-5-18", "EventData.DeviceInstanceId": "SWD\\PRINTENUM\\{639F5351-4592-46A3-A305-A8B2A0BB245F}", "EventData.ClassGuid": "{1ed2bbf9-11f0-4084-b21f-ad83a8e6dcdc}", "EventData.Problem": "0x0000002d", "EventData.Status": "0x00000000"}
{"EventID": "400", "Channel": "Microsoft-Windows-Kernel-PnP/Configuration", "Provider_Name": "Microsoft-Windows-Kernel-PnP", "Computer": "DESKTOP-OFJ6N53", "TimeCreated": "2025-07-16 08:57:53.636051+00:00", "RecordID": "35290", "Level": "4", "UserID": "S-1-5-18", "EventData.DeviceInstanceId": "SWD\\MMDEVAPI\\{3.0.0.00000002}.{6C26BA7D-F0B2-4225-B422-8168C5261E45}", "EventData.DriverName": "audioendpoint.inf", "EventData.ClassGuid": "{c166523c-fe0c-4a94-a586-f1a80cfbbf3e}", "EventData.DriverDate": "12/06/2019", "EventData.DriverVersion": "10.0.19041.1", "EventData.DriverProvider": "Microsoft", "EventData.DriverInbox": "True", "EventData.DriverSection": "NO_DRV", "EventData.DriverRank": "0x00ff0000", "EventData.MatchingDeviceId": "MMDEVAPI\\AudioEndpoints", "EventData.OutrankedDrivers": "c_swdevice.inf:SWD\\GenericRaw:00FF3001", "EventData.DeviceUpdated": "False", "EventData.Status": "0x00000000", "EventData.ParentDeviceInstanceId": "HTREE\\ROOT\\0"}
{"EventID": "410", "Channel": "Microsoft-Windows-Kernel-PnP/Configuration", "Provider_Name": "Microsoft-Windows-Kernel-PnP", "Computer": "DESKTOP-OFJ6N53", "TimeCreated": "2025-07-16 08:57:53.637636+00:00", "RecordID": "35291", "Level": "4", "UserID": "S-1-5-18", "EventData.DeviceInstanceId": "SWD\\MMDEVAPI\\{3.0.0.00000002}.{6C26BA7D-F0B2-4225-B422-8168C5261E45}", "EventData.DriverName": "audioendpoint.inf", "EventData.ClassGuid": "{c166523c-fe0c-4a94-a586-f1a80cfbbf3e}", "EventData.ServiceName": null, "EventData.LowerFilters": null, "EventData.UpperFilters": null, "EventData.Problem": "0x00000000", "EventData.Status": "0x00000000"}
{"EventID": "400", "Channel": "Microsoft-Windows-Kernel-PnP/Configuration", "Provider_Name": "Microsoft-Windows-Kernel-PnP", "Computer": "DESKTOP-OFJ6N53", "TimeCreated": "2025-07-16 08:57:55.753468+00:00", "RecordID": "35292", "Level": "4", "UserID": "S-1-5-18", "EventData.DeviceInstanceId": "SWD\\ScDeviceEnum\\2_Windows_Hello_for_Business_1", "EventData.DriverName": "c_swdevice.inf", "EventData.ClassGuid": "{62f9c741-b25a-46ce-b54c-9bccce08b6f2}", "EventData.DriverDate": "06/21/2006", "EventData.DriverVersion": "10.0.19041.1", "EventData.DriverProvider": "Microsoft", "EventData.DriverInbox": "True", "EventData.DriverSection": "SoftwareDevice", "EventData.DriverRank": "0x00ff3000", "EventData.MatchingDeviceId": "SWD\\GenericRaw", "EventData.OutrankedDrivers": null, "EventData.DeviceUpdated": "False", "EventData.Status": "0x00000000", "EventData.ParentDeviceInstanceId": "SWD\\ScDeviceEnumBus\\0"}
{"EventID": "410", "Channel": "Microsoft-Windows-Kernel-PnP/Configuration", "Provider_Name": "Microsoft-Windows-Kernel-PnP", "Computer": "DESKTOP-OFJ6N53", "TimeCreated": "2025-07-16 08:57:55.754368+00:00", "RecordID": "35293", "Level": "4", "UserID": "S-1-5-18", "EventData.DeviceInstanceId": "SWD\\ScDeviceEnum\\2_Windows_Hello_for_Business_1", "EventData.DriverName": "c_swdevice.inf", "EventData.ClassGuid": "{62f9c741-b25a-46ce-b54c-9bccce08b6f2}", "EventData.ServiceName": null, "EventData.LowerFilters": null, "EventData.UpperFilters": null, "EventData.Problem": "0x00000000", "EventData.Status": "0x00000000"}
{"EventID": "400", "Channel": "Microsoft-Windows-Kernel-PnP/Configuration", "Provider_Name": "Microsoft-Windows-Kernel-PnP", "Computer": "DESKTOP-OFJ6N53", "TimeCreated": "2025-07-16 08:57:56.352434+00:00", "RecordID": "35294", "Level": "4", "UserID": "S-1-5-18", "EventData.DeviceInstanceId": "SWD\\ScDeviceEnum\\2_AKS_VR_0", "EventData.DriverName": "c_swdevice.inf", "EventData.ClassGuid": "{62f9c741-b25a-46ce-b54c-9bccce08b6f2}", "EventData.DriverDate": "06/21/2006", "EventData.DriverVersion": "10.0.19041.1", "EventData.DriverProvider": "Microsoft", "EventData.DriverInbox": "True", "EventData.DriverSection": "SoftwareDevice", "EventData.DriverRank": "0x00ff3000", "EventData.MatchingDeviceId": "SWD\\GenericRaw", "EventData.OutrankedDrivers": null, "EventData.DeviceUpdated": "False", "EventData.Status": "0x00000000", "EventData.ParentDeviceInstanceId": "SWD\\ScDeviceEnumBus\\0"}
{"EventID": "410", "Channel": "Microsoft-Windows-Kernel-PnP/Configuration", "Provider_Name": "Microsoft-Windows-Kernel-PnP", "Computer": "DESKTOP-OFJ6N53", "TimeCreated": "2025-07-16 08:57:56.353518+00:00", "RecordID": "35295", "Level": "4", "UserID": "S-1-5-18", "EventData.DeviceInstanceId": "SWD\\ScDeviceEnum\\2_AKS_VR_0", "EventData.DriverName": "c_swdevice.inf", "EventData.ClassGuid": "{62f9c741-b25a-46ce-b54c-9bccce08b6f2}", "EventData.ServiceName": null, "EventData.LowerFilters": null, "EventData.UpperFilters": null, "EventData.Problem": "0x00000000", "EventData.Status": "0x00000000"}
{"EventID": "400", "Channel": "Microsoft-Windows-Kernel-PnP/Configuration", "Provider_Name": "Microsoft-Windows-Kernel-PnP", "Computer": "DESKTOP-OFJ6N53", "TimeCreated": "2025-07-16 08:57:57.141455+00:00", "RecordID": "35296", "Level": "4", "UserID": "S-1-5-18", "EventData.DeviceInstanceId": "SWD\\ScDeviceEnum\\2_AKS_ifdh_1", "EventData.DriverName": "c_swdevice.inf", "EventData.ClassGuid": "{62f9c741-b25a-46ce-b54c-9bccce08b6f2}", "EventData.DriverDate": "06/21/2006", "EventData.DriverVersion": "10.0.19041.1", "EventData.DriverProvider": "Microsoft", "EventData.DriverInbox": "True", "EventData.DriverSection": "SoftwareDevice", "EventData.DriverRank": "0x00ff3000", "EventData.MatchingDeviceId": "SWD\\GenericRaw", "EventData.OutrankedDrivers": null, "EventData.DeviceUpdated": "False", "EventData.Status": "0x00000000", "EventData.ParentDeviceInstanceId": "SWD\\ScDeviceEnumBus\\0"}
{"EventID": "410", "Channel": "Microsoft-Windows-Kernel-PnP/Configuration", "Provider_Name": "Microsoft-Windows-Kernel-PnP", "Computer": "DESKTOP-OFJ6N53", "TimeCreated": "2025-07-16 08:57:57.142382+00:00", "RecordID": "35297", "Level": "4", "UserID": "S-1-5-18", "EventData.DeviceInstanceId": "SWD\\ScDeviceEnum\\2_AKS_ifdh_1", "EventData.DriverName": "c_swdevice.inf", "EventData.ClassGuid": "{62f9c741-b25a-46ce-b54c-9bccce08b6f2}", "EventData.ServiceName": null, "EventData.LowerFilters": null, "EventData.UpperFilters": null, "EventData.Problem": "0x00000000", "EventData.Status": "0x00000000"}
{"EventID": "400", "Channel": "Microsoft-Windows-Kernel-PnP/Configuration", "Provider_Name": "Microsoft-Windows-Kernel-PnP", "Computer": "DESKTOP-OFJ6N53", "TimeCreated": "2025-07-16 08:57:57.182798+00:00", "RecordID": "35298", "Level": "4", "UserID": "S-1-5-18", "EventData.DeviceInstanceId": "SWD\\PRINTENUM\\{32E4E18C-7750-4ADF-AB2B-A6D8C40A22C7}", "EventData.DriverName": "printqueue.inf", "EventData.ClassGuid": "{1ed2bbf9-11f0-4084-b21f-ad83a8e6dcdc}", "EventData.DriverDate": "06/21/2006", "EventData.DriverVersion": "10.0.19041.1", "EventData.DriverProvider": "Microsoft", "EventData.DriverInbox": "True", "EventData.DriverSection": "NO_DRV_LOCAL", "EventData.DriverRank": "0x00000000", "EventData.MatchingDeviceId": "PRINTENUM\\LocalPrintQueue", "EventData.OutrankedDrivers": "c_swdevice.inf:SWD\\GenericRaw:00FF3001", "EventData.DeviceUpdated": "False", "EventData.Status": "0x00000000", "EventData.ParentDeviceInstanceId": "SWD\\PRINTENUM\\PrintQueues"}
{"EventID": "410", "Channel": "Microsoft-Windows-Kernel-PnP/Configuration", "Provider_Name": "Microsoft-Windows-Kernel-PnP", "Computer": "DESKTOP-OFJ6N53", "TimeCreated": "2025-07-16 08:57:57.185089+00:00", "RecordID": "35299", "Level": "4", "UserID": "S-1-5-18", "EventData.DeviceInstanceId": "SWD\\PRINTENUM\\{32E4E18C-7750-4ADF-AB2B-A6D8C40A22C7}", "EventData.DriverName": "printqueue.inf", "EventData.ClassGuid": "{1ed2bbf9-11f0-4084-b21f-ad83a8e6dcdc}", "EventData.ServiceName": null, "EventData.LowerFilters": null, "EventData.UpperFilters": null, "EventData.Problem": "0x00000000", "EventData.Status": "0x00000000"}
{"EventID": "400", "Channel": "Microsoft-Windows-Kernel-PnP/Configuration", "Provider_Name": "Microsoft-Windows-Kernel-PnP", "Computer": "DESKTOP-OFJ6N53", "TimeCreated": "2025-07-16 08:57:58.179502+00:00", "RecordID": "35300", "Level": "4", "UserID": "S-1-5-18", "EventData.DeviceInstanceId": "SWD\\ScDeviceEnum\\2_AKS_ifdh_0", "EventData.DriverName": "c_swdevice.inf", "EventData.ClassGuid": "{62f9c741-b25a-46ce-b54c-9bccce08b6f2}", "EventData.DriverDate": "06/21/2006", "EventData.DriverVersion": "10.0.19041.1", "EventData.DriverProvider": "Microsoft", "EventData.DriverInbox": "True", "EventData.DriverSection": "SoftwareDevice", "EventData.DriverRank": "0x00ff3000", "EventData.MatchingDeviceId": "SWD\\GenericRaw", "EventData.OutrankedDrivers": null, "EventData.DeviceUpdated": "False", "EventData.Status": "0x00000000", "EventData.ParentDeviceInstanceId": "SWD\\ScDeviceEnumBus\\0"}
{"EventID": "410", "Channel": "Microsoft-Windows-Kernel-PnP/Configuration", "Provider_Name": "Microsoft-Windows-Kernel-PnP", "Computer": "DESKTOP-OFJ6N53", "TimeCreated": "2025-07-16 08:57:58.180681+00:00", "RecordID": "35301", "Level": "4", "UserID": "S-1-5-18", "EventData.DeviceInstanceId": "SWD\\ScDeviceEnum\\2_AKS_ifdh_0", "EventData.DriverName": "c_swdevice.inf", "EventData.ClassGuid": "{62f9c741-b25a-46ce-b54c-9bccce08b6f2}", "EventData.ServiceName": null, "EventData.LowerFilters": null, "EventData.UpperFilters": null, "EventData.Problem": "0x00000000", "EventData.Status": "0x00000000"}
{"EventID": "400", "Channel": "Microsoft-Windows-Kernel-PnP/Configuration", "Provider_Name": "Microsoft-Windows-Kernel-PnP", "Computer": "DESKTOP-OFJ6N53", "TimeCreated": "2025-07-16 08:58:03.347317+00:00", "RecordID": "35302", "Level": "4", "UserID": "S-1-5-18", "EventData.DeviceInstanceId": "SWD\\PRINTENUM\\{78542236-0B9E-45C9-A5EB-34B52101D001}", "EventData.DriverName": "printqueue.inf", "EventData.ClassGuid": "{1ed2bbf9-11f0-4084-b21f-ad83a8e6dcdc}", "EventData.DriverDate": "06/21/2006", "EventData.DriverVersion": "10.0.19041.1", "EventData.DriverProvider": "Microsoft", "EventData.DriverInbox": "True", "EventData.DriverSection": "NO_DRV_LOCAL", "EventData.DriverRank": "0x00000000", "EventData.MatchingDeviceId": "PRINTENUM\\LocalPrintQueue", "EventData.OutrankedDrivers": "c_swdevice.inf:SWD\\GenericRaw:00FF3001", "EventData.DeviceUpdated": "False", "EventData.Status": "0x00000000", "EventData.ParentDeviceInstanceId": "SWD\\PRINTENUM\\PrintQueues"}
{"EventID": "410", "Channel": "Microsoft-Windows-Kernel-PnP/Configuration", "Provider_Name": "Microsoft-Windows-Kernel-PnP", "Computer": "DESKTOP-OFJ6N53", "TimeCreated": "2025-07-16 08:58:03.350637+00:00", "RecordID": "35303", "Level": "4", "UserID": "S-1-5-18", "EventData.DeviceInstanceId": "SWD\\PRINTENUM\\{78542236-0B9E-45C9-A5EB-34B52101D001}", "EventData.DriverName": "printqueue.inf", "EventData.ClassGuid": "{1ed2bbf9-11f0-4084-b21f-ad83a8e6dcdc}", "EventData.ServiceName": null, "EventData.LowerFilters": null, "EventData.UpperFilters": null, "EventData.Problem": "0x00000000", "EventData.Status": "0x00000000"}
{"EventID": "400", "Channel": "Microsoft-Windows-Kernel-PnP/Configuration", "Provider_Name": "Microsoft-Windows-Kernel-PnP", "Computer": "DESKTOP-OFJ6N53", "TimeCreated": "2025-07-16 08:58:06.763315+00:00", "RecordID": "35304", "Level": "4", "UserID": "S-1-5-18", "EventData.DeviceInstanceId": "SWD\\PRINTENUM\\{368B5D3D-ED1B-4093-8FDB-E479125CA99D}", "EventData.DriverName": "printqueue.inf", "EventData.ClassGuid": "{1ed2bbf9-11f0-4084-b21f-ad83a8e6dcdc}", "EventData.DriverDate": "06/21/2006", "EventData.DriverVersion": "10.0.19041.1", "EventData.DriverProvider": "Microsoft", "EventData.DriverInbox": "True", "EventData.DriverSection": "NO_DRV_LOCAL", "EventData.DriverRank": "0x00000000", "EventData.MatchingDeviceId": "PRINTENUM\\LocalPrintQueue", "EventData.OutrankedDrivers": "c_swdevice.inf:SWD\\GenericRaw:00FF3001", "EventData.DeviceUpdated": "False", "EventData.Status": "0x00000000", "EventData.ParentDeviceInstanceId": "SWD\\PRINTENUM\\PrintQueues"}
{"EventID": "410", "Channel": "Microsoft-Windows-Kernel-PnP/Configuration", "Provider_Name": "Microsoft-Windows-Kernel-PnP", "Computer": "DESKTOP-OFJ6N53", "TimeCreated": "2025-07-16 08:58:06.765818+00:00", "RecordID": "35305", "Level": "4", "UserID": "S-1-5-18", "EventData.DeviceInstanceId": "SWD\\PRINTENUM\\{368B5D3D-ED1B-4093-8FDB-E479125CA99D}", "EventData.DriverName": "printqueue.inf", "EventData.ClassGuid": "{1ed2bbf9-11f0-4084-b21f-ad83a8e6dcdc}", "EventData.ServiceName": null, "EventData.LowerFilters": null, "EventData.UpperFilters": null, "EventData.Problem": "0x00000000", "EventData.Status": "0x00000000"}
{"EventID": "400", "Channel": "Microsoft-Windows-Kernel-PnP/Configuration", "Provider_Name": "Microsoft-Windows-Kernel-PnP", "Computer": "DESKTOP-OFJ6N53", "TimeCreated": "2025-07-16 08:58:09.319717+00:00", "RecordID": "35306", "Level": "4", "UserID": "S-1-5-18", "EventData.DeviceInstanceId": "SWD\\PRINTENUM\\{BE9185BD-DAC8-4619-83FF-14C9AFF231C0}", "EventData.DriverName": "printqueue.inf", "EventData.ClassGuid": "{1ed2bbf9-11f0-4084-b21f-ad83a8e6dcdc}", "EventData.DriverDate": "06/21/2006", "EventData.DriverVersion": "10.0.19041.1", "EventData.DriverProvider": "Microsoft", "EventData.DriverInbox": "True", "EventData.DriverSection": "NO_DRV_LOCAL", "EventData.DriverRank": "0x00000000", "EventData.MatchingDeviceId": "PRINTENUM\\LocalPrintQueue", "EventData.OutrankedDrivers": "c_swdevice.inf:SWD\\GenericRaw:00FF3001", "EventData.DeviceUpdated": "False", "EventData.Status": "0x00000000", "EventData.ParentDeviceInstanceId": "SWD\\PRINTENUM\\PrintQueues"}
{"EventID": "410", "Channel": "Microsoft-Windows-Kernel-PnP/Configuration", "Provider_Name": "Microsoft-Windows-Kernel-PnP", "Computer": "DESKTOP-OFJ6N53", "TimeCreated": "2025-07-16 08:58:09.322044+00:00", "RecordID": "35307", "Level": "4", "UserID": "S-1-5-18", "EventData.DeviceInstanceId": "SWD\\PRINTENUM\\{BE9185BD-DAC8-4619-83FF-14C9AFF231C0}", "EventData.DriverName": "printqueue.inf", "EventData.ClassGuid": "{1ed2bbf9-11f0-4084-b21f-ad83a8e6dcdc}", "EventData.ServiceName": null, "EventData.LowerFilters": null, "EventData.UpperFilters": null, "EventData.Problem": "0x00000000", "EventData.Status": "0x00000000"}
{"EventID": "400", "Channel": "Microsoft-Windows-Kernel-PnP/Configuration", "Provider_Name": "Microsoft-Windows-Kernel-PnP", "Computer": "DESKTOP-OFJ6N53", "TimeCreated": "2025-07-16 08:58:12.168121+00:00", "RecordID": "35308", "Level": "4", "UserID": "S-1-5-18", "EventData.DeviceInstanceId": "SWD\\PRINTENUM\\{9D5E4AD8-B698-4A48-BBBF-662198A975B6}", "EventData.DriverName": "printqueue.inf", "EventData.ClassGuid": "{1ed2bbf9-11f0-4084-b21f-ad83a8e6dcdc}", "EventData.DriverDate": "06/21/2006", "EventData.DriverVersion": "10.0.19041.1", "EventData.DriverProvider": "Microsoft", "EventData.DriverInbox": "True", "EventData.DriverSection": "NO_DRV_LOCAL", "EventData.DriverRank": "0x00000000", "EventData.MatchingDeviceId": "PRINTENUM\\LocalPrintQueue", "EventData.OutrankedDrivers": "c_swdevice.inf:SWD\\GenericRaw:00FF3001", "EventData.DeviceUpdated": "False", "EventData.Status": "0x00000000", "EventData.ParentDeviceInstanceId": "SWD\\PRINTENUM\\PrintQueues"}
{"EventID": "410", "Channel": "Microsoft-Windows-Kernel-PnP/Configuration", "Provider_Name": "Microsoft-Windows-Kernel-PnP", "Computer": "DESKTOP-OFJ6N53", "TimeCreated": "2025-07-16 08:58:12.171001+00:00", "RecordID": "35309", "Level": "4", "UserID": "S-1-5-18", "EventData.DeviceInstanceId": "SWD\\PRINTENUM\\{9D5E4AD8-B698-4A48-BBBF-662198A975B6}", "EventData.DriverName": "printqueue.inf", "EventData.ClassGuid": "{1ed2bbf9-11f0-4084-b21f-ad83a8e6dcdc}", "EventData.ServiceName": null, "EventData.LowerFilters": null, "EventData.UpperFilters": null, "EventData.Problem": "0x00000000", "EventData.Status": "0x00000000"}
{"EventID": "400", "Channel": "Microsoft-Windows-Kernel-PnP/Configuration", "Provider_Name": "Microsoft-Windows-Kernel-PnP", "Computer": "DESKTOP-OFJ6N53", "TimeCreated": "2025-07-16 08:58:13.884962+00:00", "RecordID": "35310", "Level": "4", "UserID": "S-1-5-18", "EventData.DeviceInstanceId": "SWD\\PRINTENUM\\{84FECB9A-2521-43AE-877C-BC7A0068BE88}", "EventData.DriverName": "printqueue.inf", "EventData.ClassGuid": "{1ed2bbf9-11f0-4084-b21f-ad83a8e6dcdc}", "EventData.DriverDate": "06/21/2006", "EventData.DriverVersion": "10.0.19041.1", "EventData.DriverProvider": "Microsoft", "EventData.DriverInbox": "True", "EventData.DriverSection": "NO_DRV_LOCAL", "EventData.DriverRank": "0x00000000", "EventData.MatchingDeviceId": "PRINTENUM\\LocalPrintQueue", "EventData.OutrankedDrivers": "c_swdevice.inf:SWD\\GenericRaw:00FF3001", "EventData.DeviceUpdated": "False", "EventData.Status": "0x00000000", "EventData.ParentDeviceInstanceId": "SWD\\PRINTENUM\\PrintQueues"}
{"EventID": "410", "Channel": "Microsoft-Windows-Kernel-PnP/Configuration", "Provider_Name": "Microsoft-Windows-Kernel-PnP", "Computer": "DESKTOP-OFJ6N53", "TimeCreated": "2025-07-16 08:58:13.887472+00:00", "RecordID": "35311", "Level": "4", "UserID": "S-1-5-18", "EventData.DeviceInstanceId": "SWD\\PRINTENUM\\{84FECB9A-2521-43AE-877C-BC7A0068BE88}", "EventData.DriverName": "printqueue.inf", "EventData.ClassGuid": "{1ed2bbf9-11f0-4084-b21f-ad83a8e6dcdc}", "EventData.ServiceName": null, "EventData.LowerFilters": null, "EventData.UpperFilters": null, "EventData.Problem": "0x00000000", "EventData.Status": "0x00000000"}
{"EventID": "400", "Channel": "Microsoft-Windows-Kernel-PnP/Configuration", "Provider_Name": "Microsoft-Windows-Kernel-PnP", "Computer": "DESKTOP-OFJ6N53", "TimeCreated": "2025-07-16 08:58:15.599348+00:00", "RecordID": "35312", "Level": "4", "UserID": "S-1-5-18", "EventData.DeviceInstanceId": "SWD\\PRINTENUM\\{F51ACD1F-337D-40C9-8846-B35D229DA7AF}", "EventData.DriverName": "printqueue.inf", "EventData.ClassGuid": "{1ed2bbf9-11f0-4084-b21f-ad83a8e6dcdc}", "EventData.DriverDate": "06/21/2006", "EventData.DriverVersion": "10.0.19041.1", "EventData.DriverProvider": "Microsoft", "EventData.DriverInbox": "True", "EventData.DriverSection": "NO_DRV_LOCAL", "EventData.DriverRank": "0x00000000", "EventData.MatchingDeviceId": "PRINTENUM\\LocalPrintQueue", "EventData.OutrankedDrivers": "c_swdevice.inf:SWD\\GenericRaw:00FF3001", "EventData.DeviceUpdated": "False", "EventData.Status": "0x00000000", "EventData.ParentDeviceInstanceId": "SWD\\PRINTENUM\\PrintQueues"}
{"EventID": "410", "Channel": "Microsoft-Windows-Kernel-PnP/Configuration", "Provider_Name": "Microsoft-Windows-Kernel-PnP", "Computer": "DESKTOP-OFJ6N53", "TimeCreated": "2025-07-16 08:58:15.601717+00:00", "RecordID": "35313", "Level": "4", "UserID": "S-1-5-18", "EventData.DeviceInstanceId": "SWD\\PRINTENUM\\{F51ACD1F-337D-40C9-8846-B35D229DA7AF}", "EventData.DriverName": "printqueue.inf", "EventData.ClassGuid": "{1ed2bbf9-11f0-4084-b21f-ad83a8e6dcdc}", "EventData.ServiceName": null, "EventData.LowerFilters": null, "EventData.UpperFilters": null, "EventData.Problem": "0x00000000", "EventData.Status": "0x00000000"}
{"EventID": "400", "Channel": "Microsoft-Windows-Kernel-PnP/Configuration", "Provider_Name": "Microsoft-Windows-Kernel-PnP", "Computer": "DESKTOP-OFJ6N53", "TimeCreated": "2025-07-16 08:58:18.638941+00:00", "RecordID": "35314", "Level": "4", "UserID": "S-1-5-18", "EventData.DeviceInstanceId": "SWD\\PRINTENUM\\{D0A5072B-CD36-4757-9AF9-D719385A14D6}", "EventData.DriverName": "printqueue.inf", "EventData.ClassGuid": "{1ed2bbf9-11f0-4084-b21f-ad83a8e6dcdc}", "EventData.DriverDate": "06/21/2006", "EventData.DriverVersion": "10.0.19041.1", "EventData.DriverProvider": "Microsoft", "EventData.DriverInbox": "True", "EventData.DriverSection": "NO_DRV_LOCAL", "EventData.DriverRank": "0x00000000", "EventData.MatchingDeviceId": "PRINTENUM\\LocalPrintQueue", "EventData.OutrankedDrivers": "c_swdevice.inf:SWD\\GenericRaw:00FF3001", "EventData.DeviceUpdated": "False", "EventData.Status": "0x00000000", "EventData.ParentDeviceInstanceId": "SWD\\PRINTENUM\\PrintQueues"}
{"EventID": "410", "Channel": "Microsoft-Windows-Kernel-PnP/Configuration", "Provider_Name": "Microsoft-Windows-Kernel-PnP", "Computer": "DESKTOP-OFJ6N53", "TimeCreated": "2025-07-16 08:58:18.641804+00:00", "RecordID": "35315", "Level": "4", "UserID": "S-1-5-18", "EventData.DeviceInstanceId": "SWD\\PRINTENUM\\{D0A5072B-CD36-4757-9AF9-D719385A14D6}", "EventData.DriverName": "printqueue.inf", "EventData.ClassGuid": "{1ed2bbf9-11f0-4084-b21f-ad83a8e6dcdc}", "EventData.ServiceName": null, "EventData.LowerFilters": null, "EventData.UpperFilters": null, "EventData.Problem": "0x00000000", "EventData.Status": "0x00000000"}
{"EventID": "400", "Channel": "Microsoft-Windows-Kernel-PnP/Configuration", "Provider_Name": "Microsoft-Windows-Kernel-PnP", "Computer": "DESKTOP-OFJ6N53", "TimeCreated": "2025-07-16 08:58:21.093615+00:00", "RecordID": "35316", "Level": "4", "UserID": "S-1-5-18", "EventData.DeviceInstanceId": "SWD\\PRINTENUM\\{4C739F1A-3941-4764-BAB4-91A5C9BBBA4E}", "EventData.DriverName": "printqueue.inf", "EventData.ClassGuid": "{1ed2bbf9-11f0-4084-b21f-ad83a8e6dcdc}", "EventData.DriverDate": "06/21/2006", "EventData.DriverVersion": "10.0.19041.1", "EventData.DriverProvider": "Microsoft", "EventData.DriverInbox": "True", "EventData.DriverSection": "NO_DRV_LOCAL", "EventData.DriverRank": "0x00000000", "EventData.MatchingDeviceId": "PRINTENUM\\LocalPrintQueue", "EventData.OutrankedDrivers": "c_swdevice.inf:SWD\\GenericRaw:00FF3001", "EventData.DeviceUpdated": "False", "EventData.Status": "0x00000000", "EventData.ParentDeviceInstanceId": "SWD\\PRINTENUM\\PrintQueues"}
{"EventID": "410", "Channel": "Microsoft-Windows-Kernel-PnP/Configuration", "Provider_Name": "Microsoft-Windows-Kernel-PnP", "Computer": "DESKTOP-OFJ6N53", "TimeCreated": "2025-07-16 08:58:21.096140+00:00", "RecordID": "35317", "Level": "4", "UserID": "S-1-5-18", "EventData.DeviceInstanceId": "SWD\\PRINTENUM\\{4C739F1A-3941-4764-BAB4-91A5C9BBBA4E}", "EventData.DriverName": "printqueue.inf", "EventData.ClassGuid": "{1ed2bbf9-11f0-4084-b21f-ad83a8e6dcdc}", "EventData.ServiceName": null, "EventData.LowerFilters": null, "EventData.UpperFilters": null, "EventData.Problem": "0x00000000", "EventData.Status": "0x00000000"}
{"EventID": "400", "Channel": "Microsoft-Windows-Kernel-PnP/Configuration", "Provider_Name": "Microsoft-Windows-Kernel-PnP", "Computer": "DESKTOP-OFJ6N53", "TimeCreated": "2025-07-16 08:58:23.542604+00:00", "RecordID": "35318", "Level": "4", "UserID": "S-1-5-18", "EventData.DeviceInstanceId": "SWD\\PRINTENUM\\{B31E474A-6F84-4F14-9D6F-922AC093B4F6}", "EventData.DriverName": "printqueue.inf", "EventData.ClassGuid": "{1ed2bbf9-11f0-4084-b21f-ad83a8e6dcdc}", "EventData.DriverDate": "06/21/2006", "EventData.DriverVersion": "10.0.19041.1", "EventData.DriverProvider": "Microsoft", "EventData.DriverInbox": "True", "EventData.DriverSection": "NO_DRV_LOCAL", "EventData.DriverRank": "0x00000000", "EventData.MatchingDeviceId": "PRINTENUM\\LocalPrintQueue", "EventData.OutrankedDrivers": "c_swdevice.inf:SWD\\GenericRaw:00FF3001", "EventData.DeviceUpdated": "False", "EventData.Status": "0x00000000", "EventData.ParentDeviceInstanceId": "SWD\\PRINTENUM\\PrintQueues"}
{"EventID": "410", "Channel": "Microsoft-Windows-Kernel-PnP/Configuration", "Provider_Name": "Microsoft-Windows-Kernel-PnP", "Computer": "DESKTOP-OFJ6N53", "TimeCreated": "2025-07-16 08:58:23.545149+00:00", "RecordID": "35319", "Level": "4", "UserID": "S-1-5-18", "EventData.DeviceInstanceId": "SWD\\PRINTENUM\\{B31E474A-6F84-4F14-9D6F-922AC093B4F6}", "EventData.DriverName": "printqueue.inf", "EventData.ClassGuid": "{1ed2bbf9-11f0-4084-b21f-ad83a8e6dcdc}", "EventData.ServiceName": null, "EventData.LowerFilters": null, "EventData.UpperFilters": null, "EventData.Problem": "0x00000000", "EventData.Status": "0x00000000"}
{"EventID": "400", "Channel": "Microsoft-Windows-Kernel-PnP/Configuration", "Provider_Name": "Microsoft-Windows-Kernel-PnP", "Computer": "DESKTOP-OFJ6N53", "TimeCreated": "2025-07-16 08:58:25.754580+00:00", "RecordID": "35320", "Level": "4", "UserID": "S-1-5-18", "EventData.DeviceInstanceId": "SWD\\PRINTENUM\\{603A6010-914E-47F3-AC29-1B525F2DB243}", "EventData.DriverName": "printqueue.inf", "EventData.ClassGuid": "{1ed2bbf9-11f0-4084-b21f-ad83a8e6dcdc}", "EventData.DriverDate": "06/21/2006", "EventData.DriverVersion": "10.0.19041.1", "EventData.DriverProvider": "Microsoft", "EventData.DriverInbox": "True", "EventData.DriverSection": "NO_DRV_LOCAL", "EventData.DriverRank": "0x00000000", "EventData.MatchingDeviceId": "PRINTENUM\\LocalPrintQueue", "EventData.OutrankedDrivers": "c_swdevice.inf:SWD\\GenericRaw:00FF3001", "EventData.DeviceUpdated": "False", "EventData.Status": "0x00000000", "EventData.ParentDeviceInstanceId": "SWD\\PRINTENUM\\PrintQueues"}
{"EventID": "410", "Channel": "Microsoft-Windows-Kernel-PnP/Configuration", "Provider_Name": "Microsoft-Windows-Kernel-PnP", "Computer": "DESKTOP-OFJ6N53", "TimeCreated": "2025-07-16 08:58:25.757246+00:00", "RecordID": "35321", "Level": "4", "UserID": "S-1-5-18", "EventData.DeviceInstanceId": "SWD\\PRINTENUM\\{603A6010-914E-47F3-AC29-1B525F2DB243}", "EventData.DriverName": "printqueue.inf", "EventData.ClassGuid": "{1ed2bbf9-11f0-4084-b21f-ad83a8e6dcdc}", "EventData.ServiceName": null, "EventData.LowerFilters": null, "EventData.UpperFilters": null, "EventData.Problem": "0x00000000", "EventData.Status": "0x00000000"}
{"EventID": "420", "Channel": "Microsoft-Windows-Kernel-PnP/Configuration", "Provider_Name": "Microsoft-Windows-Kernel-PnP", "Computer": "DESKTOP-OFJ6N53", "TimeCreated": "2025-07-16 09:09:34.688187+00:00", "RecordID": "35322", "Level": "4", "UserID": "S-1-5-18", "EventData.DeviceInstanceId": "SWD\\SCDEVICEENUM\\2_WINDOWS_HELLO_FOR_BUSINESS_1", "EventData.ClassGuid": "{62f9c741-b25a-46ce-b54c-9bccce08b6f2}", "EventData.Problem": "0x0000002d", "EventData.Status": "0x00000000"}
{"EventID": "420", "Channel": "Microsoft-Windows-Kernel-PnP/Configuration", "Provider_Name": "Microsoft-Windows-Kernel-PnP", "Computer": "DESKTOP-OFJ6N53", "TimeCreated": "2025-07-16 09:09:34.773415+00:00", "RecordID": "35323", "Level": "4", "UserID": "S-1-5-18", "EventData.DeviceInstanceId": "SWD\\SCDEVICEENUM\\2_AKS_VR_0", "EventData.ClassGuid": "{62f9c741-b25a-46ce-b54c-9bccce08b6f2}", "EventData.Problem": "0x0000002d", "EventData.Status": "0x00000000"}
{"EventID": "420", "Channel": "Microsoft-Windows-Kernel-PnP/Configuration", "Provider_Name": "Microsoft-Windows-Kernel-PnP", "Computer": "DESKTOP-OFJ6N53", "TimeCreated": "2025-07-16 09:09:35.082207+00:00", "RecordID": "35324", "Level": "4", "UserID": "S-1-5-18", "EventData.DeviceInstanceId": "SWD\\SCDEVICEENUM\\2_AKS_IFDH_1", "EventData.ClassGuid": "{62f9c741-b25a-46ce-b54c-9bccce08b6f2}", "EventData.Problem": "0x0000002d", "EventData.Status": "0x00000000"}
{"EventID": "420", "Channel": "Microsoft-Windows-Kernel-PnP/Configuration", "Provider_Name": "Microsoft-Windows-Kernel-PnP", "Computer": "DESKTOP-OFJ6N53", "TimeCreated": "2025-07-16 09:09:35.117178+00:00", "RecordID": "35325", "Level": "4", "UserID": "S-1-5-18", "EventData.DeviceInstanceId": "SWD\\MMDEVAPI\\{3.0.0.00000002}.{6C26BA7D-F0B2-4225-B422-8168C5261E45}", "EventData.ClassGuid": "{c166523c-fe0c-4a94-a586-f1a80cfbbf3e}", "EventData.Problem": "0x00000000", "EventData.Status": "0x00000000"}
{"EventID": "420", "Channel": "Microsoft-Windows-Kernel-PnP/Configuration", "Provider_Name": "Microsoft-Windows-Kernel-PnP", "Computer": "DESKTOP-OFJ6N53", "TimeCreated": "2025-07-16 09:09:35.429094+00:00", "RecordID": "35326", "Level": "4", "UserID": "S-1-5-18", "EventData.DeviceInstanceId": "SWD\\SCDEVICEENUM\\2_AKS_IFDH_0", "EventData.ClassGuid": "{62f9c741-b25a-46ce-b54c-9bccce08b6f2}", "EventData.Problem": "0x0000002d", "EventData.Status": "0x00000000"}
{"EventID": "420", "Channel": "Microsoft-Windows-Kernel-PnP/Configuration", "Provider_Name": "Microsoft-Windows-Kernel-PnP", "Computer": "DESKTOP-OFJ6N53", "TimeCreated": "2025-07-16 09:09:35.747564+00:00", "RecordID": "35327", "Level": "4", "UserID": "S-1-5-18", "EventData.DeviceInstanceId": "SWD\\PRINTENUM\\{32E4E18C-7750-4ADF-AB2B-A6D8C40A22C7}", "EventData.ClassGuid": "{1ed2bbf9-11f0-4084-b21f-ad83a8e6dcdc}", "EventData.Problem": "0x0000002d", "EventData.Status": "0x00000000"}
{"EventID": "420", "Channel": "Microsoft-Windows-Kernel-PnP/Configuration", "Provider_Name": "Microsoft-Windows-Kernel-PnP", "Computer": "DESKTOP-OFJ6N53", "TimeCreated": "2025-07-16 09:09:36.025797+00:00", "RecordID": "35328", "Level": "4", "UserID": "S-1-5-18", "EventData.DeviceInstanceId": "SWD\\PRINTENUM\\{78542236-0B9E-45C9-A5EB-34B52101D001}", "EventData.ClassGuid": "{1ed2bbf9-11f0-4084-b21f-ad83a8e6dcdc}", "EventData.Problem": "0x0000002d", "EventData.Status": "0x00000000"}
{"EventID": "420", "Channel": "Microsoft-Windows-Kernel-PnP/Configuration", "Provider_Name": "Microsoft-Windows-Kernel-PnP", "Computer": "DESKTOP-OFJ6N53", "TimeCreated": "2025-07-16 09:09:36.131771+00:00", "RecordID": "35329", "Level": "4", "UserID": "S-1-5-18", "EventData.DeviceInstanceId": "SWD\\PRINTENUM\\{368B5D3D-ED1B-4093-8FDB-E479125CA99D}", "EventData.ClassGuid": "{1ed2bbf9-11f0-4084-b21f-ad83a8e6dcdc}", "EventData.Problem": "0x0000002d", "EventData.Status": "0x00000000"}
{"EventID": "420", "Channel": "Microsoft-Windows-Kernel-PnP/Configuration", "Provider_Name": "Microsoft-Windows-Kernel-PnP", "Computer": "DESKTOP-OFJ6N53", "TimeCreated": "2025-07-16 09:09:36.383484+00:00", "RecordID": "35330", "Level": "4", "UserID": "S-1-5-18", "EventData.DeviceInstanceId": "SWD\\PRINTENUM\\{BE9185BD-DAC8-4619-83FF-14C9AFF231C0}", "EventData.ClassGuid": "{1ed2bbf9-11f0-4084-b21f-ad83a8e6dcdc}", "EventData.Problem": "0x0000002d", "EventData.Status": "0x00000000"}
{"EventID": "420", "Channel": "Microsoft-Windows-Kernel-PnP/Configuration", "Provider_Name": "Microsoft-Windows-Kernel-PnP", "Computer": "DESKTOP-OFJ6N53", "TimeCreated": "2025-07-16 09:09:37.035793+00:00", "RecordID": "35331", "Level": "4", "UserID": "S-1-5-18", "EventData.DeviceInstanceId": "SWD\\PRINTENUM\\{9D5E4AD8-B698-4A48-BBBF-662198A975B6}", "EventData.ClassGuid": "{1ed2bbf9-11f0-4084-b21f-ad83a8e6dcdc}", "EventData.Problem": "0x0000002d", "EventData.Status": "0x00000000"}
{"EventID": "420", "Channel": "Microsoft-Windows-Kernel-PnP/Configuration", "Provider_Name": "Microsoft-Windows-Kernel-PnP", "Computer": "DESKTOP-OFJ6N53", "TimeCreated": "2025-07-16 09:09:37.332235+00:00", "RecordID": "35332", "Level": "4", "UserID": "S-1-5-18", "EventData.DeviceInstanceId": "SWD\\PRINTENUM\\{84FECB9A-2521-43AE-877C-BC7A0068BE88}", "EventData.ClassGuid": "{1ed2bbf9-11f0-4084-b21f-ad83a8e6dcdc}", "EventData.Problem": "0x0000002d", "EventData.Status": "0x00000000"}
{"EventID": "420", "Channel": "Microsoft-Windows-Kernel-PnP/Configuration", "Provider_Name": "Microsoft-Windows-Kernel-PnP", "Computer": "DESKTOP-OFJ6N53", "TimeCreated": "2025-07-16 09:09:37.633677+00:00", "RecordID": "35333", "Level": "4", "UserID": "S-1-5-18", "EventData.DeviceInstanceId": "SWD\\PRINTENUM\\{F51ACD1F-337D-40C9-8846-B35D229DA7AF}", "EventData.ClassGuid": "{1ed2bbf9-11f0-4084-b21f-ad83a8e6dcdc}", "EventData.Problem": "0x0000002d", "EventData.Status": "0x00000000"}
{"EventID": "420", "Channel": "Microsoft-Windows-Kernel-PnP/Configuration", "Provider_Name": "Microsoft-Windows-Kernel-PnP", "Computer": "DESKTOP-OFJ6N53", "TimeCreated": "2025-07-16 09:09:37.749882+00:00", "RecordID": "35334", "Level": "4", "UserID": "S-1-5-18", "EventData.DeviceInstanceId": "SWD\\PRINTENUM\\{D0A5072B-CD36-4757-9AF9-D719385A14D6}", "EventData.ClassGuid": "{1ed2bbf9-11f0-4084-b21f-ad83a8e6dcdc}", "EventData.Problem": "0x0000002d", "EventData.Status": "0x00000000"}
{"EventID": "420", "Channel": "Microsoft-Windows-Kernel-PnP/Configuration", "Provider_Name": "Microsoft-Windows-Kernel-PnP", "Computer": "DESKTOP-OFJ6N53", "TimeCreated": "2025-07-16 09:09:37.951164+00:00", "RecordID": "35335", "Level": "4", "UserID": "S-1-5-18", "EventData.DeviceInstanceId": "SWD\\PRINTENUM\\{4C739F1A-3941-4764-BAB4-91A5C9BBBA4E}", "EventData.ClassGuid": "{1ed2bbf9-11f0-4084-b21f-ad83a8e6dcdc}", "EventData.Problem": "0x0000002d", "EventData.Status": "0x00000000"}
{"EventID": "420", "Channel": "Microsoft-Windows-Kernel-PnP/Configuration", "Provider_Name": "Microsoft-Windows-Kernel-PnP", "Computer": "DESKTOP-OFJ6N53", "TimeCreated": "2025-07-16 09:09:38.063314+00:00", "RecordID": "35336", "Level": "4", "UserID": "S-1-5-18", "EventData.DeviceInstanceId": "SWD\\PRINTENUM\\{B31E474A-6F84-4F14-9D6F-922AC093B4F6}", "EventData.ClassGuid": "{1ed2bbf9-11f0-4084-b21f-ad83a8e6dcdc}", "EventData.Problem": "0x0000002d", "EventData.Status": "0x00000000"}
{"EventID": "420", "Channel": "Microsoft-Windows-Kernel-PnP/Configuration", "Provider_Name": "Microsoft-Windows-Kernel-PnP", "Computer": "DESKTOP-OFJ6N53", "TimeCreated": "2025-07-16 09:09:38.251623+00:00", "RecordID": "35337", "Level": "4", "UserID": "S-1-5-18", "EventData.DeviceInstanceId": "SWD\\PRINTENUM\\{603A6010-914E-47F3-AC29-1B525F2DB243}", "EventData.ClassGuid": "{1ed2bbf9-11f0-4084-b21f-ad83a8e6dcdc}", "EventData.Problem": "0x0000002d", "EventData.Status": "0x00000000"}
{"EventID": "400", "Channel": "Microsoft-Windows-Kernel-PnP/Configuration", "Provider_Name": "Microsoft-Windows-Kernel-PnP", "Computer": "DESKTOP-OFJ6N53", "TimeCreated": "2025-07-16 09:09:54.694565+00:00", "RecordID": "35338", "Level": "4", "UserID": "S-1-5-18", "EventData.DeviceInstanceId": "SWD\\MMDEVAPI\\{3.0.0.00000002}.{6C26BA7D-F0B2-4225-B422-8168C5261E45}", "EventData.DriverName": "audioendpoint.inf", "EventData.ClassGuid": "{c166523c-fe0c-4a94-a586-f1a80cfbbf3e}", "EventData.DriverDate": "12/06/2019", "EventData.DriverVersion": "10.0.19041.1", "EventData.DriverProvider": "Microsoft", "EventData.DriverInbox": "True", "EventData.DriverSection": "NO_DRV", "EventData.DriverRank": "0x00ff0000", "EventData.MatchingDeviceId": "MMDEVAPI\\AudioEndpoints", "EventData.OutrankedDrivers": "c_swdevice.inf:SWD\\GenericRaw:00FF3001", "EventData.DeviceUpdated": "False", "EventData.Status": "0x00000000", "EventData.ParentDeviceInstanceId": "HTREE\\ROOT\\0"}
{"EventID": "410", "Channel": "Microsoft-Windows-Kernel-PnP/Configuration", "Provider_Name": "Microsoft-Windows-Kernel-PnP", "Computer": "DESKTOP-OFJ6N53", "TimeCreated": "2025-07-16 09:09:54.696362+00:00", "RecordID": "35339", "Level": "4", "UserID": "S-1-5-18", "EventData.DeviceInstanceId": "SWD\\MMDEVAPI\\{3.0.0.00000002}.{6C26BA7D-F0B2-4225-B422-8168C5261E45}", "EventData.DriverName": "audioendpoint.inf", "EventData.ClassGuid": "{c166523c-fe0c-4a94-a586-f1a80cfbbf3e}", "EventData.ServiceName": null, "EventData.LowerFilters": null, "EventData.UpperFilters": null, "EventData.Problem": "0x00000000", "EventData.Status": "0x00000000"}
{"EventID": "400", "Channel": "Microsoft-Windows-Kernel-PnP/Configuration", "Provider_Name": "Microsoft-Windows-Kernel-PnP", "Computer": "DESKTOP-OFJ6N53", "TimeCreated": "2025-07-16 09:09:57.315456+00:00", "RecordID": "35340", "Level": "4", "UserID": "S-1-5-18", "EventData.DeviceInstanceId": "SWD\\ScDeviceEnum\\2_Windows_Hello_for_Business_1", "EventData.DriverName": "c_swdevice.inf", "EventData.ClassGuid": "{62f9c741-b25a-46ce-b54c-9bccce08b6f2}", "EventData.DriverDate": "06/21/2006", "EventData.DriverVersion": "10.0.19041.1", "EventData.DriverProvider": "Microsoft", "EventData.DriverInbox": "True", "EventData.DriverSection": "SoftwareDevice", "EventData.DriverRank": "0x00ff3000", "EventData.MatchingDeviceId": "SWD\\GenericRaw", "EventData.OutrankedDrivers": null, "EventData.DeviceUpdated": "False", "EventData.Status": "0x00000000", "EventData.ParentDeviceInstanceId": "SWD\\ScDeviceEnumBus\\0"}
{"EventID": "410", "Channel": "Microsoft-Windows-Kernel-PnP/Configuration", "Provider_Name": "Microsoft-Windows-Kernel-PnP", "Computer": "DESKTOP-OFJ6N53", "TimeCreated": "2025-07-16 09:09:57.316626+00:00", "RecordID": "35341", "Level": "4", "UserID": "S-1-5-18", "EventData.DeviceInstanceId": "SWD\\ScDeviceEnum\\2_Windows_Hello_for_Business_1", "EventData.DriverName": "c_swdevice.inf", "EventData.ClassGuid": "{62f9c741-b25a-46ce-b54c-9bccce08b6f2}", "EventData.ServiceName": null, "EventData.LowerFilters": null, "EventData.UpperFilters": null, "EventData.Problem": "0x00000000", "EventData.Status": "0x00000000"}
{"EventID": "400", "Channel": "Microsoft-Windows-Kernel-PnP/Configuration", "Provider_Name": "Microsoft-Windows-Kernel-PnP", "Computer": "DESKTOP-OFJ6N53", "TimeCreated": "2025-07-16 09:09:58.240204+00:00", "RecordID": "35342", "Level": "4", "UserID": "S-1-5-18", "EventData.DeviceInstanceId": "SWD\\ScDeviceEnum\\2_AKS_VR_0", "EventData.DriverName": "c_swdevice.inf", "EventData.ClassGuid": "{62f9c741-b25a-46ce-b54c-9bccce08b6f2}", "EventData.DriverDate": "06/21/2006", "EventData.DriverVersion": "10.0.19041.1", "EventData.DriverProvider": "Microsoft", "EventData.DriverInbox": "True", "EventData.DriverSection": "SoftwareDevice", "EventData.DriverRank": "0x00ff3000", "EventData.MatchingDeviceId": "SWD\\GenericRaw", "EventData.OutrankedDrivers": null, "EventData.DeviceUpdated": "False", "EventData.Status": "0x00000000", "EventData.ParentDeviceInstanceId": "SWD\\ScDeviceEnumBus\\0"}
{"EventID": "410", "Channel": "Microsoft-Windows-Kernel-PnP/Configuration", "Provider_Name": "Microsoft-Windows-Kernel-PnP", "Computer": "DESKTOP-OFJ6N53", "TimeCreated": "2025-07-16 09:09:58.241076+00:00", "RecordID": "35343", "Level": "4", "UserID": "S-1-5-18", "EventData.DeviceInstanceId": "SWD\\ScDeviceEnum\\2_AKS_VR_0", "EventData.DriverName": "c_swdevice.inf", "EventData.ClassGuid": "{62f9c741-b25a-46ce-b54c-9bccce08b6f2}", "EventData.ServiceName": null, "EventData.LowerFilters": null, "EventData.UpperFilters": null, "EventData.Problem": "0x00000000", "EventData.Status": "0x00000000"}
{"EventID": "400", "Channel": "Microsoft-Windows-Kernel-PnP/Configuration", "Provider_Name": "Microsoft-Windows-Kernel-PnP", "Computer": "DESKTOP-OFJ6N53", "TimeCreated": "2025-07-16 09:09:58.995178+00:00", "RecordID": "35344", "Level": "4", "UserID": "S-1-5-18", "EventData.DeviceInstanceId": "SWD\\ScDeviceEnum\\2_AKS_ifdh_1", "EventData.DriverName": "c_swdevice.inf", "EventData.ClassGuid": "{62f9c741-b25a-46ce-b54c-9bccce08b6f2}", "EventData.DriverDate": "06/21/2006", "EventData.DriverVersion": "10.0.19041.1", "EventData.DriverProvider": "Microsoft", "EventData.DriverInbox": "True", "EventData.DriverSection": "SoftwareDevice", "EventData.DriverRank": "0x00ff3000", "EventData.MatchingDeviceId": "SWD\\GenericRaw", "EventData.OutrankedDrivers": null, "EventData.DeviceUpdated": "False", "EventData.Status": "0x00000000", "EventData.ParentDeviceInstanceId": "SWD\\ScDeviceEnumBus\\0"}
{"EventID": "410", "Channel": "Microsoft-Windows-Kernel-PnP/Configuration", "Provider_Name": "Microsoft-Windows-Kernel-PnP", "Computer": "DESKTOP-OFJ6N53", "TimeCreated": "2025-07-16 09:09:58.996176+00:00", "RecordID": "35345", "Level": "4", "UserID": "S-1-5-18", "EventData.DeviceInstanceId": "SWD\\ScDeviceEnum\\2_AKS_ifdh_1", "EventData.DriverName": "c_swdevice.inf", "EventData.ClassGuid": "{62f9c741-b25a-46ce-b54c-9bccce08b6f2}", "EventData.ServiceName": null, "EventData.LowerFilters": null, "EventData.UpperFilters": null, "EventData.Problem": "0x00000000", "EventData.Status": "0x00000000"}
