{"EventID": "0", "Channel": "Microsoft-Windows-Hyper-V-VmSwitch-Operational", "Provider_Name": "Microsoft-Windows-Hyper-V-VmSwitch", "Computer": "DESKTOP-OFJ6N53", "TimeCreated": "2025-04-02 10:11:53.734760+00:00", "RecordID": "4776", "Level": "5", "UserID": "S-1-5-18", "EventData.ioctlCode": "0x0000081f", "EventData.delta (100 ns)": "70", "EventData.ntStatus": "0"}
{"EventID": "0", "Channel": "Microsoft-Windows-Hyper-V-VmSwitch-Operational", "Provider_Name": "Microsoft-Windows-Hyper-V-VmSwitch", "Computer": "DESKTOP-OFJ6N53", "TimeCreated": "2025-04-02 10:11:53.734802+00:00", "RecordID": "4777", "Level": "5", "UserID": "S-1-5-18", "EventData.ioctlCode": "0x00000d15"}
{"EventID": "0", "Channel": "Microsoft-Windows-Hyper-V-VmSwitch-Operational", "Provider_Name": "Microsoft-Windows-Hyper-V-VmSwitch", "Computer": "DESKTOP-OFJ6N53", "TimeCreated": "2025-04-02 10:11:53.734806+00:00", "RecordID": "4778", "Level": "5", "UserID": "S-1-5-18", "EventData.ioctlCode": "0x00000d15", "EventData.delta (100 ns)": "30", "EventData.ntStatus": "2147483653"}
{"EventID": "0", "Channel": "Microsoft-Windows-Hyper-V-VmSwitch-Operational", "Provider_Name": "Microsoft-Windows-Hyper-V-VmSwitch", "Computer": "DESKTOP-OFJ6N53", "TimeCreated": "2025-04-02 10:11:53.734810+00:00", "RecordID": "4779", "Level": "5", "UserID": "S-1-5-18", "EventData.ioctlCode": "0x00000d15"}
{"EventID": "0", "Channel": "Microsoft-Windows-Hyper-V-VmSwitch-Operational", "Provider_Name": "Microsoft-Windows-Hyper-V-VmSwitch", "Computer": "DESKTOP-OFJ6N53", "TimeCreated": "2025-04-02 10:11:53.734812+00:00", "RecordID": "4780", "Level": "5", "UserID": "S-1-5-18", "EventData.ioctlCode": "0x00000d15", "EventData.delta (100 ns)": "25", "EventData.ntStatus": "0"}
{"EventID": "0", "Channel": "Microsoft-Windows-Hyper-V-VmSwitch-Operational", "Provider_Name": "Microsoft-Windows-Hyper-V-VmSwitch", "Computer": "DESKTOP-OFJ6N53", "TimeCreated": "2025-04-02 10:11:53.811501+00:00", "RecordID": "4781", "Level": "5", "UserID": "S-1-5-18", "EventData.ioctlCode": "0x0000081f"}
{"EventID": "0", "Channel": "Microsoft-Windows-Hyper-V-VmSwitch-Operational", "Provider_Name": "Microsoft-Windows-Hyper-V-VmSwitch", "Computer": "DESKTOP-OFJ6N53", "TimeCreated": "2025-04-02 10:11:53.811508+00:00", "RecordID": "4782", "Level": "5", "UserID": "S-1-5-18", "EventData.ioctlCode": "0x0000081f", "EventData.delta (100 ns)": "100", "EventData.ntStatus": "0"}
{"EventID": "0", "Channel": "Microsoft-Windows-Hyper-V-VmSwitch-Operational", "Provider_Name": "Microsoft-Windows-Hyper-V-VmSwitch", "Computer": "DESKTOP-OFJ6N53", "TimeCreated": "2025-04-02 10:11:54.230169+00:00", "RecordID": "4783", "Level": "5", "UserID": "S-1-5-18", "EventData.ioctlCode": "0x0000081f"}
{"EventID": "0", "Channel": "Microsoft-Windows-Hyper-V-VmSwitch-Operational", "Provider_Name": "Microsoft-Windows-Hyper-V-VmSwitch", "Computer": "DESKTOP-OFJ6N53", "TimeCreated": "2025-04-02 10:11:54.230177+00:00", "RecordID": "4784", "Level": "5", "UserID": "S-1-5-18", "EventData.ioctlCode": "0x0000081f", "EventData.delta (100 ns)": "96", "EventData.ntStatus": "0"}
{"EventID": "0", "Channel": "Microsoft-Windows-Hyper-V-VmSwitch-Operational", "Provider_Name": "Microsoft-Windows-Hyper-V-VmSwitch", "Computer": "DESKTOP-OFJ6N53", "TimeCreated": "2025-04-02 10:11:54.231033+00:00", "RecordID": "4785", "Level": "5", "UserID": "S-1-5-18", "EventData.ioctlCode": "0x00000d12"}
{"EventID": "0", "Channel": "Microsoft-Windows-Hyper-V-VmSwitch-Operational", "Provider_Name": "Microsoft-Windows-Hyper-V-VmSwitch", "Computer": "DESKTOP-OFJ6N53", "TimeCreated": "2025-04-02 10:11:54.231045+00:00", "RecordID": "4786", "Level": "5", "UserID": "S-1-5-18", "EventData.ioctlCode": "0x00000d12", "EventData.delta (100 ns)": "127", "EventData.ntStatus": "2147483653"}
{"EventID": "0", "Channel": "Microsoft-Windows-Hyper-V-VmSwitch-Operational", "Provider_Name": "Microsoft-Windows-Hyper-V-VmSwitch", "Computer": "DESKTOP-OFJ6N53", "TimeCreated": "2025-04-02 10:11:54.231050+00:00", "RecordID": "4787", "Level": "5", "UserID": "S-1-5-18", "EventData.ioctlCode": "0x00000d12"}
{"EventID": "0", "Channel": "Microsoft-Windows-Hyper-V-VmSwitch-Operational", "Provider_Name": "Microsoft-Windows-Hyper-V-VmSwitch", "Computer": "DESKTOP-OFJ6N53", "TimeCreated": "2025-04-02 10:11:54.231075+00:00", "RecordID": "4788", "Level": "5", "UserID": "S-1-5-18", "EventData.ioctlCode": "0x00000d12", "EventData.delta (100 ns)": "241", "EventData.ntStatus": "3221225524"}
{"EventID": "0", "Channel": "Microsoft-Windows-Hyper-V-VmSwitch-Operational", "Provider_Name": "Microsoft-Windows-Hyper-V-VmSwitch", "Computer": "DESKTOP-OFJ6N53", "TimeCreated": "2025-04-02 10:11:54.238583+00:00", "RecordID": "4789", "Level": "5", "UserID": "S-1-5-18", "EventData.ioctlCode": "0x0000081f"}
{"EventID": "0", "Channel": "Microsoft-Windows-Hyper-V-VmSwitch-Operational", "Provider_Name": "Microsoft-Windows-Hyper-V-VmSwitch", "Computer": "DESKTOP-OFJ6N53", "TimeCreated": "2025-04-02 10:11:54.238588+00:00", "RecordID": "4790", "Level": "5", "UserID": "S-1-5-18", "EventData.ioctlCode": "0x0000081f", "EventData.delta (100 ns)": "71", "EventData.ntStatus": "0"}
{"EventID": "0", "Channel": "Microsoft-Windows-Hyper-V-VmSwitch-Operational", "Provider_Name": "Microsoft-Windows-Hyper-V-VmSwitch", "Computer": "DESKTOP-OFJ6N53", "TimeCreated": "2025-04-02 10:11:54.238756+00:00", "RecordID": "4791", "Level": "5", "UserID": "S-1-5-18", "EventData.ioctlCode": "0x0000081f"}
{"EventID": "0", "Channel": "Microsoft-Windows-Hyper-V-VmSwitch-Operational", "Provider_Name": "Microsoft-Windows-Hyper-V-VmSwitch", "Computer": "DESKTOP-OFJ6N53", "TimeCreated": "2025-04-02 10:11:54.238758+00:00", "RecordID": "4792", "Level": "5", "UserID": "S-1-5-18", "EventData.ioctlCode": "0x0000081f", "EventData.delta (100 ns)": "32", "EventData.ntStatus": "0"}
{"EventID": "0", "Channel": "Microsoft-Windows-Hyper-V-VmSwitch-Operational", "Provider_Name": "Microsoft-Windows-Hyper-V-VmSwitch", "Computer": "DESKTOP-OFJ6N53", "TimeCreated": "2025-04-02 10:11:54.238785+00:00", "RecordID": "4793", "Level": "5", "UserID": "S-1-5-18", "EventData.ioctlCode": "0x00000d35"}
{"EventID": "0", "Channel": "Microsoft-Windows-Hyper-V-VmSwitch-Operational", "Provider_Name": "Microsoft-Windows-Hyper-V-VmSwitch", "Computer": "DESKTOP-OFJ6N53", "TimeCreated": "2025-04-02 10:11:54.238787+00:00", "RecordID": "4794", "Level": "5", "UserID": "S-1-5-18", "EventData.ioctlCode": "0x00000d35", "EventData.delta (100 ns)": "28", "EventData.ntStatus": "2147483653"}
{"EventID": "0", "Channel": "Microsoft-Windows-Hyper-V-VmSwitch-Operational", "Provider_Name": "Microsoft-Windows-Hyper-V-VmSwitch", "Computer": "DESKTOP-OFJ6N53", "TimeCreated": "2025-04-02 10:11:54.238791+00:00", "RecordID": "4795", "Level": "5", "UserID": "S-1-5-18", "EventData.ioctlCode": "0x00000d35"}
{"EventID": "0", "Channel": "Microsoft-Windows-Hyper-V-VmSwitch-Operational", "Provider_Name": "Microsoft-Windows-Hyper-V-VmSwitch", "Computer": "DESKTOP-OFJ6N53", "TimeCreated": "2025-04-02 10:11:54.238792+00:00", "RecordID": "4796", "Level": "5", "UserID": "S-1-5-18", "EventData.ioctlCode": "0x00000d35", "EventData.delta (100 ns)": "28", "EventData.ntStatus": "0"}
{"EventID": "0", "Channel": "Microsoft-Windows-Hyper-V-VmSwitch-Operational", "Provider_Name": "Microsoft-Windows-Hyper-V-VmSwitch", "Computer": "DESKTOP-OFJ6N53", "TimeCreated": "2025-04-02 10:11:54.341349+00:00", "RecordID": "4797", "Level": "5", "UserID": "S-1-5-18", "EventData.ioctlCode": "0x0000081f"}
{"EventID": "0", "Channel": "Microsoft-Windows-Hyper-V-VmSwitch-Operational", "Provider_Name": "Microsoft-Windows-Hyper-V-VmSwitch", "Computer": "DESKTOP-OFJ6N53", "TimeCreated": "2025-04-02 10:11:54.341358+00:00", "RecordID": "4798", "Level": "5", "UserID": "S-1-5-18", "EventData.ioctlCode": "0x0000081f", "EventData.delta (100 ns)": "109", "EventData.ntStatus": "0"}
{"EventID": "0", "Channel": "Microsoft-Windows-Hyper-V-VmSwitch-Operational", "Provider_Name": "Microsoft-Windows-Hyper-V-VmSwitch", "Computer": "DESKTOP-OFJ6N53", "TimeCreated": "2025-04-02 10:11:55.045494+00:00", "RecordID": "4799", "Level": "5", "UserID": "S-1-5-18", "EventData.ioctlCode": "0x0000081f"}
{"EventID": "0", "Channel": "Microsoft-Windows-Hyper-V-VmSwitch-Operational", "Provider_Name": "Microsoft-Windows-Hyper-V-VmSwitch", "Computer": "DESKTOP-OFJ6N53", "TimeCreated": "2025-04-02 10:11:55.045500+00:00", "RecordID": "4800", "Level": "5", "UserID": "S-1-5-18", "EventData.ioctlCode": "0x0000081f", "EventData.delta (100 ns)": "94", "EventData.ntStatus": "0"}
{"EventID": "0", "Channel": "Microsoft-Windows-Hyper-V-VmSwitch-Operational", "Provider_Name": "Microsoft-Windows-Hyper-V-VmSwitch", "Computer": "DESKTOP-OFJ6N53", "TimeCreated": "2025-04-02 10:11:55.045540+00:00", "RecordID": "4801", "Level": "5", "UserID": "S-1-5-18", "EventData.ioctlCode": "0x00000d35"}
{"EventID": "0", "Channel": "Microsoft-Windows-Hyper-V-VmSwitch-Operational", "Provider_Name": "Microsoft-Windows-Hyper-V-VmSwitch", "Computer": "DESKTOP-OFJ6N53", "TimeCreated": "2025-04-02 10:11:55.045544+00:00", "RecordID": "4802", "Level": "5", "UserID": "S-1-5-18", "EventData.ioctlCode": "0x00000d35", "EventData.delta (100 ns)": "34", "EventData.ntStatus": "2147483653"}
{"EventID": "0", "Channel": "Microsoft-Windows-Hyper-V-VmSwitch-Operational", "Provider_Name": "Microsoft-Windows-Hyper-V-VmSwitch", "Computer": "DESKTOP-OFJ6N53", "TimeCreated": "2025-04-02 10:11:55.045547+00:00", "RecordID": "4803", "Level": "5", "UserID": "S-1-5-18", "EventData.ioctlCode": "0x00000d35"}
{"EventID": "0", "Channel": "Microsoft-Windows-Hyper-V-VmSwitch-Operational", "Provider_Name": "Microsoft-Windows-Hyper-V-VmSwitch", "Computer": "DESKTOP-OFJ6N53", "TimeCreated": "2025-04-02 10:11:55.045549+00:00", "RecordID": "4804", "Level": "5", "UserID": "S-1-5-18", "EventData.ioctlCode": "0x00000d35", "EventData.delta (100 ns)": "30", "EventData.ntStatus": "0"}
{"EventID": "0", "Channel": "Microsoft-Windows-Hyper-V-VmSwitch-Operational", "Provider_Name": "Microsoft-Windows-Hyper-V-VmSwitch", "Computer": "DESKTOP-OFJ6N53", "TimeCreated": "2025-04-02 10:11:55.176790+00:00", "RecordID": "4805", "Level": "5", "UserID": "S-1-5-18", "EventData.ioctlCode": "0x0000081f"}
{"EventID": "0", "Channel": "Microsoft-Windows-Hyper-V-VmSwitch-Operational", "Provider_Name": "Microsoft-Windows-Hyper-V-VmSwitch", "Computer": "DESKTOP-OFJ6N53", "TimeCreated": "2025-04-02 10:11:55.176796+00:00", "RecordID": "4806", "Level": "5", "UserID": "S-1-5-18", "EventData.ioctlCode": "0x0000081f", "EventData.delta (100 ns)": "96", "EventData.ntStatus": "0"}
{"EventID": "0", "Channel": "Microsoft-Windows-Hyper-V-VmSwitch-Operational", "Provider_Name": "Microsoft-Windows-Hyper-V-VmSwitch", "Computer": "DESKTOP-OFJ6N53", "TimeCreated": "2025-04-02 10:11:55.362850+00:00", "RecordID": "4807", "Level": "5", "UserID": "S-1-5-18", "EventData.ioctlCode": "0x0000081f"}
{"EventID": "0", "Channel": "Microsoft-Windows-Hyper-V-VmSwitch-Operational", "Provider_Name": "Microsoft-Windows-Hyper-V-VmSwitch", "Computer": "DESKTOP-OFJ6N53", "TimeCreated": "2025-04-02 10:11:55.362858+00:00", "RecordID": "4808", "Level": "5", "UserID": "S-1-5-18", "EventData.ioctlCode": "0x0000081f", "EventData.delta (100 ns)": "73", "EventData.ntStatus": "0"}
{"EventID": "0", "Channel": "Microsoft-Windows-Hyper-V-VmSwitch-Operational", "Provider_Name": "Microsoft-Windows-Hyper-V-VmSwitch", "Computer": "DESKTOP-OFJ6N53", "TimeCreated": "2025-04-02 10:11:55.362904+00:00", "RecordID": "4809", "Level": "5", "UserID": "S-1-5-18", "EventData.ioctlCode": "0x00000d15"}
{"EventID": "0", "Channel": "Microsoft-Windows-Hyper-V-VmSwitch-Operational", "Provider_Name": "Microsoft-Windows-Hyper-V-VmSwitch", "Computer": "DESKTOP-OFJ6N53", "TimeCreated": "2025-04-02 10:11:55.362907+00:00", "RecordID": "4810", "Level": "5", "UserID": "S-1-5-18", "EventData.ioctlCode": "0x00000d15", "EventData.delta (100 ns)": "51", "EventData.ntStatus": "2147483653"}
{"EventID": "0", "Channel": "Microsoft-Windows-Hyper-V-VmSwitch-Operational", "Provider_Name": "Microsoft-Windows-Hyper-V-VmSwitch", "Computer": "DESKTOP-OFJ6N53", "TimeCreated": "2025-04-02 10:11:55.362913+00:00", "RecordID": "4811", "Level": "5", "UserID": "S-1-5-18", "EventData.ioctlCode": "0x00000d15"}
{"EventID": "0", "Channel": "Microsoft-Windows-Hyper-V-VmSwitch-Operational", "Provider_Name": "Microsoft-Windows-Hyper-V-VmSwitch", "Computer": "DESKTOP-OFJ6N53", "TimeCreated": "2025-04-02 10:11:55.362917+00:00", "RecordID": "4812", "Level": "5", "UserID": "S-1-5-18", "EventData.ioctlCode": "0x00000d15", "EventData.delta (100 ns)": "33", "EventData.ntStatus": "0"}
{"EventID": "0", "Channel": "Microsoft-Windows-Hyper-V-VmSwitch-Operational", "Provider_Name": "Microsoft-Windows-Hyper-V-VmSwitch", "Computer": "DESKTOP-OFJ6N53", "TimeCreated": "2025-04-02 10:16:18.272190+00:00", "RecordID": "4813", "Level": "4", "UserID": "S-1-5-18", "EventData.State": "Started Loading", "EventData.Function": "DriverEntry"}
{"EventID": "0", "Channel": "Microsoft-Windows-Hyper-V-VmSwitch-Operational", "Provider_Name": "Microsoft-Windows-Hyper-V-VmSwitch", "Computer": "DESKTOP-OFJ6N53", "TimeCreated": "2025-04-02 10:16:18.273689+00:00", "RecordID": "4814", "Level": "4", "UserID": "S-1-5-18", "EventData.State": "Installed and Started.", "EventData.Function": "DriverEntry", "EventData.delta (100 ns)": "21363", "EventData.Status": "0"}
{"EventID": "0", "Channel": "Microsoft-Windows-Hyper-V-VmSwitch-Operational", "Provider_Name": "Microsoft-Windows-Hyper-V-VmSwitch", "Computer": "DESKTOP-OFJ6N53", "TimeCreated": "2025-04-02 10:16:18.276001+00:00", "RecordID": "4815", "Level": "4", "UserID": "S-1-5-18", "EventData.netPnpEvent": "NetEventBindsComplete", "EventData.nicName_Length": "0", "EventData.nicName": null, "EventData.nicFriendlyName_Length": "0", "EventData.nicFriendlyName": null, "EventData.switchName_Length": "0", "EventData.switchName": null, "EventData.switchFriendlyName_Length": "0", "EventData.switchFriendlyName": null}
{"EventID": "0", "Channel": "Microsoft-Windows-Hyper-V-VmSwitch-Operational", "Provider_Name": "Microsoft-Windows-Hyper-V-VmSwitch", "Computer": "DESKTOP-OFJ6N53", "TimeCreated": "2025-04-02 10:16:18.276003+00:00", "RecordID": "4816", "Level": "4", "UserID": "S-1-5-18", "EventData.netPnpEvent": "NetEventBindsComplete", "EventData.nicName_Length": "0", "EventData.nicName": null, "EventData.nicFriendlyName_Length": "0", "EventData.nicFriendlyName": null, "EventData.switchName_Length": "0", "EventData.switchName": null, "EventData.switchFriendlyName_Length": "0", "EventData.switchFriendlyName": null, "EventData.delta (100 ns)": "45", "EventData.Status": "0"}
{"EventID": "0", "Channel": "Microsoft-Windows-Hyper-V-VmSwitch-Operational", "Provider_Name": "Microsoft-Windows-Hyper-V-VmSwitch", "Computer": "DESKTOP-OFJ6N53", "TimeCreated": "2025-04-02 10:16:18.276011+00:00", "RecordID": "4817", "Level": "4", "UserID": "S-1-5-18", "EventData.netPnpEvent": "NetEventBindsComplete", "EventData.switchName_Length": "0", "EventData.switchName": null, "EventData.switchFriendlyName_Length": "0", "EventData.switchFriendlyName": null}
{"EventID": "0", "Channel": "Microsoft-Windows-Hyper-V-VmSwitch-Operational", "Provider_Name": "Microsoft-Windows-Hyper-V-VmSwitch", "Computer": "DESKTOP-OFJ6N53", "TimeCreated": "2025-04-02 10:16:18.276012+00:00", "RecordID": "4818", "Level": "4", "UserID": "S-1-5-18", "EventData.netPnpEvent": "NetEventBindsComplete", "EventData.switchName_Length": "0", "EventData.switchName": null, "EventData.switchFriendlyName_Length": "0", "EventData.switchFriendlyName": null, "EventData.delta (100 ns)": "24", "EventData.Status": "0"}
{"EventID": "0", "Channel": "Microsoft-Windows-Hyper-V-VmSwitch-Operational", "Provider_Name": "Microsoft-Windows-Hyper-V-VmSwitch", "Computer": "DESKTOP-OFJ6N53", "TimeCreated": "2025-04-02 10:16:18.535633+00:00", "RecordID": "4819", "Level": "5", "UserID": "S-1-5-18", "EventData.ioctlCode": "0x0000081f"}
{"EventID": "0", "Channel": "Microsoft-Windows-Hyper-V-VmSwitch-Operational", "Provider_Name": "Microsoft-Windows-Hyper-V-VmSwitch", "Computer": "DESKTOP-OFJ6N53", "TimeCreated": "2025-04-02 10:16:18.535639+00:00", "RecordID": "4820", "Level": "5", "UserID": "S-1-5-18", "EventData.ioctlCode": "0x0000081f", "EventData.delta (100 ns)": "91", "EventData.ntStatus": "0"}
{"EventID": "0", "Channel": "Microsoft-Windows-Hyper-V-VmSwitch-Operational", "Provider_Name": "Microsoft-Windows-Hyper-V-VmSwitch", "Computer": "DESKTOP-OFJ6N53", "TimeCreated": "2025-04-02 10:16:18.609970+00:00", "RecordID": "4821", "Level": "5", "UserID": "S-1-5-18", "EventData.ioctlCode": "0x0000081f"}
{"EventID": "0", "Channel": "Microsoft-Windows-Hyper-V-VmSwitch-Operational", "Provider_Name": "Microsoft-Windows-Hyper-V-VmSwitch", "Computer": "DESKTOP-OFJ6N53", "TimeCreated": "2025-04-02 10:16:18.609978+00:00", "RecordID": "4822", "Level": "5", "UserID": "S-1-5-18", "EventData.ioctlCode": "0x0000081f", "EventData.delta (100 ns)": "88", "EventData.ntStatus": "0"}
{"EventID": "0", "Channel": "Microsoft-Windows-Hyper-V-VmSwitch-Operational", "Provider_Name": "Microsoft-Windows-Hyper-V-VmSwitch", "Computer": "DESKTOP-OFJ6N53", "TimeCreated": "2025-04-02 10:16:18.610027+00:00", "RecordID": "4823", "Level": "5", "UserID": "S-1-5-18", "EventData.ioctlCode": "0x00000d35"}
{"EventID": "0", "Channel": "Microsoft-Windows-Hyper-V-VmSwitch-Operational", "Provider_Name": "Microsoft-Windows-Hyper-V-VmSwitch", "Computer": "DESKTOP-OFJ6N53", "TimeCreated": "2025-04-02 10:16:18.610031+00:00", "RecordID": "4824", "Level": "5", "UserID": "S-1-5-18", "EventData.ioctlCode": "0x00000d35", "EventData.delta (100 ns)": "32", "EventData.ntStatus": "2147483653"}
{"EventID": "0", "Channel": "Microsoft-Windows-Hyper-V-VmSwitch-Operational", "Provider_Name": "Microsoft-Windows-Hyper-V-VmSwitch", "Computer": "DESKTOP-OFJ6N53", "TimeCreated": "2025-04-02 10:16:18.610035+00:00", "RecordID": "4825", "Level": "5", "UserID": "S-1-5-18", "EventData.ioctlCode": "0x00000d35"}
{"EventID": "0", "Channel": "Microsoft-Windows-Hyper-V-VmSwitch-Operational", "Provider_Name": "Microsoft-Windows-Hyper-V-VmSwitch", "Computer": "DESKTOP-OFJ6N53", "TimeCreated": "2025-04-02 10:16:18.610037+00:00", "RecordID": "4826", "Level": "5", "UserID": "S-1-5-18", "EventData.ioctlCode": "0x00000d35", "EventData.delta (100 ns)": "27", "EventData.ntStatus": "0"}
{"EventID": "0", "Channel": "Microsoft-Windows-Hyper-V-VmSwitch-Operational", "Provider_Name": "Microsoft-Windows-Hyper-V-VmSwitch", "Computer": "DESKTOP-OFJ6N53", "TimeCreated": "2025-04-02 10:16:18.612509+00:00", "RecordID": "4827", "Level": "5", "UserID": "S-1-5-18", "EventData.ioctlCode": "0x0000081f"}
{"EventID": "0", "Channel": "Microsoft-Windows-Hyper-V-VmSwitch-Operational", "Provider_Name": "Microsoft-Windows-Hyper-V-VmSwitch", "Computer": "DESKTOP-OFJ6N53", "TimeCreated": "2025-04-02 10:16:18.612514+00:00", "RecordID": "4828", "Level": "5", "UserID": "S-1-5-18", "EventData.ioctlCode": "0x0000081f", "EventData.delta (100 ns)": "86", "EventData.ntStatus": "0"}
{"EventID": "0", "Channel": "Microsoft-Windows-Hyper-V-VmSwitch-Operational", "Provider_Name": "Microsoft-Windows-Hyper-V-VmSwitch", "Computer": "DESKTOP-OFJ6N53", "TimeCreated": "2025-04-02 10:16:18.612560+00:00", "RecordID": "4829", "Level": "5", "UserID": "S-1-5-18", "EventData.ioctlCode": "0x00000d15"}
{"EventID": "0", "Channel": "Microsoft-Windows-Hyper-V-VmSwitch-Operational", "Provider_Name": "Microsoft-Windows-Hyper-V-VmSwitch", "Computer": "DESKTOP-OFJ6N53", "TimeCreated": "2025-04-02 10:16:18.612562+00:00", "RecordID": "4830", "Level": "5", "UserID": "S-1-5-18", "EventData.ioctlCode": "0x00000d15", "EventData.delta (100 ns)": "29", "EventData.ntStatus": "2147483653"}
{"EventID": "0", "Channel": "Microsoft-Windows-Hyper-V-VmSwitch-Operational", "Provider_Name": "Microsoft-Windows-Hyper-V-VmSwitch", "Computer": "DESKTOP-OFJ6N53", "TimeCreated": "2025-04-02 10:16:18.612566+00:00", "RecordID": "4831", "Level": "5", "UserID": "S-1-5-18", "EventData.ioctlCode": "0x00000d15"}
{"EventID": "0", "Channel": "Microsoft-Windows-Hyper-V-VmSwitch-Operational", "Provider_Name": "Microsoft-Windows-Hyper-V-VmSwitch", "Computer": "DESKTOP-OFJ6N53", "TimeCreated": "2025-04-02 10:16:18.612568+00:00", "RecordID": "4832", "Level": "5", "UserID": "S-1-5-18", "EventData.ioctlCode": "0x00000d15", "EventData.delta (100 ns)": "27", "EventData.ntStatus": "0"}
{"EventID": "0", "Channel": "Microsoft-Windows-Hyper-V-VmSwitch-Operational", "Provider_Name": "Microsoft-Windows-Hyper-V-VmSwitch", "Computer": "DESKTOP-OFJ6N53", "TimeCreated": "2025-04-02 10:16:18.708666+00:00", "RecordID": "4833", "Level": "5", "UserID": "S-1-5-18", "EventData.ioctlCode": "0x0000081f"}
{"EventID": "0", "Channel": "Microsoft-Windows-Hyper-V-VmSwitch-Operational", "Provider_Name": "Microsoft-Windows-Hyper-V-VmSwitch", "Computer": "DESKTOP-OFJ6N53", "TimeCreated": "2025-04-02 10:16:18.708675+00:00", "RecordID": "4834", "Level": "5", "UserID": "S-1-5-18", "EventData.ioctlCode": "0x0000081f", "EventData.delta (100 ns)": "115", "EventData.ntStatus": "0"}
{"EventID": "0", "Channel": "Microsoft-Windows-Hyper-V-VmSwitch-Operational", "Provider_Name": "Microsoft-Windows-Hyper-V-VmSwitch", "Computer": "DESKTOP-OFJ6N53", "TimeCreated": "2025-04-02 10:16:19.382961+00:00", "RecordID": "4835", "Level": "5", "UserID": "S-1-5-18", "EventData.ioctlCode": "0x0000081f"}
{"EventID": "0", "Channel": "Microsoft-Windows-Hyper-V-VmSwitch-Operational", "Provider_Name": "Microsoft-Windows-Hyper-V-VmSwitch", "Computer": "DESKTOP-OFJ6N53", "TimeCreated": "2025-04-02 10:16:19.382990+00:00", "RecordID": "4836", "Level": "5", "UserID": "S-1-5-18", "EventData.ioctlCode": "0x0000081f", "EventData.delta (100 ns)": "304", "EventData.ntStatus": "0"}
{"EventID": "0", "Channel": "Microsoft-Windows-Hyper-V-VmSwitch-Operational", "Provider_Name": "Microsoft-Windows-Hyper-V-VmSwitch", "Computer": "DESKTOP-OFJ6N53", "TimeCreated": "2025-04-02 10:16:19.384071+00:00", "RecordID": "4837", "Level": "5", "UserID": "S-1-5-18", "EventData.ioctlCode": "0x00000d12"}
{"EventID": "0", "Channel": "Microsoft-Windows-Hyper-V-VmSwitch-Operational", "Provider_Name": "Microsoft-Windows-Hyper-V-VmSwitch", "Computer": "DESKTOP-OFJ6N53", "TimeCreated": "2025-04-02 10:16:19.384081+00:00", "RecordID": "4838", "Level": "5", "UserID": "S-1-5-18", "EventData.ioctlCode": "0x00000d12", "EventData.delta (100 ns)": "113", "EventData.ntStatus": "2147483653"}
{"EventID": "0", "Channel": "Microsoft-Windows-Hyper-V-VmSwitch-Operational", "Provider_Name": "Microsoft-Windows-Hyper-V-VmSwitch", "Computer": "DESKTOP-OFJ6N53", "TimeCreated": "2025-04-02 10:16:19.384087+00:00", "RecordID": "4839", "Level": "5", "UserID": "S-1-5-18", "EventData.ioctlCode": "0x00000d12"}
{"EventID": "0", "Channel": "Microsoft-Windows-Hyper-V-VmSwitch-Operational", "Provider_Name": "Microsoft-Windows-Hyper-V-VmSwitch", "Computer": "DESKTOP-OFJ6N53", "TimeCreated": "2025-04-02 10:16:19.384121+00:00", "RecordID": "4840", "Level": "5", "UserID": "S-1-5-18", "EventData.ioctlCode": "0x00000d12", "EventData.delta (100 ns)": "326", "EventData.ntStatus": "3221225524"}
{"EventID": "0", "Channel": "Microsoft-Windows-Hyper-V-VmSwitch-Operational", "Provider_Name": "Microsoft-Windows-Hyper-V-VmSwitch", "Computer": "DESKTOP-OFJ6N53", "TimeCreated": "2025-04-02 10:16:19.398006+00:00", "RecordID": "4841", "Level": "5", "UserID": "S-1-5-18", "EventData.ioctlCode": "0x0000081f"}
{"EventID": "0", "Channel": "Microsoft-Windows-Hyper-V-VmSwitch-Operational", "Provider_Name": "Microsoft-Windows-Hyper-V-VmSwitch", "Computer": "DESKTOP-OFJ6N53", "TimeCreated": "2025-04-02 10:16:19.398014+00:00", "RecordID": "4842", "Level": "5", "UserID": "S-1-5-18", "EventData.ioctlCode": "0x0000081f", "EventData.delta (100 ns)": "88", "EventData.ntStatus": "0"}
{"EventID": "0", "Channel": "Microsoft-Windows-Hyper-V-VmSwitch-Operational", "Provider_Name": "Microsoft-Windows-Hyper-V-VmSwitch", "Computer": "DESKTOP-OFJ6N53", "TimeCreated": "2025-04-02 10:16:19.398148+00:00", "RecordID": "4843", "Level": "5", "UserID": "S-1-5-18", "EventData.ioctlCode": "0x0000081f"}
{"EventID": "0", "Channel": "Microsoft-Windows-Hyper-V-VmSwitch-Operational", "Provider_Name": "Microsoft-Windows-Hyper-V-VmSwitch", "Computer": "DESKTOP-OFJ6N53", "TimeCreated": "2025-04-02 10:16:19.398151+00:00", "RecordID": "4844", "Level": "5", "UserID": "S-1-5-18", "EventData.ioctlCode": "0x0000081f", "EventData.delta (100 ns)": "31", "EventData.ntStatus": "0"}
{"EventID": "0", "Channel": "Microsoft-Windows-Hyper-V-VmSwitch-Operational", "Provider_Name": "Microsoft-Windows-Hyper-V-VmSwitch", "Computer": "DESKTOP-OFJ6N53", "TimeCreated": "2025-04-02 10:16:19.398178+00:00", "RecordID": "4845", "Level": "5", "UserID": "S-1-5-18", "EventData.ioctlCode": "0x00000d35"}
{"EventID": "0", "Channel": "Microsoft-Windows-Hyper-V-VmSwitch-Operational", "Provider_Name": "Microsoft-Windows-Hyper-V-VmSwitch", "Computer": "DESKTOP-OFJ6N53", "TimeCreated": "2025-04-02 10:16:19.398182+00:00", "RecordID": "4846", "Level": "5", "UserID": "S-1-5-18", "EventData.ioctlCode": "0x00000d35", "EventData.delta (100 ns)": "27", "EventData.ntStatus": "2147483653"}
{"EventID": "0", "Channel": "Microsoft-Windows-Hyper-V-VmSwitch-Operational", "Provider_Name": "Microsoft-Windows-Hyper-V-VmSwitch", "Computer": "DESKTOP-OFJ6N53", "TimeCreated": "2025-04-02 10:16:19.398184+00:00", "RecordID": "4847", "Level": "5", "UserID": "S-1-5-18", "EventData.ioctlCode": "0x00000d35"}
{"EventID": "0", "Channel": "Microsoft-Windows-Hyper-V-VmSwitch-Operational", "Provider_Name": "Microsoft-Windows-Hyper-V-VmSwitch", "Computer": "DESKTOP-OFJ6N53", "TimeCreated": "2025-04-02 10:16:19.398186+00:00", "RecordID": "4848", "Level": "5", "UserID": "S-1-5-18", "EventData.ioctlCode": "0x00000d35", "EventData.delta (100 ns)": "30", "EventData.ntStatus": "0"}
{"EventID": "0", "Channel": "Microsoft-Windows-Hyper-V-VmSwitch-Operational", "Provider_Name": "Microsoft-Windows-Hyper-V-VmSwitch", "Computer": "DESKTOP-OFJ6N53", "TimeCreated": "2025-04-02 10:16:19.704554+00:00", "RecordID": "4849", "Level": "5", "UserID": "S-1-5-18", "EventData.ioctlCode": "0x0000081f"}
{"EventID": "0", "Channel": "Microsoft-Windows-Hyper-V-VmSwitch-Operational", "Provider_Name": "Microsoft-Windows-Hyper-V-VmSwitch", "Computer": "DESKTOP-OFJ6N53", "TimeCreated": "2025-04-02 10:16:19.704571+00:00", "RecordID": "4850", "Level": "5", "UserID": "S-1-5-18", "EventData.ioctlCode": "0x0000081f", "EventData.delta (100 ns)": "182", "EventData.ntStatus": "0"}
{"EventID": "0", "Channel": "Microsoft-Windows-Hyper-V-VmSwitch-Operational", "Provider_Name": "Microsoft-Windows-Hyper-V-VmSwitch", "Computer": "DESKTOP-OFJ6N53", "TimeCreated": "2025-04-02 10:16:21.289001+00:00", "RecordID": "4851", "Level": "5", "UserID": "S-1-5-18", "EventData.ioctlCode": "0x0000081f"}
{"EventID": "0", "Channel": "Microsoft-Windows-Hyper-V-VmSwitch-Operational", "Provider_Name": "Microsoft-Windows-Hyper-V-VmSwitch", "Computer": "DESKTOP-OFJ6N53", "TimeCreated": "2025-04-02 10:16:21.289009+00:00", "RecordID": "4852", "Level": "5", "UserID": "S-1-5-18", "EventData.ioctlCode": "0x0000081f", "EventData.delta (100 ns)": "96", "EventData.ntStatus": "0"}
{"EventID": "0", "Channel": "Microsoft-Windows-Hyper-V-VmSwitch-Operational", "Provider_Name": "Microsoft-Windows-Hyper-V-VmSwitch", "Computer": "DESKTOP-OFJ6N53", "TimeCreated": "2025-04-02 10:16:21.289049+00:00", "RecordID": "4853", "Level": "5", "UserID": "S-1-5-18", "EventData.ioctlCode": "0x00000d35"}
{"EventID": "0", "Channel": "Microsoft-Windows-Hyper-V-VmSwitch-Operational", "Provider_Name": "Microsoft-Windows-Hyper-V-VmSwitch", "Computer": "DESKTOP-OFJ6N53", "TimeCreated": "2025-04-02 10:16:21.289053+00:00", "RecordID": "4854", "Level": "5", "UserID": "S-1-5-18", "EventData.ioctlCode": "0x00000d35", "EventData.delta (100 ns)": "31", "EventData.ntStatus": "2147483653"}
{"EventID": "0", "Channel": "Microsoft-Windows-Hyper-V-VmSwitch-Operational", "Provider_Name": "Microsoft-Windows-Hyper-V-VmSwitch", "Computer": "DESKTOP-OFJ6N53", "TimeCreated": "2025-04-02 10:16:21.289055+00:00", "RecordID": "4855", "Level": "5", "UserID": "S-1-5-18", "EventData.ioctlCode": "0x00000d35"}
{"EventID": "0", "Channel": "Microsoft-Windows-Hyper-V-VmSwitch-Operational", "Provider_Name": "Microsoft-Windows-Hyper-V-VmSwitch", "Computer": "DESKTOP-OFJ6N53", "TimeCreated": "2025-04-02 10:16:21.289059+00:00", "RecordID": "4856", "Level": "5", "UserID": "S-1-5-18", "EventData.ioctlCode": "0x00000d35", "EventData.delta (100 ns)": "28", "EventData.ntStatus": "0"}
{"EventID": "0", "Channel": "Microsoft-Windows-Hyper-V-VmSwitch-Operational", "Provider_Name": "Microsoft-Windows-Hyper-V-VmSwitch", "Computer": "DESKTOP-OFJ6N53", "TimeCreated": "2025-04-02 10:16:21.399372+00:00", "RecordID": "4857", "Level": "5", "UserID": "S-1-5-18", "EventData.ioctlCode": "0x0000081f"}
{"EventID": "0", "Channel": "Microsoft-Windows-Hyper-V-VmSwitch-Operational", "Provider_Name": "Microsoft-Windows-Hyper-V-VmSwitch", "Computer": "DESKTOP-OFJ6N53", "TimeCreated": "2025-04-02 10:16:21.399382+00:00", "RecordID": "4858", "Level": "5", "UserID": "S-1-5-18", "EventData.ioctlCode": "0x0000081f", "EventData.delta (100 ns)": "146", "EventData.ntStatus": "0"}
{"EventID": "0", "Channel": "Microsoft-Windows-Hyper-V-VmSwitch-Operational", "Provider_Name": "Microsoft-Windows-Hyper-V-VmSwitch", "Computer": "DESKTOP-OFJ6N53", "TimeCreated": "2025-04-02 10:16:21.665951+00:00", "RecordID": "4859", "Level": "5", "UserID": "S-1-5-18", "EventData.ioctlCode": "0x0000081f"}
{"EventID": "0", "Channel": "Microsoft-Windows-Hyper-V-VmSwitch-Operational", "Provider_Name": "Microsoft-Windows-Hyper-V-VmSwitch", "Computer": "DESKTOP-OFJ6N53", "TimeCreated": "2025-04-02 10:16:21.665958+00:00", "RecordID": "4860", "Level": "5", "UserID": "S-1-5-18", "EventData.ioctlCode": "0x0000081f", "EventData.delta (100 ns)": "75", "EventData.ntStatus": "0"}
{"EventID": "0", "Channel": "Microsoft-Windows-Hyper-V-VmSwitch-Operational", "Provider_Name": "Microsoft-Windows-Hyper-V-VmSwitch", "Computer": "DESKTOP-OFJ6N53", "TimeCreated": "2025-04-02 10:16:21.665998+00:00", "RecordID": "4861", "Level": "5", "UserID": "S-1-5-18", "EventData.ioctlCode": "0x00000d15"}
{"EventID": "0", "Channel": "Microsoft-Windows-Hyper-V-VmSwitch-Operational", "Provider_Name": "Microsoft-Windows-Hyper-V-VmSwitch", "Computer": "DESKTOP-OFJ6N53", "TimeCreated": "2025-04-02 10:16:21.666000+00:00", "RecordID": "4862", "Level": "5", "UserID": "S-1-5-18", "EventData.ioctlCode": "0x00000d15", "EventData.delta (100 ns)": "32", "EventData.ntStatus": "2147483653"}
{"EventID": "0", "Channel": "Microsoft-Windows-Hyper-V-VmSwitch-Operational", "Provider_Name": "Microsoft-Windows-Hyper-V-VmSwitch", "Computer": "DESKTOP-OFJ6N53", "TimeCreated": "2025-04-02 10:16:21.666004+00:00", "RecordID": "4863", "Level": "5", "UserID": "S-1-5-18", "EventData.ioctlCode": "0x00000d15"}
{"EventID": "0", "Channel": "Microsoft-Windows-Hyper-V-VmSwitch-Operational", "Provider_Name": "Microsoft-Windows-Hyper-V-VmSwitch", "Computer": "DESKTOP-OFJ6N53", "TimeCreated": "2025-04-02 10:16:21.666008+00:00", "RecordID": "4864", "Level": "5", "UserID": "S-1-5-18", "EventData.ioctlCode": "0x00000d15", "EventData.delta (100 ns)": "27", "EventData.ntStatus": "0"}
{"EventID": "0", "Channel": "Microsoft-Windows-Hyper-V-VmSwitch-Operational", "Provider_Name": "Microsoft-Windows-Hyper-V-VmSwitch", "Computer": "DESKTOP-OFJ6N53", "TimeCreated": "2025-04-02 10:34:06.082067+00:00", "RecordID": "4865", "Level": "4", "UserID": "S-1-5-18", "EventData.State": "Started Loading", "EventData.Function": "DriverEntry"}
{"EventID": "0", "Channel": "Microsoft-Windows-Hyper-V-VmSwitch-Operational", "Provider_Name": "Microsoft-Windows-Hyper-V-VmSwitch", "Computer": "DESKTOP-OFJ6N53", "TimeCreated": "2025-04-02 10:34:06.083467+00:00", "RecordID": "4866", "Level": "4", "UserID": "S-1-5-18", "EventData.State": "Installed and Started.", "EventData.Function": "DriverEntry", "EventData.delta (100 ns)": "20106", "EventData.Status": "0"}
{"EventID": "0", "Channel": "Microsoft-Windows-Hyper-V-VmSwitch-Operational", "Provider_Name": "Microsoft-Windows-Hyper-V-VmSwitch", "Computer": "DESKTOP-OFJ6N53", "TimeCreated": "2025-04-02 10:34:06.084255+00:00", "RecordID": "4867", "Level": "4", "UserID": "S-1-5-18", "EventData.netPnpEvent": "NetEventBindsComplete", "EventData.nicName_Length": "0", "EventData.nicName": null, "EventData.nicFriendlyName_Length": "0", "EventData.nicFriendlyName": null, "EventData.switchName_Length": "0", "EventData.switchName": null, "EventData.switchFriendlyName_Length": "0", "EventData.switchFriendlyName": null}
{"EventID": "0", "Channel": "Microsoft-Windows-Hyper-V-VmSwitch-Operational", "Provider_Name": "Microsoft-Windows-Hyper-V-VmSwitch", "Computer": "DESKTOP-OFJ6N53", "TimeCreated": "2025-04-02 10:34:06.084259+00:00", "RecordID": "4868", "Level": "4", "UserID": "S-1-5-18", "EventData.netPnpEvent": "NetEventBindsComplete", "EventData.nicName_Length": "0", "EventData.nicName": null, "EventData.nicFriendlyName_Length": "0", "EventData.nicFriendlyName": null, "EventData.switchName_Length": "0", "EventData.switchName": null, "EventData.switchFriendlyName_Length": "0", "EventData.switchFriendlyName": null, "EventData.delta (100 ns)": "54", "EventData.Status": "0"}
{"EventID": "0", "Channel": "Microsoft-Windows-Hyper-V-VmSwitch-Operational", "Provider_Name": "Microsoft-Windows-Hyper-V-VmSwitch", "Computer": "DESKTOP-OFJ6N53", "TimeCreated": "2025-04-02 10:34:06.084265+00:00", "RecordID": "4869", "Level": "4", "UserID": "S-1-5-18", "EventData.netPnpEvent": "NetEventBindsComplete", "EventData.switchName_Length": "0", "EventData.switchName": null, "EventData.switchFriendlyName_Length": "0", "EventData.switchFriendlyName": null}
{"EventID": "0", "Channel": "Microsoft-Windows-Hyper-V-VmSwitch-Operational", "Provider_Name": "Microsoft-Windows-Hyper-V-VmSwitch", "Computer": "DESKTOP-OFJ6N53", "TimeCreated": "2025-04-02 10:34:06.084267+00:00", "RecordID": "4870", "Level": "4", "UserID": "S-1-5-18", "EventData.netPnpEvent": "NetEventBindsComplete", "EventData.switchName_Length": "0", "EventData.switchName": null, "EventData.switchFriendlyName_Length": "0", "EventData.switchFriendlyName": null, "EventData.delta (100 ns)": "22", "EventData.Status": "0"}
{"EventID": "0", "Channel": "Microsoft-Windows-Hyper-V-VmSwitch-Operational", "Provider_Name": "Microsoft-Windows-Hyper-V-VmSwitch", "Computer": "DESKTOP-OFJ6N53", "TimeCreated": "2025-04-02 10:34:06.262030+00:00", "RecordID": "4871", "Level": "5", "UserID": "S-1-5-18", "EventData.ioctlCode": "0x0000081f"}
{"EventID": "0", "Channel": "Microsoft-Windows-Hyper-V-VmSwitch-Operational", "Provider_Name": "Microsoft-Windows-Hyper-V-VmSwitch", "Computer": "DESKTOP-OFJ6N53", "TimeCreated": "2025-04-02 10:34:06.262035+00:00", "RecordID": "4872", "Level": "5", "UserID": "S-1-5-18", "EventData.ioctlCode": "0x0000081f", "EventData.delta (100 ns)": "85", "EventData.ntStatus": "0"}
{"EventID": "0", "Channel": "Microsoft-Windows-Hyper-V-VmSwitch-Operational", "Provider_Name": "Microsoft-Windows-Hyper-V-VmSwitch", "Computer": "DESKTOP-OFJ6N53", "TimeCreated": "2025-04-02 10:34:06.363224+00:00", "RecordID": "4873", "Level": "5", "UserID": "S-1-5-18", "EventData.ioctlCode": "0x0000081f"}
{"EventID": "0", "Channel": "Microsoft-Windows-Hyper-V-VmSwitch-Operational", "Provider_Name": "Microsoft-Windows-Hyper-V-VmSwitch", "Computer": "DESKTOP-OFJ6N53", "TimeCreated": "2025-04-02 10:34:06.363230+00:00", "RecordID": "4874", "Level": "5", "UserID": "S-1-5-18", "EventData.ioctlCode": "0x0000081f", "EventData.delta (100 ns)": "88", "EventData.ntStatus": "0"}
{"EventID": "0", "Channel": "Microsoft-Windows-Hyper-V-VmSwitch-Operational", "Provider_Name": "Microsoft-Windows-Hyper-V-VmSwitch", "Computer": "DESKTOP-OFJ6N53", "TimeCreated": "2025-04-02 10:34:06.363329+00:00", "RecordID": "4875", "Level": "5", "UserID": "S-1-5-18", "EventData.ioctlCode": "0x00000d35"}
{"EventID": "0", "Channel": "Microsoft-Windows-Hyper-V-VmSwitch-Operational", "Provider_Name": "Microsoft-Windows-Hyper-V-VmSwitch", "Computer": "DESKTOP-OFJ6N53", "TimeCreated": "2025-04-02 10:34:06.363335+00:00", "RecordID": "4876", "Level": "5", "UserID": "S-1-5-18", "EventData.ioctlCode": "0x00000d35", "EventData.delta (100 ns)": "73", "EventData.ntStatus": "2147483653"}
{"EventID": "0", "Channel": "Microsoft-Windows-Hyper-V-VmSwitch-Operational", "Provider_Name": "Microsoft-Windows-Hyper-V-VmSwitch", "Computer": "DESKTOP-OFJ6N53", "TimeCreated": "2025-04-02 10:34:06.363338+00:00", "RecordID": "4877", "Level": "5", "UserID": "S-1-5-18", "EventData.ioctlCode": "0x00000d35"}
{"EventID": "0", "Channel": "Microsoft-Windows-Hyper-V-VmSwitch-Operational", "Provider_Name": "Microsoft-Windows-Hyper-V-VmSwitch", "Computer": "DESKTOP-OFJ6N53", "TimeCreated": "2025-04-02 10:34:06.363342+00:00", "RecordID": "4878", "Level": "5", "UserID": "S-1-5-18", "EventData.ioctlCode": "0x00000d35", "EventData.delta (100 ns)": "29", "EventData.ntStatus": "0"}
{"EventID": "0", "Channel": "Microsoft-Windows-Hyper-V-VmSwitch-Operational", "Provider_Name": "Microsoft-Windows-Hyper-V-VmSwitch", "Computer": "DESKTOP-OFJ6N53", "TimeCreated": "2025-04-02 10:34:06.363657+00:00", "RecordID": "4879", "Level": "5", "UserID": "S-1-5-18", "EventData.ioctlCode": "0x0000081f"}
{"EventID": "0", "Channel": "Microsoft-Windows-Hyper-V-VmSwitch-Operational", "Provider_Name": "Microsoft-Windows-Hyper-V-VmSwitch", "Computer": "DESKTOP-OFJ6N53", "TimeCreated": "2025-04-02 10:34:06.363663+00:00", "RecordID": "4880", "Level": "5", "UserID": "S-1-5-18", "EventData.ioctlCode": "0x0000081f", "EventData.delta (100 ns)": "47", "EventData.ntStatus": "0"}
{"EventID": "0", "Channel": "Microsoft-Windows-Hyper-V-VmSwitch-Operational", "Provider_Name": "Microsoft-Windows-Hyper-V-VmSwitch", "Computer": "DESKTOP-OFJ6N53", "TimeCreated": "2025-04-02 10:34:06.363701+00:00", "RecordID": "4881", "Level": "5", "UserID": "S-1-5-18", "EventData.ioctlCode": "0x00000d15"}
{"EventID": "0", "Channel": "Microsoft-Windows-Hyper-V-VmSwitch-Operational", "Provider_Name": "Microsoft-Windows-Hyper-V-VmSwitch", "Computer": "DESKTOP-OFJ6N53", "TimeCreated": "2025-04-02 10:34:06.363703+00:00", "RecordID": "4882", "Level": "5", "UserID": "S-1-5-18", "EventData.ioctlCode": "0x00000d15", "EventData.delta (100 ns)": "28", "EventData.ntStatus": "2147483653"}
{"EventID": "0", "Channel": "Microsoft-Windows-Hyper-V-VmSwitch-Operational", "Provider_Name": "Microsoft-Windows-Hyper-V-VmSwitch", "Computer": "DESKTOP-OFJ6N53", "TimeCreated": "2025-04-02 10:34:06.363707+00:00", "RecordID": "4883", "Level": "5", "UserID": "S-1-5-18", "EventData.ioctlCode": "0x00000d15"}
{"EventID": "0", "Channel": "Microsoft-Windows-Hyper-V-VmSwitch-Operational", "Provider_Name": "Microsoft-Windows-Hyper-V-VmSwitch", "Computer": "DESKTOP-OFJ6N53", "TimeCreated": "2025-04-02 10:34:06.363710+00:00", "RecordID": "4884", "Level": "5", "UserID": "S-1-5-18", "EventData.ioctlCode": "0x00000d15", "EventData.delta (100 ns)": "29", "EventData.ntStatus": "0"}
{"EventID": "0", "Channel": "Microsoft-Windows-Hyper-V-VmSwitch-Operational", "Provider_Name": "Microsoft-Windows-Hyper-V-VmSwitch", "Computer": "DESKTOP-OFJ6N53", "TimeCreated": "2025-04-02 10:34:06.448109+00:00", "RecordID": "4885", "Level": "5", "UserID": "S-1-5-18", "EventData.ioctlCode": "0x0000081f"}
{"EventID": "0", "Channel": "Microsoft-Windows-Hyper-V-VmSwitch-Operational", "Provider_Name": "Microsoft-Windows-Hyper-V-VmSwitch", "Computer": "DESKTOP-OFJ6N53", "TimeCreated": "2025-04-02 10:34:06.448118+00:00", "RecordID": "4886", "Level": "5", "UserID": "S-1-5-18", "EventData.ioctlCode": "0x0000081f", "EventData.delta (100 ns)": "106", "EventData.ntStatus": "0"}
{"EventID": "0", "Channel": "Microsoft-Windows-Hyper-V-VmSwitch-Operational", "Provider_Name": "Microsoft-Windows-Hyper-V-VmSwitch", "Computer": "DESKTOP-OFJ6N53", "TimeCreated": "2025-04-02 10:34:06.977203+00:00", "RecordID": "4887", "Level": "5", "UserID": "S-1-5-18", "EventData.ioctlCode": "0x0000081f"}
{"EventID": "0", "Channel": "Microsoft-Windows-Hyper-V-VmSwitch-Operational", "Provider_Name": "Microsoft-Windows-Hyper-V-VmSwitch", "Computer": "DESKTOP-OFJ6N53", "TimeCreated": "2025-04-02 10:34:06.977211+00:00", "RecordID": "4888", "Level": "5", "UserID": "S-1-5-18", "EventData.ioctlCode": "0x0000081f", "EventData.delta (100 ns)": "88", "EventData.ntStatus": "0"}
{"EventID": "0", "Channel": "Microsoft-Windows-Hyper-V-VmSwitch-Operational", "Provider_Name": "Microsoft-Windows-Hyper-V-VmSwitch", "Computer": "DESKTOP-OFJ6N53", "TimeCreated": "2025-04-02 10:34:06.978804+00:00", "RecordID": "4889", "Level": "5", "UserID": "S-1-5-18", "EventData.ioctlCode": "0x00000d12"}
{"EventID": "0", "Channel": "Microsoft-Windows-Hyper-V-VmSwitch-Operational", "Provider_Name": "Microsoft-Windows-Hyper-V-VmSwitch", "Computer": "DESKTOP-OFJ6N53", "TimeCreated": "2025-04-02 10:34:06.978811+00:00", "RecordID": "4890", "Level": "5", "UserID": "S-1-5-18", "EventData.ioctlCode": "0x00000d12", "EventData.delta (100 ns)": "102", "EventData.ntStatus": "2147483653"}
{"EventID": "0", "Channel": "Microsoft-Windows-Hyper-V-VmSwitch-Operational", "Provider_Name": "Microsoft-Windows-Hyper-V-VmSwitch", "Computer": "DESKTOP-OFJ6N53", "TimeCreated": "2025-04-02 10:34:06.978821+00:00", "RecordID": "4891", "Level": "5", "UserID": "S-1-5-18", "EventData.ioctlCode": "0x00000d12"}
{"EventID": "0", "Channel": "Microsoft-Windows-Hyper-V-VmSwitch-Operational", "Provider_Name": "Microsoft-Windows-Hyper-V-VmSwitch", "Computer": "DESKTOP-OFJ6N53", "TimeCreated": "2025-04-02 10:34:06.978855+00:00", "RecordID": "4892", "Level": "5", "UserID": "S-1-5-18", "EventData.ioctlCode": "0x00000d12", "EventData.delta (100 ns)": "357", "EventData.ntStatus": "3221225524"}
{"EventID": "0", "Channel": "Microsoft-Windows-Hyper-V-VmSwitch-Operational", "Provider_Name": "Microsoft-Windows-Hyper-V-VmSwitch", "Computer": "DESKTOP-OFJ6N53", "TimeCreated": "2025-04-02 10:34:06.990992+00:00", "RecordID": "4893", "Level": "5", "UserID": "S-1-5-18", "EventData.ioctlCode": "0x0000081f"}
{"EventID": "0", "Channel": "Microsoft-Windows-Hyper-V-VmSwitch-Operational", "Provider_Name": "Microsoft-Windows-Hyper-V-VmSwitch", "Computer": "DESKTOP-OFJ6N53", "TimeCreated": "2025-04-02 10:34:06.990997+00:00", "RecordID": "4894", "Level": "5", "UserID": "S-1-5-18", "EventData.ioctlCode": "0x0000081f", "EventData.delta (100 ns)": "75", "EventData.ntStatus": "0"}
{"EventID": "0", "Channel": "Microsoft-Windows-Hyper-V-VmSwitch-Operational", "Provider_Name": "Microsoft-Windows-Hyper-V-VmSwitch", "Computer": "DESKTOP-OFJ6N53", "TimeCreated": "2025-04-02 10:34:06.991116+00:00", "RecordID": "4895", "Level": "5", "UserID": "S-1-5-18", "EventData.ioctlCode": "0x0000081f"}
{"EventID": "0", "Channel": "Microsoft-Windows-Hyper-V-VmSwitch-Operational", "Provider_Name": "Microsoft-Windows-Hyper-V-VmSwitch", "Computer": "DESKTOP-OFJ6N53", "TimeCreated": "2025-04-02 10:34:06.991119+00:00", "RecordID": "4896", "Level": "5", "UserID": "S-1-5-18", "EventData.ioctlCode": "0x0000081f", "EventData.delta (100 ns)": "28", "EventData.ntStatus": "0"}
{"EventID": "0", "Channel": "Microsoft-Windows-Hyper-V-VmSwitch-Operational", "Provider_Name": "Microsoft-Windows-Hyper-V-VmSwitch", "Computer": "DESKTOP-OFJ6N53", "TimeCreated": "2025-04-02 10:34:06.991144+00:00", "RecordID": "4897", "Level": "5", "UserID": "S-1-5-18", "EventData.ioctlCode": "0x00000d35"}
{"EventID": "0", "Channel": "Microsoft-Windows-Hyper-V-VmSwitch-Operational", "Provider_Name": "Microsoft-Windows-Hyper-V-VmSwitch", "Computer": "DESKTOP-OFJ6N53", "TimeCreated": "2025-04-02 10:34:06.991146+00:00", "RecordID": "4898", "Level": "5", "UserID": "S-1-5-18", "EventData.ioctlCode": "0x00000d35", "EventData.delta (100 ns)": "26", "EventData.ntStatus": "2147483653"}
{"EventID": "0", "Channel": "Microsoft-Windows-Hyper-V-VmSwitch-Operational", "Provider_Name": "Microsoft-Windows-Hyper-V-VmSwitch", "Computer": "DESKTOP-OFJ6N53", "TimeCreated": "2025-04-02 10:34:06.991148+00:00", "RecordID": "4899", "Level": "5", "UserID": "S-1-5-18", "EventData.ioctlCode": "0x00000d35"}
{"EventID": "0", "Channel": "Microsoft-Windows-Hyper-V-VmSwitch-Operational", "Provider_Name": "Microsoft-Windows-Hyper-V-VmSwitch", "Computer": "DESKTOP-OFJ6N53", "TimeCreated": "2025-04-02 10:34:06.991152+00:00", "RecordID": "4900", "Level": "5", "UserID": "S-1-5-18", "EventData.ioctlCode": "0x00000d35", "EventData.delta (100 ns)": "28", "EventData.ntStatus": "0"}
{"EventID": "0", "Channel": "Microsoft-Windows-Hyper-V-VmSwitch-Operational", "Provider_Name": "Microsoft-Windows-Hyper-V-VmSwitch", "Computer": "DESKTOP-OFJ6N53", "TimeCreated": "2025-04-02 10:34:07.107447+00:00", "RecordID": "4901", "Level": "5", "UserID": "S-1-5-18", "EventData.ioctlCode": "0x0000081f"}
{"EventID": "0", "Channel": "Microsoft-Windows-Hyper-V-VmSwitch-Operational", "Provider_Name": "Microsoft-Windows-Hyper-V-VmSwitch", "Computer": "DESKTOP-OFJ6N53", "TimeCreated": "2025-04-02 10:34:07.107452+00:00", "RecordID": "4902", "Level": "5", "UserID": "S-1-5-18", "EventData.ioctlCode": "0x0000081f", "EventData.delta (100 ns)": "89", "EventData.ntStatus": "0"}
{"EventID": "0", "Channel": "Microsoft-Windows-Hyper-V-VmSwitch-Operational", "Provider_Name": "Microsoft-Windows-Hyper-V-VmSwitch", "Computer": "DESKTOP-OFJ6N53", "TimeCreated": "2025-04-02 10:34:08.102814+00:00", "RecordID": "4903", "Level": "5", "UserID": "S-1-5-18", "EventData.ioctlCode": "0x0000081f"}
{"EventID": "0", "Channel": "Microsoft-Windows-Hyper-V-VmSwitch-Operational", "Provider_Name": "Microsoft-Windows-Hyper-V-VmSwitch", "Computer": "DESKTOP-OFJ6N53", "TimeCreated": "2025-04-02 10:34:08.102819+00:00", "RecordID": "4904", "Level": "5", "UserID": "S-1-5-18", "EventData.ioctlCode": "0x0000081f", "EventData.delta (100 ns)": "89", "EventData.ntStatus": "0"}
{"EventID": "0", "Channel": "Microsoft-Windows-Hyper-V-VmSwitch-Operational", "Provider_Name": "Microsoft-Windows-Hyper-V-VmSwitch", "Computer": "DESKTOP-OFJ6N53", "TimeCreated": "2025-04-02 10:34:08.102863+00:00", "RecordID": "4905", "Level": "5", "UserID": "S-1-5-18", "EventData.ioctlCode": "0x00000d35"}
{"EventID": "0", "Channel": "Microsoft-Windows-Hyper-V-VmSwitch-Operational", "Provider_Name": "Microsoft-Windows-Hyper-V-VmSwitch", "Computer": "DESKTOP-OFJ6N53", "TimeCreated": "2025-04-02 10:34:08.102867+00:00", "RecordID": "4906", "Level": "5", "UserID": "S-1-5-18", "EventData.ioctlCode": "0x00000d35", "EventData.delta (100 ns)": "34", "EventData.ntStatus": "2147483653"}
{"EventID": "0", "Channel": "Microsoft-Windows-Hyper-V-VmSwitch-Operational", "Provider_Name": "Microsoft-Windows-Hyper-V-VmSwitch", "Computer": "DESKTOP-OFJ6N53", "TimeCreated": "2025-04-02 10:34:08.102869+00:00", "RecordID": "4907", "Level": "5", "UserID": "S-1-5-18", "EventData.ioctlCode": "0x00000d35"}
{"EventID": "0", "Channel": "Microsoft-Windows-Hyper-V-VmSwitch-Operational", "Provider_Name": "Microsoft-Windows-Hyper-V-VmSwitch", "Computer": "DESKTOP-OFJ6N53", "TimeCreated": "2025-04-02 10:34:08.102873+00:00", "RecordID": "4908", "Level": "5", "UserID": "S-1-5-18", "EventData.ioctlCode": "0x00000d35", "EventData.delta (100 ns)": "27", "EventData.ntStatus": "0"}
{"EventID": "0", "Channel": "Microsoft-Windows-Hyper-V-VmSwitch-Operational", "Provider_Name": "Microsoft-Windows-Hyper-V-VmSwitch", "Computer": "DESKTOP-OFJ6N53", "TimeCreated": "2025-04-02 10:34:08.197004+00:00", "RecordID": "4909", "Level": "5", "UserID": "S-1-5-18", "EventData.ioctlCode": "0x0000081f"}
{"EventID": "0", "Channel": "Microsoft-Windows-Hyper-V-VmSwitch-Operational", "Provider_Name": "Microsoft-Windows-Hyper-V-VmSwitch", "Computer": "DESKTOP-OFJ6N53", "TimeCreated": "2025-04-02 10:34:08.197010+00:00", "RecordID": "4910", "Level": "5", "UserID": "S-1-5-18", "EventData.ioctlCode": "0x0000081f", "EventData.delta (100 ns)": "93", "EventData.ntStatus": "0"}
{"EventID": "0", "Channel": "Microsoft-Windows-Hyper-V-VmSwitch-Operational", "Provider_Name": "Microsoft-Windows-Hyper-V-VmSwitch", "Computer": "DESKTOP-OFJ6N53", "TimeCreated": "2025-04-02 10:34:08.536577+00:00", "RecordID": "4911", "Level": "5", "UserID": "S-1-5-18", "EventData.ioctlCode": "0x0000081f"}
{"EventID": "0", "Channel": "Microsoft-Windows-Hyper-V-VmSwitch-Operational", "Provider_Name": "Microsoft-Windows-Hyper-V-VmSwitch", "Computer": "DESKTOP-OFJ6N53", "TimeCreated": "2025-04-02 10:34:08.536585+00:00", "RecordID": "4912", "Level": "5", "UserID": "S-1-5-18", "EventData.ioctlCode": "0x0000081f", "EventData.delta (100 ns)": "76", "EventData.ntStatus": "0"}
{"EventID": "0", "Channel": "Microsoft-Windows-Hyper-V-VmSwitch-Operational", "Provider_Name": "Microsoft-Windows-Hyper-V-VmSwitch", "Computer": "DESKTOP-OFJ6N53", "TimeCreated": "2025-04-02 10:34:08.536623+00:00", "RecordID": "4913", "Level": "5", "UserID": "S-1-5-18", "EventData.ioctlCode": "0x00000d15"}
{"EventID": "0", "Channel": "Microsoft-Windows-Hyper-V-VmSwitch-Operational", "Provider_Name": "Microsoft-Windows-Hyper-V-VmSwitch", "Computer": "DESKTOP-OFJ6N53", "TimeCreated": "2025-04-02 10:34:08.536625+00:00", "RecordID": "4914", "Level": "5", "UserID": "S-1-5-18", "EventData.ioctlCode": "0x00000d15", "EventData.delta (100 ns)": "28", "EventData.ntStatus": "2147483653"}
{"EventID": "0", "Channel": "Microsoft-Windows-Hyper-V-VmSwitch-Operational", "Provider_Name": "Microsoft-Windows-Hyper-V-VmSwitch", "Computer": "DESKTOP-OFJ6N53", "TimeCreated": "2025-04-02 10:34:08.536629+00:00", "RecordID": "4915", "Level": "5", "UserID": "S-1-5-18", "EventData.ioctlCode": "0x00000d15"}
{"EventID": "0", "Channel": "Microsoft-Windows-Hyper-V-VmSwitch-Operational", "Provider_Name": "Microsoft-Windows-Hyper-V-VmSwitch", "Computer": "DESKTOP-OFJ6N53", "TimeCreated": "2025-04-02 10:34:08.536631+00:00", "RecordID": "4916", "Level": "5", "UserID": "S-1-5-18", "EventData.ioctlCode": "0x00000d15", "EventData.delta (100 ns)": "27", "EventData.ntStatus": "0"}
