{"EventID": "216", "Channel": "Microsoft-Windows-AppxPackaging/Operational", "Provider_Name": "Microsoft-Windows-AppxPackagingOM", "Computer": "DESKTOP-OFJ6N53", "TimeCreated": "2025-08-22 09:47:36.678478+00:00", "RecordID": "68670", "Level": "3", "UserID": "S-1-5-18", "EventData.namespace": "http://schemas.microsoft.com/developer/appx/2015/build"}
{"EventID": "216", "Channel": "Microsoft-Windows-AppxPackaging/Operational", "Provider_Name": "Microsoft-Windows-AppxPackagingOM", "Computer": "DESKTOP-OFJ6N53", "TimeCreated": "2025-08-22 09:47:36.956482+00:00", "RecordID": "68671", "Level": "3", "UserID": "S-1-5-18", "EventData.namespace": "http://schemas.microsoft.com/developer/appx/2015/build"}
{"EventID": "216", "Channel": "Microsoft-Windows-AppxPackaging/Operational", "Provider_Name": "Microsoft-Windows-AppxPackagingOM", "Computer": "DESKTOP-OFJ6N53", "TimeCreated": "2025-08-22 09:47:36.956486+00:00", "RecordID": "68672", "Level": "3", "UserID": "S-1-5-18", "EventData.namespace": "http://schemas.microsoft.com/appx/manifest/mobile/windows10"}
{"EventID": "216", "Channel": "Microsoft-Windows-AppxPackaging/Operational", "Provider_Name": "Microsoft-Windows-AppxPackagingOM", "Computer": "DESKTOP-OFJ6N53", "TimeCreated": "2025-08-22 09:47:37.138569+00:00", "RecordID": "68673", "Level": "3", "UserID": "S-1-5-18", "EventData.namespace": "http://schemas.microsoft.com/developer/appx/2015/build"}
{"EventID": "216", "Channel": "Microsoft-Windows-AppxPackaging/Operational", "Provider_Name": "Microsoft-Windows-AppxPackagingOM", "Computer": "DESKTOP-OFJ6N53", "TimeCreated": "2025-08-22 09:47:37.138569+00:00", "RecordID": "68674", "Level": "3", "UserID": "S-1-5-18", "EventData.namespace": "http://schemas.microsoft.com/appx/manifest/mobile/windows10"}
{"EventID": "216", "Channel": "Microsoft-Windows-AppxPackaging/Operational", "Provider_Name": "Microsoft-Windows-AppxPackagingOM", "Computer": "DESKTOP-OFJ6N53", "TimeCreated": "2025-08-22 09:47:37.443792+00:00", "RecordID": "68675", "Level": "3", "UserID": "S-1-5-18", "EventData.namespace": "http://schemas.microsoft.com/developer/appx/2015/build"}
{"EventID": "216", "Channel": "Microsoft-Windows-AppxPackaging/Operational", "Provider_Name": "Microsoft-Windows-AppxPackagingOM", "Computer": "DESKTOP-OFJ6N53", "TimeCreated": "2025-08-22 09:47:38.176981+00:00", "RecordID": "68676", "Level": "3", "UserID": "S-1-5-18", "EventData.namespace": "http://schemas.microsoft.com/developer/appx/2015/build"}
{"EventID": "216", "Channel": "Microsoft-Windows-AppxPackaging/Operational", "Provider_Name": "Microsoft-Windows-AppxPackagingOM", "Computer": "DESKTOP-OFJ6N53", "TimeCreated": "2025-08-22 09:47:38.490614+00:00", "RecordID": "68677", "Level": "3", "UserID": "S-1-5-18", "EventData.namespace": "http://schemas.microsoft.com/developer/appx/2015/build"}
{"EventID": "216", "Channel": "Microsoft-Windows-AppxPackaging/Operational", "Provider_Name": "Microsoft-Windows-AppxPackagingOM", "Computer": "DESKTOP-OFJ6N53", "TimeCreated": "2025-08-22 09:47:38.976677+00:00", "RecordID": "68678", "Level": "3", "UserID": "S-1-5-18", "EventData.namespace": "http://schemas.microsoft.com/developer/appx/2015/build"}
{"EventID": "216", "Channel": "Microsoft-Windows-AppxPackaging/Operational", "Provider_Name": "Microsoft-Windows-AppxPackagingOM", "Computer": "DESKTOP-OFJ6N53", "TimeCreated": "2025-08-22 09:47:44.727598+00:00", "RecordID": "68679", "Level": "3", "UserID": "S-1-5-18", "EventData.namespace": "http://schemas.microsoft.com/appx/manifest/uap/windows10/7"}
{"EventID": "216", "Channel": "Microsoft-Windows-AppxPackaging/Operational", "Provider_Name": "Microsoft-Windows-AppxPackagingOM", "Computer": "DESKTOP-OFJ6N53", "TimeCreated": "2025-08-22 09:47:45.075218+00:00", "RecordID": "68680", "Level": "3", "UserID": "S-1-5-18", "EventData.namespace": "http://schemas.microsoft.com/appx/manifest/uap/windows10/7"}
{"EventID": "216", "Channel": "Microsoft-Windows-AppxPackaging/Operational", "Provider_Name": "Microsoft-Windows-AppxPackagingOM", "Computer": "DESKTOP-OFJ6N53", "TimeCreated": "2025-08-22 09:47:48.913260+00:00", "RecordID": "68681", "Level": "3", "UserID": "S-1-5-18", "EventData.namespace": "http://schemas.microsoft.com/appx/manifest/uap/windows10/3"}
{"EventID": "216", "Channel": "Microsoft-Windows-AppxPackaging/Operational", "Provider_Name": "Microsoft-Windows-AppxPackagingOM", "Computer": "DESKTOP-OFJ6N53", "TimeCreated": "2025-08-22 09:47:49.218082+00:00", "RecordID": "68682", "Level": "3", "UserID": "S-1-5-18", "EventData.namespace": "http://schemas.microsoft.com/appx/manifest/uap/windows10/3"}
{"EventID": "216", "Channel": "Microsoft-Windows-AppxPackaging/Operational", "Provider_Name": "Microsoft-Windows-AppxPackagingOM", "Computer": "DESKTOP-OFJ6N53", "TimeCreated": "2025-08-22 09:48:07.786856+00:00", "RecordID": "68683", "Level": "3", "UserID": "S-1-5-18", "EventData.namespace": "http://schemas.microsoft.com/developer/appx/2015/build"}
{"EventID": "216", "Channel": "Microsoft-Windows-AppxPackaging/Operational", "Provider_Name": "Microsoft-Windows-AppxPackagingOM", "Computer": "DESKTOP-OFJ6N53", "TimeCreated": "2025-08-22 09:48:08.594385+00:00", "RecordID": "68684", "Level": "3", "UserID": "S-1-5-18", "EventData.namespace": "http://schemas.microsoft.com/developer/appx/2015/build"}
{"EventID": "216", "Channel": "Microsoft-Windows-AppxPackaging/Operational", "Provider_Name": "Microsoft-Windows-AppxPackagingOM", "Computer": "DESKTOP-OFJ6N53", "TimeCreated": "2025-08-22 09:48:10.773920+00:00", "RecordID": "68685", "Level": "3", "UserID": "S-1-5-18", "EventData.namespace": "http://schemas.microsoft.com/developer/appx/2015/build"}
{"EventID": "216", "Channel": "Microsoft-Windows-AppxPackaging/Operational", "Provider_Name": "Microsoft-Windows-AppxPackagingOM", "Computer": "DESKTOP-OFJ6N53", "TimeCreated": "2025-08-22 09:48:11.808468+00:00", "RecordID": "68686", "Level": "3", "UserID": "S-1-5-18", "EventData.namespace": "http://schemas.microsoft.com/developer/appx/2015/build"}
{"EventID": "216", "Channel": "Microsoft-Windows-AppxPackaging/Operational", "Provider_Name": "Microsoft-Windows-AppxPackagingOM", "Computer": "DESKTOP-OFJ6N53", "TimeCreated": "2025-08-22 09:48:12.635502+00:00", "RecordID": "68687", "Level": "3", "UserID": "S-1-5-18", "EventData.namespace": "http://schemas.microsoft.com/developer/appx/2015/build"}
{"EventID": "216", "Channel": "Microsoft-Windows-AppxPackaging/Operational", "Provider_Name": "Microsoft-Windows-AppxPackagingOM", "Computer": "DESKTOP-OFJ6N53", "TimeCreated": "2025-08-22 09:48:13.126003+00:00", "RecordID": "68688", "Level": "3", "UserID": "S-1-5-18", "EventData.namespace": "http://schemas.microsoft.com/developer/appx/2015/build"}
{"EventID": "216", "Channel": "Microsoft-Windows-AppxPackaging/Operational", "Provider_Name": "Microsoft-Windows-AppxPackagingOM", "Computer": "DESKTOP-OFJ6N53", "TimeCreated": "2025-08-22 09:48:15.907995+00:00", "RecordID": "68689", "Level": "3", "UserID": "S-1-5-18", "EventData.namespace": "http://schemas.microsoft.com/developer/appx/2015/build"}
{"EventID": "216", "Channel": "Microsoft-Windows-AppxPackaging/Operational", "Provider_Name": "Microsoft-Windows-AppxPackagingOM", "Computer": "DESKTOP-OFJ6N53", "TimeCreated": "2025-08-22 09:48:15.908005+00:00", "RecordID": "68690", "Level": "3", "UserID": "S-1-5-18", "EventData.namespace": "http://schemas.microsoft.com/appx/manifest/iot/windows10/2"}
{"EventID": "216", "Channel": "Microsoft-Windows-AppxPackaging/Operational", "Provider_Name": "Microsoft-Windows-AppxPackagingOM", "Computer": "DESKTOP-OFJ6N53", "TimeCreated": "2025-08-22 09:48:16.706490+00:00", "RecordID": "68691", "Level": "3", "UserID": "S-1-5-18", "EventData.namespace": "http://schemas.microsoft.com/developer/appx/2015/build"}
{"EventID": "216", "Channel": "Microsoft-Windows-AppxPackaging/Operational", "Provider_Name": "Microsoft-Windows-AppxPackagingOM", "Computer": "DESKTOP-OFJ6N53", "TimeCreated": "2025-08-22 09:48:16.706499+00:00", "RecordID": "68692", "Level": "3", "UserID": "S-1-5-18", "EventData.namespace": "http://schemas.microsoft.com/appx/manifest/iot/windows10/2"}
{"EventID": "216", "Channel": "Microsoft-Windows-AppxPackaging/Operational", "Provider_Name": "Microsoft-Windows-AppxPackagingOM", "Computer": "DESKTOP-OFJ6N53", "TimeCreated": "2025-08-22 09:48:22.295877+00:00", "RecordID": "68693", "Level": "3", "UserID": "S-1-5-18", "EventData.namespace": "http://schemas.microsoft.com/developer/appx/2015/build"}
{"EventID": "216", "Channel": "Microsoft-Windows-AppxPackaging/Operational", "Provider_Name": "Microsoft-Windows-AppxPackagingOM", "Computer": "DESKTOP-OFJ6N53", "TimeCreated": "2025-08-22 09:48:23.084160+00:00", "RecordID": "68694", "Level": "3", "UserID": "S-1-5-18", "EventData.namespace": "http://schemas.microsoft.com/developer/appx/2015/build"}
{"EventID": "216", "Channel": "Microsoft-Windows-AppxPackaging/Operational", "Provider_Name": "Microsoft-Windows-AppxPackagingOM", "Computer": "DESKTOP-OFJ6N53", "TimeCreated": "2025-08-22 09:48:23.902723+00:00", "RecordID": "68695", "Level": "3", "UserID": "S-1-5-18", "EventData.namespace": "http://schemas.microsoft.com/developer/appx/2015/build"}
{"EventID": "216", "Channel": "Microsoft-Windows-AppxPackaging/Operational", "Provider_Name": "Microsoft-Windows-AppxPackagingOM", "Computer": "DESKTOP-OFJ6N53", "TimeCreated": "2025-08-22 09:48:25.810532+00:00", "RecordID": "68696", "Level": "3", "UserID": "S-1-5-18", "EventData.namespace": "http://schemas.microsoft.com/developer/appx/2015/build"}
{"EventID": "216", "Channel": "Microsoft-Windows-AppxPackaging/Operational", "Provider_Name": "Microsoft-Windows-AppxPackagingOM", "Computer": "DESKTOP-OFJ6N53", "TimeCreated": "2025-08-22 09:48:28.135458+00:00", "RecordID": "68697", "Level": "3", "UserID": "S-1-5-18", "EventData.namespace": "http://schemas.microsoft.com/developer/appx/2015/build"}
{"EventID": "216", "Channel": "Microsoft-Windows-AppxPackaging/Operational", "Provider_Name": "Microsoft-Windows-AppxPackagingOM", "Computer": "DESKTOP-OFJ6N53", "TimeCreated": "2025-08-22 09:48:28.824158+00:00", "RecordID": "68698", "Level": "3", "UserID": "S-1-5-18", "EventData.namespace": "http://schemas.microsoft.com/developer/appx/2015/build"}
{"EventID": "216", "Channel": "Microsoft-Windows-AppxPackaging/Operational", "Provider_Name": "Microsoft-Windows-AppxPackagingOM", "Computer": "DESKTOP-OFJ6N53", "TimeCreated": "2025-08-22 09:48:30.910339+00:00", "RecordID": "68699", "Level": "3", "UserID": "S-1-5-18", "EventData.namespace": "http://schemas.microsoft.com/developer/appx/2015/build"}
{"EventID": "216", "Channel": "Microsoft-Windows-AppxPackaging/Operational", "Provider_Name": "Microsoft-Windows-AppxPackagingOM", "Computer": "DESKTOP-OFJ6N53", "TimeCreated": "2025-08-22 09:48:31.703602+00:00", "RecordID": "68700", "Level": "3", "UserID": "S-1-5-18", "EventData.namespace": "http://schemas.microsoft.com/developer/appx/2015/build"}
{"EventID": "216", "Channel": "Microsoft-Windows-AppxPackaging/Operational", "Provider_Name": "Microsoft-Windows-AppxPackagingOM", "Computer": "DESKTOP-OFJ6N53", "TimeCreated": "2025-08-22 09:48:32.995640+00:00", "RecordID": "68701", "Level": "3", "UserID": "S-1-5-18", "EventData.namespace": "http://schemas.microsoft.com/developer/appx/2015/build"}
{"EventID": "216", "Channel": "Microsoft-Windows-AppxPackaging/Operational", "Provider_Name": "Microsoft-Windows-AppxPackagingOM", "Computer": "DESKTOP-OFJ6N53", "TimeCreated": "2025-08-22 09:48:33.536266+00:00", "RecordID": "68702", "Level": "3", "UserID": "S-1-5-18", "EventData.namespace": "http://schemas.microsoft.com/developer/appx/2015/build"}
{"EventID": "216", "Channel": "Microsoft-Windows-AppxPackaging/Operational", "Provider_Name": "Microsoft-Windows-AppxPackagingOM", "Computer": "DESKTOP-OFJ6N53", "TimeCreated": "2025-08-22 09:48:35.218130+00:00", "RecordID": "68703", "Level": "3", "UserID": "S-1-5-18", "EventData.namespace": "http://schemas.microsoft.com/appx/manifest/iot/windows10"}
{"EventID": "216", "Channel": "Microsoft-Windows-AppxPackaging/Operational", "Provider_Name": "Microsoft-Windows-AppxPackagingOM", "Computer": "DESKTOP-OFJ6N53", "TimeCreated": "2025-08-22 09:48:35.218138+00:00", "RecordID": "68704", "Level": "3", "UserID": "S-1-5-18", "EventData.namespace": "http://schemas.microsoft.com/appx/manifest/mobile/windows10"}
{"EventID": "216", "Channel": "Microsoft-Windows-AppxPackaging/Operational", "Provider_Name": "Microsoft-Windows-AppxPackagingOM", "Computer": "DESKTOP-OFJ6N53", "TimeCreated": "2025-08-22 09:48:35.907728+00:00", "RecordID": "68705", "Level": "3", "UserID": "S-1-5-18", "EventData.namespace": "http://schemas.microsoft.com/appx/manifest/iot/windows10"}
{"EventID": "216", "Channel": "Microsoft-Windows-AppxPackaging/Operational", "Provider_Name": "Microsoft-Windows-AppxPackagingOM", "Computer": "DESKTOP-OFJ6N53", "TimeCreated": "2025-08-22 09:48:35.907732+00:00", "RecordID": "68706", "Level": "3", "UserID": "S-1-5-18", "EventData.namespace": "http://schemas.microsoft.com/appx/manifest/mobile/windows10"}
{"EventID": "216", "Channel": "Microsoft-Windows-AppxPackaging/Operational", "Provider_Name": "Microsoft-Windows-AppxPackagingOM", "Computer": "DESKTOP-OFJ6N53", "TimeCreated": "2025-08-22 09:48:37.193775+00:00", "RecordID": "68707", "Level": "3", "UserID": "S-1-5-18", "EventData.namespace": "http://schemas.microsoft.com/developer/appx/2015/build"}
{"EventID": "216", "Channel": "Microsoft-Windows-AppxPackaging/Operational", "Provider_Name": "Microsoft-Windows-AppxPackagingOM", "Computer": "DESKTOP-OFJ6N53", "TimeCreated": "2025-08-22 09:48:37.690283+00:00", "RecordID": "68708", "Level": "3", "UserID": "S-1-5-18", "EventData.namespace": "http://schemas.microsoft.com/developer/appx/2015/build"}
{"EventID": "216", "Channel": "Microsoft-Windows-AppxPackaging/Operational", "Provider_Name": "Microsoft-Windows-AppxPackagingOM", "Computer": "DESKTOP-OFJ6N53", "TimeCreated": "2025-08-22 09:48:38.729351+00:00", "RecordID": "68709", "Level": "3", "UserID": "S-1-5-18", "EventData.namespace": "http://schemas.microsoft.com/developer/appx/2015/build"}
{"EventID": "216", "Channel": "Microsoft-Windows-AppxPackaging/Operational", "Provider_Name": "Microsoft-Windows-AppxPackagingOM", "Computer": "DESKTOP-OFJ6N53", "TimeCreated": "2025-08-22 09:48:39.432920+00:00", "RecordID": "68710", "Level": "3", "UserID": "S-1-5-18", "EventData.namespace": "http://schemas.microsoft.com/developer/appx/2015/build"}
{"EventID": "216", "Channel": "Microsoft-Windows-AppxPackaging/Operational", "Provider_Name": "Microsoft-Windows-AppxPackagingOM", "Computer": "DESKTOP-OFJ6N53", "TimeCreated": "2025-08-22 09:48:42.857601+00:00", "RecordID": "68711", "Level": "3", "UserID": "S-1-5-18", "EventData.namespace": "http://schemas.microsoft.com/developer/appx/2015/build"}
{"EventID": "216", "Channel": "Microsoft-Windows-AppxPackaging/Operational", "Provider_Name": "Microsoft-Windows-AppxPackagingOM", "Computer": "DESKTOP-OFJ6N53", "TimeCreated": "2025-08-22 09:48:43.193182+00:00", "RecordID": "68712", "Level": "3", "UserID": "S-1-5-18", "EventData.namespace": "http://schemas.microsoft.com/developer/appx/2015/build"}
{"EventID": "216", "Channel": "Microsoft-Windows-AppxPackaging/Operational", "Provider_Name": "Microsoft-Windows-AppxPackagingOM", "Computer": "DESKTOP-OFJ6N53", "TimeCreated": "2025-08-22 09:48:44.103554+00:00", "RecordID": "68713", "Level": "3", "UserID": "S-1-5-18", "EventData.namespace": "http://schemas.microsoft.com/developer/appx/2015/build"}
{"EventID": "216", "Channel": "Microsoft-Windows-AppxPackaging/Operational", "Provider_Name": "Microsoft-Windows-AppxPackagingOM", "Computer": "DESKTOP-OFJ6N53", "TimeCreated": "2025-08-22 09:48:45.091105+00:00", "RecordID": "68714", "Level": "3", "UserID": "S-1-5-18", "EventData.namespace": "http://schemas.microsoft.com/developer/appx/2015/build"}
{"EventID": "216", "Channel": "Microsoft-Windows-AppxPackaging/Operational", "Provider_Name": "Microsoft-Windows-AppxPackagingOM", "Computer": "DESKTOP-OFJ6N53", "TimeCreated": "2025-08-22 09:48:46.526716+00:00", "RecordID": "68715", "Level": "3", "UserID": "S-1-5-18", "EventData.namespace": "http://schemas.microsoft.com/appx/manifest/virtualization/windows10"}
{"EventID": "216", "Channel": "Microsoft-Windows-AppxPackaging/Operational", "Provider_Name": "Microsoft-Windows-AppxPackagingOM", "Computer": "DESKTOP-OFJ6N53", "TimeCreated": "2025-08-22 09:48:47.485979+00:00", "RecordID": "68716", "Level": "3", "UserID": "S-1-5-18", "EventData.namespace": "http://schemas.microsoft.com/appx/manifest/virtualization/windows10"}
{"EventID": "216", "Channel": "Microsoft-Windows-AppxPackaging/Operational", "Provider_Name": "Microsoft-Windows-AppxPackagingOM", "Computer": "DESKTOP-OFJ6N53", "TimeCreated": "2025-08-22 09:48:49.821814+00:00", "RecordID": "68717", "Level": "3", "UserID": "S-1-5-18", "EventData.namespace": "http://schemas.microsoft.com/developer/appx/2015/build"}
{"EventID": "216", "Channel": "Microsoft-Windows-AppxPackaging/Operational", "Provider_Name": "Microsoft-Windows-AppxPackagingOM", "Computer": "DESKTOP-OFJ6N53", "TimeCreated": "2025-08-22 09:48:51.338402+00:00", "RecordID": "68718", "Level": "3", "UserID": "S-1-5-18", "EventData.namespace": "http://schemas.microsoft.com/developer/appx/2015/build"}
{"EventID": "216", "Channel": "Microsoft-Windows-AppxPackaging/Operational", "Provider_Name": "Microsoft-Windows-AppxPackagingOM", "Computer": "DESKTOP-OFJ6N53", "TimeCreated": "2025-08-22 09:48:54.154459+00:00", "RecordID": "68719", "Level": "3", "UserID": "S-1-5-18", "EventData.namespace": "http://schemas.microsoft.com/developer/appx/2015/build"}
{"EventID": "216", "Channel": "Microsoft-Windows-AppxPackaging/Operational", "Provider_Name": "Microsoft-Windows-AppxPackagingOM", "Computer": "DESKTOP-OFJ6N53", "TimeCreated": "2025-08-22 09:48:55.072357+00:00", "RecordID": "68720", "Level": "3", "UserID": "S-1-5-18", "EventData.namespace": "http://schemas.microsoft.com/developer/appx/2015/build"}
{"EventID": "216", "Channel": "Microsoft-Windows-AppxPackaging/Operational", "Provider_Name": "Microsoft-Windows-AppxPackagingOM", "Computer": "DESKTOP-OFJ6N53", "TimeCreated": "2025-08-22 09:48:58.077406+00:00", "RecordID": "68721", "Level": "3", "UserID": "S-1-5-18", "EventData.namespace": "http://schemas.microsoft.com/developer/appx/2015/build"}
{"EventID": "216", "Channel": "Microsoft-Windows-AppxPackaging/Operational", "Provider_Name": "Microsoft-Windows-AppxPackagingOM", "Computer": "DESKTOP-OFJ6N53", "TimeCreated": "2025-08-22 09:48:58.077431+00:00", "RecordID": "68722", "Level": "3", "UserID": "S-1-5-18", "EventData.namespace": "http://schemas.microsoft.com/appx/manifest/desktop/windows10/9"}
{"EventID": "216", "Channel": "Microsoft-Windows-AppxPackaging/Operational", "Provider_Name": "Microsoft-Windows-AppxPackagingOM", "Computer": "DESKTOP-OFJ6N53", "TimeCreated": "2025-08-22 09:48:59.391043+00:00", "RecordID": "68723", "Level": "3", "UserID": "S-1-5-18", "EventData.namespace": "http://schemas.microsoft.com/developer/appx/2015/build"}
{"EventID": "216", "Channel": "Microsoft-Windows-AppxPackaging/Operational", "Provider_Name": "Microsoft-Windows-AppxPackagingOM", "Computer": "DESKTOP-OFJ6N53", "TimeCreated": "2025-08-22 09:48:59.391096+00:00", "RecordID": "68724", "Level": "3", "UserID": "S-1-5-18", "EventData.namespace": "http://schemas.microsoft.com/appx/manifest/desktop/windows10/9"}
{"EventID": "216", "Channel": "Microsoft-Windows-AppxPackaging/Operational", "Provider_Name": "Microsoft-Windows-AppxPackagingOM", "Computer": "DESKTOP-OFJ6N53", "TimeCreated": "2025-08-22 09:49:01.135321+00:00", "RecordID": "68725", "Level": "3", "UserID": "S-1-5-18", "EventData.namespace": "http://schemas.microsoft.com/developer/appx/2015/build"}
{"EventID": "216", "Channel": "Microsoft-Windows-AppxPackaging/Operational", "Provider_Name": "Microsoft-Windows-AppxPackagingOM", "Computer": "DESKTOP-OFJ6N53", "TimeCreated": "2025-08-22 09:49:01.752279+00:00", "RecordID": "68726", "Level": "3", "UserID": "S-1-5-18", "EventData.namespace": "http://schemas.microsoft.com/developer/appx/2015/build"}
{"EventID": "216", "Channel": "Microsoft-Windows-AppxPackaging/Operational", "Provider_Name": "Microsoft-Windows-AppxPackagingOM", "Computer": "DESKTOP-OFJ6N53", "TimeCreated": "2025-08-22 09:49:02.783205+00:00", "RecordID": "68727", "Level": "3", "UserID": "S-1-5-18", "EventData.namespace": "http://schemas.microsoft.com/developer/appx/2015/build"}
{"EventID": "216", "Channel": "Microsoft-Windows-AppxPackaging/Operational", "Provider_Name": "Microsoft-Windows-AppxPackagingOM", "Computer": "DESKTOP-OFJ6N53", "TimeCreated": "2025-08-22 09:49:03.262909+00:00", "RecordID": "68728", "Level": "3", "UserID": "S-1-5-18", "EventData.namespace": "http://schemas.microsoft.com/developer/appx/2015/build"}
{"EventID": "216", "Channel": "Microsoft-Windows-AppxPackaging/Operational", "Provider_Name": "Microsoft-Windows-AppxPackagingOM", "Computer": "DESKTOP-OFJ6N53", "TimeCreated": "2025-08-22 09:49:04.253939+00:00", "RecordID": "68729", "Level": "3", "UserID": "S-1-5-18", "EventData.namespace": "http://schemas.microsoft.com/appx/manifest/uap/windows10/17"}
{"EventID": "216", "Channel": "Microsoft-Windows-AppxPackaging/Operational", "Provider_Name": "Microsoft-Windows-AppxPackagingOM", "Computer": "DESKTOP-OFJ6N53", "TimeCreated": "2025-08-22 09:49:04.798735+00:00", "RecordID": "68730", "Level": "3", "UserID": "S-1-5-18", "EventData.namespace": "http://schemas.microsoft.com/appx/manifest/uap/windows10/17"}
{"EventID": "216", "Channel": "Microsoft-Windows-AppxPackaging/Operational", "Provider_Name": "Microsoft-Windows-AppxPackagingOM", "Computer": "DESKTOP-OFJ6N53", "TimeCreated": "2025-08-22 09:49:07.457071+00:00", "RecordID": "68731", "Level": "3", "UserID": "S-1-5-18", "EventData.namespace": "http://schemas.microsoft.com/developer/appx/2015/build"}
{"EventID": "216", "Channel": "Microsoft-Windows-AppxPackaging/Operational", "Provider_Name": "Microsoft-Windows-AppxPackagingOM", "Computer": "DESKTOP-OFJ6N53", "TimeCreated": "2025-08-22 09:49:07.457085+00:00", "RecordID": "68732", "Level": "3", "UserID": "S-1-5-18", "EventData.namespace": "http://schemas.microsoft.com/appx/manifest/desktop/windows10/11"}
{"EventID": "216", "Channel": "Microsoft-Windows-AppxPackaging/Operational", "Provider_Name": "Microsoft-Windows-AppxPackagingOM", "Computer": "DESKTOP-OFJ6N53", "TimeCreated": "2025-08-22 09:49:08.092880+00:00", "RecordID": "68733", "Level": "3", "UserID": "S-1-5-18", "EventData.namespace": "http://schemas.microsoft.com/developer/appx/2015/build"}
{"EventID": "216", "Channel": "Microsoft-Windows-AppxPackaging/Operational", "Provider_Name": "Microsoft-Windows-AppxPackagingOM", "Computer": "DESKTOP-OFJ6N53", "TimeCreated": "2025-08-22 09:49:08.092894+00:00", "RecordID": "68734", "Level": "3", "UserID": "S-1-5-18", "EventData.namespace": "http://schemas.microsoft.com/appx/manifest/desktop/windows10/11"}
{"EventID": "216", "Channel": "Microsoft-Windows-AppxPackaging/Operational", "Provider_Name": "Microsoft-Windows-AppxPackagingOM", "Computer": "DESKTOP-OFJ6N53", "TimeCreated": "2025-08-22 09:49:09.439627+00:00", "RecordID": "68735", "Level": "3", "UserID": "S-1-5-18", "EventData.namespace": "http://schemas.microsoft.com/developer/appx/2015/build"}
{"EventID": "216", "Channel": "Microsoft-Windows-AppxPackaging/Operational", "Provider_Name": "Microsoft-Windows-AppxPackagingOM", "Computer": "DESKTOP-OFJ6N53", "TimeCreated": "2025-08-22 09:49:09.797386+00:00", "RecordID": "68736", "Level": "3", "UserID": "S-1-5-18", "EventData.namespace": "http://schemas.microsoft.com/developer/appx/2015/build"}
{"EventID": "216", "Channel": "Microsoft-Windows-AppxPackaging/Operational", "Provider_Name": "Microsoft-Windows-AppxPackagingOM", "Computer": "DESKTOP-OFJ6N53", "TimeCreated": "2025-08-22 09:49:11.007652+00:00", "RecordID": "68737", "Level": "3", "UserID": "S-1-5-18", "EventData.namespace": "http://schemas.microsoft.com/developer/appx/2015/build"}
{"EventID": "216", "Channel": "Microsoft-Windows-AppxPackaging/Operational", "Provider_Name": "Microsoft-Windows-AppxPackagingOM", "Computer": "DESKTOP-OFJ6N53", "TimeCreated": "2025-08-22 09:49:11.615231+00:00", "RecordID": "68738", "Level": "3", "UserID": "S-1-5-18", "EventData.namespace": "http://schemas.microsoft.com/developer/appx/2015/build"}
{"EventID": "216", "Channel": "Microsoft-Windows-AppxPackaging/Operational", "Provider_Name": "Microsoft-Windows-AppxPackagingOM", "Computer": "DESKTOP-OFJ6N53", "TimeCreated": "2025-08-22 09:49:13.327131+00:00", "RecordID": "68739", "Level": "3", "UserID": "S-1-5-18", "EventData.namespace": "http://schemas.microsoft.com/developer/appx/2015/build"}
{"EventID": "216", "Channel": "Microsoft-Windows-AppxPackaging/Operational", "Provider_Name": "Microsoft-Windows-AppxPackagingOM", "Computer": "DESKTOP-OFJ6N53", "TimeCreated": "2025-08-22 09:49:14.014971+00:00", "RecordID": "68740", "Level": "3", "UserID": "S-1-5-18", "EventData.namespace": "http://schemas.microsoft.com/developer/appx/2015/build"}
{"EventID": "216", "Channel": "Microsoft-Windows-AppxPackaging/Operational", "Provider_Name": "Microsoft-Windows-AppxPackagingOM", "Computer": "DESKTOP-OFJ6N53", "TimeCreated": "2025-08-22 09:49:15.701000+00:00", "RecordID": "68741", "Level": "3", "UserID": "S-1-5-18", "EventData.namespace": "http://schemas.microsoft.com/developer/appx/2015/build"}
{"EventID": "216", "Channel": "Microsoft-Windows-AppxPackaging/Operational", "Provider_Name": "Microsoft-Windows-AppxPackagingOM", "Computer": "DESKTOP-OFJ6N53", "TimeCreated": "2025-08-22 09:49:16.416100+00:00", "RecordID": "68742", "Level": "3", "UserID": "S-1-5-18", "EventData.namespace": "http://schemas.microsoft.com/developer/appx/2015/build"}
{"EventID": "216", "Channel": "Microsoft-Windows-AppxPackaging/Operational", "Provider_Name": "Microsoft-Windows-AppxPackagingOM", "Computer": "DESKTOP-OFJ6N53", "TimeCreated": "2025-08-22 09:49:18.171240+00:00", "RecordID": "68743", "Level": "3", "UserID": "S-1-5-18", "EventData.namespace": "http://schemas.microsoft.com/developer/appx/2015/build"}
{"EventID": "216", "Channel": "Microsoft-Windows-AppxPackaging/Operational", "Provider_Name": "Microsoft-Windows-AppxPackagingOM", "Computer": "DESKTOP-OFJ6N53", "TimeCreated": "2025-08-22 09:49:18.951706+00:00", "RecordID": "68744", "Level": "3", "UserID": "S-1-5-18", "EventData.namespace": "http://schemas.microsoft.com/developer/appx/2015/build"}
{"EventID": "216", "Channel": "Microsoft-Windows-AppxPackaging/Operational", "Provider_Name": "Microsoft-Windows-AppxPackagingOM", "Computer": "DESKTOP-OFJ6N53", "TimeCreated": "2025-08-22 09:49:19.857405+00:00", "RecordID": "68745", "Level": "3", "UserID": "S-1-5-18", "EventData.namespace": "http://schemas.microsoft.com/developer/appx/2015/build"}
{"EventID": "216", "Channel": "Microsoft-Windows-AppxPackaging/Operational", "Provider_Name": "Microsoft-Windows-AppxPackagingOM", "Computer": "DESKTOP-OFJ6N53", "TimeCreated": "2025-08-22 09:49:20.830109+00:00", "RecordID": "68746", "Level": "3", "UserID": "S-1-5-18", "EventData.namespace": "http://schemas.microsoft.com/developer/appx/2015/build"}
{"EventID": "216", "Channel": "Microsoft-Windows-AppxPackaging/Operational", "Provider_Name": "Microsoft-Windows-AppxPackagingOM", "Computer": "DESKTOP-OFJ6N53", "TimeCreated": "2025-08-22 09:49:23.256737+00:00", "RecordID": "68747", "Level": "3", "UserID": "S-1-5-18", "EventData.namespace": "http://schemas.microsoft.com/developer/appx/2015/build"}
{"EventID": "216", "Channel": "Microsoft-Windows-AppxPackaging/Operational", "Provider_Name": "Microsoft-Windows-AppxPackagingOM", "Computer": "DESKTOP-OFJ6N53", "TimeCreated": "2025-08-22 09:49:24.097546+00:00", "RecordID": "68748", "Level": "3", "UserID": "S-1-5-18", "EventData.namespace": "http://schemas.microsoft.com/developer/appx/2015/build"}
{"EventID": "216", "Channel": "Microsoft-Windows-AppxPackaging/Operational", "Provider_Name": "Microsoft-Windows-AppxPackagingOM", "Computer": "DESKTOP-OFJ6N53", "TimeCreated": "2025-08-22 09:49:27.939707+00:00", "RecordID": "68749", "Level": "3", "UserID": "S-1-5-18", "EventData.namespace": "http://schemas.microsoft.com/developer/appx/2015/build"}
{"EventID": "216", "Channel": "Microsoft-Windows-AppxPackaging/Operational", "Provider_Name": "Microsoft-Windows-AppxPackagingOM", "Computer": "DESKTOP-OFJ6N53", "TimeCreated": "2025-08-22 09:49:27.939720+00:00", "RecordID": "68750", "Level": "3", "UserID": "S-1-5-18", "EventData.namespace": "http://schemas.microsoft.com/appx/manifest/uap/windows10/17"}
{"EventID": "216", "Channel": "Microsoft-Windows-AppxPackaging/Operational", "Provider_Name": "Microsoft-Windows-AppxPackagingOM", "Computer": "DESKTOP-OFJ6N53", "TimeCreated": "2025-08-22 09:49:28.448227+00:00", "RecordID": "68751", "Level": "3", "UserID": "S-1-5-18", "EventData.namespace": "http://schemas.microsoft.com/developer/appx/2015/build"}
{"EventID": "216", "Channel": "Microsoft-Windows-AppxPackaging/Operational", "Provider_Name": "Microsoft-Windows-AppxPackagingOM", "Computer": "DESKTOP-OFJ6N53", "TimeCreated": "2025-08-22 09:49:28.448240+00:00", "RecordID": "68752", "Level": "3", "UserID": "S-1-5-18", "EventData.namespace": "http://schemas.microsoft.com/appx/manifest/uap/windows10/17"}
{"EventID": "216", "Channel": "Microsoft-Windows-AppxPackaging/Operational", "Provider_Name": "Microsoft-Windows-AppxPackagingOM", "Computer": "DESKTOP-OFJ6N53", "TimeCreated": "2025-08-22 09:49:32.956125+00:00", "RecordID": "68753", "Level": "3", "UserID": "S-1-5-18", "EventData.namespace": "http://schemas.microsoft.com/developer/appx/2015/build"}
{"EventID": "216", "Channel": "Microsoft-Windows-AppxPackaging/Operational", "Provider_Name": "Microsoft-Windows-AppxPackagingOM", "Computer": "DESKTOP-OFJ6N53", "TimeCreated": "2025-08-22 09:49:32.956152+00:00", "RecordID": "68754", "Level": "3", "UserID": "S-1-5-18", "EventData.namespace": "http://schemas.microsoft.com/appx/manifest/uap/windows10/13"}
{"EventID": "216", "Channel": "Microsoft-Windows-AppxPackaging/Operational", "Provider_Name": "Microsoft-Windows-AppxPackagingOM", "Computer": "DESKTOP-OFJ6N53", "TimeCreated": "2025-08-22 09:49:32.956161+00:00", "RecordID": "68755", "Level": "3", "UserID": "S-1-5-18", "EventData.namespace": "http://schemas.microsoft.com/appx/manifest/virtualization/windows10"}
{"EventID": "216", "Channel": "Microsoft-Windows-AppxPackaging/Operational", "Provider_Name": "Microsoft-Windows-AppxPackagingOM", "Computer": "DESKTOP-OFJ6N53", "TimeCreated": "2025-08-22 09:49:33.803471+00:00", "RecordID": "68756", "Level": "3", "UserID": "S-1-5-18", "EventData.namespace": "http://schemas.microsoft.com/developer/appx/2015/build"}
{"EventID": "216", "Channel": "Microsoft-Windows-AppxPackaging/Operational", "Provider_Name": "Microsoft-Windows-AppxPackagingOM", "Computer": "DESKTOP-OFJ6N53", "TimeCreated": "2025-08-22 09:49:33.803493+00:00", "RecordID": "68757", "Level": "3", "UserID": "S-1-5-18", "EventData.namespace": "http://schemas.microsoft.com/appx/manifest/uap/windows10/13"}
{"EventID": "216", "Channel": "Microsoft-Windows-AppxPackaging/Operational", "Provider_Name": "Microsoft-Windows-AppxPackagingOM", "Computer": "DESKTOP-OFJ6N53", "TimeCreated": "2025-08-22 09:49:33.803503+00:00", "RecordID": "68758", "Level": "3", "UserID": "S-1-5-18", "EventData.namespace": "http://schemas.microsoft.com/appx/manifest/virtualization/windows10"}
{"EventID": "216", "Channel": "Microsoft-Windows-AppxPackaging/Operational", "Provider_Name": "Microsoft-Windows-AppxPackagingOM", "Computer": "DESKTOP-OFJ6N53", "TimeCreated": "2025-08-22 09:49:35.473598+00:00", "RecordID": "68759", "Level": "3", "UserID": "S-1-5-18", "EventData.namespace": "http://schemas.microsoft.com/developer/appx/2015/build"}
{"EventID": "216", "Channel": "Microsoft-Windows-AppxPackaging/Operational", "Provider_Name": "Microsoft-Windows-AppxPackagingOM", "Computer": "DESKTOP-OFJ6N53", "TimeCreated": "2025-08-22 09:49:35.473639+00:00", "RecordID": "68760", "Level": "3", "UserID": "S-1-5-18", "EventData.namespace": "http://schemas.microsoft.com/appx/manifest/virtualization/windows10"}
{"EventID": "216", "Channel": "Microsoft-Windows-AppxPackaging/Operational", "Provider_Name": "Microsoft-Windows-AppxPackagingOM", "Computer": "DESKTOP-OFJ6N53", "TimeCreated": "2025-08-22 09:49:36.360168+00:00", "RecordID": "68761", "Level": "3", "UserID": "S-1-5-18", "EventData.namespace": "http://schemas.microsoft.com/developer/appx/2015/build"}
{"EventID": "216", "Channel": "Microsoft-Windows-AppxPackaging/Operational", "Provider_Name": "Microsoft-Windows-AppxPackagingOM", "Computer": "DESKTOP-OFJ6N53", "TimeCreated": "2025-08-22 09:49:36.360209+00:00", "RecordID": "68762", "Level": "3", "UserID": "S-1-5-18", "EventData.namespace": "http://schemas.microsoft.com/appx/manifest/virtualization/windows10"}
{"EventID": "216", "Channel": "Microsoft-Windows-AppxPackaging/Operational", "Provider_Name": "Microsoft-Windows-AppxPackagingOM", "Computer": "DESKTOP-OFJ6N53", "TimeCreated": "2025-08-23 00:06:55.031158+00:00", "RecordID": "68763", "Level": "3", "UserID": "S-1-5-18", "EventData.namespace": "http://schemas.microsoft.com/developer/appx/2015/build"}
{"EventID": "216", "Channel": "Microsoft-Windows-AppxPackaging/Operational", "Provider_Name": "Microsoft-Windows-AppxPackagingOM", "Computer": "DESKTOP-OFJ6N53", "TimeCreated": "2025-08-23 00:06:55.584927+00:00", "RecordID": "68764", "Level": "3", "UserID": "S-1-5-18", "EventData.namespace": "http://schemas.microsoft.com/developer/appx/2015/build"}
{"EventID": "216", "Channel": "Microsoft-Windows-AppxPackaging/Operational", "Provider_Name": "Microsoft-Windows-AppxPackagingOM", "Computer": "DESKTOP-OFJ6N53", "TimeCreated": "2025-08-23 00:06:56.234987+00:00", "RecordID": "68765", "Level": "3", "UserID": "S-1-5-18", "EventData.namespace": "http://schemas.microsoft.com/developer/appx/2015/build"}
{"EventID": "216", "Channel": "Microsoft-Windows-AppxPackaging/Operational", "Provider_Name": "Microsoft-Windows-AppxPackagingOM", "Computer": "DESKTOP-OFJ6N53", "TimeCreated": "2025-08-23 00:06:56.798197+00:00", "RecordID": "68766", "Level": "3", "UserID": "S-1-5-18", "EventData.namespace": "http://schemas.microsoft.com/developer/appx/2015/build"}
{"EventID": "216", "Channel": "Microsoft-Windows-AppxPackaging/Operational", "Provider_Name": "Microsoft-Windows-AppxPackagingOM", "Computer": "DESKTOP-OFJ6N53", "TimeCreated": "2025-08-23 00:06:57.443569+00:00", "RecordID": "68767", "Level": "3", "UserID": "S-1-5-18", "EventData.namespace": "http://schemas.microsoft.com/developer/appx/2015/build"}
{"EventID": "216", "Channel": "Microsoft-Windows-AppxPackaging/Operational", "Provider_Name": "Microsoft-Windows-AppxPackagingOM", "Computer": "DESKTOP-OFJ6N53", "TimeCreated": "2025-08-23 00:06:58.050888+00:00", "RecordID": "68768", "Level": "3", "UserID": "S-1-5-18", "EventData.namespace": "http://schemas.microsoft.com/developer/appx/2015/build"}
{"EventID": "216", "Channel": "Microsoft-Windows-AppxPackaging/Operational", "Provider_Name": "Microsoft-Windows-AppxPackagingOM", "Computer": "DESKTOP-OFJ6N53", "TimeCreated": "2025-08-23 00:06:58.915834+00:00", "RecordID": "68769", "Level": "3", "UserID": "S-1-5-18", "EventData.namespace": "http://schemas.microsoft.com/developer/appx/2015/build"}
{"EventID": "216", "Channel": "Microsoft-Windows-AppxPackaging/Operational", "Provider_Name": "Microsoft-Windows-AppxPackagingOM", "Computer": "DESKTOP-OFJ6N53", "TimeCreated": "2025-08-23 00:06:59.548161+00:00", "RecordID": "68770", "Level": "3", "UserID": "S-1-5-18", "EventData.namespace": "http://schemas.microsoft.com/developer/appx/2015/build"}
{"EventID": "216", "Channel": "Microsoft-Windows-AppxPackaging/Operational", "Provider_Name": "Microsoft-Windows-AppxPackagingOM", "Computer": "DESKTOP-OFJ6N53", "TimeCreated": "2025-08-23 00:06:59.762882+00:00", "RecordID": "68771", "Level": "3", "UserID": "S-1-5-18", "EventData.namespace": "http://schemas.microsoft.com/developer/appx/2015/build"}
{"EventID": "216", "Channel": "Microsoft-Windows-AppxPackaging/Operational", "Provider_Name": "Microsoft-Windows-AppxPackagingOM", "Computer": "DESKTOP-OFJ6N53", "TimeCreated": "2025-08-23 00:07:00.093992+00:00", "RecordID": "68772", "Level": "3", "UserID": "S-1-5-18", "EventData.namespace": "http://schemas.microsoft.com/developer/appx/2015/build"}
{"EventID": "216", "Channel": "Microsoft-Windows-AppxPackaging/Operational", "Provider_Name": "Microsoft-Windows-AppxPackagingOM", "Computer": "DESKTOP-OFJ6N53", "TimeCreated": "2025-08-23 00:07:00.094002+00:00", "RecordID": "68773", "Level": "3", "UserID": "S-1-5-18", "EventData.namespace": "http://schemas.microsoft.com/appx/manifest/mobile/windows10"}
{"EventID": "216", "Channel": "Microsoft-Windows-AppxPackaging/Operational", "Provider_Name": "Microsoft-Windows-AppxPackagingOM", "Computer": "DESKTOP-OFJ6N53", "TimeCreated": "2025-08-23 00:07:00.601559+00:00", "RecordID": "68774", "Level": "3", "UserID": "S-1-5-18", "EventData.namespace": "http://schemas.microsoft.com/developer/appx/2015/build"}
{"EventID": "216", "Channel": "Microsoft-Windows-AppxPackaging/Operational", "Provider_Name": "Microsoft-Windows-AppxPackagingOM", "Computer": "DESKTOP-OFJ6N53", "TimeCreated": "2025-08-23 00:07:01.133499+00:00", "RecordID": "68775", "Level": "3", "UserID": "S-1-5-18", "EventData.namespace": "http://schemas.microsoft.com/developer/appx/2015/build"}
{"EventID": "216", "Channel": "Microsoft-Windows-AppxPackaging/Operational", "Provider_Name": "Microsoft-Windows-AppxPackagingOM", "Computer": "DESKTOP-OFJ6N53", "TimeCreated": "2025-08-23 00:07:02.148712+00:00", "RecordID": "68776", "Level": "3", "UserID": "S-1-5-18", "EventData.namespace": "http://schemas.microsoft.com/appx/manifest/uap/windows10/7"}
{"EventID": "216", "Channel": "Microsoft-Windows-AppxPackaging/Operational", "Provider_Name": "Microsoft-Windows-AppxPackagingOM", "Computer": "DESKTOP-OFJ6N53", "TimeCreated": "2025-08-23 00:07:02.815550+00:00", "RecordID": "68777", "Level": "3", "UserID": "S-1-5-18", "EventData.namespace": "http://schemas.microsoft.com/appx/manifest/uap/windows10/3"}
{"EventID": "216", "Channel": "Microsoft-Windows-AppxPackaging/Operational", "Provider_Name": "Microsoft-Windows-AppxPackagingOM", "Computer": "DESKTOP-OFJ6N53", "TimeCreated": "2025-08-23 00:07:04.948786+00:00", "RecordID": "68778", "Level": "3", "UserID": "S-1-5-18", "EventData.namespace": "http://schemas.microsoft.com/developer/appx/2015/build"}
{"EventID": "216", "Channel": "Microsoft-Windows-AppxPackaging/Operational", "Provider_Name": "Microsoft-Windows-AppxPackagingOM", "Computer": "DESKTOP-OFJ6N53", "TimeCreated": "2025-08-23 00:07:05.984646+00:00", "RecordID": "68779", "Level": "3", "UserID": "S-1-5-18", "EventData.namespace": "http://schemas.microsoft.com/developer/appx/2015/build"}
{"EventID": "216", "Channel": "Microsoft-Windows-AppxPackaging/Operational", "Provider_Name": "Microsoft-Windows-AppxPackagingOM", "Computer": "DESKTOP-OFJ6N53", "TimeCreated": "2025-08-23 00:07:06.642120+00:00", "RecordID": "68780", "Level": "3", "UserID": "S-1-5-18", "EventData.namespace": "http://schemas.microsoft.com/developer/appx/2015/build"}
{"EventID": "216", "Channel": "Microsoft-Windows-AppxPackaging/Operational", "Provider_Name": "Microsoft-Windows-AppxPackagingOM", "Computer": "DESKTOP-OFJ6N53", "TimeCreated": "2025-08-23 00:07:07.257322+00:00", "RecordID": "68781", "Level": "3", "UserID": "S-1-5-18", "EventData.namespace": "http://schemas.microsoft.com/developer/appx/2015/build"}
{"EventID": "216", "Channel": "Microsoft-Windows-AppxPackaging/Operational", "Provider_Name": "Microsoft-Windows-AppxPackagingOM", "Computer": "DESKTOP-OFJ6N53", "TimeCreated": "2025-08-23 00:07:07.257332+00:00", "RecordID": "68782", "Level": "3", "UserID": "S-1-5-18", "EventData.namespace": "http://schemas.microsoft.com/appx/manifest/iot/windows10/2"}
{"EventID": "216", "Channel": "Microsoft-Windows-AppxPackaging/Operational", "Provider_Name": "Microsoft-Windows-AppxPackagingOM", "Computer": "DESKTOP-OFJ6N53", "TimeCreated": "2025-08-23 00:07:09.058056+00:00", "RecordID": "68783", "Level": "3", "UserID": "S-1-5-18", "EventData.namespace": "http://schemas.microsoft.com/developer/appx/2015/build"}
{"EventID": "216", "Channel": "Microsoft-Windows-AppxPackaging/Operational", "Provider_Name": "Microsoft-Windows-AppxPackagingOM", "Computer": "DESKTOP-OFJ6N53", "TimeCreated": "2025-08-23 00:07:09.493937+00:00", "RecordID": "68784", "Level": "3", "UserID": "S-1-5-18", "EventData.namespace": "http://schemas.microsoft.com/developer/appx/2015/build"}
{"EventID": "216", "Channel": "Microsoft-Windows-AppxPackaging/Operational", "Provider_Name": "Microsoft-Windows-AppxPackagingOM", "Computer": "DESKTOP-OFJ6N53", "TimeCreated": "2025-08-23 00:07:10.154245+00:00", "RecordID": "68785", "Level": "3", "UserID": "S-1-5-18", "EventData.namespace": "http://schemas.microsoft.com/developer/appx/2015/build"}
{"EventID": "216", "Channel": "Microsoft-Windows-AppxPackaging/Operational", "Provider_Name": "Microsoft-Windows-AppxPackagingOM", "Computer": "DESKTOP-OFJ6N53", "TimeCreated": "2025-08-23 00:07:10.332911+00:00", "RecordID": "68786", "Level": "3", "UserID": "S-1-5-18", "EventData.namespace": "http://schemas.microsoft.com/developer/appx/2015/build"}
{"EventID": "216", "Channel": "Microsoft-Windows-AppxPackaging/Operational", "Provider_Name": "Microsoft-Windows-AppxPackagingOM", "Computer": "DESKTOP-OFJ6N53", "TimeCreated": "2025-08-23 00:07:10.641624+00:00", "RecordID": "68787", "Level": "3", "UserID": "S-1-5-18", "EventData.namespace": "http://schemas.microsoft.com/developer/appx/2015/build"}
{"EventID": "216", "Channel": "Microsoft-Windows-AppxPackaging/Operational", "Provider_Name": "Microsoft-Windows-AppxPackagingOM", "Computer": "DESKTOP-OFJ6N53", "TimeCreated": "2025-08-23 00:07:10.780659+00:00", "RecordID": "68788", "Level": "3", "UserID": "S-1-5-18", "EventData.namespace": "http://schemas.microsoft.com/appx/manifest/iot/windows10"}
{"EventID": "216", "Channel": "Microsoft-Windows-AppxPackaging/Operational", "Provider_Name": "Microsoft-Windows-AppxPackagingOM", "Computer": "DESKTOP-OFJ6N53", "TimeCreated": "2025-08-23 00:07:10.780663+00:00", "RecordID": "68789", "Level": "3", "UserID": "S-1-5-18", "EventData.namespace": "http://schemas.microsoft.com/appx/manifest/mobile/windows10"}
{"EventID": "216", "Channel": "Microsoft-Windows-AppxPackaging/Operational", "Provider_Name": "Microsoft-Windows-AppxPackagingOM", "Computer": "DESKTOP-OFJ6N53", "TimeCreated": "2025-08-23 00:07:11.683418+00:00", "RecordID": "68790", "Level": "3", "UserID": "S-1-5-18", "EventData.namespace": "http://schemas.microsoft.com/developer/appx/2015/build"}
{"EventID": "216", "Channel": "Microsoft-Windows-AppxPackaging/Operational", "Provider_Name": "Microsoft-Windows-AppxPackagingOM", "Computer": "DESKTOP-OFJ6N53", "TimeCreated": "2025-08-23 00:07:12.039890+00:00", "RecordID": "68791", "Level": "3", "UserID": "S-1-5-18", "EventData.namespace": "http://schemas.microsoft.com/developer/appx/2015/build"}
{"EventID": "216", "Channel": "Microsoft-Windows-AppxPackaging/Operational", "Provider_Name": "Microsoft-Windows-AppxPackagingOM", "Computer": "DESKTOP-OFJ6N53", "TimeCreated": "2025-08-23 00:07:12.710791+00:00", "RecordID": "68792", "Level": "3", "UserID": "S-1-5-18", "EventData.namespace": "http://schemas.microsoft.com/developer/appx/2015/build"}
{"EventID": "216", "Channel": "Microsoft-Windows-AppxPackaging/Operational", "Provider_Name": "Microsoft-Windows-AppxPackagingOM", "Computer": "DESKTOP-OFJ6N53", "TimeCreated": "2025-08-23 00:07:13.035110+00:00", "RecordID": "68793", "Level": "3", "UserID": "S-1-5-18", "EventData.namespace": "http://schemas.microsoft.com/developer/appx/2015/build"}
{"EventID": "216", "Channel": "Microsoft-Windows-AppxPackaging/Operational", "Provider_Name": "Microsoft-Windows-AppxPackagingOM", "Computer": "DESKTOP-OFJ6N53", "TimeCreated": "2025-08-23 00:07:13.485567+00:00", "RecordID": "68794", "Level": "3", "UserID": "S-1-5-18", "EventData.namespace": "http://schemas.microsoft.com/appx/manifest/virtualization/windows10"}
{"EventID": "216", "Channel": "Microsoft-Windows-AppxPackaging/Operational", "Provider_Name": "Microsoft-Windows-AppxPackagingOM", "Computer": "DESKTOP-OFJ6N53", "TimeCreated": "2025-08-23 00:07:13.879599+00:00", "RecordID": "68795", "Level": "3", "UserID": "S-1-5-18", "EventData.namespace": "http://schemas.microsoft.com/developer/appx/2015/build"}
{"EventID": "216", "Channel": "Microsoft-Windows-AppxPackaging/Operational", "Provider_Name": "Microsoft-Windows-AppxPackagingOM", "Computer": "DESKTOP-OFJ6N53", "TimeCreated": "2025-08-23 00:07:14.242134+00:00", "RecordID": "68796", "Level": "3", "UserID": "S-1-5-18", "EventData.namespace": "http://schemas.microsoft.com/developer/appx/2015/build"}
{"EventID": "216", "Channel": "Microsoft-Windows-AppxPackaging/Operational", "Provider_Name": "Microsoft-Windows-AppxPackagingOM", "Computer": "DESKTOP-OFJ6N53", "TimeCreated": "2025-08-23 00:07:14.665228+00:00", "RecordID": "68797", "Level": "3", "UserID": "S-1-5-18", "EventData.namespace": "http://schemas.microsoft.com/developer/appx/2015/build"}
{"EventID": "216", "Channel": "Microsoft-Windows-AppxPackaging/Operational", "Provider_Name": "Microsoft-Windows-AppxPackagingOM", "Computer": "DESKTOP-OFJ6N53", "TimeCreated": "2025-08-23 00:07:14.665310+00:00", "RecordID": "68798", "Level": "3", "UserID": "S-1-5-18", "EventData.namespace": "http://schemas.microsoft.com/appx/manifest/desktop/windows10/9"}
{"EventID": "216", "Channel": "Microsoft-Windows-AppxPackaging/Operational", "Provider_Name": "Microsoft-Windows-AppxPackagingOM", "Computer": "DESKTOP-OFJ6N53", "TimeCreated": "2025-08-23 00:07:15.274673+00:00", "RecordID": "68799", "Level": "3", "UserID": "S-1-5-18", "EventData.namespace": "http://schemas.microsoft.com/developer/appx/2015/build"}
{"EventID": "216", "Channel": "Microsoft-Windows-AppxPackaging/Operational", "Provider_Name": "Microsoft-Windows-AppxPackagingOM", "Computer": "DESKTOP-OFJ6N53", "TimeCreated": "2025-08-23 00:07:15.382837+00:00", "RecordID": "68800", "Level": "3", "UserID": "S-1-5-18", "EventData.namespace": "http://schemas.microsoft.com/developer/appx/2015/build"}
{"EventID": "216", "Channel": "Microsoft-Windows-AppxPackaging/Operational", "Provider_Name": "Microsoft-Windows-AppxPackagingOM", "Computer": "DESKTOP-OFJ6N53", "TimeCreated": "2025-08-23 00:07:15.703001+00:00", "RecordID": "68801", "Level": "3", "UserID": "S-1-5-18", "EventData.namespace": "http://schemas.microsoft.com/appx/manifest/uap/windows10/17"}
{"EventID": "216", "Channel": "Microsoft-Windows-AppxPackaging/Operational", "Provider_Name": "Microsoft-Windows-AppxPackagingOM", "Computer": "DESKTOP-OFJ6N53", "TimeCreated": "2025-08-23 00:07:16.621181+00:00", "RecordID": "68802", "Level": "3", "UserID": "S-1-5-18", "EventData.namespace": "http://schemas.microsoft.com/developer/appx/2015/build"}
{"EventID": "216", "Channel": "Microsoft-Windows-AppxPackaging/Operational", "Provider_Name": "Microsoft-Windows-AppxPackagingOM", "Computer": "DESKTOP-OFJ6N53", "TimeCreated": "2025-08-23 00:07:16.621199+00:00", "RecordID": "68803", "Level": "3", "UserID": "S-1-5-18", "EventData.namespace": "http://schemas.microsoft.com/appx/manifest/desktop/windows10/11"}
{"EventID": "216", "Channel": "Microsoft-Windows-AppxPackaging/Operational", "Provider_Name": "Microsoft-Windows-AppxPackagingOM", "Computer": "DESKTOP-OFJ6N53", "TimeCreated": "2025-08-23 00:07:16.858637+00:00", "RecordID": "68804", "Level": "3", "UserID": "S-1-5-18", "EventData.namespace": "http://schemas.microsoft.com/developer/appx/2015/build"}
{"EventID": "216", "Channel": "Microsoft-Windows-AppxPackaging/Operational", "Provider_Name": "Microsoft-Windows-AppxPackagingOM", "Computer": "DESKTOP-OFJ6N53", "TimeCreated": "2025-08-23 00:07:17.043835+00:00", "RecordID": "68805", "Level": "3", "UserID": "S-1-5-18", "EventData.namespace": "http://schemas.microsoft.com/developer/appx/2015/build"}
{"EventID": "216", "Channel": "Microsoft-Windows-AppxPackaging/Operational", "Provider_Name": "Microsoft-Windows-AppxPackagingOM", "Computer": "DESKTOP-OFJ6N53", "TimeCreated": "2025-08-23 00:07:17.484026+00:00", "RecordID": "68806", "Level": "3", "UserID": "S-1-5-18", "EventData.namespace": "http://schemas.microsoft.com/developer/appx/2015/build"}
{"EventID": "216", "Channel": "Microsoft-Windows-AppxPackaging/Operational", "Provider_Name": "Microsoft-Windows-AppxPackagingOM", "Computer": "DESKTOP-OFJ6N53", "TimeCreated": "2025-08-23 00:07:17.724098+00:00", "RecordID": "68807", "Level": "3", "UserID": "S-1-5-18", "EventData.namespace": "http://schemas.microsoft.com/developer/appx/2015/build"}
{"EventID": "216", "Channel": "Microsoft-Windows-AppxPackaging/Operational", "Provider_Name": "Microsoft-Windows-AppxPackagingOM", "Computer": "DESKTOP-OFJ6N53", "TimeCreated": "2025-08-23 00:07:17.860397+00:00", "RecordID": "68808", "Level": "3", "UserID": "S-1-5-18", "EventData.namespace": "http://schemas.microsoft.com/developer/appx/2015/build"}
{"EventID": "216", "Channel": "Microsoft-Windows-AppxPackaging/Operational", "Provider_Name": "Microsoft-Windows-AppxPackagingOM", "Computer": "DESKTOP-OFJ6N53", "TimeCreated": "2025-08-23 00:07:18.054438+00:00", "RecordID": "68809", "Level": "3", "UserID": "S-1-5-18", "EventData.namespace": "http://schemas.microsoft.com/developer/appx/2015/build"}
{"EventID": "216", "Channel": "Microsoft-Windows-AppxPackaging/Operational", "Provider_Name": "Microsoft-Windows-AppxPackagingOM", "Computer": "DESKTOP-OFJ6N53", "TimeCreated": "2025-08-23 00:07:18.286495+00:00", "RecordID": "68810", "Level": "3", "UserID": "S-1-5-18", "EventData.namespace": "http://schemas.microsoft.com/developer/appx/2015/build"}
