{"EventID": "101", "Channel": "Microsoft-Windows-SmartCard-DeviceEnum/Operational", "Provider_Name": "Microsoft-Windows-SmartCard-DeviceEnum", "Computer": "DESKTOP-OFJ6N53", "TimeCreated": "2024-11-20 14:41:00.413063+00:00", "RecordID": "5716", "Level": "4", "UserID": "S-1-5-18", "EventData.InstancePath": "SWD\\ScDeviceEnum\\1_Aladdin_Token_JC_0", "EventData.SessionId": "1"}
{"EventID": "102", "Channel": "Microsoft-Windows-SmartCard-DeviceEnum/Operational", "Provider_Name": "Microsoft-Windows-SmartCard-DeviceEnum", "Computer": "DESKTOP-OFJ6N53", "TimeCreated": "2024-11-20 14:44:54.507442+00:00", "RecordID": "5717", "Level": "4", "UserID": "S-1-5-18", "EventData.InstancePath": "SWD\\ScDeviceEnum\\1_Windows_Hello_for_Business_1", "EventData.SessionId": "1"}
{"EventID": "102", "Channel": "Microsoft-Windows-SmartCard-DeviceEnum/Operational", "Provider_Name": "Microsoft-Windows-SmartCard-DeviceEnum", "Computer": "DESKTOP-OFJ6N53", "TimeCreated": "2024-11-20 14:44:54.527218+00:00", "RecordID": "5718", "Level": "4", "UserID": "S-1-5-18", "EventData.InstancePath": "SWD\\ScDeviceEnum\\1_Aladdin_Token_JC_0", "EventData.SessionId": "1"}
{"EventID": "104", "Channel": "Microsoft-Windows-SmartCard-DeviceEnum/Operational", "Provider_Name": "Microsoft-Windows-SmartCard-DeviceEnum", "Computer": "DESKTOP-OFJ6N53", "TimeCreated": "2024-11-20 14:45:54.701395+00:00", "RecordID": "5719", "Level": "4", "UserID": "S-1-5-18"}
{"EventID": "101", "Channel": "Microsoft-Windows-SmartCard-DeviceEnum/Operational", "Provider_Name": "Microsoft-Windows-SmartCard-DeviceEnum", "Computer": "DESKTOP-OFJ6N53", "TimeCreated": "2024-11-20 14:53:27.735519+00:00", "RecordID": "5720", "Level": "4", "UserID": "S-1-5-18", "EventData.InstancePath": "SWD\\ScDeviceEnumBus\\1", "EventData.SessionId": "0"}
{"EventID": "101", "Channel": "Microsoft-Windows-SmartCard-DeviceEnum/Operational", "Provider_Name": "Microsoft-Windows-SmartCard-DeviceEnum", "Computer": "DESKTOP-OFJ6N53", "TimeCreated": "2024-11-20 14:53:27.735535+00:00", "RecordID": "5721", "Level": "4", "UserID": "S-1-5-18", "EventData.InstancePath": "SWD\\ScDeviceEnumBus\\0", "EventData.SessionId": "0"}
{"EventID": "103", "Channel": "Microsoft-Windows-SmartCard-DeviceEnum/Operational", "Provider_Name": "Microsoft-Windows-SmartCard-DeviceEnum", "Computer": "DESKTOP-OFJ6N53", "TimeCreated": "2024-11-20 14:53:27.753548+00:00", "RecordID": "5722", "Level": "4", "UserID": "S-1-5-18"}
{"EventID": "101", "Channel": "Microsoft-Windows-SmartCard-DeviceEnum/Operational", "Provider_Name": "Microsoft-Windows-SmartCard-DeviceEnum", "Computer": "DESKTOP-OFJ6N53", "TimeCreated": "2024-11-20 14:53:27.990705+00:00", "RecordID": "5723", "Level": "4", "UserID": "S-1-5-18", "EventData.InstancePath": "SWD\\ScDeviceEnum\\1_Windows_Hello_for_Business_1", "EventData.SessionId": "1"}
{"EventID": "101", "Channel": "Microsoft-Windows-SmartCard-DeviceEnum/Operational", "Provider_Name": "Microsoft-Windows-SmartCard-DeviceEnum", "Computer": "DESKTOP-OFJ6N53", "TimeCreated": "2024-11-20 14:53:28.020317+00:00", "RecordID": "5724", "Level": "4", "UserID": "S-1-5-18", "EventData.InstancePath": "SWD\\ScDeviceEnum\\1_Aladdin_Token_JC_0", "EventData.SessionId": "1"}
{"EventID": "102", "Channel": "Microsoft-Windows-SmartCard-DeviceEnum/Operational", "Provider_Name": "Microsoft-Windows-SmartCard-DeviceEnum", "Computer": "DESKTOP-OFJ6N53", "TimeCreated": "2024-11-20 14:54:15.385284+00:00", "RecordID": "5725", "Level": "4", "UserID": "S-1-5-18", "EventData.InstancePath": "SWD\\ScDeviceEnum\\1_Aladdin_Token_JC_0", "EventData.SessionId": "1"}
{"EventID": "102", "Channel": "Microsoft-Windows-SmartCard-DeviceEnum/Operational", "Provider_Name": "Microsoft-Windows-SmartCard-DeviceEnum", "Computer": "DESKTOP-OFJ6N53", "TimeCreated": "2024-11-21 07:12:26.542816+00:00", "RecordID": "5726", "Level": "4", "UserID": "S-1-5-18", "EventData.InstancePath": "SWD\\ScDeviceEnum\\1_Windows_Hello_for_Business_1", "EventData.SessionId": "1"}
{"EventID": "101", "Channel": "Microsoft-Windows-SmartCard-DeviceEnum/Operational", "Provider_Name": "Microsoft-Windows-SmartCard-DeviceEnum", "Computer": "DESKTOP-OFJ6N53", "TimeCreated": "2024-11-21 07:12:38.662365+00:00", "RecordID": "5727", "Level": "4", "UserID": "S-1-5-18", "EventData.InstancePath": "SWD\\ScDeviceEnum\\1_Windows_Hello_for_Business_1", "EventData.SessionId": "1"}
{"EventID": "102", "Channel": "Microsoft-Windows-SmartCard-DeviceEnum/Operational", "Provider_Name": "Microsoft-Windows-SmartCard-DeviceEnum", "Computer": "DESKTOP-OFJ6N53", "TimeCreated": "2024-11-21 09:26:02.456232+00:00", "RecordID": "5728", "Level": "4", "UserID": "S-1-5-18", "EventData.InstancePath": "SWD\\ScDeviceEnum\\1_Windows_Hello_for_Business_1", "EventData.SessionId": "1"}
{"EventID": "104", "Channel": "Microsoft-Windows-SmartCard-DeviceEnum/Operational", "Provider_Name": "Microsoft-Windows-SmartCard-DeviceEnum", "Computer": "DESKTOP-OFJ6N53", "TimeCreated": "2024-11-21 09:27:02.683992+00:00", "RecordID": "5729", "Level": "4", "UserID": "S-1-5-18"}
{"EventID": "101", "Channel": "Microsoft-Windows-SmartCard-DeviceEnum/Operational", "Provider_Name": "Microsoft-Windows-SmartCard-DeviceEnum", "Computer": "DESKTOP-OFJ6N53", "TimeCreated": "2024-11-27 12:52:37.885695+00:00", "RecordID": "5730", "Level": "4", "UserID": "S-1-5-18", "EventData.InstancePath": "SWD\\ScDeviceEnumBus\\1", "EventData.SessionId": "0"}
{"EventID": "101", "Channel": "Microsoft-Windows-SmartCard-DeviceEnum/Operational", "Provider_Name": "Microsoft-Windows-SmartCard-DeviceEnum", "Computer": "DESKTOP-OFJ6N53", "TimeCreated": "2024-11-27 12:52:37.885721+00:00", "RecordID": "5731", "Level": "4", "UserID": "S-1-5-18", "EventData.InstancePath": "SWD\\ScDeviceEnumBus\\0", "EventData.SessionId": "0"}
{"EventID": "103", "Channel": "Microsoft-Windows-SmartCard-DeviceEnum/Operational", "Provider_Name": "Microsoft-Windows-SmartCard-DeviceEnum", "Computer": "DESKTOP-OFJ6N53", "TimeCreated": "2024-11-27 12:52:37.956955+00:00", "RecordID": "5732", "Level": "4", "UserID": "S-1-5-18"}
{"EventID": "101", "Channel": "Microsoft-Windows-SmartCard-DeviceEnum/Operational", "Provider_Name": "Microsoft-Windows-SmartCard-DeviceEnum", "Computer": "DESKTOP-OFJ6N53", "TimeCreated": "2024-11-27 12:52:38.323135+00:00", "RecordID": "5733", "Level": "4", "UserID": "S-1-5-18", "EventData.InstancePath": "SWD\\ScDeviceEnum\\1_Windows_Hello_for_Business_1", "EventData.SessionId": "1"}
{"EventID": "102", "Channel": "Microsoft-Windows-SmartCard-DeviceEnum/Operational", "Provider_Name": "Microsoft-Windows-SmartCard-DeviceEnum", "Computer": "DESKTOP-OFJ6N53", "TimeCreated": "2024-11-27 13:51:03.117691+00:00", "RecordID": "5734", "Level": "4", "UserID": "S-1-5-18", "EventData.InstancePath": "SWD\\ScDeviceEnum\\1_Windows_Hello_for_Business_1", "EventData.SessionId": "1"}
{"EventID": "104", "Channel": "Microsoft-Windows-SmartCard-DeviceEnum/Operational", "Provider_Name": "Microsoft-Windows-SmartCard-DeviceEnum", "Computer": "DESKTOP-OFJ6N53", "TimeCreated": "2024-11-27 13:52:03.406178+00:00", "RecordID": "5735", "Level": "4", "UserID": "S-1-5-18"}
{"EventID": "101", "Channel": "Microsoft-Windows-SmartCard-DeviceEnum/Operational", "Provider_Name": "Microsoft-Windows-SmartCard-DeviceEnum", "Computer": "DESKTOP-OFJ6N53", "TimeCreated": "2024-11-27 13:54:37.757767+00:00", "RecordID": "5736", "Level": "4", "UserID": "S-1-5-18", "EventData.InstancePath": "SWD\\ScDeviceEnumBus\\1", "EventData.SessionId": "0"}
{"EventID": "101", "Channel": "Microsoft-Windows-SmartCard-DeviceEnum/Operational", "Provider_Name": "Microsoft-Windows-SmartCard-DeviceEnum", "Computer": "DESKTOP-OFJ6N53", "TimeCreated": "2024-11-27 13:54:37.757780+00:00", "RecordID": "5737", "Level": "4", "UserID": "S-1-5-18", "EventData.InstancePath": "SWD\\ScDeviceEnumBus\\0", "EventData.SessionId": "0"}
{"EventID": "103", "Channel": "Microsoft-Windows-SmartCard-DeviceEnum/Operational", "Provider_Name": "Microsoft-Windows-SmartCard-DeviceEnum", "Computer": "DESKTOP-OFJ6N53", "TimeCreated": "2024-11-27 13:54:37.784956+00:00", "RecordID": "5738", "Level": "4", "UserID": "S-1-5-18"}
{"EventID": "101", "Channel": "Microsoft-Windows-SmartCard-DeviceEnum/Operational", "Provider_Name": "Microsoft-Windows-SmartCard-DeviceEnum", "Computer": "DESKTOP-OFJ6N53", "TimeCreated": "2024-11-27 13:54:38.005878+00:00", "RecordID": "5739", "Level": "4", "UserID": "S-1-5-18", "EventData.InstancePath": "SWD\\ScDeviceEnum\\1_Windows_Hello_for_Business_1", "EventData.SessionId": "1"}
{"EventID": "102", "Channel": "Microsoft-Windows-SmartCard-DeviceEnum/Operational", "Provider_Name": "Microsoft-Windows-SmartCard-DeviceEnum", "Computer": "DESKTOP-OFJ6N53", "TimeCreated": "2024-11-27 18:03:18.622181+00:00", "RecordID": "5740", "Level": "4", "UserID": "S-1-5-18", "EventData.InstancePath": "SWD\\ScDeviceEnum\\1_Windows_Hello_for_Business_1", "EventData.SessionId": "1"}
{"EventID": "104", "Channel": "Microsoft-Windows-SmartCard-DeviceEnum/Operational", "Provider_Name": "Microsoft-Windows-SmartCard-DeviceEnum", "Computer": "DESKTOP-OFJ6N53", "TimeCreated": "2024-11-27 18:04:18.937372+00:00", "RecordID": "5741", "Level": "4", "UserID": "S-1-5-18"}
{"EventID": "101", "Channel": "Microsoft-Windows-SmartCard-DeviceEnum/Operational", "Provider_Name": "Microsoft-Windows-SmartCard-DeviceEnum", "Computer": "DESKTOP-OFJ6N53", "TimeCreated": "2024-11-28 08:18:11.855091+00:00", "RecordID": "5742", "Level": "4", "UserID": "S-1-5-18", "EventData.InstancePath": "SWD\\ScDeviceEnumBus\\1", "EventData.SessionId": "0"}
{"EventID": "101", "Channel": "Microsoft-Windows-SmartCard-DeviceEnum/Operational", "Provider_Name": "Microsoft-Windows-SmartCard-DeviceEnum", "Computer": "DESKTOP-OFJ6N53", "TimeCreated": "2024-11-28 08:18:11.855106+00:00", "RecordID": "5743", "Level": "4", "UserID": "S-1-5-18", "EventData.InstancePath": "SWD\\ScDeviceEnumBus\\0", "EventData.SessionId": "0"}
{"EventID": "103", "Channel": "Microsoft-Windows-SmartCard-DeviceEnum/Operational", "Provider_Name": "Microsoft-Windows-SmartCard-DeviceEnum", "Computer": "DESKTOP-OFJ6N53", "TimeCreated": "2024-11-28 08:18:11.875309+00:00", "RecordID": "5744", "Level": "4", "UserID": "S-1-5-18"}
{"EventID": "101", "Channel": "Microsoft-Windows-SmartCard-DeviceEnum/Operational", "Provider_Name": "Microsoft-Windows-SmartCard-DeviceEnum", "Computer": "DESKTOP-OFJ6N53", "TimeCreated": "2024-11-28 08:18:20.356462+00:00", "RecordID": "5745", "Level": "4", "UserID": "S-1-5-18", "EventData.InstancePath": "SWD\\ScDeviceEnum\\1_Windows_Hello_for_Business_1", "EventData.SessionId": "1"}
{"EventID": "101", "Channel": "Microsoft-Windows-SmartCard-DeviceEnum/Operational", "Provider_Name": "Microsoft-Windows-SmartCard-DeviceEnum", "Computer": "DESKTOP-OFJ6N53", "TimeCreated": "2024-11-28 10:02:25.274818+00:00", "RecordID": "5746", "Level": "4", "UserID": "S-1-5-18", "EventData.InstancePath": "SWD\\ScDeviceEnum\\1_Windows_Hello_for_Business_1", "EventData.SessionId": "1"}
{"EventID": "102", "Channel": "Microsoft-Windows-SmartCard-DeviceEnum/Operational", "Provider_Name": "Microsoft-Windows-SmartCard-DeviceEnum", "Computer": "DESKTOP-OFJ6N53", "TimeCreated": "2024-11-28 10:02:25.744352+00:00", "RecordID": "5747", "Level": "4", "UserID": "S-1-5-18", "EventData.InstancePath": "SWD\\ScDeviceEnum\\1_Windows_Hello_for_Business_1", "EventData.SessionId": "1"}
{"EventID": "101", "Channel": "Microsoft-Windows-SmartCard-DeviceEnum/Operational", "Provider_Name": "Microsoft-Windows-SmartCard-DeviceEnum", "Computer": "DESKTOP-OFJ6N53", "TimeCreated": "2024-11-28 10:02:25.913048+00:00", "RecordID": "5748", "Level": "4", "UserID": "S-1-5-18", "EventData.InstancePath": "SWD\\ScDeviceEnum\\1_Windows_Hello_for_Business_1", "EventData.SessionId": "1"}
{"EventID": "102", "Channel": "Microsoft-Windows-SmartCard-DeviceEnum/Operational", "Provider_Name": "Microsoft-Windows-SmartCard-DeviceEnum", "Computer": "DESKTOP-OFJ6N53", "TimeCreated": "2024-11-28 17:56:52.990499+00:00", "RecordID": "5749", "Level": "4", "UserID": "S-1-5-18", "EventData.InstancePath": "SWD\\ScDeviceEnum\\1_Windows_Hello_for_Business_1", "EventData.SessionId": "1"}
{"EventID": "101", "Channel": "Microsoft-Windows-SmartCard-DeviceEnum/Operational", "Provider_Name": "Microsoft-Windows-SmartCard-DeviceEnum", "Computer": "DESKTOP-OFJ6N53", "TimeCreated": "2024-11-28 17:57:04.968628+00:00", "RecordID": "5750", "Level": "4", "UserID": "S-1-5-18", "EventData.InstancePath": "SWD\\ScDeviceEnum\\1_Windows_Hello_for_Business_1", "EventData.SessionId": "1"}
{"EventID": "102", "Channel": "Microsoft-Windows-SmartCard-DeviceEnum/Operational", "Provider_Name": "Microsoft-Windows-SmartCard-DeviceEnum", "Computer": "DESKTOP-OFJ6N53", "TimeCreated": "2024-11-29 00:42:26.630465+00:00", "RecordID": "5751", "Level": "4", "UserID": "S-1-5-18", "EventData.InstancePath": "SWD\\ScDeviceEnum\\1_Windows_Hello_for_Business_1", "EventData.SessionId": "1"}
{"EventID": "101", "Channel": "Microsoft-Windows-SmartCard-DeviceEnum/Operational", "Provider_Name": "Microsoft-Windows-SmartCard-DeviceEnum", "Computer": "DESKTOP-OFJ6N53", "TimeCreated": "2024-11-29 00:42:38.210176+00:00", "RecordID": "5752", "Level": "4", "UserID": "S-1-5-18", "EventData.InstancePath": "SWD\\ScDeviceEnum\\1_Windows_Hello_for_Business_1", "EventData.SessionId": "1"}
{"EventID": "102", "Channel": "Microsoft-Windows-SmartCard-DeviceEnum/Operational", "Provider_Name": "Microsoft-Windows-SmartCard-DeviceEnum", "Computer": "DESKTOP-OFJ6N53", "TimeCreated": "2024-11-29 04:17:56.962362+00:00", "RecordID": "5753", "Level": "4", "UserID": "S-1-5-18", "EventData.InstancePath": "SWD\\ScDeviceEnum\\1_Windows_Hello_for_Business_1", "EventData.SessionId": "1"}
{"EventID": "104", "Channel": "Microsoft-Windows-SmartCard-DeviceEnum/Operational", "Provider_Name": "Microsoft-Windows-SmartCard-DeviceEnum", "Computer": "DESKTOP-OFJ6N53", "TimeCreated": "2024-11-29 04:18:57.181540+00:00", "RecordID": "5754", "Level": "4", "UserID": "S-1-5-18"}
{"EventID": "101", "Channel": "Microsoft-Windows-SmartCard-DeviceEnum/Operational", "Provider_Name": "Microsoft-Windows-SmartCard-DeviceEnum", "Computer": "DESKTOP-OFJ6N53", "TimeCreated": "2024-12-02 14:21:57.812765+00:00", "RecordID": "5755", "Level": "4", "UserID": "S-1-5-18", "EventData.InstancePath": "SWD\\ScDeviceEnumBus\\1", "EventData.SessionId": "0"}
{"EventID": "101", "Channel": "Microsoft-Windows-SmartCard-DeviceEnum/Operational", "Provider_Name": "Microsoft-Windows-SmartCard-DeviceEnum", "Computer": "DESKTOP-OFJ6N53", "TimeCreated": "2024-12-02 14:21:57.812788+00:00", "RecordID": "5756", "Level": "4", "UserID": "S-1-5-18", "EventData.InstancePath": "SWD\\ScDeviceEnumBus\\0", "EventData.SessionId": "0"}
{"EventID": "103", "Channel": "Microsoft-Windows-SmartCard-DeviceEnum/Operational", "Provider_Name": "Microsoft-Windows-SmartCard-DeviceEnum", "Computer": "DESKTOP-OFJ6N53", "TimeCreated": "2024-12-02 14:21:57.838779+00:00", "RecordID": "5757", "Level": "4", "UserID": "S-1-5-18"}
{"EventID": "101", "Channel": "Microsoft-Windows-SmartCard-DeviceEnum/Operational", "Provider_Name": "Microsoft-Windows-SmartCard-DeviceEnum", "Computer": "DESKTOP-OFJ6N53", "TimeCreated": "2024-12-02 14:21:58.189354+00:00", "RecordID": "5758", "Level": "4", "UserID": "S-1-5-18", "EventData.InstancePath": "SWD\\ScDeviceEnum\\1_Windows_Hello_for_Business_1", "EventData.SessionId": "1"}
{"EventID": "102", "Channel": "Microsoft-Windows-SmartCard-DeviceEnum/Operational", "Provider_Name": "Microsoft-Windows-SmartCard-DeviceEnum", "Computer": "DESKTOP-OFJ6N53", "TimeCreated": "2024-12-02 17:24:14.252087+00:00", "RecordID": "5759", "Level": "4", "UserID": "S-1-5-18", "EventData.InstancePath": "SWD\\ScDeviceEnum\\1_Windows_Hello_for_Business_1", "EventData.SessionId": "1"}
{"EventID": "104", "Channel": "Microsoft-Windows-SmartCard-DeviceEnum/Operational", "Provider_Name": "Microsoft-Windows-SmartCard-DeviceEnum", "Computer": "DESKTOP-OFJ6N53", "TimeCreated": "2024-12-02 17:25:14.427340+00:00", "RecordID": "5760", "Level": "4", "UserID": "S-1-5-18"}
{"EventID": "101", "Channel": "Microsoft-Windows-SmartCard-DeviceEnum/Operational", "Provider_Name": "Microsoft-Windows-SmartCard-DeviceEnum", "Computer": "DESKTOP-OFJ6N53", "TimeCreated": "2024-12-03 08:05:51.188946+00:00", "RecordID": "5761", "Level": "4", "UserID": "S-1-5-18", "EventData.InstancePath": "SWD\\ScDeviceEnumBus\\1", "EventData.SessionId": "0"}
{"EventID": "101", "Channel": "Microsoft-Windows-SmartCard-DeviceEnum/Operational", "Provider_Name": "Microsoft-Windows-SmartCard-DeviceEnum", "Computer": "DESKTOP-OFJ6N53", "TimeCreated": "2024-12-03 08:05:51.188965+00:00", "RecordID": "5762", "Level": "4", "UserID": "S-1-5-18", "EventData.InstancePath": "SWD\\ScDeviceEnumBus\\0", "EventData.SessionId": "0"}
{"EventID": "103", "Channel": "Microsoft-Windows-SmartCard-DeviceEnum/Operational", "Provider_Name": "Microsoft-Windows-SmartCard-DeviceEnum", "Computer": "DESKTOP-OFJ6N53", "TimeCreated": "2024-12-03 08:05:51.209862+00:00", "RecordID": "5763", "Level": "4", "UserID": "S-1-5-18"}
{"EventID": "101", "Channel": "Microsoft-Windows-SmartCard-DeviceEnum/Operational", "Provider_Name": "Microsoft-Windows-SmartCard-DeviceEnum", "Computer": "DESKTOP-OFJ6N53", "TimeCreated": "2024-12-03 08:05:51.526892+00:00", "RecordID": "5764", "Level": "4", "UserID": "S-1-5-18", "EventData.InstancePath": "SWD\\ScDeviceEnum\\1_Windows_Hello_for_Business_1", "EventData.SessionId": "1"}
{"EventID": "101", "Channel": "Microsoft-Windows-SmartCard-DeviceEnum/Operational", "Provider_Name": "Microsoft-Windows-SmartCard-DeviceEnum", "Computer": "DESKTOP-OFJ6N53", "TimeCreated": "2024-12-03 10:24:00.869406+00:00", "RecordID": "5765", "Level": "4", "UserID": "S-1-5-18", "EventData.InstancePath": "SWD\\ScDeviceEnumBus\\1", "EventData.SessionId": "0"}
{"EventID": "101", "Channel": "Microsoft-Windows-SmartCard-DeviceEnum/Operational", "Provider_Name": "Microsoft-Windows-SmartCard-DeviceEnum", "Computer": "DESKTOP-OFJ6N53", "TimeCreated": "2024-12-03 10:24:00.869427+00:00", "RecordID": "5766", "Level": "4", "UserID": "S-1-5-18", "EventData.InstancePath": "SWD\\ScDeviceEnumBus\\0", "EventData.SessionId": "0"}
{"EventID": "103", "Channel": "Microsoft-Windows-SmartCard-DeviceEnum/Operational", "Provider_Name": "Microsoft-Windows-SmartCard-DeviceEnum", "Computer": "DESKTOP-OFJ6N53", "TimeCreated": "2024-12-03 10:24:00.896231+00:00", "RecordID": "5767", "Level": "4", "UserID": "S-1-5-18"}
{"EventID": "101", "Channel": "Microsoft-Windows-SmartCard-DeviceEnum/Operational", "Provider_Name": "Microsoft-Windows-SmartCard-DeviceEnum", "Computer": "DESKTOP-OFJ6N53", "TimeCreated": "2024-12-03 10:24:01.007967+00:00", "RecordID": "5768", "Level": "4", "UserID": "S-1-5-18", "EventData.InstancePath": "SWD\\ScDeviceEnum\\1_Windows_Hello_for_Business_1", "EventData.SessionId": "1"}
{"EventID": "102", "Channel": "Microsoft-Windows-SmartCard-DeviceEnum/Operational", "Provider_Name": "Microsoft-Windows-SmartCard-DeviceEnum", "Computer": "DESKTOP-OFJ6N53", "TimeCreated": "2024-12-03 10:24:01.077639+00:00", "RecordID": "5769", "Level": "4", "UserID": "S-1-5-18", "EventData.InstancePath": "SWD\\ScDeviceEnum\\1_Windows_Hello_for_Business_1", "EventData.SessionId": "1"}
{"EventID": "104", "Channel": "Microsoft-Windows-SmartCard-DeviceEnum/Operational", "Provider_Name": "Microsoft-Windows-SmartCard-DeviceEnum", "Computer": "DESKTOP-OFJ6N53", "TimeCreated": "2024-12-03 10:25:01.080290+00:00", "RecordID": "5770", "Level": "4", "UserID": "S-1-5-18"}
{"EventID": "101", "Channel": "Microsoft-Windows-SmartCard-DeviceEnum/Operational", "Provider_Name": "Microsoft-Windows-SmartCard-DeviceEnum", "Computer": "DESKTOP-OFJ6N53", "TimeCreated": "2024-12-03 11:35:34.840904+00:00", "RecordID": "5771", "Level": "4", "UserID": "S-1-5-18", "EventData.InstancePath": "SWD\\ScDeviceEnumBus\\1", "EventData.SessionId": "0"}
{"EventID": "101", "Channel": "Microsoft-Windows-SmartCard-DeviceEnum/Operational", "Provider_Name": "Microsoft-Windows-SmartCard-DeviceEnum", "Computer": "DESKTOP-OFJ6N53", "TimeCreated": "2024-12-03 11:35:34.840979+00:00", "RecordID": "5772", "Level": "4", "UserID": "S-1-5-18", "EventData.InstancePath": "SWD\\ScDeviceEnumBus\\0", "EventData.SessionId": "0"}
{"EventID": "103", "Channel": "Microsoft-Windows-SmartCard-DeviceEnum/Operational", "Provider_Name": "Microsoft-Windows-SmartCard-DeviceEnum", "Computer": "DESKTOP-OFJ6N53", "TimeCreated": "2024-12-03 11:35:34.981762+00:00", "RecordID": "5773", "Level": "4", "UserID": "S-1-5-18"}
{"EventID": "101", "Channel": "Microsoft-Windows-SmartCard-DeviceEnum/Operational", "Provider_Name": "Microsoft-Windows-SmartCard-DeviceEnum", "Computer": "DESKTOP-OFJ6N53", "TimeCreated": "2024-12-03 11:35:36.846390+00:00", "RecordID": "5774", "Level": "4", "UserID": "S-1-5-18", "EventData.InstancePath": "SWD\\ScDeviceEnum\\1_Windows_Hello_for_Business_1", "EventData.SessionId": "1"}
{"EventID": "102", "Channel": "Microsoft-Windows-SmartCard-DeviceEnum/Operational", "Provider_Name": "Microsoft-Windows-SmartCard-DeviceEnum", "Computer": "DESKTOP-OFJ6N53", "TimeCreated": "2024-12-03 17:11:07.358816+00:00", "RecordID": "5775", "Level": "4", "UserID": "S-1-5-18", "EventData.InstancePath": "SWD\\ScDeviceEnum\\1_Windows_Hello_for_Business_1", "EventData.SessionId": "1"}
{"EventID": "104", "Channel": "Microsoft-Windows-SmartCard-DeviceEnum/Operational", "Provider_Name": "Microsoft-Windows-SmartCard-DeviceEnum", "Computer": "DESKTOP-OFJ6N53", "TimeCreated": "2024-12-03 17:12:07.506813+00:00", "RecordID": "5776", "Level": "4", "UserID": "S-1-5-18"}
{"EventID": "101", "Channel": "Microsoft-Windows-SmartCard-DeviceEnum/Operational", "Provider_Name": "Microsoft-Windows-SmartCard-DeviceEnum", "Computer": "DESKTOP-OFJ6N53", "TimeCreated": "2024-12-06 09:31:38.781153+00:00", "RecordID": "5777", "Level": "4", "UserID": "S-1-5-18", "EventData.InstancePath": "SWD\\ScDeviceEnumBus\\1", "EventData.SessionId": "0"}
{"EventID": "101", "Channel": "Microsoft-Windows-SmartCard-DeviceEnum/Operational", "Provider_Name": "Microsoft-Windows-SmartCard-DeviceEnum", "Computer": "DESKTOP-OFJ6N53", "TimeCreated": "2024-12-06 09:31:38.781174+00:00", "RecordID": "5778", "Level": "4", "UserID": "S-1-5-18", "EventData.InstancePath": "SWD\\ScDeviceEnumBus\\0", "EventData.SessionId": "0"}
{"EventID": "103", "Channel": "Microsoft-Windows-SmartCard-DeviceEnum/Operational", "Provider_Name": "Microsoft-Windows-SmartCard-DeviceEnum", "Computer": "DESKTOP-OFJ6N53", "TimeCreated": "2024-12-06 09:31:39.030653+00:00", "RecordID": "5779", "Level": "4", "UserID": "S-1-5-18"}
{"EventID": "101", "Channel": "Microsoft-Windows-SmartCard-DeviceEnum/Operational", "Provider_Name": "Microsoft-Windows-SmartCard-DeviceEnum", "Computer": "DESKTOP-OFJ6N53", "TimeCreated": "2024-12-06 09:31:40.377136+00:00", "RecordID": "5780", "Level": "4", "UserID": "S-1-5-18", "EventData.InstancePath": "SWD\\ScDeviceEnum\\1_Windows_Hello_for_Business_1", "EventData.SessionId": "1"}
{"EventID": "102", "Channel": "Microsoft-Windows-SmartCard-DeviceEnum/Operational", "Provider_Name": "Microsoft-Windows-SmartCard-DeviceEnum", "Computer": "DESKTOP-OFJ6N53", "TimeCreated": "2024-12-06 17:45:14.694342+00:00", "RecordID": "5781", "Level": "4", "UserID": "S-1-5-18", "EventData.InstancePath": "SWD\\ScDeviceEnum\\1_Windows_Hello_for_Business_1", "EventData.SessionId": "1"}
{"EventID": "104", "Channel": "Microsoft-Windows-SmartCard-DeviceEnum/Operational", "Provider_Name": "Microsoft-Windows-SmartCard-DeviceEnum", "Computer": "DESKTOP-OFJ6N53", "TimeCreated": "2024-12-06 17:46:44.458378+00:00", "RecordID": "5782", "Level": "4", "UserID": "S-1-5-18"}
{"EventID": "101", "Channel": "Microsoft-Windows-SmartCard-DeviceEnum/Operational", "Provider_Name": "Microsoft-Windows-SmartCard-DeviceEnum", "Computer": "DESKTOP-OFJ6N53", "TimeCreated": "2024-12-07 15:02:17.398283+00:00", "RecordID": "5783", "Level": "4", "UserID": "S-1-5-18", "EventData.InstancePath": "SWD\\ScDeviceEnumBus\\1", "EventData.SessionId": "0"}
{"EventID": "101", "Channel": "Microsoft-Windows-SmartCard-DeviceEnum/Operational", "Provider_Name": "Microsoft-Windows-SmartCard-DeviceEnum", "Computer": "DESKTOP-OFJ6N53", "TimeCreated": "2024-12-07 15:02:17.398304+00:00", "RecordID": "5784", "Level": "4", "UserID": "S-1-5-18", "EventData.InstancePath": "SWD\\ScDeviceEnumBus\\0", "EventData.SessionId": "0"}
{"EventID": "103", "Channel": "Microsoft-Windows-SmartCard-DeviceEnum/Operational", "Provider_Name": "Microsoft-Windows-SmartCard-DeviceEnum", "Computer": "DESKTOP-OFJ6N53", "TimeCreated": "2024-12-07 15:02:17.409636+00:00", "RecordID": "5785", "Level": "4", "UserID": "S-1-5-18"}
{"EventID": "101", "Channel": "Microsoft-Windows-SmartCard-DeviceEnum/Operational", "Provider_Name": "Microsoft-Windows-SmartCard-DeviceEnum", "Computer": "DESKTOP-OFJ6N53", "TimeCreated": "2024-12-07 15:02:18.749567+00:00", "RecordID": "5786", "Level": "4", "UserID": "S-1-5-18", "EventData.InstancePath": "SWD\\ScDeviceEnum\\1_Windows_Hello_for_Business_1", "EventData.SessionId": "1"}
{"EventID": "102", "Channel": "Microsoft-Windows-SmartCard-DeviceEnum/Operational", "Provider_Name": "Microsoft-Windows-SmartCard-DeviceEnum", "Computer": "DESKTOP-OFJ6N53", "TimeCreated": "2024-12-07 15:04:28.965431+00:00", "RecordID": "5787", "Level": "4", "UserID": "S-1-5-18", "EventData.InstancePath": "SWD\\ScDeviceEnum\\1_Windows_Hello_for_Business_1", "EventData.SessionId": "1"}
{"EventID": "104", "Channel": "Microsoft-Windows-SmartCard-DeviceEnum/Operational", "Provider_Name": "Microsoft-Windows-SmartCard-DeviceEnum", "Computer": "DESKTOP-OFJ6N53", "TimeCreated": "2024-12-07 15:05:29.357946+00:00", "RecordID": "5788", "Level": "4", "UserID": "S-1-5-18"}
{"EventID": "101", "Channel": "Microsoft-Windows-SmartCard-DeviceEnum/Operational", "Provider_Name": "Microsoft-Windows-SmartCard-DeviceEnum", "Computer": "DESKTOP-OFJ6N53", "TimeCreated": "2024-12-07 16:03:24.114315+00:00", "RecordID": "5789", "Level": "4", "UserID": "S-1-5-18", "EventData.InstancePath": "SWD\\ScDeviceEnumBus\\1", "EventData.SessionId": "0"}
{"EventID": "101", "Channel": "Microsoft-Windows-SmartCard-DeviceEnum/Operational", "Provider_Name": "Microsoft-Windows-SmartCard-DeviceEnum", "Computer": "DESKTOP-OFJ6N53", "TimeCreated": "2024-12-07 16:03:24.114330+00:00", "RecordID": "5790", "Level": "4", "UserID": "S-1-5-18", "EventData.InstancePath": "SWD\\ScDeviceEnumBus\\0", "EventData.SessionId": "0"}
{"EventID": "103", "Channel": "Microsoft-Windows-SmartCard-DeviceEnum/Operational", "Provider_Name": "Microsoft-Windows-SmartCard-DeviceEnum", "Computer": "DESKTOP-OFJ6N53", "TimeCreated": "2024-12-07 16:03:24.138023+00:00", "RecordID": "5791", "Level": "4", "UserID": "S-1-5-18"}
{"EventID": "101", "Channel": "Microsoft-Windows-SmartCard-DeviceEnum/Operational", "Provider_Name": "Microsoft-Windows-SmartCard-DeviceEnum", "Computer": "DESKTOP-OFJ6N53", "TimeCreated": "2024-12-07 16:03:24.701647+00:00", "RecordID": "5792", "Level": "4", "UserID": "S-1-5-18", "EventData.InstancePath": "SWD\\ScDeviceEnum\\1_Windows_Hello_for_Business_1", "EventData.SessionId": "1"}
{"EventID": "102", "Channel": "Microsoft-Windows-SmartCard-DeviceEnum/Operational", "Provider_Name": "Microsoft-Windows-SmartCard-DeviceEnum", "Computer": "DESKTOP-OFJ6N53", "TimeCreated": "2024-12-08 11:02:26.717505+00:00", "RecordID": "5793", "Level": "4", "UserID": "S-1-5-18", "EventData.InstancePath": "SWD\\ScDeviceEnum\\1_Windows_Hello_for_Business_1", "EventData.SessionId": "1"}
{"EventID": "104", "Channel": "Microsoft-Windows-SmartCard-DeviceEnum/Operational", "Provider_Name": "Microsoft-Windows-SmartCard-DeviceEnum", "Computer": "DESKTOP-OFJ6N53", "TimeCreated": "2024-12-08 11:03:26.964483+00:00", "RecordID": "5794", "Level": "4", "UserID": "S-1-5-18"}
{"EventID": "101", "Channel": "Microsoft-Windows-SmartCard-DeviceEnum/Operational", "Provider_Name": "Microsoft-Windows-SmartCard-DeviceEnum", "Computer": "DESKTOP-OFJ6N53", "TimeCreated": "2024-12-08 14:07:03.950050+00:00", "RecordID": "5795", "Level": "4", "UserID": "S-1-5-18", "EventData.InstancePath": "SWD\\ScDeviceEnumBus\\1", "EventData.SessionId": "0"}
{"EventID": "101", "Channel": "Microsoft-Windows-SmartCard-DeviceEnum/Operational", "Provider_Name": "Microsoft-Windows-SmartCard-DeviceEnum", "Computer": "DESKTOP-OFJ6N53", "TimeCreated": "2024-12-08 14:07:03.950066+00:00", "RecordID": "5796", "Level": "4", "UserID": "S-1-5-18", "EventData.InstancePath": "SWD\\ScDeviceEnumBus\\0", "EventData.SessionId": "0"}
{"EventID": "103", "Channel": "Microsoft-Windows-SmartCard-DeviceEnum/Operational", "Provider_Name": "Microsoft-Windows-SmartCard-DeviceEnum", "Computer": "DESKTOP-OFJ6N53", "TimeCreated": "2024-12-08 14:07:03.991653+00:00", "RecordID": "5797", "Level": "4", "UserID": "S-1-5-18"}
{"EventID": "101", "Channel": "Microsoft-Windows-SmartCard-DeviceEnum/Operational", "Provider_Name": "Microsoft-Windows-SmartCard-DeviceEnum", "Computer": "DESKTOP-OFJ6N53", "TimeCreated": "2024-12-08 14:07:05.232988+00:00", "RecordID": "5798", "Level": "4", "UserID": "S-1-5-18", "EventData.InstancePath": "SWD\\ScDeviceEnum\\1_Windows_Hello_for_Business_1", "EventData.SessionId": "1"}
{"EventID": "102", "Channel": "Microsoft-Windows-SmartCard-DeviceEnum/Operational", "Provider_Name": "Microsoft-Windows-SmartCard-DeviceEnum", "Computer": "DESKTOP-OFJ6N53", "TimeCreated": "2024-12-08 14:07:18.853909+00:00", "RecordID": "5799", "Level": "4", "UserID": "S-1-5-18", "EventData.InstancePath": "SWD\\ScDeviceEnum\\1_Windows_Hello_for_Business_1", "EventData.SessionId": "1"}
{"EventID": "101", "Channel": "Microsoft-Windows-SmartCard-DeviceEnum/Operational", "Provider_Name": "Microsoft-Windows-SmartCard-DeviceEnum", "Computer": "DESKTOP-OFJ6N53", "TimeCreated": "2024-12-08 14:07:35.771965+00:00", "RecordID": "5800", "Level": "4", "UserID": "S-1-5-18", "EventData.InstancePath": "SWD\\ScDeviceEnum\\1_Windows_Hello_for_Business_1", "EventData.SessionId": "1"}
{"EventID": "102", "Channel": "Microsoft-Windows-SmartCard-DeviceEnum/Operational", "Provider_Name": "Microsoft-Windows-SmartCard-DeviceEnum", "Computer": "DESKTOP-OFJ6N53", "TimeCreated": "2024-12-08 16:49:16.400179+00:00", "RecordID": "5801", "Level": "4", "UserID": "S-1-5-18", "EventData.InstancePath": "SWD\\ScDeviceEnum\\1_Windows_Hello_for_Business_1", "EventData.SessionId": "1"}
{"EventID": "104", "Channel": "Microsoft-Windows-SmartCard-DeviceEnum/Operational", "Provider_Name": "Microsoft-Windows-SmartCard-DeviceEnum", "Computer": "DESKTOP-OFJ6N53", "TimeCreated": "2024-12-08 16:50:16.724859+00:00", "RecordID": "5802", "Level": "4", "UserID": "S-1-5-18"}
{"EventID": "101", "Channel": "Microsoft-Windows-SmartCard-DeviceEnum/Operational", "Provider_Name": "Microsoft-Windows-SmartCard-DeviceEnum", "Computer": "DESKTOP-OFJ6N53", "TimeCreated": "2024-12-08 16:51:54.022202+00:00", "RecordID": "5803", "Level": "4", "UserID": "S-1-5-18", "EventData.InstancePath": "SWD\\ScDeviceEnumBus\\1", "EventData.SessionId": "0"}
{"EventID": "101", "Channel": "Microsoft-Windows-SmartCard-DeviceEnum/Operational", "Provider_Name": "Microsoft-Windows-SmartCard-DeviceEnum", "Computer": "DESKTOP-OFJ6N53", "TimeCreated": "2024-12-08 16:51:54.022215+00:00", "RecordID": "5804", "Level": "4", "UserID": "S-1-5-18", "EventData.InstancePath": "SWD\\ScDeviceEnumBus\\0", "EventData.SessionId": "0"}
{"EventID": "103", "Channel": "Microsoft-Windows-SmartCard-DeviceEnum/Operational", "Provider_Name": "Microsoft-Windows-SmartCard-DeviceEnum", "Computer": "DESKTOP-OFJ6N53", "TimeCreated": "2024-12-08 16:51:54.024984+00:00", "RecordID": "5805", "Level": "4", "UserID": "S-1-5-18"}
{"EventID": "101", "Channel": "Microsoft-Windows-SmartCard-DeviceEnum/Operational", "Provider_Name": "Microsoft-Windows-SmartCard-DeviceEnum", "Computer": "DESKTOP-OFJ6N53", "TimeCreated": "2024-12-08 16:52:24.511335+00:00", "RecordID": "5806", "Level": "4", "UserID": "S-1-5-18", "EventData.InstancePath": "SWD\\ScDeviceEnumBus\\1", "EventData.SessionId": "0"}
{"EventID": "101", "Channel": "Microsoft-Windows-SmartCard-DeviceEnum/Operational", "Provider_Name": "Microsoft-Windows-SmartCard-DeviceEnum", "Computer": "DESKTOP-OFJ6N53", "TimeCreated": "2024-12-08 16:52:24.511360+00:00", "RecordID": "5807", "Level": "4", "UserID": "S-1-5-18", "EventData.InstancePath": "SWD\\ScDeviceEnumBus\\0", "EventData.SessionId": "0"}
{"EventID": "103", "Channel": "Microsoft-Windows-SmartCard-DeviceEnum/Operational", "Provider_Name": "Microsoft-Windows-SmartCard-DeviceEnum", "Computer": "DESKTOP-OFJ6N53", "TimeCreated": "2024-12-08 16:52:24.528259+00:00", "RecordID": "5808", "Level": "4", "UserID": "S-1-5-18"}
{"EventID": "104", "Channel": "Microsoft-Windows-SmartCard-DeviceEnum/Operational", "Provider_Name": "Microsoft-Windows-SmartCard-DeviceEnum", "Computer": "DESKTOP-OFJ6N53", "TimeCreated": "2024-12-08 16:53:24.497000+00:00", "RecordID": "5809", "Level": "4", "UserID": "S-1-5-18"}
{"EventID": "101", "Channel": "Microsoft-Windows-SmartCard-DeviceEnum/Operational", "Provider_Name": "Microsoft-Windows-SmartCard-DeviceEnum", "Computer": "DESKTOP-OFJ6N53", "TimeCreated": "2024-12-09 10:51:10.515667+00:00", "RecordID": "5810", "Level": "4", "UserID": "S-1-5-18", "EventData.InstancePath": "SWD\\ScDeviceEnumBus\\1", "EventData.SessionId": "0"}
{"EventID": "101", "Channel": "Microsoft-Windows-SmartCard-DeviceEnum/Operational", "Provider_Name": "Microsoft-Windows-SmartCard-DeviceEnum", "Computer": "DESKTOP-OFJ6N53", "TimeCreated": "2024-12-09 10:51:10.515842+00:00", "RecordID": "5811", "Level": "4", "UserID": "S-1-5-18", "EventData.InstancePath": "SWD\\ScDeviceEnumBus\\0", "EventData.SessionId": "0"}
{"EventID": "103", "Channel": "Microsoft-Windows-SmartCard-DeviceEnum/Operational", "Provider_Name": "Microsoft-Windows-SmartCard-DeviceEnum", "Computer": "DESKTOP-OFJ6N53", "TimeCreated": "2024-12-09 10:51:10.606783+00:00", "RecordID": "5812", "Level": "4", "UserID": "S-1-5-18"}
{"EventID": "101", "Channel": "Microsoft-Windows-SmartCard-DeviceEnum/Operational", "Provider_Name": "Microsoft-Windows-SmartCard-DeviceEnum", "Computer": "DESKTOP-OFJ6N53", "TimeCreated": "2024-12-09 10:51:14.454617+00:00", "RecordID": "5813", "Level": "4", "UserID": "S-1-5-18", "EventData.InstancePath": "SWD\\ScDeviceEnum\\1_Windows_Hello_for_Business_1", "EventData.SessionId": "1"}
{"EventID": "102", "Channel": "Microsoft-Windows-SmartCard-DeviceEnum/Operational", "Provider_Name": "Microsoft-Windows-SmartCard-DeviceEnum", "Computer": "DESKTOP-OFJ6N53", "TimeCreated": "2024-12-09 22:22:39.936695+00:00", "RecordID": "5814", "Level": "4", "UserID": "S-1-5-18", "EventData.InstancePath": "SWD\\ScDeviceEnum\\1_Windows_Hello_for_Business_1", "EventData.SessionId": "1"}
{"EventID": "104", "Channel": "Microsoft-Windows-SmartCard-DeviceEnum/Operational", "Provider_Name": "Microsoft-Windows-SmartCard-DeviceEnum", "Computer": "DESKTOP-OFJ6N53", "TimeCreated": "2024-12-09 22:23:40.192646+00:00", "RecordID": "5815", "Level": "4", "UserID": "S-1-5-18"}
{"EventID": "101", "Channel": "Microsoft-Windows-SmartCard-DeviceEnum/Operational", "Provider_Name": "Microsoft-Windows-SmartCard-DeviceEnum", "Computer": "DESKTOP-OFJ6N53", "TimeCreated": "2024-12-09 22:33:04.418051+00:00", "RecordID": "5816", "Level": "4", "UserID": "S-1-5-18", "EventData.InstancePath": "SWD\\ScDeviceEnumBus\\1", "EventData.SessionId": "0"}
{"EventID": "101", "Channel": "Microsoft-Windows-SmartCard-DeviceEnum/Operational", "Provider_Name": "Microsoft-Windows-SmartCard-DeviceEnum", "Computer": "DESKTOP-OFJ6N53", "TimeCreated": "2024-12-09 22:33:04.418074+00:00", "RecordID": "5817", "Level": "4", "UserID": "S-1-5-18", "EventData.InstancePath": "SWD\\ScDeviceEnumBus\\0", "EventData.SessionId": "0"}
{"EventID": "103", "Channel": "Microsoft-Windows-SmartCard-DeviceEnum/Operational", "Provider_Name": "Microsoft-Windows-SmartCard-DeviceEnum", "Computer": "DESKTOP-OFJ6N53", "TimeCreated": "2024-12-09 22:33:04.443476+00:00", "RecordID": "5818", "Level": "4", "UserID": "S-1-5-18"}
{"EventID": "101", "Channel": "Microsoft-Windows-SmartCard-DeviceEnum/Operational", "Provider_Name": "Microsoft-Windows-SmartCard-DeviceEnum", "Computer": "DESKTOP-OFJ6N53", "TimeCreated": "2024-12-09 22:33:04.722473+00:00", "RecordID": "5819", "Level": "4", "UserID": "S-1-5-18", "EventData.InstancePath": "SWD\\ScDeviceEnum\\1_Windows_Hello_for_Business_1", "EventData.SessionId": "1"}
{"EventID": "102", "Channel": "Microsoft-Windows-SmartCard-DeviceEnum/Operational", "Provider_Name": "Microsoft-Windows-SmartCard-DeviceEnum", "Computer": "DESKTOP-OFJ6N53", "TimeCreated": "2024-12-09 23:58:09.937073+00:00", "RecordID": "5820", "Level": "4", "UserID": "S-1-5-18", "EventData.InstancePath": "SWD\\ScDeviceEnum\\1_Windows_Hello_for_Business_1", "EventData.SessionId": "1"}
{"EventID": "104", "Channel": "Microsoft-Windows-SmartCard-DeviceEnum/Operational", "Provider_Name": "Microsoft-Windows-SmartCard-DeviceEnum", "Computer": "DESKTOP-OFJ6N53", "TimeCreated": "2024-12-09 23:59:10.264727+00:00", "RecordID": "5821", "Level": "4", "UserID": "S-1-5-18"}
{"EventID": "101", "Channel": "Microsoft-Windows-SmartCard-DeviceEnum/Operational", "Provider_Name": "Microsoft-Windows-SmartCard-DeviceEnum", "Computer": "DESKTOP-OFJ6N53", "TimeCreated": "2024-12-10 09:56:48.573101+00:00", "RecordID": "5822", "Level": "4", "UserID": "S-1-5-18", "EventData.InstancePath": "SWD\\ScDeviceEnumBus\\1", "EventData.SessionId": "0"}
{"EventID": "101", "Channel": "Microsoft-Windows-SmartCard-DeviceEnum/Operational", "Provider_Name": "Microsoft-Windows-SmartCard-DeviceEnum", "Computer": "DESKTOP-OFJ6N53", "TimeCreated": "2024-12-10 09:56:48.573120+00:00", "RecordID": "5823", "Level": "4", "UserID": "S-1-5-18", "EventData.InstancePath": "SWD\\ScDeviceEnumBus\\0", "EventData.SessionId": "0"}
{"EventID": "103", "Channel": "Microsoft-Windows-SmartCard-DeviceEnum/Operational", "Provider_Name": "Microsoft-Windows-SmartCard-DeviceEnum", "Computer": "DESKTOP-OFJ6N53", "TimeCreated": "2024-12-10 09:56:48.584143+00:00", "RecordID": "5824", "Level": "4", "UserID": "S-1-5-18"}
{"EventID": "101", "Channel": "Microsoft-Windows-SmartCard-DeviceEnum/Operational", "Provider_Name": "Microsoft-Windows-SmartCard-DeviceEnum", "Computer": "DESKTOP-OFJ6N53", "TimeCreated": "2024-12-10 09:56:49.316198+00:00", "RecordID": "5825", "Level": "4", "UserID": "S-1-5-18", "EventData.InstancePath": "SWD\\ScDeviceEnum\\1_Windows_Hello_for_Business_1", "EventData.SessionId": "1"}
{"EventID": "102", "Channel": "Microsoft-Windows-SmartCard-DeviceEnum/Operational", "Provider_Name": "Microsoft-Windows-SmartCard-DeviceEnum", "Computer": "DESKTOP-OFJ6N53", "TimeCreated": "2024-12-10 14:31:09.600357+00:00", "RecordID": "5826", "Level": "4", "UserID": "S-1-5-18", "EventData.InstancePath": "SWD\\ScDeviceEnum\\1_Windows_Hello_for_Business_1", "EventData.SessionId": "1"}
{"EventID": "104", "Channel": "Microsoft-Windows-SmartCard-DeviceEnum/Operational", "Provider_Name": "Microsoft-Windows-SmartCard-DeviceEnum", "Computer": "DESKTOP-OFJ6N53", "TimeCreated": "2024-12-10 14:32:09.775362+00:00", "RecordID": "5827", "Level": "4", "UserID": "S-1-5-18"}
{"EventID": "101", "Channel": "Microsoft-Windows-SmartCard-DeviceEnum/Operational", "Provider_Name": "Microsoft-Windows-SmartCard-DeviceEnum", "Computer": "DESKTOP-OFJ6N53", "TimeCreated": "2024-12-10 16:18:43.062128+00:00", "RecordID": "5828", "Level": "4", "UserID": "S-1-5-18", "EventData.InstancePath": "SWD\\ScDeviceEnumBus\\1", "EventData.SessionId": "0"}
{"EventID": "101", "Channel": "Microsoft-Windows-SmartCard-DeviceEnum/Operational", "Provider_Name": "Microsoft-Windows-SmartCard-DeviceEnum", "Computer": "DESKTOP-OFJ6N53", "TimeCreated": "2024-12-10 16:18:43.062145+00:00", "RecordID": "5829", "Level": "4", "UserID": "S-1-5-18", "EventData.InstancePath": "SWD\\ScDeviceEnumBus\\0", "EventData.SessionId": "0"}
{"EventID": "103", "Channel": "Microsoft-Windows-SmartCard-DeviceEnum/Operational", "Provider_Name": "Microsoft-Windows-SmartCard-DeviceEnum", "Computer": "DESKTOP-OFJ6N53", "TimeCreated": "2024-12-10 16:18:43.068415+00:00", "RecordID": "5830", "Level": "4", "UserID": "S-1-5-18"}
{"EventID": "101", "Channel": "Microsoft-Windows-SmartCard-DeviceEnum/Operational", "Provider_Name": "Microsoft-Windows-SmartCard-DeviceEnum", "Computer": "DESKTOP-OFJ6N53", "TimeCreated": "2024-12-10 16:18:43.449749+00:00", "RecordID": "5831", "Level": "4", "UserID": "S-1-5-18", "EventData.InstancePath": "SWD\\ScDeviceEnum\\1_Windows_Hello_for_Business_1", "EventData.SessionId": "1"}
{"EventID": "102", "Channel": "Microsoft-Windows-SmartCard-DeviceEnum/Operational", "Provider_Name": "Microsoft-Windows-SmartCard-DeviceEnum", "Computer": "DESKTOP-OFJ6N53", "TimeCreated": "2024-12-10 20:20:22.493160+00:00", "RecordID": "5832", "Level": "4", "UserID": "S-1-5-18", "EventData.InstancePath": "SWD\\ScDeviceEnum\\1_Windows_Hello_for_Business_1", "EventData.SessionId": "1"}
{"EventID": "104", "Channel": "Microsoft-Windows-SmartCard-DeviceEnum/Operational", "Provider_Name": "Microsoft-Windows-SmartCard-DeviceEnum", "Computer": "DESKTOP-OFJ6N53", "TimeCreated": "2024-12-10 20:21:22.771885+00:00", "RecordID": "5833", "Level": "4", "UserID": "S-1-5-18"}
{"EventID": "101", "Channel": "Microsoft-Windows-SmartCard-DeviceEnum/Operational", "Provider_Name": "Microsoft-Windows-SmartCard-DeviceEnum", "Computer": "DESKTOP-OFJ6N53", "TimeCreated": "2024-12-10 20:46:58.776773+00:00", "RecordID": "5834", "Level": "4", "UserID": "S-1-5-18", "EventData.InstancePath": "SWD\\ScDeviceEnumBus\\1", "EventData.SessionId": "0"}
{"EventID": "101", "Channel": "Microsoft-Windows-SmartCard-DeviceEnum/Operational", "Provider_Name": "Microsoft-Windows-SmartCard-DeviceEnum", "Computer": "DESKTOP-OFJ6N53", "TimeCreated": "2024-12-10 20:46:58.776793+00:00", "RecordID": "5835", "Level": "4", "UserID": "S-1-5-18", "EventData.InstancePath": "SWD\\ScDeviceEnumBus\\0", "EventData.SessionId": "0"}
{"EventID": "103", "Channel": "Microsoft-Windows-SmartCard-DeviceEnum/Operational", "Provider_Name": "Microsoft-Windows-SmartCard-DeviceEnum", "Computer": "DESKTOP-OFJ6N53", "TimeCreated": "2024-12-10 20:46:58.786825+00:00", "RecordID": "5836", "Level": "4", "UserID": "S-1-5-18"}
{"EventID": "101", "Channel": "Microsoft-Windows-SmartCard-DeviceEnum/Operational", "Provider_Name": "Microsoft-Windows-SmartCard-DeviceEnum", "Computer": "DESKTOP-OFJ6N53", "TimeCreated": "2024-12-10 20:46:59.161015+00:00", "RecordID": "5837", "Level": "4", "UserID": "S-1-5-18", "EventData.InstancePath": "SWD\\ScDeviceEnum\\1_Windows_Hello_for_Business_1", "EventData.SessionId": "1"}
{"EventID": "102", "Channel": "Microsoft-Windows-SmartCard-DeviceEnum/Operational", "Provider_Name": "Microsoft-Windows-SmartCard-DeviceEnum", "Computer": "DESKTOP-OFJ6N53", "TimeCreated": "2024-12-10 20:51:07.648695+00:00", "RecordID": "5838", "Level": "4", "UserID": "S-1-5-18", "EventData.InstancePath": "SWD\\ScDeviceEnum\\1_Windows_Hello_for_Business_1", "EventData.SessionId": "1"}
{"EventID": "104", "Channel": "Microsoft-Windows-SmartCard-DeviceEnum/Operational", "Provider_Name": "Microsoft-Windows-SmartCard-DeviceEnum", "Computer": "DESKTOP-OFJ6N53", "TimeCreated": "2024-12-10 20:52:07.979273+00:00", "RecordID": "5839", "Level": "4", "UserID": "S-1-5-18"}
{"EventID": "101", "Channel": "Microsoft-Windows-SmartCard-DeviceEnum/Operational", "Provider_Name": "Microsoft-Windows-SmartCard-DeviceEnum", "Computer": "DESKTOP-OFJ6N53", "TimeCreated": "2024-12-11 14:17:26.931484+00:00", "RecordID": "5840", "Level": "4", "UserID": "S-1-5-18", "EventData.InstancePath": "SWD\\ScDeviceEnumBus\\1", "EventData.SessionId": "0"}
{"EventID": "101", "Channel": "Microsoft-Windows-SmartCard-DeviceEnum/Operational", "Provider_Name": "Microsoft-Windows-SmartCard-DeviceEnum", "Computer": "DESKTOP-OFJ6N53", "TimeCreated": "2024-12-11 14:17:26.931499+00:00", "RecordID": "5841", "Level": "4", "UserID": "S-1-5-18", "EventData.InstancePath": "SWD\\ScDeviceEnumBus\\0", "EventData.SessionId": "0"}
{"EventID": "103", "Channel": "Microsoft-Windows-SmartCard-DeviceEnum/Operational", "Provider_Name": "Microsoft-Windows-SmartCard-DeviceEnum", "Computer": "DESKTOP-OFJ6N53", "TimeCreated": "2024-12-11 14:17:26.979733+00:00", "RecordID": "5842", "Level": "4", "UserID": "S-1-5-18"}
{"EventID": "101", "Channel": "Microsoft-Windows-SmartCard-DeviceEnum/Operational", "Provider_Name": "Microsoft-Windows-SmartCard-DeviceEnum", "Computer": "DESKTOP-OFJ6N53", "TimeCreated": "2024-12-11 14:17:27.593506+00:00", "RecordID": "5843", "Level": "4", "UserID": "S-1-5-18", "EventData.InstancePath": "SWD\\ScDeviceEnum\\1_Windows_Hello_for_Business_1", "EventData.SessionId": "1"}
{"EventID": "101", "Channel": "Microsoft-Windows-SmartCard-DeviceEnum/Operational", "Provider_Name": "Microsoft-Windows-SmartCard-DeviceEnum", "Computer": "DESKTOP-OFJ6N53", "TimeCreated": "2024-12-11 15:07:06.701075+00:00", "RecordID": "5844", "Level": "4", "UserID": "S-1-5-18", "EventData.InstancePath": "SWD\\ScDeviceEnumBus\\1", "EventData.SessionId": "0"}
{"EventID": "101", "Channel": "Microsoft-Windows-SmartCard-DeviceEnum/Operational", "Provider_Name": "Microsoft-Windows-SmartCard-DeviceEnum", "Computer": "DESKTOP-OFJ6N53", "TimeCreated": "2024-12-11 15:07:06.813271+00:00", "RecordID": "5845", "Level": "4", "UserID": "S-1-5-18", "EventData.InstancePath": "SWD\\ScDeviceEnumBus\\0", "EventData.SessionId": "0"}
{"EventID": "103", "Channel": "Microsoft-Windows-SmartCard-DeviceEnum/Operational", "Provider_Name": "Microsoft-Windows-SmartCard-DeviceEnum", "Computer": "DESKTOP-OFJ6N53", "TimeCreated": "2024-12-11 15:07:06.839615+00:00", "RecordID": "5846", "Level": "4", "UserID": "S-1-5-18"}
{"EventID": "101", "Channel": "Microsoft-Windows-SmartCard-DeviceEnum/Operational", "Provider_Name": "Microsoft-Windows-SmartCard-DeviceEnum", "Computer": "DESKTOP-OFJ6N53", "TimeCreated": "2024-12-11 15:07:06.972418+00:00", "RecordID": "5847", "Level": "4", "UserID": "S-1-5-18", "EventData.InstancePath": "SWD\\ScDeviceEnum\\1_Windows_Hello_for_Business_1", "EventData.SessionId": "1"}
{"EventID": "102", "Channel": "Microsoft-Windows-SmartCard-DeviceEnum/Operational", "Provider_Name": "Microsoft-Windows-SmartCard-DeviceEnum", "Computer": "DESKTOP-OFJ6N53", "TimeCreated": "2024-12-11 15:07:07.186962+00:00", "RecordID": "5848", "Level": "4", "UserID": "S-1-5-18", "EventData.InstancePath": "SWD\\ScDeviceEnum\\1_Windows_Hello_for_Business_1", "EventData.SessionId": "1"}
{"EventID": "104", "Channel": "Microsoft-Windows-SmartCard-DeviceEnum/Operational", "Provider_Name": "Microsoft-Windows-SmartCard-DeviceEnum", "Computer": "DESKTOP-OFJ6N53", "TimeCreated": "2024-12-11 15:08:07.188812+00:00", "RecordID": "5849", "Level": "4", "UserID": "S-1-5-18"}
{"EventID": "101", "Channel": "Microsoft-Windows-SmartCard-DeviceEnum/Operational", "Provider_Name": "Microsoft-Windows-SmartCard-DeviceEnum", "Computer": "DESKTOP-OFJ6N53", "TimeCreated": "2024-12-11 16:23:19.254704+00:00", "RecordID": "5850", "Level": "4", "UserID": "S-1-5-18", "EventData.InstancePath": "SWD\\ScDeviceEnumBus\\1", "EventData.SessionId": "0"}
{"EventID": "101", "Channel": "Microsoft-Windows-SmartCard-DeviceEnum/Operational", "Provider_Name": "Microsoft-Windows-SmartCard-DeviceEnum", "Computer": "DESKTOP-OFJ6N53", "TimeCreated": "2024-12-11 16:23:19.254719+00:00", "RecordID": "5851", "Level": "4", "UserID": "S-1-5-18", "EventData.InstancePath": "SWD\\ScDeviceEnumBus\\0", "EventData.SessionId": "0"}
{"EventID": "103", "Channel": "Microsoft-Windows-SmartCard-DeviceEnum/Operational", "Provider_Name": "Microsoft-Windows-SmartCard-DeviceEnum", "Computer": "DESKTOP-OFJ6N53", "TimeCreated": "2024-12-11 16:23:19.312445+00:00", "RecordID": "5852", "Level": "4", "UserID": "S-1-5-18"}
{"EventID": "101", "Channel": "Microsoft-Windows-SmartCard-DeviceEnum/Operational", "Provider_Name": "Microsoft-Windows-SmartCard-DeviceEnum", "Computer": "DESKTOP-OFJ6N53", "TimeCreated": "2024-12-11 16:23:21.610729+00:00", "RecordID": "5853", "Level": "4", "UserID": "S-1-5-18", "EventData.InstancePath": "SWD\\ScDeviceEnum\\1_Windows_Hello_for_Business_1", "EventData.SessionId": "1"}
{"EventID": "102", "Channel": "Microsoft-Windows-SmartCard-DeviceEnum/Operational", "Provider_Name": "Microsoft-Windows-SmartCard-DeviceEnum", "Computer": "DESKTOP-OFJ6N53", "TimeCreated": "2024-12-11 19:19:33.261620+00:00", "RecordID": "5854", "Level": "4", "UserID": "S-1-5-18", "EventData.InstancePath": "SWD\\ScDeviceEnum\\1_Windows_Hello_for_Business_1", "EventData.SessionId": "1"}
{"EventID": "104", "Channel": "Microsoft-Windows-SmartCard-DeviceEnum/Operational", "Provider_Name": "Microsoft-Windows-SmartCard-DeviceEnum", "Computer": "DESKTOP-OFJ6N53", "TimeCreated": "2024-12-11 19:20:33.413155+00:00", "RecordID": "5855", "Level": "4", "UserID": "S-1-5-18"}
{"EventID": "101", "Channel": "Microsoft-Windows-SmartCard-DeviceEnum/Operational", "Provider_Name": "Microsoft-Windows-SmartCard-DeviceEnum", "Computer": "DESKTOP-OFJ6N53", "TimeCreated": "2024-12-11 19:21:12.704426+00:00", "RecordID": "5856", "Level": "4", "UserID": "S-1-5-18", "EventData.InstancePath": "SWD\\ScDeviceEnumBus\\1", "EventData.SessionId": "0"}
{"EventID": "101", "Channel": "Microsoft-Windows-SmartCard-DeviceEnum/Operational", "Provider_Name": "Microsoft-Windows-SmartCard-DeviceEnum", "Computer": "DESKTOP-OFJ6N53", "TimeCreated": "2024-12-11 19:21:12.704494+00:00", "RecordID": "5857", "Level": "4", "UserID": "S-1-5-18", "EventData.InstancePath": "SWD\\ScDeviceEnumBus\\0", "EventData.SessionId": "0"}
{"EventID": "103", "Channel": "Microsoft-Windows-SmartCard-DeviceEnum/Operational", "Provider_Name": "Microsoft-Windows-SmartCard-DeviceEnum", "Computer": "DESKTOP-OFJ6N53", "TimeCreated": "2024-12-11 19:21:12.896616+00:00", "RecordID": "5858", "Level": "4", "UserID": "S-1-5-18"}
