{"EventID": "4042", "Channel": "Microsoft-Windows-NCSI/Operational", "Provider_Name": "Microsoft-Windows-NCSI", "Computer": "DESKTOP-OFJ6N53", "TimeCreated": "2023-04-19 15:36:22.810787+00:00", "RecordID": "5673", "Level": "4", "UserID": "S-1-5-20", "EventData.InterfaceGuid": "{27d65e2b-b9f4-4a37-baf1-399a2d33aa64}", "EventData.IfLuid": "1689399716741120", "EventData.Family": "0", "EventData.Capability": "0", "EventData.CapabilityChangeReason": "5", "EventData.PreviousCapability": "0"}
{"EventID": "4042", "Channel": "Microsoft-Windows-NCSI/Operational", "Provider_Name": "Microsoft-Windows-NCSI", "Computer": "DESKTOP-OFJ6N53", "TimeCreated": "2023-04-19 15:38:28.960623+00:00", "RecordID": "5674", "Level": "4", "UserID": "S-1-5-20", "EventData.InterfaceGuid": "{bed2c4be-ec11-4cc8-aafc-f0fd7a5e3a02}", "EventData.IfLuid": "1689399632855040", "EventData.Family": "1", "EventData.Capability": "1", "EventData.CapabilityChangeReason": "5", "EventData.PreviousCapability": "1"}
{"EventID": "4042", "Channel": "Microsoft-Windows-NCSI/Operational", "Provider_Name": "Microsoft-Windows-NCSI", "Computer": "DESKTOP-OFJ6N53", "TimeCreated": "2023-04-19 15:38:57.571896+00:00", "RecordID": "5675", "Level": "4", "UserID": "S-1-5-20", "EventData.InterfaceGuid": "{27d65e2b-b9f4-4a37-baf1-399a2d33aa64}", "EventData.IfLuid": "1689399716741120", "EventData.Family": "0", "EventData.Capability": "0", "EventData.CapabilityChangeReason": "5", "EventData.PreviousCapability": "0"}
{"EventID": "4042", "Channel": "Microsoft-Windows-NCSI/Operational", "Provider_Name": "Microsoft-Windows-NCSI", "Computer": "DESKTOP-OFJ6N53", "TimeCreated": "2023-04-19 16:30:36.041376+00:00", "RecordID": "5676", "Level": "4", "UserID": "S-1-5-20", "EventData.InterfaceGuid": "{bed2c4be-ec11-4cc8-aafc-f0fd7a5e3a02}", "EventData.IfLuid": "1689399632855040", "EventData.Family": "1", "EventData.Capability": "1", "EventData.CapabilityChangeReason": "5", "EventData.PreviousCapability": "1"}
{"EventID": "4042", "Channel": "Microsoft-Windows-NCSI/Operational", "Provider_Name": "Microsoft-Windows-NCSI", "Computer": "DESKTOP-OFJ6N53", "TimeCreated": "2023-04-19 16:30:50.413788+00:00", "RecordID": "5677", "Level": "4", "UserID": "S-1-5-20", "EventData.InterfaceGuid": "{27d65e2b-b9f4-4a37-baf1-399a2d33aa64}", "EventData.IfLuid": "1689399716741120", "EventData.Family": "0", "EventData.Capability": "0", "EventData.CapabilityChangeReason": "5", "EventData.PreviousCapability": "0"}
{"EventID": "4042", "Channel": "Microsoft-Windows-NCSI/Operational", "Provider_Name": "Microsoft-Windows-NCSI", "Computer": "DESKTOP-OFJ6N53", "TimeCreated": "2023-04-19 17:09:10.472580+00:00", "RecordID": "5678", "Level": "4", "UserID": "S-1-5-20", "EventData.InterfaceGuid": "{bed2c4be-ec11-4cc8-aafc-f0fd7a5e3a02}", "EventData.IfLuid": "1689399632855040", "EventData.Family": "1", "EventData.Capability": "1", "EventData.CapabilityChangeReason": "5", "EventData.PreviousCapability": "1"}
{"EventID": "4042", "Channel": "Microsoft-Windows-NCSI/Operational", "Provider_Name": "Microsoft-Windows-NCSI", "Computer": "DESKTOP-OFJ6N53", "TimeCreated": "2023-04-19 17:09:24.423561+00:00", "RecordID": "5679", "Level": "4", "UserID": "S-1-5-20", "EventData.InterfaceGuid": "{27d65e2b-b9f4-4a37-baf1-399a2d33aa64}", "EventData.IfLuid": "1689399716741120", "EventData.Family": "0", "EventData.Capability": "0", "EventData.CapabilityChangeReason": "5", "EventData.PreviousCapability": "0"}
{"EventID": "4042", "Channel": "Microsoft-Windows-NCSI/Operational", "Provider_Name": "Microsoft-Windows-NCSI", "Computer": "DESKTOP-OFJ6N53", "TimeCreated": "2023-04-19 17:57:02.198872+00:00", "RecordID": "5680", "Level": "4", "UserID": "S-1-5-20", "EventData.InterfaceGuid": "{bed2c4be-ec11-4cc8-aafc-f0fd7a5e3a02}", "EventData.IfLuid": "1689399632855040", "EventData.Family": "1", "EventData.Capability": "1", "EventData.CapabilityChangeReason": "5", "EventData.PreviousCapability": "1"}
{"EventID": "4042", "Channel": "Microsoft-Windows-NCSI/Operational", "Provider_Name": "Microsoft-Windows-NCSI", "Computer": "DESKTOP-OFJ6N53", "TimeCreated": "2023-04-19 17:57:15.935131+00:00", "RecordID": "5681", "Level": "4", "UserID": "S-1-5-20", "EventData.InterfaceGuid": "{27d65e2b-b9f4-4a37-baf1-399a2d33aa64}", "EventData.IfLuid": "1689399716741120", "EventData.Family": "0", "EventData.Capability": "0", "EventData.CapabilityChangeReason": "5", "EventData.PreviousCapability": "0"}
{"EventID": "4042", "Channel": "Microsoft-Windows-NCSI/Operational", "Provider_Name": "Microsoft-Windows-NCSI", "Computer": "DESKTOP-OFJ6N53", "TimeCreated": "2023-04-19 18:27:50.548187+00:00", "RecordID": "5682", "Level": "4", "UserID": "S-1-5-20", "EventData.InterfaceGuid": "{bed2c4be-ec11-4cc8-aafc-f0fd7a5e3a02}", "EventData.IfLuid": "1689399632855040", "EventData.Family": "1", "EventData.Capability": "1", "EventData.CapabilityChangeReason": "5", "EventData.PreviousCapability": "1"}
{"EventID": "4042", "Channel": "Microsoft-Windows-NCSI/Operational", "Provider_Name": "Microsoft-Windows-NCSI", "Computer": "DESKTOP-OFJ6N53", "TimeCreated": "2023-04-19 18:28:05.946842+00:00", "RecordID": "5683", "Level": "4", "UserID": "S-1-5-20", "EventData.InterfaceGuid": "{27d65e2b-b9f4-4a37-baf1-399a2d33aa64}", "EventData.IfLuid": "1689399716741120", "EventData.Family": "0", "EventData.Capability": "0", "EventData.CapabilityChangeReason": "5", "EventData.PreviousCapability": "0"}
{"EventID": "4042", "Channel": "Microsoft-Windows-NCSI/Operational", "Provider_Name": "Microsoft-Windows-NCSI", "Computer": "DESKTOP-OFJ6N53", "TimeCreated": "2023-04-19 19:09:36.556112+00:00", "RecordID": "5684", "Level": "4", "UserID": "S-1-5-20", "EventData.InterfaceGuid": "{bed2c4be-ec11-4cc8-aafc-f0fd7a5e3a02}", "EventData.IfLuid": "1689399632855040", "EventData.Family": "1", "EventData.Capability": "1", "EventData.CapabilityChangeReason": "5", "EventData.PreviousCapability": "1"}
{"EventID": "4042", "Channel": "Microsoft-Windows-NCSI/Operational", "Provider_Name": "Microsoft-Windows-NCSI", "Computer": "DESKTOP-OFJ6N53", "TimeCreated": "2023-04-19 19:09:50.413578+00:00", "RecordID": "5685", "Level": "4", "UserID": "S-1-5-20", "EventData.InterfaceGuid": "{27d65e2b-b9f4-4a37-baf1-399a2d33aa64}", "EventData.IfLuid": "1689399716741120", "EventData.Family": "0", "EventData.Capability": "0", "EventData.CapabilityChangeReason": "5", "EventData.PreviousCapability": "0"}
{"EventID": "4042", "Channel": "Microsoft-Windows-NCSI/Operational", "Provider_Name": "Microsoft-Windows-NCSI", "Computer": "DESKTOP-OFJ6N53", "TimeCreated": "2023-04-19 19:58:38.320271+00:00", "RecordID": "5686", "Level": "4", "UserID": "S-1-5-20", "EventData.InterfaceGuid": "{bed2c4be-ec11-4cc8-aafc-f0fd7a5e3a02}", "EventData.IfLuid": "1689399632855040", "EventData.Family": "1", "EventData.Capability": "1", "EventData.CapabilityChangeReason": "5", "EventData.PreviousCapability": "1"}
{"EventID": "4042", "Channel": "Microsoft-Windows-NCSI/Operational", "Provider_Name": "Microsoft-Windows-NCSI", "Computer": "DESKTOP-OFJ6N53", "TimeCreated": "2023-04-19 19:58:51.912041+00:00", "RecordID": "5687", "Level": "4", "UserID": "S-1-5-20", "EventData.InterfaceGuid": "{27d65e2b-b9f4-4a37-baf1-399a2d33aa64}", "EventData.IfLuid": "1689399716741120", "EventData.Family": "0", "EventData.Capability": "0", "EventData.CapabilityChangeReason": "5", "EventData.PreviousCapability": "0"}
{"EventID": "4042", "Channel": "Microsoft-Windows-NCSI/Operational", "Provider_Name": "Microsoft-Windows-NCSI", "Computer": "DESKTOP-OFJ6N53", "TimeCreated": "2023-04-19 20:44:15.661274+00:00", "RecordID": "5688", "Level": "4", "UserID": "S-1-5-20", "EventData.InterfaceGuid": "{bed2c4be-ec11-4cc8-aafc-f0fd7a5e3a02}", "EventData.IfLuid": "1689399632855040", "EventData.Family": "1", "EventData.Capability": "1", "EventData.CapabilityChangeReason": "5", "EventData.PreviousCapability": "1"}
{"EventID": "4042", "Channel": "Microsoft-Windows-NCSI/Operational", "Provider_Name": "Microsoft-Windows-NCSI", "Computer": "DESKTOP-OFJ6N53", "TimeCreated": "2023-04-19 20:44:29.409090+00:00", "RecordID": "5689", "Level": "4", "UserID": "S-1-5-20", "EventData.InterfaceGuid": "{27d65e2b-b9f4-4a37-baf1-399a2d33aa64}", "EventData.IfLuid": "1689399716741120", "EventData.Family": "0", "EventData.Capability": "0", "EventData.CapabilityChangeReason": "5", "EventData.PreviousCapability": "0"}
{"EventID": "4042", "Channel": "Microsoft-Windows-NCSI/Operational", "Provider_Name": "Microsoft-Windows-NCSI", "Computer": "DESKTOP-OFJ6N53", "TimeCreated": "2023-04-19 21:36:43.271509+00:00", "RecordID": "5690", "Level": "4", "UserID": "S-1-5-20", "EventData.InterfaceGuid": "{bed2c4be-ec11-4cc8-aafc-f0fd7a5e3a02}", "EventData.IfLuid": "1689399632855040", "EventData.Family": "1", "EventData.Capability": "1", "EventData.CapabilityChangeReason": "5", "EventData.PreviousCapability": "1"}
{"EventID": "4042", "Channel": "Microsoft-Windows-NCSI/Operational", "Provider_Name": "Microsoft-Windows-NCSI", "Computer": "DESKTOP-OFJ6N53", "TimeCreated": "2023-04-19 21:36:56.910177+00:00", "RecordID": "5691", "Level": "4", "UserID": "S-1-5-20", "EventData.InterfaceGuid": "{27d65e2b-b9f4-4a37-baf1-399a2d33aa64}", "EventData.IfLuid": "1689399716741120", "EventData.Family": "0", "EventData.Capability": "0", "EventData.CapabilityChangeReason": "5", "EventData.PreviousCapability": "0"}
{"EventID": "4042", "Channel": "Microsoft-Windows-NCSI/Operational", "Provider_Name": "Microsoft-Windows-NCSI", "Computer": "DESKTOP-OFJ6N53", "TimeCreated": "2023-04-19 22:20:49.025162+00:00", "RecordID": "5692", "Level": "4", "UserID": "S-1-5-20", "EventData.InterfaceGuid": "{bed2c4be-ec11-4cc8-aafc-f0fd7a5e3a02}", "EventData.IfLuid": "1689399632855040", "EventData.Family": "1", "EventData.Capability": "1", "EventData.CapabilityChangeReason": "5", "EventData.PreviousCapability": "1"}
{"EventID": "4042", "Channel": "Microsoft-Windows-NCSI/Operational", "Provider_Name": "Microsoft-Windows-NCSI", "Computer": "DESKTOP-OFJ6N53", "TimeCreated": "2023-04-19 22:21:02.899218+00:00", "RecordID": "5693", "Level": "4", "UserID": "S-1-5-20", "EventData.InterfaceGuid": "{27d65e2b-b9f4-4a37-baf1-399a2d33aa64}", "EventData.IfLuid": "1689399716741120", "EventData.Family": "0", "EventData.Capability": "0", "EventData.CapabilityChangeReason": "5", "EventData.PreviousCapability": "0"}
{"EventID": "4042", "Channel": "Microsoft-Windows-NCSI/Operational", "Provider_Name": "Microsoft-Windows-NCSI", "Computer": "DESKTOP-OFJ6N53", "TimeCreated": "2023-04-19 23:14:10.992981+00:00", "RecordID": "5694", "Level": "4", "UserID": "S-1-5-20", "EventData.InterfaceGuid": "{bed2c4be-ec11-4cc8-aafc-f0fd7a5e3a02}", "EventData.IfLuid": "1689399632855040", "EventData.Family": "1", "EventData.Capability": "1", "EventData.CapabilityChangeReason": "5", "EventData.PreviousCapability": "1"}
{"EventID": "4042", "Channel": "Microsoft-Windows-NCSI/Operational", "Provider_Name": "Microsoft-Windows-NCSI", "Computer": "DESKTOP-OFJ6N53", "TimeCreated": "2023-04-19 23:14:24.924711+00:00", "RecordID": "5695", "Level": "4", "UserID": "S-1-5-20", "EventData.InterfaceGuid": "{27d65e2b-b9f4-4a37-baf1-399a2d33aa64}", "EventData.IfLuid": "1689399716741120", "EventData.Family": "0", "EventData.Capability": "0", "EventData.CapabilityChangeReason": "5", "EventData.PreviousCapability": "0"}
{"EventID": "4042", "Channel": "Microsoft-Windows-NCSI/Operational", "Provider_Name": "Microsoft-Windows-NCSI", "Computer": "DESKTOP-OFJ6N53", "TimeCreated": "2023-04-19 23:56:57.972870+00:00", "RecordID": "5696", "Level": "4", "UserID": "S-1-5-20", "EventData.InterfaceGuid": "{bed2c4be-ec11-4cc8-aafc-f0fd7a5e3a02}", "EventData.IfLuid": "1689399632855040", "EventData.Family": "1", "EventData.Capability": "1", "EventData.CapabilityChangeReason": "5", "EventData.PreviousCapability": "1"}
{"EventID": "4042", "Channel": "Microsoft-Windows-NCSI/Operational", "Provider_Name": "Microsoft-Windows-NCSI", "Computer": "DESKTOP-OFJ6N53", "TimeCreated": "2023-04-19 23:57:11.908880+00:00", "RecordID": "5697", "Level": "4", "UserID": "S-1-5-20", "EventData.InterfaceGuid": "{27d65e2b-b9f4-4a37-baf1-399a2d33aa64}", "EventData.IfLuid": "1689399716741120", "EventData.Family": "0", "EventData.Capability": "0", "EventData.CapabilityChangeReason": "5", "EventData.PreviousCapability": "0"}
{"EventID": "4042", "Channel": "Microsoft-Windows-NCSI/Operational", "Provider_Name": "Microsoft-Windows-NCSI", "Computer": "DESKTOP-OFJ6N53", "TimeCreated": "2023-04-20 00:55:52.124096+00:00", "RecordID": "5698", "Level": "4", "UserID": "S-1-5-20", "EventData.InterfaceGuid": "{bed2c4be-ec11-4cc8-aafc-f0fd7a5e3a02}", "EventData.IfLuid": "1689399632855040", "EventData.Family": "1", "EventData.Capability": "1", "EventData.CapabilityChangeReason": "5", "EventData.PreviousCapability": "1"}
{"EventID": "4042", "Channel": "Microsoft-Windows-NCSI/Operational", "Provider_Name": "Microsoft-Windows-NCSI", "Computer": "DESKTOP-OFJ6N53", "TimeCreated": "2023-04-20 00:56:05.895819+00:00", "RecordID": "5699", "Level": "4", "UserID": "S-1-5-20", "EventData.InterfaceGuid": "{27d65e2b-b9f4-4a37-baf1-399a2d33aa64}", "EventData.IfLuid": "1689399716741120", "EventData.Family": "0", "EventData.Capability": "0", "EventData.CapabilityChangeReason": "5", "EventData.PreviousCapability": "0"}
{"EventID": "4042", "Channel": "Microsoft-Windows-NCSI/Operational", "Provider_Name": "Microsoft-Windows-NCSI", "Computer": "DESKTOP-OFJ6N53", "TimeCreated": "2023-04-20 01:48:32.273293+00:00", "RecordID": "5700", "Level": "4", "UserID": "S-1-5-20", "EventData.InterfaceGuid": "{bed2c4be-ec11-4cc8-aafc-f0fd7a5e3a02}", "EventData.IfLuid": "1689399632855040", "EventData.Family": "1", "EventData.Capability": "1", "EventData.CapabilityChangeReason": "5", "EventData.PreviousCapability": "1"}
{"EventID": "4042", "Channel": "Microsoft-Windows-NCSI/Operational", "Provider_Name": "Microsoft-Windows-NCSI", "Computer": "DESKTOP-OFJ6N53", "TimeCreated": "2023-04-20 01:48:45.894869+00:00", "RecordID": "5701", "Level": "4", "UserID": "S-1-5-20", "EventData.InterfaceGuid": "{27d65e2b-b9f4-4a37-baf1-399a2d33aa64}", "EventData.IfLuid": "1689399716741120", "EventData.Family": "0", "EventData.Capability": "0", "EventData.CapabilityChangeReason": "5", "EventData.PreviousCapability": "0"}
{"EventID": "4042", "Channel": "Microsoft-Windows-NCSI/Operational", "Provider_Name": "Microsoft-Windows-NCSI", "Computer": "DESKTOP-OFJ6N53", "TimeCreated": "2023-04-20 02:43:55.031315+00:00", "RecordID": "5702", "Level": "4", "UserID": "S-1-5-20", "EventData.InterfaceGuid": "{bed2c4be-ec11-4cc8-aafc-f0fd7a5e3a02}", "EventData.IfLuid": "1689399632855040", "EventData.Family": "1", "EventData.Capability": "1", "EventData.CapabilityChangeReason": "5", "EventData.PreviousCapability": "1"}
{"EventID": "4042", "Channel": "Microsoft-Windows-NCSI/Operational", "Provider_Name": "Microsoft-Windows-NCSI", "Computer": "DESKTOP-OFJ6N53", "TimeCreated": "2023-04-20 02:44:09.419266+00:00", "RecordID": "5703", "Level": "4", "UserID": "S-1-5-20", "EventData.InterfaceGuid": "{27d65e2b-b9f4-4a37-baf1-399a2d33aa64}", "EventData.IfLuid": "1689399716741120", "EventData.Family": "0", "EventData.Capability": "0", "EventData.CapabilityChangeReason": "5", "EventData.PreviousCapability": "0"}
{"EventID": "4042", "Channel": "Microsoft-Windows-NCSI/Operational", "Provider_Name": "Microsoft-Windows-NCSI", "Computer": "DESKTOP-OFJ6N53", "TimeCreated": "2023-04-20 03:36:44.006821+00:00", "RecordID": "5704", "Level": "4", "UserID": "S-1-5-20", "EventData.InterfaceGuid": "{bed2c4be-ec11-4cc8-aafc-f0fd7a5e3a02}", "EventData.IfLuid": "1689399632855040", "EventData.Family": "1", "EventData.Capability": "1", "EventData.CapabilityChangeReason": "5", "EventData.PreviousCapability": "1"}
{"EventID": "4042", "Channel": "Microsoft-Windows-NCSI/Operational", "Provider_Name": "Microsoft-Windows-NCSI", "Computer": "DESKTOP-OFJ6N53", "TimeCreated": "2023-04-20 03:36:58.410490+00:00", "RecordID": "5705", "Level": "4", "UserID": "S-1-5-20", "EventData.InterfaceGuid": "{27d65e2b-b9f4-4a37-baf1-399a2d33aa64}", "EventData.IfLuid": "1689399716741120", "EventData.Family": "0", "EventData.Capability": "0", "EventData.CapabilityChangeReason": "5", "EventData.PreviousCapability": "0"}
{"EventID": "4042", "Channel": "Microsoft-Windows-NCSI/Operational", "Provider_Name": "Microsoft-Windows-NCSI", "Computer": "DESKTOP-OFJ6N53", "TimeCreated": "2023-04-20 04:23:33.092283+00:00", "RecordID": "5706", "Level": "4", "UserID": "S-1-5-20", "EventData.InterfaceGuid": "{bed2c4be-ec11-4cc8-aafc-f0fd7a5e3a02}", "EventData.IfLuid": "1689399632855040", "EventData.Family": "1", "EventData.Capability": "1", "EventData.CapabilityChangeReason": "5", "EventData.PreviousCapability": "1"}
{"EventID": "4042", "Channel": "Microsoft-Windows-NCSI/Operational", "Provider_Name": "Microsoft-Windows-NCSI", "Computer": "DESKTOP-OFJ6N53", "TimeCreated": "2023-04-20 04:23:53.747042+00:00", "RecordID": "5707", "Level": "4", "UserID": "S-1-5-20", "EventData.InterfaceGuid": "{27d65e2b-b9f4-4a37-baf1-399a2d33aa64}", "EventData.IfLuid": "1689399716741120", "EventData.Family": "0", "EventData.Capability": "0", "EventData.CapabilityChangeReason": "5", "EventData.PreviousCapability": "0"}
{"EventID": "4042", "Channel": "Microsoft-Windows-NCSI/Operational", "Provider_Name": "Microsoft-Windows-NCSI", "Computer": "DESKTOP-OFJ6N53", "TimeCreated": "2023-04-20 05:11:32.520491+00:00", "RecordID": "5708", "Level": "4", "UserID": "S-1-5-20", "EventData.InterfaceGuid": "{bed2c4be-ec11-4cc8-aafc-f0fd7a5e3a02}", "EventData.IfLuid": "1689399632855040", "EventData.Family": "1", "EventData.Capability": "1", "EventData.CapabilityChangeReason": "5", "EventData.PreviousCapability": "1"}
{"EventID": "4042", "Channel": "Microsoft-Windows-NCSI/Operational", "Provider_Name": "Microsoft-Windows-NCSI", "Computer": "DESKTOP-OFJ6N53", "TimeCreated": "2023-04-20 05:11:46.460730+00:00", "RecordID": "5709", "Level": "4", "UserID": "S-1-5-20", "EventData.InterfaceGuid": "{27d65e2b-b9f4-4a37-baf1-399a2d33aa64}", "EventData.IfLuid": "1689399716741120", "EventData.Family": "0", "EventData.Capability": "0", "EventData.CapabilityChangeReason": "5", "EventData.PreviousCapability": "0"}
{"EventID": "4042", "Channel": "Microsoft-Windows-NCSI/Operational", "Provider_Name": "Microsoft-Windows-NCSI", "Computer": "DESKTOP-OFJ6N53", "TimeCreated": "2023-04-20 05:51:51.803104+00:00", "RecordID": "5710", "Level": "4", "UserID": "S-1-5-20", "EventData.InterfaceGuid": "{bed2c4be-ec11-4cc8-aafc-f0fd7a5e3a02}", "EventData.IfLuid": "1689399632855040", "EventData.Family": "1", "EventData.Capability": "1", "EventData.CapabilityChangeReason": "5", "EventData.PreviousCapability": "1"}
{"EventID": "4042", "Channel": "Microsoft-Windows-NCSI/Operational", "Provider_Name": "Microsoft-Windows-NCSI", "Computer": "DESKTOP-OFJ6N53", "TimeCreated": "2023-04-20 05:52:05.926807+00:00", "RecordID": "5711", "Level": "4", "UserID": "S-1-5-20", "EventData.InterfaceGuid": "{27d65e2b-b9f4-4a37-baf1-399a2d33aa64}", "EventData.IfLuid": "1689399716741120", "EventData.Family": "0", "EventData.Capability": "0", "EventData.CapabilityChangeReason": "5", "EventData.PreviousCapability": "0"}
{"EventID": "4042", "Channel": "Microsoft-Windows-NCSI/Operational", "Provider_Name": "Microsoft-Windows-NCSI", "Computer": "DESKTOP-OFJ6N53", "TimeCreated": "2023-04-20 06:48:25.366598+00:00", "RecordID": "5712", "Level": "4", "UserID": "S-1-5-20", "EventData.InterfaceGuid": "{bed2c4be-ec11-4cc8-aafc-f0fd7a5e3a02}", "EventData.IfLuid": "1689399632855040", "EventData.Family": "1", "EventData.Capability": "1", "EventData.CapabilityChangeReason": "5", "EventData.PreviousCapability": "1"}
{"EventID": "4042", "Channel": "Microsoft-Windows-NCSI/Operational", "Provider_Name": "Microsoft-Windows-NCSI", "Computer": "DESKTOP-OFJ6N53", "TimeCreated": "2023-04-20 06:48:39.395273+00:00", "RecordID": "5713", "Level": "4", "UserID": "S-1-5-20", "EventData.InterfaceGuid": "{27d65e2b-b9f4-4a37-baf1-399a2d33aa64}", "EventData.IfLuid": "1689399716741120", "EventData.Family": "0", "EventData.Capability": "0", "EventData.CapabilityChangeReason": "5", "EventData.PreviousCapability": "0"}
{"EventID": "4042", "Channel": "Microsoft-Windows-NCSI/Operational", "Provider_Name": "Microsoft-Windows-NCSI", "Computer": "DESKTOP-OFJ6N53", "TimeCreated": "2023-04-20 07:23:48.633247+00:00", "RecordID": "5714", "Level": "4", "UserID": "S-1-5-20", "EventData.InterfaceGuid": "{bed2c4be-ec11-4cc8-aafc-f0fd7a5e3a02}", "EventData.IfLuid": "1689399632855040", "EventData.Family": "1", "EventData.Capability": "1", "EventData.CapabilityChangeReason": "5", "EventData.PreviousCapability": "1"}
{"EventID": "4042", "Channel": "Microsoft-Windows-NCSI/Operational", "Provider_Name": "Microsoft-Windows-NCSI", "Computer": "DESKTOP-OFJ6N53", "TimeCreated": "2023-04-20 07:24:02.414017+00:00", "RecordID": "5715", "Level": "4", "UserID": "S-1-5-20", "EventData.InterfaceGuid": "{27d65e2b-b9f4-4a37-baf1-399a2d33aa64}", "EventData.IfLuid": "1689399716741120", "EventData.Family": "0", "EventData.Capability": "0", "EventData.CapabilityChangeReason": "5", "EventData.PreviousCapability": "0"}
{"EventID": "4042", "Channel": "Microsoft-Windows-NCSI/Operational", "Provider_Name": "Microsoft-Windows-NCSI", "Computer": "DESKTOP-OFJ6N53", "TimeCreated": "2023-04-20 07:57:25.900496+00:00", "RecordID": "5716", "Level": "4", "UserID": "S-1-5-20", "EventData.InterfaceGuid": "{bed2c4be-ec11-4cc8-aafc-f0fd7a5e3a02}", "EventData.IfLuid": "1689399632855040", "EventData.Family": "1", "EventData.Capability": "1", "EventData.CapabilityChangeReason": "5", "EventData.PreviousCapability": "1"}
{"EventID": "4042", "Channel": "Microsoft-Windows-NCSI/Operational", "Provider_Name": "Microsoft-Windows-NCSI", "Computer": "DESKTOP-OFJ6N53", "TimeCreated": "2023-04-20 07:57:39.920269+00:00", "RecordID": "5717", "Level": "4", "UserID": "S-1-5-20", "EventData.InterfaceGuid": "{27d65e2b-b9f4-4a37-baf1-399a2d33aa64}", "EventData.IfLuid": "1689399716741120", "EventData.Family": "0", "EventData.Capability": "0", "EventData.CapabilityChangeReason": "5", "EventData.PreviousCapability": "0"}
{"EventID": "4042", "Channel": "Microsoft-Windows-NCSI/Operational", "Provider_Name": "Microsoft-Windows-NCSI", "Computer": "DESKTOP-OFJ6N53", "TimeCreated": "2023-04-20 08:37:38.621580+00:00", "RecordID": "5718", "Level": "4", "UserID": "S-1-5-20", "EventData.InterfaceGuid": "{bed2c4be-ec11-4cc8-aafc-f0fd7a5e3a02}", "EventData.IfLuid": "1689399632855040", "EventData.Family": "1", "EventData.Capability": "1", "EventData.CapabilityChangeReason": "5", "EventData.PreviousCapability": "1"}
{"EventID": "4042", "Channel": "Microsoft-Windows-NCSI/Operational", "Provider_Name": "Microsoft-Windows-NCSI", "Computer": "DESKTOP-OFJ6N53", "TimeCreated": "2023-04-20 08:37:52.416744+00:00", "RecordID": "5719", "Level": "4", "UserID": "S-1-5-20", "EventData.InterfaceGuid": "{27d65e2b-b9f4-4a37-baf1-399a2d33aa64}", "EventData.IfLuid": "1689399716741120", "EventData.Family": "0", "EventData.Capability": "0", "EventData.CapabilityChangeReason": "5", "EventData.PreviousCapability": "0"}
{"EventID": "4042", "Channel": "Microsoft-Windows-NCSI/Operational", "Provider_Name": "Microsoft-Windows-NCSI", "Computer": "DESKTOP-OFJ6N53", "TimeCreated": "2023-04-20 09:29:23.392590+00:00", "RecordID": "5720", "Level": "4", "UserID": "S-1-5-20", "EventData.InterfaceGuid": "{bed2c4be-ec11-4cc8-aafc-f0fd7a5e3a02}", "EventData.IfLuid": "1689399632855040", "EventData.Family": "1", "EventData.Capability": "1", "EventData.CapabilityChangeReason": "5", "EventData.PreviousCapability": "1"}
{"EventID": "4042", "Channel": "Microsoft-Windows-NCSI/Operational", "Provider_Name": "Microsoft-Windows-NCSI", "Computer": "DESKTOP-OFJ6N53", "TimeCreated": "2023-04-20 09:29:37.295982+00:00", "RecordID": "5721", "Level": "4", "UserID": "S-1-5-20", "EventData.InterfaceGuid": "{27d65e2b-b9f4-4a37-baf1-399a2d33aa64}", "EventData.IfLuid": "1689399716741120", "EventData.Family": "0", "EventData.Capability": "0", "EventData.CapabilityChangeReason": "5", "EventData.PreviousCapability": "0"}
{"EventID": "4042", "Channel": "Microsoft-Windows-NCSI/Operational", "Provider_Name": "Microsoft-Windows-NCSI", "Computer": "DESKTOP-OFJ6N53", "TimeCreated": "2023-04-20 10:04:39.117495+00:00", "RecordID": "5722", "Level": "4", "UserID": "S-1-5-20", "EventData.InterfaceGuid": "{bed2c4be-ec11-4cc8-aafc-f0fd7a5e3a02}", "EventData.IfLuid": "1689399632855040", "EventData.Family": "1", "EventData.Capability": "1", "EventData.CapabilityChangeReason": "5", "EventData.PreviousCapability": "1"}
{"EventID": "4042", "Channel": "Microsoft-Windows-NCSI/Operational", "Provider_Name": "Microsoft-Windows-NCSI", "Computer": "DESKTOP-OFJ6N53", "TimeCreated": "2023-04-20 10:04:53.662836+00:00", "RecordID": "5723", "Level": "4", "UserID": "S-1-5-20", "EventData.InterfaceGuid": "{27d65e2b-b9f4-4a37-baf1-399a2d33aa64}", "EventData.IfLuid": "1689399716741120", "EventData.Family": "0", "EventData.Capability": "0", "EventData.CapabilityChangeReason": "5", "EventData.PreviousCapability": "0"}
{"EventID": "4042", "Channel": "Microsoft-Windows-NCSI/Operational", "Provider_Name": "Microsoft-Windows-NCSI", "Computer": "DESKTOP-OFJ6N53", "TimeCreated": "2023-04-20 10:37:49.856985+00:00", "RecordID": "5724", "Level": "4", "UserID": "S-1-5-20", "EventData.InterfaceGuid": "{27d65e2b-b9f4-4a37-baf1-399a2d33aa64}", "EventData.IfLuid": "1689399716741120", "EventData.Family": "0", "EventData.Capability": "0", "EventData.CapabilityChangeReason": "5", "EventData.PreviousCapability": "0"}
{"EventID": "4042", "Channel": "Microsoft-Windows-NCSI/Operational", "Provider_Name": "Microsoft-Windows-NCSI", "Computer": "DESKTOP-OFJ6N53", "TimeCreated": "2023-04-20 10:38:13.688025+00:00", "RecordID": "5725", "Level": "4", "UserID": "S-1-5-20", "EventData.InterfaceGuid": "{bed2c4be-ec11-4cc8-aafc-f0fd7a5e3a02}", "EventData.IfLuid": "1689399632855040", "EventData.Family": "1", "EventData.Capability": "1", "EventData.CapabilityChangeReason": "5", "EventData.PreviousCapability": "1"}
{"EventID": "4042", "Channel": "Microsoft-Windows-NCSI/Operational", "Provider_Name": "Microsoft-Windows-NCSI", "Computer": "DESKTOP-OFJ6N53", "TimeCreated": "2023-04-20 10:38:26.791456+00:00", "RecordID": "5726", "Level": "4", "UserID": "S-1-5-20", "EventData.InterfaceGuid": "{27d65e2b-b9f4-4a37-baf1-399a2d33aa64}", "EventData.IfLuid": "1689399716741120", "EventData.Family": "0", "EventData.Capability": "0", "EventData.CapabilityChangeReason": "5", "EventData.PreviousCapability": "0"}
{"EventID": "4042", "Channel": "Microsoft-Windows-NCSI/Operational", "Provider_Name": "Microsoft-Windows-NCSI", "Computer": "DESKTOP-OFJ6N53", "TimeCreated": "2023-04-20 10:39:04.434095+00:00", "RecordID": "5727", "Level": "4", "UserID": "S-1-5-20", "EventData.InterfaceGuid": "{27d65e2b-b9f4-4a37-baf1-399a2d33aa64}", "EventData.IfLuid": "1689399716741120", "EventData.Family": "0", "EventData.Capability": "0", "EventData.CapabilityChangeReason": "5", "EventData.PreviousCapability": "0"}
{"EventID": "4042", "Channel": "Microsoft-Windows-NCSI/Operational", "Provider_Name": "Microsoft-Windows-NCSI", "Computer": "DESKTOP-OFJ6N53", "TimeCreated": "2023-04-20 10:42:53.937403+00:00", "RecordID": "5728", "Level": "4", "UserID": "S-1-5-20", "EventData.InterfaceGuid": "{bed2c4be-ec11-4cc8-aafc-f0fd7a5e3a02}", "EventData.IfLuid": "1689399632855040", "EventData.Family": "1", "EventData.Capability": "1", "EventData.CapabilityChangeReason": "5", "EventData.PreviousCapability": "1"}
{"EventID": "4042", "Channel": "Microsoft-Windows-NCSI/Operational", "Provider_Name": "Microsoft-Windows-NCSI", "Computer": "DESKTOP-OFJ6N53", "TimeCreated": "2023-04-20 10:43:05.779055+00:00", "RecordID": "5729", "Level": "4", "UserID": "S-1-5-20", "EventData.InterfaceGuid": "{27d65e2b-b9f4-4a37-baf1-399a2d33aa64}", "EventData.IfLuid": "1689399716741120", "EventData.Family": "0", "EventData.Capability": "0", "EventData.CapabilityChangeReason": "5", "EventData.PreviousCapability": "0"}
{"EventID": "4042", "Channel": "Microsoft-Windows-NCSI/Operational", "Provider_Name": "Microsoft-Windows-NCSI", "Computer": "DESKTOP-OFJ6N53", "TimeCreated": "2023-04-20 10:43:49.435946+00:00", "RecordID": "5730", "Level": "4", "UserID": "S-1-5-20", "EventData.InterfaceGuid": "{27d65e2b-b9f4-4a37-baf1-399a2d33aa64}", "EventData.IfLuid": "1689399716741120", "EventData.Family": "0", "EventData.Capability": "0", "EventData.CapabilityChangeReason": "5", "EventData.PreviousCapability": "0"}
{"EventID": "4042", "Channel": "Microsoft-Windows-NCSI/Operational", "Provider_Name": "Microsoft-Windows-NCSI", "Computer": "DESKTOP-OFJ6N53", "TimeCreated": "2023-04-20 10:45:25.405882+00:00", "RecordID": "5731", "Level": "4", "UserID": "S-1-5-20", "EventData.InterfaceGuid": "{bed2c4be-ec11-4cc8-aafc-f0fd7a5e3a02}", "EventData.IfLuid": "1689399632855040", "EventData.Family": "1", "EventData.Capability": "1", "EventData.CapabilityChangeReason": "5", "EventData.PreviousCapability": "1"}
{"EventID": "4042", "Channel": "Microsoft-Windows-NCSI/Operational", "Provider_Name": "Microsoft-Windows-NCSI", "Computer": "DESKTOP-OFJ6N53", "TimeCreated": "2023-04-20 10:45:28.794022+00:00", "RecordID": "5732", "Level": "4", "UserID": "S-1-5-20", "EventData.InterfaceGuid": "{27d65e2b-b9f4-4a37-baf1-399a2d33aa64}", "EventData.IfLuid": "1689399716741120", "EventData.Family": "0", "EventData.Capability": "0", "EventData.CapabilityChangeReason": "5", "EventData.PreviousCapability": "0"}
{"EventID": "4042", "Channel": "Microsoft-Windows-NCSI/Operational", "Provider_Name": "Microsoft-Windows-NCSI", "Computer": "DESKTOP-OFJ6N53", "TimeCreated": "2023-04-20 10:46:04.435678+00:00", "RecordID": "5733", "Level": "4", "UserID": "S-1-5-20", "EventData.InterfaceGuid": "{27d65e2b-b9f4-4a37-baf1-399a2d33aa64}", "EventData.IfLuid": "1689399716741120", "EventData.Family": "0", "EventData.Capability": "0", "EventData.CapabilityChangeReason": "5", "EventData.PreviousCapability": "0"}
{"EventID": "4042", "Channel": "Microsoft-Windows-NCSI/Operational", "Provider_Name": "Microsoft-Windows-NCSI", "Computer": "DESKTOP-OFJ6N53", "TimeCreated": "2023-04-20 10:59:43.834454+00:00", "RecordID": "5734", "Level": "4", "UserID": "S-1-5-20", "EventData.InterfaceGuid": "{bed2c4be-ec11-4cc8-aafc-f0fd7a5e3a02}", "EventData.IfLuid": "1689399632855040", "EventData.Family": "1", "EventData.Capability": "1", "EventData.CapabilityChangeReason": "5", "EventData.PreviousCapability": "1"}
{"EventID": "4042", "Channel": "Microsoft-Windows-NCSI/Operational", "Provider_Name": "Microsoft-Windows-NCSI", "Computer": "DESKTOP-OFJ6N53", "TimeCreated": "2023-04-20 10:59:56.300919+00:00", "RecordID": "5735", "Level": "4", "UserID": "S-1-5-20", "EventData.InterfaceGuid": "{27d65e2b-b9f4-4a37-baf1-399a2d33aa64}", "EventData.IfLuid": "1689399716741120", "EventData.Family": "0", "EventData.Capability": "0", "EventData.CapabilityChangeReason": "5", "EventData.PreviousCapability": "0"}
{"EventID": "4042", "Channel": "Microsoft-Windows-NCSI/Operational", "Provider_Name": "Microsoft-Windows-NCSI", "Computer": "DESKTOP-OFJ6N53", "TimeCreated": "2023-04-20 11:00:34.443361+00:00", "RecordID": "5736", "Level": "4", "UserID": "S-1-5-20", "EventData.InterfaceGuid": "{27d65e2b-b9f4-4a37-baf1-399a2d33aa64}", "EventData.IfLuid": "1689399716741120", "EventData.Family": "0", "EventData.Capability": "0", "EventData.CapabilityChangeReason": "5", "EventData.PreviousCapability": "0"}
{"EventID": "4042", "Channel": "Microsoft-Windows-NCSI/Operational", "Provider_Name": "Microsoft-Windows-NCSI", "Computer": "DESKTOP-OFJ6N53", "TimeCreated": "2023-04-20 11:02:46.568562+00:00", "RecordID": "5737", "Level": "4", "UserID": "S-1-5-20", "EventData.InterfaceGuid": "{bed2c4be-ec11-4cc8-aafc-f0fd7a5e3a02}", "EventData.IfLuid": "1689399632855040", "EventData.Family": "1", "EventData.Capability": "1", "EventData.CapabilityChangeReason": "5", "EventData.PreviousCapability": "1"}
{"EventID": "4042", "Channel": "Microsoft-Windows-NCSI/Operational", "Provider_Name": "Microsoft-Windows-NCSI", "Computer": "DESKTOP-OFJ6N53", "TimeCreated": "2023-04-20 11:02:58.800365+00:00", "RecordID": "5738", "Level": "4", "UserID": "S-1-5-20", "EventData.InterfaceGuid": "{27d65e2b-b9f4-4a37-baf1-399a2d33aa64}", "EventData.IfLuid": "1689399716741120", "EventData.Family": "0", "EventData.Capability": "0", "EventData.CapabilityChangeReason": "5", "EventData.PreviousCapability": "0"}
{"EventID": "4042", "Channel": "Microsoft-Windows-NCSI/Operational", "Provider_Name": "Microsoft-Windows-NCSI", "Computer": "DESKTOP-OFJ6N53", "TimeCreated": "2023-04-20 11:03:34.442322+00:00", "RecordID": "5739", "Level": "4", "UserID": "S-1-5-20", "EventData.InterfaceGuid": "{27d65e2b-b9f4-4a37-baf1-399a2d33aa64}", "EventData.IfLuid": "1689399716741120", "EventData.Family": "0", "EventData.Capability": "0", "EventData.CapabilityChangeReason": "5", "EventData.PreviousCapability": "0"}
{"EventID": "4042", "Channel": "Microsoft-Windows-NCSI/Operational", "Provider_Name": "Microsoft-Windows-NCSI", "Computer": "DESKTOP-OFJ6N53", "TimeCreated": "2023-04-20 11:05:44.443861+00:00", "RecordID": "5740", "Level": "4", "UserID": "S-1-5-20", "EventData.InterfaceGuid": "{bed2c4be-ec11-4cc8-aafc-f0fd7a5e3a02}", "EventData.IfLuid": "1689399632855040", "EventData.Family": "1", "EventData.Capability": "1", "EventData.CapabilityChangeReason": "5", "EventData.PreviousCapability": "1"}
{"EventID": "4042", "Channel": "Microsoft-Windows-NCSI/Operational", "Provider_Name": "Microsoft-Windows-NCSI", "Computer": "DESKTOP-OFJ6N53", "TimeCreated": "2023-04-20 11:06:18.285469+00:00", "RecordID": "5741", "Level": "4", "UserID": "S-1-5-20", "EventData.InterfaceGuid": "{27d65e2b-b9f4-4a37-baf1-399a2d33aa64}", "EventData.IfLuid": "1689399716741120", "EventData.Family": "0", "EventData.Capability": "0", "EventData.CapabilityChangeReason": "5", "EventData.PreviousCapability": "0"}
{"EventID": "4042", "Channel": "Microsoft-Windows-NCSI/Operational", "Provider_Name": "Microsoft-Windows-NCSI", "Computer": "DESKTOP-OFJ6N53", "TimeCreated": "2023-04-20 11:06:49.442503+00:00", "RecordID": "5742", "Level": "4", "UserID": "S-1-5-20", "EventData.InterfaceGuid": "{27d65e2b-b9f4-4a37-baf1-399a2d33aa64}", "EventData.IfLuid": "1689399716741120", "EventData.Family": "0", "EventData.Capability": "0", "EventData.CapabilityChangeReason": "5", "EventData.PreviousCapability": "0"}
{"EventID": "4042", "Channel": "Microsoft-Windows-NCSI/Operational", "Provider_Name": "Microsoft-Windows-NCSI", "Computer": "DESKTOP-OFJ6N53", "TimeCreated": "2023-04-20 11:09:01.240986+00:00", "RecordID": "5743", "Level": "4", "UserID": "S-1-5-20", "EventData.InterfaceGuid": "{bed2c4be-ec11-4cc8-aafc-f0fd7a5e3a02}", "EventData.IfLuid": "1689399632855040", "EventData.Family": "1", "EventData.Capability": "1", "EventData.CapabilityChangeReason": "5", "EventData.PreviousCapability": "1"}
{"EventID": "4042", "Channel": "Microsoft-Windows-NCSI/Operational", "Provider_Name": "Microsoft-Windows-NCSI", "Computer": "DESKTOP-OFJ6N53", "TimeCreated": "2023-04-20 11:09:28.285141+00:00", "RecordID": "5744", "Level": "4", "UserID": "S-1-5-20", "EventData.InterfaceGuid": "{27d65e2b-b9f4-4a37-baf1-399a2d33aa64}", "EventData.IfLuid": "1689399716741120", "EventData.Family": "0", "EventData.Capability": "0", "EventData.CapabilityChangeReason": "5", "EventData.PreviousCapability": "0"}
{"EventID": "4042", "Channel": "Microsoft-Windows-NCSI/Operational", "Provider_Name": "Microsoft-Windows-NCSI", "Computer": "DESKTOP-OFJ6N53", "TimeCreated": "2023-04-20 11:10:04.442419+00:00", "RecordID": "5745", "Level": "4", "UserID": "S-1-5-20", "EventData.InterfaceGuid": "{27d65e2b-b9f4-4a37-baf1-399a2d33aa64}", "EventData.IfLuid": "1689399716741120", "EventData.Family": "0", "EventData.Capability": "0", "EventData.CapabilityChangeReason": "5", "EventData.PreviousCapability": "0"}
{"EventID": "4042", "Channel": "Microsoft-Windows-NCSI/Operational", "Provider_Name": "Microsoft-Windows-NCSI", "Computer": "DESKTOP-OFJ6N53", "TimeCreated": "2023-04-20 11:12:14.037861+00:00", "RecordID": "5746", "Level": "4", "UserID": "S-1-5-20", "EventData.InterfaceGuid": "{bed2c4be-ec11-4cc8-aafc-f0fd7a5e3a02}", "EventData.IfLuid": "1689399632855040", "EventData.Family": "1", "EventData.Capability": "1", "EventData.CapabilityChangeReason": "5", "EventData.PreviousCapability": "1"}
{"EventID": "4042", "Channel": "Microsoft-Windows-NCSI/Operational", "Provider_Name": "Microsoft-Windows-NCSI", "Computer": "DESKTOP-OFJ6N53", "TimeCreated": "2023-04-20 11:12:27.785370+00:00", "RecordID": "5747", "Level": "4", "UserID": "S-1-5-20", "EventData.InterfaceGuid": "{27d65e2b-b9f4-4a37-baf1-399a2d33aa64}", "EventData.IfLuid": "1689399716741120", "EventData.Family": "0", "EventData.Capability": "0", "EventData.CapabilityChangeReason": "5", "EventData.PreviousCapability": "0"}
{"EventID": "4042", "Channel": "Microsoft-Windows-NCSI/Operational", "Provider_Name": "Microsoft-Windows-NCSI", "Computer": "DESKTOP-OFJ6N53", "TimeCreated": "2023-04-20 11:13:04.442156+00:00", "RecordID": "5748", "Level": "4", "UserID": "S-1-5-20", "EventData.InterfaceGuid": "{27d65e2b-b9f4-4a37-baf1-399a2d33aa64}", "EventData.IfLuid": "1689399716741120", "EventData.Family": "0", "EventData.Capability": "0", "EventData.CapabilityChangeReason": "5", "EventData.PreviousCapability": "0"}
{"EventID": "4042", "Channel": "Microsoft-Windows-NCSI/Operational", "Provider_Name": "Microsoft-Windows-NCSI", "Computer": "DESKTOP-OFJ6N53", "TimeCreated": "2023-04-20 11:15:14.912910+00:00", "RecordID": "5749", "Level": "4", "UserID": "S-1-5-20", "EventData.InterfaceGuid": "{bed2c4be-ec11-4cc8-aafc-f0fd7a5e3a02}", "EventData.IfLuid": "1689399632855040", "EventData.Family": "1", "EventData.Capability": "1", "EventData.CapabilityChangeReason": "5", "EventData.PreviousCapability": "1"}
{"EventID": "4042", "Channel": "Microsoft-Windows-NCSI/Operational", "Provider_Name": "Microsoft-Windows-NCSI", "Computer": "DESKTOP-OFJ6N53", "TimeCreated": "2023-04-20 11:15:43.786282+00:00", "RecordID": "5750", "Level": "4", "UserID": "S-1-5-20", "EventData.InterfaceGuid": "{27d65e2b-b9f4-4a37-baf1-399a2d33aa64}", "EventData.IfLuid": "1689399716741120", "EventData.Family": "0", "EventData.Capability": "0", "EventData.CapabilityChangeReason": "5", "EventData.PreviousCapability": "0"}
{"EventID": "4042", "Channel": "Microsoft-Windows-NCSI/Operational", "Provider_Name": "Microsoft-Windows-NCSI", "Computer": "DESKTOP-OFJ6N53", "TimeCreated": "2023-04-20 11:16:19.442429+00:00", "RecordID": "5751", "Level": "4", "UserID": "S-1-5-20", "EventData.InterfaceGuid": "{27d65e2b-b9f4-4a37-baf1-399a2d33aa64}", "EventData.IfLuid": "1689399716741120", "EventData.Family": "0", "EventData.Capability": "0", "EventData.CapabilityChangeReason": "5", "EventData.PreviousCapability": "0"}
{"EventID": "4042", "Channel": "Microsoft-Windows-NCSI/Operational", "Provider_Name": "Microsoft-Windows-NCSI", "Computer": "DESKTOP-OFJ6N53", "TimeCreated": "2023-04-20 11:24:45.439095+00:00", "RecordID": "5752", "Level": "4", "UserID": "S-1-5-20", "EventData.InterfaceGuid": "{bed2c4be-ec11-4cc8-aafc-f0fd7a5e3a02}", "EventData.IfLuid": "1689399632855040", "EventData.Family": "1", "EventData.Capability": "1", "EventData.CapabilityChangeReason": "5", "EventData.PreviousCapability": "1"}
{"EventID": "4042", "Channel": "Microsoft-Windows-NCSI/Operational", "Provider_Name": "Microsoft-Windows-NCSI", "Computer": "DESKTOP-OFJ6N53", "TimeCreated": "2023-04-20 11:24:57.777393+00:00", "RecordID": "5753", "Level": "4", "UserID": "S-1-5-20", "EventData.InterfaceGuid": "{27d65e2b-b9f4-4a37-baf1-399a2d33aa64}", "EventData.IfLuid": "1689399716741120", "EventData.Family": "0", "EventData.Capability": "0", "EventData.CapabilityChangeReason": "5", "EventData.PreviousCapability": "0"}
{"EventID": "4042", "Channel": "Microsoft-Windows-NCSI/Operational", "Provider_Name": "Microsoft-Windows-NCSI", "Computer": "DESKTOP-OFJ6N53", "TimeCreated": "2023-04-20 11:25:34.434652+00:00", "RecordID": "5754", "Level": "4", "UserID": "S-1-5-20", "EventData.InterfaceGuid": "{27d65e2b-b9f4-4a37-baf1-399a2d33aa64}", "EventData.IfLuid": "1689399716741120", "EventData.Family": "0", "EventData.Capability": "0", "EventData.CapabilityChangeReason": "5", "EventData.PreviousCapability": "0"}
{"EventID": "4042", "Channel": "Microsoft-Windows-NCSI/Operational", "Provider_Name": "Microsoft-Windows-NCSI", "Computer": "DESKTOP-OFJ6N53", "TimeCreated": "2023-04-20 11:28:02.446867+00:00", "RecordID": "5755", "Level": "4", "UserID": "S-1-5-20", "EventData.InterfaceGuid": "{bed2c4be-ec11-4cc8-aafc-f0fd7a5e3a02}", "EventData.IfLuid": "1689399632855040", "EventData.Family": "1", "EventData.Capability": "1", "EventData.CapabilityChangeReason": "5", "EventData.PreviousCapability": "1"}
{"EventID": "4042", "Channel": "Microsoft-Windows-NCSI/Operational", "Provider_Name": "Microsoft-Windows-NCSI", "Computer": "DESKTOP-OFJ6N53", "TimeCreated": "2023-04-20 11:28:14.787991+00:00", "RecordID": "5756", "Level": "4", "UserID": "S-1-5-20", "EventData.InterfaceGuid": "{27d65e2b-b9f4-4a37-baf1-399a2d33aa64}", "EventData.IfLuid": "1689399716741120", "EventData.Family": "0", "EventData.Capability": "0", "EventData.CapabilityChangeReason": "5", "EventData.PreviousCapability": "0"}
{"EventID": "4042", "Channel": "Microsoft-Windows-NCSI/Operational", "Provider_Name": "Microsoft-Windows-NCSI", "Computer": "DESKTOP-OFJ6N53", "TimeCreated": "2023-04-20 11:28:49.445433+00:00", "RecordID": "5757", "Level": "4", "UserID": "S-1-5-20", "EventData.InterfaceGuid": "{27d65e2b-b9f4-4a37-baf1-399a2d33aa64}", "EventData.IfLuid": "1689399716741120", "EventData.Family": "0", "EventData.Capability": "0", "EventData.CapabilityChangeReason": "5", "EventData.PreviousCapability": "0"}
{"EventID": "4042", "Channel": "Microsoft-Windows-NCSI/Operational", "Provider_Name": "Microsoft-Windows-NCSI", "Computer": "DESKTOP-OFJ6N53", "TimeCreated": "2023-04-20 11:30:28.634583+00:00", "RecordID": "5758", "Level": "4", "UserID": "S-1-5-20", "EventData.InterfaceGuid": "{bed2c4be-ec11-4cc8-aafc-f0fd7a5e3a02}", "EventData.IfLuid": "1689399632855040", "EventData.Family": "1", "EventData.Capability": "1", "EventData.CapabilityChangeReason": "5", "EventData.PreviousCapability": "1"}
{"EventID": "4042", "Channel": "Microsoft-Windows-NCSI/Operational", "Provider_Name": "Microsoft-Windows-NCSI", "Computer": "DESKTOP-OFJ6N53", "TimeCreated": "2023-04-20 11:30:32.303719+00:00", "RecordID": "5759", "Level": "4", "UserID": "S-1-5-20", "EventData.InterfaceGuid": "{27d65e2b-b9f4-4a37-baf1-399a2d33aa64}", "EventData.IfLuid": "1689399716741120", "EventData.Family": "0", "EventData.Capability": "0", "EventData.CapabilityChangeReason": "5", "EventData.PreviousCapability": "0"}
{"EventID": "4042", "Channel": "Microsoft-Windows-NCSI/Operational", "Provider_Name": "Microsoft-Windows-NCSI", "Computer": "DESKTOP-OFJ6N53", "TimeCreated": "2023-04-20 11:31:04.431601+00:00", "RecordID": "5760", "Level": "4", "UserID": "S-1-5-20", "EventData.InterfaceGuid": "{27d65e2b-b9f4-4a37-baf1-399a2d33aa64}", "EventData.IfLuid": "1689399716741120", "EventData.Family": "0", "EventData.Capability": "0", "EventData.CapabilityChangeReason": "5", "EventData.PreviousCapability": "0"}
{"EventID": "4042", "Channel": "Microsoft-Windows-NCSI/Operational", "Provider_Name": "Microsoft-Windows-NCSI", "Computer": "DESKTOP-OFJ6N53", "TimeCreated": "2023-04-20 11:34:15.021999+00:00", "RecordID": "5761", "Level": "4", "UserID": "S-1-5-20", "EventData.InterfaceGuid": "{bed2c4be-ec11-4cc8-aafc-f0fd7a5e3a02}", "EventData.IfLuid": "1689399632855040", "EventData.Family": "1", "EventData.Capability": "1", "EventData.CapabilityChangeReason": "5", "EventData.PreviousCapability": "1"}
{"EventID": "4042", "Channel": "Microsoft-Windows-NCSI/Operational", "Provider_Name": "Microsoft-Windows-NCSI", "Computer": "DESKTOP-OFJ6N53", "TimeCreated": "2023-04-20 11:34:26.785089+00:00", "RecordID": "5762", "Level": "4", "UserID": "S-1-5-20", "EventData.InterfaceGuid": "{27d65e2b-b9f4-4a37-baf1-399a2d33aa64}", "EventData.IfLuid": "1689399716741120", "EventData.Family": "0", "EventData.Capability": "0", "EventData.CapabilityChangeReason": "5", "EventData.PreviousCapability": "0"}
{"EventID": "4042", "Channel": "Microsoft-Windows-NCSI/Operational", "Provider_Name": "Microsoft-Windows-NCSI", "Computer": "DESKTOP-OFJ6N53", "TimeCreated": "2023-04-20 11:35:04.442358+00:00", "RecordID": "5763", "Level": "4", "UserID": "S-1-5-20", "EventData.InterfaceGuid": "{27d65e2b-b9f4-4a37-baf1-399a2d33aa64}", "EventData.IfLuid": "1689399716741120", "EventData.Family": "0", "EventData.Capability": "0", "EventData.CapabilityChangeReason": "5", "EventData.PreviousCapability": "0"}
{"EventID": "4042", "Channel": "Microsoft-Windows-NCSI/Operational", "Provider_Name": "Microsoft-Windows-NCSI", "Computer": "DESKTOP-OFJ6N53", "TimeCreated": "2023-04-20 11:37:35.115356+00:00", "RecordID": "5764", "Level": "4", "UserID": "S-1-5-20", "EventData.InterfaceGuid": "{bed2c4be-ec11-4cc8-aafc-f0fd7a5e3a02}", "EventData.IfLuid": "1689399632855040", "EventData.Family": "1", "EventData.Capability": "1", "EventData.CapabilityChangeReason": "5", "EventData.PreviousCapability": "1"}
{"EventID": "4042", "Channel": "Microsoft-Windows-NCSI/Operational", "Provider_Name": "Microsoft-Windows-NCSI", "Computer": "DESKTOP-OFJ6N53", "TimeCreated": "2023-04-20 11:37:47.285217+00:00", "RecordID": "5765", "Level": "4", "UserID": "S-1-5-20", "EventData.InterfaceGuid": "{27d65e2b-b9f4-4a37-baf1-399a2d33aa64}", "EventData.IfLuid": "1689399716741120", "EventData.Family": "0", "EventData.Capability": "0", "EventData.CapabilityChangeReason": "5", "EventData.PreviousCapability": "0"}
{"EventID": "4042", "Channel": "Microsoft-Windows-NCSI/Operational", "Provider_Name": "Microsoft-Windows-NCSI", "Computer": "DESKTOP-OFJ6N53", "TimeCreated": "2023-04-20 11:38:19.442154+00:00", "RecordID": "5766", "Level": "4", "UserID": "S-1-5-20", "EventData.InterfaceGuid": "{27d65e2b-b9f4-4a37-baf1-399a2d33aa64}", "EventData.IfLuid": "1689399716741120", "EventData.Family": "0", "EventData.Capability": "0", "EventData.CapabilityChangeReason": "5", "EventData.PreviousCapability": "0"}
{"EventID": "4042", "Channel": "Microsoft-Windows-NCSI/Operational", "Provider_Name": "Microsoft-Windows-NCSI", "Computer": "DESKTOP-OFJ6N53", "TimeCreated": "2023-04-20 11:40:26.695112+00:00", "RecordID": "5767", "Level": "4", "UserID": "S-1-5-20", "EventData.InterfaceGuid": "{bed2c4be-ec11-4cc8-aafc-f0fd7a5e3a02}", "EventData.IfLuid": "1689399632855040", "EventData.Family": "1", "EventData.Capability": "1", "EventData.CapabilityChangeReason": "5", "EventData.PreviousCapability": "1"}
{"EventID": "4042", "Channel": "Microsoft-Windows-NCSI/Operational", "Provider_Name": "Microsoft-Windows-NCSI", "Computer": "DESKTOP-OFJ6N53", "TimeCreated": "2023-04-20 11:40:35.285532+00:00", "RecordID": "5768", "Level": "4", "UserID": "S-1-5-20", "EventData.InterfaceGuid": "{27d65e2b-b9f4-4a37-baf1-399a2d33aa64}", "EventData.IfLuid": "1689399716741120", "EventData.Family": "0", "EventData.Capability": "0", "EventData.CapabilityChangeReason": "5", "EventData.PreviousCapability": "0"}
{"EventID": "4042", "Channel": "Microsoft-Windows-NCSI/Operational", "Provider_Name": "Microsoft-Windows-NCSI", "Computer": "DESKTOP-OFJ6N53", "TimeCreated": "2023-04-20 11:41:19.442448+00:00", "RecordID": "5769", "Level": "4", "UserID": "S-1-5-20", "EventData.InterfaceGuid": "{27d65e2b-b9f4-4a37-baf1-399a2d33aa64}", "EventData.IfLuid": "1689399716741120", "EventData.Family": "0", "EventData.Capability": "0", "EventData.CapabilityChangeReason": "5", "EventData.PreviousCapability": "0"}
{"EventID": "4042", "Channel": "Microsoft-Windows-NCSI/Operational", "Provider_Name": "Microsoft-Windows-NCSI", "Computer": "DESKTOP-OFJ6N53", "TimeCreated": "2023-04-20 11:43:31.475227+00:00", "RecordID": "5770", "Level": "4", "UserID": "S-1-5-20", "EventData.InterfaceGuid": "{bed2c4be-ec11-4cc8-aafc-f0fd7a5e3a02}", "EventData.IfLuid": "1689399632855040", "EventData.Family": "1", "EventData.Capability": "1", "EventData.CapabilityChangeReason": "5", "EventData.PreviousCapability": "1"}
{"EventID": "4042", "Channel": "Microsoft-Windows-NCSI/Operational", "Provider_Name": "Microsoft-Windows-NCSI", "Computer": "DESKTOP-OFJ6N53", "TimeCreated": "2023-04-20 11:43:57.800241+00:00", "RecordID": "5771", "Level": "4", "UserID": "S-1-5-20", "EventData.InterfaceGuid": "{27d65e2b-b9f4-4a37-baf1-399a2d33aa64}", "EventData.IfLuid": "1689399716741120", "EventData.Family": "0", "EventData.Capability": "0", "EventData.CapabilityChangeReason": "5", "EventData.PreviousCapability": "0"}
{"EventID": "4042", "Channel": "Microsoft-Windows-NCSI/Operational", "Provider_Name": "Microsoft-Windows-NCSI", "Computer": "DESKTOP-OFJ6N53", "TimeCreated": "2023-04-20 11:44:34.442638+00:00", "RecordID": "5772", "Level": "4", "UserID": "S-1-5-20", "EventData.InterfaceGuid": "{27d65e2b-b9f4-4a37-baf1-399a2d33aa64}", "EventData.IfLuid": "1689399716741120", "EventData.Family": "0", "EventData.Capability": "0", "EventData.CapabilityChangeReason": "5", "EventData.PreviousCapability": "0"}
{"EventID": "4042", "Channel": "Microsoft-Windows-NCSI/Operational", "Provider_Name": "Microsoft-Windows-NCSI", "Computer": "DESKTOP-OFJ6N53", "TimeCreated": "2023-04-20 11:46:51.490463+00:00", "RecordID": "5773", "Level": "4", "UserID": "S-1-5-20", "EventData.InterfaceGuid": "{bed2c4be-ec11-4cc8-aafc-f0fd7a5e3a02}", "EventData.IfLuid": "1689399632855040", "EventData.Family": "1", "EventData.Capability": "1", "EventData.CapabilityChangeReason": "5", "EventData.PreviousCapability": "1"}
