{"EventID": "410", "Channel": "Microsoft-Windows-Kernel-PnP/Configuration", "Provider_Name": "Microsoft-Windows-Kernel-PnP", "Computer": "DESKTOP-OFJ6N53", "TimeCreated": "2025-08-11 15:17:09.348352+00:00", "RecordID": "35894", "Level": "4", "UserID": "S-1-5-18", "EventData.DeviceInstanceId": "SWD\\ScDeviceEnum\\1_Windows_Hello_for_Business_1", "EventData.DriverName": "c_swdevice.inf", "EventData.ClassGuid": "{62f9c741-b25a-46ce-b54c-9bccce08b6f2}", "EventData.ServiceName": null, "EventData.LowerFilters": null, "EventData.UpperFilters": null, "EventData.Problem": "0x00000000", "EventData.Status": "0x00000000"}
{"EventID": "400", "Channel": "Microsoft-Windows-Kernel-PnP/Configuration", "Provider_Name": "Microsoft-Windows-Kernel-PnP", "Computer": "DESKTOP-OFJ6N53", "TimeCreated": "2025-08-11 15:17:09.815624+00:00", "RecordID": "35895", "Level": "4", "UserID": "S-1-5-18", "EventData.DeviceInstanceId": "SWD\\ScDeviceEnum\\1_AKS_VR_0", "EventData.DriverName": "c_swdevice.inf", "EventData.ClassGuid": "{62f9c741-b25a-46ce-b54c-9bccce08b6f2}", "EventData.DriverDate": "06/21/2006", "EventData.DriverVersion": "10.0.19041.1", "EventData.DriverProvider": "Microsoft", "EventData.DriverInbox": "True", "EventData.DriverSection": "SoftwareDevice", "EventData.DriverRank": "0x00ff3000", "EventData.MatchingDeviceId": "SWD\\GenericRaw", "EventData.OutrankedDrivers": null, "EventData.DeviceUpdated": "False", "EventData.Status": "0x00000000", "EventData.ParentDeviceInstanceId": "SWD\\ScDeviceEnumBus\\0"}
{"EventID": "410", "Channel": "Microsoft-Windows-Kernel-PnP/Configuration", "Provider_Name": "Microsoft-Windows-Kernel-PnP", "Computer": "DESKTOP-OFJ6N53", "TimeCreated": "2025-08-11 15:17:09.816481+00:00", "RecordID": "35896", "Level": "4", "UserID": "S-1-5-18", "EventData.DeviceInstanceId": "SWD\\ScDeviceEnum\\1_AKS_VR_0", "EventData.DriverName": "c_swdevice.inf", "EventData.ClassGuid": "{62f9c741-b25a-46ce-b54c-9bccce08b6f2}", "EventData.ServiceName": null, "EventData.LowerFilters": null, "EventData.UpperFilters": null, "EventData.Problem": "0x00000000", "EventData.Status": "0x00000000"}
{"EventID": "400", "Channel": "Microsoft-Windows-Kernel-PnP/Configuration", "Provider_Name": "Microsoft-Windows-Kernel-PnP", "Computer": "DESKTOP-OFJ6N53", "TimeCreated": "2025-08-11 15:17:10.372866+00:00", "RecordID": "35897", "Level": "4", "UserID": "S-1-5-18", "EventData.DeviceInstanceId": "SWD\\PRINTENUM\\{E09BA415-F645-4E17-B932-20553A68CC4A}", "EventData.DriverName": "printqueue.inf", "EventData.ClassGuid": "{1ed2bbf9-11f0-4084-b21f-ad83a8e6dcdc}", "EventData.DriverDate": "06/21/2006", "EventData.DriverVersion": "10.0.19041.1", "EventData.DriverProvider": "Microsoft", "EventData.DriverInbox": "True", "EventData.DriverSection": "NO_DRV_LOCAL", "EventData.DriverRank": "0x00000000", "EventData.MatchingDeviceId": "PRINTENUM\\LocalPrintQueue", "EventData.OutrankedDrivers": "c_swdevice.inf:SWD\\GenericRaw:00FF3001", "EventData.DeviceUpdated": "False", "EventData.Status": "0x00000000", "EventData.ParentDeviceInstanceId": "SWD\\PRINTENUM\\PrintQueues"}
{"EventID": "410", "Channel": "Microsoft-Windows-Kernel-PnP/Configuration", "Provider_Name": "Microsoft-Windows-Kernel-PnP", "Computer": "DESKTOP-OFJ6N53", "TimeCreated": "2025-08-11 15:17:10.375065+00:00", "RecordID": "35898", "Level": "4", "UserID": "S-1-5-18", "EventData.DeviceInstanceId": "SWD\\PRINTENUM\\{E09BA415-F645-4E17-B932-20553A68CC4A}", "EventData.DriverName": "printqueue.inf", "EventData.ClassGuid": "{1ed2bbf9-11f0-4084-b21f-ad83a8e6dcdc}", "EventData.ServiceName": null, "EventData.LowerFilters": null, "EventData.UpperFilters": null, "EventData.Problem": "0x00000000", "EventData.Status": "0x00000000"}
{"EventID": "400", "Channel": "Microsoft-Windows-Kernel-PnP/Configuration", "Provider_Name": "Microsoft-Windows-Kernel-PnP", "Computer": "DESKTOP-OFJ6N53", "TimeCreated": "2025-08-11 15:17:11.170557+00:00", "RecordID": "35899", "Level": "4", "UserID": "S-1-5-18", "EventData.DeviceInstanceId": "SWD\\ScDeviceEnum\\1_AKS_ifdh_1", "EventData.DriverName": "c_swdevice.inf", "EventData.ClassGuid": "{62f9c741-b25a-46ce-b54c-9bccce08b6f2}", "EventData.DriverDate": "06/21/2006", "EventData.DriverVersion": "10.0.19041.1", "EventData.DriverProvider": "Microsoft", "EventData.DriverInbox": "True", "EventData.DriverSection": "SoftwareDevice", "EventData.DriverRank": "0x00ff3000", "EventData.MatchingDeviceId": "SWD\\GenericRaw", "EventData.OutrankedDrivers": null, "EventData.DeviceUpdated": "False", "EventData.Status": "0x00000000", "EventData.ParentDeviceInstanceId": "SWD\\ScDeviceEnumBus\\0"}
{"EventID": "410", "Channel": "Microsoft-Windows-Kernel-PnP/Configuration", "Provider_Name": "Microsoft-Windows-Kernel-PnP", "Computer": "DESKTOP-OFJ6N53", "TimeCreated": "2025-08-11 15:17:11.171476+00:00", "RecordID": "35900", "Level": "4", "UserID": "S-1-5-18", "EventData.DeviceInstanceId": "SWD\\ScDeviceEnum\\1_AKS_ifdh_1", "EventData.DriverName": "c_swdevice.inf", "EventData.ClassGuid": "{62f9c741-b25a-46ce-b54c-9bccce08b6f2}", "EventData.ServiceName": null, "EventData.LowerFilters": null, "EventData.UpperFilters": null, "EventData.Problem": "0x00000000", "EventData.Status": "0x00000000"}
{"EventID": "400", "Channel": "Microsoft-Windows-Kernel-PnP/Configuration", "Provider_Name": "Microsoft-Windows-Kernel-PnP", "Computer": "DESKTOP-OFJ6N53", "TimeCreated": "2025-08-11 15:17:12.131290+00:00", "RecordID": "35901", "Level": "4", "UserID": "S-1-5-18", "EventData.DeviceInstanceId": "SWD\\ScDeviceEnum\\1_AKS_ifdh_0", "EventData.DriverName": "c_swdevice.inf", "EventData.ClassGuid": "{62f9c741-b25a-46ce-b54c-9bccce08b6f2}", "EventData.DriverDate": "06/21/2006", "EventData.DriverVersion": "10.0.19041.1", "EventData.DriverProvider": "Microsoft", "EventData.DriverInbox": "True", "EventData.DriverSection": "SoftwareDevice", "EventData.DriverRank": "0x00ff3000", "EventData.MatchingDeviceId": "SWD\\GenericRaw", "EventData.OutrankedDrivers": null, "EventData.DeviceUpdated": "False", "EventData.Status": "0x00000000", "EventData.ParentDeviceInstanceId": "SWD\\ScDeviceEnumBus\\0"}
{"EventID": "410", "Channel": "Microsoft-Windows-Kernel-PnP/Configuration", "Provider_Name": "Microsoft-Windows-Kernel-PnP", "Computer": "DESKTOP-OFJ6N53", "TimeCreated": "2025-08-11 15:17:12.132086+00:00", "RecordID": "35902", "Level": "4", "UserID": "S-1-5-18", "EventData.DeviceInstanceId": "SWD\\ScDeviceEnum\\1_AKS_ifdh_0", "EventData.DriverName": "c_swdevice.inf", "EventData.ClassGuid": "{62f9c741-b25a-46ce-b54c-9bccce08b6f2}", "EventData.ServiceName": null, "EventData.LowerFilters": null, "EventData.UpperFilters": null, "EventData.Problem": "0x00000000", "EventData.Status": "0x00000000"}
{"EventID": "400", "Channel": "Microsoft-Windows-Kernel-PnP/Configuration", "Provider_Name": "Microsoft-Windows-Kernel-PnP", "Computer": "DESKTOP-OFJ6N53", "TimeCreated": "2025-08-11 15:17:15.553114+00:00", "RecordID": "35903", "Level": "4", "UserID": "S-1-5-18", "EventData.DeviceInstanceId": "SWD\\PRINTENUM\\{8B2542E1-934E-4786-86CA-2754CC42EDBE}", "EventData.DriverName": "printqueue.inf", "EventData.ClassGuid": "{1ed2bbf9-11f0-4084-b21f-ad83a8e6dcdc}", "EventData.DriverDate": "06/21/2006", "EventData.DriverVersion": "10.0.19041.1", "EventData.DriverProvider": "Microsoft", "EventData.DriverInbox": "True", "EventData.DriverSection": "NO_DRV_LOCAL", "EventData.DriverRank": "0x00000000", "EventData.MatchingDeviceId": "PRINTENUM\\LocalPrintQueue", "EventData.OutrankedDrivers": "c_swdevice.inf:SWD\\GenericRaw:00FF3001", "EventData.DeviceUpdated": "False", "EventData.Status": "0x00000000", "EventData.ParentDeviceInstanceId": "SWD\\PRINTENUM\\PrintQueues"}
{"EventID": "410", "Channel": "Microsoft-Windows-Kernel-PnP/Configuration", "Provider_Name": "Microsoft-Windows-Kernel-PnP", "Computer": "DESKTOP-OFJ6N53", "TimeCreated": "2025-08-11 15:17:15.555490+00:00", "RecordID": "35904", "Level": "4", "UserID": "S-1-5-18", "EventData.DeviceInstanceId": "SWD\\PRINTENUM\\{8B2542E1-934E-4786-86CA-2754CC42EDBE}", "EventData.DriverName": "printqueue.inf", "EventData.ClassGuid": "{1ed2bbf9-11f0-4084-b21f-ad83a8e6dcdc}", "EventData.ServiceName": null, "EventData.LowerFilters": null, "EventData.UpperFilters": null, "EventData.Problem": "0x00000000", "EventData.Status": "0x00000000"}
{"EventID": "400", "Channel": "Microsoft-Windows-Kernel-PnP/Configuration", "Provider_Name": "Microsoft-Windows-Kernel-PnP", "Computer": "DESKTOP-OFJ6N53", "TimeCreated": "2025-08-11 15:17:19.200611+00:00", "RecordID": "35905", "Level": "4", "UserID": "S-1-5-18", "EventData.DeviceInstanceId": "SWD\\PRINTENUM\\{E9DF8CC1-73AC-422A-9D0C-2886F178A967}", "EventData.DriverName": "printqueue.inf", "EventData.ClassGuid": "{1ed2bbf9-11f0-4084-b21f-ad83a8e6dcdc}", "EventData.DriverDate": "06/21/2006", "EventData.DriverVersion": "10.0.19041.1", "EventData.DriverProvider": "Microsoft", "EventData.DriverInbox": "True", "EventData.DriverSection": "NO_DRV_LOCAL", "EventData.DriverRank": "0x00000000", "EventData.MatchingDeviceId": "PRINTENUM\\LocalPrintQueue", "EventData.OutrankedDrivers": "c_swdevice.inf:SWD\\GenericRaw:00FF3001", "EventData.DeviceUpdated": "False", "EventData.Status": "0x00000000", "EventData.ParentDeviceInstanceId": "SWD\\PRINTENUM\\PrintQueues"}
{"EventID": "410", "Channel": "Microsoft-Windows-Kernel-PnP/Configuration", "Provider_Name": "Microsoft-Windows-Kernel-PnP", "Computer": "DESKTOP-OFJ6N53", "TimeCreated": "2025-08-11 15:17:19.202589+00:00", "RecordID": "35906", "Level": "4", "UserID": "S-1-5-18", "EventData.DeviceInstanceId": "SWD\\PRINTENUM\\{E9DF8CC1-73AC-422A-9D0C-2886F178A967}", "EventData.DriverName": "printqueue.inf", "EventData.ClassGuid": "{1ed2bbf9-11f0-4084-b21f-ad83a8e6dcdc}", "EventData.ServiceName": null, "EventData.LowerFilters": null, "EventData.UpperFilters": null, "EventData.Problem": "0x00000000", "EventData.Status": "0x00000000"}
{"EventID": "400", "Channel": "Microsoft-Windows-Kernel-PnP/Configuration", "Provider_Name": "Microsoft-Windows-Kernel-PnP", "Computer": "DESKTOP-OFJ6N53", "TimeCreated": "2025-08-11 15:17:22.692514+00:00", "RecordID": "35907", "Level": "4", "UserID": "S-1-5-18", "EventData.DeviceInstanceId": "SWD\\PRINTENUM\\{B4E863BD-EA5C-424E-B154-6D0DC0C5231F}", "EventData.DriverName": "printqueue.inf", "EventData.ClassGuid": "{1ed2bbf9-11f0-4084-b21f-ad83a8e6dcdc}", "EventData.DriverDate": "06/21/2006", "EventData.DriverVersion": "10.0.19041.1", "EventData.DriverProvider": "Microsoft", "EventData.DriverInbox": "True", "EventData.DriverSection": "NO_DRV_LOCAL", "EventData.DriverRank": "0x00000000", "EventData.MatchingDeviceId": "PRINTENUM\\LocalPrintQueue", "EventData.OutrankedDrivers": "c_swdevice.inf:SWD\\GenericRaw:00FF3001", "EventData.DeviceUpdated": "False", "EventData.Status": "0x00000000", "EventData.ParentDeviceInstanceId": "SWD\\PRINTENUM\\PrintQueues"}
{"EventID": "410", "Channel": "Microsoft-Windows-Kernel-PnP/Configuration", "Provider_Name": "Microsoft-Windows-Kernel-PnP", "Computer": "DESKTOP-OFJ6N53", "TimeCreated": "2025-08-11 15:17:22.695543+00:00", "RecordID": "35908", "Level": "4", "UserID": "S-1-5-18", "EventData.DeviceInstanceId": "SWD\\PRINTENUM\\{B4E863BD-EA5C-424E-B154-6D0DC0C5231F}", "EventData.DriverName": "printqueue.inf", "EventData.ClassGuid": "{1ed2bbf9-11f0-4084-b21f-ad83a8e6dcdc}", "EventData.ServiceName": null, "EventData.LowerFilters": null, "EventData.UpperFilters": null, "EventData.Problem": "0x00000000", "EventData.Status": "0x00000000"}
{"EventID": "400", "Channel": "Microsoft-Windows-Kernel-PnP/Configuration", "Provider_Name": "Microsoft-Windows-Kernel-PnP", "Computer": "DESKTOP-OFJ6N53", "TimeCreated": "2025-08-11 15:17:26.568079+00:00", "RecordID": "35909", "Level": "4", "UserID": "S-1-5-18", "EventData.DeviceInstanceId": "SWD\\PRINTENUM\\{BC78B5FB-E7ED-4976-8B6F-1D27EA6D51E8}", "EventData.DriverName": "printqueue.inf", "EventData.ClassGuid": "{1ed2bbf9-11f0-4084-b21f-ad83a8e6dcdc}", "EventData.DriverDate": "06/21/2006", "EventData.DriverVersion": "10.0.19041.1", "EventData.DriverProvider": "Microsoft", "EventData.DriverInbox": "True", "EventData.DriverSection": "NO_DRV_LOCAL", "EventData.DriverRank": "0x00000000", "EventData.MatchingDeviceId": "PRINTENUM\\LocalPrintQueue", "EventData.OutrankedDrivers": "c_swdevice.inf:SWD\\GenericRaw:00FF3001", "EventData.DeviceUpdated": "False", "EventData.Status": "0x00000000", "EventData.ParentDeviceInstanceId": "SWD\\PRINTENUM\\PrintQueues"}
{"EventID": "410", "Channel": "Microsoft-Windows-Kernel-PnP/Configuration", "Provider_Name": "Microsoft-Windows-Kernel-PnP", "Computer": "DESKTOP-OFJ6N53", "TimeCreated": "2025-08-11 15:17:26.571283+00:00", "RecordID": "35910", "Level": "4", "UserID": "S-1-5-18", "EventData.DeviceInstanceId": "SWD\\PRINTENUM\\{BC78B5FB-E7ED-4976-8B6F-1D27EA6D51E8}", "EventData.DriverName": "printqueue.inf", "EventData.ClassGuid": "{1ed2bbf9-11f0-4084-b21f-ad83a8e6dcdc}", "EventData.ServiceName": null, "EventData.LowerFilters": null, "EventData.UpperFilters": null, "EventData.Problem": "0x00000000", "EventData.Status": "0x00000000"}
{"EventID": "400", "Channel": "Microsoft-Windows-Kernel-PnP/Configuration", "Provider_Name": "Microsoft-Windows-Kernel-PnP", "Computer": "DESKTOP-OFJ6N53", "TimeCreated": "2025-08-11 15:17:29.050694+00:00", "RecordID": "35911", "Level": "4", "UserID": "S-1-5-18", "EventData.DeviceInstanceId": "SWD\\PRINTENUM\\{2C667E85-9084-438B-B40B-590405AD0CC0}", "EventData.DriverName": "printqueue.inf", "EventData.ClassGuid": "{1ed2bbf9-11f0-4084-b21f-ad83a8e6dcdc}", "EventData.DriverDate": "06/21/2006", "EventData.DriverVersion": "10.0.19041.1", "EventData.DriverProvider": "Microsoft", "EventData.DriverInbox": "True", "EventData.DriverSection": "NO_DRV_LOCAL", "EventData.DriverRank": "0x00000000", "EventData.MatchingDeviceId": "PRINTENUM\\LocalPrintQueue", "EventData.OutrankedDrivers": "c_swdevice.inf:SWD\\GenericRaw:00FF3001", "EventData.DeviceUpdated": "False", "EventData.Status": "0x00000000", "EventData.ParentDeviceInstanceId": "SWD\\PRINTENUM\\PrintQueues"}
{"EventID": "410", "Channel": "Microsoft-Windows-Kernel-PnP/Configuration", "Provider_Name": "Microsoft-Windows-Kernel-PnP", "Computer": "DESKTOP-OFJ6N53", "TimeCreated": "2025-08-11 15:17:29.052919+00:00", "RecordID": "35912", "Level": "4", "UserID": "S-1-5-18", "EventData.DeviceInstanceId": "SWD\\PRINTENUM\\{2C667E85-9084-438B-B40B-590405AD0CC0}", "EventData.DriverName": "printqueue.inf", "EventData.ClassGuid": "{1ed2bbf9-11f0-4084-b21f-ad83a8e6dcdc}", "EventData.ServiceName": null, "EventData.LowerFilters": null, "EventData.UpperFilters": null, "EventData.Problem": "0x00000000", "EventData.Status": "0x00000000"}
{"EventID": "400", "Channel": "Microsoft-Windows-Kernel-PnP/Configuration", "Provider_Name": "Microsoft-Windows-Kernel-PnP", "Computer": "DESKTOP-OFJ6N53", "TimeCreated": "2025-08-11 15:17:31.212301+00:00", "RecordID": "35913", "Level": "4", "UserID": "S-1-5-18", "EventData.DeviceInstanceId": "SWD\\PRINTENUM\\{43A6CA98-48FA-4BBD-80B3-271E7B6A89FA}", "EventData.DriverName": "printqueue.inf", "EventData.ClassGuid": "{1ed2bbf9-11f0-4084-b21f-ad83a8e6dcdc}", "EventData.DriverDate": "06/21/2006", "EventData.DriverVersion": "10.0.19041.1", "EventData.DriverProvider": "Microsoft", "EventData.DriverInbox": "True", "EventData.DriverSection": "NO_DRV_LOCAL", "EventData.DriverRank": "0x00000000", "EventData.MatchingDeviceId": "PRINTENUM\\LocalPrintQueue", "EventData.OutrankedDrivers": "c_swdevice.inf:SWD\\GenericRaw:00FF3001", "EventData.DeviceUpdated": "False", "EventData.Status": "0x00000000", "EventData.ParentDeviceInstanceId": "SWD\\PRINTENUM\\PrintQueues"}
{"EventID": "410", "Channel": "Microsoft-Windows-Kernel-PnP/Configuration", "Provider_Name": "Microsoft-Windows-Kernel-PnP", "Computer": "DESKTOP-OFJ6N53", "TimeCreated": "2025-08-11 15:17:31.214615+00:00", "RecordID": "35914", "Level": "4", "UserID": "S-1-5-18", "EventData.DeviceInstanceId": "SWD\\PRINTENUM\\{43A6CA98-48FA-4BBD-80B3-271E7B6A89FA}", "EventData.DriverName": "printqueue.inf", "EventData.ClassGuid": "{1ed2bbf9-11f0-4084-b21f-ad83a8e6dcdc}", "EventData.ServiceName": null, "EventData.LowerFilters": null, "EventData.UpperFilters": null, "EventData.Problem": "0x00000000", "EventData.Status": "0x00000000"}
{"EventID": "400", "Channel": "Microsoft-Windows-Kernel-PnP/Configuration", "Provider_Name": "Microsoft-Windows-Kernel-PnP", "Computer": "DESKTOP-OFJ6N53", "TimeCreated": "2025-08-11 15:17:34.416988+00:00", "RecordID": "35915", "Level": "4", "UserID": "S-1-5-18", "EventData.DeviceInstanceId": "SWD\\PRINTENUM\\{FF9A2C7A-A51E-4038-9E90-AD91E7459E5F}", "EventData.DriverName": "printqueue.inf", "EventData.ClassGuid": "{1ed2bbf9-11f0-4084-b21f-ad83a8e6dcdc}", "EventData.DriverDate": "06/21/2006", "EventData.DriverVersion": "10.0.19041.1", "EventData.DriverProvider": "Microsoft", "EventData.DriverInbox": "True", "EventData.DriverSection": "NO_DRV_LOCAL", "EventData.DriverRank": "0x00000000", "EventData.MatchingDeviceId": "PRINTENUM\\LocalPrintQueue", "EventData.OutrankedDrivers": "c_swdevice.inf:SWD\\GenericRaw:00FF3001", "EventData.DeviceUpdated": "False", "EventData.Status": "0x00000000", "EventData.ParentDeviceInstanceId": "SWD\\PRINTENUM\\PrintQueues"}
{"EventID": "410", "Channel": "Microsoft-Windows-Kernel-PnP/Configuration", "Provider_Name": "Microsoft-Windows-Kernel-PnP", "Computer": "DESKTOP-OFJ6N53", "TimeCreated": "2025-08-11 15:17:34.419867+00:00", "RecordID": "35916", "Level": "4", "UserID": "S-1-5-18", "EventData.DeviceInstanceId": "SWD\\PRINTENUM\\{FF9A2C7A-A51E-4038-9E90-AD91E7459E5F}", "EventData.DriverName": "printqueue.inf", "EventData.ClassGuid": "{1ed2bbf9-11f0-4084-b21f-ad83a8e6dcdc}", "EventData.ServiceName": null, "EventData.LowerFilters": null, "EventData.UpperFilters": null, "EventData.Problem": "0x00000000", "EventData.Status": "0x00000000"}
{"EventID": "400", "Channel": "Microsoft-Windows-Kernel-PnP/Configuration", "Provider_Name": "Microsoft-Windows-Kernel-PnP", "Computer": "DESKTOP-OFJ6N53", "TimeCreated": "2025-08-11 15:17:36.594648+00:00", "RecordID": "35917", "Level": "4", "UserID": "S-1-5-18", "EventData.DeviceInstanceId": "SWD\\PRINTENUM\\{00685AD8-438E-46FD-ABA0-67D0A12A5D5A}", "EventData.DriverName": "printqueue.inf", "EventData.ClassGuid": "{1ed2bbf9-11f0-4084-b21f-ad83a8e6dcdc}", "EventData.DriverDate": "06/21/2006", "EventData.DriverVersion": "10.0.19041.1", "EventData.DriverProvider": "Microsoft", "EventData.DriverInbox": "True", "EventData.DriverSection": "NO_DRV_LOCAL", "EventData.DriverRank": "0x00000000", "EventData.MatchingDeviceId": "PRINTENUM\\LocalPrintQueue", "EventData.OutrankedDrivers": "c_swdevice.inf:SWD\\GenericRaw:00FF3001", "EventData.DeviceUpdated": "False", "EventData.Status": "0x00000000", "EventData.ParentDeviceInstanceId": "SWD\\PRINTENUM\\PrintQueues"}
{"EventID": "410", "Channel": "Microsoft-Windows-Kernel-PnP/Configuration", "Provider_Name": "Microsoft-Windows-Kernel-PnP", "Computer": "DESKTOP-OFJ6N53", "TimeCreated": "2025-08-11 15:17:36.597437+00:00", "RecordID": "35918", "Level": "4", "UserID": "S-1-5-18", "EventData.DeviceInstanceId": "SWD\\PRINTENUM\\{00685AD8-438E-46FD-ABA0-67D0A12A5D5A}", "EventData.DriverName": "printqueue.inf", "EventData.ClassGuid": "{1ed2bbf9-11f0-4084-b21f-ad83a8e6dcdc}", "EventData.ServiceName": null, "EventData.LowerFilters": null, "EventData.UpperFilters": null, "EventData.Problem": "0x00000000", "EventData.Status": "0x00000000"}
{"EventID": "400", "Channel": "Microsoft-Windows-Kernel-PnP/Configuration", "Provider_Name": "Microsoft-Windows-Kernel-PnP", "Computer": "DESKTOP-OFJ6N53", "TimeCreated": "2025-08-11 15:17:41.842810+00:00", "RecordID": "35919", "Level": "4", "UserID": "S-1-5-18", "EventData.DeviceInstanceId": "SWD\\PRINTENUM\\{9614D3F1-7091-4E4A-B9C5-D6C90970E0A8}", "EventData.DriverName": "printqueue.inf", "EventData.ClassGuid": "{1ed2bbf9-11f0-4084-b21f-ad83a8e6dcdc}", "EventData.DriverDate": "06/21/2006", "EventData.DriverVersion": "10.0.19041.1", "EventData.DriverProvider": "Microsoft", "EventData.DriverInbox": "True", "EventData.DriverSection": "NO_DRV_LOCAL", "EventData.DriverRank": "0x00000000", "EventData.MatchingDeviceId": "PRINTENUM\\LocalPrintQueue", "EventData.OutrankedDrivers": "c_swdevice.inf:SWD\\GenericRaw:00FF3001", "EventData.DeviceUpdated": "False", "EventData.Status": "0x00000000", "EventData.ParentDeviceInstanceId": "SWD\\PRINTENUM\\PrintQueues"}
{"EventID": "410", "Channel": "Microsoft-Windows-Kernel-PnP/Configuration", "Provider_Name": "Microsoft-Windows-Kernel-PnP", "Computer": "DESKTOP-OFJ6N53", "TimeCreated": "2025-08-11 15:17:41.844852+00:00", "RecordID": "35920", "Level": "4", "UserID": "S-1-5-18", "EventData.DeviceInstanceId": "SWD\\PRINTENUM\\{9614D3F1-7091-4E4A-B9C5-D6C90970E0A8}", "EventData.DriverName": "printqueue.inf", "EventData.ClassGuid": "{1ed2bbf9-11f0-4084-b21f-ad83a8e6dcdc}", "EventData.ServiceName": null, "EventData.LowerFilters": null, "EventData.UpperFilters": null, "EventData.Problem": "0x00000000", "EventData.Status": "0x00000000"}
{"EventID": "420", "Channel": "Microsoft-Windows-Kernel-PnP/Configuration", "Provider_Name": "Microsoft-Windows-Kernel-PnP", "Computer": "DESKTOP-OFJ6N53", "TimeCreated": "2025-08-12 00:08:44.547304+00:00", "RecordID": "35921", "Level": "4", "UserID": "S-1-5-18", "EventData.DeviceInstanceId": "SWD\\SCDEVICEENUM\\1_WINDOWS_HELLO_FOR_BUSINESS_1", "EventData.ClassGuid": "{62f9c741-b25a-46ce-b54c-9bccce08b6f2}", "EventData.Problem": "0x0000002d", "EventData.Status": "0x00000000"}
{"EventID": "420", "Channel": "Microsoft-Windows-Kernel-PnP/Configuration", "Provider_Name": "Microsoft-Windows-Kernel-PnP", "Computer": "DESKTOP-OFJ6N53", "TimeCreated": "2025-08-12 00:08:44.763371+00:00", "RecordID": "35922", "Level": "4", "UserID": "S-1-5-18", "EventData.DeviceInstanceId": "SWD\\SCDEVICEENUM\\1_AKS_VR_0", "EventData.ClassGuid": "{62f9c741-b25a-46ce-b54c-9bccce08b6f2}", "EventData.Problem": "0x0000002d", "EventData.Status": "0x00000000"}
{"EventID": "420", "Channel": "Microsoft-Windows-Kernel-PnP/Configuration", "Provider_Name": "Microsoft-Windows-Kernel-PnP", "Computer": "DESKTOP-OFJ6N53", "TimeCreated": "2025-08-12 00:08:44.837435+00:00", "RecordID": "35923", "Level": "4", "UserID": "S-1-5-18", "EventData.DeviceInstanceId": "SWD\\SCDEVICEENUM\\1_AKS_IFDH_1", "EventData.ClassGuid": "{62f9c741-b25a-46ce-b54c-9bccce08b6f2}", "EventData.Problem": "0x0000002d", "EventData.Status": "0x00000000"}
{"EventID": "420", "Channel": "Microsoft-Windows-Kernel-PnP/Configuration", "Provider_Name": "Microsoft-Windows-Kernel-PnP", "Computer": "DESKTOP-OFJ6N53", "TimeCreated": "2025-08-12 00:08:45.199425+00:00", "RecordID": "35924", "Level": "4", "UserID": "S-1-5-18", "EventData.DeviceInstanceId": "SWD\\MMDEVAPI\\{3.0.0.00000001}.{6C26BA7D-F0B2-4225-B422-8168C5261E45}", "EventData.ClassGuid": "{c166523c-fe0c-4a94-a586-f1a80cfbbf3e}", "EventData.Problem": "0x00000000", "EventData.Status": "0x00000000"}
{"EventID": "420", "Channel": "Microsoft-Windows-Kernel-PnP/Configuration", "Provider_Name": "Microsoft-Windows-Kernel-PnP", "Computer": "DESKTOP-OFJ6N53", "TimeCreated": "2025-08-12 00:08:45.220888+00:00", "RecordID": "35925", "Level": "4", "UserID": "S-1-5-18", "EventData.DeviceInstanceId": "SWD\\SCDEVICEENUM\\1_AKS_IFDH_0", "EventData.ClassGuid": "{62f9c741-b25a-46ce-b54c-9bccce08b6f2}", "EventData.Problem": "0x00000000", "EventData.Status": "0x00000000"}
{"EventID": "420", "Channel": "Microsoft-Windows-Kernel-PnP/Configuration", "Provider_Name": "Microsoft-Windows-Kernel-PnP", "Computer": "DESKTOP-OFJ6N53", "TimeCreated": "2025-08-12 00:08:45.885874+00:00", "RecordID": "35926", "Level": "4", "UserID": "S-1-5-18", "EventData.DeviceInstanceId": "SWD\\PRINTENUM\\{FF9A2C7A-A51E-4038-9E90-AD91E7459E5F}", "EventData.ClassGuid": "{1ed2bbf9-11f0-4084-b21f-ad83a8e6dcdc}", "EventData.Problem": "0x0000002d", "EventData.Status": "0x00000000"}
{"EventID": "420", "Channel": "Microsoft-Windows-Kernel-PnP/Configuration", "Provider_Name": "Microsoft-Windows-Kernel-PnP", "Computer": "DESKTOP-OFJ6N53", "TimeCreated": "2025-08-12 00:08:46.434660+00:00", "RecordID": "35927", "Level": "4", "UserID": "S-1-5-18", "EventData.DeviceInstanceId": "SWD\\PRINTENUM\\{E09BA415-F645-4E17-B932-20553A68CC4A}", "EventData.ClassGuid": "{1ed2bbf9-11f0-4084-b21f-ad83a8e6dcdc}", "EventData.Problem": "0x0000002d", "EventData.Status": "0x00000000"}
{"EventID": "420", "Channel": "Microsoft-Windows-Kernel-PnP/Configuration", "Provider_Name": "Microsoft-Windows-Kernel-PnP", "Computer": "DESKTOP-OFJ6N53", "TimeCreated": "2025-08-12 00:08:46.531881+00:00", "RecordID": "35928", "Level": "4", "UserID": "S-1-5-18", "EventData.DeviceInstanceId": "SWD\\PRINTENUM\\{8B2542E1-934E-4786-86CA-2754CC42EDBE}", "EventData.ClassGuid": "{1ed2bbf9-11f0-4084-b21f-ad83a8e6dcdc}", "EventData.Problem": "0x0000002d", "EventData.Status": "0x00000000"}
{"EventID": "420", "Channel": "Microsoft-Windows-Kernel-PnP/Configuration", "Provider_Name": "Microsoft-Windows-Kernel-PnP", "Computer": "DESKTOP-OFJ6N53", "TimeCreated": "2025-08-12 00:08:47.003033+00:00", "RecordID": "35929", "Level": "4", "UserID": "S-1-5-18", "EventData.DeviceInstanceId": "SWD\\PRINTENUM\\{E9DF8CC1-73AC-422A-9D0C-2886F178A967}", "EventData.ClassGuid": "{1ed2bbf9-11f0-4084-b21f-ad83a8e6dcdc}", "EventData.Problem": "0x0000002d", "EventData.Status": "0x00000000"}
{"EventID": "420", "Channel": "Microsoft-Windows-Kernel-PnP/Configuration", "Provider_Name": "Microsoft-Windows-Kernel-PnP", "Computer": "DESKTOP-OFJ6N53", "TimeCreated": "2025-08-12 00:08:47.438215+00:00", "RecordID": "35930", "Level": "4", "UserID": "S-1-5-18", "EventData.DeviceInstanceId": "SWD\\PRINTENUM\\{B4E863BD-EA5C-424E-B154-6D0DC0C5231F}", "EventData.ClassGuid": "{1ed2bbf9-11f0-4084-b21f-ad83a8e6dcdc}", "EventData.Problem": "0x0000002d", "EventData.Status": "0x00000000"}
{"EventID": "420", "Channel": "Microsoft-Windows-Kernel-PnP/Configuration", "Provider_Name": "Microsoft-Windows-Kernel-PnP", "Computer": "DESKTOP-OFJ6N53", "TimeCreated": "2025-08-12 00:08:47.854181+00:00", "RecordID": "35931", "Level": "4", "UserID": "S-1-5-18", "EventData.DeviceInstanceId": "SWD\\PRINTENUM\\{BC78B5FB-E7ED-4976-8B6F-1D27EA6D51E8}", "EventData.ClassGuid": "{1ed2bbf9-11f0-4084-b21f-ad83a8e6dcdc}", "EventData.Problem": "0x0000002d", "EventData.Status": "0x00000000"}
{"EventID": "420", "Channel": "Microsoft-Windows-Kernel-PnP/Configuration", "Provider_Name": "Microsoft-Windows-Kernel-PnP", "Computer": "DESKTOP-OFJ6N53", "TimeCreated": "2025-08-12 00:08:48.095158+00:00", "RecordID": "35932", "Level": "4", "UserID": "S-1-5-18", "EventData.DeviceInstanceId": "SWD\\PRINTENUM\\{2C667E85-9084-438B-B40B-590405AD0CC0}", "EventData.ClassGuid": "{1ed2bbf9-11f0-4084-b21f-ad83a8e6dcdc}", "EventData.Problem": "0x0000002d", "EventData.Status": "0x00000000"}
{"EventID": "420", "Channel": "Microsoft-Windows-Kernel-PnP/Configuration", "Provider_Name": "Microsoft-Windows-Kernel-PnP", "Computer": "DESKTOP-OFJ6N53", "TimeCreated": "2025-08-12 00:08:48.253546+00:00", "RecordID": "35933", "Level": "4", "UserID": "S-1-5-18", "EventData.DeviceInstanceId": "SWD\\PRINTENUM\\{43A6CA98-48FA-4BBD-80B3-271E7B6A89FA}", "EventData.ClassGuid": "{1ed2bbf9-11f0-4084-b21f-ad83a8e6dcdc}", "EventData.Problem": "0x0000002d", "EventData.Status": "0x00000000"}
{"EventID": "420", "Channel": "Microsoft-Windows-Kernel-PnP/Configuration", "Provider_Name": "Microsoft-Windows-Kernel-PnP", "Computer": "DESKTOP-OFJ6N53", "TimeCreated": "2025-08-12 00:08:48.574926+00:00", "RecordID": "35934", "Level": "4", "UserID": "S-1-5-18", "EventData.DeviceInstanceId": "SWD\\PRINTENUM\\{00685AD8-438E-46FD-ABA0-67D0A12A5D5A}", "EventData.ClassGuid": "{1ed2bbf9-11f0-4084-b21f-ad83a8e6dcdc}", "EventData.Problem": "0x0000002d", "EventData.Status": "0x00000000"}
{"EventID": "420", "Channel": "Microsoft-Windows-Kernel-PnP/Configuration", "Provider_Name": "Microsoft-Windows-Kernel-PnP", "Computer": "DESKTOP-OFJ6N53", "TimeCreated": "2025-08-12 00:08:48.859541+00:00", "RecordID": "35935", "Level": "4", "UserID": "S-1-5-18", "EventData.DeviceInstanceId": "SWD\\PRINTENUM\\{9614D3F1-7091-4E4A-B9C5-D6C90970E0A8}", "EventData.ClassGuid": "{1ed2bbf9-11f0-4084-b21f-ad83a8e6dcdc}", "EventData.Problem": "0x0000002d", "EventData.Status": "0x00000000"}
{"EventID": "400", "Channel": "Microsoft-Windows-Kernel-PnP/Configuration", "Provider_Name": "Microsoft-Windows-Kernel-PnP", "Computer": "DESKTOP-OFJ6N53", "TimeCreated": "2025-08-12 11:56:49.348085+00:00", "RecordID": "35936", "Level": "4", "UserID": "S-1-5-18", "EventData.DeviceInstanceId": "SWD\\MMDEVAPI\\{3.0.0.00000001}.{6C26BA7D-F0B2-4225-B422-8168C5261E45}", "EventData.DriverName": "audioendpoint.inf", "EventData.ClassGuid": "{c166523c-fe0c-4a94-a586-f1a80cfbbf3e}", "EventData.DriverDate": "12/06/2019", "EventData.DriverVersion": "10.0.19041.1", "EventData.DriverProvider": "Microsoft", "EventData.DriverInbox": "True", "EventData.DriverSection": "NO_DRV", "EventData.DriverRank": "0x00ff0000", "EventData.MatchingDeviceId": "MMDEVAPI\\AudioEndpoints", "EventData.OutrankedDrivers": "c_swdevice.inf:SWD\\GenericRaw:00FF3001", "EventData.DeviceUpdated": "False", "EventData.Status": "0x00000000", "EventData.ParentDeviceInstanceId": "HTREE\\ROOT\\0"}
{"EventID": "410", "Channel": "Microsoft-Windows-Kernel-PnP/Configuration", "Provider_Name": "Microsoft-Windows-Kernel-PnP", "Computer": "DESKTOP-OFJ6N53", "TimeCreated": "2025-08-12 11:56:49.349575+00:00", "RecordID": "35937", "Level": "4", "UserID": "S-1-5-18", "EventData.DeviceInstanceId": "SWD\\MMDEVAPI\\{3.0.0.00000001}.{6C26BA7D-F0B2-4225-B422-8168C5261E45}", "EventData.DriverName": "audioendpoint.inf", "EventData.ClassGuid": "{c166523c-fe0c-4a94-a586-f1a80cfbbf3e}", "EventData.ServiceName": null, "EventData.LowerFilters": null, "EventData.UpperFilters": null, "EventData.Problem": "0x00000000", "EventData.Status": "0x00000000"}
{"EventID": "420", "Channel": "Microsoft-Windows-Kernel-PnP/Configuration", "Provider_Name": "Microsoft-Windows-Kernel-PnP", "Computer": "DESKTOP-OFJ6N53", "TimeCreated": "2025-08-12 12:06:54.825624+00:00", "RecordID": "35938", "Level": "4", "UserID": "S-1-5-18", "EventData.DeviceInstanceId": "SWD\\MMDEVAPI\\{3.0.0.00000001}.{6C26BA7D-F0B2-4225-B422-8168C5261E45}", "EventData.ClassGuid": "{c166523c-fe0c-4a94-a586-f1a80cfbbf3e}", "EventData.Problem": "0x00000000", "EventData.Status": "0x00000000"}
{"EventID": "400", "Channel": "Microsoft-Windows-Kernel-PnP/Configuration", "Provider_Name": "Microsoft-Windows-Kernel-PnP", "Computer": "DESKTOP-OFJ6N53", "TimeCreated": "2025-08-12 12:10:14.860703+00:00", "RecordID": "35939", "Level": "4", "UserID": "S-1-5-18", "EventData.DeviceInstanceId": "SWD\\MMDEVAPI\\{3.0.0.00000001}.{6C26BA7D-F0B2-4225-B422-8168C5261E45}", "EventData.DriverName": "audioendpoint.inf", "EventData.ClassGuid": "{c166523c-fe0c-4a94-a586-f1a80cfbbf3e}", "EventData.DriverDate": "12/06/2019", "EventData.DriverVersion": "10.0.19041.1", "EventData.DriverProvider": "Microsoft", "EventData.DriverInbox": "True", "EventData.DriverSection": "NO_DRV", "EventData.DriverRank": "0x00ff0000", "EventData.MatchingDeviceId": "MMDEVAPI\\AudioEndpoints", "EventData.OutrankedDrivers": "c_swdevice.inf:SWD\\GenericRaw:00FF3001", "EventData.DeviceUpdated": "False", "EventData.Status": "0x00000000", "EventData.ParentDeviceInstanceId": "HTREE\\ROOT\\0"}
{"EventID": "410", "Channel": "Microsoft-Windows-Kernel-PnP/Configuration", "Provider_Name": "Microsoft-Windows-Kernel-PnP", "Computer": "DESKTOP-OFJ6N53", "TimeCreated": "2025-08-12 12:10:14.863018+00:00", "RecordID": "35940", "Level": "4", "UserID": "S-1-5-18", "EventData.DeviceInstanceId": "SWD\\MMDEVAPI\\{3.0.0.00000001}.{6C26BA7D-F0B2-4225-B422-8168C5261E45}", "EventData.DriverName": "audioendpoint.inf", "EventData.ClassGuid": "{c166523c-fe0c-4a94-a586-f1a80cfbbf3e}", "EventData.ServiceName": null, "EventData.LowerFilters": null, "EventData.UpperFilters": null, "EventData.Problem": "0x00000000", "EventData.Status": "0x00000000"}
{"EventID": "420", "Channel": "Microsoft-Windows-Kernel-PnP/Configuration", "Provider_Name": "Microsoft-Windows-Kernel-PnP", "Computer": "DESKTOP-OFJ6N53", "TimeCreated": "2025-08-12 12:15:03.447523+00:00", "RecordID": "35941", "Level": "4", "UserID": "S-1-5-18", "EventData.DeviceInstanceId": "SWD\\MMDEVAPI\\{3.0.0.00000001}.{6C26BA7D-F0B2-4225-B422-8168C5261E45}", "EventData.ClassGuid": "{c166523c-fe0c-4a94-a586-f1a80cfbbf3e}", "EventData.Problem": "0x00000000", "EventData.Status": "0x00000000"}
{"EventID": "400", "Channel": "Microsoft-Windows-Kernel-PnP/Configuration", "Provider_Name": "Microsoft-Windows-Kernel-PnP", "Computer": "DESKTOP-OFJ6N53", "TimeCreated": "2025-08-12 12:15:17.945431+00:00", "RecordID": "35942", "Level": "4", "UserID": "S-1-5-18", "EventData.DeviceInstanceId": "SWD\\MMDEVAPI\\{3.0.0.00000001}.{6C26BA7D-F0B2-4225-B422-8168C5261E45}", "EventData.DriverName": "audioendpoint.inf", "EventData.ClassGuid": "{c166523c-fe0c-4a94-a586-f1a80cfbbf3e}", "EventData.DriverDate": "12/06/2019", "EventData.DriverVersion": "10.0.19041.1", "EventData.DriverProvider": "Microsoft", "EventData.DriverInbox": "True", "EventData.DriverSection": "NO_DRV", "EventData.DriverRank": "0x00ff0000", "EventData.MatchingDeviceId": "MMDEVAPI\\AudioEndpoints", "EventData.OutrankedDrivers": "c_swdevice.inf:SWD\\GenericRaw:00FF3001", "EventData.DeviceUpdated": "False", "EventData.Status": "0x00000000", "EventData.ParentDeviceInstanceId": "HTREE\\ROOT\\0"}
{"EventID": "410", "Channel": "Microsoft-Windows-Kernel-PnP/Configuration", "Provider_Name": "Microsoft-Windows-Kernel-PnP", "Computer": "DESKTOP-OFJ6N53", "TimeCreated": "2025-08-12 12:15:17.947098+00:00", "RecordID": "35943", "Level": "4", "UserID": "S-1-5-18", "EventData.DeviceInstanceId": "SWD\\MMDEVAPI\\{3.0.0.00000001}.{6C26BA7D-F0B2-4225-B422-8168C5261E45}", "EventData.DriverName": "audioendpoint.inf", "EventData.ClassGuid": "{c166523c-fe0c-4a94-a586-f1a80cfbbf3e}", "EventData.ServiceName": null, "EventData.LowerFilters": null, "EventData.UpperFilters": null, "EventData.Problem": "0x00000000", "EventData.Status": "0x00000000"}
{"EventID": "420", "Channel": "Microsoft-Windows-Kernel-PnP/Configuration", "Provider_Name": "Microsoft-Windows-Kernel-PnP", "Computer": "DESKTOP-OFJ6N53", "TimeCreated": "2025-08-12 12:16:18.319738+00:00", "RecordID": "35944", "Level": "4", "UserID": "S-1-5-18", "EventData.DeviceInstanceId": "SWD\\MMDEVAPI\\{3.0.0.00000001}.{6C26BA7D-F0B2-4225-B422-8168C5261E45}", "EventData.ClassGuid": "{c166523c-fe0c-4a94-a586-f1a80cfbbf3e}", "EventData.Problem": "0x00000000", "EventData.Status": "0x00000000"}
{"EventID": "400", "Channel": "Microsoft-Windows-Kernel-PnP/Configuration", "Provider_Name": "Microsoft-Windows-Kernel-PnP", "Computer": "DESKTOP-OFJ6N53", "TimeCreated": "2025-08-12 12:18:40.974968+00:00", "RecordID": "35945", "Level": "4", "UserID": "S-1-5-18", "EventData.DeviceInstanceId": "SWD\\MMDEVAPI\\{3.0.0.00000001}.{6C26BA7D-F0B2-4225-B422-8168C5261E45}", "EventData.DriverName": "audioendpoint.inf", "EventData.ClassGuid": "{c166523c-fe0c-4a94-a586-f1a80cfbbf3e}", "EventData.DriverDate": "12/06/2019", "EventData.DriverVersion": "10.0.19041.1", "EventData.DriverProvider": "Microsoft", "EventData.DriverInbox": "True", "EventData.DriverSection": "NO_DRV", "EventData.DriverRank": "0x00ff0000", "EventData.MatchingDeviceId": "MMDEVAPI\\AudioEndpoints", "EventData.OutrankedDrivers": "c_swdevice.inf:SWD\\GenericRaw:00FF3001", "EventData.DeviceUpdated": "False", "EventData.Status": "0x00000000", "EventData.ParentDeviceInstanceId": "HTREE\\ROOT\\0"}
{"EventID": "410", "Channel": "Microsoft-Windows-Kernel-PnP/Configuration", "Provider_Name": "Microsoft-Windows-Kernel-PnP", "Computer": "DESKTOP-OFJ6N53", "TimeCreated": "2025-08-12 12:18:40.976460+00:00", "RecordID": "35946", "Level": "4", "UserID": "S-1-5-18", "EventData.DeviceInstanceId": "SWD\\MMDEVAPI\\{3.0.0.00000001}.{6C26BA7D-F0B2-4225-B422-8168C5261E45}", "EventData.DriverName": "audioendpoint.inf", "EventData.ClassGuid": "{c166523c-fe0c-4a94-a586-f1a80cfbbf3e}", "EventData.ServiceName": null, "EventData.LowerFilters": null, "EventData.UpperFilters": null, "EventData.Problem": "0x00000000", "EventData.Status": "0x00000000"}
{"EventID": "420", "Channel": "Microsoft-Windows-Kernel-PnP/Configuration", "Provider_Name": "Microsoft-Windows-Kernel-PnP", "Computer": "DESKTOP-OFJ6N53", "TimeCreated": "2025-08-12 12:34:26.937613+00:00", "RecordID": "35947", "Level": "4", "UserID": "S-1-5-18", "EventData.DeviceInstanceId": "SWD\\MMDEVAPI\\{3.0.0.00000001}.{6C26BA7D-F0B2-4225-B422-8168C5261E45}", "EventData.ClassGuid": "{c166523c-fe0c-4a94-a586-f1a80cfbbf3e}", "EventData.Problem": "0x00000000", "EventData.Status": "0x00000000"}
{"EventID": "400", "Channel": "Microsoft-Windows-Kernel-PnP/Configuration", "Provider_Name": "Microsoft-Windows-Kernel-PnP", "Computer": "DESKTOP-OFJ6N53", "TimeCreated": "2025-08-12 13:27:59.893150+00:00", "RecordID": "35948", "Level": "4", "UserID": "S-1-5-18", "EventData.DeviceInstanceId": "SWD\\MMDEVAPI\\{3.0.0.00000001}.{6C26BA7D-F0B2-4225-B422-8168C5261E45}", "EventData.DriverName": "audioendpoint.inf", "EventData.ClassGuid": "{c166523c-fe0c-4a94-a586-f1a80cfbbf3e}", "EventData.DriverDate": "12/06/2019", "EventData.DriverVersion": "10.0.19041.1", "EventData.DriverProvider": "Microsoft", "EventData.DriverInbox": "True", "EventData.DriverSection": "NO_DRV", "EventData.DriverRank": "0x00ff0000", "EventData.MatchingDeviceId": "MMDEVAPI\\AudioEndpoints", "EventData.OutrankedDrivers": "c_swdevice.inf:SWD\\GenericRaw:00FF3001", "EventData.DeviceUpdated": "False", "EventData.Status": "0x00000000", "EventData.ParentDeviceInstanceId": "HTREE\\ROOT\\0"}
{"EventID": "410", "Channel": "Microsoft-Windows-Kernel-PnP/Configuration", "Provider_Name": "Microsoft-Windows-Kernel-PnP", "Computer": "DESKTOP-OFJ6N53", "TimeCreated": "2025-08-12 13:27:59.894747+00:00", "RecordID": "35949", "Level": "4", "UserID": "S-1-5-18", "EventData.DeviceInstanceId": "SWD\\MMDEVAPI\\{3.0.0.00000001}.{6C26BA7D-F0B2-4225-B422-8168C5261E45}", "EventData.DriverName": "audioendpoint.inf", "EventData.ClassGuid": "{c166523c-fe0c-4a94-a586-f1a80cfbbf3e}", "EventData.ServiceName": null, "EventData.LowerFilters": null, "EventData.UpperFilters": null, "EventData.Problem": "0x00000000", "EventData.Status": "0x00000000"}
{"EventID": "420", "Channel": "Microsoft-Windows-Kernel-PnP/Configuration", "Provider_Name": "Microsoft-Windows-Kernel-PnP", "Computer": "DESKTOP-OFJ6N53", "TimeCreated": "2025-08-12 14:14:28.149052+00:00", "RecordID": "35950", "Level": "4", "UserID": "S-1-5-18", "EventData.DeviceInstanceId": "SWD\\MMDEVAPI\\{3.0.0.00000001}.{6C26BA7D-F0B2-4225-B422-8168C5261E45}", "EventData.ClassGuid": "{c166523c-fe0c-4a94-a586-f1a80cfbbf3e}", "EventData.Problem": "0x00000000", "EventData.Status": "0x00000000"}
{"EventID": "400", "Channel": "Microsoft-Windows-Kernel-PnP/Configuration", "Provider_Name": "Microsoft-Windows-Kernel-PnP", "Computer": "DESKTOP-OFJ6N53", "TimeCreated": "2025-08-12 14:20:02.226551+00:00", "RecordID": "35951", "Level": "4", "UserID": "S-1-5-18", "EventData.DeviceInstanceId": "SWD\\MMDEVAPI\\{3.0.0.00000001}.{6C26BA7D-F0B2-4225-B422-8168C5261E45}", "EventData.DriverName": "audioendpoint.inf", "EventData.ClassGuid": "{c166523c-fe0c-4a94-a586-f1a80cfbbf3e}", "EventData.DriverDate": "12/06/2019", "EventData.DriverVersion": "10.0.19041.1", "EventData.DriverProvider": "Microsoft", "EventData.DriverInbox": "True", "EventData.DriverSection": "NO_DRV", "EventData.DriverRank": "0x00ff0000", "EventData.MatchingDeviceId": "MMDEVAPI\\AudioEndpoints", "EventData.OutrankedDrivers": "c_swdevice.inf:SWD\\GenericRaw:00FF3001", "EventData.DeviceUpdated": "False", "EventData.Status": "0x00000000", "EventData.ParentDeviceInstanceId": "HTREE\\ROOT\\0"}
{"EventID": "410", "Channel": "Microsoft-Windows-Kernel-PnP/Configuration", "Provider_Name": "Microsoft-Windows-Kernel-PnP", "Computer": "DESKTOP-OFJ6N53", "TimeCreated": "2025-08-12 14:20:02.228691+00:00", "RecordID": "35952", "Level": "4", "UserID": "S-1-5-18", "EventData.DeviceInstanceId": "SWD\\MMDEVAPI\\{3.0.0.00000001}.{6C26BA7D-F0B2-4225-B422-8168C5261E45}", "EventData.DriverName": "audioendpoint.inf", "EventData.ClassGuid": "{c166523c-fe0c-4a94-a586-f1a80cfbbf3e}", "EventData.ServiceName": null, "EventData.LowerFilters": null, "EventData.UpperFilters": null, "EventData.Problem": "0x00000000", "EventData.Status": "0x00000000"}
{"EventID": "420", "Channel": "Microsoft-Windows-Kernel-PnP/Configuration", "Provider_Name": "Microsoft-Windows-Kernel-PnP", "Computer": "DESKTOP-OFJ6N53", "TimeCreated": "2025-08-12 14:58:41.459162+00:00", "RecordID": "35953", "Level": "4", "UserID": "S-1-5-18", "EventData.DeviceInstanceId": "SWD\\MMDEVAPI\\{3.0.0.00000001}.{6C26BA7D-F0B2-4225-B422-8168C5261E45}", "EventData.ClassGuid": "{c166523c-fe0c-4a94-a586-f1a80cfbbf3e}", "EventData.Problem": "0x00000000", "EventData.Status": "0x00000000"}
{"EventID": "400", "Channel": "Microsoft-Windows-Kernel-PnP/Configuration", "Provider_Name": "Microsoft-Windows-Kernel-PnP", "Computer": "DESKTOP-OFJ6N53", "TimeCreated": "2025-08-13 09:21:37.831091+00:00", "RecordID": "35954", "Level": "4", "UserID": "S-1-5-18", "EventData.DeviceInstanceId": "SWD\\MMDEVAPI\\{3.0.0.00000001}.{6C26BA7D-F0B2-4225-B422-8168C5261E45}", "EventData.DriverName": "audioendpoint.inf", "EventData.ClassGuid": "{c166523c-fe0c-4a94-a586-f1a80cfbbf3e}", "EventData.DriverDate": "12/06/2019", "EventData.DriverVersion": "10.0.19041.1", "EventData.DriverProvider": "Microsoft", "EventData.DriverInbox": "True", "EventData.DriverSection": "NO_DRV", "EventData.DriverRank": "0x00ff0000", "EventData.MatchingDeviceId": "MMDEVAPI\\AudioEndpoints", "EventData.OutrankedDrivers": "c_swdevice.inf:SWD\\GenericRaw:00FF3001", "EventData.DeviceUpdated": "False", "EventData.Status": "0x00000000", "EventData.ParentDeviceInstanceId": "HTREE\\ROOT\\0"}
{"EventID": "410", "Channel": "Microsoft-Windows-Kernel-PnP/Configuration", "Provider_Name": "Microsoft-Windows-Kernel-PnP", "Computer": "DESKTOP-OFJ6N53", "TimeCreated": "2025-08-13 09:21:37.832863+00:00", "RecordID": "35955", "Level": "4", "UserID": "S-1-5-18", "EventData.DeviceInstanceId": "SWD\\MMDEVAPI\\{3.0.0.00000001}.{6C26BA7D-F0B2-4225-B422-8168C5261E45}", "EventData.DriverName": "audioendpoint.inf", "EventData.ClassGuid": "{c166523c-fe0c-4a94-a586-f1a80cfbbf3e}", "EventData.ServiceName": null, "EventData.LowerFilters": null, "EventData.UpperFilters": null, "EventData.Problem": "0x00000000", "EventData.Status": "0x00000000"}
{"EventID": "400", "Channel": "Microsoft-Windows-Kernel-PnP/Configuration", "Provider_Name": "Microsoft-Windows-Kernel-PnP", "Computer": "DESKTOP-OFJ6N53", "TimeCreated": "2025-08-13 09:21:38.995789+00:00", "RecordID": "35956", "Level": "4", "UserID": "S-1-5-18", "EventData.DeviceInstanceId": "SWD\\ScDeviceEnum\\1_Windows_Hello_for_Business_1", "EventData.DriverName": "c_swdevice.inf", "EventData.ClassGuid": "{62f9c741-b25a-46ce-b54c-9bccce08b6f2}", "EventData.DriverDate": "06/21/2006", "EventData.DriverVersion": "10.0.19041.1", "EventData.DriverProvider": "Microsoft", "EventData.DriverInbox": "True", "EventData.DriverSection": "SoftwareDevice", "EventData.DriverRank": "0x00ff3000", "EventData.MatchingDeviceId": "SWD\\GenericRaw", "EventData.OutrankedDrivers": null, "EventData.DeviceUpdated": "False", "EventData.Status": "0x00000000", "EventData.ParentDeviceInstanceId": "SWD\\ScDeviceEnumBus\\0"}
{"EventID": "410", "Channel": "Microsoft-Windows-Kernel-PnP/Configuration", "Provider_Name": "Microsoft-Windows-Kernel-PnP", "Computer": "DESKTOP-OFJ6N53", "TimeCreated": "2025-08-13 09:21:38.996700+00:00", "RecordID": "35957", "Level": "4", "UserID": "S-1-5-18", "EventData.DeviceInstanceId": "SWD\\ScDeviceEnum\\1_Windows_Hello_for_Business_1", "EventData.DriverName": "c_swdevice.inf", "EventData.ClassGuid": "{62f9c741-b25a-46ce-b54c-9bccce08b6f2}", "EventData.ServiceName": null, "EventData.LowerFilters": null, "EventData.UpperFilters": null, "EventData.Problem": "0x00000000", "EventData.Status": "0x00000000"}
{"EventID": "400", "Channel": "Microsoft-Windows-Kernel-PnP/Configuration", "Provider_Name": "Microsoft-Windows-Kernel-PnP", "Computer": "DESKTOP-OFJ6N53", "TimeCreated": "2025-08-13 09:21:39.027409+00:00", "RecordID": "35958", "Level": "4", "UserID": "S-1-5-18", "EventData.DeviceInstanceId": "SWD\\ScDeviceEnum\\1_AKS_VR_0", "EventData.DriverName": "c_swdevice.inf", "EventData.ClassGuid": "{62f9c741-b25a-46ce-b54c-9bccce08b6f2}", "EventData.DriverDate": "06/21/2006", "EventData.DriverVersion": "10.0.19041.1", "EventData.DriverProvider": "Microsoft", "EventData.DriverInbox": "True", "EventData.DriverSection": "SoftwareDevice", "EventData.DriverRank": "0x00ff3000", "EventData.MatchingDeviceId": "SWD\\GenericRaw", "EventData.OutrankedDrivers": null, "EventData.DeviceUpdated": "False", "EventData.Status": "0x00000000", "EventData.ParentDeviceInstanceId": "SWD\\ScDeviceEnumBus\\0"}
{"EventID": "410", "Channel": "Microsoft-Windows-Kernel-PnP/Configuration", "Provider_Name": "Microsoft-Windows-Kernel-PnP", "Computer": "DESKTOP-OFJ6N53", "TimeCreated": "2025-08-13 09:21:39.028315+00:00", "RecordID": "35959", "Level": "4", "UserID": "S-1-5-18", "EventData.DeviceInstanceId": "SWD\\ScDeviceEnum\\1_AKS_VR_0", "EventData.DriverName": "c_swdevice.inf", "EventData.ClassGuid": "{62f9c741-b25a-46ce-b54c-9bccce08b6f2}", "EventData.ServiceName": null, "EventData.LowerFilters": null, "EventData.UpperFilters": null, "EventData.Problem": "0x00000000", "EventData.Status": "0x00000000"}
{"EventID": "400", "Channel": "Microsoft-Windows-Kernel-PnP/Configuration", "Provider_Name": "Microsoft-Windows-Kernel-PnP", "Computer": "DESKTOP-OFJ6N53", "TimeCreated": "2025-08-13 09:21:39.118084+00:00", "RecordID": "35960", "Level": "4", "UserID": "S-1-5-18", "EventData.DeviceInstanceId": "SWD\\ScDeviceEnum\\1_AKS_ifdh_1", "EventData.DriverName": "c_swdevice.inf", "EventData.ClassGuid": "{62f9c741-b25a-46ce-b54c-9bccce08b6f2}", "EventData.DriverDate": "06/21/2006", "EventData.DriverVersion": "10.0.19041.1", "EventData.DriverProvider": "Microsoft", "EventData.DriverInbox": "True", "EventData.DriverSection": "SoftwareDevice", "EventData.DriverRank": "0x00ff3000", "EventData.MatchingDeviceId": "SWD\\GenericRaw", "EventData.OutrankedDrivers": null, "EventData.DeviceUpdated": "False", "EventData.Status": "0x00000000", "EventData.ParentDeviceInstanceId": "SWD\\ScDeviceEnumBus\\0"}
{"EventID": "410", "Channel": "Microsoft-Windows-Kernel-PnP/Configuration", "Provider_Name": "Microsoft-Windows-Kernel-PnP", "Computer": "DESKTOP-OFJ6N53", "TimeCreated": "2025-08-13 09:21:39.119406+00:00", "RecordID": "35961", "Level": "4", "UserID": "S-1-5-18", "EventData.DeviceInstanceId": "SWD\\ScDeviceEnum\\1_AKS_ifdh_1", "EventData.DriverName": "c_swdevice.inf", "EventData.ClassGuid": "{62f9c741-b25a-46ce-b54c-9bccce08b6f2}", "EventData.ServiceName": null, "EventData.LowerFilters": null, "EventData.UpperFilters": null, "EventData.Problem": "0x00000000", "EventData.Status": "0x00000000"}
{"EventID": "400", "Channel": "Microsoft-Windows-Kernel-PnP/Configuration", "Provider_Name": "Microsoft-Windows-Kernel-PnP", "Computer": "DESKTOP-OFJ6N53", "TimeCreated": "2025-08-13 09:21:39.744900+00:00", "RecordID": "35962", "Level": "4", "UserID": "S-1-5-18", "EventData.DeviceInstanceId": "SWD\\ScDeviceEnum\\1_AKS_ifdh_0", "EventData.DriverName": "c_swdevice.inf", "EventData.ClassGuid": "{62f9c741-b25a-46ce-b54c-9bccce08b6f2}", "EventData.DriverDate": "06/21/2006", "EventData.DriverVersion": "10.0.19041.1", "EventData.DriverProvider": "Microsoft", "EventData.DriverInbox": "True", "EventData.DriverSection": "SoftwareDevice", "EventData.DriverRank": "0x00ff3000", "EventData.MatchingDeviceId": "SWD\\GenericRaw", "EventData.OutrankedDrivers": null, "EventData.DeviceUpdated": "False", "EventData.Status": "0x00000000", "EventData.ParentDeviceInstanceId": "SWD\\ScDeviceEnumBus\\0"}
{"EventID": "410", "Channel": "Microsoft-Windows-Kernel-PnP/Configuration", "Provider_Name": "Microsoft-Windows-Kernel-PnP", "Computer": "DESKTOP-OFJ6N53", "TimeCreated": "2025-08-13 09:21:39.745815+00:00", "RecordID": "35963", "Level": "4", "UserID": "S-1-5-18", "EventData.DeviceInstanceId": "SWD\\ScDeviceEnum\\1_AKS_ifdh_0", "EventData.DriverName": "c_swdevice.inf", "EventData.ClassGuid": "{62f9c741-b25a-46ce-b54c-9bccce08b6f2}", "EventData.ServiceName": null, "EventData.LowerFilters": null, "EventData.UpperFilters": null, "EventData.Problem": "0x00000000", "EventData.Status": "0x00000000"}
{"EventID": "400", "Channel": "Microsoft-Windows-Kernel-PnP/Configuration", "Provider_Name": "Microsoft-Windows-Kernel-PnP", "Computer": "DESKTOP-OFJ6N53", "TimeCreated": "2025-08-13 09:21:41.159294+00:00", "RecordID": "35964", "Level": "4", "UserID": "S-1-5-18", "EventData.DeviceInstanceId": "SWD\\PRINTENUM\\{0B237058-D0B9-43BA-8AE3-58851F7E2753}", "EventData.DriverName": "printqueue.inf", "EventData.ClassGuid": "{1ed2bbf9-11f0-4084-b21f-ad83a8e6dcdc}", "EventData.DriverDate": "06/21/2006", "EventData.DriverVersion": "10.0.19041.1", "EventData.DriverProvider": "Microsoft", "EventData.DriverInbox": "True", "EventData.DriverSection": "NO_DRV_LOCAL", "EventData.DriverRank": "0x00000000", "EventData.MatchingDeviceId": "PRINTENUM\\LocalPrintQueue", "EventData.OutrankedDrivers": "c_swdevice.inf:SWD\\GenericRaw:00FF3001", "EventData.DeviceUpdated": "False", "EventData.Status": "0x00000000", "EventData.ParentDeviceInstanceId": "SWD\\PRINTENUM\\PrintQueues"}
