{"EventID": "0", "Channel": "Microsoft-Windows-Hyper-V-VmSwitch-Operational", "Provider_Name": "Microsoft-Windows-Hyper-V-VmSwitch", "Computer": "DESKTOP-OFJ6N53", "TimeCreated": "2025-08-12 12:17:38.517403+00:00", "RecordID": "5334", "Level": "4", "UserID": "S-1-5-18", "EventData.State": "Installed and Started.", "EventData.Function": "DriverEntry", "EventData.delta (100 ns)": "22768", "EventData.Status": "0"}
{"EventID": "0", "Channel": "Microsoft-Windows-Hyper-V-VmSwitch-Operational", "Provider_Name": "Microsoft-Windows-Hyper-V-VmSwitch", "Computer": "DESKTOP-OFJ6N53", "TimeCreated": "2025-08-12 12:17:38.524326+00:00", "RecordID": "5335", "Level": "4", "UserID": "S-1-5-18", "EventData.netPnpEvent": "NetEventBindsComplete", "EventData.nicName_Length": "0", "EventData.nicName": null, "EventData.nicFriendlyName_Length": "0", "EventData.nicFriendlyName": null, "EventData.switchName_Length": "0", "EventData.switchName": null, "EventData.switchFriendlyName_Length": "0", "EventData.switchFriendlyName": null}
{"EventID": "0", "Channel": "Microsoft-Windows-Hyper-V-VmSwitch-Operational", "Provider_Name": "Microsoft-Windows-Hyper-V-VmSwitch", "Computer": "DESKTOP-OFJ6N53", "TimeCreated": "2025-08-12 12:17:38.524328+00:00", "RecordID": "5336", "Level": "4", "UserID": "S-1-5-18", "EventData.netPnpEvent": "NetEventBindsComplete", "EventData.nicName_Length": "0", "EventData.nicName": null, "EventData.nicFriendlyName_Length": "0", "EventData.nicFriendlyName": null, "EventData.switchName_Length": "0", "EventData.switchName": null, "EventData.switchFriendlyName_Length": "0", "EventData.switchFriendlyName": null, "EventData.delta (100 ns)": "68", "EventData.Status": "0"}
{"EventID": "0", "Channel": "Microsoft-Windows-Hyper-V-VmSwitch-Operational", "Provider_Name": "Microsoft-Windows-Hyper-V-VmSwitch", "Computer": "DESKTOP-OFJ6N53", "TimeCreated": "2025-08-12 12:17:38.524422+00:00", "RecordID": "5337", "Level": "4", "UserID": "S-1-5-18", "EventData.netPnpEvent": "NetEventBindsComplete", "EventData.switchName_Length": "0", "EventData.switchName": null, "EventData.switchFriendlyName_Length": "0", "EventData.switchFriendlyName": null}
{"EventID": "0", "Channel": "Microsoft-Windows-Hyper-V-VmSwitch-Operational", "Provider_Name": "Microsoft-Windows-Hyper-V-VmSwitch", "Computer": "DESKTOP-OFJ6N53", "TimeCreated": "2025-08-12 12:17:38.524427+00:00", "RecordID": "5338", "Level": "4", "UserID": "S-1-5-18", "EventData.netPnpEvent": "NetEventBindsComplete", "EventData.switchName_Length": "0", "EventData.switchName": null, "EventData.switchFriendlyName_Length": "0", "EventData.switchFriendlyName": null, "EventData.delta (100 ns)": "55", "EventData.Status": "0"}
{"EventID": "0", "Channel": "Microsoft-Windows-Hyper-V-VmSwitch-Operational", "Provider_Name": "Microsoft-Windows-Hyper-V-VmSwitch", "Computer": "DESKTOP-OFJ6N53", "TimeCreated": "2025-08-12 12:17:39.457966+00:00", "RecordID": "5339", "Level": "5", "UserID": "S-1-5-18", "EventData.ioctlCode": "0x0000081f"}
{"EventID": "0", "Channel": "Microsoft-Windows-Hyper-V-VmSwitch-Operational", "Provider_Name": "Microsoft-Windows-Hyper-V-VmSwitch", "Computer": "DESKTOP-OFJ6N53", "TimeCreated": "2025-08-12 12:17:39.457972+00:00", "RecordID": "5340", "Level": "5", "UserID": "S-1-5-18", "EventData.ioctlCode": "0x0000081f", "EventData.delta (100 ns)": "84", "EventData.ntStatus": "0"}
{"EventID": "0", "Channel": "Microsoft-Windows-Hyper-V-VmSwitch-Operational", "Provider_Name": "Microsoft-Windows-Hyper-V-VmSwitch", "Computer": "DESKTOP-OFJ6N53", "TimeCreated": "2025-08-12 12:17:39.841200+00:00", "RecordID": "5341", "Level": "5", "UserID": "S-1-5-18", "EventData.ioctlCode": "0x0000081f"}
{"EventID": "0", "Channel": "Microsoft-Windows-Hyper-V-VmSwitch-Operational", "Provider_Name": "Microsoft-Windows-Hyper-V-VmSwitch", "Computer": "DESKTOP-OFJ6N53", "TimeCreated": "2025-08-12 12:17:39.841208+00:00", "RecordID": "5342", "Level": "5", "UserID": "S-1-5-18", "EventData.ioctlCode": "0x0000081f", "EventData.delta (100 ns)": "94", "EventData.ntStatus": "0"}
{"EventID": "0", "Channel": "Microsoft-Windows-Hyper-V-VmSwitch-Operational", "Provider_Name": "Microsoft-Windows-Hyper-V-VmSwitch", "Computer": "DESKTOP-OFJ6N53", "TimeCreated": "2025-08-12 12:17:39.841297+00:00", "RecordID": "5343", "Level": "5", "UserID": "S-1-5-18", "EventData.ioctlCode": "0x00000d35"}
{"EventID": "0", "Channel": "Microsoft-Windows-Hyper-V-VmSwitch-Operational", "Provider_Name": "Microsoft-Windows-Hyper-V-VmSwitch", "Computer": "DESKTOP-OFJ6N53", "TimeCreated": "2025-08-12 12:17:39.841301+00:00", "RecordID": "5344", "Level": "5", "UserID": "S-1-5-18", "EventData.ioctlCode": "0x00000d35", "EventData.delta (100 ns)": "39", "EventData.ntStatus": "2147483653"}
{"EventID": "0", "Channel": "Microsoft-Windows-Hyper-V-VmSwitch-Operational", "Provider_Name": "Microsoft-Windows-Hyper-V-VmSwitch", "Computer": "DESKTOP-OFJ6N53", "TimeCreated": "2025-08-12 12:17:39.841305+00:00", "RecordID": "5345", "Level": "5", "UserID": "S-1-5-18", "EventData.ioctlCode": "0x00000d35"}
{"EventID": "0", "Channel": "Microsoft-Windows-Hyper-V-VmSwitch-Operational", "Provider_Name": "Microsoft-Windows-Hyper-V-VmSwitch", "Computer": "DESKTOP-OFJ6N53", "TimeCreated": "2025-08-12 12:17:39.841309+00:00", "RecordID": "5346", "Level": "5", "UserID": "S-1-5-18", "EventData.ioctlCode": "0x00000d35", "EventData.delta (100 ns)": "32", "EventData.ntStatus": "0"}
{"EventID": "0", "Channel": "Microsoft-Windows-Hyper-V-VmSwitch-Operational", "Provider_Name": "Microsoft-Windows-Hyper-V-VmSwitch", "Computer": "DESKTOP-OFJ6N53", "TimeCreated": "2025-08-12 12:17:39.842031+00:00", "RecordID": "5347", "Level": "5", "UserID": "S-1-5-18", "EventData.ioctlCode": "0x0000081f"}
{"EventID": "0", "Channel": "Microsoft-Windows-Hyper-V-VmSwitch-Operational", "Provider_Name": "Microsoft-Windows-Hyper-V-VmSwitch", "Computer": "DESKTOP-OFJ6N53", "TimeCreated": "2025-08-12 12:17:39.842037+00:00", "RecordID": "5348", "Level": "5", "UserID": "S-1-5-18", "EventData.ioctlCode": "0x0000081f", "EventData.delta (100 ns)": "74", "EventData.ntStatus": "0"}
{"EventID": "0", "Channel": "Microsoft-Windows-Hyper-V-VmSwitch-Operational", "Provider_Name": "Microsoft-Windows-Hyper-V-VmSwitch", "Computer": "DESKTOP-OFJ6N53", "TimeCreated": "2025-08-12 12:17:39.842085+00:00", "RecordID": "5349", "Level": "5", "UserID": "S-1-5-18", "EventData.ioctlCode": "0x00000d15"}
{"EventID": "0", "Channel": "Microsoft-Windows-Hyper-V-VmSwitch-Operational", "Provider_Name": "Microsoft-Windows-Hyper-V-VmSwitch", "Computer": "DESKTOP-OFJ6N53", "TimeCreated": "2025-08-12 12:17:39.842087+00:00", "RecordID": "5350", "Level": "5", "UserID": "S-1-5-18", "EventData.ioctlCode": "0x00000d15", "EventData.delta (100 ns)": "36", "EventData.ntStatus": "2147483653"}
{"EventID": "0", "Channel": "Microsoft-Windows-Hyper-V-VmSwitch-Operational", "Provider_Name": "Microsoft-Windows-Hyper-V-VmSwitch", "Computer": "DESKTOP-OFJ6N53", "TimeCreated": "2025-08-12 12:17:39.842091+00:00", "RecordID": "5351", "Level": "5", "UserID": "S-1-5-18", "EventData.ioctlCode": "0x00000d15"}
{"EventID": "0", "Channel": "Microsoft-Windows-Hyper-V-VmSwitch-Operational", "Provider_Name": "Microsoft-Windows-Hyper-V-VmSwitch", "Computer": "DESKTOP-OFJ6N53", "TimeCreated": "2025-08-12 12:17:39.842094+00:00", "RecordID": "5352", "Level": "5", "UserID": "S-1-5-18", "EventData.ioctlCode": "0x00000d15", "EventData.delta (100 ns)": "32", "EventData.ntStatus": "0"}
{"EventID": "0", "Channel": "Microsoft-Windows-Hyper-V-VmSwitch-Operational", "Provider_Name": "Microsoft-Windows-Hyper-V-VmSwitch", "Computer": "DESKTOP-OFJ6N53", "TimeCreated": "2025-08-12 12:17:39.907921+00:00", "RecordID": "5353", "Level": "5", "UserID": "S-1-5-18", "EventData.ioctlCode": "0x0000081f"}
{"EventID": "0", "Channel": "Microsoft-Windows-Hyper-V-VmSwitch-Operational", "Provider_Name": "Microsoft-Windows-Hyper-V-VmSwitch", "Computer": "DESKTOP-OFJ6N53", "TimeCreated": "2025-08-12 12:17:39.907927+00:00", "RecordID": "5354", "Level": "5", "UserID": "S-1-5-18", "EventData.ioctlCode": "0x0000081f", "EventData.delta (100 ns)": "86", "EventData.ntStatus": "0"}
{"EventID": "0", "Channel": "Microsoft-Windows-Hyper-V-VmSwitch-Operational", "Provider_Name": "Microsoft-Windows-Hyper-V-VmSwitch", "Computer": "DESKTOP-OFJ6N53", "TimeCreated": "2025-08-12 12:17:41.297760+00:00", "RecordID": "5355", "Level": "5", "UserID": "S-1-5-18", "EventData.ioctlCode": "0x0000081f"}
{"EventID": "0", "Channel": "Microsoft-Windows-Hyper-V-VmSwitch-Operational", "Provider_Name": "Microsoft-Windows-Hyper-V-VmSwitch", "Computer": "DESKTOP-OFJ6N53", "TimeCreated": "2025-08-12 12:17:41.297768+00:00", "RecordID": "5356", "Level": "5", "UserID": "S-1-5-18", "EventData.ioctlCode": "0x0000081f", "EventData.delta (100 ns)": "91", "EventData.ntStatus": "0"}
{"EventID": "0", "Channel": "Microsoft-Windows-Hyper-V-VmSwitch-Operational", "Provider_Name": "Microsoft-Windows-Hyper-V-VmSwitch", "Computer": "DESKTOP-OFJ6N53", "TimeCreated": "2025-08-12 12:17:41.299473+00:00", "RecordID": "5357", "Level": "5", "UserID": "S-1-5-18", "EventData.ioctlCode": "0x00000d12"}
{"EventID": "0", "Channel": "Microsoft-Windows-Hyper-V-VmSwitch-Operational", "Provider_Name": "Microsoft-Windows-Hyper-V-VmSwitch", "Computer": "DESKTOP-OFJ6N53", "TimeCreated": "2025-08-12 12:17:41.299482+00:00", "RecordID": "5358", "Level": "5", "UserID": "S-1-5-18", "EventData.ioctlCode": "0x00000d12", "EventData.delta (100 ns)": "120", "EventData.ntStatus": "2147483653"}
{"EventID": "0", "Channel": "Microsoft-Windows-Hyper-V-VmSwitch-Operational", "Provider_Name": "Microsoft-Windows-Hyper-V-VmSwitch", "Computer": "DESKTOP-OFJ6N53", "TimeCreated": "2025-08-12 12:17:41.299492+00:00", "RecordID": "5359", "Level": "5", "UserID": "S-1-5-18", "EventData.ioctlCode": "0x00000d12"}
{"EventID": "0", "Channel": "Microsoft-Windows-Hyper-V-VmSwitch-Operational", "Provider_Name": "Microsoft-Windows-Hyper-V-VmSwitch", "Computer": "DESKTOP-OFJ6N53", "TimeCreated": "2025-08-12 12:17:41.299522+00:00", "RecordID": "5360", "Level": "5", "UserID": "S-1-5-18", "EventData.ioctlCode": "0x00000d12", "EventData.delta (100 ns)": "299", "EventData.ntStatus": "3221225524"}
{"EventID": "0", "Channel": "Microsoft-Windows-Hyper-V-VmSwitch-Operational", "Provider_Name": "Microsoft-Windows-Hyper-V-VmSwitch", "Computer": "DESKTOP-OFJ6N53", "TimeCreated": "2025-08-12 12:17:41.395536+00:00", "RecordID": "5361", "Level": "5", "UserID": "S-1-5-18", "EventData.ioctlCode": "0x0000081f"}
{"EventID": "0", "Channel": "Microsoft-Windows-Hyper-V-VmSwitch-Operational", "Provider_Name": "Microsoft-Windows-Hyper-V-VmSwitch", "Computer": "DESKTOP-OFJ6N53", "TimeCreated": "2025-08-12 12:17:41.395546+00:00", "RecordID": "5362", "Level": "5", "UserID": "S-1-5-18", "EventData.ioctlCode": "0x0000081f", "EventData.delta (100 ns)": "98", "EventData.ntStatus": "0"}
{"EventID": "0", "Channel": "Microsoft-Windows-Hyper-V-VmSwitch-Operational", "Provider_Name": "Microsoft-Windows-Hyper-V-VmSwitch", "Computer": "DESKTOP-OFJ6N53", "TimeCreated": "2025-08-12 12:17:41.395683+00:00", "RecordID": "5363", "Level": "5", "UserID": "S-1-5-18", "EventData.ioctlCode": "0x0000081f"}
{"EventID": "0", "Channel": "Microsoft-Windows-Hyper-V-VmSwitch-Operational", "Provider_Name": "Microsoft-Windows-Hyper-V-VmSwitch", "Computer": "DESKTOP-OFJ6N53", "TimeCreated": "2025-08-12 12:17:41.395687+00:00", "RecordID": "5364", "Level": "5", "UserID": "S-1-5-18", "EventData.ioctlCode": "0x0000081f", "EventData.delta (100 ns)": "29", "EventData.ntStatus": "0"}
{"EventID": "0", "Channel": "Microsoft-Windows-Hyper-V-VmSwitch-Operational", "Provider_Name": "Microsoft-Windows-Hyper-V-VmSwitch", "Computer": "DESKTOP-OFJ6N53", "TimeCreated": "2025-08-12 12:17:41.395714+00:00", "RecordID": "5365", "Level": "5", "UserID": "S-1-5-18", "EventData.ioctlCode": "0x00000d35"}
{"EventID": "0", "Channel": "Microsoft-Windows-Hyper-V-VmSwitch-Operational", "Provider_Name": "Microsoft-Windows-Hyper-V-VmSwitch", "Computer": "DESKTOP-OFJ6N53", "TimeCreated": "2025-08-12 12:17:41.395714+00:00", "RecordID": "5366", "Level": "5", "UserID": "S-1-5-18", "EventData.ioctlCode": "0x00000d35", "EventData.delta (100 ns)": "27", "EventData.ntStatus": "2147483653"}
{"EventID": "0", "Channel": "Microsoft-Windows-Hyper-V-VmSwitch-Operational", "Provider_Name": "Microsoft-Windows-Hyper-V-VmSwitch", "Computer": "DESKTOP-OFJ6N53", "TimeCreated": "2025-08-12 12:17:41.395718+00:00", "RecordID": "5367", "Level": "5", "UserID": "S-1-5-18", "EventData.ioctlCode": "0x00000d35"}
{"EventID": "0", "Channel": "Microsoft-Windows-Hyper-V-VmSwitch-Operational", "Provider_Name": "Microsoft-Windows-Hyper-V-VmSwitch", "Computer": "DESKTOP-OFJ6N53", "TimeCreated": "2025-08-12 12:17:41.395721+00:00", "RecordID": "5368", "Level": "5", "UserID": "S-1-5-18", "EventData.ioctlCode": "0x00000d35", "EventData.delta (100 ns)": "29", "EventData.ntStatus": "0"}
{"EventID": "0", "Channel": "Microsoft-Windows-Hyper-V-VmSwitch-Operational", "Provider_Name": "Microsoft-Windows-Hyper-V-VmSwitch", "Computer": "DESKTOP-OFJ6N53", "TimeCreated": "2025-08-12 12:17:41.672375+00:00", "RecordID": "5369", "Level": "5", "UserID": "S-1-5-18", "EventData.ioctlCode": "0x0000081f"}
{"EventID": "0", "Channel": "Microsoft-Windows-Hyper-V-VmSwitch-Operational", "Provider_Name": "Microsoft-Windows-Hyper-V-VmSwitch", "Computer": "DESKTOP-OFJ6N53", "TimeCreated": "2025-08-12 12:17:41.672380+00:00", "RecordID": "5370", "Level": "5", "UserID": "S-1-5-18", "EventData.ioctlCode": "0x0000081f", "EventData.delta (100 ns)": "89", "EventData.ntStatus": "0"}
{"EventID": "0", "Channel": "Microsoft-Windows-Hyper-V-VmSwitch-Operational", "Provider_Name": "Microsoft-Windows-Hyper-V-VmSwitch", "Computer": "DESKTOP-OFJ6N53", "TimeCreated": "2025-08-12 12:17:43.559835+00:00", "RecordID": "5371", "Level": "5", "UserID": "S-1-5-18", "EventData.ioctlCode": "0x0000081f"}
{"EventID": "0", "Channel": "Microsoft-Windows-Hyper-V-VmSwitch-Operational", "Provider_Name": "Microsoft-Windows-Hyper-V-VmSwitch", "Computer": "DESKTOP-OFJ6N53", "TimeCreated": "2025-08-12 12:17:43.559841+00:00", "RecordID": "5372", "Level": "5", "UserID": "S-1-5-18", "EventData.ioctlCode": "0x0000081f", "EventData.delta (100 ns)": "101", "EventData.ntStatus": "0"}
{"EventID": "0", "Channel": "Microsoft-Windows-Hyper-V-VmSwitch-Operational", "Provider_Name": "Microsoft-Windows-Hyper-V-VmSwitch", "Computer": "DESKTOP-OFJ6N53", "TimeCreated": "2025-08-12 12:17:43.559879+00:00", "RecordID": "5373", "Level": "5", "UserID": "S-1-5-18", "EventData.ioctlCode": "0x00000d35"}
{"EventID": "0", "Channel": "Microsoft-Windows-Hyper-V-VmSwitch-Operational", "Provider_Name": "Microsoft-Windows-Hyper-V-VmSwitch", "Computer": "DESKTOP-OFJ6N53", "TimeCreated": "2025-08-12 12:17:43.559883+00:00", "RecordID": "5374", "Level": "5", "UserID": "S-1-5-18", "EventData.ioctlCode": "0x00000d35", "EventData.delta (100 ns)": "31", "EventData.ntStatus": "2147483653"}
{"EventID": "0", "Channel": "Microsoft-Windows-Hyper-V-VmSwitch-Operational", "Provider_Name": "Microsoft-Windows-Hyper-V-VmSwitch", "Computer": "DESKTOP-OFJ6N53", "TimeCreated": "2025-08-12 12:17:43.559885+00:00", "RecordID": "5375", "Level": "5", "UserID": "S-1-5-18", "EventData.ioctlCode": "0x00000d35"}
{"EventID": "0", "Channel": "Microsoft-Windows-Hyper-V-VmSwitch-Operational", "Provider_Name": "Microsoft-Windows-Hyper-V-VmSwitch", "Computer": "DESKTOP-OFJ6N53", "TimeCreated": "2025-08-12 12:17:43.559889+00:00", "RecordID": "5376", "Level": "5", "UserID": "S-1-5-18", "EventData.ioctlCode": "0x00000d35", "EventData.delta (100 ns)": "29", "EventData.ntStatus": "0"}
{"EventID": "0", "Channel": "Microsoft-Windows-Hyper-V-VmSwitch-Operational", "Provider_Name": "Microsoft-Windows-Hyper-V-VmSwitch", "Computer": "DESKTOP-OFJ6N53", "TimeCreated": "2025-08-12 12:17:43.778965+00:00", "RecordID": "5377", "Level": "5", "UserID": "S-1-5-18", "EventData.ioctlCode": "0x0000081f"}
{"EventID": "0", "Channel": "Microsoft-Windows-Hyper-V-VmSwitch-Operational", "Provider_Name": "Microsoft-Windows-Hyper-V-VmSwitch", "Computer": "DESKTOP-OFJ6N53", "TimeCreated": "2025-08-12 12:17:43.778975+00:00", "RecordID": "5378", "Level": "5", "UserID": "S-1-5-18", "EventData.ioctlCode": "0x0000081f", "EventData.delta (100 ns)": "98", "EventData.ntStatus": "0"}
{"EventID": "0", "Channel": "Microsoft-Windows-Hyper-V-VmSwitch-Operational", "Provider_Name": "Microsoft-Windows-Hyper-V-VmSwitch", "Computer": "DESKTOP-OFJ6N53", "TimeCreated": "2025-08-12 12:17:44.515223+00:00", "RecordID": "5379", "Level": "5", "UserID": "S-1-5-18", "EventData.ioctlCode": "0x0000081f"}
{"EventID": "0", "Channel": "Microsoft-Windows-Hyper-V-VmSwitch-Operational", "Provider_Name": "Microsoft-Windows-Hyper-V-VmSwitch", "Computer": "DESKTOP-OFJ6N53", "TimeCreated": "2025-08-12 12:17:44.515232+00:00", "RecordID": "5380", "Level": "5", "UserID": "S-1-5-18", "EventData.ioctlCode": "0x0000081f", "EventData.delta (100 ns)": "103", "EventData.ntStatus": "0"}
{"EventID": "0", "Channel": "Microsoft-Windows-Hyper-V-VmSwitch-Operational", "Provider_Name": "Microsoft-Windows-Hyper-V-VmSwitch", "Computer": "DESKTOP-OFJ6N53", "TimeCreated": "2025-08-12 12:17:44.515291+00:00", "RecordID": "5381", "Level": "5", "UserID": "S-1-5-18", "EventData.ioctlCode": "0x00000d15"}
{"EventID": "0", "Channel": "Microsoft-Windows-Hyper-V-VmSwitch-Operational", "Provider_Name": "Microsoft-Windows-Hyper-V-VmSwitch", "Computer": "DESKTOP-OFJ6N53", "TimeCreated": "2025-08-12 12:17:44.515295+00:00", "RecordID": "5382", "Level": "5", "UserID": "S-1-5-18", "EventData.ioctlCode": "0x00000d15", "EventData.delta (100 ns)": "50", "EventData.ntStatus": "2147483653"}
{"EventID": "0", "Channel": "Microsoft-Windows-Hyper-V-VmSwitch-Operational", "Provider_Name": "Microsoft-Windows-Hyper-V-VmSwitch", "Computer": "DESKTOP-OFJ6N53", "TimeCreated": "2025-08-12 12:17:44.515299+00:00", "RecordID": "5383", "Level": "5", "UserID": "S-1-5-18", "EventData.ioctlCode": "0x00000d15"}
{"EventID": "0", "Channel": "Microsoft-Windows-Hyper-V-VmSwitch-Operational", "Provider_Name": "Microsoft-Windows-Hyper-V-VmSwitch", "Computer": "DESKTOP-OFJ6N53", "TimeCreated": "2025-08-12 12:17:44.515303+00:00", "RecordID": "5384", "Level": "5", "UserID": "S-1-5-18", "EventData.ioctlCode": "0x00000d15", "EventData.delta (100 ns)": "40", "EventData.ntStatus": "0"}
{"EventID": "0", "Channel": "Microsoft-Windows-Hyper-V-VmSwitch-Operational", "Provider_Name": "Microsoft-Windows-Hyper-V-VmSwitch", "Computer": "DESKTOP-OFJ6N53", "TimeCreated": "2025-08-13 14:40:00.191244+00:00", "RecordID": "5385", "Level": "4", "UserID": "S-1-5-18", "EventData.State": "Started Loading", "EventData.Function": "DriverEntry"}
{"EventID": "0", "Channel": "Microsoft-Windows-Hyper-V-VmSwitch-Operational", "Provider_Name": "Microsoft-Windows-Hyper-V-VmSwitch", "Computer": "DESKTOP-OFJ6N53", "TimeCreated": "2025-08-13 14:40:00.192163+00:00", "RecordID": "5386", "Level": "4", "UserID": "S-1-5-18", "EventData.netPnpEvent": "NetEventBindsComplete", "EventData.nicName_Length": "0", "EventData.nicName": null, "EventData.nicFriendlyName_Length": "0", "EventData.nicFriendlyName": null, "EventData.switchName_Length": "0", "EventData.switchName": null, "EventData.switchFriendlyName_Length": "0", "EventData.switchFriendlyName": null}
{"EventID": "0", "Channel": "Microsoft-Windows-Hyper-V-VmSwitch-Operational", "Provider_Name": "Microsoft-Windows-Hyper-V-VmSwitch", "Computer": "DESKTOP-OFJ6N53", "TimeCreated": "2025-08-13 14:40:00.192167+00:00", "RecordID": "5387", "Level": "4", "UserID": "S-1-5-18", "EventData.netPnpEvent": "NetEventBindsComplete", "EventData.nicName_Length": "0", "EventData.nicName": null, "EventData.nicFriendlyName_Length": "0", "EventData.nicFriendlyName": null, "EventData.switchName_Length": "0", "EventData.switchName": null, "EventData.switchFriendlyName_Length": "0", "EventData.switchFriendlyName": null, "EventData.delta (100 ns)": "52", "EventData.Status": "0"}
{"EventID": "0", "Channel": "Microsoft-Windows-Hyper-V-VmSwitch-Operational", "Provider_Name": "Microsoft-Windows-Hyper-V-VmSwitch", "Computer": "DESKTOP-OFJ6N53", "TimeCreated": "2025-08-13 14:40:00.192617+00:00", "RecordID": "5388", "Level": "4", "UserID": "S-1-5-18", "EventData.netPnpEvent": "NetEventBindsComplete", "EventData.switchName_Length": "0", "EventData.switchName": null, "EventData.switchFriendlyName_Length": "0", "EventData.switchFriendlyName": null}
{"EventID": "0", "Channel": "Microsoft-Windows-Hyper-V-VmSwitch-Operational", "Provider_Name": "Microsoft-Windows-Hyper-V-VmSwitch", "Computer": "DESKTOP-OFJ6N53", "TimeCreated": "2025-08-13 14:40:00.192619+00:00", "RecordID": "5389", "Level": "4", "UserID": "S-1-5-18", "EventData.netPnpEvent": "NetEventBindsComplete", "EventData.switchName_Length": "0", "EventData.switchName": null, "EventData.switchFriendlyName_Length": "0", "EventData.switchFriendlyName": null, "EventData.delta (100 ns)": "37", "EventData.Status": "0"}
{"EventID": "0", "Channel": "Microsoft-Windows-Hyper-V-VmSwitch-Operational", "Provider_Name": "Microsoft-Windows-Hyper-V-VmSwitch", "Computer": "DESKTOP-OFJ6N53", "TimeCreated": "2025-08-13 14:40:00.192627+00:00", "RecordID": "5390", "Level": "4", "UserID": "S-1-5-18", "EventData.State": "Installed and Started.", "EventData.Function": "DriverEntry", "EventData.delta (100 ns)": "19470", "EventData.Status": "0"}
{"EventID": "0", "Channel": "Microsoft-Windows-Hyper-V-VmSwitch-Operational", "Provider_Name": "Microsoft-Windows-Hyper-V-VmSwitch", "Computer": "DESKTOP-OFJ6N53", "TimeCreated": "2025-08-13 14:40:01.025244+00:00", "RecordID": "5391", "Level": "5", "UserID": "S-1-5-18", "EventData.ioctlCode": "0x0000081f"}
{"EventID": "0", "Channel": "Microsoft-Windows-Hyper-V-VmSwitch-Operational", "Provider_Name": "Microsoft-Windows-Hyper-V-VmSwitch", "Computer": "DESKTOP-OFJ6N53", "TimeCreated": "2025-08-13 14:40:01.025253+00:00", "RecordID": "5392", "Level": "5", "UserID": "S-1-5-18", "EventData.ioctlCode": "0x0000081f", "EventData.delta (100 ns)": "121", "EventData.ntStatus": "0"}
{"EventID": "0", "Channel": "Microsoft-Windows-Hyper-V-VmSwitch-Operational", "Provider_Name": "Microsoft-Windows-Hyper-V-VmSwitch", "Computer": "DESKTOP-OFJ6N53", "TimeCreated": "2025-08-13 14:40:01.048615+00:00", "RecordID": "5393", "Level": "5", "UserID": "S-1-5-18", "EventData.ioctlCode": "0x0000081f"}
{"EventID": "0", "Channel": "Microsoft-Windows-Hyper-V-VmSwitch-Operational", "Provider_Name": "Microsoft-Windows-Hyper-V-VmSwitch", "Computer": "DESKTOP-OFJ6N53", "TimeCreated": "2025-08-13 14:40:01.048862+00:00", "RecordID": "5394", "Level": "5", "UserID": "S-1-5-18", "EventData.ioctlCode": "0x0000081f", "EventData.delta (100 ns)": "2500", "EventData.ntStatus": "0"}
{"EventID": "0", "Channel": "Microsoft-Windows-Hyper-V-VmSwitch-Operational", "Provider_Name": "Microsoft-Windows-Hyper-V-VmSwitch", "Computer": "DESKTOP-OFJ6N53", "TimeCreated": "2025-08-13 14:40:01.048933+00:00", "RecordID": "5395", "Level": "5", "UserID": "S-1-5-18", "EventData.ioctlCode": "0x00000d35"}
{"EventID": "0", "Channel": "Microsoft-Windows-Hyper-V-VmSwitch-Operational", "Provider_Name": "Microsoft-Windows-Hyper-V-VmSwitch", "Computer": "DESKTOP-OFJ6N53", "TimeCreated": "2025-08-13 14:40:01.048937+00:00", "RecordID": "5396", "Level": "5", "UserID": "S-1-5-18", "EventData.ioctlCode": "0x00000d35", "EventData.delta (100 ns)": "54", "EventData.ntStatus": "2147483653"}
{"EventID": "0", "Channel": "Microsoft-Windows-Hyper-V-VmSwitch-Operational", "Provider_Name": "Microsoft-Windows-Hyper-V-VmSwitch", "Computer": "DESKTOP-OFJ6N53", "TimeCreated": "2025-08-13 14:40:01.048943+00:00", "RecordID": "5397", "Level": "5", "UserID": "S-1-5-18", "EventData.ioctlCode": "0x00000d35"}
{"EventID": "0", "Channel": "Microsoft-Windows-Hyper-V-VmSwitch-Operational", "Provider_Name": "Microsoft-Windows-Hyper-V-VmSwitch", "Computer": "DESKTOP-OFJ6N53", "TimeCreated": "2025-08-13 14:40:01.048946+00:00", "RecordID": "5398", "Level": "5", "UserID": "S-1-5-18", "EventData.ioctlCode": "0x00000d35", "EventData.delta (100 ns)": "39", "EventData.ntStatus": "0"}
{"EventID": "0", "Channel": "Microsoft-Windows-Hyper-V-VmSwitch-Operational", "Provider_Name": "Microsoft-Windows-Hyper-V-VmSwitch", "Computer": "DESKTOP-OFJ6N53", "TimeCreated": "2025-08-13 14:40:01.049175+00:00", "RecordID": "5399", "Level": "5", "UserID": "S-1-5-18", "EventData.ioctlCode": "0x0000081f"}
{"EventID": "0", "Channel": "Microsoft-Windows-Hyper-V-VmSwitch-Operational", "Provider_Name": "Microsoft-Windows-Hyper-V-VmSwitch", "Computer": "DESKTOP-OFJ6N53", "TimeCreated": "2025-08-13 14:40:01.049181+00:00", "RecordID": "5400", "Level": "5", "UserID": "S-1-5-18", "EventData.ioctlCode": "0x0000081f", "EventData.delta (100 ns)": "59", "EventData.ntStatus": "0"}
{"EventID": "0", "Channel": "Microsoft-Windows-Hyper-V-VmSwitch-Operational", "Provider_Name": "Microsoft-Windows-Hyper-V-VmSwitch", "Computer": "DESKTOP-OFJ6N53", "TimeCreated": "2025-08-13 14:40:01.049232+00:00", "RecordID": "5401", "Level": "5", "UserID": "S-1-5-18", "EventData.ioctlCode": "0x00000d15"}
{"EventID": "0", "Channel": "Microsoft-Windows-Hyper-V-VmSwitch-Operational", "Provider_Name": "Microsoft-Windows-Hyper-V-VmSwitch", "Computer": "DESKTOP-OFJ6N53", "TimeCreated": "2025-08-13 14:40:01.049236+00:00", "RecordID": "5402", "Level": "5", "UserID": "S-1-5-18", "EventData.ioctlCode": "0x00000d15", "EventData.delta (100 ns)": "36", "EventData.ntStatus": "2147483653"}
{"EventID": "0", "Channel": "Microsoft-Windows-Hyper-V-VmSwitch-Operational", "Provider_Name": "Microsoft-Windows-Hyper-V-VmSwitch", "Computer": "DESKTOP-OFJ6N53", "TimeCreated": "2025-08-13 14:40:01.049240+00:00", "RecordID": "5403", "Level": "5", "UserID": "S-1-5-18", "EventData.ioctlCode": "0x00000d15"}
{"EventID": "0", "Channel": "Microsoft-Windows-Hyper-V-VmSwitch-Operational", "Provider_Name": "Microsoft-Windows-Hyper-V-VmSwitch", "Computer": "DESKTOP-OFJ6N53", "TimeCreated": "2025-08-13 14:40:01.049242+00:00", "RecordID": "5404", "Level": "5", "UserID": "S-1-5-18", "EventData.ioctlCode": "0x00000d15", "EventData.delta (100 ns)": "32", "EventData.ntStatus": "0"}
{"EventID": "0", "Channel": "Microsoft-Windows-Hyper-V-VmSwitch-Operational", "Provider_Name": "Microsoft-Windows-Hyper-V-VmSwitch", "Computer": "DESKTOP-OFJ6N53", "TimeCreated": "2025-08-13 14:40:01.444954+00:00", "RecordID": "5405", "Level": "5", "UserID": "S-1-5-18", "EventData.ioctlCode": "0x0000081f"}
{"EventID": "0", "Channel": "Microsoft-Windows-Hyper-V-VmSwitch-Operational", "Provider_Name": "Microsoft-Windows-Hyper-V-VmSwitch", "Computer": "DESKTOP-OFJ6N53", "TimeCreated": "2025-08-13 14:40:01.444963+00:00", "RecordID": "5406", "Level": "5", "UserID": "S-1-5-18", "EventData.ioctlCode": "0x0000081f", "EventData.delta (100 ns)": "140", "EventData.ntStatus": "0"}
{"EventID": "0", "Channel": "Microsoft-Windows-Hyper-V-VmSwitch-Operational", "Provider_Name": "Microsoft-Windows-Hyper-V-VmSwitch", "Computer": "DESKTOP-OFJ6N53", "TimeCreated": "2025-08-13 14:40:04.978409+00:00", "RecordID": "5407", "Level": "5", "UserID": "S-1-5-18", "EventData.ioctlCode": "0x0000081f"}
{"EventID": "0", "Channel": "Microsoft-Windows-Hyper-V-VmSwitch-Operational", "Provider_Name": "Microsoft-Windows-Hyper-V-VmSwitch", "Computer": "DESKTOP-OFJ6N53", "TimeCreated": "2025-08-13 14:40:04.978418+00:00", "RecordID": "5408", "Level": "5", "UserID": "S-1-5-18", "EventData.ioctlCode": "0x0000081f", "EventData.delta (100 ns)": "100", "EventData.ntStatus": "0"}
{"EventID": "0", "Channel": "Microsoft-Windows-Hyper-V-VmSwitch-Operational", "Provider_Name": "Microsoft-Windows-Hyper-V-VmSwitch", "Computer": "DESKTOP-OFJ6N53", "TimeCreated": "2025-08-13 14:40:04.987354+00:00", "RecordID": "5409", "Level": "5", "UserID": "S-1-5-18", "EventData.ioctlCode": "0x00000d12"}
{"EventID": "0", "Channel": "Microsoft-Windows-Hyper-V-VmSwitch-Operational", "Provider_Name": "Microsoft-Windows-Hyper-V-VmSwitch", "Computer": "DESKTOP-OFJ6N53", "TimeCreated": "2025-08-13 14:40:04.987370+00:00", "RecordID": "5410", "Level": "5", "UserID": "S-1-5-18", "EventData.ioctlCode": "0x00000d12", "EventData.delta (100 ns)": "173", "EventData.ntStatus": "2147483653"}
{"EventID": "0", "Channel": "Microsoft-Windows-Hyper-V-VmSwitch-Operational", "Provider_Name": "Microsoft-Windows-Hyper-V-VmSwitch", "Computer": "DESKTOP-OFJ6N53", "TimeCreated": "2025-08-13 14:40:04.987381+00:00", "RecordID": "5411", "Level": "5", "UserID": "S-1-5-18", "EventData.ioctlCode": "0x00000d12"}
{"EventID": "0", "Channel": "Microsoft-Windows-Hyper-V-VmSwitch-Operational", "Provider_Name": "Microsoft-Windows-Hyper-V-VmSwitch", "Computer": "DESKTOP-OFJ6N53", "TimeCreated": "2025-08-13 14:40:04.987431+00:00", "RecordID": "5412", "Level": "5", "UserID": "S-1-5-18", "EventData.ioctlCode": "0x00000d12", "EventData.delta (100 ns)": "487", "EventData.ntStatus": "3221225524"}
{"EventID": "0", "Channel": "Microsoft-Windows-Hyper-V-VmSwitch-Operational", "Provider_Name": "Microsoft-Windows-Hyper-V-VmSwitch", "Computer": "DESKTOP-OFJ6N53", "TimeCreated": "2025-08-13 14:40:05.120644+00:00", "RecordID": "5413", "Level": "5", "UserID": "S-1-5-18", "EventData.ioctlCode": "0x0000081f"}
{"EventID": "0", "Channel": "Microsoft-Windows-Hyper-V-VmSwitch-Operational", "Provider_Name": "Microsoft-Windows-Hyper-V-VmSwitch", "Computer": "DESKTOP-OFJ6N53", "TimeCreated": "2025-08-13 14:40:05.120651+00:00", "RecordID": "5414", "Level": "5", "UserID": "S-1-5-18", "EventData.ioctlCode": "0x0000081f", "EventData.delta (100 ns)": "92", "EventData.ntStatus": "0"}
{"EventID": "0", "Channel": "Microsoft-Windows-Hyper-V-VmSwitch-Operational", "Provider_Name": "Microsoft-Windows-Hyper-V-VmSwitch", "Computer": "DESKTOP-OFJ6N53", "TimeCreated": "2025-08-13 14:40:05.120770+00:00", "RecordID": "5415", "Level": "5", "UserID": "S-1-5-18", "EventData.ioctlCode": "0x0000081f"}
{"EventID": "0", "Channel": "Microsoft-Windows-Hyper-V-VmSwitch-Operational", "Provider_Name": "Microsoft-Windows-Hyper-V-VmSwitch", "Computer": "DESKTOP-OFJ6N53", "TimeCreated": "2025-08-13 14:40:05.120771+00:00", "RecordID": "5416", "Level": "5", "UserID": "S-1-5-18", "EventData.ioctlCode": "0x0000081f", "EventData.delta (100 ns)": "31", "EventData.ntStatus": "0"}
{"EventID": "0", "Channel": "Microsoft-Windows-Hyper-V-VmSwitch-Operational", "Provider_Name": "Microsoft-Windows-Hyper-V-VmSwitch", "Computer": "DESKTOP-OFJ6N53", "TimeCreated": "2025-08-13 14:40:05.120798+00:00", "RecordID": "5417", "Level": "5", "UserID": "S-1-5-18", "EventData.ioctlCode": "0x00000d35"}
{"EventID": "0", "Channel": "Microsoft-Windows-Hyper-V-VmSwitch-Operational", "Provider_Name": "Microsoft-Windows-Hyper-V-VmSwitch", "Computer": "DESKTOP-OFJ6N53", "TimeCreated": "2025-08-13 14:40:05.120802+00:00", "RecordID": "5418", "Level": "5", "UserID": "S-1-5-18", "EventData.ioctlCode": "0x00000d35", "EventData.delta (100 ns)": "27", "EventData.ntStatus": "2147483653"}
{"EventID": "0", "Channel": "Microsoft-Windows-Hyper-V-VmSwitch-Operational", "Provider_Name": "Microsoft-Windows-Hyper-V-VmSwitch", "Computer": "DESKTOP-OFJ6N53", "TimeCreated": "2025-08-13 14:40:05.120802+00:00", "RecordID": "5419", "Level": "5", "UserID": "S-1-5-18", "EventData.ioctlCode": "0x00000d35"}
{"EventID": "0", "Channel": "Microsoft-Windows-Hyper-V-VmSwitch-Operational", "Provider_Name": "Microsoft-Windows-Hyper-V-VmSwitch", "Computer": "DESKTOP-OFJ6N53", "TimeCreated": "2025-08-13 14:40:05.120808+00:00", "RecordID": "5420", "Level": "5", "UserID": "S-1-5-18", "EventData.ioctlCode": "0x00000d35", "EventData.delta (100 ns)": "33", "EventData.ntStatus": "0"}
{"EventID": "0", "Channel": "Microsoft-Windows-Hyper-V-VmSwitch-Operational", "Provider_Name": "Microsoft-Windows-Hyper-V-VmSwitch", "Computer": "DESKTOP-OFJ6N53", "TimeCreated": "2025-08-13 14:40:05.299597+00:00", "RecordID": "5421", "Level": "5", "UserID": "S-1-5-18", "EventData.ioctlCode": "0x0000081f"}
{"EventID": "0", "Channel": "Microsoft-Windows-Hyper-V-VmSwitch-Operational", "Provider_Name": "Microsoft-Windows-Hyper-V-VmSwitch", "Computer": "DESKTOP-OFJ6N53", "TimeCreated": "2025-08-13 14:40:05.299606+00:00", "RecordID": "5422", "Level": "5", "UserID": "S-1-5-18", "EventData.ioctlCode": "0x0000081f", "EventData.delta (100 ns)": "125", "EventData.ntStatus": "0"}
{"EventID": "0", "Channel": "Microsoft-Windows-Hyper-V-VmSwitch-Operational", "Provider_Name": "Microsoft-Windows-Hyper-V-VmSwitch", "Computer": "DESKTOP-OFJ6N53", "TimeCreated": "2025-08-13 14:40:06.842176+00:00", "RecordID": "5423", "Level": "5", "UserID": "S-1-5-18", "EventData.ioctlCode": "0x0000081f"}
{"EventID": "0", "Channel": "Microsoft-Windows-Hyper-V-VmSwitch-Operational", "Provider_Name": "Microsoft-Windows-Hyper-V-VmSwitch", "Computer": "DESKTOP-OFJ6N53", "TimeCreated": "2025-08-13 14:40:06.842184+00:00", "RecordID": "5424", "Level": "5", "UserID": "S-1-5-18", "EventData.ioctlCode": "0x0000081f", "EventData.delta (100 ns)": "109", "EventData.ntStatus": "0"}
{"EventID": "0", "Channel": "Microsoft-Windows-Hyper-V-VmSwitch-Operational", "Provider_Name": "Microsoft-Windows-Hyper-V-VmSwitch", "Computer": "DESKTOP-OFJ6N53", "TimeCreated": "2025-08-13 14:40:06.842226+00:00", "RecordID": "5425", "Level": "5", "UserID": "S-1-5-18", "EventData.ioctlCode": "0x00000d35"}
{"EventID": "0", "Channel": "Microsoft-Windows-Hyper-V-VmSwitch-Operational", "Provider_Name": "Microsoft-Windows-Hyper-V-VmSwitch", "Computer": "DESKTOP-OFJ6N53", "TimeCreated": "2025-08-13 14:40:06.842232+00:00", "RecordID": "5426", "Level": "5", "UserID": "S-1-5-18", "EventData.ioctlCode": "0x00000d35", "EventData.delta (100 ns)": "38", "EventData.ntStatus": "2147483653"}
{"EventID": "0", "Channel": "Microsoft-Windows-Hyper-V-VmSwitch-Operational", "Provider_Name": "Microsoft-Windows-Hyper-V-VmSwitch", "Computer": "DESKTOP-OFJ6N53", "TimeCreated": "2025-08-13 14:40:06.842234+00:00", "RecordID": "5427", "Level": "5", "UserID": "S-1-5-18", "EventData.ioctlCode": "0x00000d35"}
{"EventID": "0", "Channel": "Microsoft-Windows-Hyper-V-VmSwitch-Operational", "Provider_Name": "Microsoft-Windows-Hyper-V-VmSwitch", "Computer": "DESKTOP-OFJ6N53", "TimeCreated": "2025-08-13 14:40:06.842237+00:00", "RecordID": "5428", "Level": "5", "UserID": "S-1-5-18", "EventData.ioctlCode": "0x00000d35", "EventData.delta (100 ns)": "30", "EventData.ntStatus": "0"}
{"EventID": "0", "Channel": "Microsoft-Windows-Hyper-V-VmSwitch-Operational", "Provider_Name": "Microsoft-Windows-Hyper-V-VmSwitch", "Computer": "DESKTOP-OFJ6N53", "TimeCreated": "2025-08-13 14:40:06.929052+00:00", "RecordID": "5429", "Level": "5", "UserID": "S-1-5-18", "EventData.ioctlCode": "0x0000081f"}
{"EventID": "0", "Channel": "Microsoft-Windows-Hyper-V-VmSwitch-Operational", "Provider_Name": "Microsoft-Windows-Hyper-V-VmSwitch", "Computer": "DESKTOP-OFJ6N53", "TimeCreated": "2025-08-13 14:40:06.929060+00:00", "RecordID": "5430", "Level": "5", "UserID": "S-1-5-18", "EventData.ioctlCode": "0x0000081f", "EventData.delta (100 ns)": "122", "EventData.ntStatus": "0"}
{"EventID": "0", "Channel": "Microsoft-Windows-Hyper-V-VmSwitch-Operational", "Provider_Name": "Microsoft-Windows-Hyper-V-VmSwitch", "Computer": "DESKTOP-OFJ6N53", "TimeCreated": "2025-08-13 14:40:07.574129+00:00", "RecordID": "5431", "Level": "5", "UserID": "S-1-5-18", "EventData.ioctlCode": "0x0000081f"}
{"EventID": "0", "Channel": "Microsoft-Windows-Hyper-V-VmSwitch-Operational", "Provider_Name": "Microsoft-Windows-Hyper-V-VmSwitch", "Computer": "DESKTOP-OFJ6N53", "TimeCreated": "2025-08-13 14:40:07.574139+00:00", "RecordID": "5432", "Level": "5", "UserID": "S-1-5-18", "EventData.ioctlCode": "0x0000081f", "EventData.delta (100 ns)": "115", "EventData.ntStatus": "0"}
{"EventID": "0", "Channel": "Microsoft-Windows-Hyper-V-VmSwitch-Operational", "Provider_Name": "Microsoft-Windows-Hyper-V-VmSwitch", "Computer": "DESKTOP-OFJ6N53", "TimeCreated": "2025-08-13 14:40:07.574198+00:00", "RecordID": "5433", "Level": "5", "UserID": "S-1-5-18", "EventData.ioctlCode": "0x00000d15"}
{"EventID": "0", "Channel": "Microsoft-Windows-Hyper-V-VmSwitch-Operational", "Provider_Name": "Microsoft-Windows-Hyper-V-VmSwitch", "Computer": "DESKTOP-OFJ6N53", "TimeCreated": "2025-08-13 14:40:07.574202+00:00", "RecordID": "5434", "Level": "5", "UserID": "S-1-5-18", "EventData.ioctlCode": "0x00000d15", "EventData.delta (100 ns)": "44", "EventData.ntStatus": "2147483653"}
{"EventID": "0", "Channel": "Microsoft-Windows-Hyper-V-VmSwitch-Operational", "Provider_Name": "Microsoft-Windows-Hyper-V-VmSwitch", "Computer": "DESKTOP-OFJ6N53", "TimeCreated": "2025-08-13 14:40:07.574205+00:00", "RecordID": "5435", "Level": "5", "UserID": "S-1-5-18", "EventData.ioctlCode": "0x00000d15"}
{"EventID": "0", "Channel": "Microsoft-Windows-Hyper-V-VmSwitch-Operational", "Provider_Name": "Microsoft-Windows-Hyper-V-VmSwitch", "Computer": "DESKTOP-OFJ6N53", "TimeCreated": "2025-08-13 14:40:07.574209+00:00", "RecordID": "5436", "Level": "5", "UserID": "S-1-5-18", "EventData.ioctlCode": "0x00000d15", "EventData.delta (100 ns)": "40", "EventData.ntStatus": "0"}
{"EventID": "0", "Channel": "Microsoft-Windows-Hyper-V-VmSwitch-Operational", "Provider_Name": "Microsoft-Windows-Hyper-V-VmSwitch", "Computer": "DESKTOP-OFJ6N53", "TimeCreated": "2025-08-18 08:18:30.799620+00:00", "RecordID": "5437", "Level": "5", "UserID": "S-1-5-18", "EventData.ioctlCode": "0x0000081f"}
{"EventID": "0", "Channel": "Microsoft-Windows-Hyper-V-VmSwitch-Operational", "Provider_Name": "Microsoft-Windows-Hyper-V-VmSwitch", "Computer": "DESKTOP-OFJ6N53", "TimeCreated": "2025-08-18 08:18:30.799633+00:00", "RecordID": "5438", "Level": "5", "UserID": "S-1-5-18", "EventData.ioctlCode": "0x0000081f", "EventData.delta (100 ns)": "201", "EventData.ntStatus": "0"}
{"EventID": "0", "Channel": "Microsoft-Windows-Hyper-V-VmSwitch-Operational", "Provider_Name": "Microsoft-Windows-Hyper-V-VmSwitch", "Computer": "DESKTOP-OFJ6N53", "TimeCreated": "2025-08-18 08:18:30.799744+00:00", "RecordID": "5439", "Level": "5", "UserID": "S-1-5-18", "EventData.ioctlCode": "0x0000081f"}
{"EventID": "0", "Channel": "Microsoft-Windows-Hyper-V-VmSwitch-Operational", "Provider_Name": "Microsoft-Windows-Hyper-V-VmSwitch", "Computer": "DESKTOP-OFJ6N53", "TimeCreated": "2025-08-18 08:18:30.799747+00:00", "RecordID": "5440", "Level": "5", "UserID": "S-1-5-18", "EventData.ioctlCode": "0x0000081f", "EventData.delta (100 ns)": "37", "EventData.ntStatus": "0"}
{"EventID": "0", "Channel": "Microsoft-Windows-Hyper-V-VmSwitch-Operational", "Provider_Name": "Microsoft-Windows-Hyper-V-VmSwitch", "Computer": "DESKTOP-OFJ6N53", "TimeCreated": "2025-08-18 08:18:30.799786+00:00", "RecordID": "5441", "Level": "5", "UserID": "S-1-5-18", "EventData.ioctlCode": "0x00000d15"}
{"EventID": "0", "Channel": "Microsoft-Windows-Hyper-V-VmSwitch-Operational", "Provider_Name": "Microsoft-Windows-Hyper-V-VmSwitch", "Computer": "DESKTOP-OFJ6N53", "TimeCreated": "2025-08-18 08:18:30.799788+00:00", "RecordID": "5442", "Level": "5", "UserID": "S-1-5-18", "EventData.ioctlCode": "0x00000d15", "EventData.delta (100 ns)": "34", "EventData.ntStatus": "2147483653"}
{"EventID": "0", "Channel": "Microsoft-Windows-Hyper-V-VmSwitch-Operational", "Provider_Name": "Microsoft-Windows-Hyper-V-VmSwitch", "Computer": "DESKTOP-OFJ6N53", "TimeCreated": "2025-08-18 08:18:30.799791+00:00", "RecordID": "5443", "Level": "5", "UserID": "S-1-5-18", "EventData.ioctlCode": "0x00000d15"}
{"EventID": "0", "Channel": "Microsoft-Windows-Hyper-V-VmSwitch-Operational", "Provider_Name": "Microsoft-Windows-Hyper-V-VmSwitch", "Computer": "DESKTOP-OFJ6N53", "TimeCreated": "2025-08-18 08:18:30.799795+00:00", "RecordID": "5444", "Level": "5", "UserID": "S-1-5-18", "EventData.ioctlCode": "0x00000d15", "EventData.delta (100 ns)": "36", "EventData.ntStatus": "0"}
{"EventID": "0", "Channel": "Microsoft-Windows-Hyper-V-VmSwitch-Operational", "Provider_Name": "Microsoft-Windows-Hyper-V-VmSwitch", "Computer": "DESKTOP-OFJ6N53", "TimeCreated": "2025-08-19 07:18:53.934200+00:00", "RecordID": "5445", "Level": "4", "UserID": "S-1-5-18", "EventData.State": "Started Loading", "EventData.Function": "DriverEntry"}
{"EventID": "0", "Channel": "Microsoft-Windows-Hyper-V-VmSwitch-Operational", "Provider_Name": "Microsoft-Windows-Hyper-V-VmSwitch", "Computer": "DESKTOP-OFJ6N53", "TimeCreated": "2025-08-19 07:18:53.936357+00:00", "RecordID": "5446", "Level": "4", "UserID": "S-1-5-18", "EventData.State": "Installed and Started.", "EventData.Function": "DriverEntry", "EventData.delta (100 ns)": "28087", "EventData.Status": "0"}
{"EventID": "0", "Channel": "Microsoft-Windows-Hyper-V-VmSwitch-Operational", "Provider_Name": "Microsoft-Windows-Hyper-V-VmSwitch", "Computer": "DESKTOP-OFJ6N53", "TimeCreated": "2025-08-19 07:18:53.940138+00:00", "RecordID": "5447", "Level": "4", "UserID": "S-1-5-18", "EventData.netPnpEvent": "NetEventBindsComplete", "EventData.nicName_Length": "0", "EventData.nicName": null, "EventData.nicFriendlyName_Length": "0", "EventData.nicFriendlyName": null, "EventData.switchName_Length": "0", "EventData.switchName": null, "EventData.switchFriendlyName_Length": "0", "EventData.switchFriendlyName": null}
{"EventID": "0", "Channel": "Microsoft-Windows-Hyper-V-VmSwitch-Operational", "Provider_Name": "Microsoft-Windows-Hyper-V-VmSwitch", "Computer": "DESKTOP-OFJ6N53", "TimeCreated": "2025-08-19 07:18:53.940142+00:00", "RecordID": "5448", "Level": "4", "UserID": "S-1-5-18", "EventData.netPnpEvent": "NetEventBindsComplete", "EventData.nicName_Length": "0", "EventData.nicName": null, "EventData.nicFriendlyName_Length": "0", "EventData.nicFriendlyName": null, "EventData.switchName_Length": "0", "EventData.switchName": null, "EventData.switchFriendlyName_Length": "0", "EventData.switchFriendlyName": null, "EventData.delta (100 ns)": "74", "EventData.Status": "0"}
{"EventID": "0", "Channel": "Microsoft-Windows-Hyper-V-VmSwitch-Operational", "Provider_Name": "Microsoft-Windows-Hyper-V-VmSwitch", "Computer": "DESKTOP-OFJ6N53", "TimeCreated": "2025-08-19 07:18:53.940155+00:00", "RecordID": "5449", "Level": "4", "UserID": "S-1-5-18", "EventData.netPnpEvent": "NetEventBindsComplete", "EventData.switchName_Length": "0", "EventData.switchName": null, "EventData.switchFriendlyName_Length": "0", "EventData.switchFriendlyName": null}
{"EventID": "0", "Channel": "Microsoft-Windows-Hyper-V-VmSwitch-Operational", "Provider_Name": "Microsoft-Windows-Hyper-V-VmSwitch", "Computer": "DESKTOP-OFJ6N53", "TimeCreated": "2025-08-19 07:18:53.940157+00:00", "RecordID": "5450", "Level": "4", "UserID": "S-1-5-18", "EventData.netPnpEvent": "NetEventBindsComplete", "EventData.switchName_Length": "0", "EventData.switchName": null, "EventData.switchFriendlyName_Length": "0", "EventData.switchFriendlyName": null, "EventData.delta (100 ns)": "43", "EventData.Status": "0"}
{"EventID": "0", "Channel": "Microsoft-Windows-Hyper-V-VmSwitch-Operational", "Provider_Name": "Microsoft-Windows-Hyper-V-VmSwitch", "Computer": "DESKTOP-OFJ6N53", "TimeCreated": "2025-08-19 07:18:54.372156+00:00", "RecordID": "5451", "Level": "5", "UserID": "S-1-5-18", "EventData.ioctlCode": "0x0000081f"}
{"EventID": "0", "Channel": "Microsoft-Windows-Hyper-V-VmSwitch-Operational", "Provider_Name": "Microsoft-Windows-Hyper-V-VmSwitch", "Computer": "DESKTOP-OFJ6N53", "TimeCreated": "2025-08-19 07:18:54.372166+00:00", "RecordID": "5452", "Level": "5", "UserID": "S-1-5-18", "EventData.ioctlCode": "0x0000081f", "EventData.delta (100 ns)": "135", "EventData.ntStatus": "0"}
{"EventID": "0", "Channel": "Microsoft-Windows-Hyper-V-VmSwitch-Operational", "Provider_Name": "Microsoft-Windows-Hyper-V-VmSwitch", "Computer": "DESKTOP-OFJ6N53", "TimeCreated": "2025-08-19 07:18:54.473572+00:00", "RecordID": "5453", "Level": "5", "UserID": "S-1-5-18", "EventData.ioctlCode": "0x0000081f"}
{"EventID": "0", "Channel": "Microsoft-Windows-Hyper-V-VmSwitch-Operational", "Provider_Name": "Microsoft-Windows-Hyper-V-VmSwitch", "Computer": "DESKTOP-OFJ6N53", "TimeCreated": "2025-08-19 07:18:54.473583+00:00", "RecordID": "5454", "Level": "5", "UserID": "S-1-5-18", "EventData.ioctlCode": "0x0000081f", "EventData.delta (100 ns)": "143", "EventData.ntStatus": "0"}
{"EventID": "0", "Channel": "Microsoft-Windows-Hyper-V-VmSwitch-Operational", "Provider_Name": "Microsoft-Windows-Hyper-V-VmSwitch", "Computer": "DESKTOP-OFJ6N53", "TimeCreated": "2025-08-19 07:18:54.473654+00:00", "RecordID": "5455", "Level": "5", "UserID": "S-1-5-18", "EventData.ioctlCode": "0x00000d35"}
{"EventID": "0", "Channel": "Microsoft-Windows-Hyper-V-VmSwitch-Operational", "Provider_Name": "Microsoft-Windows-Hyper-V-VmSwitch", "Computer": "DESKTOP-OFJ6N53", "TimeCreated": "2025-08-19 07:18:54.473660+00:00", "RecordID": "5456", "Level": "5", "UserID": "S-1-5-18", "EventData.ioctlCode": "0x00000d35", "EventData.delta (100 ns)": "51", "EventData.ntStatus": "2147483653"}
{"EventID": "0", "Channel": "Microsoft-Windows-Hyper-V-VmSwitch-Operational", "Provider_Name": "Microsoft-Windows-Hyper-V-VmSwitch", "Computer": "DESKTOP-OFJ6N53", "TimeCreated": "2025-08-19 07:18:54.473663+00:00", "RecordID": "5457", "Level": "5", "UserID": "S-1-5-18", "EventData.ioctlCode": "0x00000d35"}
{"EventID": "0", "Channel": "Microsoft-Windows-Hyper-V-VmSwitch-Operational", "Provider_Name": "Microsoft-Windows-Hyper-V-VmSwitch", "Computer": "DESKTOP-OFJ6N53", "TimeCreated": "2025-08-19 07:18:54.473669+00:00", "RecordID": "5458", "Level": "5", "UserID": "S-1-5-18", "EventData.ioctlCode": "0x00000d35", "EventData.delta (100 ns)": "44", "EventData.ntStatus": "0"}
{"EventID": "0", "Channel": "Microsoft-Windows-Hyper-V-VmSwitch-Operational", "Provider_Name": "Microsoft-Windows-Hyper-V-VmSwitch", "Computer": "DESKTOP-OFJ6N53", "TimeCreated": "2025-08-19 07:18:54.475122+00:00", "RecordID": "5459", "Level": "5", "UserID": "S-1-5-18", "EventData.ioctlCode": "0x0000081f"}
{"EventID": "0", "Channel": "Microsoft-Windows-Hyper-V-VmSwitch-Operational", "Provider_Name": "Microsoft-Windows-Hyper-V-VmSwitch", "Computer": "DESKTOP-OFJ6N53", "TimeCreated": "2025-08-19 07:18:54.475128+00:00", "RecordID": "5460", "Level": "5", "UserID": "S-1-5-18", "EventData.ioctlCode": "0x0000081f", "EventData.delta (100 ns)": "92", "EventData.ntStatus": "0"}
{"EventID": "0", "Channel": "Microsoft-Windows-Hyper-V-VmSwitch-Operational", "Provider_Name": "Microsoft-Windows-Hyper-V-VmSwitch", "Computer": "DESKTOP-OFJ6N53", "TimeCreated": "2025-08-19 07:18:54.475180+00:00", "RecordID": "5461", "Level": "5", "UserID": "S-1-5-18", "EventData.ioctlCode": "0x00000d15"}
{"EventID": "0", "Channel": "Microsoft-Windows-Hyper-V-VmSwitch-Operational", "Provider_Name": "Microsoft-Windows-Hyper-V-VmSwitch", "Computer": "DESKTOP-OFJ6N53", "TimeCreated": "2025-08-19 07:18:54.475183+00:00", "RecordID": "5462", "Level": "5", "UserID": "S-1-5-18", "EventData.ioctlCode": "0x00000d15", "EventData.delta (100 ns)": "35", "EventData.ntStatus": "2147483653"}
{"EventID": "0", "Channel": "Microsoft-Windows-Hyper-V-VmSwitch-Operational", "Provider_Name": "Microsoft-Windows-Hyper-V-VmSwitch", "Computer": "DESKTOP-OFJ6N53", "TimeCreated": "2025-08-19 07:18:54.475187+00:00", "RecordID": "5463", "Level": "5", "UserID": "S-1-5-18", "EventData.ioctlCode": "0x00000d15"}
{"EventID": "0", "Channel": "Microsoft-Windows-Hyper-V-VmSwitch-Operational", "Provider_Name": "Microsoft-Windows-Hyper-V-VmSwitch", "Computer": "DESKTOP-OFJ6N53", "TimeCreated": "2025-08-19 07:18:54.475189+00:00", "RecordID": "5464", "Level": "5", "UserID": "S-1-5-18", "EventData.ioctlCode": "0x00000d15", "EventData.delta (100 ns)": "34", "EventData.ntStatus": "0"}
{"EventID": "0", "Channel": "Microsoft-Windows-Hyper-V-VmSwitch-Operational", "Provider_Name": "Microsoft-Windows-Hyper-V-VmSwitch", "Computer": "DESKTOP-OFJ6N53", "TimeCreated": "2025-08-19 07:18:54.630003+00:00", "RecordID": "5465", "Level": "5", "UserID": "S-1-5-18", "EventData.ioctlCode": "0x0000081f"}
{"EventID": "0", "Channel": "Microsoft-Windows-Hyper-V-VmSwitch-Operational", "Provider_Name": "Microsoft-Windows-Hyper-V-VmSwitch", "Computer": "DESKTOP-OFJ6N53", "TimeCreated": "2025-08-19 07:18:54.630013+00:00", "RecordID": "5466", "Level": "5", "UserID": "S-1-5-18", "EventData.ioctlCode": "0x0000081f", "EventData.delta (100 ns)": "139", "EventData.ntStatus": "0"}
{"EventID": "0", "Channel": "Microsoft-Windows-Hyper-V-VmSwitch-Operational", "Provider_Name": "Microsoft-Windows-Hyper-V-VmSwitch", "Computer": "DESKTOP-OFJ6N53", "TimeCreated": "2025-08-19 07:18:55.275434+00:00", "RecordID": "5467", "Level": "5", "UserID": "S-1-5-18", "EventData.ioctlCode": "0x0000081f"}
{"EventID": "0", "Channel": "Microsoft-Windows-Hyper-V-VmSwitch-Operational", "Provider_Name": "Microsoft-Windows-Hyper-V-VmSwitch", "Computer": "DESKTOP-OFJ6N53", "TimeCreated": "2025-08-19 07:18:55.275446+00:00", "RecordID": "5468", "Level": "5", "UserID": "S-1-5-18", "EventData.ioctlCode": "0x0000081f", "EventData.delta (100 ns)": "181", "EventData.ntStatus": "0"}
{"EventID": "0", "Channel": "Microsoft-Windows-Hyper-V-VmSwitch-Operational", "Provider_Name": "Microsoft-Windows-Hyper-V-VmSwitch", "Computer": "DESKTOP-OFJ6N53", "TimeCreated": "2025-08-19 07:18:55.276859+00:00", "RecordID": "5469", "Level": "5", "UserID": "S-1-5-18", "EventData.ioctlCode": "0x00000d12"}
{"EventID": "0", "Channel": "Microsoft-Windows-Hyper-V-VmSwitch-Operational", "Provider_Name": "Microsoft-Windows-Hyper-V-VmSwitch", "Computer": "DESKTOP-OFJ6N53", "TimeCreated": "2025-08-19 07:18:55.276873+00:00", "RecordID": "5470", "Level": "5", "UserID": "S-1-5-18", "EventData.ioctlCode": "0x00000d12", "EventData.delta (100 ns)": "150", "EventData.ntStatus": "2147483653"}
{"EventID": "0", "Channel": "Microsoft-Windows-Hyper-V-VmSwitch-Operational", "Provider_Name": "Microsoft-Windows-Hyper-V-VmSwitch", "Computer": "DESKTOP-OFJ6N53", "TimeCreated": "2025-08-19 07:18:55.276897+00:00", "RecordID": "5471", "Level": "5", "UserID": "S-1-5-18", "EventData.ioctlCode": "0x00000d12"}
