{"EventID": "325", "Channel": "Microsoft-Windows-AppXDeployment/Operational", "Provider_Name": "Microsoft-Windows-AppXDeployment", "Computer": "DESKTOP-OFJ6N53", "TimeCreated": "2025-08-22 13:52:22.735632+00:00", "RecordID": "650956", "Level": "4", "UserID": "S-1-5-18", "EventData.PackageFamilyName": "Microsoft.StorePurchaseApp_8wekyb3d8bbwe"}
{"EventID": "325", "Channel": "Microsoft-Windows-AppXDeployment/Operational", "Provider_Name": "Microsoft-Windows-AppXDeployment", "Computer": "DESKTOP-OFJ6N53", "TimeCreated": "2025-08-22 13:52:22.751007+00:00", "RecordID": "650957", "Level": "4", "UserID": "S-1-5-18", "EventData.PackageFamilyName": "Microsoft.StorePurchaseApp_8wekyb3d8bbwe"}
{"EventID": "325", "Channel": "Microsoft-Windows-AppXDeployment/Operational", "Provider_Name": "Microsoft-Windows-AppXDeployment", "Computer": "DESKTOP-OFJ6N53", "TimeCreated": "2025-08-22 14:00:16.869658+00:00", "RecordID": "650958", "Level": "4", "UserID": "S-1-5-18", "EventData.PackageFamilyName": "Microsoft.AAD.BrokerPlugin_cw5n1h2txyewy"}
{"EventID": "325", "Channel": "Microsoft-Windows-AppXDeployment/Operational", "Provider_Name": "Microsoft-Windows-AppXDeployment", "Computer": "DESKTOP-OFJ6N53", "TimeCreated": "2025-08-22 14:00:17.160872+00:00", "RecordID": "650959", "Level": "4", "UserID": "S-1-5-18", "EventData.PackageFamilyName": "Microsoft.AAD.BrokerPlugin_cw5n1h2txyewy"}
{"EventID": "325", "Channel": "Microsoft-Windows-AppXDeployment/Operational", "Provider_Name": "Microsoft-Windows-AppXDeployment", "Computer": "DESKTOP-OFJ6N53", "TimeCreated": "2025-08-22 14:00:17.339941+00:00", "RecordID": "650960", "Level": "4", "UserID": "S-1-5-18", "EventData.PackageFamilyName": "Microsoft.AAD.BrokerPlugin_cw5n1h2txyewy"}
{"EventID": "325", "Channel": "Microsoft-Windows-AppXDeployment/Operational", "Provider_Name": "Microsoft-Windows-AppXDeployment", "Computer": "DESKTOP-OFJ6N53", "TimeCreated": "2025-08-22 14:05:23.103662+00:00", "RecordID": "650961", "Level": "4", "UserID": "S-1-5-18", "EventData.PackageFamilyName": "Microsoft.Windows.ContentDeliveryManager_cw5n1h2txyewy"}
{"EventID": "325", "Channel": "Microsoft-Windows-AppXDeployment/Operational", "Provider_Name": "Microsoft-Windows-AppXDeployment", "Computer": "DESKTOP-OFJ6N53", "TimeCreated": "2025-08-22 14:05:23.114895+00:00", "RecordID": "650962", "Level": "4", "UserID": "S-1-5-18", "EventData.PackageFamilyName": "Microsoft.Windows.ContentDeliveryManager_cw5n1h2txyewy"}
{"EventID": "325", "Channel": "Microsoft-Windows-AppXDeployment/Operational", "Provider_Name": "Microsoft-Windows-AppXDeployment", "Computer": "DESKTOP-OFJ6N53", "TimeCreated": "2025-08-22 14:05:23.803440+00:00", "RecordID": "650963", "Level": "4", "UserID": "S-1-5-18", "EventData.PackageFamilyName": "Microsoft.Windows.ContentDeliveryManager_cw5n1h2txyewy"}
{"EventID": "325", "Channel": "Microsoft-Windows-AppXDeployment/Operational", "Provider_Name": "Microsoft-Windows-AppXDeployment", "Computer": "DESKTOP-OFJ6N53", "TimeCreated": "2025-08-22 14:05:23.959248+00:00", "RecordID": "650964", "Level": "4", "UserID": "S-1-5-18", "EventData.PackageFamilyName": "Microsoft.AAD.BrokerPlugin_cw5n1h2txyewy"}
{"EventID": "325", "Channel": "Microsoft-Windows-AppXDeployment/Operational", "Provider_Name": "Microsoft-Windows-AppXDeployment", "Computer": "DESKTOP-OFJ6N53", "TimeCreated": "2025-08-22 14:05:24.095058+00:00", "RecordID": "650965", "Level": "4", "UserID": "S-1-5-18", "EventData.PackageFamilyName": "Microsoft.AAD.BrokerPlugin_cw5n1h2txyewy"}
{"EventID": "325", "Channel": "Microsoft-Windows-AppXDeployment/Operational", "Provider_Name": "Microsoft-Windows-AppXDeployment", "Computer": "DESKTOP-OFJ6N53", "TimeCreated": "2025-08-22 14:05:24.107500+00:00", "RecordID": "650966", "Level": "4", "UserID": "S-1-5-18", "EventData.PackageFamilyName": "Microsoft.AAD.BrokerPlugin_cw5n1h2txyewy"}
{"EventID": "325", "Channel": "Microsoft-Windows-AppXDeployment/Operational", "Provider_Name": "Microsoft-Windows-AppXDeployment", "Computer": "DESKTOP-OFJ6N53", "TimeCreated": "2025-08-22 14:05:29.757387+00:00", "RecordID": "650967", "Level": "4", "UserID": "S-1-5-18", "EventData.PackageFamilyName": "Microsoft.Windows.ContentDeliveryManager_cw5n1h2txyewy"}
{"EventID": "325", "Channel": "Microsoft-Windows-AppXDeployment/Operational", "Provider_Name": "Microsoft-Windows-AppXDeployment", "Computer": "DESKTOP-OFJ6N53", "TimeCreated": "2025-08-22 14:05:29.804407+00:00", "RecordID": "650968", "Level": "4", "UserID": "S-1-5-18", "EventData.PackageFamilyName": "Microsoft.Windows.ContentDeliveryManager_cw5n1h2txyewy"}
{"EventID": "325", "Channel": "Microsoft-Windows-AppXDeployment/Operational", "Provider_Name": "Microsoft-Windows-AppXDeployment", "Computer": "DESKTOP-OFJ6N53", "TimeCreated": "2025-08-22 14:05:29.867338+00:00", "RecordID": "650969", "Level": "4", "UserID": "S-1-5-18", "EventData.PackageFamilyName": "Microsoft.Windows.ContentDeliveryManager_cw5n1h2txyewy"}
{"EventID": "325", "Channel": "Microsoft-Windows-AppXDeployment/Operational", "Provider_Name": "Microsoft-Windows-AppXDeployment", "Computer": "DESKTOP-OFJ6N53", "TimeCreated": "2025-08-22 14:05:29.991661+00:00", "RecordID": "650970", "Level": "4", "UserID": "S-1-5-18", "EventData.PackageFamilyName": "Microsoft.Windows.ContentDeliveryManager_cw5n1h2txyewy"}
{"EventID": "325", "Channel": "Microsoft-Windows-AppXDeployment/Operational", "Provider_Name": "Microsoft-Windows-AppXDeployment", "Computer": "DESKTOP-OFJ6N53", "TimeCreated": "2025-08-22 14:06:09.863419+00:00", "RecordID": "650971", "Level": "4", "UserID": "S-1-5-18", "EventData.PackageFamilyName": "Microsoft.Windows.ContentDeliveryManager_cw5n1h2txyewy"}
{"EventID": "325", "Channel": "Microsoft-Windows-AppXDeployment/Operational", "Provider_Name": "Microsoft-Windows-AppXDeployment", "Computer": "DESKTOP-OFJ6N53", "TimeCreated": "2025-08-22 14:06:09.877857+00:00", "RecordID": "650972", "Level": "4", "UserID": "S-1-5-18", "EventData.PackageFamilyName": "Microsoft.Windows.ContentDeliveryManager_cw5n1h2txyewy"}
{"EventID": "325", "Channel": "Microsoft-Windows-AppXDeployment/Operational", "Provider_Name": "Microsoft-Windows-AppXDeployment", "Computer": "DESKTOP-OFJ6N53", "TimeCreated": "2025-08-22 14:06:10.716850+00:00", "RecordID": "650973", "Level": "4", "UserID": "S-1-5-18", "EventData.PackageFamilyName": "Microsoft.Windows.ContentDeliveryManager_cw5n1h2txyewy"}
{"EventID": "325", "Channel": "Microsoft-Windows-AppXDeployment/Operational", "Provider_Name": "Microsoft-Windows-AppXDeployment", "Computer": "DESKTOP-OFJ6N53", "TimeCreated": "2025-08-22 14:26:23.711645+00:00", "RecordID": "650974", "Level": "4", "UserID": "S-1-5-18", "EventData.PackageFamilyName": "MicrosoftWindows.Client.CBS_cw5n1h2txyewy"}
{"EventID": "325", "Channel": "Microsoft-Windows-AppXDeployment/Operational", "Provider_Name": "Microsoft-Windows-AppXDeployment", "Computer": "DESKTOP-OFJ6N53", "TimeCreated": "2025-08-22 14:26:23.722893+00:00", "RecordID": "650975", "Level": "4", "UserID": "S-1-5-18", "EventData.PackageFamilyName": "MicrosoftWindows.Client.CBS_cw5n1h2txyewy"}
{"EventID": "325", "Channel": "Microsoft-Windows-AppXDeployment/Operational", "Provider_Name": "Microsoft-Windows-AppXDeployment", "Computer": "DESKTOP-OFJ6N53", "TimeCreated": "2025-08-22 14:26:25.317505+00:00", "RecordID": "650976", "Level": "4", "UserID": "S-1-5-18", "EventData.PackageFamilyName": "MicrosoftWindows.Client.CBS_cw5n1h2txyewy"}
{"EventID": "325", "Channel": "Microsoft-Windows-AppXDeployment/Operational", "Provider_Name": "Microsoft-Windows-AppXDeployment", "Computer": "DESKTOP-OFJ6N53", "TimeCreated": "2025-08-22 14:29:27.403955+00:00", "RecordID": "650977", "Level": "4", "UserID": "S-1-5-21-963789628-1060504924-4285088085-1001", "EventData.PackageFamilyName": "Microsoft.YourPhone_8wekyb3d8bbwe"}
{"EventID": "325", "Channel": "Microsoft-Windows-AppXDeployment/Operational", "Provider_Name": "Microsoft-Windows-AppXDeployment", "Computer": "DESKTOP-OFJ6N53", "TimeCreated": "2025-08-22 14:29:27.416210+00:00", "RecordID": "650978", "Level": "4", "UserID": "S-1-5-18", "EventData.PackageFamilyName": "Microsoft.Windows.Search_cw5n1h2txyewy"}
{"EventID": "325", "Channel": "Microsoft-Windows-AppXDeployment/Operational", "Provider_Name": "Microsoft-Windows-AppXDeployment", "Computer": "DESKTOP-OFJ6N53", "TimeCreated": "2025-08-22 14:29:27.449686+00:00", "RecordID": "650979", "Level": "4", "UserID": "S-1-5-18", "EventData.PackageFamilyName": "Microsoft.Windows.Search_cw5n1h2txyewy"}
{"EventID": "325", "Channel": "Microsoft-Windows-AppXDeployment/Operational", "Provider_Name": "Microsoft-Windows-AppXDeployment", "Computer": "DESKTOP-OFJ6N53", "TimeCreated": "2025-08-22 14:41:24.184671+00:00", "RecordID": "650980", "Level": "4", "UserID": "S-1-5-18", "EventData.PackageFamilyName": "Microsoft.Windows.Search_cw5n1h2txyewy"}
{"EventID": "325", "Channel": "Microsoft-Windows-AppXDeployment/Operational", "Provider_Name": "Microsoft-Windows-AppXDeployment", "Computer": "DESKTOP-OFJ6N53", "TimeCreated": "2025-08-22 14:41:24.196283+00:00", "RecordID": "650981", "Level": "4", "UserID": "S-1-5-18", "EventData.PackageFamilyName": "Microsoft.Windows.Search_cw5n1h2txyewy"}
{"EventID": "325", "Channel": "Microsoft-Windows-AppXDeployment/Operational", "Provider_Name": "Microsoft-Windows-AppXDeployment", "Computer": "DESKTOP-OFJ6N53", "TimeCreated": "2025-08-22 14:41:24.206787+00:00", "RecordID": "650982", "Level": "4", "UserID": "S-1-5-18", "EventData.PackageFamilyName": "Microsoft.Windows.Search_cw5n1h2txyewy"}
{"EventID": "325", "Channel": "Microsoft-Windows-AppXDeployment/Operational", "Provider_Name": "Microsoft-Windows-AppXDeployment", "Computer": "DESKTOP-OFJ6N53", "TimeCreated": "2025-08-22 14:41:24.214993+00:00", "RecordID": "650983", "Level": "4", "UserID": "S-1-5-18", "EventData.PackageFamilyName": "Microsoft.Windows.Search_cw5n1h2txyewy"}
{"EventID": "325", "Channel": "Microsoft-Windows-AppXDeployment/Operational", "Provider_Name": "Microsoft-Windows-AppXDeployment", "Computer": "DESKTOP-OFJ6N53", "TimeCreated": "2025-08-22 14:41:24.244371+00:00", "RecordID": "650984", "Level": "4", "UserID": "S-1-5-18", "EventData.PackageFamilyName": "Microsoft.Windows.Search_cw5n1h2txyewy"}
{"EventID": "325", "Channel": "Microsoft-Windows-AppXDeployment/Operational", "Provider_Name": "Microsoft-Windows-AppXDeployment", "Computer": "DESKTOP-OFJ6N53", "TimeCreated": "2025-08-22 15:16:26.002792+00:00", "RecordID": "650985", "Level": "4", "UserID": "S-1-5-18", "EventData.PackageFamilyName": "MicrosoftWindows.Client.CBS_cw5n1h2txyewy"}
{"EventID": "325", "Channel": "Microsoft-Windows-AppXDeployment/Operational", "Provider_Name": "Microsoft-Windows-AppXDeployment", "Computer": "DESKTOP-OFJ6N53", "TimeCreated": "2025-08-22 15:16:26.097637+00:00", "RecordID": "650986", "Level": "4", "UserID": "S-1-5-18", "EventData.PackageFamilyName": "MicrosoftWindows.Client.CBS_cw5n1h2txyewy"}
{"EventID": "325", "Channel": "Microsoft-Windows-AppXDeployment/Operational", "Provider_Name": "Microsoft-Windows-AppXDeployment", "Computer": "DESKTOP-OFJ6N53", "TimeCreated": "2025-08-22 15:17:04.110733+00:00", "RecordID": "650987", "Level": "4", "UserID": "S-1-5-18", "EventData.PackageFamilyName": "Microsoft.AAD.BrokerPlugin_cw5n1h2txyewy"}
{"EventID": "325", "Channel": "Microsoft-Windows-AppXDeployment/Operational", "Provider_Name": "Microsoft-Windows-AppXDeployment", "Computer": "DESKTOP-OFJ6N53", "TimeCreated": "2025-08-22 15:17:04.141083+00:00", "RecordID": "650988", "Level": "4", "UserID": "S-1-5-18", "EventData.PackageFamilyName": "Microsoft.AAD.BrokerPlugin_cw5n1h2txyewy"}
{"EventID": "325", "Channel": "Microsoft-Windows-AppXDeployment/Operational", "Provider_Name": "Microsoft-Windows-AppXDeployment", "Computer": "DESKTOP-OFJ6N53", "TimeCreated": "2025-08-22 15:17:04.153807+00:00", "RecordID": "650989", "Level": "4", "UserID": "S-1-5-18", "EventData.PackageFamilyName": "Microsoft.AAD.BrokerPlugin_cw5n1h2txyewy"}
{"EventID": "325", "Channel": "Microsoft-Windows-AppXDeployment/Operational", "Provider_Name": "Microsoft-Windows-AppXDeployment", "Computer": "DESKTOP-OFJ6N53", "TimeCreated": "2025-08-22 16:00:16.342957+00:00", "RecordID": "650990", "Level": "4", "UserID": "S-1-5-18", "EventData.PackageFamilyName": "Microsoft.AAD.BrokerPlugin_cw5n1h2txyewy"}
{"EventID": "325", "Channel": "Microsoft-Windows-AppXDeployment/Operational", "Provider_Name": "Microsoft-Windows-AppXDeployment", "Computer": "DESKTOP-OFJ6N53", "TimeCreated": "2025-08-22 16:00:16.461132+00:00", "RecordID": "650991", "Level": "4", "UserID": "S-1-5-18", "EventData.PackageFamilyName": "Microsoft.AAD.BrokerPlugin_cw5n1h2txyewy"}
{"EventID": "325", "Channel": "Microsoft-Windows-AppXDeployment/Operational", "Provider_Name": "Microsoft-Windows-AppXDeployment", "Computer": "DESKTOP-OFJ6N53", "TimeCreated": "2025-08-22 16:00:16.471395+00:00", "RecordID": "650992", "Level": "4", "UserID": "S-1-5-18", "EventData.PackageFamilyName": "Microsoft.AAD.BrokerPlugin_cw5n1h2txyewy"}
{"EventID": "325", "Channel": "Microsoft-Windows-AppXDeployment/Operational", "Provider_Name": "Microsoft-Windows-AppXDeployment", "Computer": "DESKTOP-OFJ6N53", "TimeCreated": "2025-08-22 16:05:26.658552+00:00", "RecordID": "650993", "Level": "4", "UserID": "S-1-5-18", "EventData.PackageFamilyName": "Microsoft.Windows.ContentDeliveryManager_cw5n1h2txyewy"}
{"EventID": "325", "Channel": "Microsoft-Windows-AppXDeployment/Operational", "Provider_Name": "Microsoft-Windows-AppXDeployment", "Computer": "DESKTOP-OFJ6N53", "TimeCreated": "2025-08-22 16:05:26.669256+00:00", "RecordID": "650994", "Level": "4", "UserID": "S-1-5-18", "EventData.PackageFamilyName": "Microsoft.Windows.ContentDeliveryManager_cw5n1h2txyewy"}
{"EventID": "325", "Channel": "Microsoft-Windows-AppXDeployment/Operational", "Provider_Name": "Microsoft-Windows-AppXDeployment", "Computer": "DESKTOP-OFJ6N53", "TimeCreated": "2025-08-22 16:05:27.298441+00:00", "RecordID": "650995", "Level": "4", "UserID": "S-1-5-18", "EventData.PackageFamilyName": "Microsoft.Windows.ContentDeliveryManager_cw5n1h2txyewy"}
{"EventID": "325", "Channel": "Microsoft-Windows-AppXDeployment/Operational", "Provider_Name": "Microsoft-Windows-AppXDeployment", "Computer": "DESKTOP-OFJ6N53", "TimeCreated": "2025-08-22 16:05:27.467731+00:00", "RecordID": "650996", "Level": "4", "UserID": "S-1-5-18", "EventData.PackageFamilyName": "Microsoft.AAD.BrokerPlugin_cw5n1h2txyewy"}
{"EventID": "325", "Channel": "Microsoft-Windows-AppXDeployment/Operational", "Provider_Name": "Microsoft-Windows-AppXDeployment", "Computer": "DESKTOP-OFJ6N53", "TimeCreated": "2025-08-22 16:05:27.483461+00:00", "RecordID": "650997", "Level": "4", "UserID": "S-1-5-18", "EventData.PackageFamilyName": "Microsoft.AAD.BrokerPlugin_cw5n1h2txyewy"}
{"EventID": "325", "Channel": "Microsoft-Windows-AppXDeployment/Operational", "Provider_Name": "Microsoft-Windows-AppXDeployment", "Computer": "DESKTOP-OFJ6N53", "TimeCreated": "2025-08-22 16:05:27.492764+00:00", "RecordID": "650998", "Level": "4", "UserID": "S-1-5-18", "EventData.PackageFamilyName": "Microsoft.AAD.BrokerPlugin_cw5n1h2txyewy"}
{"EventID": "325", "Channel": "Microsoft-Windows-AppXDeployment/Operational", "Provider_Name": "Microsoft-Windows-AppXDeployment", "Computer": "DESKTOP-OFJ6N53", "TimeCreated": "2025-08-22 16:05:34.011042+00:00", "RecordID": "650999", "Level": "4", "UserID": "S-1-5-18", "EventData.PackageFamilyName": "Microsoft.Windows.ContentDeliveryManager_cw5n1h2txyewy"}
{"EventID": "325", "Channel": "Microsoft-Windows-AppXDeployment/Operational", "Provider_Name": "Microsoft-Windows-AppXDeployment", "Computer": "DESKTOP-OFJ6N53", "TimeCreated": "2025-08-22 16:05:34.052637+00:00", "RecordID": "651000", "Level": "4", "UserID": "S-1-5-18", "EventData.PackageFamilyName": "Microsoft.Windows.ContentDeliveryManager_cw5n1h2txyewy"}
{"EventID": "325", "Channel": "Microsoft-Windows-AppXDeployment/Operational", "Provider_Name": "Microsoft-Windows-AppXDeployment", "Computer": "DESKTOP-OFJ6N53", "TimeCreated": "2025-08-22 16:05:34.155941+00:00", "RecordID": "651001", "Level": "4", "UserID": "S-1-5-18", "EventData.PackageFamilyName": "Microsoft.Windows.ContentDeliveryManager_cw5n1h2txyewy"}
{"EventID": "325", "Channel": "Microsoft-Windows-AppXDeployment/Operational", "Provider_Name": "Microsoft-Windows-AppXDeployment", "Computer": "DESKTOP-OFJ6N53", "TimeCreated": "2025-08-22 16:33:31.070847+00:00", "RecordID": "651002", "Level": "4", "UserID": "S-1-5-18", "EventData.PackageFamilyName": "Microsoft.AAD.BrokerPlugin_cw5n1h2txyewy"}
{"EventID": "325", "Channel": "Microsoft-Windows-AppXDeployment/Operational", "Provider_Name": "Microsoft-Windows-AppXDeployment", "Computer": "DESKTOP-OFJ6N53", "TimeCreated": "2025-08-22 16:33:31.087206+00:00", "RecordID": "651003", "Level": "4", "UserID": "S-1-5-18", "EventData.PackageFamilyName": "Microsoft.AAD.BrokerPlugin_cw5n1h2txyewy"}
{"EventID": "325", "Channel": "Microsoft-Windows-AppXDeployment/Operational", "Provider_Name": "Microsoft-Windows-AppXDeployment", "Computer": "DESKTOP-OFJ6N53", "TimeCreated": "2025-08-22 16:33:31.182014+00:00", "RecordID": "651004", "Level": "4", "UserID": "S-1-5-18", "EventData.PackageFamilyName": "Microsoft.AAD.BrokerPlugin_cw5n1h2txyewy"}
{"EventID": "325", "Channel": "Microsoft-Windows-AppXDeployment/Operational", "Provider_Name": "Microsoft-Windows-AppXDeployment", "Computer": "DESKTOP-OFJ6N53", "TimeCreated": "2025-08-22 16:33:31.195347+00:00", "RecordID": "651005", "Level": "4", "UserID": "S-1-5-18", "EventData.PackageFamilyName": "Microsoft.AAD.BrokerPlugin_cw5n1h2txyewy"}
{"EventID": "325", "Channel": "Microsoft-Windows-AppXDeployment/Operational", "Provider_Name": "Microsoft-Windows-AppXDeployment", "Computer": "DESKTOP-OFJ6N53", "TimeCreated": "2025-08-22 16:33:31.204943+00:00", "RecordID": "651006", "Level": "4", "UserID": "S-1-5-18", "EventData.PackageFamilyName": "Microsoft.AAD.BrokerPlugin_cw5n1h2txyewy"}
{"EventID": "325", "Channel": "Microsoft-Windows-AppXDeployment/Operational", "Provider_Name": "Microsoft-Windows-AppXDeployment", "Computer": "DESKTOP-OFJ6N53", "TimeCreated": "2025-08-22 16:33:31.292240+00:00", "RecordID": "651007", "Level": "4", "UserID": "S-1-5-18", "EventData.PackageFamilyName": "Microsoft.AAD.BrokerPlugin_cw5n1h2txyewy"}
{"EventID": "325", "Channel": "Microsoft-Windows-AppXDeployment/Operational", "Provider_Name": "Microsoft-Windows-AppXDeployment", "Computer": "DESKTOP-OFJ6N53", "TimeCreated": "2025-08-22 16:44:26.418539+00:00", "RecordID": "651008", "Level": "4", "UserID": "S-1-5-18", "EventData.PackageFamilyName": "MicrosoftWindows.Client.CBS_cw5n1h2txyewy"}
{"EventID": "325", "Channel": "Microsoft-Windows-AppXDeployment/Operational", "Provider_Name": "Microsoft-Windows-AppXDeployment", "Computer": "DESKTOP-OFJ6N53", "TimeCreated": "2025-08-22 16:44:26.430782+00:00", "RecordID": "651009", "Level": "4", "UserID": "S-1-5-18", "EventData.PackageFamilyName": "MicrosoftWindows.Client.CBS_cw5n1h2txyewy"}
{"EventID": "325", "Channel": "Microsoft-Windows-AppXDeployment/Operational", "Provider_Name": "Microsoft-Windows-AppXDeployment", "Computer": "DESKTOP-OFJ6N53", "TimeCreated": "2025-08-22 17:02:27.466269+00:00", "RecordID": "651010", "Level": "4", "UserID": "S-1-5-18", "EventData.PackageFamilyName": "Microsoft.YourPhone_8wekyb3d8bbwe"}
{"EventID": "325", "Channel": "Microsoft-Windows-AppXDeployment/Operational", "Provider_Name": "Microsoft-Windows-AppXDeployment", "Computer": "DESKTOP-OFJ6N53", "TimeCreated": "2025-08-22 17:02:27.483852+00:00", "RecordID": "651011", "Level": "4", "UserID": "S-1-5-18", "EventData.PackageFamilyName": "Microsoft.YourPhone_8wekyb3d8bbwe"}
{"EventID": "325", "Channel": "Microsoft-Windows-AppXDeployment/Operational", "Provider_Name": "Microsoft-Windows-AppXDeployment", "Computer": "DESKTOP-OFJ6N53", "TimeCreated": "2025-08-22 17:02:28.736889+00:00", "RecordID": "651012", "Level": "4", "UserID": "S-1-5-18", "EventData.PackageFamilyName": "Microsoft.YourPhone_8wekyb3d8bbwe"}
{"EventID": "325", "Channel": "Microsoft-Windows-AppXDeployment/Operational", "Provider_Name": "Microsoft-Windows-AppXDeployment", "Computer": "DESKTOP-OFJ6N53", "TimeCreated": "2025-08-22 17:23:28.226488+00:00", "RecordID": "651013", "Level": "4", "UserID": "S-1-5-18", "EventData.PackageFamilyName": "microsoft.windowscommunicationsapps_8wekyb3d8bbwe"}
{"EventID": "325", "Channel": "Microsoft-Windows-AppXDeployment/Operational", "Provider_Name": "Microsoft-Windows-AppXDeployment", "Computer": "DESKTOP-OFJ6N53", "TimeCreated": "2025-08-22 17:23:28.244644+00:00", "RecordID": "651014", "Level": "4", "UserID": "S-1-5-18", "EventData.PackageFamilyName": "microsoft.windowscommunicationsapps_8wekyb3d8bbwe"}
{"EventID": "325", "Channel": "Microsoft-Windows-AppXDeployment/Operational", "Provider_Name": "Microsoft-Windows-AppXDeployment", "Computer": "DESKTOP-OFJ6N53", "TimeCreated": "2025-08-22 17:24:41.565741+00:00", "RecordID": "651015", "Level": "4", "UserID": "S-1-5-18", "EventData.PackageFamilyName": "Microsoft.AAD.BrokerPlugin_cw5n1h2txyewy"}
{"EventID": "325", "Channel": "Microsoft-Windows-AppXDeployment/Operational", "Provider_Name": "Microsoft-Windows-AppXDeployment", "Computer": "DESKTOP-OFJ6N53", "TimeCreated": "2025-08-22 17:24:41.594505+00:00", "RecordID": "651016", "Level": "4", "UserID": "S-1-5-18", "EventData.PackageFamilyName": "Microsoft.AAD.BrokerPlugin_cw5n1h2txyewy"}
{"EventID": "325", "Channel": "Microsoft-Windows-AppXDeployment/Operational", "Provider_Name": "Microsoft-Windows-AppXDeployment", "Computer": "DESKTOP-OFJ6N53", "TimeCreated": "2025-08-22 17:24:41.606255+00:00", "RecordID": "651017", "Level": "4", "UserID": "S-1-5-18", "EventData.PackageFamilyName": "Microsoft.AAD.BrokerPlugin_cw5n1h2txyewy"}
{"EventID": "325", "Channel": "Microsoft-Windows-AppXDeployment/Operational", "Provider_Name": "Microsoft-Windows-AppXDeployment", "Computer": "DESKTOP-OFJ6N53", "TimeCreated": "2025-08-22 17:41:28.527525+00:00", "RecordID": "651018", "Level": "4", "UserID": "S-1-5-18", "EventData.PackageFamilyName": "Microsoft.Windows.Search_cw5n1h2txyewy"}
{"EventID": "325", "Channel": "Microsoft-Windows-AppXDeployment/Operational", "Provider_Name": "Microsoft-Windows-AppXDeployment", "Computer": "DESKTOP-OFJ6N53", "TimeCreated": "2025-08-22 17:41:28.538273+00:00", "RecordID": "651019", "Level": "4", "UserID": "S-1-5-18", "EventData.PackageFamilyName": "Microsoft.Windows.Search_cw5n1h2txyewy"}
{"EventID": "325", "Channel": "Microsoft-Windows-AppXDeployment/Operational", "Provider_Name": "Microsoft-Windows-AppXDeployment", "Computer": "DESKTOP-OFJ6N53", "TimeCreated": "2025-08-22 18:00:16.296284+00:00", "RecordID": "651020", "Level": "4", "UserID": "S-1-5-18", "EventData.PackageFamilyName": "Microsoft.AAD.BrokerPlugin_cw5n1h2txyewy"}
{"EventID": "325", "Channel": "Microsoft-Windows-AppXDeployment/Operational", "Provider_Name": "Microsoft-Windows-AppXDeployment", "Computer": "DESKTOP-OFJ6N53", "TimeCreated": "2025-08-22 18:00:16.331560+00:00", "RecordID": "651021", "Level": "4", "UserID": "S-1-5-18", "EventData.PackageFamilyName": "Microsoft.AAD.BrokerPlugin_cw5n1h2txyewy"}
{"EventID": "325", "Channel": "Microsoft-Windows-AppXDeployment/Operational", "Provider_Name": "Microsoft-Windows-AppXDeployment", "Computer": "DESKTOP-OFJ6N53", "TimeCreated": "2025-08-22 18:00:16.422298+00:00", "RecordID": "651022", "Level": "4", "UserID": "S-1-5-18", "EventData.PackageFamilyName": "Microsoft.AAD.BrokerPlugin_cw5n1h2txyewy"}
{"EventID": "325", "Channel": "Microsoft-Windows-AppXDeployment/Operational", "Provider_Name": "Microsoft-Windows-AppXDeployment", "Computer": "DESKTOP-OFJ6N53", "TimeCreated": "2025-08-22 18:41:00.681837+00:00", "RecordID": "651023", "Level": "4", "UserID": "S-1-5-18", "EventData.PackageFamilyName": "Microsoft.Windows.Search_cw5n1h2txyewy"}
{"EventID": "325", "Channel": "Microsoft-Windows-AppXDeployment/Operational", "Provider_Name": "Microsoft-Windows-AppXDeployment", "Computer": "DESKTOP-OFJ6N53", "TimeCreated": "2025-08-22 18:41:00.704096+00:00", "RecordID": "651024", "Level": "4", "UserID": "S-1-5-18", "EventData.PackageFamilyName": "Microsoft.Windows.Search_cw5n1h2txyewy"}
{"EventID": "325", "Channel": "Microsoft-Windows-AppXDeployment/Operational", "Provider_Name": "Microsoft-Windows-AppXDeployment", "Computer": "DESKTOP-OFJ6N53", "TimeCreated": "2025-08-22 18:41:00.732910+00:00", "RecordID": "651025", "Level": "4", "UserID": "S-1-5-18", "EventData.PackageFamilyName": "Microsoft.Windows.Search_cw5n1h2txyewy"}
{"EventID": "325", "Channel": "Microsoft-Windows-AppXDeployment/Operational", "Provider_Name": "Microsoft-Windows-AppXDeployment", "Computer": "DESKTOP-OFJ6N53", "TimeCreated": "2025-08-22 19:00:16.361555+00:00", "RecordID": "651026", "Level": "4", "UserID": "S-1-5-18", "EventData.PackageFamilyName": "Microsoft.AAD.BrokerPlugin_cw5n1h2txyewy"}
{"EventID": "325", "Channel": "Microsoft-Windows-AppXDeployment/Operational", "Provider_Name": "Microsoft-Windows-AppXDeployment", "Computer": "DESKTOP-OFJ6N53", "TimeCreated": "2025-08-22 19:00:16.390663+00:00", "RecordID": "651027", "Level": "4", "UserID": "S-1-5-18", "EventData.PackageFamilyName": "Microsoft.AAD.BrokerPlugin_cw5n1h2txyewy"}
{"EventID": "325", "Channel": "Microsoft-Windows-AppXDeployment/Operational", "Provider_Name": "Microsoft-Windows-AppXDeployment", "Computer": "DESKTOP-OFJ6N53", "TimeCreated": "2025-08-22 19:00:16.402626+00:00", "RecordID": "651028", "Level": "4", "UserID": "S-1-5-18", "EventData.PackageFamilyName": "Microsoft.AAD.BrokerPlugin_cw5n1h2txyewy"}
{"EventID": "325", "Channel": "Microsoft-Windows-AppXDeployment/Operational", "Provider_Name": "Microsoft-Windows-AppXDeployment", "Computer": "DESKTOP-OFJ6N53", "TimeCreated": "2025-08-22 19:25:01.889524+00:00", "RecordID": "651029", "Level": "4", "UserID": "S-1-5-18", "EventData.PackageFamilyName": "Microsoft.WindowsStore_8wekyb3d8bbwe"}
{"EventID": "325", "Channel": "Microsoft-Windows-AppXDeployment/Operational", "Provider_Name": "Microsoft-Windows-AppXDeployment", "Computer": "DESKTOP-OFJ6N53", "TimeCreated": "2025-08-22 19:25:01.905766+00:00", "RecordID": "651030", "Level": "4", "UserID": "S-1-5-18", "EventData.PackageFamilyName": "Microsoft.WindowsStore_8wekyb3d8bbwe"}
{"EventID": "325", "Channel": "Microsoft-Windows-AppXDeployment/Operational", "Provider_Name": "Microsoft-Windows-AppXDeployment", "Computer": "DESKTOP-OFJ6N53", "TimeCreated": "2025-08-22 19:40:29.623806+00:00", "RecordID": "651031", "Level": "4", "UserID": "S-1-5-18", "EventData.PackageFamilyName": "Microsoft.AAD.BrokerPlugin_cw5n1h2txyewy"}
{"EventID": "325", "Channel": "Microsoft-Windows-AppXDeployment/Operational", "Provider_Name": "Microsoft-Windows-AppXDeployment", "Computer": "DESKTOP-OFJ6N53", "TimeCreated": "2025-08-22 19:40:29.671076+00:00", "RecordID": "651032", "Level": "4", "UserID": "S-1-5-18", "EventData.PackageFamilyName": "Microsoft.AAD.BrokerPlugin_cw5n1h2txyewy"}
{"EventID": "325", "Channel": "Microsoft-Windows-AppXDeployment/Operational", "Provider_Name": "Microsoft-Windows-AppXDeployment", "Computer": "DESKTOP-OFJ6N53", "TimeCreated": "2025-08-22 19:40:29.681589+00:00", "RecordID": "651033", "Level": "4", "UserID": "S-1-5-18", "EventData.PackageFamilyName": "Microsoft.AAD.BrokerPlugin_cw5n1h2txyewy"}
{"EventID": "325", "Channel": "Microsoft-Windows-AppXDeployment/Operational", "Provider_Name": "Microsoft-Windows-AppXDeployment", "Computer": "DESKTOP-OFJ6N53", "TimeCreated": "2025-08-22 20:00:16.076105+00:00", "RecordID": "651034", "Level": "4", "UserID": "S-1-5-18", "EventData.PackageFamilyName": "Microsoft.AAD.BrokerPlugin_cw5n1h2txyewy"}
{"EventID": "325", "Channel": "Microsoft-Windows-AppXDeployment/Operational", "Provider_Name": "Microsoft-Windows-AppXDeployment", "Computer": "DESKTOP-OFJ6N53", "TimeCreated": "2025-08-22 20:00:16.218803+00:00", "RecordID": "651035", "Level": "4", "UserID": "S-1-5-18", "EventData.PackageFamilyName": "Microsoft.AAD.BrokerPlugin_cw5n1h2txyewy"}
{"EventID": "325", "Channel": "Microsoft-Windows-AppXDeployment/Operational", "Provider_Name": "Microsoft-Windows-AppXDeployment", "Computer": "DESKTOP-OFJ6N53", "TimeCreated": "2025-08-22 20:00:16.231379+00:00", "RecordID": "651036", "Level": "4", "UserID": "S-1-5-18", "EventData.PackageFamilyName": "Microsoft.AAD.BrokerPlugin_cw5n1h2txyewy"}
{"EventID": "325", "Channel": "Microsoft-Windows-AppXDeployment/Operational", "Provider_Name": "Microsoft-Windows-AppXDeployment", "Computer": "DESKTOP-OFJ6N53", "TimeCreated": "2025-08-22 20:05:03.019545+00:00", "RecordID": "651037", "Level": "4", "UserID": "S-1-5-18", "EventData.PackageFamilyName": "Microsoft.Windows.ContentDeliveryManager_cw5n1h2txyewy"}
{"EventID": "325", "Channel": "Microsoft-Windows-AppXDeployment/Operational", "Provider_Name": "Microsoft-Windows-AppXDeployment", "Computer": "DESKTOP-OFJ6N53", "TimeCreated": "2025-08-22 20:05:03.030735+00:00", "RecordID": "651038", "Level": "4", "UserID": "S-1-5-18", "EventData.PackageFamilyName": "Microsoft.Windows.ContentDeliveryManager_cw5n1h2txyewy"}
{"EventID": "325", "Channel": "Microsoft-Windows-AppXDeployment/Operational", "Provider_Name": "Microsoft-Windows-AppXDeployment", "Computer": "DESKTOP-OFJ6N53", "TimeCreated": "2025-08-22 20:05:03.197721+00:00", "RecordID": "651039", "Level": "4", "UserID": "S-1-5-18", "EventData.PackageFamilyName": "Microsoft.Windows.ContentDeliveryManager_cw5n1h2txyewy"}
{"EventID": "325", "Channel": "Microsoft-Windows-AppXDeployment/Operational", "Provider_Name": "Microsoft-Windows-AppXDeployment", "Computer": "DESKTOP-OFJ6N53", "TimeCreated": "2025-08-22 20:05:03.241978+00:00", "RecordID": "651040", "Level": "4", "UserID": "S-1-5-18", "EventData.PackageFamilyName": "Microsoft.Windows.ContentDeliveryManager_cw5n1h2txyewy"}
{"EventID": "325", "Channel": "Microsoft-Windows-AppXDeployment/Operational", "Provider_Name": "Microsoft-Windows-AppXDeployment", "Computer": "DESKTOP-OFJ6N53", "TimeCreated": "2025-08-22 20:06:03.014933+00:00", "RecordID": "651041", "Level": "4", "UserID": "S-1-5-18", "EventData.PackageFamilyName": "Microsoft.Windows.ContentDeliveryManager_cw5n1h2txyewy"}
{"EventID": "325", "Channel": "Microsoft-Windows-AppXDeployment/Operational", "Provider_Name": "Microsoft-Windows-AppXDeployment", "Computer": "DESKTOP-OFJ6N53", "TimeCreated": "2025-08-22 20:06:03.026701+00:00", "RecordID": "651042", "Level": "4", "UserID": "S-1-5-18", "EventData.PackageFamilyName": "Microsoft.Windows.ContentDeliveryManager_cw5n1h2txyewy"}
{"EventID": "325", "Channel": "Microsoft-Windows-AppXDeployment/Operational", "Provider_Name": "Microsoft-Windows-AppXDeployment", "Computer": "DESKTOP-OFJ6N53", "TimeCreated": "2025-08-22 20:06:03.192915+00:00", "RecordID": "651043", "Level": "4", "UserID": "S-1-5-18", "EventData.PackageFamilyName": "Microsoft.Windows.ContentDeliveryManager_cw5n1h2txyewy"}
{"EventID": "325", "Channel": "Microsoft-Windows-AppXDeployment/Operational", "Provider_Name": "Microsoft-Windows-AppXDeployment", "Computer": "DESKTOP-OFJ6N53", "TimeCreated": "2025-08-22 20:06:03.602896+00:00", "RecordID": "651044", "Level": "4", "UserID": "S-1-5-18", "EventData.PackageFamilyName": "Microsoft.AAD.BrokerPlugin_cw5n1h2txyewy"}
{"EventID": "325", "Channel": "Microsoft-Windows-AppXDeployment/Operational", "Provider_Name": "Microsoft-Windows-AppXDeployment", "Computer": "DESKTOP-OFJ6N53", "TimeCreated": "2025-08-22 20:06:03.691555+00:00", "RecordID": "651045", "Level": "4", "UserID": "S-1-5-18", "EventData.PackageFamilyName": "Microsoft.AAD.BrokerPlugin_cw5n1h2txyewy"}
{"EventID": "325", "Channel": "Microsoft-Windows-AppXDeployment/Operational", "Provider_Name": "Microsoft-Windows-AppXDeployment", "Computer": "DESKTOP-OFJ6N53", "TimeCreated": "2025-08-22 20:06:03.700783+00:00", "RecordID": "651046", "Level": "4", "UserID": "S-1-5-18", "EventData.PackageFamilyName": "Microsoft.AAD.BrokerPlugin_cw5n1h2txyewy"}
{"EventID": "325", "Channel": "Microsoft-Windows-AppXDeployment/Operational", "Provider_Name": "Microsoft-Windows-AppXDeployment", "Computer": "DESKTOP-OFJ6N53", "TimeCreated": "2025-08-22 20:06:15.384590+00:00", "RecordID": "651047", "Level": "4", "UserID": "S-1-5-18", "EventData.PackageFamilyName": "Microsoft.AAD.BrokerPlugin_cw5n1h2txyewy"}
{"EventID": "325", "Channel": "Microsoft-Windows-AppXDeployment/Operational", "Provider_Name": "Microsoft-Windows-AppXDeployment", "Computer": "DESKTOP-OFJ6N53", "TimeCreated": "2025-08-22 20:06:15.406536+00:00", "RecordID": "651048", "Level": "4", "UserID": "S-1-5-18", "EventData.PackageFamilyName": "Microsoft.AAD.BrokerPlugin_cw5n1h2txyewy"}
{"EventID": "325", "Channel": "Microsoft-Windows-AppXDeployment/Operational", "Provider_Name": "Microsoft-Windows-AppXDeployment", "Computer": "DESKTOP-OFJ6N53", "TimeCreated": "2025-08-22 20:06:15.416876+00:00", "RecordID": "651049", "Level": "4", "UserID": "S-1-5-18", "EventData.PackageFamilyName": "Microsoft.AAD.BrokerPlugin_cw5n1h2txyewy"}
{"EventID": "325", "Channel": "Microsoft-Windows-AppXDeployment/Operational", "Provider_Name": "Microsoft-Windows-AppXDeployment", "Computer": "DESKTOP-OFJ6N53", "TimeCreated": "2025-08-22 20:06:17.042103+00:00", "RecordID": "651050", "Level": "4", "UserID": "S-1-5-18", "EventData.PackageFamilyName": "Microsoft.Windows.ContentDeliveryManager_cw5n1h2txyewy"}
{"EventID": "325", "Channel": "Microsoft-Windows-AppXDeployment/Operational", "Provider_Name": "Microsoft-Windows-AppXDeployment", "Computer": "DESKTOP-OFJ6N53", "TimeCreated": "2025-08-22 20:06:17.227858+00:00", "RecordID": "651051", "Level": "4", "UserID": "S-1-5-18", "EventData.PackageFamilyName": "Microsoft.Windows.ContentDeliveryManager_cw5n1h2txyewy"}
{"EventID": "325", "Channel": "Microsoft-Windows-AppXDeployment/Operational", "Provider_Name": "Microsoft-Windows-AppXDeployment", "Computer": "DESKTOP-OFJ6N53", "TimeCreated": "2025-08-22 20:06:17.537437+00:00", "RecordID": "651052", "Level": "4", "UserID": "S-1-5-18", "EventData.PackageFamilyName": "Microsoft.Windows.ContentDeliveryManager_cw5n1h2txyewy"}
{"EventID": "325", "Channel": "Microsoft-Windows-AppXDeployment/Operational", "Provider_Name": "Microsoft-Windows-AppXDeployment", "Computer": "DESKTOP-OFJ6N53", "TimeCreated": "2025-08-22 20:06:17.821619+00:00", "RecordID": "651053", "Level": "4", "UserID": "S-1-5-18", "EventData.PackageFamilyName": "Microsoft.Windows.ContentDeliveryManager_cw5n1h2txyewy"}
{"EventID": "325", "Channel": "Microsoft-Windows-AppXDeployment/Operational", "Provider_Name": "Microsoft-Windows-AppXDeployment", "Computer": "DESKTOP-OFJ6N53", "TimeCreated": "2025-08-22 20:06:57.273256+00:00", "RecordID": "651054", "Level": "4", "UserID": "S-1-5-18", "EventData.PackageFamilyName": "Microsoft.Windows.ContentDeliveryManager_cw5n1h2txyewy"}
{"EventID": "325", "Channel": "Microsoft-Windows-AppXDeployment/Operational", "Provider_Name": "Microsoft-Windows-AppXDeployment", "Computer": "DESKTOP-OFJ6N53", "TimeCreated": "2025-08-22 20:06:57.284306+00:00", "RecordID": "651055", "Level": "4", "UserID": "S-1-5-18", "EventData.PackageFamilyName": "Microsoft.Windows.ContentDeliveryManager_cw5n1h2txyewy"}
{"EventID": "325", "Channel": "Microsoft-Windows-AppXDeployment/Operational", "Provider_Name": "Microsoft-Windows-AppXDeployment", "Computer": "DESKTOP-OFJ6N53", "TimeCreated": "2025-08-22 20:06:57.547632+00:00", "RecordID": "651056", "Level": "4", "UserID": "S-1-5-18", "EventData.PackageFamilyName": "Microsoft.Windows.ContentDeliveryManager_cw5n1h2txyewy"}
{"EventID": "325", "Channel": "Microsoft-Windows-AppXDeployment/Operational", "Provider_Name": "Microsoft-Windows-AppXDeployment", "Computer": "DESKTOP-OFJ6N53", "TimeCreated": "2025-08-22 20:25:03.974514+00:00", "RecordID": "651057", "Level": "4", "UserID": "S-1-5-18", "EventData.PackageFamilyName": "Microsoft.WindowsStore_8wekyb3d8bbwe"}
{"EventID": "325", "Channel": "Microsoft-Windows-AppXDeployment/Operational", "Provider_Name": "Microsoft-Windows-AppXDeployment", "Computer": "DESKTOP-OFJ6N53", "TimeCreated": "2025-08-22 20:25:04.078857+00:00", "RecordID": "651058", "Level": "4", "UserID": "S-1-5-18", "EventData.PackageFamilyName": "Microsoft.WindowsStore_8wekyb3d8bbwe"}
{"EventID": "325", "Channel": "Microsoft-Windows-AppXDeployment/Operational", "Provider_Name": "Microsoft-Windows-AppXDeployment", "Computer": "DESKTOP-OFJ6N53", "TimeCreated": "2025-08-22 20:25:04.090710+00:00", "RecordID": "651059", "Level": "4", "UserID": "S-1-5-18", "EventData.PackageFamilyName": "Microsoft.WindowsStore_8wekyb3d8bbwe"}
{"EventID": "325", "Channel": "Microsoft-Windows-AppXDeployment/Operational", "Provider_Name": "Microsoft-Windows-AppXDeployment", "Computer": "DESKTOP-OFJ6N53", "TimeCreated": "2025-08-22 20:25:04.103226+00:00", "RecordID": "651060", "Level": "4", "UserID": "S-1-5-18", "EventData.PackageFamilyName": "Microsoft.WindowsStore_8wekyb3d8bbwe"}
{"EventID": "325", "Channel": "Microsoft-Windows-AppXDeployment/Operational", "Provider_Name": "Microsoft-Windows-AppXDeployment", "Computer": "DESKTOP-OFJ6N53", "TimeCreated": "2025-08-22 20:41:04.386290+00:00", "RecordID": "651061", "Level": "4", "UserID": "S-1-5-18", "EventData.PackageFamilyName": "Microsoft.Windows.Search_cw5n1h2txyewy"}
{"EventID": "325", "Channel": "Microsoft-Windows-AppXDeployment/Operational", "Provider_Name": "Microsoft-Windows-AppXDeployment", "Computer": "DESKTOP-OFJ6N53", "TimeCreated": "2025-08-22 20:41:04.396908+00:00", "RecordID": "651062", "Level": "4", "UserID": "S-1-5-18", "EventData.PackageFamilyName": "Microsoft.Windows.Search_cw5n1h2txyewy"}
{"EventID": "325", "Channel": "Microsoft-Windows-AppXDeployment/Operational", "Provider_Name": "Microsoft-Windows-AppXDeployment", "Computer": "DESKTOP-OFJ6N53", "TimeCreated": "2025-08-22 21:00:16.580652+00:00", "RecordID": "651063", "Level": "4", "UserID": "S-1-5-18", "EventData.PackageFamilyName": "Microsoft.AAD.BrokerPlugin_cw5n1h2txyewy"}
{"EventID": "325", "Channel": "Microsoft-Windows-AppXDeployment/Operational", "Provider_Name": "Microsoft-Windows-AppXDeployment", "Computer": "DESKTOP-OFJ6N53", "TimeCreated": "2025-08-22 21:00:16.609095+00:00", "RecordID": "651064", "Level": "4", "UserID": "S-1-5-18", "EventData.PackageFamilyName": "Microsoft.AAD.BrokerPlugin_cw5n1h2txyewy"}
{"EventID": "325", "Channel": "Microsoft-Windows-AppXDeployment/Operational", "Provider_Name": "Microsoft-Windows-AppXDeployment", "Computer": "DESKTOP-OFJ6N53", "TimeCreated": "2025-08-22 21:00:16.769665+00:00", "RecordID": "651065", "Level": "4", "UserID": "S-1-5-18", "EventData.PackageFamilyName": "Microsoft.AAD.BrokerPlugin_cw5n1h2txyewy"}
{"EventID": "325", "Channel": "Microsoft-Windows-AppXDeployment/Operational", "Provider_Name": "Microsoft-Windows-AppXDeployment", "Computer": "DESKTOP-OFJ6N53", "TimeCreated": "2025-08-22 21:00:24.280352+00:00", "RecordID": "651066", "Level": "4", "UserID": "S-1-5-18", "EventData.PackageFamilyName": "Microsoft.AAD.BrokerPlugin_cw5n1h2txyewy"}
{"EventID": "325", "Channel": "Microsoft-Windows-AppXDeployment/Operational", "Provider_Name": "Microsoft-Windows-AppXDeployment", "Computer": "DESKTOP-OFJ6N53", "TimeCreated": "2025-08-22 21:00:24.295870+00:00", "RecordID": "651067", "Level": "4", "UserID": "S-1-5-18", "EventData.PackageFamilyName": "Microsoft.AAD.BrokerPlugin_cw5n1h2txyewy"}
{"EventID": "325", "Channel": "Microsoft-Windows-AppXDeployment/Operational", "Provider_Name": "Microsoft-Windows-AppXDeployment", "Computer": "DESKTOP-OFJ6N53", "TimeCreated": "2025-08-22 21:00:24.306273+00:00", "RecordID": "651068", "Level": "4", "UserID": "S-1-5-18", "EventData.PackageFamilyName": "Microsoft.AAD.BrokerPlugin_cw5n1h2txyewy"}
{"EventID": "325", "Channel": "Microsoft-Windows-AppXDeployment/Operational", "Provider_Name": "Microsoft-Windows-AppXDeployment", "Computer": "DESKTOP-OFJ6N53", "TimeCreated": "2025-08-22 21:00:30.693424+00:00", "RecordID": "651069", "Level": "4", "UserID": "S-1-5-18", "EventData.PackageFamilyName": "Microsoft.XboxGamingOverlay_8wekyb3d8bbwe"}
{"EventID": "325", "Channel": "Microsoft-Windows-AppXDeployment/Operational", "Provider_Name": "Microsoft-Windows-AppXDeployment", "Computer": "DESKTOP-OFJ6N53", "TimeCreated": "2025-08-22 21:00:30.704763+00:00", "RecordID": "651070", "Level": "4", "UserID": "S-1-5-18", "EventData.PackageFamilyName": "Microsoft.XboxGamingOverlay_8wekyb3d8bbwe"}
{"EventID": "325", "Channel": "Microsoft-Windows-AppXDeployment/Operational", "Provider_Name": "Microsoft-Windows-AppXDeployment", "Computer": "DESKTOP-OFJ6N53", "TimeCreated": "2025-08-22 21:00:31.090410+00:00", "RecordID": "651071", "Level": "4", "UserID": "S-1-5-18", "EventData.PackageFamilyName": "Microsoft.XboxGamingOverlay_8wekyb3d8bbwe"}
{"EventID": "325", "Channel": "Microsoft-Windows-AppXDeployment/Operational", "Provider_Name": "Microsoft-Windows-AppXDeployment", "Computer": "DESKTOP-OFJ6N53", "TimeCreated": "2025-08-22 22:04:39.305094+00:00", "RecordID": "651072", "Level": "4", "UserID": "S-1-5-18", "EventData.PackageFamilyName": "Microsoft.AAD.BrokerPlugin_cw5n1h2txyewy"}
{"EventID": "325", "Channel": "Microsoft-Windows-AppXDeployment/Operational", "Provider_Name": "Microsoft-Windows-AppXDeployment", "Computer": "DESKTOP-OFJ6N53", "TimeCreated": "2025-08-22 22:04:39.382393+00:00", "RecordID": "651073", "Level": "4", "UserID": "S-1-5-18", "EventData.PackageFamilyName": "Microsoft.AAD.BrokerPlugin_cw5n1h2txyewy"}
{"EventID": "325", "Channel": "Microsoft-Windows-AppXDeployment/Operational", "Provider_Name": "Microsoft-Windows-AppXDeployment", "Computer": "DESKTOP-OFJ6N53", "TimeCreated": "2025-08-22 22:04:39.392176+00:00", "RecordID": "651074", "Level": "4", "UserID": "S-1-5-18", "EventData.PackageFamilyName": "Microsoft.AAD.BrokerPlugin_cw5n1h2txyewy"}
{"EventID": "325", "Channel": "Microsoft-Windows-AppXDeployment/Operational", "Provider_Name": "Microsoft-Windows-AppXDeployment", "Computer": "DESKTOP-OFJ6N53", "TimeCreated": "2025-08-22 22:05:06.367437+00:00", "RecordID": "651075", "Level": "4", "UserID": "S-1-5-18", "EventData.PackageFamilyName": "Microsoft.Windows.ContentDeliveryManager_cw5n1h2txyewy"}
{"EventID": "325", "Channel": "Microsoft-Windows-AppXDeployment/Operational", "Provider_Name": "Microsoft-Windows-AppXDeployment", "Computer": "DESKTOP-OFJ6N53", "TimeCreated": "2025-08-22 22:05:06.485947+00:00", "RecordID": "651076", "Level": "4", "UserID": "S-1-5-18", "EventData.PackageFamilyName": "Microsoft.Windows.ContentDeliveryManager_cw5n1h2txyewy"}
{"EventID": "325", "Channel": "Microsoft-Windows-AppXDeployment/Operational", "Provider_Name": "Microsoft-Windows-AppXDeployment", "Computer": "DESKTOP-OFJ6N53", "TimeCreated": "2025-08-22 22:05:07.148851+00:00", "RecordID": "651077", "Level": "4", "UserID": "S-1-5-18", "EventData.PackageFamilyName": "Microsoft.Windows.ContentDeliveryManager_cw5n1h2txyewy"}
{"EventID": "325", "Channel": "Microsoft-Windows-AppXDeployment/Operational", "Provider_Name": "Microsoft-Windows-AppXDeployment", "Computer": "DESKTOP-OFJ6N53", "TimeCreated": "2025-08-22 22:05:07.420498+00:00", "RecordID": "651078", "Level": "4", "UserID": "S-1-5-18", "EventData.PackageFamilyName": "Microsoft.AAD.BrokerPlugin_cw5n1h2txyewy"}
{"EventID": "325", "Channel": "Microsoft-Windows-AppXDeployment/Operational", "Provider_Name": "Microsoft-Windows-AppXDeployment", "Computer": "DESKTOP-OFJ6N53", "TimeCreated": "2025-08-22 22:05:07.511095+00:00", "RecordID": "651079", "Level": "4", "UserID": "S-1-5-18", "EventData.PackageFamilyName": "Microsoft.AAD.BrokerPlugin_cw5n1h2txyewy"}
{"EventID": "325", "Channel": "Microsoft-Windows-AppXDeployment/Operational", "Provider_Name": "Microsoft-Windows-AppXDeployment", "Computer": "DESKTOP-OFJ6N53", "TimeCreated": "2025-08-22 22:05:07.603260+00:00", "RecordID": "651080", "Level": "4", "UserID": "S-1-5-18", "EventData.PackageFamilyName": "Microsoft.AAD.BrokerPlugin_cw5n1h2txyewy"}
{"EventID": "325", "Channel": "Microsoft-Windows-AppXDeployment/Operational", "Provider_Name": "Microsoft-Windows-AppXDeployment", "Computer": "DESKTOP-OFJ6N53", "TimeCreated": "2025-08-22 22:05:12.442142+00:00", "RecordID": "651081", "Level": "4", "UserID": "S-1-5-18", "EventData.PackageFamilyName": "Microsoft.Windows.ContentDeliveryManager_cw5n1h2txyewy"}
{"EventID": "325", "Channel": "Microsoft-Windows-AppXDeployment/Operational", "Provider_Name": "Microsoft-Windows-AppXDeployment", "Computer": "DESKTOP-OFJ6N53", "TimeCreated": "2025-08-22 22:05:12.482714+00:00", "RecordID": "651082", "Level": "4", "UserID": "S-1-5-18", "EventData.PackageFamilyName": "Microsoft.Windows.ContentDeliveryManager_cw5n1h2txyewy"}
{"EventID": "325", "Channel": "Microsoft-Windows-AppXDeployment/Operational", "Provider_Name": "Microsoft-Windows-AppXDeployment", "Computer": "DESKTOP-OFJ6N53", "TimeCreated": "2025-08-22 22:05:12.577448+00:00", "RecordID": "651083", "Level": "4", "UserID": "S-1-5-18", "EventData.PackageFamilyName": "Microsoft.Windows.ContentDeliveryManager_cw5n1h2txyewy"}
{"EventID": "325", "Channel": "Microsoft-Windows-AppXDeployment/Operational", "Provider_Name": "Microsoft-Windows-AppXDeployment", "Computer": "DESKTOP-OFJ6N53", "TimeCreated": "2025-08-22 22:41:07.219786+00:00", "RecordID": "651084", "Level": "4", "UserID": "S-1-5-18", "EventData.PackageFamilyName": "Microsoft.Windows.Search_cw5n1h2txyewy"}
{"EventID": "325", "Channel": "Microsoft-Windows-AppXDeployment/Operational", "Provider_Name": "Microsoft-Windows-AppXDeployment", "Computer": "DESKTOP-OFJ6N53", "TimeCreated": "2025-08-22 22:41:07.245127+00:00", "RecordID": "651085", "Level": "4", "UserID": "S-1-5-18", "EventData.PackageFamilyName": "Microsoft.Windows.Search_cw5n1h2txyewy"}
{"EventID": "325", "Channel": "Microsoft-Windows-AppXDeployment/Operational", "Provider_Name": "Microsoft-Windows-AppXDeployment", "Computer": "DESKTOP-OFJ6N53", "TimeCreated": "2025-08-22 22:41:07.281452+00:00", "RecordID": "651086", "Level": "4", "UserID": "S-1-5-18", "EventData.PackageFamilyName": "Microsoft.Windows.Search_cw5n1h2txyewy"}
{"EventID": "325", "Channel": "Microsoft-Windows-AppXDeployment/Operational", "Provider_Name": "Microsoft-Windows-AppXDeployment", "Computer": "DESKTOP-OFJ6N53", "TimeCreated": "2025-08-22 23:00:16.426764+00:00", "RecordID": "651087", "Level": "4", "UserID": "S-1-5-18", "EventData.PackageFamilyName": "Microsoft.AAD.BrokerPlugin_cw5n1h2txyewy"}
{"EventID": "325", "Channel": "Microsoft-Windows-AppXDeployment/Operational", "Provider_Name": "Microsoft-Windows-AppXDeployment", "Computer": "DESKTOP-OFJ6N53", "TimeCreated": "2025-08-22 23:00:16.451845+00:00", "RecordID": "651088", "Level": "4", "UserID": "S-1-5-18", "EventData.PackageFamilyName": "Microsoft.AAD.BrokerPlugin_cw5n1h2txyewy"}
{"EventID": "325", "Channel": "Microsoft-Windows-AppXDeployment/Operational", "Provider_Name": "Microsoft-Windows-AppXDeployment", "Computer": "DESKTOP-OFJ6N53", "TimeCreated": "2025-08-22 23:00:16.461519+00:00", "RecordID": "651089", "Level": "4", "UserID": "S-1-5-18", "EventData.PackageFamilyName": "Microsoft.AAD.BrokerPlugin_cw5n1h2txyewy"}
{"EventID": "325", "Channel": "Microsoft-Windows-AppXDeployment/Operational", "Provider_Name": "Microsoft-Windows-AppXDeployment", "Computer": "DESKTOP-OFJ6N53", "TimeCreated": "2025-08-22 23:30:02.919300+00:00", "RecordID": "651090", "Level": "4", "UserID": "S-1-5-18", "EventData.PackageFamilyName": "Microsoft.AAD.BrokerPlugin_cw5n1h2txyewy"}
{"EventID": "325", "Channel": "Microsoft-Windows-AppXDeployment/Operational", "Provider_Name": "Microsoft-Windows-AppXDeployment", "Computer": "DESKTOP-OFJ6N53", "TimeCreated": "2025-08-22 23:30:03.053778+00:00", "RecordID": "651091", "Level": "4", "UserID": "S-1-5-18", "EventData.PackageFamilyName": "Microsoft.AAD.BrokerPlugin_cw5n1h2txyewy"}
{"EventID": "325", "Channel": "Microsoft-Windows-AppXDeployment/Operational", "Provider_Name": "Microsoft-Windows-AppXDeployment", "Computer": "DESKTOP-OFJ6N53", "TimeCreated": "2025-08-22 23:30:03.063316+00:00", "RecordID": "651092", "Level": "4", "UserID": "S-1-5-18", "EventData.PackageFamilyName": "Microsoft.AAD.BrokerPlugin_cw5n1h2txyewy"}
{"EventID": "325", "Channel": "Microsoft-Windows-AppXDeployment/Operational", "Provider_Name": "Microsoft-Windows-AppXDeployment", "Computer": "DESKTOP-OFJ6N53", "TimeCreated": "2025-08-22 23:41:08.775637+00:00", "RecordID": "651093", "Level": "4", "UserID": "S-1-5-18", "EventData.PackageFamilyName": "Microsoft.Windows.Search_cw5n1h2txyewy"}
{"EventID": "325", "Channel": "Microsoft-Windows-AppXDeployment/Operational", "Provider_Name": "Microsoft-Windows-AppXDeployment", "Computer": "DESKTOP-OFJ6N53", "TimeCreated": "2025-08-22 23:41:08.786070+00:00", "RecordID": "651094", "Level": "4", "UserID": "S-1-5-18", "EventData.PackageFamilyName": "Microsoft.Windows.Search_cw5n1h2txyewy"}
{"EventID": "325", "Channel": "Microsoft-Windows-AppXDeployment/Operational", "Provider_Name": "Microsoft-Windows-AppXDeployment", "Computer": "DESKTOP-OFJ6N53", "TimeCreated": "2025-08-23 00:00:16.361004+00:00", "RecordID": "651095", "Level": "4", "UserID": "S-1-5-18", "EventData.PackageFamilyName": "Microsoft.AAD.BrokerPlugin_cw5n1h2txyewy"}
{"EventID": "325", "Channel": "Microsoft-Windows-AppXDeployment/Operational", "Provider_Name": "Microsoft-Windows-AppXDeployment", "Computer": "DESKTOP-OFJ6N53", "TimeCreated": "2025-08-23 00:00:16.389843+00:00", "RecordID": "651096", "Level": "4", "UserID": "S-1-5-18", "EventData.PackageFamilyName": "Microsoft.AAD.BrokerPlugin_cw5n1h2txyewy"}
{"EventID": "325", "Channel": "Microsoft-Windows-AppXDeployment/Operational", "Provider_Name": "Microsoft-Windows-AppXDeployment", "Computer": "DESKTOP-OFJ6N53", "TimeCreated": "2025-08-23 00:00:16.400185+00:00", "RecordID": "651097", "Level": "4", "UserID": "S-1-5-18", "EventData.PackageFamilyName": "Microsoft.AAD.BrokerPlugin_cw5n1h2txyewy"}
{"EventID": "325", "Channel": "Microsoft-Windows-AppXDeployment/Operational", "Provider_Name": "Microsoft-Windows-AppXDeployment", "Computer": "DESKTOP-OFJ6N53", "TimeCreated": "2025-08-23 00:09:01.501478+00:00", "RecordID": "651098", "Level": "4", "UserID": "S-1-5-18", "EventData.PackageFamilyName": "Microsoft.AAD.BrokerPlugin_cw5n1h2txyewy"}
