{"EventID": "1", "Channel": "Microsoft-Windows-CloudStore/Operational", "Provider_Name": "Microsoft-Windows-CloudStore", "Computer": "DESKTOP-OFJ6N53", "TimeCreated": "2022-02-24 08:27:19.824539+00:00", "RecordID": "1", "Level": "2", "UserID": "S-1-5-21-963789628-1060504924-4285088085-1000", "EventData.ProcessName": null, "EventData.Type": "0", "EventData.ErrorCode": "2147943712", "EventData.File": "onecoreuap\\shell\\cloudstore\\common\\src\\effectivecontext.cpp", "EventData.LineNumber": "414"}
{"EventID": "1", "Channel": "Microsoft-Windows-CloudStore/Operational", "Provider_Name": "Microsoft-Windows-CloudStore", "Computer": "DESKTOP-OFJ6N53", "TimeCreated": "2022-02-24 08:27:19.851334+00:00", "RecordID": "2", "Level": "2", "UserID": "S-1-5-21-963789628-1060504924-4285088085-1000", "EventData.ProcessName": null, "EventData.Type": "1", "EventData.ErrorCode": "2147943712", "EventData.File": "onecoreuap\\shell\\cloudstore\\store\\cache\\src\\cloudcacheinitializer.cpp", "EventData.LineNumber": "314"}
{"EventID": "1", "Channel": "Microsoft-Windows-CloudStore/Operational", "Provider_Name": "Microsoft-Windows-CloudStore", "Computer": "DESKTOP-OFJ6N53", "TimeCreated": "2022-02-24 08:27:31.327789+00:00", "RecordID": "3", "Level": "2", "UserID": "S-1-5-21-963789628-1060504924-4285088085-1000", "EventData.ProcessName": null, "EventData.Type": "0", "EventData.ErrorCode": "2147943712", "EventData.File": "onecoreuap\\shell\\cloudstore\\common\\src\\effectivecontext.cpp", "EventData.LineNumber": "414"}
{"EventID": "1", "Channel": "Microsoft-Windows-CloudStore/Operational", "Provider_Name": "Microsoft-Windows-CloudStore", "Computer": "DESKTOP-OFJ6N53", "TimeCreated": "2022-02-24 08:27:31.328110+00:00", "RecordID": "4", "Level": "2", "UserID": "S-1-5-21-963789628-1060504924-4285088085-1000", "EventData.ProcessName": null, "EventData.Type": "1", "EventData.ErrorCode": "2147943712", "EventData.File": "onecoreuap\\shell\\cloudstore\\store\\cache\\src\\cloudcacheinitializer.cpp", "EventData.LineNumber": "314"}
{"EventID": "1", "Channel": "Microsoft-Windows-CloudStore/Operational", "Provider_Name": "Microsoft-Windows-CloudStore", "Computer": "DESKTOP-OFJ6N53", "TimeCreated": "2022-02-24 08:27:31.709045+00:00", "RecordID": "5", "Level": "2", "UserID": "S-1-5-21-963789628-1060504924-4285088085-1000", "EventData.ProcessName": null, "EventData.Type": "0", "EventData.ErrorCode": "2147943712", "EventData.File": "onecoreuap\\shell\\cloudstore\\common\\src\\effectivecontext.cpp", "EventData.LineNumber": "414"}
{"EventID": "1", "Channel": "Microsoft-Windows-CloudStore/Operational", "Provider_Name": "Microsoft-Windows-CloudStore", "Computer": "DESKTOP-OFJ6N53", "TimeCreated": "2022-02-24 08:27:31.709227+00:00", "RecordID": "6", "Level": "2", "UserID": "S-1-5-21-963789628-1060504924-4285088085-1000", "EventData.ProcessName": null, "EventData.Type": "1", "EventData.ErrorCode": "2147943712", "EventData.File": "onecoreuap\\shell\\cloudstore\\store\\cache\\src\\cloudcacheinitializer.cpp", "EventData.LineNumber": "314"}
{"EventID": "3013", "Channel": "Microsoft-Windows-CloudStore/Operational", "Provider_Name": "Microsoft-Windows-CloudStore", "Computer": "DESKTOP-OFJ6N53", "TimeCreated": "2022-02-24 08:27:35.824924+00:00", "RecordID": "7", "Level": "3", "UserID": "S-1-5-21-963789628-1060504924-4285088085-1000", "EventData.Id": "default$windows.data.bluelightreduction.settings|windows.data.bluelightreduction.settings", "EventData.ErrorCode": "2147746053"}
{"EventID": "3013", "Channel": "Microsoft-Windows-CloudStore/Operational", "Provider_Name": "Microsoft-Windows-CloudStore", "Computer": "DESKTOP-OFJ6N53", "TimeCreated": "2022-02-24 08:27:35.863407+00:00", "RecordID": "8", "Level": "3", "UserID": "S-1-5-21-963789628-1060504924-4285088085-1000", "EventData.Id": "default$windows.data.bluelightreduction.bluelightreductionstate|windows.data.bluelightreduction.bluelightreductionstate", "EventData.ErrorCode": "2147746053"}
{"EventID": "3013", "Channel": "Microsoft-Windows-CloudStore/Operational", "Provider_Name": "Microsoft-Windows-CloudStore", "Computer": "DESKTOP-OFJ6N53", "TimeCreated": "2022-02-24 08:27:35.867149+00:00", "RecordID": "9", "Level": "3", "UserID": "S-1-5-21-963789628-1060504924-4285088085-1000", "EventData.Id": "default$windows.data.bluelightreduction.settings|windows.data.bluelightreduction.settings", "EventData.ErrorCode": "2147746053"}
{"EventID": "1", "Channel": "Microsoft-Windows-CloudStore/Operational", "Provider_Name": "Microsoft-Windows-CloudStore", "Computer": "DESKTOP-OFJ6N53", "TimeCreated": "2022-02-24 09:08:33.296761+00:00", "RecordID": "10", "Level": "2", "UserID": "S-1-5-21-963789628-1060504924-4285088085-1001", "EventData.ProcessName": null, "EventData.Type": "0", "EventData.ErrorCode": "2147943712", "EventData.File": "onecoreuap\\shell\\cloudstore\\common\\src\\effectivecontext.cpp", "EventData.LineNumber": "414"}
{"EventID": "1", "Channel": "Microsoft-Windows-CloudStore/Operational", "Provider_Name": "Microsoft-Windows-CloudStore", "Computer": "DESKTOP-OFJ6N53", "TimeCreated": "2022-02-24 09:08:33.307899+00:00", "RecordID": "11", "Level": "2", "UserID": "S-1-5-21-963789628-1060504924-4285088085-1001", "EventData.ProcessName": null, "EventData.Type": "1", "EventData.ErrorCode": "2147943712", "EventData.File": "onecoreuap\\shell\\cloudstore\\store\\cache\\src\\cloudcacheinitializer.cpp", "EventData.LineNumber": "314"}
{"EventID": "1", "Channel": "Microsoft-Windows-CloudStore/Operational", "Provider_Name": "Microsoft-Windows-CloudStore", "Computer": "DESKTOP-OFJ6N53", "TimeCreated": "2022-02-24 09:08:46.587736+00:00", "RecordID": "12", "Level": "2", "UserID": "S-1-5-21-963789628-1060504924-4285088085-1001", "EventData.ProcessName": null, "EventData.Type": "0", "EventData.ErrorCode": "2147943712", "EventData.File": "onecoreuap\\shell\\cloudstore\\common\\src\\effectivecontext.cpp", "EventData.LineNumber": "414"}
{"EventID": "1", "Channel": "Microsoft-Windows-CloudStore/Operational", "Provider_Name": "Microsoft-Windows-CloudStore", "Computer": "DESKTOP-OFJ6N53", "TimeCreated": "2022-02-24 09:08:46.587984+00:00", "RecordID": "13", "Level": "2", "UserID": "S-1-5-21-963789628-1060504924-4285088085-1001", "EventData.ProcessName": null, "EventData.Type": "1", "EventData.ErrorCode": "2147943712", "EventData.File": "onecoreuap\\shell\\cloudstore\\store\\cache\\src\\cloudcacheinitializer.cpp", "EventData.LineNumber": "314"}
{"EventID": "1", "Channel": "Microsoft-Windows-CloudStore/Operational", "Provider_Name": "Microsoft-Windows-CloudStore", "Computer": "DESKTOP-OFJ6N53", "TimeCreated": "2022-02-24 09:08:47.975918+00:00", "RecordID": "14", "Level": "2", "UserID": "S-1-5-21-963789628-1060504924-4285088085-1001", "EventData.ProcessName": null, "EventData.Type": "0", "EventData.ErrorCode": "2147943712", "EventData.File": "onecoreuap\\shell\\cloudstore\\common\\src\\effectivecontext.cpp", "EventData.LineNumber": "414"}
{"EventID": "1", "Channel": "Microsoft-Windows-CloudStore/Operational", "Provider_Name": "Microsoft-Windows-CloudStore", "Computer": "DESKTOP-OFJ6N53", "TimeCreated": "2022-02-24 09:08:47.976112+00:00", "RecordID": "15", "Level": "2", "UserID": "S-1-5-21-963789628-1060504924-4285088085-1001", "EventData.ProcessName": null, "EventData.Type": "1", "EventData.ErrorCode": "2147943712", "EventData.File": "onecoreuap\\shell\\cloudstore\\store\\cache\\src\\cloudcacheinitializer.cpp", "EventData.LineNumber": "314"}
{"EventID": "3013", "Channel": "Microsoft-Windows-CloudStore/Operational", "Provider_Name": "Microsoft-Windows-CloudStore", "Computer": "DESKTOP-OFJ6N53", "TimeCreated": "2022-02-24 09:09:04.173550+00:00", "RecordID": "16", "Level": "3", "UserID": "S-1-5-21-963789628-1060504924-4285088085-1001", "EventData.Id": "default$windows.data.bluelightreduction.settings|windows.data.bluelightreduction.settings", "EventData.ErrorCode": "2147746053"}
{"EventID": "3013", "Channel": "Microsoft-Windows-CloudStore/Operational", "Provider_Name": "Microsoft-Windows-CloudStore", "Computer": "DESKTOP-OFJ6N53", "TimeCreated": "2022-02-24 09:09:04.178110+00:00", "RecordID": "17", "Level": "3", "UserID": "S-1-5-21-963789628-1060504924-4285088085-1001", "EventData.Id": "default$windows.data.bluelightreduction.bluelightreductionstate|windows.data.bluelightreduction.bluelightreductionstate", "EventData.ErrorCode": "2147746053"}
{"EventID": "3013", "Channel": "Microsoft-Windows-CloudStore/Operational", "Provider_Name": "Microsoft-Windows-CloudStore", "Computer": "DESKTOP-OFJ6N53", "TimeCreated": "2022-02-24 09:09:04.186111+00:00", "RecordID": "18", "Level": "3", "UserID": "S-1-5-21-963789628-1060504924-4285088085-1001", "EventData.Id": "default$windows.data.bluelightreduction.settings|windows.data.bluelightreduction.settings", "EventData.ErrorCode": "2147746053"}
{"EventID": "3013", "Channel": "Microsoft-Windows-CloudStore/Operational", "Provider_Name": "Microsoft-Windows-CloudStore", "Computer": "DESKTOP-OFJ6N53", "TimeCreated": "2022-02-24 09:10:17.556812+00:00", "RecordID": "19", "Level": "3", "UserID": "S-1-5-21-963789628-1060504924-4285088085-1001", "EventData.Id": "default$windows.data.globalization.culture.culturesettings|windows.data.globalization.culture.culturesettings", "EventData.ErrorCode": "2147746053"}
{"EventID": "3013", "Channel": "Microsoft-Windows-CloudStore/Operational", "Provider_Name": "Microsoft-Windows-CloudStore", "Computer": "DESKTOP-OFJ6N53", "TimeCreated": "2022-02-24 09:10:17.974251+00:00", "RecordID": "20", "Level": "3", "UserID": "S-1-5-21-963789628-1060504924-4285088085-1001", "EventData.Id": "default$windows.data.input.devices.pensyncedsettings|windows.data.input.devices.pensyncedsettings", "EventData.ErrorCode": "2147746053"}
{"EventID": "3013", "Channel": "Microsoft-Windows-CloudStore/Operational", "Provider_Name": "Microsoft-Windows-CloudStore", "Computer": "DESKTOP-OFJ6N53", "TimeCreated": "2022-02-24 09:10:17.981924+00:00", "RecordID": "21", "Level": "3", "UserID": "S-1-5-21-963789628-1060504924-4285088085-1001", "EventData.Id": "default$windows.data.input.devices.mousesyncedsettings|windows.data.input.devices.mousesyncedsettings", "EventData.ErrorCode": "2147746053"}
{"EventID": "3013", "Channel": "Microsoft-Windows-CloudStore/Operational", "Provider_Name": "Microsoft-Windows-CloudStore", "Computer": "DESKTOP-OFJ6N53", "TimeCreated": "2022-02-24 09:10:17.987511+00:00", "RecordID": "22", "Level": "3", "UserID": "S-1-5-21-963789628-1060504924-4285088085-1001", "EventData.Id": "default$windows.data.input.devices.touchpadsyncedsettings|windows.data.input.devices.touchpadsyncedsettings", "EventData.ErrorCode": "2147746053"}
{"EventID": "3013", "Channel": "Microsoft-Windows-CloudStore/Operational", "Provider_Name": "Microsoft-Windows-CloudStore", "Computer": "DESKTOP-OFJ6N53", "TimeCreated": "2022-02-24 09:10:17.990387+00:00", "RecordID": "23", "Level": "3", "UserID": "S-1-5-21-963789628-1060504924-4285088085-1001", "EventData.Id": "default$windows.data.input.devices.pensyncedsettings|windows.data.input.devices.pensyncedsettings", "EventData.ErrorCode": "2147746053"}
{"EventID": "1", "Channel": "Microsoft-Windows-CloudStore/Operational", "Provider_Name": "Microsoft-Windows-CloudStore", "Computer": "DESKTOP-OFJ6N53", "TimeCreated": "2022-02-24 12:38:12.355299+00:00", "RecordID": "24", "Level": "2", "UserID": "S-1-5-21-963789628-1060504924-4285088085-1001", "EventData.ProcessName": null, "EventData.Type": "0", "EventData.ErrorCode": "2147943712", "EventData.File": "onecoreuap\\shell\\cloudstore\\common\\src\\effectivecontext.cpp", "EventData.LineNumber": "414"}
{"EventID": "1", "Channel": "Microsoft-Windows-CloudStore/Operational", "Provider_Name": "Microsoft-Windows-CloudStore", "Computer": "DESKTOP-OFJ6N53", "TimeCreated": "2022-02-24 12:38:12.404966+00:00", "RecordID": "25", "Level": "2", "UserID": "S-1-5-21-963789628-1060504924-4285088085-1001", "EventData.ProcessName": null, "EventData.Type": "1", "EventData.ErrorCode": "2147943712", "EventData.File": "onecoreuap\\shell\\cloudstore\\store\\cache\\src\\cloudcacheinitializer.cpp", "EventData.LineNumber": "314"}
{"EventID": "1", "Channel": "Microsoft-Windows-CloudStore/Operational", "Provider_Name": "Microsoft-Windows-CloudStore", "Computer": "DESKTOP-OFJ6N53", "TimeCreated": "2022-02-24 12:38:12.942423+00:00", "RecordID": "26", "Level": "2", "UserID": "S-1-5-21-963789628-1060504924-4285088085-1001", "EventData.ProcessName": null, "EventData.Type": "0", "EventData.ErrorCode": "2147943712", "EventData.File": "onecoreuap\\shell\\cloudstore\\common\\src\\effectivecontext.cpp", "EventData.LineNumber": "414"}
{"EventID": "1", "Channel": "Microsoft-Windows-CloudStore/Operational", "Provider_Name": "Microsoft-Windows-CloudStore", "Computer": "DESKTOP-OFJ6N53", "TimeCreated": "2022-02-24 12:38:12.943954+00:00", "RecordID": "27", "Level": "2", "UserID": "S-1-5-21-963789628-1060504924-4285088085-1001", "EventData.ProcessName": null, "EventData.Type": "1", "EventData.ErrorCode": "2147943712", "EventData.File": "onecoreuap\\shell\\cloudstore\\store\\cache\\src\\cloudcacheinitializer.cpp", "EventData.LineNumber": "314"}
{"EventID": "1", "Channel": "Microsoft-Windows-CloudStore/Operational", "Provider_Name": "Microsoft-Windows-CloudStore", "Computer": "DESKTOP-OFJ6N53", "TimeCreated": "2022-02-24 12:52:09.881241+00:00", "RecordID": "28", "Level": "2", "UserID": "S-1-5-21-963789628-1060504924-4285088085-1001", "EventData.ProcessName": null, "EventData.Type": "0", "EventData.ErrorCode": "2147943712", "EventData.File": "onecoreuap\\shell\\cloudstore\\common\\src\\effectivecontext.cpp", "EventData.LineNumber": "414"}
{"EventID": "1", "Channel": "Microsoft-Windows-CloudStore/Operational", "Provider_Name": "Microsoft-Windows-CloudStore", "Computer": "DESKTOP-OFJ6N53", "TimeCreated": "2022-02-24 12:52:09.903078+00:00", "RecordID": "29", "Level": "2", "UserID": "S-1-5-21-963789628-1060504924-4285088085-1001", "EventData.ProcessName": null, "EventData.Type": "1", "EventData.ErrorCode": "2147943712", "EventData.File": "onecoreuap\\shell\\cloudstore\\store\\cache\\src\\cloudcacheinitializer.cpp", "EventData.LineNumber": "314"}
{"EventID": "1", "Channel": "Microsoft-Windows-CloudStore/Operational", "Provider_Name": "Microsoft-Windows-CloudStore", "Computer": "DESKTOP-OFJ6N53", "TimeCreated": "2022-02-24 12:52:10.323191+00:00", "RecordID": "30", "Level": "2", "UserID": "S-1-5-21-963789628-1060504924-4285088085-1001", "EventData.ProcessName": null, "EventData.Type": "0", "EventData.ErrorCode": "2147943712", "EventData.File": "onecoreuap\\shell\\cloudstore\\common\\src\\effectivecontext.cpp", "EventData.LineNumber": "414"}
{"EventID": "1", "Channel": "Microsoft-Windows-CloudStore/Operational", "Provider_Name": "Microsoft-Windows-CloudStore", "Computer": "DESKTOP-OFJ6N53", "TimeCreated": "2022-02-24 12:52:10.324940+00:00", "RecordID": "31", "Level": "2", "UserID": "S-1-5-21-963789628-1060504924-4285088085-1001", "EventData.ProcessName": null, "EventData.Type": "1", "EventData.ErrorCode": "2147943712", "EventData.File": "onecoreuap\\shell\\cloudstore\\store\\cache\\src\\cloudcacheinitializer.cpp", "EventData.LineNumber": "314"}
{"EventID": "1", "Channel": "Microsoft-Windows-CloudStore/Operational", "Provider_Name": "Microsoft-Windows-CloudStore", "Computer": "DESKTOP-OFJ6N53", "TimeCreated": "2022-02-24 15:08:07.438330+00:00", "RecordID": "32", "Level": "2", "UserID": "S-1-5-18", "EventData.ProcessName": "PCHealthCheck.exe", "EventData.Type": "0", "EventData.ErrorCode": "2147943712", "EventData.File": "onecoreuap\\shell\\cloudstore\\common\\src\\effectivecontext.cpp", "EventData.LineNumber": "414"}
{"EventID": "1", "Channel": "Microsoft-Windows-CloudStore/Operational", "Provider_Name": "Microsoft-Windows-CloudStore", "Computer": "DESKTOP-OFJ6N53", "TimeCreated": "2022-02-24 15:08:07.518784+00:00", "RecordID": "33", "Level": "2", "UserID": "S-1-5-18", "EventData.ProcessName": "PCHealthCheck.exe", "EventData.Type": "1", "EventData.ErrorCode": "2147943712", "EventData.File": "onecoreuap\\shell\\cloudstore\\store\\api\\src\\cloudstorepolicy.cpp", "EventData.LineNumber": "337"}
{"EventID": "1", "Channel": "Microsoft-Windows-CloudStore/Operational", "Provider_Name": "Microsoft-Windows-CloudStore", "Computer": "DESKTOP-OFJ6N53", "TimeCreated": "2022-02-24 15:08:08.243027+00:00", "RecordID": "34", "Level": "2", "UserID": "S-1-5-18", "EventData.ProcessName": "PCHealthCheck.exe", "EventData.Type": "0", "EventData.ErrorCode": "2147943712", "EventData.File": "onecoreuap\\shell\\cloudstore\\common\\src\\effectivecontext.cpp", "EventData.LineNumber": "414"}
{"EventID": "1", "Channel": "Microsoft-Windows-CloudStore/Operational", "Provider_Name": "Microsoft-Windows-CloudStore", "Computer": "DESKTOP-OFJ6N53", "TimeCreated": "2022-02-24 15:08:08.243153+00:00", "RecordID": "35", "Level": "2", "UserID": "S-1-5-18", "EventData.ProcessName": "PCHealthCheck.exe", "EventData.Type": "1", "EventData.ErrorCode": "2147943712", "EventData.File": "onecoreuap\\shell\\cloudstore\\store\\api\\src\\cloudstorepolicy.cpp", "EventData.LineNumber": "337"}
{"EventID": "1", "Channel": "Microsoft-Windows-CloudStore/Operational", "Provider_Name": "Microsoft-Windows-CloudStore", "Computer": "DESKTOP-OFJ6N53", "TimeCreated": "2022-02-24 15:08:08.330208+00:00", "RecordID": "36", "Level": "2", "UserID": "S-1-5-18", "EventData.ProcessName": "PCHealthCheck.exe", "EventData.Type": "0", "EventData.ErrorCode": "2147943712", "EventData.File": "onecoreuap\\shell\\cloudstore\\common\\src\\effectivecontext.cpp", "EventData.LineNumber": "414"}
{"EventID": "1", "Channel": "Microsoft-Windows-CloudStore/Operational", "Provider_Name": "Microsoft-Windows-CloudStore", "Computer": "DESKTOP-OFJ6N53", "TimeCreated": "2022-02-24 15:08:08.330284+00:00", "RecordID": "37", "Level": "2", "UserID": "S-1-5-18", "EventData.ProcessName": "PCHealthCheck.exe", "EventData.Type": "1", "EventData.ErrorCode": "2147943712", "EventData.File": "onecoreuap\\shell\\cloudstore\\store\\api\\src\\cloudstorepolicy.cpp", "EventData.LineNumber": "337"}
{"EventID": "1", "Channel": "Microsoft-Windows-CloudStore/Operational", "Provider_Name": "Microsoft-Windows-CloudStore", "Computer": "DESKTOP-OFJ6N53", "TimeCreated": "2022-02-24 21:44:13.811707+00:00", "RecordID": "38", "Level": "2", "UserID": "S-1-5-21-963789628-1060504924-4285088085-1001", "EventData.ProcessName": null, "EventData.Type": "0", "EventData.ErrorCode": "2147943712", "EventData.File": "onecoreuap\\shell\\cloudstore\\common\\src\\effectivecontext.cpp", "EventData.LineNumber": "414"}
{"EventID": "1", "Channel": "Microsoft-Windows-CloudStore/Operational", "Provider_Name": "Microsoft-Windows-CloudStore", "Computer": "DESKTOP-OFJ6N53", "TimeCreated": "2022-02-24 21:44:13.819139+00:00", "RecordID": "39", "Level": "2", "UserID": "S-1-5-21-963789628-1060504924-4285088085-1001", "EventData.ProcessName": null, "EventData.Type": "1", "EventData.ErrorCode": "2147943712", "EventData.File": "onecoreuap\\shell\\cloudstore\\store\\cache\\src\\cloudcacheinitializer.cpp", "EventData.LineNumber": "348"}
{"EventID": "1", "Channel": "Microsoft-Windows-CloudStore/Operational", "Provider_Name": "Microsoft-Windows-CloudStore", "Computer": "DESKTOP-OFJ6N53", "TimeCreated": "2022-02-24 21:44:14.103590+00:00", "RecordID": "40", "Level": "2", "UserID": "S-1-5-21-963789628-1060504924-4285088085-1001", "EventData.ProcessName": null, "EventData.Type": "0", "EventData.ErrorCode": "2147943712", "EventData.File": "onecoreuap\\shell\\cloudstore\\common\\src\\effectivecontext.cpp", "EventData.LineNumber": "414"}
{"EventID": "1", "Channel": "Microsoft-Windows-CloudStore/Operational", "Provider_Name": "Microsoft-Windows-CloudStore", "Computer": "DESKTOP-OFJ6N53", "TimeCreated": "2022-02-24 21:44:14.103773+00:00", "RecordID": "41", "Level": "2", "UserID": "S-1-5-21-963789628-1060504924-4285088085-1001", "EventData.ProcessName": null, "EventData.Type": "1", "EventData.ErrorCode": "2147943712", "EventData.File": "onecoreuap\\shell\\cloudstore\\store\\cache\\src\\cloudcacheinitializer.cpp", "EventData.LineNumber": "348"}
{"EventID": "3013", "Channel": "Microsoft-Windows-CloudStore/Operational", "Provider_Name": "Microsoft-Windows-CloudStore", "Computer": "DESKTOP-OFJ6N53", "TimeCreated": "2022-02-28 14:18:13.953644+00:00", "RecordID": "42", "Level": "3", "UserID": "S-1-5-21-963789628-1060504924-4285088085-1001", "EventData.Id": "default$windows.data.bluelightreduction.bluelightreductionstate|windows.data.bluelightreduction.bluelightreductionstate", "EventData.ErrorCode": "2147746053"}
{"EventID": "3013", "Channel": "Microsoft-Windows-CloudStore/Operational", "Provider_Name": "Microsoft-Windows-CloudStore", "Computer": "DESKTOP-OFJ6N53", "TimeCreated": "2022-02-28 16:58:09.183020+00:00", "RecordID": "43", "Level": "3", "UserID": "S-1-5-21-963789628-1060504924-4285088085-1001", "EventData.Id": "default$windows.data.controlcenter.uistate|windows.data.controlcenter.uistate", "EventData.ErrorCode": "2147746053"}
{"EventID": "3013", "Channel": "Microsoft-Windows-CloudStore/Operational", "Provider_Name": "Microsoft-Windows-CloudStore", "Computer": "DESKTOP-OFJ6N53", "TimeCreated": "2022-02-28 16:58:09.188835+00:00", "RecordID": "44", "Level": "3", "UserID": "S-1-5-21-963789628-1060504924-4285088085-1001", "EventData.Id": "default$windows.data.controlcenter.uistate|windows.data.controlcenter.uistate", "EventData.ErrorCode": "2147746053"}
{"EventID": "1", "Channel": "Microsoft-Windows-CloudStore/Operational", "Provider_Name": "Microsoft-Windows-CloudStore", "Computer": "DESKTOP-OFJ6N53", "TimeCreated": "2022-03-03 17:18:30.197870+00:00", "RecordID": "45", "Level": "2", "UserID": "S-1-5-21-963789628-1060504924-4285088085-1001", "EventData.ProcessName": null, "EventData.Type": "0", "EventData.ErrorCode": "2147943712", "EventData.File": "onecoreuap\\shell\\cloudstore\\common\\src\\effectivecontext.cpp", "EventData.LineNumber": "414"}
{"EventID": "1", "Channel": "Microsoft-Windows-CloudStore/Operational", "Provider_Name": "Microsoft-Windows-CloudStore", "Computer": "DESKTOP-OFJ6N53", "TimeCreated": "2022-03-03 17:18:30.206701+00:00", "RecordID": "46", "Level": "2", "UserID": "S-1-5-21-963789628-1060504924-4285088085-1001", "EventData.ProcessName": null, "EventData.Type": "1", "EventData.ErrorCode": "2147943712", "EventData.File": "onecoreuap\\shell\\cloudstore\\store\\cache\\src\\cloudcacheinitializer.cpp", "EventData.LineNumber": "348"}
{"EventID": "1", "Channel": "Microsoft-Windows-CloudStore/Operational", "Provider_Name": "Microsoft-Windows-CloudStore", "Computer": "DESKTOP-OFJ6N53", "TimeCreated": "2022-03-03 17:18:33.711794+00:00", "RecordID": "47", "Level": "2", "UserID": "S-1-5-21-963789628-1060504924-4285088085-1001", "EventData.ProcessName": null, "EventData.Type": "0", "EventData.ErrorCode": "2147943712", "EventData.File": "onecoreuap\\shell\\cloudstore\\common\\src\\effectivecontext.cpp", "EventData.LineNumber": "414"}
{"EventID": "1", "Channel": "Microsoft-Windows-CloudStore/Operational", "Provider_Name": "Microsoft-Windows-CloudStore", "Computer": "DESKTOP-OFJ6N53", "TimeCreated": "2022-03-03 17:18:33.711983+00:00", "RecordID": "48", "Level": "2", "UserID": "S-1-5-21-963789628-1060504924-4285088085-1001", "EventData.ProcessName": null, "EventData.Type": "1", "EventData.ErrorCode": "2147943712", "EventData.File": "onecoreuap\\shell\\cloudstore\\store\\cache\\src\\cloudcacheinitializer.cpp", "EventData.LineNumber": "348"}
{"EventID": "1", "Channel": "Microsoft-Windows-CloudStore/Operational", "Provider_Name": "Microsoft-Windows-CloudStore", "Computer": "DESKTOP-OFJ6N53", "TimeCreated": "2022-03-09 07:31:46.945429+00:00", "RecordID": "49", "Level": "2", "UserID": "S-1-5-21-963789628-1060504924-4285088085-1001", "EventData.ProcessName": null, "EventData.Type": "0", "EventData.ErrorCode": "2147943712", "EventData.File": "onecoreuap\\shell\\cloudstore\\common\\src\\effectivecontext.cpp", "EventData.LineNumber": "414"}
{"EventID": "1", "Channel": "Microsoft-Windows-CloudStore/Operational", "Provider_Name": "Microsoft-Windows-CloudStore", "Computer": "DESKTOP-OFJ6N53", "TimeCreated": "2022-03-09 07:31:46.956778+00:00", "RecordID": "50", "Level": "2", "UserID": "S-1-5-21-963789628-1060504924-4285088085-1001", "EventData.ProcessName": null, "EventData.Type": "1", "EventData.ErrorCode": "2147943712", "EventData.File": "onecoreuap\\shell\\cloudstore\\store\\cache\\src\\cloudcacheinitializer.cpp", "EventData.LineNumber": "348"}
{"EventID": "1", "Channel": "Microsoft-Windows-CloudStore/Operational", "Provider_Name": "Microsoft-Windows-CloudStore", "Computer": "DESKTOP-OFJ6N53", "TimeCreated": "2022-03-09 07:31:50.587662+00:00", "RecordID": "51", "Level": "2", "UserID": "S-1-5-21-963789628-1060504924-4285088085-1001", "EventData.ProcessName": null, "EventData.Type": "0", "EventData.ErrorCode": "2147943712", "EventData.File": "onecoreuap\\shell\\cloudstore\\common\\src\\effectivecontext.cpp", "EventData.LineNumber": "414"}
{"EventID": "1", "Channel": "Microsoft-Windows-CloudStore/Operational", "Provider_Name": "Microsoft-Windows-CloudStore", "Computer": "DESKTOP-OFJ6N53", "TimeCreated": "2022-03-09 07:31:50.587864+00:00", "RecordID": "52", "Level": "2", "UserID": "S-1-5-21-963789628-1060504924-4285088085-1001", "EventData.ProcessName": null, "EventData.Type": "1", "EventData.ErrorCode": "2147943712", "EventData.File": "onecoreuap\\shell\\cloudstore\\store\\cache\\src\\cloudcacheinitializer.cpp", "EventData.LineNumber": "348"}
{"EventID": "1", "Channel": "Microsoft-Windows-CloudStore/Operational", "Provider_Name": "Microsoft-Windows-CloudStore", "Computer": "DESKTOP-OFJ6N53", "TimeCreated": "2022-03-09 10:16:54.952427+00:00", "RecordID": "53", "Level": "2", "UserID": "S-1-5-21-963789628-1060504924-4285088085-1001", "EventData.ProcessName": null, "EventData.Type": "0", "EventData.ErrorCode": "2147943712", "EventData.File": "onecoreuap\\shell\\cloudstore\\common\\src\\effectivecontext.cpp", "EventData.LineNumber": "414"}
{"EventID": "1", "Channel": "Microsoft-Windows-CloudStore/Operational", "Provider_Name": "Microsoft-Windows-CloudStore", "Computer": "DESKTOP-OFJ6N53", "TimeCreated": "2022-03-09 10:16:54.958290+00:00", "RecordID": "54", "Level": "2", "UserID": "S-1-5-21-963789628-1060504924-4285088085-1001", "EventData.ProcessName": null, "EventData.Type": "1", "EventData.ErrorCode": "2147943712", "EventData.File": "onecoreuap\\shell\\cloudstore\\store\\cache\\src\\cloudcacheinitializer.cpp", "EventData.LineNumber": "348"}
{"EventID": "1", "Channel": "Microsoft-Windows-CloudStore/Operational", "Provider_Name": "Microsoft-Windows-CloudStore", "Computer": "DESKTOP-OFJ6N53", "TimeCreated": "2022-03-09 10:16:55.733305+00:00", "RecordID": "55", "Level": "2", "UserID": "S-1-5-21-963789628-1060504924-4285088085-1001", "EventData.ProcessName": null, "EventData.Type": "0", "EventData.ErrorCode": "2147943712", "EventData.File": "onecoreuap\\shell\\cloudstore\\common\\src\\effectivecontext.cpp", "EventData.LineNumber": "414"}
{"EventID": "1", "Channel": "Microsoft-Windows-CloudStore/Operational", "Provider_Name": "Microsoft-Windows-CloudStore", "Computer": "DESKTOP-OFJ6N53", "TimeCreated": "2022-03-09 10:16:55.733547+00:00", "RecordID": "56", "Level": "2", "UserID": "S-1-5-21-963789628-1060504924-4285088085-1001", "EventData.ProcessName": null, "EventData.Type": "1", "EventData.ErrorCode": "2147943712", "EventData.File": "onecoreuap\\shell\\cloudstore\\store\\cache\\src\\cloudcacheinitializer.cpp", "EventData.LineNumber": "348"}
{"EventID": "1", "Channel": "Microsoft-Windows-CloudStore/Operational", "Provider_Name": "Microsoft-Windows-CloudStore", "Computer": "DESKTOP-OFJ6N53", "TimeCreated": "2022-03-09 11:07:51.652893+00:00", "RecordID": "57", "Level": "2", "UserID": "S-1-5-21-963789628-1060504924-4285088085-1001", "EventData.ProcessName": null, "EventData.Type": "0", "EventData.ErrorCode": "2147943712", "EventData.File": "onecoreuap\\shell\\cloudstore\\common\\src\\effectivecontext.cpp", "EventData.LineNumber": "414"}
{"EventID": "1", "Channel": "Microsoft-Windows-CloudStore/Operational", "Provider_Name": "Microsoft-Windows-CloudStore", "Computer": "DESKTOP-OFJ6N53", "TimeCreated": "2022-03-09 11:07:51.667442+00:00", "RecordID": "58", "Level": "2", "UserID": "S-1-5-21-963789628-1060504924-4285088085-1001", "EventData.ProcessName": null, "EventData.Type": "1", "EventData.ErrorCode": "2147943712", "EventData.File": "onecoreuap\\shell\\cloudstore\\store\\cache\\src\\cloudcacheinitializer.cpp", "EventData.LineNumber": "348"}
{"EventID": "1", "Channel": "Microsoft-Windows-CloudStore/Operational", "Provider_Name": "Microsoft-Windows-CloudStore", "Computer": "DESKTOP-OFJ6N53", "TimeCreated": "2022-03-09 11:07:55.747547+00:00", "RecordID": "59", "Level": "2", "UserID": "S-1-5-21-963789628-1060504924-4285088085-1001", "EventData.ProcessName": null, "EventData.Type": "0", "EventData.ErrorCode": "2147943712", "EventData.File": "onecoreuap\\shell\\cloudstore\\common\\src\\effectivecontext.cpp", "EventData.LineNumber": "414"}
{"EventID": "1", "Channel": "Microsoft-Windows-CloudStore/Operational", "Provider_Name": "Microsoft-Windows-CloudStore", "Computer": "DESKTOP-OFJ6N53", "TimeCreated": "2022-03-09 11:07:55.747751+00:00", "RecordID": "60", "Level": "2", "UserID": "S-1-5-21-963789628-1060504924-4285088085-1001", "EventData.ProcessName": null, "EventData.Type": "1", "EventData.ErrorCode": "2147943712", "EventData.File": "onecoreuap\\shell\\cloudstore\\store\\cache\\src\\cloudcacheinitializer.cpp", "EventData.LineNumber": "348"}
{"EventID": "1", "Channel": "Microsoft-Windows-CloudStore/Operational", "Provider_Name": "Microsoft-Windows-CloudStore", "Computer": "DESKTOP-OFJ6N53", "TimeCreated": "2022-03-10 14:20:16.833155+00:00", "RecordID": "61", "Level": "2", "UserID": "S-1-5-21-963789628-1060504924-4285088085-1001", "EventData.ProcessName": null, "EventData.Type": "0", "EventData.ErrorCode": "2147943712", "EventData.File": "onecoreuap\\shell\\cloudstore\\common\\src\\effectivecontext.cpp", "EventData.LineNumber": "414"}
{"EventID": "1", "Channel": "Microsoft-Windows-CloudStore/Operational", "Provider_Name": "Microsoft-Windows-CloudStore", "Computer": "DESKTOP-OFJ6N53", "TimeCreated": "2022-03-10 14:20:16.843695+00:00", "RecordID": "62", "Level": "2", "UserID": "S-1-5-21-963789628-1060504924-4285088085-1001", "EventData.ProcessName": null, "EventData.Type": "1", "EventData.ErrorCode": "2147943712", "EventData.File": "onecoreuap\\shell\\cloudstore\\store\\cache\\src\\cloudcacheinitializer.cpp", "EventData.LineNumber": "348"}
{"EventID": "1", "Channel": "Microsoft-Windows-CloudStore/Operational", "Provider_Name": "Microsoft-Windows-CloudStore", "Computer": "DESKTOP-OFJ6N53", "TimeCreated": "2022-03-10 14:20:20.476406+00:00", "RecordID": "63", "Level": "2", "UserID": "S-1-5-21-963789628-1060504924-4285088085-1001", "EventData.ProcessName": null, "EventData.Type": "0", "EventData.ErrorCode": "2147943712", "EventData.File": "onecoreuap\\shell\\cloudstore\\common\\src\\effectivecontext.cpp", "EventData.LineNumber": "414"}
{"EventID": "1", "Channel": "Microsoft-Windows-CloudStore/Operational", "Provider_Name": "Microsoft-Windows-CloudStore", "Computer": "DESKTOP-OFJ6N53", "TimeCreated": "2022-03-10 14:20:20.476614+00:00", "RecordID": "64", "Level": "2", "UserID": "S-1-5-21-963789628-1060504924-4285088085-1001", "EventData.ProcessName": null, "EventData.Type": "1", "EventData.ErrorCode": "2147943712", "EventData.File": "onecoreuap\\shell\\cloudstore\\store\\cache\\src\\cloudcacheinitializer.cpp", "EventData.LineNumber": "348"}
{"EventID": "1", "Channel": "Microsoft-Windows-CloudStore/Operational", "Provider_Name": "Microsoft-Windows-CloudStore", "Computer": "DESKTOP-OFJ6N53", "TimeCreated": "2022-03-10 16:25:32.927063+00:00", "RecordID": "65", "Level": "2", "UserID": "S-1-5-21-963789628-1060504924-4285088085-1001", "EventData.ProcessName": null, "EventData.Type": "0", "EventData.ErrorCode": "2147943712", "EventData.File": "onecoreuap\\shell\\cloudstore\\common\\src\\effectivecontext.cpp", "EventData.LineNumber": "414"}
{"EventID": "1", "Channel": "Microsoft-Windows-CloudStore/Operational", "Provider_Name": "Microsoft-Windows-CloudStore", "Computer": "DESKTOP-OFJ6N53", "TimeCreated": "2022-03-10 16:25:32.934166+00:00", "RecordID": "66", "Level": "2", "UserID": "S-1-5-21-963789628-1060504924-4285088085-1001", "EventData.ProcessName": null, "EventData.Type": "1", "EventData.ErrorCode": "2147943712", "EventData.File": "onecoreuap\\shell\\cloudstore\\store\\cache\\src\\cloudcacheinitializer.cpp", "EventData.LineNumber": "348"}
{"EventID": "1", "Channel": "Microsoft-Windows-CloudStore/Operational", "Provider_Name": "Microsoft-Windows-CloudStore", "Computer": "DESKTOP-OFJ6N53", "TimeCreated": "2022-03-10 16:25:36.013035+00:00", "RecordID": "67", "Level": "2", "UserID": "S-1-5-21-963789628-1060504924-4285088085-1001", "EventData.ProcessName": null, "EventData.Type": "0", "EventData.ErrorCode": "2147943712", "EventData.File": "onecoreuap\\shell\\cloudstore\\common\\src\\effectivecontext.cpp", "EventData.LineNumber": "414"}
{"EventID": "1", "Channel": "Microsoft-Windows-CloudStore/Operational", "Provider_Name": "Microsoft-Windows-CloudStore", "Computer": "DESKTOP-OFJ6N53", "TimeCreated": "2022-03-10 16:25:36.013241+00:00", "RecordID": "68", "Level": "2", "UserID": "S-1-5-21-963789628-1060504924-4285088085-1001", "EventData.ProcessName": null, "EventData.Type": "1", "EventData.ErrorCode": "2147943712", "EventData.File": "onecoreuap\\shell\\cloudstore\\store\\cache\\src\\cloudcacheinitializer.cpp", "EventData.LineNumber": "348"}
{"EventID": "1", "Channel": "Microsoft-Windows-CloudStore/Operational", "Provider_Name": "Microsoft-Windows-CloudStore", "Computer": "DESKTOP-OFJ6N53", "TimeCreated": "2022-03-16 10:12:46.136978+00:00", "RecordID": "69", "Level": "2", "UserID": "S-1-5-21-963789628-1060504924-4285088085-1001", "EventData.ProcessName": null, "EventData.Type": "0", "EventData.ErrorCode": "2147943712", "EventData.File": "onecoreuap\\shell\\cloudstore\\common\\src\\effectivecontext.cpp", "EventData.LineNumber": "414"}
{"EventID": "1", "Channel": "Microsoft-Windows-CloudStore/Operational", "Provider_Name": "Microsoft-Windows-CloudStore", "Computer": "DESKTOP-OFJ6N53", "TimeCreated": "2022-03-16 10:12:46.147192+00:00", "RecordID": "70", "Level": "2", "UserID": "S-1-5-21-963789628-1060504924-4285088085-1001", "EventData.ProcessName": null, "EventData.Type": "1", "EventData.ErrorCode": "2147943712", "EventData.File": "onecoreuap\\shell\\cloudstore\\store\\cache\\src\\cloudcacheinitializer.cpp", "EventData.LineNumber": "348"}
{"EventID": "1", "Channel": "Microsoft-Windows-CloudStore/Operational", "Provider_Name": "Microsoft-Windows-CloudStore", "Computer": "DESKTOP-OFJ6N53", "TimeCreated": "2022-03-16 10:12:51.040016+00:00", "RecordID": "71", "Level": "2", "UserID": "S-1-5-21-963789628-1060504924-4285088085-1001", "EventData.ProcessName": null, "EventData.Type": "0", "EventData.ErrorCode": "2147943712", "EventData.File": "onecoreuap\\shell\\cloudstore\\common\\src\\effectivecontext.cpp", "EventData.LineNumber": "414"}
{"EventID": "1", "Channel": "Microsoft-Windows-CloudStore/Operational", "Provider_Name": "Microsoft-Windows-CloudStore", "Computer": "DESKTOP-OFJ6N53", "TimeCreated": "2022-03-16 10:12:51.040236+00:00", "RecordID": "72", "Level": "2", "UserID": "S-1-5-21-963789628-1060504924-4285088085-1001", "EventData.ProcessName": null, "EventData.Type": "1", "EventData.ErrorCode": "2147943712", "EventData.File": "onecoreuap\\shell\\cloudstore\\store\\cache\\src\\cloudcacheinitializer.cpp", "EventData.LineNumber": "348"}
{"EventID": "1", "Channel": "Microsoft-Windows-CloudStore/Operational", "Provider_Name": "Microsoft-Windows-CloudStore", "Computer": "DESKTOP-OFJ6N53", "TimeCreated": "2022-04-13 15:58:17.222258+00:00", "RecordID": "73", "Level": "2", "UserID": "S-1-5-21-963789628-1060504924-4285088085-1001", "EventData.ProcessName": null, "EventData.Type": "0", "EventData.ErrorCode": "2147943712", "EventData.File": "onecoreuap\\shell\\cloudstore\\common\\src\\effectivecontext.cpp", "EventData.LineNumber": "414"}
{"EventID": "1", "Channel": "Microsoft-Windows-CloudStore/Operational", "Provider_Name": "Microsoft-Windows-CloudStore", "Computer": "DESKTOP-OFJ6N53", "TimeCreated": "2022-04-13 15:58:17.246092+00:00", "RecordID": "74", "Level": "2", "UserID": "S-1-5-21-963789628-1060504924-4285088085-1001", "EventData.ProcessName": null, "EventData.Type": "1", "EventData.ErrorCode": "2147943712", "EventData.File": "onecoreuap\\shell\\cloudstore\\store\\cache\\src\\cloudcacheinitializer.cpp", "EventData.LineNumber": "348"}
{"EventID": "1", "Channel": "Microsoft-Windows-CloudStore/Operational", "Provider_Name": "Microsoft-Windows-CloudStore", "Computer": "DESKTOP-OFJ6N53", "TimeCreated": "2022-04-13 15:58:18.102190+00:00", "RecordID": "75", "Level": "2", "UserID": "S-1-5-21-963789628-1060504924-4285088085-1001", "EventData.ProcessName": null, "EventData.Type": "0", "EventData.ErrorCode": "2147943712", "EventData.File": "onecoreuap\\shell\\cloudstore\\common\\src\\effectivecontext.cpp", "EventData.LineNumber": "414"}
{"EventID": "1", "Channel": "Microsoft-Windows-CloudStore/Operational", "Provider_Name": "Microsoft-Windows-CloudStore", "Computer": "DESKTOP-OFJ6N53", "TimeCreated": "2022-04-13 15:58:18.102665+00:00", "RecordID": "76", "Level": "2", "UserID": "S-1-5-21-963789628-1060504924-4285088085-1001", "EventData.ProcessName": null, "EventData.Type": "1", "EventData.ErrorCode": "2147943712", "EventData.File": "onecoreuap\\shell\\cloudstore\\store\\cache\\src\\cloudcacheinitializer.cpp", "EventData.LineNumber": "348"}
{"EventID": "1", "Channel": "Microsoft-Windows-CloudStore/Operational", "Provider_Name": "Microsoft-Windows-CloudStore", "Computer": "DESKTOP-OFJ6N53", "TimeCreated": "2022-04-22 06:42:25.854252+00:00", "RecordID": "77", "Level": "2", "UserID": "S-1-5-18", "EventData.ProcessName": "PCHealthCheck.exe", "EventData.Type": "0", "EventData.ErrorCode": "2147943712", "EventData.File": "onecoreuap\\shell\\cloudstore\\common\\src\\effectivecontext.cpp", "EventData.LineNumber": "414"}
{"EventID": "1", "Channel": "Microsoft-Windows-CloudStore/Operational", "Provider_Name": "Microsoft-Windows-CloudStore", "Computer": "DESKTOP-OFJ6N53", "TimeCreated": "2022-04-22 06:42:25.869242+00:00", "RecordID": "78", "Level": "2", "UserID": "S-1-5-18", "EventData.ProcessName": "PCHealthCheck.exe", "EventData.Type": "1", "EventData.ErrorCode": "2147943712", "EventData.File": "onecoreuap\\shell\\cloudstore\\store\\api\\src\\cloudstorepolicy.cpp", "EventData.LineNumber": "337"}
{"EventID": "1", "Channel": "Microsoft-Windows-CloudStore/Operational", "Provider_Name": "Microsoft-Windows-CloudStore", "Computer": "DESKTOP-OFJ6N53", "TimeCreated": "2022-04-22 06:42:26.700085+00:00", "RecordID": "79", "Level": "2", "UserID": "S-1-5-18", "EventData.ProcessName": "PCHealthCheck.exe", "EventData.Type": "0", "EventData.ErrorCode": "2147943712", "EventData.File": "onecoreuap\\shell\\cloudstore\\common\\src\\effectivecontext.cpp", "EventData.LineNumber": "414"}
{"EventID": "1", "Channel": "Microsoft-Windows-CloudStore/Operational", "Provider_Name": "Microsoft-Windows-CloudStore", "Computer": "DESKTOP-OFJ6N53", "TimeCreated": "2022-04-22 06:42:26.701456+00:00", "RecordID": "80", "Level": "2", "UserID": "S-1-5-18", "EventData.ProcessName": "PCHealthCheck.exe", "EventData.Type": "1", "EventData.ErrorCode": "2147943712", "EventData.File": "onecoreuap\\shell\\cloudstore\\store\\api\\src\\cloudstorepolicy.cpp", "EventData.LineNumber": "337"}
{"EventID": "1", "Channel": "Microsoft-Windows-CloudStore/Operational", "Provider_Name": "Microsoft-Windows-CloudStore", "Computer": "DESKTOP-OFJ6N53", "TimeCreated": "2022-04-22 06:42:26.723337+00:00", "RecordID": "81", "Level": "2", "UserID": "S-1-5-18", "EventData.ProcessName": "PCHealthCheck.exe", "EventData.Type": "0", "EventData.ErrorCode": "2147943712", "EventData.File": "onecoreuap\\shell\\cloudstore\\common\\src\\effectivecontext.cpp", "EventData.LineNumber": "414"}
{"EventID": "1", "Channel": "Microsoft-Windows-CloudStore/Operational", "Provider_Name": "Microsoft-Windows-CloudStore", "Computer": "DESKTOP-OFJ6N53", "TimeCreated": "2022-04-22 06:42:26.723400+00:00", "RecordID": "82", "Level": "2", "UserID": "S-1-5-18", "EventData.ProcessName": "PCHealthCheck.exe", "EventData.Type": "1", "EventData.ErrorCode": "2147943712", "EventData.File": "onecoreuap\\shell\\cloudstore\\store\\api\\src\\cloudstorepolicy.cpp", "EventData.LineNumber": "337"}
{"EventID": "1", "Channel": "Microsoft-Windows-CloudStore/Operational", "Provider_Name": "Microsoft-Windows-CloudStore", "Computer": "DESKTOP-OFJ6N53", "TimeCreated": "2022-05-05 10:01:38.736547+00:00", "RecordID": "83", "Level": "2", "UserID": "S-1-5-21-963789628-1060504924-4285088085-1001", "EventData.ProcessName": null, "EventData.Type": "0", "EventData.ErrorCode": "2147943712", "EventData.File": "onecoreuap\\shell\\cloudstore\\common\\src\\effectivecontext.cpp", "EventData.LineNumber": "414"}
{"EventID": "1", "Channel": "Microsoft-Windows-CloudStore/Operational", "Provider_Name": "Microsoft-Windows-CloudStore", "Computer": "DESKTOP-OFJ6N53", "TimeCreated": "2022-05-05 10:01:38.800095+00:00", "RecordID": "84", "Level": "2", "UserID": "S-1-5-21-963789628-1060504924-4285088085-1001", "EventData.ProcessName": null, "EventData.Type": "1", "EventData.ErrorCode": "2147943712", "EventData.File": "onecoreuap\\shell\\cloudstore\\store\\cache\\src\\cloudcacheinitializer.cpp", "EventData.LineNumber": "348"}
{"EventID": "1", "Channel": "Microsoft-Windows-CloudStore/Operational", "Provider_Name": "Microsoft-Windows-CloudStore", "Computer": "DESKTOP-OFJ6N53", "TimeCreated": "2022-05-05 10:01:39.840050+00:00", "RecordID": "85", "Level": "2", "UserID": "S-1-5-21-963789628-1060504924-4285088085-1001", "EventData.ProcessName": null, "EventData.Type": "0", "EventData.ErrorCode": "2147943712", "EventData.File": "onecoreuap\\shell\\cloudstore\\common\\src\\effectivecontext.cpp", "EventData.LineNumber": "414"}
{"EventID": "1", "Channel": "Microsoft-Windows-CloudStore/Operational", "Provider_Name": "Microsoft-Windows-CloudStore", "Computer": "DESKTOP-OFJ6N53", "TimeCreated": "2022-05-05 10:01:39.840258+00:00", "RecordID": "86", "Level": "2", "UserID": "S-1-5-21-963789628-1060504924-4285088085-1001", "EventData.ProcessName": null, "EventData.Type": "1", "EventData.ErrorCode": "2147943712", "EventData.File": "onecoreuap\\shell\\cloudstore\\store\\cache\\src\\cloudcacheinitializer.cpp", "EventData.LineNumber": "348"}
{"EventID": "1", "Channel": "Microsoft-Windows-CloudStore/Operational", "Provider_Name": "Microsoft-Windows-CloudStore", "Computer": "DESKTOP-OFJ6N53", "TimeCreated": "2022-05-10 23:34:33.923727+00:00", "RecordID": "87", "Level": "2", "UserID": "S-1-5-21-963789628-1060504924-4285088085-1001", "EventData.ProcessName": null, "EventData.Type": "0", "EventData.ErrorCode": "2147943712", "EventData.File": "onecoreuap\\shell\\cloudstore\\common\\src\\effectivecontext.cpp", "EventData.LineNumber": "414"}
{"EventID": "1", "Channel": "Microsoft-Windows-CloudStore/Operational", "Provider_Name": "Microsoft-Windows-CloudStore", "Computer": "DESKTOP-OFJ6N53", "TimeCreated": "2022-05-10 23:34:33.936632+00:00", "RecordID": "88", "Level": "2", "UserID": "S-1-5-21-963789628-1060504924-4285088085-1001", "EventData.ProcessName": null, "EventData.Type": "1", "EventData.ErrorCode": "2147943712", "EventData.File": "onecoreuap\\shell\\cloudstore\\store\\cache\\src\\cloudcacheinitializer.cpp", "EventData.LineNumber": "348"}
{"EventID": "1", "Channel": "Microsoft-Windows-CloudStore/Operational", "Provider_Name": "Microsoft-Windows-CloudStore", "Computer": "DESKTOP-OFJ6N53", "TimeCreated": "2022-05-10 23:34:34.109314+00:00", "RecordID": "89", "Level": "2", "UserID": "S-1-5-21-963789628-1060504924-4285088085-1001", "EventData.ProcessName": null, "EventData.Type": "0", "EventData.ErrorCode": "2147943712", "EventData.File": "onecoreuap\\shell\\cloudstore\\common\\src\\effectivecontext.cpp", "EventData.LineNumber": "414"}
{"EventID": "1", "Channel": "Microsoft-Windows-CloudStore/Operational", "Provider_Name": "Microsoft-Windows-CloudStore", "Computer": "DESKTOP-OFJ6N53", "TimeCreated": "2022-05-10 23:34:34.109528+00:00", "RecordID": "90", "Level": "2", "UserID": "S-1-5-21-963789628-1060504924-4285088085-1001", "EventData.ProcessName": null, "EventData.Type": "1", "EventData.ErrorCode": "2147943712", "EventData.File": "onecoreuap\\shell\\cloudstore\\store\\cache\\src\\cloudcacheinitializer.cpp", "EventData.LineNumber": "348"}
{"EventID": "1", "Channel": "Microsoft-Windows-CloudStore/Operational", "Provider_Name": "Microsoft-Windows-CloudStore", "Computer": "DESKTOP-OFJ6N53", "TimeCreated": "2022-06-06 07:34:29.870165+00:00", "RecordID": "91", "Level": "2", "UserID": "S-1-5-21-963789628-1060504924-4285088085-1001", "EventData.ProcessName": null, "EventData.Type": "0", "EventData.ErrorCode": "2147943712", "EventData.File": "onecoreuap\\shell\\cloudstore\\common\\src\\effectivecontext.cpp", "EventData.LineNumber": "414"}
{"EventID": "1", "Channel": "Microsoft-Windows-CloudStore/Operational", "Provider_Name": "Microsoft-Windows-CloudStore", "Computer": "DESKTOP-OFJ6N53", "TimeCreated": "2022-06-06 07:34:29.880646+00:00", "RecordID": "92", "Level": "2", "UserID": "S-1-5-21-963789628-1060504924-4285088085-1001", "EventData.ProcessName": null, "EventData.Type": "1", "EventData.ErrorCode": "2147943712", "EventData.File": "onecoreuap\\shell\\cloudstore\\store\\cache\\src\\cloudcacheinitializer.cpp", "EventData.LineNumber": "348"}
{"EventID": "1", "Channel": "Microsoft-Windows-CloudStore/Operational", "Provider_Name": "Microsoft-Windows-CloudStore", "Computer": "DESKTOP-OFJ6N53", "TimeCreated": "2022-06-06 07:34:30.837234+00:00", "RecordID": "93", "Level": "2", "UserID": "S-1-5-21-963789628-1060504924-4285088085-1001", "EventData.ProcessName": null, "EventData.Type": "0", "EventData.ErrorCode": "2147943712", "EventData.File": "onecoreuap\\shell\\cloudstore\\common\\src\\effectivecontext.cpp", "EventData.LineNumber": "414"}
{"EventID": "1", "Channel": "Microsoft-Windows-CloudStore/Operational", "Provider_Name": "Microsoft-Windows-CloudStore", "Computer": "DESKTOP-OFJ6N53", "TimeCreated": "2022-06-06 07:34:30.837473+00:00", "RecordID": "94", "Level": "2", "UserID": "S-1-5-21-963789628-1060504924-4285088085-1001", "EventData.ProcessName": null, "EventData.Type": "1", "EventData.ErrorCode": "2147943712", "EventData.File": "onecoreuap\\shell\\cloudstore\\store\\cache\\src\\cloudcacheinitializer.cpp", "EventData.LineNumber": "348"}
{"EventID": "1", "Channel": "Microsoft-Windows-CloudStore/Operational", "Provider_Name": "Microsoft-Windows-CloudStore", "Computer": "DESKTOP-OFJ6N53", "TimeCreated": "2022-06-06 07:37:25.779179+00:00", "RecordID": "95", "Level": "2", "UserID": "S-1-5-21-963789628-1060504924-4285088085-1001", "EventData.ProcessName": null, "EventData.Type": "0", "EventData.ErrorCode": "2147943712", "EventData.File": "onecoreuap\\shell\\cloudstore\\common\\src\\effectivecontext.cpp", "EventData.LineNumber": "414"}
{"EventID": "1", "Channel": "Microsoft-Windows-CloudStore/Operational", "Provider_Name": "Microsoft-Windows-CloudStore", "Computer": "DESKTOP-OFJ6N53", "TimeCreated": "2022-06-06 07:37:25.787336+00:00", "RecordID": "96", "Level": "2", "UserID": "S-1-5-21-963789628-1060504924-4285088085-1001", "EventData.ProcessName": null, "EventData.Type": "1", "EventData.ErrorCode": "2147943712", "EventData.File": "onecoreuap\\shell\\cloudstore\\store\\cache\\src\\cloudcacheinitializer.cpp", "EventData.LineNumber": "348"}
{"EventID": "1", "Channel": "Microsoft-Windows-CloudStore/Operational", "Provider_Name": "Microsoft-Windows-CloudStore", "Computer": "DESKTOP-OFJ6N53", "TimeCreated": "2022-06-06 07:37:25.914082+00:00", "RecordID": "97", "Level": "2", "UserID": "S-1-5-21-963789628-1060504924-4285088085-1001", "EventData.ProcessName": null, "EventData.Type": "0", "EventData.ErrorCode": "2147943712", "EventData.File": "onecoreuap\\shell\\cloudstore\\common\\src\\effectivecontext.cpp", "EventData.LineNumber": "414"}
{"EventID": "1", "Channel": "Microsoft-Windows-CloudStore/Operational", "Provider_Name": "Microsoft-Windows-CloudStore", "Computer": "DESKTOP-OFJ6N53", "TimeCreated": "2022-06-06 07:37:25.914232+00:00", "RecordID": "98", "Level": "2", "UserID": "S-1-5-21-963789628-1060504924-4285088085-1001", "EventData.ProcessName": null, "EventData.Type": "1", "EventData.ErrorCode": "2147943712", "EventData.File": "onecoreuap\\shell\\cloudstore\\store\\cache\\src\\cloudcacheinitializer.cpp", "EventData.LineNumber": "348"}
{"EventID": "1", "Channel": "Microsoft-Windows-CloudStore/Operational", "Provider_Name": "Microsoft-Windows-CloudStore", "Computer": "DESKTOP-OFJ6N53", "TimeCreated": "2022-06-14 18:02:43.690998+00:00", "RecordID": "99", "Level": "2", "UserID": "S-1-5-21-963789628-1060504924-4285088085-1001", "EventData.ProcessName": null, "EventData.Type": "0", "EventData.ErrorCode": "2147943712", "EventData.File": "onecoreuap\\shell\\cloudstore\\common\\src\\effectivecontext.cpp", "EventData.LineNumber": "414"}
{"EventID": "1", "Channel": "Microsoft-Windows-CloudStore/Operational", "Provider_Name": "Microsoft-Windows-CloudStore", "Computer": "DESKTOP-OFJ6N53", "TimeCreated": "2022-06-14 18:02:43.704655+00:00", "RecordID": "100", "Level": "2", "UserID": "S-1-5-21-963789628-1060504924-4285088085-1001", "EventData.ProcessName": null, "EventData.Type": "1", "EventData.ErrorCode": "2147943712", "EventData.File": "onecoreuap\\shell\\cloudstore\\store\\cache\\src\\cloudcacheinitializer.cpp", "EventData.LineNumber": "348"}
