{"EventID": "8198", "Channel": "Microsoft-Windows-Crypto-DPAPI/Operational", "Provider_Name": "Microsoft-Windows-Crypto-DPAPI", "Computer": "DESKTOP-OFJ6N53", "TimeCreated": "2025-06-22 20:52:27.160736+00:00", "RecordID": "16762", "Level": "2", "UserID": "S-1-5-18", "EventData.Status": "0x8009000b", "EventData.ReasonForFailure": "6"}
{"EventID": "3", "Channel": "Microsoft-Windows-Crypto-DPAPI/Operational", "Provider_Name": "Microsoft-Windows-Crypto-DPAPI", "Computer": "DESKTOP-OFJ6N53", "TimeCreated": "2025-06-23 03:19:40.395565+00:00", "RecordID": "16763", "Level": "4", "UserID": "S-1-5-18", "EventData.MasterKeyGUID": "{d948afd0-4605-4a10-84a0-37c90b19395e}", "EventData.Success": "False", "EventData.LastError": "0x00000000", "EventData.MasterKeyDisposition": "0x00000003"}
{"EventID": "8198", "Channel": "Microsoft-Windows-Crypto-DPAPI/Operational", "Provider_Name": "Microsoft-Windows-Crypto-DPAPI", "Computer": "DESKTOP-OFJ6N53", "TimeCreated": "2025-06-23 03:19:40.395569+00:00", "RecordID": "16764", "Level": "2", "UserID": "S-1-5-18", "EventData.Status": "0x8009000b", "EventData.ReasonForFailure": "6"}
{"EventID": "3", "Channel": "Microsoft-Windows-Crypto-DPAPI/Operational", "Provider_Name": "Microsoft-Windows-Crypto-DPAPI", "Computer": "DESKTOP-OFJ6N53", "TimeCreated": "2025-06-23 03:19:40.524244+00:00", "RecordID": "16765", "Level": "4", "UserID": "S-1-5-18", "EventData.MasterKeyGUID": "{d948afd0-4605-4a10-84a0-37c90b19395e}", "EventData.Success": "False", "EventData.LastError": "0x00000000", "EventData.MasterKeyDisposition": "0x00000003"}
{"EventID": "8198", "Channel": "Microsoft-Windows-Crypto-DPAPI/Operational", "Provider_Name": "Microsoft-Windows-Crypto-DPAPI", "Computer": "DESKTOP-OFJ6N53", "TimeCreated": "2025-06-23 03:19:40.524248+00:00", "RecordID": "16766", "Level": "2", "UserID": "S-1-5-18", "EventData.Status": "0x8009000b", "EventData.ReasonForFailure": "6"}
{"EventID": "3", "Channel": "Microsoft-Windows-Crypto-DPAPI/Operational", "Provider_Name": "Microsoft-Windows-Crypto-DPAPI", "Computer": "DESKTOP-OFJ6N53", "TimeCreated": "2025-06-23 09:37:01.689360+00:00", "RecordID": "16767", "Level": "4", "UserID": "S-1-5-18", "EventData.MasterKeyGUID": "{d948afd0-4605-4a10-84a0-37c90b19395e}", "EventData.Success": "False", "EventData.LastError": "0x00000000", "EventData.MasterKeyDisposition": "0x00000003"}
{"EventID": "8198", "Channel": "Microsoft-Windows-Crypto-DPAPI/Operational", "Provider_Name": "Microsoft-Windows-Crypto-DPAPI", "Computer": "DESKTOP-OFJ6N53", "TimeCreated": "2025-06-23 09:37:01.689363+00:00", "RecordID": "16768", "Level": "2", "UserID": "S-1-5-18", "EventData.Status": "0x8009000b", "EventData.ReasonForFailure": "6"}
{"EventID": "3", "Channel": "Microsoft-Windows-Crypto-DPAPI/Operational", "Provider_Name": "Microsoft-Windows-Crypto-DPAPI", "Computer": "DESKTOP-OFJ6N53", "TimeCreated": "2025-06-23 09:37:01.819130+00:00", "RecordID": "16769", "Level": "4", "UserID": "S-1-5-18", "EventData.MasterKeyGUID": "{d948afd0-4605-4a10-84a0-37c90b19395e}", "EventData.Success": "False", "EventData.LastError": "0x00000000", "EventData.MasterKeyDisposition": "0x00000003"}
{"EventID": "8198", "Channel": "Microsoft-Windows-Crypto-DPAPI/Operational", "Provider_Name": "Microsoft-Windows-Crypto-DPAPI", "Computer": "DESKTOP-OFJ6N53", "TimeCreated": "2025-06-23 09:37:01.819134+00:00", "RecordID": "16770", "Level": "2", "UserID": "S-1-5-18", "EventData.Status": "0x8009000b", "EventData.ReasonForFailure": "6"}
{"EventID": "3", "Channel": "Microsoft-Windows-Crypto-DPAPI/Operational", "Provider_Name": "Microsoft-Windows-Crypto-DPAPI", "Computer": "DESKTOP-OFJ6N53", "TimeCreated": "2025-06-23 16:13:02.163427+00:00", "RecordID": "16771", "Level": "4", "UserID": "S-1-5-18", "EventData.MasterKeyGUID": "{d948afd0-4605-4a10-84a0-37c90b19395e}", "EventData.Success": "False", "EventData.LastError": "0x00000000", "EventData.MasterKeyDisposition": "0x00000003"}
{"EventID": "8198", "Channel": "Microsoft-Windows-Crypto-DPAPI/Operational", "Provider_Name": "Microsoft-Windows-Crypto-DPAPI", "Computer": "DESKTOP-OFJ6N53", "TimeCreated": "2025-06-23 16:13:02.163433+00:00", "RecordID": "16772", "Level": "2", "UserID": "S-1-5-18", "EventData.Status": "0x8009000b", "EventData.ReasonForFailure": "6"}
{"EventID": "3", "Channel": "Microsoft-Windows-Crypto-DPAPI/Operational", "Provider_Name": "Microsoft-Windows-Crypto-DPAPI", "Computer": "DESKTOP-OFJ6N53", "TimeCreated": "2025-06-23 16:13:02.308981+00:00", "RecordID": "16773", "Level": "4", "UserID": "S-1-5-18", "EventData.MasterKeyGUID": "{d948afd0-4605-4a10-84a0-37c90b19395e}", "EventData.Success": "False", "EventData.LastError": "0x00000000", "EventData.MasterKeyDisposition": "0x00000003"}
{"EventID": "8198", "Channel": "Microsoft-Windows-Crypto-DPAPI/Operational", "Provider_Name": "Microsoft-Windows-Crypto-DPAPI", "Computer": "DESKTOP-OFJ6N53", "TimeCreated": "2025-06-23 16:13:02.308985+00:00", "RecordID": "16774", "Level": "2", "UserID": "S-1-5-18", "EventData.Status": "0x8009000b", "EventData.ReasonForFailure": "6"}
{"EventID": "3", "Channel": "Microsoft-Windows-Crypto-DPAPI/Operational", "Provider_Name": "Microsoft-Windows-Crypto-DPAPI", "Computer": "DESKTOP-OFJ6N53", "TimeCreated": "2025-06-23 23:07:18.720242+00:00", "RecordID": "16775", "Level": "4", "UserID": "S-1-5-18", "EventData.MasterKeyGUID": "{d948afd0-4605-4a10-84a0-37c90b19395e}", "EventData.Success": "False", "EventData.LastError": "0x00000000", "EventData.MasterKeyDisposition": "0x00000003"}
{"EventID": "8198", "Channel": "Microsoft-Windows-Crypto-DPAPI/Operational", "Provider_Name": "Microsoft-Windows-Crypto-DPAPI", "Computer": "DESKTOP-OFJ6N53", "TimeCreated": "2025-06-23 23:07:18.720255+00:00", "RecordID": "16776", "Level": "2", "UserID": "S-1-5-18", "EventData.Status": "0x8009000b", "EventData.ReasonForFailure": "6"}
{"EventID": "3", "Channel": "Microsoft-Windows-Crypto-DPAPI/Operational", "Provider_Name": "Microsoft-Windows-Crypto-DPAPI", "Computer": "DESKTOP-OFJ6N53", "TimeCreated": "2025-06-23 23:07:18.854866+00:00", "RecordID": "16777", "Level": "4", "UserID": "S-1-5-18", "EventData.MasterKeyGUID": "{d948afd0-4605-4a10-84a0-37c90b19395e}", "EventData.Success": "False", "EventData.LastError": "0x00000000", "EventData.MasterKeyDisposition": "0x00000003"}
{"EventID": "8198", "Channel": "Microsoft-Windows-Crypto-DPAPI/Operational", "Provider_Name": "Microsoft-Windows-Crypto-DPAPI", "Computer": "DESKTOP-OFJ6N53", "TimeCreated": "2025-06-23 23:07:18.854872+00:00", "RecordID": "16778", "Level": "2", "UserID": "S-1-5-18", "EventData.Status": "0x8009000b", "EventData.ReasonForFailure": "6"}
{"EventID": "3", "Channel": "Microsoft-Windows-Crypto-DPAPI/Operational", "Provider_Name": "Microsoft-Windows-Crypto-DPAPI", "Computer": "DESKTOP-OFJ6N53", "TimeCreated": "2025-06-24 05:30:44.237017+00:00", "RecordID": "16779", "Level": "4", "UserID": "S-1-5-18", "EventData.MasterKeyGUID": "{d948afd0-4605-4a10-84a0-37c90b19395e}", "EventData.Success": "False", "EventData.LastError": "0x00000000", "EventData.MasterKeyDisposition": "0x00000003"}
{"EventID": "8198", "Channel": "Microsoft-Windows-Crypto-DPAPI/Operational", "Provider_Name": "Microsoft-Windows-Crypto-DPAPI", "Computer": "DESKTOP-OFJ6N53", "TimeCreated": "2025-06-24 05:30:44.237022+00:00", "RecordID": "16780", "Level": "2", "UserID": "S-1-5-18", "EventData.Status": "0x8009000b", "EventData.ReasonForFailure": "6"}
{"EventID": "3", "Channel": "Microsoft-Windows-Crypto-DPAPI/Operational", "Provider_Name": "Microsoft-Windows-Crypto-DPAPI", "Computer": "DESKTOP-OFJ6N53", "TimeCreated": "2025-06-24 05:30:44.368532+00:00", "RecordID": "16781", "Level": "4", "UserID": "S-1-5-18", "EventData.MasterKeyGUID": "{d948afd0-4605-4a10-84a0-37c90b19395e}", "EventData.Success": "False", "EventData.LastError": "0x00000000", "EventData.MasterKeyDisposition": "0x00000003"}
{"EventID": "8198", "Channel": "Microsoft-Windows-Crypto-DPAPI/Operational", "Provider_Name": "Microsoft-Windows-Crypto-DPAPI", "Computer": "DESKTOP-OFJ6N53", "TimeCreated": "2025-06-24 05:30:44.368538+00:00", "RecordID": "16782", "Level": "2", "UserID": "S-1-5-18", "EventData.Status": "0x8009000b", "EventData.ReasonForFailure": "6"}
{"EventID": "3", "Channel": "Microsoft-Windows-Crypto-DPAPI/Operational", "Provider_Name": "Microsoft-Windows-Crypto-DPAPI", "Computer": "DESKTOP-OFJ6N53", "TimeCreated": "2025-06-24 12:19:52.171253+00:00", "RecordID": "16783", "Level": "4", "UserID": "S-1-5-18", "EventData.MasterKeyGUID": "{d948afd0-4605-4a10-84a0-37c90b19395e}", "EventData.Success": "False", "EventData.LastError": "0x00000000", "EventData.MasterKeyDisposition": "0x00000003"}
{"EventID": "8198", "Channel": "Microsoft-Windows-Crypto-DPAPI/Operational", "Provider_Name": "Microsoft-Windows-Crypto-DPAPI", "Computer": "DESKTOP-OFJ6N53", "TimeCreated": "2025-06-24 12:19:52.171263+00:00", "RecordID": "16784", "Level": "2", "UserID": "S-1-5-18", "EventData.Status": "0x8009000b", "EventData.ReasonForFailure": "6"}
{"EventID": "3", "Channel": "Microsoft-Windows-Crypto-DPAPI/Operational", "Provider_Name": "Microsoft-Windows-Crypto-DPAPI", "Computer": "DESKTOP-OFJ6N53", "TimeCreated": "2025-06-24 12:19:52.296236+00:00", "RecordID": "16785", "Level": "4", "UserID": "S-1-5-18", "EventData.MasterKeyGUID": "{d948afd0-4605-4a10-84a0-37c90b19395e}", "EventData.Success": "False", "EventData.LastError": "0x00000000", "EventData.MasterKeyDisposition": "0x00000003"}
{"EventID": "8198", "Channel": "Microsoft-Windows-Crypto-DPAPI/Operational", "Provider_Name": "Microsoft-Windows-Crypto-DPAPI", "Computer": "DESKTOP-OFJ6N53", "TimeCreated": "2025-06-24 12:19:52.296242+00:00", "RecordID": "16786", "Level": "2", "UserID": "S-1-5-18", "EventData.Status": "0x8009000b", "EventData.ReasonForFailure": "6"}
{"EventID": "3", "Channel": "Microsoft-Windows-Crypto-DPAPI/Operational", "Provider_Name": "Microsoft-Windows-Crypto-DPAPI", "Computer": "DESKTOP-OFJ6N53", "TimeCreated": "2025-06-24 19:15:16.093267+00:00", "RecordID": "16787", "Level": "4", "UserID": "S-1-5-18", "EventData.MasterKeyGUID": "{d948afd0-4605-4a10-84a0-37c90b19395e}", "EventData.Success": "False", "EventData.LastError": "0x00000000", "EventData.MasterKeyDisposition": "0x00000003"}
{"EventID": "8198", "Channel": "Microsoft-Windows-Crypto-DPAPI/Operational", "Provider_Name": "Microsoft-Windows-Crypto-DPAPI", "Computer": "DESKTOP-OFJ6N53", "TimeCreated": "2025-06-24 19:15:16.093269+00:00", "RecordID": "16788", "Level": "2", "UserID": "S-1-5-18", "EventData.Status": "0x8009000b", "EventData.ReasonForFailure": "6"}
{"EventID": "3", "Channel": "Microsoft-Windows-Crypto-DPAPI/Operational", "Provider_Name": "Microsoft-Windows-Crypto-DPAPI", "Computer": "DESKTOP-OFJ6N53", "TimeCreated": "2025-06-24 19:15:16.223618+00:00", "RecordID": "16789", "Level": "4", "UserID": "S-1-5-18", "EventData.MasterKeyGUID": "{d948afd0-4605-4a10-84a0-37c90b19395e}", "EventData.Success": "False", "EventData.LastError": "0x00000000", "EventData.MasterKeyDisposition": "0x00000003"}
{"EventID": "8198", "Channel": "Microsoft-Windows-Crypto-DPAPI/Operational", "Provider_Name": "Microsoft-Windows-Crypto-DPAPI", "Computer": "DESKTOP-OFJ6N53", "TimeCreated": "2025-06-24 19:15:16.223621+00:00", "RecordID": "16790", "Level": "2", "UserID": "S-1-5-18", "EventData.Status": "0x8009000b", "EventData.ReasonForFailure": "6"}
{"EventID": "3", "Channel": "Microsoft-Windows-Crypto-DPAPI/Operational", "Provider_Name": "Microsoft-Windows-Crypto-DPAPI", "Computer": "DESKTOP-OFJ6N53", "TimeCreated": "2025-06-25 01:49:18.922663+00:00", "RecordID": "16791", "Level": "4", "UserID": "S-1-5-18", "EventData.MasterKeyGUID": "{d948afd0-4605-4a10-84a0-37c90b19395e}", "EventData.Success": "False", "EventData.LastError": "0x00000000", "EventData.MasterKeyDisposition": "0x00000003"}
{"EventID": "8198", "Channel": "Microsoft-Windows-Crypto-DPAPI/Operational", "Provider_Name": "Microsoft-Windows-Crypto-DPAPI", "Computer": "DESKTOP-OFJ6N53", "TimeCreated": "2025-06-25 01:49:18.922667+00:00", "RecordID": "16792", "Level": "2", "UserID": "S-1-5-18", "EventData.Status": "0x8009000b", "EventData.ReasonForFailure": "6"}
{"EventID": "3", "Channel": "Microsoft-Windows-Crypto-DPAPI/Operational", "Provider_Name": "Microsoft-Windows-Crypto-DPAPI", "Computer": "DESKTOP-OFJ6N53", "TimeCreated": "2025-06-25 01:49:19.051785+00:00", "RecordID": "16793", "Level": "4", "UserID": "S-1-5-18", "EventData.MasterKeyGUID": "{d948afd0-4605-4a10-84a0-37c90b19395e}", "EventData.Success": "False", "EventData.LastError": "0x00000000", "EventData.MasterKeyDisposition": "0x00000003"}
{"EventID": "8198", "Channel": "Microsoft-Windows-Crypto-DPAPI/Operational", "Provider_Name": "Microsoft-Windows-Crypto-DPAPI", "Computer": "DESKTOP-OFJ6N53", "TimeCreated": "2025-06-25 01:49:19.051790+00:00", "RecordID": "16794", "Level": "2", "UserID": "S-1-5-18", "EventData.Status": "0x8009000b", "EventData.ReasonForFailure": "6"}
{"EventID": "3", "Channel": "Microsoft-Windows-Crypto-DPAPI/Operational", "Provider_Name": "Microsoft-Windows-Crypto-DPAPI", "Computer": "DESKTOP-OFJ6N53", "TimeCreated": "2025-06-25 08:09:30.878149+00:00", "RecordID": "16795", "Level": "4", "UserID": "S-1-5-18", "EventData.MasterKeyGUID": "{d948afd0-4605-4a10-84a0-37c90b19395e}", "EventData.Success": "False", "EventData.LastError": "0x00000000", "EventData.MasterKeyDisposition": "0x00000003"}
{"EventID": "8198", "Channel": "Microsoft-Windows-Crypto-DPAPI/Operational", "Provider_Name": "Microsoft-Windows-Crypto-DPAPI", "Computer": "DESKTOP-OFJ6N53", "TimeCreated": "2025-06-25 08:09:30.878157+00:00", "RecordID": "16796", "Level": "2", "UserID": "S-1-5-18", "EventData.Status": "0x8009000b", "EventData.ReasonForFailure": "6"}
{"EventID": "3", "Channel": "Microsoft-Windows-Crypto-DPAPI/Operational", "Provider_Name": "Microsoft-Windows-Crypto-DPAPI", "Computer": "DESKTOP-OFJ6N53", "TimeCreated": "2025-06-25 08:09:31.011921+00:00", "RecordID": "16797", "Level": "4", "UserID": "S-1-5-18", "EventData.MasterKeyGUID": "{d948afd0-4605-4a10-84a0-37c90b19395e}", "EventData.Success": "False", "EventData.LastError": "0x00000000", "EventData.MasterKeyDisposition": "0x00000003"}
{"EventID": "8198", "Channel": "Microsoft-Windows-Crypto-DPAPI/Operational", "Provider_Name": "Microsoft-Windows-Crypto-DPAPI", "Computer": "DESKTOP-OFJ6N53", "TimeCreated": "2025-06-25 08:09:31.011925+00:00", "RecordID": "16798", "Level": "2", "UserID": "S-1-5-18", "EventData.Status": "0x8009000b", "EventData.ReasonForFailure": "6"}
{"EventID": "3", "Channel": "Microsoft-Windows-Crypto-DPAPI/Operational", "Provider_Name": "Microsoft-Windows-Crypto-DPAPI", "Computer": "DESKTOP-OFJ6N53", "TimeCreated": "2025-06-25 14:35:52.930248+00:00", "RecordID": "16799", "Level": "4", "UserID": "S-1-5-18", "EventData.MasterKeyGUID": "{d948afd0-4605-4a10-84a0-37c90b19395e}", "EventData.Success": "False", "EventData.LastError": "0x00000000", "EventData.MasterKeyDisposition": "0x00000003"}
{"EventID": "8198", "Channel": "Microsoft-Windows-Crypto-DPAPI/Operational", "Provider_Name": "Microsoft-Windows-Crypto-DPAPI", "Computer": "DESKTOP-OFJ6N53", "TimeCreated": "2025-06-25 14:35:52.930250+00:00", "RecordID": "16800", "Level": "2", "UserID": "S-1-5-18", "EventData.Status": "0x8009000b", "EventData.ReasonForFailure": "6"}
{"EventID": "3", "Channel": "Microsoft-Windows-Crypto-DPAPI/Operational", "Provider_Name": "Microsoft-Windows-Crypto-DPAPI", "Computer": "DESKTOP-OFJ6N53", "TimeCreated": "2025-06-25 14:35:53.054964+00:00", "RecordID": "16801", "Level": "4", "UserID": "S-1-5-18", "EventData.MasterKeyGUID": "{d948afd0-4605-4a10-84a0-37c90b19395e}", "EventData.Success": "False", "EventData.LastError": "0x00000000", "EventData.MasterKeyDisposition": "0x00000003"}
{"EventID": "8198", "Channel": "Microsoft-Windows-Crypto-DPAPI/Operational", "Provider_Name": "Microsoft-Windows-Crypto-DPAPI", "Computer": "DESKTOP-OFJ6N53", "TimeCreated": "2025-06-25 14:35:53.054970+00:00", "RecordID": "16802", "Level": "2", "UserID": "S-1-5-18", "EventData.Status": "0x8009000b", "EventData.ReasonForFailure": "6"}
{"EventID": "3", "Channel": "Microsoft-Windows-Crypto-DPAPI/Operational", "Provider_Name": "Microsoft-Windows-Crypto-DPAPI", "Computer": "DESKTOP-OFJ6N53", "TimeCreated": "2025-06-25 20:38:20.544003+00:00", "RecordID": "16803", "Level": "4", "UserID": "S-1-5-18", "EventData.MasterKeyGUID": "{d948afd0-4605-4a10-84a0-37c90b19395e}", "EventData.Success": "False", "EventData.LastError": "0x00000000", "EventData.MasterKeyDisposition": "0x00000003"}
{"EventID": "8198", "Channel": "Microsoft-Windows-Crypto-DPAPI/Operational", "Provider_Name": "Microsoft-Windows-Crypto-DPAPI", "Computer": "DESKTOP-OFJ6N53", "TimeCreated": "2025-06-25 20:38:20.544006+00:00", "RecordID": "16804", "Level": "2", "UserID": "S-1-5-18", "EventData.Status": "0x8009000b", "EventData.ReasonForFailure": "6"}
{"EventID": "3", "Channel": "Microsoft-Windows-Crypto-DPAPI/Operational", "Provider_Name": "Microsoft-Windows-Crypto-DPAPI", "Computer": "DESKTOP-OFJ6N53", "TimeCreated": "2025-06-25 20:38:20.686050+00:00", "RecordID": "16805", "Level": "4", "UserID": "S-1-5-18", "EventData.MasterKeyGUID": "{d948afd0-4605-4a10-84a0-37c90b19395e}", "EventData.Success": "False", "EventData.LastError": "0x00000000", "EventData.MasterKeyDisposition": "0x00000003"}
{"EventID": "8198", "Channel": "Microsoft-Windows-Crypto-DPAPI/Operational", "Provider_Name": "Microsoft-Windows-Crypto-DPAPI", "Computer": "DESKTOP-OFJ6N53", "TimeCreated": "2025-06-25 20:38:20.686054+00:00", "RecordID": "16806", "Level": "2", "UserID": "S-1-5-18", "EventData.Status": "0x8009000b", "EventData.ReasonForFailure": "6"}
{"EventID": "3", "Channel": "Microsoft-Windows-Crypto-DPAPI/Operational", "Provider_Name": "Microsoft-Windows-Crypto-DPAPI", "Computer": "DESKTOP-OFJ6N53", "TimeCreated": "2025-06-26 03:28:29.548496+00:00", "RecordID": "16807", "Level": "4", "UserID": "S-1-5-18", "EventData.MasterKeyGUID": "{d948afd0-4605-4a10-84a0-37c90b19395e}", "EventData.Success": "False", "EventData.LastError": "0x00000000", "EventData.MasterKeyDisposition": "0x00000003"}
{"EventID": "8198", "Channel": "Microsoft-Windows-Crypto-DPAPI/Operational", "Provider_Name": "Microsoft-Windows-Crypto-DPAPI", "Computer": "DESKTOP-OFJ6N53", "TimeCreated": "2025-06-26 03:28:29.548502+00:00", "RecordID": "16808", "Level": "2", "UserID": "S-1-5-18", "EventData.Status": "0x8009000b", "EventData.ReasonForFailure": "6"}
{"EventID": "3", "Channel": "Microsoft-Windows-Crypto-DPAPI/Operational", "Provider_Name": "Microsoft-Windows-Crypto-DPAPI", "Computer": "DESKTOP-OFJ6N53", "TimeCreated": "2025-06-26 03:28:29.673038+00:00", "RecordID": "16809", "Level": "4", "UserID": "S-1-5-18", "EventData.MasterKeyGUID": "{d948afd0-4605-4a10-84a0-37c90b19395e}", "EventData.Success": "False", "EventData.LastError": "0x00000000", "EventData.MasterKeyDisposition": "0x00000003"}
{"EventID": "8198", "Channel": "Microsoft-Windows-Crypto-DPAPI/Operational", "Provider_Name": "Microsoft-Windows-Crypto-DPAPI", "Computer": "DESKTOP-OFJ6N53", "TimeCreated": "2025-06-26 03:28:29.673044+00:00", "RecordID": "16810", "Level": "2", "UserID": "S-1-5-18", "EventData.Status": "0x8009000b", "EventData.ReasonForFailure": "6"}
{"EventID": "3", "Channel": "Microsoft-Windows-Crypto-DPAPI/Operational", "Provider_Name": "Microsoft-Windows-Crypto-DPAPI", "Computer": "DESKTOP-OFJ6N53", "TimeCreated": "2025-06-26 09:38:45.670889+00:00", "RecordID": "16811", "Level": "4", "UserID": "S-1-5-18", "EventData.MasterKeyGUID": "{d948afd0-4605-4a10-84a0-37c90b19395e}", "EventData.Success": "False", "EventData.LastError": "0x00000000", "EventData.MasterKeyDisposition": "0x00000003"}
{"EventID": "8198", "Channel": "Microsoft-Windows-Crypto-DPAPI/Operational", "Provider_Name": "Microsoft-Windows-Crypto-DPAPI", "Computer": "DESKTOP-OFJ6N53", "TimeCreated": "2025-06-26 09:38:45.670895+00:00", "RecordID": "16812", "Level": "2", "UserID": "S-1-5-18", "EventData.Status": "0x8009000b", "EventData.ReasonForFailure": "6"}
{"EventID": "3", "Channel": "Microsoft-Windows-Crypto-DPAPI/Operational", "Provider_Name": "Microsoft-Windows-Crypto-DPAPI", "Computer": "DESKTOP-OFJ6N53", "TimeCreated": "2025-06-26 09:38:45.915155+00:00", "RecordID": "16813", "Level": "4", "UserID": "S-1-5-18", "EventData.MasterKeyGUID": "{d948afd0-4605-4a10-84a0-37c90b19395e}", "EventData.Success": "False", "EventData.LastError": "0x00000000", "EventData.MasterKeyDisposition": "0x00000003"}
{"EventID": "8198", "Channel": "Microsoft-Windows-Crypto-DPAPI/Operational", "Provider_Name": "Microsoft-Windows-Crypto-DPAPI", "Computer": "DESKTOP-OFJ6N53", "TimeCreated": "2025-06-26 09:38:45.915159+00:00", "RecordID": "16814", "Level": "2", "UserID": "S-1-5-18", "EventData.Status": "0x8009000b", "EventData.ReasonForFailure": "6"}
{"EventID": "3", "Channel": "Microsoft-Windows-Crypto-DPAPI/Operational", "Provider_Name": "Microsoft-Windows-Crypto-DPAPI", "Computer": "DESKTOP-OFJ6N53", "TimeCreated": "2025-06-26 16:10:12.755104+00:00", "RecordID": "16815", "Level": "4", "UserID": "S-1-5-18", "EventData.MasterKeyGUID": "{d948afd0-4605-4a10-84a0-37c90b19395e}", "EventData.Success": "False", "EventData.LastError": "0x00000000", "EventData.MasterKeyDisposition": "0x00000003"}
{"EventID": "8198", "Channel": "Microsoft-Windows-Crypto-DPAPI/Operational", "Provider_Name": "Microsoft-Windows-Crypto-DPAPI", "Computer": "DESKTOP-OFJ6N53", "TimeCreated": "2025-06-26 16:10:12.755116+00:00", "RecordID": "16816", "Level": "2", "UserID": "S-1-5-18", "EventData.Status": "0x8009000b", "EventData.ReasonForFailure": "6"}
{"EventID": "3", "Channel": "Microsoft-Windows-Crypto-DPAPI/Operational", "Provider_Name": "Microsoft-Windows-Crypto-DPAPI", "Computer": "DESKTOP-OFJ6N53", "TimeCreated": "2025-06-26 16:10:12.901356+00:00", "RecordID": "16817", "Level": "4", "UserID": "S-1-5-18", "EventData.MasterKeyGUID": "{d948afd0-4605-4a10-84a0-37c90b19395e}", "EventData.Success": "False", "EventData.LastError": "0x00000000", "EventData.MasterKeyDisposition": "0x00000003"}
{"EventID": "8198", "Channel": "Microsoft-Windows-Crypto-DPAPI/Operational", "Provider_Name": "Microsoft-Windows-Crypto-DPAPI", "Computer": "DESKTOP-OFJ6N53", "TimeCreated": "2025-06-26 16:10:12.901363+00:00", "RecordID": "16818", "Level": "2", "UserID": "S-1-5-18", "EventData.Status": "0x8009000b", "EventData.ReasonForFailure": "6"}
{"EventID": "3", "Channel": "Microsoft-Windows-Crypto-DPAPI/Operational", "Provider_Name": "Microsoft-Windows-Crypto-DPAPI", "Computer": "DESKTOP-OFJ6N53", "TimeCreated": "2025-06-26 22:25:15.011662+00:00", "RecordID": "16819", "Level": "4", "UserID": "S-1-5-18", "EventData.MasterKeyGUID": "{d948afd0-4605-4a10-84a0-37c90b19395e}", "EventData.Success": "False", "EventData.LastError": "0x00000000", "EventData.MasterKeyDisposition": "0x00000003"}
{"EventID": "8198", "Channel": "Microsoft-Windows-Crypto-DPAPI/Operational", "Provider_Name": "Microsoft-Windows-Crypto-DPAPI", "Computer": "DESKTOP-OFJ6N53", "TimeCreated": "2025-06-26 22:25:15.011667+00:00", "RecordID": "16820", "Level": "2", "UserID": "S-1-5-18", "EventData.Status": "0x8009000b", "EventData.ReasonForFailure": "6"}
{"EventID": "3", "Channel": "Microsoft-Windows-Crypto-DPAPI/Operational", "Provider_Name": "Microsoft-Windows-Crypto-DPAPI", "Computer": "DESKTOP-OFJ6N53", "TimeCreated": "2025-06-26 22:25:15.170773+00:00", "RecordID": "16821", "Level": "4", "UserID": "S-1-5-18", "EventData.MasterKeyGUID": "{d948afd0-4605-4a10-84a0-37c90b19395e}", "EventData.Success": "False", "EventData.LastError": "0x00000000", "EventData.MasterKeyDisposition": "0x00000003"}
{"EventID": "8198", "Channel": "Microsoft-Windows-Crypto-DPAPI/Operational", "Provider_Name": "Microsoft-Windows-Crypto-DPAPI", "Computer": "DESKTOP-OFJ6N53", "TimeCreated": "2025-06-26 22:25:15.170776+00:00", "RecordID": "16822", "Level": "2", "UserID": "S-1-5-18", "EventData.Status": "0x8009000b", "EventData.ReasonForFailure": "6"}
{"EventID": "3", "Channel": "Microsoft-Windows-Crypto-DPAPI/Operational", "Provider_Name": "Microsoft-Windows-Crypto-DPAPI", "Computer": "DESKTOP-OFJ6N53", "TimeCreated": "2025-06-27 05:13:32.427460+00:00", "RecordID": "16823", "Level": "4", "UserID": "S-1-5-18", "EventData.MasterKeyGUID": "{d948afd0-4605-4a10-84a0-37c90b19395e}", "EventData.Success": "False", "EventData.LastError": "0x00000000", "EventData.MasterKeyDisposition": "0x00000003"}
{"EventID": "8198", "Channel": "Microsoft-Windows-Crypto-DPAPI/Operational", "Provider_Name": "Microsoft-Windows-Crypto-DPAPI", "Computer": "DESKTOP-OFJ6N53", "TimeCreated": "2025-06-27 05:13:32.427465+00:00", "RecordID": "16824", "Level": "2", "UserID": "S-1-5-18", "EventData.Status": "0x8009000b", "EventData.ReasonForFailure": "6"}
{"EventID": "3", "Channel": "Microsoft-Windows-Crypto-DPAPI/Operational", "Provider_Name": "Microsoft-Windows-Crypto-DPAPI", "Computer": "DESKTOP-OFJ6N53", "TimeCreated": "2025-06-27 05:13:32.583248+00:00", "RecordID": "16825", "Level": "4", "UserID": "S-1-5-18", "EventData.MasterKeyGUID": "{d948afd0-4605-4a10-84a0-37c90b19395e}", "EventData.Success": "False", "EventData.LastError": "0x00000000", "EventData.MasterKeyDisposition": "0x00000003"}
{"EventID": "8198", "Channel": "Microsoft-Windows-Crypto-DPAPI/Operational", "Provider_Name": "Microsoft-Windows-Crypto-DPAPI", "Computer": "DESKTOP-OFJ6N53", "TimeCreated": "2025-06-27 05:13:32.583252+00:00", "RecordID": "16826", "Level": "2", "UserID": "S-1-5-18", "EventData.Status": "0x8009000b", "EventData.ReasonForFailure": "6"}
{"EventID": "3", "Channel": "Microsoft-Windows-Crypto-DPAPI/Operational", "Provider_Name": "Microsoft-Windows-Crypto-DPAPI", "Computer": "DESKTOP-OFJ6N53", "TimeCreated": "2025-06-27 12:04:04.172503+00:00", "RecordID": "16827", "Level": "4", "UserID": "S-1-5-18", "EventData.MasterKeyGUID": "{d948afd0-4605-4a10-84a0-37c90b19395e}", "EventData.Success": "False", "EventData.LastError": "0x00000000", "EventData.MasterKeyDisposition": "0x00000003"}
{"EventID": "8198", "Channel": "Microsoft-Windows-Crypto-DPAPI/Operational", "Provider_Name": "Microsoft-Windows-Crypto-DPAPI", "Computer": "DESKTOP-OFJ6N53", "TimeCreated": "2025-06-27 12:04:04.172504+00:00", "RecordID": "16828", "Level": "2", "UserID": "S-1-5-18", "EventData.Status": "0x8009000b", "EventData.ReasonForFailure": "6"}
{"EventID": "3", "Channel": "Microsoft-Windows-Crypto-DPAPI/Operational", "Provider_Name": "Microsoft-Windows-Crypto-DPAPI", "Computer": "DESKTOP-OFJ6N53", "TimeCreated": "2025-06-27 12:04:04.315805+00:00", "RecordID": "16829", "Level": "4", "UserID": "S-1-5-18", "EventData.MasterKeyGUID": "{d948afd0-4605-4a10-84a0-37c90b19395e}", "EventData.Success": "False", "EventData.LastError": "0x00000000", "EventData.MasterKeyDisposition": "0x00000003"}
{"EventID": "8198", "Channel": "Microsoft-Windows-Crypto-DPAPI/Operational", "Provider_Name": "Microsoft-Windows-Crypto-DPAPI", "Computer": "DESKTOP-OFJ6N53", "TimeCreated": "2025-06-27 12:04:04.315811+00:00", "RecordID": "16830", "Level": "2", "UserID": "S-1-5-18", "EventData.Status": "0x8009000b", "EventData.ReasonForFailure": "6"}
{"EventID": "3", "Channel": "Microsoft-Windows-Crypto-DPAPI/Operational", "Provider_Name": "Microsoft-Windows-Crypto-DPAPI", "Computer": "DESKTOP-OFJ6N53", "TimeCreated": "2025-06-27 18:52:18.015175+00:00", "RecordID": "16831", "Level": "4", "UserID": "S-1-5-18", "EventData.MasterKeyGUID": "{d948afd0-4605-4a10-84a0-37c90b19395e}", "EventData.Success": "False", "EventData.LastError": "0x00000000", "EventData.MasterKeyDisposition": "0x00000003"}
{"EventID": "8198", "Channel": "Microsoft-Windows-Crypto-DPAPI/Operational", "Provider_Name": "Microsoft-Windows-Crypto-DPAPI", "Computer": "DESKTOP-OFJ6N53", "TimeCreated": "2025-06-27 18:52:18.015181+00:00", "RecordID": "16832", "Level": "2", "UserID": "S-1-5-18", "EventData.Status": "0x8009000b", "EventData.ReasonForFailure": "6"}
{"EventID": "3", "Channel": "Microsoft-Windows-Crypto-DPAPI/Operational", "Provider_Name": "Microsoft-Windows-Crypto-DPAPI", "Computer": "DESKTOP-OFJ6N53", "TimeCreated": "2025-06-27 18:52:18.161079+00:00", "RecordID": "16833", "Level": "4", "UserID": "S-1-5-18", "EventData.MasterKeyGUID": "{d948afd0-4605-4a10-84a0-37c90b19395e}", "EventData.Success": "False", "EventData.LastError": "0x00000000", "EventData.MasterKeyDisposition": "0x00000003"}
{"EventID": "8198", "Channel": "Microsoft-Windows-Crypto-DPAPI/Operational", "Provider_Name": "Microsoft-Windows-Crypto-DPAPI", "Computer": "DESKTOP-OFJ6N53", "TimeCreated": "2025-06-27 18:52:18.161085+00:00", "RecordID": "16834", "Level": "2", "UserID": "S-1-5-18", "EventData.Status": "0x8009000b", "EventData.ReasonForFailure": "6"}
{"EventID": "3", "Channel": "Microsoft-Windows-Crypto-DPAPI/Operational", "Provider_Name": "Microsoft-Windows-Crypto-DPAPI", "Computer": "DESKTOP-OFJ6N53", "TimeCreated": "2025-06-28 01:21:42.746073+00:00", "RecordID": "16835", "Level": "4", "UserID": "S-1-5-18", "EventData.MasterKeyGUID": "{d948afd0-4605-4a10-84a0-37c90b19395e}", "EventData.Success": "False", "EventData.LastError": "0x00000000", "EventData.MasterKeyDisposition": "0x00000003"}
{"EventID": "8198", "Channel": "Microsoft-Windows-Crypto-DPAPI/Operational", "Provider_Name": "Microsoft-Windows-Crypto-DPAPI", "Computer": "DESKTOP-OFJ6N53", "TimeCreated": "2025-06-28 01:21:42.746084+00:00", "RecordID": "16836", "Level": "2", "UserID": "S-1-5-18", "EventData.Status": "0x8009000b", "EventData.ReasonForFailure": "6"}
{"EventID": "3", "Channel": "Microsoft-Windows-Crypto-DPAPI/Operational", "Provider_Name": "Microsoft-Windows-Crypto-DPAPI", "Computer": "DESKTOP-OFJ6N53", "TimeCreated": "2025-06-28 01:21:42.892323+00:00", "RecordID": "16837", "Level": "4", "UserID": "S-1-5-18", "EventData.MasterKeyGUID": "{d948afd0-4605-4a10-84a0-37c90b19395e}", "EventData.Success": "False", "EventData.LastError": "0x00000000", "EventData.MasterKeyDisposition": "0x00000003"}
{"EventID": "8198", "Channel": "Microsoft-Windows-Crypto-DPAPI/Operational", "Provider_Name": "Microsoft-Windows-Crypto-DPAPI", "Computer": "DESKTOP-OFJ6N53", "TimeCreated": "2025-06-28 01:21:42.892328+00:00", "RecordID": "16838", "Level": "2", "UserID": "S-1-5-18", "EventData.Status": "0x8009000b", "EventData.ReasonForFailure": "6"}
{"EventID": "3", "Channel": "Microsoft-Windows-Crypto-DPAPI/Operational", "Provider_Name": "Microsoft-Windows-Crypto-DPAPI", "Computer": "DESKTOP-OFJ6N53", "TimeCreated": "2025-06-28 08:04:47.533249+00:00", "RecordID": "16839", "Level": "4", "UserID": "S-1-5-18", "EventData.MasterKeyGUID": "{d948afd0-4605-4a10-84a0-37c90b19395e}", "EventData.Success": "False", "EventData.LastError": "0x00000000", "EventData.MasterKeyDisposition": "0x00000003"}
{"EventID": "8198", "Channel": "Microsoft-Windows-Crypto-DPAPI/Operational", "Provider_Name": "Microsoft-Windows-Crypto-DPAPI", "Computer": "DESKTOP-OFJ6N53", "TimeCreated": "2025-06-28 08:04:47.533253+00:00", "RecordID": "16840", "Level": "2", "UserID": "S-1-5-18", "EventData.Status": "0x8009000b", "EventData.ReasonForFailure": "6"}
{"EventID": "3", "Channel": "Microsoft-Windows-Crypto-DPAPI/Operational", "Provider_Name": "Microsoft-Windows-Crypto-DPAPI", "Computer": "DESKTOP-OFJ6N53", "TimeCreated": "2025-06-28 08:04:47.944344+00:00", "RecordID": "16841", "Level": "4", "UserID": "S-1-5-18", "EventData.MasterKeyGUID": "{d948afd0-4605-4a10-84a0-37c90b19395e}", "EventData.Success": "False", "EventData.LastError": "0x00000000", "EventData.MasterKeyDisposition": "0x00000003"}
{"EventID": "8198", "Channel": "Microsoft-Windows-Crypto-DPAPI/Operational", "Provider_Name": "Microsoft-Windows-Crypto-DPAPI", "Computer": "DESKTOP-OFJ6N53", "TimeCreated": "2025-06-28 08:04:47.944349+00:00", "RecordID": "16842", "Level": "2", "UserID": "S-1-5-18", "EventData.Status": "0x8009000b", "EventData.ReasonForFailure": "6"}
{"EventID": "3", "Channel": "Microsoft-Windows-Crypto-DPAPI/Operational", "Provider_Name": "Microsoft-Windows-Crypto-DPAPI", "Computer": "DESKTOP-OFJ6N53", "TimeCreated": "2025-06-28 15:00:08.191568+00:00", "RecordID": "16843", "Level": "4", "UserID": "S-1-5-18", "EventData.MasterKeyGUID": "{d948afd0-4605-4a10-84a0-37c90b19395e}", "EventData.Success": "False", "EventData.LastError": "0x00000000", "EventData.MasterKeyDisposition": "0x00000003"}
{"EventID": "8198", "Channel": "Microsoft-Windows-Crypto-DPAPI/Operational", "Provider_Name": "Microsoft-Windows-Crypto-DPAPI", "Computer": "DESKTOP-OFJ6N53", "TimeCreated": "2025-06-28 15:00:08.191580+00:00", "RecordID": "16844", "Level": "2", "UserID": "S-1-5-18", "EventData.Status": "0x8009000b", "EventData.ReasonForFailure": "6"}
{"EventID": "3", "Channel": "Microsoft-Windows-Crypto-DPAPI/Operational", "Provider_Name": "Microsoft-Windows-Crypto-DPAPI", "Computer": "DESKTOP-OFJ6N53", "TimeCreated": "2025-06-28 15:00:08.277769+00:00", "RecordID": "16845", "Level": "4", "UserID": "S-1-5-18", "EventData.MasterKeyGUID": "{d948afd0-4605-4a10-84a0-37c90b19395e}", "EventData.Success": "False", "EventData.LastError": "0x00000000", "EventData.MasterKeyDisposition": "0x00000003"}
{"EventID": "8198", "Channel": "Microsoft-Windows-Crypto-DPAPI/Operational", "Provider_Name": "Microsoft-Windows-Crypto-DPAPI", "Computer": "DESKTOP-OFJ6N53", "TimeCreated": "2025-06-28 15:00:08.277775+00:00", "RecordID": "16846", "Level": "2", "UserID": "S-1-5-18", "EventData.Status": "0x8009000b", "EventData.ReasonForFailure": "6"}
{"EventID": "3", "Channel": "Microsoft-Windows-Crypto-DPAPI/Operational", "Provider_Name": "Microsoft-Windows-Crypto-DPAPI", "Computer": "DESKTOP-OFJ6N53", "TimeCreated": "2025-06-28 21:28:39.843706+00:00", "RecordID": "16847", "Level": "4", "UserID": "S-1-5-18", "EventData.MasterKeyGUID": "{d948afd0-4605-4a10-84a0-37c90b19395e}", "EventData.Success": "False", "EventData.LastError": "0x00000000", "EventData.MasterKeyDisposition": "0x00000003"}
{"EventID": "8198", "Channel": "Microsoft-Windows-Crypto-DPAPI/Operational", "Provider_Name": "Microsoft-Windows-Crypto-DPAPI", "Computer": "DESKTOP-OFJ6N53", "TimeCreated": "2025-06-28 21:28:39.843714+00:00", "RecordID": "16848", "Level": "2", "UserID": "S-1-5-18", "EventData.Status": "0x8009000b", "EventData.ReasonForFailure": "6"}
{"EventID": "3", "Channel": "Microsoft-Windows-Crypto-DPAPI/Operational", "Provider_Name": "Microsoft-Windows-Crypto-DPAPI", "Computer": "DESKTOP-OFJ6N53", "TimeCreated": "2025-06-28 21:28:39.999624+00:00", "RecordID": "16849", "Level": "4", "UserID": "S-1-5-18", "EventData.MasterKeyGUID": "{d948afd0-4605-4a10-84a0-37c90b19395e}", "EventData.Success": "False", "EventData.LastError": "0x00000000", "EventData.MasterKeyDisposition": "0x00000003"}
{"EventID": "8198", "Channel": "Microsoft-Windows-Crypto-DPAPI/Operational", "Provider_Name": "Microsoft-Windows-Crypto-DPAPI", "Computer": "DESKTOP-OFJ6N53", "TimeCreated": "2025-06-28 21:28:39.999630+00:00", "RecordID": "16850", "Level": "2", "UserID": "S-1-5-18", "EventData.Status": "0x8009000b", "EventData.ReasonForFailure": "6"}
{"EventID": "3", "Channel": "Microsoft-Windows-Crypto-DPAPI/Operational", "Provider_Name": "Microsoft-Windows-Crypto-DPAPI", "Computer": "DESKTOP-OFJ6N53", "TimeCreated": "2025-06-29 04:29:55.329391+00:00", "RecordID": "16851", "Level": "4", "UserID": "S-1-5-18", "EventData.MasterKeyGUID": "{d948afd0-4605-4a10-84a0-37c90b19395e}", "EventData.Success": "False", "EventData.LastError": "0x00000000", "EventData.MasterKeyDisposition": "0x00000003"}
{"EventID": "8198", "Channel": "Microsoft-Windows-Crypto-DPAPI/Operational", "Provider_Name": "Microsoft-Windows-Crypto-DPAPI", "Computer": "DESKTOP-OFJ6N53", "TimeCreated": "2025-06-29 04:29:55.329395+00:00", "RecordID": "16852", "Level": "2", "UserID": "S-1-5-18", "EventData.Status": "0x8009000b", "EventData.ReasonForFailure": "6"}
{"EventID": "3", "Channel": "Microsoft-Windows-Crypto-DPAPI/Operational", "Provider_Name": "Microsoft-Windows-Crypto-DPAPI", "Computer": "DESKTOP-OFJ6N53", "TimeCreated": "2025-06-29 04:29:55.465744+00:00", "RecordID": "16853", "Level": "4", "UserID": "S-1-5-18", "EventData.MasterKeyGUID": "{d948afd0-4605-4a10-84a0-37c90b19395e}", "EventData.Success": "False", "EventData.LastError": "0x00000000", "EventData.MasterKeyDisposition": "0x00000003"}
