{"EventID": "1600", "Channel": "Microsoft-Windows-Biometrics/Operational", "Provider_Name": "Microsoft-Windows-Biometrics", "Computer": "DESKTOP-OFJ6N53", "TimeCreated": "2023-05-25 01:38:46.878742+00:00", "RecordID": "69", "Level": "4", "UserID": "S-1-5-18", "EventData.ErrorCode": "0x80070032"}
{"EventID": "1105", "Channel": "Microsoft-Windows-Biometrics/Operational", "Provider_Name": "Microsoft-Windows-Biometrics", "Computer": "DESKTOP-OFJ6N53", "TimeCreated": "2023-05-25 01:38:47.026901+00:00", "RecordID": "70", "Level": "4", "UserID": "S-1-5-18", "EventData.BiometricSensor": "Windows Hello Face Virtual Software Device (\\Bootstrap\\Virtual Sensors\\{0527b250-7514-4321-8b68-41c65f956998})", "EventData.SensorAdapter": "FaceBootstrapAdapter.dll", "EventData.EngineAdapter": "FaceBootstrapAdapter.dll", "EventData.StorageAdapter": "FaceBootstrapAdapter.dll", "EventData.DatabaseID": "{dc576da6-d676-4a15-906d-c0ceaf949543}", "EventData.SensorMode": "1", "EventData.SensorPool": "1", "EventData.IsolationLevel": "0", "EventData.IsolationSensorAdapter": "-", "EventData.IsolationEngineAdapter": "-", "EventData.IsolationStorageAdapter": "-", "EventData.Component": "1", "EventData.ErrorCode": "0x80004001"}
{"EventID": "1109", "Channel": "Microsoft-Windows-Biometrics/Operational", "Provider_Name": "Microsoft-Windows-Biometrics", "Computer": "DESKTOP-OFJ6N53", "TimeCreated": "2023-05-25 01:38:47.026911+00:00", "RecordID": "71", "Level": "4", "UserID": "S-1-5-18", "EventData.BiometricSensor": "Windows Hello Face Virtual Software Device (\\Bootstrap\\Virtual Sensors\\{0527b250-7514-4321-8b68-41c65f956998})", "EventData.SensorAdapter": "FaceBootstrapAdapter.dll", "EventData.EngineAdapter": "FaceBootstrapAdapter.dll", "EventData.StorageAdapter": "FaceBootstrapAdapter.dll", "EventData.DatabaseID": "{dc576da6-d676-4a15-906d-c0ceaf949543}", "EventData.SensorMode": "1", "EventData.SensorPool": "1", "EventData.IsolationLevel": "0", "EventData.IsolationSensorAdapter": "-", "EventData.IsolationEngineAdapter": "-", "EventData.IsolationStorageAdapter": "-", "EventData.ErrorCode": "0x80004001"}
{"EventID": "1108", "Channel": "Microsoft-Windows-Biometrics/Operational", "Provider_Name": "Microsoft-Windows-Biometrics", "Computer": "DESKTOP-OFJ6N53", "TimeCreated": "2023-05-25 01:38:47.104458+00:00", "RecordID": "72", "Level": "5", "UserID": "S-1-5-18", "EventData.BiometricSensor": "Analog NUI Voice Virtual Sensor (\\Voice\\Virtual Sensors\\{F25AB4A2-593A-4A89-B9FF-8144BEA81E15})", "EventData.SensorAdapter": "NUIVoiceWBSAdapters.dll", "EventData.EngineAdapter": "NUIVoiceWBSAdapters.dll", "EventData.StorageAdapter": "WinBioStorageAdapter.dll", "EventData.DatabaseID": "{51f39552-1075-4199-b513-0c10ea185db0}", "EventData.SensorMode": "1", "EventData.SensorPool": "1", "EventData.IsolationLevel": "0", "EventData.IsolationSensorAdapter": "-", "EventData.IsolationEngineAdapter": "-", "EventData.IsolationStorageAdapter": "-"}
{"EventID": "1600", "Channel": "Microsoft-Windows-Biometrics/Operational", "Provider_Name": "Microsoft-Windows-Biometrics", "Computer": "DESKTOP-OFJ6N53", "TimeCreated": "2023-06-22 01:57:15.015690+00:00", "RecordID": "73", "Level": "4", "UserID": "S-1-5-18", "EventData.ErrorCode": "0x80070032"}
{"EventID": "1105", "Channel": "Microsoft-Windows-Biometrics/Operational", "Provider_Name": "Microsoft-Windows-Biometrics", "Computer": "DESKTOP-OFJ6N53", "TimeCreated": "2023-06-22 01:57:15.263903+00:00", "RecordID": "74", "Level": "4", "UserID": "S-1-5-18", "EventData.BiometricSensor": "Windows Hello Face Virtual Software Device (\\Bootstrap\\Virtual Sensors\\{0527b250-7514-4321-8b68-41c65f956998})", "EventData.SensorAdapter": "FaceBootstrapAdapter.dll", "EventData.EngineAdapter": "FaceBootstrapAdapter.dll", "EventData.StorageAdapter": "FaceBootstrapAdapter.dll", "EventData.DatabaseID": "{dc576da6-d676-4a15-906d-c0ceaf949543}", "EventData.SensorMode": "1", "EventData.SensorPool": "1", "EventData.IsolationLevel": "0", "EventData.IsolationSensorAdapter": "-", "EventData.IsolationEngineAdapter": "-", "EventData.IsolationStorageAdapter": "-", "EventData.Component": "1", "EventData.ErrorCode": "0x80004001"}
{"EventID": "1109", "Channel": "Microsoft-Windows-Biometrics/Operational", "Provider_Name": "Microsoft-Windows-Biometrics", "Computer": "DESKTOP-OFJ6N53", "TimeCreated": "2023-06-22 01:57:15.263916+00:00", "RecordID": "75", "Level": "4", "UserID": "S-1-5-18", "EventData.BiometricSensor": "Windows Hello Face Virtual Software Device (\\Bootstrap\\Virtual Sensors\\{0527b250-7514-4321-8b68-41c65f956998})", "EventData.SensorAdapter": "FaceBootstrapAdapter.dll", "EventData.EngineAdapter": "FaceBootstrapAdapter.dll", "EventData.StorageAdapter": "FaceBootstrapAdapter.dll", "EventData.DatabaseID": "{dc576da6-d676-4a15-906d-c0ceaf949543}", "EventData.SensorMode": "1", "EventData.SensorPool": "1", "EventData.IsolationLevel": "0", "EventData.IsolationSensorAdapter": "-", "EventData.IsolationEngineAdapter": "-", "EventData.IsolationStorageAdapter": "-", "EventData.ErrorCode": "0x80004001"}
{"EventID": "1108", "Channel": "Microsoft-Windows-Biometrics/Operational", "Provider_Name": "Microsoft-Windows-Biometrics", "Computer": "DESKTOP-OFJ6N53", "TimeCreated": "2023-06-22 01:57:15.351448+00:00", "RecordID": "76", "Level": "5", "UserID": "S-1-5-18", "EventData.BiometricSensor": "Analog NUI Voice Virtual Sensor (\\Voice\\Virtual Sensors\\{F25AB4A2-593A-4A89-B9FF-8144BEA81E15})", "EventData.SensorAdapter": "NUIVoiceWBSAdapters.dll", "EventData.EngineAdapter": "NUIVoiceWBSAdapters.dll", "EventData.StorageAdapter": "WinBioStorageAdapter.dll", "EventData.DatabaseID": "{51f39552-1075-4199-b513-0c10ea185db0}", "EventData.SensorMode": "1", "EventData.SensorPool": "1", "EventData.IsolationLevel": "0", "EventData.IsolationSensorAdapter": "-", "EventData.IsolationEngineAdapter": "-", "EventData.IsolationStorageAdapter": "-"}
{"EventID": "1600", "Channel": "Microsoft-Windows-Biometrics/Operational", "Provider_Name": "Microsoft-Windows-Biometrics", "Computer": "DESKTOP-OFJ6N53", "TimeCreated": "2023-07-21 01:28:12.866264+00:00", "RecordID": "77", "Level": "4", "UserID": "S-1-5-18", "EventData.ErrorCode": "0x80070032"}
{"EventID": "1105", "Channel": "Microsoft-Windows-Biometrics/Operational", "Provider_Name": "Microsoft-Windows-Biometrics", "Computer": "DESKTOP-OFJ6N53", "TimeCreated": "2023-07-21 01:28:12.979239+00:00", "RecordID": "78", "Level": "4", "UserID": "S-1-5-18", "EventData.BiometricSensor": "Windows Hello Face Virtual Software Device (\\Bootstrap\\Virtual Sensors\\{0527b250-7514-4321-8b68-41c65f956998})", "EventData.SensorAdapter": "FaceBootstrapAdapter.dll", "EventData.EngineAdapter": "FaceBootstrapAdapter.dll", "EventData.StorageAdapter": "FaceBootstrapAdapter.dll", "EventData.DatabaseID": "{dc576da6-d676-4a15-906d-c0ceaf949543}", "EventData.SensorMode": "1", "EventData.SensorPool": "1", "EventData.IsolationLevel": "0", "EventData.IsolationSensorAdapter": "-", "EventData.IsolationEngineAdapter": "-", "EventData.IsolationStorageAdapter": "-", "EventData.Component": "1", "EventData.ErrorCode": "0x80004001"}
{"EventID": "1109", "Channel": "Microsoft-Windows-Biometrics/Operational", "Provider_Name": "Microsoft-Windows-Biometrics", "Computer": "DESKTOP-OFJ6N53", "TimeCreated": "2023-07-21 01:28:12.979246+00:00", "RecordID": "79", "Level": "4", "UserID": "S-1-5-18", "EventData.BiometricSensor": "Windows Hello Face Virtual Software Device (\\Bootstrap\\Virtual Sensors\\{0527b250-7514-4321-8b68-41c65f956998})", "EventData.SensorAdapter": "FaceBootstrapAdapter.dll", "EventData.EngineAdapter": "FaceBootstrapAdapter.dll", "EventData.StorageAdapter": "FaceBootstrapAdapter.dll", "EventData.DatabaseID": "{dc576da6-d676-4a15-906d-c0ceaf949543}", "EventData.SensorMode": "1", "EventData.SensorPool": "1", "EventData.IsolationLevel": "0", "EventData.IsolationSensorAdapter": "-", "EventData.IsolationEngineAdapter": "-", "EventData.IsolationStorageAdapter": "-", "EventData.ErrorCode": "0x80004001"}
{"EventID": "1108", "Channel": "Microsoft-Windows-Biometrics/Operational", "Provider_Name": "Microsoft-Windows-Biometrics", "Computer": "DESKTOP-OFJ6N53", "TimeCreated": "2023-07-21 01:28:13.091778+00:00", "RecordID": "80", "Level": "5", "UserID": "S-1-5-18", "EventData.BiometricSensor": "Analog NUI Voice Virtual Sensor (\\Voice\\Virtual Sensors\\{F25AB4A2-593A-4A89-B9FF-8144BEA81E15})", "EventData.SensorAdapter": "NUIVoiceWBSAdapters.dll", "EventData.EngineAdapter": "NUIVoiceWBSAdapters.dll", "EventData.StorageAdapter": "WinBioStorageAdapter.dll", "EventData.DatabaseID": "{51f39552-1075-4199-b513-0c10ea185db0}", "EventData.SensorMode": "1", "EventData.SensorPool": "1", "EventData.IsolationLevel": "0", "EventData.IsolationSensorAdapter": "-", "EventData.IsolationEngineAdapter": "-", "EventData.IsolationStorageAdapter": "-"}
{"EventID": "1600", "Channel": "Microsoft-Windows-Biometrics/Operational", "Provider_Name": "Microsoft-Windows-Biometrics", "Computer": "DESKTOP-OFJ6N53", "TimeCreated": "2023-08-19 01:26:45.011312+00:00", "RecordID": "81", "Level": "4", "UserID": "S-1-5-18", "EventData.ErrorCode": "0x80070032"}
{"EventID": "1105", "Channel": "Microsoft-Windows-Biometrics/Operational", "Provider_Name": "Microsoft-Windows-Biometrics", "Computer": "DESKTOP-OFJ6N53", "TimeCreated": "2023-08-19 01:26:45.099094+00:00", "RecordID": "82", "Level": "4", "UserID": "S-1-5-18", "EventData.BiometricSensor": "Windows Hello Face Virtual Software Device (\\Bootstrap\\Virtual Sensors\\{0527b250-7514-4321-8b68-41c65f956998})", "EventData.SensorAdapter": "FaceBootstrapAdapter.dll", "EventData.EngineAdapter": "FaceBootstrapAdapter.dll", "EventData.StorageAdapter": "FaceBootstrapAdapter.dll", "EventData.DatabaseID": "{dc576da6-d676-4a15-906d-c0ceaf949543}", "EventData.SensorMode": "1", "EventData.SensorPool": "1", "EventData.IsolationLevel": "0", "EventData.IsolationSensorAdapter": "-", "EventData.IsolationEngineAdapter": "-", "EventData.IsolationStorageAdapter": "-", "EventData.Component": "1", "EventData.ErrorCode": "0x80004001"}
{"EventID": "1109", "Channel": "Microsoft-Windows-Biometrics/Operational", "Provider_Name": "Microsoft-Windows-Biometrics", "Computer": "DESKTOP-OFJ6N53", "TimeCreated": "2023-08-19 01:26:45.099104+00:00", "RecordID": "83", "Level": "4", "UserID": "S-1-5-18", "EventData.BiometricSensor": "Windows Hello Face Virtual Software Device (\\Bootstrap\\Virtual Sensors\\{0527b250-7514-4321-8b68-41c65f956998})", "EventData.SensorAdapter": "FaceBootstrapAdapter.dll", "EventData.EngineAdapter": "FaceBootstrapAdapter.dll", "EventData.StorageAdapter": "FaceBootstrapAdapter.dll", "EventData.DatabaseID": "{dc576da6-d676-4a15-906d-c0ceaf949543}", "EventData.SensorMode": "1", "EventData.SensorPool": "1", "EventData.IsolationLevel": "0", "EventData.IsolationSensorAdapter": "-", "EventData.IsolationEngineAdapter": "-", "EventData.IsolationStorageAdapter": "-", "EventData.ErrorCode": "0x80004001"}
{"EventID": "1108", "Channel": "Microsoft-Windows-Biometrics/Operational", "Provider_Name": "Microsoft-Windows-Biometrics", "Computer": "DESKTOP-OFJ6N53", "TimeCreated": "2023-08-19 01:26:45.198563+00:00", "RecordID": "84", "Level": "5", "UserID": "S-1-5-18", "EventData.BiometricSensor": "Analog NUI Voice Virtual Sensor (\\Voice\\Virtual Sensors\\{F25AB4A2-593A-4A89-B9FF-8144BEA81E15})", "EventData.SensorAdapter": "NUIVoiceWBSAdapters.dll", "EventData.EngineAdapter": "NUIVoiceWBSAdapters.dll", "EventData.StorageAdapter": "WinBioStorageAdapter.dll", "EventData.DatabaseID": "{51f39552-1075-4199-b513-0c10ea185db0}", "EventData.SensorMode": "1", "EventData.SensorPool": "1", "EventData.IsolationLevel": "0", "EventData.IsolationSensorAdapter": "-", "EventData.IsolationEngineAdapter": "-", "EventData.IsolationStorageAdapter": "-"}
{"EventID": "1600", "Channel": "Microsoft-Windows-Biometrics/Operational", "Provider_Name": "Microsoft-Windows-Biometrics", "Computer": "DESKTOP-OFJ6N53", "TimeCreated": "2023-09-17 01:09:46.422375+00:00", "RecordID": "85", "Level": "4", "UserID": "S-1-5-18", "EventData.ErrorCode": "0x80070032"}
{"EventID": "1105", "Channel": "Microsoft-Windows-Biometrics/Operational", "Provider_Name": "Microsoft-Windows-Biometrics", "Computer": "DESKTOP-OFJ6N53", "TimeCreated": "2023-09-17 01:09:46.470011+00:00", "RecordID": "86", "Level": "4", "UserID": "S-1-5-18", "EventData.BiometricSensor": "Windows Hello Face Virtual Software Device (\\Bootstrap\\Virtual Sensors\\{0527b250-7514-4321-8b68-41c65f956998})", "EventData.SensorAdapter": "FaceBootstrapAdapter.dll", "EventData.EngineAdapter": "FaceBootstrapAdapter.dll", "EventData.StorageAdapter": "FaceBootstrapAdapter.dll", "EventData.DatabaseID": "{dc576da6-d676-4a15-906d-c0ceaf949543}", "EventData.SensorMode": "1", "EventData.SensorPool": "1", "EventData.IsolationLevel": "0", "EventData.IsolationSensorAdapter": "-", "EventData.IsolationEngineAdapter": "-", "EventData.IsolationStorageAdapter": "-", "EventData.Component": "1", "EventData.ErrorCode": "0x80004001"}
{"EventID": "1109", "Channel": "Microsoft-Windows-Biometrics/Operational", "Provider_Name": "Microsoft-Windows-Biometrics", "Computer": "DESKTOP-OFJ6N53", "TimeCreated": "2023-09-17 01:09:46.470016+00:00", "RecordID": "87", "Level": "4", "UserID": "S-1-5-18", "EventData.BiometricSensor": "Windows Hello Face Virtual Software Device (\\Bootstrap\\Virtual Sensors\\{0527b250-7514-4321-8b68-41c65f956998})", "EventData.SensorAdapter": "FaceBootstrapAdapter.dll", "EventData.EngineAdapter": "FaceBootstrapAdapter.dll", "EventData.StorageAdapter": "FaceBootstrapAdapter.dll", "EventData.DatabaseID": "{dc576da6-d676-4a15-906d-c0ceaf949543}", "EventData.SensorMode": "1", "EventData.SensorPool": "1", "EventData.IsolationLevel": "0", "EventData.IsolationSensorAdapter": "-", "EventData.IsolationEngineAdapter": "-", "EventData.IsolationStorageAdapter": "-", "EventData.ErrorCode": "0x80004001"}
{"EventID": "1108", "Channel": "Microsoft-Windows-Biometrics/Operational", "Provider_Name": "Microsoft-Windows-Biometrics", "Computer": "DESKTOP-OFJ6N53", "TimeCreated": "2023-09-17 01:09:46.495483+00:00", "RecordID": "88", "Level": "5", "UserID": "S-1-5-18", "EventData.BiometricSensor": "Analog NUI Voice Virtual Sensor (\\Voice\\Virtual Sensors\\{F25AB4A2-593A-4A89-B9FF-8144BEA81E15})", "EventData.SensorAdapter": "NUIVoiceWBSAdapters.dll", "EventData.EngineAdapter": "NUIVoiceWBSAdapters.dll", "EventData.StorageAdapter": "WinBioStorageAdapter.dll", "EventData.DatabaseID": "{51f39552-1075-4199-b513-0c10ea185db0}", "EventData.SensorMode": "1", "EventData.SensorPool": "1", "EventData.IsolationLevel": "0", "EventData.IsolationSensorAdapter": "-", "EventData.IsolationEngineAdapter": "-", "EventData.IsolationStorageAdapter": "-"}
{"EventID": "1600", "Channel": "Microsoft-Windows-Biometrics/Operational", "Provider_Name": "Microsoft-Windows-Biometrics", "Computer": "DESKTOP-OFJ6N53", "TimeCreated": "2023-10-16 00:12:14.421303+00:00", "RecordID": "89", "Level": "4", "UserID": "S-1-5-18", "EventData.ErrorCode": "0x80070032"}
{"EventID": "1105", "Channel": "Microsoft-Windows-Biometrics/Operational", "Provider_Name": "Microsoft-Windows-Biometrics", "Computer": "DESKTOP-OFJ6N53", "TimeCreated": "2023-10-16 00:12:14.487486+00:00", "RecordID": "90", "Level": "4", "UserID": "S-1-5-18", "EventData.BiometricSensor": "Windows Hello Face Virtual Software Device (\\Bootstrap\\Virtual Sensors\\{0527b250-7514-4321-8b68-41c65f956998})", "EventData.SensorAdapter": "FaceBootstrapAdapter.dll", "EventData.EngineAdapter": "FaceBootstrapAdapter.dll", "EventData.StorageAdapter": "FaceBootstrapAdapter.dll", "EventData.DatabaseID": "{dc576da6-d676-4a15-906d-c0ceaf949543}", "EventData.SensorMode": "1", "EventData.SensorPool": "1", "EventData.IsolationLevel": "0", "EventData.IsolationSensorAdapter": "-", "EventData.IsolationEngineAdapter": "-", "EventData.IsolationStorageAdapter": "-", "EventData.Component": "1", "EventData.ErrorCode": "0x80004001"}
{"EventID": "1109", "Channel": "Microsoft-Windows-Biometrics/Operational", "Provider_Name": "Microsoft-Windows-Biometrics", "Computer": "DESKTOP-OFJ6N53", "TimeCreated": "2023-10-16 00:12:14.487494+00:00", "RecordID": "91", "Level": "4", "UserID": "S-1-5-18", "EventData.BiometricSensor": "Windows Hello Face Virtual Software Device (\\Bootstrap\\Virtual Sensors\\{0527b250-7514-4321-8b68-41c65f956998})", "EventData.SensorAdapter": "FaceBootstrapAdapter.dll", "EventData.EngineAdapter": "FaceBootstrapAdapter.dll", "EventData.StorageAdapter": "FaceBootstrapAdapter.dll", "EventData.DatabaseID": "{dc576da6-d676-4a15-906d-c0ceaf949543}", "EventData.SensorMode": "1", "EventData.SensorPool": "1", "EventData.IsolationLevel": "0", "EventData.IsolationSensorAdapter": "-", "EventData.IsolationEngineAdapter": "-", "EventData.IsolationStorageAdapter": "-", "EventData.ErrorCode": "0x80004001"}
{"EventID": "1108", "Channel": "Microsoft-Windows-Biometrics/Operational", "Provider_Name": "Microsoft-Windows-Biometrics", "Computer": "DESKTOP-OFJ6N53", "TimeCreated": "2023-10-16 00:12:14.538269+00:00", "RecordID": "92", "Level": "5", "UserID": "S-1-5-18", "EventData.BiometricSensor": "Analog NUI Voice Virtual Sensor (\\Voice\\Virtual Sensors\\{F25AB4A2-593A-4A89-B9FF-8144BEA81E15})", "EventData.SensorAdapter": "NUIVoiceWBSAdapters.dll", "EventData.EngineAdapter": "NUIVoiceWBSAdapters.dll", "EventData.StorageAdapter": "WinBioStorageAdapter.dll", "EventData.DatabaseID": "{51f39552-1075-4199-b513-0c10ea185db0}", "EventData.SensorMode": "1", "EventData.SensorPool": "1", "EventData.IsolationLevel": "0", "EventData.IsolationSensorAdapter": "-", "EventData.IsolationEngineAdapter": "-", "EventData.IsolationStorageAdapter": "-"}
{"EventID": "1600", "Channel": "Microsoft-Windows-Biometrics/Operational", "Provider_Name": "Microsoft-Windows-Biometrics", "Computer": "DESKTOP-OFJ6N53", "TimeCreated": "2023-11-13 01:32:46.751732+00:00", "RecordID": "93", "Level": "4", "UserID": "S-1-5-18", "EventData.ErrorCode": "0x80070032"}
{"EventID": "1105", "Channel": "Microsoft-Windows-Biometrics/Operational", "Provider_Name": "Microsoft-Windows-Biometrics", "Computer": "DESKTOP-OFJ6N53", "TimeCreated": "2023-11-13 01:32:46.930359+00:00", "RecordID": "94", "Level": "4", "UserID": "S-1-5-18", "EventData.BiometricSensor": "Windows Hello Face Virtual Software Device (\\Bootstrap\\Virtual Sensors\\{0527b250-7514-4321-8b68-41c65f956998})", "EventData.SensorAdapter": "FaceBootstrapAdapter.dll", "EventData.EngineAdapter": "FaceBootstrapAdapter.dll", "EventData.StorageAdapter": "FaceBootstrapAdapter.dll", "EventData.DatabaseID": "{dc576da6-d676-4a15-906d-c0ceaf949543}", "EventData.SensorMode": "1", "EventData.SensorPool": "1", "EventData.IsolationLevel": "0", "EventData.IsolationSensorAdapter": "-", "EventData.IsolationEngineAdapter": "-", "EventData.IsolationStorageAdapter": "-", "EventData.Component": "1", "EventData.ErrorCode": "0x80004001"}
{"EventID": "1109", "Channel": "Microsoft-Windows-Biometrics/Operational", "Provider_Name": "Microsoft-Windows-Biometrics", "Computer": "DESKTOP-OFJ6N53", "TimeCreated": "2023-11-13 01:32:46.930370+00:00", "RecordID": "95", "Level": "4", "UserID": "S-1-5-18", "EventData.BiometricSensor": "Windows Hello Face Virtual Software Device (\\Bootstrap\\Virtual Sensors\\{0527b250-7514-4321-8b68-41c65f956998})", "EventData.SensorAdapter": "FaceBootstrapAdapter.dll", "EventData.EngineAdapter": "FaceBootstrapAdapter.dll", "EventData.StorageAdapter": "FaceBootstrapAdapter.dll", "EventData.DatabaseID": "{dc576da6-d676-4a15-906d-c0ceaf949543}", "EventData.SensorMode": "1", "EventData.SensorPool": "1", "EventData.IsolationLevel": "0", "EventData.IsolationSensorAdapter": "-", "EventData.IsolationEngineAdapter": "-", "EventData.IsolationStorageAdapter": "-", "EventData.ErrorCode": "0x80004001"}
{"EventID": "1108", "Channel": "Microsoft-Windows-Biometrics/Operational", "Provider_Name": "Microsoft-Windows-Biometrics", "Computer": "DESKTOP-OFJ6N53", "TimeCreated": "2023-11-13 01:32:46.961645+00:00", "RecordID": "96", "Level": "5", "UserID": "S-1-5-18", "EventData.BiometricSensor": "Analog NUI Voice Virtual Sensor (\\Voice\\Virtual Sensors\\{F25AB4A2-593A-4A89-B9FF-8144BEA81E15})", "EventData.SensorAdapter": "NUIVoiceWBSAdapters.dll", "EventData.EngineAdapter": "NUIVoiceWBSAdapters.dll", "EventData.StorageAdapter": "WinBioStorageAdapter.dll", "EventData.DatabaseID": "{51f39552-1075-4199-b513-0c10ea185db0}", "EventData.SensorMode": "1", "EventData.SensorPool": "1", "EventData.IsolationLevel": "0", "EventData.IsolationSensorAdapter": "-", "EventData.IsolationEngineAdapter": "-", "EventData.IsolationStorageAdapter": "-"}
{"EventID": "1600", "Channel": "Microsoft-Windows-Biometrics/Operational", "Provider_Name": "Microsoft-Windows-Biometrics", "Computer": "DESKTOP-OFJ6N53", "TimeCreated": "2023-12-12 00:47:57.951941+00:00", "RecordID": "97", "Level": "4", "UserID": "S-1-5-18", "EventData.ErrorCode": "0x80070032"}
{"EventID": "1105", "Channel": "Microsoft-Windows-Biometrics/Operational", "Provider_Name": "Microsoft-Windows-Biometrics", "Computer": "DESKTOP-OFJ6N53", "TimeCreated": "2023-12-12 00:47:58.298185+00:00", "RecordID": "98", "Level": "4", "UserID": "S-1-5-18", "EventData.BiometricSensor": "Windows Hello Face Virtual Software Device (\\Bootstrap\\Virtual Sensors\\{0527b250-7514-4321-8b68-41c65f956998})", "EventData.SensorAdapter": "FaceBootstrapAdapter.dll", "EventData.EngineAdapter": "FaceBootstrapAdapter.dll", "EventData.StorageAdapter": "FaceBootstrapAdapter.dll", "EventData.DatabaseID": "{dc576da6-d676-4a15-906d-c0ceaf949543}", "EventData.SensorMode": "1", "EventData.SensorPool": "1", "EventData.IsolationLevel": "0", "EventData.IsolationSensorAdapter": "-", "EventData.IsolationEngineAdapter": "-", "EventData.IsolationStorageAdapter": "-", "EventData.Component": "1", "EventData.ErrorCode": "0x80004001"}
{"EventID": "1109", "Channel": "Microsoft-Windows-Biometrics/Operational", "Provider_Name": "Microsoft-Windows-Biometrics", "Computer": "DESKTOP-OFJ6N53", "TimeCreated": "2023-12-12 00:47:58.298193+00:00", "RecordID": "99", "Level": "4", "UserID": "S-1-5-18", "EventData.BiometricSensor": "Windows Hello Face Virtual Software Device (\\Bootstrap\\Virtual Sensors\\{0527b250-7514-4321-8b68-41c65f956998})", "EventData.SensorAdapter": "FaceBootstrapAdapter.dll", "EventData.EngineAdapter": "FaceBootstrapAdapter.dll", "EventData.StorageAdapter": "FaceBootstrapAdapter.dll", "EventData.DatabaseID": "{dc576da6-d676-4a15-906d-c0ceaf949543}", "EventData.SensorMode": "1", "EventData.SensorPool": "1", "EventData.IsolationLevel": "0", "EventData.IsolationSensorAdapter": "-", "EventData.IsolationEngineAdapter": "-", "EventData.IsolationStorageAdapter": "-", "EventData.ErrorCode": "0x80004001"}
{"EventID": "1108", "Channel": "Microsoft-Windows-Biometrics/Operational", "Provider_Name": "Microsoft-Windows-Biometrics", "Computer": "DESKTOP-OFJ6N53", "TimeCreated": "2023-12-12 00:47:58.437077+00:00", "RecordID": "100", "Level": "5", "UserID": "S-1-5-18", "EventData.BiometricSensor": "Analog NUI Voice Virtual Sensor (\\Voice\\Virtual Sensors\\{F25AB4A2-593A-4A89-B9FF-8144BEA81E15})", "EventData.SensorAdapter": "NUIVoiceWBSAdapters.dll", "EventData.EngineAdapter": "NUIVoiceWBSAdapters.dll", "EventData.StorageAdapter": "WinBioStorageAdapter.dll", "EventData.DatabaseID": "{51f39552-1075-4199-b513-0c10ea185db0}", "EventData.SensorMode": "1", "EventData.SensorPool": "1", "EventData.IsolationLevel": "0", "EventData.IsolationSensorAdapter": "-", "EventData.IsolationEngineAdapter": "-", "EventData.IsolationStorageAdapter": "-"}
{"EventID": "1600", "Channel": "Microsoft-Windows-Biometrics/Operational", "Provider_Name": "Microsoft-Windows-Biometrics", "Computer": "DESKTOP-OFJ6N53", "TimeCreated": "2024-01-09 01:09:36.017748+00:00", "RecordID": "101", "Level": "4", "UserID": "S-1-5-18", "EventData.ErrorCode": "0x80070032"}
{"EventID": "1105", "Channel": "Microsoft-Windows-Biometrics/Operational", "Provider_Name": "Microsoft-Windows-Biometrics", "Computer": "DESKTOP-OFJ6N53", "TimeCreated": "2024-01-09 01:09:36.215534+00:00", "RecordID": "102", "Level": "4", "UserID": "S-1-5-18", "EventData.BiometricSensor": "Windows Hello Face Virtual Software Device (\\Bootstrap\\Virtual Sensors\\{0527b250-7514-4321-8b68-41c65f956998})", "EventData.SensorAdapter": "FaceBootstrapAdapter.dll", "EventData.EngineAdapter": "FaceBootstrapAdapter.dll", "EventData.StorageAdapter": "FaceBootstrapAdapter.dll", "EventData.DatabaseID": "{dc576da6-d676-4a15-906d-c0ceaf949543}", "EventData.SensorMode": "1", "EventData.SensorPool": "1", "EventData.IsolationLevel": "0", "EventData.IsolationSensorAdapter": "-", "EventData.IsolationEngineAdapter": "-", "EventData.IsolationStorageAdapter": "-", "EventData.Component": "1", "EventData.ErrorCode": "0x80004001"}
{"EventID": "1109", "Channel": "Microsoft-Windows-Biometrics/Operational", "Provider_Name": "Microsoft-Windows-Biometrics", "Computer": "DESKTOP-OFJ6N53", "TimeCreated": "2024-01-09 01:09:36.215546+00:00", "RecordID": "103", "Level": "4", "UserID": "S-1-5-18", "EventData.BiometricSensor": "Windows Hello Face Virtual Software Device (\\Bootstrap\\Virtual Sensors\\{0527b250-7514-4321-8b68-41c65f956998})", "EventData.SensorAdapter": "FaceBootstrapAdapter.dll", "EventData.EngineAdapter": "FaceBootstrapAdapter.dll", "EventData.StorageAdapter": "FaceBootstrapAdapter.dll", "EventData.DatabaseID": "{dc576da6-d676-4a15-906d-c0ceaf949543}", "EventData.SensorMode": "1", "EventData.SensorPool": "1", "EventData.IsolationLevel": "0", "EventData.IsolationSensorAdapter": "-", "EventData.IsolationEngineAdapter": "-", "EventData.IsolationStorageAdapter": "-", "EventData.ErrorCode": "0x80004001"}
{"EventID": "1108", "Channel": "Microsoft-Windows-Biometrics/Operational", "Provider_Name": "Microsoft-Windows-Biometrics", "Computer": "DESKTOP-OFJ6N53", "TimeCreated": "2024-01-09 01:09:36.281126+00:00", "RecordID": "104", "Level": "5", "UserID": "S-1-5-18", "EventData.BiometricSensor": "Analog NUI Voice Virtual Sensor (\\Voice\\Virtual Sensors\\{F25AB4A2-593A-4A89-B9FF-8144BEA81E15})", "EventData.SensorAdapter": "NUIVoiceWBSAdapters.dll", "EventData.EngineAdapter": "NUIVoiceWBSAdapters.dll", "EventData.StorageAdapter": "WinBioStorageAdapter.dll", "EventData.DatabaseID": "{51f39552-1075-4199-b513-0c10ea185db0}", "EventData.SensorMode": "1", "EventData.SensorPool": "1", "EventData.IsolationLevel": "0", "EventData.IsolationSensorAdapter": "-", "EventData.IsolationEngineAdapter": "-", "EventData.IsolationStorageAdapter": "-"}
{"EventID": "1600", "Channel": "Microsoft-Windows-Biometrics/Operational", "Provider_Name": "Microsoft-Windows-Biometrics", "Computer": "DESKTOP-OFJ6N53", "TimeCreated": "2024-02-06 01:50:54.569050+00:00", "RecordID": "105", "Level": "4", "UserID": "S-1-5-18", "EventData.ErrorCode": "0x80070032"}
{"EventID": "1105", "Channel": "Microsoft-Windows-Biometrics/Operational", "Provider_Name": "Microsoft-Windows-Biometrics", "Computer": "DESKTOP-OFJ6N53", "TimeCreated": "2024-02-06 01:50:54.624239+00:00", "RecordID": "106", "Level": "4", "UserID": "S-1-5-18", "EventData.BiometricSensor": "Windows Hello Face Virtual Software Device (\\Bootstrap\\Virtual Sensors\\{0527b250-7514-4321-8b68-41c65f956998})", "EventData.SensorAdapter": "FaceBootstrapAdapter.dll", "EventData.EngineAdapter": "FaceBootstrapAdapter.dll", "EventData.StorageAdapter": "FaceBootstrapAdapter.dll", "EventData.DatabaseID": "{dc576da6-d676-4a15-906d-c0ceaf949543}", "EventData.SensorMode": "1", "EventData.SensorPool": "1", "EventData.IsolationLevel": "0", "EventData.IsolationSensorAdapter": "-", "EventData.IsolationEngineAdapter": "-", "EventData.IsolationStorageAdapter": "-", "EventData.Component": "1", "EventData.ErrorCode": "0x80004001"}
{"EventID": "1109", "Channel": "Microsoft-Windows-Biometrics/Operational", "Provider_Name": "Microsoft-Windows-Biometrics", "Computer": "DESKTOP-OFJ6N53", "TimeCreated": "2024-02-06 01:50:54.624252+00:00", "RecordID": "107", "Level": "4", "UserID": "S-1-5-18", "EventData.BiometricSensor": "Windows Hello Face Virtual Software Device (\\Bootstrap\\Virtual Sensors\\{0527b250-7514-4321-8b68-41c65f956998})", "EventData.SensorAdapter": "FaceBootstrapAdapter.dll", "EventData.EngineAdapter": "FaceBootstrapAdapter.dll", "EventData.StorageAdapter": "FaceBootstrapAdapter.dll", "EventData.DatabaseID": "{dc576da6-d676-4a15-906d-c0ceaf949543}", "EventData.SensorMode": "1", "EventData.SensorPool": "1", "EventData.IsolationLevel": "0", "EventData.IsolationSensorAdapter": "-", "EventData.IsolationEngineAdapter": "-", "EventData.IsolationStorageAdapter": "-", "EventData.ErrorCode": "0x80004001"}
{"EventID": "1108", "Channel": "Microsoft-Windows-Biometrics/Operational", "Provider_Name": "Microsoft-Windows-Biometrics", "Computer": "DESKTOP-OFJ6N53", "TimeCreated": "2024-02-06 01:50:54.658289+00:00", "RecordID": "108", "Level": "5", "UserID": "S-1-5-18", "EventData.BiometricSensor": "Analog NUI Voice Virtual Sensor (\\Voice\\Virtual Sensors\\{F25AB4A2-593A-4A89-B9FF-8144BEA81E15})", "EventData.SensorAdapter": "NUIVoiceWBSAdapters.dll", "EventData.EngineAdapter": "NUIVoiceWBSAdapters.dll", "EventData.StorageAdapter": "WinBioStorageAdapter.dll", "EventData.DatabaseID": "{51f39552-1075-4199-b513-0c10ea185db0}", "EventData.SensorMode": "1", "EventData.SensorPool": "1", "EventData.IsolationLevel": "0", "EventData.IsolationSensorAdapter": "-", "EventData.IsolationEngineAdapter": "-", "EventData.IsolationStorageAdapter": "-"}
{"EventID": "1600", "Channel": "Microsoft-Windows-Biometrics/Operational", "Provider_Name": "Microsoft-Windows-Biometrics", "Computer": "DESKTOP-OFJ6N53", "TimeCreated": "2024-03-06 01:00:57.201073+00:00", "RecordID": "109", "Level": "4", "UserID": "S-1-5-18", "EventData.ErrorCode": "0x80070032"}
{"EventID": "1105", "Channel": "Microsoft-Windows-Biometrics/Operational", "Provider_Name": "Microsoft-Windows-Biometrics", "Computer": "DESKTOP-OFJ6N53", "TimeCreated": "2024-03-06 01:00:57.634851+00:00", "RecordID": "110", "Level": "4", "UserID": "S-1-5-18", "EventData.BiometricSensor": "Windows Hello Face Virtual Software Device (\\Bootstrap\\Virtual Sensors\\{0527b250-7514-4321-8b68-41c65f956998})", "EventData.SensorAdapter": "FaceBootstrapAdapter.dll", "EventData.EngineAdapter": "FaceBootstrapAdapter.dll", "EventData.StorageAdapter": "FaceBootstrapAdapter.dll", "EventData.DatabaseID": "{dc576da6-d676-4a15-906d-c0ceaf949543}", "EventData.SensorMode": "1", "EventData.SensorPool": "1", "EventData.IsolationLevel": "0", "EventData.IsolationSensorAdapter": "-", "EventData.IsolationEngineAdapter": "-", "EventData.IsolationStorageAdapter": "-", "EventData.Component": "1", "EventData.ErrorCode": "0x80004001"}
{"EventID": "1109", "Channel": "Microsoft-Windows-Biometrics/Operational", "Provider_Name": "Microsoft-Windows-Biometrics", "Computer": "DESKTOP-OFJ6N53", "TimeCreated": "2024-03-06 01:00:57.634861+00:00", "RecordID": "111", "Level": "4", "UserID": "S-1-5-18", "EventData.BiometricSensor": "Windows Hello Face Virtual Software Device (\\Bootstrap\\Virtual Sensors\\{0527b250-7514-4321-8b68-41c65f956998})", "EventData.SensorAdapter": "FaceBootstrapAdapter.dll", "EventData.EngineAdapter": "FaceBootstrapAdapter.dll", "EventData.StorageAdapter": "FaceBootstrapAdapter.dll", "EventData.DatabaseID": "{dc576da6-d676-4a15-906d-c0ceaf949543}", "EventData.SensorMode": "1", "EventData.SensorPool": "1", "EventData.IsolationLevel": "0", "EventData.IsolationSensorAdapter": "-", "EventData.IsolationEngineAdapter": "-", "EventData.IsolationStorageAdapter": "-", "EventData.ErrorCode": "0x80004001"}
{"EventID": "1108", "Channel": "Microsoft-Windows-Biometrics/Operational", "Provider_Name": "Microsoft-Windows-Biometrics", "Computer": "DESKTOP-OFJ6N53", "TimeCreated": "2024-03-06 01:00:57.902657+00:00", "RecordID": "112", "Level": "5", "UserID": "S-1-5-18", "EventData.BiometricSensor": "Analog NUI Voice Virtual Sensor (\\Voice\\Virtual Sensors\\{F25AB4A2-593A-4A89-B9FF-8144BEA81E15})", "EventData.SensorAdapter": "NUIVoiceWBSAdapters.dll", "EventData.EngineAdapter": "NUIVoiceWBSAdapters.dll", "EventData.StorageAdapter": "WinBioStorageAdapter.dll", "EventData.DatabaseID": "{51f39552-1075-4199-b513-0c10ea185db0}", "EventData.SensorMode": "1", "EventData.SensorPool": "1", "EventData.IsolationLevel": "0", "EventData.IsolationSensorAdapter": "-", "EventData.IsolationEngineAdapter": "-", "EventData.IsolationStorageAdapter": "-"}
{"EventID": "1600", "Channel": "Microsoft-Windows-Biometrics/Operational", "Provider_Name": "Microsoft-Windows-Biometrics", "Computer": "DESKTOP-OFJ6N53", "TimeCreated": "2024-04-03 01:06:58.515602+00:00", "RecordID": "113", "Level": "4", "UserID": "S-1-5-18", "EventData.ErrorCode": "0x80070032"}
{"EventID": "1105", "Channel": "Microsoft-Windows-Biometrics/Operational", "Provider_Name": "Microsoft-Windows-Biometrics", "Computer": "DESKTOP-OFJ6N53", "TimeCreated": "2024-04-03 01:06:58.719856+00:00", "RecordID": "114", "Level": "4", "UserID": "S-1-5-18", "EventData.BiometricSensor": "Windows Hello Face Virtual Software Device (\\Bootstrap\\Virtual Sensors\\{0527b250-7514-4321-8b68-41c65f956998})", "EventData.SensorAdapter": "FaceBootstrapAdapter.dll", "EventData.EngineAdapter": "FaceBootstrapAdapter.dll", "EventData.StorageAdapter": "FaceBootstrapAdapter.dll", "EventData.DatabaseID": "{dc576da6-d676-4a15-906d-c0ceaf949543}", "EventData.SensorMode": "1", "EventData.SensorPool": "1", "EventData.IsolationLevel": "0", "EventData.IsolationSensorAdapter": "-", "EventData.IsolationEngineAdapter": "-", "EventData.IsolationStorageAdapter": "-", "EventData.Component": "1", "EventData.ErrorCode": "0x80004001"}
{"EventID": "1109", "Channel": "Microsoft-Windows-Biometrics/Operational", "Provider_Name": "Microsoft-Windows-Biometrics", "Computer": "DESKTOP-OFJ6N53", "TimeCreated": "2024-04-03 01:06:58.719866+00:00", "RecordID": "115", "Level": "4", "UserID": "S-1-5-18", "EventData.BiometricSensor": "Windows Hello Face Virtual Software Device (\\Bootstrap\\Virtual Sensors\\{0527b250-7514-4321-8b68-41c65f956998})", "EventData.SensorAdapter": "FaceBootstrapAdapter.dll", "EventData.EngineAdapter": "FaceBootstrapAdapter.dll", "EventData.StorageAdapter": "FaceBootstrapAdapter.dll", "EventData.DatabaseID": "{dc576da6-d676-4a15-906d-c0ceaf949543}", "EventData.SensorMode": "1", "EventData.SensorPool": "1", "EventData.IsolationLevel": "0", "EventData.IsolationSensorAdapter": "-", "EventData.IsolationEngineAdapter": "-", "EventData.IsolationStorageAdapter": "-", "EventData.ErrorCode": "0x80004001"}
{"EventID": "1108", "Channel": "Microsoft-Windows-Biometrics/Operational", "Provider_Name": "Microsoft-Windows-Biometrics", "Computer": "DESKTOP-OFJ6N53", "TimeCreated": "2024-04-03 01:06:58.809769+00:00", "RecordID": "116", "Level": "5", "UserID": "S-1-5-18", "EventData.BiometricSensor": "Analog NUI Voice Virtual Sensor (\\Voice\\Virtual Sensors\\{F25AB4A2-593A-4A89-B9FF-8144BEA81E15})", "EventData.SensorAdapter": "NUIVoiceWBSAdapters.dll", "EventData.EngineAdapter": "NUIVoiceWBSAdapters.dll", "EventData.StorageAdapter": "WinBioStorageAdapter.dll", "EventData.DatabaseID": "{51f39552-1075-4199-b513-0c10ea185db0}", "EventData.SensorMode": "1", "EventData.SensorPool": "1", "EventData.IsolationLevel": "0", "EventData.IsolationSensorAdapter": "-", "EventData.IsolationEngineAdapter": "-", "EventData.IsolationStorageAdapter": "-"}
{"EventID": "1600", "Channel": "Microsoft-Windows-Biometrics/Operational", "Provider_Name": "Microsoft-Windows-Biometrics", "Computer": "DESKTOP-OFJ6N53", "TimeCreated": "2024-05-01 01:08:56.849951+00:00", "RecordID": "117", "Level": "4", "UserID": "S-1-5-18", "EventData.ErrorCode": "0x80070032"}
{"EventID": "1105", "Channel": "Microsoft-Windows-Biometrics/Operational", "Provider_Name": "Microsoft-Windows-Biometrics", "Computer": "DESKTOP-OFJ6N53", "TimeCreated": "2024-05-01 01:08:57.053497+00:00", "RecordID": "118", "Level": "4", "UserID": "S-1-5-18", "EventData.BiometricSensor": "Windows Hello Face Virtual Software Device (\\Bootstrap\\Virtual Sensors\\{0527b250-7514-4321-8b68-41c65f956998})", "EventData.SensorAdapter": "FaceBootstrapAdapter.dll", "EventData.EngineAdapter": "FaceBootstrapAdapter.dll", "EventData.StorageAdapter": "FaceBootstrapAdapter.dll", "EventData.DatabaseID": "{dc576da6-d676-4a15-906d-c0ceaf949543}", "EventData.SensorMode": "1", "EventData.SensorPool": "1", "EventData.IsolationLevel": "0", "EventData.IsolationSensorAdapter": "-", "EventData.IsolationEngineAdapter": "-", "EventData.IsolationStorageAdapter": "-", "EventData.Component": "1", "EventData.ErrorCode": "0x80004001"}
{"EventID": "1109", "Channel": "Microsoft-Windows-Biometrics/Operational", "Provider_Name": "Microsoft-Windows-Biometrics", "Computer": "DESKTOP-OFJ6N53", "TimeCreated": "2024-05-01 01:08:57.053505+00:00", "RecordID": "119", "Level": "4", "UserID": "S-1-5-18", "EventData.BiometricSensor": "Windows Hello Face Virtual Software Device (\\Bootstrap\\Virtual Sensors\\{0527b250-7514-4321-8b68-41c65f956998})", "EventData.SensorAdapter": "FaceBootstrapAdapter.dll", "EventData.EngineAdapter": "FaceBootstrapAdapter.dll", "EventData.StorageAdapter": "FaceBootstrapAdapter.dll", "EventData.DatabaseID": "{dc576da6-d676-4a15-906d-c0ceaf949543}", "EventData.SensorMode": "1", "EventData.SensorPool": "1", "EventData.IsolationLevel": "0", "EventData.IsolationSensorAdapter": "-", "EventData.IsolationEngineAdapter": "-", "EventData.IsolationStorageAdapter": "-", "EventData.ErrorCode": "0x80004001"}
{"EventID": "1108", "Channel": "Microsoft-Windows-Biometrics/Operational", "Provider_Name": "Microsoft-Windows-Biometrics", "Computer": "DESKTOP-OFJ6N53", "TimeCreated": "2024-05-01 01:08:57.233557+00:00", "RecordID": "120", "Level": "5", "UserID": "S-1-5-18", "EventData.BiometricSensor": "Analog NUI Voice Virtual Sensor (\\Voice\\Virtual Sensors\\{F25AB4A2-593A-4A89-B9FF-8144BEA81E15})", "EventData.SensorAdapter": "NUIVoiceWBSAdapters.dll", "EventData.EngineAdapter": "NUIVoiceWBSAdapters.dll", "EventData.StorageAdapter": "WinBioStorageAdapter.dll", "EventData.DatabaseID": "{51f39552-1075-4199-b513-0c10ea185db0}", "EventData.SensorMode": "1", "EventData.SensorPool": "1", "EventData.IsolationLevel": "0", "EventData.IsolationSensorAdapter": "-", "EventData.IsolationEngineAdapter": "-", "EventData.IsolationStorageAdapter": "-"}
{"EventID": "1600", "Channel": "Microsoft-Windows-Biometrics/Operational", "Provider_Name": "Microsoft-Windows-Biometrics", "Computer": "DESKTOP-OFJ6N53", "TimeCreated": "2024-05-30 00:37:49.118465+00:00", "RecordID": "121", "Level": "4", "UserID": "S-1-5-18", "EventData.ErrorCode": "0x80070032"}
{"EventID": "1105", "Channel": "Microsoft-Windows-Biometrics/Operational", "Provider_Name": "Microsoft-Windows-Biometrics", "Computer": "DESKTOP-OFJ6N53", "TimeCreated": "2024-05-30 00:37:49.700090+00:00", "RecordID": "122", "Level": "4", "UserID": "S-1-5-18", "EventData.BiometricSensor": "Windows Hello Face Virtual Software Device (\\Bootstrap\\Virtual Sensors\\{0527b250-7514-4321-8b68-41c65f956998})", "EventData.SensorAdapter": "FaceBootstrapAdapter.dll", "EventData.EngineAdapter": "FaceBootstrapAdapter.dll", "EventData.StorageAdapter": "FaceBootstrapAdapter.dll", "EventData.DatabaseID": "{dc576da6-d676-4a15-906d-c0ceaf949543}", "EventData.SensorMode": "1", "EventData.SensorPool": "1", "EventData.IsolationLevel": "0", "EventData.IsolationSensorAdapter": "-", "EventData.IsolationEngineAdapter": "-", "EventData.IsolationStorageAdapter": "-", "EventData.Component": "1", "EventData.ErrorCode": "0x80004001"}
{"EventID": "1109", "Channel": "Microsoft-Windows-Biometrics/Operational", "Provider_Name": "Microsoft-Windows-Biometrics", "Computer": "DESKTOP-OFJ6N53", "TimeCreated": "2024-05-30 00:37:49.700106+00:00", "RecordID": "123", "Level": "4", "UserID": "S-1-5-18", "EventData.BiometricSensor": "Windows Hello Face Virtual Software Device (\\Bootstrap\\Virtual Sensors\\{0527b250-7514-4321-8b68-41c65f956998})", "EventData.SensorAdapter": "FaceBootstrapAdapter.dll", "EventData.EngineAdapter": "FaceBootstrapAdapter.dll", "EventData.StorageAdapter": "FaceBootstrapAdapter.dll", "EventData.DatabaseID": "{dc576da6-d676-4a15-906d-c0ceaf949543}", "EventData.SensorMode": "1", "EventData.SensorPool": "1", "EventData.IsolationLevel": "0", "EventData.IsolationSensorAdapter": "-", "EventData.IsolationEngineAdapter": "-", "EventData.IsolationStorageAdapter": "-", "EventData.ErrorCode": "0x80004001"}
{"EventID": "1108", "Channel": "Microsoft-Windows-Biometrics/Operational", "Provider_Name": "Microsoft-Windows-Biometrics", "Computer": "DESKTOP-OFJ6N53", "TimeCreated": "2024-05-30 00:37:50.132170+00:00", "RecordID": "124", "Level": "5", "UserID": "S-1-5-18", "EventData.BiometricSensor": "Analog NUI Voice Virtual Sensor (\\Voice\\Virtual Sensors\\{F25AB4A2-593A-4A89-B9FF-8144BEA81E15})", "EventData.SensorAdapter": "NUIVoiceWBSAdapters.dll", "EventData.EngineAdapter": "NUIVoiceWBSAdapters.dll", "EventData.StorageAdapter": "WinBioStorageAdapter.dll", "EventData.DatabaseID": "{51f39552-1075-4199-b513-0c10ea185db0}", "EventData.SensorMode": "1", "EventData.SensorPool": "1", "EventData.IsolationLevel": "0", "EventData.IsolationSensorAdapter": "-", "EventData.IsolationEngineAdapter": "-", "EventData.IsolationStorageAdapter": "-"}
{"EventID": "1600", "Channel": "Microsoft-Windows-Biometrics/Operational", "Provider_Name": "Microsoft-Windows-Biometrics", "Computer": "DESKTOP-OFJ6N53", "TimeCreated": "2024-06-27 00:43:09.364147+00:00", "RecordID": "125", "Level": "4", "UserID": "S-1-5-18", "EventData.ErrorCode": "0x80070032"}
{"EventID": "1105", "Channel": "Microsoft-Windows-Biometrics/Operational", "Provider_Name": "Microsoft-Windows-Biometrics", "Computer": "DESKTOP-OFJ6N53", "TimeCreated": "2024-06-27 00:43:09.549250+00:00", "RecordID": "126", "Level": "4", "UserID": "S-1-5-18", "EventData.BiometricSensor": "Windows Hello Face Virtual Software Device (\\Bootstrap\\Virtual Sensors\\{0527b250-7514-4321-8b68-41c65f956998})", "EventData.SensorAdapter": "FaceBootstrapAdapter.dll", "EventData.EngineAdapter": "FaceBootstrapAdapter.dll", "EventData.StorageAdapter": "FaceBootstrapAdapter.dll", "EventData.DatabaseID": "{dc576da6-d676-4a15-906d-c0ceaf949543}", "EventData.SensorMode": "1", "EventData.SensorPool": "1", "EventData.IsolationLevel": "0", "EventData.IsolationSensorAdapter": "-", "EventData.IsolationEngineAdapter": "-", "EventData.IsolationStorageAdapter": "-", "EventData.Component": "1", "EventData.ErrorCode": "0x80004001"}
{"EventID": "1109", "Channel": "Microsoft-Windows-Biometrics/Operational", "Provider_Name": "Microsoft-Windows-Biometrics", "Computer": "DESKTOP-OFJ6N53", "TimeCreated": "2024-06-27 00:43:09.549263+00:00", "RecordID": "127", "Level": "4", "UserID": "S-1-5-18", "EventData.BiometricSensor": "Windows Hello Face Virtual Software Device (\\Bootstrap\\Virtual Sensors\\{0527b250-7514-4321-8b68-41c65f956998})", "EventData.SensorAdapter": "FaceBootstrapAdapter.dll", "EventData.EngineAdapter": "FaceBootstrapAdapter.dll", "EventData.StorageAdapter": "FaceBootstrapAdapter.dll", "EventData.DatabaseID": "{dc576da6-d676-4a15-906d-c0ceaf949543}", "EventData.SensorMode": "1", "EventData.SensorPool": "1", "EventData.IsolationLevel": "0", "EventData.IsolationSensorAdapter": "-", "EventData.IsolationEngineAdapter": "-", "EventData.IsolationStorageAdapter": "-", "EventData.ErrorCode": "0x80004001"}
{"EventID": "1108", "Channel": "Microsoft-Windows-Biometrics/Operational", "Provider_Name": "Microsoft-Windows-Biometrics", "Computer": "DESKTOP-OFJ6N53", "TimeCreated": "2024-06-27 00:43:09.590990+00:00", "RecordID": "128", "Level": "5", "UserID": "S-1-5-18", "EventData.BiometricSensor": "Analog NUI Voice Virtual Sensor (\\Voice\\Virtual Sensors\\{F25AB4A2-593A-4A89-B9FF-8144BEA81E15})", "EventData.SensorAdapter": "NUIVoiceWBSAdapters.dll", "EventData.EngineAdapter": "NUIVoiceWBSAdapters.dll", "EventData.StorageAdapter": "WinBioStorageAdapter.dll", "EventData.DatabaseID": "{51f39552-1075-4199-b513-0c10ea185db0}", "EventData.SensorMode": "1", "EventData.SensorPool": "1", "EventData.IsolationLevel": "0", "EventData.IsolationSensorAdapter": "-", "EventData.IsolationEngineAdapter": "-", "EventData.IsolationStorageAdapter": "-"}
{"EventID": "1600", "Channel": "Microsoft-Windows-Biometrics/Operational", "Provider_Name": "Microsoft-Windows-Biometrics", "Computer": "DESKTOP-OFJ6N53", "TimeCreated": "2024-07-25 01:24:22.741304+00:00", "RecordID": "129", "Level": "4", "UserID": "S-1-5-18", "EventData.ErrorCode": "0x80070032"}
{"EventID": "1105", "Channel": "Microsoft-Windows-Biometrics/Operational", "Provider_Name": "Microsoft-Windows-Biometrics", "Computer": "DESKTOP-OFJ6N53", "TimeCreated": "2024-07-25 01:24:22.818731+00:00", "RecordID": "130", "Level": "4", "UserID": "S-1-5-18", "EventData.BiometricSensor": "Windows Hello Face Virtual Software Device (\\Bootstrap\\Virtual Sensors\\{0527b250-7514-4321-8b68-41c65f956998})", "EventData.SensorAdapter": "FaceBootstrapAdapter.dll", "EventData.EngineAdapter": "FaceBootstrapAdapter.dll", "EventData.StorageAdapter": "FaceBootstrapAdapter.dll", "EventData.DatabaseID": "{dc576da6-d676-4a15-906d-c0ceaf949543}", "EventData.SensorMode": "1", "EventData.SensorPool": "1", "EventData.IsolationLevel": "0", "EventData.IsolationSensorAdapter": "-", "EventData.IsolationEngineAdapter": "-", "EventData.IsolationStorageAdapter": "-", "EventData.Component": "1", "EventData.ErrorCode": "0x80004001"}
{"EventID": "1109", "Channel": "Microsoft-Windows-Biometrics/Operational", "Provider_Name": "Microsoft-Windows-Biometrics", "Computer": "DESKTOP-OFJ6N53", "TimeCreated": "2024-07-25 01:24:22.818743+00:00", "RecordID": "131", "Level": "4", "UserID": "S-1-5-18", "EventData.BiometricSensor": "Windows Hello Face Virtual Software Device (\\Bootstrap\\Virtual Sensors\\{0527b250-7514-4321-8b68-41c65f956998})", "EventData.SensorAdapter": "FaceBootstrapAdapter.dll", "EventData.EngineAdapter": "FaceBootstrapAdapter.dll", "EventData.StorageAdapter": "FaceBootstrapAdapter.dll", "EventData.DatabaseID": "{dc576da6-d676-4a15-906d-c0ceaf949543}", "EventData.SensorMode": "1", "EventData.SensorPool": "1", "EventData.IsolationLevel": "0", "EventData.IsolationSensorAdapter": "-", "EventData.IsolationEngineAdapter": "-", "EventData.IsolationStorageAdapter": "-", "EventData.ErrorCode": "0x80004001"}
{"EventID": "1108", "Channel": "Microsoft-Windows-Biometrics/Operational", "Provider_Name": "Microsoft-Windows-Biometrics", "Computer": "DESKTOP-OFJ6N53", "TimeCreated": "2024-07-25 01:24:22.857025+00:00", "RecordID": "132", "Level": "5", "UserID": "S-1-5-18", "EventData.BiometricSensor": "Analog NUI Voice Virtual Sensor (\\Voice\\Virtual Sensors\\{F25AB4A2-593A-4A89-B9FF-8144BEA81E15})", "EventData.SensorAdapter": "NUIVoiceWBSAdapters.dll", "EventData.EngineAdapter": "NUIVoiceWBSAdapters.dll", "EventData.StorageAdapter": "WinBioStorageAdapter.dll", "EventData.DatabaseID": "{51f39552-1075-4199-b513-0c10ea185db0}", "EventData.SensorMode": "1", "EventData.SensorPool": "1", "EventData.IsolationLevel": "0", "EventData.IsolationSensorAdapter": "-", "EventData.IsolationEngineAdapter": "-", "EventData.IsolationStorageAdapter": "-"}
{"EventID": "1600", "Channel": "Microsoft-Windows-Biometrics/Operational", "Provider_Name": "Microsoft-Windows-Biometrics", "Computer": "DESKTOP-OFJ6N53", "TimeCreated": "2024-08-22 01:47:57.422356+00:00", "RecordID": "133", "Level": "4", "UserID": "S-1-5-18", "EventData.ErrorCode": "0x80070032"}
{"EventID": "1105", "Channel": "Microsoft-Windows-Biometrics/Operational", "Provider_Name": "Microsoft-Windows-Biometrics", "Computer": "DESKTOP-OFJ6N53", "TimeCreated": "2024-08-22 01:47:57.472635+00:00", "RecordID": "134", "Level": "4", "UserID": "S-1-5-18", "EventData.BiometricSensor": "Windows Hello Face Virtual Software Device (\\Bootstrap\\Virtual Sensors\\{0527b250-7514-4321-8b68-41c65f956998})", "EventData.SensorAdapter": "FaceBootstrapAdapter.dll", "EventData.EngineAdapter": "FaceBootstrapAdapter.dll", "EventData.StorageAdapter": "FaceBootstrapAdapter.dll", "EventData.DatabaseID": "{dc576da6-d676-4a15-906d-c0ceaf949543}", "EventData.SensorMode": "1", "EventData.SensorPool": "1", "EventData.IsolationLevel": "0", "EventData.IsolationSensorAdapter": "-", "EventData.IsolationEngineAdapter": "-", "EventData.IsolationStorageAdapter": "-", "EventData.Component": "1", "EventData.ErrorCode": "0x80004001"}
{"EventID": "1109", "Channel": "Microsoft-Windows-Biometrics/Operational", "Provider_Name": "Microsoft-Windows-Biometrics", "Computer": "DESKTOP-OFJ6N53", "TimeCreated": "2024-08-22 01:47:57.472647+00:00", "RecordID": "135", "Level": "4", "UserID": "S-1-5-18", "EventData.BiometricSensor": "Windows Hello Face Virtual Software Device (\\Bootstrap\\Virtual Sensors\\{0527b250-7514-4321-8b68-41c65f956998})", "EventData.SensorAdapter": "FaceBootstrapAdapter.dll", "EventData.EngineAdapter": "FaceBootstrapAdapter.dll", "EventData.StorageAdapter": "FaceBootstrapAdapter.dll", "EventData.DatabaseID": "{dc576da6-d676-4a15-906d-c0ceaf949543}", "EventData.SensorMode": "1", "EventData.SensorPool": "1", "EventData.IsolationLevel": "0", "EventData.IsolationSensorAdapter": "-", "EventData.IsolationEngineAdapter": "-", "EventData.IsolationStorageAdapter": "-", "EventData.ErrorCode": "0x80004001"}
