{"EventID": "400", "Channel": "Microsoft-Windows-AppXDeploymentServer/Operational", "Provider_Name": "Microsoft-Windows-AppXDeployment-Server", "Computer": "DESKTOP-OFJ6N53", "TimeCreated": "2025-07-27 06:05:56.570070+00:00", "RecordID": "114592", "Level": "4", "UserID": "S-1-5-18", "EventData.DeploymentOperation": "4", "EventData.PackageFullName": "Microsoft.Edge.GameAssist_1.0.3423.0_x64__8wekyb3d8bbwe", "EventData.Path": "(EdgeGameAssist.msix)", "EventData.MountPoint": "C:", "EventData.TargetPlatform": "0x00000000", "EventData.SystemVolume": "True", "EventData.StorageId": "\\\\?\\Volume{c33a8663-71a2-4031-8cec-c21914fe12ad}", "EventData.IsCentennial": "False", "EventData.PackageType": "0x00000001", "EventData.IsPackageEncrypted": "False", "EventData.DeploymentOptions": "0x0040000000000000", "EventData.IsStreamingPackage": "False", "EventData.IsInRelatedSet": "False", "EventData.IsPackageUsingBDC": "False", "EventData.MainPackageFamilyName": "NULL", "EventData.CallingProcess": "setup.exe", "EventData.IsOptional": "False", "EventData.PackageFlags": "0x00800048", "EventData.PackageFlags2": "0x00000800", "EventData.HasWin32alacarte": "False", "EventData.HasFullTrust": "True", "EventData.ExternalLocation": null, "EventData.PackageSourceUri": "file:///C:/Program%20Files%20(x86)/Microsoft/Edge/Application/138.0.3351.109/edge_game_assist/EdgeGameAssist.msix"}
{"EventID": "649", "Channel": "Microsoft-Windows-AppXDeploymentServer/Operational", "Provider_Name": "Microsoft-Windows-AppXDeployment-Server", "Computer": "DESKTOP-OFJ6N53", "TimeCreated": "2025-07-27 06:05:56.573994+00:00", "RecordID": "114593", "Level": "4", "UserID": "S-1-5-18", "EventData.DeploymentOperation": "4", "EventData.PackageFullName": "Microsoft.Edge.GameAssist_1.0.3423.0_x64__8wekyb3d8bbwe", "EventData.Summary": "PostDeploymentOperationCheck cost: 0 ms"}
{"EventID": "400", "Channel": "Microsoft-Windows-AppXDeploymentServer/Operational", "Provider_Name": "Microsoft-Windows-AppXDeployment-Server", "Computer": "DESKTOP-OFJ6N53", "TimeCreated": "2025-07-27 06:05:56.585255+00:00", "RecordID": "114594", "Level": "4", "UserID": "S-1-5-18", "EventData.DeploymentOperation": "4", "EventData.PackageFullName": "Microsoft.MicrosoftEdge.Stable_138.0.3351.109_neutral__8wekyb3d8bbwe", "EventData.Path": "(identity_helper.sparse.stable.msix)", "EventData.MountPoint": "C:", "EventData.TargetPlatform": "0x00000003", "EventData.SystemVolume": "True", "EventData.StorageId": "\\\\?\\Volume{c33a8663-71a2-4031-8cec-c21914fe12ad}", "EventData.IsCentennial": "True", "EventData.PackageType": "0x00000001", "EventData.IsPackageEncrypted": "False", "EventData.DeploymentOptions": "0x0040000000000000", "EventData.IsStreamingPackage": "False", "EventData.IsInRelatedSet": "False", "EventData.IsPackageUsingBDC": "False", "EventData.MainPackageFamilyName": "NULL", "EventData.CallingProcess": "setup.exe", "EventData.IsOptional": "False", "EventData.PackageFlags": "0x02b0004c", "EventData.PackageFlags2": "0x00000800", "EventData.HasWin32alacarte": "True", "EventData.HasFullTrust": "True", "EventData.ExternalLocation": "Application", "EventData.PackageSourceUri": "file:///C:/Program%20Files%20(x86)/Microsoft/Edge/Application/138.0.3351.109/identity_proxy/win10/identity_helper.sparse.stable.msix"}
{"EventID": "649", "Channel": "Microsoft-Windows-AppXDeploymentServer/Operational", "Provider_Name": "Microsoft-Windows-AppXDeployment-Server", "Computer": "DESKTOP-OFJ6N53", "TimeCreated": "2025-07-27 06:05:56.594563+00:00", "RecordID": "114595", "Level": "4", "UserID": "S-1-5-18", "EventData.DeploymentOperation": "4", "EventData.PackageFullName": "Microsoft.MicrosoftEdge.Stable_138.0.3351.109_neutral__8wekyb3d8bbwe", "EventData.Summary": "PostDeploymentOperationCheck cost: 0 ms"}
{"EventID": "613", "Channel": "Microsoft-Windows-AppXDeploymentServer/Operational", "Provider_Name": "Microsoft-Windows-AppXDeployment-Server", "Computer": "DESKTOP-OFJ6N53", "TimeCreated": "2025-07-27 06:05:56.606661+00:00", "RecordID": "114596", "Level": "4", "UserID": "S-1-5-18", "EventData.DeploymentOperation": "4", "EventData.PackageFullName": "Microsoft.Edge.GameAssist_1.0.3423.0_x64__8wekyb3d8bbwe", "EventData.Summary": "Overall time: 1422 ms\nEnqueue cost: 94 ms\nDequeue delay: 0 ms\nBundle processing cost: 0 ms\nIndexing cost: 47 ms\nResolve dependency cost: 0 ms\nCheck approval cost: 15 ms\nEvaluation cost: 297 ms\nHardlinking evaluation cost: 282 ms\nStage required cost: 297 ms\nFlushing and closing files cost: 32 ms\nGap: 31 ms\nMachine register cost: 344 ms\nStage user data cost: 0 ms\nRegistration cost: 0 ms\nRepository commit transaction cost: 250 ms\nGap: 16 ms\nData flush cost: 0 ms\nPost DeStage repository commit transaction cost: 0 ms\nRemaining cost: 31 ms"}
{"EventID": "613", "Channel": "Microsoft-Windows-AppXDeploymentServer/Operational", "Provider_Name": "Microsoft-Windows-AppXDeployment-Server", "Computer": "DESKTOP-OFJ6N53", "TimeCreated": "2025-07-27 06:05:56.628054+00:00", "RecordID": "114597", "Level": "4", "UserID": "S-1-5-18", "EventData.DeploymentOperation": "4", "EventData.PackageFullName": "Microsoft.MicrosoftEdge.Stable_138.0.3351.109_neutral__8wekyb3d8bbwe", "EventData.Summary": "Overall time: 2437 ms\nEnqueue cost: 281 ms\nDequeue delay: 0 ms\nGap: 16 ms\nBundle processing cost: 0 ms\nIndexing cost: 140 ms\nResolve dependency cost: 0 ms\nGap: 16 ms\nCheck approval cost: 16 ms\nEvaluation cost: 1031 ms\nHardlinking evaluation cost: 953 ms\nGap: 15 ms\nStage required cost: 47 ms\nFlushing and closing files cost: 16 ms\nGap: 157 ms\nMachine register cost: 203 ms\nStage user data cost: 0 ms\nRegistration cost: 0 ms\nGap: 15 ms\nRepository commit transaction cost: 438 ms\nGap: 15 ms\nData flush cost: 0 ms\nPost DeStage repository commit transaction cost: 0 ms\nRemaining cost: 47 ms"}
{"EventID": "603", "Channel": "Microsoft-Windows-AppXDeploymentServer/Operational", "Provider_Name": "Microsoft-Windows-AppXDeployment-Server", "Computer": "DESKTOP-OFJ6N53", "TimeCreated": "2025-07-27 06:05:56.959406+00:00", "RecordID": "114598", "Level": "4", "UserID": "S-1-5-18", "EventData.DeploymentOperation": "29", "EventData.Path": "Microsoft.Edge.GameAssist_8wekyb3d8bbwe", "EventData.Flags": "0", "EventData.FlagsHigh": "0", "EventData.CallingProcess": "setup.exe", "EventData.ExternalLocation": null}
{"EventID": "603", "Channel": "Microsoft-Windows-AppXDeploymentServer/Operational", "Provider_Name": "Microsoft-Windows-AppXDeployment-Server", "Computer": "DESKTOP-OFJ6N53", "TimeCreated": "2025-07-27 06:05:56.961649+00:00", "RecordID": "114599", "Level": "4", "UserID": "S-1-5-18", "EventData.DeploymentOperation": "29", "EventData.Path": "Microsoft.MicrosoftEdge.Stable_8wekyb3d8bbwe", "EventData.Flags": "0", "EventData.FlagsHigh": "0", "EventData.CallingProcess": "setup.exe", "EventData.ExternalLocation": null}
{"EventID": "10002", "Channel": "Microsoft-Windows-AppXDeploymentServer/Operational", "Provider_Name": "Microsoft-Windows-AppXDeployment-Server", "Computer": "DESKTOP-OFJ6N53", "TimeCreated": "2025-07-27 06:05:56.985998+00:00", "RecordID": "114600", "Level": "5", "UserID": "S-1-5-18", "EventData.DeploymentOperation": "29", "EventData.MainPackageMoniker": "Microsoft.Edge.GameAssist_1.0.3423.0_x64__8wekyb3d8bbwe", "EventData.ResiliencyFilePath": "C:\\ProgramData\\Microsoft\\Windows\\AppRepository\\53f083dc-866d-4bb9-91cc-49c0a9c80cee_S-1-5-18_3.rslc"}
{"EventID": "607", "Channel": "Microsoft-Windows-AppXDeploymentServer/Operational", "Provider_Name": "Microsoft-Windows-AppXDeployment-Server", "Computer": "DESKTOP-OFJ6N53", "TimeCreated": "2025-07-27 06:05:56.986853+00:00", "RecordID": "114601", "Level": "4", "UserID": "S-1-5-18", "EventData.DeploymentOperation": "29", "EventData.PackageFullName": "Microsoft.Edge.GameAssist_1.0.3423.0_x64__8wekyb3d8bbwe", "EventData.UserSid": "S-1-5-18", "EventData.CallingProcess": "setup.exe"}
{"EventID": "10002", "Channel": "Microsoft-Windows-AppXDeploymentServer/Operational", "Provider_Name": "Microsoft-Windows-AppXDeployment-Server", "Computer": "DESKTOP-OFJ6N53", "TimeCreated": "2025-07-27 06:05:56.990294+00:00", "RecordID": "114602", "Level": "5", "UserID": "S-1-5-18", "EventData.DeploymentOperation": "29", "EventData.MainPackageMoniker": "Microsoft.MicrosoftEdge.Stable_138.0.3351.109_neutral__8wekyb3d8bbwe", "EventData.ResiliencyFilePath": "C:\\ProgramData\\Microsoft\\Windows\\AppRepository\\53f083dc-866d-4bb9-91cc-49c0a9c80cee_S-1-5-18_4.rslc"}
{"EventID": "607", "Channel": "Microsoft-Windows-AppXDeploymentServer/Operational", "Provider_Name": "Microsoft-Windows-AppXDeployment-Server", "Computer": "DESKTOP-OFJ6N53", "TimeCreated": "2025-07-27 06:05:56.990913+00:00", "RecordID": "114603", "Level": "4", "UserID": "S-1-5-18", "EventData.DeploymentOperation": "29", "EventData.PackageFullName": "Microsoft.MicrosoftEdge.Stable_138.0.3351.109_neutral__8wekyb3d8bbwe", "EventData.UserSid": "S-1-5-18", "EventData.CallingProcess": "setup.exe"}
{"EventID": "821", "Channel": "Microsoft-Windows-AppXDeploymentServer/Operational", "Provider_Name": "Microsoft-Windows-AppXDeployment-Server", "Computer": "DESKTOP-OFJ6N53", "TimeCreated": "2025-07-27 06:05:57.003088+00:00", "RecordID": "114604", "Level": "5", "UserID": "S-1-5-18", "EventData.UserSid": "S-1-5-21-963789628-1060504924-4285088085-1001", "EventData.MainPackageFullName": "Microsoft.MicrosoftEdge.Stable_138.0.3351.109_neutral__8wekyb3d8bbwe", "EventData.ErrorCode": "0x00000000"}
{"EventID": "822", "Channel": "Microsoft-Windows-AppXDeploymentServer/Operational", "Provider_Name": "Microsoft-Windows-AppXDeployment-Server", "Computer": "DESKTOP-OFJ6N53", "TimeCreated": "2025-07-27 06:05:57.004620+00:00", "RecordID": "114605", "Level": "5", "UserID": "S-1-5-18", "EventData.Error": "0x00000000", "EventData.PackageMoniker": "Microsoft.MicrosoftEdge.Stable_138.0.3351.109_neutral__8wekyb3d8bbwe"}
{"EventID": "813", "Channel": "Microsoft-Windows-AppXDeploymentServer/Operational", "Provider_Name": "Microsoft-Windows-AppXDeployment-Server", "Computer": "DESKTOP-OFJ6N53", "TimeCreated": "2025-07-27 06:05:57.004667+00:00", "RecordID": "114606", "Level": "5", "UserID": "S-1-5-18", "EventData.PackageMoniker": "Microsoft.MicrosoftEdge.Stable_138.0.3351.109_neutral__8wekyb3d8bbwe"}
{"EventID": "400", "Channel": "Microsoft-Windows-AppXDeploymentServer/Operational", "Provider_Name": "Microsoft-Windows-AppXDeployment-Server", "Computer": "DESKTOP-OFJ6N53", "TimeCreated": "2025-07-27 06:05:57.208099+00:00", "RecordID": "114607", "Level": "4", "UserID": "S-1-5-18", "EventData.DeploymentOperation": "29", "EventData.PackageFullName": "Microsoft.Edge.GameAssist_1.0.3423.0_x64__8wekyb3d8bbwe", "EventData.Path": null, "EventData.MountPoint": "C:", "EventData.TargetPlatform": "0x00000000", "EventData.SystemVolume": "True", "EventData.StorageId": "\\\\?\\Volume{c33a8663-71a2-4031-8cec-c21914fe12ad}", "EventData.IsCentennial": "False", "EventData.PackageType": "0x00000001", "EventData.IsPackageEncrypted": "False", "EventData.DeploymentOptions": "0x0000000000000000", "EventData.IsStreamingPackage": "False", "EventData.IsInRelatedSet": "False", "EventData.IsPackageUsingBDC": "False", "EventData.MainPackageFamilyName": "NULL", "EventData.CallingProcess": "setup.exe", "EventData.IsOptional": "False", "EventData.PackageFlags": "0x00800448", "EventData.PackageFlags2": "0x00000800", "EventData.HasWin32alacarte": "False", "EventData.HasFullTrust": "True", "EventData.ExternalLocation": null, "EventData.PackageSourceUri": "file:///C:/Program%20Files%20(x86)/Microsoft/Edge/Application/138.0.3351.109/edge_game_assist/EdgeGameAssist.msix"}
{"EventID": "649", "Channel": "Microsoft-Windows-AppXDeploymentServer/Operational", "Provider_Name": "Microsoft-Windows-AppXDeployment-Server", "Computer": "DESKTOP-OFJ6N53", "TimeCreated": "2025-07-27 06:05:57.208797+00:00", "RecordID": "114608", "Level": "4", "UserID": "S-1-5-18", "EventData.DeploymentOperation": "29", "EventData.PackageFullName": "Microsoft.Edge.GameAssist_1.0.3423.0_x64__8wekyb3d8bbwe", "EventData.Summary": "PostDeploymentOperationCheck cost: 0 ms"}
{"EventID": "400", "Channel": "Microsoft-Windows-AppXDeploymentServer/Operational", "Provider_Name": "Microsoft-Windows-AppXDeployment-Server", "Computer": "DESKTOP-OFJ6N53", "TimeCreated": "2025-07-27 06:05:57.289583+00:00", "RecordID": "114609", "Level": "4", "UserID": "S-1-5-18", "EventData.DeploymentOperation": "29", "EventData.PackageFullName": "Microsoft.MicrosoftEdge.Stable_138.0.3351.109_neutral__8wekyb3d8bbwe", "EventData.Path": null, "EventData.MountPoint": "C:", "EventData.TargetPlatform": "0x00000003", "EventData.SystemVolume": "True", "EventData.StorageId": "\\\\?\\Volume{c33a8663-71a2-4031-8cec-c21914fe12ad}", "EventData.IsCentennial": "True", "EventData.PackageType": "0x00000001", "EventData.IsPackageEncrypted": "False", "EventData.DeploymentOptions": "0x0000000000000000", "EventData.IsStreamingPackage": "False", "EventData.IsInRelatedSet": "False", "EventData.IsPackageUsingBDC": "False", "EventData.MainPackageFamilyName": "NULL", "EventData.CallingProcess": "setup.exe", "EventData.IsOptional": "False", "EventData.PackageFlags": "0x02b0044c", "EventData.PackageFlags2": "0x00000800", "EventData.HasWin32alacarte": "True", "EventData.HasFullTrust": "True", "EventData.ExternalLocation": null, "EventData.PackageSourceUri": "file:///C:/Program%20Files%20(x86)/Microsoft/Edge/Application/138.0.3351.109/identity_proxy/win10/identity_helper.sparse.stable.msix"}
{"EventID": "649", "Channel": "Microsoft-Windows-AppXDeploymentServer/Operational", "Provider_Name": "Microsoft-Windows-AppXDeployment-Server", "Computer": "DESKTOP-OFJ6N53", "TimeCreated": "2025-07-27 06:05:57.289719+00:00", "RecordID": "114610", "Level": "4", "UserID": "S-1-5-18", "EventData.DeploymentOperation": "29", "EventData.PackageFullName": "Microsoft.MicrosoftEdge.Stable_138.0.3351.109_neutral__8wekyb3d8bbwe", "EventData.Summary": "PostDeploymentOperationCheck cost: 0 ms"}
{"EventID": "603", "Channel": "Microsoft-Windows-AppXDeploymentServer/Operational", "Provider_Name": "Microsoft-Windows-AppXDeployment-Server", "Computer": "DESKTOP-OFJ6N53", "TimeCreated": "2025-07-27 09:30:06.491198+00:00", "RecordID": "114611", "Level": "4", "UserID": "S-1-5-18", "EventData.DeploymentOperation": "5", "EventData.Path": "Microsoft.YourPhone_1.25061.45.0_neutral_~_8wekyb3d8bbwe", "EventData.Flags": "0", "EventData.FlagsHigh": "0", "EventData.CallingProcess": "svchost.exe,wuauserv", "EventData.ExternalLocation": null}
{"EventID": "10002", "Channel": "Microsoft-Windows-AppXDeploymentServer/Operational", "Provider_Name": "Microsoft-Windows-AppXDeployment-Server", "Computer": "DESKTOP-OFJ6N53", "TimeCreated": "2025-07-27 09:30:06.508108+00:00", "RecordID": "114612", "Level": "5", "UserID": "S-1-5-18", "EventData.DeploymentOperation": "2", "EventData.MainPackageMoniker": "Microsoft.YourPhone_1.25061.45.0_neutral_~_8wekyb3d8bbwe", "EventData.ResiliencyFilePath": "C:\\ProgramData\\Microsoft\\Windows\\AppRepository\\c62b4817-ab9c-4eba-ad67-7c4a3b286217_S-1-5-18_1.rslc"}
{"EventID": "607", "Channel": "Microsoft-Windows-AppXDeploymentServer/Operational", "Provider_Name": "Microsoft-Windows-AppXDeployment-Server", "Computer": "DESKTOP-OFJ6N53", "TimeCreated": "2025-07-27 09:30:06.510376+00:00", "RecordID": "114613", "Level": "4", "UserID": "S-1-5-18", "EventData.DeploymentOperation": "2", "EventData.PackageFullName": "Microsoft.YourPhone_1.25061.45.0_neutral_~_8wekyb3d8bbwe", "EventData.UserSid": "S-1-5-18", "EventData.CallingProcess": "svchost.exe,wuauserv"}
{"EventID": "627", "Channel": "Microsoft-Windows-AppXDeploymentServer/Operational", "Provider_Name": "Microsoft-Windows-AppXDeployment-Server", "Computer": "DESKTOP-OFJ6N53", "TimeCreated": "2025-07-27 09:30:06.518293+00:00", "RecordID": "114614", "Level": "5", "UserID": "S-1-5-18", "EventData.PackageMoniker": "Microsoft.YourPhone_1.25061.45.0_neutral_~_8wekyb3d8bbwe"}
{"EventID": "400", "Channel": "Microsoft-Windows-AppXDeploymentServer/Operational", "Provider_Name": "Microsoft-Windows-AppXDeployment-Server", "Computer": "DESKTOP-OFJ6N53", "TimeCreated": "2025-07-27 09:30:06.633352+00:00", "RecordID": "114615", "Level": "4", "UserID": "S-1-5-18", "EventData.DeploymentOperation": "5", "EventData.PackageFullName": "Microsoft.YourPhone_1.25061.45.0_neutral_~_8wekyb3d8bbwe", "EventData.Path": null, "EventData.MountPoint": "C:", "EventData.TargetPlatform": "0x00000001", "EventData.SystemVolume": "True", "EventData.StorageId": "\\\\?\\Volume{c33a8663-71a2-4031-8cec-c21914fe12ad}", "EventData.IsCentennial": "False", "EventData.PackageType": "0x00000000", "EventData.IsPackageEncrypted": "False", "EventData.DeploymentOptions": "0x0000000000000000", "EventData.IsStreamingPackage": "False", "EventData.IsInRelatedSet": "False", "EventData.IsPackageUsingBDC": "False", "EventData.MainPackageFamilyName": "NULL", "EventData.CallingProcess": "svchost.exe,wuauserv", "EventData.IsOptional": "False", "EventData.PackageFlags": "0x00000000", "EventData.PackageFlags2": "0x00000000", "EventData.HasWin32alacarte": "False", "EventData.HasFullTrust": "False", "EventData.ExternalLocation": null, "EventData.PackageSourceUri": null}
{"EventID": "649", "Channel": "Microsoft-Windows-AppXDeploymentServer/Operational", "Provider_Name": "Microsoft-Windows-AppXDeployment-Server", "Computer": "DESKTOP-OFJ6N53", "TimeCreated": "2025-07-27 09:30:06.633690+00:00", "RecordID": "114616", "Level": "4", "UserID": "S-1-5-18", "EventData.DeploymentOperation": "2", "EventData.PackageFullName": "Microsoft.YourPhone_1.25061.45.0_neutral_~_8wekyb3d8bbwe", "EventData.Summary": "PostDeploymentOperationCheck cost: 0 ms"}
{"EventID": "603", "Channel": "Microsoft-Windows-AppXDeploymentServer/Operational", "Provider_Name": "Microsoft-Windows-AppXDeployment-Server", "Computer": "DESKTOP-OFJ6N53", "TimeCreated": "2025-07-27 09:30:18.844982+00:00", "RecordID": "114617", "Level": "4", "UserID": "S-1-5-18", "EventData.DeploymentOperation": "4", "EventData.Path": "5a80ed89573cd7c715eebad914cb48f07636dd64", "EventData.Flags": "67108880", "EventData.FlagsHigh": "128", "EventData.CallingProcess": "svchost.exe,wuauserv", "EventData.ExternalLocation": null}
{"EventID": "10002", "Channel": "Microsoft-Windows-AppXDeploymentServer/Operational", "Provider_Name": "Microsoft-Windows-AppXDeployment-Server", "Computer": "DESKTOP-OFJ6N53", "TimeCreated": "2025-07-27 09:30:20.085760+00:00", "RecordID": "114618", "Level": "5", "UserID": "S-1-5-18", "EventData.DeploymentOperation": "4", "EventData.MainPackageMoniker": "Microsoft.YourPhone_1.25061.51.0_neutral_~_8wekyb3d8bbwe", "EventData.ResiliencyFilePath": "C:\\ProgramData\\Microsoft\\Windows\\AppRepository\\c62b4817-ab9c-4eba-ad67-7c4a3b286217_S-1-5-18_2.rslc"}
{"EventID": "607", "Channel": "Microsoft-Windows-AppXDeploymentServer/Operational", "Provider_Name": "Microsoft-Windows-AppXDeployment-Server", "Computer": "DESKTOP-OFJ6N53", "TimeCreated": "2025-07-27 09:30:20.086555+00:00", "RecordID": "114619", "Level": "4", "UserID": "S-1-5-18", "EventData.DeploymentOperation": "4", "EventData.PackageFullName": "Microsoft.YourPhone_1.25061.51.0_neutral_~_8wekyb3d8bbwe", "EventData.UserSid": "S-1-5-18", "EventData.CallingProcess": "svchost.exe,wuauserv"}
{"EventID": "614", "Channel": "Microsoft-Windows-AppXDeploymentServer/Operational", "Provider_Name": "Microsoft-Windows-AppXDeployment-Server", "Computer": "DESKTOP-OFJ6N53", "TimeCreated": "2025-07-27 09:30:20.103168+00:00", "RecordID": "114620", "Level": "5", "UserID": "S-1-5-18", "EventData.PathOne": "x-windowsupdate://71FF77DA-A6D3-413E-AD63-D75FE50109AE/B99AEF9A-1685-4798-B4B1-3D94EE6D7184/5a80ed89573cd7c715eebad914cb48f07636dd64", "EventData.PathTwo": "\"AppxMetadata\\Stub\\YourPhoneStub.Package_0.25061.51.0_ARM64.msix\": Microsoft.YourPhone_0.25061.51.0_arm64__8wekyb3d8bbwe \"AppxMetadata\\Stub\\YourPhoneStub.Package_0.25061.51.0_language-af.msix\": Microsoft.YourPhone_0.25061.51.0_neutral_split.language-af_8wekyb3d8bbwe \"AppxMetadata\\Stub\\YourPhoneStub.Package_0.25061.51.0_language-am.msix\": Microsoft.YourPhone_0.25061.51.0_neutral_split.language-am_8wekyb3d8bbwe \"AppxMetadata\\Stub\\YourPhoneStub.Package_0.25061.51.0_language-ar.msix\": Microsoft.YourPhone_0.25061.51.0_neutral_split.language-ar_8wekyb3d8bbwe \"AppxMetadata\\Stub\\YourPhoneStub.Package_0.25061.51.0_language-as.msix\": Microsoft.YourPhone_0.25061.51.0_neutral_split.language-as_8wekyb3d8bbwe \"AppxMetadata\\Stub\\YourPhoneStub.Package_0.25061.51.0_language-az-latn.msix\": Microsoft.YourPhone_0.25061.51.0_neutral_split.language-az-latn_8wekyb3d8bbwe \"AppxMetadata\\Stub\\YourPhoneStub.Package_0.25061.51.0_language-be.msix\": Microsoft.YourPhone_0.25061.51.0_neutral_split.language-be_8wekyb3d8bbwe \"AppxMetadata\\Stub\\YourPhoneStub.Package_0.25061.51.0_language-bg.msix\": Microsoft.YourPhone_0.25061.51.0_neutral_split.language-bg_8wekyb3d8bbwe \"AppxMetadata\\Stub\\YourPhoneStub.Package_0.25061.51.0_language-bn.msix\": Microsoft.YourPhone_0.25061.51.0_neutral_split.language-bn_8wekyb3d8bbwe \"AppxMetadata\\Stub\\YourPhoneStub.Package_0.25061.51.0_language-bs.msix\": Microsoft.YourPhone_0.25061.51.0_neutral_split.language-bs_8wekyb3d8bbwe \"AppxMetadata\\Stub\\YourPhoneStub.Package_0.25061.51.0_language-ca.msix\": Microsoft.YourPhone_0.25061.51.0_neutral_split.language-ca_8wekyb3d8bbwe \"AppxMetadata\\Stub\\YourPhoneStub.Package_0.25061.51.0_language-cs.msix\": Microsoft.YourPhone_0.25061.51.0_neutral_split.language-cs_8wekyb3d8bbwe \"AppxMetadata\\Stub\\YourPhoneStub.Package_0.25061.51.0_language-cy.msix\": Microsoft.YourPhone_0.25061.51.0_neutral_split.language-cy_8wekyb3d8bbwe \"AppxMetadata\\Stub\\YourPhoneStub.Package_0.25061.51.0_language-da.msix\": Microsoft.YourPhone_0.25061.51.0_neutral_split.language-da_8wekyb3d8bbwe \"AppxMetadata\\Stub\\YourPhoneStub.Package_0.25061.51.0_language-de.msix\": Microsoft.YourPhone_0.25061.51.0_neutral_split.language-de_8wekyb3d8bbwe \"AppxMetadata\\Stub\\YourPhoneStub.Package_0.25061.51.0_language-el.msix\": Microsoft.YourPhone_0.25061.51.0_neutral_split.language-el_8wekyb3d8bbwe \"AppxMetadata\\Stub\\YourPhoneStub.Package_0.25061.51.0_language-es.msix\": Microsoft.YourPhone_0.25061.51.0_neutral_split.language-es_8wekyb3d8bbwe \"AppxMetadata\\Stub\\YourPhoneStub.Package_0.25061.51.0_language-et.msix\": Microsoft.YourPhone_0.25061.51.0_neutral_split.language-et_8wekyb3d8bbwe \"AppxMetadata\\Stub\\YourPhoneStub.Package_0.25061.51.0_language-eu.msix\": Microsoft.YourPhone_0.25061.51.0_neutral_split.language-eu_8wekyb3d8bbwe \"AppxMetadata\\Stub\\YourPhoneStub.Package_0.25061.51.0_language-fa.msix\": Microsoft.YourPhone_0.25061.51.0_neutral_split.language-fa_8wekyb3d8bbwe \"AppxMetadata\\Stub\\YourPhoneStub.Package_0.25061.51.0_language-fi.msix\": Microsoft.YourPhone_0.25061.51.0_neutral_split.language-fi_8wekyb3d8bbwe \"AppxMetadata\\Stub\\YourPhoneStub.Package_0.25061.51.0_language-fil-latn.msix\": Microsoft.YourPhone_0.25061.51.0_neutral_split.language-fil-latn_8wekyb3d8bbwe \"AppxMetadata\\Stub\\YourPhoneStub.Package_0.25061.51.0_language-fr.msix\": Microsoft.YourPhone_0.25061.51.0_neutral_split.language-fr_8wekyb3d8bbwe \"AppxMetadata\\Stub\\YourPhoneStub.Package_0.25061.51.0_language-ga.msix\": Microsoft.YourPhone_0.25061.51.0_neutral_split.language-ga_8wekyb3d8bbwe \"AppxMetadata\\Stub\\YourPhoneStub.Package_0.25061.51.0_language-gd-latn.msix\": Microsoft.YourPhone_0.25061.51.0_neutral_split.language-gd-latn_8wekyb3d8bbwe \"AppxMetadata\\Stub\\YourPhoneStub.Package_0.25061.51.0_language-gl.msix\": Microsoft.YourPhone_0.25061.51.0_neutral_split.language-gl_8wekyb3d8bbwe \"AppxMetadata\\Stub\\YourPhoneStub.Package_0.25061.51.0_language-gu.msix\": Microsoft.YourPhone_0.25061.51.0_neutral_split.language-gu_8wekyb3d8bbwe \"AppxMetadata\\Stub\\YourPhoneStub.Package_0.25061.51.0_language-he.msix\": Microsoft.YourPhone_0.25061.51.0_neutral_split.language-he_8wekyb3d8bbwe \"AppxMetadata\\Stub\\YourPhoneStub.Package_0.25061.51.0_language-hi.msix\": Microsoft.YourPhone_0.25061.51.0_neutral_split.language-hi_8wekyb3d8bbwe \"AppxMetadata\\Stub\\YourPhoneStub.Package_0.25061.51.0_language-hr.msix\": Microsoft.YourPhone_0.25061.51.0_neutral_split.language-hr_8wekyb3d8bbwe \"AppxMetadata\\Stub\\YourPhoneStub.Package_0.25061.51.0_language-hu.msix\": Microsoft.YourPhone_0.25061.51.0_neutral_split.language-hu_8wekyb3d8bbwe \"AppxMetadata\\Stub\\YourPhoneStub.Package_0.25061.51.0_language-hy.msix\": Microsoft.YourPhone_0.25061.51.0_neutral_split.language-hy_8wekyb3d8bbwe \"AppxMetadata\\Stub\\YourPhoneStub.Package_0.25061.51.0_language-id.msix\": Microsoft.YourPhone_0.25061.51.0_neutral_split.language-id_8wekyb3d8bbwe \"AppxMetadata\\Stub\\YourPhoneStub.Package_0.25061.51.0_language-is.msix\": Microsoft.YourPhone_0.25061.51.0_neutral_split.language-is_8wekyb3d8bbwe \"AppxMetadata\\Stub\\YourPhoneStub.Package_0.25061.51.0_language-it.msix\": Microsoft.YourPhone_0.25061.51.0_neutral_split.language-it_8wekyb3d8bbwe \"AppxMetadata\\Stub\\YourPhoneStub.Package_0.25061.51.0_language-ja.msix\": Microsoft.YourPhone_0.25061.51.0_neutral_split.language-ja_8wekyb3d8bbwe \"AppxMetadata\\Stub\\YourPhoneStub.Package_0.25061.51.0_language-ka.msix\": Microsoft.YourPhone_0.25061.51.0_neutral_split.language-ka_8wekyb3d8bbwe \"AppxMetadata\\Stub\\YourPhoneStub.Package_0.25061.51.0_language-kk.msix\": Microsoft.YourPhone_0.25061.51.0_neutral_split.language-kk_8wekyb3d8bbwe \"AppxMetadata\\Stub\\YourPhoneStub.Package_0.25061.51.0_language-km.msix\": Microsoft.YourPhone_0.25061.51.0_neutral_split.language-km_8wekyb3d8bbwe \"AppxMetadata\\Stub\\YourPhoneStub.Package_0.25061.51.0_language-kn.msix\": Microsoft.YourPhone_0.25061.51.0_neutral_split.language-kn_8wekyb3d8bbwe \"AppxMetadata\\Stub\\YourPhoneStub.Package_0.25061.51.0_language-ko.msix\": Microsoft.YourPhone_0.25061.51.0_neutral_split.language-ko_8wekyb3d8bbwe \"AppxMetadata\\Stub\\YourPhoneStub.Package_0.25061.51.0_language-kok.msix\": Microsoft.YourPhone_0.25061.51.0_neutral_split.language-kok_8wekyb3d8bbwe \"AppxMetadata\\Stub\\YourPhoneStub.Package_0.25061.51.0_language-lb.msix\": Microsoft.YourPhone_0.25061.51.0_neutral_split.language-lb_8wekyb3d8bbwe \"AppxMetadata\\Stub\\YourPhoneStub.Package_0.25061.51.0_language-lo.msix\": Microsoft.YourPhone_0.25061.51.0_neutral_split.language-lo_8wekyb3d8bbwe \"AppxMetadata\\Stub\\YourPhoneStub.Package_0.25061.51.0_language-lt.msix\": Microsoft.YourPhone_0.25061.51.0_neutral_split.language-lt_8wekyb3d8bbwe \"AppxMetadata\\Stub\\YourPhoneStub.Package_0.25061.51.0_language-lv.msix\": Microsoft.YourPhone_0.25061.51.0_neutral_split.language-lv_8wekyb3d8bbwe \"AppxMetadata\\Stub\\YourPhoneStub.Package_0.25061.51.0_language-mi-latn.msix\": Microsoft.YourPhone_0.25061.51.0_neutral_split.language-mi-latn_8wekyb3d8bbwe \"AppxMetadata\\Stub\\YourPhoneStub.Package_0.25061.51.0_language-mk.msix\": Microsoft.YourPhone_0.25061.51.0_neutral_split.language-mk_8wekyb3d8bbwe \"AppxMetadata\\Stub\\YourPhoneStub.Package_0.25061.51.0_language-ml.msix\": Microsoft.YourPhone_0.25061.51.0_neutral_split.language-ml_8wekyb3d8bbwe \"AppxMetadata\\Stub\\YourPhoneStub.Package_0.25061.51.0_language-mr.msix\": Microsoft.YourPhone_0.25061.51.0_neutral_split.language-mr_8wekyb3d8bbwe \"AppxMetadata\\Stub\\YourPhoneStub.Package_0.25061.51.0_language-ms.msix\": Microsoft.YourPhone_0.25061.51.0_neutral_split.language-ms_8wekyb3d8bbwe \"AppxMetadata\\Stub\\YourPhoneStub.Package_0.25061.51.0_language-mt.msix\": Microsoft.YourPhone_0.25061.51.0_neutral_split.language-mt_8wekyb3d8bbwe \"AppxMetadata\\Stub\\YourPhoneStub.Package_0.25061.51.0_language-nb.msix\": Microsoft.YourPhone_0.25061.51.0_neutral_split.language-nb_8wekyb3d8bbwe \"AppxMetadata\\Stub\\YourPhoneStub.Package_0.25061.51.0_language-ne.msix\": Microsoft.YourPhone_0.25061.51.0_neutral_split.language-ne_8wekyb3d8bbwe \"AppxMetadata\\Stub\\YourPhoneStub.Package_0.25061.51.0_language-nl.msix\": Microsoft.YourPhone_0.25061.51.0_neutral_split.language-nl_8wekyb3d8bbwe \"AppxMetadata\\Stub\\YourPhoneStub.Package_0.25061.51.0_language-nn.msix\": Microsoft.YourPhone_0.25061.51.0_neutral_split.language-nn_8wekyb3d8bbwe \"AppxMetadata\\Stub\\YourPhoneStub.Package_0.25061.51.0_language-or.msix\": Microsoft.YourPhone_0.25061.51.0_neutral_split.language-or_8wekyb3d8bbwe \"AppxMetadata\\Stub\\YourPhoneStub.Package_0.25061.51.0_language-pa.msix\": Microsoft.YourPhone_0.25061.51.0_neutral_split.language-pa_8wekyb3d8bbwe \"AppxMetadata\\Stub\\YourPhoneStub.Package_0.25061.51.0_language-pl.msix\": Microsoft.YourPhone_0.25061.51.0_neutral_split.language-pl_8wekyb3d8bbwe \"AppxMetadata\\Stub\\YourPhoneStub.Package_0.25061.51.0_language-pt.msix\": Microsoft.YourPhone_0.25061.51.0_neutral_split.language-pt_8wekyb3d8bbwe \"AppxMetadata\\Stub\\YourPhoneStub.Package_0.25061.51.0_language-qps-ploc.msix\": Microsoft.YourPhone_0.25061.51.0_neutral_split.language-qps-ploc_8wekyb3d8bbwe \"AppxMetadata\\Stub\\YourPhoneStub.Package_0.25061.51.0_language-qps-ploca.msix\": Microsoft.YourPhone_0.25061.51.0_neutral_split.language-qps-ploca_8wekyb3d8bbwe \"AppxMetadata\\Stub\\YourPhoneStub.Package_0.25061.51.0_language-qps-plocm.msix\": Microsoft.YourPhone_0.25061.51.0_neutral_split.language-qps-plocm_8wekyb3d8bbwe \"AppxMetadata\\Stub\\YourPhoneStub.Package_0.25061.51.0_language-quz-latn.msix\": Microsoft.YourPhone_0.25061.51.0_neutral_split.language-quz-latn_8wekyb3d8bbwe \"AppxMetadata\\Stub\\YourPhoneStub.Package_0.25061.51.0_language-ro.msix\": Microsoft.YourPhone_0.25061.51.0_neutral_split.language-ro_8wekyb3d8bbwe \"AppxMetadata\\Stub\\YourPhoneStub.Package_0.25061.51.0_language-ru.msix\": Microsoft.YourPhone_0.25061.51.0_neutral_split.language-ru_8wekyb3d8bbwe \"AppxMetadata\\Stub\\YourPhoneStub.Package_0.25061.51.0_language-sk.msix\": Microsoft.YourPhone_0.25061.51.0_neutral_split.language-sk_8wekyb3d8bbwe \"AppxMetadata\\Stub\\YourPhoneStub.Package_0.25061.51.0_language-sl.msix\": Microsoft.YourPhone_0.25061.51.0_neutral_split.language-sl_8wekyb3d8bbwe \"AppxMetadata\\Stub\\YourPhoneStub.Package_0.25061.51.0_language-sq.msix\": Microsoft.YourPhone_0.25061.51.0_neutral_split.language-sq_8wekyb3d8bbwe \"AppxMetadata\\Stub\\YourPhoneStub.Package_0.25061.51.0_language-sr-cyrl.msix\": Microsoft.YourPhone_0.25061.51.0_neutral_split.language-sr-cyrl_8wekyb3d8bbwe \"AppxMetadata\\Stub\\YourPhoneStub.Package_0.25061.51.0_language-sr-latn.msix\": Microsoft.YourPhone_0.25061.51.0_neutral_split.language-sr-latn_8wekyb3d8bbwe \"AppxMetadata\\Stub\\YourPhoneStub.Package_0.25061.51.0_language-sv.msix\": Microsoft.YourPhone_0.25061.51.0_neutral_split.language-sv_8wekyb3d8bbwe \"AppxMetadata\\Stub\\YourPhoneStub.Package_0.25061.51.0_language-ta.msix\": Microsoft.YourPhone_0.25061.51.0_neutral_split.language-ta_8wekyb3d8bbwe \"AppxMetadata\\Stub\\YourPhoneStub.Package_0.25061.51.0_language-te.msix\": Microsoft.YourPhone_0.25061.51.0_neutral_split.language-te_8wekyb3d8bbwe \"AppxMetadata\\Stub\\YourPhoneStub.Package_0.25061.51.0_language-th.msix\": Microsoft.YourPhone_0.25061.51.0_neutral_split.language-th_8wekyb3d8bbwe \"AppxMetadata\\Stub\\YourPhoneStub.Package_0.25061.51.0_language-tr.msix\": Microsoft.YourPhone_0.25061.51.0_neutral_split.language-tr_8wekyb3d8bbwe \"AppxMetadata\\Stub\\YourPhoneStub.Package_0.25061.51.0_language-tt-cyrl.msix\": Microsoft.YourPhone_0.25061.51.0_neutral_split.language-tt-cyrl_8wekyb3d8bbwe \"AppxMetadata\\Stub\\YourPhoneStub.Package_0.25061.51.0_language-ug-arab.msix\": Microsoft.YourPhone_0.25061.51.0_neutral_split.language-ug-arab_8wekyb3d8bbwe \"AppxMetadata\\Stub\\YourPhoneStub.Package_0.25061.51.0_language-uk.msix\": Microsoft.YourPhone_0.25061.51.0_neutral_split.language-uk_8wekyb3d8bbwe \"AppxMetadata\\Stub\\YourPhoneStub.Package_0.25061.51.0_language-ur.msix\": Microsoft.YourPhone_0.25061.51.0_neutral_split.language-ur_8wekyb3d8bbwe \"AppxMetadata\\Stub\\YourPhoneStub.Package_0.25061.51.0_language-uz-latn.msix\": Microsoft.YourPhone_0.25061.51.0_neutral_split.language-uz-latn_8wekyb3d8bbwe \"AppxMetadata\\Stub\\YourPhoneStub.Package_0.25061.51.0_language-vi.msix\": Microsoft.YourPhone_0.25061.51.0_neutral_split.language-vi_8wekyb3d8bbwe \"AppxMetadata\\Stub\\YourPhoneStub.Package_0.25061.51.0_language-zh-hans.msix\": Microsoft.YourPhone_0.25061.51.0_neutral_split.language-zh-hans_8wekyb3d8bbwe \"AppxMetadata\\Stub\\YourPhoneStub.Package_0.25061.51.0_language-zh-hant.msix\": Microsoft.YourPhone_0.25061.51.0_neutral_split.language-zh-hant_8wekyb3d8bbwe \"AppxMetadata\\Stub\\YourPhoneStub.Package_0.25061.51.0_scale-100.msix\": Microsoft.YourPhone_0.25061.51.0_neutral_split.scale-100_8wekyb3d8bbwe \"AppxMetadata\\Stub\\YourPhoneStub.Package_0.25061.51.0_scale-125.msix\": Microsoft.YourPhone_0.25061.51.0_neutral_split.scale-125_8wekyb3d8bbwe \"AppxMetadata\\Stub\\YourPhoneStub.Package_0.25061.51.0_scale-150.msix\": Microsoft.YourPhone_0.25061.51.0_neutral_split.scale-150_8wekyb3d8bbwe \"AppxMetadata\\Stub\\YourPhoneStub.Package_0.25061.51.0_scale-400.msix\": Microsoft.YourPhone_0.25061.51.0_neutral_split.scale-400_8wekyb3d8bbwe \"AppxMetadata\\Stub\\YourPhoneStub.Package_0.25061.51.0_x64.msix\": Microsoft.YourPhone_0.25061.51.0_x64__8wekyb3d8bbwe \"AppxMetadata\\Stub\\YourPhoneStub.Package_0.25061.51.0_x86.msix\": Microsoft.YourPhone_0.25061.51.0_x86__8wekyb3d8bbwe \"YourPhone.Package_1.25061.51.0_arm64.msix\": Microsoft.YourPhone_1.25061.51.0_arm64__8wekyb3d8bbwe \"YourPhone.Package_1.25061.51.0_x64.msix\": Microsoft.YourPhone_1.25061.51.0_x64__8wekyb3d8bbwe \"YourPhone.Package_1.25061.51.0_x86.msix\": Microsoft.YourPhone_1.25061.51.0_x86__8wekyb3d8bbwe \"YourPhone.Package_1.25061.51.0_language-bs.msix\": Microsoft.YourPhone_1.25061.51.0_neutral_split.language-bs_8wekyb3d8bbwe \"YourPhone.Package_1.25061.51.0_language-uz-latn.msix\": Microsoft.YourPhone_1.25061.51.0_neutral_split.language-uz-latn_8wekyb3d8bbwe \"YourPhone.Package_1.25061.51.0_language-es.msix\": Microsoft.YourPhone_1.25061.51.0_neutral_split.language-es_8wekyb3d8bbwe \"YourPhone.Package_1.25061.51.0_language-pa.msix\": Microsoft.YourPhone_1.25061.51.0_neutral_split.language-pa_8wekyb3d8bbwe \"YourPhone.Package_1.25061.51.0_language-ka.msix\": Microsoft.YourPhone_1.25061.51.0_neutral_split.language-ka_8wekyb3d8bbwe \"YourPhone.Package_1.25061.51.0_language-zh-hans.msix\": Microsoft.YourPhone_1.25061.51.0_neutral_split.language-zh-hans_8wekyb3d8bbwe \"YourPhone.Package_1.25061.51.0_language-nn.msix\": Microsoft.YourPhone_1.25061.51.0_neutral_split.language-nn_8wekyb3d8bbwe \"YourPhone.Package_1.25061.51.0_language-am.msix\": Microsoft.YourPhone_1.25061.51.0_neutral_split.language-am_8wekyb3d8bbwe \"YourPhone.Package_1.25061.51.0_language-kk.msix\": Microsoft.YourPhone_1.25061.51.0_neutral_split.language-kk_8wekyb3d8bbwe \"YourPhone.Package_1.25061.51.0_language-ga.msix\": Microsoft.YourPhone_1.25061.51.0_neutral_split.language-ga_8wekyb3d8bbwe \"YourPhone.Package_1.25061.51.0_language-ml.msix\": Microsoft.YourPhone_1.25061.51.0_neutral_split.language-ml_8wekyb3d8bbwe \"YourPhone.Package_1.25061.51.0_language-af.msix\": Microsoft.YourPhone_1.25061.51.0_neutral_split.language-af_8wekyb3d8bbwe \"YourPhone.Package_1.25061.51.0_language-qps-ploca.msix\": Microsoft.YourPhone_1.25061.51.0_neutral_split.language-qps-ploca_8wekyb3d8bbwe \"YourPhone.Package_1.25061.51.0_language-be.msix\": Microsoft.YourPhone_1.25061.51.0_neutral_split.language-be_8wekyb3d8bbwe \"YourPhone.Package_1.25061.51.0_language-ta.msix\": Microsoft.YourPhone_1.25061.51.0_neutral_split.language-ta_8wekyb3d8bbwe \"YourPhone.Package_1.25061.51.0_language-te.msix\": Microsoft.YourPhone_1.25061.51.0_neutral_split.language-te_8wekyb3d8bbwe \"YourPhone.Package_1.25061.51.0_language-lt.msix\": Microsoft.YourPhone_1.25061.51.0_neutral_split.language-lt_8wekyb3d8bbwe \"YourPhone.Package_1.25061.51.0_language-ro.msix\": Microsoft.YourPhone_1.25061.51.0_neutral_split.language-ro_8wekyb3d8bbwe \"YourPhone.Package_1.25061.51.0_language-quz-latn.msix\": Microsoft.YourPhone_1.25061.51.0_neutral_split.language-quz-latn_8wekyb3d8bbwe \"YourPhone.Package_1.25061.51.0_scale-100.msix\": Microsoft.YourPhone_1.25061.51.0_neutral_split.scale-100_8wekyb3d8bbwe \"YourPhone.Package_1.25061.51.0_language-de.msix\": Microsoft.YourPhone_1.25061.51.0_neutral_split.language-de_8wekyb3d8bbwe \"YourPhone.Package_1.25061.51.0_language-hr.msix\": Microsoft.YourPhone_1.25061.51.0_neutral_split.language-hr_8wekyb3d8bbwe \"YourPhone.Package_1.25061.51.0_language-zh-hant.msix\": Microsoft.YourPhone_1.25061.51.0_neutral_split.language-zh-hant_8wekyb3d8bbwe \"YourPhone.Package_1.25061.51.0_language-tr.msix\": Microsoft.YourPhone_1.25061.51.0_neutral_split.language-tr_8wekyb3d8bbwe \"YourPhone.Package_1.25061.51.0_language-pt.msix\": Microsoft.YourPhone_1.25061.51.0_neutral_split.language-pt_8wekyb3d8bbwe \"YourPhone.Package_1.25061.51.0_scale-150.msix\": Microsoft.YourPhone_1.25061.51.0_neutral_split.scale-150_8wekyb3d8bbwe \"YourPhone.Package_1.25061.51.0_language-uk.msix\": Microsoft.YourPhone_1.25061.51.0_neutral_split.language-uk_8wekyb3d8bbwe \"YourPhone.Package_1.25061.51.0_language-tt-cyrl.msix\": Microsoft.YourPhone_1.25061.51.0_neutral_split.language-tt-cyrl_8wekyb3d8bbwe \"YourPhone.Package_1.25061.51.0_language-qps-plocm.msix\": Microsoft.YourPhone_1.25061.51.0_neutral_split.language-qps-plocm_8wekyb3d8bbwe \"YourPhone.Package_1.25061.51.0_language-ur.msix\": Microsoft.YourPhone_1.25061.51.0_neutral_split.language-ur_8wekyb3d8bbwe \"YourPhone.Package_1.25061.51.0_language-ug-arab.msix\": Microsoft.YourPhone_1.25061.51.0_neutral_split.language-ug-arab_8wekyb3d8bbwe \"YourPhone.Package_1.25061.51.0_language-mr.msix\": Microsoft.YourPhone_1.25061.51.0_neutral_split.language-mr_8wekyb3d8bbwe \"YourPhone.Package_1.25061.51.0_language-fr.msix\": Microsoft.YourPhone_1.25061.51.0_neutral_split.language-fr_8wekyb3d8bbwe \"YourPhone.Package_1.25061.51.0_language-sr-cyrl.msix\": Microsoft.YourPhone_1.25061.51.0_neutral_split.language-sr-cyrl_8wekyb3d8bbwe \"YourPhone.Package_1.25061.51.0_language-sk.msix\": Microsoft.YourPhone_1.25061.51.0_neutral_split.language-sk_8wekyb3d8bbwe \"YourPhone.Package_1.25061.51.0_language-sq.msix\": Microsoft.YourPhone_1.25061.51.0_neutral_split.language-sq_8wekyb3d8bbwe \"YourPhone.Package_1.25061.51.0_language-nl.msix\": Microsoft.YourPhone_1.25061.51.0_neutral_split.language-nl_8wekyb3d8bbwe \"YourPhone.Package_1.25061.51.0_language-lb.msix\": Microsoft.YourPhone_1.25061.51.0_neutral_split.language-lb_8wekyb3d8bbwe \"YourPhone.Package_1.25061.51.0_language-mk.msix\": Microsoft.YourPhone_1.25061.51.0_neutral_split.language-mk_8wekyb3d8bbwe \"YourPhone.Package_1.25061.51.0_language-hy.msix\": Microsoft.YourPhone_1.25061.51.0_neutral_split.language-hy_8wekyb3d8bbwe \"YourPhone.Package_1.25061.51.0_language-ca.msix\": Microsoft.YourPhone_1.25061.51.0_neutral_split.language-ca_8wekyb3d8bbwe \"YourPhone.Package_1.25061.51.0_language-km.msix\": Microsoft.YourPhone_1.25061.51.0_neutral_split.language-km_8wekyb3d8bbwe \"YourPhone.Package_1.25061.51.0_scale-125.msix\": Microsoft.YourPhone_1.25061.51.0_neutral_split.scale-125_8wekyb3d8bbwe \"YourPhone.Package_1.25061.51.0_language-ar.msix\": Microsoft.YourPhone_1.25061.51.0_neutral_split.language-ar_8wekyb3d8bbwe \"YourPhone.Package_1.25061.51.0_language-sl.msix\": Microsoft.YourPhone_1.25061.51.0_neutral_split.language-sl_8wekyb3d8bbwe \"YourPhone.Package_1.25061.51.0_language-sv.msix\": Microsoft.YourPhone_1.25061.51.0_neutral_split.language-sv_8wekyb3d8bbwe \"YourPhone.Package_1.25061.51.0_language-pl.msix\": Microsoft.YourPhone_1.25061.51.0_neutral_split.language-pl_8wekyb3d8bbwe \"YourPhone.Package_1.25061.51.0_scale-400.msix\": Microsoft.YourPhone_1.25061.51.0_neutral_split.scale-400_8wekyb3d8bbwe \"YourPhone.Package_1.25061.51.0_language-cy.msix\": Microsoft.YourPhone_1.25061.51.0_neutral_split.language-cy_8wekyb3d8bbwe \"YourPhone.Package_1.25061.51.0_language-gd-latn.msix\": Microsoft.YourPhone_1.25061.51.0_neutral_split.language-gd-latn_8wekyb3d8bbwe \"YourPhone.Package_1.25061.51.0_language-or.msix\": Microsoft.YourPhone_1.25061.51.0_neutral_split.language-or_8wekyb3d8bbwe \"YourPhone.Package_1.25061.51.0_language-bg.msix\": Microsoft.YourPhone_1.25061.51.0_neutral_split.language-bg_8wekyb3d8bbwe \"YourPhone.Package_1.25061.51.0_language-mi-latn.msix\": Microsoft.YourPhone_1.25061.51.0_neutral_split.language-mi-latn_8wekyb3d8bbwe \"YourPhone.Package_1.25061.51.0_language-ne.msix\": Microsoft.YourPhone_1.25061.51.0_neutral_split.language-ne_8wekyb3d8bbwe \"YourPhone.Package_1.25061.51.0_language-kn.msix\": Microsoft.YourPhone_1.25061.51.0_neutral_split.language-kn_8wekyb3d8bbwe \"YourPhone.Package_1.25061.51.0_language-vi.msix\": Microsoft.YourPhone_1.25061.51.0_neutral_split.language-vi_8wekyb3d8bbwe \"YourPhone.Package_1.25061.51.0_language-lo.msix\": Microsoft.YourPhone_1.25061.51.0_neutral_split.language-lo_8wekyb3d8bbwe \"YourPhone.Package_1.25061.51.0_language-ms.msix\": Microsoft.YourPhone_1.25061.51.0_neutral_split.language-ms_8wekyb3d8bbwe \"YourPhone.Package_1.25061.51.0_language-nb.msix\": Microsoft.YourPhone_1.25061.51.0_neutral_split.language-nb_8wekyb3d8bbwe \"YourPhone.Package_1.25061.51.0_language-he.msix\": Microsoft.YourPhone_1.25061.51.0_neutral_split.language-he_8wekyb3d8bbwe \"YourPhone.Package_1.25061.51.0_language-ja.msix\": Microsoft.YourPhone_1.25061.51.0_neutral_split.language-ja_8wekyb3d8bbwe \"YourPhone.Package_1.25061.51.0_language-el.msix\": Microsoft.YourPhone_1.25061.51.0_neutral_split.language-el_8wekyb3d8bbwe \"YourPhone.Package_1.25061.51.0_language-mt.msix\": Microsoft.YourPhone_1.25061.51.0_neutral_split.language-mt_8wekyb3d8bbwe \"YourPhone.Package_1.25061.51.0_language-hu.msix\": Microsoft.YourPhone_1.25061.51.0_neutral_split.language-hu_8wekyb3d8bbwe \"YourPhone.Package_1.25061.51.0_language-hi.msix\": Microsoft.YourPhone_1.25061.51.0_neutral_split.language-hi_8wekyb3d8bbwe \"YourPhone.Package_1.25061.51.0_language-lv.msix\": Microsoft.YourPhone_1.25061.51.0_neutral_split.language-lv_8wekyb3d8bbwe \"YourPhone.Package_1.25061.51.0_language-it.msix\": Microsoft.YourPhone_1.25061.51.0_neutral_split.language-it_8wekyb3d8bbwe \"YourPhone.Package_1.25061.51.0_language-gu.msix\": Microsoft.YourPhone_1.25061.51.0_neutral_split.language-gu_8wekyb3d8bbwe \"YourPhone.Package_1.25061.51.0_language-az-latn.msix\": Microsoft.YourPhone_1.25061.51.0_neutral_split.language-az-latn_8wekyb3d8bbwe \"YourPhone.Package_1.25061.51.0_language-qps-ploc.msix\": Microsoft.YourPhone_1.25061.51.0_neutral_split.language-qps-ploc_8wekyb3d8bbwe \"YourPhone.Package_1.25061.51.0_language-fil-latn.msix\": Microsoft.YourPhone_1.25061.51.0_neutral_split.language-fil-latn_8wekyb3d8bbwe \"YourPhone.Package_1.25061.51.0_language-fi.msix\": Microsoft.YourPhone_1.25061.51.0_neutral_split.language-fi_8wekyb3d8bbwe \"YourPhone.Package_1.25061.51.0_language-eu.msix\": Microsoft.YourPhone_1.25061.51.0_neutral_split.language-eu_8wekyb3d8bbwe \"YourPhone.Package_1.25061.51.0_language-th.msix\": Microsoft.YourPhone_1.25061.51.0_neutral_split.language-th_8wekyb3d8bbwe \"YourPhone.Package_1.25061.51.0_language-fa.msix\": Microsoft.YourPhone_1.25061.51.0_neutral_split.language-fa_8wekyb3d8bbwe \"YourPhone.Package_1.25061.51.0_language-cs.msix\": Microsoft.YourPhone_1.25061.51.0_neutral_split.language-cs_8wekyb3d8bbwe \"YourPhone.Package_1.25061.51.0_language-is.msix\": Microsoft.YourPhone_1.25061.51.0_neutral_split.language-is_8wekyb3d8bbwe \"YourPhone.Package_1.25061.51.0_language-as.msix\": Microsoft.YourPhone_1.25061.51.0_neutral_split.language-as_8wekyb3d8bbwe \"YourPhone.Package_1.25061.51.0_language-id.msix\": Microsoft.YourPhone_1.25061.51.0_neutral_split.language-id_8wekyb3d8bbwe \"YourPhone.Package_1.25061.51.0_language-et.msix\": Microsoft.YourPhone_1.25061.51.0_neutral_split.language-et_8wekyb3d8bbwe \"YourPhone.Package_1.25061.51.0_language-gl.msix\": Microsoft.YourPhone_1.25061.51.0_neutral_split.language-gl_8wekyb3d8bbwe \"YourPhone.Package_1.25061.51.0_language-bn.msix\": Microsoft.YourPhone_1.25061.51.0_neutral_split.language-bn_8wekyb3d8bbwe \"YourPhone.Package_1.25061.51.0_language-da.msix\": Microsoft.YourPhone_1.25061.51.0_neutral_split.language-da_8wekyb3d8bbwe \"YourPhone.Package_1.25061.51.0_language-ko.msix\": Microsoft.YourPhone_1.25061.51.0_neutral_split.language-ko_8wekyb3d8bbwe \"YourPhone.Package_1.25061.51.0_language-sr-latn.msix\": Microsoft.YourPhone_1.25061.51.0_neutral_split.language-sr-latn_8wekyb3d8bbwe \"YourPhone.Package_1.25061.51.0_language-ru.msix\": Microsoft.YourPhone_1.25061.51.0_neutral_split.language-ru_8wekyb3d8bbwe \"YourPhone.Package_1.25061.51.0_language-kok.msix\": Microsoft.YourPhone_1.25061.51.0_neutral_split.language-kok_8wekyb3d8bbwe"}
{"EventID": "854", "Channel": "Microsoft-Windows-AppXDeploymentServer/Operational", "Provider_Name": "Microsoft-Windows-AppXDeployment-Server", "Computer": "DESKTOP-OFJ6N53", "TimeCreated": "2025-07-27 09:30:22.196850+00:00", "RecordID": "114621", "Level": "4", "UserID": "S-1-5-18", "EventData.Path": "x-windowsupdate://71FF77DA-A6D3-413E-AD63-D75FE50109AE/B99AEF9A-1685-4798-B4B1-3D94EE6D7184/5a80ed89573cd7c715eebad914cb48f07636dd64 x-windowsupdate://71FF77DA-A6D3-413E-AD63-D75FE50109AE/B99AEF9A-1685-4798-B4B1-3D94EE6D7184/5a80ed89573cd7c715eebad914cb48f07636dd64\\YourPhone.Package_1.25061.51.0_x64.msix x-windowsupdate://71FF77DA-A6D3-413E-AD63-D75FE50109AE/B99AEF9A-1685-4798-B4B1-3D94EE6D7184/5a80ed89573cd7c715eebad914cb48f07636dd64\\YourPhone.Package_1.25061.51.0_scale-100.msix x-windowsupdate://71FF77DA-A6D3-413E-AD63-D75FE50109AE/B99AEF9A-1685-4798-B4B1-3D94EE6D7184/5a80ed89573cd7c715eebad914cb48f07636dd64\\YourPhone.Package_1.25061.51.0_language-ru.msix x-windowsupdate://71FF77DA-A6D3-413E-AD63-D75FE50109AE/B99AEF9A-1685-4798-B4B1-3D94EE6D7184/5a80ed89573cd7c715eebad914cb48f07636dd64\\YourPhone.Package_1.25061.51.0_scale-125.msix"}
{"EventID": "1230", "Channel": "Microsoft-Windows-AppXDeploymentServer/Operational", "Provider_Name": "Microsoft-Windows-AppXDeployment-Server", "Computer": "DESKTOP-OFJ6N53", "TimeCreated": "2025-07-27 09:30:26.604902+00:00", "RecordID": "114622", "Level": "3", "UserID": "S-1-5-18", "EventData.Path": "\\Program Files\\WindowsApps\\MicrosoftWindows.CrossDevice_1.25032.52.0_x64__cw5n1h2txyewy\\YourPhone.OnboardingSDK\\Assets\\AppIcon.svg;\\Program Files\\WindowsApps\\MicrosoftWindows.CrossDevice_1.25032.52.0_x64__cw5n1h2txyewy\\Assets\\Fonts\\MMXIcons.ttf;\\Program Files\\WindowsApps\\MicrosoftWindows.CrossDevice_1.25032.52.0_x64__cw5n1h2txyewy\\CrossDevice.Core.UX\\Assets\\Fonts\\MMXIcons.ttf;\\Program Files\\WindowsApps\\MicrosoftWindows.CrossDevice_1.25032.52.0_x64__cw5n1h2txyewy\\YourPhone.OnboardingSDK\\Assets\\Onboarding\\FREEnableBluetooth_Dark.svg;\\Program Files\\WindowsApps\\MicrosoftWindows.CrossDevice_1.25032.52.0_x64__cw5n1h2txyewy\\YourPhone.OnboardingSDK\\Assets\\Onboarding\\FREEnableBluetooth_Light.svg;\\Program Files\\WindowsApps\\MicrosoftWindows.CrossDevice_1.25032.52.0_x64__cw5n1h2txyewy\\YourPhone.OnboardingSDK\\Assets\\Onboarding\\PermissionError_Dark.svg;\\Program Files\\WindowsApps\\MicrosoftWindows.CrossDevice_1.25032.52.0_x64__cw5n1h2txyewy\\YourPhone.OnboardingSDK\\Assets\\Onboarding\\PermissionError_Light.svg;\\Program Files\\WindowsApps\\MicrosoftWindows.CrossDevice_1.25032.52.0_x64__cw5n1h2txyewy\\YourPhone.OnboardingSDK\\Assets\\Onboarding\\LightweightBackground_Dark.svg;\\Program Files\\WindowsApps\\MicrosoftWindows.CrossDevice_1.25032.52.0_x64__cw5n1h2txyewy\\YourPhone.OnboardingSDK\\Assets\\Onboarding\\LightweightBackground_Light.svg;\\Program Files\\WindowsApps\\MicrosoftWindows.CrossDevice_1.25032.52.0_x64__cw5n1h2txyewy\\Assets\\Microsoft-logo.svg;\\Program Files\\WindowsApps\\MicrosoftWindows.CrossDevice_1.25032.52.0_x64__cw5n1h2txyewy\\YourPhone.OnboardingSDK\\Assets\\Microsoft-logo.svg;\\Program Files\\WindowsApps\\MicrosoftWindows.CrossDevice_1.25032.52.0_x64__cw5n1h2txyewy\\YourPhone.OnboardingSDK\\Assets\\MMX_Microsoft_Icon.svg;\\Program Files\\WindowsApps\\MicrosoftWindows.CrossDevice_1.25032.52.0_x64__cw5n1h2txyewy\\CrossDevice.Share\\Assets\\FileShare\\theme-dark\\Phone.png;\\Program Files\\WindowsApps\\MicrosoftWindows.CrossDevice_1.25032.52.0_x64__cw5n1h2txyewy\\CrossDevice.Share\\Assets\\FileShare\\theme-light\\Phone.png;\\Program Files\\WindowsApps\\MicrosoftWindows.CrossDevice_1.25032.52.0_x64__cw5n1h2txyewy\\e_sqlite3.dll;"}
{"EventID": "400", "Channel": "Microsoft-Windows-AppXDeploymentServer/Operational", "Provider_Name": "Microsoft-Windows-AppXDeployment-Server", "Computer": "DESKTOP-OFJ6N53", "TimeCreated": "2025-07-27 09:30:37.058113+00:00", "RecordID": "114623", "Level": "4", "UserID": "S-1-5-18", "EventData.DeploymentOperation": "4", "EventData.PackageFullName": "Microsoft.YourPhone_1.25061.51.0_neutral_~_8wekyb3d8bbwe", "EventData.Path": "(5a80ed89573cd7c715eebad914cb48f07636dd64)", "EventData.MountPoint": "C:", "EventData.TargetPlatform": "0x00000003", "EventData.SystemVolume": "True", "EventData.StorageId": "\\\\?\\Volume{c33a8663-71a2-4031-8cec-c21914fe12ad}", "EventData.IsCentennial": "False", "EventData.PackageType": "0x00000008", "EventData.IsPackageEncrypted": "False", "EventData.DeploymentOptions": "0x0100008004000010", "EventData.IsStreamingPackage": "False", "EventData.IsInRelatedSet": "False", "EventData.IsPackageUsingBDC": "False", "EventData.MainPackageFamilyName": "NULL", "EventData.CallingProcess": "svchost.exe,wuauserv", "EventData.IsOptional": "False", "EventData.PackageFlags": "0x00000000", "EventData.PackageFlags2": "0x00000800", "EventData.HasWin32alacarte": "False", "EventData.HasFullTrust": "False", "EventData.ExternalLocation": null, "EventData.PackageSourceUri": "x-windowsupdate://71FF77DA-A6D3-413E-AD63-D75FE50109AE/B99AEF9A-1685-4798-B4B1-3D94EE6D7184/5a80ed89573cd7c715eebad914cb48f07636dd64"}
