{"EventID": "811", "Channel": "Microsoft-Windows-Winlogon/Operational", "Provider_Name": "Microsoft-Windows-Winlogon", "Computer": "DESKTOP-OFJ6N53", "TimeCreated": "2025-08-21 11:07:03.875200+00:00", "RecordID": "35257", "Level": "4", "UserID": "S-1-5-21-963789628-1060504924-4285088085-1001", "EventData.Event": "9", "EventData.SubscriberName": "Sens"}
{"EventID": "812", "Channel": "Microsoft-Windows-Winlogon/Operational", "Provider_Name": "Microsoft-Windows-Winlogon", "Computer": "DESKTOP-OFJ6N53", "TimeCreated": "2025-08-21 11:07:03.959433+00:00", "RecordID": "35258", "Level": "4", "UserID": "S-1-5-21-963789628-1060504924-4285088085-1001", "EventData.Event": "9", "EventData.SubscriberName": "Sens"}
{"EventID": "811", "Channel": "Microsoft-Windows-Winlogon/Operational", "Provider_Name": "Microsoft-Windows-Winlogon", "Computer": "DESKTOP-OFJ6N53", "TimeCreated": "2025-08-21 11:07:03.960546+00:00", "RecordID": "35259", "Level": "4", "UserID": "S-1-5-21-963789628-1060504924-4285088085-1001", "EventData.Event": "9", "EventData.SubscriberName": "SessionEnv"}
{"EventID": "812", "Channel": "Microsoft-Windows-Winlogon/Operational", "Provider_Name": "Microsoft-Windows-Winlogon", "Computer": "DESKTOP-OFJ6N53", "TimeCreated": "2025-08-21 11:07:03.974657+00:00", "RecordID": "35260", "Level": "4", "UserID": "S-1-5-21-963789628-1060504924-4285088085-1001", "EventData.Event": "9", "EventData.SubscriberName": "SessionEnv"}
{"EventID": "811", "Channel": "Microsoft-Windows-Winlogon/Operational", "Provider_Name": "Microsoft-Windows-Winlogon", "Computer": "DESKTOP-OFJ6N53", "TimeCreated": "2025-08-21 11:07:05.780890+00:00", "RecordID": "35261", "Level": "4", "UserID": "S-1-5-21-963789628-1060504924-4285088085-1001", "EventData.Event": "5", "EventData.SubscriberName": "Sens"}
{"EventID": "812", "Channel": "Microsoft-Windows-Winlogon/Operational", "Provider_Name": "Microsoft-Windows-Winlogon", "Computer": "DESKTOP-OFJ6N53", "TimeCreated": "2025-08-21 11:07:05.803482+00:00", "RecordID": "35262", "Level": "4", "UserID": "S-1-5-21-963789628-1060504924-4285088085-1001", "EventData.Event": "5", "EventData.SubscriberName": "Sens"}
{"EventID": "811", "Channel": "Microsoft-Windows-Winlogon/Operational", "Provider_Name": "Microsoft-Windows-Winlogon", "Computer": "DESKTOP-OFJ6N53", "TimeCreated": "2025-08-21 11:07:05.810617+00:00", "RecordID": "35263", "Level": "4", "UserID": "S-1-5-21-963789628-1060504924-4285088085-1001", "EventData.Event": "5", "EventData.SubscriberName": "TermSrv"}
{"EventID": "812", "Channel": "Microsoft-Windows-Winlogon/Operational", "Provider_Name": "Microsoft-Windows-Winlogon", "Computer": "DESKTOP-OFJ6N53", "TimeCreated": "2025-08-21 11:07:05.961523+00:00", "RecordID": "35264", "Level": "4", "UserID": "S-1-5-21-963789628-1060504924-4285088085-1001", "EventData.Event": "5", "EventData.SubscriberName": "TermSrv"}
{"EventID": "811", "Channel": "Microsoft-Windows-Winlogon/Operational", "Provider_Name": "Microsoft-Windows-Winlogon", "Computer": "DESKTOP-OFJ6N53", "TimeCreated": "2025-08-21 11:18:21.524099+00:00", "RecordID": "35265", "Level": "4", "UserID": "S-1-5-21-963789628-1060504924-4285088085-1001", "EventData.Event": "4", "EventData.SubscriberName": "Sens"}
{"EventID": "812", "Channel": "Microsoft-Windows-Winlogon/Operational", "Provider_Name": "Microsoft-Windows-Winlogon", "Computer": "DESKTOP-OFJ6N53", "TimeCreated": "2025-08-21 11:18:21.549643+00:00", "RecordID": "35266", "Level": "4", "UserID": "S-1-5-21-963789628-1060504924-4285088085-1001", "EventData.Event": "4", "EventData.SubscriberName": "Sens"}
{"EventID": "811", "Channel": "Microsoft-Windows-Winlogon/Operational", "Provider_Name": "Microsoft-Windows-Winlogon", "Computer": "DESKTOP-OFJ6N53", "TimeCreated": "2025-08-21 11:18:21.553818+00:00", "RecordID": "35267", "Level": "4", "UserID": "S-1-5-21-963789628-1060504924-4285088085-1001", "EventData.Event": "4", "EventData.SubscriberName": "TermSrv"}
{"EventID": "812", "Channel": "Microsoft-Windows-Winlogon/Operational", "Provider_Name": "Microsoft-Windows-Winlogon", "Computer": "DESKTOP-OFJ6N53", "TimeCreated": "2025-08-21 11:18:21.554342+00:00", "RecordID": "35268", "Level": "4", "UserID": "S-1-5-21-963789628-1060504924-4285088085-1001", "EventData.Event": "4", "EventData.SubscriberName": "TermSrv"}
{"EventID": "811", "Channel": "Microsoft-Windows-Winlogon/Operational", "Provider_Name": "Microsoft-Windows-Winlogon", "Computer": "DESKTOP-OFJ6N53", "TimeCreated": "2025-08-21 11:18:21.560572+00:00", "RecordID": "35269", "Level": "4", "UserID": "S-1-5-21-963789628-1060504924-4285088085-1001", "EventData.Event": "8", "EventData.SubscriberName": "Sens"}
{"EventID": "812", "Channel": "Microsoft-Windows-Winlogon/Operational", "Provider_Name": "Microsoft-Windows-Winlogon", "Computer": "DESKTOP-OFJ6N53", "TimeCreated": "2025-08-21 11:18:21.580479+00:00", "RecordID": "35270", "Level": "4", "UserID": "S-1-5-21-963789628-1060504924-4285088085-1001", "EventData.Event": "8", "EventData.SubscriberName": "Sens"}
{"EventID": "811", "Channel": "Microsoft-Windows-Winlogon/Operational", "Provider_Name": "Microsoft-Windows-Winlogon", "Computer": "DESKTOP-OFJ6N53", "TimeCreated": "2025-08-21 11:18:21.584713+00:00", "RecordID": "35271", "Level": "4", "UserID": "S-1-5-21-963789628-1060504924-4285088085-1001", "EventData.Event": "8", "EventData.SubscriberName": "SessionEnv"}
{"EventID": "812", "Channel": "Microsoft-Windows-Winlogon/Operational", "Provider_Name": "Microsoft-Windows-Winlogon", "Computer": "DESKTOP-OFJ6N53", "TimeCreated": "2025-08-21 11:18:21.603094+00:00", "RecordID": "35272", "Level": "4", "UserID": "S-1-5-21-963789628-1060504924-4285088085-1001", "EventData.Event": "8", "EventData.SubscriberName": "SessionEnv"}
{"EventID": "811", "Channel": "Microsoft-Windows-Winlogon/Operational", "Provider_Name": "Microsoft-Windows-Winlogon", "Computer": "DESKTOP-OFJ6N53", "TimeCreated": "2025-08-21 11:26:40.584808+00:00", "RecordID": "35273", "Level": "4", "UserID": "S-1-5-21-963789628-1060504924-4285088085-1001", "EventData.Event": "9", "EventData.SubscriberName": "Sens"}
{"EventID": "812", "Channel": "Microsoft-Windows-Winlogon/Operational", "Provider_Name": "Microsoft-Windows-Winlogon", "Computer": "DESKTOP-OFJ6N53", "TimeCreated": "2025-08-21 11:26:40.595293+00:00", "RecordID": "35274", "Level": "4", "UserID": "S-1-5-21-963789628-1060504924-4285088085-1001", "EventData.Event": "9", "EventData.SubscriberName": "Sens"}
{"EventID": "811", "Channel": "Microsoft-Windows-Winlogon/Operational", "Provider_Name": "Microsoft-Windows-Winlogon", "Computer": "DESKTOP-OFJ6N53", "TimeCreated": "2025-08-21 11:26:40.599899+00:00", "RecordID": "35275", "Level": "4", "UserID": "S-1-5-21-963789628-1060504924-4285088085-1001", "EventData.Event": "9", "EventData.SubscriberName": "SessionEnv"}
{"EventID": "812", "Channel": "Microsoft-Windows-Winlogon/Operational", "Provider_Name": "Microsoft-Windows-Winlogon", "Computer": "DESKTOP-OFJ6N53", "TimeCreated": "2025-08-21 11:26:40.685921+00:00", "RecordID": "35276", "Level": "4", "UserID": "S-1-5-21-963789628-1060504924-4285088085-1001", "EventData.Event": "9", "EventData.SubscriberName": "SessionEnv"}
{"EventID": "811", "Channel": "Microsoft-Windows-Winlogon/Operational", "Provider_Name": "Microsoft-Windows-Winlogon", "Computer": "DESKTOP-OFJ6N53", "TimeCreated": "2025-08-21 11:26:42.830465+00:00", "RecordID": "35277", "Level": "4", "UserID": "S-1-5-21-963789628-1060504924-4285088085-1001", "EventData.Event": "5", "EventData.SubscriberName": "Sens"}
{"EventID": "812", "Channel": "Microsoft-Windows-Winlogon/Operational", "Provider_Name": "Microsoft-Windows-Winlogon", "Computer": "DESKTOP-OFJ6N53", "TimeCreated": "2025-08-21 11:26:42.836931+00:00", "RecordID": "35278", "Level": "4", "UserID": "S-1-5-21-963789628-1060504924-4285088085-1001", "EventData.Event": "5", "EventData.SubscriberName": "Sens"}
{"EventID": "811", "Channel": "Microsoft-Windows-Winlogon/Operational", "Provider_Name": "Microsoft-Windows-Winlogon", "Computer": "DESKTOP-OFJ6N53", "TimeCreated": "2025-08-21 11:26:42.837029+00:00", "RecordID": "35279", "Level": "4", "UserID": "S-1-5-21-963789628-1060504924-4285088085-1001", "EventData.Event": "5", "EventData.SubscriberName": "TermSrv"}
{"EventID": "812", "Channel": "Microsoft-Windows-Winlogon/Operational", "Provider_Name": "Microsoft-Windows-Winlogon", "Computer": "DESKTOP-OFJ6N53", "TimeCreated": "2025-08-21 11:26:42.904284+00:00", "RecordID": "35280", "Level": "4", "UserID": "S-1-5-21-963789628-1060504924-4285088085-1001", "EventData.Event": "5", "EventData.SubscriberName": "TermSrv"}
{"EventID": "811", "Channel": "Microsoft-Windows-Winlogon/Operational", "Provider_Name": "Microsoft-Windows-Winlogon", "Computer": "DESKTOP-OFJ6N53", "TimeCreated": "2025-08-21 12:08:49.567499+00:00", "RecordID": "35281", "Level": "4", "UserID": "S-1-5-21-963789628-1060504924-4285088085-1001", "EventData.Event": "4", "EventData.SubscriberName": "Sens"}
{"EventID": "812", "Channel": "Microsoft-Windows-Winlogon/Operational", "Provider_Name": "Microsoft-Windows-Winlogon", "Computer": "DESKTOP-OFJ6N53", "TimeCreated": "2025-08-21 12:08:49.574680+00:00", "RecordID": "35282", "Level": "4", "UserID": "S-1-5-21-963789628-1060504924-4285088085-1001", "EventData.Event": "4", "EventData.SubscriberName": "Sens"}
{"EventID": "811", "Channel": "Microsoft-Windows-Winlogon/Operational", "Provider_Name": "Microsoft-Windows-Winlogon", "Computer": "DESKTOP-OFJ6N53", "TimeCreated": "2025-08-21 12:08:49.574810+00:00", "RecordID": "35283", "Level": "4", "UserID": "S-1-5-21-963789628-1060504924-4285088085-1001", "EventData.Event": "4", "EventData.SubscriberName": "TermSrv"}
{"EventID": "812", "Channel": "Microsoft-Windows-Winlogon/Operational", "Provider_Name": "Microsoft-Windows-Winlogon", "Computer": "DESKTOP-OFJ6N53", "TimeCreated": "2025-08-21 12:08:49.575588+00:00", "RecordID": "35284", "Level": "4", "UserID": "S-1-5-21-963789628-1060504924-4285088085-1001", "EventData.Event": "4", "EventData.SubscriberName": "TermSrv"}
{"EventID": "811", "Channel": "Microsoft-Windows-Winlogon/Operational", "Provider_Name": "Microsoft-Windows-Winlogon", "Computer": "DESKTOP-OFJ6N53", "TimeCreated": "2025-08-21 12:08:49.582218+00:00", "RecordID": "35285", "Level": "4", "UserID": "S-1-5-21-963789628-1060504924-4285088085-1001", "EventData.Event": "8", "EventData.SubscriberName": "Sens"}
{"EventID": "812", "Channel": "Microsoft-Windows-Winlogon/Operational", "Provider_Name": "Microsoft-Windows-Winlogon", "Computer": "DESKTOP-OFJ6N53", "TimeCreated": "2025-08-21 12:08:49.584663+00:00", "RecordID": "35286", "Level": "4", "UserID": "S-1-5-21-963789628-1060504924-4285088085-1001", "EventData.Event": "8", "EventData.SubscriberName": "Sens"}
{"EventID": "811", "Channel": "Microsoft-Windows-Winlogon/Operational", "Provider_Name": "Microsoft-Windows-Winlogon", "Computer": "DESKTOP-OFJ6N53", "TimeCreated": "2025-08-21 12:08:49.711752+00:00", "RecordID": "35287", "Level": "4", "UserID": "S-1-5-21-963789628-1060504924-4285088085-1001", "EventData.Event": "8", "EventData.SubscriberName": "SessionEnv"}
{"EventID": "812", "Channel": "Microsoft-Windows-Winlogon/Operational", "Provider_Name": "Microsoft-Windows-Winlogon", "Computer": "DESKTOP-OFJ6N53", "TimeCreated": "2025-08-21 12:08:49.725960+00:00", "RecordID": "35288", "Level": "4", "UserID": "S-1-5-21-963789628-1060504924-4285088085-1001", "EventData.Event": "8", "EventData.SubscriberName": "SessionEnv"}
{"EventID": "811", "Channel": "Microsoft-Windows-Winlogon/Operational", "Provider_Name": "Microsoft-Windows-Winlogon", "Computer": "DESKTOP-OFJ6N53", "TimeCreated": "2025-08-21 12:09:19.367228+00:00", "RecordID": "35289", "Level": "4", "UserID": "S-1-5-21-963789628-1060504924-4285088085-1001", "EventData.Event": "9", "EventData.SubscriberName": "Sens"}
{"EventID": "812", "Channel": "Microsoft-Windows-Winlogon/Operational", "Provider_Name": "Microsoft-Windows-Winlogon", "Computer": "DESKTOP-OFJ6N53", "TimeCreated": "2025-08-21 12:09:19.467680+00:00", "RecordID": "35290", "Level": "4", "UserID": "S-1-5-21-963789628-1060504924-4285088085-1001", "EventData.Event": "9", "EventData.SubscriberName": "Sens"}
{"EventID": "811", "Channel": "Microsoft-Windows-Winlogon/Operational", "Provider_Name": "Microsoft-Windows-Winlogon", "Computer": "DESKTOP-OFJ6N53", "TimeCreated": "2025-08-21 12:09:19.562286+00:00", "RecordID": "35291", "Level": "4", "UserID": "S-1-5-21-963789628-1060504924-4285088085-1001", "EventData.Event": "9", "EventData.SubscriberName": "SessionEnv"}
{"EventID": "812", "Channel": "Microsoft-Windows-Winlogon/Operational", "Provider_Name": "Microsoft-Windows-Winlogon", "Computer": "DESKTOP-OFJ6N53", "TimeCreated": "2025-08-21 12:09:19.562527+00:00", "RecordID": "35292", "Level": "4", "UserID": "S-1-5-21-963789628-1060504924-4285088085-1001", "EventData.Event": "9", "EventData.SubscriberName": "SessionEnv"}
{"EventID": "811", "Channel": "Microsoft-Windows-Winlogon/Operational", "Provider_Name": "Microsoft-Windows-Winlogon", "Computer": "DESKTOP-OFJ6N53", "TimeCreated": "2025-08-21 12:09:21.716242+00:00", "RecordID": "35293", "Level": "4", "UserID": "S-1-5-21-963789628-1060504924-4285088085-1001", "EventData.Event": "5", "EventData.SubscriberName": "Sens"}
{"EventID": "812", "Channel": "Microsoft-Windows-Winlogon/Operational", "Provider_Name": "Microsoft-Windows-Winlogon", "Computer": "DESKTOP-OFJ6N53", "TimeCreated": "2025-08-21 12:09:21.716930+00:00", "RecordID": "35294", "Level": "4", "UserID": "S-1-5-21-963789628-1060504924-4285088085-1001", "EventData.Event": "5", "EventData.SubscriberName": "Sens"}
{"EventID": "811", "Channel": "Microsoft-Windows-Winlogon/Operational", "Provider_Name": "Microsoft-Windows-Winlogon", "Computer": "DESKTOP-OFJ6N53", "TimeCreated": "2025-08-21 12:09:21.716997+00:00", "RecordID": "35295", "Level": "4", "UserID": "S-1-5-21-963789628-1060504924-4285088085-1001", "EventData.Event": "5", "EventData.SubscriberName": "TermSrv"}
{"EventID": "812", "Channel": "Microsoft-Windows-Winlogon/Operational", "Provider_Name": "Microsoft-Windows-Winlogon", "Computer": "DESKTOP-OFJ6N53", "TimeCreated": "2025-08-21 12:09:21.863354+00:00", "RecordID": "35296", "Level": "4", "UserID": "S-1-5-21-963789628-1060504924-4285088085-1001", "EventData.Event": "5", "EventData.SubscriberName": "TermSrv"}
{"EventID": "811", "Channel": "Microsoft-Windows-Winlogon/Operational", "Provider_Name": "Microsoft-Windows-Winlogon", "Computer": "DESKTOP-OFJ6N53", "TimeCreated": "2025-08-21 12:10:20.907818+00:00", "RecordID": "35297", "Level": "4", "UserID": "S-1-5-21-963789628-1060504924-4285088085-1001", "EventData.Event": "4", "EventData.SubscriberName": "Sens"}
{"EventID": "812", "Channel": "Microsoft-Windows-Winlogon/Operational", "Provider_Name": "Microsoft-Windows-Winlogon", "Computer": "DESKTOP-OFJ6N53", "TimeCreated": "2025-08-21 12:10:20.916809+00:00", "RecordID": "35298", "Level": "4", "UserID": "S-1-5-21-963789628-1060504924-4285088085-1001", "EventData.Event": "4", "EventData.SubscriberName": "Sens"}
{"EventID": "811", "Channel": "Microsoft-Windows-Winlogon/Operational", "Provider_Name": "Microsoft-Windows-Winlogon", "Computer": "DESKTOP-OFJ6N53", "TimeCreated": "2025-08-21 12:10:20.919613+00:00", "RecordID": "35299", "Level": "4", "UserID": "S-1-5-21-963789628-1060504924-4285088085-1001", "EventData.Event": "4", "EventData.SubscriberName": "TermSrv"}
{"EventID": "812", "Channel": "Microsoft-Windows-Winlogon/Operational", "Provider_Name": "Microsoft-Windows-Winlogon", "Computer": "DESKTOP-OFJ6N53", "TimeCreated": "2025-08-21 12:10:20.929611+00:00", "RecordID": "35300", "Level": "4", "UserID": "S-1-5-21-963789628-1060504924-4285088085-1001", "EventData.Event": "4", "EventData.SubscriberName": "TermSrv"}
{"EventID": "811", "Channel": "Microsoft-Windows-Winlogon/Operational", "Provider_Name": "Microsoft-Windows-Winlogon", "Computer": "DESKTOP-OFJ6N53", "TimeCreated": "2025-08-21 12:10:20.933067+00:00", "RecordID": "35301", "Level": "4", "UserID": "S-1-5-21-963789628-1060504924-4285088085-1001", "EventData.Event": "8", "EventData.SubscriberName": "Sens"}
{"EventID": "812", "Channel": "Microsoft-Windows-Winlogon/Operational", "Provider_Name": "Microsoft-Windows-Winlogon", "Computer": "DESKTOP-OFJ6N53", "TimeCreated": "2025-08-21 12:10:20.951830+00:00", "RecordID": "35302", "Level": "4", "UserID": "S-1-5-21-963789628-1060504924-4285088085-1001", "EventData.Event": "8", "EventData.SubscriberName": "Sens"}
{"EventID": "811", "Channel": "Microsoft-Windows-Winlogon/Operational", "Provider_Name": "Microsoft-Windows-Winlogon", "Computer": "DESKTOP-OFJ6N53", "TimeCreated": "2025-08-21 12:10:20.952076+00:00", "RecordID": "35303", "Level": "4", "UserID": "S-1-5-21-963789628-1060504924-4285088085-1001", "EventData.Event": "8", "EventData.SubscriberName": "SessionEnv"}
{"EventID": "812", "Channel": "Microsoft-Windows-Winlogon/Operational", "Provider_Name": "Microsoft-Windows-Winlogon", "Computer": "DESKTOP-OFJ6N53", "TimeCreated": "2025-08-21 12:10:20.952290+00:00", "RecordID": "35304", "Level": "4", "UserID": "S-1-5-21-963789628-1060504924-4285088085-1001", "EventData.Event": "8", "EventData.SubscriberName": "SessionEnv"}
{"EventID": "811", "Channel": "Microsoft-Windows-Winlogon/Operational", "Provider_Name": "Microsoft-Windows-Winlogon", "Computer": "DESKTOP-OFJ6N53", "TimeCreated": "2025-08-21 12:23:29.254953+00:00", "RecordID": "35305", "Level": "4", "UserID": "S-1-5-21-963789628-1060504924-4285088085-1001", "EventData.Event": "9", "EventData.SubscriberName": "Sens"}
{"EventID": "812", "Channel": "Microsoft-Windows-Winlogon/Operational", "Provider_Name": "Microsoft-Windows-Winlogon", "Computer": "DESKTOP-OFJ6N53", "TimeCreated": "2025-08-21 12:23:29.798861+00:00", "RecordID": "35306", "Level": "4", "UserID": "S-1-5-21-963789628-1060504924-4285088085-1001", "EventData.Event": "9", "EventData.SubscriberName": "Sens"}
{"EventID": "811", "Channel": "Microsoft-Windows-Winlogon/Operational", "Provider_Name": "Microsoft-Windows-Winlogon", "Computer": "DESKTOP-OFJ6N53", "TimeCreated": "2025-08-21 12:23:29.815752+00:00", "RecordID": "35307", "Level": "4", "UserID": "S-1-5-21-963789628-1060504924-4285088085-1001", "EventData.Event": "9", "EventData.SubscriberName": "SessionEnv"}
{"EventID": "812", "Channel": "Microsoft-Windows-Winlogon/Operational", "Provider_Name": "Microsoft-Windows-Winlogon", "Computer": "DESKTOP-OFJ6N53", "TimeCreated": "2025-08-21 12:23:29.965277+00:00", "RecordID": "35308", "Level": "4", "UserID": "S-1-5-21-963789628-1060504924-4285088085-1001", "EventData.Event": "9", "EventData.SubscriberName": "SessionEnv"}
{"EventID": "811", "Channel": "Microsoft-Windows-Winlogon/Operational", "Provider_Name": "Microsoft-Windows-Winlogon", "Computer": "DESKTOP-OFJ6N53", "TimeCreated": "2025-08-21 12:23:31.878609+00:00", "RecordID": "35309", "Level": "4", "UserID": "S-1-5-21-963789628-1060504924-4285088085-1001", "EventData.Event": "5", "EventData.SubscriberName": "Sens"}
{"EventID": "812", "Channel": "Microsoft-Windows-Winlogon/Operational", "Provider_Name": "Microsoft-Windows-Winlogon", "Computer": "DESKTOP-OFJ6N53", "TimeCreated": "2025-08-21 12:23:31.900133+00:00", "RecordID": "35310", "Level": "4", "UserID": "S-1-5-21-963789628-1060504924-4285088085-1001", "EventData.Event": "5", "EventData.SubscriberName": "Sens"}
{"EventID": "811", "Channel": "Microsoft-Windows-Winlogon/Operational", "Provider_Name": "Microsoft-Windows-Winlogon", "Computer": "DESKTOP-OFJ6N53", "TimeCreated": "2025-08-21 12:23:31.900232+00:00", "RecordID": "35311", "Level": "4", "UserID": "S-1-5-21-963789628-1060504924-4285088085-1001", "EventData.Event": "5", "EventData.SubscriberName": "TermSrv"}
{"EventID": "812", "Channel": "Microsoft-Windows-Winlogon/Operational", "Provider_Name": "Microsoft-Windows-Winlogon", "Computer": "DESKTOP-OFJ6N53", "TimeCreated": "2025-08-21 12:23:32.027933+00:00", "RecordID": "35312", "Level": "4", "UserID": "S-1-5-21-963789628-1060504924-4285088085-1001", "EventData.Event": "5", "EventData.SubscriberName": "TermSrv"}
{"EventID": "811", "Channel": "Microsoft-Windows-Winlogon/Operational", "Provider_Name": "Microsoft-Windows-Winlogon", "Computer": "DESKTOP-OFJ6N53", "TimeCreated": "2025-08-21 13:11:54.124392+00:00", "RecordID": "35313", "Level": "4", "UserID": "S-1-5-21-963789628-1060504924-4285088085-1001", "EventData.Event": "4", "EventData.SubscriberName": "Sens"}
{"EventID": "812", "Channel": "Microsoft-Windows-Winlogon/Operational", "Provider_Name": "Microsoft-Windows-Winlogon", "Computer": "DESKTOP-OFJ6N53", "TimeCreated": "2025-08-21 13:11:54.156569+00:00", "RecordID": "35314", "Level": "4", "UserID": "S-1-5-21-963789628-1060504924-4285088085-1001", "EventData.Event": "4", "EventData.SubscriberName": "Sens"}
{"EventID": "811", "Channel": "Microsoft-Windows-Winlogon/Operational", "Provider_Name": "Microsoft-Windows-Winlogon", "Computer": "DESKTOP-OFJ6N53", "TimeCreated": "2025-08-21 13:11:54.167202+00:00", "RecordID": "35315", "Level": "4", "UserID": "S-1-5-21-963789628-1060504924-4285088085-1001", "EventData.Event": "4", "EventData.SubscriberName": "TermSrv"}
{"EventID": "812", "Channel": "Microsoft-Windows-Winlogon/Operational", "Provider_Name": "Microsoft-Windows-Winlogon", "Computer": "DESKTOP-OFJ6N53", "TimeCreated": "2025-08-21 13:11:54.174950+00:00", "RecordID": "35316", "Level": "4", "UserID": "S-1-5-21-963789628-1060504924-4285088085-1001", "EventData.Event": "4", "EventData.SubscriberName": "TermSrv"}
{"EventID": "811", "Channel": "Microsoft-Windows-Winlogon/Operational", "Provider_Name": "Microsoft-Windows-Winlogon", "Computer": "DESKTOP-OFJ6N53", "TimeCreated": "2025-08-21 13:11:54.176235+00:00", "RecordID": "35317", "Level": "4", "UserID": "S-1-5-21-963789628-1060504924-4285088085-1001", "EventData.Event": "8", "EventData.SubscriberName": "Sens"}
{"EventID": "812", "Channel": "Microsoft-Windows-Winlogon/Operational", "Provider_Name": "Microsoft-Windows-Winlogon", "Computer": "DESKTOP-OFJ6N53", "TimeCreated": "2025-08-21 13:11:54.188555+00:00", "RecordID": "35318", "Level": "4", "UserID": "S-1-5-21-963789628-1060504924-4285088085-1001", "EventData.Event": "8", "EventData.SubscriberName": "Sens"}
{"EventID": "811", "Channel": "Microsoft-Windows-Winlogon/Operational", "Provider_Name": "Microsoft-Windows-Winlogon", "Computer": "DESKTOP-OFJ6N53", "TimeCreated": "2025-08-21 13:11:54.188898+00:00", "RecordID": "35319", "Level": "4", "UserID": "S-1-5-21-963789628-1060504924-4285088085-1001", "EventData.Event": "8", "EventData.SubscriberName": "SessionEnv"}
{"EventID": "812", "Channel": "Microsoft-Windows-Winlogon/Operational", "Provider_Name": "Microsoft-Windows-Winlogon", "Computer": "DESKTOP-OFJ6N53", "TimeCreated": "2025-08-21 13:11:54.377739+00:00", "RecordID": "35320", "Level": "4", "UserID": "S-1-5-21-963789628-1060504924-4285088085-1001", "EventData.Event": "8", "EventData.SubscriberName": "SessionEnv"}
{"EventID": "811", "Channel": "Microsoft-Windows-Winlogon/Operational", "Provider_Name": "Microsoft-Windows-Winlogon", "Computer": "DESKTOP-OFJ6N53", "TimeCreated": "2025-08-21 13:26:17.055593+00:00", "RecordID": "35321", "Level": "4", "UserID": "S-1-5-21-963789628-1060504924-4285088085-1001", "EventData.Event": "9", "EventData.SubscriberName": "Sens"}
{"EventID": "812", "Channel": "Microsoft-Windows-Winlogon/Operational", "Provider_Name": "Microsoft-Windows-Winlogon", "Computer": "DESKTOP-OFJ6N53", "TimeCreated": "2025-08-21 13:26:17.169014+00:00", "RecordID": "35322", "Level": "4", "UserID": "S-1-5-21-963789628-1060504924-4285088085-1001", "EventData.Event": "9", "EventData.SubscriberName": "Sens"}
{"EventID": "811", "Channel": "Microsoft-Windows-Winlogon/Operational", "Provider_Name": "Microsoft-Windows-Winlogon", "Computer": "DESKTOP-OFJ6N53", "TimeCreated": "2025-08-21 13:26:17.298445+00:00", "RecordID": "35323", "Level": "4", "UserID": "S-1-5-21-963789628-1060504924-4285088085-1001", "EventData.Event": "9", "EventData.SubscriberName": "SessionEnv"}
{"EventID": "812", "Channel": "Microsoft-Windows-Winlogon/Operational", "Provider_Name": "Microsoft-Windows-Winlogon", "Computer": "DESKTOP-OFJ6N53", "TimeCreated": "2025-08-21 13:26:17.454105+00:00", "RecordID": "35324", "Level": "4", "UserID": "S-1-5-21-963789628-1060504924-4285088085-1001", "EventData.Event": "9", "EventData.SubscriberName": "SessionEnv"}
{"EventID": "811", "Channel": "Microsoft-Windows-Winlogon/Operational", "Provider_Name": "Microsoft-Windows-Winlogon", "Computer": "DESKTOP-OFJ6N53", "TimeCreated": "2025-08-21 13:26:19.918114+00:00", "RecordID": "35325", "Level": "4", "UserID": "S-1-5-21-963789628-1060504924-4285088085-1001", "EventData.Event": "5", "EventData.SubscriberName": "Sens"}
{"EventID": "812", "Channel": "Microsoft-Windows-Winlogon/Operational", "Provider_Name": "Microsoft-Windows-Winlogon", "Computer": "DESKTOP-OFJ6N53", "TimeCreated": "2025-08-21 13:26:19.936100+00:00", "RecordID": "35326", "Level": "4", "UserID": "S-1-5-21-963789628-1060504924-4285088085-1001", "EventData.Event": "5", "EventData.SubscriberName": "Sens"}
{"EventID": "811", "Channel": "Microsoft-Windows-Winlogon/Operational", "Provider_Name": "Microsoft-Windows-Winlogon", "Computer": "DESKTOP-OFJ6N53", "TimeCreated": "2025-08-21 13:26:19.936241+00:00", "RecordID": "35327", "Level": "4", "UserID": "S-1-5-21-963789628-1060504924-4285088085-1001", "EventData.Event": "5", "EventData.SubscriberName": "TermSrv"}
{"EventID": "812", "Channel": "Microsoft-Windows-Winlogon/Operational", "Provider_Name": "Microsoft-Windows-Winlogon", "Computer": "DESKTOP-OFJ6N53", "TimeCreated": "2025-08-21 13:26:19.988888+00:00", "RecordID": "35328", "Level": "4", "UserID": "S-1-5-21-963789628-1060504924-4285088085-1001", "EventData.Event": "5", "EventData.SubscriberName": "TermSrv"}
{"EventID": "811", "Channel": "Microsoft-Windows-Winlogon/Operational", "Provider_Name": "Microsoft-Windows-Winlogon", "Computer": "DESKTOP-OFJ6N53", "TimeCreated": "2025-08-21 14:25:53.778280+00:00", "RecordID": "35329", "Level": "4", "UserID": "S-1-5-21-963789628-1060504924-4285088085-1001", "EventData.Event": "4", "EventData.SubscriberName": "Sens"}
{"EventID": "812", "Channel": "Microsoft-Windows-Winlogon/Operational", "Provider_Name": "Microsoft-Windows-Winlogon", "Computer": "DESKTOP-OFJ6N53", "TimeCreated": "2025-08-21 14:25:53.824409+00:00", "RecordID": "35330", "Level": "4", "UserID": "S-1-5-21-963789628-1060504924-4285088085-1001", "EventData.Event": "4", "EventData.SubscriberName": "Sens"}
{"EventID": "811", "Channel": "Microsoft-Windows-Winlogon/Operational", "Provider_Name": "Microsoft-Windows-Winlogon", "Computer": "DESKTOP-OFJ6N53", "TimeCreated": "2025-08-21 14:25:53.824524+00:00", "RecordID": "35331", "Level": "4", "UserID": "S-1-5-21-963789628-1060504924-4285088085-1001", "EventData.Event": "4", "EventData.SubscriberName": "TermSrv"}
{"EventID": "812", "Channel": "Microsoft-Windows-Winlogon/Operational", "Provider_Name": "Microsoft-Windows-Winlogon", "Computer": "DESKTOP-OFJ6N53", "TimeCreated": "2025-08-21 14:25:53.825184+00:00", "RecordID": "35332", "Level": "4", "UserID": "S-1-5-21-963789628-1060504924-4285088085-1001", "EventData.Event": "4", "EventData.SubscriberName": "TermSrv"}
{"EventID": "811", "Channel": "Microsoft-Windows-Winlogon/Operational", "Provider_Name": "Microsoft-Windows-Winlogon", "Computer": "DESKTOP-OFJ6N53", "TimeCreated": "2025-08-21 14:25:53.825878+00:00", "RecordID": "35333", "Level": "4", "UserID": "S-1-5-21-963789628-1060504924-4285088085-1001", "EventData.Event": "8", "EventData.SubscriberName": "Sens"}
{"EventID": "812", "Channel": "Microsoft-Windows-Winlogon/Operational", "Provider_Name": "Microsoft-Windows-Winlogon", "Computer": "DESKTOP-OFJ6N53", "TimeCreated": "2025-08-21 14:25:53.832432+00:00", "RecordID": "35334", "Level": "4", "UserID": "S-1-5-21-963789628-1060504924-4285088085-1001", "EventData.Event": "8", "EventData.SubscriberName": "Sens"}
{"EventID": "811", "Channel": "Microsoft-Windows-Winlogon/Operational", "Provider_Name": "Microsoft-Windows-Winlogon", "Computer": "DESKTOP-OFJ6N53", "TimeCreated": "2025-08-21 14:25:53.835033+00:00", "RecordID": "35335", "Level": "4", "UserID": "S-1-5-21-963789628-1060504924-4285088085-1001", "EventData.Event": "8", "EventData.SubscriberName": "SessionEnv"}
{"EventID": "812", "Channel": "Microsoft-Windows-Winlogon/Operational", "Provider_Name": "Microsoft-Windows-Winlogon", "Computer": "DESKTOP-OFJ6N53", "TimeCreated": "2025-08-21 14:25:53.846766+00:00", "RecordID": "35336", "Level": "4", "UserID": "S-1-5-21-963789628-1060504924-4285088085-1001", "EventData.Event": "8", "EventData.SubscriberName": "SessionEnv"}
{"EventID": "811", "Channel": "Microsoft-Windows-Winlogon/Operational", "Provider_Name": "Microsoft-Windows-Winlogon", "Computer": "DESKTOP-OFJ6N53", "TimeCreated": "2025-08-21 14:44:11.227497+00:00", "RecordID": "35337", "Level": "4", "UserID": "S-1-5-21-963789628-1060504924-4285088085-1001", "EventData.Event": "9", "EventData.SubscriberName": "Sens"}
{"EventID": "812", "Channel": "Microsoft-Windows-Winlogon/Operational", "Provider_Name": "Microsoft-Windows-Winlogon", "Computer": "DESKTOP-OFJ6N53", "TimeCreated": "2025-08-21 14:44:11.247183+00:00", "RecordID": "35338", "Level": "4", "UserID": "S-1-5-21-963789628-1060504924-4285088085-1001", "EventData.Event": "9", "EventData.SubscriberName": "Sens"}
{"EventID": "811", "Channel": "Microsoft-Windows-Winlogon/Operational", "Provider_Name": "Microsoft-Windows-Winlogon", "Computer": "DESKTOP-OFJ6N53", "TimeCreated": "2025-08-21 14:44:11.247972+00:00", "RecordID": "35339", "Level": "4", "UserID": "S-1-5-21-963789628-1060504924-4285088085-1001", "EventData.Event": "9", "EventData.SubscriberName": "SessionEnv"}
{"EventID": "812", "Channel": "Microsoft-Windows-Winlogon/Operational", "Provider_Name": "Microsoft-Windows-Winlogon", "Computer": "DESKTOP-OFJ6N53", "TimeCreated": "2025-08-21 14:44:11.268761+00:00", "RecordID": "35340", "Level": "4", "UserID": "S-1-5-21-963789628-1060504924-4285088085-1001", "EventData.Event": "9", "EventData.SubscriberName": "SessionEnv"}
{"EventID": "811", "Channel": "Microsoft-Windows-Winlogon/Operational", "Provider_Name": "Microsoft-Windows-Winlogon", "Computer": "DESKTOP-OFJ6N53", "TimeCreated": "2025-08-21 14:44:13.265089+00:00", "RecordID": "35341", "Level": "4", "UserID": "S-1-5-21-963789628-1060504924-4285088085-1001", "EventData.Event": "5", "EventData.SubscriberName": "Sens"}
{"EventID": "812", "Channel": "Microsoft-Windows-Winlogon/Operational", "Provider_Name": "Microsoft-Windows-Winlogon", "Computer": "DESKTOP-OFJ6N53", "TimeCreated": "2025-08-21 14:44:13.296373+00:00", "RecordID": "35342", "Level": "4", "UserID": "S-1-5-21-963789628-1060504924-4285088085-1001", "EventData.Event": "5", "EventData.SubscriberName": "Sens"}
{"EventID": "811", "Channel": "Microsoft-Windows-Winlogon/Operational", "Provider_Name": "Microsoft-Windows-Winlogon", "Computer": "DESKTOP-OFJ6N53", "TimeCreated": "2025-08-21 14:44:13.296583+00:00", "RecordID": "35343", "Level": "4", "UserID": "S-1-5-21-963789628-1060504924-4285088085-1001", "EventData.Event": "5", "EventData.SubscriberName": "TermSrv"}
{"EventID": "812", "Channel": "Microsoft-Windows-Winlogon/Operational", "Provider_Name": "Microsoft-Windows-Winlogon", "Computer": "DESKTOP-OFJ6N53", "TimeCreated": "2025-08-21 14:44:13.723736+00:00", "RecordID": "35344", "Level": "4", "UserID": "S-1-5-21-963789628-1060504924-4285088085-1001", "EventData.Event": "5", "EventData.SubscriberName": "TermSrv"}
{"EventID": "811", "Channel": "Microsoft-Windows-Winlogon/Operational", "Provider_Name": "Microsoft-Windows-Winlogon", "Computer": "DESKTOP-OFJ6N53", "TimeCreated": "2025-08-21 15:30:20.865738+00:00", "RecordID": "35345", "Level": "4", "UserID": "S-1-5-21-963789628-1060504924-4285088085-1001", "EventData.Event": "4", "EventData.SubscriberName": "Sens"}
{"EventID": "812", "Channel": "Microsoft-Windows-Winlogon/Operational", "Provider_Name": "Microsoft-Windows-Winlogon", "Computer": "DESKTOP-OFJ6N53", "TimeCreated": "2025-08-21 15:30:20.999947+00:00", "RecordID": "35346", "Level": "4", "UserID": "S-1-5-21-963789628-1060504924-4285088085-1001", "EventData.Event": "4", "EventData.SubscriberName": "Sens"}
{"EventID": "811", "Channel": "Microsoft-Windows-Winlogon/Operational", "Provider_Name": "Microsoft-Windows-Winlogon", "Computer": "DESKTOP-OFJ6N53", "TimeCreated": "2025-08-21 15:30:21.000057+00:00", "RecordID": "35347", "Level": "4", "UserID": "S-1-5-21-963789628-1060504924-4285088085-1001", "EventData.Event": "4", "EventData.SubscriberName": "TermSrv"}
{"EventID": "812", "Channel": "Microsoft-Windows-Winlogon/Operational", "Provider_Name": "Microsoft-Windows-Winlogon", "Computer": "DESKTOP-OFJ6N53", "TimeCreated": "2025-08-21 15:30:21.000715+00:00", "RecordID": "35348", "Level": "4", "UserID": "S-1-5-21-963789628-1060504924-4285088085-1001", "EventData.Event": "4", "EventData.SubscriberName": "TermSrv"}
{"EventID": "811", "Channel": "Microsoft-Windows-Winlogon/Operational", "Provider_Name": "Microsoft-Windows-Winlogon", "Computer": "DESKTOP-OFJ6N53", "TimeCreated": "2025-08-21 15:30:21.023230+00:00", "RecordID": "35349", "Level": "4", "UserID": "S-1-5-21-963789628-1060504924-4285088085-1001", "EventData.Event": "8", "EventData.SubscriberName": "Sens"}
{"EventID": "812", "Channel": "Microsoft-Windows-Winlogon/Operational", "Provider_Name": "Microsoft-Windows-Winlogon", "Computer": "DESKTOP-OFJ6N53", "TimeCreated": "2025-08-21 15:30:21.025681+00:00", "RecordID": "35350", "Level": "4", "UserID": "S-1-5-21-963789628-1060504924-4285088085-1001", "EventData.Event": "8", "EventData.SubscriberName": "Sens"}
{"EventID": "811", "Channel": "Microsoft-Windows-Winlogon/Operational", "Provider_Name": "Microsoft-Windows-Winlogon", "Computer": "DESKTOP-OFJ6N53", "TimeCreated": "2025-08-21 15:30:21.031305+00:00", "RecordID": "35351", "Level": "4", "UserID": "S-1-5-21-963789628-1060504924-4285088085-1001", "EventData.Event": "8", "EventData.SubscriberName": "SessionEnv"}
{"EventID": "812", "Channel": "Microsoft-Windows-Winlogon/Operational", "Provider_Name": "Microsoft-Windows-Winlogon", "Computer": "DESKTOP-OFJ6N53", "TimeCreated": "2025-08-21 15:30:21.046631+00:00", "RecordID": "35352", "Level": "4", "UserID": "S-1-5-21-963789628-1060504924-4285088085-1001", "EventData.Event": "8", "EventData.SubscriberName": "SessionEnv"}
{"EventID": "811", "Channel": "Microsoft-Windows-Winlogon/Operational", "Provider_Name": "Microsoft-Windows-Winlogon", "Computer": "DESKTOP-OFJ6N53", "TimeCreated": "2025-08-22 06:09:14.898432+00:00", "RecordID": "35353", "Level": "4", "UserID": "S-1-5-21-963789628-1060504924-4285088085-1001", "EventData.Event": "9", "EventData.SubscriberName": "Sens"}
{"EventID": "812", "Channel": "Microsoft-Windows-Winlogon/Operational", "Provider_Name": "Microsoft-Windows-Winlogon", "Computer": "DESKTOP-OFJ6N53", "TimeCreated": "2025-08-22 06:09:15.429573+00:00", "RecordID": "35354", "Level": "4", "UserID": "S-1-5-21-963789628-1060504924-4285088085-1001", "EventData.Event": "9", "EventData.SubscriberName": "Sens"}
{"EventID": "811", "Channel": "Microsoft-Windows-Winlogon/Operational", "Provider_Name": "Microsoft-Windows-Winlogon", "Computer": "DESKTOP-OFJ6N53", "TimeCreated": "2025-08-22 06:09:15.451189+00:00", "RecordID": "35355", "Level": "4", "UserID": "S-1-5-21-963789628-1060504924-4285088085-1001", "EventData.Event": "9", "EventData.SubscriberName": "SessionEnv"}
{"EventID": "812", "Channel": "Microsoft-Windows-Winlogon/Operational", "Provider_Name": "Microsoft-Windows-Winlogon", "Computer": "DESKTOP-OFJ6N53", "TimeCreated": "2025-08-22 06:09:15.499846+00:00", "RecordID": "35356", "Level": "4", "UserID": "S-1-5-21-963789628-1060504924-4285088085-1001", "EventData.Event": "9", "EventData.SubscriberName": "SessionEnv"}
{"EventID": "811", "Channel": "Microsoft-Windows-Winlogon/Operational", "Provider_Name": "Microsoft-Windows-Winlogon", "Computer": "DESKTOP-OFJ6N53", "TimeCreated": "2025-08-22 06:09:20.158617+00:00", "RecordID": "35357", "Level": "4", "UserID": "S-1-5-21-963789628-1060504924-4285088085-1001", "EventData.Event": "5", "EventData.SubscriberName": "Sens"}
{"EventID": "812", "Channel": "Microsoft-Windows-Winlogon/Operational", "Provider_Name": "Microsoft-Windows-Winlogon", "Computer": "DESKTOP-OFJ6N53", "TimeCreated": "2025-08-22 06:09:20.250212+00:00", "RecordID": "35358", "Level": "4", "UserID": "S-1-5-21-963789628-1060504924-4285088085-1001", "EventData.Event": "5", "EventData.SubscriberName": "Sens"}
{"EventID": "811", "Channel": "Microsoft-Windows-Winlogon/Operational", "Provider_Name": "Microsoft-Windows-Winlogon", "Computer": "DESKTOP-OFJ6N53", "TimeCreated": "2025-08-22 06:09:20.250290+00:00", "RecordID": "35359", "Level": "4", "UserID": "S-1-5-21-963789628-1060504924-4285088085-1001", "EventData.Event": "5", "EventData.SubscriberName": "TermSrv"}
{"EventID": "812", "Channel": "Microsoft-Windows-Winlogon/Operational", "Provider_Name": "Microsoft-Windows-Winlogon", "Computer": "DESKTOP-OFJ6N53", "TimeCreated": "2025-08-22 06:09:21.037193+00:00", "RecordID": "35360", "Level": "4", "UserID": "S-1-5-21-963789628-1060504924-4285088085-1001", "EventData.Event": "5", "EventData.SubscriberName": "TermSrv"}
{"EventID": "811", "Channel": "Microsoft-Windows-Winlogon/Operational", "Provider_Name": "Microsoft-Windows-Winlogon", "Computer": "DESKTOP-OFJ6N53", "TimeCreated": "2025-08-22 06:12:31.488445+00:00", "RecordID": "35361", "Level": "4", "UserID": "S-1-5-21-963789628-1060504924-4285088085-1001", "EventData.Event": "4", "EventData.SubscriberName": "Sens"}
{"EventID": "812", "Channel": "Microsoft-Windows-Winlogon/Operational", "Provider_Name": "Microsoft-Windows-Winlogon", "Computer": "DESKTOP-OFJ6N53", "TimeCreated": "2025-08-22 06:12:31.505562+00:00", "RecordID": "35362", "Level": "4", "UserID": "S-1-5-21-963789628-1060504924-4285088085-1001", "EventData.Event": "4", "EventData.SubscriberName": "Sens"}
{"EventID": "811", "Channel": "Microsoft-Windows-Winlogon/Operational", "Provider_Name": "Microsoft-Windows-Winlogon", "Computer": "DESKTOP-OFJ6N53", "TimeCreated": "2025-08-22 06:12:31.505642+00:00", "RecordID": "35363", "Level": "4", "UserID": "S-1-5-21-963789628-1060504924-4285088085-1001", "EventData.Event": "4", "EventData.SubscriberName": "TermSrv"}
{"EventID": "812", "Channel": "Microsoft-Windows-Winlogon/Operational", "Provider_Name": "Microsoft-Windows-Winlogon", "Computer": "DESKTOP-OFJ6N53", "TimeCreated": "2025-08-22 06:12:31.506107+00:00", "RecordID": "35364", "Level": "4", "UserID": "S-1-5-21-963789628-1060504924-4285088085-1001", "EventData.Event": "4", "EventData.SubscriberName": "TermSrv"}
{"EventID": "811", "Channel": "Microsoft-Windows-Winlogon/Operational", "Provider_Name": "Microsoft-Windows-Winlogon", "Computer": "DESKTOP-OFJ6N53", "TimeCreated": "2025-08-22 06:12:31.725639+00:00", "RecordID": "35365", "Level": "4", "UserID": "S-1-5-21-963789628-1060504924-4285088085-1001", "EventData.Event": "8", "EventData.SubscriberName": "Sens"}
{"EventID": "812", "Channel": "Microsoft-Windows-Winlogon/Operational", "Provider_Name": "Microsoft-Windows-Winlogon", "Computer": "DESKTOP-OFJ6N53", "TimeCreated": "2025-08-22 06:12:31.773531+00:00", "RecordID": "35366", "Level": "4", "UserID": "S-1-5-21-963789628-1060504924-4285088085-1001", "EventData.Event": "8", "EventData.SubscriberName": "Sens"}
{"EventID": "811", "Channel": "Microsoft-Windows-Winlogon/Operational", "Provider_Name": "Microsoft-Windows-Winlogon", "Computer": "DESKTOP-OFJ6N53", "TimeCreated": "2025-08-22 06:12:31.797873+00:00", "RecordID": "35367", "Level": "4", "UserID": "S-1-5-21-963789628-1060504924-4285088085-1001", "EventData.Event": "8", "EventData.SubscriberName": "SessionEnv"}
{"EventID": "812", "Channel": "Microsoft-Windows-Winlogon/Operational", "Provider_Name": "Microsoft-Windows-Winlogon", "Computer": "DESKTOP-OFJ6N53", "TimeCreated": "2025-08-22 06:12:32.134768+00:00", "RecordID": "35368", "Level": "4", "UserID": "S-1-5-21-963789628-1060504924-4285088085-1001", "EventData.Event": "8", "EventData.SubscriberName": "SessionEnv"}
{"EventID": "811", "Channel": "Microsoft-Windows-Winlogon/Operational", "Provider_Name": "Microsoft-Windows-Winlogon", "Computer": "DESKTOP-OFJ6N53", "TimeCreated": "2025-08-22 06:29:25.606543+00:00", "RecordID": "35369", "Level": "4", "UserID": "S-1-5-21-963789628-1060504924-4285088085-1001", "EventData.Event": "9", "EventData.SubscriberName": "Sens"}
{"EventID": "812", "Channel": "Microsoft-Windows-Winlogon/Operational", "Provider_Name": "Microsoft-Windows-Winlogon", "Computer": "DESKTOP-OFJ6N53", "TimeCreated": "2025-08-22 06:29:25.618601+00:00", "RecordID": "35370", "Level": "4", "UserID": "S-1-5-21-963789628-1060504924-4285088085-1001", "EventData.Event": "9", "EventData.SubscriberName": "Sens"}
{"EventID": "811", "Channel": "Microsoft-Windows-Winlogon/Operational", "Provider_Name": "Microsoft-Windows-Winlogon", "Computer": "DESKTOP-OFJ6N53", "TimeCreated": "2025-08-22 06:29:25.622339+00:00", "RecordID": "35371", "Level": "4", "UserID": "S-1-5-21-963789628-1060504924-4285088085-1001", "EventData.Event": "9", "EventData.SubscriberName": "SessionEnv"}
{"EventID": "812", "Channel": "Microsoft-Windows-Winlogon/Operational", "Provider_Name": "Microsoft-Windows-Winlogon", "Computer": "DESKTOP-OFJ6N53", "TimeCreated": "2025-08-22 06:29:25.634829+00:00", "RecordID": "35372", "Level": "4", "UserID": "S-1-5-21-963789628-1060504924-4285088085-1001", "EventData.Event": "9", "EventData.SubscriberName": "SessionEnv"}
{"EventID": "811", "Channel": "Microsoft-Windows-Winlogon/Operational", "Provider_Name": "Microsoft-Windows-Winlogon", "Computer": "DESKTOP-OFJ6N53", "TimeCreated": "2025-08-22 06:29:28.273561+00:00", "RecordID": "35373", "Level": "4", "UserID": "S-1-5-21-963789628-1060504924-4285088085-1001", "EventData.Event": "5", "EventData.SubscriberName": "Sens"}
{"EventID": "812", "Channel": "Microsoft-Windows-Winlogon/Operational", "Provider_Name": "Microsoft-Windows-Winlogon", "Computer": "DESKTOP-OFJ6N53", "TimeCreated": "2025-08-22 06:29:28.389805+00:00", "RecordID": "35374", "Level": "4", "UserID": "S-1-5-21-963789628-1060504924-4285088085-1001", "EventData.Event": "5", "EventData.SubscriberName": "Sens"}
{"EventID": "811", "Channel": "Microsoft-Windows-Winlogon/Operational", "Provider_Name": "Microsoft-Windows-Winlogon", "Computer": "DESKTOP-OFJ6N53", "TimeCreated": "2025-08-22 06:29:28.391495+00:00", "RecordID": "35375", "Level": "4", "UserID": "S-1-5-21-963789628-1060504924-4285088085-1001", "EventData.Event": "5", "EventData.SubscriberName": "TermSrv"}
{"EventID": "812", "Channel": "Microsoft-Windows-Winlogon/Operational", "Provider_Name": "Microsoft-Windows-Winlogon", "Computer": "DESKTOP-OFJ6N53", "TimeCreated": "2025-08-22 06:29:28.958185+00:00", "RecordID": "35376", "Level": "4", "UserID": "S-1-5-21-963789628-1060504924-4285088085-1001", "EventData.Event": "5", "EventData.SubscriberName": "TermSrv"}
{"EventID": "811", "Channel": "Microsoft-Windows-Winlogon/Operational", "Provider_Name": "Microsoft-Windows-Winlogon", "Computer": "DESKTOP-OFJ6N53", "TimeCreated": "2025-08-22 06:31:42.398304+00:00", "RecordID": "35377", "Level": "4", "UserID": "S-1-5-21-963789628-1060504924-4285088085-1001", "EventData.Event": "4", "EventData.SubscriberName": "Sens"}
{"EventID": "812", "Channel": "Microsoft-Windows-Winlogon/Operational", "Provider_Name": "Microsoft-Windows-Winlogon", "Computer": "DESKTOP-OFJ6N53", "TimeCreated": "2025-08-22 06:31:42.626961+00:00", "RecordID": "35378", "Level": "4", "UserID": "S-1-5-21-963789628-1060504924-4285088085-1001", "EventData.Event": "4", "EventData.SubscriberName": "Sens"}
{"EventID": "811", "Channel": "Microsoft-Windows-Winlogon/Operational", "Provider_Name": "Microsoft-Windows-Winlogon", "Computer": "DESKTOP-OFJ6N53", "TimeCreated": "2025-08-22 06:31:42.627047+00:00", "RecordID": "35379", "Level": "4", "UserID": "S-1-5-21-963789628-1060504924-4285088085-1001", "EventData.Event": "4", "EventData.SubscriberName": "TermSrv"}
{"EventID": "812", "Channel": "Microsoft-Windows-Winlogon/Operational", "Provider_Name": "Microsoft-Windows-Winlogon", "Computer": "DESKTOP-OFJ6N53", "TimeCreated": "2025-08-22 06:31:42.627550+00:00", "RecordID": "35380", "Level": "4", "UserID": "S-1-5-21-963789628-1060504924-4285088085-1001", "EventData.Event": "4", "EventData.SubscriberName": "TermSrv"}
{"EventID": "811", "Channel": "Microsoft-Windows-Winlogon/Operational", "Provider_Name": "Microsoft-Windows-Winlogon", "Computer": "DESKTOP-OFJ6N53", "TimeCreated": "2025-08-22 06:31:42.628000+00:00", "RecordID": "35381", "Level": "4", "UserID": "S-1-5-21-963789628-1060504924-4285088085-1001", "EventData.Event": "8", "EventData.SubscriberName": "Sens"}
{"EventID": "812", "Channel": "Microsoft-Windows-Winlogon/Operational", "Provider_Name": "Microsoft-Windows-Winlogon", "Computer": "DESKTOP-OFJ6N53", "TimeCreated": "2025-08-22 06:31:42.657829+00:00", "RecordID": "35382", "Level": "4", "UserID": "S-1-5-21-963789628-1060504924-4285088085-1001", "EventData.Event": "8", "EventData.SubscriberName": "Sens"}
{"EventID": "811", "Channel": "Microsoft-Windows-Winlogon/Operational", "Provider_Name": "Microsoft-Windows-Winlogon", "Computer": "DESKTOP-OFJ6N53", "TimeCreated": "2025-08-22 06:31:42.675196+00:00", "RecordID": "35383", "Level": "4", "UserID": "S-1-5-21-963789628-1060504924-4285088085-1001", "EventData.Event": "8", "EventData.SubscriberName": "SessionEnv"}
{"EventID": "812", "Channel": "Microsoft-Windows-Winlogon/Operational", "Provider_Name": "Microsoft-Windows-Winlogon", "Computer": "DESKTOP-OFJ6N53", "TimeCreated": "2025-08-22 06:31:42.702723+00:00", "RecordID": "35384", "Level": "4", "UserID": "S-1-5-21-963789628-1060504924-4285088085-1001", "EventData.Event": "8", "EventData.SubscriberName": "SessionEnv"}
{"EventID": "811", "Channel": "Microsoft-Windows-Winlogon/Operational", "Provider_Name": "Microsoft-Windows-Winlogon", "Computer": "DESKTOP-OFJ6N53", "TimeCreated": "2025-08-22 08:17:54.128117+00:00", "RecordID": "35385", "Level": "4", "UserID": "S-1-5-21-963789628-1060504924-4285088085-1001", "EventData.Event": "9", "EventData.SubscriberName": "Sens"}
{"EventID": "812", "Channel": "Microsoft-Windows-Winlogon/Operational", "Provider_Name": "Microsoft-Windows-Winlogon", "Computer": "DESKTOP-OFJ6N53", "TimeCreated": "2025-08-22 08:17:54.181000+00:00", "RecordID": "35386", "Level": "4", "UserID": "S-1-5-21-963789628-1060504924-4285088085-1001", "EventData.Event": "9", "EventData.SubscriberName": "Sens"}
{"EventID": "811", "Channel": "Microsoft-Windows-Winlogon/Operational", "Provider_Name": "Microsoft-Windows-Winlogon", "Computer": "DESKTOP-OFJ6N53", "TimeCreated": "2025-08-22 08:17:54.181112+00:00", "RecordID": "35387", "Level": "4", "UserID": "S-1-5-21-963789628-1060504924-4285088085-1001", "EventData.Event": "9", "EventData.SubscriberName": "SessionEnv"}
{"EventID": "812", "Channel": "Microsoft-Windows-Winlogon/Operational", "Provider_Name": "Microsoft-Windows-Winlogon", "Computer": "DESKTOP-OFJ6N53", "TimeCreated": "2025-08-22 08:17:54.253294+00:00", "RecordID": "35388", "Level": "4", "UserID": "S-1-5-21-963789628-1060504924-4285088085-1001", "EventData.Event": "9", "EventData.SubscriberName": "SessionEnv"}
{"EventID": "811", "Channel": "Microsoft-Windows-Winlogon/Operational", "Provider_Name": "Microsoft-Windows-Winlogon", "Computer": "DESKTOP-OFJ6N53", "TimeCreated": "2025-08-22 08:17:57.451923+00:00", "RecordID": "35389", "Level": "4", "UserID": "S-1-5-21-963789628-1060504924-4285088085-1001", "EventData.Event": "5", "EventData.SubscriberName": "Sens"}
{"EventID": "812", "Channel": "Microsoft-Windows-Winlogon/Operational", "Provider_Name": "Microsoft-Windows-Winlogon", "Computer": "DESKTOP-OFJ6N53", "TimeCreated": "2025-08-22 08:17:57.465878+00:00", "RecordID": "35390", "Level": "4", "UserID": "S-1-5-21-963789628-1060504924-4285088085-1001", "EventData.Event": "5", "EventData.SubscriberName": "Sens"}
{"EventID": "811", "Channel": "Microsoft-Windows-Winlogon/Operational", "Provider_Name": "Microsoft-Windows-Winlogon", "Computer": "DESKTOP-OFJ6N53", "TimeCreated": "2025-08-22 08:17:57.465958+00:00", "RecordID": "35391", "Level": "4", "UserID": "S-1-5-21-963789628-1060504924-4285088085-1001", "EventData.Event": "5", "EventData.SubscriberName": "TermSrv"}
{"EventID": "812", "Channel": "Microsoft-Windows-Winlogon/Operational", "Provider_Name": "Microsoft-Windows-Winlogon", "Computer": "DESKTOP-OFJ6N53", "TimeCreated": "2025-08-22 08:17:57.768599+00:00", "RecordID": "35392", "Level": "4", "UserID": "S-1-5-21-963789628-1060504924-4285088085-1001", "EventData.Event": "5", "EventData.SubscriberName": "TermSrv"}
{"EventID": "811", "Channel": "Microsoft-Windows-Winlogon/Operational", "Provider_Name": "Microsoft-Windows-Winlogon", "Computer": "DESKTOP-OFJ6N53", "TimeCreated": "2025-08-22 08:23:58.524727+00:00", "RecordID": "35393", "Level": "4", "UserID": "S-1-5-21-963789628-1060504924-4285088085-1001", "EventData.Event": "4", "EventData.SubscriberName": "Sens"}
{"EventID": "812", "Channel": "Microsoft-Windows-Winlogon/Operational", "Provider_Name": "Microsoft-Windows-Winlogon", "Computer": "DESKTOP-OFJ6N53", "TimeCreated": "2025-08-22 08:23:58.528343+00:00", "RecordID": "35394", "Level": "4", "UserID": "S-1-5-21-963789628-1060504924-4285088085-1001", "EventData.Event": "4", "EventData.SubscriberName": "Sens"}
{"EventID": "811", "Channel": "Microsoft-Windows-Winlogon/Operational", "Provider_Name": "Microsoft-Windows-Winlogon", "Computer": "DESKTOP-OFJ6N53", "TimeCreated": "2025-08-22 08:23:58.528446+00:00", "RecordID": "35395", "Level": "4", "UserID": "S-1-5-21-963789628-1060504924-4285088085-1001", "EventData.Event": "4", "EventData.SubscriberName": "TermSrv"}
