{"EventID": "5857", "Channel": "Microsoft-Windows-WMI-Activity/Operational", "Provider_Name": "Microsoft-Windows-WMI-Activity", "Computer": "DESKTOP-OFJ6N53", "TimeCreated": "2025-08-22 09:24:36.018238+00:00", "RecordID": "160781", "Level": "0", "UserID": "S-1-5-20"}
{"EventID": "5858", "Channel": "Microsoft-Windows-WMI-Activity/Operational", "Provider_Name": "Microsoft-Windows-WMI-Activity", "Computer": "DESKTOP-OFJ6N53", "TimeCreated": "2025-08-22 09:24:36.195736+00:00", "RecordID": "160782", "Level": "2", "UserID": "S-1-5-18"}
{"EventID": "5857", "Channel": "Microsoft-Windows-WMI-Activity/Operational", "Provider_Name": "Microsoft-Windows-WMI-Activity", "Computer": "DESKTOP-OFJ6N53", "TimeCreated": "2025-08-22 09:29:01.372610+00:00", "RecordID": "160783", "Level": "0", "UserID": "S-1-5-20"}
{"EventID": "5857", "Channel": "Microsoft-Windows-WMI-Activity/Operational", "Provider_Name": "Microsoft-Windows-WMI-Activity", "Computer": "DESKTOP-OFJ6N53", "TimeCreated": "2025-08-22 09:29:01.760492+00:00", "RecordID": "160784", "Level": "0", "UserID": "S-1-5-20"}
{"EventID": "5857", "Channel": "Microsoft-Windows-WMI-Activity/Operational", "Provider_Name": "Microsoft-Windows-WMI-Activity", "Computer": "DESKTOP-OFJ6N53", "TimeCreated": "2025-08-22 09:46:17.969843+00:00", "RecordID": "160785", "Level": "0", "UserID": "S-1-5-20"}
{"EventID": "5858", "Channel": "Microsoft-Windows-WMI-Activity/Operational", "Provider_Name": "Microsoft-Windows-WMI-Activity", "Computer": "DESKTOP-OFJ6N53", "TimeCreated": "2025-08-22 09:46:44.289490+00:00", "RecordID": "160786", "Level": "2", "UserID": "S-1-5-18"}
{"EventID": "5857", "Channel": "Microsoft-Windows-WMI-Activity/Operational", "Provider_Name": "Microsoft-Windows-WMI-Activity", "Computer": "DESKTOP-OFJ6N53", "TimeCreated": "2025-08-22 09:51:37.490921+00:00", "RecordID": "160787", "Level": "0", "UserID": "S-1-5-20"}
{"EventID": "5857", "Channel": "Microsoft-Windows-WMI-Activity/Operational", "Provider_Name": "Microsoft-Windows-WMI-Activity", "Computer": "DESKTOP-OFJ6N53", "TimeCreated": "2025-08-22 09:51:37.827536+00:00", "RecordID": "160788", "Level": "0", "UserID": "S-1-5-20"}
{"EventID": "5857", "Channel": "Microsoft-Windows-WMI-Activity/Operational", "Provider_Name": "Microsoft-Windows-WMI-Activity", "Computer": "DESKTOP-OFJ6N53", "TimeCreated": "2025-08-22 10:04:47.823061+00:00", "RecordID": "160789", "Level": "0", "UserID": "S-1-5-20"}
{"EventID": "5857", "Channel": "Microsoft-Windows-WMI-Activity/Operational", "Provider_Name": "Microsoft-Windows-WMI-Activity", "Computer": "DESKTOP-OFJ6N53", "TimeCreated": "2025-08-22 10:09:24.219133+00:00", "RecordID": "160790", "Level": "0", "UserID": "S-1-5-20"}
{"EventID": "5857", "Channel": "Microsoft-Windows-WMI-Activity/Operational", "Provider_Name": "Microsoft-Windows-WMI-Activity", "Computer": "DESKTOP-OFJ6N53", "TimeCreated": "2025-08-22 10:09:24.484562+00:00", "RecordID": "160791", "Level": "0", "UserID": "S-1-5-20"}
{"EventID": "5857", "Channel": "Microsoft-Windows-WMI-Activity/Operational", "Provider_Name": "Microsoft-Windows-WMI-Activity", "Computer": "DESKTOP-OFJ6N53", "TimeCreated": "2025-08-22 10:45:38.666838+00:00", "RecordID": "160792", "Level": "0", "UserID": "S-1-5-20"}
{"EventID": "5857", "Channel": "Microsoft-Windows-WMI-Activity/Operational", "Provider_Name": "Microsoft-Windows-WMI-Activity", "Computer": "DESKTOP-OFJ6N53", "TimeCreated": "2025-08-22 10:45:38.898014+00:00", "RecordID": "160793", "Level": "0", "UserID": "S-1-5-20"}
{"EventID": "5857", "Channel": "Microsoft-Windows-WMI-Activity/Operational", "Provider_Name": "Microsoft-Windows-WMI-Activity", "Computer": "DESKTOP-OFJ6N53", "TimeCreated": "2025-08-22 11:05:42.924698+00:00", "RecordID": "160794", "Level": "0", "UserID": "S-1-5-20"}
{"EventID": "5857", "Channel": "Microsoft-Windows-WMI-Activity/Operational", "Provider_Name": "Microsoft-Windows-WMI-Activity", "Computer": "DESKTOP-OFJ6N53", "TimeCreated": "2025-08-22 11:11:27.884327+00:00", "RecordID": "160795", "Level": "0", "UserID": "S-1-5-20"}
{"EventID": "5857", "Channel": "Microsoft-Windows-WMI-Activity/Operational", "Provider_Name": "Microsoft-Windows-WMI-Activity", "Computer": "DESKTOP-OFJ6N53", "TimeCreated": "2025-08-22 11:34:18.730709+00:00", "RecordID": "160796", "Level": "0", "UserID": "S-1-5-20"}
{"EventID": "5857", "Channel": "Microsoft-Windows-WMI-Activity/Operational", "Provider_Name": "Microsoft-Windows-WMI-Activity", "Computer": "DESKTOP-OFJ6N53", "TimeCreated": "2025-08-22 11:34:19.028267+00:00", "RecordID": "160797", "Level": "0", "UserID": "S-1-5-20"}
{"EventID": "5857", "Channel": "Microsoft-Windows-WMI-Activity/Operational", "Provider_Name": "Microsoft-Windows-WMI-Activity", "Computer": "DESKTOP-OFJ6N53", "TimeCreated": "2025-08-22 11:55:28.594988+00:00", "RecordID": "160798", "Level": "0", "UserID": "S-1-5-20"}
{"EventID": "5857", "Channel": "Microsoft-Windows-WMI-Activity/Operational", "Provider_Name": "Microsoft-Windows-WMI-Activity", "Computer": "DESKTOP-OFJ6N53", "TimeCreated": "2025-08-22 11:59:42.996626+00:00", "RecordID": "160799", "Level": "0", "UserID": "S-1-5-20"}
{"EventID": "5857", "Channel": "Microsoft-Windows-WMI-Activity/Operational", "Provider_Name": "Microsoft-Windows-WMI-Activity", "Computer": "DESKTOP-OFJ6N53", "TimeCreated": "2025-08-22 11:59:43.210737+00:00", "RecordID": "160800", "Level": "0", "UserID": "S-1-5-20"}
{"EventID": "5857", "Channel": "Microsoft-Windows-WMI-Activity/Operational", "Provider_Name": "Microsoft-Windows-WMI-Activity", "Computer": "DESKTOP-OFJ6N53", "TimeCreated": "2025-08-22 12:14:22.182087+00:00", "RecordID": "160801", "Level": "0", "UserID": "S-1-5-20"}
{"EventID": "5857", "Channel": "Microsoft-Windows-WMI-Activity/Operational", "Provider_Name": "Microsoft-Windows-WMI-Activity", "Computer": "DESKTOP-OFJ6N53", "TimeCreated": "2025-08-22 12:14:22.249744+00:00", "RecordID": "160802", "Level": "0", "UserID": "S-1-5-20"}
{"EventID": "5857", "Channel": "Microsoft-Windows-WMI-Activity/Operational", "Provider_Name": "Microsoft-Windows-WMI-Activity", "Computer": "DESKTOP-OFJ6N53", "TimeCreated": "2025-08-22 12:29:26.119322+00:00", "RecordID": "160803", "Level": "0", "UserID": "S-1-5-20"}
{"EventID": "5857", "Channel": "Microsoft-Windows-WMI-Activity/Operational", "Provider_Name": "Microsoft-Windows-WMI-Activity", "Computer": "DESKTOP-OFJ6N53", "TimeCreated": "2025-08-22 12:29:26.192083+00:00", "RecordID": "160804", "Level": "0", "UserID": "S-1-5-20"}
{"EventID": "5857", "Channel": "Microsoft-Windows-WMI-Activity/Operational", "Provider_Name": "Microsoft-Windows-WMI-Activity", "Computer": "DESKTOP-OFJ6N53", "TimeCreated": "2025-08-22 12:57:00.622051+00:00", "RecordID": "160805", "Level": "0", "UserID": "S-1-5-20"}
{"EventID": "5857", "Channel": "Microsoft-Windows-WMI-Activity/Operational", "Provider_Name": "Microsoft-Windows-WMI-Activity", "Computer": "DESKTOP-OFJ6N53", "TimeCreated": "2025-08-22 12:57:00.843843+00:00", "RecordID": "160806", "Level": "0", "UserID": "S-1-5-20"}
{"EventID": "5857", "Channel": "Microsoft-Windows-WMI-Activity/Operational", "Provider_Name": "Microsoft-Windows-WMI-Activity", "Computer": "DESKTOP-OFJ6N53", "TimeCreated": "2025-08-22 12:58:34.230768+00:00", "RecordID": "160807", "Level": "0", "UserID": "S-1-5-20"}
{"EventID": "5857", "Channel": "Microsoft-Windows-WMI-Activity/Operational", "Provider_Name": "Microsoft-Windows-WMI-Activity", "Computer": "DESKTOP-OFJ6N53", "TimeCreated": "2025-08-22 12:58:36.536167+00:00", "RecordID": "160808", "Level": "0", "UserID": "S-1-5-20"}
{"EventID": "5857", "Channel": "Microsoft-Windows-WMI-Activity/Operational", "Provider_Name": "Microsoft-Windows-WMI-Activity", "Computer": "DESKTOP-OFJ6N53", "TimeCreated": "2025-08-22 12:58:46.703152+00:00", "RecordID": "160809", "Level": "0", "UserID": "S-1-5-18"}
{"EventID": "5858", "Channel": "Microsoft-Windows-WMI-Activity/Operational", "Provider_Name": "Microsoft-Windows-WMI-Activity", "Computer": "DESKTOP-OFJ6N53", "TimeCreated": "2025-08-22 12:58:46.804771+00:00", "RecordID": "160810", "Level": "2", "UserID": "S-1-5-18"}
{"EventID": "5858", "Channel": "Microsoft-Windows-WMI-Activity/Operational", "Provider_Name": "Microsoft-Windows-WMI-Activity", "Computer": "DESKTOP-OFJ6N53", "TimeCreated": "2025-08-22 12:59:33.704374+00:00", "RecordID": "160811", "Level": "2", "UserID": "S-1-5-18"}
{"EventID": "5858", "Channel": "Microsoft-Windows-WMI-Activity/Operational", "Provider_Name": "Microsoft-Windows-WMI-Activity", "Computer": "DESKTOP-OFJ6N53", "TimeCreated": "2025-08-22 12:59:34.987797+00:00", "RecordID": "160812", "Level": "2", "UserID": "S-1-5-18"}
{"EventID": "5858", "Channel": "Microsoft-Windows-WMI-Activity/Operational", "Provider_Name": "Microsoft-Windows-WMI-Activity", "Computer": "DESKTOP-OFJ6N53", "TimeCreated": "2025-08-22 12:59:36.852551+00:00", "RecordID": "160813", "Level": "2", "UserID": "S-1-5-18"}
{"EventID": "5857", "Channel": "Microsoft-Windows-WMI-Activity/Operational", "Provider_Name": "Microsoft-Windows-WMI-Activity", "Computer": "DESKTOP-OFJ6N53", "TimeCreated": "2025-08-22 12:59:38.650772+00:00", "RecordID": "160814", "Level": "0", "UserID": "S-1-5-18"}
{"EventID": "5861", "Channel": "Microsoft-Windows-WMI-Activity/Operational", "Provider_Name": "Microsoft-Windows-WMI-Activity", "Computer": "DESKTOP-OFJ6N53", "TimeCreated": "2025-08-22 12:59:39.792717+00:00", "RecordID": "160815", "Level": "0", "UserID": "S-1-5-18"}
{"EventID": "5859", "Channel": "Microsoft-Windows-WMI-Activity/Operational", "Provider_Name": "Microsoft-Windows-WMI-Activity", "Computer": "DESKTOP-OFJ6N53", "TimeCreated": "2025-08-22 12:59:40.028368+00:00", "RecordID": "160816", "Level": "0", "UserID": "S-1-5-18"}
{"EventID": "5857", "Channel": "Microsoft-Windows-WMI-Activity/Operational", "Provider_Name": "Microsoft-Windows-WMI-Activity", "Computer": "DESKTOP-OFJ6N53", "TimeCreated": "2025-08-22 12:59:40.085772+00:00", "RecordID": "160817", "Level": "0", "UserID": "S-1-5-18"}
{"EventID": "5860", "Channel": "Microsoft-Windows-WMI-Activity/Operational", "Provider_Name": "Microsoft-Windows-WMI-Activity", "Computer": "DESKTOP-OFJ6N53", "TimeCreated": "2025-08-22 12:59:40.122955+00:00", "RecordID": "160818", "Level": "0", "UserID": "S-1-5-18"}
{"EventID": "5860", "Channel": "Microsoft-Windows-WMI-Activity/Operational", "Provider_Name": "Microsoft-Windows-WMI-Activity", "Computer": "DESKTOP-OFJ6N53", "TimeCreated": "2025-08-22 13:01:09.242247+00:00", "RecordID": "160819", "Level": "0", "UserID": "S-1-5-18"}
{"EventID": "5857", "Channel": "Microsoft-Windows-WMI-Activity/Operational", "Provider_Name": "Microsoft-Windows-WMI-Activity", "Computer": "DESKTOP-OFJ6N53", "TimeCreated": "2025-08-22 13:01:22.615604+00:00", "RecordID": "160820", "Level": "0", "UserID": "S-1-5-19"}
{"EventID": "5857", "Channel": "Microsoft-Windows-WMI-Activity/Operational", "Provider_Name": "Microsoft-Windows-WMI-Activity", "Computer": "DESKTOP-OFJ6N53", "TimeCreated": "2025-08-22 13:01:55.567659+00:00", "RecordID": "160821", "Level": "0", "UserID": "S-1-5-20"}
{"EventID": "5857", "Channel": "Microsoft-Windows-WMI-Activity/Operational", "Provider_Name": "Microsoft-Windows-WMI-Activity", "Computer": "DESKTOP-OFJ6N53", "TimeCreated": "2025-08-22 13:02:02.276228+00:00", "RecordID": "160822", "Level": "0", "UserID": "S-1-5-20"}
{"EventID": "5857", "Channel": "Microsoft-Windows-WMI-Activity/Operational", "Provider_Name": "Microsoft-Windows-WMI-Activity", "Computer": "DESKTOP-OFJ6N53", "TimeCreated": "2025-08-22 13:13:36.900105+00:00", "RecordID": "160823", "Level": "0", "UserID": "S-1-5-19"}
{"EventID": "5858", "Channel": "Microsoft-Windows-WMI-Activity/Operational", "Provider_Name": "Microsoft-Windows-WMI-Activity", "Computer": "DESKTOP-OFJ6N53", "TimeCreated": "2025-08-22 13:26:52.793594+00:00", "RecordID": "160824", "Level": "2", "UserID": "S-1-5-18"}
{"EventID": "5858", "Channel": "Microsoft-Windows-WMI-Activity/Operational", "Provider_Name": "Microsoft-Windows-WMI-Activity", "Computer": "DESKTOP-OFJ6N53", "TimeCreated": "2025-08-22 13:26:52.793671+00:00", "RecordID": "160825", "Level": "2", "UserID": "S-1-5-18"}
{"EventID": "5858", "Channel": "Microsoft-Windows-WMI-Activity/Operational", "Provider_Name": "Microsoft-Windows-WMI-Activity", "Computer": "DESKTOP-OFJ6N53", "TimeCreated": "2025-08-22 13:26:52.793705+00:00", "RecordID": "160826", "Level": "2", "UserID": "S-1-5-18"}
{"EventID": "5858", "Channel": "Microsoft-Windows-WMI-Activity/Operational", "Provider_Name": "Microsoft-Windows-WMI-Activity", "Computer": "DESKTOP-OFJ6N53", "TimeCreated": "2025-08-22 13:26:52.793736+00:00", "RecordID": "160827", "Level": "2", "UserID": "S-1-5-18"}
{"EventID": "5858", "Channel": "Microsoft-Windows-WMI-Activity/Operational", "Provider_Name": "Microsoft-Windows-WMI-Activity", "Computer": "DESKTOP-OFJ6N53", "TimeCreated": "2025-08-22 13:26:52.793764+00:00", "RecordID": "160828", "Level": "2", "UserID": "S-1-5-18"}
{"EventID": "5858", "Channel": "Microsoft-Windows-WMI-Activity/Operational", "Provider_Name": "Microsoft-Windows-WMI-Activity", "Computer": "DESKTOP-OFJ6N53", "TimeCreated": "2025-08-22 13:26:52.793798+00:00", "RecordID": "160829", "Level": "2", "UserID": "S-1-5-18"}
{"EventID": "5858", "Channel": "Microsoft-Windows-WMI-Activity/Operational", "Provider_Name": "Microsoft-Windows-WMI-Activity", "Computer": "DESKTOP-OFJ6N53", "TimeCreated": "2025-08-22 13:26:52.793842+00:00", "RecordID": "160830", "Level": "2", "UserID": "S-1-5-18"}
{"EventID": "5857", "Channel": "Microsoft-Windows-WMI-Activity/Operational", "Provider_Name": "Microsoft-Windows-WMI-Activity", "Computer": "DESKTOP-OFJ6N53", "TimeCreated": "2025-08-22 13:26:53.049629+00:00", "RecordID": "160831", "Level": "0", "UserID": "S-1-5-20"}
{"EventID": "5857", "Channel": "Microsoft-Windows-WMI-Activity/Operational", "Provider_Name": "Microsoft-Windows-WMI-Activity", "Computer": "DESKTOP-OFJ6N53", "TimeCreated": "2025-08-22 13:29:01.129068+00:00", "RecordID": "160832", "Level": "0", "UserID": "S-1-5-20"}
{"EventID": "5858", "Channel": "Microsoft-Windows-WMI-Activity/Operational", "Provider_Name": "Microsoft-Windows-WMI-Activity", "Computer": "DESKTOP-OFJ6N53", "TimeCreated": "2025-08-22 13:29:25.419439+00:00", "RecordID": "160833", "Level": "2", "UserID": "S-1-5-18"}
{"EventID": "5857", "Channel": "Microsoft-Windows-WMI-Activity/Operational", "Provider_Name": "Microsoft-Windows-WMI-Activity", "Computer": "DESKTOP-OFJ6N53", "TimeCreated": "2025-08-22 13:29:25.474762+00:00", "RecordID": "160834", "Level": "0", "UserID": "S-1-5-20"}
{"EventID": "5857", "Channel": "Microsoft-Windows-WMI-Activity/Operational", "Provider_Name": "Microsoft-Windows-WMI-Activity", "Computer": "DESKTOP-OFJ6N53", "TimeCreated": "2025-08-22 13:45:19.971411+00:00", "RecordID": "160835", "Level": "0", "UserID": "S-1-5-20"}
{"EventID": "5858", "Channel": "Microsoft-Windows-WMI-Activity/Operational", "Provider_Name": "Microsoft-Windows-WMI-Activity", "Computer": "DESKTOP-OFJ6N53", "TimeCreated": "2025-08-22 14:05:26.059853+00:00", "RecordID": "160836", "Level": "2", "UserID": "S-1-5-18"}
{"EventID": "5858", "Channel": "Microsoft-Windows-WMI-Activity/Operational", "Provider_Name": "Microsoft-Windows-WMI-Activity", "Computer": "DESKTOP-OFJ6N53", "TimeCreated": "2025-08-22 14:05:26.059895+00:00", "RecordID": "160837", "Level": "2", "UserID": "S-1-5-18"}
{"EventID": "5858", "Channel": "Microsoft-Windows-WMI-Activity/Operational", "Provider_Name": "Microsoft-Windows-WMI-Activity", "Computer": "DESKTOP-OFJ6N53", "TimeCreated": "2025-08-22 14:05:26.059935+00:00", "RecordID": "160838", "Level": "2", "UserID": "S-1-5-18"}
{"EventID": "5858", "Channel": "Microsoft-Windows-WMI-Activity/Operational", "Provider_Name": "Microsoft-Windows-WMI-Activity", "Computer": "DESKTOP-OFJ6N53", "TimeCreated": "2025-08-22 14:05:26.059965+00:00", "RecordID": "160839", "Level": "2", "UserID": "S-1-5-18"}
{"EventID": "5858", "Channel": "Microsoft-Windows-WMI-Activity/Operational", "Provider_Name": "Microsoft-Windows-WMI-Activity", "Computer": "DESKTOP-OFJ6N53", "TimeCreated": "2025-08-22 14:05:26.059998+00:00", "RecordID": "160840", "Level": "2", "UserID": "S-1-5-18"}
{"EventID": "5858", "Channel": "Microsoft-Windows-WMI-Activity/Operational", "Provider_Name": "Microsoft-Windows-WMI-Activity", "Computer": "DESKTOP-OFJ6N53", "TimeCreated": "2025-08-22 14:05:26.060034+00:00", "RecordID": "160841", "Level": "2", "UserID": "S-1-5-18"}
{"EventID": "5858", "Channel": "Microsoft-Windows-WMI-Activity/Operational", "Provider_Name": "Microsoft-Windows-WMI-Activity", "Computer": "DESKTOP-OFJ6N53", "TimeCreated": "2025-08-22 14:05:26.060055+00:00", "RecordID": "160842", "Level": "2", "UserID": "S-1-5-18"}
{"EventID": "5858", "Channel": "Microsoft-Windows-WMI-Activity/Operational", "Provider_Name": "Microsoft-Windows-WMI-Activity", "Computer": "DESKTOP-OFJ6N53", "TimeCreated": "2025-08-22 14:05:26.060131+00:00", "RecordID": "160843", "Level": "2", "UserID": "S-1-5-18"}
{"EventID": "5857", "Channel": "Microsoft-Windows-WMI-Activity/Operational", "Provider_Name": "Microsoft-Windows-WMI-Activity", "Computer": "DESKTOP-OFJ6N53", "TimeCreated": "2025-08-22 14:05:26.242519+00:00", "RecordID": "160844", "Level": "0", "UserID": "S-1-5-20"}
{"EventID": "5857", "Channel": "Microsoft-Windows-WMI-Activity/Operational", "Provider_Name": "Microsoft-Windows-WMI-Activity", "Computer": "DESKTOP-OFJ6N53", "TimeCreated": "2025-08-22 14:29:27.509716+00:00", "RecordID": "160845", "Level": "0", "UserID": "S-1-5-20"}
{"EventID": "5857", "Channel": "Microsoft-Windows-WMI-Activity/Operational", "Provider_Name": "Microsoft-Windows-WMI-Activity", "Computer": "DESKTOP-OFJ6N53", "TimeCreated": "2025-08-22 14:29:27.733389+00:00", "RecordID": "160846", "Level": "0", "UserID": "S-1-5-20"}
{"EventID": "5857", "Channel": "Microsoft-Windows-WMI-Activity/Operational", "Provider_Name": "Microsoft-Windows-WMI-Activity", "Computer": "DESKTOP-OFJ6N53", "TimeCreated": "2025-08-22 15:00:51.745605+00:00", "RecordID": "160847", "Level": "0", "UserID": "S-1-5-20"}
{"EventID": "5857", "Channel": "Microsoft-Windows-WMI-Activity/Operational", "Provider_Name": "Microsoft-Windows-WMI-Activity", "Computer": "DESKTOP-OFJ6N53", "TimeCreated": "2025-08-22 15:00:51.810175+00:00", "RecordID": "160848", "Level": "0", "UserID": "S-1-5-20"}
{"EventID": "5857", "Channel": "Microsoft-Windows-WMI-Activity/Operational", "Provider_Name": "Microsoft-Windows-WMI-Activity", "Computer": "DESKTOP-OFJ6N53", "TimeCreated": "2025-08-22 15:29:29.784695+00:00", "RecordID": "160849", "Level": "0", "UserID": "S-1-5-20"}
{"EventID": "5857", "Channel": "Microsoft-Windows-WMI-Activity/Operational", "Provider_Name": "Microsoft-Windows-WMI-Activity", "Computer": "DESKTOP-OFJ6N53", "TimeCreated": "2025-08-22 15:29:29.920870+00:00", "RecordID": "160850", "Level": "0", "UserID": "S-1-5-20"}
{"EventID": "5857", "Channel": "Microsoft-Windows-WMI-Activity/Operational", "Provider_Name": "Microsoft-Windows-WMI-Activity", "Computer": "DESKTOP-OFJ6N53", "TimeCreated": "2025-08-22 16:29:30.024820+00:00", "RecordID": "160851", "Level": "0", "UserID": "S-1-5-20"}
{"EventID": "5857", "Channel": "Microsoft-Windows-WMI-Activity/Operational", "Provider_Name": "Microsoft-Windows-WMI-Activity", "Computer": "DESKTOP-OFJ6N53", "TimeCreated": "2025-08-22 16:29:30.294842+00:00", "RecordID": "160852", "Level": "0", "UserID": "S-1-5-20"}
{"EventID": "5857", "Channel": "Microsoft-Windows-WMI-Activity/Operational", "Provider_Name": "Microsoft-Windows-WMI-Activity", "Computer": "DESKTOP-OFJ6N53", "TimeCreated": "2025-08-22 17:29:29.176100+00:00", "RecordID": "160853", "Level": "0", "UserID": "S-1-5-20"}
{"EventID": "5857", "Channel": "Microsoft-Windows-WMI-Activity/Operational", "Provider_Name": "Microsoft-Windows-WMI-Activity", "Computer": "DESKTOP-OFJ6N53", "TimeCreated": "2025-08-22 17:29:29.244532+00:00", "RecordID": "160854", "Level": "0", "UserID": "S-1-5-20"}
{"EventID": "5857", "Channel": "Microsoft-Windows-WMI-Activity/Operational", "Provider_Name": "Microsoft-Windows-WMI-Activity", "Computer": "DESKTOP-OFJ6N53", "TimeCreated": "2025-08-22 17:54:51.759949+00:00", "RecordID": "160855", "Level": "0", "UserID": "S-1-5-20"}
{"EventID": "5857", "Channel": "Microsoft-Windows-WMI-Activity/Operational", "Provider_Name": "Microsoft-Windows-WMI-Activity", "Computer": "DESKTOP-OFJ6N53", "TimeCreated": "2025-08-22 18:29:29.183725+00:00", "RecordID": "160856", "Level": "0", "UserID": "S-1-5-20"}
{"EventID": "5857", "Channel": "Microsoft-Windows-WMI-Activity/Operational", "Provider_Name": "Microsoft-Windows-WMI-Activity", "Computer": "DESKTOP-OFJ6N53", "TimeCreated": "2025-08-22 18:29:29.259264+00:00", "RecordID": "160857", "Level": "0", "UserID": "S-1-5-20"}
{"EventID": "5857", "Channel": "Microsoft-Windows-WMI-Activity/Operational", "Provider_Name": "Microsoft-Windows-WMI-Activity", "Computer": "DESKTOP-OFJ6N53", "TimeCreated": "2025-08-22 19:29:29.600201+00:00", "RecordID": "160858", "Level": "0", "UserID": "S-1-5-20"}
{"EventID": "5857", "Channel": "Microsoft-Windows-WMI-Activity/Operational", "Provider_Name": "Microsoft-Windows-WMI-Activity", "Computer": "DESKTOP-OFJ6N53", "TimeCreated": "2025-08-22 19:29:29.668175+00:00", "RecordID": "160859", "Level": "0", "UserID": "S-1-5-20"}
{"EventID": "5857", "Channel": "Microsoft-Windows-WMI-Activity/Operational", "Provider_Name": "Microsoft-Windows-WMI-Activity", "Computer": "DESKTOP-OFJ6N53", "TimeCreated": "2025-08-22 19:40:31.282890+00:00", "RecordID": "160860", "Level": "0", "UserID": "S-1-5-20"}
{"EventID": "5858", "Channel": "Microsoft-Windows-WMI-Activity/Operational", "Provider_Name": "Microsoft-Windows-WMI-Activity", "Computer": "DESKTOP-OFJ6N53", "TimeCreated": "2025-08-22 19:40:33.366522+00:00", "RecordID": "160861", "Level": "2", "UserID": "S-1-5-18"}
{"EventID": "5858", "Channel": "Microsoft-Windows-WMI-Activity/Operational", "Provider_Name": "Microsoft-Windows-WMI-Activity", "Computer": "DESKTOP-OFJ6N53", "TimeCreated": "2025-08-22 19:40:35.481581+00:00", "RecordID": "160862", "Level": "2", "UserID": "S-1-5-18"}
{"EventID": "5858", "Channel": "Microsoft-Windows-WMI-Activity/Operational", "Provider_Name": "Microsoft-Windows-WMI-Activity", "Computer": "DESKTOP-OFJ6N53", "TimeCreated": "2025-08-22 19:40:35.929295+00:00", "RecordID": "160863", "Level": "2", "UserID": "S-1-5-18"}
{"EventID": "5858", "Channel": "Microsoft-Windows-WMI-Activity/Operational", "Provider_Name": "Microsoft-Windows-WMI-Activity", "Computer": "DESKTOP-OFJ6N53", "TimeCreated": "2025-08-22 19:40:38.105074+00:00", "RecordID": "160864", "Level": "2", "UserID": "S-1-5-18"}
{"EventID": "5858", "Channel": "Microsoft-Windows-WMI-Activity/Operational", "Provider_Name": "Microsoft-Windows-WMI-Activity", "Computer": "DESKTOP-OFJ6N53", "TimeCreated": "2025-08-22 19:40:39.922476+00:00", "RecordID": "160865", "Level": "2", "UserID": "S-1-5-18"}
{"EventID": "5858", "Channel": "Microsoft-Windows-WMI-Activity/Operational", "Provider_Name": "Microsoft-Windows-WMI-Activity", "Computer": "DESKTOP-OFJ6N53", "TimeCreated": "2025-08-22 19:40:41.812593+00:00", "RecordID": "160866", "Level": "2", "UserID": "S-1-5-18"}
{"EventID": "5857", "Channel": "Microsoft-Windows-WMI-Activity/Operational", "Provider_Name": "Microsoft-Windows-WMI-Activity", "Computer": "DESKTOP-OFJ6N53", "TimeCreated": "2025-08-22 19:40:42.100790+00:00", "RecordID": "160867", "Level": "0", "UserID": "S-1-5-20"}
{"EventID": "5858", "Channel": "Microsoft-Windows-WMI-Activity/Operational", "Provider_Name": "Microsoft-Windows-WMI-Activity", "Computer": "DESKTOP-OFJ6N53", "TimeCreated": "2025-08-22 19:40:43.962292+00:00", "RecordID": "160868", "Level": "2", "UserID": "S-1-5-18"}
{"EventID": "5857", "Channel": "Microsoft-Windows-WMI-Activity/Operational", "Provider_Name": "Microsoft-Windows-WMI-Activity", "Computer": "DESKTOP-OFJ6N53", "TimeCreated": "2025-08-22 19:40:44.292099+00:00", "RecordID": "160869", "Level": "0", "UserID": "S-1-5-18"}
{"EventID": "5857", "Channel": "Microsoft-Windows-WMI-Activity/Operational", "Provider_Name": "Microsoft-Windows-WMI-Activity", "Computer": "DESKTOP-OFJ6N53", "TimeCreated": "2025-08-22 20:06:06.133617+00:00", "RecordID": "160870", "Level": "0", "UserID": "S-1-5-20"}
{"EventID": "5857", "Channel": "Microsoft-Windows-WMI-Activity/Operational", "Provider_Name": "Microsoft-Windows-WMI-Activity", "Computer": "DESKTOP-OFJ6N53", "TimeCreated": "2025-08-22 20:06:06.286781+00:00", "RecordID": "160871", "Level": "0", "UserID": "S-1-5-20"}
{"EventID": "5857", "Channel": "Microsoft-Windows-WMI-Activity/Operational", "Provider_Name": "Microsoft-Windows-WMI-Activity", "Computer": "DESKTOP-OFJ6N53", "TimeCreated": "2025-08-22 20:29:29.258486+00:00", "RecordID": "160872", "Level": "0", "UserID": "S-1-5-20"}
{"EventID": "5857", "Channel": "Microsoft-Windows-WMI-Activity/Operational", "Provider_Name": "Microsoft-Windows-WMI-Activity", "Computer": "DESKTOP-OFJ6N53", "TimeCreated": "2025-08-22 20:29:29.325977+00:00", "RecordID": "160873", "Level": "0", "UserID": "S-1-5-20"}
{"EventID": "5857", "Channel": "Microsoft-Windows-WMI-Activity/Operational", "Provider_Name": "Microsoft-Windows-WMI-Activity", "Computer": "DESKTOP-OFJ6N53", "TimeCreated": "2025-08-22 21:29:29.373301+00:00", "RecordID": "160874", "Level": "0", "UserID": "S-1-5-20"}
{"EventID": "5857", "Channel": "Microsoft-Windows-WMI-Activity/Operational", "Provider_Name": "Microsoft-Windows-WMI-Activity", "Computer": "DESKTOP-OFJ6N53", "TimeCreated": "2025-08-22 21:29:29.442316+00:00", "RecordID": "160875", "Level": "0", "UserID": "S-1-5-20"}
{"EventID": "5857", "Channel": "Microsoft-Windows-WMI-Activity/Operational", "Provider_Name": "Microsoft-Windows-WMI-Activity", "Computer": "DESKTOP-OFJ6N53", "TimeCreated": "2025-08-22 22:29:29.539484+00:00", "RecordID": "160876", "Level": "0", "UserID": "S-1-5-20"}
{"EventID": "5857", "Channel": "Microsoft-Windows-WMI-Activity/Operational", "Provider_Name": "Microsoft-Windows-WMI-Activity", "Computer": "DESKTOP-OFJ6N53", "TimeCreated": "2025-08-22 22:29:29.676849+00:00", "RecordID": "160877", "Level": "0", "UserID": "S-1-5-20"}
{"EventID": "5857", "Channel": "Microsoft-Windows-WMI-Activity/Operational", "Provider_Name": "Microsoft-Windows-WMI-Activity", "Computer": "DESKTOP-OFJ6N53", "TimeCreated": "2025-08-22 23:29:30.259573+00:00", "RecordID": "160878", "Level": "0", "UserID": "S-1-5-20"}
{"EventID": "5857", "Channel": "Microsoft-Windows-WMI-Activity/Operational", "Provider_Name": "Microsoft-Windows-WMI-Activity", "Computer": "DESKTOP-OFJ6N53", "TimeCreated": "2025-08-22 23:29:30.505913+00:00", "RecordID": "160879", "Level": "0", "UserID": "S-1-5-20"}
{"EventID": "5857", "Channel": "Microsoft-Windows-WMI-Activity/Operational", "Provider_Name": "Microsoft-Windows-WMI-Activity", "Computer": "DESKTOP-OFJ6N53", "TimeCreated": "2025-08-23 00:06:53.593288+00:00", "RecordID": "160880", "Level": "0", "UserID": "S-1-5-20"}
{"EventID": "5857", "Channel": "Microsoft-Windows-WMI-Activity/Operational", "Provider_Name": "Microsoft-Windows-WMI-Activity", "Computer": "DESKTOP-OFJ6N53", "TimeCreated": "2025-08-23 00:06:53.658001+00:00", "RecordID": "160881", "Level": "0", "UserID": "S-1-5-20"}
{"EventID": "5857", "Channel": "Microsoft-Windows-WMI-Activity/Operational", "Provider_Name": "Microsoft-Windows-WMI-Activity", "Computer": "DESKTOP-OFJ6N53", "TimeCreated": "2025-08-23 00:07:00.823755+00:00", "RecordID": "160882", "Level": "0", "UserID": "S-1-5-20"}
{"EventID": "5857", "Channel": "Microsoft-Windows-WMI-Activity/Operational", "Provider_Name": "Microsoft-Windows-WMI-Activity", "Computer": "DESKTOP-OFJ6N53", "TimeCreated": "2025-08-23 00:08:06.756655+00:00", "RecordID": "160883", "Level": "0", "UserID": "S-1-5-20"}
{"EventID": "5858", "Channel": "Microsoft-Windows-WMI-Activity/Operational", "Provider_Name": "Microsoft-Windows-WMI-Activity", "Computer": "DESKTOP-OFJ6N53", "TimeCreated": "2025-08-23 00:08:06.851797+00:00", "RecordID": "160884", "Level": "2", "UserID": "S-1-5-18"}
{"EventID": "5857", "Channel": "Microsoft-Windows-WMI-Activity/Operational", "Provider_Name": "Microsoft-Windows-WMI-Activity", "Computer": "DESKTOP-OFJ6N53", "TimeCreated": "2025-08-23 00:17:09.589777+00:00", "RecordID": "160885", "Level": "0", "UserID": "S-1-5-20"}
{"EventID": "5857", "Channel": "Microsoft-Windows-WMI-Activity/Operational", "Provider_Name": "Microsoft-Windows-WMI-Activity", "Computer": "DESKTOP-OFJ6N53", "TimeCreated": "2025-08-23 00:29:29.952250+00:00", "RecordID": "160886", "Level": "0", "UserID": "S-1-5-20"}
{"EventID": "5857", "Channel": "Microsoft-Windows-WMI-Activity/Operational", "Provider_Name": "Microsoft-Windows-WMI-Activity", "Computer": "DESKTOP-OFJ6N53", "TimeCreated": "2025-08-23 00:29:30.012333+00:00", "RecordID": "160887", "Level": "0", "UserID": "S-1-5-20"}
{"EventID": "5857", "Channel": "Microsoft-Windows-WMI-Activity/Operational", "Provider_Name": "Microsoft-Windows-WMI-Activity", "Computer": "DESKTOP-OFJ6N53", "TimeCreated": "2025-08-23 00:56:08.926842+00:00", "RecordID": "160888", "Level": "0", "UserID": "S-1-5-18"}
{"EventID": "5858", "Channel": "Microsoft-Windows-WMI-Activity/Operational", "Provider_Name": "Microsoft-Windows-WMI-Activity", "Computer": "DESKTOP-OFJ6N53", "TimeCreated": "2025-08-23 00:56:08.931450+00:00", "RecordID": "160889", "Level": "2", "UserID": "S-1-5-18"}
{"EventID": "5857", "Channel": "Microsoft-Windows-WMI-Activity/Operational", "Provider_Name": "Microsoft-Windows-WMI-Activity", "Computer": "DESKTOP-OFJ6N53", "TimeCreated": "2025-08-23 00:56:09.449541+00:00", "RecordID": "160890", "Level": "0", "UserID": "S-1-5-20"}
{"EventID": "5857", "Channel": "Microsoft-Windows-WMI-Activity/Operational", "Provider_Name": "Microsoft-Windows-WMI-Activity", "Computer": "DESKTOP-OFJ6N53", "TimeCreated": "2025-08-23 00:56:12.909781+00:00", "RecordID": "160891", "Level": "0", "UserID": "S-1-5-20"}
{"EventID": "5857", "Channel": "Microsoft-Windows-WMI-Activity/Operational", "Provider_Name": "Microsoft-Windows-WMI-Activity", "Computer": "DESKTOP-OFJ6N53", "TimeCreated": "2025-08-23 01:29:29.306387+00:00", "RecordID": "160892", "Level": "0", "UserID": "S-1-5-20"}
{"EventID": "5857", "Channel": "Microsoft-Windows-WMI-Activity/Operational", "Provider_Name": "Microsoft-Windows-WMI-Activity", "Computer": "DESKTOP-OFJ6N53", "TimeCreated": "2025-08-23 01:29:29.374207+00:00", "RecordID": "160893", "Level": "0", "UserID": "S-1-5-20"}
{"EventID": "5857", "Channel": "Microsoft-Windows-WMI-Activity/Operational", "Provider_Name": "Microsoft-Windows-WMI-Activity", "Computer": "DESKTOP-OFJ6N53", "TimeCreated": "2025-08-23 01:55:55.118298+00:00", "RecordID": "160894", "Level": "0", "UserID": "S-1-5-20"}
{"EventID": "5857", "Channel": "Microsoft-Windows-WMI-Activity/Operational", "Provider_Name": "Microsoft-Windows-WMI-Activity", "Computer": "DESKTOP-OFJ6N53", "TimeCreated": "2025-08-23 01:55:55.183815+00:00", "RecordID": "160895", "Level": "0", "UserID": "S-1-5-20"}
{"EventID": "5857", "Channel": "Microsoft-Windows-WMI-Activity/Operational", "Provider_Name": "Microsoft-Windows-WMI-Activity", "Computer": "DESKTOP-OFJ6N53", "TimeCreated": "2025-08-23 02:29:30.209913+00:00", "RecordID": "160896", "Level": "0", "UserID": "S-1-5-20"}
{"EventID": "5857", "Channel": "Microsoft-Windows-WMI-Activity/Operational", "Provider_Name": "Microsoft-Windows-WMI-Activity", "Computer": "DESKTOP-OFJ6N53", "TimeCreated": "2025-08-23 02:29:30.624756+00:00", "RecordID": "160897", "Level": "0", "UserID": "S-1-5-20"}
{"EventID": "5857", "Channel": "Microsoft-Windows-WMI-Activity/Operational", "Provider_Name": "Microsoft-Windows-WMI-Activity", "Computer": "DESKTOP-OFJ6N53", "TimeCreated": "2025-08-23 03:29:29.947079+00:00", "RecordID": "160898", "Level": "0", "UserID": "S-1-5-20"}
{"EventID": "5857", "Channel": "Microsoft-Windows-WMI-Activity/Operational", "Provider_Name": "Microsoft-Windows-WMI-Activity", "Computer": "DESKTOP-OFJ6N53", "TimeCreated": "2025-08-23 03:29:30.155066+00:00", "RecordID": "160899", "Level": "0", "UserID": "S-1-5-20"}
{"EventID": "5857", "Channel": "Microsoft-Windows-WMI-Activity/Operational", "Provider_Name": "Microsoft-Windows-WMI-Activity", "Computer": "DESKTOP-OFJ6N53", "TimeCreated": "2025-08-23 04:29:29.492701+00:00", "RecordID": "160900", "Level": "0", "UserID": "S-1-5-20"}
{"EventID": "5857", "Channel": "Microsoft-Windows-WMI-Activity/Operational", "Provider_Name": "Microsoft-Windows-WMI-Activity", "Computer": "DESKTOP-OFJ6N53", "TimeCreated": "2025-08-23 04:29:29.714607+00:00", "RecordID": "160901", "Level": "0", "UserID": "S-1-5-20"}
{"EventID": "5857", "Channel": "Microsoft-Windows-WMI-Activity/Operational", "Provider_Name": "Microsoft-Windows-WMI-Activity", "Computer": "DESKTOP-OFJ6N53", "TimeCreated": "2025-08-23 05:11:13.426792+00:00", "RecordID": "160902", "Level": "0", "UserID": "S-1-5-20"}
{"EventID": "5857", "Channel": "Microsoft-Windows-WMI-Activity/Operational", "Provider_Name": "Microsoft-Windows-WMI-Activity", "Computer": "DESKTOP-OFJ6N53", "TimeCreated": "2025-08-23 05:29:29.353954+00:00", "RecordID": "160903", "Level": "0", "UserID": "S-1-5-20"}
{"EventID": "5857", "Channel": "Microsoft-Windows-WMI-Activity/Operational", "Provider_Name": "Microsoft-Windows-WMI-Activity", "Computer": "DESKTOP-OFJ6N53", "TimeCreated": "2025-08-23 05:29:29.420835+00:00", "RecordID": "160904", "Level": "0", "UserID": "S-1-5-20"}
{"EventID": "5857", "Channel": "Microsoft-Windows-WMI-Activity/Operational", "Provider_Name": "Microsoft-Windows-WMI-Activity", "Computer": "DESKTOP-OFJ6N53", "TimeCreated": "2025-08-23 06:29:29.979914+00:00", "RecordID": "160905", "Level": "0", "UserID": "S-1-5-20"}
{"EventID": "5857", "Channel": "Microsoft-Windows-WMI-Activity/Operational", "Provider_Name": "Microsoft-Windows-WMI-Activity", "Computer": "DESKTOP-OFJ6N53", "TimeCreated": "2025-08-23 06:29:30.220701+00:00", "RecordID": "160906", "Level": "0", "UserID": "S-1-5-20"}
{"EventID": "5857", "Channel": "Microsoft-Windows-WMI-Activity/Operational", "Provider_Name": "Microsoft-Windows-WMI-Activity", "Computer": "DESKTOP-OFJ6N53", "TimeCreated": "2025-08-23 06:58:58.368715+00:00", "RecordID": "160907", "Level": "0", "UserID": "S-1-5-20"}
{"EventID": "5857", "Channel": "Microsoft-Windows-WMI-Activity/Operational", "Provider_Name": "Microsoft-Windows-WMI-Activity", "Computer": "DESKTOP-OFJ6N53", "TimeCreated": "2025-08-23 07:02:41.175755+00:00", "RecordID": "160908", "Level": "0", "UserID": "S-1-5-20"}
{"EventID": "5858", "Channel": "Microsoft-Windows-WMI-Activity/Operational", "Provider_Name": "Microsoft-Windows-WMI-Activity", "Computer": "DESKTOP-OFJ6N53", "TimeCreated": "2025-08-23 07:02:41.192499+00:00", "RecordID": "160909", "Level": "2", "UserID": "S-1-5-18"}
{"EventID": "5857", "Channel": "Microsoft-Windows-WMI-Activity/Operational", "Provider_Name": "Microsoft-Windows-WMI-Activity", "Computer": "DESKTOP-OFJ6N53", "TimeCreated": "2025-08-23 07:29:30.304573+00:00", "RecordID": "160910", "Level": "0", "UserID": "S-1-5-20"}
{"EventID": "5857", "Channel": "Microsoft-Windows-WMI-Activity/Operational", "Provider_Name": "Microsoft-Windows-WMI-Activity", "Computer": "DESKTOP-OFJ6N53", "TimeCreated": "2025-08-23 07:29:30.574402+00:00", "RecordID": "160911", "Level": "0", "UserID": "S-1-5-20"}
{"EventID": "5857", "Channel": "Microsoft-Windows-WMI-Activity/Operational", "Provider_Name": "Microsoft-Windows-WMI-Activity", "Computer": "DESKTOP-OFJ6N53", "TimeCreated": "2025-08-23 08:05:02.503244+00:00", "RecordID": "160912", "Level": "0", "UserID": "S-1-5-20"}
{"EventID": "5857", "Channel": "Microsoft-Windows-WMI-Activity/Operational", "Provider_Name": "Microsoft-Windows-WMI-Activity", "Computer": "DESKTOP-OFJ6N53", "TimeCreated": "2025-08-23 08:05:02.566193+00:00", "RecordID": "160913", "Level": "0", "UserID": "S-1-5-20"}
{"EventID": "5857", "Channel": "Microsoft-Windows-WMI-Activity/Operational", "Provider_Name": "Microsoft-Windows-WMI-Activity", "Computer": "DESKTOP-OFJ6N53", "TimeCreated": "2025-08-23 08:29:29.666750+00:00", "RecordID": "160914", "Level": "0", "UserID": "S-1-5-20"}
{"EventID": "5857", "Channel": "Microsoft-Windows-WMI-Activity/Operational", "Provider_Name": "Microsoft-Windows-WMI-Activity", "Computer": "DESKTOP-OFJ6N53", "TimeCreated": "2025-08-23 08:29:29.987940+00:00", "RecordID": "160915", "Level": "0", "UserID": "S-1-5-20"}
{"EventID": "5857", "Channel": "Microsoft-Windows-WMI-Activity/Operational", "Provider_Name": "Microsoft-Windows-WMI-Activity", "Computer": "DESKTOP-OFJ6N53", "TimeCreated": "2025-08-23 08:58:42.184317+00:00", "RecordID": "160916", "Level": "0", "UserID": "S-1-5-20"}
{"EventID": "5857", "Channel": "Microsoft-Windows-WMI-Activity/Operational", "Provider_Name": "Microsoft-Windows-WMI-Activity", "Computer": "DESKTOP-OFJ6N53", "TimeCreated": "2025-08-23 09:00:38.024685+00:00", "RecordID": "160917", "Level": "0", "UserID": "S-1-5-20"}
{"EventID": "5857", "Channel": "Microsoft-Windows-WMI-Activity/Operational", "Provider_Name": "Microsoft-Windows-WMI-Activity", "Computer": "DESKTOP-OFJ6N53", "TimeCreated": "2025-08-23 09:05:52.954470+00:00", "RecordID": "160918", "Level": "0", "UserID": "S-1-5-18"}
{"EventID": "5857", "Channel": "Microsoft-Windows-WMI-Activity/Operational", "Provider_Name": "Microsoft-Windows-WMI-Activity", "Computer": "DESKTOP-OFJ6N53", "TimeCreated": "2025-08-23 09:29:29.604000+00:00", "RecordID": "160919", "Level": "0", "UserID": "S-1-5-20"}
{"EventID": "5857", "Channel": "Microsoft-Windows-WMI-Activity/Operational", "Provider_Name": "Microsoft-Windows-WMI-Activity", "Computer": "DESKTOP-OFJ6N53", "TimeCreated": "2025-08-23 09:29:29.670647+00:00", "RecordID": "160920", "Level": "0", "UserID": "S-1-5-20"}
{"EventID": "5857", "Channel": "Microsoft-Windows-WMI-Activity/Operational", "Provider_Name": "Microsoft-Windows-WMI-Activity", "Computer": "DESKTOP-OFJ6N53", "TimeCreated": "2025-08-23 10:10:32.672112+00:00", "RecordID": "160921", "Level": "0", "UserID": "S-1-5-20"}
{"EventID": "5857", "Channel": "Microsoft-Windows-WMI-Activity/Operational", "Provider_Name": "Microsoft-Windows-WMI-Activity", "Computer": "DESKTOP-OFJ6N53", "TimeCreated": "2025-08-23 10:10:32.832968+00:00", "RecordID": "160922", "Level": "0", "UserID": "S-1-5-20"}
{"EventID": "5857", "Channel": "Microsoft-Windows-WMI-Activity/Operational", "Provider_Name": "Microsoft-Windows-WMI-Activity", "Computer": "DESKTOP-OFJ6N53", "TimeCreated": "2025-08-23 10:29:30.401834+00:00", "RecordID": "160923", "Level": "0", "UserID": "S-1-5-20"}
{"EventID": "5857", "Channel": "Microsoft-Windows-WMI-Activity/Operational", "Provider_Name": "Microsoft-Windows-WMI-Activity", "Computer": "DESKTOP-OFJ6N53", "TimeCreated": "2025-08-23 10:29:30.564171+00:00", "RecordID": "160924", "Level": "0", "UserID": "S-1-5-20"}
{"EventID": "5857", "Channel": "Microsoft-Windows-WMI-Activity/Operational", "Provider_Name": "Microsoft-Windows-WMI-Activity", "Computer": "DESKTOP-OFJ6N53", "TimeCreated": "2025-08-23 11:29:30.223919+00:00", "RecordID": "160925", "Level": "0", "UserID": "S-1-5-20"}
{"EventID": "5857", "Channel": "Microsoft-Windows-WMI-Activity/Operational", "Provider_Name": "Microsoft-Windows-WMI-Activity", "Computer": "DESKTOP-OFJ6N53", "TimeCreated": "2025-08-23 11:29:30.290855+00:00", "RecordID": "160926", "Level": "0", "UserID": "S-1-5-20"}
{"EventID": "5857", "Channel": "Microsoft-Windows-WMI-Activity/Operational", "Provider_Name": "Microsoft-Windows-WMI-Activity", "Computer": "DESKTOP-OFJ6N53", "TimeCreated": "2025-08-23 11:29:43.630430+00:00", "RecordID": "160927", "Level": "0", "UserID": "S-1-5-20"}
{"EventID": "5857", "Channel": "Microsoft-Windows-WMI-Activity/Operational", "Provider_Name": "Microsoft-Windows-WMI-Activity", "Computer": "DESKTOP-OFJ6N53", "TimeCreated": "2025-08-23 12:29:30.694201+00:00", "RecordID": "160928", "Level": "0", "UserID": "S-1-5-20"}
{"EventID": "5857", "Channel": "Microsoft-Windows-WMI-Activity/Operational", "Provider_Name": "Microsoft-Windows-WMI-Activity", "Computer": "DESKTOP-OFJ6N53", "TimeCreated": "2025-08-23 12:29:30.828156+00:00", "RecordID": "160929", "Level": "0", "UserID": "S-1-5-20"}
{"EventID": "5857", "Channel": "Microsoft-Windows-WMI-Activity/Operational", "Provider_Name": "Microsoft-Windows-WMI-Activity", "Computer": "DESKTOP-OFJ6N53", "TimeCreated": "2025-08-23 12:59:13.517826+00:00", "RecordID": "160930", "Level": "0", "UserID": "S-1-5-20"}
{"EventID": "5857", "Channel": "Microsoft-Windows-WMI-Activity/Operational", "Provider_Name": "Microsoft-Windows-WMI-Activity", "Computer": "DESKTOP-OFJ6N53", "TimeCreated": "2025-08-23 13:01:58.801634+00:00", "RecordID": "160931", "Level": "0", "UserID": "S-1-5-20"}
{"EventID": "5857", "Channel": "Microsoft-Windows-WMI-Activity/Operational", "Provider_Name": "Microsoft-Windows-WMI-Activity", "Computer": "DESKTOP-OFJ6N53", "TimeCreated": "2025-08-23 13:02:02.678623+00:00", "RecordID": "160932", "Level": "0", "UserID": "S-1-5-20"}
{"EventID": "5857", "Channel": "Microsoft-Windows-WMI-Activity/Operational", "Provider_Name": "Microsoft-Windows-WMI-Activity", "Computer": "DESKTOP-OFJ6N53", "TimeCreated": "2025-08-23 13:09:43.898937+00:00", "RecordID": "160933", "Level": "0", "UserID": "S-1-5-20"}
{"EventID": "5858", "Channel": "Microsoft-Windows-WMI-Activity/Operational", "Provider_Name": "Microsoft-Windows-WMI-Activity", "Computer": "DESKTOP-OFJ6N53", "TimeCreated": "2025-08-23 13:29:01.038805+00:00", "RecordID": "160934", "Level": "2", "UserID": "S-1-5-18"}
{"EventID": "5858", "Channel": "Microsoft-Windows-WMI-Activity/Operational", "Provider_Name": "Microsoft-Windows-WMI-Activity", "Computer": "DESKTOP-OFJ6N53", "TimeCreated": "2025-08-23 13:29:01.038885+00:00", "RecordID": "160935", "Level": "2", "UserID": "S-1-5-18"}
{"EventID": "5858", "Channel": "Microsoft-Windows-WMI-Activity/Operational", "Provider_Name": "Microsoft-Windows-WMI-Activity", "Computer": "DESKTOP-OFJ6N53", "TimeCreated": "2025-08-23 13:29:01.038942+00:00", "RecordID": "160936", "Level": "2", "UserID": "S-1-5-18"}
{"EventID": "5858", "Channel": "Microsoft-Windows-WMI-Activity/Operational", "Provider_Name": "Microsoft-Windows-WMI-Activity", "Computer": "DESKTOP-OFJ6N53", "TimeCreated": "2025-08-23 13:29:01.038975+00:00", "RecordID": "160937", "Level": "2", "UserID": "S-1-5-18"}
{"EventID": "5858", "Channel": "Microsoft-Windows-WMI-Activity/Operational", "Provider_Name": "Microsoft-Windows-WMI-Activity", "Computer": "DESKTOP-OFJ6N53", "TimeCreated": "2025-08-23 13:29:01.039013+00:00", "RecordID": "160938", "Level": "2", "UserID": "S-1-5-18"}
{"EventID": "5857", "Channel": "Microsoft-Windows-WMI-Activity/Operational", "Provider_Name": "Microsoft-Windows-WMI-Activity", "Computer": "DESKTOP-OFJ6N53", "TimeCreated": "2025-08-23 13:29:04.679527+00:00", "RecordID": "160939", "Level": "0", "UserID": "S-1-5-20"}
{"EventID": "5858", "Channel": "Microsoft-Windows-WMI-Activity/Operational", "Provider_Name": "Microsoft-Windows-WMI-Activity", "Computer": "DESKTOP-OFJ6N53", "TimeCreated": "2025-08-23 14:05:43.695862+00:00", "RecordID": "160940", "Level": "2", "UserID": "S-1-5-18"}
{"EventID": "5858", "Channel": "Microsoft-Windows-WMI-Activity/Operational", "Provider_Name": "Microsoft-Windows-WMI-Activity", "Computer": "DESKTOP-OFJ6N53", "TimeCreated": "2025-08-23 14:05:43.695932+00:00", "RecordID": "160941", "Level": "2", "UserID": "S-1-5-18"}
{"EventID": "5858", "Channel": "Microsoft-Windows-WMI-Activity/Operational", "Provider_Name": "Microsoft-Windows-WMI-Activity", "Computer": "DESKTOP-OFJ6N53", "TimeCreated": "2025-08-23 14:05:43.695967+00:00", "RecordID": "160942", "Level": "2", "UserID": "S-1-5-18"}
{"EventID": "5858", "Channel": "Microsoft-Windows-WMI-Activity/Operational", "Provider_Name": "Microsoft-Windows-WMI-Activity", "Computer": "DESKTOP-OFJ6N53", "TimeCreated": "2025-08-23 14:05:43.695997+00:00", "RecordID": "160943", "Level": "2", "UserID": "S-1-5-18"}
{"EventID": "5858", "Channel": "Microsoft-Windows-WMI-Activity/Operational", "Provider_Name": "Microsoft-Windows-WMI-Activity", "Computer": "DESKTOP-OFJ6N53", "TimeCreated": "2025-08-23 14:05:43.696039+00:00", "RecordID": "160944", "Level": "2", "UserID": "S-1-5-18"}
{"EventID": "5857", "Channel": "Microsoft-Windows-WMI-Activity/Operational", "Provider_Name": "Microsoft-Windows-WMI-Activity", "Computer": "DESKTOP-OFJ6N53", "TimeCreated": "2025-08-23 14:05:43.825563+00:00", "RecordID": "160945", "Level": "0", "UserID": "S-1-5-20"}
{"EventID": "5857", "Channel": "Microsoft-Windows-WMI-Activity/Operational", "Provider_Name": "Microsoft-Windows-WMI-Activity", "Computer": "DESKTOP-OFJ6N53", "TimeCreated": "2025-08-23 14:29:29.964998+00:00", "RecordID": "160946", "Level": "0", "UserID": "S-1-5-20"}
{"EventID": "5857", "Channel": "Microsoft-Windows-WMI-Activity/Operational", "Provider_Name": "Microsoft-Windows-WMI-Activity", "Computer": "DESKTOP-OFJ6N53", "TimeCreated": "2025-08-23 14:29:30.027763+00:00", "RecordID": "160947", "Level": "0", "UserID": "S-1-5-20"}
{"EventID": "5857", "Channel": "Microsoft-Windows-WMI-Activity/Operational", "Provider_Name": "Microsoft-Windows-WMI-Activity", "Computer": "DESKTOP-OFJ6N53", "TimeCreated": "2025-08-23 15:29:31.173923+00:00", "RecordID": "160948", "Level": "0", "UserID": "S-1-5-20"}
{"EventID": "5857", "Channel": "Microsoft-Windows-WMI-Activity/Operational", "Provider_Name": "Microsoft-Windows-WMI-Activity", "Computer": "DESKTOP-OFJ6N53", "TimeCreated": "2025-08-23 15:29:31.518360+00:00", "RecordID": "160949", "Level": "0", "UserID": "S-1-5-20"}
{"EventID": "5857", "Channel": "Microsoft-Windows-WMI-Activity/Operational", "Provider_Name": "Microsoft-Windows-WMI-Activity", "Computer": "DESKTOP-OFJ6N53", "TimeCreated": "2025-08-23 15:36:51.679323+00:00", "RecordID": "160950", "Level": "0", "UserID": "S-1-5-20"}
{"EventID": "5858", "Channel": "Microsoft-Windows-WMI-Activity/Operational", "Provider_Name": "Microsoft-Windows-WMI-Activity", "Computer": "DESKTOP-OFJ6N53", "TimeCreated": "2025-08-23 15:36:51.799353+00:00", "RecordID": "160951", "Level": "2", "UserID": "S-1-5-18"}
{"EventID": "5858", "Channel": "Microsoft-Windows-WMI-Activity/Operational", "Provider_Name": "Microsoft-Windows-WMI-Activity", "Computer": "DESKTOP-OFJ6N53", "TimeCreated": "2025-08-23 15:36:51.813253+00:00", "RecordID": "160952", "Level": "2", "UserID": "S-1-5-18"}
{"EventID": "5858", "Channel": "Microsoft-Windows-WMI-Activity/Operational", "Provider_Name": "Microsoft-Windows-WMI-Activity", "Computer": "DESKTOP-OFJ6N53", "TimeCreated": "2025-08-23 15:37:14.818563+00:00", "RecordID": "160953", "Level": "2", "UserID": "S-1-5-18"}
{"EventID": "5857", "Channel": "Microsoft-Windows-WMI-Activity/Operational", "Provider_Name": "Microsoft-Windows-WMI-Activity", "Computer": "DESKTOP-OFJ6N53", "TimeCreated": "2025-08-23 15:41:10.754841+00:00", "RecordID": "160954", "Level": "0", "UserID": "S-1-5-20"}
{"EventID": "5857", "Channel": "Microsoft-Windows-WMI-Activity/Operational", "Provider_Name": "Microsoft-Windows-WMI-Activity", "Computer": "DESKTOP-OFJ6N53", "TimeCreated": "2025-08-23 15:41:11.007309+00:00", "RecordID": "160955", "Level": "0", "UserID": "S-1-5-20"}
{"EventID": "5857", "Channel": "Microsoft-Windows-WMI-Activity/Operational", "Provider_Name": "Microsoft-Windows-WMI-Activity", "Computer": "DESKTOP-OFJ6N53", "TimeCreated": "2025-08-23 16:12:37.324814+00:00", "RecordID": "160956", "Level": "0", "UserID": "S-1-5-20"}
{"EventID": "5857", "Channel": "Microsoft-Windows-WMI-Activity/Operational", "Provider_Name": "Microsoft-Windows-WMI-Activity", "Computer": "DESKTOP-OFJ6N53", "TimeCreated": "2025-08-23 16:12:55.101366+00:00", "RecordID": "160957", "Level": "0", "UserID": "S-1-5-20"}
{"EventID": "5857", "Channel": "Microsoft-Windows-WMI-Activity/Operational", "Provider_Name": "Microsoft-Windows-WMI-Activity", "Computer": "DESKTOP-OFJ6N53", "TimeCreated": "2025-08-23 16:32:32.359690+00:00", "RecordID": "160958", "Level": "0", "UserID": "S-1-5-20"}
{"EventID": "5857", "Channel": "Microsoft-Windows-WMI-Activity/Operational", "Provider_Name": "Microsoft-Windows-WMI-Activity", "Computer": "DESKTOP-OFJ6N53", "TimeCreated": "2025-08-23 16:32:32.819746+00:00", "RecordID": "160959", "Level": "0", "UserID": "S-1-5-20"}
{"EventID": "5857", "Channel": "Microsoft-Windows-WMI-Activity/Operational", "Provider_Name": "Microsoft-Windows-WMI-Activity", "Computer": "DESKTOP-OFJ6N53", "TimeCreated": "2025-08-23 17:32:35.543797+00:00", "RecordID": "160960", "Level": "0", "UserID": "S-1-5-20"}
{"EventID": "5857", "Channel": "Microsoft-Windows-WMI-Activity/Operational", "Provider_Name": "Microsoft-Windows-WMI-Activity", "Computer": "DESKTOP-OFJ6N53", "TimeCreated": "2025-08-23 17:32:35.609215+00:00", "RecordID": "160961", "Level": "0", "UserID": "S-1-5-20"}
{"EventID": "5857", "Channel": "Microsoft-Windows-WMI-Activity/Operational", "Provider_Name": "Microsoft-Windows-WMI-Activity", "Computer": "DESKTOP-OFJ6N53", "TimeCreated": "2025-08-23 18:17:30.070534+00:00", "RecordID": "160962", "Level": "0", "UserID": "S-1-5-20"}
{"EventID": "5857", "Channel": "Microsoft-Windows-WMI-Activity/Operational", "Provider_Name": "Microsoft-Windows-WMI-Activity", "Computer": "DESKTOP-OFJ6N53", "TimeCreated": "2025-08-23 18:21:27.553143+00:00", "RecordID": "160963", "Level": "0", "UserID": "S-1-5-20"}
{"EventID": "5857", "Channel": "Microsoft-Windows-WMI-Activity/Operational", "Provider_Name": "Microsoft-Windows-WMI-Activity", "Computer": "DESKTOP-OFJ6N53", "TimeCreated": "2025-08-23 18:21:27.858236+00:00", "RecordID": "160964", "Level": "0", "UserID": "S-1-5-20"}
{"EventID": "5857", "Channel": "Microsoft-Windows-WMI-Activity/Operational", "Provider_Name": "Microsoft-Windows-WMI-Activity", "Computer": "DESKTOP-OFJ6N53", "TimeCreated": "2025-08-23 18:35:45.871164+00:00", "RecordID": "160965", "Level": "0", "UserID": "S-1-5-20"}
{"EventID": "5857", "Channel": "Microsoft-Windows-WMI-Activity/Operational", "Provider_Name": "Microsoft-Windows-WMI-Activity", "Computer": "DESKTOP-OFJ6N53", "TimeCreated": "2025-08-23 18:36:03.628044+00:00", "RecordID": "160966", "Level": "0", "UserID": "S-1-5-20"}
