{"EventID": "5600", "Channel": "Microsoft-Windows-WinINet-Config/ProxyConfigChanged", "Provider_Name": "Microsoft-Windows-WinINet-Config", "Computer": "DESKTOP-OFJ6N53", "TimeCreated": "2024-08-28 16:20:46.355431+00:00", "RecordID": "224", "Level": "4", "UserID": "S-1-5-21-963789628-1060504924-4285088085-1001", "EventData.fAutoDetect": "True", "EventData.pwszAutoConfigUrl": null, "EventData.pwszProxy": null, "EventData.pwszProxyBypass": null}
{"EventID": "5600", "Channel": "Microsoft-Windows-WinINet-Config/ProxyConfigChanged", "Provider_Name": "Microsoft-Windows-WinINet-Config", "Computer": "DESKTOP-OFJ6N53", "TimeCreated": "2024-09-10 16:34:20.413534+00:00", "RecordID": "225", "Level": "4", "UserID": "S-1-5-21-963789628-1060504924-4285088085-1001", "EventData.fAutoDetect": "True", "EventData.pwszAutoConfigUrl": null, "EventData.pwszProxy": null, "EventData.pwszProxyBypass": null}
{"EventID": "5600", "Channel": "Microsoft-Windows-WinINet-Config/ProxyConfigChanged", "Provider_Name": "Microsoft-Windows-WinINet-Config", "Computer": "DESKTOP-OFJ6N53", "TimeCreated": "2024-09-17 18:06:04.561289+00:00", "RecordID": "226", "Level": "4", "UserID": "S-1-5-21-963789628-1060504924-4285088085-1001", "EventData.fAutoDetect": "True", "EventData.pwszAutoConfigUrl": null, "EventData.pwszProxy": null, "EventData.pwszProxyBypass": null}
{"EventID": "5600", "Channel": "Microsoft-Windows-WinINet-Config/ProxyConfigChanged", "Provider_Name": "Microsoft-Windows-WinINet-Config", "Computer": "DESKTOP-OFJ6N53", "TimeCreated": "2024-09-27 03:12:49.523432+00:00", "RecordID": "227", "Level": "4", "UserID": "S-1-5-21-963789628-1060504924-4285088085-1001", "EventData.fAutoDetect": "True", "EventData.pwszAutoConfigUrl": null, "EventData.pwszProxy": null, "EventData.pwszProxyBypass": null}
{"EventID": "5600", "Channel": "Microsoft-Windows-WinINet-Config/ProxyConfigChanged", "Provider_Name": "Microsoft-Windows-WinINet-Config", "Computer": "DESKTOP-OFJ6N53", "TimeCreated": "2024-12-03 11:38:54.561167+00:00", "RecordID": "228", "Level": "4", "UserID": "S-1-5-21-963789628-1060504924-4285088085-1001", "EventData.fAutoDetect": "True", "EventData.pwszAutoConfigUrl": null, "EventData.pwszProxy": "http://127.0.0.1:57800", "EventData.pwszProxyBypass": "*.mk.mc"}
{"EventID": "5600", "Channel": "Microsoft-Windows-WinINet-Config/ProxyConfigChanged", "Provider_Name": "Microsoft-Windows-WinINet-Config", "Computer": "DESKTOP-OFJ6N53", "TimeCreated": "2024-12-03 11:38:54.575773+00:00", "RecordID": "229", "Level": "4", "UserID": "S-1-5-21-963789628-1060504924-4285088085-1001", "EventData.fAutoDetect": "True", "EventData.pwszAutoConfigUrl": null, "EventData.pwszProxy": "http://127.0.0.1:57800", "EventData.pwszProxyBypass": "*.mk.mc;<local>"}
{"EventID": "5600", "Channel": "Microsoft-Windows-WinINet-Config/ProxyConfigChanged", "Provider_Name": "Microsoft-Windows-WinINet-Config", "Computer": "DESKTOP-OFJ6N53", "TimeCreated": "2024-12-03 11:38:56.671619+00:00", "RecordID": "230", "Level": "4", "UserID": "S-1-5-21-963789628-1060504924-4285088085-1001", "EventData.fAutoDetect": "True", "EventData.pwszAutoConfigUrl": null, "EventData.pwszProxy": "http://127.0.0.1:57800", "EventData.pwszProxyBypass": "*.mk.mc;<local>"}
{"EventID": "5600", "Channel": "Microsoft-Windows-WinINet-Config/ProxyConfigChanged", "Provider_Name": "Microsoft-Windows-WinINet-Config", "Computer": "DESKTOP-OFJ6N53", "TimeCreated": "2024-12-03 11:38:56.680056+00:00", "RecordID": "231", "Level": "4", "UserID": "S-1-5-21-963789628-1060504924-4285088085-1001", "EventData.fAutoDetect": "True", "EventData.pwszAutoConfigUrl": null, "EventData.pwszProxy": "http://127.0.0.1:57800", "EventData.pwszProxyBypass": "*.mk.mc;<local>"}
{"EventID": "5600", "Channel": "Microsoft-Windows-WinINet-Config/ProxyConfigChanged", "Provider_Name": "Microsoft-Windows-WinINet-Config", "Computer": "DESKTOP-OFJ6N53", "TimeCreated": "2024-12-08 16:53:54.014418+00:00", "RecordID": "232", "Level": "4", "UserID": "S-1-5-21-963789628-1060504924-4285088085-1001", "EventData.fAutoDetect": "True", "EventData.pwszAutoConfigUrl": null, "EventData.pwszProxy": null, "EventData.pwszProxyBypass": null}
{"EventID": "5600", "Channel": "Microsoft-Windows-WinINet-Config/ProxyConfigChanged", "Provider_Name": "Microsoft-Windows-WinINet-Config", "Computer": "DESKTOP-OFJ6N53", "TimeCreated": "2025-02-03 12:52:41.374575+00:00", "RecordID": "233", "Level": "4", "UserID": "S-1-5-21-963789628-1060504924-4285088085-1001", "EventData.fAutoDetect": "True", "EventData.pwszAutoConfigUrl": null, "EventData.pwszProxy": "127.0.0.1:57800", "EventData.pwszProxyBypass": "*.mk.mc;<local>"}
{"EventID": "5600", "Channel": "Microsoft-Windows-WinINet-Config/ProxyConfigChanged", "Provider_Name": "Microsoft-Windows-WinINet-Config", "Computer": "DESKTOP-OFJ6N53", "TimeCreated": "2025-02-03 12:52:41.403517+00:00", "RecordID": "234", "Level": "4", "UserID": "S-1-5-21-963789628-1060504924-4285088085-1001", "EventData.fAutoDetect": "True", "EventData.pwszAutoConfigUrl": null, "EventData.pwszProxy": "127.0.0.1:57800", "EventData.pwszProxyBypass": "*.mk.mc;<local>"}
{"EventID": "5600", "Channel": "Microsoft-Windows-WinINet-Config/ProxyConfigChanged", "Provider_Name": "Microsoft-Windows-WinINet-Config", "Computer": "DESKTOP-OFJ6N53", "TimeCreated": "2025-02-03 12:52:41.847391+00:00", "RecordID": "235", "Level": "4", "UserID": "S-1-5-21-963789628-1060504924-4285088085-1001", "EventData.fAutoDetect": "True", "EventData.pwszAutoConfigUrl": null, "EventData.pwszProxy": "127.0.0.1:57800", "EventData.pwszProxyBypass": "*.mk.mc;<local>"}
{"EventID": "5600", "Channel": "Microsoft-Windows-WinINet-Config/ProxyConfigChanged", "Provider_Name": "Microsoft-Windows-WinINet-Config", "Computer": "DESKTOP-OFJ6N53", "TimeCreated": "2025-02-03 12:52:41.856871+00:00", "RecordID": "236", "Level": "4", "UserID": "S-1-5-21-963789628-1060504924-4285088085-1001", "EventData.fAutoDetect": "True", "EventData.pwszAutoConfigUrl": null, "EventData.pwszProxy": "127.0.0.1:57800", "EventData.pwszProxyBypass": "*.mk.mc;<local>"}
{"EventID": "5600", "Channel": "Microsoft-Windows-WinINet-Config/ProxyConfigChanged", "Provider_Name": "Microsoft-Windows-WinINet-Config", "Computer": "DESKTOP-OFJ6N53", "TimeCreated": "2025-02-05 12:40:52.829563+00:00", "RecordID": "237", "Level": "4", "UserID": "S-1-5-21-963789628-1060504924-4285088085-1001", "EventData.fAutoDetect": "True", "EventData.pwszAutoConfigUrl": null, "EventData.pwszProxy": null, "EventData.pwszProxyBypass": null}
{"EventID": "5600", "Channel": "Microsoft-Windows-WinINet-Config/ProxyConfigChanged", "Provider_Name": "Microsoft-Windows-WinINet-Config", "Computer": "DESKTOP-OFJ6N53", "TimeCreated": "2025-02-05 13:53:00.168377+00:00", "RecordID": "238", "Level": "4", "UserID": "S-1-5-21-963789628-1060504924-4285088085-1001", "EventData.fAutoDetect": "True", "EventData.pwszAutoConfigUrl": null, "EventData.pwszProxy": null, "EventData.pwszProxyBypass": null}
{"EventID": "5600", "Channel": "Microsoft-Windows-WinINet-Config/ProxyConfigChanged", "Provider_Name": "Microsoft-Windows-WinINet-Config", "Computer": "DESKTOP-OFJ6N53", "TimeCreated": "2025-02-05 13:55:16.621056+00:00", "RecordID": "239", "Level": "4", "UserID": "S-1-5-21-963789628-1060504924-4285088085-1001", "EventData.fAutoDetect": "True", "EventData.pwszAutoConfigUrl": null, "EventData.pwszProxy": null, "EventData.pwszProxyBypass": null}
{"EventID": "5600", "Channel": "Microsoft-Windows-WinINet-Config/ProxyConfigChanged", "Provider_Name": "Microsoft-Windows-WinINet-Config", "Computer": "DESKTOP-OFJ6N53", "TimeCreated": "2025-02-05 14:00:56.297682+00:00", "RecordID": "240", "Level": "4", "UserID": "S-1-5-21-963789628-1060504924-4285088085-1001", "EventData.fAutoDetect": "True", "EventData.pwszAutoConfigUrl": null, "EventData.pwszProxy": null, "EventData.pwszProxyBypass": null}
{"EventID": "5600", "Channel": "Microsoft-Windows-WinINet-Config/ProxyConfigChanged", "Provider_Name": "Microsoft-Windows-WinINet-Config", "Computer": "DESKTOP-OFJ6N53", "TimeCreated": "2025-02-06 15:44:05.260571+00:00", "RecordID": "241", "Level": "4", "UserID": "S-1-5-21-963789628-1060504924-4285088085-1001", "EventData.fAutoDetect": "True", "EventData.pwszAutoConfigUrl": null, "EventData.pwszProxy": null, "EventData.pwszProxyBypass": null}
{"EventID": "5600", "Channel": "Microsoft-Windows-WinINet-Config/ProxyConfigChanged", "Provider_Name": "Microsoft-Windows-WinINet-Config", "Computer": "DESKTOP-OFJ6N53", "TimeCreated": "2025-02-20 20:44:12.842205+00:00", "RecordID": "242", "Level": "4", "UserID": "S-1-5-18", "EventData.fAutoDetect": "True", "EventData.pwszAutoConfigUrl": null, "EventData.pwszProxy": null, "EventData.pwszProxyBypass": null}
{"EventID": "5600", "Channel": "Microsoft-Windows-WinINet-Config/ProxyConfigChanged", "Provider_Name": "Microsoft-Windows-WinINet-Config", "Computer": "DESKTOP-OFJ6N53", "TimeCreated": "2025-03-03 15:17:23.096910+00:00", "RecordID": "243", "Level": "4", "UserID": "S-1-5-21-963789628-1060504924-4285088085-1001", "EventData.fAutoDetect": "True", "EventData.pwszAutoConfigUrl": null, "EventData.pwszProxy": null, "EventData.pwszProxyBypass": null}
{"EventID": "5600", "Channel": "Microsoft-Windows-WinINet-Config/ProxyConfigChanged", "Provider_Name": "Microsoft-Windows-WinINet-Config", "Computer": "DESKTOP-OFJ6N53", "TimeCreated": "2025-04-07 05:36:57.478140+00:00", "RecordID": "244", "Level": "4", "UserID": "S-1-5-21-963789628-1060504924-4285088085-1001", "EventData.fAutoDetect": "True", "EventData.pwszAutoConfigUrl": null, "EventData.pwszProxy": null, "EventData.pwszProxyBypass": null}
