{"EventID": "201", "Channel": "Microsoft-Windows-CoreSystem-SmsRouter-Events/Operational", "Provider_Name": "Microsoft-Windows-CoreSystem-SmsRouter", "Computer": "DESKTOP-OFJ6N53", "TimeCreated": "2022-09-14 17:30:24.021847+00:00", "RecordID": "175", "Level": "4", "UserID": "S-1-5-19"}
{"EventID": "101", "Channel": "Microsoft-Windows-CoreSystem-SmsRouter-Events/Operational", "Provider_Name": "Microsoft-Windows-CoreSystem-SmsRouter", "Computer": "DESKTOP-OFJ6N53", "TimeCreated": "2022-09-14 17:30:24.040873+00:00", "RecordID": "176", "Level": "4", "UserID": "S-1-5-19"}
{"EventID": "100", "Channel": "Microsoft-Windows-CoreSystem-SmsRouter-Events/Operational", "Provider_Name": "Microsoft-Windows-CoreSystem-SmsRouter", "Computer": "DESKTOP-OFJ6N53", "TimeCreated": "2022-09-14 17:31:24.115656+00:00", "RecordID": "177", "Level": "4", "UserID": "S-1-5-19"}
{"EventID": "200", "Channel": "Microsoft-Windows-CoreSystem-SmsRouter-Events/Operational", "Provider_Name": "Microsoft-Windows-CoreSystem-SmsRouter", "Computer": "DESKTOP-OFJ6N53", "TimeCreated": "2022-09-14 17:31:24.144825+00:00", "RecordID": "178", "Level": "4", "UserID": "S-1-5-19"}
{"EventID": "201", "Channel": "Microsoft-Windows-CoreSystem-SmsRouter-Events/Operational", "Provider_Name": "Microsoft-Windows-CoreSystem-SmsRouter", "Computer": "DESKTOP-OFJ6N53", "TimeCreated": "2022-09-14 17:33:28.850399+00:00", "RecordID": "179", "Level": "4", "UserID": "S-1-5-19"}
{"EventID": "101", "Channel": "Microsoft-Windows-CoreSystem-SmsRouter-Events/Operational", "Provider_Name": "Microsoft-Windows-CoreSystem-SmsRouter", "Computer": "DESKTOP-OFJ6N53", "TimeCreated": "2022-09-14 17:33:29.102037+00:00", "RecordID": "180", "Level": "4", "UserID": "S-1-5-19"}
{"EventID": "100", "Channel": "Microsoft-Windows-CoreSystem-SmsRouter-Events/Operational", "Provider_Name": "Microsoft-Windows-CoreSystem-SmsRouter", "Computer": "DESKTOP-OFJ6N53", "TimeCreated": "2022-09-22 12:50:34.647038+00:00", "RecordID": "181", "Level": "4", "UserID": "S-1-5-19"}
{"EventID": "200", "Channel": "Microsoft-Windows-CoreSystem-SmsRouter-Events/Operational", "Provider_Name": "Microsoft-Windows-CoreSystem-SmsRouter", "Computer": "DESKTOP-OFJ6N53", "TimeCreated": "2022-09-22 12:50:34.688087+00:00", "RecordID": "182", "Level": "4", "UserID": "S-1-5-19"}
{"EventID": "201", "Channel": "Microsoft-Windows-CoreSystem-SmsRouter-Events/Operational", "Provider_Name": "Microsoft-Windows-CoreSystem-SmsRouter", "Computer": "DESKTOP-OFJ6N53", "TimeCreated": "2022-09-22 12:53:34.506763+00:00", "RecordID": "183", "Level": "4", "UserID": "S-1-5-19"}
{"EventID": "101", "Channel": "Microsoft-Windows-CoreSystem-SmsRouter-Events/Operational", "Provider_Name": "Microsoft-Windows-CoreSystem-SmsRouter", "Computer": "DESKTOP-OFJ6N53", "TimeCreated": "2022-09-22 12:53:34.531307+00:00", "RecordID": "184", "Level": "4", "UserID": "S-1-5-19"}
{"EventID": "100", "Channel": "Microsoft-Windows-CoreSystem-SmsRouter-Events/Operational", "Provider_Name": "Microsoft-Windows-CoreSystem-SmsRouter", "Computer": "DESKTOP-OFJ6N53", "TimeCreated": "2022-09-22 12:54:34.628780+00:00", "RecordID": "185", "Level": "4", "UserID": "S-1-5-19"}
{"EventID": "200", "Channel": "Microsoft-Windows-CoreSystem-SmsRouter-Events/Operational", "Provider_Name": "Microsoft-Windows-CoreSystem-SmsRouter", "Computer": "DESKTOP-OFJ6N53", "TimeCreated": "2022-09-22 12:54:34.669502+00:00", "RecordID": "186", "Level": "4", "UserID": "S-1-5-19"}
{"EventID": "201", "Channel": "Microsoft-Windows-CoreSystem-SmsRouter-Events/Operational", "Provider_Name": "Microsoft-Windows-CoreSystem-SmsRouter", "Computer": "DESKTOP-OFJ6N53", "TimeCreated": "2022-09-22 12:56:34.684950+00:00", "RecordID": "187", "Level": "4", "UserID": "S-1-5-19"}
{"EventID": "101", "Channel": "Microsoft-Windows-CoreSystem-SmsRouter-Events/Operational", "Provider_Name": "Microsoft-Windows-CoreSystem-SmsRouter", "Computer": "DESKTOP-OFJ6N53", "TimeCreated": "2022-09-22 12:56:34.714521+00:00", "RecordID": "188", "Level": "4", "UserID": "S-1-5-19"}
{"EventID": "100", "Channel": "Microsoft-Windows-CoreSystem-SmsRouter-Events/Operational", "Provider_Name": "Microsoft-Windows-CoreSystem-SmsRouter", "Computer": "DESKTOP-OFJ6N53", "TimeCreated": "2022-09-29 11:49:16.152718+00:00", "RecordID": "189", "Level": "4", "UserID": "S-1-5-19"}
{"EventID": "200", "Channel": "Microsoft-Windows-CoreSystem-SmsRouter-Events/Operational", "Provider_Name": "Microsoft-Windows-CoreSystem-SmsRouter", "Computer": "DESKTOP-OFJ6N53", "TimeCreated": "2022-09-29 11:49:16.204624+00:00", "RecordID": "190", "Level": "4", "UserID": "S-1-5-19"}
{"EventID": "201", "Channel": "Microsoft-Windows-CoreSystem-SmsRouter-Events/Operational", "Provider_Name": "Microsoft-Windows-CoreSystem-SmsRouter", "Computer": "DESKTOP-OFJ6N53", "TimeCreated": "2022-09-29 11:52:16.033304+00:00", "RecordID": "191", "Level": "4", "UserID": "S-1-5-19"}
{"EventID": "101", "Channel": "Microsoft-Windows-CoreSystem-SmsRouter-Events/Operational", "Provider_Name": "Microsoft-Windows-CoreSystem-SmsRouter", "Computer": "DESKTOP-OFJ6N53", "TimeCreated": "2022-09-29 11:52:16.068722+00:00", "RecordID": "192", "Level": "4", "UserID": "S-1-5-19"}
{"EventID": "100", "Channel": "Microsoft-Windows-CoreSystem-SmsRouter-Events/Operational", "Provider_Name": "Microsoft-Windows-CoreSystem-SmsRouter", "Computer": "DESKTOP-OFJ6N53", "TimeCreated": "2022-09-29 11:53:16.198107+00:00", "RecordID": "193", "Level": "4", "UserID": "S-1-5-19"}
{"EventID": "200", "Channel": "Microsoft-Windows-CoreSystem-SmsRouter-Events/Operational", "Provider_Name": "Microsoft-Windows-CoreSystem-SmsRouter", "Computer": "DESKTOP-OFJ6N53", "TimeCreated": "2022-09-29 11:53:16.261658+00:00", "RecordID": "194", "Level": "4", "UserID": "S-1-5-19"}
{"EventID": "201", "Channel": "Microsoft-Windows-CoreSystem-SmsRouter-Events/Operational", "Provider_Name": "Microsoft-Windows-CoreSystem-SmsRouter", "Computer": "DESKTOP-OFJ6N53", "TimeCreated": "2022-09-29 11:55:16.279285+00:00", "RecordID": "195", "Level": "4", "UserID": "S-1-5-19"}
{"EventID": "101", "Channel": "Microsoft-Windows-CoreSystem-SmsRouter-Events/Operational", "Provider_Name": "Microsoft-Windows-CoreSystem-SmsRouter", "Computer": "DESKTOP-OFJ6N53", "TimeCreated": "2022-09-29 11:55:16.313354+00:00", "RecordID": "196", "Level": "4", "UserID": "S-1-5-19"}
{"EventID": "100", "Channel": "Microsoft-Windows-CoreSystem-SmsRouter-Events/Operational", "Provider_Name": "Microsoft-Windows-CoreSystem-SmsRouter", "Computer": "DESKTOP-OFJ6N53", "TimeCreated": "2022-10-04 08:47:43.049316+00:00", "RecordID": "197", "Level": "4", "UserID": "S-1-5-19"}
{"EventID": "200", "Channel": "Microsoft-Windows-CoreSystem-SmsRouter-Events/Operational", "Provider_Name": "Microsoft-Windows-CoreSystem-SmsRouter", "Computer": "DESKTOP-OFJ6N53", "TimeCreated": "2022-10-04 08:47:43.087118+00:00", "RecordID": "198", "Level": "4", "UserID": "S-1-5-19"}
{"EventID": "201", "Channel": "Microsoft-Windows-CoreSystem-SmsRouter-Events/Operational", "Provider_Name": "Microsoft-Windows-CoreSystem-SmsRouter", "Computer": "DESKTOP-OFJ6N53", "TimeCreated": "2022-10-04 08:50:42.954340+00:00", "RecordID": "199", "Level": "4", "UserID": "S-1-5-19"}
{"EventID": "101", "Channel": "Microsoft-Windows-CoreSystem-SmsRouter-Events/Operational", "Provider_Name": "Microsoft-Windows-CoreSystem-SmsRouter", "Computer": "DESKTOP-OFJ6N53", "TimeCreated": "2022-10-04 08:50:42.982883+00:00", "RecordID": "200", "Level": "4", "UserID": "S-1-5-19"}
{"EventID": "100", "Channel": "Microsoft-Windows-CoreSystem-SmsRouter-Events/Operational", "Provider_Name": "Microsoft-Windows-CoreSystem-SmsRouter", "Computer": "DESKTOP-OFJ6N53", "TimeCreated": "2022-10-04 08:51:43.046780+00:00", "RecordID": "201", "Level": "4", "UserID": "S-1-5-19"}
{"EventID": "200", "Channel": "Microsoft-Windows-CoreSystem-SmsRouter-Events/Operational", "Provider_Name": "Microsoft-Windows-CoreSystem-SmsRouter", "Computer": "DESKTOP-OFJ6N53", "TimeCreated": "2022-10-04 08:51:43.077902+00:00", "RecordID": "202", "Level": "4", "UserID": "S-1-5-19"}
{"EventID": "201", "Channel": "Microsoft-Windows-CoreSystem-SmsRouter-Events/Operational", "Provider_Name": "Microsoft-Windows-CoreSystem-SmsRouter", "Computer": "DESKTOP-OFJ6N53", "TimeCreated": "2022-10-04 08:53:43.080441+00:00", "RecordID": "203", "Level": "4", "UserID": "S-1-5-19"}
{"EventID": "101", "Channel": "Microsoft-Windows-CoreSystem-SmsRouter-Events/Operational", "Provider_Name": "Microsoft-Windows-CoreSystem-SmsRouter", "Computer": "DESKTOP-OFJ6N53", "TimeCreated": "2022-10-04 08:53:43.106503+00:00", "RecordID": "204", "Level": "4", "UserID": "S-1-5-19"}
{"EventID": "100", "Channel": "Microsoft-Windows-CoreSystem-SmsRouter-Events/Operational", "Provider_Name": "Microsoft-Windows-CoreSystem-SmsRouter", "Computer": "DESKTOP-OFJ6N53", "TimeCreated": "2022-10-05 14:47:19.356363+00:00", "RecordID": "205", "Level": "4", "UserID": "S-1-5-19"}
{"EventID": "200", "Channel": "Microsoft-Windows-CoreSystem-SmsRouter-Events/Operational", "Provider_Name": "Microsoft-Windows-CoreSystem-SmsRouter", "Computer": "DESKTOP-OFJ6N53", "TimeCreated": "2022-10-05 14:47:19.422720+00:00", "RecordID": "206", "Level": "4", "UserID": "S-1-5-19"}
{"EventID": "201", "Channel": "Microsoft-Windows-CoreSystem-SmsRouter-Events/Operational", "Provider_Name": "Microsoft-Windows-CoreSystem-SmsRouter", "Computer": "DESKTOP-OFJ6N53", "TimeCreated": "2022-10-05 14:50:19.175482+00:00", "RecordID": "207", "Level": "4", "UserID": "S-1-5-19"}
{"EventID": "101", "Channel": "Microsoft-Windows-CoreSystem-SmsRouter-Events/Operational", "Provider_Name": "Microsoft-Windows-CoreSystem-SmsRouter", "Computer": "DESKTOP-OFJ6N53", "TimeCreated": "2022-10-05 14:50:19.198635+00:00", "RecordID": "208", "Level": "4", "UserID": "S-1-5-19"}
{"EventID": "100", "Channel": "Microsoft-Windows-CoreSystem-SmsRouter-Events/Operational", "Provider_Name": "Microsoft-Windows-CoreSystem-SmsRouter", "Computer": "DESKTOP-OFJ6N53", "TimeCreated": "2022-10-05 14:51:19.298595+00:00", "RecordID": "209", "Level": "4", "UserID": "S-1-5-19"}
{"EventID": "200", "Channel": "Microsoft-Windows-CoreSystem-SmsRouter-Events/Operational", "Provider_Name": "Microsoft-Windows-CoreSystem-SmsRouter", "Computer": "DESKTOP-OFJ6N53", "TimeCreated": "2022-10-05 14:51:19.328892+00:00", "RecordID": "210", "Level": "4", "UserID": "S-1-5-19"}
{"EventID": "201", "Channel": "Microsoft-Windows-CoreSystem-SmsRouter-Events/Operational", "Provider_Name": "Microsoft-Windows-CoreSystem-SmsRouter", "Computer": "DESKTOP-OFJ6N53", "TimeCreated": "2022-10-05 14:53:19.349850+00:00", "RecordID": "211", "Level": "4", "UserID": "S-1-5-19"}
{"EventID": "101", "Channel": "Microsoft-Windows-CoreSystem-SmsRouter-Events/Operational", "Provider_Name": "Microsoft-Windows-CoreSystem-SmsRouter", "Computer": "DESKTOP-OFJ6N53", "TimeCreated": "2022-10-05 14:53:19.387640+00:00", "RecordID": "212", "Level": "4", "UserID": "S-1-5-19"}
{"EventID": "100", "Channel": "Microsoft-Windows-CoreSystem-SmsRouter-Events/Operational", "Provider_Name": "Microsoft-Windows-CoreSystem-SmsRouter", "Computer": "DESKTOP-OFJ6N53", "TimeCreated": "2022-10-06 08:34:47.286955+00:00", "RecordID": "213", "Level": "4", "UserID": "S-1-5-19"}
{"EventID": "200", "Channel": "Microsoft-Windows-CoreSystem-SmsRouter-Events/Operational", "Provider_Name": "Microsoft-Windows-CoreSystem-SmsRouter", "Computer": "DESKTOP-OFJ6N53", "TimeCreated": "2022-10-06 08:34:47.317812+00:00", "RecordID": "214", "Level": "4", "UserID": "S-1-5-19"}
{"EventID": "201", "Channel": "Microsoft-Windows-CoreSystem-SmsRouter-Events/Operational", "Provider_Name": "Microsoft-Windows-CoreSystem-SmsRouter", "Computer": "DESKTOP-OFJ6N53", "TimeCreated": "2022-10-06 08:37:47.182608+00:00", "RecordID": "215", "Level": "4", "UserID": "S-1-5-19"}
{"EventID": "101", "Channel": "Microsoft-Windows-CoreSystem-SmsRouter-Events/Operational", "Provider_Name": "Microsoft-Windows-CoreSystem-SmsRouter", "Computer": "DESKTOP-OFJ6N53", "TimeCreated": "2022-10-06 08:37:47.201796+00:00", "RecordID": "216", "Level": "4", "UserID": "S-1-5-19"}
{"EventID": "100", "Channel": "Microsoft-Windows-CoreSystem-SmsRouter-Events/Operational", "Provider_Name": "Microsoft-Windows-CoreSystem-SmsRouter", "Computer": "DESKTOP-OFJ6N53", "TimeCreated": "2022-10-06 08:38:47.260569+00:00", "RecordID": "217", "Level": "4", "UserID": "S-1-5-19"}
{"EventID": "200", "Channel": "Microsoft-Windows-CoreSystem-SmsRouter-Events/Operational", "Provider_Name": "Microsoft-Windows-CoreSystem-SmsRouter", "Computer": "DESKTOP-OFJ6N53", "TimeCreated": "2022-10-06 08:38:47.296015+00:00", "RecordID": "218", "Level": "4", "UserID": "S-1-5-19"}
{"EventID": "201", "Channel": "Microsoft-Windows-CoreSystem-SmsRouter-Events/Operational", "Provider_Name": "Microsoft-Windows-CoreSystem-SmsRouter", "Computer": "DESKTOP-OFJ6N53", "TimeCreated": "2022-10-06 08:40:47.303688+00:00", "RecordID": "219", "Level": "4", "UserID": "S-1-5-19"}
{"EventID": "101", "Channel": "Microsoft-Windows-CoreSystem-SmsRouter-Events/Operational", "Provider_Name": "Microsoft-Windows-CoreSystem-SmsRouter", "Computer": "DESKTOP-OFJ6N53", "TimeCreated": "2022-10-06 08:40:47.334940+00:00", "RecordID": "220", "Level": "4", "UserID": "S-1-5-19"}
{"EventID": "100", "Channel": "Microsoft-Windows-CoreSystem-SmsRouter-Events/Operational", "Provider_Name": "Microsoft-Windows-CoreSystem-SmsRouter", "Computer": "DESKTOP-OFJ6N53", "TimeCreated": "2022-10-06 09:29:29.952295+00:00", "RecordID": "221", "Level": "4", "UserID": "S-1-5-19"}
{"EventID": "200", "Channel": "Microsoft-Windows-CoreSystem-SmsRouter-Events/Operational", "Provider_Name": "Microsoft-Windows-CoreSystem-SmsRouter", "Computer": "DESKTOP-OFJ6N53", "TimeCreated": "2022-10-06 09:29:29.991648+00:00", "RecordID": "222", "Level": "4", "UserID": "S-1-5-19"}
{"EventID": "201", "Channel": "Microsoft-Windows-CoreSystem-SmsRouter-Events/Operational", "Provider_Name": "Microsoft-Windows-CoreSystem-SmsRouter", "Computer": "DESKTOP-OFJ6N53", "TimeCreated": "2022-10-06 09:32:29.857889+00:00", "RecordID": "223", "Level": "4", "UserID": "S-1-5-19"}
{"EventID": "101", "Channel": "Microsoft-Windows-CoreSystem-SmsRouter-Events/Operational", "Provider_Name": "Microsoft-Windows-CoreSystem-SmsRouter", "Computer": "DESKTOP-OFJ6N53", "TimeCreated": "2022-10-06 09:32:29.890135+00:00", "RecordID": "224", "Level": "4", "UserID": "S-1-5-19"}
{"EventID": "100", "Channel": "Microsoft-Windows-CoreSystem-SmsRouter-Events/Operational", "Provider_Name": "Microsoft-Windows-CoreSystem-SmsRouter", "Computer": "DESKTOP-OFJ6N53", "TimeCreated": "2022-10-06 09:33:29.936039+00:00", "RecordID": "225", "Level": "4", "UserID": "S-1-5-19"}
{"EventID": "200", "Channel": "Microsoft-Windows-CoreSystem-SmsRouter-Events/Operational", "Provider_Name": "Microsoft-Windows-CoreSystem-SmsRouter", "Computer": "DESKTOP-OFJ6N53", "TimeCreated": "2022-10-06 09:33:29.967022+00:00", "RecordID": "226", "Level": "4", "UserID": "S-1-5-19"}
{"EventID": "201", "Channel": "Microsoft-Windows-CoreSystem-SmsRouter-Events/Operational", "Provider_Name": "Microsoft-Windows-CoreSystem-SmsRouter", "Computer": "DESKTOP-OFJ6N53", "TimeCreated": "2022-10-06 09:35:29.970076+00:00", "RecordID": "227", "Level": "4", "UserID": "S-1-5-19"}
{"EventID": "101", "Channel": "Microsoft-Windows-CoreSystem-SmsRouter-Events/Operational", "Provider_Name": "Microsoft-Windows-CoreSystem-SmsRouter", "Computer": "DESKTOP-OFJ6N53", "TimeCreated": "2022-10-06 09:35:29.996008+00:00", "RecordID": "228", "Level": "4", "UserID": "S-1-5-19"}
{"EventID": "100", "Channel": "Microsoft-Windows-CoreSystem-SmsRouter-Events/Operational", "Provider_Name": "Microsoft-Windows-CoreSystem-SmsRouter", "Computer": "DESKTOP-OFJ6N53", "TimeCreated": "2022-10-11 22:53:51.244158+00:00", "RecordID": "229", "Level": "4", "UserID": "S-1-5-19"}
{"EventID": "200", "Channel": "Microsoft-Windows-CoreSystem-SmsRouter-Events/Operational", "Provider_Name": "Microsoft-Windows-CoreSystem-SmsRouter", "Computer": "DESKTOP-OFJ6N53", "TimeCreated": "2022-10-11 22:53:51.289469+00:00", "RecordID": "230", "Level": "4", "UserID": "S-1-5-19"}
{"EventID": "201", "Channel": "Microsoft-Windows-CoreSystem-SmsRouter-Events/Operational", "Provider_Name": "Microsoft-Windows-CoreSystem-SmsRouter", "Computer": "DESKTOP-OFJ6N53", "TimeCreated": "2022-10-11 22:56:51.146099+00:00", "RecordID": "231", "Level": "4", "UserID": "S-1-5-19"}
{"EventID": "101", "Channel": "Microsoft-Windows-CoreSystem-SmsRouter-Events/Operational", "Provider_Name": "Microsoft-Windows-CoreSystem-SmsRouter", "Computer": "DESKTOP-OFJ6N53", "TimeCreated": "2022-10-11 22:56:51.176245+00:00", "RecordID": "232", "Level": "4", "UserID": "S-1-5-19"}
{"EventID": "100", "Channel": "Microsoft-Windows-CoreSystem-SmsRouter-Events/Operational", "Provider_Name": "Microsoft-Windows-CoreSystem-SmsRouter", "Computer": "DESKTOP-OFJ6N53", "TimeCreated": "2022-10-11 22:57:51.245378+00:00", "RecordID": "233", "Level": "4", "UserID": "S-1-5-19"}
{"EventID": "200", "Channel": "Microsoft-Windows-CoreSystem-SmsRouter-Events/Operational", "Provider_Name": "Microsoft-Windows-CoreSystem-SmsRouter", "Computer": "DESKTOP-OFJ6N53", "TimeCreated": "2022-10-11 22:57:51.294275+00:00", "RecordID": "234", "Level": "4", "UserID": "S-1-5-19"}
{"EventID": "201", "Channel": "Microsoft-Windows-CoreSystem-SmsRouter-Events/Operational", "Provider_Name": "Microsoft-Windows-CoreSystem-SmsRouter", "Computer": "DESKTOP-OFJ6N53", "TimeCreated": "2022-10-11 22:59:51.300451+00:00", "RecordID": "235", "Level": "4", "UserID": "S-1-5-19"}
{"EventID": "101", "Channel": "Microsoft-Windows-CoreSystem-SmsRouter-Events/Operational", "Provider_Name": "Microsoft-Windows-CoreSystem-SmsRouter", "Computer": "DESKTOP-OFJ6N53", "TimeCreated": "2022-10-11 22:59:51.341028+00:00", "RecordID": "236", "Level": "4", "UserID": "S-1-5-19"}
{"EventID": "100", "Channel": "Microsoft-Windows-CoreSystem-SmsRouter-Events/Operational", "Provider_Name": "Microsoft-Windows-CoreSystem-SmsRouter", "Computer": "DESKTOP-OFJ6N53", "TimeCreated": "2022-10-17 12:22:48.604012+00:00", "RecordID": "237", "Level": "4", "UserID": "S-1-5-19"}
{"EventID": "200", "Channel": "Microsoft-Windows-CoreSystem-SmsRouter-Events/Operational", "Provider_Name": "Microsoft-Windows-CoreSystem-SmsRouter", "Computer": "DESKTOP-OFJ6N53", "TimeCreated": "2022-10-17 12:22:48.659674+00:00", "RecordID": "238", "Level": "4", "UserID": "S-1-5-19"}
{"EventID": "201", "Channel": "Microsoft-Windows-CoreSystem-SmsRouter-Events/Operational", "Provider_Name": "Microsoft-Windows-CoreSystem-SmsRouter", "Computer": "DESKTOP-OFJ6N53", "TimeCreated": "2022-10-17 12:25:48.441160+00:00", "RecordID": "239", "Level": "4", "UserID": "S-1-5-19"}
{"EventID": "101", "Channel": "Microsoft-Windows-CoreSystem-SmsRouter-Events/Operational", "Provider_Name": "Microsoft-Windows-CoreSystem-SmsRouter", "Computer": "DESKTOP-OFJ6N53", "TimeCreated": "2022-10-17 12:25:48.467510+00:00", "RecordID": "240", "Level": "4", "UserID": "S-1-5-19"}
{"EventID": "100", "Channel": "Microsoft-Windows-CoreSystem-SmsRouter-Events/Operational", "Provider_Name": "Microsoft-Windows-CoreSystem-SmsRouter", "Computer": "DESKTOP-OFJ6N53", "TimeCreated": "2022-10-17 12:27:07.650932+00:00", "RecordID": "241", "Level": "4", "UserID": "S-1-5-19"}
{"EventID": "200", "Channel": "Microsoft-Windows-CoreSystem-SmsRouter-Events/Operational", "Provider_Name": "Microsoft-Windows-CoreSystem-SmsRouter", "Computer": "DESKTOP-OFJ6N53", "TimeCreated": "2022-10-17 12:27:07.879675+00:00", "RecordID": "242", "Level": "4", "UserID": "S-1-5-19"}
{"EventID": "201", "Channel": "Microsoft-Windows-CoreSystem-SmsRouter-Events/Operational", "Provider_Name": "Microsoft-Windows-CoreSystem-SmsRouter", "Computer": "DESKTOP-OFJ6N53", "TimeCreated": "2022-10-17 12:29:07.928602+00:00", "RecordID": "243", "Level": "4", "UserID": "S-1-5-19"}
{"EventID": "101", "Channel": "Microsoft-Windows-CoreSystem-SmsRouter-Events/Operational", "Provider_Name": "Microsoft-Windows-CoreSystem-SmsRouter", "Computer": "DESKTOP-OFJ6N53", "TimeCreated": "2022-10-17 12:29:07.955120+00:00", "RecordID": "244", "Level": "4", "UserID": "S-1-5-19"}
{"EventID": "100", "Channel": "Microsoft-Windows-CoreSystem-SmsRouter-Events/Operational", "Provider_Name": "Microsoft-Windows-CoreSystem-SmsRouter", "Computer": "DESKTOP-OFJ6N53", "TimeCreated": "2022-10-19 13:58:11.836081+00:00", "RecordID": "245", "Level": "4", "UserID": "S-1-5-19"}
{"EventID": "200", "Channel": "Microsoft-Windows-CoreSystem-SmsRouter-Events/Operational", "Provider_Name": "Microsoft-Windows-CoreSystem-SmsRouter", "Computer": "DESKTOP-OFJ6N53", "TimeCreated": "2022-10-19 13:58:11.879747+00:00", "RecordID": "246", "Level": "4", "UserID": "S-1-5-19"}
{"EventID": "201", "Channel": "Microsoft-Windows-CoreSystem-SmsRouter-Events/Operational", "Provider_Name": "Microsoft-Windows-CoreSystem-SmsRouter", "Computer": "DESKTOP-OFJ6N53", "TimeCreated": "2022-10-19 14:01:11.695230+00:00", "RecordID": "247", "Level": "4", "UserID": "S-1-5-19"}
{"EventID": "101", "Channel": "Microsoft-Windows-CoreSystem-SmsRouter-Events/Operational", "Provider_Name": "Microsoft-Windows-CoreSystem-SmsRouter", "Computer": "DESKTOP-OFJ6N53", "TimeCreated": "2022-10-19 14:01:11.726967+00:00", "RecordID": "248", "Level": "4", "UserID": "S-1-5-19"}
{"EventID": "100", "Channel": "Microsoft-Windows-CoreSystem-SmsRouter-Events/Operational", "Provider_Name": "Microsoft-Windows-CoreSystem-SmsRouter", "Computer": "DESKTOP-OFJ6N53", "TimeCreated": "2022-10-19 14:02:11.816895+00:00", "RecordID": "249", "Level": "4", "UserID": "S-1-5-19"}
{"EventID": "200", "Channel": "Microsoft-Windows-CoreSystem-SmsRouter-Events/Operational", "Provider_Name": "Microsoft-Windows-CoreSystem-SmsRouter", "Computer": "DESKTOP-OFJ6N53", "TimeCreated": "2022-10-19 14:02:11.858988+00:00", "RecordID": "250", "Level": "4", "UserID": "S-1-5-19"}
{"EventID": "201", "Channel": "Microsoft-Windows-CoreSystem-SmsRouter-Events/Operational", "Provider_Name": "Microsoft-Windows-CoreSystem-SmsRouter", "Computer": "DESKTOP-OFJ6N53", "TimeCreated": "2022-10-19 14:04:11.858475+00:00", "RecordID": "251", "Level": "4", "UserID": "S-1-5-19"}
{"EventID": "101", "Channel": "Microsoft-Windows-CoreSystem-SmsRouter-Events/Operational", "Provider_Name": "Microsoft-Windows-CoreSystem-SmsRouter", "Computer": "DESKTOP-OFJ6N53", "TimeCreated": "2022-10-19 14:04:11.910345+00:00", "RecordID": "252", "Level": "4", "UserID": "S-1-5-19"}
{"EventID": "100", "Channel": "Microsoft-Windows-CoreSystem-SmsRouter-Events/Operational", "Provider_Name": "Microsoft-Windows-CoreSystem-SmsRouter", "Computer": "DESKTOP-OFJ6N53", "TimeCreated": "2022-10-27 11:58:30.181419+00:00", "RecordID": "253", "Level": "4", "UserID": "S-1-5-19"}
{"EventID": "200", "Channel": "Microsoft-Windows-CoreSystem-SmsRouter-Events/Operational", "Provider_Name": "Microsoft-Windows-CoreSystem-SmsRouter", "Computer": "DESKTOP-OFJ6N53", "TimeCreated": "2022-10-27 11:58:30.221640+00:00", "RecordID": "254", "Level": "4", "UserID": "S-1-5-19"}
{"EventID": "201", "Channel": "Microsoft-Windows-CoreSystem-SmsRouter-Events/Operational", "Provider_Name": "Microsoft-Windows-CoreSystem-SmsRouter", "Computer": "DESKTOP-OFJ6N53", "TimeCreated": "2022-10-27 12:01:30.190332+00:00", "RecordID": "255", "Level": "4", "UserID": "S-1-5-19"}
{"EventID": "101", "Channel": "Microsoft-Windows-CoreSystem-SmsRouter-Events/Operational", "Provider_Name": "Microsoft-Windows-CoreSystem-SmsRouter", "Computer": "DESKTOP-OFJ6N53", "TimeCreated": "2022-10-27 12:01:30.264551+00:00", "RecordID": "256", "Level": "4", "UserID": "S-1-5-19"}
{"EventID": "100", "Channel": "Microsoft-Windows-CoreSystem-SmsRouter-Events/Operational", "Provider_Name": "Microsoft-Windows-CoreSystem-SmsRouter", "Computer": "DESKTOP-OFJ6N53", "TimeCreated": "2022-10-27 12:02:30.507406+00:00", "RecordID": "257", "Level": "4", "UserID": "S-1-5-19"}
{"EventID": "200", "Channel": "Microsoft-Windows-CoreSystem-SmsRouter-Events/Operational", "Provider_Name": "Microsoft-Windows-CoreSystem-SmsRouter", "Computer": "DESKTOP-OFJ6N53", "TimeCreated": "2022-10-27 12:02:30.597607+00:00", "RecordID": "258", "Level": "4", "UserID": "S-1-5-19"}
{"EventID": "201", "Channel": "Microsoft-Windows-CoreSystem-SmsRouter-Events/Operational", "Provider_Name": "Microsoft-Windows-CoreSystem-SmsRouter", "Computer": "DESKTOP-OFJ6N53", "TimeCreated": "2022-10-27 12:04:30.640795+00:00", "RecordID": "259", "Level": "4", "UserID": "S-1-5-19"}
{"EventID": "101", "Channel": "Microsoft-Windows-CoreSystem-SmsRouter-Events/Operational", "Provider_Name": "Microsoft-Windows-CoreSystem-SmsRouter", "Computer": "DESKTOP-OFJ6N53", "TimeCreated": "2022-10-27 12:04:30.706392+00:00", "RecordID": "260", "Level": "4", "UserID": "S-1-5-19"}
