{"EventID": "3", "Channel": "Microsoft-Windows-Bits-Client/Operational", "Provider_Name": "Microsoft-Windows-Bits-Client", "Computer": "DESKTOP-OFJ6N53", "TimeCreated": "2025-08-26 00:11:07.819611+00:00", "RecordID": "85509", "Level": "4", "UserID": "S-1-5-18", "EventData.jobTitle": "Chrome Component Updater", "EventData.jobId": "{e45a6085-d31c-41d0-a091-73d91afaef34}", "EventData.jobOwner": "DESKTOP-OFJ6N53\\sk.batsiev", "EventData.processPath": "C:\\Program Files\\Google\\Chrome\\Application\\chrome.exe", "EventData.processId": "10884", "EventData.ClientProcessStartKey": "50384020831213050"}
{"EventID": "16403", "Channel": "Microsoft-Windows-Bits-Client/Operational", "Provider_Name": "Microsoft-Windows-Bits-Client", "Computer": "DESKTOP-OFJ6N53", "TimeCreated": "2025-08-26 00:11:07.857336+00:00", "RecordID": "85510", "Level": "4", "UserID": "S-1-5-21-963789628-1060504924-4285088085-1001", "EventData.User": "DESKTOP-OFJ6N53\\sk.batsiev", "EventData.jobTitle": "Chrome Component Updater", "EventData.jobId": "{e45a6085-d31c-41d0-a091-73d91afaef34}", "EventData.jobOwner": "DESKTOP-OFJ6N53\\sk.batsiev", "EventData.fileCount": "1", "EventData.RemoteName": "http://edgedl.me.gvt1.com/edgedl/diffgen-puffin/jflookgnkcckhobaglndicnbbgbonegd/77f28479cd8bb305c41b19814678abe2b50347b170153c83b9447563cb1f28ff", "EventData.LocalName": "C:\\Users\\SKA580~1.BAT\\AppData\\Local\\Temp\\chrome_BITS_10884_947775875\\77f28479cd8bb305c41b19814678abe2b50347b170153c83b9447563cb1f28ff", "EventData.processId": "10884", "EventData.ClientProcessStartKey": "50384020831213050"}
{"EventID": "61", "Channel": "Microsoft-Windows-Bits-Client/Operational", "Provider_Name": "Microsoft-Windows-Bits-Client", "Computer": "DESKTOP-OFJ6N53", "TimeCreated": "2025-08-26 00:11:29.135979+00:00", "RecordID": "85511", "Level": "3", "UserID": "S-1-5-18", "EventData.transferId": "{19c4b46a-c1a0-4187-8e70-c8934eabd661}", "EventData.name": "Chrome Component Updater", "EventData.Id": "{e45a6085-d31c-41d0-a091-73d91afaef34}", "EventData.url": "http://edgedl.me.gvt1.com/edgedl/diffgen-puffin/jflookgnkcckhobaglndicnbbgbonegd/77f28479cd8bb305c41b19814678abe2b50347b170153c83b9447563cb1f28ff", "EventData.peer": null, "EventData.hr": "2147954402", "EventData.fileTime": "0001-01-01 00:00:00", "EventData.fileLength": "18446744073709551615", "EventData.bytesTotal": "18446744073709551615", "EventData.bytesTransferred": "0", "EventData.proxy": null, "EventData.peerProtocolFlags": "0", "EventData.bytesTransferredFromPeer": "0", "EventData.AdditionalInfoHr": "0", "EventData.PeerContextInfo": "0", "EventData.bandwidthLimit": "18446744073709551615", "EventData.ignoreBandwidthLimitsOnLan": "False"}
{"EventID": "61", "Channel": "Microsoft-Windows-Bits-Client/Operational", "Provider_Name": "Microsoft-Windows-Bits-Client", "Computer": "DESKTOP-OFJ6N53", "TimeCreated": "2025-08-26 00:12:50.140013+00:00", "RecordID": "85512", "Level": "3", "UserID": "S-1-5-18", "EventData.transferId": "{08183d81-183d-404e-a91f-a9908eb21a7c}", "EventData.name": "Chrome Component Updater", "EventData.Id": "{e45a6085-d31c-41d0-a091-73d91afaef34}", "EventData.url": "http://edgedl.me.gvt1.com/edgedl/diffgen-puffin/jflookgnkcckhobaglndicnbbgbonegd/77f28479cd8bb305c41b19814678abe2b50347b170153c83b9447563cb1f28ff", "EventData.peer": null, "EventData.hr": "2147954402", "EventData.fileTime": "0001-01-01 00:00:00", "EventData.fileLength": "18446744073709551615", "EventData.bytesTotal": "18446744073709551615", "EventData.bytesTransferred": "0", "EventData.proxy": null, "EventData.peerProtocolFlags": "0", "EventData.bytesTransferredFromPeer": "0", "EventData.AdditionalInfoHr": "0", "EventData.PeerContextInfo": "0", "EventData.bandwidthLimit": "18446744073709551615", "EventData.ignoreBandwidthLimitsOnLan": "False"}
{"EventID": "61", "Channel": "Microsoft-Windows-Bits-Client/Operational", "Provider_Name": "Microsoft-Windows-Bits-Client", "Computer": "DESKTOP-OFJ6N53", "TimeCreated": "2025-08-26 00:14:11.597872+00:00", "RecordID": "85513", "Level": "3", "UserID": "S-1-5-18", "EventData.transferId": "{aa584e8d-00d8-40c6-a5a1-aa7844219661}", "EventData.name": "Chrome Component Updater", "EventData.Id": "{e45a6085-d31c-41d0-a091-73d91afaef34}", "EventData.url": "http://edgedl.me.gvt1.com/edgedl/diffgen-puffin/jflookgnkcckhobaglndicnbbgbonegd/77f28479cd8bb305c41b19814678abe2b50347b170153c83b9447563cb1f28ff", "EventData.peer": null, "EventData.hr": "2147954402", "EventData.fileTime": "0001-01-01 00:00:00", "EventData.fileLength": "18446744073709551615", "EventData.bytesTotal": "18446744073709551615", "EventData.bytesTransferred": "0", "EventData.proxy": null, "EventData.peerProtocolFlags": "0", "EventData.bytesTransferredFromPeer": "0", "EventData.AdditionalInfoHr": "0", "EventData.PeerContextInfo": "0", "EventData.bandwidthLimit": "18446744073709551615", "EventData.ignoreBandwidthLimitsOnLan": "False"}
{"EventID": "61", "Channel": "Microsoft-Windows-Bits-Client/Operational", "Provider_Name": "Microsoft-Windows-Bits-Client", "Computer": "DESKTOP-OFJ6N53", "TimeCreated": "2025-08-26 00:15:33.002254+00:00", "RecordID": "85514", "Level": "3", "UserID": "S-1-5-18", "EventData.transferId": "{bdfb2391-46a9-4c3f-939f-14e3632ebfa2}", "EventData.name": "Chrome Component Updater", "EventData.Id": "{e45a6085-d31c-41d0-a091-73d91afaef34}", "EventData.url": "http://edgedl.me.gvt1.com/edgedl/diffgen-puffin/jflookgnkcckhobaglndicnbbgbonegd/77f28479cd8bb305c41b19814678abe2b50347b170153c83b9447563cb1f28ff", "EventData.peer": null, "EventData.hr": "2147954402", "EventData.fileTime": "0001-01-01 00:00:00", "EventData.fileLength": "18446744073709551615", "EventData.bytesTotal": "18446744073709551615", "EventData.bytesTransferred": "0", "EventData.proxy": null, "EventData.peerProtocolFlags": "0", "EventData.bytesTransferredFromPeer": "0", "EventData.AdditionalInfoHr": "0", "EventData.PeerContextInfo": "0", "EventData.bandwidthLimit": "18446744073709551615", "EventData.ignoreBandwidthLimitsOnLan": "False"}
{"EventID": "61", "Channel": "Microsoft-Windows-Bits-Client/Operational", "Provider_Name": "Microsoft-Windows-Bits-Client", "Computer": "DESKTOP-OFJ6N53", "TimeCreated": "2025-08-26 00:16:54.146837+00:00", "RecordID": "85515", "Level": "3", "UserID": "S-1-5-18", "EventData.transferId": "{4f8307e7-7861-4b12-8bd1-2ef35e4b9c10}", "EventData.name": "Chrome Component Updater", "EventData.Id": "{e45a6085-d31c-41d0-a091-73d91afaef34}", "EventData.url": "http://edgedl.me.gvt1.com/edgedl/diffgen-puffin/jflookgnkcckhobaglndicnbbgbonegd/77f28479cd8bb305c41b19814678abe2b50347b170153c83b9447563cb1f28ff", "EventData.peer": null, "EventData.hr": "2147954402", "EventData.fileTime": "0001-01-01 00:00:00", "EventData.fileLength": "18446744073709551615", "EventData.bytesTotal": "18446744073709551615", "EventData.bytesTransferred": "0", "EventData.proxy": null, "EventData.peerProtocolFlags": "0", "EventData.bytesTransferredFromPeer": "0", "EventData.AdditionalInfoHr": "0", "EventData.PeerContextInfo": "0", "EventData.bandwidthLimit": "18446744073709551615", "EventData.ignoreBandwidthLimitsOnLan": "False"}
{"EventID": "61", "Channel": "Microsoft-Windows-Bits-Client/Operational", "Provider_Name": "Microsoft-Windows-Bits-Client", "Computer": "DESKTOP-OFJ6N53", "TimeCreated": "2025-08-26 00:18:15.250776+00:00", "RecordID": "85516", "Level": "3", "UserID": "S-1-5-18", "EventData.transferId": "{269ac338-13b8-4629-947e-c751fadfbb31}", "EventData.name": "Chrome Component Updater", "EventData.Id": "{e45a6085-d31c-41d0-a091-73d91afaef34}", "EventData.url": "http://edgedl.me.gvt1.com/edgedl/diffgen-puffin/jflookgnkcckhobaglndicnbbgbonegd/77f28479cd8bb305c41b19814678abe2b50347b170153c83b9447563cb1f28ff", "EventData.peer": null, "EventData.hr": "2147954402", "EventData.fileTime": "0001-01-01 00:00:00", "EventData.fileLength": "18446744073709551615", "EventData.bytesTotal": "18446744073709551615", "EventData.bytesTransferred": "0", "EventData.proxy": null, "EventData.peerProtocolFlags": "0", "EventData.bytesTransferredFromPeer": "0", "EventData.AdditionalInfoHr": "0", "EventData.PeerContextInfo": "0", "EventData.bandwidthLimit": "18446744073709551615", "EventData.ignoreBandwidthLimitsOnLan": "False"}
{"EventID": "61", "Channel": "Microsoft-Windows-Bits-Client/Operational", "Provider_Name": "Microsoft-Windows-Bits-Client", "Computer": "DESKTOP-OFJ6N53", "TimeCreated": "2025-08-26 00:19:36.294981+00:00", "RecordID": "85517", "Level": "3", "UserID": "S-1-5-18", "EventData.transferId": "{ec97e92d-c906-4a4a-b0a2-241082f53cef}", "EventData.name": "Chrome Component Updater", "EventData.Id": "{e45a6085-d31c-41d0-a091-73d91afaef34}", "EventData.url": "http://edgedl.me.gvt1.com/edgedl/diffgen-puffin/jflookgnkcckhobaglndicnbbgbonegd/77f28479cd8bb305c41b19814678abe2b50347b170153c83b9447563cb1f28ff", "EventData.peer": null, "EventData.hr": "2147954402", "EventData.fileTime": "0001-01-01 00:00:00", "EventData.fileLength": "18446744073709551615", "EventData.bytesTotal": "18446744073709551615", "EventData.bytesTransferred": "0", "EventData.proxy": null, "EventData.peerProtocolFlags": "0", "EventData.bytesTransferredFromPeer": "0", "EventData.AdditionalInfoHr": "0", "EventData.PeerContextInfo": "0", "EventData.bandwidthLimit": "18446744073709551615", "EventData.ignoreBandwidthLimitsOnLan": "False"}
{"EventID": "61", "Channel": "Microsoft-Windows-Bits-Client/Operational", "Provider_Name": "Microsoft-Windows-Bits-Client", "Computer": "DESKTOP-OFJ6N53", "TimeCreated": "2025-08-26 00:20:57.401604+00:00", "RecordID": "85518", "Level": "3", "UserID": "S-1-5-18", "EventData.transferId": "{ce148182-af66-44fb-9cbf-6a777079ce38}", "EventData.name": "Chrome Component Updater", "EventData.Id": "{e45a6085-d31c-41d0-a091-73d91afaef34}", "EventData.url": "http://edgedl.me.gvt1.com/edgedl/diffgen-puffin/jflookgnkcckhobaglndicnbbgbonegd/77f28479cd8bb305c41b19814678abe2b50347b170153c83b9447563cb1f28ff", "EventData.peer": null, "EventData.hr": "2147954402", "EventData.fileTime": "0001-01-01 00:00:00", "EventData.fileLength": "18446744073709551615", "EventData.bytesTotal": "18446744073709551615", "EventData.bytesTransferred": "0", "EventData.proxy": null, "EventData.peerProtocolFlags": "0", "EventData.bytesTransferredFromPeer": "0", "EventData.AdditionalInfoHr": "0", "EventData.PeerContextInfo": "0", "EventData.bandwidthLimit": "18446744073709551615", "EventData.ignoreBandwidthLimitsOnLan": "False"}
{"EventID": "61", "Channel": "Microsoft-Windows-Bits-Client/Operational", "Provider_Name": "Microsoft-Windows-Bits-Client", "Computer": "DESKTOP-OFJ6N53", "TimeCreated": "2025-08-26 00:22:18.735807+00:00", "RecordID": "85519", "Level": "3", "UserID": "S-1-5-18", "EventData.transferId": "{c6db0943-4d41-42ac-9bce-2aea81565699}", "EventData.name": "Chrome Component Updater", "EventData.Id": "{e45a6085-d31c-41d0-a091-73d91afaef34}", "EventData.url": "http://edgedl.me.gvt1.com/edgedl/diffgen-puffin/jflookgnkcckhobaglndicnbbgbonegd/77f28479cd8bb305c41b19814678abe2b50347b170153c83b9447563cb1f28ff", "EventData.peer": null, "EventData.hr": "2147954402", "EventData.fileTime": "0001-01-01 00:00:00", "EventData.fileLength": "18446744073709551615", "EventData.bytesTotal": "18446744073709551615", "EventData.bytesTransferred": "0", "EventData.proxy": null, "EventData.peerProtocolFlags": "0", "EventData.bytesTransferredFromPeer": "0", "EventData.AdditionalInfoHr": "0", "EventData.PeerContextInfo": "0", "EventData.bandwidthLimit": "18446744073709551615", "EventData.ignoreBandwidthLimitsOnLan": "False"}
{"EventID": "61", "Channel": "Microsoft-Windows-Bits-Client/Operational", "Provider_Name": "Microsoft-Windows-Bits-Client", "Computer": "DESKTOP-OFJ6N53", "TimeCreated": "2025-08-26 00:23:39.784895+00:00", "RecordID": "85520", "Level": "3", "UserID": "S-1-5-18", "EventData.transferId": "{340c2139-d3cb-4e6e-9d53-b36ef8800256}", "EventData.name": "Chrome Component Updater", "EventData.Id": "{e45a6085-d31c-41d0-a091-73d91afaef34}", "EventData.url": "http://edgedl.me.gvt1.com/edgedl/diffgen-puffin/jflookgnkcckhobaglndicnbbgbonegd/77f28479cd8bb305c41b19814678abe2b50347b170153c83b9447563cb1f28ff", "EventData.peer": null, "EventData.hr": "2147954402", "EventData.fileTime": "0001-01-01 00:00:00", "EventData.fileLength": "18446744073709551615", "EventData.bytesTotal": "18446744073709551615", "EventData.bytesTransferred": "0", "EventData.proxy": null, "EventData.peerProtocolFlags": "0", "EventData.bytesTransferredFromPeer": "0", "EventData.AdditionalInfoHr": "0", "EventData.PeerContextInfo": "0", "EventData.bandwidthLimit": "18446744073709551615", "EventData.ignoreBandwidthLimitsOnLan": "False"}
{"EventID": "61", "Channel": "Microsoft-Windows-Bits-Client/Operational", "Provider_Name": "Microsoft-Windows-Bits-Client", "Computer": "DESKTOP-OFJ6N53", "TimeCreated": "2025-08-26 00:25:00.837643+00:00", "RecordID": "85521", "Level": "3", "UserID": "S-1-5-18", "EventData.transferId": "{98e846cc-8e28-4a70-aa55-4a3743df8477}", "EventData.name": "Chrome Component Updater", "EventData.Id": "{e45a6085-d31c-41d0-a091-73d91afaef34}", "EventData.url": "http://edgedl.me.gvt1.com/edgedl/diffgen-puffin/jflookgnkcckhobaglndicnbbgbonegd/77f28479cd8bb305c41b19814678abe2b50347b170153c83b9447563cb1f28ff", "EventData.peer": null, "EventData.hr": "2147954402", "EventData.fileTime": "0001-01-01 00:00:00", "EventData.fileLength": "18446744073709551615", "EventData.bytesTotal": "18446744073709551615", "EventData.bytesTransferred": "0", "EventData.proxy": null, "EventData.peerProtocolFlags": "0", "EventData.bytesTransferredFromPeer": "0", "EventData.AdditionalInfoHr": "0", "EventData.PeerContextInfo": "0", "EventData.bandwidthLimit": "18446744073709551615", "EventData.ignoreBandwidthLimitsOnLan": "False"}
{"EventID": "5", "Channel": "Microsoft-Windows-Bits-Client/Operational", "Provider_Name": "Microsoft-Windows-Bits-Client", "Computer": "DESKTOP-OFJ6N53", "TimeCreated": "2025-08-26 00:26:05.025282+00:00", "RecordID": "85522", "Level": "4", "UserID": "S-1-5-21-963789628-1060504924-4285088085-1001", "EventData.User": "DESKTOP-OFJ6N53\\sk.batsiev", "EventData.jobTitle": "Chrome Component Updater", "EventData.jobId": "{e45a6085-d31c-41d0-a091-73d91afaef34}", "EventData.jobOwner": "DESKTOP-OFJ6N53\\sk.batsiev", "EventData.fileCount": "1"}
{"EventID": "3", "Channel": "Microsoft-Windows-Bits-Client/Operational", "Provider_Name": "Microsoft-Windows-Bits-Client", "Computer": "DESKTOP-OFJ6N53", "TimeCreated": "2025-08-26 00:26:05.032639+00:00", "RecordID": "85523", "Level": "4", "UserID": "S-1-5-18", "EventData.jobTitle": "Chrome Component Updater", "EventData.jobId": "{579bce68-79ec-4c0a-a3a0-131705469bb9}", "EventData.jobOwner": "DESKTOP-OFJ6N53\\sk.batsiev", "EventData.processPath": "C:\\Program Files\\Google\\Chrome\\Application\\chrome.exe", "EventData.processId": "10884", "EventData.ClientProcessStartKey": "50384020831213050"}
{"EventID": "16403", "Channel": "Microsoft-Windows-Bits-Client/Operational", "Provider_Name": "Microsoft-Windows-Bits-Client", "Computer": "DESKTOP-OFJ6N53", "TimeCreated": "2025-08-26 00:26:05.040016+00:00", "RecordID": "85524", "Level": "4", "UserID": "S-1-5-21-963789628-1060504924-4285088085-1001", "EventData.User": "DESKTOP-OFJ6N53\\sk.batsiev", "EventData.jobTitle": "Chrome Component Updater", "EventData.jobId": "{579bce68-79ec-4c0a-a3a0-131705469bb9}", "EventData.jobOwner": "DESKTOP-OFJ6N53\\sk.batsiev", "EventData.fileCount": "1", "EventData.RemoteName": "https://edgedl.me.gvt1.com/edgedl/diffgen-puffin/jflookgnkcckhobaglndicnbbgbonegd/77f28479cd8bb305c41b19814678abe2b50347b170153c83b9447563cb1f28ff", "EventData.LocalName": "C:\\Users\\SKA580~1.BAT\\AppData\\Local\\Temp\\chrome_BITS_10884_1109204850\\77f28479cd8bb305c41b19814678abe2b50347b170153c83b9447563cb1f28ff", "EventData.processId": "10884", "EventData.ClientProcessStartKey": "50384020831213050"}
{"EventID": "61", "Channel": "Microsoft-Windows-Bits-Client/Operational", "Provider_Name": "Microsoft-Windows-Bits-Client", "Computer": "DESKTOP-OFJ6N53", "TimeCreated": "2025-08-26 00:26:47.379063+00:00", "RecordID": "85525", "Level": "3", "UserID": "S-1-5-18", "EventData.transferId": "{e4cd40cb-f071-40bc-a86e-a94ae60b3814}", "EventData.name": "Chrome Component Updater", "EventData.Id": "{579bce68-79ec-4c0a-a3a0-131705469bb9}", "EventData.url": "https://edgedl.me.gvt1.com/edgedl/diffgen-puffin/jflookgnkcckhobaglndicnbbgbonegd/77f28479cd8bb305c41b19814678abe2b50347b170153c83b9447563cb1f28ff", "EventData.peer": null, "EventData.hr": "2147954402", "EventData.fileTime": "0001-01-01 00:00:00", "EventData.fileLength": "18446744073709551615", "EventData.bytesTotal": "18446744073709551615", "EventData.bytesTransferred": "0", "EventData.proxy": null, "EventData.peerProtocolFlags": "0", "EventData.bytesTransferredFromPeer": "0", "EventData.AdditionalInfoHr": "0", "EventData.PeerContextInfo": "0", "EventData.bandwidthLimit": "18446744073709551615", "EventData.ignoreBandwidthLimitsOnLan": "False"}
{"EventID": "61", "Channel": "Microsoft-Windows-Bits-Client/Operational", "Provider_Name": "Microsoft-Windows-Bits-Client", "Computer": "DESKTOP-OFJ6N53", "TimeCreated": "2025-08-26 00:28:08.483931+00:00", "RecordID": "85526", "Level": "3", "UserID": "S-1-5-18", "EventData.transferId": "{2d74bf3b-11a1-475c-92ae-c80096bcd4ac}", "EventData.name": "Chrome Component Updater", "EventData.Id": "{579bce68-79ec-4c0a-a3a0-131705469bb9}", "EventData.url": "https://edgedl.me.gvt1.com/edgedl/diffgen-puffin/jflookgnkcckhobaglndicnbbgbonegd/77f28479cd8bb305c41b19814678abe2b50347b170153c83b9447563cb1f28ff", "EventData.peer": null, "EventData.hr": "2147954402", "EventData.fileTime": "0001-01-01 00:00:00", "EventData.fileLength": "18446744073709551615", "EventData.bytesTotal": "18446744073709551615", "EventData.bytesTransferred": "0", "EventData.proxy": null, "EventData.peerProtocolFlags": "0", "EventData.bytesTransferredFromPeer": "0", "EventData.AdditionalInfoHr": "0", "EventData.PeerContextInfo": "0", "EventData.bandwidthLimit": "18446744073709551615", "EventData.ignoreBandwidthLimitsOnLan": "False"}
{"EventID": "61", "Channel": "Microsoft-Windows-Bits-Client/Operational", "Provider_Name": "Microsoft-Windows-Bits-Client", "Computer": "DESKTOP-OFJ6N53", "TimeCreated": "2025-08-26 00:29:29.730089+00:00", "RecordID": "85527", "Level": "3", "UserID": "S-1-5-18", "EventData.transferId": "{2a44c7ff-c5dd-4b94-9fc6-a89269fd344f}", "EventData.name": "Chrome Component Updater", "EventData.Id": "{579bce68-79ec-4c0a-a3a0-131705469bb9}", "EventData.url": "https://edgedl.me.gvt1.com/edgedl/diffgen-puffin/jflookgnkcckhobaglndicnbbgbonegd/77f28479cd8bb305c41b19814678abe2b50347b170153c83b9447563cb1f28ff", "EventData.peer": null, "EventData.hr": "2147954402", "EventData.fileTime": "0001-01-01 00:00:00", "EventData.fileLength": "18446744073709551615", "EventData.bytesTotal": "18446744073709551615", "EventData.bytesTransferred": "0", "EventData.proxy": null, "EventData.peerProtocolFlags": "0", "EventData.bytesTransferredFromPeer": "0", "EventData.AdditionalInfoHr": "0", "EventData.PeerContextInfo": "0", "EventData.bandwidthLimit": "18446744073709551615", "EventData.ignoreBandwidthLimitsOnLan": "False"}
{"EventID": "61", "Channel": "Microsoft-Windows-Bits-Client/Operational", "Provider_Name": "Microsoft-Windows-Bits-Client", "Computer": "DESKTOP-OFJ6N53", "TimeCreated": "2025-08-26 00:30:50.865290+00:00", "RecordID": "85528", "Level": "3", "UserID": "S-1-5-18", "EventData.transferId": "{4f4267cd-2fa3-4501-81f2-f7cf07a82960}", "EventData.name": "Chrome Component Updater", "EventData.Id": "{579bce68-79ec-4c0a-a3a0-131705469bb9}", "EventData.url": "https://edgedl.me.gvt1.com/edgedl/diffgen-puffin/jflookgnkcckhobaglndicnbbgbonegd/77f28479cd8bb305c41b19814678abe2b50347b170153c83b9447563cb1f28ff", "EventData.peer": null, "EventData.hr": "2147954402", "EventData.fileTime": "0001-01-01 00:00:00", "EventData.fileLength": "18446744073709551615", "EventData.bytesTotal": "18446744073709551615", "EventData.bytesTransferred": "0", "EventData.proxy": null, "EventData.peerProtocolFlags": "0", "EventData.bytesTransferredFromPeer": "0", "EventData.AdditionalInfoHr": "0", "EventData.PeerContextInfo": "0", "EventData.bandwidthLimit": "18446744073709551615", "EventData.ignoreBandwidthLimitsOnLan": "False"}
{"EventID": "61", "Channel": "Microsoft-Windows-Bits-Client/Operational", "Provider_Name": "Microsoft-Windows-Bits-Client", "Computer": "DESKTOP-OFJ6N53", "TimeCreated": "2025-08-26 00:32:13.032539+00:00", "RecordID": "85529", "Level": "3", "UserID": "S-1-5-18", "EventData.transferId": "{5dec4ca9-0208-4806-bf28-7d7eff9079cc}", "EventData.name": "Chrome Component Updater", "EventData.Id": "{579bce68-79ec-4c0a-a3a0-131705469bb9}", "EventData.url": "https://edgedl.me.gvt1.com/edgedl/diffgen-puffin/jflookgnkcckhobaglndicnbbgbonegd/77f28479cd8bb305c41b19814678abe2b50347b170153c83b9447563cb1f28ff", "EventData.peer": null, "EventData.hr": "2147954402", "EventData.fileTime": "0001-01-01 00:00:00", "EventData.fileLength": "18446744073709551615", "EventData.bytesTotal": "18446744073709551615", "EventData.bytesTransferred": "0", "EventData.proxy": null, "EventData.peerProtocolFlags": "0", "EventData.bytesTransferredFromPeer": "0", "EventData.AdditionalInfoHr": "0", "EventData.PeerContextInfo": "0", "EventData.bandwidthLimit": "18446744073709551615", "EventData.ignoreBandwidthLimitsOnLan": "False"}
{"EventID": "61", "Channel": "Microsoft-Windows-Bits-Client/Operational", "Provider_Name": "Microsoft-Windows-Bits-Client", "Computer": "DESKTOP-OFJ6N53", "TimeCreated": "2025-08-26 00:33:34.396421+00:00", "RecordID": "85530", "Level": "3", "UserID": "S-1-5-18", "EventData.transferId": "{3dfe7057-6dcd-4d28-be89-057c2cf5c6ff}", "EventData.name": "Chrome Component Updater", "EventData.Id": "{579bce68-79ec-4c0a-a3a0-131705469bb9}", "EventData.url": "https://edgedl.me.gvt1.com/edgedl/diffgen-puffin/jflookgnkcckhobaglndicnbbgbonegd/77f28479cd8bb305c41b19814678abe2b50347b170153c83b9447563cb1f28ff", "EventData.peer": null, "EventData.hr": "2147954402", "EventData.fileTime": "0001-01-01 00:00:00", "EventData.fileLength": "18446744073709551615", "EventData.bytesTotal": "18446744073709551615", "EventData.bytesTransferred": "0", "EventData.proxy": null, "EventData.peerProtocolFlags": "0", "EventData.bytesTransferredFromPeer": "0", "EventData.AdditionalInfoHr": "0", "EventData.PeerContextInfo": "0", "EventData.bandwidthLimit": "18446744073709551615", "EventData.ignoreBandwidthLimitsOnLan": "False"}
{"EventID": "61", "Channel": "Microsoft-Windows-Bits-Client/Operational", "Provider_Name": "Microsoft-Windows-Bits-Client", "Computer": "DESKTOP-OFJ6N53", "TimeCreated": "2025-08-26 00:34:55.623770+00:00", "RecordID": "85531", "Level": "3", "UserID": "S-1-5-18", "EventData.transferId": "{0ae63cd1-4a77-4738-a35f-9ec48716093e}", "EventData.name": "Chrome Component Updater", "EventData.Id": "{579bce68-79ec-4c0a-a3a0-131705469bb9}", "EventData.url": "https://edgedl.me.gvt1.com/edgedl/diffgen-puffin/jflookgnkcckhobaglndicnbbgbonegd/77f28479cd8bb305c41b19814678abe2b50347b170153c83b9447563cb1f28ff", "EventData.peer": null, "EventData.hr": "2147954402", "EventData.fileTime": "0001-01-01 00:00:00", "EventData.fileLength": "18446744073709551615", "EventData.bytesTotal": "18446744073709551615", "EventData.bytesTransferred": "0", "EventData.proxy": null, "EventData.peerProtocolFlags": "0", "EventData.bytesTransferredFromPeer": "0", "EventData.AdditionalInfoHr": "0", "EventData.PeerContextInfo": "0", "EventData.bandwidthLimit": "18446744073709551615", "EventData.ignoreBandwidthLimitsOnLan": "False"}
{"EventID": "61", "Channel": "Microsoft-Windows-Bits-Client/Operational", "Provider_Name": "Microsoft-Windows-Bits-Client", "Computer": "DESKTOP-OFJ6N53", "TimeCreated": "2025-08-26 00:36:16.766890+00:00", "RecordID": "85532", "Level": "3", "UserID": "S-1-5-18", "EventData.transferId": "{41cfbf5c-0403-4423-a9bd-01419252fb82}", "EventData.name": "Chrome Component Updater", "EventData.Id": "{579bce68-79ec-4c0a-a3a0-131705469bb9}", "EventData.url": "https://edgedl.me.gvt1.com/edgedl/diffgen-puffin/jflookgnkcckhobaglndicnbbgbonegd/77f28479cd8bb305c41b19814678abe2b50347b170153c83b9447563cb1f28ff", "EventData.peer": null, "EventData.hr": "2147954402", "EventData.fileTime": "0001-01-01 00:00:00", "EventData.fileLength": "18446744073709551615", "EventData.bytesTotal": "18446744073709551615", "EventData.bytesTransferred": "0", "EventData.proxy": null, "EventData.peerProtocolFlags": "0", "EventData.bytesTransferredFromPeer": "0", "EventData.AdditionalInfoHr": "0", "EventData.PeerContextInfo": "0", "EventData.bandwidthLimit": "18446744073709551615", "EventData.ignoreBandwidthLimitsOnLan": "False"}
{"EventID": "61", "Channel": "Microsoft-Windows-Bits-Client/Operational", "Provider_Name": "Microsoft-Windows-Bits-Client", "Computer": "DESKTOP-OFJ6N53", "TimeCreated": "2025-08-26 00:37:38.093267+00:00", "RecordID": "85533", "Level": "3", "UserID": "S-1-5-18", "EventData.transferId": "{3745e03a-16df-4a15-8681-288bf08925b3}", "EventData.name": "Chrome Component Updater", "EventData.Id": "{579bce68-79ec-4c0a-a3a0-131705469bb9}", "EventData.url": "https://edgedl.me.gvt1.com/edgedl/diffgen-puffin/jflookgnkcckhobaglndicnbbgbonegd/77f28479cd8bb305c41b19814678abe2b50347b170153c83b9447563cb1f28ff", "EventData.peer": null, "EventData.hr": "2147954402", "EventData.fileTime": "0001-01-01 00:00:00", "EventData.fileLength": "18446744073709551615", "EventData.bytesTotal": "18446744073709551615", "EventData.bytesTransferred": "0", "EventData.proxy": null, "EventData.peerProtocolFlags": "0", "EventData.bytesTransferredFromPeer": "0", "EventData.AdditionalInfoHr": "0", "EventData.PeerContextInfo": "0", "EventData.bandwidthLimit": "18446744073709551615", "EventData.ignoreBandwidthLimitsOnLan": "False"}
{"EventID": "61", "Channel": "Microsoft-Windows-Bits-Client/Operational", "Provider_Name": "Microsoft-Windows-Bits-Client", "Computer": "DESKTOP-OFJ6N53", "TimeCreated": "2025-08-26 00:38:59.159618+00:00", "RecordID": "85534", "Level": "3", "UserID": "S-1-5-18", "EventData.transferId": "{2a8ee25e-b845-4f51-911c-f3bfbaeda674}", "EventData.name": "Chrome Component Updater", "EventData.Id": "{579bce68-79ec-4c0a-a3a0-131705469bb9}", "EventData.url": "https://edgedl.me.gvt1.com/edgedl/diffgen-puffin/jflookgnkcckhobaglndicnbbgbonegd/77f28479cd8bb305c41b19814678abe2b50347b170153c83b9447563cb1f28ff", "EventData.peer": null, "EventData.hr": "2147954402", "EventData.fileTime": "0001-01-01 00:00:00", "EventData.fileLength": "18446744073709551615", "EventData.bytesTotal": "18446744073709551615", "EventData.bytesTransferred": "0", "EventData.proxy": null, "EventData.peerProtocolFlags": "0", "EventData.bytesTransferredFromPeer": "0", "EventData.AdditionalInfoHr": "0", "EventData.PeerContextInfo": "0", "EventData.bandwidthLimit": "18446744073709551615", "EventData.ignoreBandwidthLimitsOnLan": "False"}
{"EventID": "61", "Channel": "Microsoft-Windows-Bits-Client/Operational", "Provider_Name": "Microsoft-Windows-Bits-Client", "Computer": "DESKTOP-OFJ6N53", "TimeCreated": "2025-08-26 00:40:20.329180+00:00", "RecordID": "85535", "Level": "3", "UserID": "S-1-5-18", "EventData.transferId": "{427c3702-82b1-4837-b4cc-cef77fbefc25}", "EventData.name": "Chrome Component Updater", "EventData.Id": "{579bce68-79ec-4c0a-a3a0-131705469bb9}", "EventData.url": "https://edgedl.me.gvt1.com/edgedl/diffgen-puffin/jflookgnkcckhobaglndicnbbgbonegd/77f28479cd8bb305c41b19814678abe2b50347b170153c83b9447563cb1f28ff", "EventData.peer": null, "EventData.hr": "2147954402", "EventData.fileTime": "0001-01-01 00:00:00", "EventData.fileLength": "18446744073709551615", "EventData.bytesTotal": "18446744073709551615", "EventData.bytesTransferred": "0", "EventData.proxy": null, "EventData.peerProtocolFlags": "0", "EventData.bytesTransferredFromPeer": "0", "EventData.AdditionalInfoHr": "0", "EventData.PeerContextInfo": "0", "EventData.bandwidthLimit": "18446744073709551615", "EventData.ignoreBandwidthLimitsOnLan": "False"}
{"EventID": "5", "Channel": "Microsoft-Windows-Bits-Client/Operational", "Provider_Name": "Microsoft-Windows-Bits-Client", "Computer": "DESKTOP-OFJ6N53", "TimeCreated": "2025-08-26 00:41:23.839785+00:00", "RecordID": "85536", "Level": "4", "UserID": "S-1-5-21-963789628-1060504924-4285088085-1001", "EventData.User": "DESKTOP-OFJ6N53\\sk.batsiev", "EventData.jobTitle": "Chrome Component Updater", "EventData.jobId": "{579bce68-79ec-4c0a-a3a0-131705469bb9}", "EventData.jobOwner": "DESKTOP-OFJ6N53\\sk.batsiev", "EventData.fileCount": "1"}
{"EventID": "3", "Channel": "Microsoft-Windows-Bits-Client/Operational", "Provider_Name": "Microsoft-Windows-Bits-Client", "Computer": "DESKTOP-OFJ6N53", "TimeCreated": "2025-08-26 00:41:23.846214+00:00", "RecordID": "85537", "Level": "4", "UserID": "S-1-5-18", "EventData.jobTitle": "Chrome Component Updater", "EventData.jobId": "{b970200b-5258-4966-8f2a-e017e747922a}", "EventData.jobOwner": "DESKTOP-OFJ6N53\\sk.batsiev", "EventData.processPath": "C:\\Program Files\\Google\\Chrome\\Application\\chrome.exe", "EventData.processId": "10884", "EventData.ClientProcessStartKey": "50384020831213050"}
{"EventID": "16403", "Channel": "Microsoft-Windows-Bits-Client/Operational", "Provider_Name": "Microsoft-Windows-Bits-Client", "Computer": "DESKTOP-OFJ6N53", "TimeCreated": "2025-08-26 00:41:23.853367+00:00", "RecordID": "85538", "Level": "4", "UserID": "S-1-5-21-963789628-1060504924-4285088085-1001", "EventData.User": "DESKTOP-OFJ6N53\\sk.batsiev", "EventData.jobTitle": "Chrome Component Updater", "EventData.jobId": "{b970200b-5258-4966-8f2a-e017e747922a}", "EventData.jobOwner": "DESKTOP-OFJ6N53\\sk.batsiev", "EventData.fileCount": "1", "EventData.RemoteName": "http://dl.google.com/diffgen-puffin/jflookgnkcckhobaglndicnbbgbonegd/77f28479cd8bb305c41b19814678abe2b50347b170153c83b9447563cb1f28ff", "EventData.LocalName": "C:\\Users\\SKA580~1.BAT\\AppData\\Local\\Temp\\chrome_BITS_10884_599957284\\77f28479cd8bb305c41b19814678abe2b50347b170153c83b9447563cb1f28ff", "EventData.processId": "10884", "EventData.ClientProcessStartKey": "50384020831213050"}
{"EventID": "310", "Channel": "Microsoft-Windows-Bits-Client/Operational", "Provider_Name": "Microsoft-Windows-Bits-Client", "Computer": "DESKTOP-OFJ6N53", "TimeCreated": "2025-08-26 00:41:24.065945+00:00", "RecordID": "85539", "Level": "3", "UserID": "S-1-5-18", "EventData.ErrorCode": "2147942450"}
{"EventID": "59", "Channel": "Microsoft-Windows-Bits-Client/Operational", "Provider_Name": "Microsoft-Windows-Bits-Client", "Computer": "DESKTOP-OFJ6N53", "TimeCreated": "2025-08-26 00:41:24.080479+00:00", "RecordID": "85540", "Level": "4", "UserID": "S-1-5-18", "EventData.transferId": "{41aa449e-865a-436f-8312-7d29ce556812}", "EventData.name": "Chrome Component Updater", "EventData.Id": "{b970200b-5258-4966-8f2a-e017e747922a}", "EventData.url": "http://dl.google.com/diffgen-puffin/jflookgnkcckhobaglndicnbbgbonegd/77f28479cd8bb305c41b19814678abe2b50347b170153c83b9447563cb1f28ff", "EventData.peer": null, "EventData.fileTime": "2025-08-25 23:53:46+00:00", "EventData.fileLength": "7632", "EventData.bytesTotal": "7632", "EventData.bytesTransferred": "0", "EventData.bytesTransferredFromPeer": "0"}
{"EventID": "60", "Channel": "Microsoft-Windows-Bits-Client/Operational", "Provider_Name": "Microsoft-Windows-Bits-Client", "Computer": "DESKTOP-OFJ6N53", "TimeCreated": "2025-08-26 00:41:39.185659+00:00", "RecordID": "85541", "Level": "4", "UserID": "S-1-5-18", "EventData.transferId": "{41aa449e-865a-436f-8312-7d29ce556812}", "EventData.name": "Chrome Component Updater", "EventData.Id": "{b970200b-5258-4966-8f2a-e017e747922a}", "EventData.url": "http://dl.google.com/diffgen-puffin/jflookgnkcckhobaglndicnbbgbonegd/77f28479cd8bb305c41b19814678abe2b50347b170153c83b9447563cb1f28ff", "EventData.peer": null, "EventData.hr": "0", "EventData.fileTime": "2025-08-25 23:53:46+00:00", "EventData.fileLength": "7632", "EventData.bytesTotal": "7632", "EventData.bytesTransferred": "7632", "EventData.proxy": null, "EventData.peerProtocolFlags": "0", "EventData.bytesTransferredFromPeer": "0", "EventData.AdditionalInfoHr": "0", "EventData.PeerContextInfo": "0", "EventData.bandwidthLimit": "18446744073709551615", "EventData.ignoreBandwidthLimitsOnLan": "False"}
{"EventID": "4", "Channel": "Microsoft-Windows-Bits-Client/Operational", "Provider_Name": "Microsoft-Windows-Bits-Client", "Computer": "DESKTOP-OFJ6N53", "TimeCreated": "2025-08-26 00:41:39.908260+00:00", "RecordID": "85542", "Level": "4", "UserID": "S-1-5-18", "EventData.User": "DESKTOP-OFJ6N53\\sk.batsiev", "EventData.jobTitle": "Chrome Component Updater", "EventData.jobId": "{b970200b-5258-4966-8f2a-e017e747922a}", "EventData.jobOwner": "DESKTOP-OFJ6N53\\sk.batsiev", "EventData.fileCount": "1", "EventData.bytesTransferred": "7632", "EventData.bytesTransferredFromPeer": "0"}
{"EventID": "3", "Channel": "Microsoft-Windows-Bits-Client/Operational", "Provider_Name": "Microsoft-Windows-Bits-Client", "Computer": "DESKTOP-OFJ6N53", "TimeCreated": "2025-08-26 00:41:40.227919+00:00", "RecordID": "85543", "Level": "4", "UserID": "S-1-5-18", "EventData.jobTitle": "Chrome Component Updater", "EventData.jobId": "{19c1c2ff-dff1-4911-b060-643ee8915fa5}", "EventData.jobOwner": "DESKTOP-OFJ6N53\\sk.batsiev", "EventData.processPath": "C:\\Program Files\\Google\\Chrome\\Application\\chrome.exe", "EventData.processId": "10884", "EventData.ClientProcessStartKey": "50384020831213050"}
{"EventID": "16403", "Channel": "Microsoft-Windows-Bits-Client/Operational", "Provider_Name": "Microsoft-Windows-Bits-Client", "Computer": "DESKTOP-OFJ6N53", "TimeCreated": "2025-08-26 00:41:40.234283+00:00", "RecordID": "85544", "Level": "4", "UserID": "S-1-5-21-963789628-1060504924-4285088085-1001", "EventData.User": "DESKTOP-OFJ6N53\\sk.batsiev", "EventData.jobTitle": "Chrome Component Updater", "EventData.jobId": "{19c1c2ff-dff1-4911-b060-643ee8915fa5}", "EventData.jobOwner": "DESKTOP-OFJ6N53\\sk.batsiev", "EventData.fileCount": "1", "EventData.RemoteName": "http://edgedl.me.gvt1.com/edgedl/diffgen-puffin/hfnkpimlhhgieaddgfemjhofmfblmnib/02dc8570d8df05d2bad54cdf8643db162d1b9ad45dbcdb610b84b45bdf70b7d1", "EventData.LocalName": "C:\\Users\\SKA580~1.BAT\\AppData\\Local\\Temp\\chrome_BITS_10884_1327317327\\02dc8570d8df05d2bad54cdf8643db162d1b9ad45dbcdb610b84b45bdf70b7d1", "EventData.processId": "10884", "EventData.ClientProcessStartKey": "50384020831213050"}
{"EventID": "61", "Channel": "Microsoft-Windows-Bits-Client/Operational", "Provider_Name": "Microsoft-Windows-Bits-Client", "Computer": "DESKTOP-OFJ6N53", "TimeCreated": "2025-08-26 00:42:22.593338+00:00", "RecordID": "85545", "Level": "3", "UserID": "S-1-5-18", "EventData.transferId": "{f3749391-af06-40eb-9925-f2adf8ec9414}", "EventData.name": "Chrome Component Updater", "EventData.Id": "{19c1c2ff-dff1-4911-b060-643ee8915fa5}", "EventData.url": "http://edgedl.me.gvt1.com/edgedl/diffgen-puffin/hfnkpimlhhgieaddgfemjhofmfblmnib/02dc8570d8df05d2bad54cdf8643db162d1b9ad45dbcdb610b84b45bdf70b7d1", "EventData.peer": null, "EventData.hr": "2147954402", "EventData.fileTime": "0001-01-01 00:00:00", "EventData.fileLength": "18446744073709551615", "EventData.bytesTotal": "18446744073709551615", "EventData.bytesTransferred": "0", "EventData.proxy": null, "EventData.peerProtocolFlags": "0", "EventData.bytesTransferredFromPeer": "0", "EventData.AdditionalInfoHr": "0", "EventData.PeerContextInfo": "0", "EventData.bandwidthLimit": "18446744073709551615", "EventData.ignoreBandwidthLimitsOnLan": "False"}
{"EventID": "61", "Channel": "Microsoft-Windows-Bits-Client/Operational", "Provider_Name": "Microsoft-Windows-Bits-Client", "Computer": "DESKTOP-OFJ6N53", "TimeCreated": "2025-08-26 00:43:43.667931+00:00", "RecordID": "85546", "Level": "3", "UserID": "S-1-5-18", "EventData.transferId": "{af8385e0-d737-41ef-926a-e0fcea030270}", "EventData.name": "Chrome Component Updater", "EventData.Id": "{19c1c2ff-dff1-4911-b060-643ee8915fa5}", "EventData.url": "http://edgedl.me.gvt1.com/edgedl/diffgen-puffin/hfnkpimlhhgieaddgfemjhofmfblmnib/02dc8570d8df05d2bad54cdf8643db162d1b9ad45dbcdb610b84b45bdf70b7d1", "EventData.peer": null, "EventData.hr": "2147954402", "EventData.fileTime": "0001-01-01 00:00:00", "EventData.fileLength": "18446744073709551615", "EventData.bytesTotal": "18446744073709551615", "EventData.bytesTransferred": "0", "EventData.proxy": null, "EventData.peerProtocolFlags": "0", "EventData.bytesTransferredFromPeer": "0", "EventData.AdditionalInfoHr": "0", "EventData.PeerContextInfo": "0", "EventData.bandwidthLimit": "18446744073709551615", "EventData.ignoreBandwidthLimitsOnLan": "False"}
{"EventID": "61", "Channel": "Microsoft-Windows-Bits-Client/Operational", "Provider_Name": "Microsoft-Windows-Bits-Client", "Computer": "DESKTOP-OFJ6N53", "TimeCreated": "2025-08-26 00:45:04.812620+00:00", "RecordID": "85547", "Level": "3", "UserID": "S-1-5-18", "EventData.transferId": "{2eaffb34-9fbf-430a-932c-1deb99755a3d}", "EventData.name": "Chrome Component Updater", "EventData.Id": "{19c1c2ff-dff1-4911-b060-643ee8915fa5}", "EventData.url": "http://edgedl.me.gvt1.com/edgedl/diffgen-puffin/hfnkpimlhhgieaddgfemjhofmfblmnib/02dc8570d8df05d2bad54cdf8643db162d1b9ad45dbcdb610b84b45bdf70b7d1", "EventData.peer": null, "EventData.hr": "2147954402", "EventData.fileTime": "0001-01-01 00:00:00", "EventData.fileLength": "18446744073709551615", "EventData.bytesTotal": "18446744073709551615", "EventData.bytesTransferred": "0", "EventData.proxy": null, "EventData.peerProtocolFlags": "0", "EventData.bytesTransferredFromPeer": "0", "EventData.AdditionalInfoHr": "0", "EventData.PeerContextInfo": "0", "EventData.bandwidthLimit": "18446744073709551615", "EventData.ignoreBandwidthLimitsOnLan": "False"}
{"EventID": "61", "Channel": "Microsoft-Windows-Bits-Client/Operational", "Provider_Name": "Microsoft-Windows-Bits-Client", "Computer": "DESKTOP-OFJ6N53", "TimeCreated": "2025-08-26 00:46:25.860674+00:00", "RecordID": "85548", "Level": "3", "UserID": "S-1-5-18", "EventData.transferId": "{c4344dc3-2125-4118-9172-99218ec1053b}", "EventData.name": "Chrome Component Updater", "EventData.Id": "{19c1c2ff-dff1-4911-b060-643ee8915fa5}", "EventData.url": "http://edgedl.me.gvt1.com/edgedl/diffgen-puffin/hfnkpimlhhgieaddgfemjhofmfblmnib/02dc8570d8df05d2bad54cdf8643db162d1b9ad45dbcdb610b84b45bdf70b7d1", "EventData.peer": null, "EventData.hr": "2147954402", "EventData.fileTime": "0001-01-01 00:00:00", "EventData.fileLength": "18446744073709551615", "EventData.bytesTotal": "18446744073709551615", "EventData.bytesTransferred": "0", "EventData.proxy": null, "EventData.peerProtocolFlags": "0", "EventData.bytesTransferredFromPeer": "0", "EventData.AdditionalInfoHr": "0", "EventData.PeerContextInfo": "0", "EventData.bandwidthLimit": "18446744073709551615", "EventData.ignoreBandwidthLimitsOnLan": "False"}
{"EventID": "61", "Channel": "Microsoft-Windows-Bits-Client/Operational", "Provider_Name": "Microsoft-Windows-Bits-Client", "Computer": "DESKTOP-OFJ6N53", "TimeCreated": "2025-08-26 00:47:47.002825+00:00", "RecordID": "85549", "Level": "3", "UserID": "S-1-5-18", "EventData.transferId": "{e91115d9-afbc-42e5-834e-e200c319d3fa}", "EventData.name": "Chrome Component Updater", "EventData.Id": "{19c1c2ff-dff1-4911-b060-643ee8915fa5}", "EventData.url": "http://edgedl.me.gvt1.com/edgedl/diffgen-puffin/hfnkpimlhhgieaddgfemjhofmfblmnib/02dc8570d8df05d2bad54cdf8643db162d1b9ad45dbcdb610b84b45bdf70b7d1", "EventData.peer": null, "EventData.hr": "2147954402", "EventData.fileTime": "0001-01-01 00:00:00", "EventData.fileLength": "18446744073709551615", "EventData.bytesTotal": "18446744073709551615", "EventData.bytesTransferred": "0", "EventData.proxy": null, "EventData.peerProtocolFlags": "0", "EventData.bytesTransferredFromPeer": "0", "EventData.AdditionalInfoHr": "0", "EventData.PeerContextInfo": "0", "EventData.bandwidthLimit": "18446744073709551615", "EventData.ignoreBandwidthLimitsOnLan": "False"}
{"EventID": "61", "Channel": "Microsoft-Windows-Bits-Client/Operational", "Provider_Name": "Microsoft-Windows-Bits-Client", "Computer": "DESKTOP-OFJ6N53", "TimeCreated": "2025-08-26 00:49:08.372505+00:00", "RecordID": "85550", "Level": "3", "UserID": "S-1-5-18", "EventData.transferId": "{070bb2a3-2cbb-4912-be3d-cb743bd08de8}", "EventData.name": "Chrome Component Updater", "EventData.Id": "{19c1c2ff-dff1-4911-b060-643ee8915fa5}", "EventData.url": "http://edgedl.me.gvt1.com/edgedl/diffgen-puffin/hfnkpimlhhgieaddgfemjhofmfblmnib/02dc8570d8df05d2bad54cdf8643db162d1b9ad45dbcdb610b84b45bdf70b7d1", "EventData.peer": null, "EventData.hr": "2147954402", "EventData.fileTime": "0001-01-01 00:00:00", "EventData.fileLength": "18446744073709551615", "EventData.bytesTotal": "18446744073709551615", "EventData.bytesTransferred": "0", "EventData.proxy": null, "EventData.peerProtocolFlags": "0", "EventData.bytesTransferredFromPeer": "0", "EventData.AdditionalInfoHr": "0", "EventData.PeerContextInfo": "0", "EventData.bandwidthLimit": "18446744073709551615", "EventData.ignoreBandwidthLimitsOnLan": "False"}
{"EventID": "61", "Channel": "Microsoft-Windows-Bits-Client/Operational", "Provider_Name": "Microsoft-Windows-Bits-Client", "Computer": "DESKTOP-OFJ6N53", "TimeCreated": "2025-08-26 00:50:29.532818+00:00", "RecordID": "85551", "Level": "3", "UserID": "S-1-5-18", "EventData.transferId": "{791df2ef-d315-4fa6-ab8e-12d7ff5dc520}", "EventData.name": "Chrome Component Updater", "EventData.Id": "{19c1c2ff-dff1-4911-b060-643ee8915fa5}", "EventData.url": "http://edgedl.me.gvt1.com/edgedl/diffgen-puffin/hfnkpimlhhgieaddgfemjhofmfblmnib/02dc8570d8df05d2bad54cdf8643db162d1b9ad45dbcdb610b84b45bdf70b7d1", "EventData.peer": null, "EventData.hr": "2147954402", "EventData.fileTime": "0001-01-01 00:00:00", "EventData.fileLength": "18446744073709551615", "EventData.bytesTotal": "18446744073709551615", "EventData.bytesTransferred": "0", "EventData.proxy": null, "EventData.peerProtocolFlags": "0", "EventData.bytesTransferredFromPeer": "0", "EventData.AdditionalInfoHr": "0", "EventData.PeerContextInfo": "0", "EventData.bandwidthLimit": "18446744073709551615", "EventData.ignoreBandwidthLimitsOnLan": "False"}
{"EventID": "61", "Channel": "Microsoft-Windows-Bits-Client/Operational", "Provider_Name": "Microsoft-Windows-Bits-Client", "Computer": "DESKTOP-OFJ6N53", "TimeCreated": "2025-08-26 00:51:50.845222+00:00", "RecordID": "85552", "Level": "3", "UserID": "S-1-5-18", "EventData.transferId": "{7d84e14e-fcd4-41fc-b636-ffbbc0c1168c}", "EventData.name": "Chrome Component Updater", "EventData.Id": "{19c1c2ff-dff1-4911-b060-643ee8915fa5}", "EventData.url": "http://edgedl.me.gvt1.com/edgedl/diffgen-puffin/hfnkpimlhhgieaddgfemjhofmfblmnib/02dc8570d8df05d2bad54cdf8643db162d1b9ad45dbcdb610b84b45bdf70b7d1", "EventData.peer": null, "EventData.hr": "2147954402", "EventData.fileTime": "0001-01-01 00:00:00", "EventData.fileLength": "18446744073709551615", "EventData.bytesTotal": "18446744073709551615", "EventData.bytesTransferred": "0", "EventData.proxy": null, "EventData.peerProtocolFlags": "0", "EventData.bytesTransferredFromPeer": "0", "EventData.AdditionalInfoHr": "0", "EventData.PeerContextInfo": "0", "EventData.bandwidthLimit": "18446744073709551615", "EventData.ignoreBandwidthLimitsOnLan": "False"}
{"EventID": "61", "Channel": "Microsoft-Windows-Bits-Client/Operational", "Provider_Name": "Microsoft-Windows-Bits-Client", "Computer": "DESKTOP-OFJ6N53", "TimeCreated": "2025-08-26 00:53:12.179094+00:00", "RecordID": "85553", "Level": "3", "UserID": "S-1-5-18", "EventData.transferId": "{c6035891-d04a-4c8b-9413-dae38120fe7c}", "EventData.name": "Chrome Component Updater", "EventData.Id": "{19c1c2ff-dff1-4911-b060-643ee8915fa5}", "EventData.url": "http://edgedl.me.gvt1.com/edgedl/diffgen-puffin/hfnkpimlhhgieaddgfemjhofmfblmnib/02dc8570d8df05d2bad54cdf8643db162d1b9ad45dbcdb610b84b45bdf70b7d1", "EventData.peer": null, "EventData.hr": "2147954402", "EventData.fileTime": "0001-01-01 00:00:00", "EventData.fileLength": "18446744073709551615", "EventData.bytesTotal": "18446744073709551615", "EventData.bytesTransferred": "0", "EventData.proxy": null, "EventData.peerProtocolFlags": "0", "EventData.bytesTransferredFromPeer": "0", "EventData.AdditionalInfoHr": "0", "EventData.PeerContextInfo": "0", "EventData.bandwidthLimit": "18446744073709551615", "EventData.ignoreBandwidthLimitsOnLan": "False"}
{"EventID": "61", "Channel": "Microsoft-Windows-Bits-Client/Operational", "Provider_Name": "Microsoft-Windows-Bits-Client", "Computer": "DESKTOP-OFJ6N53", "TimeCreated": "2025-08-26 00:54:33.239149+00:00", "RecordID": "85554", "Level": "3", "UserID": "S-1-5-18", "EventData.transferId": "{9466ae2b-f4b0-40d6-afe1-442fbf7c88ce}", "EventData.name": "Chrome Component Updater", "EventData.Id": "{19c1c2ff-dff1-4911-b060-643ee8915fa5}", "EventData.url": "http://edgedl.me.gvt1.com/edgedl/diffgen-puffin/hfnkpimlhhgieaddgfemjhofmfblmnib/02dc8570d8df05d2bad54cdf8643db162d1b9ad45dbcdb610b84b45bdf70b7d1", "EventData.peer": null, "EventData.hr": "2147954402", "EventData.fileTime": "0001-01-01 00:00:00", "EventData.fileLength": "18446744073709551615", "EventData.bytesTotal": "18446744073709551615", "EventData.bytesTransferred": "0", "EventData.proxy": null, "EventData.peerProtocolFlags": "0", "EventData.bytesTransferredFromPeer": "0", "EventData.AdditionalInfoHr": "0", "EventData.PeerContextInfo": "0", "EventData.bandwidthLimit": "18446744073709551615", "EventData.ignoreBandwidthLimitsOnLan": "False"}
{"EventID": "61", "Channel": "Microsoft-Windows-Bits-Client/Operational", "Provider_Name": "Microsoft-Windows-Bits-Client", "Computer": "DESKTOP-OFJ6N53", "TimeCreated": "2025-08-26 00:55:54.418211+00:00", "RecordID": "85555", "Level": "3", "UserID": "S-1-5-18", "EventData.transferId": "{0779bc34-d324-41e9-9390-ad29a269f042}", "EventData.name": "Chrome Component Updater", "EventData.Id": "{19c1c2ff-dff1-4911-b060-643ee8915fa5}", "EventData.url": "http://edgedl.me.gvt1.com/edgedl/diffgen-puffin/hfnkpimlhhgieaddgfemjhofmfblmnib/02dc8570d8df05d2bad54cdf8643db162d1b9ad45dbcdb610b84b45bdf70b7d1", "EventData.peer": null, "EventData.hr": "2147954402", "EventData.fileTime": "0001-01-01 00:00:00", "EventData.fileLength": "18446744073709551615", "EventData.bytesTotal": "18446744073709551615", "EventData.bytesTransferred": "0", "EventData.proxy": null, "EventData.peerProtocolFlags": "0", "EventData.bytesTransferredFromPeer": "0", "EventData.AdditionalInfoHr": "0", "EventData.PeerContextInfo": "0", "EventData.bandwidthLimit": "18446744073709551615", "EventData.ignoreBandwidthLimitsOnLan": "False"}
{"EventID": "5", "Channel": "Microsoft-Windows-Bits-Client/Operational", "Provider_Name": "Microsoft-Windows-Bits-Client", "Computer": "DESKTOP-OFJ6N53", "TimeCreated": "2025-08-26 00:56:56.565998+00:00", "RecordID": "85556", "Level": "4", "UserID": "S-1-5-21-963789628-1060504924-4285088085-1001", "EventData.User": "DESKTOP-OFJ6N53\\sk.batsiev", "EventData.jobTitle": "Chrome Component Updater", "EventData.jobId": "{19c1c2ff-dff1-4911-b060-643ee8915fa5}", "EventData.jobOwner": "DESKTOP-OFJ6N53\\sk.batsiev", "EventData.fileCount": "1"}
{"EventID": "3", "Channel": "Microsoft-Windows-Bits-Client/Operational", "Provider_Name": "Microsoft-Windows-Bits-Client", "Computer": "DESKTOP-OFJ6N53", "TimeCreated": "2025-08-26 00:56:56.571653+00:00", "RecordID": "85557", "Level": "4", "UserID": "S-1-5-18", "EventData.jobTitle": "Chrome Component Updater", "EventData.jobId": "{2292fbb2-1074-477f-82c1-dfe34fa44857}", "EventData.jobOwner": "DESKTOP-OFJ6N53\\sk.batsiev", "EventData.processPath": "C:\\Program Files\\Google\\Chrome\\Application\\chrome.exe", "EventData.processId": "10884", "EventData.ClientProcessStartKey": "50384020831213050"}
{"EventID": "16403", "Channel": "Microsoft-Windows-Bits-Client/Operational", "Provider_Name": "Microsoft-Windows-Bits-Client", "Computer": "DESKTOP-OFJ6N53", "TimeCreated": "2025-08-26 00:56:56.578611+00:00", "RecordID": "85558", "Level": "4", "UserID": "S-1-5-21-963789628-1060504924-4285088085-1001", "EventData.User": "DESKTOP-OFJ6N53\\sk.batsiev", "EventData.jobTitle": "Chrome Component Updater", "EventData.jobId": "{2292fbb2-1074-477f-82c1-dfe34fa44857}", "EventData.jobOwner": "DESKTOP-OFJ6N53\\sk.batsiev", "EventData.fileCount": "1", "EventData.RemoteName": "https://edgedl.me.gvt1.com/edgedl/diffgen-puffin/hfnkpimlhhgieaddgfemjhofmfblmnib/02dc8570d8df05d2bad54cdf8643db162d1b9ad45dbcdb610b84b45bdf70b7d1", "EventData.LocalName": "C:\\Users\\SKA580~1.BAT\\AppData\\Local\\Temp\\chrome_BITS_10884_1680758071\\02dc8570d8df05d2bad54cdf8643db162d1b9ad45dbcdb610b84b45bdf70b7d1", "EventData.processId": "10884", "EventData.ClientProcessStartKey": "50384020831213050"}
{"EventID": "61", "Channel": "Microsoft-Windows-Bits-Client/Operational", "Provider_Name": "Microsoft-Windows-Bits-Client", "Computer": "DESKTOP-OFJ6N53", "TimeCreated": "2025-08-26 00:57:38.964573+00:00", "RecordID": "85559", "Level": "3", "UserID": "S-1-5-18", "EventData.transferId": "{2fbe0ea3-2a52-40cb-b7da-597f8668c9ec}", "EventData.name": "Chrome Component Updater", "EventData.Id": "{2292fbb2-1074-477f-82c1-dfe34fa44857}", "EventData.url": "https://edgedl.me.gvt1.com/edgedl/diffgen-puffin/hfnkpimlhhgieaddgfemjhofmfblmnib/02dc8570d8df05d2bad54cdf8643db162d1b9ad45dbcdb610b84b45bdf70b7d1", "EventData.peer": null, "EventData.hr": "2147954402", "EventData.fileTime": "0001-01-01 00:00:00", "EventData.fileLength": "18446744073709551615", "EventData.bytesTotal": "18446744073709551615", "EventData.bytesTransferred": "0", "EventData.proxy": null, "EventData.peerProtocolFlags": "0", "EventData.bytesTransferredFromPeer": "0", "EventData.AdditionalInfoHr": "0", "EventData.PeerContextInfo": "0", "EventData.bandwidthLimit": "18446744073709551615", "EventData.ignoreBandwidthLimitsOnLan": "False"}
