{"EventID": "2", "Channel": "Microsoft-Windows-Crypto-NCrypt/Operational", "Provider_Name": "Microsoft-Windows-Crypto-NCrypt", "Computer": "DESKTOP-OFJ6N53", "TimeCreated": "2025-08-05 12:54:15.770540+00:00", "RecordID": "4312", "Level": "2", "UserID": "S-1-5-21-963789628-1060504924-4285088085-1001", "EventData.ProviderName": "Microsoft Platform Crypto Provider", "EventData.Status": "0x80090030", "EventData.ProcessName": "chrome.exe"}
{"EventID": "4", "Channel": "Microsoft-Windows-Crypto-NCrypt/Operational", "Provider_Name": "Microsoft-Windows-Crypto-NCrypt", "Computer": "DESKTOP-OFJ6N53", "TimeCreated": "2025-08-05 12:54:15.773161+00:00", "RecordID": "4313", "Level": "2", "UserID": "S-1-5-21-963789628-1060504924-4285088085-1001", "EventData.ProviderName": "Microsoft Software Key Storage Provider", "EventData.KeyName": "ChromeMetricsTestKey", "EventData.AlgorithmName": "ECDSA_P256", "EventData.Flags": "0x00020000", "EventData.Status": "0x80090029", "EventData.ProcessName": "chrome.exe"}
{"EventID": "4", "Channel": "Microsoft-Windows-Crypto-NCrypt/Operational", "Provider_Name": "Microsoft-Windows-Crypto-NCrypt", "Computer": "DESKTOP-OFJ6N53", "TimeCreated": "2025-08-05 12:54:15.835144+00:00", "RecordID": "4314", "Level": "2", "UserID": "S-1-5-21-963789628-1060504924-4285088085-1001", "EventData.ProviderName": "Microsoft Passport Key Storage Provider", "EventData.KeyName": "S-1-5-21-963789628-1060504924-4285088085-1001//S-1-5-21-963789628-1060504924-4285088085-1001//MSTestAvailability-FF2FA111-E816-4D1B-BDDD-65F189969E50", "EventData.AlgorithmName": "RSA", "EventData.Flags": "0x00000000", "EventData.Status": "0x80090010", "EventData.ProcessName": "chrome.exe"}
{"EventID": "2", "Channel": "Microsoft-Windows-Crypto-NCrypt/Operational", "Provider_Name": "Microsoft-Windows-Crypto-NCrypt", "Computer": "DESKTOP-OFJ6N53", "TimeCreated": "2025-08-05 15:16:52.299465+00:00", "RecordID": "4315", "Level": "2", "UserID": "S-1-5-21-963789628-1060504924-4285088085-1001", "EventData.ProviderName": "Microsoft Platform Crypto Provider", "EventData.Status": "0x80090030", "EventData.ProcessName": "chrome.exe"}
{"EventID": "4", "Channel": "Microsoft-Windows-Crypto-NCrypt/Operational", "Provider_Name": "Microsoft-Windows-Crypto-NCrypt", "Computer": "DESKTOP-OFJ6N53", "TimeCreated": "2025-08-05 15:16:52.305138+00:00", "RecordID": "4316", "Level": "2", "UserID": "S-1-5-21-963789628-1060504924-4285088085-1001", "EventData.ProviderName": "Microsoft Software Key Storage Provider", "EventData.KeyName": "ChromeMetricsTestKey", "EventData.AlgorithmName": "ECDSA_P256", "EventData.Flags": "0x00020000", "EventData.Status": "0x80090029", "EventData.ProcessName": "chrome.exe"}
{"EventID": "4", "Channel": "Microsoft-Windows-Crypto-NCrypt/Operational", "Provider_Name": "Microsoft-Windows-Crypto-NCrypt", "Computer": "DESKTOP-OFJ6N53", "TimeCreated": "2025-08-05 15:16:52.358629+00:00", "RecordID": "4317", "Level": "2", "UserID": "S-1-5-21-963789628-1060504924-4285088085-1001", "EventData.ProviderName": "Microsoft Passport Key Storage Provider", "EventData.KeyName": "S-1-5-21-963789628-1060504924-4285088085-1001//S-1-5-21-963789628-1060504924-4285088085-1001//MSTestAvailability-FF2FA111-E816-4D1B-BDDD-65F189969E50", "EventData.AlgorithmName": "RSA", "EventData.Flags": "0x00000000", "EventData.Status": "0x80090010", "EventData.ProcessName": "chrome.exe"}
{"EventID": "2", "Channel": "Microsoft-Windows-Crypto-NCrypt/Operational", "Provider_Name": "Microsoft-Windows-Crypto-NCrypt", "Computer": "DESKTOP-OFJ6N53", "TimeCreated": "2025-08-05 15:24:08.419724+00:00", "RecordID": "4318", "Level": "2", "UserID": "S-1-5-18", "EventData.ProviderName": "Microsoft Platform Crypto Provider", "EventData.Status": "0x80090030", "EventData.ProcessName": "taskhostw.exe"}
{"EventID": "2", "Channel": "Microsoft-Windows-Crypto-NCrypt/Operational", "Provider_Name": "Microsoft-Windows-Crypto-NCrypt", "Computer": "DESKTOP-OFJ6N53", "TimeCreated": "2025-08-06 07:09:50.230587+00:00", "RecordID": "4319", "Level": "2", "UserID": "S-1-5-21-963789628-1060504924-4285088085-1001", "EventData.ProviderName": "Microsoft Platform Crypto Provider", "EventData.Status": "0x80090030", "EventData.ProcessName": "chrome.exe"}
{"EventID": "4", "Channel": "Microsoft-Windows-Crypto-NCrypt/Operational", "Provider_Name": "Microsoft-Windows-Crypto-NCrypt", "Computer": "DESKTOP-OFJ6N53", "TimeCreated": "2025-08-06 07:09:50.348768+00:00", "RecordID": "4320", "Level": "2", "UserID": "S-1-5-21-963789628-1060504924-4285088085-1001", "EventData.ProviderName": "Microsoft Passport Key Storage Provider", "EventData.KeyName": "S-1-5-21-963789628-1060504924-4285088085-1001//S-1-5-21-963789628-1060504924-4285088085-1001//MSTestAvailability-FF2FA111-E816-4D1B-BDDD-65F189969E50", "EventData.AlgorithmName": "RSA", "EventData.Flags": "0x00000000", "EventData.Status": "0x80090010", "EventData.ProcessName": "chrome.exe"}
{"EventID": "4", "Channel": "Microsoft-Windows-Crypto-NCrypt/Operational", "Provider_Name": "Microsoft-Windows-Crypto-NCrypt", "Computer": "DESKTOP-OFJ6N53", "TimeCreated": "2025-08-06 07:09:50.410124+00:00", "RecordID": "4321", "Level": "2", "UserID": "S-1-5-21-963789628-1060504924-4285088085-1001", "EventData.ProviderName": "Microsoft Software Key Storage Provider", "EventData.KeyName": "ChromeMetricsTestKey", "EventData.AlgorithmName": "ECDSA_P256", "EventData.Flags": "0x00020000", "EventData.Status": "0x80090029", "EventData.ProcessName": "chrome.exe"}
{"EventID": "4", "Channel": "Microsoft-Windows-Crypto-NCrypt/Operational", "Provider_Name": "Microsoft-Windows-Crypto-NCrypt", "Computer": "DESKTOP-OFJ6N53", "TimeCreated": "2025-08-06 07:11:08.605587+00:00", "RecordID": "4322", "Level": "2", "UserID": "S-1-5-21-963789628-1060504924-4285088085-1001", "EventData.ProviderName": "Microsoft Passport Key Storage Provider", "EventData.KeyName": "S-1-5-21-963789628-1060504924-4285088085-1001//S-1-5-21-963789628-1060504924-4285088085-1001//MSTestAvailability-FF2FA111-E816-4D1B-BDDD-65F189969E50", "EventData.AlgorithmName": "RSA", "EventData.Flags": "0x00000000", "EventData.Status": "0x80090010", "EventData.ProcessName": "chrome.exe"}
{"EventID": "2", "Channel": "Microsoft-Windows-Crypto-NCrypt/Operational", "Provider_Name": "Microsoft-Windows-Crypto-NCrypt", "Computer": "DESKTOP-OFJ6N53", "TimeCreated": "2025-08-06 07:11:08.607969+00:00", "RecordID": "4323", "Level": "2", "UserID": "S-1-5-21-963789628-1060504924-4285088085-1001", "EventData.ProviderName": "Microsoft Platform Crypto Provider", "EventData.Status": "0x80090030", "EventData.ProcessName": "chrome.exe"}
{"EventID": "4", "Channel": "Microsoft-Windows-Crypto-NCrypt/Operational", "Provider_Name": "Microsoft-Windows-Crypto-NCrypt", "Computer": "DESKTOP-OFJ6N53", "TimeCreated": "2025-08-06 07:11:08.610321+00:00", "RecordID": "4324", "Level": "2", "UserID": "S-1-5-21-963789628-1060504924-4285088085-1001", "EventData.ProviderName": "Microsoft Software Key Storage Provider", "EventData.KeyName": "ChromeMetricsTestKey", "EventData.AlgorithmName": "ECDSA_P256", "EventData.Flags": "0x00020000", "EventData.Status": "0x80090029", "EventData.ProcessName": "chrome.exe"}
{"EventID": "2", "Channel": "Microsoft-Windows-Crypto-NCrypt/Operational", "Provider_Name": "Microsoft-Windows-Crypto-NCrypt", "Computer": "DESKTOP-OFJ6N53", "TimeCreated": "2025-08-06 07:11:09.939131+00:00", "RecordID": "4325", "Level": "2", "UserID": "S-1-5-18", "EventData.ProviderName": "Microsoft Platform Crypto Provider", "EventData.Status": "0x80090030", "EventData.ProcessName": "taskhostw.exe"}
{"EventID": "2", "Channel": "Microsoft-Windows-Crypto-NCrypt/Operational", "Provider_Name": "Microsoft-Windows-Crypto-NCrypt", "Computer": "DESKTOP-OFJ6N53", "TimeCreated": "2025-08-06 13:34:58.834286+00:00", "RecordID": "4326", "Level": "2", "UserID": "S-1-5-21-963789628-1060504924-4285088085-1001", "EventData.ProviderName": "Microsoft Platform Crypto Provider", "EventData.Status": "0x80090030", "EventData.ProcessName": "chrome.exe"}
{"EventID": "4", "Channel": "Microsoft-Windows-Crypto-NCrypt/Operational", "Provider_Name": "Microsoft-Windows-Crypto-NCrypt", "Computer": "DESKTOP-OFJ6N53", "TimeCreated": "2025-08-06 13:34:58.839310+00:00", "RecordID": "4327", "Level": "2", "UserID": "S-1-5-21-963789628-1060504924-4285088085-1001", "EventData.ProviderName": "Microsoft Software Key Storage Provider", "EventData.KeyName": "ChromeMetricsTestKey", "EventData.AlgorithmName": "ECDSA_P256", "EventData.Flags": "0x00020000", "EventData.Status": "0x80090029", "EventData.ProcessName": "chrome.exe"}
{"EventID": "4", "Channel": "Microsoft-Windows-Crypto-NCrypt/Operational", "Provider_Name": "Microsoft-Windows-Crypto-NCrypt", "Computer": "DESKTOP-OFJ6N53", "TimeCreated": "2025-08-06 13:34:58.892849+00:00", "RecordID": "4328", "Level": "2", "UserID": "S-1-5-21-963789628-1060504924-4285088085-1001", "EventData.ProviderName": "Microsoft Passport Key Storage Provider", "EventData.KeyName": "S-1-5-21-963789628-1060504924-4285088085-1001//S-1-5-21-963789628-1060504924-4285088085-1001//MSTestAvailability-FF2FA111-E816-4D1B-BDDD-65F189969E50", "EventData.AlgorithmName": "RSA", "EventData.Flags": "0x00000000", "EventData.Status": "0x80090010", "EventData.ProcessName": "chrome.exe"}
{"EventID": "2", "Channel": "Microsoft-Windows-Crypto-NCrypt/Operational", "Provider_Name": "Microsoft-Windows-Crypto-NCrypt", "Computer": "DESKTOP-OFJ6N53", "TimeCreated": "2025-08-06 13:35:15.350220+00:00", "RecordID": "4329", "Level": "2", "UserID": "S-1-5-18", "EventData.ProviderName": "Microsoft Platform Crypto Provider", "EventData.Status": "0x80090030", "EventData.ProcessName": "taskhostw.exe"}
{"EventID": "4", "Channel": "Microsoft-Windows-Crypto-NCrypt/Operational", "Provider_Name": "Microsoft-Windows-Crypto-NCrypt", "Computer": "DESKTOP-OFJ6N53", "TimeCreated": "2025-08-06 13:35:43.169363+00:00", "RecordID": "4330", "Level": "2", "UserID": "S-1-5-21-963789628-1060504924-4285088085-1001", "EventData.ProviderName": "Microsoft Passport Key Storage Provider", "EventData.KeyName": "S-1-5-21-963789628-1060504924-4285088085-1001//S-1-5-21-963789628-1060504924-4285088085-1001//MSTestAvailability-FF2FA111-E816-4D1B-BDDD-65F189969E50", "EventData.AlgorithmName": "RSA", "EventData.Flags": "0x00000000", "EventData.Status": "0x80090010", "EventData.ProcessName": "chrome.exe"}
{"EventID": "2", "Channel": "Microsoft-Windows-Crypto-NCrypt/Operational", "Provider_Name": "Microsoft-Windows-Crypto-NCrypt", "Computer": "DESKTOP-OFJ6N53", "TimeCreated": "2025-08-06 13:35:43.170626+00:00", "RecordID": "4331", "Level": "2", "UserID": "S-1-5-21-963789628-1060504924-4285088085-1001", "EventData.ProviderName": "Microsoft Platform Crypto Provider", "EventData.Status": "0x80090030", "EventData.ProcessName": "chrome.exe"}
{"EventID": "4", "Channel": "Microsoft-Windows-Crypto-NCrypt/Operational", "Provider_Name": "Microsoft-Windows-Crypto-NCrypt", "Computer": "DESKTOP-OFJ6N53", "TimeCreated": "2025-08-06 13:35:43.172928+00:00", "RecordID": "4332", "Level": "2", "UserID": "S-1-5-21-963789628-1060504924-4285088085-1001", "EventData.ProviderName": "Microsoft Software Key Storage Provider", "EventData.KeyName": "ChromeMetricsTestKey", "EventData.AlgorithmName": "ECDSA_P256", "EventData.Flags": "0x00020000", "EventData.Status": "0x80090029", "EventData.ProcessName": "chrome.exe"}
{"EventID": "2", "Channel": "Microsoft-Windows-Crypto-NCrypt/Operational", "Provider_Name": "Microsoft-Windows-Crypto-NCrypt", "Computer": "DESKTOP-OFJ6N53", "TimeCreated": "2025-08-06 13:59:16.681541+00:00", "RecordID": "4333", "Level": "2", "UserID": "S-1-5-18", "EventData.ProviderName": "Microsoft Platform Crypto Provider", "EventData.Status": "0x80090030", "EventData.ProcessName": "taskhostw.exe"}
{"EventID": "2", "Channel": "Microsoft-Windows-Crypto-NCrypt/Operational", "Provider_Name": "Microsoft-Windows-Crypto-NCrypt", "Computer": "DESKTOP-OFJ6N53", "TimeCreated": "2025-08-06 13:59:23.074173+00:00", "RecordID": "4334", "Level": "2", "UserID": "S-1-5-18", "EventData.ProviderName": "Microsoft Platform Crypto Provider", "EventData.Status": "0x80090030", "EventData.ProcessName": "taskhostw.exe"}
{"EventID": "2", "Channel": "Microsoft-Windows-Crypto-NCrypt/Operational", "Provider_Name": "Microsoft-Windows-Crypto-NCrypt", "Computer": "DESKTOP-OFJ6N53", "TimeCreated": "2025-08-06 14:00:09.144533+00:00", "RecordID": "4335", "Level": "2", "UserID": "S-1-5-18", "EventData.ProviderName": "Microsoft Platform Crypto Provider", "EventData.Status": "0x80090030", "EventData.ProcessName": "taskhostw.exe"}
{"EventID": "2", "Channel": "Microsoft-Windows-Crypto-NCrypt/Operational", "Provider_Name": "Microsoft-Windows-Crypto-NCrypt", "Computer": "DESKTOP-OFJ6N53", "TimeCreated": "2025-08-06 14:12:48.912020+00:00", "RecordID": "4336", "Level": "2", "UserID": "S-1-5-21-963789628-1060504924-4285088085-1001", "EventData.ProviderName": "Microsoft Platform Crypto Provider", "EventData.Status": "0x80090030", "EventData.ProcessName": "chrome.exe"}
{"EventID": "4", "Channel": "Microsoft-Windows-Crypto-NCrypt/Operational", "Provider_Name": "Microsoft-Windows-Crypto-NCrypt", "Computer": "DESKTOP-OFJ6N53", "TimeCreated": "2025-08-06 14:12:48.914654+00:00", "RecordID": "4337", "Level": "2", "UserID": "S-1-5-21-963789628-1060504924-4285088085-1001", "EventData.ProviderName": "Microsoft Software Key Storage Provider", "EventData.KeyName": "ChromeMetricsTestKey", "EventData.AlgorithmName": "ECDSA_P256", "EventData.Flags": "0x00020000", "EventData.Status": "0x80090029", "EventData.ProcessName": "chrome.exe"}
{"EventID": "4", "Channel": "Microsoft-Windows-Crypto-NCrypt/Operational", "Provider_Name": "Microsoft-Windows-Crypto-NCrypt", "Computer": "DESKTOP-OFJ6N53", "TimeCreated": "2025-08-06 14:12:48.981552+00:00", "RecordID": "4338", "Level": "2", "UserID": "S-1-5-21-963789628-1060504924-4285088085-1001", "EventData.ProviderName": "Microsoft Passport Key Storage Provider", "EventData.KeyName": "S-1-5-21-963789628-1060504924-4285088085-1001//S-1-5-21-963789628-1060504924-4285088085-1001//MSTestAvailability-FF2FA111-E816-4D1B-BDDD-65F189969E50", "EventData.AlgorithmName": "RSA", "EventData.Flags": "0x00000000", "EventData.Status": "0x80090010", "EventData.ProcessName": "chrome.exe"}
{"EventID": "2", "Channel": "Microsoft-Windows-Crypto-NCrypt/Operational", "Provider_Name": "Microsoft-Windows-Crypto-NCrypt", "Computer": "DESKTOP-OFJ6N53", "TimeCreated": "2025-08-07 00:22:40.933277+00:00", "RecordID": "4339", "Level": "2", "UserID": "S-1-5-21-963789628-1060504924-4285088085-1001", "EventData.ProviderName": "Microsoft Platform Crypto Provider", "EventData.Status": "0x80090030", "EventData.ProcessName": "msedge.exe"}
{"EventID": "4", "Channel": "Microsoft-Windows-Crypto-NCrypt/Operational", "Provider_Name": "Microsoft-Windows-Crypto-NCrypt", "Computer": "DESKTOP-OFJ6N53", "TimeCreated": "2025-08-07 00:22:40.936886+00:00", "RecordID": "4340", "Level": "2", "UserID": "S-1-5-21-963789628-1060504924-4285088085-1001", "EventData.ProviderName": "Microsoft Software Key Storage Provider", "EventData.KeyName": "ChromeMetricsTestKey", "EventData.AlgorithmName": "ECDSA_P256", "EventData.Flags": "0x00020000", "EventData.Status": "0x80090029", "EventData.ProcessName": "msedge.exe"}
{"EventID": "2", "Channel": "Microsoft-Windows-Crypto-NCrypt/Operational", "Provider_Name": "Microsoft-Windows-Crypto-NCrypt", "Computer": "DESKTOP-OFJ6N53", "TimeCreated": "2025-08-07 10:26:33.848063+00:00", "RecordID": "4341", "Level": "2", "UserID": "S-1-5-18", "EventData.ProviderName": "Microsoft Platform Crypto Provider", "EventData.Status": "0x80090030", "EventData.ProcessName": "taskhostw.exe"}
{"EventID": "2", "Channel": "Microsoft-Windows-Crypto-NCrypt/Operational", "Provider_Name": "Microsoft-Windows-Crypto-NCrypt", "Computer": "DESKTOP-OFJ6N53", "TimeCreated": "2025-08-07 12:38:09.243349+00:00", "RecordID": "4342", "Level": "2", "UserID": "S-1-5-18", "EventData.ProviderName": "Microsoft Platform Crypto Provider", "EventData.Status": "0x80090030", "EventData.ProcessName": "taskhostw.exe"}
{"EventID": "2", "Channel": "Microsoft-Windows-Crypto-NCrypt/Operational", "Provider_Name": "Microsoft-Windows-Crypto-NCrypt", "Computer": "DESKTOP-OFJ6N53", "TimeCreated": "2025-08-07 13:32:26.311491+00:00", "RecordID": "4343", "Level": "2", "UserID": "S-1-5-18", "EventData.ProviderName": "Microsoft Platform Crypto Provider", "EventData.Status": "0x80090030", "EventData.ProcessName": "taskhostw.exe"}
{"EventID": "2", "Channel": "Microsoft-Windows-Crypto-NCrypt/Operational", "Provider_Name": "Microsoft-Windows-Crypto-NCrypt", "Computer": "DESKTOP-OFJ6N53", "TimeCreated": "2025-08-08 00:22:51.008127+00:00", "RecordID": "4344", "Level": "2", "UserID": "S-1-5-21-963789628-1060504924-4285088085-1001", "EventData.ProviderName": "Microsoft Platform Crypto Provider", "EventData.Status": "0x80090030", "EventData.ProcessName": "msedge.exe"}
{"EventID": "4", "Channel": "Microsoft-Windows-Crypto-NCrypt/Operational", "Provider_Name": "Microsoft-Windows-Crypto-NCrypt", "Computer": "DESKTOP-OFJ6N53", "TimeCreated": "2025-08-08 00:22:51.011539+00:00", "RecordID": "4345", "Level": "2", "UserID": "S-1-5-21-963789628-1060504924-4285088085-1001", "EventData.ProviderName": "Microsoft Software Key Storage Provider", "EventData.KeyName": "ChromeMetricsTestKey", "EventData.AlgorithmName": "ECDSA_P256", "EventData.Flags": "0x00020000", "EventData.Status": "0x80090029", "EventData.ProcessName": "msedge.exe"}
{"EventID": "2", "Channel": "Microsoft-Windows-Crypto-NCrypt/Operational", "Provider_Name": "Microsoft-Windows-Crypto-NCrypt", "Computer": "DESKTOP-OFJ6N53", "TimeCreated": "2025-08-08 07:58:02.949938+00:00", "RecordID": "4346", "Level": "2", "UserID": "S-1-5-18", "EventData.ProviderName": "Microsoft Platform Crypto Provider", "EventData.Status": "0x80090030", "EventData.ProcessName": "taskhostw.exe"}
{"EventID": "2", "Channel": "Microsoft-Windows-Crypto-NCrypt/Operational", "Provider_Name": "Microsoft-Windows-Crypto-NCrypt", "Computer": "DESKTOP-OFJ6N53", "TimeCreated": "2025-08-08 08:19:04.188761+00:00", "RecordID": "4347", "Level": "2", "UserID": "S-1-5-18", "EventData.ProviderName": "Microsoft Platform Crypto Provider", "EventData.Status": "0x80090030", "EventData.ProcessName": "taskhostw.exe"}
{"EventID": "2", "Channel": "Microsoft-Windows-Crypto-NCrypt/Operational", "Provider_Name": "Microsoft-Windows-Crypto-NCrypt", "Computer": "DESKTOP-OFJ6N53", "TimeCreated": "2025-08-08 08:28:30.759558+00:00", "RecordID": "4348", "Level": "2", "UserID": "S-1-5-18", "EventData.ProviderName": "Microsoft Platform Crypto Provider", "EventData.Status": "0x80090030", "EventData.ProcessName": "taskhostw.exe"}
{"EventID": "2", "Channel": "Microsoft-Windows-Crypto-NCrypt/Operational", "Provider_Name": "Microsoft-Windows-Crypto-NCrypt", "Computer": "DESKTOP-OFJ6N53", "TimeCreated": "2025-08-08 10:40:54.096722+00:00", "RecordID": "4349", "Level": "2", "UserID": "S-1-5-18", "EventData.ProviderName": "Microsoft Platform Crypto Provider", "EventData.Status": "0x80090030", "EventData.ProcessName": "taskhostw.exe"}
{"EventID": "2", "Channel": "Microsoft-Windows-Crypto-NCrypt/Operational", "Provider_Name": "Microsoft-Windows-Crypto-NCrypt", "Computer": "DESKTOP-OFJ6N53", "TimeCreated": "2025-08-11 15:27:11.455778+00:00", "RecordID": "4350", "Level": "2", "UserID": "S-1-5-18", "EventData.ProviderName": "Microsoft Platform Crypto Provider", "EventData.Status": "0x80090030", "EventData.ProcessName": "taskhostw.exe"}
{"EventID": "2", "Channel": "Microsoft-Windows-Crypto-NCrypt/Operational", "Provider_Name": "Microsoft-Windows-Crypto-NCrypt", "Computer": "DESKTOP-OFJ6N53", "TimeCreated": "2025-08-12 12:07:10.397594+00:00", "RecordID": "4351", "Level": "2", "UserID": "S-1-5-18", "EventData.ProviderName": "Microsoft Platform Crypto Provider", "EventData.Status": "0x80090030", "EventData.ProcessName": "taskhostw.exe"}
{"EventID": "2", "Channel": "Microsoft-Windows-Crypto-NCrypt/Operational", "Provider_Name": "Microsoft-Windows-Crypto-NCrypt", "Computer": "DESKTOP-OFJ6N53", "TimeCreated": "2025-08-12 12:17:38.147047+00:00", "RecordID": "4352", "Level": "2", "UserID": "S-1-5-19", "EventData.ProviderName": "Microsoft Platform Crypto Provider", "EventData.Status": "0x80090030", "EventData.ProcessName": "svchost.exe"}
{"EventID": "3", "Channel": "Microsoft-Windows-Crypto-NCrypt/Operational", "Provider_Name": "Microsoft-Windows-Crypto-NCrypt", "Computer": "DESKTOP-OFJ6N53", "TimeCreated": "2025-08-12 12:17:45.992607+00:00", "RecordID": "4353", "Level": "2", "UserID": "S-1-5-18", "EventData.ProviderName": "Microsoft Software Key Storage Provider", "EventData.KeyName": "822BF3FA1D1E9A01B277A1D987D49545FDE3C4B6", "EventData.Status": "0x80090016", "EventData.ProcessName": "vpnagent.exe"}
{"EventID": "2", "Channel": "Microsoft-Windows-Crypto-NCrypt/Operational", "Provider_Name": "Microsoft-Windows-Crypto-NCrypt", "Computer": "DESKTOP-OFJ6N53", "TimeCreated": "2025-08-12 12:19:40.555347+00:00", "RecordID": "4354", "Level": "2", "UserID": "S-1-5-21-963789628-1060504924-4285088085-1001", "EventData.ProviderName": "Microsoft Platform Crypto Provider", "EventData.Status": "0x80090030", "EventData.ProcessName": "TracSrvWrapper.exe"}
{"EventID": "2", "Channel": "Microsoft-Windows-Crypto-NCrypt/Operational", "Provider_Name": "Microsoft-Windows-Crypto-NCrypt", "Computer": "DESKTOP-OFJ6N53", "TimeCreated": "2025-08-12 12:19:41.647511+00:00", "RecordID": "4355", "Level": "2", "UserID": "S-1-5-21-963789628-1060504924-4285088085-1001", "EventData.ProviderName": "Microsoft Platform Crypto Provider", "EventData.Status": "0x80090030", "EventData.ProcessName": "TracSrvWrapper.exe"}
{"EventID": "2", "Channel": "Microsoft-Windows-Crypto-NCrypt/Operational", "Provider_Name": "Microsoft-Windows-Crypto-NCrypt", "Computer": "DESKTOP-OFJ6N53", "TimeCreated": "2025-08-12 12:19:50.678307+00:00", "RecordID": "4356", "Level": "2", "UserID": "S-1-5-21-963789628-1060504924-4285088085-1001", "EventData.ProviderName": "Microsoft Platform Crypto Provider", "EventData.Status": "0x80090030", "EventData.ProcessName": "TracCAPI.exe"}
{"EventID": "2", "Channel": "Microsoft-Windows-Crypto-NCrypt/Operational", "Provider_Name": "Microsoft-Windows-Crypto-NCrypt", "Computer": "DESKTOP-OFJ6N53", "TimeCreated": "2025-08-12 12:21:28.288063+00:00", "RecordID": "4357", "Level": "2", "UserID": "S-1-5-21-963789628-1060504924-4285088085-1001", "EventData.ProviderName": "Microsoft Platform Crypto Provider", "EventData.Status": "0x80090030", "EventData.ProcessName": "msedge.exe"}
{"EventID": "4", "Channel": "Microsoft-Windows-Crypto-NCrypt/Operational", "Provider_Name": "Microsoft-Windows-Crypto-NCrypt", "Computer": "DESKTOP-OFJ6N53", "TimeCreated": "2025-08-12 12:21:28.290457+00:00", "RecordID": "4358", "Level": "2", "UserID": "S-1-5-21-963789628-1060504924-4285088085-1001", "EventData.ProviderName": "Microsoft Software Key Storage Provider", "EventData.KeyName": "ChromeMetricsTestKey", "EventData.AlgorithmName": "ECDSA_P256", "EventData.Flags": "0x00020000", "EventData.Status": "0x80090029", "EventData.ProcessName": "msedge.exe"}
{"EventID": "2", "Channel": "Microsoft-Windows-Crypto-NCrypt/Operational", "Provider_Name": "Microsoft-Windows-Crypto-NCrypt", "Computer": "DESKTOP-OFJ6N53", "TimeCreated": "2025-08-12 13:38:02.687059+00:00", "RecordID": "4359", "Level": "2", "UserID": "S-1-5-18", "EventData.ProviderName": "Microsoft Platform Crypto Provider", "EventData.Status": "0x80090030", "EventData.ProcessName": "taskhostw.exe"}
{"EventID": "2", "Channel": "Microsoft-Windows-Crypto-NCrypt/Operational", "Provider_Name": "Microsoft-Windows-Crypto-NCrypt", "Computer": "DESKTOP-OFJ6N53", "TimeCreated": "2025-08-12 14:07:10.091640+00:00", "RecordID": "4360", "Level": "2", "UserID": "S-1-5-21-963789628-1060504924-4285088085-1001", "EventData.ProviderName": "Microsoft Platform Crypto Provider", "EventData.Status": "0x80090030", "EventData.ProcessName": "chrome.exe"}
{"EventID": "4", "Channel": "Microsoft-Windows-Crypto-NCrypt/Operational", "Provider_Name": "Microsoft-Windows-Crypto-NCrypt", "Computer": "DESKTOP-OFJ6N53", "TimeCreated": "2025-08-12 14:07:10.093962+00:00", "RecordID": "4361", "Level": "2", "UserID": "S-1-5-21-963789628-1060504924-4285088085-1001", "EventData.ProviderName": "Microsoft Software Key Storage Provider", "EventData.KeyName": "ChromeMetricsTestKey", "EventData.AlgorithmName": "ECDSA_P256", "EventData.Flags": "0x00020000", "EventData.Status": "0x80090029", "EventData.ProcessName": "chrome.exe"}
{"EventID": "4", "Channel": "Microsoft-Windows-Crypto-NCrypt/Operational", "Provider_Name": "Microsoft-Windows-Crypto-NCrypt", "Computer": "DESKTOP-OFJ6N53", "TimeCreated": "2025-08-12 14:07:10.213966+00:00", "RecordID": "4362", "Level": "2", "UserID": "S-1-5-21-963789628-1060504924-4285088085-1001", "EventData.ProviderName": "Microsoft Passport Key Storage Provider", "EventData.KeyName": "S-1-5-21-963789628-1060504924-4285088085-1001//S-1-5-21-963789628-1060504924-4285088085-1001//MSTestAvailability-FF2FA111-E816-4D1B-BDDD-65F189969E50", "EventData.AlgorithmName": "RSA", "EventData.Flags": "0x00000000", "EventData.Status": "0x80090010", "EventData.ProcessName": "chrome.exe"}
{"EventID": "2", "Channel": "Microsoft-Windows-Crypto-NCrypt/Operational", "Provider_Name": "Microsoft-Windows-Crypto-NCrypt", "Computer": "DESKTOP-OFJ6N53", "TimeCreated": "2025-08-12 14:30:05.740200+00:00", "RecordID": "4363", "Level": "2", "UserID": "S-1-5-18", "EventData.ProviderName": "Microsoft Platform Crypto Provider", "EventData.Status": "0x80090030", "EventData.ProcessName": "taskhostw.exe"}
{"EventID": "2", "Channel": "Microsoft-Windows-Crypto-NCrypt/Operational", "Provider_Name": "Microsoft-Windows-Crypto-NCrypt", "Computer": "DESKTOP-OFJ6N53", "TimeCreated": "2025-08-12 14:31:45.797739+00:00", "RecordID": "4364", "Level": "2", "UserID": "S-1-5-21-963789628-1060504924-4285088085-1001", "EventData.ProviderName": "Microsoft Platform Crypto Provider", "EventData.Status": "0x80090030", "EventData.ProcessName": "chrome.exe"}
{"EventID": "4", "Channel": "Microsoft-Windows-Crypto-NCrypt/Operational", "Provider_Name": "Microsoft-Windows-Crypto-NCrypt", "Computer": "DESKTOP-OFJ6N53", "TimeCreated": "2025-08-12 14:31:45.806927+00:00", "RecordID": "4365", "Level": "2", "UserID": "S-1-5-21-963789628-1060504924-4285088085-1001", "EventData.ProviderName": "Microsoft Software Key Storage Provider", "EventData.KeyName": "ChromeMetricsTestKey", "EventData.AlgorithmName": "ECDSA_P256", "EventData.Flags": "0x00020000", "EventData.Status": "0x80090029", "EventData.ProcessName": "chrome.exe"}
{"EventID": "4", "Channel": "Microsoft-Windows-Crypto-NCrypt/Operational", "Provider_Name": "Microsoft-Windows-Crypto-NCrypt", "Computer": "DESKTOP-OFJ6N53", "TimeCreated": "2025-08-12 14:31:45.923307+00:00", "RecordID": "4366", "Level": "2", "UserID": "S-1-5-21-963789628-1060504924-4285088085-1001", "EventData.ProviderName": "Microsoft Passport Key Storage Provider", "EventData.KeyName": "S-1-5-21-963789628-1060504924-4285088085-1001//S-1-5-21-963789628-1060504924-4285088085-1001//MSTestAvailability-FF2FA111-E816-4D1B-BDDD-65F189969E50", "EventData.AlgorithmName": "RSA", "EventData.Flags": "0x00000000", "EventData.Status": "0x80090010", "EventData.ProcessName": "chrome.exe"}
{"EventID": "2", "Channel": "Microsoft-Windows-Crypto-NCrypt/Operational", "Provider_Name": "Microsoft-Windows-Crypto-NCrypt", "Computer": "DESKTOP-OFJ6N53", "TimeCreated": "2025-08-12 14:50:48.627478+00:00", "RecordID": "4367", "Level": "2", "UserID": "S-1-5-21-963789628-1060504924-4285088085-1001", "EventData.ProviderName": "Microsoft Platform Crypto Provider", "EventData.Status": "0x80090030", "EventData.ProcessName": "chrome.exe"}
{"EventID": "4", "Channel": "Microsoft-Windows-Crypto-NCrypt/Operational", "Provider_Name": "Microsoft-Windows-Crypto-NCrypt", "Computer": "DESKTOP-OFJ6N53", "TimeCreated": "2025-08-12 14:50:48.630095+00:00", "RecordID": "4368", "Level": "2", "UserID": "S-1-5-21-963789628-1060504924-4285088085-1001", "EventData.ProviderName": "Microsoft Software Key Storage Provider", "EventData.KeyName": "ChromeMetricsTestKey", "EventData.AlgorithmName": "ECDSA_P256", "EventData.Flags": "0x00020000", "EventData.Status": "0x80090029", "EventData.ProcessName": "chrome.exe"}
{"EventID": "4", "Channel": "Microsoft-Windows-Crypto-NCrypt/Operational", "Provider_Name": "Microsoft-Windows-Crypto-NCrypt", "Computer": "DESKTOP-OFJ6N53", "TimeCreated": "2025-08-12 14:50:48.708397+00:00", "RecordID": "4369", "Level": "2", "UserID": "S-1-5-21-963789628-1060504924-4285088085-1001", "EventData.ProviderName": "Microsoft Passport Key Storage Provider", "EventData.KeyName": "S-1-5-21-963789628-1060504924-4285088085-1001//S-1-5-21-963789628-1060504924-4285088085-1001//MSTestAvailability-FF2FA111-E816-4D1B-BDDD-65F189969E50", "EventData.AlgorithmName": "RSA", "EventData.Flags": "0x00000000", "EventData.Status": "0x80090010", "EventData.ProcessName": "chrome.exe"}
{"EventID": "2", "Channel": "Microsoft-Windows-Crypto-NCrypt/Operational", "Provider_Name": "Microsoft-Windows-Crypto-NCrypt", "Computer": "DESKTOP-OFJ6N53", "TimeCreated": "2025-08-12 17:10:34.501331+00:00", "RecordID": "4370", "Level": "2", "UserID": "S-1-5-18", "EventData.ProviderName": "Microsoft Platform Crypto Provider", "EventData.Status": "0x80090030", "EventData.ProcessName": "lsass.exe"}
{"EventID": "2", "Channel": "Microsoft-Windows-Crypto-NCrypt/Operational", "Provider_Name": "Microsoft-Windows-Crypto-NCrypt", "Computer": "DESKTOP-OFJ6N53", "TimeCreated": "2025-08-12 22:20:23.043369+00:00", "RecordID": "4371", "Level": "2", "UserID": "S-1-5-21-963789628-1060504924-4285088085-1001", "EventData.ProviderName": "Microsoft Platform Crypto Provider", "EventData.Status": "0x80090030", "EventData.ProcessName": "msedge.exe"}
{"EventID": "4", "Channel": "Microsoft-Windows-Crypto-NCrypt/Operational", "Provider_Name": "Microsoft-Windows-Crypto-NCrypt", "Computer": "DESKTOP-OFJ6N53", "TimeCreated": "2025-08-12 22:20:23.045422+00:00", "RecordID": "4372", "Level": "2", "UserID": "S-1-5-21-963789628-1060504924-4285088085-1001", "EventData.ProviderName": "Microsoft Software Key Storage Provider", "EventData.KeyName": "ChromeMetricsTestKey", "EventData.AlgorithmName": "ECDSA_P256", "EventData.Flags": "0x00020000", "EventData.Status": "0x80090029", "EventData.ProcessName": "msedge.exe"}
{"EventID": "2", "Channel": "Microsoft-Windows-Crypto-NCrypt/Operational", "Provider_Name": "Microsoft-Windows-Crypto-NCrypt", "Computer": "DESKTOP-OFJ6N53", "TimeCreated": "2025-08-13 09:31:44.777649+00:00", "RecordID": "4373", "Level": "2", "UserID": "S-1-5-18", "EventData.ProviderName": "Microsoft Platform Crypto Provider", "EventData.Status": "0x80090030", "EventData.ProcessName": "taskhostw.exe"}
{"EventID": "2", "Channel": "Microsoft-Windows-Crypto-NCrypt/Operational", "Provider_Name": "Microsoft-Windows-Crypto-NCrypt", "Computer": "DESKTOP-OFJ6N53", "TimeCreated": "2025-08-13 11:51:09.297007+00:00", "RecordID": "4374", "Level": "2", "UserID": "S-1-5-21-963789628-1060504924-4285088085-1001", "EventData.ProviderName": "Microsoft Platform Crypto Provider", "EventData.Status": "0x80090030", "EventData.ProcessName": "chrome.exe"}
{"EventID": "4", "Channel": "Microsoft-Windows-Crypto-NCrypt/Operational", "Provider_Name": "Microsoft-Windows-Crypto-NCrypt", "Computer": "DESKTOP-OFJ6N53", "TimeCreated": "2025-08-13 11:51:09.308805+00:00", "RecordID": "4375", "Level": "2", "UserID": "S-1-5-21-963789628-1060504924-4285088085-1001", "EventData.ProviderName": "Microsoft Software Key Storage Provider", "EventData.KeyName": "ChromeMetricsTestKey", "EventData.AlgorithmName": "ECDSA_P256", "EventData.Flags": "0x00020000", "EventData.Status": "0x80090029", "EventData.ProcessName": "chrome.exe"}
{"EventID": "4", "Channel": "Microsoft-Windows-Crypto-NCrypt/Operational", "Provider_Name": "Microsoft-Windows-Crypto-NCrypt", "Computer": "DESKTOP-OFJ6N53", "TimeCreated": "2025-08-13 11:51:09.510584+00:00", "RecordID": "4376", "Level": "2", "UserID": "S-1-5-21-963789628-1060504924-4285088085-1001", "EventData.ProviderName": "Microsoft Passport Key Storage Provider", "EventData.KeyName": "S-1-5-21-963789628-1060504924-4285088085-1001//S-1-5-21-963789628-1060504924-4285088085-1001//MSTestAvailability-FF2FA111-E816-4D1B-BDDD-65F189969E50", "EventData.AlgorithmName": "RSA", "EventData.Flags": "0x00000000", "EventData.Status": "0x80090010", "EventData.ProcessName": "chrome.exe"}
{"EventID": "2", "Channel": "Microsoft-Windows-Crypto-NCrypt/Operational", "Provider_Name": "Microsoft-Windows-Crypto-NCrypt", "Computer": "DESKTOP-OFJ6N53", "TimeCreated": "2025-08-13 12:09:33.111441+00:00", "RecordID": "4377", "Level": "2", "UserID": "S-1-5-21-963789628-1060504924-4285088085-1001", "EventData.ProviderName": "Microsoft Platform Crypto Provider", "EventData.Status": "0x80090030", "EventData.ProcessName": "chrome.exe"}
{"EventID": "4", "Channel": "Microsoft-Windows-Crypto-NCrypt/Operational", "Provider_Name": "Microsoft-Windows-Crypto-NCrypt", "Computer": "DESKTOP-OFJ6N53", "TimeCreated": "2025-08-13 12:09:33.113781+00:00", "RecordID": "4378", "Level": "2", "UserID": "S-1-5-21-963789628-1060504924-4285088085-1001", "EventData.ProviderName": "Microsoft Software Key Storage Provider", "EventData.KeyName": "ChromeMetricsTestKey", "EventData.AlgorithmName": "ECDSA_P256", "EventData.Flags": "0x00020000", "EventData.Status": "0x80090029", "EventData.ProcessName": "chrome.exe"}
{"EventID": "4", "Channel": "Microsoft-Windows-Crypto-NCrypt/Operational", "Provider_Name": "Microsoft-Windows-Crypto-NCrypt", "Computer": "DESKTOP-OFJ6N53", "TimeCreated": "2025-08-13 12:09:33.174881+00:00", "RecordID": "4379", "Level": "2", "UserID": "S-1-5-21-963789628-1060504924-4285088085-1001", "EventData.ProviderName": "Microsoft Passport Key Storage Provider", "EventData.KeyName": "S-1-5-21-963789628-1060504924-4285088085-1001//S-1-5-21-963789628-1060504924-4285088085-1001//MSTestAvailability-FF2FA111-E816-4D1B-BDDD-65F189969E50", "EventData.AlgorithmName": "RSA", "EventData.Flags": "0x00000000", "EventData.Status": "0x80090010", "EventData.ProcessName": "chrome.exe"}
{"EventID": "2", "Channel": "Microsoft-Windows-Crypto-NCrypt/Operational", "Provider_Name": "Microsoft-Windows-Crypto-NCrypt", "Computer": "DESKTOP-OFJ6N53", "TimeCreated": "2025-08-13 14:26:18.513414+00:00", "RecordID": "4380", "Level": "2", "UserID": "S-1-5-21-963789628-1060504924-4285088085-1001", "EventData.ProviderName": "Microsoft Platform Crypto Provider", "EventData.Status": "0x80090030", "EventData.ProcessName": "chrome.exe"}
{"EventID": "4", "Channel": "Microsoft-Windows-Crypto-NCrypt/Operational", "Provider_Name": "Microsoft-Windows-Crypto-NCrypt", "Computer": "DESKTOP-OFJ6N53", "TimeCreated": "2025-08-13 14:26:18.584644+00:00", "RecordID": "4381", "Level": "2", "UserID": "S-1-5-21-963789628-1060504924-4285088085-1001", "EventData.ProviderName": "Microsoft Software Key Storage Provider", "EventData.KeyName": "ChromeMetricsTestKey", "EventData.AlgorithmName": "ECDSA_P256", "EventData.Flags": "0x00020000", "EventData.Status": "0x80090029", "EventData.ProcessName": "chrome.exe"}
{"EventID": "4", "Channel": "Microsoft-Windows-Crypto-NCrypt/Operational", "Provider_Name": "Microsoft-Windows-Crypto-NCrypt", "Computer": "DESKTOP-OFJ6N53", "TimeCreated": "2025-08-13 14:26:18.740429+00:00", "RecordID": "4382", "Level": "2", "UserID": "S-1-5-21-963789628-1060504924-4285088085-1001", "EventData.ProviderName": "Microsoft Passport Key Storage Provider", "EventData.KeyName": "S-1-5-21-963789628-1060504924-4285088085-1001//S-1-5-21-963789628-1060504924-4285088085-1001//MSTestAvailability-FF2FA111-E816-4D1B-BDDD-65F189969E50", "EventData.AlgorithmName": "RSA", "EventData.Flags": "0x00000000", "EventData.Status": "0x80090010", "EventData.ProcessName": "chrome.exe"}
{"EventID": "2", "Channel": "Microsoft-Windows-Crypto-NCrypt/Operational", "Provider_Name": "Microsoft-Windows-Crypto-NCrypt", "Computer": "DESKTOP-OFJ6N53", "TimeCreated": "2025-08-13 14:40:00.030193+00:00", "RecordID": "4383", "Level": "2", "UserID": "S-1-5-19", "EventData.ProviderName": "Microsoft Platform Crypto Provider", "EventData.Status": "0x80090030", "EventData.ProcessName": "svchost.exe"}
{"EventID": "3", "Channel": "Microsoft-Windows-Crypto-NCrypt/Operational", "Provider_Name": "Microsoft-Windows-Crypto-NCrypt", "Computer": "DESKTOP-OFJ6N53", "TimeCreated": "2025-08-13 14:40:11.589582+00:00", "RecordID": "4384", "Level": "2", "UserID": "S-1-5-18", "EventData.ProviderName": "Microsoft Software Key Storage Provider", "EventData.KeyName": "822BF3FA1D1E9A01B277A1D987D49545FDE3C4B6", "EventData.Status": "0x80090016", "EventData.ProcessName": "vpnagent.exe"}
{"EventID": "2", "Channel": "Microsoft-Windows-Crypto-NCrypt/Operational", "Provider_Name": "Microsoft-Windows-Crypto-NCrypt", "Computer": "DESKTOP-OFJ6N53", "TimeCreated": "2025-08-13 14:44:50.671650+00:00", "RecordID": "4385", "Level": "2", "UserID": "S-1-5-21-963789628-1060504924-4285088085-1001", "EventData.ProviderName": "Microsoft Platform Crypto Provider", "EventData.Status": "0x80090030", "EventData.ProcessName": "msedge.exe"}
{"EventID": "4", "Channel": "Microsoft-Windows-Crypto-NCrypt/Operational", "Provider_Name": "Microsoft-Windows-Crypto-NCrypt", "Computer": "DESKTOP-OFJ6N53", "TimeCreated": "2025-08-13 14:44:50.739643+00:00", "RecordID": "4386", "Level": "2", "UserID": "S-1-5-21-963789628-1060504924-4285088085-1001", "EventData.ProviderName": "Microsoft Software Key Storage Provider", "EventData.KeyName": "ChromeMetricsTestKey", "EventData.AlgorithmName": "ECDSA_P256", "EventData.Flags": "0x00020000", "EventData.Status": "0x80090029", "EventData.ProcessName": "msedge.exe"}
{"EventID": "2", "Channel": "Microsoft-Windows-Crypto-NCrypt/Operational", "Provider_Name": "Microsoft-Windows-Crypto-NCrypt", "Computer": "DESKTOP-OFJ6N53", "TimeCreated": "2025-08-13 15:30:28.750940+00:00", "RecordID": "4387", "Level": "2", "UserID": "S-1-5-21-963789628-1060504924-4285088085-1001", "EventData.ProviderName": "Microsoft Platform Crypto Provider", "EventData.Status": "0x80090030", "EventData.ProcessName": "TracSrvWrapper.exe"}
{"EventID": "2", "Channel": "Microsoft-Windows-Crypto-NCrypt/Operational", "Provider_Name": "Microsoft-Windows-Crypto-NCrypt", "Computer": "DESKTOP-OFJ6N53", "TimeCreated": "2025-08-13 15:30:34.448320+00:00", "RecordID": "4388", "Level": "2", "UserID": "S-1-5-21-963789628-1060504924-4285088085-1001", "EventData.ProviderName": "Microsoft Platform Crypto Provider", "EventData.Status": "0x80090030", "EventData.ProcessName": "TracSrvWrapper.exe"}
{"EventID": "2", "Channel": "Microsoft-Windows-Crypto-NCrypt/Operational", "Provider_Name": "Microsoft-Windows-Crypto-NCrypt", "Computer": "DESKTOP-OFJ6N53", "TimeCreated": "2025-08-13 15:30:39.695084+00:00", "RecordID": "4389", "Level": "2", "UserID": "S-1-5-21-963789628-1060504924-4285088085-1001", "EventData.ProviderName": "Microsoft Platform Crypto Provider", "EventData.Status": "0x80090030", "EventData.ProcessName": "TracCAPI.exe"}
{"EventID": "2", "Channel": "Microsoft-Windows-Crypto-NCrypt/Operational", "Provider_Name": "Microsoft-Windows-Crypto-NCrypt", "Computer": "DESKTOP-OFJ6N53", "TimeCreated": "2025-08-13 15:40:25.173426+00:00", "RecordID": "4390", "Level": "2", "UserID": "S-1-5-18", "EventData.ProviderName": "Microsoft Platform Crypto Provider", "EventData.Status": "0x80090030", "EventData.ProcessName": "taskhostw.exe"}
{"EventID": "2", "Channel": "Microsoft-Windows-Crypto-NCrypt/Operational", "Provider_Name": "Microsoft-Windows-Crypto-NCrypt", "Computer": "DESKTOP-OFJ6N53", "TimeCreated": "2025-08-13 15:52:51.439100+00:00", "RecordID": "4391", "Level": "2", "UserID": "S-1-5-18", "EventData.ProviderName": "Microsoft Platform Crypto Provider", "EventData.Status": "0x80090030", "EventData.ProcessName": "taskhostw.exe"}
{"EventID": "2", "Channel": "Microsoft-Windows-Crypto-NCrypt/Operational", "Provider_Name": "Microsoft-Windows-Crypto-NCrypt", "Computer": "DESKTOP-OFJ6N53", "TimeCreated": "2025-08-13 16:44:20.185474+00:00", "RecordID": "4392", "Level": "2", "UserID": "S-1-5-21-963789628-1060504924-4285088085-1001", "EventData.ProviderName": "Microsoft Platform Crypto Provider", "EventData.Status": "0x80090030", "EventData.ProcessName": "msedge.exe"}
{"EventID": "4", "Channel": "Microsoft-Windows-Crypto-NCrypt/Operational", "Provider_Name": "Microsoft-Windows-Crypto-NCrypt", "Computer": "DESKTOP-OFJ6N53", "TimeCreated": "2025-08-13 16:44:20.188343+00:00", "RecordID": "4393", "Level": "2", "UserID": "S-1-5-21-963789628-1060504924-4285088085-1001", "EventData.ProviderName": "Microsoft Software Key Storage Provider", "EventData.KeyName": "ChromeMetricsTestKey", "EventData.AlgorithmName": "ECDSA_P256", "EventData.Flags": "0x00020000", "EventData.Status": "0x80090029", "EventData.ProcessName": "msedge.exe"}
{"EventID": "2", "Channel": "Microsoft-Windows-Crypto-NCrypt/Operational", "Provider_Name": "Microsoft-Windows-Crypto-NCrypt", "Computer": "DESKTOP-OFJ6N53", "TimeCreated": "2025-08-13 20:59:24.972651+00:00", "RecordID": "4394", "Level": "2", "UserID": "S-1-5-21-963789628-1060504924-4285088085-1001", "EventData.ProviderName": "Microsoft Platform Crypto Provider", "EventData.Status": "0x80090030", "EventData.ProcessName": "chrome.exe"}
{"EventID": "4", "Channel": "Microsoft-Windows-Crypto-NCrypt/Operational", "Provider_Name": "Microsoft-Windows-Crypto-NCrypt", "Computer": "DESKTOP-OFJ6N53", "TimeCreated": "2025-08-13 20:59:24.983940+00:00", "RecordID": "4395", "Level": "2", "UserID": "S-1-5-21-963789628-1060504924-4285088085-1001", "EventData.ProviderName": "Microsoft Software Key Storage Provider", "EventData.KeyName": "ChromeMetricsTestKey", "EventData.AlgorithmName": "ECDSA_P256", "EventData.Flags": "0x00020000", "EventData.Status": "0x80090029", "EventData.ProcessName": "chrome.exe"}
{"EventID": "4", "Channel": "Microsoft-Windows-Crypto-NCrypt/Operational", "Provider_Name": "Microsoft-Windows-Crypto-NCrypt", "Computer": "DESKTOP-OFJ6N53", "TimeCreated": "2025-08-13 20:59:25.182896+00:00", "RecordID": "4396", "Level": "2", "UserID": "S-1-5-21-963789628-1060504924-4285088085-1001", "EventData.ProviderName": "Microsoft Passport Key Storage Provider", "EventData.KeyName": "S-1-5-21-963789628-1060504924-4285088085-1001//S-1-5-21-963789628-1060504924-4285088085-1001//MSTestAvailability-FF2FA111-E816-4D1B-BDDD-65F189969E50", "EventData.AlgorithmName": "RSA", "EventData.Flags": "0x00000000", "EventData.Status": "0x80090010", "EventData.ProcessName": "chrome.exe"}
{"EventID": "2", "Channel": "Microsoft-Windows-Crypto-NCrypt/Operational", "Provider_Name": "Microsoft-Windows-Crypto-NCrypt", "Computer": "DESKTOP-OFJ6N53", "TimeCreated": "2025-08-13 21:33:15.624752+00:00", "RecordID": "4397", "Level": "2", "UserID": "S-1-5-18", "EventData.ProviderName": "Microsoft Platform Crypto Provider", "EventData.Status": "0x80090030", "EventData.ProcessName": "lsass.exe"}
{"EventID": "2", "Channel": "Microsoft-Windows-Crypto-NCrypt/Operational", "Provider_Name": "Microsoft-Windows-Crypto-NCrypt", "Computer": "DESKTOP-OFJ6N53", "TimeCreated": "2025-08-13 21:56:10.639114+00:00", "RecordID": "4398", "Level": "2", "UserID": "S-1-5-21-963789628-1060504924-4285088085-1001", "EventData.ProviderName": "Microsoft Platform Crypto Provider", "EventData.Status": "0x80090030", "EventData.ProcessName": "chrome.exe"}
{"EventID": "4", "Channel": "Microsoft-Windows-Crypto-NCrypt/Operational", "Provider_Name": "Microsoft-Windows-Crypto-NCrypt", "Computer": "DESKTOP-OFJ6N53", "TimeCreated": "2025-08-13 21:56:10.712257+00:00", "RecordID": "4399", "Level": "2", "UserID": "S-1-5-21-963789628-1060504924-4285088085-1001", "EventData.ProviderName": "Microsoft Software Key Storage Provider", "EventData.KeyName": "ChromeMetricsTestKey", "EventData.AlgorithmName": "ECDSA_P256", "EventData.Flags": "0x00020000", "EventData.Status": "0x80090029", "EventData.ProcessName": "chrome.exe"}
{"EventID": "4", "Channel": "Microsoft-Windows-Crypto-NCrypt/Operational", "Provider_Name": "Microsoft-Windows-Crypto-NCrypt", "Computer": "DESKTOP-OFJ6N53", "TimeCreated": "2025-08-13 21:56:10.820576+00:00", "RecordID": "4400", "Level": "2", "UserID": "S-1-5-21-963789628-1060504924-4285088085-1001", "EventData.ProviderName": "Microsoft Passport Key Storage Provider", "EventData.KeyName": "S-1-5-21-963789628-1060504924-4285088085-1001//S-1-5-21-963789628-1060504924-4285088085-1001//MSTestAvailability-FF2FA111-E816-4D1B-BDDD-65F189969E50", "EventData.AlgorithmName": "RSA", "EventData.Flags": "0x00000000", "EventData.Status": "0x80090010", "EventData.ProcessName": "chrome.exe"}
{"EventID": "2", "Channel": "Microsoft-Windows-Crypto-NCrypt/Operational", "Provider_Name": "Microsoft-Windows-Crypto-NCrypt", "Computer": "DESKTOP-OFJ6N53", "TimeCreated": "2025-08-13 22:44:22.091322+00:00", "RecordID": "4401", "Level": "2", "UserID": "S-1-5-21-963789628-1060504924-4285088085-1001", "EventData.ProviderName": "Microsoft Platform Crypto Provider", "EventData.Status": "0x80090030", "EventData.ProcessName": "msedge.exe"}
{"EventID": "4", "Channel": "Microsoft-Windows-Crypto-NCrypt/Operational", "Provider_Name": "Microsoft-Windows-Crypto-NCrypt", "Computer": "DESKTOP-OFJ6N53", "TimeCreated": "2025-08-13 22:44:22.093317+00:00", "RecordID": "4402", "Level": "2", "UserID": "S-1-5-21-963789628-1060504924-4285088085-1001", "EventData.ProviderName": "Microsoft Software Key Storage Provider", "EventData.KeyName": "ChromeMetricsTestKey", "EventData.AlgorithmName": "ECDSA_P256", "EventData.Flags": "0x00020000", "EventData.Status": "0x80090029", "EventData.ProcessName": "msedge.exe"}
{"EventID": "2", "Channel": "Microsoft-Windows-Crypto-NCrypt/Operational", "Provider_Name": "Microsoft-Windows-Crypto-NCrypt", "Computer": "DESKTOP-OFJ6N53", "TimeCreated": "2025-08-13 23:39:35.591478+00:00", "RecordID": "4403", "Level": "2", "UserID": "S-1-5-21-963789628-1060504924-4285088085-1001", "EventData.ProviderName": "Microsoft Platform Crypto Provider", "EventData.Status": "0x80090030", "EventData.ProcessName": "chrome.exe"}
{"EventID": "4", "Channel": "Microsoft-Windows-Crypto-NCrypt/Operational", "Provider_Name": "Microsoft-Windows-Crypto-NCrypt", "Computer": "DESKTOP-OFJ6N53", "TimeCreated": "2025-08-13 23:39:35.595263+00:00", "RecordID": "4404", "Level": "2", "UserID": "S-1-5-21-963789628-1060504924-4285088085-1001", "EventData.ProviderName": "Microsoft Software Key Storage Provider", "EventData.KeyName": "ChromeMetricsTestKey", "EventData.AlgorithmName": "ECDSA_P256", "EventData.Flags": "0x00020000", "EventData.Status": "0x80090029", "EventData.ProcessName": "chrome.exe"}
{"EventID": "4", "Channel": "Microsoft-Windows-Crypto-NCrypt/Operational", "Provider_Name": "Microsoft-Windows-Crypto-NCrypt", "Computer": "DESKTOP-OFJ6N53", "TimeCreated": "2025-08-13 23:39:35.868925+00:00", "RecordID": "4405", "Level": "2", "UserID": "S-1-5-21-963789628-1060504924-4285088085-1001", "EventData.ProviderName": "Microsoft Passport Key Storage Provider", "EventData.KeyName": "S-1-5-21-963789628-1060504924-4285088085-1001//S-1-5-21-963789628-1060504924-4285088085-1001//MSTestAvailability-FF2FA111-E816-4D1B-BDDD-65F189969E50", "EventData.AlgorithmName": "RSA", "EventData.Flags": "0x00000000", "EventData.Status": "0x80090010", "EventData.ProcessName": "chrome.exe"}
{"EventID": "2", "Channel": "Microsoft-Windows-Crypto-NCrypt/Operational", "Provider_Name": "Microsoft-Windows-Crypto-NCrypt", "Computer": "DESKTOP-OFJ6N53", "TimeCreated": "2025-08-14 08:48:55.238272+00:00", "RecordID": "4406", "Level": "2", "UserID": "S-1-5-18", "EventData.ProviderName": "Microsoft Platform Crypto Provider", "EventData.Status": "0x80090030", "EventData.ProcessName": "taskhostw.exe"}
{"EventID": "2", "Channel": "Microsoft-Windows-Crypto-NCrypt/Operational", "Provider_Name": "Microsoft-Windows-Crypto-NCrypt", "Computer": "DESKTOP-OFJ6N53", "TimeCreated": "2025-08-14 09:40:28.819906+00:00", "RecordID": "4407", "Level": "2", "UserID": "S-1-5-21-963789628-1060504924-4285088085-1001", "EventData.ProviderName": "Microsoft Platform Crypto Provider", "EventData.Status": "0x80090030", "EventData.ProcessName": "chrome.exe"}
{"EventID": "4", "Channel": "Microsoft-Windows-Crypto-NCrypt/Operational", "Provider_Name": "Microsoft-Windows-Crypto-NCrypt", "Computer": "DESKTOP-OFJ6N53", "TimeCreated": "2025-08-14 09:40:28.822445+00:00", "RecordID": "4408", "Level": "2", "UserID": "S-1-5-21-963789628-1060504924-4285088085-1001", "EventData.ProviderName": "Microsoft Software Key Storage Provider", "EventData.KeyName": "ChromeMetricsTestKey", "EventData.AlgorithmName": "ECDSA_P256", "EventData.Flags": "0x00020000", "EventData.Status": "0x80090029", "EventData.ProcessName": "chrome.exe"}
{"EventID": "4", "Channel": "Microsoft-Windows-Crypto-NCrypt/Operational", "Provider_Name": "Microsoft-Windows-Crypto-NCrypt", "Computer": "DESKTOP-OFJ6N53", "TimeCreated": "2025-08-14 09:40:29.020487+00:00", "RecordID": "4409", "Level": "2", "UserID": "S-1-5-21-963789628-1060504924-4285088085-1001", "EventData.ProviderName": "Microsoft Passport Key Storage Provider", "EventData.KeyName": "S-1-5-21-963789628-1060504924-4285088085-1001//S-1-5-21-963789628-1060504924-4285088085-1001//MSTestAvailability-FF2FA111-E816-4D1B-BDDD-65F189969E50", "EventData.AlgorithmName": "RSA", "EventData.Flags": "0x00000000", "EventData.Status": "0x80090010", "EventData.ProcessName": "chrome.exe"}
{"EventID": "2", "Channel": "Microsoft-Windows-Crypto-NCrypt/Operational", "Provider_Name": "Microsoft-Windows-Crypto-NCrypt", "Computer": "DESKTOP-OFJ6N53", "TimeCreated": "2025-08-14 10:31:55.215139+00:00", "RecordID": "4410", "Level": "2", "UserID": "S-1-5-18", "EventData.ProviderName": "Microsoft Platform Crypto Provider", "EventData.Status": "0x80090030", "EventData.ProcessName": "taskhostw.exe"}
