{"EventID": "105", "Channel": "Microsoft-Windows-AppReadiness/Operational", "Provider_Name": "Microsoft-Windows-AppReadiness", "Computer": "DESKTOP-OFJ6N53", "TimeCreated": "2025-07-31 08:16:34.701881+00:00", "RecordID": "979", "Level": "4", "UserID": "S-1-5-18", "EventData.IsIdle": "True", "EventData.Reason": "None"}
{"EventID": "103", "Channel": "Microsoft-Windows-AppReadiness/Operational", "Provider_Name": "Microsoft-Windows-AppReadiness", "Computer": "DESKTOP-OFJ6N53", "TimeCreated": "2025-07-31 08:16:34.718361+00:00", "RecordID": "980", "Level": "4", "UserID": "S-1-5-18"}
{"EventID": "108", "Channel": "Microsoft-Windows-AppReadiness/Operational", "Provider_Name": "Microsoft-Windows-AppReadiness", "Computer": "DESKTOP-OFJ6N53", "TimeCreated": "2025-08-09 09:13:32.830936+00:00", "RecordID": "981", "Level": "4", "UserID": "S-1-5-18", "EventData.Source": "2"}
{"EventID": "105", "Channel": "Microsoft-Windows-AppReadiness/Operational", "Provider_Name": "Microsoft-Windows-AppReadiness", "Computer": "DESKTOP-OFJ6N53", "TimeCreated": "2025-08-09 09:16:02.799578+00:00", "RecordID": "982", "Level": "4", "UserID": "S-1-5-18", "EventData.IsIdle": "True", "EventData.Reason": "None"}
{"EventID": "103", "Channel": "Microsoft-Windows-AppReadiness/Operational", "Provider_Name": "Microsoft-Windows-AppReadiness", "Computer": "DESKTOP-OFJ6N53", "TimeCreated": "2025-08-09 09:16:02.815859+00:00", "RecordID": "983", "Level": "4", "UserID": "S-1-5-18"}
{"EventID": "11", "Channel": "Microsoft-Windows-AppReadiness/Operational", "Provider_Name": "Microsoft-Windows-AppReadiness", "Computer": "DESKTOP-OFJ6N53", "TimeCreated": "2025-08-12 12:19:04.717209+00:00", "RecordID": "984", "Level": "3", "UserID": "S-1-5-18", "EventData.Error": "-2147024894", "EventData.Expression": "AppxAllUserStore::MarkStatusOfMainPackageForUser(user->GetUserSid().c_str(), user->IsSpecialProfile(), &mainPackage, resultCode)", "EventData.Function": "AppReadiness::PackageInfo::MarkStatus", "EventData.File": "onecoreuap\\shell\\appreadiness\\src\\core\\packageinfo.cpp", "EventData.Line": "460"}
{"EventID": "217", "Channel": "Microsoft-Windows-AppReadiness/Operational", "Provider_Name": "Microsoft-Windows-AppReadiness", "Computer": "DESKTOP-OFJ6N53", "TimeCreated": "2025-08-12 12:19:35.180952+00:00", "RecordID": "985", "Level": "4", "UserID": "S-1-5-18", "EventData.User": "S-1-5-21-963789628-1060504924-4285088085-1001"}
{"EventID": "105", "Channel": "Microsoft-Windows-AppReadiness/Operational", "Provider_Name": "Microsoft-Windows-AppReadiness", "Computer": "DESKTOP-OFJ6N53", "TimeCreated": "2025-08-12 12:20:59.147385+00:00", "RecordID": "986", "Level": "4", "UserID": "S-1-5-18", "EventData.IsIdle": "True", "EventData.Reason": "None"}
{"EventID": "103", "Channel": "Microsoft-Windows-AppReadiness/Operational", "Provider_Name": "Microsoft-Windows-AppReadiness", "Computer": "DESKTOP-OFJ6N53", "TimeCreated": "2025-08-12 12:20:59.323818+00:00", "RecordID": "987", "Level": "4", "UserID": "S-1-5-18"}
{"EventID": "108", "Channel": "Microsoft-Windows-AppReadiness/Operational", "Provider_Name": "Microsoft-Windows-AppReadiness", "Computer": "DESKTOP-OFJ6N53", "TimeCreated": "2025-08-13 14:41:43.248661+00:00", "RecordID": "988", "Level": "4", "UserID": "S-1-5-18", "EventData.Source": "1"}
{"EventID": "108", "Channel": "Microsoft-Windows-AppReadiness/Operational", "Provider_Name": "Microsoft-Windows-AppReadiness", "Computer": "DESKTOP-OFJ6N53", "TimeCreated": "2025-08-13 14:41:46.816965+00:00", "RecordID": "989", "Level": "4", "UserID": "S-1-5-18", "EventData.Source": "1"}
{"EventID": "106", "Channel": "Microsoft-Windows-AppReadiness/Operational", "Provider_Name": "Microsoft-Windows-AppReadiness", "Computer": "DESKTOP-OFJ6N53", "TimeCreated": "2025-08-13 14:43:03.625240+00:00", "RecordID": "990", "Level": "4", "UserID": "S-1-5-18", "EventData.User": "S-1-5-21-963789628-1060504924-4285088085-1001"}
{"EventID": "217", "Channel": "Microsoft-Windows-AppReadiness/Operational", "Provider_Name": "Microsoft-Windows-AppReadiness", "Computer": "DESKTOP-OFJ6N53", "TimeCreated": "2025-08-13 14:43:55.036762+00:00", "RecordID": "991", "Level": "4", "UserID": "S-1-5-18", "EventData.User": "S-1-5-21-963789628-1060504924-4285088085-1001"}
{"EventID": "105", "Channel": "Microsoft-Windows-AppReadiness/Operational", "Provider_Name": "Microsoft-Windows-AppReadiness", "Computer": "DESKTOP-OFJ6N53", "TimeCreated": "2025-08-13 14:44:13.169573+00:00", "RecordID": "992", "Level": "4", "UserID": "S-1-5-18", "EventData.IsIdle": "True", "EventData.Reason": "None"}
{"EventID": "103", "Channel": "Microsoft-Windows-AppReadiness/Operational", "Provider_Name": "Microsoft-Windows-AppReadiness", "Computer": "DESKTOP-OFJ6N53", "TimeCreated": "2025-08-13 14:44:13.573776+00:00", "RecordID": "993", "Level": "4", "UserID": "S-1-5-18"}
{"EventID": "217", "Channel": "Microsoft-Windows-AppReadiness/Operational", "Provider_Name": "Microsoft-Windows-AppReadiness", "Computer": "DESKTOP-OFJ6N53", "TimeCreated": "2025-08-19 07:20:00.193388+00:00", "RecordID": "994", "Level": "4", "UserID": "S-1-5-18", "EventData.User": "S-1-5-21-963789628-1060504924-4285088085-1001"}
{"EventID": "105", "Channel": "Microsoft-Windows-AppReadiness/Operational", "Provider_Name": "Microsoft-Windows-AppReadiness", "Computer": "DESKTOP-OFJ6N53", "TimeCreated": "2025-08-19 07:21:46.488300+00:00", "RecordID": "995", "Level": "4", "UserID": "S-1-5-18", "EventData.IsIdle": "True", "EventData.Reason": "None"}
{"EventID": "103", "Channel": "Microsoft-Windows-AppReadiness/Operational", "Provider_Name": "Microsoft-Windows-AppReadiness", "Computer": "DESKTOP-OFJ6N53", "TimeCreated": "2025-08-19 07:21:46.502167+00:00", "RecordID": "996", "Level": "4", "UserID": "S-1-5-18"}
{"EventID": "108", "Channel": "Microsoft-Windows-AppReadiness/Operational", "Provider_Name": "Microsoft-Windows-AppReadiness", "Computer": "DESKTOP-OFJ6N53", "TimeCreated": "2025-08-23 15:11:28.217571+00:00", "RecordID": "997", "Level": "4", "UserID": "S-1-5-18", "EventData.Source": "2"}
{"EventID": "105", "Channel": "Microsoft-Windows-AppReadiness/Operational", "Provider_Name": "Microsoft-Windows-AppReadiness", "Computer": "DESKTOP-OFJ6N53", "TimeCreated": "2025-08-23 15:13:58.192421+00:00", "RecordID": "998", "Level": "4", "UserID": "S-1-5-18", "EventData.IsIdle": "True", "EventData.Reason": "None"}
{"EventID": "103", "Channel": "Microsoft-Windows-AppReadiness/Operational", "Provider_Name": "Microsoft-Windows-AppReadiness", "Computer": "DESKTOP-OFJ6N53", "TimeCreated": "2025-08-23 15:13:58.208521+00:00", "RecordID": "999", "Level": "4", "UserID": "S-1-5-18"}
{"EventID": "108", "Channel": "Microsoft-Windows-AppReadiness/Operational", "Provider_Name": "Microsoft-Windows-AppReadiness", "Computer": "DESKTOP-OFJ6N53", "TimeCreated": "2025-08-23 16:00:30.280380+00:00", "RecordID": "1000", "Level": "4", "UserID": "S-1-5-18", "EventData.Source": "2"}
{"EventID": "105", "Channel": "Microsoft-Windows-AppReadiness/Operational", "Provider_Name": "Microsoft-Windows-AppReadiness", "Computer": "DESKTOP-OFJ6N53", "TimeCreated": "2025-08-23 16:03:00.246674+00:00", "RecordID": "1001", "Level": "4", "UserID": "S-1-5-18", "EventData.IsIdle": "True", "EventData.Reason": "None"}
{"EventID": "103", "Channel": "Microsoft-Windows-AppReadiness/Operational", "Provider_Name": "Microsoft-Windows-AppReadiness", "Computer": "DESKTOP-OFJ6N53", "TimeCreated": "2025-08-23 16:03:00.260283+00:00", "RecordID": "1002", "Level": "4", "UserID": "S-1-5-18"}
{"EventID": "217", "Channel": "Microsoft-Windows-AppReadiness/Operational", "Provider_Name": "Microsoft-Windows-AppReadiness", "Computer": "DESKTOP-OFJ6N53", "TimeCreated": "2025-08-23 20:34:52.443203+00:00", "RecordID": "1003", "Level": "4", "UserID": "S-1-5-18", "EventData.User": "S-1-5-21-963789628-1060504924-4285088085-1001"}
{"EventID": "105", "Channel": "Microsoft-Windows-AppReadiness/Operational", "Provider_Name": "Microsoft-Windows-AppReadiness", "Computer": "DESKTOP-OFJ6N53", "TimeCreated": "2025-08-23 20:36:34.716192+00:00", "RecordID": "1004", "Level": "4", "UserID": "S-1-5-18", "EventData.IsIdle": "True", "EventData.Reason": "None"}
{"EventID": "103", "Channel": "Microsoft-Windows-AppReadiness/Operational", "Provider_Name": "Microsoft-Windows-AppReadiness", "Computer": "DESKTOP-OFJ6N53", "TimeCreated": "2025-08-23 20:36:34.729517+00:00", "RecordID": "1005", "Level": "4", "UserID": "S-1-5-18"}
