{"EventID": "4000", "Channel": "Microsoft-Windows-LanguagePackSetup/Operational", "Provider_Name": "Microsoft-Windows-LanguagePackSetup", "Computer": "DESKTOP-OFJ6N53", "TimeCreated": "2023-08-21 10:00:28.486042+00:00", "RecordID": "364", "Level": "4", "UserID": "S-1-5-18"}
{"EventID": "4001", "Channel": "Microsoft-Windows-LanguagePackSetup/Operational", "Provider_Name": "Microsoft-Windows-LanguagePackSetup", "Computer": "DESKTOP-OFJ6N53", "TimeCreated": "2023-08-21 10:00:29.105759+00:00", "RecordID": "365", "Level": "4", "UserID": "S-1-5-18"}
{"EventID": "4000", "Channel": "Microsoft-Windows-LanguagePackSetup/Operational", "Provider_Name": "Microsoft-Windows-LanguagePackSetup", "Computer": "DESKTOP-OFJ6N53", "TimeCreated": "2023-08-24 10:00:26.911777+00:00", "RecordID": "366", "Level": "4", "UserID": "S-1-5-18"}
{"EventID": "4001", "Channel": "Microsoft-Windows-LanguagePackSetup/Operational", "Provider_Name": "Microsoft-Windows-LanguagePackSetup", "Computer": "DESKTOP-OFJ6N53", "TimeCreated": "2023-08-24 10:00:28.184740+00:00", "RecordID": "367", "Level": "4", "UserID": "S-1-5-18"}
{"EventID": "4000", "Channel": "Microsoft-Windows-LanguagePackSetup/Operational", "Provider_Name": "Microsoft-Windows-LanguagePackSetup", "Computer": "DESKTOP-OFJ6N53", "TimeCreated": "2023-08-27 10:00:29.235826+00:00", "RecordID": "368", "Level": "4", "UserID": "S-1-5-18"}
{"EventID": "4001", "Channel": "Microsoft-Windows-LanguagePackSetup/Operational", "Provider_Name": "Microsoft-Windows-LanguagePackSetup", "Computer": "DESKTOP-OFJ6N53", "TimeCreated": "2023-08-27 10:00:30.082926+00:00", "RecordID": "369", "Level": "4", "UserID": "S-1-5-18"}
{"EventID": "4000", "Channel": "Microsoft-Windows-LanguagePackSetup/Operational", "Provider_Name": "Microsoft-Windows-LanguagePackSetup", "Computer": "DESKTOP-OFJ6N53", "TimeCreated": "2023-08-30 08:45:14.667828+00:00", "RecordID": "370", "Level": "4", "UserID": "S-1-5-18"}
{"EventID": "4001", "Channel": "Microsoft-Windows-LanguagePackSetup/Operational", "Provider_Name": "Microsoft-Windows-LanguagePackSetup", "Computer": "DESKTOP-OFJ6N53", "TimeCreated": "2023-08-30 08:45:16.065216+00:00", "RecordID": "371", "Level": "4", "UserID": "S-1-5-18"}
{"EventID": "4000", "Channel": "Microsoft-Windows-LanguagePackSetup/Operational", "Provider_Name": "Microsoft-Windows-LanguagePackSetup", "Computer": "DESKTOP-OFJ6N53", "TimeCreated": "2023-09-02 08:45:19.987566+00:00", "RecordID": "372", "Level": "4", "UserID": "S-1-5-18"}
{"EventID": "4001", "Channel": "Microsoft-Windows-LanguagePackSetup/Operational", "Provider_Name": "Microsoft-Windows-LanguagePackSetup", "Computer": "DESKTOP-OFJ6N53", "TimeCreated": "2023-09-02 08:45:20.990395+00:00", "RecordID": "373", "Level": "4", "UserID": "S-1-5-18"}
{"EventID": "4000", "Channel": "Microsoft-Windows-LanguagePackSetup/Operational", "Provider_Name": "Microsoft-Windows-LanguagePackSetup", "Computer": "DESKTOP-OFJ6N53", "TimeCreated": "2023-09-05 08:37:02.317656+00:00", "RecordID": "374", "Level": "4", "UserID": "S-1-5-18"}
{"EventID": "4001", "Channel": "Microsoft-Windows-LanguagePackSetup/Operational", "Provider_Name": "Microsoft-Windows-LanguagePackSetup", "Computer": "DESKTOP-OFJ6N53", "TimeCreated": "2023-09-05 08:37:03.733116+00:00", "RecordID": "375", "Level": "4", "UserID": "S-1-5-18"}
{"EventID": "4000", "Channel": "Microsoft-Windows-LanguagePackSetup/Operational", "Provider_Name": "Microsoft-Windows-LanguagePackSetup", "Computer": "DESKTOP-OFJ6N53", "TimeCreated": "2023-09-08 08:37:07.861643+00:00", "RecordID": "376", "Level": "4", "UserID": "S-1-5-18"}
{"EventID": "4001", "Channel": "Microsoft-Windows-LanguagePackSetup/Operational", "Provider_Name": "Microsoft-Windows-LanguagePackSetup", "Computer": "DESKTOP-OFJ6N53", "TimeCreated": "2023-09-08 08:37:09.137281+00:00", "RecordID": "377", "Level": "4", "UserID": "S-1-5-18"}
{"EventID": "4000", "Channel": "Microsoft-Windows-LanguagePackSetup/Operational", "Provider_Name": "Microsoft-Windows-LanguagePackSetup", "Computer": "DESKTOP-OFJ6N53", "TimeCreated": "2023-09-11 08:37:14.750834+00:00", "RecordID": "378", "Level": "4", "UserID": "S-1-5-18"}
{"EventID": "4001", "Channel": "Microsoft-Windows-LanguagePackSetup/Operational", "Provider_Name": "Microsoft-Windows-LanguagePackSetup", "Computer": "DESKTOP-OFJ6N53", "TimeCreated": "2023-09-11 08:37:15.684082+00:00", "RecordID": "379", "Level": "4", "UserID": "S-1-5-18"}
{"EventID": "4000", "Channel": "Microsoft-Windows-LanguagePackSetup/Operational", "Provider_Name": "Microsoft-Windows-LanguagePackSetup", "Computer": "DESKTOP-OFJ6N53", "TimeCreated": "2023-09-14 08:36:38.515350+00:00", "RecordID": "380", "Level": "4", "UserID": "S-1-5-18"}
{"EventID": "4001", "Channel": "Microsoft-Windows-LanguagePackSetup/Operational", "Provider_Name": "Microsoft-Windows-LanguagePackSetup", "Computer": "DESKTOP-OFJ6N53", "TimeCreated": "2023-09-14 08:36:39.960144+00:00", "RecordID": "381", "Level": "4", "UserID": "S-1-5-18"}
{"EventID": "4000", "Channel": "Microsoft-Windows-LanguagePackSetup/Operational", "Provider_Name": "Microsoft-Windows-LanguagePackSetup", "Computer": "DESKTOP-OFJ6N53", "TimeCreated": "2023-09-17 08:36:49.576735+00:00", "RecordID": "382", "Level": "4", "UserID": "S-1-5-18"}
{"EventID": "4001", "Channel": "Microsoft-Windows-LanguagePackSetup/Operational", "Provider_Name": "Microsoft-Windows-LanguagePackSetup", "Computer": "DESKTOP-OFJ6N53", "TimeCreated": "2023-09-17 08:36:51.634346+00:00", "RecordID": "383", "Level": "4", "UserID": "S-1-5-18"}
{"EventID": "4000", "Channel": "Microsoft-Windows-LanguagePackSetup/Operational", "Provider_Name": "Microsoft-Windows-LanguagePackSetup", "Computer": "DESKTOP-OFJ6N53", "TimeCreated": "2023-09-20 08:36:51.996719+00:00", "RecordID": "384", "Level": "4", "UserID": "S-1-5-18"}
{"EventID": "4001", "Channel": "Microsoft-Windows-LanguagePackSetup/Operational", "Provider_Name": "Microsoft-Windows-LanguagePackSetup", "Computer": "DESKTOP-OFJ6N53", "TimeCreated": "2023-09-20 08:36:53.216476+00:00", "RecordID": "385", "Level": "4", "UserID": "S-1-5-18"}
{"EventID": "4000", "Channel": "Microsoft-Windows-LanguagePackSetup/Operational", "Provider_Name": "Microsoft-Windows-LanguagePackSetup", "Computer": "DESKTOP-OFJ6N53", "TimeCreated": "2023-09-23 08:36:58.677982+00:00", "RecordID": "386", "Level": "4", "UserID": "S-1-5-18"}
{"EventID": "4001", "Channel": "Microsoft-Windows-LanguagePackSetup/Operational", "Provider_Name": "Microsoft-Windows-LanguagePackSetup", "Computer": "DESKTOP-OFJ6N53", "TimeCreated": "2023-09-23 08:36:59.883909+00:00", "RecordID": "387", "Level": "4", "UserID": "S-1-5-18"}
{"EventID": "4000", "Channel": "Microsoft-Windows-LanguagePackSetup/Operational", "Provider_Name": "Microsoft-Windows-LanguagePackSetup", "Computer": "DESKTOP-OFJ6N53", "TimeCreated": "2023-09-26 08:37:05.170835+00:00", "RecordID": "388", "Level": "4", "UserID": "S-1-5-18"}
{"EventID": "4001", "Channel": "Microsoft-Windows-LanguagePackSetup/Operational", "Provider_Name": "Microsoft-Windows-LanguagePackSetup", "Computer": "DESKTOP-OFJ6N53", "TimeCreated": "2023-09-26 08:37:06.297222+00:00", "RecordID": "389", "Level": "4", "UserID": "S-1-5-18"}
{"EventID": "4000", "Channel": "Microsoft-Windows-LanguagePackSetup/Operational", "Provider_Name": "Microsoft-Windows-LanguagePackSetup", "Computer": "DESKTOP-OFJ6N53", "TimeCreated": "2023-09-29 08:37:10.924488+00:00", "RecordID": "390", "Level": "4", "UserID": "S-1-5-18"}
{"EventID": "4001", "Channel": "Microsoft-Windows-LanguagePackSetup/Operational", "Provider_Name": "Microsoft-Windows-LanguagePackSetup", "Computer": "DESKTOP-OFJ6N53", "TimeCreated": "2023-09-29 08:37:11.381742+00:00", "RecordID": "391", "Level": "4", "UserID": "S-1-5-18"}
{"EventID": "4000", "Channel": "Microsoft-Windows-LanguagePackSetup/Operational", "Provider_Name": "Microsoft-Windows-LanguagePackSetup", "Computer": "DESKTOP-OFJ6N53", "TimeCreated": "2023-10-02 10:10:46.918432+00:00", "RecordID": "392", "Level": "4", "UserID": "S-1-5-18"}
{"EventID": "4001", "Channel": "Microsoft-Windows-LanguagePackSetup/Operational", "Provider_Name": "Microsoft-Windows-LanguagePackSetup", "Computer": "DESKTOP-OFJ6N53", "TimeCreated": "2023-10-02 10:10:47.542442+00:00", "RecordID": "393", "Level": "4", "UserID": "S-1-5-18"}
{"EventID": "4000", "Channel": "Microsoft-Windows-LanguagePackSetup/Operational", "Provider_Name": "Microsoft-Windows-LanguagePackSetup", "Computer": "DESKTOP-OFJ6N53", "TimeCreated": "2023-10-05 10:10:54.051197+00:00", "RecordID": "394", "Level": "4", "UserID": "S-1-5-18"}
{"EventID": "4001", "Channel": "Microsoft-Windows-LanguagePackSetup/Operational", "Provider_Name": "Microsoft-Windows-LanguagePackSetup", "Computer": "DESKTOP-OFJ6N53", "TimeCreated": "2023-10-05 10:10:55.956635+00:00", "RecordID": "395", "Level": "4", "UserID": "S-1-5-18"}
{"EventID": "4000", "Channel": "Microsoft-Windows-LanguagePackSetup/Operational", "Provider_Name": "Microsoft-Windows-LanguagePackSetup", "Computer": "DESKTOP-OFJ6N53", "TimeCreated": "2023-10-08 10:11:00.992485+00:00", "RecordID": "396", "Level": "4", "UserID": "S-1-5-18"}
{"EventID": "4001", "Channel": "Microsoft-Windows-LanguagePackSetup/Operational", "Provider_Name": "Microsoft-Windows-LanguagePackSetup", "Computer": "DESKTOP-OFJ6N53", "TimeCreated": "2023-10-08 10:11:01.898844+00:00", "RecordID": "397", "Level": "4", "UserID": "S-1-5-18"}
{"EventID": "4000", "Channel": "Microsoft-Windows-LanguagePackSetup/Operational", "Provider_Name": "Microsoft-Windows-LanguagePackSetup", "Computer": "DESKTOP-OFJ6N53", "TimeCreated": "2023-10-11 10:11:07.545219+00:00", "RecordID": "398", "Level": "4", "UserID": "S-1-5-18"}
{"EventID": "4001", "Channel": "Microsoft-Windows-LanguagePackSetup/Operational", "Provider_Name": "Microsoft-Windows-LanguagePackSetup", "Computer": "DESKTOP-OFJ6N53", "TimeCreated": "2023-10-11 10:11:08.795029+00:00", "RecordID": "399", "Level": "4", "UserID": "S-1-5-18"}
{"EventID": "4000", "Channel": "Microsoft-Windows-LanguagePackSetup/Operational", "Provider_Name": "Microsoft-Windows-LanguagePackSetup", "Computer": "DESKTOP-OFJ6N53", "TimeCreated": "2023-10-14 08:55:31.552877+00:00", "RecordID": "400", "Level": "4", "UserID": "S-1-5-18"}
{"EventID": "4001", "Channel": "Microsoft-Windows-LanguagePackSetup/Operational", "Provider_Name": "Microsoft-Windows-LanguagePackSetup", "Computer": "DESKTOP-OFJ6N53", "TimeCreated": "2023-10-14 08:55:32.284607+00:00", "RecordID": "401", "Level": "4", "UserID": "S-1-5-18"}
{"EventID": "4000", "Channel": "Microsoft-Windows-LanguagePackSetup/Operational", "Provider_Name": "Microsoft-Windows-LanguagePackSetup", "Computer": "DESKTOP-OFJ6N53", "TimeCreated": "2023-10-17 08:55:44.881701+00:00", "RecordID": "402", "Level": "4", "UserID": "S-1-5-18"}
{"EventID": "4001", "Channel": "Microsoft-Windows-LanguagePackSetup/Operational", "Provider_Name": "Microsoft-Windows-LanguagePackSetup", "Computer": "DESKTOP-OFJ6N53", "TimeCreated": "2023-10-17 08:55:46.016247+00:00", "RecordID": "403", "Level": "4", "UserID": "S-1-5-18"}
{"EventID": "4000", "Channel": "Microsoft-Windows-LanguagePackSetup/Operational", "Provider_Name": "Microsoft-Windows-LanguagePackSetup", "Computer": "DESKTOP-OFJ6N53", "TimeCreated": "2023-10-20 08:55:41.765600+00:00", "RecordID": "404", "Level": "4", "UserID": "S-1-5-18"}
{"EventID": "4001", "Channel": "Microsoft-Windows-LanguagePackSetup/Operational", "Provider_Name": "Microsoft-Windows-LanguagePackSetup", "Computer": "DESKTOP-OFJ6N53", "TimeCreated": "2023-10-20 08:55:43.465939+00:00", "RecordID": "405", "Level": "4", "UserID": "S-1-5-18"}
{"EventID": "4000", "Channel": "Microsoft-Windows-LanguagePackSetup/Operational", "Provider_Name": "Microsoft-Windows-LanguagePackSetup", "Computer": "DESKTOP-OFJ6N53", "TimeCreated": "2023-10-23 08:55:41.730606+00:00", "RecordID": "406", "Level": "4", "UserID": "S-1-5-18"}
{"EventID": "4001", "Channel": "Microsoft-Windows-LanguagePackSetup/Operational", "Provider_Name": "Microsoft-Windows-LanguagePackSetup", "Computer": "DESKTOP-OFJ6N53", "TimeCreated": "2023-10-23 08:55:42.801167+00:00", "RecordID": "407", "Level": "4", "UserID": "S-1-5-18"}
{"EventID": "4000", "Channel": "Microsoft-Windows-LanguagePackSetup/Operational", "Provider_Name": "Microsoft-Windows-LanguagePackSetup", "Computer": "DESKTOP-OFJ6N53", "TimeCreated": "2023-10-26 08:55:41.872631+00:00", "RecordID": "408", "Level": "4", "UserID": "S-1-5-18"}
{"EventID": "4001", "Channel": "Microsoft-Windows-LanguagePackSetup/Operational", "Provider_Name": "Microsoft-Windows-LanguagePackSetup", "Computer": "DESKTOP-OFJ6N53", "TimeCreated": "2023-10-26 08:55:42.696732+00:00", "RecordID": "409", "Level": "4", "UserID": "S-1-5-18"}
{"EventID": "4000", "Channel": "Microsoft-Windows-LanguagePackSetup/Operational", "Provider_Name": "Microsoft-Windows-LanguagePackSetup", "Computer": "DESKTOP-OFJ6N53", "TimeCreated": "2023-10-29 08:40:43.486191+00:00", "RecordID": "410", "Level": "4", "UserID": "S-1-5-18"}
{"EventID": "4001", "Channel": "Microsoft-Windows-LanguagePackSetup/Operational", "Provider_Name": "Microsoft-Windows-LanguagePackSetup", "Computer": "DESKTOP-OFJ6N53", "TimeCreated": "2023-10-29 08:40:44.352840+00:00", "RecordID": "411", "Level": "4", "UserID": "S-1-5-18"}
{"EventID": "4000", "Channel": "Microsoft-Windows-LanguagePackSetup/Operational", "Provider_Name": "Microsoft-Windows-LanguagePackSetup", "Computer": "DESKTOP-OFJ6N53", "TimeCreated": "2023-11-01 08:40:50.508650+00:00", "RecordID": "412", "Level": "4", "UserID": "S-1-5-18"}
{"EventID": "4001", "Channel": "Microsoft-Windows-LanguagePackSetup/Operational", "Provider_Name": "Microsoft-Windows-LanguagePackSetup", "Computer": "DESKTOP-OFJ6N53", "TimeCreated": "2023-11-01 08:40:51.432959+00:00", "RecordID": "413", "Level": "4", "UserID": "S-1-5-18"}
{"EventID": "4000", "Channel": "Microsoft-Windows-LanguagePackSetup/Operational", "Provider_Name": "Microsoft-Windows-LanguagePackSetup", "Computer": "DESKTOP-OFJ6N53", "TimeCreated": "2023-11-04 08:41:04.333107+00:00", "RecordID": "414", "Level": "4", "UserID": "S-1-5-18"}
{"EventID": "4001", "Channel": "Microsoft-Windows-LanguagePackSetup/Operational", "Provider_Name": "Microsoft-Windows-LanguagePackSetup", "Computer": "DESKTOP-OFJ6N53", "TimeCreated": "2023-11-04 08:41:04.946976+00:00", "RecordID": "415", "Level": "4", "UserID": "S-1-5-18"}
{"EventID": "4000", "Channel": "Microsoft-Windows-LanguagePackSetup/Operational", "Provider_Name": "Microsoft-Windows-LanguagePackSetup", "Computer": "DESKTOP-OFJ6N53", "TimeCreated": "2023-11-07 08:41:11.249792+00:00", "RecordID": "416", "Level": "4", "UserID": "S-1-5-18"}
{"EventID": "4001", "Channel": "Microsoft-Windows-LanguagePackSetup/Operational", "Provider_Name": "Microsoft-Windows-LanguagePackSetup", "Computer": "DESKTOP-OFJ6N53", "TimeCreated": "2023-11-07 08:41:12.254461+00:00", "RecordID": "417", "Level": "4", "UserID": "S-1-5-18"}
{"EventID": "4000", "Channel": "Microsoft-Windows-LanguagePackSetup/Operational", "Provider_Name": "Microsoft-Windows-LanguagePackSetup", "Computer": "DESKTOP-OFJ6N53", "TimeCreated": "2023-11-10 08:41:18.643145+00:00", "RecordID": "418", "Level": "4", "UserID": "S-1-5-18"}
{"EventID": "4001", "Channel": "Microsoft-Windows-LanguagePackSetup/Operational", "Provider_Name": "Microsoft-Windows-LanguagePackSetup", "Computer": "DESKTOP-OFJ6N53", "TimeCreated": "2023-11-10 08:41:19.165953+00:00", "RecordID": "419", "Level": "4", "UserID": "S-1-5-18"}
{"EventID": "4000", "Channel": "Microsoft-Windows-LanguagePackSetup/Operational", "Provider_Name": "Microsoft-Windows-LanguagePackSetup", "Computer": "DESKTOP-OFJ6N53", "TimeCreated": "2023-11-13 08:34:18.241842+00:00", "RecordID": "420", "Level": "4", "UserID": "S-1-5-18"}
{"EventID": "4001", "Channel": "Microsoft-Windows-LanguagePackSetup/Operational", "Provider_Name": "Microsoft-Windows-LanguagePackSetup", "Computer": "DESKTOP-OFJ6N53", "TimeCreated": "2023-11-13 08:34:18.934517+00:00", "RecordID": "421", "Level": "4", "UserID": "S-1-5-18"}
{"EventID": "4000", "Channel": "Microsoft-Windows-LanguagePackSetup/Operational", "Provider_Name": "Microsoft-Windows-LanguagePackSetup", "Computer": "DESKTOP-OFJ6N53", "TimeCreated": "2023-11-16 08:41:37.059217+00:00", "RecordID": "422", "Level": "4", "UserID": "S-1-5-18"}
{"EventID": "4001", "Channel": "Microsoft-Windows-LanguagePackSetup/Operational", "Provider_Name": "Microsoft-Windows-LanguagePackSetup", "Computer": "DESKTOP-OFJ6N53", "TimeCreated": "2023-11-16 08:41:37.791309+00:00", "RecordID": "423", "Level": "4", "UserID": "S-1-5-18"}
{"EventID": "4000", "Channel": "Microsoft-Windows-LanguagePackSetup/Operational", "Provider_Name": "Microsoft-Windows-LanguagePackSetup", "Computer": "DESKTOP-OFJ6N53", "TimeCreated": "2023-11-19 08:41:40.542707+00:00", "RecordID": "424", "Level": "4", "UserID": "S-1-5-18"}
{"EventID": "4001", "Channel": "Microsoft-Windows-LanguagePackSetup/Operational", "Provider_Name": "Microsoft-Windows-LanguagePackSetup", "Computer": "DESKTOP-OFJ6N53", "TimeCreated": "2023-11-19 08:41:41.249363+00:00", "RecordID": "425", "Level": "4", "UserID": "S-1-5-18"}
{"EventID": "4000", "Channel": "Microsoft-Windows-LanguagePackSetup/Operational", "Provider_Name": "Microsoft-Windows-LanguagePackSetup", "Computer": "DESKTOP-OFJ6N53", "TimeCreated": "2023-11-22 09:05:40.537941+00:00", "RecordID": "426", "Level": "4", "UserID": "S-1-5-18"}
{"EventID": "4001", "Channel": "Microsoft-Windows-LanguagePackSetup/Operational", "Provider_Name": "Microsoft-Windows-LanguagePackSetup", "Computer": "DESKTOP-OFJ6N53", "TimeCreated": "2023-11-22 09:05:41.272083+00:00", "RecordID": "427", "Level": "4", "UserID": "S-1-5-18"}
{"EventID": "4000", "Channel": "Microsoft-Windows-LanguagePackSetup/Operational", "Provider_Name": "Microsoft-Windows-LanguagePackSetup", "Computer": "DESKTOP-OFJ6N53", "TimeCreated": "2023-11-25 09:05:47.465031+00:00", "RecordID": "428", "Level": "4", "UserID": "S-1-5-18"}
{"EventID": "4001", "Channel": "Microsoft-Windows-LanguagePackSetup/Operational", "Provider_Name": "Microsoft-Windows-LanguagePackSetup", "Computer": "DESKTOP-OFJ6N53", "TimeCreated": "2023-11-25 09:05:48.402039+00:00", "RecordID": "429", "Level": "4", "UserID": "S-1-5-18"}
{"EventID": "4000", "Channel": "Microsoft-Windows-LanguagePackSetup/Operational", "Provider_Name": "Microsoft-Windows-LanguagePackSetup", "Computer": "DESKTOP-OFJ6N53", "TimeCreated": "2023-11-28 09:05:54.605820+00:00", "RecordID": "430", "Level": "4", "UserID": "S-1-5-18"}
{"EventID": "4001", "Channel": "Microsoft-Windows-LanguagePackSetup/Operational", "Provider_Name": "Microsoft-Windows-LanguagePackSetup", "Computer": "DESKTOP-OFJ6N53", "TimeCreated": "2023-11-28 09:05:55.138687+00:00", "RecordID": "431", "Level": "4", "UserID": "S-1-5-18"}
{"EventID": "4000", "Channel": "Microsoft-Windows-LanguagePackSetup/Operational", "Provider_Name": "Microsoft-Windows-LanguagePackSetup", "Computer": "DESKTOP-OFJ6N53", "TimeCreated": "2023-12-01 08:32:17.630798+00:00", "RecordID": "432", "Level": "4", "UserID": "S-1-5-18"}
{"EventID": "4001", "Channel": "Microsoft-Windows-LanguagePackSetup/Operational", "Provider_Name": "Microsoft-Windows-LanguagePackSetup", "Computer": "DESKTOP-OFJ6N53", "TimeCreated": "2023-12-01 08:32:18.531239+00:00", "RecordID": "433", "Level": "4", "UserID": "S-1-5-18"}
{"EventID": "4000", "Channel": "Microsoft-Windows-LanguagePackSetup/Operational", "Provider_Name": "Microsoft-Windows-LanguagePackSetup", "Computer": "DESKTOP-OFJ6N53", "TimeCreated": "2023-12-04 09:03:04.698217+00:00", "RecordID": "434", "Level": "4", "UserID": "S-1-5-18"}
{"EventID": "4001", "Channel": "Microsoft-Windows-LanguagePackSetup/Operational", "Provider_Name": "Microsoft-Windows-LanguagePackSetup", "Computer": "DESKTOP-OFJ6N53", "TimeCreated": "2023-12-04 09:03:05.907742+00:00", "RecordID": "435", "Level": "4", "UserID": "S-1-5-18"}
{"EventID": "4000", "Channel": "Microsoft-Windows-LanguagePackSetup/Operational", "Provider_Name": "Microsoft-Windows-LanguagePackSetup", "Computer": "DESKTOP-OFJ6N53", "TimeCreated": "2023-12-07 09:06:15.511541+00:00", "RecordID": "436", "Level": "4", "UserID": "S-1-5-18"}
{"EventID": "4001", "Channel": "Microsoft-Windows-LanguagePackSetup/Operational", "Provider_Name": "Microsoft-Windows-LanguagePackSetup", "Computer": "DESKTOP-OFJ6N53", "TimeCreated": "2023-12-07 09:06:17.286879+00:00", "RecordID": "437", "Level": "4", "UserID": "S-1-5-18"}
{"EventID": "4000", "Channel": "Microsoft-Windows-LanguagePackSetup/Operational", "Provider_Name": "Microsoft-Windows-LanguagePackSetup", "Computer": "DESKTOP-OFJ6N53", "TimeCreated": "2023-12-10 09:06:22.627199+00:00", "RecordID": "438", "Level": "4", "UserID": "S-1-5-18"}
{"EventID": "4001", "Channel": "Microsoft-Windows-LanguagePackSetup/Operational", "Provider_Name": "Microsoft-Windows-LanguagePackSetup", "Computer": "DESKTOP-OFJ6N53", "TimeCreated": "2023-12-10 09:06:23.140285+00:00", "RecordID": "439", "Level": "4", "UserID": "S-1-5-18"}
{"EventID": "4000", "Channel": "Microsoft-Windows-LanguagePackSetup/Operational", "Provider_Name": "Microsoft-Windows-LanguagePackSetup", "Computer": "DESKTOP-OFJ6N53", "TimeCreated": "2023-12-13 09:25:24.061184+00:00", "RecordID": "440", "Level": "4", "UserID": "S-1-5-18"}
{"EventID": "4001", "Channel": "Microsoft-Windows-LanguagePackSetup/Operational", "Provider_Name": "Microsoft-Windows-LanguagePackSetup", "Computer": "DESKTOP-OFJ6N53", "TimeCreated": "2023-12-13 09:25:25.672729+00:00", "RecordID": "441", "Level": "4", "UserID": "S-1-5-18"}
{"EventID": "4000", "Channel": "Microsoft-Windows-LanguagePackSetup/Operational", "Provider_Name": "Microsoft-Windows-LanguagePackSetup", "Computer": "DESKTOP-OFJ6N53", "TimeCreated": "2023-12-16 08:34:21.543190+00:00", "RecordID": "442", "Level": "4", "UserID": "S-1-5-18"}
{"EventID": "4001", "Channel": "Microsoft-Windows-LanguagePackSetup/Operational", "Provider_Name": "Microsoft-Windows-LanguagePackSetup", "Computer": "DESKTOP-OFJ6N53", "TimeCreated": "2023-12-16 08:34:22.242338+00:00", "RecordID": "443", "Level": "4", "UserID": "S-1-5-18"}
{"EventID": "4000", "Channel": "Microsoft-Windows-LanguagePackSetup/Operational", "Provider_Name": "Microsoft-Windows-LanguagePackSetup", "Computer": "DESKTOP-OFJ6N53", "TimeCreated": "2023-12-19 08:34:27.266068+00:00", "RecordID": "444", "Level": "4", "UserID": "S-1-5-18"}
{"EventID": "4001", "Channel": "Microsoft-Windows-LanguagePackSetup/Operational", "Provider_Name": "Microsoft-Windows-LanguagePackSetup", "Computer": "DESKTOP-OFJ6N53", "TimeCreated": "2023-12-19 08:34:28.792337+00:00", "RecordID": "445", "Level": "4", "UserID": "S-1-5-18"}
{"EventID": "4000", "Channel": "Microsoft-Windows-LanguagePackSetup/Operational", "Provider_Name": "Microsoft-Windows-LanguagePackSetup", "Computer": "DESKTOP-OFJ6N53", "TimeCreated": "2023-12-22 08:34:37.176256+00:00", "RecordID": "446", "Level": "4", "UserID": "S-1-5-18"}
{"EventID": "4001", "Channel": "Microsoft-Windows-LanguagePackSetup/Operational", "Provider_Name": "Microsoft-Windows-LanguagePackSetup", "Computer": "DESKTOP-OFJ6N53", "TimeCreated": "2023-12-22 08:34:48.571236+00:00", "RecordID": "447", "Level": "4", "UserID": "S-1-5-18"}
{"EventID": "4000", "Channel": "Microsoft-Windows-LanguagePackSetup/Operational", "Provider_Name": "Microsoft-Windows-LanguagePackSetup", "Computer": "DESKTOP-OFJ6N53", "TimeCreated": "2023-12-25 08:34:45.342691+00:00", "RecordID": "448", "Level": "4", "UserID": "S-1-5-18"}
{"EventID": "4001", "Channel": "Microsoft-Windows-LanguagePackSetup/Operational", "Provider_Name": "Microsoft-Windows-LanguagePackSetup", "Computer": "DESKTOP-OFJ6N53", "TimeCreated": "2023-12-25 08:34:47.774258+00:00", "RecordID": "449", "Level": "4", "UserID": "S-1-5-18"}
{"EventID": "4000", "Channel": "Microsoft-Windows-LanguagePackSetup/Operational", "Provider_Name": "Microsoft-Windows-LanguagePackSetup", "Computer": "DESKTOP-OFJ6N53", "TimeCreated": "2023-12-28 08:34:51.933161+00:00", "RecordID": "450", "Level": "4", "UserID": "S-1-5-18"}
{"EventID": "4001", "Channel": "Microsoft-Windows-LanguagePackSetup/Operational", "Provider_Name": "Microsoft-Windows-LanguagePackSetup", "Computer": "DESKTOP-OFJ6N53", "TimeCreated": "2023-12-28 08:34:53.355083+00:00", "RecordID": "451", "Level": "4", "UserID": "S-1-5-18"}
{"EventID": "4000", "Channel": "Microsoft-Windows-LanguagePackSetup/Operational", "Provider_Name": "Microsoft-Windows-LanguagePackSetup", "Computer": "DESKTOP-OFJ6N53", "TimeCreated": "2023-12-31 08:44:48.414629+00:00", "RecordID": "452", "Level": "4", "UserID": "S-1-5-18"}
{"EventID": "4001", "Channel": "Microsoft-Windows-LanguagePackSetup/Operational", "Provider_Name": "Microsoft-Windows-LanguagePackSetup", "Computer": "DESKTOP-OFJ6N53", "TimeCreated": "2023-12-31 08:44:49.265053+00:00", "RecordID": "453", "Level": "4", "UserID": "S-1-5-18"}
{"EventID": "4000", "Channel": "Microsoft-Windows-LanguagePackSetup/Operational", "Provider_Name": "Microsoft-Windows-LanguagePackSetup", "Computer": "DESKTOP-OFJ6N53", "TimeCreated": "2024-01-03 08:44:56.736935+00:00", "RecordID": "454", "Level": "4", "UserID": "S-1-5-18"}
{"EventID": "4001", "Channel": "Microsoft-Windows-LanguagePackSetup/Operational", "Provider_Name": "Microsoft-Windows-LanguagePackSetup", "Computer": "DESKTOP-OFJ6N53", "TimeCreated": "2024-01-03 08:44:58.255348+00:00", "RecordID": "455", "Level": "4", "UserID": "S-1-5-18"}
{"EventID": "4000", "Channel": "Microsoft-Windows-LanguagePackSetup/Operational", "Provider_Name": "Microsoft-Windows-LanguagePackSetup", "Computer": "DESKTOP-OFJ6N53", "TimeCreated": "2024-01-06 08:45:09.559422+00:00", "RecordID": "456", "Level": "4", "UserID": "S-1-5-18"}
{"EventID": "4001", "Channel": "Microsoft-Windows-LanguagePackSetup/Operational", "Provider_Name": "Microsoft-Windows-LanguagePackSetup", "Computer": "DESKTOP-OFJ6N53", "TimeCreated": "2024-01-06 08:45:10.654270+00:00", "RecordID": "457", "Level": "4", "UserID": "S-1-5-18"}
{"EventID": "4000", "Channel": "Microsoft-Windows-LanguagePackSetup/Operational", "Provider_Name": "Microsoft-Windows-LanguagePackSetup", "Computer": "DESKTOP-OFJ6N53", "TimeCreated": "2024-01-09 08:45:47.568348+00:00", "RecordID": "458", "Level": "4", "UserID": "S-1-5-18"}
{"EventID": "4001", "Channel": "Microsoft-Windows-LanguagePackSetup/Operational", "Provider_Name": "Microsoft-Windows-LanguagePackSetup", "Computer": "DESKTOP-OFJ6N53", "TimeCreated": "2024-01-09 08:45:48.997795+00:00", "RecordID": "459", "Level": "4", "UserID": "S-1-5-18"}
{"EventID": "4000", "Channel": "Microsoft-Windows-LanguagePackSetup/Operational", "Provider_Name": "Microsoft-Windows-LanguagePackSetup", "Computer": "DESKTOP-OFJ6N53", "TimeCreated": "2024-01-12 08:58:26.839621+00:00", "RecordID": "460", "Level": "4", "UserID": "S-1-5-18"}
{"EventID": "4001", "Channel": "Microsoft-Windows-LanguagePackSetup/Operational", "Provider_Name": "Microsoft-Windows-LanguagePackSetup", "Computer": "DESKTOP-OFJ6N53", "TimeCreated": "2024-01-12 08:58:29.770884+00:00", "RecordID": "461", "Level": "4", "UserID": "S-1-5-18"}
{"EventID": "4000", "Channel": "Microsoft-Windows-LanguagePackSetup/Operational", "Provider_Name": "Microsoft-Windows-LanguagePackSetup", "Computer": "DESKTOP-OFJ6N53", "TimeCreated": "2024-01-15 08:58:40.353603+00:00", "RecordID": "462", "Level": "4", "UserID": "S-1-5-18"}
{"EventID": "4001", "Channel": "Microsoft-Windows-LanguagePackSetup/Operational", "Provider_Name": "Microsoft-Windows-LanguagePackSetup", "Computer": "DESKTOP-OFJ6N53", "TimeCreated": "2024-01-15 08:58:46.028131+00:00", "RecordID": "463", "Level": "4", "UserID": "S-1-5-18"}
{"EventID": "4000", "Channel": "Microsoft-Windows-LanguagePackSetup/Operational", "Provider_Name": "Microsoft-Windows-LanguagePackSetup", "Computer": "DESKTOP-OFJ6N53", "TimeCreated": "2024-01-18 08:58:49.631725+00:00", "RecordID": "464", "Level": "4", "UserID": "S-1-5-18"}
{"EventID": "4001", "Channel": "Microsoft-Windows-LanguagePackSetup/Operational", "Provider_Name": "Microsoft-Windows-LanguagePackSetup", "Computer": "DESKTOP-OFJ6N53", "TimeCreated": "2024-01-18 08:58:51.962469+00:00", "RecordID": "465", "Level": "4", "UserID": "S-1-5-18"}
{"EventID": "4000", "Channel": "Microsoft-Windows-LanguagePackSetup/Operational", "Provider_Name": "Microsoft-Windows-LanguagePackSetup", "Computer": "DESKTOP-OFJ6N53", "TimeCreated": "2024-01-21 08:59:43.986475+00:00", "RecordID": "466", "Level": "4", "UserID": "S-1-5-18"}
{"EventID": "4001", "Channel": "Microsoft-Windows-LanguagePackSetup/Operational", "Provider_Name": "Microsoft-Windows-LanguagePackSetup", "Computer": "DESKTOP-OFJ6N53", "TimeCreated": "2024-01-21 08:59:53.585850+00:00", "RecordID": "467", "Level": "4", "UserID": "S-1-5-18"}
{"EventID": "4000", "Channel": "Microsoft-Windows-LanguagePackSetup/Operational", "Provider_Name": "Microsoft-Windows-LanguagePackSetup", "Computer": "DESKTOP-OFJ6N53", "TimeCreated": "2024-01-24 08:59:45.216461+00:00", "RecordID": "468", "Level": "4", "UserID": "S-1-5-18"}
{"EventID": "4001", "Channel": "Microsoft-Windows-LanguagePackSetup/Operational", "Provider_Name": "Microsoft-Windows-LanguagePackSetup", "Computer": "DESKTOP-OFJ6N53", "TimeCreated": "2024-01-24 09:00:07.779617+00:00", "RecordID": "469", "Level": "4", "UserID": "S-1-5-18"}
{"EventID": "4000", "Channel": "Microsoft-Windows-LanguagePackSetup/Operational", "Provider_Name": "Microsoft-Windows-LanguagePackSetup", "Computer": "DESKTOP-OFJ6N53", "TimeCreated": "2024-01-27 09:00:40.831915+00:00", "RecordID": "470", "Level": "4", "UserID": "S-1-5-18"}
{"EventID": "4001", "Channel": "Microsoft-Windows-LanguagePackSetup/Operational", "Provider_Name": "Microsoft-Windows-LanguagePackSetup", "Computer": "DESKTOP-OFJ6N53", "TimeCreated": "2024-01-27 09:00:41.706072+00:00", "RecordID": "471", "Level": "4", "UserID": "S-1-5-18"}
{"EventID": "4000", "Channel": "Microsoft-Windows-LanguagePackSetup/Operational", "Provider_Name": "Microsoft-Windows-LanguagePackSetup", "Computer": "DESKTOP-OFJ6N53", "TimeCreated": "2024-01-30 09:00:47.769283+00:00", "RecordID": "472", "Level": "4", "UserID": "S-1-5-18"}
{"EventID": "4001", "Channel": "Microsoft-Windows-LanguagePackSetup/Operational", "Provider_Name": "Microsoft-Windows-LanguagePackSetup", "Computer": "DESKTOP-OFJ6N53", "TimeCreated": "2024-01-30 09:00:50.518150+00:00", "RecordID": "473", "Level": "4", "UserID": "S-1-5-18"}
{"EventID": "4000", "Channel": "Microsoft-Windows-LanguagePackSetup/Operational", "Provider_Name": "Microsoft-Windows-LanguagePackSetup", "Computer": "DESKTOP-OFJ6N53", "TimeCreated": "2024-02-02 09:00:55.220816+00:00", "RecordID": "474", "Level": "4", "UserID": "S-1-5-18"}
{"EventID": "4001", "Channel": "Microsoft-Windows-LanguagePackSetup/Operational", "Provider_Name": "Microsoft-Windows-LanguagePackSetup", "Computer": "DESKTOP-OFJ6N53", "TimeCreated": "2024-02-02 09:00:56.776131+00:00", "RecordID": "475", "Level": "4", "UserID": "S-1-5-18"}
{"EventID": "4000", "Channel": "Microsoft-Windows-LanguagePackSetup/Operational", "Provider_Name": "Microsoft-Windows-LanguagePackSetup", "Computer": "DESKTOP-OFJ6N53", "TimeCreated": "2024-02-05 08:39:57.121410+00:00", "RecordID": "476", "Level": "4", "UserID": "S-1-5-18"}
{"EventID": "4001", "Channel": "Microsoft-Windows-LanguagePackSetup/Operational", "Provider_Name": "Microsoft-Windows-LanguagePackSetup", "Computer": "DESKTOP-OFJ6N53", "TimeCreated": "2024-02-05 08:39:57.571865+00:00", "RecordID": "477", "Level": "4", "UserID": "S-1-5-18"}
{"EventID": "4000", "Channel": "Microsoft-Windows-LanguagePackSetup/Operational", "Provider_Name": "Microsoft-Windows-LanguagePackSetup", "Computer": "DESKTOP-OFJ6N53", "TimeCreated": "2024-02-08 09:01:17.850962+00:00", "RecordID": "478", "Level": "4", "UserID": "S-1-5-18"}
{"EventID": "4001", "Channel": "Microsoft-Windows-LanguagePackSetup/Operational", "Provider_Name": "Microsoft-Windows-LanguagePackSetup", "Computer": "DESKTOP-OFJ6N53", "TimeCreated": "2024-02-08 09:01:28.000341+00:00", "RecordID": "479", "Level": "4", "UserID": "S-1-5-18"}
{"EventID": "4000", "Channel": "Microsoft-Windows-LanguagePackSetup/Operational", "Provider_Name": "Microsoft-Windows-LanguagePackSetup", "Computer": "DESKTOP-OFJ6N53", "TimeCreated": "2024-02-11 09:01:22.047794+00:00", "RecordID": "480", "Level": "4", "UserID": "S-1-5-18"}
{"EventID": "4001", "Channel": "Microsoft-Windows-LanguagePackSetup/Operational", "Provider_Name": "Microsoft-Windows-LanguagePackSetup", "Computer": "DESKTOP-OFJ6N53", "TimeCreated": "2024-02-11 09:01:31.861549+00:00", "RecordID": "481", "Level": "4", "UserID": "S-1-5-18"}
{"EventID": "4000", "Channel": "Microsoft-Windows-LanguagePackSetup/Operational", "Provider_Name": "Microsoft-Windows-LanguagePackSetup", "Computer": "DESKTOP-OFJ6N53", "TimeCreated": "2024-02-14 09:01:36.699545+00:00", "RecordID": "482", "Level": "4", "UserID": "S-1-5-18"}
{"EventID": "4001", "Channel": "Microsoft-Windows-LanguagePackSetup/Operational", "Provider_Name": "Microsoft-Windows-LanguagePackSetup", "Computer": "DESKTOP-OFJ6N53", "TimeCreated": "2024-02-14 09:01:40.021458+00:00", "RecordID": "483", "Level": "4", "UserID": "S-1-5-18"}
{"EventID": "4000", "Channel": "Microsoft-Windows-LanguagePackSetup/Operational", "Provider_Name": "Microsoft-Windows-LanguagePackSetup", "Computer": "DESKTOP-OFJ6N53", "TimeCreated": "2024-02-17 09:26:53.982216+00:00", "RecordID": "484", "Level": "4", "UserID": "S-1-5-18"}
{"EventID": "4001", "Channel": "Microsoft-Windows-LanguagePackSetup/Operational", "Provider_Name": "Microsoft-Windows-LanguagePackSetup", "Computer": "DESKTOP-OFJ6N53", "TimeCreated": "2024-02-17 09:26:54.869869+00:00", "RecordID": "485", "Level": "4", "UserID": "S-1-5-18"}
{"EventID": "4000", "Channel": "Microsoft-Windows-LanguagePackSetup/Operational", "Provider_Name": "Microsoft-Windows-LanguagePackSetup", "Computer": "DESKTOP-OFJ6N53", "TimeCreated": "2024-02-20 09:27:24.409357+00:00", "RecordID": "486", "Level": "4", "UserID": "S-1-5-18"}
{"EventID": "4001", "Channel": "Microsoft-Windows-LanguagePackSetup/Operational", "Provider_Name": "Microsoft-Windows-LanguagePackSetup", "Computer": "DESKTOP-OFJ6N53", "TimeCreated": "2024-02-20 09:27:25.575102+00:00", "RecordID": "487", "Level": "4", "UserID": "S-1-5-18"}
{"EventID": "4000", "Channel": "Microsoft-Windows-LanguagePackSetup/Operational", "Provider_Name": "Microsoft-Windows-LanguagePackSetup", "Computer": "DESKTOP-OFJ6N53", "TimeCreated": "2024-02-24 04:24:02.911579+00:00", "RecordID": "488", "Level": "4", "UserID": "S-1-5-18"}
{"EventID": "4001", "Channel": "Microsoft-Windows-LanguagePackSetup/Operational", "Provider_Name": "Microsoft-Windows-LanguagePackSetup", "Computer": "DESKTOP-OFJ6N53", "TimeCreated": "2024-02-24 04:24:03.711975+00:00", "RecordID": "489", "Level": "4", "UserID": "S-1-5-18"}
{"EventID": "4000", "Channel": "Microsoft-Windows-LanguagePackSetup/Operational", "Provider_Name": "Microsoft-Windows-LanguagePackSetup", "Computer": "DESKTOP-OFJ6N53", "TimeCreated": "2024-02-26 09:27:39.655462+00:00", "RecordID": "490", "Level": "4", "UserID": "S-1-5-18"}
{"EventID": "4001", "Channel": "Microsoft-Windows-LanguagePackSetup/Operational", "Provider_Name": "Microsoft-Windows-LanguagePackSetup", "Computer": "DESKTOP-OFJ6N53", "TimeCreated": "2024-02-26 09:27:42.333319+00:00", "RecordID": "491", "Level": "4", "UserID": "S-1-5-18"}
{"EventID": "4000", "Channel": "Microsoft-Windows-LanguagePackSetup/Operational", "Provider_Name": "Microsoft-Windows-LanguagePackSetup", "Computer": "DESKTOP-OFJ6N53", "TimeCreated": "2024-02-29 09:27:47.559738+00:00", "RecordID": "492", "Level": "4", "UserID": "S-1-5-18"}
{"EventID": "4001", "Channel": "Microsoft-Windows-LanguagePackSetup/Operational", "Provider_Name": "Microsoft-Windows-LanguagePackSetup", "Computer": "DESKTOP-OFJ6N53", "TimeCreated": "2024-02-29 09:27:51.360008+00:00", "RecordID": "493", "Level": "4", "UserID": "S-1-5-18"}
{"EventID": "4000", "Channel": "Microsoft-Windows-LanguagePackSetup/Operational", "Provider_Name": "Microsoft-Windows-LanguagePackSetup", "Computer": "DESKTOP-OFJ6N53", "TimeCreated": "2024-03-03 09:27:54.471247+00:00", "RecordID": "494", "Level": "4", "UserID": "S-1-5-18"}
{"EventID": "4001", "Channel": "Microsoft-Windows-LanguagePackSetup/Operational", "Provider_Name": "Microsoft-Windows-LanguagePackSetup", "Computer": "DESKTOP-OFJ6N53", "TimeCreated": "2024-03-03 09:28:01.703293+00:00", "RecordID": "495", "Level": "4", "UserID": "S-1-5-18"}
{"EventID": "4000", "Channel": "Microsoft-Windows-LanguagePackSetup/Operational", "Provider_Name": "Microsoft-Windows-LanguagePackSetup", "Computer": "DESKTOP-OFJ6N53", "TimeCreated": "2024-03-06 09:28:05.563429+00:00", "RecordID": "496", "Level": "4", "UserID": "S-1-5-18"}
{"EventID": "4001", "Channel": "Microsoft-Windows-LanguagePackSetup/Operational", "Provider_Name": "Microsoft-Windows-LanguagePackSetup", "Computer": "DESKTOP-OFJ6N53", "TimeCreated": "2024-03-06 09:28:29.296173+00:00", "RecordID": "497", "Level": "4", "UserID": "S-1-5-18"}
{"EventID": "4000", "Channel": "Microsoft-Windows-LanguagePackSetup/Operational", "Provider_Name": "Microsoft-Windows-LanguagePackSetup", "Computer": "DESKTOP-OFJ6N53", "TimeCreated": "2024-03-09 09:29:06.668234+00:00", "RecordID": "498", "Level": "4", "UserID": "S-1-5-18"}
{"EventID": "4001", "Channel": "Microsoft-Windows-LanguagePackSetup/Operational", "Provider_Name": "Microsoft-Windows-LanguagePackSetup", "Computer": "DESKTOP-OFJ6N53", "TimeCreated": "2024-03-09 09:29:18.488682+00:00", "RecordID": "499", "Level": "4", "UserID": "S-1-5-18"}
{"EventID": "4000", "Channel": "Microsoft-Windows-LanguagePackSetup/Operational", "Provider_Name": "Microsoft-Windows-LanguagePackSetup", "Computer": "DESKTOP-OFJ6N53", "TimeCreated": "2024-03-12 09:30:17.936960+00:00", "RecordID": "500", "Level": "4", "UserID": "S-1-5-18"}
{"EventID": "4001", "Channel": "Microsoft-Windows-LanguagePackSetup/Operational", "Provider_Name": "Microsoft-Windows-LanguagePackSetup", "Computer": "DESKTOP-OFJ6N53", "TimeCreated": "2024-03-12 09:30:38.376604+00:00", "RecordID": "501", "Level": "4", "UserID": "S-1-5-18"}
{"EventID": "4000", "Channel": "Microsoft-Windows-LanguagePackSetup/Operational", "Provider_Name": "Microsoft-Windows-LanguagePackSetup", "Computer": "DESKTOP-OFJ6N53", "TimeCreated": "2024-03-15 10:36:01.024040+00:00", "RecordID": "502", "Level": "4", "UserID": "S-1-5-18"}
{"EventID": "4001", "Channel": "Microsoft-Windows-LanguagePackSetup/Operational", "Provider_Name": "Microsoft-Windows-LanguagePackSetup", "Computer": "DESKTOP-OFJ6N53", "TimeCreated": "2024-03-15 10:36:02.048376+00:00", "RecordID": "503", "Level": "4", "UserID": "S-1-5-18"}
{"EventID": "4000", "Channel": "Microsoft-Windows-LanguagePackSetup/Operational", "Provider_Name": "Microsoft-Windows-LanguagePackSetup", "Computer": "DESKTOP-OFJ6N53", "TimeCreated": "2024-03-18 08:26:50.398640+00:00", "RecordID": "504", "Level": "4", "UserID": "S-1-5-18"}
{"EventID": "4001", "Channel": "Microsoft-Windows-LanguagePackSetup/Operational", "Provider_Name": "Microsoft-Windows-LanguagePackSetup", "Computer": "DESKTOP-OFJ6N53", "TimeCreated": "2024-03-18 08:26:52.442919+00:00", "RecordID": "505", "Level": "4", "UserID": "S-1-5-18"}
{"EventID": "4000", "Channel": "Microsoft-Windows-LanguagePackSetup/Operational", "Provider_Name": "Microsoft-Windows-LanguagePackSetup", "Computer": "DESKTOP-OFJ6N53", "TimeCreated": "2024-03-21 09:05:50.234085+00:00", "RecordID": "506", "Level": "4", "UserID": "S-1-5-18"}
{"EventID": "4001", "Channel": "Microsoft-Windows-LanguagePackSetup/Operational", "Provider_Name": "Microsoft-Windows-LanguagePackSetup", "Computer": "DESKTOP-OFJ6N53", "TimeCreated": "2024-03-21 09:05:57.655180+00:00", "RecordID": "507", "Level": "4", "UserID": "S-1-5-18"}
{"EventID": "4000", "Channel": "Microsoft-Windows-LanguagePackSetup/Operational", "Provider_Name": "Microsoft-Windows-LanguagePackSetup", "Computer": "DESKTOP-OFJ6N53", "TimeCreated": "2024-03-24 09:05:53.817820+00:00", "RecordID": "508", "Level": "4", "UserID": "S-1-5-18"}
{"EventID": "4001", "Channel": "Microsoft-Windows-LanguagePackSetup/Operational", "Provider_Name": "Microsoft-Windows-LanguagePackSetup", "Computer": "DESKTOP-OFJ6N53", "TimeCreated": "2024-03-24 09:05:55.801767+00:00", "RecordID": "509", "Level": "4", "UserID": "S-1-5-18"}
{"EventID": "4000", "Channel": "Microsoft-Windows-LanguagePackSetup/Operational", "Provider_Name": "Microsoft-Windows-LanguagePackSetup", "Computer": "DESKTOP-OFJ6N53", "TimeCreated": "2024-03-27 09:06:03.129539+00:00", "RecordID": "510", "Level": "4", "UserID": "S-1-5-18"}
{"EventID": "4001", "Channel": "Microsoft-Windows-LanguagePackSetup/Operational", "Provider_Name": "Microsoft-Windows-LanguagePackSetup", "Computer": "DESKTOP-OFJ6N53", "TimeCreated": "2024-03-27 09:06:04.023214+00:00", "RecordID": "511", "Level": "4", "UserID": "S-1-5-18"}
{"EventID": "4000", "Channel": "Microsoft-Windows-LanguagePackSetup/Operational", "Provider_Name": "Microsoft-Windows-LanguagePackSetup", "Computer": "DESKTOP-OFJ6N53", "TimeCreated": "2024-03-30 09:06:13.131697+00:00", "RecordID": "512", "Level": "4", "UserID": "S-1-5-18"}
{"EventID": "4001", "Channel": "Microsoft-Windows-LanguagePackSetup/Operational", "Provider_Name": "Microsoft-Windows-LanguagePackSetup", "Computer": "DESKTOP-OFJ6N53", "TimeCreated": "2024-03-30 09:06:14.977859+00:00", "RecordID": "513", "Level": "4", "UserID": "S-1-5-18"}
{"EventID": "4000", "Channel": "Microsoft-Windows-LanguagePackSetup/Operational", "Provider_Name": "Microsoft-Windows-LanguagePackSetup", "Computer": "DESKTOP-OFJ6N53", "TimeCreated": "2024-04-02 09:06:20.769499+00:00", "RecordID": "514", "Level": "4", "UserID": "S-1-5-18"}
{"EventID": "4001", "Channel": "Microsoft-Windows-LanguagePackSetup/Operational", "Provider_Name": "Microsoft-Windows-LanguagePackSetup", "Computer": "DESKTOP-OFJ6N53", "TimeCreated": "2024-04-02 09:06:22.906656+00:00", "RecordID": "515", "Level": "4", "UserID": "S-1-5-18"}
{"EventID": "4000", "Channel": "Microsoft-Windows-LanguagePackSetup/Operational", "Provider_Name": "Microsoft-Windows-LanguagePackSetup", "Computer": "DESKTOP-OFJ6N53", "TimeCreated": "2024-04-05 09:04:57.918501+00:00", "RecordID": "516", "Level": "4", "UserID": "S-1-5-18"}
{"EventID": "4001", "Channel": "Microsoft-Windows-LanguagePackSetup/Operational", "Provider_Name": "Microsoft-Windows-LanguagePackSetup", "Computer": "DESKTOP-OFJ6N53", "TimeCreated": "2024-04-05 09:05:04.348391+00:00", "RecordID": "517", "Level": "4", "UserID": "S-1-5-18"}
{"EventID": "4000", "Channel": "Microsoft-Windows-LanguagePackSetup/Operational", "Provider_Name": "Microsoft-Windows-LanguagePackSetup", "Computer": "DESKTOP-OFJ6N53", "TimeCreated": "2024-04-08 09:06:38.635162+00:00", "RecordID": "518", "Level": "4", "UserID": "S-1-5-18"}
{"EventID": "4001", "Channel": "Microsoft-Windows-LanguagePackSetup/Operational", "Provider_Name": "Microsoft-Windows-LanguagePackSetup", "Computer": "DESKTOP-OFJ6N53", "TimeCreated": "2024-04-08 09:06:41.011410+00:00", "RecordID": "519", "Level": "4", "UserID": "S-1-5-18"}
{"EventID": "4000", "Channel": "Microsoft-Windows-LanguagePackSetup/Operational", "Provider_Name": "Microsoft-Windows-LanguagePackSetup", "Computer": "DESKTOP-OFJ6N53", "TimeCreated": "2024-04-11 09:06:56.841959+00:00", "RecordID": "520", "Level": "4", "UserID": "S-1-5-18"}
{"EventID": "4001", "Channel": "Microsoft-Windows-LanguagePackSetup/Operational", "Provider_Name": "Microsoft-Windows-LanguagePackSetup", "Computer": "DESKTOP-OFJ6N53", "TimeCreated": "2024-04-11 09:06:58.794544+00:00", "RecordID": "521", "Level": "4", "UserID": "S-1-5-18"}
{"EventID": "4000", "Channel": "Microsoft-Windows-LanguagePackSetup/Operational", "Provider_Name": "Microsoft-Windows-LanguagePackSetup", "Computer": "DESKTOP-OFJ6N53", "TimeCreated": "2024-04-14 08:53:11.409746+00:00", "RecordID": "522", "Level": "4", "UserID": "S-1-5-18"}
{"EventID": "4001", "Channel": "Microsoft-Windows-LanguagePackSetup/Operational", "Provider_Name": "Microsoft-Windows-LanguagePackSetup", "Computer": "DESKTOP-OFJ6N53", "TimeCreated": "2024-04-14 08:53:13.023706+00:00", "RecordID": "523", "Level": "4", "UserID": "S-1-5-18"}
{"EventID": "4000", "Channel": "Microsoft-Windows-LanguagePackSetup/Operational", "Provider_Name": "Microsoft-Windows-LanguagePackSetup", "Computer": "DESKTOP-OFJ6N53", "TimeCreated": "2024-04-17 08:53:35.136824+00:00", "RecordID": "524", "Level": "4", "UserID": "S-1-5-18"}
{"EventID": "4001", "Channel": "Microsoft-Windows-LanguagePackSetup/Operational", "Provider_Name": "Microsoft-Windows-LanguagePackSetup", "Computer": "DESKTOP-OFJ6N53", "TimeCreated": "2024-04-17 08:53:41.511446+00:00", "RecordID": "525", "Level": "4", "UserID": "S-1-5-18"}
{"EventID": "4000", "Channel": "Microsoft-Windows-LanguagePackSetup/Operational", "Provider_Name": "Microsoft-Windows-LanguagePackSetup", "Computer": "DESKTOP-OFJ6N53", "TimeCreated": "2024-04-20 08:55:11.897104+00:00", "RecordID": "526", "Level": "4", "UserID": "S-1-5-18"}
{"EventID": "4001", "Channel": "Microsoft-Windows-LanguagePackSetup/Operational", "Provider_Name": "Microsoft-Windows-LanguagePackSetup", "Computer": "DESKTOP-OFJ6N53", "TimeCreated": "2024-04-20 08:55:16.685648+00:00", "RecordID": "527", "Level": "4", "UserID": "S-1-5-18"}
{"EventID": "4000", "Channel": "Microsoft-Windows-LanguagePackSetup/Operational", "Provider_Name": "Microsoft-Windows-LanguagePackSetup", "Computer": "DESKTOP-OFJ6N53", "TimeCreated": "2024-04-23 08:55:18.144184+00:00", "RecordID": "528", "Level": "4", "UserID": "S-1-5-18"}
{"EventID": "4001", "Channel": "Microsoft-Windows-LanguagePackSetup/Operational", "Provider_Name": "Microsoft-Windows-LanguagePackSetup", "Computer": "DESKTOP-OFJ6N53", "TimeCreated": "2024-04-23 08:55:22.726627+00:00", "RecordID": "529", "Level": "4", "UserID": "S-1-5-18"}
{"EventID": "4000", "Channel": "Microsoft-Windows-LanguagePackSetup/Operational", "Provider_Name": "Microsoft-Windows-LanguagePackSetup", "Computer": "DESKTOP-OFJ6N53", "TimeCreated": "2024-04-29 15:20:30.628851+00:00", "RecordID": "530", "Level": "4", "UserID": "S-1-5-18"}
{"EventID": "4001", "Channel": "Microsoft-Windows-LanguagePackSetup/Operational", "Provider_Name": "Microsoft-Windows-LanguagePackSetup", "Computer": "DESKTOP-OFJ6N53", "TimeCreated": "2024-04-29 15:24:43.353792+00:00", "RecordID": "531", "Level": "4", "UserID": "S-1-5-18"}
{"EventID": "4000", "Channel": "Microsoft-Windows-LanguagePackSetup/Operational", "Provider_Name": "Microsoft-Windows-LanguagePackSetup", "Computer": "DESKTOP-OFJ6N53", "TimeCreated": "2024-05-02 09:11:07.599661+00:00", "RecordID": "532", "Level": "4", "UserID": "S-1-5-18"}
{"EventID": "4001", "Channel": "Microsoft-Windows-LanguagePackSetup/Operational", "Provider_Name": "Microsoft-Windows-LanguagePackSetup", "Computer": "DESKTOP-OFJ6N53", "TimeCreated": "2024-05-02 09:11:08.968264+00:00", "RecordID": "533", "Level": "4", "UserID": "S-1-5-18"}
{"EventID": "4000", "Channel": "Microsoft-Windows-LanguagePackSetup/Operational", "Provider_Name": "Microsoft-Windows-LanguagePackSetup", "Computer": "DESKTOP-OFJ6N53", "TimeCreated": "2024-05-05 09:11:15.676544+00:00", "RecordID": "534", "Level": "4", "UserID": "S-1-5-18"}
{"EventID": "4001", "Channel": "Microsoft-Windows-LanguagePackSetup/Operational", "Provider_Name": "Microsoft-Windows-LanguagePackSetup", "Computer": "DESKTOP-OFJ6N53", "TimeCreated": "2024-05-05 09:11:23.006645+00:00", "RecordID": "535", "Level": "4", "UserID": "S-1-5-18"}
{"EventID": "4000", "Channel": "Microsoft-Windows-LanguagePackSetup/Operational", "Provider_Name": "Microsoft-Windows-LanguagePackSetup", "Computer": "DESKTOP-OFJ6N53", "TimeCreated": "2024-05-08 09:21:17.406715+00:00", "RecordID": "536", "Level": "4", "UserID": "S-1-5-18"}
{"EventID": "4001", "Channel": "Microsoft-Windows-LanguagePackSetup/Operational", "Provider_Name": "Microsoft-Windows-LanguagePackSetup", "Computer": "DESKTOP-OFJ6N53", "TimeCreated": "2024-05-08 09:21:23.377342+00:00", "RecordID": "537", "Level": "4", "UserID": "S-1-5-18"}
{"EventID": "4000", "Channel": "Microsoft-Windows-LanguagePackSetup/Operational", "Provider_Name": "Microsoft-Windows-LanguagePackSetup", "Computer": "DESKTOP-OFJ6N53", "TimeCreated": "2024-05-11 09:11:51.810167+00:00", "RecordID": "538", "Level": "4", "UserID": "S-1-5-18"}
{"EventID": "4001", "Channel": "Microsoft-Windows-LanguagePackSetup/Operational", "Provider_Name": "Microsoft-Windows-LanguagePackSetup", "Computer": "DESKTOP-OFJ6N53", "TimeCreated": "2024-05-11 09:11:53.040575+00:00", "RecordID": "539", "Level": "4", "UserID": "S-1-5-18"}
{"EventID": "4000", "Channel": "Microsoft-Windows-LanguagePackSetup/Operational", "Provider_Name": "Microsoft-Windows-LanguagePackSetup", "Computer": "DESKTOP-OFJ6N53", "TimeCreated": "2024-05-14 09:31:18.576216+00:00", "RecordID": "540", "Level": "4", "UserID": "S-1-5-18"}
{"EventID": "4001", "Channel": "Microsoft-Windows-LanguagePackSetup/Operational", "Provider_Name": "Microsoft-Windows-LanguagePackSetup", "Computer": "DESKTOP-OFJ6N53", "TimeCreated": "2024-05-14 09:31:21.879997+00:00", "RecordID": "541", "Level": "4", "UserID": "S-1-5-18"}
{"EventID": "4000", "Channel": "Microsoft-Windows-LanguagePackSetup/Operational", "Provider_Name": "Microsoft-Windows-LanguagePackSetup", "Computer": "DESKTOP-OFJ6N53", "TimeCreated": "2024-05-17 09:37:19.239204+00:00", "RecordID": "542", "Level": "4", "UserID": "S-1-5-18"}
{"EventID": "4001", "Channel": "Microsoft-Windows-LanguagePackSetup/Operational", "Provider_Name": "Microsoft-Windows-LanguagePackSetup", "Computer": "DESKTOP-OFJ6N53", "TimeCreated": "2024-05-17 09:37:21.063126+00:00", "RecordID": "543", "Level": "4", "UserID": "S-1-5-18"}
{"EventID": "4000", "Channel": "Microsoft-Windows-LanguagePackSetup/Operational", "Provider_Name": "Microsoft-Windows-LanguagePackSetup", "Computer": "DESKTOP-OFJ6N53", "TimeCreated": "2024-05-20 09:38:04.242432+00:00", "RecordID": "544", "Level": "4", "UserID": "S-1-5-18"}
