{"EventID": "235", "Channel": "Microsoft-Windows-Kernel-Boot/Operational", "Provider_Name": "Microsoft-Windows-Kernel-Boot", "Computer": "DESKTOP-OFJ6N53", "TimeCreated": "2024-12-03 10:23:45.169127+00:00", "RecordID": "660", "Level": "2", "UserID": "S-1-5-18", "EventData.StatusCode": "3221225474", "EventData.Position": "1"}
{"EventID": "208", "Channel": "Microsoft-Windows-Kernel-Boot/Operational", "Provider_Name": "Microsoft-Windows-Kernel-Boot", "Computer": "DESKTOP-OFJ6N53", "TimeCreated": "2024-12-03 10:23:45.169127+00:00", "RecordID": "661", "Level": "2", "UserID": "S-1-5-18", "EventData.InitState": "1", "EventData.StatusCode": "3221225473", "EventData.FailureAddress": "11602795", "EventData.ReferenceAddress": "12934912", "EventData.ReasonCode": "1"}
{"EventID": "158", "Channel": "Microsoft-Windows-Kernel-Boot/Operational", "Provider_Name": "Microsoft-Windows-Kernel-Boot", "Computer": "DESKTOP-OFJ6N53", "TimeCreated": "2024-12-03 10:23:45.169336+00:00", "RecordID": "662", "Level": "2", "UserID": "S-1-5-18", "EventData.DiagCode": "1076887595", "EventData.Status": "3221225659"}
{"EventID": "235", "Channel": "Microsoft-Windows-Kernel-Boot/Operational", "Provider_Name": "Microsoft-Windows-Kernel-Boot", "Computer": "DESKTOP-OFJ6N53", "TimeCreated": "2024-12-03 10:23:45.169405+00:00", "RecordID": "663", "Level": "2", "UserID": "S-1-5-18", "EventData.StatusCode": "3221225474", "EventData.Position": "1"}
{"EventID": "208", "Channel": "Microsoft-Windows-Kernel-Boot/Operational", "Provider_Name": "Microsoft-Windows-Kernel-Boot", "Computer": "DESKTOP-OFJ6N53", "TimeCreated": "2024-12-03 10:23:45.169405+00:00", "RecordID": "664", "Level": "2", "UserID": "S-1-5-18", "EventData.InitState": "1", "EventData.StatusCode": "3221225473", "EventData.FailureAddress": "268918202", "EventData.ReferenceAddress": "270157248", "EventData.ReasonCode": "1"}
{"EventID": "235", "Channel": "Microsoft-Windows-Kernel-Boot/Operational", "Provider_Name": "Microsoft-Windows-Kernel-Boot", "Computer": "DESKTOP-OFJ6N53", "TimeCreated": "2024-12-08 16:52:11.860384+00:00", "RecordID": "665", "Level": "2", "UserID": "S-1-5-18", "EventData.StatusCode": "3221225474", "EventData.Position": "1"}
{"EventID": "208", "Channel": "Microsoft-Windows-Kernel-Boot/Operational", "Provider_Name": "Microsoft-Windows-Kernel-Boot", "Computer": "DESKTOP-OFJ6N53", "TimeCreated": "2024-12-08 16:52:11.860386+00:00", "RecordID": "666", "Level": "2", "UserID": "S-1-5-18", "EventData.InitState": "1", "EventData.StatusCode": "3221225473", "EventData.FailureAddress": "11602795", "EventData.ReferenceAddress": "12934912", "EventData.ReasonCode": "1"}
{"EventID": "158", "Channel": "Microsoft-Windows-Kernel-Boot/Operational", "Provider_Name": "Microsoft-Windows-Kernel-Boot", "Computer": "DESKTOP-OFJ6N53", "TimeCreated": "2024-12-08 16:52:11.860600+00:00", "RecordID": "667", "Level": "2", "UserID": "S-1-5-18", "EventData.DiagCode": "1076887595", "EventData.Status": "3221225659"}
{"EventID": "235", "Channel": "Microsoft-Windows-Kernel-Boot/Operational", "Provider_Name": "Microsoft-Windows-Kernel-Boot", "Computer": "DESKTOP-OFJ6N53", "TimeCreated": "2024-12-08 16:52:11.860670+00:00", "RecordID": "668", "Level": "2", "UserID": "S-1-5-18", "EventData.StatusCode": "3221225474", "EventData.Position": "1"}
{"EventID": "208", "Channel": "Microsoft-Windows-Kernel-Boot/Operational", "Provider_Name": "Microsoft-Windows-Kernel-Boot", "Computer": "DESKTOP-OFJ6N53", "TimeCreated": "2024-12-08 16:52:11.860672+00:00", "RecordID": "669", "Level": "2", "UserID": "S-1-5-18", "EventData.InitState": "1", "EventData.StatusCode": "3221225473", "EventData.FailureAddress": "268918202", "EventData.ReferenceAddress": "270157248", "EventData.ReasonCode": "1"}
{"EventID": "235", "Channel": "Microsoft-Windows-Kernel-Boot/Operational", "Provider_Name": "Microsoft-Windows-Kernel-Boot", "Computer": "DESKTOP-OFJ6N53", "TimeCreated": "2024-12-11 15:06:01.224119+00:00", "RecordID": "670", "Level": "2", "UserID": "S-1-5-18", "EventData.StatusCode": "3221225474", "EventData.Position": "1"}
{"EventID": "208", "Channel": "Microsoft-Windows-Kernel-Boot/Operational", "Provider_Name": "Microsoft-Windows-Kernel-Boot", "Computer": "DESKTOP-OFJ6N53", "TimeCreated": "2024-12-11 15:06:01.224121+00:00", "RecordID": "671", "Level": "2", "UserID": "S-1-5-18", "EventData.InitState": "1", "EventData.StatusCode": "3221225473", "EventData.FailureAddress": "11602795", "EventData.ReferenceAddress": "12934912", "EventData.ReasonCode": "1"}
{"EventID": "158", "Channel": "Microsoft-Windows-Kernel-Boot/Operational", "Provider_Name": "Microsoft-Windows-Kernel-Boot", "Computer": "DESKTOP-OFJ6N53", "TimeCreated": "2024-12-11 15:06:01.224379+00:00", "RecordID": "672", "Level": "2", "UserID": "S-1-5-18", "EventData.DiagCode": "1076887595", "EventData.Status": "3221225659"}
{"EventID": "235", "Channel": "Microsoft-Windows-Kernel-Boot/Operational", "Provider_Name": "Microsoft-Windows-Kernel-Boot", "Computer": "DESKTOP-OFJ6N53", "TimeCreated": "2024-12-11 15:06:01.224464+00:00", "RecordID": "673", "Level": "2", "UserID": "S-1-5-18", "EventData.StatusCode": "3221225474", "EventData.Position": "1"}
{"EventID": "208", "Channel": "Microsoft-Windows-Kernel-Boot/Operational", "Provider_Name": "Microsoft-Windows-Kernel-Boot", "Computer": "DESKTOP-OFJ6N53", "TimeCreated": "2024-12-11 15:06:01.224466+00:00", "RecordID": "674", "Level": "2", "UserID": "S-1-5-18", "EventData.InitState": "1", "EventData.StatusCode": "3221225473", "EventData.FailureAddress": "268918202", "EventData.ReferenceAddress": "270157248", "EventData.ReasonCode": "1"}
{"EventID": "235", "Channel": "Microsoft-Windows-Kernel-Boot/Operational", "Provider_Name": "Microsoft-Windows-Kernel-Boot", "Computer": "DESKTOP-OFJ6N53", "TimeCreated": "2024-12-23 14:09:42.196890+00:00", "RecordID": "675", "Level": "2", "UserID": "S-1-5-18", "EventData.StatusCode": "3221225474", "EventData.Position": "1"}
{"EventID": "208", "Channel": "Microsoft-Windows-Kernel-Boot/Operational", "Provider_Name": "Microsoft-Windows-Kernel-Boot", "Computer": "DESKTOP-OFJ6N53", "TimeCreated": "2024-12-23 14:09:42.196890+00:00", "RecordID": "676", "Level": "2", "UserID": "S-1-5-18", "EventData.InitState": "1", "EventData.StatusCode": "3221225473", "EventData.FailureAddress": "11602795", "EventData.ReferenceAddress": "12934912", "EventData.ReasonCode": "1"}
{"EventID": "158", "Channel": "Microsoft-Windows-Kernel-Boot/Operational", "Provider_Name": "Microsoft-Windows-Kernel-Boot", "Computer": "DESKTOP-OFJ6N53", "TimeCreated": "2024-12-23 14:09:42.197113+00:00", "RecordID": "677", "Level": "2", "UserID": "S-1-5-18", "EventData.DiagCode": "1076887595", "EventData.Status": "3221225659"}
{"EventID": "235", "Channel": "Microsoft-Windows-Kernel-Boot/Operational", "Provider_Name": "Microsoft-Windows-Kernel-Boot", "Computer": "DESKTOP-OFJ6N53", "TimeCreated": "2024-12-23 14:09:42.197187+00:00", "RecordID": "678", "Level": "2", "UserID": "S-1-5-18", "EventData.StatusCode": "3221225474", "EventData.Position": "1"}
{"EventID": "208", "Channel": "Microsoft-Windows-Kernel-Boot/Operational", "Provider_Name": "Microsoft-Windows-Kernel-Boot", "Computer": "DESKTOP-OFJ6N53", "TimeCreated": "2024-12-23 14:09:42.197187+00:00", "RecordID": "679", "Level": "2", "UserID": "S-1-5-18", "EventData.InitState": "1", "EventData.StatusCode": "3221225473", "EventData.FailureAddress": "268918202", "EventData.ReferenceAddress": "270157248", "EventData.ReasonCode": "1"}
{"EventID": "235", "Channel": "Microsoft-Windows-Kernel-Boot/Operational", "Provider_Name": "Microsoft-Windows-Kernel-Boot", "Computer": "DESKTOP-OFJ6N53", "TimeCreated": "2025-01-09 14:55:05.211538+00:00", "RecordID": "680", "Level": "2", "UserID": "S-1-5-18", "EventData.StatusCode": "3221225474", "EventData.Position": "1"}
{"EventID": "208", "Channel": "Microsoft-Windows-Kernel-Boot/Operational", "Provider_Name": "Microsoft-Windows-Kernel-Boot", "Computer": "DESKTOP-OFJ6N53", "TimeCreated": "2025-01-09 14:55:05.211540+00:00", "RecordID": "681", "Level": "2", "UserID": "S-1-5-18", "EventData.InitState": "1", "EventData.StatusCode": "3221225473", "EventData.FailureAddress": "11602795", "EventData.ReferenceAddress": "12934912", "EventData.ReasonCode": "1"}
{"EventID": "158", "Channel": "Microsoft-Windows-Kernel-Boot/Operational", "Provider_Name": "Microsoft-Windows-Kernel-Boot", "Computer": "DESKTOP-OFJ6N53", "TimeCreated": "2025-01-09 14:55:05.211742+00:00", "RecordID": "682", "Level": "2", "UserID": "S-1-5-18", "EventData.DiagCode": "1076887595", "EventData.Status": "3221225659"}
{"EventID": "235", "Channel": "Microsoft-Windows-Kernel-Boot/Operational", "Provider_Name": "Microsoft-Windows-Kernel-Boot", "Computer": "DESKTOP-OFJ6N53", "TimeCreated": "2025-01-09 14:55:05.211811+00:00", "RecordID": "683", "Level": "2", "UserID": "S-1-5-18", "EventData.StatusCode": "3221225474", "EventData.Position": "1"}
{"EventID": "208", "Channel": "Microsoft-Windows-Kernel-Boot/Operational", "Provider_Name": "Microsoft-Windows-Kernel-Boot", "Computer": "DESKTOP-OFJ6N53", "TimeCreated": "2025-01-09 14:55:05.211813+00:00", "RecordID": "684", "Level": "2", "UserID": "S-1-5-18", "EventData.InitState": "1", "EventData.StatusCode": "3221225473", "EventData.FailureAddress": "268918202", "EventData.ReferenceAddress": "270157248", "EventData.ReasonCode": "1"}
{"EventID": "235", "Channel": "Microsoft-Windows-Kernel-Boot/Operational", "Provider_Name": "Microsoft-Windows-Kernel-Boot", "Computer": "DESKTOP-OFJ6N53", "TimeCreated": "2025-01-14 23:22:20.311398+00:00", "RecordID": "685", "Level": "2", "UserID": "S-1-5-18", "EventData.StatusCode": "3221225474", "EventData.Position": "1"}
{"EventID": "208", "Channel": "Microsoft-Windows-Kernel-Boot/Operational", "Provider_Name": "Microsoft-Windows-Kernel-Boot", "Computer": "DESKTOP-OFJ6N53", "TimeCreated": "2025-01-14 23:22:20.311398+00:00", "RecordID": "686", "Level": "2", "UserID": "S-1-5-18", "EventData.InitState": "1", "EventData.StatusCode": "3221225473", "EventData.FailureAddress": "11603207", "EventData.ReferenceAddress": "12934848", "EventData.ReasonCode": "1"}
{"EventID": "158", "Channel": "Microsoft-Windows-Kernel-Boot/Operational", "Provider_Name": "Microsoft-Windows-Kernel-Boot", "Computer": "DESKTOP-OFJ6N53", "TimeCreated": "2025-01-14 23:22:20.311630+00:00", "RecordID": "687", "Level": "2", "UserID": "S-1-5-18", "EventData.DiagCode": "1076887595", "EventData.Status": "3221225659"}
{"EventID": "235", "Channel": "Microsoft-Windows-Kernel-Boot/Operational", "Provider_Name": "Microsoft-Windows-Kernel-Boot", "Computer": "DESKTOP-OFJ6N53", "TimeCreated": "2025-01-14 23:22:20.311707+00:00", "RecordID": "688", "Level": "2", "UserID": "S-1-5-18", "EventData.StatusCode": "3221225474", "EventData.Position": "1"}
{"EventID": "208", "Channel": "Microsoft-Windows-Kernel-Boot/Operational", "Provider_Name": "Microsoft-Windows-Kernel-Boot", "Computer": "DESKTOP-OFJ6N53", "TimeCreated": "2025-01-14 23:22:20.311707+00:00", "RecordID": "689", "Level": "2", "UserID": "S-1-5-18", "EventData.InitState": "1", "EventData.StatusCode": "3221225473", "EventData.FailureAddress": "268918202", "EventData.ReferenceAddress": "270157248", "EventData.ReasonCode": "1"}
{"EventID": "235", "Channel": "Microsoft-Windows-Kernel-Boot/Operational", "Provider_Name": "Microsoft-Windows-Kernel-Boot", "Computer": "DESKTOP-OFJ6N53", "TimeCreated": "2025-01-24 12:03:09.055370+00:00", "RecordID": "690", "Level": "2", "UserID": "S-1-5-18", "EventData.StatusCode": "3221225474", "EventData.Position": "1"}
{"EventID": "208", "Channel": "Microsoft-Windows-Kernel-Boot/Operational", "Provider_Name": "Microsoft-Windows-Kernel-Boot", "Computer": "DESKTOP-OFJ6N53", "TimeCreated": "2025-01-24 12:03:09.055372+00:00", "RecordID": "691", "Level": "2", "UserID": "S-1-5-18", "EventData.InitState": "1", "EventData.StatusCode": "3221225473", "EventData.FailureAddress": "11611399", "EventData.ReferenceAddress": "12943040", "EventData.ReasonCode": "1"}
{"EventID": "158", "Channel": "Microsoft-Windows-Kernel-Boot/Operational", "Provider_Name": "Microsoft-Windows-Kernel-Boot", "Computer": "DESKTOP-OFJ6N53", "TimeCreated": "2025-01-24 12:03:09.055593+00:00", "RecordID": "692", "Level": "2", "UserID": "S-1-5-18", "EventData.DiagCode": "1076887595", "EventData.Status": "3221225659"}
{"EventID": "235", "Channel": "Microsoft-Windows-Kernel-Boot/Operational", "Provider_Name": "Microsoft-Windows-Kernel-Boot", "Computer": "DESKTOP-OFJ6N53", "TimeCreated": "2025-01-24 12:03:09.055666+00:00", "RecordID": "693", "Level": "2", "UserID": "S-1-5-18", "EventData.StatusCode": "3221225474", "EventData.Position": "1"}
{"EventID": "208", "Channel": "Microsoft-Windows-Kernel-Boot/Operational", "Provider_Name": "Microsoft-Windows-Kernel-Boot", "Computer": "DESKTOP-OFJ6N53", "TimeCreated": "2025-01-24 12:03:09.055668+00:00", "RecordID": "694", "Level": "2", "UserID": "S-1-5-18", "EventData.InitState": "1", "EventData.StatusCode": "3221225473", "EventData.FailureAddress": "268918682", "EventData.ReferenceAddress": "270161408", "EventData.ReasonCode": "1"}
{"EventID": "235", "Channel": "Microsoft-Windows-Kernel-Boot/Operational", "Provider_Name": "Microsoft-Windows-Kernel-Boot", "Computer": "DESKTOP-OFJ6N53", "TimeCreated": "2025-02-05 14:01:41.100447+00:00", "RecordID": "695", "Level": "2", "UserID": "S-1-5-18", "EventData.StatusCode": "3221225474", "EventData.Position": "1"}
{"EventID": "208", "Channel": "Microsoft-Windows-Kernel-Boot/Operational", "Provider_Name": "Microsoft-Windows-Kernel-Boot", "Computer": "DESKTOP-OFJ6N53", "TimeCreated": "2025-02-05 14:01:41.100447+00:00", "RecordID": "696", "Level": "2", "UserID": "S-1-5-18", "EventData.InitState": "1", "EventData.StatusCode": "3221225473", "EventData.FailureAddress": "11611399", "EventData.ReferenceAddress": "12943040", "EventData.ReasonCode": "1"}
{"EventID": "158", "Channel": "Microsoft-Windows-Kernel-Boot/Operational", "Provider_Name": "Microsoft-Windows-Kernel-Boot", "Computer": "DESKTOP-OFJ6N53", "TimeCreated": "2025-02-05 14:01:41.100681+00:00", "RecordID": "697", "Level": "2", "UserID": "S-1-5-18", "EventData.DiagCode": "1076887595", "EventData.Status": "3221225659"}
{"EventID": "235", "Channel": "Microsoft-Windows-Kernel-Boot/Operational", "Provider_Name": "Microsoft-Windows-Kernel-Boot", "Computer": "DESKTOP-OFJ6N53", "TimeCreated": "2025-02-05 14:01:41.100763+00:00", "RecordID": "698", "Level": "2", "UserID": "S-1-5-18", "EventData.StatusCode": "3221225474", "EventData.Position": "1"}
{"EventID": "208", "Channel": "Microsoft-Windows-Kernel-Boot/Operational", "Provider_Name": "Microsoft-Windows-Kernel-Boot", "Computer": "DESKTOP-OFJ6N53", "TimeCreated": "2025-02-05 14:01:41.100763+00:00", "RecordID": "699", "Level": "2", "UserID": "S-1-5-18", "EventData.InitState": "1", "EventData.StatusCode": "3221225473", "EventData.FailureAddress": "268918682", "EventData.ReferenceAddress": "270161408", "EventData.ReasonCode": "1"}
{"EventID": "235", "Channel": "Microsoft-Windows-Kernel-Boot/Operational", "Provider_Name": "Microsoft-Windows-Kernel-Boot", "Computer": "DESKTOP-OFJ6N53", "TimeCreated": "2025-02-12 14:54:17.259327+00:00", "RecordID": "700", "Level": "2", "UserID": "S-1-5-18", "EventData.StatusCode": "3221225474", "EventData.Position": "1"}
{"EventID": "208", "Channel": "Microsoft-Windows-Kernel-Boot/Operational", "Provider_Name": "Microsoft-Windows-Kernel-Boot", "Computer": "DESKTOP-OFJ6N53", "TimeCreated": "2025-02-12 14:54:17.259329+00:00", "RecordID": "701", "Level": "2", "UserID": "S-1-5-18", "EventData.InitState": "1", "EventData.StatusCode": "3221225473", "EventData.FailureAddress": "11611451", "EventData.ReferenceAddress": "12943104", "EventData.ReasonCode": "1"}
{"EventID": "158", "Channel": "Microsoft-Windows-Kernel-Boot/Operational", "Provider_Name": "Microsoft-Windows-Kernel-Boot", "Computer": "DESKTOP-OFJ6N53", "TimeCreated": "2025-02-12 14:54:17.259552+00:00", "RecordID": "702", "Level": "2", "UserID": "S-1-5-18", "EventData.DiagCode": "1076887595", "EventData.Status": "3221225659"}
{"EventID": "235", "Channel": "Microsoft-Windows-Kernel-Boot/Operational", "Provider_Name": "Microsoft-Windows-Kernel-Boot", "Computer": "DESKTOP-OFJ6N53", "TimeCreated": "2025-02-12 14:54:17.259626+00:00", "RecordID": "703", "Level": "2", "UserID": "S-1-5-18", "EventData.StatusCode": "3221225474", "EventData.Position": "1"}
{"EventID": "208", "Channel": "Microsoft-Windows-Kernel-Boot/Operational", "Provider_Name": "Microsoft-Windows-Kernel-Boot", "Computer": "DESKTOP-OFJ6N53", "TimeCreated": "2025-02-12 14:54:17.259626+00:00", "RecordID": "704", "Level": "2", "UserID": "S-1-5-18", "EventData.InitState": "1", "EventData.StatusCode": "3221225473", "EventData.FailureAddress": "268918682", "EventData.ReferenceAddress": "270161408", "EventData.ReasonCode": "1"}
{"EventID": "235", "Channel": "Microsoft-Windows-Kernel-Boot/Operational", "Provider_Name": "Microsoft-Windows-Kernel-Boot", "Computer": "DESKTOP-OFJ6N53", "TimeCreated": "2025-03-07 15:03:46.335495+00:00", "RecordID": "705", "Level": "2", "UserID": "S-1-5-18", "EventData.StatusCode": "3221225474", "EventData.Position": "1"}
{"EventID": "208", "Channel": "Microsoft-Windows-Kernel-Boot/Operational", "Provider_Name": "Microsoft-Windows-Kernel-Boot", "Computer": "DESKTOP-OFJ6N53", "TimeCreated": "2025-03-07 15:03:46.335497+00:00", "RecordID": "706", "Level": "2", "UserID": "S-1-5-18", "EventData.InitState": "1", "EventData.StatusCode": "3221225473", "EventData.FailureAddress": "11611451", "EventData.ReferenceAddress": "12943104", "EventData.ReasonCode": "1"}
{"EventID": "158", "Channel": "Microsoft-Windows-Kernel-Boot/Operational", "Provider_Name": "Microsoft-Windows-Kernel-Boot", "Computer": "DESKTOP-OFJ6N53", "TimeCreated": "2025-03-07 15:03:46.335735+00:00", "RecordID": "707", "Level": "2", "UserID": "S-1-5-18", "EventData.DiagCode": "1076887595", "EventData.Status": "3221225659"}
{"EventID": "235", "Channel": "Microsoft-Windows-Kernel-Boot/Operational", "Provider_Name": "Microsoft-Windows-Kernel-Boot", "Computer": "DESKTOP-OFJ6N53", "TimeCreated": "2025-03-07 15:03:46.335817+00:00", "RecordID": "708", "Level": "2", "UserID": "S-1-5-18", "EventData.StatusCode": "3221225474", "EventData.Position": "1"}
{"EventID": "208", "Channel": "Microsoft-Windows-Kernel-Boot/Operational", "Provider_Name": "Microsoft-Windows-Kernel-Boot", "Computer": "DESKTOP-OFJ6N53", "TimeCreated": "2025-03-07 15:03:46.335817+00:00", "RecordID": "709", "Level": "2", "UserID": "S-1-5-18", "EventData.InitState": "1", "EventData.StatusCode": "3221225473", "EventData.FailureAddress": "268918682", "EventData.ReferenceAddress": "270161408", "EventData.ReasonCode": "1"}
{"EventID": "235", "Channel": "Microsoft-Windows-Kernel-Boot/Operational", "Provider_Name": "Microsoft-Windows-Kernel-Boot", "Computer": "DESKTOP-OFJ6N53", "TimeCreated": "2025-03-11 20:16:53.925650+00:00", "RecordID": "710", "Level": "2", "UserID": "S-1-5-18", "EventData.StatusCode": "3221225474", "EventData.Position": "1"}
{"EventID": "208", "Channel": "Microsoft-Windows-Kernel-Boot/Operational", "Provider_Name": "Microsoft-Windows-Kernel-Boot", "Computer": "DESKTOP-OFJ6N53", "TimeCreated": "2025-03-11 20:16:53.925650+00:00", "RecordID": "711", "Level": "2", "UserID": "S-1-5-18", "EventData.InitState": "1", "EventData.StatusCode": "3221225473", "EventData.FailureAddress": "11611451", "EventData.ReferenceAddress": "12943104", "EventData.ReasonCode": "1"}
{"EventID": "158", "Channel": "Microsoft-Windows-Kernel-Boot/Operational", "Provider_Name": "Microsoft-Windows-Kernel-Boot", "Computer": "DESKTOP-OFJ6N53", "TimeCreated": "2025-03-11 20:16:53.925879+00:00", "RecordID": "712", "Level": "2", "UserID": "S-1-5-18", "EventData.DiagCode": "1076887595", "EventData.Status": "3221225659"}
{"EventID": "235", "Channel": "Microsoft-Windows-Kernel-Boot/Operational", "Provider_Name": "Microsoft-Windows-Kernel-Boot", "Computer": "DESKTOP-OFJ6N53", "TimeCreated": "2025-03-11 20:16:53.925961+00:00", "RecordID": "713", "Level": "2", "UserID": "S-1-5-18", "EventData.StatusCode": "3221225474", "EventData.Position": "1"}
{"EventID": "208", "Channel": "Microsoft-Windows-Kernel-Boot/Operational", "Provider_Name": "Microsoft-Windows-Kernel-Boot", "Computer": "DESKTOP-OFJ6N53", "TimeCreated": "2025-03-11 20:16:53.925961+00:00", "RecordID": "714", "Level": "2", "UserID": "S-1-5-18", "EventData.InitState": "1", "EventData.StatusCode": "3221225473", "EventData.FailureAddress": "268918682", "EventData.ReferenceAddress": "270161408", "EventData.ReasonCode": "1"}
{"EventID": "235", "Channel": "Microsoft-Windows-Kernel-Boot/Operational", "Provider_Name": "Microsoft-Windows-Kernel-Boot", "Computer": "DESKTOP-OFJ6N53", "TimeCreated": "2025-04-01 16:03:13.152716+00:00", "RecordID": "715", "Level": "2", "UserID": "S-1-5-18", "EventData.StatusCode": "3221225474", "EventData.Position": "1"}
{"EventID": "208", "Channel": "Microsoft-Windows-Kernel-Boot/Operational", "Provider_Name": "Microsoft-Windows-Kernel-Boot", "Computer": "DESKTOP-OFJ6N53", "TimeCreated": "2025-04-01 16:03:13.152718+00:00", "RecordID": "716", "Level": "2", "UserID": "S-1-5-18", "EventData.InitState": "1", "EventData.StatusCode": "3221225473", "EventData.FailureAddress": "11611451", "EventData.ReferenceAddress": "12943104", "EventData.ReasonCode": "1"}
{"EventID": "158", "Channel": "Microsoft-Windows-Kernel-Boot/Operational", "Provider_Name": "Microsoft-Windows-Kernel-Boot", "Computer": "DESKTOP-OFJ6N53", "TimeCreated": "2025-04-01 16:03:13.152941+00:00", "RecordID": "717", "Level": "2", "UserID": "S-1-5-18", "EventData.DiagCode": "1076887595", "EventData.Status": "3221225659"}
{"EventID": "235", "Channel": "Microsoft-Windows-Kernel-Boot/Operational", "Provider_Name": "Microsoft-Windows-Kernel-Boot", "Computer": "DESKTOP-OFJ6N53", "TimeCreated": "2025-04-01 16:03:13.153011+00:00", "RecordID": "718", "Level": "2", "UserID": "S-1-5-18", "EventData.StatusCode": "3221225474", "EventData.Position": "1"}
{"EventID": "208", "Channel": "Microsoft-Windows-Kernel-Boot/Operational", "Provider_Name": "Microsoft-Windows-Kernel-Boot", "Computer": "DESKTOP-OFJ6N53", "TimeCreated": "2025-04-01 16:03:13.153011+00:00", "RecordID": "719", "Level": "2", "UserID": "S-1-5-18", "EventData.InitState": "1", "EventData.StatusCode": "3221225473", "EventData.FailureAddress": "268918682", "EventData.ReferenceAddress": "270161408", "EventData.ReasonCode": "1"}
{"EventID": "235", "Channel": "Microsoft-Windows-Kernel-Boot/Operational", "Provider_Name": "Microsoft-Windows-Kernel-Boot", "Computer": "DESKTOP-OFJ6N53", "TimeCreated": "2025-04-02 09:18:10.856871+00:00", "RecordID": "720", "Level": "2", "UserID": "S-1-5-18", "EventData.StatusCode": "3221225474", "EventData.Position": "1"}
{"EventID": "208", "Channel": "Microsoft-Windows-Kernel-Boot/Operational", "Provider_Name": "Microsoft-Windows-Kernel-Boot", "Computer": "DESKTOP-OFJ6N53", "TimeCreated": "2025-04-02 09:18:10.856871+00:00", "RecordID": "721", "Level": "2", "UserID": "S-1-5-18", "EventData.InitState": "1", "EventData.StatusCode": "3221225473", "EventData.FailureAddress": "11611451", "EventData.ReferenceAddress": "12943104", "EventData.ReasonCode": "1"}
{"EventID": "158", "Channel": "Microsoft-Windows-Kernel-Boot/Operational", "Provider_Name": "Microsoft-Windows-Kernel-Boot", "Computer": "DESKTOP-OFJ6N53", "TimeCreated": "2025-04-02 09:18:10.857094+00:00", "RecordID": "722", "Level": "2", "UserID": "S-1-5-18", "EventData.DiagCode": "1076887595", "EventData.Status": "3221225659"}
{"EventID": "235", "Channel": "Microsoft-Windows-Kernel-Boot/Operational", "Provider_Name": "Microsoft-Windows-Kernel-Boot", "Computer": "DESKTOP-OFJ6N53", "TimeCreated": "2025-04-02 09:18:10.857180+00:00", "RecordID": "723", "Level": "2", "UserID": "S-1-5-18", "EventData.StatusCode": "3221225474", "EventData.Position": "1"}
{"EventID": "208", "Channel": "Microsoft-Windows-Kernel-Boot/Operational", "Provider_Name": "Microsoft-Windows-Kernel-Boot", "Computer": "DESKTOP-OFJ6N53", "TimeCreated": "2025-04-02 09:18:10.857182+00:00", "RecordID": "724", "Level": "2", "UserID": "S-1-5-18", "EventData.InitState": "1", "EventData.StatusCode": "3221225473", "EventData.FailureAddress": "268918682", "EventData.ReferenceAddress": "270161408", "EventData.ReasonCode": "1"}
{"EventID": "235", "Channel": "Microsoft-Windows-Kernel-Boot/Operational", "Provider_Name": "Microsoft-Windows-Kernel-Boot", "Computer": "DESKTOP-OFJ6N53", "TimeCreated": "2025-04-02 09:31:21.859058+00:00", "RecordID": "725", "Level": "2", "UserID": "S-1-5-18", "EventData.StatusCode": "3221225474", "EventData.Position": "1"}
{"EventID": "208", "Channel": "Microsoft-Windows-Kernel-Boot/Operational", "Provider_Name": "Microsoft-Windows-Kernel-Boot", "Computer": "DESKTOP-OFJ6N53", "TimeCreated": "2025-04-02 09:31:21.859058+00:00", "RecordID": "726", "Level": "2", "UserID": "S-1-5-18", "EventData.InitState": "1", "EventData.StatusCode": "3221225473", "EventData.FailureAddress": "11611451", "EventData.ReferenceAddress": "12943104", "EventData.ReasonCode": "1"}
{"EventID": "158", "Channel": "Microsoft-Windows-Kernel-Boot/Operational", "Provider_Name": "Microsoft-Windows-Kernel-Boot", "Computer": "DESKTOP-OFJ6N53", "TimeCreated": "2025-04-02 09:31:21.859283+00:00", "RecordID": "727", "Level": "2", "UserID": "S-1-5-18", "EventData.DiagCode": "1076887595", "EventData.Status": "3221225659"}
{"EventID": "235", "Channel": "Microsoft-Windows-Kernel-Boot/Operational", "Provider_Name": "Microsoft-Windows-Kernel-Boot", "Computer": "DESKTOP-OFJ6N53", "TimeCreated": "2025-04-02 09:31:21.859362+00:00", "RecordID": "728", "Level": "2", "UserID": "S-1-5-18", "EventData.StatusCode": "3221225474", "EventData.Position": "1"}
{"EventID": "208", "Channel": "Microsoft-Windows-Kernel-Boot/Operational", "Provider_Name": "Microsoft-Windows-Kernel-Boot", "Computer": "DESKTOP-OFJ6N53", "TimeCreated": "2025-04-02 09:31:21.859362+00:00", "RecordID": "729", "Level": "2", "UserID": "S-1-5-18", "EventData.InitState": "1", "EventData.StatusCode": "3221225473", "EventData.FailureAddress": "268918682", "EventData.ReferenceAddress": "270161408", "EventData.ReasonCode": "1"}
{"EventID": "235", "Channel": "Microsoft-Windows-Kernel-Boot/Operational", "Provider_Name": "Microsoft-Windows-Kernel-Boot", "Computer": "DESKTOP-OFJ6N53", "TimeCreated": "2025-04-02 09:57:30.857990+00:00", "RecordID": "730", "Level": "2", "UserID": "S-1-5-18", "EventData.StatusCode": "3221225474", "EventData.Position": "1"}
{"EventID": "208", "Channel": "Microsoft-Windows-Kernel-Boot/Operational", "Provider_Name": "Microsoft-Windows-Kernel-Boot", "Computer": "DESKTOP-OFJ6N53", "TimeCreated": "2025-04-02 09:57:30.857990+00:00", "RecordID": "731", "Level": "2", "UserID": "S-1-5-18", "EventData.InitState": "1", "EventData.StatusCode": "3221225473", "EventData.FailureAddress": "11611451", "EventData.ReferenceAddress": "12943104", "EventData.ReasonCode": "1"}
{"EventID": "158", "Channel": "Microsoft-Windows-Kernel-Boot/Operational", "Provider_Name": "Microsoft-Windows-Kernel-Boot", "Computer": "DESKTOP-OFJ6N53", "TimeCreated": "2025-04-02 09:57:30.858202+00:00", "RecordID": "732", "Level": "2", "UserID": "S-1-5-18", "EventData.DiagCode": "1076887595", "EventData.Status": "3221225659"}
{"EventID": "235", "Channel": "Microsoft-Windows-Kernel-Boot/Operational", "Provider_Name": "Microsoft-Windows-Kernel-Boot", "Computer": "DESKTOP-OFJ6N53", "TimeCreated": "2025-04-02 09:57:30.858274+00:00", "RecordID": "733", "Level": "2", "UserID": "S-1-5-18", "EventData.StatusCode": "3221225474", "EventData.Position": "1"}
{"EventID": "208", "Channel": "Microsoft-Windows-Kernel-Boot/Operational", "Provider_Name": "Microsoft-Windows-Kernel-Boot", "Computer": "DESKTOP-OFJ6N53", "TimeCreated": "2025-04-02 09:57:30.858276+00:00", "RecordID": "734", "Level": "2", "UserID": "S-1-5-18", "EventData.InitState": "1", "EventData.StatusCode": "3221225473", "EventData.FailureAddress": "268918682", "EventData.ReferenceAddress": "270161408", "EventData.ReasonCode": "1"}
{"EventID": "235", "Channel": "Microsoft-Windows-Kernel-Boot/Operational", "Provider_Name": "Microsoft-Windows-Kernel-Boot", "Computer": "DESKTOP-OFJ6N53", "TimeCreated": "2025-04-02 10:08:15.875381+00:00", "RecordID": "735", "Level": "2", "UserID": "S-1-5-18", "EventData.StatusCode": "3221225474", "EventData.Position": "1"}
{"EventID": "208", "Channel": "Microsoft-Windows-Kernel-Boot/Operational", "Provider_Name": "Microsoft-Windows-Kernel-Boot", "Computer": "DESKTOP-OFJ6N53", "TimeCreated": "2025-04-02 10:08:15.875381+00:00", "RecordID": "736", "Level": "2", "UserID": "S-1-5-18", "EventData.InitState": "1", "EventData.StatusCode": "3221225473", "EventData.FailureAddress": "11611451", "EventData.ReferenceAddress": "12943104", "EventData.ReasonCode": "1"}
{"EventID": "158", "Channel": "Microsoft-Windows-Kernel-Boot/Operational", "Provider_Name": "Microsoft-Windows-Kernel-Boot", "Computer": "DESKTOP-OFJ6N53", "TimeCreated": "2025-04-02 10:08:15.875595+00:00", "RecordID": "737", "Level": "2", "UserID": "S-1-5-18", "EventData.DiagCode": "1076887595", "EventData.Status": "3221225659"}
{"EventID": "235", "Channel": "Microsoft-Windows-Kernel-Boot/Operational", "Provider_Name": "Microsoft-Windows-Kernel-Boot", "Computer": "DESKTOP-OFJ6N53", "TimeCreated": "2025-04-02 10:08:15.875664+00:00", "RecordID": "738", "Level": "2", "UserID": "S-1-5-18", "EventData.StatusCode": "3221225474", "EventData.Position": "1"}
{"EventID": "208", "Channel": "Microsoft-Windows-Kernel-Boot/Operational", "Provider_Name": "Microsoft-Windows-Kernel-Boot", "Computer": "DESKTOP-OFJ6N53", "TimeCreated": "2025-04-02 10:08:15.875664+00:00", "RecordID": "739", "Level": "2", "UserID": "S-1-5-18", "EventData.InitState": "1", "EventData.StatusCode": "3221225473", "EventData.FailureAddress": "268918682", "EventData.ReferenceAddress": "270161408", "EventData.ReasonCode": "1"}
{"EventID": "235", "Channel": "Microsoft-Windows-Kernel-Boot/Operational", "Provider_Name": "Microsoft-Windows-Kernel-Boot", "Computer": "DESKTOP-OFJ6N53", "TimeCreated": "2025-04-02 10:11:43.856010+00:00", "RecordID": "740", "Level": "2", "UserID": "S-1-5-18", "EventData.StatusCode": "3221225474", "EventData.Position": "1"}
{"EventID": "208", "Channel": "Microsoft-Windows-Kernel-Boot/Operational", "Provider_Name": "Microsoft-Windows-Kernel-Boot", "Computer": "DESKTOP-OFJ6N53", "TimeCreated": "2025-04-02 10:11:43.856012+00:00", "RecordID": "741", "Level": "2", "UserID": "S-1-5-18", "EventData.InitState": "1", "EventData.StatusCode": "3221225473", "EventData.FailureAddress": "11611451", "EventData.ReferenceAddress": "12943104", "EventData.ReasonCode": "1"}
{"EventID": "158", "Channel": "Microsoft-Windows-Kernel-Boot/Operational", "Provider_Name": "Microsoft-Windows-Kernel-Boot", "Computer": "DESKTOP-OFJ6N53", "TimeCreated": "2025-04-02 10:11:43.856224+00:00", "RecordID": "742", "Level": "2", "UserID": "S-1-5-18", "EventData.DiagCode": "1076887595", "EventData.Status": "3221225659"}
{"EventID": "235", "Channel": "Microsoft-Windows-Kernel-Boot/Operational", "Provider_Name": "Microsoft-Windows-Kernel-Boot", "Computer": "DESKTOP-OFJ6N53", "TimeCreated": "2025-04-02 10:11:43.856295+00:00", "RecordID": "743", "Level": "2", "UserID": "S-1-5-18", "EventData.StatusCode": "3221225474", "EventData.Position": "1"}
{"EventID": "208", "Channel": "Microsoft-Windows-Kernel-Boot/Operational", "Provider_Name": "Microsoft-Windows-Kernel-Boot", "Computer": "DESKTOP-OFJ6N53", "TimeCreated": "2025-04-02 10:11:43.856295+00:00", "RecordID": "744", "Level": "2", "UserID": "S-1-5-18", "EventData.InitState": "1", "EventData.StatusCode": "3221225473", "EventData.FailureAddress": "268918682", "EventData.ReferenceAddress": "270161408", "EventData.ReasonCode": "1"}
{"EventID": "235", "Channel": "Microsoft-Windows-Kernel-Boot/Operational", "Provider_Name": "Microsoft-Windows-Kernel-Boot", "Computer": "DESKTOP-OFJ6N53", "TimeCreated": "2025-04-02 10:16:07.858936+00:00", "RecordID": "745", "Level": "2", "UserID": "S-1-5-18", "EventData.StatusCode": "3221225474", "EventData.Position": "1"}
{"EventID": "208", "Channel": "Microsoft-Windows-Kernel-Boot/Operational", "Provider_Name": "Microsoft-Windows-Kernel-Boot", "Computer": "DESKTOP-OFJ6N53", "TimeCreated": "2025-04-02 10:16:07.858938+00:00", "RecordID": "746", "Level": "2", "UserID": "S-1-5-18", "EventData.InitState": "1", "EventData.StatusCode": "3221225473", "EventData.FailureAddress": "11611451", "EventData.ReferenceAddress": "12943104", "EventData.ReasonCode": "1"}
{"EventID": "158", "Channel": "Microsoft-Windows-Kernel-Boot/Operational", "Provider_Name": "Microsoft-Windows-Kernel-Boot", "Computer": "DESKTOP-OFJ6N53", "TimeCreated": "2025-04-02 10:16:07.859180+00:00", "RecordID": "747", "Level": "2", "UserID": "S-1-5-18", "EventData.DiagCode": "1076887595", "EventData.Status": "3221225659"}
{"EventID": "235", "Channel": "Microsoft-Windows-Kernel-Boot/Operational", "Provider_Name": "Microsoft-Windows-Kernel-Boot", "Computer": "DESKTOP-OFJ6N53", "TimeCreated": "2025-04-02 10:16:07.859266+00:00", "RecordID": "748", "Level": "2", "UserID": "S-1-5-18", "EventData.StatusCode": "3221225474", "EventData.Position": "1"}
{"EventID": "208", "Channel": "Microsoft-Windows-Kernel-Boot/Operational", "Provider_Name": "Microsoft-Windows-Kernel-Boot", "Computer": "DESKTOP-OFJ6N53", "TimeCreated": "2025-04-02 10:16:07.859268+00:00", "RecordID": "749", "Level": "2", "UserID": "S-1-5-18", "EventData.InitState": "1", "EventData.StatusCode": "3221225473", "EventData.FailureAddress": "268918682", "EventData.ReferenceAddress": "270161408", "EventData.ReasonCode": "1"}
{"EventID": "235", "Channel": "Microsoft-Windows-Kernel-Boot/Operational", "Provider_Name": "Microsoft-Windows-Kernel-Boot", "Computer": "DESKTOP-OFJ6N53", "TimeCreated": "2025-04-02 10:33:55.856075+00:00", "RecordID": "750", "Level": "2", "UserID": "S-1-5-18", "EventData.StatusCode": "3221225474", "EventData.Position": "1"}
{"EventID": "208", "Channel": "Microsoft-Windows-Kernel-Boot/Operational", "Provider_Name": "Microsoft-Windows-Kernel-Boot", "Computer": "DESKTOP-OFJ6N53", "TimeCreated": "2025-04-02 10:33:55.856075+00:00", "RecordID": "751", "Level": "2", "UserID": "S-1-5-18", "EventData.InitState": "1", "EventData.StatusCode": "3221225473", "EventData.FailureAddress": "11611451", "EventData.ReferenceAddress": "12943104", "EventData.ReasonCode": "1"}
{"EventID": "158", "Channel": "Microsoft-Windows-Kernel-Boot/Operational", "Provider_Name": "Microsoft-Windows-Kernel-Boot", "Computer": "DESKTOP-OFJ6N53", "TimeCreated": "2025-04-02 10:33:55.856289+00:00", "RecordID": "752", "Level": "2", "UserID": "S-1-5-18", "EventData.DiagCode": "1076887595", "EventData.Status": "3221225659"}
{"EventID": "235", "Channel": "Microsoft-Windows-Kernel-Boot/Operational", "Provider_Name": "Microsoft-Windows-Kernel-Boot", "Computer": "DESKTOP-OFJ6N53", "TimeCreated": "2025-04-02 10:33:55.856365+00:00", "RecordID": "753", "Level": "2", "UserID": "S-1-5-18", "EventData.StatusCode": "3221225474", "EventData.Position": "1"}
{"EventID": "208", "Channel": "Microsoft-Windows-Kernel-Boot/Operational", "Provider_Name": "Microsoft-Windows-Kernel-Boot", "Computer": "DESKTOP-OFJ6N53", "TimeCreated": "2025-04-02 10:33:55.856365+00:00", "RecordID": "754", "Level": "2", "UserID": "S-1-5-18", "EventData.InitState": "1", "EventData.StatusCode": "3221225473", "EventData.FailureAddress": "268918682", "EventData.ReferenceAddress": "270161408", "EventData.ReasonCode": "1"}
{"EventID": "235", "Channel": "Microsoft-Windows-Kernel-Boot/Operational", "Provider_Name": "Microsoft-Windows-Kernel-Boot", "Computer": "DESKTOP-OFJ6N53", "TimeCreated": "2025-04-09 14:35:24.341135+00:00", "RecordID": "755", "Level": "2", "UserID": "S-1-5-18", "EventData.StatusCode": "3221225474", "EventData.Position": "1"}
{"EventID": "208", "Channel": "Microsoft-Windows-Kernel-Boot/Operational", "Provider_Name": "Microsoft-Windows-Kernel-Boot", "Computer": "DESKTOP-OFJ6N53", "TimeCreated": "2025-04-09 14:35:24.341137+00:00", "RecordID": "756", "Level": "2", "UserID": "S-1-5-18", "EventData.InitState": "1", "EventData.StatusCode": "3221225473", "EventData.FailureAddress": "11621743", "EventData.ReferenceAddress": "12955136", "EventData.ReasonCode": "1"}
{"EventID": "158", "Channel": "Microsoft-Windows-Kernel-Boot/Operational", "Provider_Name": "Microsoft-Windows-Kernel-Boot", "Computer": "DESKTOP-OFJ6N53", "TimeCreated": "2025-04-09 14:35:24.341396+00:00", "RecordID": "757", "Level": "2", "UserID": "S-1-5-18", "EventData.DiagCode": "1076887595", "EventData.Status": "3221225659"}
{"EventID": "235", "Channel": "Microsoft-Windows-Kernel-Boot/Operational", "Provider_Name": "Microsoft-Windows-Kernel-Boot", "Computer": "DESKTOP-OFJ6N53", "TimeCreated": "2025-04-09 14:35:24.341475+00:00", "RecordID": "758", "Level": "2", "UserID": "S-1-5-18", "EventData.StatusCode": "3221225474", "EventData.Position": "1"}
{"EventID": "208", "Channel": "Microsoft-Windows-Kernel-Boot/Operational", "Provider_Name": "Microsoft-Windows-Kernel-Boot", "Computer": "DESKTOP-OFJ6N53", "TimeCreated": "2025-04-09 14:35:24.341476+00:00", "RecordID": "759", "Level": "2", "UserID": "S-1-5-18", "EventData.InitState": "1", "EventData.StatusCode": "3221225473", "EventData.FailureAddress": "268918682", "EventData.ReferenceAddress": "270161408", "EventData.ReasonCode": "1"}
{"EventID": "235", "Channel": "Microsoft-Windows-Kernel-Boot/Operational", "Provider_Name": "Microsoft-Windows-Kernel-Boot", "Computer": "DESKTOP-OFJ6N53", "TimeCreated": "2025-04-23 00:40:04.146111+00:00", "RecordID": "760", "Level": "2", "UserID": "S-1-5-18", "EventData.StatusCode": "3221225474", "EventData.Position": "1"}
{"EventID": "208", "Channel": "Microsoft-Windows-Kernel-Boot/Operational", "Provider_Name": "Microsoft-Windows-Kernel-Boot", "Computer": "DESKTOP-OFJ6N53", "TimeCreated": "2025-04-23 00:40:04.146111+00:00", "RecordID": "761", "Level": "2", "UserID": "S-1-5-18", "EventData.InitState": "1", "EventData.StatusCode": "3221225473", "EventData.FailureAddress": "11629935", "EventData.ReferenceAddress": "12963328", "EventData.ReasonCode": "1"}
{"EventID": "158", "Channel": "Microsoft-Windows-Kernel-Boot/Operational", "Provider_Name": "Microsoft-Windows-Kernel-Boot", "Computer": "DESKTOP-OFJ6N53", "TimeCreated": "2025-04-23 00:40:04.146336+00:00", "RecordID": "762", "Level": "2", "UserID": "S-1-5-18", "EventData.DiagCode": "1076887595", "EventData.Status": "3221225659"}
{"EventID": "235", "Channel": "Microsoft-Windows-Kernel-Boot/Operational", "Provider_Name": "Microsoft-Windows-Kernel-Boot", "Computer": "DESKTOP-OFJ6N53", "TimeCreated": "2025-04-23 00:40:04.146408+00:00", "RecordID": "763", "Level": "2", "UserID": "S-1-5-18", "EventData.StatusCode": "3221225474", "EventData.Position": "1"}
{"EventID": "208", "Channel": "Microsoft-Windows-Kernel-Boot/Operational", "Provider_Name": "Microsoft-Windows-Kernel-Boot", "Computer": "DESKTOP-OFJ6N53", "TimeCreated": "2025-04-23 00:40:04.146408+00:00", "RecordID": "764", "Level": "2", "UserID": "S-1-5-18", "EventData.InitState": "1", "EventData.StatusCode": "3221225473", "EventData.FailureAddress": "268919966", "EventData.ReferenceAddress": "270165280", "EventData.ReasonCode": "1"}
{"EventID": "235", "Channel": "Microsoft-Windows-Kernel-Boot/Operational", "Provider_Name": "Microsoft-Windows-Kernel-Boot", "Computer": "DESKTOP-OFJ6N53", "TimeCreated": "2025-05-14 14:41:52.219177+00:00", "RecordID": "765", "Level": "2", "UserID": "S-1-5-18", "EventData.StatusCode": "3221225474", "EventData.Position": "1"}
{"EventID": "208", "Channel": "Microsoft-Windows-Kernel-Boot/Operational", "Provider_Name": "Microsoft-Windows-Kernel-Boot", "Computer": "DESKTOP-OFJ6N53", "TimeCreated": "2025-05-14 14:41:52.219179+00:00", "RecordID": "766", "Level": "2", "UserID": "S-1-5-18", "EventData.InitState": "1", "EventData.StatusCode": "3221225473", "EventData.FailureAddress": "11630187", "EventData.ReferenceAddress": "12963264", "EventData.ReasonCode": "1"}
{"EventID": "158", "Channel": "Microsoft-Windows-Kernel-Boot/Operational", "Provider_Name": "Microsoft-Windows-Kernel-Boot", "Computer": "DESKTOP-OFJ6N53", "TimeCreated": "2025-05-14 14:41:52.219393+00:00", "RecordID": "767", "Level": "2", "UserID": "S-1-5-18", "EventData.DiagCode": "1076887595", "EventData.Status": "3221225659"}
{"EventID": "235", "Channel": "Microsoft-Windows-Kernel-Boot/Operational", "Provider_Name": "Microsoft-Windows-Kernel-Boot", "Computer": "DESKTOP-OFJ6N53", "TimeCreated": "2025-05-14 14:41:52.219463+00:00", "RecordID": "768", "Level": "2", "UserID": "S-1-5-18", "EventData.StatusCode": "3221225474", "EventData.Position": "1"}
{"EventID": "208", "Channel": "Microsoft-Windows-Kernel-Boot/Operational", "Provider_Name": "Microsoft-Windows-Kernel-Boot", "Computer": "DESKTOP-OFJ6N53", "TimeCreated": "2025-05-14 14:41:52.219463+00:00", "RecordID": "769", "Level": "2", "UserID": "S-1-5-18", "EventData.InitState": "1", "EventData.StatusCode": "3221225473", "EventData.FailureAddress": "268919966", "EventData.ReferenceAddress": "270165280", "EventData.ReasonCode": "1"}
{"EventID": "235", "Channel": "Microsoft-Windows-Kernel-Boot/Operational", "Provider_Name": "Microsoft-Windows-Kernel-Boot", "Computer": "DESKTOP-OFJ6N53", "TimeCreated": "2025-06-11 14:45:26.154404+00:00", "RecordID": "770", "Level": "2", "UserID": "S-1-5-18", "EventData.StatusCode": "3221225474", "EventData.Position": "1"}
{"EventID": "208", "Channel": "Microsoft-Windows-Kernel-Boot/Operational", "Provider_Name": "Microsoft-Windows-Kernel-Boot", "Computer": "DESKTOP-OFJ6N53", "TimeCreated": "2025-06-11 14:45:26.154406+00:00", "RecordID": "771", "Level": "2", "UserID": "S-1-5-18", "EventData.InitState": "1", "EventData.StatusCode": "3221225473", "EventData.FailureAddress": "11630187", "EventData.ReferenceAddress": "12963296", "EventData.ReasonCode": "1"}
{"EventID": "292", "Channel": "Microsoft-Windows-Kernel-Boot/Operational", "Provider_Name": "Microsoft-Windows-Kernel-Boot", "Computer": "DESKTOP-OFJ6N53", "TimeCreated": "2025-06-11 14:45:26.154602+00:00", "RecordID": "772", "Level": "2", "UserID": "S-1-5-18", "EventData.Status": "3221225561", "EventData.FailurePoint": "7", "EventData.UpdateStatusEnum": "3", "EventData.FwLevel": "sbat,1,2024010900\nshim,4\ngrub,3\ngrub.debian,4"}
{"EventID": "158", "Channel": "Microsoft-Windows-Kernel-Boot/Operational", "Provider_Name": "Microsoft-Windows-Kernel-Boot", "Computer": "DESKTOP-OFJ6N53", "TimeCreated": "2025-06-11 14:45:26.154610+00:00", "RecordID": "773", "Level": "2", "UserID": "S-1-5-18", "EventData.DiagCode": "1076887595", "EventData.Status": "3221225659"}
{"EventID": "235", "Channel": "Microsoft-Windows-Kernel-Boot/Operational", "Provider_Name": "Microsoft-Windows-Kernel-Boot", "Computer": "DESKTOP-OFJ6N53", "TimeCreated": "2025-06-11 14:45:26.154675+00:00", "RecordID": "774", "Level": "2", "UserID": "S-1-5-18", "EventData.StatusCode": "3221225474", "EventData.Position": "1"}
{"EventID": "208", "Channel": "Microsoft-Windows-Kernel-Boot/Operational", "Provider_Name": "Microsoft-Windows-Kernel-Boot", "Computer": "DESKTOP-OFJ6N53", "TimeCreated": "2025-06-11 14:45:26.154675+00:00", "RecordID": "775", "Level": "2", "UserID": "S-1-5-18", "EventData.InitState": "1", "EventData.StatusCode": "3221225473", "EventData.FailureAddress": "268921298", "EventData.ReferenceAddress": "270165280", "EventData.ReasonCode": "1"}
{"EventID": "235", "Channel": "Microsoft-Windows-Kernel-Boot/Operational", "Provider_Name": "Microsoft-Windows-Kernel-Boot", "Computer": "DESKTOP-OFJ6N53", "TimeCreated": "2025-07-07 12:49:08.230728+00:00", "RecordID": "776", "Level": "2", "UserID": "S-1-5-18", "EventData.StatusCode": "3221225474", "EventData.Position": "1"}
{"EventID": "208", "Channel": "Microsoft-Windows-Kernel-Boot/Operational", "Provider_Name": "Microsoft-Windows-Kernel-Boot", "Computer": "DESKTOP-OFJ6N53", "TimeCreated": "2025-07-07 12:49:08.230728+00:00", "RecordID": "777", "Level": "2", "UserID": "S-1-5-18", "EventData.InitState": "1", "EventData.StatusCode": "3221225473", "EventData.FailureAddress": "11630187", "EventData.ReferenceAddress": "12963296", "EventData.ReasonCode": "1"}
{"EventID": "292", "Channel": "Microsoft-Windows-Kernel-Boot/Operational", "Provider_Name": "Microsoft-Windows-Kernel-Boot", "Computer": "DESKTOP-OFJ6N53", "TimeCreated": "2025-07-07 12:49:08.230957+00:00", "RecordID": "778", "Level": "2", "UserID": "S-1-5-18", "EventData.Status": "3221225561", "EventData.FailurePoint": "7", "EventData.UpdateStatusEnum": "3", "EventData.FwLevel": "sbat,1,2024010900\nshim,4\ngrub,3\ngrub.debian,4"}
{"EventID": "158", "Channel": "Microsoft-Windows-Kernel-Boot/Operational", "Provider_Name": "Microsoft-Windows-Kernel-Boot", "Computer": "DESKTOP-OFJ6N53", "TimeCreated": "2025-07-07 12:49:08.230965+00:00", "RecordID": "779", "Level": "2", "UserID": "S-1-5-18", "EventData.DiagCode": "1076887595", "EventData.Status": "3221225659"}
{"EventID": "235", "Channel": "Microsoft-Windows-Kernel-Boot/Operational", "Provider_Name": "Microsoft-Windows-Kernel-Boot", "Computer": "DESKTOP-OFJ6N53", "TimeCreated": "2025-07-07 12:49:08.231037+00:00", "RecordID": "780", "Level": "2", "UserID": "S-1-5-18", "EventData.StatusCode": "3221225474", "EventData.Position": "1"}
{"EventID": "208", "Channel": "Microsoft-Windows-Kernel-Boot/Operational", "Provider_Name": "Microsoft-Windows-Kernel-Boot", "Computer": "DESKTOP-OFJ6N53", "TimeCreated": "2025-07-07 12:49:08.231037+00:00", "RecordID": "781", "Level": "2", "UserID": "S-1-5-18", "EventData.InitState": "1", "EventData.StatusCode": "3221225473", "EventData.FailureAddress": "268921362", "EventData.ReferenceAddress": "270165216", "EventData.ReasonCode": "1"}
{"EventID": "235", "Channel": "Microsoft-Windows-Kernel-Boot/Operational", "Provider_Name": "Microsoft-Windows-Kernel-Boot", "Computer": "DESKTOP-OFJ6N53", "TimeCreated": "2025-07-09 14:39:39.902040+00:00", "RecordID": "782", "Level": "2", "UserID": "S-1-5-18", "EventData.StatusCode": "3221225474", "EventData.Position": "1"}
{"EventID": "208", "Channel": "Microsoft-Windows-Kernel-Boot/Operational", "Provider_Name": "Microsoft-Windows-Kernel-Boot", "Computer": "DESKTOP-OFJ6N53", "TimeCreated": "2025-07-09 14:39:39.902042+00:00", "RecordID": "783", "Level": "2", "UserID": "S-1-5-18", "EventData.InitState": "1", "EventData.StatusCode": "3221225473", "EventData.FailureAddress": "11630195", "EventData.ReferenceAddress": "12963296", "EventData.ReasonCode": "1"}
{"EventID": "158", "Channel": "Microsoft-Windows-Kernel-Boot/Operational", "Provider_Name": "Microsoft-Windows-Kernel-Boot", "Computer": "DESKTOP-OFJ6N53", "TimeCreated": "2025-07-09 14:39:39.902248+00:00", "RecordID": "784", "Level": "2", "UserID": "S-1-5-18", "EventData.DiagCode": "1076887595", "EventData.Status": "3221225659"}
{"EventID": "235", "Channel": "Microsoft-Windows-Kernel-Boot/Operational", "Provider_Name": "Microsoft-Windows-Kernel-Boot", "Computer": "DESKTOP-OFJ6N53", "TimeCreated": "2025-07-09 14:39:39.902319+00:00", "RecordID": "785", "Level": "2", "UserID": "S-1-5-18", "EventData.StatusCode": "3221225474", "EventData.Position": "1"}
{"EventID": "208", "Channel": "Microsoft-Windows-Kernel-Boot/Operational", "Provider_Name": "Microsoft-Windows-Kernel-Boot", "Computer": "DESKTOP-OFJ6N53", "TimeCreated": "2025-07-09 14:39:39.902321+00:00", "RecordID": "786", "Level": "2", "UserID": "S-1-5-18", "EventData.InitState": "1", "EventData.StatusCode": "3221225473", "EventData.FailureAddress": "268921362", "EventData.ReferenceAddress": "270165216", "EventData.ReasonCode": "1"}
{"EventID": "235", "Channel": "Microsoft-Windows-Kernel-Boot/Operational", "Provider_Name": "Microsoft-Windows-Kernel-Boot", "Computer": "DESKTOP-OFJ6N53", "TimeCreated": "2025-07-24 21:29:27.250227+00:00", "RecordID": "787", "Level": "2", "UserID": "S-1-5-18", "EventData.StatusCode": "3221225474", "EventData.Position": "1"}
{"EventID": "208", "Channel": "Microsoft-Windows-Kernel-Boot/Operational", "Provider_Name": "Microsoft-Windows-Kernel-Boot", "Computer": "DESKTOP-OFJ6N53", "TimeCreated": "2025-07-24 21:29:27.250227+00:00", "RecordID": "788", "Level": "2", "UserID": "S-1-5-18", "EventData.InitState": "1", "EventData.StatusCode": "3221225473", "EventData.FailureAddress": "11630195", "EventData.ReferenceAddress": "12963296", "EventData.ReasonCode": "1"}
{"EventID": "292", "Channel": "Microsoft-Windows-Kernel-Boot/Operational", "Provider_Name": "Microsoft-Windows-Kernel-Boot", "Computer": "DESKTOP-OFJ6N53", "TimeCreated": "2025-07-24 21:29:27.250452+00:00", "RecordID": "789", "Level": "2", "UserID": "S-1-5-18", "EventData.Status": "3221225561", "EventData.FailurePoint": "7", "EventData.UpdateStatusEnum": "3", "EventData.FwLevel": "sbat,1,2024010900\nshim,4\ngrub,3\ngrub.debian,4"}
{"EventID": "158", "Channel": "Microsoft-Windows-Kernel-Boot/Operational", "Provider_Name": "Microsoft-Windows-Kernel-Boot", "Computer": "DESKTOP-OFJ6N53", "TimeCreated": "2025-07-24 21:29:27.250456+00:00", "RecordID": "790", "Level": "2", "UserID": "S-1-5-18", "EventData.DiagCode": "1076887595", "EventData.Status": "3221225659"}
{"EventID": "235", "Channel": "Microsoft-Windows-Kernel-Boot/Operational", "Provider_Name": "Microsoft-Windows-Kernel-Boot", "Computer": "DESKTOP-OFJ6N53", "TimeCreated": "2025-07-24 21:29:27.250532+00:00", "RecordID": "791", "Level": "2", "UserID": "S-1-5-18", "EventData.StatusCode": "3221225474", "EventData.Position": "1"}
{"EventID": "208", "Channel": "Microsoft-Windows-Kernel-Boot/Operational", "Provider_Name": "Microsoft-Windows-Kernel-Boot", "Computer": "DESKTOP-OFJ6N53", "TimeCreated": "2025-07-24 21:29:27.250534+00:00", "RecordID": "792", "Level": "2", "UserID": "S-1-5-18", "EventData.InitState": "1", "EventData.StatusCode": "3221225473", "EventData.FailureAddress": "268921370", "EventData.ReferenceAddress": "270165216", "EventData.ReasonCode": "1"}
