{"EventID": "100", "Channel": "Microsoft-Windows-Diagnosis-DPS/Operational", "Provider_Name": "Microsoft-Windows-Diagnosis-DPS", "Computer": "DESKTOP-OFJ6N53", "TimeCreated": "2025-04-02 09:53:54.314869+00:00", "RecordID": "3749", "Level": "4", "UserID": "S-1-5-19", "EventData.ScenarioId": "{3af8b24a-c441-4fa4-8c5c-bed591bfa867}", "EventData.InstanceId": "{1980dc6a-17ab-46f0-9a50-0a01be4de654}", "EventData.OriginalActivityId": "{9f41811a-0429-42aa-81b7-cfd4d968411f}", "EventData.DiagnosticModuleImageName": "%windir%\\system32\\radardt.dll", "EventData.DiagnosticModuleId": "{e4cd2e3e-3852-4952-b76b-23bb8e35d344}"}
{"EventID": "105", "Channel": "Microsoft-Windows-Diagnosis-DPS/Operational", "Provider_Name": "Microsoft-Windows-Diagnosis-DPS", "Computer": "DESKTOP-OFJ6N53", "TimeCreated": "2025-04-02 09:53:54.314873+00:00", "RecordID": "3750", "Level": "4", "UserID": "S-1-5-19", "EventData.ScenarioId": "{3af8b24a-c441-4fa4-8c5c-bed591bfa867}", "EventData.InstanceId": "{1980dc6a-17ab-46f0-9a50-0a01be4de654}", "EventData.OriginalActivityId": "{9f41811a-0429-42aa-81b7-cfd4d968411f}", "EventData.DiagnosticModuleImageName": "%windir%\\system32\\radardt.dll", "EventData.DiagnosticModuleId": "{e4cd2e3e-3852-4952-b76b-23bb8e35d344}"}
{"EventID": "110", "Channel": "Microsoft-Windows-Diagnosis-DPS/Operational", "Provider_Name": "Microsoft-Windows-Diagnosis-DPS", "Computer": "DESKTOP-OFJ6N53", "TimeCreated": "2025-04-02 09:54:10.465149+00:00", "RecordID": "3751", "Level": "4", "UserID": "S-1-5-19", "EventData.ScenarioId": "{2698178d-fdad-40ae-9d3c-1371703adc5b}", "EventData.InstanceId": "{85f7d68b-48c2-4ebe-88c0-ba9ff66b2a1e}", "EventData.OriginalActivityId": "{2698178d-fdad-40ae-9d3c-1371703adc5b}", "EventData.DiagnosticModuleImageName": "%SystemRoot%\\system32\\diagperf.dll", "EventData.DiagnosticModuleId": "{15fba3b8-a37a-4f91-bdba-fbb98fe804bf}"}
{"EventID": "100", "Channel": "Microsoft-Windows-Diagnosis-DPS/Operational", "Provider_Name": "Microsoft-Windows-Diagnosis-DPS", "Computer": "DESKTOP-OFJ6N53", "TimeCreated": "2025-04-02 09:57:50.333042+00:00", "RecordID": "3752", "Level": "4", "UserID": "S-1-5-19", "EventData.ScenarioId": "{2698178d-fdad-40ae-9d3c-1371703adc5b}", "EventData.InstanceId": "{de754edc-c353-4abb-aebb-b3fa5911d587}", "EventData.OriginalActivityId": "{2698178d-fdad-40ae-9d3c-1371703adc5b}", "EventData.DiagnosticModuleImageName": "%SystemRoot%\\system32\\diagperf.dll", "EventData.DiagnosticModuleId": "{15fba3b8-a37a-4f91-bdba-fbb98fe804bf}"}
{"EventID": "105", "Channel": "Microsoft-Windows-Diagnosis-DPS/Operational", "Provider_Name": "Microsoft-Windows-Diagnosis-DPS", "Computer": "DESKTOP-OFJ6N53", "TimeCreated": "2025-04-02 09:57:50.333046+00:00", "RecordID": "3753", "Level": "4", "UserID": "S-1-5-19", "EventData.ScenarioId": "{2698178d-fdad-40ae-9d3c-1371703adc5b}", "EventData.InstanceId": "{de754edc-c353-4abb-aebb-b3fa5911d587}", "EventData.OriginalActivityId": "{2698178d-fdad-40ae-9d3c-1371703adc5b}", "EventData.DiagnosticModuleImageName": "%SystemRoot%\\system32\\diagperf.dll", "EventData.DiagnosticModuleId": "{15fba3b8-a37a-4f91-bdba-fbb98fe804bf}"}
{"EventID": "100", "Channel": "Microsoft-Windows-Diagnosis-DPS/Operational", "Provider_Name": "Microsoft-Windows-Diagnosis-DPS", "Computer": "DESKTOP-OFJ6N53", "TimeCreated": "2025-04-02 10:02:30.532099+00:00", "RecordID": "3754", "Level": "4", "UserID": "S-1-5-19", "EventData.ScenarioId": "{3af8b24a-c441-4fa4-8c5c-bed591bfa867}", "EventData.InstanceId": "{e41721a8-0741-418d-b1dd-95383e8d9cad}", "EventData.OriginalActivityId": "{9f41811a-0429-42aa-81b7-cfd4d968411f}", "EventData.DiagnosticModuleImageName": "%windir%\\system32\\radardt.dll", "EventData.DiagnosticModuleId": "{e4cd2e3e-3852-4952-b76b-23bb8e35d344}"}
{"EventID": "105", "Channel": "Microsoft-Windows-Diagnosis-DPS/Operational", "Provider_Name": "Microsoft-Windows-Diagnosis-DPS", "Computer": "DESKTOP-OFJ6N53", "TimeCreated": "2025-04-02 10:02:30.532103+00:00", "RecordID": "3755", "Level": "4", "UserID": "S-1-5-19", "EventData.ScenarioId": "{3af8b24a-c441-4fa4-8c5c-bed591bfa867}", "EventData.InstanceId": "{e41721a8-0741-418d-b1dd-95383e8d9cad}", "EventData.OriginalActivityId": "{9f41811a-0429-42aa-81b7-cfd4d968411f}", "EventData.DiagnosticModuleImageName": "%windir%\\system32\\radardt.dll", "EventData.DiagnosticModuleId": "{e4cd2e3e-3852-4952-b76b-23bb8e35d344}"}
{"EventID": "110", "Channel": "Microsoft-Windows-Diagnosis-DPS/Operational", "Provider_Name": "Microsoft-Windows-Diagnosis-DPS", "Computer": "DESKTOP-OFJ6N53", "TimeCreated": "2025-04-02 10:02:49.864300+00:00", "RecordID": "3756", "Level": "4", "UserID": "S-1-5-19", "EventData.ScenarioId": "{2698178d-fdad-40ae-9d3c-1371703adc5b}", "EventData.InstanceId": "{de754edc-c353-4abb-aebb-b3fa5911d587}", "EventData.OriginalActivityId": "{2698178d-fdad-40ae-9d3c-1371703adc5b}", "EventData.DiagnosticModuleImageName": "%SystemRoot%\\system32\\diagperf.dll", "EventData.DiagnosticModuleId": "{15fba3b8-a37a-4f91-bdba-fbb98fe804bf}"}
{"EventID": "100", "Channel": "Microsoft-Windows-Diagnosis-DPS/Operational", "Provider_Name": "Microsoft-Windows-Diagnosis-DPS", "Computer": "DESKTOP-OFJ6N53", "TimeCreated": "2025-04-02 10:08:33.333706+00:00", "RecordID": "3757", "Level": "4", "UserID": "S-1-5-19", "EventData.ScenarioId": "{2698178d-fdad-40ae-9d3c-1371703adc5b}", "EventData.InstanceId": "{216d62af-8036-444d-84fd-701467b4b0af}", "EventData.OriginalActivityId": "{2698178d-fdad-40ae-9d3c-1371703adc5b}", "EventData.DiagnosticModuleImageName": "%SystemRoot%\\system32\\diagperf.dll", "EventData.DiagnosticModuleId": "{15fba3b8-a37a-4f91-bdba-fbb98fe804bf}"}
{"EventID": "105", "Channel": "Microsoft-Windows-Diagnosis-DPS/Operational", "Provider_Name": "Microsoft-Windows-Diagnosis-DPS", "Computer": "DESKTOP-OFJ6N53", "TimeCreated": "2025-04-02 10:08:33.333710+00:00", "RecordID": "3758", "Level": "4", "UserID": "S-1-5-19", "EventData.ScenarioId": "{2698178d-fdad-40ae-9d3c-1371703adc5b}", "EventData.InstanceId": "{216d62af-8036-444d-84fd-701467b4b0af}", "EventData.OriginalActivityId": "{2698178d-fdad-40ae-9d3c-1371703adc5b}", "EventData.DiagnosticModuleImageName": "%SystemRoot%\\system32\\diagperf.dll", "EventData.DiagnosticModuleId": "{15fba3b8-a37a-4f91-bdba-fbb98fe804bf}"}
{"EventID": "100", "Channel": "Microsoft-Windows-Diagnosis-DPS/Operational", "Provider_Name": "Microsoft-Windows-Diagnosis-DPS", "Computer": "DESKTOP-OFJ6N53", "TimeCreated": "2025-04-02 10:08:44.375862+00:00", "RecordID": "3759", "Level": "4", "UserID": "S-1-5-19", "EventData.ScenarioId": "{3af8b24a-c441-4fa4-8c5c-bed591bfa867}", "EventData.InstanceId": "{81f599b9-df9f-477e-bcb1-ed8edbc9630b}", "EventData.OriginalActivityId": "{9f41811a-0429-42aa-81b7-cfd4d968411f}", "EventData.DiagnosticModuleImageName": "%windir%\\system32\\radardt.dll", "EventData.DiagnosticModuleId": "{e4cd2e3e-3852-4952-b76b-23bb8e35d344}"}
{"EventID": "105", "Channel": "Microsoft-Windows-Diagnosis-DPS/Operational", "Provider_Name": "Microsoft-Windows-Diagnosis-DPS", "Computer": "DESKTOP-OFJ6N53", "TimeCreated": "2025-04-02 10:08:44.375866+00:00", "RecordID": "3760", "Level": "4", "UserID": "S-1-5-19", "EventData.ScenarioId": "{3af8b24a-c441-4fa4-8c5c-bed591bfa867}", "EventData.InstanceId": "{81f599b9-df9f-477e-bcb1-ed8edbc9630b}", "EventData.OriginalActivityId": "{9f41811a-0429-42aa-81b7-cfd4d968411f}", "EventData.DiagnosticModuleImageName": "%windir%\\system32\\radardt.dll", "EventData.DiagnosticModuleId": "{e4cd2e3e-3852-4952-b76b-23bb8e35d344}"}
{"EventID": "110", "Channel": "Microsoft-Windows-Diagnosis-DPS/Operational", "Provider_Name": "Microsoft-Windows-Diagnosis-DPS", "Computer": "DESKTOP-OFJ6N53", "TimeCreated": "2025-04-02 10:09:12.385048+00:00", "RecordID": "3761", "Level": "4", "UserID": "S-1-5-19", "EventData.ScenarioId": "{2698178d-fdad-40ae-9d3c-1371703adc5b}", "EventData.InstanceId": "{216d62af-8036-444d-84fd-701467b4b0af}", "EventData.OriginalActivityId": "{2698178d-fdad-40ae-9d3c-1371703adc5b}", "EventData.DiagnosticModuleImageName": "%SystemRoot%\\system32\\diagperf.dll", "EventData.DiagnosticModuleId": "{15fba3b8-a37a-4f91-bdba-fbb98fe804bf}"}
{"EventID": "100", "Channel": "Microsoft-Windows-Diagnosis-DPS/Operational", "Provider_Name": "Microsoft-Windows-Diagnosis-DPS", "Computer": "DESKTOP-OFJ6N53", "TimeCreated": "2025-04-02 10:12:00.311790+00:00", "RecordID": "3762", "Level": "4", "UserID": "S-1-5-19", "EventData.ScenarioId": "{2698178d-fdad-40ae-9d3c-1371703adc5b}", "EventData.InstanceId": "{1fd81985-a332-43fd-b60d-912ecce8bc33}", "EventData.OriginalActivityId": "{2698178d-fdad-40ae-9d3c-1371703adc5b}", "EventData.DiagnosticModuleImageName": "%SystemRoot%\\system32\\diagperf.dll", "EventData.DiagnosticModuleId": "{15fba3b8-a37a-4f91-bdba-fbb98fe804bf}"}
{"EventID": "105", "Channel": "Microsoft-Windows-Diagnosis-DPS/Operational", "Provider_Name": "Microsoft-Windows-Diagnosis-DPS", "Computer": "DESKTOP-OFJ6N53", "TimeCreated": "2025-04-02 10:12:00.311796+00:00", "RecordID": "3763", "Level": "4", "UserID": "S-1-5-19", "EventData.ScenarioId": "{2698178d-fdad-40ae-9d3c-1371703adc5b}", "EventData.InstanceId": "{1fd81985-a332-43fd-b60d-912ecce8bc33}", "EventData.OriginalActivityId": "{2698178d-fdad-40ae-9d3c-1371703adc5b}", "EventData.DiagnosticModuleImageName": "%SystemRoot%\\system32\\diagperf.dll", "EventData.DiagnosticModuleId": "{15fba3b8-a37a-4f91-bdba-fbb98fe804bf}"}
{"EventID": "100", "Channel": "Microsoft-Windows-Diagnosis-DPS/Operational", "Provider_Name": "Microsoft-Windows-Diagnosis-DPS", "Computer": "DESKTOP-OFJ6N53", "TimeCreated": "2025-04-02 10:12:47.471306+00:00", "RecordID": "3764", "Level": "4", "UserID": "S-1-5-19", "EventData.ScenarioId": "{3af8b24a-c441-4fa4-8c5c-bed591bfa867}", "EventData.InstanceId": "{fd0b532c-d9f2-4b9c-91ef-419f2e581682}", "EventData.OriginalActivityId": "{9f41811a-0429-42aa-81b7-cfd4d968411f}", "EventData.DiagnosticModuleImageName": "%windir%\\system32\\radardt.dll", "EventData.DiagnosticModuleId": "{e4cd2e3e-3852-4952-b76b-23bb8e35d344}"}
{"EventID": "105", "Channel": "Microsoft-Windows-Diagnosis-DPS/Operational", "Provider_Name": "Microsoft-Windows-Diagnosis-DPS", "Computer": "DESKTOP-OFJ6N53", "TimeCreated": "2025-04-02 10:12:47.471313+00:00", "RecordID": "3765", "Level": "4", "UserID": "S-1-5-19", "EventData.ScenarioId": "{3af8b24a-c441-4fa4-8c5c-bed591bfa867}", "EventData.InstanceId": "{fd0b532c-d9f2-4b9c-91ef-419f2e581682}", "EventData.OriginalActivityId": "{9f41811a-0429-42aa-81b7-cfd4d968411f}", "EventData.DiagnosticModuleImageName": "%windir%\\system32\\radardt.dll", "EventData.DiagnosticModuleId": "{e4cd2e3e-3852-4952-b76b-23bb8e35d344}"}
{"EventID": "110", "Channel": "Microsoft-Windows-Diagnosis-DPS/Operational", "Provider_Name": "Microsoft-Windows-Diagnosis-DPS", "Computer": "DESKTOP-OFJ6N53", "TimeCreated": "2025-04-02 10:13:00.591635+00:00", "RecordID": "3766", "Level": "4", "UserID": "S-1-5-19", "EventData.ScenarioId": "{2698178d-fdad-40ae-9d3c-1371703adc5b}", "EventData.InstanceId": "{1fd81985-a332-43fd-b60d-912ecce8bc33}", "EventData.OriginalActivityId": "{2698178d-fdad-40ae-9d3c-1371703adc5b}", "EventData.DiagnosticModuleImageName": "%SystemRoot%\\system32\\diagperf.dll", "EventData.DiagnosticModuleId": "{15fba3b8-a37a-4f91-bdba-fbb98fe804bf}"}
{"EventID": "135", "Channel": "Microsoft-Windows-Diagnosis-DPS/Operational", "Provider_Name": "Microsoft-Windows-Diagnosis-DPS", "Computer": "DESKTOP-OFJ6N53", "TimeCreated": "2025-04-02 10:15:52.834044+00:00", "RecordID": "3767", "Level": "2", "UserID": "S-1-5-19", "EventData.ScenarioId": "{fd5aa730-b53f-4b39-84e5-cb4303621d74}", "EventData.InstanceId": "{a0945868-ab46-4e8c-966e-e61b7a9d4062}", "EventData.OriginalActivityId": "{00000000-0000-0000-0000-000000000000}", "EventData.StatusCode": "2147943515", "EventData.DiagnosticModuleImageName": "%SystemRoot%\\system32\\perftrack.dll", "EventData.DiagnosticModuleId": "{9c5a40da-b965-4fc3-8781-88dd50a6299d}"}
{"EventID": "100", "Channel": "Microsoft-Windows-Diagnosis-DPS/Operational", "Provider_Name": "Microsoft-Windows-Diagnosis-DPS", "Computer": "DESKTOP-OFJ6N53", "TimeCreated": "2025-04-02 10:16:28.201994+00:00", "RecordID": "3768", "Level": "4", "UserID": "S-1-5-19", "EventData.ScenarioId": "{2698178d-fdad-40ae-9d3c-1371703adc5b}", "EventData.InstanceId": "{67a631e0-8265-495e-9209-eb6ad0d7d64b}", "EventData.OriginalActivityId": "{2698178d-fdad-40ae-9d3c-1371703adc5b}", "EventData.DiagnosticModuleImageName": "%SystemRoot%\\system32\\diagperf.dll", "EventData.DiagnosticModuleId": "{15fba3b8-a37a-4f91-bdba-fbb98fe804bf}"}
{"EventID": "105", "Channel": "Microsoft-Windows-Diagnosis-DPS/Operational", "Provider_Name": "Microsoft-Windows-Diagnosis-DPS", "Computer": "DESKTOP-OFJ6N53", "TimeCreated": "2025-04-02 10:16:28.201996+00:00", "RecordID": "3769", "Level": "4", "UserID": "S-1-5-19", "EventData.ScenarioId": "{2698178d-fdad-40ae-9d3c-1371703adc5b}", "EventData.InstanceId": "{67a631e0-8265-495e-9209-eb6ad0d7d64b}", "EventData.OriginalActivityId": "{2698178d-fdad-40ae-9d3c-1371703adc5b}", "EventData.DiagnosticModuleImageName": "%SystemRoot%\\system32\\diagperf.dll", "EventData.DiagnosticModuleId": "{15fba3b8-a37a-4f91-bdba-fbb98fe804bf}"}
{"EventID": "100", "Channel": "Microsoft-Windows-Diagnosis-DPS/Operational", "Provider_Name": "Microsoft-Windows-Diagnosis-DPS", "Computer": "DESKTOP-OFJ6N53", "TimeCreated": "2025-04-02 10:30:57.424318+00:00", "RecordID": "3770", "Level": "4", "UserID": "S-1-5-19", "EventData.ScenarioId": "{3af8b24a-c441-4fa4-8c5c-bed591bfa867}", "EventData.InstanceId": "{2b8121b9-b7a8-4c0d-926b-fd481449252c}", "EventData.OriginalActivityId": "{9f41811a-0429-42aa-81b7-cfd4d968411f}", "EventData.DiagnosticModuleImageName": "%windir%\\system32\\radardt.dll", "EventData.DiagnosticModuleId": "{e4cd2e3e-3852-4952-b76b-23bb8e35d344}"}
{"EventID": "105", "Channel": "Microsoft-Windows-Diagnosis-DPS/Operational", "Provider_Name": "Microsoft-Windows-Diagnosis-DPS", "Computer": "DESKTOP-OFJ6N53", "TimeCreated": "2025-04-02 10:30:57.424334+00:00", "RecordID": "3771", "Level": "4", "UserID": "S-1-5-19", "EventData.ScenarioId": "{3af8b24a-c441-4fa4-8c5c-bed591bfa867}", "EventData.InstanceId": "{2b8121b9-b7a8-4c0d-926b-fd481449252c}", "EventData.OriginalActivityId": "{9f41811a-0429-42aa-81b7-cfd4d968411f}", "EventData.DiagnosticModuleImageName": "%windir%\\system32\\radardt.dll", "EventData.DiagnosticModuleId": "{e4cd2e3e-3852-4952-b76b-23bb8e35d344}"}
{"EventID": "110", "Channel": "Microsoft-Windows-Diagnosis-DPS/Operational", "Provider_Name": "Microsoft-Windows-Diagnosis-DPS", "Computer": "DESKTOP-OFJ6N53", "TimeCreated": "2025-04-02 10:31:38.825474+00:00", "RecordID": "3772", "Level": "4", "UserID": "S-1-5-19", "EventData.ScenarioId": "{2698178d-fdad-40ae-9d3c-1371703adc5b}", "EventData.InstanceId": "{67a631e0-8265-495e-9209-eb6ad0d7d64b}", "EventData.OriginalActivityId": "{2698178d-fdad-40ae-9d3c-1371703adc5b}", "EventData.DiagnosticModuleImageName": "%SystemRoot%\\system32\\diagperf.dll", "EventData.DiagnosticModuleId": "{15fba3b8-a37a-4f91-bdba-fbb98fe804bf}"}
{"EventID": "135", "Channel": "Microsoft-Windows-Diagnosis-DPS/Operational", "Provider_Name": "Microsoft-Windows-Diagnosis-DPS", "Computer": "DESKTOP-OFJ6N53", "TimeCreated": "2025-04-02 10:33:40.703150+00:00", "RecordID": "3773", "Level": "2", "UserID": "S-1-5-19", "EventData.ScenarioId": "{fd5aa730-b53f-4b39-84e5-cb4303621d74}", "EventData.InstanceId": "{cc6a50b6-c4ae-429b-b506-a6973a4a5bda}", "EventData.OriginalActivityId": "{00000000-0000-0000-0000-000000000000}", "EventData.StatusCode": "2147943515", "EventData.DiagnosticModuleImageName": "%SystemRoot%\\system32\\perftrack.dll", "EventData.DiagnosticModuleId": "{9c5a40da-b965-4fc3-8781-88dd50a6299d}"}
{"EventID": "100", "Channel": "Microsoft-Windows-Diagnosis-DPS/Operational", "Provider_Name": "Microsoft-Windows-Diagnosis-DPS", "Computer": "DESKTOP-OFJ6N53", "TimeCreated": "2025-04-02 10:34:12.530537+00:00", "RecordID": "3774", "Level": "4", "UserID": "S-1-5-19", "EventData.ScenarioId": "{2698178d-fdad-40ae-9d3c-1371703adc5b}", "EventData.InstanceId": "{06b99dd5-3098-4405-8ce4-81bb3095b313}", "EventData.OriginalActivityId": "{2698178d-fdad-40ae-9d3c-1371703adc5b}", "EventData.DiagnosticModuleImageName": "%SystemRoot%\\system32\\diagperf.dll", "EventData.DiagnosticModuleId": "{15fba3b8-a37a-4f91-bdba-fbb98fe804bf}"}
{"EventID": "105", "Channel": "Microsoft-Windows-Diagnosis-DPS/Operational", "Provider_Name": "Microsoft-Windows-Diagnosis-DPS", "Computer": "DESKTOP-OFJ6N53", "TimeCreated": "2025-04-02 10:34:12.530540+00:00", "RecordID": "3775", "Level": "4", "UserID": "S-1-5-19", "EventData.ScenarioId": "{2698178d-fdad-40ae-9d3c-1371703adc5b}", "EventData.InstanceId": "{06b99dd5-3098-4405-8ce4-81bb3095b313}", "EventData.OriginalActivityId": "{2698178d-fdad-40ae-9d3c-1371703adc5b}", "EventData.DiagnosticModuleImageName": "%SystemRoot%\\system32\\diagperf.dll", "EventData.DiagnosticModuleId": "{15fba3b8-a37a-4f91-bdba-fbb98fe804bf}"}
{"EventID": "100", "Channel": "Microsoft-Windows-Diagnosis-DPS/Operational", "Provider_Name": "Microsoft-Windows-Diagnosis-DPS", "Computer": "DESKTOP-OFJ6N53", "TimeCreated": "2025-04-02 10:37:52.626787+00:00", "RecordID": "3776", "Level": "4", "UserID": "S-1-5-19", "EventData.ScenarioId": "{3af8b24a-c441-4fa4-8c5c-bed591bfa867}", "EventData.InstanceId": "{d7ab71d0-c02f-410a-a262-8e282f7d30d8}", "EventData.OriginalActivityId": "{9f41811a-0429-42aa-81b7-cfd4d968411f}", "EventData.DiagnosticModuleImageName": "%windir%\\system32\\radardt.dll", "EventData.DiagnosticModuleId": "{e4cd2e3e-3852-4952-b76b-23bb8e35d344}"}
{"EventID": "105", "Channel": "Microsoft-Windows-Diagnosis-DPS/Operational", "Provider_Name": "Microsoft-Windows-Diagnosis-DPS", "Computer": "DESKTOP-OFJ6N53", "TimeCreated": "2025-04-02 10:37:52.626793+00:00", "RecordID": "3777", "Level": "4", "UserID": "S-1-5-19", "EventData.ScenarioId": "{3af8b24a-c441-4fa4-8c5c-bed591bfa867}", "EventData.InstanceId": "{d7ab71d0-c02f-410a-a262-8e282f7d30d8}", "EventData.OriginalActivityId": "{9f41811a-0429-42aa-81b7-cfd4d968411f}", "EventData.DiagnosticModuleImageName": "%windir%\\system32\\radardt.dll", "EventData.DiagnosticModuleId": "{e4cd2e3e-3852-4952-b76b-23bb8e35d344}"}
{"EventID": "110", "Channel": "Microsoft-Windows-Diagnosis-DPS/Operational", "Provider_Name": "Microsoft-Windows-Diagnosis-DPS", "Computer": "DESKTOP-OFJ6N53", "TimeCreated": "2025-04-02 10:38:38.587276+00:00", "RecordID": "3778", "Level": "4", "UserID": "S-1-5-19", "EventData.ScenarioId": "{2698178d-fdad-40ae-9d3c-1371703adc5b}", "EventData.InstanceId": "{06b99dd5-3098-4405-8ce4-81bb3095b313}", "EventData.OriginalActivityId": "{2698178d-fdad-40ae-9d3c-1371703adc5b}", "EventData.DiagnosticModuleImageName": "%SystemRoot%\\system32\\diagperf.dll", "EventData.DiagnosticModuleId": "{15fba3b8-a37a-4f91-bdba-fbb98fe804bf}"}
{"EventID": "100", "Channel": "Microsoft-Windows-Diagnosis-DPS/Operational", "Provider_Name": "Microsoft-Windows-Diagnosis-DPS", "Computer": "DESKTOP-OFJ6N53", "TimeCreated": "2025-04-03 20:29:43.267790+00:00", "RecordID": "3779", "Level": "4", "UserID": "S-1-5-19", "EventData.ScenarioId": "{180b3a99-8c39-4f12-b631-2031998efe45}", "EventData.InstanceId": "{70917770-93af-41c0-8681-ef4572984ad4}", "EventData.OriginalActivityId": "{00000000-0000-0000-0000-000000000000}", "EventData.DiagnosticModuleImageName": "%windir%\\system32\\radardt.dll", "EventData.DiagnosticModuleId": "{45de1ea9-10bc-4f96-9b21-4b6b83dbf476}"}
{"EventID": "105", "Channel": "Microsoft-Windows-Diagnosis-DPS/Operational", "Provider_Name": "Microsoft-Windows-Diagnosis-DPS", "Computer": "DESKTOP-OFJ6N53", "TimeCreated": "2025-04-03 20:29:43.267794+00:00", "RecordID": "3780", "Level": "4", "UserID": "S-1-5-19", "EventData.ScenarioId": "{180b3a99-8c39-4f12-b631-2031998efe45}", "EventData.InstanceId": "{70917770-93af-41c0-8681-ef4572984ad4}", "EventData.OriginalActivityId": "{00000000-0000-0000-0000-000000000000}", "EventData.DiagnosticModuleImageName": "%windir%\\system32\\radardt.dll", "EventData.DiagnosticModuleId": "{45de1ea9-10bc-4f96-9b21-4b6b83dbf476}"}
{"EventID": "100", "Channel": "Microsoft-Windows-Diagnosis-DPS/Operational", "Provider_Name": "Microsoft-Windows-Diagnosis-DPS", "Computer": "DESKTOP-OFJ6N53", "TimeCreated": "2025-04-06 14:06:13.345242+00:00", "RecordID": "3781", "Level": "4", "UserID": "S-1-5-19", "EventData.ScenarioId": "{180b3a99-8c39-4f12-b631-2031998efe45}", "EventData.InstanceId": "{25d816dc-bbf6-44a3-a2f1-8a7850eb0378}", "EventData.OriginalActivityId": "{00000000-0000-0000-0000-000000000000}", "EventData.DiagnosticModuleImageName": "%windir%\\system32\\radardt.dll", "EventData.DiagnosticModuleId": "{45de1ea9-10bc-4f96-9b21-4b6b83dbf476}"}
{"EventID": "105", "Channel": "Microsoft-Windows-Diagnosis-DPS/Operational", "Provider_Name": "Microsoft-Windows-Diagnosis-DPS", "Computer": "DESKTOP-OFJ6N53", "TimeCreated": "2025-04-06 14:06:13.346052+00:00", "RecordID": "3782", "Level": "4", "UserID": "S-1-5-19", "EventData.ScenarioId": "{180b3a99-8c39-4f12-b631-2031998efe45}", "EventData.InstanceId": "{25d816dc-bbf6-44a3-a2f1-8a7850eb0378}", "EventData.OriginalActivityId": "{00000000-0000-0000-0000-000000000000}", "EventData.DiagnosticModuleImageName": "%windir%\\system32\\radardt.dll", "EventData.DiagnosticModuleId": "{45de1ea9-10bc-4f96-9b21-4b6b83dbf476}"}
{"EventID": "100", "Channel": "Microsoft-Windows-Diagnosis-DPS/Operational", "Provider_Name": "Microsoft-Windows-Diagnosis-DPS", "Computer": "DESKTOP-OFJ6N53", "TimeCreated": "2025-04-07 05:41:19.737019+00:00", "RecordID": "3783", "Level": "4", "UserID": "S-1-5-19", "EventData.ScenarioId": "{180b3a99-8c39-4f12-b631-2031998efe45}", "EventData.InstanceId": "{2c6b08aa-8a88-4036-a8d9-891c6d7873da}", "EventData.OriginalActivityId": "{00000000-0000-0000-0000-000000000000}", "EventData.DiagnosticModuleImageName": "%windir%\\system32\\radardt.dll", "EventData.DiagnosticModuleId": "{45de1ea9-10bc-4f96-9b21-4b6b83dbf476}"}
{"EventID": "105", "Channel": "Microsoft-Windows-Diagnosis-DPS/Operational", "Provider_Name": "Microsoft-Windows-Diagnosis-DPS", "Computer": "DESKTOP-OFJ6N53", "TimeCreated": "2025-04-07 05:41:19.737022+00:00", "RecordID": "3784", "Level": "4", "UserID": "S-1-5-19", "EventData.ScenarioId": "{180b3a99-8c39-4f12-b631-2031998efe45}", "EventData.InstanceId": "{2c6b08aa-8a88-4036-a8d9-891c6d7873da}", "EventData.OriginalActivityId": "{00000000-0000-0000-0000-000000000000}", "EventData.DiagnosticModuleImageName": "%windir%\\system32\\radardt.dll", "EventData.DiagnosticModuleId": "{45de1ea9-10bc-4f96-9b21-4b6b83dbf476}"}
