{"EventID": "261", "Channel": "Microsoft-Windows-TerminalServices-RemoteConnectionManager/Operational", "Provider_Name": "Microsoft-Windows-TerminalServices-RemoteConnectionManager", "Computer": "DESKTOP-OFJ6N53", "TimeCreated": "2025-02-12 09:54:17.379501+00:00", "RecordID": "5153", "Level": "4", "UserID": "S-1-5-20"}
{"EventID": "261", "Channel": "Microsoft-Windows-TerminalServices-RemoteConnectionManager/Operational", "Provider_Name": "Microsoft-Windows-TerminalServices-RemoteConnectionManager", "Computer": "DESKTOP-OFJ6N53", "TimeCreated": "2025-02-12 09:54:18.447491+00:00", "RecordID": "5154", "Level": "4", "UserID": "S-1-5-20"}
{"EventID": "1149", "Channel": "Microsoft-Windows-TerminalServices-RemoteConnectionManager/Operational", "Provider_Name": "Microsoft-Windows-TerminalServices-RemoteConnectionManager", "Computer": "DESKTOP-OFJ6N53", "TimeCreated": "2025-02-12 09:54:18.615658+00:00", "RecordID": "5155", "Level": "4", "UserID": "S-1-5-20"}
{"EventID": "263", "Channel": "Microsoft-Windows-TerminalServices-RemoteConnectionManager/Operational", "Provider_Name": "Microsoft-Windows-TerminalServices-RemoteConnectionManager", "Computer": "DESKTOP-OFJ6N53", "TimeCreated": "2025-02-12 14:54:30.785032+00:00", "RecordID": "5156", "Level": "4", "UserID": "S-1-5-20"}
{"EventID": "20523", "Channel": "Microsoft-Windows-TerminalServices-RemoteConnectionManager/Operational", "Provider_Name": "Microsoft-Windows-TerminalServices-RemoteConnectionManager", "Computer": "DESKTOP-OFJ6N53", "TimeCreated": "2025-02-12 14:54:30.843586+00:00", "RecordID": "5157", "Level": "4", "UserID": "S-1-5-20"}
{"EventID": "258", "Channel": "Microsoft-Windows-TerminalServices-RemoteConnectionManager/Operational", "Provider_Name": "Microsoft-Windows-TerminalServices-RemoteConnectionManager", "Computer": "DESKTOP-OFJ6N53", "TimeCreated": "2025-02-12 14:54:31.137877+00:00", "RecordID": "5158", "Level": "4", "UserID": "S-1-5-20"}
{"EventID": "263", "Channel": "Microsoft-Windows-TerminalServices-RemoteConnectionManager/Operational", "Provider_Name": "Microsoft-Windows-TerminalServices-RemoteConnectionManager", "Computer": "DESKTOP-OFJ6N53", "TimeCreated": "2025-02-12 14:54:31.729210+00:00", "RecordID": "5159", "Level": "4", "UserID": "S-1-5-20"}
{"EventID": "263", "Channel": "Microsoft-Windows-TerminalServices-RemoteConnectionManager/Operational", "Provider_Name": "Microsoft-Windows-TerminalServices-RemoteConnectionManager", "Computer": "DESKTOP-OFJ6N53", "TimeCreated": "2025-02-12 14:54:31.749283+00:00", "RecordID": "5160", "Level": "4", "UserID": "S-1-5-20"}
{"EventID": "263", "Channel": "Microsoft-Windows-TerminalServices-RemoteConnectionManager/Operational", "Provider_Name": "Microsoft-Windows-TerminalServices-RemoteConnectionManager", "Computer": "DESKTOP-OFJ6N53", "TimeCreated": "2025-02-12 14:54:31.770287+00:00", "RecordID": "5161", "Level": "4", "UserID": "S-1-5-20"}
{"EventID": "1136", "Channel": "Microsoft-Windows-TerminalServices-RemoteConnectionManager/Operational", "Provider_Name": "Microsoft-Windows-TerminalServices-RemoteConnectionManager", "Computer": "DESKTOP-OFJ6N53", "TimeCreated": "2025-02-12 14:54:31.771860+00:00", "RecordID": "5162", "Level": "4", "UserID": "S-1-5-18"}
{"EventID": "263", "Channel": "Microsoft-Windows-TerminalServices-RemoteConnectionManager/Operational", "Provider_Name": "Microsoft-Windows-TerminalServices-RemoteConnectionManager", "Computer": "DESKTOP-OFJ6N53", "TimeCreated": "2025-02-12 14:54:31.782022+00:00", "RecordID": "5163", "Level": "4", "UserID": "S-1-5-20"}
{"EventID": "263", "Channel": "Microsoft-Windows-TerminalServices-RemoteConnectionManager/Operational", "Provider_Name": "Microsoft-Windows-TerminalServices-RemoteConnectionManager", "Computer": "DESKTOP-OFJ6N53", "TimeCreated": "2025-02-12 14:54:31.798550+00:00", "RecordID": "5164", "Level": "4", "UserID": "S-1-5-20"}
{"EventID": "263", "Channel": "Microsoft-Windows-TerminalServices-RemoteConnectionManager/Operational", "Provider_Name": "Microsoft-Windows-TerminalServices-RemoteConnectionManager", "Computer": "DESKTOP-OFJ6N53", "TimeCreated": "2025-02-12 14:54:45.481186+00:00", "RecordID": "5165", "Level": "4", "UserID": "S-1-5-20"}
{"EventID": "261", "Channel": "Microsoft-Windows-TerminalServices-RemoteConnectionManager/Operational", "Provider_Name": "Microsoft-Windows-TerminalServices-RemoteConnectionManager", "Computer": "DESKTOP-OFJ6N53", "TimeCreated": "2025-02-12 16:12:31.521036+00:00", "RecordID": "5166", "Level": "4", "UserID": "S-1-5-20"}
{"EventID": "261", "Channel": "Microsoft-Windows-TerminalServices-RemoteConnectionManager/Operational", "Provider_Name": "Microsoft-Windows-TerminalServices-RemoteConnectionManager", "Computer": "DESKTOP-OFJ6N53", "TimeCreated": "2025-02-12 16:12:38.452404+00:00", "RecordID": "5167", "Level": "4", "UserID": "S-1-5-20"}
{"EventID": "1149", "Channel": "Microsoft-Windows-TerminalServices-RemoteConnectionManager/Operational", "Provider_Name": "Microsoft-Windows-TerminalServices-RemoteConnectionManager", "Computer": "DESKTOP-OFJ6N53", "TimeCreated": "2025-02-12 16:12:38.642361+00:00", "RecordID": "5168", "Level": "4", "UserID": "S-1-5-20"}
{"EventID": "261", "Channel": "Microsoft-Windows-TerminalServices-RemoteConnectionManager/Operational", "Provider_Name": "Microsoft-Windows-TerminalServices-RemoteConnectionManager", "Computer": "DESKTOP-OFJ6N53", "TimeCreated": "2025-02-13 07:53:35.336721+00:00", "RecordID": "5169", "Level": "4", "UserID": "S-1-5-20"}
{"EventID": "1149", "Channel": "Microsoft-Windows-TerminalServices-RemoteConnectionManager/Operational", "Provider_Name": "Microsoft-Windows-TerminalServices-RemoteConnectionManager", "Computer": "DESKTOP-OFJ6N53", "TimeCreated": "2025-02-13 07:53:39.957821+00:00", "RecordID": "5170", "Level": "4", "UserID": "S-1-5-20"}
{"EventID": "261", "Channel": "Microsoft-Windows-TerminalServices-RemoteConnectionManager/Operational", "Provider_Name": "Microsoft-Windows-TerminalServices-RemoteConnectionManager", "Computer": "DESKTOP-OFJ6N53", "TimeCreated": "2025-02-14 08:53:35.187439+00:00", "RecordID": "5171", "Level": "4", "UserID": "S-1-5-20"}
{"EventID": "1149", "Channel": "Microsoft-Windows-TerminalServices-RemoteConnectionManager/Operational", "Provider_Name": "Microsoft-Windows-TerminalServices-RemoteConnectionManager", "Computer": "DESKTOP-OFJ6N53", "TimeCreated": "2025-02-14 08:53:42.315451+00:00", "RecordID": "5172", "Level": "4", "UserID": "S-1-5-20"}
{"EventID": "261", "Channel": "Microsoft-Windows-TerminalServices-RemoteConnectionManager/Operational", "Provider_Name": "Microsoft-Windows-TerminalServices-RemoteConnectionManager", "Computer": "DESKTOP-OFJ6N53", "TimeCreated": "2025-02-14 18:45:02.898792+00:00", "RecordID": "5173", "Level": "4", "UserID": "S-1-5-20"}
{"EventID": "261", "Channel": "Microsoft-Windows-TerminalServices-RemoteConnectionManager/Operational", "Provider_Name": "Microsoft-Windows-TerminalServices-RemoteConnectionManager", "Computer": "DESKTOP-OFJ6N53", "TimeCreated": "2025-02-14 18:45:06.758299+00:00", "RecordID": "5174", "Level": "4", "UserID": "S-1-5-20"}
{"EventID": "1149", "Channel": "Microsoft-Windows-TerminalServices-RemoteConnectionManager/Operational", "Provider_Name": "Microsoft-Windows-TerminalServices-RemoteConnectionManager", "Computer": "DESKTOP-OFJ6N53", "TimeCreated": "2025-02-14 18:45:07.471674+00:00", "RecordID": "5175", "Level": "4", "UserID": "S-1-5-20"}
{"EventID": "261", "Channel": "Microsoft-Windows-TerminalServices-RemoteConnectionManager/Operational", "Provider_Name": "Microsoft-Windows-TerminalServices-RemoteConnectionManager", "Computer": "DESKTOP-OFJ6N53", "TimeCreated": "2025-02-14 19:56:36.893545+00:00", "RecordID": "5176", "Level": "4", "UserID": "S-1-5-20"}
{"EventID": "1149", "Channel": "Microsoft-Windows-TerminalServices-RemoteConnectionManager/Operational", "Provider_Name": "Microsoft-Windows-TerminalServices-RemoteConnectionManager", "Computer": "DESKTOP-OFJ6N53", "TimeCreated": "2025-02-14 19:56:37.084034+00:00", "RecordID": "5177", "Level": "4", "UserID": "S-1-5-20"}
{"EventID": "261", "Channel": "Microsoft-Windows-TerminalServices-RemoteConnectionManager/Operational", "Provider_Name": "Microsoft-Windows-TerminalServices-RemoteConnectionManager", "Computer": "DESKTOP-OFJ6N53", "TimeCreated": "2025-02-15 13:21:10.355034+00:00", "RecordID": "5178", "Level": "4", "UserID": "S-1-5-20"}
{"EventID": "261", "Channel": "Microsoft-Windows-TerminalServices-RemoteConnectionManager/Operational", "Provider_Name": "Microsoft-Windows-TerminalServices-RemoteConnectionManager", "Computer": "DESKTOP-OFJ6N53", "TimeCreated": "2025-02-15 13:21:15.386892+00:00", "RecordID": "5179", "Level": "4", "UserID": "S-1-5-20"}
{"EventID": "1149", "Channel": "Microsoft-Windows-TerminalServices-RemoteConnectionManager/Operational", "Provider_Name": "Microsoft-Windows-TerminalServices-RemoteConnectionManager", "Computer": "DESKTOP-OFJ6N53", "TimeCreated": "2025-02-15 13:21:15.945629+00:00", "RecordID": "5180", "Level": "4", "UserID": "S-1-5-20"}
{"EventID": "261", "Channel": "Microsoft-Windows-TerminalServices-RemoteConnectionManager/Operational", "Provider_Name": "Microsoft-Windows-TerminalServices-RemoteConnectionManager", "Computer": "DESKTOP-OFJ6N53", "TimeCreated": "2025-02-15 16:37:06.918070+00:00", "RecordID": "5181", "Level": "4", "UserID": "S-1-5-20"}
{"EventID": "1149", "Channel": "Microsoft-Windows-TerminalServices-RemoteConnectionManager/Operational", "Provider_Name": "Microsoft-Windows-TerminalServices-RemoteConnectionManager", "Computer": "DESKTOP-OFJ6N53", "TimeCreated": "2025-02-15 16:37:07.101112+00:00", "RecordID": "5182", "Level": "4", "UserID": "S-1-5-20"}
{"EventID": "261", "Channel": "Microsoft-Windows-TerminalServices-RemoteConnectionManager/Operational", "Provider_Name": "Microsoft-Windows-TerminalServices-RemoteConnectionManager", "Computer": "DESKTOP-OFJ6N53", "TimeCreated": "2025-02-17 09:01:26.980228+00:00", "RecordID": "5183", "Level": "4", "UserID": "S-1-5-20"}
{"EventID": "261", "Channel": "Microsoft-Windows-TerminalServices-RemoteConnectionManager/Operational", "Provider_Name": "Microsoft-Windows-TerminalServices-RemoteConnectionManager", "Computer": "DESKTOP-OFJ6N53", "TimeCreated": "2025-02-17 09:01:33.811993+00:00", "RecordID": "5184", "Level": "4", "UserID": "S-1-5-20"}
{"EventID": "261", "Channel": "Microsoft-Windows-TerminalServices-RemoteConnectionManager/Operational", "Provider_Name": "Microsoft-Windows-TerminalServices-RemoteConnectionManager", "Computer": "DESKTOP-OFJ6N53", "TimeCreated": "2025-02-17 09:01:34.511805+00:00", "RecordID": "5185", "Level": "4", "UserID": "S-1-5-20"}
{"EventID": "1149", "Channel": "Microsoft-Windows-TerminalServices-RemoteConnectionManager/Operational", "Provider_Name": "Microsoft-Windows-TerminalServices-RemoteConnectionManager", "Computer": "DESKTOP-OFJ6N53", "TimeCreated": "2025-02-17 09:01:34.626816+00:00", "RecordID": "5186", "Level": "4", "UserID": "S-1-5-20"}
{"EventID": "261", "Channel": "Microsoft-Windows-TerminalServices-RemoteConnectionManager/Operational", "Provider_Name": "Microsoft-Windows-TerminalServices-RemoteConnectionManager", "Computer": "DESKTOP-OFJ6N53", "TimeCreated": "2025-02-17 23:26:55.354471+00:00", "RecordID": "5187", "Level": "4", "UserID": "S-1-5-20"}
{"EventID": "1149", "Channel": "Microsoft-Windows-TerminalServices-RemoteConnectionManager/Operational", "Provider_Name": "Microsoft-Windows-TerminalServices-RemoteConnectionManager", "Computer": "DESKTOP-OFJ6N53", "TimeCreated": "2025-02-17 23:26:56.138849+00:00", "RecordID": "5188", "Level": "4", "UserID": "S-1-5-20"}
{"EventID": "261", "Channel": "Microsoft-Windows-TerminalServices-RemoteConnectionManager/Operational", "Provider_Name": "Microsoft-Windows-TerminalServices-RemoteConnectionManager", "Computer": "DESKTOP-OFJ6N53", "TimeCreated": "2025-02-18 06:53:44.553011+00:00", "RecordID": "5189", "Level": "4", "UserID": "S-1-5-20"}
{"EventID": "1149", "Channel": "Microsoft-Windows-TerminalServices-RemoteConnectionManager/Operational", "Provider_Name": "Microsoft-Windows-TerminalServices-RemoteConnectionManager", "Computer": "DESKTOP-OFJ6N53", "TimeCreated": "2025-02-18 06:53:45.537149+00:00", "RecordID": "5190", "Level": "4", "UserID": "S-1-5-20"}
{"EventID": "261", "Channel": "Microsoft-Windows-TerminalServices-RemoteConnectionManager/Operational", "Provider_Name": "Microsoft-Windows-TerminalServices-RemoteConnectionManager", "Computer": "DESKTOP-OFJ6N53", "TimeCreated": "2025-02-18 07:14:49.318829+00:00", "RecordID": "5191", "Level": "4", "UserID": "S-1-5-20"}
{"EventID": "261", "Channel": "Microsoft-Windows-TerminalServices-RemoteConnectionManager/Operational", "Provider_Name": "Microsoft-Windows-TerminalServices-RemoteConnectionManager", "Computer": "DESKTOP-OFJ6N53", "TimeCreated": "2025-02-18 07:15:01.957918+00:00", "RecordID": "5192", "Level": "4", "UserID": "S-1-5-20"}
{"EventID": "261", "Channel": "Microsoft-Windows-TerminalServices-RemoteConnectionManager/Operational", "Provider_Name": "Microsoft-Windows-TerminalServices-RemoteConnectionManager", "Computer": "DESKTOP-OFJ6N53", "TimeCreated": "2025-02-18 07:15:03.178236+00:00", "RecordID": "5193", "Level": "4", "UserID": "S-1-5-20"}
{"EventID": "1149", "Channel": "Microsoft-Windows-TerminalServices-RemoteConnectionManager/Operational", "Provider_Name": "Microsoft-Windows-TerminalServices-RemoteConnectionManager", "Computer": "DESKTOP-OFJ6N53", "TimeCreated": "2025-02-18 07:15:05.147497+00:00", "RecordID": "5194", "Level": "4", "UserID": "S-1-5-20"}
{"EventID": "261", "Channel": "Microsoft-Windows-TerminalServices-RemoteConnectionManager/Operational", "Provider_Name": "Microsoft-Windows-TerminalServices-RemoteConnectionManager", "Computer": "DESKTOP-OFJ6N53", "TimeCreated": "2025-02-18 15:59:32.526077+00:00", "RecordID": "5195", "Level": "4", "UserID": "S-1-5-20"}
{"EventID": "261", "Channel": "Microsoft-Windows-TerminalServices-RemoteConnectionManager/Operational", "Provider_Name": "Microsoft-Windows-TerminalServices-RemoteConnectionManager", "Computer": "DESKTOP-OFJ6N53", "TimeCreated": "2025-02-18 15:59:40.940176+00:00", "RecordID": "5196", "Level": "4", "UserID": "S-1-5-20"}
{"EventID": "261", "Channel": "Microsoft-Windows-TerminalServices-RemoteConnectionManager/Operational", "Provider_Name": "Microsoft-Windows-TerminalServices-RemoteConnectionManager", "Computer": "DESKTOP-OFJ6N53", "TimeCreated": "2025-02-18 15:59:45.003786+00:00", "RecordID": "5197", "Level": "4", "UserID": "S-1-5-20"}
{"EventID": "261", "Channel": "Microsoft-Windows-TerminalServices-RemoteConnectionManager/Operational", "Provider_Name": "Microsoft-Windows-TerminalServices-RemoteConnectionManager", "Computer": "DESKTOP-OFJ6N53", "TimeCreated": "2025-02-18 15:59:59.365389+00:00", "RecordID": "5198", "Level": "4", "UserID": "S-1-5-20"}
{"EventID": "261", "Channel": "Microsoft-Windows-TerminalServices-RemoteConnectionManager/Operational", "Provider_Name": "Microsoft-Windows-TerminalServices-RemoteConnectionManager", "Computer": "DESKTOP-OFJ6N53", "TimeCreated": "2025-02-18 16:00:00.478239+00:00", "RecordID": "5199", "Level": "4", "UserID": "S-1-5-20"}
{"EventID": "1149", "Channel": "Microsoft-Windows-TerminalServices-RemoteConnectionManager/Operational", "Provider_Name": "Microsoft-Windows-TerminalServices-RemoteConnectionManager", "Computer": "DESKTOP-OFJ6N53", "TimeCreated": "2025-02-18 16:00:00.687065+00:00", "RecordID": "5200", "Level": "4", "UserID": "S-1-5-20"}
{"EventID": "261", "Channel": "Microsoft-Windows-TerminalServices-RemoteConnectionManager/Operational", "Provider_Name": "Microsoft-Windows-TerminalServices-RemoteConnectionManager", "Computer": "DESKTOP-OFJ6N53", "TimeCreated": "2025-02-19 13:47:50.990231+00:00", "RecordID": "5201", "Level": "4", "UserID": "S-1-5-20"}
{"EventID": "261", "Channel": "Microsoft-Windows-TerminalServices-RemoteConnectionManager/Operational", "Provider_Name": "Microsoft-Windows-TerminalServices-RemoteConnectionManager", "Computer": "DESKTOP-OFJ6N53", "TimeCreated": "2025-02-19 13:47:55.262049+00:00", "RecordID": "5202", "Level": "4", "UserID": "S-1-5-20"}
{"EventID": "1149", "Channel": "Microsoft-Windows-TerminalServices-RemoteConnectionManager/Operational", "Provider_Name": "Microsoft-Windows-TerminalServices-RemoteConnectionManager", "Computer": "DESKTOP-OFJ6N53", "TimeCreated": "2025-02-19 13:47:55.373640+00:00", "RecordID": "5203", "Level": "4", "UserID": "S-1-5-20"}
{"EventID": "261", "Channel": "Microsoft-Windows-TerminalServices-RemoteConnectionManager/Operational", "Provider_Name": "Microsoft-Windows-TerminalServices-RemoteConnectionManager", "Computer": "DESKTOP-OFJ6N53", "TimeCreated": "2025-02-19 15:51:05.865675+00:00", "RecordID": "5204", "Level": "4", "UserID": "S-1-5-20"}
{"EventID": "261", "Channel": "Microsoft-Windows-TerminalServices-RemoteConnectionManager/Operational", "Provider_Name": "Microsoft-Windows-TerminalServices-RemoteConnectionManager", "Computer": "DESKTOP-OFJ6N53", "TimeCreated": "2025-02-19 15:51:12.176218+00:00", "RecordID": "5205", "Level": "4", "UserID": "S-1-5-20"}
{"EventID": "261", "Channel": "Microsoft-Windows-TerminalServices-RemoteConnectionManager/Operational", "Provider_Name": "Microsoft-Windows-TerminalServices-RemoteConnectionManager", "Computer": "DESKTOP-OFJ6N53", "TimeCreated": "2025-02-19 15:51:13.353142+00:00", "RecordID": "5206", "Level": "4", "UserID": "S-1-5-20"}
{"EventID": "1149", "Channel": "Microsoft-Windows-TerminalServices-RemoteConnectionManager/Operational", "Provider_Name": "Microsoft-Windows-TerminalServices-RemoteConnectionManager", "Computer": "DESKTOP-OFJ6N53", "TimeCreated": "2025-02-19 15:51:13.534218+00:00", "RecordID": "5207", "Level": "4", "UserID": "S-1-5-20"}
{"EventID": "261", "Channel": "Microsoft-Windows-TerminalServices-RemoteConnectionManager/Operational", "Provider_Name": "Microsoft-Windows-TerminalServices-RemoteConnectionManager", "Computer": "DESKTOP-OFJ6N53", "TimeCreated": "2025-02-20 09:44:44.401909+00:00", "RecordID": "5208", "Level": "4", "UserID": "S-1-5-20"}
{"EventID": "261", "Channel": "Microsoft-Windows-TerminalServices-RemoteConnectionManager/Operational", "Provider_Name": "Microsoft-Windows-TerminalServices-RemoteConnectionManager", "Computer": "DESKTOP-OFJ6N53", "TimeCreated": "2025-02-20 09:44:48.595274+00:00", "RecordID": "5209", "Level": "4", "UserID": "S-1-5-20"}
{"EventID": "1149", "Channel": "Microsoft-Windows-TerminalServices-RemoteConnectionManager/Operational", "Provider_Name": "Microsoft-Windows-TerminalServices-RemoteConnectionManager", "Computer": "DESKTOP-OFJ6N53", "TimeCreated": "2025-02-20 09:44:48.749784+00:00", "RecordID": "5210", "Level": "4", "UserID": "S-1-5-20"}
{"EventID": "261", "Channel": "Microsoft-Windows-TerminalServices-RemoteConnectionManager/Operational", "Provider_Name": "Microsoft-Windows-TerminalServices-RemoteConnectionManager", "Computer": "DESKTOP-OFJ6N53", "TimeCreated": "2025-02-20 20:21:52.076096+00:00", "RecordID": "5211", "Level": "4", "UserID": "S-1-5-20"}
{"EventID": "261", "Channel": "Microsoft-Windows-TerminalServices-RemoteConnectionManager/Operational", "Provider_Name": "Microsoft-Windows-TerminalServices-RemoteConnectionManager", "Computer": "DESKTOP-OFJ6N53", "TimeCreated": "2025-02-20 20:22:37.403133+00:00", "RecordID": "5212", "Level": "4", "UserID": "S-1-5-20"}
{"EventID": "261", "Channel": "Microsoft-Windows-TerminalServices-RemoteConnectionManager/Operational", "Provider_Name": "Microsoft-Windows-TerminalServices-RemoteConnectionManager", "Computer": "DESKTOP-OFJ6N53", "TimeCreated": "2025-02-20 20:22:41.802034+00:00", "RecordID": "5213", "Level": "4", "UserID": "S-1-5-20"}
{"EventID": "261", "Channel": "Microsoft-Windows-TerminalServices-RemoteConnectionManager/Operational", "Provider_Name": "Microsoft-Windows-TerminalServices-RemoteConnectionManager", "Computer": "DESKTOP-OFJ6N53", "TimeCreated": "2025-02-20 20:22:42.628218+00:00", "RecordID": "5214", "Level": "4", "UserID": "S-1-5-20"}
{"EventID": "1149", "Channel": "Microsoft-Windows-TerminalServices-RemoteConnectionManager/Operational", "Provider_Name": "Microsoft-Windows-TerminalServices-RemoteConnectionManager", "Computer": "DESKTOP-OFJ6N53", "TimeCreated": "2025-02-20 20:22:42.781891+00:00", "RecordID": "5215", "Level": "4", "UserID": "S-1-5-20"}
{"EventID": "261", "Channel": "Microsoft-Windows-TerminalServices-RemoteConnectionManager/Operational", "Provider_Name": "Microsoft-Windows-TerminalServices-RemoteConnectionManager", "Computer": "DESKTOP-OFJ6N53", "TimeCreated": "2025-02-20 20:37:47.948257+00:00", "RecordID": "5216", "Level": "4", "UserID": "S-1-5-20"}
{"EventID": "1149", "Channel": "Microsoft-Windows-TerminalServices-RemoteConnectionManager/Operational", "Provider_Name": "Microsoft-Windows-TerminalServices-RemoteConnectionManager", "Computer": "DESKTOP-OFJ6N53", "TimeCreated": "2025-02-20 20:37:48.123892+00:00", "RecordID": "5217", "Level": "4", "UserID": "S-1-5-20"}
{"EventID": "261", "Channel": "Microsoft-Windows-TerminalServices-RemoteConnectionManager/Operational", "Provider_Name": "Microsoft-Windows-TerminalServices-RemoteConnectionManager", "Computer": "DESKTOP-OFJ6N53", "TimeCreated": "2025-03-03 09:02:03.314236+00:00", "RecordID": "5218", "Level": "4", "UserID": "S-1-5-20"}
{"EventID": "261", "Channel": "Microsoft-Windows-TerminalServices-RemoteConnectionManager/Operational", "Provider_Name": "Microsoft-Windows-TerminalServices-RemoteConnectionManager", "Computer": "DESKTOP-OFJ6N53", "TimeCreated": "2025-03-03 09:02:14.889130+00:00", "RecordID": "5219", "Level": "4", "UserID": "S-1-5-20"}
{"EventID": "261", "Channel": "Microsoft-Windows-TerminalServices-RemoteConnectionManager/Operational", "Provider_Name": "Microsoft-Windows-TerminalServices-RemoteConnectionManager", "Computer": "DESKTOP-OFJ6N53", "TimeCreated": "2025-03-03 09:02:19.363224+00:00", "RecordID": "5220", "Level": "4", "UserID": "S-1-5-20"}
{"EventID": "261", "Channel": "Microsoft-Windows-TerminalServices-RemoteConnectionManager/Operational", "Provider_Name": "Microsoft-Windows-TerminalServices-RemoteConnectionManager", "Computer": "DESKTOP-OFJ6N53", "TimeCreated": "2025-03-03 09:02:20.203007+00:00", "RecordID": "5221", "Level": "4", "UserID": "S-1-5-20"}
{"EventID": "1149", "Channel": "Microsoft-Windows-TerminalServices-RemoteConnectionManager/Operational", "Provider_Name": "Microsoft-Windows-TerminalServices-RemoteConnectionManager", "Computer": "DESKTOP-OFJ6N53", "TimeCreated": "2025-03-03 09:02:20.327805+00:00", "RecordID": "5222", "Level": "4", "UserID": "S-1-5-20"}
{"EventID": "261", "Channel": "Microsoft-Windows-TerminalServices-RemoteConnectionManager/Operational", "Provider_Name": "Microsoft-Windows-TerminalServices-RemoteConnectionManager", "Computer": "DESKTOP-OFJ6N53", "TimeCreated": "2025-03-05 09:24:35.904919+00:00", "RecordID": "5223", "Level": "4", "UserID": "S-1-5-20"}
{"EventID": "261", "Channel": "Microsoft-Windows-TerminalServices-RemoteConnectionManager/Operational", "Provider_Name": "Microsoft-Windows-TerminalServices-RemoteConnectionManager", "Computer": "DESKTOP-OFJ6N53", "TimeCreated": "2025-03-05 09:24:43.924702+00:00", "RecordID": "5224", "Level": "4", "UserID": "S-1-5-20"}
{"EventID": "261", "Channel": "Microsoft-Windows-TerminalServices-RemoteConnectionManager/Operational", "Provider_Name": "Microsoft-Windows-TerminalServices-RemoteConnectionManager", "Computer": "DESKTOP-OFJ6N53", "TimeCreated": "2025-03-05 09:24:44.595676+00:00", "RecordID": "5225", "Level": "4", "UserID": "S-1-5-20"}
{"EventID": "1149", "Channel": "Microsoft-Windows-TerminalServices-RemoteConnectionManager/Operational", "Provider_Name": "Microsoft-Windows-TerminalServices-RemoteConnectionManager", "Computer": "DESKTOP-OFJ6N53", "TimeCreated": "2025-03-05 09:24:45.030045+00:00", "RecordID": "5226", "Level": "4", "UserID": "S-1-5-20"}
{"EventID": "261", "Channel": "Microsoft-Windows-TerminalServices-RemoteConnectionManager/Operational", "Provider_Name": "Microsoft-Windows-TerminalServices-RemoteConnectionManager", "Computer": "DESKTOP-OFJ6N53", "TimeCreated": "2025-03-06 10:03:19.489674+00:00", "RecordID": "5227", "Level": "4", "UserID": "S-1-5-20"}
{"EventID": "261", "Channel": "Microsoft-Windows-TerminalServices-RemoteConnectionManager/Operational", "Provider_Name": "Microsoft-Windows-TerminalServices-RemoteConnectionManager", "Computer": "DESKTOP-OFJ6N53", "TimeCreated": "2025-03-06 10:03:26.593822+00:00", "RecordID": "5228", "Level": "4", "UserID": "S-1-5-20"}
{"EventID": "261", "Channel": "Microsoft-Windows-TerminalServices-RemoteConnectionManager/Operational", "Provider_Name": "Microsoft-Windows-TerminalServices-RemoteConnectionManager", "Computer": "DESKTOP-OFJ6N53", "TimeCreated": "2025-03-06 10:03:27.218710+00:00", "RecordID": "5229", "Level": "4", "UserID": "S-1-5-20"}
{"EventID": "1149", "Channel": "Microsoft-Windows-TerminalServices-RemoteConnectionManager/Operational", "Provider_Name": "Microsoft-Windows-TerminalServices-RemoteConnectionManager", "Computer": "DESKTOP-OFJ6N53", "TimeCreated": "2025-03-06 10:03:27.667608+00:00", "RecordID": "5230", "Level": "4", "UserID": "S-1-5-20"}
{"EventID": "261", "Channel": "Microsoft-Windows-TerminalServices-RemoteConnectionManager/Operational", "Provider_Name": "Microsoft-Windows-TerminalServices-RemoteConnectionManager", "Computer": "DESKTOP-OFJ6N53", "TimeCreated": "2025-03-06 14:46:52.338850+00:00", "RecordID": "5231", "Level": "4", "UserID": "S-1-5-20"}
{"EventID": "261", "Channel": "Microsoft-Windows-TerminalServices-RemoteConnectionManager/Operational", "Provider_Name": "Microsoft-Windows-TerminalServices-RemoteConnectionManager", "Computer": "DESKTOP-OFJ6N53", "TimeCreated": "2025-03-06 14:46:59.243256+00:00", "RecordID": "5232", "Level": "4", "UserID": "S-1-5-20"}
{"EventID": "261", "Channel": "Microsoft-Windows-TerminalServices-RemoteConnectionManager/Operational", "Provider_Name": "Microsoft-Windows-TerminalServices-RemoteConnectionManager", "Computer": "DESKTOP-OFJ6N53", "TimeCreated": "2025-03-06 14:46:59.978672+00:00", "RecordID": "5233", "Level": "4", "UserID": "S-1-5-20"}
{"EventID": "1149", "Channel": "Microsoft-Windows-TerminalServices-RemoteConnectionManager/Operational", "Provider_Name": "Microsoft-Windows-TerminalServices-RemoteConnectionManager", "Computer": "DESKTOP-OFJ6N53", "TimeCreated": "2025-03-06 14:47:00.423149+00:00", "RecordID": "5234", "Level": "4", "UserID": "S-1-5-20"}
{"EventID": "261", "Channel": "Microsoft-Windows-TerminalServices-RemoteConnectionManager/Operational", "Provider_Name": "Microsoft-Windows-TerminalServices-RemoteConnectionManager", "Computer": "DESKTOP-OFJ6N53", "TimeCreated": "2025-03-07 15:00:05.753876+00:00", "RecordID": "5235", "Level": "4", "UserID": "S-1-5-20"}
{"EventID": "261", "Channel": "Microsoft-Windows-TerminalServices-RemoteConnectionManager/Operational", "Provider_Name": "Microsoft-Windows-TerminalServices-RemoteConnectionManager", "Computer": "DESKTOP-OFJ6N53", "TimeCreated": "2025-03-07 15:00:13.435225+00:00", "RecordID": "5236", "Level": "4", "UserID": "S-1-5-20"}
{"EventID": "1149", "Channel": "Microsoft-Windows-TerminalServices-RemoteConnectionManager/Operational", "Provider_Name": "Microsoft-Windows-TerminalServices-RemoteConnectionManager", "Computer": "DESKTOP-OFJ6N53", "TimeCreated": "2025-03-07 15:00:13.950981+00:00", "RecordID": "5237", "Level": "4", "UserID": "S-1-5-20"}
{"EventID": "263", "Channel": "Microsoft-Windows-TerminalServices-RemoteConnectionManager/Operational", "Provider_Name": "Microsoft-Windows-TerminalServices-RemoteConnectionManager", "Computer": "DESKTOP-OFJ6N53", "TimeCreated": "2025-03-07 15:04:04.567278+00:00", "RecordID": "5238", "Level": "4", "UserID": "S-1-5-20"}
{"EventID": "20523", "Channel": "Microsoft-Windows-TerminalServices-RemoteConnectionManager/Operational", "Provider_Name": "Microsoft-Windows-TerminalServices-RemoteConnectionManager", "Computer": "DESKTOP-OFJ6N53", "TimeCreated": "2025-03-07 15:04:04.619495+00:00", "RecordID": "5239", "Level": "4", "UserID": "S-1-5-20"}
{"EventID": "258", "Channel": "Microsoft-Windows-TerminalServices-RemoteConnectionManager/Operational", "Provider_Name": "Microsoft-Windows-TerminalServices-RemoteConnectionManager", "Computer": "DESKTOP-OFJ6N53", "TimeCreated": "2025-03-07 15:04:04.871164+00:00", "RecordID": "5240", "Level": "4", "UserID": "S-1-5-20"}
{"EventID": "1136", "Channel": "Microsoft-Windows-TerminalServices-RemoteConnectionManager/Operational", "Provider_Name": "Microsoft-Windows-TerminalServices-RemoteConnectionManager", "Computer": "DESKTOP-OFJ6N53", "TimeCreated": "2025-03-07 15:04:05.769020+00:00", "RecordID": "5241", "Level": "4", "UserID": "S-1-5-18"}
{"EventID": "263", "Channel": "Microsoft-Windows-TerminalServices-RemoteConnectionManager/Operational", "Provider_Name": "Microsoft-Windows-TerminalServices-RemoteConnectionManager", "Computer": "DESKTOP-OFJ6N53", "TimeCreated": "2025-03-07 15:04:05.771358+00:00", "RecordID": "5242", "Level": "4", "UserID": "S-1-5-20"}
{"EventID": "263", "Channel": "Microsoft-Windows-TerminalServices-RemoteConnectionManager/Operational", "Provider_Name": "Microsoft-Windows-TerminalServices-RemoteConnectionManager", "Computer": "DESKTOP-OFJ6N53", "TimeCreated": "2025-03-07 15:04:05.807545+00:00", "RecordID": "5243", "Level": "4", "UserID": "S-1-5-20"}
{"EventID": "263", "Channel": "Microsoft-Windows-TerminalServices-RemoteConnectionManager/Operational", "Provider_Name": "Microsoft-Windows-TerminalServices-RemoteConnectionManager", "Computer": "DESKTOP-OFJ6N53", "TimeCreated": "2025-03-07 15:04:05.828321+00:00", "RecordID": "5244", "Level": "4", "UserID": "S-1-5-20"}
{"EventID": "263", "Channel": "Microsoft-Windows-TerminalServices-RemoteConnectionManager/Operational", "Provider_Name": "Microsoft-Windows-TerminalServices-RemoteConnectionManager", "Computer": "DESKTOP-OFJ6N53", "TimeCreated": "2025-03-07 15:04:05.879856+00:00", "RecordID": "5245", "Level": "4", "UserID": "S-1-5-20"}
{"EventID": "263", "Channel": "Microsoft-Windows-TerminalServices-RemoteConnectionManager/Operational", "Provider_Name": "Microsoft-Windows-TerminalServices-RemoteConnectionManager", "Computer": "DESKTOP-OFJ6N53", "TimeCreated": "2025-03-07 15:04:06.292328+00:00", "RecordID": "5246", "Level": "4", "UserID": "S-1-5-20"}
{"EventID": "263", "Channel": "Microsoft-Windows-TerminalServices-RemoteConnectionManager/Operational", "Provider_Name": "Microsoft-Windows-TerminalServices-RemoteConnectionManager", "Computer": "DESKTOP-OFJ6N53", "TimeCreated": "2025-03-07 15:04:12.257133+00:00", "RecordID": "5247", "Level": "4", "UserID": "S-1-5-20"}
{"EventID": "261", "Channel": "Microsoft-Windows-TerminalServices-RemoteConnectionManager/Operational", "Provider_Name": "Microsoft-Windows-TerminalServices-RemoteConnectionManager", "Computer": "DESKTOP-OFJ6N53", "TimeCreated": "2025-03-07 15:29:13.069157+00:00", "RecordID": "5248", "Level": "4", "UserID": "S-1-5-20"}
{"EventID": "261", "Channel": "Microsoft-Windows-TerminalServices-RemoteConnectionManager/Operational", "Provider_Name": "Microsoft-Windows-TerminalServices-RemoteConnectionManager", "Computer": "DESKTOP-OFJ6N53", "TimeCreated": "2025-03-07 15:29:18.757277+00:00", "RecordID": "5249", "Level": "4", "UserID": "S-1-5-20"}
{"EventID": "1149", "Channel": "Microsoft-Windows-TerminalServices-RemoteConnectionManager/Operational", "Provider_Name": "Microsoft-Windows-TerminalServices-RemoteConnectionManager", "Computer": "DESKTOP-OFJ6N53", "TimeCreated": "2025-03-07 15:29:19.245474+00:00", "RecordID": "5250", "Level": "4", "UserID": "S-1-5-20"}
{"EventID": "261", "Channel": "Microsoft-Windows-TerminalServices-RemoteConnectionManager/Operational", "Provider_Name": "Microsoft-Windows-TerminalServices-RemoteConnectionManager", "Computer": "DESKTOP-OFJ6N53", "TimeCreated": "2025-03-07 22:50:41.869619+00:00", "RecordID": "5251", "Level": "4", "UserID": "S-1-5-20"}
{"EventID": "1149", "Channel": "Microsoft-Windows-TerminalServices-RemoteConnectionManager/Operational", "Provider_Name": "Microsoft-Windows-TerminalServices-RemoteConnectionManager", "Computer": "DESKTOP-OFJ6N53", "TimeCreated": "2025-03-07 22:50:43.105108+00:00", "RecordID": "5252", "Level": "4", "UserID": "S-1-5-20"}
{"EventID": "261", "Channel": "Microsoft-Windows-TerminalServices-RemoteConnectionManager/Operational", "Provider_Name": "Microsoft-Windows-TerminalServices-RemoteConnectionManager", "Computer": "DESKTOP-OFJ6N53", "TimeCreated": "2025-03-10 14:09:16.025331+00:00", "RecordID": "5253", "Level": "4", "UserID": "S-1-5-20"}
{"EventID": "261", "Channel": "Microsoft-Windows-TerminalServices-RemoteConnectionManager/Operational", "Provider_Name": "Microsoft-Windows-TerminalServices-RemoteConnectionManager", "Computer": "DESKTOP-OFJ6N53", "TimeCreated": "2025-03-10 14:09:22.565586+00:00", "RecordID": "5254", "Level": "4", "UserID": "S-1-5-20"}
{"EventID": "261", "Channel": "Microsoft-Windows-TerminalServices-RemoteConnectionManager/Operational", "Provider_Name": "Microsoft-Windows-TerminalServices-RemoteConnectionManager", "Computer": "DESKTOP-OFJ6N53", "TimeCreated": "2025-03-10 14:09:23.205963+00:00", "RecordID": "5255", "Level": "4", "UserID": "S-1-5-20"}
{"EventID": "1149", "Channel": "Microsoft-Windows-TerminalServices-RemoteConnectionManager/Operational", "Provider_Name": "Microsoft-Windows-TerminalServices-RemoteConnectionManager", "Computer": "DESKTOP-OFJ6N53", "TimeCreated": "2025-03-10 14:09:23.331724+00:00", "RecordID": "5256", "Level": "4", "UserID": "S-1-5-20"}
{"EventID": "261", "Channel": "Microsoft-Windows-TerminalServices-RemoteConnectionManager/Operational", "Provider_Name": "Microsoft-Windows-TerminalServices-RemoteConnectionManager", "Computer": "DESKTOP-OFJ6N53", "TimeCreated": "2025-03-11 10:02:47.554035+00:00", "RecordID": "5257", "Level": "4", "UserID": "S-1-5-20"}
{"EventID": "261", "Channel": "Microsoft-Windows-TerminalServices-RemoteConnectionManager/Operational", "Provider_Name": "Microsoft-Windows-TerminalServices-RemoteConnectionManager", "Computer": "DESKTOP-OFJ6N53", "TimeCreated": "2025-03-11 10:03:01.205956+00:00", "RecordID": "5258", "Level": "4", "UserID": "S-1-5-20"}
{"EventID": "1149", "Channel": "Microsoft-Windows-TerminalServices-RemoteConnectionManager/Operational", "Provider_Name": "Microsoft-Windows-TerminalServices-RemoteConnectionManager", "Computer": "DESKTOP-OFJ6N53", "TimeCreated": "2025-03-11 10:03:02.495066+00:00", "RecordID": "5259", "Level": "4", "UserID": "S-1-5-20"}
{"EventID": "263", "Channel": "Microsoft-Windows-TerminalServices-RemoteConnectionManager/Operational", "Provider_Name": "Microsoft-Windows-TerminalServices-RemoteConnectionManager", "Computer": "DESKTOP-OFJ6N53", "TimeCreated": "2025-03-11 20:17:05.997654+00:00", "RecordID": "5260", "Level": "4", "UserID": "S-1-5-20"}
{"EventID": "20523", "Channel": "Microsoft-Windows-TerminalServices-RemoteConnectionManager/Operational", "Provider_Name": "Microsoft-Windows-TerminalServices-RemoteConnectionManager", "Computer": "DESKTOP-OFJ6N53", "TimeCreated": "2025-03-11 20:17:06.046339+00:00", "RecordID": "5261", "Level": "4", "UserID": "S-1-5-20"}
{"EventID": "258", "Channel": "Microsoft-Windows-TerminalServices-RemoteConnectionManager/Operational", "Provider_Name": "Microsoft-Windows-TerminalServices-RemoteConnectionManager", "Computer": "DESKTOP-OFJ6N53", "TimeCreated": "2025-03-11 20:17:06.553099+00:00", "RecordID": "5262", "Level": "4", "UserID": "S-1-5-20"}
{"EventID": "263", "Channel": "Microsoft-Windows-TerminalServices-RemoteConnectionManager/Operational", "Provider_Name": "Microsoft-Windows-TerminalServices-RemoteConnectionManager", "Computer": "DESKTOP-OFJ6N53", "TimeCreated": "2025-03-11 20:17:07.041574+00:00", "RecordID": "5263", "Level": "4", "UserID": "S-1-5-20"}
{"EventID": "263", "Channel": "Microsoft-Windows-TerminalServices-RemoteConnectionManager/Operational", "Provider_Name": "Microsoft-Windows-TerminalServices-RemoteConnectionManager", "Computer": "DESKTOP-OFJ6N53", "TimeCreated": "2025-03-11 20:17:07.069601+00:00", "RecordID": "5264", "Level": "4", "UserID": "S-1-5-20"}
{"EventID": "1136", "Channel": "Microsoft-Windows-TerminalServices-RemoteConnectionManager/Operational", "Provider_Name": "Microsoft-Windows-TerminalServices-RemoteConnectionManager", "Computer": "DESKTOP-OFJ6N53", "TimeCreated": "2025-03-11 20:17:07.079237+00:00", "RecordID": "5265", "Level": "4", "UserID": "S-1-5-18"}
{"EventID": "263", "Channel": "Microsoft-Windows-TerminalServices-RemoteConnectionManager/Operational", "Provider_Name": "Microsoft-Windows-TerminalServices-RemoteConnectionManager", "Computer": "DESKTOP-OFJ6N53", "TimeCreated": "2025-03-11 20:17:07.088745+00:00", "RecordID": "5266", "Level": "4", "UserID": "S-1-5-20"}
{"EventID": "263", "Channel": "Microsoft-Windows-TerminalServices-RemoteConnectionManager/Operational", "Provider_Name": "Microsoft-Windows-TerminalServices-RemoteConnectionManager", "Computer": "DESKTOP-OFJ6N53", "TimeCreated": "2025-03-11 20:17:07.113314+00:00", "RecordID": "5267", "Level": "4", "UserID": "S-1-5-20"}
{"EventID": "263", "Channel": "Microsoft-Windows-TerminalServices-RemoteConnectionManager/Operational", "Provider_Name": "Microsoft-Windows-TerminalServices-RemoteConnectionManager", "Computer": "DESKTOP-OFJ6N53", "TimeCreated": "2025-03-11 20:17:07.137344+00:00", "RecordID": "5268", "Level": "4", "UserID": "S-1-5-20"}
{"EventID": "263", "Channel": "Microsoft-Windows-TerminalServices-RemoteConnectionManager/Operational", "Provider_Name": "Microsoft-Windows-TerminalServices-RemoteConnectionManager", "Computer": "DESKTOP-OFJ6N53", "TimeCreated": "2025-03-11 20:17:40.221300+00:00", "RecordID": "5269", "Level": "4", "UserID": "S-1-5-20"}
{"EventID": "261", "Channel": "Microsoft-Windows-TerminalServices-RemoteConnectionManager/Operational", "Provider_Name": "Microsoft-Windows-TerminalServices-RemoteConnectionManager", "Computer": "DESKTOP-OFJ6N53", "TimeCreated": "2025-03-12 07:33:57.054083+00:00", "RecordID": "5270", "Level": "4", "UserID": "S-1-5-20"}
{"EventID": "1149", "Channel": "Microsoft-Windows-TerminalServices-RemoteConnectionManager/Operational", "Provider_Name": "Microsoft-Windows-TerminalServices-RemoteConnectionManager", "Computer": "DESKTOP-OFJ6N53", "TimeCreated": "2025-03-12 07:33:57.498144+00:00", "RecordID": "5271", "Level": "4", "UserID": "S-1-5-20"}
{"EventID": "261", "Channel": "Microsoft-Windows-TerminalServices-RemoteConnectionManager/Operational", "Provider_Name": "Microsoft-Windows-TerminalServices-RemoteConnectionManager", "Computer": "DESKTOP-OFJ6N53", "TimeCreated": "2025-03-12 13:47:14.312214+00:00", "RecordID": "5272", "Level": "4", "UserID": "S-1-5-20"}
{"EventID": "1149", "Channel": "Microsoft-Windows-TerminalServices-RemoteConnectionManager/Operational", "Provider_Name": "Microsoft-Windows-TerminalServices-RemoteConnectionManager", "Computer": "DESKTOP-OFJ6N53", "TimeCreated": "2025-03-12 13:47:14.459295+00:00", "RecordID": "5273", "Level": "4", "UserID": "S-1-5-20"}
{"EventID": "261", "Channel": "Microsoft-Windows-TerminalServices-RemoteConnectionManager/Operational", "Provider_Name": "Microsoft-Windows-TerminalServices-RemoteConnectionManager", "Computer": "DESKTOP-OFJ6N53", "TimeCreated": "2025-03-12 13:54:51.005856+00:00", "RecordID": "5274", "Level": "4", "UserID": "S-1-5-20"}
{"EventID": "1149", "Channel": "Microsoft-Windows-TerminalServices-RemoteConnectionManager/Operational", "Provider_Name": "Microsoft-Windows-TerminalServices-RemoteConnectionManager", "Computer": "DESKTOP-OFJ6N53", "TimeCreated": "2025-03-12 13:54:51.132736+00:00", "RecordID": "5275", "Level": "4", "UserID": "S-1-5-20"}
{"EventID": "261", "Channel": "Microsoft-Windows-TerminalServices-RemoteConnectionManager/Operational", "Provider_Name": "Microsoft-Windows-TerminalServices-RemoteConnectionManager", "Computer": "DESKTOP-OFJ6N53", "TimeCreated": "2025-03-14 10:08:13.246929+00:00", "RecordID": "5276", "Level": "4", "UserID": "S-1-5-20"}
{"EventID": "261", "Channel": "Microsoft-Windows-TerminalServices-RemoteConnectionManager/Operational", "Provider_Name": "Microsoft-Windows-TerminalServices-RemoteConnectionManager", "Computer": "DESKTOP-OFJ6N53", "TimeCreated": "2025-03-14 10:08:21.283701+00:00", "RecordID": "5277", "Level": "4", "UserID": "S-1-5-20"}
{"EventID": "1149", "Channel": "Microsoft-Windows-TerminalServices-RemoteConnectionManager/Operational", "Provider_Name": "Microsoft-Windows-TerminalServices-RemoteConnectionManager", "Computer": "DESKTOP-OFJ6N53", "TimeCreated": "2025-03-14 10:08:21.791904+00:00", "RecordID": "5278", "Level": "4", "UserID": "S-1-5-20"}
{"EventID": "261", "Channel": "Microsoft-Windows-TerminalServices-RemoteConnectionManager/Operational", "Provider_Name": "Microsoft-Windows-TerminalServices-RemoteConnectionManager", "Computer": "DESKTOP-OFJ6N53", "TimeCreated": "2025-03-15 19:04:47.627413+00:00", "RecordID": "5279", "Level": "4", "UserID": "S-1-5-20"}
{"EventID": "261", "Channel": "Microsoft-Windows-TerminalServices-RemoteConnectionManager/Operational", "Provider_Name": "Microsoft-Windows-TerminalServices-RemoteConnectionManager", "Computer": "DESKTOP-OFJ6N53", "TimeCreated": "2025-03-15 19:04:54.514244+00:00", "RecordID": "5280", "Level": "4", "UserID": "S-1-5-20"}
{"EventID": "1149", "Channel": "Microsoft-Windows-TerminalServices-RemoteConnectionManager/Operational", "Provider_Name": "Microsoft-Windows-TerminalServices-RemoteConnectionManager", "Computer": "DESKTOP-OFJ6N53", "TimeCreated": "2025-03-15 19:04:55.205210+00:00", "RecordID": "5281", "Level": "4", "UserID": "S-1-5-20"}
{"EventID": "261", "Channel": "Microsoft-Windows-TerminalServices-RemoteConnectionManager/Operational", "Provider_Name": "Microsoft-Windows-TerminalServices-RemoteConnectionManager", "Computer": "DESKTOP-OFJ6N53", "TimeCreated": "2025-03-17 10:52:17.033646+00:00", "RecordID": "5282", "Level": "4", "UserID": "S-1-5-20"}
{"EventID": "261", "Channel": "Microsoft-Windows-TerminalServices-RemoteConnectionManager/Operational", "Provider_Name": "Microsoft-Windows-TerminalServices-RemoteConnectionManager", "Computer": "DESKTOP-OFJ6N53", "TimeCreated": "2025-03-17 11:06:00.978893+00:00", "RecordID": "5283", "Level": "4", "UserID": "S-1-5-20"}
{"EventID": "261", "Channel": "Microsoft-Windows-TerminalServices-RemoteConnectionManager/Operational", "Provider_Name": "Microsoft-Windows-TerminalServices-RemoteConnectionManager", "Computer": "DESKTOP-OFJ6N53", "TimeCreated": "2025-03-17 11:06:01.878090+00:00", "RecordID": "5284", "Level": "4", "UserID": "S-1-5-20"}
{"EventID": "1149", "Channel": "Microsoft-Windows-TerminalServices-RemoteConnectionManager/Operational", "Provider_Name": "Microsoft-Windows-TerminalServices-RemoteConnectionManager", "Computer": "DESKTOP-OFJ6N53", "TimeCreated": "2025-03-17 11:06:02.328272+00:00", "RecordID": "5285", "Level": "4", "UserID": "S-1-5-20"}
{"EventID": "261", "Channel": "Microsoft-Windows-TerminalServices-RemoteConnectionManager/Operational", "Provider_Name": "Microsoft-Windows-TerminalServices-RemoteConnectionManager", "Computer": "DESKTOP-OFJ6N53", "TimeCreated": "2025-03-18 08:52:03.679941+00:00", "RecordID": "5286", "Level": "4", "UserID": "S-1-5-20"}
{"EventID": "261", "Channel": "Microsoft-Windows-TerminalServices-RemoteConnectionManager/Operational", "Provider_Name": "Microsoft-Windows-TerminalServices-RemoteConnectionManager", "Computer": "DESKTOP-OFJ6N53", "TimeCreated": "2025-03-18 08:52:09.591818+00:00", "RecordID": "5287", "Level": "4", "UserID": "S-1-5-20"}
{"EventID": "1149", "Channel": "Microsoft-Windows-TerminalServices-RemoteConnectionManager/Operational", "Provider_Name": "Microsoft-Windows-TerminalServices-RemoteConnectionManager", "Computer": "DESKTOP-OFJ6N53", "TimeCreated": "2025-03-18 08:52:09.785938+00:00", "RecordID": "5288", "Level": "4", "UserID": "S-1-5-20"}
{"EventID": "261", "Channel": "Microsoft-Windows-TerminalServices-RemoteConnectionManager/Operational", "Provider_Name": "Microsoft-Windows-TerminalServices-RemoteConnectionManager", "Computer": "DESKTOP-OFJ6N53", "TimeCreated": "2025-03-19 11:59:44.160086+00:00", "RecordID": "5289", "Level": "4", "UserID": "S-1-5-20"}
{"EventID": "261", "Channel": "Microsoft-Windows-TerminalServices-RemoteConnectionManager/Operational", "Provider_Name": "Microsoft-Windows-TerminalServices-RemoteConnectionManager", "Computer": "DESKTOP-OFJ6N53", "TimeCreated": "2025-03-19 11:59:52.618719+00:00", "RecordID": "5290", "Level": "4", "UserID": "S-1-5-20"}
{"EventID": "261", "Channel": "Microsoft-Windows-TerminalServices-RemoteConnectionManager/Operational", "Provider_Name": "Microsoft-Windows-TerminalServices-RemoteConnectionManager", "Computer": "DESKTOP-OFJ6N53", "TimeCreated": "2025-03-19 11:59:53.752670+00:00", "RecordID": "5291", "Level": "4", "UserID": "S-1-5-20"}
{"EventID": "1149", "Channel": "Microsoft-Windows-TerminalServices-RemoteConnectionManager/Operational", "Provider_Name": "Microsoft-Windows-TerminalServices-RemoteConnectionManager", "Computer": "DESKTOP-OFJ6N53", "TimeCreated": "2025-03-19 11:59:53.942753+00:00", "RecordID": "5292", "Level": "4", "UserID": "S-1-5-20"}
{"EventID": "261", "Channel": "Microsoft-Windows-TerminalServices-RemoteConnectionManager/Operational", "Provider_Name": "Microsoft-Windows-TerminalServices-RemoteConnectionManager", "Computer": "DESKTOP-OFJ6N53", "TimeCreated": "2025-03-21 15:14:49.675791+00:00", "RecordID": "5293", "Level": "4", "UserID": "S-1-5-20"}
{"EventID": "261", "Channel": "Microsoft-Windows-TerminalServices-RemoteConnectionManager/Operational", "Provider_Name": "Microsoft-Windows-TerminalServices-RemoteConnectionManager", "Computer": "DESKTOP-OFJ6N53", "TimeCreated": "2025-03-21 15:14:55.623690+00:00", "RecordID": "5294", "Level": "4", "UserID": "S-1-5-20"}
{"EventID": "261", "Channel": "Microsoft-Windows-TerminalServices-RemoteConnectionManager/Operational", "Provider_Name": "Microsoft-Windows-TerminalServices-RemoteConnectionManager", "Computer": "DESKTOP-OFJ6N53", "TimeCreated": "2025-03-21 15:14:56.965748+00:00", "RecordID": "5295", "Level": "4", "UserID": "S-1-5-20"}
{"EventID": "1149", "Channel": "Microsoft-Windows-TerminalServices-RemoteConnectionManager/Operational", "Provider_Name": "Microsoft-Windows-TerminalServices-RemoteConnectionManager", "Computer": "DESKTOP-OFJ6N53", "TimeCreated": "2025-03-21 15:14:57.435555+00:00", "RecordID": "5296", "Level": "4", "UserID": "S-1-5-20"}
{"EventID": "261", "Channel": "Microsoft-Windows-TerminalServices-RemoteConnectionManager/Operational", "Provider_Name": "Microsoft-Windows-TerminalServices-RemoteConnectionManager", "Computer": "DESKTOP-OFJ6N53", "TimeCreated": "2025-03-25 12:03:54.162327+00:00", "RecordID": "5297", "Level": "4", "UserID": "S-1-5-20"}
{"EventID": "261", "Channel": "Microsoft-Windows-TerminalServices-RemoteConnectionManager/Operational", "Provider_Name": "Microsoft-Windows-TerminalServices-RemoteConnectionManager", "Computer": "DESKTOP-OFJ6N53", "TimeCreated": "2025-03-25 12:04:02.037106+00:00", "RecordID": "5298", "Level": "4", "UserID": "S-1-5-20"}
{"EventID": "261", "Channel": "Microsoft-Windows-TerminalServices-RemoteConnectionManager/Operational", "Provider_Name": "Microsoft-Windows-TerminalServices-RemoteConnectionManager", "Computer": "DESKTOP-OFJ6N53", "TimeCreated": "2025-03-25 12:04:02.996212+00:00", "RecordID": "5299", "Level": "4", "UserID": "S-1-5-20"}
{"EventID": "1149", "Channel": "Microsoft-Windows-TerminalServices-RemoteConnectionManager/Operational", "Provider_Name": "Microsoft-Windows-TerminalServices-RemoteConnectionManager", "Computer": "DESKTOP-OFJ6N53", "TimeCreated": "2025-03-25 12:04:03.207174+00:00", "RecordID": "5300", "Level": "4", "UserID": "S-1-5-20"}
{"EventID": "261", "Channel": "Microsoft-Windows-TerminalServices-RemoteConnectionManager/Operational", "Provider_Name": "Microsoft-Windows-TerminalServices-RemoteConnectionManager", "Computer": "DESKTOP-OFJ6N53", "TimeCreated": "2025-03-25 22:30:43.827269+00:00", "RecordID": "5301", "Level": "4", "UserID": "S-1-5-20"}
{"EventID": "1149", "Channel": "Microsoft-Windows-TerminalServices-RemoteConnectionManager/Operational", "Provider_Name": "Microsoft-Windows-TerminalServices-RemoteConnectionManager", "Computer": "DESKTOP-OFJ6N53", "TimeCreated": "2025-03-25 22:30:48.147095+00:00", "RecordID": "5302", "Level": "4", "UserID": "S-1-5-20"}
{"EventID": "261", "Channel": "Microsoft-Windows-TerminalServices-RemoteConnectionManager/Operational", "Provider_Name": "Microsoft-Windows-TerminalServices-RemoteConnectionManager", "Computer": "DESKTOP-OFJ6N53", "TimeCreated": "2025-03-26 09:04:27.025005+00:00", "RecordID": "5303", "Level": "4", "UserID": "S-1-5-20"}
{"EventID": "1149", "Channel": "Microsoft-Windows-TerminalServices-RemoteConnectionManager/Operational", "Provider_Name": "Microsoft-Windows-TerminalServices-RemoteConnectionManager", "Computer": "DESKTOP-OFJ6N53", "TimeCreated": "2025-03-26 09:04:27.349634+00:00", "RecordID": "5304", "Level": "4", "UserID": "S-1-5-20"}
{"EventID": "261", "Channel": "Microsoft-Windows-TerminalServices-RemoteConnectionManager/Operational", "Provider_Name": "Microsoft-Windows-TerminalServices-RemoteConnectionManager", "Computer": "DESKTOP-OFJ6N53", "TimeCreated": "2025-03-27 15:32:29.005238+00:00", "RecordID": "5305", "Level": "4", "UserID": "S-1-5-20"}
{"EventID": "261", "Channel": "Microsoft-Windows-TerminalServices-RemoteConnectionManager/Operational", "Provider_Name": "Microsoft-Windows-TerminalServices-RemoteConnectionManager", "Computer": "DESKTOP-OFJ6N53", "TimeCreated": "2025-03-27 15:32:37.531099+00:00", "RecordID": "5306", "Level": "4", "UserID": "S-1-5-20"}
{"EventID": "1149", "Channel": "Microsoft-Windows-TerminalServices-RemoteConnectionManager/Operational", "Provider_Name": "Microsoft-Windows-TerminalServices-RemoteConnectionManager", "Computer": "DESKTOP-OFJ6N53", "TimeCreated": "2025-03-27 15:32:37.751055+00:00", "RecordID": "5307", "Level": "4", "UserID": "S-1-5-20"}
