{"EventID": "603", "Channel": "Microsoft-Windows-AppXDeploymentServer/Operational", "Provider_Name": "Microsoft-Windows-AppXDeployment-Server", "Computer": "DESKTOP-OFJ6N53", "TimeCreated": "2025-08-01 21:34:37.295847+00:00", "RecordID": "115132", "Level": "4", "UserID": "S-1-5-18", "EventData.DeploymentOperation": "4", "EventData.Path": "ebaf0c6a5b2cfdf36ca6a27e08d12f5d2695699d", "EventData.Flags": "67108880", "EventData.FlagsHigh": "128", "EventData.CallingProcess": "svchost.exe,wuauserv", "EventData.ExternalLocation": null}
{"EventID": "10002", "Channel": "Microsoft-Windows-AppXDeploymentServer/Operational", "Provider_Name": "Microsoft-Windows-AppXDeployment-Server", "Computer": "DESKTOP-OFJ6N53", "TimeCreated": "2025-08-01 21:34:38.125574+00:00", "RecordID": "115133", "Level": "5", "UserID": "S-1-5-18", "EventData.DeploymentOperation": "4", "EventData.MainPackageMoniker": "Microsoft.MicrosoftOfficeHub_2025.729.2200.0_neutral_~_8wekyb3d8bbwe", "EventData.ResiliencyFilePath": "C:\\ProgramData\\Microsoft\\Windows\\AppRepository\\365b14a7-1997-42c6-8ca9-bba19ecec516_S-1-5-18_1.rslc"}
{"EventID": "607", "Channel": "Microsoft-Windows-AppXDeploymentServer/Operational", "Provider_Name": "Microsoft-Windows-AppXDeployment-Server", "Computer": "DESKTOP-OFJ6N53", "TimeCreated": "2025-08-01 21:34:38.128531+00:00", "RecordID": "115134", "Level": "4", "UserID": "S-1-5-18", "EventData.DeploymentOperation": "4", "EventData.PackageFullName": "Microsoft.MicrosoftOfficeHub_2025.729.2200.0_neutral_~_8wekyb3d8bbwe", "EventData.UserSid": "S-1-5-18", "EventData.CallingProcess": "svchost.exe,wuauserv"}
{"EventID": "614", "Channel": "Microsoft-Windows-AppXDeploymentServer/Operational", "Provider_Name": "Microsoft-Windows-AppXDeployment-Server", "Computer": "DESKTOP-OFJ6N53", "TimeCreated": "2025-08-01 21:34:38.138296+00:00", "RecordID": "115135", "Level": "5", "UserID": "S-1-5-18", "EventData.PathOne": "x-windowsupdate://A0F41E02-412A-4F3F-948A-B3E921941E81/EAAC6C6B-10A4-4659-815B-44F151ECA61A/3e40f62a48cae91c67e0b36abe7f79dbed5050e0", "EventData.PathTwo": "\"OfficeApp_19.2507.59091.0_x64.msix\": Microsoft.MicrosoftOfficeHub_19.2507.59091.0_x64__8wekyb3d8bbwe \"OfficeApp_19.2507.59091.0_ARM64.msix\": Microsoft.MicrosoftOfficeHub_19.2507.59091.0_arm64__8wekyb3d8bbwe \"OfficeApp_19.2507.59091.0_language-af.msix\": Microsoft.MicrosoftOfficeHub_19.2507.59091.0_neutral_split.language-af_8wekyb3d8bbwe \"OfficeApp_19.2507.59091.0_language-am.msix\": Microsoft.MicrosoftOfficeHub_19.2507.59091.0_neutral_split.language-am_8wekyb3d8bbwe \"OfficeApp_19.2507.59091.0_language-ar.msix\": Microsoft.MicrosoftOfficeHub_19.2507.59091.0_neutral_split.language-ar_8wekyb3d8bbwe \"OfficeApp_19.2507.59091.0_language-as.msix\": Microsoft.MicrosoftOfficeHub_19.2507.59091.0_neutral_split.language-as_8wekyb3d8bbwe \"OfficeApp_19.2507.59091.0_language-az-latn.msix\": Microsoft.MicrosoftOfficeHub_19.2507.59091.0_neutral_split.language-az-latn_8wekyb3d8bbwe \"OfficeApp_19.2507.59091.0_language-bg.msix\": Microsoft.MicrosoftOfficeHub_19.2507.59091.0_neutral_split.language-bg_8wekyb3d8bbwe \"OfficeApp_19.2507.59091.0_language-bn.msix\": Microsoft.MicrosoftOfficeHub_19.2507.59091.0_neutral_split.language-bn_8wekyb3d8bbwe \"OfficeApp_19.2507.59091.0_language-bs.msix\": Microsoft.MicrosoftOfficeHub_19.2507.59091.0_neutral_split.language-bs_8wekyb3d8bbwe \"OfficeApp_19.2507.59091.0_language-ca.msix\": Microsoft.MicrosoftOfficeHub_19.2507.59091.0_neutral_split.language-ca_8wekyb3d8bbwe \"OfficeApp_19.2507.59091.0_language-cs.msix\": Microsoft.MicrosoftOfficeHub_19.2507.59091.0_neutral_split.language-cs_8wekyb3d8bbwe \"OfficeApp_19.2507.59091.0_language-cy.msix\": Microsoft.MicrosoftOfficeHub_19.2507.59091.0_neutral_split.language-cy_8wekyb3d8bbwe \"OfficeApp_19.2507.59091.0_language-da.msix\": Microsoft.MicrosoftOfficeHub_19.2507.59091.0_neutral_split.language-da_8wekyb3d8bbwe \"OfficeApp_19.2507.59091.0_language-de.msix\": Microsoft.MicrosoftOfficeHub_19.2507.59091.0_neutral_split.language-de_8wekyb3d8bbwe \"OfficeApp_19.2507.59091.0_language-el.msix\": Microsoft.MicrosoftOfficeHub_19.2507.59091.0_neutral_split.language-el_8wekyb3d8bbwe \"OfficeApp_19.2507.59091.0_language-es.msix\": Microsoft.MicrosoftOfficeHub_19.2507.59091.0_neutral_split.language-es_8wekyb3d8bbwe \"OfficeApp_19.2507.59091.0_language-et.msix\": Microsoft.MicrosoftOfficeHub_19.2507.59091.0_neutral_split.language-et_8wekyb3d8bbwe \"OfficeApp_19.2507.59091.0_language-eu.msix\": Microsoft.MicrosoftOfficeHub_19.2507.59091.0_neutral_split.language-eu_8wekyb3d8bbwe \"OfficeApp_19.2507.59091.0_language-fa.msix\": Microsoft.MicrosoftOfficeHub_19.2507.59091.0_neutral_split.language-fa_8wekyb3d8bbwe \"OfficeApp_19.2507.59091.0_language-fi.msix\": Microsoft.MicrosoftOfficeHub_19.2507.59091.0_neutral_split.language-fi_8wekyb3d8bbwe \"OfficeApp_19.2507.59091.0_language-fil-latn.msix\": Microsoft.MicrosoftOfficeHub_19.2507.59091.0_neutral_split.language-fil-latn_8wekyb3d8bbwe \"OfficeApp_19.2507.59091.0_language-fr.msix\": Microsoft.MicrosoftOfficeHub_19.2507.59091.0_neutral_split.language-fr_8wekyb3d8bbwe \"OfficeApp_19.2507.59091.0_language-ga.msix\": Microsoft.MicrosoftOfficeHub_19.2507.59091.0_neutral_split.language-ga_8wekyb3d8bbwe \"OfficeApp_19.2507.59091.0_language-gd-latn.msix\": Microsoft.MicrosoftOfficeHub_19.2507.59091.0_neutral_split.language-gd-latn_8wekyb3d8bbwe \"OfficeApp_19.2507.59091.0_language-gl.msix\": Microsoft.MicrosoftOfficeHub_19.2507.59091.0_neutral_split.language-gl_8wekyb3d8bbwe \"OfficeApp_19.2507.59091.0_language-gu.msix\": Microsoft.MicrosoftOfficeHub_19.2507.59091.0_neutral_split.language-gu_8wekyb3d8bbwe \"OfficeApp_19.2507.59091.0_language-he.msix\": Microsoft.MicrosoftOfficeHub_19.2507.59091.0_neutral_split.language-he_8wekyb3d8bbwe \"OfficeApp_19.2507.59091.0_language-hi.msix\": Microsoft.MicrosoftOfficeHub_19.2507.59091.0_neutral_split.language-hi_8wekyb3d8bbwe \"OfficeApp_19.2507.59091.0_language-hr.msix\": Microsoft.MicrosoftOfficeHub_19.2507.59091.0_neutral_split.language-hr_8wekyb3d8bbwe \"OfficeApp_19.2507.59091.0_language-hu.msix\": Microsoft.MicrosoftOfficeHub_19.2507.59091.0_neutral_split.language-hu_8wekyb3d8bbwe \"OfficeApp_19.2507.59091.0_language-id.msix\": Microsoft.MicrosoftOfficeHub_19.2507.59091.0_neutral_split.language-id_8wekyb3d8bbwe \"OfficeApp_19.2507.59091.0_language-is.msix\": Microsoft.MicrosoftOfficeHub_19.2507.59091.0_neutral_split.language-is_8wekyb3d8bbwe \"OfficeApp_19.2507.59091.0_language-it.msix\": Microsoft.MicrosoftOfficeHub_19.2507.59091.0_neutral_split.language-it_8wekyb3d8bbwe \"OfficeApp_19.2507.59091.0_language-ja.msix\": Microsoft.MicrosoftOfficeHub_19.2507.59091.0_neutral_split.language-ja_8wekyb3d8bbwe \"OfficeApp_19.2507.59091.0_language-ka.msix\": Microsoft.MicrosoftOfficeHub_19.2507.59091.0_neutral_split.language-ka_8wekyb3d8bbwe \"OfficeApp_19.2507.59091.0_language-kk.msix\": Microsoft.MicrosoftOfficeHub_19.2507.59091.0_neutral_split.language-kk_8wekyb3d8bbwe \"OfficeApp_19.2507.59091.0_language-km.msix\": Microsoft.MicrosoftOfficeHub_19.2507.59091.0_neutral_split.language-km_8wekyb3d8bbwe \"OfficeApp_19.2507.59091.0_language-kn.msix\": Microsoft.MicrosoftOfficeHub_19.2507.59091.0_neutral_split.language-kn_8wekyb3d8bbwe \"OfficeApp_19.2507.59091.0_language-ko.msix\": Microsoft.MicrosoftOfficeHub_19.2507.59091.0_neutral_split.language-ko_8wekyb3d8bbwe \"OfficeApp_19.2507.59091.0_language-kok.msix\": Microsoft.MicrosoftOfficeHub_19.2507.59091.0_neutral_split.language-kok_8wekyb3d8bbwe \"OfficeApp_19.2507.59091.0_language-lb.msix\": Microsoft.MicrosoftOfficeHub_19.2507.59091.0_neutral_split.language-lb_8wekyb3d8bbwe \"OfficeApp_19.2507.59091.0_language-lo.msix\": Microsoft.MicrosoftOfficeHub_19.2507.59091.0_neutral_split.language-lo_8wekyb3d8bbwe \"OfficeApp_19.2507.59091.0_language-lt.msix\": Microsoft.MicrosoftOfficeHub_19.2507.59091.0_neutral_split.language-lt_8wekyb3d8bbwe \"OfficeApp_19.2507.59091.0_language-lv.msix\": Microsoft.MicrosoftOfficeHub_19.2507.59091.0_neutral_split.language-lv_8wekyb3d8bbwe \"OfficeApp_19.2507.59091.0_language-mi-latn.msix\": Microsoft.MicrosoftOfficeHub_19.2507.59091.0_neutral_split.language-mi-latn_8wekyb3d8bbwe \"OfficeApp_19.2507.59091.0_language-mk.msix\": Microsoft.MicrosoftOfficeHub_19.2507.59091.0_neutral_split.language-mk_8wekyb3d8bbwe \"OfficeApp_19.2507.59091.0_language-ml.msix\": Microsoft.MicrosoftOfficeHub_19.2507.59091.0_neutral_split.language-ml_8wekyb3d8bbwe \"OfficeApp_19.2507.59091.0_language-mr.msix\": Microsoft.MicrosoftOfficeHub_19.2507.59091.0_neutral_split.language-mr_8wekyb3d8bbwe \"OfficeApp_19.2507.59091.0_language-ms.msix\": Microsoft.MicrosoftOfficeHub_19.2507.59091.0_neutral_split.language-ms_8wekyb3d8bbwe \"OfficeApp_19.2507.59091.0_language-mt.msix\": Microsoft.MicrosoftOfficeHub_19.2507.59091.0_neutral_split.language-mt_8wekyb3d8bbwe \"OfficeApp_19.2507.59091.0_language-nb.msix\": Microsoft.MicrosoftOfficeHub_19.2507.59091.0_neutral_split.language-nb_8wekyb3d8bbwe \"OfficeApp_19.2507.59091.0_language-ne.msix\": Microsoft.MicrosoftOfficeHub_19.2507.59091.0_neutral_split.language-ne_8wekyb3d8bbwe \"OfficeApp_19.2507.59091.0_language-nl.msix\": Microsoft.MicrosoftOfficeHub_19.2507.59091.0_neutral_split.language-nl_8wekyb3d8bbwe \"OfficeApp_19.2507.59091.0_language-nn.msix\": Microsoft.MicrosoftOfficeHub_19.2507.59091.0_neutral_split.language-nn_8wekyb3d8bbwe \"OfficeApp_19.2507.59091.0_language-or.msix\": Microsoft.MicrosoftOfficeHub_19.2507.59091.0_neutral_split.language-or_8wekyb3d8bbwe \"OfficeApp_19.2507.59091.0_language-pa.msix\": Microsoft.MicrosoftOfficeHub_19.2507.59091.0_neutral_split.language-pa_8wekyb3d8bbwe \"OfficeApp_19.2507.59091.0_language-pl.msix\": Microsoft.MicrosoftOfficeHub_19.2507.59091.0_neutral_split.language-pl_8wekyb3d8bbwe \"OfficeApp_19.2507.59091.0_language-pt.msix\": Microsoft.MicrosoftOfficeHub_19.2507.59091.0_neutral_split.language-pt_8wekyb3d8bbwe \"OfficeApp_19.2507.59091.0_language-quz-latn.msix\": Microsoft.MicrosoftOfficeHub_19.2507.59091.0_neutral_split.language-quz-latn_8wekyb3d8bbwe \"OfficeApp_19.2507.59091.0_language-ro.msix\": Microsoft.MicrosoftOfficeHub_19.2507.59091.0_neutral_split.language-ro_8wekyb3d8bbwe \"OfficeApp_19.2507.59091.0_language-ru.msix\": Microsoft.MicrosoftOfficeHub_19.2507.59091.0_neutral_split.language-ru_8wekyb3d8bbwe \"OfficeApp_19.2507.59091.0_language-sk.msix\": Microsoft.MicrosoftOfficeHub_19.2507.59091.0_neutral_split.language-sk_8wekyb3d8bbwe \"OfficeApp_19.2507.59091.0_language-sl.msix\": Microsoft.MicrosoftOfficeHub_19.2507.59091.0_neutral_split.language-sl_8wekyb3d8bbwe \"OfficeApp_19.2507.59091.0_language-sq.msix\": Microsoft.MicrosoftOfficeHub_19.2507.59091.0_neutral_split.language-sq_8wekyb3d8bbwe \"OfficeApp_19.2507.59091.0_language-sr-cyrl.msix\": Microsoft.MicrosoftOfficeHub_19.2507.59091.0_neutral_split.language-sr-cyrl_8wekyb3d8bbwe \"OfficeApp_19.2507.59091.0_language-sr-latn.msix\": Microsoft.MicrosoftOfficeHub_19.2507.59091.0_neutral_split.language-sr-latn_8wekyb3d8bbwe \"OfficeApp_19.2507.59091.0_language-sv.msix\": Microsoft.MicrosoftOfficeHub_19.2507.59091.0_neutral_split.language-sv_8wekyb3d8bbwe \"OfficeApp_19.2507.59091.0_language-ta.msix\": Microsoft.MicrosoftOfficeHub_19.2507.59091.0_neutral_split.language-ta_8wekyb3d8bbwe \"OfficeApp_19.2507.59091.0_language-te.msix\": Microsoft.MicrosoftOfficeHub_19.2507.59091.0_neutral_split.language-te_8wekyb3d8bbwe \"OfficeApp_19.2507.59091.0_language-th.msix\": Microsoft.MicrosoftOfficeHub_19.2507.59091.0_neutral_split.language-th_8wekyb3d8bbwe \"OfficeApp_19.2507.59091.0_language-tr.msix\": Microsoft.MicrosoftOfficeHub_19.2507.59091.0_neutral_split.language-tr_8wekyb3d8bbwe \"OfficeApp_19.2507.59091.0_language-tt-cyrl.msix\": Microsoft.MicrosoftOfficeHub_19.2507.59091.0_neutral_split.language-tt-cyrl_8wekyb3d8bbwe \"OfficeApp_19.2507.59091.0_language-ug-arab.msix\": Microsoft.MicrosoftOfficeHub_19.2507.59091.0_neutral_split.language-ug-arab_8wekyb3d8bbwe \"OfficeApp_19.2507.59091.0_language-uk.msix\": Microsoft.MicrosoftOfficeHub_19.2507.59091.0_neutral_split.language-uk_8wekyb3d8bbwe \"OfficeApp_19.2507.59091.0_language-ur.msix\": Microsoft.MicrosoftOfficeHub_19.2507.59091.0_neutral_split.language-ur_8wekyb3d8bbwe \"OfficeApp_19.2507.59091.0_language-vi.msix\": Microsoft.MicrosoftOfficeHub_19.2507.59091.0_neutral_split.language-vi_8wekyb3d8bbwe \"OfficeApp_19.2507.59091.0_language-zh-hans.msix\": Microsoft.MicrosoftOfficeHub_19.2507.59091.0_neutral_split.language-zh-hans_8wekyb3d8bbwe \"OfficeApp_19.2507.59091.0_language-zh-hant.msix\": Microsoft.MicrosoftOfficeHub_19.2507.59091.0_neutral_split.language-zh-hant_8wekyb3d8bbwe \"OfficeApp_19.2507.59091.0_scale-100.msix\": Microsoft.MicrosoftOfficeHub_19.2507.59091.0_neutral_split.scale-100_8wekyb3d8bbwe \"OfficeApp_19.2507.59091.0_scale-125.msix\": Microsoft.MicrosoftOfficeHub_19.2507.59091.0_neutral_split.scale-125_8wekyb3d8bbwe \"OfficeApp_19.2507.59091.0_scale-140.msix\": Microsoft.MicrosoftOfficeHub_19.2507.59091.0_neutral_split.scale-140_8wekyb3d8bbwe \"OfficeApp_19.2507.59091.0_scale-150.msix\": Microsoft.MicrosoftOfficeHub_19.2507.59091.0_neutral_split.scale-150_8wekyb3d8bbwe \"OfficeApp_19.2507.59091.0_scale-180.msix\": Microsoft.MicrosoftOfficeHub_19.2507.59091.0_neutral_split.scale-180_8wekyb3d8bbwe \"OfficeApp_19.2507.59091.0_scale-300.msix\": Microsoft.MicrosoftOfficeHub_19.2507.59091.0_neutral_split.scale-300_8wekyb3d8bbwe \"OfficeApp_19.2507.59091.0_scale-400.msix\": Microsoft.MicrosoftOfficeHub_19.2507.59091.0_neutral_split.scale-400_8wekyb3d8bbwe"}
{"EventID": "10002", "Channel": "Microsoft-Windows-AppXDeploymentServer/Operational", "Provider_Name": "Microsoft-Windows-AppXDeployment-Server", "Computer": "DESKTOP-OFJ6N53", "TimeCreated": "2025-08-01 21:34:38.229725+00:00", "RecordID": "115136", "Level": "5", "UserID": "S-1-5-18", "EventData.DeploymentOperation": "4", "EventData.MainPackageMoniker": "Microsoft.Office.OneNote_16001.14326.22594.0_neutral_~_8wekyb3d8bbwe", "EventData.ResiliencyFilePath": "C:\\ProgramData\\Microsoft\\Windows\\AppRepository\\365b14a7-1997-42c6-8ca9-bba19ecec516_S-1-5-18_2.rslc"}
{"EventID": "607", "Channel": "Microsoft-Windows-AppXDeploymentServer/Operational", "Provider_Name": "Microsoft-Windows-AppXDeployment-Server", "Computer": "DESKTOP-OFJ6N53", "TimeCreated": "2025-08-01 21:34:38.230177+00:00", "RecordID": "115137", "Level": "4", "UserID": "S-1-5-18", "EventData.DeploymentOperation": "4", "EventData.PackageFullName": "Microsoft.Office.OneNote_16001.14326.22594.0_neutral_~_8wekyb3d8bbwe", "EventData.UserSid": "S-1-5-18", "EventData.CallingProcess": "svchost.exe,wuauserv"}
{"EventID": "614", "Channel": "Microsoft-Windows-AppXDeploymentServer/Operational", "Provider_Name": "Microsoft-Windows-AppXDeployment-Server", "Computer": "DESKTOP-OFJ6N53", "TimeCreated": "2025-08-01 21:34:38.237270+00:00", "RecordID": "115138", "Level": "5", "UserID": "S-1-5-18", "EventData.PathOne": "x-windowsupdate://DE3718EB-3205-43B7-ABC9-F158FF87D1C3/F022389F-F3A6-417E-AD23-704FBDF57117/435dbef8e7d720281c7d631d6c28f30d0cde4d79", "EventData.PathTwo": "\"AppxMetadata\\Stub\\OneNoteStub_16.14326.22589.0_ARM.appx\": Microsoft.Office.OneNote_16.14326.22589.0_arm__8wekyb3d8bbwe \"AppxMetadata\\Stub\\OneNoteStub_16.14326.22589.0_Win32.appx\": Microsoft.Office.OneNote_16.14326.22589.0_x86__8wekyb3d8bbwe \"AppxMetadata\\Stub\\OneNoteStub_16.14326.22589.0_x64.appx\": Microsoft.Office.OneNote_16.14326.22589.0_x64__8wekyb3d8bbwe \"OnenoteIm_arm.appx\": Microsoft.Office.OneNote_16001.14326.22594.0_arm__8wekyb3d8bbwe \"OnenoteIm_x64.appx\": Microsoft.Office.OneNote_16001.14326.22594.0_x64__8wekyb3d8bbwe \"OnenoteIm_x86.appx\": Microsoft.Office.OneNote_16001.14326.22594.0_x86__8wekyb3d8bbwe \"OnenoteIm.language-af-za.appx\": Microsoft.Office.OneNote_16001.14326.22594.0_neutral_af-za_8wekyb3d8bbwe \"OnenoteIm.language-am-et.appx\": Microsoft.Office.OneNote_16001.14326.22594.0_neutral_am-et_8wekyb3d8bbwe \"OnenoteIm.language-ar-sa.appx\": Microsoft.Office.OneNote_16001.14326.22594.0_neutral_ar-sa_8wekyb3d8bbwe \"OnenoteIm.language-az-latn-az.appx\": Microsoft.Office.OneNote_16001.14326.22594.0_neutral_az-latn-az_8wekyb3d8bbwe \"OnenoteIm.language-be-by.appx\": Microsoft.Office.OneNote_16001.14326.22594.0_neutral_be-by_8wekyb3d8bbwe \"OnenoteIm.language-bg-bg.appx\": Microsoft.Office.OneNote_16001.14326.22594.0_neutral_bg-bg_8wekyb3d8bbwe \"OnenoteIm.language-bn-bd.appx\": Microsoft.Office.OneNote_16001.14326.22594.0_neutral_bn-bd_8wekyb3d8bbwe \"OnenoteIm.language-bs-latn-ba.appx\": Microsoft.Office.OneNote_16001.14326.22594.0_neutral_bs-latn-ba_8wekyb3d8bbwe \"OnenoteIm.language-ca-es.appx\": Microsoft.Office.OneNote_16001.14326.22594.0_neutral_ca-es_8wekyb3d8bbwe \"OnenoteIm.language-cs-cz.appx\": Microsoft.Office.OneNote_16001.14326.22594.0_neutral_cs-cz_8wekyb3d8bbwe \"OnenoteIm.language-da-dk.appx\": Microsoft.Office.OneNote_16001.14326.22594.0_neutral_da-dk_8wekyb3d8bbwe \"OnenoteIm.language-de-de.appx\": Microsoft.Office.OneNote_16001.14326.22594.0_neutral_de-de_8wekyb3d8bbwe \"OnenoteIm.language-el-gr.appx\": Microsoft.Office.OneNote_16001.14326.22594.0_neutral_el-gr_8wekyb3d8bbwe \"OnenoteIm.language-es-es.appx\": Microsoft.Office.OneNote_16001.14326.22594.0_neutral_es-es_8wekyb3d8bbwe \"OnenoteIm.language-es-mx.appx\": Microsoft.Office.OneNote_16001.14326.22594.0_neutral_es-mx_8wekyb3d8bbwe \"OnenoteIm.language-et-ee.appx\": Microsoft.Office.OneNote_16001.14326.22594.0_neutral_et-ee_8wekyb3d8bbwe \"OnenoteIm.language-eu-es.appx\": Microsoft.Office.OneNote_16001.14326.22594.0_neutral_eu-es_8wekyb3d8bbwe \"OnenoteIm.language-fa-ir.appx\": Microsoft.Office.OneNote_16001.14326.22594.0_neutral_fa-ir_8wekyb3d8bbwe \"OnenoteIm.language-fi-fi.appx\": Microsoft.Office.OneNote_16001.14326.22594.0_neutral_fi-fi_8wekyb3d8bbwe \"OnenoteIm.language-fil-ph.appx\": Microsoft.Office.OneNote_16001.14326.22594.0_neutral_fil-ph_8wekyb3d8bbwe \"OnenoteIm.language-fr-ca.appx\": Microsoft.Office.OneNote_16001.14326.22594.0_neutral_fr-ca_8wekyb3d8bbwe \"OnenoteIm.language-fr-fr.appx\": Microsoft.Office.OneNote_16001.14326.22594.0_neutral_fr-fr_8wekyb3d8bbwe \"OnenoteIm.language-gl-es.appx\": Microsoft.Office.OneNote_16001.14326.22594.0_neutral_gl-es_8wekyb3d8bbwe \"OnenoteIm.language-ha-latn-ng.appx\": Microsoft.Office.OneNote_16001.14326.22594.0_neutral_ha-latn-ng_8wekyb3d8bbwe \"OnenoteIm.language-he-il.appx\": Microsoft.Office.OneNote_16001.14326.22594.0_neutral_he-il_8wekyb3d8bbwe \"OnenoteIm.language-hi-in.appx\": Microsoft.Office.OneNote_16001.14326.22594.0_neutral_hi-in_8wekyb3d8bbwe \"OnenoteIm.language-hr-hr.appx\": Microsoft.Office.OneNote_16001.14326.22594.0_neutral_hr-hr_8wekyb3d8bbwe \"OnenoteIm.language-hu-hu.appx\": Microsoft.Office.OneNote_16001.14326.22594.0_neutral_hu-hu_8wekyb3d8bbwe \"OnenoteIm.language-id-id.appx\": Microsoft.Office.OneNote_16001.14326.22594.0_neutral_id-id_8wekyb3d8bbwe \"OnenoteIm.language-is-is.appx\": Microsoft.Office.OneNote_16001.14326.22594.0_neutral_is-is_8wekyb3d8bbwe \"OnenoteIm.language-it-it.appx\": Microsoft.Office.OneNote_16001.14326.22594.0_neutral_it-it_8wekyb3d8bbwe \"OnenoteIm.language-ja-jp.appx\": Microsoft.Office.OneNote_16001.14326.22594.0_neutral_ja-jp_8wekyb3d8bbwe \"OnenoteIm.language-kk-kz.appx\": Microsoft.Office.OneNote_16001.14326.22594.0_neutral_kk-kz_8wekyb3d8bbwe \"OnenoteIm.language-km-kh.appx\": Microsoft.Office.OneNote_16001.14326.22594.0_neutral_km-kh_8wekyb3d8bbwe \"OnenoteIm.language-kn-in.appx\": Microsoft.Office.OneNote_16001.14326.22594.0_neutral_kn-in_8wekyb3d8bbwe \"OnenoteIm.language-ko-kr.appx\": Microsoft.Office.OneNote_16001.14326.22594.0_neutral_ko-kr_8wekyb3d8bbwe \"OnenoteIm.language-lo-la.appx\": Microsoft.Office.OneNote_16001.14326.22594.0_neutral_lo-la_8wekyb3d8bbwe \"OnenoteIm.language-lt-lt.appx\": Microsoft.Office.OneNote_16001.14326.22594.0_neutral_lt-lt_8wekyb3d8bbwe \"OnenoteIm.language-lv-lv.appx\": Microsoft.Office.OneNote_16001.14326.22594.0_neutral_lv-lv_8wekyb3d8bbwe \"OnenoteIm.language-mk-mk.appx\": Microsoft.Office.OneNote_16001.14326.22594.0_neutral_mk-mk_8wekyb3d8bbwe \"OnenoteIm.language-ml-in.appx\": Microsoft.Office.OneNote_16001.14326.22594.0_neutral_ml-in_8wekyb3d8bbwe \"OnenoteIm.language-ms-my.appx\": Microsoft.Office.OneNote_16001.14326.22594.0_neutral_ms-my_8wekyb3d8bbwe \"OnenoteIm.language-nb-no.appx\": Microsoft.Office.OneNote_16001.14326.22594.0_neutral_nb-no_8wekyb3d8bbwe \"OnenoteIm.language-nl-nl.appx\": Microsoft.Office.OneNote_16001.14326.22594.0_neutral_nl-nl_8wekyb3d8bbwe \"OnenoteIm.language-nn-no.appx\": Microsoft.Office.OneNote_16001.14326.22594.0_neutral_nn-no_8wekyb3d8bbwe \"OnenoteIm.language-pl-pl.appx\": Microsoft.Office.OneNote_16001.14326.22594.0_neutral_pl-pl_8wekyb3d8bbwe \"OnenoteIm.language-pt-br.appx\": Microsoft.Office.OneNote_16001.14326.22594.0_neutral_pt-br_8wekyb3d8bbwe \"OnenoteIm.language-pt-pt.appx\": Microsoft.Office.OneNote_16001.14326.22594.0_neutral_pt-pt_8wekyb3d8bbwe \"OnenoteIm.language-ro-ro.appx\": Microsoft.Office.OneNote_16001.14326.22594.0_neutral_ro-ro_8wekyb3d8bbwe \"OnenoteIm.language-ru-ru.appx\": Microsoft.Office.OneNote_16001.14326.22594.0_neutral_ru-ru_8wekyb3d8bbwe \"OnenoteIm.language-sk-sk.appx\": Microsoft.Office.OneNote_16001.14326.22594.0_neutral_sk-sk_8wekyb3d8bbwe \"OnenoteIm.language-sl-si.appx\": Microsoft.Office.OneNote_16001.14326.22594.0_neutral_sl-si_8wekyb3d8bbwe \"OnenoteIm.language-sq-al.appx\": Microsoft.Office.OneNote_16001.14326.22594.0_neutral_sq-al_8wekyb3d8bbwe \"OnenoteIm.language-sr-cyrl-rs.appx\": Microsoft.Office.OneNote_16001.14326.22594.0_neutral_sr-cyrl-rs_8wekyb3d8bbwe \"OnenoteIm.language-sr-latn-rs.appx\": Microsoft.Office.OneNote_16001.14326.22594.0_neutral_sr-latn-rs_8wekyb3d8bbwe \"OnenoteIm.language-sv-se.appx\": Microsoft.Office.OneNote_16001.14326.22594.0_neutral_sv-se_8wekyb3d8bbwe \"OnenoteIm.language-sw-ke.appx\": Microsoft.Office.OneNote_16001.14326.22594.0_neutral_sw-ke_8wekyb3d8bbwe \"OnenoteIm.language-ta-in.appx\": Microsoft.Office.OneNote_16001.14326.22594.0_neutral_ta-in_8wekyb3d8bbwe \"OnenoteIm.language-te-in.appx\": Microsoft.Office.OneNote_16001.14326.22594.0_neutral_te-in_8wekyb3d8bbwe \"OnenoteIm.language-th-th.appx\": Microsoft.Office.OneNote_16001.14326.22594.0_neutral_th-th_8wekyb3d8bbwe \"OnenoteIm.language-tr-tr.appx\": Microsoft.Office.OneNote_16001.14326.22594.0_neutral_tr-tr_8wekyb3d8bbwe \"OnenoteIm.language-uk-ua.appx\": Microsoft.Office.OneNote_16001.14326.22594.0_neutral_uk-ua_8wekyb3d8bbwe \"OnenoteIm.language-uz-latn-uz.appx\": Microsoft.Office.OneNote_16001.14326.22594.0_neutral_uz-latn-uz_8wekyb3d8bbwe \"OnenoteIm.language-vi-vn.appx\": Microsoft.Office.OneNote_16001.14326.22594.0_neutral_vi-vn_8wekyb3d8bbwe \"OnenoteIm.language-zh-cn.appx\": Microsoft.Office.OneNote_16001.14326.22594.0_neutral_zh-cn_8wekyb3d8bbwe \"OnenoteIm.language-zh-tw.appx\": Microsoft.Office.OneNote_16001.14326.22594.0_neutral_zh-tw_8wekyb3d8bbwe"}
{"EventID": "10002", "Channel": "Microsoft-Windows-AppXDeploymentServer/Operational", "Provider_Name": "Microsoft-Windows-AppXDeployment-Server", "Computer": "DESKTOP-OFJ6N53", "TimeCreated": "2025-08-01 21:34:38.382431+00:00", "RecordID": "115139", "Level": "5", "UserID": "S-1-5-18", "EventData.DeploymentOperation": "4", "EventData.MainPackageMoniker": "Microsoft.BingWeather_4.54.63026.0_neutral_~_8wekyb3d8bbwe", "EventData.ResiliencyFilePath": "C:\\ProgramData\\Microsoft\\Windows\\AppRepository\\365b14a7-1997-42c6-8ca9-bba19ecec516_S-1-5-18_3.rslc"}
{"EventID": "607", "Channel": "Microsoft-Windows-AppXDeploymentServer/Operational", "Provider_Name": "Microsoft-Windows-AppXDeployment-Server", "Computer": "DESKTOP-OFJ6N53", "TimeCreated": "2025-08-01 21:34:38.383059+00:00", "RecordID": "115140", "Level": "4", "UserID": "S-1-5-18", "EventData.DeploymentOperation": "4", "EventData.PackageFullName": "Microsoft.BingWeather_4.54.63026.0_neutral_~_8wekyb3d8bbwe", "EventData.UserSid": "S-1-5-18", "EventData.CallingProcess": "svchost.exe,wuauserv"}
{"EventID": "614", "Channel": "Microsoft-Windows-AppXDeploymentServer/Operational", "Provider_Name": "Microsoft-Windows-AppXDeployment-Server", "Computer": "DESKTOP-OFJ6N53", "TimeCreated": "2025-08-01 21:34:38.393732+00:00", "RecordID": "115141", "Level": "5", "UserID": "S-1-5-18", "EventData.PathOne": "x-windowsupdate://628EF4F5-46DC-48A9-8886-2221E2402E93/421BA874-F903-4965-9B82-D60F3BA3CAE0/ebaf0c6a5b2cfdf36ca6a27e08d12f5d2695699d", "EventData.PathTwo": "\"Weather_4.54.63026.0_x64.msix\": Microsoft.BingWeather_4.54.63026.0_x64__8wekyb3d8bbwe \"Weather_4.54.63026.0_x86.msix\": Microsoft.BingWeather_4.54.63026.0_x86__8wekyb3d8bbwe \"Weather_4.54.63026.0_ARM64.msix\": Microsoft.BingWeather_4.54.63026.0_arm64__8wekyb3d8bbwe \"Weather_4.54.63026.0_language-zu.msix\": Microsoft.BingWeather_4.54.63026.0_neutral_split.language-zu_8wekyb3d8bbwe \"Weather_4.54.63026.0_language-quz-latn.msix\": Microsoft.BingWeather_4.54.63026.0_neutral_split.language-quz-latn_8wekyb3d8bbwe \"Weather_4.54.63026.0_language-pa.msix\": Microsoft.BingWeather_4.54.63026.0_neutral_split.language-pa_8wekyb3d8bbwe \"Weather_4.54.63026.0_language-zh-hans.msix\": Microsoft.BingWeather_4.54.63026.0_neutral_split.language-zh-hans_8wekyb3d8bbwe \"Weather_4.54.63026.0_language-pa-arab.msix\": Microsoft.BingWeather_4.54.63026.0_neutral_split.language-pa-arab_8wekyb3d8bbwe \"Weather_4.54.63026.0_language-ru.msix\": Microsoft.BingWeather_4.54.63026.0_neutral_split.language-ru_8wekyb3d8bbwe \"Weather_4.54.63026.0_language-rw.msix\": Microsoft.BingWeather_4.54.63026.0_neutral_split.language-rw_8wekyb3d8bbwe \"Weather_4.54.63026.0_language-vi.msix\": Microsoft.BingWeather_4.54.63026.0_neutral_split.language-vi_8wekyb3d8bbwe \"Weather_4.54.63026.0_language-nl.msix\": Microsoft.BingWeather_4.54.63026.0_neutral_split.language-nl_8wekyb3d8bbwe \"Weather_4.54.63026.0_language-ca.msix\": Microsoft.BingWeather_4.54.63026.0_neutral_split.language-ca_8wekyb3d8bbwe \"Weather_4.54.63026.0_language-uz-latn.msix\": Microsoft.BingWeather_4.54.63026.0_neutral_split.language-uz-latn_8wekyb3d8bbwe \"Weather_4.54.63026.0_language-cs.msix\": Microsoft.BingWeather_4.54.63026.0_neutral_split.language-cs_8wekyb3d8bbwe \"Weather_4.54.63026.0_language-ne.msix\": Microsoft.BingWeather_4.54.63026.0_neutral_split.language-ne_8wekyb3d8bbwe \"Weather_4.54.63026.0_language-sd-arab.msix\": Microsoft.BingWeather_4.54.63026.0_neutral_split.language-sd-arab_8wekyb3d8bbwe \"Weather_4.54.63026.0_language-de.msix\": Microsoft.BingWeather_4.54.63026.0_neutral_split.language-de_8wekyb3d8bbwe \"Weather_4.54.63026.0_language-sq.msix\": Microsoft.BingWeather_4.54.63026.0_neutral_split.language-sq_8wekyb3d8bbwe \"Weather_4.54.63026.0_language-kn.msix\": Microsoft.BingWeather_4.54.63026.0_neutral_split.language-kn_8wekyb3d8bbwe \"Weather_4.54.63026.0_language-te.msix\": Microsoft.BingWeather_4.54.63026.0_neutral_split.language-te_8wekyb3d8bbwe \"Weather_4.54.63026.0_language-ur.msix\": Microsoft.BingWeather_4.54.63026.0_neutral_split.language-ur_8wekyb3d8bbwe \"Weather_4.54.63026.0_language-th.msix\": Microsoft.BingWeather_4.54.63026.0_neutral_split.language-th_8wekyb3d8bbwe \"Weather_4.54.63026.0_language-prs-arab.msix\": Microsoft.BingWeather_4.54.63026.0_neutral_split.language-prs-arab_8wekyb3d8bbwe \"Weather_4.54.63026.0_language-tt-cyrl.msix\": Microsoft.BingWeather_4.54.63026.0_neutral_split.language-tt-cyrl_8wekyb3d8bbwe \"Weather_4.54.63026.0_language-ti.msix\": Microsoft.BingWeather_4.54.63026.0_neutral_split.language-ti_8wekyb3d8bbwe \"Weather_4.54.63026.0_language-tn.msix\": Microsoft.BingWeather_4.54.63026.0_neutral_split.language-tn_8wekyb3d8bbwe \"Weather_4.54.63026.0_language-gd-latn.msix\": Microsoft.BingWeather_4.54.63026.0_neutral_split.language-gd-latn_8wekyb3d8bbwe \"Weather_4.54.63026.0_language-tr.msix\": Microsoft.BingWeather_4.54.63026.0_neutral_split.language-tr_8wekyb3d8bbwe \"Weather_4.54.63026.0_language-gu.msix\": Microsoft.BingWeather_4.54.63026.0_neutral_split.language-gu_8wekyb3d8bbwe \"Weather_4.54.63026.0_language-tk-latn.msix\": Microsoft.BingWeather_4.54.63026.0_neutral_split.language-tk-latn_8wekyb3d8bbwe \"Weather_4.54.63026.0_language-he.msix\": Microsoft.BingWeather_4.54.63026.0_neutral_split.language-he_8wekyb3d8bbwe \"Weather_4.54.63026.0_language-fr.msix\": Microsoft.BingWeather_4.54.63026.0_neutral_split.language-fr_8wekyb3d8bbwe \"Weather_4.54.63026.0_language-hr.msix\": Microsoft.BingWeather_4.54.63026.0_neutral_split.language-hr_8wekyb3d8bbwe \"Weather_4.54.63026.0_language-hu.msix\": Microsoft.BingWeather_4.54.63026.0_neutral_split.language-hu_8wekyb3d8bbwe \"Weather_4.54.63026.0_language-hy.msix\": Microsoft.BingWeather_4.54.63026.0_neutral_split.language-hy_8wekyb3d8bbwe \"Weather_4.54.63026.0_language-uk.msix\": Microsoft.BingWeather_4.54.63026.0_neutral_split.language-uk_8wekyb3d8bbwe \"Weather_4.54.63026.0_language-ig-latn.msix\": Microsoft.BingWeather_4.54.63026.0_neutral_split.language-ig-latn_8wekyb3d8bbwe \"Weather_4.54.63026.0_language-is.msix\": Microsoft.BingWeather_4.54.63026.0_neutral_split.language-is_8wekyb3d8bbwe \"Weather_4.54.63026.0_language-fa.msix\": Microsoft.BingWeather_4.54.63026.0_neutral_split.language-fa_8wekyb3d8bbwe \"Weather_4.54.63026.0_language-tg-cyrl.msix\": Microsoft.BingWeather_4.54.63026.0_neutral_split.language-tg-cyrl_8wekyb3d8bbwe \"Weather_4.54.63026.0_language-ka.msix\": Microsoft.BingWeather_4.54.63026.0_neutral_split.language-ka_8wekyb3d8bbwe \"Weather_4.54.63026.0_language-kk.msix\": Microsoft.BingWeather_4.54.63026.0_neutral_split.language-kk_8wekyb3d8bbwe \"Weather_4.54.63026.0_language-et.msix\": Microsoft.BingWeather_4.54.63026.0_neutral_split.language-et_8wekyb3d8bbwe \"Weather_4.54.63026.0_language-es.msix\": Microsoft.BingWeather_4.54.63026.0_neutral_split.language-es_8wekyb3d8bbwe \"Weather_4.54.63026.0_language-ko.msix\": Microsoft.BingWeather_4.54.63026.0_neutral_split.language-ko_8wekyb3d8bbwe \"Weather_4.54.63026.0_language-kok.msix\": Microsoft.BingWeather_4.54.63026.0_neutral_split.language-kok_8wekyb3d8bbwe \"Weather_4.54.63026.0_language-ku-arab.msix\": Microsoft.BingWeather_4.54.63026.0_neutral_split.language-ku-arab_8wekyb3d8bbwe \"Weather_4.54.63026.0_language-ky-cyrl.msix\": Microsoft.BingWeather_4.54.63026.0_neutral_split.language-ky-cyrl_8wekyb3d8bbwe \"Weather_4.54.63026.0_language-lb.msix\": Microsoft.BingWeather_4.54.63026.0_neutral_split.language-lb_8wekyb3d8bbwe \"Weather_4.54.63026.0_language-lo.msix\": Microsoft.BingWeather_4.54.63026.0_neutral_split.language-lo_8wekyb3d8bbwe \"Weather_4.54.63026.0_language-sw.msix\": Microsoft.BingWeather_4.54.63026.0_neutral_split.language-sw_8wekyb3d8bbwe \"Weather_4.54.63026.0_language-sv.msix\": Microsoft.BingWeather_4.54.63026.0_neutral_split.language-sv_8wekyb3d8bbwe \"Weather_4.54.63026.0_language-mi-latn.msix\": Microsoft.BingWeather_4.54.63026.0_neutral_split.language-mi-latn_8wekyb3d8bbwe \"Weather_4.54.63026.0_language-mk.msix\": Microsoft.BingWeather_4.54.63026.0_neutral_split.language-mk_8wekyb3d8bbwe \"Weather_4.54.63026.0_language-el.msix\": Microsoft.BingWeather_4.54.63026.0_neutral_split.language-el_8wekyb3d8bbwe \"Weather_4.54.63026.0_language-mr.msix\": Microsoft.BingWeather_4.54.63026.0_neutral_split.language-mr_8wekyb3d8bbwe \"Weather_4.54.63026.0_language-sk.msix\": Microsoft.BingWeather_4.54.63026.0_neutral_split.language-sk_8wekyb3d8bbwe \"Weather_4.54.63026.0_language-ms.msix\": Microsoft.BingWeather_4.54.63026.0_neutral_split.language-ms_8wekyb3d8bbwe \"Weather_4.54.63026.0_language-da.msix\": Microsoft.BingWeather_4.54.63026.0_neutral_split.language-da_8wekyb3d8bbwe \"Weather_4.54.63026.0_language-nb.msix\": Microsoft.BingWeather_4.54.63026.0_neutral_split.language-nb_8wekyb3d8bbwe \"Weather_4.54.63026.0_language-cy.msix\": Microsoft.BingWeather_4.54.63026.0_neutral_split.language-cy_8wekyb3d8bbwe \"Weather_4.54.63026.0_language-bs.msix\": Microsoft.BingWeather_4.54.63026.0_neutral_split.language-bs_8wekyb3d8bbwe \"Weather_4.54.63026.0_language-bg.msix\": Microsoft.BingWeather_4.54.63026.0_neutral_split.language-bg_8wekyb3d8bbwe \"Weather_4.54.63026.0_language-be.msix\": Microsoft.BingWeather_4.54.63026.0_neutral_split.language-be_8wekyb3d8bbwe \"Weather_4.54.63026.0_language-or.msix\": Microsoft.BingWeather_4.54.63026.0_neutral_split.language-or_8wekyb3d8bbwe \"Weather_4.54.63026.0_language-az-latn.msix\": Microsoft.BingWeather_4.54.63026.0_neutral_split.language-az-latn_8wekyb3d8bbwe \"Weather_4.54.63026.0_language-ar.msix\": Microsoft.BingWeather_4.54.63026.0_neutral_split.language-ar_8wekyb3d8bbwe \"Weather_4.54.63026.0_language-am.msix\": Microsoft.BingWeather_4.54.63026.0_neutral_split.language-am_8wekyb3d8bbwe \"Weather_4.54.63026.0_language-id.msix\": Microsoft.BingWeather_4.54.63026.0_neutral_split.language-id_8wekyb3d8bbwe \"Weather_4.54.63026.0_language-hi.msix\": Microsoft.BingWeather_4.54.63026.0_neutral_split.language-hi_8wekyb3d8bbwe \"Weather_4.54.63026.0_language-af.msix\": Microsoft.BingWeather_4.54.63026.0_neutral_split.language-af_8wekyb3d8bbwe \"Weather_4.54.63026.0_language-quc-latn.msix\": Microsoft.BingWeather_4.54.63026.0_neutral_split.language-quc-latn_8wekyb3d8bbwe \"Weather_4.54.63026.0_language-pl.msix\": Microsoft.BingWeather_4.54.63026.0_neutral_split.language-pl_8wekyb3d8bbwe \"Weather_4.54.63026.0_language-ro.msix\": Microsoft.BingWeather_4.54.63026.0_neutral_split.language-ro_8wekyb3d8bbwe \"Weather_4.54.63026.0_language-nso.msix\": Microsoft.BingWeather_4.54.63026.0_neutral_split.language-nso_8wekyb3d8bbwe \"Weather_4.54.63026.0_language-nn.msix\": Microsoft.BingWeather_4.54.63026.0_neutral_split.language-nn_8wekyb3d8bbwe \"Weather_4.54.63026.0_language-mt.msix\": Microsoft.BingWeather_4.54.63026.0_neutral_split.language-mt_8wekyb3d8bbwe \"Weather_4.54.63026.0_language-si.msix\": Microsoft.BingWeather_4.54.63026.0_neutral_split.language-si_8wekyb3d8bbwe \"Weather_4.54.63026.0_language-zh-hant.msix\": Microsoft.BingWeather_4.54.63026.0_neutral_split.language-zh-hant_8wekyb3d8bbwe \"Weather_4.54.63026.0_language-as.msix\": Microsoft.BingWeather_4.54.63026.0_neutral_split.language-as_8wekyb3d8bbwe \"Weather_4.54.63026.0_language-ml.msix\": Microsoft.BingWeather_4.54.63026.0_neutral_split.language-ml_8wekyb3d8bbwe \"Weather_4.54.63026.0_language-yo-latn.msix\": Microsoft.BingWeather_4.54.63026.0_neutral_split.language-yo-latn_8wekyb3d8bbwe \"Weather_4.54.63026.0_language-sr-latn.msix\": Microsoft.BingWeather_4.54.63026.0_neutral_split.language-sr-latn_8wekyb3d8bbwe \"Weather_4.54.63026.0_language-lv.msix\": Microsoft.BingWeather_4.54.63026.0_neutral_split.language-lv_8wekyb3d8bbwe \"Weather_4.54.63026.0_language-lt.msix\": Microsoft.BingWeather_4.54.63026.0_neutral_split.language-lt_8wekyb3d8bbwe \"Weather_4.54.63026.0_language-ta.msix\": Microsoft.BingWeather_4.54.63026.0_neutral_split.language-ta_8wekyb3d8bbwe \"Weather_4.54.63026.0_language-km.msix\": Microsoft.BingWeather_4.54.63026.0_neutral_split.language-km_8wekyb3d8bbwe \"Weather_4.54.63026.0_language-ja.msix\": Microsoft.BingWeather_4.54.63026.0_neutral_split.language-ja_8wekyb3d8bbwe \"Weather_4.54.63026.0_language-it.msix\": Microsoft.BingWeather_4.54.63026.0_neutral_split.language-it_8wekyb3d8bbwe \"Weather_4.54.63026.0_language-mn-cyrl.msix\": Microsoft.BingWeather_4.54.63026.0_neutral_split.language-mn-cyrl_8wekyb3d8bbwe \"Weather_4.54.63026.0_language-ha-latn.msix\": Microsoft.BingWeather_4.54.63026.0_neutral_split.language-ha-latn_8wekyb3d8bbwe \"Weather_4.54.63026.0_language-gl.msix\": Microsoft.BingWeather_4.54.63026.0_neutral_split.language-gl_8wekyb3d8bbwe \"Weather_4.54.63026.0_language-ga.msix\": Microsoft.BingWeather_4.54.63026.0_neutral_split.language-ga_8wekyb3d8bbwe \"Weather_4.54.63026.0_language-fil-latn.msix\": Microsoft.BingWeather_4.54.63026.0_neutral_split.language-fil-latn_8wekyb3d8bbwe \"Weather_4.54.63026.0_language-ug-arab.msix\": Microsoft.BingWeather_4.54.63026.0_neutral_split.language-ug-arab_8wekyb3d8bbwe \"Weather_4.54.63026.0_language-fi.msix\": Microsoft.BingWeather_4.54.63026.0_neutral_split.language-fi_8wekyb3d8bbwe \"Weather_4.54.63026.0_language-xh.msix\": Microsoft.BingWeather_4.54.63026.0_neutral_split.language-xh_8wekyb3d8bbwe \"Weather_4.54.63026.0_language-chr-cher.msix\": Microsoft.BingWeather_4.54.63026.0_neutral_split.language-chr-cher_8wekyb3d8bbwe \"Weather_4.54.63026.0_language-bn.msix\": Microsoft.BingWeather_4.54.63026.0_neutral_split.language-bn_8wekyb3d8bbwe \"Weather_4.54.63026.0_language-wo-latn.msix\": Microsoft.BingWeather_4.54.63026.0_neutral_split.language-wo-latn_8wekyb3d8bbwe \"Weather_4.54.63026.0_language-sr-cyrl.msix\": Microsoft.BingWeather_4.54.63026.0_neutral_split.language-sr-cyrl_8wekyb3d8bbwe \"Weather_4.54.63026.0_language-sl.msix\": Microsoft.BingWeather_4.54.63026.0_neutral_split.language-sl_8wekyb3d8bbwe \"Weather_4.54.63026.0_language-eu.msix\": Microsoft.BingWeather_4.54.63026.0_neutral_split.language-eu_8wekyb3d8bbwe \"Weather_4.54.63026.0_scale-100.msix\": Microsoft.BingWeather_4.54.63026.0_neutral_split.scale-100_8wekyb3d8bbwe \"Weather_4.54.63026.0_language-pt.msix\": Microsoft.BingWeather_4.54.63026.0_neutral_split.language-pt_8wekyb3d8bbwe \"Weather_4.54.63026.0_language-qps-ploc.msix\": Microsoft.BingWeather_4.54.63026.0_neutral_split.language-qps-ploc_8wekyb3d8bbwe \"Weather_4.54.63026.0_scale-125.msix\": Microsoft.BingWeather_4.54.63026.0_neutral_split.scale-125_8wekyb3d8bbwe \"Weather_4.54.63026.0_scale-150.msix\": Microsoft.BingWeather_4.54.63026.0_neutral_split.scale-150_8wekyb3d8bbwe \"Weather_4.54.63026.0_scale-400.msix\": Microsoft.BingWeather_4.54.63026.0_neutral_split.scale-400_8wekyb3d8bbwe"}
{"EventID": "854", "Channel": "Microsoft-Windows-AppXDeploymentServer/Operational", "Provider_Name": "Microsoft-Windows-AppXDeployment-Server", "Computer": "DESKTOP-OFJ6N53", "TimeCreated": "2025-08-01 21:34:40.449446+00:00", "RecordID": "115142", "Level": "4", "UserID": "S-1-5-18", "EventData.Path": "x-windowsupdate://DE3718EB-3205-43B7-ABC9-F158FF87D1C3/F022389F-F3A6-417E-AD23-704FBDF57117/435dbef8e7d720281c7d631d6c28f30d0cde4d79 x-windowsupdate://DE3718EB-3205-43B7-ABC9-F158FF87D1C3/F022389F-F3A6-417E-AD23-704FBDF57117/435dbef8e7d720281c7d631d6c28f30d0cde4d79\\OnenoteIm_x64.appx x-windowsupdate://DE3718EB-3205-43B7-ABC9-F158FF87D1C3/F022389F-F3A6-417E-AD23-704FBDF57117/435dbef8e7d720281c7d631d6c28f30d0cde4d79\\OnenoteIm.language-ru-ru.appx"}
{"EventID": "854", "Channel": "Microsoft-Windows-AppXDeploymentServer/Operational", "Provider_Name": "Microsoft-Windows-AppXDeployment-Server", "Computer": "DESKTOP-OFJ6N53", "TimeCreated": "2025-08-01 21:34:41.426924+00:00", "RecordID": "115143", "Level": "4", "UserID": "S-1-5-18", "EventData.Path": "x-windowsupdate://A0F41E02-412A-4F3F-948A-B3E921941E81/EAAC6C6B-10A4-4659-815B-44F151ECA61A/3e40f62a48cae91c67e0b36abe7f79dbed5050e0 x-windowsupdate://A0F41E02-412A-4F3F-948A-B3E921941E81/EAAC6C6B-10A4-4659-815B-44F151ECA61A/3e40f62a48cae91c67e0b36abe7f79dbed5050e0\\OfficeApp_19.2507.59091.0_x64.msix x-windowsupdate://A0F41E02-412A-4F3F-948A-B3E921941E81/EAAC6C6B-10A4-4659-815B-44F151ECA61A/3e40f62a48cae91c67e0b36abe7f79dbed5050e0\\OfficeApp_19.2507.59091.0_scale-100.msix x-windowsupdate://A0F41E02-412A-4F3F-948A-B3E921941E81/EAAC6C6B-10A4-4659-815B-44F151ECA61A/3e40f62a48cae91c67e0b36abe7f79dbed5050e0\\OfficeApp_19.2507.59091.0_language-ru.msix x-windowsupdate://A0F41E02-412A-4F3F-948A-B3E921941E81/EAAC6C6B-10A4-4659-815B-44F151ECA61A/3e40f62a48cae91c67e0b36abe7f79dbed5050e0\\OfficeApp_19.2507.59091.0_scale-125.msix"}
{"EventID": "854", "Channel": "Microsoft-Windows-AppXDeploymentServer/Operational", "Provider_Name": "Microsoft-Windows-AppXDeployment-Server", "Computer": "DESKTOP-OFJ6N53", "TimeCreated": "2025-08-01 21:34:42.662212+00:00", "RecordID": "115144", "Level": "4", "UserID": "S-1-5-18", "EventData.Path": "x-windowsupdate://628EF4F5-46DC-48A9-8886-2221E2402E93/421BA874-F903-4965-9B82-D60F3BA3CAE0/ebaf0c6a5b2cfdf36ca6a27e08d12f5d2695699d x-windowsupdate://628EF4F5-46DC-48A9-8886-2221E2402E93/421BA874-F903-4965-9B82-D60F3BA3CAE0/ebaf0c6a5b2cfdf36ca6a27e08d12f5d2695699d\\Weather_4.54.63026.0_x64.msix x-windowsupdate://628EF4F5-46DC-48A9-8886-2221E2402E93/421BA874-F903-4965-9B82-D60F3BA3CAE0/ebaf0c6a5b2cfdf36ca6a27e08d12f5d2695699d\\Weather_4.54.63026.0_language-ru.msix x-windowsupdate://628EF4F5-46DC-48A9-8886-2221E2402E93/421BA874-F903-4965-9B82-D60F3BA3CAE0/ebaf0c6a5b2cfdf36ca6a27e08d12f5d2695699d\\Weather_4.54.63026.0_scale-100.msix x-windowsupdate://628EF4F5-46DC-48A9-8886-2221E2402E93/421BA874-F903-4965-9B82-D60F3BA3CAE0/ebaf0c6a5b2cfdf36ca6a27e08d12f5d2695699d\\Weather_4.54.63026.0_scale-125.msix"}
{"EventID": "1230", "Channel": "Microsoft-Windows-AppXDeploymentServer/Operational", "Provider_Name": "Microsoft-Windows-AppXDeployment-Server", "Computer": "DESKTOP-OFJ6N53", "TimeCreated": "2025-08-01 21:34:46.255125+00:00", "RecordID": "115145", "Level": "3", "UserID": "S-1-5-18", "EventData.Path": "\\Program Files\\WindowsApps\\MicrosoftWindows.CrossDevice_1.25032.52.0_x64__cw5n1h2txyewy\\Microsoft.DiaSymReader.Native.amd64.dll;\\Program Files\\WindowsApps\\MicrosoftWindows.CrossDevice_1.25032.52.0_x64__cw5n1h2txyewy\\msquic.dll;"}
{"EventID": "400", "Channel": "Microsoft-Windows-AppXDeploymentServer/Operational", "Provider_Name": "Microsoft-Windows-AppXDeployment-Server", "Computer": "DESKTOP-OFJ6N53", "TimeCreated": "2025-08-01 21:34:57.523788+00:00", "RecordID": "115146", "Level": "4", "UserID": "S-1-5-18", "EventData.DeploymentOperation": "4", "EventData.PackageFullName": "Microsoft.MicrosoftOfficeHub_2025.729.2200.0_neutral_~_8wekyb3d8bbwe", "EventData.Path": "(3e40f62a48cae91c67e0b36abe7f79dbed5050e0)", "EventData.MountPoint": "C:", "EventData.TargetPlatform": "0x00000003", "EventData.SystemVolume": "True", "EventData.StorageId": "\\\\?\\Volume{c33a8663-71a2-4031-8cec-c21914fe12ad}", "EventData.IsCentennial": "False", "EventData.PackageType": "0x00000008", "EventData.IsPackageEncrypted": "False", "EventData.DeploymentOptions": "0x0040008004000010", "EventData.IsStreamingPackage": "False", "EventData.IsInRelatedSet": "False", "EventData.IsPackageUsingBDC": "False", "EventData.MainPackageFamilyName": "NULL", "EventData.CallingProcess": "svchost.exe,wuauserv", "EventData.IsOptional": "False", "EventData.PackageFlags": "0x00000000", "EventData.PackageFlags2": "0x00000800", "EventData.HasWin32alacarte": "False", "EventData.HasFullTrust": "False", "EventData.ExternalLocation": null, "EventData.PackageSourceUri": "x-windowsupdate://A0F41E02-412A-4F3F-948A-B3E921941E81/EAAC6C6B-10A4-4659-815B-44F151ECA61A/3e40f62a48cae91c67e0b36abe7f79dbed5050e0"}
{"EventID": "478", "Channel": "Microsoft-Windows-AppXDeploymentServer/Operational", "Provider_Name": "Microsoft-Windows-AppXDeployment-Server", "Computer": "DESKTOP-OFJ6N53", "TimeCreated": "2025-08-01 21:34:57.523945+00:00", "RecordID": "115147", "Level": "5", "UserID": "S-1-5-18", "EventData.DeploymentOperation": "4", "EventData.PackageFullName": "Microsoft.MicrosoftOfficeHub_19.2507.59091.0_x64__8wekyb3d8bbwe", "EventData.Path": "(3e40f62a48cae91c67e0b36abe7f79dbed5050e0)", "EventData.MountPoint": "C:", "EventData.TargetPlatform": "0x00000003", "EventData.SystemVolume": "True", "EventData.StorageId": "\\\\?\\Volume{c33a8663-71a2-4031-8cec-c21914fe12ad}", "EventData.IsCentennial": "True", "EventData.PackageType": "0x00000001", "EventData.IsPackageEncrypted": "False", "EventData.DeploymentOptions": "0x0040008004000010", "EventData.IsStreamingPackage": "False", "EventData.IsInRelatedSet": "False", "EventData.IsPackageUsingBDC": "False", "EventData.MainPackageFamilyName": "NULL", "EventData.CallingProcess": "svchost.exe,wuauserv", "EventData.IsOptional": "False", "EventData.PackageFlags": "0x0080804c", "EventData.PackageFlags2": "0x00000800", "EventData.HasWin32alacarte": "False", "EventData.HasFullTrust": "True", "EventData.ExternalLocation": null, "EventData.PackageSourceUri": "x-windowsupdate://A0F41E02-412A-4F3F-948A-B3E921941E81/EAAC6C6B-10A4-4659-815B-44F151ECA61A/3e40f62a48cae91c67e0b36abe7f79dbed5050e0"}
{"EventID": "649", "Channel": "Microsoft-Windows-AppXDeploymentServer/Operational", "Provider_Name": "Microsoft-Windows-AppXDeployment-Server", "Computer": "DESKTOP-OFJ6N53", "TimeCreated": "2025-08-01 21:34:57.580528+00:00", "RecordID": "115148", "Level": "4", "UserID": "S-1-5-18", "EventData.DeploymentOperation": "4", "EventData.PackageFullName": "Microsoft.MicrosoftOfficeHub_2025.729.2200.0_neutral_~_8wekyb3d8bbwe", "EventData.Summary": "PostDeploymentOperationCheck cost: 0 ms"}
{"EventID": "613", "Channel": "Microsoft-Windows-AppXDeploymentServer/Operational", "Provider_Name": "Microsoft-Windows-AppXDeployment-Server", "Computer": "DESKTOP-OFJ6N53", "TimeCreated": "2025-08-01 21:34:57.717979+00:00", "RecordID": "115149", "Level": "4", "UserID": "S-1-5-18", "EventData.DeploymentOperation": "4", "EventData.PackageFullName": "Microsoft.MicrosoftOfficeHub_2025.729.2200.0_neutral_~_8wekyb3d8bbwe", "EventData.Summary": "Overall time: 21516 ms\nEnqueue cost: 1922 ms\nDequeue delay: 0 ms\nBundle processing cost: 3297 ms\nIndexing cost: 344 ms\nResolve dependency cost: 0 ms\nGap: 31 ms\nCheck approval cost: 0 ms\nEvaluation cost: 5703 ms\nHardlinking evaluation cost: 344 ms\nStage required cost: 7422 ms\nFlushing and closing files cost: 94 ms\nGap: 62 ms\nMachine register cost: 735 ms\nStage user data cost: 0 ms\nRegistration cost: 0 ms\nGap: 15 ms\nRepository commit transaction cost: 1766 ms\nGap: 78 ms\nData flush cost: 0 ms\nPost DeStage repository commit transaction cost: 0 ms\nRemaining cost: 141 ms"}
{"EventID": "400", "Channel": "Microsoft-Windows-AppXDeploymentServer/Operational", "Provider_Name": "Microsoft-Windows-AppXDeployment-Server", "Computer": "DESKTOP-OFJ6N53", "TimeCreated": "2025-08-01 21:35:01.709532+00:00", "RecordID": "115150", "Level": "4", "UserID": "S-1-5-18", "EventData.DeploymentOperation": "4", "EventData.PackageFullName": "Microsoft.BingWeather_4.54.63026.0_neutral_~_8wekyb3d8bbwe", "EventData.Path": "(ebaf0c6a5b2cfdf36ca6a27e08d12f5d2695699d)", "EventData.MountPoint": "C:", "EventData.TargetPlatform": "0x00000000", "EventData.SystemVolume": "True", "EventData.StorageId": "\\\\?\\Volume{c33a8663-71a2-4031-8cec-c21914fe12ad}", "EventData.IsCentennial": "False", "EventData.PackageType": "0x00000008", "EventData.IsPackageEncrypted": "False", "EventData.DeploymentOptions": "0x0040008004000010", "EventData.IsStreamingPackage": "False", "EventData.IsInRelatedSet": "False", "EventData.IsPackageUsingBDC": "False", "EventData.MainPackageFamilyName": "NULL", "EventData.CallingProcess": "svchost.exe,wuauserv", "EventData.IsOptional": "False", "EventData.PackageFlags": "0x00000000", "EventData.PackageFlags2": "0x00000800", "EventData.HasWin32alacarte": "False", "EventData.HasFullTrust": "False", "EventData.ExternalLocation": null, "EventData.PackageSourceUri": "x-windowsupdate://628EF4F5-46DC-48A9-8886-2221E2402E93/421BA874-F903-4965-9B82-D60F3BA3CAE0/ebaf0c6a5b2cfdf36ca6a27e08d12f5d2695699d"}
{"EventID": "478", "Channel": "Microsoft-Windows-AppXDeploymentServer/Operational", "Provider_Name": "Microsoft-Windows-AppXDeployment-Server", "Computer": "DESKTOP-OFJ6N53", "TimeCreated": "2025-08-01 21:35:01.709623+00:00", "RecordID": "115151", "Level": "5", "UserID": "S-1-5-18", "EventData.DeploymentOperation": "4", "EventData.PackageFullName": "Microsoft.BingWeather_4.54.63026.0_x64__8wekyb3d8bbwe", "EventData.Path": "(ebaf0c6a5b2cfdf36ca6a27e08d12f5d2695699d)", "EventData.MountPoint": "C:", "EventData.TargetPlatform": "0x00000000", "EventData.SystemVolume": "True", "EventData.StorageId": "\\\\?\\Volume{c33a8663-71a2-4031-8cec-c21914fe12ad}", "EventData.IsCentennial": "False", "EventData.PackageType": "0x00000001", "EventData.IsPackageEncrypted": "False", "EventData.DeploymentOptions": "0x0040008004000010", "EventData.IsStreamingPackage": "False", "EventData.IsInRelatedSet": "False", "EventData.IsPackageUsingBDC": "False", "EventData.MainPackageFamilyName": "NULL", "EventData.CallingProcess": "svchost.exe,wuauserv", "EventData.IsOptional": "False", "EventData.PackageFlags": "0x00000008", "EventData.PackageFlags2": "0x00000800", "EventData.HasWin32alacarte": "False", "EventData.HasFullTrust": "False", "EventData.ExternalLocation": null, "EventData.PackageSourceUri": "x-windowsupdate://628EF4F5-46DC-48A9-8886-2221E2402E93/421BA874-F903-4965-9B82-D60F3BA3CAE0/ebaf0c6a5b2cfdf36ca6a27e08d12f5d2695699d"}
{"EventID": "649", "Channel": "Microsoft-Windows-AppXDeploymentServer/Operational", "Provider_Name": "Microsoft-Windows-AppXDeployment-Server", "Computer": "DESKTOP-OFJ6N53", "TimeCreated": "2025-08-01 21:35:02.019609+00:00", "RecordID": "115152", "Level": "4", "UserID": "S-1-5-18", "EventData.DeploymentOperation": "4", "EventData.PackageFullName": "Microsoft.BingWeather_4.54.63026.0_neutral_~_8wekyb3d8bbwe", "EventData.Summary": "PostDeploymentOperationCheck cost: 0 ms"}
{"EventID": "613", "Channel": "Microsoft-Windows-AppXDeploymentServer/Operational", "Provider_Name": "Microsoft-Windows-AppXDeployment-Server", "Computer": "DESKTOP-OFJ6N53", "TimeCreated": "2025-08-01 21:35:02.274483+00:00", "RecordID": "115153", "Level": "4", "UserID": "S-1-5-18", "EventData.DeploymentOperation": "4", "EventData.PackageFullName": "Microsoft.BingWeather_4.54.63026.0_neutral_~_8wekyb3d8bbwe", "EventData.Summary": "Overall time: 24969 ms\nEnqueue cost: 1078 ms\nDequeue delay: 0 ms\nBundle processing cost: 4281 ms\nIndexing cost: 297 ms\nResolve dependency cost: 16 ms\nGap: 15 ms\nCheck approval cost: 16 ms\nEvaluation cost: 4453 ms\nHardlinking evaluation cost: 359 ms\nStage required cost: 12594 ms\nFlushing and closing files cost: 47 ms\nGap: 141 ms\nMachine register cost: 203 ms\nStage user data cost: 0 ms\nRegistration cost: 0 ms\nGap: 109 ms\nRepository commit transaction cost: 1188 ms\nGap: 328 ms\nData flush cost: 0 ms\nPost DeStage repository commit transaction cost: 0 ms\nRemaining cost: 250 ms"}
