{"EventID": "1010", "Channel": "Microsoft-Windows-SMBServer/Operational", "Provider_Name": "Microsoft-Windows-SMBServer", "Computer": "DESKTOP-OFJ6N53", "TimeCreated": "2024-04-26 15:05:13.349131+00:00", "RecordID": "4422", "Level": "4", "UserID": "S-1-5-18"}
{"EventID": "1011", "Channel": "Microsoft-Windows-SMBServer/Operational", "Provider_Name": "Microsoft-Windows-SMBServer", "Computer": "DESKTOP-OFJ6N53", "TimeCreated": "2024-04-26 17:05:15.649836+00:00", "RecordID": "4423", "Level": "4", "UserID": "S-1-5-18"}
{"EventID": "1010", "Channel": "Microsoft-Windows-SMBServer/Operational", "Provider_Name": "Microsoft-Windows-SMBServer", "Computer": "DESKTOP-OFJ6N53", "TimeCreated": "2024-04-29 10:31:09.887697+00:00", "RecordID": "4424", "Level": "4", "UserID": "S-1-5-18"}
{"EventID": "1011", "Channel": "Microsoft-Windows-SMBServer/Operational", "Provider_Name": "Microsoft-Windows-SMBServer", "Computer": "DESKTOP-OFJ6N53", "TimeCreated": "2024-04-29 15:09:16.288591+00:00", "RecordID": "4425", "Level": "4", "UserID": "S-1-5-18"}
{"EventID": "1025", "Channel": "Microsoft-Windows-SMBServer/Operational", "Provider_Name": "Microsoft-Windows-SMBServer", "Computer": "DESKTOP-OFJ6N53", "TimeCreated": "2024-04-29 15:10:25.331144+00:00", "RecordID": "4426", "Level": "3", "UserID": "S-1-5-18"}
{"EventID": "1010", "Channel": "Microsoft-Windows-SMBServer/Operational", "Provider_Name": "Microsoft-Windows-SMBServer", "Computer": "DESKTOP-OFJ6N53", "TimeCreated": "2024-04-29 15:10:25.351339+00:00", "RecordID": "4427", "Level": "4", "UserID": "S-1-5-18"}
{"EventID": "1010", "Channel": "Microsoft-Windows-SMBServer/Operational", "Provider_Name": "Microsoft-Windows-SMBServer", "Computer": "DESKTOP-OFJ6N53", "TimeCreated": "2024-05-02 09:22:50.303188+00:00", "RecordID": "4428", "Level": "4", "UserID": "S-1-5-18"}
{"EventID": "1011", "Channel": "Microsoft-Windows-SMBServer/Operational", "Provider_Name": "Microsoft-Windows-SMBServer", "Computer": "DESKTOP-OFJ6N53", "TimeCreated": "2024-05-02 11:23:06.301769+00:00", "RecordID": "4429", "Level": "4", "UserID": "S-1-5-18"}
{"EventID": "1010", "Channel": "Microsoft-Windows-SMBServer/Operational", "Provider_Name": "Microsoft-Windows-SMBServer", "Computer": "DESKTOP-OFJ6N53", "TimeCreated": "2024-05-02 13:58:35.638094+00:00", "RecordID": "4430", "Level": "4", "UserID": "S-1-5-18"}
{"EventID": "1011", "Channel": "Microsoft-Windows-SMBServer/Operational", "Provider_Name": "Microsoft-Windows-SMBServer", "Computer": "DESKTOP-OFJ6N53", "TimeCreated": "2024-05-02 14:52:17.658583+00:00", "RecordID": "4431", "Level": "4", "UserID": "S-1-5-18"}
{"EventID": "1010", "Channel": "Microsoft-Windows-SMBServer/Operational", "Provider_Name": "Microsoft-Windows-SMBServer", "Computer": "DESKTOP-OFJ6N53", "TimeCreated": "2024-05-02 14:52:27.797520+00:00", "RecordID": "4432", "Level": "4", "UserID": "S-1-5-18"}
{"EventID": "1011", "Channel": "Microsoft-Windows-SMBServer/Operational", "Provider_Name": "Microsoft-Windows-SMBServer", "Computer": "DESKTOP-OFJ6N53", "TimeCreated": "2024-05-03 10:38:14.699974+00:00", "RecordID": "4433", "Level": "4", "UserID": "S-1-5-18"}
{"EventID": "1010", "Channel": "Microsoft-Windows-SMBServer/Operational", "Provider_Name": "Microsoft-Windows-SMBServer", "Computer": "DESKTOP-OFJ6N53", "TimeCreated": "2024-05-03 10:38:43.420950+00:00", "RecordID": "4434", "Level": "4", "UserID": "S-1-5-18"}
{"EventID": "1011", "Channel": "Microsoft-Windows-SMBServer/Operational", "Provider_Name": "Microsoft-Windows-SMBServer", "Computer": "DESKTOP-OFJ6N53", "TimeCreated": "2024-05-08 08:54:11.066584+00:00", "RecordID": "4435", "Level": "4", "UserID": "S-1-5-18"}
{"EventID": "1010", "Channel": "Microsoft-Windows-SMBServer/Operational", "Provider_Name": "Microsoft-Windows-SMBServer", "Computer": "DESKTOP-OFJ6N53", "TimeCreated": "2024-05-08 08:58:24.829689+00:00", "RecordID": "4436", "Level": "4", "UserID": "S-1-5-18"}
{"EventID": "1011", "Channel": "Microsoft-Windows-SMBServer/Operational", "Provider_Name": "Microsoft-Windows-SMBServer", "Computer": "DESKTOP-OFJ6N53", "TimeCreated": "2024-05-08 09:22:42.248058+00:00", "RecordID": "4437", "Level": "4", "UserID": "S-1-5-18"}
{"EventID": "1010", "Channel": "Microsoft-Windows-SMBServer/Operational", "Provider_Name": "Microsoft-Windows-SMBServer", "Computer": "DESKTOP-OFJ6N53", "TimeCreated": "2024-05-08 09:22:45.872231+00:00", "RecordID": "4438", "Level": "4", "UserID": "S-1-5-18"}
{"EventID": "1011", "Channel": "Microsoft-Windows-SMBServer/Operational", "Provider_Name": "Microsoft-Windows-SMBServer", "Computer": "DESKTOP-OFJ6N53", "TimeCreated": "2024-05-08 09:23:09.014091+00:00", "RecordID": "4439", "Level": "4", "UserID": "S-1-5-18"}
{"EventID": "1010", "Channel": "Microsoft-Windows-SMBServer/Operational", "Provider_Name": "Microsoft-Windows-SMBServer", "Computer": "DESKTOP-OFJ6N53", "TimeCreated": "2024-05-08 09:23:12.997433+00:00", "RecordID": "4440", "Level": "4", "UserID": "S-1-5-18"}
{"EventID": "1011", "Channel": "Microsoft-Windows-SMBServer/Operational", "Provider_Name": "Microsoft-Windows-SMBServer", "Computer": "DESKTOP-OFJ6N53", "TimeCreated": "2024-05-13 15:26:00.713766+00:00", "RecordID": "4441", "Level": "4", "UserID": "S-1-5-18"}
{"EventID": "1010", "Channel": "Microsoft-Windows-SMBServer/Operational", "Provider_Name": "Microsoft-Windows-SMBServer", "Computer": "DESKTOP-OFJ6N53", "TimeCreated": "2024-05-13 15:26:36.157103+00:00", "RecordID": "4442", "Level": "4", "UserID": "S-1-5-18"}
{"EventID": "1011", "Channel": "Microsoft-Windows-SMBServer/Operational", "Provider_Name": "Microsoft-Windows-SMBServer", "Computer": "DESKTOP-OFJ6N53", "TimeCreated": "2024-05-13 23:26:10.512646+00:00", "RecordID": "4443", "Level": "4", "UserID": "S-1-5-18"}
{"EventID": "1025", "Channel": "Microsoft-Windows-SMBServer/Operational", "Provider_Name": "Microsoft-Windows-SMBServer", "Computer": "DESKTOP-OFJ6N53", "TimeCreated": "2024-05-14 09:13:39.232597+00:00", "RecordID": "4444", "Level": "3", "UserID": "S-1-5-18"}
{"EventID": "1010", "Channel": "Microsoft-Windows-SMBServer/Operational", "Provider_Name": "Microsoft-Windows-SMBServer", "Computer": "DESKTOP-OFJ6N53", "TimeCreated": "2024-05-14 09:13:39.237522+00:00", "RecordID": "4445", "Level": "4", "UserID": "S-1-5-18"}
{"EventID": "1025", "Channel": "Microsoft-Windows-SMBServer/Operational", "Provider_Name": "Microsoft-Windows-SMBServer", "Computer": "DESKTOP-OFJ6N53", "TimeCreated": "2024-05-15 13:36:57.859306+00:00", "RecordID": "4446", "Level": "3", "UserID": "S-1-5-18"}
{"EventID": "1010", "Channel": "Microsoft-Windows-SMBServer/Operational", "Provider_Name": "Microsoft-Windows-SMBServer", "Computer": "DESKTOP-OFJ6N53", "TimeCreated": "2024-05-15 13:36:59.105839+00:00", "RecordID": "4447", "Level": "4", "UserID": "S-1-5-18"}
{"EventID": "1010", "Channel": "Microsoft-Windows-SMBServer/Operational", "Provider_Name": "Microsoft-Windows-SMBServer", "Computer": "DESKTOP-OFJ6N53", "TimeCreated": "2024-05-15 13:55:32.581987+00:00", "RecordID": "4448", "Level": "4", "UserID": "S-1-5-18"}
{"EventID": "1011", "Channel": "Microsoft-Windows-SMBServer/Operational", "Provider_Name": "Microsoft-Windows-SMBServer", "Computer": "DESKTOP-OFJ6N53", "TimeCreated": "2024-05-15 14:06:13.243517+00:00", "RecordID": "4449", "Level": "4", "UserID": "S-1-5-18"}
{"EventID": "1010", "Channel": "Microsoft-Windows-SMBServer/Operational", "Provider_Name": "Microsoft-Windows-SMBServer", "Computer": "DESKTOP-OFJ6N53", "TimeCreated": "2024-05-15 14:06:31.741337+00:00", "RecordID": "4450", "Level": "4", "UserID": "S-1-5-18"}
{"EventID": "1011", "Channel": "Microsoft-Windows-SMBServer/Operational", "Provider_Name": "Microsoft-Windows-SMBServer", "Computer": "DESKTOP-OFJ6N53", "TimeCreated": "2024-05-16 22:58:04.324942+00:00", "RecordID": "4451", "Level": "4", "UserID": "S-1-5-18"}
{"EventID": "1010", "Channel": "Microsoft-Windows-SMBServer/Operational", "Provider_Name": "Microsoft-Windows-SMBServer", "Computer": "DESKTOP-OFJ6N53", "TimeCreated": "2024-05-16 23:53:45.487225+00:00", "RecordID": "4452", "Level": "4", "UserID": "S-1-5-18"}
{"EventID": "1011", "Channel": "Microsoft-Windows-SMBServer/Operational", "Provider_Name": "Microsoft-Windows-SMBServer", "Computer": "DESKTOP-OFJ6N53", "TimeCreated": "2024-05-21 10:08:54.928183+00:00", "RecordID": "4453", "Level": "4", "UserID": "S-1-5-18"}
{"EventID": "1010", "Channel": "Microsoft-Windows-SMBServer/Operational", "Provider_Name": "Microsoft-Windows-SMBServer", "Computer": "DESKTOP-OFJ6N53", "TimeCreated": "2024-05-24 13:01:31.560291+00:00", "RecordID": "4454", "Level": "4", "UserID": "S-1-5-18"}
{"EventID": "1011", "Channel": "Microsoft-Windows-SMBServer/Operational", "Provider_Name": "Microsoft-Windows-SMBServer", "Computer": "DESKTOP-OFJ6N53", "TimeCreated": "2024-05-24 14:52:16.737291+00:00", "RecordID": "4455", "Level": "4", "UserID": "S-1-5-18"}
{"EventID": "1010", "Channel": "Microsoft-Windows-SMBServer/Operational", "Provider_Name": "Microsoft-Windows-SMBServer", "Computer": "DESKTOP-OFJ6N53", "TimeCreated": "2024-05-29 08:10:06.562065+00:00", "RecordID": "4456", "Level": "4", "UserID": "S-1-5-18"}
{"EventID": "1011", "Channel": "Microsoft-Windows-SMBServer/Operational", "Provider_Name": "Microsoft-Windows-SMBServer", "Computer": "DESKTOP-OFJ6N53", "TimeCreated": "2024-05-29 10:10:03.948004+00:00", "RecordID": "4457", "Level": "4", "UserID": "S-1-5-18"}
{"EventID": "1010", "Channel": "Microsoft-Windows-SMBServer/Operational", "Provider_Name": "Microsoft-Windows-SMBServer", "Computer": "DESKTOP-OFJ6N53", "TimeCreated": "2024-05-30 10:56:08.227142+00:00", "RecordID": "4458", "Level": "4", "UserID": "S-1-5-18"}
{"EventID": "1011", "Channel": "Microsoft-Windows-SMBServer/Operational", "Provider_Name": "Microsoft-Windows-SMBServer", "Computer": "DESKTOP-OFJ6N53", "TimeCreated": "2024-05-30 11:32:26.519819+00:00", "RecordID": "4459", "Level": "4", "UserID": "S-1-5-18"}
{"EventID": "1010", "Channel": "Microsoft-Windows-SMBServer/Operational", "Provider_Name": "Microsoft-Windows-SMBServer", "Computer": "DESKTOP-OFJ6N53", "TimeCreated": "2024-05-30 14:02:19.217352+00:00", "RecordID": "4460", "Level": "4", "UserID": "S-1-5-18"}
{"EventID": "1011", "Channel": "Microsoft-Windows-SMBServer/Operational", "Provider_Name": "Microsoft-Windows-SMBServer", "Computer": "DESKTOP-OFJ6N53", "TimeCreated": "2024-05-30 15:05:59.725094+00:00", "RecordID": "4461", "Level": "4", "UserID": "S-1-5-18"}
{"EventID": "1025", "Channel": "Microsoft-Windows-SMBServer/Operational", "Provider_Name": "Microsoft-Windows-SMBServer", "Computer": "DESKTOP-OFJ6N53", "TimeCreated": "2024-05-31 10:41:13.712740+00:00", "RecordID": "4462", "Level": "3", "UserID": "S-1-5-18"}
{"EventID": "1010", "Channel": "Microsoft-Windows-SMBServer/Operational", "Provider_Name": "Microsoft-Windows-SMBServer", "Computer": "DESKTOP-OFJ6N53", "TimeCreated": "2024-05-31 10:41:13.732889+00:00", "RecordID": "4463", "Level": "4", "UserID": "S-1-5-18"}
{"EventID": "1010", "Channel": "Microsoft-Windows-SMBServer/Operational", "Provider_Name": "Microsoft-Windows-SMBServer", "Computer": "DESKTOP-OFJ6N53", "TimeCreated": "2024-05-31 10:51:32.780113+00:00", "RecordID": "4464", "Level": "4", "UserID": "S-1-5-18"}
{"EventID": "1011", "Channel": "Microsoft-Windows-SMBServer/Operational", "Provider_Name": "Microsoft-Windows-SMBServer", "Computer": "DESKTOP-OFJ6N53", "TimeCreated": "2024-06-04 21:59:36.811771+00:00", "RecordID": "4465", "Level": "4", "UserID": "S-1-5-18"}
{"EventID": "1010", "Channel": "Microsoft-Windows-SMBServer/Operational", "Provider_Name": "Microsoft-Windows-SMBServer", "Computer": "DESKTOP-OFJ6N53", "TimeCreated": "2024-06-06 12:15:20.240841+00:00", "RecordID": "4466", "Level": "4", "UserID": "S-1-5-18"}
{"EventID": "1011", "Channel": "Microsoft-Windows-SMBServer/Operational", "Provider_Name": "Microsoft-Windows-SMBServer", "Computer": "DESKTOP-OFJ6N53", "TimeCreated": "2024-06-06 12:15:25.506901+00:00", "RecordID": "4467", "Level": "4", "UserID": "S-1-5-18"}
{"EventID": "1025", "Channel": "Microsoft-Windows-SMBServer/Operational", "Provider_Name": "Microsoft-Windows-SMBServer", "Computer": "DESKTOP-OFJ6N53", "TimeCreated": "2024-06-06 12:16:31.290434+00:00", "RecordID": "4468", "Level": "3", "UserID": "S-1-5-18"}
{"EventID": "1010", "Channel": "Microsoft-Windows-SMBServer/Operational", "Provider_Name": "Microsoft-Windows-SMBServer", "Computer": "DESKTOP-OFJ6N53", "TimeCreated": "2024-06-06 12:16:31.295300+00:00", "RecordID": "4469", "Level": "4", "UserID": "S-1-5-18"}
{"EventID": "1010", "Channel": "Microsoft-Windows-SMBServer/Operational", "Provider_Name": "Microsoft-Windows-SMBServer", "Computer": "DESKTOP-OFJ6N53", "TimeCreated": "2024-06-06 13:09:16.118935+00:00", "RecordID": "4470", "Level": "4", "UserID": "S-1-5-18"}
{"EventID": "1025", "Channel": "Microsoft-Windows-SMBServer/Operational", "Provider_Name": "Microsoft-Windows-SMBServer", "Computer": "DESKTOP-OFJ6N53", "TimeCreated": "2024-06-11 17:56:49.305788+00:00", "RecordID": "4471", "Level": "3", "UserID": "S-1-5-18"}
{"EventID": "1010", "Channel": "Microsoft-Windows-SMBServer/Operational", "Provider_Name": "Microsoft-Windows-SMBServer", "Computer": "DESKTOP-OFJ6N53", "TimeCreated": "2024-06-11 17:56:49.573454+00:00", "RecordID": "4472", "Level": "4", "UserID": "S-1-5-18"}
{"EventID": "1010", "Channel": "Microsoft-Windows-SMBServer/Operational", "Provider_Name": "Microsoft-Windows-SMBServer", "Computer": "DESKTOP-OFJ6N53", "TimeCreated": "2024-06-11 17:56:52.909382+00:00", "RecordID": "4473", "Level": "4", "UserID": "S-1-5-18"}
{"EventID": "1011", "Channel": "Microsoft-Windows-SMBServer/Operational", "Provider_Name": "Microsoft-Windows-SMBServer", "Computer": "DESKTOP-OFJ6N53", "TimeCreated": "2024-06-11 17:57:05.495005+00:00", "RecordID": "4474", "Level": "4", "UserID": "S-1-5-18"}
{"EventID": "1025", "Channel": "Microsoft-Windows-SMBServer/Operational", "Provider_Name": "Microsoft-Windows-SMBServer", "Computer": "DESKTOP-OFJ6N53", "TimeCreated": "2024-06-13 10:19:00.982279+00:00", "RecordID": "4475", "Level": "3", "UserID": "S-1-5-18"}
{"EventID": "1010", "Channel": "Microsoft-Windows-SMBServer/Operational", "Provider_Name": "Microsoft-Windows-SMBServer", "Computer": "DESKTOP-OFJ6N53", "TimeCreated": "2024-06-13 10:19:01.196737+00:00", "RecordID": "4476", "Level": "4", "UserID": "S-1-5-18"}
{"EventID": "1010", "Channel": "Microsoft-Windows-SMBServer/Operational", "Provider_Name": "Microsoft-Windows-SMBServer", "Computer": "DESKTOP-OFJ6N53", "TimeCreated": "2024-06-13 10:24:20.275272+00:00", "RecordID": "4477", "Level": "4", "UserID": "S-1-5-18"}
{"EventID": "1001", "Channel": "Microsoft-Windows-SMBServer/Operational", "Provider_Name": "Microsoft-Windows-SMBServer", "Computer": "DESKTOP-OFJ6N53", "TimeCreated": "2024-06-14 08:17:20.200146+00:00", "RecordID": "4478", "Level": "4", "UserID": ""}
{"EventID": "1011", "Channel": "Microsoft-Windows-SMBServer/Operational", "Provider_Name": "Microsoft-Windows-SMBServer", "Computer": "DESKTOP-OFJ6N53", "TimeCreated": "2024-06-18 22:00:35.375881+00:00", "RecordID": "4479", "Level": "4", "UserID": "S-1-5-18"}
{"EventID": "1010", "Channel": "Microsoft-Windows-SMBServer/Operational", "Provider_Name": "Microsoft-Windows-SMBServer", "Computer": "DESKTOP-OFJ6N53", "TimeCreated": "2024-06-18 22:01:03.180239+00:00", "RecordID": "4480", "Level": "4", "UserID": "S-1-5-18"}
{"EventID": "1011", "Channel": "Microsoft-Windows-SMBServer/Operational", "Provider_Name": "Microsoft-Windows-SMBServer", "Computer": "DESKTOP-OFJ6N53", "TimeCreated": "2024-06-19 09:39:33.762451+00:00", "RecordID": "4481", "Level": "4", "UserID": "S-1-5-18"}
{"EventID": "1010", "Channel": "Microsoft-Windows-SMBServer/Operational", "Provider_Name": "Microsoft-Windows-SMBServer", "Computer": "DESKTOP-OFJ6N53", "TimeCreated": "2024-06-19 09:44:11.568773+00:00", "RecordID": "4482", "Level": "4", "UserID": "S-1-5-18"}
{"EventID": "1011", "Channel": "Microsoft-Windows-SMBServer/Operational", "Provider_Name": "Microsoft-Windows-SMBServer", "Computer": "DESKTOP-OFJ6N53", "TimeCreated": "2024-06-19 15:05:25.263386+00:00", "RecordID": "4483", "Level": "4", "UserID": "S-1-5-18"}
{"EventID": "1010", "Channel": "Microsoft-Windows-SMBServer/Operational", "Provider_Name": "Microsoft-Windows-SMBServer", "Computer": "DESKTOP-OFJ6N53", "TimeCreated": "2024-06-19 15:06:06.006641+00:00", "RecordID": "4484", "Level": "4", "UserID": "S-1-5-18"}
{"EventID": "1001", "Channel": "Microsoft-Windows-SMBServer/Operational", "Provider_Name": "Microsoft-Windows-SMBServer", "Computer": "DESKTOP-OFJ6N53", "TimeCreated": "2024-06-20 11:10:28.512724+00:00", "RecordID": "4485", "Level": "4", "UserID": ""}
{"EventID": "1011", "Channel": "Microsoft-Windows-SMBServer/Operational", "Provider_Name": "Microsoft-Windows-SMBServer", "Computer": "DESKTOP-OFJ6N53", "TimeCreated": "2024-06-22 09:10:08.657150+00:00", "RecordID": "4486", "Level": "4", "UserID": "S-1-5-18"}
{"EventID": "1010", "Channel": "Microsoft-Windows-SMBServer/Operational", "Provider_Name": "Microsoft-Windows-SMBServer", "Computer": "DESKTOP-OFJ6N53", "TimeCreated": "2024-06-22 09:10:24.066984+00:00", "RecordID": "4487", "Level": "4", "UserID": "S-1-5-18"}
{"EventID": "1011", "Channel": "Microsoft-Windows-SMBServer/Operational", "Provider_Name": "Microsoft-Windows-SMBServer", "Computer": "DESKTOP-OFJ6N53", "TimeCreated": "2024-06-22 17:10:13.849085+00:00", "RecordID": "4488", "Level": "4", "UserID": "S-1-5-18"}
{"EventID": "1010", "Channel": "Microsoft-Windows-SMBServer/Operational", "Provider_Name": "Microsoft-Windows-SMBServer", "Computer": "DESKTOP-OFJ6N53", "TimeCreated": "2024-06-27 15:22:12.086975+00:00", "RecordID": "4489", "Level": "4", "UserID": "S-1-5-18"}
{"EventID": "1011", "Channel": "Microsoft-Windows-SMBServer/Operational", "Provider_Name": "Microsoft-Windows-SMBServer", "Computer": "DESKTOP-OFJ6N53", "TimeCreated": "2024-06-29 20:32:04.379562+00:00", "RecordID": "4490", "Level": "4", "UserID": "S-1-5-18"}
{"EventID": "1010", "Channel": "Microsoft-Windows-SMBServer/Operational", "Provider_Name": "Microsoft-Windows-SMBServer", "Computer": "DESKTOP-OFJ6N53", "TimeCreated": "2024-06-29 20:46:29.350561+00:00", "RecordID": "4491", "Level": "4", "UserID": "S-1-5-18"}
{"EventID": "1011", "Channel": "Microsoft-Windows-SMBServer/Operational", "Provider_Name": "Microsoft-Windows-SMBServer", "Computer": "DESKTOP-OFJ6N53", "TimeCreated": "2024-07-03 13:19:37.740862+00:00", "RecordID": "4492", "Level": "4", "UserID": "S-1-5-18"}
{"EventID": "1025", "Channel": "Microsoft-Windows-SMBServer/Operational", "Provider_Name": "Microsoft-Windows-SMBServer", "Computer": "DESKTOP-OFJ6N53", "TimeCreated": "2024-07-03 13:22:00.061249+00:00", "RecordID": "4493", "Level": "3", "UserID": "S-1-5-18"}
{"EventID": "1010", "Channel": "Microsoft-Windows-SMBServer/Operational", "Provider_Name": "Microsoft-Windows-SMBServer", "Computer": "DESKTOP-OFJ6N53", "TimeCreated": "2024-07-03 13:22:00.065664+00:00", "RecordID": "4494", "Level": "4", "UserID": "S-1-5-18"}
{"EventID": "1010", "Channel": "Microsoft-Windows-SMBServer/Operational", "Provider_Name": "Microsoft-Windows-SMBServer", "Computer": "DESKTOP-OFJ6N53", "TimeCreated": "2024-07-04 10:14:44.869888+00:00", "RecordID": "4495", "Level": "4", "UserID": "S-1-5-18"}
{"EventID": "1011", "Channel": "Microsoft-Windows-SMBServer/Operational", "Provider_Name": "Microsoft-Windows-SMBServer", "Computer": "DESKTOP-OFJ6N53", "TimeCreated": "2024-07-04 18:14:22.873814+00:00", "RecordID": "4496", "Level": "4", "UserID": "S-1-5-18"}
{"EventID": "1010", "Channel": "Microsoft-Windows-SMBServer/Operational", "Provider_Name": "Microsoft-Windows-SMBServer", "Computer": "DESKTOP-OFJ6N53", "TimeCreated": "2024-07-05 14:24:29.829750+00:00", "RecordID": "4497", "Level": "4", "UserID": "S-1-5-18"}
{"EventID": "1011", "Channel": "Microsoft-Windows-SMBServer/Operational", "Provider_Name": "Microsoft-Windows-SMBServer", "Computer": "DESKTOP-OFJ6N53", "TimeCreated": "2024-07-06 02:24:22.504541+00:00", "RecordID": "4498", "Level": "4", "UserID": "S-1-5-18"}
{"EventID": "1025", "Channel": "Microsoft-Windows-SMBServer/Operational", "Provider_Name": "Microsoft-Windows-SMBServer", "Computer": "DESKTOP-OFJ6N53", "TimeCreated": "2024-07-10 14:33:53.659689+00:00", "RecordID": "4499", "Level": "3", "UserID": "S-1-5-18"}
{"EventID": "1010", "Channel": "Microsoft-Windows-SMBServer/Operational", "Provider_Name": "Microsoft-Windows-SMBServer", "Computer": "DESKTOP-OFJ6N53", "TimeCreated": "2024-07-10 14:33:53.904945+00:00", "RecordID": "4500", "Level": "4", "UserID": "S-1-5-18"}
{"EventID": "1010", "Channel": "Microsoft-Windows-SMBServer/Operational", "Provider_Name": "Microsoft-Windows-SMBServer", "Computer": "DESKTOP-OFJ6N53", "TimeCreated": "2024-07-11 10:33:55.954992+00:00", "RecordID": "4501", "Level": "4", "UserID": "S-1-5-18"}
{"EventID": "1011", "Channel": "Microsoft-Windows-SMBServer/Operational", "Provider_Name": "Microsoft-Windows-SMBServer", "Computer": "DESKTOP-OFJ6N53", "TimeCreated": "2024-07-11 22:33:48.783096+00:00", "RecordID": "4502", "Level": "4", "UserID": "S-1-5-18"}
{"EventID": "1010", "Channel": "Microsoft-Windows-SMBServer/Operational", "Provider_Name": "Microsoft-Windows-SMBServer", "Computer": "DESKTOP-OFJ6N53", "TimeCreated": "2024-07-13 13:34:13.677992+00:00", "RecordID": "4503", "Level": "4", "UserID": "S-1-5-18"}
{"EventID": "1011", "Channel": "Microsoft-Windows-SMBServer/Operational", "Provider_Name": "Microsoft-Windows-SMBServer", "Computer": "DESKTOP-OFJ6N53", "TimeCreated": "2024-07-14 01:34:05.404163+00:00", "RecordID": "4504", "Level": "4", "UserID": "S-1-5-18"}
{"EventID": "1010", "Channel": "Microsoft-Windows-SMBServer/Operational", "Provider_Name": "Microsoft-Windows-SMBServer", "Computer": "DESKTOP-OFJ6N53", "TimeCreated": "2024-07-16 12:22:33.927040+00:00", "RecordID": "4505", "Level": "4", "UserID": "S-1-5-18"}
{"EventID": "1011", "Channel": "Microsoft-Windows-SMBServer/Operational", "Provider_Name": "Microsoft-Windows-SMBServer", "Computer": "DESKTOP-OFJ6N53", "TimeCreated": "2024-07-16 18:22:41.765196+00:00", "RecordID": "4506", "Level": "4", "UserID": "S-1-5-18"}
{"EventID": "1025", "Channel": "Microsoft-Windows-SMBServer/Operational", "Provider_Name": "Microsoft-Windows-SMBServer", "Computer": "DESKTOP-OFJ6N53", "TimeCreated": "2024-07-22 07:26:34.096022+00:00", "RecordID": "4507", "Level": "3", "UserID": "S-1-5-18"}
{"EventID": "1010", "Channel": "Microsoft-Windows-SMBServer/Operational", "Provider_Name": "Microsoft-Windows-SMBServer", "Computer": "DESKTOP-OFJ6N53", "TimeCreated": "2024-07-22 07:26:34.167263+00:00", "RecordID": "4508", "Level": "4", "UserID": "S-1-5-18"}
{"EventID": "1010", "Channel": "Microsoft-Windows-SMBServer/Operational", "Provider_Name": "Microsoft-Windows-SMBServer", "Computer": "DESKTOP-OFJ6N53", "TimeCreated": "2024-07-22 07:28:44.862560+00:00", "RecordID": "4509", "Level": "4", "UserID": "S-1-5-18"}
{"EventID": "1011", "Channel": "Microsoft-Windows-SMBServer/Operational", "Provider_Name": "Microsoft-Windows-SMBServer", "Computer": "DESKTOP-OFJ6N53", "TimeCreated": "2024-07-22 07:28:47.698723+00:00", "RecordID": "4510", "Level": "4", "UserID": "S-1-5-18"}
{"EventID": "1010", "Channel": "Microsoft-Windows-SMBServer/Operational", "Provider_Name": "Microsoft-Windows-SMBServer", "Computer": "DESKTOP-OFJ6N53", "TimeCreated": "2024-07-22 07:30:02.347586+00:00", "RecordID": "4511", "Level": "4", "UserID": "S-1-5-18"}
{"EventID": "1011", "Channel": "Microsoft-Windows-SMBServer/Operational", "Provider_Name": "Microsoft-Windows-SMBServer", "Computer": "DESKTOP-OFJ6N53", "TimeCreated": "2024-07-23 12:00:15.148605+00:00", "RecordID": "4512", "Level": "4", "UserID": "S-1-5-18"}
{"EventID": "1010", "Channel": "Microsoft-Windows-SMBServer/Operational", "Provider_Name": "Microsoft-Windows-SMBServer", "Computer": "DESKTOP-OFJ6N53", "TimeCreated": "2024-07-23 18:17:00.173452+00:00", "RecordID": "4513", "Level": "4", "UserID": "S-1-5-18"}
{"EventID": "1011", "Channel": "Microsoft-Windows-SMBServer/Operational", "Provider_Name": "Microsoft-Windows-SMBServer", "Computer": "DESKTOP-OFJ6N53", "TimeCreated": "2024-07-23 18:17:35.723413+00:00", "RecordID": "4514", "Level": "4", "UserID": "S-1-5-18"}
{"EventID": "1010", "Channel": "Microsoft-Windows-SMBServer/Operational", "Provider_Name": "Microsoft-Windows-SMBServer", "Computer": "DESKTOP-OFJ6N53", "TimeCreated": "2024-07-23 18:20:43.674112+00:00", "RecordID": "4515", "Level": "4", "UserID": "S-1-5-18"}
{"EventID": "1011", "Channel": "Microsoft-Windows-SMBServer/Operational", "Provider_Name": "Microsoft-Windows-SMBServer", "Computer": "DESKTOP-OFJ6N53", "TimeCreated": "2024-07-24 02:20:22.889458+00:00", "RecordID": "4516", "Level": "4", "UserID": "S-1-5-18"}
{"EventID": "1010", "Channel": "Microsoft-Windows-SMBServer/Operational", "Provider_Name": "Microsoft-Windows-SMBServer", "Computer": "DESKTOP-OFJ6N53", "TimeCreated": "2024-07-24 12:33:17.505255+00:00", "RecordID": "4517", "Level": "4", "UserID": "S-1-5-18"}
{"EventID": "1011", "Channel": "Microsoft-Windows-SMBServer/Operational", "Provider_Name": "Microsoft-Windows-SMBServer", "Computer": "DESKTOP-OFJ6N53", "TimeCreated": "2024-07-24 12:47:51.348455+00:00", "RecordID": "4518", "Level": "4", "UserID": "S-1-5-18"}
{"EventID": "1010", "Channel": "Microsoft-Windows-SMBServer/Operational", "Provider_Name": "Microsoft-Windows-SMBServer", "Computer": "DESKTOP-OFJ6N53", "TimeCreated": "2024-07-24 12:48:09.761595+00:00", "RecordID": "4519", "Level": "4", "UserID": "S-1-5-18"}
{"EventID": "1011", "Channel": "Microsoft-Windows-SMBServer/Operational", "Provider_Name": "Microsoft-Windows-SMBServer", "Computer": "DESKTOP-OFJ6N53", "TimeCreated": "2024-07-24 14:10:41.289124+00:00", "RecordID": "4520", "Level": "4", "UserID": "S-1-5-18"}
{"EventID": "1010", "Channel": "Microsoft-Windows-SMBServer/Operational", "Provider_Name": "Microsoft-Windows-SMBServer", "Computer": "DESKTOP-OFJ6N53", "TimeCreated": "2024-07-24 14:10:59.282988+00:00", "RecordID": "4521", "Level": "4", "UserID": "S-1-5-18"}
{"EventID": "1011", "Channel": "Microsoft-Windows-SMBServer/Operational", "Provider_Name": "Microsoft-Windows-SMBServer", "Computer": "DESKTOP-OFJ6N53", "TimeCreated": "2024-07-24 14:58:55.770367+00:00", "RecordID": "4522", "Level": "4", "UserID": "S-1-5-18"}
{"EventID": "1010", "Channel": "Microsoft-Windows-SMBServer/Operational", "Provider_Name": "Microsoft-Windows-SMBServer", "Computer": "DESKTOP-OFJ6N53", "TimeCreated": "2024-07-24 15:00:52.359150+00:00", "RecordID": "4523", "Level": "4", "UserID": "S-1-5-18"}
{"EventID": "1011", "Channel": "Microsoft-Windows-SMBServer/Operational", "Provider_Name": "Microsoft-Windows-SMBServer", "Computer": "DESKTOP-OFJ6N53", "TimeCreated": "2024-07-24 21:01:10.804525+00:00", "RecordID": "4524", "Level": "4", "UserID": "S-1-5-18"}
{"EventID": "1010", "Channel": "Microsoft-Windows-SMBServer/Operational", "Provider_Name": "Microsoft-Windows-SMBServer", "Computer": "DESKTOP-OFJ6N53", "TimeCreated": "2024-07-25 12:58:53.480198+00:00", "RecordID": "4525", "Level": "4", "UserID": "S-1-5-18"}
{"EventID": "1011", "Channel": "Microsoft-Windows-SMBServer/Operational", "Provider_Name": "Microsoft-Windows-SMBServer", "Computer": "DESKTOP-OFJ6N53", "TimeCreated": "2024-07-25 14:55:23.390808+00:00", "RecordID": "4526", "Level": "4", "UserID": "S-1-5-18"}
{"EventID": "1010", "Channel": "Microsoft-Windows-SMBServer/Operational", "Provider_Name": "Microsoft-Windows-SMBServer", "Computer": "DESKTOP-OFJ6N53", "TimeCreated": "2024-07-25 14:57:11.236666+00:00", "RecordID": "4527", "Level": "4", "UserID": "S-1-5-18"}
{"EventID": "1011", "Channel": "Microsoft-Windows-SMBServer/Operational", "Provider_Name": "Microsoft-Windows-SMBServer", "Computer": "DESKTOP-OFJ6N53", "TimeCreated": "2024-07-25 20:13:14.312725+00:00", "RecordID": "4528", "Level": "4", "UserID": "S-1-5-18"}
{"EventID": "1010", "Channel": "Microsoft-Windows-SMBServer/Operational", "Provider_Name": "Microsoft-Windows-SMBServer", "Computer": "DESKTOP-OFJ6N53", "TimeCreated": "2024-07-25 20:13:21.038845+00:00", "RecordID": "4529", "Level": "4", "UserID": "S-1-5-18"}
{"EventID": "1011", "Channel": "Microsoft-Windows-SMBServer/Operational", "Provider_Name": "Microsoft-Windows-SMBServer", "Computer": "DESKTOP-OFJ6N53", "TimeCreated": "2024-07-25 20:13:42.664412+00:00", "RecordID": "4530", "Level": "4", "UserID": "S-1-5-18"}
{"EventID": "1010", "Channel": "Microsoft-Windows-SMBServer/Operational", "Provider_Name": "Microsoft-Windows-SMBServer", "Computer": "DESKTOP-OFJ6N53", "TimeCreated": "2024-07-25 20:13:46.441507+00:00", "RecordID": "4531", "Level": "4", "UserID": "S-1-5-18"}
{"EventID": "1011", "Channel": "Microsoft-Windows-SMBServer/Operational", "Provider_Name": "Microsoft-Windows-SMBServer", "Computer": "DESKTOP-OFJ6N53", "TimeCreated": "2024-07-25 20:13:47.976412+00:00", "RecordID": "4532", "Level": "4", "UserID": "S-1-5-18"}
{"EventID": "1010", "Channel": "Microsoft-Windows-SMBServer/Operational", "Provider_Name": "Microsoft-Windows-SMBServer", "Computer": "DESKTOP-OFJ6N53", "TimeCreated": "2024-07-25 20:13:59.512781+00:00", "RecordID": "4533", "Level": "4", "UserID": "S-1-5-18"}
{"EventID": "1011", "Channel": "Microsoft-Windows-SMBServer/Operational", "Provider_Name": "Microsoft-Windows-SMBServer", "Computer": "DESKTOP-OFJ6N53", "TimeCreated": "2024-07-25 20:23:12.790493+00:00", "RecordID": "4534", "Level": "4", "UserID": "S-1-5-18"}
{"EventID": "1010", "Channel": "Microsoft-Windows-SMBServer/Operational", "Provider_Name": "Microsoft-Windows-SMBServer", "Computer": "DESKTOP-OFJ6N53", "TimeCreated": "2024-07-25 20:23:19.224516+00:00", "RecordID": "4535", "Level": "4", "UserID": "S-1-5-18"}
{"EventID": "1011", "Channel": "Microsoft-Windows-SMBServer/Operational", "Provider_Name": "Microsoft-Windows-SMBServer", "Computer": "DESKTOP-OFJ6N53", "TimeCreated": "2024-07-25 20:23:41.208046+00:00", "RecordID": "4536", "Level": "4", "UserID": "S-1-5-18"}
{"EventID": "1010", "Channel": "Microsoft-Windows-SMBServer/Operational", "Provider_Name": "Microsoft-Windows-SMBServer", "Computer": "DESKTOP-OFJ6N53", "TimeCreated": "2024-07-25 20:23:45.740044+00:00", "RecordID": "4537", "Level": "4", "UserID": "S-1-5-18"}
{"EventID": "1011", "Channel": "Microsoft-Windows-SMBServer/Operational", "Provider_Name": "Microsoft-Windows-SMBServer", "Computer": "DESKTOP-OFJ6N53", "TimeCreated": "2024-07-25 20:23:55.935598+00:00", "RecordID": "4538", "Level": "4", "UserID": "S-1-5-18"}
{"EventID": "1010", "Channel": "Microsoft-Windows-SMBServer/Operational", "Provider_Name": "Microsoft-Windows-SMBServer", "Computer": "DESKTOP-OFJ6N53", "TimeCreated": "2024-07-25 20:24:00.224537+00:00", "RecordID": "4539", "Level": "4", "UserID": "S-1-5-18"}
{"EventID": "1011", "Channel": "Microsoft-Windows-SMBServer/Operational", "Provider_Name": "Microsoft-Windows-SMBServer", "Computer": "DESKTOP-OFJ6N53", "TimeCreated": "2024-07-25 20:24:00.253099+00:00", "RecordID": "4540", "Level": "4", "UserID": "S-1-5-18"}
{"EventID": "1010", "Channel": "Microsoft-Windows-SMBServer/Operational", "Provider_Name": "Microsoft-Windows-SMBServer", "Computer": "DESKTOP-OFJ6N53", "TimeCreated": "2024-07-25 20:24:06.397379+00:00", "RecordID": "4541", "Level": "4", "UserID": "S-1-5-18"}
{"EventID": "1011", "Channel": "Microsoft-Windows-SMBServer/Operational", "Provider_Name": "Microsoft-Windows-SMBServer", "Computer": "DESKTOP-OFJ6N53", "TimeCreated": "2024-07-25 20:30:07.612713+00:00", "RecordID": "4542", "Level": "4", "UserID": "S-1-5-18"}
{"EventID": "1010", "Channel": "Microsoft-Windows-SMBServer/Operational", "Provider_Name": "Microsoft-Windows-SMBServer", "Computer": "DESKTOP-OFJ6N53", "TimeCreated": "2024-07-25 20:30:11.353731+00:00", "RecordID": "4543", "Level": "4", "UserID": "S-1-5-18"}
{"EventID": "1011", "Channel": "Microsoft-Windows-SMBServer/Operational", "Provider_Name": "Microsoft-Windows-SMBServer", "Computer": "DESKTOP-OFJ6N53", "TimeCreated": "2024-07-25 20:30:28.851673+00:00", "RecordID": "4544", "Level": "4", "UserID": "S-1-5-18"}
{"EventID": "1010", "Channel": "Microsoft-Windows-SMBServer/Operational", "Provider_Name": "Microsoft-Windows-SMBServer", "Computer": "DESKTOP-OFJ6N53", "TimeCreated": "2024-07-25 20:30:41.909945+00:00", "RecordID": "4545", "Level": "4", "UserID": "S-1-5-18"}
{"EventID": "1011", "Channel": "Microsoft-Windows-SMBServer/Operational", "Provider_Name": "Microsoft-Windows-SMBServer", "Computer": "DESKTOP-OFJ6N53", "TimeCreated": "2024-07-25 20:56:43.300859+00:00", "RecordID": "4546", "Level": "4", "UserID": "S-1-5-18"}
{"EventID": "1010", "Channel": "Microsoft-Windows-SMBServer/Operational", "Provider_Name": "Microsoft-Windows-SMBServer", "Computer": "DESKTOP-OFJ6N53", "TimeCreated": "2024-07-26 10:22:56.043644+00:00", "RecordID": "4547", "Level": "4", "UserID": "S-1-5-18"}
{"EventID": "1011", "Channel": "Microsoft-Windows-SMBServer/Operational", "Provider_Name": "Microsoft-Windows-SMBServer", "Computer": "DESKTOP-OFJ6N53", "TimeCreated": "2024-07-28 15:26:58.777880+00:00", "RecordID": "4548", "Level": "4", "UserID": "S-1-5-18"}
{"EventID": "1010", "Channel": "Microsoft-Windows-SMBServer/Operational", "Provider_Name": "Microsoft-Windows-SMBServer", "Computer": "DESKTOP-OFJ6N53", "TimeCreated": "2024-07-28 15:27:26.538139+00:00", "RecordID": "4549", "Level": "4", "UserID": "S-1-5-18"}
{"EventID": "1011", "Channel": "Microsoft-Windows-SMBServer/Operational", "Provider_Name": "Microsoft-Windows-SMBServer", "Computer": "DESKTOP-OFJ6N53", "TimeCreated": "2024-07-28 23:27:05.962730+00:00", "RecordID": "4550", "Level": "4", "UserID": "S-1-5-18"}
{"EventID": "1010", "Channel": "Microsoft-Windows-SMBServer/Operational", "Provider_Name": "Microsoft-Windows-SMBServer", "Computer": "DESKTOP-OFJ6N53", "TimeCreated": "2024-07-29 07:30:22.159328+00:00", "RecordID": "4551", "Level": "4", "UserID": "S-1-5-18"}
{"EventID": "1011", "Channel": "Microsoft-Windows-SMBServer/Operational", "Provider_Name": "Microsoft-Windows-SMBServer", "Computer": "DESKTOP-OFJ6N53", "TimeCreated": "2024-07-29 12:10:19.638794+00:00", "RecordID": "4552", "Level": "4", "UserID": "S-1-5-18"}
{"EventID": "1010", "Channel": "Microsoft-Windows-SMBServer/Operational", "Provider_Name": "Microsoft-Windows-SMBServer", "Computer": "DESKTOP-OFJ6N53", "TimeCreated": "2024-07-29 12:10:39.873234+00:00", "RecordID": "4553", "Level": "4", "UserID": "S-1-5-18"}
{"EventID": "1011", "Channel": "Microsoft-Windows-SMBServer/Operational", "Provider_Name": "Microsoft-Windows-SMBServer", "Computer": "DESKTOP-OFJ6N53", "TimeCreated": "2024-07-29 15:22:57.437525+00:00", "RecordID": "4554", "Level": "4", "UserID": "S-1-5-18"}
{"EventID": "1010", "Channel": "Microsoft-Windows-SMBServer/Operational", "Provider_Name": "Microsoft-Windows-SMBServer", "Computer": "DESKTOP-OFJ6N53", "TimeCreated": "2024-07-29 15:23:24.314066+00:00", "RecordID": "4555", "Level": "4", "UserID": "S-1-5-18"}
{"EventID": "1011", "Channel": "Microsoft-Windows-SMBServer/Operational", "Provider_Name": "Microsoft-Windows-SMBServer", "Computer": "DESKTOP-OFJ6N53", "TimeCreated": "2024-07-29 17:42:34.611013+00:00", "RecordID": "4556", "Level": "4", "UserID": "S-1-5-18"}
{"EventID": "1010", "Channel": "Microsoft-Windows-SMBServer/Operational", "Provider_Name": "Microsoft-Windows-SMBServer", "Computer": "DESKTOP-OFJ6N53", "TimeCreated": "2024-07-29 17:43:04.797781+00:00", "RecordID": "4557", "Level": "4", "UserID": "S-1-5-18"}
{"EventID": "1011", "Channel": "Microsoft-Windows-SMBServer/Operational", "Provider_Name": "Microsoft-Windows-SMBServer", "Computer": "DESKTOP-OFJ6N53", "TimeCreated": "2024-07-30 05:42:56.446600+00:00", "RecordID": "4558", "Level": "4", "UserID": "S-1-5-18"}
{"EventID": "1010", "Channel": "Microsoft-Windows-SMBServer/Operational", "Provider_Name": "Microsoft-Windows-SMBServer", "Computer": "DESKTOP-OFJ6N53", "TimeCreated": "2024-07-30 08:02:46.454502+00:00", "RecordID": "4559", "Level": "4", "UserID": "S-1-5-18"}
{"EventID": "1011", "Channel": "Microsoft-Windows-SMBServer/Operational", "Provider_Name": "Microsoft-Windows-SMBServer", "Computer": "DESKTOP-OFJ6N53", "TimeCreated": "2024-07-30 08:03:03.295738+00:00", "RecordID": "4560", "Level": "4", "UserID": "S-1-5-18"}
{"EventID": "1010", "Channel": "Microsoft-Windows-SMBServer/Operational", "Provider_Name": "Microsoft-Windows-SMBServer", "Computer": "DESKTOP-OFJ6N53", "TimeCreated": "2024-07-30 08:03:07.771767+00:00", "RecordID": "4561", "Level": "4", "UserID": "S-1-5-18"}
{"EventID": "1011", "Channel": "Microsoft-Windows-SMBServer/Operational", "Provider_Name": "Microsoft-Windows-SMBServer", "Computer": "DESKTOP-OFJ6N53", "TimeCreated": "2024-07-30 08:03:08.110643+00:00", "RecordID": "4562", "Level": "4", "UserID": "S-1-5-18"}
{"EventID": "1010", "Channel": "Microsoft-Windows-SMBServer/Operational", "Provider_Name": "Microsoft-Windows-SMBServer", "Computer": "DESKTOP-OFJ6N53", "TimeCreated": "2024-07-30 08:03:24.486189+00:00", "RecordID": "4563", "Level": "4", "UserID": "S-1-5-18"}
{"EventID": "1011", "Channel": "Microsoft-Windows-SMBServer/Operational", "Provider_Name": "Microsoft-Windows-SMBServer", "Computer": "DESKTOP-OFJ6N53", "TimeCreated": "2024-07-30 08:03:24.496408+00:00", "RecordID": "4564", "Level": "4", "UserID": "S-1-5-18"}
{"EventID": "1010", "Channel": "Microsoft-Windows-SMBServer/Operational", "Provider_Name": "Microsoft-Windows-SMBServer", "Computer": "DESKTOP-OFJ6N53", "TimeCreated": "2024-07-30 08:03:33.829716+00:00", "RecordID": "4565", "Level": "4", "UserID": "S-1-5-18"}
{"EventID": "1011", "Channel": "Microsoft-Windows-SMBServer/Operational", "Provider_Name": "Microsoft-Windows-SMBServer", "Computer": "DESKTOP-OFJ6N53", "TimeCreated": "2024-08-01 20:34:52.744997+00:00", "RecordID": "4566", "Level": "4", "UserID": "S-1-5-18"}
{"EventID": "1010", "Channel": "Microsoft-Windows-SMBServer/Operational", "Provider_Name": "Microsoft-Windows-SMBServer", "Computer": "DESKTOP-OFJ6N53", "TimeCreated": "2024-08-01 20:35:12.445427+00:00", "RecordID": "4567", "Level": "4", "UserID": "S-1-5-18"}
{"EventID": "1011", "Channel": "Microsoft-Windows-SMBServer/Operational", "Provider_Name": "Microsoft-Windows-SMBServer", "Computer": "DESKTOP-OFJ6N53", "TimeCreated": "2024-08-02 04:34:51.139132+00:00", "RecordID": "4568", "Level": "4", "UserID": "S-1-5-18"}
{"EventID": "1010", "Channel": "Microsoft-Windows-SMBServer/Operational", "Provider_Name": "Microsoft-Windows-SMBServer", "Computer": "DESKTOP-OFJ6N53", "TimeCreated": "2024-08-02 08:18:08.424974+00:00", "RecordID": "4569", "Level": "4", "UserID": "S-1-5-18"}
{"EventID": "1011", "Channel": "Microsoft-Windows-SMBServer/Operational", "Provider_Name": "Microsoft-Windows-SMBServer", "Computer": "DESKTOP-OFJ6N53", "TimeCreated": "2024-08-02 16:17:47.552237+00:00", "RecordID": "4570", "Level": "4", "UserID": "S-1-5-18"}
{"EventID": "1010", "Channel": "Microsoft-Windows-SMBServer/Operational", "Provider_Name": "Microsoft-Windows-SMBServer", "Computer": "DESKTOP-OFJ6N53", "TimeCreated": "2024-08-06 11:55:42.931936+00:00", "RecordID": "4571", "Level": "4", "UserID": "S-1-5-18"}
{"EventID": "1025", "Channel": "Microsoft-Windows-SMBServer/Operational", "Provider_Name": "Microsoft-Windows-SMBServer", "Computer": "DESKTOP-OFJ6N53", "TimeCreated": "2024-08-14 00:10:18.931211+00:00", "RecordID": "4572", "Level": "3", "UserID": "S-1-5-18"}
{"EventID": "1010", "Channel": "Microsoft-Windows-SMBServer/Operational", "Provider_Name": "Microsoft-Windows-SMBServer", "Computer": "DESKTOP-OFJ6N53", "TimeCreated": "2024-08-14 00:10:19.152786+00:00", "RecordID": "4573", "Level": "4", "UserID": "S-1-5-18"}
{"EventID": "1010", "Channel": "Microsoft-Windows-SMBServer/Operational", "Provider_Name": "Microsoft-Windows-SMBServer", "Computer": "DESKTOP-OFJ6N53", "TimeCreated": "2024-08-14 00:10:22.447256+00:00", "RecordID": "4574", "Level": "4", "UserID": "S-1-5-18"}
{"EventID": "1011", "Channel": "Microsoft-Windows-SMBServer/Operational", "Provider_Name": "Microsoft-Windows-SMBServer", "Computer": "DESKTOP-OFJ6N53", "TimeCreated": "2024-08-14 00:10:35.530085+00:00", "RecordID": "4575", "Level": "4", "UserID": "S-1-5-18"}
{"EventID": "1010", "Channel": "Microsoft-Windows-SMBServer/Operational", "Provider_Name": "Microsoft-Windows-SMBServer", "Computer": "DESKTOP-OFJ6N53", "TimeCreated": "2024-08-28 09:32:39.432312+00:00", "RecordID": "4576", "Level": "4", "UserID": "S-1-5-18"}
{"EventID": "1011", "Channel": "Microsoft-Windows-SMBServer/Operational", "Provider_Name": "Microsoft-Windows-SMBServer", "Computer": "DESKTOP-OFJ6N53", "TimeCreated": "2024-08-28 10:19:08.908764+00:00", "RecordID": "4577", "Level": "4", "UserID": "S-1-5-18"}
{"EventID": "1010", "Channel": "Microsoft-Windows-SMBServer/Operational", "Provider_Name": "Microsoft-Windows-SMBServer", "Computer": "DESKTOP-OFJ6N53", "TimeCreated": "2024-08-28 10:20:29.005899+00:00", "RecordID": "4578", "Level": "4", "UserID": "S-1-5-18"}
{"EventID": "1011", "Channel": "Microsoft-Windows-SMBServer/Operational", "Provider_Name": "Microsoft-Windows-SMBServer", "Computer": "DESKTOP-OFJ6N53", "TimeCreated": "2024-08-28 16:20:46.740694+00:00", "RecordID": "4579", "Level": "4", "UserID": "S-1-5-18"}
{"EventID": "1010", "Channel": "Microsoft-Windows-SMBServer/Operational", "Provider_Name": "Microsoft-Windows-SMBServer", "Computer": "DESKTOP-OFJ6N53", "TimeCreated": "2024-08-30 11:03:18.189905+00:00", "RecordID": "4580", "Level": "4", "UserID": "S-1-5-18"}
{"EventID": "1011", "Channel": "Microsoft-Windows-SMBServer/Operational", "Provider_Name": "Microsoft-Windows-SMBServer", "Computer": "DESKTOP-OFJ6N53", "TimeCreated": "2024-08-30 19:02:49.577410+00:00", "RecordID": "4581", "Level": "4", "UserID": "S-1-5-18"}
{"EventID": "1010", "Channel": "Microsoft-Windows-SMBServer/Operational", "Provider_Name": "Microsoft-Windows-SMBServer", "Computer": "DESKTOP-OFJ6N53", "TimeCreated": "2024-09-04 10:28:51.528337+00:00", "RecordID": "4582", "Level": "4", "UserID": "S-1-5-18"}
{"EventID": "1011", "Channel": "Microsoft-Windows-SMBServer/Operational", "Provider_Name": "Microsoft-Windows-SMBServer", "Computer": "DESKTOP-OFJ6N53", "TimeCreated": "2024-09-04 10:55:36.227114+00:00", "RecordID": "4583", "Level": "4", "UserID": "S-1-5-18"}
{"EventID": "1010", "Channel": "Microsoft-Windows-SMBServer/Operational", "Provider_Name": "Microsoft-Windows-SMBServer", "Computer": "DESKTOP-OFJ6N53", "TimeCreated": "2024-09-06 13:35:43.901709+00:00", "RecordID": "4584", "Level": "4", "UserID": "S-1-5-18"}
{"EventID": "1011", "Channel": "Microsoft-Windows-SMBServer/Operational", "Provider_Name": "Microsoft-Windows-SMBServer", "Computer": "DESKTOP-OFJ6N53", "TimeCreated": "2024-09-06 13:39:28.155897+00:00", "RecordID": "4585", "Level": "4", "UserID": "S-1-5-18"}
{"EventID": "1025", "Channel": "Microsoft-Windows-SMBServer/Operational", "Provider_Name": "Microsoft-Windows-SMBServer", "Computer": "DESKTOP-OFJ6N53", "TimeCreated": "2024-09-06 13:40:16.672092+00:00", "RecordID": "4586", "Level": "3", "UserID": "S-1-5-18"}
{"EventID": "1010", "Channel": "Microsoft-Windows-SMBServer/Operational", "Provider_Name": "Microsoft-Windows-SMBServer", "Computer": "DESKTOP-OFJ6N53", "TimeCreated": "2024-09-06 13:40:16.726446+00:00", "RecordID": "4587", "Level": "4", "UserID": "S-1-5-18"}
{"EventID": "1010", "Channel": "Microsoft-Windows-SMBServer/Operational", "Provider_Name": "Microsoft-Windows-SMBServer", "Computer": "DESKTOP-OFJ6N53", "TimeCreated": "2024-09-06 13:42:39.769909+00:00", "RecordID": "4588", "Level": "4", "UserID": "S-1-5-18"}
{"EventID": "1011", "Channel": "Microsoft-Windows-SMBServer/Operational", "Provider_Name": "Microsoft-Windows-SMBServer", "Computer": "DESKTOP-OFJ6N53", "TimeCreated": "2024-09-06 15:35:11.109575+00:00", "RecordID": "4589", "Level": "4", "UserID": "S-1-5-18"}
{"EventID": "1010", "Channel": "Microsoft-Windows-SMBServer/Operational", "Provider_Name": "Microsoft-Windows-SMBServer", "Computer": "DESKTOP-OFJ6N53", "TimeCreated": "2024-09-06 15:37:07.915943+00:00", "RecordID": "4590", "Level": "4", "UserID": "S-1-5-18"}
{"EventID": "1011", "Channel": "Microsoft-Windows-SMBServer/Operational", "Provider_Name": "Microsoft-Windows-SMBServer", "Computer": "DESKTOP-OFJ6N53", "TimeCreated": "2024-09-10 16:34:21.207355+00:00", "RecordID": "4591", "Level": "4", "UserID": "S-1-5-18"}
{"EventID": "1010", "Channel": "Microsoft-Windows-SMBServer/Operational", "Provider_Name": "Microsoft-Windows-SMBServer", "Computer": "DESKTOP-OFJ6N53", "TimeCreated": "2024-09-10 16:34:38.173885+00:00", "RecordID": "4592", "Level": "4", "UserID": "S-1-5-18"}
{"EventID": "1011", "Channel": "Microsoft-Windows-SMBServer/Operational", "Provider_Name": "Microsoft-Windows-SMBServer", "Computer": "DESKTOP-OFJ6N53", "TimeCreated": "2024-09-11 09:22:16.302597+00:00", "RecordID": "4593", "Level": "4", "UserID": "S-1-5-18"}
{"EventID": "1010", "Channel": "Microsoft-Windows-SMBServer/Operational", "Provider_Name": "Microsoft-Windows-SMBServer", "Computer": "DESKTOP-OFJ6N53", "TimeCreated": "2024-09-11 09:22:32.799725+00:00", "RecordID": "4594", "Level": "4", "UserID": "S-1-5-18"}
{"EventID": "1011", "Channel": "Microsoft-Windows-SMBServer/Operational", "Provider_Name": "Microsoft-Windows-SMBServer", "Computer": "DESKTOP-OFJ6N53", "TimeCreated": "2024-09-11 14:49:05.091110+00:00", "RecordID": "4595", "Level": "4", "UserID": "S-1-5-18"}
{"EventID": "1025", "Channel": "Microsoft-Windows-SMBServer/Operational", "Provider_Name": "Microsoft-Windows-SMBServer", "Computer": "DESKTOP-OFJ6N53", "TimeCreated": "2024-09-11 14:51:06.966425+00:00", "RecordID": "4596", "Level": "3", "UserID": "S-1-5-18"}
{"EventID": "1010", "Channel": "Microsoft-Windows-SMBServer/Operational", "Provider_Name": "Microsoft-Windows-SMBServer", "Computer": "DESKTOP-OFJ6N53", "TimeCreated": "2024-09-11 14:51:07.061920+00:00", "RecordID": "4597", "Level": "4", "UserID": "S-1-5-18"}
{"EventID": "1010", "Channel": "Microsoft-Windows-SMBServer/Operational", "Provider_Name": "Microsoft-Windows-SMBServer", "Computer": "DESKTOP-OFJ6N53", "TimeCreated": "2024-09-16 12:53:13.180954+00:00", "RecordID": "4598", "Level": "4", "UserID": "S-1-5-18"}
{"EventID": "1011", "Channel": "Microsoft-Windows-SMBServer/Operational", "Provider_Name": "Microsoft-Windows-SMBServer", "Computer": "DESKTOP-OFJ6N53", "TimeCreated": "2024-09-16 20:52:49.907560+00:00", "RecordID": "4599", "Level": "4", "UserID": "S-1-5-18"}
{"EventID": "1010", "Channel": "Microsoft-Windows-SMBServer/Operational", "Provider_Name": "Microsoft-Windows-SMBServer", "Computer": "DESKTOP-OFJ6N53", "TimeCreated": "2024-09-17 12:06:00.594875+00:00", "RecordID": "4600", "Level": "4", "UserID": "S-1-5-18"}
{"EventID": "1011", "Channel": "Microsoft-Windows-SMBServer/Operational", "Provider_Name": "Microsoft-Windows-SMBServer", "Computer": "DESKTOP-OFJ6N53", "TimeCreated": "2024-09-17 18:06:05.065098+00:00", "RecordID": "4601", "Level": "4", "UserID": "S-1-5-18"}
{"EventID": "1010", "Channel": "Microsoft-Windows-SMBServer/Operational", "Provider_Name": "Microsoft-Windows-SMBServer", "Computer": "DESKTOP-OFJ6N53", "TimeCreated": "2024-09-19 07:41:49.021811+00:00", "RecordID": "4602", "Level": "4", "UserID": "S-1-5-18"}
{"EventID": "1011", "Channel": "Microsoft-Windows-SMBServer/Operational", "Provider_Name": "Microsoft-Windows-SMBServer", "Computer": "DESKTOP-OFJ6N53", "TimeCreated": "2024-09-19 17:24:30.301149+00:00", "RecordID": "4603", "Level": "4", "UserID": "S-1-5-18"}
{"EventID": "1025", "Channel": "Microsoft-Windows-SMBServer/Operational", "Provider_Name": "Microsoft-Windows-SMBServer", "Computer": "DESKTOP-OFJ6N53", "TimeCreated": "2024-09-19 17:25:28.766981+00:00", "RecordID": "4604", "Level": "3", "UserID": "S-1-5-18"}
{"EventID": "1010", "Channel": "Microsoft-Windows-SMBServer/Operational", "Provider_Name": "Microsoft-Windows-SMBServer", "Computer": "DESKTOP-OFJ6N53", "TimeCreated": "2024-09-19 17:25:28.849398+00:00", "RecordID": "4605", "Level": "4", "UserID": "S-1-5-18"}
{"EventID": "1010", "Channel": "Microsoft-Windows-SMBServer/Operational", "Provider_Name": "Microsoft-Windows-SMBServer", "Computer": "DESKTOP-OFJ6N53", "TimeCreated": "2024-09-19 17:26:27.866344+00:00", "RecordID": "4606", "Level": "4", "UserID": "S-1-5-18"}
{"EventID": "1011", "Channel": "Microsoft-Windows-SMBServer/Operational", "Provider_Name": "Microsoft-Windows-SMBServer", "Computer": "DESKTOP-OFJ6N53", "TimeCreated": "2024-09-20 07:12:04.650517+00:00", "RecordID": "4607", "Level": "4", "UserID": "S-1-5-18"}
{"EventID": "1010", "Channel": "Microsoft-Windows-SMBServer/Operational", "Provider_Name": "Microsoft-Windows-SMBServer", "Computer": "DESKTOP-OFJ6N53", "TimeCreated": "2024-09-22 14:20:54.871899+00:00", "RecordID": "4608", "Level": "4", "UserID": "S-1-5-18"}
{"EventID": "1011", "Channel": "Microsoft-Windows-SMBServer/Operational", "Provider_Name": "Microsoft-Windows-SMBServer", "Computer": "DESKTOP-OFJ6N53", "TimeCreated": "2024-09-22 17:52:57.606142+00:00", "RecordID": "4609", "Level": "4", "UserID": "S-1-5-18"}
{"EventID": "1010", "Channel": "Microsoft-Windows-SMBServer/Operational", "Provider_Name": "Microsoft-Windows-SMBServer", "Computer": "DESKTOP-OFJ6N53", "TimeCreated": "2024-09-22 20:15:56.372379+00:00", "RecordID": "4610", "Level": "4", "UserID": "S-1-5-18"}
{"EventID": "1011", "Channel": "Microsoft-Windows-SMBServer/Operational", "Provider_Name": "Microsoft-Windows-SMBServer", "Computer": "DESKTOP-OFJ6N53", "TimeCreated": "2024-09-23 00:49:34.253778+00:00", "RecordID": "4611", "Level": "4", "UserID": "S-1-5-18"}
{"EventID": "1025", "Channel": "Microsoft-Windows-SMBServer/Operational", "Provider_Name": "Microsoft-Windows-SMBServer", "Computer": "DESKTOP-OFJ6N53", "TimeCreated": "2024-09-24 10:57:34.080994+00:00", "RecordID": "4612", "Level": "3", "UserID": "S-1-5-18"}
{"EventID": "1010", "Channel": "Microsoft-Windows-SMBServer/Operational", "Provider_Name": "Microsoft-Windows-SMBServer", "Computer": "DESKTOP-OFJ6N53", "TimeCreated": "2024-09-24 10:57:34.249336+00:00", "RecordID": "4613", "Level": "4", "UserID": "S-1-5-18"}
