{"EventID": "59", "Channel": "Microsoft-Windows-User Profile Service/Operational", "Provider_Name": "Microsoft-Windows-User Profiles Service", "Computer": "DESKTOP-OFJ6N53", "TimeCreated": "2022-06-06 09:32:00.434181+00:00", "RecordID": "138", "Level": "4", "UserID": "S-1-5-18"}
{"EventID": "59", "Channel": "Microsoft-Windows-User Profile Service/Operational", "Provider_Name": "Microsoft-Windows-User Profiles Service", "Computer": "DESKTOP-OFJ6N53", "TimeCreated": "2022-06-06 10:58:01.608423+00:00", "RecordID": "139", "Level": "4", "UserID": "S-1-5-18"}
{"EventID": "59", "Channel": "Microsoft-Windows-User Profile Service/Operational", "Provider_Name": "Microsoft-Windows-User Profiles Service", "Computer": "DESKTOP-OFJ6N53", "TimeCreated": "2022-06-06 14:14:19.463947+00:00", "RecordID": "140", "Level": "4", "UserID": "S-1-5-18"}
{"EventID": "59", "Channel": "Microsoft-Windows-User Profile Service/Operational", "Provider_Name": "Microsoft-Windows-User Profiles Service", "Computer": "DESKTOP-OFJ6N53", "TimeCreated": "2022-06-14 08:05:00.195311+00:00", "RecordID": "141", "Level": "4", "UserID": "S-1-5-18"}
{"EventID": "59", "Channel": "Microsoft-Windows-User Profile Service/Operational", "Provider_Name": "Microsoft-Windows-User Profiles Service", "Computer": "DESKTOP-OFJ6N53", "TimeCreated": "2022-06-14 13:24:34.007687+00:00", "RecordID": "142", "Level": "4", "UserID": "S-1-5-18"}
{"EventID": "3", "Channel": "Microsoft-Windows-User Profile Service/Operational", "Provider_Name": "Microsoft-Windows-User Profiles Service", "Computer": "DESKTOP-OFJ6N53", "TimeCreated": "2022-06-14 17:59:07.228424+00:00", "RecordID": "143", "Level": "4", "UserID": "S-1-5-21-963789628-1060504924-4285088085-1001", "EventData.Session": "1"}
{"EventID": "4", "Channel": "Microsoft-Windows-User Profile Service/Operational", "Provider_Name": "Microsoft-Windows-User Profiles Service", "Computer": "DESKTOP-OFJ6N53", "TimeCreated": "2022-06-14 17:59:07.370314+00:00", "RecordID": "144", "Level": "4", "UserID": "S-1-5-21-963789628-1060504924-4285088085-1001", "EventData.Session": "1"}
{"EventID": "1", "Channel": "Microsoft-Windows-User Profile Service/Operational", "Provider_Name": "Microsoft-Windows-User Profiles Service", "Computer": "DESKTOP-OFJ6N53", "TimeCreated": "2022-06-14 18:02:43.372459+00:00", "RecordID": "145", "Level": "4", "UserID": "S-1-5-21-963789628-1060504924-4285088085-1001", "EventData.Session": "1"}
{"EventID": "5", "Channel": "Microsoft-Windows-User Profile Service/Operational", "Provider_Name": "Microsoft-Windows-User Profiles Service", "Computer": "DESKTOP-OFJ6N53", "TimeCreated": "2022-06-14 18:02:43.433064+00:00", "RecordID": "146", "Level": "4", "UserID": "S-1-5-18", "EventData.File": "C:\\Users\\sk.batsiev\\ntuser.dat", "EventData.Key": "S-1-5-21-963789628-1060504924-4285088085-1001"}
{"EventID": "5", "Channel": "Microsoft-Windows-User Profile Service/Operational", "Provider_Name": "Microsoft-Windows-User Profiles Service", "Computer": "DESKTOP-OFJ6N53", "TimeCreated": "2022-06-14 18:02:43.510517+00:00", "RecordID": "147", "Level": "4", "UserID": "S-1-5-18", "EventData.File": "C:\\Users\\sk.batsiev\\AppData\\Local\\Microsoft\\Windows\\\\UsrClass.dat", "EventData.Key": "S-1-5-21-963789628-1060504924-4285088085-1001_Classes"}
{"EventID": "67", "Channel": "Microsoft-Windows-User Profile Service/Operational", "Provider_Name": "Microsoft-Windows-User Profiles Service", "Computer": "DESKTOP-OFJ6N53", "TimeCreated": "2022-06-14 18:02:43.512966+00:00", "RecordID": "148", "Level": "4", "UserID": "S-1-5-18", "EventData.LogonType": "Regular", "EventData.LocalPath": "C:\\Users\\sk.batsiev", "EventData.ProfileType": "Regular"}
{"EventID": "2", "Channel": "Microsoft-Windows-User Profile Service/Operational", "Provider_Name": "Microsoft-Windows-User Profiles Service", "Computer": "DESKTOP-OFJ6N53", "TimeCreated": "2022-06-14 18:02:43.767069+00:00", "RecordID": "149", "Level": "4", "UserID": "S-1-5-21-963789628-1060504924-4285088085-1001", "EventData.Session": "1"}
{"EventID": "59", "Channel": "Microsoft-Windows-User Profile Service/Operational", "Provider_Name": "Microsoft-Windows-User Profiles Service", "Computer": "DESKTOP-OFJ6N53", "TimeCreated": "2022-07-01 12:29:14.832115+00:00", "RecordID": "150", "Level": "4", "UserID": "S-1-5-18"}
{"EventID": "59", "Channel": "Microsoft-Windows-User Profile Service/Operational", "Provider_Name": "Microsoft-Windows-User Profiles Service", "Computer": "DESKTOP-OFJ6N53", "TimeCreated": "2022-07-01 12:33:03.224764+00:00", "RecordID": "151", "Level": "4", "UserID": "S-1-5-18"}
{"EventID": "59", "Channel": "Microsoft-Windows-User Profile Service/Operational", "Provider_Name": "Microsoft-Windows-User Profiles Service", "Computer": "DESKTOP-OFJ6N53", "TimeCreated": "2022-07-02 04:32:56.095238+00:00", "RecordID": "152", "Level": "4", "UserID": "S-1-5-18"}
{"EventID": "59", "Channel": "Microsoft-Windows-User Profile Service/Operational", "Provider_Name": "Microsoft-Windows-User Profiles Service", "Computer": "DESKTOP-OFJ6N53", "TimeCreated": "2022-07-04 07:50:35.517754+00:00", "RecordID": "153", "Level": "4", "UserID": "S-1-5-18"}
{"EventID": "59", "Channel": "Microsoft-Windows-User Profile Service/Operational", "Provider_Name": "Microsoft-Windows-User Profiles Service", "Computer": "DESKTOP-OFJ6N53", "TimeCreated": "2022-07-04 08:45:16.427229+00:00", "RecordID": "154", "Level": "4", "UserID": "S-1-5-18"}
{"EventID": "59", "Channel": "Microsoft-Windows-User Profile Service/Operational", "Provider_Name": "Microsoft-Windows-User Profiles Service", "Computer": "DESKTOP-OFJ6N53", "TimeCreated": "2022-07-04 15:47:17.080366+00:00", "RecordID": "155", "Level": "4", "UserID": "S-1-5-18"}
{"EventID": "59", "Channel": "Microsoft-Windows-User Profile Service/Operational", "Provider_Name": "Microsoft-Windows-User Profiles Service", "Computer": "DESKTOP-OFJ6N53", "TimeCreated": "2022-07-04 20:38:22.531572+00:00", "RecordID": "156", "Level": "4", "UserID": "S-1-5-18"}
{"EventID": "3", "Channel": "Microsoft-Windows-User Profile Service/Operational", "Provider_Name": "Microsoft-Windows-User Profiles Service", "Computer": "DESKTOP-OFJ6N53", "TimeCreated": "2022-07-13 14:40:08.734671+00:00", "RecordID": "157", "Level": "4", "UserID": "S-1-5-21-963789628-1060504924-4285088085-1001", "EventData.Session": "1"}
{"EventID": "4", "Channel": "Microsoft-Windows-User Profile Service/Operational", "Provider_Name": "Microsoft-Windows-User Profiles Service", "Computer": "DESKTOP-OFJ6N53", "TimeCreated": "2022-07-13 14:40:08.936253+00:00", "RecordID": "158", "Level": "4", "UserID": "S-1-5-21-963789628-1060504924-4285088085-1001", "EventData.Session": "1"}
{"EventID": "1", "Channel": "Microsoft-Windows-User Profile Service/Operational", "Provider_Name": "Microsoft-Windows-User Profiles Service", "Computer": "DESKTOP-OFJ6N53", "TimeCreated": "2022-07-13 14:43:03.014751+00:00", "RecordID": "159", "Level": "4", "UserID": "S-1-5-21-963789628-1060504924-4285088085-1001", "EventData.Session": "1"}
{"EventID": "5", "Channel": "Microsoft-Windows-User Profile Service/Operational", "Provider_Name": "Microsoft-Windows-User Profiles Service", "Computer": "DESKTOP-OFJ6N53", "TimeCreated": "2022-07-13 14:43:03.087378+00:00", "RecordID": "160", "Level": "4", "UserID": "S-1-5-18", "EventData.File": "C:\\Users\\sk.batsiev\\ntuser.dat", "EventData.Key": "S-1-5-21-963789628-1060504924-4285088085-1001"}
{"EventID": "5", "Channel": "Microsoft-Windows-User Profile Service/Operational", "Provider_Name": "Microsoft-Windows-User Profiles Service", "Computer": "DESKTOP-OFJ6N53", "TimeCreated": "2022-07-13 14:43:03.160328+00:00", "RecordID": "161", "Level": "4", "UserID": "S-1-5-18", "EventData.File": "C:\\Users\\sk.batsiev\\AppData\\Local\\Microsoft\\Windows\\\\UsrClass.dat", "EventData.Key": "S-1-5-21-963789628-1060504924-4285088085-1001_Classes"}
{"EventID": "67", "Channel": "Microsoft-Windows-User Profile Service/Operational", "Provider_Name": "Microsoft-Windows-User Profiles Service", "Computer": "DESKTOP-OFJ6N53", "TimeCreated": "2022-07-13 14:43:03.162233+00:00", "RecordID": "162", "Level": "4", "UserID": "S-1-5-18", "EventData.LogonType": "Regular", "EventData.LocalPath": "C:\\Users\\sk.batsiev", "EventData.ProfileType": "Regular"}
{"EventID": "2", "Channel": "Microsoft-Windows-User Profile Service/Operational", "Provider_Name": "Microsoft-Windows-User Profiles Service", "Computer": "DESKTOP-OFJ6N53", "TimeCreated": "2022-07-13 14:43:03.457153+00:00", "RecordID": "163", "Level": "4", "UserID": "S-1-5-21-963789628-1060504924-4285088085-1001", "EventData.Session": "1"}
{"EventID": "3", "Channel": "Microsoft-Windows-User Profile Service/Operational", "Provider_Name": "Microsoft-Windows-User Profiles Service", "Computer": "DESKTOP-OFJ6N53", "TimeCreated": "2022-08-04 17:02:22.229546+00:00", "RecordID": "164", "Level": "4", "UserID": "S-1-5-21-963789628-1060504924-4285088085-1001", "EventData.Session": "1"}
{"EventID": "4", "Channel": "Microsoft-Windows-User Profile Service/Operational", "Provider_Name": "Microsoft-Windows-User Profiles Service", "Computer": "DESKTOP-OFJ6N53", "TimeCreated": "2022-08-04 17:02:22.718420+00:00", "RecordID": "165", "Level": "4", "UserID": "S-1-5-21-963789628-1060504924-4285088085-1001", "EventData.Session": "1"}
{"EventID": "1", "Channel": "Microsoft-Windows-User Profile Service/Operational", "Provider_Name": "Microsoft-Windows-User Profiles Service", "Computer": "DESKTOP-OFJ6N53", "TimeCreated": "2022-08-04 17:04:47.891485+00:00", "RecordID": "166", "Level": "4", "UserID": "S-1-5-21-963789628-1060504924-4285088085-1001", "EventData.Session": "1"}
{"EventID": "5", "Channel": "Microsoft-Windows-User Profile Service/Operational", "Provider_Name": "Microsoft-Windows-User Profiles Service", "Computer": "DESKTOP-OFJ6N53", "TimeCreated": "2022-08-04 17:04:47.934767+00:00", "RecordID": "167", "Level": "4", "UserID": "S-1-5-18", "EventData.File": "C:\\Users\\sk.batsiev\\ntuser.dat", "EventData.Key": "S-1-5-21-963789628-1060504924-4285088085-1001"}
{"EventID": "5", "Channel": "Microsoft-Windows-User Profile Service/Operational", "Provider_Name": "Microsoft-Windows-User Profiles Service", "Computer": "DESKTOP-OFJ6N53", "TimeCreated": "2022-08-04 17:04:48.051485+00:00", "RecordID": "168", "Level": "4", "UserID": "S-1-5-18", "EventData.File": "C:\\Users\\sk.batsiev\\AppData\\Local\\Microsoft\\Windows\\\\UsrClass.dat", "EventData.Key": "S-1-5-21-963789628-1060504924-4285088085-1001_Classes"}
{"EventID": "67", "Channel": "Microsoft-Windows-User Profile Service/Operational", "Provider_Name": "Microsoft-Windows-User Profiles Service", "Computer": "DESKTOP-OFJ6N53", "TimeCreated": "2022-08-04 17:04:48.053865+00:00", "RecordID": "169", "Level": "4", "UserID": "S-1-5-18", "EventData.LogonType": "Regular", "EventData.LocalPath": "C:\\Users\\sk.batsiev", "EventData.ProfileType": "Regular"}
{"EventID": "2", "Channel": "Microsoft-Windows-User Profile Service/Operational", "Provider_Name": "Microsoft-Windows-User Profiles Service", "Computer": "DESKTOP-OFJ6N53", "TimeCreated": "2022-08-04 17:04:49.468735+00:00", "RecordID": "170", "Level": "4", "UserID": "S-1-5-21-963789628-1060504924-4285088085-1001", "EventData.Session": "1"}
{"EventID": "3", "Channel": "Microsoft-Windows-User Profile Service/Operational", "Provider_Name": "Microsoft-Windows-User Profiles Service", "Computer": "DESKTOP-OFJ6N53", "TimeCreated": "2022-08-09 19:07:12.561893+00:00", "RecordID": "171", "Level": "4", "UserID": "S-1-5-21-963789628-1060504924-4285088085-1001", "EventData.Session": "1"}
{"EventID": "4", "Channel": "Microsoft-Windows-User Profile Service/Operational", "Provider_Name": "Microsoft-Windows-User Profiles Service", "Computer": "DESKTOP-OFJ6N53", "TimeCreated": "2022-08-09 19:07:12.775652+00:00", "RecordID": "172", "Level": "4", "UserID": "S-1-5-21-963789628-1060504924-4285088085-1001", "EventData.Session": "1"}
{"EventID": "1", "Channel": "Microsoft-Windows-User Profile Service/Operational", "Provider_Name": "Microsoft-Windows-User Profiles Service", "Computer": "DESKTOP-OFJ6N53", "TimeCreated": "2022-08-09 19:09:13.182285+00:00", "RecordID": "173", "Level": "4", "UserID": "S-1-5-21-963789628-1060504924-4285088085-1001", "EventData.Session": "1"}
{"EventID": "5", "Channel": "Microsoft-Windows-User Profile Service/Operational", "Provider_Name": "Microsoft-Windows-User Profiles Service", "Computer": "DESKTOP-OFJ6N53", "TimeCreated": "2022-08-09 19:09:13.235256+00:00", "RecordID": "174", "Level": "4", "UserID": "S-1-5-18", "EventData.File": "C:\\Users\\sk.batsiev\\ntuser.dat", "EventData.Key": "S-1-5-21-963789628-1060504924-4285088085-1001"}
{"EventID": "5", "Channel": "Microsoft-Windows-User Profile Service/Operational", "Provider_Name": "Microsoft-Windows-User Profiles Service", "Computer": "DESKTOP-OFJ6N53", "TimeCreated": "2022-08-09 19:09:13.306097+00:00", "RecordID": "175", "Level": "4", "UserID": "S-1-5-18", "EventData.File": "C:\\Users\\sk.batsiev\\AppData\\Local\\Microsoft\\Windows\\\\UsrClass.dat", "EventData.Key": "S-1-5-21-963789628-1060504924-4285088085-1001_Classes"}
{"EventID": "67", "Channel": "Microsoft-Windows-User Profile Service/Operational", "Provider_Name": "Microsoft-Windows-User Profiles Service", "Computer": "DESKTOP-OFJ6N53", "TimeCreated": "2022-08-09 19:09:13.308365+00:00", "RecordID": "176", "Level": "4", "UserID": "S-1-5-18", "EventData.LogonType": "Regular", "EventData.LocalPath": "C:\\Users\\sk.batsiev", "EventData.ProfileType": "Regular"}
{"EventID": "2", "Channel": "Microsoft-Windows-User Profile Service/Operational", "Provider_Name": "Microsoft-Windows-User Profiles Service", "Computer": "DESKTOP-OFJ6N53", "TimeCreated": "2022-08-09 19:09:13.590130+00:00", "RecordID": "177", "Level": "4", "UserID": "S-1-5-21-963789628-1060504924-4285088085-1001", "EventData.Session": "1"}
{"EventID": "3", "Channel": "Microsoft-Windows-User Profile Service/Operational", "Provider_Name": "Microsoft-Windows-User Profiles Service", "Computer": "DESKTOP-OFJ6N53", "TimeCreated": "2022-09-06 08:59:53.172134+00:00", "RecordID": "178", "Level": "4", "UserID": "S-1-5-21-963789628-1060504924-4285088085-1001", "EventData.Session": "1"}
{"EventID": "4", "Channel": "Microsoft-Windows-User Profile Service/Operational", "Provider_Name": "Microsoft-Windows-User Profiles Service", "Computer": "DESKTOP-OFJ6N53", "TimeCreated": "2022-09-06 08:59:55.145061+00:00", "RecordID": "179", "Level": "4", "UserID": "S-1-5-21-963789628-1060504924-4285088085-1001", "EventData.Session": "1"}
{"EventID": "1", "Channel": "Microsoft-Windows-User Profile Service/Operational", "Provider_Name": "Microsoft-Windows-User Profiles Service", "Computer": "DESKTOP-OFJ6N53", "TimeCreated": "2022-09-06 09:02:40.911213+00:00", "RecordID": "180", "Level": "4", "UserID": "S-1-5-21-963789628-1060504924-4285088085-1001", "EventData.Session": "2"}
{"EventID": "5", "Channel": "Microsoft-Windows-User Profile Service/Operational", "Provider_Name": "Microsoft-Windows-User Profiles Service", "Computer": "DESKTOP-OFJ6N53", "TimeCreated": "2022-09-06 09:02:40.989788+00:00", "RecordID": "181", "Level": "4", "UserID": "S-1-5-18", "EventData.File": "C:\\Users\\sk.batsiev\\ntuser.dat", "EventData.Key": "S-1-5-21-963789628-1060504924-4285088085-1001"}
{"EventID": "5", "Channel": "Microsoft-Windows-User Profile Service/Operational", "Provider_Name": "Microsoft-Windows-User Profiles Service", "Computer": "DESKTOP-OFJ6N53", "TimeCreated": "2022-09-06 09:02:41.069862+00:00", "RecordID": "182", "Level": "4", "UserID": "S-1-5-18", "EventData.File": "C:\\Users\\sk.batsiev\\AppData\\Local\\Microsoft\\Windows\\\\UsrClass.dat", "EventData.Key": "S-1-5-21-963789628-1060504924-4285088085-1001_Classes"}
{"EventID": "67", "Channel": "Microsoft-Windows-User Profile Service/Operational", "Provider_Name": "Microsoft-Windows-User Profiles Service", "Computer": "DESKTOP-OFJ6N53", "TimeCreated": "2022-09-06 09:02:41.072138+00:00", "RecordID": "183", "Level": "4", "UserID": "S-1-5-18", "EventData.LogonType": "Regular", "EventData.LocalPath": "C:\\Users\\sk.batsiev", "EventData.ProfileType": "Regular"}
{"EventID": "2", "Channel": "Microsoft-Windows-User Profile Service/Operational", "Provider_Name": "Microsoft-Windows-User Profiles Service", "Computer": "DESKTOP-OFJ6N53", "TimeCreated": "2022-09-06 09:02:42.135466+00:00", "RecordID": "184", "Level": "4", "UserID": "S-1-5-21-963789628-1060504924-4285088085-1001", "EventData.Session": "2"}
{"EventID": "3", "Channel": "Microsoft-Windows-User Profile Service/Operational", "Provider_Name": "Microsoft-Windows-User Profiles Service", "Computer": "DESKTOP-OFJ6N53", "TimeCreated": "2022-09-06 12:59:57.538525+00:00", "RecordID": "185", "Level": "4", "UserID": "S-1-5-21-963789628-1060504924-4285088085-1001", "EventData.Session": "2"}
{"EventID": "4", "Channel": "Microsoft-Windows-User Profile Service/Operational", "Provider_Name": "Microsoft-Windows-User Profiles Service", "Computer": "DESKTOP-OFJ6N53", "TimeCreated": "2022-09-06 12:59:57.983191+00:00", "RecordID": "186", "Level": "4", "UserID": "S-1-5-21-963789628-1060504924-4285088085-1001", "EventData.Session": "2"}
{"EventID": "1", "Channel": "Microsoft-Windows-User Profile Service/Operational", "Provider_Name": "Microsoft-Windows-User Profiles Service", "Computer": "DESKTOP-OFJ6N53", "TimeCreated": "2022-09-06 13:02:48.192326+00:00", "RecordID": "187", "Level": "4", "UserID": "S-1-5-21-963789628-1060504924-4285088085-1001", "EventData.Session": "2"}
{"EventID": "5", "Channel": "Microsoft-Windows-User Profile Service/Operational", "Provider_Name": "Microsoft-Windows-User Profiles Service", "Computer": "DESKTOP-OFJ6N53", "TimeCreated": "2022-09-06 13:02:48.225723+00:00", "RecordID": "188", "Level": "4", "UserID": "S-1-5-18", "EventData.File": "C:\\Users\\sk.batsiev\\ntuser.dat", "EventData.Key": "S-1-5-21-963789628-1060504924-4285088085-1001"}
{"EventID": "5", "Channel": "Microsoft-Windows-User Profile Service/Operational", "Provider_Name": "Microsoft-Windows-User Profiles Service", "Computer": "DESKTOP-OFJ6N53", "TimeCreated": "2022-09-06 13:02:48.272699+00:00", "RecordID": "189", "Level": "4", "UserID": "S-1-5-18", "EventData.File": "C:\\Users\\sk.batsiev\\AppData\\Local\\Microsoft\\Windows\\\\UsrClass.dat", "EventData.Key": "S-1-5-21-963789628-1060504924-4285088085-1001_Classes"}
{"EventID": "67", "Channel": "Microsoft-Windows-User Profile Service/Operational", "Provider_Name": "Microsoft-Windows-User Profiles Service", "Computer": "DESKTOP-OFJ6N53", "TimeCreated": "2022-09-06 13:02:48.274738+00:00", "RecordID": "190", "Level": "4", "UserID": "S-1-5-18", "EventData.LogonType": "Regular", "EventData.LocalPath": "C:\\Users\\sk.batsiev", "EventData.ProfileType": "Regular"}
{"EventID": "2", "Channel": "Microsoft-Windows-User Profile Service/Operational", "Provider_Name": "Microsoft-Windows-User Profiles Service", "Computer": "DESKTOP-OFJ6N53", "TimeCreated": "2022-09-06 13:02:49.087244+00:00", "RecordID": "191", "Level": "4", "UserID": "S-1-5-21-963789628-1060504924-4285088085-1001", "EventData.Session": "2"}
{"EventID": "3", "Channel": "Microsoft-Windows-User Profile Service/Operational", "Provider_Name": "Microsoft-Windows-User Profiles Service", "Computer": "DESKTOP-OFJ6N53", "TimeCreated": "2022-09-13 14:04:11.153778+00:00", "RecordID": "192", "Level": "4", "UserID": "S-1-5-21-963789628-1060504924-4285088085-1001", "EventData.Session": "2"}
{"EventID": "4", "Channel": "Microsoft-Windows-User Profile Service/Operational", "Provider_Name": "Microsoft-Windows-User Profiles Service", "Computer": "DESKTOP-OFJ6N53", "TimeCreated": "2022-09-13 14:04:11.443401+00:00", "RecordID": "193", "Level": "4", "UserID": "S-1-5-21-963789628-1060504924-4285088085-1001", "EventData.Session": "2"}
{"EventID": "1", "Channel": "Microsoft-Windows-User Profile Service/Operational", "Provider_Name": "Microsoft-Windows-User Profiles Service", "Computer": "DESKTOP-OFJ6N53", "TimeCreated": "2022-09-13 14:23:32.907837+00:00", "RecordID": "194", "Level": "4", "UserID": "S-1-5-21-963789628-1060504924-4285088085-1001", "EventData.Session": "1"}
{"EventID": "5", "Channel": "Microsoft-Windows-User Profile Service/Operational", "Provider_Name": "Microsoft-Windows-User Profiles Service", "Computer": "DESKTOP-OFJ6N53", "TimeCreated": "2022-09-13 14:23:33.379416+00:00", "RecordID": "195", "Level": "4", "UserID": "S-1-5-18", "EventData.File": "C:\\Users\\sk.batsiev\\ntuser.dat", "EventData.Key": "S-1-5-21-963789628-1060504924-4285088085-1001"}
{"EventID": "5", "Channel": "Microsoft-Windows-User Profile Service/Operational", "Provider_Name": "Microsoft-Windows-User Profiles Service", "Computer": "DESKTOP-OFJ6N53", "TimeCreated": "2022-09-13 14:23:33.468510+00:00", "RecordID": "196", "Level": "4", "UserID": "S-1-5-18", "EventData.File": "C:\\Users\\sk.batsiev\\AppData\\Local\\Microsoft\\Windows\\\\UsrClass.dat", "EventData.Key": "S-1-5-21-963789628-1060504924-4285088085-1001_Classes"}
{"EventID": "67", "Channel": "Microsoft-Windows-User Profile Service/Operational", "Provider_Name": "Microsoft-Windows-User Profiles Service", "Computer": "DESKTOP-OFJ6N53", "TimeCreated": "2022-09-13 14:23:33.470968+00:00", "RecordID": "197", "Level": "4", "UserID": "S-1-5-18", "EventData.LogonType": "Regular", "EventData.LocalPath": "C:\\Users\\sk.batsiev", "EventData.ProfileType": "Regular"}
{"EventID": "2", "Channel": "Microsoft-Windows-User Profile Service/Operational", "Provider_Name": "Microsoft-Windows-User Profiles Service", "Computer": "DESKTOP-OFJ6N53", "TimeCreated": "2022-09-13 14:23:40.545837+00:00", "RecordID": "198", "Level": "4", "UserID": "S-1-5-21-963789628-1060504924-4285088085-1001", "EventData.Session": "1"}
{"EventID": "3", "Channel": "Microsoft-Windows-User Profile Service/Operational", "Provider_Name": "Microsoft-Windows-User Profiles Service", "Computer": "DESKTOP-OFJ6N53", "TimeCreated": "2022-09-14 17:11:12.173147+00:00", "RecordID": "199", "Level": "4", "UserID": "S-1-5-21-963789628-1060504924-4285088085-1001", "EventData.Session": "1"}
{"EventID": "4", "Channel": "Microsoft-Windows-User Profile Service/Operational", "Provider_Name": "Microsoft-Windows-User Profiles Service", "Computer": "DESKTOP-OFJ6N53", "TimeCreated": "2022-09-14 17:11:12.388466+00:00", "RecordID": "200", "Level": "4", "UserID": "S-1-5-21-963789628-1060504924-4285088085-1001", "EventData.Session": "1"}
{"EventID": "1", "Channel": "Microsoft-Windows-User Profile Service/Operational", "Provider_Name": "Microsoft-Windows-User Profiles Service", "Computer": "DESKTOP-OFJ6N53", "TimeCreated": "2022-09-14 17:18:51.220421+00:00", "RecordID": "201", "Level": "4", "UserID": "S-1-5-21-963789628-1060504924-4285088085-1001", "EventData.Session": "1"}
{"EventID": "5", "Channel": "Microsoft-Windows-User Profile Service/Operational", "Provider_Name": "Microsoft-Windows-User Profiles Service", "Computer": "DESKTOP-OFJ6N53", "TimeCreated": "2022-09-14 17:18:51.266068+00:00", "RecordID": "202", "Level": "4", "UserID": "S-1-5-18", "EventData.File": "C:\\Users\\sk.batsiev\\ntuser.dat", "EventData.Key": "S-1-5-21-963789628-1060504924-4285088085-1001"}
{"EventID": "5", "Channel": "Microsoft-Windows-User Profile Service/Operational", "Provider_Name": "Microsoft-Windows-User Profiles Service", "Computer": "DESKTOP-OFJ6N53", "TimeCreated": "2022-09-14 17:18:51.312613+00:00", "RecordID": "203", "Level": "4", "UserID": "S-1-5-18", "EventData.File": "C:\\Users\\sk.batsiev\\AppData\\Local\\Microsoft\\Windows\\\\UsrClass.dat", "EventData.Key": "S-1-5-21-963789628-1060504924-4285088085-1001_Classes"}
{"EventID": "67", "Channel": "Microsoft-Windows-User Profile Service/Operational", "Provider_Name": "Microsoft-Windows-User Profiles Service", "Computer": "DESKTOP-OFJ6N53", "TimeCreated": "2022-09-14 17:18:51.314644+00:00", "RecordID": "204", "Level": "4", "UserID": "S-1-5-18", "EventData.LogonType": "Regular", "EventData.LocalPath": "C:\\Users\\sk.batsiev", "EventData.ProfileType": "Regular"}
{"EventID": "2", "Channel": "Microsoft-Windows-User Profile Service/Operational", "Provider_Name": "Microsoft-Windows-User Profiles Service", "Computer": "DESKTOP-OFJ6N53", "TimeCreated": "2022-09-14 17:18:51.606911+00:00", "RecordID": "205", "Level": "4", "UserID": "S-1-5-21-963789628-1060504924-4285088085-1001", "EventData.Session": "1"}
{"EventID": "3", "Channel": "Microsoft-Windows-User Profile Service/Operational", "Provider_Name": "Microsoft-Windows-User Profiles Service", "Computer": "DESKTOP-OFJ6N53", "TimeCreated": "2022-09-22 12:39:44.250090+00:00", "RecordID": "206", "Level": "4", "UserID": "S-1-5-21-963789628-1060504924-4285088085-1001", "EventData.Session": "1"}
{"EventID": "4", "Channel": "Microsoft-Windows-User Profile Service/Operational", "Provider_Name": "Microsoft-Windows-User Profiles Service", "Computer": "DESKTOP-OFJ6N53", "TimeCreated": "2022-09-22 12:39:44.351974+00:00", "RecordID": "207", "Level": "4", "UserID": "S-1-5-21-963789628-1060504924-4285088085-1001", "EventData.Session": "1"}
{"EventID": "1", "Channel": "Microsoft-Windows-User Profile Service/Operational", "Provider_Name": "Microsoft-Windows-User Profiles Service", "Computer": "DESKTOP-OFJ6N53", "TimeCreated": "2022-09-22 12:40:31.285255+00:00", "RecordID": "208", "Level": "4", "UserID": "S-1-5-21-963789628-1060504924-4285088085-1001", "EventData.Session": "1"}
{"EventID": "5", "Channel": "Microsoft-Windows-User Profile Service/Operational", "Provider_Name": "Microsoft-Windows-User Profiles Service", "Computer": "DESKTOP-OFJ6N53", "TimeCreated": "2022-09-22 12:40:31.320923+00:00", "RecordID": "209", "Level": "4", "UserID": "S-1-5-18", "EventData.File": "C:\\Users\\sk.batsiev\\ntuser.dat", "EventData.Key": "S-1-5-21-963789628-1060504924-4285088085-1001"}
{"EventID": "5", "Channel": "Microsoft-Windows-User Profile Service/Operational", "Provider_Name": "Microsoft-Windows-User Profiles Service", "Computer": "DESKTOP-OFJ6N53", "TimeCreated": "2022-09-22 12:40:31.376915+00:00", "RecordID": "210", "Level": "4", "UserID": "S-1-5-18", "EventData.File": "C:\\Users\\sk.batsiev\\AppData\\Local\\Microsoft\\Windows\\\\UsrClass.dat", "EventData.Key": "S-1-5-21-963789628-1060504924-4285088085-1001_Classes"}
{"EventID": "67", "Channel": "Microsoft-Windows-User Profile Service/Operational", "Provider_Name": "Microsoft-Windows-User Profiles Service", "Computer": "DESKTOP-OFJ6N53", "TimeCreated": "2022-09-22 12:40:31.379442+00:00", "RecordID": "211", "Level": "4", "UserID": "S-1-5-18", "EventData.LogonType": "Regular", "EventData.LocalPath": "C:\\Users\\sk.batsiev", "EventData.ProfileType": "Regular"}
{"EventID": "2", "Channel": "Microsoft-Windows-User Profile Service/Operational", "Provider_Name": "Microsoft-Windows-User Profiles Service", "Computer": "DESKTOP-OFJ6N53", "TimeCreated": "2022-09-22 12:40:32.709225+00:00", "RecordID": "212", "Level": "4", "UserID": "S-1-5-21-963789628-1060504924-4285088085-1001", "EventData.Session": "1"}
{"EventID": "3", "Channel": "Microsoft-Windows-User Profile Service/Operational", "Provider_Name": "Microsoft-Windows-User Profiles Service", "Computer": "DESKTOP-OFJ6N53", "TimeCreated": "2022-09-29 11:31:42.672770+00:00", "RecordID": "213", "Level": "4", "UserID": "S-1-5-21-963789628-1060504924-4285088085-1001", "EventData.Session": "1"}
{"EventID": "4", "Channel": "Microsoft-Windows-User Profile Service/Operational", "Provider_Name": "Microsoft-Windows-User Profiles Service", "Computer": "DESKTOP-OFJ6N53", "TimeCreated": "2022-09-29 11:31:42.732794+00:00", "RecordID": "214", "Level": "4", "UserID": "S-1-5-21-963789628-1060504924-4285088085-1001", "EventData.Session": "1"}
{"EventID": "1", "Channel": "Microsoft-Windows-User Profile Service/Operational", "Provider_Name": "Microsoft-Windows-User Profiles Service", "Computer": "DESKTOP-OFJ6N53", "TimeCreated": "2022-09-29 11:32:44.957771+00:00", "RecordID": "215", "Level": "4", "UserID": "S-1-5-21-963789628-1060504924-4285088085-1001", "EventData.Session": "1"}
{"EventID": "5", "Channel": "Microsoft-Windows-User Profile Service/Operational", "Provider_Name": "Microsoft-Windows-User Profiles Service", "Computer": "DESKTOP-OFJ6N53", "TimeCreated": "2022-09-29 11:32:45.082575+00:00", "RecordID": "216", "Level": "4", "UserID": "S-1-5-18", "EventData.File": "C:\\Users\\sk.batsiev\\ntuser.dat", "EventData.Key": "S-1-5-21-963789628-1060504924-4285088085-1001"}
{"EventID": "5", "Channel": "Microsoft-Windows-User Profile Service/Operational", "Provider_Name": "Microsoft-Windows-User Profiles Service", "Computer": "DESKTOP-OFJ6N53", "TimeCreated": "2022-09-29 11:32:45.199442+00:00", "RecordID": "217", "Level": "4", "UserID": "S-1-5-18", "EventData.File": "C:\\Users\\sk.batsiev\\AppData\\Local\\Microsoft\\Windows\\\\UsrClass.dat", "EventData.Key": "S-1-5-21-963789628-1060504924-4285088085-1001_Classes"}
{"EventID": "67", "Channel": "Microsoft-Windows-User Profile Service/Operational", "Provider_Name": "Microsoft-Windows-User Profiles Service", "Computer": "DESKTOP-OFJ6N53", "TimeCreated": "2022-09-29 11:32:45.203352+00:00", "RecordID": "218", "Level": "4", "UserID": "S-1-5-18", "EventData.LogonType": "Regular", "EventData.LocalPath": "C:\\Users\\sk.batsiev", "EventData.ProfileType": "Regular"}
{"EventID": "2", "Channel": "Microsoft-Windows-User Profile Service/Operational", "Provider_Name": "Microsoft-Windows-User Profiles Service", "Computer": "DESKTOP-OFJ6N53", "TimeCreated": "2022-09-29 11:32:48.003006+00:00", "RecordID": "219", "Level": "4", "UserID": "S-1-5-21-963789628-1060504924-4285088085-1001", "EventData.Session": "1"}
{"EventID": "3", "Channel": "Microsoft-Windows-User Profile Service/Operational", "Provider_Name": "Microsoft-Windows-User Profiles Service", "Computer": "DESKTOP-OFJ6N53", "TimeCreated": "2022-10-04 08:34:00.506380+00:00", "RecordID": "220", "Level": "4", "UserID": "S-1-5-21-963789628-1060504924-4285088085-1001", "EventData.Session": "1"}
{"EventID": "4", "Channel": "Microsoft-Windows-User Profile Service/Operational", "Provider_Name": "Microsoft-Windows-User Profiles Service", "Computer": "DESKTOP-OFJ6N53", "TimeCreated": "2022-10-04 08:34:00.727966+00:00", "RecordID": "221", "Level": "4", "UserID": "S-1-5-21-963789628-1060504924-4285088085-1001", "EventData.Session": "1"}
{"EventID": "1", "Channel": "Microsoft-Windows-User Profile Service/Operational", "Provider_Name": "Microsoft-Windows-User Profiles Service", "Computer": "DESKTOP-OFJ6N53", "TimeCreated": "2022-10-04 08:34:53.371523+00:00", "RecordID": "222", "Level": "4", "UserID": "S-1-5-21-963789628-1060504924-4285088085-1001", "EventData.Session": "1"}
{"EventID": "5", "Channel": "Microsoft-Windows-User Profile Service/Operational", "Provider_Name": "Microsoft-Windows-User Profiles Service", "Computer": "DESKTOP-OFJ6N53", "TimeCreated": "2022-10-04 08:34:53.410604+00:00", "RecordID": "223", "Level": "4", "UserID": "S-1-5-18", "EventData.File": "C:\\Users\\sk.batsiev\\ntuser.dat", "EventData.Key": "S-1-5-21-963789628-1060504924-4285088085-1001"}
{"EventID": "5", "Channel": "Microsoft-Windows-User Profile Service/Operational", "Provider_Name": "Microsoft-Windows-User Profiles Service", "Computer": "DESKTOP-OFJ6N53", "TimeCreated": "2022-10-04 08:34:53.465878+00:00", "RecordID": "224", "Level": "4", "UserID": "S-1-5-18", "EventData.File": "C:\\Users\\sk.batsiev\\AppData\\Local\\Microsoft\\Windows\\\\UsrClass.dat", "EventData.Key": "S-1-5-21-963789628-1060504924-4285088085-1001_Classes"}
{"EventID": "67", "Channel": "Microsoft-Windows-User Profile Service/Operational", "Provider_Name": "Microsoft-Windows-User Profiles Service", "Computer": "DESKTOP-OFJ6N53", "TimeCreated": "2022-10-04 08:34:53.468079+00:00", "RecordID": "225", "Level": "4", "UserID": "S-1-5-18", "EventData.LogonType": "Regular", "EventData.LocalPath": "C:\\Users\\sk.batsiev", "EventData.ProfileType": "Regular"}
{"EventID": "2", "Channel": "Microsoft-Windows-User Profile Service/Operational", "Provider_Name": "Microsoft-Windows-User Profiles Service", "Computer": "DESKTOP-OFJ6N53", "TimeCreated": "2022-10-04 08:34:55.036171+00:00", "RecordID": "226", "Level": "4", "UserID": "S-1-5-21-963789628-1060504924-4285088085-1001", "EventData.Session": "1"}
{"EventID": "3", "Channel": "Microsoft-Windows-User Profile Service/Operational", "Provider_Name": "Microsoft-Windows-User Profiles Service", "Computer": "DESKTOP-OFJ6N53", "TimeCreated": "2022-10-05 14:36:07.689869+00:00", "RecordID": "227", "Level": "4", "UserID": "S-1-5-21-963789628-1060504924-4285088085-1001", "EventData.Session": "1"}
{"EventID": "4", "Channel": "Microsoft-Windows-User Profile Service/Operational", "Provider_Name": "Microsoft-Windows-User Profiles Service", "Computer": "DESKTOP-OFJ6N53", "TimeCreated": "2022-10-05 14:36:08.090485+00:00", "RecordID": "228", "Level": "4", "UserID": "S-1-5-21-963789628-1060504924-4285088085-1001", "EventData.Session": "1"}
{"EventID": "1", "Channel": "Microsoft-Windows-User Profile Service/Operational", "Provider_Name": "Microsoft-Windows-User Profiles Service", "Computer": "DESKTOP-OFJ6N53", "TimeCreated": "2022-10-05 14:37:05.055735+00:00", "RecordID": "229", "Level": "4", "UserID": "S-1-5-21-963789628-1060504924-4285088085-1001", "EventData.Session": "1"}
{"EventID": "5", "Channel": "Microsoft-Windows-User Profile Service/Operational", "Provider_Name": "Microsoft-Windows-User Profiles Service", "Computer": "DESKTOP-OFJ6N53", "TimeCreated": "2022-10-05 14:37:05.208946+00:00", "RecordID": "230", "Level": "4", "UserID": "S-1-5-18", "EventData.File": "C:\\Users\\sk.batsiev\\ntuser.dat", "EventData.Key": "S-1-5-21-963789628-1060504924-4285088085-1001"}
{"EventID": "5", "Channel": "Microsoft-Windows-User Profile Service/Operational", "Provider_Name": "Microsoft-Windows-User Profiles Service", "Computer": "DESKTOP-OFJ6N53", "TimeCreated": "2022-10-05 14:37:05.432859+00:00", "RecordID": "231", "Level": "4", "UserID": "S-1-5-18", "EventData.File": "C:\\Users\\sk.batsiev\\AppData\\Local\\Microsoft\\Windows\\\\UsrClass.dat", "EventData.Key": "S-1-5-21-963789628-1060504924-4285088085-1001_Classes"}
{"EventID": "67", "Channel": "Microsoft-Windows-User Profile Service/Operational", "Provider_Name": "Microsoft-Windows-User Profiles Service", "Computer": "DESKTOP-OFJ6N53", "TimeCreated": "2022-10-05 14:37:05.444843+00:00", "RecordID": "232", "Level": "4", "UserID": "S-1-5-18", "EventData.LogonType": "Regular", "EventData.LocalPath": "C:\\Users\\sk.batsiev", "EventData.ProfileType": "Regular"}
{"EventID": "2", "Channel": "Microsoft-Windows-User Profile Service/Operational", "Provider_Name": "Microsoft-Windows-User Profiles Service", "Computer": "DESKTOP-OFJ6N53", "TimeCreated": "2022-10-05 14:37:07.003035+00:00", "RecordID": "233", "Level": "4", "UserID": "S-1-5-21-963789628-1060504924-4285088085-1001", "EventData.Session": "1"}
{"EventID": "3", "Channel": "Microsoft-Windows-User Profile Service/Operational", "Provider_Name": "Microsoft-Windows-User Profiles Service", "Computer": "DESKTOP-OFJ6N53", "TimeCreated": "2022-10-06 08:19:52.859779+00:00", "RecordID": "234", "Level": "4", "UserID": "S-1-5-21-963789628-1060504924-4285088085-1001", "EventData.Session": "1"}
{"EventID": "4", "Channel": "Microsoft-Windows-User Profile Service/Operational", "Provider_Name": "Microsoft-Windows-User Profiles Service", "Computer": "DESKTOP-OFJ6N53", "TimeCreated": "2022-10-06 08:19:54.319881+00:00", "RecordID": "235", "Level": "4", "UserID": "S-1-5-21-963789628-1060504924-4285088085-1001", "EventData.Session": "1"}
{"EventID": "1", "Channel": "Microsoft-Windows-User Profile Service/Operational", "Provider_Name": "Microsoft-Windows-User Profiles Service", "Computer": "DESKTOP-OFJ6N53", "TimeCreated": "2022-10-06 08:21:02.892765+00:00", "RecordID": "236", "Level": "4", "UserID": "S-1-5-21-963789628-1060504924-4285088085-1001", "EventData.Session": "1"}
{"EventID": "5", "Channel": "Microsoft-Windows-User Profile Service/Operational", "Provider_Name": "Microsoft-Windows-User Profiles Service", "Computer": "DESKTOP-OFJ6N53", "TimeCreated": "2022-10-06 08:21:02.936823+00:00", "RecordID": "237", "Level": "4", "UserID": "S-1-5-18", "EventData.File": "C:\\Users\\sk.batsiev\\ntuser.dat", "EventData.Key": "S-1-5-21-963789628-1060504924-4285088085-1001"}
{"EventID": "5", "Channel": "Microsoft-Windows-User Profile Service/Operational", "Provider_Name": "Microsoft-Windows-User Profiles Service", "Computer": "DESKTOP-OFJ6N53", "TimeCreated": "2022-10-06 08:21:02.982924+00:00", "RecordID": "238", "Level": "4", "UserID": "S-1-5-18", "EventData.File": "C:\\Users\\sk.batsiev\\AppData\\Local\\Microsoft\\Windows\\\\UsrClass.dat", "EventData.Key": "S-1-5-21-963789628-1060504924-4285088085-1001_Classes"}
{"EventID": "67", "Channel": "Microsoft-Windows-User Profile Service/Operational", "Provider_Name": "Microsoft-Windows-User Profiles Service", "Computer": "DESKTOP-OFJ6N53", "TimeCreated": "2022-10-06 08:21:02.985142+00:00", "RecordID": "239", "Level": "4", "UserID": "S-1-5-18", "EventData.LogonType": "Regular", "EventData.LocalPath": "C:\\Users\\sk.batsiev", "EventData.ProfileType": "Regular"}
{"EventID": "2", "Channel": "Microsoft-Windows-User Profile Service/Operational", "Provider_Name": "Microsoft-Windows-User Profiles Service", "Computer": "DESKTOP-OFJ6N53", "TimeCreated": "2022-10-06 08:21:04.968628+00:00", "RecordID": "240", "Level": "4", "UserID": "S-1-5-21-963789628-1060504924-4285088085-1001", "EventData.Session": "1"}
{"EventID": "3", "Channel": "Microsoft-Windows-User Profile Service/Operational", "Provider_Name": "Microsoft-Windows-User Profiles Service", "Computer": "DESKTOP-OFJ6N53", "TimeCreated": "2022-10-06 09:15:34.663996+00:00", "RecordID": "241", "Level": "4", "UserID": "S-1-5-21-963789628-1060504924-4285088085-1001", "EventData.Session": "1"}
{"EventID": "4", "Channel": "Microsoft-Windows-User Profile Service/Operational", "Provider_Name": "Microsoft-Windows-User Profiles Service", "Computer": "DESKTOP-OFJ6N53", "TimeCreated": "2022-10-06 09:15:34.718204+00:00", "RecordID": "242", "Level": "4", "UserID": "S-1-5-21-963789628-1060504924-4285088085-1001", "EventData.Session": "1"}
{"EventID": "1", "Channel": "Microsoft-Windows-User Profile Service/Operational", "Provider_Name": "Microsoft-Windows-User Profiles Service", "Computer": "DESKTOP-OFJ6N53", "TimeCreated": "2022-10-06 09:16:01.823832+00:00", "RecordID": "243", "Level": "4", "UserID": "S-1-5-21-963789628-1060504924-4285088085-1001", "EventData.Session": "1"}
{"EventID": "5", "Channel": "Microsoft-Windows-User Profile Service/Operational", "Provider_Name": "Microsoft-Windows-User Profiles Service", "Computer": "DESKTOP-OFJ6N53", "TimeCreated": "2022-10-06 09:16:01.864252+00:00", "RecordID": "244", "Level": "4", "UserID": "S-1-5-18", "EventData.File": "C:\\Users\\sk.batsiev\\ntuser.dat", "EventData.Key": "S-1-5-21-963789628-1060504924-4285088085-1001"}
{"EventID": "5", "Channel": "Microsoft-Windows-User Profile Service/Operational", "Provider_Name": "Microsoft-Windows-User Profiles Service", "Computer": "DESKTOP-OFJ6N53", "TimeCreated": "2022-10-06 09:16:01.906485+00:00", "RecordID": "245", "Level": "4", "UserID": "S-1-5-18", "EventData.File": "C:\\Users\\sk.batsiev\\AppData\\Local\\Microsoft\\Windows\\\\UsrClass.dat", "EventData.Key": "S-1-5-21-963789628-1060504924-4285088085-1001_Classes"}
{"EventID": "67", "Channel": "Microsoft-Windows-User Profile Service/Operational", "Provider_Name": "Microsoft-Windows-User Profiles Service", "Computer": "DESKTOP-OFJ6N53", "TimeCreated": "2022-10-06 09:16:01.909834+00:00", "RecordID": "246", "Level": "4", "UserID": "S-1-5-18", "EventData.LogonType": "Regular", "EventData.LocalPath": "C:\\Users\\sk.batsiev", "EventData.ProfileType": "Regular"}
{"EventID": "2", "Channel": "Microsoft-Windows-User Profile Service/Operational", "Provider_Name": "Microsoft-Windows-User Profiles Service", "Computer": "DESKTOP-OFJ6N53", "TimeCreated": "2022-10-06 09:16:03.725155+00:00", "RecordID": "247", "Level": "4", "UserID": "S-1-5-21-963789628-1060504924-4285088085-1001", "EventData.Session": "1"}
{"EventID": "3", "Channel": "Microsoft-Windows-User Profile Service/Operational", "Provider_Name": "Microsoft-Windows-User Profiles Service", "Computer": "DESKTOP-OFJ6N53", "TimeCreated": "2022-10-11 22:41:13.827436+00:00", "RecordID": "248", "Level": "4", "UserID": "S-1-5-21-963789628-1060504924-4285088085-1001", "EventData.Session": "1"}
{"EventID": "4", "Channel": "Microsoft-Windows-User Profile Service/Operational", "Provider_Name": "Microsoft-Windows-User Profiles Service", "Computer": "DESKTOP-OFJ6N53", "TimeCreated": "2022-10-11 22:41:13.965427+00:00", "RecordID": "249", "Level": "4", "UserID": "S-1-5-21-963789628-1060504924-4285088085-1001", "EventData.Session": "1"}
{"EventID": "1", "Channel": "Microsoft-Windows-User Profile Service/Operational", "Provider_Name": "Microsoft-Windows-User Profiles Service", "Computer": "DESKTOP-OFJ6N53", "TimeCreated": "2022-10-11 22:43:44.443335+00:00", "RecordID": "250", "Level": "4", "UserID": "S-1-5-21-963789628-1060504924-4285088085-1001", "EventData.Session": "1"}
{"EventID": "5", "Channel": "Microsoft-Windows-User Profile Service/Operational", "Provider_Name": "Microsoft-Windows-User Profiles Service", "Computer": "DESKTOP-OFJ6N53", "TimeCreated": "2022-10-11 22:43:44.508204+00:00", "RecordID": "251", "Level": "4", "UserID": "S-1-5-18", "EventData.File": "C:\\Users\\sk.batsiev\\ntuser.dat", "EventData.Key": "S-1-5-21-963789628-1060504924-4285088085-1001"}
{"EventID": "5", "Channel": "Microsoft-Windows-User Profile Service/Operational", "Provider_Name": "Microsoft-Windows-User Profiles Service", "Computer": "DESKTOP-OFJ6N53", "TimeCreated": "2022-10-11 22:43:44.596603+00:00", "RecordID": "252", "Level": "4", "UserID": "S-1-5-18", "EventData.File": "C:\\Users\\sk.batsiev\\AppData\\Local\\Microsoft\\Windows\\\\UsrClass.dat", "EventData.Key": "S-1-5-21-963789628-1060504924-4285088085-1001_Classes"}
{"EventID": "67", "Channel": "Microsoft-Windows-User Profile Service/Operational", "Provider_Name": "Microsoft-Windows-User Profiles Service", "Computer": "DESKTOP-OFJ6N53", "TimeCreated": "2022-10-11 22:43:44.599651+00:00", "RecordID": "253", "Level": "4", "UserID": "S-1-5-18", "EventData.LogonType": "Regular", "EventData.LocalPath": "C:\\Users\\sk.batsiev", "EventData.ProfileType": "Regular"}
{"EventID": "2", "Channel": "Microsoft-Windows-User Profile Service/Operational", "Provider_Name": "Microsoft-Windows-User Profiles Service", "Computer": "DESKTOP-OFJ6N53", "TimeCreated": "2022-10-11 22:43:45.003155+00:00", "RecordID": "254", "Level": "4", "UserID": "S-1-5-21-963789628-1060504924-4285088085-1001", "EventData.Session": "1"}
{"EventID": "3", "Channel": "Microsoft-Windows-User Profile Service/Operational", "Provider_Name": "Microsoft-Windows-User Profiles Service", "Computer": "DESKTOP-OFJ6N53", "TimeCreated": "2022-10-17 12:08:32.633043+00:00", "RecordID": "255", "Level": "4", "UserID": "S-1-5-21-963789628-1060504924-4285088085-1001", "EventData.Session": "1"}
{"EventID": "4", "Channel": "Microsoft-Windows-User Profile Service/Operational", "Provider_Name": "Microsoft-Windows-User Profiles Service", "Computer": "DESKTOP-OFJ6N53", "TimeCreated": "2022-10-17 12:08:32.839128+00:00", "RecordID": "256", "Level": "4", "UserID": "S-1-5-21-963789628-1060504924-4285088085-1001", "EventData.Session": "1"}
{"EventID": "1", "Channel": "Microsoft-Windows-User Profile Service/Operational", "Provider_Name": "Microsoft-Windows-User Profiles Service", "Computer": "DESKTOP-OFJ6N53", "TimeCreated": "2022-10-17 12:09:26.624016+00:00", "RecordID": "257", "Level": "4", "UserID": "S-1-5-21-963789628-1060504924-4285088085-1001", "EventData.Session": "1"}
{"EventID": "5", "Channel": "Microsoft-Windows-User Profile Service/Operational", "Provider_Name": "Microsoft-Windows-User Profiles Service", "Computer": "DESKTOP-OFJ6N53", "TimeCreated": "2022-10-17 12:09:26.671175+00:00", "RecordID": "258", "Level": "4", "UserID": "S-1-5-18", "EventData.File": "C:\\Users\\sk.batsiev\\ntuser.dat", "EventData.Key": "S-1-5-21-963789628-1060504924-4285088085-1001"}
{"EventID": "5", "Channel": "Microsoft-Windows-User Profile Service/Operational", "Provider_Name": "Microsoft-Windows-User Profiles Service", "Computer": "DESKTOP-OFJ6N53", "TimeCreated": "2022-10-17 12:09:26.720451+00:00", "RecordID": "259", "Level": "4", "UserID": "S-1-5-18", "EventData.File": "C:\\Users\\sk.batsiev\\AppData\\Local\\Microsoft\\Windows\\\\UsrClass.dat", "EventData.Key": "S-1-5-21-963789628-1060504924-4285088085-1001_Classes"}
{"EventID": "67", "Channel": "Microsoft-Windows-User Profile Service/Operational", "Provider_Name": "Microsoft-Windows-User Profiles Service", "Computer": "DESKTOP-OFJ6N53", "TimeCreated": "2022-10-17 12:09:26.722908+00:00", "RecordID": "260", "Level": "4", "UserID": "S-1-5-18", "EventData.LogonType": "Regular", "EventData.LocalPath": "C:\\Users\\sk.batsiev", "EventData.ProfileType": "Regular"}
{"EventID": "2", "Channel": "Microsoft-Windows-User Profile Service/Operational", "Provider_Name": "Microsoft-Windows-User Profiles Service", "Computer": "DESKTOP-OFJ6N53", "TimeCreated": "2022-10-17 12:09:28.733311+00:00", "RecordID": "261", "Level": "4", "UserID": "S-1-5-21-963789628-1060504924-4285088085-1001", "EventData.Session": "1"}
{"EventID": "3", "Channel": "Microsoft-Windows-User Profile Service/Operational", "Provider_Name": "Microsoft-Windows-User Profiles Service", "Computer": "DESKTOP-OFJ6N53", "TimeCreated": "2022-10-19 13:46:58.082712+00:00", "RecordID": "262", "Level": "4", "UserID": "S-1-5-21-963789628-1060504924-4285088085-1001", "EventData.Session": "1"}
{"EventID": "4", "Channel": "Microsoft-Windows-User Profile Service/Operational", "Provider_Name": "Microsoft-Windows-User Profiles Service", "Computer": "DESKTOP-OFJ6N53", "TimeCreated": "2022-10-19 13:46:58.525917+00:00", "RecordID": "263", "Level": "4", "UserID": "S-1-5-21-963789628-1060504924-4285088085-1001", "EventData.Session": "1"}
{"EventID": "1", "Channel": "Microsoft-Windows-User Profile Service/Operational", "Provider_Name": "Microsoft-Windows-User Profiles Service", "Computer": "DESKTOP-OFJ6N53", "TimeCreated": "2022-10-19 13:48:07.343386+00:00", "RecordID": "264", "Level": "4", "UserID": "S-1-5-21-963789628-1060504924-4285088085-1001", "EventData.Session": "1"}
{"EventID": "5", "Channel": "Microsoft-Windows-User Profile Service/Operational", "Provider_Name": "Microsoft-Windows-User Profiles Service", "Computer": "DESKTOP-OFJ6N53", "TimeCreated": "2022-10-19 13:48:07.418318+00:00", "RecordID": "265", "Level": "4", "UserID": "S-1-5-18", "EventData.File": "C:\\Users\\sk.batsiev\\ntuser.dat", "EventData.Key": "S-1-5-21-963789628-1060504924-4285088085-1001"}
{"EventID": "5", "Channel": "Microsoft-Windows-User Profile Service/Operational", "Provider_Name": "Microsoft-Windows-User Profiles Service", "Computer": "DESKTOP-OFJ6N53", "TimeCreated": "2022-10-19 13:48:07.478437+00:00", "RecordID": "266", "Level": "4", "UserID": "S-1-5-18", "EventData.File": "C:\\Users\\sk.batsiev\\AppData\\Local\\Microsoft\\Windows\\\\UsrClass.dat", "EventData.Key": "S-1-5-21-963789628-1060504924-4285088085-1001_Classes"}
{"EventID": "67", "Channel": "Microsoft-Windows-User Profile Service/Operational", "Provider_Name": "Microsoft-Windows-User Profiles Service", "Computer": "DESKTOP-OFJ6N53", "TimeCreated": "2022-10-19 13:48:07.481447+00:00", "RecordID": "267", "Level": "4", "UserID": "S-1-5-18", "EventData.LogonType": "Regular", "EventData.LocalPath": "C:\\Users\\sk.batsiev", "EventData.ProfileType": "Regular"}
{"EventID": "2", "Channel": "Microsoft-Windows-User Profile Service/Operational", "Provider_Name": "Microsoft-Windows-User Profiles Service", "Computer": "DESKTOP-OFJ6N53", "TimeCreated": "2022-10-19 13:48:09.607145+00:00", "RecordID": "268", "Level": "4", "UserID": "S-1-5-21-963789628-1060504924-4285088085-1001", "EventData.Session": "1"}
{"EventID": "3", "Channel": "Microsoft-Windows-User Profile Service/Operational", "Provider_Name": "Microsoft-Windows-User Profiles Service", "Computer": "DESKTOP-OFJ6N53", "TimeCreated": "2022-10-27 11:46:52.841270+00:00", "RecordID": "269", "Level": "4", "UserID": "S-1-5-21-963789628-1060504924-4285088085-1001", "EventData.Session": "1"}
{"EventID": "4", "Channel": "Microsoft-Windows-User Profile Service/Operational", "Provider_Name": "Microsoft-Windows-User Profiles Service", "Computer": "DESKTOP-OFJ6N53", "TimeCreated": "2022-10-27 11:46:53.098557+00:00", "RecordID": "270", "Level": "4", "UserID": "S-1-5-21-963789628-1060504924-4285088085-1001", "EventData.Session": "1"}
{"EventID": "1", "Channel": "Microsoft-Windows-User Profile Service/Operational", "Provider_Name": "Microsoft-Windows-User Profiles Service", "Computer": "DESKTOP-OFJ6N53", "TimeCreated": "2022-10-27 11:48:25.628582+00:00", "RecordID": "271", "Level": "4", "UserID": "S-1-5-21-963789628-1060504924-4285088085-1001", "EventData.Session": "1"}
{"EventID": "5", "Channel": "Microsoft-Windows-User Profile Service/Operational", "Provider_Name": "Microsoft-Windows-User Profiles Service", "Computer": "DESKTOP-OFJ6N53", "TimeCreated": "2022-10-27 11:48:25.678452+00:00", "RecordID": "272", "Level": "4", "UserID": "S-1-5-18", "EventData.File": "C:\\Users\\sk.batsiev\\ntuser.dat", "EventData.Key": "S-1-5-21-963789628-1060504924-4285088085-1001"}
{"EventID": "5", "Channel": "Microsoft-Windows-User Profile Service/Operational", "Provider_Name": "Microsoft-Windows-User Profiles Service", "Computer": "DESKTOP-OFJ6N53", "TimeCreated": "2022-10-27 11:48:25.729977+00:00", "RecordID": "273", "Level": "4", "UserID": "S-1-5-18", "EventData.File": "C:\\Users\\sk.batsiev\\AppData\\Local\\Microsoft\\Windows\\\\UsrClass.dat", "EventData.Key": "S-1-5-21-963789628-1060504924-4285088085-1001_Classes"}
