{"EventID": "1011", "Channel": "Microsoft-Windows-SMBServer/Operational", "Provider_Name": "Microsoft-Windows-SMBServer", "Computer": "DESKTOP-OFJ6N53", "TimeCreated": "2023-04-17 22:42:49.436131+00:00", "RecordID": "3078", "Level": "4", "UserID": "S-1-5-18"}
{"EventID": "1010", "Channel": "Microsoft-Windows-SMBServer/Operational", "Provider_Name": "Microsoft-Windows-SMBServer", "Computer": "DESKTOP-OFJ6N53", "TimeCreated": "2023-04-17 22:43:00.306913+00:00", "RecordID": "3079", "Level": "4", "UserID": "S-1-5-18"}
{"EventID": "1011", "Channel": "Microsoft-Windows-SMBServer/Operational", "Provider_Name": "Microsoft-Windows-SMBServer", "Computer": "DESKTOP-OFJ6N53", "TimeCreated": "2023-04-17 22:45:45.106739+00:00", "RecordID": "3080", "Level": "4", "UserID": "S-1-5-18"}
{"EventID": "1010", "Channel": "Microsoft-Windows-SMBServer/Operational", "Provider_Name": "Microsoft-Windows-SMBServer", "Computer": "DESKTOP-OFJ6N53", "TimeCreated": "2023-04-17 22:45:56.291246+00:00", "RecordID": "3081", "Level": "4", "UserID": "S-1-5-18"}
{"EventID": "1011", "Channel": "Microsoft-Windows-SMBServer/Operational", "Provider_Name": "Microsoft-Windows-SMBServer", "Computer": "DESKTOP-OFJ6N53", "TimeCreated": "2023-04-17 22:48:35.731773+00:00", "RecordID": "3082", "Level": "4", "UserID": "S-1-5-18"}
{"EventID": "1010", "Channel": "Microsoft-Windows-SMBServer/Operational", "Provider_Name": "Microsoft-Windows-SMBServer", "Computer": "DESKTOP-OFJ6N53", "TimeCreated": "2023-04-17 22:48:42.806883+00:00", "RecordID": "3083", "Level": "4", "UserID": "S-1-5-18"}
{"EventID": "1011", "Channel": "Microsoft-Windows-SMBServer/Operational", "Provider_Name": "Microsoft-Windows-SMBServer", "Computer": "DESKTOP-OFJ6N53", "TimeCreated": "2023-04-17 22:51:27.334013+00:00", "RecordID": "3084", "Level": "4", "UserID": "S-1-5-18"}
{"EventID": "1010", "Channel": "Microsoft-Windows-SMBServer/Operational", "Provider_Name": "Microsoft-Windows-SMBServer", "Computer": "DESKTOP-OFJ6N53", "TimeCreated": "2023-04-17 22:51:38.775660+00:00", "RecordID": "3085", "Level": "4", "UserID": "S-1-5-18"}
{"EventID": "1011", "Channel": "Microsoft-Windows-SMBServer/Operational", "Provider_Name": "Microsoft-Windows-SMBServer", "Computer": "DESKTOP-OFJ6N53", "TimeCreated": "2023-04-17 22:54:16.898655+00:00", "RecordID": "3086", "Level": "4", "UserID": "S-1-5-18"}
{"EventID": "1010", "Channel": "Microsoft-Windows-SMBServer/Operational", "Provider_Name": "Microsoft-Windows-SMBServer", "Computer": "DESKTOP-OFJ6N53", "TimeCreated": "2023-04-17 22:54:23.760258+00:00", "RecordID": "3087", "Level": "4", "UserID": "S-1-5-18"}
{"EventID": "1011", "Channel": "Microsoft-Windows-SMBServer/Operational", "Provider_Name": "Microsoft-Windows-SMBServer", "Computer": "DESKTOP-OFJ6N53", "TimeCreated": "2023-04-17 22:57:07.495226+00:00", "RecordID": "3088", "Level": "4", "UserID": "S-1-5-18"}
{"EventID": "1010", "Channel": "Microsoft-Windows-SMBServer/Operational", "Provider_Name": "Microsoft-Windows-SMBServer", "Computer": "DESKTOP-OFJ6N53", "TimeCreated": "2023-04-17 22:57:14.275795+00:00", "RecordID": "3089", "Level": "4", "UserID": "S-1-5-18"}
{"EventID": "1011", "Channel": "Microsoft-Windows-SMBServer/Operational", "Provider_Name": "Microsoft-Windows-SMBServer", "Computer": "DESKTOP-OFJ6N53", "TimeCreated": "2023-04-17 22:59:58.163067+00:00", "RecordID": "3090", "Level": "4", "UserID": "S-1-5-18"}
{"EventID": "1010", "Channel": "Microsoft-Windows-SMBServer/Operational", "Provider_Name": "Microsoft-Windows-SMBServer", "Computer": "DESKTOP-OFJ6N53", "TimeCreated": "2023-04-17 23:00:09.291384+00:00", "RecordID": "3091", "Level": "4", "UserID": "S-1-5-18"}
{"EventID": "1011", "Channel": "Microsoft-Windows-SMBServer/Operational", "Provider_Name": "Microsoft-Windows-SMBServer", "Computer": "DESKTOP-OFJ6N53", "TimeCreated": "2023-04-17 23:02:48.770077+00:00", "RecordID": "3092", "Level": "4", "UserID": "S-1-5-18"}
{"EventID": "1010", "Channel": "Microsoft-Windows-SMBServer/Operational", "Provider_Name": "Microsoft-Windows-SMBServer", "Computer": "DESKTOP-OFJ6N53", "TimeCreated": "2023-04-17 23:02:55.791363+00:00", "RecordID": "3093", "Level": "4", "UserID": "S-1-5-18"}
{"EventID": "1011", "Channel": "Microsoft-Windows-SMBServer/Operational", "Provider_Name": "Microsoft-Windows-SMBServer", "Computer": "DESKTOP-OFJ6N53", "TimeCreated": "2023-04-17 23:05:45.489294+00:00", "RecordID": "3094", "Level": "4", "UserID": "S-1-5-18"}
{"EventID": "1010", "Channel": "Microsoft-Windows-SMBServer/Operational", "Provider_Name": "Microsoft-Windows-SMBServer", "Computer": "DESKTOP-OFJ6N53", "TimeCreated": "2023-04-17 23:05:56.291288+00:00", "RecordID": "3095", "Level": "4", "UserID": "S-1-5-18"}
{"EventID": "1011", "Channel": "Microsoft-Windows-SMBServer/Operational", "Provider_Name": "Microsoft-Windows-SMBServer", "Computer": "DESKTOP-OFJ6N53", "TimeCreated": "2023-04-17 23:08:41.161411+00:00", "RecordID": "3096", "Level": "4", "UserID": "S-1-5-18"}
{"EventID": "1010", "Channel": "Microsoft-Windows-SMBServer/Operational", "Provider_Name": "Microsoft-Windows-SMBServer", "Computer": "DESKTOP-OFJ6N53", "TimeCreated": "2023-04-17 23:08:52.291317+00:00", "RecordID": "3097", "Level": "4", "UserID": "S-1-5-18"}
{"EventID": "1011", "Channel": "Microsoft-Windows-SMBServer/Operational", "Provider_Name": "Microsoft-Windows-SMBServer", "Computer": "DESKTOP-OFJ6N53", "TimeCreated": "2023-04-17 23:11:40.926306+00:00", "RecordID": "3098", "Level": "4", "UserID": "S-1-5-18"}
{"EventID": "1010", "Channel": "Microsoft-Windows-SMBServer/Operational", "Provider_Name": "Microsoft-Windows-SMBServer", "Computer": "DESKTOP-OFJ6N53", "TimeCreated": "2023-04-17 23:11:47.744495+00:00", "RecordID": "3099", "Level": "4", "UserID": "S-1-5-18"}
{"EventID": "1011", "Channel": "Microsoft-Windows-SMBServer/Operational", "Provider_Name": "Microsoft-Windows-SMBServer", "Computer": "DESKTOP-OFJ6N53", "TimeCreated": "2023-04-17 23:14:31.546009+00:00", "RecordID": "3100", "Level": "4", "UserID": "S-1-5-18"}
{"EventID": "1010", "Channel": "Microsoft-Windows-SMBServer/Operational", "Provider_Name": "Microsoft-Windows-SMBServer", "Computer": "DESKTOP-OFJ6N53", "TimeCreated": "2023-04-17 23:14:38.775667+00:00", "RecordID": "3101", "Level": "4", "UserID": "S-1-5-18"}
{"EventID": "1011", "Channel": "Microsoft-Windows-SMBServer/Operational", "Provider_Name": "Microsoft-Windows-SMBServer", "Computer": "DESKTOP-OFJ6N53", "TimeCreated": "2023-04-17 23:17:18.078918+00:00", "RecordID": "3102", "Level": "4", "UserID": "S-1-5-18"}
{"EventID": "1010", "Channel": "Microsoft-Windows-SMBServer/Operational", "Provider_Name": "Microsoft-Windows-SMBServer", "Computer": "DESKTOP-OFJ6N53", "TimeCreated": "2023-04-17 23:17:29.260031+00:00", "RecordID": "3103", "Level": "4", "UserID": "S-1-5-18"}
{"EventID": "1011", "Channel": "Microsoft-Windows-SMBServer/Operational", "Provider_Name": "Microsoft-Windows-SMBServer", "Computer": "DESKTOP-OFJ6N53", "TimeCreated": "2023-04-17 23:20:16.551983+00:00", "RecordID": "3104", "Level": "4", "UserID": "S-1-5-18"}
{"EventID": "1010", "Channel": "Microsoft-Windows-SMBServer/Operational", "Provider_Name": "Microsoft-Windows-SMBServer", "Computer": "DESKTOP-OFJ6N53", "TimeCreated": "2023-04-17 23:20:27.291468+00:00", "RecordID": "3105", "Level": "4", "UserID": "S-1-5-18"}
{"EventID": "1011", "Channel": "Microsoft-Windows-SMBServer/Operational", "Provider_Name": "Microsoft-Windows-SMBServer", "Computer": "DESKTOP-OFJ6N53", "TimeCreated": "2023-04-17 23:23:07.949694+00:00", "RecordID": "3106", "Level": "4", "UserID": "S-1-5-18"}
{"EventID": "1010", "Channel": "Microsoft-Windows-SMBServer/Operational", "Provider_Name": "Microsoft-Windows-SMBServer", "Computer": "DESKTOP-OFJ6N53", "TimeCreated": "2023-04-17 23:23:18.260199+00:00", "RecordID": "3107", "Level": "4", "UserID": "S-1-5-18"}
{"EventID": "1011", "Channel": "Microsoft-Windows-SMBServer/Operational", "Provider_Name": "Microsoft-Windows-SMBServer", "Computer": "DESKTOP-OFJ6N53", "TimeCreated": "2023-04-17 23:25:58.668209+00:00", "RecordID": "3108", "Level": "4", "UserID": "S-1-5-18"}
{"EventID": "1010", "Channel": "Microsoft-Windows-SMBServer/Operational", "Provider_Name": "Microsoft-Windows-SMBServer", "Computer": "DESKTOP-OFJ6N53", "TimeCreated": "2023-04-17 23:26:05.775805+00:00", "RecordID": "3109", "Level": "4", "UserID": "S-1-5-18"}
{"EventID": "1011", "Channel": "Microsoft-Windows-SMBServer/Operational", "Provider_Name": "Microsoft-Windows-SMBServer", "Computer": "DESKTOP-OFJ6N53", "TimeCreated": "2023-04-17 23:28:55.339256+00:00", "RecordID": "3110", "Level": "4", "UserID": "S-1-5-18"}
{"EventID": "1010", "Channel": "Microsoft-Windows-SMBServer/Operational", "Provider_Name": "Microsoft-Windows-SMBServer", "Computer": "DESKTOP-OFJ6N53", "TimeCreated": "2023-04-17 23:29:06.275728+00:00", "RecordID": "3111", "Level": "4", "UserID": "S-1-5-18"}
{"EventID": "1011", "Channel": "Microsoft-Windows-SMBServer/Operational", "Provider_Name": "Microsoft-Windows-SMBServer", "Computer": "DESKTOP-OFJ6N53", "TimeCreated": "2023-04-17 23:31:56.096584+00:00", "RecordID": "3112", "Level": "4", "UserID": "S-1-5-18"}
{"EventID": "1010", "Channel": "Microsoft-Windows-SMBServer/Operational", "Provider_Name": "Microsoft-Windows-SMBServer", "Computer": "DESKTOP-OFJ6N53", "TimeCreated": "2023-04-17 23:32:07.260292+00:00", "RecordID": "3113", "Level": "4", "UserID": "S-1-5-18"}
{"EventID": "1011", "Channel": "Microsoft-Windows-SMBServer/Operational", "Provider_Name": "Microsoft-Windows-SMBServer", "Computer": "DESKTOP-OFJ6N53", "TimeCreated": "2023-04-17 23:34:46.724888+00:00", "RecordID": "3114", "Level": "4", "UserID": "S-1-5-18"}
{"EventID": "1010", "Channel": "Microsoft-Windows-SMBServer/Operational", "Provider_Name": "Microsoft-Windows-SMBServer", "Computer": "DESKTOP-OFJ6N53", "TimeCreated": "2023-04-17 23:34:53.775736+00:00", "RecordID": "3115", "Level": "4", "UserID": "S-1-5-18"}
{"EventID": "1011", "Channel": "Microsoft-Windows-SMBServer/Operational", "Provider_Name": "Microsoft-Windows-SMBServer", "Computer": "DESKTOP-OFJ6N53", "TimeCreated": "2023-04-17 23:37:42.407598+00:00", "RecordID": "3116", "Level": "4", "UserID": "S-1-5-18"}
{"EventID": "1010", "Channel": "Microsoft-Windows-SMBServer/Operational", "Provider_Name": "Microsoft-Windows-SMBServer", "Computer": "DESKTOP-OFJ6N53", "TimeCreated": "2023-04-17 23:37:53.275743+00:00", "RecordID": "3117", "Level": "4", "UserID": "S-1-5-18"}
{"EventID": "1011", "Channel": "Microsoft-Windows-SMBServer/Operational", "Provider_Name": "Microsoft-Windows-SMBServer", "Computer": "DESKTOP-OFJ6N53", "TimeCreated": "2023-04-17 23:40:38.186951+00:00", "RecordID": "3118", "Level": "4", "UserID": "S-1-5-18"}
{"EventID": "1010", "Channel": "Microsoft-Windows-SMBServer/Operational", "Provider_Name": "Microsoft-Windows-SMBServer", "Computer": "DESKTOP-OFJ6N53", "TimeCreated": "2023-04-17 23:40:49.260485+00:00", "RecordID": "3119", "Level": "4", "UserID": "S-1-5-18"}
{"EventID": "1011", "Channel": "Microsoft-Windows-SMBServer/Operational", "Provider_Name": "Microsoft-Windows-SMBServer", "Computer": "DESKTOP-OFJ6N53", "TimeCreated": "2023-04-17 23:43:28.716078+00:00", "RecordID": "3120", "Level": "4", "UserID": "S-1-5-18"}
{"EventID": "1010", "Channel": "Microsoft-Windows-SMBServer/Operational", "Provider_Name": "Microsoft-Windows-SMBServer", "Computer": "DESKTOP-OFJ6N53", "TimeCreated": "2023-04-17 23:43:35.760105+00:00", "RecordID": "3121", "Level": "4", "UserID": "S-1-5-18"}
{"EventID": "1011", "Channel": "Microsoft-Windows-SMBServer/Operational", "Provider_Name": "Microsoft-Windows-SMBServer", "Computer": "DESKTOP-OFJ6N53", "TimeCreated": "2023-04-17 23:46:24.401543+00:00", "RecordID": "3122", "Level": "4", "UserID": "S-1-5-18"}
{"EventID": "1010", "Channel": "Microsoft-Windows-SMBServer/Operational", "Provider_Name": "Microsoft-Windows-SMBServer", "Computer": "DESKTOP-OFJ6N53", "TimeCreated": "2023-04-17 23:46:35.307020+00:00", "RecordID": "3123", "Level": "4", "UserID": "S-1-5-18"}
{"EventID": "1011", "Channel": "Microsoft-Windows-SMBServer/Operational", "Provider_Name": "Microsoft-Windows-SMBServer", "Computer": "DESKTOP-OFJ6N53", "TimeCreated": "2023-04-17 23:49:09.935534+00:00", "RecordID": "3124", "Level": "4", "UserID": "S-1-5-18"}
{"EventID": "1010", "Channel": "Microsoft-Windows-SMBServer/Operational", "Provider_Name": "Microsoft-Windows-SMBServer", "Computer": "DESKTOP-OFJ6N53", "TimeCreated": "2023-04-17 23:49:16.760120+00:00", "RecordID": "3125", "Level": "4", "UserID": "S-1-5-18"}
{"EventID": "1011", "Channel": "Microsoft-Windows-SMBServer/Operational", "Provider_Name": "Microsoft-Windows-SMBServer", "Computer": "DESKTOP-OFJ6N53", "TimeCreated": "2023-04-17 23:52:11.405165+00:00", "RecordID": "3126", "Level": "4", "UserID": "S-1-5-18"}
{"EventID": "1010", "Channel": "Microsoft-Windows-SMBServer/Operational", "Provider_Name": "Microsoft-Windows-SMBServer", "Computer": "DESKTOP-OFJ6N53", "TimeCreated": "2023-04-17 23:52:23.979094+00:00", "RecordID": "3127", "Level": "4", "UserID": "S-1-5-18"}
{"EventID": "1011", "Channel": "Microsoft-Windows-SMBServer/Operational", "Provider_Name": "Microsoft-Windows-SMBServer", "Computer": "DESKTOP-OFJ6N53", "TimeCreated": "2023-04-17 23:55:08.080111+00:00", "RecordID": "3128", "Level": "4", "UserID": "S-1-5-18"}
{"EventID": "1010", "Channel": "Microsoft-Windows-SMBServer/Operational", "Provider_Name": "Microsoft-Windows-SMBServer", "Computer": "DESKTOP-OFJ6N53", "TimeCreated": "2023-04-17 23:55:18.791586+00:00", "RecordID": "3129", "Level": "4", "UserID": "S-1-5-18"}
{"EventID": "1011", "Channel": "Microsoft-Windows-SMBServer/Operational", "Provider_Name": "Microsoft-Windows-SMBServer", "Computer": "DESKTOP-OFJ6N53", "TimeCreated": "2023-04-17 23:57:53.613096+00:00", "RecordID": "3130", "Level": "4", "UserID": "S-1-5-18"}
{"EventID": "1010", "Channel": "Microsoft-Windows-SMBServer/Operational", "Provider_Name": "Microsoft-Windows-SMBServer", "Computer": "DESKTOP-OFJ6N53", "TimeCreated": "2023-04-17 23:58:04.775898+00:00", "RecordID": "3131", "Level": "4", "UserID": "S-1-5-18"}
{"EventID": "1011", "Channel": "Microsoft-Windows-SMBServer/Operational", "Provider_Name": "Microsoft-Windows-SMBServer", "Computer": "DESKTOP-OFJ6N53", "TimeCreated": "2023-04-18 00:00:45.276196+00:00", "RecordID": "3132", "Level": "4", "UserID": "S-1-5-18"}
{"EventID": "1010", "Channel": "Microsoft-Windows-SMBServer/Operational", "Provider_Name": "Microsoft-Windows-SMBServer", "Computer": "DESKTOP-OFJ6N53", "TimeCreated": "2023-04-18 00:00:55.760326+00:00", "RecordID": "3133", "Level": "4", "UserID": "S-1-5-18"}
{"EventID": "1011", "Channel": "Microsoft-Windows-SMBServer/Operational", "Provider_Name": "Microsoft-Windows-SMBServer", "Computer": "DESKTOP-OFJ6N53", "TimeCreated": "2023-04-18 00:03:36.713566+00:00", "RecordID": "3134", "Level": "4", "UserID": "S-1-5-18"}
{"EventID": "1010", "Channel": "Microsoft-Windows-SMBServer/Operational", "Provider_Name": "Microsoft-Windows-SMBServer", "Computer": "DESKTOP-OFJ6N53", "TimeCreated": "2023-04-18 00:03:49.307308+00:00", "RecordID": "3135", "Level": "4", "UserID": "S-1-5-18"}
{"EventID": "1011", "Channel": "Microsoft-Windows-SMBServer/Operational", "Provider_Name": "Microsoft-Windows-SMBServer", "Computer": "DESKTOP-OFJ6N53", "TimeCreated": "2023-04-18 00:06:24.331064+00:00", "RecordID": "3136", "Level": "4", "UserID": "S-1-5-18"}
{"EventID": "1010", "Channel": "Microsoft-Windows-SMBServer/Operational", "Provider_Name": "Microsoft-Windows-SMBServer", "Computer": "DESKTOP-OFJ6N53", "TimeCreated": "2023-04-18 00:06:35.276058+00:00", "RecordID": "3137", "Level": "4", "UserID": "S-1-5-18"}
{"EventID": "1011", "Channel": "Microsoft-Windows-SMBServer/Operational", "Provider_Name": "Microsoft-Windows-SMBServer", "Computer": "DESKTOP-OFJ6N53", "TimeCreated": "2023-04-18 00:09:25.022188+00:00", "RecordID": "3138", "Level": "4", "UserID": "S-1-5-18"}
{"EventID": "1010", "Channel": "Microsoft-Windows-SMBServer/Operational", "Provider_Name": "Microsoft-Windows-SMBServer", "Computer": "DESKTOP-OFJ6N53", "TimeCreated": "2023-04-18 00:09:31.792049+00:00", "RecordID": "3139", "Level": "4", "UserID": "S-1-5-18"}
{"EventID": "1011", "Channel": "Microsoft-Windows-SMBServer/Operational", "Provider_Name": "Microsoft-Windows-SMBServer", "Computer": "DESKTOP-OFJ6N53", "TimeCreated": "2023-04-18 00:12:20.694603+00:00", "RecordID": "3140", "Level": "4", "UserID": "S-1-5-18"}
{"EventID": "1010", "Channel": "Microsoft-Windows-SMBServer/Operational", "Provider_Name": "Microsoft-Windows-SMBServer", "Computer": "DESKTOP-OFJ6N53", "TimeCreated": "2023-04-18 00:12:27.792231+00:00", "RecordID": "3141", "Level": "4", "UserID": "S-1-5-18"}
{"EventID": "1011", "Channel": "Microsoft-Windows-SMBServer/Operational", "Provider_Name": "Microsoft-Windows-SMBServer", "Computer": "DESKTOP-OFJ6N53", "TimeCreated": "2023-04-18 00:15:17.397961+00:00", "RecordID": "3142", "Level": "4", "UserID": "S-1-5-18"}
{"EventID": "1010", "Channel": "Microsoft-Windows-SMBServer/Operational", "Provider_Name": "Microsoft-Windows-SMBServer", "Computer": "DESKTOP-OFJ6N53", "TimeCreated": "2023-04-18 00:15:28.292206+00:00", "RecordID": "3143", "Level": "4", "UserID": "S-1-5-18"}
{"EventID": "1011", "Channel": "Microsoft-Windows-SMBServer/Operational", "Provider_Name": "Microsoft-Windows-SMBServer", "Computer": "DESKTOP-OFJ6N53", "TimeCreated": "2023-04-18 00:18:06.962004+00:00", "RecordID": "3144", "Level": "4", "UserID": "S-1-5-18"}
{"EventID": "1010", "Channel": "Microsoft-Windows-SMBServer/Operational", "Provider_Name": "Microsoft-Windows-SMBServer", "Computer": "DESKTOP-OFJ6N53", "TimeCreated": "2023-04-18 00:18:15.108435+00:00", "RecordID": "3145", "Level": "4", "UserID": "S-1-5-18"}
{"EventID": "1011", "Channel": "Microsoft-Windows-SMBServer/Operational", "Provider_Name": "Microsoft-Windows-SMBServer", "Computer": "DESKTOP-OFJ6N53", "TimeCreated": "2023-04-18 00:20:59.292149+00:00", "RecordID": "3146", "Level": "4", "UserID": "S-1-5-18"}
{"EventID": "1010", "Channel": "Microsoft-Windows-SMBServer/Operational", "Provider_Name": "Microsoft-Windows-SMBServer", "Computer": "DESKTOP-OFJ6N53", "TimeCreated": "2023-04-18 00:21:09.778458+00:00", "RecordID": "3147", "Level": "4", "UserID": "S-1-5-18"}
{"EventID": "1011", "Channel": "Microsoft-Windows-SMBServer/Operational", "Provider_Name": "Microsoft-Windows-SMBServer", "Computer": "DESKTOP-OFJ6N53", "TimeCreated": "2023-04-18 00:23:59.974493+00:00", "RecordID": "3148", "Level": "4", "UserID": "S-1-5-18"}
{"EventID": "1010", "Channel": "Microsoft-Windows-SMBServer/Operational", "Provider_Name": "Microsoft-Windows-SMBServer", "Computer": "DESKTOP-OFJ6N53", "TimeCreated": "2023-04-18 00:24:10.792227+00:00", "RecordID": "3149", "Level": "4", "UserID": "S-1-5-18"}
{"EventID": "1011", "Channel": "Microsoft-Windows-SMBServer/Operational", "Provider_Name": "Microsoft-Windows-SMBServer", "Computer": "DESKTOP-OFJ6N53", "TimeCreated": "2023-04-18 00:26:54.508171+00:00", "RecordID": "3150", "Level": "4", "UserID": "S-1-5-18"}
{"EventID": "1010", "Channel": "Microsoft-Windows-SMBServer/Operational", "Provider_Name": "Microsoft-Windows-SMBServer", "Computer": "DESKTOP-OFJ6N53", "TimeCreated": "2023-04-18 00:27:01.295759+00:00", "RecordID": "3151", "Level": "4", "UserID": "S-1-5-18"}
{"EventID": "1011", "Channel": "Microsoft-Windows-SMBServer/Operational", "Provider_Name": "Microsoft-Windows-SMBServer", "Computer": "DESKTOP-OFJ6N53", "TimeCreated": "2023-04-18 00:29:41.171352+00:00", "RecordID": "3152", "Level": "4", "UserID": "S-1-5-18"}
{"EventID": "1010", "Channel": "Microsoft-Windows-SMBServer/Operational", "Provider_Name": "Microsoft-Windows-SMBServer", "Computer": "DESKTOP-OFJ6N53", "TimeCreated": "2023-04-18 00:29:52.276806+00:00", "RecordID": "3153", "Level": "4", "UserID": "S-1-5-18"}
{"EventID": "1011", "Channel": "Microsoft-Windows-SMBServer/Operational", "Provider_Name": "Microsoft-Windows-SMBServer", "Computer": "DESKTOP-OFJ6N53", "TimeCreated": "2023-04-18 00:32:36.790712+00:00", "RecordID": "3154", "Level": "4", "UserID": "S-1-5-18"}
{"EventID": "1010", "Channel": "Microsoft-Windows-SMBServer/Operational", "Provider_Name": "Microsoft-Windows-SMBServer", "Computer": "DESKTOP-OFJ6N53", "TimeCreated": "2023-04-18 00:32:47.808273+00:00", "RecordID": "3155", "Level": "4", "UserID": "S-1-5-18"}
{"EventID": "1011", "Channel": "Microsoft-Windows-SMBServer/Operational", "Provider_Name": "Microsoft-Windows-SMBServer", "Computer": "DESKTOP-OFJ6N53", "TimeCreated": "2023-04-18 00:35:36.500141+00:00", "RecordID": "3156", "Level": "4", "UserID": "S-1-5-18"}
{"EventID": "1010", "Channel": "Microsoft-Windows-SMBServer/Operational", "Provider_Name": "Microsoft-Windows-SMBServer", "Computer": "DESKTOP-OFJ6N53", "TimeCreated": "2023-04-18 00:35:43.276909+00:00", "RecordID": "3157", "Level": "4", "UserID": "S-1-5-18"}
{"EventID": "1011", "Channel": "Microsoft-Windows-SMBServer/Operational", "Provider_Name": "Microsoft-Windows-SMBServer", "Computer": "DESKTOP-OFJ6N53", "TimeCreated": "2023-04-18 00:38:28.099155+00:00", "RecordID": "3158", "Level": "4", "UserID": "S-1-5-18"}
{"EventID": "1010", "Channel": "Microsoft-Windows-SMBServer/Operational", "Provider_Name": "Microsoft-Windows-SMBServer", "Computer": "DESKTOP-OFJ6N53", "TimeCreated": "2023-04-18 00:38:38.792614+00:00", "RecordID": "3159", "Level": "4", "UserID": "S-1-5-18"}
{"EventID": "1011", "Channel": "Microsoft-Windows-SMBServer/Operational", "Provider_Name": "Microsoft-Windows-SMBServer", "Computer": "DESKTOP-OFJ6N53", "TimeCreated": "2023-04-18 00:41:23.773546+00:00", "RecordID": "3160", "Level": "4", "UserID": "S-1-5-18"}
{"EventID": "1010", "Channel": "Microsoft-Windows-SMBServer/Operational", "Provider_Name": "Microsoft-Windows-SMBServer", "Computer": "DESKTOP-OFJ6N53", "TimeCreated": "2023-04-18 00:41:34.792620+00:00", "RecordID": "3161", "Level": "4", "UserID": "S-1-5-18"}
{"EventID": "1011", "Channel": "Microsoft-Windows-SMBServer/Operational", "Provider_Name": "Microsoft-Windows-SMBServer", "Computer": "DESKTOP-OFJ6N53", "TimeCreated": "2023-04-18 00:44:15.403379+00:00", "RecordID": "3162", "Level": "4", "UserID": "S-1-5-18"}
{"EventID": "1010", "Channel": "Microsoft-Windows-SMBServer/Operational", "Provider_Name": "Microsoft-Windows-SMBServer", "Computer": "DESKTOP-OFJ6N53", "TimeCreated": "2023-04-18 00:44:26.792564+00:00", "RecordID": "3163", "Level": "4", "UserID": "S-1-5-18"}
{"EventID": "1011", "Channel": "Microsoft-Windows-SMBServer/Operational", "Provider_Name": "Microsoft-Windows-SMBServer", "Computer": "DESKTOP-OFJ6N53", "TimeCreated": "2023-04-18 00:47:12.338371+00:00", "RecordID": "3164", "Level": "4", "UserID": "S-1-5-18"}
{"EventID": "1010", "Channel": "Microsoft-Windows-SMBServer/Operational", "Provider_Name": "Microsoft-Windows-SMBServer", "Computer": "DESKTOP-OFJ6N53", "TimeCreated": "2023-04-18 00:47:22.777113+00:00", "RecordID": "3165", "Level": "4", "UserID": "S-1-5-18"}
{"EventID": "1011", "Channel": "Microsoft-Windows-SMBServer/Operational", "Provider_Name": "Microsoft-Windows-SMBServer", "Computer": "DESKTOP-OFJ6N53", "TimeCreated": "2023-04-18 00:50:08.022476+00:00", "RecordID": "3166", "Level": "4", "UserID": "S-1-5-18"}
{"EventID": "1010", "Channel": "Microsoft-Windows-SMBServer/Operational", "Provider_Name": "Microsoft-Windows-SMBServer", "Computer": "DESKTOP-OFJ6N53", "TimeCreated": "2023-04-18 00:50:14.792677+00:00", "RecordID": "3167", "Level": "4", "UserID": "S-1-5-18"}
{"EventID": "1011", "Channel": "Microsoft-Windows-SMBServer/Operational", "Provider_Name": "Microsoft-Windows-SMBServer", "Computer": "DESKTOP-OFJ6N53", "TimeCreated": "2023-04-18 00:53:03.739569+00:00", "RecordID": "3168", "Level": "4", "UserID": "S-1-5-18"}
{"EventID": "1010", "Channel": "Microsoft-Windows-SMBServer/Operational", "Provider_Name": "Microsoft-Windows-SMBServer", "Computer": "DESKTOP-OFJ6N53", "TimeCreated": "2023-04-18 00:53:10.808224+00:00", "RecordID": "3169", "Level": "4", "UserID": "S-1-5-18"}
{"EventID": "1011", "Channel": "Microsoft-Windows-SMBServer/Operational", "Provider_Name": "Microsoft-Windows-SMBServer", "Computer": "DESKTOP-OFJ6N53", "TimeCreated": "2023-04-18 00:55:59.404879+00:00", "RecordID": "3170", "Level": "4", "UserID": "S-1-5-18"}
{"EventID": "1010", "Channel": "Microsoft-Windows-SMBServer/Operational", "Provider_Name": "Microsoft-Windows-SMBServer", "Computer": "DESKTOP-OFJ6N53", "TimeCreated": "2023-04-18 00:56:10.261450+00:00", "RecordID": "3171", "Level": "4", "UserID": "S-1-5-18"}
{"EventID": "1011", "Channel": "Microsoft-Windows-SMBServer/Operational", "Provider_Name": "Microsoft-Windows-SMBServer", "Computer": "DESKTOP-OFJ6N53", "TimeCreated": "2023-04-18 00:58:55.085535+00:00", "RecordID": "3172", "Level": "4", "UserID": "S-1-5-18"}
{"EventID": "1010", "Channel": "Microsoft-Windows-SMBServer/Operational", "Provider_Name": "Microsoft-Windows-SMBServer", "Computer": "DESKTOP-OFJ6N53", "TimeCreated": "2023-04-18 00:59:06.262125+00:00", "RecordID": "3173", "Level": "4", "UserID": "S-1-5-18"}
{"EventID": "1011", "Channel": "Microsoft-Windows-SMBServer/Operational", "Provider_Name": "Microsoft-Windows-SMBServer", "Computer": "DESKTOP-OFJ6N53", "TimeCreated": "2023-04-18 01:01:55.733273+00:00", "RecordID": "3174", "Level": "4", "UserID": "S-1-5-18"}
{"EventID": "1010", "Channel": "Microsoft-Windows-SMBServer/Operational", "Provider_Name": "Microsoft-Windows-SMBServer", "Computer": "DESKTOP-OFJ6N53", "TimeCreated": "2023-04-18 01:02:02.777103+00:00", "RecordID": "3175", "Level": "4", "UserID": "S-1-5-18"}
{"EventID": "1011", "Channel": "Microsoft-Windows-SMBServer/Operational", "Provider_Name": "Microsoft-Windows-SMBServer", "Computer": "DESKTOP-OFJ6N53", "TimeCreated": "2023-04-18 01:04:47.337708+00:00", "RecordID": "3176", "Level": "4", "UserID": "S-1-5-18"}
{"EventID": "1010", "Channel": "Microsoft-Windows-SMBServer/Operational", "Provider_Name": "Microsoft-Windows-SMBServer", "Computer": "DESKTOP-OFJ6N53", "TimeCreated": "2023-04-18 01:04:58.308529+00:00", "RecordID": "3177", "Level": "4", "UserID": "S-1-5-18"}
{"EventID": "1011", "Channel": "Microsoft-Windows-SMBServer/Operational", "Provider_Name": "Microsoft-Windows-SMBServer", "Computer": "DESKTOP-OFJ6N53", "TimeCreated": "2023-04-18 01:07:48.204281+00:00", "RecordID": "3178", "Level": "4", "UserID": "S-1-5-18"}
{"EventID": "1010", "Channel": "Microsoft-Windows-SMBServer/Operational", "Provider_Name": "Microsoft-Windows-SMBServer", "Computer": "DESKTOP-OFJ6N53", "TimeCreated": "2023-04-18 01:07:59.293148+00:00", "RecordID": "3179", "Level": "4", "UserID": "S-1-5-18"}
{"EventID": "1011", "Channel": "Microsoft-Windows-SMBServer/Operational", "Provider_Name": "Microsoft-Windows-SMBServer", "Computer": "DESKTOP-OFJ6N53", "TimeCreated": "2023-04-18 01:10:48.860424+00:00", "RecordID": "3180", "Level": "4", "UserID": "S-1-5-18"}
{"EventID": "1010", "Channel": "Microsoft-Windows-SMBServer/Operational", "Provider_Name": "Microsoft-Windows-SMBServer", "Computer": "DESKTOP-OFJ6N53", "TimeCreated": "2023-04-18 01:10:55.777218+00:00", "RecordID": "3181", "Level": "4", "UserID": "S-1-5-18"}
{"EventID": "1011", "Channel": "Microsoft-Windows-SMBServer/Operational", "Provider_Name": "Microsoft-Windows-SMBServer", "Computer": "DESKTOP-OFJ6N53", "TimeCreated": "2023-04-18 01:13:39.440353+00:00", "RecordID": "3182", "Level": "4", "UserID": "S-1-5-18"}
{"EventID": "1010", "Channel": "Microsoft-Windows-SMBServer/Operational", "Provider_Name": "Microsoft-Windows-SMBServer", "Computer": "DESKTOP-OFJ6N53", "TimeCreated": "2023-04-18 01:13:46.261778+00:00", "RecordID": "3183", "Level": "4", "UserID": "S-1-5-18"}
{"EventID": "1011", "Channel": "Microsoft-Windows-SMBServer/Operational", "Provider_Name": "Microsoft-Windows-SMBServer", "Computer": "DESKTOP-OFJ6N53", "TimeCreated": "2023-04-18 01:16:25.035498+00:00", "RecordID": "3184", "Level": "4", "UserID": "S-1-5-18"}
{"EventID": "1010", "Channel": "Microsoft-Windows-SMBServer/Operational", "Provider_Name": "Microsoft-Windows-SMBServer", "Computer": "DESKTOP-OFJ6N53", "TimeCreated": "2023-04-18 01:16:31.761702+00:00", "RecordID": "3185", "Level": "4", "UserID": "S-1-5-18"}
{"EventID": "1011", "Channel": "Microsoft-Windows-SMBServer/Operational", "Provider_Name": "Microsoft-Windows-SMBServer", "Computer": "DESKTOP-OFJ6N53", "TimeCreated": "2023-04-18 01:19:22.972490+00:00", "RecordID": "3186", "Level": "4", "UserID": "S-1-5-18"}
{"EventID": "1010", "Channel": "Microsoft-Windows-SMBServer/Operational", "Provider_Name": "Microsoft-Windows-SMBServer", "Computer": "DESKTOP-OFJ6N53", "TimeCreated": "2023-04-18 01:19:34.294039+00:00", "RecordID": "3187", "Level": "4", "UserID": "S-1-5-18"}
{"EventID": "1011", "Channel": "Microsoft-Windows-SMBServer/Operational", "Provider_Name": "Microsoft-Windows-SMBServer", "Computer": "DESKTOP-OFJ6N53", "TimeCreated": "2023-04-18 01:22:18.337620+00:00", "RecordID": "3188", "Level": "4", "UserID": "S-1-5-18"}
{"EventID": "1010", "Channel": "Microsoft-Windows-SMBServer/Operational", "Provider_Name": "Microsoft-Windows-SMBServer", "Computer": "DESKTOP-OFJ6N53", "TimeCreated": "2023-04-18 01:22:29.277763+00:00", "RecordID": "3189", "Level": "4", "UserID": "S-1-5-18"}
{"EventID": "1011", "Channel": "Microsoft-Windows-SMBServer/Operational", "Provider_Name": "Microsoft-Windows-SMBServer", "Computer": "DESKTOP-OFJ6N53", "TimeCreated": "2023-04-18 01:25:13.955885+00:00", "RecordID": "3190", "Level": "4", "UserID": "S-1-5-18"}
{"EventID": "1010", "Channel": "Microsoft-Windows-SMBServer/Operational", "Provider_Name": "Microsoft-Windows-SMBServer", "Computer": "DESKTOP-OFJ6N53", "TimeCreated": "2023-04-18 01:25:20.777769+00:00", "RecordID": "3191", "Level": "4", "UserID": "S-1-5-18"}
{"EventID": "1011", "Channel": "Microsoft-Windows-SMBServer/Operational", "Provider_Name": "Microsoft-Windows-SMBServer", "Computer": "DESKTOP-OFJ6N53", "TimeCreated": "2023-04-18 01:28:04.576647+00:00", "RecordID": "3192", "Level": "4", "UserID": "S-1-5-18"}
{"EventID": "1010", "Channel": "Microsoft-Windows-SMBServer/Operational", "Provider_Name": "Microsoft-Windows-SMBServer", "Computer": "DESKTOP-OFJ6N53", "TimeCreated": "2023-04-18 01:28:15.777893+00:00", "RecordID": "3193", "Level": "4", "UserID": "S-1-5-18"}
{"EventID": "1011", "Channel": "Microsoft-Windows-SMBServer/Operational", "Provider_Name": "Microsoft-Windows-SMBServer", "Computer": "DESKTOP-OFJ6N53", "TimeCreated": "2023-04-18 01:31:01.275055+00:00", "RecordID": "3194", "Level": "4", "UserID": "S-1-5-18"}
{"EventID": "1010", "Channel": "Microsoft-Windows-SMBServer/Operational", "Provider_Name": "Microsoft-Windows-SMBServer", "Computer": "DESKTOP-OFJ6N53", "TimeCreated": "2023-04-18 01:31:11.746639+00:00", "RecordID": "3195", "Level": "4", "UserID": "S-1-5-18"}
{"EventID": "1011", "Channel": "Microsoft-Windows-SMBServer/Operational", "Provider_Name": "Microsoft-Windows-SMBServer", "Computer": "DESKTOP-OFJ6N53", "TimeCreated": "2023-04-18 01:34:01.029819+00:00", "RecordID": "3196", "Level": "4", "UserID": "S-1-5-18"}
{"EventID": "1010", "Channel": "Microsoft-Windows-SMBServer/Operational", "Provider_Name": "Microsoft-Windows-SMBServer", "Computer": "DESKTOP-OFJ6N53", "TimeCreated": "2023-04-18 01:34:11.809120+00:00", "RecordID": "3197", "Level": "4", "UserID": "S-1-5-18"}
{"EventID": "1011", "Channel": "Microsoft-Windows-SMBServer/Operational", "Provider_Name": "Microsoft-Windows-SMBServer", "Computer": "DESKTOP-OFJ6N53", "TimeCreated": "2023-04-18 01:36:52.638268+00:00", "RecordID": "3198", "Level": "4", "UserID": "S-1-5-18"}
{"EventID": "1010", "Channel": "Microsoft-Windows-SMBServer/Operational", "Provider_Name": "Microsoft-Windows-SMBServer", "Computer": "DESKTOP-OFJ6N53", "TimeCreated": "2023-04-18 01:37:02.762152+00:00", "RecordID": "3199", "Level": "4", "UserID": "S-1-5-18"}
{"EventID": "1011", "Channel": "Microsoft-Windows-SMBServer/Operational", "Provider_Name": "Microsoft-Windows-SMBServer", "Computer": "DESKTOP-OFJ6N53", "TimeCreated": "2023-04-18 01:39:44.278431+00:00", "RecordID": "3200", "Level": "4", "UserID": "S-1-5-18"}
{"EventID": "1010", "Channel": "Microsoft-Windows-SMBServer/Operational", "Provider_Name": "Microsoft-Windows-SMBServer", "Computer": "DESKTOP-OFJ6N53", "TimeCreated": "2023-04-18 01:39:55.309109+00:00", "RecordID": "3201", "Level": "4", "UserID": "S-1-5-18"}
{"EventID": "1011", "Channel": "Microsoft-Windows-SMBServer/Operational", "Provider_Name": "Microsoft-Windows-SMBServer", "Computer": "DESKTOP-OFJ6N53", "TimeCreated": "2023-04-18 01:42:44.038364+00:00", "RecordID": "3202", "Level": "4", "UserID": "S-1-5-18"}
{"EventID": "1010", "Channel": "Microsoft-Windows-SMBServer/Operational", "Provider_Name": "Microsoft-Windows-SMBServer", "Computer": "DESKTOP-OFJ6N53", "TimeCreated": "2023-04-18 01:42:50.746618+00:00", "RecordID": "3203", "Level": "4", "UserID": "S-1-5-18"}
{"EventID": "1011", "Channel": "Microsoft-Windows-SMBServer/Operational", "Provider_Name": "Microsoft-Windows-SMBServer", "Computer": "DESKTOP-OFJ6N53", "TimeCreated": "2023-04-18 01:45:39.753527+00:00", "RecordID": "3204", "Level": "4", "UserID": "S-1-5-18"}
{"EventID": "1010", "Channel": "Microsoft-Windows-SMBServer/Operational", "Provider_Name": "Microsoft-Windows-SMBServer", "Computer": "DESKTOP-OFJ6N53", "TimeCreated": "2023-04-18 01:45:46.748949+00:00", "RecordID": "3205", "Level": "4", "UserID": "S-1-5-18"}
{"EventID": "1011", "Channel": "Microsoft-Windows-SMBServer/Operational", "Provider_Name": "Microsoft-Windows-SMBServer", "Computer": "DESKTOP-OFJ6N53", "TimeCreated": "2023-04-18 01:48:31.392279+00:00", "RecordID": "3206", "Level": "4", "UserID": "S-1-5-18"}
{"EventID": "1010", "Channel": "Microsoft-Windows-SMBServer/Operational", "Provider_Name": "Microsoft-Windows-SMBServer", "Computer": "DESKTOP-OFJ6N53", "TimeCreated": "2023-04-18 01:48:42.749521+00:00", "RecordID": "3207", "Level": "4", "UserID": "S-1-5-18"}
{"EventID": "1011", "Channel": "Microsoft-Windows-SMBServer/Operational", "Provider_Name": "Microsoft-Windows-SMBServer", "Computer": "DESKTOP-OFJ6N53", "TimeCreated": "2023-04-18 01:51:24.030983+00:00", "RecordID": "3208", "Level": "4", "UserID": "S-1-5-18"}
{"EventID": "1010", "Channel": "Microsoft-Windows-SMBServer/Operational", "Provider_Name": "Microsoft-Windows-SMBServer", "Computer": "DESKTOP-OFJ6N53", "TimeCreated": "2023-04-18 01:51:34.779648+00:00", "RecordID": "3209", "Level": "4", "UserID": "S-1-5-18"}
{"EventID": "1011", "Channel": "Microsoft-Windows-SMBServer/Operational", "Provider_Name": "Microsoft-Windows-SMBServer", "Computer": "DESKTOP-OFJ6N53", "TimeCreated": "2023-04-18 01:54:23.748247+00:00", "RecordID": "3210", "Level": "4", "UserID": "S-1-5-18"}
{"EventID": "1010", "Channel": "Microsoft-Windows-SMBServer/Operational", "Provider_Name": "Microsoft-Windows-SMBServer", "Computer": "DESKTOP-OFJ6N53", "TimeCreated": "2023-04-18 01:54:34.794271+00:00", "RecordID": "3211", "Level": "4", "UserID": "S-1-5-18"}
{"EventID": "1011", "Channel": "Microsoft-Windows-SMBServer/Operational", "Provider_Name": "Microsoft-Windows-SMBServer", "Computer": "DESKTOP-OFJ6N53", "TimeCreated": "2023-04-18 01:57:19.361092+00:00", "RecordID": "3212", "Level": "4", "UserID": "S-1-5-18"}
{"EventID": "1010", "Channel": "Microsoft-Windows-SMBServer/Operational", "Provider_Name": "Microsoft-Windows-SMBServer", "Computer": "DESKTOP-OFJ6N53", "TimeCreated": "2023-04-18 01:57:29.762257+00:00", "RecordID": "3213", "Level": "4", "UserID": "S-1-5-18"}
{"EventID": "1011", "Channel": "Microsoft-Windows-SMBServer/Operational", "Provider_Name": "Microsoft-Windows-SMBServer", "Computer": "DESKTOP-OFJ6N53", "TimeCreated": "2023-04-18 02:00:15.047771+00:00", "RecordID": "3214", "Level": "4", "UserID": "S-1-5-18"}
{"EventID": "1010", "Channel": "Microsoft-Windows-SMBServer/Operational", "Provider_Name": "Microsoft-Windows-SMBServer", "Computer": "DESKTOP-OFJ6N53", "TimeCreated": "2023-04-18 02:00:25.793512+00:00", "RecordID": "3215", "Level": "4", "UserID": "S-1-5-18"}
{"EventID": "1011", "Channel": "Microsoft-Windows-SMBServer/Operational", "Provider_Name": "Microsoft-Windows-SMBServer", "Computer": "DESKTOP-OFJ6N53", "TimeCreated": "2023-04-18 02:03:05.654243+00:00", "RecordID": "3216", "Level": "4", "UserID": "S-1-5-18"}
{"EventID": "1010", "Channel": "Microsoft-Windows-SMBServer/Operational", "Provider_Name": "Microsoft-Windows-SMBServer", "Computer": "DESKTOP-OFJ6N53", "TimeCreated": "2023-04-18 02:03:16.777843+00:00", "RecordID": "3217", "Level": "4", "UserID": "S-1-5-18"}
{"EventID": "1011", "Channel": "Microsoft-Windows-SMBServer/Operational", "Provider_Name": "Microsoft-Windows-SMBServer", "Computer": "DESKTOP-OFJ6N53", "TimeCreated": "2023-04-18 02:06:05.401110+00:00", "RecordID": "3218", "Level": "4", "UserID": "S-1-5-18"}
{"EventID": "1010", "Channel": "Microsoft-Windows-SMBServer/Operational", "Provider_Name": "Microsoft-Windows-SMBServer", "Computer": "DESKTOP-OFJ6N53", "TimeCreated": "2023-04-18 02:06:12.277935+00:00", "RecordID": "3219", "Level": "4", "UserID": "S-1-5-18"}
{"EventID": "1011", "Channel": "Microsoft-Windows-SMBServer/Operational", "Provider_Name": "Microsoft-Windows-SMBServer", "Computer": "DESKTOP-OFJ6N53", "TimeCreated": "2023-04-18 02:08:57.078758+00:00", "RecordID": "3220", "Level": "4", "UserID": "S-1-5-18"}
{"EventID": "1010", "Channel": "Microsoft-Windows-SMBServer/Operational", "Provider_Name": "Microsoft-Windows-SMBServer", "Computer": "DESKTOP-OFJ6N53", "TimeCreated": "2023-04-18 02:09:07.809093+00:00", "RecordID": "3221", "Level": "4", "UserID": "S-1-5-18"}
{"EventID": "1011", "Channel": "Microsoft-Windows-SMBServer/Operational", "Provider_Name": "Microsoft-Windows-SMBServer", "Computer": "DESKTOP-OFJ6N53", "TimeCreated": "2023-04-18 02:11:52.810701+00:00", "RecordID": "3222", "Level": "4", "UserID": "S-1-5-18"}
{"EventID": "1010", "Channel": "Microsoft-Windows-SMBServer/Operational", "Provider_Name": "Microsoft-Windows-SMBServer", "Computer": "DESKTOP-OFJ6N53", "TimeCreated": "2023-04-18 02:12:03.793707+00:00", "RecordID": "3223", "Level": "4", "UserID": "S-1-5-18"}
{"EventID": "1011", "Channel": "Microsoft-Windows-SMBServer/Operational", "Provider_Name": "Microsoft-Windows-SMBServer", "Computer": "DESKTOP-OFJ6N53", "TimeCreated": "2023-04-18 02:14:53.571142+00:00", "RecordID": "3224", "Level": "4", "UserID": "S-1-5-18"}
{"EventID": "1010", "Channel": "Microsoft-Windows-SMBServer/Operational", "Provider_Name": "Microsoft-Windows-SMBServer", "Computer": "DESKTOP-OFJ6N53", "TimeCreated": "2023-04-18 02:15:04.778336+00:00", "RecordID": "3225", "Level": "4", "UserID": "S-1-5-18"}
{"EventID": "1011", "Channel": "Microsoft-Windows-SMBServer/Operational", "Provider_Name": "Microsoft-Windows-SMBServer", "Computer": "DESKTOP-OFJ6N53", "TimeCreated": "2023-04-18 02:17:50.269810+00:00", "RecordID": "3226", "Level": "4", "UserID": "S-1-5-18"}
{"EventID": "1010", "Channel": "Microsoft-Windows-SMBServer/Operational", "Provider_Name": "Microsoft-Windows-SMBServer", "Computer": "DESKTOP-OFJ6N53", "TimeCreated": "2023-04-18 02:18:00.778284+00:00", "RecordID": "3227", "Level": "4", "UserID": "S-1-5-18"}
{"EventID": "1011", "Channel": "Microsoft-Windows-SMBServer/Operational", "Provider_Name": "Microsoft-Windows-SMBServer", "Computer": "DESKTOP-OFJ6N53", "TimeCreated": "2023-04-18 02:20:45.995602+00:00", "RecordID": "3228", "Level": "4", "UserID": "S-1-5-18"}
{"EventID": "1010", "Channel": "Microsoft-Windows-SMBServer/Operational", "Provider_Name": "Microsoft-Windows-SMBServer", "Computer": "DESKTOP-OFJ6N53", "TimeCreated": "2023-04-18 02:20:56.778288+00:00", "RecordID": "3229", "Level": "4", "UserID": "S-1-5-18"}
{"EventID": "1011", "Channel": "Microsoft-Windows-SMBServer/Operational", "Provider_Name": "Microsoft-Windows-SMBServer", "Computer": "DESKTOP-OFJ6N53", "TimeCreated": "2023-04-18 02:23:42.687975+00:00", "RecordID": "3230", "Level": "4", "UserID": "S-1-5-18"}
{"EventID": "1010", "Channel": "Microsoft-Windows-SMBServer/Operational", "Provider_Name": "Microsoft-Windows-SMBServer", "Computer": "DESKTOP-OFJ6N53", "TimeCreated": "2023-04-18 02:23:54.184586+00:00", "RecordID": "3231", "Level": "4", "UserID": "S-1-5-18"}
{"EventID": "1011", "Channel": "Microsoft-Windows-SMBServer/Operational", "Provider_Name": "Microsoft-Windows-SMBServer", "Computer": "DESKTOP-OFJ6N53", "TimeCreated": "2023-04-18 02:26:39.672691+00:00", "RecordID": "3232", "Level": "4", "UserID": "S-1-5-18"}
{"EventID": "1010", "Channel": "Microsoft-Windows-SMBServer/Operational", "Provider_Name": "Microsoft-Windows-SMBServer", "Computer": "DESKTOP-OFJ6N53", "TimeCreated": "2023-04-18 02:26:50.778370+00:00", "RecordID": "3233", "Level": "4", "UserID": "S-1-5-18"}
{"EventID": "1011", "Channel": "Microsoft-Windows-SMBServer/Operational", "Provider_Name": "Microsoft-Windows-SMBServer", "Computer": "DESKTOP-OFJ6N53", "TimeCreated": "2023-04-18 02:29:40.424854+00:00", "RecordID": "3234", "Level": "4", "UserID": "S-1-5-18"}
{"EventID": "1010", "Channel": "Microsoft-Windows-SMBServer/Operational", "Provider_Name": "Microsoft-Windows-SMBServer", "Computer": "DESKTOP-OFJ6N53", "TimeCreated": "2023-04-18 02:29:51.762779+00:00", "RecordID": "3235", "Level": "4", "UserID": "S-1-5-18"}
{"EventID": "1011", "Channel": "Microsoft-Windows-SMBServer/Operational", "Provider_Name": "Microsoft-Windows-SMBServer", "Computer": "DESKTOP-OFJ6N53", "TimeCreated": "2023-04-18 02:32:41.161402+00:00", "RecordID": "3236", "Level": "4", "UserID": "S-1-5-18"}
{"EventID": "1010", "Channel": "Microsoft-Windows-SMBServer/Operational", "Provider_Name": "Microsoft-Windows-SMBServer", "Computer": "DESKTOP-OFJ6N53", "TimeCreated": "2023-04-18 02:32:52.295193+00:00", "RecordID": "3237", "Level": "4", "UserID": "S-1-5-18"}
{"EventID": "1011", "Channel": "Microsoft-Windows-SMBServer/Operational", "Provider_Name": "Microsoft-Windows-SMBServer", "Computer": "DESKTOP-OFJ6N53", "TimeCreated": "2023-04-18 02:35:26.675703+00:00", "RecordID": "3238", "Level": "4", "UserID": "S-1-5-18"}
{"EventID": "1010", "Channel": "Microsoft-Windows-SMBServer/Operational", "Provider_Name": "Microsoft-Windows-SMBServer", "Computer": "DESKTOP-OFJ6N53", "TimeCreated": "2023-04-18 02:35:33.278439+00:00", "RecordID": "3239", "Level": "4", "UserID": "S-1-5-18"}
{"EventID": "1011", "Channel": "Microsoft-Windows-SMBServer/Operational", "Provider_Name": "Microsoft-Windows-SMBServer", "Computer": "DESKTOP-OFJ6N53", "TimeCreated": "2023-04-18 02:38:23.403866+00:00", "RecordID": "3240", "Level": "4", "UserID": "S-1-5-18"}
{"EventID": "1010", "Channel": "Microsoft-Windows-SMBServer/Operational", "Provider_Name": "Microsoft-Windows-SMBServer", "Computer": "DESKTOP-OFJ6N53", "TimeCreated": "2023-04-18 02:38:34.294018+00:00", "RecordID": "3241", "Level": "4", "UserID": "S-1-5-18"}
{"EventID": "1011", "Channel": "Microsoft-Windows-SMBServer/Operational", "Provider_Name": "Microsoft-Windows-SMBServer", "Computer": "DESKTOP-OFJ6N53", "TimeCreated": "2023-04-18 02:41:14.047287+00:00", "RecordID": "3242", "Level": "4", "UserID": "S-1-5-18"}
{"EventID": "1010", "Channel": "Microsoft-Windows-SMBServer/Operational", "Provider_Name": "Microsoft-Windows-SMBServer", "Computer": "DESKTOP-OFJ6N53", "TimeCreated": "2023-04-18 02:41:20.778442+00:00", "RecordID": "3243", "Level": "4", "UserID": "S-1-5-18"}
{"EventID": "1011", "Channel": "Microsoft-Windows-SMBServer/Operational", "Provider_Name": "Microsoft-Windows-SMBServer", "Computer": "DESKTOP-OFJ6N53", "TimeCreated": "2023-04-18 02:44:09.741278+00:00", "RecordID": "3244", "Level": "4", "UserID": "S-1-5-18"}
{"EventID": "1010", "Channel": "Microsoft-Windows-SMBServer/Operational", "Provider_Name": "Microsoft-Windows-SMBServer", "Computer": "DESKTOP-OFJ6N53", "TimeCreated": "2023-04-18 02:44:16.778454+00:00", "RecordID": "3245", "Level": "4", "UserID": "S-1-5-18"}
{"EventID": "1011", "Channel": "Microsoft-Windows-SMBServer/Operational", "Provider_Name": "Microsoft-Windows-SMBServer", "Computer": "DESKTOP-OFJ6N53", "TimeCreated": "2023-04-18 02:46:56.273872+00:00", "RecordID": "3246", "Level": "4", "UserID": "S-1-5-18"}
{"EventID": "1010", "Channel": "Microsoft-Windows-SMBServer/Operational", "Provider_Name": "Microsoft-Windows-SMBServer", "Computer": "DESKTOP-OFJ6N53", "TimeCreated": "2023-04-18 02:47:07.294012+00:00", "RecordID": "3247", "Level": "4", "UserID": "S-1-5-18"}
{"EventID": "1011", "Channel": "Microsoft-Windows-SMBServer/Operational", "Provider_Name": "Microsoft-Windows-SMBServer", "Computer": "DESKTOP-OFJ6N53", "TimeCreated": "2023-04-18 02:49:48.928541+00:00", "RecordID": "3248", "Level": "4", "UserID": "S-1-5-18"}
{"EventID": "1010", "Channel": "Microsoft-Windows-SMBServer/Operational", "Provider_Name": "Microsoft-Windows-SMBServer", "Computer": "DESKTOP-OFJ6N53", "TimeCreated": "2023-04-18 02:49:55.793983+00:00", "RecordID": "3249", "Level": "4", "UserID": "S-1-5-18"}
{"EventID": "1011", "Channel": "Microsoft-Windows-SMBServer/Operational", "Provider_Name": "Microsoft-Windows-SMBServer", "Computer": "DESKTOP-OFJ6N53", "TimeCreated": "2023-04-18 02:52:33.427792+00:00", "RecordID": "3250", "Level": "4", "UserID": "S-1-5-18"}
{"EventID": "1010", "Channel": "Microsoft-Windows-SMBServer/Operational", "Provider_Name": "Microsoft-Windows-SMBServer", "Computer": "DESKTOP-OFJ6N53", "TimeCreated": "2023-04-18 02:52:40.278584+00:00", "RecordID": "3251", "Level": "4", "UserID": "S-1-5-18"}
{"EventID": "1011", "Channel": "Microsoft-Windows-SMBServer/Operational", "Provider_Name": "Microsoft-Windows-SMBServer", "Computer": "DESKTOP-OFJ6N53", "TimeCreated": "2023-04-18 02:55:30.168365+00:00", "RecordID": "3252", "Level": "4", "UserID": "S-1-5-18"}
{"EventID": "1010", "Channel": "Microsoft-Windows-SMBServer/Operational", "Provider_Name": "Microsoft-Windows-SMBServer", "Computer": "DESKTOP-OFJ6N53", "TimeCreated": "2023-04-18 02:55:41.278513+00:00", "RecordID": "3253", "Level": "4", "UserID": "S-1-5-18"}
{"EventID": "1011", "Channel": "Microsoft-Windows-SMBServer/Operational", "Provider_Name": "Microsoft-Windows-SMBServer", "Computer": "DESKTOP-OFJ6N53", "TimeCreated": "2023-04-18 02:58:29.921616+00:00", "RecordID": "3254", "Level": "4", "UserID": "S-1-5-18"}
{"EventID": "1010", "Channel": "Microsoft-Windows-SMBServer/Operational", "Provider_Name": "Microsoft-Windows-SMBServer", "Computer": "DESKTOP-OFJ6N53", "TimeCreated": "2023-04-18 02:58:36.778587+00:00", "RecordID": "3255", "Level": "4", "UserID": "S-1-5-18"}
{"EventID": "1011", "Channel": "Microsoft-Windows-SMBServer/Operational", "Provider_Name": "Microsoft-Windows-SMBServer", "Computer": "DESKTOP-OFJ6N53", "TimeCreated": "2023-04-18 03:01:25.573269+00:00", "RecordID": "3256", "Level": "4", "UserID": "S-1-5-18"}
{"EventID": "1010", "Channel": "Microsoft-Windows-SMBServer/Operational", "Provider_Name": "Microsoft-Windows-SMBServer", "Computer": "DESKTOP-OFJ6N53", "TimeCreated": "2023-04-18 03:01:32.262959+00:00", "RecordID": "3257", "Level": "4", "UserID": "S-1-5-18"}
{"EventID": "1011", "Channel": "Microsoft-Windows-SMBServer/Operational", "Provider_Name": "Microsoft-Windows-SMBServer", "Computer": "DESKTOP-OFJ6N53", "TimeCreated": "2023-04-18 03:04:11.101164+00:00", "RecordID": "3258", "Level": "4", "UserID": "S-1-5-18"}
{"EventID": "1010", "Channel": "Microsoft-Windows-SMBServer/Operational", "Provider_Name": "Microsoft-Windows-SMBServer", "Computer": "DESKTOP-OFJ6N53", "TimeCreated": "2023-04-18 03:04:22.278616+00:00", "RecordID": "3259", "Level": "4", "UserID": "S-1-5-18"}
{"EventID": "1011", "Channel": "Microsoft-Windows-SMBServer/Operational", "Provider_Name": "Microsoft-Windows-SMBServer", "Computer": "DESKTOP-OFJ6N53", "TimeCreated": "2023-04-18 03:07:01.709873+00:00", "RecordID": "3260", "Level": "4", "UserID": "S-1-5-18"}
{"EventID": "1010", "Channel": "Microsoft-Windows-SMBServer/Operational", "Provider_Name": "Microsoft-Windows-SMBServer", "Computer": "DESKTOP-OFJ6N53", "TimeCreated": "2023-04-18 03:07:08.794264+00:00", "RecordID": "3261", "Level": "4", "UserID": "S-1-5-18"}
{"EventID": "1011", "Channel": "Microsoft-Windows-SMBServer/Operational", "Provider_Name": "Microsoft-Windows-SMBServer", "Computer": "DESKTOP-OFJ6N53", "TimeCreated": "2023-04-18 03:09:58.400587+00:00", "RecordID": "3262", "Level": "4", "UserID": "S-1-5-18"}
{"EventID": "1010", "Channel": "Microsoft-Windows-SMBServer/Operational", "Provider_Name": "Microsoft-Windows-SMBServer", "Computer": "DESKTOP-OFJ6N53", "TimeCreated": "2023-04-18 03:10:09.278620+00:00", "RecordID": "3263", "Level": "4", "UserID": "S-1-5-18"}
{"EventID": "1011", "Channel": "Microsoft-Windows-SMBServer/Operational", "Provider_Name": "Microsoft-Windows-SMBServer", "Computer": "DESKTOP-OFJ6N53", "TimeCreated": "2023-04-18 03:12:53.094835+00:00", "RecordID": "3264", "Level": "4", "UserID": "S-1-5-18"}
{"EventID": "1010", "Channel": "Microsoft-Windows-SMBServer/Operational", "Provider_Name": "Microsoft-Windows-SMBServer", "Computer": "DESKTOP-OFJ6N53", "TimeCreated": "2023-04-18 03:13:04.263077+00:00", "RecordID": "3265", "Level": "4", "UserID": "S-1-5-18"}
{"EventID": "1011", "Channel": "Microsoft-Windows-SMBServer/Operational", "Provider_Name": "Microsoft-Windows-SMBServer", "Computer": "DESKTOP-OFJ6N53", "TimeCreated": "2023-04-18 03:15:48.746597+00:00", "RecordID": "3266", "Level": "4", "UserID": "S-1-5-18"}
{"EventID": "1010", "Channel": "Microsoft-Windows-SMBServer/Operational", "Provider_Name": "Microsoft-Windows-SMBServer", "Computer": "DESKTOP-OFJ6N53", "TimeCreated": "2023-04-18 03:15:55.762959+00:00", "RecordID": "3267", "Level": "4", "UserID": "S-1-5-18"}
{"EventID": "1011", "Channel": "Microsoft-Windows-SMBServer/Operational", "Provider_Name": "Microsoft-Windows-SMBServer", "Computer": "DESKTOP-OFJ6N53", "TimeCreated": "2023-04-18 03:18:39.879528+00:00", "RecordID": "3268", "Level": "4", "UserID": "S-1-5-18"}
{"EventID": "1010", "Channel": "Microsoft-Windows-SMBServer/Operational", "Provider_Name": "Microsoft-Windows-SMBServer", "Computer": "DESKTOP-OFJ6N53", "TimeCreated": "2023-04-18 03:18:46.778713+00:00", "RecordID": "3269", "Level": "4", "UserID": "S-1-5-18"}
