{"EventID": "5", "Channel": "Microsoft-Windows-Kernel-WHEA/Operational", "Provider_Name": "Microsoft-Windows-Kernel-WHEA", "Computer": "DESKTOP-OFJ6N53", "TimeCreated": "2023-01-23 12:40:55.648540+00:00", "RecordID": "259", "Level": "4", "UserID": "S-1-5-18", "EventData.ErrorSourceCount": "5", "EventData.ErrorRecordFormat": "10", "EventData.ErrorSourceTableLength": "5360", "EventData.ErrorSourceTable": "YOosLAOD//+or+1GBfj//wAAAAAAAAAAAAAAAAEAAAD4KQAAV2hlYRAAAAAAAAAAAJC2LgOD//8AAAAAAAAAAAMAAAB8DQAAAAAAAAAAAAAAAAAAAAAAAAAAAAAAAAAAzAMAAAsAAAAQAAAAAgAAACwNAAABAAAAAwAAAAAAAAAAAAAAAAAAAAAAAAA8YMGDUhWnSIfRFNlGfXdlUFMAANgOAAABAAAAEICpLgOD///QLKJLBfj///AsoksF+P//sFNWRgX4//+NfCFXZl77RIAzm3TKzt9bAAAAAAAAAAAAAAAAAAAAAGQEAAABAAAAkGmPLgOD//8AAAAAAAAAAAAAAAAAAAAAAAAAAAAAAAAAAAAAAAAAAAAAAAAAAAAAAAAAAAAAAAAAAAAAAAAAAAAAAAAAAAAAAAAAAAAAAAAAAAAAAAAAAAAAAAAAAAAAAAAAAAAAAAAAAAAAAAAAAAAAAAAAAAAAAAAAAAAAAAAAAAAAAAAAAAAAAAAAAAAAAAAAAAAAAAAAAAAAAAAAAAAAAAAAAAAAAAAAAAAAAAAAAAAAAAAAAAAAAAAAAAAAAAAAAAAAAAAAAAAAAAAAAAAAAAAAAAAAAAAAAAAAAAAAAAAAAAAAAAAAAAAAAAAAAAAAAAAAAAAAAAAAAAAAAAAAAAAAAAAAAAAAAAAAAAAAAAAAAAAAAAAAAAAAAAAAAAAAAAAAAAAAAAAAAAAAAAAAAAAAAAAAAAAAAAAAAAAAAAAAAAAAAAAAAAAAAAAAAAAAAAAAAAAAAAAAAAAAAAAAAAAAAAAAAAAAAAAAAAAAAAAAAAAAAAAAAAAAAAAAAAAAAAAAAAAAAAAAAAAAAAAAAAAAAAAAAAAAAAAAAAAAAAAAAAAAAAAAAAAAAAAAAAAAAAAAAAAAAAAAAAAAAAAAAAAAAAAAAAAAAAAAAAAAAAAAAAAAAAAAAAAAAAAAAAAAAAAAAAAAAAAAAAAAAAAAAAAAAAAAAAAAAAAAAAAAAAAAAAAAAAAAAAAAAAAAAAAAAAAAAAAAAAAAAAAAAAAAAAAAAAAAAAAAAAAAAAAAAAAAAAAAAAAAAAAAAAAAAAAAAAAAAAAAAAAAAAAAAAAAAAAAAAAAAAAAAAAAAAAAAAAAAAAAAAAAAAAAAAAAAAAAAAAAAAAAAAAAAAAAAAAAAAAAAAAAAAAAAAAAAAAAAAAAAAAAAAAAAAAAAAAAAAAAAAAAAAAAAAAAAAAAAAAAAAAAAAAAAAAAAAAAAAAAAAAAAAAAAAAAAAAAAAAAAAAAAAAAAAAAAAAAAAAAAAAAAAAAAAAAAAAAAAAAAAAAAAAAAAAAAAAAAAAAAAAAAAAAAAAAAAAAAAAAAAAAAAAAAAAAAAAAAAAAAAAAAAAAAAAAAAAAAAAAAAAAAAAAAAAAAAAAAAAAAAAAAAAAAGCqOCwDg///IGmpLgOD//8AAAAAAAAAAAAAAAAEAAAA6A0AAFdoZWEAAAAAAAAAAADQliwDg///AAAAAAAAAAAIAAAAYAEAAAAAAAAAAAAAAAAAAAAAAAAAAAAAAAAAAMwDAAAKAAAAAAAAAAIAAABBAQAABAAAAAgAAAABAAAAAAAAAAAAAIAAAAEGAAAAAAAAAAAAAAAA//////////8AAQAAAAQAAAEEAAACBAAAAwQAAP//////////AQEAAAQEAAAFBAAABgQAAAcEAAD//////////wIBAAAIBAAACQQAAAoEAAALBAAA//////////8DAQAADAQAAA0EAAAOBAAADwQAAP//////////BAEAABAEAAARBAAAEgQAABMEAAD//////////wUBAAAUBAAAFQQAABYEAAAXBAAA//////////8GAQAAGAQAABkEAAAaBAAAGwQAAP//////////BwEAABwEAAAdBAAAHgQAAB8EAAD//////////wgBAAAgBAAAIQQAACIEAAAjBAAA//////////8JAQAAJAQAACUEAAAmBAAAJwQAAP//////////CgEAACgEAAApBAAAKgQAACsEAAD//////////wsBAAAsBAAALQQAAC4EAAAvBAAA//////////8MAQAAMAQAADEEAAAyBAAAMwQAAP//////////DQEAADQEAAA1BAAANgQAADcEAAD//////////w4BAAA4BAAAOQQAADoEAAA7BAAA//////////8PAQAAPAQAAD0EAAA+BAAAPwQAAP//////////AAAAAAAAAAAAAAAAAAAAAAAAAAAAAAAAAAAAAAAAAAAAAAAAAAAAAAAAAAAAAAAAAAAAAAAAAAAAAAAAAAAAAAAAAAAAAAAAAAAAAAAAAAAAAAAAAAAAAAAAAAAAAAAAAAAAAAAAAAAAAAAAAAAAAAAAAAAAAAAAAAAAAAAAAAAAAAAAAAAAAAAAAAAAAAAAAAAAAAAAAAAAAAAAAAAAAAAAAAAAAAAAAAAAAAAAAAAAAAAAAAAAAAAAAAAAAAAAAAAAAAAAAAAAAAAAAAAAAAAAAAAAAAAAAAAAAAAAAAAAAAAAAAAAAAAAAAAAAAAAAAAAAAAAAAAAAAAAAAAAAAAAAAAAAAAAAAAAAAAAAAAAAAAAAAAAAAAAAAAAAAAAAAAAAAAAAAAAAAAAAAAAAAAAAAAAAAAAAAAAAAAAAAAAAAAAAAAAAAAAAAAAAAAAAAAAAAAAAAAAAAAAAAAAAAAAAAAAAAAAAAAAAAAAAAAAAAAAAAAAAAAAAAAAAAAAAAAAAAAAAAAAAAAAAAAAAAAAAAAAAAAAAAAAAAAAAAAAAAAAAAAAAAAAAAAAAAAAAAAAAAAAAAAAAAAAAAAAAAAAAAAAAAAAAAAAAAAAAAAQsHIsA4P//2DqLCwDg///AAAAAAAAAAAAAAAABAAAAOgNAABXaGVhAQAAAAAAAAAAEJcsA4P//wAAAAAAAAAACAAAAGABAAAAAAAAAAAAAAAAAAAAAAAAAAAAAAAAAADMAwAACgAAAAEAAAACAAAAQQEAAAQAAAAIAAAAAgAAAAAAAAAAAACAAQABBgAAAAAFHAAAYOoAAAAAAAAAAAAAAAAAAAAAAAAAAAAAAAEAAAAEAAABBAAAAgQAAAMEAAD//////////wEBAAAEBAAABQQAAAYEAAAHBAAA//////////8CAQAACAQAAAkEAAAKBAAACwQAAP//////////AwEAAAwEAAANBAAADgQAAA8EAAD//////////wQBAAAQBAAAEQQAABIEAAATBAAA//////////8FAQAAFAQAABUEAAAWBAAAFwQAAP//////////BgEAABgEAAAZBAAAGgQAABsEAAD//////////wcBAAAcBAAAHQQAAB4EAAAfBAAA//////////8IAQAAIAQAACEEAAAiBAAAIwQAAP//////////CQEAACQEAAAlBAAAJgQAACcEAAD//////////woBAAAoBAAAKQQAACoEAAArBAAA//////////8LAQAALAQAAC0EAAAuBAAALwQAAP//////////DAEAADAEAAAxBAAAMgQAADMEAAD//////////w0BAAA0BAAANQQAADYEAAA3BAAA//////////8OAQAAOAQAADkEAAA6BAAAOwQAAP//////////DwEAADwEAAA9BAAAPgQAAD8EAAD//////////wAAAAAAAAAAAAAAAAAAAAAAAAAAAAAAAAAAAAAAAAAAAAAAAAAAAAAAAAAAAAAAAAAAAAAAAAAAAAAAAAAAAAAAAAAAAAAAAAAAAAAAAAAAAAAAAAAAAAAAAAAAAAAAAAAAAAAAAAAAAAAAAAAAAAAAAAAAAAAAAAAAAAAAAAAAAAAAAAAAAAAAAAAAAAAAAAAAAAAAAAAAAAAAAAAAAAAAAAAAAAAAAAAAAAAAAAAAAAAAAAAAAAAAAAAAAAAAAAAAAAAAAAAAAAAAAAAAAAAAAAAAAAAAAAAAAAAAAAAAAAAAAAAAAAAAAAAAAAAAAAAAAAAAAAAAAAAAAAAAAAAAAAAAAAAAAAAAAAAAAAAAAAAAAAAAAAAAAAAAAAAAAAAAAAAAAAAAAAAAAAAAAAAAAAAAAAAAAAAAAAAAAAAAAAAAAAAAAAAAAAAAAAAAAAAAAAAAAAAAAAAAAAAAAAAAAAAAAAAAAAAAAAAAAAAAAAAAAAAAAAAAAAAAAAAAAAAAAAAAAAAAAAAAAAAAAAAAAAAAAAAAAAAAAAAAAAAAAAAAAAAAAAAAAAAAAAAAAAAAAAAAAAAAAAAAAAAAAAAAAAAAYGo0LAOD//9gqjgsA4P//wAAAAAAAAAAAAAAAAEAAADABgAAV2hlYQMAAAAAAAAAwPiDLAOD//8AAAAAAAAAAAEAAADAAQAAAAAAAAAAAAAAAAAAAAAAAAAAAAAAAAAAzAMAAAoAAAADAAAAAgAAAAABAAABAAAAAwAAAAMAAAAAAAAAAAAAgAIAAQAAAAAAAAAAAAAAAAAAAAAAAAAAAAAAAAAAAAAAAAAAAAAAAAAAAAAAAAAAAAAAAAAAAAAAAAAAAAAAAAAAAAAAAAAAAAAAAAAAAAAAAAAAAAAAAAAAAAAAAAAAAAAAAAAAAAAAAAAAAAAAAAAAAAAAAAAAAAAAAAAAAAAAAAAAAAAAAAAAAAAAAAAAAAAAAAAAAAAAAAAAAAAAAAAAAAAAAAAAAAAAAAAAAAAAAAAAAAAAAAAAAAAAAAAAAAAAAAAAAAAAAAAAAAAAAAAAAAAAAAAAAAAAAAAAAAAAAAAAAAAAAAAAAAAAAAAAAAAAAAAAAAAAAAAAAAAAAAAAAAAAAAAAAAAAAAAAAAAAAAAAAAAAAAAAAAAAAAAAAAAAAAAAAAAAAAAAAAAAAAAAAAAAAAAAAAAAAAAAAAAAAAAAAAAAAAAAAAAAAAAAAAAAAAAAAAAAAAAAAAAAAAAAAAAAAAAAAAAAAAAAAAAAAAAAAAAAAAAAAAAAAAAAAAAAAAAAAAAAAAAAAAAAAAAAAAAAAAAAAAAAAAAAAAAAAAAAAAAAAAAAAAAAAAAAAAAAAAAAAAAAAAAAAAAAAAAAAAAAAAAAAAAAAAAAAAAAAAAAAAAAAAAAAAAAAAAAAAAAAAAAAAAAAAAAAAAAAAAAAAAAAAAAAAAAAAAAAAAAAAAAAAAAAAAAAAAAAAAAAAAAAAAAAAAAAAAAAAAAAAAAAAAAAAAAAAAAAAAAAAAAAAAAAAAAAAAAAAAAAAAAAAAAAAAAAAAAAAAAAAAAAAAAAAAAAAAAAAAAAAAAAAAAAAAAAAAAAAAAAAAAAAAAAAAAAAAAAAAAAAAAAAAAAAAAAAAAAAAAAAAAAAAAAAAAAAAAAAAAAAAAAAAAAAAAAAAAAAAAAAAAAAAAAAAAAAAAAAAAAAAAAAAAAAAAAAAAAAAAAAAAAAAAAAAAAAAAAAAAAAAAAAAAAAAAAAAAAAAAAAAAAAAAAAAAAAAAAAAAAAAAAAAAAAAAAAAAAAAAAAAAAAAAAAAAAAAAAAAAAAAAAAAAAAAAAAAAAAAAAAAAAAAAAAAAAAAAAAAAAAAAAAAAAAAAAAAAAAAAAAAAAAAAAAAAAAAAAAAAAAAAAAAAAAAAAAAAAAAAAAAAAAAAAAAAAAAAAAAAAAAAAAAAAAAAAAAAAAAAAAAAAAAAAAAAAAAAAAAAAAAAAAAAAAAAAAAAAAAAAAAAAAAAAAAAAAAAAAAAAAAAAKiv7UYF+P//ELByLAOD//8AAAAAAAAAAAAAAAAAAAAAAAAAAAAAAAAHAAAAAAAAAAAAAAAAAAAAAAAAAAAAAAAAAAAAAAAAAAAAAAAAAAAAAAAAAAAAAAABAAAAAAAAAMwDAAAKAAAABwAAAAIAAAAAEAAAAQAAAAgAAAAEAAAAAAAAAAAAAIAAAAAAAAAAAAAAAAAAAAAAAAAAAAAAAAAAAAAAAAAAAAAAAAAAAAAAAAAAAAAAAAAAAAAAAAAAAAAAAAAAAAAAAAAAAAAAAAAAAAAAAAAAAAAAAAAAAAAAAAAAAAAAAAAAAAAAAAAAAAAAAAAAAAAAAAAAAAAAAAAAAAAAAAAAAAAAAAAAAAAAAAAAAAAAAAAAAAAAAAAAAAAAAAAAAAAAAAAAAAAAAAAAAAAAAAAAAAAAAAAAAAAAAAAAAAAAAAAAAAAAAAAAAAAAAAAAAAAAAAAAAAAAAAAAAAAAAAAAAAAAAAAAAAAAAAAAAAAAAAAAAAAAAAAAAAAAAAAAAAAAAAAAAAAAAAAAAAAAAAAAAAAAAAAAAAAAAAAAAAAAAAAAAAAAAAAAAAAAAAAAAAAAAAAAAAAAAAAAAAAAAAAAAAAAAAAAAAAAAAAAAAAAAAAAAAAAAAAAAAAAAAAAAAAAAAAAAAAAAAAAAAAAAAAAAAAAAAAAAAAAAAAAAAAAAAAAAAAAAAAAAAAAAAAAAAAAAAAAAAAAAAAAAAAAAAAAAAAAAAAAAAAAAAAAAAAAAAAAAAAAAAAAAAAAAAAAAAAAAAAAAAAAAAAAAAAAAAAAAAAAAAAAAAAAAAAAAAAAAAAAAAAAAAAAAAAAAAAAAAAAAAAAAAAAAAAAAAAAAAAAAAAAAAAAAAAAAAAAAAAAAAAAAAAAAAAAAAAAAAAAAAAAAAAAAAAAAAAAAAAAAAAAAAAAAAAAAAAAAAAAAAAAAAAAAAAAAAAAAAAAAAAAAAAAAAAAAAAAAAAAAAAAAAAAAAAAAAAAAAAAAAAAAAAAAAAAAAAAAAAAAAAAAAAAAAAAAAAAAAAAAAAAAAAAAAAAAAAAAAAAAAAAAAAAAAAAAAAAAAAAAAAAAAAAAAAAAAAAAAAAAAAAAAAAAAAAAAAAAAAAAAAAAAAAAAAAAAAAAAAAAAAAAAAAAAAAAAAAAAAAAAAAAAAAAAAAAAAAAAAAAAAAAAAAAAAAAAAAAAAAAAAAAAAAAAAAAAAAAAAAAAAAAAAAAAAAAAAAAAAAAAAAAAAAAAAAAAAAAAAAAAAAAAAAAAAAAAAAAAAAAAAAAAAAAAAAAAAAAAAAAAAAAAAAAAAAAAAAAAAAAAAAAAAAAAAAAAAAAAAAAAAAAAAAAAAAAAAAAAAAAAAAAAAAAAAAAAAAAAAAAAAAAAAAAAAAAAAAAAAAAAAAAAAAAAAAAAAAAAAAAAAAAAA="}
{"EventID": "42", "Channel": "Microsoft-Windows-Kernel-WHEA/Operational", "Provider_Name": "Microsoft-Windows-Kernel-WHEA", "Computer": "DESKTOP-OFJ6N53", "TimeCreated": "2023-01-23 12:40:55.648544+00:00", "RecordID": "260", "Level": "4", "UserID": "S-1-5-18", "EventData.Type": "0", "EventData.Owner": "1280201291", "EventData.Id": "2147483650", "EventData.Flags": "2", "EventData.Length": "5392", "EventData.RawData": "V2hMZwEAAAAQFQAAAAAAAEtSTkwCAACAAgAAAPAUAABg6iwsA4P//6iv7UYF+P//AAAAAAAAAAAAAAAAAQAAAPgpAABXaGVhEAAAAAAAAAAAkLYuA4P//wAAAAAAAAAAAwAAAHwNAAAAAAAAAAAAAAAAAAAAAAAAAAAAAAAAAADMAwAACwAAABAAAAACAAAALA0AAAEAAAADAAAAAAAAAAAAAAAAAAAAAAAAADxgwYNSFadIh9EU2UZ9d2VQUwAA2A4AAAEAAAAQgKkuA4P//9AsoksF+P//8CyiSwX4//+wU1ZGBfj//418IVdmXvtEgDObdMrO31sAAAAAAAAAAAAAAAAAAAAAZAQAAAEAAACQaY8uA4P//wAAAAAAAAAAAAAAAAAAAAAAAAAAAAAAAAAAAAAAAAAAAAAAAAAAAAAAAAAAAAAAAAAAAAAAAAAAAAAAAAAAAAAAAAAAAAAAAAAAAAAAAAAAAAAAAAAAAAAAAAAAAAAAAAAAAAAAAAAAAAAAAAAAAAAAAAAAAAAAAAAAAAAAAAAAAAAAAAAAAAAAAAAAAAAAAAAAAAAAAAAAAAAAAAAAAAAAAAAAAAAAAAAAAAAAAAAAAAAAAAAAAAAAAAAAAAAAAAAAAAAAAAAAAAAAAAAAAAAAAAAAAAAAAAAAAAAAAAAAAAAAAAAAAAAAAAAAAAAAAAAAAAAAAAAAAAAAAAAAAAAAAAAAAAAAAAAAAAAAAAAAAAAAAAAAAAAAAAAAAAAAAAAAAAAAAAAAAAAAAAAAAAAAAAAAAAAAAAAAAAAAAAAAAAAAAAAAAAAAAAAAAAAAAAAAAAAAAAAAAAAAAAAAAAAAAAAAAAAAAAAAAAAAAAAAAAAAAAAAAAAAAAAAAAAAAAAAAAAAAAAAAAAAAAAAAAAAAAAAAAAAAAAAAAAAAAAAAAAAAAAAAAAAAAAAAAAAAAAAAAAAAAAAAAAAAAAAAAAAAAAAAAAAAAAAAAAAAAAAAAAAAAAAAAAAAAAAAAAAAAAAAAAAAAAAAAAAAAAAAAAAAAAAAAAAAAAAAAAAAAAAAAAAAAAAAAAAAAAAAAAAAAAAAAAAAAAAAAAAAAAAAAAAAAAAAAAAAAAAAAAAAAAAAAAAAAAAAAAAAAAAAAAAAAAAAAAAAAAAAAAAAAAAAAAAAAAAAAAAAAAAAAAAAAAAAAAAAAAAAAAAAAAAAAAAAAAAAAAAAAAAAAAAAAAAAAAAAAAAAAAAAAAAAAAAAAAAAAAAAAAAAAAAAAAAAAAAAAAAAAAAAAAAAAAAAAAAAAAAAAAAAAAAAAAAAAAAAAAAAAAAAAAAAAAAAAAAAAAAAAAAAAAAAAAAAAAAAAAAAAAAAAAAAAAAAAAAAAAAAAAAAAAAAAAAAAAAAAAAAAAAAAAAAAAAAAAAAAAAAAAAAAAAAAAAAAAAAAAAAAAAAAAAAAAAAAAAAAAAAAAAAAAAAAAAAAAAAAAAYKo4LAOD//8gaakuA4P//wAAAAAAAAAAAAAAAAQAAADoDQAAV2hlYQAAAAAAAAAAANCWLAOD//8AAAAAAAAAAAgAAABgAQAAAAAAAAAAAAAAAAAAAAAAAAAAAAAAAAAAzAMAAAoAAAAAAAAAAgAAAEEBAAAEAAAACAAAAAEAAAAAAAAAAAAAgAAAAQYAAAAAAAAAAAAAAAD//////////wABAAAABAAAAQQAAAIEAAADBAAA//////////8BAQAABAQAAAUEAAAGBAAABwQAAP//////////AgEAAAgEAAAJBAAACgQAAAsEAAD//////////wMBAAAMBAAADQQAAA4EAAAPBAAA//////////8EAQAAEAQAABEEAAASBAAAEwQAAP//////////BQEAABQEAAAVBAAAFgQAABcEAAD//////////wYBAAAYBAAAGQQAABoEAAAbBAAA//////////8HAQAAHAQAAB0EAAAeBAAAHwQAAP//////////CAEAACAEAAAhBAAAIgQAACMEAAD//////////wkBAAAkBAAAJQQAACYEAAAnBAAA//////////8KAQAAKAQAACkEAAAqBAAAKwQAAP//////////CwEAACwEAAAtBAAALgQAAC8EAAD//////////wwBAAAwBAAAMQQAADIEAAAzBAAA//////////8NAQAANAQAADUEAAA2BAAANwQAAP//////////DgEAADgEAAA5BAAAOgQAADsEAAD//////////w8BAAA8BAAAPQQAAD4EAAA/BAAA//////////8AAAAAAAAAAAAAAAAAAAAAAAAAAAAAAAAAAAAAAAAAAAAAAAAAAAAAAAAAAAAAAAAAAAAAAAAAAAAAAAAAAAAAAAAAAAAAAAAAAAAAAAAAAAAAAAAAAAAAAAAAAAAAAAAAAAAAAAAAAAAAAAAAAAAAAAAAAAAAAAAAAAAAAAAAAAAAAAAAAAAAAAAAAAAAAAAAAAAAAAAAAAAAAAAAAAAAAAAAAAAAAAAAAAAAAAAAAAAAAAAAAAAAAAAAAAAAAAAAAAAAAAAAAAAAAAAAAAAAAAAAAAAAAAAAAAAAAAAAAAAAAAAAAAAAAAAAAAAAAAAAAAAAAAAAAAAAAAAAAAAAAAAAAAAAAAAAAAAAAAAAAAAAAAAAAAAAAAAAAAAAAAAAAAAAAAAAAAAAAAAAAAAAAAAAAAAAAAAAAAAAAAAAAAAAAAAAAAAAAAAAAAAAAAAAAAAAAAAAAAAAAAAAAAAAAAAAAAAAAAAAAAAAAAAAAAAAAAAAAAAAAAAAAAAAAAAAAAAAAAAAAAAAAAAAAAAAAAAAAAAAAAAAAAAAAAAAAAAAAAAAAAAAAAAAAAAAAAAAAAAAAAAAAAAAAAAAAAAAAAAAAAAAAAAAAAAAAAAAABCwciwDg///YOosLAOD//8AAAAAAAAAAAAAAAAEAAAA6A0AAFdoZWEBAAAAAAAAAAAQlywDg///AAAAAAAAAAAIAAAAYAEAAAAAAAAAAAAAAAAAAAAAAAAAAAAAAAAAAMwDAAAKAAAAAQAAAAIAAABBAQAABAAAAAgAAAACAAAAAAAAAAAAAIABAAEGAAAAAAUcAABg6gAAAAAAAAAAAAAAAAAAAAAAAAAAAAAAAQAAAAQAAAEEAAACBAAAAwQAAP//////////AQEAAAQEAAAFBAAABgQAAAcEAAD//////////wIBAAAIBAAACQQAAAoEAAALBAAA//////////8DAQAADAQAAA0EAAAOBAAADwQAAP//////////BAEAABAEAAARBAAAEgQAABMEAAD//////////wUBAAAUBAAAFQQAABYEAAAXBAAA//////////8GAQAAGAQAABkEAAAaBAAAGwQAAP//////////BwEAABwEAAAdBAAAHgQAAB8EAAD//////////wgBAAAgBAAAIQQAACIEAAAjBAAA//////////8JAQAAJAQAACUEAAAmBAAAJwQAAP//////////CgEAACgEAAApBAAAKgQAACsEAAD//////////wsBAAAsBAAALQQAAC4EAAAvBAAA//////////8MAQAAMAQAADEEAAAyBAAAMwQAAP//////////DQEAADQEAAA1BAAANgQAADcEAAD//////////w4BAAA4BAAAOQQAADoEAAA7BAAA//////////8PAQAAPAQAAD0EAAA+BAAAPwQAAP//////////AAAAAAAAAAAAAAAAAAAAAAAAAAAAAAAAAAAAAAAAAAAAAAAAAAAAAAAAAAAAAAAAAAAAAAAAAAAAAAAAAAAAAAAAAAAAAAAAAAAAAAAAAAAAAAAAAAAAAAAAAAAAAAAAAAAAAAAAAAAAAAAAAAAAAAAAAAAAAAAAAAAAAAAAAAAAAAAAAAAAAAAAAAAAAAAAAAAAAAAAAAAAAAAAAAAAAAAAAAAAAAAAAAAAAAAAAAAAAAAAAAAAAAAAAAAAAAAAAAAAAAAAAAAAAAAAAAAAAAAAAAAAAAAAAAAAAAAAAAAAAAAAAAAAAAAAAAAAAAAAAAAAAAAAAAAAAAAAAAAAAAAAAAAAAAAAAAAAAAAAAAAAAAAAAAAAAAAAAAAAAAAAAAAAAAAAAAAAAAAAAAAAAAAAAAAAAAAAAAAAAAAAAAAAAAAAAAAAAAAAAAAAAAAAAAAAAAAAAAAAAAAAAAAAAAAAAAAAAAAAAAAAAAAAAAAAAAAAAAAAAAAAAAAAAAAAAAAAAAAAAAAAAAAAAAAAAAAAAAAAAAAAAAAAAAAAAAAAAAAAAAAAAAAAAAAAAAAAAAAAAAAAAAAAAAAAAAAAAAAAAABgajQsA4P//2CqOCwDg///AAAAAAAAAAAAAAAAAQAAAMAGAABXaGVhAwAAAAAAAADA+IMsA4P//wAAAAAAAAAAAQAAAMABAAAAAAAAAAAAAAAAAAAAAAAAAAAAAAAAAADMAwAACgAAAAMAAAACAAAAAAEAAAEAAAADAAAAAwAAAAAAAAAAAACAAgABAAAAAAAAAAAAAAAAAAAAAAAAAAAAAAAAAAAAAAAAAAAAAAAAAAAAAAAAAAAAAAAAAAAAAAAAAAAAAAAAAAAAAAAAAAAAAAAAAAAAAAAAAAAAAAAAAAAAAAAAAAAAAAAAAAAAAAAAAAAAAAAAAAAAAAAAAAAAAAAAAAAAAAAAAAAAAAAAAAAAAAAAAAAAAAAAAAAAAAAAAAAAAAAAAAAAAAAAAAAAAAAAAAAAAAAAAAAAAAAAAAAAAAAAAAAAAAAAAAAAAAAAAAAAAAAAAAAAAAAAAAAAAAAAAAAAAAAAAAAAAAAAAAAAAAAAAAAAAAAAAAAAAAAAAAAAAAAAAAAAAAAAAAAAAAAAAAAAAAAAAAAAAAAAAAAAAAAAAAAAAAAAAAAAAAAAAAAAAAAAAAAAAAAAAAAAAAAAAAAAAAAAAAAAAAAAAAAAAAAAAAAAAAAAAAAAAAAAAAAAAAAAAAAAAAAAAAAAAAAAAAAAAAAAAAAAAAAAAAAAAAAAAAAAAAAAAAAAAAAAAAAAAAAAAAAAAAAAAAAAAAAAAAAAAAAAAAAAAAAAAAAAAAAAAAAAAAAAAAAAAAAAAAAAAAAAAAAAAAAAAAAAAAAAAAAAAAAAAAAAAAAAAAAAAAAAAAAAAAAAAAAAAAAAAAAAAAAAAAAAAAAAAAAAAAAAAAAAAAAAAAAAAAAAAAAAAAAAAAAAAAAAAAAAAAAAAAAAAAAAAAAAAAAAAAAAAAAAAAAAAAAAAAAAAAAAAAAAAAAAAAAAAAAAAAAAAAAAAAAAAAAAAAAAAAAAAAAAAAAAAAAAAAAAAAAAAAAAAAAAAAAAAAAAAAAAAAAAAAAAAAAAAAAAAAAAAAAAAAAAAAAAAAAAAAAAAAAAAAAAAAAAAAAAAAAAAAAAAAAAAAAAAAAAAAAAAAAAAAAAAAAAAAAAAAAAAAAAAAAAAAAAAAAAAAAAAAAAAAAAAAAAAAAAAAAAAAAAAAAAAAAAAAAAAAAAAAAAAAAAAAAAAAAAAAAAAAAAAAAAAAAAAAAAAAAAAAAAAAAAAAAAAAAAAAAAAAAAAAAAAAAAAAAAAAAAAAAAAAAAAAAAAAAAAAAAAAAAAAAAAAAAAAAAAAAAAAAAAAAAAAAAAAAAAAAAAAAAAAAAAAAAAAAAAAAAAAAAAAAAAAAAAAAAAAAAAAAAAAAAAAAAAAAAAAAAAAAAAAAAAAAAAAAAAAAAAAAAAAAAAAAAAAAAAAAAAAAAAAAAAAAAqK/tRgX4//8QsHIsA4P//wAAAAAAAAAAAAAAAAAAAAAAAAAAAAAAAAcAAAAAAAAAAAAAAAAAAAAAAAAAAAAAAAAAAAAAAAAAAAAAAAAAAAAAAAAAAAAAAAEAAAAAAAAAzAMAAAoAAAAHAAAAAgAAAAAQAAABAAAACAAAAAQAAAAAAAAAAAAAgAAAAAAAAAAAAAAAAAAAAAAAAAAAAAAAAAAAAAAAAAAAAAAAAAAAAAAAAAAAAAAAAAAAAAAAAAAAAAAAAAAAAAAAAAAAAAAAAAAAAAAAAAAAAAAAAAAAAAAAAAAAAAAAAAAAAAAAAAAAAAAAAAAAAAAAAAAAAAAAAAAAAAAAAAAAAAAAAAAAAAAAAAAAAAAAAAAAAAAAAAAAAAAAAAAAAAAAAAAAAAAAAAAAAAAAAAAAAAAAAAAAAAAAAAAAAAAAAAAAAAAAAAAAAAAAAAAAAAAAAAAAAAAAAAAAAAAAAAAAAAAAAAAAAAAAAAAAAAAAAAAAAAAAAAAAAAAAAAAAAAAAAAAAAAAAAAAAAAAAAAAAAAAAAAAAAAAAAAAAAAAAAAAAAAAAAAAAAAAAAAAAAAAAAAAAAAAAAAAAAAAAAAAAAAAAAAAAAAAAAAAAAAAAAAAAAAAAAAAAAAAAAAAAAAAAAAAAAAAAAAAAAAAAAAAAAAAAAAAAAAAAAAAAAAAAAAAAAAAAAAAAAAAAAAAAAAAAAAAAAAAAAAAAAAAAAAAAAAAAAAAAAAAAAAAAAAAAAAAAAAAAAAAAAAAAAAAAAAAAAAAAAAAAAAAAAAAAAAAAAAAAAAAAAAAAAAAAAAAAAAAAAAAAAAAAAAAAAAAAAAAAAAAAAAAAAAAAAAAAAAAAAAAAAAAAAAAAAAAAAAAAAAAAAAAAAAAAAAAAAAAAAAAAAAAAAAAAAAAAAAAAAAAAAAAAAAAAAAAAAAAAAAAAAAAAAAAAAAAAAAAAAAAAAAAAAAAAAAAAAAAAAAAAAAAAAAAAAAAAAAAAAAAAAAAAAAAAAAAAAAAAAAAAAAAAAAAAAAAAAAAAAAAAAAAAAAAAAAAAAAAAAAAAAAAAAAAAAAAAAAAAAAAAAAAAAAAAAAAAAAAAAAAAAAAAAAAAAAAAAAAAAAAAAAAAAAAAAAAAAAAAAAAAAAAAAAAAAAAAAAAAAAAAAAAAAAAAAAAAAAAAAAAAAAAAAAAAAAAAAAAAAAAAAAAAAAAAAAAAAAAAAAAAAAAAAAAAAAAAAAAAAAAAAAAAAAAAAAAAAAAAAAAAAAAAAAAAAAAAAAAAAAAAAAAAAAAAAAAAAAAAAAAAAAAAAAAAAAAAAAAAAAAAAAAAAAAAAAAAAAAAAAAAAAAAAAAAAAAAAAAAAAAAAAAAAAAAAAAAAAAAAAAAAAAAAAAAAAAAAAAAAAAAAAAAAAAAAAAAAAAAAAAAAA=="}
{"EventID": "42", "Channel": "Microsoft-Windows-Kernel-WHEA/Operational", "Provider_Name": "Microsoft-Windows-Kernel-WHEA", "Computer": "DESKTOP-OFJ6N53", "TimeCreated": "2023-01-25 08:56:36.346813+00:00", "RecordID": "261", "Level": "4", "UserID": "S-1-5-18", "EventData.Type": "0", "EventData.Owner": "1280201291", "EventData.Id": "2147483660", "EventData.Flags": "2", "EventData.Length": "1009", "EventData.RawData": "V2hMZwEAAADxAwAAAAAAAEtSTkwMAACAAgAAANEDAADMAwAACwAAABAAAAABAAAALA0AAAEAAAADAAAAAAAAAAAAAAAAAAAAAAAAADxgwYNSFadIh9EU2UZ9d2VQUwAA2A4AAAEAAAAQIJipCMX//9AsolQH+P//8CyiVAf4//+wU7ZSB/j//418IVdmXvtEgDObdMrO31sAAAAAAAAAAAAAAAAAAAAAZAQAAAEAAAAQEn+pCMX//wAAAAAAAAAAAAAAAAAAAAAAAAAAAAAAAAAAAAAAAAAAAAAAAAAAAAAAAAAAAAAAAAAAAAAAAAAAAAAAAAAAAAAAAAAAAAAAAAAAAAAAAAAAAAAAAAAAAAAAAAAAAAAAAAAAAAAAAAAAAAAAAAAAAAAAAAAAAAAAAAAAAAAAAAAAAAAAAAAAAAAAAAAAAAAAAAAAAAAAAAAAAAAAAAAAAAAAAAAAAAAAAAAAAAAAAAAAAAAAAAAAAAAAAAAAAAAAAAAAAAAAAAAAAAAAAAAAAAAAAAAAAAAAAAAAAAAAAAAAAAAAAAAAAAAAAAAAAAAAAAAAAAAAAAAAAAAAAAAAAAAAAAAAAAAAAAAAAAAAAAAAAAAAAAAAAAAAAAAAAAAAAAAAAAAAAAAAAAAAAAAAAAAAAAAAAAAAAAAAAAAAAAAAAAAAAAAAAAAAAAAAAAAAAAAAAAAAAAAAAAAAAAAAAAAAAAAAAAAAAAAAAAAAAAAAAAAAAAAAAAAAAAAAAAAAAAAAAAAAAAAAAAAAAAAAAAAAAAAAAAAAAAAAAAAAAAAAAAAAAAAAAAAAAAAAAAAAAAAAAAAAAAAAAAAAAAAAAAAAAAAAAAAAAAAAAAAAAAAAAAAAAAAAAAAAAAAAAAAAAAAAAAAAAAAAAAAAAAAAAAAAAAAAAAAAAAAAAAAAAAAAAAAAAAAAAAAAAAAAAAAAAAAAAAAAAAAAAAAAAAAAAAAAAAAAAAAAAAAAAAAAAAAAAAAAAAAAAAAAAAAAAAAAAAAAAAAAAAAAAAAAAAAAAAAAAAAAAAAAAAAAAAAAAAAAAAAAAAAAAAAAAAAAAAAAAAAAAAAAAAAAAAAAAAAAAAAAAAAAAAAAAAAAAAAAAAAAAAAAAAAAAAAAAAAAAAAAAAAAAAAAAAAAAAAAAAAAAAAAAAAAAAAAAAAAAAAAAAAAAAAAAAAAAAAAAAAAAAAAAAAAAAAAAAAAAAAAAAAAAAAAAAAAAAAAAAAAAAAAAAAAAAAAAAAAAAAAAAAAAAAAAAAAAAAAAAAAAAAAAAAAAAAAAAAAAAAAAAAAAAAAAAAAAAAAAAAAAAAAAAAAAAAAAAAAAAAAAAAAAA=="}
{"EventID": "42", "Channel": "Microsoft-Windows-Kernel-WHEA/Operational", "Provider_Name": "Microsoft-Windows-Kernel-WHEA", "Computer": "DESKTOP-OFJ6N53", "TimeCreated": "2023-01-25 08:56:49.339468+00:00", "RecordID": "262", "Level": "4", "UserID": "S-1-5-18", "EventData.Type": "0", "EventData.Owner": "1145590608", "EventData.Id": "2147483658", "EventData.Flags": "2", "EventData.Length": "34", "EventData.RawData": "V2hMZwEAAAAiAAAAAAAAAFBTSEQKAACAAgAAAAIAAAAAAQ=="}
{"EventID": "5", "Channel": "Microsoft-Windows-Kernel-WHEA/Operational", "Provider_Name": "Microsoft-Windows-Kernel-WHEA", "Computer": "DESKTOP-OFJ6N53", "TimeCreated": "2023-01-25 08:56:49.340216+00:00", "RecordID": "263", "Level": "4", "UserID": "S-1-5-18", "EventData.ErrorSourceCount": "5", "EventData.ErrorRecordFormat": "10", "EventData.ErrorSourceTableLength": "5360", "EventData.ErrorSourceTable": "IFqAqQjF//+or01TB/j//wAAAAAAAAAAAAAAAAEAAAD4KQAAV2hlYRAAAAAAAAAAALCbqQjF//8AAAAAAAAAAAMAAAB8DQAAAAAAAAAAAAAAAAAAAAAAAAAAAAAAAAAAzAMAAAsAAAAQAAAAAgAAACwNAAABAAAAAwAAAAAAAAAAAAAAAAAAAAAAAAA8YMGDUhWnSIfRFNlGfXdlUFMAANgOAAABAAAAECCYqQjF///QLKJUB/j///AsolQH+P//sFO2Ugf4//+NfCFXZl77RIAzm3TKzt9bAAAAAAAAAAAAAAAAAAAAAGQEAAABAAAAEBJ/qQjF//8AAAAAAAAAAAAAAAAAAAAAAAAAAAAAAAAAAAAAAAAAAAAAAAAAAAAAAAAAAAAAAAAAAAAAAAAAAAAAAAAAAAAAAAAAAAAAAAAAAAAAAAAAAAAAAAAAAAAAAAAAAAAAAAAAAAAAAAAAAAAAAAAAAAAAAAAAAAAAAAAAAAAAAAAAAAAAAAAAAAAAAAAAAAAAAAAAAAAAAAAAAAAAAAAAAAAAAAAAAAAAAAAAAAAAAAAAAAAAAAAAAAAAAAAAAAAAAAAAAAAAAAAAAAAAAAAAAAAAAAAAAAAAAAAAAAAAAAAAAAAAAAAAAAAAAAAAAAAAAAAAAAAAAAAAAAAAAAAAAAAAAAAAAAAAAAAAAAAAAAAAAAAAAAAAAAAAAAAAAAAAAAAAAAAAAAAAAAAAAAAAAAAAAAAAAAAAAAAAAAAAAAAAAAAAAAAAAAAAAAAAAAAAAAAAAAAAAAAAAAAAAAAAAAAAAAAAAAAAAAAAAAAAAAAAAAAAAAAAAAAAAAAAAAAAAAAAAAAAAAAAAAAAAAAAAAAAAAAAAAAAAAAAAAAAAAAAAAAAAAAAAAAAAAAAAAAAAAAAAAAAAAAAAAAAAAAAAAAAAAAAAAAAAAAAAAAAAAAAAAAAAAAAAAAAAAAAAAAAAAAAAAAAAAAAAAAAAAAAAAAAAAAAAAAAAAAAAAAAAAAAAAAAAAAAAAAAAAAAAAAAAAAAAAAAAAAAAAAAAAAAAAAAAAAAAAAAAAAAAAAAAAAAAAAAAAAAAAAAAAAAAAAAAAAAAAAAAAAAAAAAAAAAAAAAAAAAAAAAAAAAAAAAAAAAAAAAAAAAAAAAAAAAAAAAAAAAAAAAAAAAAAAAAAAAAAAAAAAAAAAAAAAAAAAAAAAAAAAAAAAAAAAAAAAAAAAAAAAAAAAAAAAAAAAAAAAAAAAAAAAAAAAAAAAAAAAAAAAAAAAAAAAAAAAAAAAAAAAAAAAAAAAAAAAAAAAAAAAAAAAAAAAAAAAAAAAAAAAAAAAAAAAAAAAAAAAAAAAAAAAAAAAAAAAAAAAAAAAAAAAAAAAAAAAAAAAAAAAAAAAAAAAAAAAAAAAAAAAAAAAAAAAAAAAAAAAAAAAAACBqgKkIxf//oKibqQjF//8AAAAAAAAAAAAAAAAEAAAA6A0AAFdoZWEAAAAAAAAAAACAgKkIxf//AAAAAAAAAAAIAAAAYAEAAAAAAAAAAAAAAAAAAAAAAAAAAAAAAAAAAMwDAAAKAAAAAAAAAAIAAABBAQAABAAAAAgAAAABAAAAAAAAAAAAAIAAAAEGAAAAAAAAAAAAAAAA//////////8AAQAAAAQAAAEEAAACBAAAAwQAAP//////////AQEAAAQEAAAFBAAABgQAAAcEAAD//////////wIBAAAIBAAACQQAAAoEAAALBAAA//////////8DAQAADAQAAA0EAAAOBAAADwQAAP//////////BAEAABAEAAARBAAAEgQAABMEAAD//////////wUBAAAUBAAAFQQAABYEAAAXBAAA//////////8GAQAAGAQAABkEAAAaBAAAGwQAAP//////////BwEAABwEAAAdBAAAHgQAAB8EAAD//////////wgBAAAgBAAAIQQAACIEAAAjBAAA//////////8JAQAAJAQAACUEAAAmBAAAJwQAAP//////////CgEAACgEAAApBAAAKgQAACsEAAD//////////wsBAAAsBAAALQQAAC4EAAAvBAAA//////////8MAQAAMAQAADEEAAAyBAAAMwQAAP//////////DQEAADQEAAA1BAAANgQAADcEAAD//////////w4BAAA4BAAAOQQAADoEAAA7BAAA//////////8PAQAAPAQAAD0EAAA+BAAAPwQAAP//////////AAAAAAAAAAAAAAAAAAAAAAAAAAAAAAAAAAAAAAAAAAAAAAAAAAAAAAAAAAAAAAAAAAAAAAAAAAAAAAAAAAAAAAAAAAAAAAAAAAAAAAAAAAAAAAAAAAAAAAAAAAAAAAAAAAAAAAAAAAAAAAAAAAAAAAAAAAAAAAAAAAAAAAAAAAAAAAAAAAAAAAAAAAAAAAAAAAAAAAAAAAAAAAAAAAAAAAAAAAAAAAAAAAAAAAAAAAAAAAAAAAAAAAAAAAAAAAAAAAAAAAAAAAAAAAAAAAAAAAAAAAAAAAAAAAAAAAAAAAAAAAAAAAAAAAAAAAAAAAAAAAAAAAAAAAAAAAAAAAAAAAAAAAAAAAAAAAAAAAAAAAAAAAAAAAAAAAAAAAAAAAAAAAAAAAAAAAAAAAAAAAAAAAAAAAAAAAAAAAAAAAAAAAAAAAAAAAAAAAAAAAAAAAAAAAAAAAAAAAAAAAAAAAAAAAAAAAAAAAAAAAAAAAAAAAAAAAAAAAAAAAAAAAAAAAAAAAAAAAAAAAAAAAAAAAAAAAAAAAAAAAAAAAAAAAAAAAAAAAAAAAAAAAAAAAAAAAAAAAAAAAAAAAAAAAAAAAAAAAAAAAAAAAAAAAAAAAAAAADAt4CpCMX//yBagKkIxf//AAAAAAAAAAAAAAAABAAAAOgNAABXaGVhAQAAAAAAAAAAwICpCMX//wAAAAAAAAAACAAAAGABAAAAAAAAAAAAAAAAAAAAAAAAAAAAAAAAAADMAwAACgAAAAEAAAACAAAAQQEAAAQAAAAIAAAAAgAAAAAAAAAAAACAAQABBgAAAAAFHAAAYOoAAAAAAAAAAAAAAAAAAAAAAAAAAAAAAAEAAAAEAAABBAAAAgQAAAMEAAD//////////wEBAAAEBAAABQQAAAYEAAAHBAAA//////////8CAQAACAQAAAkEAAAKBAAACwQAAP//////////AwEAAAwEAAANBAAADgQAAA8EAAD//////////wQBAAAQBAAAEQQAABIEAAATBAAA//////////8FAQAAFAQAABUEAAAWBAAAFwQAAP//////////BgEAABgEAAAZBAAAGgQAABsEAAD//////////wcBAAAcBAAAHQQAAB4EAAAfBAAA//////////8IAQAAIAQAACEEAAAiBAAAIwQAAP//////////CQEAACQEAAAlBAAAJgQAACcEAAD//////////woBAAAoBAAAKQQAACoEAAArBAAA//////////8LAQAALAQAAC0EAAAuBAAALwQAAP//////////DAEAADAEAAAxBAAAMgQAADMEAAD//////////w0BAAA0BAAANQQAADYEAAA3BAAA//////////8OAQAAOAQAADkEAAA6BAAAOwQAAP//////////DwEAADwEAAA9BAAAPgQAAD8EAAD//////////wAAAAAAAAAAAAAAAAAAAAAAAAAAAAAAAAAAAAAAAAAAAAAAAAAAAAAAAAAAAAAAAAAAAAAAAAAAAAAAAAAAAAAAAAAAAAAAAAAAAAAAAAAAAAAAAAAAAAAAAAAAAAAAAAAAAAAAAAAAAAAAAAAAAAAAAAAAAAAAAAAAAAAAAAAAAAAAAAAAAAAAAAAAAAAAAAAAAAAAAAAAAAAAAAAAAAAAAAAAAAAAAAAAAAAAAAAAAAAAAAAAAAAAAAAAAAAAAAAAAAAAAAAAAAAAAAAAAAAAAAAAAAAAAAAAAAAAAAAAAAAAAAAAAAAAAAAAAAAAAAAAAAAAAAAAAAAAAAAAAAAAAAAAAAAAAAAAAAAAAAAAAAAAAAAAAAAAAAAAAAAAAAAAAAAAAAAAAAAAAAAAAAAAAAAAAAAAAAAAAAAAAAAAAAAAAAAAAAAAAAAAAAAAAAAAAAAAAAAAAAAAAAAAAAAAAAAAAAAAAAAAAAAAAAAAAAAAAAAAAAAAAAAAAAAAAAAAAAAAAAAAAAAAAAAAAAAAAAAAAAAAAAAAAAAAAAAAAAAAAAAAAAAAAAAAAAAAAAAAAAAAAAAAAAAAAAAAAAAAAAAAwPeAqQjF//8gaoCpCMX//wAAAAAAAAAAAAAAAAEAAADABgAAV2hlYQMAAAAAAAAA0NBFpwjF//8AAAAAAAAAAAEAAADAAQAAAAAAAAAAAAAAAAAAAAAAAAAAAAAAAAAAzAMAAAoAAAADAAAAAgAAAAABAAABAAAAAwAAAAMAAAAAAAAAAAAAgAIAAQAAAAAAAAAAAAAAAAAAAAAAAAAAAAAAAAAAAAAAAAAAAAAAAAAAAAAAAAAAAAAAAAAAAAAAAAAAAAAAAAAAAAAAAAAAAAAAAAAAAAAAAAAAAAAAAAAAAAAAAAAAAAAAAAAAAAAAAAAAAAAAAAAAAAAAAAAAAAAAAAAAAAAAAAAAAAAAAAAAAAAAAAAAAAAAAAAAAAAAAAAAAAAAAAAAAAAAAAAAAAAAAAAAAAAAAAAAAAAAAAAAAAAAAAAAAAAAAAAAAAAAAAAAAAAAAAAAAAAAAAAAAAAAAAAAAAAAAAAAAAAAAAAAAAAAAAAAAAAAAAAAAAAAAAAAAAAAAAAAAAAAAAAAAAAAAAAAAAAAAAAAAAAAAAAAAAAAAAAAAAAAAAAAAAAAAAAAAAAAAAAAAAAAAAAAAAAAAAAAAAAAAAAAAAAAAAAAAAAAAAAAAAAAAAAAAAAAAAAAAAAAAAAAAAAAAAAAAAAAAAAAAAAAAAAAAAAAAAAAAAAAAAAAAAAAAAAAAAAAAAAAAAAAAAAAAAAAAAAAAAAAAAAAAAAAAAAAAAAAAAAAAAAAAAAAAAAAAAAAAAAAAAAAAAAAAAAAAAAAAAAAAAAAAAAAAAAAAAAAAAAAAAAAAAAAAAAAAAAAAAAAAAAAAAAAAAAAAAAAAAAAAAAAAAAAAAAAAAAAAAAAAAAAAAAAAAAAAAAAAAAAAAAAAAAAAAAAAAAAAAAAAAAAAAAAAAAAAAAAAAAAAAAAAAAAAAAAAAAAAAAAAAAAAAAAAAAAAAAAAAAAAAAAAAAAAAAAAAAAAAAAAAAAAAAAAAAAAAAAAAAAAAAAAAAAAAAAAAAAAAAAAAAAAAAAAAAAAAAAAAAAAAAAAAAAAAAAAAAAAAAAAAAAAAAAAAAAAAAAAAAAAAAAAAAAAAAAAAAAAAAAAAAAAAAAAAAAAAAAAAAAAAAAAAAAAAAAAAAAAAAAAAAAAAAAAAAAAAAAAAAAAAAAAAAAAAAAAAAAAAAAAAAAAAAAAAAAAAAAAAAAAAAAAAAAAAAAAAAAAAAAAAAAAAAAAAAAAAAAAAAAAAAAAAAAAAAAAAAAAAAAAAAAAAAAAAAAAAAAAAAAAAAAAAAAAAAAAAAAAAAAAAAAAAAAAAAAAAAAAAAAAAAAAAAAAAAAAAAAAAAAAAAAAAAAAAAAAAAAAAAAAAAAAAAAAAAAAAAAAAAAAAAAAAAAAAAAAAAAAAAAAAAAAAAAAAAAAAAAAAAAAKivTVMH+P//wLeAqQjF//8AAAAAAAAAAAAAAAAAAAAAAAAAAAAAAAAHAAAAAAAAAAAAAAAAAAAAAAAAAAAAAAAAAAAAAAAAAAAAAAAAAAAAAAAAAAAAAAABAAAAAAAAAMwDAAAKAAAABwAAAAIAAAAAEAAAAQAAAAgAAAAEAAAAAAAAAAAAAIAAAAAAAAAAAAAAAAAAAAAAAAAAAAAAAAAAAAAAAAAAAAAAAAAAAAAAAAAAAAAAAAAAAAAAAAAAAAAAAAAAAAAAAAAAAAAAAAAAAAAAAAAAAAAAAAAAAAAAAAAAAAAAAAAAAAAAAAAAAAAAAAAAAAAAAAAAAAAAAAAAAAAAAAAAAAAAAAAAAAAAAAAAAAAAAAAAAAAAAAAAAAAAAAAAAAAAAAAAAAAAAAAAAAAAAAAAAAAAAAAAAAAAAAAAAAAAAAAAAAAAAAAAAAAAAAAAAAAAAAAAAAAAAAAAAAAAAAAAAAAAAAAAAAAAAAAAAAAAAAAAAAAAAAAAAAAAAAAAAAAAAAAAAAAAAAAAAAAAAAAAAAAAAAAAAAAAAAAAAAAAAAAAAAAAAAAAAAAAAAAAAAAAAAAAAAAAAAAAAAAAAAAAAAAAAAAAAAAAAAAAAAAAAAAAAAAAAAAAAAAAAAAAAAAAAAAAAAAAAAAAAAAAAAAAAAAAAAAAAAAAAAAAAAAAAAAAAAAAAAAAAAAAAAAAAAAAAAAAAAAAAAAAAAAAAAAAAAAAAAAAAAAAAAAAAAAAAAAAAAAAAAAAAAAAAAAAAAAAAAAAAAAAAAAAAAAAAAAAAAAAAAAAAAAAAAAAAAAAAAAAAAAAAAAAAAAAAAAAAAAAAAAAAAAAAAAAAAAAAAAAAAAAAAAAAAAAAAAAAAAAAAAAAAAAAAAAAAAAAAAAAAAAAAAAAAAAAAAAAAAAAAAAAAAAAAAAAAAAAAAAAAAAAAAAAAAAAAAAAAAAAAAAAAAAAAAAAAAAAAAAAAAAAAAAAAAAAAAAAAAAAAAAAAAAAAAAAAAAAAAAAAAAAAAAAAAAAAAAAAAAAAAAAAAAAAAAAAAAAAAAAAAAAAAAAAAAAAAAAAAAAAAAAAAAAAAAAAAAAAAAAAAAAAAAAAAAAAAAAAAAAAAAAAAAAAAAAAAAAAAAAAAAAAAAAAAAAAAAAAAAAAAAAAAAAAAAAAAAAAAAAAAAAAAAAAAAAAAAAAAAAAAAAAAAAAAAAAAAAAAAAAAAAAAAAAAAAAAAAAAAAAAAAAAAAAAAAAAAAAAAAAAAAAAAAAAAAAAAAAAAAAAAAAAAAAAAAAAAAAAAAAAAAAAAAAAAAAAAAAAAAAAAAAAAAAAAAAAAAAAAAAAAAAAAAAAAAAAAAAAAAAAAAAAAAAAAAAAAAAAAAAAAAAAAAAAAAAAAAAAAAAAAAAAAAAAAAAAAAAAAAAAAAAA="}
{"EventID": "42", "Channel": "Microsoft-Windows-Kernel-WHEA/Operational", "Provider_Name": "Microsoft-Windows-Kernel-WHEA", "Computer": "DESKTOP-OFJ6N53", "TimeCreated": "2023-01-25 08:56:49.340223+00:00", "RecordID": "264", "Level": "4", "UserID": "S-1-5-18", "EventData.Type": "0", "EventData.Owner": "1280201291", "EventData.Id": "2147483650", "EventData.Flags": "2", "EventData.Length": "5392", "EventData.RawData": "V2hMZwEAAAAQFQAAAAAAAEtSTkwCAACAAgAAAPAUAAAgWoCpCMX//6ivTVMH+P//AAAAAAAAAAAAAAAAAQAAAPgpAABXaGVhEAAAAAAAAAAAsJupCMX//wAAAAAAAAAAAwAAAHwNAAAAAAAAAAAAAAAAAAAAAAAAAAAAAAAAAADMAwAACwAAABAAAAACAAAALA0AAAEAAAADAAAAAAAAAAAAAAAAAAAAAAAAADxgwYNSFadIh9EU2UZ9d2VQUwAA2A4AAAEAAAAQIJipCMX//9AsolQH+P//8CyiVAf4//+wU7ZSB/j//418IVdmXvtEgDObdMrO31sAAAAAAAAAAAAAAAAAAAAAZAQAAAEAAAAQEn+pCMX//wAAAAAAAAAAAAAAAAAAAAAAAAAAAAAAAAAAAAAAAAAAAAAAAAAAAAAAAAAAAAAAAAAAAAAAAAAAAAAAAAAAAAAAAAAAAAAAAAAAAAAAAAAAAAAAAAAAAAAAAAAAAAAAAAAAAAAAAAAAAAAAAAAAAAAAAAAAAAAAAAAAAAAAAAAAAAAAAAAAAAAAAAAAAAAAAAAAAAAAAAAAAAAAAAAAAAAAAAAAAAAAAAAAAAAAAAAAAAAAAAAAAAAAAAAAAAAAAAAAAAAAAAAAAAAAAAAAAAAAAAAAAAAAAAAAAAAAAAAAAAAAAAAAAAAAAAAAAAAAAAAAAAAAAAAAAAAAAAAAAAAAAAAAAAAAAAAAAAAAAAAAAAAAAAAAAAAAAAAAAAAAAAAAAAAAAAAAAAAAAAAAAAAAAAAAAAAAAAAAAAAAAAAAAAAAAAAAAAAAAAAAAAAAAAAAAAAAAAAAAAAAAAAAAAAAAAAAAAAAAAAAAAAAAAAAAAAAAAAAAAAAAAAAAAAAAAAAAAAAAAAAAAAAAAAAAAAAAAAAAAAAAAAAAAAAAAAAAAAAAAAAAAAAAAAAAAAAAAAAAAAAAAAAAAAAAAAAAAAAAAAAAAAAAAAAAAAAAAAAAAAAAAAAAAAAAAAAAAAAAAAAAAAAAAAAAAAAAAAAAAAAAAAAAAAAAAAAAAAAAAAAAAAAAAAAAAAAAAAAAAAAAAAAAAAAAAAAAAAAAAAAAAAAAAAAAAAAAAAAAAAAAAAAAAAAAAAAAAAAAAAAAAAAAAAAAAAAAAAAAAAAAAAAAAAAAAAAAAAAAAAAAAAAAAAAAAAAAAAAAAAAAAAAAAAAAAAAAAAAAAAAAAAAAAAAAAAAAAAAAAAAAAAAAAAAAAAAAAAAAAAAAAAAAAAAAAAAAAAAAAAAAAAAAAAAAAAAAAAAAAAAAAAAAAAAAAAAAAAAAAAAAAAAAAAAAAAAAAAAAAAAAAAAAAAAAAAAAAAAAAAAAAAAAAAAAAAAAAAAAAAAAAAAAAAAAAAAAAAAAAAAAAAAAAAAAAAAAAAAAAAAAAAAAAAAAAAAAAAAAAAAAAAAAAAAAAAAAAAAAAAAAAAAAAAAAAAAAAAAIGqAqQjF//+gqJupCMX//wAAAAAAAAAAAAAAAAQAAADoDQAAV2hlYQAAAAAAAAAAAICAqQjF//8AAAAAAAAAAAgAAABgAQAAAAAAAAAAAAAAAAAAAAAAAAAAAAAAAAAAzAMAAAoAAAAAAAAAAgAAAEEBAAAEAAAACAAAAAEAAAAAAAAAAAAAgAAAAQYAAAAAAAAAAAAAAAD//////////wABAAAABAAAAQQAAAIEAAADBAAA//////////8BAQAABAQAAAUEAAAGBAAABwQAAP//////////AgEAAAgEAAAJBAAACgQAAAsEAAD//////////wMBAAAMBAAADQQAAA4EAAAPBAAA//////////8EAQAAEAQAABEEAAASBAAAEwQAAP//////////BQEAABQEAAAVBAAAFgQAABcEAAD//////////wYBAAAYBAAAGQQAABoEAAAbBAAA//////////8HAQAAHAQAAB0EAAAeBAAAHwQAAP//////////CAEAACAEAAAhBAAAIgQAACMEAAD//////////wkBAAAkBAAAJQQAACYEAAAnBAAA//////////8KAQAAKAQAACkEAAAqBAAAKwQAAP//////////CwEAACwEAAAtBAAALgQAAC8EAAD//////////wwBAAAwBAAAMQQAADIEAAAzBAAA//////////8NAQAANAQAADUEAAA2BAAANwQAAP//////////DgEAADgEAAA5BAAAOgQAADsEAAD//////////w8BAAA8BAAAPQQAAD4EAAA/BAAA//////////8AAAAAAAAAAAAAAAAAAAAAAAAAAAAAAAAAAAAAAAAAAAAAAAAAAAAAAAAAAAAAAAAAAAAAAAAAAAAAAAAAAAAAAAAAAAAAAAAAAAAAAAAAAAAAAAAAAAAAAAAAAAAAAAAAAAAAAAAAAAAAAAAAAAAAAAAAAAAAAAAAAAAAAAAAAAAAAAAAAAAAAAAAAAAAAAAAAAAAAAAAAAAAAAAAAAAAAAAAAAAAAAAAAAAAAAAAAAAAAAAAAAAAAAAAAAAAAAAAAAAAAAAAAAAAAAAAAAAAAAAAAAAAAAAAAAAAAAAAAAAAAAAAAAAAAAAAAAAAAAAAAAAAAAAAAAAAAAAAAAAAAAAAAAAAAAAAAAAAAAAAAAAAAAAAAAAAAAAAAAAAAAAAAAAAAAAAAAAAAAAAAAAAAAAAAAAAAAAAAAAAAAAAAAAAAAAAAAAAAAAAAAAAAAAAAAAAAAAAAAAAAAAAAAAAAAAAAAAAAAAAAAAAAAAAAAAAAAAAAAAAAAAAAAAAAAAAAAAAAAAAAAAAAAAAAAAAAAAAAAAAAAAAAAAAAAAAAAAAAAAAAAAAAAAAAAAAAAAAAAAAAAAAAAAAAAAAAAAAAAAAAAAAAAAAAAAAAAAAAMC3gKkIxf//IFqAqQjF//8AAAAAAAAAAAAAAAAEAAAA6A0AAFdoZWEBAAAAAAAAAADAgKkIxf//AAAAAAAAAAAIAAAAYAEAAAAAAAAAAAAAAAAAAAAAAAAAAAAAAAAAAMwDAAAKAAAAAQAAAAIAAABBAQAABAAAAAgAAAACAAAAAAAAAAAAAIABAAEGAAAAAAUcAABg6gAAAAAAAAAAAAAAAAAAAAAAAAAAAAAAAQAAAAQAAAEEAAACBAAAAwQAAP//////////AQEAAAQEAAAFBAAABgQAAAcEAAD//////////wIBAAAIBAAACQQAAAoEAAALBAAA//////////8DAQAADAQAAA0EAAAOBAAADwQAAP//////////BAEAABAEAAARBAAAEgQAABMEAAD//////////wUBAAAUBAAAFQQAABYEAAAXBAAA//////////8GAQAAGAQAABkEAAAaBAAAGwQAAP//////////BwEAABwEAAAdBAAAHgQAAB8EAAD//////////wgBAAAgBAAAIQQAACIEAAAjBAAA//////////8JAQAAJAQAACUEAAAmBAAAJwQAAP//////////CgEAACgEAAApBAAAKgQAACsEAAD//////////wsBAAAsBAAALQQAAC4EAAAvBAAA//////////8MAQAAMAQAADEEAAAyBAAAMwQAAP//////////DQEAADQEAAA1BAAANgQAADcEAAD//////////w4BAAA4BAAAOQQAADoEAAA7BAAA//////////8PAQAAPAQAAD0EAAA+BAAAPwQAAP//////////AAAAAAAAAAAAAAAAAAAAAAAAAAAAAAAAAAAAAAAAAAAAAAAAAAAAAAAAAAAAAAAAAAAAAAAAAAAAAAAAAAAAAAAAAAAAAAAAAAAAAAAAAAAAAAAAAAAAAAAAAAAAAAAAAAAAAAAAAAAAAAAAAAAAAAAAAAAAAAAAAAAAAAAAAAAAAAAAAAAAAAAAAAAAAAAAAAAAAAAAAAAAAAAAAAAAAAAAAAAAAAAAAAAAAAAAAAAAAAAAAAAAAAAAAAAAAAAAAAAAAAAAAAAAAAAAAAAAAAAAAAAAAAAAAAAAAAAAAAAAAAAAAAAAAAAAAAAAAAAAAAAAAAAAAAAAAAAAAAAAAAAAAAAAAAAAAAAAAAAAAAAAAAAAAAAAAAAAAAAAAAAAAAAAAAAAAAAAAAAAAAAAAAAAAAAAAAAAAAAAAAAAAAAAAAAAAAAAAAAAAAAAAAAAAAAAAAAAAAAAAAAAAAAAAAAAAAAAAAAAAAAAAAAAAAAAAAAAAAAAAAAAAAAAAAAAAAAAAAAAAAAAAAAAAAAAAAAAAAAAAAAAAAAAAAAAAAAAAAAAAAAAAAAAAAAAAAAAAAAAAAAAAAAAAAAAAAAAAAAAAADA94CpCMX//yBqgKkIxf//AAAAAAAAAAAAAAAAAQAAAMAGAABXaGVhAwAAAAAAAADQ0EWnCMX//wAAAAAAAAAAAQAAAMABAAAAAAAAAAAAAAAAAAAAAAAAAAAAAAAAAADMAwAACgAAAAMAAAACAAAAAAEAAAEAAAADAAAAAwAAAAAAAAAAAACAAgABAAAAAAAAAAAAAAAAAAAAAAAAAAAAAAAAAAAAAAAAAAAAAAAAAAAAAAAAAAAAAAAAAAAAAAAAAAAAAAAAAAAAAAAAAAAAAAAAAAAAAAAAAAAAAAAAAAAAAAAAAAAAAAAAAAAAAAAAAAAAAAAAAAAAAAAAAAAAAAAAAAAAAAAAAAAAAAAAAAAAAAAAAAAAAAAAAAAAAAAAAAAAAAAAAAAAAAAAAAAAAAAAAAAAAAAAAAAAAAAAAAAAAAAAAAAAAAAAAAAAAAAAAAAAAAAAAAAAAAAAAAAAAAAAAAAAAAAAAAAAAAAAAAAAAAAAAAAAAAAAAAAAAAAAAAAAAAAAAAAAAAAAAAAAAAAAAAAAAAAAAAAAAAAAAAAAAAAAAAAAAAAAAAAAAAAAAAAAAAAAAAAAAAAAAAAAAAAAAAAAAAAAAAAAAAAAAAAAAAAAAAAAAAAAAAAAAAAAAAAAAAAAAAAAAAAAAAAAAAAAAAAAAAAAAAAAAAAAAAAAAAAAAAAAAAAAAAAAAAAAAAAAAAAAAAAAAAAAAAAAAAAAAAAAAAAAAAAAAAAAAAAAAAAAAAAAAAAAAAAAAAAAAAAAAAAAAAAAAAAAAAAAAAAAAAAAAAAAAAAAAAAAAAAAAAAAAAAAAAAAAAAAAAAAAAAAAAAAAAAAAAAAAAAAAAAAAAAAAAAAAAAAAAAAAAAAAAAAAAAAAAAAAAAAAAAAAAAAAAAAAAAAAAAAAAAAAAAAAAAAAAAAAAAAAAAAAAAAAAAAAAAAAAAAAAAAAAAAAAAAAAAAAAAAAAAAAAAAAAAAAAAAAAAAAAAAAAAAAAAAAAAAAAAAAAAAAAAAAAAAAAAAAAAAAAAAAAAAAAAAAAAAAAAAAAAAAAAAAAAAAAAAAAAAAAAAAAAAAAAAAAAAAAAAAAAAAAAAAAAAAAAAAAAAAAAAAAAAAAAAAAAAAAAAAAAAAAAAAAAAAAAAAAAAAAAAAAAAAAAAAAAAAAAAAAAAAAAAAAAAAAAAAAAAAAAAAAAAAAAAAAAAAAAAAAAAAAAAAAAAAAAAAAAAAAAAAAAAAAAAAAAAAAAAAAAAAAAAAAAAAAAAAAAAAAAAAAAAAAAAAAAAAAAAAAAAAAAAAAAAAAAAAAAAAAAAAAAAAAAAAAAAAAAAAAAAAAAAAAAAAAAAAAAAAAAAAAAAAAAAAAAAAAAAAAAAAAAAAAAAAAAAAAAAAAAAAAAAAAAAAAAAAAAAAAAAAAAAAAAAAAAAqK9NUwf4///At4CpCMX//wAAAAAAAAAAAAAAAAAAAAAAAAAAAAAAAAcAAAAAAAAAAAAAAAAAAAAAAAAAAAAAAAAAAAAAAAAAAAAAAAAAAAAAAAAAAAAAAAEAAAAAAAAAzAMAAAoAAAAHAAAAAgAAAAAQAAABAAAACAAAAAQAAAAAAAAAAAAAgAAAAAAAAAAAAAAAAAAAAAAAAAAAAAAAAAAAAAAAAAAAAAAAAAAAAAAAAAAAAAAAAAAAAAAAAAAAAAAAAAAAAAAAAAAAAAAAAAAAAAAAAAAAAAAAAAAAAAAAAAAAAAAAAAAAAAAAAAAAAAAAAAAAAAAAAAAAAAAAAAAAAAAAAAAAAAAAAAAAAAAAAAAAAAAAAAAAAAAAAAAAAAAAAAAAAAAAAAAAAAAAAAAAAAAAAAAAAAAAAAAAAAAAAAAAAAAAAAAAAAAAAAAAAAAAAAAAAAAAAAAAAAAAAAAAAAAAAAAAAAAAAAAAAAAAAAAAAAAAAAAAAAAAAAAAAAAAAAAAAAAAAAAAAAAAAAAAAAAAAAAAAAAAAAAAAAAAAAAAAAAAAAAAAAAAAAAAAAAAAAAAAAAAAAAAAAAAAAAAAAAAAAAAAAAAAAAAAAAAAAAAAAAAAAAAAAAAAAAAAAAAAAAAAAAAAAAAAAAAAAAAAAAAAAAAAAAAAAAAAAAAAAAAAAAAAAAAAAAAAAAAAAAAAAAAAAAAAAAAAAAAAAAAAAAAAAAAAAAAAAAAAAAAAAAAAAAAAAAAAAAAAAAAAAAAAAAAAAAAAAAAAAAAAAAAAAAAAAAAAAAAAAAAAAAAAAAAAAAAAAAAAAAAAAAAAAAAAAAAAAAAAAAAAAAAAAAAAAAAAAAAAAAAAAAAAAAAAAAAAAAAAAAAAAAAAAAAAAAAAAAAAAAAAAAAAAAAAAAAAAAAAAAAAAAAAAAAAAAAAAAAAAAAAAAAAAAAAAAAAAAAAAAAAAAAAAAAAAAAAAAAAAAAAAAAAAAAAAAAAAAAAAAAAAAAAAAAAAAAAAAAAAAAAAAAAAAAAAAAAAAAAAAAAAAAAAAAAAAAAAAAAAAAAAAAAAAAAAAAAAAAAAAAAAAAAAAAAAAAAAAAAAAAAAAAAAAAAAAAAAAAAAAAAAAAAAAAAAAAAAAAAAAAAAAAAAAAAAAAAAAAAAAAAAAAAAAAAAAAAAAAAAAAAAAAAAAAAAAAAAAAAAAAAAAAAAAAAAAAAAAAAAAAAAAAAAAAAAAAAAAAAAAAAAAAAAAAAAAAAAAAAAAAAAAAAAAAAAAAAAAAAAAAAAAAAAAAAAAAAAAAAAAAAAAAAAAAAAAAAAAAAAAAAAAAAAAAAAAAAAAAAAAAAAAAAAAAAAAAAAAAAAAAAAAAAAAAAAAAAAAAAAAAAAAAAAAAAAAAAAAAAAAAAAAAAAAAAAAAAAAAAAAAAA=="}
{"EventID": "42", "Channel": "Microsoft-Windows-Kernel-WHEA/Operational", "Provider_Name": "Microsoft-Windows-Kernel-WHEA", "Computer": "DESKTOP-OFJ6N53", "TimeCreated": "2023-01-27 15:03:53.753592+00:00", "RecordID": "265", "Level": "4", "UserID": "S-1-5-18", "EventData.Type": "0", "EventData.Owner": "1280201291", "EventData.Id": "2147483660", "EventData.Flags": "2", "EventData.Length": "1009", "EventData.RawData": "V2hMZwEAAADxAwAAAAAAAEtSTkwMAACAAgAAANEDAADMAwAACwAAABAAAAABAAAALA0AAAEAAAADAAAAAAAAAAAAAAAAAAAAAAAAADxgwYNSFadIh9EU2UZ9d2VQUwAA2A4AAAEAAAAQkCmxhpD//9AsomsD+P//8CyiawP4//+wU7ZnA/j//418IVdmXvtEgDObdMrO31sAAAAAAAAAAAAAAAAAAAAAZAQAAAEAAACQyg+xhpD//wAAAAAAAAAAAAAAAAAAAAAAAAAAAAAAAAAAAAAAAAAAAAAAAAAAAAAAAAAAAAAAAAAAAAAAAAAAAAAAAAAAAAAAAAAAAAAAAAAAAAAAAAAAAAAAAAAAAAAAAAAAAAAAAAAAAAAAAAAAAAAAAAAAAAAAAAAAAAAAAAAAAAAAAAAAAAAAAAAAAAAAAAAAAAAAAAAAAAAAAAAAAAAAAAAAAAAAAAAAAAAAAAAAAAAAAAAAAAAAAAAAAAAAAAAAAAAAAAAAAAAAAAAAAAAAAAAAAAAAAAAAAAAAAAAAAAAAAAAAAAAAAAAAAAAAAAAAAAAAAAAAAAAAAAAAAAAAAAAAAAAAAAAAAAAAAAAAAAAAAAAAAAAAAAAAAAAAAAAAAAAAAAAAAAAAAAAAAAAAAAAAAAAAAAAAAAAAAAAAAAAAAAAAAAAAAAAAAAAAAAAAAAAAAAAAAAAAAAAAAAAAAAAAAAAAAAAAAAAAAAAAAAAAAAAAAAAAAAAAAAAAAAAAAAAAAAAAAAAAAAAAAAAAAAAAAAAAAAAAAAAAAAAAAAAAAAAAAAAAAAAAAAAAAAAAAAAAAAAAAAAAAAAAAAAAAAAAAAAAAAAAAAAAAAAAAAAAAAAAAAAAAAAAAAAAAAAAAAAAAAAAAAAAAAAAAAAAAAAAAAAAAAAAAAAAAAAAAAAAAAAAAAAAAAAAAAAAAAAAAAAAAAAAAAAAAAAAAAAAAAAAAAAAAAAAAAAAAAAAAAAAAAAAAAAAAAAAAAAAAAAAAAAAAAAAAAAAAAAAAAAAAAAAAAAAAAAAAAAAAAAAAAAAAAAAAAAAAAAAAAAAAAAAAAAAAAAAAAAAAAAAAAAAAAAAAAAAAAAAAAAAAAAAAAAAAAAAAAAAAAAAAAAAAAAAAAAAAAAAAAAAAAAAAAAAAAAAAAAAAAAAAAAAAAAAAAAAAAAAAAAAAAAAAAAAAAAAAAAAAAAAAAAAAAAAAAAAAAAAAAAAAAAAAAAAAAAAAAAAAAAAAAAAAAAAAAAAAAAAAAAAAAAAAAAAAAAAAAAAAAAAAAAAAAAAAAAAAAAAAAAAAAAAAAAAAAAAAAAAAAAAAAAAAAAAAAAAAAAAAA=="}
{"EventID": "42", "Channel": "Microsoft-Windows-Kernel-WHEA/Operational", "Provider_Name": "Microsoft-Windows-Kernel-WHEA", "Computer": "DESKTOP-OFJ6N53", "TimeCreated": "2023-01-27 15:03:59.963144+00:00", "RecordID": "266", "Level": "4", "UserID": "S-1-5-18", "EventData.Type": "0", "EventData.Owner": "1145590608", "EventData.Id": "2147483658", "EventData.Flags": "2", "EventData.Length": "34", "EventData.RawData": "V2hMZwEAAAAiAAAAAAAAAFBTSEQKAACAAgAAAAIAAAAAAQ=="}
{"EventID": "5", "Channel": "Microsoft-Windows-Kernel-WHEA/Operational", "Provider_Name": "Microsoft-Windows-Kernel-WHEA", "Computer": "DESKTOP-OFJ6N53", "TimeCreated": "2023-01-27 15:03:59.963621+00:00", "RecordID": "267", "Level": "4", "UserID": "S-1-5-18", "EventData.ErrorSourceCount": "5", "EventData.ErrorRecordFormat": "10", "EventData.ErrorSourceTableLength": "5360", "EventData.ErrorSourceTable": "sDiAsYaQ//+or01oA/j//wAAAAAAAAAAAAAAAAEAAAD4KQAAV2hlYRAAAAAAAAAAALA5sYaQ//8AAAAAAAAAAAMAAAB8DQAAAAAAAAAAAAAAAAAAAAAAAAAAAAAAAAAAzAMAAAsAAAAQAAAAAgAAACwNAAABAAAAAwAAAAAAAAAAAAAAAAAAAAAAAAA8YMGDUhWnSIfRFNlGfXdlUFMAANgOAAABAAAAEJApsYaQ///QLKJrA/j///AsomsD+P//sFO2ZwP4//+NfCFXZl77RIAzm3TKzt9bAAAAAAAAAAAAAAAAAAAAAGQEAAABAAAAkMoPsYaQ//8AAAAAAAAAAAAAAAAAAAAAAAAAAAAAAAAAAAAAAAAAAAAAAAAAAAAAAAAAAAAAAAAAAAAAAAAAAAAAAAAAAAAAAAAAAAAAAAAAAAAAAAAAAAAAAAAAAAAAAAAAAAAAAAAAAAAAAAAAAAAAAAAAAAAAAAAAAAAAAAAAAAAAAAAAAAAAAAAAAAAAAAAAAAAAAAAAAAAAAAAAAAAAAAAAAAAAAAAAAAAAAAAAAAAAAAAAAAAAAAAAAAAAAAAAAAAAAAAAAAAAAAAAAAAAAAAAAAAAAAAAAAAAAAAAAAAAAAAAAAAAAAAAAAAAAAAAAAAAAAAAAAAAAAAAAAAAAAAAAAAAAAAAAAAAAAAAAAAAAAAAAAAAAAAAAAAAAAAAAAAAAAAAAAAAAAAAAAAAAAAAAAAAAAAAAAAAAAAAAAAAAAAAAAAAAAAAAAAAAAAAAAAAAAAAAAAAAAAAAAAAAAAAAAAAAAAAAAAAAAAAAAAAAAAAAAAAAAAAAAAAAAAAAAAAAAAAAAAAAAAAAAAAAAAAAAAAAAAAAAAAAAAAAAAAAAAAAAAAAAAAAAAAAAAAAAAAAAAAAAAAAAAAAAAAAAAAAAAAAAAAAAAAAAAAAAAAAAAAAAAAAAAAAAAAAAAAAAAAAAAAAAAAAAAAAAAAAAAAAAAAAAAAAAAAAAAAAAAAAAAAAAAAAAAAAAAAAAAAAAAAAAAAAAAAAAAAAAAAAAAAAAAAAAAAAAAAAAAAAAAAAAAAAAAAAAAAAAAAAAAAAAAAAAAAAAAAAAAAAAAAAAAAAAAAAAAAAAAAAAAAAAAAAAAAAAAAAAAAAAAAAAAAAAAAAAAAAAAAAAAAAAAAAAAAAAAAAAAAAAAAAAAAAAAAAAAAAAAAAAAAAAAAAAAAAAAAAAAAAAAAAAAAAAAAAAAAAAAAAAAAAAAAAAAAAAAAAAAAAAAAAAAAAAAAAAAAAAAAAAAAAAAAAAAAAAAAAAAAAAAAAAAAAAAAAAAAAAAAAAAAAAAAAAAAAAAAAAAAAAAAAAAAAAAAAAAAAAAAAAAAAAAAAAAAAAAAAAAAAAAAAAAAAAAAAAAAAAAAAAAAAAAAAAAAAAAAAAAAAGA0gLGGkP//0IopsYaQ//8AAAAAAAAAAAAAAAAEAAAA6A0AAFdoZWEAAAAAAAAAAABwgLGGkP//AAAAAAAAAAAIAAAAYAEAAAAAAAAAAAAAAAAAAAAAAAAAAAAAAAAAAMwDAAAKAAAAAAAAAAIAAABBAQAABAAAAAgAAAABAAAAAAAAAAAAAIAAAAEGAAAAAAAAAAAAAAAA//////////8AAQAAAAQAAAEEAAACBAAAAwQAAP//////////AQEAAAQEAAAFBAAABgQAAAcEAAD//////////wIBAAAIBAAACQQAAAoEAAALBAAA//////////8DAQAADAQAAA0EAAAOBAAADwQAAP//////////BAEAABAEAAARBAAAEgQAABMEAAD//////////wUBAAAUBAAAFQQAABYEAAAXBAAA//////////8GAQAAGAQAABkEAAAaBAAAGwQAAP//////////BwEAABwEAAAdBAAAHgQAAB8EAAD//////////wgBAAAgBAAAIQQAACIEAAAjBAAA//////////8JAQAAJAQAACUEAAAmBAAAJwQAAP//////////CgEAACgEAAApBAAAKgQAACsEAAD//////////wsBAAAsBAAALQQAAC4EAAAvBAAA//////////8MAQAAMAQAADEEAAAyBAAAMwQAAP//////////DQEAADQEAAA1BAAANgQAADcEAAD//////////w4BAAA4BAAAOQQAADoEAAA7BAAA//////////8PAQAAPAQAAD0EAAA+BAAAPwQAAP//////////AAAAAAAAAAAAAAAAAAAAAAAAAAAAAAAAAAAAAAAAAAAAAAAAAAAAAAAAAAAAAAAAAAAAAAAAAAAAAAAAAAAAAAAAAAAAAAAAAAAAAAAAAAAAAAAAAAAAAAAAAAAAAAAAAAAAAAAAAAAAAAAAAAAAAAAAAAAAAAAAAAAAAAAAAAAAAAAAAAAAAAAAAAAAAAAAAAAAAAAAAAAAAAAAAAAAAAAAAAAAAAAAAAAAAAAAAAAAAAAAAAAAAAAAAAAAAAAAAAAAAAAAAAAAAAAAAAAAAAAAAAAAAAAAAAAAAAAAAAAAAAAAAAAAAAAAAAAAAAAAAAAAAAAAAAAAAAAAAAAAAAAAAAAAAAAAAAAAAAAAAAAAAAAAAAAAAAAAAAAAAAAAAAAAAAAAAAAAAAAAAAAAAAAAAAAAAAAAAAAAAAAAAAAAAAAAAAAAAAAAAAAAAAAAAAAAAAAAAAAAAAAAAAAAAAAAAAAAAAAAAAAAAAAAAAAAAAAAAAAAAAAAAAAAAAAAAAAAAAAAAAAAAAAAAAAAAAAAAAAAAAAAAAAAAAAAAAAAAAAAAAAAAAAAAAAAAAAAAAAAAAAAAAAAAAAAAAAAAAAAAAAAAAAAAAAAAAAAAAAQMICxhpD//7A4gLGGkP//AAAAAAAAAAAAAAAABAAAAOgNAABXaGVhAQAAAAAAAAAAsICxhpD//wAAAAAAAAAACAAAAGABAAAAAAAAAAAAAAAAAAAAAAAAAAAAAAAAAADMAwAACgAAAAEAAAACAAAAQQEAAAQAAAAIAAAAAgAAAAAAAAAAAACAAQABBgAAAAAFHAAAYOoAAAAAAAAAAAAAAAAAAAAAAAAAAAAAAAEAAAAEAAABBAAAAgQAAAMEAAD//////////wEBAAAEBAAABQQAAAYEAAAHBAAA//////////8CAQAACAQAAAkEAAAKBAAACwQAAP//////////AwEAAAwEAAANBAAADgQAAA8EAAD//////////wQBAAAQBAAAEQQAABIEAAATBAAA//////////8FAQAAFAQAABUEAAAWBAAAFwQAAP//////////BgEAABgEAAAZBAAAGgQAABsEAAD//////////wcBAAAcBAAAHQQAAB4EAAAfBAAA//////////8IAQAAIAQAACEEAAAiBAAAIwQAAP//////////CQEAACQEAAAlBAAAJgQAACcEAAD//////////woBAAAoBAAAKQQAACoEAAArBAAA//////////8LAQAALAQAAC0EAAAuBAAALwQAAP//////////DAEAADAEAAAxBAAAMgQAADMEAAD//////////w0BAAA0BAAANQQAADYEAAA3BAAA//////////8OAQAAOAQAADkEAAA6BAAAOwQAAP//////////DwEAADwEAAA9BAAAPgQAAD8EAAD//////////wAAAAAAAAAAAAAAAAAAAAAAAAAAAAAAAAAAAAAAAAAAAAAAAAAAAAAAAAAAAAAAAAAAAAAAAAAAAAAAAAAAAAAAAAAAAAAAAAAAAAAAAAAAAAAAAAAAAAAAAAAAAAAAAAAAAAAAAAAAAAAAAAAAAAAAAAAAAAAAAAAAAAAAAAAAAAAAAAAAAAAAAAAAAAAAAAAAAAAAAAAAAAAAAAAAAAAAAAAAAAAAAAAAAAAAAAAAAAAAAAAAAAAAAAAAAAAAAAAAAAAAAAAAAAAAAAAAAAAAAAAAAAAAAAAAAAAAAAAAAAAAAAAAAAAAAAAAAAAAAAAAAAAAAAAAAAAAAAAAAAAAAAAAAAAAAAAAAAAAAAAAAAAAAAAAAAAAAAAAAAAAAAAAAAAAAAAAAAAAAAAAAAAAAAAAAAAAAAAAAAAAAAAAAAAAAAAAAAAAAAAAAAAAAAAAAAAAAAAAAAAAAAAAAAAAAAAAAAAAAAAAAAAAAAAAAAAAAAAAAAAAAAAAAAAAAAAAAAAAAAAAAAAAAAAAAAAAAAAAAAAAAAAAAAAAAAAAAAAAAAAAAAAAAAAAAAAAAAAAAAAAAAAAAAAAAAAAAAAAAAAA8CiAsYaQ//9gNICxhpD//wAAAAAAAAAAAAAAAAEAAADABgAAV2hlYQMAAAAAAAAAoIhbsYaQ//8AAAAAAAAAAAEAAADAAQAAAAAAAAAAAAAAAAAAAAAAAAAAAAAAAAAAzAMAAAoAAAADAAAAAgAAAAABAAABAAAAAwAAAAMAAAAAAAAAAAAAgAIAAQAAAAAAAAAAAAAAAAAAAAAAAAAAAAAAAAAAAAAAAAAAAAAAAAAAAAAAAAAAAAAAAAAAAAAAAAAAAAAAAAAAAAAAAAAAAAAAAAAAAAAAAAAAAAAAAAAAAAAAAAAAAAAAAAAAAAAAAAAAAAAAAAAAAAAAAAAAAAAAAAAAAAAAAAAAAAAAAAAAAAAAAAAAAAAAAAAAAAAAAAAAAAAAAAAAAAAAAAAAAAAAAAAAAAAAAAAAAAAAAAAAAAAAAAAAAAAAAAAAAAAAAAAAAAAAAAAAAAAAAAAAAAAAAAAAAAAAAAAAAAAAAAAAAAAAAAAAAAAAAAAAAAAAAAAAAAAAAAAAAAAAAAAAAAAAAAAAAAAAAAAAAAAAAAAAAAAAAAAAAAAAAAAAAAAAAAAAAAAAAAAAAAAAAAAAAAAAAAAAAAAAAAAAAAAAAAAAAAAAAAAAAAAAAAAAAAAAAAAAAAAAAAAAAAAAAAAAAAAAAAAAAAAAAAAAAAAAAAAAAAAAAAAAAAAAAAAAAAAAAAAAAAAAAAAAAAAAAAAAAAAAAAAAAAAAAAAAAAAAAAAAAAAAAAAAAAAAAAAAAAAAAAAAAAAAAAAAAAAAAAAAAAAAAAAAAAAAAAAAAAAAAAAAAAAAAAAAAAAAAAAAAAAAAAAAAAAAAAAAAAAAAAAAAAAAAAAAAAAAAAAAAAAAAAAAAAAAAAAAAAAAAAAAAAAAAAAAAAAAAAAAAAAAAAAAAAAAAAAAAAAAAAAAAAAAAAAAAAAAAAAAAAAAAAAAAAAAAAAAAAAAAAAAAAAAAAAAAAAAAAAAAAAAAAAAAAAAAAAAAAAAAAAAAAAAAAAAAAAAAAAAAAAAAAAAAAAAAAAAAAAAAAAAAAAAAAAAAAAAAAAAAAAAAAAAAAAAAAAAAAAAAAAAAAAAAAAAAAAAAAAAAAAAAAAAAAAAAAAAAAAAAAAAAAAAAAAAAAAAAAAAAAAAAAAAAAAAAAAAAAAAAAAAAAAAAAAAAAAAAAAAAAAAAAAAAAAAAAAAAAAAAAAAAAAAAAAAAAAAAAAAAAAAAAAAAAAAAAAAAAAAAAAAAAAAAAAAAAAAAAAAAAAAAAAAAAAAAAAAAAAAAAAAAAAAAAAAAAAAAAAAAAAAAAAAAAAAAAAAAAAAAAAAAAAAAAAAAAAAAAAAAAAAAAAAAAAAAAAAAAAAAAAAAAAAAAAAAAAAAAAAAAAAAAAAAAAAAAAAAAAAAAAAAAAAAAAAAAAAAAAAAKivTWgD+P//EDCAsYaQ//8AAAAAAAAAAAAAAAAAAAAAAAAAAAAAAAAHAAAAAAAAAAAAAAAAAAAAAAAAAAAAAAAAAAAAAAAAAAAAAAAAAAAAAAAAAAAAAAABAAAAAAAAAMwDAAAKAAAABwAAAAIAAAAAEAAAAQAAAAgAAAAEAAAAAAAAAAAAAIAAAAAAAAAAAAAAAAAAAAAAAAAAAAAAAAAAAAAAAAAAAAAAAAAAAAAAAAAAAAAAAAAAAAAAAAAAAAAAAAAAAAAAAAAAAAAAAAAAAAAAAAAAAAAAAAAAAAAAAAAAAAAAAAAAAAAAAAAAAAAAAAAAAAAAAAAAAAAAAAAAAAAAAAAAAAAAAAAAAAAAAAAAAAAAAAAAAAAAAAAAAAAAAAAAAAAAAAAAAAAAAAAAAAAAAAAAAAAAAAAAAAAAAAAAAAAAAAAAAAAAAAAAAAAAAAAAAAAAAAAAAAAAAAAAAAAAAAAAAAAAAAAAAAAAAAAAAAAAAAAAAAAAAAAAAAAAAAAAAAAAAAAAAAAAAAAAAAAAAAAAAAAAAAAAAAAAAAAAAAAAAAAAAAAAAAAAAAAAAAAAAAAAAAAAAAAAAAAAAAAAAAAAAAAAAAAAAAAAAAAAAAAAAAAAAAAAAAAAAAAAAAAAAAAAAAAAAAAAAAAAAAAAAAAAAAAAAAAAAAAAAAAAAAAAAAAAAAAAAAAAAAAAAAAAAAAAAAAAAAAAAAAAAAAAAAAAAAAAAAAAAAAAAAAAAAAAAAAAAAAAAAAAAAAAAAAAAAAAAAAAAAAAAAAAAAAAAAAAAAAAAAAAAAAAAAAAAAAAAAAAAAAAAAAAAAAAAAAAAAAAAAAAAAAAAAAAAAAAAAAAAAAAAAAAAAAAAAAAAAAAAAAAAAAAAAAAAAAAAAAAAAAAAAAAAAAAAAAAAAAAAAAAAAAAAAAAAAAAAAAAAAAAAAAAAAAAAAAAAAAAAAAAAAAAAAAAAAAAAAAAAAAAAAAAAAAAAAAAAAAAAAAAAAAAAAAAAAAAAAAAAAAAAAAAAAAAAAAAAAAAAAAAAAAAAAAAAAAAAAAAAAAAAAAAAAAAAAAAAAAAAAAAAAAAAAAAAAAAAAAAAAAAAAAAAAAAAAAAAAAAAAAAAAAAAAAAAAAAAAAAAAAAAAAAAAAAAAAAAAAAAAAAAAAAAAAAAAAAAAAAAAAAAAAAAAAAAAAAAAAAAAAAAAAAAAAAAAAAAAAAAAAAAAAAAAAAAAAAAAAAAAAAAAAAAAAAAAAAAAAAAAAAAAAAAAAAAAAAAAAAAAAAAAAAAAAAAAAAAAAAAAAAAAAAAAAAAAAAAAAAAAAAAAAAAAAAAAAAAAAAAAAAAAAAAAAAAAAAAAAAAAAAAAAAAAAAAAAAAAAAAAAAAAAAAAAAAAAAAAAAAAAAAAAAAAAAAAAAAAAAAAAAAAA="}
