{"EventID": "26", "Channel": "Microsoft-Windows-WindowsUpdateClient/Operational", "Provider_Name": "Microsoft-Windows-WindowsUpdateClient", "Computer": "DESKTOP-OFJ6N53", "TimeCreated": "2025-04-21 03:48:46.911596+00:00", "RecordID": "8666", "Level": "4", "UserID": "S-1-5-18", "EventData.updateCount": "1", "EventData.serviceGuid": "{9482f4b4-e343-43b6-b170-9a65bc822c77}"}
{"EventID": "26", "Channel": "Microsoft-Windows-WindowsUpdateClient/Operational", "Provider_Name": "Microsoft-Windows-WindowsUpdateClient", "Computer": "DESKTOP-OFJ6N53", "TimeCreated": "2025-04-21 03:48:51.867958+00:00", "RecordID": "8667", "Level": "4", "UserID": "S-1-5-18", "EventData.updateCount": "1", "EventData.serviceGuid": "{8b24b027-1dee-babb-9a95-3517dfb9c552}"}
{"EventID": "41", "Channel": "Microsoft-Windows-WindowsUpdateClient/Operational", "Provider_Name": "Microsoft-Windows-WindowsUpdateClient", "Computer": "DESKTOP-OFJ6N53", "TimeCreated": "2025-04-21 03:48:51.867962+00:00", "RecordID": "8668", "Level": "4", "UserID": "S-1-5-18", "EventData.updateTitle": "Обновление механизма обнаружения угроз для Microsoft Defender Antivirus — KB2267602 (версия 1.427.352.0) — Актуальный канал (широкий выпуск)", "EventData.updateGuid": "{63c4365e-5306-48c2-b115-146c1604e803}", "EventData.updateRevisionNumber": "200"}
{"EventID": "26", "Channel": "Microsoft-Windows-WindowsUpdateClient/Operational", "Provider_Name": "Microsoft-Windows-WindowsUpdateClient", "Computer": "DESKTOP-OFJ6N53", "TimeCreated": "2025-04-21 04:14:24.907772+00:00", "RecordID": "8669", "Level": "4", "UserID": "S-1-5-18", "EventData.updateCount": "0", "EventData.serviceGuid": "{9482f4b4-e343-43b6-b170-9a65bc822c77}"}
{"EventID": "26", "Channel": "Microsoft-Windows-WindowsUpdateClient/Operational", "Provider_Name": "Microsoft-Windows-WindowsUpdateClient", "Computer": "DESKTOP-OFJ6N53", "TimeCreated": "2025-04-21 04:14:24.907778+00:00", "RecordID": "8670", "Level": "4", "UserID": "S-1-5-18", "EventData.updateCount": "0", "EventData.serviceGuid": "{8b24b027-1dee-babb-9a95-3517dfb9c552}"}
{"EventID": "26", "Channel": "Microsoft-Windows-WindowsUpdateClient/Operational", "Provider_Name": "Microsoft-Windows-WindowsUpdateClient", "Computer": "DESKTOP-OFJ6N53", "TimeCreated": "2025-04-21 08:36:37.548738+00:00", "RecordID": "8671", "Level": "4", "UserID": "S-1-5-18", "EventData.updateCount": "0", "EventData.serviceGuid": "{855e8a7c-ecb4-4ca3-b045-1dfa50104289}"}
{"EventID": "26", "Channel": "Microsoft-Windows-WindowsUpdateClient/Operational", "Provider_Name": "Microsoft-Windows-WindowsUpdateClient", "Computer": "DESKTOP-OFJ6N53", "TimeCreated": "2025-04-21 17:42:33.323944+00:00", "RecordID": "8672", "Level": "4", "UserID": "S-1-5-18", "EventData.updateCount": "0", "EventData.serviceGuid": "{855e8a7c-ecb4-4ca3-b045-1dfa50104289}"}
{"EventID": "26", "Channel": "Microsoft-Windows-WindowsUpdateClient/Operational", "Provider_Name": "Microsoft-Windows-WindowsUpdateClient", "Computer": "DESKTOP-OFJ6N53", "TimeCreated": "2025-04-22 01:52:22.795662+00:00", "RecordID": "8673", "Level": "4", "UserID": "S-1-5-18", "EventData.updateCount": "1", "EventData.serviceGuid": "{9482f4b4-e343-43b6-b170-9a65bc822c77}"}
{"EventID": "26", "Channel": "Microsoft-Windows-WindowsUpdateClient/Operational", "Provider_Name": "Microsoft-Windows-WindowsUpdateClient", "Computer": "DESKTOP-OFJ6N53", "TimeCreated": "2025-04-22 01:52:27.584610+00:00", "RecordID": "8674", "Level": "4", "UserID": "S-1-5-18", "EventData.updateCount": "1", "EventData.serviceGuid": "{8b24b027-1dee-babb-9a95-3517dfb9c552}"}
{"EventID": "41", "Channel": "Microsoft-Windows-WindowsUpdateClient/Operational", "Provider_Name": "Microsoft-Windows-WindowsUpdateClient", "Computer": "DESKTOP-OFJ6N53", "TimeCreated": "2025-04-22 01:52:27.584616+00:00", "RecordID": "8675", "Level": "4", "UserID": "S-1-5-18", "EventData.updateTitle": "Обновление механизма обнаружения угроз для Microsoft Defender Antivirus — KB2267602 (версия 1.427.370.0) — Актуальный канал (широкий выпуск)", "EventData.updateGuid": "{0a137557-c7a3-4e8c-889b-1d9f58a31b1c}", "EventData.updateRevisionNumber": "200"}
{"EventID": "26", "Channel": "Microsoft-Windows-WindowsUpdateClient/Operational", "Provider_Name": "Microsoft-Windows-WindowsUpdateClient", "Computer": "DESKTOP-OFJ6N53", "TimeCreated": "2025-04-22 04:14:28.655355+00:00", "RecordID": "8676", "Level": "4", "UserID": "S-1-5-18", "EventData.updateCount": "0", "EventData.serviceGuid": "{9482f4b4-e343-43b6-b170-9a65bc822c77}"}
{"EventID": "26", "Channel": "Microsoft-Windows-WindowsUpdateClient/Operational", "Provider_Name": "Microsoft-Windows-WindowsUpdateClient", "Computer": "DESKTOP-OFJ6N53", "TimeCreated": "2025-04-22 04:14:28.655359+00:00", "RecordID": "8677", "Level": "4", "UserID": "S-1-5-18", "EventData.updateCount": "0", "EventData.serviceGuid": "{8b24b027-1dee-babb-9a95-3517dfb9c552}"}
{"EventID": "26", "Channel": "Microsoft-Windows-WindowsUpdateClient/Operational", "Provider_Name": "Microsoft-Windows-WindowsUpdateClient", "Computer": "DESKTOP-OFJ6N53", "TimeCreated": "2025-04-23 00:17:00.008879+00:00", "RecordID": "8678", "Level": "4", "UserID": "S-1-5-18", "EventData.updateCount": "2", "EventData.serviceGuid": "{9482f4b4-e343-43b6-b170-9a65bc822c77}"}
{"EventID": "26", "Channel": "Microsoft-Windows-WindowsUpdateClient/Operational", "Provider_Name": "Microsoft-Windows-WindowsUpdateClient", "Computer": "DESKTOP-OFJ6N53", "TimeCreated": "2025-04-23 00:17:23.043522+00:00", "RecordID": "8679", "Level": "4", "UserID": "S-1-5-18", "EventData.updateCount": "2", "EventData.serviceGuid": "{8b24b027-1dee-babb-9a95-3517dfb9c552}"}
{"EventID": "41", "Channel": "Microsoft-Windows-WindowsUpdateClient/Operational", "Provider_Name": "Microsoft-Windows-WindowsUpdateClient", "Computer": "DESKTOP-OFJ6N53", "TimeCreated": "2025-04-23 00:17:24.498968+00:00", "RecordID": "8680", "Level": "4", "UserID": "S-1-5-18", "EventData.updateTitle": "Обновление механизма обнаружения угроз для Microsoft Defender Antivirus — KB2267602 (версия 1.427.385.0) — Актуальный канал (широкий выпуск)", "EventData.updateGuid": "{c473ac85-df29-429a-ba85-113698309b31}", "EventData.updateRevisionNumber": "200"}
{"EventID": "41", "Channel": "Microsoft-Windows-WindowsUpdateClient/Operational", "Provider_Name": "Microsoft-Windows-WindowsUpdateClient", "Computer": "DESKTOP-OFJ6N53", "TimeCreated": "2025-04-23 00:17:33.661942+00:00", "RecordID": "8681", "Level": "4", "UserID": "S-1-5-18", "EventData.updateTitle": "2025-04 Предварительная версия накопительного пакета обновления .NET Framework 3.5, 4.8 и 4.8.1 для Windows 10 Version 22H2 для x64 систем (KB5057056)", "EventData.updateGuid": "{6604cea4-ffa0-49ab-b56a-32abe156a2de}", "EventData.updateRevisionNumber": "200"}
{"EventID": "26", "Channel": "Microsoft-Windows-WindowsUpdateClient/Operational", "Provider_Name": "Microsoft-Windows-WindowsUpdateClient", "Computer": "DESKTOP-OFJ6N53", "TimeCreated": "2025-04-23 00:45:43.014769+00:00", "RecordID": "8682", "Level": "4", "UserID": "S-1-5-18", "EventData.updateCount": "7", "EventData.serviceGuid": "{855e8a7c-ecb4-4ca3-b045-1dfa50104289}"}
{"EventID": "26", "Channel": "Microsoft-Windows-WindowsUpdateClient/Operational", "Provider_Name": "Microsoft-Windows-WindowsUpdateClient", "Computer": "DESKTOP-OFJ6N53", "TimeCreated": "2025-04-23 00:45:50.204763+00:00", "RecordID": "8683", "Level": "4", "UserID": "S-1-5-18", "EventData.updateCount": "7", "EventData.serviceGuid": "{855e8a7c-ecb4-4ca3-b045-1dfa50104289}"}
{"EventID": "41", "Channel": "Microsoft-Windows-WindowsUpdateClient/Operational", "Provider_Name": "Microsoft-Windows-WindowsUpdateClient", "Computer": "DESKTOP-OFJ6N53", "TimeCreated": "2025-04-23 00:46:15.461802+00:00", "RecordID": "8684", "Level": "4", "UserID": "S-1-5-18", "EventData.updateTitle": "9PG2DK419DRG-Microsoft.WebpImageExtension", "EventData.updateGuid": "{93a0cade-546f-4b8e-ab07-777e110edf70}", "EventData.updateRevisionNumber": "1"}
{"EventID": "41", "Channel": "Microsoft-Windows-WindowsUpdateClient/Operational", "Provider_Name": "Microsoft-Windows-WindowsUpdateClient", "Computer": "DESKTOP-OFJ6N53", "TimeCreated": "2025-04-23 00:46:27.453445+00:00", "RecordID": "8685", "Level": "4", "UserID": "S-1-5-18", "EventData.updateTitle": "9NBLGGH4NNS1-Microsoft.DesktopAppInstaller", "EventData.updateGuid": "{9de66961-6b0d-4083-81c7-363a0e8f94ec}", "EventData.updateRevisionNumber": "1"}
{"EventID": "41", "Channel": "Microsoft-Windows-WindowsUpdateClient/Operational", "Provider_Name": "Microsoft-Windows-WindowsUpdateClient", "Computer": "DESKTOP-OFJ6N53", "TimeCreated": "2025-04-23 00:46:27.453451+00:00", "RecordID": "8686", "Level": "4", "UserID": "S-1-5-18", "EventData.updateTitle": "9NTXGKQ8P7N0-MicrosoftWindows.CrossDevice", "EventData.updateGuid": "{946d7d0e-2c58-4044-bbc2-29f269239d79}", "EventData.updateRevisionNumber": "1"}
{"EventID": "41", "Channel": "Microsoft-Windows-WindowsUpdateClient/Operational", "Provider_Name": "Microsoft-Windows-WindowsUpdateClient", "Computer": "DESKTOP-OFJ6N53", "TimeCreated": "2025-04-23 00:46:36.634129+00:00", "RecordID": "8687", "Level": "4", "UserID": "S-1-5-18", "EventData.updateTitle": "9NMPJ99VJBWV-Microsoft.YourPhone", "EventData.updateGuid": "{35db31b0-6c93-40c3-b30f-a27ba1d8a058}", "EventData.updateRevisionNumber": "1"}
{"EventID": "41", "Channel": "Microsoft-Windows-WindowsUpdateClient/Operational", "Provider_Name": "Microsoft-Windows-WindowsUpdateClient", "Computer": "DESKTOP-OFJ6N53", "TimeCreated": "2025-04-23 00:46:44.516157+00:00", "RecordID": "8688", "Level": "4", "UserID": "S-1-5-18", "EventData.updateTitle": "9WZDNCRFJ3PR-MICROSOFT.WINDOWSALARMS", "EventData.updateGuid": "{956cd5a3-5d32-4972-8e6b-29c90b712ea5}", "EventData.updateRevisionNumber": "1"}
{"EventID": "41", "Channel": "Microsoft-Windows-WindowsUpdateClient/Operational", "Provider_Name": "Microsoft-Windows-WindowsUpdateClient", "Computer": "DESKTOP-OFJ6N53", "TimeCreated": "2025-04-23 00:46:44.516161+00:00", "RecordID": "8689", "Level": "4", "UserID": "S-1-5-18", "EventData.updateTitle": "9WZDNCRD29V9-MICROSOFT.MICROSOFTOFFICEHUB", "EventData.updateGuid": "{10d9970d-b203-4f21-ad9c-232a90300a44}", "EventData.updateRevisionNumber": "1"}
{"EventID": "41", "Channel": "Microsoft-Windows-WindowsUpdateClient/Operational", "Provider_Name": "Microsoft-Windows-WindowsUpdateClient", "Computer": "DESKTOP-OFJ6N53", "TimeCreated": "2025-04-23 00:46:44.516163+00:00", "RecordID": "8690", "Level": "4", "UserID": "S-1-5-18", "EventData.updateTitle": "9WZDNCRFJBBG-MICROSOFT.WINDOWSCAMERA", "EventData.updateGuid": "{3199ae57-ba0a-4a70-a64b-b0c9e7c2b9de}", "EventData.updateRevisionNumber": "1"}
{"EventID": "26", "Channel": "Microsoft-Windows-WindowsUpdateClient/Operational", "Provider_Name": "Microsoft-Windows-WindowsUpdateClient", "Computer": "DESKTOP-OFJ6N53", "TimeCreated": "2025-04-23 00:51:09.655882+00:00", "RecordID": "8691", "Level": "4", "UserID": "S-1-5-18", "EventData.updateCount": "0", "EventData.serviceGuid": "{9482f4b4-e343-43b6-b170-9a65bc822c77}"}
{"EventID": "26", "Channel": "Microsoft-Windows-WindowsUpdateClient/Operational", "Provider_Name": "Microsoft-Windows-WindowsUpdateClient", "Computer": "DESKTOP-OFJ6N53", "TimeCreated": "2025-04-23 00:51:09.655888+00:00", "RecordID": "8692", "Level": "4", "UserID": "S-1-5-18", "EventData.updateCount": "0", "EventData.serviceGuid": "{8b24b027-1dee-babb-9a95-3517dfb9c552}"}
{"EventID": "26", "Channel": "Microsoft-Windows-WindowsUpdateClient/Operational", "Provider_Name": "Microsoft-Windows-WindowsUpdateClient", "Computer": "DESKTOP-OFJ6N53", "TimeCreated": "2025-04-23 21:01:50.595978+00:00", "RecordID": "8693", "Level": "4", "UserID": "S-1-5-18", "EventData.updateCount": "1", "EventData.serviceGuid": "{9482f4b4-e343-43b6-b170-9a65bc822c77}"}
{"EventID": "26", "Channel": "Microsoft-Windows-WindowsUpdateClient/Operational", "Provider_Name": "Microsoft-Windows-WindowsUpdateClient", "Computer": "DESKTOP-OFJ6N53", "TimeCreated": "2025-04-23 21:02:11.244541+00:00", "RecordID": "8694", "Level": "4", "UserID": "S-1-5-18", "EventData.updateCount": "2", "EventData.serviceGuid": "{8b24b027-1dee-babb-9a95-3517dfb9c552}"}
{"EventID": "41", "Channel": "Microsoft-Windows-WindowsUpdateClient/Operational", "Provider_Name": "Microsoft-Windows-WindowsUpdateClient", "Computer": "DESKTOP-OFJ6N53", "TimeCreated": "2025-04-23 21:02:11.244551+00:00", "RecordID": "8695", "Level": "4", "UserID": "S-1-5-18", "EventData.updateTitle": "Обновление механизма обнаружения угроз для Microsoft Defender Antivirus — KB2267602 (версия 1.427.410.0) — Актуальный канал (широкий выпуск)", "EventData.updateGuid": "{425baa8a-862b-460d-a04a-0bb7f5df3037}", "EventData.updateRevisionNumber": "200"}
{"EventID": "26", "Channel": "Microsoft-Windows-WindowsUpdateClient/Operational", "Provider_Name": "Microsoft-Windows-WindowsUpdateClient", "Computer": "DESKTOP-OFJ6N53", "TimeCreated": "2025-04-24 00:51:06.725857+00:00", "RecordID": "8696", "Level": "4", "UserID": "S-1-5-18", "EventData.updateCount": "1", "EventData.serviceGuid": "{9482f4b4-e343-43b6-b170-9a65bc822c77}"}
{"EventID": "26", "Channel": "Microsoft-Windows-WindowsUpdateClient/Operational", "Provider_Name": "Microsoft-Windows-WindowsUpdateClient", "Computer": "DESKTOP-OFJ6N53", "TimeCreated": "2025-04-24 00:51:06.725863+00:00", "RecordID": "8697", "Level": "4", "UserID": "S-1-5-18", "EventData.updateCount": "0", "EventData.serviceGuid": "{8b24b027-1dee-babb-9a95-3517dfb9c552}"}
{"EventID": "41", "Channel": "Microsoft-Windows-WindowsUpdateClient/Operational", "Provider_Name": "Microsoft-Windows-WindowsUpdateClient", "Computer": "DESKTOP-OFJ6N53", "TimeCreated": "2025-04-24 00:51:06.725864+00:00", "RecordID": "8698", "Level": "4", "UserID": "S-1-5-18", "EventData.updateTitle": "Обновление механизма обнаружения угроз для Microsoft Defender Antivirus — KB2267602 (версия 1.427.416.0) — Актуальный канал (широкий выпуск)", "EventData.updateGuid": "{82236e58-9d11-43ff-9988-fd7029928ebc}", "EventData.updateRevisionNumber": "200"}
{"EventID": "26", "Channel": "Microsoft-Windows-WindowsUpdateClient/Operational", "Provider_Name": "Microsoft-Windows-WindowsUpdateClient", "Computer": "DESKTOP-OFJ6N53", "TimeCreated": "2025-04-24 10:24:47.631847+00:00", "RecordID": "8699", "Level": "4", "UserID": "S-1-5-18", "EventData.updateCount": "11", "EventData.serviceGuid": "{855e8a7c-ecb4-4ca3-b045-1dfa50104289}"}
{"EventID": "26", "Channel": "Microsoft-Windows-WindowsUpdateClient/Operational", "Provider_Name": "Microsoft-Windows-WindowsUpdateClient", "Computer": "DESKTOP-OFJ6N53", "TimeCreated": "2025-04-24 10:24:56.442608+00:00", "RecordID": "8700", "Level": "4", "UserID": "S-1-5-18", "EventData.updateCount": "11", "EventData.serviceGuid": "{855e8a7c-ecb4-4ca3-b045-1dfa50104289}"}
{"EventID": "41", "Channel": "Microsoft-Windows-WindowsUpdateClient/Operational", "Provider_Name": "Microsoft-Windows-WindowsUpdateClient", "Computer": "DESKTOP-OFJ6N53", "TimeCreated": "2025-04-24 10:25:19.547827+00:00", "RecordID": "8701", "Level": "4", "UserID": "S-1-5-18", "EventData.updateTitle": "9PG2DK419DRG-Microsoft.WebpImageExtension", "EventData.updateGuid": "{93a0cade-546f-4b8e-ab07-777e110edf70}", "EventData.updateRevisionNumber": "1"}
{"EventID": "41", "Channel": "Microsoft-Windows-WindowsUpdateClient/Operational", "Provider_Name": "Microsoft-Windows-WindowsUpdateClient", "Computer": "DESKTOP-OFJ6N53", "TimeCreated": "2025-04-24 10:25:28.537167+00:00", "RecordID": "8702", "Level": "4", "UserID": "S-1-5-18", "EventData.updateTitle": "9PMMSR1CGPWG-Microsoft.HEIFImageExtension", "EventData.updateGuid": "{83656688-2400-442e-a8be-5a0d9c97a9f3}", "EventData.updateRevisionNumber": "1"}
{"EventID": "41", "Channel": "Microsoft-Windows-WindowsUpdateClient/Operational", "Provider_Name": "Microsoft-Windows-WindowsUpdateClient", "Computer": "DESKTOP-OFJ6N53", "TimeCreated": "2025-04-24 10:25:28.537172+00:00", "RecordID": "8703", "Level": "4", "UserID": "S-1-5-18", "EventData.updateTitle": "9NBLGGH4NNS1-Microsoft.DesktopAppInstaller", "EventData.updateGuid": "{9de66961-6b0d-4083-81c7-363a0e8f94ec}", "EventData.updateRevisionNumber": "1"}
{"EventID": "41", "Channel": "Microsoft-Windows-WindowsUpdateClient/Operational", "Provider_Name": "Microsoft-Windows-WindowsUpdateClient", "Computer": "DESKTOP-OFJ6N53", "TimeCreated": "2025-04-24 10:25:37.394129+00:00", "RecordID": "8704", "Level": "4", "UserID": "S-1-5-18", "EventData.updateTitle": "9NTXGKQ8P7N0-MicrosoftWindows.CrossDevice", "EventData.updateGuid": "{946d7d0e-2c58-4044-bbc2-29f269239d79}", "EventData.updateRevisionNumber": "1"}
{"EventID": "41", "Channel": "Microsoft-Windows-WindowsUpdateClient/Operational", "Provider_Name": "Microsoft-Windows-WindowsUpdateClient", "Computer": "DESKTOP-OFJ6N53", "TimeCreated": "2025-04-24 10:25:41.642799+00:00", "RecordID": "8705", "Level": "4", "UserID": "S-1-5-18", "EventData.updateTitle": "9NZKPSTSNW4P-Microsoft.XboxGamingOverlay", "EventData.updateGuid": "{acf50e3a-44f9-4c0e-9597-e2b0a378f96d}", "EventData.updateRevisionNumber": "1"}
{"EventID": "41", "Channel": "Microsoft-Windows-WindowsUpdateClient/Operational", "Provider_Name": "Microsoft-Windows-WindowsUpdateClient", "Computer": "DESKTOP-OFJ6N53", "TimeCreated": "2025-04-24 10:25:47.694139+00:00", "RecordID": "8706", "Level": "4", "UserID": "S-1-5-18", "EventData.updateTitle": "9WZDNCRFJ3PR-MICROSOFT.WINDOWSALARMS", "EventData.updateGuid": "{956cd5a3-5d32-4972-8e6b-29c90b712ea5}", "EventData.updateRevisionNumber": "1"}
{"EventID": "41", "Channel": "Microsoft-Windows-WindowsUpdateClient/Operational", "Provider_Name": "Microsoft-Windows-WindowsUpdateClient", "Computer": "DESKTOP-OFJ6N53", "TimeCreated": "2025-04-24 10:25:47.694145+00:00", "RecordID": "8707", "Level": "4", "UserID": "S-1-5-18", "EventData.updateTitle": "9NMPJ99VJBWV-Microsoft.YourPhone", "EventData.updateGuid": "{2eb475fe-568c-40c0-97c7-1b48d934a305}", "EventData.updateRevisionNumber": "1"}
{"EventID": "41", "Channel": "Microsoft-Windows-WindowsUpdateClient/Operational", "Provider_Name": "Microsoft-Windows-WindowsUpdateClient", "Computer": "DESKTOP-OFJ6N53", "TimeCreated": "2025-04-24 10:25:51.751593+00:00", "RecordID": "8708", "Level": "4", "UserID": "S-1-5-18", "EventData.updateTitle": "9WZDNCRFJBBG-MICROSOFT.WINDOWSCAMERA", "EventData.updateGuid": "{3199ae57-ba0a-4a70-a64b-b0c9e7c2b9de}", "EventData.updateRevisionNumber": "1"}
{"EventID": "41", "Channel": "Microsoft-Windows-WindowsUpdateClient/Operational", "Provider_Name": "Microsoft-Windows-WindowsUpdateClient", "Computer": "DESKTOP-OFJ6N53", "TimeCreated": "2025-04-24 10:26:04.334305+00:00", "RecordID": "8709", "Level": "4", "UserID": "S-1-5-18", "EventData.updateTitle": "9WZDNCRFJ3P2-MICROSOFT.ZUNEVIDEO", "EventData.updateGuid": "{a1f5042d-4087-43b8-ac6e-f0b15a89cb2f}", "EventData.updateRevisionNumber": "1"}
{"EventID": "41", "Channel": "Microsoft-Windows-WindowsUpdateClient/Operational", "Provider_Name": "Microsoft-Windows-WindowsUpdateClient", "Computer": "DESKTOP-OFJ6N53", "TimeCreated": "2025-04-24 10:26:09.911983+00:00", "RecordID": "8710", "Level": "4", "UserID": "S-1-5-18", "EventData.updateTitle": "9WZDNCRFJ3PT-MICROSOFT.ZUNEMUSIC", "EventData.updateGuid": "{c4fd1d49-ec56-432d-84a8-84188fd4e594}", "EventData.updateRevisionNumber": "1"}
{"EventID": "41", "Channel": "Microsoft-Windows-WindowsUpdateClient/Operational", "Provider_Name": "Microsoft-Windows-WindowsUpdateClient", "Computer": "DESKTOP-OFJ6N53", "TimeCreated": "2025-04-24 10:26:09.911987+00:00", "RecordID": "8711", "Level": "4", "UserID": "S-1-5-18", "EventData.updateTitle": "9WZDNCRD29V9-MICROSOFT.MICROSOFTOFFICEHUB", "EventData.updateGuid": "{6914b921-d4cf-4bd5-a82c-cd6fb088bcab}", "EventData.updateRevisionNumber": "1"}
{"EventID": "26", "Channel": "Microsoft-Windows-WindowsUpdateClient/Operational", "Provider_Name": "Microsoft-Windows-WindowsUpdateClient", "Computer": "DESKTOP-OFJ6N53", "TimeCreated": "2025-04-24 11:03:54.117922+00:00", "RecordID": "8712", "Level": "4", "UserID": "S-1-5-18", "EventData.updateCount": "1", "EventData.serviceGuid": "{855e8a7c-ecb4-4ca3-b045-1dfa50104289}"}
{"EventID": "26", "Channel": "Microsoft-Windows-WindowsUpdateClient/Operational", "Provider_Name": "Microsoft-Windows-WindowsUpdateClient", "Computer": "DESKTOP-OFJ6N53", "TimeCreated": "2025-04-24 11:26:10.289261+00:00", "RecordID": "8713", "Level": "4", "UserID": "S-1-5-18", "EventData.updateCount": "7", "EventData.serviceGuid": "{855e8a7c-ecb4-4ca3-b045-1dfa50104289}"}
{"EventID": "41", "Channel": "Microsoft-Windows-WindowsUpdateClient/Operational", "Provider_Name": "Microsoft-Windows-WindowsUpdateClient", "Computer": "DESKTOP-OFJ6N53", "TimeCreated": "2025-04-24 11:26:21.335558+00:00", "RecordID": "8714", "Level": "4", "UserID": "S-1-5-18", "EventData.updateTitle": "9WZDNCRDTBJJ-MICROSOFT.GETSTARTED", "EventData.updateGuid": "{b0c2b2c9-d029-40ff-93ea-0fd2242d5aac}", "EventData.updateRevisionNumber": "1"}
{"EventID": "41", "Channel": "Microsoft-Windows-WindowsUpdateClient/Operational", "Provider_Name": "Microsoft-Windows-WindowsUpdateClient", "Computer": "DESKTOP-OFJ6N53", "TimeCreated": "2025-04-24 11:26:27.872370+00:00", "RecordID": "8715", "Level": "4", "UserID": "S-1-5-18", "EventData.updateTitle": "9NTXGKQ8P7N0-MicrosoftWindows.CrossDevice", "EventData.updateGuid": "{946d7d0e-2c58-4044-bbc2-29f269239d79}", "EventData.updateRevisionNumber": "1"}
{"EventID": "26", "Channel": "Microsoft-Windows-WindowsUpdateClient/Operational", "Provider_Name": "Microsoft-Windows-WindowsUpdateClient", "Computer": "DESKTOP-OFJ6N53", "TimeCreated": "2025-04-24 19:35:46.524437+00:00", "RecordID": "8716", "Level": "4", "UserID": "S-1-5-18", "EventData.updateCount": "1", "EventData.serviceGuid": "{9482f4b4-e343-43b6-b170-9a65bc822c77}"}
{"EventID": "26", "Channel": "Microsoft-Windows-WindowsUpdateClient/Operational", "Provider_Name": "Microsoft-Windows-WindowsUpdateClient", "Computer": "DESKTOP-OFJ6N53", "TimeCreated": "2025-04-24 19:37:26.564402+00:00", "RecordID": "8717", "Level": "4", "UserID": "S-1-5-18", "EventData.updateCount": "2", "EventData.serviceGuid": "{8b24b027-1dee-babb-9a95-3517dfb9c552}"}
{"EventID": "41", "Channel": "Microsoft-Windows-WindowsUpdateClient/Operational", "Provider_Name": "Microsoft-Windows-WindowsUpdateClient", "Computer": "DESKTOP-OFJ6N53", "TimeCreated": "2025-04-24 19:37:26.564405+00:00", "RecordID": "8718", "Level": "4", "UserID": "S-1-5-18", "EventData.updateTitle": "Обновление механизма обнаружения угроз для Microsoft Defender Antivirus — KB2267602 (версия 1.427.433.0) — Актуальный канал (широкий выпуск)", "EventData.updateGuid": "{d508ed03-28cb-458a-b606-e88e94b1c8c6}", "EventData.updateRevisionNumber": "200"}
{"EventID": "26", "Channel": "Microsoft-Windows-WindowsUpdateClient/Operational", "Provider_Name": "Microsoft-Windows-WindowsUpdateClient", "Computer": "DESKTOP-OFJ6N53", "TimeCreated": "2025-04-25 00:51:12.453575+00:00", "RecordID": "8719", "Level": "4", "UserID": "S-1-5-18", "EventData.updateCount": "1", "EventData.serviceGuid": "{9482f4b4-e343-43b6-b170-9a65bc822c77}"}
{"EventID": "26", "Channel": "Microsoft-Windows-WindowsUpdateClient/Operational", "Provider_Name": "Microsoft-Windows-WindowsUpdateClient", "Computer": "DESKTOP-OFJ6N53", "TimeCreated": "2025-04-25 00:51:12.453581+00:00", "RecordID": "8720", "Level": "4", "UserID": "S-1-5-18", "EventData.updateCount": "0", "EventData.serviceGuid": "{8b24b027-1dee-babb-9a95-3517dfb9c552}"}
{"EventID": "41", "Channel": "Microsoft-Windows-WindowsUpdateClient/Operational", "Provider_Name": "Microsoft-Windows-WindowsUpdateClient", "Computer": "DESKTOP-OFJ6N53", "TimeCreated": "2025-04-25 00:51:12.453587+00:00", "RecordID": "8721", "Level": "4", "UserID": "S-1-5-18", "EventData.updateTitle": "Обновление механизма обнаружения угроз для Microsoft Defender Antivirus — KB2267602 (версия 1.427.437.0) — Актуальный канал (широкий выпуск)", "EventData.updateGuid": "{c1891437-f92a-4ea9-a6ca-c273b53cda23}", "EventData.updateRevisionNumber": "200"}
{"EventID": "26", "Channel": "Microsoft-Windows-WindowsUpdateClient/Operational", "Provider_Name": "Microsoft-Windows-WindowsUpdateClient", "Computer": "DESKTOP-OFJ6N53", "TimeCreated": "2025-04-25 18:35:43.464352+00:00", "RecordID": "8722", "Level": "4", "UserID": "S-1-5-18", "EventData.updateCount": "1", "EventData.serviceGuid": "{9482f4b4-e343-43b6-b170-9a65bc822c77}"}
{"EventID": "26", "Channel": "Microsoft-Windows-WindowsUpdateClient/Operational", "Provider_Name": "Microsoft-Windows-WindowsUpdateClient", "Computer": "DESKTOP-OFJ6N53", "TimeCreated": "2025-04-25 18:35:48.508736+00:00", "RecordID": "8723", "Level": "4", "UserID": "S-1-5-18", "EventData.updateCount": "2", "EventData.serviceGuid": "{8b24b027-1dee-babb-9a95-3517dfb9c552}"}
{"EventID": "41", "Channel": "Microsoft-Windows-WindowsUpdateClient/Operational", "Provider_Name": "Microsoft-Windows-WindowsUpdateClient", "Computer": "DESKTOP-OFJ6N53", "TimeCreated": "2025-04-25 18:35:49.572655+00:00", "RecordID": "8724", "Level": "4", "UserID": "S-1-5-18", "EventData.updateTitle": "Обновление механизма обнаружения угроз для Microsoft Defender Antivirus — KB2267602 (версия 1.427.456.0) — Актуальный канал (широкий выпуск)", "EventData.updateGuid": "{c8f57226-54a0-45c0-894b-53c019811dea}", "EventData.updateRevisionNumber": "200"}
{"EventID": "26", "Channel": "Microsoft-Windows-WindowsUpdateClient/Operational", "Provider_Name": "Microsoft-Windows-WindowsUpdateClient", "Computer": "DESKTOP-OFJ6N53", "TimeCreated": "2025-04-25 19:56:27.557766+00:00", "RecordID": "8725", "Level": "4", "UserID": "S-1-5-18", "EventData.updateCount": "5", "EventData.serviceGuid": "{855e8a7c-ecb4-4ca3-b045-1dfa50104289}"}
{"EventID": "26", "Channel": "Microsoft-Windows-WindowsUpdateClient/Operational", "Provider_Name": "Microsoft-Windows-WindowsUpdateClient", "Computer": "DESKTOP-OFJ6N53", "TimeCreated": "2025-04-25 19:56:36.040098+00:00", "RecordID": "8726", "Level": "4", "UserID": "S-1-5-18", "EventData.updateCount": "5", "EventData.serviceGuid": "{855e8a7c-ecb4-4ca3-b045-1dfa50104289}"}
{"EventID": "41", "Channel": "Microsoft-Windows-WindowsUpdateClient/Operational", "Provider_Name": "Microsoft-Windows-WindowsUpdateClient", "Computer": "DESKTOP-OFJ6N53", "TimeCreated": "2025-04-25 19:56:57.194374+00:00", "RecordID": "8727", "Level": "4", "UserID": "S-1-5-18", "EventData.updateTitle": "9WZDNCRFJBD8-Microsoft.XboxApp", "EventData.updateGuid": "{14c9433b-c7fc-4357-b884-5c924a0695ce}", "EventData.updateRevisionNumber": "1"}
{"EventID": "41", "Channel": "Microsoft-Windows-WindowsUpdateClient/Operational", "Provider_Name": "Microsoft-Windows-WindowsUpdateClient", "Computer": "DESKTOP-OFJ6N53", "TimeCreated": "2025-04-25 19:56:57.194378+00:00", "RecordID": "8728", "Level": "4", "UserID": "S-1-5-18", "EventData.updateTitle": "9NBLGGH0CB6D-A025C540.Yandex.Music", "EventData.updateGuid": "{d0a87fc7-c59c-4f41-bb49-af2b191add7f}", "EventData.updateRevisionNumber": "1"}
{"EventID": "41", "Channel": "Microsoft-Windows-WindowsUpdateClient/Operational", "Provider_Name": "Microsoft-Windows-WindowsUpdateClient", "Computer": "DESKTOP-OFJ6N53", "TimeCreated": "2025-04-25 19:56:57.194380+00:00", "RecordID": "8729", "Level": "4", "UserID": "S-1-5-18", "EventData.updateTitle": "9WZDNCRD1HKW-Microsoft.XboxIdentityProvider", "EventData.updateGuid": "{d93ed933-7f77-4c4b-a247-044e4ab86ac4}", "EventData.updateRevisionNumber": "1"}
{"EventID": "41", "Channel": "Microsoft-Windows-WindowsUpdateClient/Operational", "Provider_Name": "Microsoft-Windows-WindowsUpdateClient", "Computer": "DESKTOP-OFJ6N53", "TimeCreated": "2025-04-25 19:57:06.571743+00:00", "RecordID": "8730", "Level": "4", "UserID": "S-1-5-18", "EventData.updateTitle": "9WZDNCRFHWKN-MICROSOFT.WINDOWSSOUNDRECORDER", "EventData.updateGuid": "{28bd4083-267c-47bd-ba10-987e72ed6a25}", "EventData.updateRevisionNumber": "1"}
{"EventID": "41", "Channel": "Microsoft-Windows-WindowsUpdateClient/Operational", "Provider_Name": "Microsoft-Windows-WindowsUpdateClient", "Computer": "DESKTOP-OFJ6N53", "TimeCreated": "2025-04-25 19:57:10.090055+00:00", "RecordID": "8731", "Level": "4", "UserID": "S-1-5-18", "EventData.updateTitle": "9WZDNCRFHWD2-Microsoft.MicrosoftSolitaireCollection", "EventData.updateGuid": "{50b8c63d-536f-46b2-b383-25a926689963}", "EventData.updateRevisionNumber": "1"}
{"EventID": "26", "Channel": "Microsoft-Windows-WindowsUpdateClient/Operational", "Provider_Name": "Microsoft-Windows-WindowsUpdateClient", "Computer": "DESKTOP-OFJ6N53", "TimeCreated": "2025-04-26 00:51:13.225996+00:00", "RecordID": "8732", "Level": "4", "UserID": "S-1-5-18", "EventData.updateCount": "1", "EventData.serviceGuid": "{9482f4b4-e343-43b6-b170-9a65bc822c77}"}
{"EventID": "26", "Channel": "Microsoft-Windows-WindowsUpdateClient/Operational", "Provider_Name": "Microsoft-Windows-WindowsUpdateClient", "Computer": "DESKTOP-OFJ6N53", "TimeCreated": "2025-04-26 00:51:13.226002+00:00", "RecordID": "8733", "Level": "4", "UserID": "S-1-5-18", "EventData.updateCount": "0", "EventData.serviceGuid": "{8b24b027-1dee-babb-9a95-3517dfb9c552}"}
{"EventID": "41", "Channel": "Microsoft-Windows-WindowsUpdateClient/Operational", "Provider_Name": "Microsoft-Windows-WindowsUpdateClient", "Computer": "DESKTOP-OFJ6N53", "TimeCreated": "2025-04-26 00:51:13.226006+00:00", "RecordID": "8734", "Level": "4", "UserID": "S-1-5-18", "EventData.updateTitle": "Обновление механизма обнаружения угроз для Microsoft Defender Antivirus — KB2267602 (версия 1.427.461.0) — Актуальный канал (широкий выпуск)", "EventData.updateGuid": "{baa4dcf7-618a-4303-8557-21c9922d5cfb}", "EventData.updateRevisionNumber": "200"}
{"EventID": "26", "Channel": "Microsoft-Windows-WindowsUpdateClient/Operational", "Provider_Name": "Microsoft-Windows-WindowsUpdateClient", "Computer": "DESKTOP-OFJ6N53", "TimeCreated": "2025-04-26 17:35:49.633799+00:00", "RecordID": "8735", "Level": "4", "UserID": "S-1-5-18", "EventData.updateCount": "1", "EventData.serviceGuid": "{9482f4b4-e343-43b6-b170-9a65bc822c77}"}
{"EventID": "26", "Channel": "Microsoft-Windows-WindowsUpdateClient/Operational", "Provider_Name": "Microsoft-Windows-WindowsUpdateClient", "Computer": "DESKTOP-OFJ6N53", "TimeCreated": "2025-04-26 17:37:44.550419+00:00", "RecordID": "8736", "Level": "4", "UserID": "S-1-5-18", "EventData.updateCount": "2", "EventData.serviceGuid": "{8b24b027-1dee-babb-9a95-3517dfb9c552}"}
{"EventID": "41", "Channel": "Microsoft-Windows-WindowsUpdateClient/Operational", "Provider_Name": "Microsoft-Windows-WindowsUpdateClient", "Computer": "DESKTOP-OFJ6N53", "TimeCreated": "2025-04-26 17:37:45.594158+00:00", "RecordID": "8737", "Level": "4", "UserID": "S-1-5-18", "EventData.updateTitle": "Обновление механизма обнаружения угроз для Microsoft Defender Antivirus — KB2267602 (версия 1.427.473.0) — Актуальный канал (широкий выпуск)", "EventData.updateGuid": "{d6306069-f6a7-4012-bf1b-a24e5229c7bc}", "EventData.updateRevisionNumber": "200"}
{"EventID": "26", "Channel": "Microsoft-Windows-WindowsUpdateClient/Operational", "Provider_Name": "Microsoft-Windows-WindowsUpdateClient", "Computer": "DESKTOP-OFJ6N53", "TimeCreated": "2025-04-27 00:51:17.256584+00:00", "RecordID": "8738", "Level": "4", "UserID": "S-1-5-18", "EventData.updateCount": "1", "EventData.serviceGuid": "{9482f4b4-e343-43b6-b170-9a65bc822c77}"}
{"EventID": "26", "Channel": "Microsoft-Windows-WindowsUpdateClient/Operational", "Provider_Name": "Microsoft-Windows-WindowsUpdateClient", "Computer": "DESKTOP-OFJ6N53", "TimeCreated": "2025-04-27 00:51:17.256588+00:00", "RecordID": "8739", "Level": "4", "UserID": "S-1-5-18", "EventData.updateCount": "0", "EventData.serviceGuid": "{8b24b027-1dee-babb-9a95-3517dfb9c552}"}
{"EventID": "41", "Channel": "Microsoft-Windows-WindowsUpdateClient/Operational", "Provider_Name": "Microsoft-Windows-WindowsUpdateClient", "Computer": "DESKTOP-OFJ6N53", "TimeCreated": "2025-04-27 00:51:17.256594+00:00", "RecordID": "8740", "Level": "4", "UserID": "S-1-5-18", "EventData.updateTitle": "Обновление механизма обнаружения угроз для Microsoft Defender Antivirus — KB2267602 (версия 1.427.476.0) — Актуальный канал (широкий выпуск)", "EventData.updateGuid": "{2ea3fef8-952a-416b-bb61-b9a5283d7d64}", "EventData.updateRevisionNumber": "200"}
{"EventID": "26", "Channel": "Microsoft-Windows-WindowsUpdateClient/Operational", "Provider_Name": "Microsoft-Windows-WindowsUpdateClient", "Computer": "DESKTOP-OFJ6N53", "TimeCreated": "2025-04-27 08:40:58.022120+00:00", "RecordID": "8741", "Level": "4", "UserID": "S-1-5-18", "EventData.updateCount": "1", "EventData.serviceGuid": "{855e8a7c-ecb4-4ca3-b045-1dfa50104289}"}
{"EventID": "26", "Channel": "Microsoft-Windows-WindowsUpdateClient/Operational", "Provider_Name": "Microsoft-Windows-WindowsUpdateClient", "Computer": "DESKTOP-OFJ6N53", "TimeCreated": "2025-04-27 15:41:32.649334+00:00", "RecordID": "8742", "Level": "4", "UserID": "S-1-5-18", "EventData.updateCount": "1", "EventData.serviceGuid": "{855e8a7c-ecb4-4ca3-b045-1dfa50104289}"}
{"EventID": "26", "Channel": "Microsoft-Windows-WindowsUpdateClient/Operational", "Provider_Name": "Microsoft-Windows-WindowsUpdateClient", "Computer": "DESKTOP-OFJ6N53", "TimeCreated": "2025-04-27 15:41:40.525545+00:00", "RecordID": "8743", "Level": "4", "UserID": "S-1-5-18", "EventData.updateCount": "1", "EventData.serviceGuid": "{855e8a7c-ecb4-4ca3-b045-1dfa50104289}"}
{"EventID": "41", "Channel": "Microsoft-Windows-WindowsUpdateClient/Operational", "Provider_Name": "Microsoft-Windows-WindowsUpdateClient", "Computer": "DESKTOP-OFJ6N53", "TimeCreated": "2025-04-27 15:42:00.323128+00:00", "RecordID": "8744", "Level": "4", "UserID": "S-1-5-18", "EventData.updateTitle": "9WZDNCRD29V9-MICROSOFT.MICROSOFTOFFICEHUB", "EventData.updateGuid": "{13e98deb-4f87-4ace-b5c8-08c10be8bfbe}", "EventData.updateRevisionNumber": "1"}
{"EventID": "26", "Channel": "Microsoft-Windows-WindowsUpdateClient/Operational", "Provider_Name": "Microsoft-Windows-WindowsUpdateClient", "Computer": "DESKTOP-OFJ6N53", "TimeCreated": "2025-04-27 15:42:24.599592+00:00", "RecordID": "8745", "Level": "4", "UserID": "S-1-5-18", "EventData.updateCount": "1", "EventData.serviceGuid": "{9482f4b4-e343-43b6-b170-9a65bc822c77}"}
{"EventID": "26", "Channel": "Microsoft-Windows-WindowsUpdateClient/Operational", "Provider_Name": "Microsoft-Windows-WindowsUpdateClient", "Computer": "DESKTOP-OFJ6N53", "TimeCreated": "2025-04-27 15:42:30.412601+00:00", "RecordID": "8746", "Level": "4", "UserID": "S-1-5-18", "EventData.updateCount": "2", "EventData.serviceGuid": "{8b24b027-1dee-babb-9a95-3517dfb9c552}"}
{"EventID": "41", "Channel": "Microsoft-Windows-WindowsUpdateClient/Operational", "Provider_Name": "Microsoft-Windows-WindowsUpdateClient", "Computer": "DESKTOP-OFJ6N53", "TimeCreated": "2025-04-27 15:42:30.412605+00:00", "RecordID": "8747", "Level": "4", "UserID": "S-1-5-18", "EventData.updateTitle": "Обновление механизма обнаружения угроз для Microsoft Defender Antivirus — KB2267602 (версия 1.427.485.0) — Актуальный канал (широкий выпуск)", "EventData.updateGuid": "{6e6354c6-fff9-4ba6-9e98-f506dde44bcc}", "EventData.updateRevisionNumber": "200"}
{"EventID": "26", "Channel": "Microsoft-Windows-WindowsUpdateClient/Operational", "Provider_Name": "Microsoft-Windows-WindowsUpdateClient", "Computer": "DESKTOP-OFJ6N53", "TimeCreated": "2025-04-28 00:51:14.258253+00:00", "RecordID": "8748", "Level": "4", "UserID": "S-1-5-18", "EventData.updateCount": "0", "EventData.serviceGuid": "{9482f4b4-e343-43b6-b170-9a65bc822c77}"}
{"EventID": "26", "Channel": "Microsoft-Windows-WindowsUpdateClient/Operational", "Provider_Name": "Microsoft-Windows-WindowsUpdateClient", "Computer": "DESKTOP-OFJ6N53", "TimeCreated": "2025-04-28 00:51:14.258259+00:00", "RecordID": "8749", "Level": "4", "UserID": "S-1-5-18", "EventData.updateCount": "0", "EventData.serviceGuid": "{8b24b027-1dee-babb-9a95-3517dfb9c552}"}
{"EventID": "26", "Channel": "Microsoft-Windows-WindowsUpdateClient/Operational", "Provider_Name": "Microsoft-Windows-WindowsUpdateClient", "Computer": "DESKTOP-OFJ6N53", "TimeCreated": "2025-04-28 13:53:19.408899+00:00", "RecordID": "8750", "Level": "4", "UserID": "S-1-5-18", "EventData.updateCount": "1", "EventData.serviceGuid": "{9482f4b4-e343-43b6-b170-9a65bc822c77}"}
{"EventID": "26", "Channel": "Microsoft-Windows-WindowsUpdateClient/Operational", "Provider_Name": "Microsoft-Windows-WindowsUpdateClient", "Computer": "DESKTOP-OFJ6N53", "TimeCreated": "2025-04-28 13:53:30.838217+00:00", "RecordID": "8751", "Level": "4", "UserID": "S-1-5-18", "EventData.updateCount": "2", "EventData.serviceGuid": "{8b24b027-1dee-babb-9a95-3517dfb9c552}"}
{"EventID": "41", "Channel": "Microsoft-Windows-WindowsUpdateClient/Operational", "Provider_Name": "Microsoft-Windows-WindowsUpdateClient", "Computer": "DESKTOP-OFJ6N53", "TimeCreated": "2025-04-28 13:53:31.863384+00:00", "RecordID": "8752", "Level": "4", "UserID": "S-1-5-18", "EventData.updateTitle": "Обновление механизма обнаружения угроз для Microsoft Defender Antivirus — KB2267602 (версия 1.427.497.0) — Актуальный канал (широкий выпуск)", "EventData.updateGuid": "{25bf9c0d-547c-4867-88da-df58741067ff}", "EventData.updateRevisionNumber": "200"}
{"EventID": "26", "Channel": "Microsoft-Windows-WindowsUpdateClient/Operational", "Provider_Name": "Microsoft-Windows-WindowsUpdateClient", "Computer": "DESKTOP-OFJ6N53", "TimeCreated": "2025-04-29 00:51:29.424082+00:00", "RecordID": "8753", "Level": "4", "UserID": "S-1-5-18", "EventData.updateCount": "1", "EventData.serviceGuid": "{9482f4b4-e343-43b6-b170-9a65bc822c77}"}
{"EventID": "26", "Channel": "Microsoft-Windows-WindowsUpdateClient/Operational", "Provider_Name": "Microsoft-Windows-WindowsUpdateClient", "Computer": "DESKTOP-OFJ6N53", "TimeCreated": "2025-04-29 00:51:29.424088+00:00", "RecordID": "8754", "Level": "4", "UserID": "S-1-5-18", "EventData.updateCount": "0", "EventData.serviceGuid": "{8b24b027-1dee-babb-9a95-3517dfb9c552}"}
{"EventID": "41", "Channel": "Microsoft-Windows-WindowsUpdateClient/Operational", "Provider_Name": "Microsoft-Windows-WindowsUpdateClient", "Computer": "DESKTOP-OFJ6N53", "TimeCreated": "2025-04-29 00:51:32.739374+00:00", "RecordID": "8755", "Level": "4", "UserID": "S-1-5-18", "EventData.updateTitle": "Обновление механизма обнаружения угроз для Microsoft Defender Antivirus — KB2267602 (версия 1.427.507.0) — Актуальный канал (широкий выпуск)", "EventData.updateGuid": "{658926d0-adb3-488d-bf26-14099804089c}", "EventData.updateRevisionNumber": "200"}
{"EventID": "26", "Channel": "Microsoft-Windows-WindowsUpdateClient/Operational", "Provider_Name": "Microsoft-Windows-WindowsUpdateClient", "Computer": "DESKTOP-OFJ6N53", "TimeCreated": "2025-04-29 06:23:21.969088+00:00", "RecordID": "8756", "Level": "4", "UserID": "S-1-5-18", "EventData.updateCount": "3", "EventData.serviceGuid": "{855e8a7c-ecb4-4ca3-b045-1dfa50104289}"}
{"EventID": "26", "Channel": "Microsoft-Windows-WindowsUpdateClient/Operational", "Provider_Name": "Microsoft-Windows-WindowsUpdateClient", "Computer": "DESKTOP-OFJ6N53", "TimeCreated": "2025-04-29 06:23:30.767509+00:00", "RecordID": "8757", "Level": "4", "UserID": "S-1-5-18", "EventData.updateCount": "3", "EventData.serviceGuid": "{855e8a7c-ecb4-4ca3-b045-1dfa50104289}"}
{"EventID": "41", "Channel": "Microsoft-Windows-WindowsUpdateClient/Operational", "Provider_Name": "Microsoft-Windows-WindowsUpdateClient", "Computer": "DESKTOP-OFJ6N53", "TimeCreated": "2025-04-29 06:23:50.253565+00:00", "RecordID": "8758", "Level": "4", "UserID": "S-1-5-18", "EventData.updateTitle": "9NBLGGH4LS1F-Microsoft.StorePurchaseApp", "EventData.updateGuid": "{8edf6691-329a-46af-9177-44169e60a84f}", "EventData.updateRevisionNumber": "1"}
{"EventID": "41", "Channel": "Microsoft-Windows-WindowsUpdateClient/Operational", "Provider_Name": "Microsoft-Windows-WindowsUpdateClient", "Computer": "DESKTOP-OFJ6N53", "TimeCreated": "2025-04-29 06:23:50.253567+00:00", "RecordID": "8759", "Level": "4", "UserID": "S-1-5-18", "EventData.updateTitle": "9WZDNCRFJBMP-MICROSOFT.WINDOWSSTORE", "EventData.updateGuid": "{895cb960-b6b9-4029-84e0-66c33c58f5da}", "EventData.updateRevisionNumber": "1"}
{"EventID": "41", "Channel": "Microsoft-Windows-WindowsUpdateClient/Operational", "Provider_Name": "Microsoft-Windows-WindowsUpdateClient", "Computer": "DESKTOP-OFJ6N53", "TimeCreated": "2025-04-29 06:23:55.551167+00:00", "RecordID": "8760", "Level": "4", "UserID": "S-1-5-18", "EventData.updateTitle": "9WZDNCRDTBVB-MICROSOFT.WINDOWSMAPS", "EventData.updateGuid": "{811a76ce-f3ee-481a-9d98-9280f9d977b2}", "EventData.updateRevisionNumber": "1"}
{"EventID": "26", "Channel": "Microsoft-Windows-WindowsUpdateClient/Operational", "Provider_Name": "Microsoft-Windows-WindowsUpdateClient", "Computer": "DESKTOP-OFJ6N53", "TimeCreated": "2025-04-29 12:03:03.717344+00:00", "RecordID": "8761", "Level": "4", "UserID": "S-1-5-18", "EventData.updateCount": "1", "EventData.serviceGuid": "{9482f4b4-e343-43b6-b170-9a65bc822c77}"}
{"EventID": "26", "Channel": "Microsoft-Windows-WindowsUpdateClient/Operational", "Provider_Name": "Microsoft-Windows-WindowsUpdateClient", "Computer": "DESKTOP-OFJ6N53", "TimeCreated": "2025-04-29 12:03:09.157370+00:00", "RecordID": "8762", "Level": "4", "UserID": "S-1-5-18", "EventData.updateCount": "2", "EventData.serviceGuid": "{8b24b027-1dee-babb-9a95-3517dfb9c552}"}
{"EventID": "41", "Channel": "Microsoft-Windows-WindowsUpdateClient/Operational", "Provider_Name": "Microsoft-Windows-WindowsUpdateClient", "Computer": "DESKTOP-OFJ6N53", "TimeCreated": "2025-04-29 12:03:09.157373+00:00", "RecordID": "8763", "Level": "4", "UserID": "S-1-5-18", "EventData.updateTitle": "Обновление механизма обнаружения угроз для Microsoft Defender Antivirus — KB2267602 (версия 1.427.519.0) — Актуальный канал (широкий выпуск)", "EventData.updateGuid": "{5961906a-cd80-4ec8-b668-9e62328a9f33}", "EventData.updateRevisionNumber": "200"}
{"EventID": "26", "Channel": "Microsoft-Windows-WindowsUpdateClient/Operational", "Provider_Name": "Microsoft-Windows-WindowsUpdateClient", "Computer": "DESKTOP-OFJ6N53", "TimeCreated": "2025-04-30 00:51:21.111914+00:00", "RecordID": "8764", "Level": "4", "UserID": "S-1-5-18", "EventData.updateCount": "1", "EventData.serviceGuid": "{9482f4b4-e343-43b6-b170-9a65bc822c77}"}
{"EventID": "26", "Channel": "Microsoft-Windows-WindowsUpdateClient/Operational", "Provider_Name": "Microsoft-Windows-WindowsUpdateClient", "Computer": "DESKTOP-OFJ6N53", "TimeCreated": "2025-04-30 00:51:21.111919+00:00", "RecordID": "8765", "Level": "4", "UserID": "S-1-5-18", "EventData.updateCount": "0", "EventData.serviceGuid": "{8b24b027-1dee-babb-9a95-3517dfb9c552}"}
{"EventID": "41", "Channel": "Microsoft-Windows-WindowsUpdateClient/Operational", "Provider_Name": "Microsoft-Windows-WindowsUpdateClient", "Computer": "DESKTOP-OFJ6N53", "TimeCreated": "2025-04-30 00:51:21.111923+00:00", "RecordID": "8766", "Level": "4", "UserID": "S-1-5-18", "EventData.updateTitle": "Обновление механизма обнаружения угроз для Microsoft Defender Antivirus — KB2267602 (версия 1.427.536.0) — Актуальный канал (широкий выпуск)", "EventData.updateGuid": "{f87a7190-a5a5-43f4-ac87-cc3f19167967}", "EventData.updateRevisionNumber": "200"}
{"EventID": "26", "Channel": "Microsoft-Windows-WindowsUpdateClient/Operational", "Provider_Name": "Microsoft-Windows-WindowsUpdateClient", "Computer": "DESKTOP-OFJ6N53", "TimeCreated": "2025-04-30 08:41:12.415890+00:00", "RecordID": "8767", "Level": "4", "UserID": "S-1-5-18", "EventData.updateCount": "2", "EventData.serviceGuid": "{855e8a7c-ecb4-4ca3-b045-1dfa50104289}"}
{"EventID": "41", "Channel": "Microsoft-Windows-WindowsUpdateClient/Operational", "Provider_Name": "Microsoft-Windows-WindowsUpdateClient", "Computer": "DESKTOP-OFJ6N53", "TimeCreated": "2025-04-30 08:41:16.776461+00:00", "RecordID": "8768", "Level": "4", "UserID": "S-1-5-18", "EventData.updateTitle": "9N5TDP8VCMHS-Microsoft.WebMediaExtensions", "EventData.updateGuid": "{b947deae-07fb-439b-8cbc-8a802d79a6e1}", "EventData.updateRevisionNumber": "1"}
{"EventID": "26", "Channel": "Microsoft-Windows-WindowsUpdateClient/Operational", "Provider_Name": "Microsoft-Windows-WindowsUpdateClient", "Computer": "DESKTOP-OFJ6N53", "TimeCreated": "2025-04-30 10:10:27.555815+00:00", "RecordID": "8769", "Level": "4", "UserID": "S-1-5-18", "EventData.updateCount": "1", "EventData.serviceGuid": "{9482f4b4-e343-43b6-b170-9a65bc822c77}"}
{"EventID": "26", "Channel": "Microsoft-Windows-WindowsUpdateClient/Operational", "Provider_Name": "Microsoft-Windows-WindowsUpdateClient", "Computer": "DESKTOP-OFJ6N53", "TimeCreated": "2025-04-30 10:10:33.780895+00:00", "RecordID": "8770", "Level": "4", "UserID": "S-1-5-18", "EventData.updateCount": "2", "EventData.serviceGuid": "{8b24b027-1dee-babb-9a95-3517dfb9c552}"}
{"EventID": "41", "Channel": "Microsoft-Windows-WindowsUpdateClient/Operational", "Provider_Name": "Microsoft-Windows-WindowsUpdateClient", "Computer": "DESKTOP-OFJ6N53", "TimeCreated": "2025-04-30 10:10:33.780903+00:00", "RecordID": "8771", "Level": "4", "UserID": "S-1-5-18", "EventData.updateTitle": "Обновление механизма обнаружения угроз для Microsoft Defender Antivirus — KB2267602 (версия 1.427.538.0) — Актуальный канал (широкий выпуск)", "EventData.updateGuid": "{168ca049-d851-44f5-97b8-73486725c7ab}", "EventData.updateRevisionNumber": "200"}
{"EventID": "26", "Channel": "Microsoft-Windows-WindowsUpdateClient/Operational", "Provider_Name": "Microsoft-Windows-WindowsUpdateClient", "Computer": "DESKTOP-OFJ6N53", "TimeCreated": "2025-05-01 00:51:45.747301+00:00", "RecordID": "8772", "Level": "4", "UserID": "S-1-5-18", "EventData.updateCount": "1", "EventData.serviceGuid": "{9482f4b4-e343-43b6-b170-9a65bc822c77}"}
{"EventID": "26", "Channel": "Microsoft-Windows-WindowsUpdateClient/Operational", "Provider_Name": "Microsoft-Windows-WindowsUpdateClient", "Computer": "DESKTOP-OFJ6N53", "TimeCreated": "2025-05-01 00:51:45.747311+00:00", "RecordID": "8773", "Level": "4", "UserID": "S-1-5-18", "EventData.updateCount": "0", "EventData.serviceGuid": "{8b24b027-1dee-babb-9a95-3517dfb9c552}"}
{"EventID": "41", "Channel": "Microsoft-Windows-WindowsUpdateClient/Operational", "Provider_Name": "Microsoft-Windows-WindowsUpdateClient", "Computer": "DESKTOP-OFJ6N53", "TimeCreated": "2025-05-01 00:51:45.747318+00:00", "RecordID": "8774", "Level": "4", "UserID": "S-1-5-18", "EventData.updateTitle": "Обновление механизма обнаружения угроз для Microsoft Defender Antivirus — KB2267602 (версия 1.427.553.0) — Актуальный канал (широкий выпуск)", "EventData.updateGuid": "{fa87dce1-1058-4634-95f9-b54b1ccf503d}", "EventData.updateRevisionNumber": "200"}
{"EventID": "26", "Channel": "Microsoft-Windows-WindowsUpdateClient/Operational", "Provider_Name": "Microsoft-Windows-WindowsUpdateClient", "Computer": "DESKTOP-OFJ6N53", "TimeCreated": "2025-05-01 06:52:26.010592+00:00", "RecordID": "8775", "Level": "4", "UserID": "S-1-5-18", "EventData.updateCount": "1", "EventData.serviceGuid": "{9482f4b4-e343-43b6-b170-9a65bc822c77}"}
{"EventID": "26", "Channel": "Microsoft-Windows-WindowsUpdateClient/Operational", "Provider_Name": "Microsoft-Windows-WindowsUpdateClient", "Computer": "DESKTOP-OFJ6N53", "TimeCreated": "2025-05-01 06:52:32.231976+00:00", "RecordID": "8776", "Level": "4", "UserID": "S-1-5-18", "EventData.updateCount": "2", "EventData.serviceGuid": "{8b24b027-1dee-babb-9a95-3517dfb9c552}"}
{"EventID": "41", "Channel": "Microsoft-Windows-WindowsUpdateClient/Operational", "Provider_Name": "Microsoft-Windows-WindowsUpdateClient", "Computer": "DESKTOP-OFJ6N53", "TimeCreated": "2025-05-01 06:52:34.630800+00:00", "RecordID": "8777", "Level": "4", "UserID": "S-1-5-18", "EventData.updateTitle": "Обновление механизма обнаружения угроз для Microsoft Defender Antivirus — KB2267602 (версия 1.427.562.0) — Актуальный канал (широкий выпуск)", "EventData.updateGuid": "{b9f9fd1c-f54b-40c0-a935-8786168f6c03}", "EventData.updateRevisionNumber": "200"}
{"EventID": "26", "Channel": "Microsoft-Windows-WindowsUpdateClient/Operational", "Provider_Name": "Microsoft-Windows-WindowsUpdateClient", "Computer": "DESKTOP-OFJ6N53", "TimeCreated": "2025-05-01 08:41:00.845638+00:00", "RecordID": "8778", "Level": "4", "UserID": "S-1-5-18", "EventData.updateCount": "2", "EventData.serviceGuid": "{855e8a7c-ecb4-4ca3-b045-1dfa50104289}"}
{"EventID": "26", "Channel": "Microsoft-Windows-WindowsUpdateClient/Operational", "Provider_Name": "Microsoft-Windows-WindowsUpdateClient", "Computer": "DESKTOP-OFJ6N53", "TimeCreated": "2025-05-01 19:20:45.774687+00:00", "RecordID": "8779", "Level": "4", "UserID": "S-1-5-18", "EventData.updateCount": "2", "EventData.serviceGuid": "{855e8a7c-ecb4-4ca3-b045-1dfa50104289}"}
{"EventID": "26", "Channel": "Microsoft-Windows-WindowsUpdateClient/Operational", "Provider_Name": "Microsoft-Windows-WindowsUpdateClient", "Computer": "DESKTOP-OFJ6N53", "TimeCreated": "2025-05-01 19:20:53.738422+00:00", "RecordID": "8780", "Level": "4", "UserID": "S-1-5-18", "EventData.updateCount": "2", "EventData.serviceGuid": "{855e8a7c-ecb4-4ca3-b045-1dfa50104289}"}
{"EventID": "41", "Channel": "Microsoft-Windows-WindowsUpdateClient/Operational", "Provider_Name": "Microsoft-Windows-WindowsUpdateClient", "Computer": "DESKTOP-OFJ6N53", "TimeCreated": "2025-05-01 19:21:11.719688+00:00", "RecordID": "8781", "Level": "4", "UserID": "S-1-5-18", "EventData.updateTitle": "9WZDNCRD29V9-MICROSOFT.MICROSOFTOFFICEHUB", "EventData.updateGuid": "{3152b67d-d699-4206-ab5d-6536b8606e36}", "EventData.updateRevisionNumber": "1"}
{"EventID": "41", "Channel": "Microsoft-Windows-WindowsUpdateClient/Operational", "Provider_Name": "Microsoft-Windows-WindowsUpdateClient", "Computer": "DESKTOP-OFJ6N53", "TimeCreated": "2025-05-01 19:21:11.719690+00:00", "RecordID": "8782", "Level": "4", "UserID": "S-1-5-18", "EventData.updateTitle": "9WZDNCRFHVJL-MICROSOFT.OFFICE.ONENOTE", "EventData.updateGuid": "{3bc6199a-f2b8-446a-903e-9ff5ab8a9104}", "EventData.updateRevisionNumber": "1"}
