{"EventID": "105", "Channel": "Microsoft-Windows-Diagnosis-DPS/Operational", "Provider_Name": "Microsoft-Windows-Diagnosis-DPS", "Computer": "DESKTOP-OFJ6N53", "TimeCreated": "2024-09-19 17:27:05.319386+00:00", "RecordID": "3518", "Level": "4", "UserID": "S-1-5-19", "EventData.ScenarioId": "{86432a0b-3c7d-4ddf-a89c-172faa90485d}", "EventData.InstanceId": "{69f14b03-2b6a-4d90-a8f0-bef13e0c6420}", "EventData.OriginalActivityId": "{86432a0b-3c7d-4ddf-a89c-172faa90485d}", "EventData.DiagnosticModuleImageName": "%SystemRoot%\\system32\\diagperf.dll", "EventData.DiagnosticModuleId": "{c8544339-5be9-4f25-862e-485f1b1a6935}"}
{"EventID": "110", "Channel": "Microsoft-Windows-Diagnosis-DPS/Operational", "Provider_Name": "Microsoft-Windows-Diagnosis-DPS", "Computer": "DESKTOP-OFJ6N53", "TimeCreated": "2024-09-19 17:27:06.177023+00:00", "RecordID": "3519", "Level": "4", "UserID": "S-1-5-19", "EventData.ScenarioId": "{2698178d-fdad-40ae-9d3c-1371703adc5b}", "EventData.InstanceId": "{0ae413e1-d1d2-4d23-82ac-a3a8428bea83}", "EventData.OriginalActivityId": "{2698178d-fdad-40ae-9d3c-1371703adc5b}", "EventData.DiagnosticModuleImageName": "%SystemRoot%\\system32\\diagperf.dll", "EventData.DiagnosticModuleId": "{15fba3b8-a37a-4f91-bdba-fbb98fe804bf}"}
{"EventID": "110", "Channel": "Microsoft-Windows-Diagnosis-DPS/Operational", "Provider_Name": "Microsoft-Windows-Diagnosis-DPS", "Computer": "DESKTOP-OFJ6N53", "TimeCreated": "2024-09-19 17:27:08.479759+00:00", "RecordID": "3520", "Level": "4", "UserID": "S-1-5-19", "EventData.ScenarioId": "{86432a0b-3c7d-4ddf-a89c-172faa90485d}", "EventData.InstanceId": "{69f14b03-2b6a-4d90-a8f0-bef13e0c6420}", "EventData.OriginalActivityId": "{86432a0b-3c7d-4ddf-a89c-172faa90485d}", "EventData.DiagnosticModuleImageName": "%SystemRoot%\\system32\\diagperf.dll", "EventData.DiagnosticModuleId": "{c8544339-5be9-4f25-862e-485f1b1a6935}"}
{"EventID": "100", "Channel": "Microsoft-Windows-Diagnosis-DPS/Operational", "Provider_Name": "Microsoft-Windows-Diagnosis-DPS", "Computer": "DESKTOP-OFJ6N53", "TimeCreated": "2024-09-19 17:27:09.398581+00:00", "RecordID": "3521", "Level": "4", "UserID": "S-1-5-19", "EventData.ScenarioId": "{3a5d4378-9d2f-4393-b1e5-34f5fa9a1140}", "EventData.InstanceId": "{0f629e22-c4ad-4ec5-b7af-61fe2924615b}", "EventData.OriginalActivityId": "{69f14b03-2b6a-4d90-a8f0-bef13e0c6420}", "EventData.DiagnosticModuleImageName": "%SystemRoot%\\system32\\diagperf.dll", "EventData.DiagnosticModuleId": "{b171ab1c-60e9-4301-a338-beab1c70b3e9}"}
{"EventID": "105", "Channel": "Microsoft-Windows-Diagnosis-DPS/Operational", "Provider_Name": "Microsoft-Windows-Diagnosis-DPS", "Computer": "DESKTOP-OFJ6N53", "TimeCreated": "2024-09-19 17:27:09.398582+00:00", "RecordID": "3522", "Level": "4", "UserID": "S-1-5-19", "EventData.ScenarioId": "{3a5d4378-9d2f-4393-b1e5-34f5fa9a1140}", "EventData.InstanceId": "{0f629e22-c4ad-4ec5-b7af-61fe2924615b}", "EventData.OriginalActivityId": "{69f14b03-2b6a-4d90-a8f0-bef13e0c6420}", "EventData.DiagnosticModuleImageName": "%SystemRoot%\\system32\\diagperf.dll", "EventData.DiagnosticModuleId": "{b171ab1c-60e9-4301-a338-beab1c70b3e9}"}
{"EventID": "120", "Channel": "Microsoft-Windows-Diagnosis-DPS/Operational", "Provider_Name": "Microsoft-Windows-Diagnosis-DPS", "Computer": "DESKTOP-OFJ6N53", "TimeCreated": "2024-09-19 17:27:09.404922+00:00", "RecordID": "3523", "Level": "4", "UserID": "S-1-5-19", "EventData.ScenarioId": "{3a5d4378-9d2f-4393-b1e5-34f5fa9a1140}", "EventData.InstanceId": "{0f629e22-c4ad-4ec5-b7af-61fe2924615b}", "EventData.OriginalActivityId": "{69f14b03-2b6a-4d90-a8f0-bef13e0c6420}", "EventData.DiagnosticModuleImageName": "%SystemRoot%\\system32\\diagperf.dll", "EventData.ResolutionId": "{b171ab1c-60e9-4301-a338-beab1c70b3e9}", "EventData.ResolutionSID": "S-1-1-0", "EventData.ResolutionSessionId": "0", "EventData.ResolutionExpirationDate": "2024-12-18 17:27:09.397064+00:00", "EventData.DiagnosticModuleId": "{b171ab1c-60e9-4301-a338-beab1c70b3e9}"}
{"EventID": "135", "Channel": "Microsoft-Windows-Diagnosis-DPS/Operational", "Provider_Name": "Microsoft-Windows-Diagnosis-DPS", "Computer": "DESKTOP-OFJ6N53", "TimeCreated": "2024-09-24 10:57:08.318783+00:00", "RecordID": "3524", "Level": "2", "UserID": "S-1-5-19", "EventData.ScenarioId": "{fd5aa730-b53f-4b39-84e5-cb4303621d74}", "EventData.InstanceId": "{6b9e40aa-5fc1-478c-9c0b-8cb1ba90ba43}", "EventData.OriginalActivityId": "{00000000-0000-0000-0000-000000000000}", "EventData.StatusCode": "2147943515", "EventData.DiagnosticModuleImageName": "%SystemRoot%\\system32\\perftrack.dll", "EventData.DiagnosticModuleId": "{9c5a40da-b965-4fc3-8781-88dd50a6299d}"}
{"EventID": "100", "Channel": "Microsoft-Windows-Diagnosis-DPS/Operational", "Provider_Name": "Microsoft-Windows-Diagnosis-DPS", "Computer": "DESKTOP-OFJ6N53", "TimeCreated": "2024-09-24 10:57:34.856546+00:00", "RecordID": "3525", "Level": "4", "UserID": "S-1-5-19", "EventData.ScenarioId": "{2698178d-fdad-40ae-9d3c-1371703adc5b}", "EventData.InstanceId": "{d8adcd5a-b2a4-4fa3-93f7-6299c619340b}", "EventData.OriginalActivityId": "{2698178d-fdad-40ae-9d3c-1371703adc5b}", "EventData.DiagnosticModuleImageName": "%SystemRoot%\\system32\\diagperf.dll", "EventData.DiagnosticModuleId": "{15fba3b8-a37a-4f91-bdba-fbb98fe804bf}"}
{"EventID": "105", "Channel": "Microsoft-Windows-Diagnosis-DPS/Operational", "Provider_Name": "Microsoft-Windows-Diagnosis-DPS", "Computer": "DESKTOP-OFJ6N53", "TimeCreated": "2024-09-24 10:57:34.856550+00:00", "RecordID": "3526", "Level": "4", "UserID": "S-1-5-19", "EventData.ScenarioId": "{2698178d-fdad-40ae-9d3c-1371703adc5b}", "EventData.InstanceId": "{d8adcd5a-b2a4-4fa3-93f7-6299c619340b}", "EventData.OriginalActivityId": "{2698178d-fdad-40ae-9d3c-1371703adc5b}", "EventData.DiagnosticModuleImageName": "%SystemRoot%\\system32\\diagperf.dll", "EventData.DiagnosticModuleId": "{15fba3b8-a37a-4f91-bdba-fbb98fe804bf}"}
{"EventID": "100", "Channel": "Microsoft-Windows-Diagnosis-DPS/Operational", "Provider_Name": "Microsoft-Windows-Diagnosis-DPS", "Computer": "DESKTOP-OFJ6N53", "TimeCreated": "2024-09-24 10:59:11.129013+00:00", "RecordID": "3527", "Level": "4", "UserID": "S-1-5-19", "EventData.ScenarioId": "{86432a0b-3c7d-4ddf-a89c-172faa90485d}", "EventData.InstanceId": "{638342fc-4217-48ec-8161-f46670feafb8}", "EventData.OriginalActivityId": "{86432a0b-3c7d-4ddf-a89c-172faa90485d}", "EventData.DiagnosticModuleImageName": "%SystemRoot%\\system32\\diagperf.dll", "EventData.DiagnosticModuleId": "{c8544339-5be9-4f25-862e-485f1b1a6935}"}
{"EventID": "105", "Channel": "Microsoft-Windows-Diagnosis-DPS/Operational", "Provider_Name": "Microsoft-Windows-Diagnosis-DPS", "Computer": "DESKTOP-OFJ6N53", "TimeCreated": "2024-09-24 10:59:11.129017+00:00", "RecordID": "3528", "Level": "4", "UserID": "S-1-5-19", "EventData.ScenarioId": "{86432a0b-3c7d-4ddf-a89c-172faa90485d}", "EventData.InstanceId": "{638342fc-4217-48ec-8161-f46670feafb8}", "EventData.OriginalActivityId": "{86432a0b-3c7d-4ddf-a89c-172faa90485d}", "EventData.DiagnosticModuleImageName": "%SystemRoot%\\system32\\diagperf.dll", "EventData.DiagnosticModuleId": "{c8544339-5be9-4f25-862e-485f1b1a6935}"}
{"EventID": "110", "Channel": "Microsoft-Windows-Diagnosis-DPS/Operational", "Provider_Name": "Microsoft-Windows-Diagnosis-DPS", "Computer": "DESKTOP-OFJ6N53", "TimeCreated": "2024-09-24 10:59:11.600298+00:00", "RecordID": "3529", "Level": "4", "UserID": "S-1-5-19", "EventData.ScenarioId": "{2698178d-fdad-40ae-9d3c-1371703adc5b}", "EventData.InstanceId": "{d8adcd5a-b2a4-4fa3-93f7-6299c619340b}", "EventData.OriginalActivityId": "{2698178d-fdad-40ae-9d3c-1371703adc5b}", "EventData.DiagnosticModuleImageName": "%SystemRoot%\\system32\\diagperf.dll", "EventData.DiagnosticModuleId": "{15fba3b8-a37a-4f91-bdba-fbb98fe804bf}"}
{"EventID": "110", "Channel": "Microsoft-Windows-Diagnosis-DPS/Operational", "Provider_Name": "Microsoft-Windows-Diagnosis-DPS", "Computer": "DESKTOP-OFJ6N53", "TimeCreated": "2024-09-24 10:59:12.565889+00:00", "RecordID": "3530", "Level": "4", "UserID": "S-1-5-19", "EventData.ScenarioId": "{86432a0b-3c7d-4ddf-a89c-172faa90485d}", "EventData.InstanceId": "{638342fc-4217-48ec-8161-f46670feafb8}", "EventData.OriginalActivityId": "{86432a0b-3c7d-4ddf-a89c-172faa90485d}", "EventData.DiagnosticModuleImageName": "%SystemRoot%\\system32\\diagperf.dll", "EventData.DiagnosticModuleId": "{c8544339-5be9-4f25-862e-485f1b1a6935}"}
{"EventID": "100", "Channel": "Microsoft-Windows-Diagnosis-DPS/Operational", "Provider_Name": "Microsoft-Windows-Diagnosis-DPS", "Computer": "DESKTOP-OFJ6N53", "TimeCreated": "2024-09-24 10:59:13.520027+00:00", "RecordID": "3531", "Level": "4", "UserID": "S-1-5-19", "EventData.ScenarioId": "{3a5d4378-9d2f-4393-b1e5-34f5fa9a1140}", "EventData.InstanceId": "{816a870e-0994-4817-b631-6eec6c978e9b}", "EventData.OriginalActivityId": "{638342fc-4217-48ec-8161-f46670feafb8}", "EventData.DiagnosticModuleImageName": "%SystemRoot%\\system32\\diagperf.dll", "EventData.DiagnosticModuleId": "{b171ab1c-60e9-4301-a338-beab1c70b3e9}"}
{"EventID": "105", "Channel": "Microsoft-Windows-Diagnosis-DPS/Operational", "Provider_Name": "Microsoft-Windows-Diagnosis-DPS", "Computer": "DESKTOP-OFJ6N53", "TimeCreated": "2024-09-24 10:59:13.520029+00:00", "RecordID": "3532", "Level": "4", "UserID": "S-1-5-19", "EventData.ScenarioId": "{3a5d4378-9d2f-4393-b1e5-34f5fa9a1140}", "EventData.InstanceId": "{816a870e-0994-4817-b631-6eec6c978e9b}", "EventData.OriginalActivityId": "{638342fc-4217-48ec-8161-f46670feafb8}", "EventData.DiagnosticModuleImageName": "%SystemRoot%\\system32\\diagperf.dll", "EventData.DiagnosticModuleId": "{b171ab1c-60e9-4301-a338-beab1c70b3e9}"}
{"EventID": "120", "Channel": "Microsoft-Windows-Diagnosis-DPS/Operational", "Provider_Name": "Microsoft-Windows-Diagnosis-DPS", "Computer": "DESKTOP-OFJ6N53", "TimeCreated": "2024-09-24 10:59:13.527596+00:00", "RecordID": "3533", "Level": "4", "UserID": "S-1-5-19", "EventData.ScenarioId": "{3a5d4378-9d2f-4393-b1e5-34f5fa9a1140}", "EventData.InstanceId": "{816a870e-0994-4817-b631-6eec6c978e9b}", "EventData.OriginalActivityId": "{638342fc-4217-48ec-8161-f46670feafb8}", "EventData.DiagnosticModuleImageName": "%SystemRoot%\\system32\\diagperf.dll", "EventData.ResolutionId": "{b171ab1c-60e9-4301-a338-beab1c70b3e9}", "EventData.ResolutionSID": "S-1-1-0", "EventData.ResolutionSessionId": "0", "EventData.ResolutionExpirationDate": "2024-12-23 10:59:13.520609+00:00", "EventData.DiagnosticModuleId": "{b171ab1c-60e9-4301-a338-beab1c70b3e9}"}
{"EventID": "100", "Channel": "Microsoft-Windows-Diagnosis-DPS/Operational", "Provider_Name": "Microsoft-Windows-Diagnosis-DPS", "Computer": "DESKTOP-OFJ6N53", "TimeCreated": "2024-09-24 15:47:39.386976+00:00", "RecordID": "3534", "Level": "4", "UserID": "S-1-5-19", "EventData.ScenarioId": "{180b3a99-8c39-4f12-b631-2031998efe45}", "EventData.InstanceId": "{41e3375a-786f-4893-a2f8-2c2feb3b0707}", "EventData.OriginalActivityId": "{00000000-0000-0000-0000-000000000000}", "EventData.DiagnosticModuleImageName": "%windir%\\system32\\radardt.dll", "EventData.DiagnosticModuleId": "{45de1ea9-10bc-4f96-9b21-4b6b83dbf476}"}
{"EventID": "105", "Channel": "Microsoft-Windows-Diagnosis-DPS/Operational", "Provider_Name": "Microsoft-Windows-Diagnosis-DPS", "Computer": "DESKTOP-OFJ6N53", "TimeCreated": "2024-09-24 15:47:39.386982+00:00", "RecordID": "3535", "Level": "4", "UserID": "S-1-5-19", "EventData.ScenarioId": "{180b3a99-8c39-4f12-b631-2031998efe45}", "EventData.InstanceId": "{41e3375a-786f-4893-a2f8-2c2feb3b0707}", "EventData.OriginalActivityId": "{00000000-0000-0000-0000-000000000000}", "EventData.DiagnosticModuleImageName": "%windir%\\system32\\radardt.dll", "EventData.DiagnosticModuleId": "{45de1ea9-10bc-4f96-9b21-4b6b83dbf476}"}
{"EventID": "100", "Channel": "Microsoft-Windows-Diagnosis-DPS/Operational", "Provider_Name": "Microsoft-Windows-Diagnosis-DPS", "Computer": "DESKTOP-OFJ6N53", "TimeCreated": "2024-09-24 15:52:39.383102+00:00", "RecordID": "3536", "Level": "4", "UserID": "S-1-5-19", "EventData.ScenarioId": "{180b3a99-8c39-4f12-b631-2031998efe45}", "EventData.InstanceId": "{e9c307de-e3a5-43c6-8099-2e316f6ed78c}", "EventData.OriginalActivityId": "{00000000-0000-0000-0000-000000000000}", "EventData.DiagnosticModuleImageName": "%windir%\\system32\\radardt.dll", "EventData.DiagnosticModuleId": "{45de1ea9-10bc-4f96-9b21-4b6b83dbf476}"}
{"EventID": "105", "Channel": "Microsoft-Windows-Diagnosis-DPS/Operational", "Provider_Name": "Microsoft-Windows-Diagnosis-DPS", "Computer": "DESKTOP-OFJ6N53", "TimeCreated": "2024-09-24 15:52:39.383106+00:00", "RecordID": "3537", "Level": "4", "UserID": "S-1-5-19", "EventData.ScenarioId": "{180b3a99-8c39-4f12-b631-2031998efe45}", "EventData.InstanceId": "{e9c307de-e3a5-43c6-8099-2e316f6ed78c}", "EventData.OriginalActivityId": "{00000000-0000-0000-0000-000000000000}", "EventData.DiagnosticModuleImageName": "%windir%\\system32\\radardt.dll", "EventData.DiagnosticModuleId": "{45de1ea9-10bc-4f96-9b21-4b6b83dbf476}"}
{"EventID": "135", "Channel": "Microsoft-Windows-Diagnosis-DPS/Operational", "Provider_Name": "Microsoft-Windows-Diagnosis-DPS", "Computer": "DESKTOP-OFJ6N53", "TimeCreated": "2024-09-25 13:38:32.154819+00:00", "RecordID": "3538", "Level": "2", "UserID": "S-1-5-19", "EventData.ScenarioId": "{fd5aa730-b53f-4b39-84e5-cb4303621d74}", "EventData.InstanceId": "{07a53230-c157-4be0-a62c-df141f74d376}", "EventData.OriginalActivityId": "{00000000-0000-0000-0000-000000000000}", "EventData.StatusCode": "2147943515", "EventData.DiagnosticModuleImageName": "%SystemRoot%\\system32\\perftrack.dll", "EventData.DiagnosticModuleId": "{9c5a40da-b965-4fc3-8781-88dd50a6299d}"}
{"EventID": "100", "Channel": "Microsoft-Windows-Diagnosis-DPS/Operational", "Provider_Name": "Microsoft-Windows-Diagnosis-DPS", "Computer": "DESKTOP-OFJ6N53", "TimeCreated": "2024-09-25 13:39:00.258568+00:00", "RecordID": "3539", "Level": "4", "UserID": "S-1-5-19", "EventData.ScenarioId": "{2698178d-fdad-40ae-9d3c-1371703adc5b}", "EventData.InstanceId": "{100df3ec-1421-466b-9e52-5b6541b408b8}", "EventData.OriginalActivityId": "{2698178d-fdad-40ae-9d3c-1371703adc5b}", "EventData.DiagnosticModuleImageName": "%SystemRoot%\\system32\\diagperf.dll", "EventData.DiagnosticModuleId": "{15fba3b8-a37a-4f91-bdba-fbb98fe804bf}"}
{"EventID": "105", "Channel": "Microsoft-Windows-Diagnosis-DPS/Operational", "Provider_Name": "Microsoft-Windows-Diagnosis-DPS", "Computer": "DESKTOP-OFJ6N53", "TimeCreated": "2024-09-25 13:39:00.258570+00:00", "RecordID": "3540", "Level": "4", "UserID": "S-1-5-19", "EventData.ScenarioId": "{2698178d-fdad-40ae-9d3c-1371703adc5b}", "EventData.InstanceId": "{100df3ec-1421-466b-9e52-5b6541b408b8}", "EventData.OriginalActivityId": "{2698178d-fdad-40ae-9d3c-1371703adc5b}", "EventData.DiagnosticModuleImageName": "%SystemRoot%\\system32\\diagperf.dll", "EventData.DiagnosticModuleId": "{15fba3b8-a37a-4f91-bdba-fbb98fe804bf}"}
{"EventID": "100", "Channel": "Microsoft-Windows-Diagnosis-DPS/Operational", "Provider_Name": "Microsoft-Windows-Diagnosis-DPS", "Computer": "DESKTOP-OFJ6N53", "TimeCreated": "2024-09-25 13:40:36.152634+00:00", "RecordID": "3541", "Level": "4", "UserID": "S-1-5-19", "EventData.ScenarioId": "{86432a0b-3c7d-4ddf-a89c-172faa90485d}", "EventData.InstanceId": "{5c5f3f27-4ee3-4bc6-bfdb-e4945e3f6427}", "EventData.OriginalActivityId": "{86432a0b-3c7d-4ddf-a89c-172faa90485d}", "EventData.DiagnosticModuleImageName": "%SystemRoot%\\system32\\diagperf.dll", "EventData.DiagnosticModuleId": "{c8544339-5be9-4f25-862e-485f1b1a6935}"}
{"EventID": "105", "Channel": "Microsoft-Windows-Diagnosis-DPS/Operational", "Provider_Name": "Microsoft-Windows-Diagnosis-DPS", "Computer": "DESKTOP-OFJ6N53", "TimeCreated": "2024-09-25 13:40:36.152636+00:00", "RecordID": "3542", "Level": "4", "UserID": "S-1-5-19", "EventData.ScenarioId": "{86432a0b-3c7d-4ddf-a89c-172faa90485d}", "EventData.InstanceId": "{5c5f3f27-4ee3-4bc6-bfdb-e4945e3f6427}", "EventData.OriginalActivityId": "{86432a0b-3c7d-4ddf-a89c-172faa90485d}", "EventData.DiagnosticModuleImageName": "%SystemRoot%\\system32\\diagperf.dll", "EventData.DiagnosticModuleId": "{c8544339-5be9-4f25-862e-485f1b1a6935}"}
{"EventID": "110", "Channel": "Microsoft-Windows-Diagnosis-DPS/Operational", "Provider_Name": "Microsoft-Windows-Diagnosis-DPS", "Computer": "DESKTOP-OFJ6N53", "TimeCreated": "2024-09-25 13:40:36.753807+00:00", "RecordID": "3543", "Level": "4", "UserID": "S-1-5-19", "EventData.ScenarioId": "{2698178d-fdad-40ae-9d3c-1371703adc5b}", "EventData.InstanceId": "{100df3ec-1421-466b-9e52-5b6541b408b8}", "EventData.OriginalActivityId": "{2698178d-fdad-40ae-9d3c-1371703adc5b}", "EventData.DiagnosticModuleImageName": "%SystemRoot%\\system32\\diagperf.dll", "EventData.DiagnosticModuleId": "{15fba3b8-a37a-4f91-bdba-fbb98fe804bf}"}
{"EventID": "110", "Channel": "Microsoft-Windows-Diagnosis-DPS/Operational", "Provider_Name": "Microsoft-Windows-Diagnosis-DPS", "Computer": "DESKTOP-OFJ6N53", "TimeCreated": "2024-09-25 13:40:38.026871+00:00", "RecordID": "3544", "Level": "4", "UserID": "S-1-5-19", "EventData.ScenarioId": "{86432a0b-3c7d-4ddf-a89c-172faa90485d}", "EventData.InstanceId": "{5c5f3f27-4ee3-4bc6-bfdb-e4945e3f6427}", "EventData.OriginalActivityId": "{86432a0b-3c7d-4ddf-a89c-172faa90485d}", "EventData.DiagnosticModuleImageName": "%SystemRoot%\\system32\\diagperf.dll", "EventData.DiagnosticModuleId": "{c8544339-5be9-4f25-862e-485f1b1a6935}"}
{"EventID": "100", "Channel": "Microsoft-Windows-Diagnosis-DPS/Operational", "Provider_Name": "Microsoft-Windows-Diagnosis-DPS", "Computer": "DESKTOP-OFJ6N53", "TimeCreated": "2024-09-25 13:40:38.986256+00:00", "RecordID": "3545", "Level": "4", "UserID": "S-1-5-19", "EventData.ScenarioId": "{3a5d4378-9d2f-4393-b1e5-34f5fa9a1140}", "EventData.InstanceId": "{317e58cd-74c7-4473-b0d0-f3676af68d86}", "EventData.OriginalActivityId": "{5c5f3f27-4ee3-4bc6-bfdb-e4945e3f6427}", "EventData.DiagnosticModuleImageName": "%SystemRoot%\\system32\\diagperf.dll", "EventData.DiagnosticModuleId": "{b171ab1c-60e9-4301-a338-beab1c70b3e9}"}
{"EventID": "105", "Channel": "Microsoft-Windows-Diagnosis-DPS/Operational", "Provider_Name": "Microsoft-Windows-Diagnosis-DPS", "Computer": "DESKTOP-OFJ6N53", "TimeCreated": "2024-09-25 13:40:38.986259+00:00", "RecordID": "3546", "Level": "4", "UserID": "S-1-5-19", "EventData.ScenarioId": "{3a5d4378-9d2f-4393-b1e5-34f5fa9a1140}", "EventData.InstanceId": "{317e58cd-74c7-4473-b0d0-f3676af68d86}", "EventData.OriginalActivityId": "{5c5f3f27-4ee3-4bc6-bfdb-e4945e3f6427}", "EventData.DiagnosticModuleImageName": "%SystemRoot%\\system32\\diagperf.dll", "EventData.DiagnosticModuleId": "{b171ab1c-60e9-4301-a338-beab1c70b3e9}"}
{"EventID": "120", "Channel": "Microsoft-Windows-Diagnosis-DPS/Operational", "Provider_Name": "Microsoft-Windows-Diagnosis-DPS", "Computer": "DESKTOP-OFJ6N53", "TimeCreated": "2024-09-25 13:40:38.992201+00:00", "RecordID": "3547", "Level": "4", "UserID": "S-1-5-19", "EventData.ScenarioId": "{3a5d4378-9d2f-4393-b1e5-34f5fa9a1140}", "EventData.InstanceId": "{317e58cd-74c7-4473-b0d0-f3676af68d86}", "EventData.OriginalActivityId": "{5c5f3f27-4ee3-4bc6-bfdb-e4945e3f6427}", "EventData.DiagnosticModuleImageName": "%SystemRoot%\\system32\\diagperf.dll", "EventData.ResolutionId": "{b171ab1c-60e9-4301-a338-beab1c70b3e9}", "EventData.ResolutionSID": "S-1-1-0", "EventData.ResolutionSessionId": "0", "EventData.ResolutionExpirationDate": "2024-12-24 13:40:38.986895+00:00", "EventData.DiagnosticModuleId": "{b171ab1c-60e9-4301-a338-beab1c70b3e9}"}
{"EventID": "100", "Channel": "Microsoft-Windows-Diagnosis-DPS/Operational", "Provider_Name": "Microsoft-Windows-Diagnosis-DPS", "Computer": "DESKTOP-OFJ6N53", "TimeCreated": "2024-09-25 15:44:03.111406+00:00", "RecordID": "3548", "Level": "4", "UserID": "S-1-5-19", "EventData.ScenarioId": "{180b3a99-8c39-4f12-b631-2031998efe45}", "EventData.InstanceId": "{eb228db1-8f9e-4d74-af5e-d3b653e69ad4}", "EventData.OriginalActivityId": "{00000000-0000-0000-0000-000000000000}", "EventData.DiagnosticModuleImageName": "%windir%\\system32\\radardt.dll", "EventData.DiagnosticModuleId": "{45de1ea9-10bc-4f96-9b21-4b6b83dbf476}"}
{"EventID": "105", "Channel": "Microsoft-Windows-Diagnosis-DPS/Operational", "Provider_Name": "Microsoft-Windows-Diagnosis-DPS", "Computer": "DESKTOP-OFJ6N53", "TimeCreated": "2024-09-25 15:44:03.111410+00:00", "RecordID": "3549", "Level": "4", "UserID": "S-1-5-19", "EventData.ScenarioId": "{180b3a99-8c39-4f12-b631-2031998efe45}", "EventData.InstanceId": "{eb228db1-8f9e-4d74-af5e-d3b653e69ad4}", "EventData.OriginalActivityId": "{00000000-0000-0000-0000-000000000000}", "EventData.DiagnosticModuleImageName": "%windir%\\system32\\radardt.dll", "EventData.DiagnosticModuleId": "{45de1ea9-10bc-4f96-9b21-4b6b83dbf476}"}
{"EventID": "135", "Channel": "Microsoft-Windows-Diagnosis-DPS/Operational", "Provider_Name": "Microsoft-Windows-Diagnosis-DPS", "Computer": "DESKTOP-OFJ6N53", "TimeCreated": "2024-09-28 12:28:40.586361+00:00", "RecordID": "3550", "Level": "2", "UserID": "S-1-5-19", "EventData.ScenarioId": "{fd5aa730-b53f-4b39-84e5-cb4303621d74}", "EventData.InstanceId": "{7b08e961-e15c-4300-aa55-c0215eada8f4}", "EventData.OriginalActivityId": "{00000000-0000-0000-0000-000000000000}", "EventData.StatusCode": "2147943515", "EventData.DiagnosticModuleImageName": "%SystemRoot%\\system32\\perftrack.dll", "EventData.DiagnosticModuleId": "{9c5a40da-b965-4fc3-8781-88dd50a6299d}"}
{"EventID": "100", "Channel": "Microsoft-Windows-Diagnosis-DPS/Operational", "Provider_Name": "Microsoft-Windows-Diagnosis-DPS", "Computer": "DESKTOP-OFJ6N53", "TimeCreated": "2024-09-28 12:29:10.070168+00:00", "RecordID": "3551", "Level": "4", "UserID": "S-1-5-19", "EventData.ScenarioId": "{2698178d-fdad-40ae-9d3c-1371703adc5b}", "EventData.InstanceId": "{7bccd48a-8f96-49d6-8683-2de95c5bd2bd}", "EventData.OriginalActivityId": "{2698178d-fdad-40ae-9d3c-1371703adc5b}", "EventData.DiagnosticModuleImageName": "%SystemRoot%\\system32\\diagperf.dll", "EventData.DiagnosticModuleId": "{15fba3b8-a37a-4f91-bdba-fbb98fe804bf}"}
{"EventID": "105", "Channel": "Microsoft-Windows-Diagnosis-DPS/Operational", "Provider_Name": "Microsoft-Windows-Diagnosis-DPS", "Computer": "DESKTOP-OFJ6N53", "TimeCreated": "2024-09-28 12:29:10.070171+00:00", "RecordID": "3552", "Level": "4", "UserID": "S-1-5-19", "EventData.ScenarioId": "{2698178d-fdad-40ae-9d3c-1371703adc5b}", "EventData.InstanceId": "{7bccd48a-8f96-49d6-8683-2de95c5bd2bd}", "EventData.OriginalActivityId": "{2698178d-fdad-40ae-9d3c-1371703adc5b}", "EventData.DiagnosticModuleImageName": "%SystemRoot%\\system32\\diagperf.dll", "EventData.DiagnosticModuleId": "{15fba3b8-a37a-4f91-bdba-fbb98fe804bf}"}
{"EventID": "100", "Channel": "Microsoft-Windows-Diagnosis-DPS/Operational", "Provider_Name": "Microsoft-Windows-Diagnosis-DPS", "Computer": "DESKTOP-OFJ6N53", "TimeCreated": "2024-09-28 12:30:45.858715+00:00", "RecordID": "3553", "Level": "4", "UserID": "S-1-5-19", "EventData.ScenarioId": "{86432a0b-3c7d-4ddf-a89c-172faa90485d}", "EventData.InstanceId": "{4ce9318f-6bd5-4dbc-801f-d78e654253f9}", "EventData.OriginalActivityId": "{86432a0b-3c7d-4ddf-a89c-172faa90485d}", "EventData.DiagnosticModuleImageName": "%SystemRoot%\\system32\\diagperf.dll", "EventData.DiagnosticModuleId": "{c8544339-5be9-4f25-862e-485f1b1a6935}"}
{"EventID": "105", "Channel": "Microsoft-Windows-Diagnosis-DPS/Operational", "Provider_Name": "Microsoft-Windows-Diagnosis-DPS", "Computer": "DESKTOP-OFJ6N53", "TimeCreated": "2024-09-28 12:30:45.858728+00:00", "RecordID": "3554", "Level": "4", "UserID": "S-1-5-19", "EventData.ScenarioId": "{86432a0b-3c7d-4ddf-a89c-172faa90485d}", "EventData.InstanceId": "{4ce9318f-6bd5-4dbc-801f-d78e654253f9}", "EventData.OriginalActivityId": "{86432a0b-3c7d-4ddf-a89c-172faa90485d}", "EventData.DiagnosticModuleImageName": "%SystemRoot%\\system32\\diagperf.dll", "EventData.DiagnosticModuleId": "{c8544339-5be9-4f25-862e-485f1b1a6935}"}
{"EventID": "110", "Channel": "Microsoft-Windows-Diagnosis-DPS/Operational", "Provider_Name": "Microsoft-Windows-Diagnosis-DPS", "Computer": "DESKTOP-OFJ6N53", "TimeCreated": "2024-09-28 12:30:46.293419+00:00", "RecordID": "3555", "Level": "4", "UserID": "S-1-5-19", "EventData.ScenarioId": "{2698178d-fdad-40ae-9d3c-1371703adc5b}", "EventData.InstanceId": "{7bccd48a-8f96-49d6-8683-2de95c5bd2bd}", "EventData.OriginalActivityId": "{2698178d-fdad-40ae-9d3c-1371703adc5b}", "EventData.DiagnosticModuleImageName": "%SystemRoot%\\system32\\diagperf.dll", "EventData.DiagnosticModuleId": "{15fba3b8-a37a-4f91-bdba-fbb98fe804bf}"}
{"EventID": "110", "Channel": "Microsoft-Windows-Diagnosis-DPS/Operational", "Provider_Name": "Microsoft-Windows-Diagnosis-DPS", "Computer": "DESKTOP-OFJ6N53", "TimeCreated": "2024-09-28 12:30:46.877623+00:00", "RecordID": "3556", "Level": "4", "UserID": "S-1-5-19", "EventData.ScenarioId": "{86432a0b-3c7d-4ddf-a89c-172faa90485d}", "EventData.InstanceId": "{4ce9318f-6bd5-4dbc-801f-d78e654253f9}", "EventData.OriginalActivityId": "{86432a0b-3c7d-4ddf-a89c-172faa90485d}", "EventData.DiagnosticModuleImageName": "%SystemRoot%\\system32\\diagperf.dll", "EventData.DiagnosticModuleId": "{c8544339-5be9-4f25-862e-485f1b1a6935}"}
{"EventID": "100", "Channel": "Microsoft-Windows-Diagnosis-DPS/Operational", "Provider_Name": "Microsoft-Windows-Diagnosis-DPS", "Computer": "DESKTOP-OFJ6N53", "TimeCreated": "2024-09-28 15:29:13.777893+00:00", "RecordID": "3557", "Level": "4", "UserID": "S-1-5-19", "EventData.ScenarioId": "{180b3a99-8c39-4f12-b631-2031998efe45}", "EventData.InstanceId": "{59a0dab8-a46d-46f1-8dd4-c0f9b740850e}", "EventData.OriginalActivityId": "{00000000-0000-0000-0000-000000000000}", "EventData.DiagnosticModuleImageName": "%windir%\\system32\\radardt.dll", "EventData.DiagnosticModuleId": "{45de1ea9-10bc-4f96-9b21-4b6b83dbf476}"}
{"EventID": "105", "Channel": "Microsoft-Windows-Diagnosis-DPS/Operational", "Provider_Name": "Microsoft-Windows-Diagnosis-DPS", "Computer": "DESKTOP-OFJ6N53", "TimeCreated": "2024-09-28 15:29:13.777899+00:00", "RecordID": "3558", "Level": "4", "UserID": "S-1-5-19", "EventData.ScenarioId": "{180b3a99-8c39-4f12-b631-2031998efe45}", "EventData.InstanceId": "{59a0dab8-a46d-46f1-8dd4-c0f9b740850e}", "EventData.OriginalActivityId": "{00000000-0000-0000-0000-000000000000}", "EventData.DiagnosticModuleImageName": "%windir%\\system32\\radardt.dll", "EventData.DiagnosticModuleId": "{45de1ea9-10bc-4f96-9b21-4b6b83dbf476}"}
{"EventID": "100", "Channel": "Microsoft-Windows-Diagnosis-DPS/Operational", "Provider_Name": "Microsoft-Windows-Diagnosis-DPS", "Computer": "DESKTOP-OFJ6N53", "TimeCreated": "2024-10-04 11:18:34.636103+00:00", "RecordID": "3559", "Level": "4", "UserID": "S-1-5-19", "EventData.ScenarioId": "{3af8b24a-c441-4fa4-8c5c-bed591bfa867}", "EventData.InstanceId": "{facaa725-ff35-43b1-8c6c-3d9db9d2805c}", "EventData.OriginalActivityId": "{9f41811a-0429-42aa-81b7-cfd4d968411f}", "EventData.DiagnosticModuleImageName": "%windir%\\system32\\radardt.dll", "EventData.DiagnosticModuleId": "{e4cd2e3e-3852-4952-b76b-23bb8e35d344}"}
{"EventID": "105", "Channel": "Microsoft-Windows-Diagnosis-DPS/Operational", "Provider_Name": "Microsoft-Windows-Diagnosis-DPS", "Computer": "DESKTOP-OFJ6N53", "TimeCreated": "2024-10-04 11:18:34.636110+00:00", "RecordID": "3560", "Level": "4", "UserID": "S-1-5-19", "EventData.ScenarioId": "{3af8b24a-c441-4fa4-8c5c-bed591bfa867}", "EventData.InstanceId": "{facaa725-ff35-43b1-8c6c-3d9db9d2805c}", "EventData.OriginalActivityId": "{9f41811a-0429-42aa-81b7-cfd4d968411f}", "EventData.DiagnosticModuleImageName": "%windir%\\system32\\radardt.dll", "EventData.DiagnosticModuleId": "{e4cd2e3e-3852-4952-b76b-23bb8e35d344}"}
{"EventID": "100", "Channel": "Microsoft-Windows-Diagnosis-DPS/Operational", "Provider_Name": "Microsoft-Windows-Diagnosis-DPS", "Computer": "DESKTOP-OFJ6N53", "TimeCreated": "2024-10-04 13:37:00.983866+00:00", "RecordID": "3561", "Level": "4", "UserID": "S-1-5-19", "EventData.ScenarioId": "{180b3a99-8c39-4f12-b631-2031998efe45}", "EventData.InstanceId": "{b674f282-b17f-49b6-a973-f0eee54bcd4a}", "EventData.OriginalActivityId": "{00000000-0000-0000-0000-000000000000}", "EventData.DiagnosticModuleImageName": "%windir%\\system32\\radardt.dll", "EventData.DiagnosticModuleId": "{45de1ea9-10bc-4f96-9b21-4b6b83dbf476}"}
{"EventID": "105", "Channel": "Microsoft-Windows-Diagnosis-DPS/Operational", "Provider_Name": "Microsoft-Windows-Diagnosis-DPS", "Computer": "DESKTOP-OFJ6N53", "TimeCreated": "2024-10-04 13:37:00.983871+00:00", "RecordID": "3562", "Level": "4", "UserID": "S-1-5-19", "EventData.ScenarioId": "{180b3a99-8c39-4f12-b631-2031998efe45}", "EventData.InstanceId": "{b674f282-b17f-49b6-a973-f0eee54bcd4a}", "EventData.OriginalActivityId": "{00000000-0000-0000-0000-000000000000}", "EventData.DiagnosticModuleImageName": "%windir%\\system32\\radardt.dll", "EventData.DiagnosticModuleId": "{45de1ea9-10bc-4f96-9b21-4b6b83dbf476}"}
{"EventID": "115", "Channel": "Microsoft-Windows-Diagnosis-DPS/Operational", "Provider_Name": "Microsoft-Windows-Diagnosis-DPS", "Computer": "DESKTOP-OFJ6N53", "TimeCreated": "2024-10-04 13:37:00.986082+00:00", "RecordID": "3563", "Level": "4", "UserID": "S-1-5-19", "EventData.ScenarioId": "{180b3a99-8c39-4f12-b631-2031998efe45}", "EventData.InstanceId": "{b674f282-b17f-49b6-a973-f0eee54bcd4a}", "EventData.OriginalActivityId": "{00000000-0000-0000-0000-000000000000}", "EventData.DiagnosticModuleImageName": "%windir%\\system32\\radardt.dll", "EventData.ResolutionId": "{5ee64afb-398d-4edb-af71-3b830219abf7}", "EventData.ResolutionSID": "S-1-5-21-963789628-1060504924-4285088085-1001", "EventData.ResolutionSessionId": "2", "EventData.ResolutionExpirationDate": "0001-01-01 00:00:00", "EventData.DiagnosticModuleId": "{45de1ea9-10bc-4f96-9b21-4b6b83dbf476}"}
{"EventID": "125", "Channel": "Microsoft-Windows-Diagnosis-DPS/Operational", "Provider_Name": "Microsoft-Windows-Diagnosis-DPS", "Computer": "DESKTOP-OFJ6N53", "TimeCreated": "2024-10-04 13:37:01.030275+00:00", "RecordID": "3564", "Level": "4", "UserID": "S-1-5-19", "EventData.ScenarioId": "{180b3a99-8c39-4f12-b631-2031998efe45}", "EventData.InstanceId": "{b674f282-b17f-49b6-a973-f0eee54bcd4a}", "EventData.OriginalActivityId": "{00000000-0000-0000-0000-000000000000}", "EventData.DiagnosticModuleImageName": "%windir%\\system32\\radarrs.dll", "EventData.DiagnosticModuleId": "{5ee64afb-398d-4edb-af71-3b830219abf7}"}
{"EventID": "130", "Channel": "Microsoft-Windows-Diagnosis-DPS/Operational", "Provider_Name": "Microsoft-Windows-Diagnosis-DPS", "Computer": "DESKTOP-OFJ6N53", "TimeCreated": "2024-10-04 13:37:02.626141+00:00", "RecordID": "3565", "Level": "4", "UserID": "S-1-5-19", "EventData.ScenarioId": "{180b3a99-8c39-4f12-b631-2031998efe45}", "EventData.InstanceId": "{b674f282-b17f-49b6-a973-f0eee54bcd4a}", "EventData.OriginalActivityId": "{00000000-0000-0000-0000-000000000000}", "EventData.DiagnosticModuleImageName": "%windir%\\system32\\radarrs.dll", "EventData.DiagnosticModuleId": "{5ee64afb-398d-4edb-af71-3b830219abf7}"}
{"EventID": "135", "Channel": "Microsoft-Windows-Diagnosis-DPS/Operational", "Provider_Name": "Microsoft-Windows-Diagnosis-DPS", "Computer": "DESKTOP-OFJ6N53", "TimeCreated": "2024-10-04 22:02:26.411760+00:00", "RecordID": "3566", "Level": "2", "UserID": "S-1-5-19", "EventData.ScenarioId": "{fd5aa730-b53f-4b39-84e5-cb4303621d74}", "EventData.InstanceId": "{f584cedb-0429-49f4-9558-96781384c05d}", "EventData.OriginalActivityId": "{00000000-0000-0000-0000-000000000000}", "EventData.StatusCode": "2147943515", "EventData.DiagnosticModuleImageName": "%SystemRoot%\\system32\\perftrack.dll", "EventData.DiagnosticModuleId": "{9c5a40da-b965-4fc3-8781-88dd50a6299d}"}
{"EventID": "100", "Channel": "Microsoft-Windows-Diagnosis-DPS/Operational", "Provider_Name": "Microsoft-Windows-Diagnosis-DPS", "Computer": "DESKTOP-OFJ6N53", "TimeCreated": "2024-10-04 22:02:54.483625+00:00", "RecordID": "3567", "Level": "4", "UserID": "S-1-5-19", "EventData.ScenarioId": "{2698178d-fdad-40ae-9d3c-1371703adc5b}", "EventData.InstanceId": "{1e3bce07-2f6b-46ec-abb0-560e2ad02ddc}", "EventData.OriginalActivityId": "{2698178d-fdad-40ae-9d3c-1371703adc5b}", "EventData.DiagnosticModuleImageName": "%SystemRoot%\\system32\\diagperf.dll", "EventData.DiagnosticModuleId": "{15fba3b8-a37a-4f91-bdba-fbb98fe804bf}"}
{"EventID": "105", "Channel": "Microsoft-Windows-Diagnosis-DPS/Operational", "Provider_Name": "Microsoft-Windows-Diagnosis-DPS", "Computer": "DESKTOP-OFJ6N53", "TimeCreated": "2024-10-04 22:02:54.483627+00:00", "RecordID": "3568", "Level": "4", "UserID": "S-1-5-19", "EventData.ScenarioId": "{2698178d-fdad-40ae-9d3c-1371703adc5b}", "EventData.InstanceId": "{1e3bce07-2f6b-46ec-abb0-560e2ad02ddc}", "EventData.OriginalActivityId": "{2698178d-fdad-40ae-9d3c-1371703adc5b}", "EventData.DiagnosticModuleImageName": "%SystemRoot%\\system32\\diagperf.dll", "EventData.DiagnosticModuleId": "{15fba3b8-a37a-4f91-bdba-fbb98fe804bf}"}
{"EventID": "100", "Channel": "Microsoft-Windows-Diagnosis-DPS/Operational", "Provider_Name": "Microsoft-Windows-Diagnosis-DPS", "Computer": "DESKTOP-OFJ6N53", "TimeCreated": "2024-10-04 22:03:40.953060+00:00", "RecordID": "3569", "Level": "4", "UserID": "S-1-5-19", "EventData.ScenarioId": "{3af8b24a-c441-4fa4-8c5c-bed591bfa867}", "EventData.InstanceId": "{fb3d22c8-95e9-4b1d-927c-2f3a873f44bb}", "EventData.OriginalActivityId": "{9f41811a-0429-42aa-81b7-cfd4d968411f}", "EventData.DiagnosticModuleImageName": "%windir%\\system32\\radardt.dll", "EventData.DiagnosticModuleId": "{e4cd2e3e-3852-4952-b76b-23bb8e35d344}"}
{"EventID": "105", "Channel": "Microsoft-Windows-Diagnosis-DPS/Operational", "Provider_Name": "Microsoft-Windows-Diagnosis-DPS", "Computer": "DESKTOP-OFJ6N53", "TimeCreated": "2024-10-04 22:03:40.953066+00:00", "RecordID": "3570", "Level": "4", "UserID": "S-1-5-19", "EventData.ScenarioId": "{3af8b24a-c441-4fa4-8c5c-bed591bfa867}", "EventData.InstanceId": "{fb3d22c8-95e9-4b1d-927c-2f3a873f44bb}", "EventData.OriginalActivityId": "{9f41811a-0429-42aa-81b7-cfd4d968411f}", "EventData.DiagnosticModuleImageName": "%windir%\\system32\\radardt.dll", "EventData.DiagnosticModuleId": "{e4cd2e3e-3852-4952-b76b-23bb8e35d344}"}
{"EventID": "110", "Channel": "Microsoft-Windows-Diagnosis-DPS/Operational", "Provider_Name": "Microsoft-Windows-Diagnosis-DPS", "Computer": "DESKTOP-OFJ6N53", "TimeCreated": "2024-10-04 22:03:51.083406+00:00", "RecordID": "3571", "Level": "4", "UserID": "S-1-5-19", "EventData.ScenarioId": "{2698178d-fdad-40ae-9d3c-1371703adc5b}", "EventData.InstanceId": "{1e3bce07-2f6b-46ec-abb0-560e2ad02ddc}", "EventData.OriginalActivityId": "{2698178d-fdad-40ae-9d3c-1371703adc5b}", "EventData.DiagnosticModuleImageName": "%SystemRoot%\\system32\\diagperf.dll", "EventData.DiagnosticModuleId": "{15fba3b8-a37a-4f91-bdba-fbb98fe804bf}"}
{"EventID": "100", "Channel": "Microsoft-Windows-Diagnosis-DPS/Operational", "Provider_Name": "Microsoft-Windows-Diagnosis-DPS", "Computer": "DESKTOP-OFJ6N53", "TimeCreated": "2024-10-08 19:43:57.596277+00:00", "RecordID": "3572", "Level": "4", "UserID": "S-1-5-19", "EventData.ScenarioId": "{180b3a99-8c39-4f12-b631-2031998efe45}", "EventData.InstanceId": "{57c51215-f5cc-4b3a-b64a-4a8b3534ec0c}", "EventData.OriginalActivityId": "{00000000-0000-0000-0000-000000000000}", "EventData.DiagnosticModuleImageName": "%windir%\\system32\\radardt.dll", "EventData.DiagnosticModuleId": "{45de1ea9-10bc-4f96-9b21-4b6b83dbf476}"}
{"EventID": "105", "Channel": "Microsoft-Windows-Diagnosis-DPS/Operational", "Provider_Name": "Microsoft-Windows-Diagnosis-DPS", "Computer": "DESKTOP-OFJ6N53", "TimeCreated": "2024-10-08 19:43:57.596283+00:00", "RecordID": "3573", "Level": "4", "UserID": "S-1-5-19", "EventData.ScenarioId": "{180b3a99-8c39-4f12-b631-2031998efe45}", "EventData.InstanceId": "{57c51215-f5cc-4b3a-b64a-4a8b3534ec0c}", "EventData.OriginalActivityId": "{00000000-0000-0000-0000-000000000000}", "EventData.DiagnosticModuleImageName": "%windir%\\system32\\radardt.dll", "EventData.DiagnosticModuleId": "{45de1ea9-10bc-4f96-9b21-4b6b83dbf476}"}
{"EventID": "115", "Channel": "Microsoft-Windows-Diagnosis-DPS/Operational", "Provider_Name": "Microsoft-Windows-Diagnosis-DPS", "Computer": "DESKTOP-OFJ6N53", "TimeCreated": "2024-10-08 19:43:57.598181+00:00", "RecordID": "3574", "Level": "4", "UserID": "S-1-5-19", "EventData.ScenarioId": "{180b3a99-8c39-4f12-b631-2031998efe45}", "EventData.InstanceId": "{57c51215-f5cc-4b3a-b64a-4a8b3534ec0c}", "EventData.OriginalActivityId": "{00000000-0000-0000-0000-000000000000}", "EventData.DiagnosticModuleImageName": "%windir%\\system32\\radardt.dll", "EventData.ResolutionId": "{5ee64afb-398d-4edb-af71-3b830219abf7}", "EventData.ResolutionSID": "S-1-5-21-963789628-1060504924-4285088085-1001", "EventData.ResolutionSessionId": "2", "EventData.ResolutionExpirationDate": "0001-01-01 00:00:00", "EventData.DiagnosticModuleId": "{45de1ea9-10bc-4f96-9b21-4b6b83dbf476}"}
{"EventID": "125", "Channel": "Microsoft-Windows-Diagnosis-DPS/Operational", "Provider_Name": "Microsoft-Windows-Diagnosis-DPS", "Computer": "DESKTOP-OFJ6N53", "TimeCreated": "2024-10-08 19:43:57.669304+00:00", "RecordID": "3575", "Level": "4", "UserID": "S-1-5-19", "EventData.ScenarioId": "{180b3a99-8c39-4f12-b631-2031998efe45}", "EventData.InstanceId": "{57c51215-f5cc-4b3a-b64a-4a8b3534ec0c}", "EventData.OriginalActivityId": "{00000000-0000-0000-0000-000000000000}", "EventData.DiagnosticModuleImageName": "%windir%\\system32\\radarrs.dll", "EventData.DiagnosticModuleId": "{5ee64afb-398d-4edb-af71-3b830219abf7}"}
{"EventID": "130", "Channel": "Microsoft-Windows-Diagnosis-DPS/Operational", "Provider_Name": "Microsoft-Windows-Diagnosis-DPS", "Computer": "DESKTOP-OFJ6N53", "TimeCreated": "2024-10-08 19:43:59.660387+00:00", "RecordID": "3576", "Level": "4", "UserID": "S-1-5-19", "EventData.ScenarioId": "{180b3a99-8c39-4f12-b631-2031998efe45}", "EventData.InstanceId": "{57c51215-f5cc-4b3a-b64a-4a8b3534ec0c}", "EventData.OriginalActivityId": "{00000000-0000-0000-0000-000000000000}", "EventData.DiagnosticModuleImageName": "%windir%\\system32\\radarrs.dll", "EventData.DiagnosticModuleId": "{5ee64afb-398d-4edb-af71-3b830219abf7}"}
{"EventID": "135", "Channel": "Microsoft-Windows-Diagnosis-DPS/Operational", "Provider_Name": "Microsoft-Windows-Diagnosis-DPS", "Computer": "DESKTOP-OFJ6N53", "TimeCreated": "2024-10-08 20:25:03.570911+00:00", "RecordID": "3577", "Level": "2", "UserID": "S-1-5-19", "EventData.ScenarioId": "{fd5aa730-b53f-4b39-84e5-cb4303621d74}", "EventData.InstanceId": "{0f6d9ea6-e534-438e-834b-046956eb2e53}", "EventData.OriginalActivityId": "{00000000-0000-0000-0000-000000000000}", "EventData.StatusCode": "2147943515", "EventData.DiagnosticModuleImageName": "%SystemRoot%\\system32\\perftrack.dll", "EventData.DiagnosticModuleId": "{9c5a40da-b965-4fc3-8781-88dd50a6299d}"}
{"EventID": "100", "Channel": "Microsoft-Windows-Diagnosis-DPS/Operational", "Provider_Name": "Microsoft-Windows-Diagnosis-DPS", "Computer": "DESKTOP-OFJ6N53", "TimeCreated": "2024-10-08 20:25:32.492567+00:00", "RecordID": "3578", "Level": "4", "UserID": "S-1-5-19", "EventData.ScenarioId": "{2698178d-fdad-40ae-9d3c-1371703adc5b}", "EventData.InstanceId": "{b8e67fc7-a3d8-43c3-af2d-f6463e4d91e6}", "EventData.OriginalActivityId": "{2698178d-fdad-40ae-9d3c-1371703adc5b}", "EventData.DiagnosticModuleImageName": "%SystemRoot%\\system32\\diagperf.dll", "EventData.DiagnosticModuleId": "{15fba3b8-a37a-4f91-bdba-fbb98fe804bf}"}
{"EventID": "105", "Channel": "Microsoft-Windows-Diagnosis-DPS/Operational", "Provider_Name": "Microsoft-Windows-Diagnosis-DPS", "Computer": "DESKTOP-OFJ6N53", "TimeCreated": "2024-10-08 20:25:32.492571+00:00", "RecordID": "3579", "Level": "4", "UserID": "S-1-5-19", "EventData.ScenarioId": "{2698178d-fdad-40ae-9d3c-1371703adc5b}", "EventData.InstanceId": "{b8e67fc7-a3d8-43c3-af2d-f6463e4d91e6}", "EventData.OriginalActivityId": "{2698178d-fdad-40ae-9d3c-1371703adc5b}", "EventData.DiagnosticModuleImageName": "%SystemRoot%\\system32\\diagperf.dll", "EventData.DiagnosticModuleId": "{15fba3b8-a37a-4f91-bdba-fbb98fe804bf}"}
{"EventID": "100", "Channel": "Microsoft-Windows-Diagnosis-DPS/Operational", "Provider_Name": "Microsoft-Windows-Diagnosis-DPS", "Computer": "DESKTOP-OFJ6N53", "TimeCreated": "2024-10-16 22:41:58.263252+00:00", "RecordID": "3580", "Level": "4", "UserID": "S-1-5-19", "EventData.ScenarioId": "{3af8b24a-c441-4fa4-8c5c-bed591bfa867}", "EventData.InstanceId": "{fedb012e-0d5b-46b4-a5e4-aeef39fd7f27}", "EventData.OriginalActivityId": "{9f41811a-0429-42aa-81b7-cfd4d968411f}", "EventData.DiagnosticModuleImageName": "%windir%\\system32\\radardt.dll", "EventData.DiagnosticModuleId": "{e4cd2e3e-3852-4952-b76b-23bb8e35d344}"}
{"EventID": "105", "Channel": "Microsoft-Windows-Diagnosis-DPS/Operational", "Provider_Name": "Microsoft-Windows-Diagnosis-DPS", "Computer": "DESKTOP-OFJ6N53", "TimeCreated": "2024-10-16 22:41:58.263262+00:00", "RecordID": "3581", "Level": "4", "UserID": "S-1-5-19", "EventData.ScenarioId": "{3af8b24a-c441-4fa4-8c5c-bed591bfa867}", "EventData.InstanceId": "{fedb012e-0d5b-46b4-a5e4-aeef39fd7f27}", "EventData.OriginalActivityId": "{9f41811a-0429-42aa-81b7-cfd4d968411f}", "EventData.DiagnosticModuleImageName": "%windir%\\system32\\radardt.dll", "EventData.DiagnosticModuleId": "{e4cd2e3e-3852-4952-b76b-23bb8e35d344}"}
{"EventID": "100", "Channel": "Microsoft-Windows-Diagnosis-DPS/Operational", "Provider_Name": "Microsoft-Windows-Diagnosis-DPS", "Computer": "DESKTOP-OFJ6N53", "TimeCreated": "2024-11-05 21:00:42.568529+00:00", "RecordID": "3582", "Level": "4", "UserID": "S-1-5-19", "EventData.ScenarioId": "{180b3a99-8c39-4f12-b631-2031998efe45}", "EventData.InstanceId": "{c19e6a7e-ba8e-490e-a0ca-3549226c8f1a}", "EventData.OriginalActivityId": "{00000000-0000-0000-0000-000000000000}", "EventData.DiagnosticModuleImageName": "%windir%\\system32\\radardt.dll", "EventData.DiagnosticModuleId": "{45de1ea9-10bc-4f96-9b21-4b6b83dbf476}"}
{"EventID": "105", "Channel": "Microsoft-Windows-Diagnosis-DPS/Operational", "Provider_Name": "Microsoft-Windows-Diagnosis-DPS", "Computer": "DESKTOP-OFJ6N53", "TimeCreated": "2024-11-05 21:00:42.568533+00:00", "RecordID": "3583", "Level": "4", "UserID": "S-1-5-19", "EventData.ScenarioId": "{180b3a99-8c39-4f12-b631-2031998efe45}", "EventData.InstanceId": "{c19e6a7e-ba8e-490e-a0ca-3549226c8f1a}", "EventData.OriginalActivityId": "{00000000-0000-0000-0000-000000000000}", "EventData.DiagnosticModuleImageName": "%windir%\\system32\\radardt.dll", "EventData.DiagnosticModuleId": "{45de1ea9-10bc-4f96-9b21-4b6b83dbf476}"}
{"EventID": "100", "Channel": "Microsoft-Windows-Diagnosis-DPS/Operational", "Provider_Name": "Microsoft-Windows-Diagnosis-DPS", "Computer": "DESKTOP-OFJ6N53", "TimeCreated": "2024-11-06 21:00:58.584660+00:00", "RecordID": "3584", "Level": "4", "UserID": "S-1-5-19", "EventData.ScenarioId": "{180b3a99-8c39-4f12-b631-2031998efe45}", "EventData.InstanceId": "{a02f131f-a61e-4f82-955a-894e51a3433f}", "EventData.OriginalActivityId": "{00000000-0000-0000-0000-000000000000}", "EventData.DiagnosticModuleImageName": "%windir%\\system32\\radardt.dll", "EventData.DiagnosticModuleId": "{45de1ea9-10bc-4f96-9b21-4b6b83dbf476}"}
{"EventID": "105", "Channel": "Microsoft-Windows-Diagnosis-DPS/Operational", "Provider_Name": "Microsoft-Windows-Diagnosis-DPS", "Computer": "DESKTOP-OFJ6N53", "TimeCreated": "2024-11-06 21:00:58.584663+00:00", "RecordID": "3585", "Level": "4", "UserID": "S-1-5-19", "EventData.ScenarioId": "{180b3a99-8c39-4f12-b631-2031998efe45}", "EventData.InstanceId": "{a02f131f-a61e-4f82-955a-894e51a3433f}", "EventData.OriginalActivityId": "{00000000-0000-0000-0000-000000000000}", "EventData.DiagnosticModuleImageName": "%windir%\\system32\\radardt.dll", "EventData.DiagnosticModuleId": "{45de1ea9-10bc-4f96-9b21-4b6b83dbf476}"}
{"EventID": "135", "Channel": "Microsoft-Windows-Diagnosis-DPS/Operational", "Provider_Name": "Microsoft-Windows-Diagnosis-DPS", "Computer": "DESKTOP-OFJ6N53", "TimeCreated": "2024-11-13 14:44:32.066916+00:00", "RecordID": "3586", "Level": "2", "UserID": "S-1-5-19", "EventData.ScenarioId": "{fd5aa730-b53f-4b39-84e5-cb4303621d74}", "EventData.InstanceId": "{c31a83b6-621e-4995-a07b-3bb978f4042e}", "EventData.OriginalActivityId": "{00000000-0000-0000-0000-000000000000}", "EventData.StatusCode": "2147943515", "EventData.DiagnosticModuleImageName": "%SystemRoot%\\system32\\perftrack.dll", "EventData.DiagnosticModuleId": "{9c5a40da-b965-4fc3-8781-88dd50a6299d}"}
{"EventID": "100", "Channel": "Microsoft-Windows-Diagnosis-DPS/Operational", "Provider_Name": "Microsoft-Windows-Diagnosis-DPS", "Computer": "DESKTOP-OFJ6N53", "TimeCreated": "2024-11-13 14:45:18.290880+00:00", "RecordID": "3587", "Level": "4", "UserID": "S-1-5-19", "EventData.ScenarioId": "{2698178d-fdad-40ae-9d3c-1371703adc5b}", "EventData.InstanceId": "{b6ea2f04-998e-48c6-a6eb-d9bb6b2a708f}", "EventData.OriginalActivityId": "{2698178d-fdad-40ae-9d3c-1371703adc5b}", "EventData.DiagnosticModuleImageName": "%SystemRoot%\\system32\\diagperf.dll", "EventData.DiagnosticModuleId": "{15fba3b8-a37a-4f91-bdba-fbb98fe804bf}"}
{"EventID": "105", "Channel": "Microsoft-Windows-Diagnosis-DPS/Operational", "Provider_Name": "Microsoft-Windows-Diagnosis-DPS", "Computer": "DESKTOP-OFJ6N53", "TimeCreated": "2024-11-13 14:45:18.290884+00:00", "RecordID": "3588", "Level": "4", "UserID": "S-1-5-19", "EventData.ScenarioId": "{2698178d-fdad-40ae-9d3c-1371703adc5b}", "EventData.InstanceId": "{b6ea2f04-998e-48c6-a6eb-d9bb6b2a708f}", "EventData.OriginalActivityId": "{2698178d-fdad-40ae-9d3c-1371703adc5b}", "EventData.DiagnosticModuleImageName": "%SystemRoot%\\system32\\diagperf.dll", "EventData.DiagnosticModuleId": "{15fba3b8-a37a-4f91-bdba-fbb98fe804bf}"}
{"EventID": "100", "Channel": "Microsoft-Windows-Diagnosis-DPS/Operational", "Provider_Name": "Microsoft-Windows-Diagnosis-DPS", "Computer": "DESKTOP-OFJ6N53", "TimeCreated": "2024-11-29 03:47:24.639498+00:00", "RecordID": "3589", "Level": "4", "UserID": "S-1-5-19", "EventData.ScenarioId": "{180b3a99-8c39-4f12-b631-2031998efe45}", "EventData.InstanceId": "{bbe03671-daf8-496f-bc4b-428e5f36ce0a}", "EventData.OriginalActivityId": "{00000000-0000-0000-0000-000000000000}", "EventData.DiagnosticModuleImageName": "%windir%\\system32\\radardt.dll", "EventData.DiagnosticModuleId": "{45de1ea9-10bc-4f96-9b21-4b6b83dbf476}"}
{"EventID": "105", "Channel": "Microsoft-Windows-Diagnosis-DPS/Operational", "Provider_Name": "Microsoft-Windows-Diagnosis-DPS", "Computer": "DESKTOP-OFJ6N53", "TimeCreated": "2024-11-29 03:47:24.639503+00:00", "RecordID": "3590", "Level": "4", "UserID": "S-1-5-19", "EventData.ScenarioId": "{180b3a99-8c39-4f12-b631-2031998efe45}", "EventData.InstanceId": "{bbe03671-daf8-496f-bc4b-428e5f36ce0a}", "EventData.OriginalActivityId": "{00000000-0000-0000-0000-000000000000}", "EventData.DiagnosticModuleImageName": "%windir%\\system32\\radardt.dll", "EventData.DiagnosticModuleId": "{45de1ea9-10bc-4f96-9b21-4b6b83dbf476}"}
{"EventID": "100", "Channel": "Microsoft-Windows-Diagnosis-DPS/Operational", "Provider_Name": "Microsoft-Windows-Diagnosis-DPS", "Computer": "DESKTOP-OFJ6N53", "TimeCreated": "2024-12-03 10:24:00.821585+00:00", "RecordID": "3591", "Level": "4", "UserID": "S-1-5-19", "EventData.ScenarioId": "{2698178d-fdad-40ae-9d3c-1371703adc5b}", "EventData.InstanceId": "{d0aa6971-ca72-4537-8b46-bd9291cf9cbc}", "EventData.OriginalActivityId": "{2698178d-fdad-40ae-9d3c-1371703adc5b}", "EventData.DiagnosticModuleImageName": "%SystemRoot%\\system32\\diagperf.dll", "EventData.DiagnosticModuleId": "{15fba3b8-a37a-4f91-bdba-fbb98fe804bf}"}
{"EventID": "105", "Channel": "Microsoft-Windows-Diagnosis-DPS/Operational", "Provider_Name": "Microsoft-Windows-Diagnosis-DPS", "Computer": "DESKTOP-OFJ6N53", "TimeCreated": "2024-12-03 10:24:00.821587+00:00", "RecordID": "3592", "Level": "4", "UserID": "S-1-5-19", "EventData.ScenarioId": "{2698178d-fdad-40ae-9d3c-1371703adc5b}", "EventData.InstanceId": "{d0aa6971-ca72-4537-8b46-bd9291cf9cbc}", "EventData.OriginalActivityId": "{2698178d-fdad-40ae-9d3c-1371703adc5b}", "EventData.DiagnosticModuleImageName": "%SystemRoot%\\system32\\diagperf.dll", "EventData.DiagnosticModuleId": "{15fba3b8-a37a-4f91-bdba-fbb98fe804bf}"}
{"EventID": "100", "Channel": "Microsoft-Windows-Diagnosis-DPS/Operational", "Provider_Name": "Microsoft-Windows-Diagnosis-DPS", "Computer": "DESKTOP-OFJ6N53", "TimeCreated": "2024-12-03 10:25:36.207457+00:00", "RecordID": "3593", "Level": "4", "UserID": "S-1-5-19", "EventData.ScenarioId": "{86432a0b-3c7d-4ddf-a89c-172faa90485d}", "EventData.InstanceId": "{f91aa0eb-c840-4a89-ae6c-ecef057411f8}", "EventData.OriginalActivityId": "{86432a0b-3c7d-4ddf-a89c-172faa90485d}", "EventData.DiagnosticModuleImageName": "%SystemRoot%\\system32\\diagperf.dll", "EventData.DiagnosticModuleId": "{c8544339-5be9-4f25-862e-485f1b1a6935}"}
{"EventID": "105", "Channel": "Microsoft-Windows-Diagnosis-DPS/Operational", "Provider_Name": "Microsoft-Windows-Diagnosis-DPS", "Computer": "DESKTOP-OFJ6N53", "TimeCreated": "2024-12-03 10:25:36.207460+00:00", "RecordID": "3594", "Level": "4", "UserID": "S-1-5-19", "EventData.ScenarioId": "{86432a0b-3c7d-4ddf-a89c-172faa90485d}", "EventData.InstanceId": "{f91aa0eb-c840-4a89-ae6c-ecef057411f8}", "EventData.OriginalActivityId": "{86432a0b-3c7d-4ddf-a89c-172faa90485d}", "EventData.DiagnosticModuleImageName": "%SystemRoot%\\system32\\diagperf.dll", "EventData.DiagnosticModuleId": "{c8544339-5be9-4f25-862e-485f1b1a6935}"}
