{"EventID": "1006", "Channel": "Microsoft-Windows-Wcmsvc/Operational", "Provider_Name": "Microsoft-Windows-Wcmsvc", "Computer": "DESKTOP-OFJ6N53", "TimeCreated": "2024-03-12 11:02:35.885798+00:00", "RecordID": "3816", "Level": "4", "UserID": "S-1-5-19", "EventData.Reason": "3"}
{"EventID": "1006", "Channel": "Microsoft-Windows-Wcmsvc/Operational", "Provider_Name": "Microsoft-Windows-Wcmsvc", "Computer": "DESKTOP-OFJ6N53", "TimeCreated": "2024-03-12 11:02:39.817600+00:00", "RecordID": "3817", "Level": "4", "UserID": "S-1-5-19", "EventData.Reason": "1"}
{"EventID": "10001", "Channel": "Microsoft-Windows-Wcmsvc/Operational", "Provider_Name": "Microsoft-Windows-Wcmsvc", "Computer": "DESKTOP-OFJ6N53", "TimeCreated": "2024-03-12 11:04:42.189939+00:00", "RecordID": "3818", "Level": "4", "UserID": "S-1-5-19"}
{"EventID": "1026", "Channel": "Microsoft-Windows-Wcmsvc/Operational", "Provider_Name": "Microsoft-Windows-Wcmsvc", "Computer": "DESKTOP-OFJ6N53", "TimeCreated": "2024-03-12 11:04:42.322796+00:00", "RecordID": "3819", "Level": "4", "UserID": "S-1-5-19", "EventData.InterfaceGuid": "{bed2c4be-ec11-4cc8-aafc-f0fd7a5e3a02}", "EventData.MediaType": "1"}
{"EventID": "1009", "Channel": "Microsoft-Windows-Wcmsvc/Operational", "Provider_Name": "Microsoft-Windows-Wcmsvc", "Computer": "DESKTOP-OFJ6N53", "TimeCreated": "2024-03-12 11:04:42.323071+00:00", "RecordID": "3820", "Level": "4", "UserID": "S-1-5-19", "EventData.InterfaceGuid": "{bed2c4be-ec11-4cc8-aafc-f0fd7a5e3a02}", "EventData.MediaType": "1"}
{"EventID": "10002", "Channel": "Microsoft-Windows-Wcmsvc/Operational", "Provider_Name": "Microsoft-Windows-Wcmsvc", "Computer": "DESKTOP-OFJ6N53", "TimeCreated": "2024-03-12 11:04:42.325148+00:00", "RecordID": "3821", "Level": "4", "UserID": "S-1-5-19"}
{"EventID": "1003", "Channel": "Microsoft-Windows-Wcmsvc/Operational", "Provider_Name": "Microsoft-Windows-Wcmsvc", "Computer": "DESKTOP-OFJ6N53", "TimeCreated": "2024-03-12 11:04:42.331800+00:00", "RecordID": "3822", "Level": "4", "UserID": "S-1-5-19", "EventData.Status": "1", "EventData.Name": "3"}
{"EventID": "1003", "Channel": "Microsoft-Windows-Wcmsvc/Operational", "Provider_Name": "Microsoft-Windows-Wcmsvc", "Computer": "DESKTOP-OFJ6N53", "TimeCreated": "2024-03-12 11:04:42.333069+00:00", "RecordID": "3823", "Level": "4", "UserID": "S-1-5-19", "EventData.Status": "1", "EventData.Name": "2"}
{"EventID": "1006", "Channel": "Microsoft-Windows-Wcmsvc/Operational", "Provider_Name": "Microsoft-Windows-Wcmsvc", "Computer": "DESKTOP-OFJ6N53", "TimeCreated": "2024-03-12 11:04:48.687445+00:00", "RecordID": "3824", "Level": "4", "UserID": "S-1-5-19", "EventData.Reason": "3"}
{"EventID": "1006", "Channel": "Microsoft-Windows-Wcmsvc/Operational", "Provider_Name": "Microsoft-Windows-Wcmsvc", "Computer": "DESKTOP-OFJ6N53", "TimeCreated": "2024-03-12 11:05:01.527178+00:00", "RecordID": "3825", "Level": "4", "UserID": "S-1-5-19", "EventData.Reason": "5"}
{"EventID": "1006", "Channel": "Microsoft-Windows-Wcmsvc/Operational", "Provider_Name": "Microsoft-Windows-Wcmsvc", "Computer": "DESKTOP-OFJ6N53", "TimeCreated": "2024-03-12 11:05:34.309223+00:00", "RecordID": "3826", "Level": "4", "UserID": "S-1-5-19", "EventData.Reason": "4"}
{"EventID": "1006", "Channel": "Microsoft-Windows-Wcmsvc/Operational", "Provider_Name": "Microsoft-Windows-Wcmsvc", "Computer": "DESKTOP-OFJ6N53", "TimeCreated": "2024-03-12 14:04:08.375975+00:00", "RecordID": "3827", "Level": "4", "UserID": "S-1-5-19", "EventData.Reason": "2"}
{"EventID": "1006", "Channel": "Microsoft-Windows-Wcmsvc/Operational", "Provider_Name": "Microsoft-Windows-Wcmsvc", "Computer": "DESKTOP-OFJ6N53", "TimeCreated": "2024-03-12 14:04:10.201590+00:00", "RecordID": "3828", "Level": "4", "UserID": "S-1-5-19", "EventData.Reason": "1"}
{"EventID": "1006", "Channel": "Microsoft-Windows-Wcmsvc/Operational", "Provider_Name": "Microsoft-Windows-Wcmsvc", "Computer": "DESKTOP-OFJ6N53", "TimeCreated": "2024-03-12 14:04:10.682369+00:00", "RecordID": "3829", "Level": "4", "UserID": "S-1-5-19", "EventData.Reason": "3"}
{"EventID": "1006", "Channel": "Microsoft-Windows-Wcmsvc/Operational", "Provider_Name": "Microsoft-Windows-Wcmsvc", "Computer": "DESKTOP-OFJ6N53", "TimeCreated": "2024-03-13 00:17:32.868885+00:00", "RecordID": "3830", "Level": "4", "UserID": "S-1-5-19", "EventData.Reason": "4"}
{"EventID": "1006", "Channel": "Microsoft-Windows-Wcmsvc/Operational", "Provider_Name": "Microsoft-Windows-Wcmsvc", "Computer": "DESKTOP-OFJ6N53", "TimeCreated": "2024-03-13 09:44:32.193724+00:00", "RecordID": "3831", "Level": "4", "UserID": "S-1-5-19", "EventData.Reason": "2"}
{"EventID": "1006", "Channel": "Microsoft-Windows-Wcmsvc/Operational", "Provider_Name": "Microsoft-Windows-Wcmsvc", "Computer": "DESKTOP-OFJ6N53", "TimeCreated": "2024-03-13 09:44:41.858770+00:00", "RecordID": "3832", "Level": "4", "UserID": "S-1-5-19", "EventData.Reason": "1"}
{"EventID": "1006", "Channel": "Microsoft-Windows-Wcmsvc/Operational", "Provider_Name": "Microsoft-Windows-Wcmsvc", "Computer": "DESKTOP-OFJ6N53", "TimeCreated": "2024-03-28 14:09:42.287334+00:00", "RecordID": "3833", "Level": "4", "UserID": "S-1-5-19", "EventData.Reason": "2"}
{"EventID": "1006", "Channel": "Microsoft-Windows-Wcmsvc/Operational", "Provider_Name": "Microsoft-Windows-Wcmsvc", "Computer": "DESKTOP-OFJ6N53", "TimeCreated": "2024-03-28 14:09:52.263962+00:00", "RecordID": "3834", "Level": "4", "UserID": "S-1-5-19", "EventData.Reason": "1"}
{"EventID": "1006", "Channel": "Microsoft-Windows-Wcmsvc/Operational", "Provider_Name": "Microsoft-Windows-Wcmsvc", "Computer": "DESKTOP-OFJ6N53", "TimeCreated": "2024-03-28 14:09:55.299763+00:00", "RecordID": "3835", "Level": "4", "UserID": "S-1-5-19", "EventData.Reason": "3"}
{"EventID": "1006", "Channel": "Microsoft-Windows-Wcmsvc/Operational", "Provider_Name": "Microsoft-Windows-Wcmsvc", "Computer": "DESKTOP-OFJ6N53", "TimeCreated": "2024-03-28 14:32:23.410931+00:00", "RecordID": "3836", "Level": "4", "UserID": "S-1-5-19", "EventData.Reason": "4"}
{"EventID": "1006", "Channel": "Microsoft-Windows-Wcmsvc/Operational", "Provider_Name": "Microsoft-Windows-Wcmsvc", "Computer": "DESKTOP-OFJ6N53", "TimeCreated": "2024-03-28 14:32:30.147482+00:00", "RecordID": "3837", "Level": "4", "UserID": "S-1-5-19", "EventData.Reason": "3"}
{"EventID": "1006", "Channel": "Microsoft-Windows-Wcmsvc/Operational", "Provider_Name": "Microsoft-Windows-Wcmsvc", "Computer": "DESKTOP-OFJ6N53", "TimeCreated": "2024-03-28 19:23:45.444357+00:00", "RecordID": "3838", "Level": "4", "UserID": "S-1-5-19", "EventData.Reason": "4"}
{"EventID": "1006", "Channel": "Microsoft-Windows-Wcmsvc/Operational", "Provider_Name": "Microsoft-Windows-Wcmsvc", "Computer": "DESKTOP-OFJ6N53", "TimeCreated": "2024-04-08 12:51:09.017683+00:00", "RecordID": "3839", "Level": "4", "UserID": "S-1-5-19", "EventData.Reason": "3"}
{"EventID": "1006", "Channel": "Microsoft-Windows-Wcmsvc/Operational", "Provider_Name": "Microsoft-Windows-Wcmsvc", "Computer": "DESKTOP-OFJ6N53", "TimeCreated": "2024-04-08 13:30:56.713486+00:00", "RecordID": "3840", "Level": "4", "UserID": "S-1-5-19", "EventData.Reason": "4"}
{"EventID": "1006", "Channel": "Microsoft-Windows-Wcmsvc/Operational", "Provider_Name": "Microsoft-Windows-Wcmsvc", "Computer": "DESKTOP-OFJ6N53", "TimeCreated": "2024-04-08 13:30:57.545103+00:00", "RecordID": "3841", "Level": "4", "UserID": "S-1-5-19", "EventData.Reason": "3"}
{"EventID": "1006", "Channel": "Microsoft-Windows-Wcmsvc/Operational", "Provider_Name": "Microsoft-Windows-Wcmsvc", "Computer": "DESKTOP-OFJ6N53", "TimeCreated": "2024-04-08 13:49:02.911366+00:00", "RecordID": "3842", "Level": "4", "UserID": "S-1-5-19", "EventData.Reason": "4"}
{"EventID": "1006", "Channel": "Microsoft-Windows-Wcmsvc/Operational", "Provider_Name": "Microsoft-Windows-Wcmsvc", "Computer": "DESKTOP-OFJ6N53", "TimeCreated": "2024-04-08 14:04:26.280554+00:00", "RecordID": "3843", "Level": "4", "UserID": "S-1-5-19", "EventData.Reason": "2"}
{"EventID": "1006", "Channel": "Microsoft-Windows-Wcmsvc/Operational", "Provider_Name": "Microsoft-Windows-Wcmsvc", "Computer": "DESKTOP-OFJ6N53", "TimeCreated": "2024-04-08 14:04:32.509291+00:00", "RecordID": "3844", "Level": "4", "UserID": "S-1-5-19", "EventData.Reason": "1"}
{"EventID": "1006", "Channel": "Microsoft-Windows-Wcmsvc/Operational", "Provider_Name": "Microsoft-Windows-Wcmsvc", "Computer": "DESKTOP-OFJ6N53", "TimeCreated": "2024-04-08 14:30:32.889626+00:00", "RecordID": "3845", "Level": "4", "UserID": "S-1-5-19", "EventData.Reason": "2"}
{"EventID": "1006", "Channel": "Microsoft-Windows-Wcmsvc/Operational", "Provider_Name": "Microsoft-Windows-Wcmsvc", "Computer": "DESKTOP-OFJ6N53", "TimeCreated": "2024-04-08 14:30:33.444141+00:00", "RecordID": "3846", "Level": "4", "UserID": "S-1-5-19", "EventData.Reason": "1"}
{"EventID": "1006", "Channel": "Microsoft-Windows-Wcmsvc/Operational", "Provider_Name": "Microsoft-Windows-Wcmsvc", "Computer": "DESKTOP-OFJ6N53", "TimeCreated": "2024-04-08 14:30:35.181261+00:00", "RecordID": "3847", "Level": "4", "UserID": "S-1-5-19", "EventData.Reason": "3"}
{"EventID": "1006", "Channel": "Microsoft-Windows-Wcmsvc/Operational", "Provider_Name": "Microsoft-Windows-Wcmsvc", "Computer": "DESKTOP-OFJ6N53", "TimeCreated": "2024-04-08 20:13:32.494280+00:00", "RecordID": "3848", "Level": "4", "UserID": "S-1-5-19", "EventData.Reason": "4"}
{"EventID": "1006", "Channel": "Microsoft-Windows-Wcmsvc/Operational", "Provider_Name": "Microsoft-Windows-Wcmsvc", "Computer": "DESKTOP-OFJ6N53", "TimeCreated": "2024-04-09 15:17:06.525698+00:00", "RecordID": "3849", "Level": "4", "UserID": "S-1-5-19", "EventData.Reason": "3"}
{"EventID": "1006", "Channel": "Microsoft-Windows-Wcmsvc/Operational", "Provider_Name": "Microsoft-Windows-Wcmsvc", "Computer": "DESKTOP-OFJ6N53", "TimeCreated": "2024-04-10 02:19:17.010588+00:00", "RecordID": "3850", "Level": "4", "UserID": "S-1-5-19", "EventData.Reason": "4"}
{"EventID": "1006", "Channel": "Microsoft-Windows-Wcmsvc/Operational", "Provider_Name": "Microsoft-Windows-Wcmsvc", "Computer": "DESKTOP-OFJ6N53", "TimeCreated": "2024-04-12 02:49:46.209723+00:00", "RecordID": "3851", "Level": "4", "UserID": "S-1-5-19", "EventData.Reason": "6"}
{"EventID": "10003", "Channel": "Microsoft-Windows-Wcmsvc/Operational", "Provider_Name": "Microsoft-Windows-Wcmsvc", "Computer": "DESKTOP-OFJ6N53", "TimeCreated": "2024-04-12 02:51:50.730618+00:00", "RecordID": "3852", "Level": "4", "UserID": "S-1-5-19"}
{"EventID": "10004", "Channel": "Microsoft-Windows-Wcmsvc/Operational", "Provider_Name": "Microsoft-Windows-Wcmsvc", "Computer": "DESKTOP-OFJ6N53", "TimeCreated": "2024-04-12 02:51:52.035519+00:00", "RecordID": "3853", "Level": "4", "UserID": "S-1-5-19"}
{"EventID": "10001", "Channel": "Microsoft-Windows-Wcmsvc/Operational", "Provider_Name": "Microsoft-Windows-Wcmsvc", "Computer": "DESKTOP-OFJ6N53", "TimeCreated": "2024-04-12 02:53:04.126884+00:00", "RecordID": "3854", "Level": "4", "UserID": "S-1-5-19"}
{"EventID": "1026", "Channel": "Microsoft-Windows-Wcmsvc/Operational", "Provider_Name": "Microsoft-Windows-Wcmsvc", "Computer": "DESKTOP-OFJ6N53", "TimeCreated": "2024-04-12 02:53:05.594704+00:00", "RecordID": "3855", "Level": "4", "UserID": "S-1-5-19", "EventData.InterfaceGuid": "{bed2c4be-ec11-4cc8-aafc-f0fd7a5e3a02}", "EventData.MediaType": "1"}
{"EventID": "1009", "Channel": "Microsoft-Windows-Wcmsvc/Operational", "Provider_Name": "Microsoft-Windows-Wcmsvc", "Computer": "DESKTOP-OFJ6N53", "TimeCreated": "2024-04-12 02:53:05.597168+00:00", "RecordID": "3856", "Level": "4", "UserID": "S-1-5-19", "EventData.InterfaceGuid": "{bed2c4be-ec11-4cc8-aafc-f0fd7a5e3a02}", "EventData.MediaType": "1"}
{"EventID": "10002", "Channel": "Microsoft-Windows-Wcmsvc/Operational", "Provider_Name": "Microsoft-Windows-Wcmsvc", "Computer": "DESKTOP-OFJ6N53", "TimeCreated": "2024-04-12 02:53:05.676588+00:00", "RecordID": "3857", "Level": "4", "UserID": "S-1-5-19"}
{"EventID": "1003", "Channel": "Microsoft-Windows-Wcmsvc/Operational", "Provider_Name": "Microsoft-Windows-Wcmsvc", "Computer": "DESKTOP-OFJ6N53", "TimeCreated": "2024-04-12 02:53:05.690060+00:00", "RecordID": "3858", "Level": "4", "UserID": "S-1-5-19", "EventData.Status": "1", "EventData.Name": "2"}
{"EventID": "1003", "Channel": "Microsoft-Windows-Wcmsvc/Operational", "Provider_Name": "Microsoft-Windows-Wcmsvc", "Computer": "DESKTOP-OFJ6N53", "TimeCreated": "2024-04-12 02:53:05.692106+00:00", "RecordID": "3859", "Level": "4", "UserID": "S-1-5-19", "EventData.Status": "1", "EventData.Name": "3"}
{"EventID": "1006", "Channel": "Microsoft-Windows-Wcmsvc/Operational", "Provider_Name": "Microsoft-Windows-Wcmsvc", "Computer": "DESKTOP-OFJ6N53", "TimeCreated": "2024-04-12 02:55:09.195005+00:00", "RecordID": "3860", "Level": "4", "UserID": "S-1-5-19", "EventData.Reason": "1"}
{"EventID": "1006", "Channel": "Microsoft-Windows-Wcmsvc/Operational", "Provider_Name": "Microsoft-Windows-Wcmsvc", "Computer": "DESKTOP-OFJ6N53", "TimeCreated": "2024-04-12 02:55:10.286135+00:00", "RecordID": "3861", "Level": "4", "UserID": "S-1-5-19", "EventData.Reason": "5"}
{"EventID": "1006", "Channel": "Microsoft-Windows-Wcmsvc/Operational", "Provider_Name": "Microsoft-Windows-Wcmsvc", "Computer": "DESKTOP-OFJ6N53", "TimeCreated": "2024-04-15 08:27:36.551050+00:00", "RecordID": "3862", "Level": "4", "UserID": "S-1-5-19", "EventData.Reason": "2"}
{"EventID": "1006", "Channel": "Microsoft-Windows-Wcmsvc/Operational", "Provider_Name": "Microsoft-Windows-Wcmsvc", "Computer": "DESKTOP-OFJ6N53", "TimeCreated": "2024-04-15 08:27:47.025370+00:00", "RecordID": "3863", "Level": "4", "UserID": "S-1-5-19", "EventData.Reason": "1"}
{"EventID": "1006", "Channel": "Microsoft-Windows-Wcmsvc/Operational", "Provider_Name": "Microsoft-Windows-Wcmsvc", "Computer": "DESKTOP-OFJ6N53", "TimeCreated": "2024-04-15 08:27:50.741179+00:00", "RecordID": "3864", "Level": "4", "UserID": "S-1-5-19", "EventData.Reason": "3"}
{"EventID": "1006", "Channel": "Microsoft-Windows-Wcmsvc/Operational", "Provider_Name": "Microsoft-Windows-Wcmsvc", "Computer": "DESKTOP-OFJ6N53", "TimeCreated": "2024-04-15 08:30:12.783157+00:00", "RecordID": "3865", "Level": "4", "UserID": "S-1-5-19", "EventData.Reason": "4"}
{"EventID": "1006", "Channel": "Microsoft-Windows-Wcmsvc/Operational", "Provider_Name": "Microsoft-Windows-Wcmsvc", "Computer": "DESKTOP-OFJ6N53", "TimeCreated": "2024-04-15 08:30:33.401602+00:00", "RecordID": "3866", "Level": "4", "UserID": "S-1-5-19", "EventData.Reason": "3"}
{"EventID": "1006", "Channel": "Microsoft-Windows-Wcmsvc/Operational", "Provider_Name": "Microsoft-Windows-Wcmsvc", "Computer": "DESKTOP-OFJ6N53", "TimeCreated": "2024-04-15 08:51:29.831629+00:00", "RecordID": "3867", "Level": "4", "UserID": "S-1-5-19", "EventData.Reason": "4"}
{"EventID": "1006", "Channel": "Microsoft-Windows-Wcmsvc/Operational", "Provider_Name": "Microsoft-Windows-Wcmsvc", "Computer": "DESKTOP-OFJ6N53", "TimeCreated": "2024-04-15 08:51:35.434523+00:00", "RecordID": "3868", "Level": "4", "UserID": "S-1-5-19", "EventData.Reason": "2"}
{"EventID": "1006", "Channel": "Microsoft-Windows-Wcmsvc/Operational", "Provider_Name": "Microsoft-Windows-Wcmsvc", "Computer": "DESKTOP-OFJ6N53", "TimeCreated": "2024-04-15 08:51:38.069269+00:00", "RecordID": "3869", "Level": "4", "UserID": "S-1-5-19", "EventData.Reason": "1"}
{"EventID": "1006", "Channel": "Microsoft-Windows-Wcmsvc/Operational", "Provider_Name": "Microsoft-Windows-Wcmsvc", "Computer": "DESKTOP-OFJ6N53", "TimeCreated": "2024-04-23 11:04:13.370861+00:00", "RecordID": "3870", "Level": "4", "UserID": "S-1-5-19", "EventData.Reason": "2"}
{"EventID": "1006", "Channel": "Microsoft-Windows-Wcmsvc/Operational", "Provider_Name": "Microsoft-Windows-Wcmsvc", "Computer": "DESKTOP-OFJ6N53", "TimeCreated": "2024-04-23 11:04:17.369823+00:00", "RecordID": "3871", "Level": "4", "UserID": "S-1-5-19", "EventData.Reason": "3"}
{"EventID": "1006", "Channel": "Microsoft-Windows-Wcmsvc/Operational", "Provider_Name": "Microsoft-Windows-Wcmsvc", "Computer": "DESKTOP-OFJ6N53", "TimeCreated": "2024-04-23 11:04:19.919958+00:00", "RecordID": "3872", "Level": "4", "UserID": "S-1-5-19", "EventData.Reason": "1"}
{"EventID": "1006", "Channel": "Microsoft-Windows-Wcmsvc/Operational", "Provider_Name": "Microsoft-Windows-Wcmsvc", "Computer": "DESKTOP-OFJ6N53", "TimeCreated": "2024-04-23 14:03:30.225222+00:00", "RecordID": "3873", "Level": "4", "UserID": "S-1-5-19", "EventData.Reason": "4"}
{"EventID": "1006", "Channel": "Microsoft-Windows-Wcmsvc/Operational", "Provider_Name": "Microsoft-Windows-Wcmsvc", "Computer": "DESKTOP-OFJ6N53", "TimeCreated": "2024-04-23 15:37:43.063663+00:00", "RecordID": "3874", "Level": "4", "UserID": "S-1-5-19", "EventData.Reason": "6"}
{"EventID": "10003", "Channel": "Microsoft-Windows-Wcmsvc/Operational", "Provider_Name": "Microsoft-Windows-Wcmsvc", "Computer": "DESKTOP-OFJ6N53", "TimeCreated": "2024-04-23 15:38:51.700062+00:00", "RecordID": "3875", "Level": "4", "UserID": "S-1-5-19"}
{"EventID": "10004", "Channel": "Microsoft-Windows-Wcmsvc/Operational", "Provider_Name": "Microsoft-Windows-Wcmsvc", "Computer": "DESKTOP-OFJ6N53", "TimeCreated": "2024-04-23 15:38:52.228865+00:00", "RecordID": "3876", "Level": "4", "UserID": "S-1-5-19"}
{"EventID": "10001", "Channel": "Microsoft-Windows-Wcmsvc/Operational", "Provider_Name": "Microsoft-Windows-Wcmsvc", "Computer": "DESKTOP-OFJ6N53", "TimeCreated": "2024-04-23 15:39:49.863556+00:00", "RecordID": "3877", "Level": "4", "UserID": "S-1-5-19"}
{"EventID": "1026", "Channel": "Microsoft-Windows-Wcmsvc/Operational", "Provider_Name": "Microsoft-Windows-Wcmsvc", "Computer": "DESKTOP-OFJ6N53", "TimeCreated": "2024-04-23 15:39:52.535398+00:00", "RecordID": "3878", "Level": "4", "UserID": "S-1-5-19", "EventData.InterfaceGuid": "{bed2c4be-ec11-4cc8-aafc-f0fd7a5e3a02}", "EventData.MediaType": "1"}
{"EventID": "1009", "Channel": "Microsoft-Windows-Wcmsvc/Operational", "Provider_Name": "Microsoft-Windows-Wcmsvc", "Computer": "DESKTOP-OFJ6N53", "TimeCreated": "2024-04-23 15:39:52.535656+00:00", "RecordID": "3879", "Level": "4", "UserID": "S-1-5-19", "EventData.InterfaceGuid": "{bed2c4be-ec11-4cc8-aafc-f0fd7a5e3a02}", "EventData.MediaType": "1"}
{"EventID": "10002", "Channel": "Microsoft-Windows-Wcmsvc/Operational", "Provider_Name": "Microsoft-Windows-Wcmsvc", "Computer": "DESKTOP-OFJ6N53", "TimeCreated": "2024-04-23 15:39:52.633320+00:00", "RecordID": "3880", "Level": "4", "UserID": "S-1-5-19"}
{"EventID": "1003", "Channel": "Microsoft-Windows-Wcmsvc/Operational", "Provider_Name": "Microsoft-Windows-Wcmsvc", "Computer": "DESKTOP-OFJ6N53", "TimeCreated": "2024-04-23 15:39:52.718956+00:00", "RecordID": "3881", "Level": "4", "UserID": "S-1-5-19", "EventData.Status": "1", "EventData.Name": "2"}
{"EventID": "1003", "Channel": "Microsoft-Windows-Wcmsvc/Operational", "Provider_Name": "Microsoft-Windows-Wcmsvc", "Computer": "DESKTOP-OFJ6N53", "TimeCreated": "2024-04-23 15:39:52.718981+00:00", "RecordID": "3882", "Level": "4", "UserID": "S-1-5-19", "EventData.Status": "1", "EventData.Name": "3"}
{"EventID": "1006", "Channel": "Microsoft-Windows-Wcmsvc/Operational", "Provider_Name": "Microsoft-Windows-Wcmsvc", "Computer": "DESKTOP-OFJ6N53", "TimeCreated": "2024-04-23 15:44:34.398600+00:00", "RecordID": "3883", "Level": "4", "UserID": "S-1-5-19", "EventData.Reason": "1"}
{"EventID": "1006", "Channel": "Microsoft-Windows-Wcmsvc/Operational", "Provider_Name": "Microsoft-Windows-Wcmsvc", "Computer": "DESKTOP-OFJ6N53", "TimeCreated": "2024-04-23 15:44:36.827253+00:00", "RecordID": "3884", "Level": "4", "UserID": "S-1-5-19", "EventData.Reason": "5"}
{"EventID": "1006", "Channel": "Microsoft-Windows-Wcmsvc/Operational", "Provider_Name": "Microsoft-Windows-Wcmsvc", "Computer": "DESKTOP-OFJ6N53", "TimeCreated": "2024-04-24 13:44:32.599106+00:00", "RecordID": "3885", "Level": "4", "UserID": "S-1-5-19", "EventData.Reason": "2"}
{"EventID": "1006", "Channel": "Microsoft-Windows-Wcmsvc/Operational", "Provider_Name": "Microsoft-Windows-Wcmsvc", "Computer": "DESKTOP-OFJ6N53", "TimeCreated": "2024-04-24 13:44:38.498949+00:00", "RecordID": "3886", "Level": "4", "UserID": "S-1-5-19", "EventData.Reason": "1"}
{"EventID": "1006", "Channel": "Microsoft-Windows-Wcmsvc/Operational", "Provider_Name": "Microsoft-Windows-Wcmsvc", "Computer": "DESKTOP-OFJ6N53", "TimeCreated": "2024-04-24 13:44:42.444775+00:00", "RecordID": "3887", "Level": "4", "UserID": "S-1-5-19", "EventData.Reason": "3"}
{"EventID": "1006", "Channel": "Microsoft-Windows-Wcmsvc/Operational", "Provider_Name": "Microsoft-Windows-Wcmsvc", "Computer": "DESKTOP-OFJ6N53", "TimeCreated": "2024-04-24 13:45:41.477135+00:00", "RecordID": "3888", "Level": "4", "UserID": "S-1-5-19", "EventData.Reason": "4"}
{"EventID": "1006", "Channel": "Microsoft-Windows-Wcmsvc/Operational", "Provider_Name": "Microsoft-Windows-Wcmsvc", "Computer": "DESKTOP-OFJ6N53", "TimeCreated": "2024-04-24 13:45:42.122564+00:00", "RecordID": "3889", "Level": "4", "UserID": "S-1-5-19", "EventData.Reason": "3"}
{"EventID": "1006", "Channel": "Microsoft-Windows-Wcmsvc/Operational", "Provider_Name": "Microsoft-Windows-Wcmsvc", "Computer": "DESKTOP-OFJ6N53", "TimeCreated": "2024-04-24 19:24:37.447556+00:00", "RecordID": "3890", "Level": "4", "UserID": "S-1-5-19", "EventData.Reason": "4"}
{"EventID": "1006", "Channel": "Microsoft-Windows-Wcmsvc/Operational", "Provider_Name": "Microsoft-Windows-Wcmsvc", "Computer": "DESKTOP-OFJ6N53", "TimeCreated": "2024-04-24 19:24:46.996870+00:00", "RecordID": "3891", "Level": "4", "UserID": "S-1-5-19", "EventData.Reason": "3"}
{"EventID": "1006", "Channel": "Microsoft-Windows-Wcmsvc/Operational", "Provider_Name": "Microsoft-Windows-Wcmsvc", "Computer": "DESKTOP-OFJ6N53", "TimeCreated": "2024-04-24 20:31:47.010040+00:00", "RecordID": "3892", "Level": "4", "UserID": "S-1-5-19", "EventData.Reason": "4"}
{"EventID": "1006", "Channel": "Microsoft-Windows-Wcmsvc/Operational", "Provider_Name": "Microsoft-Windows-Wcmsvc", "Computer": "DESKTOP-OFJ6N53", "TimeCreated": "2024-04-25 14:57:42.966228+00:00", "RecordID": "3893", "Level": "4", "UserID": "S-1-5-19", "EventData.Reason": "2"}
{"EventID": "1006", "Channel": "Microsoft-Windows-Wcmsvc/Operational", "Provider_Name": "Microsoft-Windows-Wcmsvc", "Computer": "DESKTOP-OFJ6N53", "TimeCreated": "2024-04-25 14:57:49.692987+00:00", "RecordID": "3894", "Level": "4", "UserID": "S-1-5-19", "EventData.Reason": "1"}
{"EventID": "1006", "Channel": "Microsoft-Windows-Wcmsvc/Operational", "Provider_Name": "Microsoft-Windows-Wcmsvc", "Computer": "DESKTOP-OFJ6N53", "TimeCreated": "2024-04-25 15:02:45.048283+00:00", "RecordID": "3895", "Level": "4", "UserID": "S-1-5-19", "EventData.Reason": "2"}
{"EventID": "1006", "Channel": "Microsoft-Windows-Wcmsvc/Operational", "Provider_Name": "Microsoft-Windows-Wcmsvc", "Computer": "DESKTOP-OFJ6N53", "TimeCreated": "2024-04-25 15:02:49.362555+00:00", "RecordID": "3896", "Level": "4", "UserID": "S-1-5-19", "EventData.Reason": "1"}
{"EventID": "1006", "Channel": "Microsoft-Windows-Wcmsvc/Operational", "Provider_Name": "Microsoft-Windows-Wcmsvc", "Computer": "DESKTOP-OFJ6N53", "TimeCreated": "2024-04-25 15:02:51.386501+00:00", "RecordID": "3897", "Level": "4", "UserID": "S-1-5-19", "EventData.Reason": "3"}
{"EventID": "1006", "Channel": "Microsoft-Windows-Wcmsvc/Operational", "Provider_Name": "Microsoft-Windows-Wcmsvc", "Computer": "DESKTOP-OFJ6N53", "TimeCreated": "2024-04-25 15:55:33.354881+00:00", "RecordID": "3898", "Level": "4", "UserID": "S-1-5-19", "EventData.Reason": "4"}
{"EventID": "1006", "Channel": "Microsoft-Windows-Wcmsvc/Operational", "Provider_Name": "Microsoft-Windows-Wcmsvc", "Computer": "DESKTOP-OFJ6N53", "TimeCreated": "2024-04-26 10:33:47.110584+00:00", "RecordID": "3899", "Level": "4", "UserID": "S-1-5-19", "EventData.Reason": "2"}
{"EventID": "1006", "Channel": "Microsoft-Windows-Wcmsvc/Operational", "Provider_Name": "Microsoft-Windows-Wcmsvc", "Computer": "DESKTOP-OFJ6N53", "TimeCreated": "2024-04-26 10:34:08.609203+00:00", "RecordID": "3900", "Level": "4", "UserID": "S-1-5-19", "EventData.Reason": "1"}
{"EventID": "1006", "Channel": "Microsoft-Windows-Wcmsvc/Operational", "Provider_Name": "Microsoft-Windows-Wcmsvc", "Computer": "DESKTOP-OFJ6N53", "TimeCreated": "2024-04-26 10:58:53.792131+00:00", "RecordID": "3901", "Level": "4", "UserID": "S-1-5-19", "EventData.Reason": "2"}
{"EventID": "1006", "Channel": "Microsoft-Windows-Wcmsvc/Operational", "Provider_Name": "Microsoft-Windows-Wcmsvc", "Computer": "DESKTOP-OFJ6N53", "TimeCreated": "2024-04-26 10:58:56.076607+00:00", "RecordID": "3902", "Level": "4", "UserID": "S-1-5-19", "EventData.Reason": "3"}
{"EventID": "1006", "Channel": "Microsoft-Windows-Wcmsvc/Operational", "Provider_Name": "Microsoft-Windows-Wcmsvc", "Computer": "DESKTOP-OFJ6N53", "TimeCreated": "2024-04-26 10:59:03.604944+00:00", "RecordID": "3903", "Level": "4", "UserID": "S-1-5-19", "EventData.Reason": "1"}
{"EventID": "1006", "Channel": "Microsoft-Windows-Wcmsvc/Operational", "Provider_Name": "Microsoft-Windows-Wcmsvc", "Computer": "DESKTOP-OFJ6N53", "TimeCreated": "2024-04-26 12:18:36.363277+00:00", "RecordID": "3904", "Level": "4", "UserID": "S-1-5-19", "EventData.Reason": "4"}
{"EventID": "1006", "Channel": "Microsoft-Windows-Wcmsvc/Operational", "Provider_Name": "Microsoft-Windows-Wcmsvc", "Computer": "DESKTOP-OFJ6N53", "TimeCreated": "2024-04-26 12:18:37.084793+00:00", "RecordID": "3905", "Level": "4", "UserID": "S-1-5-19", "EventData.Reason": "2"}
{"EventID": "1006", "Channel": "Microsoft-Windows-Wcmsvc/Operational", "Provider_Name": "Microsoft-Windows-Wcmsvc", "Computer": "DESKTOP-OFJ6N53", "TimeCreated": "2024-04-26 12:18:37.827103+00:00", "RecordID": "3906", "Level": "4", "UserID": "S-1-5-19", "EventData.Reason": "1"}
{"EventID": "1006", "Channel": "Microsoft-Windows-Wcmsvc/Operational", "Provider_Name": "Microsoft-Windows-Wcmsvc", "Computer": "DESKTOP-OFJ6N53", "TimeCreated": "2024-04-26 12:18:56.165812+00:00", "RecordID": "3907", "Level": "4", "UserID": "S-1-5-19", "EventData.Reason": "2"}
{"EventID": "1006", "Channel": "Microsoft-Windows-Wcmsvc/Operational", "Provider_Name": "Microsoft-Windows-Wcmsvc", "Computer": "DESKTOP-OFJ6N53", "TimeCreated": "2024-04-26 12:18:56.616507+00:00", "RecordID": "3908", "Level": "4", "UserID": "S-1-5-19", "EventData.Reason": "1"}
{"EventID": "1006", "Channel": "Microsoft-Windows-Wcmsvc/Operational", "Provider_Name": "Microsoft-Windows-Wcmsvc", "Computer": "DESKTOP-OFJ6N53", "TimeCreated": "2024-04-26 12:18:56.768265+00:00", "RecordID": "3909", "Level": "4", "UserID": "S-1-5-19", "EventData.Reason": "3"}
{"EventID": "1006", "Channel": "Microsoft-Windows-Wcmsvc/Operational", "Provider_Name": "Microsoft-Windows-Wcmsvc", "Computer": "DESKTOP-OFJ6N53", "TimeCreated": "2024-04-26 15:04:29.650173+00:00", "RecordID": "3910", "Level": "4", "UserID": "S-1-5-19", "EventData.Reason": "4"}
{"EventID": "1006", "Channel": "Microsoft-Windows-Wcmsvc/Operational", "Provider_Name": "Microsoft-Windows-Wcmsvc", "Computer": "DESKTOP-OFJ6N53", "TimeCreated": "2024-04-26 15:04:31.395782+00:00", "RecordID": "3911", "Level": "4", "UserID": "S-1-5-19", "EventData.Reason": "2"}
{"EventID": "1006", "Channel": "Microsoft-Windows-Wcmsvc/Operational", "Provider_Name": "Microsoft-Windows-Wcmsvc", "Computer": "DESKTOP-OFJ6N53", "TimeCreated": "2024-04-26 15:04:31.971020+00:00", "RecordID": "3912", "Level": "4", "UserID": "S-1-5-19", "EventData.Reason": "1"}
{"EventID": "1006", "Channel": "Microsoft-Windows-Wcmsvc/Operational", "Provider_Name": "Microsoft-Windows-Wcmsvc", "Computer": "DESKTOP-OFJ6N53", "TimeCreated": "2024-04-26 15:05:21.833508+00:00", "RecordID": "3913", "Level": "4", "UserID": "S-1-5-19", "EventData.Reason": "2"}
{"EventID": "1006", "Channel": "Microsoft-Windows-Wcmsvc/Operational", "Provider_Name": "Microsoft-Windows-Wcmsvc", "Computer": "DESKTOP-OFJ6N53", "TimeCreated": "2024-04-26 15:05:22.713129+00:00", "RecordID": "3914", "Level": "4", "UserID": "S-1-5-19", "EventData.Reason": "3"}
{"EventID": "1006", "Channel": "Microsoft-Windows-Wcmsvc/Operational", "Provider_Name": "Microsoft-Windows-Wcmsvc", "Computer": "DESKTOP-OFJ6N53", "TimeCreated": "2024-04-26 15:05:30.932329+00:00", "RecordID": "3915", "Level": "4", "UserID": "S-1-5-19", "EventData.Reason": "1"}
{"EventID": "1006", "Channel": "Microsoft-Windows-Wcmsvc/Operational", "Provider_Name": "Microsoft-Windows-Wcmsvc", "Computer": "DESKTOP-OFJ6N53", "TimeCreated": "2024-04-26 16:18:54.195410+00:00", "RecordID": "3916", "Level": "4", "UserID": "S-1-5-19", "EventData.Reason": "4"}
{"EventID": "1006", "Channel": "Microsoft-Windows-Wcmsvc/Operational", "Provider_Name": "Microsoft-Windows-Wcmsvc", "Computer": "DESKTOP-OFJ6N53", "TimeCreated": "2024-04-29 10:25:32.409958+00:00", "RecordID": "3917", "Level": "4", "UserID": "S-1-5-19", "EventData.Reason": "3"}
{"EventID": "1006", "Channel": "Microsoft-Windows-Wcmsvc/Operational", "Provider_Name": "Microsoft-Windows-Wcmsvc", "Computer": "DESKTOP-OFJ6N53", "TimeCreated": "2024-04-29 10:26:42.761961+00:00", "RecordID": "3918", "Level": "4", "UserID": "S-1-5-19", "EventData.Reason": "4"}
{"EventID": "1006", "Channel": "Microsoft-Windows-Wcmsvc/Operational", "Provider_Name": "Microsoft-Windows-Wcmsvc", "Computer": "DESKTOP-OFJ6N53", "TimeCreated": "2024-04-29 10:27:04.985645+00:00", "RecordID": "3919", "Level": "4", "UserID": "S-1-5-19", "EventData.Reason": "3"}
{"EventID": "1006", "Channel": "Microsoft-Windows-Wcmsvc/Operational", "Provider_Name": "Microsoft-Windows-Wcmsvc", "Computer": "DESKTOP-OFJ6N53", "TimeCreated": "2024-04-29 10:27:33.101032+00:00", "RecordID": "3920", "Level": "4", "UserID": "S-1-5-19", "EventData.Reason": "4"}
{"EventID": "1006", "Channel": "Microsoft-Windows-Wcmsvc/Operational", "Provider_Name": "Microsoft-Windows-Wcmsvc", "Computer": "DESKTOP-OFJ6N53", "TimeCreated": "2024-04-29 10:27:43.031416+00:00", "RecordID": "3921", "Level": "4", "UserID": "S-1-5-19", "EventData.Reason": "3"}
{"EventID": "1006", "Channel": "Microsoft-Windows-Wcmsvc/Operational", "Provider_Name": "Microsoft-Windows-Wcmsvc", "Computer": "DESKTOP-OFJ6N53", "TimeCreated": "2024-04-29 10:28:33.455870+00:00", "RecordID": "3922", "Level": "4", "UserID": "S-1-5-19", "EventData.Reason": "4"}
{"EventID": "1006", "Channel": "Microsoft-Windows-Wcmsvc/Operational", "Provider_Name": "Microsoft-Windows-Wcmsvc", "Computer": "DESKTOP-OFJ6N53", "TimeCreated": "2024-04-29 10:28:36.209446+00:00", "RecordID": "3923", "Level": "4", "UserID": "S-1-5-19", "EventData.Reason": "3"}
{"EventID": "1006", "Channel": "Microsoft-Windows-Wcmsvc/Operational", "Provider_Name": "Microsoft-Windows-Wcmsvc", "Computer": "DESKTOP-OFJ6N53", "TimeCreated": "2024-04-29 10:29:23.087975+00:00", "RecordID": "3924", "Level": "4", "UserID": "S-1-5-19", "EventData.Reason": "4"}
{"EventID": "1006", "Channel": "Microsoft-Windows-Wcmsvc/Operational", "Provider_Name": "Microsoft-Windows-Wcmsvc", "Computer": "DESKTOP-OFJ6N53", "TimeCreated": "2024-04-29 10:29:37.349167+00:00", "RecordID": "3925", "Level": "4", "UserID": "S-1-5-19", "EventData.Reason": "3"}
{"EventID": "1006", "Channel": "Microsoft-Windows-Wcmsvc/Operational", "Provider_Name": "Microsoft-Windows-Wcmsvc", "Computer": "DESKTOP-OFJ6N53", "TimeCreated": "2024-04-29 10:30:20.547821+00:00", "RecordID": "3926", "Level": "4", "UserID": "S-1-5-19", "EventData.Reason": "4"}
{"EventID": "1006", "Channel": "Microsoft-Windows-Wcmsvc/Operational", "Provider_Name": "Microsoft-Windows-Wcmsvc", "Computer": "DESKTOP-OFJ6N53", "TimeCreated": "2024-04-29 10:30:24.598572+00:00", "RecordID": "3927", "Level": "4", "UserID": "S-1-5-19", "EventData.Reason": "3"}
{"EventID": "1006", "Channel": "Microsoft-Windows-Wcmsvc/Operational", "Provider_Name": "Microsoft-Windows-Wcmsvc", "Computer": "DESKTOP-OFJ6N53", "TimeCreated": "2024-04-29 10:32:21.638771+00:00", "RecordID": "3928", "Level": "4", "UserID": "S-1-5-19", "EventData.Reason": "4"}
{"EventID": "1006", "Channel": "Microsoft-Windows-Wcmsvc/Operational", "Provider_Name": "Microsoft-Windows-Wcmsvc", "Computer": "DESKTOP-OFJ6N53", "TimeCreated": "2024-04-29 10:32:34.935654+00:00", "RecordID": "3929", "Level": "4", "UserID": "S-1-5-19", "EventData.Reason": "3"}
{"EventID": "1006", "Channel": "Microsoft-Windows-Wcmsvc/Operational", "Provider_Name": "Microsoft-Windows-Wcmsvc", "Computer": "DESKTOP-OFJ6N53", "TimeCreated": "2024-04-29 11:09:55.633034+00:00", "RecordID": "3930", "Level": "4", "UserID": "S-1-5-19", "EventData.Reason": "4"}
{"EventID": "1006", "Channel": "Microsoft-Windows-Wcmsvc/Operational", "Provider_Name": "Microsoft-Windows-Wcmsvc", "Computer": "DESKTOP-OFJ6N53", "TimeCreated": "2024-04-29 11:17:42.278732+00:00", "RecordID": "3931", "Level": "4", "UserID": "S-1-5-19", "EventData.Reason": "3"}
{"EventID": "1006", "Channel": "Microsoft-Windows-Wcmsvc/Operational", "Provider_Name": "Microsoft-Windows-Wcmsvc", "Computer": "DESKTOP-OFJ6N53", "TimeCreated": "2024-04-29 11:18:03.142700+00:00", "RecordID": "3932", "Level": "4", "UserID": "S-1-5-19", "EventData.Reason": "4"}
{"EventID": "1006", "Channel": "Microsoft-Windows-Wcmsvc/Operational", "Provider_Name": "Microsoft-Windows-Wcmsvc", "Computer": "DESKTOP-OFJ6N53", "TimeCreated": "2024-04-29 11:18:11.397499+00:00", "RecordID": "3933", "Level": "4", "UserID": "S-1-5-19", "EventData.Reason": "3"}
{"EventID": "1006", "Channel": "Microsoft-Windows-Wcmsvc/Operational", "Provider_Name": "Microsoft-Windows-Wcmsvc", "Computer": "DESKTOP-OFJ6N53", "TimeCreated": "2024-04-29 11:21:52.910671+00:00", "RecordID": "3934", "Level": "4", "UserID": "S-1-5-19", "EventData.Reason": "4"}
{"EventID": "1006", "Channel": "Microsoft-Windows-Wcmsvc/Operational", "Provider_Name": "Microsoft-Windows-Wcmsvc", "Computer": "DESKTOP-OFJ6N53", "TimeCreated": "2024-04-29 11:30:47.052603+00:00", "RecordID": "3935", "Level": "4", "UserID": "S-1-5-19", "EventData.Reason": "3"}
{"EventID": "1006", "Channel": "Microsoft-Windows-Wcmsvc/Operational", "Provider_Name": "Microsoft-Windows-Wcmsvc", "Computer": "DESKTOP-OFJ6N53", "TimeCreated": "2024-04-29 11:36:23.809011+00:00", "RecordID": "3936", "Level": "4", "UserID": "S-1-5-19", "EventData.Reason": "4"}
{"EventID": "1006", "Channel": "Microsoft-Windows-Wcmsvc/Operational", "Provider_Name": "Microsoft-Windows-Wcmsvc", "Computer": "DESKTOP-OFJ6N53", "TimeCreated": "2024-04-29 15:09:16.025576+00:00", "RecordID": "3937", "Level": "4", "UserID": "S-1-5-19", "EventData.Reason": "6"}
{"EventID": "10003", "Channel": "Microsoft-Windows-Wcmsvc/Operational", "Provider_Name": "Microsoft-Windows-Wcmsvc", "Computer": "DESKTOP-OFJ6N53", "TimeCreated": "2024-04-29 15:09:30.116236+00:00", "RecordID": "3938", "Level": "4", "UserID": "S-1-5-19"}
{"EventID": "10004", "Channel": "Microsoft-Windows-Wcmsvc/Operational", "Provider_Name": "Microsoft-Windows-Wcmsvc", "Computer": "DESKTOP-OFJ6N53", "TimeCreated": "2024-04-29 15:09:30.547800+00:00", "RecordID": "3939", "Level": "4", "UserID": "S-1-5-19"}
{"EventID": "10001", "Channel": "Microsoft-Windows-Wcmsvc/Operational", "Provider_Name": "Microsoft-Windows-Wcmsvc", "Computer": "DESKTOP-OFJ6N53", "TimeCreated": "2024-04-29 15:10:19.725702+00:00", "RecordID": "3940", "Level": "4", "UserID": "S-1-5-19"}
{"EventID": "1026", "Channel": "Microsoft-Windows-Wcmsvc/Operational", "Provider_Name": "Microsoft-Windows-Wcmsvc", "Computer": "DESKTOP-OFJ6N53", "TimeCreated": "2024-04-29 15:10:20.048464+00:00", "RecordID": "3941", "Level": "4", "UserID": "S-1-5-19", "EventData.InterfaceGuid": "{bed2c4be-ec11-4cc8-aafc-f0fd7a5e3a02}", "EventData.MediaType": "1"}
{"EventID": "1009", "Channel": "Microsoft-Windows-Wcmsvc/Operational", "Provider_Name": "Microsoft-Windows-Wcmsvc", "Computer": "DESKTOP-OFJ6N53", "TimeCreated": "2024-04-29 15:10:20.048491+00:00", "RecordID": "3942", "Level": "4", "UserID": "S-1-5-19", "EventData.InterfaceGuid": "{bed2c4be-ec11-4cc8-aafc-f0fd7a5e3a02}", "EventData.MediaType": "1"}
{"EventID": "10002", "Channel": "Microsoft-Windows-Wcmsvc/Operational", "Provider_Name": "Microsoft-Windows-Wcmsvc", "Computer": "DESKTOP-OFJ6N53", "TimeCreated": "2024-04-29 15:10:20.057695+00:00", "RecordID": "3943", "Level": "4", "UserID": "S-1-5-19"}
{"EventID": "1003", "Channel": "Microsoft-Windows-Wcmsvc/Operational", "Provider_Name": "Microsoft-Windows-Wcmsvc", "Computer": "DESKTOP-OFJ6N53", "TimeCreated": "2024-04-29 15:10:20.119877+00:00", "RecordID": "3944", "Level": "4", "UserID": "S-1-5-19", "EventData.Status": "1", "EventData.Name": "2"}
{"EventID": "1003", "Channel": "Microsoft-Windows-Wcmsvc/Operational", "Provider_Name": "Microsoft-Windows-Wcmsvc", "Computer": "DESKTOP-OFJ6N53", "TimeCreated": "2024-04-29 15:10:20.119888+00:00", "RecordID": "3945", "Level": "4", "UserID": "S-1-5-19", "EventData.Status": "1", "EventData.Name": "3"}
{"EventID": "1006", "Channel": "Microsoft-Windows-Wcmsvc/Operational", "Provider_Name": "Microsoft-Windows-Wcmsvc", "Computer": "DESKTOP-OFJ6N53", "TimeCreated": "2024-04-29 15:10:30.743010+00:00", "RecordID": "3946", "Level": "4", "UserID": "S-1-5-19", "EventData.Reason": "1"}
{"EventID": "1006", "Channel": "Microsoft-Windows-Wcmsvc/Operational", "Provider_Name": "Microsoft-Windows-Wcmsvc", "Computer": "DESKTOP-OFJ6N53", "TimeCreated": "2024-04-29 15:10:32.407673+00:00", "RecordID": "3947", "Level": "4", "UserID": "S-1-5-19", "EventData.Reason": "5"}
{"EventID": "1006", "Channel": "Microsoft-Windows-Wcmsvc/Operational", "Provider_Name": "Microsoft-Windows-Wcmsvc", "Computer": "DESKTOP-OFJ6N53", "TimeCreated": "2024-05-02 13:48:04.938171+00:00", "RecordID": "3948", "Level": "4", "UserID": "S-1-5-19", "EventData.Reason": "2"}
{"EventID": "1006", "Channel": "Microsoft-Windows-Wcmsvc/Operational", "Provider_Name": "Microsoft-Windows-Wcmsvc", "Computer": "DESKTOP-OFJ6N53", "TimeCreated": "2024-05-02 13:48:08.015802+00:00", "RecordID": "3949", "Level": "4", "UserID": "S-1-5-19", "EventData.Reason": "3"}
{"EventID": "1006", "Channel": "Microsoft-Windows-Wcmsvc/Operational", "Provider_Name": "Microsoft-Windows-Wcmsvc", "Computer": "DESKTOP-OFJ6N53", "TimeCreated": "2024-05-02 13:48:18.459848+00:00", "RecordID": "3950", "Level": "4", "UserID": "S-1-5-19", "EventData.Reason": "1"}
{"EventID": "1006", "Channel": "Microsoft-Windows-Wcmsvc/Operational", "Provider_Name": "Microsoft-Windows-Wcmsvc", "Computer": "DESKTOP-OFJ6N53", "TimeCreated": "2024-05-02 13:54:15.273783+00:00", "RecordID": "3951", "Level": "4", "UserID": "S-1-5-19", "EventData.Reason": "4"}
{"EventID": "1006", "Channel": "Microsoft-Windows-Wcmsvc/Operational", "Provider_Name": "Microsoft-Windows-Wcmsvc", "Computer": "DESKTOP-OFJ6N53", "TimeCreated": "2024-05-02 13:54:16.297476+00:00", "RecordID": "3952", "Level": "4", "UserID": "S-1-5-19", "EventData.Reason": "2"}
{"EventID": "1006", "Channel": "Microsoft-Windows-Wcmsvc/Operational", "Provider_Name": "Microsoft-Windows-Wcmsvc", "Computer": "DESKTOP-OFJ6N53", "TimeCreated": "2024-05-02 13:54:16.485044+00:00", "RecordID": "3953", "Level": "4", "UserID": "S-1-5-19", "EventData.Reason": "1"}
{"EventID": "1006", "Channel": "Microsoft-Windows-Wcmsvc/Operational", "Provider_Name": "Microsoft-Windows-Wcmsvc", "Computer": "DESKTOP-OFJ6N53", "TimeCreated": "2024-05-08 08:55:27.678478+00:00", "RecordID": "3954", "Level": "4", "UserID": "S-1-5-19", "EventData.Reason": "2"}
{"EventID": "1006", "Channel": "Microsoft-Windows-Wcmsvc/Operational", "Provider_Name": "Microsoft-Windows-Wcmsvc", "Computer": "DESKTOP-OFJ6N53", "TimeCreated": "2024-05-08 08:55:28.789070+00:00", "RecordID": "3955", "Level": "4", "UserID": "S-1-5-19", "EventData.Reason": "1"}
{"EventID": "1006", "Channel": "Microsoft-Windows-Wcmsvc/Operational", "Provider_Name": "Microsoft-Windows-Wcmsvc", "Computer": "DESKTOP-OFJ6N53", "TimeCreated": "2024-05-08 08:55:29.544119+00:00", "RecordID": "3956", "Level": "4", "UserID": "S-1-5-19", "EventData.Reason": "3"}
{"EventID": "1006", "Channel": "Microsoft-Windows-Wcmsvc/Operational", "Provider_Name": "Microsoft-Windows-Wcmsvc", "Computer": "DESKTOP-OFJ6N53", "TimeCreated": "2024-05-08 14:55:58.942865+00:00", "RecordID": "3957", "Level": "4", "UserID": "S-1-5-19", "EventData.Reason": "4"}
{"EventID": "1006", "Channel": "Microsoft-Windows-Wcmsvc/Operational", "Provider_Name": "Microsoft-Windows-Wcmsvc", "Computer": "DESKTOP-OFJ6N53", "TimeCreated": "2024-05-08 14:56:03.322298+00:00", "RecordID": "3958", "Level": "4", "UserID": "S-1-5-19", "EventData.Reason": "3"}
{"EventID": "1006", "Channel": "Microsoft-Windows-Wcmsvc/Operational", "Provider_Name": "Microsoft-Windows-Wcmsvc", "Computer": "DESKTOP-OFJ6N53", "TimeCreated": "2024-05-08 17:04:21.194714+00:00", "RecordID": "3959", "Level": "4", "UserID": "S-1-5-19", "EventData.Reason": "4"}
{"EventID": "1006", "Channel": "Microsoft-Windows-Wcmsvc/Operational", "Provider_Name": "Microsoft-Windows-Wcmsvc", "Computer": "DESKTOP-OFJ6N53", "TimeCreated": "2024-05-08 17:04:33.435062+00:00", "RecordID": "3960", "Level": "4", "UserID": "S-1-5-19", "EventData.Reason": "3"}
{"EventID": "1006", "Channel": "Microsoft-Windows-Wcmsvc/Operational", "Provider_Name": "Microsoft-Windows-Wcmsvc", "Computer": "DESKTOP-OFJ6N53", "TimeCreated": "2024-05-08 17:39:58.119179+00:00", "RecordID": "3961", "Level": "4", "UserID": "S-1-5-19", "EventData.Reason": "4"}
{"EventID": "1006", "Channel": "Microsoft-Windows-Wcmsvc/Operational", "Provider_Name": "Microsoft-Windows-Wcmsvc", "Computer": "DESKTOP-OFJ6N53", "TimeCreated": "2024-05-09 15:03:23.289799+00:00", "RecordID": "3962", "Level": "4", "UserID": "S-1-5-19", "EventData.Reason": "3"}
{"EventID": "1006", "Channel": "Microsoft-Windows-Wcmsvc/Operational", "Provider_Name": "Microsoft-Windows-Wcmsvc", "Computer": "DESKTOP-OFJ6N53", "TimeCreated": "2024-05-09 15:53:27.800383+00:00", "RecordID": "3963", "Level": "4", "UserID": "S-1-5-19", "EventData.Reason": "4"}
{"EventID": "1006", "Channel": "Microsoft-Windows-Wcmsvc/Operational", "Provider_Name": "Microsoft-Windows-Wcmsvc", "Computer": "DESKTOP-OFJ6N53", "TimeCreated": "2024-05-09 15:53:33.069147+00:00", "RecordID": "3964", "Level": "4", "UserID": "S-1-5-19", "EventData.Reason": "3"}
{"EventID": "1006", "Channel": "Microsoft-Windows-Wcmsvc/Operational", "Provider_Name": "Microsoft-Windows-Wcmsvc", "Computer": "DESKTOP-OFJ6N53", "TimeCreated": "2024-05-09 20:39:04.172619+00:00", "RecordID": "3965", "Level": "4", "UserID": "S-1-5-19", "EventData.Reason": "4"}
{"EventID": "1006", "Channel": "Microsoft-Windows-Wcmsvc/Operational", "Provider_Name": "Microsoft-Windows-Wcmsvc", "Computer": "DESKTOP-OFJ6N53", "TimeCreated": "2024-05-13 15:21:06.560978+00:00", "RecordID": "3966", "Level": "4", "UserID": "S-1-5-19", "EventData.Reason": "3"}
{"EventID": "1006", "Channel": "Microsoft-Windows-Wcmsvc/Operational", "Provider_Name": "Microsoft-Windows-Wcmsvc", "Computer": "DESKTOP-OFJ6N53", "TimeCreated": "2024-05-13 16:02:36.370590+00:00", "RecordID": "3967", "Level": "4", "UserID": "S-1-5-19", "EventData.Reason": "4"}
{"EventID": "1006", "Channel": "Microsoft-Windows-Wcmsvc/Operational", "Provider_Name": "Microsoft-Windows-Wcmsvc", "Computer": "DESKTOP-OFJ6N53", "TimeCreated": "2024-05-13 16:02:47.091118+00:00", "RecordID": "3968", "Level": "4", "UserID": "S-1-5-19", "EventData.Reason": "3"}
{"EventID": "1006", "Channel": "Microsoft-Windows-Wcmsvc/Operational", "Provider_Name": "Microsoft-Windows-Wcmsvc", "Computer": "DESKTOP-OFJ6N53", "TimeCreated": "2024-05-13 16:03:17.624304+00:00", "RecordID": "3969", "Level": "4", "UserID": "S-1-5-19", "EventData.Reason": "4"}
{"EventID": "1006", "Channel": "Microsoft-Windows-Wcmsvc/Operational", "Provider_Name": "Microsoft-Windows-Wcmsvc", "Computer": "DESKTOP-OFJ6N53", "TimeCreated": "2024-05-14 09:03:49.703917+00:00", "RecordID": "3970", "Level": "4", "UserID": "S-1-5-19", "EventData.Reason": "3"}
{"EventID": "1006", "Channel": "Microsoft-Windows-Wcmsvc/Operational", "Provider_Name": "Microsoft-Windows-Wcmsvc", "Computer": "DESKTOP-OFJ6N53", "TimeCreated": "2024-05-14 09:10:29.798536+00:00", "RecordID": "3971", "Level": "4", "UserID": "S-1-5-19", "EventData.Reason": "6"}
{"EventID": "10003", "Channel": "Microsoft-Windows-Wcmsvc/Operational", "Provider_Name": "Microsoft-Windows-Wcmsvc", "Computer": "DESKTOP-OFJ6N53", "TimeCreated": "2024-05-14 09:10:47.003588+00:00", "RecordID": "3972", "Level": "4", "UserID": "S-1-5-19"}
{"EventID": "10004", "Channel": "Microsoft-Windows-Wcmsvc/Operational", "Provider_Name": "Microsoft-Windows-Wcmsvc", "Computer": "DESKTOP-OFJ6N53", "TimeCreated": "2024-05-14 09:10:53.519157+00:00", "RecordID": "3973", "Level": "4", "UserID": "S-1-5-19"}
{"EventID": "10001", "Channel": "Microsoft-Windows-Wcmsvc/Operational", "Provider_Name": "Microsoft-Windows-Wcmsvc", "Computer": "DESKTOP-OFJ6N53", "TimeCreated": "2024-05-14 09:13:28.212320+00:00", "RecordID": "3974", "Level": "4", "UserID": "S-1-5-19"}
{"EventID": "1026", "Channel": "Microsoft-Windows-Wcmsvc/Operational", "Provider_Name": "Microsoft-Windows-Wcmsvc", "Computer": "DESKTOP-OFJ6N53", "TimeCreated": "2024-05-14 09:13:29.966444+00:00", "RecordID": "3975", "Level": "4", "UserID": "S-1-5-19", "EventData.InterfaceGuid": "{bed2c4be-ec11-4cc8-aafc-f0fd7a5e3a02}", "EventData.MediaType": "1"}
{"EventID": "1009", "Channel": "Microsoft-Windows-Wcmsvc/Operational", "Provider_Name": "Microsoft-Windows-Wcmsvc", "Computer": "DESKTOP-OFJ6N53", "TimeCreated": "2024-05-14 09:13:29.966478+00:00", "RecordID": "3976", "Level": "4", "UserID": "S-1-5-19", "EventData.InterfaceGuid": "{bed2c4be-ec11-4cc8-aafc-f0fd7a5e3a02}", "EventData.MediaType": "1"}
{"EventID": "10002", "Channel": "Microsoft-Windows-Wcmsvc/Operational", "Provider_Name": "Microsoft-Windows-Wcmsvc", "Computer": "DESKTOP-OFJ6N53", "TimeCreated": "2024-05-14 09:13:30.283909+00:00", "RecordID": "3977", "Level": "4", "UserID": "S-1-5-19"}
{"EventID": "1003", "Channel": "Microsoft-Windows-Wcmsvc/Operational", "Provider_Name": "Microsoft-Windows-Wcmsvc", "Computer": "DESKTOP-OFJ6N53", "TimeCreated": "2024-05-14 09:13:30.332693+00:00", "RecordID": "3978", "Level": "4", "UserID": "S-1-5-19", "EventData.Status": "1", "EventData.Name": "2"}
{"EventID": "1003", "Channel": "Microsoft-Windows-Wcmsvc/Operational", "Provider_Name": "Microsoft-Windows-Wcmsvc", "Computer": "DESKTOP-OFJ6N53", "TimeCreated": "2024-05-14 09:13:30.332716+00:00", "RecordID": "3979", "Level": "4", "UserID": "S-1-5-19", "EventData.Status": "1", "EventData.Name": "3"}
{"EventID": "1006", "Channel": "Microsoft-Windows-Wcmsvc/Operational", "Provider_Name": "Microsoft-Windows-Wcmsvc", "Computer": "DESKTOP-OFJ6N53", "TimeCreated": "2024-05-14 09:14:04.132748+00:00", "RecordID": "3980", "Level": "4", "UserID": "S-1-5-19", "EventData.Reason": "5"}
{"EventID": "1006", "Channel": "Microsoft-Windows-Wcmsvc/Operational", "Provider_Name": "Microsoft-Windows-Wcmsvc", "Computer": "DESKTOP-OFJ6N53", "TimeCreated": "2024-05-14 09:24:50.432539+00:00", "RecordID": "3981", "Level": "4", "UserID": "S-1-5-19", "EventData.Reason": "2"}
{"EventID": "1006", "Channel": "Microsoft-Windows-Wcmsvc/Operational", "Provider_Name": "Microsoft-Windows-Wcmsvc", "Computer": "DESKTOP-OFJ6N53", "TimeCreated": "2024-05-14 09:24:51.382669+00:00", "RecordID": "3982", "Level": "4", "UserID": "S-1-5-19", "EventData.Reason": "1"}
{"EventID": "1006", "Channel": "Microsoft-Windows-Wcmsvc/Operational", "Provider_Name": "Microsoft-Windows-Wcmsvc", "Computer": "DESKTOP-OFJ6N53", "TimeCreated": "2024-05-14 09:24:55.741432+00:00", "RecordID": "3983", "Level": "4", "UserID": "S-1-5-19", "EventData.Reason": "3"}
{"EventID": "1006", "Channel": "Microsoft-Windows-Wcmsvc/Operational", "Provider_Name": "Microsoft-Windows-Wcmsvc", "Computer": "DESKTOP-OFJ6N53", "TimeCreated": "2024-05-14 09:33:34.538630+00:00", "RecordID": "3984", "Level": "4", "UserID": "S-1-5-19", "EventData.Reason": "4"}
{"EventID": "1006", "Channel": "Microsoft-Windows-Wcmsvc/Operational", "Provider_Name": "Microsoft-Windows-Wcmsvc", "Computer": "DESKTOP-OFJ6N53", "TimeCreated": "2024-05-14 09:38:54.994719+00:00", "RecordID": "3985", "Level": "4", "UserID": "S-1-5-19", "EventData.Reason": "3"}
{"EventID": "1006", "Channel": "Microsoft-Windows-Wcmsvc/Operational", "Provider_Name": "Microsoft-Windows-Wcmsvc", "Computer": "DESKTOP-OFJ6N53", "TimeCreated": "2024-05-14 10:12:52.514647+00:00", "RecordID": "3986", "Level": "4", "UserID": "S-1-5-19", "EventData.Reason": "4"}
{"EventID": "1006", "Channel": "Microsoft-Windows-Wcmsvc/Operational", "Provider_Name": "Microsoft-Windows-Wcmsvc", "Computer": "DESKTOP-OFJ6N53", "TimeCreated": "2024-05-15 12:55:05.138294+00:00", "RecordID": "3987", "Level": "4", "UserID": "S-1-5-19", "EventData.Reason": "3"}
{"EventID": "1006", "Channel": "Microsoft-Windows-Wcmsvc/Operational", "Provider_Name": "Microsoft-Windows-Wcmsvc", "Computer": "DESKTOP-OFJ6N53", "TimeCreated": "2024-05-15 12:58:25.353201+00:00", "RecordID": "3988", "Level": "4", "UserID": "S-1-5-19", "EventData.Reason": "4"}
{"EventID": "1006", "Channel": "Microsoft-Windows-Wcmsvc/Operational", "Provider_Name": "Microsoft-Windows-Wcmsvc", "Computer": "DESKTOP-OFJ6N53", "TimeCreated": "2024-05-15 12:58:57.680435+00:00", "RecordID": "3989", "Level": "4", "UserID": "S-1-5-19", "EventData.Reason": "3"}
{"EventID": "1006", "Channel": "Microsoft-Windows-Wcmsvc/Operational", "Provider_Name": "Microsoft-Windows-Wcmsvc", "Computer": "DESKTOP-OFJ6N53", "TimeCreated": "2024-05-15 13:20:25.360058+00:00", "RecordID": "3990", "Level": "4", "UserID": "S-1-5-19", "EventData.Reason": "6"}
{"EventID": "1006", "Channel": "Microsoft-Windows-Wcmsvc/Operational", "Provider_Name": "Microsoft-Windows-Wcmsvc", "Computer": "DESKTOP-OFJ6N53", "TimeCreated": "2024-05-15 13:20:33.446234+00:00", "RecordID": "3991", "Level": "4", "UserID": "S-1-5-19", "EventData.Reason": "4"}
{"EventID": "10003", "Channel": "Microsoft-Windows-Wcmsvc/Operational", "Provider_Name": "Microsoft-Windows-Wcmsvc", "Computer": "DESKTOP-OFJ6N53", "TimeCreated": "2024-05-15 13:34:15.529522+00:00", "RecordID": "3992", "Level": "4", "UserID": "S-1-5-19"}
