{"EventID": "20521", "Channel": "Microsoft-Windows-TerminalServices-RemoteConnectionManager/Admin", "Provider_Name": "Microsoft-Windows-TerminalServices-RemoteConnectionManager", "Computer": "DESKTOP-OFJ6N53", "TimeCreated": "2022-03-16 10:12:44.426840+00:00", "RecordID": "1", "Level": "4", "UserID": "S-1-5-20"}
{"EventID": "20521", "Channel": "Microsoft-Windows-TerminalServices-RemoteConnectionManager/Admin", "Provider_Name": "Microsoft-Windows-TerminalServices-RemoteConnectionManager", "Computer": "DESKTOP-OFJ6N53", "TimeCreated": "2022-04-13 15:58:16.738884+00:00", "RecordID": "2", "Level": "4", "UserID": "S-1-5-20"}
{"EventID": "1158", "Channel": "Microsoft-Windows-TerminalServices-RemoteConnectionManager/Admin", "Provider_Name": "Microsoft-Windows-TerminalServices-RemoteConnectionManager", "Computer": "DESKTOP-OFJ6N53", "TimeCreated": "2022-04-19 12:04:41.150331+00:00", "RecordID": "3", "Level": "4", "UserID": "S-1-5-20"}
{"EventID": "20521", "Channel": "Microsoft-Windows-TerminalServices-RemoteConnectionManager/Admin", "Provider_Name": "Microsoft-Windows-TerminalServices-RemoteConnectionManager", "Computer": "DESKTOP-OFJ6N53", "TimeCreated": "2022-04-19 12:05:18.497715+00:00", "RecordID": "4", "Level": "4", "UserID": "S-1-5-20"}
{"EventID": "20521", "Channel": "Microsoft-Windows-TerminalServices-RemoteConnectionManager/Admin", "Provider_Name": "Microsoft-Windows-TerminalServices-RemoteConnectionManager", "Computer": "DESKTOP-OFJ6N53", "TimeCreated": "2022-09-06 09:02:40.903849+00:00", "RecordID": "5", "Level": "4", "UserID": "S-1-5-20"}
{"EventID": "20521", "Channel": "Microsoft-Windows-TerminalServices-RemoteConnectionManager/Admin", "Provider_Name": "Microsoft-Windows-TerminalServices-RemoteConnectionManager", "Computer": "DESKTOP-OFJ6N53", "TimeCreated": "2022-09-06 13:02:48.184692+00:00", "RecordID": "6", "Level": "4", "UserID": "S-1-5-20"}
{"EventID": "20521", "Channel": "Microsoft-Windows-TerminalServices-RemoteConnectionManager/Admin", "Provider_Name": "Microsoft-Windows-TerminalServices-RemoteConnectionManager", "Computer": "DESKTOP-OFJ6N53", "TimeCreated": "2022-11-17 17:39:51.426872+00:00", "RecordID": "7", "Level": "4", "UserID": "S-1-5-20"}
{"EventID": "20521", "Channel": "Microsoft-Windows-TerminalServices-RemoteConnectionManager/Admin", "Provider_Name": "Microsoft-Windows-TerminalServices-RemoteConnectionManager", "Computer": "DESKTOP-OFJ6N53", "TimeCreated": "2022-11-18 08:30:57.606346+00:00", "RecordID": "8", "Level": "4", "UserID": "S-1-5-20"}
{"EventID": "20521", "Channel": "Microsoft-Windows-TerminalServices-RemoteConnectionManager/Admin", "Provider_Name": "Microsoft-Windows-TerminalServices-RemoteConnectionManager", "Computer": "DESKTOP-OFJ6N53", "TimeCreated": "2022-11-19 20:57:09.894854+00:00", "RecordID": "9", "Level": "4", "UserID": "S-1-5-20"}
{"EventID": "20521", "Channel": "Microsoft-Windows-TerminalServices-RemoteConnectionManager/Admin", "Provider_Name": "Microsoft-Windows-TerminalServices-RemoteConnectionManager", "Computer": "DESKTOP-OFJ6N53", "TimeCreated": "2022-11-21 07:56:45.370554+00:00", "RecordID": "10", "Level": "4", "UserID": "S-1-5-20"}
{"EventID": "20521", "Channel": "Microsoft-Windows-TerminalServices-RemoteConnectionManager/Admin", "Provider_Name": "Microsoft-Windows-TerminalServices-RemoteConnectionManager", "Computer": "DESKTOP-OFJ6N53", "TimeCreated": "2022-11-22 07:20:07.227892+00:00", "RecordID": "11", "Level": "4", "UserID": "S-1-5-20"}
{"EventID": "20521", "Channel": "Microsoft-Windows-TerminalServices-RemoteConnectionManager/Admin", "Provider_Name": "Microsoft-Windows-TerminalServices-RemoteConnectionManager", "Computer": "DESKTOP-OFJ6N53", "TimeCreated": "2022-11-22 11:58:26.929995+00:00", "RecordID": "12", "Level": "4", "UserID": "S-1-5-20"}
{"EventID": "20521", "Channel": "Microsoft-Windows-TerminalServices-RemoteConnectionManager/Admin", "Provider_Name": "Microsoft-Windows-TerminalServices-RemoteConnectionManager", "Computer": "DESKTOP-OFJ6N53", "TimeCreated": "2022-11-24 10:54:10.982164+00:00", "RecordID": "13", "Level": "4", "UserID": "S-1-5-20"}
{"EventID": "20521", "Channel": "Microsoft-Windows-TerminalServices-RemoteConnectionManager/Admin", "Provider_Name": "Microsoft-Windows-TerminalServices-RemoteConnectionManager", "Computer": "DESKTOP-OFJ6N53", "TimeCreated": "2022-11-28 11:25:58.123463+00:00", "RecordID": "14", "Level": "4", "UserID": "S-1-5-20"}
{"EventID": "20521", "Channel": "Microsoft-Windows-TerminalServices-RemoteConnectionManager/Admin", "Provider_Name": "Microsoft-Windows-TerminalServices-RemoteConnectionManager", "Computer": "DESKTOP-OFJ6N53", "TimeCreated": "2022-11-30 10:10:25.236044+00:00", "RecordID": "15", "Level": "4", "UserID": "S-1-5-20"}
{"EventID": "20521", "Channel": "Microsoft-Windows-TerminalServices-RemoteConnectionManager/Admin", "Provider_Name": "Microsoft-Windows-TerminalServices-RemoteConnectionManager", "Computer": "DESKTOP-OFJ6N53", "TimeCreated": "2022-12-06 11:57:24.084421+00:00", "RecordID": "16", "Level": "4", "UserID": "S-1-5-20"}
{"EventID": "20521", "Channel": "Microsoft-Windows-TerminalServices-RemoteConnectionManager/Admin", "Provider_Name": "Microsoft-Windows-TerminalServices-RemoteConnectionManager", "Computer": "DESKTOP-OFJ6N53", "TimeCreated": "2022-12-09 11:52:01.791014+00:00", "RecordID": "17", "Level": "4", "UserID": "S-1-5-20"}
{"EventID": "20521", "Channel": "Microsoft-Windows-TerminalServices-RemoteConnectionManager/Admin", "Provider_Name": "Microsoft-Windows-TerminalServices-RemoteConnectionManager", "Computer": "DESKTOP-OFJ6N53", "TimeCreated": "2022-12-12 15:21:50.709894+00:00", "RecordID": "18", "Level": "4", "UserID": "S-1-5-20"}
{"EventID": "20521", "Channel": "Microsoft-Windows-TerminalServices-RemoteConnectionManager/Admin", "Provider_Name": "Microsoft-Windows-TerminalServices-RemoteConnectionManager", "Computer": "DESKTOP-OFJ6N53", "TimeCreated": "2022-12-14 12:51:14.755966+00:00", "RecordID": "19", "Level": "4", "UserID": "S-1-5-20"}
{"EventID": "20521", "Channel": "Microsoft-Windows-TerminalServices-RemoteConnectionManager/Admin", "Provider_Name": "Microsoft-Windows-TerminalServices-RemoteConnectionManager", "Computer": "DESKTOP-OFJ6N53", "TimeCreated": "2022-12-15 08:37:06.306984+00:00", "RecordID": "20", "Level": "4", "UserID": "S-1-5-20"}
{"EventID": "20521", "Channel": "Microsoft-Windows-TerminalServices-RemoteConnectionManager/Admin", "Provider_Name": "Microsoft-Windows-TerminalServices-RemoteConnectionManager", "Computer": "DESKTOP-OFJ6N53", "TimeCreated": "2022-12-21 10:00:28.874018+00:00", "RecordID": "21", "Level": "4", "UserID": "S-1-5-20"}
{"EventID": "20521", "Channel": "Microsoft-Windows-TerminalServices-RemoteConnectionManager/Admin", "Provider_Name": "Microsoft-Windows-TerminalServices-RemoteConnectionManager", "Computer": "DESKTOP-OFJ6N53", "TimeCreated": "2022-12-27 11:08:27.272732+00:00", "RecordID": "22", "Level": "4", "UserID": "S-1-5-20"}
{"EventID": "20521", "Channel": "Microsoft-Windows-TerminalServices-RemoteConnectionManager/Admin", "Provider_Name": "Microsoft-Windows-TerminalServices-RemoteConnectionManager", "Computer": "DESKTOP-OFJ6N53", "TimeCreated": "2022-12-30 09:21:37.591410+00:00", "RecordID": "23", "Level": "4", "UserID": "S-1-5-20"}
{"EventID": "20521", "Channel": "Microsoft-Windows-TerminalServices-RemoteConnectionManager/Admin", "Provider_Name": "Microsoft-Windows-TerminalServices-RemoteConnectionManager", "Computer": "DESKTOP-OFJ6N53", "TimeCreated": "2023-01-10 07:59:26.966694+00:00", "RecordID": "24", "Level": "4", "UserID": "S-1-5-20"}
{"EventID": "20521", "Channel": "Microsoft-Windows-TerminalServices-RemoteConnectionManager/Admin", "Provider_Name": "Microsoft-Windows-TerminalServices-RemoteConnectionManager", "Computer": "DESKTOP-OFJ6N53", "TimeCreated": "2023-01-13 13:22:36.284805+00:00", "RecordID": "25", "Level": "4", "UserID": "S-1-5-20"}
{"EventID": "20521", "Channel": "Microsoft-Windows-TerminalServices-RemoteConnectionManager/Admin", "Provider_Name": "Microsoft-Windows-TerminalServices-RemoteConnectionManager", "Computer": "DESKTOP-OFJ6N53", "TimeCreated": "2023-01-13 13:32:04.129082+00:00", "RecordID": "26", "Level": "4", "UserID": "S-1-5-20"}
{"EventID": "20521", "Channel": "Microsoft-Windows-TerminalServices-RemoteConnectionManager/Admin", "Provider_Name": "Microsoft-Windows-TerminalServices-RemoteConnectionManager", "Computer": "DESKTOP-OFJ6N53", "TimeCreated": "2023-01-16 08:14:50.249638+00:00", "RecordID": "27", "Level": "4", "UserID": "S-1-5-20"}
{"EventID": "20521", "Channel": "Microsoft-Windows-TerminalServices-RemoteConnectionManager/Admin", "Provider_Name": "Microsoft-Windows-TerminalServices-RemoteConnectionManager", "Computer": "DESKTOP-OFJ6N53", "TimeCreated": "2023-01-17 12:30:41.351551+00:00", "RecordID": "28", "Level": "4", "UserID": "S-1-5-20"}
{"EventID": "20521", "Channel": "Microsoft-Windows-TerminalServices-RemoteConnectionManager/Admin", "Provider_Name": "Microsoft-Windows-TerminalServices-RemoteConnectionManager", "Computer": "DESKTOP-OFJ6N53", "TimeCreated": "2023-01-17 13:03:25.307117+00:00", "RecordID": "29", "Level": "4", "UserID": "S-1-5-20"}
{"EventID": "20521", "Channel": "Microsoft-Windows-TerminalServices-RemoteConnectionManager/Admin", "Provider_Name": "Microsoft-Windows-TerminalServices-RemoteConnectionManager", "Computer": "DESKTOP-OFJ6N53", "TimeCreated": "2023-01-19 08:45:43.946184+00:00", "RecordID": "30", "Level": "4", "UserID": "S-1-5-20"}
{"EventID": "20521", "Channel": "Microsoft-Windows-TerminalServices-RemoteConnectionManager/Admin", "Provider_Name": "Microsoft-Windows-TerminalServices-RemoteConnectionManager", "Computer": "DESKTOP-OFJ6N53", "TimeCreated": "2023-01-19 11:55:18.409830+00:00", "RecordID": "31", "Level": "4", "UserID": "S-1-5-20"}
{"EventID": "20521", "Channel": "Microsoft-Windows-TerminalServices-RemoteConnectionManager/Admin", "Provider_Name": "Microsoft-Windows-TerminalServices-RemoteConnectionManager", "Computer": "DESKTOP-OFJ6N53", "TimeCreated": "2023-01-23 10:02:58.841406+00:00", "RecordID": "32", "Level": "4", "UserID": "S-1-5-20"}
{"EventID": "20521", "Channel": "Microsoft-Windows-TerminalServices-RemoteConnectionManager/Admin", "Provider_Name": "Microsoft-Windows-TerminalServices-RemoteConnectionManager", "Computer": "DESKTOP-OFJ6N53", "TimeCreated": "2023-01-23 12:34:44.561132+00:00", "RecordID": "33", "Level": "4", "UserID": "S-1-5-20"}
{"EventID": "20521", "Channel": "Microsoft-Windows-TerminalServices-RemoteConnectionManager/Admin", "Provider_Name": "Microsoft-Windows-TerminalServices-RemoteConnectionManager", "Computer": "DESKTOP-OFJ6N53", "TimeCreated": "2023-01-23 13:02:35.056684+00:00", "RecordID": "34", "Level": "4", "UserID": "S-1-5-20"}
{"EventID": "20521", "Channel": "Microsoft-Windows-TerminalServices-RemoteConnectionManager/Admin", "Provider_Name": "Microsoft-Windows-TerminalServices-RemoteConnectionManager", "Computer": "DESKTOP-OFJ6N53", "TimeCreated": "2023-01-25 08:57:41.612982+00:00", "RecordID": "35", "Level": "4", "UserID": "S-1-5-20"}
{"EventID": "20521", "Channel": "Microsoft-Windows-TerminalServices-RemoteConnectionManager/Admin", "Provider_Name": "Microsoft-Windows-TerminalServices-RemoteConnectionManager", "Computer": "DESKTOP-OFJ6N53", "TimeCreated": "2023-01-28 09:55:27.173258+00:00", "RecordID": "36", "Level": "4", "UserID": "S-1-5-20"}
{"EventID": "20521", "Channel": "Microsoft-Windows-TerminalServices-RemoteConnectionManager/Admin", "Provider_Name": "Microsoft-Windows-TerminalServices-RemoteConnectionManager", "Computer": "DESKTOP-OFJ6N53", "TimeCreated": "2023-01-30 08:07:07.121712+00:00", "RecordID": "37", "Level": "4", "UserID": "S-1-5-20"}
{"EventID": "20521", "Channel": "Microsoft-Windows-TerminalServices-RemoteConnectionManager/Admin", "Provider_Name": "Microsoft-Windows-TerminalServices-RemoteConnectionManager", "Computer": "DESKTOP-OFJ6N53", "TimeCreated": "2023-02-09 10:53:00.730558+00:00", "RecordID": "38", "Level": "4", "UserID": "S-1-5-20"}
{"EventID": "20521", "Channel": "Microsoft-Windows-TerminalServices-RemoteConnectionManager/Admin", "Provider_Name": "Microsoft-Windows-TerminalServices-RemoteConnectionManager", "Computer": "DESKTOP-OFJ6N53", "TimeCreated": "2023-02-14 14:08:24.791069+00:00", "RecordID": "39", "Level": "4", "UserID": "S-1-5-20"}
{"EventID": "20521", "Channel": "Microsoft-Windows-TerminalServices-RemoteConnectionManager/Admin", "Provider_Name": "Microsoft-Windows-TerminalServices-RemoteConnectionManager", "Computer": "DESKTOP-OFJ6N53", "TimeCreated": "2023-02-15 12:52:28.524811+00:00", "RecordID": "40", "Level": "4", "UserID": "S-1-5-20"}
{"EventID": "20521", "Channel": "Microsoft-Windows-TerminalServices-RemoteConnectionManager/Admin", "Provider_Name": "Microsoft-Windows-TerminalServices-RemoteConnectionManager", "Computer": "DESKTOP-OFJ6N53", "TimeCreated": "2023-02-27 12:53:14.508207+00:00", "RecordID": "41", "Level": "4", "UserID": "S-1-5-20"}
{"EventID": "20521", "Channel": "Microsoft-Windows-TerminalServices-RemoteConnectionManager/Admin", "Provider_Name": "Microsoft-Windows-TerminalServices-RemoteConnectionManager", "Computer": "DESKTOP-OFJ6N53", "TimeCreated": "2023-02-27 19:07:05.874800+00:00", "RecordID": "42", "Level": "4", "UserID": "S-1-5-20"}
{"EventID": "20521", "Channel": "Microsoft-Windows-TerminalServices-RemoteConnectionManager/Admin", "Provider_Name": "Microsoft-Windows-TerminalServices-RemoteConnectionManager", "Computer": "DESKTOP-OFJ6N53", "TimeCreated": "2023-03-06 09:09:07.883980+00:00", "RecordID": "43", "Level": "4", "UserID": "S-1-5-20"}
{"EventID": "20521", "Channel": "Microsoft-Windows-TerminalServices-RemoteConnectionManager/Admin", "Provider_Name": "Microsoft-Windows-TerminalServices-RemoteConnectionManager", "Computer": "DESKTOP-OFJ6N53", "TimeCreated": "2023-03-13 11:27:35.203478+00:00", "RecordID": "44", "Level": "4", "UserID": "S-1-5-20"}
{"EventID": "20521", "Channel": "Microsoft-Windows-TerminalServices-RemoteConnectionManager/Admin", "Provider_Name": "Microsoft-Windows-TerminalServices-RemoteConnectionManager", "Computer": "DESKTOP-OFJ6N53", "TimeCreated": "2023-03-14 23:58:55.414143+00:00", "RecordID": "45", "Level": "4", "UserID": "S-1-5-20"}
{"EventID": "20521", "Channel": "Microsoft-Windows-TerminalServices-RemoteConnectionManager/Admin", "Provider_Name": "Microsoft-Windows-TerminalServices-RemoteConnectionManager", "Computer": "DESKTOP-OFJ6N53", "TimeCreated": "2023-03-16 14:59:14.547850+00:00", "RecordID": "46", "Level": "4", "UserID": "S-1-5-20"}
{"EventID": "20521", "Channel": "Microsoft-Windows-TerminalServices-RemoteConnectionManager/Admin", "Provider_Name": "Microsoft-Windows-TerminalServices-RemoteConnectionManager", "Computer": "DESKTOP-OFJ6N53", "TimeCreated": "2023-03-19 01:10:32.138973+00:00", "RecordID": "47", "Level": "4", "UserID": "S-1-5-20"}
{"EventID": "20521", "Channel": "Microsoft-Windows-TerminalServices-RemoteConnectionManager/Admin", "Provider_Name": "Microsoft-Windows-TerminalServices-RemoteConnectionManager", "Computer": "DESKTOP-OFJ6N53", "TimeCreated": "2023-03-20 08:32:46.084064+00:00", "RecordID": "48", "Level": "4", "UserID": "S-1-5-20"}
{"EventID": "20521", "Channel": "Microsoft-Windows-TerminalServices-RemoteConnectionManager/Admin", "Provider_Name": "Microsoft-Windows-TerminalServices-RemoteConnectionManager", "Computer": "DESKTOP-OFJ6N53", "TimeCreated": "2023-03-20 08:51:20.507193+00:00", "RecordID": "49", "Level": "4", "UserID": "S-1-5-20"}
{"EventID": "20521", "Channel": "Microsoft-Windows-TerminalServices-RemoteConnectionManager/Admin", "Provider_Name": "Microsoft-Windows-TerminalServices-RemoteConnectionManager", "Computer": "DESKTOP-OFJ6N53", "TimeCreated": "2023-03-20 09:10:35.351465+00:00", "RecordID": "50", "Level": "4", "UserID": "S-1-5-20"}
{"EventID": "20521", "Channel": "Microsoft-Windows-TerminalServices-RemoteConnectionManager/Admin", "Provider_Name": "Microsoft-Windows-TerminalServices-RemoteConnectionManager", "Computer": "DESKTOP-OFJ6N53", "TimeCreated": "2023-03-23 10:11:55.921494+00:00", "RecordID": "51", "Level": "4", "UserID": "S-1-5-20"}
{"EventID": "20498", "Channel": "Microsoft-Windows-TerminalServices-RemoteConnectionManager/Admin", "Provider_Name": "Microsoft-Windows-TerminalServices-RemoteConnectionManager", "Computer": "DESKTOP-OFJ6N53", "TimeCreated": "2023-03-24 16:57:21.773035+00:00", "RecordID": "52", "Level": "3", "UserID": "S-1-5-20"}
{"EventID": "20521", "Channel": "Microsoft-Windows-TerminalServices-RemoteConnectionManager/Admin", "Provider_Name": "Microsoft-Windows-TerminalServices-RemoteConnectionManager", "Computer": "DESKTOP-OFJ6N53", "TimeCreated": "2023-03-29 11:28:07.498581+00:00", "RecordID": "53", "Level": "4", "UserID": "S-1-5-20"}
{"EventID": "20521", "Channel": "Microsoft-Windows-TerminalServices-RemoteConnectionManager/Admin", "Provider_Name": "Microsoft-Windows-TerminalServices-RemoteConnectionManager", "Computer": "DESKTOP-OFJ6N53", "TimeCreated": "2023-04-03 13:38:40.925291+00:00", "RecordID": "54", "Level": "4", "UserID": "S-1-5-20"}
{"EventID": "20521", "Channel": "Microsoft-Windows-TerminalServices-RemoteConnectionManager/Admin", "Provider_Name": "Microsoft-Windows-TerminalServices-RemoteConnectionManager", "Computer": "DESKTOP-OFJ6N53", "TimeCreated": "2023-04-03 15:15:49.453564+00:00", "RecordID": "55", "Level": "4", "UserID": "S-1-5-20"}
{"EventID": "20521", "Channel": "Microsoft-Windows-TerminalServices-RemoteConnectionManager/Admin", "Provider_Name": "Microsoft-Windows-TerminalServices-RemoteConnectionManager", "Computer": "DESKTOP-OFJ6N53", "TimeCreated": "2023-04-04 06:32:21.528133+00:00", "RecordID": "56", "Level": "4", "UserID": "S-1-5-20"}
{"EventID": "20521", "Channel": "Microsoft-Windows-TerminalServices-RemoteConnectionManager/Admin", "Provider_Name": "Microsoft-Windows-TerminalServices-RemoteConnectionManager", "Computer": "DESKTOP-OFJ6N53", "TimeCreated": "2023-04-05 07:29:15.650003+00:00", "RecordID": "57", "Level": "4", "UserID": "S-1-5-20"}
{"EventID": "20521", "Channel": "Microsoft-Windows-TerminalServices-RemoteConnectionManager/Admin", "Provider_Name": "Microsoft-Windows-TerminalServices-RemoteConnectionManager", "Computer": "DESKTOP-OFJ6N53", "TimeCreated": "2023-04-05 15:19:53.320339+00:00", "RecordID": "58", "Level": "4", "UserID": "S-1-5-20"}
{"EventID": "20521", "Channel": "Microsoft-Windows-TerminalServices-RemoteConnectionManager/Admin", "Provider_Name": "Microsoft-Windows-TerminalServices-RemoteConnectionManager", "Computer": "DESKTOP-OFJ6N53", "TimeCreated": "2023-04-05 15:20:42.657555+00:00", "RecordID": "59", "Level": "4", "UserID": "S-1-5-20"}
{"EventID": "20521", "Channel": "Microsoft-Windows-TerminalServices-RemoteConnectionManager/Admin", "Provider_Name": "Microsoft-Windows-TerminalServices-RemoteConnectionManager", "Computer": "DESKTOP-OFJ6N53", "TimeCreated": "2023-04-05 15:31:54.475824+00:00", "RecordID": "60", "Level": "4", "UserID": "S-1-5-20"}
{"EventID": "20498", "Channel": "Microsoft-Windows-TerminalServices-RemoteConnectionManager/Admin", "Provider_Name": "Microsoft-Windows-TerminalServices-RemoteConnectionManager", "Computer": "DESKTOP-OFJ6N53", "TimeCreated": "2023-04-11 14:21:41.846991+00:00", "RecordID": "61", "Level": "3", "UserID": "S-1-5-20"}
{"EventID": "20521", "Channel": "Microsoft-Windows-TerminalServices-RemoteConnectionManager/Admin", "Provider_Name": "Microsoft-Windows-TerminalServices-RemoteConnectionManager", "Computer": "DESKTOP-OFJ6N53", "TimeCreated": "2023-04-11 20:00:05.402287+00:00", "RecordID": "62", "Level": "4", "UserID": "S-1-5-20"}
{"EventID": "20521", "Channel": "Microsoft-Windows-TerminalServices-RemoteConnectionManager/Admin", "Provider_Name": "Microsoft-Windows-TerminalServices-RemoteConnectionManager", "Computer": "DESKTOP-OFJ6N53", "TimeCreated": "2023-04-11 20:09:44.831741+00:00", "RecordID": "63", "Level": "4", "UserID": "S-1-5-20"}
{"EventID": "20521", "Channel": "Microsoft-Windows-TerminalServices-RemoteConnectionManager/Admin", "Provider_Name": "Microsoft-Windows-TerminalServices-RemoteConnectionManager", "Computer": "DESKTOP-OFJ6N53", "TimeCreated": "2023-04-13 10:51:25.961779+00:00", "RecordID": "64", "Level": "4", "UserID": "S-1-5-20"}
{"EventID": "20521", "Channel": "Microsoft-Windows-TerminalServices-RemoteConnectionManager/Admin", "Provider_Name": "Microsoft-Windows-TerminalServices-RemoteConnectionManager", "Computer": "DESKTOP-OFJ6N53", "TimeCreated": "2023-04-22 12:25:26.834343+00:00", "RecordID": "65", "Level": "4", "UserID": "S-1-5-20"}
{"EventID": "20521", "Channel": "Microsoft-Windows-TerminalServices-RemoteConnectionManager/Admin", "Provider_Name": "Microsoft-Windows-TerminalServices-RemoteConnectionManager", "Computer": "DESKTOP-OFJ6N53", "TimeCreated": "2023-05-16 14:59:10.045391+00:00", "RecordID": "66", "Level": "4", "UserID": "S-1-5-20"}
{"EventID": "20521", "Channel": "Microsoft-Windows-TerminalServices-RemoteConnectionManager/Admin", "Provider_Name": "Microsoft-Windows-TerminalServices-RemoteConnectionManager", "Computer": "DESKTOP-OFJ6N53", "TimeCreated": "2023-06-09 08:42:59.746452+00:00", "RecordID": "67", "Level": "4", "UserID": "S-1-5-20"}
{"EventID": "20521", "Channel": "Microsoft-Windows-TerminalServices-RemoteConnectionManager/Admin", "Provider_Name": "Microsoft-Windows-TerminalServices-RemoteConnectionManager", "Computer": "DESKTOP-OFJ6N53", "TimeCreated": "2023-06-11 21:01:29.617283+00:00", "RecordID": "68", "Level": "4", "UserID": "S-1-5-20"}
{"EventID": "20521", "Channel": "Microsoft-Windows-TerminalServices-RemoteConnectionManager/Admin", "Provider_Name": "Microsoft-Windows-TerminalServices-RemoteConnectionManager", "Computer": "DESKTOP-OFJ6N53", "TimeCreated": "2023-06-14 13:32:01.471245+00:00", "RecordID": "69", "Level": "4", "UserID": "S-1-5-20"}
{"EventID": "20521", "Channel": "Microsoft-Windows-TerminalServices-RemoteConnectionManager/Admin", "Provider_Name": "Microsoft-Windows-TerminalServices-RemoteConnectionManager", "Computer": "DESKTOP-OFJ6N53", "TimeCreated": "2023-06-27 09:48:34.195063+00:00", "RecordID": "70", "Level": "4", "UserID": "S-1-5-20"}
{"EventID": "20521", "Channel": "Microsoft-Windows-TerminalServices-RemoteConnectionManager/Admin", "Provider_Name": "Microsoft-Windows-TerminalServices-RemoteConnectionManager", "Computer": "DESKTOP-OFJ6N53", "TimeCreated": "2023-07-03 07:38:47.313152+00:00", "RecordID": "71", "Level": "4", "UserID": "S-1-5-20"}
{"EventID": "20502", "Channel": "Microsoft-Windows-TerminalServices-RemoteConnectionManager/Admin", "Provider_Name": "Microsoft-Windows-TerminalServices-RemoteConnectionManager", "Computer": "DESKTOP-OFJ6N53", "TimeCreated": "2023-07-10 13:39:41.560165+00:00", "RecordID": "72", "Level": "3", "UserID": "S-1-5-20"}
{"EventID": "20521", "Channel": "Microsoft-Windows-TerminalServices-RemoteConnectionManager/Admin", "Provider_Name": "Microsoft-Windows-TerminalServices-RemoteConnectionManager", "Computer": "DESKTOP-OFJ6N53", "TimeCreated": "2023-07-31 13:01:58.034044+00:00", "RecordID": "73", "Level": "4", "UserID": "S-1-5-20"}
{"EventID": "20521", "Channel": "Microsoft-Windows-TerminalServices-RemoteConnectionManager/Admin", "Provider_Name": "Microsoft-Windows-TerminalServices-RemoteConnectionManager", "Computer": "DESKTOP-OFJ6N53", "TimeCreated": "2024-05-15 13:47:31.608164+00:00", "RecordID": "74", "Level": "4", "UserID": "S-1-5-20"}
{"EventID": "20521", "Channel": "Microsoft-Windows-TerminalServices-RemoteConnectionManager/Admin", "Provider_Name": "Microsoft-Windows-TerminalServices-RemoteConnectionManager", "Computer": "DESKTOP-OFJ6N53", "TimeCreated": "2024-05-15 14:20:26.655096+00:00", "RecordID": "75", "Level": "4", "UserID": "S-1-5-20"}
{"EventID": "20521", "Channel": "Microsoft-Windows-TerminalServices-RemoteConnectionManager/Admin", "Provider_Name": "Microsoft-Windows-TerminalServices-RemoteConnectionManager", "Computer": "DESKTOP-OFJ6N53", "TimeCreated": "2024-05-31 10:49:58.663111+00:00", "RecordID": "76", "Level": "4", "UserID": "S-1-5-20"}
{"EventID": "20521", "Channel": "Microsoft-Windows-TerminalServices-RemoteConnectionManager/Admin", "Provider_Name": "Microsoft-Windows-TerminalServices-RemoteConnectionManager", "Computer": "DESKTOP-OFJ6N53", "TimeCreated": "2024-05-31 11:21:36.670853+00:00", "RecordID": "77", "Level": "4", "UserID": "S-1-5-20"}
{"EventID": "20521", "Channel": "Microsoft-Windows-TerminalServices-RemoteConnectionManager/Admin", "Provider_Name": "Microsoft-Windows-TerminalServices-RemoteConnectionManager", "Computer": "DESKTOP-OFJ6N53", "TimeCreated": "2024-06-06 12:19:07.779009+00:00", "RecordID": "78", "Level": "4", "UserID": "S-1-5-20"}
{"EventID": "20521", "Channel": "Microsoft-Windows-TerminalServices-RemoteConnectionManager/Admin", "Provider_Name": "Microsoft-Windows-TerminalServices-RemoteConnectionManager", "Computer": "DESKTOP-OFJ6N53", "TimeCreated": "2024-06-13 10:02:51.561861+00:00", "RecordID": "79", "Level": "4", "UserID": "S-1-5-20"}
{"EventID": "20521", "Channel": "Microsoft-Windows-TerminalServices-RemoteConnectionManager/Admin", "Provider_Name": "Microsoft-Windows-TerminalServices-RemoteConnectionManager", "Computer": "DESKTOP-OFJ6N53", "TimeCreated": "2024-06-13 10:21:32.114298+00:00", "RecordID": "80", "Level": "4", "UserID": "S-1-5-20"}
{"EventID": "20521", "Channel": "Microsoft-Windows-TerminalServices-RemoteConnectionManager/Admin", "Provider_Name": "Microsoft-Windows-TerminalServices-RemoteConnectionManager", "Computer": "DESKTOP-OFJ6N53", "TimeCreated": "2024-07-04 10:12:43.511183+00:00", "RecordID": "81", "Level": "4", "UserID": "S-1-5-20"}
{"EventID": "20521", "Channel": "Microsoft-Windows-TerminalServices-RemoteConnectionManager/Admin", "Provider_Name": "Microsoft-Windows-TerminalServices-RemoteConnectionManager", "Computer": "DESKTOP-OFJ6N53", "TimeCreated": "2024-07-11 10:32:09.304695+00:00", "RecordID": "82", "Level": "4", "UserID": "S-1-5-20"}
{"EventID": "20521", "Channel": "Microsoft-Windows-TerminalServices-RemoteConnectionManager/Admin", "Provider_Name": "Microsoft-Windows-TerminalServices-RemoteConnectionManager", "Computer": "DESKTOP-OFJ6N53", "TimeCreated": "2024-07-22 07:27:23.105068+00:00", "RecordID": "83", "Level": "4", "UserID": "S-1-5-20"}
{"EventID": "20521", "Channel": "Microsoft-Windows-TerminalServices-RemoteConnectionManager/Admin", "Provider_Name": "Microsoft-Windows-TerminalServices-RemoteConnectionManager", "Computer": "DESKTOP-OFJ6N53", "TimeCreated": "2024-10-04 11:18:34.176760+00:00", "RecordID": "84", "Level": "4", "UserID": "S-1-5-20"}
{"EventID": "20521", "Channel": "Microsoft-Windows-TerminalServices-RemoteConnectionManager/Admin", "Provider_Name": "Microsoft-Windows-TerminalServices-RemoteConnectionManager", "Computer": "DESKTOP-OFJ6N53", "TimeCreated": "2024-10-04 22:03:40.619411+00:00", "RecordID": "85", "Level": "4", "UserID": "S-1-5-20"}
{"EventID": "20521", "Channel": "Microsoft-Windows-TerminalServices-RemoteConnectionManager/Admin", "Provider_Name": "Microsoft-Windows-TerminalServices-RemoteConnectionManager", "Computer": "DESKTOP-OFJ6N53", "TimeCreated": "2024-10-16 22:41:57.512766+00:00", "RecordID": "86", "Level": "4", "UserID": "S-1-5-20"}
{"EventID": "1158", "Channel": "Microsoft-Windows-TerminalServices-RemoteConnectionManager/Admin", "Provider_Name": "Microsoft-Windows-TerminalServices-RemoteConnectionManager", "Computer": "DESKTOP-OFJ6N53", "TimeCreated": "2025-02-03 14:03:42.525646+00:00", "RecordID": "87", "Level": "4", "UserID": "S-1-5-20"}
{"EventID": "20521", "Channel": "Microsoft-Windows-TerminalServices-RemoteConnectionManager/Admin", "Provider_Name": "Microsoft-Windows-TerminalServices-RemoteConnectionManager", "Computer": "DESKTOP-OFJ6N53", "TimeCreated": "2025-04-02 09:53:53.701855+00:00", "RecordID": "88", "Level": "4", "UserID": "S-1-5-20"}
{"EventID": "20521", "Channel": "Microsoft-Windows-TerminalServices-RemoteConnectionManager/Admin", "Provider_Name": "Microsoft-Windows-TerminalServices-RemoteConnectionManager", "Computer": "DESKTOP-OFJ6N53", "TimeCreated": "2025-04-02 10:02:29.962132+00:00", "RecordID": "89", "Level": "4", "UserID": "S-1-5-20"}
{"EventID": "20521", "Channel": "Microsoft-Windows-TerminalServices-RemoteConnectionManager/Admin", "Provider_Name": "Microsoft-Windows-TerminalServices-RemoteConnectionManager", "Computer": "DESKTOP-OFJ6N53", "TimeCreated": "2025-04-02 10:08:43.536909+00:00", "RecordID": "90", "Level": "4", "UserID": "S-1-5-20"}
{"EventID": "20521", "Channel": "Microsoft-Windows-TerminalServices-RemoteConnectionManager/Admin", "Provider_Name": "Microsoft-Windows-TerminalServices-RemoteConnectionManager", "Computer": "DESKTOP-OFJ6N53", "TimeCreated": "2025-04-02 10:12:46.784756+00:00", "RecordID": "91", "Level": "4", "UserID": "S-1-5-20"}
{"EventID": "20521", "Channel": "Microsoft-Windows-TerminalServices-RemoteConnectionManager/Admin", "Provider_Name": "Microsoft-Windows-TerminalServices-RemoteConnectionManager", "Computer": "DESKTOP-OFJ6N53", "TimeCreated": "2025-04-02 10:30:56.777264+00:00", "RecordID": "92", "Level": "4", "UserID": "S-1-5-20"}
{"EventID": "20521", "Channel": "Microsoft-Windows-TerminalServices-RemoteConnectionManager/Admin", "Provider_Name": "Microsoft-Windows-TerminalServices-RemoteConnectionManager", "Computer": "DESKTOP-OFJ6N53", "TimeCreated": "2025-04-02 10:37:51.954609+00:00", "RecordID": "93", "Level": "4", "UserID": "S-1-5-20"}
{"EventID": "20521", "Channel": "Microsoft-Windows-TerminalServices-RemoteConnectionManager/Admin", "Provider_Name": "Microsoft-Windows-TerminalServices-RemoteConnectionManager", "Computer": "DESKTOP-OFJ6N53", "TimeCreated": "2025-04-10 05:53:05.412086+00:00", "RecordID": "94", "Level": "4", "UserID": "S-1-5-20"}
{"EventID": "20521", "Channel": "Microsoft-Windows-TerminalServices-RemoteConnectionManager/Admin", "Provider_Name": "Microsoft-Windows-TerminalServices-RemoteConnectionManager", "Computer": "DESKTOP-OFJ6N53", "TimeCreated": "2025-04-24 11:02:02.524214+00:00", "RecordID": "95", "Level": "4", "UserID": "S-1-5-20"}
{"EventID": "1158", "Channel": "Microsoft-Windows-TerminalServices-RemoteConnectionManager/Admin", "Provider_Name": "Microsoft-Windows-TerminalServices-RemoteConnectionManager", "Computer": "DESKTOP-OFJ6N53", "TimeCreated": "2025-05-07 15:43:58.920452+00:00", "RecordID": "96", "Level": "4", "UserID": "S-1-5-20"}
{"EventID": "1158", "Channel": "Microsoft-Windows-TerminalServices-RemoteConnectionManager/Admin", "Provider_Name": "Microsoft-Windows-TerminalServices-RemoteConnectionManager", "Computer": "DESKTOP-OFJ6N53", "TimeCreated": "2025-05-12 09:36:55.832792+00:00", "RecordID": "97", "Level": "4", "UserID": "S-1-5-20"}
{"EventID": "20521", "Channel": "Microsoft-Windows-TerminalServices-RemoteConnectionManager/Admin", "Provider_Name": "Microsoft-Windows-TerminalServices-RemoteConnectionManager", "Computer": "DESKTOP-OFJ6N53", "TimeCreated": "2025-05-21 14:11:25.721815+00:00", "RecordID": "98", "Level": "4", "UserID": "S-1-5-20"}
{"EventID": "20521", "Channel": "Microsoft-Windows-TerminalServices-RemoteConnectionManager/Admin", "Provider_Name": "Microsoft-Windows-TerminalServices-RemoteConnectionManager", "Computer": "DESKTOP-OFJ6N53", "TimeCreated": "2025-06-18 13:21:35.831005+00:00", "RecordID": "99", "Level": "4", "UserID": "S-1-5-20"}
{"EventID": "1158", "Channel": "Microsoft-Windows-TerminalServices-RemoteConnectionManager/Admin", "Provider_Name": "Microsoft-Windows-TerminalServices-RemoteConnectionManager", "Computer": "DESKTOP-OFJ6N53", "TimeCreated": "2025-07-01 08:08:50.821129+00:00", "RecordID": "100", "Level": "4", "UserID": "S-1-5-20"}
{"EventID": "20521", "Channel": "Microsoft-Windows-TerminalServices-RemoteConnectionManager/Admin", "Provider_Name": "Microsoft-Windows-TerminalServices-RemoteConnectionManager", "Computer": "DESKTOP-OFJ6N53", "TimeCreated": "2025-07-07 13:11:59.303242+00:00", "RecordID": "101", "Level": "4", "UserID": "S-1-5-20"}
{"EventID": "20521", "Channel": "Microsoft-Windows-TerminalServices-RemoteConnectionManager/Admin", "Provider_Name": "Microsoft-Windows-TerminalServices-RemoteConnectionManager", "Computer": "DESKTOP-OFJ6N53", "TimeCreated": "2025-07-14 09:52:10.937662+00:00", "RecordID": "102", "Level": "4", "UserID": "S-1-5-20"}
{"EventID": "20521", "Channel": "Microsoft-Windows-TerminalServices-RemoteConnectionManager/Admin", "Provider_Name": "Microsoft-Windows-TerminalServices-RemoteConnectionManager", "Computer": "DESKTOP-OFJ6N53", "TimeCreated": "2025-07-24 21:30:34.162424+00:00", "RecordID": "103", "Level": "4", "UserID": "S-1-5-20"}
{"EventID": "20521", "Channel": "Microsoft-Windows-TerminalServices-RemoteConnectionManager/Admin", "Provider_Name": "Microsoft-Windows-TerminalServices-RemoteConnectionManager", "Computer": "DESKTOP-OFJ6N53", "TimeCreated": "2025-08-23 20:33:55.563898+00:00", "RecordID": "104", "Level": "4", "UserID": "S-1-5-20"}
