{"EventID": "263", "Channel": "Microsoft-Windows-TerminalServices-RemoteConnectionManager/Operational", "Provider_Name": "Microsoft-Windows-TerminalServices-RemoteConnectionManager", "Computer": "DESKTOP-OFJ6N53", "TimeCreated": "2024-11-13 14:45:14.716209+00:00", "RecordID": "4688", "Level": "4", "UserID": "S-1-5-20"}
{"EventID": "263", "Channel": "Microsoft-Windows-TerminalServices-RemoteConnectionManager/Operational", "Provider_Name": "Microsoft-Windows-TerminalServices-RemoteConnectionManager", "Computer": "DESKTOP-OFJ6N53", "TimeCreated": "2024-11-13 14:45:14.724751+00:00", "RecordID": "4689", "Level": "4", "UserID": "S-1-5-20"}
{"EventID": "263", "Channel": "Microsoft-Windows-TerminalServices-RemoteConnectionManager/Operational", "Provider_Name": "Microsoft-Windows-TerminalServices-RemoteConnectionManager", "Computer": "DESKTOP-OFJ6N53", "TimeCreated": "2024-11-13 14:45:14.733795+00:00", "RecordID": "4690", "Level": "4", "UserID": "S-1-5-20"}
{"EventID": "263", "Channel": "Microsoft-Windows-TerminalServices-RemoteConnectionManager/Operational", "Provider_Name": "Microsoft-Windows-TerminalServices-RemoteConnectionManager", "Computer": "DESKTOP-OFJ6N53", "TimeCreated": "2024-11-13 14:45:14.742229+00:00", "RecordID": "4691", "Level": "4", "UserID": "S-1-5-20"}
{"EventID": "263", "Channel": "Microsoft-Windows-TerminalServices-RemoteConnectionManager/Operational", "Provider_Name": "Microsoft-Windows-TerminalServices-RemoteConnectionManager", "Computer": "DESKTOP-OFJ6N53", "TimeCreated": "2024-11-13 14:45:22.284374+00:00", "RecordID": "4692", "Level": "4", "UserID": "S-1-5-20"}
{"EventID": "261", "Channel": "Microsoft-Windows-TerminalServices-RemoteConnectionManager/Operational", "Provider_Name": "Microsoft-Windows-TerminalServices-RemoteConnectionManager", "Computer": "DESKTOP-OFJ6N53", "TimeCreated": "2024-11-20 13:45:21.620365+00:00", "RecordID": "4693", "Level": "4", "UserID": "S-1-5-20"}
{"EventID": "261", "Channel": "Microsoft-Windows-TerminalServices-RemoteConnectionManager/Operational", "Provider_Name": "Microsoft-Windows-TerminalServices-RemoteConnectionManager", "Computer": "DESKTOP-OFJ6N53", "TimeCreated": "2024-11-20 13:45:28.174009+00:00", "RecordID": "4694", "Level": "4", "UserID": "S-1-5-20"}
{"EventID": "1149", "Channel": "Microsoft-Windows-TerminalServices-RemoteConnectionManager/Operational", "Provider_Name": "Microsoft-Windows-TerminalServices-RemoteConnectionManager", "Computer": "DESKTOP-OFJ6N53", "TimeCreated": "2024-11-20 13:45:28.381666+00:00", "RecordID": "4695", "Level": "4", "UserID": "S-1-5-20"}
{"EventID": "261", "Channel": "Microsoft-Windows-TerminalServices-RemoteConnectionManager/Operational", "Provider_Name": "Microsoft-Windows-TerminalServices-RemoteConnectionManager", "Computer": "DESKTOP-OFJ6N53", "TimeCreated": "2024-11-20 14:02:24.804031+00:00", "RecordID": "4696", "Level": "4", "UserID": "S-1-5-20"}
{"EventID": "261", "Channel": "Microsoft-Windows-TerminalServices-RemoteConnectionManager/Operational", "Provider_Name": "Microsoft-Windows-TerminalServices-RemoteConnectionManager", "Computer": "DESKTOP-OFJ6N53", "TimeCreated": "2024-11-20 14:02:29.929543+00:00", "RecordID": "4697", "Level": "4", "UserID": "S-1-5-20"}
{"EventID": "1149", "Channel": "Microsoft-Windows-TerminalServices-RemoteConnectionManager/Operational", "Provider_Name": "Microsoft-Windows-TerminalServices-RemoteConnectionManager", "Computer": "DESKTOP-OFJ6N53", "TimeCreated": "2024-11-20 14:02:30.362169+00:00", "RecordID": "4698", "Level": "4", "UserID": "S-1-5-20"}
{"EventID": "261", "Channel": "Microsoft-Windows-TerminalServices-RemoteConnectionManager/Operational", "Provider_Name": "Microsoft-Windows-TerminalServices-RemoteConnectionManager", "Computer": "DESKTOP-OFJ6N53", "TimeCreated": "2024-11-20 14:53:22.058683+00:00", "RecordID": "4699", "Level": "4", "UserID": "S-1-5-20"}
{"EventID": "261", "Channel": "Microsoft-Windows-TerminalServices-RemoteConnectionManager/Operational", "Provider_Name": "Microsoft-Windows-TerminalServices-RemoteConnectionManager", "Computer": "DESKTOP-OFJ6N53", "TimeCreated": "2024-11-20 14:53:26.674448+00:00", "RecordID": "4700", "Level": "4", "UserID": "S-1-5-20"}
{"EventID": "1149", "Channel": "Microsoft-Windows-TerminalServices-RemoteConnectionManager/Operational", "Provider_Name": "Microsoft-Windows-TerminalServices-RemoteConnectionManager", "Computer": "DESKTOP-OFJ6N53", "TimeCreated": "2024-11-20 14:53:26.810486+00:00", "RecordID": "4701", "Level": "4", "UserID": "S-1-5-20"}
{"EventID": "261", "Channel": "Microsoft-Windows-TerminalServices-RemoteConnectionManager/Operational", "Provider_Name": "Microsoft-Windows-TerminalServices-RemoteConnectionManager", "Computer": "DESKTOP-OFJ6N53", "TimeCreated": "2024-11-21 07:12:36.551645+00:00", "RecordID": "4702", "Level": "4", "UserID": "S-1-5-20"}
{"EventID": "1149", "Channel": "Microsoft-Windows-TerminalServices-RemoteConnectionManager/Operational", "Provider_Name": "Microsoft-Windows-TerminalServices-RemoteConnectionManager", "Computer": "DESKTOP-OFJ6N53", "TimeCreated": "2024-11-21 07:12:37.489037+00:00", "RecordID": "4703", "Level": "4", "UserID": "S-1-5-20"}
{"EventID": "261", "Channel": "Microsoft-Windows-TerminalServices-RemoteConnectionManager/Operational", "Provider_Name": "Microsoft-Windows-TerminalServices-RemoteConnectionManager", "Computer": "DESKTOP-OFJ6N53", "TimeCreated": "2024-11-27 12:52:30.855642+00:00", "RecordID": "4704", "Level": "4", "UserID": "S-1-5-20"}
{"EventID": "261", "Channel": "Microsoft-Windows-TerminalServices-RemoteConnectionManager/Operational", "Provider_Name": "Microsoft-Windows-TerminalServices-RemoteConnectionManager", "Computer": "DESKTOP-OFJ6N53", "TimeCreated": "2024-11-27 12:52:36.488344+00:00", "RecordID": "4705", "Level": "4", "UserID": "S-1-5-20"}
{"EventID": "1149", "Channel": "Microsoft-Windows-TerminalServices-RemoteConnectionManager/Operational", "Provider_Name": "Microsoft-Windows-TerminalServices-RemoteConnectionManager", "Computer": "DESKTOP-OFJ6N53", "TimeCreated": "2024-11-27 12:52:37.015074+00:00", "RecordID": "4706", "Level": "4", "UserID": "S-1-5-20"}
{"EventID": "261", "Channel": "Microsoft-Windows-TerminalServices-RemoteConnectionManager/Operational", "Provider_Name": "Microsoft-Windows-TerminalServices-RemoteConnectionManager", "Computer": "DESKTOP-OFJ6N53", "TimeCreated": "2024-11-27 13:54:29.981766+00:00", "RecordID": "4707", "Level": "4", "UserID": "S-1-5-20"}
{"EventID": "261", "Channel": "Microsoft-Windows-TerminalServices-RemoteConnectionManager/Operational", "Provider_Name": "Microsoft-Windows-TerminalServices-RemoteConnectionManager", "Computer": "DESKTOP-OFJ6N53", "TimeCreated": "2024-11-27 13:54:36.642744+00:00", "RecordID": "4708", "Level": "4", "UserID": "S-1-5-20"}
{"EventID": "1149", "Channel": "Microsoft-Windows-TerminalServices-RemoteConnectionManager/Operational", "Provider_Name": "Microsoft-Windows-TerminalServices-RemoteConnectionManager", "Computer": "DESKTOP-OFJ6N53", "TimeCreated": "2024-11-27 13:54:36.823172+00:00", "RecordID": "4709", "Level": "4", "UserID": "S-1-5-20"}
{"EventID": "261", "Channel": "Microsoft-Windows-TerminalServices-RemoteConnectionManager/Operational", "Provider_Name": "Microsoft-Windows-TerminalServices-RemoteConnectionManager", "Computer": "DESKTOP-OFJ6N53", "TimeCreated": "2024-11-28 08:18:06.615538+00:00", "RecordID": "4710", "Level": "4", "UserID": "S-1-5-20"}
{"EventID": "1149", "Channel": "Microsoft-Windows-TerminalServices-RemoteConnectionManager/Operational", "Provider_Name": "Microsoft-Windows-TerminalServices-RemoteConnectionManager", "Computer": "DESKTOP-OFJ6N53", "TimeCreated": "2024-11-28 08:18:10.121904+00:00", "RecordID": "4711", "Level": "4", "UserID": "S-1-5-20"}
{"EventID": "261", "Channel": "Microsoft-Windows-TerminalServices-RemoteConnectionManager/Operational", "Provider_Name": "Microsoft-Windows-TerminalServices-RemoteConnectionManager", "Computer": "DESKTOP-OFJ6N53", "TimeCreated": "2024-11-28 10:02:14.896870+00:00", "RecordID": "4712", "Level": "4", "UserID": "S-1-5-20"}
{"EventID": "261", "Channel": "Microsoft-Windows-TerminalServices-RemoteConnectionManager/Operational", "Provider_Name": "Microsoft-Windows-TerminalServices-RemoteConnectionManager", "Computer": "DESKTOP-OFJ6N53", "TimeCreated": "2024-11-28 10:02:23.283005+00:00", "RecordID": "4713", "Level": "4", "UserID": "S-1-5-20"}
{"EventID": "1149", "Channel": "Microsoft-Windows-TerminalServices-RemoteConnectionManager/Operational", "Provider_Name": "Microsoft-Windows-TerminalServices-RemoteConnectionManager", "Computer": "DESKTOP-OFJ6N53", "TimeCreated": "2024-11-28 10:02:23.779814+00:00", "RecordID": "4714", "Level": "4", "UserID": "S-1-5-20"}
{"EventID": "261", "Channel": "Microsoft-Windows-TerminalServices-RemoteConnectionManager/Operational", "Provider_Name": "Microsoft-Windows-TerminalServices-RemoteConnectionManager", "Computer": "DESKTOP-OFJ6N53", "TimeCreated": "2024-11-28 10:02:27.782696+00:00", "RecordID": "4715", "Level": "4", "UserID": "S-1-5-20"}
{"EventID": "261", "Channel": "Microsoft-Windows-TerminalServices-RemoteConnectionManager/Operational", "Provider_Name": "Microsoft-Windows-TerminalServices-RemoteConnectionManager", "Computer": "DESKTOP-OFJ6N53", "TimeCreated": "2024-11-28 17:57:03.266178+00:00", "RecordID": "4716", "Level": "4", "UserID": "S-1-5-20"}
{"EventID": "1149", "Channel": "Microsoft-Windows-TerminalServices-RemoteConnectionManager/Operational", "Provider_Name": "Microsoft-Windows-TerminalServices-RemoteConnectionManager", "Computer": "DESKTOP-OFJ6N53", "TimeCreated": "2024-11-28 17:57:03.499569+00:00", "RecordID": "4717", "Level": "4", "UserID": "S-1-5-20"}
{"EventID": "261", "Channel": "Microsoft-Windows-TerminalServices-RemoteConnectionManager/Operational", "Provider_Name": "Microsoft-Windows-TerminalServices-RemoteConnectionManager", "Computer": "DESKTOP-OFJ6N53", "TimeCreated": "2024-11-29 00:42:36.537266+00:00", "RecordID": "4718", "Level": "4", "UserID": "S-1-5-20"}
{"EventID": "1149", "Channel": "Microsoft-Windows-TerminalServices-RemoteConnectionManager/Operational", "Provider_Name": "Microsoft-Windows-TerminalServices-RemoteConnectionManager", "Computer": "DESKTOP-OFJ6N53", "TimeCreated": "2024-11-29 00:42:36.826994+00:00", "RecordID": "4719", "Level": "4", "UserID": "S-1-5-20"}
{"EventID": "261", "Channel": "Microsoft-Windows-TerminalServices-RemoteConnectionManager/Operational", "Provider_Name": "Microsoft-Windows-TerminalServices-RemoteConnectionManager", "Computer": "DESKTOP-OFJ6N53", "TimeCreated": "2024-12-02 14:21:49.961962+00:00", "RecordID": "4720", "Level": "4", "UserID": "S-1-5-20"}
{"EventID": "261", "Channel": "Microsoft-Windows-TerminalServices-RemoteConnectionManager/Operational", "Provider_Name": "Microsoft-Windows-TerminalServices-RemoteConnectionManager", "Computer": "DESKTOP-OFJ6N53", "TimeCreated": "2024-12-02 14:21:56.441584+00:00", "RecordID": "4721", "Level": "4", "UserID": "S-1-5-20"}
{"EventID": "1149", "Channel": "Microsoft-Windows-TerminalServices-RemoteConnectionManager/Operational", "Provider_Name": "Microsoft-Windows-TerminalServices-RemoteConnectionManager", "Computer": "DESKTOP-OFJ6N53", "TimeCreated": "2024-12-02 14:21:56.881903+00:00", "RecordID": "4722", "Level": "4", "UserID": "S-1-5-20"}
{"EventID": "261", "Channel": "Microsoft-Windows-TerminalServices-RemoteConnectionManager/Operational", "Provider_Name": "Microsoft-Windows-TerminalServices-RemoteConnectionManager", "Computer": "DESKTOP-OFJ6N53", "TimeCreated": "2024-12-03 08:05:43.997187+00:00", "RecordID": "4723", "Level": "4", "UserID": "S-1-5-20"}
{"EventID": "261", "Channel": "Microsoft-Windows-TerminalServices-RemoteConnectionManager/Operational", "Provider_Name": "Microsoft-Windows-TerminalServices-RemoteConnectionManager", "Computer": "DESKTOP-OFJ6N53", "TimeCreated": "2024-12-03 08:05:50.156052+00:00", "RecordID": "4724", "Level": "4", "UserID": "S-1-5-20"}
{"EventID": "1149", "Channel": "Microsoft-Windows-TerminalServices-RemoteConnectionManager/Operational", "Provider_Name": "Microsoft-Windows-TerminalServices-RemoteConnectionManager", "Computer": "DESKTOP-OFJ6N53", "TimeCreated": "2024-12-03 08:05:50.270618+00:00", "RecordID": "4725", "Level": "4", "UserID": "S-1-5-20"}
{"EventID": "263", "Channel": "Microsoft-Windows-TerminalServices-RemoteConnectionManager/Operational", "Provider_Name": "Microsoft-Windows-TerminalServices-RemoteConnectionManager", "Computer": "DESKTOP-OFJ6N53", "TimeCreated": "2024-12-03 10:23:58.432890+00:00", "RecordID": "4726", "Level": "4", "UserID": "S-1-5-20"}
{"EventID": "20523", "Channel": "Microsoft-Windows-TerminalServices-RemoteConnectionManager/Operational", "Provider_Name": "Microsoft-Windows-TerminalServices-RemoteConnectionManager", "Computer": "DESKTOP-OFJ6N53", "TimeCreated": "2024-12-03 10:23:58.549990+00:00", "RecordID": "4727", "Level": "4", "UserID": "S-1-5-20"}
{"EventID": "258", "Channel": "Microsoft-Windows-TerminalServices-RemoteConnectionManager/Operational", "Provider_Name": "Microsoft-Windows-TerminalServices-RemoteConnectionManager", "Computer": "DESKTOP-OFJ6N53", "TimeCreated": "2024-12-03 10:23:58.831015+00:00", "RecordID": "4728", "Level": "4", "UserID": "S-1-5-20"}
{"EventID": "263", "Channel": "Microsoft-Windows-TerminalServices-RemoteConnectionManager/Operational", "Provider_Name": "Microsoft-Windows-TerminalServices-RemoteConnectionManager", "Computer": "DESKTOP-OFJ6N53", "TimeCreated": "2024-12-03 10:23:59.072252+00:00", "RecordID": "4729", "Level": "4", "UserID": "S-1-5-20"}
{"EventID": "263", "Channel": "Microsoft-Windows-TerminalServices-RemoteConnectionManager/Operational", "Provider_Name": "Microsoft-Windows-TerminalServices-RemoteConnectionManager", "Computer": "DESKTOP-OFJ6N53", "TimeCreated": "2024-12-03 10:23:59.079809+00:00", "RecordID": "4730", "Level": "4", "UserID": "S-1-5-20"}
{"EventID": "263", "Channel": "Microsoft-Windows-TerminalServices-RemoteConnectionManager/Operational", "Provider_Name": "Microsoft-Windows-TerminalServices-RemoteConnectionManager", "Computer": "DESKTOP-OFJ6N53", "TimeCreated": "2024-12-03 10:23:59.087257+00:00", "RecordID": "4731", "Level": "4", "UserID": "S-1-5-20"}
{"EventID": "263", "Channel": "Microsoft-Windows-TerminalServices-RemoteConnectionManager/Operational", "Provider_Name": "Microsoft-Windows-TerminalServices-RemoteConnectionManager", "Computer": "DESKTOP-OFJ6N53", "TimeCreated": "2024-12-03 10:23:59.094742+00:00", "RecordID": "4732", "Level": "4", "UserID": "S-1-5-20"}
{"EventID": "1136", "Channel": "Microsoft-Windows-TerminalServices-RemoteConnectionManager/Operational", "Provider_Name": "Microsoft-Windows-TerminalServices-RemoteConnectionManager", "Computer": "DESKTOP-OFJ6N53", "TimeCreated": "2024-12-03 10:23:59.155443+00:00", "RecordID": "4733", "Level": "4", "UserID": "S-1-5-18"}
{"EventID": "263", "Channel": "Microsoft-Windows-TerminalServices-RemoteConnectionManager/Operational", "Provider_Name": "Microsoft-Windows-TerminalServices-RemoteConnectionManager", "Computer": "DESKTOP-OFJ6N53", "TimeCreated": "2024-12-03 10:23:59.169094+00:00", "RecordID": "4734", "Level": "4", "UserID": "S-1-5-20"}
{"EventID": "263", "Channel": "Microsoft-Windows-TerminalServices-RemoteConnectionManager/Operational", "Provider_Name": "Microsoft-Windows-TerminalServices-RemoteConnectionManager", "Computer": "DESKTOP-OFJ6N53", "TimeCreated": "2024-12-03 10:24:01.041199+00:00", "RecordID": "4735", "Level": "4", "UserID": "S-1-5-20"}
{"EventID": "261", "Channel": "Microsoft-Windows-TerminalServices-RemoteConnectionManager/Operational", "Provider_Name": "Microsoft-Windows-TerminalServices-RemoteConnectionManager", "Computer": "DESKTOP-OFJ6N53", "TimeCreated": "2024-12-03 11:35:24.116423+00:00", "RecordID": "4736", "Level": "4", "UserID": "S-1-5-20"}
{"EventID": "261", "Channel": "Microsoft-Windows-TerminalServices-RemoteConnectionManager/Operational", "Provider_Name": "Microsoft-Windows-TerminalServices-RemoteConnectionManager", "Computer": "DESKTOP-OFJ6N53", "TimeCreated": "2024-12-03 11:35:31.865822+00:00", "RecordID": "4737", "Level": "4", "UserID": "S-1-5-20"}
{"EventID": "261", "Channel": "Microsoft-Windows-TerminalServices-RemoteConnectionManager/Operational", "Provider_Name": "Microsoft-Windows-TerminalServices-RemoteConnectionManager", "Computer": "DESKTOP-OFJ6N53", "TimeCreated": "2024-12-03 11:35:33.010418+00:00", "RecordID": "4738", "Level": "4", "UserID": "S-1-5-20"}
{"EventID": "1149", "Channel": "Microsoft-Windows-TerminalServices-RemoteConnectionManager/Operational", "Provider_Name": "Microsoft-Windows-TerminalServices-RemoteConnectionManager", "Computer": "DESKTOP-OFJ6N53", "TimeCreated": "2024-12-03 11:35:33.138458+00:00", "RecordID": "4739", "Level": "4", "UserID": "S-1-5-20"}
{"EventID": "261", "Channel": "Microsoft-Windows-TerminalServices-RemoteConnectionManager/Operational", "Provider_Name": "Microsoft-Windows-TerminalServices-RemoteConnectionManager", "Computer": "DESKTOP-OFJ6N53", "TimeCreated": "2024-12-06 09:31:31.472155+00:00", "RecordID": "4740", "Level": "4", "UserID": "S-1-5-20"}
{"EventID": "1149", "Channel": "Microsoft-Windows-TerminalServices-RemoteConnectionManager/Operational", "Provider_Name": "Microsoft-Windows-TerminalServices-RemoteConnectionManager", "Computer": "DESKTOP-OFJ6N53", "TimeCreated": "2024-12-06 09:31:37.150982+00:00", "RecordID": "4741", "Level": "4", "UserID": "S-1-5-20"}
{"EventID": "261", "Channel": "Microsoft-Windows-TerminalServices-RemoteConnectionManager/Operational", "Provider_Name": "Microsoft-Windows-TerminalServices-RemoteConnectionManager", "Computer": "DESKTOP-OFJ6N53", "TimeCreated": "2024-12-06 17:45:23.180090+00:00", "RecordID": "4742", "Level": "4", "UserID": "S-1-5-20"}
{"EventID": "1149", "Channel": "Microsoft-Windows-TerminalServices-RemoteConnectionManager/Operational", "Provider_Name": "Microsoft-Windows-TerminalServices-RemoteConnectionManager", "Computer": "DESKTOP-OFJ6N53", "TimeCreated": "2024-12-06 17:45:23.642996+00:00", "RecordID": "4743", "Level": "4", "UserID": "S-1-5-20"}
{"EventID": "261", "Channel": "Microsoft-Windows-TerminalServices-RemoteConnectionManager/Operational", "Provider_Name": "Microsoft-Windows-TerminalServices-RemoteConnectionManager", "Computer": "DESKTOP-OFJ6N53", "TimeCreated": "2024-12-07 15:02:15.831524+00:00", "RecordID": "4744", "Level": "4", "UserID": "S-1-5-20"}
{"EventID": "1149", "Channel": "Microsoft-Windows-TerminalServices-RemoteConnectionManager/Operational", "Provider_Name": "Microsoft-Windows-TerminalServices-RemoteConnectionManager", "Computer": "DESKTOP-OFJ6N53", "TimeCreated": "2024-12-07 15:02:16.171080+00:00", "RecordID": "4745", "Level": "4", "UserID": "S-1-5-20"}
{"EventID": "261", "Channel": "Microsoft-Windows-TerminalServices-RemoteConnectionManager/Operational", "Provider_Name": "Microsoft-Windows-TerminalServices-RemoteConnectionManager", "Computer": "DESKTOP-OFJ6N53", "TimeCreated": "2024-12-07 16:03:09.950672+00:00", "RecordID": "4746", "Level": "4", "UserID": "S-1-5-20"}
{"EventID": "261", "Channel": "Microsoft-Windows-TerminalServices-RemoteConnectionManager/Operational", "Provider_Name": "Microsoft-Windows-TerminalServices-RemoteConnectionManager", "Computer": "DESKTOP-OFJ6N53", "TimeCreated": "2024-12-07 16:03:20.148733+00:00", "RecordID": "4747", "Level": "4", "UserID": "S-1-5-20"}
{"EventID": "261", "Channel": "Microsoft-Windows-TerminalServices-RemoteConnectionManager/Operational", "Provider_Name": "Microsoft-Windows-TerminalServices-RemoteConnectionManager", "Computer": "DESKTOP-OFJ6N53", "TimeCreated": "2024-12-07 16:03:20.968472+00:00", "RecordID": "4748", "Level": "4", "UserID": "S-1-5-20"}
{"EventID": "1149", "Channel": "Microsoft-Windows-TerminalServices-RemoteConnectionManager/Operational", "Provider_Name": "Microsoft-Windows-TerminalServices-RemoteConnectionManager", "Computer": "DESKTOP-OFJ6N53", "TimeCreated": "2024-12-07 16:03:22.243631+00:00", "RecordID": "4749", "Level": "4", "UserID": "S-1-5-20"}
{"EventID": "261", "Channel": "Microsoft-Windows-TerminalServices-RemoteConnectionManager/Operational", "Provider_Name": "Microsoft-Windows-TerminalServices-RemoteConnectionManager", "Computer": "DESKTOP-OFJ6N53", "TimeCreated": "2024-12-08 14:06:44.838892+00:00", "RecordID": "4750", "Level": "4", "UserID": "S-1-5-20"}
{"EventID": "261", "Channel": "Microsoft-Windows-TerminalServices-RemoteConnectionManager/Operational", "Provider_Name": "Microsoft-Windows-TerminalServices-RemoteConnectionManager", "Computer": "DESKTOP-OFJ6N53", "TimeCreated": "2024-12-08 14:07:01.665901+00:00", "RecordID": "4751", "Level": "4", "UserID": "S-1-5-20"}
{"EventID": "1149", "Channel": "Microsoft-Windows-TerminalServices-RemoteConnectionManager/Operational", "Provider_Name": "Microsoft-Windows-TerminalServices-RemoteConnectionManager", "Computer": "DESKTOP-OFJ6N53", "TimeCreated": "2024-12-08 14:07:02.384861+00:00", "RecordID": "4752", "Level": "4", "UserID": "S-1-5-20"}
{"EventID": "261", "Channel": "Microsoft-Windows-TerminalServices-RemoteConnectionManager/Operational", "Provider_Name": "Microsoft-Windows-TerminalServices-RemoteConnectionManager", "Computer": "DESKTOP-OFJ6N53", "TimeCreated": "2024-12-08 14:07:27.551525+00:00", "RecordID": "4753", "Level": "4", "UserID": "S-1-5-20"}
{"EventID": "261", "Channel": "Microsoft-Windows-TerminalServices-RemoteConnectionManager/Operational", "Provider_Name": "Microsoft-Windows-TerminalServices-RemoteConnectionManager", "Computer": "DESKTOP-OFJ6N53", "TimeCreated": "2024-12-08 14:07:33.323708+00:00", "RecordID": "4754", "Level": "4", "UserID": "S-1-5-20"}
{"EventID": "1149", "Channel": "Microsoft-Windows-TerminalServices-RemoteConnectionManager/Operational", "Provider_Name": "Microsoft-Windows-TerminalServices-RemoteConnectionManager", "Computer": "DESKTOP-OFJ6N53", "TimeCreated": "2024-12-08 14:07:33.662630+00:00", "RecordID": "4755", "Level": "4", "UserID": "S-1-5-20"}
{"EventID": "263", "Channel": "Microsoft-Windows-TerminalServices-RemoteConnectionManager/Operational", "Provider_Name": "Microsoft-Windows-TerminalServices-RemoteConnectionManager", "Computer": "DESKTOP-OFJ6N53", "TimeCreated": "2024-12-08 16:52:22.271992+00:00", "RecordID": "4756", "Level": "4", "UserID": "S-1-5-20"}
{"EventID": "20523", "Channel": "Microsoft-Windows-TerminalServices-RemoteConnectionManager/Operational", "Provider_Name": "Microsoft-Windows-TerminalServices-RemoteConnectionManager", "Computer": "DESKTOP-OFJ6N53", "TimeCreated": "2024-12-08 16:52:22.318157+00:00", "RecordID": "4757", "Level": "4", "UserID": "S-1-5-20"}
{"EventID": "258", "Channel": "Microsoft-Windows-TerminalServices-RemoteConnectionManager/Operational", "Provider_Name": "Microsoft-Windows-TerminalServices-RemoteConnectionManager", "Computer": "DESKTOP-OFJ6N53", "TimeCreated": "2024-12-08 16:52:22.598867+00:00", "RecordID": "4758", "Level": "4", "UserID": "S-1-5-20"}
{"EventID": "263", "Channel": "Microsoft-Windows-TerminalServices-RemoteConnectionManager/Operational", "Provider_Name": "Microsoft-Windows-TerminalServices-RemoteConnectionManager", "Computer": "DESKTOP-OFJ6N53", "TimeCreated": "2024-12-08 16:52:22.905445+00:00", "RecordID": "4759", "Level": "4", "UserID": "S-1-5-20"}
{"EventID": "263", "Channel": "Microsoft-Windows-TerminalServices-RemoteConnectionManager/Operational", "Provider_Name": "Microsoft-Windows-TerminalServices-RemoteConnectionManager", "Computer": "DESKTOP-OFJ6N53", "TimeCreated": "2024-12-08 16:52:22.915462+00:00", "RecordID": "4760", "Level": "4", "UserID": "S-1-5-20"}
{"EventID": "1136", "Channel": "Microsoft-Windows-TerminalServices-RemoteConnectionManager/Operational", "Provider_Name": "Microsoft-Windows-TerminalServices-RemoteConnectionManager", "Computer": "DESKTOP-OFJ6N53", "TimeCreated": "2024-12-08 16:52:22.918768+00:00", "RecordID": "4761", "Level": "4", "UserID": "S-1-5-18"}
{"EventID": "263", "Channel": "Microsoft-Windows-TerminalServices-RemoteConnectionManager/Operational", "Provider_Name": "Microsoft-Windows-TerminalServices-RemoteConnectionManager", "Computer": "DESKTOP-OFJ6N53", "TimeCreated": "2024-12-08 16:52:22.923111+00:00", "RecordID": "4762", "Level": "4", "UserID": "S-1-5-20"}
{"EventID": "263", "Channel": "Microsoft-Windows-TerminalServices-RemoteConnectionManager/Operational", "Provider_Name": "Microsoft-Windows-TerminalServices-RemoteConnectionManager", "Computer": "DESKTOP-OFJ6N53", "TimeCreated": "2024-12-08 16:52:22.932369+00:00", "RecordID": "4763", "Level": "4", "UserID": "S-1-5-20"}
{"EventID": "263", "Channel": "Microsoft-Windows-TerminalServices-RemoteConnectionManager/Operational", "Provider_Name": "Microsoft-Windows-TerminalServices-RemoteConnectionManager", "Computer": "DESKTOP-OFJ6N53", "TimeCreated": "2024-12-08 16:52:22.945314+00:00", "RecordID": "4764", "Level": "4", "UserID": "S-1-5-20"}
{"EventID": "261", "Channel": "Microsoft-Windows-TerminalServices-RemoteConnectionManager/Operational", "Provider_Name": "Microsoft-Windows-TerminalServices-RemoteConnectionManager", "Computer": "DESKTOP-OFJ6N53", "TimeCreated": "2024-12-09 10:50:59.023722+00:00", "RecordID": "4765", "Level": "4", "UserID": "S-1-5-20"}
{"EventID": "261", "Channel": "Microsoft-Windows-TerminalServices-RemoteConnectionManager/Operational", "Provider_Name": "Microsoft-Windows-TerminalServices-RemoteConnectionManager", "Computer": "DESKTOP-OFJ6N53", "TimeCreated": "2024-12-09 10:51:06.293045+00:00", "RecordID": "4766", "Level": "4", "UserID": "S-1-5-20"}
{"EventID": "261", "Channel": "Microsoft-Windows-TerminalServices-RemoteConnectionManager/Operational", "Provider_Name": "Microsoft-Windows-TerminalServices-RemoteConnectionManager", "Computer": "DESKTOP-OFJ6N53", "TimeCreated": "2024-12-09 10:51:07.786352+00:00", "RecordID": "4767", "Level": "4", "UserID": "S-1-5-20"}
{"EventID": "1149", "Channel": "Microsoft-Windows-TerminalServices-RemoteConnectionManager/Operational", "Provider_Name": "Microsoft-Windows-TerminalServices-RemoteConnectionManager", "Computer": "DESKTOP-OFJ6N53", "TimeCreated": "2024-12-09 10:51:08.311970+00:00", "RecordID": "4768", "Level": "4", "UserID": "S-1-5-20"}
{"EventID": "263", "Channel": "Microsoft-Windows-TerminalServices-RemoteConnectionManager/Operational", "Provider_Name": "Microsoft-Windows-TerminalServices-RemoteConnectionManager", "Computer": "DESKTOP-OFJ6N53", "TimeCreated": "2024-12-09 22:22:39.931292+00:00", "RecordID": "4769", "Level": "4", "UserID": "S-1-5-20"}
{"EventID": "261", "Channel": "Microsoft-Windows-TerminalServices-RemoteConnectionManager/Operational", "Provider_Name": "Microsoft-Windows-TerminalServices-RemoteConnectionManager", "Computer": "DESKTOP-OFJ6N53", "TimeCreated": "2024-12-09 22:32:56.717949+00:00", "RecordID": "4770", "Level": "4", "UserID": "S-1-5-20"}
{"EventID": "261", "Channel": "Microsoft-Windows-TerminalServices-RemoteConnectionManager/Operational", "Provider_Name": "Microsoft-Windows-TerminalServices-RemoteConnectionManager", "Computer": "DESKTOP-OFJ6N53", "TimeCreated": "2024-12-09 22:33:03.283480+00:00", "RecordID": "4771", "Level": "4", "UserID": "S-1-5-20"}
{"EventID": "1149", "Channel": "Microsoft-Windows-TerminalServices-RemoteConnectionManager/Operational", "Provider_Name": "Microsoft-Windows-TerminalServices-RemoteConnectionManager", "Computer": "DESKTOP-OFJ6N53", "TimeCreated": "2024-12-09 22:33:03.508492+00:00", "RecordID": "4772", "Level": "4", "UserID": "S-1-5-20"}
{"EventID": "261", "Channel": "Microsoft-Windows-TerminalServices-RemoteConnectionManager/Operational", "Provider_Name": "Microsoft-Windows-TerminalServices-RemoteConnectionManager", "Computer": "DESKTOP-OFJ6N53", "TimeCreated": "2024-12-10 09:56:46.852196+00:00", "RecordID": "4773", "Level": "4", "UserID": "S-1-5-20"}
{"EventID": "1149", "Channel": "Microsoft-Windows-TerminalServices-RemoteConnectionManager/Operational", "Provider_Name": "Microsoft-Windows-TerminalServices-RemoteConnectionManager", "Computer": "DESKTOP-OFJ6N53", "TimeCreated": "2024-12-10 09:56:47.641325+00:00", "RecordID": "4774", "Level": "4", "UserID": "S-1-5-20"}
{"EventID": "261", "Channel": "Microsoft-Windows-TerminalServices-RemoteConnectionManager/Operational", "Provider_Name": "Microsoft-Windows-TerminalServices-RemoteConnectionManager", "Computer": "DESKTOP-OFJ6N53", "TimeCreated": "2024-12-10 16:18:41.891327+00:00", "RecordID": "4775", "Level": "4", "UserID": "S-1-5-20"}
{"EventID": "1149", "Channel": "Microsoft-Windows-TerminalServices-RemoteConnectionManager/Operational", "Provider_Name": "Microsoft-Windows-TerminalServices-RemoteConnectionManager", "Computer": "DESKTOP-OFJ6N53", "TimeCreated": "2024-12-10 16:18:42.127087+00:00", "RecordID": "4776", "Level": "4", "UserID": "S-1-5-20"}
{"EventID": "261", "Channel": "Microsoft-Windows-TerminalServices-RemoteConnectionManager/Operational", "Provider_Name": "Microsoft-Windows-TerminalServices-RemoteConnectionManager", "Computer": "DESKTOP-OFJ6N53", "TimeCreated": "2024-12-10 20:46:57.620754+00:00", "RecordID": "4777", "Level": "4", "UserID": "S-1-5-20"}
{"EventID": "1149", "Channel": "Microsoft-Windows-TerminalServices-RemoteConnectionManager/Operational", "Provider_Name": "Microsoft-Windows-TerminalServices-RemoteConnectionManager", "Computer": "DESKTOP-OFJ6N53", "TimeCreated": "2024-12-10 20:46:57.874708+00:00", "RecordID": "4778", "Level": "4", "UserID": "S-1-5-20"}
{"EventID": "261", "Channel": "Microsoft-Windows-TerminalServices-RemoteConnectionManager/Operational", "Provider_Name": "Microsoft-Windows-TerminalServices-RemoteConnectionManager", "Computer": "DESKTOP-OFJ6N53", "TimeCreated": "2024-12-11 14:17:20.062899+00:00", "RecordID": "4779", "Level": "4", "UserID": "S-1-5-20"}
{"EventID": "261", "Channel": "Microsoft-Windows-TerminalServices-RemoteConnectionManager/Operational", "Provider_Name": "Microsoft-Windows-TerminalServices-RemoteConnectionManager", "Computer": "DESKTOP-OFJ6N53", "TimeCreated": "2024-12-11 14:17:25.420805+00:00", "RecordID": "4780", "Level": "4", "UserID": "S-1-5-20"}
{"EventID": "1149", "Channel": "Microsoft-Windows-TerminalServices-RemoteConnectionManager/Operational", "Provider_Name": "Microsoft-Windows-TerminalServices-RemoteConnectionManager", "Computer": "DESKTOP-OFJ6N53", "TimeCreated": "2024-12-11 14:17:25.846003+00:00", "RecordID": "4781", "Level": "4", "UserID": "S-1-5-20"}
{"EventID": "263", "Channel": "Microsoft-Windows-TerminalServices-RemoteConnectionManager/Operational", "Provider_Name": "Microsoft-Windows-TerminalServices-RemoteConnectionManager", "Computer": "DESKTOP-OFJ6N53", "TimeCreated": "2024-12-11 15:06:14.976151+00:00", "RecordID": "4782", "Level": "4", "UserID": "S-1-5-20"}
{"EventID": "20523", "Channel": "Microsoft-Windows-TerminalServices-RemoteConnectionManager/Operational", "Provider_Name": "Microsoft-Windows-TerminalServices-RemoteConnectionManager", "Computer": "DESKTOP-OFJ6N53", "TimeCreated": "2024-12-11 15:06:15.018122+00:00", "RecordID": "4783", "Level": "4", "UserID": "S-1-5-20"}
{"EventID": "258", "Channel": "Microsoft-Windows-TerminalServices-RemoteConnectionManager/Operational", "Provider_Name": "Microsoft-Windows-TerminalServices-RemoteConnectionManager", "Computer": "DESKTOP-OFJ6N53", "TimeCreated": "2024-12-11 15:06:15.295095+00:00", "RecordID": "4784", "Level": "4", "UserID": "S-1-5-20"}
{"EventID": "263", "Channel": "Microsoft-Windows-TerminalServices-RemoteConnectionManager/Operational", "Provider_Name": "Microsoft-Windows-TerminalServices-RemoteConnectionManager", "Computer": "DESKTOP-OFJ6N53", "TimeCreated": "2024-12-11 15:06:15.537355+00:00", "RecordID": "4785", "Level": "4", "UserID": "S-1-5-20"}
{"EventID": "263", "Channel": "Microsoft-Windows-TerminalServices-RemoteConnectionManager/Operational", "Provider_Name": "Microsoft-Windows-TerminalServices-RemoteConnectionManager", "Computer": "DESKTOP-OFJ6N53", "TimeCreated": "2024-12-11 15:06:15.556429+00:00", "RecordID": "4786", "Level": "4", "UserID": "S-1-5-20"}
{"EventID": "263", "Channel": "Microsoft-Windows-TerminalServices-RemoteConnectionManager/Operational", "Provider_Name": "Microsoft-Windows-TerminalServices-RemoteConnectionManager", "Computer": "DESKTOP-OFJ6N53", "TimeCreated": "2024-12-11 15:06:15.591053+00:00", "RecordID": "4787", "Level": "4", "UserID": "S-1-5-20"}
{"EventID": "263", "Channel": "Microsoft-Windows-TerminalServices-RemoteConnectionManager/Operational", "Provider_Name": "Microsoft-Windows-TerminalServices-RemoteConnectionManager", "Computer": "DESKTOP-OFJ6N53", "TimeCreated": "2024-12-11 15:06:15.608725+00:00", "RecordID": "4788", "Level": "4", "UserID": "S-1-5-20"}
{"EventID": "1136", "Channel": "Microsoft-Windows-TerminalServices-RemoteConnectionManager/Operational", "Provider_Name": "Microsoft-Windows-TerminalServices-RemoteConnectionManager", "Computer": "DESKTOP-OFJ6N53", "TimeCreated": "2024-12-11 15:06:15.614086+00:00", "RecordID": "4789", "Level": "4", "UserID": "S-1-5-18"}
{"EventID": "263", "Channel": "Microsoft-Windows-TerminalServices-RemoteConnectionManager/Operational", "Provider_Name": "Microsoft-Windows-TerminalServices-RemoteConnectionManager", "Computer": "DESKTOP-OFJ6N53", "TimeCreated": "2024-12-11 15:06:15.629240+00:00", "RecordID": "4790", "Level": "4", "UserID": "S-1-5-20"}
{"EventID": "263", "Channel": "Microsoft-Windows-TerminalServices-RemoteConnectionManager/Operational", "Provider_Name": "Microsoft-Windows-TerminalServices-RemoteConnectionManager", "Computer": "DESKTOP-OFJ6N53", "TimeCreated": "2024-12-11 15:06:22.161236+00:00", "RecordID": "4791", "Level": "4", "UserID": "S-1-5-20"}
{"EventID": "261", "Channel": "Microsoft-Windows-TerminalServices-RemoteConnectionManager/Operational", "Provider_Name": "Microsoft-Windows-TerminalServices-RemoteConnectionManager", "Computer": "DESKTOP-OFJ6N53", "TimeCreated": "2024-12-11 16:03:38.730310+00:00", "RecordID": "4792", "Level": "4", "UserID": "S-1-5-20"}
{"EventID": "261", "Channel": "Microsoft-Windows-TerminalServices-RemoteConnectionManager/Operational", "Provider_Name": "Microsoft-Windows-TerminalServices-RemoteConnectionManager", "Computer": "DESKTOP-OFJ6N53", "TimeCreated": "2024-12-11 16:23:10.663618+00:00", "RecordID": "4793", "Level": "4", "UserID": "S-1-5-20"}
{"EventID": "261", "Channel": "Microsoft-Windows-TerminalServices-RemoteConnectionManager/Operational", "Provider_Name": "Microsoft-Windows-TerminalServices-RemoteConnectionManager", "Computer": "DESKTOP-OFJ6N53", "TimeCreated": "2024-12-11 16:23:17.110918+00:00", "RecordID": "4794", "Level": "4", "UserID": "S-1-5-20"}
{"EventID": "1149", "Channel": "Microsoft-Windows-TerminalServices-RemoteConnectionManager/Operational", "Provider_Name": "Microsoft-Windows-TerminalServices-RemoteConnectionManager", "Computer": "DESKTOP-OFJ6N53", "TimeCreated": "2024-12-11 16:23:17.282488+00:00", "RecordID": "4795", "Level": "4", "UserID": "S-1-5-20"}
{"EventID": "261", "Channel": "Microsoft-Windows-TerminalServices-RemoteConnectionManager/Operational", "Provider_Name": "Microsoft-Windows-TerminalServices-RemoteConnectionManager", "Computer": "DESKTOP-OFJ6N53", "TimeCreated": "2024-12-11 19:21:11.404358+00:00", "RecordID": "4796", "Level": "4", "UserID": "S-1-5-20"}
{"EventID": "1149", "Channel": "Microsoft-Windows-TerminalServices-RemoteConnectionManager/Operational", "Provider_Name": "Microsoft-Windows-TerminalServices-RemoteConnectionManager", "Computer": "DESKTOP-OFJ6N53", "TimeCreated": "2024-12-11 19:21:11.979774+00:00", "RecordID": "4797", "Level": "4", "UserID": "S-1-5-20"}
{"EventID": "261", "Channel": "Microsoft-Windows-TerminalServices-RemoteConnectionManager/Operational", "Provider_Name": "Microsoft-Windows-TerminalServices-RemoteConnectionManager", "Computer": "DESKTOP-OFJ6N53", "TimeCreated": "2024-12-12 07:37:17.475813+00:00", "RecordID": "4798", "Level": "4", "UserID": "S-1-5-20"}
{"EventID": "1149", "Channel": "Microsoft-Windows-TerminalServices-RemoteConnectionManager/Operational", "Provider_Name": "Microsoft-Windows-TerminalServices-RemoteConnectionManager", "Computer": "DESKTOP-OFJ6N53", "TimeCreated": "2024-12-12 07:37:18.438370+00:00", "RecordID": "4799", "Level": "4", "UserID": "S-1-5-20"}
{"EventID": "261", "Channel": "Microsoft-Windows-TerminalServices-RemoteConnectionManager/Operational", "Provider_Name": "Microsoft-Windows-TerminalServices-RemoteConnectionManager", "Computer": "DESKTOP-OFJ6N53", "TimeCreated": "2024-12-12 10:01:22.432392+00:00", "RecordID": "4800", "Level": "4", "UserID": "S-1-5-20"}
{"EventID": "261", "Channel": "Microsoft-Windows-TerminalServices-RemoteConnectionManager/Operational", "Provider_Name": "Microsoft-Windows-TerminalServices-RemoteConnectionManager", "Computer": "DESKTOP-OFJ6N53", "TimeCreated": "2024-12-12 10:01:35.664831+00:00", "RecordID": "4801", "Level": "4", "UserID": "S-1-5-20"}
{"EventID": "261", "Channel": "Microsoft-Windows-TerminalServices-RemoteConnectionManager/Operational", "Provider_Name": "Microsoft-Windows-TerminalServices-RemoteConnectionManager", "Computer": "DESKTOP-OFJ6N53", "TimeCreated": "2024-12-12 10:01:44.081591+00:00", "RecordID": "4802", "Level": "4", "UserID": "S-1-5-20"}
{"EventID": "1149", "Channel": "Microsoft-Windows-TerminalServices-RemoteConnectionManager/Operational", "Provider_Name": "Microsoft-Windows-TerminalServices-RemoteConnectionManager", "Computer": "DESKTOP-OFJ6N53", "TimeCreated": "2024-12-12 10:01:46.283596+00:00", "RecordID": "4803", "Level": "4", "UserID": "S-1-5-20"}
{"EventID": "261", "Channel": "Microsoft-Windows-TerminalServices-RemoteConnectionManager/Operational", "Provider_Name": "Microsoft-Windows-TerminalServices-RemoteConnectionManager", "Computer": "DESKTOP-OFJ6N53", "TimeCreated": "2024-12-12 17:00:04.268459+00:00", "RecordID": "4804", "Level": "4", "UserID": "S-1-5-20"}
{"EventID": "1149", "Channel": "Microsoft-Windows-TerminalServices-RemoteConnectionManager/Operational", "Provider_Name": "Microsoft-Windows-TerminalServices-RemoteConnectionManager", "Computer": "DESKTOP-OFJ6N53", "TimeCreated": "2024-12-12 17:00:04.678804+00:00", "RecordID": "4805", "Level": "4", "UserID": "S-1-5-20"}
{"EventID": "261", "Channel": "Microsoft-Windows-TerminalServices-RemoteConnectionManager/Operational", "Provider_Name": "Microsoft-Windows-TerminalServices-RemoteConnectionManager", "Computer": "DESKTOP-OFJ6N53", "TimeCreated": "2024-12-13 14:45:01.408075+00:00", "RecordID": "4806", "Level": "4", "UserID": "S-1-5-20"}
{"EventID": "261", "Channel": "Microsoft-Windows-TerminalServices-RemoteConnectionManager/Operational", "Provider_Name": "Microsoft-Windows-TerminalServices-RemoteConnectionManager", "Computer": "DESKTOP-OFJ6N53", "TimeCreated": "2024-12-13 14:45:06.693796+00:00", "RecordID": "4807", "Level": "4", "UserID": "S-1-5-20"}
{"EventID": "1149", "Channel": "Microsoft-Windows-TerminalServices-RemoteConnectionManager/Operational", "Provider_Name": "Microsoft-Windows-TerminalServices-RemoteConnectionManager", "Computer": "DESKTOP-OFJ6N53", "TimeCreated": "2024-12-13 14:45:06.891731+00:00", "RecordID": "4808", "Level": "4", "UserID": "S-1-5-20"}
{"EventID": "261", "Channel": "Microsoft-Windows-TerminalServices-RemoteConnectionManager/Operational", "Provider_Name": "Microsoft-Windows-TerminalServices-RemoteConnectionManager", "Computer": "DESKTOP-OFJ6N53", "TimeCreated": "2024-12-14 18:04:28.266275+00:00", "RecordID": "4809", "Level": "4", "UserID": "S-1-5-20"}
{"EventID": "1149", "Channel": "Microsoft-Windows-TerminalServices-RemoteConnectionManager/Operational", "Provider_Name": "Microsoft-Windows-TerminalServices-RemoteConnectionManager", "Computer": "DESKTOP-OFJ6N53", "TimeCreated": "2024-12-14 18:04:28.970884+00:00", "RecordID": "4810", "Level": "4", "UserID": "S-1-5-20"}
{"EventID": "261", "Channel": "Microsoft-Windows-TerminalServices-RemoteConnectionManager/Operational", "Provider_Name": "Microsoft-Windows-TerminalServices-RemoteConnectionManager", "Computer": "DESKTOP-OFJ6N53", "TimeCreated": "2024-12-16 11:16:40.387016+00:00", "RecordID": "4811", "Level": "4", "UserID": "S-1-5-20"}
{"EventID": "261", "Channel": "Microsoft-Windows-TerminalServices-RemoteConnectionManager/Operational", "Provider_Name": "Microsoft-Windows-TerminalServices-RemoteConnectionManager", "Computer": "DESKTOP-OFJ6N53", "TimeCreated": "2024-12-16 11:16:46.424826+00:00", "RecordID": "4812", "Level": "4", "UserID": "S-1-5-20"}
{"EventID": "1149", "Channel": "Microsoft-Windows-TerminalServices-RemoteConnectionManager/Operational", "Provider_Name": "Microsoft-Windows-TerminalServices-RemoteConnectionManager", "Computer": "DESKTOP-OFJ6N53", "TimeCreated": "2024-12-16 11:16:47.657993+00:00", "RecordID": "4813", "Level": "4", "UserID": "S-1-5-20"}
{"EventID": "261", "Channel": "Microsoft-Windows-TerminalServices-RemoteConnectionManager/Operational", "Provider_Name": "Microsoft-Windows-TerminalServices-RemoteConnectionManager", "Computer": "DESKTOP-OFJ6N53", "TimeCreated": "2024-12-17 10:16:49.343611+00:00", "RecordID": "4814", "Level": "4", "UserID": "S-1-5-20"}
{"EventID": "261", "Channel": "Microsoft-Windows-TerminalServices-RemoteConnectionManager/Operational", "Provider_Name": "Microsoft-Windows-TerminalServices-RemoteConnectionManager", "Computer": "DESKTOP-OFJ6N53", "TimeCreated": "2024-12-17 10:16:54.661879+00:00", "RecordID": "4815", "Level": "4", "UserID": "S-1-5-20"}
{"EventID": "1149", "Channel": "Microsoft-Windows-TerminalServices-RemoteConnectionManager/Operational", "Provider_Name": "Microsoft-Windows-TerminalServices-RemoteConnectionManager", "Computer": "DESKTOP-OFJ6N53", "TimeCreated": "2024-12-17 10:16:54.781786+00:00", "RecordID": "4816", "Level": "4", "UserID": "S-1-5-20"}
{"EventID": "261", "Channel": "Microsoft-Windows-TerminalServices-RemoteConnectionManager/Operational", "Provider_Name": "Microsoft-Windows-TerminalServices-RemoteConnectionManager", "Computer": "DESKTOP-OFJ6N53", "TimeCreated": "2024-12-18 15:45:56.040924+00:00", "RecordID": "4817", "Level": "4", "UserID": "S-1-5-20"}
{"EventID": "261", "Channel": "Microsoft-Windows-TerminalServices-RemoteConnectionManager/Operational", "Provider_Name": "Microsoft-Windows-TerminalServices-RemoteConnectionManager", "Computer": "DESKTOP-OFJ6N53", "TimeCreated": "2024-12-18 15:46:01.612112+00:00", "RecordID": "4818", "Level": "4", "UserID": "S-1-5-20"}
{"EventID": "1149", "Channel": "Microsoft-Windows-TerminalServices-RemoteConnectionManager/Operational", "Provider_Name": "Microsoft-Windows-TerminalServices-RemoteConnectionManager", "Computer": "DESKTOP-OFJ6N53", "TimeCreated": "2024-12-18 15:46:02.176842+00:00", "RecordID": "4819", "Level": "4", "UserID": "S-1-5-20"}
{"EventID": "261", "Channel": "Microsoft-Windows-TerminalServices-RemoteConnectionManager/Operational", "Provider_Name": "Microsoft-Windows-TerminalServices-RemoteConnectionManager", "Computer": "DESKTOP-OFJ6N53", "TimeCreated": "2024-12-19 09:49:25.501005+00:00", "RecordID": "4820", "Level": "4", "UserID": "S-1-5-20"}
{"EventID": "261", "Channel": "Microsoft-Windows-TerminalServices-RemoteConnectionManager/Operational", "Provider_Name": "Microsoft-Windows-TerminalServices-RemoteConnectionManager", "Computer": "DESKTOP-OFJ6N53", "TimeCreated": "2024-12-19 09:49:32.068022+00:00", "RecordID": "4821", "Level": "4", "UserID": "S-1-5-20"}
{"EventID": "1149", "Channel": "Microsoft-Windows-TerminalServices-RemoteConnectionManager/Operational", "Provider_Name": "Microsoft-Windows-TerminalServices-RemoteConnectionManager", "Computer": "DESKTOP-OFJ6N53", "TimeCreated": "2024-12-19 09:49:32.165245+00:00", "RecordID": "4822", "Level": "4", "UserID": "S-1-5-20"}
{"EventID": "263", "Channel": "Microsoft-Windows-TerminalServices-RemoteConnectionManager/Operational", "Provider_Name": "Microsoft-Windows-TerminalServices-RemoteConnectionManager", "Computer": "DESKTOP-OFJ6N53", "TimeCreated": "2024-12-23 14:10:02.257130+00:00", "RecordID": "4823", "Level": "4", "UserID": "S-1-5-20"}
{"EventID": "20523", "Channel": "Microsoft-Windows-TerminalServices-RemoteConnectionManager/Operational", "Provider_Name": "Microsoft-Windows-TerminalServices-RemoteConnectionManager", "Computer": "DESKTOP-OFJ6N53", "TimeCreated": "2024-12-23 14:10:02.340109+00:00", "RecordID": "4824", "Level": "4", "UserID": "S-1-5-20"}
{"EventID": "258", "Channel": "Microsoft-Windows-TerminalServices-RemoteConnectionManager/Operational", "Provider_Name": "Microsoft-Windows-TerminalServices-RemoteConnectionManager", "Computer": "DESKTOP-OFJ6N53", "TimeCreated": "2024-12-23 14:10:02.695293+00:00", "RecordID": "4825", "Level": "4", "UserID": "S-1-5-20"}
{"EventID": "263", "Channel": "Microsoft-Windows-TerminalServices-RemoteConnectionManager/Operational", "Provider_Name": "Microsoft-Windows-TerminalServices-RemoteConnectionManager", "Computer": "DESKTOP-OFJ6N53", "TimeCreated": "2024-12-23 14:10:02.945276+00:00", "RecordID": "4826", "Level": "4", "UserID": "S-1-5-20"}
{"EventID": "263", "Channel": "Microsoft-Windows-TerminalServices-RemoteConnectionManager/Operational", "Provider_Name": "Microsoft-Windows-TerminalServices-RemoteConnectionManager", "Computer": "DESKTOP-OFJ6N53", "TimeCreated": "2024-12-23 14:10:02.958408+00:00", "RecordID": "4827", "Level": "4", "UserID": "S-1-5-20"}
{"EventID": "263", "Channel": "Microsoft-Windows-TerminalServices-RemoteConnectionManager/Operational", "Provider_Name": "Microsoft-Windows-TerminalServices-RemoteConnectionManager", "Computer": "DESKTOP-OFJ6N53", "TimeCreated": "2024-12-23 14:10:02.973475+00:00", "RecordID": "4828", "Level": "4", "UserID": "S-1-5-20"}
{"EventID": "1136", "Channel": "Microsoft-Windows-TerminalServices-RemoteConnectionManager/Operational", "Provider_Name": "Microsoft-Windows-TerminalServices-RemoteConnectionManager", "Computer": "DESKTOP-OFJ6N53", "TimeCreated": "2024-12-23 14:10:02.979963+00:00", "RecordID": "4829", "Level": "4", "UserID": "S-1-5-18"}
{"EventID": "263", "Channel": "Microsoft-Windows-TerminalServices-RemoteConnectionManager/Operational", "Provider_Name": "Microsoft-Windows-TerminalServices-RemoteConnectionManager", "Computer": "DESKTOP-OFJ6N53", "TimeCreated": "2024-12-23 14:10:02.988472+00:00", "RecordID": "4830", "Level": "4", "UserID": "S-1-5-20"}
{"EventID": "263", "Channel": "Microsoft-Windows-TerminalServices-RemoteConnectionManager/Operational", "Provider_Name": "Microsoft-Windows-TerminalServices-RemoteConnectionManager", "Computer": "DESKTOP-OFJ6N53", "TimeCreated": "2024-12-23 14:10:03.016764+00:00", "RecordID": "4831", "Level": "4", "UserID": "S-1-5-20"}
{"EventID": "261", "Channel": "Microsoft-Windows-TerminalServices-RemoteConnectionManager/Operational", "Provider_Name": "Microsoft-Windows-TerminalServices-RemoteConnectionManager", "Computer": "DESKTOP-OFJ6N53", "TimeCreated": "2024-12-23 14:15:02.645319+00:00", "RecordID": "4832", "Level": "4", "UserID": "S-1-5-20"}
{"EventID": "261", "Channel": "Microsoft-Windows-TerminalServices-RemoteConnectionManager/Operational", "Provider_Name": "Microsoft-Windows-TerminalServices-RemoteConnectionManager", "Computer": "DESKTOP-OFJ6N53", "TimeCreated": "2024-12-23 14:15:13.464628+00:00", "RecordID": "4833", "Level": "4", "UserID": "S-1-5-20"}
{"EventID": "261", "Channel": "Microsoft-Windows-TerminalServices-RemoteConnectionManager/Operational", "Provider_Name": "Microsoft-Windows-TerminalServices-RemoteConnectionManager", "Computer": "DESKTOP-OFJ6N53", "TimeCreated": "2024-12-23 14:15:14.356323+00:00", "RecordID": "4834", "Level": "4", "UserID": "S-1-5-20"}
{"EventID": "1149", "Channel": "Microsoft-Windows-TerminalServices-RemoteConnectionManager/Operational", "Provider_Name": "Microsoft-Windows-TerminalServices-RemoteConnectionManager", "Computer": "DESKTOP-OFJ6N53", "TimeCreated": "2024-12-23 14:15:14.509306+00:00", "RecordID": "4835", "Level": "4", "UserID": "S-1-5-20"}
{"EventID": "263", "Channel": "Microsoft-Windows-TerminalServices-RemoteConnectionManager/Operational", "Provider_Name": "Microsoft-Windows-TerminalServices-RemoteConnectionManager", "Computer": "DESKTOP-OFJ6N53", "TimeCreated": "2024-12-23 14:15:57.040905+00:00", "RecordID": "4836", "Level": "4", "UserID": "S-1-5-20"}
{"EventID": "261", "Channel": "Microsoft-Windows-TerminalServices-RemoteConnectionManager/Operational", "Provider_Name": "Microsoft-Windows-TerminalServices-RemoteConnectionManager", "Computer": "DESKTOP-OFJ6N53", "TimeCreated": "2024-12-23 16:06:19.955339+00:00", "RecordID": "4837", "Level": "4", "UserID": "S-1-5-20"}
{"EventID": "261", "Channel": "Microsoft-Windows-TerminalServices-RemoteConnectionManager/Operational", "Provider_Name": "Microsoft-Windows-TerminalServices-RemoteConnectionManager", "Computer": "DESKTOP-OFJ6N53", "TimeCreated": "2024-12-23 16:06:27.148710+00:00", "RecordID": "4838", "Level": "4", "UserID": "S-1-5-20"}
{"EventID": "1149", "Channel": "Microsoft-Windows-TerminalServices-RemoteConnectionManager/Operational", "Provider_Name": "Microsoft-Windows-TerminalServices-RemoteConnectionManager", "Computer": "DESKTOP-OFJ6N53", "TimeCreated": "2024-12-23 16:06:27.515110+00:00", "RecordID": "4839", "Level": "4", "UserID": "S-1-5-20"}
{"EventID": "261", "Channel": "Microsoft-Windows-TerminalServices-RemoteConnectionManager/Operational", "Provider_Name": "Microsoft-Windows-TerminalServices-RemoteConnectionManager", "Computer": "DESKTOP-OFJ6N53", "TimeCreated": "2024-12-23 16:37:57.796484+00:00", "RecordID": "4840", "Level": "4", "UserID": "S-1-5-20"}
{"EventID": "1149", "Channel": "Microsoft-Windows-TerminalServices-RemoteConnectionManager/Operational", "Provider_Name": "Microsoft-Windows-TerminalServices-RemoteConnectionManager", "Computer": "DESKTOP-OFJ6N53", "TimeCreated": "2024-12-23 16:37:57.955227+00:00", "RecordID": "4841", "Level": "4", "UserID": "S-1-5-20"}
{"EventID": "261", "Channel": "Microsoft-Windows-TerminalServices-RemoteConnectionManager/Operational", "Provider_Name": "Microsoft-Windows-TerminalServices-RemoteConnectionManager", "Computer": "DESKTOP-OFJ6N53", "TimeCreated": "2024-12-24 10:24:14.473036+00:00", "RecordID": "4842", "Level": "4", "UserID": "S-1-5-20"}
