{"EventID": "61", "Channel": "Microsoft-Windows-Bits-Client/Operational", "Provider_Name": "Microsoft-Windows-Bits-Client", "Computer": "DESKTOP-OFJ6N53", "TimeCreated": "2025-08-23 08:12:02.787252+00:00", "RecordID": "85118", "Level": "3", "UserID": "S-1-5-18", "EventData.transferId": "{f1a3de2e-4fee-4903-a67d-925abc65f786}", "EventData.name": "Chrome Component Updater", "EventData.Id": "{1b6c7fb0-0192-4c19-bbe3-6bf325dfcc45}", "EventData.url": "http://edgedl.me.gvt1.com/edgedl/diffgen-puffin/ggkkehgbnfjpeggfpleeakpidbkibbmn/cf1ba16f8b36b3ecf7ca1e8d13bf044b6fe28b3f91821c5cd236a729b9fe6eaf", "EventData.peer": null, "EventData.hr": "2147954402", "EventData.fileTime": "0001-01-01 00:00:00", "EventData.fileLength": "18446744073709551615", "EventData.bytesTotal": "18446744073709551615", "EventData.bytesTransferred": "0", "EventData.proxy": null, "EventData.peerProtocolFlags": "0", "EventData.bytesTransferredFromPeer": "0", "EventData.AdditionalInfoHr": "0", "EventData.PeerContextInfo": "0", "EventData.bandwidthLimit": "18446744073709551615", "EventData.ignoreBandwidthLimitsOnLan": "False"}
{"EventID": "61", "Channel": "Microsoft-Windows-Bits-Client/Operational", "Provider_Name": "Microsoft-Windows-Bits-Client", "Computer": "DESKTOP-OFJ6N53", "TimeCreated": "2025-08-23 08:13:23.929972+00:00", "RecordID": "85119", "Level": "3", "UserID": "S-1-5-18", "EventData.transferId": "{7d53ed31-fddf-4832-8179-685e604596c0}", "EventData.name": "Chrome Component Updater", "EventData.Id": "{1b6c7fb0-0192-4c19-bbe3-6bf325dfcc45}", "EventData.url": "http://edgedl.me.gvt1.com/edgedl/diffgen-puffin/ggkkehgbnfjpeggfpleeakpidbkibbmn/cf1ba16f8b36b3ecf7ca1e8d13bf044b6fe28b3f91821c5cd236a729b9fe6eaf", "EventData.peer": null, "EventData.hr": "2147954402", "EventData.fileTime": "0001-01-01 00:00:00", "EventData.fileLength": "18446744073709551615", "EventData.bytesTotal": "18446744073709551615", "EventData.bytesTransferred": "0", "EventData.proxy": null, "EventData.peerProtocolFlags": "0", "EventData.bytesTransferredFromPeer": "0", "EventData.AdditionalInfoHr": "0", "EventData.PeerContextInfo": "0", "EventData.bandwidthLimit": "18446744073709551615", "EventData.ignoreBandwidthLimitsOnLan": "False"}
{"EventID": "61", "Channel": "Microsoft-Windows-Bits-Client/Operational", "Provider_Name": "Microsoft-Windows-Bits-Client", "Computer": "DESKTOP-OFJ6N53", "TimeCreated": "2025-08-23 08:14:45.209337+00:00", "RecordID": "85120", "Level": "3", "UserID": "S-1-5-18", "EventData.transferId": "{b2147462-2d15-4360-bc05-edd4df4373c7}", "EventData.name": "Chrome Component Updater", "EventData.Id": "{1b6c7fb0-0192-4c19-bbe3-6bf325dfcc45}", "EventData.url": "http://edgedl.me.gvt1.com/edgedl/diffgen-puffin/ggkkehgbnfjpeggfpleeakpidbkibbmn/cf1ba16f8b36b3ecf7ca1e8d13bf044b6fe28b3f91821c5cd236a729b9fe6eaf", "EventData.peer": null, "EventData.hr": "2147954402", "EventData.fileTime": "0001-01-01 00:00:00", "EventData.fileLength": "18446744073709551615", "EventData.bytesTotal": "18446744073709551615", "EventData.bytesTransferred": "0", "EventData.proxy": null, "EventData.peerProtocolFlags": "0", "EventData.bytesTransferredFromPeer": "0", "EventData.AdditionalInfoHr": "0", "EventData.PeerContextInfo": "0", "EventData.bandwidthLimit": "18446744073709551615", "EventData.ignoreBandwidthLimitsOnLan": "False"}
{"EventID": "61", "Channel": "Microsoft-Windows-Bits-Client/Operational", "Provider_Name": "Microsoft-Windows-Bits-Client", "Computer": "DESKTOP-OFJ6N53", "TimeCreated": "2025-08-23 08:16:06.514132+00:00", "RecordID": "85121", "Level": "3", "UserID": "S-1-5-18", "EventData.transferId": "{ad09fd7d-0f21-4c46-938e-18a8cfa43d12}", "EventData.name": "Chrome Component Updater", "EventData.Id": "{1b6c7fb0-0192-4c19-bbe3-6bf325dfcc45}", "EventData.url": "http://edgedl.me.gvt1.com/edgedl/diffgen-puffin/ggkkehgbnfjpeggfpleeakpidbkibbmn/cf1ba16f8b36b3ecf7ca1e8d13bf044b6fe28b3f91821c5cd236a729b9fe6eaf", "EventData.peer": null, "EventData.hr": "2147954402", "EventData.fileTime": "0001-01-01 00:00:00", "EventData.fileLength": "18446744073709551615", "EventData.bytesTotal": "18446744073709551615", "EventData.bytesTransferred": "0", "EventData.proxy": null, "EventData.peerProtocolFlags": "0", "EventData.bytesTransferredFromPeer": "0", "EventData.AdditionalInfoHr": "0", "EventData.PeerContextInfo": "0", "EventData.bandwidthLimit": "18446744073709551615", "EventData.ignoreBandwidthLimitsOnLan": "False"}
{"EventID": "61", "Channel": "Microsoft-Windows-Bits-Client/Operational", "Provider_Name": "Microsoft-Windows-Bits-Client", "Computer": "DESKTOP-OFJ6N53", "TimeCreated": "2025-08-23 08:17:27.537315+00:00", "RecordID": "85122", "Level": "3", "UserID": "S-1-5-18", "EventData.transferId": "{069a327a-b2f2-4b17-afa8-f4d3547ff725}", "EventData.name": "Chrome Component Updater", "EventData.Id": "{1b6c7fb0-0192-4c19-bbe3-6bf325dfcc45}", "EventData.url": "http://edgedl.me.gvt1.com/edgedl/diffgen-puffin/ggkkehgbnfjpeggfpleeakpidbkibbmn/cf1ba16f8b36b3ecf7ca1e8d13bf044b6fe28b3f91821c5cd236a729b9fe6eaf", "EventData.peer": null, "EventData.hr": "2147954402", "EventData.fileTime": "0001-01-01 00:00:00", "EventData.fileLength": "18446744073709551615", "EventData.bytesTotal": "18446744073709551615", "EventData.bytesTransferred": "0", "EventData.proxy": null, "EventData.peerProtocolFlags": "0", "EventData.bytesTransferredFromPeer": "0", "EventData.AdditionalInfoHr": "0", "EventData.PeerContextInfo": "0", "EventData.bandwidthLimit": "18446744073709551615", "EventData.ignoreBandwidthLimitsOnLan": "False"}
{"EventID": "61", "Channel": "Microsoft-Windows-Bits-Client/Operational", "Provider_Name": "Microsoft-Windows-Bits-Client", "Computer": "DESKTOP-OFJ6N53", "TimeCreated": "2025-08-23 08:18:48.740343+00:00", "RecordID": "85123", "Level": "3", "UserID": "S-1-5-18", "EventData.transferId": "{f9bedb2d-bec5-441a-b1c7-86854af90bd4}", "EventData.name": "Chrome Component Updater", "EventData.Id": "{1b6c7fb0-0192-4c19-bbe3-6bf325dfcc45}", "EventData.url": "http://edgedl.me.gvt1.com/edgedl/diffgen-puffin/ggkkehgbnfjpeggfpleeakpidbkibbmn/cf1ba16f8b36b3ecf7ca1e8d13bf044b6fe28b3f91821c5cd236a729b9fe6eaf", "EventData.peer": null, "EventData.hr": "2147954402", "EventData.fileTime": "0001-01-01 00:00:00", "EventData.fileLength": "18446744073709551615", "EventData.bytesTotal": "18446744073709551615", "EventData.bytesTransferred": "0", "EventData.proxy": null, "EventData.peerProtocolFlags": "0", "EventData.bytesTransferredFromPeer": "0", "EventData.AdditionalInfoHr": "0", "EventData.PeerContextInfo": "0", "EventData.bandwidthLimit": "18446744073709551615", "EventData.ignoreBandwidthLimitsOnLan": "False"}
{"EventID": "61", "Channel": "Microsoft-Windows-Bits-Client/Operational", "Provider_Name": "Microsoft-Windows-Bits-Client", "Computer": "DESKTOP-OFJ6N53", "TimeCreated": "2025-08-23 08:20:09.802853+00:00", "RecordID": "85124", "Level": "3", "UserID": "S-1-5-18", "EventData.transferId": "{224b5377-d088-49d2-a61b-e4c8faa3c826}", "EventData.name": "Chrome Component Updater", "EventData.Id": "{1b6c7fb0-0192-4c19-bbe3-6bf325dfcc45}", "EventData.url": "http://edgedl.me.gvt1.com/edgedl/diffgen-puffin/ggkkehgbnfjpeggfpleeakpidbkibbmn/cf1ba16f8b36b3ecf7ca1e8d13bf044b6fe28b3f91821c5cd236a729b9fe6eaf", "EventData.peer": null, "EventData.hr": "2147954402", "EventData.fileTime": "0001-01-01 00:00:00", "EventData.fileLength": "18446744073709551615", "EventData.bytesTotal": "18446744073709551615", "EventData.bytesTransferred": "0", "EventData.proxy": null, "EventData.peerProtocolFlags": "0", "EventData.bytesTransferredFromPeer": "0", "EventData.AdditionalInfoHr": "0", "EventData.PeerContextInfo": "0", "EventData.bandwidthLimit": "18446744073709551615", "EventData.ignoreBandwidthLimitsOnLan": "False"}
{"EventID": "61", "Channel": "Microsoft-Windows-Bits-Client/Operational", "Provider_Name": "Microsoft-Windows-Bits-Client", "Computer": "DESKTOP-OFJ6N53", "TimeCreated": "2025-08-23 08:21:31.404509+00:00", "RecordID": "85125", "Level": "3", "UserID": "S-1-5-18", "EventData.transferId": "{d86bf564-c1d6-4620-bf30-daa10c805ec5}", "EventData.name": "Chrome Component Updater", "EventData.Id": "{1b6c7fb0-0192-4c19-bbe3-6bf325dfcc45}", "EventData.url": "http://edgedl.me.gvt1.com/edgedl/diffgen-puffin/ggkkehgbnfjpeggfpleeakpidbkibbmn/cf1ba16f8b36b3ecf7ca1e8d13bf044b6fe28b3f91821c5cd236a729b9fe6eaf", "EventData.peer": null, "EventData.hr": "2147954402", "EventData.fileTime": "0001-01-01 00:00:00", "EventData.fileLength": "18446744073709551615", "EventData.bytesTotal": "18446744073709551615", "EventData.bytesTransferred": "0", "EventData.proxy": null, "EventData.peerProtocolFlags": "0", "EventData.bytesTransferredFromPeer": "0", "EventData.AdditionalInfoHr": "0", "EventData.PeerContextInfo": "0", "EventData.bandwidthLimit": "18446744073709551615", "EventData.ignoreBandwidthLimitsOnLan": "False"}
{"EventID": "61", "Channel": "Microsoft-Windows-Bits-Client/Operational", "Provider_Name": "Microsoft-Windows-Bits-Client", "Computer": "DESKTOP-OFJ6N53", "TimeCreated": "2025-08-23 08:22:52.510918+00:00", "RecordID": "85126", "Level": "3", "UserID": "S-1-5-18", "EventData.transferId": "{e1f22263-44a5-46c9-b27b-e4a11425a298}", "EventData.name": "Chrome Component Updater", "EventData.Id": "{1b6c7fb0-0192-4c19-bbe3-6bf325dfcc45}", "EventData.url": "http://edgedl.me.gvt1.com/edgedl/diffgen-puffin/ggkkehgbnfjpeggfpleeakpidbkibbmn/cf1ba16f8b36b3ecf7ca1e8d13bf044b6fe28b3f91821c5cd236a729b9fe6eaf", "EventData.peer": null, "EventData.hr": "2147954402", "EventData.fileTime": "0001-01-01 00:00:00", "EventData.fileLength": "18446744073709551615", "EventData.bytesTotal": "18446744073709551615", "EventData.bytesTransferred": "0", "EventData.proxy": null, "EventData.peerProtocolFlags": "0", "EventData.bytesTransferredFromPeer": "0", "EventData.AdditionalInfoHr": "0", "EventData.PeerContextInfo": "0", "EventData.bandwidthLimit": "18446744073709551615", "EventData.ignoreBandwidthLimitsOnLan": "False"}
{"EventID": "61", "Channel": "Microsoft-Windows-Bits-Client/Operational", "Provider_Name": "Microsoft-Windows-Bits-Client", "Computer": "DESKTOP-OFJ6N53", "TimeCreated": "2025-08-23 08:24:13.816582+00:00", "RecordID": "85127", "Level": "3", "UserID": "S-1-5-18", "EventData.transferId": "{c7cb325a-9e5e-4163-9d2f-821d60f9dba0}", "EventData.name": "Chrome Component Updater", "EventData.Id": "{1b6c7fb0-0192-4c19-bbe3-6bf325dfcc45}", "EventData.url": "http://edgedl.me.gvt1.com/edgedl/diffgen-puffin/ggkkehgbnfjpeggfpleeakpidbkibbmn/cf1ba16f8b36b3ecf7ca1e8d13bf044b6fe28b3f91821c5cd236a729b9fe6eaf", "EventData.peer": null, "EventData.hr": "2147954402", "EventData.fileTime": "0001-01-01 00:00:00", "EventData.fileLength": "18446744073709551615", "EventData.bytesTotal": "18446744073709551615", "EventData.bytesTransferred": "0", "EventData.proxy": null, "EventData.peerProtocolFlags": "0", "EventData.bytesTransferredFromPeer": "0", "EventData.AdditionalInfoHr": "0", "EventData.PeerContextInfo": "0", "EventData.bandwidthLimit": "18446744073709551615", "EventData.ignoreBandwidthLimitsOnLan": "False"}
{"EventID": "61", "Channel": "Microsoft-Windows-Bits-Client/Operational", "Provider_Name": "Microsoft-Windows-Bits-Client", "Computer": "DESKTOP-OFJ6N53", "TimeCreated": "2025-08-23 08:25:34.865463+00:00", "RecordID": "85128", "Level": "3", "UserID": "S-1-5-18", "EventData.transferId": "{1b25ab70-7ddf-4a72-879c-ed7452bb3e82}", "EventData.name": "Chrome Component Updater", "EventData.Id": "{1b6c7fb0-0192-4c19-bbe3-6bf325dfcc45}", "EventData.url": "http://edgedl.me.gvt1.com/edgedl/diffgen-puffin/ggkkehgbnfjpeggfpleeakpidbkibbmn/cf1ba16f8b36b3ecf7ca1e8d13bf044b6fe28b3f91821c5cd236a729b9fe6eaf", "EventData.peer": null, "EventData.hr": "2147954402", "EventData.fileTime": "0001-01-01 00:00:00", "EventData.fileLength": "18446744073709551615", "EventData.bytesTotal": "18446744073709551615", "EventData.bytesTransferred": "0", "EventData.proxy": null, "EventData.peerProtocolFlags": "0", "EventData.bytesTransferredFromPeer": "0", "EventData.AdditionalInfoHr": "0", "EventData.PeerContextInfo": "0", "EventData.bandwidthLimit": "18446744073709551615", "EventData.ignoreBandwidthLimitsOnLan": "False"}
{"EventID": "61", "Channel": "Microsoft-Windows-Bits-Client/Operational", "Provider_Name": "Microsoft-Windows-Bits-Client", "Computer": "DESKTOP-OFJ6N53", "TimeCreated": "2025-08-23 08:26:56.115225+00:00", "RecordID": "85129", "Level": "3", "UserID": "S-1-5-18", "EventData.transferId": "{e24b33b4-8609-4ca4-be4f-365a62ded414}", "EventData.name": "Chrome Component Updater", "EventData.Id": "{1b6c7fb0-0192-4c19-bbe3-6bf325dfcc45}", "EventData.url": "http://edgedl.me.gvt1.com/edgedl/diffgen-puffin/ggkkehgbnfjpeggfpleeakpidbkibbmn/cf1ba16f8b36b3ecf7ca1e8d13bf044b6fe28b3f91821c5cd236a729b9fe6eaf", "EventData.peer": null, "EventData.hr": "2147954402", "EventData.fileTime": "0001-01-01 00:00:00", "EventData.fileLength": "18446744073709551615", "EventData.bytesTotal": "18446744073709551615", "EventData.bytesTransferred": "0", "EventData.proxy": null, "EventData.peerProtocolFlags": "0", "EventData.bytesTransferredFromPeer": "0", "EventData.AdditionalInfoHr": "0", "EventData.PeerContextInfo": "0", "EventData.bandwidthLimit": "18446744073709551615", "EventData.ignoreBandwidthLimitsOnLan": "False"}
{"EventID": "61", "Channel": "Microsoft-Windows-Bits-Client/Operational", "Provider_Name": "Microsoft-Windows-Bits-Client", "Computer": "DESKTOP-OFJ6N53", "TimeCreated": "2025-08-23 08:28:17.146935+00:00", "RecordID": "85130", "Level": "3", "UserID": "S-1-5-18", "EventData.transferId": "{01b345ad-6da4-4db3-b977-32ac15d395fc}", "EventData.name": "Chrome Component Updater", "EventData.Id": "{1b6c7fb0-0192-4c19-bbe3-6bf325dfcc45}", "EventData.url": "http://edgedl.me.gvt1.com/edgedl/diffgen-puffin/ggkkehgbnfjpeggfpleeakpidbkibbmn/cf1ba16f8b36b3ecf7ca1e8d13bf044b6fe28b3f91821c5cd236a729b9fe6eaf", "EventData.peer": null, "EventData.hr": "2147954402", "EventData.fileTime": "0001-01-01 00:00:00", "EventData.fileLength": "18446744073709551615", "EventData.bytesTotal": "18446744073709551615", "EventData.bytesTransferred": "0", "EventData.proxy": null, "EventData.peerProtocolFlags": "0", "EventData.bytesTransferredFromPeer": "0", "EventData.AdditionalInfoHr": "0", "EventData.PeerContextInfo": "0", "EventData.bandwidthLimit": "18446744073709551615", "EventData.ignoreBandwidthLimitsOnLan": "False"}
{"EventID": "61", "Channel": "Microsoft-Windows-Bits-Client/Operational", "Provider_Name": "Microsoft-Windows-Bits-Client", "Computer": "DESKTOP-OFJ6N53", "TimeCreated": "2025-08-23 08:29:38.383049+00:00", "RecordID": "85131", "Level": "3", "UserID": "S-1-5-18", "EventData.transferId": "{4aeca14a-524e-419c-a4cf-77a90f249d18}", "EventData.name": "Chrome Component Updater", "EventData.Id": "{1b6c7fb0-0192-4c19-bbe3-6bf325dfcc45}", "EventData.url": "http://edgedl.me.gvt1.com/edgedl/diffgen-puffin/ggkkehgbnfjpeggfpleeakpidbkibbmn/cf1ba16f8b36b3ecf7ca1e8d13bf044b6fe28b3f91821c5cd236a729b9fe6eaf", "EventData.peer": null, "EventData.hr": "2147954402", "EventData.fileTime": "0001-01-01 00:00:00", "EventData.fileLength": "18446744073709551615", "EventData.bytesTotal": "18446744073709551615", "EventData.bytesTransferred": "0", "EventData.proxy": null, "EventData.peerProtocolFlags": "0", "EventData.bytesTransferredFromPeer": "0", "EventData.AdditionalInfoHr": "0", "EventData.PeerContextInfo": "0", "EventData.bandwidthLimit": "18446744073709551615", "EventData.ignoreBandwidthLimitsOnLan": "False"}
{"EventID": "61", "Channel": "Microsoft-Windows-Bits-Client/Operational", "Provider_Name": "Microsoft-Windows-Bits-Client", "Computer": "DESKTOP-OFJ6N53", "TimeCreated": "2025-08-23 08:30:59.522102+00:00", "RecordID": "85132", "Level": "3", "UserID": "S-1-5-18", "EventData.transferId": "{238766c0-b6db-46a2-9117-e7a961d9868f}", "EventData.name": "Chrome Component Updater", "EventData.Id": "{1b6c7fb0-0192-4c19-bbe3-6bf325dfcc45}", "EventData.url": "http://edgedl.me.gvt1.com/edgedl/diffgen-puffin/ggkkehgbnfjpeggfpleeakpidbkibbmn/cf1ba16f8b36b3ecf7ca1e8d13bf044b6fe28b3f91821c5cd236a729b9fe6eaf", "EventData.peer": null, "EventData.hr": "2147954402", "EventData.fileTime": "0001-01-01 00:00:00", "EventData.fileLength": "18446744073709551615", "EventData.bytesTotal": "18446744073709551615", "EventData.bytesTransferred": "0", "EventData.proxy": null, "EventData.peerProtocolFlags": "0", "EventData.bytesTransferredFromPeer": "0", "EventData.AdditionalInfoHr": "0", "EventData.PeerContextInfo": "0", "EventData.bandwidthLimit": "18446744073709551615", "EventData.ignoreBandwidthLimitsOnLan": "False"}
{"EventID": "61", "Channel": "Microsoft-Windows-Bits-Client/Operational", "Provider_Name": "Microsoft-Windows-Bits-Client", "Computer": "DESKTOP-OFJ6N53", "TimeCreated": "2025-08-23 08:32:20.901810+00:00", "RecordID": "85133", "Level": "3", "UserID": "S-1-5-18", "EventData.transferId": "{e91b22a1-1021-47d5-816b-84b84bbeeed3}", "EventData.name": "Chrome Component Updater", "EventData.Id": "{1b6c7fb0-0192-4c19-bbe3-6bf325dfcc45}", "EventData.url": "http://edgedl.me.gvt1.com/edgedl/diffgen-puffin/ggkkehgbnfjpeggfpleeakpidbkibbmn/cf1ba16f8b36b3ecf7ca1e8d13bf044b6fe28b3f91821c5cd236a729b9fe6eaf", "EventData.peer": null, "EventData.hr": "2147954402", "EventData.fileTime": "0001-01-01 00:00:00", "EventData.fileLength": "18446744073709551615", "EventData.bytesTotal": "18446744073709551615", "EventData.bytesTransferred": "0", "EventData.proxy": null, "EventData.peerProtocolFlags": "0", "EventData.bytesTransferredFromPeer": "0", "EventData.AdditionalInfoHr": "0", "EventData.PeerContextInfo": "0", "EventData.bandwidthLimit": "18446744073709551615", "EventData.ignoreBandwidthLimitsOnLan": "False"}
{"EventID": "61", "Channel": "Microsoft-Windows-Bits-Client/Operational", "Provider_Name": "Microsoft-Windows-Bits-Client", "Computer": "DESKTOP-OFJ6N53", "TimeCreated": "2025-08-23 08:33:41.959366+00:00", "RecordID": "85134", "Level": "3", "UserID": "S-1-5-18", "EventData.transferId": "{fb8817ff-ced5-446c-b6ff-f17511b50c82}", "EventData.name": "Chrome Component Updater", "EventData.Id": "{1b6c7fb0-0192-4c19-bbe3-6bf325dfcc45}", "EventData.url": "http://edgedl.me.gvt1.com/edgedl/diffgen-puffin/ggkkehgbnfjpeggfpleeakpidbkibbmn/cf1ba16f8b36b3ecf7ca1e8d13bf044b6fe28b3f91821c5cd236a729b9fe6eaf", "EventData.peer": null, "EventData.hr": "2147954402", "EventData.fileTime": "0001-01-01 00:00:00", "EventData.fileLength": "18446744073709551615", "EventData.bytesTotal": "18446744073709551615", "EventData.bytesTransferred": "0", "EventData.proxy": null, "EventData.peerProtocolFlags": "0", "EventData.bytesTransferredFromPeer": "0", "EventData.AdditionalInfoHr": "0", "EventData.PeerContextInfo": "0", "EventData.bandwidthLimit": "18446744073709551615", "EventData.ignoreBandwidthLimitsOnLan": "False"}
{"EventID": "61", "Channel": "Microsoft-Windows-Bits-Client/Operational", "Provider_Name": "Microsoft-Windows-Bits-Client", "Computer": "DESKTOP-OFJ6N53", "TimeCreated": "2025-08-23 08:35:03.068964+00:00", "RecordID": "85135", "Level": "3", "UserID": "S-1-5-18", "EventData.transferId": "{bb338cd2-8364-45aa-8cf9-c053a3e69a2c}", "EventData.name": "Chrome Component Updater", "EventData.Id": "{1b6c7fb0-0192-4c19-bbe3-6bf325dfcc45}", "EventData.url": "http://edgedl.me.gvt1.com/edgedl/diffgen-puffin/ggkkehgbnfjpeggfpleeakpidbkibbmn/cf1ba16f8b36b3ecf7ca1e8d13bf044b6fe28b3f91821c5cd236a729b9fe6eaf", "EventData.peer": null, "EventData.hr": "2147954402", "EventData.fileTime": "0001-01-01 00:00:00", "EventData.fileLength": "18446744073709551615", "EventData.bytesTotal": "18446744073709551615", "EventData.bytesTransferred": "0", "EventData.proxy": null, "EventData.peerProtocolFlags": "0", "EventData.bytesTransferredFromPeer": "0", "EventData.AdditionalInfoHr": "0", "EventData.PeerContextInfo": "0", "EventData.bandwidthLimit": "18446744073709551615", "EventData.ignoreBandwidthLimitsOnLan": "False"}
{"EventID": "61", "Channel": "Microsoft-Windows-Bits-Client/Operational", "Provider_Name": "Microsoft-Windows-Bits-Client", "Computer": "DESKTOP-OFJ6N53", "TimeCreated": "2025-08-23 08:36:24.227253+00:00", "RecordID": "85136", "Level": "3", "UserID": "S-1-5-18", "EventData.transferId": "{79545848-2d62-45d5-a610-721fd4bc25a7}", "EventData.name": "Chrome Component Updater", "EventData.Id": "{1b6c7fb0-0192-4c19-bbe3-6bf325dfcc45}", "EventData.url": "http://edgedl.me.gvt1.com/edgedl/diffgen-puffin/ggkkehgbnfjpeggfpleeakpidbkibbmn/cf1ba16f8b36b3ecf7ca1e8d13bf044b6fe28b3f91821c5cd236a729b9fe6eaf", "EventData.peer": null, "EventData.hr": "2147954402", "EventData.fileTime": "0001-01-01 00:00:00", "EventData.fileLength": "18446744073709551615", "EventData.bytesTotal": "18446744073709551615", "EventData.bytesTransferred": "0", "EventData.proxy": null, "EventData.peerProtocolFlags": "0", "EventData.bytesTransferredFromPeer": "0", "EventData.AdditionalInfoHr": "0", "EventData.PeerContextInfo": "0", "EventData.bandwidthLimit": "18446744073709551615", "EventData.ignoreBandwidthLimitsOnLan": "False"}
{"EventID": "61", "Channel": "Microsoft-Windows-Bits-Client/Operational", "Provider_Name": "Microsoft-Windows-Bits-Client", "Computer": "DESKTOP-OFJ6N53", "TimeCreated": "2025-08-23 08:37:45.512756+00:00", "RecordID": "85137", "Level": "3", "UserID": "S-1-5-18", "EventData.transferId": "{4e95b90e-33dd-4879-be54-d8c789365870}", "EventData.name": "Chrome Component Updater", "EventData.Id": "{1b6c7fb0-0192-4c19-bbe3-6bf325dfcc45}", "EventData.url": "http://edgedl.me.gvt1.com/edgedl/diffgen-puffin/ggkkehgbnfjpeggfpleeakpidbkibbmn/cf1ba16f8b36b3ecf7ca1e8d13bf044b6fe28b3f91821c5cd236a729b9fe6eaf", "EventData.peer": null, "EventData.hr": "2147954402", "EventData.fileTime": "0001-01-01 00:00:00", "EventData.fileLength": "18446744073709551615", "EventData.bytesTotal": "18446744073709551615", "EventData.bytesTransferred": "0", "EventData.proxy": null, "EventData.peerProtocolFlags": "0", "EventData.bytesTransferredFromPeer": "0", "EventData.AdditionalInfoHr": "0", "EventData.PeerContextInfo": "0", "EventData.bandwidthLimit": "18446744073709551615", "EventData.ignoreBandwidthLimitsOnLan": "False"}
{"EventID": "61", "Channel": "Microsoft-Windows-Bits-Client/Operational", "Provider_Name": "Microsoft-Windows-Bits-Client", "Computer": "DESKTOP-OFJ6N53", "TimeCreated": "2025-08-23 08:39:06.787378+00:00", "RecordID": "85138", "Level": "3", "UserID": "S-1-5-18", "EventData.transferId": "{f050f04b-86b9-4af0-a618-9f482b704538}", "EventData.name": "Chrome Component Updater", "EventData.Id": "{1b6c7fb0-0192-4c19-bbe3-6bf325dfcc45}", "EventData.url": "http://edgedl.me.gvt1.com/edgedl/diffgen-puffin/ggkkehgbnfjpeggfpleeakpidbkibbmn/cf1ba16f8b36b3ecf7ca1e8d13bf044b6fe28b3f91821c5cd236a729b9fe6eaf", "EventData.peer": null, "EventData.hr": "2147954402", "EventData.fileTime": "0001-01-01 00:00:00", "EventData.fileLength": "18446744073709551615", "EventData.bytesTotal": "18446744073709551615", "EventData.bytesTransferred": "0", "EventData.proxy": null, "EventData.peerProtocolFlags": "0", "EventData.bytesTransferredFromPeer": "0", "EventData.AdditionalInfoHr": "0", "EventData.PeerContextInfo": "0", "EventData.bandwidthLimit": "18446744073709551615", "EventData.ignoreBandwidthLimitsOnLan": "False"}
{"EventID": "61", "Channel": "Microsoft-Windows-Bits-Client/Operational", "Provider_Name": "Microsoft-Windows-Bits-Client", "Computer": "DESKTOP-OFJ6N53", "TimeCreated": "2025-08-23 08:40:28.039011+00:00", "RecordID": "85139", "Level": "3", "UserID": "S-1-5-18", "EventData.transferId": "{15a32d8a-8391-4303-9963-a5f51b9b0a26}", "EventData.name": "Chrome Component Updater", "EventData.Id": "{1b6c7fb0-0192-4c19-bbe3-6bf325dfcc45}", "EventData.url": "http://edgedl.me.gvt1.com/edgedl/diffgen-puffin/ggkkehgbnfjpeggfpleeakpidbkibbmn/cf1ba16f8b36b3ecf7ca1e8d13bf044b6fe28b3f91821c5cd236a729b9fe6eaf", "EventData.peer": null, "EventData.hr": "2147954402", "EventData.fileTime": "0001-01-01 00:00:00", "EventData.fileLength": "18446744073709551615", "EventData.bytesTotal": "18446744073709551615", "EventData.bytesTransferred": "0", "EventData.proxy": null, "EventData.peerProtocolFlags": "0", "EventData.bytesTransferredFromPeer": "0", "EventData.AdditionalInfoHr": "0", "EventData.PeerContextInfo": "0", "EventData.bandwidthLimit": "18446744073709551615", "EventData.ignoreBandwidthLimitsOnLan": "False"}
{"EventID": "61", "Channel": "Microsoft-Windows-Bits-Client/Operational", "Provider_Name": "Microsoft-Windows-Bits-Client", "Computer": "DESKTOP-OFJ6N53", "TimeCreated": "2025-08-23 08:41:49.115406+00:00", "RecordID": "85140", "Level": "3", "UserID": "S-1-5-18", "EventData.transferId": "{b8c8fe77-9603-4cc3-b4f8-24b7f431f9c1}", "EventData.name": "Chrome Component Updater", "EventData.Id": "{1b6c7fb0-0192-4c19-bbe3-6bf325dfcc45}", "EventData.url": "http://edgedl.me.gvt1.com/edgedl/diffgen-puffin/ggkkehgbnfjpeggfpleeakpidbkibbmn/cf1ba16f8b36b3ecf7ca1e8d13bf044b6fe28b3f91821c5cd236a729b9fe6eaf", "EventData.peer": null, "EventData.hr": "2147954402", "EventData.fileTime": "0001-01-01 00:00:00", "EventData.fileLength": "18446744073709551615", "EventData.bytesTotal": "18446744073709551615", "EventData.bytesTransferred": "0", "EventData.proxy": null, "EventData.peerProtocolFlags": "0", "EventData.bytesTransferredFromPeer": "0", "EventData.AdditionalInfoHr": "0", "EventData.PeerContextInfo": "0", "EventData.bandwidthLimit": "18446744073709551615", "EventData.ignoreBandwidthLimitsOnLan": "False"}
{"EventID": "61", "Channel": "Microsoft-Windows-Bits-Client/Operational", "Provider_Name": "Microsoft-Windows-Bits-Client", "Computer": "DESKTOP-OFJ6N53", "TimeCreated": "2025-08-23 08:43:10.240778+00:00", "RecordID": "85141", "Level": "3", "UserID": "S-1-5-18", "EventData.transferId": "{08dce9c7-073f-4019-9992-a2b3ac280907}", "EventData.name": "Chrome Component Updater", "EventData.Id": "{1b6c7fb0-0192-4c19-bbe3-6bf325dfcc45}", "EventData.url": "http://edgedl.me.gvt1.com/edgedl/diffgen-puffin/ggkkehgbnfjpeggfpleeakpidbkibbmn/cf1ba16f8b36b3ecf7ca1e8d13bf044b6fe28b3f91821c5cd236a729b9fe6eaf", "EventData.peer": null, "EventData.hr": "2147954402", "EventData.fileTime": "0001-01-01 00:00:00", "EventData.fileLength": "18446744073709551615", "EventData.bytesTotal": "18446744073709551615", "EventData.bytesTransferred": "0", "EventData.proxy": null, "EventData.peerProtocolFlags": "0", "EventData.bytesTransferredFromPeer": "0", "EventData.AdditionalInfoHr": "0", "EventData.PeerContextInfo": "0", "EventData.bandwidthLimit": "18446744073709551615", "EventData.ignoreBandwidthLimitsOnLan": "False"}
{"EventID": "61", "Channel": "Microsoft-Windows-Bits-Client/Operational", "Provider_Name": "Microsoft-Windows-Bits-Client", "Computer": "DESKTOP-OFJ6N53", "TimeCreated": "2025-08-23 08:44:31.287786+00:00", "RecordID": "85142", "Level": "3", "UserID": "S-1-5-18", "EventData.transferId": "{e7825f38-48ae-4027-9193-3dfcda740508}", "EventData.name": "Chrome Component Updater", "EventData.Id": "{1b6c7fb0-0192-4c19-bbe3-6bf325dfcc45}", "EventData.url": "http://edgedl.me.gvt1.com/edgedl/diffgen-puffin/ggkkehgbnfjpeggfpleeakpidbkibbmn/cf1ba16f8b36b3ecf7ca1e8d13bf044b6fe28b3f91821c5cd236a729b9fe6eaf", "EventData.peer": null, "EventData.hr": "2147954402", "EventData.fileTime": "0001-01-01 00:00:00", "EventData.fileLength": "18446744073709551615", "EventData.bytesTotal": "18446744073709551615", "EventData.bytesTransferred": "0", "EventData.proxy": null, "EventData.peerProtocolFlags": "0", "EventData.bytesTransferredFromPeer": "0", "EventData.AdditionalInfoHr": "0", "EventData.PeerContextInfo": "0", "EventData.bandwidthLimit": "18446744073709551615", "EventData.ignoreBandwidthLimitsOnLan": "False"}
{"EventID": "61", "Channel": "Microsoft-Windows-Bits-Client/Operational", "Provider_Name": "Microsoft-Windows-Bits-Client", "Computer": "DESKTOP-OFJ6N53", "TimeCreated": "2025-08-23 08:45:52.536104+00:00", "RecordID": "85143", "Level": "3", "UserID": "S-1-5-18", "EventData.transferId": "{6bf35f20-1786-4614-9618-c2b3e32a06d1}", "EventData.name": "Chrome Component Updater", "EventData.Id": "{1b6c7fb0-0192-4c19-bbe3-6bf325dfcc45}", "EventData.url": "http://edgedl.me.gvt1.com/edgedl/diffgen-puffin/ggkkehgbnfjpeggfpleeakpidbkibbmn/cf1ba16f8b36b3ecf7ca1e8d13bf044b6fe28b3f91821c5cd236a729b9fe6eaf", "EventData.peer": null, "EventData.hr": "2147954402", "EventData.fileTime": "0001-01-01 00:00:00", "EventData.fileLength": "18446744073709551615", "EventData.bytesTotal": "18446744073709551615", "EventData.bytesTransferred": "0", "EventData.proxy": null, "EventData.peerProtocolFlags": "0", "EventData.bytesTransferredFromPeer": "0", "EventData.AdditionalInfoHr": "0", "EventData.PeerContextInfo": "0", "EventData.bandwidthLimit": "18446744073709551615", "EventData.ignoreBandwidthLimitsOnLan": "False"}
{"EventID": "61", "Channel": "Microsoft-Windows-Bits-Client/Operational", "Provider_Name": "Microsoft-Windows-Bits-Client", "Computer": "DESKTOP-OFJ6N53", "TimeCreated": "2025-08-23 08:47:13.615456+00:00", "RecordID": "85144", "Level": "3", "UserID": "S-1-5-18", "EventData.transferId": "{289f8f47-3200-43ab-9018-3727725a993f}", "EventData.name": "Chrome Component Updater", "EventData.Id": "{1b6c7fb0-0192-4c19-bbe3-6bf325dfcc45}", "EventData.url": "http://edgedl.me.gvt1.com/edgedl/diffgen-puffin/ggkkehgbnfjpeggfpleeakpidbkibbmn/cf1ba16f8b36b3ecf7ca1e8d13bf044b6fe28b3f91821c5cd236a729b9fe6eaf", "EventData.peer": null, "EventData.hr": "2147954402", "EventData.fileTime": "0001-01-01 00:00:00", "EventData.fileLength": "18446744073709551615", "EventData.bytesTotal": "18446744073709551615", "EventData.bytesTransferred": "0", "EventData.proxy": null, "EventData.peerProtocolFlags": "0", "EventData.bytesTransferredFromPeer": "0", "EventData.AdditionalInfoHr": "0", "EventData.PeerContextInfo": "0", "EventData.bandwidthLimit": "18446744073709551615", "EventData.ignoreBandwidthLimitsOnLan": "False"}
{"EventID": "61", "Channel": "Microsoft-Windows-Bits-Client/Operational", "Provider_Name": "Microsoft-Windows-Bits-Client", "Computer": "DESKTOP-OFJ6N53", "TimeCreated": "2025-08-23 08:48:34.948713+00:00", "RecordID": "85145", "Level": "3", "UserID": "S-1-5-18", "EventData.transferId": "{27d43fc3-2b41-4305-9136-d5e291b74116}", "EventData.name": "Chrome Component Updater", "EventData.Id": "{1b6c7fb0-0192-4c19-bbe3-6bf325dfcc45}", "EventData.url": "http://edgedl.me.gvt1.com/edgedl/diffgen-puffin/ggkkehgbnfjpeggfpleeakpidbkibbmn/cf1ba16f8b36b3ecf7ca1e8d13bf044b6fe28b3f91821c5cd236a729b9fe6eaf", "EventData.peer": null, "EventData.hr": "2147954402", "EventData.fileTime": "0001-01-01 00:00:00", "EventData.fileLength": "18446744073709551615", "EventData.bytesTotal": "18446744073709551615", "EventData.bytesTransferred": "0", "EventData.proxy": null, "EventData.peerProtocolFlags": "0", "EventData.bytesTransferredFromPeer": "0", "EventData.AdditionalInfoHr": "0", "EventData.PeerContextInfo": "0", "EventData.bandwidthLimit": "18446744073709551615", "EventData.ignoreBandwidthLimitsOnLan": "False"}
{"EventID": "61", "Channel": "Microsoft-Windows-Bits-Client/Operational", "Provider_Name": "Microsoft-Windows-Bits-Client", "Computer": "DESKTOP-OFJ6N53", "TimeCreated": "2025-08-23 08:49:56.053043+00:00", "RecordID": "85146", "Level": "3", "UserID": "S-1-5-18", "EventData.transferId": "{a5f0230b-53f1-447d-b461-dad8b29344c1}", "EventData.name": "Chrome Component Updater", "EventData.Id": "{1b6c7fb0-0192-4c19-bbe3-6bf325dfcc45}", "EventData.url": "http://edgedl.me.gvt1.com/edgedl/diffgen-puffin/ggkkehgbnfjpeggfpleeakpidbkibbmn/cf1ba16f8b36b3ecf7ca1e8d13bf044b6fe28b3f91821c5cd236a729b9fe6eaf", "EventData.peer": null, "EventData.hr": "2147954402", "EventData.fileTime": "0001-01-01 00:00:00", "EventData.fileLength": "18446744073709551615", "EventData.bytesTotal": "18446744073709551615", "EventData.bytesTransferred": "0", "EventData.proxy": null, "EventData.peerProtocolFlags": "0", "EventData.bytesTransferredFromPeer": "0", "EventData.AdditionalInfoHr": "0", "EventData.PeerContextInfo": "0", "EventData.bandwidthLimit": "18446744073709551615", "EventData.ignoreBandwidthLimitsOnLan": "False"}
{"EventID": "61", "Channel": "Microsoft-Windows-Bits-Client/Operational", "Provider_Name": "Microsoft-Windows-Bits-Client", "Computer": "DESKTOP-OFJ6N53", "TimeCreated": "2025-08-23 08:51:17.553053+00:00", "RecordID": "85147", "Level": "3", "UserID": "S-1-5-18", "EventData.transferId": "{b6738814-aaf3-4703-bef2-a7e803e0aa24}", "EventData.name": "Chrome Component Updater", "EventData.Id": "{1b6c7fb0-0192-4c19-bbe3-6bf325dfcc45}", "EventData.url": "http://edgedl.me.gvt1.com/edgedl/diffgen-puffin/ggkkehgbnfjpeggfpleeakpidbkibbmn/cf1ba16f8b36b3ecf7ca1e8d13bf044b6fe28b3f91821c5cd236a729b9fe6eaf", "EventData.peer": null, "EventData.hr": "2147954402", "EventData.fileTime": "0001-01-01 00:00:00", "EventData.fileLength": "18446744073709551615", "EventData.bytesTotal": "18446744073709551615", "EventData.bytesTransferred": "0", "EventData.proxy": null, "EventData.peerProtocolFlags": "0", "EventData.bytesTransferredFromPeer": "0", "EventData.AdditionalInfoHr": "0", "EventData.PeerContextInfo": "0", "EventData.bandwidthLimit": "18446744073709551615", "EventData.ignoreBandwidthLimitsOnLan": "False"}
{"EventID": "61", "Channel": "Microsoft-Windows-Bits-Client/Operational", "Provider_Name": "Microsoft-Windows-Bits-Client", "Computer": "DESKTOP-OFJ6N53", "TimeCreated": "2025-08-23 08:52:38.693954+00:00", "RecordID": "85148", "Level": "3", "UserID": "S-1-5-18", "EventData.transferId": "{ac7e0a93-c95a-4d2d-8a16-74c5d535e8c5}", "EventData.name": "Chrome Component Updater", "EventData.Id": "{1b6c7fb0-0192-4c19-bbe3-6bf325dfcc45}", "EventData.url": "http://edgedl.me.gvt1.com/edgedl/diffgen-puffin/ggkkehgbnfjpeggfpleeakpidbkibbmn/cf1ba16f8b36b3ecf7ca1e8d13bf044b6fe28b3f91821c5cd236a729b9fe6eaf", "EventData.peer": null, "EventData.hr": "2147954402", "EventData.fileTime": "0001-01-01 00:00:00", "EventData.fileLength": "18446744073709551615", "EventData.bytesTotal": "18446744073709551615", "EventData.bytesTransferred": "0", "EventData.proxy": null, "EventData.peerProtocolFlags": "0", "EventData.bytesTransferredFromPeer": "0", "EventData.AdditionalInfoHr": "0", "EventData.PeerContextInfo": "0", "EventData.bandwidthLimit": "18446744073709551615", "EventData.ignoreBandwidthLimitsOnLan": "False"}
{"EventID": "61", "Channel": "Microsoft-Windows-Bits-Client/Operational", "Provider_Name": "Microsoft-Windows-Bits-Client", "Computer": "DESKTOP-OFJ6N53", "TimeCreated": "2025-08-23 08:53:59.959183+00:00", "RecordID": "85149", "Level": "3", "UserID": "S-1-5-18", "EventData.transferId": "{0c654fae-4a4f-4d0f-91e5-027d70a82fa4}", "EventData.name": "Chrome Component Updater", "EventData.Id": "{1b6c7fb0-0192-4c19-bbe3-6bf325dfcc45}", "EventData.url": "http://edgedl.me.gvt1.com/edgedl/diffgen-puffin/ggkkehgbnfjpeggfpleeakpidbkibbmn/cf1ba16f8b36b3ecf7ca1e8d13bf044b6fe28b3f91821c5cd236a729b9fe6eaf", "EventData.peer": null, "EventData.hr": "2147954402", "EventData.fileTime": "0001-01-01 00:00:00", "EventData.fileLength": "18446744073709551615", "EventData.bytesTotal": "18446744073709551615", "EventData.bytesTransferred": "0", "EventData.proxy": null, "EventData.peerProtocolFlags": "0", "EventData.bytesTransferredFromPeer": "0", "EventData.AdditionalInfoHr": "0", "EventData.PeerContextInfo": "0", "EventData.bandwidthLimit": "18446744073709551615", "EventData.ignoreBandwidthLimitsOnLan": "False"}
{"EventID": "61", "Channel": "Microsoft-Windows-Bits-Client/Operational", "Provider_Name": "Microsoft-Windows-Bits-Client", "Computer": "DESKTOP-OFJ6N53", "TimeCreated": "2025-08-23 08:55:21.068687+00:00", "RecordID": "85150", "Level": "3", "UserID": "S-1-5-18", "EventData.transferId": "{fde63526-ce6f-4310-8eae-91973dd2769f}", "EventData.name": "Chrome Component Updater", "EventData.Id": "{1b6c7fb0-0192-4c19-bbe3-6bf325dfcc45}", "EventData.url": "http://edgedl.me.gvt1.com/edgedl/diffgen-puffin/ggkkehgbnfjpeggfpleeakpidbkibbmn/cf1ba16f8b36b3ecf7ca1e8d13bf044b6fe28b3f91821c5cd236a729b9fe6eaf", "EventData.peer": null, "EventData.hr": "2147954402", "EventData.fileTime": "0001-01-01 00:00:00", "EventData.fileLength": "18446744073709551615", "EventData.bytesTotal": "18446744073709551615", "EventData.bytesTransferred": "0", "EventData.proxy": null, "EventData.peerProtocolFlags": "0", "EventData.bytesTransferredFromPeer": "0", "EventData.AdditionalInfoHr": "0", "EventData.PeerContextInfo": "0", "EventData.bandwidthLimit": "18446744073709551615", "EventData.ignoreBandwidthLimitsOnLan": "False"}
{"EventID": "61", "Channel": "Microsoft-Windows-Bits-Client/Operational", "Provider_Name": "Microsoft-Windows-Bits-Client", "Computer": "DESKTOP-OFJ6N53", "TimeCreated": "2025-08-23 08:56:42.178047+00:00", "RecordID": "85151", "Level": "3", "UserID": "S-1-5-18", "EventData.transferId": "{2c5b82a3-1f4f-45c0-a095-76ff8b5ead12}", "EventData.name": "Chrome Component Updater", "EventData.Id": "{1b6c7fb0-0192-4c19-bbe3-6bf325dfcc45}", "EventData.url": "http://edgedl.me.gvt1.com/edgedl/diffgen-puffin/ggkkehgbnfjpeggfpleeakpidbkibbmn/cf1ba16f8b36b3ecf7ca1e8d13bf044b6fe28b3f91821c5cd236a729b9fe6eaf", "EventData.peer": null, "EventData.hr": "2147954402", "EventData.fileTime": "0001-01-01 00:00:00", "EventData.fileLength": "18446744073709551615", "EventData.bytesTotal": "18446744073709551615", "EventData.bytesTransferred": "0", "EventData.proxy": null, "EventData.peerProtocolFlags": "0", "EventData.bytesTransferredFromPeer": "0", "EventData.AdditionalInfoHr": "0", "EventData.PeerContextInfo": "0", "EventData.bandwidthLimit": "18446744073709551615", "EventData.ignoreBandwidthLimitsOnLan": "False"}
{"EventID": "61", "Channel": "Microsoft-Windows-Bits-Client/Operational", "Provider_Name": "Microsoft-Windows-Bits-Client", "Computer": "DESKTOP-OFJ6N53", "TimeCreated": "2025-08-23 08:58:03.365273+00:00", "RecordID": "85152", "Level": "3", "UserID": "S-1-5-18", "EventData.transferId": "{f0bbd80c-ada4-4849-b838-c3b61bb6f02b}", "EventData.name": "Chrome Component Updater", "EventData.Id": "{1b6c7fb0-0192-4c19-bbe3-6bf325dfcc45}", "EventData.url": "http://edgedl.me.gvt1.com/edgedl/diffgen-puffin/ggkkehgbnfjpeggfpleeakpidbkibbmn/cf1ba16f8b36b3ecf7ca1e8d13bf044b6fe28b3f91821c5cd236a729b9fe6eaf", "EventData.peer": null, "EventData.hr": "2147954402", "EventData.fileTime": "0001-01-01 00:00:00", "EventData.fileLength": "18446744073709551615", "EventData.bytesTotal": "18446744073709551615", "EventData.bytesTransferred": "0", "EventData.proxy": null, "EventData.peerProtocolFlags": "0", "EventData.bytesTransferredFromPeer": "0", "EventData.AdditionalInfoHr": "0", "EventData.PeerContextInfo": "0", "EventData.bandwidthLimit": "18446744073709551615", "EventData.ignoreBandwidthLimitsOnLan": "False"}
{"EventID": "61", "Channel": "Microsoft-Windows-Bits-Client/Operational", "Provider_Name": "Microsoft-Windows-Bits-Client", "Computer": "DESKTOP-OFJ6N53", "TimeCreated": "2025-08-23 08:59:24.740519+00:00", "RecordID": "85153", "Level": "3", "UserID": "S-1-5-18", "EventData.transferId": "{ba123521-050d-4842-b863-e5eb8e886ae7}", "EventData.name": "Chrome Component Updater", "EventData.Id": "{1b6c7fb0-0192-4c19-bbe3-6bf325dfcc45}", "EventData.url": "http://edgedl.me.gvt1.com/edgedl/diffgen-puffin/ggkkehgbnfjpeggfpleeakpidbkibbmn/cf1ba16f8b36b3ecf7ca1e8d13bf044b6fe28b3f91821c5cd236a729b9fe6eaf", "EventData.peer": null, "EventData.hr": "2147954402", "EventData.fileTime": "0001-01-01 00:00:00", "EventData.fileLength": "18446744073709551615", "EventData.bytesTotal": "18446744073709551615", "EventData.bytesTransferred": "0", "EventData.proxy": null, "EventData.peerProtocolFlags": "0", "EventData.bytesTransferredFromPeer": "0", "EventData.AdditionalInfoHr": "0", "EventData.PeerContextInfo": "0", "EventData.bandwidthLimit": "18446744073709551615", "EventData.ignoreBandwidthLimitsOnLan": "False"}
{"EventID": "61", "Channel": "Microsoft-Windows-Bits-Client/Operational", "Provider_Name": "Microsoft-Windows-Bits-Client", "Computer": "DESKTOP-OFJ6N53", "TimeCreated": "2025-08-23 09:00:45.849846+00:00", "RecordID": "85154", "Level": "3", "UserID": "S-1-5-18", "EventData.transferId": "{1be82dfd-d072-4826-bcff-5dada334ab0c}", "EventData.name": "Chrome Component Updater", "EventData.Id": "{1b6c7fb0-0192-4c19-bbe3-6bf325dfcc45}", "EventData.url": "http://edgedl.me.gvt1.com/edgedl/diffgen-puffin/ggkkehgbnfjpeggfpleeakpidbkibbmn/cf1ba16f8b36b3ecf7ca1e8d13bf044b6fe28b3f91821c5cd236a729b9fe6eaf", "EventData.peer": null, "EventData.hr": "2147954402", "EventData.fileTime": "0001-01-01 00:00:00", "EventData.fileLength": "18446744073709551615", "EventData.bytesTotal": "18446744073709551615", "EventData.bytesTransferred": "0", "EventData.proxy": null, "EventData.peerProtocolFlags": "0", "EventData.bytesTransferredFromPeer": "0", "EventData.AdditionalInfoHr": "0", "EventData.PeerContextInfo": "0", "EventData.bandwidthLimit": "18446744073709551615", "EventData.ignoreBandwidthLimitsOnLan": "False"}
{"EventID": "61", "Channel": "Microsoft-Windows-Bits-Client/Operational", "Provider_Name": "Microsoft-Windows-Bits-Client", "Computer": "DESKTOP-OFJ6N53", "TimeCreated": "2025-08-23 09:02:06.912144+00:00", "RecordID": "85155", "Level": "3", "UserID": "S-1-5-18", "EventData.transferId": "{3880d29d-da0a-4df8-98ed-11e0a67703a1}", "EventData.name": "Chrome Component Updater", "EventData.Id": "{1b6c7fb0-0192-4c19-bbe3-6bf325dfcc45}", "EventData.url": "http://edgedl.me.gvt1.com/edgedl/diffgen-puffin/ggkkehgbnfjpeggfpleeakpidbkibbmn/cf1ba16f8b36b3ecf7ca1e8d13bf044b6fe28b3f91821c5cd236a729b9fe6eaf", "EventData.peer": null, "EventData.hr": "2147954402", "EventData.fileTime": "0001-01-01 00:00:00", "EventData.fileLength": "18446744073709551615", "EventData.bytesTotal": "18446744073709551615", "EventData.bytesTransferred": "0", "EventData.proxy": null, "EventData.peerProtocolFlags": "0", "EventData.bytesTransferredFromPeer": "0", "EventData.AdditionalInfoHr": "0", "EventData.PeerContextInfo": "0", "EventData.bandwidthLimit": "18446744073709551615", "EventData.ignoreBandwidthLimitsOnLan": "False"}
{"EventID": "61", "Channel": "Microsoft-Windows-Bits-Client/Operational", "Provider_Name": "Microsoft-Windows-Bits-Client", "Computer": "DESKTOP-OFJ6N53", "TimeCreated": "2025-08-23 09:03:28.256039+00:00", "RecordID": "85156", "Level": "3", "UserID": "S-1-5-18", "EventData.transferId": "{7068f9a0-a503-40b4-be10-2e60141f9885}", "EventData.name": "Chrome Component Updater", "EventData.Id": "{1b6c7fb0-0192-4c19-bbe3-6bf325dfcc45}", "EventData.url": "http://edgedl.me.gvt1.com/edgedl/diffgen-puffin/ggkkehgbnfjpeggfpleeakpidbkibbmn/cf1ba16f8b36b3ecf7ca1e8d13bf044b6fe28b3f91821c5cd236a729b9fe6eaf", "EventData.peer": null, "EventData.hr": "2147954402", "EventData.fileTime": "0001-01-01 00:00:00", "EventData.fileLength": "18446744073709551615", "EventData.bytesTotal": "18446744073709551615", "EventData.bytesTransferred": "0", "EventData.proxy": null, "EventData.peerProtocolFlags": "0", "EventData.bytesTransferredFromPeer": "0", "EventData.AdditionalInfoHr": "0", "EventData.PeerContextInfo": "0", "EventData.bandwidthLimit": "18446744073709551615", "EventData.ignoreBandwidthLimitsOnLan": "False"}
{"EventID": "61", "Channel": "Microsoft-Windows-Bits-Client/Operational", "Provider_Name": "Microsoft-Windows-Bits-Client", "Computer": "DESKTOP-OFJ6N53", "TimeCreated": "2025-08-23 09:04:50.032476+00:00", "RecordID": "85157", "Level": "3", "UserID": "S-1-5-18", "EventData.transferId": "{e971af8b-ff29-4fd5-b956-dd7449e87a55}", "EventData.name": "Chrome Component Updater", "EventData.Id": "{1b6c7fb0-0192-4c19-bbe3-6bf325dfcc45}", "EventData.url": "http://edgedl.me.gvt1.com/edgedl/diffgen-puffin/ggkkehgbnfjpeggfpleeakpidbkibbmn/cf1ba16f8b36b3ecf7ca1e8d13bf044b6fe28b3f91821c5cd236a729b9fe6eaf", "EventData.peer": null, "EventData.hr": "2147954402", "EventData.fileTime": "0001-01-01 00:00:00", "EventData.fileLength": "18446744073709551615", "EventData.bytesTotal": "18446744073709551615", "EventData.bytesTransferred": "0", "EventData.proxy": null, "EventData.peerProtocolFlags": "0", "EventData.bytesTransferredFromPeer": "0", "EventData.AdditionalInfoHr": "0", "EventData.PeerContextInfo": "0", "EventData.bandwidthLimit": "18446744073709551615", "EventData.ignoreBandwidthLimitsOnLan": "False"}
{"EventID": "61", "Channel": "Microsoft-Windows-Bits-Client/Operational", "Provider_Name": "Microsoft-Windows-Bits-Client", "Computer": "DESKTOP-OFJ6N53", "TimeCreated": "2025-08-23 09:06:11.177805+00:00", "RecordID": "85158", "Level": "3", "UserID": "S-1-5-18", "EventData.transferId": "{7e90c9a9-f8df-47a8-9dbb-6c29049fe3bc}", "EventData.name": "Chrome Component Updater", "EventData.Id": "{1b6c7fb0-0192-4c19-bbe3-6bf325dfcc45}", "EventData.url": "http://edgedl.me.gvt1.com/edgedl/diffgen-puffin/ggkkehgbnfjpeggfpleeakpidbkibbmn/cf1ba16f8b36b3ecf7ca1e8d13bf044b6fe28b3f91821c5cd236a729b9fe6eaf", "EventData.peer": null, "EventData.hr": "2147954402", "EventData.fileTime": "0001-01-01 00:00:00", "EventData.fileLength": "18446744073709551615", "EventData.bytesTotal": "18446744073709551615", "EventData.bytesTransferred": "0", "EventData.proxy": null, "EventData.peerProtocolFlags": "0", "EventData.bytesTransferredFromPeer": "0", "EventData.AdditionalInfoHr": "0", "EventData.PeerContextInfo": "0", "EventData.bandwidthLimit": "18446744073709551615", "EventData.ignoreBandwidthLimitsOnLan": "False"}
{"EventID": "61", "Channel": "Microsoft-Windows-Bits-Client/Operational", "Provider_Name": "Microsoft-Windows-Bits-Client", "Computer": "DESKTOP-OFJ6N53", "TimeCreated": "2025-08-23 09:07:32.302961+00:00", "RecordID": "85159", "Level": "3", "UserID": "S-1-5-18", "EventData.transferId": "{5d623557-a0e1-4615-bac6-75c1f0d9f742}", "EventData.name": "Chrome Component Updater", "EventData.Id": "{1b6c7fb0-0192-4c19-bbe3-6bf325dfcc45}", "EventData.url": "http://edgedl.me.gvt1.com/edgedl/diffgen-puffin/ggkkehgbnfjpeggfpleeakpidbkibbmn/cf1ba16f8b36b3ecf7ca1e8d13bf044b6fe28b3f91821c5cd236a729b9fe6eaf", "EventData.peer": null, "EventData.hr": "2147954402", "EventData.fileTime": "0001-01-01 00:00:00", "EventData.fileLength": "18446744073709551615", "EventData.bytesTotal": "18446744073709551615", "EventData.bytesTransferred": "0", "EventData.proxy": null, "EventData.peerProtocolFlags": "0", "EventData.bytesTransferredFromPeer": "0", "EventData.AdditionalInfoHr": "0", "EventData.PeerContextInfo": "0", "EventData.bandwidthLimit": "18446744073709551615", "EventData.ignoreBandwidthLimitsOnLan": "False"}
{"EventID": "61", "Channel": "Microsoft-Windows-Bits-Client/Operational", "Provider_Name": "Microsoft-Windows-Bits-Client", "Computer": "DESKTOP-OFJ6N53", "TimeCreated": "2025-08-23 09:08:53.365326+00:00", "RecordID": "85160", "Level": "3", "UserID": "S-1-5-18", "EventData.transferId": "{3256b419-2c81-444e-ae93-5aa551c88080}", "EventData.name": "Chrome Component Updater", "EventData.Id": "{1b6c7fb0-0192-4c19-bbe3-6bf325dfcc45}", "EventData.url": "http://edgedl.me.gvt1.com/edgedl/diffgen-puffin/ggkkehgbnfjpeggfpleeakpidbkibbmn/cf1ba16f8b36b3ecf7ca1e8d13bf044b6fe28b3f91821c5cd236a729b9fe6eaf", "EventData.peer": null, "EventData.hr": "2147954402", "EventData.fileTime": "0001-01-01 00:00:00", "EventData.fileLength": "18446744073709551615", "EventData.bytesTotal": "18446744073709551615", "EventData.bytesTransferred": "0", "EventData.proxy": null, "EventData.peerProtocolFlags": "0", "EventData.bytesTransferredFromPeer": "0", "EventData.AdditionalInfoHr": "0", "EventData.PeerContextInfo": "0", "EventData.bandwidthLimit": "18446744073709551615", "EventData.ignoreBandwidthLimitsOnLan": "False"}
{"EventID": "61", "Channel": "Microsoft-Windows-Bits-Client/Operational", "Provider_Name": "Microsoft-Windows-Bits-Client", "Computer": "DESKTOP-OFJ6N53", "TimeCreated": "2025-08-23 09:10:14.381353+00:00", "RecordID": "85161", "Level": "3", "UserID": "S-1-5-18", "EventData.transferId": "{ce9c5d4b-d807-405b-afe0-81eee90f189e}", "EventData.name": "Chrome Component Updater", "EventData.Id": "{1b6c7fb0-0192-4c19-bbe3-6bf325dfcc45}", "EventData.url": "http://edgedl.me.gvt1.com/edgedl/diffgen-puffin/ggkkehgbnfjpeggfpleeakpidbkibbmn/cf1ba16f8b36b3ecf7ca1e8d13bf044b6fe28b3f91821c5cd236a729b9fe6eaf", "EventData.peer": null, "EventData.hr": "2147954402", "EventData.fileTime": "0001-01-01 00:00:00", "EventData.fileLength": "18446744073709551615", "EventData.bytesTotal": "18446744073709551615", "EventData.bytesTransferred": "0", "EventData.proxy": null, "EventData.peerProtocolFlags": "0", "EventData.bytesTransferredFromPeer": "0", "EventData.AdditionalInfoHr": "0", "EventData.PeerContextInfo": "0", "EventData.bandwidthLimit": "18446744073709551615", "EventData.ignoreBandwidthLimitsOnLan": "False"}
{"EventID": "61", "Channel": "Microsoft-Windows-Bits-Client/Operational", "Provider_Name": "Microsoft-Windows-Bits-Client", "Computer": "DESKTOP-OFJ6N53", "TimeCreated": "2025-08-23 09:11:35.507732+00:00", "RecordID": "85162", "Level": "3", "UserID": "S-1-5-18", "EventData.transferId": "{5627da54-2882-439e-b767-ebe921ed775b}", "EventData.name": "Chrome Component Updater", "EventData.Id": "{1b6c7fb0-0192-4c19-bbe3-6bf325dfcc45}", "EventData.url": "http://edgedl.me.gvt1.com/edgedl/diffgen-puffin/ggkkehgbnfjpeggfpleeakpidbkibbmn/cf1ba16f8b36b3ecf7ca1e8d13bf044b6fe28b3f91821c5cd236a729b9fe6eaf", "EventData.peer": null, "EventData.hr": "2147954402", "EventData.fileTime": "0001-01-01 00:00:00", "EventData.fileLength": "18446744073709551615", "EventData.bytesTotal": "18446744073709551615", "EventData.bytesTransferred": "0", "EventData.proxy": null, "EventData.peerProtocolFlags": "0", "EventData.bytesTransferredFromPeer": "0", "EventData.AdditionalInfoHr": "0", "EventData.PeerContextInfo": "0", "EventData.bandwidthLimit": "18446744073709551615", "EventData.ignoreBandwidthLimitsOnLan": "False"}
