{"EventID": "4000", "Channel": "Microsoft-Windows-LanguagePackSetup/Operational", "Provider_Name": "Microsoft-Windows-LanguagePackSetup", "Computer": "DESKTOP-OFJ6N53", "TimeCreated": "2025-02-17 08:54:41.833410+00:00", "RecordID": "726", "Level": "4", "UserID": "S-1-5-18"}
{"EventID": "4001", "Channel": "Microsoft-Windows-LanguagePackSetup/Operational", "Provider_Name": "Microsoft-Windows-LanguagePackSetup", "Computer": "DESKTOP-OFJ6N53", "TimeCreated": "2025-02-17 08:54:41.834211+00:00", "RecordID": "727", "Level": "4", "UserID": "S-1-5-18"}
{"EventID": "4000", "Channel": "Microsoft-Windows-LanguagePackSetup/Operational", "Provider_Name": "Microsoft-Windows-LanguagePackSetup", "Computer": "DESKTOP-OFJ6N53", "TimeCreated": "2025-02-20 08:54:49.738903+00:00", "RecordID": "728", "Level": "4", "UserID": "S-1-5-18"}
{"EventID": "4001", "Channel": "Microsoft-Windows-LanguagePackSetup/Operational", "Provider_Name": "Microsoft-Windows-LanguagePackSetup", "Computer": "DESKTOP-OFJ6N53", "TimeCreated": "2025-02-20 08:54:49.739628+00:00", "RecordID": "729", "Level": "4", "UserID": "S-1-5-18"}
{"EventID": "4000", "Channel": "Microsoft-Windows-LanguagePackSetup/Operational", "Provider_Name": "Microsoft-Windows-LanguagePackSetup", "Computer": "DESKTOP-OFJ6N53", "TimeCreated": "2025-02-23 08:54:56.787455+00:00", "RecordID": "730", "Level": "4", "UserID": "S-1-5-18"}
{"EventID": "4001", "Channel": "Microsoft-Windows-LanguagePackSetup/Operational", "Provider_Name": "Microsoft-Windows-LanguagePackSetup", "Computer": "DESKTOP-OFJ6N53", "TimeCreated": "2025-02-23 08:54:56.788570+00:00", "RecordID": "731", "Level": "4", "UserID": "S-1-5-18"}
{"EventID": "4000", "Channel": "Microsoft-Windows-LanguagePackSetup/Operational", "Provider_Name": "Microsoft-Windows-LanguagePackSetup", "Computer": "DESKTOP-OFJ6N53", "TimeCreated": "2025-02-26 08:54:59.759573+00:00", "RecordID": "732", "Level": "4", "UserID": "S-1-5-18"}
{"EventID": "4001", "Channel": "Microsoft-Windows-LanguagePackSetup/Operational", "Provider_Name": "Microsoft-Windows-LanguagePackSetup", "Computer": "DESKTOP-OFJ6N53", "TimeCreated": "2025-02-26 08:54:59.765966+00:00", "RecordID": "733", "Level": "4", "UserID": "S-1-5-18"}
{"EventID": "4000", "Channel": "Microsoft-Windows-LanguagePackSetup/Operational", "Provider_Name": "Microsoft-Windows-LanguagePackSetup", "Computer": "DESKTOP-OFJ6N53", "TimeCreated": "2025-03-01 08:54:51.642653+00:00", "RecordID": "734", "Level": "4", "UserID": "S-1-5-18"}
{"EventID": "4001", "Channel": "Microsoft-Windows-LanguagePackSetup/Operational", "Provider_Name": "Microsoft-Windows-LanguagePackSetup", "Computer": "DESKTOP-OFJ6N53", "TimeCreated": "2025-03-01 08:54:51.643539+00:00", "RecordID": "735", "Level": "4", "UserID": "S-1-5-18"}
{"EventID": "4000", "Channel": "Microsoft-Windows-LanguagePackSetup/Operational", "Provider_Name": "Microsoft-Windows-LanguagePackSetup", "Computer": "DESKTOP-OFJ6N53", "TimeCreated": "2025-03-04 08:54:38.540882+00:00", "RecordID": "736", "Level": "4", "UserID": "S-1-5-18"}
{"EventID": "4001", "Channel": "Microsoft-Windows-LanguagePackSetup/Operational", "Provider_Name": "Microsoft-Windows-LanguagePackSetup", "Computer": "DESKTOP-OFJ6N53", "TimeCreated": "2025-03-04 08:54:38.542175+00:00", "RecordID": "737", "Level": "4", "UserID": "S-1-5-18"}
{"EventID": "4000", "Channel": "Microsoft-Windows-LanguagePackSetup/Operational", "Provider_Name": "Microsoft-Windows-LanguagePackSetup", "Computer": "DESKTOP-OFJ6N53", "TimeCreated": "2025-03-07 08:54:56.669239+00:00", "RecordID": "738", "Level": "4", "UserID": "S-1-5-18"}
{"EventID": "4001", "Channel": "Microsoft-Windows-LanguagePackSetup/Operational", "Provider_Name": "Microsoft-Windows-LanguagePackSetup", "Computer": "DESKTOP-OFJ6N53", "TimeCreated": "2025-03-07 08:54:56.675869+00:00", "RecordID": "739", "Level": "4", "UserID": "S-1-5-18"}
{"EventID": "4000", "Channel": "Microsoft-Windows-LanguagePackSetup/Operational", "Provider_Name": "Microsoft-Windows-LanguagePackSetup", "Computer": "DESKTOP-OFJ6N53", "TimeCreated": "2025-03-10 09:04:11.176489+00:00", "RecordID": "740", "Level": "4", "UserID": "S-1-5-18"}
{"EventID": "4001", "Channel": "Microsoft-Windows-LanguagePackSetup/Operational", "Provider_Name": "Microsoft-Windows-LanguagePackSetup", "Computer": "DESKTOP-OFJ6N53", "TimeCreated": "2025-03-10 09:04:11.177877+00:00", "RecordID": "741", "Level": "4", "UserID": "S-1-5-18"}
{"EventID": "4000", "Channel": "Microsoft-Windows-LanguagePackSetup/Operational", "Provider_Name": "Microsoft-Windows-LanguagePackSetup", "Computer": "DESKTOP-OFJ6N53", "TimeCreated": "2025-03-13 10:17:09.500547+00:00", "RecordID": "742", "Level": "4", "UserID": "S-1-5-18"}
{"EventID": "4001", "Channel": "Microsoft-Windows-LanguagePackSetup/Operational", "Provider_Name": "Microsoft-Windows-LanguagePackSetup", "Computer": "DESKTOP-OFJ6N53", "TimeCreated": "2025-03-13 10:17:09.501537+00:00", "RecordID": "743", "Level": "4", "UserID": "S-1-5-18"}
{"EventID": "4000", "Channel": "Microsoft-Windows-LanguagePackSetup/Operational", "Provider_Name": "Microsoft-Windows-LanguagePackSetup", "Computer": "DESKTOP-OFJ6N53", "TimeCreated": "2025-03-16 10:17:16.417482+00:00", "RecordID": "744", "Level": "4", "UserID": "S-1-5-18"}
{"EventID": "4001", "Channel": "Microsoft-Windows-LanguagePackSetup/Operational", "Provider_Name": "Microsoft-Windows-LanguagePackSetup", "Computer": "DESKTOP-OFJ6N53", "TimeCreated": "2025-03-16 10:17:16.466785+00:00", "RecordID": "745", "Level": "4", "UserID": "S-1-5-18"}
{"EventID": "4000", "Channel": "Microsoft-Windows-LanguagePackSetup/Operational", "Provider_Name": "Microsoft-Windows-LanguagePackSetup", "Computer": "DESKTOP-OFJ6N53", "TimeCreated": "2025-03-19 10:17:22.662325+00:00", "RecordID": "746", "Level": "4", "UserID": "S-1-5-18"}
{"EventID": "4001", "Channel": "Microsoft-Windows-LanguagePackSetup/Operational", "Provider_Name": "Microsoft-Windows-LanguagePackSetup", "Computer": "DESKTOP-OFJ6N53", "TimeCreated": "2025-03-19 10:17:22.671295+00:00", "RecordID": "747", "Level": "4", "UserID": "S-1-5-18"}
{"EventID": "4000", "Channel": "Microsoft-Windows-LanguagePackSetup/Operational", "Provider_Name": "Microsoft-Windows-LanguagePackSetup", "Computer": "DESKTOP-OFJ6N53", "TimeCreated": "2025-03-22 10:17:37.330994+00:00", "RecordID": "748", "Level": "4", "UserID": "S-1-5-18"}
{"EventID": "4001", "Channel": "Microsoft-Windows-LanguagePackSetup/Operational", "Provider_Name": "Microsoft-Windows-LanguagePackSetup", "Computer": "DESKTOP-OFJ6N53", "TimeCreated": "2025-03-22 10:17:37.337763+00:00", "RecordID": "749", "Level": "4", "UserID": "S-1-5-18"}
{"EventID": "4000", "Channel": "Microsoft-Windows-LanguagePackSetup/Operational", "Provider_Name": "Microsoft-Windows-LanguagePackSetup", "Computer": "DESKTOP-OFJ6N53", "TimeCreated": "2025-03-25 10:17:25.742075+00:00", "RecordID": "750", "Level": "4", "UserID": "S-1-5-18"}
{"EventID": "4001", "Channel": "Microsoft-Windows-LanguagePackSetup/Operational", "Provider_Name": "Microsoft-Windows-LanguagePackSetup", "Computer": "DESKTOP-OFJ6N53", "TimeCreated": "2025-03-25 10:17:25.743340+00:00", "RecordID": "751", "Level": "4", "UserID": "S-1-5-18"}
{"EventID": "4000", "Channel": "Microsoft-Windows-LanguagePackSetup/Operational", "Provider_Name": "Microsoft-Windows-LanguagePackSetup", "Computer": "DESKTOP-OFJ6N53", "TimeCreated": "2025-03-28 09:12:07.579016+00:00", "RecordID": "752", "Level": "4", "UserID": "S-1-5-18"}
{"EventID": "4001", "Channel": "Microsoft-Windows-LanguagePackSetup/Operational", "Provider_Name": "Microsoft-Windows-LanguagePackSetup", "Computer": "DESKTOP-OFJ6N53", "TimeCreated": "2025-03-28 09:12:07.580637+00:00", "RecordID": "753", "Level": "4", "UserID": "S-1-5-18"}
{"EventID": "4000", "Channel": "Microsoft-Windows-LanguagePackSetup/Operational", "Provider_Name": "Microsoft-Windows-LanguagePackSetup", "Computer": "DESKTOP-OFJ6N53", "TimeCreated": "2025-03-31 08:59:45.920420+00:00", "RecordID": "754", "Level": "4", "UserID": "S-1-5-18"}
{"EventID": "4001", "Channel": "Microsoft-Windows-LanguagePackSetup/Operational", "Provider_Name": "Microsoft-Windows-LanguagePackSetup", "Computer": "DESKTOP-OFJ6N53", "TimeCreated": "2025-03-31 08:59:45.921501+00:00", "RecordID": "755", "Level": "4", "UserID": "S-1-5-18"}
{"EventID": "4000", "Channel": "Microsoft-Windows-LanguagePackSetup/Operational", "Provider_Name": "Microsoft-Windows-LanguagePackSetup", "Computer": "DESKTOP-OFJ6N53", "TimeCreated": "2025-04-03 08:34:07.577665+00:00", "RecordID": "756", "Level": "4", "UserID": "S-1-5-18"}
{"EventID": "4001", "Channel": "Microsoft-Windows-LanguagePackSetup/Operational", "Provider_Name": "Microsoft-Windows-LanguagePackSetup", "Computer": "DESKTOP-OFJ6N53", "TimeCreated": "2025-04-03 08:34:07.578928+00:00", "RecordID": "757", "Level": "4", "UserID": "S-1-5-18"}
{"EventID": "4000", "Channel": "Microsoft-Windows-LanguagePackSetup/Operational", "Provider_Name": "Microsoft-Windows-LanguagePackSetup", "Computer": "DESKTOP-OFJ6N53", "TimeCreated": "2025-04-06 08:34:17.049335+00:00", "RecordID": "758", "Level": "4", "UserID": "S-1-5-18"}
{"EventID": "4001", "Channel": "Microsoft-Windows-LanguagePackSetup/Operational", "Provider_Name": "Microsoft-Windows-LanguagePackSetup", "Computer": "DESKTOP-OFJ6N53", "TimeCreated": "2025-04-06 08:34:17.057465+00:00", "RecordID": "759", "Level": "4", "UserID": "S-1-5-18"}
{"EventID": "4000", "Channel": "Microsoft-Windows-LanguagePackSetup/Operational", "Provider_Name": "Microsoft-Windows-LanguagePackSetup", "Computer": "DESKTOP-OFJ6N53", "TimeCreated": "2025-04-09 08:34:26.902754+00:00", "RecordID": "760", "Level": "4", "UserID": "S-1-5-18"}
{"EventID": "4001", "Channel": "Microsoft-Windows-LanguagePackSetup/Operational", "Provider_Name": "Microsoft-Windows-LanguagePackSetup", "Computer": "DESKTOP-OFJ6N53", "TimeCreated": "2025-04-09 08:34:26.907167+00:00", "RecordID": "761", "Level": "4", "UserID": "S-1-5-18"}
{"EventID": "4000", "Channel": "Microsoft-Windows-LanguagePackSetup/Operational", "Provider_Name": "Microsoft-Windows-LanguagePackSetup", "Computer": "DESKTOP-OFJ6N53", "TimeCreated": "2025-04-12 08:35:46.253414+00:00", "RecordID": "762", "Level": "4", "UserID": "S-1-5-18"}
{"EventID": "4001", "Channel": "Microsoft-Windows-LanguagePackSetup/Operational", "Provider_Name": "Microsoft-Windows-LanguagePackSetup", "Computer": "DESKTOP-OFJ6N53", "TimeCreated": "2025-04-12 08:35:46.255800+00:00", "RecordID": "763", "Level": "4", "UserID": "S-1-5-18"}
{"EventID": "4000", "Channel": "Microsoft-Windows-LanguagePackSetup/Operational", "Provider_Name": "Microsoft-Windows-LanguagePackSetup", "Computer": "DESKTOP-OFJ6N53", "TimeCreated": "2025-04-15 08:35:53.581306+00:00", "RecordID": "764", "Level": "4", "UserID": "S-1-5-18"}
{"EventID": "4001", "Channel": "Microsoft-Windows-LanguagePackSetup/Operational", "Provider_Name": "Microsoft-Windows-LanguagePackSetup", "Computer": "DESKTOP-OFJ6N53", "TimeCreated": "2025-04-15 08:35:53.611320+00:00", "RecordID": "765", "Level": "4", "UserID": "S-1-5-18"}
{"EventID": "4000", "Channel": "Microsoft-Windows-LanguagePackSetup/Operational", "Provider_Name": "Microsoft-Windows-LanguagePackSetup", "Computer": "DESKTOP-OFJ6N53", "TimeCreated": "2025-04-18 08:36:01.070070+00:00", "RecordID": "766", "Level": "4", "UserID": "S-1-5-18"}
{"EventID": "4001", "Channel": "Microsoft-Windows-LanguagePackSetup/Operational", "Provider_Name": "Microsoft-Windows-LanguagePackSetup", "Computer": "DESKTOP-OFJ6N53", "TimeCreated": "2025-04-18 08:36:01.070986+00:00", "RecordID": "767", "Level": "4", "UserID": "S-1-5-18"}
{"EventID": "4000", "Channel": "Microsoft-Windows-LanguagePackSetup/Operational", "Provider_Name": "Microsoft-Windows-LanguagePackSetup", "Computer": "DESKTOP-OFJ6N53", "TimeCreated": "2025-04-21 08:36:09.972309+00:00", "RecordID": "768", "Level": "4", "UserID": "S-1-5-18"}
{"EventID": "4001", "Channel": "Microsoft-Windows-LanguagePackSetup/Operational", "Provider_Name": "Microsoft-Windows-LanguagePackSetup", "Computer": "DESKTOP-OFJ6N53", "TimeCreated": "2025-04-21 08:36:09.979774+00:00", "RecordID": "769", "Level": "4", "UserID": "S-1-5-18"}
{"EventID": "4000", "Channel": "Microsoft-Windows-LanguagePackSetup/Operational", "Provider_Name": "Microsoft-Windows-LanguagePackSetup", "Computer": "DESKTOP-OFJ6N53", "TimeCreated": "2025-04-24 08:40:23.613161+00:00", "RecordID": "770", "Level": "4", "UserID": "S-1-5-18"}
{"EventID": "4001", "Channel": "Microsoft-Windows-LanguagePackSetup/Operational", "Provider_Name": "Microsoft-Windows-LanguagePackSetup", "Computer": "DESKTOP-OFJ6N53", "TimeCreated": "2025-04-24 08:40:23.614107+00:00", "RecordID": "771", "Level": "4", "UserID": "S-1-5-18"}
{"EventID": "4000", "Channel": "Microsoft-Windows-LanguagePackSetup/Operational", "Provider_Name": "Microsoft-Windows-LanguagePackSetup", "Computer": "DESKTOP-OFJ6N53", "TimeCreated": "2025-04-27 08:40:31.838856+00:00", "RecordID": "772", "Level": "4", "UserID": "S-1-5-18"}
{"EventID": "4001", "Channel": "Microsoft-Windows-LanguagePackSetup/Operational", "Provider_Name": "Microsoft-Windows-LanguagePackSetup", "Computer": "DESKTOP-OFJ6N53", "TimeCreated": "2025-04-27 08:40:31.853279+00:00", "RecordID": "773", "Level": "4", "UserID": "S-1-5-18"}
{"EventID": "4000", "Channel": "Microsoft-Windows-LanguagePackSetup/Operational", "Provider_Name": "Microsoft-Windows-LanguagePackSetup", "Computer": "DESKTOP-OFJ6N53", "TimeCreated": "2025-04-30 08:40:25.082672+00:00", "RecordID": "774", "Level": "4", "UserID": "S-1-5-18"}
{"EventID": "4001", "Channel": "Microsoft-Windows-LanguagePackSetup/Operational", "Provider_Name": "Microsoft-Windows-LanguagePackSetup", "Computer": "DESKTOP-OFJ6N53", "TimeCreated": "2025-04-30 08:40:25.088963+00:00", "RecordID": "775", "Level": "4", "UserID": "S-1-5-18"}
{"EventID": "4000", "Channel": "Microsoft-Windows-LanguagePackSetup/Operational", "Provider_Name": "Microsoft-Windows-LanguagePackSetup", "Computer": "DESKTOP-OFJ6N53", "TimeCreated": "2025-05-03 08:40:28.207981+00:00", "RecordID": "776", "Level": "4", "UserID": "S-1-5-18"}
{"EventID": "4001", "Channel": "Microsoft-Windows-LanguagePackSetup/Operational", "Provider_Name": "Microsoft-Windows-LanguagePackSetup", "Computer": "DESKTOP-OFJ6N53", "TimeCreated": "2025-05-03 08:40:28.209524+00:00", "RecordID": "777", "Level": "4", "UserID": "S-1-5-18"}
{"EventID": "4000", "Channel": "Microsoft-Windows-LanguagePackSetup/Operational", "Provider_Name": "Microsoft-Windows-LanguagePackSetup", "Computer": "DESKTOP-OFJ6N53", "TimeCreated": "2025-05-06 08:40:34.262238+00:00", "RecordID": "778", "Level": "4", "UserID": "S-1-5-18"}
{"EventID": "4001", "Channel": "Microsoft-Windows-LanguagePackSetup/Operational", "Provider_Name": "Microsoft-Windows-LanguagePackSetup", "Computer": "DESKTOP-OFJ6N53", "TimeCreated": "2025-05-06 08:40:34.265532+00:00", "RecordID": "779", "Level": "4", "UserID": "S-1-5-18"}
{"EventID": "4000", "Channel": "Microsoft-Windows-LanguagePackSetup/Operational", "Provider_Name": "Microsoft-Windows-LanguagePackSetup", "Computer": "DESKTOP-OFJ6N53", "TimeCreated": "2025-05-09 08:40:39.567987+00:00", "RecordID": "780", "Level": "4", "UserID": "S-1-5-18"}
{"EventID": "4001", "Channel": "Microsoft-Windows-LanguagePackSetup/Operational", "Provider_Name": "Microsoft-Windows-LanguagePackSetup", "Computer": "DESKTOP-OFJ6N53", "TimeCreated": "2025-05-09 08:40:39.568785+00:00", "RecordID": "781", "Level": "4", "UserID": "S-1-5-18"}
{"EventID": "4000", "Channel": "Microsoft-Windows-LanguagePackSetup/Operational", "Provider_Name": "Microsoft-Windows-LanguagePackSetup", "Computer": "DESKTOP-OFJ6N53", "TimeCreated": "2025-05-12 08:40:35.608810+00:00", "RecordID": "782", "Level": "4", "UserID": "S-1-5-18"}
{"EventID": "4001", "Channel": "Microsoft-Windows-LanguagePackSetup/Operational", "Provider_Name": "Microsoft-Windows-LanguagePackSetup", "Computer": "DESKTOP-OFJ6N53", "TimeCreated": "2025-05-12 08:40:35.611465+00:00", "RecordID": "783", "Level": "4", "UserID": "S-1-5-18"}
{"EventID": "4000", "Channel": "Microsoft-Windows-LanguagePackSetup/Operational", "Provider_Name": "Microsoft-Windows-LanguagePackSetup", "Computer": "DESKTOP-OFJ6N53", "TimeCreated": "2025-05-15 08:42:08.662493+00:00", "RecordID": "784", "Level": "4", "UserID": "S-1-5-18"}
{"EventID": "4001", "Channel": "Microsoft-Windows-LanguagePackSetup/Operational", "Provider_Name": "Microsoft-Windows-LanguagePackSetup", "Computer": "DESKTOP-OFJ6N53", "TimeCreated": "2025-05-15 08:42:08.666245+00:00", "RecordID": "785", "Level": "4", "UserID": "S-1-5-18"}
{"EventID": "4000", "Channel": "Microsoft-Windows-LanguagePackSetup/Operational", "Provider_Name": "Microsoft-Windows-LanguagePackSetup", "Computer": "DESKTOP-OFJ6N53", "TimeCreated": "2025-05-18 08:42:16.602949+00:00", "RecordID": "786", "Level": "4", "UserID": "S-1-5-18"}
{"EventID": "4001", "Channel": "Microsoft-Windows-LanguagePackSetup/Operational", "Provider_Name": "Microsoft-Windows-LanguagePackSetup", "Computer": "DESKTOP-OFJ6N53", "TimeCreated": "2025-05-18 08:42:16.603941+00:00", "RecordID": "787", "Level": "4", "UserID": "S-1-5-18"}
{"EventID": "4000", "Channel": "Microsoft-Windows-LanguagePackSetup/Operational", "Provider_Name": "Microsoft-Windows-LanguagePackSetup", "Computer": "DESKTOP-OFJ6N53", "TimeCreated": "2025-05-21 08:42:21.691450+00:00", "RecordID": "788", "Level": "4", "UserID": "S-1-5-18"}
{"EventID": "4001", "Channel": "Microsoft-Windows-LanguagePackSetup/Operational", "Provider_Name": "Microsoft-Windows-LanguagePackSetup", "Computer": "DESKTOP-OFJ6N53", "TimeCreated": "2025-05-21 08:42:21.696079+00:00", "RecordID": "789", "Level": "4", "UserID": "S-1-5-18"}
{"EventID": "4000", "Channel": "Microsoft-Windows-LanguagePackSetup/Operational", "Provider_Name": "Microsoft-Windows-LanguagePackSetup", "Computer": "DESKTOP-OFJ6N53", "TimeCreated": "2025-05-24 08:42:28.755182+00:00", "RecordID": "790", "Level": "4", "UserID": "S-1-5-18"}
{"EventID": "4001", "Channel": "Microsoft-Windows-LanguagePackSetup/Operational", "Provider_Name": "Microsoft-Windows-LanguagePackSetup", "Computer": "DESKTOP-OFJ6N53", "TimeCreated": "2025-05-24 08:42:28.756212+00:00", "RecordID": "791", "Level": "4", "UserID": "S-1-5-18"}
{"EventID": "4000", "Channel": "Microsoft-Windows-LanguagePackSetup/Operational", "Provider_Name": "Microsoft-Windows-LanguagePackSetup", "Computer": "DESKTOP-OFJ6N53", "TimeCreated": "2025-05-27 08:42:10.590546+00:00", "RecordID": "792", "Level": "4", "UserID": "S-1-5-18"}
{"EventID": "4001", "Channel": "Microsoft-Windows-LanguagePackSetup/Operational", "Provider_Name": "Microsoft-Windows-LanguagePackSetup", "Computer": "DESKTOP-OFJ6N53", "TimeCreated": "2025-05-27 08:42:10.591539+00:00", "RecordID": "793", "Level": "4", "UserID": "S-1-5-18"}
{"EventID": "4000", "Channel": "Microsoft-Windows-LanguagePackSetup/Operational", "Provider_Name": "Microsoft-Windows-LanguagePackSetup", "Computer": "DESKTOP-OFJ6N53", "TimeCreated": "2025-05-30 09:11:46.832800+00:00", "RecordID": "794", "Level": "4", "UserID": "S-1-5-18"}
{"EventID": "4001", "Channel": "Microsoft-Windows-LanguagePackSetup/Operational", "Provider_Name": "Microsoft-Windows-LanguagePackSetup", "Computer": "DESKTOP-OFJ6N53", "TimeCreated": "2025-05-30 09:11:46.839397+00:00", "RecordID": "795", "Level": "4", "UserID": "S-1-5-18"}
{"EventID": "4000", "Channel": "Microsoft-Windows-LanguagePackSetup/Operational", "Provider_Name": "Microsoft-Windows-LanguagePackSetup", "Computer": "DESKTOP-OFJ6N53", "TimeCreated": "2025-06-02 08:42:49.760347+00:00", "RecordID": "796", "Level": "4", "UserID": "S-1-5-18"}
{"EventID": "4001", "Channel": "Microsoft-Windows-LanguagePackSetup/Operational", "Provider_Name": "Microsoft-Windows-LanguagePackSetup", "Computer": "DESKTOP-OFJ6N53", "TimeCreated": "2025-06-02 08:42:49.761219+00:00", "RecordID": "797", "Level": "4", "UserID": "S-1-5-18"}
{"EventID": "4000", "Channel": "Microsoft-Windows-LanguagePackSetup/Operational", "Provider_Name": "Microsoft-Windows-LanguagePackSetup", "Computer": "DESKTOP-OFJ6N53", "TimeCreated": "2025-06-05 08:42:48.962040+00:00", "RecordID": "798", "Level": "4", "UserID": "S-1-5-18"}
{"EventID": "4001", "Channel": "Microsoft-Windows-LanguagePackSetup/Operational", "Provider_Name": "Microsoft-Windows-LanguagePackSetup", "Computer": "DESKTOP-OFJ6N53", "TimeCreated": "2025-06-05 08:42:48.963272+00:00", "RecordID": "799", "Level": "4", "UserID": "S-1-5-18"}
{"EventID": "4000", "Channel": "Microsoft-Windows-LanguagePackSetup/Operational", "Provider_Name": "Microsoft-Windows-LanguagePackSetup", "Computer": "DESKTOP-OFJ6N53", "TimeCreated": "2025-06-08 08:42:35.949862+00:00", "RecordID": "800", "Level": "4", "UserID": "S-1-5-18"}
{"EventID": "4001", "Channel": "Microsoft-Windows-LanguagePackSetup/Operational", "Provider_Name": "Microsoft-Windows-LanguagePackSetup", "Computer": "DESKTOP-OFJ6N53", "TimeCreated": "2025-06-08 08:42:35.965120+00:00", "RecordID": "801", "Level": "4", "UserID": "S-1-5-18"}
{"EventID": "4000", "Channel": "Microsoft-Windows-LanguagePackSetup/Operational", "Provider_Name": "Microsoft-Windows-LanguagePackSetup", "Computer": "DESKTOP-OFJ6N53", "TimeCreated": "2025-06-11 08:42:42.572382+00:00", "RecordID": "802", "Level": "4", "UserID": "S-1-5-18"}
{"EventID": "4001", "Channel": "Microsoft-Windows-LanguagePackSetup/Operational", "Provider_Name": "Microsoft-Windows-LanguagePackSetup", "Computer": "DESKTOP-OFJ6N53", "TimeCreated": "2025-06-11 08:42:42.577692+00:00", "RecordID": "803", "Level": "4", "UserID": "S-1-5-18"}
{"EventID": "4000", "Channel": "Microsoft-Windows-LanguagePackSetup/Operational", "Provider_Name": "Microsoft-Windows-LanguagePackSetup", "Computer": "DESKTOP-OFJ6N53", "TimeCreated": "2025-06-14 08:45:43.940416+00:00", "RecordID": "804", "Level": "4", "UserID": "S-1-5-18"}
{"EventID": "4001", "Channel": "Microsoft-Windows-LanguagePackSetup/Operational", "Provider_Name": "Microsoft-Windows-LanguagePackSetup", "Computer": "DESKTOP-OFJ6N53", "TimeCreated": "2025-06-14 08:45:43.946142+00:00", "RecordID": "805", "Level": "4", "UserID": "S-1-5-18"}
{"EventID": "4000", "Channel": "Microsoft-Windows-LanguagePackSetup/Operational", "Provider_Name": "Microsoft-Windows-LanguagePackSetup", "Computer": "DESKTOP-OFJ6N53", "TimeCreated": "2025-06-17 08:45:51.464235+00:00", "RecordID": "806", "Level": "4", "UserID": "S-1-5-18"}
{"EventID": "4001", "Channel": "Microsoft-Windows-LanguagePackSetup/Operational", "Provider_Name": "Microsoft-Windows-LanguagePackSetup", "Computer": "DESKTOP-OFJ6N53", "TimeCreated": "2025-06-17 08:45:51.465540+00:00", "RecordID": "807", "Level": "4", "UserID": "S-1-5-18"}
{"EventID": "4000", "Channel": "Microsoft-Windows-LanguagePackSetup/Operational", "Provider_Name": "Microsoft-Windows-LanguagePackSetup", "Computer": "DESKTOP-OFJ6N53", "TimeCreated": "2025-06-20 08:45:42.760115+00:00", "RecordID": "808", "Level": "4", "UserID": "S-1-5-18"}
{"EventID": "4001", "Channel": "Microsoft-Windows-LanguagePackSetup/Operational", "Provider_Name": "Microsoft-Windows-LanguagePackSetup", "Computer": "DESKTOP-OFJ6N53", "TimeCreated": "2025-06-20 08:45:42.799755+00:00", "RecordID": "809", "Level": "4", "UserID": "S-1-5-18"}
{"EventID": "4000", "Channel": "Microsoft-Windows-LanguagePackSetup/Operational", "Provider_Name": "Microsoft-Windows-LanguagePackSetup", "Computer": "DESKTOP-OFJ6N53", "TimeCreated": "2025-06-23 08:45:42.514490+00:00", "RecordID": "810", "Level": "4", "UserID": "S-1-5-18"}
{"EventID": "4001", "Channel": "Microsoft-Windows-LanguagePackSetup/Operational", "Provider_Name": "Microsoft-Windows-LanguagePackSetup", "Computer": "DESKTOP-OFJ6N53", "TimeCreated": "2025-06-23 08:45:42.515831+00:00", "RecordID": "811", "Level": "4", "UserID": "S-1-5-18"}
{"EventID": "4000", "Channel": "Microsoft-Windows-LanguagePackSetup/Operational", "Provider_Name": "Microsoft-Windows-LanguagePackSetup", "Computer": "DESKTOP-OFJ6N53", "TimeCreated": "2025-06-26 08:46:19.658587+00:00", "RecordID": "812", "Level": "4", "UserID": "S-1-5-18"}
{"EventID": "4001", "Channel": "Microsoft-Windows-LanguagePackSetup/Operational", "Provider_Name": "Microsoft-Windows-LanguagePackSetup", "Computer": "DESKTOP-OFJ6N53", "TimeCreated": "2025-06-26 08:46:19.658588+00:00", "RecordID": "813", "Level": "4", "UserID": "S-1-5-18"}
{"EventID": "4000", "Channel": "Microsoft-Windows-LanguagePackSetup/Operational", "Provider_Name": "Microsoft-Windows-LanguagePackSetup", "Computer": "DESKTOP-OFJ6N53", "TimeCreated": "2025-06-29 08:45:51.390064+00:00", "RecordID": "814", "Level": "4", "UserID": "S-1-5-18"}
{"EventID": "4001", "Channel": "Microsoft-Windows-LanguagePackSetup/Operational", "Provider_Name": "Microsoft-Windows-LanguagePackSetup", "Computer": "DESKTOP-OFJ6N53", "TimeCreated": "2025-06-29 08:45:51.392214+00:00", "RecordID": "815", "Level": "4", "UserID": "S-1-5-18"}
{"EventID": "4000", "Channel": "Microsoft-Windows-LanguagePackSetup/Operational", "Provider_Name": "Microsoft-Windows-LanguagePackSetup", "Computer": "DESKTOP-OFJ6N53", "TimeCreated": "2025-07-02 08:46:33.996769+00:00", "RecordID": "816", "Level": "4", "UserID": "S-1-5-18"}
{"EventID": "4001", "Channel": "Microsoft-Windows-LanguagePackSetup/Operational", "Provider_Name": "Microsoft-Windows-LanguagePackSetup", "Computer": "DESKTOP-OFJ6N53", "TimeCreated": "2025-07-02 08:46:33.998724+00:00", "RecordID": "817", "Level": "4", "UserID": "S-1-5-18"}
{"EventID": "4000", "Channel": "Microsoft-Windows-LanguagePackSetup/Operational", "Provider_Name": "Microsoft-Windows-LanguagePackSetup", "Computer": "DESKTOP-OFJ6N53", "TimeCreated": "2025-07-05 08:46:38.173338+00:00", "RecordID": "818", "Level": "4", "UserID": "S-1-5-18"}
{"EventID": "4001", "Channel": "Microsoft-Windows-LanguagePackSetup/Operational", "Provider_Name": "Microsoft-Windows-LanguagePackSetup", "Computer": "DESKTOP-OFJ6N53", "TimeCreated": "2025-07-05 08:46:38.174030+00:00", "RecordID": "819", "Level": "4", "UserID": "S-1-5-18"}
{"EventID": "4000", "Channel": "Microsoft-Windows-LanguagePackSetup/Operational", "Provider_Name": "Microsoft-Windows-LanguagePackSetup", "Computer": "DESKTOP-OFJ6N53", "TimeCreated": "2025-07-08 08:49:29.520531+00:00", "RecordID": "820", "Level": "4", "UserID": "S-1-5-18"}
{"EventID": "4001", "Channel": "Microsoft-Windows-LanguagePackSetup/Operational", "Provider_Name": "Microsoft-Windows-LanguagePackSetup", "Computer": "DESKTOP-OFJ6N53", "TimeCreated": "2025-07-08 08:49:29.521677+00:00", "RecordID": "821", "Level": "4", "UserID": "S-1-5-18"}
{"EventID": "4000", "Channel": "Microsoft-Windows-LanguagePackSetup/Operational", "Provider_Name": "Microsoft-Windows-LanguagePackSetup", "Computer": "DESKTOP-OFJ6N53", "TimeCreated": "2025-07-11 08:39:55.202196+00:00", "RecordID": "822", "Level": "4", "UserID": "S-1-5-18"}
{"EventID": "4001", "Channel": "Microsoft-Windows-LanguagePackSetup/Operational", "Provider_Name": "Microsoft-Windows-LanguagePackSetup", "Computer": "DESKTOP-OFJ6N53", "TimeCreated": "2025-07-11 08:39:56.886539+00:00", "RecordID": "823", "Level": "4", "UserID": "S-1-5-18"}
{"EventID": "4000", "Channel": "Microsoft-Windows-LanguagePackSetup/Operational", "Provider_Name": "Microsoft-Windows-LanguagePackSetup", "Computer": "DESKTOP-OFJ6N53", "TimeCreated": "2025-07-14 08:39:59.023336+00:00", "RecordID": "824", "Level": "4", "UserID": "S-1-5-18"}
{"EventID": "4001", "Channel": "Microsoft-Windows-LanguagePackSetup/Operational", "Provider_Name": "Microsoft-Windows-LanguagePackSetup", "Computer": "DESKTOP-OFJ6N53", "TimeCreated": "2025-07-14 08:40:00.066765+00:00", "RecordID": "825", "Level": "4", "UserID": "S-1-5-18"}
{"EventID": "4000", "Channel": "Microsoft-Windows-LanguagePackSetup/Operational", "Provider_Name": "Microsoft-Windows-LanguagePackSetup", "Computer": "DESKTOP-OFJ6N53", "TimeCreated": "2025-07-17 08:40:06.198969+00:00", "RecordID": "826", "Level": "4", "UserID": "S-1-5-18"}
{"EventID": "4001", "Channel": "Microsoft-Windows-LanguagePackSetup/Operational", "Provider_Name": "Microsoft-Windows-LanguagePackSetup", "Computer": "DESKTOP-OFJ6N53", "TimeCreated": "2025-07-17 08:40:11.942225+00:00", "RecordID": "827", "Level": "4", "UserID": "S-1-5-18"}
{"EventID": "4000", "Channel": "Microsoft-Windows-LanguagePackSetup/Operational", "Provider_Name": "Microsoft-Windows-LanguagePackSetup", "Computer": "DESKTOP-OFJ6N53", "TimeCreated": "2025-07-20 08:39:56.462641+00:00", "RecordID": "828", "Level": "4", "UserID": "S-1-5-18"}
{"EventID": "4001", "Channel": "Microsoft-Windows-LanguagePackSetup/Operational", "Provider_Name": "Microsoft-Windows-LanguagePackSetup", "Computer": "DESKTOP-OFJ6N53", "TimeCreated": "2025-07-20 08:39:57.850046+00:00", "RecordID": "829", "Level": "4", "UserID": "S-1-5-18"}
{"EventID": "4000", "Channel": "Microsoft-Windows-LanguagePackSetup/Operational", "Provider_Name": "Microsoft-Windows-LanguagePackSetup", "Computer": "DESKTOP-OFJ6N53", "TimeCreated": "2025-07-23 08:40:21.628862+00:00", "RecordID": "830", "Level": "4", "UserID": "S-1-5-18"}
{"EventID": "4001", "Channel": "Microsoft-Windows-LanguagePackSetup/Operational", "Provider_Name": "Microsoft-Windows-LanguagePackSetup", "Computer": "DESKTOP-OFJ6N53", "TimeCreated": "2025-07-23 08:40:28.979765+00:00", "RecordID": "831", "Level": "4", "UserID": "S-1-5-18"}
{"EventID": "4000", "Channel": "Microsoft-Windows-LanguagePackSetup/Operational", "Provider_Name": "Microsoft-Windows-LanguagePackSetup", "Computer": "DESKTOP-OFJ6N53", "TimeCreated": "2025-07-26 09:29:48.163195+00:00", "RecordID": "832", "Level": "4", "UserID": "S-1-5-18"}
{"EventID": "4001", "Channel": "Microsoft-Windows-LanguagePackSetup/Operational", "Provider_Name": "Microsoft-Windows-LanguagePackSetup", "Computer": "DESKTOP-OFJ6N53", "TimeCreated": "2025-07-26 09:29:49.154760+00:00", "RecordID": "833", "Level": "4", "UserID": "S-1-5-18"}
{"EventID": "4000", "Channel": "Microsoft-Windows-LanguagePackSetup/Operational", "Provider_Name": "Microsoft-Windows-LanguagePackSetup", "Computer": "DESKTOP-OFJ6N53", "TimeCreated": "2025-07-29 09:29:55.017775+00:00", "RecordID": "834", "Level": "4", "UserID": "S-1-5-18"}
{"EventID": "4001", "Channel": "Microsoft-Windows-LanguagePackSetup/Operational", "Provider_Name": "Microsoft-Windows-LanguagePackSetup", "Computer": "DESKTOP-OFJ6N53", "TimeCreated": "2025-07-29 09:29:56.081825+00:00", "RecordID": "835", "Level": "4", "UserID": "S-1-5-18"}
{"EventID": "4000", "Channel": "Microsoft-Windows-LanguagePackSetup/Operational", "Provider_Name": "Microsoft-Windows-LanguagePackSetup", "Computer": "DESKTOP-OFJ6N53", "TimeCreated": "2025-08-01 08:44:51.710711+00:00", "RecordID": "836", "Level": "4", "UserID": "S-1-5-18"}
{"EventID": "4001", "Channel": "Microsoft-Windows-LanguagePackSetup/Operational", "Provider_Name": "Microsoft-Windows-LanguagePackSetup", "Computer": "DESKTOP-OFJ6N53", "TimeCreated": "2025-08-01 08:44:53.326775+00:00", "RecordID": "837", "Level": "4", "UserID": "S-1-5-18"}
{"EventID": "4000", "Channel": "Microsoft-Windows-LanguagePackSetup/Operational", "Provider_Name": "Microsoft-Windows-LanguagePackSetup", "Computer": "DESKTOP-OFJ6N53", "TimeCreated": "2025-08-04 10:03:41.588799+00:00", "RecordID": "838", "Level": "4", "UserID": "S-1-5-18"}
{"EventID": "4001", "Channel": "Microsoft-Windows-LanguagePackSetup/Operational", "Provider_Name": "Microsoft-Windows-LanguagePackSetup", "Computer": "DESKTOP-OFJ6N53", "TimeCreated": "2025-08-04 10:03:43.942587+00:00", "RecordID": "839", "Level": "4", "UserID": "S-1-5-18"}
{"EventID": "4000", "Channel": "Microsoft-Windows-LanguagePackSetup/Operational", "Provider_Name": "Microsoft-Windows-LanguagePackSetup", "Computer": "DESKTOP-OFJ6N53", "TimeCreated": "2025-08-07 10:04:02.063829+00:00", "RecordID": "840", "Level": "4", "UserID": "S-1-5-18"}
{"EventID": "4001", "Channel": "Microsoft-Windows-LanguagePackSetup/Operational", "Provider_Name": "Microsoft-Windows-LanguagePackSetup", "Computer": "DESKTOP-OFJ6N53", "TimeCreated": "2025-08-07 10:04:05.398308+00:00", "RecordID": "841", "Level": "4", "UserID": "S-1-5-18"}
{"EventID": "4000", "Channel": "Microsoft-Windows-LanguagePackSetup/Operational", "Provider_Name": "Microsoft-Windows-LanguagePackSetup", "Computer": "DESKTOP-OFJ6N53", "TimeCreated": "2025-08-10 10:03:59.619946+00:00", "RecordID": "842", "Level": "4", "UserID": "S-1-5-18"}
{"EventID": "4001", "Channel": "Microsoft-Windows-LanguagePackSetup/Operational", "Provider_Name": "Microsoft-Windows-LanguagePackSetup", "Computer": "DESKTOP-OFJ6N53", "TimeCreated": "2025-08-10 10:04:15.990904+00:00", "RecordID": "843", "Level": "4", "UserID": "S-1-5-18"}
{"EventID": "4000", "Channel": "Microsoft-Windows-LanguagePackSetup/Operational", "Provider_Name": "Microsoft-Windows-LanguagePackSetup", "Computer": "DESKTOP-OFJ6N53", "TimeCreated": "2025-08-13 09:43:20.305719+00:00", "RecordID": "844", "Level": "4", "UserID": "S-1-5-18"}
{"EventID": "4001", "Channel": "Microsoft-Windows-LanguagePackSetup/Operational", "Provider_Name": "Microsoft-Windows-LanguagePackSetup", "Computer": "DESKTOP-OFJ6N53", "TimeCreated": "2025-08-13 09:43:59.714483+00:00", "RecordID": "845", "Level": "4", "UserID": "S-1-5-18"}
{"EventID": "4000", "Channel": "Microsoft-Windows-LanguagePackSetup/Operational", "Provider_Name": "Microsoft-Windows-LanguagePackSetup", "Computer": "DESKTOP-OFJ6N53", "TimeCreated": "2025-08-16 08:40:05.149181+00:00", "RecordID": "846", "Level": "4", "UserID": "S-1-5-18"}
{"EventID": "4001", "Channel": "Microsoft-Windows-LanguagePackSetup/Operational", "Provider_Name": "Microsoft-Windows-LanguagePackSetup", "Computer": "DESKTOP-OFJ6N53", "TimeCreated": "2025-08-16 08:40:08.195023+00:00", "RecordID": "847", "Level": "4", "UserID": "S-1-5-18"}
{"EventID": "4000", "Channel": "Microsoft-Windows-LanguagePackSetup/Operational", "Provider_Name": "Microsoft-Windows-LanguagePackSetup", "Computer": "DESKTOP-OFJ6N53", "TimeCreated": "2025-08-19 09:52:11.580603+00:00", "RecordID": "848", "Level": "4", "UserID": "S-1-5-18"}
{"EventID": "4001", "Channel": "Microsoft-Windows-LanguagePackSetup/Operational", "Provider_Name": "Microsoft-Windows-LanguagePackSetup", "Computer": "DESKTOP-OFJ6N53", "TimeCreated": "2025-08-19 09:52:13.022623+00:00", "RecordID": "849", "Level": "4", "UserID": "S-1-5-18"}
{"EventID": "4000", "Channel": "Microsoft-Windows-LanguagePackSetup/Operational", "Provider_Name": "Microsoft-Windows-LanguagePackSetup", "Computer": "DESKTOP-OFJ6N53", "TimeCreated": "2025-08-22 09:14:22.226345+00:00", "RecordID": "850", "Level": "4", "UserID": "S-1-5-18"}
{"EventID": "4001", "Channel": "Microsoft-Windows-LanguagePackSetup/Operational", "Provider_Name": "Microsoft-Windows-LanguagePackSetup", "Computer": "DESKTOP-OFJ6N53", "TimeCreated": "2025-08-22 09:14:25.219776+00:00", "RecordID": "851", "Level": "4", "UserID": "S-1-5-18"}
{"EventID": "4000", "Channel": "Microsoft-Windows-LanguagePackSetup/Operational", "Provider_Name": "Microsoft-Windows-LanguagePackSetup", "Computer": "DESKTOP-OFJ6N53", "TimeCreated": "2025-08-25 08:33:26.178650+00:00", "RecordID": "852", "Level": "4", "UserID": "S-1-5-18"}
{"EventID": "4001", "Channel": "Microsoft-Windows-LanguagePackSetup/Operational", "Provider_Name": "Microsoft-Windows-LanguagePackSetup", "Computer": "DESKTOP-OFJ6N53", "TimeCreated": "2025-08-25 08:33:30.728256+00:00", "RecordID": "853", "Level": "4", "UserID": "S-1-5-18"}
