{"EventID": "101", "Channel": "Microsoft-Windows-Diagnostics-Performance/Operational", "Provider_Name": "Microsoft-Windows-Diagnostics-Performance", "Computer": "DESKTOP-OFJ6N53", "TimeCreated": "2025-03-11 20:24:12.206371+00:00", "RecordID": "521", "Level": "3", "UserID": "S-1-5-19", "EventData.StartTime": "2025-03-11 20:16:53.831884+00:00", "EventData.NameLength": "13", "EventData.Name": "cptrayUI.exe", "EventData.FriendlyNameLength": "30", "EventData.FriendlyName": "Check Point Endpoint Security", "EventData.VersionLength": "13", "EventData.Version": "8.68.73.0005", "EventData.TotalTime": "13109", "EventData.DegradationTime": "10609", "EventData.PathLength": "81", "EventData.Path": "C:\\Program Files (x86)\\CheckPoint\\Endpoint Security\\UIFramework\\Bin\\cptrayUI.exe", "EventData.ProductNameLength": "9", "EventData.ProductName": "cptrayUI", "EventData.CompanyNameLength": "39", "EventData.CompanyName": "Check Point Software Technologies Ltd."}
{"EventID": "101", "Channel": "Microsoft-Windows-Diagnostics-Performance/Operational", "Provider_Name": "Microsoft-Windows-Diagnostics-Performance", "Computer": "DESKTOP-OFJ6N53", "TimeCreated": "2025-03-11 20:24:12.206381+00:00", "RecordID": "522", "Level": "3", "UserID": "S-1-5-19", "EventData.StartTime": "2025-03-11 20:16:53.831884+00:00", "EventData.NameLength": "15", "EventData.Name": "EFRService.exe", "EventData.FriendlyNameLength": "47", "EventData.FriendlyName": "Check Point Endpoint Forensic Recorder service", "EventData.VersionLength": "10", "EventData.Version": "868731001", "EventData.TotalTime": "10282", "EventData.DegradationTime": "7782", "EventData.PathLength": "71", "EventData.Path": "C:\\Program Files (x86)\\CheckPoint\\Endpoint Security\\EFR\\EFRService.exe", "EventData.ProductNameLength": "19", "EventData.ProductName": "End Point Security", "EventData.CompanyNameLength": "39", "EventData.CompanyName": "Check Point Software Technologies Ltd."}
{"EventID": "101", "Channel": "Microsoft-Windows-Diagnostics-Performance/Operational", "Provider_Name": "Microsoft-Windows-Diagnostics-Performance", "Computer": "DESKTOP-OFJ6N53", "TimeCreated": "2025-03-11 20:24:12.206387+00:00", "RecordID": "523", "Level": "3", "UserID": "S-1-5-19", "EventData.StartTime": "2025-03-11 20:16:53.831884+00:00", "EventData.NameLength": "13", "EventData.Name": "TiWorker.exe", "EventData.FriendlyNameLength": "33", "EventData.FriendlyName": "Windows Modules Installer Worker", "EventData.VersionLength": "39", "EventData.Version": "10.0.19041.5547 (WinBuild.160101.0800)", "EventData.TotalTime": "1170", "EventData.DegradationTime": "170", "EventData.PathLength": "125", "EventData.Path": "C:\\Windows\\WinSxS\\amd64_microsoft-windows-servicingstack_31bf3856ad364e35_10.0.19041.5547_none_7e02b5467c95ffef\\TiWorker.exe", "EventData.ProductNameLength": "37", "EventData.ProductName": "Microsoft® Windows® Operating System", "EventData.CompanyNameLength": "22", "EventData.CompanyName": "Microsoft Corporation"}
{"EventID": "200", "Channel": "Microsoft-Windows-Diagnostics-Performance/Operational", "Provider_Name": "Microsoft-Windows-Diagnostics-Performance", "Computer": "DESKTOP-OFJ6N53", "TimeCreated": "2025-04-01 16:05:21.347984+00:00", "RecordID": "524", "Level": "2", "UserID": "S-1-5-19", "EventData.ShutdownTsVersion": "1", "EventData.ShutdownStartTime": "2025-04-01 16:01:42.712399+00:00", "EventData.ShutdownEndTime": "2025-04-01 16:03:03.403402+00:00", "EventData.ShutdownTime": "80691", "EventData.ShutdownUserSessionTime": "3962", "EventData.ShutdownUserPolicyTime": "2", "EventData.ShutdownUserProfilesTime": "158", "EventData.ShutdownSystemSessionsTime": "36506", "EventData.ShutdownPreShutdownNotificationsTime": "31454", "EventData.ShutdownServicesTime": "5000", "EventData.ShutdownKernelTime": "40221", "EventData.ShutdownRootCauseStepImprovementBits": "0", "EventData.ShutdownRootCauseGradualImprovementBits": "0", "EventData.ShutdownRootCauseStepDegradationBits": "1", "EventData.ShutdownRootCauseGradualDegradationBits": "0", "EventData.ShutdownIsDegradation": "True", "EventData.ShutdownTimeChange": "39508"}
{"EventID": "203", "Channel": "Microsoft-Windows-Diagnostics-Performance/Operational", "Provider_Name": "Microsoft-Windows-Diagnostics-Performance", "Computer": "DESKTOP-OFJ6N53", "TimeCreated": "2025-04-01 16:05:21.405058+00:00", "RecordID": "525", "Level": "3", "UserID": "S-1-5-19", "EventData.StartTime": "2025-04-01 16:01:42.712399+00:00", "EventData.NameLength": "6", "EventData.Name": "vsmon", "EventData.FriendlyNameLength": "0", "EventData.FriendlyName": null, "EventData.VersionLength": "0", "EventData.Version": null, "EventData.TotalTime": "6698", "EventData.DegradationTime": "2698", "EventData.PathLength": "48", "EventData.Path": "c:\\windows\\syswow64\\zonelabs\\vsmon.exe -service", "EventData.ProductNameLength": "0", "EventData.ProductName": null, "EventData.CompanyNameLength": "0", "EventData.CompanyName": null}
{"EventID": "203", "Channel": "Microsoft-Windows-Diagnostics-Performance/Operational", "Provider_Name": "Microsoft-Windows-Diagnostics-Performance", "Computer": "DESKTOP-OFJ6N53", "TimeCreated": "2025-04-01 16:05:21.405066+00:00", "RecordID": "526", "Level": "3", "UserID": "S-1-5-19", "EventData.StartTime": "2025-04-01 16:01:42.712399+00:00", "EventData.NameLength": "12", "EventData.Name": "EpabService", "EventData.FriendlyNameLength": "0", "EventData.FriendlyName": null, "EventData.VersionLength": "0", "EventData.Version": null, "EventData.TotalTime": "4947", "EventData.DegradationTime": "947", "EventData.PathLength": "85", "EventData.Path": "\"c:\\program files (x86)\\checkpoint\\endpoint security\\antibot\\epab_svc.exe\" --service", "EventData.ProductNameLength": "0", "EventData.ProductName": null, "EventData.CompanyNameLength": "0", "EventData.CompanyName": null}
{"EventID": "203", "Channel": "Microsoft-Windows-Diagnostics-Performance/Operational", "Provider_Name": "Microsoft-Windows-Diagnostics-Performance", "Computer": "DESKTOP-OFJ6N53", "TimeCreated": "2025-04-01 16:05:21.405087+00:00", "RecordID": "527", "Level": "3", "UserID": "S-1-5-19", "EventData.StartTime": "2025-04-01 16:01:42.712399+00:00", "EventData.NameLength": "9", "EventData.Name": "FDResPub", "EventData.FriendlyNameLength": "47", "EventData.FriendlyName": "Служба публикации ресурсов обнаружения функции", "EventData.VersionLength": "39", "EventData.Version": "10.0.19041.4522 (WinBuild.160101.0800)", "EventData.TotalTime": "1159", "EventData.DegradationTime": "285", "EventData.PathLength": "33", "EventData.Path": "C:\\Windows\\system32\\fdrespub.dll", "EventData.ProductNameLength": "41", "EventData.ProductName": "Операционная система Microsoft® Windows®", "EventData.CompanyNameLength": "22", "EventData.CompanyName": "Microsoft Corporation"}
{"EventID": "100", "Channel": "Microsoft-Windows-Diagnostics-Performance/Operational", "Provider_Name": "Microsoft-Windows-Diagnostics-Performance", "Computer": "DESKTOP-OFJ6N53", "TimeCreated": "2025-04-01 16:05:22.702074+00:00", "RecordID": "528", "Level": "2", "UserID": "S-1-5-19", "EventData.BootTsVersion": "2", "EventData.BootStartTime": "2025-04-01 16:03:13.069433+00:00", "EventData.BootEndTime": "2025-04-01 16:05:20.084970+00:00", "EventData.SystemBootInstance": "73", "EventData.UserBootInstance": "73", "EventData.BootTime": "114524", "EventData.MainPathBootTime": "61724", "EventData.BootKernelInitTime": "73", "EventData.BootDriverInitTime": "6156", "EventData.BootDevicesInitTime": "4820", "EventData.BootPrefetchInitTime": "0", "EventData.BootPrefetchBytes": "0", "EventData.BootAutoChkTime": "0", "EventData.BootSmssInitTime": "4289", "EventData.BootCriticalServicesInitTime": "1974", "EventData.BootUserProfileProcessingTime": "15003", "EventData.BootMachineProfileProcessingTime": "73", "EventData.BootExplorerInitTime": "29113", "EventData.BootNumStartupApps": "31", "EventData.BootPostBootTime": "52800", "EventData.BootIsRebootAfterInstall": "False", "EventData.BootRootCauseStepImprovementBits": "0", "EventData.BootRootCauseGradualImprovementBits": "0", "EventData.BootRootCauseStepDegradationBits": "512", "EventData.BootRootCauseGradualDegradationBits": "512", "EventData.BootIsDegradation": "False", "EventData.BootIsStepDegradation": "False", "EventData.BootIsGradualDegradation": "False", "EventData.BootImprovementDelta": "0", "EventData.BootDegradationDelta": "0", "EventData.BootIsRootCauseIdentified": "True", "EventData.OSLoaderDuration": "1005", "EventData.BootPNPInitStartTimeMS": "73", "EventData.BootPNPInitDuration": "3847", "EventData.OtherKernelInitDuration": "1864", "EventData.SystemPNPInitStartTimeMS": "5687", "EventData.SystemPNPInitDuration": "5641", "EventData.SessionInitStartTimeMS": "11353", "EventData.Session0InitDuration": "480", "EventData.Session1InitDuration": "106", "EventData.SessionInitOtherDuration": "3703", "EventData.WinLogonStartTimeMS": "15642", "EventData.OtherLogonInitActivityDuration": "1891", "EventData.UserLogonWaitDuration": "1479"}
{"EventID": "101", "Channel": "Microsoft-Windows-Diagnostics-Performance/Operational", "Provider_Name": "Microsoft-Windows-Diagnostics-Performance", "Computer": "DESKTOP-OFJ6N53", "TimeCreated": "2025-04-01 16:05:22.702085+00:00", "RecordID": "529", "Level": "2", "UserID": "S-1-5-19", "EventData.StartTime": "2025-04-01 16:03:13.069433+00:00", "EventData.NameLength": "12", "EventData.Name": "MsMpEng.exe", "EventData.FriendlyNameLength": "31", "EventData.FriendlyName": "Antimalware Service Executable", "EventData.VersionLength": "59", "EventData.Version": "4.18.25020.1009 (f9825cc40e26f897bbd18abcfcc53873f7599597)", "EventData.TotalTime": "56243", "EventData.DegradationTime": "48743", "EventData.PathLength": "81", "EventData.Path": "C:\\ProgramData\\Microsoft\\Windows Defender\\Platform\\4.18.25020.1009-0\\MsMpEng.exe", "EventData.ProductNameLength": "37", "EventData.ProductName": "Microsoft® Windows® Operating System", "EventData.CompanyNameLength": "22", "EventData.CompanyName": "Microsoft Corporation"}
{"EventID": "101", "Channel": "Microsoft-Windows-Diagnostics-Performance/Operational", "Provider_Name": "Microsoft-Windows-Diagnostics-Performance", "Computer": "DESKTOP-OFJ6N53", "TimeCreated": "2025-04-01 16:05:22.702097+00:00", "RecordID": "530", "Level": "3", "UserID": "S-1-5-19", "EventData.StartTime": "2025-04-01 16:03:13.069433+00:00", "EventData.NameLength": "10", "EventData.Name": "TESvc.exe", "EventData.FriendlyNameLength": "43", "EventData.FriendlyName": "Check Point Harmony Agent Threat Emulation", "EventData.VersionLength": "13", "EventData.Version": "8.68.73.1003", "EventData.TotalTime": "13094", "EventData.DegradationTime": "9594", "EventData.PathLength": "79", "EventData.Path": "C:\\Program Files (x86)\\CheckPoint\\Endpoint Security\\Threat Emulation\\TESvc.exe", "EventData.ProductNameLength": "26", "EventData.ProductName": "Check Point Harmony Agent", "EventData.CompanyNameLength": "39", "EventData.CompanyName": "Check Point Software Technologies Ltd."}
{"EventID": "101", "Channel": "Microsoft-Windows-Diagnostics-Performance/Operational", "Provider_Name": "Microsoft-Windows-Diagnostics-Performance", "Computer": "DESKTOP-OFJ6N53", "TimeCreated": "2025-04-01 16:05:22.702108+00:00", "RecordID": "531", "Level": "3", "UserID": "S-1-5-19", "EventData.StartTime": "2025-04-01 16:03:13.069433+00:00", "EventData.NameLength": "10", "EventData.Name": "vsmon.exe", "EventData.FriendlyNameLength": "49", "EventData.FriendlyName": "Check Point Endpoint Security Network Protection", "EventData.VersionLength": "10", "EventData.Version": "868731001", "EventData.TotalTime": "9635", "EventData.DegradationTime": "6135", "EventData.PathLength": "39", "EventData.Path": "C:\\Windows\\SysWOW64\\Zonelabs\\vsmon.exe", "EventData.ProductNameLength": "19", "EventData.ProductName": "End Point Security", "EventData.CompanyNameLength": "39", "EventData.CompanyName": "Check Point Software Technologies Ltd."}
{"EventID": "101", "Channel": "Microsoft-Windows-Diagnostics-Performance/Operational", "Provider_Name": "Microsoft-Windows-Diagnostics-Performance", "Computer": "DESKTOP-OFJ6N53", "TimeCreated": "2025-04-01 16:05:22.702116+00:00", "RecordID": "532", "Level": "3", "UserID": "S-1-5-19", "EventData.StartTime": "2025-04-01 16:03:13.069433+00:00", "EventData.NameLength": "13", "EventData.Name": "epab_svc.exe", "EventData.FriendlyNameLength": "46", "EventData.FriendlyName": "Check Point Endpoint Security AntiBot Service", "EventData.VersionLength": "10", "EventData.Version": "868731001", "EventData.TotalTime": "8575", "EventData.DegradationTime": "5075", "EventData.PathLength": "73", "EventData.Path": "C:\\Program Files (x86)\\CheckPoint\\Endpoint Security\\AntiBot\\epab_svc.exe", "EventData.ProductNameLength": "19", "EventData.ProductName": "End Point Security", "EventData.CompanyNameLength": "39", "EventData.CompanyName": "Check Point Software Technologies Ltd."}
{"EventID": "101", "Channel": "Microsoft-Windows-Diagnostics-Performance/Operational", "Provider_Name": "Microsoft-Windows-Diagnostics-Performance", "Computer": "DESKTOP-OFJ6N53", "TimeCreated": "2025-04-01 16:05:22.702122+00:00", "RecordID": "533", "Level": "3", "UserID": "S-1-5-19", "EventData.StartTime": "2025-04-01 16:03:13.069433+00:00", "EventData.NameLength": "15", "EventData.Name": "EFRService.exe", "EventData.FriendlyNameLength": "47", "EventData.FriendlyName": "Check Point Endpoint Forensic Recorder service", "EventData.VersionLength": "10", "EventData.Version": "868731001", "EventData.TotalTime": "6375", "EventData.DegradationTime": "2875", "EventData.PathLength": "71", "EventData.Path": "C:\\Program Files (x86)\\CheckPoint\\Endpoint Security\\EFR\\EFRService.exe", "EventData.ProductNameLength": "19", "EventData.ProductName": "End Point Security", "EventData.CompanyNameLength": "39", "EventData.CompanyName": "Check Point Software Technologies Ltd."}
{"EventID": "101", "Channel": "Microsoft-Windows-Diagnostics-Performance/Operational", "Provider_Name": "Microsoft-Windows-Diagnostics-Performance", "Computer": "DESKTOP-OFJ6N53", "TimeCreated": "2025-04-01 16:05:22.702131+00:00", "RecordID": "534", "Level": "3", "UserID": "S-1-5-19", "EventData.StartTime": "2025-04-01 16:03:13.069433+00:00", "EventData.NameLength": "26", "EventData.Name": "IDAFServerHostService.exe", "EventData.FriendlyNameLength": "61", "EventData.FriendlyName": "Check Point Device Auxiliary Framework for Endpoint Security", "EventData.VersionLength": "10", "EventData.Version": "868731001", "EventData.TotalTime": "3911", "EventData.DegradationTime": "1411", "EventData.PathLength": "98", "EventData.Path": "C:\\Program Files (x86)\\CheckPoint\\Endpoint Security\\Endpoint Common\\bin\\IDAFServerHostService.exe", "EventData.ProductNameLength": "19", "EventData.ProductName": "End Point Security", "EventData.CompanyNameLength": "39", "EventData.CompanyName": "Check Point Software Technologies Ltd."}
{"EventID": "101", "Channel": "Microsoft-Windows-Diagnostics-Performance/Operational", "Provider_Name": "Microsoft-Windows-Diagnostics-Performance", "Computer": "DESKTOP-OFJ6N53", "TimeCreated": "2025-04-01 16:05:22.702137+00:00", "RecordID": "535", "Level": "3", "UserID": "S-1-5-19", "EventData.StartTime": "2025-04-01 16:03:13.069433+00:00", "EventData.NameLength": "9", "EventData.Name": "EPWD.exe", "EventData.FriendlyNameLength": "46", "EventData.FriendlyName": "Check Point Endpoint Security Client Watchdog", "EventData.VersionLength": "13", "EventData.Version": "86,8,7000,01", "EventData.TotalTime": "2410", "EventData.DegradationTime": "1410", "EventData.PathLength": "70", "EventData.Path": "C:\\Program Files (x86)\\CheckPoint\\Endpoint Security\\Watchdog\\EPWD.exe", "EventData.ProductNameLength": "23", "EventData.ProductName": "End Point Security R80", "EventData.CompanyNameLength": "39", "EventData.CompanyName": "Check Point Software Technologies Ltd."}
{"EventID": "101", "Channel": "Microsoft-Windows-Diagnostics-Performance/Operational", "Provider_Name": "Microsoft-Windows-Diagnostics-Performance", "Computer": "DESKTOP-OFJ6N53", "TimeCreated": "2025-04-01 16:05:22.702145+00:00", "RecordID": "536", "Level": "3", "UserID": "S-1-5-19", "EventData.StartTime": "2025-04-01 16:03:13.069433+00:00", "EventData.NameLength": "9", "EventData.Name": "cpda.exe", "EventData.FriendlyNameLength": "27", "EventData.FriendlyName": "Check Point Endpoint Agent", "EventData.VersionLength": "13", "EventData.Version": "86,8,7310,02", "EventData.TotalTime": "2069", "EventData.DegradationTime": "1069", "EventData.PathLength": "81", "EventData.Path": "C:\\Program Files (x86)\\CheckPoint\\Endpoint Security\\Endpoint Common\\bin\\cpda.exe", "EventData.ProductNameLength": "23", "EventData.ProductName": "End Point Security R80", "EventData.CompanyNameLength": "39", "EventData.CompanyName": "Check Point Software Technologies Ltd."}
{"EventID": "101", "Channel": "Microsoft-Windows-Diagnostics-Performance/Operational", "Provider_Name": "Microsoft-Windows-Diagnostics-Performance", "Computer": "DESKTOP-OFJ6N53", "TimeCreated": "2025-04-01 16:05:22.702152+00:00", "RecordID": "537", "Level": "3", "UserID": "S-1-5-19", "EventData.StartTime": "2025-04-01 16:03:13.069433+00:00", "EventData.NameLength": "16", "EventData.Name": "cptrayLogic.exe", "EventData.FriendlyNameLength": "30", "EventData.FriendlyName": "Check Point Endpoint Security", "EventData.VersionLength": "13", "EventData.Version": "8.68.73.0005", "EventData.TotalTime": "1641", "EventData.DegradationTime": "641", "EventData.PathLength": "84", "EventData.Path": "C:\\Program Files (x86)\\CheckPoint\\Endpoint Security\\UIFramework\\Bin\\cptrayLogic.exe", "EventData.ProductNameLength": "16", "EventData.ProductName": "EP.StarterLogic", "EventData.CompanyNameLength": "39", "EventData.CompanyName": "Check Point Software Technologies Ltd."}
{"EventID": "101", "Channel": "Microsoft-Windows-Diagnostics-Performance/Operational", "Provider_Name": "Microsoft-Windows-Diagnostics-Performance", "Computer": "DESKTOP-OFJ6N53", "TimeCreated": "2025-04-01 16:05:22.702158+00:00", "RecordID": "538", "Level": "3", "UserID": "S-1-5-19", "EventData.StartTime": "2025-04-01 16:03:13.069433+00:00", "EventData.NameLength": "21", "EventData.Name": "IntegrityService.exe", "EventData.FriendlyNameLength": "1", "EventData.FriendlyName": null, "EventData.VersionLength": "1", "EventData.Version": null, "EventData.TotalTime": "1963", "EventData.DegradationTime": "605", "EventData.PathLength": "73", "EventData.Path": "C:\\Program Files\\Security Code\\Continent VPN Client\\IntegrityService.exe", "EventData.ProductNameLength": "1", "EventData.ProductName": null, "EventData.CompanyNameLength": "1", "EventData.CompanyName": null}
{"EventID": "200", "Channel": "Microsoft-Windows-Diagnostics-Performance/Operational", "Provider_Name": "Microsoft-Windows-Diagnostics-Performance", "Computer": "DESKTOP-OFJ6N53", "TimeCreated": "2025-04-02 09:20:21.756361+00:00", "RecordID": "539", "Level": "3", "UserID": "S-1-5-19", "EventData.ShutdownTsVersion": "1", "EventData.ShutdownStartTime": "2025-04-02 09:17:29.833342+00:00", "EventData.ShutdownEndTime": "2025-04-02 09:18:03.422729+00:00", "EventData.ShutdownTime": "33589", "EventData.ShutdownUserSessionTime": "7120", "EventData.ShutdownUserPolicyTime": "2", "EventData.ShutdownUserProfilesTime": "103", "EventData.ShutdownSystemSessionsTime": "24957", "EventData.ShutdownPreShutdownNotificationsTime": "19913", "EventData.ShutdownServicesTime": "4988", "EventData.ShutdownKernelTime": "1511", "EventData.ShutdownRootCauseStepImprovementBits": "0", "EventData.ShutdownRootCauseGradualImprovementBits": "0", "EventData.ShutdownRootCauseStepDegradationBits": "0", "EventData.ShutdownRootCauseGradualDegradationBits": "0", "EventData.ShutdownIsDegradation": "False", "EventData.ShutdownTimeChange": "0"}
{"EventID": "100", "Channel": "Microsoft-Windows-Diagnostics-Performance/Operational", "Provider_Name": "Microsoft-Windows-Diagnostics-Performance", "Computer": "DESKTOP-OFJ6N53", "TimeCreated": "2025-04-02 09:20:23.168999+00:00", "RecordID": "540", "Level": "1", "UserID": "S-1-5-19", "EventData.BootTsVersion": "2", "EventData.BootStartTime": "2025-04-02 09:18:10.773010+00:00", "EventData.BootEndTime": "2025-04-02 09:20:13.491051+00:00", "EventData.SystemBootInstance": "74", "EventData.UserBootInstance": "74", "EventData.BootTime": "110620", "EventData.MainPathBootTime": "47920", "EventData.BootKernelInitTime": "77", "EventData.BootDriverInitTime": "1228", "EventData.BootDevicesInitTime": "4820", "EventData.BootPrefetchInitTime": "0", "EventData.BootPrefetchBytes": "0", "EventData.BootAutoChkTime": "0", "EventData.BootSmssInitTime": "1955", "EventData.BootCriticalServicesInitTime": "2069", "EventData.BootUserProfileProcessingTime": "18178", "EventData.BootMachineProfileProcessingTime": "108", "EventData.BootExplorerInitTime": "19151", "EventData.BootNumStartupApps": "26", "EventData.BootPostBootTime": "62700", "EventData.BootIsRebootAfterInstall": "False", "EventData.BootRootCauseStepImprovementBits": "2048", "EventData.BootRootCauseGradualImprovementBits": "0", "EventData.BootRootCauseStepDegradationBits": "0", "EventData.BootRootCauseGradualDegradationBits": "0", "EventData.BootIsDegradation": "False", "EventData.BootIsStepDegradation": "False", "EventData.BootIsGradualDegradation": "False", "EventData.BootImprovementDelta": "0", "EventData.BootDegradationDelta": "0", "EventData.BootIsRootCauseIdentified": "True", "EventData.OSLoaderDuration": "1003", "EventData.BootPNPInitStartTimeMS": "77", "EventData.BootPNPInitDuration": "3828", "EventData.OtherKernelInitDuration": "1843", "EventData.SystemPNPInitStartTimeMS": "5651", "EventData.SystemPNPInitDuration": "755", "EventData.SessionInitStartTimeMS": "6427", "EventData.Session0InitDuration": "438", "EventData.Session1InitDuration": "84", "EventData.SessionInitOtherDuration": "1433", "EventData.WinLogonStartTimeMS": "8383", "EventData.OtherLogonInitActivityDuration": "2098", "EventData.UserLogonWaitDuration": "837"}
{"EventID": "101", "Channel": "Microsoft-Windows-Diagnostics-Performance/Operational", "Provider_Name": "Microsoft-Windows-Diagnostics-Performance", "Computer": "DESKTOP-OFJ6N53", "TimeCreated": "2025-04-02 09:20:23.169008+00:00", "RecordID": "541", "Level": "2", "UserID": "S-1-5-19", "EventData.StartTime": "2025-04-02 09:18:10.773010+00:00", "EventData.NameLength": "12", "EventData.Name": "MsMpEng.exe", "EventData.FriendlyNameLength": "31", "EventData.FriendlyName": "Antimalware Service Executable", "EventData.VersionLength": "59", "EventData.Version": "4.18.25020.1009 (f9825cc40e26f897bbd18abcfcc53873f7599597)", "EventData.TotalTime": "45117", "EventData.DegradationTime": "37617", "EventData.PathLength": "81", "EventData.Path": "C:\\ProgramData\\Microsoft\\Windows Defender\\Platform\\4.18.25020.1009-0\\MsMpEng.exe", "EventData.ProductNameLength": "37", "EventData.ProductName": "Microsoft® Windows® Operating System", "EventData.CompanyNameLength": "22", "EventData.CompanyName": "Microsoft Corporation"}
{"EventID": "101", "Channel": "Microsoft-Windows-Diagnostics-Performance/Operational", "Provider_Name": "Microsoft-Windows-Diagnostics-Performance", "Computer": "DESKTOP-OFJ6N53", "TimeCreated": "2025-04-02 09:20:23.169018+00:00", "RecordID": "542", "Level": "3", "UserID": "S-1-5-19", "EventData.StartTime": "2025-04-02 09:18:10.773010+00:00", "EventData.NameLength": "10", "EventData.Name": "TESvc.exe", "EventData.FriendlyNameLength": "43", "EventData.FriendlyName": "Check Point Harmony Agent Threat Emulation", "EventData.VersionLength": "13", "EventData.Version": "8.68.73.1003", "EventData.TotalTime": "13315", "EventData.DegradationTime": "9815", "EventData.PathLength": "79", "EventData.Path": "C:\\Program Files (x86)\\CheckPoint\\Endpoint Security\\Threat Emulation\\TESvc.exe", "EventData.ProductNameLength": "26", "EventData.ProductName": "Check Point Harmony Agent", "EventData.CompanyNameLength": "39", "EventData.CompanyName": "Check Point Software Technologies Ltd."}
{"EventID": "101", "Channel": "Microsoft-Windows-Diagnostics-Performance/Operational", "Provider_Name": "Microsoft-Windows-Diagnostics-Performance", "Computer": "DESKTOP-OFJ6N53", "TimeCreated": "2025-04-02 09:20:23.169024+00:00", "RecordID": "543", "Level": "3", "UserID": "S-1-5-19", "EventData.StartTime": "2025-04-02 09:18:10.773010+00:00", "EventData.NameLength": "13", "EventData.Name": "epab_svc.exe", "EventData.FriendlyNameLength": "46", "EventData.FriendlyName": "Check Point Endpoint Security AntiBot Service", "EventData.VersionLength": "10", "EventData.Version": "868731001", "EventData.TotalTime": "9134", "EventData.DegradationTime": "5634", "EventData.PathLength": "73", "EventData.Path": "C:\\Program Files (x86)\\CheckPoint\\Endpoint Security\\AntiBot\\epab_svc.exe", "EventData.ProductNameLength": "19", "EventData.ProductName": "End Point Security", "EventData.CompanyNameLength": "39", "EventData.CompanyName": "Check Point Software Technologies Ltd."}
{"EventID": "101", "Channel": "Microsoft-Windows-Diagnostics-Performance/Operational", "Provider_Name": "Microsoft-Windows-Diagnostics-Performance", "Computer": "DESKTOP-OFJ6N53", "TimeCreated": "2025-04-02 09:20:23.169031+00:00", "RecordID": "544", "Level": "3", "UserID": "S-1-5-19", "EventData.StartTime": "2025-04-02 09:18:10.773010+00:00", "EventData.NameLength": "10", "EventData.Name": "vsmon.exe", "EventData.FriendlyNameLength": "49", "EventData.FriendlyName": "Check Point Endpoint Security Network Protection", "EventData.VersionLength": "10", "EventData.Version": "868731001", "EventData.TotalTime": "8191", "EventData.DegradationTime": "4691", "EventData.PathLength": "39", "EventData.Path": "C:\\Windows\\SysWOW64\\Zonelabs\\vsmon.exe", "EventData.ProductNameLength": "19", "EventData.ProductName": "End Point Security", "EventData.CompanyNameLength": "39", "EventData.CompanyName": "Check Point Software Technologies Ltd."}
{"EventID": "101", "Channel": "Microsoft-Windows-Diagnostics-Performance/Operational", "Provider_Name": "Microsoft-Windows-Diagnostics-Performance", "Computer": "DESKTOP-OFJ6N53", "TimeCreated": "2025-04-02 09:20:23.169037+00:00", "RecordID": "545", "Level": "3", "UserID": "S-1-5-19", "EventData.StartTime": "2025-04-02 09:18:10.773010+00:00", "EventData.NameLength": "26", "EventData.Name": "IDAFServerHostService.exe", "EventData.FriendlyNameLength": "61", "EventData.FriendlyName": "Check Point Device Auxiliary Framework for Endpoint Security", "EventData.VersionLength": "10", "EventData.Version": "868731001", "EventData.TotalTime": "2820", "EventData.DegradationTime": "1820", "EventData.PathLength": "98", "EventData.Path": "C:\\Program Files (x86)\\CheckPoint\\Endpoint Security\\Endpoint Common\\bin\\IDAFServerHostService.exe", "EventData.ProductNameLength": "19", "EventData.ProductName": "End Point Security", "EventData.CompanyNameLength": "39", "EventData.CompanyName": "Check Point Software Technologies Ltd."}
{"EventID": "101", "Channel": "Microsoft-Windows-Diagnostics-Performance/Operational", "Provider_Name": "Microsoft-Windows-Diagnostics-Performance", "Computer": "DESKTOP-OFJ6N53", "TimeCreated": "2025-04-02 09:20:23.169046+00:00", "RecordID": "546", "Level": "3", "UserID": "S-1-5-19", "EventData.StartTime": "2025-04-02 09:18:10.773010+00:00", "EventData.NameLength": "9", "EventData.Name": "cpda.exe", "EventData.FriendlyNameLength": "27", "EventData.FriendlyName": "Check Point Endpoint Agent", "EventData.VersionLength": "13", "EventData.Version": "86,8,7310,02", "EventData.TotalTime": "2411", "EventData.DegradationTime": "1411", "EventData.PathLength": "81", "EventData.Path": "C:\\Program Files (x86)\\CheckPoint\\Endpoint Security\\Endpoint Common\\bin\\cpda.exe", "EventData.ProductNameLength": "23", "EventData.ProductName": "End Point Security R80", "EventData.CompanyNameLength": "39", "EventData.CompanyName": "Check Point Software Technologies Ltd."}
{"EventID": "101", "Channel": "Microsoft-Windows-Diagnostics-Performance/Operational", "Provider_Name": "Microsoft-Windows-Diagnostics-Performance", "Computer": "DESKTOP-OFJ6N53", "TimeCreated": "2025-04-02 09:20:23.169052+00:00", "RecordID": "547", "Level": "3", "UserID": "S-1-5-19", "EventData.StartTime": "2025-04-02 09:18:10.773010+00:00", "EventData.NameLength": "9", "EventData.Name": "EPWD.exe", "EventData.FriendlyNameLength": "46", "EventData.FriendlyName": "Check Point Endpoint Security Client Watchdog", "EventData.VersionLength": "13", "EventData.Version": "86,8,7000,01", "EventData.TotalTime": "1902", "EventData.DegradationTime": "902", "EventData.PathLength": "70", "EventData.Path": "C:\\Program Files (x86)\\CheckPoint\\Endpoint Security\\Watchdog\\EPWD.exe", "EventData.ProductNameLength": "23", "EventData.ProductName": "End Point Security R80", "EventData.CompanyNameLength": "39", "EventData.CompanyName": "Check Point Software Technologies Ltd."}
{"EventID": "200", "Channel": "Microsoft-Windows-Diagnostics-Performance/Operational", "Provider_Name": "Microsoft-Windows-Diagnostics-Performance", "Computer": "DESKTOP-OFJ6N53", "TimeCreated": "2025-04-02 09:54:10.440348+00:00", "RecordID": "548", "Level": "3", "UserID": "S-1-5-19", "EventData.ShutdownTsVersion": "1", "EventData.ShutdownStartTime": "2025-04-02 09:30:27.870155+00:00", "EventData.ShutdownEndTime": "2025-04-02 09:31:12.704460+00:00", "EventData.ShutdownTime": "44834", "EventData.ShutdownUserSessionTime": "2947", "EventData.ShutdownUserPolicyTime": "1", "EventData.ShutdownUserProfilesTime": "224", "EventData.ShutdownSystemSessionsTime": "39864", "EventData.ShutdownPreShutdownNotificationsTime": "34790", "EventData.ShutdownServicesTime": "5015", "EventData.ShutdownKernelTime": "2022", "EventData.ShutdownRootCauseStepImprovementBits": "0", "EventData.ShutdownRootCauseGradualImprovementBits": "0", "EventData.ShutdownRootCauseStepDegradationBits": "0", "EventData.ShutdownRootCauseGradualDegradationBits": "72", "EventData.ShutdownIsDegradation": "True", "EventData.ShutdownTimeChange": "0"}
{"EventID": "200", "Channel": "Microsoft-Windows-Diagnostics-Performance/Operational", "Provider_Name": "Microsoft-Windows-Diagnostics-Performance", "Computer": "DESKTOP-OFJ6N53", "TimeCreated": "2025-04-02 10:02:49.828182+00:00", "RecordID": "549", "Level": "3", "UserID": "S-1-5-19", "EventData.ShutdownTsVersion": "1", "EventData.ShutdownStartTime": "2025-04-02 09:56:39.993893+00:00", "EventData.ShutdownEndTime": "2025-04-02 09:57:21.681280+00:00", "EventData.ShutdownTime": "41687", "EventData.ShutdownUserSessionTime": "2101", "EventData.ShutdownUserPolicyTime": "41", "EventData.ShutdownUserProfilesTime": "88", "EventData.ShutdownSystemSessionsTime": "37119", "EventData.ShutdownPreShutdownNotificationsTime": "32074", "EventData.ShutdownServicesTime": "4985", "EventData.ShutdownKernelTime": "2466", "EventData.ShutdownRootCauseStepImprovementBits": "32", "EventData.ShutdownRootCauseGradualImprovementBits": "32", "EventData.ShutdownRootCauseStepDegradationBits": "0", "EventData.ShutdownRootCauseGradualDegradationBits": "0", "EventData.ShutdownIsDegradation": "False", "EventData.ShutdownTimeChange": "0"}
{"EventID": "203", "Channel": "Microsoft-Windows-Diagnostics-Performance/Operational", "Provider_Name": "Microsoft-Windows-Diagnostics-Performance", "Computer": "DESKTOP-OFJ6N53", "TimeCreated": "2025-04-02 10:02:49.829205+00:00", "RecordID": "550", "Level": "3", "UserID": "S-1-5-19", "EventData.StartTime": "2025-04-02 09:56:39.993893+00:00", "EventData.NameLength": "6", "EventData.Name": "vsmon", "EventData.FriendlyNameLength": "0", "EventData.FriendlyName": null, "EventData.VersionLength": "0", "EventData.Version": null, "EventData.TotalTime": "7187", "EventData.DegradationTime": "1583", "EventData.PathLength": "48", "EventData.Path": "c:\\windows\\syswow64\\zonelabs\\vsmon.exe -service", "EventData.ProductNameLength": "0", "EventData.ProductName": null, "EventData.CompanyNameLength": "0", "EventData.CompanyName": null}
{"EventID": "200", "Channel": "Microsoft-Windows-Diagnostics-Performance/Operational", "Provider_Name": "Microsoft-Windows-Diagnostics-Performance", "Computer": "DESKTOP-OFJ6N53", "TimeCreated": "2025-04-02 10:09:12.363754+00:00", "RecordID": "551", "Level": "3", "UserID": "S-1-5-19", "EventData.ShutdownTsVersion": "1", "EventData.ShutdownStartTime": "2025-04-02 10:07:20.267939+00:00", "EventData.ShutdownEndTime": "2025-04-02 10:08:07.506376+00:00", "EventData.ShutdownTime": "47238", "EventData.ShutdownUserSessionTime": "6610", "EventData.ShutdownUserPolicyTime": "2", "EventData.ShutdownUserProfilesTime": "73", "EventData.ShutdownSystemSessionsTime": "38712", "EventData.ShutdownPreShutdownNotificationsTime": "31622", "EventData.ShutdownServicesTime": "4994", "EventData.ShutdownKernelTime": "1915", "EventData.ShutdownRootCauseStepImprovementBits": "1", "EventData.ShutdownRootCauseGradualImprovementBits": "0", "EventData.ShutdownRootCauseStepDegradationBits": "0", "EventData.ShutdownRootCauseGradualDegradationBits": "0", "EventData.ShutdownIsDegradation": "False", "EventData.ShutdownTimeChange": "0"}
{"EventID": "200", "Channel": "Microsoft-Windows-Diagnostics-Performance/Operational", "Provider_Name": "Microsoft-Windows-Diagnostics-Performance", "Computer": "DESKTOP-OFJ6N53", "TimeCreated": "2025-04-02 10:13:00.565523+00:00", "RecordID": "552", "Level": "3", "UserID": "S-1-5-19", "EventData.ShutdownTsVersion": "1", "EventData.ShutdownStartTime": "2025-04-02 10:10:38.420437+00:00", "EventData.ShutdownEndTime": "2025-04-02 10:11:35.954700+00:00", "EventData.ShutdownTime": "57534", "EventData.ShutdownUserSessionTime": "9222", "EventData.ShutdownUserPolicyTime": "2", "EventData.ShutdownUserProfilesTime": "64", "EventData.ShutdownSystemSessionsTime": "46245", "EventData.ShutdownPreShutdownNotificationsTime": "41177", "EventData.ShutdownServicesTime": "4985", "EventData.ShutdownKernelTime": "2066", "EventData.ShutdownRootCauseStepImprovementBits": "0", "EventData.ShutdownRootCauseGradualImprovementBits": "0", "EventData.ShutdownRootCauseStepDegradationBits": "0", "EventData.ShutdownRootCauseGradualDegradationBits": "0", "EventData.ShutdownIsDegradation": "False", "EventData.ShutdownTimeChange": "0"}
{"EventID": "200", "Channel": "Microsoft-Windows-Diagnostics-Performance/Operational", "Provider_Name": "Microsoft-Windows-Diagnostics-Performance", "Computer": "DESKTOP-OFJ6N53", "TimeCreated": "2025-04-02 10:31:38.802090+00:00", "RecordID": "553", "Level": "3", "UserID": "S-1-5-19", "EventData.ShutdownTsVersion": "1", "EventData.ShutdownStartTime": "2025-04-02 10:15:28.929073+00:00", "EventData.ShutdownEndTime": "2025-04-02 10:15:59.920752+00:00", "EventData.ShutdownTime": "30991", "EventData.ShutdownUserSessionTime": "1790", "EventData.ShutdownUserPolicyTime": "2", "EventData.ShutdownUserProfilesTime": "66", "EventData.ShutdownSystemSessionsTime": "27023", "EventData.ShutdownPreShutdownNotificationsTime": "21980", "EventData.ShutdownServicesTime": "4990", "EventData.ShutdownKernelTime": "2178", "EventData.ShutdownRootCauseStepImprovementBits": "0", "EventData.ShutdownRootCauseGradualImprovementBits": "0", "EventData.ShutdownRootCauseStepDegradationBits": "0", "EventData.ShutdownRootCauseGradualDegradationBits": "0", "EventData.ShutdownIsDegradation": "False", "EventData.ShutdownTimeChange": "0"}
{"EventID": "200", "Channel": "Microsoft-Windows-Diagnostics-Performance/Operational", "Provider_Name": "Microsoft-Windows-Diagnostics-Performance", "Computer": "DESKTOP-OFJ6N53", "TimeCreated": "2025-04-02 10:38:38.558661+00:00", "RecordID": "554", "Level": "3", "UserID": "S-1-5-19", "EventData.ShutdownTsVersion": "1", "EventData.ShutdownStartTime": "2025-04-02 10:33:17.133833+00:00", "EventData.ShutdownEndTime": "2025-04-02 10:33:47.502991+00:00", "EventData.ShutdownTime": "30369", "EventData.ShutdownUserSessionTime": "2966", "EventData.ShutdownUserPolicyTime": "1", "EventData.ShutdownUserProfilesTime": "325", "EventData.ShutdownSystemSessionsTime": "25500", "EventData.ShutdownPreShutdownNotificationsTime": "20456", "EventData.ShutdownServicesTime": "4988", "EventData.ShutdownKernelTime": "1901", "EventData.ShutdownRootCauseStepImprovementBits": "0", "EventData.ShutdownRootCauseGradualImprovementBits": "0", "EventData.ShutdownRootCauseStepDegradationBits": "0", "EventData.ShutdownRootCauseGradualDegradationBits": "0", "EventData.ShutdownIsDegradation": "False", "EventData.ShutdownTimeChange": "0"}
{"EventID": "200", "Channel": "Microsoft-Windows-Diagnostics-Performance/Operational", "Provider_Name": "Microsoft-Windows-Diagnostics-Performance", "Computer": "DESKTOP-OFJ6N53", "TimeCreated": "2025-07-07 13:12:23.901705+00:00", "RecordID": "555", "Level": "2", "UserID": "S-1-5-19", "EventData.ShutdownTsVersion": "1", "EventData.ShutdownStartTime": "2025-07-07 12:47:40.259007+00:00", "EventData.ShutdownEndTime": "2025-07-07 12:48:58.938953+00:00", "EventData.ShutdownTime": "78679", "EventData.ShutdownUserSessionTime": "2746", "EventData.ShutdownUserPolicyTime": "4", "EventData.ShutdownUserProfilesTime": "35", "EventData.ShutdownSystemSessionsTime": "40153", "EventData.ShutdownPreShutdownNotificationsTime": "35082", "EventData.ShutdownServicesTime": "4988", "EventData.ShutdownKernelTime": "35780", "EventData.ShutdownRootCauseStepImprovementBits": "0", "EventData.ShutdownRootCauseGradualImprovementBits": "0", "EventData.ShutdownRootCauseStepDegradationBits": "0", "EventData.ShutdownRootCauseGradualDegradationBits": "0", "EventData.ShutdownIsDegradation": "False", "EventData.ShutdownTimeChange": "0"}
{"EventID": "200", "Channel": "Microsoft-Windows-Diagnostics-Performance/Operational", "Provider_Name": "Microsoft-Windows-Diagnostics-Performance", "Computer": "DESKTOP-OFJ6N53", "TimeCreated": "2025-07-24 21:30:43.381073+00:00", "RecordID": "556", "Level": "3", "UserID": "S-1-5-19", "EventData.ShutdownTsVersion": "1", "EventData.ShutdownStartTime": "2025-07-24 21:28:18.116085+00:00", "EventData.ShutdownEndTime": "2025-07-24 21:29:17.443111+00:00", "EventData.ShutdownTime": "59327", "EventData.ShutdownUserSessionTime": "2611", "EventData.ShutdownUserPolicyTime": "10", "EventData.ShutdownUserProfilesTime": "38", "EventData.ShutdownSystemSessionsTime": "36620", "EventData.ShutdownPreShutdownNotificationsTime": "31530", "EventData.ShutdownServicesTime": "4998", "EventData.ShutdownKernelTime": "20095", "EventData.ShutdownRootCauseStepImprovementBits": "0", "EventData.ShutdownRootCauseGradualImprovementBits": "0", "EventData.ShutdownRootCauseStepDegradationBits": "0", "EventData.ShutdownRootCauseGradualDegradationBits": "0", "EventData.ShutdownIsDegradation": "False", "EventData.ShutdownTimeChange": "0"}
{"EventID": "100", "Channel": "Microsoft-Windows-Diagnostics-Performance/Operational", "Provider_Name": "Microsoft-Windows-Diagnostics-Performance", "Computer": "DESKTOP-OFJ6N53", "TimeCreated": "2025-07-31 08:15:40.070038+00:00", "RecordID": "557", "Level": "1", "UserID": "S-1-5-19", "EventData.BootTsVersion": "2", "EventData.BootStartTime": "2025-07-31 08:03:22.804855+00:00", "EventData.BootEndTime": "2025-07-31 08:15:34.604280+00:00", "EventData.SystemBootInstance": "75", "EventData.UserBootInstance": "75", "EventData.BootTime": "104058", "EventData.MainPathBootTime": "32813", "EventData.BootKernelInitTime": "75", "EventData.BootDriverInitTime": "1321", "EventData.BootDevicesInitTime": "4842", "EventData.BootPrefetchInitTime": "0", "EventData.BootPrefetchBytes": "0", "EventData.BootAutoChkTime": "0", "EventData.BootSmssInitTime": "2147", "EventData.BootCriticalServicesInitTime": "478", "EventData.BootUserProfileProcessingTime": "2171", "EventData.BootMachineProfileProcessingTime": "97", "EventData.BootExplorerInitTime": "19890", "EventData.BootNumStartupApps": "27", "EventData.BootPostBootTime": "71245", "EventData.BootIsRebootAfterInstall": "False", "EventData.BootRootCauseStepImprovementBits": "0", "EventData.BootRootCauseGradualImprovementBits": "0", "EventData.BootRootCauseStepDegradationBits": "0", "EventData.BootRootCauseGradualDegradationBits": "0", "EventData.BootIsDegradation": "False", "EventData.BootIsStepDegradation": "False", "EventData.BootIsGradualDegradation": "False", "EventData.BootImprovementDelta": "0", "EventData.BootDegradationDelta": "0", "EventData.BootIsRootCauseIdentified": "False", "EventData.OSLoaderDuration": "1029", "EventData.BootPNPInitStartTimeMS": "75", "EventData.BootPNPInitDuration": "3917", "EventData.OtherKernelInitDuration": "1877", "EventData.SystemPNPInitStartTimeMS": "5765", "EventData.SystemPNPInitDuration": "795", "EventData.SessionInitStartTimeMS": "6589", "EventData.Session0InitDuration": "453", "EventData.Session1InitDuration": "89", "EventData.SessionInitOtherDuration": "1604", "EventData.WinLogonStartTimeMS": "8737", "EventData.OtherLogonInitActivityDuration": "1916", "EventData.UserLogonWaitDuration": "627742"}
{"EventID": "101", "Channel": "Microsoft-Windows-Diagnostics-Performance/Operational", "Provider_Name": "Microsoft-Windows-Diagnostics-Performance", "Computer": "DESKTOP-OFJ6N53", "TimeCreated": "2025-07-31 08:15:40.070051+00:00", "RecordID": "558", "Level": "2", "UserID": "S-1-5-19", "EventData.StartTime": "2025-07-31 08:03:22.804855+00:00", "EventData.NameLength": "12", "EventData.Name": "MsMpEng.exe", "EventData.FriendlyNameLength": "31", "EventData.FriendlyName": "Antimalware Service Executable", "EventData.VersionLength": "56", "EventData.Version": "4.18.25060.7 (c882211f69a885f9c0b68229ca4e1040a44b9b85)", "EventData.TotalTime": "82533", "EventData.DegradationTime": "75033", "EventData.PathLength": "78", "EventData.Path": "C:\\ProgramData\\Microsoft\\Windows Defender\\Platform\\4.18.25060.7-0\\MsMpEng.exe", "EventData.ProductNameLength": "37", "EventData.ProductName": "Microsoft® Windows® Operating System", "EventData.CompanyNameLength": "22", "EventData.CompanyName": "Microsoft Corporation"}
{"EventID": "101", "Channel": "Microsoft-Windows-Diagnostics-Performance/Operational", "Provider_Name": "Microsoft-Windows-Diagnostics-Performance", "Computer": "DESKTOP-OFJ6N53", "TimeCreated": "2025-07-31 08:15:40.070061+00:00", "RecordID": "559", "Level": "3", "UserID": "S-1-5-19", "EventData.StartTime": "2025-07-31 08:03:22.804855+00:00", "EventData.NameLength": "10", "EventData.Name": "vsmon.exe", "EventData.FriendlyNameLength": "49", "EventData.FriendlyName": "Check Point Endpoint Security Network Protection", "EventData.VersionLength": "10", "EventData.Version": "868731001", "EventData.TotalTime": "10667", "EventData.DegradationTime": "5667", "EventData.PathLength": "39", "EventData.Path": "C:\\Windows\\SysWOW64\\Zonelabs\\vsmon.exe", "EventData.ProductNameLength": "19", "EventData.ProductName": "End Point Security", "EventData.CompanyNameLength": "39", "EventData.CompanyName": "Check Point Software Technologies Ltd."}
{"EventID": "101", "Channel": "Microsoft-Windows-Diagnostics-Performance/Operational", "Provider_Name": "Microsoft-Windows-Diagnostics-Performance", "Computer": "DESKTOP-OFJ6N53", "TimeCreated": "2025-07-31 08:15:40.070068+00:00", "RecordID": "560", "Level": "3", "UserID": "S-1-5-19", "EventData.StartTime": "2025-07-31 08:03:22.804855+00:00", "EventData.NameLength": "21", "EventData.Name": "IntegrityService.exe", "EventData.FriendlyNameLength": "1", "EventData.FriendlyName": null, "EventData.VersionLength": "1", "EventData.Version": null, "EventData.TotalTime": "10194", "EventData.DegradationTime": "5194", "EventData.PathLength": "73", "EventData.Path": "C:\\Program Files\\Security Code\\Continent ZTN Client\\IntegrityService.exe", "EventData.ProductNameLength": "1", "EventData.ProductName": null, "EventData.CompanyNameLength": "1", "EventData.CompanyName": null}
{"EventID": "101", "Channel": "Microsoft-Windows-Diagnostics-Performance/Operational", "Provider_Name": "Microsoft-Windows-Diagnostics-Performance", "Computer": "DESKTOP-OFJ6N53", "TimeCreated": "2025-07-31 08:15:40.070076+00:00", "RecordID": "561", "Level": "3", "UserID": "S-1-5-19", "EventData.StartTime": "2025-07-31 08:03:22.804855+00:00", "EventData.NameLength": "13", "EventData.Name": "cptrayUI.exe", "EventData.FriendlyNameLength": "30", "EventData.FriendlyName": "Check Point Endpoint Security", "EventData.VersionLength": "13", "EventData.Version": "8.68.73.0005", "EventData.TotalTime": "8359", "EventData.DegradationTime": "3359", "EventData.PathLength": "81", "EventData.Path": "C:\\Program Files (x86)\\CheckPoint\\Endpoint Security\\UIFramework\\Bin\\cptrayUI.exe", "EventData.ProductNameLength": "9", "EventData.ProductName": "cptrayUI", "EventData.CompanyNameLength": "39", "EventData.CompanyName": "Check Point Software Technologies Ltd."}
{"EventID": "200", "Channel": "Microsoft-Windows-Diagnostics-Performance/Operational", "Provider_Name": "Microsoft-Windows-Diagnostics-Performance", "Computer": "DESKTOP-OFJ6N53", "TimeCreated": "2025-08-12 12:21:31.500912+00:00", "RecordID": "562", "Level": "2", "UserID": "S-1-5-19", "EventData.ShutdownTsVersion": "1", "EventData.ShutdownStartTime": "2025-08-12 12:15:51.360130+00:00", "EventData.ShutdownEndTime": "2025-08-12 12:17:09.963888+00:00", "EventData.ShutdownTime": "78603", "EventData.ShutdownUserSessionTime": "8876", "EventData.ShutdownUserPolicyTime": "3", "EventData.ShutdownUserProfilesTime": "18", "EventData.ShutdownSystemSessionsTime": "50149", "EventData.ShutdownPreShutdownNotificationsTime": "44856", "EventData.ShutdownServicesTime": "4994", "EventData.ShutdownKernelTime": "19577", "EventData.ShutdownRootCauseStepImprovementBits": "0", "EventData.ShutdownRootCauseGradualImprovementBits": "0", "EventData.ShutdownRootCauseStepDegradationBits": "0", "EventData.ShutdownRootCauseGradualDegradationBits": "0", "EventData.ShutdownIsDegradation": "False", "EventData.ShutdownTimeChange": "0"}
{"EventID": "100", "Channel": "Microsoft-Windows-Diagnostics-Performance/Operational", "Provider_Name": "Microsoft-Windows-Diagnostics-Performance", "Computer": "DESKTOP-OFJ6N53", "TimeCreated": "2025-08-12 12:21:33.798861+00:00", "RecordID": "563", "Level": "1", "UserID": "S-1-5-19", "EventData.BootTsVersion": "2", "EventData.BootStartTime": "2025-08-12 12:17:20.130009+00:00", "EventData.BootEndTime": "2025-08-12 12:19:49.704126+00:00", "EventData.SystemBootInstance": "76", "EventData.UserBootInstance": "76", "EventData.BootTime": "148947", "EventData.MainPathBootTime": "128371", "EventData.BootKernelInitTime": "79", "EventData.BootDriverInitTime": "1492", "EventData.BootDevicesInitTime": "5221", "EventData.BootPrefetchInitTime": "0", "EventData.BootPrefetchBytes": "0", "EventData.BootAutoChkTime": "0", "EventData.BootSmssInitTime": "5372", "EventData.BootCriticalServicesInitTime": "6647", "EventData.BootUserProfileProcessingTime": "9562", "EventData.BootMachineProfileProcessingTime": "405", "EventData.BootExplorerInitTime": "101588", "EventData.BootNumStartupApps": "13", "EventData.BootPostBootTime": "20576", "EventData.BootIsRebootAfterInstall": "False", "EventData.BootRootCauseStepImprovementBits": "0", "EventData.BootRootCauseGradualImprovementBits": "0", "EventData.BootRootCauseStepDegradationBits": "0", "EventData.BootRootCauseGradualDegradationBits": "0", "EventData.BootIsDegradation": "False", "EventData.BootIsStepDegradation": "False", "EventData.BootIsGradualDegradation": "False", "EventData.BootImprovementDelta": "0", "EventData.BootDegradationDelta": "0", "EventData.BootIsRootCauseIdentified": "False", "EventData.OSLoaderDuration": "1065", "EventData.BootPNPInitStartTimeMS": "79", "EventData.BootPNPInitDuration": "4439", "EventData.OtherKernelInitDuration": "1941", "EventData.SystemPNPInitStartTimeMS": "6350", "EventData.SystemPNPInitDuration": "905", "EventData.SessionInitStartTimeMS": "7286", "EventData.Session0InitDuration": "954", "EventData.Session1InitDuration": "578", "EventData.SessionInitOtherDuration": "3839", "EventData.WinLogonStartTimeMS": "12659", "EventData.OtherLogonInitActivityDuration": "4154", "EventData.UserLogonWaitDuration": "1836"}
{"EventID": "101", "Channel": "Microsoft-Windows-Diagnostics-Performance/Operational", "Provider_Name": "Microsoft-Windows-Diagnostics-Performance", "Computer": "DESKTOP-OFJ6N53", "TimeCreated": "2025-08-12 12:21:33.798872+00:00", "RecordID": "564", "Level": "3", "UserID": "S-1-5-19", "EventData.StartTime": "2025-08-12 12:17:20.130009+00:00", "EventData.NameLength": "12", "EventData.Name": "MsMpEng.exe", "EventData.FriendlyNameLength": "31", "EventData.FriendlyName": "Antimalware Service Executable", "EventData.VersionLength": "56", "EventData.Version": "4.18.25070.5 (1bc206b886f4747b112648744606a95aff69f1cf)", "EventData.TotalTime": "35915", "EventData.DegradationTime": "28415", "EventData.PathLength": "78", "EventData.Path": "C:\\ProgramData\\Microsoft\\Windows Defender\\Platform\\4.18.25070.5-0\\MsMpEng.exe", "EventData.ProductNameLength": "37", "EventData.ProductName": "Microsoft® Windows® Operating System", "EventData.CompanyNameLength": "22", "EventData.CompanyName": "Microsoft Corporation"}
{"EventID": "101", "Channel": "Microsoft-Windows-Diagnostics-Performance/Operational", "Provider_Name": "Microsoft-Windows-Diagnostics-Performance", "Computer": "DESKTOP-OFJ6N53", "TimeCreated": "2025-08-12 12:21:33.798880+00:00", "RecordID": "565", "Level": "3", "UserID": "S-1-5-19", "EventData.StartTime": "2025-08-12 12:17:20.130009+00:00", "EventData.NameLength": "10", "EventData.Name": "TESvc.exe", "EventData.FriendlyNameLength": "43", "EventData.FriendlyName": "Check Point Harmony Agent Threat Emulation", "EventData.VersionLength": "13", "EventData.Version": "8.68.73.1003", "EventData.TotalTime": "27423", "EventData.DegradationTime": "24923", "EventData.PathLength": "79", "EventData.Path": "C:\\Program Files (x86)\\CheckPoint\\Endpoint Security\\Threat Emulation\\TESvc.exe", "EventData.ProductNameLength": "26", "EventData.ProductName": "Check Point Harmony Agent", "EventData.CompanyNameLength": "39", "EventData.CompanyName": "Check Point Software Technologies Ltd."}
