{"EventID": "3089", "Channel": "Microsoft-Windows-CodeIntegrity/Operational", "Provider_Name": "Microsoft-Windows-CodeIntegrity", "Computer": "DESKTOP-OFJ6N53", "TimeCreated": "2025-03-06 10:29:31.610508+00:00", "RecordID": "63223", "Level": "4", "UserID": "S-1-5-21-963789628-1060504924-4285088085-1001", "EventData.TotalSignatureCount": "2", "EventData.Signature": "1", "EventData.CacheState": "3", "EventData.Hash Size": "32", "EventData.Hash": "qkDZthOAdJcRWUT7Msi3BNeyK2Z8VTKbpDvAUQRtf18=", "EventData.PageHash": "False", "EventData.SignatureType": "1", "EventData.ValidatedSigningLevel": "1", "EventData.VerificationError": "7", "EventData.Flags": "0", "EventData.PolicyBits": "16", "EventData.NotValidBefore": "2018-01-22 00:00:00+00:00", "EventData.NotValidAfter": "2021-03-05 12:00:00+00:00", "EventData.PublisherNameLength": "14", "EventData.PublisherName": "LLC Crypto-Pro", "EventData.IssuerNameLength": "34", "EventData.IssuerName": "DigiCert EV Code Signing CA (SHA2)", "EventData.PublisherTBSHashSize": "32", "EventData.PublisherTBSHash": "bSSn12wcu4g4gSlvMwWiHV9M9wWp9OQ2cIVVIyXQhpQ=", "EventData.IssuerTBSHashSize": "32", "EventData.IssuerTBSHash": "7sWBMdwRzX9RJQGxX9vGB0xgO2jKkfcWLVoEIFTtsM8="}
{"EventID": "3033", "Channel": "Microsoft-Windows-CodeIntegrity/Operational", "Provider_Name": "Microsoft-Windows-CodeIntegrity", "Computer": "DESKTOP-OFJ6N53", "TimeCreated": "2025-03-06 10:29:36.193779+00:00", "RecordID": "63224", "Level": "2", "UserID": "S-1-5-21-963789628-1060504924-4285088085-1001", "EventData.FileNameLength": "83", "EventData.FileNameBuffer": "\\Device\\HarddiskVolume3\\Program Files\\Common Files\\Crypto Pro\\AppCompat\\cpcrypt.dll", "EventData.ProcessNameLength": "74", "EventData.ProcessNameBuffer": "\\Device\\HarddiskVolume3\\Program Files\\Google\\Chrome\\Application\\chrome.exe", "EventData.RequestedPolicy": "8", "EventData.ValidatedPolicy": "1", "EventData.Status": "3221226536"}
{"EventID": "3089", "Channel": "Microsoft-Windows-CodeIntegrity/Operational", "Provider_Name": "Microsoft-Windows-CodeIntegrity", "Computer": "DESKTOP-OFJ6N53", "TimeCreated": "2025-03-06 10:29:36.193781+00:00", "RecordID": "63225", "Level": "4", "UserID": "S-1-5-21-963789628-1060504924-4285088085-1001", "EventData.TotalSignatureCount": "2", "EventData.Signature": "0", "EventData.CacheState": "3", "EventData.Hash Size": "20", "EventData.Hash": "9QpKzklFmf9iueYwJfRGk7RS01A=", "EventData.PageHash": "False", "EventData.SignatureType": "1", "EventData.ValidatedSigningLevel": "1", "EventData.VerificationError": "7", "EventData.Flags": "0", "EventData.PolicyBits": "16", "EventData.NotValidBefore": "2019-03-28 00:00:00+00:00", "EventData.NotValidAfter": "2021-03-05 12:00:00+00:00", "EventData.PublisherNameLength": "14", "EventData.PublisherName": "LLC Crypto-Pro", "EventData.IssuerNameLength": "27", "EventData.IssuerName": "DigiCert EV Code Signing CA", "EventData.PublisherTBSHashSize": "20", "EventData.PublisherTBSHash": "ryzeyGzx0kbOBQrxo9TZ057FBVo=", "EventData.IssuerTBSHashSize": "20", "EventData.IssuerTBSHash": "LVTBao+LaczepI0GA8Ey9Uelz3U="}
{"EventID": "3089", "Channel": "Microsoft-Windows-CodeIntegrity/Operational", "Provider_Name": "Microsoft-Windows-CodeIntegrity", "Computer": "DESKTOP-OFJ6N53", "TimeCreated": "2025-03-06 10:29:36.193785+00:00", "RecordID": "63226", "Level": "4", "UserID": "S-1-5-21-963789628-1060504924-4285088085-1001", "EventData.TotalSignatureCount": "2", "EventData.Signature": "1", "EventData.CacheState": "3", "EventData.Hash Size": "32", "EventData.Hash": "qkDZthOAdJcRWUT7Msi3BNeyK2Z8VTKbpDvAUQRtf18=", "EventData.PageHash": "False", "EventData.SignatureType": "1", "EventData.ValidatedSigningLevel": "1", "EventData.VerificationError": "7", "EventData.Flags": "0", "EventData.PolicyBits": "16", "EventData.NotValidBefore": "2018-01-22 00:00:00+00:00", "EventData.NotValidAfter": "2021-03-05 12:00:00+00:00", "EventData.PublisherNameLength": "14", "EventData.PublisherName": "LLC Crypto-Pro", "EventData.IssuerNameLength": "34", "EventData.IssuerName": "DigiCert EV Code Signing CA (SHA2)", "EventData.PublisherTBSHashSize": "32", "EventData.PublisherTBSHash": "bSSn12wcu4g4gSlvMwWiHV9M9wWp9OQ2cIVVIyXQhpQ=", "EventData.IssuerTBSHashSize": "32", "EventData.IssuerTBSHash": "7sWBMdwRzX9RJQGxX9vGB0xgO2jKkfcWLVoEIFTtsM8="}
{"EventID": "3033", "Channel": "Microsoft-Windows-CodeIntegrity/Operational", "Provider_Name": "Microsoft-Windows-CodeIntegrity", "Computer": "DESKTOP-OFJ6N53", "TimeCreated": "2025-03-06 14:50:15.521070+00:00", "RecordID": "63227", "Level": "2", "UserID": "S-1-5-21-963789628-1060504924-4285088085-1001", "EventData.FileNameLength": "83", "EventData.FileNameBuffer": "\\Device\\HarddiskVolume3\\Program Files\\Common Files\\Crypto Pro\\AppCompat\\cpcrypt.dll", "EventData.ProcessNameLength": "74", "EventData.ProcessNameBuffer": "\\Device\\HarddiskVolume3\\Program Files\\Google\\Chrome\\Application\\chrome.exe", "EventData.RequestedPolicy": "8", "EventData.ValidatedPolicy": "1", "EventData.Status": "3221226536"}
{"EventID": "3089", "Channel": "Microsoft-Windows-CodeIntegrity/Operational", "Provider_Name": "Microsoft-Windows-CodeIntegrity", "Computer": "DESKTOP-OFJ6N53", "TimeCreated": "2025-03-06 14:50:15.521070+00:00", "RecordID": "63228", "Level": "4", "UserID": "S-1-5-21-963789628-1060504924-4285088085-1001", "EventData.TotalSignatureCount": "2", "EventData.Signature": "0", "EventData.CacheState": "3", "EventData.Hash Size": "20", "EventData.Hash": "9QpKzklFmf9iueYwJfRGk7RS01A=", "EventData.PageHash": "False", "EventData.SignatureType": "1", "EventData.ValidatedSigningLevel": "1", "EventData.VerificationError": "7", "EventData.Flags": "0", "EventData.PolicyBits": "16", "EventData.NotValidBefore": "2019-03-28 00:00:00+00:00", "EventData.NotValidAfter": "2021-03-05 12:00:00+00:00", "EventData.PublisherNameLength": "14", "EventData.PublisherName": "LLC Crypto-Pro", "EventData.IssuerNameLength": "27", "EventData.IssuerName": "DigiCert EV Code Signing CA", "EventData.PublisherTBSHashSize": "20", "EventData.PublisherTBSHash": "ryzeyGzx0kbOBQrxo9TZ057FBVo=", "EventData.IssuerTBSHashSize": "20", "EventData.IssuerTBSHash": "LVTBao+LaczepI0GA8Ey9Uelz3U="}
{"EventID": "3089", "Channel": "Microsoft-Windows-CodeIntegrity/Operational", "Provider_Name": "Microsoft-Windows-CodeIntegrity", "Computer": "DESKTOP-OFJ6N53", "TimeCreated": "2025-03-06 14:50:15.521074+00:00", "RecordID": "63229", "Level": "4", "UserID": "S-1-5-21-963789628-1060504924-4285088085-1001", "EventData.TotalSignatureCount": "2", "EventData.Signature": "1", "EventData.CacheState": "3", "EventData.Hash Size": "32", "EventData.Hash": "qkDZthOAdJcRWUT7Msi3BNeyK2Z8VTKbpDvAUQRtf18=", "EventData.PageHash": "False", "EventData.SignatureType": "1", "EventData.ValidatedSigningLevel": "1", "EventData.VerificationError": "7", "EventData.Flags": "0", "EventData.PolicyBits": "16", "EventData.NotValidBefore": "2018-01-22 00:00:00+00:00", "EventData.NotValidAfter": "2021-03-05 12:00:00+00:00", "EventData.PublisherNameLength": "14", "EventData.PublisherName": "LLC Crypto-Pro", "EventData.IssuerNameLength": "34", "EventData.IssuerName": "DigiCert EV Code Signing CA (SHA2)", "EventData.PublisherTBSHashSize": "32", "EventData.PublisherTBSHash": "bSSn12wcu4g4gSlvMwWiHV9M9wWp9OQ2cIVVIyXQhpQ=", "EventData.IssuerTBSHashSize": "32", "EventData.IssuerTBSHash": "7sWBMdwRzX9RJQGxX9vGB0xgO2jKkfcWLVoEIFTtsM8="}
{"EventID": "3033", "Channel": "Microsoft-Windows-CodeIntegrity/Operational", "Provider_Name": "Microsoft-Windows-CodeIntegrity", "Computer": "DESKTOP-OFJ6N53", "TimeCreated": "2025-03-06 14:50:15.779438+00:00", "RecordID": "63230", "Level": "2", "UserID": "S-1-5-21-963789628-1060504924-4285088085-1001", "EventData.FileNameLength": "83", "EventData.FileNameBuffer": "\\Device\\HarddiskVolume3\\Program Files\\Common Files\\Crypto Pro\\AppCompat\\cpcrypt.dll", "EventData.ProcessNameLength": "74", "EventData.ProcessNameBuffer": "\\Device\\HarddiskVolume3\\Program Files\\Google\\Chrome\\Application\\chrome.exe", "EventData.RequestedPolicy": "8", "EventData.ValidatedPolicy": "1", "EventData.Status": "3221226536"}
{"EventID": "3089", "Channel": "Microsoft-Windows-CodeIntegrity/Operational", "Provider_Name": "Microsoft-Windows-CodeIntegrity", "Computer": "DESKTOP-OFJ6N53", "TimeCreated": "2025-03-06 14:50:15.779440+00:00", "RecordID": "63231", "Level": "4", "UserID": "S-1-5-21-963789628-1060504924-4285088085-1001", "EventData.TotalSignatureCount": "2", "EventData.Signature": "0", "EventData.CacheState": "3", "EventData.Hash Size": "20", "EventData.Hash": "9QpKzklFmf9iueYwJfRGk7RS01A=", "EventData.PageHash": "False", "EventData.SignatureType": "1", "EventData.ValidatedSigningLevel": "1", "EventData.VerificationError": "7", "EventData.Flags": "0", "EventData.PolicyBits": "16", "EventData.NotValidBefore": "2019-03-28 00:00:00+00:00", "EventData.NotValidAfter": "2021-03-05 12:00:00+00:00", "EventData.PublisherNameLength": "14", "EventData.PublisherName": "LLC Crypto-Pro", "EventData.IssuerNameLength": "27", "EventData.IssuerName": "DigiCert EV Code Signing CA", "EventData.PublisherTBSHashSize": "20", "EventData.PublisherTBSHash": "ryzeyGzx0kbOBQrxo9TZ057FBVo=", "EventData.IssuerTBSHashSize": "20", "EventData.IssuerTBSHash": "LVTBao+LaczepI0GA8Ey9Uelz3U="}
{"EventID": "3089", "Channel": "Microsoft-Windows-CodeIntegrity/Operational", "Provider_Name": "Microsoft-Windows-CodeIntegrity", "Computer": "DESKTOP-OFJ6N53", "TimeCreated": "2025-03-06 14:50:15.779442+00:00", "RecordID": "63232", "Level": "4", "UserID": "S-1-5-21-963789628-1060504924-4285088085-1001", "EventData.TotalSignatureCount": "2", "EventData.Signature": "1", "EventData.CacheState": "3", "EventData.Hash Size": "32", "EventData.Hash": "qkDZthOAdJcRWUT7Msi3BNeyK2Z8VTKbpDvAUQRtf18=", "EventData.PageHash": "False", "EventData.SignatureType": "1", "EventData.ValidatedSigningLevel": "1", "EventData.VerificationError": "7", "EventData.Flags": "0", "EventData.PolicyBits": "16", "EventData.NotValidBefore": "2018-01-22 00:00:00+00:00", "EventData.NotValidAfter": "2021-03-05 12:00:00+00:00", "EventData.PublisherNameLength": "14", "EventData.PublisherName": "LLC Crypto-Pro", "EventData.IssuerNameLength": "34", "EventData.IssuerName": "DigiCert EV Code Signing CA (SHA2)", "EventData.PublisherTBSHashSize": "32", "EventData.PublisherTBSHash": "bSSn12wcu4g4gSlvMwWiHV9M9wWp9OQ2cIVVIyXQhpQ=", "EventData.IssuerTBSHashSize": "32", "EventData.IssuerTBSHash": "7sWBMdwRzX9RJQGxX9vGB0xgO2jKkfcWLVoEIFTtsM8="}
{"EventID": "3033", "Channel": "Microsoft-Windows-CodeIntegrity/Operational", "Provider_Name": "Microsoft-Windows-CodeIntegrity", "Computer": "DESKTOP-OFJ6N53", "TimeCreated": "2025-03-06 14:50:16.896889+00:00", "RecordID": "63233", "Level": "2", "UserID": "S-1-5-21-963789628-1060504924-4285088085-1001", "EventData.FileNameLength": "83", "EventData.FileNameBuffer": "\\Device\\HarddiskVolume3\\Program Files\\Common Files\\Crypto Pro\\AppCompat\\cpcrypt.dll", "EventData.ProcessNameLength": "74", "EventData.ProcessNameBuffer": "\\Device\\HarddiskVolume3\\Program Files\\Google\\Chrome\\Application\\chrome.exe", "EventData.RequestedPolicy": "8", "EventData.ValidatedPolicy": "1", "EventData.Status": "3221226536"}
{"EventID": "3089", "Channel": "Microsoft-Windows-CodeIntegrity/Operational", "Provider_Name": "Microsoft-Windows-CodeIntegrity", "Computer": "DESKTOP-OFJ6N53", "TimeCreated": "2025-03-06 14:50:16.896893+00:00", "RecordID": "63234", "Level": "4", "UserID": "S-1-5-21-963789628-1060504924-4285088085-1001", "EventData.TotalSignatureCount": "2", "EventData.Signature": "0", "EventData.CacheState": "3", "EventData.Hash Size": "20", "EventData.Hash": "9QpKzklFmf9iueYwJfRGk7RS01A=", "EventData.PageHash": "False", "EventData.SignatureType": "1", "EventData.ValidatedSigningLevel": "1", "EventData.VerificationError": "7", "EventData.Flags": "0", "EventData.PolicyBits": "16", "EventData.NotValidBefore": "2019-03-28 00:00:00+00:00", "EventData.NotValidAfter": "2021-03-05 12:00:00+00:00", "EventData.PublisherNameLength": "14", "EventData.PublisherName": "LLC Crypto-Pro", "EventData.IssuerNameLength": "27", "EventData.IssuerName": "DigiCert EV Code Signing CA", "EventData.PublisherTBSHashSize": "20", "EventData.PublisherTBSHash": "ryzeyGzx0kbOBQrxo9TZ057FBVo=", "EventData.IssuerTBSHashSize": "20", "EventData.IssuerTBSHash": "LVTBao+LaczepI0GA8Ey9Uelz3U="}
{"EventID": "3089", "Channel": "Microsoft-Windows-CodeIntegrity/Operational", "Provider_Name": "Microsoft-Windows-CodeIntegrity", "Computer": "DESKTOP-OFJ6N53", "TimeCreated": "2025-03-06 14:50:16.896894+00:00", "RecordID": "63235", "Level": "4", "UserID": "S-1-5-21-963789628-1060504924-4285088085-1001", "EventData.TotalSignatureCount": "2", "EventData.Signature": "1", "EventData.CacheState": "3", "EventData.Hash Size": "32", "EventData.Hash": "qkDZthOAdJcRWUT7Msi3BNeyK2Z8VTKbpDvAUQRtf18=", "EventData.PageHash": "False", "EventData.SignatureType": "1", "EventData.ValidatedSigningLevel": "1", "EventData.VerificationError": "7", "EventData.Flags": "0", "EventData.PolicyBits": "16", "EventData.NotValidBefore": "2018-01-22 00:00:00+00:00", "EventData.NotValidAfter": "2021-03-05 12:00:00+00:00", "EventData.PublisherNameLength": "14", "EventData.PublisherName": "LLC Crypto-Pro", "EventData.IssuerNameLength": "34", "EventData.IssuerName": "DigiCert EV Code Signing CA (SHA2)", "EventData.PublisherTBSHashSize": "32", "EventData.PublisherTBSHash": "bSSn12wcu4g4gSlvMwWiHV9M9wWp9OQ2cIVVIyXQhpQ=", "EventData.IssuerTBSHashSize": "32", "EventData.IssuerTBSHash": "7sWBMdwRzX9RJQGxX9vGB0xgO2jKkfcWLVoEIFTtsM8="}
{"EventID": "3033", "Channel": "Microsoft-Windows-CodeIntegrity/Operational", "Provider_Name": "Microsoft-Windows-CodeIntegrity", "Computer": "DESKTOP-OFJ6N53", "TimeCreated": "2025-03-06 14:50:17.045948+00:00", "RecordID": "63236", "Level": "2", "UserID": "S-1-5-21-963789628-1060504924-4285088085-1001", "EventData.FileNameLength": "83", "EventData.FileNameBuffer": "\\Device\\HarddiskVolume3\\Program Files\\Common Files\\Crypto Pro\\AppCompat\\cpcrypt.dll", "EventData.ProcessNameLength": "74", "EventData.ProcessNameBuffer": "\\Device\\HarddiskVolume3\\Program Files\\Google\\Chrome\\Application\\chrome.exe", "EventData.RequestedPolicy": "8", "EventData.ValidatedPolicy": "1", "EventData.Status": "3221226536"}
{"EventID": "3089", "Channel": "Microsoft-Windows-CodeIntegrity/Operational", "Provider_Name": "Microsoft-Windows-CodeIntegrity", "Computer": "DESKTOP-OFJ6N53", "TimeCreated": "2025-03-06 14:50:17.045952+00:00", "RecordID": "63237", "Level": "4", "UserID": "S-1-5-21-963789628-1060504924-4285088085-1001", "EventData.TotalSignatureCount": "2", "EventData.Signature": "0", "EventData.CacheState": "3", "EventData.Hash Size": "20", "EventData.Hash": "9QpKzklFmf9iueYwJfRGk7RS01A=", "EventData.PageHash": "False", "EventData.SignatureType": "1", "EventData.ValidatedSigningLevel": "1", "EventData.VerificationError": "7", "EventData.Flags": "0", "EventData.PolicyBits": "16", "EventData.NotValidBefore": "2019-03-28 00:00:00+00:00", "EventData.NotValidAfter": "2021-03-05 12:00:00+00:00", "EventData.PublisherNameLength": "14", "EventData.PublisherName": "LLC Crypto-Pro", "EventData.IssuerNameLength": "27", "EventData.IssuerName": "DigiCert EV Code Signing CA", "EventData.PublisherTBSHashSize": "20", "EventData.PublisherTBSHash": "ryzeyGzx0kbOBQrxo9TZ057FBVo=", "EventData.IssuerTBSHashSize": "20", "EventData.IssuerTBSHash": "LVTBao+LaczepI0GA8Ey9Uelz3U="}
{"EventID": "3089", "Channel": "Microsoft-Windows-CodeIntegrity/Operational", "Provider_Name": "Microsoft-Windows-CodeIntegrity", "Computer": "DESKTOP-OFJ6N53", "TimeCreated": "2025-03-06 14:50:17.045954+00:00", "RecordID": "63238", "Level": "4", "UserID": "S-1-5-21-963789628-1060504924-4285088085-1001", "EventData.TotalSignatureCount": "2", "EventData.Signature": "1", "EventData.CacheState": "3", "EventData.Hash Size": "32", "EventData.Hash": "qkDZthOAdJcRWUT7Msi3BNeyK2Z8VTKbpDvAUQRtf18=", "EventData.PageHash": "False", "EventData.SignatureType": "1", "EventData.ValidatedSigningLevel": "1", "EventData.VerificationError": "7", "EventData.Flags": "0", "EventData.PolicyBits": "16", "EventData.NotValidBefore": "2018-01-22 00:00:00+00:00", "EventData.NotValidAfter": "2021-03-05 12:00:00+00:00", "EventData.PublisherNameLength": "14", "EventData.PublisherName": "LLC Crypto-Pro", "EventData.IssuerNameLength": "34", "EventData.IssuerName": "DigiCert EV Code Signing CA (SHA2)", "EventData.PublisherTBSHashSize": "32", "EventData.PublisherTBSHash": "bSSn12wcu4g4gSlvMwWiHV9M9wWp9OQ2cIVVIyXQhpQ=", "EventData.IssuerTBSHashSize": "32", "EventData.IssuerTBSHash": "7sWBMdwRzX9RJQGxX9vGB0xgO2jKkfcWLVoEIFTtsM8="}
{"EventID": "3033", "Channel": "Microsoft-Windows-CodeIntegrity/Operational", "Provider_Name": "Microsoft-Windows-CodeIntegrity", "Computer": "DESKTOP-OFJ6N53", "TimeCreated": "2025-03-07 07:33:55.247112+00:00", "RecordID": "63239", "Level": "2", "UserID": "S-1-5-18", "EventData.FileNameLength": "83", "EventData.FileNameBuffer": "\\Device\\HarddiskVolume3\\Program Files\\Common Files\\Crypto Pro\\AppCompat\\cpadvai.dll", "EventData.ProcessNameLength": "100", "EventData.ProcessNameBuffer": "\\Device\\HarddiskVolume3\\ProgramData\\Microsoft\\Windows Defender\\Platform\\4.18.25010.11-0\\MpCmdRun.exe", "EventData.RequestedPolicy": "8", "EventData.ValidatedPolicy": "1", "EventData.Status": "3221226536"}
{"EventID": "3089", "Channel": "Microsoft-Windows-CodeIntegrity/Operational", "Provider_Name": "Microsoft-Windows-CodeIntegrity", "Computer": "DESKTOP-OFJ6N53", "TimeCreated": "2025-03-07 07:33:55.247114+00:00", "RecordID": "63240", "Level": "4", "UserID": "S-1-5-18", "EventData.TotalSignatureCount": "2", "EventData.Signature": "0", "EventData.CacheState": "3", "EventData.Hash Size": "20", "EventData.Hash": "hgAWI9gi3ImMeQu2upEKuQTDX0o=", "EventData.PageHash": "False", "EventData.SignatureType": "1", "EventData.ValidatedSigningLevel": "1", "EventData.VerificationError": "7", "EventData.Flags": "0", "EventData.PolicyBits": "16", "EventData.NotValidBefore": "2019-03-28 00:00:00+00:00", "EventData.NotValidAfter": "2021-03-05 12:00:00+00:00", "EventData.PublisherNameLength": "14", "EventData.PublisherName": "LLC Crypto-Pro", "EventData.IssuerNameLength": "27", "EventData.IssuerName": "DigiCert EV Code Signing CA", "EventData.PublisherTBSHashSize": "20", "EventData.PublisherTBSHash": "ryzeyGzx0kbOBQrxo9TZ057FBVo=", "EventData.IssuerTBSHashSize": "20", "EventData.IssuerTBSHash": "LVTBao+LaczepI0GA8Ey9Uelz3U="}
{"EventID": "3089", "Channel": "Microsoft-Windows-CodeIntegrity/Operational", "Provider_Name": "Microsoft-Windows-CodeIntegrity", "Computer": "DESKTOP-OFJ6N53", "TimeCreated": "2025-03-07 07:33:55.247118+00:00", "RecordID": "63241", "Level": "4", "UserID": "S-1-5-18", "EventData.TotalSignatureCount": "2", "EventData.Signature": "1", "EventData.CacheState": "3", "EventData.Hash Size": "32", "EventData.Hash": "3CrSgSHYC5hzviemulsR+C5pSAYz78FnSZp2ZjbrqIQ=", "EventData.PageHash": "False", "EventData.SignatureType": "1", "EventData.ValidatedSigningLevel": "1", "EventData.VerificationError": "7", "EventData.Flags": "0", "EventData.PolicyBits": "16", "EventData.NotValidBefore": "2018-01-22 00:00:00+00:00", "EventData.NotValidAfter": "2021-03-05 12:00:00+00:00", "EventData.PublisherNameLength": "14", "EventData.PublisherName": "LLC Crypto-Pro", "EventData.IssuerNameLength": "34", "EventData.IssuerName": "DigiCert EV Code Signing CA (SHA2)", "EventData.PublisherTBSHashSize": "32", "EventData.PublisherTBSHash": "bSSn12wcu4g4gSlvMwWiHV9M9wWp9OQ2cIVVIyXQhpQ=", "EventData.IssuerTBSHashSize": "32", "EventData.IssuerTBSHash": "7sWBMdwRzX9RJQGxX9vGB0xgO2jKkfcWLVoEIFTtsM8="}
{"EventID": "3084", "Channel": "Microsoft-Windows-CodeIntegrity/Operational", "Provider_Name": "Microsoft-Windows-CodeIntegrity", "Computer": "DESKTOP-OFJ6N53", "TimeCreated": "2025-03-07 15:03:50.253202+00:00", "RecordID": "63242", "Level": "4", "UserID": "S-1-5-18", "EventData.Settings": "0x00000000", "EventData.Exemption": "1"}
{"EventID": "3010", "Channel": "Microsoft-Windows-CodeIntegrity/Operational", "Provider_Name": "Microsoft-Windows-CodeIntegrity", "Computer": "DESKTOP-OFJ6N53", "TimeCreated": "2025-03-07 15:03:52.527063+00:00", "RecordID": "63243", "Level": "3", "UserID": "S-1-5-18", "EventData.FileNameLength": "87", "EventData.FileNameBuffer": "HyperV-Networking-Containers-merged-Package~31bf3856ad364e35~amd64~~10.0.19041.5247.cat", "EventData.Status": "0xc0000034"}
{"EventID": "3033", "Channel": "Microsoft-Windows-CodeIntegrity/Operational", "Provider_Name": "Microsoft-Windows-CodeIntegrity", "Computer": "DESKTOP-OFJ6N53", "TimeCreated": "2025-03-07 15:04:39.668224+00:00", "RecordID": "63244", "Level": "2", "UserID": "S-1-5-18", "EventData.FileNameLength": "52", "EventData.FileNameBuffer": "\\Device\\HarddiskVolume3\\Windows\\System32\\cpsspap.dll", "EventData.ProcessNameLength": "113", "EventData.ProcessNameBuffer": "\\Device\\HarddiskVolume3\\ProgramData\\Microsoft\\Windows Defender\\Platform\\4.18.25010.11-0\\MpDefenderCoreService.exe", "EventData.RequestedPolicy": "7", "EventData.ValidatedPolicy": "1", "EventData.Status": "3221226536"}
{"EventID": "3089", "Channel": "Microsoft-Windows-CodeIntegrity/Operational", "Provider_Name": "Microsoft-Windows-CodeIntegrity", "Computer": "DESKTOP-OFJ6N53", "TimeCreated": "2025-03-07 15:04:39.668228+00:00", "RecordID": "63245", "Level": "4", "UserID": "S-1-5-18", "EventData.TotalSignatureCount": "2", "EventData.Signature": "0", "EventData.CacheState": "3", "EventData.Hash Size": "32", "EventData.Hash": "D1f6ckcOmOGY0WvyVsYPf0dunC5QNNXJX3MfKUCLQ2E=", "EventData.PageHash": "False", "EventData.SignatureType": "1", "EventData.ValidatedSigningLevel": "8", "EventData.VerificationError": "18", "EventData.Flags": "0", "EventData.PolicyBits": "128", "EventData.NotValidBefore": "2019-05-02 20:47:34+00:00", "EventData.NotValidAfter": "2020-05-02 20:47:34+00:00", "EventData.PublisherNameLength": "50", "EventData.PublisherName": "Microsoft Windows Software Compatibility Publisher", "EventData.IssuerNameLength": "47", "EventData.IssuerName": "Microsoft Windows Third Party Component CA 2013", "EventData.PublisherTBSHashSize": "32", "EventData.PublisherTBSHash": "jQuDJM7mRlBjH6e+lDnpUHVuNu3x/ITufqy8od1eV3I=", "EventData.IssuerTBSHashSize": "32", "EventData.IssuerTBSHash": "xV7kTG3ob6msP8kPhO8NSmytWqxqESBHyIuZfnVHrtE="}
{"EventID": "3089", "Channel": "Microsoft-Windows-CodeIntegrity/Operational", "Provider_Name": "Microsoft-Windows-CodeIntegrity", "Computer": "DESKTOP-OFJ6N53", "TimeCreated": "2025-03-07 15:04:39.668232+00:00", "RecordID": "63246", "Level": "4", "UserID": "S-1-5-18", "EventData.TotalSignatureCount": "2", "EventData.Signature": "1", "EventData.CacheState": "3", "EventData.Hash Size": "32", "EventData.Hash": "D1f6ckcOmOGY0WvyVsYPf0dunC5QNNXJX3MfKUCLQ2E=", "EventData.PageHash": "False", "EventData.SignatureType": "1", "EventData.ValidatedSigningLevel": "1", "EventData.VerificationError": "18", "EventData.Flags": "0", "EventData.PolicyBits": "16", "EventData.NotValidBefore": "2018-01-22 00:00:00+00:00", "EventData.NotValidAfter": "2021-03-05 12:00:00+00:00", "EventData.PublisherNameLength": "14", "EventData.PublisherName": "LLC Crypto-Pro", "EventData.IssuerNameLength": "34", "EventData.IssuerName": "DigiCert EV Code Signing CA (SHA2)", "EventData.PublisherTBSHashSize": "32", "EventData.PublisherTBSHash": "bSSn12wcu4g4gSlvMwWiHV9M9wWp9OQ2cIVVIyXQhpQ=", "EventData.IssuerTBSHashSize": "32", "EventData.IssuerTBSHash": "7sWBMdwRzX9RJQGxX9vGB0xgO2jKkfcWLVoEIFTtsM8="}
{"EventID": "3033", "Channel": "Microsoft-Windows-CodeIntegrity/Operational", "Provider_Name": "Microsoft-Windows-CodeIntegrity", "Computer": "DESKTOP-OFJ6N53", "TimeCreated": "2025-03-07 15:04:39.792175+00:00", "RecordID": "63247", "Level": "2", "UserID": "S-1-5-18", "EventData.FileNameLength": "52", "EventData.FileNameBuffer": "\\Device\\HarddiskVolume3\\Windows\\System32\\cpsspap.dll", "EventData.ProcessNameLength": "113", "EventData.ProcessNameBuffer": "\\Device\\HarddiskVolume3\\ProgramData\\Microsoft\\Windows Defender\\Platform\\4.18.25010.11-0\\MpDefenderCoreService.exe", "EventData.RequestedPolicy": "7", "EventData.ValidatedPolicy": "1", "EventData.Status": "3221226536"}
{"EventID": "3089", "Channel": "Microsoft-Windows-CodeIntegrity/Operational", "Provider_Name": "Microsoft-Windows-CodeIntegrity", "Computer": "DESKTOP-OFJ6N53", "TimeCreated": "2025-03-07 15:04:39.792179+00:00", "RecordID": "63248", "Level": "4", "UserID": "S-1-5-18", "EventData.TotalSignatureCount": "2", "EventData.Signature": "0", "EventData.CacheState": "3", "EventData.Hash Size": "32", "EventData.Hash": "D1f6ckcOmOGY0WvyVsYPf0dunC5QNNXJX3MfKUCLQ2E=", "EventData.PageHash": "False", "EventData.SignatureType": "1", "EventData.ValidatedSigningLevel": "8", "EventData.VerificationError": "18", "EventData.Flags": "0", "EventData.PolicyBits": "128", "EventData.NotValidBefore": "2019-05-02 20:47:34+00:00", "EventData.NotValidAfter": "2020-05-02 20:47:34+00:00", "EventData.PublisherNameLength": "50", "EventData.PublisherName": "Microsoft Windows Software Compatibility Publisher", "EventData.IssuerNameLength": "47", "EventData.IssuerName": "Microsoft Windows Third Party Component CA 2013", "EventData.PublisherTBSHashSize": "32", "EventData.PublisherTBSHash": "jQuDJM7mRlBjH6e+lDnpUHVuNu3x/ITufqy8od1eV3I=", "EventData.IssuerTBSHashSize": "32", "EventData.IssuerTBSHash": "xV7kTG3ob6msP8kPhO8NSmytWqxqESBHyIuZfnVHrtE="}
{"EventID": "3089", "Channel": "Microsoft-Windows-CodeIntegrity/Operational", "Provider_Name": "Microsoft-Windows-CodeIntegrity", "Computer": "DESKTOP-OFJ6N53", "TimeCreated": "2025-03-07 15:04:39.792181+00:00", "RecordID": "63249", "Level": "4", "UserID": "S-1-5-18", "EventData.TotalSignatureCount": "2", "EventData.Signature": "1", "EventData.CacheState": "3", "EventData.Hash Size": "32", "EventData.Hash": "D1f6ckcOmOGY0WvyVsYPf0dunC5QNNXJX3MfKUCLQ2E=", "EventData.PageHash": "False", "EventData.SignatureType": "1", "EventData.ValidatedSigningLevel": "1", "EventData.VerificationError": "18", "EventData.Flags": "0", "EventData.PolicyBits": "16", "EventData.NotValidBefore": "2018-01-22 00:00:00+00:00", "EventData.NotValidAfter": "2021-03-05 12:00:00+00:00", "EventData.PublisherNameLength": "14", "EventData.PublisherName": "LLC Crypto-Pro", "EventData.IssuerNameLength": "34", "EventData.IssuerName": "DigiCert EV Code Signing CA (SHA2)", "EventData.PublisherTBSHashSize": "32", "EventData.PublisherTBSHash": "bSSn12wcu4g4gSlvMwWiHV9M9wWp9OQ2cIVVIyXQhpQ=", "EventData.IssuerTBSHashSize": "32", "EventData.IssuerTBSHash": "7sWBMdwRzX9RJQGxX9vGB0xgO2jKkfcWLVoEIFTtsM8="}
{"EventID": "3033", "Channel": "Microsoft-Windows-CodeIntegrity/Operational", "Provider_Name": "Microsoft-Windows-CodeIntegrity", "Computer": "DESKTOP-OFJ6N53", "TimeCreated": "2025-03-07 15:04:40.412098+00:00", "RecordID": "63250", "Level": "2", "UserID": "S-1-5-18", "EventData.FileNameLength": "52", "EventData.FileNameBuffer": "\\Device\\HarddiskVolume3\\Windows\\System32\\cpsspap.dll", "EventData.ProcessNameLength": "113", "EventData.ProcessNameBuffer": "\\Device\\HarddiskVolume3\\ProgramData\\Microsoft\\Windows Defender\\Platform\\4.18.25010.11-0\\MpDefenderCoreService.exe", "EventData.RequestedPolicy": "7", "EventData.ValidatedPolicy": "1", "EventData.Status": "3221226536"}
{"EventID": "3089", "Channel": "Microsoft-Windows-CodeIntegrity/Operational", "Provider_Name": "Microsoft-Windows-CodeIntegrity", "Computer": "DESKTOP-OFJ6N53", "TimeCreated": "2025-03-07 15:04:40.412102+00:00", "RecordID": "63251", "Level": "4", "UserID": "S-1-5-18", "EventData.TotalSignatureCount": "2", "EventData.Signature": "0", "EventData.CacheState": "3", "EventData.Hash Size": "32", "EventData.Hash": "D1f6ckcOmOGY0WvyVsYPf0dunC5QNNXJX3MfKUCLQ2E=", "EventData.PageHash": "False", "EventData.SignatureType": "1", "EventData.ValidatedSigningLevel": "8", "EventData.VerificationError": "18", "EventData.Flags": "0", "EventData.PolicyBits": "128", "EventData.NotValidBefore": "2019-05-02 20:47:34+00:00", "EventData.NotValidAfter": "2020-05-02 20:47:34+00:00", "EventData.PublisherNameLength": "50", "EventData.PublisherName": "Microsoft Windows Software Compatibility Publisher", "EventData.IssuerNameLength": "47", "EventData.IssuerName": "Microsoft Windows Third Party Component CA 2013", "EventData.PublisherTBSHashSize": "32", "EventData.PublisherTBSHash": "jQuDJM7mRlBjH6e+lDnpUHVuNu3x/ITufqy8od1eV3I=", "EventData.IssuerTBSHashSize": "32", "EventData.IssuerTBSHash": "xV7kTG3ob6msP8kPhO8NSmytWqxqESBHyIuZfnVHrtE="}
{"EventID": "3089", "Channel": "Microsoft-Windows-CodeIntegrity/Operational", "Provider_Name": "Microsoft-Windows-CodeIntegrity", "Computer": "DESKTOP-OFJ6N53", "TimeCreated": "2025-03-07 15:04:40.412106+00:00", "RecordID": "63252", "Level": "4", "UserID": "S-1-5-18", "EventData.TotalSignatureCount": "2", "EventData.Signature": "1", "EventData.CacheState": "3", "EventData.Hash Size": "32", "EventData.Hash": "D1f6ckcOmOGY0WvyVsYPf0dunC5QNNXJX3MfKUCLQ2E=", "EventData.PageHash": "False", "EventData.SignatureType": "1", "EventData.ValidatedSigningLevel": "1", "EventData.VerificationError": "18", "EventData.Flags": "0", "EventData.PolicyBits": "16", "EventData.NotValidBefore": "2018-01-22 00:00:00+00:00", "EventData.NotValidAfter": "2021-03-05 12:00:00+00:00", "EventData.PublisherNameLength": "14", "EventData.PublisherName": "LLC Crypto-Pro", "EventData.IssuerNameLength": "34", "EventData.IssuerName": "DigiCert EV Code Signing CA (SHA2)", "EventData.PublisherTBSHashSize": "32", "EventData.PublisherTBSHash": "bSSn12wcu4g4gSlvMwWiHV9M9wWp9OQ2cIVVIyXQhpQ=", "EventData.IssuerTBSHashSize": "32", "EventData.IssuerTBSHash": "7sWBMdwRzX9RJQGxX9vGB0xgO2jKkfcWLVoEIFTtsM8="}
{"EventID": "3033", "Channel": "Microsoft-Windows-CodeIntegrity/Operational", "Provider_Name": "Microsoft-Windows-CodeIntegrity", "Computer": "DESKTOP-OFJ6N53", "TimeCreated": "2025-03-07 15:04:40.875280+00:00", "RecordID": "63253", "Level": "2", "UserID": "S-1-5-18", "EventData.FileNameLength": "52", "EventData.FileNameBuffer": "\\Device\\HarddiskVolume3\\Windows\\System32\\cpsspap.dll", "EventData.ProcessNameLength": "113", "EventData.ProcessNameBuffer": "\\Device\\HarddiskVolume3\\ProgramData\\Microsoft\\Windows Defender\\Platform\\4.18.25010.11-0\\MpDefenderCoreService.exe", "EventData.RequestedPolicy": "7", "EventData.ValidatedPolicy": "1", "EventData.Status": "3221226536"}
{"EventID": "3089", "Channel": "Microsoft-Windows-CodeIntegrity/Operational", "Provider_Name": "Microsoft-Windows-CodeIntegrity", "Computer": "DESKTOP-OFJ6N53", "TimeCreated": "2025-03-07 15:04:40.875282+00:00", "RecordID": "63254", "Level": "4", "UserID": "S-1-5-18", "EventData.TotalSignatureCount": "2", "EventData.Signature": "0", "EventData.CacheState": "3", "EventData.Hash Size": "32", "EventData.Hash": "D1f6ckcOmOGY0WvyVsYPf0dunC5QNNXJX3MfKUCLQ2E=", "EventData.PageHash": "False", "EventData.SignatureType": "1", "EventData.ValidatedSigningLevel": "8", "EventData.VerificationError": "18", "EventData.Flags": "0", "EventData.PolicyBits": "128", "EventData.NotValidBefore": "2019-05-02 20:47:34+00:00", "EventData.NotValidAfter": "2020-05-02 20:47:34+00:00", "EventData.PublisherNameLength": "50", "EventData.PublisherName": "Microsoft Windows Software Compatibility Publisher", "EventData.IssuerNameLength": "47", "EventData.IssuerName": "Microsoft Windows Third Party Component CA 2013", "EventData.PublisherTBSHashSize": "32", "EventData.PublisherTBSHash": "jQuDJM7mRlBjH6e+lDnpUHVuNu3x/ITufqy8od1eV3I=", "EventData.IssuerTBSHashSize": "32", "EventData.IssuerTBSHash": "xV7kTG3ob6msP8kPhO8NSmytWqxqESBHyIuZfnVHrtE="}
{"EventID": "3089", "Channel": "Microsoft-Windows-CodeIntegrity/Operational", "Provider_Name": "Microsoft-Windows-CodeIntegrity", "Computer": "DESKTOP-OFJ6N53", "TimeCreated": "2025-03-07 15:04:40.875286+00:00", "RecordID": "63255", "Level": "4", "UserID": "S-1-5-18", "EventData.TotalSignatureCount": "2", "EventData.Signature": "1", "EventData.CacheState": "3", "EventData.Hash Size": "32", "EventData.Hash": "D1f6ckcOmOGY0WvyVsYPf0dunC5QNNXJX3MfKUCLQ2E=", "EventData.PageHash": "False", "EventData.SignatureType": "1", "EventData.ValidatedSigningLevel": "1", "EventData.VerificationError": "18", "EventData.Flags": "0", "EventData.PolicyBits": "16", "EventData.NotValidBefore": "2018-01-22 00:00:00+00:00", "EventData.NotValidAfter": "2021-03-05 12:00:00+00:00", "EventData.PublisherNameLength": "14", "EventData.PublisherName": "LLC Crypto-Pro", "EventData.IssuerNameLength": "34", "EventData.IssuerName": "DigiCert EV Code Signing CA (SHA2)", "EventData.PublisherTBSHashSize": "32", "EventData.PublisherTBSHash": "bSSn12wcu4g4gSlvMwWiHV9M9wWp9OQ2cIVVIyXQhpQ=", "EventData.IssuerTBSHashSize": "32", "EventData.IssuerTBSHash": "7sWBMdwRzX9RJQGxX9vGB0xgO2jKkfcWLVoEIFTtsM8="}
{"EventID": "3033", "Channel": "Microsoft-Windows-CodeIntegrity/Operational", "Provider_Name": "Microsoft-Windows-CodeIntegrity", "Computer": "DESKTOP-OFJ6N53", "TimeCreated": "2025-03-07 15:04:41.014666+00:00", "RecordID": "63256", "Level": "2", "UserID": "S-1-5-18", "EventData.FileNameLength": "52", "EventData.FileNameBuffer": "\\Device\\HarddiskVolume3\\Windows\\System32\\cpsspap.dll", "EventData.ProcessNameLength": "113", "EventData.ProcessNameBuffer": "\\Device\\HarddiskVolume3\\ProgramData\\Microsoft\\Windows Defender\\Platform\\4.18.25010.11-0\\MpDefenderCoreService.exe", "EventData.RequestedPolicy": "7", "EventData.ValidatedPolicy": "1", "EventData.Status": "3221226536"}
{"EventID": "3089", "Channel": "Microsoft-Windows-CodeIntegrity/Operational", "Provider_Name": "Microsoft-Windows-CodeIntegrity", "Computer": "DESKTOP-OFJ6N53", "TimeCreated": "2025-03-07 15:04:41.014668+00:00", "RecordID": "63257", "Level": "4", "UserID": "S-1-5-18", "EventData.TotalSignatureCount": "2", "EventData.Signature": "0", "EventData.CacheState": "3", "EventData.Hash Size": "32", "EventData.Hash": "D1f6ckcOmOGY0WvyVsYPf0dunC5QNNXJX3MfKUCLQ2E=", "EventData.PageHash": "False", "EventData.SignatureType": "1", "EventData.ValidatedSigningLevel": "8", "EventData.VerificationError": "18", "EventData.Flags": "0", "EventData.PolicyBits": "128", "EventData.NotValidBefore": "2019-05-02 20:47:34+00:00", "EventData.NotValidAfter": "2020-05-02 20:47:34+00:00", "EventData.PublisherNameLength": "50", "EventData.PublisherName": "Microsoft Windows Software Compatibility Publisher", "EventData.IssuerNameLength": "47", "EventData.IssuerName": "Microsoft Windows Third Party Component CA 2013", "EventData.PublisherTBSHashSize": "32", "EventData.PublisherTBSHash": "jQuDJM7mRlBjH6e+lDnpUHVuNu3x/ITufqy8od1eV3I=", "EventData.IssuerTBSHashSize": "32", "EventData.IssuerTBSHash": "xV7kTG3ob6msP8kPhO8NSmytWqxqESBHyIuZfnVHrtE="}
{"EventID": "3089", "Channel": "Microsoft-Windows-CodeIntegrity/Operational", "Provider_Name": "Microsoft-Windows-CodeIntegrity", "Computer": "DESKTOP-OFJ6N53", "TimeCreated": "2025-03-07 15:04:41.014669+00:00", "RecordID": "63258", "Level": "4", "UserID": "S-1-5-18", "EventData.TotalSignatureCount": "2", "EventData.Signature": "1", "EventData.CacheState": "3", "EventData.Hash Size": "32", "EventData.Hash": "D1f6ckcOmOGY0WvyVsYPf0dunC5QNNXJX3MfKUCLQ2E=", "EventData.PageHash": "False", "EventData.SignatureType": "1", "EventData.ValidatedSigningLevel": "1", "EventData.VerificationError": "18", "EventData.Flags": "0", "EventData.PolicyBits": "16", "EventData.NotValidBefore": "2018-01-22 00:00:00+00:00", "EventData.NotValidAfter": "2021-03-05 12:00:00+00:00", "EventData.PublisherNameLength": "14", "EventData.PublisherName": "LLC Crypto-Pro", "EventData.IssuerNameLength": "34", "EventData.IssuerName": "DigiCert EV Code Signing CA (SHA2)", "EventData.PublisherTBSHashSize": "32", "EventData.PublisherTBSHash": "bSSn12wcu4g4gSlvMwWiHV9M9wWp9OQ2cIVVIyXQhpQ=", "EventData.IssuerTBSHashSize": "32", "EventData.IssuerTBSHash": "7sWBMdwRzX9RJQGxX9vGB0xgO2jKkfcWLVoEIFTtsM8="}
{"EventID": "3033", "Channel": "Microsoft-Windows-CodeIntegrity/Operational", "Provider_Name": "Microsoft-Windows-CodeIntegrity", "Computer": "DESKTOP-OFJ6N53", "TimeCreated": "2025-03-07 15:04:41.571054+00:00", "RecordID": "63259", "Level": "2", "UserID": "S-1-5-18", "EventData.FileNameLength": "52", "EventData.FileNameBuffer": "\\Device\\HarddiskVolume3\\Windows\\System32\\cpsspap.dll", "EventData.ProcessNameLength": "113", "EventData.ProcessNameBuffer": "\\Device\\HarddiskVolume3\\ProgramData\\Microsoft\\Windows Defender\\Platform\\4.18.25010.11-0\\MpDefenderCoreService.exe", "EventData.RequestedPolicy": "7", "EventData.ValidatedPolicy": "1", "EventData.Status": "3221226536"}
{"EventID": "3089", "Channel": "Microsoft-Windows-CodeIntegrity/Operational", "Provider_Name": "Microsoft-Windows-CodeIntegrity", "Computer": "DESKTOP-OFJ6N53", "TimeCreated": "2025-03-07 15:04:41.571056+00:00", "RecordID": "63260", "Level": "4", "UserID": "S-1-5-18", "EventData.TotalSignatureCount": "2", "EventData.Signature": "0", "EventData.CacheState": "3", "EventData.Hash Size": "32", "EventData.Hash": "D1f6ckcOmOGY0WvyVsYPf0dunC5QNNXJX3MfKUCLQ2E=", "EventData.PageHash": "False", "EventData.SignatureType": "1", "EventData.ValidatedSigningLevel": "8", "EventData.VerificationError": "18", "EventData.Flags": "0", "EventData.PolicyBits": "128", "EventData.NotValidBefore": "2019-05-02 20:47:34+00:00", "EventData.NotValidAfter": "2020-05-02 20:47:34+00:00", "EventData.PublisherNameLength": "50", "EventData.PublisherName": "Microsoft Windows Software Compatibility Publisher", "EventData.IssuerNameLength": "47", "EventData.IssuerName": "Microsoft Windows Third Party Component CA 2013", "EventData.PublisherTBSHashSize": "32", "EventData.PublisherTBSHash": "jQuDJM7mRlBjH6e+lDnpUHVuNu3x/ITufqy8od1eV3I=", "EventData.IssuerTBSHashSize": "32", "EventData.IssuerTBSHash": "xV7kTG3ob6msP8kPhO8NSmytWqxqESBHyIuZfnVHrtE="}
{"EventID": "3089", "Channel": "Microsoft-Windows-CodeIntegrity/Operational", "Provider_Name": "Microsoft-Windows-CodeIntegrity", "Computer": "DESKTOP-OFJ6N53", "TimeCreated": "2025-03-07 15:04:41.571060+00:00", "RecordID": "63261", "Level": "4", "UserID": "S-1-5-18", "EventData.TotalSignatureCount": "2", "EventData.Signature": "1", "EventData.CacheState": "3", "EventData.Hash Size": "32", "EventData.Hash": "D1f6ckcOmOGY0WvyVsYPf0dunC5QNNXJX3MfKUCLQ2E=", "EventData.PageHash": "False", "EventData.SignatureType": "1", "EventData.ValidatedSigningLevel": "1", "EventData.VerificationError": "18", "EventData.Flags": "0", "EventData.PolicyBits": "16", "EventData.NotValidBefore": "2018-01-22 00:00:00+00:00", "EventData.NotValidAfter": "2021-03-05 12:00:00+00:00", "EventData.PublisherNameLength": "14", "EventData.PublisherName": "LLC Crypto-Pro", "EventData.IssuerNameLength": "34", "EventData.IssuerName": "DigiCert EV Code Signing CA (SHA2)", "EventData.PublisherTBSHashSize": "32", "EventData.PublisherTBSHash": "bSSn12wcu4g4gSlvMwWiHV9M9wWp9OQ2cIVVIyXQhpQ=", "EventData.IssuerTBSHashSize": "32", "EventData.IssuerTBSHash": "7sWBMdwRzX9RJQGxX9vGB0xgO2jKkfcWLVoEIFTtsM8="}
{"EventID": "3033", "Channel": "Microsoft-Windows-CodeIntegrity/Operational", "Provider_Name": "Microsoft-Windows-CodeIntegrity", "Computer": "DESKTOP-OFJ6N53", "TimeCreated": "2025-03-07 15:05:52.989416+00:00", "RecordID": "63262", "Level": "2", "UserID": "S-1-5-18", "EventData.FileNameLength": "83", "EventData.FileNameBuffer": "\\Device\\HarddiskVolume3\\Program Files\\Common Files\\Crypto Pro\\AppCompat\\cpadvai.dll", "EventData.ProcessNameLength": "59", "EventData.ProcessNameBuffer": "\\Device\\HarddiskVolume3\\Windows\\System32\\WaaSMedicAgent.exe", "EventData.RequestedPolicy": "8", "EventData.ValidatedPolicy": "1", "EventData.Status": "3221226536"}
{"EventID": "3089", "Channel": "Microsoft-Windows-CodeIntegrity/Operational", "Provider_Name": "Microsoft-Windows-CodeIntegrity", "Computer": "DESKTOP-OFJ6N53", "TimeCreated": "2025-03-07 15:05:52.989418+00:00", "RecordID": "63263", "Level": "4", "UserID": "S-1-5-18", "EventData.TotalSignatureCount": "2", "EventData.Signature": "0", "EventData.CacheState": "3", "EventData.Hash Size": "20", "EventData.Hash": "hgAWI9gi3ImMeQu2upEKuQTDX0o=", "EventData.PageHash": "False", "EventData.SignatureType": "1", "EventData.ValidatedSigningLevel": "1", "EventData.VerificationError": "7", "EventData.Flags": "0", "EventData.PolicyBits": "16", "EventData.NotValidBefore": "2019-03-28 00:00:00+00:00", "EventData.NotValidAfter": "2021-03-05 12:00:00+00:00", "EventData.PublisherNameLength": "14", "EventData.PublisherName": "LLC Crypto-Pro", "EventData.IssuerNameLength": "27", "EventData.IssuerName": "DigiCert EV Code Signing CA", "EventData.PublisherTBSHashSize": "20", "EventData.PublisherTBSHash": "ryzeyGzx0kbOBQrxo9TZ057FBVo=", "EventData.IssuerTBSHashSize": "20", "EventData.IssuerTBSHash": "LVTBao+LaczepI0GA8Ey9Uelz3U="}
{"EventID": "3089", "Channel": "Microsoft-Windows-CodeIntegrity/Operational", "Provider_Name": "Microsoft-Windows-CodeIntegrity", "Computer": "DESKTOP-OFJ6N53", "TimeCreated": "2025-03-07 15:05:52.989422+00:00", "RecordID": "63264", "Level": "4", "UserID": "S-1-5-18", "EventData.TotalSignatureCount": "2", "EventData.Signature": "1", "EventData.CacheState": "3", "EventData.Hash Size": "32", "EventData.Hash": "3CrSgSHYC5hzviemulsR+C5pSAYz78FnSZp2ZjbrqIQ=", "EventData.PageHash": "False", "EventData.SignatureType": "1", "EventData.ValidatedSigningLevel": "1", "EventData.VerificationError": "7", "EventData.Flags": "0", "EventData.PolicyBits": "16", "EventData.NotValidBefore": "2018-01-22 00:00:00+00:00", "EventData.NotValidAfter": "2021-03-05 12:00:00+00:00", "EventData.PublisherNameLength": "14", "EventData.PublisherName": "LLC Crypto-Pro", "EventData.IssuerNameLength": "34", "EventData.IssuerName": "DigiCert EV Code Signing CA (SHA2)", "EventData.PublisherTBSHashSize": "32", "EventData.PublisherTBSHash": "bSSn12wcu4g4gSlvMwWiHV9M9wWp9OQ2cIVVIyXQhpQ=", "EventData.IssuerTBSHashSize": "32", "EventData.IssuerTBSHash": "7sWBMdwRzX9RJQGxX9vGB0xgO2jKkfcWLVoEIFTtsM8="}
{"EventID": "3033", "Channel": "Microsoft-Windows-CodeIntegrity/Operational", "Provider_Name": "Microsoft-Windows-CodeIntegrity", "Computer": "DESKTOP-OFJ6N53", "TimeCreated": "2025-03-07 15:06:24.639294+00:00", "RecordID": "63265", "Level": "2", "UserID": "S-1-5-18", "EventData.FileNameLength": "83", "EventData.FileNameBuffer": "\\Device\\HarddiskVolume3\\Program Files\\Common Files\\Crypto Pro\\AppCompat\\cpadvai.dll", "EventData.ProcessNameLength": "59", "EventData.ProcessNameBuffer": "\\Device\\HarddiskVolume3\\Windows\\System32\\WaaSMedicAgent.exe", "EventData.RequestedPolicy": "8", "EventData.ValidatedPolicy": "1", "EventData.Status": "3221226536"}
{"EventID": "3089", "Channel": "Microsoft-Windows-CodeIntegrity/Operational", "Provider_Name": "Microsoft-Windows-CodeIntegrity", "Computer": "DESKTOP-OFJ6N53", "TimeCreated": "2025-03-07 15:06:24.639297+00:00", "RecordID": "63266", "Level": "4", "UserID": "S-1-5-18", "EventData.TotalSignatureCount": "2", "EventData.Signature": "0", "EventData.CacheState": "3", "EventData.Hash Size": "20", "EventData.Hash": "hgAWI9gi3ImMeQu2upEKuQTDX0o=", "EventData.PageHash": "False", "EventData.SignatureType": "1", "EventData.ValidatedSigningLevel": "1", "EventData.VerificationError": "7", "EventData.Flags": "0", "EventData.PolicyBits": "16", "EventData.NotValidBefore": "2019-03-28 00:00:00+00:00", "EventData.NotValidAfter": "2021-03-05 12:00:00+00:00", "EventData.PublisherNameLength": "14", "EventData.PublisherName": "LLC Crypto-Pro", "EventData.IssuerNameLength": "27", "EventData.IssuerName": "DigiCert EV Code Signing CA", "EventData.PublisherTBSHashSize": "20", "EventData.PublisherTBSHash": "ryzeyGzx0kbOBQrxo9TZ057FBVo=", "EventData.IssuerTBSHashSize": "20", "EventData.IssuerTBSHash": "LVTBao+LaczepI0GA8Ey9Uelz3U="}
{"EventID": "3089", "Channel": "Microsoft-Windows-CodeIntegrity/Operational", "Provider_Name": "Microsoft-Windows-CodeIntegrity", "Computer": "DESKTOP-OFJ6N53", "TimeCreated": "2025-03-07 15:06:24.639299+00:00", "RecordID": "63267", "Level": "4", "UserID": "S-1-5-18", "EventData.TotalSignatureCount": "2", "EventData.Signature": "1", "EventData.CacheState": "3", "EventData.Hash Size": "32", "EventData.Hash": "3CrSgSHYC5hzviemulsR+C5pSAYz78FnSZp2ZjbrqIQ=", "EventData.PageHash": "False", "EventData.SignatureType": "1", "EventData.ValidatedSigningLevel": "1", "EventData.VerificationError": "7", "EventData.Flags": "0", "EventData.PolicyBits": "16", "EventData.NotValidBefore": "2018-01-22 00:00:00+00:00", "EventData.NotValidAfter": "2021-03-05 12:00:00+00:00", "EventData.PublisherNameLength": "14", "EventData.PublisherName": "LLC Crypto-Pro", "EventData.IssuerNameLength": "34", "EventData.IssuerName": "DigiCert EV Code Signing CA (SHA2)", "EventData.PublisherTBSHashSize": "32", "EventData.PublisherTBSHash": "bSSn12wcu4g4gSlvMwWiHV9M9wWp9OQ2cIVVIyXQhpQ=", "EventData.IssuerTBSHashSize": "32", "EventData.IssuerTBSHash": "7sWBMdwRzX9RJQGxX9vGB0xgO2jKkfcWLVoEIFTtsM8="}
{"EventID": "3033", "Channel": "Microsoft-Windows-CodeIntegrity/Operational", "Provider_Name": "Microsoft-Windows-CodeIntegrity", "Computer": "DESKTOP-OFJ6N53", "TimeCreated": "2025-03-07 15:06:25.095631+00:00", "RecordID": "63268", "Level": "2", "UserID": "S-1-5-18", "EventData.FileNameLength": "83", "EventData.FileNameBuffer": "\\Device\\HarddiskVolume3\\Program Files\\Common Files\\Crypto Pro\\AppCompat\\cpwinet.dll", "EventData.ProcessNameLength": "59", "EventData.ProcessNameBuffer": "\\Device\\HarddiskVolume3\\Windows\\System32\\WaaSMedicAgent.exe", "EventData.RequestedPolicy": "8", "EventData.ValidatedPolicy": "1", "EventData.Status": "3221226536"}
{"EventID": "3089", "Channel": "Microsoft-Windows-CodeIntegrity/Operational", "Provider_Name": "Microsoft-Windows-CodeIntegrity", "Computer": "DESKTOP-OFJ6N53", "TimeCreated": "2025-03-07 15:06:25.095634+00:00", "RecordID": "63269", "Level": "4", "UserID": "S-1-5-18", "EventData.TotalSignatureCount": "2", "EventData.Signature": "0", "EventData.CacheState": "3", "EventData.Hash Size": "20", "EventData.Hash": "XFv3vMTcjW9LFqOKSFW8lLu+BQQ=", "EventData.PageHash": "False", "EventData.SignatureType": "1", "EventData.ValidatedSigningLevel": "1", "EventData.VerificationError": "7", "EventData.Flags": "0", "EventData.PolicyBits": "16", "EventData.NotValidBefore": "2019-03-28 00:00:00+00:00", "EventData.NotValidAfter": "2021-03-05 12:00:00+00:00", "EventData.PublisherNameLength": "14", "EventData.PublisherName": "LLC Crypto-Pro", "EventData.IssuerNameLength": "27", "EventData.IssuerName": "DigiCert EV Code Signing CA", "EventData.PublisherTBSHashSize": "20", "EventData.PublisherTBSHash": "ryzeyGzx0kbOBQrxo9TZ057FBVo=", "EventData.IssuerTBSHashSize": "20", "EventData.IssuerTBSHash": "LVTBao+LaczepI0GA8Ey9Uelz3U="}
{"EventID": "3089", "Channel": "Microsoft-Windows-CodeIntegrity/Operational", "Provider_Name": "Microsoft-Windows-CodeIntegrity", "Computer": "DESKTOP-OFJ6N53", "TimeCreated": "2025-03-07 15:06:25.095636+00:00", "RecordID": "63270", "Level": "4", "UserID": "S-1-5-18", "EventData.TotalSignatureCount": "2", "EventData.Signature": "1", "EventData.CacheState": "3", "EventData.Hash Size": "32", "EventData.Hash": "Mo+527rGoab33N+94sHmil3kSkkUdYwIPSDrPV3CilI=", "EventData.PageHash": "False", "EventData.SignatureType": "1", "EventData.ValidatedSigningLevel": "1", "EventData.VerificationError": "7", "EventData.Flags": "0", "EventData.PolicyBits": "16", "EventData.NotValidBefore": "2018-01-22 00:00:00+00:00", "EventData.NotValidAfter": "2021-03-05 12:00:00+00:00", "EventData.PublisherNameLength": "14", "EventData.PublisherName": "LLC Crypto-Pro", "EventData.IssuerNameLength": "34", "EventData.IssuerName": "DigiCert EV Code Signing CA (SHA2)", "EventData.PublisherTBSHashSize": "32", "EventData.PublisherTBSHash": "bSSn12wcu4g4gSlvMwWiHV9M9wWp9OQ2cIVVIyXQhpQ=", "EventData.IssuerTBSHashSize": "32", "EventData.IssuerTBSHash": "7sWBMdwRzX9RJQGxX9vGB0xgO2jKkfcWLVoEIFTtsM8="}
{"EventID": "3033", "Channel": "Microsoft-Windows-CodeIntegrity/Operational", "Provider_Name": "Microsoft-Windows-CodeIntegrity", "Computer": "DESKTOP-OFJ6N53", "TimeCreated": "2025-03-07 15:06:25.421343+00:00", "RecordID": "63271", "Level": "2", "UserID": "S-1-5-18", "EventData.FileNameLength": "81", "EventData.FileNameBuffer": "\\Device\\HarddiskVolume3\\Program Files\\Common Files\\Crypto Pro\\AppCompat\\cpmsi.dll", "EventData.ProcessNameLength": "59", "EventData.ProcessNameBuffer": "\\Device\\HarddiskVolume3\\Windows\\System32\\WaaSMedicAgent.exe", "EventData.RequestedPolicy": "8", "EventData.ValidatedPolicy": "1", "EventData.Status": "3221226536"}
{"EventID": "3089", "Channel": "Microsoft-Windows-CodeIntegrity/Operational", "Provider_Name": "Microsoft-Windows-CodeIntegrity", "Computer": "DESKTOP-OFJ6N53", "TimeCreated": "2025-03-07 15:06:25.421347+00:00", "RecordID": "63272", "Level": "4", "UserID": "S-1-5-18", "EventData.TotalSignatureCount": "2", "EventData.Signature": "0", "EventData.CacheState": "3", "EventData.Hash Size": "20", "EventData.Hash": "moa1ihcx/TYr6c2jEFWgQzxZ1LM=", "EventData.PageHash": "False", "EventData.SignatureType": "1", "EventData.ValidatedSigningLevel": "1", "EventData.VerificationError": "7", "EventData.Flags": "0", "EventData.PolicyBits": "16", "EventData.NotValidBefore": "2019-03-28 00:00:00+00:00", "EventData.NotValidAfter": "2021-03-05 12:00:00+00:00", "EventData.PublisherNameLength": "14", "EventData.PublisherName": "LLC Crypto-Pro", "EventData.IssuerNameLength": "27", "EventData.IssuerName": "DigiCert EV Code Signing CA", "EventData.PublisherTBSHashSize": "20", "EventData.PublisherTBSHash": "ryzeyGzx0kbOBQrxo9TZ057FBVo=", "EventData.IssuerTBSHashSize": "20", "EventData.IssuerTBSHash": "LVTBao+LaczepI0GA8Ey9Uelz3U="}
