{"EventID": "614", "Channel": "Microsoft-Windows-AppXDeploymentServer/Operational", "Provider_Name": "Microsoft-Windows-AppXDeployment-Server", "Computer": "DESKTOP-OFJ6N53", "TimeCreated": "2025-07-27 09:30:38.387075+00:00", "RecordID": "114634", "Level": "5", "UserID": "S-1-5-21-963789628-1060504924-4285088085-1001", "EventData.PathOne": "C:\\Program Files\\WindowsApps\\Microsoft.YourPhone_1.25061.51.0_neutral_~_8wekyb3d8bbwe\\AppxMetadata\\AppxBundleManifest.xml", "EventData.PathTwo": "\"AppxMetadata\\Stub\\YourPhoneStub.Package_0.25061.51.0_ARM64.msix\": Microsoft.YourPhone_0.25061.51.0_arm64__8wekyb3d8bbwe \"AppxMetadata\\Stub\\YourPhoneStub.Package_0.25061.51.0_language-af.msix\": Microsoft.YourPhone_0.25061.51.0_neutral_split.language-af_8wekyb3d8bbwe \"AppxMetadata\\Stub\\YourPhoneStub.Package_0.25061.51.0_language-am.msix\": Microsoft.YourPhone_0.25061.51.0_neutral_split.language-am_8wekyb3d8bbwe \"AppxMetadata\\Stub\\YourPhoneStub.Package_0.25061.51.0_language-ar.msix\": Microsoft.YourPhone_0.25061.51.0_neutral_split.language-ar_8wekyb3d8bbwe \"AppxMetadata\\Stub\\YourPhoneStub.Package_0.25061.51.0_language-as.msix\": Microsoft.YourPhone_0.25061.51.0_neutral_split.language-as_8wekyb3d8bbwe \"AppxMetadata\\Stub\\YourPhoneStub.Package_0.25061.51.0_language-az-latn.msix\": Microsoft.YourPhone_0.25061.51.0_neutral_split.language-az-latn_8wekyb3d8bbwe \"AppxMetadata\\Stub\\YourPhoneStub.Package_0.25061.51.0_language-be.msix\": Microsoft.YourPhone_0.25061.51.0_neutral_split.language-be_8wekyb3d8bbwe \"AppxMetadata\\Stub\\YourPhoneStub.Package_0.25061.51.0_language-bg.msix\": Microsoft.YourPhone_0.25061.51.0_neutral_split.language-bg_8wekyb3d8bbwe \"AppxMetadata\\Stub\\YourPhoneStub.Package_0.25061.51.0_language-bn.msix\": Microsoft.YourPhone_0.25061.51.0_neutral_split.language-bn_8wekyb3d8bbwe \"AppxMetadata\\Stub\\YourPhoneStub.Package_0.25061.51.0_language-bs.msix\": Microsoft.YourPhone_0.25061.51.0_neutral_split.language-bs_8wekyb3d8bbwe \"AppxMetadata\\Stub\\YourPhoneStub.Package_0.25061.51.0_language-ca.msix\": Microsoft.YourPhone_0.25061.51.0_neutral_split.language-ca_8wekyb3d8bbwe \"AppxMetadata\\Stub\\YourPhoneStub.Package_0.25061.51.0_language-cs.msix\": Microsoft.YourPhone_0.25061.51.0_neutral_split.language-cs_8wekyb3d8bbwe \"AppxMetadata\\Stub\\YourPhoneStub.Package_0.25061.51.0_language-cy.msix\": Microsoft.YourPhone_0.25061.51.0_neutral_split.language-cy_8wekyb3d8bbwe \"AppxMetadata\\Stub\\YourPhoneStub.Package_0.25061.51.0_language-da.msix\": Microsoft.YourPhone_0.25061.51.0_neutral_split.language-da_8wekyb3d8bbwe \"AppxMetadata\\Stub\\YourPhoneStub.Package_0.25061.51.0_language-de.msix\": Microsoft.YourPhone_0.25061.51.0_neutral_split.language-de_8wekyb3d8bbwe \"AppxMetadata\\Stub\\YourPhoneStub.Package_0.25061.51.0_language-el.msix\": Microsoft.YourPhone_0.25061.51.0_neutral_split.language-el_8wekyb3d8bbwe \"AppxMetadata\\Stub\\YourPhoneStub.Package_0.25061.51.0_language-es.msix\": Microsoft.YourPhone_0.25061.51.0_neutral_split.language-es_8wekyb3d8bbwe \"AppxMetadata\\Stub\\YourPhoneStub.Package_0.25061.51.0_language-et.msix\": Microsoft.YourPhone_0.25061.51.0_neutral_split.language-et_8wekyb3d8bbwe \"AppxMetadata\\Stub\\YourPhoneStub.Package_0.25061.51.0_language-eu.msix\": Microsoft.YourPhone_0.25061.51.0_neutral_split.language-eu_8wekyb3d8bbwe \"AppxMetadata\\Stub\\YourPhoneStub.Package_0.25061.51.0_language-fa.msix\": Microsoft.YourPhone_0.25061.51.0_neutral_split.language-fa_8wekyb3d8bbwe \"AppxMetadata\\Stub\\YourPhoneStub.Package_0.25061.51.0_language-fi.msix\": Microsoft.YourPhone_0.25061.51.0_neutral_split.language-fi_8wekyb3d8bbwe \"AppxMetadata\\Stub\\YourPhoneStub.Package_0.25061.51.0_language-fil-latn.msix\": Microsoft.YourPhone_0.25061.51.0_neutral_split.language-fil-latn_8wekyb3d8bbwe \"AppxMetadata\\Stub\\YourPhoneStub.Package_0.25061.51.0_language-fr.msix\": Microsoft.YourPhone_0.25061.51.0_neutral_split.language-fr_8wekyb3d8bbwe \"AppxMetadata\\Stub\\YourPhoneStub.Package_0.25061.51.0_language-ga.msix\": Microsoft.YourPhone_0.25061.51.0_neutral_split.language-ga_8wekyb3d8bbwe \"AppxMetadata\\Stub\\YourPhoneStub.Package_0.25061.51.0_language-gd-latn.msix\": Microsoft.YourPhone_0.25061.51.0_neutral_split.language-gd-latn_8wekyb3d8bbwe \"AppxMetadata\\Stub\\YourPhoneStub.Package_0.25061.51.0_language-gl.msix\": Microsoft.YourPhone_0.25061.51.0_neutral_split.language-gl_8wekyb3d8bbwe \"AppxMetadata\\Stub\\YourPhoneStub.Package_0.25061.51.0_language-gu.msix\": Microsoft.YourPhone_0.25061.51.0_neutral_split.language-gu_8wekyb3d8bbwe \"AppxMetadata\\Stub\\YourPhoneStub.Package_0.25061.51.0_language-he.msix\": Microsoft.YourPhone_0.25061.51.0_neutral_split.language-he_8wekyb3d8bbwe \"AppxMetadata\\Stub\\YourPhoneStub.Package_0.25061.51.0_language-hi.msix\": Microsoft.YourPhone_0.25061.51.0_neutral_split.language-hi_8wekyb3d8bbwe \"AppxMetadata\\Stub\\YourPhoneStub.Package_0.25061.51.0_language-hr.msix\": Microsoft.YourPhone_0.25061.51.0_neutral_split.language-hr_8wekyb3d8bbwe \"AppxMetadata\\Stub\\YourPhoneStub.Package_0.25061.51.0_language-hu.msix\": Microsoft.YourPhone_0.25061.51.0_neutral_split.language-hu_8wekyb3d8bbwe \"AppxMetadata\\Stub\\YourPhoneStub.Package_0.25061.51.0_language-hy.msix\": Microsoft.YourPhone_0.25061.51.0_neutral_split.language-hy_8wekyb3d8bbwe \"AppxMetadata\\Stub\\YourPhoneStub.Package_0.25061.51.0_language-id.msix\": Microsoft.YourPhone_0.25061.51.0_neutral_split.language-id_8wekyb3d8bbwe \"AppxMetadata\\Stub\\YourPhoneStub.Package_0.25061.51.0_language-is.msix\": Microsoft.YourPhone_0.25061.51.0_neutral_split.language-is_8wekyb3d8bbwe \"AppxMetadata\\Stub\\YourPhoneStub.Package_0.25061.51.0_language-it.msix\": Microsoft.YourPhone_0.25061.51.0_neutral_split.language-it_8wekyb3d8bbwe \"AppxMetadata\\Stub\\YourPhoneStub.Package_0.25061.51.0_language-ja.msix\": Microsoft.YourPhone_0.25061.51.0_neutral_split.language-ja_8wekyb3d8bbwe \"AppxMetadata\\Stub\\YourPhoneStub.Package_0.25061.51.0_language-ka.msix\": Microsoft.YourPhone_0.25061.51.0_neutral_split.language-ka_8wekyb3d8bbwe \"AppxMetadata\\Stub\\YourPhoneStub.Package_0.25061.51.0_language-kk.msix\": Microsoft.YourPhone_0.25061.51.0_neutral_split.language-kk_8wekyb3d8bbwe \"AppxMetadata\\Stub\\YourPhoneStub.Package_0.25061.51.0_language-km.msix\": Microsoft.YourPhone_0.25061.51.0_neutral_split.language-km_8wekyb3d8bbwe \"AppxMetadata\\Stub\\YourPhoneStub.Package_0.25061.51.0_language-kn.msix\": Microsoft.YourPhone_0.25061.51.0_neutral_split.language-kn_8wekyb3d8bbwe \"AppxMetadata\\Stub\\YourPhoneStub.Package_0.25061.51.0_language-ko.msix\": Microsoft.YourPhone_0.25061.51.0_neutral_split.language-ko_8wekyb3d8bbwe \"AppxMetadata\\Stub\\YourPhoneStub.Package_0.25061.51.0_language-kok.msix\": Microsoft.YourPhone_0.25061.51.0_neutral_split.language-kok_8wekyb3d8bbwe \"AppxMetadata\\Stub\\YourPhoneStub.Package_0.25061.51.0_language-lb.msix\": Microsoft.YourPhone_0.25061.51.0_neutral_split.language-lb_8wekyb3d8bbwe \"AppxMetadata\\Stub\\YourPhoneStub.Package_0.25061.51.0_language-lo.msix\": Microsoft.YourPhone_0.25061.51.0_neutral_split.language-lo_8wekyb3d8bbwe \"AppxMetadata\\Stub\\YourPhoneStub.Package_0.25061.51.0_language-lt.msix\": Microsoft.YourPhone_0.25061.51.0_neutral_split.language-lt_8wekyb3d8bbwe \"AppxMetadata\\Stub\\YourPhoneStub.Package_0.25061.51.0_language-lv.msix\": Microsoft.YourPhone_0.25061.51.0_neutral_split.language-lv_8wekyb3d8bbwe \"AppxMetadata\\Stub\\YourPhoneStub.Package_0.25061.51.0_language-mi-latn.msix\": Microsoft.YourPhone_0.25061.51.0_neutral_split.language-mi-latn_8wekyb3d8bbwe \"AppxMetadata\\Stub\\YourPhoneStub.Package_0.25061.51.0_language-mk.msix\": Microsoft.YourPhone_0.25061.51.0_neutral_split.language-mk_8wekyb3d8bbwe \"AppxMetadata\\Stub\\YourPhoneStub.Package_0.25061.51.0_language-ml.msix\": Microsoft.YourPhone_0.25061.51.0_neutral_split.language-ml_8wekyb3d8bbwe \"AppxMetadata\\Stub\\YourPhoneStub.Package_0.25061.51.0_language-mr.msix\": Microsoft.YourPhone_0.25061.51.0_neutral_split.language-mr_8wekyb3d8bbwe \"AppxMetadata\\Stub\\YourPhoneStub.Package_0.25061.51.0_language-ms.msix\": Microsoft.YourPhone_0.25061.51.0_neutral_split.language-ms_8wekyb3d8bbwe \"AppxMetadata\\Stub\\YourPhoneStub.Package_0.25061.51.0_language-mt.msix\": Microsoft.YourPhone_0.25061.51.0_neutral_split.language-mt_8wekyb3d8bbwe \"AppxMetadata\\Stub\\YourPhoneStub.Package_0.25061.51.0_language-nb.msix\": Microsoft.YourPhone_0.25061.51.0_neutral_split.language-nb_8wekyb3d8bbwe \"AppxMetadata\\Stub\\YourPhoneStub.Package_0.25061.51.0_language-ne.msix\": Microsoft.YourPhone_0.25061.51.0_neutral_split.language-ne_8wekyb3d8bbwe \"AppxMetadata\\Stub\\YourPhoneStub.Package_0.25061.51.0_language-nl.msix\": Microsoft.YourPhone_0.25061.51.0_neutral_split.language-nl_8wekyb3d8bbwe \"AppxMetadata\\Stub\\YourPhoneStub.Package_0.25061.51.0_language-nn.msix\": Microsoft.YourPhone_0.25061.51.0_neutral_split.language-nn_8wekyb3d8bbwe \"AppxMetadata\\Stub\\YourPhoneStub.Package_0.25061.51.0_language-or.msix\": Microsoft.YourPhone_0.25061.51.0_neutral_split.language-or_8wekyb3d8bbwe \"AppxMetadata\\Stub\\YourPhoneStub.Package_0.25061.51.0_language-pa.msix\": Microsoft.YourPhone_0.25061.51.0_neutral_split.language-pa_8wekyb3d8bbwe \"AppxMetadata\\Stub\\YourPhoneStub.Package_0.25061.51.0_language-pl.msix\": Microsoft.YourPhone_0.25061.51.0_neutral_split.language-pl_8wekyb3d8bbwe \"AppxMetadata\\Stub\\YourPhoneStub.Package_0.25061.51.0_language-pt.msix\": Microsoft.YourPhone_0.25061.51.0_neutral_split.language-pt_8wekyb3d8bbwe \"AppxMetadata\\Stub\\YourPhoneStub.Package_0.25061.51.0_language-qps-ploc.msix\": Microsoft.YourPhone_0.25061.51.0_neutral_split.language-qps-ploc_8wekyb3d8bbwe \"AppxMetadata\\Stub\\YourPhoneStub.Package_0.25061.51.0_language-qps-ploca.msix\": Microsoft.YourPhone_0.25061.51.0_neutral_split.language-qps-ploca_8wekyb3d8bbwe \"AppxMetadata\\Stub\\YourPhoneStub.Package_0.25061.51.0_language-qps-plocm.msix\": Microsoft.YourPhone_0.25061.51.0_neutral_split.language-qps-plocm_8wekyb3d8bbwe \"AppxMetadata\\Stub\\YourPhoneStub.Package_0.25061.51.0_language-quz-latn.msix\": Microsoft.YourPhone_0.25061.51.0_neutral_split.language-quz-latn_8wekyb3d8bbwe \"AppxMetadata\\Stub\\YourPhoneStub.Package_0.25061.51.0_language-ro.msix\": Microsoft.YourPhone_0.25061.51.0_neutral_split.language-ro_8wekyb3d8bbwe \"AppxMetadata\\Stub\\YourPhoneStub.Package_0.25061.51.0_language-ru.msix\": Microsoft.YourPhone_0.25061.51.0_neutral_split.language-ru_8wekyb3d8bbwe \"AppxMetadata\\Stub\\YourPhoneStub.Package_0.25061.51.0_language-sk.msix\": Microsoft.YourPhone_0.25061.51.0_neutral_split.language-sk_8wekyb3d8bbwe \"AppxMetadata\\Stub\\YourPhoneStub.Package_0.25061.51.0_language-sl.msix\": Microsoft.YourPhone_0.25061.51.0_neutral_split.language-sl_8wekyb3d8bbwe \"AppxMetadata\\Stub\\YourPhoneStub.Package_0.25061.51.0_language-sq.msix\": Microsoft.YourPhone_0.25061.51.0_neutral_split.language-sq_8wekyb3d8bbwe \"AppxMetadata\\Stub\\YourPhoneStub.Package_0.25061.51.0_language-sr-cyrl.msix\": Microsoft.YourPhone_0.25061.51.0_neutral_split.language-sr-cyrl_8wekyb3d8bbwe \"AppxMetadata\\Stub\\YourPhoneStub.Package_0.25061.51.0_language-sr-latn.msix\": Microsoft.YourPhone_0.25061.51.0_neutral_split.language-sr-latn_8wekyb3d8bbwe \"AppxMetadata\\Stub\\YourPhoneStub.Package_0.25061.51.0_language-sv.msix\": Microsoft.YourPhone_0.25061.51.0_neutral_split.language-sv_8wekyb3d8bbwe \"AppxMetadata\\Stub\\YourPhoneStub.Package_0.25061.51.0_language-ta.msix\": Microsoft.YourPhone_0.25061.51.0_neutral_split.language-ta_8wekyb3d8bbwe \"AppxMetadata\\Stub\\YourPhoneStub.Package_0.25061.51.0_language-te.msix\": Microsoft.YourPhone_0.25061.51.0_neutral_split.language-te_8wekyb3d8bbwe \"AppxMetadata\\Stub\\YourPhoneStub.Package_0.25061.51.0_language-th.msix\": Microsoft.YourPhone_0.25061.51.0_neutral_split.language-th_8wekyb3d8bbwe \"AppxMetadata\\Stub\\YourPhoneStub.Package_0.25061.51.0_language-tr.msix\": Microsoft.YourPhone_0.25061.51.0_neutral_split.language-tr_8wekyb3d8bbwe \"AppxMetadata\\Stub\\YourPhoneStub.Package_0.25061.51.0_language-tt-cyrl.msix\": Microsoft.YourPhone_0.25061.51.0_neutral_split.language-tt-cyrl_8wekyb3d8bbwe \"AppxMetadata\\Stub\\YourPhoneStub.Package_0.25061.51.0_language-ug-arab.msix\": Microsoft.YourPhone_0.25061.51.0_neutral_split.language-ug-arab_8wekyb3d8bbwe \"AppxMetadata\\Stub\\YourPhoneStub.Package_0.25061.51.0_language-uk.msix\": Microsoft.YourPhone_0.25061.51.0_neutral_split.language-uk_8wekyb3d8bbwe \"AppxMetadata\\Stub\\YourPhoneStub.Package_0.25061.51.0_language-ur.msix\": Microsoft.YourPhone_0.25061.51.0_neutral_split.language-ur_8wekyb3d8bbwe \"AppxMetadata\\Stub\\YourPhoneStub.Package_0.25061.51.0_language-uz-latn.msix\": Microsoft.YourPhone_0.25061.51.0_neutral_split.language-uz-latn_8wekyb3d8bbwe \"AppxMetadata\\Stub\\YourPhoneStub.Package_0.25061.51.0_language-vi.msix\": Microsoft.YourPhone_0.25061.51.0_neutral_split.language-vi_8wekyb3d8bbwe \"AppxMetadata\\Stub\\YourPhoneStub.Package_0.25061.51.0_language-zh-hans.msix\": Microsoft.YourPhone_0.25061.51.0_neutral_split.language-zh-hans_8wekyb3d8bbwe \"AppxMetadata\\Stub\\YourPhoneStub.Package_0.25061.51.0_language-zh-hant.msix\": Microsoft.YourPhone_0.25061.51.0_neutral_split.language-zh-hant_8wekyb3d8bbwe \"AppxMetadata\\Stub\\YourPhoneStub.Package_0.25061.51.0_scale-100.msix\": Microsoft.YourPhone_0.25061.51.0_neutral_split.scale-100_8wekyb3d8bbwe \"AppxMetadata\\Stub\\YourPhoneStub.Package_0.25061.51.0_scale-125.msix\": Microsoft.YourPhone_0.25061.51.0_neutral_split.scale-125_8wekyb3d8bbwe \"AppxMetadata\\Stub\\YourPhoneStub.Package_0.25061.51.0_scale-150.msix\": Microsoft.YourPhone_0.25061.51.0_neutral_split.scale-150_8wekyb3d8bbwe \"AppxMetadata\\Stub\\YourPhoneStub.Package_0.25061.51.0_scale-400.msix\": Microsoft.YourPhone_0.25061.51.0_neutral_split.scale-400_8wekyb3d8bbwe \"AppxMetadata\\Stub\\YourPhoneStub.Package_0.25061.51.0_x64.msix\": Microsoft.YourPhone_0.25061.51.0_x64__8wekyb3d8bbwe \"AppxMetadata\\Stub\\YourPhoneStub.Package_0.25061.51.0_x86.msix\": Microsoft.YourPhone_0.25061.51.0_x86__8wekyb3d8bbwe \"YourPhone.Package_1.25061.51.0_arm64.msix\": Microsoft.YourPhone_1.25061.51.0_arm64__8wekyb3d8bbwe \"YourPhone.Package_1.25061.51.0_x64.msix\": Microsoft.YourPhone_1.25061.51.0_x64__8wekyb3d8bbwe \"YourPhone.Package_1.25061.51.0_x86.msix\": Microsoft.YourPhone_1.25061.51.0_x86__8wekyb3d8bbwe \"YourPhone.Package_1.25061.51.0_language-bs.msix\": Microsoft.YourPhone_1.25061.51.0_neutral_split.language-bs_8wekyb3d8bbwe \"YourPhone.Package_1.25061.51.0_language-uz-latn.msix\": Microsoft.YourPhone_1.25061.51.0_neutral_split.language-uz-latn_8wekyb3d8bbwe \"YourPhone.Package_1.25061.51.0_language-es.msix\": Microsoft.YourPhone_1.25061.51.0_neutral_split.language-es_8wekyb3d8bbwe \"YourPhone.Package_1.25061.51.0_language-pa.msix\": Microsoft.YourPhone_1.25061.51.0_neutral_split.language-pa_8wekyb3d8bbwe \"YourPhone.Package_1.25061.51.0_language-ka.msix\": Microsoft.YourPhone_1.25061.51.0_neutral_split.language-ka_8wekyb3d8bbwe \"YourPhone.Package_1.25061.51.0_language-zh-hans.msix\": Microsoft.YourPhone_1.25061.51.0_neutral_split.language-zh-hans_8wekyb3d8bbwe \"YourPhone.Package_1.25061.51.0_language-nn.msix\": Microsoft.YourPhone_1.25061.51.0_neutral_split.language-nn_8wekyb3d8bbwe \"YourPhone.Package_1.25061.51.0_language-am.msix\": Microsoft.YourPhone_1.25061.51.0_neutral_split.language-am_8wekyb3d8bbwe \"YourPhone.Package_1.25061.51.0_language-kk.msix\": Microsoft.YourPhone_1.25061.51.0_neutral_split.language-kk_8wekyb3d8bbwe \"YourPhone.Package_1.25061.51.0_language-ga.msix\": Microsoft.YourPhone_1.25061.51.0_neutral_split.language-ga_8wekyb3d8bbwe \"YourPhone.Package_1.25061.51.0_language-ml.msix\": Microsoft.YourPhone_1.25061.51.0_neutral_split.language-ml_8wekyb3d8bbwe \"YourPhone.Package_1.25061.51.0_language-af.msix\": Microsoft.YourPhone_1.25061.51.0_neutral_split.language-af_8wekyb3d8bbwe \"YourPhone.Package_1.25061.51.0_language-qps-ploca.msix\": Microsoft.YourPhone_1.25061.51.0_neutral_split.language-qps-ploca_8wekyb3d8bbwe \"YourPhone.Package_1.25061.51.0_language-be.msix\": Microsoft.YourPhone_1.25061.51.0_neutral_split.language-be_8wekyb3d8bbwe \"YourPhone.Package_1.25061.51.0_language-ta.msix\": Microsoft.YourPhone_1.25061.51.0_neutral_split.language-ta_8wekyb3d8bbwe \"YourPhone.Package_1.25061.51.0_language-te.msix\": Microsoft.YourPhone_1.25061.51.0_neutral_split.language-te_8wekyb3d8bbwe \"YourPhone.Package_1.25061.51.0_language-lt.msix\": Microsoft.YourPhone_1.25061.51.0_neutral_split.language-lt_8wekyb3d8bbwe \"YourPhone.Package_1.25061.51.0_language-ro.msix\": Microsoft.YourPhone_1.25061.51.0_neutral_split.language-ro_8wekyb3d8bbwe \"YourPhone.Package_1.25061.51.0_language-quz-latn.msix\": Microsoft.YourPhone_1.25061.51.0_neutral_split.language-quz-latn_8wekyb3d8bbwe \"YourPhone.Package_1.25061.51.0_scale-100.msix\": Microsoft.YourPhone_1.25061.51.0_neutral_split.scale-100_8wekyb3d8bbwe \"YourPhone.Package_1.25061.51.0_language-de.msix\": Microsoft.YourPhone_1.25061.51.0_neutral_split.language-de_8wekyb3d8bbwe \"YourPhone.Package_1.25061.51.0_language-hr.msix\": Microsoft.YourPhone_1.25061.51.0_neutral_split.language-hr_8wekyb3d8bbwe \"YourPhone.Package_1.25061.51.0_language-zh-hant.msix\": Microsoft.YourPhone_1.25061.51.0_neutral_split.language-zh-hant_8wekyb3d8bbwe \"YourPhone.Package_1.25061.51.0_language-tr.msix\": Microsoft.YourPhone_1.25061.51.0_neutral_split.language-tr_8wekyb3d8bbwe \"YourPhone.Package_1.25061.51.0_language-pt.msix\": Microsoft.YourPhone_1.25061.51.0_neutral_split.language-pt_8wekyb3d8bbwe \"YourPhone.Package_1.25061.51.0_scale-150.msix\": Microsoft.YourPhone_1.25061.51.0_neutral_split.scale-150_8wekyb3d8bbwe \"YourPhone.Package_1.25061.51.0_language-uk.msix\": Microsoft.YourPhone_1.25061.51.0_neutral_split.language-uk_8wekyb3d8bbwe \"YourPhone.Package_1.25061.51.0_language-tt-cyrl.msix\": Microsoft.YourPhone_1.25061.51.0_neutral_split.language-tt-cyrl_8wekyb3d8bbwe \"YourPhone.Package_1.25061.51.0_language-qps-plocm.msix\": Microsoft.YourPhone_1.25061.51.0_neutral_split.language-qps-plocm_8wekyb3d8bbwe \"YourPhone.Package_1.25061.51.0_language-ur.msix\": Microsoft.YourPhone_1.25061.51.0_neutral_split.language-ur_8wekyb3d8bbwe \"YourPhone.Package_1.25061.51.0_language-ug-arab.msix\": Microsoft.YourPhone_1.25061.51.0_neutral_split.language-ug-arab_8wekyb3d8bbwe \"YourPhone.Package_1.25061.51.0_language-mr.msix\": Microsoft.YourPhone_1.25061.51.0_neutral_split.language-mr_8wekyb3d8bbwe \"YourPhone.Package_1.25061.51.0_language-fr.msix\": Microsoft.YourPhone_1.25061.51.0_neutral_split.language-fr_8wekyb3d8bbwe \"YourPhone.Package_1.25061.51.0_language-sr-cyrl.msix\": Microsoft.YourPhone_1.25061.51.0_neutral_split.language-sr-cyrl_8wekyb3d8bbwe \"YourPhone.Package_1.25061.51.0_language-sk.msix\": Microsoft.YourPhone_1.25061.51.0_neutral_split.language-sk_8wekyb3d8bbwe \"YourPhone.Package_1.25061.51.0_language-sq.msix\": Microsoft.YourPhone_1.25061.51.0_neutral_split.language-sq_8wekyb3d8bbwe \"YourPhone.Package_1.25061.51.0_language-nl.msix\": Microsoft.YourPhone_1.25061.51.0_neutral_split.language-nl_8wekyb3d8bbwe \"YourPhone.Package_1.25061.51.0_language-lb.msix\": Microsoft.YourPhone_1.25061.51.0_neutral_split.language-lb_8wekyb3d8bbwe \"YourPhone.Package_1.25061.51.0_language-mk.msix\": Microsoft.YourPhone_1.25061.51.0_neutral_split.language-mk_8wekyb3d8bbwe \"YourPhone.Package_1.25061.51.0_language-hy.msix\": Microsoft.YourPhone_1.25061.51.0_neutral_split.language-hy_8wekyb3d8bbwe \"YourPhone.Package_1.25061.51.0_language-ca.msix\": Microsoft.YourPhone_1.25061.51.0_neutral_split.language-ca_8wekyb3d8bbwe \"YourPhone.Package_1.25061.51.0_language-km.msix\": Microsoft.YourPhone_1.25061.51.0_neutral_split.language-km_8wekyb3d8bbwe \"YourPhone.Package_1.25061.51.0_scale-125.msix\": Microsoft.YourPhone_1.25061.51.0_neutral_split.scale-125_8wekyb3d8bbwe \"YourPhone.Package_1.25061.51.0_language-ar.msix\": Microsoft.YourPhone_1.25061.51.0_neutral_split.language-ar_8wekyb3d8bbwe \"YourPhone.Package_1.25061.51.0_language-sl.msix\": Microsoft.YourPhone_1.25061.51.0_neutral_split.language-sl_8wekyb3d8bbwe \"YourPhone.Package_1.25061.51.0_language-sv.msix\": Microsoft.YourPhone_1.25061.51.0_neutral_split.language-sv_8wekyb3d8bbwe \"YourPhone.Package_1.25061.51.0_language-pl.msix\": Microsoft.YourPhone_1.25061.51.0_neutral_split.language-pl_8wekyb3d8bbwe \"YourPhone.Package_1.25061.51.0_scale-400.msix\": Microsoft.YourPhone_1.25061.51.0_neutral_split.scale-400_8wekyb3d8bbwe \"YourPhone.Package_1.25061.51.0_language-cy.msix\": Microsoft.YourPhone_1.25061.51.0_neutral_split.language-cy_8wekyb3d8bbwe \"YourPhone.Package_1.25061.51.0_language-gd-latn.msix\": Microsoft.YourPhone_1.25061.51.0_neutral_split.language-gd-latn_8wekyb3d8bbwe \"YourPhone.Package_1.25061.51.0_language-or.msix\": Microsoft.YourPhone_1.25061.51.0_neutral_split.language-or_8wekyb3d8bbwe \"YourPhone.Package_1.25061.51.0_language-bg.msix\": Microsoft.YourPhone_1.25061.51.0_neutral_split.language-bg_8wekyb3d8bbwe \"YourPhone.Package_1.25061.51.0_language-mi-latn.msix\": Microsoft.YourPhone_1.25061.51.0_neutral_split.language-mi-latn_8wekyb3d8bbwe \"YourPhone.Package_1.25061.51.0_language-ne.msix\": Microsoft.YourPhone_1.25061.51.0_neutral_split.language-ne_8wekyb3d8bbwe \"YourPhone.Package_1.25061.51.0_language-kn.msix\": Microsoft.YourPhone_1.25061.51.0_neutral_split.language-kn_8wekyb3d8bbwe \"YourPhone.Package_1.25061.51.0_language-vi.msix\": Microsoft.YourPhone_1.25061.51.0_neutral_split.language-vi_8wekyb3d8bbwe \"YourPhone.Package_1.25061.51.0_language-lo.msix\": Microsoft.YourPhone_1.25061.51.0_neutral_split.language-lo_8wekyb3d8bbwe \"YourPhone.Package_1.25061.51.0_language-ms.msix\": Microsoft.YourPhone_1.25061.51.0_neutral_split.language-ms_8wekyb3d8bbwe \"YourPhone.Package_1.25061.51.0_language-nb.msix\": Microsoft.YourPhone_1.25061.51.0_neutral_split.language-nb_8wekyb3d8bbwe \"YourPhone.Package_1.25061.51.0_language-he.msix\": Microsoft.YourPhone_1.25061.51.0_neutral_split.language-he_8wekyb3d8bbwe \"YourPhone.Package_1.25061.51.0_language-ja.msix\": Microsoft.YourPhone_1.25061.51.0_neutral_split.language-ja_8wekyb3d8bbwe \"YourPhone.Package_1.25061.51.0_language-el.msix\": Microsoft.YourPhone_1.25061.51.0_neutral_split.language-el_8wekyb3d8bbwe \"YourPhone.Package_1.25061.51.0_language-mt.msix\": Microsoft.YourPhone_1.25061.51.0_neutral_split.language-mt_8wekyb3d8bbwe \"YourPhone.Package_1.25061.51.0_language-hu.msix\": Microsoft.YourPhone_1.25061.51.0_neutral_split.language-hu_8wekyb3d8bbwe \"YourPhone.Package_1.25061.51.0_language-hi.msix\": Microsoft.YourPhone_1.25061.51.0_neutral_split.language-hi_8wekyb3d8bbwe \"YourPhone.Package_1.25061.51.0_language-lv.msix\": Microsoft.YourPhone_1.25061.51.0_neutral_split.language-lv_8wekyb3d8bbwe \"YourPhone.Package_1.25061.51.0_language-it.msix\": Microsoft.YourPhone_1.25061.51.0_neutral_split.language-it_8wekyb3d8bbwe \"YourPhone.Package_1.25061.51.0_language-gu.msix\": Microsoft.YourPhone_1.25061.51.0_neutral_split.language-gu_8wekyb3d8bbwe \"YourPhone.Package_1.25061.51.0_language-az-latn.msix\": Microsoft.YourPhone_1.25061.51.0_neutral_split.language-az-latn_8wekyb3d8bbwe \"YourPhone.Package_1.25061.51.0_language-qps-ploc.msix\": Microsoft.YourPhone_1.25061.51.0_neutral_split.language-qps-ploc_8wekyb3d8bbwe \"YourPhone.Package_1.25061.51.0_language-fil-latn.msix\": Microsoft.YourPhone_1.25061.51.0_neutral_split.language-fil-latn_8wekyb3d8bbwe \"YourPhone.Package_1.25061.51.0_language-fi.msix\": Microsoft.YourPhone_1.25061.51.0_neutral_split.language-fi_8wekyb3d8bbwe \"YourPhone.Package_1.25061.51.0_language-eu.msix\": Microsoft.YourPhone_1.25061.51.0_neutral_split.language-eu_8wekyb3d8bbwe \"YourPhone.Package_1.25061.51.0_language-th.msix\": Microsoft.YourPhone_1.25061.51.0_neutral_split.language-th_8wekyb3d8bbwe \"YourPhone.Package_1.25061.51.0_language-fa.msix\": Microsoft.YourPhone_1.25061.51.0_neutral_split.language-fa_8wekyb3d8bbwe \"YourPhone.Package_1.25061.51.0_language-cs.msix\": Microsoft.YourPhone_1.25061.51.0_neutral_split.language-cs_8wekyb3d8bbwe \"YourPhone.Package_1.25061.51.0_language-is.msix\": Microsoft.YourPhone_1.25061.51.0_neutral_split.language-is_8wekyb3d8bbwe \"YourPhone.Package_1.25061.51.0_language-as.msix\": Microsoft.YourPhone_1.25061.51.0_neutral_split.language-as_8wekyb3d8bbwe \"YourPhone.Package_1.25061.51.0_language-id.msix\": Microsoft.YourPhone_1.25061.51.0_neutral_split.language-id_8wekyb3d8bbwe \"YourPhone.Package_1.25061.51.0_language-et.msix\": Microsoft.YourPhone_1.25061.51.0_neutral_split.language-et_8wekyb3d8bbwe \"YourPhone.Package_1.25061.51.0_language-gl.msix\": Microsoft.YourPhone_1.25061.51.0_neutral_split.language-gl_8wekyb3d8bbwe \"YourPhone.Package_1.25061.51.0_language-bn.msix\": Microsoft.YourPhone_1.25061.51.0_neutral_split.language-bn_8wekyb3d8bbwe \"YourPhone.Package_1.25061.51.0_language-da.msix\": Microsoft.YourPhone_1.25061.51.0_neutral_split.language-da_8wekyb3d8bbwe \"YourPhone.Package_1.25061.51.0_language-ko.msix\": Microsoft.YourPhone_1.25061.51.0_neutral_split.language-ko_8wekyb3d8bbwe \"YourPhone.Package_1.25061.51.0_language-sr-latn.msix\": Microsoft.YourPhone_1.25061.51.0_neutral_split.language-sr-latn_8wekyb3d8bbwe \"YourPhone.Package_1.25061.51.0_language-ru.msix\": Microsoft.YourPhone_1.25061.51.0_neutral_split.language-ru_8wekyb3d8bbwe \"YourPhone.Package_1.25061.51.0_language-kok.msix\": Microsoft.YourPhone_1.25061.51.0_neutral_split.language-kok_8wekyb3d8bbwe"}
{"EventID": "854", "Channel": "Microsoft-Windows-AppXDeploymentServer/Operational", "Provider_Name": "Microsoft-Windows-AppXDeployment-Server", "Computer": "DESKTOP-OFJ6N53", "TimeCreated": "2025-07-27 09:30:38.405067+00:00", "RecordID": "114635", "Level": "4", "UserID": "S-1-5-21-963789628-1060504924-4285088085-1001", "EventData.Path": "C:\\Program Files\\WindowsApps\\Microsoft.YourPhone_1.25061.51.0_neutral_~_8wekyb3d8bbwe\\AppxMetadata\\AppxBundleManifest.xml C:\\Program Files\\WindowsApps\\Microsoft.YourPhone_1.25061.51.0_x64__8wekyb3d8bbwe\\AppxManifest.xml C:\\Program Files\\WindowsApps\\Microsoft.YourPhone_1.25061.51.0_neutral_split.scale-125_8wekyb3d8bbwe\\AppxManifest.xml C:\\Program Files\\WindowsApps\\Microsoft.YourPhone_1.25061.51.0_neutral_split.scale-100_8wekyb3d8bbwe\\AppxManifest.xml C:\\Program Files\\WindowsApps\\Microsoft.YourPhone_1.25061.51.0_neutral_split.language-ru_8wekyb3d8bbwe\\AppxManifest.xml"}
{"EventID": "855", "Channel": "Microsoft-Windows-AppXDeploymentServer/Operational", "Provider_Name": "Microsoft-Windows-AppXDeployment-Server", "Computer": "DESKTOP-OFJ6N53", "TimeCreated": "2025-07-27 09:30:38.493826+00:00", "RecordID": "114636", "Level": "4", "UserID": "S-1-5-21-963789628-1060504924-4285088085-1001", "EventData.PackageMoniker": "updateList: Microsoft.YourPhone_1.25061.45.0_neutral_~_8wekyb3d8bbwe is updating to Microsoft.YourPhone_1.25061.51.0_neutral_~_8wekyb3d8bbwe Microsoft.YourPhone_1.25061.45.0_x64__8wekyb3d8bbwe is updating to Microsoft.YourPhone_1.25061.51.0_x64__8wekyb3d8bbwe Microsoft.YourPhone_1.25061.45.0_neutral_split.scale-125_8wekyb3d8bbwe is updating to Microsoft.YourPhone_1.25061.51.0_neutral_split.scale-125_8wekyb3d8bbwe Microsoft.YourPhone_1.25061.45.0_neutral_split.scale-100_8wekyb3d8bbwe is updating to Microsoft.YourPhone_1.25061.51.0_neutral_split.scale-100_8wekyb3d8bbwe Microsoft.YourPhone_1.25061.45.0_neutral_split.language-ru_8wekyb3d8bbwe is updating to Microsoft.YourPhone_1.25061.51.0_neutral_split.language-ru_8wekyb3d8bbwe"}
{"EventID": "9645", "Channel": "Microsoft-Windows-AppXDeploymentServer/Operational", "Provider_Name": "Microsoft-Windows-AppXDeployment-Server", "Computer": "DESKTOP-OFJ6N53", "TimeCreated": "2025-07-27 09:30:38.570536+00:00", "RecordID": "114637", "Level": "5", "UserID": "S-1-5-21-963789628-1060504924-4285088085-1001", "EventData.ErrorCode": "0x00000000", "EventData.String": "Microsoft.YourPhone_1.25061.45.0_x64__8wekyb3d8bbwe"}
{"EventID": "638", "Channel": "Microsoft-Windows-AppXDeploymentServer/Operational", "Provider_Name": "Microsoft-Windows-AppXDeployment-Server", "Computer": "DESKTOP-OFJ6N53", "TimeCreated": "2025-07-27 09:30:38.571491+00:00", "RecordID": "114638", "Level": "4", "UserID": "S-1-5-21-963789628-1060504924-4285088085-1001", "EventData.runningAppsList": "Microsoft.YourPhone_8wekyb3d8bbwe!App", "EventData.directlyServicedPackagesList": "Microsoft.YourPhone_1.25061.45.0_x64__8wekyb3d8bbwe Microsoft.YourPhone_1.25061.51.0_x64__8wekyb3d8bbwe", "EventData.indirectlyServicedPackagesList": "NULL", "EventData.numAttempts": "0", "EventData.isSessionLocked": "True"}
{"EventID": "10000", "Channel": "Microsoft-Windows-AppXDeploymentServer/Operational", "Provider_Name": "Microsoft-Windows-AppXDeployment-Server", "Computer": "DESKTOP-OFJ6N53", "TimeCreated": "2025-07-27 09:30:38.572096+00:00", "RecordID": "114639", "Level": "5", "UserID": "S-1-5-18", "EventData.PackageFullName": "Microsoft.YourPhone_1.25061.51.0_x64__8wekyb3d8bbwe", "EventData.ErrorCode": "0x00000000"}
{"EventID": "617", "Channel": "Microsoft-Windows-AppXDeploymentServer/Operational", "Provider_Name": "Microsoft-Windows-AppXDeployment-Server", "Computer": "DESKTOP-OFJ6N53", "TimeCreated": "2025-07-27 09:30:38.595362+00:00", "RecordID": "114640", "Level": "5", "UserID": "S-1-5-18", "EventData.PackageFullName": "Microsoft.YourPhone_1.25061.45.0_x64__8wekyb3d8bbwe", "EventData.StatusToClear": "0x00000000", "EventData.StatusToSet": "0x00000400", "EventData.CallOrigin": "0"}
{"EventID": "419", "Channel": "Microsoft-Windows-AppXDeploymentServer/Operational", "Provider_Name": "Microsoft-Windows-AppXDeployment-Server", "Computer": "DESKTOP-OFJ6N53", "TimeCreated": "2025-07-27 09:30:38.599091+00:00", "RecordID": "114641", "Level": "2", "UserID": "S-1-5-18", "EventData.filename": "Microsoft.YourPhone_1.25061.45.0_x64__8wekyb3d8bbwe", "EventData.Error": "0x80073d02"}
{"EventID": "605", "Channel": "Microsoft-Windows-AppXDeploymentServer/Operational", "Provider_Name": "Microsoft-Windows-AppXDeployment-Server", "Computer": "DESKTOP-OFJ6N53", "TimeCreated": "2025-07-27 09:30:38.608738+00:00", "RecordID": "114642", "Level": "4", "UserID": "S-1-5-21-963789628-1060504924-4285088085-1001", "EventData.DeploymentState": "19", "EventData.NextDeploymentState": "20", "EventData.ErrorCode": "0x80073d02"}
{"EventID": "10001", "Channel": "Microsoft-Windows-AppXDeploymentServer/Operational", "Provider_Name": "Microsoft-Windows-AppXDeployment-Server", "Computer": "DESKTOP-OFJ6N53", "TimeCreated": "2025-07-27 09:30:38.615345+00:00", "RecordID": "114643", "Level": "5", "UserID": "S-1-5-18", "EventData.PackageFullName": "Microsoft.YourPhone_1.25061.51.0_x64__8wekyb3d8bbwe", "EventData.ErrorCode": "0x00000000"}
{"EventID": "10001", "Channel": "Microsoft-Windows-AppXDeploymentServer/Operational", "Provider_Name": "Microsoft-Windows-AppXDeployment-Server", "Computer": "DESKTOP-OFJ6N53", "TimeCreated": "2025-07-27 09:30:38.615517+00:00", "RecordID": "114644", "Level": "5", "UserID": "S-1-5-18", "EventData.PackageFullName": "Microsoft.YourPhone_1.25061.51.0_x64__8wekyb3d8bbwe", "EventData.ErrorCode": "0x00000000"}
{"EventID": "401", "Channel": "Microsoft-Windows-AppXDeploymentServer/Operational", "Provider_Name": "Microsoft-Windows-AppXDeployment-Server", "Computer": "DESKTOP-OFJ6N53", "TimeCreated": "2025-07-27 09:30:38.902634+00:00", "RecordID": "114645", "Level": "2", "UserID": "S-1-5-21-963789628-1060504924-4285088085-1001", "EventData.DeploymentOperation": "6", "EventData.PackageFullName": "Microsoft.YourPhone_1.25061.51.0_neutral_~_8wekyb3d8bbwe", "EventData.Path": "(AppxBundleManifest.xml)", "EventData.ErrorCode": "0x80073d02", "EventData.MountPoint": "C:", "EventData.TargetPlatform": "0x00000003", "EventData.SystemVolume": "True", "EventData.StorageId": "\\\\?\\Volume{c33a8663-71a2-4031-8cec-c21914fe12ad}", "EventData.IsCentennial": "False", "EventData.PackageType": "0x00000000", "EventData.IsPackageEncrypted": "False", "EventData.DeploymentOptions": "0x0004000004044800", "EventData.IsStreamingPackage": "False", "EventData.IsInRelatedSet": "False", "EventData.IsPackageUsingBDC": "False", "EventData.MainPackageFamilyName": "NULL", "EventData.CallingProcess": "svchost.exe,wuauserv", "EventData.IsInPlaceUpdate": "0x00000000", "EventData.ErrorFileInfo": "entity-dependencygraph.cpp,576,80070490;dependencygraphtable.cpp,251,80070490;entity-wowdependencygraph.cpp,576,80070490;wowdependencygraphtable.cpp,246,80070490;entity-dependencygraph.cpp,576,80070490;dependencygraphtable.cpp,251,80070490;entity-wowdependencygraph.cpp,576,80070490;wowdependencygraphtable.cpp,246,80070490;entity-dependencygraph.cpp,576,80070490;dependencygraphtable.cpp,251,80070490;entity-wowdependencygraph.cpp,576,80070490;wowdependencygraphtable.cpp,246,80070490;entity-dependencygraph.cpp,576,80070490;dependencygraphtable.cpp,251,80070490;entity-wowdependencygraph.cpp,576,80070490;wowdependencygraphtable.cpp,246,80070490;entity-dependencygraph.cpp,576,80070490;dependencygraphtable.cpp,251,80070490;entity-wowdependencygraph.cpp,576,80070490;wowdependencygraphtable.cpp,246,80070490;deferredregistrationsresolver.cpp,296,80073D02;dependencymanager.cpp,53,80073D02;deploymentmanager.cpp,626,80073D02;pipeline.cpp,132,80073D02;pipeline.cpp,177,80073D02;deploymentrequest.cpp,2041,80073D02;deploymentrequest.cpp,2156,80073D02;deploymentrequest.cpp,4053,80073D02;", "EventData.DetailedMessageInfo": "NULL", "EventData.IsOptional": "0", "EventData.PackageFlags": "0x00000000", "EventData.PackageFlags2": "0x00000000", "EventData.HasWin32alacarte": "False", "EventData.HasFullTrust": "False", "EventData.ExternalLocation": null, "EventData.PackageSourceUri": null}
{"EventID": "404", "Channel": "Microsoft-Windows-AppXDeploymentServer/Operational", "Provider_Name": "Microsoft-Windows-AppXDeployment-Server", "Computer": "DESKTOP-OFJ6N53", "TimeCreated": "2025-07-27 09:30:38.923565+00:00", "RecordID": "114646", "Level": "2", "UserID": "S-1-5-21-963789628-1060504924-4285088085-1001", "EventData.SummaryError": " 0x80073D02:    ,      : Microsoft.YourPhone_1.25061.45.0_x64__8wekyb3d8bbwe.", "EventData.PackageFullName": "Microsoft.YourPhone_1.25061.51.0_neutral_~_8wekyb3d8bbwe", "EventData.ErrorCode": "0x80073d02", "EventData.MountPoint": "C:", "EventData.TargetPlatform": "0x00000003", "EventData.CallingProcess": "svchost.exe,wuauserv", "EventData.ExternalLocation": null}
{"EventID": "603", "Channel": "Microsoft-Windows-AppXDeploymentServer/Operational", "Provider_Name": "Microsoft-Windows-AppXDeployment-Server", "Computer": "DESKTOP-OFJ6N53", "TimeCreated": "2025-07-27 10:50:49.412064+00:00", "RecordID": "114647", "Level": "4", "UserID": "S-1-5-18", "EventData.DeploymentOperation": "4", "EventData.Path": "5a80ed89573cd7c715eebad914cb48f07636dd64", "EventData.Flags": "67108880", "EventData.FlagsHigh": "128", "EventData.CallingProcess": "svchost.exe,wuauserv", "EventData.ExternalLocation": null}
{"EventID": "10002", "Channel": "Microsoft-Windows-AppXDeploymentServer/Operational", "Provider_Name": "Microsoft-Windows-AppXDeployment-Server", "Computer": "DESKTOP-OFJ6N53", "TimeCreated": "2025-07-27 10:50:50.286736+00:00", "RecordID": "114648", "Level": "5", "UserID": "S-1-5-18", "EventData.DeploymentOperation": "4", "EventData.MainPackageMoniker": "Microsoft.YourPhone_1.25061.51.0_neutral_~_8wekyb3d8bbwe", "EventData.ResiliencyFilePath": "C:\\ProgramData\\Microsoft\\Windows\\AppRepository\\3c852b65-b831-4cbe-afd9-9887e40d78f7_S-1-5-18_1.rslc"}
{"EventID": "607", "Channel": "Microsoft-Windows-AppXDeploymentServer/Operational", "Provider_Name": "Microsoft-Windows-AppXDeployment-Server", "Computer": "DESKTOP-OFJ6N53", "TimeCreated": "2025-07-27 10:50:50.288525+00:00", "RecordID": "114649", "Level": "4", "UserID": "S-1-5-18", "EventData.DeploymentOperation": "4", "EventData.PackageFullName": "Microsoft.YourPhone_1.25061.51.0_neutral_~_8wekyb3d8bbwe", "EventData.UserSid": "S-1-5-18", "EventData.CallingProcess": "svchost.exe,wuauserv"}
