{"EventID": "3089", "Channel": "Microsoft-Windows-CodeIntegrity/Operational", "Provider_Name": "Microsoft-Windows-CodeIntegrity", "Computer": "DESKTOP-OFJ6N53", "TimeCreated": "2025-03-07 15:06:25.421349+00:00", "RecordID": "63273", "Level": "4", "UserID": "S-1-5-18", "EventData.TotalSignatureCount": "2", "EventData.Signature": "1", "EventData.CacheState": "3", "EventData.Hash Size": "32", "EventData.Hash": "+VQqmg4+JURuoXTJkXg2EwV3ZGTCIxh8VFnWiXiaacU=", "EventData.PageHash": "False", "EventData.SignatureType": "1", "EventData.ValidatedSigningLevel": "1", "EventData.VerificationError": "7", "EventData.Flags": "0", "EventData.PolicyBits": "16", "EventData.NotValidBefore": "2018-01-22 00:00:00+00:00", "EventData.NotValidAfter": "2021-03-05 12:00:00+00:00", "EventData.PublisherNameLength": "14", "EventData.PublisherName": "LLC Crypto-Pro", "EventData.IssuerNameLength": "34", "EventData.IssuerName": "DigiCert EV Code Signing CA (SHA2)", "EventData.PublisherTBSHashSize": "32", "EventData.PublisherTBSHash": "bSSn12wcu4g4gSlvMwWiHV9M9wWp9OQ2cIVVIyXQhpQ=", "EventData.IssuerTBSHashSize": "32", "EventData.IssuerTBSHash": "7sWBMdwRzX9RJQGxX9vGB0xgO2jKkfcWLVoEIFTtsM8="}
{"EventID": "3033", "Channel": "Microsoft-Windows-CodeIntegrity/Operational", "Provider_Name": "Microsoft-Windows-CodeIntegrity", "Computer": "DESKTOP-OFJ6N53", "TimeCreated": "2025-03-07 15:06:26.520292+00:00", "RecordID": "63274", "Level": "2", "UserID": "S-1-5-18", "EventData.FileNameLength": "84", "EventData.FileNameBuffer": "\\Device\\HarddiskVolume3\\Program Files\\Common Files\\Crypto Pro\\AppCompat\\cpenroll.dll", "EventData.ProcessNameLength": "59", "EventData.ProcessNameBuffer": "\\Device\\HarddiskVolume3\\Windows\\System32\\WaaSMedicAgent.exe", "EventData.RequestedPolicy": "8", "EventData.ValidatedPolicy": "1", "EventData.Status": "3221226536"}
{"EventID": "3089", "Channel": "Microsoft-Windows-CodeIntegrity/Operational", "Provider_Name": "Microsoft-Windows-CodeIntegrity", "Computer": "DESKTOP-OFJ6N53", "TimeCreated": "2025-03-07 15:06:26.520296+00:00", "RecordID": "63275", "Level": "4", "UserID": "S-1-5-18", "EventData.TotalSignatureCount": "2", "EventData.Signature": "0", "EventData.CacheState": "3", "EventData.Hash Size": "20", "EventData.Hash": "kqo+QtccUwxm7DUK88wYYuftlJ4=", "EventData.PageHash": "False", "EventData.SignatureType": "1", "EventData.ValidatedSigningLevel": "1", "EventData.VerificationError": "7", "EventData.Flags": "0", "EventData.PolicyBits": "16", "EventData.NotValidBefore": "2019-03-28 00:00:00+00:00", "EventData.NotValidAfter": "2021-03-05 12:00:00+00:00", "EventData.PublisherNameLength": "14", "EventData.PublisherName": "LLC Crypto-Pro", "EventData.IssuerNameLength": "27", "EventData.IssuerName": "DigiCert EV Code Signing CA", "EventData.PublisherTBSHashSize": "20", "EventData.PublisherTBSHash": "ryzeyGzx0kbOBQrxo9TZ057FBVo=", "EventData.IssuerTBSHashSize": "20", "EventData.IssuerTBSHash": "LVTBao+LaczepI0GA8Ey9Uelz3U="}
{"EventID": "3089", "Channel": "Microsoft-Windows-CodeIntegrity/Operational", "Provider_Name": "Microsoft-Windows-CodeIntegrity", "Computer": "DESKTOP-OFJ6N53", "TimeCreated": "2025-03-07 15:06:26.520296+00:00", "RecordID": "63276", "Level": "4", "UserID": "S-1-5-18", "EventData.TotalSignatureCount": "2", "EventData.Signature": "1", "EventData.CacheState": "3", "EventData.Hash Size": "32", "EventData.Hash": "d1n0EyYN0y8Ro5vTg9RupZMFKwxmN+yKpQNBMAGkuUM=", "EventData.PageHash": "False", "EventData.SignatureType": "1", "EventData.ValidatedSigningLevel": "1", "EventData.VerificationError": "7", "EventData.Flags": "0", "EventData.PolicyBits": "16", "EventData.NotValidBefore": "2018-01-22 00:00:00+00:00", "EventData.NotValidAfter": "2021-03-05 12:00:00+00:00", "EventData.PublisherNameLength": "14", "EventData.PublisherName": "LLC Crypto-Pro", "EventData.IssuerNameLength": "34", "EventData.IssuerName": "DigiCert EV Code Signing CA (SHA2)", "EventData.PublisherTBSHashSize": "32", "EventData.PublisherTBSHash": "bSSn12wcu4g4gSlvMwWiHV9M9wWp9OQ2cIVVIyXQhpQ=", "EventData.IssuerTBSHashSize": "32", "EventData.IssuerTBSHash": "7sWBMdwRzX9RJQGxX9vGB0xgO2jKkfcWLVoEIFTtsM8="}
{"EventID": "3033", "Channel": "Microsoft-Windows-CodeIntegrity/Operational", "Provider_Name": "Microsoft-Windows-CodeIntegrity", "Computer": "DESKTOP-OFJ6N53", "TimeCreated": "2025-03-07 15:06:27.798534+00:00", "RecordID": "63277", "Level": "2", "UserID": "S-1-5-18", "EventData.FileNameLength": "83", "EventData.FileNameBuffer": "\\Device\\HarddiskVolume3\\Program Files\\Common Files\\Crypto Pro\\AppCompat\\cpschan.dll", "EventData.ProcessNameLength": "59", "EventData.ProcessNameBuffer": "\\Device\\HarddiskVolume3\\Windows\\System32\\WaaSMedicAgent.exe", "EventData.RequestedPolicy": "8", "EventData.ValidatedPolicy": "1", "EventData.Status": "3221226536"}
{"EventID": "3089", "Channel": "Microsoft-Windows-CodeIntegrity/Operational", "Provider_Name": "Microsoft-Windows-CodeIntegrity", "Computer": "DESKTOP-OFJ6N53", "TimeCreated": "2025-03-07 15:06:27.798538+00:00", "RecordID": "63278", "Level": "4", "UserID": "S-1-5-18", "EventData.TotalSignatureCount": "2", "EventData.Signature": "0", "EventData.CacheState": "3", "EventData.Hash Size": "20", "EventData.Hash": "l1f2Z7RpWR+pJitE4hQ973W+hnk=", "EventData.PageHash": "False", "EventData.SignatureType": "1", "EventData.ValidatedSigningLevel": "1", "EventData.VerificationError": "7", "EventData.Flags": "0", "EventData.PolicyBits": "16", "EventData.NotValidBefore": "2019-03-28 00:00:00+00:00", "EventData.NotValidAfter": "2021-03-05 12:00:00+00:00", "EventData.PublisherNameLength": "14", "EventData.PublisherName": "LLC Crypto-Pro", "EventData.IssuerNameLength": "27", "EventData.IssuerName": "DigiCert EV Code Signing CA", "EventData.PublisherTBSHashSize": "20", "EventData.PublisherTBSHash": "ryzeyGzx0kbOBQrxo9TZ057FBVo=", "EventData.IssuerTBSHashSize": "20", "EventData.IssuerTBSHash": "LVTBao+LaczepI0GA8Ey9Uelz3U="}
{"EventID": "3089", "Channel": "Microsoft-Windows-CodeIntegrity/Operational", "Provider_Name": "Microsoft-Windows-CodeIntegrity", "Computer": "DESKTOP-OFJ6N53", "TimeCreated": "2025-03-07 15:06:27.798542+00:00", "RecordID": "63279", "Level": "4", "UserID": "S-1-5-18", "EventData.TotalSignatureCount": "2", "EventData.Signature": "1", "EventData.CacheState": "3", "EventData.Hash Size": "32", "EventData.Hash": "FUxfeJ9EHQ/L9HRTwYe4jj0GGfPKnuMOOJ8O/UZnUpU=", "EventData.PageHash": "False", "EventData.SignatureType": "1", "EventData.ValidatedSigningLevel": "1", "EventData.VerificationError": "7", "EventData.Flags": "0", "EventData.PolicyBits": "16", "EventData.NotValidBefore": "2018-01-22 00:00:00+00:00", "EventData.NotValidAfter": "2021-03-05 12:00:00+00:00", "EventData.PublisherNameLength": "14", "EventData.PublisherName": "LLC Crypto-Pro", "EventData.IssuerNameLength": "34", "EventData.IssuerName": "DigiCert EV Code Signing CA (SHA2)", "EventData.PublisherTBSHashSize": "32", "EventData.PublisherTBSHash": "bSSn12wcu4g4gSlvMwWiHV9M9wWp9OQ2cIVVIyXQhpQ=", "EventData.IssuerTBSHashSize": "32", "EventData.IssuerTBSHash": "7sWBMdwRzX9RJQGxX9vGB0xgO2jKkfcWLVoEIFTtsM8="}
{"EventID": "3033", "Channel": "Microsoft-Windows-CodeIntegrity/Operational", "Provider_Name": "Microsoft-Windows-CodeIntegrity", "Computer": "DESKTOP-OFJ6N53", "TimeCreated": "2025-03-07 15:06:32.572227+00:00", "RecordID": "63280", "Level": "2", "UserID": "S-1-5-19", "EventData.FileNameLength": "98", "EventData.FileNameBuffer": "\\Device\\HarddiskVolume3\\Program Files (x86)\\CheckPoint\\Endpoint Security\\EFR\\CP_AmsiProvider64.dll", "EventData.ProcessNameLength": "52", "EventData.ProcessNameBuffer": "\\Device\\HarddiskVolume3\\Windows\\System32\\svchost.exe", "EventData.RequestedPolicy": "12", "EventData.ValidatedPolicy": "1", "EventData.Status": "3221226536"}
{"EventID": "3089", "Channel": "Microsoft-Windows-CodeIntegrity/Operational", "Provider_Name": "Microsoft-Windows-CodeIntegrity", "Computer": "DESKTOP-OFJ6N53", "TimeCreated": "2025-03-07 15:06:32.572231+00:00", "RecordID": "63281", "Level": "4", "UserID": "S-1-5-19", "EventData.TotalSignatureCount": "1", "EventData.Signature": "0", "EventData.CacheState": "3", "EventData.Hash Size": "32", "EventData.Hash": "qps+fWu+CD7Q37Kz8DjLhW8i/1DEbIglp+VDSfhr9Ek=", "EventData.PageHash": "False", "EventData.SignatureType": "1", "EventData.ValidatedSigningLevel": "1", "EventData.VerificationError": "7", "EventData.Flags": "0", "EventData.PolicyBits": "16", "EventData.NotValidBefore": "2021-11-25 00:00:00+00:00", "EventData.NotValidAfter": "2024-11-26 23:59:59+00:00", "EventData.PublisherNameLength": "38", "EventData.PublisherName": "Check Point Software Technologies Ltd.", "EventData.IssuerNameLength": "56", "EventData.IssuerName": "DigiCert Trusted G4 Code Signing RSA4096 SHA384 2021 CA1", "EventData.PublisherTBSHashSize": "32", "EventData.PublisherTBSHash": "aeokk3X8u2s48cIvxo9aqgxd7+LpYGKnClb/S0kxF78=", "EventData.IssuerTBSHashSize": "48", "EventData.IssuerTBSHash": "ZbHUB2qJric/V+bu7eyz6uEptBaPdvp2cZFM30YdVCJVxZ2bhbkWrgym/A/Peo5k"}
{"EventID": "3033", "Channel": "Microsoft-Windows-CodeIntegrity/Operational", "Provider_Name": "Microsoft-Windows-CodeIntegrity", "Computer": "DESKTOP-OFJ6N53", "TimeCreated": "2025-03-07 15:15:44.705866+00:00", "RecordID": "63282", "Level": "2", "UserID": "S-1-5-18", "EventData.FileNameLength": "83", "EventData.FileNameBuffer": "\\Device\\HarddiskVolume3\\Program Files\\Common Files\\Crypto Pro\\AppCompat\\cpadvai.dll", "EventData.ProcessNameLength": "100", "EventData.ProcessNameBuffer": "\\Device\\HarddiskVolume3\\ProgramData\\Microsoft\\Windows Defender\\Platform\\4.18.25010.11-0\\MpCmdRun.exe", "EventData.RequestedPolicy": "8", "EventData.ValidatedPolicy": "1", "EventData.Status": "3221226536"}
{"EventID": "3089", "Channel": "Microsoft-Windows-CodeIntegrity/Operational", "Provider_Name": "Microsoft-Windows-CodeIntegrity", "Computer": "DESKTOP-OFJ6N53", "TimeCreated": "2025-03-07 15:15:44.705873+00:00", "RecordID": "63283", "Level": "4", "UserID": "S-1-5-18", "EventData.TotalSignatureCount": "2", "EventData.Signature": "0", "EventData.CacheState": "3", "EventData.Hash Size": "20", "EventData.Hash": "hgAWI9gi3ImMeQu2upEKuQTDX0o=", "EventData.PageHash": "False", "EventData.SignatureType": "1", "EventData.ValidatedSigningLevel": "1", "EventData.VerificationError": "7", "EventData.Flags": "0", "EventData.PolicyBits": "16", "EventData.NotValidBefore": "2019-03-28 00:00:00+00:00", "EventData.NotValidAfter": "2021-03-05 12:00:00+00:00", "EventData.PublisherNameLength": "14", "EventData.PublisherName": "LLC Crypto-Pro", "EventData.IssuerNameLength": "27", "EventData.IssuerName": "DigiCert EV Code Signing CA", "EventData.PublisherTBSHashSize": "20", "EventData.PublisherTBSHash": "ryzeyGzx0kbOBQrxo9TZ057FBVo=", "EventData.IssuerTBSHashSize": "20", "EventData.IssuerTBSHash": "LVTBao+LaczepI0GA8Ey9Uelz3U="}
{"EventID": "3089", "Channel": "Microsoft-Windows-CodeIntegrity/Operational", "Provider_Name": "Microsoft-Windows-CodeIntegrity", "Computer": "DESKTOP-OFJ6N53", "TimeCreated": "2025-03-07 15:15:44.705875+00:00", "RecordID": "63284", "Level": "4", "UserID": "S-1-5-18", "EventData.TotalSignatureCount": "2", "EventData.Signature": "1", "EventData.CacheState": "3", "EventData.Hash Size": "32", "EventData.Hash": "3CrSgSHYC5hzviemulsR+C5pSAYz78FnSZp2ZjbrqIQ=", "EventData.PageHash": "False", "EventData.SignatureType": "1", "EventData.ValidatedSigningLevel": "1", "EventData.VerificationError": "7", "EventData.Flags": "0", "EventData.PolicyBits": "16", "EventData.NotValidBefore": "2018-01-22 00:00:00+00:00", "EventData.NotValidAfter": "2021-03-05 12:00:00+00:00", "EventData.PublisherNameLength": "14", "EventData.PublisherName": "LLC Crypto-Pro", "EventData.IssuerNameLength": "34", "EventData.IssuerName": "DigiCert EV Code Signing CA (SHA2)", "EventData.PublisherTBSHashSize": "32", "EventData.PublisherTBSHash": "bSSn12wcu4g4gSlvMwWiHV9M9wWp9OQ2cIVVIyXQhpQ=", "EventData.IssuerTBSHashSize": "32", "EventData.IssuerTBSHash": "7sWBMdwRzX9RJQGxX9vGB0xgO2jKkfcWLVoEIFTtsM8="}
{"EventID": "3033", "Channel": "Microsoft-Windows-CodeIntegrity/Operational", "Provider_Name": "Microsoft-Windows-CodeIntegrity", "Computer": "DESKTOP-OFJ6N53", "TimeCreated": "2025-03-08 15:15:39.479469+00:00", "RecordID": "63285", "Level": "2", "UserID": "S-1-5-18", "EventData.FileNameLength": "83", "EventData.FileNameBuffer": "\\Device\\HarddiskVolume3\\Program Files\\Common Files\\Crypto Pro\\AppCompat\\cpadvai.dll", "EventData.ProcessNameLength": "100", "EventData.ProcessNameBuffer": "\\Device\\HarddiskVolume3\\ProgramData\\Microsoft\\Windows Defender\\Platform\\4.18.25010.11-0\\MpCmdRun.exe", "EventData.RequestedPolicy": "8", "EventData.ValidatedPolicy": "1", "EventData.Status": "3221226536"}
{"EventID": "3089", "Channel": "Microsoft-Windows-CodeIntegrity/Operational", "Provider_Name": "Microsoft-Windows-CodeIntegrity", "Computer": "DESKTOP-OFJ6N53", "TimeCreated": "2025-03-08 15:15:39.479471+00:00", "RecordID": "63286", "Level": "4", "UserID": "S-1-5-18", "EventData.TotalSignatureCount": "2", "EventData.Signature": "0", "EventData.CacheState": "3", "EventData.Hash Size": "20", "EventData.Hash": "hgAWI9gi3ImMeQu2upEKuQTDX0o=", "EventData.PageHash": "False", "EventData.SignatureType": "1", "EventData.ValidatedSigningLevel": "1", "EventData.VerificationError": "7", "EventData.Flags": "0", "EventData.PolicyBits": "16", "EventData.NotValidBefore": "2019-03-28 00:00:00+00:00", "EventData.NotValidAfter": "2021-03-05 12:00:00+00:00", "EventData.PublisherNameLength": "14", "EventData.PublisherName": "LLC Crypto-Pro", "EventData.IssuerNameLength": "27", "EventData.IssuerName": "DigiCert EV Code Signing CA", "EventData.PublisherTBSHashSize": "20", "EventData.PublisherTBSHash": "ryzeyGzx0kbOBQrxo9TZ057FBVo=", "EventData.IssuerTBSHashSize": "20", "EventData.IssuerTBSHash": "LVTBao+LaczepI0GA8Ey9Uelz3U="}
{"EventID": "3089", "Channel": "Microsoft-Windows-CodeIntegrity/Operational", "Provider_Name": "Microsoft-Windows-CodeIntegrity", "Computer": "DESKTOP-OFJ6N53", "TimeCreated": "2025-03-08 15:15:39.479475+00:00", "RecordID": "63287", "Level": "4", "UserID": "S-1-5-18", "EventData.TotalSignatureCount": "2", "EventData.Signature": "1", "EventData.CacheState": "3", "EventData.Hash Size": "32", "EventData.Hash": "3CrSgSHYC5hzviemulsR+C5pSAYz78FnSZp2ZjbrqIQ=", "EventData.PageHash": "False", "EventData.SignatureType": "1", "EventData.ValidatedSigningLevel": "1", "EventData.VerificationError": "7", "EventData.Flags": "0", "EventData.PolicyBits": "16", "EventData.NotValidBefore": "2018-01-22 00:00:00+00:00", "EventData.NotValidAfter": "2021-03-05 12:00:00+00:00", "EventData.PublisherNameLength": "14", "EventData.PublisherName": "LLC Crypto-Pro", "EventData.IssuerNameLength": "34", "EventData.IssuerName": "DigiCert EV Code Signing CA (SHA2)", "EventData.PublisherTBSHashSize": "32", "EventData.PublisherTBSHash": "bSSn12wcu4g4gSlvMwWiHV9M9wWp9OQ2cIVVIyXQhpQ=", "EventData.IssuerTBSHashSize": "32", "EventData.IssuerTBSHash": "7sWBMdwRzX9RJQGxX9vGB0xgO2jKkfcWLVoEIFTtsM8="}
{"EventID": "3033", "Channel": "Microsoft-Windows-CodeIntegrity/Operational", "Provider_Name": "Microsoft-Windows-CodeIntegrity", "Computer": "DESKTOP-OFJ6N53", "TimeCreated": "2025-03-09 00:53:01.570995+00:00", "RecordID": "63288", "Level": "2", "UserID": "S-1-5-18", "EventData.FileNameLength": "83", "EventData.FileNameBuffer": "\\Device\\HarddiskVolume3\\Program Files\\Common Files\\Crypto Pro\\AppCompat\\cpadvai.dll", "EventData.ProcessNameLength": "59", "EventData.ProcessNameBuffer": "\\Device\\HarddiskVolume3\\Windows\\System32\\WaaSMedicAgent.exe", "EventData.RequestedPolicy": "8", "EventData.ValidatedPolicy": "1", "EventData.Status": "3221226536"}
{"EventID": "3089", "Channel": "Microsoft-Windows-CodeIntegrity/Operational", "Provider_Name": "Microsoft-Windows-CodeIntegrity", "Computer": "DESKTOP-OFJ6N53", "TimeCreated": "2025-03-09 00:53:01.571001+00:00", "RecordID": "63289", "Level": "4", "UserID": "S-1-5-18", "EventData.TotalSignatureCount": "2", "EventData.Signature": "0", "EventData.CacheState": "3", "EventData.Hash Size": "20", "EventData.Hash": "hgAWI9gi3ImMeQu2upEKuQTDX0o=", "EventData.PageHash": "False", "EventData.SignatureType": "1", "EventData.ValidatedSigningLevel": "1", "EventData.VerificationError": "7", "EventData.Flags": "0", "EventData.PolicyBits": "16", "EventData.NotValidBefore": "2019-03-28 00:00:00+00:00", "EventData.NotValidAfter": "2021-03-05 12:00:00+00:00", "EventData.PublisherNameLength": "14", "EventData.PublisherName": "LLC Crypto-Pro", "EventData.IssuerNameLength": "27", "EventData.IssuerName": "DigiCert EV Code Signing CA", "EventData.PublisherTBSHashSize": "20", "EventData.PublisherTBSHash": "ryzeyGzx0kbOBQrxo9TZ057FBVo=", "EventData.IssuerTBSHashSize": "20", "EventData.IssuerTBSHash": "LVTBao+LaczepI0GA8Ey9Uelz3U="}
{"EventID": "3089", "Channel": "Microsoft-Windows-CodeIntegrity/Operational", "Provider_Name": "Microsoft-Windows-CodeIntegrity", "Computer": "DESKTOP-OFJ6N53", "TimeCreated": "2025-03-09 00:53:01.571005+00:00", "RecordID": "63290", "Level": "4", "UserID": "S-1-5-18", "EventData.TotalSignatureCount": "2", "EventData.Signature": "1", "EventData.CacheState": "3", "EventData.Hash Size": "32", "EventData.Hash": "3CrSgSHYC5hzviemulsR+C5pSAYz78FnSZp2ZjbrqIQ=", "EventData.PageHash": "False", "EventData.SignatureType": "1", "EventData.ValidatedSigningLevel": "1", "EventData.VerificationError": "7", "EventData.Flags": "0", "EventData.PolicyBits": "16", "EventData.NotValidBefore": "2018-01-22 00:00:00+00:00", "EventData.NotValidAfter": "2021-03-05 12:00:00+00:00", "EventData.PublisherNameLength": "14", "EventData.PublisherName": "LLC Crypto-Pro", "EventData.IssuerNameLength": "34", "EventData.IssuerName": "DigiCert EV Code Signing CA (SHA2)", "EventData.PublisherTBSHashSize": "32", "EventData.PublisherTBSHash": "bSSn12wcu4g4gSlvMwWiHV9M9wWp9OQ2cIVVIyXQhpQ=", "EventData.IssuerTBSHashSize": "32", "EventData.IssuerTBSHash": "7sWBMdwRzX9RJQGxX9vGB0xgO2jKkfcWLVoEIFTtsM8="}
{"EventID": "3033", "Channel": "Microsoft-Windows-CodeIntegrity/Operational", "Provider_Name": "Microsoft-Windows-CodeIntegrity", "Computer": "DESKTOP-OFJ6N53", "TimeCreated": "2025-03-09 00:53:08.648062+00:00", "RecordID": "63291", "Level": "2", "UserID": "S-1-5-18", "EventData.FileNameLength": "83", "EventData.FileNameBuffer": "\\Device\\HarddiskVolume3\\Program Files\\Common Files\\Crypto Pro\\AppCompat\\cpadvai.dll", "EventData.ProcessNameLength": "59", "EventData.ProcessNameBuffer": "\\Device\\HarddiskVolume3\\Windows\\System32\\WaaSMedicAgent.exe", "EventData.RequestedPolicy": "8", "EventData.ValidatedPolicy": "1", "EventData.Status": "3221226536"}
{"EventID": "3089", "Channel": "Microsoft-Windows-CodeIntegrity/Operational", "Provider_Name": "Microsoft-Windows-CodeIntegrity", "Computer": "DESKTOP-OFJ6N53", "TimeCreated": "2025-03-09 00:53:08.648066+00:00", "RecordID": "63292", "Level": "4", "UserID": "S-1-5-18", "EventData.TotalSignatureCount": "2", "EventData.Signature": "0", "EventData.CacheState": "3", "EventData.Hash Size": "20", "EventData.Hash": "hgAWI9gi3ImMeQu2upEKuQTDX0o=", "EventData.PageHash": "False", "EventData.SignatureType": "1", "EventData.ValidatedSigningLevel": "1", "EventData.VerificationError": "7", "EventData.Flags": "0", "EventData.PolicyBits": "16", "EventData.NotValidBefore": "2019-03-28 00:00:00+00:00", "EventData.NotValidAfter": "2021-03-05 12:00:00+00:00", "EventData.PublisherNameLength": "14", "EventData.PublisherName": "LLC Crypto-Pro", "EventData.IssuerNameLength": "27", "EventData.IssuerName": "DigiCert EV Code Signing CA", "EventData.PublisherTBSHashSize": "20", "EventData.PublisherTBSHash": "ryzeyGzx0kbOBQrxo9TZ057FBVo=", "EventData.IssuerTBSHashSize": "20", "EventData.IssuerTBSHash": "LVTBao+LaczepI0GA8Ey9Uelz3U="}
{"EventID": "3089", "Channel": "Microsoft-Windows-CodeIntegrity/Operational", "Provider_Name": "Microsoft-Windows-CodeIntegrity", "Computer": "DESKTOP-OFJ6N53", "TimeCreated": "2025-03-09 00:53:08.648067+00:00", "RecordID": "63293", "Level": "4", "UserID": "S-1-5-18", "EventData.TotalSignatureCount": "2", "EventData.Signature": "1", "EventData.CacheState": "3", "EventData.Hash Size": "32", "EventData.Hash": "3CrSgSHYC5hzviemulsR+C5pSAYz78FnSZp2ZjbrqIQ=", "EventData.PageHash": "False", "EventData.SignatureType": "1", "EventData.ValidatedSigningLevel": "1", "EventData.VerificationError": "7", "EventData.Flags": "0", "EventData.PolicyBits": "16", "EventData.NotValidBefore": "2018-01-22 00:00:00+00:00", "EventData.NotValidAfter": "2021-03-05 12:00:00+00:00", "EventData.PublisherNameLength": "14", "EventData.PublisherName": "LLC Crypto-Pro", "EventData.IssuerNameLength": "34", "EventData.IssuerName": "DigiCert EV Code Signing CA (SHA2)", "EventData.PublisherTBSHashSize": "32", "EventData.PublisherTBSHash": "bSSn12wcu4g4gSlvMwWiHV9M9wWp9OQ2cIVVIyXQhpQ=", "EventData.IssuerTBSHashSize": "32", "EventData.IssuerTBSHash": "7sWBMdwRzX9RJQGxX9vGB0xgO2jKkfcWLVoEIFTtsM8="}
{"EventID": "3033", "Channel": "Microsoft-Windows-CodeIntegrity/Operational", "Provider_Name": "Microsoft-Windows-CodeIntegrity", "Computer": "DESKTOP-OFJ6N53", "TimeCreated": "2025-03-09 00:53:08.793608+00:00", "RecordID": "63294", "Level": "2", "UserID": "S-1-5-18", "EventData.FileNameLength": "83", "EventData.FileNameBuffer": "\\Device\\HarddiskVolume3\\Program Files\\Common Files\\Crypto Pro\\AppCompat\\cpwinet.dll", "EventData.ProcessNameLength": "59", "EventData.ProcessNameBuffer": "\\Device\\HarddiskVolume3\\Windows\\System32\\WaaSMedicAgent.exe", "EventData.RequestedPolicy": "8", "EventData.ValidatedPolicy": "1", "EventData.Status": "3221226536"}
{"EventID": "3089", "Channel": "Microsoft-Windows-CodeIntegrity/Operational", "Provider_Name": "Microsoft-Windows-CodeIntegrity", "Computer": "DESKTOP-OFJ6N53", "TimeCreated": "2025-03-09 00:53:08.793612+00:00", "RecordID": "63295", "Level": "4", "UserID": "S-1-5-18", "EventData.TotalSignatureCount": "2", "EventData.Signature": "0", "EventData.CacheState": "3", "EventData.Hash Size": "20", "EventData.Hash": "XFv3vMTcjW9LFqOKSFW8lLu+BQQ=", "EventData.PageHash": "False", "EventData.SignatureType": "1", "EventData.ValidatedSigningLevel": "1", "EventData.VerificationError": "7", "EventData.Flags": "0", "EventData.PolicyBits": "16", "EventData.NotValidBefore": "2019-03-28 00:00:00+00:00", "EventData.NotValidAfter": "2021-03-05 12:00:00+00:00", "EventData.PublisherNameLength": "14", "EventData.PublisherName": "LLC Crypto-Pro", "EventData.IssuerNameLength": "27", "EventData.IssuerName": "DigiCert EV Code Signing CA", "EventData.PublisherTBSHashSize": "20", "EventData.PublisherTBSHash": "ryzeyGzx0kbOBQrxo9TZ057FBVo=", "EventData.IssuerTBSHashSize": "20", "EventData.IssuerTBSHash": "LVTBao+LaczepI0GA8Ey9Uelz3U="}
{"EventID": "3089", "Channel": "Microsoft-Windows-CodeIntegrity/Operational", "Provider_Name": "Microsoft-Windows-CodeIntegrity", "Computer": "DESKTOP-OFJ6N53", "TimeCreated": "2025-03-09 00:53:08.793612+00:00", "RecordID": "63296", "Level": "4", "UserID": "S-1-5-18", "EventData.TotalSignatureCount": "2", "EventData.Signature": "1", "EventData.CacheState": "3", "EventData.Hash Size": "32", "EventData.Hash": "Mo+527rGoab33N+94sHmil3kSkkUdYwIPSDrPV3CilI=", "EventData.PageHash": "False", "EventData.SignatureType": "1", "EventData.ValidatedSigningLevel": "1", "EventData.VerificationError": "7", "EventData.Flags": "0", "EventData.PolicyBits": "16", "EventData.NotValidBefore": "2018-01-22 00:00:00+00:00", "EventData.NotValidAfter": "2021-03-05 12:00:00+00:00", "EventData.PublisherNameLength": "14", "EventData.PublisherName": "LLC Crypto-Pro", "EventData.IssuerNameLength": "34", "EventData.IssuerName": "DigiCert EV Code Signing CA (SHA2)", "EventData.PublisherTBSHashSize": "32", "EventData.PublisherTBSHash": "bSSn12wcu4g4gSlvMwWiHV9M9wWp9OQ2cIVVIyXQhpQ=", "EventData.IssuerTBSHashSize": "32", "EventData.IssuerTBSHash": "7sWBMdwRzX9RJQGxX9vGB0xgO2jKkfcWLVoEIFTtsM8="}
{"EventID": "3033", "Channel": "Microsoft-Windows-CodeIntegrity/Operational", "Provider_Name": "Microsoft-Windows-CodeIntegrity", "Computer": "DESKTOP-OFJ6N53", "TimeCreated": "2025-03-09 00:53:08.896122+00:00", "RecordID": "63297", "Level": "2", "UserID": "S-1-5-18", "EventData.FileNameLength": "81", "EventData.FileNameBuffer": "\\Device\\HarddiskVolume3\\Program Files\\Common Files\\Crypto Pro\\AppCompat\\cpmsi.dll", "EventData.ProcessNameLength": "59", "EventData.ProcessNameBuffer": "\\Device\\HarddiskVolume3\\Windows\\System32\\WaaSMedicAgent.exe", "EventData.RequestedPolicy": "8", "EventData.ValidatedPolicy": "1", "EventData.Status": "3221226536"}
{"EventID": "3089", "Channel": "Microsoft-Windows-CodeIntegrity/Operational", "Provider_Name": "Microsoft-Windows-CodeIntegrity", "Computer": "DESKTOP-OFJ6N53", "TimeCreated": "2025-03-09 00:53:08.896126+00:00", "RecordID": "63298", "Level": "4", "UserID": "S-1-5-18", "EventData.TotalSignatureCount": "2", "EventData.Signature": "0", "EventData.CacheState": "3", "EventData.Hash Size": "20", "EventData.Hash": "moa1ihcx/TYr6c2jEFWgQzxZ1LM=", "EventData.PageHash": "False", "EventData.SignatureType": "1", "EventData.ValidatedSigningLevel": "1", "EventData.VerificationError": "7", "EventData.Flags": "0", "EventData.PolicyBits": "16", "EventData.NotValidBefore": "2019-03-28 00:00:00+00:00", "EventData.NotValidAfter": "2021-03-05 12:00:00+00:00", "EventData.PublisherNameLength": "14", "EventData.PublisherName": "LLC Crypto-Pro", "EventData.IssuerNameLength": "27", "EventData.IssuerName": "DigiCert EV Code Signing CA", "EventData.PublisherTBSHashSize": "20", "EventData.PublisherTBSHash": "ryzeyGzx0kbOBQrxo9TZ057FBVo=", "EventData.IssuerTBSHashSize": "20", "EventData.IssuerTBSHash": "LVTBao+LaczepI0GA8Ey9Uelz3U="}
{"EventID": "3089", "Channel": "Microsoft-Windows-CodeIntegrity/Operational", "Provider_Name": "Microsoft-Windows-CodeIntegrity", "Computer": "DESKTOP-OFJ6N53", "TimeCreated": "2025-03-09 00:53:08.896128+00:00", "RecordID": "63299", "Level": "4", "UserID": "S-1-5-18", "EventData.TotalSignatureCount": "2", "EventData.Signature": "1", "EventData.CacheState": "3", "EventData.Hash Size": "32", "EventData.Hash": "+VQqmg4+JURuoXTJkXg2EwV3ZGTCIxh8VFnWiXiaacU=", "EventData.PageHash": "False", "EventData.SignatureType": "1", "EventData.ValidatedSigningLevel": "1", "EventData.VerificationError": "7", "EventData.Flags": "0", "EventData.PolicyBits": "16", "EventData.NotValidBefore": "2018-01-22 00:00:00+00:00", "EventData.NotValidAfter": "2021-03-05 12:00:00+00:00", "EventData.PublisherNameLength": "14", "EventData.PublisherName": "LLC Crypto-Pro", "EventData.IssuerNameLength": "34", "EventData.IssuerName": "DigiCert EV Code Signing CA (SHA2)", "EventData.PublisherTBSHashSize": "32", "EventData.PublisherTBSHash": "bSSn12wcu4g4gSlvMwWiHV9M9wWp9OQ2cIVVIyXQhpQ=", "EventData.IssuerTBSHashSize": "32", "EventData.IssuerTBSHash": "7sWBMdwRzX9RJQGxX9vGB0xgO2jKkfcWLVoEIFTtsM8="}
{"EventID": "3033", "Channel": "Microsoft-Windows-CodeIntegrity/Operational", "Provider_Name": "Microsoft-Windows-CodeIntegrity", "Computer": "DESKTOP-OFJ6N53", "TimeCreated": "2025-03-09 00:53:09.104156+00:00", "RecordID": "63300", "Level": "2", "UserID": "S-1-5-18", "EventData.FileNameLength": "84", "EventData.FileNameBuffer": "\\Device\\HarddiskVolume3\\Program Files\\Common Files\\Crypto Pro\\AppCompat\\cpenroll.dll", "EventData.ProcessNameLength": "59", "EventData.ProcessNameBuffer": "\\Device\\HarddiskVolume3\\Windows\\System32\\WaaSMedicAgent.exe", "EventData.RequestedPolicy": "8", "EventData.ValidatedPolicy": "1", "EventData.Status": "3221226536"}
{"EventID": "3089", "Channel": "Microsoft-Windows-CodeIntegrity/Operational", "Provider_Name": "Microsoft-Windows-CodeIntegrity", "Computer": "DESKTOP-OFJ6N53", "TimeCreated": "2025-03-09 00:53:09.104160+00:00", "RecordID": "63301", "Level": "4", "UserID": "S-1-5-18", "EventData.TotalSignatureCount": "2", "EventData.Signature": "0", "EventData.CacheState": "3", "EventData.Hash Size": "20", "EventData.Hash": "kqo+QtccUwxm7DUK88wYYuftlJ4=", "EventData.PageHash": "False", "EventData.SignatureType": "1", "EventData.ValidatedSigningLevel": "1", "EventData.VerificationError": "7", "EventData.Flags": "0", "EventData.PolicyBits": "16", "EventData.NotValidBefore": "2019-03-28 00:00:00+00:00", "EventData.NotValidAfter": "2021-03-05 12:00:00+00:00", "EventData.PublisherNameLength": "14", "EventData.PublisherName": "LLC Crypto-Pro", "EventData.IssuerNameLength": "27", "EventData.IssuerName": "DigiCert EV Code Signing CA", "EventData.PublisherTBSHashSize": "20", "EventData.PublisherTBSHash": "ryzeyGzx0kbOBQrxo9TZ057FBVo=", "EventData.IssuerTBSHashSize": "20", "EventData.IssuerTBSHash": "LVTBao+LaczepI0GA8Ey9Uelz3U="}
{"EventID": "3089", "Channel": "Microsoft-Windows-CodeIntegrity/Operational", "Provider_Name": "Microsoft-Windows-CodeIntegrity", "Computer": "DESKTOP-OFJ6N53", "TimeCreated": "2025-03-09 00:53:09.104160+00:00", "RecordID": "63302", "Level": "4", "UserID": "S-1-5-18", "EventData.TotalSignatureCount": "2", "EventData.Signature": "1", "EventData.CacheState": "3", "EventData.Hash Size": "32", "EventData.Hash": "d1n0EyYN0y8Ro5vTg9RupZMFKwxmN+yKpQNBMAGkuUM=", "EventData.PageHash": "False", "EventData.SignatureType": "1", "EventData.ValidatedSigningLevel": "1", "EventData.VerificationError": "7", "EventData.Flags": "0", "EventData.PolicyBits": "16", "EventData.NotValidBefore": "2018-01-22 00:00:00+00:00", "EventData.NotValidAfter": "2021-03-05 12:00:00+00:00", "EventData.PublisherNameLength": "14", "EventData.PublisherName": "LLC Crypto-Pro", "EventData.IssuerNameLength": "34", "EventData.IssuerName": "DigiCert EV Code Signing CA (SHA2)", "EventData.PublisherTBSHashSize": "32", "EventData.PublisherTBSHash": "bSSn12wcu4g4gSlvMwWiHV9M9wWp9OQ2cIVVIyXQhpQ=", "EventData.IssuerTBSHashSize": "32", "EventData.IssuerTBSHash": "7sWBMdwRzX9RJQGxX9vGB0xgO2jKkfcWLVoEIFTtsM8="}
{"EventID": "3033", "Channel": "Microsoft-Windows-CodeIntegrity/Operational", "Provider_Name": "Microsoft-Windows-CodeIntegrity", "Computer": "DESKTOP-OFJ6N53", "TimeCreated": "2025-03-09 00:53:09.495665+00:00", "RecordID": "63303", "Level": "2", "UserID": "S-1-5-18", "EventData.FileNameLength": "83", "EventData.FileNameBuffer": "\\Device\\HarddiskVolume3\\Program Files\\Common Files\\Crypto Pro\\AppCompat\\cpschan.dll", "EventData.ProcessNameLength": "59", "EventData.ProcessNameBuffer": "\\Device\\HarddiskVolume3\\Windows\\System32\\WaaSMedicAgent.exe", "EventData.RequestedPolicy": "8", "EventData.ValidatedPolicy": "1", "EventData.Status": "3221226536"}
{"EventID": "3089", "Channel": "Microsoft-Windows-CodeIntegrity/Operational", "Provider_Name": "Microsoft-Windows-CodeIntegrity", "Computer": "DESKTOP-OFJ6N53", "TimeCreated": "2025-03-09 00:53:09.495670+00:00", "RecordID": "63304", "Level": "4", "UserID": "S-1-5-18", "EventData.TotalSignatureCount": "2", "EventData.Signature": "0", "EventData.CacheState": "3", "EventData.Hash Size": "20", "EventData.Hash": "l1f2Z7RpWR+pJitE4hQ973W+hnk=", "EventData.PageHash": "False", "EventData.SignatureType": "1", "EventData.ValidatedSigningLevel": "1", "EventData.VerificationError": "7", "EventData.Flags": "0", "EventData.PolicyBits": "16", "EventData.NotValidBefore": "2019-03-28 00:00:00+00:00", "EventData.NotValidAfter": "2021-03-05 12:00:00+00:00", "EventData.PublisherNameLength": "14", "EventData.PublisherName": "LLC Crypto-Pro", "EventData.IssuerNameLength": "27", "EventData.IssuerName": "DigiCert EV Code Signing CA", "EventData.PublisherTBSHashSize": "20", "EventData.PublisherTBSHash": "ryzeyGzx0kbOBQrxo9TZ057FBVo=", "EventData.IssuerTBSHashSize": "20", "EventData.IssuerTBSHash": "LVTBao+LaczepI0GA8Ey9Uelz3U="}
{"EventID": "3089", "Channel": "Microsoft-Windows-CodeIntegrity/Operational", "Provider_Name": "Microsoft-Windows-CodeIntegrity", "Computer": "DESKTOP-OFJ6N53", "TimeCreated": "2025-03-09 00:53:09.495672+00:00", "RecordID": "63305", "Level": "4", "UserID": "S-1-5-18", "EventData.TotalSignatureCount": "2", "EventData.Signature": "1", "EventData.CacheState": "3", "EventData.Hash Size": "32", "EventData.Hash": "FUxfeJ9EHQ/L9HRTwYe4jj0GGfPKnuMOOJ8O/UZnUpU=", "EventData.PageHash": "False", "EventData.SignatureType": "1", "EventData.ValidatedSigningLevel": "1", "EventData.VerificationError": "7", "EventData.Flags": "0", "EventData.PolicyBits": "16", "EventData.NotValidBefore": "2018-01-22 00:00:00+00:00", "EventData.NotValidAfter": "2021-03-05 12:00:00+00:00", "EventData.PublisherNameLength": "14", "EventData.PublisherName": "LLC Crypto-Pro", "EventData.IssuerNameLength": "34", "EventData.IssuerName": "DigiCert EV Code Signing CA (SHA2)", "EventData.PublisherTBSHashSize": "32", "EventData.PublisherTBSHash": "bSSn12wcu4g4gSlvMwWiHV9M9wWp9OQ2cIVVIyXQhpQ=", "EventData.IssuerTBSHashSize": "32", "EventData.IssuerTBSHash": "7sWBMdwRzX9RJQGxX9vGB0xgO2jKkfcWLVoEIFTtsM8="}
{"EventID": "3033", "Channel": "Microsoft-Windows-CodeIntegrity/Operational", "Provider_Name": "Microsoft-Windows-CodeIntegrity", "Computer": "DESKTOP-OFJ6N53", "TimeCreated": "2025-03-09 15:15:55.092331+00:00", "RecordID": "63306", "Level": "2", "UserID": "S-1-5-18", "EventData.FileNameLength": "83", "EventData.FileNameBuffer": "\\Device\\HarddiskVolume3\\Program Files\\Common Files\\Crypto Pro\\AppCompat\\cpadvai.dll", "EventData.ProcessNameLength": "100", "EventData.ProcessNameBuffer": "\\Device\\HarddiskVolume3\\ProgramData\\Microsoft\\Windows Defender\\Platform\\4.18.25010.11-0\\MpCmdRun.exe", "EventData.RequestedPolicy": "8", "EventData.ValidatedPolicy": "1", "EventData.Status": "3221226536"}
{"EventID": "3089", "Channel": "Microsoft-Windows-CodeIntegrity/Operational", "Provider_Name": "Microsoft-Windows-CodeIntegrity", "Computer": "DESKTOP-OFJ6N53", "TimeCreated": "2025-03-09 15:15:55.092333+00:00", "RecordID": "63307", "Level": "4", "UserID": "S-1-5-18", "EventData.TotalSignatureCount": "2", "EventData.Signature": "0", "EventData.CacheState": "3", "EventData.Hash Size": "20", "EventData.Hash": "hgAWI9gi3ImMeQu2upEKuQTDX0o=", "EventData.PageHash": "False", "EventData.SignatureType": "1", "EventData.ValidatedSigningLevel": "1", "EventData.VerificationError": "7", "EventData.Flags": "0", "EventData.PolicyBits": "16", "EventData.NotValidBefore": "2019-03-28 00:00:00+00:00", "EventData.NotValidAfter": "2021-03-05 12:00:00+00:00", "EventData.PublisherNameLength": "14", "EventData.PublisherName": "LLC Crypto-Pro", "EventData.IssuerNameLength": "27", "EventData.IssuerName": "DigiCert EV Code Signing CA", "EventData.PublisherTBSHashSize": "20", "EventData.PublisherTBSHash": "ryzeyGzx0kbOBQrxo9TZ057FBVo=", "EventData.IssuerTBSHashSize": "20", "EventData.IssuerTBSHash": "LVTBao+LaczepI0GA8Ey9Uelz3U="}
{"EventID": "3089", "Channel": "Microsoft-Windows-CodeIntegrity/Operational", "Provider_Name": "Microsoft-Windows-CodeIntegrity", "Computer": "DESKTOP-OFJ6N53", "TimeCreated": "2025-03-09 15:15:55.092335+00:00", "RecordID": "63308", "Level": "4", "UserID": "S-1-5-18", "EventData.TotalSignatureCount": "2", "EventData.Signature": "1", "EventData.CacheState": "3", "EventData.Hash Size": "32", "EventData.Hash": "3CrSgSHYC5hzviemulsR+C5pSAYz78FnSZp2ZjbrqIQ=", "EventData.PageHash": "False", "EventData.SignatureType": "1", "EventData.ValidatedSigningLevel": "1", "EventData.VerificationError": "7", "EventData.Flags": "0", "EventData.PolicyBits": "16", "EventData.NotValidBefore": "2018-01-22 00:00:00+00:00", "EventData.NotValidAfter": "2021-03-05 12:00:00+00:00", "EventData.PublisherNameLength": "14", "EventData.PublisherName": "LLC Crypto-Pro", "EventData.IssuerNameLength": "34", "EventData.IssuerName": "DigiCert EV Code Signing CA (SHA2)", "EventData.PublisherTBSHashSize": "32", "EventData.PublisherTBSHash": "bSSn12wcu4g4gSlvMwWiHV9M9wWp9OQ2cIVVIyXQhpQ=", "EventData.IssuerTBSHashSize": "32", "EventData.IssuerTBSHash": "7sWBMdwRzX9RJQGxX9vGB0xgO2jKkfcWLVoEIFTtsM8="}
{"EventID": "3033", "Channel": "Microsoft-Windows-CodeIntegrity/Operational", "Provider_Name": "Microsoft-Windows-CodeIntegrity", "Computer": "DESKTOP-OFJ6N53", "TimeCreated": "2025-03-10 14:11:10.547146+00:00", "RecordID": "63309", "Level": "2", "UserID": "S-1-5-21-963789628-1060504924-4285088085-1001", "EventData.FileNameLength": "83", "EventData.FileNameBuffer": "\\Device\\HarddiskVolume3\\Program Files\\Common Files\\Crypto Pro\\AppCompat\\cpcrypt.dll", "EventData.ProcessNameLength": "74", "EventData.ProcessNameBuffer": "\\Device\\HarddiskVolume3\\Program Files\\Google\\Chrome\\Application\\chrome.exe", "EventData.RequestedPolicy": "8", "EventData.ValidatedPolicy": "1", "EventData.Status": "3221226536"}
{"EventID": "3089", "Channel": "Microsoft-Windows-CodeIntegrity/Operational", "Provider_Name": "Microsoft-Windows-CodeIntegrity", "Computer": "DESKTOP-OFJ6N53", "TimeCreated": "2025-03-10 14:11:10.547150+00:00", "RecordID": "63310", "Level": "4", "UserID": "S-1-5-21-963789628-1060504924-4285088085-1001", "EventData.TotalSignatureCount": "2", "EventData.Signature": "0", "EventData.CacheState": "3", "EventData.Hash Size": "20", "EventData.Hash": "9QpKzklFmf9iueYwJfRGk7RS01A=", "EventData.PageHash": "False", "EventData.SignatureType": "1", "EventData.ValidatedSigningLevel": "1", "EventData.VerificationError": "7", "EventData.Flags": "0", "EventData.PolicyBits": "16", "EventData.NotValidBefore": "2019-03-28 00:00:00+00:00", "EventData.NotValidAfter": "2021-03-05 12:00:00+00:00", "EventData.PublisherNameLength": "14", "EventData.PublisherName": "LLC Crypto-Pro", "EventData.IssuerNameLength": "27", "EventData.IssuerName": "DigiCert EV Code Signing CA", "EventData.PublisherTBSHashSize": "20", "EventData.PublisherTBSHash": "ryzeyGzx0kbOBQrxo9TZ057FBVo=", "EventData.IssuerTBSHashSize": "20", "EventData.IssuerTBSHash": "LVTBao+LaczepI0GA8Ey9Uelz3U="}
{"EventID": "3089", "Channel": "Microsoft-Windows-CodeIntegrity/Operational", "Provider_Name": "Microsoft-Windows-CodeIntegrity", "Computer": "DESKTOP-OFJ6N53", "TimeCreated": "2025-03-10 14:11:10.547153+00:00", "RecordID": "63311", "Level": "4", "UserID": "S-1-5-21-963789628-1060504924-4285088085-1001", "EventData.TotalSignatureCount": "2", "EventData.Signature": "1", "EventData.CacheState": "3", "EventData.Hash Size": "32", "EventData.Hash": "qkDZthOAdJcRWUT7Msi3BNeyK2Z8VTKbpDvAUQRtf18=", "EventData.PageHash": "False", "EventData.SignatureType": "1", "EventData.ValidatedSigningLevel": "1", "EventData.VerificationError": "7", "EventData.Flags": "0", "EventData.PolicyBits": "16", "EventData.NotValidBefore": "2018-01-22 00:00:00+00:00", "EventData.NotValidAfter": "2021-03-05 12:00:00+00:00", "EventData.PublisherNameLength": "14", "EventData.PublisherName": "LLC Crypto-Pro", "EventData.IssuerNameLength": "34", "EventData.IssuerName": "DigiCert EV Code Signing CA (SHA2)", "EventData.PublisherTBSHashSize": "32", "EventData.PublisherTBSHash": "bSSn12wcu4g4gSlvMwWiHV9M9wWp9OQ2cIVVIyXQhpQ=", "EventData.IssuerTBSHashSize": "32", "EventData.IssuerTBSHash": "7sWBMdwRzX9RJQGxX9vGB0xgO2jKkfcWLVoEIFTtsM8="}
{"EventID": "3033", "Channel": "Microsoft-Windows-CodeIntegrity/Operational", "Provider_Name": "Microsoft-Windows-CodeIntegrity", "Computer": "DESKTOP-OFJ6N53", "TimeCreated": "2025-03-10 14:11:10.579401+00:00", "RecordID": "63312", "Level": "2", "UserID": "S-1-5-21-963789628-1060504924-4285088085-1001", "EventData.FileNameLength": "83", "EventData.FileNameBuffer": "\\Device\\HarddiskVolume3\\Program Files\\Common Files\\Crypto Pro\\AppCompat\\cpcrypt.dll", "EventData.ProcessNameLength": "74", "EventData.ProcessNameBuffer": "\\Device\\HarddiskVolume3\\Program Files\\Google\\Chrome\\Application\\chrome.exe", "EventData.RequestedPolicy": "8", "EventData.ValidatedPolicy": "1", "EventData.Status": "3221226536"}
{"EventID": "3089", "Channel": "Microsoft-Windows-CodeIntegrity/Operational", "Provider_Name": "Microsoft-Windows-CodeIntegrity", "Computer": "DESKTOP-OFJ6N53", "TimeCreated": "2025-03-10 14:11:10.579405+00:00", "RecordID": "63313", "Level": "4", "UserID": "S-1-5-21-963789628-1060504924-4285088085-1001", "EventData.TotalSignatureCount": "2", "EventData.Signature": "0", "EventData.CacheState": "3", "EventData.Hash Size": "20", "EventData.Hash": "9QpKzklFmf9iueYwJfRGk7RS01A=", "EventData.PageHash": "False", "EventData.SignatureType": "1", "EventData.ValidatedSigningLevel": "1", "EventData.VerificationError": "7", "EventData.Flags": "0", "EventData.PolicyBits": "16", "EventData.NotValidBefore": "2019-03-28 00:00:00+00:00", "EventData.NotValidAfter": "2021-03-05 12:00:00+00:00", "EventData.PublisherNameLength": "14", "EventData.PublisherName": "LLC Crypto-Pro", "EventData.IssuerNameLength": "27", "EventData.IssuerName": "DigiCert EV Code Signing CA", "EventData.PublisherTBSHashSize": "20", "EventData.PublisherTBSHash": "ryzeyGzx0kbOBQrxo9TZ057FBVo=", "EventData.IssuerTBSHashSize": "20", "EventData.IssuerTBSHash": "LVTBao+LaczepI0GA8Ey9Uelz3U="}
{"EventID": "3089", "Channel": "Microsoft-Windows-CodeIntegrity/Operational", "Provider_Name": "Microsoft-Windows-CodeIntegrity", "Computer": "DESKTOP-OFJ6N53", "TimeCreated": "2025-03-10 14:11:10.579407+00:00", "RecordID": "63314", "Level": "4", "UserID": "S-1-5-21-963789628-1060504924-4285088085-1001", "EventData.TotalSignatureCount": "2", "EventData.Signature": "1", "EventData.CacheState": "3", "EventData.Hash Size": "32", "EventData.Hash": "qkDZthOAdJcRWUT7Msi3BNeyK2Z8VTKbpDvAUQRtf18=", "EventData.PageHash": "False", "EventData.SignatureType": "1", "EventData.ValidatedSigningLevel": "1", "EventData.VerificationError": "7", "EventData.Flags": "0", "EventData.PolicyBits": "16", "EventData.NotValidBefore": "2018-01-22 00:00:00+00:00", "EventData.NotValidAfter": "2021-03-05 12:00:00+00:00", "EventData.PublisherNameLength": "14", "EventData.PublisherName": "LLC Crypto-Pro", "EventData.IssuerNameLength": "34", "EventData.IssuerName": "DigiCert EV Code Signing CA (SHA2)", "EventData.PublisherTBSHashSize": "32", "EventData.PublisherTBSHash": "bSSn12wcu4g4gSlvMwWiHV9M9wWp9OQ2cIVVIyXQhpQ=", "EventData.IssuerTBSHashSize": "32", "EventData.IssuerTBSHash": "7sWBMdwRzX9RJQGxX9vGB0xgO2jKkfcWLVoEIFTtsM8="}
{"EventID": "3033", "Channel": "Microsoft-Windows-CodeIntegrity/Operational", "Provider_Name": "Microsoft-Windows-CodeIntegrity", "Computer": "DESKTOP-OFJ6N53", "TimeCreated": "2025-03-10 14:11:11.783339+00:00", "RecordID": "63315", "Level": "2", "UserID": "S-1-5-21-963789628-1060504924-4285088085-1001", "EventData.FileNameLength": "83", "EventData.FileNameBuffer": "\\Device\\HarddiskVolume3\\Program Files\\Common Files\\Crypto Pro\\AppCompat\\cpcrypt.dll", "EventData.ProcessNameLength": "74", "EventData.ProcessNameBuffer": "\\Device\\HarddiskVolume3\\Program Files\\Google\\Chrome\\Application\\chrome.exe", "EventData.RequestedPolicy": "8", "EventData.ValidatedPolicy": "1", "EventData.Status": "3221226536"}
{"EventID": "3089", "Channel": "Microsoft-Windows-CodeIntegrity/Operational", "Provider_Name": "Microsoft-Windows-CodeIntegrity", "Computer": "DESKTOP-OFJ6N53", "TimeCreated": "2025-03-10 14:11:11.783342+00:00", "RecordID": "63316", "Level": "4", "UserID": "S-1-5-21-963789628-1060504924-4285088085-1001", "EventData.TotalSignatureCount": "2", "EventData.Signature": "0", "EventData.CacheState": "3", "EventData.Hash Size": "20", "EventData.Hash": "9QpKzklFmf9iueYwJfRGk7RS01A=", "EventData.PageHash": "False", "EventData.SignatureType": "1", "EventData.ValidatedSigningLevel": "1", "EventData.VerificationError": "7", "EventData.Flags": "0", "EventData.PolicyBits": "16", "EventData.NotValidBefore": "2019-03-28 00:00:00+00:00", "EventData.NotValidAfter": "2021-03-05 12:00:00+00:00", "EventData.PublisherNameLength": "14", "EventData.PublisherName": "LLC Crypto-Pro", "EventData.IssuerNameLength": "27", "EventData.IssuerName": "DigiCert EV Code Signing CA", "EventData.PublisherTBSHashSize": "20", "EventData.PublisherTBSHash": "ryzeyGzx0kbOBQrxo9TZ057FBVo=", "EventData.IssuerTBSHashSize": "20", "EventData.IssuerTBSHash": "LVTBao+LaczepI0GA8Ey9Uelz3U="}
{"EventID": "3089", "Channel": "Microsoft-Windows-CodeIntegrity/Operational", "Provider_Name": "Microsoft-Windows-CodeIntegrity", "Computer": "DESKTOP-OFJ6N53", "TimeCreated": "2025-03-10 14:11:11.783344+00:00", "RecordID": "63317", "Level": "4", "UserID": "S-1-5-21-963789628-1060504924-4285088085-1001", "EventData.TotalSignatureCount": "2", "EventData.Signature": "1", "EventData.CacheState": "3", "EventData.Hash Size": "32", "EventData.Hash": "qkDZthOAdJcRWUT7Msi3BNeyK2Z8VTKbpDvAUQRtf18=", "EventData.PageHash": "False", "EventData.SignatureType": "1", "EventData.ValidatedSigningLevel": "1", "EventData.VerificationError": "7", "EventData.Flags": "0", "EventData.PolicyBits": "16", "EventData.NotValidBefore": "2018-01-22 00:00:00+00:00", "EventData.NotValidAfter": "2021-03-05 12:00:00+00:00", "EventData.PublisherNameLength": "14", "EventData.PublisherName": "LLC Crypto-Pro", "EventData.IssuerNameLength": "34", "EventData.IssuerName": "DigiCert EV Code Signing CA (SHA2)", "EventData.PublisherTBSHashSize": "32", "EventData.PublisherTBSHash": "bSSn12wcu4g4gSlvMwWiHV9M9wWp9OQ2cIVVIyXQhpQ=", "EventData.IssuerTBSHashSize": "32", "EventData.IssuerTBSHash": "7sWBMdwRzX9RJQGxX9vGB0xgO2jKkfcWLVoEIFTtsM8="}
{"EventID": "3033", "Channel": "Microsoft-Windows-CodeIntegrity/Operational", "Provider_Name": "Microsoft-Windows-CodeIntegrity", "Computer": "DESKTOP-OFJ6N53", "TimeCreated": "2025-03-10 14:11:11.789244+00:00", "RecordID": "63318", "Level": "2", "UserID": "S-1-5-21-963789628-1060504924-4285088085-1001", "EventData.FileNameLength": "83", "EventData.FileNameBuffer": "\\Device\\HarddiskVolume3\\Program Files\\Common Files\\Crypto Pro\\AppCompat\\cpcrypt.dll", "EventData.ProcessNameLength": "74", "EventData.ProcessNameBuffer": "\\Device\\HarddiskVolume3\\Program Files\\Google\\Chrome\\Application\\chrome.exe", "EventData.RequestedPolicy": "8", "EventData.ValidatedPolicy": "1", "EventData.Status": "3221226536"}
{"EventID": "3089", "Channel": "Microsoft-Windows-CodeIntegrity/Operational", "Provider_Name": "Microsoft-Windows-CodeIntegrity", "Computer": "DESKTOP-OFJ6N53", "TimeCreated": "2025-03-10 14:11:11.789246+00:00", "RecordID": "63319", "Level": "4", "UserID": "S-1-5-21-963789628-1060504924-4285088085-1001", "EventData.TotalSignatureCount": "2", "EventData.Signature": "0", "EventData.CacheState": "3", "EventData.Hash Size": "20", "EventData.Hash": "9QpKzklFmf9iueYwJfRGk7RS01A=", "EventData.PageHash": "False", "EventData.SignatureType": "1", "EventData.ValidatedSigningLevel": "1", "EventData.VerificationError": "7", "EventData.Flags": "0", "EventData.PolicyBits": "16", "EventData.NotValidBefore": "2019-03-28 00:00:00+00:00", "EventData.NotValidAfter": "2021-03-05 12:00:00+00:00", "EventData.PublisherNameLength": "14", "EventData.PublisherName": "LLC Crypto-Pro", "EventData.IssuerNameLength": "27", "EventData.IssuerName": "DigiCert EV Code Signing CA", "EventData.PublisherTBSHashSize": "20", "EventData.PublisherTBSHash": "ryzeyGzx0kbOBQrxo9TZ057FBVo=", "EventData.IssuerTBSHashSize": "20", "EventData.IssuerTBSHash": "LVTBao+LaczepI0GA8Ey9Uelz3U="}
{"EventID": "3089", "Channel": "Microsoft-Windows-CodeIntegrity/Operational", "Provider_Name": "Microsoft-Windows-CodeIntegrity", "Computer": "DESKTOP-OFJ6N53", "TimeCreated": "2025-03-10 14:11:11.789249+00:00", "RecordID": "63320", "Level": "4", "UserID": "S-1-5-21-963789628-1060504924-4285088085-1001", "EventData.TotalSignatureCount": "2", "EventData.Signature": "1", "EventData.CacheState": "3", "EventData.Hash Size": "32", "EventData.Hash": "qkDZthOAdJcRWUT7Msi3BNeyK2Z8VTKbpDvAUQRtf18=", "EventData.PageHash": "False", "EventData.SignatureType": "1", "EventData.ValidatedSigningLevel": "1", "EventData.VerificationError": "7", "EventData.Flags": "0", "EventData.PolicyBits": "16", "EventData.NotValidBefore": "2018-01-22 00:00:00+00:00", "EventData.NotValidAfter": "2021-03-05 12:00:00+00:00", "EventData.PublisherNameLength": "14", "EventData.PublisherName": "LLC Crypto-Pro", "EventData.IssuerNameLength": "34", "EventData.IssuerName": "DigiCert EV Code Signing CA (SHA2)", "EventData.PublisherTBSHashSize": "32", "EventData.PublisherTBSHash": "bSSn12wcu4g4gSlvMwWiHV9M9wWp9OQ2cIVVIyXQhpQ=", "EventData.IssuerTBSHashSize": "32", "EventData.IssuerTBSHash": "7sWBMdwRzX9RJQGxX9vGB0xgO2jKkfcWLVoEIFTtsM8="}
{"EventID": "3033", "Channel": "Microsoft-Windows-CodeIntegrity/Operational", "Provider_Name": "Microsoft-Windows-CodeIntegrity", "Computer": "DESKTOP-OFJ6N53", "TimeCreated": "2025-03-10 14:11:12.436752+00:00", "RecordID": "63321", "Level": "2", "UserID": "S-1-5-21-963789628-1060504924-4285088085-1001", "EventData.FileNameLength": "83", "EventData.FileNameBuffer": "\\Device\\HarddiskVolume3\\Program Files\\Common Files\\Crypto Pro\\AppCompat\\cpcrypt.dll", "EventData.ProcessNameLength": "74", "EventData.ProcessNameBuffer": "\\Device\\HarddiskVolume3\\Program Files\\Google\\Chrome\\Application\\chrome.exe", "EventData.RequestedPolicy": "8", "EventData.ValidatedPolicy": "1", "EventData.Status": "3221226536"}
