{"EventID": "1006", "Channel": "Microsoft-Windows-Partition/Diagnostic", "Provider_Name": "Microsoft-Windows-Partition", "Computer": "DESKTOP-OFJ6N53", "TimeCreated": "2024-10-04 11:16:48.542503+00:00", "RecordID": "145", "Level": "4", "UserID": "S-1-5-18", "EventData.DiskNumber": "0", "EventData.Flags": "538976528", "EventData.Characteristics": "262400", "EventData.IsSystemCritical": "True", "EventData.PagingCount": "0", "EventData.HibernationCount": "0", "EventData.DumpCount": "0", "EventData.BytesPerSector": "512", "EventData.Capacity": "96636764160", "EventData.BusType": "10", "EventData.Manufacturer": "VMware", "EventData.Model": "Virtual disk", "EventData.Revision": "2.0", "EventData.SerialNumber": "NULL", "EventData.Location": "PCI Slot 160 : Bus 3 : Device 0 : Function 0 : Adapter 0 : Port 0 : Target 0 : LUN 0", "EventData.ParentId": "PCI\\VEN_1000&DEV_0054&SUBSYS_197615AD&REV_01\\4&2509f6e&0&00A8", "EventData.Socket": "-1", "EventData.Slot": "160", "EventData.Bus": "3", "EventData.Device": "0", "EventData.Function": "0", "EventData.Adapter": "0", "EventData.Port": "0", "EventData.Target": "0", "EventData.Lun": "0", "EventData.IoctlSupport": "59879", "EventData.IdFlags": "2", "EventData.DiskId": "{2364414f-8242-11ef-a746-806e6f6e6963}", "EventData.AdapterId": "{2572a953-954b-11ec-a6b8-806e6f6e6963}", "EventData.RegistryId": "{2572a961-954b-11ec-a6b8-806e6f6e6963}", "EventData.PoolId": "{00000000-0000-0000-0000-000000000000}", "EventData.FirmwareSupportsUpgrade": "True", "EventData.FirmwareSlotCount": "1", "EventData.StorageIdCount": "0", "EventData.StorageIdCodeSet": "0", "EventData.StorageIdType": "0", "EventData.StorageIdAssociation": "0", "EventData.StorageIdBytes": "0", "EventData.StorageId": null, "EventData.WriteCacheType": "0", "EventData.WriteCacheEnabled": "0", "EventData.WriteCacheChangeable": "0", "EventData.WriteThroughSupported": "0", "EventData.FlushCacheSupported": "False", "EventData.IsPowerProtected": "False", "EventData.NVCacheEnabled": "False", "EventData.BytesPerLogicalSector": "512", "EventData.BytesPerPhysicalSector": "512", "EventData.BytesOffsetForSectorAlignment": "0", "EventData.IncursSeekPenalty": "False", "EventData.IsTrimSupported": "False", "EventData.IsThinProvisioned": "False", "EventData.OptimalUnmapGranularity": "0", "EventData.UnmapAlignment": "0", "EventData.NumberOfLogicalCopies": "0", "EventData.NumberOfPhysicalCopies": "0", "EventData.FaultTolerance": "0", "EventData.NumberOfColumns": "0", "EventData.InterleaveBytes": "0", "EventData.HybridSupported": "False", "EventData.HybridCacheBytes": "0", "EventData.AdapterMaximumTransferBytes": "16777215", "EventData.AdapterMaximumTransferPages": "257", "EventData.AdapterAlignmentMask": "0", "EventData.AdapterSerialNumber": "NULL", "EventData.PortDriver": "1", "EventData.UserRemovalPolicy": "False", "EventData.PartitionStyle": "1", "EventData.PartitionCount": "4", "EventData.PartitionTableBytes": "624", "EventData.PartitionTable": "AQAAAAQAAAD4OlK1ULGKT4RoGH7auIX0AEQAAAAAAAAAev9/FgAAAIAAAAAAAAAAAQAAAAAAAAAAABAAAAAAAAAAQAYAAAAAAQAAAAAAAAAocyrBH/jSEbpLAKDJPsk7Ft7tjFc2cUiMh/1rxmz2kwAAAAAAAACARQBGAEkAIABzAHkAcwB0AGUAbQAgAHAAYQByAHQAaQB0AGkAbwBuAAAAAAAAAAAAAAAAAAAAAAAAAAAAAAAAAAAAAAAAAAAAAQAAAAAAAAAAAFAGAAAAAAAAAAEAAAAAAgAAAAAAAAAW48njXAu4TYF9+S3wAhWubxyUU+4aUkGSxur5kk16EAAAAAAAAACATQBpAGMAcgBvAHMAbwBmAHQAIAByAGUAcwBlAHIAdgBlAGQAIABwAGEAcgB0AGkAdABpAG8AbgAAAAAAAAAAAAAAAAAAAAAAAQAAAAAAAAAAAFAHAAAAAADiC1gWAAAAAwAAAAAAAACioNDr5bkzRIfAaLa3JpnHY4Y6w6JxMUCM7MIZFP4SrQAAAAAAAAAAQgBhAHMAaQBjACAAZABhAHQAYQAgAHAAYQByAHQAaQB0AGkAbwBuAAAAAAAAAAAAAAAAAAAAAAAAAAAAAAAAAAAAAAAAAAAAAQAAAAAAAAAAAGBfFgAAAAAAgCAAAAAABAAAAAAAAACku5Te0QZATaFqv9UBedasLLUb3g5OYUObu7rx0+QMAQEAAAAAAACAAAAAAAAAAAAAAAAAAAAAAAAAAAAAAAAAAAAAAAAAAAAAAAAAAAAAAAAAAAAAAAAAAAAAAAAAAAAAAAAAAAAAAAAAAAAAAAAA", "EventData.MbrBytes": "0", "EventData.Mbr": null, "EventData.Vbr0Bytes": "0", "EventData.Vbr0": null, "EventData.Vbr1Bytes": "0", "EventData.Vbr1": null, "EventData.Vbr2Bytes": "0", "EventData.Vbr2": null, "EventData.Vbr3Size": "0", "EventData.Vbr3": null}
{"EventID": "1006", "Channel": "Microsoft-Windows-Partition/Diagnostic", "Provider_Name": "Microsoft-Windows-Partition", "Computer": "DESKTOP-OFJ6N53", "TimeCreated": "2024-10-04 22:02:45.557308+00:00", "RecordID": "146", "Level": "4", "UserID": "S-1-5-18", "EventData.DiskNumber": "0", "EventData.Flags": "538976528", "EventData.Characteristics": "262400", "EventData.IsSystemCritical": "True", "EventData.PagingCount": "0", "EventData.HibernationCount": "0", "EventData.DumpCount": "0", "EventData.BytesPerSector": "512", "EventData.Capacity": "96636764160", "EventData.BusType": "10", "EventData.Manufacturer": "VMware", "EventData.Model": "Virtual disk", "EventData.Revision": "2.0", "EventData.SerialNumber": "NULL", "EventData.Location": "PCI Slot 160 : Bus 3 : Device 0 : Function 0 : Adapter 0 : Port 0 : Target 0 : LUN 0", "EventData.ParentId": "PCI\\VEN_1000&DEV_0054&SUBSYS_197615AD&REV_01\\4&2509f6e&0&00A8", "EventData.Socket": "-1", "EventData.Slot": "160", "EventData.Bus": "3", "EventData.Device": "0", "EventData.Function": "0", "EventData.Adapter": "0", "EventData.Port": "0", "EventData.Target": "0", "EventData.Lun": "0", "EventData.IoctlSupport": "59879", "EventData.IdFlags": "2", "EventData.DiskId": "{605d21cf-829c-11ef-a747-806e6f6e6963}", "EventData.AdapterId": "{2572a953-954b-11ec-a6b8-806e6f6e6963}", "EventData.RegistryId": "{2572a961-954b-11ec-a6b8-806e6f6e6963}", "EventData.PoolId": "{00000000-0000-0000-0000-000000000000}", "EventData.FirmwareSupportsUpgrade": "True", "EventData.FirmwareSlotCount": "1", "EventData.StorageIdCount": "0", "EventData.StorageIdCodeSet": "0", "EventData.StorageIdType": "0", "EventData.StorageIdAssociation": "0", "EventData.StorageIdBytes": "0", "EventData.StorageId": null, "EventData.WriteCacheType": "0", "EventData.WriteCacheEnabled": "0", "EventData.WriteCacheChangeable": "0", "EventData.WriteThroughSupported": "0", "EventData.FlushCacheSupported": "False", "EventData.IsPowerProtected": "False", "EventData.NVCacheEnabled": "False", "EventData.BytesPerLogicalSector": "512", "EventData.BytesPerPhysicalSector": "512", "EventData.BytesOffsetForSectorAlignment": "0", "EventData.IncursSeekPenalty": "False", "EventData.IsTrimSupported": "False", "EventData.IsThinProvisioned": "False", "EventData.OptimalUnmapGranularity": "0", "EventData.UnmapAlignment": "0", "EventData.NumberOfLogicalCopies": "0", "EventData.NumberOfPhysicalCopies": "0", "EventData.FaultTolerance": "0", "EventData.NumberOfColumns": "0", "EventData.InterleaveBytes": "0", "EventData.HybridSupported": "False", "EventData.HybridCacheBytes": "0", "EventData.AdapterMaximumTransferBytes": "16777215", "EventData.AdapterMaximumTransferPages": "257", "EventData.AdapterAlignmentMask": "0", "EventData.AdapterSerialNumber": "NULL", "EventData.PortDriver": "1", "EventData.UserRemovalPolicy": "False", "EventData.PartitionStyle": "1", "EventData.PartitionCount": "4", "EventData.PartitionTableBytes": "624", "EventData.PartitionTable": "AQAAAAQAAAD4OlK1ULGKT4RoGH7auIX0AEQAAAAAAAAAev9/FgAAAIAAAAAAAAAAAQAAAAAAAAAAABAAAAAAAAAAQAYAAAAAAQAAAAAAAAAocyrBH/jSEbpLAKDJPsk7Ft7tjFc2cUiMh/1rxmz2kwAAAAAAAACARQBGAEkAIABzAHkAcwB0AGUAbQAgAHAAYQByAHQAaQB0AGkAbwBuAAAAAAAAAAAAAAAAAAAAAAAAAAAAAAAAAAAAAAAAAAAAAQAAAAAAAAAAAFAGAAAAAAAAAAEAAAAAAgAAAAAAAAAW48njXAu4TYF9+S3wAhWubxyUU+4aUkGSxur5kk16EAAAAAAAAACATQBpAGMAcgBvAHMAbwBmAHQAIAByAGUAcwBlAHIAdgBlAGQAIABwAGEAcgB0AGkAdABpAG8AbgAAAAAAAAAAAAAAAAAAAAAAAQAAAAAAAAAAAFAHAAAAAADiC1gWAAAAAwAAAAAAAACioNDr5bkzRIfAaLa3JpnHY4Y6w6JxMUCM7MIZFP4SrQAAAAAAAAAAQgBhAHMAaQBjACAAZABhAHQAYQAgAHAAYQByAHQAaQB0AGkAbwBuAAAAAAAAAAAAAAAAAAAAAAAAAAAAAAAAAAAAAAAAAAAAAQAAAAAAAAAAAGBfFgAAAAAAgCAAAAAABAAAAAAAAACku5Te0QZATaFqv9UBedasLLUb3g5OYUObu7rx0+QMAQEAAAAAAACAAAAAAAAAAAAAAAAAAAAAAAAAAAAAAAAAAAAAAAAAAAAAAAAAAAAAAAAAAAAAAAAAAAAAAAAAAAAAAAAAAAAAAAAAAAAAAAAA", "EventData.MbrBytes": "0", "EventData.Mbr": null, "EventData.Vbr0Bytes": "0", "EventData.Vbr0": null, "EventData.Vbr1Bytes": "0", "EventData.Vbr1": null, "EventData.Vbr2Bytes": "0", "EventData.Vbr2": null, "EventData.Vbr3Size": "0", "EventData.Vbr3": null}
{"EventID": "1006", "Channel": "Microsoft-Windows-Partition/Diagnostic", "Provider_Name": "Microsoft-Windows-Partition", "Computer": "DESKTOP-OFJ6N53", "TimeCreated": "2024-10-08 20:25:21.810747+00:00", "RecordID": "147", "Level": "4", "UserID": "S-1-5-18", "EventData.DiskNumber": "0", "EventData.Flags": "538976528", "EventData.Characteristics": "262400", "EventData.IsSystemCritical": "True", "EventData.PagingCount": "0", "EventData.HibernationCount": "0", "EventData.DumpCount": "0", "EventData.BytesPerSector": "512", "EventData.Capacity": "96636764160", "EventData.BusType": "10", "EventData.Manufacturer": "VMware", "EventData.Model": "Virtual disk", "EventData.Revision": "2.0", "EventData.SerialNumber": "NULL", "EventData.Location": "PCI Slot 160 : Bus 3 : Device 0 : Function 0 : Adapter 0 : Port 0 : Target 0 : LUN 0", "EventData.ParentId": "PCI\\VEN_1000&DEV_0054&SUBSYS_197615AD&REV_01\\4&2509f6e&0&00A8", "EventData.Socket": "-1", "EventData.Slot": "160", "EventData.Bus": "3", "EventData.Device": "0", "EventData.Function": "0", "EventData.Adapter": "0", "EventData.Port": "0", "EventData.Target": "0", "EventData.Lun": "0", "EventData.IoctlSupport": "59879", "EventData.IdFlags": "2", "EventData.DiskId": "{6eb87fcf-85b3-11ef-a748-806e6f6e6963}", "EventData.AdapterId": "{2572a953-954b-11ec-a6b8-806e6f6e6963}", "EventData.RegistryId": "{2572a961-954b-11ec-a6b8-806e6f6e6963}", "EventData.PoolId": "{00000000-0000-0000-0000-000000000000}", "EventData.FirmwareSupportsUpgrade": "True", "EventData.FirmwareSlotCount": "1", "EventData.StorageIdCount": "0", "EventData.StorageIdCodeSet": "0", "EventData.StorageIdType": "0", "EventData.StorageIdAssociation": "0", "EventData.StorageIdBytes": "0", "EventData.StorageId": null, "EventData.WriteCacheType": "0", "EventData.WriteCacheEnabled": "0", "EventData.WriteCacheChangeable": "0", "EventData.WriteThroughSupported": "0", "EventData.FlushCacheSupported": "False", "EventData.IsPowerProtected": "False", "EventData.NVCacheEnabled": "False", "EventData.BytesPerLogicalSector": "512", "EventData.BytesPerPhysicalSector": "512", "EventData.BytesOffsetForSectorAlignment": "0", "EventData.IncursSeekPenalty": "False", "EventData.IsTrimSupported": "False", "EventData.IsThinProvisioned": "False", "EventData.OptimalUnmapGranularity": "0", "EventData.UnmapAlignment": "0", "EventData.NumberOfLogicalCopies": "0", "EventData.NumberOfPhysicalCopies": "0", "EventData.FaultTolerance": "0", "EventData.NumberOfColumns": "0", "EventData.InterleaveBytes": "0", "EventData.HybridSupported": "False", "EventData.HybridCacheBytes": "0", "EventData.AdapterMaximumTransferBytes": "16777215", "EventData.AdapterMaximumTransferPages": "257", "EventData.AdapterAlignmentMask": "0", "EventData.AdapterSerialNumber": "NULL", "EventData.PortDriver": "1", "EventData.UserRemovalPolicy": "False", "EventData.PartitionStyle": "1", "EventData.PartitionCount": "4", "EventData.PartitionTableBytes": "624", "EventData.PartitionTable": "AQAAAAQAAAD4OlK1ULGKT4RoGH7auIX0AEQAAAAAAAAAev9/FgAAAIAAAAAAAAAAAQAAAAAAAAAAABAAAAAAAAAAQAYAAAAAAQAAAAAAAAAocyrBH/jSEbpLAKDJPsk7Ft7tjFc2cUiMh/1rxmz2kwAAAAAAAACARQBGAEkAIABzAHkAcwB0AGUAbQAgAHAAYQByAHQAaQB0AGkAbwBuAAAAAAAAAAAAAAAAAAAAAAAAAAAAAAAAAAAAAAAAAAAAAQAAAAAAAAAAAFAGAAAAAAAAAAEAAAAAAgAAAAAAAAAW48njXAu4TYF9+S3wAhWubxyUU+4aUkGSxur5kk16EAAAAAAAAACATQBpAGMAcgBvAHMAbwBmAHQAIAByAGUAcwBlAHIAdgBlAGQAIABwAGEAcgB0AGkAdABpAG8AbgAAAAAAAAAAAAAAAAAAAAAAAQAAAAAAAAAAAFAHAAAAAADiC1gWAAAAAwAAAAAAAACioNDr5bkzRIfAaLa3JpnHY4Y6w6JxMUCM7MIZFP4SrQAAAAAAAAAAQgBhAHMAaQBjACAAZABhAHQAYQAgAHAAYQByAHQAaQB0AGkAbwBuAAAAAAAAAAAAAAAAAAAAAAAAAAAAAAAAAAAAAAAAAAAAAQAAAAAAAAAAAGBfFgAAAAAAgCAAAAAABAAAAAAAAACku5Te0QZATaFqv9UBedasLLUb3g5OYUObu7rx0+QMAQEAAAAAAACAAAAAAAAAAAAAAAAAAAAAAAAAAAAAAAAAAAAAAAAAAAAAAAAAAAAAAAAAAAAAAAAAAAAAAAAAAAAAAAAAAAAAAAAAAAAAAAAA", "EventData.MbrBytes": "0", "EventData.Mbr": null, "EventData.Vbr0Bytes": "0", "EventData.Vbr0": null, "EventData.Vbr1Bytes": "0", "EventData.Vbr1": null, "EventData.Vbr2Bytes": "0", "EventData.Vbr2": null, "EventData.Vbr3Size": "0", "EventData.Vbr3": null}
{"EventID": "1006", "Channel": "Microsoft-Windows-Partition/Diagnostic", "Provider_Name": "Microsoft-Windows-Partition", "Computer": "DESKTOP-OFJ6N53", "TimeCreated": "2024-11-13 14:44:57.907837+00:00", "RecordID": "148", "Level": "4", "UserID": "S-1-5-18", "EventData.DiskNumber": "0", "EventData.Flags": "538976528", "EventData.Characteristics": "262400", "EventData.IsSystemCritical": "True", "EventData.PagingCount": "0", "EventData.HibernationCount": "0", "EventData.DumpCount": "0", "EventData.BytesPerSector": "512", "EventData.Capacity": "96636764160", "EventData.BusType": "10", "EventData.Manufacturer": "VMware", "EventData.Model": "Virtual disk", "EventData.Revision": "2.0", "EventData.SerialNumber": "NULL", "EventData.Location": "PCI Slot 160 : Bus 3 : Device 0 : Function 0 : Adapter 0 : Port 0 : Target 0 : LUN 0", "EventData.ParentId": "PCI\\VEN_1000&DEV_0054&SUBSYS_197615AD&REV_01\\4&2509f6e&0&00A8", "EventData.Socket": "-1", "EventData.Slot": "160", "EventData.Bus": "3", "EventData.Device": "0", "EventData.Function": "0", "EventData.Adapter": "0", "EventData.Port": "0", "EventData.Target": "0", "EventData.Lun": "0", "EventData.IoctlSupport": "59879", "EventData.IdFlags": "2", "EventData.DiskId": "{d7f06bd0-a1cd-11ef-a749-806e6f6e6963}", "EventData.AdapterId": "{2572a953-954b-11ec-a6b8-806e6f6e6963}", "EventData.RegistryId": "{2572a961-954b-11ec-a6b8-806e6f6e6963}", "EventData.PoolId": "{00000000-0000-0000-0000-000000000000}", "EventData.FirmwareSupportsUpgrade": "True", "EventData.FirmwareSlotCount": "1", "EventData.StorageIdCount": "0", "EventData.StorageIdCodeSet": "0", "EventData.StorageIdType": "0", "EventData.StorageIdAssociation": "0", "EventData.StorageIdBytes": "0", "EventData.StorageId": null, "EventData.WriteCacheType": "0", "EventData.WriteCacheEnabled": "0", "EventData.WriteCacheChangeable": "0", "EventData.WriteThroughSupported": "0", "EventData.FlushCacheSupported": "False", "EventData.IsPowerProtected": "False", "EventData.NVCacheEnabled": "False", "EventData.BytesPerLogicalSector": "512", "EventData.BytesPerPhysicalSector": "512", "EventData.BytesOffsetForSectorAlignment": "0", "EventData.IncursSeekPenalty": "False", "EventData.IsTrimSupported": "False", "EventData.IsThinProvisioned": "False", "EventData.OptimalUnmapGranularity": "0", "EventData.UnmapAlignment": "0", "EventData.NumberOfLogicalCopies": "0", "EventData.NumberOfPhysicalCopies": "0", "EventData.FaultTolerance": "0", "EventData.NumberOfColumns": "0", "EventData.InterleaveBytes": "0", "EventData.HybridSupported": "False", "EventData.HybridCacheBytes": "0", "EventData.AdapterMaximumTransferBytes": "16777215", "EventData.AdapterMaximumTransferPages": "257", "EventData.AdapterAlignmentMask": "0", "EventData.AdapterSerialNumber": "NULL", "EventData.PortDriver": "1", "EventData.UserRemovalPolicy": "False", "EventData.PartitionStyle": "1", "EventData.PartitionCount": "4", "EventData.PartitionTableBytes": "624", "EventData.PartitionTable": "AQAAAAQAAAD4OlK1ULGKT4RoGH7auIX0AEQAAAAAAAAAev9/FgAAAIAAAAAAAAAAAQAAAAAAAAAAABAAAAAAAAAAQAYAAAAAAQAAAAAAAAAocyrBH/jSEbpLAKDJPsk7Ft7tjFc2cUiMh/1rxmz2kwAAAAAAAACARQBGAEkAIABzAHkAcwB0AGUAbQAgAHAAYQByAHQAaQB0AGkAbwBuAAAAAAAAAAAAAAAAAAAAAAAAAAAAAAAAAAAAAAAAAAAAAQAAAAAAAAAAAFAGAAAAAAAAAAEAAAAAAgAAAAAAAAAW48njXAu4TYF9+S3wAhWubxyUU+4aUkGSxur5kk16EAAAAAAAAACATQBpAGMAcgBvAHMAbwBmAHQAIAByAGUAcwBlAHIAdgBlAGQAIABwAGEAcgB0AGkAdABpAG8AbgAAAAAAAAAAAAAAAAAAAAAAAQAAAAAAAAAAAFAHAAAAAADiC1gWAAAAAwAAAAAAAACioNDr5bkzRIfAaLa3JpnHY4Y6w6JxMUCM7MIZFP4SrQAAAAAAAAAAQgBhAHMAaQBjACAAZABhAHQAYQAgAHAAYQByAHQAaQB0AGkAbwBuAAAAAAAAAAAAAAAAAAAAAAAAAAAAAAAAAAAAAAAAAAAAAQAAAAAAAAAAAGBfFgAAAAAAgCAAAAAABAAAAAAAAACku5Te0QZATaFqv9UBedasLLUb3g5OYUObu7rx0+QMAQEAAAAAAACAAAAAAAAAAAAAAAAAAAAAAAAAAAAAAAAAAAAAAAAAAAAAAAAAAAAAAAAAAAAAAAAAAAAAAAAAAAAAAAAAAAAAAAAAAAAAAAAA", "EventData.MbrBytes": "0", "EventData.Mbr": null, "EventData.Vbr0Bytes": "0", "EventData.Vbr0": null, "EventData.Vbr1Bytes": "0", "EventData.Vbr1": null, "EventData.Vbr2Bytes": "0", "EventData.Vbr2": null, "EventData.Vbr3Size": "0", "EventData.Vbr3": null}
{"EventID": "1006", "Channel": "Microsoft-Windows-Partition/Diagnostic", "Provider_Name": "Microsoft-Windows-Partition", "Computer": "DESKTOP-OFJ6N53", "TimeCreated": "2024-12-03 10:23:48.854631+00:00", "RecordID": "149", "Level": "4", "UserID": "S-1-5-18", "EventData.DiskNumber": "0", "EventData.Flags": "538976528", "EventData.Characteristics": "262400", "EventData.IsSystemCritical": "True", "EventData.PagingCount": "0", "EventData.HibernationCount": "0", "EventData.DumpCount": "0", "EventData.BytesPerSector": "512", "EventData.Capacity": "96636764160", "EventData.BusType": "10", "EventData.Manufacturer": "VMware", "EventData.Model": "Virtual disk", "EventData.Revision": "2.0", "EventData.SerialNumber": "NULL", "EventData.Location": "PCI Slot 160 : Bus 3 : Device 0 : Function 0 : Adapter 0 : Port 0 : Target 0 : LUN 0", "EventData.ParentId": "PCI\\VEN_1000&DEV_0054&SUBSYS_197615AD&REV_01\\4&2509f6e&0&00A8", "EventData.Socket": "-1", "EventData.Slot": "160", "EventData.Bus": "3", "EventData.Device": "0", "EventData.Function": "0", "EventData.Adapter": "0", "EventData.Port": "0", "EventData.Target": "0", "EventData.Lun": "0", "EventData.IoctlSupport": "59879", "EventData.IdFlags": "2", "EventData.DiskId": "{acc0675d-b160-11ef-a74a-806e6f6e6963}", "EventData.AdapterId": "{2572a953-954b-11ec-a6b8-806e6f6e6963}", "EventData.RegistryId": "{2572a961-954b-11ec-a6b8-806e6f6e6963}", "EventData.PoolId": "{00000000-0000-0000-0000-000000000000}", "EventData.FirmwareSupportsUpgrade": "True", "EventData.FirmwareSlotCount": "1", "EventData.StorageIdCount": "0", "EventData.StorageIdCodeSet": "0", "EventData.StorageIdType": "0", "EventData.StorageIdAssociation": "0", "EventData.StorageIdBytes": "0", "EventData.StorageId": null, "EventData.WriteCacheType": "0", "EventData.WriteCacheEnabled": "0", "EventData.WriteCacheChangeable": "0", "EventData.WriteThroughSupported": "0", "EventData.FlushCacheSupported": "False", "EventData.IsPowerProtected": "False", "EventData.NVCacheEnabled": "False", "EventData.BytesPerLogicalSector": "512", "EventData.BytesPerPhysicalSector": "512", "EventData.BytesOffsetForSectorAlignment": "0", "EventData.IncursSeekPenalty": "False", "EventData.IsTrimSupported": "False", "EventData.IsThinProvisioned": "False", "EventData.OptimalUnmapGranularity": "0", "EventData.UnmapAlignment": "0", "EventData.NumberOfLogicalCopies": "0", "EventData.NumberOfPhysicalCopies": "0", "EventData.FaultTolerance": "0", "EventData.NumberOfColumns": "0", "EventData.InterleaveBytes": "0", "EventData.HybridSupported": "False", "EventData.HybridCacheBytes": "0", "EventData.AdapterMaximumTransferBytes": "16777215", "EventData.AdapterMaximumTransferPages": "257", "EventData.AdapterAlignmentMask": "0", "EventData.AdapterSerialNumber": "NULL", "EventData.PortDriver": "1", "EventData.UserRemovalPolicy": "False", "EventData.PartitionStyle": "1", "EventData.PartitionCount": "4", "EventData.PartitionTableBytes": "624", "EventData.PartitionTable": "AQAAAAQAAAD4OlK1ULGKT4RoGH7auIX0AEQAAAAAAAAAev9/FgAAAIAAAAAAAAAAAQAAAAAAAAAAABAAAAAAAAAAQAYAAAAAAQAAAAAAAAAocyrBH/jSEbpLAKDJPsk7Ft7tjFc2cUiMh/1rxmz2kwAAAAAAAACARQBGAEkAIABzAHkAcwB0AGUAbQAgAHAAYQByAHQAaQB0AGkAbwBuAAAAAAAAAAAAAAAAAAAAAAAAAAAAAAAAAAAAAAAAAAAAAQAAAAAAAAAAAFAGAAAAAAAAAAEAAAAAAgAAAAAAAAAW48njXAu4TYF9+S3wAhWubxyUU+4aUkGSxur5kk16EAAAAAAAAACATQBpAGMAcgBvAHMAbwBmAHQAIAByAGUAcwBlAHIAdgBlAGQAIABwAGEAcgB0AGkAdABpAG8AbgAAAAAAAAAAAAAAAAAAAAAAAQAAAAAAAAAAAFAHAAAAAADiC1gWAAAAAwAAAAAAAACioNDr5bkzRIfAaLa3JpnHY4Y6w6JxMUCM7MIZFP4SrQAAAAAAAAAAQgBhAHMAaQBjACAAZABhAHQAYQAgAHAAYQByAHQAaQB0AGkAbwBuAAAAAAAAAAAAAAAAAAAAAAAAAAAAAAAAAAAAAAAAAAAAAQAAAAAAAAAAAGBfFgAAAAAAgCAAAAAABAAAAAAAAACku5Te0QZATaFqv9UBedasLLUb3g5OYUObu7rx0+QMAQEAAAAAAACAAAAAAAAAAAAAAAAAAAAAAAAAAAAAAAAAAAAAAAAAAAAAAAAAAAAAAAAAAAAAAAAAAAAAAAAAAAAAAAAAAAAAAAAAAAAAAAAA", "EventData.MbrBytes": "0", "EventData.Mbr": null, "EventData.Vbr0Bytes": "0", "EventData.Vbr0": null, "EventData.Vbr1Bytes": "0", "EventData.Vbr1": null, "EventData.Vbr2Bytes": "0", "EventData.Vbr2": null, "EventData.Vbr3Size": "0", "EventData.Vbr3": null}
{"EventID": "1006", "Channel": "Microsoft-Windows-Partition/Diagnostic", "Provider_Name": "Microsoft-Windows-Partition", "Computer": "DESKTOP-OFJ6N53", "TimeCreated": "2024-12-08 16:52:15.636398+00:00", "RecordID": "150", "Level": "4", "UserID": "S-1-5-18", "EventData.DiskNumber": "0", "EventData.Flags": "538976528", "EventData.Characteristics": "262400", "EventData.IsSystemCritical": "True", "EventData.PagingCount": "0", "EventData.HibernationCount": "0", "EventData.DumpCount": "0", "EventData.BytesPerSector": "512", "EventData.Capacity": "96636764160", "EventData.BusType": "10", "EventData.Manufacturer": "VMware", "EventData.Model": "Virtual disk", "EventData.Revision": "2.0", "EventData.SerialNumber": "NULL", "EventData.Location": "PCI Slot 160 : Bus 3 : Device 0 : Function 0 : Adapter 0 : Port 0 : Target 0 : LUN 0", "EventData.ParentId": "PCI\\VEN_1000&DEV_0054&SUBSYS_197615AD&REV_01\\4&2509f6e&0&00A8", "EventData.Socket": "-1", "EventData.Slot": "160", "EventData.Bus": "3", "EventData.Device": "0", "EventData.Function": "0", "EventData.Adapter": "0", "EventData.Port": "0", "EventData.Target": "0", "EventData.Lun": "0", "EventData.IoctlSupport": "59879", "EventData.IdFlags": "2", "EventData.DiskId": "{c4de7acf-b584-11ef-a74b-806e6f6e6963}", "EventData.AdapterId": "{2572a953-954b-11ec-a6b8-806e6f6e6963}", "EventData.RegistryId": "{2572a961-954b-11ec-a6b8-806e6f6e6963}", "EventData.PoolId": "{00000000-0000-0000-0000-000000000000}", "EventData.FirmwareSupportsUpgrade": "True", "EventData.FirmwareSlotCount": "1", "EventData.StorageIdCount": "0", "EventData.StorageIdCodeSet": "0", "EventData.StorageIdType": "0", "EventData.StorageIdAssociation": "0", "EventData.StorageIdBytes": "0", "EventData.StorageId": null, "EventData.WriteCacheType": "0", "EventData.WriteCacheEnabled": "0", "EventData.WriteCacheChangeable": "0", "EventData.WriteThroughSupported": "0", "EventData.FlushCacheSupported": "False", "EventData.IsPowerProtected": "False", "EventData.NVCacheEnabled": "False", "EventData.BytesPerLogicalSector": "512", "EventData.BytesPerPhysicalSector": "512", "EventData.BytesOffsetForSectorAlignment": "0", "EventData.IncursSeekPenalty": "False", "EventData.IsTrimSupported": "False", "EventData.IsThinProvisioned": "False", "EventData.OptimalUnmapGranularity": "0", "EventData.UnmapAlignment": "0", "EventData.NumberOfLogicalCopies": "0", "EventData.NumberOfPhysicalCopies": "0", "EventData.FaultTolerance": "0", "EventData.NumberOfColumns": "0", "EventData.InterleaveBytes": "0", "EventData.HybridSupported": "False", "EventData.HybridCacheBytes": "0", "EventData.AdapterMaximumTransferBytes": "16777215", "EventData.AdapterMaximumTransferPages": "257", "EventData.AdapterAlignmentMask": "0", "EventData.AdapterSerialNumber": "NULL", "EventData.PortDriver": "1", "EventData.UserRemovalPolicy": "False", "EventData.PartitionStyle": "1", "EventData.PartitionCount": "4", "EventData.PartitionTableBytes": "624", "EventData.PartitionTable": "AQAAAAQAAAD4OlK1ULGKT4RoGH7auIX0AEQAAAAAAAAAev9/FgAAAIAAAAAAAAAAAQAAAAAAAAAAABAAAAAAAAAAQAYAAAAAAQAAAAAAAAAocyrBH/jSEbpLAKDJPsk7Ft7tjFc2cUiMh/1rxmz2kwAAAAAAAACARQBGAEkAIABzAHkAcwB0AGUAbQAgAHAAYQByAHQAaQB0AGkAbwBuAAAAAAAAAAAAAAAAAAAAAAAAAAAAAAAAAAAAAAAAAAAAAQAAAAAAAAAAAFAGAAAAAAAAAAEAAAAAAgAAAAAAAAAW48njXAu4TYF9+S3wAhWubxyUU+4aUkGSxur5kk16EAAAAAAAAACATQBpAGMAcgBvAHMAbwBmAHQAIAByAGUAcwBlAHIAdgBlAGQAIABwAGEAcgB0AGkAdABpAG8AbgAAAAAAAAAAAAAAAAAAAAAAAQAAAAAAAAAAAFAHAAAAAADiC1gWAAAAAwAAAAAAAACioNDr5bkzRIfAaLa3JpnHY4Y6w6JxMUCM7MIZFP4SrQAAAAAAAAAAQgBhAHMAaQBjACAAZABhAHQAYQAgAHAAYQByAHQAaQB0AGkAbwBuAAAAAAAAAAAAAAAAAAAAAAAAAAAAAAAAAAAAAAAAAAAAAQAAAAAAAAAAAGBfFgAAAAAAgCAAAAAABAAAAAAAAACku5Te0QZATaFqv9UBedasLLUb3g5OYUObu7rx0+QMAQEAAAAAAACAAAAAAAAAAAAAAAAAAAAAAAAAAAAAAAAAAAAAAAAAAAAAAAAAAAAAAAAAAAAAAAAAAAAAAAAAAAAAAAAAAAAAAAAAAAAAAAAA", "EventData.MbrBytes": "0", "EventData.Mbr": null, "EventData.Vbr0Bytes": "0", "EventData.Vbr0": null, "EventData.Vbr1Bytes": "0", "EventData.Vbr1": null, "EventData.Vbr2Bytes": "0", "EventData.Vbr2": null, "EventData.Vbr3Size": "0", "EventData.Vbr3": null}
{"EventID": "1006", "Channel": "Microsoft-Windows-Partition/Diagnostic", "Provider_Name": "Microsoft-Windows-Partition", "Computer": "DESKTOP-OFJ6N53", "TimeCreated": "2024-12-11 15:06:04.965496+00:00", "RecordID": "151", "Level": "4", "UserID": "S-1-5-18", "EventData.DiskNumber": "0", "EventData.Flags": "538976528", "EventData.Characteristics": "262400", "EventData.IsSystemCritical": "True", "EventData.PagingCount": "0", "EventData.HibernationCount": "0", "EventData.DumpCount": "0", "EventData.BytesPerSector": "512", "EventData.Capacity": "96636764160", "EventData.BusType": "10", "EventData.Manufacturer": "VMware", "EventData.Model": "Virtual disk", "EventData.Revision": "2.0", "EventData.SerialNumber": "NULL", "EventData.Location": "PCI Slot 160 : Bus 3 : Device 0 : Function 0 : Adapter 0 : Port 0 : Target 0 : LUN 0", "EventData.ParentId": "PCI\\VEN_1000&DEV_0054&SUBSYS_197615AD&REV_01\\4&2509f6e&0&00A8", "EventData.Socket": "-1", "EventData.Slot": "160", "EventData.Bus": "3", "EventData.Device": "0", "EventData.Function": "0", "EventData.Adapter": "0", "EventData.Port": "0", "EventData.Target": "0", "EventData.Lun": "0", "EventData.IoctlSupport": "59879", "EventData.IdFlags": "2", "EventData.DiskId": "{6eb2474f-b7d1-11ef-a74c-806e6f6e6963}", "EventData.AdapterId": "{2572a953-954b-11ec-a6b8-806e6f6e6963}", "EventData.RegistryId": "{2572a961-954b-11ec-a6b8-806e6f6e6963}", "EventData.PoolId": "{00000000-0000-0000-0000-000000000000}", "EventData.FirmwareSupportsUpgrade": "True", "EventData.FirmwareSlotCount": "1", "EventData.StorageIdCount": "0", "EventData.StorageIdCodeSet": "0", "EventData.StorageIdType": "0", "EventData.StorageIdAssociation": "0", "EventData.StorageIdBytes": "0", "EventData.StorageId": null, "EventData.WriteCacheType": "0", "EventData.WriteCacheEnabled": "0", "EventData.WriteCacheChangeable": "0", "EventData.WriteThroughSupported": "0", "EventData.FlushCacheSupported": "False", "EventData.IsPowerProtected": "False", "EventData.NVCacheEnabled": "False", "EventData.BytesPerLogicalSector": "512", "EventData.BytesPerPhysicalSector": "512", "EventData.BytesOffsetForSectorAlignment": "0", "EventData.IncursSeekPenalty": "False", "EventData.IsTrimSupported": "False", "EventData.IsThinProvisioned": "False", "EventData.OptimalUnmapGranularity": "0", "EventData.UnmapAlignment": "0", "EventData.NumberOfLogicalCopies": "0", "EventData.NumberOfPhysicalCopies": "0", "EventData.FaultTolerance": "0", "EventData.NumberOfColumns": "0", "EventData.InterleaveBytes": "0", "EventData.HybridSupported": "False", "EventData.HybridCacheBytes": "0", "EventData.AdapterMaximumTransferBytes": "16777215", "EventData.AdapterMaximumTransferPages": "257", "EventData.AdapterAlignmentMask": "0", "EventData.AdapterSerialNumber": "NULL", "EventData.PortDriver": "1", "EventData.UserRemovalPolicy": "False", "EventData.PartitionStyle": "1", "EventData.PartitionCount": "4", "EventData.PartitionTableBytes": "624", "EventData.PartitionTable": "AQAAAAQAAAD4OlK1ULGKT4RoGH7auIX0AEQAAAAAAAAAev9/FgAAAIAAAAAAAAAAAQAAAAAAAAAAABAAAAAAAAAAQAYAAAAAAQAAAAAAAAAocyrBH/jSEbpLAKDJPsk7Ft7tjFc2cUiMh/1rxmz2kwAAAAAAAACARQBGAEkAIABzAHkAcwB0AGUAbQAgAHAAYQByAHQAaQB0AGkAbwBuAAAAAAAAAAAAAAAAAAAAAAAAAAAAAAAAAAAAAAAAAAAAAQAAAAAAAAAAAFAGAAAAAAAAAAEAAAAAAgAAAAAAAAAW48njXAu4TYF9+S3wAhWubxyUU+4aUkGSxur5kk16EAAAAAAAAACATQBpAGMAcgBvAHMAbwBmAHQAIAByAGUAcwBlAHIAdgBlAGQAIABwAGEAcgB0AGkAdABpAG8AbgAAAAAAAAAAAAAAAAAAAAAAAQAAAAAAAAAAAFAHAAAAAADiC1gWAAAAAwAAAAAAAACioNDr5bkzRIfAaLa3JpnHY4Y6w6JxMUCM7MIZFP4SrQAAAAAAAAAAQgBhAHMAaQBjACAAZABhAHQAYQAgAHAAYQByAHQAaQB0AGkAbwBuAAAAAAAAAAAAAAAAAAAAAAAAAAAAAAAAAAAAAAAAAAAAAQAAAAAAAAAAAGBfFgAAAAAAgCAAAAAABAAAAAAAAACku5Te0QZATaFqv9UBedasLLUb3g5OYUObu7rx0+QMAQEAAAAAAACAAAAAAAAAAAAAAAAAAAAAAAAAAAAAAAAAAAAAAAAAAAAAAAAAAAAAAAAAAAAAAAAAAAAAAAAAAAAAAAAAAAAAAAAAAAAAAAAA", "EventData.MbrBytes": "0", "EventData.Mbr": null, "EventData.Vbr0Bytes": "0", "EventData.Vbr0": null, "EventData.Vbr1Bytes": "0", "EventData.Vbr1": null, "EventData.Vbr2Bytes": "0", "EventData.Vbr2": null, "EventData.Vbr3Size": "0", "EventData.Vbr3": null}
{"EventID": "1006", "Channel": "Microsoft-Windows-Partition/Diagnostic", "Provider_Name": "Microsoft-Windows-Partition", "Computer": "DESKTOP-OFJ6N53", "TimeCreated": "2024-12-23 14:09:45.918373+00:00", "RecordID": "152", "Level": "4", "UserID": "S-1-5-18", "EventData.DiskNumber": "0", "EventData.Flags": "538976528", "EventData.Characteristics": "262400", "EventData.IsSystemCritical": "True", "EventData.PagingCount": "0", "EventData.HibernationCount": "0", "EventData.DumpCount": "0", "EventData.BytesPerSector": "512", "EventData.Capacity": "96636764160", "EventData.BusType": "10", "EventData.Manufacturer": "VMware", "EventData.Model": "Virtual disk", "EventData.Revision": "2.0", "EventData.SerialNumber": "NULL", "EventData.Location": "PCI Slot 160 : Bus 3 : Device 0 : Function 0 : Adapter 0 : Port 0 : Target 0 : LUN 0", "EventData.ParentId": "PCI\\VEN_1000&DEV_0054&SUBSYS_197615AD&REV_01\\4&2509f6e&0&00A8", "EventData.Socket": "-1", "EventData.Slot": "160", "EventData.Bus": "3", "EventData.Device": "0", "EventData.Function": "0", "EventData.Adapter": "0", "EventData.Port": "0", "EventData.Target": "0", "EventData.Lun": "0", "EventData.IoctlSupport": "59879", "EventData.IdFlags": "2", "EventData.DiskId": "{8d9ccbcf-c137-11ef-a74d-806e6f6e6963}", "EventData.AdapterId": "{2572a953-954b-11ec-a6b8-806e6f6e6963}", "EventData.RegistryId": "{2572a961-954b-11ec-a6b8-806e6f6e6963}", "EventData.PoolId": "{00000000-0000-0000-0000-000000000000}", "EventData.FirmwareSupportsUpgrade": "True", "EventData.FirmwareSlotCount": "1", "EventData.StorageIdCount": "0", "EventData.StorageIdCodeSet": "0", "EventData.StorageIdType": "0", "EventData.StorageIdAssociation": "0", "EventData.StorageIdBytes": "0", "EventData.StorageId": null, "EventData.WriteCacheType": "0", "EventData.WriteCacheEnabled": "0", "EventData.WriteCacheChangeable": "0", "EventData.WriteThroughSupported": "0", "EventData.FlushCacheSupported": "False", "EventData.IsPowerProtected": "False", "EventData.NVCacheEnabled": "False", "EventData.BytesPerLogicalSector": "512", "EventData.BytesPerPhysicalSector": "512", "EventData.BytesOffsetForSectorAlignment": "0", "EventData.IncursSeekPenalty": "False", "EventData.IsTrimSupported": "False", "EventData.IsThinProvisioned": "False", "EventData.OptimalUnmapGranularity": "0", "EventData.UnmapAlignment": "0", "EventData.NumberOfLogicalCopies": "0", "EventData.NumberOfPhysicalCopies": "0", "EventData.FaultTolerance": "0", "EventData.NumberOfColumns": "0", "EventData.InterleaveBytes": "0", "EventData.HybridSupported": "False", "EventData.HybridCacheBytes": "0", "EventData.AdapterMaximumTransferBytes": "16777215", "EventData.AdapterMaximumTransferPages": "257", "EventData.AdapterAlignmentMask": "0", "EventData.AdapterSerialNumber": "NULL", "EventData.PortDriver": "1", "EventData.UserRemovalPolicy": "False", "EventData.PartitionStyle": "1", "EventData.PartitionCount": "4", "EventData.PartitionTableBytes": "624", "EventData.PartitionTable": "AQAAAAQAAAD4OlK1ULGKT4RoGH7auIX0AEQAAAAAAAAAev9/FgAAAIAAAAAAAAAAAQAAAAAAAAAAABAAAAAAAAAAQAYAAAAAAQAAAAAAAAAocyrBH/jSEbpLAKDJPsk7Ft7tjFc2cUiMh/1rxmz2kwAAAAAAAACARQBGAEkAIABzAHkAcwB0AGUAbQAgAHAAYQByAHQAaQB0AGkAbwBuAAAAAAAAAAAAAAAAAAAAAAAAAAAAAAAAAAAAAAAAAAAAAQAAAAAAAAAAAFAGAAAAAAAAAAEAAAAAAgAAAAAAAAAW48njXAu4TYF9+S3wAhWubxyUU+4aUkGSxur5kk16EAAAAAAAAACATQBpAGMAcgBvAHMAbwBmAHQAIAByAGUAcwBlAHIAdgBlAGQAIABwAGEAcgB0AGkAdABpAG8AbgAAAAAAAAAAAAAAAAAAAAAAAQAAAAAAAAAAAFAHAAAAAADiC1gWAAAAAwAAAAAAAACioNDr5bkzRIfAaLa3JpnHY4Y6w6JxMUCM7MIZFP4SrQAAAAAAAAAAQgBhAHMAaQBjACAAZABhAHQAYQAgAHAAYQByAHQAaQB0AGkAbwBuAAAAAAAAAAAAAAAAAAAAAAAAAAAAAAAAAAAAAAAAAAAAAQAAAAAAAAAAAGBfFgAAAAAAgCAAAAAABAAAAAAAAACku5Te0QZATaFqv9UBedasLLUb3g5OYUObu7rx0+QMAQEAAAAAAACAAAAAAAAAAAAAAAAAAAAAAAAAAAAAAAAAAAAAAAAAAAAAAAAAAAAAAAAAAAAAAAAAAAAAAAAAAAAAAAAAAAAAAAAAAAAAAAAA", "EventData.MbrBytes": "0", "EventData.Mbr": null, "EventData.Vbr0Bytes": "0", "EventData.Vbr0": null, "EventData.Vbr1Bytes": "0", "EventData.Vbr1": null, "EventData.Vbr2Bytes": "0", "EventData.Vbr2": null, "EventData.Vbr3Size": "0", "EventData.Vbr3": null}
{"EventID": "1006", "Channel": "Microsoft-Windows-Partition/Diagnostic", "Provider_Name": "Microsoft-Windows-Partition", "Computer": "DESKTOP-OFJ6N53", "TimeCreated": "2025-01-09 14:55:09.381184+00:00", "RecordID": "153", "Level": "4", "UserID": "S-1-5-18", "EventData.DiskNumber": "0", "EventData.Flags": "538976528", "EventData.Characteristics": "262400", "EventData.IsSystemCritical": "True", "EventData.PagingCount": "0", "EventData.HibernationCount": "0", "EventData.DumpCount": "0", "EventData.BytesPerSector": "512", "EventData.Capacity": "96636764160", "EventData.BusType": "10", "EventData.Manufacturer": "VMware", "EventData.Model": "Virtual disk", "EventData.Revision": "2.0", "EventData.SerialNumber": "NULL", "EventData.Location": "PCI Slot 160 : Bus 3 : Device 0 : Function 0 : Adapter 0 : Port 0 : Target 0 : LUN 0", "EventData.ParentId": "PCI\\VEN_1000&DEV_0054&SUBSYS_197615AD&REV_01\\4&2509f6e&0&00A8", "EventData.Socket": "-1", "EventData.Slot": "160", "EventData.Bus": "3", "EventData.Device": "0", "EventData.Function": "0", "EventData.Adapter": "0", "EventData.Port": "0", "EventData.Target": "0", "EventData.Lun": "0", "EventData.IoctlSupport": "59879", "EventData.IdFlags": "2", "EventData.DiskId": "{b5ab5f4f-ce99-11ef-a74e-806e6f6e6963}", "EventData.AdapterId": "{2572a953-954b-11ec-a6b8-806e6f6e6963}", "EventData.RegistryId": "{2572a961-954b-11ec-a6b8-806e6f6e6963}", "EventData.PoolId": "{00000000-0000-0000-0000-000000000000}", "EventData.FirmwareSupportsUpgrade": "True", "EventData.FirmwareSlotCount": "1", "EventData.StorageIdCount": "0", "EventData.StorageIdCodeSet": "0", "EventData.StorageIdType": "0", "EventData.StorageIdAssociation": "0", "EventData.StorageIdBytes": "0", "EventData.StorageId": null, "EventData.WriteCacheType": "0", "EventData.WriteCacheEnabled": "0", "EventData.WriteCacheChangeable": "0", "EventData.WriteThroughSupported": "0", "EventData.FlushCacheSupported": "False", "EventData.IsPowerProtected": "False", "EventData.NVCacheEnabled": "False", "EventData.BytesPerLogicalSector": "512", "EventData.BytesPerPhysicalSector": "512", "EventData.BytesOffsetForSectorAlignment": "0", "EventData.IncursSeekPenalty": "False", "EventData.IsTrimSupported": "False", "EventData.IsThinProvisioned": "False", "EventData.OptimalUnmapGranularity": "0", "EventData.UnmapAlignment": "0", "EventData.NumberOfLogicalCopies": "0", "EventData.NumberOfPhysicalCopies": "0", "EventData.FaultTolerance": "0", "EventData.NumberOfColumns": "0", "EventData.InterleaveBytes": "0", "EventData.HybridSupported": "False", "EventData.HybridCacheBytes": "0", "EventData.AdapterMaximumTransferBytes": "16777215", "EventData.AdapterMaximumTransferPages": "257", "EventData.AdapterAlignmentMask": "0", "EventData.AdapterSerialNumber": "NULL", "EventData.PortDriver": "1", "EventData.UserRemovalPolicy": "False", "EventData.PartitionStyle": "1", "EventData.PartitionCount": "4", "EventData.PartitionTableBytes": "624", "EventData.PartitionTable": "AQAAAAQAAAD4OlK1ULGKT4RoGH7auIX0AEQAAAAAAAAAev9/FgAAAIAAAAAAAAAAAQAAAAAAAAAAABAAAAAAAAAAQAYAAAAAAQAAAAAAAAAocyrBH/jSEbpLAKDJPsk7Ft7tjFc2cUiMh/1rxmz2kwAAAAAAAACARQBGAEkAIABzAHkAcwB0AGUAbQAgAHAAYQByAHQAaQB0AGkAbwBuAAAAAAAAAAAAAAAAAAAAAAAAAAAAAAAAAAAAAAAAAAAAAQAAAAAAAAAAAFAGAAAAAAAAAAEAAAAAAgAAAAAAAAAW48njXAu4TYF9+S3wAhWubxyUU+4aUkGSxur5kk16EAAAAAAAAACATQBpAGMAcgBvAHMAbwBmAHQAIAByAGUAcwBlAHIAdgBlAGQAIABwAGEAcgB0AGkAdABpAG8AbgAAAAAAAAAAAAAAAAAAAAAAAQAAAAAAAAAAAFAHAAAAAADiC1gWAAAAAwAAAAAAAACioNDr5bkzRIfAaLa3JpnHY4Y6w6JxMUCM7MIZFP4SrQAAAAAAAAAAQgBhAHMAaQBjACAAZABhAHQAYQAgAHAAYQByAHQAaQB0AGkAbwBuAAAAAAAAAAAAAAAAAAAAAAAAAAAAAAAAAAAAAAAAAAAAAQAAAAAAAAAAAGBfFgAAAAAAgCAAAAAABAAAAAAAAACku5Te0QZATaFqv9UBedasLLUb3g5OYUObu7rx0+QMAQEAAAAAAACAAAAAAAAAAAAAAAAAAAAAAAAAAAAAAAAAAAAAAAAAAAAAAAAAAAAAAAAAAAAAAAAAAAAAAAAAAAAAAAAAAAAAAAAAAAAAAAAA", "EventData.MbrBytes": "0", "EventData.Mbr": null, "EventData.Vbr0Bytes": "0", "EventData.Vbr0": null, "EventData.Vbr1Bytes": "0", "EventData.Vbr1": null, "EventData.Vbr2Bytes": "0", "EventData.Vbr2": null, "EventData.Vbr3Size": "0", "EventData.Vbr3": null}
{"EventID": "1006", "Channel": "Microsoft-Windows-Partition/Diagnostic", "Provider_Name": "Microsoft-Windows-Partition", "Computer": "DESKTOP-OFJ6N53", "TimeCreated": "2025-01-14 23:22:25.820541+00:00", "RecordID": "154", "Level": "4", "UserID": "S-1-5-18", "EventData.DiskNumber": "0", "EventData.Flags": "538976528", "EventData.Characteristics": "262400", "EventData.IsSystemCritical": "True", "EventData.PagingCount": "0", "EventData.HibernationCount": "0", "EventData.DumpCount": "0", "EventData.BytesPerSector": "512", "EventData.Capacity": "96636764160", "EventData.BusType": "10", "EventData.Manufacturer": "VMware", "EventData.Model": "Virtual disk", "EventData.Revision": "2.0", "EventData.SerialNumber": "NULL", "EventData.Location": "PCI Slot 160 : Bus 3 : Device 0 : Function 0 : Adapter 0 : Port 0 : Target 0 : LUN 0", "EventData.ParentId": "PCI\\VEN_1000&DEV_0054&SUBSYS_197615AD&REV_01\\4&2509f6e&0&00A8", "EventData.Socket": "-1", "EventData.Slot": "160", "EventData.Bus": "3", "EventData.Device": "0", "EventData.Function": "0", "EventData.Adapter": "0", "EventData.Port": "0", "EventData.Target": "0", "EventData.Lun": "0", "EventData.IoctlSupport": "59879", "EventData.IdFlags": "2", "EventData.DiskId": "{667263b3-d2ce-11ef-a74f-806e6f6e6963}", "EventData.AdapterId": "{2572a953-954b-11ec-a6b8-806e6f6e6963}", "EventData.RegistryId": "{2572a961-954b-11ec-a6b8-806e6f6e6963}", "EventData.PoolId": "{00000000-0000-0000-0000-000000000000}", "EventData.FirmwareSupportsUpgrade": "True", "EventData.FirmwareSlotCount": "1", "EventData.StorageIdCount": "0", "EventData.StorageIdCodeSet": "0", "EventData.StorageIdType": "0", "EventData.StorageIdAssociation": "0", "EventData.StorageIdBytes": "0", "EventData.StorageId": null, "EventData.WriteCacheType": "0", "EventData.WriteCacheEnabled": "0", "EventData.WriteCacheChangeable": "0", "EventData.WriteThroughSupported": "0", "EventData.FlushCacheSupported": "False", "EventData.IsPowerProtected": "False", "EventData.NVCacheEnabled": "False", "EventData.BytesPerLogicalSector": "512", "EventData.BytesPerPhysicalSector": "512", "EventData.BytesOffsetForSectorAlignment": "0", "EventData.IncursSeekPenalty": "False", "EventData.IsTrimSupported": "False", "EventData.IsThinProvisioned": "False", "EventData.OptimalUnmapGranularity": "0", "EventData.UnmapAlignment": "0", "EventData.NumberOfLogicalCopies": "0", "EventData.NumberOfPhysicalCopies": "0", "EventData.FaultTolerance": "0", "EventData.NumberOfColumns": "0", "EventData.InterleaveBytes": "0", "EventData.HybridSupported": "False", "EventData.HybridCacheBytes": "0", "EventData.AdapterMaximumTransferBytes": "16777215", "EventData.AdapterMaximumTransferPages": "257", "EventData.AdapterAlignmentMask": "0", "EventData.AdapterSerialNumber": "NULL", "EventData.PortDriver": "1", "EventData.UserRemovalPolicy": "False", "EventData.PartitionStyle": "1", "EventData.PartitionCount": "4", "EventData.PartitionTableBytes": "624", "EventData.PartitionTable": "AQAAAAQAAAD4OlK1ULGKT4RoGH7auIX0AEQAAAAAAAAAev9/FgAAAIAAAAAAAAAAAQAAAAAAAAAAABAAAAAAAAAAQAYAAAAAAQAAAAAAAAAocyrBH/jSEbpLAKDJPsk7Ft7tjFc2cUiMh/1rxmz2kwAAAAAAAACARQBGAEkAIABzAHkAcwB0AGUAbQAgAHAAYQByAHQAaQB0AGkAbwBuAAAAAAAAAAAAAAAAAAAAAAAAAAAAAAAAAAAAAAAAAAAAAQAAAAAAAAAAAFAGAAAAAAAAAAEAAAAAAgAAAAAAAAAW48njXAu4TYF9+S3wAhWubxyUU+4aUkGSxur5kk16EAAAAAAAAACATQBpAGMAcgBvAHMAbwBmAHQAIAByAGUAcwBlAHIAdgBlAGQAIABwAGEAcgB0AGkAdABpAG8AbgAAAAAAAAAAAAAAAAAAAAAAAQAAAAAAAAAAAFAHAAAAAADiC1gWAAAAAwAAAAAAAACioNDr5bkzRIfAaLa3JpnHY4Y6w6JxMUCM7MIZFP4SrQAAAAAAAAAAQgBhAHMAaQBjACAAZABhAHQAYQAgAHAAYQByAHQAaQB0AGkAbwBuAAAAAAAAAAAAAAAAAAAAAAAAAAAAAAAAAAAAAAAAAAAAAQAAAAAAAAAAAGBfFgAAAAAAgCAAAAAABAAAAAAAAACku5Te0QZATaFqv9UBedasLLUb3g5OYUObu7rx0+QMAQEAAAAAAACAAAAAAAAAAAAAAAAAAAAAAAAAAAAAAAAAAAAAAAAAAAAAAAAAAAAAAAAAAAAAAAAAAAAAAAAAAAAAAAAAAAAAAAAAAAAAAAAA", "EventData.MbrBytes": "0", "EventData.Mbr": null, "EventData.Vbr0Bytes": "0", "EventData.Vbr0": null, "EventData.Vbr1Bytes": "0", "EventData.Vbr1": null, "EventData.Vbr2Bytes": "0", "EventData.Vbr2": null, "EventData.Vbr3Size": "0", "EventData.Vbr3": null}
{"EventID": "1006", "Channel": "Microsoft-Windows-Partition/Diagnostic", "Provider_Name": "Microsoft-Windows-Partition", "Computer": "DESKTOP-OFJ6N53", "TimeCreated": "2025-01-24 12:03:13.386366+00:00", "RecordID": "155", "Level": "4", "UserID": "S-1-5-18", "EventData.DiskNumber": "0", "EventData.Flags": "538976528", "EventData.Characteristics": "262400", "EventData.IsSystemCritical": "True", "EventData.PagingCount": "0", "EventData.HibernationCount": "0", "EventData.DumpCount": "0", "EventData.BytesPerSector": "512", "EventData.Capacity": "96636764160", "EventData.BusType": "10", "EventData.Manufacturer": "VMware", "EventData.Model": "Virtual disk", "EventData.Revision": "2.0", "EventData.SerialNumber": "NULL", "EventData.Location": "PCI Slot 160 : Bus 3 : Device 0 : Function 0 : Adapter 0 : Port 0 : Target 0 : LUN 0", "EventData.ParentId": "PCI\\VEN_1000&DEV_0054&SUBSYS_197615AD&REV_01\\4&2509f6e&0&00A8", "EventData.Socket": "-1", "EventData.Slot": "160", "EventData.Bus": "3", "EventData.Device": "0", "EventData.Function": "0", "EventData.Adapter": "0", "EventData.Port": "0", "EventData.Target": "0", "EventData.Lun": "0", "EventData.IoctlSupport": "59879", "EventData.IdFlags": "2", "EventData.DiskId": "{2cc88a1f-da4b-11ef-a750-806e6f6e6963}", "EventData.AdapterId": "{2572a953-954b-11ec-a6b8-806e6f6e6963}", "EventData.RegistryId": "{2572a961-954b-11ec-a6b8-806e6f6e6963}", "EventData.PoolId": "{00000000-0000-0000-0000-000000000000}", "EventData.FirmwareSupportsUpgrade": "True", "EventData.FirmwareSlotCount": "1", "EventData.StorageIdCount": "0", "EventData.StorageIdCodeSet": "0", "EventData.StorageIdType": "0", "EventData.StorageIdAssociation": "0", "EventData.StorageIdBytes": "0", "EventData.StorageId": null, "EventData.WriteCacheType": "0", "EventData.WriteCacheEnabled": "0", "EventData.WriteCacheChangeable": "0", "EventData.WriteThroughSupported": "0", "EventData.FlushCacheSupported": "False", "EventData.IsPowerProtected": "False", "EventData.NVCacheEnabled": "False", "EventData.BytesPerLogicalSector": "512", "EventData.BytesPerPhysicalSector": "512", "EventData.BytesOffsetForSectorAlignment": "0", "EventData.IncursSeekPenalty": "False", "EventData.IsTrimSupported": "False", "EventData.IsThinProvisioned": "False", "EventData.OptimalUnmapGranularity": "0", "EventData.UnmapAlignment": "0", "EventData.NumberOfLogicalCopies": "0", "EventData.NumberOfPhysicalCopies": "0", "EventData.FaultTolerance": "0", "EventData.NumberOfColumns": "0", "EventData.InterleaveBytes": "0", "EventData.HybridSupported": "False", "EventData.HybridCacheBytes": "0", "EventData.AdapterMaximumTransferBytes": "16777215", "EventData.AdapterMaximumTransferPages": "257", "EventData.AdapterAlignmentMask": "0", "EventData.AdapterSerialNumber": "NULL", "EventData.PortDriver": "1", "EventData.UserRemovalPolicy": "False", "EventData.PartitionStyle": "1", "EventData.PartitionCount": "4", "EventData.PartitionTableBytes": "624", "EventData.PartitionTable": "AQAAAAQAAAD4OlK1ULGKT4RoGH7auIX0AEQAAAAAAAAAev9/FgAAAIAAAAAAAAAAAQAAAAAAAAAAABAAAAAAAAAAQAYAAAAAAQAAAAAAAAAocyrBH/jSEbpLAKDJPsk7Ft7tjFc2cUiMh/1rxmz2kwAAAAAAAACARQBGAEkAIABzAHkAcwB0AGUAbQAgAHAAYQByAHQAaQB0AGkAbwBuAAAAAAAAAAAAAAAAAAAAAAAAAAAAAAAAAAAAAAAAAAAAAQAAAAAAAAAAAFAGAAAAAAAAAAEAAAAAAgAAAAAAAAAW48njXAu4TYF9+S3wAhWubxyUU+4aUkGSxur5kk16EAAAAAAAAACATQBpAGMAcgBvAHMAbwBmAHQAIAByAGUAcwBlAHIAdgBlAGQAIABwAGEAcgB0AGkAdABpAG8AbgAAAAAAAAAAAAAAAAAAAAAAAQAAAAAAAAAAAFAHAAAAAADiC1gWAAAAAwAAAAAAAACioNDr5bkzRIfAaLa3JpnHY4Y6w6JxMUCM7MIZFP4SrQAAAAAAAAAAQgBhAHMAaQBjACAAZABhAHQAYQAgAHAAYQByAHQAaQB0AGkAbwBuAAAAAAAAAAAAAAAAAAAAAAAAAAAAAAAAAAAAAAAAAAAAAQAAAAAAAAAAAGBfFgAAAAAAgCAAAAAABAAAAAAAAACku5Te0QZATaFqv9UBedasLLUb3g5OYUObu7rx0+QMAQEAAAAAAACAAAAAAAAAAAAAAAAAAAAAAAAAAAAAAAAAAAAAAAAAAAAAAAAAAAAAAAAAAAAAAAAAAAAAAAAAAAAAAAAAAAAAAAAAAAAAAAAA", "EventData.MbrBytes": "0", "EventData.Mbr": null, "EventData.Vbr0Bytes": "0", "EventData.Vbr0": null, "EventData.Vbr1Bytes": "0", "EventData.Vbr1": null, "EventData.Vbr2Bytes": "0", "EventData.Vbr2": null, "EventData.Vbr3Size": "0", "EventData.Vbr3": null}
{"EventID": "1006", "Channel": "Microsoft-Windows-Partition/Diagnostic", "Provider_Name": "Microsoft-Windows-Partition", "Computer": "DESKTOP-OFJ6N53", "TimeCreated": "2025-02-05 14:01:46.922037+00:00", "RecordID": "156", "Level": "4", "UserID": "S-1-5-18", "EventData.DiskNumber": "0", "EventData.Flags": "538976528", "EventData.Characteristics": "262400", "EventData.IsSystemCritical": "True", "EventData.PagingCount": "0", "EventData.HibernationCount": "0", "EventData.DumpCount": "0", "EventData.BytesPerSector": "512", "EventData.Capacity": "96636764160", "EventData.BusType": "10", "EventData.Manufacturer": "VMware", "EventData.Model": "Virtual disk", "EventData.Revision": "2.0", "EventData.SerialNumber": "NULL", "EventData.Location": "PCI Slot 160 : Bus 3 : Device 0 : Function 0 : Adapter 0 : Port 0 : Target 0 : LUN 0", "EventData.ParentId": "PCI\\VEN_1000&DEV_0054&SUBSYS_197615AD&REV_01\\4&2509f6e&0&00A8", "EventData.Socket": "-1", "EventData.Slot": "160", "EventData.Bus": "3", "EventData.Device": "0", "EventData.Function": "0", "EventData.Adapter": "0", "EventData.Port": "0", "EventData.Target": "0", "EventData.Lun": "0", "EventData.IoctlSupport": "59879", "EventData.IdFlags": "2", "EventData.DiskId": "{b8d9e4aa-e3c9-11ef-a751-806e6f6e6963}", "EventData.AdapterId": "{2572a953-954b-11ec-a6b8-806e6f6e6963}", "EventData.RegistryId": "{2572a961-954b-11ec-a6b8-806e6f6e6963}", "EventData.PoolId": "{00000000-0000-0000-0000-000000000000}", "EventData.FirmwareSupportsUpgrade": "True", "EventData.FirmwareSlotCount": "1", "EventData.StorageIdCount": "0", "EventData.StorageIdCodeSet": "0", "EventData.StorageIdType": "0", "EventData.StorageIdAssociation": "0", "EventData.StorageIdBytes": "0", "EventData.StorageId": null, "EventData.WriteCacheType": "0", "EventData.WriteCacheEnabled": "0", "EventData.WriteCacheChangeable": "0", "EventData.WriteThroughSupported": "0", "EventData.FlushCacheSupported": "False", "EventData.IsPowerProtected": "False", "EventData.NVCacheEnabled": "False", "EventData.BytesPerLogicalSector": "512", "EventData.BytesPerPhysicalSector": "512", "EventData.BytesOffsetForSectorAlignment": "0", "EventData.IncursSeekPenalty": "False", "EventData.IsTrimSupported": "False", "EventData.IsThinProvisioned": "False", "EventData.OptimalUnmapGranularity": "0", "EventData.UnmapAlignment": "0", "EventData.NumberOfLogicalCopies": "0", "EventData.NumberOfPhysicalCopies": "0", "EventData.FaultTolerance": "0", "EventData.NumberOfColumns": "0", "EventData.InterleaveBytes": "0", "EventData.HybridSupported": "False", "EventData.HybridCacheBytes": "0", "EventData.AdapterMaximumTransferBytes": "16777215", "EventData.AdapterMaximumTransferPages": "257", "EventData.AdapterAlignmentMask": "0", "EventData.AdapterSerialNumber": "NULL", "EventData.PortDriver": "1", "EventData.UserRemovalPolicy": "False", "EventData.PartitionStyle": "1", "EventData.PartitionCount": "4", "EventData.PartitionTableBytes": "624", "EventData.PartitionTable": "AQAAAAQAAAD4OlK1ULGKT4RoGH7auIX0AEQAAAAAAAAAev9/FgAAAIAAAAAAAAAAAQAAAAAAAAAAABAAAAAAAAAAQAYAAAAAAQAAAAAAAAAocyrBH/jSEbpLAKDJPsk7Ft7tjFc2cUiMh/1rxmz2kwAAAAAAAACARQBGAEkAIABzAHkAcwB0AGUAbQAgAHAAYQByAHQAaQB0AGkAbwBuAAAAAAAAAAAAAAAAAAAAAAAAAAAAAAAAAAAAAAAAAAAAAQAAAAAAAAAAAFAGAAAAAAAAAAEAAAAAAgAAAAAAAAAW48njXAu4TYF9+S3wAhWubxyUU+4aUkGSxur5kk16EAAAAAAAAACATQBpAGMAcgBvAHMAbwBmAHQAIAByAGUAcwBlAHIAdgBlAGQAIABwAGEAcgB0AGkAdABpAG8AbgAAAAAAAAAAAAAAAAAAAAAAAQAAAAAAAAAAAFAHAAAAAADiC1gWAAAAAwAAAAAAAACioNDr5bkzRIfAaLa3JpnHY4Y6w6JxMUCM7MIZFP4SrQAAAAAAAAAAQgBhAHMAaQBjACAAZABhAHQAYQAgAHAAYQByAHQAaQB0AGkAbwBuAAAAAAAAAAAAAAAAAAAAAAAAAAAAAAAAAAAAAAAAAAAAAQAAAAAAAAAAAGBfFgAAAAAAgCAAAAAABAAAAAAAAACku5Te0QZATaFqv9UBedasLLUb3g5OYUObu7rx0+QMAQEAAAAAAACAAAAAAAAAAAAAAAAAAAAAAAAAAAAAAAAAAAAAAAAAAAAAAAAAAAAAAAAAAAAAAAAAAAAAAAAAAAAAAAAAAAAAAAAAAAAAAAAA", "EventData.MbrBytes": "0", "EventData.Mbr": null, "EventData.Vbr0Bytes": "0", "EventData.Vbr0": null, "EventData.Vbr1Bytes": "0", "EventData.Vbr1": null, "EventData.Vbr2Bytes": "0", "EventData.Vbr2": null, "EventData.Vbr3Size": "0", "EventData.Vbr3": null}
