{"EventID": "161", "Channel": "Microsoft-Windows-WinRM/Operational", "Provider_Name": "Microsoft-Windows-WinRM", "Computer": "DESKTOP-OFJ6N53", "TimeCreated": "2025-07-19 14:25:46.996078+00:00", "RecordID": "49473", "Level": "2", "UserID": "S-1-5-18", "EventData.authFailureMessage": "Клиенту не удается подключиться к узлу назначения, указанному в запросе. Убедитесь, что служба на узле назначения работает и принимает запросы. Ознакомьтесь с журналами и документацией для определения запущенной на узле назначения службы WS-Management (чаще всего это IIS или WinRM). Если это служба WinRM, то для анализа состояния и настройки этой службы используйте на удаленном узле команду \"winrm quickconfig\"."}
{"EventID": "142", "Channel": "Microsoft-Windows-WinRM/Operational", "Provider_Name": "Microsoft-Windows-WinRM", "Computer": "DESKTOP-OFJ6N53", "TimeCreated": "2025-07-19 14:25:46.996162+00:00", "RecordID": "49474", "Level": "2", "UserID": "S-1-5-18", "EventData.operationName": "Enumeration", "EventData.errorCode": "2150858770"}
{"EventID": "145", "Channel": "Microsoft-Windows-WinRM/Operational", "Provider_Name": "Microsoft-Windows-WinRM", "Computer": "DESKTOP-OFJ6N53", "TimeCreated": "2025-07-19 16:25:14.590570+00:00", "RecordID": "49475", "Level": "4", "UserID": "S-1-5-18", "EventData.operationName": "Enumeration", "EventData.resourceUri": "http://schemas.microsoft.com/wbem/wsman/1/config/listener"}
{"EventID": "254", "Channel": "Microsoft-Windows-WinRM/Operational", "Provider_Name": "Microsoft-Windows-WinRM", "Computer": "DESKTOP-OFJ6N53", "TimeCreated": "2025-07-19 16:25:18.699560+00:00", "RecordID": "49476", "Level": "4", "UserID": "S-1-5-18"}
{"EventID": "161", "Channel": "Microsoft-Windows-WinRM/Operational", "Provider_Name": "Microsoft-Windows-WinRM", "Computer": "DESKTOP-OFJ6N53", "TimeCreated": "2025-07-19 16:25:18.699560+00:00", "RecordID": "49477", "Level": "2", "UserID": "S-1-5-18", "EventData.authFailureMessage": "Клиенту не удается подключиться к узлу назначения, указанному в запросе. Убедитесь, что служба на узле назначения работает и принимает запросы. Ознакомьтесь с журналами и документацией для определения запущенной на узле назначения службы WS-Management (чаще всего это IIS или WinRM). Если это служба WinRM, то для анализа состояния и настройки этой службы используйте на удаленном узле команду \"winrm quickconfig\"."}
{"EventID": "142", "Channel": "Microsoft-Windows-WinRM/Operational", "Provider_Name": "Microsoft-Windows-WinRM", "Computer": "DESKTOP-OFJ6N53", "TimeCreated": "2025-07-19 16:25:18.699654+00:00", "RecordID": "49478", "Level": "2", "UserID": "S-1-5-18", "EventData.operationName": "Enumeration", "EventData.errorCode": "2150858770"}
{"EventID": "145", "Channel": "Microsoft-Windows-WinRM/Operational", "Provider_Name": "Microsoft-Windows-WinRM", "Computer": "DESKTOP-OFJ6N53", "TimeCreated": "2025-07-20 09:53:58.397305+00:00", "RecordID": "49479", "Level": "4", "UserID": "S-1-5-18", "EventData.operationName": "Enumeration", "EventData.resourceUri": "http://schemas.microsoft.com/wbem/wsman/1/config/listener"}
{"EventID": "254", "Channel": "Microsoft-Windows-WinRM/Operational", "Provider_Name": "Microsoft-Windows-WinRM", "Computer": "DESKTOP-OFJ6N53", "TimeCreated": "2025-07-20 09:54:02.510241+00:00", "RecordID": "49480", "Level": "4", "UserID": "S-1-5-18"}
{"EventID": "161", "Channel": "Microsoft-Windows-WinRM/Operational", "Provider_Name": "Microsoft-Windows-WinRM", "Computer": "DESKTOP-OFJ6N53", "TimeCreated": "2025-07-20 09:54:02.510246+00:00", "RecordID": "49481", "Level": "2", "UserID": "S-1-5-18", "EventData.authFailureMessage": "Клиенту не удается подключиться к узлу назначения, указанному в запросе. Убедитесь, что служба на узле назначения работает и принимает запросы. Ознакомьтесь с журналами и документацией для определения запущенной на узле назначения службы WS-Management (чаще всего это IIS или WinRM). Если это служба WinRM, то для анализа состояния и настройки этой службы используйте на удаленном узле команду \"winrm quickconfig\"."}
{"EventID": "142", "Channel": "Microsoft-Windows-WinRM/Operational", "Provider_Name": "Microsoft-Windows-WinRM", "Computer": "DESKTOP-OFJ6N53", "TimeCreated": "2025-07-20 09:54:02.510365+00:00", "RecordID": "49482", "Level": "2", "UserID": "S-1-5-18", "EventData.operationName": "Enumeration", "EventData.errorCode": "2150858770"}
{"EventID": "145", "Channel": "Microsoft-Windows-WinRM/Operational", "Provider_Name": "Microsoft-Windows-WinRM", "Computer": "DESKTOP-OFJ6N53", "TimeCreated": "2025-07-20 14:25:41.526108+00:00", "RecordID": "49483", "Level": "4", "UserID": "S-1-5-18", "EventData.operationName": "Enumeration", "EventData.resourceUri": "http://schemas.microsoft.com/wbem/wsman/1/config/listener"}
{"EventID": "254", "Channel": "Microsoft-Windows-WinRM/Operational", "Provider_Name": "Microsoft-Windows-WinRM", "Computer": "DESKTOP-OFJ6N53", "TimeCreated": "2025-07-20 14:25:45.659262+00:00", "RecordID": "49484", "Level": "4", "UserID": "S-1-5-18"}
{"EventID": "161", "Channel": "Microsoft-Windows-WinRM/Operational", "Provider_Name": "Microsoft-Windows-WinRM", "Computer": "DESKTOP-OFJ6N53", "TimeCreated": "2025-07-20 14:25:45.659266+00:00", "RecordID": "49485", "Level": "2", "UserID": "S-1-5-18", "EventData.authFailureMessage": "Клиенту не удается подключиться к узлу назначения, указанному в запросе. Убедитесь, что служба на узле назначения работает и принимает запросы. Ознакомьтесь с журналами и документацией для определения запущенной на узле назначения службы WS-Management (чаще всего это IIS или WinRM). Если это служба WinRM, то для анализа состояния и настройки этой службы используйте на удаленном узле команду \"winrm quickconfig\"."}
{"EventID": "142", "Channel": "Microsoft-Windows-WinRM/Operational", "Provider_Name": "Microsoft-Windows-WinRM", "Computer": "DESKTOP-OFJ6N53", "TimeCreated": "2025-07-20 14:25:45.659342+00:00", "RecordID": "49486", "Level": "2", "UserID": "S-1-5-18", "EventData.operationName": "Enumeration", "EventData.errorCode": "2150858770"}
{"EventID": "145", "Channel": "Microsoft-Windows-WinRM/Operational", "Provider_Name": "Microsoft-Windows-WinRM", "Computer": "DESKTOP-OFJ6N53", "TimeCreated": "2025-07-20 16:59:29.477730+00:00", "RecordID": "49487", "Level": "4", "UserID": "S-1-5-18", "EventData.operationName": "Enumeration", "EventData.resourceUri": "http://schemas.microsoft.com/wbem/wsman/1/config/listener"}
{"EventID": "254", "Channel": "Microsoft-Windows-WinRM/Operational", "Provider_Name": "Microsoft-Windows-WinRM", "Computer": "DESKTOP-OFJ6N53", "TimeCreated": "2025-07-20 16:59:33.581699+00:00", "RecordID": "49488", "Level": "4", "UserID": "S-1-5-18"}
{"EventID": "161", "Channel": "Microsoft-Windows-WinRM/Operational", "Provider_Name": "Microsoft-Windows-WinRM", "Computer": "DESKTOP-OFJ6N53", "TimeCreated": "2025-07-20 16:59:33.581699+00:00", "RecordID": "49489", "Level": "2", "UserID": "S-1-5-18", "EventData.authFailureMessage": "Клиенту не удается подключиться к узлу назначения, указанному в запросе. Убедитесь, что служба на узле назначения работает и принимает запросы. Ознакомьтесь с журналами и документацией для определения запущенной на узле назначения службы WS-Management (чаще всего это IIS или WinRM). Если это служба WinRM, то для анализа состояния и настройки этой службы используйте на удаленном узле команду \"winrm quickconfig\"."}
{"EventID": "142", "Channel": "Microsoft-Windows-WinRM/Operational", "Provider_Name": "Microsoft-Windows-WinRM", "Computer": "DESKTOP-OFJ6N53", "TimeCreated": "2025-07-20 16:59:33.581789+00:00", "RecordID": "49490", "Level": "2", "UserID": "S-1-5-18", "EventData.operationName": "Enumeration", "EventData.errorCode": "2150858770"}
{"EventID": "145", "Channel": "Microsoft-Windows-WinRM/Operational", "Provider_Name": "Microsoft-Windows-WinRM", "Computer": "DESKTOP-OFJ6N53", "TimeCreated": "2025-07-21 09:54:03.586857+00:00", "RecordID": "49491", "Level": "4", "UserID": "S-1-5-18", "EventData.operationName": "Enumeration", "EventData.resourceUri": "http://schemas.microsoft.com/wbem/wsman/1/config/listener"}
{"EventID": "254", "Channel": "Microsoft-Windows-WinRM/Operational", "Provider_Name": "Microsoft-Windows-WinRM", "Computer": "DESKTOP-OFJ6N53", "TimeCreated": "2025-07-21 09:54:07.672400+00:00", "RecordID": "49492", "Level": "4", "UserID": "S-1-5-18"}
{"EventID": "161", "Channel": "Microsoft-Windows-WinRM/Operational", "Provider_Name": "Microsoft-Windows-WinRM", "Computer": "DESKTOP-OFJ6N53", "TimeCreated": "2025-07-21 09:54:07.672403+00:00", "RecordID": "49493", "Level": "2", "UserID": "S-1-5-18", "EventData.authFailureMessage": "Клиенту не удается подключиться к узлу назначения, указанному в запросе. Убедитесь, что служба на узле назначения работает и принимает запросы. Ознакомьтесь с журналами и документацией для определения запущенной на узле назначения службы WS-Management (чаще всего это IIS или WinRM). Если это служба WinRM, то для анализа состояния и настройки этой службы используйте на удаленном узле команду \"winrm quickconfig\"."}
{"EventID": "142", "Channel": "Microsoft-Windows-WinRM/Operational", "Provider_Name": "Microsoft-Windows-WinRM", "Computer": "DESKTOP-OFJ6N53", "TimeCreated": "2025-07-21 09:54:07.672489+00:00", "RecordID": "49494", "Level": "2", "UserID": "S-1-5-18", "EventData.operationName": "Enumeration", "EventData.errorCode": "2150858770"}
{"EventID": "145", "Channel": "Microsoft-Windows-WinRM/Operational", "Provider_Name": "Microsoft-Windows-WinRM", "Computer": "DESKTOP-OFJ6N53", "TimeCreated": "2025-07-21 13:13:24.473291+00:00", "RecordID": "49495", "Level": "4", "UserID": "S-1-5-18", "EventData.operationName": "Enumeration", "EventData.resourceUri": "http://schemas.microsoft.com/wbem/wsman/1/config/listener"}
{"EventID": "254", "Channel": "Microsoft-Windows-WinRM/Operational", "Provider_Name": "Microsoft-Windows-WinRM", "Computer": "DESKTOP-OFJ6N53", "TimeCreated": "2025-07-21 13:13:28.609726+00:00", "RecordID": "49496", "Level": "4", "UserID": "S-1-5-18"}
{"EventID": "161", "Channel": "Microsoft-Windows-WinRM/Operational", "Provider_Name": "Microsoft-Windows-WinRM", "Computer": "DESKTOP-OFJ6N53", "TimeCreated": "2025-07-21 13:13:28.609730+00:00", "RecordID": "49497", "Level": "2", "UserID": "S-1-5-18", "EventData.authFailureMessage": "Клиенту не удается подключиться к узлу назначения, указанному в запросе. Убедитесь, что служба на узле назначения работает и принимает запросы. Ознакомьтесь с журналами и документацией для определения запущенной на узле назначения службы WS-Management (чаще всего это IIS или WinRM). Если это служба WinRM, то для анализа состояния и настройки этой службы используйте на удаленном узле команду \"winrm quickconfig\"."}
{"EventID": "142", "Channel": "Microsoft-Windows-WinRM/Operational", "Provider_Name": "Microsoft-Windows-WinRM", "Computer": "DESKTOP-OFJ6N53", "TimeCreated": "2025-07-21 13:13:28.609810+00:00", "RecordID": "49498", "Level": "2", "UserID": "S-1-5-18", "EventData.operationName": "Enumeration", "EventData.errorCode": "2150858770"}
{"EventID": "145", "Channel": "Microsoft-Windows-WinRM/Operational", "Provider_Name": "Microsoft-Windows-WinRM", "Computer": "DESKTOP-OFJ6N53", "TimeCreated": "2025-07-21 14:25:41.454725+00:00", "RecordID": "49499", "Level": "4", "UserID": "S-1-5-18", "EventData.operationName": "Enumeration", "EventData.resourceUri": "http://schemas.microsoft.com/wbem/wsman/1/config/listener"}
{"EventID": "254", "Channel": "Microsoft-Windows-WinRM/Operational", "Provider_Name": "Microsoft-Windows-WinRM", "Computer": "DESKTOP-OFJ6N53", "TimeCreated": "2025-07-21 14:25:45.562765+00:00", "RecordID": "49500", "Level": "4", "UserID": "S-1-5-18"}
{"EventID": "161", "Channel": "Microsoft-Windows-WinRM/Operational", "Provider_Name": "Microsoft-Windows-WinRM", "Computer": "DESKTOP-OFJ6N53", "TimeCreated": "2025-07-21 14:25:45.562765+00:00", "RecordID": "49501", "Level": "2", "UserID": "S-1-5-18", "EventData.authFailureMessage": "Клиенту не удается подключиться к узлу назначения, указанному в запросе. Убедитесь, что служба на узле назначения работает и принимает запросы. Ознакомьтесь с журналами и документацией для определения запущенной на узле назначения службы WS-Management (чаще всего это IIS или WinRM). Если это служба WinRM, то для анализа состояния и настройки этой службы используйте на удаленном узле команду \"winrm quickconfig\"."}
{"EventID": "142", "Channel": "Microsoft-Windows-WinRM/Operational", "Provider_Name": "Microsoft-Windows-WinRM", "Computer": "DESKTOP-OFJ6N53", "TimeCreated": "2025-07-21 14:25:45.562853+00:00", "RecordID": "49502", "Level": "2", "UserID": "S-1-5-18", "EventData.operationName": "Enumeration", "EventData.errorCode": "2150858770"}
{"EventID": "145", "Channel": "Microsoft-Windows-WinRM/Operational", "Provider_Name": "Microsoft-Windows-WinRM", "Computer": "DESKTOP-OFJ6N53", "TimeCreated": "2025-07-21 18:25:17.461283+00:00", "RecordID": "49503", "Level": "4", "UserID": "S-1-5-18", "EventData.operationName": "Enumeration", "EventData.resourceUri": "http://schemas.microsoft.com/wbem/wsman/1/config/listener"}
{"EventID": "254", "Channel": "Microsoft-Windows-WinRM/Operational", "Provider_Name": "Microsoft-Windows-WinRM", "Computer": "DESKTOP-OFJ6N53", "TimeCreated": "2025-07-21 18:25:21.547565+00:00", "RecordID": "49504", "Level": "4", "UserID": "S-1-5-18"}
{"EventID": "161", "Channel": "Microsoft-Windows-WinRM/Operational", "Provider_Name": "Microsoft-Windows-WinRM", "Computer": "DESKTOP-OFJ6N53", "TimeCreated": "2025-07-21 18:25:21.547567+00:00", "RecordID": "49505", "Level": "2", "UserID": "S-1-5-18", "EventData.authFailureMessage": "Клиенту не удается подключиться к узлу назначения, указанному в запросе. Убедитесь, что служба на узле назначения работает и принимает запросы. Ознакомьтесь с журналами и документацией для определения запущенной на узле назначения службы WS-Management (чаще всего это IIS или WinRM). Если это служба WinRM, то для анализа состояния и настройки этой службы используйте на удаленном узле команду \"winrm quickconfig\"."}
{"EventID": "142", "Channel": "Microsoft-Windows-WinRM/Operational", "Provider_Name": "Microsoft-Windows-WinRM", "Computer": "DESKTOP-OFJ6N53", "TimeCreated": "2025-07-21 18:25:21.547691+00:00", "RecordID": "49506", "Level": "2", "UserID": "S-1-5-18", "EventData.operationName": "Enumeration", "EventData.errorCode": "2150858770"}
{"EventID": "145", "Channel": "Microsoft-Windows-WinRM/Operational", "Provider_Name": "Microsoft-Windows-WinRM", "Computer": "DESKTOP-OFJ6N53", "TimeCreated": "2025-07-21 22:25:19.706938+00:00", "RecordID": "49507", "Level": "4", "UserID": "S-1-5-18", "EventData.operationName": "Enumeration", "EventData.resourceUri": "http://schemas.microsoft.com/wbem/wsman/1/config/listener"}
{"EventID": "254", "Channel": "Microsoft-Windows-WinRM/Operational", "Provider_Name": "Microsoft-Windows-WinRM", "Computer": "DESKTOP-OFJ6N53", "TimeCreated": "2025-07-21 22:25:23.797949+00:00", "RecordID": "49508", "Level": "4", "UserID": "S-1-5-18"}
{"EventID": "161", "Channel": "Microsoft-Windows-WinRM/Operational", "Provider_Name": "Microsoft-Windows-WinRM", "Computer": "DESKTOP-OFJ6N53", "TimeCreated": "2025-07-21 22:25:23.797951+00:00", "RecordID": "49509", "Level": "2", "UserID": "S-1-5-18", "EventData.authFailureMessage": "Клиенту не удается подключиться к узлу назначения, указанному в запросе. Убедитесь, что служба на узле назначения работает и принимает запросы. Ознакомьтесь с журналами и документацией для определения запущенной на узле назначения службы WS-Management (чаще всего это IIS или WinRM). Если это служба WinRM, то для анализа состояния и настройки этой службы используйте на удаленном узле команду \"winrm quickconfig\"."}
{"EventID": "142", "Channel": "Microsoft-Windows-WinRM/Operational", "Provider_Name": "Microsoft-Windows-WinRM", "Computer": "DESKTOP-OFJ6N53", "TimeCreated": "2025-07-21 22:25:23.798023+00:00", "RecordID": "49510", "Level": "2", "UserID": "S-1-5-18", "EventData.operationName": "Enumeration", "EventData.errorCode": "2150858770"}
{"EventID": "145", "Channel": "Microsoft-Windows-WinRM/Operational", "Provider_Name": "Microsoft-Windows-WinRM", "Computer": "DESKTOP-OFJ6N53", "TimeCreated": "2025-07-22 09:54:09.333994+00:00", "RecordID": "49511", "Level": "4", "UserID": "S-1-5-18", "EventData.operationName": "Enumeration", "EventData.resourceUri": "http://schemas.microsoft.com/wbem/wsman/1/config/listener"}
{"EventID": "254", "Channel": "Microsoft-Windows-WinRM/Operational", "Provider_Name": "Microsoft-Windows-WinRM", "Computer": "DESKTOP-OFJ6N53", "TimeCreated": "2025-07-22 09:54:13.439833+00:00", "RecordID": "49512", "Level": "4", "UserID": "S-1-5-18"}
{"EventID": "161", "Channel": "Microsoft-Windows-WinRM/Operational", "Provider_Name": "Microsoft-Windows-WinRM", "Computer": "DESKTOP-OFJ6N53", "TimeCreated": "2025-07-22 09:54:13.439837+00:00", "RecordID": "49513", "Level": "2", "UserID": "S-1-5-18", "EventData.authFailureMessage": "Клиенту не удается подключиться к узлу назначения, указанному в запросе. Убедитесь, что служба на узле назначения работает и принимает запросы. Ознакомьтесь с журналами и документацией для определения запущенной на узле назначения службы WS-Management (чаще всего это IIS или WinRM). Если это служба WinRM, то для анализа состояния и настройки этой службы используйте на удаленном узле команду \"winrm quickconfig\"."}
{"EventID": "142", "Channel": "Microsoft-Windows-WinRM/Operational", "Provider_Name": "Microsoft-Windows-WinRM", "Computer": "DESKTOP-OFJ6N53", "TimeCreated": "2025-07-22 09:54:13.439920+00:00", "RecordID": "49514", "Level": "2", "UserID": "S-1-5-18", "EventData.operationName": "Enumeration", "EventData.errorCode": "2150858770"}
{"EventID": "145", "Channel": "Microsoft-Windows-WinRM/Operational", "Provider_Name": "Microsoft-Windows-WinRM", "Computer": "DESKTOP-OFJ6N53", "TimeCreated": "2025-07-22 14:25:41.496368+00:00", "RecordID": "49515", "Level": "4", "UserID": "S-1-5-18", "EventData.operationName": "Enumeration", "EventData.resourceUri": "http://schemas.microsoft.com/wbem/wsman/1/config/listener"}
{"EventID": "254", "Channel": "Microsoft-Windows-WinRM/Operational", "Provider_Name": "Microsoft-Windows-WinRM", "Computer": "DESKTOP-OFJ6N53", "TimeCreated": "2025-07-22 14:25:45.627077+00:00", "RecordID": "49516", "Level": "4", "UserID": "S-1-5-18"}
{"EventID": "161", "Channel": "Microsoft-Windows-WinRM/Operational", "Provider_Name": "Microsoft-Windows-WinRM", "Computer": "DESKTOP-OFJ6N53", "TimeCreated": "2025-07-22 14:25:45.627079+00:00", "RecordID": "49517", "Level": "2", "UserID": "S-1-5-18", "EventData.authFailureMessage": "Клиенту не удается подключиться к узлу назначения, указанному в запросе. Убедитесь, что служба на узле назначения работает и принимает запросы. Ознакомьтесь с журналами и документацией для определения запущенной на узле назначения службы WS-Management (чаще всего это IIS или WinRM). Если это служба WinRM, то для анализа состояния и настройки этой службы используйте на удаленном узле команду \"winrm quickconfig\"."}
{"EventID": "142", "Channel": "Microsoft-Windows-WinRM/Operational", "Provider_Name": "Microsoft-Windows-WinRM", "Computer": "DESKTOP-OFJ6N53", "TimeCreated": "2025-07-22 14:25:45.627155+00:00", "RecordID": "49518", "Level": "2", "UserID": "S-1-5-18", "EventData.operationName": "Enumeration", "EventData.errorCode": "2150858770"}
{"EventID": "145", "Channel": "Microsoft-Windows-WinRM/Operational", "Provider_Name": "Microsoft-Windows-WinRM", "Computer": "DESKTOP-OFJ6N53", "TimeCreated": "2025-07-22 14:34:15.492165+00:00", "RecordID": "49519", "Level": "4", "UserID": "S-1-5-18", "EventData.operationName": "Enumeration", "EventData.resourceUri": "http://schemas.microsoft.com/wbem/wsman/1/config/listener"}
{"EventID": "254", "Channel": "Microsoft-Windows-WinRM/Operational", "Provider_Name": "Microsoft-Windows-WinRM", "Computer": "DESKTOP-OFJ6N53", "TimeCreated": "2025-07-22 14:34:19.595678+00:00", "RecordID": "49520", "Level": "4", "UserID": "S-1-5-18"}
{"EventID": "161", "Channel": "Microsoft-Windows-WinRM/Operational", "Provider_Name": "Microsoft-Windows-WinRM", "Computer": "DESKTOP-OFJ6N53", "TimeCreated": "2025-07-22 14:34:19.595680+00:00", "RecordID": "49521", "Level": "2", "UserID": "S-1-5-18", "EventData.authFailureMessage": "Клиенту не удается подключиться к узлу назначения, указанному в запросе. Убедитесь, что служба на узле назначения работает и принимает запросы. Ознакомьтесь с журналами и документацией для определения запущенной на узле назначения службы WS-Management (чаще всего это IIS или WinRM). Если это служба WinRM, то для анализа состояния и настройки этой службы используйте на удаленном узле команду \"winrm quickconfig\"."}
{"EventID": "142", "Channel": "Microsoft-Windows-WinRM/Operational", "Provider_Name": "Microsoft-Windows-WinRM", "Computer": "DESKTOP-OFJ6N53", "TimeCreated": "2025-07-22 14:34:19.595755+00:00", "RecordID": "49522", "Level": "2", "UserID": "S-1-5-18", "EventData.operationName": "Enumeration", "EventData.errorCode": "2150858770"}
{"EventID": "145", "Channel": "Microsoft-Windows-WinRM/Operational", "Provider_Name": "Microsoft-Windows-WinRM", "Computer": "DESKTOP-OFJ6N53", "TimeCreated": "2025-07-22 18:25:20.866114+00:00", "RecordID": "49523", "Level": "4", "UserID": "S-1-5-18", "EventData.operationName": "Enumeration", "EventData.resourceUri": "http://schemas.microsoft.com/wbem/wsman/1/config/listener"}
{"EventID": "254", "Channel": "Microsoft-Windows-WinRM/Operational", "Provider_Name": "Microsoft-Windows-WinRM", "Computer": "DESKTOP-OFJ6N53", "TimeCreated": "2025-07-22 18:25:24.988672+00:00", "RecordID": "49524", "Level": "4", "UserID": "S-1-5-18"}
{"EventID": "161", "Channel": "Microsoft-Windows-WinRM/Operational", "Provider_Name": "Microsoft-Windows-WinRM", "Computer": "DESKTOP-OFJ6N53", "TimeCreated": "2025-07-22 18:25:24.988672+00:00", "RecordID": "49525", "Level": "2", "UserID": "S-1-5-18", "EventData.authFailureMessage": "Клиенту не удается подключиться к узлу назначения, указанному в запросе. Убедитесь, что служба на узле назначения работает и принимает запросы. Ознакомьтесь с журналами и документацией для определения запущенной на узле назначения службы WS-Management (чаще всего это IIS или WinRM). Если это служба WinRM, то для анализа состояния и настройки этой службы используйте на удаленном узле команду \"winrm quickconfig\"."}
{"EventID": "142", "Channel": "Microsoft-Windows-WinRM/Operational", "Provider_Name": "Microsoft-Windows-WinRM", "Computer": "DESKTOP-OFJ6N53", "TimeCreated": "2025-07-22 18:25:24.988747+00:00", "RecordID": "49526", "Level": "2", "UserID": "S-1-5-18", "EventData.operationName": "Enumeration", "EventData.errorCode": "2150858770"}
{"EventID": "145", "Channel": "Microsoft-Windows-WinRM/Operational", "Provider_Name": "Microsoft-Windows-WinRM", "Computer": "DESKTOP-OFJ6N53", "TimeCreated": "2025-07-23 04:25:20.389509+00:00", "RecordID": "49527", "Level": "4", "UserID": "S-1-5-18", "EventData.operationName": "Enumeration", "EventData.resourceUri": "http://schemas.microsoft.com/wbem/wsman/1/config/listener"}
{"EventID": "254", "Channel": "Microsoft-Windows-WinRM/Operational", "Provider_Name": "Microsoft-Windows-WinRM", "Computer": "DESKTOP-OFJ6N53", "TimeCreated": "2025-07-23 04:25:24.517609+00:00", "RecordID": "49528", "Level": "4", "UserID": "S-1-5-18"}
{"EventID": "161", "Channel": "Microsoft-Windows-WinRM/Operational", "Provider_Name": "Microsoft-Windows-WinRM", "Computer": "DESKTOP-OFJ6N53", "TimeCreated": "2025-07-23 04:25:24.517612+00:00", "RecordID": "49529", "Level": "2", "UserID": "S-1-5-18", "EventData.authFailureMessage": "Клиенту не удается подключиться к узлу назначения, указанному в запросе. Убедитесь, что служба на узле назначения работает и принимает запросы. Ознакомьтесь с журналами и документацией для определения запущенной на узле назначения службы WS-Management (чаще всего это IIS или WinRM). Если это служба WinRM, то для анализа состояния и настройки этой службы используйте на удаленном узле команду \"winrm quickconfig\"."}
{"EventID": "142", "Channel": "Microsoft-Windows-WinRM/Operational", "Provider_Name": "Microsoft-Windows-WinRM", "Computer": "DESKTOP-OFJ6N53", "TimeCreated": "2025-07-23 04:25:24.517685+00:00", "RecordID": "49530", "Level": "2", "UserID": "S-1-5-18", "EventData.operationName": "Enumeration", "EventData.errorCode": "2150858770"}
{"EventID": "145", "Channel": "Microsoft-Windows-WinRM/Operational", "Provider_Name": "Microsoft-Windows-WinRM", "Computer": "DESKTOP-OFJ6N53", "TimeCreated": "2025-07-23 05:02:02.042223+00:00", "RecordID": "49531", "Level": "4", "UserID": "S-1-5-18", "EventData.operationName": "Enumeration", "EventData.resourceUri": "http://schemas.microsoft.com/wbem/wsman/1/config/listener"}
{"EventID": "254", "Channel": "Microsoft-Windows-WinRM/Operational", "Provider_Name": "Microsoft-Windows-WinRM", "Computer": "DESKTOP-OFJ6N53", "TimeCreated": "2025-07-23 05:02:06.142756+00:00", "RecordID": "49532", "Level": "4", "UserID": "S-1-5-18"}
{"EventID": "161", "Channel": "Microsoft-Windows-WinRM/Operational", "Provider_Name": "Microsoft-Windows-WinRM", "Computer": "DESKTOP-OFJ6N53", "TimeCreated": "2025-07-23 05:02:06.142756+00:00", "RecordID": "49533", "Level": "2", "UserID": "S-1-5-18", "EventData.authFailureMessage": "Клиенту не удается подключиться к узлу назначения, указанному в запросе. Убедитесь, что служба на узле назначения работает и принимает запросы. Ознакомьтесь с журналами и документацией для определения запущенной на узле назначения службы WS-Management (чаще всего это IIS или WinRM). Если это служба WinRM, то для анализа состояния и настройки этой службы используйте на удаленном узле команду \"winrm quickconfig\"."}
{"EventID": "142", "Channel": "Microsoft-Windows-WinRM/Operational", "Provider_Name": "Microsoft-Windows-WinRM", "Computer": "DESKTOP-OFJ6N53", "TimeCreated": "2025-07-23 05:02:06.142836+00:00", "RecordID": "49534", "Level": "2", "UserID": "S-1-5-18", "EventData.operationName": "Enumeration", "EventData.errorCode": "2150858770"}
{"EventID": "145", "Channel": "Microsoft-Windows-WinRM/Operational", "Provider_Name": "Microsoft-Windows-WinRM", "Computer": "DESKTOP-OFJ6N53", "TimeCreated": "2025-07-23 09:54:14.521955+00:00", "RecordID": "49535", "Level": "4", "UserID": "S-1-5-18", "EventData.operationName": "Enumeration", "EventData.resourceUri": "http://schemas.microsoft.com/wbem/wsman/1/config/listener"}
{"EventID": "254", "Channel": "Microsoft-Windows-WinRM/Operational", "Provider_Name": "Microsoft-Windows-WinRM", "Computer": "DESKTOP-OFJ6N53", "TimeCreated": "2025-07-23 09:54:18.657520+00:00", "RecordID": "49536", "Level": "4", "UserID": "S-1-5-18"}
{"EventID": "161", "Channel": "Microsoft-Windows-WinRM/Operational", "Provider_Name": "Microsoft-Windows-WinRM", "Computer": "DESKTOP-OFJ6N53", "TimeCreated": "2025-07-23 09:54:18.657522+00:00", "RecordID": "49537", "Level": "2", "UserID": "S-1-5-18", "EventData.authFailureMessage": "Клиенту не удается подключиться к узлу назначения, указанному в запросе. Убедитесь, что служба на узле назначения работает и принимает запросы. Ознакомьтесь с журналами и документацией для определения запущенной на узле назначения службы WS-Management (чаще всего это IIS или WinRM). Если это служба WinRM, то для анализа состояния и настройки этой службы используйте на удаленном узле команду \"winrm quickconfig\"."}
{"EventID": "142", "Channel": "Microsoft-Windows-WinRM/Operational", "Provider_Name": "Microsoft-Windows-WinRM", "Computer": "DESKTOP-OFJ6N53", "TimeCreated": "2025-07-23 09:54:18.657610+00:00", "RecordID": "49538", "Level": "2", "UserID": "S-1-5-18", "EventData.operationName": "Enumeration", "EventData.errorCode": "2150858770"}
{"EventID": "145", "Channel": "Microsoft-Windows-WinRM/Operational", "Provider_Name": "Microsoft-Windows-WinRM", "Computer": "DESKTOP-OFJ6N53", "TimeCreated": "2025-07-23 10:25:23.306469+00:00", "RecordID": "49539", "Level": "4", "UserID": "S-1-5-18", "EventData.operationName": "Enumeration", "EventData.resourceUri": "http://schemas.microsoft.com/wbem/wsman/1/config/listener"}
{"EventID": "254", "Channel": "Microsoft-Windows-WinRM/Operational", "Provider_Name": "Microsoft-Windows-WinRM", "Computer": "DESKTOP-OFJ6N53", "TimeCreated": "2025-07-23 10:25:27.407217+00:00", "RecordID": "49540", "Level": "4", "UserID": "S-1-5-18"}
{"EventID": "161", "Channel": "Microsoft-Windows-WinRM/Operational", "Provider_Name": "Microsoft-Windows-WinRM", "Computer": "DESKTOP-OFJ6N53", "TimeCreated": "2025-07-23 10:25:27.407219+00:00", "RecordID": "49541", "Level": "2", "UserID": "S-1-5-18", "EventData.authFailureMessage": "Клиенту не удается подключиться к узлу назначения, указанному в запросе. Убедитесь, что служба на узле назначения работает и принимает запросы. Ознакомьтесь с журналами и документацией для определения запущенной на узле назначения службы WS-Management (чаще всего это IIS или WinRM). Если это служба WinRM, то для анализа состояния и настройки этой службы используйте на удаленном узле команду \"winrm quickconfig\"."}
{"EventID": "142", "Channel": "Microsoft-Windows-WinRM/Operational", "Provider_Name": "Microsoft-Windows-WinRM", "Computer": "DESKTOP-OFJ6N53", "TimeCreated": "2025-07-23 10:25:27.407299+00:00", "RecordID": "49542", "Level": "2", "UserID": "S-1-5-18", "EventData.operationName": "Enumeration", "EventData.errorCode": "2150858770"}
{"EventID": "145", "Channel": "Microsoft-Windows-WinRM/Operational", "Provider_Name": "Microsoft-Windows-WinRM", "Computer": "DESKTOP-OFJ6N53", "TimeCreated": "2025-07-23 14:22:14.538406+00:00", "RecordID": "49543", "Level": "4", "UserID": "S-1-5-18", "EventData.operationName": "Enumeration", "EventData.resourceUri": "http://schemas.microsoft.com/wbem/wsman/1/config/listener"}
{"EventID": "254", "Channel": "Microsoft-Windows-WinRM/Operational", "Provider_Name": "Microsoft-Windows-WinRM", "Computer": "DESKTOP-OFJ6N53", "TimeCreated": "2025-07-23 14:22:18.657272+00:00", "RecordID": "49544", "Level": "4", "UserID": "S-1-5-18"}
{"EventID": "161", "Channel": "Microsoft-Windows-WinRM/Operational", "Provider_Name": "Microsoft-Windows-WinRM", "Computer": "DESKTOP-OFJ6N53", "TimeCreated": "2025-07-23 14:22:18.657272+00:00", "RecordID": "49545", "Level": "2", "UserID": "S-1-5-18", "EventData.authFailureMessage": "Клиенту не удается подключиться к узлу назначения, указанному в запросе. Убедитесь, что служба на узле назначения работает и принимает запросы. Ознакомьтесь с журналами и документацией для определения запущенной на узле назначения службы WS-Management (чаще всего это IIS или WinRM). Если это служба WinRM, то для анализа состояния и настройки этой службы используйте на удаленном узле команду \"winrm quickconfig\"."}
{"EventID": "142", "Channel": "Microsoft-Windows-WinRM/Operational", "Provider_Name": "Microsoft-Windows-WinRM", "Computer": "DESKTOP-OFJ6N53", "TimeCreated": "2025-07-23 14:22:18.657331+00:00", "RecordID": "49546", "Level": "2", "UserID": "S-1-5-18", "EventData.operationName": "Enumeration", "EventData.errorCode": "2150858770"}
{"EventID": "145", "Channel": "Microsoft-Windows-WinRM/Operational", "Provider_Name": "Microsoft-Windows-WinRM", "Computer": "DESKTOP-OFJ6N53", "TimeCreated": "2025-07-23 14:25:41.464804+00:00", "RecordID": "49547", "Level": "4", "UserID": "S-1-5-18", "EventData.operationName": "Enumeration", "EventData.resourceUri": "http://schemas.microsoft.com/wbem/wsman/1/config/listener"}
{"EventID": "254", "Channel": "Microsoft-Windows-WinRM/Operational", "Provider_Name": "Microsoft-Windows-WinRM", "Computer": "DESKTOP-OFJ6N53", "TimeCreated": "2025-07-23 14:25:45.578930+00:00", "RecordID": "49548", "Level": "4", "UserID": "S-1-5-18"}
{"EventID": "161", "Channel": "Microsoft-Windows-WinRM/Operational", "Provider_Name": "Microsoft-Windows-WinRM", "Computer": "DESKTOP-OFJ6N53", "TimeCreated": "2025-07-23 14:25:45.578932+00:00", "RecordID": "49549", "Level": "2", "UserID": "S-1-5-18", "EventData.authFailureMessage": "Клиенту не удается подключиться к узлу назначения, указанному в запросе. Убедитесь, что служба на узле назначения работает и принимает запросы. Ознакомьтесь с журналами и документацией для определения запущенной на узле назначения службы WS-Management (чаще всего это IIS или WinRM). Если это служба WinRM, то для анализа состояния и настройки этой службы используйте на удаленном узле команду \"winrm quickconfig\"."}
{"EventID": "142", "Channel": "Microsoft-Windows-WinRM/Operational", "Provider_Name": "Microsoft-Windows-WinRM", "Computer": "DESKTOP-OFJ6N53", "TimeCreated": "2025-07-23 14:25:45.579002+00:00", "RecordID": "49550", "Level": "2", "UserID": "S-1-5-18", "EventData.operationName": "Enumeration", "EventData.errorCode": "2150858770"}
{"EventID": "145", "Channel": "Microsoft-Windows-WinRM/Operational", "Provider_Name": "Microsoft-Windows-WinRM", "Computer": "DESKTOP-OFJ6N53", "TimeCreated": "2025-07-23 15:52:57.522429+00:00", "RecordID": "49551", "Level": "4", "UserID": "S-1-5-18", "EventData.operationName": "Enumeration", "EventData.resourceUri": "http://schemas.microsoft.com/wbem/wsman/1/config/listener"}
{"EventID": "254", "Channel": "Microsoft-Windows-WinRM/Operational", "Provider_Name": "Microsoft-Windows-WinRM", "Computer": "DESKTOP-OFJ6N53", "TimeCreated": "2025-07-23 15:53:01.595264+00:00", "RecordID": "49552", "Level": "4", "UserID": "S-1-5-18"}
{"EventID": "161", "Channel": "Microsoft-Windows-WinRM/Operational", "Provider_Name": "Microsoft-Windows-WinRM", "Computer": "DESKTOP-OFJ6N53", "TimeCreated": "2025-07-23 15:53:01.595266+00:00", "RecordID": "49553", "Level": "2", "UserID": "S-1-5-18", "EventData.authFailureMessage": "Клиенту не удается подключиться к узлу назначения, указанному в запросе. Убедитесь, что служба на узле назначения работает и принимает запросы. Ознакомьтесь с журналами и документацией для определения запущенной на узле назначения службы WS-Management (чаще всего это IIS или WinRM). Если это служба WinRM, то для анализа состояния и настройки этой службы используйте на удаленном узле команду \"winrm quickconfig\"."}
{"EventID": "142", "Channel": "Microsoft-Windows-WinRM/Operational", "Provider_Name": "Microsoft-Windows-WinRM", "Computer": "DESKTOP-OFJ6N53", "TimeCreated": "2025-07-23 15:53:01.595461+00:00", "RecordID": "49554", "Level": "2", "UserID": "S-1-5-18", "EventData.operationName": "Enumeration", "EventData.errorCode": "2150858770"}
{"EventID": "145", "Channel": "Microsoft-Windows-WinRM/Operational", "Provider_Name": "Microsoft-Windows-WinRM", "Computer": "DESKTOP-OFJ6N53", "TimeCreated": "2025-07-23 20:25:22.678129+00:00", "RecordID": "49555", "Level": "4", "UserID": "S-1-5-18", "EventData.operationName": "Enumeration", "EventData.resourceUri": "http://schemas.microsoft.com/wbem/wsman/1/config/listener"}
{"EventID": "254", "Channel": "Microsoft-Windows-WinRM/Operational", "Provider_Name": "Microsoft-Windows-WinRM", "Computer": "DESKTOP-OFJ6N53", "TimeCreated": "2025-07-23 20:25:26.766720+00:00", "RecordID": "49556", "Level": "4", "UserID": "S-1-5-18"}
{"EventID": "161", "Channel": "Microsoft-Windows-WinRM/Operational", "Provider_Name": "Microsoft-Windows-WinRM", "Computer": "DESKTOP-OFJ6N53", "TimeCreated": "2025-07-23 20:25:26.766722+00:00", "RecordID": "49557", "Level": "2", "UserID": "S-1-5-18", "EventData.authFailureMessage": "Клиенту не удается подключиться к узлу назначения, указанному в запросе. Убедитесь, что служба на узле назначения работает и принимает запросы. Ознакомьтесь с журналами и документацией для определения запущенной на узле назначения службы WS-Management (чаще всего это IIS или WinRM). Если это служба WinRM, то для анализа состояния и настройки этой службы используйте на удаленном узле команду \"winrm quickconfig\"."}
{"EventID": "142", "Channel": "Microsoft-Windows-WinRM/Operational", "Provider_Name": "Microsoft-Windows-WinRM", "Computer": "DESKTOP-OFJ6N53", "TimeCreated": "2025-07-23 20:25:26.766811+00:00", "RecordID": "49558", "Level": "2", "UserID": "S-1-5-18", "EventData.operationName": "Enumeration", "EventData.errorCode": "2150858770"}
{"EventID": "145", "Channel": "Microsoft-Windows-WinRM/Operational", "Provider_Name": "Microsoft-Windows-WinRM", "Computer": "DESKTOP-OFJ6N53", "TimeCreated": "2025-07-24 09:54:19.652983+00:00", "RecordID": "49559", "Level": "4", "UserID": "S-1-5-18", "EventData.operationName": "Enumeration", "EventData.resourceUri": "http://schemas.microsoft.com/wbem/wsman/1/config/listener"}
{"EventID": "254", "Channel": "Microsoft-Windows-WinRM/Operational", "Provider_Name": "Microsoft-Windows-WinRM", "Computer": "DESKTOP-OFJ6N53", "TimeCreated": "2025-07-24 09:54:23.728037+00:00", "RecordID": "49560", "Level": "4", "UserID": "S-1-5-18"}
{"EventID": "161", "Channel": "Microsoft-Windows-WinRM/Operational", "Provider_Name": "Microsoft-Windows-WinRM", "Computer": "DESKTOP-OFJ6N53", "TimeCreated": "2025-07-24 09:54:23.728037+00:00", "RecordID": "49561", "Level": "2", "UserID": "S-1-5-18", "EventData.authFailureMessage": "Клиенту не удается подключиться к узлу назначения, указанному в запросе. Убедитесь, что служба на узле назначения работает и принимает запросы. Ознакомьтесь с журналами и документацией для определения запущенной на узле назначения службы WS-Management (чаще всего это IIS или WinRM). Если это служба WinRM, то для анализа состояния и настройки этой службы используйте на удаленном узле команду \"winrm quickconfig\"."}
{"EventID": "142", "Channel": "Microsoft-Windows-WinRM/Operational", "Provider_Name": "Microsoft-Windows-WinRM", "Computer": "DESKTOP-OFJ6N53", "TimeCreated": "2025-07-24 09:54:23.728148+00:00", "RecordID": "49562", "Level": "2", "UserID": "S-1-5-18", "EventData.operationName": "Enumeration", "EventData.errorCode": "2150858770"}
{"EventID": "145", "Channel": "Microsoft-Windows-WinRM/Operational", "Provider_Name": "Microsoft-Windows-WinRM", "Computer": "DESKTOP-OFJ6N53", "TimeCreated": "2025-07-24 13:04:44.459124+00:00", "RecordID": "49563", "Level": "4", "UserID": "S-1-5-18", "EventData.operationName": "Enumeration", "EventData.resourceUri": "http://schemas.microsoft.com/wbem/wsman/1/config/listener"}
{"EventID": "254", "Channel": "Microsoft-Windows-WinRM/Operational", "Provider_Name": "Microsoft-Windows-WinRM", "Computer": "DESKTOP-OFJ6N53", "TimeCreated": "2025-07-24 13:04:48.571453+00:00", "RecordID": "49564", "Level": "4", "UserID": "S-1-5-18"}
{"EventID": "161", "Channel": "Microsoft-Windows-WinRM/Operational", "Provider_Name": "Microsoft-Windows-WinRM", "Computer": "DESKTOP-OFJ6N53", "TimeCreated": "2025-07-24 13:04:48.571455+00:00", "RecordID": "49565", "Level": "2", "UserID": "S-1-5-18", "EventData.authFailureMessage": "Клиенту не удается подключиться к узлу назначения, указанному в запросе. Убедитесь, что служба на узле назначения работает и принимает запросы. Ознакомьтесь с журналами и документацией для определения запущенной на узле назначения службы WS-Management (чаще всего это IIS или WinRM). Если это служба WinRM, то для анализа состояния и настройки этой службы используйте на удаленном узле команду \"winrm quickconfig\"."}
{"EventID": "142", "Channel": "Microsoft-Windows-WinRM/Operational", "Provider_Name": "Microsoft-Windows-WinRM", "Computer": "DESKTOP-OFJ6N53", "TimeCreated": "2025-07-24 13:04:48.571590+00:00", "RecordID": "49566", "Level": "2", "UserID": "S-1-5-18", "EventData.operationName": "Enumeration", "EventData.errorCode": "2150858770"}
{"EventID": "145", "Channel": "Microsoft-Windows-WinRM/Operational", "Provider_Name": "Microsoft-Windows-WinRM", "Computer": "DESKTOP-OFJ6N53", "TimeCreated": "2025-07-24 14:25:41.487461+00:00", "RecordID": "49567", "Level": "4", "UserID": "S-1-5-18", "EventData.operationName": "Enumeration", "EventData.resourceUri": "http://schemas.microsoft.com/wbem/wsman/1/config/listener"}
{"EventID": "254", "Channel": "Microsoft-Windows-WinRM/Operational", "Provider_Name": "Microsoft-Windows-WinRM", "Computer": "DESKTOP-OFJ6N53", "TimeCreated": "2025-07-24 14:25:45.589460+00:00", "RecordID": "49568", "Level": "4", "UserID": "S-1-5-18"}
{"EventID": "161", "Channel": "Microsoft-Windows-WinRM/Operational", "Provider_Name": "Microsoft-Windows-WinRM", "Computer": "DESKTOP-OFJ6N53", "TimeCreated": "2025-07-24 14:25:45.589462+00:00", "RecordID": "49569", "Level": "2", "UserID": "S-1-5-18", "EventData.authFailureMessage": "Клиенту не удается подключиться к узлу назначения, указанному в запросе. Убедитесь, что служба на узле назначения работает и принимает запросы. Ознакомьтесь с журналами и документацией для определения запущенной на узле назначения службы WS-Management (чаще всего это IIS или WinRM). Если это служба WinRM, то для анализа состояния и настройки этой службы используйте на удаленном узле команду \"winrm quickconfig\"."}
{"EventID": "142", "Channel": "Microsoft-Windows-WinRM/Operational", "Provider_Name": "Microsoft-Windows-WinRM", "Computer": "DESKTOP-OFJ6N53", "TimeCreated": "2025-07-24 14:25:45.589544+00:00", "RecordID": "49570", "Level": "2", "UserID": "S-1-5-18", "EventData.operationName": "Enumeration", "EventData.errorCode": "2150858770"}
{"EventID": "145", "Channel": "Microsoft-Windows-WinRM/Operational", "Provider_Name": "Microsoft-Windows-WinRM", "Computer": "DESKTOP-OFJ6N53", "TimeCreated": "2025-07-24 18:25:24.949331+00:00", "RecordID": "49571", "Level": "4", "UserID": "S-1-5-18", "EventData.operationName": "Enumeration", "EventData.resourceUri": "http://schemas.microsoft.com/wbem/wsman/1/config/listener"}
{"EventID": "254", "Channel": "Microsoft-Windows-WinRM/Operational", "Provider_Name": "Microsoft-Windows-WinRM", "Computer": "DESKTOP-OFJ6N53", "TimeCreated": "2025-07-24 18:25:29.042847+00:00", "RecordID": "49572", "Level": "4", "UserID": "S-1-5-18"}
{"EventID": "161", "Channel": "Microsoft-Windows-WinRM/Operational", "Provider_Name": "Microsoft-Windows-WinRM", "Computer": "DESKTOP-OFJ6N53", "TimeCreated": "2025-07-24 18:25:29.042849+00:00", "RecordID": "49573", "Level": "2", "UserID": "S-1-5-18", "EventData.authFailureMessage": "Клиенту не удается подключиться к узлу назначения, указанному в запросе. Убедитесь, что служба на узле назначения работает и принимает запросы. Ознакомьтесь с журналами и документацией для определения запущенной на узле назначения службы WS-Management (чаще всего это IIS или WinRM). Если это служба WinRM, то для анализа состояния и настройки этой службы используйте на удаленном узле команду \"winrm quickconfig\"."}
{"EventID": "142", "Channel": "Microsoft-Windows-WinRM/Operational", "Provider_Name": "Microsoft-Windows-WinRM", "Computer": "DESKTOP-OFJ6N53", "TimeCreated": "2025-07-24 18:25:29.042923+00:00", "RecordID": "49574", "Level": "2", "UserID": "S-1-5-18", "EventData.operationName": "Enumeration", "EventData.errorCode": "2150858770"}
{"EventID": "145", "Channel": "Microsoft-Windows-WinRM/Operational", "Provider_Name": "Microsoft-Windows-WinRM", "Computer": "DESKTOP-OFJ6N53", "TimeCreated": "2025-07-24 21:32:59.736784+00:00", "RecordID": "49575", "Level": "4", "UserID": "S-1-5-18", "EventData.operationName": "Enumeration", "EventData.resourceUri": "http://schemas.microsoft.com/wbem/wsman/1/config/listener"}
{"EventID": "254", "Channel": "Microsoft-Windows-WinRM/Operational", "Provider_Name": "Microsoft-Windows-WinRM", "Computer": "DESKTOP-OFJ6N53", "TimeCreated": "2025-07-24 21:33:04.529940+00:00", "RecordID": "49576", "Level": "4", "UserID": "S-1-5-18"}
{"EventID": "161", "Channel": "Microsoft-Windows-WinRM/Operational", "Provider_Name": "Microsoft-Windows-WinRM", "Computer": "DESKTOP-OFJ6N53", "TimeCreated": "2025-07-24 21:33:04.529942+00:00", "RecordID": "49577", "Level": "2", "UserID": "S-1-5-18", "EventData.authFailureMessage": "Клиенту не удается подключиться к узлу назначения, указанному в запросе. Убедитесь, что служба на узле назначения работает и принимает запросы. Ознакомьтесь с журналами и документацией для определения запущенной на узле назначения службы WS-Management (чаще всего это IIS или WinRM). Если это служба WinRM, то для анализа состояния и настройки этой службы используйте на удаленном узле команду \"winrm quickconfig\"."}
{"EventID": "142", "Channel": "Microsoft-Windows-WinRM/Operational", "Provider_Name": "Microsoft-Windows-WinRM", "Computer": "DESKTOP-OFJ6N53", "TimeCreated": "2025-07-24 21:33:04.530027+00:00", "RecordID": "49578", "Level": "2", "UserID": "S-1-5-18", "EventData.operationName": "Enumeration", "EventData.errorCode": "2150858770"}
{"EventID": "145", "Channel": "Microsoft-Windows-WinRM/Operational", "Provider_Name": "Microsoft-Windows-WinRM", "Computer": "DESKTOP-OFJ6N53", "TimeCreated": "2025-07-25 07:32:50.507385+00:00", "RecordID": "49579", "Level": "4", "UserID": "S-1-5-18", "EventData.operationName": "Enumeration", "EventData.resourceUri": "http://schemas.microsoft.com/wbem/wsman/1/config/listener"}
{"EventID": "254", "Channel": "Microsoft-Windows-WinRM/Operational", "Provider_Name": "Microsoft-Windows-WinRM", "Computer": "DESKTOP-OFJ6N53", "TimeCreated": "2025-07-25 07:32:54.598650+00:00", "RecordID": "49580", "Level": "4", "UserID": "S-1-5-18"}
{"EventID": "161", "Channel": "Microsoft-Windows-WinRM/Operational", "Provider_Name": "Microsoft-Windows-WinRM", "Computer": "DESKTOP-OFJ6N53", "TimeCreated": "2025-07-25 07:32:54.598652+00:00", "RecordID": "49581", "Level": "2", "UserID": "S-1-5-18", "EventData.authFailureMessage": "Клиенту не удается подключиться к узлу назначения, указанному в запросе. Убедитесь, что служба на узле назначения работает и принимает запросы. Ознакомьтесь с журналами и документацией для определения запущенной на узле назначения службы WS-Management (чаще всего это IIS или WinRM). Если это служба WinRM, то для анализа состояния и настройки этой службы используйте на удаленном узле команду \"winrm quickconfig\"."}
{"EventID": "142", "Channel": "Microsoft-Windows-WinRM/Operational", "Provider_Name": "Microsoft-Windows-WinRM", "Computer": "DESKTOP-OFJ6N53", "TimeCreated": "2025-07-25 07:32:54.598730+00:00", "RecordID": "49582", "Level": "2", "UserID": "S-1-5-18", "EventData.operationName": "Enumeration", "EventData.errorCode": "2150858770"}
{"EventID": "145", "Channel": "Microsoft-Windows-WinRM/Operational", "Provider_Name": "Microsoft-Windows-WinRM", "Computer": "DESKTOP-OFJ6N53", "TimeCreated": "2025-07-25 09:54:29.780178+00:00", "RecordID": "49583", "Level": "4", "UserID": "S-1-5-18", "EventData.operationName": "Enumeration", "EventData.resourceUri": "http://schemas.microsoft.com/wbem/wsman/1/config/listener"}
{"EventID": "254", "Channel": "Microsoft-Windows-WinRM/Operational", "Provider_Name": "Microsoft-Windows-WinRM", "Computer": "DESKTOP-OFJ6N53", "TimeCreated": "2025-07-25 09:54:33.871239+00:00", "RecordID": "49584", "Level": "4", "UserID": "S-1-5-18"}
{"EventID": "161", "Channel": "Microsoft-Windows-WinRM/Operational", "Provider_Name": "Microsoft-Windows-WinRM", "Computer": "DESKTOP-OFJ6N53", "TimeCreated": "2025-07-25 09:54:33.871241+00:00", "RecordID": "49585", "Level": "2", "UserID": "S-1-5-18", "EventData.authFailureMessage": "Клиенту не удается подключиться к узлу назначения, указанному в запросе. Убедитесь, что служба на узле назначения работает и принимает запросы. Ознакомьтесь с журналами и документацией для определения запущенной на узле назначения службы WS-Management (чаще всего это IIS или WinRM). Если это служба WinRM, то для анализа состояния и настройки этой службы используйте на удаленном узле команду \"winrm quickconfig\"."}
{"EventID": "142", "Channel": "Microsoft-Windows-WinRM/Operational", "Provider_Name": "Microsoft-Windows-WinRM", "Computer": "DESKTOP-OFJ6N53", "TimeCreated": "2025-07-25 09:54:33.871315+00:00", "RecordID": "49586", "Level": "2", "UserID": "S-1-5-18", "EventData.operationName": "Enumeration", "EventData.errorCode": "2150858770"}
{"EventID": "145", "Channel": "Microsoft-Windows-WinRM/Operational", "Provider_Name": "Microsoft-Windows-WinRM", "Computer": "DESKTOP-OFJ6N53", "TimeCreated": "2025-07-25 14:10:19.074480+00:00", "RecordID": "49587", "Level": "4", "UserID": "S-1-5-18", "EventData.operationName": "Enumeration", "EventData.resourceUri": "http://schemas.microsoft.com/wbem/wsman/1/config/listener"}
{"EventID": "254", "Channel": "Microsoft-Windows-WinRM/Operational", "Provider_Name": "Microsoft-Windows-WinRM", "Computer": "DESKTOP-OFJ6N53", "TimeCreated": "2025-07-25 14:10:23.168329+00:00", "RecordID": "49588", "Level": "4", "UserID": "S-1-5-18"}
{"EventID": "161", "Channel": "Microsoft-Windows-WinRM/Operational", "Provider_Name": "Microsoft-Windows-WinRM", "Computer": "DESKTOP-OFJ6N53", "TimeCreated": "2025-07-25 14:10:23.168333+00:00", "RecordID": "49589", "Level": "2", "UserID": "S-1-5-18", "EventData.authFailureMessage": "Клиенту не удается подключиться к узлу назначения, указанному в запросе. Убедитесь, что служба на узле назначения работает и принимает запросы. Ознакомьтесь с журналами и документацией для определения запущенной на узле назначения службы WS-Management (чаще всего это IIS или WinRM). Если это служба WinRM, то для анализа состояния и настройки этой службы используйте на удаленном узле команду \"winrm quickconfig\"."}
{"EventID": "142", "Channel": "Microsoft-Windows-WinRM/Operational", "Provider_Name": "Microsoft-Windows-WinRM", "Computer": "DESKTOP-OFJ6N53", "TimeCreated": "2025-07-25 14:10:23.168407+00:00", "RecordID": "49590", "Level": "2", "UserID": "S-1-5-18", "EventData.operationName": "Enumeration", "EventData.errorCode": "2150858770"}
{"EventID": "145", "Channel": "Microsoft-Windows-WinRM/Operational", "Provider_Name": "Microsoft-Windows-WinRM", "Computer": "DESKTOP-OFJ6N53", "TimeCreated": "2025-07-25 14:25:43.045168+00:00", "RecordID": "49591", "Level": "4", "UserID": "S-1-5-18", "EventData.operationName": "Enumeration", "EventData.resourceUri": "http://schemas.microsoft.com/wbem/wsman/1/config/listener"}
