{"EventID": "1006", "Channel": "Microsoft-Windows-Partition/Diagnostic", "Provider_Name": "Microsoft-Windows-Partition", "Computer": "DESKTOP-OFJ6N53", "TimeCreated": "2022-09-06 09:01:37.510044+00:00", "RecordID": "25", "Level": "4", "UserID": "S-1-5-18", "EventData.DiskNumber": "0", "EventData.Flags": "538976528", "EventData.Characteristics": "262400", "EventData.IsSystemCritical": "True", "EventData.PagingCount": "0", "EventData.HibernationCount": "0", "EventData.DumpCount": "0", "EventData.BytesPerSector": "512", "EventData.Capacity": "96636764160", "EventData.BusType": "10", "EventData.Manufacturer": "VMware", "EventData.Model": "Virtual disk", "EventData.Revision": "2.0", "EventData.SerialNumber": "NULL", "EventData.Location": "PCI Slot 160 : Bus 3 : Device 0 : Function 0 : Adapter 0 : Port 0 : Target 0 : LUN 0", "EventData.ParentId": "PCI\\VEN_1000&DEV_0054&SUBSYS_197615AD&REV_01\\4&2509f6e&0&00A8", "EventData.Socket": "-1", "EventData.Slot": "160", "EventData.Bus": "3", "EventData.Device": "0", "EventData.Function": "0", "EventData.Adapter": "0", "EventData.Port": "0", "EventData.Target": "0", "EventData.Lun": "0", "EventData.IoctlSupport": "59879", "EventData.IdFlags": "2", "EventData.DiskId": "{806d7f1e-2dc2-11ed-a6ce-806e6f6e6963}", "EventData.AdapterId": "{2572a953-954b-11ec-a6b8-806e6f6e6963}", "EventData.RegistryId": "{2572a961-954b-11ec-a6b8-806e6f6e6963}", "EventData.PoolId": "{00000000-0000-0000-0000-000000000000}", "EventData.FirmwareSupportsUpgrade": "True", "EventData.FirmwareSlotCount": "1", "EventData.StorageIdCount": "0", "EventData.StorageIdCodeSet": "0", "EventData.StorageIdType": "0", "EventData.StorageIdAssociation": "0", "EventData.StorageIdBytes": "0", "EventData.StorageId": null, "EventData.WriteCacheType": "0", "EventData.WriteCacheEnabled": "0", "EventData.WriteCacheChangeable": "0", "EventData.WriteThroughSupported": "0", "EventData.FlushCacheSupported": "False", "EventData.IsPowerProtected": "False", "EventData.NVCacheEnabled": "False", "EventData.BytesPerLogicalSector": "512", "EventData.BytesPerPhysicalSector": "512", "EventData.BytesOffsetForSectorAlignment": "0", "EventData.IncursSeekPenalty": "False", "EventData.IsTrimSupported": "False", "EventData.IsThinProvisioned": "False", "EventData.OptimalUnmapGranularity": "0", "EventData.UnmapAlignment": "0", "EventData.NumberOfLogicalCopies": "0", "EventData.NumberOfPhysicalCopies": "0", "EventData.FaultTolerance": "0", "EventData.NumberOfColumns": "0", "EventData.InterleaveBytes": "0", "EventData.HybridSupported": "False", "EventData.HybridCacheBytes": "0", "EventData.AdapterMaximumTransferBytes": "16777215", "EventData.AdapterMaximumTransferPages": "257", "EventData.AdapterAlignmentMask": "0", "EventData.AdapterSerialNumber": "NULL", "EventData.PortDriver": "1", "EventData.UserRemovalPolicy": "False", "EventData.PartitionStyle": "1", "EventData.PartitionCount": "4", "EventData.PartitionTableBytes": "624", "EventData.PartitionTable": "AQAAAAQAAAD4OlK1ULGKT4RoGH7auIX0AEQAAAAAAAAAev9/FgAAAIAAAAAAAAAAAQAAAAAAAAAAABAAAAAAAAAAQAYAAAAAAQAAAAAAAAAocyrBH/jSEbpLAKDJPsk7Ft7tjFc2cUiMh/1rxmz2kwAAAAAAAACARQBGAEkAIABzAHkAcwB0AGUAbQAgAHAAYQByAHQAaQB0AGkAbwBuAAAAAAAAAAAAAAAAAAAAAAAAAAAAAAAAAAAAAAAAAAAAAQAAAAAAAAAAAFAGAAAAAAAAAAEAAAAAAgAAAAAAAAAW48njXAu4TYF9+S3wAhWubxyUU+4aUkGSxur5kk16EAAAAAAAAACATQBpAGMAcgBvAHMAbwBmAHQAIAByAGUAcwBlAHIAdgBlAGQAIABwAGEAcgB0AGkAdABpAG8AbgAAAAAAAAAAAAAAAAAAAAAAAQAAAAAAAAAAAFAHAAAAAADiC1gWAAAAAwAAAAAAAACioNDr5bkzRIfAaLa3JpnHY4Y6w6JxMUCM7MIZFP4SrQAAAAAAAAAAQgBhAHMAaQBjACAAZABhAHQAYQAgAHAAYQByAHQAaQB0AGkAbwBuAAAAAAAAAAAAAAAAAAAAAAAAAAAAAAAAAAAAAAAAAAAAAQAAAAAAAAAAAGBfFgAAAAAAgCAAAAAABAAAAAAAAACku5Te0QZATaFqv9UBedasLLUb3g5OYUObu7rx0+QMAQEAAAAAAACAAAAAAAAAAAAAAAAAAAAAAAAAAAAAAAAAAAAAAAAAAAAAAAAAAAAAAAAAAAAAAAAAAAAAAAAAAAAAAAAAAAAAAAAAAAAAAAAA", "EventData.MbrBytes": "0", "EventData.Mbr": null, "EventData.Vbr0Bytes": "0", "EventData.Vbr0": null, "EventData.Vbr1Bytes": "0", "EventData.Vbr1": null, "EventData.Vbr2Bytes": "0", "EventData.Vbr2": null, "EventData.Vbr3Size": "0", "EventData.Vbr3": null}
{"EventID": "1006", "Channel": "Microsoft-Windows-Partition/Diagnostic", "Provider_Name": "Microsoft-Windows-Partition", "Computer": "DESKTOP-OFJ6N53", "TimeCreated": "2022-09-06 13:01:12.710718+00:00", "RecordID": "26", "Level": "4", "UserID": "S-1-5-18", "EventData.DiskNumber": "0", "EventData.Flags": "538976528", "EventData.Characteristics": "262400", "EventData.IsSystemCritical": "True", "EventData.PagingCount": "0", "EventData.HibernationCount": "0", "EventData.DumpCount": "0", "EventData.BytesPerSector": "512", "EventData.Capacity": "96636764160", "EventData.BusType": "10", "EventData.Manufacturer": "VMware", "EventData.Model": "Virtual disk", "EventData.Revision": "2.0", "EventData.SerialNumber": "NULL", "EventData.Location": "PCI Slot 160 : Bus 3 : Device 0 : Function 0 : Adapter 0 : Port 0 : Target 0 : LUN 0", "EventData.ParentId": "PCI\\VEN_1000&DEV_0054&SUBSYS_197615AD&REV_01\\4&2509f6e&0&00A8", "EventData.Socket": "-1", "EventData.Slot": "160", "EventData.Bus": "3", "EventData.Device": "0", "EventData.Function": "0", "EventData.Adapter": "0", "EventData.Port": "0", "EventData.Target": "0", "EventData.Lun": "0", "EventData.IoctlSupport": "59879", "EventData.IdFlags": "2", "EventData.DiskId": "{f1c33403-2de3-11ed-a6cf-806e6f6e6963}", "EventData.AdapterId": "{2572a953-954b-11ec-a6b8-806e6f6e6963}", "EventData.RegistryId": "{2572a961-954b-11ec-a6b8-806e6f6e6963}", "EventData.PoolId": "{00000000-0000-0000-0000-000000000000}", "EventData.FirmwareSupportsUpgrade": "True", "EventData.FirmwareSlotCount": "1", "EventData.StorageIdCount": "0", "EventData.StorageIdCodeSet": "0", "EventData.StorageIdType": "0", "EventData.StorageIdAssociation": "0", "EventData.StorageIdBytes": "0", "EventData.StorageId": null, "EventData.WriteCacheType": "0", "EventData.WriteCacheEnabled": "0", "EventData.WriteCacheChangeable": "0", "EventData.WriteThroughSupported": "0", "EventData.FlushCacheSupported": "False", "EventData.IsPowerProtected": "False", "EventData.NVCacheEnabled": "False", "EventData.BytesPerLogicalSector": "512", "EventData.BytesPerPhysicalSector": "512", "EventData.BytesOffsetForSectorAlignment": "0", "EventData.IncursSeekPenalty": "False", "EventData.IsTrimSupported": "False", "EventData.IsThinProvisioned": "False", "EventData.OptimalUnmapGranularity": "0", "EventData.UnmapAlignment": "0", "EventData.NumberOfLogicalCopies": "0", "EventData.NumberOfPhysicalCopies": "0", "EventData.FaultTolerance": "0", "EventData.NumberOfColumns": "0", "EventData.InterleaveBytes": "0", "EventData.HybridSupported": "False", "EventData.HybridCacheBytes": "0", "EventData.AdapterMaximumTransferBytes": "16777215", "EventData.AdapterMaximumTransferPages": "257", "EventData.AdapterAlignmentMask": "0", "EventData.AdapterSerialNumber": "NULL", "EventData.PortDriver": "1", "EventData.UserRemovalPolicy": "False", "EventData.PartitionStyle": "1", "EventData.PartitionCount": "4", "EventData.PartitionTableBytes": "624", "EventData.PartitionTable": "AQAAAAQAAAD4OlK1ULGKT4RoGH7auIX0AEQAAAAAAAAAev9/FgAAAIAAAAAAAAAAAQAAAAAAAAAAABAAAAAAAAAAQAYAAAAAAQAAAAAAAAAocyrBH/jSEbpLAKDJPsk7Ft7tjFc2cUiMh/1rxmz2kwAAAAAAAACARQBGAEkAIABzAHkAcwB0AGUAbQAgAHAAYQByAHQAaQB0AGkAbwBuAAAAAAAAAAAAAAAAAAAAAAAAAAAAAAAAAAAAAAAAAAAAAQAAAAAAAAAAAFAGAAAAAAAAAAEAAAAAAgAAAAAAAAAW48njXAu4TYF9+S3wAhWubxyUU+4aUkGSxur5kk16EAAAAAAAAACATQBpAGMAcgBvAHMAbwBmAHQAIAByAGUAcwBlAHIAdgBlAGQAIABwAGEAcgB0AGkAdABpAG8AbgAAAAAAAAAAAAAAAAAAAAAAAQAAAAAAAAAAAFAHAAAAAADiC1gWAAAAAwAAAAAAAACioNDr5bkzRIfAaLa3JpnHY4Y6w6JxMUCM7MIZFP4SrQAAAAAAAAAAQgBhAHMAaQBjACAAZABhAHQAYQAgAHAAYQByAHQAaQB0AGkAbwBuAAAAAAAAAAAAAAAAAAAAAAAAAAAAAAAAAAAAAAAAAAAAAQAAAAAAAAAAAGBfFgAAAAAAgCAAAAAABAAAAAAAAACku5Te0QZATaFqv9UBedasLLUb3g5OYUObu7rx0+QMAQEAAAAAAACAAAAAAAAAAAAAAAAAAAAAAAAAAAAAAAAAAAAAAAAAAAAAAAAAAAAAAAAAAAAAAAAAAAAAAAAAAAAAAAAAAAAAAAAAAAAAAAAA", "EventData.MbrBytes": "0", "EventData.Mbr": null, "EventData.Vbr0Bytes": "0", "EventData.Vbr0": null, "EventData.Vbr1Bytes": "0", "EventData.Vbr1": null, "EventData.Vbr2Bytes": "0", "EventData.Vbr2": null, "EventData.Vbr3Size": "0", "EventData.Vbr3": null}
{"EventID": "1006", "Channel": "Microsoft-Windows-Partition/Diagnostic", "Provider_Name": "Microsoft-Windows-Partition", "Computer": "DESKTOP-OFJ6N53", "TimeCreated": "2022-09-13 14:05:25.238678+00:00", "RecordID": "27", "Level": "4", "UserID": "S-1-5-18", "EventData.DiskNumber": "0", "EventData.Flags": "538976528", "EventData.Characteristics": "262400", "EventData.IsSystemCritical": "True", "EventData.PagingCount": "0", "EventData.HibernationCount": "0", "EventData.DumpCount": "0", "EventData.BytesPerSector": "512", "EventData.Capacity": "96636764160", "EventData.BusType": "10", "EventData.Manufacturer": "VMware", "EventData.Model": "Virtual disk", "EventData.Revision": "2.0", "EventData.SerialNumber": "NULL", "EventData.Location": "PCI Slot 160 : Bus 3 : Device 0 : Function 0 : Adapter 0 : Port 0 : Target 0 : LUN 0", "EventData.ParentId": "PCI\\VEN_1000&DEV_0054&SUBSYS_197615AD&REV_01\\4&2509f6e&0&00A8", "EventData.Socket": "-1", "EventData.Slot": "160", "EventData.Bus": "3", "EventData.Device": "0", "EventData.Function": "0", "EventData.Adapter": "0", "EventData.Port": "0", "EventData.Target": "0", "EventData.Lun": "0", "EventData.IoctlSupport": "59879", "EventData.IdFlags": "2", "EventData.DiskId": "{1a17238e-336d-11ed-a6d0-806e6f6e6963}", "EventData.AdapterId": "{2572a953-954b-11ec-a6b8-806e6f6e6963}", "EventData.RegistryId": "{2572a961-954b-11ec-a6b8-806e6f6e6963}", "EventData.PoolId": "{00000000-0000-0000-0000-000000000000}", "EventData.FirmwareSupportsUpgrade": "True", "EventData.FirmwareSlotCount": "1", "EventData.StorageIdCount": "0", "EventData.StorageIdCodeSet": "0", "EventData.StorageIdType": "0", "EventData.StorageIdAssociation": "0", "EventData.StorageIdBytes": "0", "EventData.StorageId": null, "EventData.WriteCacheType": "0", "EventData.WriteCacheEnabled": "0", "EventData.WriteCacheChangeable": "0", "EventData.WriteThroughSupported": "0", "EventData.FlushCacheSupported": "False", "EventData.IsPowerProtected": "False", "EventData.NVCacheEnabled": "False", "EventData.BytesPerLogicalSector": "512", "EventData.BytesPerPhysicalSector": "512", "EventData.BytesOffsetForSectorAlignment": "0", "EventData.IncursSeekPenalty": "False", "EventData.IsTrimSupported": "False", "EventData.IsThinProvisioned": "False", "EventData.OptimalUnmapGranularity": "0", "EventData.UnmapAlignment": "0", "EventData.NumberOfLogicalCopies": "0", "EventData.NumberOfPhysicalCopies": "0", "EventData.FaultTolerance": "0", "EventData.NumberOfColumns": "0", "EventData.InterleaveBytes": "0", "EventData.HybridSupported": "False", "EventData.HybridCacheBytes": "0", "EventData.AdapterMaximumTransferBytes": "16777215", "EventData.AdapterMaximumTransferPages": "257", "EventData.AdapterAlignmentMask": "0", "EventData.AdapterSerialNumber": "NULL", "EventData.PortDriver": "1", "EventData.UserRemovalPolicy": "False", "EventData.PartitionStyle": "1", "EventData.PartitionCount": "4", "EventData.PartitionTableBytes": "624", "EventData.PartitionTable": "AQAAAAQAAAD4OlK1ULGKT4RoGH7auIX0AEQAAAAAAAAAev9/FgAAAIAAAAAAAAAAAQAAAAAAAAAAABAAAAAAAAAAQAYAAAAAAQAAAAAAAAAocyrBH/jSEbpLAKDJPsk7Ft7tjFc2cUiMh/1rxmz2kwAAAAAAAACARQBGAEkAIABzAHkAcwB0AGUAbQAgAHAAYQByAHQAaQB0AGkAbwBuAAAAAAAAAAAAAAAAAAAAAAAAAAAAAAAAAAAAAAAAAAAAAQAAAAAAAAAAAFAGAAAAAAAAAAEAAAAAAgAAAAAAAAAW48njXAu4TYF9+S3wAhWubxyUU+4aUkGSxur5kk16EAAAAAAAAACATQBpAGMAcgBvAHMAbwBmAHQAIAByAGUAcwBlAHIAdgBlAGQAIABwAGEAcgB0AGkAdABpAG8AbgAAAAAAAAAAAAAAAAAAAAAAAQAAAAAAAAAAAFAHAAAAAADiC1gWAAAAAwAAAAAAAACioNDr5bkzRIfAaLa3JpnHY4Y6w6JxMUCM7MIZFP4SrQAAAAAAAAAAQgBhAHMAaQBjACAAZABhAHQAYQAgAHAAYQByAHQAaQB0AGkAbwBuAAAAAAAAAAAAAAAAAAAAAAAAAAAAAAAAAAAAAAAAAAAAAQAAAAAAAAAAAGBfFgAAAAAAgCAAAAAABAAAAAAAAACku5Te0QZATaFqv9UBedasLLUb3g5OYUObu7rx0+QMAQEAAAAAAACAAAAAAAAAAAAAAAAAAAAAAAAAAAAAAAAAAAAAAAAAAAAAAAAAAAAAAAAAAAAAAAAAAAAAAAAAAAAAAAAAAAAAAAAAAAAAAAAA", "EventData.MbrBytes": "0", "EventData.Mbr": null, "EventData.Vbr0Bytes": "0", "EventData.Vbr0": null, "EventData.Vbr1Bytes": "0", "EventData.Vbr1": null, "EventData.Vbr2Bytes": "0", "EventData.Vbr2": null, "EventData.Vbr3Size": "0", "EventData.Vbr3": null}
{"EventID": "1006", "Channel": "Microsoft-Windows-Partition/Diagnostic", "Provider_Name": "Microsoft-Windows-Partition", "Computer": "DESKTOP-OFJ6N53", "TimeCreated": "2022-09-14 17:17:05.386131+00:00", "RecordID": "28", "Level": "4", "UserID": "S-1-5-18", "EventData.DiskNumber": "0", "EventData.Flags": "538976528", "EventData.Characteristics": "262400", "EventData.IsSystemCritical": "True", "EventData.PagingCount": "0", "EventData.HibernationCount": "0", "EventData.DumpCount": "0", "EventData.BytesPerSector": "512", "EventData.Capacity": "96636764160", "EventData.BusType": "10", "EventData.Manufacturer": "VMware", "EventData.Model": "Virtual disk", "EventData.Revision": "2.0", "EventData.SerialNumber": "NULL", "EventData.Location": "PCI Slot 160 : Bus 3 : Device 0 : Function 0 : Adapter 0 : Port 0 : Target 0 : LUN 0", "EventData.ParentId": "PCI\\VEN_1000&DEV_0054&SUBSYS_197615AD&REV_01\\4&2509f6e&0&00A8", "EventData.Socket": "-1", "EventData.Slot": "160", "EventData.Bus": "3", "EventData.Device": "0", "EventData.Function": "0", "EventData.Adapter": "0", "EventData.Port": "0", "EventData.Target": "0", "EventData.Lun": "0", "EventData.IoctlSupport": "59879", "EventData.IdFlags": "2", "EventData.DiskId": "{0946b89b-3451-11ed-a6d1-806e6f6e6963}", "EventData.AdapterId": "{2572a953-954b-11ec-a6b8-806e6f6e6963}", "EventData.RegistryId": "{2572a961-954b-11ec-a6b8-806e6f6e6963}", "EventData.PoolId": "{00000000-0000-0000-0000-000000000000}", "EventData.FirmwareSupportsUpgrade": "True", "EventData.FirmwareSlotCount": "1", "EventData.StorageIdCount": "0", "EventData.StorageIdCodeSet": "0", "EventData.StorageIdType": "0", "EventData.StorageIdAssociation": "0", "EventData.StorageIdBytes": "0", "EventData.StorageId": null, "EventData.WriteCacheType": "0", "EventData.WriteCacheEnabled": "0", "EventData.WriteCacheChangeable": "0", "EventData.WriteThroughSupported": "0", "EventData.FlushCacheSupported": "False", "EventData.IsPowerProtected": "False", "EventData.NVCacheEnabled": "False", "EventData.BytesPerLogicalSector": "512", "EventData.BytesPerPhysicalSector": "512", "EventData.BytesOffsetForSectorAlignment": "0", "EventData.IncursSeekPenalty": "False", "EventData.IsTrimSupported": "False", "EventData.IsThinProvisioned": "False", "EventData.OptimalUnmapGranularity": "0", "EventData.UnmapAlignment": "0", "EventData.NumberOfLogicalCopies": "0", "EventData.NumberOfPhysicalCopies": "0", "EventData.FaultTolerance": "0", "EventData.NumberOfColumns": "0", "EventData.InterleaveBytes": "0", "EventData.HybridSupported": "False", "EventData.HybridCacheBytes": "0", "EventData.AdapterMaximumTransferBytes": "16777215", "EventData.AdapterMaximumTransferPages": "257", "EventData.AdapterAlignmentMask": "0", "EventData.AdapterSerialNumber": "NULL", "EventData.PortDriver": "1", "EventData.UserRemovalPolicy": "False", "EventData.PartitionStyle": "1", "EventData.PartitionCount": "4", "EventData.PartitionTableBytes": "624", "EventData.PartitionTable": "AQAAAAQAAAD4OlK1ULGKT4RoGH7auIX0AEQAAAAAAAAAev9/FgAAAIAAAAAAAAAAAQAAAAAAAAAAABAAAAAAAAAAQAYAAAAAAQAAAAAAAAAocyrBH/jSEbpLAKDJPsk7Ft7tjFc2cUiMh/1rxmz2kwAAAAAAAACARQBGAEkAIABzAHkAcwB0AGUAbQAgAHAAYQByAHQAaQB0AGkAbwBuAAAAAAAAAAAAAAAAAAAAAAAAAAAAAAAAAAAAAAAAAAAAAQAAAAAAAAAAAFAGAAAAAAAAAAEAAAAAAgAAAAAAAAAW48njXAu4TYF9+S3wAhWubxyUU+4aUkGSxur5kk16EAAAAAAAAACATQBpAGMAcgBvAHMAbwBmAHQAIAByAGUAcwBlAHIAdgBlAGQAIABwAGEAcgB0AGkAdABpAG8AbgAAAAAAAAAAAAAAAAAAAAAAAQAAAAAAAAAAAFAHAAAAAADiC1gWAAAAAwAAAAAAAACioNDr5bkzRIfAaLa3JpnHY4Y6w6JxMUCM7MIZFP4SrQAAAAAAAAAAQgBhAHMAaQBjACAAZABhAHQAYQAgAHAAYQByAHQAaQB0AGkAbwBuAAAAAAAAAAAAAAAAAAAAAAAAAAAAAAAAAAAAAAAAAAAAAQAAAAAAAAAAAGBfFgAAAAAAgCAAAAAABAAAAAAAAACku5Te0QZATaFqv9UBedasLLUb3g5OYUObu7rx0+QMAQEAAAAAAACAAAAAAAAAAAAAAAAAAAAAAAAAAAAAAAAAAAAAAAAAAAAAAAAAAAAAAAAAAAAAAAAAAAAAAAAAAAAAAAAAAAAAAAAAAAAAAAAA", "EventData.MbrBytes": "0", "EventData.Mbr": null, "EventData.Vbr0Bytes": "0", "EventData.Vbr0": null, "EventData.Vbr1Bytes": "0", "EventData.Vbr1": null, "EventData.Vbr2Bytes": "0", "EventData.Vbr2": null, "EventData.Vbr3Size": "0", "EventData.Vbr3": null}
{"EventID": "1006", "Channel": "Microsoft-Windows-Partition/Diagnostic", "Provider_Name": "Microsoft-Windows-Partition", "Computer": "DESKTOP-OFJ6N53", "TimeCreated": "2022-09-22 12:40:20.863295+00:00", "RecordID": "29", "Level": "4", "UserID": "S-1-5-18", "EventData.DiskNumber": "0", "EventData.Flags": "538976528", "EventData.Characteristics": "262400", "EventData.IsSystemCritical": "True", "EventData.PagingCount": "0", "EventData.HibernationCount": "0", "EventData.DumpCount": "0", "EventData.BytesPerSector": "512", "EventData.Capacity": "96636764160", "EventData.BusType": "10", "EventData.Manufacturer": "VMware", "EventData.Model": "Virtual disk", "EventData.Revision": "2.0", "EventData.SerialNumber": "NULL", "EventData.Location": "PCI Slot 160 : Bus 3 : Device 0 : Function 0 : Adapter 0 : Port 0 : Target 0 : LUN 0", "EventData.ParentId": "PCI\\VEN_1000&DEV_0054&SUBSYS_197615AD&REV_01\\4&2509f6e&0&00A8", "EventData.Socket": "-1", "EventData.Slot": "160", "EventData.Bus": "3", "EventData.Device": "0", "EventData.Function": "0", "EventData.Adapter": "0", "EventData.Port": "0", "EventData.Target": "0", "EventData.Lun": "0", "EventData.IoctlSupport": "59879", "EventData.IdFlags": "2", "EventData.DiskId": "{b501a8aa-3a73-11ed-a6d2-806e6f6e6963}", "EventData.AdapterId": "{2572a953-954b-11ec-a6b8-806e6f6e6963}", "EventData.RegistryId": "{2572a961-954b-11ec-a6b8-806e6f6e6963}", "EventData.PoolId": "{00000000-0000-0000-0000-000000000000}", "EventData.FirmwareSupportsUpgrade": "True", "EventData.FirmwareSlotCount": "1", "EventData.StorageIdCount": "0", "EventData.StorageIdCodeSet": "0", "EventData.StorageIdType": "0", "EventData.StorageIdAssociation": "0", "EventData.StorageIdBytes": "0", "EventData.StorageId": null, "EventData.WriteCacheType": "0", "EventData.WriteCacheEnabled": "0", "EventData.WriteCacheChangeable": "0", "EventData.WriteThroughSupported": "0", "EventData.FlushCacheSupported": "False", "EventData.IsPowerProtected": "False", "EventData.NVCacheEnabled": "False", "EventData.BytesPerLogicalSector": "512", "EventData.BytesPerPhysicalSector": "512", "EventData.BytesOffsetForSectorAlignment": "0", "EventData.IncursSeekPenalty": "False", "EventData.IsTrimSupported": "False", "EventData.IsThinProvisioned": "False", "EventData.OptimalUnmapGranularity": "0", "EventData.UnmapAlignment": "0", "EventData.NumberOfLogicalCopies": "0", "EventData.NumberOfPhysicalCopies": "0", "EventData.FaultTolerance": "0", "EventData.NumberOfColumns": "0", "EventData.InterleaveBytes": "0", "EventData.HybridSupported": "False", "EventData.HybridCacheBytes": "0", "EventData.AdapterMaximumTransferBytes": "16777215", "EventData.AdapterMaximumTransferPages": "257", "EventData.AdapterAlignmentMask": "0", "EventData.AdapterSerialNumber": "NULL", "EventData.PortDriver": "1", "EventData.UserRemovalPolicy": "False", "EventData.PartitionStyle": "1", "EventData.PartitionCount": "4", "EventData.PartitionTableBytes": "624", "EventData.PartitionTable": "AQAAAAQAAAD4OlK1ULGKT4RoGH7auIX0AEQAAAAAAAAAev9/FgAAAIAAAAAAAAAAAQAAAAAAAAAAABAAAAAAAAAAQAYAAAAAAQAAAAAAAAAocyrBH/jSEbpLAKDJPsk7Ft7tjFc2cUiMh/1rxmz2kwAAAAAAAACARQBGAEkAIABzAHkAcwB0AGUAbQAgAHAAYQByAHQAaQB0AGkAbwBuAAAAAAAAAAAAAAAAAAAAAAAAAAAAAAAAAAAAAAAAAAAAAQAAAAAAAAAAAFAGAAAAAAAAAAEAAAAAAgAAAAAAAAAW48njXAu4TYF9+S3wAhWubxyUU+4aUkGSxur5kk16EAAAAAAAAACATQBpAGMAcgBvAHMAbwBmAHQAIAByAGUAcwBlAHIAdgBlAGQAIABwAGEAcgB0AGkAdABpAG8AbgAAAAAAAAAAAAAAAAAAAAAAAQAAAAAAAAAAAFAHAAAAAADiC1gWAAAAAwAAAAAAAACioNDr5bkzRIfAaLa3JpnHY4Y6w6JxMUCM7MIZFP4SrQAAAAAAAAAAQgBhAHMAaQBjACAAZABhAHQAYQAgAHAAYQByAHQAaQB0AGkAbwBuAAAAAAAAAAAAAAAAAAAAAAAAAAAAAAAAAAAAAAAAAAAAAQAAAAAAAAAAAGBfFgAAAAAAgCAAAAAABAAAAAAAAACku5Te0QZATaFqv9UBedasLLUb3g5OYUObu7rx0+QMAQEAAAAAAACAAAAAAAAAAAAAAAAAAAAAAAAAAAAAAAAAAAAAAAAAAAAAAAAAAAAAAAAAAAAAAAAAAAAAAAAAAAAAAAAAAAAAAAAAAAAAAAAA", "EventData.MbrBytes": "0", "EventData.Mbr": null, "EventData.Vbr0Bytes": "0", "EventData.Vbr0": null, "EventData.Vbr1Bytes": "0", "EventData.Vbr1": null, "EventData.Vbr2Bytes": "0", "EventData.Vbr2": null, "EventData.Vbr3Size": "0", "EventData.Vbr3": null}
{"EventID": "1006", "Channel": "Microsoft-Windows-Partition/Diagnostic", "Provider_Name": "Microsoft-Windows-Partition", "Computer": "DESKTOP-OFJ6N53", "TimeCreated": "2022-09-29 11:32:23.191269+00:00", "RecordID": "30", "Level": "4", "UserID": "S-1-5-18", "EventData.DiskNumber": "0", "EventData.Flags": "538976528", "EventData.Characteristics": "262400", "EventData.IsSystemCritical": "True", "EventData.PagingCount": "0", "EventData.HibernationCount": "0", "EventData.DumpCount": "0", "EventData.BytesPerSector": "512", "EventData.Capacity": "96636764160", "EventData.BusType": "10", "EventData.Manufacturer": "VMware", "EventData.Model": "Virtual disk", "EventData.Revision": "2.0", "EventData.SerialNumber": "NULL", "EventData.Location": "PCI Slot 160 : Bus 3 : Device 0 : Function 0 : Adapter 0 : Port 0 : Target 0 : LUN 0", "EventData.ParentId": "PCI\\VEN_1000&DEV_0054&SUBSYS_197615AD&REV_01\\4&2509f6e&0&00A8", "EventData.Socket": "-1", "EventData.Slot": "160", "EventData.Bus": "3", "EventData.Device": "0", "EventData.Function": "0", "EventData.Adapter": "0", "EventData.Port": "0", "EventData.Target": "0", "EventData.Lun": "0", "EventData.IoctlSupport": "59879", "EventData.IdFlags": "2", "EventData.DiskId": "{5e480e53-3fea-11ed-a6d3-806e6f6e6963}", "EventData.AdapterId": "{2572a953-954b-11ec-a6b8-806e6f6e6963}", "EventData.RegistryId": "{2572a961-954b-11ec-a6b8-806e6f6e6963}", "EventData.PoolId": "{00000000-0000-0000-0000-000000000000}", "EventData.FirmwareSupportsUpgrade": "True", "EventData.FirmwareSlotCount": "1", "EventData.StorageIdCount": "0", "EventData.StorageIdCodeSet": "0", "EventData.StorageIdType": "0", "EventData.StorageIdAssociation": "0", "EventData.StorageIdBytes": "0", "EventData.StorageId": null, "EventData.WriteCacheType": "0", "EventData.WriteCacheEnabled": "0", "EventData.WriteCacheChangeable": "0", "EventData.WriteThroughSupported": "0", "EventData.FlushCacheSupported": "False", "EventData.IsPowerProtected": "False", "EventData.NVCacheEnabled": "False", "EventData.BytesPerLogicalSector": "512", "EventData.BytesPerPhysicalSector": "512", "EventData.BytesOffsetForSectorAlignment": "0", "EventData.IncursSeekPenalty": "False", "EventData.IsTrimSupported": "False", "EventData.IsThinProvisioned": "False", "EventData.OptimalUnmapGranularity": "0", "EventData.UnmapAlignment": "0", "EventData.NumberOfLogicalCopies": "0", "EventData.NumberOfPhysicalCopies": "0", "EventData.FaultTolerance": "0", "EventData.NumberOfColumns": "0", "EventData.InterleaveBytes": "0", "EventData.HybridSupported": "False", "EventData.HybridCacheBytes": "0", "EventData.AdapterMaximumTransferBytes": "16777215", "EventData.AdapterMaximumTransferPages": "257", "EventData.AdapterAlignmentMask": "0", "EventData.AdapterSerialNumber": "NULL", "EventData.PortDriver": "1", "EventData.UserRemovalPolicy": "False", "EventData.PartitionStyle": "1", "EventData.PartitionCount": "4", "EventData.PartitionTableBytes": "624", "EventData.PartitionTable": "AQAAAAQAAAD4OlK1ULGKT4RoGH7auIX0AEQAAAAAAAAAev9/FgAAAIAAAAAAAAAAAQAAAAAAAAAAABAAAAAAAAAAQAYAAAAAAQAAAAAAAAAocyrBH/jSEbpLAKDJPsk7Ft7tjFc2cUiMh/1rxmz2kwAAAAAAAACARQBGAEkAIABzAHkAcwB0AGUAbQAgAHAAYQByAHQAaQB0AGkAbwBuAAAAAAAAAAAAAAAAAAAAAAAAAAAAAAAAAAAAAAAAAAAAAQAAAAAAAAAAAFAGAAAAAAAAAAEAAAAAAgAAAAAAAAAW48njXAu4TYF9+S3wAhWubxyUU+4aUkGSxur5kk16EAAAAAAAAACATQBpAGMAcgBvAHMAbwBmAHQAIAByAGUAcwBlAHIAdgBlAGQAIABwAGEAcgB0AGkAdABpAG8AbgAAAAAAAAAAAAAAAAAAAAAAAQAAAAAAAAAAAFAHAAAAAADiC1gWAAAAAwAAAAAAAACioNDr5bkzRIfAaLa3JpnHY4Y6w6JxMUCM7MIZFP4SrQAAAAAAAAAAQgBhAHMAaQBjACAAZABhAHQAYQAgAHAAYQByAHQAaQB0AGkAbwBuAAAAAAAAAAAAAAAAAAAAAAAAAAAAAAAAAAAAAAAAAAAAAQAAAAAAAAAAAGBfFgAAAAAAgCAAAAAABAAAAAAAAACku5Te0QZATaFqv9UBedasLLUb3g5OYUObu7rx0+QMAQEAAAAAAACAAAAAAAAAAAAAAAAAAAAAAAAAAAAAAAAAAAAAAAAAAAAAAAAAAAAAAAAAAAAAAAAAAAAAAAAAAAAAAAAAAAAAAAAAAAAAAAAA", "EventData.MbrBytes": "0", "EventData.Mbr": null, "EventData.Vbr0Bytes": "0", "EventData.Vbr0": null, "EventData.Vbr1Bytes": "0", "EventData.Vbr1": null, "EventData.Vbr2Bytes": "0", "EventData.Vbr2": null, "EventData.Vbr3Size": "0", "EventData.Vbr3": null}
{"EventID": "1006", "Channel": "Microsoft-Windows-Partition/Diagnostic", "Provider_Name": "Microsoft-Windows-Partition", "Computer": "DESKTOP-OFJ6N53", "TimeCreated": "2022-10-04 08:34:42.490911+00:00", "RecordID": "31", "Level": "4", "UserID": "S-1-5-18", "EventData.DiskNumber": "0", "EventData.Flags": "538976528", "EventData.Characteristics": "262400", "EventData.IsSystemCritical": "True", "EventData.PagingCount": "0", "EventData.HibernationCount": "0", "EventData.DumpCount": "0", "EventData.BytesPerSector": "512", "EventData.Capacity": "96636764160", "EventData.BusType": "10", "EventData.Manufacturer": "VMware", "EventData.Model": "Virtual disk", "EventData.Revision": "2.0", "EventData.SerialNumber": "NULL", "EventData.Location": "PCI Slot 160 : Bus 3 : Device 0 : Function 0 : Adapter 0 : Port 0 : Target 0 : LUN 0", "EventData.ParentId": "PCI\\VEN_1000&DEV_0054&SUBSYS_197615AD&REV_01\\4&2509f6e&0&00A8", "EventData.Socket": "-1", "EventData.Slot": "160", "EventData.Bus": "3", "EventData.Device": "0", "EventData.Function": "0", "EventData.Adapter": "0", "EventData.Port": "0", "EventData.Target": "0", "EventData.Lun": "0", "EventData.IoctlSupport": "59879", "EventData.IdFlags": "2", "EventData.DiskId": "{61667b51-43bf-11ed-a6d4-806e6f6e6963}", "EventData.AdapterId": "{2572a953-954b-11ec-a6b8-806e6f6e6963}", "EventData.RegistryId": "{2572a961-954b-11ec-a6b8-806e6f6e6963}", "EventData.PoolId": "{00000000-0000-0000-0000-000000000000}", "EventData.FirmwareSupportsUpgrade": "True", "EventData.FirmwareSlotCount": "1", "EventData.StorageIdCount": "0", "EventData.StorageIdCodeSet": "0", "EventData.StorageIdType": "0", "EventData.StorageIdAssociation": "0", "EventData.StorageIdBytes": "0", "EventData.StorageId": null, "EventData.WriteCacheType": "0", "EventData.WriteCacheEnabled": "0", "EventData.WriteCacheChangeable": "0", "EventData.WriteThroughSupported": "0", "EventData.FlushCacheSupported": "False", "EventData.IsPowerProtected": "False", "EventData.NVCacheEnabled": "False", "EventData.BytesPerLogicalSector": "512", "EventData.BytesPerPhysicalSector": "512", "EventData.BytesOffsetForSectorAlignment": "0", "EventData.IncursSeekPenalty": "False", "EventData.IsTrimSupported": "False", "EventData.IsThinProvisioned": "False", "EventData.OptimalUnmapGranularity": "0", "EventData.UnmapAlignment": "0", "EventData.NumberOfLogicalCopies": "0", "EventData.NumberOfPhysicalCopies": "0", "EventData.FaultTolerance": "0", "EventData.NumberOfColumns": "0", "EventData.InterleaveBytes": "0", "EventData.HybridSupported": "False", "EventData.HybridCacheBytes": "0", "EventData.AdapterMaximumTransferBytes": "16777215", "EventData.AdapterMaximumTransferPages": "257", "EventData.AdapterAlignmentMask": "0", "EventData.AdapterSerialNumber": "NULL", "EventData.PortDriver": "1", "EventData.UserRemovalPolicy": "False", "EventData.PartitionStyle": "1", "EventData.PartitionCount": "4", "EventData.PartitionTableBytes": "624", "EventData.PartitionTable": "AQAAAAQAAAD4OlK1ULGKT4RoGH7auIX0AEQAAAAAAAAAev9/FgAAAIAAAAAAAAAAAQAAAAAAAAAAABAAAAAAAAAAQAYAAAAAAQAAAAAAAAAocyrBH/jSEbpLAKDJPsk7Ft7tjFc2cUiMh/1rxmz2kwAAAAAAAACARQBGAEkAIABzAHkAcwB0AGUAbQAgAHAAYQByAHQAaQB0AGkAbwBuAAAAAAAAAAAAAAAAAAAAAAAAAAAAAAAAAAAAAAAAAAAAAQAAAAAAAAAAAFAGAAAAAAAAAAEAAAAAAgAAAAAAAAAW48njXAu4TYF9+S3wAhWubxyUU+4aUkGSxur5kk16EAAAAAAAAACATQBpAGMAcgBvAHMAbwBmAHQAIAByAGUAcwBlAHIAdgBlAGQAIABwAGEAcgB0AGkAdABpAG8AbgAAAAAAAAAAAAAAAAAAAAAAAQAAAAAAAAAAAFAHAAAAAADiC1gWAAAAAwAAAAAAAACioNDr5bkzRIfAaLa3JpnHY4Y6w6JxMUCM7MIZFP4SrQAAAAAAAAAAQgBhAHMAaQBjACAAZABhAHQAYQAgAHAAYQByAHQAaQB0AGkAbwBuAAAAAAAAAAAAAAAAAAAAAAAAAAAAAAAAAAAAAAAAAAAAAQAAAAAAAAAAAGBfFgAAAAAAgCAAAAAABAAAAAAAAACku5Te0QZATaFqv9UBedasLLUb3g5OYUObu7rx0+QMAQEAAAAAAACAAAAAAAAAAAAAAAAAAAAAAAAAAAAAAAAAAAAAAAAAAAAAAAAAAAAAAAAAAAAAAAAAAAAAAAAAAAAAAAAAAAAAAAAAAAAAAAAA", "EventData.MbrBytes": "0", "EventData.Mbr": null, "EventData.Vbr0Bytes": "0", "EventData.Vbr0": null, "EventData.Vbr1Bytes": "0", "EventData.Vbr1": null, "EventData.Vbr2Bytes": "0", "EventData.Vbr2": null, "EventData.Vbr3Size": "0", "EventData.Vbr3": null}
{"EventID": "1006", "Channel": "Microsoft-Windows-Partition/Diagnostic", "Provider_Name": "Microsoft-Windows-Partition", "Computer": "DESKTOP-OFJ6N53", "TimeCreated": "2022-10-05 14:36:58.123436+00:00", "RecordID": "32", "Level": "4", "UserID": "S-1-5-18", "EventData.DiskNumber": "0", "EventData.Flags": "538976528", "EventData.Characteristics": "262400", "EventData.IsSystemCritical": "True", "EventData.PagingCount": "0", "EventData.HibernationCount": "0", "EventData.DumpCount": "0", "EventData.BytesPerSector": "512", "EventData.Capacity": "96636764160", "EventData.BusType": "10", "EventData.Manufacturer": "VMware", "EventData.Model": "Virtual disk", "EventData.Revision": "2.0", "EventData.SerialNumber": "NULL", "EventData.Location": "PCI Slot 160 : Bus 3 : Device 0 : Function 0 : Adapter 0 : Port 0 : Target 0 : LUN 0", "EventData.ParentId": "PCI\\VEN_1000&DEV_0054&SUBSYS_197615AD&REV_01\\4&2509f6e&0&00A8", "EventData.Socket": "-1", "EventData.Slot": "160", "EventData.Bus": "3", "EventData.Device": "0", "EventData.Function": "0", "EventData.Adapter": "0", "EventData.Port": "0", "EventData.Target": "0", "EventData.Lun": "0", "EventData.IoctlSupport": "59879", "EventData.IdFlags": "2", "EventData.DiskId": "{272b91aa-44bb-11ed-a6d5-806e6f6e6963}", "EventData.AdapterId": "{2572a953-954b-11ec-a6b8-806e6f6e6963}", "EventData.RegistryId": "{2572a961-954b-11ec-a6b8-806e6f6e6963}", "EventData.PoolId": "{00000000-0000-0000-0000-000000000000}", "EventData.FirmwareSupportsUpgrade": "True", "EventData.FirmwareSlotCount": "1", "EventData.StorageIdCount": "0", "EventData.StorageIdCodeSet": "0", "EventData.StorageIdType": "0", "EventData.StorageIdAssociation": "0", "EventData.StorageIdBytes": "0", "EventData.StorageId": null, "EventData.WriteCacheType": "0", "EventData.WriteCacheEnabled": "0", "EventData.WriteCacheChangeable": "0", "EventData.WriteThroughSupported": "0", "EventData.FlushCacheSupported": "False", "EventData.IsPowerProtected": "False", "EventData.NVCacheEnabled": "False", "EventData.BytesPerLogicalSector": "512", "EventData.BytesPerPhysicalSector": "512", "EventData.BytesOffsetForSectorAlignment": "0", "EventData.IncursSeekPenalty": "False", "EventData.IsTrimSupported": "False", "EventData.IsThinProvisioned": "False", "EventData.OptimalUnmapGranularity": "0", "EventData.UnmapAlignment": "0", "EventData.NumberOfLogicalCopies": "0", "EventData.NumberOfPhysicalCopies": "0", "EventData.FaultTolerance": "0", "EventData.NumberOfColumns": "0", "EventData.InterleaveBytes": "0", "EventData.HybridSupported": "False", "EventData.HybridCacheBytes": "0", "EventData.AdapterMaximumTransferBytes": "16777215", "EventData.AdapterMaximumTransferPages": "257", "EventData.AdapterAlignmentMask": "0", "EventData.AdapterSerialNumber": "NULL", "EventData.PortDriver": "1", "EventData.UserRemovalPolicy": "False", "EventData.PartitionStyle": "1", "EventData.PartitionCount": "4", "EventData.PartitionTableBytes": "624", "EventData.PartitionTable": "AQAAAAQAAAD4OlK1ULGKT4RoGH7auIX0AEQAAAAAAAAAev9/FgAAAIAAAAAAAAAAAQAAAAAAAAAAABAAAAAAAAAAQAYAAAAAAQAAAAAAAAAocyrBH/jSEbpLAKDJPsk7Ft7tjFc2cUiMh/1rxmz2kwAAAAAAAACARQBGAEkAIABzAHkAcwB0AGUAbQAgAHAAYQByAHQAaQB0AGkAbwBuAAAAAAAAAAAAAAAAAAAAAAAAAAAAAAAAAAAAAAAAAAAAAQAAAAAAAAAAAFAGAAAAAAAAAAEAAAAAAgAAAAAAAAAW48njXAu4TYF9+S3wAhWubxyUU+4aUkGSxur5kk16EAAAAAAAAACATQBpAGMAcgBvAHMAbwBmAHQAIAByAGUAcwBlAHIAdgBlAGQAIABwAGEAcgB0AGkAdABpAG8AbgAAAAAAAAAAAAAAAAAAAAAAAQAAAAAAAAAAAFAHAAAAAADiC1gWAAAAAwAAAAAAAACioNDr5bkzRIfAaLa3JpnHY4Y6w6JxMUCM7MIZFP4SrQAAAAAAAAAAQgBhAHMAaQBjACAAZABhAHQAYQAgAHAAYQByAHQAaQB0AGkAbwBuAAAAAAAAAAAAAAAAAAAAAAAAAAAAAAAAAAAAAAAAAAAAAQAAAAAAAAAAAGBfFgAAAAAAgCAAAAAABAAAAAAAAACku5Te0QZATaFqv9UBedasLLUb3g5OYUObu7rx0+QMAQEAAAAAAACAAAAAAAAAAAAAAAAAAAAAAAAAAAAAAAAAAAAAAAAAAAAAAAAAAAAAAAAAAAAAAAAAAAAAAAAAAAAAAAAAAAAAAAAAAAAAAAAA", "EventData.MbrBytes": "0", "EventData.Mbr": null, "EventData.Vbr0Bytes": "0", "EventData.Vbr0": null, "EventData.Vbr1Bytes": "0", "EventData.Vbr1": null, "EventData.Vbr2Bytes": "0", "EventData.Vbr2": null, "EventData.Vbr3Size": "0", "EventData.Vbr3": null}
{"EventID": "1006", "Channel": "Microsoft-Windows-Partition/Diagnostic", "Provider_Name": "Microsoft-Windows-Partition", "Computer": "DESKTOP-OFJ6N53", "TimeCreated": "2022-10-06 08:20:54.634920+00:00", "RecordID": "33", "Level": "4", "UserID": "S-1-5-18", "EventData.DiskNumber": "0", "EventData.Flags": "538976528", "EventData.Characteristics": "262400", "EventData.IsSystemCritical": "True", "EventData.PagingCount": "0", "EventData.HibernationCount": "0", "EventData.DumpCount": "0", "EventData.BytesPerSector": "512", "EventData.Capacity": "96636764160", "EventData.BusType": "10", "EventData.Manufacturer": "VMware", "EventData.Model": "Virtual disk", "EventData.Revision": "2.0", "EventData.SerialNumber": "NULL", "EventData.Location": "PCI Slot 160 : Bus 3 : Device 0 : Function 0 : Adapter 0 : Port 0 : Target 0 : LUN 0", "EventData.ParentId": "PCI\\VEN_1000&DEV_0054&SUBSYS_197615AD&REV_01\\4&2509f6e&0&00A8", "EventData.Socket": "-1", "EventData.Slot": "160", "EventData.Bus": "3", "EventData.Device": "0", "EventData.Function": "0", "EventData.Adapter": "0", "EventData.Port": "0", "EventData.Target": "0", "EventData.Lun": "0", "EventData.IoctlSupport": "59879", "EventData.IdFlags": "2", "EventData.DiskId": "{c6e65263-454f-11ed-a6d6-806e6f6e6963}", "EventData.AdapterId": "{2572a953-954b-11ec-a6b8-806e6f6e6963}", "EventData.RegistryId": "{2572a961-954b-11ec-a6b8-806e6f6e6963}", "EventData.PoolId": "{00000000-0000-0000-0000-000000000000}", "EventData.FirmwareSupportsUpgrade": "True", "EventData.FirmwareSlotCount": "1", "EventData.StorageIdCount": "0", "EventData.StorageIdCodeSet": "0", "EventData.StorageIdType": "0", "EventData.StorageIdAssociation": "0", "EventData.StorageIdBytes": "0", "EventData.StorageId": null, "EventData.WriteCacheType": "0", "EventData.WriteCacheEnabled": "0", "EventData.WriteCacheChangeable": "0", "EventData.WriteThroughSupported": "0", "EventData.FlushCacheSupported": "False", "EventData.IsPowerProtected": "False", "EventData.NVCacheEnabled": "False", "EventData.BytesPerLogicalSector": "512", "EventData.BytesPerPhysicalSector": "512", "EventData.BytesOffsetForSectorAlignment": "0", "EventData.IncursSeekPenalty": "False", "EventData.IsTrimSupported": "False", "EventData.IsThinProvisioned": "False", "EventData.OptimalUnmapGranularity": "0", "EventData.UnmapAlignment": "0", "EventData.NumberOfLogicalCopies": "0", "EventData.NumberOfPhysicalCopies": "0", "EventData.FaultTolerance": "0", "EventData.NumberOfColumns": "0", "EventData.InterleaveBytes": "0", "EventData.HybridSupported": "False", "EventData.HybridCacheBytes": "0", "EventData.AdapterMaximumTransferBytes": "16777215", "EventData.AdapterMaximumTransferPages": "257", "EventData.AdapterAlignmentMask": "0", "EventData.AdapterSerialNumber": "NULL", "EventData.PortDriver": "1", "EventData.UserRemovalPolicy": "False", "EventData.PartitionStyle": "1", "EventData.PartitionCount": "4", "EventData.PartitionTableBytes": "624", "EventData.PartitionTable": "AQAAAAQAAAD4OlK1ULGKT4RoGH7auIX0AEQAAAAAAAAAev9/FgAAAIAAAAAAAAAAAQAAAAAAAAAAABAAAAAAAAAAQAYAAAAAAQAAAAAAAAAocyrBH/jSEbpLAKDJPsk7Ft7tjFc2cUiMh/1rxmz2kwAAAAAAAACARQBGAEkAIABzAHkAcwB0AGUAbQAgAHAAYQByAHQAaQB0AGkAbwBuAAAAAAAAAAAAAAAAAAAAAAAAAAAAAAAAAAAAAAAAAAAAAQAAAAAAAAAAAFAGAAAAAAAAAAEAAAAAAgAAAAAAAAAW48njXAu4TYF9+S3wAhWubxyUU+4aUkGSxur5kk16EAAAAAAAAACATQBpAGMAcgBvAHMAbwBmAHQAIAByAGUAcwBlAHIAdgBlAGQAIABwAGEAcgB0AGkAdABpAG8AbgAAAAAAAAAAAAAAAAAAAAAAAQAAAAAAAAAAAFAHAAAAAADiC1gWAAAAAwAAAAAAAACioNDr5bkzRIfAaLa3JpnHY4Y6w6JxMUCM7MIZFP4SrQAAAAAAAAAAQgBhAHMAaQBjACAAZABhAHQAYQAgAHAAYQByAHQAaQB0AGkAbwBuAAAAAAAAAAAAAAAAAAAAAAAAAAAAAAAAAAAAAAAAAAAAAQAAAAAAAAAAAGBfFgAAAAAAgCAAAAAABAAAAAAAAACku5Te0QZATaFqv9UBedasLLUb3g5OYUObu7rx0+QMAQEAAAAAAACAAAAAAAAAAAAAAAAAAAAAAAAAAAAAAAAAAAAAAAAAAAAAAAAAAAAAAAAAAAAAAAAAAAAAAAAAAAAAAAAAAAAAAAAAAAAAAAAA", "EventData.MbrBytes": "0", "EventData.Mbr": null, "EventData.Vbr0Bytes": "0", "EventData.Vbr0": null, "EventData.Vbr1Bytes": "0", "EventData.Vbr1": null, "EventData.Vbr2Bytes": "0", "EventData.Vbr2": null, "EventData.Vbr3Size": "0", "EventData.Vbr3": null}
{"EventID": "1006", "Channel": "Microsoft-Windows-Partition/Diagnostic", "Provider_Name": "Microsoft-Windows-Partition", "Computer": "DESKTOP-OFJ6N53", "TimeCreated": "2022-10-06 09:15:55.494530+00:00", "RecordID": "34", "Level": "4", "UserID": "S-1-5-18", "EventData.DiskNumber": "0", "EventData.Flags": "538976528", "EventData.Characteristics": "262400", "EventData.IsSystemCritical": "True", "EventData.PagingCount": "0", "EventData.HibernationCount": "0", "EventData.DumpCount": "0", "EventData.BytesPerSector": "512", "EventData.Capacity": "96636764160", "EventData.BusType": "10", "EventData.Manufacturer": "VMware", "EventData.Model": "Virtual disk", "EventData.Revision": "2.0", "EventData.SerialNumber": "NULL", "EventData.Location": "PCI Slot 160 : Bus 3 : Device 0 : Function 0 : Adapter 0 : Port 0 : Target 0 : LUN 0", "EventData.ParentId": "PCI\\VEN_1000&DEV_0054&SUBSYS_197615AD&REV_01\\4&2509f6e&0&00A8", "EventData.Socket": "-1", "EventData.Slot": "160", "EventData.Bus": "3", "EventData.Device": "0", "EventData.Function": "0", "EventData.Adapter": "0", "EventData.Port": "0", "EventData.Target": "0", "EventData.Lun": "0", "EventData.IoctlSupport": "59879", "EventData.IdFlags": "2", "EventData.DiskId": "{792088cf-4557-11ed-a6d7-806e6f6e6963}", "EventData.AdapterId": "{2572a953-954b-11ec-a6b8-806e6f6e6963}", "EventData.RegistryId": "{2572a961-954b-11ec-a6b8-806e6f6e6963}", "EventData.PoolId": "{00000000-0000-0000-0000-000000000000}", "EventData.FirmwareSupportsUpgrade": "True", "EventData.FirmwareSlotCount": "1", "EventData.StorageIdCount": "0", "EventData.StorageIdCodeSet": "0", "EventData.StorageIdType": "0", "EventData.StorageIdAssociation": "0", "EventData.StorageIdBytes": "0", "EventData.StorageId": null, "EventData.WriteCacheType": "0", "EventData.WriteCacheEnabled": "0", "EventData.WriteCacheChangeable": "0", "EventData.WriteThroughSupported": "0", "EventData.FlushCacheSupported": "False", "EventData.IsPowerProtected": "False", "EventData.NVCacheEnabled": "False", "EventData.BytesPerLogicalSector": "512", "EventData.BytesPerPhysicalSector": "512", "EventData.BytesOffsetForSectorAlignment": "0", "EventData.IncursSeekPenalty": "False", "EventData.IsTrimSupported": "False", "EventData.IsThinProvisioned": "False", "EventData.OptimalUnmapGranularity": "0", "EventData.UnmapAlignment": "0", "EventData.NumberOfLogicalCopies": "0", "EventData.NumberOfPhysicalCopies": "0", "EventData.FaultTolerance": "0", "EventData.NumberOfColumns": "0", "EventData.InterleaveBytes": "0", "EventData.HybridSupported": "False", "EventData.HybridCacheBytes": "0", "EventData.AdapterMaximumTransferBytes": "16777215", "EventData.AdapterMaximumTransferPages": "257", "EventData.AdapterAlignmentMask": "0", "EventData.AdapterSerialNumber": "NULL", "EventData.PortDriver": "1", "EventData.UserRemovalPolicy": "False", "EventData.PartitionStyle": "1", "EventData.PartitionCount": "4", "EventData.PartitionTableBytes": "624", "EventData.PartitionTable": "AQAAAAQAAAD4OlK1ULGKT4RoGH7auIX0AEQAAAAAAAAAev9/FgAAAIAAAAAAAAAAAQAAAAAAAAAAABAAAAAAAAAAQAYAAAAAAQAAAAAAAAAocyrBH/jSEbpLAKDJPsk7Ft7tjFc2cUiMh/1rxmz2kwAAAAAAAACARQBGAEkAIABzAHkAcwB0AGUAbQAgAHAAYQByAHQAaQB0AGkAbwBuAAAAAAAAAAAAAAAAAAAAAAAAAAAAAAAAAAAAAAAAAAAAAQAAAAAAAAAAAFAGAAAAAAAAAAEAAAAAAgAAAAAAAAAW48njXAu4TYF9+S3wAhWubxyUU+4aUkGSxur5kk16EAAAAAAAAACATQBpAGMAcgBvAHMAbwBmAHQAIAByAGUAcwBlAHIAdgBlAGQAIABwAGEAcgB0AGkAdABpAG8AbgAAAAAAAAAAAAAAAAAAAAAAAQAAAAAAAAAAAFAHAAAAAADiC1gWAAAAAwAAAAAAAACioNDr5bkzRIfAaLa3JpnHY4Y6w6JxMUCM7MIZFP4SrQAAAAAAAAAAQgBhAHMAaQBjACAAZABhAHQAYQAgAHAAYQByAHQAaQB0AGkAbwBuAAAAAAAAAAAAAAAAAAAAAAAAAAAAAAAAAAAAAAAAAAAAAQAAAAAAAAAAAGBfFgAAAAAAgCAAAAAABAAAAAAAAACku5Te0QZATaFqv9UBedasLLUb3g5OYUObu7rx0+QMAQEAAAAAAACAAAAAAAAAAAAAAAAAAAAAAAAAAAAAAAAAAAAAAAAAAAAAAAAAAAAAAAAAAAAAAAAAAAAAAAAAAAAAAAAAAAAAAAAAAAAAAAAA", "EventData.MbrBytes": "0", "EventData.Mbr": null, "EventData.Vbr0Bytes": "0", "EventData.Vbr0": null, "EventData.Vbr1Bytes": "0", "EventData.Vbr1": null, "EventData.Vbr2Bytes": "0", "EventData.Vbr2": null, "EventData.Vbr3Size": "0", "EventData.Vbr3": null}
{"EventID": "1006", "Channel": "Microsoft-Windows-Partition/Diagnostic", "Provider_Name": "Microsoft-Windows-Partition", "Computer": "DESKTOP-OFJ6N53", "TimeCreated": "2022-10-11 22:42:55.307104+00:00", "RecordID": "35", "Level": "4", "UserID": "S-1-5-18", "EventData.DiskNumber": "0", "EventData.Flags": "538976528", "EventData.Characteristics": "262400", "EventData.IsSystemCritical": "True", "EventData.PagingCount": "0", "EventData.HibernationCount": "0", "EventData.DumpCount": "0", "EventData.BytesPerSector": "512", "EventData.Capacity": "96636764160", "EventData.BusType": "10", "EventData.Manufacturer": "VMware", "EventData.Model": "Virtual disk", "EventData.Revision": "2.0", "EventData.SerialNumber": "NULL", "EventData.Location": "PCI Slot 160 : Bus 3 : Device 0 : Function 0 : Adapter 0 : Port 0 : Target 0 : LUN 0", "EventData.ParentId": "PCI\\VEN_1000&DEV_0054&SUBSYS_197615AD&REV_01\\4&2509f6e&0&00A8", "EventData.Socket": "-1", "EventData.Slot": "160", "EventData.Bus": "3", "EventData.Device": "0", "EventData.Function": "0", "EventData.Adapter": "0", "EventData.Port": "0", "EventData.Target": "0", "EventData.Lun": "0", "EventData.IoctlSupport": "59879", "EventData.IdFlags": "2", "EventData.DiskId": "{08fad46b-49b6-11ed-a6d8-806e6f6e6963}", "EventData.AdapterId": "{2572a953-954b-11ec-a6b8-806e6f6e6963}", "EventData.RegistryId": "{2572a961-954b-11ec-a6b8-806e6f6e6963}", "EventData.PoolId": "{00000000-0000-0000-0000-000000000000}", "EventData.FirmwareSupportsUpgrade": "True", "EventData.FirmwareSlotCount": "1", "EventData.StorageIdCount": "0", "EventData.StorageIdCodeSet": "0", "EventData.StorageIdType": "0", "EventData.StorageIdAssociation": "0", "EventData.StorageIdBytes": "0", "EventData.StorageId": null, "EventData.WriteCacheType": "0", "EventData.WriteCacheEnabled": "0", "EventData.WriteCacheChangeable": "0", "EventData.WriteThroughSupported": "0", "EventData.FlushCacheSupported": "False", "EventData.IsPowerProtected": "False", "EventData.NVCacheEnabled": "False", "EventData.BytesPerLogicalSector": "512", "EventData.BytesPerPhysicalSector": "512", "EventData.BytesOffsetForSectorAlignment": "0", "EventData.IncursSeekPenalty": "False", "EventData.IsTrimSupported": "False", "EventData.IsThinProvisioned": "False", "EventData.OptimalUnmapGranularity": "0", "EventData.UnmapAlignment": "0", "EventData.NumberOfLogicalCopies": "0", "EventData.NumberOfPhysicalCopies": "0", "EventData.FaultTolerance": "0", "EventData.NumberOfColumns": "0", "EventData.InterleaveBytes": "0", "EventData.HybridSupported": "False", "EventData.HybridCacheBytes": "0", "EventData.AdapterMaximumTransferBytes": "16777215", "EventData.AdapterMaximumTransferPages": "257", "EventData.AdapterAlignmentMask": "0", "EventData.AdapterSerialNumber": "NULL", "EventData.PortDriver": "1", "EventData.UserRemovalPolicy": "False", "EventData.PartitionStyle": "1", "EventData.PartitionCount": "4", "EventData.PartitionTableBytes": "624", "EventData.PartitionTable": "AQAAAAQAAAD4OlK1ULGKT4RoGH7auIX0AEQAAAAAAAAAev9/FgAAAIAAAAAAAAAAAQAAAAAAAAAAABAAAAAAAAAAQAYAAAAAAQAAAAAAAAAocyrBH/jSEbpLAKDJPsk7Ft7tjFc2cUiMh/1rxmz2kwAAAAAAAACARQBGAEkAIABzAHkAcwB0AGUAbQAgAHAAYQByAHQAaQB0AGkAbwBuAAAAAAAAAAAAAAAAAAAAAAAAAAAAAAAAAAAAAAAAAAAAAQAAAAAAAAAAAFAGAAAAAAAAAAEAAAAAAgAAAAAAAAAW48njXAu4TYF9+S3wAhWubxyUU+4aUkGSxur5kk16EAAAAAAAAACATQBpAGMAcgBvAHMAbwBmAHQAIAByAGUAcwBlAHIAdgBlAGQAIABwAGEAcgB0AGkAdABpAG8AbgAAAAAAAAAAAAAAAAAAAAAAAQAAAAAAAAAAAFAHAAAAAADiC1gWAAAAAwAAAAAAAACioNDr5bkzRIfAaLa3JpnHY4Y6w6JxMUCM7MIZFP4SrQAAAAAAAAAAQgBhAHMAaQBjACAAZABhAHQAYQAgAHAAYQByAHQAaQB0AGkAbwBuAAAAAAAAAAAAAAAAAAAAAAAAAAAAAAAAAAAAAAAAAAAAAQAAAAAAAAAAAGBfFgAAAAAAgCAAAAAABAAAAAAAAACku5Te0QZATaFqv9UBedasLLUb3g5OYUObu7rx0+QMAQEAAAAAAACAAAAAAAAAAAAAAAAAAAAAAAAAAAAAAAAAAAAAAAAAAAAAAAAAAAAAAAAAAAAAAAAAAAAAAAAAAAAAAAAAAAAAAAAAAAAAAAAA", "EventData.MbrBytes": "0", "EventData.Mbr": null, "EventData.Vbr0Bytes": "0", "EventData.Vbr0": null, "EventData.Vbr1Bytes": "0", "EventData.Vbr1": null, "EventData.Vbr2Bytes": "0", "EventData.Vbr2": null, "EventData.Vbr3Size": "0", "EventData.Vbr3": null}
{"EventID": "1006", "Channel": "Microsoft-Windows-Partition/Diagnostic", "Provider_Name": "Microsoft-Windows-Partition", "Computer": "DESKTOP-OFJ6N53", "TimeCreated": "2022-10-17 12:09:20.129738+00:00", "RecordID": "36", "Level": "4", "UserID": "S-1-5-18", "EventData.DiskNumber": "0", "EventData.Flags": "538976528", "EventData.Characteristics": "262400", "EventData.IsSystemCritical": "True", "EventData.PagingCount": "0", "EventData.HibernationCount": "0", "EventData.DumpCount": "0", "EventData.BytesPerSector": "512", "EventData.Capacity": "96636764160", "EventData.BusType": "10", "EventData.Manufacturer": "VMware", "EventData.Model": "Virtual disk", "EventData.Revision": "2.0", "EventData.SerialNumber": "NULL", "EventData.Location": "PCI Slot 160 : Bus 3 : Device 0 : Function 0 : Adapter 0 : Port 0 : Target 0 : LUN 0", "EventData.ParentId": "PCI\\VEN_1000&DEV_0054&SUBSYS_197615AD&REV_01\\4&2509f6e&0&00A8", "EventData.Socket": "-1", "EventData.Slot": "160", "EventData.Bus": "3", "EventData.Device": "0", "EventData.Function": "0", "EventData.Adapter": "0", "EventData.Port": "0", "EventData.Target": "0", "EventData.Lun": "0", "EventData.IoctlSupport": "59879", "EventData.IdFlags": "2", "EventData.DiskId": "{835dc52f-4e14-11ed-a6d9-806e6f6e6963}", "EventData.AdapterId": "{2572a953-954b-11ec-a6b8-806e6f6e6963}", "EventData.RegistryId": "{2572a961-954b-11ec-a6b8-806e6f6e6963}", "EventData.PoolId": "{00000000-0000-0000-0000-000000000000}", "EventData.FirmwareSupportsUpgrade": "True", "EventData.FirmwareSlotCount": "1", "EventData.StorageIdCount": "0", "EventData.StorageIdCodeSet": "0", "EventData.StorageIdType": "0", "EventData.StorageIdAssociation": "0", "EventData.StorageIdBytes": "0", "EventData.StorageId": null, "EventData.WriteCacheType": "0", "EventData.WriteCacheEnabled": "0", "EventData.WriteCacheChangeable": "0", "EventData.WriteThroughSupported": "0", "EventData.FlushCacheSupported": "False", "EventData.IsPowerProtected": "False", "EventData.NVCacheEnabled": "False", "EventData.BytesPerLogicalSector": "512", "EventData.BytesPerPhysicalSector": "512", "EventData.BytesOffsetForSectorAlignment": "0", "EventData.IncursSeekPenalty": "False", "EventData.IsTrimSupported": "False", "EventData.IsThinProvisioned": "False", "EventData.OptimalUnmapGranularity": "0", "EventData.UnmapAlignment": "0", "EventData.NumberOfLogicalCopies": "0", "EventData.NumberOfPhysicalCopies": "0", "EventData.FaultTolerance": "0", "EventData.NumberOfColumns": "0", "EventData.InterleaveBytes": "0", "EventData.HybridSupported": "False", "EventData.HybridCacheBytes": "0", "EventData.AdapterMaximumTransferBytes": "16777215", "EventData.AdapterMaximumTransferPages": "257", "EventData.AdapterAlignmentMask": "0", "EventData.AdapterSerialNumber": "NULL", "EventData.PortDriver": "1", "EventData.UserRemovalPolicy": "False", "EventData.PartitionStyle": "1", "EventData.PartitionCount": "4", "EventData.PartitionTableBytes": "624", "EventData.PartitionTable": "AQAAAAQAAAD4OlK1ULGKT4RoGH7auIX0AEQAAAAAAAAAev9/FgAAAIAAAAAAAAAAAQAAAAAAAAAAABAAAAAAAAAAQAYAAAAAAQAAAAAAAAAocyrBH/jSEbpLAKDJPsk7Ft7tjFc2cUiMh/1rxmz2kwAAAAAAAACARQBGAEkAIABzAHkAcwB0AGUAbQAgAHAAYQByAHQAaQB0AGkAbwBuAAAAAAAAAAAAAAAAAAAAAAAAAAAAAAAAAAAAAAAAAAAAAQAAAAAAAAAAAFAGAAAAAAAAAAEAAAAAAgAAAAAAAAAW48njXAu4TYF9+S3wAhWubxyUU+4aUkGSxur5kk16EAAAAAAAAACATQBpAGMAcgBvAHMAbwBmAHQAIAByAGUAcwBlAHIAdgBlAGQAIABwAGEAcgB0AGkAdABpAG8AbgAAAAAAAAAAAAAAAAAAAAAAAQAAAAAAAAAAAFAHAAAAAADiC1gWAAAAAwAAAAAAAACioNDr5bkzRIfAaLa3JpnHY4Y6w6JxMUCM7MIZFP4SrQAAAAAAAAAAQgBhAHMAaQBjACAAZABhAHQAYQAgAHAAYQByAHQAaQB0AGkAbwBuAAAAAAAAAAAAAAAAAAAAAAAAAAAAAAAAAAAAAAAAAAAAAQAAAAAAAAAAAGBfFgAAAAAAgCAAAAAABAAAAAAAAACku5Te0QZATaFqv9UBedasLLUb3g5OYUObu7rx0+QMAQEAAAAAAACAAAAAAAAAAAAAAAAAAAAAAAAAAAAAAAAAAAAAAAAAAAAAAAAAAAAAAAAAAAAAAAAAAAAAAAAAAAAAAAAAAAAAAAAAAAAAAAAA", "EventData.MbrBytes": "0", "EventData.Mbr": null, "EventData.Vbr0Bytes": "0", "EventData.Vbr0": null, "EventData.Vbr1Bytes": "0", "EventData.Vbr1": null, "EventData.Vbr2Bytes": "0", "EventData.Vbr2": null, "EventData.Vbr3Size": "0", "EventData.Vbr3": null}
