{"EventID": "27", "Channel": "Microsoft-Windows-UniversalTelemetryClient/Operational", "Provider_Name": "Microsoft-Windows-UniversalTelemetryClient", "Computer": "DESKTOP-OFJ6N53", "TimeCreated": "2022-07-14 04:42:30.316141+00:00", "RecordID": "8777", "Level": "4", "UserID": "S-1-5-18", "EventData.Environment": "ServiceHost", "EventData.EventsUploaded": "9", "EventData.EventsDropped": "3", "EventData.LastEventlogWrittenTime": "133022455502209937"}
{"EventID": "27", "Channel": "Microsoft-Windows-UniversalTelemetryClient/Operational", "Provider_Name": "Microsoft-Windows-UniversalTelemetryClient", "Computer": "DESKTOP-OFJ6N53", "TimeCreated": "2022-07-14 05:12:30.340775+00:00", "RecordID": "8778", "Level": "4", "UserID": "S-1-5-18", "EventData.Environment": "ServiceHost", "EventData.EventsUploaded": "7", "EventData.EventsDropped": "0", "EventData.LastEventlogWrittenTime": "133022473503130856"}
{"EventID": "27", "Channel": "Microsoft-Windows-UniversalTelemetryClient/Operational", "Provider_Name": "Microsoft-Windows-UniversalTelemetryClient", "Computer": "DESKTOP-OFJ6N53", "TimeCreated": "2022-07-14 05:42:30.364254+00:00", "RecordID": "8779", "Level": "4", "UserID": "S-1-5-18", "EventData.Environment": "ServiceHost", "EventData.EventsUploaded": "4", "EventData.EventsDropped": "0", "EventData.LastEventlogWrittenTime": "133022491503264968"}
{"EventID": "27", "Channel": "Microsoft-Windows-UniversalTelemetryClient/Operational", "Provider_Name": "Microsoft-Windows-UniversalTelemetryClient", "Computer": "DESKTOP-OFJ6N53", "TimeCreated": "2022-07-14 06:12:30.374857+00:00", "RecordID": "8780", "Level": "4", "UserID": "S-1-5-18", "EventData.Environment": "ServiceHost", "EventData.EventsUploaded": "7", "EventData.EventsDropped": "0", "EventData.LastEventlogWrittenTime": "133022509503641208"}
{"EventID": "27", "Channel": "Microsoft-Windows-UniversalTelemetryClient/Operational", "Provider_Name": "Microsoft-Windows-UniversalTelemetryClient", "Computer": "DESKTOP-OFJ6N53", "TimeCreated": "2022-07-14 06:42:30.390068+00:00", "RecordID": "8781", "Level": "4", "UserID": "S-1-5-18", "EventData.Environment": "ServiceHost", "EventData.EventsUploaded": "4", "EventData.EventsDropped": "0", "EventData.LastEventlogWrittenTime": "133022527503747048"}
{"EventID": "27", "Channel": "Microsoft-Windows-UniversalTelemetryClient/Operational", "Provider_Name": "Microsoft-Windows-UniversalTelemetryClient", "Computer": "DESKTOP-OFJ6N53", "TimeCreated": "2022-07-14 07:12:30.399464+00:00", "RecordID": "8782", "Level": "4", "UserID": "S-1-5-18", "EventData.Environment": "ServiceHost", "EventData.EventsUploaded": "9", "EventData.EventsDropped": "0", "EventData.LastEventlogWrittenTime": "133022545503807957"}
{"EventID": "27", "Channel": "Microsoft-Windows-UniversalTelemetryClient/Operational", "Provider_Name": "Microsoft-Windows-UniversalTelemetryClient", "Computer": "DESKTOP-OFJ6N53", "TimeCreated": "2022-07-14 07:42:30.420168+00:00", "RecordID": "8783", "Level": "4", "UserID": "S-1-5-18", "EventData.Environment": "ServiceHost", "EventData.EventsUploaded": "4", "EventData.EventsDropped": "0", "EventData.LastEventlogWrittenTime": "133022563503960025"}
{"EventID": "27", "Channel": "Microsoft-Windows-UniversalTelemetryClient/Operational", "Provider_Name": "Microsoft-Windows-UniversalTelemetryClient", "Computer": "DESKTOP-OFJ6N53", "TimeCreated": "2022-07-14 08:12:30.509470+00:00", "RecordID": "8784", "Level": "4", "UserID": "S-1-5-18", "EventData.Environment": "ServiceHost", "EventData.EventsUploaded": "7", "EventData.EventsDropped": "0", "EventData.LastEventlogWrittenTime": "133022581504192408"}
{"EventID": "27", "Channel": "Microsoft-Windows-UniversalTelemetryClient/Operational", "Provider_Name": "Microsoft-Windows-UniversalTelemetryClient", "Computer": "DESKTOP-OFJ6N53", "TimeCreated": "2022-07-14 08:42:30.623201+00:00", "RecordID": "8785", "Level": "4", "UserID": "S-1-5-18", "EventData.Environment": "ServiceHost", "EventData.EventsUploaded": "4", "EventData.EventsDropped": "2", "EventData.LastEventlogWrittenTime": "133022599504963620"}
{"EventID": "27", "Channel": "Microsoft-Windows-UniversalTelemetryClient/Operational", "Provider_Name": "Microsoft-Windows-UniversalTelemetryClient", "Computer": "DESKTOP-OFJ6N53", "TimeCreated": "2022-07-14 09:12:32.167992+00:00", "RecordID": "8786", "Level": "4", "UserID": "S-1-5-18", "EventData.Environment": "ServiceHost", "EventData.EventsUploaded": "23", "EventData.EventsDropped": "8", "EventData.LastEventlogWrittenTime": "133022617506226390"}
{"EventID": "27", "Channel": "Microsoft-Windows-UniversalTelemetryClient/Operational", "Provider_Name": "Microsoft-Windows-UniversalTelemetryClient", "Computer": "DESKTOP-OFJ6N53", "TimeCreated": "2022-07-14 09:42:32.186356+00:00", "RecordID": "8787", "Level": "4", "UserID": "S-1-5-18", "EventData.Environment": "ServiceHost", "EventData.EventsUploaded": "4", "EventData.EventsDropped": "2", "EventData.LastEventlogWrittenTime": "133022635521677076"}
{"EventID": "1", "Channel": "Microsoft-Windows-UniversalTelemetryClient/Operational", "Provider_Name": "Microsoft-Windows-UniversalTelemetryClient", "Computer": "DESKTOP-OFJ6N53", "TimeCreated": "2022-07-14 10:10:36.485054+00:00", "RecordID": "8788", "Level": "4", "UserID": "S-1-5-18", "EventData.Environment": "ServiceHost", "EventData.IKey": "P-ARIA-4bb4d6f7cafc4e9292f972dca2dcde42-bd019ee8-e59c-4b0f-a02c-84e72157a3ef-7485", "EventData.DiskSizeInBytes": "8388608", "EventData.DailyUploadQuotaInBytes": "0", "EventData.HRESULT": "2147943642"}
{"EventID": "1", "Channel": "Microsoft-Windows-UniversalTelemetryClient/Operational", "Provider_Name": "Microsoft-Windows-UniversalTelemetryClient", "Computer": "DESKTOP-OFJ6N53", "TimeCreated": "2022-07-14 10:10:36.596003+00:00", "RecordID": "8789", "Level": "4", "UserID": "S-1-5-18", "EventData.Environment": "ServiceHost", "EventData.IKey": "P-ARIA-5476d0c4a7a347909c4b8a13078d4390-f8bdcecf-243f-40f8-b7c3-b9c44a57dead-7230", "EventData.DiskSizeInBytes": "8388608", "EventData.DailyUploadQuotaInBytes": "0", "EventData.HRESULT": "2147943642"}
{"EventID": "27", "Channel": "Microsoft-Windows-UniversalTelemetryClient/Operational", "Provider_Name": "Microsoft-Windows-UniversalTelemetryClient", "Computer": "DESKTOP-OFJ6N53", "TimeCreated": "2022-07-14 10:12:32.220320+00:00", "RecordID": "8790", "Level": "4", "UserID": "S-1-5-18", "EventData.Environment": "ServiceHost", "EventData.EventsUploaded": "55", "EventData.EventsDropped": "0", "EventData.LastEventlogWrittenTime": "133022653521777097"}
{"EventID": "27", "Channel": "Microsoft-Windows-UniversalTelemetryClient/Operational", "Provider_Name": "Microsoft-Windows-UniversalTelemetryClient", "Computer": "DESKTOP-OFJ6N53", "TimeCreated": "2022-07-14 10:42:32.270172+00:00", "RecordID": "8791", "Level": "4", "UserID": "S-1-5-18", "EventData.Environment": "ServiceHost", "EventData.EventsUploaded": "21", "EventData.EventsDropped": "0", "EventData.LastEventlogWrittenTime": "133022671522099605"}
{"EventID": "1", "Channel": "Microsoft-Windows-UniversalTelemetryClient/Operational", "Provider_Name": "Microsoft-Windows-UniversalTelemetryClient", "Computer": "DESKTOP-OFJ6N53", "TimeCreated": "2022-07-14 11:06:13.900742+00:00", "RecordID": "8792", "Level": "4", "UserID": "S-1-5-18", "EventData.Environment": "ServiceHost", "EventData.IKey": "P-ARIA-4bb4d6f7cafc4e9292f972dca2dcde42-bd019ee8-e59c-4b0f-a02c-84e72157a3ef-7485", "EventData.DiskSizeInBytes": "8388608", "EventData.DailyUploadQuotaInBytes": "0", "EventData.HRESULT": "2147943642"}
{"EventID": "1", "Channel": "Microsoft-Windows-UniversalTelemetryClient/Operational", "Provider_Name": "Microsoft-Windows-UniversalTelemetryClient", "Computer": "DESKTOP-OFJ6N53", "TimeCreated": "2022-07-14 11:06:13.955362+00:00", "RecordID": "8793", "Level": "4", "UserID": "S-1-5-18", "EventData.Environment": "ServiceHost", "EventData.IKey": "P-ARIA-5476d0c4a7a347909c4b8a13078d4390-f8bdcecf-243f-40f8-b7c3-b9c44a57dead-7230", "EventData.DiskSizeInBytes": "8388608", "EventData.DailyUploadQuotaInBytes": "0", "EventData.HRESULT": "2147943642"}
{"EventID": "27", "Channel": "Microsoft-Windows-UniversalTelemetryClient/Operational", "Provider_Name": "Microsoft-Windows-UniversalTelemetryClient", "Computer": "DESKTOP-OFJ6N53", "TimeCreated": "2022-07-14 11:12:32.333944+00:00", "RecordID": "8794", "Level": "4", "UserID": "S-1-5-18", "EventData.Environment": "ServiceHost", "EventData.EventsUploaded": "8", "EventData.EventsDropped": "0", "EventData.LastEventlogWrittenTime": "133022689522563973"}
{"EventID": "27", "Channel": "Microsoft-Windows-UniversalTelemetryClient/Operational", "Provider_Name": "Microsoft-Windows-UniversalTelemetryClient", "Computer": "DESKTOP-OFJ6N53", "TimeCreated": "2022-07-14 11:42:32.451857+00:00", "RecordID": "8795", "Level": "4", "UserID": "S-1-5-18", "EventData.Environment": "ServiceHost", "EventData.EventsUploaded": "5", "EventData.EventsDropped": "0", "EventData.LastEventlogWrittenTime": "133022707523265730"}
{"EventID": "27", "Channel": "Microsoft-Windows-UniversalTelemetryClient/Operational", "Provider_Name": "Microsoft-Windows-UniversalTelemetryClient", "Computer": "DESKTOP-OFJ6N53", "TimeCreated": "2022-07-14 12:12:32.480066+00:00", "RecordID": "8796", "Level": "4", "UserID": "S-1-5-18", "EventData.Environment": "ServiceHost", "EventData.EventsUploaded": "11", "EventData.EventsDropped": "0", "EventData.LastEventlogWrittenTime": "133022725524459953"}
{"EventID": "27", "Channel": "Microsoft-Windows-UniversalTelemetryClient/Operational", "Provider_Name": "Microsoft-Windows-UniversalTelemetryClient", "Computer": "DESKTOP-OFJ6N53", "TimeCreated": "2022-07-14 12:42:32.491697+00:00", "RecordID": "8797", "Level": "4", "UserID": "S-1-5-18", "EventData.Environment": "ServiceHost", "EventData.EventsUploaded": "26", "EventData.EventsDropped": "5", "EventData.LastEventlogWrittenTime": "133022743524718845"}
{"EventID": "27", "Channel": "Microsoft-Windows-UniversalTelemetryClient/Operational", "Provider_Name": "Microsoft-Windows-UniversalTelemetryClient", "Computer": "DESKTOP-OFJ6N53", "TimeCreated": "2022-07-14 13:12:32.505747+00:00", "RecordID": "8798", "Level": "4", "UserID": "S-1-5-18", "EventData.Environment": "ServiceHost", "EventData.EventsUploaded": "7", "EventData.EventsDropped": "0", "EventData.LastEventlogWrittenTime": "133022761524892276"}
{"EventID": "27", "Channel": "Microsoft-Windows-UniversalTelemetryClient/Operational", "Provider_Name": "Microsoft-Windows-UniversalTelemetryClient", "Computer": "DESKTOP-OFJ6N53", "TimeCreated": "2022-07-14 13:42:32.508646+00:00", "RecordID": "8799", "Level": "4", "UserID": "S-1-5-18", "EventData.Environment": "ServiceHost", "EventData.EventsUploaded": "9", "EventData.EventsDropped": "0", "EventData.LastEventlogWrittenTime": "133022779525049900"}
{"EventID": "27", "Channel": "Microsoft-Windows-UniversalTelemetryClient/Operational", "Provider_Name": "Microsoft-Windows-UniversalTelemetryClient", "Computer": "DESKTOP-OFJ6N53", "TimeCreated": "2022-07-14 14:12:32.487169+00:00", "RecordID": "8800", "Level": "4", "UserID": "S-1-5-18", "EventData.Environment": "ServiceHost", "EventData.EventsUploaded": "7", "EventData.EventsDropped": "0", "EventData.LastEventlogWrittenTime": "133022797525074277"}
{"EventID": "27", "Channel": "Microsoft-Windows-UniversalTelemetryClient/Operational", "Provider_Name": "Microsoft-Windows-UniversalTelemetryClient", "Computer": "DESKTOP-OFJ6N53", "TimeCreated": "2022-07-14 14:42:32.595589+00:00", "RecordID": "8801", "Level": "4", "UserID": "S-1-5-18", "EventData.Environment": "ServiceHost", "EventData.EventsUploaded": "4", "EventData.EventsDropped": "0", "EventData.LastEventlogWrittenTime": "133022815524867437"}
{"EventID": "27", "Channel": "Microsoft-Windows-UniversalTelemetryClient/Operational", "Provider_Name": "Microsoft-Windows-UniversalTelemetryClient", "Computer": "DESKTOP-OFJ6N53", "TimeCreated": "2022-07-14 15:12:32.638414+00:00", "RecordID": "8802", "Level": "4", "UserID": "S-1-5-18", "EventData.Environment": "ServiceHost", "EventData.EventsUploaded": "10", "EventData.EventsDropped": "0", "EventData.LastEventlogWrittenTime": "133022833525880599"}
{"EventID": "27", "Channel": "Microsoft-Windows-UniversalTelemetryClient/Operational", "Provider_Name": "Microsoft-Windows-UniversalTelemetryClient", "Computer": "DESKTOP-OFJ6N53", "TimeCreated": "2022-07-14 15:42:32.679674+00:00", "RecordID": "8803", "Level": "4", "UserID": "S-1-5-18", "EventData.Environment": "ServiceHost", "EventData.EventsUploaded": "4", "EventData.EventsDropped": "0", "EventData.LastEventlogWrittenTime": "133022851526240387"}
{"EventID": "27", "Channel": "Microsoft-Windows-UniversalTelemetryClient/Operational", "Provider_Name": "Microsoft-Windows-UniversalTelemetryClient", "Computer": "DESKTOP-OFJ6N53", "TimeCreated": "2022-07-14 16:12:32.693117+00:00", "RecordID": "8804", "Level": "4", "UserID": "S-1-5-18", "EventData.Environment": "ServiceHost", "EventData.EventsUploaded": "7", "EventData.EventsDropped": "0", "EventData.LastEventlogWrittenTime": "133022869526641150"}
{"EventID": "27", "Channel": "Microsoft-Windows-UniversalTelemetryClient/Operational", "Provider_Name": "Microsoft-Windows-UniversalTelemetryClient", "Computer": "DESKTOP-OFJ6N53", "TimeCreated": "2022-07-14 16:42:32.705917+00:00", "RecordID": "8805", "Level": "4", "UserID": "S-1-5-18", "EventData.Environment": "ServiceHost", "EventData.EventsUploaded": "6", "EventData.EventsDropped": "2", "EventData.LastEventlogWrittenTime": "133022887526799211"}
{"EventID": "27", "Channel": "Microsoft-Windows-UniversalTelemetryClient/Operational", "Provider_Name": "Microsoft-Windows-UniversalTelemetryClient", "Computer": "DESKTOP-OFJ6N53", "TimeCreated": "2022-07-14 17:12:32.726191+00:00", "RecordID": "8806", "Level": "4", "UserID": "S-1-5-18", "EventData.Environment": "ServiceHost", "EventData.EventsUploaded": "7", "EventData.EventsDropped": "6", "EventData.LastEventlogWrittenTime": "133022905527003664"}
{"EventID": "27", "Channel": "Microsoft-Windows-UniversalTelemetryClient/Operational", "Provider_Name": "Microsoft-Windows-UniversalTelemetryClient", "Computer": "DESKTOP-OFJ6N53", "TimeCreated": "2022-07-14 17:42:32.863546+00:00", "RecordID": "8807", "Level": "4", "UserID": "S-1-5-18", "EventData.Environment": "ServiceHost", "EventData.EventsUploaded": "4", "EventData.EventsDropped": "0", "EventData.LastEventlogWrittenTime": "133022923527122734"}
{"EventID": "27", "Channel": "Microsoft-Windows-UniversalTelemetryClient/Operational", "Provider_Name": "Microsoft-Windows-UniversalTelemetryClient", "Computer": "DESKTOP-OFJ6N53", "TimeCreated": "2022-07-14 18:12:32.906197+00:00", "RecordID": "8808", "Level": "4", "UserID": "S-1-5-18", "EventData.Environment": "ServiceHost", "EventData.EventsUploaded": "7", "EventData.EventsDropped": "0", "EventData.LastEventlogWrittenTime": "133022941528601722"}
{"EventID": "27", "Channel": "Microsoft-Windows-UniversalTelemetryClient/Operational", "Provider_Name": "Microsoft-Windows-UniversalTelemetryClient", "Computer": "DESKTOP-OFJ6N53", "TimeCreated": "2022-07-14 18:42:32.926027+00:00", "RecordID": "8809", "Level": "4", "UserID": "S-1-5-18", "EventData.Environment": "ServiceHost", "EventData.EventsUploaded": "4", "EventData.EventsDropped": "0", "EventData.LastEventlogWrittenTime": "133022959529005729"}
{"EventID": "27", "Channel": "Microsoft-Windows-UniversalTelemetryClient/Operational", "Provider_Name": "Microsoft-Windows-UniversalTelemetryClient", "Computer": "DESKTOP-OFJ6N53", "TimeCreated": "2022-07-14 19:12:32.945160+00:00", "RecordID": "8810", "Level": "4", "UserID": "S-1-5-18", "EventData.Environment": "ServiceHost", "EventData.EventsUploaded": "10", "EventData.EventsDropped": "0", "EventData.LastEventlogWrittenTime": "133022977529204626"}
{"EventID": "27", "Channel": "Microsoft-Windows-UniversalTelemetryClient/Operational", "Provider_Name": "Microsoft-Windows-UniversalTelemetryClient", "Computer": "DESKTOP-OFJ6N53", "TimeCreated": "2022-07-14 19:42:32.946260+00:00", "RecordID": "8811", "Level": "4", "UserID": "S-1-5-18", "EventData.Environment": "ServiceHost", "EventData.EventsUploaded": "4", "EventData.EventsDropped": "0", "EventData.LastEventlogWrittenTime": "133022995529395473"}
{"EventID": "27", "Channel": "Microsoft-Windows-UniversalTelemetryClient/Operational", "Provider_Name": "Microsoft-Windows-UniversalTelemetryClient", "Computer": "DESKTOP-OFJ6N53", "TimeCreated": "2022-07-14 20:12:32.960318+00:00", "RecordID": "8812", "Level": "4", "UserID": "S-1-5-18", "EventData.Environment": "ServiceHost", "EventData.EventsUploaded": "10", "EventData.EventsDropped": "2", "EventData.LastEventlogWrittenTime": "133023013529421246"}
{"EventID": "27", "Channel": "Microsoft-Windows-UniversalTelemetryClient/Operational", "Provider_Name": "Microsoft-Windows-UniversalTelemetryClient", "Computer": "DESKTOP-OFJ6N53", "TimeCreated": "2022-07-14 20:42:32.933386+00:00", "RecordID": "8813", "Level": "4", "UserID": "S-1-5-18", "EventData.Environment": "ServiceHost", "EventData.EventsUploaded": "4", "EventData.EventsDropped": "0", "EventData.LastEventlogWrittenTime": "133023031529586231"}
{"EventID": "27", "Channel": "Microsoft-Windows-UniversalTelemetryClient/Operational", "Provider_Name": "Microsoft-Windows-UniversalTelemetryClient", "Computer": "DESKTOP-OFJ6N53", "TimeCreated": "2022-07-14 21:12:33.035225+00:00", "RecordID": "8814", "Level": "4", "UserID": "S-1-5-18", "EventData.Environment": "ServiceHost", "EventData.EventsUploaded": "7", "EventData.EventsDropped": "0", "EventData.LastEventlogWrittenTime": "133023049529329008"}
{"EventID": "27", "Channel": "Microsoft-Windows-UniversalTelemetryClient/Operational", "Provider_Name": "Microsoft-Windows-UniversalTelemetryClient", "Computer": "DESKTOP-OFJ6N53", "TimeCreated": "2022-07-14 21:42:33.055834+00:00", "RecordID": "8815", "Level": "4", "UserID": "S-1-5-18", "EventData.Environment": "ServiceHost", "EventData.EventsUploaded": "4", "EventData.EventsDropped": "0", "EventData.LastEventlogWrittenTime": "133023067530255935"}
{"EventID": "27", "Channel": "Microsoft-Windows-UniversalTelemetryClient/Operational", "Provider_Name": "Microsoft-Windows-UniversalTelemetryClient", "Computer": "DESKTOP-OFJ6N53", "TimeCreated": "2022-07-14 22:12:33.031345+00:00", "RecordID": "8816", "Level": "4", "UserID": "S-1-5-18", "EventData.Environment": "ServiceHost", "EventData.EventsUploaded": "7", "EventData.EventsDropped": "0", "EventData.LastEventlogWrittenTime": "133023085530536665"}
{"EventID": "27", "Channel": "Microsoft-Windows-UniversalTelemetryClient/Operational", "Provider_Name": "Microsoft-Windows-UniversalTelemetryClient", "Computer": "DESKTOP-OFJ6N53", "TimeCreated": "2022-07-14 22:42:33.095139+00:00", "RecordID": "8817", "Level": "4", "UserID": "S-1-5-18", "EventData.Environment": "ServiceHost", "EventData.EventsUploaded": "4", "EventData.EventsDropped": "0", "EventData.LastEventlogWrittenTime": "133023103530308195"}
{"EventID": "27", "Channel": "Microsoft-Windows-UniversalTelemetryClient/Operational", "Provider_Name": "Microsoft-Windows-UniversalTelemetryClient", "Computer": "DESKTOP-OFJ6N53", "TimeCreated": "2022-07-14 23:12:33.110165+00:00", "RecordID": "8818", "Level": "4", "UserID": "S-1-5-18", "EventData.Environment": "ServiceHost", "EventData.EventsUploaded": "27", "EventData.EventsDropped": "0", "EventData.LastEventlogWrittenTime": "133023121530936861"}
{"EventID": "27", "Channel": "Microsoft-Windows-UniversalTelemetryClient/Operational", "Provider_Name": "Microsoft-Windows-UniversalTelemetryClient", "Computer": "DESKTOP-OFJ6N53", "TimeCreated": "2022-07-14 23:42:33.130239+00:00", "RecordID": "8819", "Level": "4", "UserID": "S-1-5-18", "EventData.Environment": "ServiceHost", "EventData.EventsUploaded": "4", "EventData.EventsDropped": "0", "EventData.LastEventlogWrittenTime": "133023139531079408"}
{"EventID": "27", "Channel": "Microsoft-Windows-UniversalTelemetryClient/Operational", "Provider_Name": "Microsoft-Windows-UniversalTelemetryClient", "Computer": "DESKTOP-OFJ6N53", "TimeCreated": "2022-07-15 00:12:33.143682+00:00", "RecordID": "8820", "Level": "4", "UserID": "S-1-5-18", "EventData.Environment": "ServiceHost", "EventData.EventsUploaded": "7", "EventData.EventsDropped": "0", "EventData.LastEventlogWrittenTime": "133023157531222912"}
{"EventID": "27", "Channel": "Microsoft-Windows-UniversalTelemetryClient/Operational", "Provider_Name": "Microsoft-Windows-UniversalTelemetryClient", "Computer": "DESKTOP-OFJ6N53", "TimeCreated": "2022-07-15 00:42:33.159706+00:00", "RecordID": "8821", "Level": "4", "UserID": "S-1-5-18", "EventData.Environment": "ServiceHost", "EventData.EventsUploaded": "4", "EventData.EventsDropped": "0", "EventData.LastEventlogWrittenTime": "133023175531389434"}
{"EventID": "27", "Channel": "Microsoft-Windows-UniversalTelemetryClient/Operational", "Provider_Name": "Microsoft-Windows-UniversalTelemetryClient", "Computer": "DESKTOP-OFJ6N53", "TimeCreated": "2022-07-15 01:12:33.174450+00:00", "RecordID": "8822", "Level": "4", "UserID": "S-1-5-18", "EventData.Environment": "ServiceHost", "EventData.EventsUploaded": "7", "EventData.EventsDropped": "2", "EventData.LastEventlogWrittenTime": "133023193531586161"}
{"EventID": "27", "Channel": "Microsoft-Windows-UniversalTelemetryClient/Operational", "Provider_Name": "Microsoft-Windows-UniversalTelemetryClient", "Computer": "DESKTOP-OFJ6N53", "TimeCreated": "2022-07-15 01:42:33.205942+00:00", "RecordID": "8823", "Level": "4", "UserID": "S-1-5-18", "EventData.Environment": "ServiceHost", "EventData.EventsUploaded": "5", "EventData.EventsDropped": "0", "EventData.LastEventlogWrittenTime": "133023211531714066"}
{"EventID": "27", "Channel": "Microsoft-Windows-UniversalTelemetryClient/Operational", "Provider_Name": "Microsoft-Windows-UniversalTelemetryClient", "Computer": "DESKTOP-OFJ6N53", "TimeCreated": "2022-07-15 02:12:33.237385+00:00", "RecordID": "8824", "Level": "4", "UserID": "S-1-5-18", "EventData.Environment": "ServiceHost", "EventData.EventsUploaded": "41", "EventData.EventsDropped": "0", "EventData.LastEventlogWrittenTime": "133023229531992874"}
{"EventID": "27", "Channel": "Microsoft-Windows-UniversalTelemetryClient/Operational", "Provider_Name": "Microsoft-Windows-UniversalTelemetryClient", "Computer": "DESKTOP-OFJ6N53", "TimeCreated": "2022-07-15 02:42:33.263247+00:00", "RecordID": "8825", "Level": "4", "UserID": "S-1-5-18", "EventData.Environment": "ServiceHost", "EventData.EventsUploaded": "4", "EventData.EventsDropped": "0", "EventData.LastEventlogWrittenTime": "133023247532332398"}
{"EventID": "27", "Channel": "Microsoft-Windows-UniversalTelemetryClient/Operational", "Provider_Name": "Microsoft-Windows-UniversalTelemetryClient", "Computer": "DESKTOP-OFJ6N53", "TimeCreated": "2022-07-15 03:12:33.292706+00:00", "RecordID": "8826", "Level": "4", "UserID": "S-1-5-18", "EventData.Environment": "ServiceHost", "EventData.EventsUploaded": "22", "EventData.EventsDropped": "0", "EventData.LastEventlogWrittenTime": "133023265532572879"}
{"EventID": "27", "Channel": "Microsoft-Windows-UniversalTelemetryClient/Operational", "Provider_Name": "Microsoft-Windows-UniversalTelemetryClient", "Computer": "DESKTOP-OFJ6N53", "TimeCreated": "2022-07-15 03:42:33.313131+00:00", "RecordID": "8827", "Level": "4", "UserID": "S-1-5-18", "EventData.Environment": "ServiceHost", "EventData.EventsUploaded": "4", "EventData.EventsDropped": "0", "EventData.LastEventlogWrittenTime": "133023283532774403"}
{"EventID": "1", "Channel": "Microsoft-Windows-UniversalTelemetryClient/Operational", "Provider_Name": "Microsoft-Windows-UniversalTelemetryClient", "Computer": "DESKTOP-OFJ6N53", "TimeCreated": "2022-07-15 03:47:46.846153+00:00", "RecordID": "8828", "Level": "4", "UserID": "S-1-5-18", "EventData.Environment": "ServiceHost", "EventData.IKey": "P-ARIA-af397ef28e484961ba48646a5d38cf54-77418283-d6f6-4a90-b0c8-37e0f5e7b087-7425", "EventData.DiskSizeInBytes": "8388608", "EventData.DailyUploadQuotaInBytes": "0", "EventData.HRESULT": "2147943642"}
{"EventID": "27", "Channel": "Microsoft-Windows-UniversalTelemetryClient/Operational", "Provider_Name": "Microsoft-Windows-UniversalTelemetryClient", "Computer": "DESKTOP-OFJ6N53", "TimeCreated": "2022-07-15 04:12:33.331451+00:00", "RecordID": "8829", "Level": "4", "UserID": "S-1-5-18", "EventData.Environment": "ServiceHost", "EventData.EventsUploaded": "8", "EventData.EventsDropped": "0", "EventData.LastEventlogWrittenTime": "133023301533071967"}
{"EventID": "27", "Channel": "Microsoft-Windows-UniversalTelemetryClient/Operational", "Provider_Name": "Microsoft-Windows-UniversalTelemetryClient", "Computer": "DESKTOP-OFJ6N53", "TimeCreated": "2022-07-15 04:42:33.391605+00:00", "RecordID": "8830", "Level": "4", "UserID": "S-1-5-18", "EventData.Environment": "ServiceHost", "EventData.EventsUploaded": "4", "EventData.EventsDropped": "0", "EventData.LastEventlogWrittenTime": "133023319533234875"}
{"EventID": "27", "Channel": "Microsoft-Windows-UniversalTelemetryClient/Operational", "Provider_Name": "Microsoft-Windows-UniversalTelemetryClient", "Computer": "DESKTOP-OFJ6N53", "TimeCreated": "2022-07-15 05:12:33.408035+00:00", "RecordID": "8831", "Level": "4", "UserID": "S-1-5-18", "EventData.Environment": "ServiceHost", "EventData.EventsUploaded": "7", "EventData.EventsDropped": "2", "EventData.LastEventlogWrittenTime": "133023337533846602"}
{"EventID": "27", "Channel": "Microsoft-Windows-UniversalTelemetryClient/Operational", "Provider_Name": "Microsoft-Windows-UniversalTelemetryClient", "Computer": "DESKTOP-OFJ6N53", "TimeCreated": "2022-07-15 05:42:33.423615+00:00", "RecordID": "8832", "Level": "4", "UserID": "S-1-5-18", "EventData.Environment": "ServiceHost", "EventData.EventsUploaded": "4", "EventData.EventsDropped": "0", "EventData.LastEventlogWrittenTime": "133023355534069005"}
{"EventID": "27", "Channel": "Microsoft-Windows-UniversalTelemetryClient/Operational", "Provider_Name": "Microsoft-Windows-UniversalTelemetryClient", "Computer": "DESKTOP-OFJ6N53", "TimeCreated": "2022-07-15 06:12:33.435123+00:00", "RecordID": "8833", "Level": "4", "UserID": "S-1-5-18", "EventData.Environment": "ServiceHost", "EventData.EventsUploaded": "9", "EventData.EventsDropped": "0", "EventData.LastEventlogWrittenTime": "133023373534229935"}
{"EventID": "27", "Channel": "Microsoft-Windows-UniversalTelemetryClient/Operational", "Provider_Name": "Microsoft-Windows-UniversalTelemetryClient", "Computer": "DESKTOP-OFJ6N53", "TimeCreated": "2022-07-15 06:42:33.415604+00:00", "RecordID": "8834", "Level": "4", "UserID": "S-1-5-18", "EventData.Environment": "ServiceHost", "EventData.EventsUploaded": "4", "EventData.EventsDropped": "0", "EventData.LastEventlogWrittenTime": "133023391534307059"}
{"EventID": "27", "Channel": "Microsoft-Windows-UniversalTelemetryClient/Operational", "Provider_Name": "Microsoft-Windows-UniversalTelemetryClient", "Computer": "DESKTOP-OFJ6N53", "TimeCreated": "2022-07-15 07:12:33.498526+00:00", "RecordID": "8835", "Level": "4", "UserID": "S-1-5-18", "EventData.Environment": "ServiceHost", "EventData.EventsUploaded": "9", "EventData.EventsDropped": "0", "EventData.LastEventlogWrittenTime": "133023409534121473"}
{"EventID": "27", "Channel": "Microsoft-Windows-UniversalTelemetryClient/Operational", "Provider_Name": "Microsoft-Windows-UniversalTelemetryClient", "Computer": "DESKTOP-OFJ6N53", "TimeCreated": "2022-07-15 07:42:33.521349+00:00", "RecordID": "8836", "Level": "4", "UserID": "S-1-5-18", "EventData.Environment": "ServiceHost", "EventData.EventsUploaded": "4", "EventData.EventsDropped": "0", "EventData.LastEventlogWrittenTime": "133023427534953944"}
{"EventID": "27", "Channel": "Microsoft-Windows-UniversalTelemetryClient/Operational", "Provider_Name": "Microsoft-Windows-UniversalTelemetryClient", "Computer": "DESKTOP-OFJ6N53", "TimeCreated": "2022-07-15 08:12:33.532284+00:00", "RecordID": "8837", "Level": "4", "UserID": "S-1-5-18", "EventData.Environment": "ServiceHost", "EventData.EventsUploaded": "12", "EventData.EventsDropped": "0", "EventData.LastEventlogWrittenTime": "133023445535161396"}
{"EventID": "27", "Channel": "Microsoft-Windows-UniversalTelemetryClient/Operational", "Provider_Name": "Microsoft-Windows-UniversalTelemetryClient", "Computer": "DESKTOP-OFJ6N53", "TimeCreated": "2022-07-15 08:42:33.610435+00:00", "RecordID": "8838", "Level": "4", "UserID": "S-1-5-18", "EventData.Environment": "ServiceHost", "EventData.EventsUploaded": "4", "EventData.EventsDropped": "2", "EventData.LastEventlogWrittenTime": "133023463535280219"}
{"EventID": "27", "Channel": "Microsoft-Windows-UniversalTelemetryClient/Operational", "Provider_Name": "Microsoft-Windows-UniversalTelemetryClient", "Computer": "DESKTOP-OFJ6N53", "TimeCreated": "2022-07-15 09:12:35.270014+00:00", "RecordID": "8839", "Level": "4", "UserID": "S-1-5-18", "EventData.Environment": "ServiceHost", "EventData.EventsUploaded": "23", "EventData.EventsDropped": "10", "EventData.LastEventlogWrittenTime": "133023481536067578"}
{"EventID": "27", "Channel": "Microsoft-Windows-UniversalTelemetryClient/Operational", "Provider_Name": "Microsoft-Windows-UniversalTelemetryClient", "Computer": "DESKTOP-OFJ6N53", "TimeCreated": "2022-07-15 09:42:35.307276+00:00", "RecordID": "8840", "Level": "4", "UserID": "S-1-5-18", "EventData.Environment": "ServiceHost", "EventData.EventsUploaded": "5", "EventData.EventsDropped": "0", "EventData.LastEventlogWrittenTime": "133023499552619742"}
{"EventID": "27", "Channel": "Microsoft-Windows-UniversalTelemetryClient/Operational", "Provider_Name": "Microsoft-Windows-UniversalTelemetryClient", "Computer": "DESKTOP-OFJ6N53", "TimeCreated": "2022-07-15 10:12:35.329330+00:00", "RecordID": "8841", "Level": "4", "UserID": "S-1-5-18", "EventData.Environment": "ServiceHost", "EventData.EventsUploaded": "85", "EventData.EventsDropped": "0", "EventData.LastEventlogWrittenTime": "133023517552928775"}
{"EventID": "27", "Channel": "Microsoft-Windows-UniversalTelemetryClient/Operational", "Provider_Name": "Microsoft-Windows-UniversalTelemetryClient", "Computer": "DESKTOP-OFJ6N53", "TimeCreated": "2022-07-15 10:42:35.302250+00:00", "RecordID": "8842", "Level": "4", "UserID": "S-1-5-18", "EventData.Environment": "ServiceHost", "EventData.EventsUploaded": "4", "EventData.EventsDropped": "0", "EventData.LastEventlogWrittenTime": "133023535553205487"}
{"EventID": "1", "Channel": "Microsoft-Windows-UniversalTelemetryClient/Operational", "Provider_Name": "Microsoft-Windows-UniversalTelemetryClient", "Computer": "DESKTOP-OFJ6N53", "TimeCreated": "2022-07-15 11:06:11.998468+00:00", "RecordID": "8843", "Level": "4", "UserID": "S-1-5-18", "EventData.Environment": "ServiceHost", "EventData.IKey": "P-ARIA-4bb4d6f7cafc4e9292f972dca2dcde42-bd019ee8-e59c-4b0f-a02c-84e72157a3ef-7485", "EventData.DiskSizeInBytes": "8388608", "EventData.DailyUploadQuotaInBytes": "0", "EventData.HRESULT": "2147943642"}
{"EventID": "1", "Channel": "Microsoft-Windows-UniversalTelemetryClient/Operational", "Provider_Name": "Microsoft-Windows-UniversalTelemetryClient", "Computer": "DESKTOP-OFJ6N53", "TimeCreated": "2022-07-15 11:06:12.076218+00:00", "RecordID": "8844", "Level": "4", "UserID": "S-1-5-18", "EventData.Environment": "ServiceHost", "EventData.IKey": "P-ARIA-5476d0c4a7a347909c4b8a13078d4390-f8bdcecf-243f-40f8-b7c3-b9c44a57dead-7230", "EventData.DiskSizeInBytes": "8388608", "EventData.DailyUploadQuotaInBytes": "0", "EventData.HRESULT": "2147943642"}
{"EventID": "27", "Channel": "Microsoft-Windows-UniversalTelemetryClient/Operational", "Provider_Name": "Microsoft-Windows-UniversalTelemetryClient", "Computer": "DESKTOP-OFJ6N53", "TimeCreated": "2022-07-15 11:12:35.373453+00:00", "RecordID": "8845", "Level": "4", "UserID": "S-1-5-18", "EventData.Environment": "ServiceHost", "EventData.EventsUploaded": "8", "EventData.EventsDropped": "0", "EventData.LastEventlogWrittenTime": "133023553553017018"}
{"EventID": "1", "Channel": "Microsoft-Windows-UniversalTelemetryClient/Operational", "Provider_Name": "Microsoft-Windows-UniversalTelemetryClient", "Computer": "DESKTOP-OFJ6N53", "TimeCreated": "2022-07-15 11:18:54.256626+00:00", "RecordID": "8846", "Level": "4", "UserID": "S-1-5-18", "EventData.Environment": "ServiceHost", "EventData.IKey": "P-ARIA-4bb4d6f7cafc4e9292f972dca2dcde42-bd019ee8-e59c-4b0f-a02c-84e72157a3ef-7485", "EventData.DiskSizeInBytes": "8388608", "EventData.DailyUploadQuotaInBytes": "0", "EventData.HRESULT": "2147943642"}
{"EventID": "1", "Channel": "Microsoft-Windows-UniversalTelemetryClient/Operational", "Provider_Name": "Microsoft-Windows-UniversalTelemetryClient", "Computer": "DESKTOP-OFJ6N53", "TimeCreated": "2022-07-15 11:18:54.259409+00:00", "RecordID": "8847", "Level": "4", "UserID": "S-1-5-18", "EventData.Environment": "ServiceHost", "EventData.IKey": "P-ARIA-5476d0c4a7a347909c4b8a13078d4390-f8bdcecf-243f-40f8-b7c3-b9c44a57dead-7230", "EventData.DiskSizeInBytes": "8388608", "EventData.DailyUploadQuotaInBytes": "0", "EventData.HRESULT": "2147943642"}
{"EventID": "27", "Channel": "Microsoft-Windows-UniversalTelemetryClient/Operational", "Provider_Name": "Microsoft-Windows-UniversalTelemetryClient", "Computer": "DESKTOP-OFJ6N53", "TimeCreated": "2022-07-15 11:42:35.422573+00:00", "RecordID": "8848", "Level": "4", "UserID": "S-1-5-18", "EventData.Environment": "ServiceHost", "EventData.EventsUploaded": "8", "EventData.EventsDropped": "0", "EventData.LastEventlogWrittenTime": "133023571553680907"}
{"EventID": "27", "Channel": "Microsoft-Windows-UniversalTelemetryClient/Operational", "Provider_Name": "Microsoft-Windows-UniversalTelemetryClient", "Computer": "DESKTOP-OFJ6N53", "TimeCreated": "2022-07-15 12:12:35.513643+00:00", "RecordID": "8849", "Level": "4", "UserID": "S-1-5-18", "EventData.Environment": "ServiceHost", "EventData.EventsUploaded": "7", "EventData.EventsDropped": "0", "EventData.LastEventlogWrittenTime": "133023589554218272"}
{"EventID": "27", "Channel": "Microsoft-Windows-UniversalTelemetryClient/Operational", "Provider_Name": "Microsoft-Windows-UniversalTelemetryClient", "Computer": "DESKTOP-OFJ6N53", "TimeCreated": "2022-07-15 12:42:35.524178+00:00", "RecordID": "8850", "Level": "4", "UserID": "S-1-5-18", "EventData.Environment": "ServiceHost", "EventData.EventsUploaded": "4", "EventData.EventsDropped": "2", "EventData.LastEventlogWrittenTime": "133023607555004083"}
{"EventID": "27", "Channel": "Microsoft-Windows-UniversalTelemetryClient/Operational", "Provider_Name": "Microsoft-Windows-UniversalTelemetryClient", "Computer": "DESKTOP-OFJ6N53", "TimeCreated": "2022-07-15 13:12:35.522572+00:00", "RecordID": "8851", "Level": "4", "UserID": "S-1-5-18", "EventData.Environment": "ServiceHost", "EventData.EventsUploaded": "7", "EventData.EventsDropped": "0", "EventData.LastEventlogWrittenTime": "133023625555202555"}
{"EventID": "27", "Channel": "Microsoft-Windows-UniversalTelemetryClient/Operational", "Provider_Name": "Microsoft-Windows-UniversalTelemetryClient", "Computer": "DESKTOP-OFJ6N53", "TimeCreated": "2022-07-15 13:42:35.549326+00:00", "RecordID": "8852", "Level": "4", "UserID": "S-1-5-18", "EventData.Environment": "ServiceHost", "EventData.EventsUploaded": "4", "EventData.EventsDropped": "0", "EventData.LastEventlogWrittenTime": "133023643555128824"}
{"EventID": "27", "Channel": "Microsoft-Windows-UniversalTelemetryClient/Operational", "Provider_Name": "Microsoft-Windows-UniversalTelemetryClient", "Computer": "DESKTOP-OFJ6N53", "TimeCreated": "2022-07-15 14:12:35.566288+00:00", "RecordID": "8853", "Level": "4", "UserID": "S-1-5-18", "EventData.Environment": "ServiceHost", "EventData.EventsUploaded": "7", "EventData.EventsDropped": "0", "EventData.LastEventlogWrittenTime": "133023661555484940"}
{"EventID": "27", "Channel": "Microsoft-Windows-UniversalTelemetryClient/Operational", "Provider_Name": "Microsoft-Windows-UniversalTelemetryClient", "Computer": "DESKTOP-OFJ6N53", "TimeCreated": "2022-07-15 14:42:35.660328+00:00", "RecordID": "8854", "Level": "4", "UserID": "S-1-5-18", "EventData.Environment": "ServiceHost", "EventData.EventsUploaded": "4", "EventData.EventsDropped": "0", "EventData.LastEventlogWrittenTime": "133023679555610610"}
{"EventID": "27", "Channel": "Microsoft-Windows-UniversalTelemetryClient/Operational", "Provider_Name": "Microsoft-Windows-UniversalTelemetryClient", "Computer": "DESKTOP-OFJ6N53", "TimeCreated": "2022-07-15 15:12:35.654634+00:00", "RecordID": "8855", "Level": "4", "UserID": "S-1-5-18", "EventData.Environment": "ServiceHost", "EventData.EventsUploaded": "10", "EventData.EventsDropped": "0", "EventData.LastEventlogWrittenTime": "133023697556515135"}
{"EventID": "27", "Channel": "Microsoft-Windows-UniversalTelemetryClient/Operational", "Provider_Name": "Microsoft-Windows-UniversalTelemetryClient", "Computer": "DESKTOP-OFJ6N53", "TimeCreated": "2022-07-15 15:42:35.674257+00:00", "RecordID": "8856", "Level": "4", "UserID": "S-1-5-18", "EventData.Environment": "ServiceHost", "EventData.EventsUploaded": "4", "EventData.EventsDropped": "0", "EventData.LastEventlogWrittenTime": "133023715556491887"}
{"EventID": "27", "Channel": "Microsoft-Windows-UniversalTelemetryClient/Operational", "Provider_Name": "Microsoft-Windows-UniversalTelemetryClient", "Computer": "DESKTOP-OFJ6N53", "TimeCreated": "2022-07-15 16:12:35.731787+00:00", "RecordID": "8857", "Level": "4", "UserID": "S-1-5-18", "EventData.Environment": "ServiceHost", "EventData.EventsUploaded": "9", "EventData.EventsDropped": "0", "EventData.LastEventlogWrittenTime": "133023733556694977"}
{"EventID": "27", "Channel": "Microsoft-Windows-UniversalTelemetryClient/Operational", "Provider_Name": "Microsoft-Windows-UniversalTelemetryClient", "Computer": "DESKTOP-OFJ6N53", "TimeCreated": "2022-07-15 16:42:35.730843+00:00", "RecordID": "8858", "Level": "4", "UserID": "S-1-5-18", "EventData.Environment": "ServiceHost", "EventData.EventsUploaded": "6", "EventData.EventsDropped": "0", "EventData.LastEventlogWrittenTime": "133023751557301427"}
{"EventID": "27", "Channel": "Microsoft-Windows-UniversalTelemetryClient/Operational", "Provider_Name": "Microsoft-Windows-UniversalTelemetryClient", "Computer": "DESKTOP-OFJ6N53", "TimeCreated": "2022-07-15 17:12:35.737793+00:00", "RecordID": "8859", "Level": "4", "UserID": "S-1-5-18", "EventData.Environment": "ServiceHost", "EventData.EventsUploaded": "7", "EventData.EventsDropped": "8", "EventData.LastEventlogWrittenTime": "133023769557177923"}
{"EventID": "27", "Channel": "Microsoft-Windows-UniversalTelemetryClient/Operational", "Provider_Name": "Microsoft-Windows-UniversalTelemetryClient", "Computer": "DESKTOP-OFJ6N53", "TimeCreated": "2022-07-15 17:42:35.745504+00:00", "RecordID": "8860", "Level": "4", "UserID": "S-1-5-18", "EventData.Environment": "ServiceHost", "EventData.EventsUploaded": "4", "EventData.EventsDropped": "0", "EventData.LastEventlogWrittenTime": "133023787557330045"}
{"EventID": "27", "Channel": "Microsoft-Windows-UniversalTelemetryClient/Operational", "Provider_Name": "Microsoft-Windows-UniversalTelemetryClient", "Computer": "DESKTOP-OFJ6N53", "TimeCreated": "2022-07-15 18:12:35.765638+00:00", "RecordID": "8861", "Level": "4", "UserID": "S-1-5-18", "EventData.Environment": "ServiceHost", "EventData.EventsUploaded": "7", "EventData.EventsDropped": "0", "EventData.LastEventlogWrittenTime": "133023805557427912"}
{"EventID": "27", "Channel": "Microsoft-Windows-UniversalTelemetryClient/Operational", "Provider_Name": "Microsoft-Windows-UniversalTelemetryClient", "Computer": "DESKTOP-OFJ6N53", "TimeCreated": "2022-07-15 18:42:35.789331+00:00", "RecordID": "8862", "Level": "4", "UserID": "S-1-5-18", "EventData.Environment": "ServiceHost", "EventData.EventsUploaded": "4", "EventData.EventsDropped": "0", "EventData.LastEventlogWrittenTime": "133023823557617348"}
{"EventID": "27", "Channel": "Microsoft-Windows-UniversalTelemetryClient/Operational", "Provider_Name": "Microsoft-Windows-UniversalTelemetryClient", "Computer": "DESKTOP-OFJ6N53", "TimeCreated": "2022-07-15 19:12:35.794287+00:00", "RecordID": "8863", "Level": "4", "UserID": "S-1-5-18", "EventData.Environment": "ServiceHost", "EventData.EventsUploaded": "8", "EventData.EventsDropped": "0", "EventData.LastEventlogWrittenTime": "133023841557853498"}
{"EventID": "29", "Channel": "Microsoft-Windows-UniversalTelemetryClient/Operational", "Provider_Name": "Microsoft-Windows-UniversalTelemetryClient", "Computer": "DESKTOP-OFJ6N53", "TimeCreated": "2022-07-15 19:42:35.835571+00:00", "RecordID": "8864", "Level": "2", "UserID": "S-1-5-18", "EventData.Environment": "ServiceHost", "EventData.EventsUploaded": "0", "EventData.EventsDropped": "0", "EventData.LastEventlogWrittenTime": "133023859557931677", "EventData.FailedConnections": "6", "EventData.LastHttpError": "2147954402", "EventData.ProxySettingDetected": "False", "EventData.SslCertValidationFailures": "0", "EventData.LastSslCertFailure": "0"}
{"EventID": "27", "Channel": "Microsoft-Windows-UniversalTelemetryClient/Operational", "Provider_Name": "Microsoft-Windows-UniversalTelemetryClient", "Computer": "DESKTOP-OFJ6N53", "TimeCreated": "2022-07-15 20:12:35.814169+00:00", "RecordID": "8865", "Level": "4", "UserID": "S-1-5-18", "EventData.Environment": "ServiceHost", "EventData.EventsUploaded": "39", "EventData.EventsDropped": "0", "EventData.LastEventlogWrittenTime": "133023877558310239"}
{"EventID": "27", "Channel": "Microsoft-Windows-UniversalTelemetryClient/Operational", "Provider_Name": "Microsoft-Windows-UniversalTelemetryClient", "Computer": "DESKTOP-OFJ6N53", "TimeCreated": "2022-07-15 20:42:35.876652+00:00", "RecordID": "8866", "Level": "4", "UserID": "S-1-5-18", "EventData.Environment": "ServiceHost", "EventData.EventsUploaded": "4", "EventData.EventsDropped": "0", "EventData.LastEventlogWrittenTime": "133023895558136078"}
{"EventID": "27", "Channel": "Microsoft-Windows-UniversalTelemetryClient/Operational", "Provider_Name": "Microsoft-Windows-UniversalTelemetryClient", "Computer": "DESKTOP-OFJ6N53", "TimeCreated": "2022-07-15 21:12:35.898636+00:00", "RecordID": "8867", "Level": "4", "UserID": "S-1-5-18", "EventData.Environment": "ServiceHost", "EventData.EventsUploaded": "16", "EventData.EventsDropped": "2", "EventData.LastEventlogWrittenTime": "133023913558718792"}
{"EventID": "27", "Channel": "Microsoft-Windows-UniversalTelemetryClient/Operational", "Provider_Name": "Microsoft-Windows-UniversalTelemetryClient", "Computer": "DESKTOP-OFJ6N53", "TimeCreated": "2022-07-15 21:42:35.909491+00:00", "RecordID": "8868", "Level": "4", "UserID": "S-1-5-18", "EventData.Environment": "ServiceHost", "EventData.EventsUploaded": "4", "EventData.EventsDropped": "0", "EventData.LastEventlogWrittenTime": "133023931558930613"}
{"EventID": "27", "Channel": "Microsoft-Windows-UniversalTelemetryClient/Operational", "Provider_Name": "Microsoft-Windows-UniversalTelemetryClient", "Computer": "DESKTOP-OFJ6N53", "TimeCreated": "2022-07-15 22:12:35.920427+00:00", "RecordID": "8869", "Level": "4", "UserID": "S-1-5-18", "EventData.Environment": "ServiceHost", "EventData.EventsUploaded": "7", "EventData.EventsDropped": "0", "EventData.LastEventlogWrittenTime": "133023949559066341"}
{"EventID": "27", "Channel": "Microsoft-Windows-UniversalTelemetryClient/Operational", "Provider_Name": "Microsoft-Windows-UniversalTelemetryClient", "Computer": "DESKTOP-OFJ6N53", "TimeCreated": "2022-07-15 22:42:35.897299+00:00", "RecordID": "8870", "Level": "4", "UserID": "S-1-5-18", "EventData.Environment": "ServiceHost", "EventData.EventsUploaded": "4", "EventData.EventsDropped": "0", "EventData.LastEventlogWrittenTime": "133023967559165490"}
{"EventID": "27", "Channel": "Microsoft-Windows-UniversalTelemetryClient/Operational", "Provider_Name": "Microsoft-Windows-UniversalTelemetryClient", "Computer": "DESKTOP-OFJ6N53", "TimeCreated": "2022-07-15 23:12:35.933147+00:00", "RecordID": "8871", "Level": "4", "UserID": "S-1-5-18", "EventData.Environment": "ServiceHost", "EventData.EventsUploaded": "9", "EventData.EventsDropped": "0", "EventData.LastEventlogWrittenTime": "133023985558920394"}
{"EventID": "27", "Channel": "Microsoft-Windows-UniversalTelemetryClient/Operational", "Provider_Name": "Microsoft-Windows-UniversalTelemetryClient", "Computer": "DESKTOP-OFJ6N53", "TimeCreated": "2022-07-15 23:42:36.011583+00:00", "RecordID": "8872", "Level": "4", "UserID": "S-1-5-18", "EventData.Environment": "ServiceHost", "EventData.EventsUploaded": "4", "EventData.EventsDropped": "0", "EventData.LastEventlogWrittenTime": "133024003559326409"}
{"EventID": "27", "Channel": "Microsoft-Windows-UniversalTelemetryClient/Operational", "Provider_Name": "Microsoft-Windows-UniversalTelemetryClient", "Computer": "DESKTOP-OFJ6N53", "TimeCreated": "2022-07-16 00:12:36.032057+00:00", "RecordID": "8873", "Level": "4", "UserID": "S-1-5-18", "EventData.Environment": "ServiceHost", "EventData.EventsUploaded": "7", "EventData.EventsDropped": "0", "EventData.LastEventlogWrittenTime": "133024021559987815"}
{"EventID": "27", "Channel": "Microsoft-Windows-UniversalTelemetryClient/Operational", "Provider_Name": "Microsoft-Windows-UniversalTelemetryClient", "Computer": "DESKTOP-OFJ6N53", "TimeCreated": "2022-07-16 00:42:36.055931+00:00", "RecordID": "8874", "Level": "4", "UserID": "S-1-5-18", "EventData.Environment": "ServiceHost", "EventData.EventsUploaded": "9", "EventData.EventsDropped": "2", "EventData.LastEventlogWrittenTime": "133024039560262037"}
{"EventID": "27", "Channel": "Microsoft-Windows-UniversalTelemetryClient/Operational", "Provider_Name": "Microsoft-Windows-UniversalTelemetryClient", "Computer": "DESKTOP-OFJ6N53", "TimeCreated": "2022-07-16 01:12:36.056438+00:00", "RecordID": "8875", "Level": "4", "UserID": "S-1-5-18", "EventData.Environment": "ServiceHost", "EventData.EventsUploaded": "7", "EventData.EventsDropped": "0", "EventData.LastEventlogWrittenTime": "133024057560505614"}
{"EventID": "27", "Channel": "Microsoft-Windows-UniversalTelemetryClient/Operational", "Provider_Name": "Microsoft-Windows-UniversalTelemetryClient", "Computer": "DESKTOP-OFJ6N53", "TimeCreated": "2022-07-16 01:42:36.093954+00:00", "RecordID": "8876", "Level": "4", "UserID": "S-1-5-18", "EventData.Environment": "ServiceHost", "EventData.EventsUploaded": "6", "EventData.EventsDropped": "0", "EventData.LastEventlogWrittenTime": "133024075560521358"}
{"EventID": "27", "Channel": "Microsoft-Windows-UniversalTelemetryClient/Operational", "Provider_Name": "Microsoft-Windows-UniversalTelemetryClient", "Computer": "DESKTOP-OFJ6N53", "TimeCreated": "2022-07-16 02:12:36.091013+00:00", "RecordID": "8877", "Level": "4", "UserID": "S-1-5-18", "EventData.Environment": "ServiceHost", "EventData.EventsUploaded": "32", "EventData.EventsDropped": "0", "EventData.LastEventlogWrittenTime": "133024093560814671"}
{"EventID": "27", "Channel": "Microsoft-Windows-UniversalTelemetryClient/Operational", "Provider_Name": "Microsoft-Windows-UniversalTelemetryClient", "Computer": "DESKTOP-OFJ6N53", "TimeCreated": "2022-07-16 02:42:36.069942+00:00", "RecordID": "8878", "Level": "4", "UserID": "S-1-5-18", "EventData.Environment": "ServiceHost", "EventData.EventsUploaded": "4", "EventData.EventsDropped": "0", "EventData.LastEventlogWrittenTime": "133024111560862825"}
{"EventID": "27", "Channel": "Microsoft-Windows-UniversalTelemetryClient/Operational", "Provider_Name": "Microsoft-Windows-UniversalTelemetryClient", "Computer": "DESKTOP-OFJ6N53", "TimeCreated": "2022-07-16 03:12:36.212481+00:00", "RecordID": "8879", "Level": "4", "UserID": "S-1-5-18", "EventData.Environment": "ServiceHost", "EventData.EventsUploaded": "8", "EventData.EventsDropped": "0", "EventData.LastEventlogWrittenTime": "133024129560667170"}
{"EventID": "27", "Channel": "Microsoft-Windows-UniversalTelemetryClient/Operational", "Provider_Name": "Microsoft-Windows-UniversalTelemetryClient", "Computer": "DESKTOP-OFJ6N53", "TimeCreated": "2022-07-16 03:42:36.240459+00:00", "RecordID": "8880", "Level": "4", "UserID": "S-1-5-18", "EventData.Environment": "ServiceHost", "EventData.EventsUploaded": "4", "EventData.EventsDropped": "0", "EventData.LastEventlogWrittenTime": "133024147562119090"}
{"EventID": "27", "Channel": "Microsoft-Windows-UniversalTelemetryClient/Operational", "Provider_Name": "Microsoft-Windows-UniversalTelemetryClient", "Computer": "DESKTOP-OFJ6N53", "TimeCreated": "2022-07-16 04:12:36.255291+00:00", "RecordID": "8881", "Level": "4", "UserID": "S-1-5-18", "EventData.Environment": "ServiceHost", "EventData.EventsUploaded": "7", "EventData.EventsDropped": "0", "EventData.LastEventlogWrittenTime": "133024165562254057"}
{"EventID": "27", "Channel": "Microsoft-Windows-UniversalTelemetryClient/Operational", "Provider_Name": "Microsoft-Windows-UniversalTelemetryClient", "Computer": "DESKTOP-OFJ6N53", "TimeCreated": "2022-07-16 04:42:36.305447+00:00", "RecordID": "8882", "Level": "4", "UserID": "S-1-5-18", "EventData.Environment": "ServiceHost", "EventData.EventsUploaded": "4", "EventData.EventsDropped": "2", "EventData.LastEventlogWrittenTime": "133024183562420693"}
{"EventID": "1", "Channel": "Microsoft-Windows-UniversalTelemetryClient/Operational", "Provider_Name": "Microsoft-Windows-UniversalTelemetryClient", "Computer": "DESKTOP-OFJ6N53", "TimeCreated": "2022-07-16 04:47:46.930403+00:00", "RecordID": "8883", "Level": "4", "UserID": "S-1-5-18", "EventData.Environment": "ServiceHost", "EventData.IKey": "P-ARIA-af397ef28e484961ba48646a5d38cf54-77418283-d6f6-4a90-b0c8-37e0f5e7b087-7425", "EventData.DiskSizeInBytes": "8388608", "EventData.DailyUploadQuotaInBytes": "0", "EventData.HRESULT": "2147943642"}
{"EventID": "27", "Channel": "Microsoft-Windows-UniversalTelemetryClient/Operational", "Provider_Name": "Microsoft-Windows-UniversalTelemetryClient", "Computer": "DESKTOP-OFJ6N53", "TimeCreated": "2022-07-16 05:12:36.319757+00:00", "RecordID": "8884", "Level": "4", "UserID": "S-1-5-18", "EventData.Environment": "ServiceHost", "EventData.EventsUploaded": "8", "EventData.EventsDropped": "0", "EventData.LastEventlogWrittenTime": "133024201562917458"}
