{"EventID": "63", "Channel": "Microsoft-Windows-ShellCommon-StartLayoutPopulation/Operational", "Provider_Name": "Microsoft-Windows-ShellCommon-StartLayoutPopulation", "Computer": "DESKTOP-OFJ6N53", "TimeCreated": "2022-02-24 09:09:10.601772+00:00", "RecordID": "1", "Level": "4", "UserID": "S-1-5-21-963789628-1060504924-4285088085-1001", "EventData.value": "Start.TileGrid"}
{"EventID": "1", "Channel": "Microsoft-Windows-ShellCommon-StartLayoutPopulation/Operational", "Provider_Name": "Microsoft-Windows-ShellCommon-StartLayoutPopulation", "Computer": "DESKTOP-OFJ6N53", "TimeCreated": "2022-02-24 09:09:10.784119+00:00", "RecordID": "2", "Level": "4", "UserID": "S-1-5-21-963789628-1060504924-4285088085-1001", "EventData.collectionName": "Start.TileGrid", "EventData.initializationReason": "1"}
{"EventID": "3", "Channel": "Microsoft-Windows-ShellCommon-StartLayoutPopulation/Operational", "Provider_Name": "Microsoft-Windows-ShellCommon-StartLayoutPopulation", "Computer": "DESKTOP-OFJ6N53", "TimeCreated": "2022-02-24 09:09:10.845045+00:00", "RecordID": "3", "Level": "4", "UserID": "S-1-5-21-963789628-1060504924-4285088085-1001", "EventData.layoutSelectionSerializedString": "Region Codes:RU \nSKUs:2 \nOffice SKUs: <not set>\nGroup Cell Width: <not set>\nPreInstalledAppsEnabled: 0\nTargetedContentTilesEnabled: 1\nEducationModeEnabled: 0\nCommercialDevice: 0"}
{"EventID": "6", "Channel": "Microsoft-Windows-ShellCommon-StartLayoutPopulation/Operational", "Provider_Name": "Microsoft-Windows-ShellCommon-StartLayoutPopulation", "Computer": "DESKTOP-OFJ6N53", "TimeCreated": "2022-02-24 09:09:10.897547+00:00", "RecordID": "4", "Level": "4", "UserID": "S-1-5-21-963789628-1060504924-4285088085-1001"}
{"EventID": "8", "Channel": "Microsoft-Windows-ShellCommon-StartLayoutPopulation/Operational", "Provider_Name": "Microsoft-Windows-ShellCommon-StartLayoutPopulation", "Computer": "DESKTOP-OFJ6N53", "TimeCreated": "2022-02-24 09:09:11.040619+00:00", "RecordID": "5", "Level": "4", "UserID": "S-1-5-21-963789628-1060504924-4285088085-1001", "EventData.layoutProviderName": "LocalXmlStartCollectionProvider"}
{"EventID": "10", "Channel": "Microsoft-Windows-ShellCommon-StartLayoutPopulation/Operational", "Provider_Name": "Microsoft-Windows-ShellCommon-StartLayoutPopulation", "Computer": "DESKTOP-OFJ6N53", "TimeCreated": "2022-02-24 09:09:11.040621+00:00", "RecordID": "6", "Level": "4", "UserID": "S-1-5-21-963789628-1060504924-4285088085-1001"}
{"EventID": "11", "Channel": "Microsoft-Windows-ShellCommon-StartLayoutPopulation/Operational", "Provider_Name": "Microsoft-Windows-ShellCommon-StartLayoutPopulation", "Computer": "DESKTOP-OFJ6N53", "TimeCreated": "2022-02-24 09:09:11.041372+00:00", "RecordID": "7", "Level": "4", "UserID": "S-1-5-21-963789628-1060504924-4285088085-1001", "EventData.layoutProviderName": "LocalXmlDefaultLayoutPostProcessor"}
{"EventID": "11", "Channel": "Microsoft-Windows-ShellCommon-StartLayoutPopulation/Operational", "Provider_Name": "Microsoft-Windows-ShellCommon-StartLayoutPopulation", "Computer": "DESKTOP-OFJ6N53", "TimeCreated": "2022-02-24 09:09:11.041374+00:00", "RecordID": "8", "Level": "4", "UserID": "S-1-5-21-963789628-1060504924-4285088085-1001", "EventData.layoutProviderName": "RequiredOemTilePostProcessor"}
{"EventID": "11", "Channel": "Microsoft-Windows-ShellCommon-StartLayoutPopulation/Operational", "Provider_Name": "Microsoft-Windows-ShellCommon-StartLayoutPopulation", "Computer": "DESKTOP-OFJ6N53", "TimeCreated": "2022-02-24 09:09:11.044125+00:00", "RecordID": "9", "Level": "4", "UserID": "S-1-5-21-963789628-1060504924-4285088085-1001", "EventData.layoutProviderName": "ResourceTranslationPostProcessor"}
{"EventID": "11", "Channel": "Microsoft-Windows-ShellCommon-StartLayoutPopulation/Operational", "Provider_Name": "Microsoft-Windows-ShellCommon-StartLayoutPopulation", "Computer": "DESKTOP-OFJ6N53", "TimeCreated": "2022-02-24 09:09:11.044151+00:00", "RecordID": "10", "Level": "4", "UserID": "S-1-5-21-963789628-1060504924-4285088085-1001", "EventData.layoutProviderName": "StartCollectionPropertyPostProcessor"}
{"EventID": "11", "Channel": "Microsoft-Windows-ShellCommon-StartLayoutPopulation/Operational", "Provider_Name": "Microsoft-Windows-ShellCommon-StartLayoutPopulation", "Computer": "DESKTOP-OFJ6N53", "TimeCreated": "2022-02-24 09:09:11.044168+00:00", "RecordID": "11", "Level": "4", "UserID": "S-1-5-21-963789628-1060504924-4285088085-1001", "EventData.layoutProviderName": "MfuModificationPostProcessor"}
{"EventID": "13", "Channel": "Microsoft-Windows-ShellCommon-StartLayoutPopulation/Operational", "Provider_Name": "Microsoft-Windows-ShellCommon-StartLayoutPopulation", "Computer": "DESKTOP-OFJ6N53", "TimeCreated": "2022-02-24 09:09:11.044170+00:00", "RecordID": "12", "Level": "4", "UserID": "S-1-5-21-963789628-1060504924-4285088085-1001"}
{"EventID": "14", "Channel": "Microsoft-Windows-ShellCommon-StartLayoutPopulation/Operational", "Provider_Name": "Microsoft-Windows-ShellCommon-StartLayoutPopulation", "Computer": "DESKTOP-OFJ6N53", "TimeCreated": "2022-02-24 09:09:11.048946+00:00", "RecordID": "13", "Level": "4", "UserID": "S-1-5-21-963789628-1060504924-4285088085-1001"}
{"EventID": "1106", "Channel": "Microsoft-Windows-ShellCommon-StartLayoutPopulation/Operational", "Provider_Name": "Microsoft-Windows-ShellCommon-StartLayoutPopulation", "Computer": "DESKTOP-OFJ6N53", "TimeCreated": "2022-02-24 09:09:11.077946+00:00", "RecordID": "14", "Level": "4", "UserID": "S-1-5-21-963789628-1060504924-4285088085-1001", "EventData.value": "Start.TileGrid"}
{"EventID": "15", "Channel": "Microsoft-Windows-ShellCommon-StartLayoutPopulation/Operational", "Provider_Name": "Microsoft-Windows-ShellCommon-StartLayoutPopulation", "Computer": "DESKTOP-OFJ6N53", "TimeCreated": "2022-02-24 09:09:11.080887+00:00", "RecordID": "15", "Level": "4", "UserID": "S-1-5-21-963789628-1060504924-4285088085-1001", "EventData.value": "CDS"}
{"EventID": "1254", "Channel": "Microsoft-Windows-ShellCommon-StartLayoutPopulation/Operational", "Provider_Name": "Microsoft-Windows-ShellCommon-StartLayoutPopulation", "Computer": "DESKTOP-OFJ6N53", "TimeCreated": "2022-02-24 09:09:11.083397+00:00", "RecordID": "16", "Level": "4", "UserID": "S-1-5-21-963789628-1060504924-4285088085-1001"}
{"EventID": "1100", "Channel": "Microsoft-Windows-ShellCommon-StartLayoutPopulation/Operational", "Provider_Name": "Microsoft-Windows-ShellCommon-StartLayoutPopulation", "Computer": "DESKTOP-OFJ6N53", "TimeCreated": "2022-02-24 09:09:11.090130+00:00", "RecordID": "17", "Level": "4", "UserID": "S-1-5-21-963789628-1060504924-4285088085-1001", "EventData.itemId": "{0ee8385b-8038-477c-9a7c-5845ebd1c8aa}", "EventData.containerId": "{00000000-0000-0000-0000-000000000000}", "EventData.collectionName": "Start.TileGrid"}
{"EventID": "1100", "Channel": "Microsoft-Windows-ShellCommon-StartLayoutPopulation/Operational", "Provider_Name": "Microsoft-Windows-ShellCommon-StartLayoutPopulation", "Computer": "DESKTOP-OFJ6N53", "TimeCreated": "2022-02-24 09:09:11.110346+00:00", "RecordID": "18", "Level": "4", "UserID": "S-1-5-21-963789628-1060504924-4285088085-1001", "EventData.itemId": "{0b365f73-1f0c-4fcd-8a96-be002b5bbfab}", "EventData.containerId": "{0ee8385b-8038-477c-9a7c-5845ebd1c8aa}", "EventData.collectionName": "Start.TileGrid"}
{"EventID": "1102", "Channel": "Microsoft-Windows-ShellCommon-StartLayoutPopulation/Operational", "Provider_Name": "Microsoft-Windows-ShellCommon-StartLayoutPopulation", "Computer": "DESKTOP-OFJ6N53", "TimeCreated": "2022-02-24 09:09:11.111567+00:00", "RecordID": "19", "Level": "4", "UserID": "S-1-5-21-963789628-1060504924-4285088085-1001", "EventData.itemName": "P~Microsoft.Office.OneNote_8wekyb3d8bbwe!microsoft.onenoteim", "EventData.itemId": "{b0e2e53c-0a25-419f-b490-d5fd9c8ddf28}", "EventData.containerId": "{0b365f73-1f0c-4fcd-8a96-be002b5bbfab}", "EventData.collectionName": "Start.TileGrid"}
{"EventID": "16", "Channel": "Microsoft-Windows-ShellCommon-StartLayoutPopulation/Operational", "Provider_Name": "Microsoft-Windows-ShellCommon-StartLayoutPopulation", "Computer": "DESKTOP-OFJ6N53", "TimeCreated": "2022-02-24 09:09:11.111759+00:00", "RecordID": "20", "Level": "4", "UserID": "S-1-5-21-963789628-1060504924-4285088085-1001", "EventData.tileIdentifier": "P~Microsoft.Office.OneNote_8wekyb3d8bbwe!microsoft.onenoteim"}
{"EventID": "1102", "Channel": "Microsoft-Windows-ShellCommon-StartLayoutPopulation/Operational", "Provider_Name": "Microsoft-Windows-ShellCommon-StartLayoutPopulation", "Computer": "DESKTOP-OFJ6N53", "TimeCreated": "2022-02-24 09:09:11.111776+00:00", "RecordID": "21", "Level": "4", "UserID": "S-1-5-21-963789628-1060504924-4285088085-1001", "EventData.itemName": "W~Microsoft.SkyDrive.Desktop", "EventData.itemId": "{59a43d56-9ea7-4347-9c17-a733383e67ae}", "EventData.containerId": "{0b365f73-1f0c-4fcd-8a96-be002b5bbfab}", "EventData.collectionName": "Start.TileGrid"}
{"EventID": "16", "Channel": "Microsoft-Windows-ShellCommon-StartLayoutPopulation/Operational", "Provider_Name": "Microsoft-Windows-ShellCommon-StartLayoutPopulation", "Computer": "DESKTOP-OFJ6N53", "TimeCreated": "2022-02-24 09:09:11.111967+00:00", "RecordID": "22", "Level": "4", "UserID": "S-1-5-21-963789628-1060504924-4285088085-1001", "EventData.tileIdentifier": "W~Microsoft.SkyDrive.Desktop"}
{"EventID": "19", "Channel": "Microsoft-Windows-ShellCommon-StartLayoutPopulation/Operational", "Provider_Name": "Microsoft-Windows-ShellCommon-StartLayoutPopulation", "Computer": "DESKTOP-OFJ6N53", "TimeCreated": "2022-02-24 09:09:11.111975+00:00", "RecordID": "23", "Level": "4", "UserID": "S-1-5-21-963789628-1060504924-4285088085-1001", "EventData.tileData": "Tile:\nIdentifier: P~Microsoft.MicrosoftEdge_8wekyb3d8bbwe!MicrosoftEdge:38975140460"}
{"EventID": "20", "Channel": "Microsoft-Windows-ShellCommon-StartLayoutPopulation/Operational", "Provider_Name": "Microsoft-Windows-ShellCommon-StartLayoutPopulation", "Computer": "DESKTOP-OFJ6N53", "TimeCreated": "2022-02-24 09:09:11.572292+00:00", "RecordID": "24", "Level": "4", "UserID": "S-1-5-21-963789628-1060504924-4285088085-1001"}
{"EventID": "1102", "Channel": "Microsoft-Windows-ShellCommon-StartLayoutPopulation/Operational", "Provider_Name": "Microsoft-Windows-ShellCommon-StartLayoutPopulation", "Computer": "DESKTOP-OFJ6N53", "TimeCreated": "2022-02-24 09:09:11.572327+00:00", "RecordID": "25", "Level": "4", "UserID": "S-1-5-21-963789628-1060504924-4285088085-1001", "EventData.itemName": "P~Microsoft.MicrosoftEdge_8wekyb3d8bbwe!MicrosoftEdge:38975140460", "EventData.itemId": "{a5fffa3e-b034-4b45-b9ff-63897fae4ecc}", "EventData.containerId": "{0b365f73-1f0c-4fcd-8a96-be002b5bbfab}", "EventData.collectionName": "Start.TileGrid"}
{"EventID": "16", "Channel": "Microsoft-Windows-ShellCommon-StartLayoutPopulation/Operational", "Provider_Name": "Microsoft-Windows-ShellCommon-StartLayoutPopulation", "Computer": "DESKTOP-OFJ6N53", "TimeCreated": "2022-02-24 09:09:11.572659+00:00", "RecordID": "26", "Level": "4", "UserID": "S-1-5-21-963789628-1060504924-4285088085-1001", "EventData.tileIdentifier": "P~Microsoft.MicrosoftEdge_8wekyb3d8bbwe!MicrosoftEdge:38975140460"}
{"EventID": "1102", "Channel": "Microsoft-Windows-ShellCommon-StartLayoutPopulation/Operational", "Provider_Name": "Microsoft-Windows-ShellCommon-StartLayoutPopulation", "Computer": "DESKTOP-OFJ6N53", "TimeCreated": "2022-02-24 09:09:11.572674+00:00", "RecordID": "27", "Level": "4", "UserID": "S-1-5-21-963789628-1060504924-4285088085-1001", "EventData.itemName": "P~Microsoft.SkypeApp_kzf8qxf38zg5c!App", "EventData.itemId": "{81aa4d2b-d10e-460a-8353-ee9887991af8}", "EventData.containerId": "{0b365f73-1f0c-4fcd-8a96-be002b5bbfab}", "EventData.collectionName": "Start.TileGrid"}
{"EventID": "16", "Channel": "Microsoft-Windows-ShellCommon-StartLayoutPopulation/Operational", "Provider_Name": "Microsoft-Windows-ShellCommon-StartLayoutPopulation", "Computer": "DESKTOP-OFJ6N53", "TimeCreated": "2022-02-24 09:09:11.572983+00:00", "RecordID": "28", "Level": "4", "UserID": "S-1-5-21-963789628-1060504924-4285088085-1001", "EventData.tileIdentifier": "P~Microsoft.SkypeApp_kzf8qxf38zg5c!App"}
{"EventID": "19", "Channel": "Microsoft-Windows-ShellCommon-StartLayoutPopulation/Operational", "Provider_Name": "Microsoft-Windows-ShellCommon-StartLayoutPopulation", "Computer": "DESKTOP-OFJ6N53", "TimeCreated": "2022-02-24 09:09:11.572990+00:00", "RecordID": "29", "Level": "4", "UserID": "S-1-5-21-963789628-1060504924-4285088085-1001", "EventData.tileData": "Tile:\nIdentifier: P~Microsoft.MicrosoftEdge_8wekyb3d8bbwe!MicrosoftEdge:7603651830"}
{"EventID": "20", "Channel": "Microsoft-Windows-ShellCommon-StartLayoutPopulation/Operational", "Provider_Name": "Microsoft-Windows-ShellCommon-StartLayoutPopulation", "Computer": "DESKTOP-OFJ6N53", "TimeCreated": "2022-02-24 09:09:11.693583+00:00", "RecordID": "30", "Level": "4", "UserID": "S-1-5-21-963789628-1060504924-4285088085-1001"}
{"EventID": "1102", "Channel": "Microsoft-Windows-ShellCommon-StartLayoutPopulation/Operational", "Provider_Name": "Microsoft-Windows-ShellCommon-StartLayoutPopulation", "Computer": "DESKTOP-OFJ6N53", "TimeCreated": "2022-02-24 09:09:11.693609+00:00", "RecordID": "31", "Level": "4", "UserID": "S-1-5-21-963789628-1060504924-4285088085-1001", "EventData.itemName": "P~Microsoft.MicrosoftEdge_8wekyb3d8bbwe!MicrosoftEdge:7603651830", "EventData.itemId": "{d2f247b4-3a1d-4d7a-b439-2584fdf4dc3d}", "EventData.containerId": "{0b365f73-1f0c-4fcd-8a96-be002b5bbfab}", "EventData.collectionName": "Start.TileGrid"}
{"EventID": "16", "Channel": "Microsoft-Windows-ShellCommon-StartLayoutPopulation/Operational", "Provider_Name": "Microsoft-Windows-ShellCommon-StartLayoutPopulation", "Computer": "DESKTOP-OFJ6N53", "TimeCreated": "2022-02-24 09:09:11.694002+00:00", "RecordID": "32", "Level": "4", "UserID": "S-1-5-21-963789628-1060504924-4285088085-1001", "EventData.tileIdentifier": "P~Microsoft.MicrosoftEdge_8wekyb3d8bbwe!MicrosoftEdge:7603651830"}
{"EventID": "19", "Channel": "Microsoft-Windows-ShellCommon-StartLayoutPopulation/Operational", "Provider_Name": "Microsoft-Windows-ShellCommon-StartLayoutPopulation", "Computer": "DESKTOP-OFJ6N53", "TimeCreated": "2022-02-24 09:09:11.694014+00:00", "RecordID": "33", "Level": "4", "UserID": "S-1-5-21-963789628-1060504924-4285088085-1001", "EventData.tileData": "Tile:\nIdentifier: P~Microsoft.MicrosoftEdge_8wekyb3d8bbwe!MicrosoftEdge:26310719480"}
{"EventID": "20", "Channel": "Microsoft-Windows-ShellCommon-StartLayoutPopulation/Operational", "Provider_Name": "Microsoft-Windows-ShellCommon-StartLayoutPopulation", "Computer": "DESKTOP-OFJ6N53", "TimeCreated": "2022-02-24 09:09:11.826723+00:00", "RecordID": "34", "Level": "4", "UserID": "S-1-5-21-963789628-1060504924-4285088085-1001"}
{"EventID": "1102", "Channel": "Microsoft-Windows-ShellCommon-StartLayoutPopulation/Operational", "Provider_Name": "Microsoft-Windows-ShellCommon-StartLayoutPopulation", "Computer": "DESKTOP-OFJ6N53", "TimeCreated": "2022-02-24 09:09:11.826754+00:00", "RecordID": "35", "Level": "4", "UserID": "S-1-5-21-963789628-1060504924-4285088085-1001", "EventData.itemName": "P~Microsoft.MicrosoftEdge_8wekyb3d8bbwe!MicrosoftEdge:26310719480", "EventData.itemId": "{8e9c6e65-1c69-431e-9832-a42fad9da43c}", "EventData.containerId": "{0b365f73-1f0c-4fcd-8a96-be002b5bbfab}", "EventData.collectionName": "Start.TileGrid"}
{"EventID": "16", "Channel": "Microsoft-Windows-ShellCommon-StartLayoutPopulation/Operational", "Provider_Name": "Microsoft-Windows-ShellCommon-StartLayoutPopulation", "Computer": "DESKTOP-OFJ6N53", "TimeCreated": "2022-02-24 09:09:11.827267+00:00", "RecordID": "36", "Level": "4", "UserID": "S-1-5-21-963789628-1060504924-4285088085-1001", "EventData.tileIdentifier": "P~Microsoft.MicrosoftEdge_8wekyb3d8bbwe!MicrosoftEdge:26310719480"}
{"EventID": "19", "Channel": "Microsoft-Windows-ShellCommon-StartLayoutPopulation/Operational", "Provider_Name": "Microsoft-Windows-ShellCommon-StartLayoutPopulation", "Computer": "DESKTOP-OFJ6N53", "TimeCreated": "2022-02-24 09:09:11.827278+00:00", "RecordID": "37", "Level": "4", "UserID": "S-1-5-21-963789628-1060504924-4285088085-1001", "EventData.tileData": "Tile:\nIdentifier: P~Microsoft.MicrosoftEdge_8wekyb3d8bbwe!MicrosoftEdge:6501008900"}
{"EventID": "20", "Channel": "Microsoft-Windows-ShellCommon-StartLayoutPopulation/Operational", "Provider_Name": "Microsoft-Windows-ShellCommon-StartLayoutPopulation", "Computer": "DESKTOP-OFJ6N53", "TimeCreated": "2022-02-24 09:09:11.962708+00:00", "RecordID": "38", "Level": "4", "UserID": "S-1-5-21-963789628-1060504924-4285088085-1001"}
{"EventID": "1102", "Channel": "Microsoft-Windows-ShellCommon-StartLayoutPopulation/Operational", "Provider_Name": "Microsoft-Windows-ShellCommon-StartLayoutPopulation", "Computer": "DESKTOP-OFJ6N53", "TimeCreated": "2022-02-24 09:09:11.962740+00:00", "RecordID": "39", "Level": "4", "UserID": "S-1-5-21-963789628-1060504924-4285088085-1001", "EventData.itemName": "P~Microsoft.MicrosoftEdge_8wekyb3d8bbwe!MicrosoftEdge:6501008900", "EventData.itemId": "{78acbdb9-828a-4fd2-9b23-94ee496f06e3}", "EventData.containerId": "{0b365f73-1f0c-4fcd-8a96-be002b5bbfab}", "EventData.collectionName": "Start.TileGrid"}
{"EventID": "16", "Channel": "Microsoft-Windows-ShellCommon-StartLayoutPopulation/Operational", "Provider_Name": "Microsoft-Windows-ShellCommon-StartLayoutPopulation", "Computer": "DESKTOP-OFJ6N53", "TimeCreated": "2022-02-24 09:09:11.963165+00:00", "RecordID": "40", "Level": "4", "UserID": "S-1-5-21-963789628-1060504924-4285088085-1001", "EventData.tileIdentifier": "P~Microsoft.MicrosoftEdge_8wekyb3d8bbwe!MicrosoftEdge:6501008900"}
{"EventID": "45", "Channel": "Microsoft-Windows-ShellCommon-StartLayoutPopulation/Operational", "Provider_Name": "Microsoft-Windows-ShellCommon-StartLayoutPopulation", "Computer": "DESKTOP-OFJ6N53", "TimeCreated": "2022-02-24 09:09:11.964108+00:00", "RecordID": "41", "Level": "4", "UserID": "S-1-5-21-963789628-1060504924-4285088085-1001", "EventData.containerName": null, "EventData.containerXPosition": "2", "EventData.containerYPosition": "0"}
{"EventID": "1102", "Channel": "Microsoft-Windows-ShellCommon-StartLayoutPopulation/Operational", "Provider_Name": "Microsoft-Windows-ShellCommon-StartLayoutPopulation", "Computer": "DESKTOP-OFJ6N53", "TimeCreated": "2022-02-24 09:09:11.964132+00:00", "RecordID": "42", "Level": "4", "UserID": "S-1-5-21-963789628-1060504924-4285088085-1001", "EventData.itemName": "P~Microsoft.MicrosoftOfficeHub_8wekyb3d8bbwe!Microsoft.MicrosoftOfficeHub", "EventData.itemId": "{9b6556ee-a0f3-43a2-9f30-10ec5171c343}", "EventData.containerId": "{0ee8385b-8038-477c-9a7c-5845ebd1c8aa}", "EventData.collectionName": "Start.TileGrid"}
{"EventID": "16", "Channel": "Microsoft-Windows-ShellCommon-StartLayoutPopulation/Operational", "Provider_Name": "Microsoft-Windows-ShellCommon-StartLayoutPopulation", "Computer": "DESKTOP-OFJ6N53", "TimeCreated": "2022-02-24 09:09:11.964552+00:00", "RecordID": "43", "Level": "4", "UserID": "S-1-5-21-963789628-1060504924-4285088085-1001", "EventData.tileIdentifier": "P~Microsoft.MicrosoftOfficeHub_8wekyb3d8bbwe!Microsoft.MicrosoftOfficeHub"}
{"EventID": "1102", "Channel": "Microsoft-Windows-ShellCommon-StartLayoutPopulation/Operational", "Provider_Name": "Microsoft-Windows-ShellCommon-StartLayoutPopulation", "Computer": "DESKTOP-OFJ6N53", "TimeCreated": "2022-02-24 09:09:11.964573+00:00", "RecordID": "44", "Level": "4", "UserID": "S-1-5-21-963789628-1060504924-4285088085-1001", "EventData.itemName": "P~Microsoft.MicrosoftEdge_8wekyb3d8bbwe!MicrosoftEdge", "EventData.itemId": "{fef06f7f-5c62-46d2-8924-ddd2b0d019f3}", "EventData.containerId": "{0ee8385b-8038-477c-9a7c-5845ebd1c8aa}", "EventData.collectionName": "Start.TileGrid"}
{"EventID": "16", "Channel": "Microsoft-Windows-ShellCommon-StartLayoutPopulation/Operational", "Provider_Name": "Microsoft-Windows-ShellCommon-StartLayoutPopulation", "Computer": "DESKTOP-OFJ6N53", "TimeCreated": "2022-02-24 09:09:11.965000+00:00", "RecordID": "45", "Level": "4", "UserID": "S-1-5-21-963789628-1060504924-4285088085-1001", "EventData.tileIdentifier": "P~Microsoft.MicrosoftEdge_8wekyb3d8bbwe!MicrosoftEdge"}
{"EventID": "1102", "Channel": "Microsoft-Windows-ShellCommon-StartLayoutPopulation/Operational", "Provider_Name": "Microsoft-Windows-ShellCommon-StartLayoutPopulation", "Computer": "DESKTOP-OFJ6N53", "TimeCreated": "2022-02-24 09:09:11.965008+00:00", "RecordID": "46", "Level": "4", "UserID": "S-1-5-21-963789628-1060504924-4285088085-1001", "EventData.itemName": "P~microsoft.windowscommunicationsapps_8wekyb3d8bbwe!Microsoft.WindowsLive.Mail", "EventData.itemId": "{16a40dd5-622e-4e95-972e-a11fff8c4106}", "EventData.containerId": "{0ee8385b-8038-477c-9a7c-5845ebd1c8aa}", "EventData.collectionName": "Start.TileGrid"}
{"EventID": "16", "Channel": "Microsoft-Windows-ShellCommon-StartLayoutPopulation/Operational", "Provider_Name": "Microsoft-Windows-ShellCommon-StartLayoutPopulation", "Computer": "DESKTOP-OFJ6N53", "TimeCreated": "2022-02-24 09:09:11.965448+00:00", "RecordID": "47", "Level": "4", "UserID": "S-1-5-21-963789628-1060504924-4285088085-1001", "EventData.tileIdentifier": "P~microsoft.windowscommunicationsapps_8wekyb3d8bbwe!Microsoft.WindowsLive.Mail"}
{"EventID": "1102", "Channel": "Microsoft-Windows-ShellCommon-StartLayoutPopulation/Operational", "Provider_Name": "Microsoft-Windows-ShellCommon-StartLayoutPopulation", "Computer": "DESKTOP-OFJ6N53", "TimeCreated": "2022-02-24 09:09:11.965458+00:00", "RecordID": "48", "Level": "4", "UserID": "S-1-5-21-963789628-1060504924-4285088085-1001", "EventData.itemName": "P~Microsoft.Windows.Photos_8wekyb3d8bbwe!App", "EventData.itemId": "{a4a9a110-acc9-4396-99fb-a167e2df61db}", "EventData.containerId": "{0ee8385b-8038-477c-9a7c-5845ebd1c8aa}", "EventData.collectionName": "Start.TileGrid"}
{"EventID": "16", "Channel": "Microsoft-Windows-ShellCommon-StartLayoutPopulation/Operational", "Provider_Name": "Microsoft-Windows-ShellCommon-StartLayoutPopulation", "Computer": "DESKTOP-OFJ6N53", "TimeCreated": "2022-02-24 09:09:11.965948+00:00", "RecordID": "49", "Level": "4", "UserID": "S-1-5-21-963789628-1060504924-4285088085-1001", "EventData.tileIdentifier": "P~Microsoft.Windows.Photos_8wekyb3d8bbwe!App"}
{"EventID": "1102", "Channel": "Microsoft-Windows-ShellCommon-StartLayoutPopulation/Operational", "Provider_Name": "Microsoft-Windows-ShellCommon-StartLayoutPopulation", "Computer": "DESKTOP-OFJ6N53", "TimeCreated": "2022-02-24 09:09:11.965973+00:00", "RecordID": "50", "Level": "4", "UserID": "S-1-5-21-963789628-1060504924-4285088085-1001", "EventData.itemName": "T~DynamicLayouts:1!1", "EventData.itemId": "{62f34923-7703-40dd-aeb0-09fdb75605d3}", "EventData.containerId": "{0ee8385b-8038-477c-9a7c-5845ebd1c8aa}", "EventData.collectionName": "Start.TileGrid"}
{"EventID": "16", "Channel": "Microsoft-Windows-ShellCommon-StartLayoutPopulation/Operational", "Provider_Name": "Microsoft-Windows-ShellCommon-StartLayoutPopulation", "Computer": "DESKTOP-OFJ6N53", "TimeCreated": "2022-02-24 09:09:11.966482+00:00", "RecordID": "51", "Level": "4", "UserID": "S-1-5-21-963789628-1060504924-4285088085-1001", "EventData.tileIdentifier": "T~DynamicLayouts:1!1"}
{"EventID": "56", "Channel": "Microsoft-Windows-ShellCommon-StartLayoutPopulation/Operational", "Provider_Name": "Microsoft-Windows-ShellCommon-StartLayoutPopulation", "Computer": "DESKTOP-OFJ6N53", "TimeCreated": "2022-02-24 09:09:11.966497+00:00", "RecordID": "52", "Level": "4", "UserID": "S-1-5-21-963789628-1060504924-4285088085-1001", "EventData.containerName": "Производительность", "EventData.containerXPosition": "4294967295", "EventData.containerYPosition": "4294967295"}
{"EventID": "1100", "Channel": "Microsoft-Windows-ShellCommon-StartLayoutPopulation/Operational", "Provider_Name": "Microsoft-Windows-ShellCommon-StartLayoutPopulation", "Computer": "DESKTOP-OFJ6N53", "TimeCreated": "2022-02-24 09:09:11.966505+00:00", "RecordID": "53", "Level": "4", "UserID": "S-1-5-21-963789628-1060504924-4285088085-1001", "EventData.itemId": "{8430e663-8243-485c-b880-f48c96e00e70}", "EventData.containerId": "{00000000-0000-0000-0000-000000000000}", "EventData.collectionName": "Start.TileGrid"}
{"EventID": "1100", "Channel": "Microsoft-Windows-ShellCommon-StartLayoutPopulation/Operational", "Provider_Name": "Microsoft-Windows-ShellCommon-StartLayoutPopulation", "Computer": "DESKTOP-OFJ6N53", "TimeCreated": "2022-02-24 09:09:11.969183+00:00", "RecordID": "54", "Level": "4", "UserID": "S-1-5-21-963789628-1060504924-4285088085-1001", "EventData.itemId": "{b6edb1e3-d884-412f-a688-61a342b97ccc}", "EventData.containerId": "{8430e663-8243-485c-b880-f48c96e00e70}", "EventData.collectionName": "Start.TileGrid"}
{"EventID": "1102", "Channel": "Microsoft-Windows-ShellCommon-StartLayoutPopulation/Operational", "Provider_Name": "Microsoft-Windows-ShellCommon-StartLayoutPopulation", "Computer": "DESKTOP-OFJ6N53", "TimeCreated": "2022-02-24 09:09:11.970198+00:00", "RecordID": "55", "Level": "4", "UserID": "S-1-5-21-963789628-1060504924-4285088085-1001", "EventData.itemName": "T~DynamicLayouts:2!2", "EventData.itemId": "{6eeb86e3-4d80-4de3-abf1-c207855aba58}", "EventData.containerId": "{b6edb1e3-d884-412f-a688-61a342b97ccc}", "EventData.collectionName": "Start.TileGrid"}
{"EventID": "16", "Channel": "Microsoft-Windows-ShellCommon-StartLayoutPopulation/Operational", "Provider_Name": "Microsoft-Windows-ShellCommon-StartLayoutPopulation", "Computer": "DESKTOP-OFJ6N53", "TimeCreated": "2022-02-24 09:09:11.970818+00:00", "RecordID": "56", "Level": "4", "UserID": "S-1-5-21-963789628-1060504924-4285088085-1001", "EventData.tileIdentifier": "T~DynamicLayouts:2!2"}
{"EventID": "1102", "Channel": "Microsoft-Windows-ShellCommon-StartLayoutPopulation/Operational", "Provider_Name": "Microsoft-Windows-ShellCommon-StartLayoutPopulation", "Computer": "DESKTOP-OFJ6N53", "TimeCreated": "2022-02-24 09:09:11.970835+00:00", "RecordID": "57", "Level": "4", "UserID": "S-1-5-21-963789628-1060504924-4285088085-1001", "EventData.itemName": "T~DynamicLayouts:2!1", "EventData.itemId": "{83a19348-4afa-483e-9d2c-1eb55dfe8bc7}", "EventData.containerId": "{b6edb1e3-d884-412f-a688-61a342b97ccc}", "EventData.collectionName": "Start.TileGrid"}
{"EventID": "16", "Channel": "Microsoft-Windows-ShellCommon-StartLayoutPopulation/Operational", "Provider_Name": "Microsoft-Windows-ShellCommon-StartLayoutPopulation", "Computer": "DESKTOP-OFJ6N53", "TimeCreated": "2022-02-24 09:09:11.971439+00:00", "RecordID": "58", "Level": "4", "UserID": "S-1-5-21-963789628-1060504924-4285088085-1001", "EventData.tileIdentifier": "T~DynamicLayouts:2!1"}
{"EventID": "1102", "Channel": "Microsoft-Windows-ShellCommon-StartLayoutPopulation/Operational", "Provider_Name": "Microsoft-Windows-ShellCommon-StartLayoutPopulation", "Computer": "DESKTOP-OFJ6N53", "TimeCreated": "2022-02-24 09:09:11.971447+00:00", "RecordID": "59", "Level": "4", "UserID": "S-1-5-21-963789628-1060504924-4285088085-1001", "EventData.itemName": "T~DynamicLayouts:2!5", "EventData.itemId": "{7c4cacd9-b16b-47eb-9aa1-4133da233869}", "EventData.containerId": "{b6edb1e3-d884-412f-a688-61a342b97ccc}", "EventData.collectionName": "Start.TileGrid"}
{"EventID": "16", "Channel": "Microsoft-Windows-ShellCommon-StartLayoutPopulation/Operational", "Provider_Name": "Microsoft-Windows-ShellCommon-StartLayoutPopulation", "Computer": "DESKTOP-OFJ6N53", "TimeCreated": "2022-02-24 09:09:11.972099+00:00", "RecordID": "60", "Level": "4", "UserID": "S-1-5-21-963789628-1060504924-4285088085-1001", "EventData.tileIdentifier": "T~DynamicLayouts:2!5"}
{"EventID": "1102", "Channel": "Microsoft-Windows-ShellCommon-StartLayoutPopulation/Operational", "Provider_Name": "Microsoft-Windows-ShellCommon-StartLayoutPopulation", "Computer": "DESKTOP-OFJ6N53", "TimeCreated": "2022-02-24 09:09:11.972109+00:00", "RecordID": "61", "Level": "4", "UserID": "S-1-5-21-963789628-1060504924-4285088085-1001", "EventData.itemName": "T~DynamicLayouts:2!3", "EventData.itemId": "{26dc4c35-7850-4ac0-897b-c16c12a869da}", "EventData.containerId": "{b6edb1e3-d884-412f-a688-61a342b97ccc}", "EventData.collectionName": "Start.TileGrid"}
{"EventID": "16", "Channel": "Microsoft-Windows-ShellCommon-StartLayoutPopulation/Operational", "Provider_Name": "Microsoft-Windows-ShellCommon-StartLayoutPopulation", "Computer": "DESKTOP-OFJ6N53", "TimeCreated": "2022-02-24 09:09:11.972784+00:00", "RecordID": "62", "Level": "4", "UserID": "S-1-5-21-963789628-1060504924-4285088085-1001", "EventData.tileIdentifier": "T~DynamicLayouts:2!3"}
{"EventID": "1102", "Channel": "Microsoft-Windows-ShellCommon-StartLayoutPopulation/Operational", "Provider_Name": "Microsoft-Windows-ShellCommon-StartLayoutPopulation", "Computer": "DESKTOP-OFJ6N53", "TimeCreated": "2022-02-24 09:09:11.972792+00:00", "RecordID": "63", "Level": "4", "UserID": "S-1-5-21-963789628-1060504924-4285088085-1001", "EventData.itemName": "T~DynamicLayouts:2!4", "EventData.itemId": "{10975e62-3e0a-4c35-86af-d512f94470ca}", "EventData.containerId": "{b6edb1e3-d884-412f-a688-61a342b97ccc}", "EventData.collectionName": "Start.TileGrid"}
{"EventID": "16", "Channel": "Microsoft-Windows-ShellCommon-StartLayoutPopulation/Operational", "Provider_Name": "Microsoft-Windows-ShellCommon-StartLayoutPopulation", "Computer": "DESKTOP-OFJ6N53", "TimeCreated": "2022-02-24 09:09:11.973539+00:00", "RecordID": "64", "Level": "4", "UserID": "S-1-5-21-963789628-1060504924-4285088085-1001", "EventData.tileIdentifier": "T~DynamicLayouts:2!4"}
{"EventID": "1102", "Channel": "Microsoft-Windows-ShellCommon-StartLayoutPopulation/Operational", "Provider_Name": "Microsoft-Windows-ShellCommon-StartLayoutPopulation", "Computer": "DESKTOP-OFJ6N53", "TimeCreated": "2022-02-24 09:09:11.973551+00:00", "RecordID": "65", "Level": "4", "UserID": "S-1-5-21-963789628-1060504924-4285088085-1001", "EventData.itemName": "T~DynamicLayouts:2!6", "EventData.itemId": "{cfebfe2c-941b-4623-85ca-b2f4e1d3bcdd}", "EventData.containerId": "{b6edb1e3-d884-412f-a688-61a342b97ccc}", "EventData.collectionName": "Start.TileGrid"}
{"EventID": "16", "Channel": "Microsoft-Windows-ShellCommon-StartLayoutPopulation/Operational", "Provider_Name": "Microsoft-Windows-ShellCommon-StartLayoutPopulation", "Computer": "DESKTOP-OFJ6N53", "TimeCreated": "2022-02-24 09:09:11.974346+00:00", "RecordID": "66", "Level": "4", "UserID": "S-1-5-21-963789628-1060504924-4285088085-1001", "EventData.tileIdentifier": "T~DynamicLayouts:2!6"}
{"EventID": "45", "Channel": "Microsoft-Windows-ShellCommon-StartLayoutPopulation/Operational", "Provider_Name": "Microsoft-Windows-ShellCommon-StartLayoutPopulation", "Computer": "DESKTOP-OFJ6N53", "TimeCreated": "2022-02-24 09:09:11.974361+00:00", "RecordID": "67", "Level": "4", "UserID": "S-1-5-21-963789628-1060504924-4285088085-1001", "EventData.containerName": "Развлечения", "EventData.containerXPosition": "4", "EventData.containerYPosition": "2"}
{"EventID": "1102", "Channel": "Microsoft-Windows-ShellCommon-StartLayoutPopulation/Operational", "Provider_Name": "Microsoft-Windows-ShellCommon-StartLayoutPopulation", "Computer": "DESKTOP-OFJ6N53", "TimeCreated": "2022-02-24 09:09:11.974369+00:00", "RecordID": "68", "Level": "4", "UserID": "S-1-5-21-963789628-1060504924-4285088085-1001", "EventData.itemName": "T~DynamicLayouts:1!4", "EventData.itemId": "{04086a78-08b0-4224-90bb-ef21762c1a09}", "EventData.containerId": "{8430e663-8243-485c-b880-f48c96e00e70}", "EventData.collectionName": "Start.TileGrid"}
{"EventID": "16", "Channel": "Microsoft-Windows-ShellCommon-StartLayoutPopulation/Operational", "Provider_Name": "Microsoft-Windows-ShellCommon-StartLayoutPopulation", "Computer": "DESKTOP-OFJ6N53", "TimeCreated": "2022-02-24 09:09:11.975134+00:00", "RecordID": "69", "Level": "4", "UserID": "S-1-5-21-963789628-1060504924-4285088085-1001", "EventData.tileIdentifier": "T~DynamicLayouts:1!4"}
{"EventID": "1102", "Channel": "Microsoft-Windows-ShellCommon-StartLayoutPopulation/Operational", "Provider_Name": "Microsoft-Windows-ShellCommon-StartLayoutPopulation", "Computer": "DESKTOP-OFJ6N53", "TimeCreated": "2022-02-24 09:09:11.975143+00:00", "RecordID": "70", "Level": "4", "UserID": "S-1-5-21-963789628-1060504924-4285088085-1001", "EventData.itemName": "P~Microsoft.WindowsStore_8wekyb3d8bbwe!App", "EventData.itemId": "{ae9f72b1-56b5-4c32-9547-725e1757e3fd}", "EventData.containerId": "{8430e663-8243-485c-b880-f48c96e00e70}", "EventData.collectionName": "Start.TileGrid"}
{"EventID": "16", "Channel": "Microsoft-Windows-ShellCommon-StartLayoutPopulation/Operational", "Provider_Name": "Microsoft-Windows-ShellCommon-StartLayoutPopulation", "Computer": "DESKTOP-OFJ6N53", "TimeCreated": "2022-02-24 09:09:11.975943+00:00", "RecordID": "71", "Level": "4", "UserID": "S-1-5-21-963789628-1060504924-4285088085-1001", "EventData.tileIdentifier": "P~Microsoft.WindowsStore_8wekyb3d8bbwe!App"}
{"EventID": "1102", "Channel": "Microsoft-Windows-ShellCommon-StartLayoutPopulation/Operational", "Provider_Name": "Microsoft-Windows-ShellCommon-StartLayoutPopulation", "Computer": "DESKTOP-OFJ6N53", "TimeCreated": "2022-02-24 09:09:11.975952+00:00", "RecordID": "72", "Level": "4", "UserID": "S-1-5-21-963789628-1060504924-4285088085-1001", "EventData.itemName": "T~DynamicLayouts:1!2", "EventData.itemId": "{4f2aa402-c796-4f25-a6c1-a4d13bbe4981}", "EventData.containerId": "{8430e663-8243-485c-b880-f48c96e00e70}", "EventData.collectionName": "Start.TileGrid"}
{"EventID": "16", "Channel": "Microsoft-Windows-ShellCommon-StartLayoutPopulation/Operational", "Provider_Name": "Microsoft-Windows-ShellCommon-StartLayoutPopulation", "Computer": "DESKTOP-OFJ6N53", "TimeCreated": "2022-02-24 09:09:11.976761+00:00", "RecordID": "73", "Level": "4", "UserID": "S-1-5-21-963789628-1060504924-4285088085-1001", "EventData.tileIdentifier": "T~DynamicLayouts:1!2"}
{"EventID": "1102", "Channel": "Microsoft-Windows-ShellCommon-StartLayoutPopulation/Operational", "Provider_Name": "Microsoft-Windows-ShellCommon-StartLayoutPopulation", "Computer": "DESKTOP-OFJ6N53", "TimeCreated": "2022-02-24 09:09:11.976770+00:00", "RecordID": "74", "Level": "4", "UserID": "S-1-5-21-963789628-1060504924-4285088085-1001", "EventData.itemName": "T~DynamicLayouts:1!3", "EventData.itemId": "{e74d6e7f-7885-4fff-8520-c33f8fa5880d}", "EventData.containerId": "{8430e663-8243-485c-b880-f48c96e00e70}", "EventData.collectionName": "Start.TileGrid"}
{"EventID": "16", "Channel": "Microsoft-Windows-ShellCommon-StartLayoutPopulation/Operational", "Provider_Name": "Microsoft-Windows-ShellCommon-StartLayoutPopulation", "Computer": "DESKTOP-OFJ6N53", "TimeCreated": "2022-02-24 09:09:11.977640+00:00", "RecordID": "75", "Level": "4", "UserID": "S-1-5-21-963789628-1060504924-4285088085-1001", "EventData.tileIdentifier": "T~DynamicLayouts:1!3"}
{"EventID": "1102", "Channel": "Microsoft-Windows-ShellCommon-StartLayoutPopulation/Operational", "Provider_Name": "Microsoft-Windows-ShellCommon-StartLayoutPopulation", "Computer": "DESKTOP-OFJ6N53", "TimeCreated": "2022-02-24 09:09:11.977650+00:00", "RecordID": "76", "Level": "4", "UserID": "S-1-5-21-963789628-1060504924-4285088085-1001", "EventData.itemName": "T~DynamicLayouts:1!5", "EventData.itemId": "{c144f62e-a044-4245-9ec5-95e75f130851}", "EventData.containerId": "{8430e663-8243-485c-b880-f48c96e00e70}", "EventData.collectionName": "Start.TileGrid"}
{"EventID": "16", "Channel": "Microsoft-Windows-ShellCommon-StartLayoutPopulation/Operational", "Provider_Name": "Microsoft-Windows-ShellCommon-StartLayoutPopulation", "Computer": "DESKTOP-OFJ6N53", "TimeCreated": "2022-02-24 09:09:11.978571+00:00", "RecordID": "77", "Level": "4", "UserID": "S-1-5-21-963789628-1060504924-4285088085-1001", "EventData.tileIdentifier": "T~DynamicLayouts:1!5"}
{"EventID": "56", "Channel": "Microsoft-Windows-ShellCommon-StartLayoutPopulation/Operational", "Provider_Name": "Microsoft-Windows-ShellCommon-StartLayoutPopulation", "Computer": "DESKTOP-OFJ6N53", "TimeCreated": "2022-02-24 09:09:11.978577+00:00", "RecordID": "78", "Level": "4", "UserID": "S-1-5-21-963789628-1060504924-4285088085-1001", "EventData.containerName": "Просмотр", "EventData.containerXPosition": "4294967295", "EventData.containerYPosition": "4294967295"}
{"EventID": "18", "Channel": "Microsoft-Windows-ShellCommon-StartLayoutPopulation/Operational", "Provider_Name": "Microsoft-Windows-ShellCommon-StartLayoutPopulation", "Computer": "DESKTOP-OFJ6N53", "TimeCreated": "2022-02-24 09:09:11.978870+00:00", "RecordID": "79", "Level": "4", "UserID": "S-1-5-21-963789628-1060504924-4285088085-1001", "EventData.TaskHResultValue": "0"}
{"EventID": "1402", "Channel": "Microsoft-Windows-ShellCommon-StartLayoutPopulation/Operational", "Provider_Name": "Microsoft-Windows-ShellCommon-StartLayoutPopulation", "Computer": "DESKTOP-OFJ6N53", "TimeCreated": "2022-02-24 09:09:12.390232+00:00", "RecordID": "80", "Level": "4", "UserID": "S-1-5-21-963789628-1060504924-4285088085-1001"}
{"EventID": "1403", "Channel": "Microsoft-Windows-ShellCommon-StartLayoutPopulation/Operational", "Provider_Name": "Microsoft-Windows-ShellCommon-StartLayoutPopulation", "Computer": "DESKTOP-OFJ6N53", "TimeCreated": "2022-02-24 09:09:12.397194+00:00", "RecordID": "81", "Level": "4", "UserID": "S-1-5-21-963789628-1060504924-4285088085-1001"}
{"EventID": "63", "Channel": "Microsoft-Windows-ShellCommon-StartLayoutPopulation/Operational", "Provider_Name": "Microsoft-Windows-ShellCommon-StartLayoutPopulation", "Computer": "DESKTOP-OFJ6N53", "TimeCreated": "2022-02-24 09:09:12.761692+00:00", "RecordID": "82", "Level": "4", "UserID": "S-1-5-21-963789628-1060504924-4285088085-1001", "EventData.value": "Start.Suggestions"}
{"EventID": "1", "Channel": "Microsoft-Windows-ShellCommon-StartLayoutPopulation/Operational", "Provider_Name": "Microsoft-Windows-ShellCommon-StartLayoutPopulation", "Computer": "DESKTOP-OFJ6N53", "TimeCreated": "2022-02-24 09:09:12.904516+00:00", "RecordID": "83", "Level": "4", "UserID": "S-1-5-21-963789628-1060504924-4285088085-1001", "EventData.collectionName": "Start.Suggestions", "EventData.initializationReason": "0"}
{"EventID": "3", "Channel": "Microsoft-Windows-ShellCommon-StartLayoutPopulation/Operational", "Provider_Name": "Microsoft-Windows-ShellCommon-StartLayoutPopulation", "Computer": "DESKTOP-OFJ6N53", "TimeCreated": "2022-02-24 09:09:12.962343+00:00", "RecordID": "84", "Level": "4", "UserID": "S-1-5-21-963789628-1060504924-4285088085-1001", "EventData.layoutSelectionSerializedString": "Region Codes:RU \nSKUs:2 \nOffice SKUs: <not set>\nGroup Cell Width: <not set>\nPreInstalledAppsEnabled: 0\nTargetedContentTilesEnabled: 1\nEducationModeEnabled: 0\nCommercialDevice: 0"}
{"EventID": "6", "Channel": "Microsoft-Windows-ShellCommon-StartLayoutPopulation/Operational", "Provider_Name": "Microsoft-Windows-ShellCommon-StartLayoutPopulation", "Computer": "DESKTOP-OFJ6N53", "TimeCreated": "2022-02-24 09:09:12.966747+00:00", "RecordID": "85", "Level": "4", "UserID": "S-1-5-21-963789628-1060504924-4285088085-1001"}
{"EventID": "10", "Channel": "Microsoft-Windows-ShellCommon-StartLayoutPopulation/Operational", "Provider_Name": "Microsoft-Windows-ShellCommon-StartLayoutPopulation", "Computer": "DESKTOP-OFJ6N53", "TimeCreated": "2022-02-24 09:09:12.966755+00:00", "RecordID": "86", "Level": "4", "UserID": "S-1-5-21-963789628-1060504924-4285088085-1001"}
{"EventID": "13", "Channel": "Microsoft-Windows-ShellCommon-StartLayoutPopulation/Operational", "Provider_Name": "Microsoft-Windows-ShellCommon-StartLayoutPopulation", "Computer": "DESKTOP-OFJ6N53", "TimeCreated": "2022-02-24 09:09:12.966755+00:00", "RecordID": "87", "Level": "4", "UserID": "S-1-5-21-963789628-1060504924-4285088085-1001"}
{"EventID": "14", "Channel": "Microsoft-Windows-ShellCommon-StartLayoutPopulation/Operational", "Provider_Name": "Microsoft-Windows-ShellCommon-StartLayoutPopulation", "Computer": "DESKTOP-OFJ6N53", "TimeCreated": "2022-02-24 09:09:12.966759+00:00", "RecordID": "88", "Level": "4", "UserID": "S-1-5-21-963789628-1060504924-4285088085-1001"}
{"EventID": "1106", "Channel": "Microsoft-Windows-ShellCommon-StartLayoutPopulation/Operational", "Provider_Name": "Microsoft-Windows-ShellCommon-StartLayoutPopulation", "Computer": "DESKTOP-OFJ6N53", "TimeCreated": "2022-02-24 09:09:13.132996+00:00", "RecordID": "89", "Level": "4", "UserID": "S-1-5-21-963789628-1060504924-4285088085-1001", "EventData.value": "Start.Suggestions"}
{"EventID": "18", "Channel": "Microsoft-Windows-ShellCommon-StartLayoutPopulation/Operational", "Provider_Name": "Microsoft-Windows-ShellCommon-StartLayoutPopulation", "Computer": "DESKTOP-OFJ6N53", "TimeCreated": "2022-02-24 09:09:13.133059+00:00", "RecordID": "90", "Level": "4", "UserID": "S-1-5-21-963789628-1060504924-4285088085-1001", "EventData.TaskHResultValue": "0"}
{"EventID": "1254", "Channel": "Microsoft-Windows-ShellCommon-StartLayoutPopulation/Operational", "Provider_Name": "Microsoft-Windows-ShellCommon-StartLayoutPopulation", "Computer": "DESKTOP-OFJ6N53", "TimeCreated": "2022-02-24 09:09:13.138020+00:00", "RecordID": "91", "Level": "4", "UserID": "S-1-5-21-963789628-1060504924-4285088085-1001"}
{"EventID": "1402", "Channel": "Microsoft-Windows-ShellCommon-StartLayoutPopulation/Operational", "Provider_Name": "Microsoft-Windows-ShellCommon-StartLayoutPopulation", "Computer": "DESKTOP-OFJ6N53", "TimeCreated": "2022-02-24 09:09:14.932144+00:00", "RecordID": "92", "Level": "4", "UserID": "S-1-5-21-963789628-1060504924-4285088085-1001"}
{"EventID": "1403", "Channel": "Microsoft-Windows-ShellCommon-StartLayoutPopulation/Operational", "Provider_Name": "Microsoft-Windows-ShellCommon-StartLayoutPopulation", "Computer": "DESKTOP-OFJ6N53", "TimeCreated": "2022-02-24 09:09:14.964602+00:00", "RecordID": "93", "Level": "4", "UserID": "S-1-5-21-963789628-1060504924-4285088085-1001"}
{"EventID": "1104", "Channel": "Microsoft-Windows-ShellCommon-StartLayoutPopulation/Operational", "Provider_Name": "Microsoft-Windows-ShellCommon-StartLayoutPopulation", "Computer": "DESKTOP-OFJ6N53", "TimeCreated": "2022-02-24 09:09:15.842316+00:00", "RecordID": "94", "Level": "4", "UserID": "S-1-5-21-963789628-1060504924-4285088085-1001", "EventData.itemName": "P~Microsoft.MicrosoftEdge_8wekyb3d8bbwe!MicrosoftEdge", "EventData.itemId": "{fef06f7f-5c62-46d2-8924-ddd2b0d019f3}", "EventData.containerId": "{0ee8385b-8038-477c-9a7c-5845ebd1c8aa}", "EventData.collectionName": "Start.TileGrid"}
{"EventID": "1102", "Channel": "Microsoft-Windows-ShellCommon-StartLayoutPopulation/Operational", "Provider_Name": "Microsoft-Windows-ShellCommon-StartLayoutPopulation", "Computer": "DESKTOP-OFJ6N53", "TimeCreated": "2022-02-24 09:09:15.863621+00:00", "RecordID": "95", "Level": "4", "UserID": "S-1-5-21-963789628-1060504924-4285088085-1001", "EventData.itemName": "W~MSEdge", "EventData.itemId": "{4a6c32d0-445d-43bb-b6d2-73b0d8c7157a}", "EventData.containerId": "{0ee8385b-8038-477c-9a7c-5845ebd1c8aa}", "EventData.collectionName": "Start.TileGrid"}
{"EventID": "47", "Channel": "Microsoft-Windows-ShellCommon-StartLayoutPopulation/Operational", "Provider_Name": "Microsoft-Windows-ShellCommon-StartLayoutPopulation", "Computer": "DESKTOP-OFJ6N53", "TimeCreated": "2022-02-24 09:10:16.866230+00:00", "RecordID": "96", "Level": "4", "UserID": "S-1-5-21-963789628-1060504924-4285088085-1001"}
{"EventID": "26", "Channel": "Microsoft-Windows-ShellCommon-StartLayoutPopulation/Operational", "Provider_Name": "Microsoft-Windows-ShellCommon-StartLayoutPopulation", "Computer": "DESKTOP-OFJ6N53", "TimeCreated": "2022-02-24 09:10:17.270029+00:00", "RecordID": "97", "Level": "4", "UserID": "S-1-5-21-963789628-1060504924-4285088085-1001"}
{"EventID": "31", "Channel": "Microsoft-Windows-ShellCommon-StartLayoutPopulation/Operational", "Provider_Name": "Microsoft-Windows-ShellCommon-StartLayoutPopulation", "Computer": "DESKTOP-OFJ6N53", "TimeCreated": "2022-02-24 09:10:17.270054+00:00", "RecordID": "98", "Level": "4", "UserID": "S-1-5-21-963789628-1060504924-4285088085-1001", "EventData.appSize": "0"}
{"EventID": "27", "Channel": "Microsoft-Windows-ShellCommon-StartLayoutPopulation/Operational", "Provider_Name": "Microsoft-Windows-ShellCommon-StartLayoutPopulation", "Computer": "DESKTOP-OFJ6N53", "TimeCreated": "2022-02-24 09:10:17.272430+00:00", "RecordID": "99", "Level": "4", "UserID": "S-1-5-21-963789628-1060504924-4285088085-1001"}
{"EventID": "48", "Channel": "Microsoft-Windows-ShellCommon-StartLayoutPopulation/Operational", "Provider_Name": "Microsoft-Windows-ShellCommon-StartLayoutPopulation", "Computer": "DESKTOP-OFJ6N53", "TimeCreated": "2022-02-24 09:10:17.273714+00:00", "RecordID": "100", "Level": "4", "UserID": "S-1-5-21-963789628-1060504924-4285088085-1001"}
{"EventID": "2152", "Channel": "Microsoft-Windows-ShellCommon-StartLayoutPopulation/Operational", "Provider_Name": "Microsoft-Windows-ShellCommon-StartLayoutPopulation", "Computer": "DESKTOP-OFJ6N53", "TimeCreated": "2022-02-24 12:14:47.474226+00:00", "RecordID": "101", "Level": "4", "UserID": "S-1-5-21-963789628-1060504924-4285088085-1001", "EventData.packageFamilyName": "Microsoft.LanguageExperiencePackru-RU_8wekyb3d8bbwe", "EventData.InstallState": "0"}
{"EventID": "2151", "Channel": "Microsoft-Windows-ShellCommon-StartLayoutPopulation/Operational", "Provider_Name": "Microsoft-Windows-ShellCommon-StartLayoutPopulation", "Computer": "DESKTOP-OFJ6N53", "TimeCreated": "2022-02-24 12:14:47.607279+00:00", "RecordID": "102", "Level": "4", "UserID": "S-1-5-21-963789628-1060504924-4285088085-1001", "EventData.value": "C:\\Users\\sk.batsiev\\AppData\\Local\\PlaceholderTileLogoFolder\\9NMJCX77QKPX\\150X150.png"}
{"EventID": "2151", "Channel": "Microsoft-Windows-ShellCommon-StartLayoutPopulation/Operational", "Provider_Name": "Microsoft-Windows-ShellCommon-StartLayoutPopulation", "Computer": "DESKTOP-OFJ6N53", "TimeCreated": "2022-02-24 12:14:47.656496+00:00", "RecordID": "103", "Level": "4", "UserID": "S-1-5-21-963789628-1060504924-4285088085-1001", "EventData.value": "C:\\Users\\sk.batsiev\\AppData\\Local\\PlaceholderTileLogoFolder\\9NMJCX77QKPX\\044X044.png"}
{"EventID": "2152", "Channel": "Microsoft-Windows-ShellCommon-StartLayoutPopulation/Operational", "Provider_Name": "Microsoft-Windows-ShellCommon-StartLayoutPopulation", "Computer": "DESKTOP-OFJ6N53", "TimeCreated": "2022-02-24 12:14:47.675245+00:00", "RecordID": "104", "Level": "4", "UserID": "S-1-5-21-963789628-1060504924-4285088085-1001", "EventData.packageFamilyName": "Microsoft.LanguageExperiencePackru-RU_8wekyb3d8bbwe", "EventData.InstallState": "0"}
{"EventID": "2153", "Channel": "Microsoft-Windows-ShellCommon-StartLayoutPopulation/Operational", "Provider_Name": "Microsoft-Windows-ShellCommon-StartLayoutPopulation", "Computer": "DESKTOP-OFJ6N53", "TimeCreated": "2022-02-24 12:15:29.707428+00:00", "RecordID": "105", "Level": "4", "UserID": "S-1-5-21-963789628-1060504924-4285088085-1001", "EventData.packageFamilyName": "Microsoft.LanguageExperiencePackru-RU_8wekyb3d8bbwe", "EventData.InstallState": "4"}
{"EventID": "2152", "Channel": "Microsoft-Windows-ShellCommon-StartLayoutPopulation/Operational", "Provider_Name": "Microsoft-Windows-ShellCommon-StartLayoutPopulation", "Computer": "DESKTOP-OFJ6N53", "TimeCreated": "2022-02-24 12:15:32.887146+00:00", "RecordID": "106", "Level": "4", "UserID": "S-1-5-21-963789628-1060504924-4285088085-1001", "EventData.packageFamilyName": "A025C540.Yandex.Music_vfvw9svesycw6", "EventData.InstallState": "0"}
{"EventID": "2151", "Channel": "Microsoft-Windows-ShellCommon-StartLayoutPopulation/Operational", "Provider_Name": "Microsoft-Windows-ShellCommon-StartLayoutPopulation", "Computer": "DESKTOP-OFJ6N53", "TimeCreated": "2022-02-24 12:15:33.569576+00:00", "RecordID": "107", "Level": "4", "UserID": "S-1-5-21-963789628-1060504924-4285088085-1001", "EventData.value": "C:\\Users\\sk.batsiev\\AppData\\Local\\PlaceholderTileLogoFolder\\9NBLGGH0CB6D\\300X300.png"}
{"EventID": "2152", "Channel": "Microsoft-Windows-ShellCommon-StartLayoutPopulation/Operational", "Provider_Name": "Microsoft-Windows-ShellCommon-StartLayoutPopulation", "Computer": "DESKTOP-OFJ6N53", "TimeCreated": "2022-02-24 12:15:33.600569+00:00", "RecordID": "108", "Level": "4", "UserID": "S-1-5-21-963789628-1060504924-4285088085-1001", "EventData.packageFamilyName": "A025C540.Yandex.Music_vfvw9svesycw6", "EventData.InstallState": "0"}
{"EventID": "47", "Channel": "Microsoft-Windows-ShellCommon-StartLayoutPopulation/Operational", "Provider_Name": "Microsoft-Windows-ShellCommon-StartLayoutPopulation", "Computer": "DESKTOP-OFJ6N53", "TimeCreated": "2022-02-24 12:15:42.931204+00:00", "RecordID": "109", "Level": "4", "UserID": "S-1-5-21-963789628-1060504924-4285088085-1001"}
{"EventID": "26", "Channel": "Microsoft-Windows-ShellCommon-StartLayoutPopulation/Operational", "Provider_Name": "Microsoft-Windows-ShellCommon-StartLayoutPopulation", "Computer": "DESKTOP-OFJ6N53", "TimeCreated": "2022-02-24 12:15:42.965906+00:00", "RecordID": "110", "Level": "4", "UserID": "S-1-5-21-963789628-1060504924-4285088085-1001"}
{"EventID": "31", "Channel": "Microsoft-Windows-ShellCommon-StartLayoutPopulation/Operational", "Provider_Name": "Microsoft-Windows-ShellCommon-StartLayoutPopulation", "Computer": "DESKTOP-OFJ6N53", "TimeCreated": "2022-02-24 12:15:42.966085+00:00", "RecordID": "111", "Level": "4", "UserID": "S-1-5-21-963789628-1060504924-4285088085-1001", "EventData.appSize": "8"}
{"EventID": "28", "Channel": "Microsoft-Windows-ShellCommon-StartLayoutPopulation/Operational", "Provider_Name": "Microsoft-Windows-ShellCommon-StartLayoutPopulation", "Computer": "DESKTOP-OFJ6N53", "TimeCreated": "2022-02-24 12:15:42.971481+00:00", "RecordID": "112", "Level": "4", "UserID": "S-1-5-21-963789628-1060504924-4285088085-1001", "EventData.tileIdentifier": "Microsoft.LanguageExperiencePackru-RU_8wekyb3d8bbwe!App"}
