{"EventID": "1008", "Channel": "Microsoft-Windows-Privacy-Auditing/Operational", "Provider_Name": "Microsoft-Windows-Privacy-Auditing", "Computer": "DESKTOP-OFJ6N53", "TimeCreated": "2022-02-24 12:14:22.795395+00:00", "RecordID": "86", "Level": "4", "UserID": "S-1-5-18", "EventData.NewConsentValue": "Allow", "EventData.TargetUserSid": "S-1-5-21-963789628-1060504924-4285088085-1001", "EventData.ConsentID": null, "EventData.AppPackageFamilyName": "NULL", "EventData.HResult": "0x00000000", "EventData.SettingName": "email", "EventData.Migrated": "False", "EventData.Suppressed": "False"}
{"EventID": "713", "Channel": "Microsoft-Windows-Privacy-Auditing/Operational", "Provider_Name": "Microsoft-Windows-AppModel-Exec", "Computer": "DESKTOP-OFJ6N53", "TimeCreated": "2022-02-24 12:17:39.186462+00:00", "RecordID": "87", "Level": "4", "UserID": "S-1-5-21-963789628-1060504924-4285088085-1001", "EventData.CallerUserSid": "S-1-5-21-963789628-1060504924-4285088085-1001", "EventData.CallerProcessName": "identity_helper.exe", "EventData.CallerPackageFamilyName": "Microsoft.MicrosoftEdge.Stable_8wekyb3d8bbwe", "EventData.OldConsentValue": "0", "EventData.NewConsentValue": "8", "EventData.IsSetByHigherAuthority": "False", "EventData.EffectiveConsentValue": "8", "EventData.TargetUserSid": "S-1-5-21-963789628-1060504924-4285088085-1001", "EventData.TargetPackageFamilyName": "Microsoft.MicrosoftEdge.Stable_8wekyb3d8bbwe", "EventData.HRESULT": "0"}
{"EventID": "1012", "Channel": "Microsoft-Windows-Privacy-Auditing/Operational", "Provider_Name": "Microsoft-Windows-Privacy-Auditing", "Computer": "DESKTOP-OFJ6N53", "TimeCreated": "2022-02-24 12:18:49.473511+00:00", "RecordID": "88", "Level": "4", "UserID": "S-1-5-18", "EventData.NewConsentValue": "Allow", "EventData.TargetUserSid": "S-1-5-21-963789628-1060504924-4285088085-1001", "EventData.AppPackageFamilyName": "A025C540.Yandex.Music_vfvw9svesycw6", "EventData.HResult": "0x00000000", "EventData.SettingName": "cellularData", "EventData.Migrated": "False"}
{"EventID": "1012", "Channel": "Microsoft-Windows-Privacy-Auditing/Operational", "Provider_Name": "Microsoft-Windows-Privacy-Auditing", "Computer": "DESKTOP-OFJ6N53", "TimeCreated": "2022-02-24 12:18:49.482706+00:00", "RecordID": "89", "Level": "4", "UserID": "S-1-5-18", "EventData.NewConsentValue": "Allow", "EventData.TargetUserSid": "S-1-5-21-963789628-1060504924-4285088085-1001", "EventData.AppPackageFamilyName": "A025C540.Yandex.Music_vfvw9svesycw6", "EventData.HResult": "0x00000000", "EventData.SettingName": "wifiData", "EventData.Migrated": "False"}
{"EventID": "1012", "Channel": "Microsoft-Windows-Privacy-Auditing/Operational", "Provider_Name": "Microsoft-Windows-Privacy-Auditing", "Computer": "DESKTOP-OFJ6N53", "TimeCreated": "2022-02-24 12:25:13.765936+00:00", "RecordID": "90", "Level": "4", "UserID": "S-1-5-18", "EventData.NewConsentValue": "Allow", "EventData.TargetUserSid": "S-1-5-21-963789628-1060504924-4285088085-1001", "EventData.AppPackageFamilyName": "NcsiUwpApp_8wekyb3d8bbwe", "EventData.HResult": "0x00000000", "EventData.SettingName": "cellularData", "EventData.Migrated": "False"}
{"EventID": "1012", "Channel": "Microsoft-Windows-Privacy-Auditing/Operational", "Provider_Name": "Microsoft-Windows-Privacy-Auditing", "Computer": "DESKTOP-OFJ6N53", "TimeCreated": "2022-02-24 12:25:13.774607+00:00", "RecordID": "91", "Level": "4", "UserID": "S-1-5-18", "EventData.NewConsentValue": "Allow", "EventData.TargetUserSid": "S-1-5-21-963789628-1060504924-4285088085-1001", "EventData.AppPackageFamilyName": "NcsiUwpApp_8wekyb3d8bbwe", "EventData.HResult": "0x00000000", "EventData.SettingName": "wifiData", "EventData.Migrated": "False"}
{"EventID": "1012", "Channel": "Microsoft-Windows-Privacy-Auditing/Operational", "Provider_Name": "Microsoft-Windows-Privacy-Auditing", "Computer": "DESKTOP-OFJ6N53", "TimeCreated": "2022-02-24 12:25:16.540375+00:00", "RecordID": "92", "Level": "4", "UserID": "S-1-5-18", "EventData.NewConsentValue": "Prompt", "EventData.TargetUserSid": "S-1-5-21-963789628-1060504924-4285088085-1001", "EventData.AppPackageFamilyName": "Microsoft.Windows.SecureAssessmentBrowser_cw5n1h2txyewy", "EventData.HResult": "0x00000000", "EventData.SettingName": "microphone", "EventData.Migrated": "False"}
{"EventID": "1012", "Channel": "Microsoft-Windows-Privacy-Auditing/Operational", "Provider_Name": "Microsoft-Windows-Privacy-Auditing", "Computer": "DESKTOP-OFJ6N53", "TimeCreated": "2022-02-24 12:25:17.955547+00:00", "RecordID": "93", "Level": "4", "UserID": "S-1-5-18", "EventData.NewConsentValue": "Allow", "EventData.TargetUserSid": "S-1-5-21-963789628-1060504924-4285088085-1001", "EventData.AppPackageFamilyName": "Microsoft.Windows.SecHealthUI_cw5n1h2txyewy", "EventData.HResult": "0x00000000", "EventData.SettingName": "documentsLibrary", "EventData.Migrated": "False"}
{"EventID": "1012", "Channel": "Microsoft-Windows-Privacy-Auditing/Operational", "Provider_Name": "Microsoft-Windows-Privacy-Auditing", "Computer": "DESKTOP-OFJ6N53", "TimeCreated": "2022-02-24 12:25:20.647772+00:00", "RecordID": "94", "Level": "4", "UserID": "S-1-5-18", "EventData.NewConsentValue": "Allow", "EventData.TargetUserSid": "S-1-5-21-963789628-1060504924-4285088085-1001", "EventData.AppPackageFamilyName": "Microsoft.Windows.NarratorQuickStart_8wekyb3d8bbwe", "EventData.HResult": "0x00000000", "EventData.SettingName": "cellularData", "EventData.Migrated": "False"}
{"EventID": "1012", "Channel": "Microsoft-Windows-Privacy-Auditing/Operational", "Provider_Name": "Microsoft-Windows-Privacy-Auditing", "Computer": "DESKTOP-OFJ6N53", "TimeCreated": "2022-02-24 12:25:20.655542+00:00", "RecordID": "95", "Level": "4", "UserID": "S-1-5-18", "EventData.NewConsentValue": "Allow", "EventData.TargetUserSid": "S-1-5-21-963789628-1060504924-4285088085-1001", "EventData.AppPackageFamilyName": "Microsoft.Windows.NarratorQuickStart_8wekyb3d8bbwe", "EventData.HResult": "0x00000000", "EventData.SettingName": "wifiData", "EventData.Migrated": "False"}
{"EventID": "1012", "Channel": "Microsoft-Windows-Privacy-Auditing/Operational", "Provider_Name": "Microsoft-Windows-Privacy-Auditing", "Computer": "DESKTOP-OFJ6N53", "TimeCreated": "2022-02-24 12:25:23.952225+00:00", "RecordID": "96", "Level": "4", "UserID": "S-1-5-18", "EventData.NewConsentValue": "Prompt", "EventData.TargetUserSid": "S-1-5-21-963789628-1060504924-4285088085-1001", "EventData.AppPackageFamilyName": "Microsoft.ECApp_8wekyb3d8bbwe", "EventData.HResult": "0x00000000", "EventData.SettingName": "gazeInput", "EventData.Migrated": "False"}
{"EventID": "1012", "Channel": "Microsoft-Windows-Privacy-Auditing/Operational", "Provider_Name": "Microsoft-Windows-Privacy-Auditing", "Computer": "DESKTOP-OFJ6N53", "TimeCreated": "2022-02-24 12:25:26.965233+00:00", "RecordID": "97", "Level": "4", "UserID": "S-1-5-18", "EventData.NewConsentValue": "Prompt", "EventData.TargetUserSid": "S-1-5-21-963789628-1060504924-4285088085-1001", "EventData.AppPackageFamilyName": "Microsoft.AccountsControl_cw5n1h2txyewy", "EventData.HResult": "0x00000000", "EventData.SettingName": "userAccountInformation", "EventData.Migrated": "False"}
{"EventID": "1012", "Channel": "Microsoft-Windows-Privacy-Auditing/Operational", "Provider_Name": "Microsoft-Windows-Privacy-Auditing", "Computer": "DESKTOP-OFJ6N53", "TimeCreated": "2022-02-24 12:25:29.002815+00:00", "RecordID": "98", "Level": "4", "UserID": "S-1-5-18", "EventData.NewConsentValue": "Prompt", "EventData.TargetUserSid": "S-1-5-21-963789628-1060504924-4285088085-1001", "EventData.AppPackageFamilyName": "Microsoft.Win32WebViewHost_cw5n1h2txyewy", "EventData.HResult": "0x00000000", "EventData.SettingName": "location", "EventData.Migrated": "False"}
{"EventID": "1012", "Channel": "Microsoft-Windows-Privacy-Auditing/Operational", "Provider_Name": "Microsoft-Windows-Privacy-Auditing", "Computer": "DESKTOP-OFJ6N53", "TimeCreated": "2022-02-24 12:25:29.005079+00:00", "RecordID": "99", "Level": "4", "UserID": "S-1-5-18", "EventData.NewConsentValue": "Prompt", "EventData.TargetUserSid": "S-1-5-21-963789628-1060504924-4285088085-1001", "EventData.AppPackageFamilyName": "Microsoft.Win32WebViewHost_cw5n1h2txyewy", "EventData.HResult": "0x00000000", "EventData.SettingName": "microphone", "EventData.Migrated": "False"}
{"EventID": "1012", "Channel": "Microsoft-Windows-Privacy-Auditing/Operational", "Provider_Name": "Microsoft-Windows-Privacy-Auditing", "Computer": "DESKTOP-OFJ6N53", "TimeCreated": "2022-02-24 12:25:29.006744+00:00", "RecordID": "100", "Level": "4", "UserID": "S-1-5-18", "EventData.NewConsentValue": "Prompt", "EventData.TargetUserSid": "S-1-5-21-963789628-1060504924-4285088085-1001", "EventData.AppPackageFamilyName": "Microsoft.Win32WebViewHost_cw5n1h2txyewy", "EventData.HResult": "0x00000000", "EventData.SettingName": "webcam", "EventData.Migrated": "False"}
{"EventID": "1012", "Channel": "Microsoft-Windows-Privacy-Auditing/Operational", "Provider_Name": "Microsoft-Windows-Privacy-Auditing", "Computer": "DESKTOP-OFJ6N53", "TimeCreated": "2022-02-24 12:25:29.019718+00:00", "RecordID": "101", "Level": "4", "UserID": "S-1-5-18", "EventData.NewConsentValue": "Allow", "EventData.TargetUserSid": "S-1-5-21-963789628-1060504924-4285088085-1001", "EventData.AppPackageFamilyName": "Microsoft.Win32WebViewHost_cw5n1h2txyewy", "EventData.HResult": "0x00000000", "EventData.SettingName": "cellularData", "EventData.Migrated": "False"}
{"EventID": "1012", "Channel": "Microsoft-Windows-Privacy-Auditing/Operational", "Provider_Name": "Microsoft-Windows-Privacy-Auditing", "Computer": "DESKTOP-OFJ6N53", "TimeCreated": "2022-02-24 12:25:29.030357+00:00", "RecordID": "102", "Level": "4", "UserID": "S-1-5-18", "EventData.NewConsentValue": "Allow", "EventData.TargetUserSid": "S-1-5-21-963789628-1060504924-4285088085-1001", "EventData.AppPackageFamilyName": "Microsoft.Win32WebViewHost_cw5n1h2txyewy", "EventData.HResult": "0x00000000", "EventData.SettingName": "wifiData", "EventData.Migrated": "False"}
{"EventID": "1012", "Channel": "Microsoft-Windows-Privacy-Auditing/Operational", "Provider_Name": "Microsoft-Windows-Privacy-Auditing", "Computer": "DESKTOP-OFJ6N53", "TimeCreated": "2022-02-24 12:25:32.494905+00:00", "RecordID": "103", "Level": "4", "UserID": "S-1-5-18", "EventData.NewConsentValue": "Allow", "EventData.TargetUserSid": "S-1-5-21-963789628-1060504924-4285088085-1001", "EventData.AppPackageFamilyName": "Microsoft.SkypeApp_kzf8qxf38zg5c", "EventData.HResult": "0x00000000", "EventData.SettingName": "location", "EventData.Migrated": "False"}
{"EventID": "1012", "Channel": "Microsoft-Windows-Privacy-Auditing/Operational", "Provider_Name": "Microsoft-Windows-Privacy-Auditing", "Computer": "DESKTOP-OFJ6N53", "TimeCreated": "2022-02-24 12:25:32.496517+00:00", "RecordID": "104", "Level": "4", "UserID": "S-1-5-18", "EventData.NewConsentValue": "Allow", "EventData.TargetUserSid": "S-1-5-21-963789628-1060504924-4285088085-1001", "EventData.AppPackageFamilyName": "Microsoft.SkypeApp_kzf8qxf38zg5c", "EventData.HResult": "0x00000000", "EventData.SettingName": "microphone", "EventData.Migrated": "False"}
{"EventID": "1012", "Channel": "Microsoft-Windows-Privacy-Auditing/Operational", "Provider_Name": "Microsoft-Windows-Privacy-Auditing", "Computer": "DESKTOP-OFJ6N53", "TimeCreated": "2022-02-24 12:25:32.497686+00:00", "RecordID": "105", "Level": "4", "UserID": "S-1-5-18", "EventData.NewConsentValue": "Allow", "EventData.TargetUserSid": "S-1-5-21-963789628-1060504924-4285088085-1001", "EventData.AppPackageFamilyName": "Microsoft.SkypeApp_kzf8qxf38zg5c", "EventData.HResult": "0x00000000", "EventData.SettingName": "webcam", "EventData.Migrated": "False"}
{"EventID": "1012", "Channel": "Microsoft-Windows-Privacy-Auditing/Operational", "Provider_Name": "Microsoft-Windows-Privacy-Auditing", "Computer": "DESKTOP-OFJ6N53", "TimeCreated": "2022-02-24 12:25:33.598392+00:00", "RecordID": "106", "Level": "4", "UserID": "S-1-5-18", "EventData.NewConsentValue": "Allow", "EventData.TargetUserSid": "S-1-5-21-963789628-1060504924-4285088085-1001", "EventData.AppPackageFamilyName": "Microsoft.ZuneVideo_8wekyb3d8bbwe", "EventData.HResult": "0x00000000", "EventData.SettingName": "videosLibrary", "EventData.Migrated": "False"}
{"EventID": "1012", "Channel": "Microsoft-Windows-Privacy-Auditing/Operational", "Provider_Name": "Microsoft-Windows-Privacy-Auditing", "Computer": "DESKTOP-OFJ6N53", "TimeCreated": "2022-02-24 12:25:33.608549+00:00", "RecordID": "107", "Level": "4", "UserID": "S-1-5-18", "EventData.NewConsentValue": "Allow", "EventData.TargetUserSid": "S-1-5-21-963789628-1060504924-4285088085-1001", "EventData.AppPackageFamilyName": "Microsoft.ZuneVideo_8wekyb3d8bbwe", "EventData.HResult": "0x00000000", "EventData.SettingName": "cellularData", "EventData.Migrated": "False"}
{"EventID": "1012", "Channel": "Microsoft-Windows-Privacy-Auditing/Operational", "Provider_Name": "Microsoft-Windows-Privacy-Auditing", "Computer": "DESKTOP-OFJ6N53", "TimeCreated": "2022-02-24 12:25:33.616034+00:00", "RecordID": "108", "Level": "4", "UserID": "S-1-5-18", "EventData.NewConsentValue": "Allow", "EventData.TargetUserSid": "S-1-5-21-963789628-1060504924-4285088085-1001", "EventData.AppPackageFamilyName": "Microsoft.ZuneVideo_8wekyb3d8bbwe", "EventData.HResult": "0x00000000", "EventData.SettingName": "wifiData", "EventData.Migrated": "False"}
{"EventID": "1012", "Channel": "Microsoft-Windows-Privacy-Auditing/Operational", "Provider_Name": "Microsoft-Windows-Privacy-Auditing", "Computer": "DESKTOP-OFJ6N53", "TimeCreated": "2022-02-24 12:25:34.870335+00:00", "RecordID": "109", "Level": "4", "UserID": "S-1-5-18", "EventData.NewConsentValue": "Allow", "EventData.TargetUserSid": "S-1-5-21-963789628-1060504924-4285088085-1001", "EventData.AppPackageFamilyName": "Microsoft.ZuneMusic_8wekyb3d8bbwe", "EventData.HResult": "0x00000000", "EventData.SettingName": "cellularData", "EventData.Migrated": "False"}
{"EventID": "1012", "Channel": "Microsoft-Windows-Privacy-Auditing/Operational", "Provider_Name": "Microsoft-Windows-Privacy-Auditing", "Computer": "DESKTOP-OFJ6N53", "TimeCreated": "2022-02-24 12:25:34.879936+00:00", "RecordID": "110", "Level": "4", "UserID": "S-1-5-18", "EventData.NewConsentValue": "Allow", "EventData.TargetUserSid": "S-1-5-21-963789628-1060504924-4285088085-1001", "EventData.AppPackageFamilyName": "Microsoft.ZuneMusic_8wekyb3d8bbwe", "EventData.HResult": "0x00000000", "EventData.SettingName": "wifiData", "EventData.Migrated": "False"}
{"EventID": "1012", "Channel": "Microsoft-Windows-Privacy-Auditing/Operational", "Provider_Name": "Microsoft-Windows-Privacy-Auditing", "Computer": "DESKTOP-OFJ6N53", "TimeCreated": "2022-02-24 12:25:36.232962+00:00", "RecordID": "111", "Level": "4", "UserID": "S-1-5-18", "EventData.NewConsentValue": "Allow", "EventData.TargetUserSid": "S-1-5-21-963789628-1060504924-4285088085-1001", "EventData.AppPackageFamilyName": "Microsoft.YourPhone_8wekyb3d8bbwe", "EventData.HResult": "0x00000000", "EventData.SettingName": "cellularData", "EventData.Migrated": "False"}
{"EventID": "1012", "Channel": "Microsoft-Windows-Privacy-Auditing/Operational", "Provider_Name": "Microsoft-Windows-Privacy-Auditing", "Computer": "DESKTOP-OFJ6N53", "TimeCreated": "2022-02-24 12:25:36.242521+00:00", "RecordID": "112", "Level": "4", "UserID": "S-1-5-18", "EventData.NewConsentValue": "Allow", "EventData.TargetUserSid": "S-1-5-21-963789628-1060504924-4285088085-1001", "EventData.AppPackageFamilyName": "Microsoft.YourPhone_8wekyb3d8bbwe", "EventData.HResult": "0x00000000", "EventData.SettingName": "wifiData", "EventData.Migrated": "False"}
{"EventID": "1008", "Channel": "Microsoft-Windows-Privacy-Auditing/Operational", "Provider_Name": "Microsoft-Windows-Privacy-Auditing", "Computer": "DESKTOP-OFJ6N53", "TimeCreated": "2022-02-24 12:25:38.877649+00:00", "RecordID": "113", "Level": "4", "UserID": "S-1-5-18", "EventData.NewConsentValue": "Allow", "EventData.TargetUserSid": "S-1-5-21-963789628-1060504924-4285088085-1001", "EventData.ConsentID": null, "EventData.AppPackageFamilyName": "NULL", "EventData.HResult": "0x00000000", "EventData.SettingName": "microphone", "EventData.Migrated": "False", "EventData.Suppressed": "False"}
{"EventID": "713", "Channel": "Microsoft-Windows-Privacy-Auditing/Operational", "Provider_Name": "Microsoft-Windows-AppModel-Exec", "Computer": "DESKTOP-OFJ6N53", "TimeCreated": "2022-02-24 12:25:40.601284+00:00", "RecordID": "114", "Level": "4", "UserID": "S-1-5-21-963789628-1060504924-4285088085-1001", "EventData.CallerUserSid": "S-1-5-21-963789628-1060504924-4285088085-1001", "EventData.CallerProcessName": "RuntimeBroker.exe", "EventData.CallerPackageFamilyName": "Microsoft.SkypeApp_kzf8qxf38zg5c", "EventData.OldConsentValue": "0", "EventData.NewConsentValue": "8", "EventData.IsSetByHigherAuthority": "False", "EventData.EffectiveConsentValue": "8", "EventData.TargetUserSid": "S-1-5-21-963789628-1060504924-4285088085-1001", "EventData.TargetPackageFamilyName": "Microsoft.SkypeApp_kzf8qxf38zg5c", "EventData.HRESULT": "0"}
{"EventID": "1012", "Channel": "Microsoft-Windows-Privacy-Auditing/Operational", "Provider_Name": "Microsoft-Windows-Privacy-Auditing", "Computer": "DESKTOP-OFJ6N53", "TimeCreated": "2022-02-24 12:25:40.609455+00:00", "RecordID": "115", "Level": "4", "UserID": "S-1-5-18", "EventData.NewConsentValue": "Allow", "EventData.TargetUserSid": "S-1-5-21-963789628-1060504924-4285088085-1001", "EventData.AppPackageFamilyName": "Microsoft.XboxGamingOverlay_8wekyb3d8bbwe", "EventData.HResult": "0x00000000", "EventData.SettingName": "videosLibrary", "EventData.Migrated": "False"}
{"EventID": "1012", "Channel": "Microsoft-Windows-Privacy-Auditing/Operational", "Provider_Name": "Microsoft-Windows-Privacy-Auditing", "Computer": "DESKTOP-OFJ6N53", "TimeCreated": "2022-02-24 12:25:40.610332+00:00", "RecordID": "116", "Level": "4", "UserID": "S-1-5-18", "EventData.NewConsentValue": "Allow", "EventData.TargetUserSid": "S-1-5-21-963789628-1060504924-4285088085-1001", "EventData.AppPackageFamilyName": "Microsoft.XboxGamingOverlay_8wekyb3d8bbwe", "EventData.HResult": "0x00000000", "EventData.SettingName": "picturesLibrary", "EventData.Migrated": "False"}
{"EventID": "1012", "Channel": "Microsoft-Windows-Privacy-Auditing/Operational", "Provider_Name": "Microsoft-Windows-Privacy-Auditing", "Computer": "DESKTOP-OFJ6N53", "TimeCreated": "2022-02-24 12:25:40.613417+00:00", "RecordID": "117", "Level": "4", "UserID": "S-1-5-18", "EventData.NewConsentValue": "Prompt", "EventData.TargetUserSid": "S-1-5-21-963789628-1060504924-4285088085-1001", "EventData.AppPackageFamilyName": "Microsoft.XboxGamingOverlay_8wekyb3d8bbwe", "EventData.HResult": "0x00000000", "EventData.SettingName": "microphone", "EventData.Migrated": "False"}
{"EventID": "1012", "Channel": "Microsoft-Windows-Privacy-Auditing/Operational", "Provider_Name": "Microsoft-Windows-Privacy-Auditing", "Computer": "DESKTOP-OFJ6N53", "TimeCreated": "2022-02-24 12:25:40.614573+00:00", "RecordID": "118", "Level": "4", "UserID": "S-1-5-18", "EventData.NewConsentValue": "Prompt", "EventData.TargetUserSid": "S-1-5-21-963789628-1060504924-4285088085-1001", "EventData.AppPackageFamilyName": "Microsoft.XboxGamingOverlay_8wekyb3d8bbwe", "EventData.HResult": "0x00000000", "EventData.SettingName": "webcam", "EventData.Migrated": "False"}
{"EventID": "1012", "Channel": "Microsoft-Windows-Privacy-Auditing/Operational", "Provider_Name": "Microsoft-Windows-Privacy-Auditing", "Computer": "DESKTOP-OFJ6N53", "TimeCreated": "2022-02-24 12:25:40.624826+00:00", "RecordID": "119", "Level": "4", "UserID": "S-1-5-18", "EventData.NewConsentValue": "Allow", "EventData.TargetUserSid": "S-1-5-21-963789628-1060504924-4285088085-1001", "EventData.AppPackageFamilyName": "Microsoft.XboxGamingOverlay_8wekyb3d8bbwe", "EventData.HResult": "0x00000000", "EventData.SettingName": "cellularData", "EventData.Migrated": "False"}
{"EventID": "1012", "Channel": "Microsoft-Windows-Privacy-Auditing/Operational", "Provider_Name": "Microsoft-Windows-Privacy-Auditing", "Computer": "DESKTOP-OFJ6N53", "TimeCreated": "2022-02-24 12:25:40.634937+00:00", "RecordID": "120", "Level": "4", "UserID": "S-1-5-18", "EventData.NewConsentValue": "Allow", "EventData.TargetUserSid": "S-1-5-21-963789628-1060504924-4285088085-1001", "EventData.AppPackageFamilyName": "Microsoft.XboxGamingOverlay_8wekyb3d8bbwe", "EventData.HResult": "0x00000000", "EventData.SettingName": "wifiData", "EventData.Migrated": "False"}
{"EventID": "1012", "Channel": "Microsoft-Windows-Privacy-Auditing/Operational", "Provider_Name": "Microsoft-Windows-Privacy-Auditing", "Computer": "DESKTOP-OFJ6N53", "TimeCreated": "2022-02-24 12:25:43.050142+00:00", "RecordID": "121", "Level": "4", "UserID": "S-1-5-18", "EventData.NewConsentValue": "Prompt", "EventData.TargetUserSid": "S-1-5-21-963789628-1060504924-4285088085-1001", "EventData.AppPackageFamilyName": "Microsoft.XboxApp_8wekyb3d8bbwe", "EventData.HResult": "0x00000000", "EventData.SettingName": "contacts", "EventData.Migrated": "False"}
{"EventID": "1012", "Channel": "Microsoft-Windows-Privacy-Auditing/Operational", "Provider_Name": "Microsoft-Windows-Privacy-Auditing", "Computer": "DESKTOP-OFJ6N53", "TimeCreated": "2022-02-24 12:25:43.051279+00:00", "RecordID": "122", "Level": "4", "UserID": "S-1-5-18", "EventData.NewConsentValue": "Allow", "EventData.TargetUserSid": "S-1-5-21-963789628-1060504924-4285088085-1001", "EventData.AppPackageFamilyName": "Microsoft.XboxApp_8wekyb3d8bbwe", "EventData.HResult": "0x00000000", "EventData.SettingName": "videosLibrary", "EventData.Migrated": "False"}
{"EventID": "1012", "Channel": "Microsoft-Windows-Privacy-Auditing/Operational", "Provider_Name": "Microsoft-Windows-Privacy-Auditing", "Computer": "DESKTOP-OFJ6N53", "TimeCreated": "2022-02-24 12:25:43.052298+00:00", "RecordID": "123", "Level": "4", "UserID": "S-1-5-18", "EventData.NewConsentValue": "Allow", "EventData.TargetUserSid": "S-1-5-21-963789628-1060504924-4285088085-1001", "EventData.AppPackageFamilyName": "Microsoft.XboxApp_8wekyb3d8bbwe", "EventData.HResult": "0x00000000", "EventData.SettingName": "picturesLibrary", "EventData.Migrated": "False"}
{"EventID": "1012", "Channel": "Microsoft-Windows-Privacy-Auditing/Operational", "Provider_Name": "Microsoft-Windows-Privacy-Auditing", "Computer": "DESKTOP-OFJ6N53", "TimeCreated": "2022-02-24 12:25:43.055365+00:00", "RecordID": "124", "Level": "4", "UserID": "S-1-5-18", "EventData.NewConsentValue": "Prompt", "EventData.TargetUserSid": "S-1-5-21-963789628-1060504924-4285088085-1001", "EventData.AppPackageFamilyName": "Microsoft.XboxApp_8wekyb3d8bbwe", "EventData.HResult": "0x00000000", "EventData.SettingName": "microphone", "EventData.Migrated": "False"}
{"EventID": "1012", "Channel": "Microsoft-Windows-Privacy-Auditing/Operational", "Provider_Name": "Microsoft-Windows-Privacy-Auditing", "Computer": "DESKTOP-OFJ6N53", "TimeCreated": "2022-02-24 12:25:43.066547+00:00", "RecordID": "125", "Level": "4", "UserID": "S-1-5-18", "EventData.NewConsentValue": "Allow", "EventData.TargetUserSid": "S-1-5-21-963789628-1060504924-4285088085-1001", "EventData.AppPackageFamilyName": "Microsoft.XboxApp_8wekyb3d8bbwe", "EventData.HResult": "0x00000000", "EventData.SettingName": "cellularData", "EventData.Migrated": "False"}
{"EventID": "1012", "Channel": "Microsoft-Windows-Privacy-Auditing/Operational", "Provider_Name": "Microsoft-Windows-Privacy-Auditing", "Computer": "DESKTOP-OFJ6N53", "TimeCreated": "2022-02-24 12:25:43.076736+00:00", "RecordID": "126", "Level": "4", "UserID": "S-1-5-18", "EventData.NewConsentValue": "Allow", "EventData.TargetUserSid": "S-1-5-21-963789628-1060504924-4285088085-1001", "EventData.AppPackageFamilyName": "Microsoft.XboxApp_8wekyb3d8bbwe", "EventData.HResult": "0x00000000", "EventData.SettingName": "wifiData", "EventData.Migrated": "False"}
{"EventID": "1012", "Channel": "Microsoft-Windows-Privacy-Auditing/Operational", "Provider_Name": "Microsoft-Windows-Privacy-Auditing", "Computer": "DESKTOP-OFJ6N53", "TimeCreated": "2022-02-24 12:25:55.017570+00:00", "RecordID": "127", "Level": "4", "UserID": "S-1-5-18", "EventData.NewConsentValue": "Allow", "EventData.TargetUserSid": "S-1-5-21-963789628-1060504924-4285088085-1001", "EventData.AppPackageFamilyName": "Microsoft.WindowsSoundRecorder_8wekyb3d8bbwe", "EventData.HResult": "0x00000000", "EventData.SettingName": "documentsLibrary", "EventData.Migrated": "False"}
{"EventID": "1012", "Channel": "Microsoft-Windows-Privacy-Auditing/Operational", "Provider_Name": "Microsoft-Windows-Privacy-Auditing", "Computer": "DESKTOP-OFJ6N53", "TimeCreated": "2022-02-24 12:25:55.020220+00:00", "RecordID": "128", "Level": "4", "UserID": "S-1-5-18", "EventData.NewConsentValue": "Prompt", "EventData.TargetUserSid": "S-1-5-21-963789628-1060504924-4285088085-1001", "EventData.AppPackageFamilyName": "Microsoft.WindowsSoundRecorder_8wekyb3d8bbwe", "EventData.HResult": "0x00000000", "EventData.SettingName": "microphone", "EventData.Migrated": "False"}
{"EventID": "1012", "Channel": "Microsoft-Windows-Privacy-Auditing/Operational", "Provider_Name": "Microsoft-Windows-Privacy-Auditing", "Computer": "DESKTOP-OFJ6N53", "TimeCreated": "2022-02-24 12:25:56.479837+00:00", "RecordID": "129", "Level": "4", "UserID": "S-1-5-18", "EventData.NewConsentValue": "Prompt", "EventData.TargetUserSid": "S-1-5-21-963789628-1060504924-4285088085-1001", "EventData.AppPackageFamilyName": "Microsoft.WindowsMaps_8wekyb3d8bbwe", "EventData.HResult": "0x00000000", "EventData.SettingName": "contacts", "EventData.Migrated": "False"}
{"EventID": "1012", "Channel": "Microsoft-Windows-Privacy-Auditing/Operational", "Provider_Name": "Microsoft-Windows-Privacy-Auditing", "Computer": "DESKTOP-OFJ6N53", "TimeCreated": "2022-02-24 12:25:56.480755+00:00", "RecordID": "130", "Level": "4", "UserID": "S-1-5-18", "EventData.NewConsentValue": "Prompt", "EventData.TargetUserSid": "S-1-5-21-963789628-1060504924-4285088085-1001", "EventData.AppPackageFamilyName": "Microsoft.WindowsMaps_8wekyb3d8bbwe", "EventData.HResult": "0x00000000", "EventData.SettingName": "phoneCall", "EventData.Migrated": "False"}
{"EventID": "1012", "Channel": "Microsoft-Windows-Privacy-Auditing/Operational", "Provider_Name": "Microsoft-Windows-Privacy-Auditing", "Computer": "DESKTOP-OFJ6N53", "TimeCreated": "2022-02-24 12:25:56.481966+00:00", "RecordID": "131", "Level": "4", "UserID": "S-1-5-18", "EventData.NewConsentValue": "Prompt", "EventData.TargetUserSid": "S-1-5-21-963789628-1060504924-4285088085-1001", "EventData.AppPackageFamilyName": "Microsoft.WindowsMaps_8wekyb3d8bbwe", "EventData.HResult": "0x00000000", "EventData.SettingName": "location", "EventData.Migrated": "False"}
{"EventID": "1012", "Channel": "Microsoft-Windows-Privacy-Auditing/Operational", "Provider_Name": "Microsoft-Windows-Privacy-Auditing", "Computer": "DESKTOP-OFJ6N53", "TimeCreated": "2022-02-24 12:25:56.493597+00:00", "RecordID": "132", "Level": "4", "UserID": "S-1-5-18", "EventData.NewConsentValue": "Allow", "EventData.TargetUserSid": "S-1-5-21-963789628-1060504924-4285088085-1001", "EventData.AppPackageFamilyName": "Microsoft.WindowsMaps_8wekyb3d8bbwe", "EventData.HResult": "0x00000000", "EventData.SettingName": "cellularData", "EventData.Migrated": "False"}
{"EventID": "1012", "Channel": "Microsoft-Windows-Privacy-Auditing/Operational", "Provider_Name": "Microsoft-Windows-Privacy-Auditing", "Computer": "DESKTOP-OFJ6N53", "TimeCreated": "2022-02-24 12:25:56.503469+00:00", "RecordID": "133", "Level": "4", "UserID": "S-1-5-18", "EventData.NewConsentValue": "Allow", "EventData.TargetUserSid": "S-1-5-21-963789628-1060504924-4285088085-1001", "EventData.AppPackageFamilyName": "Microsoft.WindowsMaps_8wekyb3d8bbwe", "EventData.HResult": "0x00000000", "EventData.SettingName": "wifiData", "EventData.Migrated": "False"}
{"EventID": "1012", "Channel": "Microsoft-Windows-Privacy-Auditing/Operational", "Provider_Name": "Microsoft-Windows-Privacy-Auditing", "Computer": "DESKTOP-OFJ6N53", "TimeCreated": "2022-02-24 12:25:58.169912+00:00", "RecordID": "134", "Level": "4", "UserID": "S-1-5-18", "EventData.NewConsentValue": "Allow", "EventData.TargetUserSid": "S-1-5-21-963789628-1060504924-4285088085-1001", "EventData.AppPackageFamilyName": "Microsoft.WindowsFeedbackHub_8wekyb3d8bbwe", "EventData.HResult": "0x00000000", "EventData.SettingName": "picturesLibrary", "EventData.Migrated": "False"}
{"EventID": "1012", "Channel": "Microsoft-Windows-Privacy-Auditing/Operational", "Provider_Name": "Microsoft-Windows-Privacy-Auditing", "Computer": "DESKTOP-OFJ6N53", "TimeCreated": "2022-02-24 12:25:58.170469+00:00", "RecordID": "135", "Level": "4", "UserID": "S-1-5-18", "EventData.NewConsentValue": "Allow", "EventData.TargetUserSid": "S-1-5-21-963789628-1060504924-4285088085-1001", "EventData.AppPackageFamilyName": "Microsoft.WindowsFeedbackHub_8wekyb3d8bbwe", "EventData.HResult": "0x00000000", "EventData.SettingName": "documentsLibrary", "EventData.Migrated": "False"}
{"EventID": "1012", "Channel": "Microsoft-Windows-Privacy-Auditing/Operational", "Provider_Name": "Microsoft-Windows-Privacy-Auditing", "Computer": "DESKTOP-OFJ6N53", "TimeCreated": "2022-02-24 12:25:58.173294+00:00", "RecordID": "136", "Level": "4", "UserID": "S-1-5-18", "EventData.NewConsentValue": "Allow", "EventData.TargetUserSid": "S-1-5-21-963789628-1060504924-4285088085-1001", "EventData.AppPackageFamilyName": "Microsoft.WindowsFeedbackHub_8wekyb3d8bbwe", "EventData.HResult": "0x00000000", "EventData.SettingName": "microphone", "EventData.Migrated": "False"}
{"EventID": "1012", "Channel": "Microsoft-Windows-Privacy-Auditing/Operational", "Provider_Name": "Microsoft-Windows-Privacy-Auditing", "Computer": "DESKTOP-OFJ6N53", "TimeCreated": "2022-02-24 12:25:58.174562+00:00", "RecordID": "137", "Level": "4", "UserID": "S-1-5-18", "EventData.NewConsentValue": "Allow", "EventData.TargetUserSid": "S-1-5-21-963789628-1060504924-4285088085-1001", "EventData.AppPackageFamilyName": "Microsoft.WindowsFeedbackHub_8wekyb3d8bbwe", "EventData.HResult": "0x00000000", "EventData.SettingName": "webcam", "EventData.Migrated": "False"}
{"EventID": "1012", "Channel": "Microsoft-Windows-Privacy-Auditing/Operational", "Provider_Name": "Microsoft-Windows-Privacy-Auditing", "Computer": "DESKTOP-OFJ6N53", "TimeCreated": "2022-02-24 12:25:58.184685+00:00", "RecordID": "138", "Level": "4", "UserID": "S-1-5-18", "EventData.NewConsentValue": "Allow", "EventData.TargetUserSid": "S-1-5-21-963789628-1060504924-4285088085-1001", "EventData.AppPackageFamilyName": "Microsoft.WindowsFeedbackHub_8wekyb3d8bbwe", "EventData.HResult": "0x00000000", "EventData.SettingName": "cellularData", "EventData.Migrated": "False"}
{"EventID": "1012", "Channel": "Microsoft-Windows-Privacy-Auditing/Operational", "Provider_Name": "Microsoft-Windows-Privacy-Auditing", "Computer": "DESKTOP-OFJ6N53", "TimeCreated": "2022-02-24 12:25:58.194462+00:00", "RecordID": "139", "Level": "4", "UserID": "S-1-5-18", "EventData.NewConsentValue": "Allow", "EventData.TargetUserSid": "S-1-5-21-963789628-1060504924-4285088085-1001", "EventData.AppPackageFamilyName": "Microsoft.WindowsFeedbackHub_8wekyb3d8bbwe", "EventData.HResult": "0x00000000", "EventData.SettingName": "wifiData", "EventData.Migrated": "False"}
{"EventID": "1012", "Channel": "Microsoft-Windows-Privacy-Auditing/Operational", "Provider_Name": "Microsoft-Windows-Privacy-Auditing", "Computer": "DESKTOP-OFJ6N53", "TimeCreated": "2022-02-24 12:25:59.608854+00:00", "RecordID": "140", "Level": "4", "UserID": "S-1-5-18", "EventData.NewConsentValue": "Allow", "EventData.TargetUserSid": "S-1-5-21-963789628-1060504924-4285088085-1001", "EventData.AppPackageFamilyName": "Microsoft.WindowsCalculator_8wekyb3d8bbwe", "EventData.HResult": "0x00000000", "EventData.SettingName": "cellularData", "EventData.Migrated": "False"}
{"EventID": "1012", "Channel": "Microsoft-Windows-Privacy-Auditing/Operational", "Provider_Name": "Microsoft-Windows-Privacy-Auditing", "Computer": "DESKTOP-OFJ6N53", "TimeCreated": "2022-02-24 12:25:59.617651+00:00", "RecordID": "141", "Level": "4", "UserID": "S-1-5-18", "EventData.NewConsentValue": "Allow", "EventData.TargetUserSid": "S-1-5-21-963789628-1060504924-4285088085-1001", "EventData.AppPackageFamilyName": "Microsoft.WindowsCalculator_8wekyb3d8bbwe", "EventData.HResult": "0x00000000", "EventData.SettingName": "wifiData", "EventData.Migrated": "False"}
{"EventID": "1012", "Channel": "Microsoft-Windows-Privacy-Auditing/Operational", "Provider_Name": "Microsoft-Windows-Privacy-Auditing", "Computer": "DESKTOP-OFJ6N53", "TimeCreated": "2022-02-24 12:26:03.052420+00:00", "RecordID": "142", "Level": "4", "UserID": "S-1-5-18", "EventData.NewConsentValue": "Allow", "EventData.TargetUserSid": "S-1-5-21-963789628-1060504924-4285088085-1001", "EventData.AppPackageFamilyName": "Microsoft.Wallet_8wekyb3d8bbwe", "EventData.HResult": "0x00000000", "EventData.SettingName": "cellularData", "EventData.Migrated": "False"}
{"EventID": "1012", "Channel": "Microsoft-Windows-Privacy-Auditing/Operational", "Provider_Name": "Microsoft-Windows-Privacy-Auditing", "Computer": "DESKTOP-OFJ6N53", "TimeCreated": "2022-02-24 12:26:03.060421+00:00", "RecordID": "143", "Level": "4", "UserID": "S-1-5-18", "EventData.NewConsentValue": "Allow", "EventData.TargetUserSid": "S-1-5-21-963789628-1060504924-4285088085-1001", "EventData.AppPackageFamilyName": "Microsoft.Wallet_8wekyb3d8bbwe", "EventData.HResult": "0x00000000", "EventData.SettingName": "wifiData", "EventData.Migrated": "False"}
{"EventID": "1012", "Channel": "Microsoft-Windows-Privacy-Auditing/Operational", "Provider_Name": "Microsoft-Windows-Privacy-Auditing", "Computer": "DESKTOP-OFJ6N53", "TimeCreated": "2022-02-24 12:26:06.334429+00:00", "RecordID": "144", "Level": "4", "UserID": "S-1-5-18", "EventData.NewConsentValue": "Allow", "EventData.TargetUserSid": "S-1-5-21-963789628-1060504924-4285088085-1001", "EventData.AppPackageFamilyName": "Microsoft.ScreenSketch_8wekyb3d8bbwe", "EventData.HResult": "0x00000000", "EventData.SettingName": "picturesLibrary", "EventData.Migrated": "False"}
{"EventID": "1012", "Channel": "Microsoft-Windows-Privacy-Auditing/Operational", "Provider_Name": "Microsoft-Windows-Privacy-Auditing", "Computer": "DESKTOP-OFJ6N53", "TimeCreated": "2022-02-24 12:26:07.570913+00:00", "RecordID": "145", "Level": "4", "UserID": "S-1-5-18", "EventData.NewConsentValue": "Prompt", "EventData.TargetUserSid": "S-1-5-21-963789628-1060504924-4285088085-1001", "EventData.AppPackageFamilyName": "Microsoft.People_8wekyb3d8bbwe", "EventData.HResult": "0x00000000", "EventData.SettingName": "appointments", "EventData.Migrated": "False"}
{"EventID": "1012", "Channel": "Microsoft-Windows-Privacy-Auditing/Operational", "Provider_Name": "Microsoft-Windows-Privacy-Auditing", "Computer": "DESKTOP-OFJ6N53", "TimeCreated": "2022-02-24 12:26:07.572649+00:00", "RecordID": "146", "Level": "4", "UserID": "S-1-5-18", "EventData.NewConsentValue": "Prompt", "EventData.TargetUserSid": "S-1-5-21-963789628-1060504924-4285088085-1001", "EventData.AppPackageFamilyName": "Microsoft.People_8wekyb3d8bbwe", "EventData.HResult": "0x00000000", "EventData.SettingName": "phoneCallHistory", "EventData.Migrated": "False"}
{"EventID": "1012", "Channel": "Microsoft-Windows-Privacy-Auditing/Operational", "Provider_Name": "Microsoft-Windows-Privacy-Auditing", "Computer": "DESKTOP-OFJ6N53", "TimeCreated": "2022-02-24 12:26:07.573298+00:00", "RecordID": "147", "Level": "4", "UserID": "S-1-5-18", "EventData.NewConsentValue": "Prompt", "EventData.TargetUserSid": "S-1-5-21-963789628-1060504924-4285088085-1001", "EventData.AppPackageFamilyName": "Microsoft.People_8wekyb3d8bbwe", "EventData.HResult": "0x00000000", "EventData.SettingName": "chat", "EventData.Migrated": "False"}
{"EventID": "1012", "Channel": "Microsoft-Windows-Privacy-Auditing/Operational", "Provider_Name": "Microsoft-Windows-Privacy-Auditing", "Computer": "DESKTOP-OFJ6N53", "TimeCreated": "2022-02-24 12:26:07.573927+00:00", "RecordID": "148", "Level": "4", "UserID": "S-1-5-18", "EventData.NewConsentValue": "Prompt", "EventData.TargetUserSid": "S-1-5-21-963789628-1060504924-4285088085-1001", "EventData.AppPackageFamilyName": "Microsoft.People_8wekyb3d8bbwe", "EventData.HResult": "0x00000000", "EventData.SettingName": "email", "EventData.Migrated": "False"}
{"EventID": "1012", "Channel": "Microsoft-Windows-Privacy-Auditing/Operational", "Provider_Name": "Microsoft-Windows-Privacy-Auditing", "Computer": "DESKTOP-OFJ6N53", "TimeCreated": "2022-02-24 12:26:07.584270+00:00", "RecordID": "149", "Level": "4", "UserID": "S-1-5-18", "EventData.NewConsentValue": "Allow", "EventData.TargetUserSid": "S-1-5-21-963789628-1060504924-4285088085-1001", "EventData.AppPackageFamilyName": "Microsoft.People_8wekyb3d8bbwe", "EventData.HResult": "0x00000000", "EventData.SettingName": "cellularData", "EventData.Migrated": "False"}
{"EventID": "1012", "Channel": "Microsoft-Windows-Privacy-Auditing/Operational", "Provider_Name": "Microsoft-Windows-Privacy-Auditing", "Computer": "DESKTOP-OFJ6N53", "TimeCreated": "2022-02-24 12:26:07.592459+00:00", "RecordID": "150", "Level": "4", "UserID": "S-1-5-18", "EventData.NewConsentValue": "Allow", "EventData.TargetUserSid": "S-1-5-21-963789628-1060504924-4285088085-1001", "EventData.AppPackageFamilyName": "Microsoft.People_8wekyb3d8bbwe", "EventData.HResult": "0x00000000", "EventData.SettingName": "wifiData", "EventData.Migrated": "False"}
{"EventID": "1012", "Channel": "Microsoft-Windows-Privacy-Auditing/Operational", "Provider_Name": "Microsoft-Windows-Privacy-Auditing", "Computer": "DESKTOP-OFJ6N53", "TimeCreated": "2022-02-24 12:26:08.991453+00:00", "RecordID": "151", "Level": "4", "UserID": "S-1-5-18", "EventData.NewConsentValue": "Allow", "EventData.TargetUserSid": "S-1-5-21-963789628-1060504924-4285088085-1001", "EventData.AppPackageFamilyName": "Microsoft.Office.OneNote_8wekyb3d8bbwe", "EventData.HResult": "0x00000000", "EventData.SettingName": "documentsLibrary", "EventData.Migrated": "False"}
{"EventID": "1012", "Channel": "Microsoft-Windows-Privacy-Auditing/Operational", "Provider_Name": "Microsoft-Windows-Privacy-Auditing", "Computer": "DESKTOP-OFJ6N53", "TimeCreated": "2022-02-24 12:26:08.993929+00:00", "RecordID": "152", "Level": "4", "UserID": "S-1-5-18", "EventData.NewConsentValue": "Prompt", "EventData.TargetUserSid": "S-1-5-21-963789628-1060504924-4285088085-1001", "EventData.AppPackageFamilyName": "Microsoft.Office.OneNote_8wekyb3d8bbwe", "EventData.HResult": "0x00000000", "EventData.SettingName": "Webcam", "EventData.Migrated": "False"}
{"EventID": "1012", "Channel": "Microsoft-Windows-Privacy-Auditing/Operational", "Provider_Name": "Microsoft-Windows-Privacy-Auditing", "Computer": "DESKTOP-OFJ6N53", "TimeCreated": "2022-02-24 12:26:08.995537+00:00", "RecordID": "153", "Level": "4", "UserID": "S-1-5-18", "EventData.NewConsentValue": "Prompt", "EventData.TargetUserSid": "S-1-5-21-963789628-1060504924-4285088085-1001", "EventData.AppPackageFamilyName": "Microsoft.Office.OneNote_8wekyb3d8bbwe", "EventData.HResult": "0x00000000", "EventData.SettingName": "Microphone", "EventData.Migrated": "False"}
{"EventID": "1012", "Channel": "Microsoft-Windows-Privacy-Auditing/Operational", "Provider_Name": "Microsoft-Windows-Privacy-Auditing", "Computer": "DESKTOP-OFJ6N53", "TimeCreated": "2022-02-24 12:26:09.005674+00:00", "RecordID": "154", "Level": "4", "UserID": "S-1-5-18", "EventData.NewConsentValue": "Allow", "EventData.TargetUserSid": "S-1-5-21-963789628-1060504924-4285088085-1001", "EventData.AppPackageFamilyName": "Microsoft.Office.OneNote_8wekyb3d8bbwe", "EventData.HResult": "0x00000000", "EventData.SettingName": "cellularData", "EventData.Migrated": "False"}
{"EventID": "1012", "Channel": "Microsoft-Windows-Privacy-Auditing/Operational", "Provider_Name": "Microsoft-Windows-Privacy-Auditing", "Computer": "DESKTOP-OFJ6N53", "TimeCreated": "2022-02-24 12:26:09.014587+00:00", "RecordID": "155", "Level": "4", "UserID": "S-1-5-18", "EventData.NewConsentValue": "Allow", "EventData.TargetUserSid": "S-1-5-21-963789628-1060504924-4285088085-1001", "EventData.AppPackageFamilyName": "Microsoft.Office.OneNote_8wekyb3d8bbwe", "EventData.HResult": "0x00000000", "EventData.SettingName": "wifiData", "EventData.Migrated": "False"}
{"EventID": "1012", "Channel": "Microsoft-Windows-Privacy-Auditing/Operational", "Provider_Name": "Microsoft-Windows-Privacy-Auditing", "Computer": "DESKTOP-OFJ6N53", "TimeCreated": "2022-02-24 12:26:10.676155+00:00", "RecordID": "156", "Level": "4", "UserID": "S-1-5-18", "EventData.NewConsentValue": "Allow", "EventData.TargetUserSid": "S-1-5-21-963789628-1060504924-4285088085-1001", "EventData.AppPackageFamilyName": "Microsoft.MSPaint_8wekyb3d8bbwe", "EventData.HResult": "0x00000000", "EventData.SettingName": "picturesLibrary", "EventData.Migrated": "False"}
{"EventID": "1012", "Channel": "Microsoft-Windows-Privacy-Auditing/Operational", "Provider_Name": "Microsoft-Windows-Privacy-Auditing", "Computer": "DESKTOP-OFJ6N53", "TimeCreated": "2022-02-24 12:26:10.686068+00:00", "RecordID": "157", "Level": "4", "UserID": "S-1-5-18", "EventData.NewConsentValue": "Allow", "EventData.TargetUserSid": "S-1-5-21-963789628-1060504924-4285088085-1001", "EventData.AppPackageFamilyName": "Microsoft.MSPaint_8wekyb3d8bbwe", "EventData.HResult": "0x00000000", "EventData.SettingName": "cellularData", "EventData.Migrated": "False"}
{"EventID": "1012", "Channel": "Microsoft-Windows-Privacy-Auditing/Operational", "Provider_Name": "Microsoft-Windows-Privacy-Auditing", "Computer": "DESKTOP-OFJ6N53", "TimeCreated": "2022-02-24 12:26:10.694349+00:00", "RecordID": "158", "Level": "4", "UserID": "S-1-5-18", "EventData.NewConsentValue": "Allow", "EventData.TargetUserSid": "S-1-5-21-963789628-1060504924-4285088085-1001", "EventData.AppPackageFamilyName": "Microsoft.MSPaint_8wekyb3d8bbwe", "EventData.HResult": "0x00000000", "EventData.SettingName": "wifiData", "EventData.Migrated": "False"}
{"EventID": "1012", "Channel": "Microsoft-Windows-Privacy-Auditing/Operational", "Provider_Name": "Microsoft-Windows-Privacy-Auditing", "Computer": "DESKTOP-OFJ6N53", "TimeCreated": "2022-02-24 12:26:11.997656+00:00", "RecordID": "159", "Level": "4", "UserID": "S-1-5-18", "EventData.NewConsentValue": "Allow", "EventData.TargetUserSid": "S-1-5-21-963789628-1060504924-4285088085-1001", "EventData.AppPackageFamilyName": "Microsoft.MixedReality.Portal_8wekyb3d8bbwe", "EventData.HResult": "0x00000000", "EventData.SettingName": "microphone", "EventData.Migrated": "False"}
{"EventID": "1012", "Channel": "Microsoft-Windows-Privacy-Auditing/Operational", "Provider_Name": "Microsoft-Windows-Privacy-Auditing", "Computer": "DESKTOP-OFJ6N53", "TimeCreated": "2022-02-24 12:26:13.482304+00:00", "RecordID": "160", "Level": "4", "UserID": "S-1-5-18", "EventData.NewConsentValue": "Allow", "EventData.TargetUserSid": "S-1-5-21-963789628-1060504924-4285088085-1001", "EventData.AppPackageFamilyName": "Microsoft.MicrosoftStickyNotes_8wekyb3d8bbwe", "EventData.HResult": "0x00000000", "EventData.SettingName": "cellularData", "EventData.Migrated": "False"}
{"EventID": "1012", "Channel": "Microsoft-Windows-Privacy-Auditing/Operational", "Provider_Name": "Microsoft-Windows-Privacy-Auditing", "Computer": "DESKTOP-OFJ6N53", "TimeCreated": "2022-02-24 12:26:13.490782+00:00", "RecordID": "161", "Level": "4", "UserID": "S-1-5-18", "EventData.NewConsentValue": "Allow", "EventData.TargetUserSid": "S-1-5-21-963789628-1060504924-4285088085-1001", "EventData.AppPackageFamilyName": "Microsoft.MicrosoftStickyNotes_8wekyb3d8bbwe", "EventData.HResult": "0x00000000", "EventData.SettingName": "wifiData", "EventData.Migrated": "False"}
{"EventID": "1012", "Channel": "Microsoft-Windows-Privacy-Auditing/Operational", "Provider_Name": "Microsoft-Windows-Privacy-Auditing", "Computer": "DESKTOP-OFJ6N53", "TimeCreated": "2022-02-24 12:26:14.745211+00:00", "RecordID": "162", "Level": "4", "UserID": "S-1-5-18", "EventData.NewConsentValue": "Allow", "EventData.TargetUserSid": "S-1-5-21-963789628-1060504924-4285088085-1001", "EventData.AppPackageFamilyName": "Microsoft.MicrosoftSolitaireCollection_8wekyb3d8bbwe", "EventData.HResult": "0x00000000", "EventData.SettingName": "cellularData", "EventData.Migrated": "False"}
{"EventID": "1012", "Channel": "Microsoft-Windows-Privacy-Auditing/Operational", "Provider_Name": "Microsoft-Windows-Privacy-Auditing", "Computer": "DESKTOP-OFJ6N53", "TimeCreated": "2022-02-24 12:26:14.754770+00:00", "RecordID": "163", "Level": "4", "UserID": "S-1-5-18", "EventData.NewConsentValue": "Allow", "EventData.TargetUserSid": "S-1-5-21-963789628-1060504924-4285088085-1001", "EventData.AppPackageFamilyName": "Microsoft.MicrosoftSolitaireCollection_8wekyb3d8bbwe", "EventData.HResult": "0x00000000", "EventData.SettingName": "wifiData", "EventData.Migrated": "False"}
{"EventID": "1012", "Channel": "Microsoft-Windows-Privacy-Auditing/Operational", "Provider_Name": "Microsoft-Windows-Privacy-Auditing", "Computer": "DESKTOP-OFJ6N53", "TimeCreated": "2022-02-24 12:26:19.699938+00:00", "RecordID": "164", "Level": "4", "UserID": "S-1-5-18", "EventData.NewConsentValue": "Allow", "EventData.TargetUserSid": "S-1-5-21-963789628-1060504924-4285088085-1001", "EventData.AppPackageFamilyName": "Microsoft.Microsoft3DViewer_8wekyb3d8bbwe", "EventData.HResult": "0x00000000", "EventData.SettingName": "location", "EventData.Migrated": "False"}
{"EventID": "1012", "Channel": "Microsoft-Windows-Privacy-Auditing/Operational", "Provider_Name": "Microsoft-Windows-Privacy-Auditing", "Computer": "DESKTOP-OFJ6N53", "TimeCreated": "2022-02-24 12:26:19.701845+00:00", "RecordID": "165", "Level": "4", "UserID": "S-1-5-18", "EventData.NewConsentValue": "Allow", "EventData.TargetUserSid": "S-1-5-21-963789628-1060504924-4285088085-1001", "EventData.AppPackageFamilyName": "Microsoft.Microsoft3DViewer_8wekyb3d8bbwe", "EventData.HResult": "0x00000000", "EventData.SettingName": "microphone", "EventData.Migrated": "False"}
{"EventID": "1012", "Channel": "Microsoft-Windows-Privacy-Auditing/Operational", "Provider_Name": "Microsoft-Windows-Privacy-Auditing", "Computer": "DESKTOP-OFJ6N53", "TimeCreated": "2022-02-24 12:26:19.703037+00:00", "RecordID": "166", "Level": "4", "UserID": "S-1-5-18", "EventData.NewConsentValue": "Allow", "EventData.TargetUserSid": "S-1-5-21-963789628-1060504924-4285088085-1001", "EventData.AppPackageFamilyName": "Microsoft.Microsoft3DViewer_8wekyb3d8bbwe", "EventData.HResult": "0x00000000", "EventData.SettingName": "webcam", "EventData.Migrated": "False"}
{"EventID": "1012", "Channel": "Microsoft-Windows-Privacy-Auditing/Operational", "Provider_Name": "Microsoft-Windows-Privacy-Auditing", "Computer": "DESKTOP-OFJ6N53", "TimeCreated": "2022-02-24 12:26:24.458511+00:00", "RecordID": "167", "Level": "4", "UserID": "S-1-5-18", "EventData.NewConsentValue": "Allow", "EventData.TargetUserSid": "S-1-5-21-963789628-1060504924-4285088085-1001", "EventData.AppPackageFamilyName": "Microsoft.GetHelp_8wekyb3d8bbwe", "EventData.HResult": "0x00000000", "EventData.SettingName": "cellularData", "EventData.Migrated": "False"}
{"EventID": "1012", "Channel": "Microsoft-Windows-Privacy-Auditing/Operational", "Provider_Name": "Microsoft-Windows-Privacy-Auditing", "Computer": "DESKTOP-OFJ6N53", "TimeCreated": "2022-02-24 12:26:24.467083+00:00", "RecordID": "168", "Level": "4", "UserID": "S-1-5-18", "EventData.NewConsentValue": "Allow", "EventData.TargetUserSid": "S-1-5-21-963789628-1060504924-4285088085-1001", "EventData.AppPackageFamilyName": "Microsoft.GetHelp_8wekyb3d8bbwe", "EventData.HResult": "0x00000000", "EventData.SettingName": "wifiData", "EventData.Migrated": "False"}
{"EventID": "1012", "Channel": "Microsoft-Windows-Privacy-Auditing/Operational", "Provider_Name": "Microsoft-Windows-Privacy-Auditing", "Computer": "DESKTOP-OFJ6N53", "TimeCreated": "2022-02-24 12:26:25.866720+00:00", "RecordID": "169", "Level": "4", "UserID": "S-1-5-18", "EventData.NewConsentValue": "Prompt", "EventData.TargetUserSid": "S-1-5-21-963789628-1060504924-4285088085-1001", "EventData.AppPackageFamilyName": "Microsoft.BingWeather_8wekyb3d8bbwe", "EventData.HResult": "0x00000000", "EventData.SettingName": "location", "EventData.Migrated": "False"}
{"EventID": "1012", "Channel": "Microsoft-Windows-Privacy-Auditing/Operational", "Provider_Name": "Microsoft-Windows-Privacy-Auditing", "Computer": "DESKTOP-OFJ6N53", "TimeCreated": "2022-02-24 12:26:25.876270+00:00", "RecordID": "170", "Level": "4", "UserID": "S-1-5-18", "EventData.NewConsentValue": "Allow", "EventData.TargetUserSid": "S-1-5-21-963789628-1060504924-4285088085-1001", "EventData.AppPackageFamilyName": "Microsoft.BingWeather_8wekyb3d8bbwe", "EventData.HResult": "0x00000000", "EventData.SettingName": "cellularData", "EventData.Migrated": "False"}
{"EventID": "1012", "Channel": "Microsoft-Windows-Privacy-Auditing/Operational", "Provider_Name": "Microsoft-Windows-Privacy-Auditing", "Computer": "DESKTOP-OFJ6N53", "TimeCreated": "2022-02-24 12:26:25.885384+00:00", "RecordID": "171", "Level": "4", "UserID": "S-1-5-18", "EventData.NewConsentValue": "Allow", "EventData.TargetUserSid": "S-1-5-21-963789628-1060504924-4285088085-1001", "EventData.AppPackageFamilyName": "Microsoft.BingWeather_8wekyb3d8bbwe", "EventData.HResult": "0x00000000", "EventData.SettingName": "wifiData", "EventData.Migrated": "False"}
{"EventID": "1008", "Channel": "Microsoft-Windows-Privacy-Auditing/Operational", "Provider_Name": "Microsoft-Windows-Privacy-Auditing", "Computer": "DESKTOP-OFJ6N53", "TimeCreated": "2022-02-24 13:09:55.911213+00:00", "RecordID": "172", "Level": "4", "UserID": "S-1-5-18", "EventData.NewConsentValue": "Allow", "EventData.TargetUserSid": "S-1-5-21-963789628-1060504924-4285088085-1001", "EventData.ConsentID": null, "EventData.AppPackageFamilyName": "NULL", "EventData.HResult": "0x00000000", "EventData.SettingName": "activity", "EventData.Migrated": "False", "EventData.Suppressed": "False"}
