{"EventID": "216", "Channel": "Microsoft-Windows-AppxPackaging/Operational", "Provider_Name": "Microsoft-Windows-AppxPackagingOM", "Computer": "DESKTOP-OFJ6N53", "TimeCreated": "2025-08-16 15:10:34.510506+00:00", "RecordID": "68107", "Level": "3", "UserID": "S-1-5-18", "EventData.namespace": "http://schemas.microsoft.com/developer/appx/2015/build"}
{"EventID": "216", "Channel": "Microsoft-Windows-AppxPackaging/Operational", "Provider_Name": "Microsoft-Windows-AppxPackagingOM", "Computer": "DESKTOP-OFJ6N53", "TimeCreated": "2025-08-16 15:10:35.687199+00:00", "RecordID": "68108", "Level": "3", "UserID": "S-1-5-18", "EventData.namespace": "http://schemas.microsoft.com/appx/manifest/iot/windows10"}
{"EventID": "216", "Channel": "Microsoft-Windows-AppxPackaging/Operational", "Provider_Name": "Microsoft-Windows-AppxPackagingOM", "Computer": "DESKTOP-OFJ6N53", "TimeCreated": "2025-08-16 15:10:35.687231+00:00", "RecordID": "68109", "Level": "3", "UserID": "S-1-5-18", "EventData.namespace": "http://schemas.microsoft.com/appx/manifest/mobile/windows10"}
{"EventID": "216", "Channel": "Microsoft-Windows-AppxPackaging/Operational", "Provider_Name": "Microsoft-Windows-AppxPackagingOM", "Computer": "DESKTOP-OFJ6N53", "TimeCreated": "2025-08-16 15:10:36.180794+00:00", "RecordID": "68110", "Level": "3", "UserID": "S-1-5-18", "EventData.namespace": "http://schemas.microsoft.com/appx/manifest/iot/windows10"}
{"EventID": "216", "Channel": "Microsoft-Windows-AppxPackaging/Operational", "Provider_Name": "Microsoft-Windows-AppxPackagingOM", "Computer": "DESKTOP-OFJ6N53", "TimeCreated": "2025-08-16 15:10:36.180803+00:00", "RecordID": "68111", "Level": "3", "UserID": "S-1-5-18", "EventData.namespace": "http://schemas.microsoft.com/appx/manifest/mobile/windows10"}
{"EventID": "216", "Channel": "Microsoft-Windows-AppxPackaging/Operational", "Provider_Name": "Microsoft-Windows-AppxPackagingOM", "Computer": "DESKTOP-OFJ6N53", "TimeCreated": "2025-08-16 15:10:37.009117+00:00", "RecordID": "68112", "Level": "3", "UserID": "S-1-5-18", "EventData.namespace": "http://schemas.microsoft.com/developer/appx/2015/build"}
{"EventID": "216", "Channel": "Microsoft-Windows-AppxPackaging/Operational", "Provider_Name": "Microsoft-Windows-AppxPackagingOM", "Computer": "DESKTOP-OFJ6N53", "TimeCreated": "2025-08-16 15:10:37.466717+00:00", "RecordID": "68113", "Level": "3", "UserID": "S-1-5-18", "EventData.namespace": "http://schemas.microsoft.com/developer/appx/2015/build"}
{"EventID": "216", "Channel": "Microsoft-Windows-AppxPackaging/Operational", "Provider_Name": "Microsoft-Windows-AppxPackagingOM", "Computer": "DESKTOP-OFJ6N53", "TimeCreated": "2025-08-16 15:10:38.793507+00:00", "RecordID": "68114", "Level": "3", "UserID": "S-1-5-18", "EventData.namespace": "http://schemas.microsoft.com/developer/appx/2015/build"}
{"EventID": "216", "Channel": "Microsoft-Windows-AppxPackaging/Operational", "Provider_Name": "Microsoft-Windows-AppxPackagingOM", "Computer": "DESKTOP-OFJ6N53", "TimeCreated": "2025-08-16 15:10:39.227089+00:00", "RecordID": "68115", "Level": "3", "UserID": "S-1-5-18", "EventData.namespace": "http://schemas.microsoft.com/developer/appx/2015/build"}
{"EventID": "216", "Channel": "Microsoft-Windows-AppxPackaging/Operational", "Provider_Name": "Microsoft-Windows-AppxPackagingOM", "Computer": "DESKTOP-OFJ6N53", "TimeCreated": "2025-08-16 15:10:42.083754+00:00", "RecordID": "68116", "Level": "3", "UserID": "S-1-5-18", "EventData.namespace": "http://schemas.microsoft.com/developer/appx/2015/build"}
{"EventID": "216", "Channel": "Microsoft-Windows-AppxPackaging/Operational", "Provider_Name": "Microsoft-Windows-AppxPackagingOM", "Computer": "DESKTOP-OFJ6N53", "TimeCreated": "2025-08-16 15:10:42.590246+00:00", "RecordID": "68117", "Level": "3", "UserID": "S-1-5-18", "EventData.namespace": "http://schemas.microsoft.com/developer/appx/2015/build"}
{"EventID": "216", "Channel": "Microsoft-Windows-AppxPackaging/Operational", "Provider_Name": "Microsoft-Windows-AppxPackagingOM", "Computer": "DESKTOP-OFJ6N53", "TimeCreated": "2025-08-16 15:10:44.116371+00:00", "RecordID": "68118", "Level": "3", "UserID": "S-1-5-18", "EventData.namespace": "http://schemas.microsoft.com/developer/appx/2015/build"}
{"EventID": "216", "Channel": "Microsoft-Windows-AppxPackaging/Operational", "Provider_Name": "Microsoft-Windows-AppxPackagingOM", "Computer": "DESKTOP-OFJ6N53", "TimeCreated": "2025-08-16 15:10:44.693937+00:00", "RecordID": "68119", "Level": "3", "UserID": "S-1-5-18", "EventData.namespace": "http://schemas.microsoft.com/developer/appx/2015/build"}
{"EventID": "216", "Channel": "Microsoft-Windows-AppxPackaging/Operational", "Provider_Name": "Microsoft-Windows-AppxPackagingOM", "Computer": "DESKTOP-OFJ6N53", "TimeCreated": "2025-08-16 15:10:46.406004+00:00", "RecordID": "68120", "Level": "3", "UserID": "S-1-5-18", "EventData.namespace": "http://schemas.microsoft.com/appx/manifest/virtualization/windows10"}
{"EventID": "216", "Channel": "Microsoft-Windows-AppxPackaging/Operational", "Provider_Name": "Microsoft-Windows-AppxPackagingOM", "Computer": "DESKTOP-OFJ6N53", "TimeCreated": "2025-08-16 15:10:47.110659+00:00", "RecordID": "68121", "Level": "3", "UserID": "S-1-5-18", "EventData.namespace": "http://schemas.microsoft.com/appx/manifest/virtualization/windows10"}
{"EventID": "216", "Channel": "Microsoft-Windows-AppxPackaging/Operational", "Provider_Name": "Microsoft-Windows-AppxPackagingOM", "Computer": "DESKTOP-OFJ6N53", "TimeCreated": "2025-08-16 15:10:48.372042+00:00", "RecordID": "68122", "Level": "3", "UserID": "S-1-5-18", "EventData.namespace": "http://schemas.microsoft.com/developer/appx/2015/build"}
{"EventID": "216", "Channel": "Microsoft-Windows-AppxPackaging/Operational", "Provider_Name": "Microsoft-Windows-AppxPackagingOM", "Computer": "DESKTOP-OFJ6N53", "TimeCreated": "2025-08-16 15:10:48.881117+00:00", "RecordID": "68123", "Level": "3", "UserID": "S-1-5-18", "EventData.namespace": "http://schemas.microsoft.com/developer/appx/2015/build"}
{"EventID": "216", "Channel": "Microsoft-Windows-AppxPackaging/Operational", "Provider_Name": "Microsoft-Windows-AppxPackagingOM", "Computer": "DESKTOP-OFJ6N53", "TimeCreated": "2025-08-16 15:10:49.587412+00:00", "RecordID": "68124", "Level": "3", "UserID": "S-1-5-18", "EventData.namespace": "http://schemas.microsoft.com/developer/appx/2015/build"}
{"EventID": "216", "Channel": "Microsoft-Windows-AppxPackaging/Operational", "Provider_Name": "Microsoft-Windows-AppxPackagingOM", "Computer": "DESKTOP-OFJ6N53", "TimeCreated": "2025-08-16 15:10:50.178867+00:00", "RecordID": "68125", "Level": "3", "UserID": "S-1-5-18", "EventData.namespace": "http://schemas.microsoft.com/developer/appx/2015/build"}
{"EventID": "216", "Channel": "Microsoft-Windows-AppxPackaging/Operational", "Provider_Name": "Microsoft-Windows-AppxPackagingOM", "Computer": "DESKTOP-OFJ6N53", "TimeCreated": "2025-08-16 15:10:51.524454+00:00", "RecordID": "68126", "Level": "3", "UserID": "S-1-5-18", "EventData.namespace": "http://schemas.microsoft.com/developer/appx/2015/build"}
{"EventID": "216", "Channel": "Microsoft-Windows-AppxPackaging/Operational", "Provider_Name": "Microsoft-Windows-AppxPackagingOM", "Computer": "DESKTOP-OFJ6N53", "TimeCreated": "2025-08-16 15:10:51.524477+00:00", "RecordID": "68127", "Level": "3", "UserID": "S-1-5-18", "EventData.namespace": "http://schemas.microsoft.com/appx/manifest/desktop/windows10/9"}
{"EventID": "216", "Channel": "Microsoft-Windows-AppxPackaging/Operational", "Provider_Name": "Microsoft-Windows-AppxPackagingOM", "Computer": "DESKTOP-OFJ6N53", "TimeCreated": "2025-08-16 15:10:52.190714+00:00", "RecordID": "68128", "Level": "3", "UserID": "S-1-5-18", "EventData.namespace": "http://schemas.microsoft.com/developer/appx/2015/build"}
{"EventID": "216", "Channel": "Microsoft-Windows-AppxPackaging/Operational", "Provider_Name": "Microsoft-Windows-AppxPackagingOM", "Computer": "DESKTOP-OFJ6N53", "TimeCreated": "2025-08-16 15:10:52.190742+00:00", "RecordID": "68129", "Level": "3", "UserID": "S-1-5-18", "EventData.namespace": "http://schemas.microsoft.com/appx/manifest/desktop/windows10/9"}
{"EventID": "216", "Channel": "Microsoft-Windows-AppxPackaging/Operational", "Provider_Name": "Microsoft-Windows-AppxPackagingOM", "Computer": "DESKTOP-OFJ6N53", "TimeCreated": "2025-08-16 15:10:53.185539+00:00", "RecordID": "68130", "Level": "3", "UserID": "S-1-5-18", "EventData.namespace": "http://schemas.microsoft.com/developer/appx/2015/build"}
{"EventID": "216", "Channel": "Microsoft-Windows-AppxPackaging/Operational", "Provider_Name": "Microsoft-Windows-AppxPackagingOM", "Computer": "DESKTOP-OFJ6N53", "TimeCreated": "2025-08-16 15:10:53.586180+00:00", "RecordID": "68131", "Level": "3", "UserID": "S-1-5-18", "EventData.namespace": "http://schemas.microsoft.com/developer/appx/2015/build"}
{"EventID": "216", "Channel": "Microsoft-Windows-AppxPackaging/Operational", "Provider_Name": "Microsoft-Windows-AppxPackagingOM", "Computer": "DESKTOP-OFJ6N53", "TimeCreated": "2025-08-16 15:10:54.683596+00:00", "RecordID": "68132", "Level": "3", "UserID": "S-1-5-18", "EventData.namespace": "http://schemas.microsoft.com/developer/appx/2015/build"}
{"EventID": "216", "Channel": "Microsoft-Windows-AppxPackaging/Operational", "Provider_Name": "Microsoft-Windows-AppxPackagingOM", "Computer": "DESKTOP-OFJ6N53", "TimeCreated": "2025-08-16 15:10:55.053898+00:00", "RecordID": "68133", "Level": "3", "UserID": "S-1-5-18", "EventData.namespace": "http://schemas.microsoft.com/developer/appx/2015/build"}
{"EventID": "216", "Channel": "Microsoft-Windows-AppxPackaging/Operational", "Provider_Name": "Microsoft-Windows-AppxPackagingOM", "Computer": "DESKTOP-OFJ6N53", "TimeCreated": "2025-08-16 15:10:56.379087+00:00", "RecordID": "68134", "Level": "3", "UserID": "S-1-5-18", "EventData.namespace": "http://schemas.microsoft.com/appx/manifest/uap/windows10/17"}
{"EventID": "216", "Channel": "Microsoft-Windows-AppxPackaging/Operational", "Provider_Name": "Microsoft-Windows-AppxPackagingOM", "Computer": "DESKTOP-OFJ6N53", "TimeCreated": "2025-08-16 15:10:56.806847+00:00", "RecordID": "68135", "Level": "3", "UserID": "S-1-5-18", "EventData.namespace": "http://schemas.microsoft.com/appx/manifest/uap/windows10/17"}
{"EventID": "216", "Channel": "Microsoft-Windows-AppxPackaging/Operational", "Provider_Name": "Microsoft-Windows-AppxPackagingOM", "Computer": "DESKTOP-OFJ6N53", "TimeCreated": "2025-08-16 15:10:58.184570+00:00", "RecordID": "68136", "Level": "3", "UserID": "S-1-5-18", "EventData.namespace": "http://schemas.microsoft.com/developer/appx/2015/build"}
{"EventID": "216", "Channel": "Microsoft-Windows-AppxPackaging/Operational", "Provider_Name": "Microsoft-Windows-AppxPackagingOM", "Computer": "DESKTOP-OFJ6N53", "TimeCreated": "2025-08-16 15:10:58.184584+00:00", "RecordID": "68137", "Level": "3", "UserID": "S-1-5-18", "EventData.namespace": "http://schemas.microsoft.com/appx/manifest/desktop/windows10/11"}
{"EventID": "216", "Channel": "Microsoft-Windows-AppxPackaging/Operational", "Provider_Name": "Microsoft-Windows-AppxPackagingOM", "Computer": "DESKTOP-OFJ6N53", "TimeCreated": "2025-08-16 15:10:58.792479+00:00", "RecordID": "68138", "Level": "3", "UserID": "S-1-5-18", "EventData.namespace": "http://schemas.microsoft.com/developer/appx/2015/build"}
{"EventID": "216", "Channel": "Microsoft-Windows-AppxPackaging/Operational", "Provider_Name": "Microsoft-Windows-AppxPackagingOM", "Computer": "DESKTOP-OFJ6N53", "TimeCreated": "2025-08-16 15:10:58.792521+00:00", "RecordID": "68139", "Level": "3", "UserID": "S-1-5-18", "EventData.namespace": "http://schemas.microsoft.com/appx/manifest/desktop/windows10/11"}
{"EventID": "216", "Channel": "Microsoft-Windows-AppxPackaging/Operational", "Provider_Name": "Microsoft-Windows-AppxPackagingOM", "Computer": "DESKTOP-OFJ6N53", "TimeCreated": "2025-08-16 15:10:59.937094+00:00", "RecordID": "68140", "Level": "3", "UserID": "S-1-5-18", "EventData.namespace": "http://schemas.microsoft.com/developer/appx/2015/build"}
{"EventID": "216", "Channel": "Microsoft-Windows-AppxPackaging/Operational", "Provider_Name": "Microsoft-Windows-AppxPackagingOM", "Computer": "DESKTOP-OFJ6N53", "TimeCreated": "2025-08-16 15:11:00.475788+00:00", "RecordID": "68141", "Level": "3", "UserID": "S-1-5-18", "EventData.namespace": "http://schemas.microsoft.com/developer/appx/2015/build"}
{"EventID": "216", "Channel": "Microsoft-Windows-AppxPackaging/Operational", "Provider_Name": "Microsoft-Windows-AppxPackagingOM", "Computer": "DESKTOP-OFJ6N53", "TimeCreated": "2025-08-16 15:11:03.445261+00:00", "RecordID": "68142", "Level": "3", "UserID": "S-1-5-18", "EventData.namespace": "http://schemas.microsoft.com/developer/appx/2015/build"}
{"EventID": "216", "Channel": "Microsoft-Windows-AppxPackaging/Operational", "Provider_Name": "Microsoft-Windows-AppxPackagingOM", "Computer": "DESKTOP-OFJ6N53", "TimeCreated": "2025-08-16 15:11:04.405722+00:00", "RecordID": "68143", "Level": "3", "UserID": "S-1-5-18", "EventData.namespace": "http://schemas.microsoft.com/developer/appx/2015/build"}
{"EventID": "216", "Channel": "Microsoft-Windows-AppxPackaging/Operational", "Provider_Name": "Microsoft-Windows-AppxPackagingOM", "Computer": "DESKTOP-OFJ6N53", "TimeCreated": "2025-08-16 15:11:06.142982+00:00", "RecordID": "68144", "Level": "3", "UserID": "S-1-5-18", "EventData.namespace": "http://schemas.microsoft.com/developer/appx/2015/build"}
{"EventID": "216", "Channel": "Microsoft-Windows-AppxPackaging/Operational", "Provider_Name": "Microsoft-Windows-AppxPackagingOM", "Computer": "DESKTOP-OFJ6N53", "TimeCreated": "2025-08-16 15:11:06.874559+00:00", "RecordID": "68145", "Level": "3", "UserID": "S-1-5-18", "EventData.namespace": "http://schemas.microsoft.com/developer/appx/2015/build"}
{"EventID": "216", "Channel": "Microsoft-Windows-AppxPackaging/Operational", "Provider_Name": "Microsoft-Windows-AppxPackagingOM", "Computer": "DESKTOP-OFJ6N53", "TimeCreated": "2025-08-16 15:11:08.540335+00:00", "RecordID": "68146", "Level": "3", "UserID": "S-1-5-18", "EventData.namespace": "http://schemas.microsoft.com/developer/appx/2015/build"}
{"EventID": "216", "Channel": "Microsoft-Windows-AppxPackaging/Operational", "Provider_Name": "Microsoft-Windows-AppxPackagingOM", "Computer": "DESKTOP-OFJ6N53", "TimeCreated": "2025-08-16 15:11:08.986666+00:00", "RecordID": "68147", "Level": "3", "UserID": "S-1-5-18", "EventData.namespace": "http://schemas.microsoft.com/developer/appx/2015/build"}
{"EventID": "216", "Channel": "Microsoft-Windows-AppxPackaging/Operational", "Provider_Name": "Microsoft-Windows-AppxPackagingOM", "Computer": "DESKTOP-OFJ6N53", "TimeCreated": "2025-08-16 15:11:10.252529+00:00", "RecordID": "68148", "Level": "3", "UserID": "S-1-5-18", "EventData.namespace": "http://schemas.microsoft.com/developer/appx/2015/build"}
{"EventID": "216", "Channel": "Microsoft-Windows-AppxPackaging/Operational", "Provider_Name": "Microsoft-Windows-AppxPackagingOM", "Computer": "DESKTOP-OFJ6N53", "TimeCreated": "2025-08-16 15:11:10.252573+00:00", "RecordID": "68149", "Level": "3", "UserID": "S-1-5-18", "EventData.namespace": "http://schemas.microsoft.com/appx/manifest/uap/windows10/13"}
{"EventID": "216", "Channel": "Microsoft-Windows-AppxPackaging/Operational", "Provider_Name": "Microsoft-Windows-AppxPackagingOM", "Computer": "DESKTOP-OFJ6N53", "TimeCreated": "2025-08-16 15:11:10.252588+00:00", "RecordID": "68150", "Level": "3", "UserID": "S-1-5-18", "EventData.namespace": "http://schemas.microsoft.com/appx/manifest/virtualization/windows10"}
{"EventID": "216", "Channel": "Microsoft-Windows-AppxPackaging/Operational", "Provider_Name": "Microsoft-Windows-AppxPackagingOM", "Computer": "DESKTOP-OFJ6N53", "TimeCreated": "2025-08-16 15:11:11.097570+00:00", "RecordID": "68151", "Level": "3", "UserID": "S-1-5-18", "EventData.namespace": "http://schemas.microsoft.com/developer/appx/2015/build"}
{"EventID": "216", "Channel": "Microsoft-Windows-AppxPackaging/Operational", "Provider_Name": "Microsoft-Windows-AppxPackagingOM", "Computer": "DESKTOP-OFJ6N53", "TimeCreated": "2025-08-16 15:11:11.097597+00:00", "RecordID": "68152", "Level": "3", "UserID": "S-1-5-18", "EventData.namespace": "http://schemas.microsoft.com/appx/manifest/uap/windows10/13"}
{"EventID": "216", "Channel": "Microsoft-Windows-AppxPackaging/Operational", "Provider_Name": "Microsoft-Windows-AppxPackagingOM", "Computer": "DESKTOP-OFJ6N53", "TimeCreated": "2025-08-16 15:11:11.097609+00:00", "RecordID": "68153", "Level": "3", "UserID": "S-1-5-18", "EventData.namespace": "http://schemas.microsoft.com/appx/manifest/virtualization/windows10"}
{"EventID": "216", "Channel": "Microsoft-Windows-AppxPackaging/Operational", "Provider_Name": "Microsoft-Windows-AppxPackagingOM", "Computer": "DESKTOP-OFJ6N53", "TimeCreated": "2025-08-16 15:11:13.543989+00:00", "RecordID": "68154", "Level": "3", "UserID": "S-1-5-18", "EventData.namespace": "http://schemas.microsoft.com/developer/appx/2015/build"}
{"EventID": "216", "Channel": "Microsoft-Windows-AppxPackaging/Operational", "Provider_Name": "Microsoft-Windows-AppxPackagingOM", "Computer": "DESKTOP-OFJ6N53", "TimeCreated": "2025-08-16 15:11:14.016891+00:00", "RecordID": "68155", "Level": "3", "UserID": "S-1-5-18", "EventData.namespace": "http://schemas.microsoft.com/developer/appx/2015/build"}
{"EventID": "216", "Channel": "Microsoft-Windows-AppxPackaging/Operational", "Provider_Name": "Microsoft-Windows-AppxPackagingOM", "Computer": "DESKTOP-OFJ6N53", "TimeCreated": "2025-08-16 15:11:15.163383+00:00", "RecordID": "68156", "Level": "3", "UserID": "S-1-5-18", "EventData.namespace": "http://schemas.microsoft.com/developer/appx/2015/build"}
{"EventID": "216", "Channel": "Microsoft-Windows-AppxPackaging/Operational", "Provider_Name": "Microsoft-Windows-AppxPackagingOM", "Computer": "DESKTOP-OFJ6N53", "TimeCreated": "2025-08-16 15:11:15.688192+00:00", "RecordID": "68157", "Level": "3", "UserID": "S-1-5-18", "EventData.namespace": "http://schemas.microsoft.com/developer/appx/2015/build"}
{"EventID": "216", "Channel": "Microsoft-Windows-AppxPackaging/Operational", "Provider_Name": "Microsoft-Windows-AppxPackagingOM", "Computer": "DESKTOP-OFJ6N53", "TimeCreated": "2025-08-16 15:11:16.614069+00:00", "RecordID": "68158", "Level": "3", "UserID": "S-1-5-18", "EventData.namespace": "http://schemas.microsoft.com/developer/appx/2015/build"}
{"EventID": "216", "Channel": "Microsoft-Windows-AppxPackaging/Operational", "Provider_Name": "Microsoft-Windows-AppxPackagingOM", "Computer": "DESKTOP-OFJ6N53", "TimeCreated": "2025-08-16 15:11:16.614119+00:00", "RecordID": "68159", "Level": "3", "UserID": "S-1-5-18", "EventData.namespace": "http://schemas.microsoft.com/appx/manifest/virtualization/windows10"}
{"EventID": "216", "Channel": "Microsoft-Windows-AppxPackaging/Operational", "Provider_Name": "Microsoft-Windows-AppxPackagingOM", "Computer": "DESKTOP-OFJ6N53", "TimeCreated": "2025-08-16 15:11:17.273180+00:00", "RecordID": "68160", "Level": "3", "UserID": "S-1-5-18", "EventData.namespace": "http://schemas.microsoft.com/developer/appx/2015/build"}
{"EventID": "216", "Channel": "Microsoft-Windows-AppxPackaging/Operational", "Provider_Name": "Microsoft-Windows-AppxPackagingOM", "Computer": "DESKTOP-OFJ6N53", "TimeCreated": "2025-08-16 15:11:17.273214+00:00", "RecordID": "68161", "Level": "3", "UserID": "S-1-5-18", "EventData.namespace": "http://schemas.microsoft.com/appx/manifest/virtualization/windows10"}
{"EventID": "216", "Channel": "Microsoft-Windows-AppxPackaging/Operational", "Provider_Name": "Microsoft-Windows-AppxPackagingOM", "Computer": "DESKTOP-OFJ6N53", "TimeCreated": "2025-08-16 15:11:18.984310+00:00", "RecordID": "68162", "Level": "3", "UserID": "S-1-5-18", "EventData.namespace": "http://schemas.microsoft.com/developer/appx/2015/build"}
{"EventID": "216", "Channel": "Microsoft-Windows-AppxPackaging/Operational", "Provider_Name": "Microsoft-Windows-AppxPackagingOM", "Computer": "DESKTOP-OFJ6N53", "TimeCreated": "2025-08-16 15:11:19.659571+00:00", "RecordID": "68163", "Level": "3", "UserID": "S-1-5-18", "EventData.namespace": "http://schemas.microsoft.com/developer/appx/2015/build"}
{"EventID": "216", "Channel": "Microsoft-Windows-AppxPackaging/Operational", "Provider_Name": "Microsoft-Windows-AppxPackagingOM", "Computer": "DESKTOP-OFJ6N53", "TimeCreated": "2025-08-16 15:11:21.258171+00:00", "RecordID": "68164", "Level": "3", "UserID": "S-1-5-18", "EventData.namespace": "http://schemas.microsoft.com/developer/appx/2015/build"}
{"EventID": "216", "Channel": "Microsoft-Windows-AppxPackaging/Operational", "Provider_Name": "Microsoft-Windows-AppxPackagingOM", "Computer": "DESKTOP-OFJ6N53", "TimeCreated": "2025-08-16 15:11:21.790722+00:00", "RecordID": "68165", "Level": "3", "UserID": "S-1-5-18", "EventData.namespace": "http://schemas.microsoft.com/developer/appx/2015/build"}
{"EventID": "216", "Channel": "Microsoft-Windows-AppxPackaging/Operational", "Provider_Name": "Microsoft-Windows-AppxPackagingOM", "Computer": "DESKTOP-OFJ6N53", "TimeCreated": "2025-08-16 15:11:23.314117+00:00", "RecordID": "68166", "Level": "3", "UserID": "S-1-5-18", "EventData.namespace": "http://schemas.microsoft.com/developer/appx/2015/build"}
{"EventID": "216", "Channel": "Microsoft-Windows-AppxPackaging/Operational", "Provider_Name": "Microsoft-Windows-AppxPackagingOM", "Computer": "DESKTOP-OFJ6N53", "TimeCreated": "2025-08-16 15:11:23.314177+00:00", "RecordID": "68167", "Level": "3", "UserID": "S-1-5-18", "EventData.namespace": "http://schemas.microsoft.com/appx/manifest/uap/windows10/17"}
{"EventID": "216", "Channel": "Microsoft-Windows-AppxPackaging/Operational", "Provider_Name": "Microsoft-Windows-AppxPackagingOM", "Computer": "DESKTOP-OFJ6N53", "TimeCreated": "2025-08-16 15:11:23.839336+00:00", "RecordID": "68168", "Level": "3", "UserID": "S-1-5-18", "EventData.namespace": "http://schemas.microsoft.com/developer/appx/2015/build"}
{"EventID": "216", "Channel": "Microsoft-Windows-AppxPackaging/Operational", "Provider_Name": "Microsoft-Windows-AppxPackagingOM", "Computer": "DESKTOP-OFJ6N53", "TimeCreated": "2025-08-16 15:11:23.839348+00:00", "RecordID": "68169", "Level": "3", "UserID": "S-1-5-18", "EventData.namespace": "http://schemas.microsoft.com/appx/manifest/uap/windows10/17"}
{"EventID": "216", "Channel": "Microsoft-Windows-AppxPackaging/Operational", "Provider_Name": "Microsoft-Windows-AppxPackagingOM", "Computer": "DESKTOP-OFJ6N53", "TimeCreated": "2025-08-17 01:36:32.889305+00:00", "RecordID": "68170", "Level": "3", "UserID": "S-1-5-18", "EventData.namespace": "http://schemas.microsoft.com/developer/appx/2015/build"}
{"EventID": "216", "Channel": "Microsoft-Windows-AppxPackaging/Operational", "Provider_Name": "Microsoft-Windows-AppxPackagingOM", "Computer": "DESKTOP-OFJ6N53", "TimeCreated": "2025-08-17 01:36:33.201773+00:00", "RecordID": "68171", "Level": "3", "UserID": "S-1-5-18", "EventData.namespace": "http://schemas.microsoft.com/developer/appx/2015/build"}
{"EventID": "216", "Channel": "Microsoft-Windows-AppxPackaging/Operational", "Provider_Name": "Microsoft-Windows-AppxPackagingOM", "Computer": "DESKTOP-OFJ6N53", "TimeCreated": "2025-08-17 01:36:33.486984+00:00", "RecordID": "68172", "Level": "3", "UserID": "S-1-5-18", "EventData.namespace": "http://schemas.microsoft.com/developer/appx/2015/build"}
{"EventID": "216", "Channel": "Microsoft-Windows-AppxPackaging/Operational", "Provider_Name": "Microsoft-Windows-AppxPackagingOM", "Computer": "DESKTOP-OFJ6N53", "TimeCreated": "2025-08-17 01:36:33.697048+00:00", "RecordID": "68173", "Level": "3", "UserID": "S-1-5-18", "EventData.namespace": "http://schemas.microsoft.com/developer/appx/2015/build"}
{"EventID": "216", "Channel": "Microsoft-Windows-AppxPackaging/Operational", "Provider_Name": "Microsoft-Windows-AppxPackagingOM", "Computer": "DESKTOP-OFJ6N53", "TimeCreated": "2025-08-17 01:36:33.933874+00:00", "RecordID": "68174", "Level": "3", "UserID": "S-1-5-18", "EventData.namespace": "http://schemas.microsoft.com/developer/appx/2015/build"}
{"EventID": "216", "Channel": "Microsoft-Windows-AppxPackaging/Operational", "Provider_Name": "Microsoft-Windows-AppxPackagingOM", "Computer": "DESKTOP-OFJ6N53", "TimeCreated": "2025-08-17 01:36:34.159885+00:00", "RecordID": "68175", "Level": "3", "UserID": "S-1-5-18", "EventData.namespace": "http://schemas.microsoft.com/developer/appx/2015/build"}
{"EventID": "216", "Channel": "Microsoft-Windows-AppxPackaging/Operational", "Provider_Name": "Microsoft-Windows-AppxPackagingOM", "Computer": "DESKTOP-OFJ6N53", "TimeCreated": "2025-08-17 01:36:34.462452+00:00", "RecordID": "68176", "Level": "3", "UserID": "S-1-5-18", "EventData.namespace": "http://schemas.microsoft.com/developer/appx/2015/build"}
{"EventID": "216", "Channel": "Microsoft-Windows-AppxPackaging/Operational", "Provider_Name": "Microsoft-Windows-AppxPackagingOM", "Computer": "DESKTOP-OFJ6N53", "TimeCreated": "2025-08-17 01:36:34.681456+00:00", "RecordID": "68177", "Level": "3", "UserID": "S-1-5-18", "EventData.namespace": "http://schemas.microsoft.com/developer/appx/2015/build"}
{"EventID": "216", "Channel": "Microsoft-Windows-AppxPackaging/Operational", "Provider_Name": "Microsoft-Windows-AppxPackagingOM", "Computer": "DESKTOP-OFJ6N53", "TimeCreated": "2025-08-17 01:36:34.900421+00:00", "RecordID": "68178", "Level": "3", "UserID": "S-1-5-18", "EventData.namespace": "http://schemas.microsoft.com/developer/appx/2015/build"}
{"EventID": "216", "Channel": "Microsoft-Windows-AppxPackaging/Operational", "Provider_Name": "Microsoft-Windows-AppxPackagingOM", "Computer": "DESKTOP-OFJ6N53", "TimeCreated": "2025-08-17 01:36:35.027548+00:00", "RecordID": "68179", "Level": "3", "UserID": "S-1-5-18", "EventData.namespace": "http://schemas.microsoft.com/developer/appx/2015/build"}
{"EventID": "216", "Channel": "Microsoft-Windows-AppxPackaging/Operational", "Provider_Name": "Microsoft-Windows-AppxPackagingOM", "Computer": "DESKTOP-OFJ6N53", "TimeCreated": "2025-08-17 01:36:35.027555+00:00", "RecordID": "68180", "Level": "3", "UserID": "S-1-5-18", "EventData.namespace": "http://schemas.microsoft.com/appx/manifest/mobile/windows10"}
{"EventID": "216", "Channel": "Microsoft-Windows-AppxPackaging/Operational", "Provider_Name": "Microsoft-Windows-AppxPackagingOM", "Computer": "DESKTOP-OFJ6N53", "TimeCreated": "2025-08-17 01:36:35.184500+00:00", "RecordID": "68181", "Level": "3", "UserID": "S-1-5-18", "EventData.namespace": "http://schemas.microsoft.com/developer/appx/2015/build"}
{"EventID": "216", "Channel": "Microsoft-Windows-AppxPackaging/Operational", "Provider_Name": "Microsoft-Windows-AppxPackagingOM", "Computer": "DESKTOP-OFJ6N53", "TimeCreated": "2025-08-17 01:36:35.391165+00:00", "RecordID": "68182", "Level": "3", "UserID": "S-1-5-18", "EventData.namespace": "http://schemas.microsoft.com/developer/appx/2015/build"}
{"EventID": "216", "Channel": "Microsoft-Windows-AppxPackaging/Operational", "Provider_Name": "Microsoft-Windows-AppxPackagingOM", "Computer": "DESKTOP-OFJ6N53", "TimeCreated": "2025-08-17 01:36:36.609877+00:00", "RecordID": "68183", "Level": "3", "UserID": "S-1-5-18", "EventData.namespace": "http://schemas.microsoft.com/appx/manifest/uap/windows10/7"}
{"EventID": "216", "Channel": "Microsoft-Windows-AppxPackaging/Operational", "Provider_Name": "Microsoft-Windows-AppxPackagingOM", "Computer": "DESKTOP-OFJ6N53", "TimeCreated": "2025-08-17 01:36:37.457163+00:00", "RecordID": "68184", "Level": "3", "UserID": "S-1-5-18", "EventData.namespace": "http://schemas.microsoft.com/appx/manifest/uap/windows10/3"}
{"EventID": "216", "Channel": "Microsoft-Windows-AppxPackaging/Operational", "Provider_Name": "Microsoft-Windows-AppxPackagingOM", "Computer": "DESKTOP-OFJ6N53", "TimeCreated": "2025-08-17 01:36:39.426256+00:00", "RecordID": "68185", "Level": "3", "UserID": "S-1-5-18", "EventData.namespace": "http://schemas.microsoft.com/developer/appx/2015/build"}
{"EventID": "216", "Channel": "Microsoft-Windows-AppxPackaging/Operational", "Provider_Name": "Microsoft-Windows-AppxPackagingOM", "Computer": "DESKTOP-OFJ6N53", "TimeCreated": "2025-08-17 01:36:39.960125+00:00", "RecordID": "68186", "Level": "3", "UserID": "S-1-5-18", "EventData.namespace": "http://schemas.microsoft.com/developer/appx/2015/build"}
{"EventID": "216", "Channel": "Microsoft-Windows-AppxPackaging/Operational", "Provider_Name": "Microsoft-Windows-AppxPackagingOM", "Computer": "DESKTOP-OFJ6N53", "TimeCreated": "2025-08-17 01:36:40.267197+00:00", "RecordID": "68187", "Level": "3", "UserID": "S-1-5-18", "EventData.namespace": "http://schemas.microsoft.com/developer/appx/2015/build"}
{"EventID": "216", "Channel": "Microsoft-Windows-AppxPackaging/Operational", "Provider_Name": "Microsoft-Windows-AppxPackagingOM", "Computer": "DESKTOP-OFJ6N53", "TimeCreated": "2025-08-17 01:36:40.577829+00:00", "RecordID": "68188", "Level": "3", "UserID": "S-1-5-18", "EventData.namespace": "http://schemas.microsoft.com/developer/appx/2015/build"}
{"EventID": "216", "Channel": "Microsoft-Windows-AppxPackaging/Operational", "Provider_Name": "Microsoft-Windows-AppxPackagingOM", "Computer": "DESKTOP-OFJ6N53", "TimeCreated": "2025-08-17 01:36:40.577868+00:00", "RecordID": "68189", "Level": "3", "UserID": "S-1-5-18", "EventData.namespace": "http://schemas.microsoft.com/appx/manifest/iot/windows10/2"}
{"EventID": "216", "Channel": "Microsoft-Windows-AppxPackaging/Operational", "Provider_Name": "Microsoft-Windows-AppxPackagingOM", "Computer": "DESKTOP-OFJ6N53", "TimeCreated": "2025-08-17 01:36:41.537235+00:00", "RecordID": "68190", "Level": "3", "UserID": "S-1-5-18", "EventData.namespace": "http://schemas.microsoft.com/developer/appx/2015/build"}
{"EventID": "216", "Channel": "Microsoft-Windows-AppxPackaging/Operational", "Provider_Name": "Microsoft-Windows-AppxPackagingOM", "Computer": "DESKTOP-OFJ6N53", "TimeCreated": "2025-08-17 01:36:41.815071+00:00", "RecordID": "68191", "Level": "3", "UserID": "S-1-5-18", "EventData.namespace": "http://schemas.microsoft.com/developer/appx/2015/build"}
{"EventID": "216", "Channel": "Microsoft-Windows-AppxPackaging/Operational", "Provider_Name": "Microsoft-Windows-AppxPackagingOM", "Computer": "DESKTOP-OFJ6N53", "TimeCreated": "2025-08-17 01:36:42.396667+00:00", "RecordID": "68192", "Level": "3", "UserID": "S-1-5-18", "EventData.namespace": "http://schemas.microsoft.com/developer/appx/2015/build"}
{"EventID": "216", "Channel": "Microsoft-Windows-AppxPackaging/Operational", "Provider_Name": "Microsoft-Windows-AppxPackagingOM", "Computer": "DESKTOP-OFJ6N53", "TimeCreated": "2025-08-17 01:36:42.564896+00:00", "RecordID": "68193", "Level": "3", "UserID": "S-1-5-18", "EventData.namespace": "http://schemas.microsoft.com/developer/appx/2015/build"}
{"EventID": "216", "Channel": "Microsoft-Windows-AppxPackaging/Operational", "Provider_Name": "Microsoft-Windows-AppxPackagingOM", "Computer": "DESKTOP-OFJ6N53", "TimeCreated": "2025-08-17 01:36:42.788305+00:00", "RecordID": "68194", "Level": "3", "UserID": "S-1-5-18", "EventData.namespace": "http://schemas.microsoft.com/developer/appx/2015/build"}
{"EventID": "216", "Channel": "Microsoft-Windows-AppxPackaging/Operational", "Provider_Name": "Microsoft-Windows-AppxPackagingOM", "Computer": "DESKTOP-OFJ6N53", "TimeCreated": "2025-08-17 01:36:42.956390+00:00", "RecordID": "68195", "Level": "3", "UserID": "S-1-5-18", "EventData.namespace": "http://schemas.microsoft.com/appx/manifest/iot/windows10"}
{"EventID": "216", "Channel": "Microsoft-Windows-AppxPackaging/Operational", "Provider_Name": "Microsoft-Windows-AppxPackagingOM", "Computer": "DESKTOP-OFJ6N53", "TimeCreated": "2025-08-17 01:36:42.956421+00:00", "RecordID": "68196", "Level": "3", "UserID": "S-1-5-18", "EventData.namespace": "http://schemas.microsoft.com/appx/manifest/mobile/windows10"}
{"EventID": "216", "Channel": "Microsoft-Windows-AppxPackaging/Operational", "Provider_Name": "Microsoft-Windows-AppxPackagingOM", "Computer": "DESKTOP-OFJ6N53", "TimeCreated": "2025-08-17 01:36:43.517992+00:00", "RecordID": "68197", "Level": "3", "UserID": "S-1-5-18", "EventData.namespace": "http://schemas.microsoft.com/developer/appx/2015/build"}
{"EventID": "216", "Channel": "Microsoft-Windows-AppxPackaging/Operational", "Provider_Name": "Microsoft-Windows-AppxPackagingOM", "Computer": "DESKTOP-OFJ6N53", "TimeCreated": "2025-08-17 01:36:43.719528+00:00", "RecordID": "68198", "Level": "3", "UserID": "S-1-5-18", "EventData.namespace": "http://schemas.microsoft.com/developer/appx/2015/build"}
{"EventID": "216", "Channel": "Microsoft-Windows-AppxPackaging/Operational", "Provider_Name": "Microsoft-Windows-AppxPackagingOM", "Computer": "DESKTOP-OFJ6N53", "TimeCreated": "2025-08-17 01:36:44.201351+00:00", "RecordID": "68199", "Level": "3", "UserID": "S-1-5-18", "EventData.namespace": "http://schemas.microsoft.com/developer/appx/2015/build"}
{"EventID": "216", "Channel": "Microsoft-Windows-AppxPackaging/Operational", "Provider_Name": "Microsoft-Windows-AppxPackagingOM", "Computer": "DESKTOP-OFJ6N53", "TimeCreated": "2025-08-17 01:36:44.406399+00:00", "RecordID": "68200", "Level": "3", "UserID": "S-1-5-18", "EventData.namespace": "http://schemas.microsoft.com/developer/appx/2015/build"}
{"EventID": "216", "Channel": "Microsoft-Windows-AppxPackaging/Operational", "Provider_Name": "Microsoft-Windows-AppxPackagingOM", "Computer": "DESKTOP-OFJ6N53", "TimeCreated": "2025-08-17 01:36:44.585140+00:00", "RecordID": "68201", "Level": "3", "UserID": "S-1-5-18", "EventData.namespace": "http://schemas.microsoft.com/appx/manifest/virtualization/windows10"}
{"EventID": "216", "Channel": "Microsoft-Windows-AppxPackaging/Operational", "Provider_Name": "Microsoft-Windows-AppxPackagingOM", "Computer": "DESKTOP-OFJ6N53", "TimeCreated": "2025-08-17 01:36:45.033592+00:00", "RecordID": "68202", "Level": "3", "UserID": "S-1-5-18", "EventData.namespace": "http://schemas.microsoft.com/developer/appx/2015/build"}
{"EventID": "216", "Channel": "Microsoft-Windows-AppxPackaging/Operational", "Provider_Name": "Microsoft-Windows-AppxPackagingOM", "Computer": "DESKTOP-OFJ6N53", "TimeCreated": "2025-08-17 01:36:45.221369+00:00", "RecordID": "68203", "Level": "3", "UserID": "S-1-5-18", "EventData.namespace": "http://schemas.microsoft.com/developer/appx/2015/build"}
{"EventID": "216", "Channel": "Microsoft-Windows-AppxPackaging/Operational", "Provider_Name": "Microsoft-Windows-AppxPackagingOM", "Computer": "DESKTOP-OFJ6N53", "TimeCreated": "2025-08-17 01:36:45.387300+00:00", "RecordID": "68204", "Level": "3", "UserID": "S-1-5-18", "EventData.namespace": "http://schemas.microsoft.com/developer/appx/2015/build"}
{"EventID": "216", "Channel": "Microsoft-Windows-AppxPackaging/Operational", "Provider_Name": "Microsoft-Windows-AppxPackagingOM", "Computer": "DESKTOP-OFJ6N53", "TimeCreated": "2025-08-17 01:36:45.387329+00:00", "RecordID": "68205", "Level": "3", "UserID": "S-1-5-18", "EventData.namespace": "http://schemas.microsoft.com/appx/manifest/desktop/windows10/9"}
{"EventID": "216", "Channel": "Microsoft-Windows-AppxPackaging/Operational", "Provider_Name": "Microsoft-Windows-AppxPackagingOM", "Computer": "DESKTOP-OFJ6N53", "TimeCreated": "2025-08-17 01:36:45.917372+00:00", "RecordID": "68206", "Level": "3", "UserID": "S-1-5-18", "EventData.namespace": "http://schemas.microsoft.com/developer/appx/2015/build"}
{"EventID": "216", "Channel": "Microsoft-Windows-AppxPackaging/Operational", "Provider_Name": "Microsoft-Windows-AppxPackagingOM", "Computer": "DESKTOP-OFJ6N53", "TimeCreated": "2025-08-17 01:36:46.028301+00:00", "RecordID": "68207", "Level": "3", "UserID": "S-1-5-18", "EventData.namespace": "http://schemas.microsoft.com/developer/appx/2015/build"}
{"EventID": "216", "Channel": "Microsoft-Windows-AppxPackaging/Operational", "Provider_Name": "Microsoft-Windows-AppxPackagingOM", "Computer": "DESKTOP-OFJ6N53", "TimeCreated": "2025-08-17 01:36:46.363956+00:00", "RecordID": "68208", "Level": "3", "UserID": "S-1-5-18", "EventData.namespace": "http://schemas.microsoft.com/appx/manifest/uap/windows10/17"}
{"EventID": "216", "Channel": "Microsoft-Windows-AppxPackaging/Operational", "Provider_Name": "Microsoft-Windows-AppxPackagingOM", "Computer": "DESKTOP-OFJ6N53", "TimeCreated": "2025-08-17 01:36:46.694239+00:00", "RecordID": "68209", "Level": "3", "UserID": "S-1-5-18", "EventData.namespace": "http://schemas.microsoft.com/developer/appx/2015/build"}
{"EventID": "216", "Channel": "Microsoft-Windows-AppxPackaging/Operational", "Provider_Name": "Microsoft-Windows-AppxPackagingOM", "Computer": "DESKTOP-OFJ6N53", "TimeCreated": "2025-08-17 01:36:46.694252+00:00", "RecordID": "68210", "Level": "3", "UserID": "S-1-5-18", "EventData.namespace": "http://schemas.microsoft.com/appx/manifest/desktop/windows10/11"}
{"EventID": "216", "Channel": "Microsoft-Windows-AppxPackaging/Operational", "Provider_Name": "Microsoft-Windows-AppxPackagingOM", "Computer": "DESKTOP-OFJ6N53", "TimeCreated": "2025-08-17 01:36:47.011360+00:00", "RecordID": "68211", "Level": "3", "UserID": "S-1-5-18", "EventData.namespace": "http://schemas.microsoft.com/developer/appx/2015/build"}
{"EventID": "216", "Channel": "Microsoft-Windows-AppxPackaging/Operational", "Provider_Name": "Microsoft-Windows-AppxPackagingOM", "Computer": "DESKTOP-OFJ6N53", "TimeCreated": "2025-08-17 01:36:47.374626+00:00", "RecordID": "68212", "Level": "3", "UserID": "S-1-5-18", "EventData.namespace": "http://schemas.microsoft.com/developer/appx/2015/build"}
{"EventID": "216", "Channel": "Microsoft-Windows-AppxPackaging/Operational", "Provider_Name": "Microsoft-Windows-AppxPackagingOM", "Computer": "DESKTOP-OFJ6N53", "TimeCreated": "2025-08-17 01:36:47.697742+00:00", "RecordID": "68213", "Level": "3", "UserID": "S-1-5-18", "EventData.namespace": "http://schemas.microsoft.com/developer/appx/2015/build"}
{"EventID": "216", "Channel": "Microsoft-Windows-AppxPackaging/Operational", "Provider_Name": "Microsoft-Windows-AppxPackagingOM", "Computer": "DESKTOP-OFJ6N53", "TimeCreated": "2025-08-17 01:36:47.946720+00:00", "RecordID": "68214", "Level": "3", "UserID": "S-1-5-18", "EventData.namespace": "http://schemas.microsoft.com/developer/appx/2015/build"}
{"EventID": "216", "Channel": "Microsoft-Windows-AppxPackaging/Operational", "Provider_Name": "Microsoft-Windows-AppxPackagingOM", "Computer": "DESKTOP-OFJ6N53", "TimeCreated": "2025-08-17 01:36:48.101007+00:00", "RecordID": "68215", "Level": "3", "UserID": "S-1-5-18", "EventData.namespace": "http://schemas.microsoft.com/developer/appx/2015/build"}
{"EventID": "216", "Channel": "Microsoft-Windows-AppxPackaging/Operational", "Provider_Name": "Microsoft-Windows-AppxPackagingOM", "Computer": "DESKTOP-OFJ6N53", "TimeCreated": "2025-08-17 01:36:48.101042+00:00", "RecordID": "68216", "Level": "3", "UserID": "S-1-5-18", "EventData.namespace": "http://schemas.microsoft.com/appx/manifest/uap/windows10/13"}
{"EventID": "216", "Channel": "Microsoft-Windows-AppxPackaging/Operational", "Provider_Name": "Microsoft-Windows-AppxPackagingOM", "Computer": "DESKTOP-OFJ6N53", "TimeCreated": "2025-08-17 01:36:48.101055+00:00", "RecordID": "68217", "Level": "3", "UserID": "S-1-5-18", "EventData.namespace": "http://schemas.microsoft.com/appx/manifest/virtualization/windows10"}
{"EventID": "216", "Channel": "Microsoft-Windows-AppxPackaging/Operational", "Provider_Name": "Microsoft-Windows-AppxPackagingOM", "Computer": "DESKTOP-OFJ6N53", "TimeCreated": "2025-08-17 01:36:48.345606+00:00", "RecordID": "68218", "Level": "3", "UserID": "S-1-5-18", "EventData.namespace": "http://schemas.microsoft.com/developer/appx/2015/build"}
{"EventID": "216", "Channel": "Microsoft-Windows-AppxPackaging/Operational", "Provider_Name": "Microsoft-Windows-AppxPackagingOM", "Computer": "DESKTOP-OFJ6N53", "TimeCreated": "2025-08-17 01:36:48.494665+00:00", "RecordID": "68219", "Level": "3", "UserID": "S-1-5-18", "EventData.namespace": "http://schemas.microsoft.com/developer/appx/2015/build"}
{"EventID": "216", "Channel": "Microsoft-Windows-AppxPackaging/Operational", "Provider_Name": "Microsoft-Windows-AppxPackagingOM", "Computer": "DESKTOP-OFJ6N53", "TimeCreated": "2025-08-17 01:36:48.658871+00:00", "RecordID": "68220", "Level": "3", "UserID": "S-1-5-18", "EventData.namespace": "http://schemas.microsoft.com/developer/appx/2015/build"}
{"EventID": "216", "Channel": "Microsoft-Windows-AppxPackaging/Operational", "Provider_Name": "Microsoft-Windows-AppxPackagingOM", "Computer": "DESKTOP-OFJ6N53", "TimeCreated": "2025-08-17 01:36:48.658905+00:00", "RecordID": "68221", "Level": "3", "UserID": "S-1-5-18", "EventData.namespace": "http://schemas.microsoft.com/appx/manifest/virtualization/windows10"}
{"EventID": "216", "Channel": "Microsoft-Windows-AppxPackaging/Operational", "Provider_Name": "Microsoft-Windows-AppxPackagingOM", "Computer": "DESKTOP-OFJ6N53", "TimeCreated": "2025-08-17 01:36:48.957117+00:00", "RecordID": "68222", "Level": "3", "UserID": "S-1-5-18", "EventData.namespace": "http://schemas.microsoft.com/developer/appx/2015/build"}
{"EventID": "216", "Channel": "Microsoft-Windows-AppxPackaging/Operational", "Provider_Name": "Microsoft-Windows-AppxPackagingOM", "Computer": "DESKTOP-OFJ6N53", "TimeCreated": "2025-08-17 01:36:49.136826+00:00", "RecordID": "68223", "Level": "3", "UserID": "S-1-5-18", "EventData.namespace": "http://schemas.microsoft.com/developer/appx/2015/build"}
{"EventID": "216", "Channel": "Microsoft-Windows-AppxPackaging/Operational", "Provider_Name": "Microsoft-Windows-AppxPackagingOM", "Computer": "DESKTOP-OFJ6N53", "TimeCreated": "2025-08-17 01:36:49.337267+00:00", "RecordID": "68224", "Level": "3", "UserID": "S-1-5-18", "EventData.namespace": "http://schemas.microsoft.com/developer/appx/2015/build"}
{"EventID": "216", "Channel": "Microsoft-Windows-AppxPackaging/Operational", "Provider_Name": "Microsoft-Windows-AppxPackagingOM", "Computer": "DESKTOP-OFJ6N53", "TimeCreated": "2025-08-17 01:36:49.337278+00:00", "RecordID": "68225", "Level": "3", "UserID": "S-1-5-18", "EventData.namespace": "http://schemas.microsoft.com/appx/manifest/uap/windows10/17"}
{"EventID": "216", "Channel": "Microsoft-Windows-AppxPackaging/Operational", "Provider_Name": "Microsoft-Windows-AppxPackagingOM", "Computer": "DESKTOP-OFJ6N53", "TimeCreated": "2025-08-17 08:11:14.430765+00:00", "RecordID": "68226", "Level": "3", "UserID": "S-1-5-18", "EventData.namespace": "http://schemas.microsoft.com/developer/appx/2015/build"}
{"EventID": "216", "Channel": "Microsoft-Windows-AppxPackaging/Operational", "Provider_Name": "Microsoft-Windows-AppxPackagingOM", "Computer": "DESKTOP-OFJ6N53", "TimeCreated": "2025-08-17 08:11:14.526243+00:00", "RecordID": "68227", "Level": "3", "UserID": "S-1-5-18", "EventData.namespace": "http://schemas.microsoft.com/developer/appx/2015/build"}
{"EventID": "216", "Channel": "Microsoft-Windows-AppxPackaging/Operational", "Provider_Name": "Microsoft-Windows-AppxPackagingOM", "Computer": "DESKTOP-OFJ6N53", "TimeCreated": "2025-08-17 08:11:16.888395+00:00", "RecordID": "68228", "Level": "3", "UserID": "S-1-5-18", "EventData.namespace": "http://schemas.microsoft.com/developer/appx/2015/build"}
{"EventID": "216", "Channel": "Microsoft-Windows-AppxPackaging/Operational", "Provider_Name": "Microsoft-Windows-AppxPackagingOM", "Computer": "DESKTOP-OFJ6N53", "TimeCreated": "2025-08-17 08:11:17.045712+00:00", "RecordID": "68229", "Level": "3", "UserID": "S-1-5-18", "EventData.namespace": "http://schemas.microsoft.com/developer/appx/2015/build"}
{"EventID": "157", "Channel": "Microsoft-Windows-AppxPackaging/Operational", "Provider_Name": "Microsoft-Windows-AppxPackagingOM", "Computer": "DESKTOP-OFJ6N53", "TimeCreated": "2025-08-17 08:44:30.925661+00:00", "RecordID": "68230", "Level": "4", "UserID": "S-1-5-18", "EventData.subjectName": "CN=Microsoft Corporation, O=Microsoft Corporation, L=Redmond, S=Washington, C=US"}
{"EventID": "170", "Channel": "Microsoft-Windows-AppxPackaging/Operational", "Provider_Name": "Microsoft-Windows-AppxPackagingOM", "Computer": "DESKTOP-OFJ6N53", "TimeCreated": "2025-08-17 08:44:31.034933+00:00", "RecordID": "68231", "Level": "4", "UserID": "S-1-5-18", "EventData.packageFullName": "Microsoft.MicrosoftEdge.Stable_139.0.3405.102_neutral__8wekyb3d8bbwe"}
{"EventID": "216", "Channel": "Microsoft-Windows-AppxPackaging/Operational", "Provider_Name": "Microsoft-Windows-AppxPackagingOM", "Computer": "DESKTOP-OFJ6N53", "TimeCreated": "2025-08-18 00:04:10.821289+00:00", "RecordID": "68232", "Level": "3", "UserID": "S-1-5-18", "EventData.namespace": "http://schemas.microsoft.com/developer/appx/2015/build"}
{"EventID": "216", "Channel": "Microsoft-Windows-AppxPackaging/Operational", "Provider_Name": "Microsoft-Windows-AppxPackagingOM", "Computer": "DESKTOP-OFJ6N53", "TimeCreated": "2025-08-18 00:04:11.415565+00:00", "RecordID": "68233", "Level": "3", "UserID": "S-1-5-18", "EventData.namespace": "http://schemas.microsoft.com/developer/appx/2015/build"}
{"EventID": "216", "Channel": "Microsoft-Windows-AppxPackaging/Operational", "Provider_Name": "Microsoft-Windows-AppxPackagingOM", "Computer": "DESKTOP-OFJ6N53", "TimeCreated": "2025-08-18 00:04:11.709955+00:00", "RecordID": "68234", "Level": "3", "UserID": "S-1-5-18", "EventData.namespace": "http://schemas.microsoft.com/developer/appx/2015/build"}
{"EventID": "216", "Channel": "Microsoft-Windows-AppxPackaging/Operational", "Provider_Name": "Microsoft-Windows-AppxPackagingOM", "Computer": "DESKTOP-OFJ6N53", "TimeCreated": "2025-08-18 00:04:12.061913+00:00", "RecordID": "68235", "Level": "3", "UserID": "S-1-5-18", "EventData.namespace": "http://schemas.microsoft.com/developer/appx/2015/build"}
{"EventID": "216", "Channel": "Microsoft-Windows-AppxPackaging/Operational", "Provider_Name": "Microsoft-Windows-AppxPackagingOM", "Computer": "DESKTOP-OFJ6N53", "TimeCreated": "2025-08-18 00:04:12.719786+00:00", "RecordID": "68236", "Level": "3", "UserID": "S-1-5-18", "EventData.namespace": "http://schemas.microsoft.com/developer/appx/2015/build"}
{"EventID": "216", "Channel": "Microsoft-Windows-AppxPackaging/Operational", "Provider_Name": "Microsoft-Windows-AppxPackagingOM", "Computer": "DESKTOP-OFJ6N53", "TimeCreated": "2025-08-18 00:04:13.477720+00:00", "RecordID": "68237", "Level": "3", "UserID": "S-1-5-18", "EventData.namespace": "http://schemas.microsoft.com/developer/appx/2015/build"}
{"EventID": "216", "Channel": "Microsoft-Windows-AppxPackaging/Operational", "Provider_Name": "Microsoft-Windows-AppxPackagingOM", "Computer": "DESKTOP-OFJ6N53", "TimeCreated": "2025-08-18 00:04:14.203838+00:00", "RecordID": "68238", "Level": "3", "UserID": "S-1-5-18", "EventData.namespace": "http://schemas.microsoft.com/developer/appx/2015/build"}
{"EventID": "216", "Channel": "Microsoft-Windows-AppxPackaging/Operational", "Provider_Name": "Microsoft-Windows-AppxPackagingOM", "Computer": "DESKTOP-OFJ6N53", "TimeCreated": "2025-08-18 00:04:14.402790+00:00", "RecordID": "68239", "Level": "3", "UserID": "S-1-5-18", "EventData.namespace": "http://schemas.microsoft.com/developer/appx/2015/build"}
{"EventID": "216", "Channel": "Microsoft-Windows-AppxPackaging/Operational", "Provider_Name": "Microsoft-Windows-AppxPackagingOM", "Computer": "DESKTOP-OFJ6N53", "TimeCreated": "2025-08-18 00:04:14.698221+00:00", "RecordID": "68240", "Level": "3", "UserID": "S-1-5-18", "EventData.namespace": "http://schemas.microsoft.com/developer/appx/2015/build"}
{"EventID": "216", "Channel": "Microsoft-Windows-AppxPackaging/Operational", "Provider_Name": "Microsoft-Windows-AppxPackagingOM", "Computer": "DESKTOP-OFJ6N53", "TimeCreated": "2025-08-18 00:04:14.872141+00:00", "RecordID": "68241", "Level": "3", "UserID": "S-1-5-18", "EventData.namespace": "http://schemas.microsoft.com/developer/appx/2015/build"}
{"EventID": "216", "Channel": "Microsoft-Windows-AppxPackaging/Operational", "Provider_Name": "Microsoft-Windows-AppxPackagingOM", "Computer": "DESKTOP-OFJ6N53", "TimeCreated": "2025-08-18 00:04:14.872149+00:00", "RecordID": "68242", "Level": "3", "UserID": "S-1-5-18", "EventData.namespace": "http://schemas.microsoft.com/appx/manifest/mobile/windows10"}
{"EventID": "216", "Channel": "Microsoft-Windows-AppxPackaging/Operational", "Provider_Name": "Microsoft-Windows-AppxPackagingOM", "Computer": "DESKTOP-OFJ6N53", "TimeCreated": "2025-08-18 00:04:15.423903+00:00", "RecordID": "68243", "Level": "3", "UserID": "S-1-5-18", "EventData.namespace": "http://schemas.microsoft.com/developer/appx/2015/build"}
{"EventID": "216", "Channel": "Microsoft-Windows-AppxPackaging/Operational", "Provider_Name": "Microsoft-Windows-AppxPackagingOM", "Computer": "DESKTOP-OFJ6N53", "TimeCreated": "2025-08-18 00:04:15.796061+00:00", "RecordID": "68244", "Level": "3", "UserID": "S-1-5-18", "EventData.namespace": "http://schemas.microsoft.com/developer/appx/2015/build"}
{"EventID": "216", "Channel": "Microsoft-Windows-AppxPackaging/Operational", "Provider_Name": "Microsoft-Windows-AppxPackagingOM", "Computer": "DESKTOP-OFJ6N53", "TimeCreated": "2025-08-18 00:04:17.968878+00:00", "RecordID": "68245", "Level": "3", "UserID": "S-1-5-18", "EventData.namespace": "http://schemas.microsoft.com/appx/manifest/uap/windows10/7"}
{"EventID": "216", "Channel": "Microsoft-Windows-AppxPackaging/Operational", "Provider_Name": "Microsoft-Windows-AppxPackagingOM", "Computer": "DESKTOP-OFJ6N53", "TimeCreated": "2025-08-18 00:04:20.033003+00:00", "RecordID": "68246", "Level": "3", "UserID": "S-1-5-18", "EventData.namespace": "http://schemas.microsoft.com/appx/manifest/uap/windows10/3"}
{"EventID": "216", "Channel": "Microsoft-Windows-AppxPackaging/Operational", "Provider_Name": "Microsoft-Windows-AppxPackagingOM", "Computer": "DESKTOP-OFJ6N53", "TimeCreated": "2025-08-18 00:04:22.452522+00:00", "RecordID": "68247", "Level": "3", "UserID": "S-1-5-18", "EventData.namespace": "http://schemas.microsoft.com/developer/appx/2015/build"}
