{"EventID": "1006", "Channel": "Microsoft-Windows-Partition/Diagnostic", "Provider_Name": "Microsoft-Windows-Partition", "Computer": "DESKTOP-OFJ6N53", "TimeCreated": "2022-03-10 16:25:05.321760+00:00", "RecordID": "13", "Level": "4", "UserID": "S-1-5-18", "EventData.DiskNumber": "0", "EventData.Flags": "538976528", "EventData.Characteristics": "262400", "EventData.IsSystemCritical": "True", "EventData.PagingCount": "0", "EventData.HibernationCount": "0", "EventData.DumpCount": "0", "EventData.BytesPerSector": "512", "EventData.Capacity": "96636764160", "EventData.BusType": "10", "EventData.Manufacturer": "VMware", "EventData.Model": "Virtual disk", "EventData.Revision": "2.0", "EventData.SerialNumber": "NULL", "EventData.Location": "PCI Slot 160 : Bus 3 : Device 0 : Function 0 : Adapter 0 : Port 0 : Target 0 : LUN 0", "EventData.ParentId": "PCI\\VEN_1000&DEV_0054&SUBSYS_197615AD&REV_01\\4&2509f6e&0&00A8", "EventData.Socket": "-1", "EventData.Slot": "160", "EventData.Bus": "3", "EventData.Device": "0", "EventData.Function": "0", "EventData.Adapter": "0", "EventData.Port": "0", "EventData.Target": "0", "EventData.Lun": "0", "EventData.IoctlSupport": "59879", "EventData.IdFlags": "2", "EventData.DiskId": "{a29337cf-a08e-11ec-a6c2-806e6f6e6963}", "EventData.AdapterId": "{2572a953-954b-11ec-a6b8-806e6f6e6963}", "EventData.RegistryId": "{2572a961-954b-11ec-a6b8-806e6f6e6963}", "EventData.PoolId": "{00000000-0000-0000-0000-000000000000}", "EventData.FirmwareSupportsUpgrade": "True", "EventData.FirmwareSlotCount": "1", "EventData.StorageIdCount": "0", "EventData.StorageIdCodeSet": "0", "EventData.StorageIdType": "0", "EventData.StorageIdAssociation": "0", "EventData.StorageIdBytes": "0", "EventData.StorageId": null, "EventData.WriteCacheType": "0", "EventData.WriteCacheEnabled": "0", "EventData.WriteCacheChangeable": "0", "EventData.WriteThroughSupported": "0", "EventData.FlushCacheSupported": "False", "EventData.IsPowerProtected": "False", "EventData.NVCacheEnabled": "False", "EventData.BytesPerLogicalSector": "512", "EventData.BytesPerPhysicalSector": "512", "EventData.BytesOffsetForSectorAlignment": "0", "EventData.IncursSeekPenalty": "False", "EventData.IsTrimSupported": "False", "EventData.IsThinProvisioned": "False", "EventData.OptimalUnmapGranularity": "0", "EventData.UnmapAlignment": "0", "EventData.NumberOfLogicalCopies": "0", "EventData.NumberOfPhysicalCopies": "0", "EventData.FaultTolerance": "0", "EventData.NumberOfColumns": "0", "EventData.InterleaveBytes": "0", "EventData.HybridSupported": "False", "EventData.HybridCacheBytes": "0", "EventData.AdapterMaximumTransferBytes": "16777215", "EventData.AdapterMaximumTransferPages": "257", "EventData.AdapterAlignmentMask": "0", "EventData.AdapterSerialNumber": "NULL", "EventData.PortDriver": "1", "EventData.UserRemovalPolicy": "False", "EventData.PartitionStyle": "1", "EventData.PartitionCount": "4", "EventData.PartitionTableBytes": "624", "EventData.PartitionTable": "AQAAAAQAAAD4OlK1ULGKT4RoGH7auIX0AEQAAAAAAAAAev9/FgAAAIAAAAAAAAAAAQAAAAAAAAAAABAAAAAAAAAAQAYAAAAAAQAAAAAAAAAocyrBH/jSEbpLAKDJPsk7Ft7tjFc2cUiMh/1rxmz2kwAAAAAAAACARQBGAEkAIABzAHkAcwB0AGUAbQAgAHAAYQByAHQAaQB0AGkAbwBuAAAAAAAAAAAAAAAAAAAAAAAAAAAAAAAAAAAAAAAAAAAAAQAAAAAAAAAAAFAGAAAAAAAAAAEAAAAAAgAAAAAAAAAW48njXAu4TYF9+S3wAhWubxyUU+4aUkGSxur5kk16EAAAAAAAAACATQBpAGMAcgBvAHMAbwBmAHQAIAByAGUAcwBlAHIAdgBlAGQAIABwAGEAcgB0AGkAdABpAG8AbgAAAAAAAAAAAAAAAAAAAAAAAQAAAAAAAAAAAFAHAAAAAADiC1gWAAAAAwAAAAAAAACioNDr5bkzRIfAaLa3JpnHY4Y6w6JxMUCM7MIZFP4SrQAAAAAAAAAAQgBhAHMAaQBjACAAZABhAHQAYQAgAHAAYQByAHQAaQB0AGkAbwBuAAAAAAAAAAAAAAAAAAAAAAAAAAAAAAAAAAAAAAAAAAAAAQAAAAAAAAAAAGBfFgAAAAAAgCAAAAAABAAAAAAAAACku5Te0QZATaFqv9UBedasLLUb3g5OYUObu7rx0+QMAQEAAAAAAACAAAAAAAAAAAAAAAAAAAAAAAAAAAAAAAAAAAAAAAAAAAAAAAAAAAAAAAAAAAAAAAAAAAAAAAAAAAAAAAAAAAAAAAAAAAAAAAAA", "EventData.MbrBytes": "0", "EventData.Mbr": null, "EventData.Vbr0Bytes": "0", "EventData.Vbr0": null, "EventData.Vbr1Bytes": "0", "EventData.Vbr1": null, "EventData.Vbr2Bytes": "0", "EventData.Vbr2": null, "EventData.Vbr3Size": "0", "EventData.Vbr3": null}
{"EventID": "1006", "Channel": "Microsoft-Windows-Partition/Diagnostic", "Provider_Name": "Microsoft-Windows-Partition", "Computer": "DESKTOP-OFJ6N53", "TimeCreated": "2022-03-15 16:44:31.239372+00:00", "RecordID": "14", "Level": "4", "UserID": "S-1-5-18", "EventData.DiskNumber": "0", "EventData.Flags": "538976528", "EventData.Characteristics": "262400", "EventData.IsSystemCritical": "True", "EventData.PagingCount": "0", "EventData.HibernationCount": "0", "EventData.DumpCount": "0", "EventData.BytesPerSector": "512", "EventData.Capacity": "96636764160", "EventData.BusType": "10", "EventData.Manufacturer": "VMware", "EventData.Model": "Virtual disk", "EventData.Revision": "2.0", "EventData.SerialNumber": "NULL", "EventData.Location": "PCI Slot 160 : Bus 3 : Device 0 : Function 0 : Adapter 0 : Port 0 : Target 0 : LUN 0", "EventData.ParentId": "PCI\\VEN_1000&DEV_0054&SUBSYS_197615AD&REV_01\\4&2509f6e&0&00A8", "EventData.Socket": "-1", "EventData.Slot": "160", "EventData.Bus": "3", "EventData.Device": "0", "EventData.Function": "0", "EventData.Adapter": "0", "EventData.Port": "0", "EventData.Target": "0", "EventData.Lun": "0", "EventData.IoctlSupport": "59879", "EventData.IdFlags": "2", "EventData.DiskId": "{2bd7af4f-a47f-11ec-a6c3-806e6f6e6963}", "EventData.AdapterId": "{2572a953-954b-11ec-a6b8-806e6f6e6963}", "EventData.RegistryId": "{2572a961-954b-11ec-a6b8-806e6f6e6963}", "EventData.PoolId": "{00000000-0000-0000-0000-000000000000}", "EventData.FirmwareSupportsUpgrade": "True", "EventData.FirmwareSlotCount": "1", "EventData.StorageIdCount": "0", "EventData.StorageIdCodeSet": "0", "EventData.StorageIdType": "0", "EventData.StorageIdAssociation": "0", "EventData.StorageIdBytes": "0", "EventData.StorageId": null, "EventData.WriteCacheType": "0", "EventData.WriteCacheEnabled": "0", "EventData.WriteCacheChangeable": "0", "EventData.WriteThroughSupported": "0", "EventData.FlushCacheSupported": "False", "EventData.IsPowerProtected": "False", "EventData.NVCacheEnabled": "False", "EventData.BytesPerLogicalSector": "512", "EventData.BytesPerPhysicalSector": "512", "EventData.BytesOffsetForSectorAlignment": "0", "EventData.IncursSeekPenalty": "False", "EventData.IsTrimSupported": "False", "EventData.IsThinProvisioned": "False", "EventData.OptimalUnmapGranularity": "0", "EventData.UnmapAlignment": "0", "EventData.NumberOfLogicalCopies": "0", "EventData.NumberOfPhysicalCopies": "0", "EventData.FaultTolerance": "0", "EventData.NumberOfColumns": "0", "EventData.InterleaveBytes": "0", "EventData.HybridSupported": "False", "EventData.HybridCacheBytes": "0", "EventData.AdapterMaximumTransferBytes": "16777215", "EventData.AdapterMaximumTransferPages": "257", "EventData.AdapterAlignmentMask": "0", "EventData.AdapterSerialNumber": "NULL", "EventData.PortDriver": "1", "EventData.UserRemovalPolicy": "False", "EventData.PartitionStyle": "1", "EventData.PartitionCount": "4", "EventData.PartitionTableBytes": "624", "EventData.PartitionTable": "AQAAAAQAAAD4OlK1ULGKT4RoGH7auIX0AEQAAAAAAAAAev9/FgAAAIAAAAAAAAAAAQAAAAAAAAAAABAAAAAAAAAAQAYAAAAAAQAAAAAAAAAocyrBH/jSEbpLAKDJPsk7Ft7tjFc2cUiMh/1rxmz2kwAAAAAAAACARQBGAEkAIABzAHkAcwB0AGUAbQAgAHAAYQByAHQAaQB0AGkAbwBuAAAAAAAAAAAAAAAAAAAAAAAAAAAAAAAAAAAAAAAAAAAAAQAAAAAAAAAAAFAGAAAAAAAAAAEAAAAAAgAAAAAAAAAW48njXAu4TYF9+S3wAhWubxyUU+4aUkGSxur5kk16EAAAAAAAAACATQBpAGMAcgBvAHMAbwBmAHQAIAByAGUAcwBlAHIAdgBlAGQAIABwAGEAcgB0AGkAdABpAG8AbgAAAAAAAAAAAAAAAAAAAAAAAQAAAAAAAAAAAFAHAAAAAADiC1gWAAAAAwAAAAAAAACioNDr5bkzRIfAaLa3JpnHY4Y6w6JxMUCM7MIZFP4SrQAAAAAAAAAAQgBhAHMAaQBjACAAZABhAHQAYQAgAHAAYQByAHQAaQB0AGkAbwBuAAAAAAAAAAAAAAAAAAAAAAAAAAAAAAAAAAAAAAAAAAAAAQAAAAAAAAAAAGBfFgAAAAAAgCAAAAAABAAAAAAAAACku5Te0QZATaFqv9UBedasLLUb3g5OYUObu7rx0+QMAQEAAAAAAACAAAAAAAAAAAAAAAAAAAAAAAAAAAAAAAAAAAAAAAAAAAAAAAAAAAAAAAAAAAAAAAAAAAAAAAAAAAAAAAAAAAAAAAAAAAAAAAAA", "EventData.MbrBytes": "0", "EventData.Mbr": null, "EventData.Vbr0Bytes": "0", "EventData.Vbr0": null, "EventData.Vbr1Bytes": "0", "EventData.Vbr1": null, "EventData.Vbr2Bytes": "0", "EventData.Vbr2": null, "EventData.Vbr3Size": "0", "EventData.Vbr3": null}
{"EventID": "1006", "Channel": "Microsoft-Windows-Partition/Diagnostic", "Provider_Name": "Microsoft-Windows-Partition", "Computer": "DESKTOP-OFJ6N53", "TimeCreated": "2022-04-13 14:34:18.778418+00:00", "RecordID": "15", "Level": "4", "UserID": "S-1-5-18", "EventData.DiskNumber": "0", "EventData.Flags": "538976528", "EventData.Characteristics": "262400", "EventData.IsSystemCritical": "True", "EventData.PagingCount": "0", "EventData.HibernationCount": "0", "EventData.DumpCount": "0", "EventData.BytesPerSector": "512", "EventData.Capacity": "96636764160", "EventData.BusType": "10", "EventData.Manufacturer": "VMware", "EventData.Model": "Virtual disk", "EventData.Revision": "2.0", "EventData.SerialNumber": "NULL", "EventData.Location": "PCI Slot 160 : Bus 3 : Device 0 : Function 0 : Adapter 0 : Port 0 : Target 0 : LUN 0", "EventData.ParentId": "PCI\\VEN_1000&DEV_0054&SUBSYS_197615AD&REV_01\\4&2509f6e&0&00A8", "EventData.Socket": "-1", "EventData.Slot": "160", "EventData.Bus": "3", "EventData.Device": "0", "EventData.Function": "0", "EventData.Adapter": "0", "EventData.Port": "0", "EventData.Target": "0", "EventData.Lun": "0", "EventData.IoctlSupport": "59879", "EventData.IdFlags": "2", "EventData.DiskId": "{ca5fc0aa-bb36-11ec-a6c4-806e6f6e6963}", "EventData.AdapterId": "{2572a953-954b-11ec-a6b8-806e6f6e6963}", "EventData.RegistryId": "{2572a961-954b-11ec-a6b8-806e6f6e6963}", "EventData.PoolId": "{00000000-0000-0000-0000-000000000000}", "EventData.FirmwareSupportsUpgrade": "True", "EventData.FirmwareSlotCount": "1", "EventData.StorageIdCount": "0", "EventData.StorageIdCodeSet": "0", "EventData.StorageIdType": "0", "EventData.StorageIdAssociation": "0", "EventData.StorageIdBytes": "0", "EventData.StorageId": null, "EventData.WriteCacheType": "0", "EventData.WriteCacheEnabled": "0", "EventData.WriteCacheChangeable": "0", "EventData.WriteThroughSupported": "0", "EventData.FlushCacheSupported": "False", "EventData.IsPowerProtected": "False", "EventData.NVCacheEnabled": "False", "EventData.BytesPerLogicalSector": "512", "EventData.BytesPerPhysicalSector": "512", "EventData.BytesOffsetForSectorAlignment": "0", "EventData.IncursSeekPenalty": "False", "EventData.IsTrimSupported": "False", "EventData.IsThinProvisioned": "False", "EventData.OptimalUnmapGranularity": "0", "EventData.UnmapAlignment": "0", "EventData.NumberOfLogicalCopies": "0", "EventData.NumberOfPhysicalCopies": "0", "EventData.FaultTolerance": "0", "EventData.NumberOfColumns": "0", "EventData.InterleaveBytes": "0", "EventData.HybridSupported": "False", "EventData.HybridCacheBytes": "0", "EventData.AdapterMaximumTransferBytes": "16777215", "EventData.AdapterMaximumTransferPages": "257", "EventData.AdapterAlignmentMask": "0", "EventData.AdapterSerialNumber": "NULL", "EventData.PortDriver": "1", "EventData.UserRemovalPolicy": "False", "EventData.PartitionStyle": "1", "EventData.PartitionCount": "4", "EventData.PartitionTableBytes": "624", "EventData.PartitionTable": "AQAAAAQAAAD4OlK1ULGKT4RoGH7auIX0AEQAAAAAAAAAev9/FgAAAIAAAAAAAAAAAQAAAAAAAAAAABAAAAAAAAAAQAYAAAAAAQAAAAAAAAAocyrBH/jSEbpLAKDJPsk7Ft7tjFc2cUiMh/1rxmz2kwAAAAAAAACARQBGAEkAIABzAHkAcwB0AGUAbQAgAHAAYQByAHQAaQB0AGkAbwBuAAAAAAAAAAAAAAAAAAAAAAAAAAAAAAAAAAAAAAAAAAAAAQAAAAAAAAAAAFAGAAAAAAAAAAEAAAAAAgAAAAAAAAAW48njXAu4TYF9+S3wAhWubxyUU+4aUkGSxur5kk16EAAAAAAAAACATQBpAGMAcgBvAHMAbwBmAHQAIAByAGUAcwBlAHIAdgBlAGQAIABwAGEAcgB0AGkAdABpAG8AbgAAAAAAAAAAAAAAAAAAAAAAAQAAAAAAAAAAAFAHAAAAAADiC1gWAAAAAwAAAAAAAACioNDr5bkzRIfAaLa3JpnHY4Y6w6JxMUCM7MIZFP4SrQAAAAAAAAAAQgBhAHMAaQBjACAAZABhAHQAYQAgAHAAYQByAHQAaQB0AGkAbwBuAAAAAAAAAAAAAAAAAAAAAAAAAAAAAAAAAAAAAAAAAAAAAQAAAAAAAAAAAGBfFgAAAAAAgCAAAAAABAAAAAAAAACku5Te0QZATaFqv9UBedasLLUb3g5OYUObu7rx0+QMAQEAAAAAAACAAAAAAAAAAAAAAAAAAAAAAAAAAAAAAAAAAAAAAAAAAAAAAAAAAAAAAAAAAAAAAAAAAAAAAAAAAAAAAAAAAAAAAAAAAAAAAAAA", "EventData.MbrBytes": "0", "EventData.Mbr": null, "EventData.Vbr0Bytes": "0", "EventData.Vbr0": null, "EventData.Vbr1Bytes": "0", "EventData.Vbr1": null, "EventData.Vbr2Bytes": "0", "EventData.Vbr2": null, "EventData.Vbr3Size": "0", "EventData.Vbr3": null}
{"EventID": "1006", "Channel": "Microsoft-Windows-Partition/Diagnostic", "Provider_Name": "Microsoft-Windows-Partition", "Computer": "DESKTOP-OFJ6N53", "TimeCreated": "2022-04-28 21:42:52.088367+00:00", "RecordID": "16", "Level": "4", "UserID": "S-1-5-18", "EventData.DiskNumber": "0", "EventData.Flags": "538976528", "EventData.Characteristics": "262400", "EventData.IsSystemCritical": "True", "EventData.PagingCount": "0", "EventData.HibernationCount": "0", "EventData.DumpCount": "0", "EventData.BytesPerSector": "512", "EventData.Capacity": "96636764160", "EventData.BusType": "10", "EventData.Manufacturer": "VMware", "EventData.Model": "Virtual disk", "EventData.Revision": "2.0", "EventData.SerialNumber": "NULL", "EventData.Location": "PCI Slot 160 : Bus 3 : Device 0 : Function 0 : Adapter 0 : Port 0 : Target 0 : LUN 0", "EventData.ParentId": "PCI\\VEN_1000&DEV_0054&SUBSYS_197615AD&REV_01\\4&2509f6e&0&00A8", "EventData.Socket": "-1", "EventData.Slot": "160", "EventData.Bus": "3", "EventData.Device": "0", "EventData.Function": "0", "EventData.Adapter": "0", "EventData.Port": "0", "EventData.Target": "0", "EventData.Lun": "0", "EventData.IoctlSupport": "59879", "EventData.IdFlags": "2", "EventData.DiskId": "{23405396-c73c-11ec-a6c5-806e6f6e6963}", "EventData.AdapterId": "{2572a953-954b-11ec-a6b8-806e6f6e6963}", "EventData.RegistryId": "{2572a961-954b-11ec-a6b8-806e6f6e6963}", "EventData.PoolId": "{00000000-0000-0000-0000-000000000000}", "EventData.FirmwareSupportsUpgrade": "True", "EventData.FirmwareSlotCount": "1", "EventData.StorageIdCount": "0", "EventData.StorageIdCodeSet": "0", "EventData.StorageIdType": "0", "EventData.StorageIdAssociation": "0", "EventData.StorageIdBytes": "0", "EventData.StorageId": null, "EventData.WriteCacheType": "0", "EventData.WriteCacheEnabled": "0", "EventData.WriteCacheChangeable": "0", "EventData.WriteThroughSupported": "0", "EventData.FlushCacheSupported": "False", "EventData.IsPowerProtected": "False", "EventData.NVCacheEnabled": "False", "EventData.BytesPerLogicalSector": "512", "EventData.BytesPerPhysicalSector": "512", "EventData.BytesOffsetForSectorAlignment": "0", "EventData.IncursSeekPenalty": "False", "EventData.IsTrimSupported": "False", "EventData.IsThinProvisioned": "False", "EventData.OptimalUnmapGranularity": "0", "EventData.UnmapAlignment": "0", "EventData.NumberOfLogicalCopies": "0", "EventData.NumberOfPhysicalCopies": "0", "EventData.FaultTolerance": "0", "EventData.NumberOfColumns": "0", "EventData.InterleaveBytes": "0", "EventData.HybridSupported": "False", "EventData.HybridCacheBytes": "0", "EventData.AdapterMaximumTransferBytes": "16777215", "EventData.AdapterMaximumTransferPages": "257", "EventData.AdapterAlignmentMask": "0", "EventData.AdapterSerialNumber": "NULL", "EventData.PortDriver": "1", "EventData.UserRemovalPolicy": "False", "EventData.PartitionStyle": "1", "EventData.PartitionCount": "4", "EventData.PartitionTableBytes": "624", "EventData.PartitionTable": "AQAAAAQAAAD4OlK1ULGKT4RoGH7auIX0AEQAAAAAAAAAev9/FgAAAIAAAAAAAAAAAQAAAAAAAAAAABAAAAAAAAAAQAYAAAAAAQAAAAAAAAAocyrBH/jSEbpLAKDJPsk7Ft7tjFc2cUiMh/1rxmz2kwAAAAAAAACARQBGAEkAIABzAHkAcwB0AGUAbQAgAHAAYQByAHQAaQB0AGkAbwBuAAAAAAAAAAAAAAAAAAAAAAAAAAAAAAAAAAAAAAAAAAAAAQAAAAAAAAAAAFAGAAAAAAAAAAEAAAAAAgAAAAAAAAAW48njXAu4TYF9+S3wAhWubxyUU+4aUkGSxur5kk16EAAAAAAAAACATQBpAGMAcgBvAHMAbwBmAHQAIAByAGUAcwBlAHIAdgBlAGQAIABwAGEAcgB0AGkAdABpAG8AbgAAAAAAAAAAAAAAAAAAAAAAAQAAAAAAAAAAAFAHAAAAAADiC1gWAAAAAwAAAAAAAACioNDr5bkzRIfAaLa3JpnHY4Y6w6JxMUCM7MIZFP4SrQAAAAAAAAAAQgBhAHMAaQBjACAAZABhAHQAYQAgAHAAYQByAHQAaQB0AGkAbwBuAAAAAAAAAAAAAAAAAAAAAAAAAAAAAAAAAAAAAAAAAAAAAQAAAAAAAAAAAGBfFgAAAAAAgCAAAAAABAAAAAAAAACku5Te0QZATaFqv9UBedasLLUb3g5OYUObu7rx0+QMAQEAAAAAAACAAAAAAAAAAAAAAAAAAAAAAAAAAAAAAAAAAAAAAAAAAAAAAAAAAAAAAAAAAAAAAAAAAAAAAAAAAAAAAAAAAAAAAAAAAAAAAAAA", "EventData.MbrBytes": "0", "EventData.Mbr": null, "EventData.Vbr0Bytes": "0", "EventData.Vbr0": null, "EventData.Vbr1Bytes": "0", "EventData.Vbr1": null, "EventData.Vbr2Bytes": "0", "EventData.Vbr2": null, "EventData.Vbr3Size": "0", "EventData.Vbr3": null}
{"EventID": "1006", "Channel": "Microsoft-Windows-Partition/Diagnostic", "Provider_Name": "Microsoft-Windows-Partition", "Computer": "DESKTOP-OFJ6N53", "TimeCreated": "2022-05-05 09:59:48.496149+00:00", "RecordID": "17", "Level": "4", "UserID": "S-1-5-18", "EventData.DiskNumber": "0", "EventData.Flags": "538976528", "EventData.Characteristics": "262400", "EventData.IsSystemCritical": "True", "EventData.PagingCount": "0", "EventData.HibernationCount": "0", "EventData.DumpCount": "0", "EventData.BytesPerSector": "512", "EventData.Capacity": "96636764160", "EventData.BusType": "10", "EventData.Manufacturer": "VMware", "EventData.Model": "Virtual disk", "EventData.Revision": "2.0", "EventData.SerialNumber": "NULL", "EventData.Location": "PCI Slot 160 : Bus 3 : Device 0 : Function 0 : Adapter 0 : Port 0 : Target 0 : LUN 0", "EventData.ParentId": "PCI\\VEN_1000&DEV_0054&SUBSYS_197615AD&REV_01\\4&2509f6e&0&00A8", "EventData.Socket": "-1", "EventData.Slot": "160", "EventData.Bus": "3", "EventData.Device": "0", "EventData.Function": "0", "EventData.Adapter": "0", "EventData.Port": "0", "EventData.Target": "0", "EventData.Lun": "0", "EventData.IoctlSupport": "59879", "EventData.IdFlags": "2", "EventData.DiskId": "{01bfcb33-cc5a-11ec-a6c6-806e6f6e6963}", "EventData.AdapterId": "{2572a953-954b-11ec-a6b8-806e6f6e6963}", "EventData.RegistryId": "{2572a961-954b-11ec-a6b8-806e6f6e6963}", "EventData.PoolId": "{00000000-0000-0000-0000-000000000000}", "EventData.FirmwareSupportsUpgrade": "True", "EventData.FirmwareSlotCount": "1", "EventData.StorageIdCount": "0", "EventData.StorageIdCodeSet": "0", "EventData.StorageIdType": "0", "EventData.StorageIdAssociation": "0", "EventData.StorageIdBytes": "0", "EventData.StorageId": null, "EventData.WriteCacheType": "0", "EventData.WriteCacheEnabled": "0", "EventData.WriteCacheChangeable": "0", "EventData.WriteThroughSupported": "0", "EventData.FlushCacheSupported": "False", "EventData.IsPowerProtected": "False", "EventData.NVCacheEnabled": "False", "EventData.BytesPerLogicalSector": "512", "EventData.BytesPerPhysicalSector": "512", "EventData.BytesOffsetForSectorAlignment": "0", "EventData.IncursSeekPenalty": "False", "EventData.IsTrimSupported": "False", "EventData.IsThinProvisioned": "False", "EventData.OptimalUnmapGranularity": "0", "EventData.UnmapAlignment": "0", "EventData.NumberOfLogicalCopies": "0", "EventData.NumberOfPhysicalCopies": "0", "EventData.FaultTolerance": "0", "EventData.NumberOfColumns": "0", "EventData.InterleaveBytes": "0", "EventData.HybridSupported": "False", "EventData.HybridCacheBytes": "0", "EventData.AdapterMaximumTransferBytes": "16777215", "EventData.AdapterMaximumTransferPages": "257", "EventData.AdapterAlignmentMask": "0", "EventData.AdapterSerialNumber": "NULL", "EventData.PortDriver": "1", "EventData.UserRemovalPolicy": "False", "EventData.PartitionStyle": "1", "EventData.PartitionCount": "4", "EventData.PartitionTableBytes": "624", "EventData.PartitionTable": "AQAAAAQAAAD4OlK1ULGKT4RoGH7auIX0AEQAAAAAAAAAev9/FgAAAIAAAAAAAAAAAQAAAAAAAAAAABAAAAAAAAAAQAYAAAAAAQAAAAAAAAAocyrBH/jSEbpLAKDJPsk7Ft7tjFc2cUiMh/1rxmz2kwAAAAAAAACARQBGAEkAIABzAHkAcwB0AGUAbQAgAHAAYQByAHQAaQB0AGkAbwBuAAAAAAAAAAAAAAAAAAAAAAAAAAAAAAAAAAAAAAAAAAAAAQAAAAAAAAAAAFAGAAAAAAAAAAEAAAAAAgAAAAAAAAAW48njXAu4TYF9+S3wAhWubxyUU+4aUkGSxur5kk16EAAAAAAAAACATQBpAGMAcgBvAHMAbwBmAHQAIAByAGUAcwBlAHIAdgBlAGQAIABwAGEAcgB0AGkAdABpAG8AbgAAAAAAAAAAAAAAAAAAAAAAAQAAAAAAAAAAAFAHAAAAAADiC1gWAAAAAwAAAAAAAACioNDr5bkzRIfAaLa3JpnHY4Y6w6JxMUCM7MIZFP4SrQAAAAAAAAAAQgBhAHMAaQBjACAAZABhAHQAYQAgAHAAYQByAHQAaQB0AGkAbwBuAAAAAAAAAAAAAAAAAAAAAAAAAAAAAAAAAAAAAAAAAAAAAQAAAAAAAAAAAGBfFgAAAAAAgCAAAAAABAAAAAAAAACku5Te0QZATaFqv9UBedasLLUb3g5OYUObu7rx0+QMAQEAAAAAAACAAAAAAAAAAAAAAAAAAAAAAAAAAAAAAAAAAAAAAAAAAAAAAAAAAAAAAAAAAAAAAAAAAAAAAAAAAAAAAAAAAAAAAAAAAAAAAAAA", "EventData.MbrBytes": "0", "EventData.Mbr": null, "EventData.Vbr0Bytes": "0", "EventData.Vbr0": null, "EventData.Vbr1Bytes": "0", "EventData.Vbr1": null, "EventData.Vbr2Bytes": "0", "EventData.Vbr2": null, "EventData.Vbr3Size": "0", "EventData.Vbr3": null}
{"EventID": "1006", "Channel": "Microsoft-Windows-Partition/Diagnostic", "Provider_Name": "Microsoft-Windows-Partition", "Computer": "DESKTOP-OFJ6N53", "TimeCreated": "2022-05-10 23:32:55.690447+00:00", "RecordID": "18", "Level": "4", "UserID": "S-1-5-18", "EventData.DiskNumber": "0", "EventData.Flags": "538976528", "EventData.Characteristics": "262400", "EventData.IsSystemCritical": "True", "EventData.PagingCount": "0", "EventData.HibernationCount": "0", "EventData.DumpCount": "0", "EventData.BytesPerSector": "512", "EventData.Capacity": "96636764160", "EventData.BusType": "10", "EventData.Manufacturer": "VMware", "EventData.Model": "Virtual disk", "EventData.Revision": "2.0", "EventData.SerialNumber": "NULL", "EventData.Location": "PCI Slot 160 : Bus 3 : Device 0 : Function 0 : Adapter 0 : Port 0 : Target 0 : LUN 0", "EventData.ParentId": "PCI\\VEN_1000&DEV_0054&SUBSYS_197615AD&REV_01\\4&2509f6e&0&00A8", "EventData.Socket": "-1", "EventData.Slot": "160", "EventData.Bus": "3", "EventData.Device": "0", "EventData.Function": "0", "EventData.Adapter": "0", "EventData.Port": "0", "EventData.Target": "0", "EventData.Lun": "0", "EventData.IoctlSupport": "59879", "EventData.IdFlags": "2", "EventData.DiskId": "{81d4a448-d0b9-11ec-a6c7-806e6f6e6963}", "EventData.AdapterId": "{2572a953-954b-11ec-a6b8-806e6f6e6963}", "EventData.RegistryId": "{2572a961-954b-11ec-a6b8-806e6f6e6963}", "EventData.PoolId": "{00000000-0000-0000-0000-000000000000}", "EventData.FirmwareSupportsUpgrade": "True", "EventData.FirmwareSlotCount": "1", "EventData.StorageIdCount": "0", "EventData.StorageIdCodeSet": "0", "EventData.StorageIdType": "0", "EventData.StorageIdAssociation": "0", "EventData.StorageIdBytes": "0", "EventData.StorageId": null, "EventData.WriteCacheType": "0", "EventData.WriteCacheEnabled": "0", "EventData.WriteCacheChangeable": "0", "EventData.WriteThroughSupported": "0", "EventData.FlushCacheSupported": "False", "EventData.IsPowerProtected": "False", "EventData.NVCacheEnabled": "False", "EventData.BytesPerLogicalSector": "512", "EventData.BytesPerPhysicalSector": "512", "EventData.BytesOffsetForSectorAlignment": "0", "EventData.IncursSeekPenalty": "False", "EventData.IsTrimSupported": "False", "EventData.IsThinProvisioned": "False", "EventData.OptimalUnmapGranularity": "0", "EventData.UnmapAlignment": "0", "EventData.NumberOfLogicalCopies": "0", "EventData.NumberOfPhysicalCopies": "0", "EventData.FaultTolerance": "0", "EventData.NumberOfColumns": "0", "EventData.InterleaveBytes": "0", "EventData.HybridSupported": "False", "EventData.HybridCacheBytes": "0", "EventData.AdapterMaximumTransferBytes": "16777215", "EventData.AdapterMaximumTransferPages": "257", "EventData.AdapterAlignmentMask": "0", "EventData.AdapterSerialNumber": "NULL", "EventData.PortDriver": "1", "EventData.UserRemovalPolicy": "False", "EventData.PartitionStyle": "1", "EventData.PartitionCount": "4", "EventData.PartitionTableBytes": "624", "EventData.PartitionTable": "AQAAAAQAAAD4OlK1ULGKT4RoGH7auIX0AEQAAAAAAAAAev9/FgAAAIAAAAAAAAAAAQAAAAAAAAAAABAAAAAAAAAAQAYAAAAAAQAAAAAAAAAocyrBH/jSEbpLAKDJPsk7Ft7tjFc2cUiMh/1rxmz2kwAAAAAAAACARQBGAEkAIABzAHkAcwB0AGUAbQAgAHAAYQByAHQAaQB0AGkAbwBuAAAAAAAAAAAAAAAAAAAAAAAAAAAAAAAAAAAAAAAAAAAAAQAAAAAAAAAAAFAGAAAAAAAAAAEAAAAAAgAAAAAAAAAW48njXAu4TYF9+S3wAhWubxyUU+4aUkGSxur5kk16EAAAAAAAAACATQBpAGMAcgBvAHMAbwBmAHQAIAByAGUAcwBlAHIAdgBlAGQAIABwAGEAcgB0AGkAdABpAG8AbgAAAAAAAAAAAAAAAAAAAAAAAQAAAAAAAAAAAFAHAAAAAADiC1gWAAAAAwAAAAAAAACioNDr5bkzRIfAaLa3JpnHY4Y6w6JxMUCM7MIZFP4SrQAAAAAAAAAAQgBhAHMAaQBjACAAZABhAHQAYQAgAHAAYQByAHQAaQB0AGkAbwBuAAAAAAAAAAAAAAAAAAAAAAAAAAAAAAAAAAAAAAAAAAAAAQAAAAAAAAAAAGBfFgAAAAAAgCAAAAAABAAAAAAAAACku5Te0QZATaFqv9UBedasLLUb3g5OYUObu7rx0+QMAQEAAAAAAACAAAAAAAAAAAAAAAAAAAAAAAAAAAAAAAAAAAAAAAAAAAAAAAAAAAAAAAAAAAAAAAAAAAAAAAAAAAAAAAAAAAAAAAAAAAAAAAAA", "EventData.MbrBytes": "0", "EventData.Mbr": null, "EventData.Vbr0Bytes": "0", "EventData.Vbr0": null, "EventData.Vbr1Bytes": "0", "EventData.Vbr1": null, "EventData.Vbr2Bytes": "0", "EventData.Vbr2": null, "EventData.Vbr3Size": "0", "EventData.Vbr3": null}
{"EventID": "1006", "Channel": "Microsoft-Windows-Partition/Diagnostic", "Provider_Name": "Microsoft-Windows-Partition", "Computer": "DESKTOP-OFJ6N53", "TimeCreated": "2022-06-06 07:33:53.741522+00:00", "RecordID": "19", "Level": "4", "UserID": "S-1-5-18", "EventData.DiskNumber": "0", "EventData.Flags": "538976528", "EventData.Characteristics": "262400", "EventData.IsSystemCritical": "True", "EventData.PagingCount": "0", "EventData.HibernationCount": "0", "EventData.DumpCount": "0", "EventData.BytesPerSector": "512", "EventData.Capacity": "96636764160", "EventData.BusType": "10", "EventData.Manufacturer": "VMware", "EventData.Model": "Virtual disk", "EventData.Revision": "2.0", "EventData.SerialNumber": "NULL", "EventData.Location": "PCI Slot 160 : Bus 3 : Device 0 : Function 0 : Adapter 0 : Port 0 : Target 0 : LUN 0", "EventData.ParentId": "PCI\\VEN_1000&DEV_0054&SUBSYS_197615AD&REV_01\\4&2509f6e&0&00A8", "EventData.Socket": "-1", "EventData.Slot": "160", "EventData.Bus": "3", "EventData.Device": "0", "EventData.Function": "0", "EventData.Adapter": "0", "EventData.Port": "0", "EventData.Target": "0", "EventData.Lun": "0", "EventData.IoctlSupport": "59879", "EventData.IdFlags": "2", "EventData.DiskId": "{fec2f764-e56a-11ec-a6c8-806e6f6e6963}", "EventData.AdapterId": "{2572a953-954b-11ec-a6b8-806e6f6e6963}", "EventData.RegistryId": "{2572a961-954b-11ec-a6b8-806e6f6e6963}", "EventData.PoolId": "{00000000-0000-0000-0000-000000000000}", "EventData.FirmwareSupportsUpgrade": "True", "EventData.FirmwareSlotCount": "1", "EventData.StorageIdCount": "0", "EventData.StorageIdCodeSet": "0", "EventData.StorageIdType": "0", "EventData.StorageIdAssociation": "0", "EventData.StorageIdBytes": "0", "EventData.StorageId": null, "EventData.WriteCacheType": "0", "EventData.WriteCacheEnabled": "0", "EventData.WriteCacheChangeable": "0", "EventData.WriteThroughSupported": "0", "EventData.FlushCacheSupported": "False", "EventData.IsPowerProtected": "False", "EventData.NVCacheEnabled": "False", "EventData.BytesPerLogicalSector": "512", "EventData.BytesPerPhysicalSector": "512", "EventData.BytesOffsetForSectorAlignment": "0", "EventData.IncursSeekPenalty": "False", "EventData.IsTrimSupported": "False", "EventData.IsThinProvisioned": "False", "EventData.OptimalUnmapGranularity": "0", "EventData.UnmapAlignment": "0", "EventData.NumberOfLogicalCopies": "0", "EventData.NumberOfPhysicalCopies": "0", "EventData.FaultTolerance": "0", "EventData.NumberOfColumns": "0", "EventData.InterleaveBytes": "0", "EventData.HybridSupported": "False", "EventData.HybridCacheBytes": "0", "EventData.AdapterMaximumTransferBytes": "16777215", "EventData.AdapterMaximumTransferPages": "257", "EventData.AdapterAlignmentMask": "0", "EventData.AdapterSerialNumber": "NULL", "EventData.PortDriver": "1", "EventData.UserRemovalPolicy": "False", "EventData.PartitionStyle": "1", "EventData.PartitionCount": "4", "EventData.PartitionTableBytes": "624", "EventData.PartitionTable": "AQAAAAQAAAD4OlK1ULGKT4RoGH7auIX0AEQAAAAAAAAAev9/FgAAAIAAAAAAAAAAAQAAAAAAAAAAABAAAAAAAAAAQAYAAAAAAQAAAAAAAAAocyrBH/jSEbpLAKDJPsk7Ft7tjFc2cUiMh/1rxmz2kwAAAAAAAACARQBGAEkAIABzAHkAcwB0AGUAbQAgAHAAYQByAHQAaQB0AGkAbwBuAAAAAAAAAAAAAAAAAAAAAAAAAAAAAAAAAAAAAAAAAAAAAQAAAAAAAAAAAFAGAAAAAAAAAAEAAAAAAgAAAAAAAAAW48njXAu4TYF9+S3wAhWubxyUU+4aUkGSxur5kk16EAAAAAAAAACATQBpAGMAcgBvAHMAbwBmAHQAIAByAGUAcwBlAHIAdgBlAGQAIABwAGEAcgB0AGkAdABpAG8AbgAAAAAAAAAAAAAAAAAAAAAAAQAAAAAAAAAAAFAHAAAAAADiC1gWAAAAAwAAAAAAAACioNDr5bkzRIfAaLa3JpnHY4Y6w6JxMUCM7MIZFP4SrQAAAAAAAAAAQgBhAHMAaQBjACAAZABhAHQAYQAgAHAAYQByAHQAaQB0AGkAbwBuAAAAAAAAAAAAAAAAAAAAAAAAAAAAAAAAAAAAAAAAAAAAAQAAAAAAAAAAAGBfFgAAAAAAgCAAAAAABAAAAAAAAACku5Te0QZATaFqv9UBedasLLUb3g5OYUObu7rx0+QMAQEAAAAAAACAAAAAAAAAAAAAAAAAAAAAAAAAAAAAAAAAAAAAAAAAAAAAAAAAAAAAAAAAAAAAAAAAAAAAAAAAAAAAAAAAAAAAAAAAAAAAAAAA", "EventData.MbrBytes": "0", "EventData.Mbr": null, "EventData.Vbr0Bytes": "0", "EventData.Vbr0": null, "EventData.Vbr1Bytes": "0", "EventData.Vbr1": null, "EventData.Vbr2Bytes": "0", "EventData.Vbr2": null, "EventData.Vbr3Size": "0", "EventData.Vbr3": null}
{"EventID": "1006", "Channel": "Microsoft-Windows-Partition/Diagnostic", "Provider_Name": "Microsoft-Windows-Partition", "Computer": "DESKTOP-OFJ6N53", "TimeCreated": "2022-06-06 07:37:12.344419+00:00", "RecordID": "20", "Level": "4", "UserID": "S-1-5-18", "EventData.DiskNumber": "0", "EventData.Flags": "538976528", "EventData.Characteristics": "262400", "EventData.IsSystemCritical": "True", "EventData.PagingCount": "0", "EventData.HibernationCount": "0", "EventData.DumpCount": "0", "EventData.BytesPerSector": "512", "EventData.Capacity": "96636764160", "EventData.BusType": "10", "EventData.Manufacturer": "VMware", "EventData.Model": "Virtual disk", "EventData.Revision": "2.0", "EventData.SerialNumber": "NULL", "EventData.Location": "PCI Slot 160 : Bus 3 : Device 0 : Function 0 : Adapter 0 : Port 0 : Target 0 : LUN 0", "EventData.ParentId": "PCI\\VEN_1000&DEV_0054&SUBSYS_197615AD&REV_01\\4&2509f6e&0&00A8", "EventData.Socket": "-1", "EventData.Slot": "160", "EventData.Bus": "3", "EventData.Device": "0", "EventData.Function": "0", "EventData.Adapter": "0", "EventData.Port": "0", "EventData.Target": "0", "EventData.Lun": "0", "EventData.IoctlSupport": "59879", "EventData.IdFlags": "2", "EventData.DiskId": "{7858f54f-e56b-11ec-a6c9-806e6f6e6963}", "EventData.AdapterId": "{2572a953-954b-11ec-a6b8-806e6f6e6963}", "EventData.RegistryId": "{2572a961-954b-11ec-a6b8-806e6f6e6963}", "EventData.PoolId": "{00000000-0000-0000-0000-000000000000}", "EventData.FirmwareSupportsUpgrade": "True", "EventData.FirmwareSlotCount": "1", "EventData.StorageIdCount": "0", "EventData.StorageIdCodeSet": "0", "EventData.StorageIdType": "0", "EventData.StorageIdAssociation": "0", "EventData.StorageIdBytes": "0", "EventData.StorageId": null, "EventData.WriteCacheType": "0", "EventData.WriteCacheEnabled": "0", "EventData.WriteCacheChangeable": "0", "EventData.WriteThroughSupported": "0", "EventData.FlushCacheSupported": "False", "EventData.IsPowerProtected": "False", "EventData.NVCacheEnabled": "False", "EventData.BytesPerLogicalSector": "512", "EventData.BytesPerPhysicalSector": "512", "EventData.BytesOffsetForSectorAlignment": "0", "EventData.IncursSeekPenalty": "False", "EventData.IsTrimSupported": "False", "EventData.IsThinProvisioned": "False", "EventData.OptimalUnmapGranularity": "0", "EventData.UnmapAlignment": "0", "EventData.NumberOfLogicalCopies": "0", "EventData.NumberOfPhysicalCopies": "0", "EventData.FaultTolerance": "0", "EventData.NumberOfColumns": "0", "EventData.InterleaveBytes": "0", "EventData.HybridSupported": "False", "EventData.HybridCacheBytes": "0", "EventData.AdapterMaximumTransferBytes": "16777215", "EventData.AdapterMaximumTransferPages": "257", "EventData.AdapterAlignmentMask": "0", "EventData.AdapterSerialNumber": "NULL", "EventData.PortDriver": "1", "EventData.UserRemovalPolicy": "False", "EventData.PartitionStyle": "1", "EventData.PartitionCount": "4", "EventData.PartitionTableBytes": "624", "EventData.PartitionTable": "AQAAAAQAAAD4OlK1ULGKT4RoGH7auIX0AEQAAAAAAAAAev9/FgAAAIAAAAAAAAAAAQAAAAAAAAAAABAAAAAAAAAAQAYAAAAAAQAAAAAAAAAocyrBH/jSEbpLAKDJPsk7Ft7tjFc2cUiMh/1rxmz2kwAAAAAAAACARQBGAEkAIABzAHkAcwB0AGUAbQAgAHAAYQByAHQAaQB0AGkAbwBuAAAAAAAAAAAAAAAAAAAAAAAAAAAAAAAAAAAAAAAAAAAAAQAAAAAAAAAAAFAGAAAAAAAAAAEAAAAAAgAAAAAAAAAW48njXAu4TYF9+S3wAhWubxyUU+4aUkGSxur5kk16EAAAAAAAAACATQBpAGMAcgBvAHMAbwBmAHQAIAByAGUAcwBlAHIAdgBlAGQAIABwAGEAcgB0AGkAdABpAG8AbgAAAAAAAAAAAAAAAAAAAAAAAQAAAAAAAAAAAFAHAAAAAADiC1gWAAAAAwAAAAAAAACioNDr5bkzRIfAaLa3JpnHY4Y6w6JxMUCM7MIZFP4SrQAAAAAAAAAAQgBhAHMAaQBjACAAZABhAHQAYQAgAHAAYQByAHQAaQB0AGkAbwBuAAAAAAAAAAAAAAAAAAAAAAAAAAAAAAAAAAAAAAAAAAAAAQAAAAAAAAAAAGBfFgAAAAAAgCAAAAAABAAAAAAAAACku5Te0QZATaFqv9UBedasLLUb3g5OYUObu7rx0+QMAQEAAAAAAACAAAAAAAAAAAAAAAAAAAAAAAAAAAAAAAAAAAAAAAAAAAAAAAAAAAAAAAAAAAAAAAAAAAAAAAAAAAAAAAAAAAAAAAAAAAAAAAAA", "EventData.MbrBytes": "0", "EventData.Mbr": null, "EventData.Vbr0Bytes": "0", "EventData.Vbr0": null, "EventData.Vbr1Bytes": "0", "EventData.Vbr1": null, "EventData.Vbr2Bytes": "0", "EventData.Vbr2": null, "EventData.Vbr3Size": "0", "EventData.Vbr3": null}
{"EventID": "1006", "Channel": "Microsoft-Windows-Partition/Diagnostic", "Provider_Name": "Microsoft-Windows-Partition", "Computer": "DESKTOP-OFJ6N53", "TimeCreated": "2022-06-14 18:01:24.057331+00:00", "RecordID": "21", "Level": "4", "UserID": "S-1-5-18", "EventData.DiskNumber": "0", "EventData.Flags": "538976528", "EventData.Characteristics": "262400", "EventData.IsSystemCritical": "True", "EventData.PagingCount": "0", "EventData.HibernationCount": "0", "EventData.DumpCount": "0", "EventData.BytesPerSector": "512", "EventData.Capacity": "96636764160", "EventData.BusType": "10", "EventData.Manufacturer": "VMware", "EventData.Model": "Virtual disk", "EventData.Revision": "2.0", "EventData.SerialNumber": "NULL", "EventData.Location": "PCI Slot 160 : Bus 3 : Device 0 : Function 0 : Adapter 0 : Port 0 : Target 0 : LUN 0", "EventData.ParentId": "PCI\\VEN_1000&DEV_0054&SUBSYS_197615AD&REV_01\\4&2509f6e&0&00A8", "EventData.Socket": "-1", "EventData.Slot": "160", "EventData.Bus": "3", "EventData.Device": "0", "EventData.Function": "0", "EventData.Adapter": "0", "EventData.Port": "0", "EventData.Target": "0", "EventData.Lun": "0", "EventData.IoctlSupport": "59879", "EventData.IdFlags": "2", "EventData.DiskId": "{fdab6a14-ec0b-11ec-a6ca-806e6f6e6963}", "EventData.AdapterId": "{2572a953-954b-11ec-a6b8-806e6f6e6963}", "EventData.RegistryId": "{2572a961-954b-11ec-a6b8-806e6f6e6963}", "EventData.PoolId": "{00000000-0000-0000-0000-000000000000}", "EventData.FirmwareSupportsUpgrade": "True", "EventData.FirmwareSlotCount": "1", "EventData.StorageIdCount": "0", "EventData.StorageIdCodeSet": "0", "EventData.StorageIdType": "0", "EventData.StorageIdAssociation": "0", "EventData.StorageIdBytes": "0", "EventData.StorageId": null, "EventData.WriteCacheType": "0", "EventData.WriteCacheEnabled": "0", "EventData.WriteCacheChangeable": "0", "EventData.WriteThroughSupported": "0", "EventData.FlushCacheSupported": "False", "EventData.IsPowerProtected": "False", "EventData.NVCacheEnabled": "False", "EventData.BytesPerLogicalSector": "512", "EventData.BytesPerPhysicalSector": "512", "EventData.BytesOffsetForSectorAlignment": "0", "EventData.IncursSeekPenalty": "False", "EventData.IsTrimSupported": "False", "EventData.IsThinProvisioned": "False", "EventData.OptimalUnmapGranularity": "0", "EventData.UnmapAlignment": "0", "EventData.NumberOfLogicalCopies": "0", "EventData.NumberOfPhysicalCopies": "0", "EventData.FaultTolerance": "0", "EventData.NumberOfColumns": "0", "EventData.InterleaveBytes": "0", "EventData.HybridSupported": "False", "EventData.HybridCacheBytes": "0", "EventData.AdapterMaximumTransferBytes": "16777215", "EventData.AdapterMaximumTransferPages": "257", "EventData.AdapterAlignmentMask": "0", "EventData.AdapterSerialNumber": "NULL", "EventData.PortDriver": "1", "EventData.UserRemovalPolicy": "False", "EventData.PartitionStyle": "1", "EventData.PartitionCount": "4", "EventData.PartitionTableBytes": "624", "EventData.PartitionTable": "AQAAAAQAAAD4OlK1ULGKT4RoGH7auIX0AEQAAAAAAAAAev9/FgAAAIAAAAAAAAAAAQAAAAAAAAAAABAAAAAAAAAAQAYAAAAAAQAAAAAAAAAocyrBH/jSEbpLAKDJPsk7Ft7tjFc2cUiMh/1rxmz2kwAAAAAAAACARQBGAEkAIABzAHkAcwB0AGUAbQAgAHAAYQByAHQAaQB0AGkAbwBuAAAAAAAAAAAAAAAAAAAAAAAAAAAAAAAAAAAAAAAAAAAAAQAAAAAAAAAAAFAGAAAAAAAAAAEAAAAAAgAAAAAAAAAW48njXAu4TYF9+S3wAhWubxyUU+4aUkGSxur5kk16EAAAAAAAAACATQBpAGMAcgBvAHMAbwBmAHQAIAByAGUAcwBlAHIAdgBlAGQAIABwAGEAcgB0AGkAdABpAG8AbgAAAAAAAAAAAAAAAAAAAAAAAQAAAAAAAAAAAFAHAAAAAADiC1gWAAAAAwAAAAAAAACioNDr5bkzRIfAaLa3JpnHY4Y6w6JxMUCM7MIZFP4SrQAAAAAAAAAAQgBhAHMAaQBjACAAZABhAHQAYQAgAHAAYQByAHQAaQB0AGkAbwBuAAAAAAAAAAAAAAAAAAAAAAAAAAAAAAAAAAAAAAAAAAAAAQAAAAAAAAAAAGBfFgAAAAAAgCAAAAAABAAAAAAAAACku5Te0QZATaFqv9UBedasLLUb3g5OYUObu7rx0+QMAQEAAAAAAACAAAAAAAAAAAAAAAAAAAAAAAAAAAAAAAAAAAAAAAAAAAAAAAAAAAAAAAAAAAAAAAAAAAAAAAAAAAAAAAAAAAAAAAAAAAAAAAAA", "EventData.MbrBytes": "0", "EventData.Mbr": null, "EventData.Vbr0Bytes": "0", "EventData.Vbr0": null, "EventData.Vbr1Bytes": "0", "EventData.Vbr1": null, "EventData.Vbr2Bytes": "0", "EventData.Vbr2": null, "EventData.Vbr3Size": "0", "EventData.Vbr3": null}
{"EventID": "1006", "Channel": "Microsoft-Windows-Partition/Diagnostic", "Provider_Name": "Microsoft-Windows-Partition", "Computer": "DESKTOP-OFJ6N53", "TimeCreated": "2022-07-13 14:42:16.660700+00:00", "RecordID": "22", "Level": "4", "UserID": "S-1-5-18", "EventData.DiskNumber": "0", "EventData.Flags": "538976528", "EventData.Characteristics": "262400", "EventData.IsSystemCritical": "True", "EventData.PagingCount": "0", "EventData.HibernationCount": "0", "EventData.DumpCount": "0", "EventData.BytesPerSector": "512", "EventData.Capacity": "96636764160", "EventData.BusType": "10", "EventData.Manufacturer": "VMware", "EventData.Model": "Virtual disk", "EventData.Revision": "2.0", "EventData.SerialNumber": "NULL", "EventData.Location": "PCI Slot 160 : Bus 3 : Device 0 : Function 0 : Adapter 0 : Port 0 : Target 0 : LUN 0", "EventData.ParentId": "PCI\\VEN_1000&DEV_0054&SUBSYS_197615AD&REV_01\\4&2509f6e&0&00A8", "EventData.Socket": "-1", "EventData.Slot": "160", "EventData.Bus": "3", "EventData.Device": "0", "EventData.Function": "0", "EventData.Adapter": "0", "EventData.Port": "0", "EventData.Target": "0", "EventData.Lun": "0", "EventData.IoctlSupport": "59879", "EventData.IdFlags": "2", "EventData.DiskId": "{fad19460-02b9-11ed-a6cb-806e6f6e6963}", "EventData.AdapterId": "{2572a953-954b-11ec-a6b8-806e6f6e6963}", "EventData.RegistryId": "{2572a961-954b-11ec-a6b8-806e6f6e6963}", "EventData.PoolId": "{00000000-0000-0000-0000-000000000000}", "EventData.FirmwareSupportsUpgrade": "True", "EventData.FirmwareSlotCount": "1", "EventData.StorageIdCount": "0", "EventData.StorageIdCodeSet": "0", "EventData.StorageIdType": "0", "EventData.StorageIdAssociation": "0", "EventData.StorageIdBytes": "0", "EventData.StorageId": null, "EventData.WriteCacheType": "0", "EventData.WriteCacheEnabled": "0", "EventData.WriteCacheChangeable": "0", "EventData.WriteThroughSupported": "0", "EventData.FlushCacheSupported": "False", "EventData.IsPowerProtected": "False", "EventData.NVCacheEnabled": "False", "EventData.BytesPerLogicalSector": "512", "EventData.BytesPerPhysicalSector": "512", "EventData.BytesOffsetForSectorAlignment": "0", "EventData.IncursSeekPenalty": "False", "EventData.IsTrimSupported": "False", "EventData.IsThinProvisioned": "False", "EventData.OptimalUnmapGranularity": "0", "EventData.UnmapAlignment": "0", "EventData.NumberOfLogicalCopies": "0", "EventData.NumberOfPhysicalCopies": "0", "EventData.FaultTolerance": "0", "EventData.NumberOfColumns": "0", "EventData.InterleaveBytes": "0", "EventData.HybridSupported": "False", "EventData.HybridCacheBytes": "0", "EventData.AdapterMaximumTransferBytes": "16777215", "EventData.AdapterMaximumTransferPages": "257", "EventData.AdapterAlignmentMask": "0", "EventData.AdapterSerialNumber": "NULL", "EventData.PortDriver": "1", "EventData.UserRemovalPolicy": "False", "EventData.PartitionStyle": "1", "EventData.PartitionCount": "4", "EventData.PartitionTableBytes": "624", "EventData.PartitionTable": "AQAAAAQAAAD4OlK1ULGKT4RoGH7auIX0AEQAAAAAAAAAev9/FgAAAIAAAAAAAAAAAQAAAAAAAAAAABAAAAAAAAAAQAYAAAAAAQAAAAAAAAAocyrBH/jSEbpLAKDJPsk7Ft7tjFc2cUiMh/1rxmz2kwAAAAAAAACARQBGAEkAIABzAHkAcwB0AGUAbQAgAHAAYQByAHQAaQB0AGkAbwBuAAAAAAAAAAAAAAAAAAAAAAAAAAAAAAAAAAAAAAAAAAAAAQAAAAAAAAAAAFAGAAAAAAAAAAEAAAAAAgAAAAAAAAAW48njXAu4TYF9+S3wAhWubxyUU+4aUkGSxur5kk16EAAAAAAAAACATQBpAGMAcgBvAHMAbwBmAHQAIAByAGUAcwBlAHIAdgBlAGQAIABwAGEAcgB0AGkAdABpAG8AbgAAAAAAAAAAAAAAAAAAAAAAAQAAAAAAAAAAAFAHAAAAAADiC1gWAAAAAwAAAAAAAACioNDr5bkzRIfAaLa3JpnHY4Y6w6JxMUCM7MIZFP4SrQAAAAAAAAAAQgBhAHMAaQBjACAAZABhAHQAYQAgAHAAYQByAHQAaQB0AGkAbwBuAAAAAAAAAAAAAAAAAAAAAAAAAAAAAAAAAAAAAAAAAAAAAQAAAAAAAAAAAGBfFgAAAAAAgCAAAAAABAAAAAAAAACku5Te0QZATaFqv9UBedasLLUb3g5OYUObu7rx0+QMAQEAAAAAAACAAAAAAAAAAAAAAAAAAAAAAAAAAAAAAAAAAAAAAAAAAAAAAAAAAAAAAAAAAAAAAAAAAAAAAAAAAAAAAAAAAAAAAAAAAAAAAAAA", "EventData.MbrBytes": "0", "EventData.Mbr": null, "EventData.Vbr0Bytes": "0", "EventData.Vbr0": null, "EventData.Vbr1Bytes": "0", "EventData.Vbr1": null, "EventData.Vbr2Bytes": "0", "EventData.Vbr2": null, "EventData.Vbr3Size": "0", "EventData.Vbr3": null}
{"EventID": "1006", "Channel": "Microsoft-Windows-Partition/Diagnostic", "Provider_Name": "Microsoft-Windows-Partition", "Computer": "DESKTOP-OFJ6N53", "TimeCreated": "2022-08-04 17:04:29.652199+00:00", "RecordID": "23", "Level": "4", "UserID": "S-1-5-18", "EventData.DiskNumber": "0", "EventData.Flags": "538976528", "EventData.Characteristics": "262400", "EventData.IsSystemCritical": "True", "EventData.PagingCount": "0", "EventData.HibernationCount": "0", "EventData.DumpCount": "0", "EventData.BytesPerSector": "512", "EventData.Capacity": "96636764160", "EventData.BusType": "10", "EventData.Manufacturer": "VMware", "EventData.Model": "Virtual disk", "EventData.Revision": "2.0", "EventData.SerialNumber": "NULL", "EventData.Location": "PCI Slot 160 : Bus 3 : Device 0 : Function 0 : Adapter 0 : Port 0 : Target 0 : LUN 0", "EventData.ParentId": "PCI\\VEN_1000&DEV_0054&SUBSYS_197615AD&REV_01\\4&2509f6e&0&00A8", "EventData.Socket": "-1", "EventData.Slot": "160", "EventData.Bus": "3", "EventData.Device": "0", "EventData.Function": "0", "EventData.Adapter": "0", "EventData.Port": "0", "EventData.Target": "0", "EventData.Lun": "0", "EventData.IoctlSupport": "59879", "EventData.IdFlags": "2", "EventData.DiskId": "{783b7f74-1417-11ed-a6cc-806e6f6e6963}", "EventData.AdapterId": "{2572a953-954b-11ec-a6b8-806e6f6e6963}", "EventData.RegistryId": "{2572a961-954b-11ec-a6b8-806e6f6e6963}", "EventData.PoolId": "{00000000-0000-0000-0000-000000000000}", "EventData.FirmwareSupportsUpgrade": "True", "EventData.FirmwareSlotCount": "1", "EventData.StorageIdCount": "0", "EventData.StorageIdCodeSet": "0", "EventData.StorageIdType": "0", "EventData.StorageIdAssociation": "0", "EventData.StorageIdBytes": "0", "EventData.StorageId": null, "EventData.WriteCacheType": "0", "EventData.WriteCacheEnabled": "0", "EventData.WriteCacheChangeable": "0", "EventData.WriteThroughSupported": "0", "EventData.FlushCacheSupported": "False", "EventData.IsPowerProtected": "False", "EventData.NVCacheEnabled": "False", "EventData.BytesPerLogicalSector": "512", "EventData.BytesPerPhysicalSector": "512", "EventData.BytesOffsetForSectorAlignment": "0", "EventData.IncursSeekPenalty": "False", "EventData.IsTrimSupported": "False", "EventData.IsThinProvisioned": "False", "EventData.OptimalUnmapGranularity": "0", "EventData.UnmapAlignment": "0", "EventData.NumberOfLogicalCopies": "0", "EventData.NumberOfPhysicalCopies": "0", "EventData.FaultTolerance": "0", "EventData.NumberOfColumns": "0", "EventData.InterleaveBytes": "0", "EventData.HybridSupported": "False", "EventData.HybridCacheBytes": "0", "EventData.AdapterMaximumTransferBytes": "16777215", "EventData.AdapterMaximumTransferPages": "257", "EventData.AdapterAlignmentMask": "0", "EventData.AdapterSerialNumber": "NULL", "EventData.PortDriver": "1", "EventData.UserRemovalPolicy": "False", "EventData.PartitionStyle": "1", "EventData.PartitionCount": "4", "EventData.PartitionTableBytes": "624", "EventData.PartitionTable": "AQAAAAQAAAD4OlK1ULGKT4RoGH7auIX0AEQAAAAAAAAAev9/FgAAAIAAAAAAAAAAAQAAAAAAAAAAABAAAAAAAAAAQAYAAAAAAQAAAAAAAAAocyrBH/jSEbpLAKDJPsk7Ft7tjFc2cUiMh/1rxmz2kwAAAAAAAACARQBGAEkAIABzAHkAcwB0AGUAbQAgAHAAYQByAHQAaQB0AGkAbwBuAAAAAAAAAAAAAAAAAAAAAAAAAAAAAAAAAAAAAAAAAAAAAQAAAAAAAAAAAFAGAAAAAAAAAAEAAAAAAgAAAAAAAAAW48njXAu4TYF9+S3wAhWubxyUU+4aUkGSxur5kk16EAAAAAAAAACATQBpAGMAcgBvAHMAbwBmAHQAIAByAGUAcwBlAHIAdgBlAGQAIABwAGEAcgB0AGkAdABpAG8AbgAAAAAAAAAAAAAAAAAAAAAAAQAAAAAAAAAAAFAHAAAAAADiC1gWAAAAAwAAAAAAAACioNDr5bkzRIfAaLa3JpnHY4Y6w6JxMUCM7MIZFP4SrQAAAAAAAAAAQgBhAHMAaQBjACAAZABhAHQAYQAgAHAAYQByAHQAaQB0AGkAbwBuAAAAAAAAAAAAAAAAAAAAAAAAAAAAAAAAAAAAAAAAAAAAAQAAAAAAAAAAAGBfFgAAAAAAgCAAAAAABAAAAAAAAACku5Te0QZATaFqv9UBedasLLUb3g5OYUObu7rx0+QMAQEAAAAAAACAAAAAAAAAAAAAAAAAAAAAAAAAAAAAAAAAAAAAAAAAAAAAAAAAAAAAAAAAAAAAAAAAAAAAAAAAAAAAAAAAAAAAAAAAAAAAAAAA", "EventData.MbrBytes": "0", "EventData.Mbr": null, "EventData.Vbr0Bytes": "0", "EventData.Vbr0": null, "EventData.Vbr1Bytes": "0", "EventData.Vbr1": null, "EventData.Vbr2Bytes": "0", "EventData.Vbr2": null, "EventData.Vbr3Size": "0", "EventData.Vbr3": null}
{"EventID": "1006", "Channel": "Microsoft-Windows-Partition/Diagnostic", "Provider_Name": "Microsoft-Windows-Partition", "Computer": "DESKTOP-OFJ6N53", "TimeCreated": "2022-08-09 19:08:35.641174+00:00", "RecordID": "24", "Level": "4", "UserID": "S-1-5-18", "EventData.DiskNumber": "0", "EventData.Flags": "538976528", "EventData.Characteristics": "262400", "EventData.IsSystemCritical": "True", "EventData.PagingCount": "0", "EventData.HibernationCount": "0", "EventData.DumpCount": "0", "EventData.BytesPerSector": "512", "EventData.Capacity": "96636764160", "EventData.BusType": "10", "EventData.Manufacturer": "VMware", "EventData.Model": "Virtual disk", "EventData.Revision": "2.0", "EventData.SerialNumber": "NULL", "EventData.Location": "PCI Slot 160 : Bus 3 : Device 0 : Function 0 : Adapter 0 : Port 0 : Target 0 : LUN 0", "EventData.ParentId": "PCI\\VEN_1000&DEV_0054&SUBSYS_197615AD&REV_01\\4&2509f6e&0&00A8", "EventData.Socket": "-1", "EventData.Slot": "160", "EventData.Bus": "3", "EventData.Device": "0", "EventData.Function": "0", "EventData.Adapter": "0", "EventData.Port": "0", "EventData.Target": "0", "EventData.Lun": "0", "EventData.IoctlSupport": "59879", "EventData.IdFlags": "2", "EventData.DiskId": "{a7fc59db-1816-11ed-a6cd-806e6f6e6963}", "EventData.AdapterId": "{2572a953-954b-11ec-a6b8-806e6f6e6963}", "EventData.RegistryId": "{2572a961-954b-11ec-a6b8-806e6f6e6963}", "EventData.PoolId": "{00000000-0000-0000-0000-000000000000}", "EventData.FirmwareSupportsUpgrade": "True", "EventData.FirmwareSlotCount": "1", "EventData.StorageIdCount": "0", "EventData.StorageIdCodeSet": "0", "EventData.StorageIdType": "0", "EventData.StorageIdAssociation": "0", "EventData.StorageIdBytes": "0", "EventData.StorageId": null, "EventData.WriteCacheType": "0", "EventData.WriteCacheEnabled": "0", "EventData.WriteCacheChangeable": "0", "EventData.WriteThroughSupported": "0", "EventData.FlushCacheSupported": "False", "EventData.IsPowerProtected": "False", "EventData.NVCacheEnabled": "False", "EventData.BytesPerLogicalSector": "512", "EventData.BytesPerPhysicalSector": "512", "EventData.BytesOffsetForSectorAlignment": "0", "EventData.IncursSeekPenalty": "False", "EventData.IsTrimSupported": "False", "EventData.IsThinProvisioned": "False", "EventData.OptimalUnmapGranularity": "0", "EventData.UnmapAlignment": "0", "EventData.NumberOfLogicalCopies": "0", "EventData.NumberOfPhysicalCopies": "0", "EventData.FaultTolerance": "0", "EventData.NumberOfColumns": "0", "EventData.InterleaveBytes": "0", "EventData.HybridSupported": "False", "EventData.HybridCacheBytes": "0", "EventData.AdapterMaximumTransferBytes": "16777215", "EventData.AdapterMaximumTransferPages": "257", "EventData.AdapterAlignmentMask": "0", "EventData.AdapterSerialNumber": "NULL", "EventData.PortDriver": "1", "EventData.UserRemovalPolicy": "False", "EventData.PartitionStyle": "1", "EventData.PartitionCount": "4", "EventData.PartitionTableBytes": "624", "EventData.PartitionTable": "AQAAAAQAAAD4OlK1ULGKT4RoGH7auIX0AEQAAAAAAAAAev9/FgAAAIAAAAAAAAAAAQAAAAAAAAAAABAAAAAAAAAAQAYAAAAAAQAAAAAAAAAocyrBH/jSEbpLAKDJPsk7Ft7tjFc2cUiMh/1rxmz2kwAAAAAAAACARQBGAEkAIABzAHkAcwB0AGUAbQAgAHAAYQByAHQAaQB0AGkAbwBuAAAAAAAAAAAAAAAAAAAAAAAAAAAAAAAAAAAAAAAAAAAAAQAAAAAAAAAAAFAGAAAAAAAAAAEAAAAAAgAAAAAAAAAW48njXAu4TYF9+S3wAhWubxyUU+4aUkGSxur5kk16EAAAAAAAAACATQBpAGMAcgBvAHMAbwBmAHQAIAByAGUAcwBlAHIAdgBlAGQAIABwAGEAcgB0AGkAdABpAG8AbgAAAAAAAAAAAAAAAAAAAAAAAQAAAAAAAAAAAFAHAAAAAADiC1gWAAAAAwAAAAAAAACioNDr5bkzRIfAaLa3JpnHY4Y6w6JxMUCM7MIZFP4SrQAAAAAAAAAAQgBhAHMAaQBjACAAZABhAHQAYQAgAHAAYQByAHQAaQB0AGkAbwBuAAAAAAAAAAAAAAAAAAAAAAAAAAAAAAAAAAAAAAAAAAAAAQAAAAAAAAAAAGBfFgAAAAAAgCAAAAAABAAAAAAAAACku5Te0QZATaFqv9UBedasLLUb3g5OYUObu7rx0+QMAQEAAAAAAACAAAAAAAAAAAAAAAAAAAAAAAAAAAAAAAAAAAAAAAAAAAAAAAAAAAAAAAAAAAAAAAAAAAAAAAAAAAAAAAAAAAAAAAAAAAAAAAAA", "EventData.MbrBytes": "0", "EventData.Mbr": null, "EventData.Vbr0Bytes": "0", "EventData.Vbr0": null, "EventData.Vbr1Bytes": "0", "EventData.Vbr1": null, "EventData.Vbr2Bytes": "0", "EventData.Vbr2": null, "EventData.Vbr3Size": "0", "EventData.Vbr3": null}
