{"EventID": "907", "Channel": "Microsoft-Windows-Kernel-PnP/Driver Watchdog", "Provider_Name": "Microsoft-Windows-Kernel-PnP", "Computer": "DESKTOP-OFJ6N53", "TimeCreated": "2023-03-29 15:42:31.950609+00:00", "RecordID": "108", "Level": "4", "UserID": "S-1-5-18", "EventData.ThreadId": "0x00000000000019ec", "EventData.DeviceInstanceId": "SWD\\RemoteDisplayEnum\\RdpIdd_IndirectDisplay&SessionId_0002", "EventData.DriverName": "WUDFRd", "EventData.ElapsedTimeMs": "10125"}
{"EventID": "906", "Channel": "Microsoft-Windows-Kernel-PnP/Driver Watchdog", "Provider_Name": "Microsoft-Windows-Kernel-PnP", "Computer": "DESKTOP-OFJ6N53", "TimeCreated": "2023-03-30 10:51:03.071192+00:00", "RecordID": "109", "Level": "3", "UserID": "S-1-5-18", "EventData.ThreadId": "0x0000000000001a3c", "EventData.DeviceInstanceId": "SWD\\RemoteDisplayEnum\\RdpIdd_IndirectDisplay&SessionId_0002", "EventData.DriverName": "WUDFRd", "EventData.ElapsedTimeMs": "10006"}
{"EventID": "907", "Channel": "Microsoft-Windows-Kernel-PnP/Driver Watchdog", "Provider_Name": "Microsoft-Windows-Kernel-PnP", "Computer": "DESKTOP-OFJ6N53", "TimeCreated": "2023-03-30 10:51:11.610020+00:00", "RecordID": "110", "Level": "4", "UserID": "S-1-5-18", "EventData.ThreadId": "0x0000000000001a3c", "EventData.DeviceInstanceId": "SWD\\RemoteDisplayEnum\\RdpIdd_IndirectDisplay&SessionId_0002", "EventData.DriverName": "WUDFRd", "EventData.ElapsedTimeMs": "18534"}
{"EventID": "906", "Channel": "Microsoft-Windows-Kernel-PnP/Driver Watchdog", "Provider_Name": "Microsoft-Windows-Kernel-PnP", "Computer": "DESKTOP-OFJ6N53", "TimeCreated": "2023-03-30 14:10:37.170408+00:00", "RecordID": "111", "Level": "3", "UserID": "S-1-5-18", "EventData.ThreadId": "0x0000000000001f1c", "EventData.DeviceInstanceId": "SWD\\RemoteDisplayEnum\\RdpIdd_IndirectDisplay&SessionId_0002", "EventData.DriverName": "WUDFRd", "EventData.ElapsedTimeMs": "10008"}
{"EventID": "907", "Channel": "Microsoft-Windows-Kernel-PnP/Driver Watchdog", "Provider_Name": "Microsoft-Windows-Kernel-PnP", "Computer": "DESKTOP-OFJ6N53", "TimeCreated": "2023-03-30 14:10:39.251307+00:00", "RecordID": "112", "Level": "4", "UserID": "S-1-5-18", "EventData.ThreadId": "0x0000000000001f1c", "EventData.DeviceInstanceId": "SWD\\RemoteDisplayEnum\\RdpIdd_IndirectDisplay&SessionId_0002", "EventData.DriverName": "WUDFRd", "EventData.ElapsedTimeMs": "12077"}
{"EventID": "906", "Channel": "Microsoft-Windows-Kernel-PnP/Driver Watchdog", "Provider_Name": "Microsoft-Windows-Kernel-PnP", "Computer": "DESKTOP-OFJ6N53", "TimeCreated": "2023-04-03 11:16:50.188658+00:00", "RecordID": "113", "Level": "3", "UserID": "S-1-5-18", "EventData.ThreadId": "0x000000000000080c", "EventData.DeviceInstanceId": "SWD\\RemoteDisplayEnum\\RdpIdd_IndirectDisplay&SessionId_0002", "EventData.DriverName": "WUDFRd", "EventData.ElapsedTimeMs": "10008"}
{"EventID": "907", "Channel": "Microsoft-Windows-Kernel-PnP/Driver Watchdog", "Provider_Name": "Microsoft-Windows-Kernel-PnP", "Computer": "DESKTOP-OFJ6N53", "TimeCreated": "2023-04-03 11:16:51.067045+00:00", "RecordID": "114", "Level": "4", "UserID": "S-1-5-18", "EventData.ThreadId": "0x000000000000080c", "EventData.DeviceInstanceId": "SWD\\RemoteDisplayEnum\\RdpIdd_IndirectDisplay&SessionId_0002", "EventData.DriverName": "WUDFRd", "EventData.ElapsedTimeMs": "10886"}
{"EventID": "906", "Channel": "Microsoft-Windows-Kernel-PnP/Driver Watchdog", "Provider_Name": "Microsoft-Windows-Kernel-PnP", "Computer": "DESKTOP-OFJ6N53", "TimeCreated": "2023-04-04 13:04:27.847408+00:00", "RecordID": "115", "Level": "3", "UserID": "S-1-5-18", "EventData.ThreadId": "0x000000000000169c", "EventData.DeviceInstanceId": "SWD\\RemoteDisplayEnum\\RdpIdd_IndirectDisplay&SessionId_0002", "EventData.DriverName": "WUDFRd", "EventData.ElapsedTimeMs": "10000"}
{"EventID": "907", "Channel": "Microsoft-Windows-Kernel-PnP/Driver Watchdog", "Provider_Name": "Microsoft-Windows-Kernel-PnP", "Computer": "DESKTOP-OFJ6N53", "TimeCreated": "2023-04-04 13:04:28.445623+00:00", "RecordID": "116", "Level": "4", "UserID": "S-1-5-18", "EventData.ThreadId": "0x000000000000169c", "EventData.DeviceInstanceId": "SWD\\RemoteDisplayEnum\\RdpIdd_IndirectDisplay&SessionId_0002", "EventData.DriverName": "WUDFRd", "EventData.ElapsedTimeMs": "10593"}
{"EventID": "906", "Channel": "Microsoft-Windows-Kernel-PnP/Driver Watchdog", "Provider_Name": "Microsoft-Windows-Kernel-PnP", "Computer": "DESKTOP-OFJ6N53", "TimeCreated": "2023-04-10 06:22:47.423105+00:00", "RecordID": "117", "Level": "3", "UserID": "S-1-5-18", "EventData.ThreadId": "0x0000000000000878", "EventData.DeviceInstanceId": "SWD\\RemoteDisplayEnum\\RdpIdd_IndirectDisplay&SessionId_0003", "EventData.DriverName": "WUDFRd", "EventData.ElapsedTimeMs": "12110"}
{"EventID": "907", "Channel": "Microsoft-Windows-Kernel-PnP/Driver Watchdog", "Provider_Name": "Microsoft-Windows-Kernel-PnP", "Computer": "DESKTOP-OFJ6N53", "TimeCreated": "2023-04-10 06:23:35.910042+00:00", "RecordID": "118", "Level": "4", "UserID": "S-1-5-18", "EventData.ThreadId": "0x0000000000000878", "EventData.DeviceInstanceId": "SWD\\RemoteDisplayEnum\\RdpIdd_IndirectDisplay&SessionId_0003", "EventData.DriverName": "WUDFRd", "EventData.ElapsedTimeMs": "60593"}
{"EventID": "900", "Channel": "Microsoft-Windows-Kernel-PnP/Driver Watchdog", "Provider_Name": "Microsoft-Windows-Kernel-PnP", "Computer": "DESKTOP-OFJ6N53", "TimeCreated": "2023-04-10 06:26:30.007423+00:00", "RecordID": "119", "Level": "3", "UserID": "S-1-5-18", "EventData.ThreadId": "0x0000000000000b04", "EventData.DeviceInstanceId": "ROOT\\IKECFGIF\\0000", "EventData.ServiceName": "ikecfgif", "EventData.ElapsedTimeMs": "10000"}
{"EventID": "901", "Channel": "Microsoft-Windows-Kernel-PnP/Driver Watchdog", "Provider_Name": "Microsoft-Windows-Kernel-PnP", "Computer": "DESKTOP-OFJ6N53", "TimeCreated": "2023-04-10 06:26:32.733852+00:00", "RecordID": "120", "Level": "4", "UserID": "S-1-5-18", "EventData.ThreadId": "0x0000000000000b04", "EventData.DeviceInstanceId": "ROOT\\IKECFGIF\\0000", "EventData.ServiceName": "ikecfgif", "EventData.ElapsedTimeMs": "12718"}
{"EventID": "906", "Channel": "Microsoft-Windows-Kernel-PnP/Driver Watchdog", "Provider_Name": "Microsoft-Windows-Kernel-PnP", "Computer": "DESKTOP-OFJ6N53", "TimeCreated": "2023-04-12 12:35:01.447992+00:00", "RecordID": "121", "Level": "3", "UserID": "S-1-5-18", "EventData.ThreadId": "0x00000000000005c8", "EventData.DeviceInstanceId": "SWD\\RemoteDisplayEnum\\RdpIdd_IndirectDisplay&SessionId_0002", "EventData.DriverName": "WUDFRd", "EventData.ElapsedTimeMs": "10079"}
{"EventID": "907", "Channel": "Microsoft-Windows-Kernel-PnP/Driver Watchdog", "Provider_Name": "Microsoft-Windows-Kernel-PnP", "Computer": "DESKTOP-OFJ6N53", "TimeCreated": "2023-04-12 12:35:52.293554+00:00", "RecordID": "122", "Level": "4", "UserID": "S-1-5-18", "EventData.ThreadId": "0x00000000000005c8", "EventData.DeviceInstanceId": "SWD\\RemoteDisplayEnum\\RdpIdd_IndirectDisplay&SessionId_0002", "EventData.DriverName": "WUDFRd", "EventData.ElapsedTimeMs": "60922"}
{"EventID": "906", "Channel": "Microsoft-Windows-Kernel-PnP/Driver Watchdog", "Provider_Name": "Microsoft-Windows-Kernel-PnP", "Computer": "DESKTOP-OFJ6N53", "TimeCreated": "2023-05-02 09:25:37.019295+00:00", "RecordID": "123", "Level": "3", "UserID": "S-1-5-18", "EventData.ThreadId": "0x0000000000000d14", "EventData.DeviceInstanceId": "SWD\\RemoteDisplayEnum\\RdpIdd_IndirectDisplay&SessionId_0001", "EventData.DriverName": "WUDFRd", "EventData.ElapsedTimeMs": "10049"}
{"EventID": "907", "Channel": "Microsoft-Windows-Kernel-PnP/Driver Watchdog", "Provider_Name": "Microsoft-Windows-Kernel-PnP", "Computer": "DESKTOP-OFJ6N53", "TimeCreated": "2023-05-02 09:25:45.117369+00:00", "RecordID": "124", "Level": "4", "UserID": "S-1-5-18", "EventData.ThreadId": "0x0000000000000d14", "EventData.DeviceInstanceId": "SWD\\RemoteDisplayEnum\\RdpIdd_IndirectDisplay&SessionId_0001", "EventData.DriverName": "WUDFRd", "EventData.ElapsedTimeMs": "18147"}
{"EventID": "906", "Channel": "Microsoft-Windows-Kernel-PnP/Driver Watchdog", "Provider_Name": "Microsoft-Windows-Kernel-PnP", "Computer": "DESKTOP-OFJ6N53", "TimeCreated": "2023-05-02 09:58:50.801489+00:00", "RecordID": "125", "Level": "3", "UserID": "S-1-5-18", "EventData.ThreadId": "0x0000000000001ab0", "EventData.DeviceInstanceId": "SWD\\RemoteDisplayEnum\\RdpIdd_IndirectDisplay&SessionId_0001", "EventData.DriverName": "WUDFRd", "EventData.ElapsedTimeMs": "15635"}
{"EventID": "907", "Channel": "Microsoft-Windows-Kernel-PnP/Driver Watchdog", "Provider_Name": "Microsoft-Windows-Kernel-PnP", "Computer": "DESKTOP-OFJ6N53", "TimeCreated": "2023-05-02 09:59:01.140532+00:00", "RecordID": "126", "Level": "4", "UserID": "S-1-5-18", "EventData.ThreadId": "0x0000000000001ab0", "EventData.DeviceInstanceId": "SWD\\RemoteDisplayEnum\\RdpIdd_IndirectDisplay&SessionId_0001", "EventData.DriverName": "WUDFRd", "EventData.ElapsedTimeMs": "25977"}
{"EventID": "906", "Channel": "Microsoft-Windows-Kernel-PnP/Driver Watchdog", "Provider_Name": "Microsoft-Windows-Kernel-PnP", "Computer": "DESKTOP-OFJ6N53", "TimeCreated": "2023-05-02 10:14:44.647915+00:00", "RecordID": "127", "Level": "3", "UserID": "S-1-5-18", "EventData.ThreadId": "0x0000000000002b64", "EventData.DeviceInstanceId": "SWD\\RemoteDisplayEnum\\RdpIdd_IndirectDisplay&SessionId_0001", "EventData.DriverName": "WUDFRd", "EventData.ElapsedTimeMs": "10110"}
{"EventID": "907", "Channel": "Microsoft-Windows-Kernel-PnP/Driver Watchdog", "Provider_Name": "Microsoft-Windows-Kernel-PnP", "Computer": "DESKTOP-OFJ6N53", "TimeCreated": "2023-05-02 10:14:54.453169+00:00", "RecordID": "128", "Level": "4", "UserID": "S-1-5-18", "EventData.ThreadId": "0x0000000000002b64", "EventData.DeviceInstanceId": "SWD\\RemoteDisplayEnum\\RdpIdd_IndirectDisplay&SessionId_0001", "EventData.DriverName": "WUDFRd", "EventData.ElapsedTimeMs": "19923"}
{"EventID": "902", "Channel": "Microsoft-Windows-Kernel-PnP/Driver Watchdog", "Provider_Name": "Microsoft-Windows-Kernel-PnP", "Computer": "DESKTOP-OFJ6N53", "TimeCreated": "2023-05-03 08:16:18.543861+00:00", "RecordID": "129", "Level": "3", "UserID": "S-1-5-18", "EventData.ThreadId": "0x0000000000000008", "EventData.DeviceInstanceId": "PCI\\VEN_15AD&DEV_07E0&SUBSYS_07E015AD&REV_00\\4&bbf9765&0&0088", "EventData.ServiceName": "storahci", "EventData.ElapsedTimeMs": "11053"}
{"EventID": "903", "Channel": "Microsoft-Windows-Kernel-PnP/Driver Watchdog", "Provider_Name": "Microsoft-Windows-Kernel-PnP", "Computer": "DESKTOP-OFJ6N53", "TimeCreated": "2023-05-03 08:16:21.305943+00:00", "RecordID": "130", "Level": "4", "UserID": "S-1-5-18", "EventData.ThreadId": "0x0000000000000008", "EventData.DeviceInstanceId": "PCI\\VEN_15AD&DEV_07E0&SUBSYS_07E015AD&REV_00\\4&bbf9765&0&0088", "EventData.ServiceName": "storahci", "EventData.ElapsedTimeMs": "13812"}
{"EventID": "908", "Channel": "Microsoft-Windows-Kernel-PnP/Driver Watchdog", "Provider_Name": "Microsoft-Windows-Kernel-PnP", "Computer": "DESKTOP-OFJ6N53", "TimeCreated": "2023-07-10 09:15:02.510347+00:00", "RecordID": "131", "Level": "3", "UserID": "S-1-5-18", "EventData.ThreadId": "0x0000000000000844", "EventData.DeviceInstanceId": "NULL", "EventData.DriverName": "MpKsl25f09be0", "EventData.ElapsedTimeMs": "11172"}
{"EventID": "909", "Channel": "Microsoft-Windows-Kernel-PnP/Driver Watchdog", "Provider_Name": "Microsoft-Windows-Kernel-PnP", "Computer": "DESKTOP-OFJ6N53", "TimeCreated": "2023-07-10 09:15:02.511297+00:00", "RecordID": "132", "Level": "4", "UserID": "S-1-5-18", "EventData.ThreadId": "0x0000000000000844", "EventData.DeviceInstanceId": "NULL", "EventData.DriverName": "MpKsl25f09be0", "EventData.ElapsedTimeMs": "11172"}
{"EventID": "900", "Channel": "Microsoft-Windows-Kernel-PnP/Driver Watchdog", "Provider_Name": "Microsoft-Windows-Kernel-PnP", "Computer": "DESKTOP-OFJ6N53", "TimeCreated": "2023-07-10 13:37:47.432165+00:00", "RecordID": "133", "Level": "3", "UserID": "S-1-5-18", "EventData.ThreadId": "0x0000000000001d00", "EventData.DeviceInstanceId": "SWD\\RemoteDisplayEnum\\RdpIdd_IndirectDisplay&SessionId_0001", "EventData.ServiceName": "WUDFRd", "EventData.ElapsedTimeMs": "10031"}
{"EventID": "901", "Channel": "Microsoft-Windows-Kernel-PnP/Driver Watchdog", "Provider_Name": "Microsoft-Windows-Kernel-PnP", "Computer": "DESKTOP-OFJ6N53", "TimeCreated": "2023-07-10 13:39:11.342909+00:00", "RecordID": "134", "Level": "4", "UserID": "S-1-5-18", "EventData.ThreadId": "0x0000000000001d00", "EventData.DeviceInstanceId": "SWD\\RemoteDisplayEnum\\RdpIdd_IndirectDisplay&SessionId_0001", "EventData.ServiceName": "WUDFRd", "EventData.ElapsedTimeMs": "93942"}
{"EventID": "906", "Channel": "Microsoft-Windows-Kernel-PnP/Driver Watchdog", "Provider_Name": "Microsoft-Windows-Kernel-PnP", "Computer": "DESKTOP-OFJ6N53", "TimeCreated": "2023-12-28 21:33:49.851627+00:00", "RecordID": "135", "Level": "3", "UserID": "S-1-5-18", "EventData.ThreadId": "0x0000000000002e74", "EventData.DeviceInstanceId": "SWD\\RemoteDisplayEnum\\RdpIdd_IndirectDisplay&SessionId_0001", "EventData.DriverName": "WUDFRd", "EventData.ElapsedTimeMs": "10155"}
{"EventID": "907", "Channel": "Microsoft-Windows-Kernel-PnP/Driver Watchdog", "Provider_Name": "Microsoft-Windows-Kernel-PnP", "Computer": "DESKTOP-OFJ6N53", "TimeCreated": "2023-12-28 21:33:50.677670+00:00", "RecordID": "136", "Level": "4", "UserID": "S-1-5-18", "EventData.ThreadId": "0x0000000000002e74", "EventData.DeviceInstanceId": "SWD\\RemoteDisplayEnum\\RdpIdd_IndirectDisplay&SessionId_0001", "EventData.DriverName": "WUDFRd", "EventData.ElapsedTimeMs": "10984"}
{"EventID": "900", "Channel": "Microsoft-Windows-Kernel-PnP/Driver Watchdog", "Provider_Name": "Microsoft-Windows-Kernel-PnP", "Computer": "DESKTOP-OFJ6N53", "TimeCreated": "2024-01-10 13:09:17.428967+00:00", "RecordID": "137", "Level": "3", "UserID": "S-1-5-18", "EventData.ThreadId": "0x0000000000002c54", "EventData.DeviceInstanceId": "ROOT\\IKECFGIF\\0000", "EventData.ServiceName": "ikecfgif", "EventData.ElapsedTimeMs": "54054"}
{"EventID": "901", "Channel": "Microsoft-Windows-Kernel-PnP/Driver Watchdog", "Provider_Name": "Microsoft-Windows-Kernel-PnP", "Computer": "DESKTOP-OFJ6N53", "TimeCreated": "2024-01-10 13:09:17.531319+00:00", "RecordID": "138", "Level": "4", "UserID": "S-1-5-18", "EventData.ThreadId": "0x0000000000002c54", "EventData.DeviceInstanceId": "ROOT\\IKECFGIF\\0000", "EventData.ServiceName": "ikecfgif", "EventData.ElapsedTimeMs": "54154"}
{"EventID": "906", "Channel": "Microsoft-Windows-Kernel-PnP/Driver Watchdog", "Provider_Name": "Microsoft-Windows-Kernel-PnP", "Computer": "DESKTOP-OFJ6N53", "TimeCreated": "2024-03-11 11:31:49.652882+00:00", "RecordID": "139", "Level": "3", "UserID": "S-1-5-18", "EventData.ThreadId": "0x0000000000006524", "EventData.DeviceInstanceId": "SWD\\RemoteDisplayEnum\\RdpIdd_IndirectDisplay&SessionId_0001", "EventData.DriverName": "WUDFRd", "EventData.ElapsedTimeMs": "10236"}
{"EventID": "907", "Channel": "Microsoft-Windows-Kernel-PnP/Driver Watchdog", "Provider_Name": "Microsoft-Windows-Kernel-PnP", "Computer": "DESKTOP-OFJ6N53", "TimeCreated": "2024-03-11 11:31:51.493473+00:00", "RecordID": "140", "Level": "4", "UserID": "S-1-5-18", "EventData.ThreadId": "0x0000000000006524", "EventData.DeviceInstanceId": "SWD\\RemoteDisplayEnum\\RdpIdd_IndirectDisplay&SessionId_0001", "EventData.DriverName": "WUDFRd", "EventData.ElapsedTimeMs": "12076"}
{"EventID": "900", "Channel": "Microsoft-Windows-Kernel-PnP/Driver Watchdog", "Provider_Name": "Microsoft-Windows-Kernel-PnP", "Computer": "DESKTOP-OFJ6N53", "TimeCreated": "2024-03-11 11:40:56.332825+00:00", "RecordID": "141", "Level": "3", "UserID": "S-1-5-18", "EventData.ThreadId": "0x0000000000006524", "EventData.DeviceInstanceId": "ROOT\\IKECFGIF\\0000", "EventData.ServiceName": "ikecfgif", "EventData.ElapsedTimeMs": "10000"}
{"EventID": "901", "Channel": "Microsoft-Windows-Kernel-PnP/Driver Watchdog", "Provider_Name": "Microsoft-Windows-Kernel-PnP", "Computer": "DESKTOP-OFJ6N53", "TimeCreated": "2024-03-11 11:41:33.019209+00:00", "RecordID": "142", "Level": "4", "UserID": "S-1-5-18", "EventData.ThreadId": "0x0000000000006524", "EventData.DeviceInstanceId": "ROOT\\IKECFGIF\\0000", "EventData.ServiceName": "ikecfgif", "EventData.ElapsedTimeMs": "46684"}
{"EventID": "900", "Channel": "Microsoft-Windows-Kernel-PnP/Driver Watchdog", "Provider_Name": "Microsoft-Windows-Kernel-PnP", "Computer": "DESKTOP-OFJ6N53", "TimeCreated": "2024-04-08 13:30:37.431339+00:00", "RecordID": "143", "Level": "3", "UserID": "S-1-5-18", "EventData.ThreadId": "0x000000000000450c", "EventData.DeviceInstanceId": "ROOT\\IKECFGIF\\0000", "EventData.ServiceName": "ikecfgif", "EventData.ElapsedTimeMs": "44812"}
{"EventID": "901", "Channel": "Microsoft-Windows-Kernel-PnP/Driver Watchdog", "Provider_Name": "Microsoft-Windows-Kernel-PnP", "Computer": "DESKTOP-OFJ6N53", "TimeCreated": "2024-04-08 13:30:37.431347+00:00", "RecordID": "144", "Level": "4", "UserID": "S-1-5-18", "EventData.ThreadId": "0x000000000000450c", "EventData.DeviceInstanceId": "ROOT\\IKECFGIF\\0000", "EventData.ServiceName": "ikecfgif", "EventData.ElapsedTimeMs": "44812"}
{"EventID": "906", "Channel": "Microsoft-Windows-Kernel-PnP/Driver Watchdog", "Provider_Name": "Microsoft-Windows-Kernel-PnP", "Computer": "DESKTOP-OFJ6N53", "TimeCreated": "2024-04-15 08:27:56.736204+00:00", "RecordID": "145", "Level": "3", "UserID": "S-1-5-18", "EventData.ThreadId": "0x0000000000002d24", "EventData.DeviceInstanceId": "SWD\\RemoteDisplayEnum\\RdpIdd_IndirectDisplay&SessionId_0001", "EventData.DriverName": "WUDFRd", "EventData.ElapsedTimeMs": "10002"}
{"EventID": "907", "Channel": "Microsoft-Windows-Kernel-PnP/Driver Watchdog", "Provider_Name": "Microsoft-Windows-Kernel-PnP", "Computer": "DESKTOP-OFJ6N53", "TimeCreated": "2024-04-15 08:27:57.078259+00:00", "RecordID": "146", "Level": "4", "UserID": "S-1-5-18", "EventData.ThreadId": "0x0000000000002d24", "EventData.DeviceInstanceId": "SWD\\RemoteDisplayEnum\\RdpIdd_IndirectDisplay&SessionId_0001", "EventData.DriverName": "WUDFRd", "EventData.ElapsedTimeMs": "10343"}
{"EventID": "906", "Channel": "Microsoft-Windows-Kernel-PnP/Driver Watchdog", "Provider_Name": "Microsoft-Windows-Kernel-PnP", "Computer": "DESKTOP-OFJ6N53", "TimeCreated": "2024-04-24 13:44:48.945251+00:00", "RecordID": "147", "Level": "3", "UserID": "S-1-5-18", "EventData.ThreadId": "0x00000000000028c8", "EventData.DeviceInstanceId": "SWD\\RemoteDisplayEnum\\RdpIdd_IndirectDisplay&SessionId_0001", "EventData.DriverName": "WUDFRd", "EventData.ElapsedTimeMs": "10010"}
{"EventID": "907", "Channel": "Microsoft-Windows-Kernel-PnP/Driver Watchdog", "Provider_Name": "Microsoft-Windows-Kernel-PnP", "Computer": "DESKTOP-OFJ6N53", "TimeCreated": "2024-04-24 13:44:49.623613+00:00", "RecordID": "148", "Level": "4", "UserID": "S-1-5-18", "EventData.ThreadId": "0x00000000000028c8", "EventData.DeviceInstanceId": "SWD\\RemoteDisplayEnum\\RdpIdd_IndirectDisplay&SessionId_0001", "EventData.DriverName": "WUDFRd", "EventData.ElapsedTimeMs": "10278"}
{"EventID": "906", "Channel": "Microsoft-Windows-Kernel-PnP/Driver Watchdog", "Provider_Name": "Microsoft-Windows-Kernel-PnP", "Computer": "DESKTOP-OFJ6N53", "TimeCreated": "2024-05-14 09:03:57.498642+00:00", "RecordID": "149", "Level": "3", "UserID": "S-1-5-18", "EventData.ThreadId": "0x00000000000027f4", "EventData.DeviceInstanceId": "SWD\\RemoteDisplayEnum\\RdpIdd_IndirectDisplay&SessionId_0001", "EventData.DriverName": "WUDFRd", "EventData.ElapsedTimeMs": "10311"}
{"EventID": "907", "Channel": "Microsoft-Windows-Kernel-PnP/Driver Watchdog", "Provider_Name": "Microsoft-Windows-Kernel-PnP", "Computer": "DESKTOP-OFJ6N53", "TimeCreated": "2024-05-14 09:04:01.226042+00:00", "RecordID": "150", "Level": "4", "UserID": "S-1-5-18", "EventData.ThreadId": "0x00000000000027f4", "EventData.DeviceInstanceId": "SWD\\RemoteDisplayEnum\\RdpIdd_IndirectDisplay&SessionId_0001", "EventData.DriverName": "WUDFRd", "EventData.ElapsedTimeMs": "14039"}
{"EventID": "906", "Channel": "Microsoft-Windows-Kernel-PnP/Driver Watchdog", "Provider_Name": "Microsoft-Windows-Kernel-PnP", "Computer": "DESKTOP-OFJ6N53", "TimeCreated": "2024-05-15 12:55:05.868864+00:00", "RecordID": "151", "Level": "3", "UserID": "S-1-5-18", "EventData.ThreadId": "0x0000000000003b98", "EventData.DeviceInstanceId": "SWD\\RemoteDisplayEnum\\RdpIdd_IndirectDisplay&SessionId_0001", "EventData.DriverName": "WUDFRd", "EventData.ElapsedTimeMs": "10288"}
{"EventID": "907", "Channel": "Microsoft-Windows-Kernel-PnP/Driver Watchdog", "Provider_Name": "Microsoft-Windows-Kernel-PnP", "Computer": "DESKTOP-OFJ6N53", "TimeCreated": "2024-05-15 12:55:39.431913+00:00", "RecordID": "152", "Level": "4", "UserID": "S-1-5-18", "EventData.ThreadId": "0x0000000000003b98", "EventData.DeviceInstanceId": "SWD\\RemoteDisplayEnum\\RdpIdd_IndirectDisplay&SessionId_0001", "EventData.DriverName": "WUDFRd", "EventData.ElapsedTimeMs": "43841"}
{"EventID": "906", "Channel": "Microsoft-Windows-Kernel-PnP/Driver Watchdog", "Provider_Name": "Microsoft-Windows-Kernel-PnP", "Computer": "DESKTOP-OFJ6N53", "TimeCreated": "2024-05-15 14:05:20.438803+00:00", "RecordID": "153", "Level": "3", "UserID": "S-1-5-18", "EventData.ThreadId": "0x0000000000000080", "EventData.DeviceInstanceId": "SWD\\RemoteDisplayEnum\\RdpIdd_IndirectDisplay&SessionId_0002", "EventData.DriverName": "WUDFRd", "EventData.ElapsedTimeMs": "10162"}
{"EventID": "907", "Channel": "Microsoft-Windows-Kernel-PnP/Driver Watchdog", "Provider_Name": "Microsoft-Windows-Kernel-PnP", "Computer": "DESKTOP-OFJ6N53", "TimeCreated": "2024-05-15 14:05:21.229259+00:00", "RecordID": "154", "Level": "4", "UserID": "S-1-5-18", "EventData.ThreadId": "0x0000000000000080", "EventData.DeviceInstanceId": "SWD\\RemoteDisplayEnum\\RdpIdd_IndirectDisplay&SessionId_0002", "EventData.DriverName": "WUDFRd", "EventData.ElapsedTimeMs": "10951"}
{"EventID": "900", "Channel": "Microsoft-Windows-Kernel-PnP/Driver Watchdog", "Provider_Name": "Microsoft-Windows-Kernel-PnP", "Computer": "DESKTOP-OFJ6N53", "TimeCreated": "2024-05-21 10:08:22.266434+00:00", "RecordID": "155", "Level": "3", "UserID": "S-1-5-18", "EventData.ThreadId": "0x0000000000001020", "EventData.DeviceInstanceId": "ROOT\\IKECFGIF\\0000", "EventData.ServiceName": "ikecfgif", "EventData.ElapsedTimeMs": "10090"}
{"EventID": "901", "Channel": "Microsoft-Windows-Kernel-PnP/Driver Watchdog", "Provider_Name": "Microsoft-Windows-Kernel-PnP", "Computer": "DESKTOP-OFJ6N53", "TimeCreated": "2024-05-21 10:08:53.942867+00:00", "RecordID": "156", "Level": "4", "UserID": "S-1-5-18", "EventData.ThreadId": "0x0000000000001020", "EventData.DeviceInstanceId": "ROOT\\IKECFGIF\\0000", "EventData.ServiceName": "ikecfgif", "EventData.ElapsedTimeMs": "41765"}
{"EventID": "906", "Channel": "Microsoft-Windows-Kernel-PnP/Driver Watchdog", "Provider_Name": "Microsoft-Windows-Kernel-PnP", "Computer": "DESKTOP-OFJ6N53", "TimeCreated": "2024-05-28 12:32:51.159937+00:00", "RecordID": "157", "Level": "3", "UserID": "S-1-5-18", "EventData.ThreadId": "0x00000000000026ec", "EventData.DeviceInstanceId": "SWD\\RemoteDisplayEnum\\RdpIdd_IndirectDisplay&SessionId_0002", "EventData.DriverName": "WUDFRd", "EventData.ElapsedTimeMs": "10022"}
{"EventID": "907", "Channel": "Microsoft-Windows-Kernel-PnP/Driver Watchdog", "Provider_Name": "Microsoft-Windows-Kernel-PnP", "Computer": "DESKTOP-OFJ6N53", "TimeCreated": "2024-05-28 12:32:52.334591+00:00", "RecordID": "158", "Level": "4", "UserID": "S-1-5-18", "EventData.ThreadId": "0x00000000000026ec", "EventData.DeviceInstanceId": "SWD\\RemoteDisplayEnum\\RdpIdd_IndirectDisplay&SessionId_0002", "EventData.DriverName": "WUDFRd", "EventData.ElapsedTimeMs": "11188"}
{"EventID": "900", "Channel": "Microsoft-Windows-Kernel-PnP/Driver Watchdog", "Provider_Name": "Microsoft-Windows-Kernel-PnP", "Computer": "DESKTOP-OFJ6N53", "TimeCreated": "2024-06-04 21:59:31.845465+00:00", "RecordID": "159", "Level": "3", "UserID": "S-1-5-18", "EventData.ThreadId": "0x0000000000000ef8", "EventData.DeviceInstanceId": "ROOT\\IKECFGIF\\0000", "EventData.ServiceName": "ikecfgif", "EventData.ElapsedTimeMs": "10000"}
{"EventID": "901", "Channel": "Microsoft-Windows-Kernel-PnP/Driver Watchdog", "Provider_Name": "Microsoft-Windows-Kernel-PnP", "Computer": "DESKTOP-OFJ6N53", "TimeCreated": "2024-06-04 21:59:36.372971+00:00", "RecordID": "160", "Level": "4", "UserID": "S-1-5-18", "EventData.ThreadId": "0x0000000000000ef8", "EventData.DeviceInstanceId": "ROOT\\IKECFGIF\\0000", "EventData.ServiceName": "ikecfgif", "EventData.ElapsedTimeMs": "14516"}
