{"EventID": "1002", "Channel": "Microsoft-Windows-Resource-Exhaustion-Detector/Operational", "Provider_Name": "Microsoft-Windows-Resource-Exhaustion-Detector", "Computer": "DESKTOP-OFJ6N53", "TimeCreated": "2025-07-24 21:29:09.172115+00:00", "RecordID": "673", "Level": "4", "UserID": "S-1-5-19"}
{"EventID": "1001", "Channel": "Microsoft-Windows-Resource-Exhaustion-Detector/Operational", "Provider_Name": "Microsoft-Windows-Resource-Exhaustion-Detector", "Computer": "DESKTOP-OFJ6N53", "TimeCreated": "2025-07-24 21:30:34.773623+00:00", "RecordID": "674", "Level": "4", "UserID": "S-1-5-19"}
{"EventID": "1001", "Channel": "Microsoft-Windows-Resource-Exhaustion-Detector/Operational", "Provider_Name": "Microsoft-Windows-Resource-Exhaustion-Detector", "Computer": "DESKTOP-OFJ6N53", "TimeCreated": "2025-07-31 08:13:43.737066+00:00", "RecordID": "675", "Level": "4", "UserID": "S-1-5-19"}
{"EventID": "1002", "Channel": "Microsoft-Windows-Resource-Exhaustion-Detector/Operational", "Provider_Name": "Microsoft-Windows-Resource-Exhaustion-Detector", "Computer": "DESKTOP-OFJ6N53", "TimeCreated": "2025-08-12 12:17:02.467096+00:00", "RecordID": "676", "Level": "4", "UserID": "S-1-5-19"}
{"EventID": "1001", "Channel": "Microsoft-Windows-Resource-Exhaustion-Detector/Operational", "Provider_Name": "Microsoft-Windows-Resource-Exhaustion-Detector", "Computer": "DESKTOP-OFJ6N53", "TimeCreated": "2025-08-12 12:17:51.897408+00:00", "RecordID": "677", "Level": "4", "UserID": "S-1-5-19"}
{"EventID": "1001", "Channel": "Microsoft-Windows-Resource-Exhaustion-Detector/Operational", "Provider_Name": "Microsoft-Windows-Resource-Exhaustion-Detector", "Computer": "DESKTOP-OFJ6N53", "TimeCreated": "2025-08-13 13:28:11.907795+00:00", "RecordID": "678", "Level": "4", "UserID": "S-1-5-18"}
{"EventID": "1002", "Channel": "Microsoft-Windows-Resource-Exhaustion-Detector/Operational", "Provider_Name": "Microsoft-Windows-Resource-Exhaustion-Detector", "Computer": "DESKTOP-OFJ6N53", "TimeCreated": "2025-08-13 13:57:51.263494+00:00", "RecordID": "679", "Level": "4", "UserID": "S-1-5-18"}
{"EventID": "1002", "Channel": "Microsoft-Windows-Resource-Exhaustion-Detector/Operational", "Provider_Name": "Microsoft-Windows-Resource-Exhaustion-Detector", "Computer": "DESKTOP-OFJ6N53", "TimeCreated": "2025-08-13 14:39:23.883987+00:00", "RecordID": "680", "Level": "4", "UserID": "S-1-5-19"}
{"EventID": "1001", "Channel": "Microsoft-Windows-Resource-Exhaustion-Detector/Operational", "Provider_Name": "Microsoft-Windows-Resource-Exhaustion-Detector", "Computer": "DESKTOP-OFJ6N53", "TimeCreated": "2025-08-13 14:42:57.932703+00:00", "RecordID": "681", "Level": "4", "UserID": "S-1-5-19"}
{"EventID": "1001", "Channel": "Microsoft-Windows-Resource-Exhaustion-Detector/Operational", "Provider_Name": "Microsoft-Windows-Resource-Exhaustion-Detector", "Computer": "DESKTOP-OFJ6N53", "TimeCreated": "2025-08-19 06:41:33.443119+00:00", "RecordID": "682", "Level": "4", "UserID": "S-1-5-18"}
{"EventID": "1002", "Channel": "Microsoft-Windows-Resource-Exhaustion-Detector/Operational", "Provider_Name": "Microsoft-Windows-Resource-Exhaustion-Detector", "Computer": "DESKTOP-OFJ6N53", "TimeCreated": "2025-08-19 07:05:42.277525+00:00", "RecordID": "683", "Level": "4", "UserID": "S-1-5-18"}
{"EventID": "1002", "Channel": "Microsoft-Windows-Resource-Exhaustion-Detector/Operational", "Provider_Name": "Microsoft-Windows-Resource-Exhaustion-Detector", "Computer": "DESKTOP-OFJ6N53", "TimeCreated": "2025-08-19 07:18:22.119740+00:00", "RecordID": "684", "Level": "4", "UserID": "S-1-5-19"}
{"EventID": "1001", "Channel": "Microsoft-Windows-Resource-Exhaustion-Detector/Operational", "Provider_Name": "Microsoft-Windows-Resource-Exhaustion-Detector", "Computer": "DESKTOP-OFJ6N53", "TimeCreated": "2025-08-19 07:18:59.689682+00:00", "RecordID": "685", "Level": "4", "UserID": "S-1-5-19"}
{"EventID": "1002", "Channel": "Microsoft-Windows-Resource-Exhaustion-Detector/Operational", "Provider_Name": "Microsoft-Windows-Resource-Exhaustion-Detector", "Computer": "DESKTOP-OFJ6N53", "TimeCreated": "2025-08-19 07:43:43.938267+00:00", "RecordID": "686", "Level": "4", "UserID": "S-1-5-19"}
{"EventID": "1001", "Channel": "Microsoft-Windows-Resource-Exhaustion-Detector/Operational", "Provider_Name": "Microsoft-Windows-Resource-Exhaustion-Detector", "Computer": "DESKTOP-OFJ6N53", "TimeCreated": "2025-08-19 07:44:26.996943+00:00", "RecordID": "687", "Level": "4", "UserID": "S-1-5-19"}
{"EventID": "1002", "Channel": "Microsoft-Windows-Resource-Exhaustion-Detector/Operational", "Provider_Name": "Microsoft-Windows-Resource-Exhaustion-Detector", "Computer": "DESKTOP-OFJ6N53", "TimeCreated": "2025-08-22 12:57:33.201675+00:00", "RecordID": "688", "Level": "4", "UserID": "S-1-5-19"}
{"EventID": "1001", "Channel": "Microsoft-Windows-Resource-Exhaustion-Detector/Operational", "Provider_Name": "Microsoft-Windows-Resource-Exhaustion-Detector", "Computer": "DESKTOP-OFJ6N53", "TimeCreated": "2025-08-22 12:58:53.881367+00:00", "RecordID": "689", "Level": "4", "UserID": "S-1-5-19"}
{"EventID": "1002", "Channel": "Microsoft-Windows-Resource-Exhaustion-Detector/Operational", "Provider_Name": "Microsoft-Windows-Resource-Exhaustion-Detector", "Computer": "DESKTOP-OFJ6N53", "TimeCreated": "2025-08-23 20:32:33.529154+00:00", "RecordID": "690", "Level": "4", "UserID": "S-1-5-19"}
{"EventID": "1001", "Channel": "Microsoft-Windows-Resource-Exhaustion-Detector/Operational", "Provider_Name": "Microsoft-Windows-Resource-Exhaustion-Detector", "Computer": "DESKTOP-OFJ6N53", "TimeCreated": "2025-08-23 20:33:39.633223+00:00", "RecordID": "691", "Level": "4", "UserID": "S-1-5-19"}
