{"EventID": "2", "Channel": "Microsoft-Windows-CloudRestoreLauncher/Operational", "Provider_Name": "Microsoft-Windows-CloudRestoreLauncher", "Computer": "DESKTOP-OFJ6N53", "TimeCreated": "2023-07-12 14:51:40.646200+00:00", "RecordID": "1", "Level": "4", "UserID": "S-1-5-21-963789628-1060504924-4285088085-1001", "EventData.activityId": "{00000000-0000-0000-0000-000000000000}", "EventData.cv": "TLHVk8EF+kiVYD9dOsYFCA.1.0", "EventData.Trigger": "0"}
{"EventID": "1", "Channel": "Microsoft-Windows-CloudRestoreLauncher/Operational", "Provider_Name": "Microsoft-Windows-CloudRestoreLauncher", "Computer": "DESKTOP-OFJ6N53", "TimeCreated": "2023-07-12 14:51:40.661692+00:00", "RecordID": "2", "Level": "2", "UserID": "S-1-5-21-963789628-1060504924-4285088085-1001", "EventData.Type": "2", "EventData.ErrorCode": "2147942450", "EventData.File": "pcshell\\shell\\cloudrestorelauncher\\cloudbackuprestore\\backuprestorecoordinator.cpp", "EventData.LineNumber": "185"}
{"EventID": "3", "Channel": "Microsoft-Windows-CloudRestoreLauncher/Operational", "Provider_Name": "Microsoft-Windows-CloudRestoreLauncher", "Computer": "DESKTOP-OFJ6N53", "TimeCreated": "2023-07-12 14:51:40.661713+00:00", "RecordID": "3", "Level": "4", "UserID": "S-1-5-21-963789628-1060504924-4285088085-1001", "EventData.activityId": "{00000000-0000-0000-0000-000000000000}", "EventData.cv": "TLHVk8EF+kiVYD9dOsYFCA.1.0", "EventData.Trigger": "0"}
{"EventID": "2", "Channel": "Microsoft-Windows-CloudRestoreLauncher/Operational", "Provider_Name": "Microsoft-Windows-CloudRestoreLauncher", "Computer": "DESKTOP-OFJ6N53", "TimeCreated": "2023-07-13 16:43:28.892387+00:00", "RecordID": "4", "Level": "4", "UserID": "S-1-5-21-963789628-1060504924-4285088085-1001", "EventData.activityId": "{00000000-0000-0000-0000-000000000000}", "EventData.cv": "RDEv+eww/k2td1XSI64oiA.1.0", "EventData.Trigger": "0"}
{"EventID": "1", "Channel": "Microsoft-Windows-CloudRestoreLauncher/Operational", "Provider_Name": "Microsoft-Windows-CloudRestoreLauncher", "Computer": "DESKTOP-OFJ6N53", "TimeCreated": "2023-07-13 16:43:28.915964+00:00", "RecordID": "5", "Level": "2", "UserID": "S-1-5-21-963789628-1060504924-4285088085-1001", "EventData.Type": "2", "EventData.ErrorCode": "2147942450", "EventData.File": "pcshell\\shell\\cloudrestorelauncher\\cloudbackuprestore\\backuprestorecoordinator.cpp", "EventData.LineNumber": "185"}
{"EventID": "3", "Channel": "Microsoft-Windows-CloudRestoreLauncher/Operational", "Provider_Name": "Microsoft-Windows-CloudRestoreLauncher", "Computer": "DESKTOP-OFJ6N53", "TimeCreated": "2023-07-13 16:43:28.915987+00:00", "RecordID": "6", "Level": "4", "UserID": "S-1-5-21-963789628-1060504924-4285088085-1001", "EventData.activityId": "{00000000-0000-0000-0000-000000000000}", "EventData.cv": "RDEv+eww/k2td1XSI64oiA.1.0", "EventData.Trigger": "0"}
{"EventID": "2", "Channel": "Microsoft-Windows-CloudRestoreLauncher/Operational", "Provider_Name": "Microsoft-Windows-CloudRestoreLauncher", "Computer": "DESKTOP-OFJ6N53", "TimeCreated": "2023-07-20 14:52:50.780376+00:00", "RecordID": "7", "Level": "4", "UserID": "S-1-5-21-963789628-1060504924-4285088085-1001", "EventData.activityId": "{00000000-0000-0000-0000-000000000000}", "EventData.cv": "t6VYVrYgjUOJ26Ej1e6K5w.1.0", "EventData.Trigger": "0"}
{"EventID": "1", "Channel": "Microsoft-Windows-CloudRestoreLauncher/Operational", "Provider_Name": "Microsoft-Windows-CloudRestoreLauncher", "Computer": "DESKTOP-OFJ6N53", "TimeCreated": "2023-07-20 14:52:50.801790+00:00", "RecordID": "8", "Level": "2", "UserID": "S-1-5-21-963789628-1060504924-4285088085-1001", "EventData.Type": "2", "EventData.ErrorCode": "2147942450", "EventData.File": "pcshell\\shell\\cloudrestorelauncher\\cloudbackuprestore\\backuprestorecoordinator.cpp", "EventData.LineNumber": "185"}
{"EventID": "3", "Channel": "Microsoft-Windows-CloudRestoreLauncher/Operational", "Provider_Name": "Microsoft-Windows-CloudRestoreLauncher", "Computer": "DESKTOP-OFJ6N53", "TimeCreated": "2023-07-20 14:52:50.801809+00:00", "RecordID": "9", "Level": "4", "UserID": "S-1-5-21-963789628-1060504924-4285088085-1001", "EventData.activityId": "{00000000-0000-0000-0000-000000000000}", "EventData.cv": "t6VYVrYgjUOJ26Ej1e6K5w.1.0", "EventData.Trigger": "0"}
{"EventID": "2", "Channel": "Microsoft-Windows-CloudRestoreLauncher/Operational", "Provider_Name": "Microsoft-Windows-CloudRestoreLauncher", "Computer": "DESKTOP-OFJ6N53", "TimeCreated": "2023-07-27 14:50:37.355341+00:00", "RecordID": "10", "Level": "4", "UserID": "S-1-5-21-963789628-1060504924-4285088085-1001", "EventData.activityId": "{00000000-0000-0000-0000-000000000000}", "EventData.cv": "KinVN1uCzk2GVcas65ZDqQ.1.0", "EventData.Trigger": "0"}
{"EventID": "1", "Channel": "Microsoft-Windows-CloudRestoreLauncher/Operational", "Provider_Name": "Microsoft-Windows-CloudRestoreLauncher", "Computer": "DESKTOP-OFJ6N53", "TimeCreated": "2023-07-27 14:50:37.379549+00:00", "RecordID": "11", "Level": "2", "UserID": "S-1-5-21-963789628-1060504924-4285088085-1001", "EventData.Type": "2", "EventData.ErrorCode": "2147942450", "EventData.File": "pcshell\\shell\\cloudrestorelauncher\\cloudbackuprestore\\backuprestorecoordinator.cpp", "EventData.LineNumber": "185"}
{"EventID": "3", "Channel": "Microsoft-Windows-CloudRestoreLauncher/Operational", "Provider_Name": "Microsoft-Windows-CloudRestoreLauncher", "Computer": "DESKTOP-OFJ6N53", "TimeCreated": "2023-07-27 14:50:37.379568+00:00", "RecordID": "12", "Level": "4", "UserID": "S-1-5-21-963789628-1060504924-4285088085-1001", "EventData.activityId": "{00000000-0000-0000-0000-000000000000}", "EventData.cv": "KinVN1uCzk2GVcas65ZDqQ.1.0", "EventData.Trigger": "0"}
{"EventID": "2", "Channel": "Microsoft-Windows-CloudRestoreLauncher/Operational", "Provider_Name": "Microsoft-Windows-CloudRestoreLauncher", "Computer": "DESKTOP-OFJ6N53", "TimeCreated": "2023-08-03 14:46:39.909113+00:00", "RecordID": "13", "Level": "4", "UserID": "S-1-5-21-963789628-1060504924-4285088085-1001", "EventData.activityId": "{00000000-0000-0000-0000-000000000000}", "EventData.cv": "MDModMwi5EGTAE2a7wnWvg.1.0", "EventData.Trigger": "0"}
{"EventID": "1", "Channel": "Microsoft-Windows-CloudRestoreLauncher/Operational", "Provider_Name": "Microsoft-Windows-CloudRestoreLauncher", "Computer": "DESKTOP-OFJ6N53", "TimeCreated": "2023-08-03 14:46:39.940943+00:00", "RecordID": "14", "Level": "2", "UserID": "S-1-5-21-963789628-1060504924-4285088085-1001", "EventData.Type": "2", "EventData.ErrorCode": "2147942450", "EventData.File": "pcshell\\shell\\cloudrestorelauncher\\cloudbackuprestore\\backuprestorecoordinator.cpp", "EventData.LineNumber": "185"}
{"EventID": "3", "Channel": "Microsoft-Windows-CloudRestoreLauncher/Operational", "Provider_Name": "Microsoft-Windows-CloudRestoreLauncher", "Computer": "DESKTOP-OFJ6N53", "TimeCreated": "2023-08-03 14:46:39.940968+00:00", "RecordID": "15", "Level": "4", "UserID": "S-1-5-21-963789628-1060504924-4285088085-1001", "EventData.activityId": "{00000000-0000-0000-0000-000000000000}", "EventData.cv": "MDModMwi5EGTAE2a7wnWvg.1.0", "EventData.Trigger": "0"}
{"EventID": "2", "Channel": "Microsoft-Windows-CloudRestoreLauncher/Operational", "Provider_Name": "Microsoft-Windows-CloudRestoreLauncher", "Computer": "DESKTOP-OFJ6N53", "TimeCreated": "2023-08-10 15:11:15.417707+00:00", "RecordID": "16", "Level": "4", "UserID": "S-1-5-21-963789628-1060504924-4285088085-1001", "EventData.activityId": "{00000000-0000-0000-0000-000000000000}", "EventData.cv": "rq3DbCQ4wkSX5lyhQn4Q4g.1.0", "EventData.Trigger": "0"}
{"EventID": "1", "Channel": "Microsoft-Windows-CloudRestoreLauncher/Operational", "Provider_Name": "Microsoft-Windows-CloudRestoreLauncher", "Computer": "DESKTOP-OFJ6N53", "TimeCreated": "2023-08-10 15:11:15.443281+00:00", "RecordID": "17", "Level": "2", "UserID": "S-1-5-21-963789628-1060504924-4285088085-1001", "EventData.Type": "2", "EventData.ErrorCode": "2147942450", "EventData.File": "pcshell\\shell\\cloudrestorelauncher\\cloudbackuprestore\\backuprestorecoordinator.cpp", "EventData.LineNumber": "253"}
{"EventID": "3", "Channel": "Microsoft-Windows-CloudRestoreLauncher/Operational", "Provider_Name": "Microsoft-Windows-CloudRestoreLauncher", "Computer": "DESKTOP-OFJ6N53", "TimeCreated": "2023-08-10 15:11:15.443302+00:00", "RecordID": "18", "Level": "4", "UserID": "S-1-5-21-963789628-1060504924-4285088085-1001", "EventData.activityId": "{00000000-0000-0000-0000-000000000000}", "EventData.cv": "rq3DbCQ4wkSX5lyhQn4Q4g.1.0", "EventData.Trigger": "0"}
{"EventID": "2", "Channel": "Microsoft-Windows-CloudRestoreLauncher/Operational", "Provider_Name": "Microsoft-Windows-CloudRestoreLauncher", "Computer": "DESKTOP-OFJ6N53", "TimeCreated": "2023-08-17 16:00:22.865486+00:00", "RecordID": "19", "Level": "4", "UserID": "S-1-5-21-963789628-1060504924-4285088085-1001", "EventData.activityId": "{00000000-0000-0000-0000-000000000000}", "EventData.cv": "3Xn7D4O9Mk+HuEH/dEdKhQ.1.0", "EventData.Trigger": "0"}
{"EventID": "1", "Channel": "Microsoft-Windows-CloudRestoreLauncher/Operational", "Provider_Name": "Microsoft-Windows-CloudRestoreLauncher", "Computer": "DESKTOP-OFJ6N53", "TimeCreated": "2023-08-17 16:00:22.886923+00:00", "RecordID": "20", "Level": "2", "UserID": "S-1-5-21-963789628-1060504924-4285088085-1001", "EventData.Type": "2", "EventData.ErrorCode": "2147942450", "EventData.File": "pcshell\\shell\\cloudrestorelauncher\\cloudbackuprestore\\backuprestorecoordinator.cpp", "EventData.LineNumber": "253"}
{"EventID": "3", "Channel": "Microsoft-Windows-CloudRestoreLauncher/Operational", "Provider_Name": "Microsoft-Windows-CloudRestoreLauncher", "Computer": "DESKTOP-OFJ6N53", "TimeCreated": "2023-08-17 16:00:22.886942+00:00", "RecordID": "21", "Level": "4", "UserID": "S-1-5-21-963789628-1060504924-4285088085-1001", "EventData.activityId": "{00000000-0000-0000-0000-000000000000}", "EventData.cv": "3Xn7D4O9Mk+HuEH/dEdKhQ.1.0", "EventData.Trigger": "0"}
{"EventID": "2", "Channel": "Microsoft-Windows-CloudRestoreLauncher/Operational", "Provider_Name": "Microsoft-Windows-CloudRestoreLauncher", "Computer": "DESKTOP-OFJ6N53", "TimeCreated": "2023-08-24 16:00:26.407917+00:00", "RecordID": "22", "Level": "4", "UserID": "S-1-5-21-963789628-1060504924-4285088085-1001", "EventData.activityId": "{00000000-0000-0000-0000-000000000000}", "EventData.cv": "omk2Z1SPDE2rdRcaJwOpeA.1.0", "EventData.Trigger": "0"}
{"EventID": "1", "Channel": "Microsoft-Windows-CloudRestoreLauncher/Operational", "Provider_Name": "Microsoft-Windows-CloudRestoreLauncher", "Computer": "DESKTOP-OFJ6N53", "TimeCreated": "2023-08-24 16:00:26.426100+00:00", "RecordID": "23", "Level": "2", "UserID": "S-1-5-21-963789628-1060504924-4285088085-1001", "EventData.Type": "2", "EventData.ErrorCode": "2147942450", "EventData.File": "pcshell\\shell\\cloudrestorelauncher\\cloudbackuprestore\\backuprestorecoordinator.cpp", "EventData.LineNumber": "253"}
{"EventID": "3", "Channel": "Microsoft-Windows-CloudRestoreLauncher/Operational", "Provider_Name": "Microsoft-Windows-CloudRestoreLauncher", "Computer": "DESKTOP-OFJ6N53", "TimeCreated": "2023-08-24 16:00:26.426121+00:00", "RecordID": "24", "Level": "4", "UserID": "S-1-5-21-963789628-1060504924-4285088085-1001", "EventData.activityId": "{00000000-0000-0000-0000-000000000000}", "EventData.cv": "omk2Z1SPDE2rdRcaJwOpeA.1.0", "EventData.Trigger": "0"}
{"EventID": "2", "Channel": "Microsoft-Windows-CloudRestoreLauncher/Operational", "Provider_Name": "Microsoft-Windows-CloudRestoreLauncher", "Computer": "DESKTOP-OFJ6N53", "TimeCreated": "2023-08-31 14:45:17.009462+00:00", "RecordID": "25", "Level": "4", "UserID": "S-1-5-21-963789628-1060504924-4285088085-1001", "EventData.activityId": "{00000000-0000-0000-0000-000000000000}", "EventData.cv": "dn/MrxHr+ESqUgvCViE5ZQ.1.0", "EventData.Trigger": "0"}
{"EventID": "1", "Channel": "Microsoft-Windows-CloudRestoreLauncher/Operational", "Provider_Name": "Microsoft-Windows-CloudRestoreLauncher", "Computer": "DESKTOP-OFJ6N53", "TimeCreated": "2023-08-31 14:45:17.026453+00:00", "RecordID": "26", "Level": "2", "UserID": "S-1-5-21-963789628-1060504924-4285088085-1001", "EventData.Type": "2", "EventData.ErrorCode": "2147942450", "EventData.File": "pcshell\\shell\\cloudrestorelauncher\\cloudbackuprestore\\backuprestorecoordinator.cpp", "EventData.LineNumber": "253"}
{"EventID": "3", "Channel": "Microsoft-Windows-CloudRestoreLauncher/Operational", "Provider_Name": "Microsoft-Windows-CloudRestoreLauncher", "Computer": "DESKTOP-OFJ6N53", "TimeCreated": "2023-08-31 14:45:17.026472+00:00", "RecordID": "27", "Level": "4", "UserID": "S-1-5-21-963789628-1060504924-4285088085-1001", "EventData.activityId": "{00000000-0000-0000-0000-000000000000}", "EventData.cv": "dn/MrxHr+ESqUgvCViE5ZQ.1.0", "EventData.Trigger": "0"}
{"EventID": "2", "Channel": "Microsoft-Windows-CloudRestoreLauncher/Operational", "Provider_Name": "Microsoft-Windows-CloudRestoreLauncher", "Computer": "DESKTOP-OFJ6N53", "TimeCreated": "2023-09-07 16:37:07.284769+00:00", "RecordID": "28", "Level": "4", "UserID": "S-1-5-21-963789628-1060504924-4285088085-1001", "EventData.activityId": "{00000000-0000-0000-0000-000000000000}", "EventData.cv": "fSm66ABkb0yYSmx5gjSeCA.1.0", "EventData.Trigger": "0"}
{"EventID": "1", "Channel": "Microsoft-Windows-CloudRestoreLauncher/Operational", "Provider_Name": "Microsoft-Windows-CloudRestoreLauncher", "Computer": "DESKTOP-OFJ6N53", "TimeCreated": "2023-09-07 16:37:07.306576+00:00", "RecordID": "29", "Level": "2", "UserID": "S-1-5-21-963789628-1060504924-4285088085-1001", "EventData.Type": "2", "EventData.ErrorCode": "2147942450", "EventData.File": "pcshell\\shell\\cloudrestorelauncher\\cloudbackuprestore\\backuprestorecoordinator.cpp", "EventData.LineNumber": "253"}
{"EventID": "3", "Channel": "Microsoft-Windows-CloudRestoreLauncher/Operational", "Provider_Name": "Microsoft-Windows-CloudRestoreLauncher", "Computer": "DESKTOP-OFJ6N53", "TimeCreated": "2023-09-07 16:37:07.306595+00:00", "RecordID": "30", "Level": "4", "UserID": "S-1-5-21-963789628-1060504924-4285088085-1001", "EventData.activityId": "{00000000-0000-0000-0000-000000000000}", "EventData.cv": "fSm66ABkb0yYSmx5gjSeCA.1.0", "EventData.Trigger": "0"}
{"EventID": "2", "Channel": "Microsoft-Windows-CloudRestoreLauncher/Operational", "Provider_Name": "Microsoft-Windows-CloudRestoreLauncher", "Computer": "DESKTOP-OFJ6N53", "TimeCreated": "2023-09-14 16:36:39.750229+00:00", "RecordID": "31", "Level": "4", "UserID": "S-1-5-21-963789628-1060504924-4285088085-1001", "EventData.activityId": "{00000000-0000-0000-0000-000000000000}", "EventData.cv": "UaCDyN7aE0GQtXp59BMlwQ.1.0", "EventData.Trigger": "0"}
{"EventID": "1", "Channel": "Microsoft-Windows-CloudRestoreLauncher/Operational", "Provider_Name": "Microsoft-Windows-CloudRestoreLauncher", "Computer": "DESKTOP-OFJ6N53", "TimeCreated": "2023-09-14 16:36:39.774084+00:00", "RecordID": "32", "Level": "2", "UserID": "S-1-5-21-963789628-1060504924-4285088085-1001", "EventData.Type": "2", "EventData.ErrorCode": "2147942450", "EventData.File": "pcshell\\shell\\cloudrestorelauncher\\cloudbackuprestore\\backuprestorecoordinator.cpp", "EventData.LineNumber": "253"}
{"EventID": "3", "Channel": "Microsoft-Windows-CloudRestoreLauncher/Operational", "Provider_Name": "Microsoft-Windows-CloudRestoreLauncher", "Computer": "DESKTOP-OFJ6N53", "TimeCreated": "2023-09-14 16:36:39.774120+00:00", "RecordID": "33", "Level": "4", "UserID": "S-1-5-21-963789628-1060504924-4285088085-1001", "EventData.activityId": "{00000000-0000-0000-0000-000000000000}", "EventData.cv": "UaCDyN7aE0GQtXp59BMlwQ.1.0", "EventData.Trigger": "0"}
{"EventID": "2", "Channel": "Microsoft-Windows-CloudRestoreLauncher/Operational", "Provider_Name": "Microsoft-Windows-CloudRestoreLauncher", "Computer": "DESKTOP-OFJ6N53", "TimeCreated": "2023-09-21 16:36:55.584105+00:00", "RecordID": "34", "Level": "4", "UserID": "S-1-5-21-963789628-1060504924-4285088085-1001", "EventData.activityId": "{00000000-0000-0000-0000-000000000000}", "EventData.cv": "fuQmWuhPPEW3kJjJxrrBDg.1.0", "EventData.Trigger": "0"}
{"EventID": "1", "Channel": "Microsoft-Windows-CloudRestoreLauncher/Operational", "Provider_Name": "Microsoft-Windows-CloudRestoreLauncher", "Computer": "DESKTOP-OFJ6N53", "TimeCreated": "2023-09-21 16:36:55.608210+00:00", "RecordID": "35", "Level": "2", "UserID": "S-1-5-21-963789628-1060504924-4285088085-1001", "EventData.Type": "2", "EventData.ErrorCode": "2147942450", "EventData.File": "pcshell\\shell\\cloudrestorelauncher\\cloudbackuprestore\\backuprestorecoordinator.cpp", "EventData.LineNumber": "253"}
{"EventID": "3", "Channel": "Microsoft-Windows-CloudRestoreLauncher/Operational", "Provider_Name": "Microsoft-Windows-CloudRestoreLauncher", "Computer": "DESKTOP-OFJ6N53", "TimeCreated": "2023-09-21 16:36:55.608248+00:00", "RecordID": "36", "Level": "4", "UserID": "S-1-5-21-963789628-1060504924-4285088085-1001", "EventData.activityId": "{00000000-0000-0000-0000-000000000000}", "EventData.cv": "fuQmWuhPPEW3kJjJxrrBDg.1.0", "EventData.Trigger": "0"}
{"EventID": "2", "Channel": "Microsoft-Windows-CloudRestoreLauncher/Operational", "Provider_Name": "Microsoft-Windows-CloudRestoreLauncher", "Computer": "DESKTOP-OFJ6N53", "TimeCreated": "2023-09-28 14:47:31.115650+00:00", "RecordID": "37", "Level": "4", "UserID": "S-1-5-21-963789628-1060504924-4285088085-1001", "EventData.activityId": "{00000000-0000-0000-0000-000000000000}", "EventData.cv": "OfYe4EPM4k+S+0ESPuTBOw.1.0", "EventData.Trigger": "0"}
{"EventID": "1", "Channel": "Microsoft-Windows-CloudRestoreLauncher/Operational", "Provider_Name": "Microsoft-Windows-CloudRestoreLauncher", "Computer": "DESKTOP-OFJ6N53", "TimeCreated": "2023-09-28 14:47:31.128489+00:00", "RecordID": "38", "Level": "2", "UserID": "S-1-5-21-963789628-1060504924-4285088085-1001", "EventData.Type": "2", "EventData.ErrorCode": "2147942450", "EventData.File": "pcshell\\shell\\cloudrestorelauncher\\cloudbackuprestore\\backuprestorecoordinator.cpp", "EventData.LineNumber": "253"}
{"EventID": "3", "Channel": "Microsoft-Windows-CloudRestoreLauncher/Operational", "Provider_Name": "Microsoft-Windows-CloudRestoreLauncher", "Computer": "DESKTOP-OFJ6N53", "TimeCreated": "2023-09-28 14:47:31.128523+00:00", "RecordID": "39", "Level": "4", "UserID": "S-1-5-21-963789628-1060504924-4285088085-1001", "EventData.activityId": "{00000000-0000-0000-0000-000000000000}", "EventData.cv": "OfYe4EPM4k+S+0ESPuTBOw.1.0", "EventData.Trigger": "0"}
{"EventID": "2", "Channel": "Microsoft-Windows-CloudRestoreLauncher/Operational", "Provider_Name": "Microsoft-Windows-CloudRestoreLauncher", "Computer": "DESKTOP-OFJ6N53", "TimeCreated": "2023-10-05 16:10:54.345934+00:00", "RecordID": "40", "Level": "4", "UserID": "S-1-5-21-963789628-1060504924-4285088085-1001", "EventData.activityId": "{00000000-0000-0000-0000-000000000000}", "EventData.cv": "mxAlM4PtqE+kJs+id4dWEw.1.0", "EventData.Trigger": "0"}
{"EventID": "1", "Channel": "Microsoft-Windows-CloudRestoreLauncher/Operational", "Provider_Name": "Microsoft-Windows-CloudRestoreLauncher", "Computer": "DESKTOP-OFJ6N53", "TimeCreated": "2023-10-05 16:10:54.371349+00:00", "RecordID": "41", "Level": "2", "UserID": "S-1-5-21-963789628-1060504924-4285088085-1001", "EventData.Type": "2", "EventData.ErrorCode": "2147942450", "EventData.File": "pcshell\\shell\\cloudrestorelauncher\\cloudbackuprestore\\backuprestorecoordinator.cpp", "EventData.LineNumber": "253"}
{"EventID": "3", "Channel": "Microsoft-Windows-CloudRestoreLauncher/Operational", "Provider_Name": "Microsoft-Windows-CloudRestoreLauncher", "Computer": "DESKTOP-OFJ6N53", "TimeCreated": "2023-10-05 16:10:54.371384+00:00", "RecordID": "42", "Level": "4", "UserID": "S-1-5-21-963789628-1060504924-4285088085-1001", "EventData.activityId": "{00000000-0000-0000-0000-000000000000}", "EventData.cv": "mxAlM4PtqE+kJs+id4dWEw.1.0", "EventData.Trigger": "0"}
{"EventID": "2", "Channel": "Microsoft-Windows-CloudRestoreLauncher/Operational", "Provider_Name": "Microsoft-Windows-CloudRestoreLauncher", "Computer": "DESKTOP-OFJ6N53", "TimeCreated": "2023-10-12 15:27:48.050594+00:00", "RecordID": "43", "Level": "4", "UserID": "S-1-5-21-963789628-1060504924-4285088085-1001", "EventData.activityId": "{00000000-0000-0000-0000-000000000000}", "EventData.cv": "zk4P0A6qR0y2H2t1q+U/qA.1.0", "EventData.Trigger": "0"}
{"EventID": "1", "Channel": "Microsoft-Windows-CloudRestoreLauncher/Operational", "Provider_Name": "Microsoft-Windows-CloudRestoreLauncher", "Computer": "DESKTOP-OFJ6N53", "TimeCreated": "2023-10-12 15:27:48.064898+00:00", "RecordID": "44", "Level": "2", "UserID": "S-1-5-21-963789628-1060504924-4285088085-1001", "EventData.Type": "2", "EventData.ErrorCode": "2147942450", "EventData.File": "pcshell\\shell\\cloudrestorelauncher\\cloudbackuprestore\\backuprestorecoordinator.cpp", "EventData.LineNumber": "253"}
{"EventID": "3", "Channel": "Microsoft-Windows-CloudRestoreLauncher/Operational", "Provider_Name": "Microsoft-Windows-CloudRestoreLauncher", "Computer": "DESKTOP-OFJ6N53", "TimeCreated": "2023-10-12 15:27:48.064920+00:00", "RecordID": "45", "Level": "4", "UserID": "S-1-5-21-963789628-1060504924-4285088085-1001", "EventData.activityId": "{00000000-0000-0000-0000-000000000000}", "EventData.cv": "zk4P0A6qR0y2H2t1q+U/qA.1.0", "EventData.Trigger": "0"}
{"EventID": "2", "Channel": "Microsoft-Windows-CloudRestoreLauncher/Operational", "Provider_Name": "Microsoft-Windows-CloudRestoreLauncher", "Computer": "DESKTOP-OFJ6N53", "TimeCreated": "2023-10-19 14:55:45.808653+00:00", "RecordID": "46", "Level": "4", "UserID": "S-1-5-21-963789628-1060504924-4285088085-1001", "EventData.activityId": "{00000000-0000-0000-0000-000000000000}", "EventData.cv": "C/0z0Yw/BUywfhD0wE+KJQ.1.0", "EventData.Trigger": "0"}
{"EventID": "1", "Channel": "Microsoft-Windows-CloudRestoreLauncher/Operational", "Provider_Name": "Microsoft-Windows-CloudRestoreLauncher", "Computer": "DESKTOP-OFJ6N53", "TimeCreated": "2023-10-19 14:55:45.834520+00:00", "RecordID": "47", "Level": "2", "UserID": "S-1-5-21-963789628-1060504924-4285088085-1001", "EventData.Type": "2", "EventData.ErrorCode": "2147942450", "EventData.File": "pcshell\\shell\\cloudrestorelauncher\\cloudbackuprestore\\backuprestorecoordinator.cpp", "EventData.LineNumber": "253"}
{"EventID": "3", "Channel": "Microsoft-Windows-CloudRestoreLauncher/Operational", "Provider_Name": "Microsoft-Windows-CloudRestoreLauncher", "Computer": "DESKTOP-OFJ6N53", "TimeCreated": "2023-10-19 14:55:45.834541+00:00", "RecordID": "48", "Level": "4", "UserID": "S-1-5-21-963789628-1060504924-4285088085-1001", "EventData.activityId": "{00000000-0000-0000-0000-000000000000}", "EventData.cv": "C/0z0Yw/BUywfhD0wE+KJQ.1.0", "EventData.Trigger": "0"}
{"EventID": "2", "Channel": "Microsoft-Windows-CloudRestoreLauncher/Operational", "Provider_Name": "Microsoft-Windows-CloudRestoreLauncher", "Computer": "DESKTOP-OFJ6N53", "TimeCreated": "2023-10-26 14:56:02.502077+00:00", "RecordID": "49", "Level": "4", "UserID": "S-1-5-21-963789628-1060504924-4285088085-1001", "EventData.activityId": "{00000000-0000-0000-0000-000000000000}", "EventData.cv": "ywkv7PF9vUq+2AbKnXdUXQ.1.0", "EventData.Trigger": "0"}
{"EventID": "1", "Channel": "Microsoft-Windows-CloudRestoreLauncher/Operational", "Provider_Name": "Microsoft-Windows-CloudRestoreLauncher", "Computer": "DESKTOP-OFJ6N53", "TimeCreated": "2023-10-26 14:56:02.526571+00:00", "RecordID": "50", "Level": "2", "UserID": "S-1-5-21-963789628-1060504924-4285088085-1001", "EventData.Type": "2", "EventData.ErrorCode": "2147942450", "EventData.File": "pcshell\\shell\\cloudrestorelauncher\\cloudbackuprestore\\backuprestorecoordinator.cpp", "EventData.LineNumber": "253"}
{"EventID": "3", "Channel": "Microsoft-Windows-CloudRestoreLauncher/Operational", "Provider_Name": "Microsoft-Windows-CloudRestoreLauncher", "Computer": "DESKTOP-OFJ6N53", "TimeCreated": "2023-10-26 14:56:02.526590+00:00", "RecordID": "51", "Level": "4", "UserID": "S-1-5-21-963789628-1060504924-4285088085-1001", "EventData.activityId": "{00000000-0000-0000-0000-000000000000}", "EventData.cv": "ywkv7PF9vUq+2AbKnXdUXQ.1.0", "EventData.Trigger": "0"}
{"EventID": "2", "Channel": "Microsoft-Windows-CloudRestoreLauncher/Operational", "Provider_Name": "Microsoft-Windows-CloudRestoreLauncher", "Computer": "DESKTOP-OFJ6N53", "TimeCreated": "2023-11-02 15:05:27.174063+00:00", "RecordID": "52", "Level": "4", "UserID": "S-1-5-21-963789628-1060504924-4285088085-1001", "EventData.activityId": "{00000000-0000-0000-0000-000000000000}", "EventData.cv": "LF73dCwnpUW0gzX8phtSuw.1.0", "EventData.Trigger": "0"}
{"EventID": "1", "Channel": "Microsoft-Windows-CloudRestoreLauncher/Operational", "Provider_Name": "Microsoft-Windows-CloudRestoreLauncher", "Computer": "DESKTOP-OFJ6N53", "TimeCreated": "2023-11-02 15:05:27.197493+00:00", "RecordID": "53", "Level": "2", "UserID": "S-1-5-21-963789628-1060504924-4285088085-1001", "EventData.Type": "2", "EventData.ErrorCode": "2147942450", "EventData.File": "pcshell\\shell\\cloudrestorelauncher\\cloudbackuprestore\\backuprestorecoordinator.cpp", "EventData.LineNumber": "253"}
{"EventID": "3", "Channel": "Microsoft-Windows-CloudRestoreLauncher/Operational", "Provider_Name": "Microsoft-Windows-CloudRestoreLauncher", "Computer": "DESKTOP-OFJ6N53", "TimeCreated": "2023-11-02 15:05:27.197512+00:00", "RecordID": "54", "Level": "4", "UserID": "S-1-5-21-963789628-1060504924-4285088085-1001", "EventData.activityId": "{00000000-0000-0000-0000-000000000000}", "EventData.cv": "LF73dCwnpUW0gzX8phtSuw.1.0", "EventData.Trigger": "0"}
{"EventID": "2", "Channel": "Microsoft-Windows-CloudRestoreLauncher/Operational", "Provider_Name": "Microsoft-Windows-CloudRestoreLauncher", "Computer": "DESKTOP-OFJ6N53", "TimeCreated": "2023-11-09 14:47:59.801006+00:00", "RecordID": "55", "Level": "4", "UserID": "S-1-5-21-963789628-1060504924-4285088085-1001", "EventData.activityId": "{00000000-0000-0000-0000-000000000000}", "EventData.cv": "h2W7Y8WDVkGOtJZq2nDx0Q.1.0", "EventData.Trigger": "0"}
{"EventID": "1", "Channel": "Microsoft-Windows-CloudRestoreLauncher/Operational", "Provider_Name": "Microsoft-Windows-CloudRestoreLauncher", "Computer": "DESKTOP-OFJ6N53", "TimeCreated": "2023-11-09 14:47:59.818136+00:00", "RecordID": "56", "Level": "2", "UserID": "S-1-5-21-963789628-1060504924-4285088085-1001", "EventData.Type": "2", "EventData.ErrorCode": "2147942450", "EventData.File": "pcshell\\shell\\cloudrestorelauncher\\cloudbackuprestore\\backuprestorecoordinator.cpp", "EventData.LineNumber": "253"}
{"EventID": "3", "Channel": "Microsoft-Windows-CloudRestoreLauncher/Operational", "Provider_Name": "Microsoft-Windows-CloudRestoreLauncher", "Computer": "DESKTOP-OFJ6N53", "TimeCreated": "2023-11-09 14:47:59.818155+00:00", "RecordID": "57", "Level": "4", "UserID": "S-1-5-21-963789628-1060504924-4285088085-1001", "EventData.activityId": "{00000000-0000-0000-0000-000000000000}", "EventData.cv": "h2W7Y8WDVkGOtJZq2nDx0Q.1.0", "EventData.Trigger": "0"}
{"EventID": "2", "Channel": "Microsoft-Windows-CloudRestoreLauncher/Operational", "Provider_Name": "Microsoft-Windows-CloudRestoreLauncher", "Computer": "DESKTOP-OFJ6N53", "TimeCreated": "2023-11-16 16:41:18.839863+00:00", "RecordID": "58", "Level": "4", "UserID": "S-1-5-21-963789628-1060504924-4285088085-1001", "EventData.activityId": "{00000000-0000-0000-0000-000000000000}", "EventData.cv": "azZZaC+eGEGOQFX8Pa/JDg.1.0", "EventData.Trigger": "0"}
{"EventID": "1", "Channel": "Microsoft-Windows-CloudRestoreLauncher/Operational", "Provider_Name": "Microsoft-Windows-CloudRestoreLauncher", "Computer": "DESKTOP-OFJ6N53", "TimeCreated": "2023-11-16 16:41:18.856873+00:00", "RecordID": "59", "Level": "2", "UserID": "S-1-5-21-963789628-1060504924-4285088085-1001", "EventData.Type": "2", "EventData.ErrorCode": "2147942450", "EventData.File": "pcshell\\shell\\cloudrestorelauncher\\cloudbackuprestore\\backuprestorecoordinator.cpp", "EventData.LineNumber": "253"}
{"EventID": "3", "Channel": "Microsoft-Windows-CloudRestoreLauncher/Operational", "Provider_Name": "Microsoft-Windows-CloudRestoreLauncher", "Computer": "DESKTOP-OFJ6N53", "TimeCreated": "2023-11-16 16:41:18.856892+00:00", "RecordID": "60", "Level": "4", "UserID": "S-1-5-21-963789628-1060504924-4285088085-1001", "EventData.activityId": "{00000000-0000-0000-0000-000000000000}", "EventData.cv": "azZZaC+eGEGOQFX8Pa/JDg.1.0", "EventData.Trigger": "0"}
{"EventID": "2", "Channel": "Microsoft-Windows-CloudRestoreLauncher/Operational", "Provider_Name": "Microsoft-Windows-CloudRestoreLauncher", "Computer": "DESKTOP-OFJ6N53", "TimeCreated": "2023-11-26 07:29:13.616802+00:00", "RecordID": "61", "Level": "4", "UserID": "S-1-5-21-963789628-1060504924-4285088085-1001", "EventData.activityId": "{00000000-0000-0000-0000-000000000000}", "EventData.cv": "G75yagBIpUmp3+kykpv4Ug.1.0", "EventData.Trigger": "0"}
{"EventID": "1", "Channel": "Microsoft-Windows-CloudRestoreLauncher/Operational", "Provider_Name": "Microsoft-Windows-CloudRestoreLauncher", "Computer": "DESKTOP-OFJ6N53", "TimeCreated": "2023-11-26 07:29:13.642048+00:00", "RecordID": "62", "Level": "2", "UserID": "S-1-5-21-963789628-1060504924-4285088085-1001", "EventData.Type": "2", "EventData.ErrorCode": "2147942450", "EventData.File": "pcshell\\shell\\cloudrestorelauncher\\cloudbackuprestore\\backuprestorecoordinator.cpp", "EventData.LineNumber": "253"}
{"EventID": "3", "Channel": "Microsoft-Windows-CloudRestoreLauncher/Operational", "Provider_Name": "Microsoft-Windows-CloudRestoreLauncher", "Computer": "DESKTOP-OFJ6N53", "TimeCreated": "2023-11-26 07:29:13.642067+00:00", "RecordID": "63", "Level": "4", "UserID": "S-1-5-21-963789628-1060504924-4285088085-1001", "EventData.activityId": "{00000000-0000-0000-0000-000000000000}", "EventData.cv": "G75yagBIpUmp3+kykpv4Ug.1.0", "EventData.Trigger": "0"}
{"EventID": "2", "Channel": "Microsoft-Windows-CloudRestoreLauncher/Operational", "Provider_Name": "Microsoft-Windows-CloudRestoreLauncher", "Computer": "DESKTOP-OFJ6N53", "TimeCreated": "2023-12-03 07:25:51.604507+00:00", "RecordID": "64", "Level": "4", "UserID": "S-1-5-21-963789628-1060504924-4285088085-1001", "EventData.activityId": "{00000000-0000-0000-0000-000000000000}", "EventData.cv": "S/O7P3fx8ECtGhSx1nrbuQ.1.0", "EventData.Trigger": "0"}
{"EventID": "1", "Channel": "Microsoft-Windows-CloudRestoreLauncher/Operational", "Provider_Name": "Microsoft-Windows-CloudRestoreLauncher", "Computer": "DESKTOP-OFJ6N53", "TimeCreated": "2023-12-03 07:25:51.630594+00:00", "RecordID": "65", "Level": "2", "UserID": "S-1-5-21-963789628-1060504924-4285088085-1001", "EventData.Type": "2", "EventData.ErrorCode": "2147942450", "EventData.File": "pcshell\\shell\\cloudrestorelauncher\\cloudbackuprestore\\backuprestorecoordinator.cpp", "EventData.LineNumber": "253"}
{"EventID": "3", "Channel": "Microsoft-Windows-CloudRestoreLauncher/Operational", "Provider_Name": "Microsoft-Windows-CloudRestoreLauncher", "Computer": "DESKTOP-OFJ6N53", "TimeCreated": "2023-12-03 07:25:51.630621+00:00", "RecordID": "66", "Level": "4", "UserID": "S-1-5-21-963789628-1060504924-4285088085-1001", "EventData.activityId": "{00000000-0000-0000-0000-000000000000}", "EventData.cv": "S/O7P3fx8ECtGhSx1nrbuQ.1.0", "EventData.Trigger": "0"}
{"EventID": "2", "Channel": "Microsoft-Windows-CloudRestoreLauncher/Operational", "Provider_Name": "Microsoft-Windows-CloudRestoreLauncher", "Computer": "DESKTOP-OFJ6N53", "TimeCreated": "2023-12-09 09:57:36.622414+00:00", "RecordID": "67", "Level": "4", "UserID": "S-1-5-21-963789628-1060504924-4285088085-1001", "EventData.activityId": "{00000000-0000-0000-0000-000000000000}", "EventData.cv": "OC+e58OQTkKtxDeCkgm+vg.1.0", "EventData.Trigger": "0"}
{"EventID": "1", "Channel": "Microsoft-Windows-CloudRestoreLauncher/Operational", "Provider_Name": "Microsoft-Windows-CloudRestoreLauncher", "Computer": "DESKTOP-OFJ6N53", "TimeCreated": "2023-12-09 09:57:36.641682+00:00", "RecordID": "68", "Level": "2", "UserID": "S-1-5-21-963789628-1060504924-4285088085-1001", "EventData.Type": "2", "EventData.ErrorCode": "2147942450", "EventData.File": "pcshell\\shell\\cloudrestorelauncher\\cloudbackuprestore\\backuprestorecoordinator.cpp", "EventData.LineNumber": "253"}
{"EventID": "3", "Channel": "Microsoft-Windows-CloudRestoreLauncher/Operational", "Provider_Name": "Microsoft-Windows-CloudRestoreLauncher", "Computer": "DESKTOP-OFJ6N53", "TimeCreated": "2023-12-09 09:57:36.641703+00:00", "RecordID": "69", "Level": "4", "UserID": "S-1-5-21-963789628-1060504924-4285088085-1001", "EventData.activityId": "{00000000-0000-0000-0000-000000000000}", "EventData.cv": "OC+e58OQTkKtxDeCkgm+vg.1.0", "EventData.Trigger": "0"}
{"EventID": "2", "Channel": "Microsoft-Windows-CloudRestoreLauncher/Operational", "Provider_Name": "Microsoft-Windows-CloudRestoreLauncher", "Computer": "DESKTOP-OFJ6N53", "TimeCreated": "2023-12-17 06:53:31.145346+00:00", "RecordID": "70", "Level": "4", "UserID": "S-1-5-21-963789628-1060504924-4285088085-1001", "EventData.activityId": "{00000000-0000-0000-0000-000000000000}", "EventData.cv": "ybVyAhytmEeAgBp0dQD2YA.1.0", "EventData.Trigger": "0"}
{"EventID": "1", "Channel": "Microsoft-Windows-CloudRestoreLauncher/Operational", "Provider_Name": "Microsoft-Windows-CloudRestoreLauncher", "Computer": "DESKTOP-OFJ6N53", "TimeCreated": "2023-12-17 06:53:31.163998+00:00", "RecordID": "71", "Level": "2", "UserID": "S-1-5-21-963789628-1060504924-4285088085-1001", "EventData.Type": "2", "EventData.ErrorCode": "2147942450", "EventData.File": "pcshell\\shell\\cloudrestorelauncher\\cloudbackuprestore\\backuprestorecoordinator.cpp", "EventData.LineNumber": "253"}
{"EventID": "3", "Channel": "Microsoft-Windows-CloudRestoreLauncher/Operational", "Provider_Name": "Microsoft-Windows-CloudRestoreLauncher", "Computer": "DESKTOP-OFJ6N53", "TimeCreated": "2023-12-17 06:53:31.164026+00:00", "RecordID": "72", "Level": "4", "UserID": "S-1-5-21-963789628-1060504924-4285088085-1001", "EventData.activityId": "{00000000-0000-0000-0000-000000000000}", "EventData.cv": "ybVyAhytmEeAgBp0dQD2YA.1.0", "EventData.Trigger": "0"}
{"EventID": "2", "Channel": "Microsoft-Windows-CloudRestoreLauncher/Operational", "Provider_Name": "Microsoft-Windows-CloudRestoreLauncher", "Computer": "DESKTOP-OFJ6N53", "TimeCreated": "2023-12-23 18:10:23.175161+00:00", "RecordID": "73", "Level": "4", "UserID": "S-1-5-21-963789628-1060504924-4285088085-1001", "EventData.activityId": "{00000000-0000-0000-0000-000000000000}", "EventData.cv": "rPhApy/QfESeAFi1nMNugQ.1.0", "EventData.Trigger": "0"}
{"EventID": "1", "Channel": "Microsoft-Windows-CloudRestoreLauncher/Operational", "Provider_Name": "Microsoft-Windows-CloudRestoreLauncher", "Computer": "DESKTOP-OFJ6N53", "TimeCreated": "2023-12-23 18:10:23.193876+00:00", "RecordID": "74", "Level": "2", "UserID": "S-1-5-21-963789628-1060504924-4285088085-1001", "EventData.Type": "2", "EventData.ErrorCode": "2147942450", "EventData.File": "pcshell\\shell\\cloudrestorelauncher\\cloudbackuprestore\\backuprestorecoordinator.cpp", "EventData.LineNumber": "253"}
{"EventID": "3", "Channel": "Microsoft-Windows-CloudRestoreLauncher/Operational", "Provider_Name": "Microsoft-Windows-CloudRestoreLauncher", "Computer": "DESKTOP-OFJ6N53", "TimeCreated": "2023-12-23 18:10:23.193899+00:00", "RecordID": "75", "Level": "4", "UserID": "S-1-5-21-963789628-1060504924-4285088085-1001", "EventData.activityId": "{00000000-0000-0000-0000-000000000000}", "EventData.cv": "rPhApy/QfESeAFi1nMNugQ.1.0", "EventData.Trigger": "0"}
{"EventID": "2", "Channel": "Microsoft-Windows-CloudRestoreLauncher/Operational", "Provider_Name": "Microsoft-Windows-CloudRestoreLauncher", "Computer": "DESKTOP-OFJ6N53", "TimeCreated": "2023-12-31 05:11:17.342180+00:00", "RecordID": "76", "Level": "4", "UserID": "S-1-5-21-963789628-1060504924-4285088085-1001", "EventData.activityId": "{00000000-0000-0000-0000-000000000000}", "EventData.cv": "s5fDpPZF1EeT9xaPbLm1/g.1.0", "EventData.Trigger": "0"}
{"EventID": "1", "Channel": "Microsoft-Windows-CloudRestoreLauncher/Operational", "Provider_Name": "Microsoft-Windows-CloudRestoreLauncher", "Computer": "DESKTOP-OFJ6N53", "TimeCreated": "2023-12-31 05:11:17.370956+00:00", "RecordID": "77", "Level": "2", "UserID": "S-1-5-21-963789628-1060504924-4285088085-1001", "EventData.Type": "2", "EventData.ErrorCode": "2147942450", "EventData.File": "pcshell\\shell\\cloudrestorelauncher\\cloudbackuprestore\\backuprestorecoordinator.cpp", "EventData.LineNumber": "253"}
{"EventID": "3", "Channel": "Microsoft-Windows-CloudRestoreLauncher/Operational", "Provider_Name": "Microsoft-Windows-CloudRestoreLauncher", "Computer": "DESKTOP-OFJ6N53", "TimeCreated": "2023-12-31 05:11:17.370981+00:00", "RecordID": "78", "Level": "4", "UserID": "S-1-5-21-963789628-1060504924-4285088085-1001", "EventData.activityId": "{00000000-0000-0000-0000-000000000000}", "EventData.cv": "s5fDpPZF1EeT9xaPbLm1/g.1.0", "EventData.Trigger": "0"}
{"EventID": "2", "Channel": "Microsoft-Windows-CloudRestoreLauncher/Operational", "Provider_Name": "Microsoft-Windows-CloudRestoreLauncher", "Computer": "DESKTOP-OFJ6N53", "TimeCreated": "2024-01-07 00:11:36.555315+00:00", "RecordID": "79", "Level": "4", "UserID": "S-1-5-21-963789628-1060504924-4285088085-1001", "EventData.activityId": "{00000000-0000-0000-0000-000000000000}", "EventData.cv": "Pj8GMxkKL0SutihJL4+aRg.1.0", "EventData.Trigger": "0"}
{"EventID": "1", "Channel": "Microsoft-Windows-CloudRestoreLauncher/Operational", "Provider_Name": "Microsoft-Windows-CloudRestoreLauncher", "Computer": "DESKTOP-OFJ6N53", "TimeCreated": "2024-01-07 00:11:36.584414+00:00", "RecordID": "80", "Level": "2", "UserID": "S-1-5-21-963789628-1060504924-4285088085-1001", "EventData.Type": "2", "EventData.ErrorCode": "2147942450", "EventData.File": "pcshell\\shell\\cloudrestorelauncher\\cloudbackuprestore\\backuprestorecoordinator.cpp", "EventData.LineNumber": "253"}
{"EventID": "3", "Channel": "Microsoft-Windows-CloudRestoreLauncher/Operational", "Provider_Name": "Microsoft-Windows-CloudRestoreLauncher", "Computer": "DESKTOP-OFJ6N53", "TimeCreated": "2024-01-07 00:11:36.584438+00:00", "RecordID": "81", "Level": "4", "UserID": "S-1-5-21-963789628-1060504924-4285088085-1001", "EventData.activityId": "{00000000-0000-0000-0000-000000000000}", "EventData.cv": "Pj8GMxkKL0SutihJL4+aRg.1.0", "EventData.Trigger": "0"}
{"EventID": "2", "Channel": "Microsoft-Windows-CloudRestoreLauncher/Operational", "Provider_Name": "Microsoft-Windows-CloudRestoreLauncher", "Computer": "DESKTOP-OFJ6N53", "TimeCreated": "2024-01-13 16:57:26.211069+00:00", "RecordID": "82", "Level": "4", "UserID": "S-1-5-21-963789628-1060504924-4285088085-1001", "EventData.activityId": "{00000000-0000-0000-0000-000000000000}", "EventData.cv": "bSGSIm41oEa9l9SRpalsFg.1.0", "EventData.Trigger": "0"}
{"EventID": "1", "Channel": "Microsoft-Windows-CloudRestoreLauncher/Operational", "Provider_Name": "Microsoft-Windows-CloudRestoreLauncher", "Computer": "DESKTOP-OFJ6N53", "TimeCreated": "2024-01-13 16:57:26.229994+00:00", "RecordID": "83", "Level": "2", "UserID": "S-1-5-21-963789628-1060504924-4285088085-1001", "EventData.Type": "2", "EventData.ErrorCode": "2147942450", "EventData.File": "pcshell\\shell\\cloudrestorelauncher\\cloudbackuprestore\\backuprestorecoordinator.cpp", "EventData.LineNumber": "253"}
{"EventID": "3", "Channel": "Microsoft-Windows-CloudRestoreLauncher/Operational", "Provider_Name": "Microsoft-Windows-CloudRestoreLauncher", "Computer": "DESKTOP-OFJ6N53", "TimeCreated": "2024-01-13 16:57:26.230015+00:00", "RecordID": "84", "Level": "4", "UserID": "S-1-5-21-963789628-1060504924-4285088085-1001", "EventData.activityId": "{00000000-0000-0000-0000-000000000000}", "EventData.cv": "bSGSIm41oEa9l9SRpalsFg.1.0", "EventData.Trigger": "0"}
{"EventID": "2", "Channel": "Microsoft-Windows-CloudRestoreLauncher/Operational", "Provider_Name": "Microsoft-Windows-CloudRestoreLauncher", "Computer": "DESKTOP-OFJ6N53", "TimeCreated": "2024-01-20 10:19:05.311922+00:00", "RecordID": "85", "Level": "4", "UserID": "S-1-5-21-963789628-1060504924-4285088085-1001", "EventData.activityId": "{00000000-0000-0000-0000-000000000000}", "EventData.cv": "DxHYdp72m0CmXKIlGO7HYA.1.0", "EventData.Trigger": "0"}
{"EventID": "1", "Channel": "Microsoft-Windows-CloudRestoreLauncher/Operational", "Provider_Name": "Microsoft-Windows-CloudRestoreLauncher", "Computer": "DESKTOP-OFJ6N53", "TimeCreated": "2024-01-20 10:19:05.356583+00:00", "RecordID": "86", "Level": "2", "UserID": "S-1-5-21-963789628-1060504924-4285088085-1001", "EventData.Type": "2", "EventData.ErrorCode": "2147942450", "EventData.File": "pcshell\\shell\\cloudrestorelauncher\\cloudbackuprestore\\backuprestorecoordinator.cpp", "EventData.LineNumber": "253"}
{"EventID": "3", "Channel": "Microsoft-Windows-CloudRestoreLauncher/Operational", "Provider_Name": "Microsoft-Windows-CloudRestoreLauncher", "Computer": "DESKTOP-OFJ6N53", "TimeCreated": "2024-01-20 10:19:05.356607+00:00", "RecordID": "87", "Level": "4", "UserID": "S-1-5-21-963789628-1060504924-4285088085-1001", "EventData.activityId": "{00000000-0000-0000-0000-000000000000}", "EventData.cv": "DxHYdp72m0CmXKIlGO7HYA.1.0", "EventData.Trigger": "0"}
{"EventID": "2", "Channel": "Microsoft-Windows-CloudRestoreLauncher/Operational", "Provider_Name": "Microsoft-Windows-CloudRestoreLauncher", "Computer": "DESKTOP-OFJ6N53", "TimeCreated": "2024-01-27 10:44:00.264750+00:00", "RecordID": "88", "Level": "4", "UserID": "S-1-5-21-963789628-1060504924-4285088085-1001", "EventData.activityId": "{00000000-0000-0000-0000-000000000000}", "EventData.cv": "2ICqQrGFJUikkBtji7Q0UQ.1.0", "EventData.Trigger": "0"}
{"EventID": "1", "Channel": "Microsoft-Windows-CloudRestoreLauncher/Operational", "Provider_Name": "Microsoft-Windows-CloudRestoreLauncher", "Computer": "DESKTOP-OFJ6N53", "TimeCreated": "2024-01-27 10:44:00.283564+00:00", "RecordID": "89", "Level": "2", "UserID": "S-1-5-21-963789628-1060504924-4285088085-1001", "EventData.Type": "2", "EventData.ErrorCode": "2147942450", "EventData.File": "pcshell\\shell\\cloudrestorelauncher\\cloudbackuprestore\\backuprestorecoordinator.cpp", "EventData.LineNumber": "253"}
{"EventID": "3", "Channel": "Microsoft-Windows-CloudRestoreLauncher/Operational", "Provider_Name": "Microsoft-Windows-CloudRestoreLauncher", "Computer": "DESKTOP-OFJ6N53", "TimeCreated": "2024-01-27 10:44:00.283587+00:00", "RecordID": "90", "Level": "4", "UserID": "S-1-5-21-963789628-1060504924-4285088085-1001", "EventData.activityId": "{00000000-0000-0000-0000-000000000000}", "EventData.cv": "2ICqQrGFJUikkBtji7Q0UQ.1.0", "EventData.Trigger": "0"}
{"EventID": "2", "Channel": "Microsoft-Windows-CloudRestoreLauncher/Operational", "Provider_Name": "Microsoft-Windows-CloudRestoreLauncher", "Computer": "DESKTOP-OFJ6N53", "TimeCreated": "2024-02-03 19:33:13.238800+00:00", "RecordID": "91", "Level": "4", "UserID": "S-1-5-21-963789628-1060504924-4285088085-1001", "EventData.activityId": "{00000000-0000-0000-0000-000000000000}", "EventData.cv": "Jv1E3A1iyEmwg3DaMCuIug.1.0", "EventData.Trigger": "0"}
{"EventID": "1", "Channel": "Microsoft-Windows-CloudRestoreLauncher/Operational", "Provider_Name": "Microsoft-Windows-CloudRestoreLauncher", "Computer": "DESKTOP-OFJ6N53", "TimeCreated": "2024-02-03 19:33:13.257366+00:00", "RecordID": "92", "Level": "2", "UserID": "S-1-5-21-963789628-1060504924-4285088085-1001", "EventData.Type": "2", "EventData.ErrorCode": "2147942450", "EventData.File": "pcshell\\shell\\cloudrestorelauncher\\cloudbackuprestore\\backuprestorecoordinator.cpp", "EventData.LineNumber": "253"}
{"EventID": "3", "Channel": "Microsoft-Windows-CloudRestoreLauncher/Operational", "Provider_Name": "Microsoft-Windows-CloudRestoreLauncher", "Computer": "DESKTOP-OFJ6N53", "TimeCreated": "2024-02-03 19:33:13.257385+00:00", "RecordID": "93", "Level": "4", "UserID": "S-1-5-21-963789628-1060504924-4285088085-1001", "EventData.activityId": "{00000000-0000-0000-0000-000000000000}", "EventData.cv": "Jv1E3A1iyEmwg3DaMCuIug.1.0", "EventData.Trigger": "0"}
{"EventID": "2", "Channel": "Microsoft-Windows-CloudRestoreLauncher/Operational", "Provider_Name": "Microsoft-Windows-CloudRestoreLauncher", "Computer": "DESKTOP-OFJ6N53", "TimeCreated": "2024-02-10 13:19:10.255173+00:00", "RecordID": "94", "Level": "4", "UserID": "S-1-5-21-963789628-1060504924-4285088085-1001", "EventData.activityId": "{00000000-0000-0000-0000-000000000000}", "EventData.cv": "ZZzJgMEFP0yS8TNEoOnq7w.1.0", "EventData.Trigger": "0"}
{"EventID": "1", "Channel": "Microsoft-Windows-CloudRestoreLauncher/Operational", "Provider_Name": "Microsoft-Windows-CloudRestoreLauncher", "Computer": "DESKTOP-OFJ6N53", "TimeCreated": "2024-02-10 13:19:10.293676+00:00", "RecordID": "95", "Level": "2", "UserID": "S-1-5-21-963789628-1060504924-4285088085-1001", "EventData.Type": "2", "EventData.ErrorCode": "2147942450", "EventData.File": "pcshell\\shell\\cloudrestorelauncher\\cloudbackuprestore\\backuprestorecoordinator.cpp", "EventData.LineNumber": "253"}
{"EventID": "3", "Channel": "Microsoft-Windows-CloudRestoreLauncher/Operational", "Provider_Name": "Microsoft-Windows-CloudRestoreLauncher", "Computer": "DESKTOP-OFJ6N53", "TimeCreated": "2024-02-10 13:19:10.293699+00:00", "RecordID": "96", "Level": "4", "UserID": "S-1-5-21-963789628-1060504924-4285088085-1001", "EventData.activityId": "{00000000-0000-0000-0000-000000000000}", "EventData.cv": "ZZzJgMEFP0yS8TNEoOnq7w.1.0", "EventData.Trigger": "0"}
{"EventID": "2", "Channel": "Microsoft-Windows-CloudRestoreLauncher/Operational", "Provider_Name": "Microsoft-Windows-CloudRestoreLauncher", "Computer": "DESKTOP-OFJ6N53", "TimeCreated": "2024-02-17 22:31:30.336218+00:00", "RecordID": "97", "Level": "4", "UserID": "S-1-5-21-963789628-1060504924-4285088085-1001", "EventData.activityId": "{00000000-0000-0000-0000-000000000000}", "EventData.cv": "x0ZsdDWew0GvKhQW9e0dWA.1.0", "EventData.Trigger": "0"}
{"EventID": "1", "Channel": "Microsoft-Windows-CloudRestoreLauncher/Operational", "Provider_Name": "Microsoft-Windows-CloudRestoreLauncher", "Computer": "DESKTOP-OFJ6N53", "TimeCreated": "2024-02-17 22:31:30.353008+00:00", "RecordID": "98", "Level": "2", "UserID": "S-1-5-21-963789628-1060504924-4285088085-1001", "EventData.Type": "2", "EventData.ErrorCode": "2147942450", "EventData.File": "pcshell\\shell\\cloudrestorelauncher\\cloudbackuprestore\\backuprestorecoordinator.cpp", "EventData.LineNumber": "253"}
{"EventID": "3", "Channel": "Microsoft-Windows-CloudRestoreLauncher/Operational", "Provider_Name": "Microsoft-Windows-CloudRestoreLauncher", "Computer": "DESKTOP-OFJ6N53", "TimeCreated": "2024-02-17 22:31:30.353027+00:00", "RecordID": "99", "Level": "4", "UserID": "S-1-5-21-963789628-1060504924-4285088085-1001", "EventData.activityId": "{00000000-0000-0000-0000-000000000000}", "EventData.cv": "x0ZsdDWew0GvKhQW9e0dWA.1.0", "EventData.Trigger": "0"}
{"EventID": "2", "Channel": "Microsoft-Windows-CloudRestoreLauncher/Operational", "Provider_Name": "Microsoft-Windows-CloudRestoreLauncher", "Computer": "DESKTOP-OFJ6N53", "TimeCreated": "2024-02-24 18:12:39.319218+00:00", "RecordID": "100", "Level": "4", "UserID": "S-1-5-21-963789628-1060504924-4285088085-1001", "EventData.activityId": "{00000000-0000-0000-0000-000000000000}", "EventData.cv": "kmR7X0+6FkKloxEMn/siJw.1.0", "EventData.Trigger": "0"}
{"EventID": "1", "Channel": "Microsoft-Windows-CloudRestoreLauncher/Operational", "Provider_Name": "Microsoft-Windows-CloudRestoreLauncher", "Computer": "DESKTOP-OFJ6N53", "TimeCreated": "2024-02-24 18:12:39.337402+00:00", "RecordID": "101", "Level": "2", "UserID": "S-1-5-21-963789628-1060504924-4285088085-1001", "EventData.Type": "2", "EventData.ErrorCode": "2147942450", "EventData.File": "pcshell\\shell\\cloudrestorelauncher\\cloudbackuprestore\\backuprestorecoordinator.cpp", "EventData.LineNumber": "253"}
{"EventID": "3", "Channel": "Microsoft-Windows-CloudRestoreLauncher/Operational", "Provider_Name": "Microsoft-Windows-CloudRestoreLauncher", "Computer": "DESKTOP-OFJ6N53", "TimeCreated": "2024-02-24 18:12:39.337423+00:00", "RecordID": "102", "Level": "4", "UserID": "S-1-5-21-963789628-1060504924-4285088085-1001", "EventData.activityId": "{00000000-0000-0000-0000-000000000000}", "EventData.cv": "kmR7X0+6FkKloxEMn/siJw.1.0", "EventData.Trigger": "0"}
{"EventID": "2", "Channel": "Microsoft-Windows-CloudRestoreLauncher/Operational", "Provider_Name": "Microsoft-Windows-CloudRestoreLauncher", "Computer": "DESKTOP-OFJ6N53", "TimeCreated": "2024-03-03 08:08:02.334774+00:00", "RecordID": "103", "Level": "4", "UserID": "S-1-5-21-963789628-1060504924-4285088085-1001", "EventData.activityId": "{00000000-0000-0000-0000-000000000000}", "EventData.cv": "EsXTiWLC70euZMLQEnqE5w.1.0", "EventData.Trigger": "0"}
{"EventID": "1", "Channel": "Microsoft-Windows-CloudRestoreLauncher/Operational", "Provider_Name": "Microsoft-Windows-CloudRestoreLauncher", "Computer": "DESKTOP-OFJ6N53", "TimeCreated": "2024-03-03 08:08:02.353085+00:00", "RecordID": "104", "Level": "2", "UserID": "S-1-5-21-963789628-1060504924-4285088085-1001", "EventData.Type": "2", "EventData.ErrorCode": "2147942450", "EventData.File": "pcshell\\shell\\cloudrestorelauncher\\cloudbackuprestore\\backuprestorecoordinator.cpp", "EventData.LineNumber": "253"}
{"EventID": "3", "Channel": "Microsoft-Windows-CloudRestoreLauncher/Operational", "Provider_Name": "Microsoft-Windows-CloudRestoreLauncher", "Computer": "DESKTOP-OFJ6N53", "TimeCreated": "2024-03-03 08:08:02.353106+00:00", "RecordID": "105", "Level": "4", "UserID": "S-1-5-21-963789628-1060504924-4285088085-1001", "EventData.activityId": "{00000000-0000-0000-0000-000000000000}", "EventData.cv": "EsXTiWLC70euZMLQEnqE5w.1.0", "EventData.Trigger": "0"}
