{"EventID": "472", "Channel": "Microsoft-Windows-AppXDeploymentServer/Operational", "Provider_Name": "Microsoft-Windows-AppXDeployment-Server", "Computer": "DESKTOP-OFJ6N53", "TimeCreated": "2025-07-19 07:23:26.999714+00:00", "RecordID": "113898", "Level": "5", "UserID": "S-1-5-18", "EventData.SourceFolderPath": "\\\\?\\C:\\Program Files\\WindowsApps\\Microsoft.MicrosoftOfficeHub_19.2507.46141.0_neutral_split.scale-100_8wekyb3d8bbwe", "EventData.DestinationFolderPath": "\\\\?\\C:\\Program Files\\WindowsApps\\Deleted\\Microsoft.MicrosoftOfficeHub_19.2507.46141.0_neutral_split.scale-100_8wekyb3d8bbwe62b9330c-fd50-4e54-84dc-c8db47707a3b", "EventData.ErrorCode": "0x00000000"}
{"EventID": "649", "Channel": "Microsoft-Windows-AppXDeploymentServer/Operational", "Provider_Name": "Microsoft-Windows-AppXDeployment-Server", "Computer": "DESKTOP-OFJ6N53", "TimeCreated": "2025-07-19 07:23:27.019751+00:00", "RecordID": "113899", "Level": "4", "UserID": "S-1-5-21-963789628-1060504924-4285088085-1001", "EventData.DeploymentOperation": "6", "EventData.PackageFullName": "Microsoft.MicrosoftOfficeHub_19.2507.46151.0_neutral_~_8wekyb3d8bbwe", "EventData.Summary": "PostDeploymentOperationCheck cost: 0 ms"}
{"EventID": "613", "Channel": "Microsoft-Windows-AppXDeploymentServer/Operational", "Provider_Name": "Microsoft-Windows-AppXDeployment-Server", "Computer": "DESKTOP-OFJ6N53", "TimeCreated": "2025-07-19 07:23:27.062883+00:00", "RecordID": "113900", "Level": "4", "UserID": "S-1-5-21-963789628-1060504924-4285088085-1001", "EventData.DeploymentOperation": "6", "EventData.PackageFullName": "Microsoft.MicrosoftOfficeHub_19.2507.46151.0_neutral_~_8wekyb3d8bbwe", "EventData.Summary": "Overall time: 1625 ms\nEnqueue cost: 16 ms\nDequeue delay: 0 ms\nBundle processing cost: 15 ms\nIndexing cost: 78 ms\nResolve dependency cost: 47 ms\nGap: 31 ms\nCheck approval cost: 16 ms\nEvaluation cost: 0 ms\nHardlinking evaluation cost: 0 ms\nStage required cost: 16 ms\nFlushing and closing files cost: 0 ms\nMachine register cost: 0 ms\nStage user data cost: 0 ms\nGap: 62 ms\nRegistration cost: 485 ms\nGap: 359 ms\nRepository commit transaction cost: 328 ms\nGap: 109 ms\nData flush cost: 16 ms\nPost DeStage repository commit transaction cost: 0 ms\nRemaining cost: 47 ms"}
{"EventID": "603", "Channel": "Microsoft-Windows-AppXDeploymentServer/Operational", "Provider_Name": "Microsoft-Windows-AppXDeployment-Server", "Computer": "DESKTOP-OFJ6N53", "TimeCreated": "2025-07-19 07:23:28.128477+00:00", "RecordID": "113901", "Level": "4", "UserID": "S-1-5-21-963789628-1060504924-4285088085-1001", "EventData.DeploymentOperation": "20", "EventData.Path": "Microsoft.ZuneVideo_8wekyb3d8bbwe", "EventData.Flags": "67127296", "EventData.FlagsHigh": "262144", "EventData.CallingProcess": "svchost.exe,wuauserv", "EventData.ExternalLocation": null}
{"EventID": "10002", "Channel": "Microsoft-Windows-AppXDeploymentServer/Operational", "Provider_Name": "Microsoft-Windows-AppXDeployment-Server", "Computer": "DESKTOP-OFJ6N53", "TimeCreated": "2025-07-19 07:23:28.150452+00:00", "RecordID": "113902", "Level": "5", "UserID": "S-1-5-18", "EventData.DeploymentOperation": "6", "EventData.MainPackageMoniker": "Microsoft.ZuneVideo_2019.25071.10101.0_neutral_~_8wekyb3d8bbwe", "EventData.ResiliencyFilePath": "C:\\ProgramData\\Microsoft\\Windows\\AppRepository\\f6b3f081-424b-427d-b3c7-46708b1d246f_S-1-5-21-963789628-1060504924-4285088085-1001_7.rslc"}
{"EventID": "607", "Channel": "Microsoft-Windows-AppXDeploymentServer/Operational", "Provider_Name": "Microsoft-Windows-AppXDeployment-Server", "Computer": "DESKTOP-OFJ6N53", "TimeCreated": "2025-07-19 07:23:28.151272+00:00", "RecordID": "113903", "Level": "4", "UserID": "S-1-5-21-963789628-1060504924-4285088085-1001", "EventData.DeploymentOperation": "6", "EventData.PackageFullName": "Microsoft.ZuneVideo_2019.25071.10101.0_neutral_~_8wekyb3d8bbwe", "EventData.UserSid": "S-1-5-21-963789628-1060504924-4285088085-1001", "EventData.CallingProcess": "svchost.exe,wuauserv"}
{"EventID": "614", "Channel": "Microsoft-Windows-AppXDeploymentServer/Operational", "Provider_Name": "Microsoft-Windows-AppXDeployment-Server", "Computer": "DESKTOP-OFJ6N53", "TimeCreated": "2025-07-19 07:23:28.161388+00:00", "RecordID": "113904", "Level": "5", "UserID": "S-1-5-21-963789628-1060504924-4285088085-1001", "EventData.PathOne": "C:\\Program Files\\WindowsApps\\Microsoft.ZuneVideo_2019.25071.10101.0_neutral_~_8wekyb3d8bbwe\\AppxMetadata\\AppxBundleManifest.xml", "EventData.PathTwo": "\"Video_Desktop_Production_arm64.appx\": Microsoft.ZuneVideo_10.25071.10101.0_arm64__8wekyb3d8bbwe \"Video_Desktop_Production_Win32.appx\": Microsoft.ZuneVideo_10.25071.10101.0_x86__8wekyb3d8bbwe \"Video_Desktop_Production_x64.appx\": Microsoft.ZuneVideo_10.25071.10101.0_x64__8wekyb3d8bbwe \"Video_Desktop_Production_language-gd-latn.msix\": Microsoft.ZuneVideo_10.25071.10101.0_neutral_split.language-gd-latn_8wekyb3d8bbwe \"Video_Desktop_Production_language-as.msix\": Microsoft.ZuneVideo_10.25071.10101.0_neutral_split.language-as_8wekyb3d8bbwe \"Video_Desktop_Production_language-az-latn.msix\": Microsoft.ZuneVideo_10.25071.10101.0_neutral_split.language-az-latn_8wekyb3d8bbwe \"Video_Desktop_Production_language-bg.msix\": Microsoft.ZuneVideo_10.25071.10101.0_neutral_split.language-bg_8wekyb3d8bbwe \"Video_Desktop_Production_language-is.msix\": Microsoft.ZuneVideo_10.25071.10101.0_neutral_split.language-is_8wekyb3d8bbwe \"Video_Desktop_Production_language-af.msix\": Microsoft.ZuneVideo_10.25071.10101.0_neutral_split.language-af_8wekyb3d8bbwe \"Video_Desktop_Production_language-ca.msix\": Microsoft.ZuneVideo_10.25071.10101.0_neutral_split.language-ca_8wekyb3d8bbwe \"Video_Desktop_Production_language-cs.msix\": Microsoft.ZuneVideo_10.25071.10101.0_neutral_split.language-cs_8wekyb3d8bbwe \"Video_Desktop_Production_language-cy.msix\": Microsoft.ZuneVideo_10.25071.10101.0_neutral_split.language-cy_8wekyb3d8bbwe \"Video_Desktop_Production_language-da.msix\": Microsoft.ZuneVideo_10.25071.10101.0_neutral_split.language-da_8wekyb3d8bbwe \"Video_Desktop_Production_language-de.msix\": Microsoft.ZuneVideo_10.25071.10101.0_neutral_split.language-de_8wekyb3d8bbwe \"Video_Desktop_Production_language-el.msix\": Microsoft.ZuneVideo_10.25071.10101.0_neutral_split.language-el_8wekyb3d8bbwe \"Video_Desktop_Production_language-hy.msix\": Microsoft.ZuneVideo_10.25071.10101.0_neutral_split.language-hy_8wekyb3d8bbwe \"Video_Desktop_Production_language-et.msix\": Microsoft.ZuneVideo_10.25071.10101.0_neutral_split.language-et_8wekyb3d8bbwe \"Video_Desktop_Production_language-eu.msix\": Microsoft.ZuneVideo_10.25071.10101.0_neutral_split.language-eu_8wekyb3d8bbwe \"Video_Desktop_Production_language-hu.msix\": Microsoft.ZuneVideo_10.25071.10101.0_neutral_split.language-hu_8wekyb3d8bbwe \"Video_Desktop_Production_language-hr.msix\": Microsoft.ZuneVideo_10.25071.10101.0_neutral_split.language-hr_8wekyb3d8bbwe \"Video_Desktop_Production_language-hi.msix\": Microsoft.ZuneVideo_10.25071.10101.0_neutral_split.language-hi_8wekyb3d8bbwe \"Video_Desktop_Production_language-gu.msix\": Microsoft.ZuneVideo_10.25071.10101.0_neutral_split.language-gu_8wekyb3d8bbwe \"Video_Desktop_Production_language-ga.msix\": Microsoft.ZuneVideo_10.25071.10101.0_neutral_split.language-ga_8wekyb3d8bbwe \"Video_Desktop_Production_language-am.msix\": Microsoft.ZuneVideo_10.25071.10101.0_neutral_split.language-am_8wekyb3d8bbwe \"Video_Desktop_Production_language-ja.msix\": Microsoft.ZuneVideo_10.25071.10101.0_neutral_split.language-ja_8wekyb3d8bbwe \"Video_Desktop_Production_language-lo.msix\": Microsoft.ZuneVideo_10.25071.10101.0_neutral_split.language-lo_8wekyb3d8bbwe \"Video_Desktop_Production_language-lb.msix\": Microsoft.ZuneVideo_10.25071.10101.0_neutral_split.language-lb_8wekyb3d8bbwe \"Video_Desktop_Production_language-ko.msix\": Microsoft.ZuneVideo_10.25071.10101.0_neutral_split.language-ko_8wekyb3d8bbwe \"Video_Desktop_Production_language-kk.msix\": Microsoft.ZuneVideo_10.25071.10101.0_neutral_split.language-kk_8wekyb3d8bbwe \"Video_Desktop_Production_language-fa.msix\": Microsoft.ZuneVideo_10.25071.10101.0_neutral_split.language-fa_8wekyb3d8bbwe \"Video_Desktop_Production_language-es.msix\": Microsoft.ZuneVideo_10.25071.10101.0_neutral_split.language-es_8wekyb3d8bbwe \"Video_Desktop_Production_language-lt.msix\": Microsoft.ZuneVideo_10.25071.10101.0_neutral_split.language-lt_8wekyb3d8bbwe \"Video_Desktop_Production_language-bn.msix\": Microsoft.ZuneVideo_10.25071.10101.0_neutral_split.language-bn_8wekyb3d8bbwe \"Video_Desktop_Production_language-it.msix\": Microsoft.ZuneVideo_10.25071.10101.0_neutral_split.language-it_8wekyb3d8bbwe \"Video_Desktop_Production_language-fil-latn.msix\": Microsoft.ZuneVideo_10.25071.10101.0_neutral_split.language-fil-latn_8wekyb3d8bbwe \"Video_Desktop_Production_language-gl.msix\": Microsoft.ZuneVideo_10.25071.10101.0_neutral_split.language-gl_8wekyb3d8bbwe \"Video_Desktop_Production_language-fi.msix\": Microsoft.ZuneVideo_10.25071.10101.0_neutral_split.language-fi_8wekyb3d8bbwe \"Video_Desktop_Production_language-km.msix\": Microsoft.ZuneVideo_10.25071.10101.0_neutral_split.language-km_8wekyb3d8bbwe \"Video_Desktop_Production_language-id.msix\": Microsoft.ZuneVideo_10.25071.10101.0_neutral_split.language-id_8wekyb3d8bbwe \"Video_Desktop_Production_language-te.msix\": Microsoft.ZuneVideo_10.25071.10101.0_neutral_split.language-te_8wekyb3d8bbwe \"Video_Desktop_Production_language-uz-latn.msix\": Microsoft.ZuneVideo_10.25071.10101.0_neutral_split.language-uz-latn_8wekyb3d8bbwe \"Video_Desktop_Production_language-zh-hans.msix\": Microsoft.ZuneVideo_10.25071.10101.0_neutral_split.language-zh-hans_8wekyb3d8bbwe \"Video_Desktop_Production_language-tr.msix\": Microsoft.ZuneVideo_10.25071.10101.0_neutral_split.language-tr_8wekyb3d8bbwe \"Video_Desktop_Production_language-th.msix\": Microsoft.ZuneVideo_10.25071.10101.0_neutral_split.language-th_8wekyb3d8bbwe \"Video_Desktop_Production_language-ar.msix\": Microsoft.ZuneVideo_10.25071.10101.0_neutral_split.language-ar_8wekyb3d8bbwe \"Video_Desktop_Production_language-mi-latn.msix\": Microsoft.ZuneVideo_10.25071.10101.0_neutral_split.language-mi-latn_8wekyb3d8bbwe \"Video_Desktop_Production_language-ta.msix\": Microsoft.ZuneVideo_10.25071.10101.0_neutral_split.language-ta_8wekyb3d8bbwe \"Video_Desktop_Production_language-ml.msix\": Microsoft.ZuneVideo_10.25071.10101.0_neutral_split.language-ml_8wekyb3d8bbwe \"Video_Desktop_Production_language-sv.msix\": Microsoft.ZuneVideo_10.25071.10101.0_neutral_split.language-sv_8wekyb3d8bbwe \"Video_Desktop_Production_language-sr-cyrl.msix\": Microsoft.ZuneVideo_10.25071.10101.0_neutral_split.language-sr-cyrl_8wekyb3d8bbwe \"Video_Desktop_Production_language-mt.msix\": Microsoft.ZuneVideo_10.25071.10101.0_neutral_split.language-mt_8wekyb3d8bbwe \"Video_Desktop_Production_language-nb.msix\": Microsoft.ZuneVideo_10.25071.10101.0_neutral_split.language-nb_8wekyb3d8bbwe \"Video_Desktop_Production_language-ne.msix\": Microsoft.ZuneVideo_10.25071.10101.0_neutral_split.language-ne_8wekyb3d8bbwe \"Video_Desktop_Production_language-nl.msix\": Microsoft.ZuneVideo_10.25071.10101.0_neutral_split.language-nl_8wekyb3d8bbwe \"Video_Desktop_Production_language-ro.msix\": Microsoft.ZuneVideo_10.25071.10101.0_neutral_split.language-ro_8wekyb3d8bbwe \"Video_Desktop_Production_language-quz-latn.msix\": Microsoft.ZuneVideo_10.25071.10101.0_neutral_split.language-quz-latn_8wekyb3d8bbwe \"Video_Desktop_Production_language-pa.msix\": Microsoft.ZuneVideo_10.25071.10101.0_neutral_split.language-pa_8wekyb3d8bbwe \"Video_Desktop_Production_language-lv.msix\": Microsoft.ZuneVideo_10.25071.10101.0_neutral_split.language-lv_8wekyb3d8bbwe \"Video_Desktop_Production_language-pt.msix\": Microsoft.ZuneVideo_10.25071.10101.0_neutral_split.language-pt_8wekyb3d8bbwe \"Video_Desktop_Production_scale-125.msix\": Microsoft.ZuneVideo_10.25071.10101.0_neutral_split.scale-125_8wekyb3d8bbwe \"Video_Desktop_Production_language-nn.msix\": Microsoft.ZuneVideo_10.25071.10101.0_neutral_split.language-nn_8wekyb3d8bbwe \"Video_Desktop_Production_language-ru.msix\": Microsoft.ZuneVideo_10.25071.10101.0_neutral_split.language-ru_8wekyb3d8bbwe \"Video_Desktop_Production_language-sk.msix\": Microsoft.ZuneVideo_10.25071.10101.0_neutral_split.language-sk_8wekyb3d8bbwe \"Video_Desktop_Production_language-sl.msix\": Microsoft.ZuneVideo_10.25071.10101.0_neutral_split.language-sl_8wekyb3d8bbwe \"Video_Desktop_Production_language-sq.msix\": Microsoft.ZuneVideo_10.25071.10101.0_neutral_split.language-sq_8wekyb3d8bbwe \"Video_Desktop_Production_language-ms.msix\": Microsoft.ZuneVideo_10.25071.10101.0_neutral_split.language-ms_8wekyb3d8bbwe \"Video_Desktop_Production_language-sr-latn.msix\": Microsoft.ZuneVideo_10.25071.10101.0_neutral_split.language-sr-latn_8wekyb3d8bbwe \"Video_Desktop_Production_language-mr.msix\": Microsoft.ZuneVideo_10.25071.10101.0_neutral_split.language-mr_8wekyb3d8bbwe \"Video_Desktop_Production_language-mk.msix\": Microsoft.ZuneVideo_10.25071.10101.0_neutral_split.language-mk_8wekyb3d8bbwe \"Video_Desktop_Production_language-bs.msix\": Microsoft.ZuneVideo_10.25071.10101.0_neutral_split.language-bs_8wekyb3d8bbwe \"Video_Desktop_Production_scale-150.msix\": Microsoft.ZuneVideo_10.25071.10101.0_neutral_split.scale-150_8wekyb3d8bbwe \"Video_Desktop_Production_language-vi.msix\": Microsoft.ZuneVideo_10.25071.10101.0_neutral_split.language-vi_8wekyb3d8bbwe \"Video_Desktop_Production_language-tt-cyrl.msix\": Microsoft.ZuneVideo_10.25071.10101.0_neutral_split.language-tt-cyrl_8wekyb3d8bbwe \"Video_Desktop_Production_language-ug-arab.msix\": Microsoft.ZuneVideo_10.25071.10101.0_neutral_split.language-ug-arab_8wekyb3d8bbwe \"Video_Desktop_Production_language-uk.msix\": Microsoft.ZuneVideo_10.25071.10101.0_neutral_split.language-uk_8wekyb3d8bbwe \"Video_Desktop_Production_language-ur.msix\": Microsoft.ZuneVideo_10.25071.10101.0_neutral_split.language-ur_8wekyb3d8bbwe \"Video_Desktop_Production_language-or.msix\": Microsoft.ZuneVideo_10.25071.10101.0_neutral_split.language-or_8wekyb3d8bbwe \"Video_Desktop_Production_language-zh-hant.msix\": Microsoft.ZuneVideo_10.25071.10101.0_neutral_split.language-zh-hant_8wekyb3d8bbwe \"Video_Desktop_Production_language-he.msix\": Microsoft.ZuneVideo_10.25071.10101.0_neutral_split.language-he_8wekyb3d8bbwe \"Video_Desktop_Production_scale-100.msix\": Microsoft.ZuneVideo_10.25071.10101.0_neutral_split.scale-100_8wekyb3d8bbwe \"Video_Desktop_Production_language-ka.msix\": Microsoft.ZuneVideo_10.25071.10101.0_neutral_split.language-ka_8wekyb3d8bbwe \"Video_Desktop_Production_language-kok.msix\": Microsoft.ZuneVideo_10.25071.10101.0_neutral_split.language-kok_8wekyb3d8bbwe \"Video_Desktop_Production_language-fr.msix\": Microsoft.ZuneVideo_10.25071.10101.0_neutral_split.language-fr_8wekyb3d8bbwe \"Video_Desktop_Production_language-pl.msix\": Microsoft.ZuneVideo_10.25071.10101.0_neutral_split.language-pl_8wekyb3d8bbwe \"Video_Desktop_Production_language-kn.msix\": Microsoft.ZuneVideo_10.25071.10101.0_neutral_split.language-kn_8wekyb3d8bbwe \"Video_Desktop_Production_scale-400.msix\": Microsoft.ZuneVideo_10.25071.10101.0_neutral_split.scale-400_8wekyb3d8bbwe"}
{"EventID": "854", "Channel": "Microsoft-Windows-AppXDeploymentServer/Operational", "Provider_Name": "Microsoft-Windows-AppXDeployment-Server", "Computer": "DESKTOP-OFJ6N53", "TimeCreated": "2025-07-19 07:23:28.174438+00:00", "RecordID": "113905", "Level": "4", "UserID": "S-1-5-21-963789628-1060504924-4285088085-1001", "EventData.Path": "C:\\Program Files\\WindowsApps\\Microsoft.ZuneVideo_2019.25071.10101.0_neutral_~_8wekyb3d8bbwe\\AppxMetadata\\AppxBundleManifest.xml C:\\Program Files\\WindowsApps\\Microsoft.ZuneVideo_10.25071.10101.0_x64__8wekyb3d8bbwe\\AppxManifest.xml C:\\Program Files\\WindowsApps\\Microsoft.ZuneVideo_10.25071.10101.0_neutral_split.language-ru_8wekyb3d8bbwe\\AppxManifest.xml C:\\Program Files\\WindowsApps\\Microsoft.ZuneVideo_10.25071.10101.0_neutral_split.scale-125_8wekyb3d8bbwe\\AppxManifest.xml C:\\Program Files\\WindowsApps\\Microsoft.ZuneVideo_10.25071.10101.0_neutral_split.scale-100_8wekyb3d8bbwe\\AppxManifest.xml"}
{"EventID": "855", "Channel": "Microsoft-Windows-AppXDeploymentServer/Operational", "Provider_Name": "Microsoft-Windows-AppXDeployment-Server", "Computer": "DESKTOP-OFJ6N53", "TimeCreated": "2025-07-19 07:23:28.290955+00:00", "RecordID": "113906", "Level": "4", "UserID": "S-1-5-21-963789628-1060504924-4285088085-1001", "EventData.PackageMoniker": "updateList: Microsoft.ZuneVideo_2019.25051.10031.0_neutral_~_8wekyb3d8bbwe is updating to Microsoft.ZuneVideo_2019.25071.10101.0_neutral_~_8wekyb3d8bbwe Microsoft.ZuneVideo_10.25051.10031.0_x64__8wekyb3d8bbwe is updating to Microsoft.ZuneVideo_10.25071.10101.0_x64__8wekyb3d8bbwe Microsoft.ZuneVideo_10.25051.10031.0_neutral_split.language-ru_8wekyb3d8bbwe is updating to Microsoft.ZuneVideo_10.25071.10101.0_neutral_split.language-ru_8wekyb3d8bbwe Microsoft.ZuneVideo_10.25051.10031.0_neutral_split.scale-125_8wekyb3d8bbwe is updating to Microsoft.ZuneVideo_10.25071.10101.0_neutral_split.scale-125_8wekyb3d8bbwe Microsoft.ZuneVideo_10.25051.10031.0_neutral_split.scale-100_8wekyb3d8bbwe is updating to Microsoft.ZuneVideo_10.25071.10101.0_neutral_split.scale-100_8wekyb3d8bbwe"}
{"EventID": "9645", "Channel": "Microsoft-Windows-AppXDeploymentServer/Operational", "Provider_Name": "Microsoft-Windows-AppXDeployment-Server", "Computer": "DESKTOP-OFJ6N53", "TimeCreated": "2025-07-19 07:23:28.356718+00:00", "RecordID": "113907", "Level": "5", "UserID": "S-1-5-21-963789628-1060504924-4285088085-1001", "EventData.ErrorCode": "0x00000000", "EventData.String": "Microsoft.ZuneVideo_10.25051.10031.0_x64__8wekyb3d8bbwe"}
{"EventID": "10000", "Channel": "Microsoft-Windows-AppXDeploymentServer/Operational", "Provider_Name": "Microsoft-Windows-AppXDeployment-Server", "Computer": "DESKTOP-OFJ6N53", "TimeCreated": "2025-07-19 07:23:28.358049+00:00", "RecordID": "113908", "Level": "5", "UserID": "S-1-5-18", "EventData.PackageFullName": "Microsoft.ZuneVideo_10.25051.10031.0_x64__8wekyb3d8bbwe", "EventData.ErrorCode": "0x00000000"}
{"EventID": "10000", "Channel": "Microsoft-Windows-AppXDeploymentServer/Operational", "Provider_Name": "Microsoft-Windows-AppXDeployment-Server", "Computer": "DESKTOP-OFJ6N53", "TimeCreated": "2025-07-19 07:23:28.358488+00:00", "RecordID": "113909", "Level": "5", "UserID": "S-1-5-18", "EventData.PackageFullName": "Microsoft.ZuneVideo_10.25071.10101.0_x64__8wekyb3d8bbwe", "EventData.ErrorCode": "0x00000000"}
{"EventID": "9645", "Channel": "Microsoft-Windows-AppXDeploymentServer/Operational", "Provider_Name": "Microsoft-Windows-AppXDeployment-Server", "Computer": "DESKTOP-OFJ6N53", "TimeCreated": "2025-07-19 07:23:28.376471+00:00", "RecordID": "113910", "Level": "5", "UserID": "S-1-5-21-963789628-1060504924-4285088085-1001", "EventData.ErrorCode": "0x00000000", "EventData.String": "Microsoft.ZuneVideo_10.25051.10031.0_x64__8wekyb3d8bbwe"}
{"EventID": "5506", "Channel": "Microsoft-Windows-AppXDeploymentServer/Operational", "Provider_Name": "Microsoft-Windows-AppXDeployment-Server", "Computer": "DESKTOP-OFJ6N53", "TimeCreated": "2025-07-19 07:23:28.466898+00:00", "RecordID": "113911", "Level": "5", "UserID": "S-1-5-18", "EventData.PackageName": "Microsoft.ZuneVideo_10.25071.10101.0_x64__8wekyb3d8bbwe", "EventData.FilePath": "C:\\Program Files\\WindowsApps\\Microsoft.ZuneVideo_10.25071.10101.0_x64__8wekyb3d8bbwe\\microsoft.system.package.metadata\\resources.1ee51074.pri", "EventData.Message": "Created shared merged PRI file"}
{"EventID": "5505", "Channel": "Microsoft-Windows-AppXDeploymentServer/Operational", "Provider_Name": "Microsoft-Windows-AppXDeployment-Server", "Computer": "DESKTOP-OFJ6N53", "TimeCreated": "2025-07-19 07:23:28.467411+00:00", "RecordID": "113912", "Level": "5", "UserID": "S-1-5-18", "EventData.PackageName": "Microsoft.ZuneVideo_10.25071.10101.0_x64__8wekyb3d8bbwe", "EventData.FilePath": "C:\\Program Files\\WindowsApps\\Microsoft.ZuneVideo_10.25071.10101.0_x64__8wekyb3d8bbwe\\microsoft.system.package.metadata\\S-1-5-21-963789628-1060504924-4285088085-1001-MergedResources-24.pri", "EventData.Message": "Linked user-specific merged PRI file"}
{"EventID": "8100", "Channel": "Microsoft-Windows-AppXDeploymentServer/Operational", "Provider_Name": "Microsoft-Windows-AppXDeployment-Server", "Computer": "DESKTOP-OFJ6N53", "TimeCreated": "2025-07-19 07:23:28.499933+00:00", "RecordID": "113913", "Level": "5", "UserID": "S-1-5-18", "EventData.PackageFullName": "Microsoft.ZuneVideo_10.25071.10101.0_x64__8wekyb3d8bbwe", "EventData.Flags": "0x00000009"}
{"EventID": "8106", "Channel": "Microsoft-Windows-AppXDeploymentServer/Operational", "Provider_Name": "Microsoft-Windows-AppXDeployment-Server", "Computer": "DESKTOP-OFJ6N53", "TimeCreated": "2025-07-19 07:23:28.502291+00:00", "RecordID": "113914", "Level": "5", "UserID": "S-1-5-18", "EventData.PackageFullName": "Microsoft.ZuneVideo_10.25071.10101.0_x64__8wekyb3d8bbwe", "EventData.Flags": "0x00000009"}
{"EventID": "8101", "Channel": "Microsoft-Windows-AppXDeploymentServer/Operational", "Provider_Name": "Microsoft-Windows-AppXDeployment-Server", "Computer": "DESKTOP-OFJ6N53", "TimeCreated": "2025-07-19 07:23:28.502308+00:00", "RecordID": "113915", "Level": "5", "UserID": "S-1-5-18", "EventData.PackageFullName": "Microsoft.ZuneVideo_10.25071.10101.0_x64__8wekyb3d8bbwe", "EventData.Flags": "0x00000009"}
{"EventID": "8100", "Channel": "Microsoft-Windows-AppXDeploymentServer/Operational", "Provider_Name": "Microsoft-Windows-AppXDeployment-Server", "Computer": "DESKTOP-OFJ6N53", "TimeCreated": "2025-07-19 07:23:28.502312+00:00", "RecordID": "113916", "Level": "5", "UserID": "S-1-5-18", "EventData.PackageFullName": "Microsoft.ZuneVideo_10.25071.10101.0_neutral_split.language-ru_8wekyb3d8bbwe", "EventData.Flags": "0x00000009"}
{"EventID": "8106", "Channel": "Microsoft-Windows-AppXDeploymentServer/Operational", "Provider_Name": "Microsoft-Windows-AppXDeployment-Server", "Computer": "DESKTOP-OFJ6N53", "TimeCreated": "2025-07-19 07:23:28.504745+00:00", "RecordID": "113917", "Level": "5", "UserID": "S-1-5-18", "EventData.PackageFullName": "Microsoft.ZuneVideo_10.25071.10101.0_neutral_split.language-ru_8wekyb3d8bbwe", "EventData.Flags": "0x00000009"}
{"EventID": "8101", "Channel": "Microsoft-Windows-AppXDeploymentServer/Operational", "Provider_Name": "Microsoft-Windows-AppXDeployment-Server", "Computer": "DESKTOP-OFJ6N53", "TimeCreated": "2025-07-19 07:23:28.504763+00:00", "RecordID": "113918", "Level": "5", "UserID": "S-1-5-18", "EventData.PackageFullName": "Microsoft.ZuneVideo_10.25071.10101.0_neutral_split.language-ru_8wekyb3d8bbwe", "EventData.Flags": "0x00000009"}
{"EventID": "8100", "Channel": "Microsoft-Windows-AppXDeploymentServer/Operational", "Provider_Name": "Microsoft-Windows-AppXDeployment-Server", "Computer": "DESKTOP-OFJ6N53", "TimeCreated": "2025-07-19 07:23:28.504766+00:00", "RecordID": "113919", "Level": "5", "UserID": "S-1-5-18", "EventData.PackageFullName": "Microsoft.ZuneVideo_10.25071.10101.0_neutral_split.scale-125_8wekyb3d8bbwe", "EventData.Flags": "0x00000009"}
{"EventID": "8106", "Channel": "Microsoft-Windows-AppXDeploymentServer/Operational", "Provider_Name": "Microsoft-Windows-AppXDeployment-Server", "Computer": "DESKTOP-OFJ6N53", "TimeCreated": "2025-07-19 07:23:28.507782+00:00", "RecordID": "113920", "Level": "5", "UserID": "S-1-5-18", "EventData.PackageFullName": "Microsoft.ZuneVideo_10.25071.10101.0_neutral_split.scale-125_8wekyb3d8bbwe", "EventData.Flags": "0x00000009"}
{"EventID": "8101", "Channel": "Microsoft-Windows-AppXDeploymentServer/Operational", "Provider_Name": "Microsoft-Windows-AppXDeployment-Server", "Computer": "DESKTOP-OFJ6N53", "TimeCreated": "2025-07-19 07:23:28.507795+00:00", "RecordID": "113921", "Level": "5", "UserID": "S-1-5-18", "EventData.PackageFullName": "Microsoft.ZuneVideo_10.25071.10101.0_neutral_split.scale-125_8wekyb3d8bbwe", "EventData.Flags": "0x00000009"}
{"EventID": "8100", "Channel": "Microsoft-Windows-AppXDeploymentServer/Operational", "Provider_Name": "Microsoft-Windows-AppXDeployment-Server", "Computer": "DESKTOP-OFJ6N53", "TimeCreated": "2025-07-19 07:23:28.507799+00:00", "RecordID": "113922", "Level": "5", "UserID": "S-1-5-18", "EventData.PackageFullName": "Microsoft.ZuneVideo_10.25071.10101.0_neutral_split.scale-100_8wekyb3d8bbwe", "EventData.Flags": "0x00000009"}
{"EventID": "8106", "Channel": "Microsoft-Windows-AppXDeploymentServer/Operational", "Provider_Name": "Microsoft-Windows-AppXDeployment-Server", "Computer": "DESKTOP-OFJ6N53", "TimeCreated": "2025-07-19 07:23:28.509840+00:00", "RecordID": "113923", "Level": "5", "UserID": "S-1-5-18", "EventData.PackageFullName": "Microsoft.ZuneVideo_10.25071.10101.0_neutral_split.scale-100_8wekyb3d8bbwe", "EventData.Flags": "0x00000009"}
{"EventID": "8101", "Channel": "Microsoft-Windows-AppXDeploymentServer/Operational", "Provider_Name": "Microsoft-Windows-AppXDeployment-Server", "Computer": "DESKTOP-OFJ6N53", "TimeCreated": "2025-07-19 07:23:28.509851+00:00", "RecordID": "113924", "Level": "5", "UserID": "S-1-5-18", "EventData.PackageFullName": "Microsoft.ZuneVideo_10.25071.10101.0_neutral_split.scale-100_8wekyb3d8bbwe", "EventData.Flags": "0x00000009"}
{"EventID": "7028", "Channel": "Microsoft-Windows-AppXDeploymentServer/Operational", "Provider_Name": "Microsoft-Windows-AppXDeployment-Server", "Computer": "DESKTOP-OFJ6N53", "TimeCreated": "2025-07-19 07:23:28.609678+00:00", "RecordID": "113925", "Level": "3", "UserID": "S-1-5-18", "EventData.PackageMoniker": "Microsoft.ZuneVideo_10.25031.10021.0_neutral_split.language-ru_8wekyb3d8bbwe"}
{"EventID": "5507", "Channel": "Microsoft-Windows-AppXDeploymentServer/Operational", "Provider_Name": "Microsoft-Windows-AppXDeployment-Server", "Computer": "DESKTOP-OFJ6N53", "TimeCreated": "2025-07-19 07:23:28.674168+00:00", "RecordID": "113926", "Level": "5", "UserID": "S-1-5-21-963789628-1060504924-4285088085-1001", "EventData.PackageName": "Microsoft.ZuneVideo_10.25071.10101.0_x64__8wekyb3d8bbwe", "EventData.FilePath": "S-1-5-21-963789628-1060504924-4285088085-1001-MergedResources-24.pri", "EventData.Message": "Current user-specific merged PRI file ignored"}
{"EventID": "5507", "Channel": "Microsoft-Windows-AppXDeploymentServer/Operational", "Provider_Name": "Microsoft-Windows-AppXDeployment-Server", "Computer": "DESKTOP-OFJ6N53", "TimeCreated": "2025-07-19 07:23:28.674404+00:00", "RecordID": "113927", "Level": "5", "UserID": "S-1-5-21-963789628-1060504924-4285088085-1001", "EventData.PackageName": "Microsoft.ZuneVideo_10.25071.10101.0_x64__8wekyb3d8bbwe", "EventData.FilePath": "resources.1ee51074.pri", "EventData.Message": "Current shared merged PRI file ignored"}
{"EventID": "5507", "Channel": "Microsoft-Windows-AppXDeploymentServer/Operational", "Provider_Name": "Microsoft-Windows-AppXDeployment-Server", "Computer": "DESKTOP-OFJ6N53", "TimeCreated": "2025-07-19 07:23:28.674534+00:00", "RecordID": "113928", "Level": "5", "UserID": "S-1-5-21-963789628-1060504924-4285088085-1001", "EventData.PackageName": "Microsoft.ZuneVideo_10.25071.10101.0_x64__8wekyb3d8bbwe", "EventData.FilePath": "S-1-5-21-963789628-1060504924-4285088085-1001-MergedResources-24.pri", "EventData.Message": "Current user-specific merged PRI file ignored"}
{"EventID": "5507", "Channel": "Microsoft-Windows-AppXDeploymentServer/Operational", "Provider_Name": "Microsoft-Windows-AppXDeployment-Server", "Computer": "DESKTOP-OFJ6N53", "TimeCreated": "2025-07-19 07:23:28.674608+00:00", "RecordID": "113929", "Level": "5", "UserID": "S-1-5-21-963789628-1060504924-4285088085-1001", "EventData.PackageName": "Microsoft.ZuneVideo_10.25071.10101.0_x64__8wekyb3d8bbwe", "EventData.FilePath": "resources.1ee51074.pri", "EventData.Message": "Current shared merged PRI file ignored"}
{"EventID": "821", "Channel": "Microsoft-Windows-AppXDeploymentServer/Operational", "Provider_Name": "Microsoft-Windows-AppXDeployment-Server", "Computer": "DESKTOP-OFJ6N53", "TimeCreated": "2025-07-19 07:23:28.724871+00:00", "RecordID": "113930", "Level": "5", "UserID": "S-1-5-18", "EventData.UserSid": "S-1-5-18", "EventData.MainPackageFullName": "Microsoft.ZuneVideo_2019.25071.10101.0_neutral_~_8wekyb3d8bbwe", "EventData.ErrorCode": "0x00000000"}
{"EventID": "822", "Channel": "Microsoft-Windows-AppXDeploymentServer/Operational", "Provider_Name": "Microsoft-Windows-AppXDeployment-Server", "Computer": "DESKTOP-OFJ6N53", "TimeCreated": "2025-07-19 07:23:28.728661+00:00", "RecordID": "113931", "Level": "5", "UserID": "S-1-5-18", "EventData.Error": "0x00000000", "EventData.PackageMoniker": "Microsoft.ZuneVideo_2019.25071.10101.0_neutral_~_8wekyb3d8bbwe"}
{"EventID": "821", "Channel": "Microsoft-Windows-AppXDeploymentServer/Operational", "Provider_Name": "Microsoft-Windows-AppXDeployment-Server", "Computer": "DESKTOP-OFJ6N53", "TimeCreated": "2025-07-19 07:23:28.730551+00:00", "RecordID": "113932", "Level": "5", "UserID": "S-1-5-18", "EventData.UserSid": "S-1-5-21-963789628-1060504924-4285088085-1001", "EventData.MainPackageFullName": "Microsoft.ZuneVideo_2019.25071.10101.0_neutral_~_8wekyb3d8bbwe", "EventData.ErrorCode": "0x00000000"}
{"EventID": "822", "Channel": "Microsoft-Windows-AppXDeploymentServer/Operational", "Provider_Name": "Microsoft-Windows-AppXDeployment-Server", "Computer": "DESKTOP-OFJ6N53", "TimeCreated": "2025-07-19 07:23:28.733416+00:00", "RecordID": "113933", "Level": "5", "UserID": "S-1-5-18", "EventData.Error": "0x00000000", "EventData.PackageMoniker": "Microsoft.ZuneVideo_2019.25071.10101.0_neutral_~_8wekyb3d8bbwe"}
{"EventID": "813", "Channel": "Microsoft-Windows-AppXDeploymentServer/Operational", "Provider_Name": "Microsoft-Windows-AppXDeployment-Server", "Computer": "DESKTOP-OFJ6N53", "TimeCreated": "2025-07-19 07:23:28.733450+00:00", "RecordID": "113934", "Level": "5", "UserID": "S-1-5-18", "EventData.PackageMoniker": "Microsoft.ZuneVideo_2019.25071.10101.0_neutral_~_8wekyb3d8bbwe"}
{"EventID": "10001", "Channel": "Microsoft-Windows-AppXDeploymentServer/Operational", "Provider_Name": "Microsoft-Windows-AppXDeployment-Server", "Computer": "DESKTOP-OFJ6N53", "TimeCreated": "2025-07-19 07:23:29.915262+00:00", "RecordID": "113935", "Level": "5", "UserID": "S-1-5-18", "EventData.PackageFullName": "Microsoft.ZuneVideo_10.25051.10031.0_x64__8wekyb3d8bbwe", "EventData.ErrorCode": "0x80070490"}
{"EventID": "10001", "Channel": "Microsoft-Windows-AppXDeploymentServer/Operational", "Provider_Name": "Microsoft-Windows-AppXDeployment-Server", "Computer": "DESKTOP-OFJ6N53", "TimeCreated": "2025-07-19 07:23:29.915428+00:00", "RecordID": "113936", "Level": "5", "UserID": "S-1-5-18", "EventData.PackageFullName": "Microsoft.ZuneVideo_10.25071.10101.0_x64__8wekyb3d8bbwe", "EventData.ErrorCode": "0x00000000"}
{"EventID": "10001", "Channel": "Microsoft-Windows-AppXDeploymentServer/Operational", "Provider_Name": "Microsoft-Windows-AppXDeployment-Server", "Computer": "DESKTOP-OFJ6N53", "TimeCreated": "2025-07-19 07:23:29.915771+00:00", "RecordID": "113937", "Level": "5", "UserID": "S-1-5-18", "EventData.PackageFullName": "Microsoft.ZuneVideo_10.25071.10101.0_x64__8wekyb3d8bbwe", "EventData.ErrorCode": "0x00000000"}
{"EventID": "10001", "Channel": "Microsoft-Windows-AppXDeploymentServer/Operational", "Provider_Name": "Microsoft-Windows-AppXDeployment-Server", "Computer": "DESKTOP-OFJ6N53", "TimeCreated": "2025-07-19 07:23:29.915899+00:00", "RecordID": "113938", "Level": "5", "UserID": "S-1-5-18", "EventData.PackageFullName": "Microsoft.ZuneVideo_2019.25071.10101.0_neutral_~_8wekyb3d8bbwe", "EventData.ErrorCode": "0x00000000"}
{"EventID": "10001", "Channel": "Microsoft-Windows-AppXDeploymentServer/Operational", "Provider_Name": "Microsoft-Windows-AppXDeployment-Server", "Computer": "DESKTOP-OFJ6N53", "TimeCreated": "2025-07-19 07:23:29.916023+00:00", "RecordID": "113939", "Level": "5", "UserID": "S-1-5-18", "EventData.PackageFullName": "Microsoft.ZuneVideo_2019.25071.10101.0_neutral_~_8wekyb3d8bbwe", "EventData.ErrorCode": "0x00000000"}
{"EventID": "10001", "Channel": "Microsoft-Windows-AppXDeploymentServer/Operational", "Provider_Name": "Microsoft-Windows-AppXDeployment-Server", "Computer": "DESKTOP-OFJ6N53", "TimeCreated": "2025-07-19 07:23:29.916098+00:00", "RecordID": "113940", "Level": "5", "UserID": "S-1-5-18", "EventData.PackageFullName": "Microsoft.ZuneVideo_10.25071.10101.0_x64__8wekyb3d8bbwe", "EventData.ErrorCode": "0x00000000"}
{"EventID": "10001", "Channel": "Microsoft-Windows-AppXDeploymentServer/Operational", "Provider_Name": "Microsoft-Windows-AppXDeployment-Server", "Computer": "DESKTOP-OFJ6N53", "TimeCreated": "2025-07-19 07:23:29.916176+00:00", "RecordID": "113941", "Level": "5", "UserID": "S-1-5-18", "EventData.PackageFullName": "Microsoft.ZuneVideo_10.25071.10101.0_x64__8wekyb3d8bbwe", "EventData.ErrorCode": "0x00000000"}
{"EventID": "10001", "Channel": "Microsoft-Windows-AppXDeploymentServer/Operational", "Provider_Name": "Microsoft-Windows-AppXDeployment-Server", "Computer": "DESKTOP-OFJ6N53", "TimeCreated": "2025-07-19 07:23:29.916258+00:00", "RecordID": "113942", "Level": "5", "UserID": "S-1-5-18", "EventData.PackageFullName": "Microsoft.ZuneVideo_10.25071.10101.0_neutral_split.language-ru_8wekyb3d8bbwe", "EventData.ErrorCode": "0x00000000"}
{"EventID": "10001", "Channel": "Microsoft-Windows-AppXDeploymentServer/Operational", "Provider_Name": "Microsoft-Windows-AppXDeployment-Server", "Computer": "DESKTOP-OFJ6N53", "TimeCreated": "2025-07-19 07:23:29.916332+00:00", "RecordID": "113943", "Level": "5", "UserID": "S-1-5-18", "EventData.PackageFullName": "Microsoft.ZuneVideo_10.25071.10101.0_neutral_split.language-ru_8wekyb3d8bbwe", "EventData.ErrorCode": "0x00000000"}
{"EventID": "10001", "Channel": "Microsoft-Windows-AppXDeploymentServer/Operational", "Provider_Name": "Microsoft-Windows-AppXDeployment-Server", "Computer": "DESKTOP-OFJ6N53", "TimeCreated": "2025-07-19 07:23:29.916403+00:00", "RecordID": "113944", "Level": "5", "UserID": "S-1-5-18", "EventData.PackageFullName": "Microsoft.ZuneVideo_10.25071.10101.0_neutral_split.scale-125_8wekyb3d8bbwe", "EventData.ErrorCode": "0x00000000"}
{"EventID": "10001", "Channel": "Microsoft-Windows-AppXDeploymentServer/Operational", "Provider_Name": "Microsoft-Windows-AppXDeployment-Server", "Computer": "DESKTOP-OFJ6N53", "TimeCreated": "2025-07-19 07:23:29.916470+00:00", "RecordID": "113945", "Level": "5", "UserID": "S-1-5-18", "EventData.PackageFullName": "Microsoft.ZuneVideo_10.25071.10101.0_neutral_split.scale-125_8wekyb3d8bbwe", "EventData.ErrorCode": "0x00000000"}
{"EventID": "10001", "Channel": "Microsoft-Windows-AppXDeploymentServer/Operational", "Provider_Name": "Microsoft-Windows-AppXDeployment-Server", "Computer": "DESKTOP-OFJ6N53", "TimeCreated": "2025-07-19 07:23:29.916534+00:00", "RecordID": "113946", "Level": "5", "UserID": "S-1-5-18", "EventData.PackageFullName": "Microsoft.ZuneVideo_10.25071.10101.0_neutral_split.scale-100_8wekyb3d8bbwe", "EventData.ErrorCode": "0x00000000"}
{"EventID": "10001", "Channel": "Microsoft-Windows-AppXDeploymentServer/Operational", "Provider_Name": "Microsoft-Windows-AppXDeployment-Server", "Computer": "DESKTOP-OFJ6N53", "TimeCreated": "2025-07-19 07:23:29.916595+00:00", "RecordID": "113947", "Level": "5", "UserID": "S-1-5-18", "EventData.PackageFullName": "Microsoft.ZuneVideo_10.25071.10101.0_neutral_split.scale-100_8wekyb3d8bbwe", "EventData.ErrorCode": "0x00000000"}
{"EventID": "400", "Channel": "Microsoft-Windows-AppXDeploymentServer/Operational", "Provider_Name": "Microsoft-Windows-AppXDeployment-Server", "Computer": "DESKTOP-OFJ6N53", "TimeCreated": "2025-07-19 07:23:29.948895+00:00", "RecordID": "113948", "Level": "4", "UserID": "S-1-5-21-963789628-1060504924-4285088085-1001", "EventData.DeploymentOperation": "6", "EventData.PackageFullName": "Microsoft.ZuneVideo_2019.25071.10101.0_neutral_~_8wekyb3d8bbwe", "EventData.Path": "(AppxBundleManifest.xml)", "EventData.MountPoint": "C:", "EventData.TargetPlatform": "0x00000003", "EventData.SystemVolume": "True", "EventData.StorageId": "\\\\?\\Volume{c33a8663-71a2-4031-8cec-c21914fe12ad}", "EventData.IsCentennial": "False", "EventData.PackageType": "0x00000008", "EventData.IsPackageEncrypted": "False", "EventData.DeploymentOptions": "0x0004000004044800", "EventData.IsStreamingPackage": "False", "EventData.IsInRelatedSet": "False", "EventData.IsPackageUsingBDC": "False", "EventData.MainPackageFamilyName": "NULL", "EventData.CallingProcess": "svchost.exe,wuauserv", "EventData.IsOptional": "False", "EventData.PackageFlags": "0x00000400", "EventData.PackageFlags2": "0x00000800", "EventData.HasWin32alacarte": "False", "EventData.HasFullTrust": "False", "EventData.ExternalLocation": null, "EventData.PackageSourceUri": "x-windowsupdate://299369C5-2795-4C10-9F98-ED94729A4577/64B22DF1-5A9C-4C88-AA1F-42CEFAF8B281/846cf40e92385ac2971932f5fecbceaad3fa0734"}
{"EventID": "478", "Channel": "Microsoft-Windows-AppXDeploymentServer/Operational", "Provider_Name": "Microsoft-Windows-AppXDeployment-Server", "Computer": "DESKTOP-OFJ6N53", "TimeCreated": "2025-07-19 07:23:29.949015+00:00", "RecordID": "113949", "Level": "5", "UserID": "S-1-5-21-963789628-1060504924-4285088085-1001", "EventData.DeploymentOperation": "6", "EventData.PackageFullName": "Microsoft.ZuneVideo_10.25071.10101.0_x64__8wekyb3d8bbwe", "EventData.Path": "(AppxBundleManifest.xml)", "EventData.MountPoint": "C:", "EventData.TargetPlatform": "0x00000003", "EventData.SystemVolume": "True", "EventData.StorageId": "\\\\?\\Volume{c33a8663-71a2-4031-8cec-c21914fe12ad}", "EventData.IsCentennial": "False", "EventData.PackageType": "0x00000001", "EventData.IsPackageEncrypted": "False", "EventData.DeploymentOptions": "0x0004000004044800", "EventData.IsStreamingPackage": "False", "EventData.IsInRelatedSet": "False", "EventData.IsPackageUsingBDC": "False", "EventData.MainPackageFamilyName": "NULL", "EventData.CallingProcess": "svchost.exe,wuauserv", "EventData.IsOptional": "False", "EventData.PackageFlags": "0x00000008", "EventData.PackageFlags2": "0x00000800", "EventData.HasWin32alacarte": "False", "EventData.HasFullTrust": "False", "EventData.ExternalLocation": null, "EventData.PackageSourceUri": "x-windowsupdate://299369C5-2795-4C10-9F98-ED94729A4577/64B22DF1-5A9C-4C88-AA1F-42CEFAF8B281/846cf40e92385ac2971932f5fecbceaad3fa0734"}
{"EventID": "472", "Channel": "Microsoft-Windows-AppXDeploymentServer/Operational", "Provider_Name": "Microsoft-Windows-AppXDeployment-Server", "Computer": "DESKTOP-OFJ6N53", "TimeCreated": "2025-07-19 07:23:29.964546+00:00", "RecordID": "113950", "Level": "5", "UserID": "S-1-5-18", "EventData.SourceFolderPath": "\\\\?\\C:\\Program Files\\WindowsApps\\Microsoft.ZuneVideo_2019.25051.10031.0_neutral_~_8wekyb3d8bbwe", "EventData.DestinationFolderPath": "\\\\?\\C:\\Program Files\\WindowsApps\\Deleted\\Microsoft.ZuneVideo_2019.25051.10031.0_neutral_~_8wekyb3d8bbweecc5623b-3532-4817-b49a-4c81656ed7ff", "EventData.ErrorCode": "0x00000000"}
{"EventID": "472", "Channel": "Microsoft-Windows-AppXDeploymentServer/Operational", "Provider_Name": "Microsoft-Windows-AppXDeployment-Server", "Computer": "DESKTOP-OFJ6N53", "TimeCreated": "2025-07-19 07:23:29.967901+00:00", "RecordID": "113951", "Level": "5", "UserID": "S-1-5-18", "EventData.SourceFolderPath": "\\\\?\\C:\\Program Files\\WindowsApps\\Microsoft.ZuneVideo_10.25051.10031.0_x64__8wekyb3d8bbwe", "EventData.DestinationFolderPath": "\\\\?\\C:\\Program Files\\WindowsApps\\Deleted\\Microsoft.ZuneVideo_10.25051.10031.0_x64__8wekyb3d8bbwe31a593a8-764f-4ee7-80ca-8503806cd0d3", "EventData.ErrorCode": "0x00000000"}
{"EventID": "472", "Channel": "Microsoft-Windows-AppXDeploymentServer/Operational", "Provider_Name": "Microsoft-Windows-AppXDeployment-Server", "Computer": "DESKTOP-OFJ6N53", "TimeCreated": "2025-07-19 07:23:29.977966+00:00", "RecordID": "113952", "Level": "5", "UserID": "S-1-5-18", "EventData.SourceFolderPath": "\\\\?\\C:\\Program Files\\WindowsApps\\Microsoft.ZuneVideo_10.25051.10031.0_neutral_split.language-ru_8wekyb3d8bbwe", "EventData.DestinationFolderPath": "\\\\?\\C:\\Program Files\\WindowsApps\\Deleted\\Microsoft.ZuneVideo_10.25051.10031.0_neutral_split.language-ru_8wekyb3d8bbwe1538ecf6-cdad-4c72-b07a-7d295051cbb7", "EventData.ErrorCode": "0x00000000"}
{"EventID": "472", "Channel": "Microsoft-Windows-AppXDeploymentServer/Operational", "Provider_Name": "Microsoft-Windows-AppXDeployment-Server", "Computer": "DESKTOP-OFJ6N53", "TimeCreated": "2025-07-19 07:23:29.981823+00:00", "RecordID": "113953", "Level": "5", "UserID": "S-1-5-18", "EventData.SourceFolderPath": "\\\\?\\C:\\Program Files\\WindowsApps\\Microsoft.ZuneVideo_10.25051.10031.0_neutral_split.scale-125_8wekyb3d8bbwe", "EventData.DestinationFolderPath": "\\\\?\\C:\\Program Files\\WindowsApps\\Deleted\\Microsoft.ZuneVideo_10.25051.10031.0_neutral_split.scale-125_8wekyb3d8bbwe698b36cc-2777-41d1-9cec-8934bb698dcd", "EventData.ErrorCode": "0x00000000"}
{"EventID": "472", "Channel": "Microsoft-Windows-AppXDeploymentServer/Operational", "Provider_Name": "Microsoft-Windows-AppXDeployment-Server", "Computer": "DESKTOP-OFJ6N53", "TimeCreated": "2025-07-19 07:23:29.985512+00:00", "RecordID": "113954", "Level": "5", "UserID": "S-1-5-18", "EventData.SourceFolderPath": "\\\\?\\C:\\Program Files\\WindowsApps\\Microsoft.ZuneVideo_10.25051.10031.0_neutral_split.scale-100_8wekyb3d8bbwe", "EventData.DestinationFolderPath": "\\\\?\\C:\\Program Files\\WindowsApps\\Deleted\\Microsoft.ZuneVideo_10.25051.10031.0_neutral_split.scale-100_8wekyb3d8bbwed2dd54c0-a049-44d6-aaaf-8247ff86451f", "EventData.ErrorCode": "0x00000000"}
{"EventID": "649", "Channel": "Microsoft-Windows-AppXDeploymentServer/Operational", "Provider_Name": "Microsoft-Windows-AppXDeployment-Server", "Computer": "DESKTOP-OFJ6N53", "TimeCreated": "2025-07-19 07:23:29.998493+00:00", "RecordID": "113955", "Level": "4", "UserID": "S-1-5-21-963789628-1060504924-4285088085-1001", "EventData.DeploymentOperation": "6", "EventData.PackageFullName": "Microsoft.ZuneVideo_2019.25071.10101.0_neutral_~_8wekyb3d8bbwe", "EventData.Summary": "PostDeploymentOperationCheck cost: 0 ms"}
{"EventID": "613", "Channel": "Microsoft-Windows-AppXDeploymentServer/Operational", "Provider_Name": "Microsoft-Windows-AppXDeployment-Server", "Computer": "DESKTOP-OFJ6N53", "TimeCreated": "2025-07-19 07:23:30.043814+00:00", "RecordID": "113956", "Level": "4", "UserID": "S-1-5-21-963789628-1060504924-4285088085-1001", "EventData.DeploymentOperation": "6", "EventData.PackageFullName": "Microsoft.ZuneVideo_2019.25071.10101.0_neutral_~_8wekyb3d8bbwe", "EventData.Summary": "Overall time: 1922 ms\nEnqueue cost: 16 ms\nDequeue delay: 0 ms\nGap: 16 ms\nBundle processing cost: 15 ms\nIndexing cost: 63 ms\nResolve dependency cost: 47 ms\nGap: 31 ms\nCheck approval cost: 16 ms\nEvaluation cost: 0 ms\nHardlinking evaluation cost: 0 ms\nStage required cost: 15 ms\nFlushing and closing files cost: 0 ms\nMachine register cost: 0 ms\nStage user data cost: 0 ms\nGap: 31 ms\nRegistration cost: 344 ms\nGap: 844 ms\nRepository commit transaction cost: 344 ms\nGap: 78 ms\nData flush cost: 15 ms\nPost DeStage repository commit transaction cost: 0 ms\nRemaining cost: 47 ms"}
{"EventID": "818", "Channel": "Microsoft-Windows-AppXDeploymentServer/Operational", "Provider_Name": "Microsoft-Windows-AppXDeployment-Server", "Computer": "DESKTOP-OFJ6N53", "TimeCreated": "2025-07-19 10:12:34.620186+00:00", "RecordID": "113957", "Level": "5", "UserID": "S-1-5-21-963789628-1060504924-4285088085-1001", "EventData.UserSid": "S-1-5-21-963789628-1060504924-4285088085-1001"}
{"EventID": "819", "Channel": "Microsoft-Windows-AppXDeploymentServer/Operational", "Provider_Name": "Microsoft-Windows-AppXDeployment-Server", "Computer": "DESKTOP-OFJ6N53", "TimeCreated": "2025-07-19 10:12:34.626745+00:00", "RecordID": "113958", "Level": "5", "UserID": "S-1-5-21-963789628-1060504924-4285088085-1001", "EventData.InstallPackageList": "NULL", "EventData.EndOfLifePackageList": "Microsoft.Edge.GameAssist_1.0.3423.0_x64__8wekyb3d8bbwe"}
{"EventID": "818", "Channel": "Microsoft-Windows-AppXDeploymentServer/Operational", "Provider_Name": "Microsoft-Windows-AppXDeployment-Server", "Computer": "DESKTOP-OFJ6N53", "TimeCreated": "2025-07-20 10:12:36.392954+00:00", "RecordID": "113959", "Level": "5", "UserID": "S-1-5-21-963789628-1060504924-4285088085-1001", "EventData.UserSid": "S-1-5-21-963789628-1060504924-4285088085-1001"}
{"EventID": "819", "Channel": "Microsoft-Windows-AppXDeploymentServer/Operational", "Provider_Name": "Microsoft-Windows-AppXDeployment-Server", "Computer": "DESKTOP-OFJ6N53", "TimeCreated": "2025-07-20 10:12:36.397577+00:00", "RecordID": "113960", "Level": "5", "UserID": "S-1-5-21-963789628-1060504924-4285088085-1001", "EventData.InstallPackageList": "NULL", "EventData.EndOfLifePackageList": "Microsoft.Edge.GameAssist_1.0.3423.0_x64__8wekyb3d8bbwe"}
{"EventID": "818", "Channel": "Microsoft-Windows-AppXDeploymentServer/Operational", "Provider_Name": "Microsoft-Windows-AppXDeployment-Server", "Computer": "DESKTOP-OFJ6N53", "TimeCreated": "2025-07-21 10:12:38.202793+00:00", "RecordID": "113961", "Level": "5", "UserID": "S-1-5-21-963789628-1060504924-4285088085-1001", "EventData.UserSid": "S-1-5-21-963789628-1060504924-4285088085-1001"}
{"EventID": "819", "Channel": "Microsoft-Windows-AppXDeploymentServer/Operational", "Provider_Name": "Microsoft-Windows-AppXDeployment-Server", "Computer": "DESKTOP-OFJ6N53", "TimeCreated": "2025-07-21 10:12:38.208117+00:00", "RecordID": "113962", "Level": "5", "UserID": "S-1-5-21-963789628-1060504924-4285088085-1001", "EventData.InstallPackageList": "NULL", "EventData.EndOfLifePackageList": "Microsoft.Edge.GameAssist_1.0.3423.0_x64__8wekyb3d8bbwe"}
{"EventID": "603", "Channel": "Microsoft-Windows-AppXDeploymentServer/Operational", "Provider_Name": "Microsoft-Windows-AppXDeployment-Server", "Computer": "DESKTOP-OFJ6N53", "TimeCreated": "2025-07-21 18:27:44.205393+00:00", "RecordID": "113963", "Level": "4", "UserID": "S-1-5-18", "EventData.DeploymentOperation": "4", "EventData.Path": "50704104df998eed3339b8013b9e0ce5939e6f3b", "EventData.Flags": "67108880", "EventData.FlagsHigh": "128", "EventData.CallingProcess": "svchost.exe,wuauserv", "EventData.ExternalLocation": null}
{"EventID": "10002", "Channel": "Microsoft-Windows-AppXDeploymentServer/Operational", "Provider_Name": "Microsoft-Windows-AppXDeployment-Server", "Computer": "DESKTOP-OFJ6N53", "TimeCreated": "2025-07-21 18:27:45.949938+00:00", "RecordID": "113964", "Level": "5", "UserID": "S-1-5-18", "EventData.DeploymentOperation": "4", "EventData.MainPackageMoniker": "Microsoft.Windows.Photos_2025.11070.8001.0_neutral_~_8wekyb3d8bbwe", "EventData.ResiliencyFilePath": "C:\\ProgramData\\Microsoft\\Windows\\AppRepository\\53d2cf1b-cc39-4526-a0d8-46d3249df10d_S-1-5-18_1.rslc"}
{"EventID": "607", "Channel": "Microsoft-Windows-AppXDeploymentServer/Operational", "Provider_Name": "Microsoft-Windows-AppXDeployment-Server", "Computer": "DESKTOP-OFJ6N53", "TimeCreated": "2025-07-21 18:27:45.951960+00:00", "RecordID": "113965", "Level": "4", "UserID": "S-1-5-18", "EventData.DeploymentOperation": "4", "EventData.PackageFullName": "Microsoft.Windows.Photos_2025.11070.8001.0_neutral_~_8wekyb3d8bbwe", "EventData.UserSid": "S-1-5-18", "EventData.CallingProcess": "svchost.exe,wuauserv"}
{"EventID": "614", "Channel": "Microsoft-Windows-AppXDeploymentServer/Operational", "Provider_Name": "Microsoft-Windows-AppXDeployment-Server", "Computer": "DESKTOP-OFJ6N53", "TimeCreated": "2025-07-21 18:27:45.961395+00:00", "RecordID": "113966", "Level": "5", "UserID": "S-1-5-18", "EventData.PathOne": "x-windowsupdate://FA8D917E-1F1E-4865-AFBD-2648A70662FE/454A759B-FF5B-4A79-80D3-1CF15EBA0908/50704104df998eed3339b8013b9e0ce5939e6f3b", "EventData.PathTwo": "\"Photos.App_2025.11070.8001.0_x64.msix\": Microsoft.Windows.Photos_2025.11070.8001.0_x64__8wekyb3d8bbwe \"Photos.App_2025.11070.8001.0_arm64.msix\": Microsoft.Windows.Photos_2025.11070.8001.0_arm64__8wekyb3d8bbwe"}
{"EventID": "854", "Channel": "Microsoft-Windows-AppXDeploymentServer/Operational", "Provider_Name": "Microsoft-Windows-AppXDeployment-Server", "Computer": "DESKTOP-OFJ6N53", "TimeCreated": "2025-07-21 18:27:46.991894+00:00", "RecordID": "113967", "Level": "4", "UserID": "S-1-5-18", "EventData.Path": "x-windowsupdate://FA8D917E-1F1E-4865-AFBD-2648A70662FE/454A759B-FF5B-4A79-80D3-1CF15EBA0908/50704104df998eed3339b8013b9e0ce5939e6f3b x-windowsupdate://FA8D917E-1F1E-4865-AFBD-2648A70662FE/454A759B-FF5B-4A79-80D3-1CF15EBA0908/50704104df998eed3339b8013b9e0ce5939e6f3b\\Photos.App_2025.11070.8001.0_x64.msix"}
{"EventID": "1230", "Channel": "Microsoft-Windows-AppXDeploymentServer/Operational", "Provider_Name": "Microsoft-Windows-AppXDeployment-Server", "Computer": "DESKTOP-OFJ6N53", "TimeCreated": "2025-07-21 18:27:51.873487+00:00", "RecordID": "113968", "Level": "3", "UserID": "S-1-5-18", "EventData.Path": "\\Program Files\\WindowsApps\\MicrosoftWindows.CrossDevice_1.25032.52.0_x64__cw5n1h2txyewy\\Microsoft.DiaSymReader.Native.amd64.dll;\\Program Files\\WindowsApps\\MicrosoftWindows.CrossDevice_1.25032.52.0_x64__cw5n1h2txyewy\\msquic.dll;"}
