{"EventID": "2", "Channel": "Microsoft-Windows-Kernel-EventTracing/Admin", "Provider_Name": "Microsoft-Windows-Kernel-EventTracing", "Computer": "DESKTOP-OFJ6N53", "TimeCreated": "2023-12-18 05:21:53.791449+00:00", "RecordID": "462", "Level": "2", "UserID": "S-1-5-18", "EventData.SessionName": "Microsoft.Windows.WindowsUpdate.RUXIMLog", "EventData.FileName": null, "EventData.ErrorCode": "3221225525", "EventData.LoggingMode": "268460034"}
{"EventID": "2", "Channel": "Microsoft-Windows-Kernel-EventTracing/Admin", "Provider_Name": "Microsoft-Windows-Kernel-EventTracing", "Computer": "DESKTOP-OFJ6N53", "TimeCreated": "2023-12-19 05:22:01.072504+00:00", "RecordID": "463", "Level": "2", "UserID": "S-1-5-18", "EventData.SessionName": "Microsoft.Windows.WindowsUpdate.RUXIMLog", "EventData.FileName": null, "EventData.ErrorCode": "3221225525", "EventData.LoggingMode": "268460034"}
{"EventID": "2", "Channel": "Microsoft-Windows-Kernel-EventTracing/Admin", "Provider_Name": "Microsoft-Windows-Kernel-EventTracing", "Computer": "DESKTOP-OFJ6N53", "TimeCreated": "2023-12-20 05:22:10.512184+00:00", "RecordID": "464", "Level": "2", "UserID": "S-1-5-18", "EventData.SessionName": "Microsoft.Windows.WindowsUpdate.RUXIMLog", "EventData.FileName": null, "EventData.ErrorCode": "3221225525", "EventData.LoggingMode": "268460034"}
{"EventID": "2", "Channel": "Microsoft-Windows-Kernel-EventTracing/Admin", "Provider_Name": "Microsoft-Windows-Kernel-EventTracing", "Computer": "DESKTOP-OFJ6N53", "TimeCreated": "2023-12-20 08:34:22.754921+00:00", "RecordID": "465", "Level": "2", "UserID": "S-1-5-18", "EventData.SessionName": "Microsoft.Windows.Remediation", "EventData.FileName": null, "EventData.ErrorCode": "3221225525", "EventData.LoggingMode": "268460034"}
{"EventID": "2", "Channel": "Microsoft-Windows-Kernel-EventTracing/Admin", "Provider_Name": "Microsoft-Windows-Kernel-EventTracing", "Computer": "DESKTOP-OFJ6N53", "TimeCreated": "2023-12-21 05:22:19.177011+00:00", "RecordID": "466", "Level": "2", "UserID": "S-1-5-18", "EventData.SessionName": "Microsoft.Windows.WindowsUpdate.RUXIMLog", "EventData.FileName": null, "EventData.ErrorCode": "3221225525", "EventData.LoggingMode": "268460034"}
{"EventID": "2", "Channel": "Microsoft-Windows-Kernel-EventTracing/Admin", "Provider_Name": "Microsoft-Windows-Kernel-EventTracing", "Computer": "DESKTOP-OFJ6N53", "TimeCreated": "2023-12-22 05:22:28.652336+00:00", "RecordID": "467", "Level": "2", "UserID": "S-1-5-18", "EventData.SessionName": "Microsoft.Windows.WindowsUpdate.RUXIMLog", "EventData.FileName": null, "EventData.ErrorCode": "3221225525", "EventData.LoggingMode": "268460034"}
{"EventID": "2", "Channel": "Microsoft-Windows-Kernel-EventTracing/Admin", "Provider_Name": "Microsoft-Windows-Kernel-EventTracing", "Computer": "DESKTOP-OFJ6N53", "TimeCreated": "2023-12-23 05:22:35.315901+00:00", "RecordID": "468", "Level": "2", "UserID": "S-1-5-18", "EventData.SessionName": "Microsoft.Windows.WindowsUpdate.RUXIMLog", "EventData.FileName": null, "EventData.ErrorCode": "3221225525", "EventData.LoggingMode": "268460034"}
{"EventID": "2", "Channel": "Microsoft-Windows-Kernel-EventTracing/Admin", "Provider_Name": "Microsoft-Windows-Kernel-EventTracing", "Computer": "DESKTOP-OFJ6N53", "TimeCreated": "2023-12-24 02:16:42.348188+00:00", "RecordID": "469", "Level": "2", "UserID": "S-1-5-18", "EventData.SessionName": "Microsoft.Windows.Remediation", "EventData.FileName": null, "EventData.ErrorCode": "3221225525", "EventData.LoggingMode": "268460034"}
{"EventID": "2", "Channel": "Microsoft-Windows-Kernel-EventTracing/Admin", "Provider_Name": "Microsoft-Windows-Kernel-EventTracing", "Computer": "DESKTOP-OFJ6N53", "TimeCreated": "2023-12-24 05:22:42.209055+00:00", "RecordID": "470", "Level": "2", "UserID": "S-1-5-18", "EventData.SessionName": "Microsoft.Windows.WindowsUpdate.RUXIMLog", "EventData.FileName": null, "EventData.ErrorCode": "3221225525", "EventData.LoggingMode": "268460034"}
{"EventID": "2", "Channel": "Microsoft-Windows-Kernel-EventTracing/Admin", "Provider_Name": "Microsoft-Windows-Kernel-EventTracing", "Computer": "DESKTOP-OFJ6N53", "TimeCreated": "2023-12-25 05:22:50.328066+00:00", "RecordID": "471", "Level": "2", "UserID": "S-1-5-18", "EventData.SessionName": "Microsoft.Windows.WindowsUpdate.RUXIMLog", "EventData.FileName": null, "EventData.ErrorCode": "3221225525", "EventData.LoggingMode": "268460034"}
{"EventID": "2", "Channel": "Microsoft-Windows-Kernel-EventTracing/Admin", "Provider_Name": "Microsoft-Windows-Kernel-EventTracing", "Computer": "DESKTOP-OFJ6N53", "TimeCreated": "2023-12-26 05:22:58.468615+00:00", "RecordID": "472", "Level": "2", "UserID": "S-1-5-18", "EventData.SessionName": "Microsoft.Windows.WindowsUpdate.RUXIMLog", "EventData.FileName": null, "EventData.ErrorCode": "3221225525", "EventData.LoggingMode": "268460034"}
{"EventID": "2", "Channel": "Microsoft-Windows-Kernel-EventTracing/Admin", "Provider_Name": "Microsoft-Windows-Kernel-EventTracing", "Computer": "DESKTOP-OFJ6N53", "TimeCreated": "2023-12-27 05:23:05.464148+00:00", "RecordID": "473", "Level": "2", "UserID": "S-1-5-18", "EventData.SessionName": "Microsoft.Windows.WindowsUpdate.RUXIMLog", "EventData.FileName": null, "EventData.ErrorCode": "3221225525", "EventData.LoggingMode": "268460034"}
{"EventID": "2", "Channel": "Microsoft-Windows-Kernel-EventTracing/Admin", "Provider_Name": "Microsoft-Windows-Kernel-EventTracing", "Computer": "DESKTOP-OFJ6N53", "TimeCreated": "2023-12-27 20:34:23.219517+00:00", "RecordID": "474", "Level": "2", "UserID": "S-1-5-18", "EventData.SessionName": "Microsoft.Windows.Remediation", "EventData.FileName": null, "EventData.ErrorCode": "3221225525", "EventData.LoggingMode": "268460034"}
{"EventID": "2", "Channel": "Microsoft-Windows-Kernel-EventTracing/Admin", "Provider_Name": "Microsoft-Windows-Kernel-EventTracing", "Computer": "DESKTOP-OFJ6N53", "TimeCreated": "2023-12-28 05:23:12.522688+00:00", "RecordID": "475", "Level": "2", "UserID": "S-1-5-18", "EventData.SessionName": "Microsoft.Windows.WindowsUpdate.RUXIMLog", "EventData.FileName": null, "EventData.ErrorCode": "3221225525", "EventData.LoggingMode": "268460034"}
{"EventID": "2", "Channel": "Microsoft-Windows-Kernel-EventTracing/Admin", "Provider_Name": "Microsoft-Windows-Kernel-EventTracing", "Computer": "DESKTOP-OFJ6N53", "TimeCreated": "2023-12-29 05:23:19.231049+00:00", "RecordID": "476", "Level": "2", "UserID": "S-1-5-18", "EventData.SessionName": "Microsoft.Windows.WindowsUpdate.RUXIMLog", "EventData.FileName": null, "EventData.ErrorCode": "3221225525", "EventData.LoggingMode": "268460034"}
{"EventID": "2", "Channel": "Microsoft-Windows-Kernel-EventTracing/Admin", "Provider_Name": "Microsoft-Windows-Kernel-EventTracing", "Computer": "DESKTOP-OFJ6N53", "TimeCreated": "2023-12-30 06:48:00.922195+00:00", "RecordID": "477", "Level": "2", "UserID": "S-1-5-18", "EventData.SessionName": "Microsoft.Windows.WindowsUpdate.RUXIMLog", "EventData.FileName": null, "EventData.ErrorCode": "3221225525", "EventData.LoggingMode": "268460034"}
{"EventID": "2", "Channel": "Microsoft-Windows-Kernel-EventTracing/Admin", "Provider_Name": "Microsoft-Windows-Kernel-EventTracing", "Computer": "DESKTOP-OFJ6N53", "TimeCreated": "2023-12-31 02:12:07.301817+00:00", "RecordID": "478", "Level": "2", "UserID": "S-1-5-18", "EventData.SessionName": "Microsoft.Windows.Remediation", "EventData.FileName": null, "EventData.ErrorCode": "3221225525", "EventData.LoggingMode": "268460034"}
{"EventID": "2", "Channel": "Microsoft-Windows-Kernel-EventTracing/Admin", "Provider_Name": "Microsoft-Windows-Kernel-EventTracing", "Computer": "DESKTOP-OFJ6N53", "TimeCreated": "2023-12-31 06:48:08.845043+00:00", "RecordID": "479", "Level": "2", "UserID": "S-1-5-18", "EventData.SessionName": "Microsoft.Windows.WindowsUpdate.RUXIMLog", "EventData.FileName": null, "EventData.ErrorCode": "3221225525", "EventData.LoggingMode": "268460034"}
{"EventID": "2", "Channel": "Microsoft-Windows-Kernel-EventTracing/Admin", "Provider_Name": "Microsoft-Windows-Kernel-EventTracing", "Computer": "DESKTOP-OFJ6N53", "TimeCreated": "2024-01-01 06:48:16.325090+00:00", "RecordID": "480", "Level": "2", "UserID": "S-1-5-18", "EventData.SessionName": "Microsoft.Windows.WindowsUpdate.RUXIMLog", "EventData.FileName": null, "EventData.ErrorCode": "3221225525", "EventData.LoggingMode": "268460034"}
{"EventID": "2", "Channel": "Microsoft-Windows-Kernel-EventTracing/Admin", "Provider_Name": "Microsoft-Windows-Kernel-EventTracing", "Computer": "DESKTOP-OFJ6N53", "TimeCreated": "2024-01-02 06:48:22.834497+00:00", "RecordID": "481", "Level": "2", "UserID": "S-1-5-18", "EventData.SessionName": "Microsoft.Windows.WindowsUpdate.RUXIMLog", "EventData.FileName": null, "EventData.ErrorCode": "3221225525", "EventData.LoggingMode": "268460034"}
{"EventID": "2", "Channel": "Microsoft-Windows-Kernel-EventTracing/Admin", "Provider_Name": "Microsoft-Windows-Kernel-EventTracing", "Computer": "DESKTOP-OFJ6N53", "TimeCreated": "2024-01-03 10:33:19.068645+00:00", "RecordID": "482", "Level": "2", "UserID": "S-1-5-18", "EventData.SessionName": "Microsoft.Windows.WindowsUpdate.RUXIMLog", "EventData.FileName": null, "EventData.ErrorCode": "3221225525", "EventData.LoggingMode": "268460034"}
{"EventID": "2", "Channel": "Microsoft-Windows-Kernel-EventTracing/Admin", "Provider_Name": "Microsoft-Windows-Kernel-EventTracing", "Computer": "DESKTOP-OFJ6N53", "TimeCreated": "2024-01-03 20:44:49.739746+00:00", "RecordID": "483", "Level": "2", "UserID": "S-1-5-18", "EventData.SessionName": "Microsoft.Windows.Remediation", "EventData.FileName": null, "EventData.ErrorCode": "3221225525", "EventData.LoggingMode": "268460034"}
{"EventID": "2", "Channel": "Microsoft-Windows-Kernel-EventTracing/Admin", "Provider_Name": "Microsoft-Windows-Kernel-EventTracing", "Computer": "DESKTOP-OFJ6N53", "TimeCreated": "2024-01-04 10:33:26.779022+00:00", "RecordID": "484", "Level": "2", "UserID": "S-1-5-18", "EventData.SessionName": "Microsoft.Windows.WindowsUpdate.RUXIMLog", "EventData.FileName": null, "EventData.ErrorCode": "3221225525", "EventData.LoggingMode": "268460034"}
{"EventID": "2", "Channel": "Microsoft-Windows-Kernel-EventTracing/Admin", "Provider_Name": "Microsoft-Windows-Kernel-EventTracing", "Computer": "DESKTOP-OFJ6N53", "TimeCreated": "2024-01-05 13:54:01.393356+00:00", "RecordID": "485", "Level": "2", "UserID": "S-1-5-18", "EventData.SessionName": "Microsoft.Windows.WindowsUpdate.RUXIMLog", "EventData.FileName": null, "EventData.ErrorCode": "3221225525", "EventData.LoggingMode": "268460034"}
{"EventID": "2", "Channel": "Microsoft-Windows-Kernel-EventTracing/Admin", "Provider_Name": "Microsoft-Windows-Kernel-EventTracing", "Computer": "DESKTOP-OFJ6N53", "TimeCreated": "2024-01-06 13:54:08.646915+00:00", "RecordID": "486", "Level": "2", "UserID": "S-1-5-18", "EventData.SessionName": "Microsoft.Windows.WindowsUpdate.RUXIMLog", "EventData.FileName": null, "EventData.ErrorCode": "3221225525", "EventData.LoggingMode": "268460034"}
{"EventID": "2", "Channel": "Microsoft-Windows-Kernel-EventTracing/Admin", "Provider_Name": "Microsoft-Windows-Kernel-EventTracing", "Computer": "DESKTOP-OFJ6N53", "TimeCreated": "2024-01-07 01:03:41.679424+00:00", "RecordID": "487", "Level": "2", "UserID": "S-1-5-18", "EventData.SessionName": "Microsoft.Windows.Remediation", "EventData.FileName": null, "EventData.ErrorCode": "3221225525", "EventData.LoggingMode": "268460034"}
{"EventID": "2", "Channel": "Microsoft-Windows-Kernel-EventTracing/Admin", "Provider_Name": "Microsoft-Windows-Kernel-EventTracing", "Computer": "DESKTOP-OFJ6N53", "TimeCreated": "2024-01-07 13:54:15.999523+00:00", "RecordID": "488", "Level": "2", "UserID": "S-1-5-18", "EventData.SessionName": "Microsoft.Windows.WindowsUpdate.RUXIMLog", "EventData.FileName": null, "EventData.ErrorCode": "3221225525", "EventData.LoggingMode": "268460034"}
{"EventID": "2", "Channel": "Microsoft-Windows-Kernel-EventTracing/Admin", "Provider_Name": "Microsoft-Windows-Kernel-EventTracing", "Computer": "DESKTOP-OFJ6N53", "TimeCreated": "2024-01-08 13:54:24.133699+00:00", "RecordID": "489", "Level": "2", "UserID": "S-1-5-18", "EventData.SessionName": "Microsoft.Windows.WindowsUpdate.RUXIMLog", "EventData.FileName": null, "EventData.ErrorCode": "3221225525", "EventData.LoggingMode": "268460034"}
{"EventID": "2", "Channel": "Microsoft-Windows-Kernel-EventTracing/Admin", "Provider_Name": "Microsoft-Windows-Kernel-EventTracing", "Computer": "DESKTOP-OFJ6N53", "TimeCreated": "2024-01-09 13:54:31.445553+00:00", "RecordID": "490", "Level": "2", "UserID": "S-1-5-18", "EventData.SessionName": "Microsoft.Windows.WindowsUpdate.RUXIMLog", "EventData.FileName": null, "EventData.ErrorCode": "3221225525", "EventData.LoggingMode": "268460034"}
{"EventID": "4", "Channel": "Microsoft-Windows-Kernel-EventTracing/Admin", "Provider_Name": "Microsoft-Windows-Kernel-EventTracing", "Computer": "DESKTOP-OFJ6N53", "TimeCreated": "2024-01-10 01:10:13.104719+00:00", "RecordID": "491", "Level": "3", "UserID": "S-1-5-18", "EventData.SessionName": "Diagtrack-Listener", "EventData.FileName": "C:\\Windows\\System32\\LogFiles\\WMI\\Diagtrack-Listener.etl.001", "EventData.ErrorCode": "3221225864", "EventData.LoggingMode": "142606353", "EventData.MaxFileSize": "33554432"}
{"EventID": "3", "Channel": "Microsoft-Windows-Kernel-EventTracing/Admin", "Provider_Name": "Microsoft-Windows-Kernel-EventTracing", "Computer": "DESKTOP-OFJ6N53", "TimeCreated": "2024-01-10 01:10:13.104725+00:00", "RecordID": "492", "Level": "2", "UserID": "S-1-5-18", "EventData.SessionName": "Diagtrack-Listener", "EventData.FileName": "C:\\Windows\\System32\\LogFiles\\WMI\\Diagtrack-Listener.etl.001", "EventData.ErrorCode": "3221225864", "EventData.LoggingMode": "142606353", "EventData.FailureReason": "0"}
{"EventID": "2", "Channel": "Microsoft-Windows-Kernel-EventTracing/Admin", "Provider_Name": "Microsoft-Windows-Kernel-EventTracing", "Computer": "DESKTOP-OFJ6N53", "TimeCreated": "2024-01-10 13:54:37.422150+00:00", "RecordID": "493", "Level": "2", "UserID": "S-1-5-18", "EventData.SessionName": "Microsoft.Windows.WindowsUpdate.RUXIMLog", "EventData.FileName": null, "EventData.ErrorCode": "3221225525", "EventData.LoggingMode": "268460034"}
{"EventID": "2", "Channel": "Microsoft-Windows-Kernel-EventTracing/Admin", "Provider_Name": "Microsoft-Windows-Kernel-EventTracing", "Computer": "DESKTOP-OFJ6N53", "TimeCreated": "2024-01-11 08:58:30.866606+00:00", "RecordID": "494", "Level": "2", "UserID": "S-1-5-18", "EventData.SessionName": "Microsoft.Windows.Remediation", "EventData.FileName": null, "EventData.ErrorCode": "3221225525", "EventData.LoggingMode": "268460034"}
{"EventID": "2", "Channel": "Microsoft-Windows-Kernel-EventTracing/Admin", "Provider_Name": "Microsoft-Windows-Kernel-EventTracing", "Computer": "DESKTOP-OFJ6N53", "TimeCreated": "2024-01-11 15:00:14.533958+00:00", "RecordID": "495", "Level": "2", "UserID": "S-1-5-18", "EventData.SessionName": "Microsoft.Windows.WindowsUpdate.RUXIMLog", "EventData.FileName": null, "EventData.ErrorCode": "3221225525", "EventData.LoggingMode": "268460034"}
{"EventID": "2", "Channel": "Microsoft-Windows-Kernel-EventTracing/Admin", "Provider_Name": "Microsoft-Windows-Kernel-EventTracing", "Computer": "DESKTOP-OFJ6N53", "TimeCreated": "2024-01-12 15:00:20.338898+00:00", "RecordID": "496", "Level": "2", "UserID": "S-1-5-18", "EventData.SessionName": "Microsoft.Windows.WindowsUpdate.RUXIMLog", "EventData.FileName": null, "EventData.ErrorCode": "3221225525", "EventData.LoggingMode": "268460034"}
{"EventID": "2", "Channel": "Microsoft-Windows-Kernel-EventTracing/Admin", "Provider_Name": "Microsoft-Windows-Kernel-EventTracing", "Computer": "DESKTOP-OFJ6N53", "TimeCreated": "2024-01-13 18:07:41.173670+00:00", "RecordID": "497", "Level": "2", "UserID": "S-1-5-18", "EventData.SessionName": "Microsoft.Windows.WindowsUpdate.RUXIMLog", "EventData.FileName": null, "EventData.ErrorCode": "3221225525", "EventData.LoggingMode": "268460034"}
{"EventID": "2", "Channel": "Microsoft-Windows-Kernel-EventTracing/Admin", "Provider_Name": "Microsoft-Windows-Kernel-EventTracing", "Computer": "DESKTOP-OFJ6N53", "TimeCreated": "2024-01-14 02:01:13.569559+00:00", "RecordID": "498", "Level": "2", "UserID": "S-1-5-18", "EventData.SessionName": "Microsoft.Windows.Remediation", "EventData.FileName": null, "EventData.ErrorCode": "3221225525", "EventData.LoggingMode": "268460034"}
{"EventID": "2", "Channel": "Microsoft-Windows-Kernel-EventTracing/Admin", "Provider_Name": "Microsoft-Windows-Kernel-EventTracing", "Computer": "DESKTOP-OFJ6N53", "TimeCreated": "2024-01-14 18:07:49.237467+00:00", "RecordID": "499", "Level": "2", "UserID": "S-1-5-18", "EventData.SessionName": "Microsoft.Windows.WindowsUpdate.RUXIMLog", "EventData.FileName": null, "EventData.ErrorCode": "3221225525", "EventData.LoggingMode": "268460034"}
{"EventID": "4", "Channel": "Microsoft-Windows-Kernel-EventTracing/Admin", "Provider_Name": "Microsoft-Windows-Kernel-EventTracing", "Computer": "DESKTOP-OFJ6N53", "TimeCreated": "2024-01-15 19:31:03.265976+00:00", "RecordID": "500", "Level": "3", "UserID": "S-1-5-18", "EventData.SessionName": "Diagtrack-Listener", "EventData.FileName": "C:\\Windows\\System32\\LogFiles\\WMI\\Diagtrack-Listener.etl.002", "EventData.ErrorCode": "3221225864", "EventData.LoggingMode": "142606353", "EventData.MaxFileSize": "33554432"}
{"EventID": "3", "Channel": "Microsoft-Windows-Kernel-EventTracing/Admin", "Provider_Name": "Microsoft-Windows-Kernel-EventTracing", "Computer": "DESKTOP-OFJ6N53", "TimeCreated": "2024-01-15 19:31:03.265978+00:00", "RecordID": "501", "Level": "2", "UserID": "S-1-5-18", "EventData.SessionName": "Diagtrack-Listener", "EventData.FileName": "C:\\Windows\\System32\\LogFiles\\WMI\\Diagtrack-Listener.etl.002", "EventData.ErrorCode": "3221225864", "EventData.LoggingMode": "142606353", "EventData.FailureReason": "0"}
{"EventID": "2", "Channel": "Microsoft-Windows-Kernel-EventTracing/Admin", "Provider_Name": "Microsoft-Windows-Kernel-EventTracing", "Computer": "DESKTOP-OFJ6N53", "TimeCreated": "2024-01-15 21:26:48.506182+00:00", "RecordID": "502", "Level": "2", "UserID": "S-1-5-18", "EventData.SessionName": "Microsoft.Windows.WindowsUpdate.RUXIMLog", "EventData.FileName": null, "EventData.ErrorCode": "3221225525", "EventData.LoggingMode": "268460034"}
{"EventID": "2", "Channel": "Microsoft-Windows-Kernel-EventTracing/Admin", "Provider_Name": "Microsoft-Windows-Kernel-EventTracing", "Computer": "DESKTOP-OFJ6N53", "TimeCreated": "2024-01-16 21:26:56.025234+00:00", "RecordID": "503", "Level": "2", "UserID": "S-1-5-18", "EventData.SessionName": "Microsoft.Windows.WindowsUpdate.RUXIMLog", "EventData.FileName": null, "EventData.ErrorCode": "3221225525", "EventData.LoggingMode": "268460034"}
{"EventID": "2", "Channel": "Microsoft-Windows-Kernel-EventTracing/Admin", "Provider_Name": "Microsoft-Windows-Kernel-EventTracing", "Computer": "DESKTOP-OFJ6N53", "TimeCreated": "2024-01-17 21:27:03.923151+00:00", "RecordID": "504", "Level": "2", "UserID": "S-1-5-18", "EventData.SessionName": "Microsoft.Windows.WindowsUpdate.RUXIMLog", "EventData.FileName": null, "EventData.ErrorCode": "3221225525", "EventData.LoggingMode": "268460034"}
{"EventID": "2", "Channel": "Microsoft-Windows-Kernel-EventTracing/Admin", "Provider_Name": "Microsoft-Windows-Kernel-EventTracing", "Computer": "DESKTOP-OFJ6N53", "TimeCreated": "2024-01-18 20:58:32.079426+00:00", "RecordID": "505", "Level": "2", "UserID": "S-1-5-18", "EventData.SessionName": "Microsoft.Windows.Remediation", "EventData.FileName": null, "EventData.ErrorCode": "3221225525", "EventData.LoggingMode": "268460034"}
{"EventID": "2", "Channel": "Microsoft-Windows-Kernel-EventTracing/Admin", "Provider_Name": "Microsoft-Windows-Kernel-EventTracing", "Computer": "DESKTOP-OFJ6N53", "TimeCreated": "2024-01-18 21:27:13.033224+00:00", "RecordID": "506", "Level": "2", "UserID": "S-1-5-18", "EventData.SessionName": "Microsoft.Windows.WindowsUpdate.RUXIMLog", "EventData.FileName": null, "EventData.ErrorCode": "3221225525", "EventData.LoggingMode": "268460034"}
{"EventID": "2", "Channel": "Microsoft-Windows-Kernel-EventTracing/Admin", "Provider_Name": "Microsoft-Windows-Kernel-EventTracing", "Computer": "DESKTOP-OFJ6N53", "TimeCreated": "2024-01-19 21:27:20.558680+00:00", "RecordID": "507", "Level": "2", "UserID": "S-1-5-18", "EventData.SessionName": "Microsoft.Windows.WindowsUpdate.RUXIMLog", "EventData.FileName": null, "EventData.ErrorCode": "3221225525", "EventData.LoggingMode": "268460034"}
{"EventID": "2", "Channel": "Microsoft-Windows-Kernel-EventTracing/Admin", "Provider_Name": "Microsoft-Windows-Kernel-EventTracing", "Computer": "DESKTOP-OFJ6N53", "TimeCreated": "2024-01-20 21:27:27.985857+00:00", "RecordID": "508", "Level": "2", "UserID": "S-1-5-18", "EventData.SessionName": "Microsoft.Windows.WindowsUpdate.RUXIMLog", "EventData.FileName": null, "EventData.ErrorCode": "3221225525", "EventData.LoggingMode": "268460034"}
{"EventID": "2", "Channel": "Microsoft-Windows-Kernel-EventTracing/Admin", "Provider_Name": "Microsoft-Windows-Kernel-EventTracing", "Computer": "DESKTOP-OFJ6N53", "TimeCreated": "2024-01-21 03:32:20.332710+00:00", "RecordID": "509", "Level": "2", "UserID": "S-1-5-18", "EventData.SessionName": "Microsoft.Windows.Remediation", "EventData.FileName": null, "EventData.ErrorCode": "3221225525", "EventData.LoggingMode": "268460034"}
{"EventID": "2", "Channel": "Microsoft-Windows-Kernel-EventTracing/Admin", "Provider_Name": "Microsoft-Windows-Kernel-EventTracing", "Computer": "DESKTOP-OFJ6N53", "TimeCreated": "2024-01-21 21:27:35.932848+00:00", "RecordID": "510", "Level": "2", "UserID": "S-1-5-18", "EventData.SessionName": "Microsoft.Windows.WindowsUpdate.RUXIMLog", "EventData.FileName": null, "EventData.ErrorCode": "3221225525", "EventData.LoggingMode": "268460034"}
{"EventID": "2", "Channel": "Microsoft-Windows-Kernel-EventTracing/Admin", "Provider_Name": "Microsoft-Windows-Kernel-EventTracing", "Computer": "DESKTOP-OFJ6N53", "TimeCreated": "2024-01-22 21:27:43.325077+00:00", "RecordID": "511", "Level": "2", "UserID": "S-1-5-18", "EventData.SessionName": "Microsoft.Windows.WindowsUpdate.RUXIMLog", "EventData.FileName": null, "EventData.ErrorCode": "3221225525", "EventData.LoggingMode": "268460034"}
{"EventID": "2", "Channel": "Microsoft-Windows-Kernel-EventTracing/Admin", "Provider_Name": "Microsoft-Windows-Kernel-EventTracing", "Computer": "DESKTOP-OFJ6N53", "TimeCreated": "2024-01-23 21:27:49.936901+00:00", "RecordID": "512", "Level": "2", "UserID": "S-1-5-18", "EventData.SessionName": "Microsoft.Windows.WindowsUpdate.RUXIMLog", "EventData.FileName": null, "EventData.ErrorCode": "3221225525", "EventData.LoggingMode": "268460034"}
{"EventID": "2", "Channel": "Microsoft-Windows-Kernel-EventTracing/Admin", "Provider_Name": "Microsoft-Windows-Kernel-EventTracing", "Computer": "DESKTOP-OFJ6N53", "TimeCreated": "2024-01-24 21:27:58.004234+00:00", "RecordID": "513", "Level": "2", "UserID": "S-1-5-18", "EventData.SessionName": "Microsoft.Windows.WindowsUpdate.RUXIMLog", "EventData.FileName": null, "EventData.ErrorCode": "3221225525", "EventData.LoggingMode": "268460034"}
{"EventID": "2", "Channel": "Microsoft-Windows-Kernel-EventTracing/Admin", "Provider_Name": "Microsoft-Windows-Kernel-EventTracing", "Computer": "DESKTOP-OFJ6N53", "TimeCreated": "2024-01-25 21:28:05.392914+00:00", "RecordID": "514", "Level": "2", "UserID": "S-1-5-18", "EventData.SessionName": "Microsoft.Windows.WindowsUpdate.RUXIMLog", "EventData.FileName": null, "EventData.ErrorCode": "3221225525", "EventData.LoggingMode": "268460034"}
{"EventID": "2", "Channel": "Microsoft-Windows-Kernel-EventTracing/Admin", "Provider_Name": "Microsoft-Windows-Kernel-EventTracing", "Computer": "DESKTOP-OFJ6N53", "TimeCreated": "2024-01-26 08:58:32.966866+00:00", "RecordID": "515", "Level": "2", "UserID": "S-1-5-18", "EventData.SessionName": "Microsoft.Windows.Remediation", "EventData.FileName": null, "EventData.ErrorCode": "3221225525", "EventData.LoggingMode": "268460034"}
{"EventID": "2", "Channel": "Microsoft-Windows-Kernel-EventTracing/Admin", "Provider_Name": "Microsoft-Windows-Kernel-EventTracing", "Computer": "DESKTOP-OFJ6N53", "TimeCreated": "2024-01-26 21:28:13.184582+00:00", "RecordID": "516", "Level": "2", "UserID": "S-1-5-18", "EventData.SessionName": "Microsoft.Windows.WindowsUpdate.RUXIMLog", "EventData.FileName": null, "EventData.ErrorCode": "3221225525", "EventData.LoggingMode": "268460034"}
{"EventID": "2", "Channel": "Microsoft-Windows-Kernel-EventTracing/Admin", "Provider_Name": "Microsoft-Windows-Kernel-EventTracing", "Computer": "DESKTOP-OFJ6N53", "TimeCreated": "2024-01-27 21:28:20.195852+00:00", "RecordID": "517", "Level": "2", "UserID": "S-1-5-18", "EventData.SessionName": "Microsoft.Windows.WindowsUpdate.RUXIMLog", "EventData.FileName": null, "EventData.ErrorCode": "3221225525", "EventData.LoggingMode": "268460034"}
{"EventID": "2", "Channel": "Microsoft-Windows-Kernel-EventTracing/Admin", "Provider_Name": "Microsoft-Windows-Kernel-EventTracing", "Computer": "DESKTOP-OFJ6N53", "TimeCreated": "2024-01-28 02:09:28.785736+00:00", "RecordID": "518", "Level": "2", "UserID": "S-1-5-18", "EventData.SessionName": "Microsoft.Windows.Remediation", "EventData.FileName": null, "EventData.ErrorCode": "3221225525", "EventData.LoggingMode": "268460034"}
{"EventID": "2", "Channel": "Microsoft-Windows-Kernel-EventTracing/Admin", "Provider_Name": "Microsoft-Windows-Kernel-EventTracing", "Computer": "DESKTOP-OFJ6N53", "TimeCreated": "2024-01-28 21:28:26.504364+00:00", "RecordID": "519", "Level": "2", "UserID": "S-1-5-18", "EventData.SessionName": "Microsoft.Windows.WindowsUpdate.RUXIMLog", "EventData.FileName": null, "EventData.ErrorCode": "3221225525", "EventData.LoggingMode": "268460034"}
{"EventID": "2", "Channel": "Microsoft-Windows-Kernel-EventTracing/Admin", "Provider_Name": "Microsoft-Windows-Kernel-EventTracing", "Computer": "DESKTOP-OFJ6N53", "TimeCreated": "2024-01-29 21:28:33.620096+00:00", "RecordID": "520", "Level": "2", "UserID": "S-1-5-18", "EventData.SessionName": "Microsoft.Windows.WindowsUpdate.RUXIMLog", "EventData.FileName": null, "EventData.ErrorCode": "3221225525", "EventData.LoggingMode": "268460034"}
{"EventID": "2", "Channel": "Microsoft-Windows-Kernel-EventTracing/Admin", "Provider_Name": "Microsoft-Windows-Kernel-EventTracing", "Computer": "DESKTOP-OFJ6N53", "TimeCreated": "2024-01-31 01:27:57.683247+00:00", "RecordID": "521", "Level": "2", "UserID": "S-1-5-18", "EventData.SessionName": "Microsoft.Windows.WindowsUpdate.RUXIMLog", "EventData.FileName": null, "EventData.ErrorCode": "3221225525", "EventData.LoggingMode": "268460034"}
{"EventID": "2", "Channel": "Microsoft-Windows-Kernel-EventTracing/Admin", "Provider_Name": "Microsoft-Windows-Kernel-EventTracing", "Computer": "DESKTOP-OFJ6N53", "TimeCreated": "2024-02-01 01:28:06.391947+00:00", "RecordID": "522", "Level": "2", "UserID": "S-1-5-18", "EventData.SessionName": "Microsoft.Windows.WindowsUpdate.RUXIMLog", "EventData.FileName": null, "EventData.ErrorCode": "3221225525", "EventData.LoggingMode": "268460034"}
{"EventID": "2", "Channel": "Microsoft-Windows-Kernel-EventTracing/Admin", "Provider_Name": "Microsoft-Windows-Kernel-EventTracing", "Computer": "DESKTOP-OFJ6N53", "TimeCreated": "2024-02-02 01:28:13.564468+00:00", "RecordID": "523", "Level": "2", "UserID": "S-1-5-18", "EventData.SessionName": "Microsoft.Windows.WindowsUpdate.RUXIMLog", "EventData.FileName": null, "EventData.ErrorCode": "3221225525", "EventData.LoggingMode": "268460034"}
{"EventID": "2", "Channel": "Microsoft-Windows-Kernel-EventTracing/Admin", "Provider_Name": "Microsoft-Windows-Kernel-EventTracing", "Computer": "DESKTOP-OFJ6N53", "TimeCreated": "2024-02-02 20:58:33.620672+00:00", "RecordID": "524", "Level": "2", "UserID": "S-1-5-18", "EventData.SessionName": "Microsoft.Windows.Remediation", "EventData.FileName": null, "EventData.ErrorCode": "3221225525", "EventData.LoggingMode": "268460034"}
{"EventID": "2", "Channel": "Microsoft-Windows-Kernel-EventTracing/Admin", "Provider_Name": "Microsoft-Windows-Kernel-EventTracing", "Computer": "DESKTOP-OFJ6N53", "TimeCreated": "2024-02-03 01:28:20.840410+00:00", "RecordID": "525", "Level": "2", "UserID": "S-1-5-18", "EventData.SessionName": "Microsoft.Windows.WindowsUpdate.RUXIMLog", "EventData.FileName": null, "EventData.ErrorCode": "3221225525", "EventData.LoggingMode": "268460034"}
{"EventID": "2", "Channel": "Microsoft-Windows-Kernel-EventTracing/Admin", "Provider_Name": "Microsoft-Windows-Kernel-EventTracing", "Computer": "DESKTOP-OFJ6N53", "TimeCreated": "2024-02-04 01:28:28.805643+00:00", "RecordID": "526", "Level": "2", "UserID": "S-1-5-18", "EventData.SessionName": "Microsoft.Windows.WindowsUpdate.RUXIMLog", "EventData.FileName": null, "EventData.ErrorCode": "3221225525", "EventData.LoggingMode": "268460034"}
{"EventID": "2", "Channel": "Microsoft-Windows-Kernel-EventTracing/Admin", "Provider_Name": "Microsoft-Windows-Kernel-EventTracing", "Computer": "DESKTOP-OFJ6N53", "TimeCreated": "2024-02-04 01:58:54.144423+00:00", "RecordID": "527", "Level": "2", "UserID": "S-1-5-18", "EventData.SessionName": "Microsoft.Windows.Remediation", "EventData.FileName": null, "EventData.ErrorCode": "3221225525", "EventData.LoggingMode": "268460034"}
{"EventID": "2", "Channel": "Microsoft-Windows-Kernel-EventTracing/Admin", "Provider_Name": "Microsoft-Windows-Kernel-EventTracing", "Computer": "DESKTOP-OFJ6N53", "TimeCreated": "2024-02-05 01:28:36.172123+00:00", "RecordID": "528", "Level": "2", "UserID": "S-1-5-18", "EventData.SessionName": "Microsoft.Windows.WindowsUpdate.RUXIMLog", "EventData.FileName": null, "EventData.ErrorCode": "3221225525", "EventData.LoggingMode": "268460034"}
{"EventID": "2", "Channel": "Microsoft-Windows-Kernel-EventTracing/Admin", "Provider_Name": "Microsoft-Windows-Kernel-EventTracing", "Computer": "DESKTOP-OFJ6N53", "TimeCreated": "2024-02-06 01:28:42.977566+00:00", "RecordID": "529", "Level": "2", "UserID": "S-1-5-18", "EventData.SessionName": "Microsoft.Windows.WindowsUpdate.RUXIMLog", "EventData.FileName": null, "EventData.ErrorCode": "3221225525", "EventData.LoggingMode": "268460034"}
{"EventID": "2", "Channel": "Microsoft-Windows-Kernel-EventTracing/Admin", "Provider_Name": "Microsoft-Windows-Kernel-EventTracing", "Computer": "DESKTOP-OFJ6N53", "TimeCreated": "2024-02-07 01:28:50.025938+00:00", "RecordID": "530", "Level": "2", "UserID": "S-1-5-18", "EventData.SessionName": "Microsoft.Windows.WindowsUpdate.RUXIMLog", "EventData.FileName": null, "EventData.ErrorCode": "3221225525", "EventData.LoggingMode": "268460034"}
{"EventID": "2", "Channel": "Microsoft-Windows-Kernel-EventTracing/Admin", "Provider_Name": "Microsoft-Windows-Kernel-EventTracing", "Computer": "DESKTOP-OFJ6N53", "TimeCreated": "2024-02-08 01:28:57.066032+00:00", "RecordID": "531", "Level": "2", "UserID": "S-1-5-18", "EventData.SessionName": "Microsoft.Windows.WindowsUpdate.RUXIMLog", "EventData.FileName": null, "EventData.ErrorCode": "3221225525", "EventData.LoggingMode": "268460034"}
{"EventID": "2", "Channel": "Microsoft-Windows-Kernel-EventTracing/Admin", "Provider_Name": "Microsoft-Windows-Kernel-EventTracing", "Computer": "DESKTOP-OFJ6N53", "TimeCreated": "2024-02-09 01:29:04.473434+00:00", "RecordID": "532", "Level": "2", "UserID": "S-1-5-18", "EventData.SessionName": "Microsoft.Windows.WindowsUpdate.RUXIMLog", "EventData.FileName": null, "EventData.ErrorCode": "3221225525", "EventData.LoggingMode": "268460034"}
{"EventID": "2", "Channel": "Microsoft-Windows-Kernel-EventTracing/Admin", "Provider_Name": "Microsoft-Windows-Kernel-EventTracing", "Computer": "DESKTOP-OFJ6N53", "TimeCreated": "2024-02-10 01:29:12.254946+00:00", "RecordID": "533", "Level": "2", "UserID": "S-1-5-18", "EventData.SessionName": "Microsoft.Windows.WindowsUpdate.RUXIMLog", "EventData.FileName": null, "EventData.ErrorCode": "3221225525", "EventData.LoggingMode": "268460034"}
{"EventID": "2", "Channel": "Microsoft-Windows-Kernel-EventTracing/Admin", "Provider_Name": "Microsoft-Windows-Kernel-EventTracing", "Computer": "DESKTOP-OFJ6N53", "TimeCreated": "2024-02-10 08:58:33.814297+00:00", "RecordID": "534", "Level": "2", "UserID": "S-1-5-18", "EventData.SessionName": "Microsoft.Windows.Remediation", "EventData.FileName": null, "EventData.ErrorCode": "3221225525", "EventData.LoggingMode": "268460034"}
{"EventID": "2", "Channel": "Microsoft-Windows-Kernel-EventTracing/Admin", "Provider_Name": "Microsoft-Windows-Kernel-EventTracing", "Computer": "DESKTOP-OFJ6N53", "TimeCreated": "2024-02-11 01:29:21.427975+00:00", "RecordID": "535", "Level": "2", "UserID": "S-1-5-18", "EventData.SessionName": "Microsoft.Windows.WindowsUpdate.RUXIMLog", "EventData.FileName": null, "EventData.ErrorCode": "3221225525", "EventData.LoggingMode": "268460034"}
{"EventID": "2", "Channel": "Microsoft-Windows-Kernel-EventTracing/Admin", "Provider_Name": "Microsoft-Windows-Kernel-EventTracing", "Computer": "DESKTOP-OFJ6N53", "TimeCreated": "2024-02-12 01:29:29.573235+00:00", "RecordID": "536", "Level": "2", "UserID": "S-1-5-18", "EventData.SessionName": "Microsoft.Windows.WindowsUpdate.RUXIMLog", "EventData.FileName": null, "EventData.ErrorCode": "3221225525", "EventData.LoggingMode": "268460034"}
{"EventID": "2", "Channel": "Microsoft-Windows-Kernel-EventTracing/Admin", "Provider_Name": "Microsoft-Windows-Kernel-EventTracing", "Computer": "DESKTOP-OFJ6N53", "TimeCreated": "2024-02-13 01:29:36.983654+00:00", "RecordID": "537", "Level": "2", "UserID": "S-1-5-18", "EventData.SessionName": "Microsoft.Windows.WindowsUpdate.RUXIMLog", "EventData.FileName": null, "EventData.ErrorCode": "3221225525", "EventData.LoggingMode": "268460034"}
{"EventID": "2", "Channel": "Microsoft-Windows-Kernel-EventTracing/Admin", "Provider_Name": "Microsoft-Windows-Kernel-EventTracing", "Computer": "DESKTOP-OFJ6N53", "TimeCreated": "2024-02-14 01:29:45.661163+00:00", "RecordID": "538", "Level": "2", "UserID": "S-1-5-18", "EventData.SessionName": "Microsoft.Windows.WindowsUpdate.RUXIMLog", "EventData.FileName": null, "EventData.ErrorCode": "3221225525", "EventData.LoggingMode": "268460034"}
{"EventID": "2", "Channel": "Microsoft-Windows-Kernel-EventTracing/Admin", "Provider_Name": "Microsoft-Windows-Kernel-EventTracing", "Computer": "DESKTOP-OFJ6N53", "TimeCreated": "2024-02-15 01:29:52.952915+00:00", "RecordID": "539", "Level": "2", "UserID": "S-1-5-18", "EventData.SessionName": "Microsoft.Windows.WindowsUpdate.RUXIMLog", "EventData.FileName": null, "EventData.ErrorCode": "3221225525", "EventData.LoggingMode": "268460034"}
{"EventID": "2", "Channel": "Microsoft-Windows-Kernel-EventTracing/Admin", "Provider_Name": "Microsoft-Windows-Kernel-EventTracing", "Computer": "DESKTOP-OFJ6N53", "TimeCreated": "2024-02-16 03:30:53.574083+00:00", "RecordID": "540", "Level": "2", "UserID": "S-1-5-18", "EventData.SessionName": "Microsoft.Windows.WindowsUpdate.RUXIMLog", "EventData.FileName": null, "EventData.ErrorCode": "3221225525", "EventData.LoggingMode": "268460034"}
{"EventID": "2", "Channel": "Microsoft-Windows-Kernel-EventTracing/Admin", "Provider_Name": "Microsoft-Windows-Kernel-EventTracing", "Computer": "DESKTOP-OFJ6N53", "TimeCreated": "2024-02-17 06:31:47.198246+00:00", "RecordID": "541", "Level": "2", "UserID": "S-1-5-18", "EventData.SessionName": "Microsoft.Windows.WindowsUpdate.RUXIMLog", "EventData.FileName": null, "EventData.ErrorCode": "3221225525", "EventData.LoggingMode": "268460034"}
{"EventID": "2", "Channel": "Microsoft-Windows-Kernel-EventTracing/Admin", "Provider_Name": "Microsoft-Windows-Kernel-EventTracing", "Computer": "DESKTOP-OFJ6N53", "TimeCreated": "2024-02-17 21:26:59.597599+00:00", "RecordID": "542", "Level": "2", "UserID": "S-1-5-18", "EventData.SessionName": "Microsoft.Windows.Remediation", "EventData.FileName": null, "EventData.ErrorCode": "3221225525", "EventData.LoggingMode": "268460034"}
{"EventID": "2", "Channel": "Microsoft-Windows-Kernel-EventTracing/Admin", "Provider_Name": "Microsoft-Windows-Kernel-EventTracing", "Computer": "DESKTOP-OFJ6N53", "TimeCreated": "2024-02-18 06:31:55.315104+00:00", "RecordID": "543", "Level": "2", "UserID": "S-1-5-18", "EventData.SessionName": "Microsoft.Windows.WindowsUpdate.RUXIMLog", "EventData.FileName": null, "EventData.ErrorCode": "3221225525", "EventData.LoggingMode": "268460034"}
{"EventID": "2", "Channel": "Microsoft-Windows-Kernel-EventTracing/Admin", "Provider_Name": "Microsoft-Windows-Kernel-EventTracing", "Computer": "DESKTOP-OFJ6N53", "TimeCreated": "2024-02-19 09:37:47.174049+00:00", "RecordID": "544", "Level": "2", "UserID": "S-1-5-18", "EventData.SessionName": "Microsoft.Windows.WindowsUpdate.RUXIMLog", "EventData.FileName": null, "EventData.ErrorCode": "3221225525", "EventData.LoggingMode": "268460034"}
{"EventID": "2", "Channel": "Microsoft-Windows-Kernel-EventTracing/Admin", "Provider_Name": "Microsoft-Windows-Kernel-EventTracing", "Computer": "DESKTOP-OFJ6N53", "TimeCreated": "2024-02-20 09:37:54.102161+00:00", "RecordID": "545", "Level": "2", "UserID": "S-1-5-18", "EventData.SessionName": "Microsoft.Windows.WindowsUpdate.RUXIMLog", "EventData.FileName": null, "EventData.ErrorCode": "3221225525", "EventData.LoggingMode": "268460034"}
{"EventID": "4", "Channel": "Microsoft-Windows-Kernel-EventTracing/Admin", "Provider_Name": "Microsoft-Windows-Kernel-EventTracing", "Computer": "DESKTOP-OFJ6N53", "TimeCreated": "2024-02-20 13:58:14.990265+00:00", "RecordID": "546", "Level": "3", "UserID": "S-1-5-18", "EventData.SessionName": "Diagtrack-Listener", "EventData.FileName": "C:\\Windows\\System32\\LogFiles\\WMI\\Diagtrack-Listener.etl.003", "EventData.ErrorCode": "3221225864", "EventData.LoggingMode": "142606353", "EventData.MaxFileSize": "33554432"}
{"EventID": "3", "Channel": "Microsoft-Windows-Kernel-EventTracing/Admin", "Provider_Name": "Microsoft-Windows-Kernel-EventTracing", "Computer": "DESKTOP-OFJ6N53", "TimeCreated": "2024-02-20 13:58:14.990269+00:00", "RecordID": "547", "Level": "2", "UserID": "S-1-5-18", "EventData.SessionName": "Diagtrack-Listener", "EventData.FileName": "C:\\Windows\\System32\\LogFiles\\WMI\\Diagtrack-Listener.etl.003", "EventData.ErrorCode": "3221225864", "EventData.LoggingMode": "142606353", "EventData.FailureReason": "0"}
{"EventID": "2", "Channel": "Microsoft-Windows-Kernel-EventTracing/Admin", "Provider_Name": "Microsoft-Windows-Kernel-EventTracing", "Computer": "DESKTOP-OFJ6N53", "TimeCreated": "2024-02-21 13:37:26.170166+00:00", "RecordID": "548", "Level": "2", "UserID": "S-1-5-18", "EventData.SessionName": "Microsoft.Windows.WindowsUpdate.RUXIMLog", "EventData.FileName": null, "EventData.ErrorCode": "3221225525", "EventData.LoggingMode": "268460034"}
{"EventID": "2", "Channel": "Microsoft-Windows-Kernel-EventTracing/Admin", "Provider_Name": "Microsoft-Windows-Kernel-EventTracing", "Computer": "DESKTOP-OFJ6N53", "TimeCreated": "2024-02-22 13:37:32.775270+00:00", "RecordID": "549", "Level": "2", "UserID": "S-1-5-18", "EventData.SessionName": "Microsoft.Windows.WindowsUpdate.RUXIMLog", "EventData.FileName": null, "EventData.ErrorCode": "3221225525", "EventData.LoggingMode": "268460034"}
{"EventID": "2", "Channel": "Microsoft-Windows-Kernel-EventTracing/Admin", "Provider_Name": "Microsoft-Windows-Kernel-EventTracing", "Computer": "DESKTOP-OFJ6N53", "TimeCreated": "2024-02-23 13:37:40.344891+00:00", "RecordID": "550", "Level": "2", "UserID": "S-1-5-18", "EventData.SessionName": "Microsoft.Windows.WindowsUpdate.RUXIMLog", "EventData.FileName": null, "EventData.ErrorCode": "3221225525", "EventData.LoggingMode": "268460034"}
{"EventID": "2", "Channel": "Microsoft-Windows-Kernel-EventTracing/Admin", "Provider_Name": "Microsoft-Windows-Kernel-EventTracing", "Computer": "DESKTOP-OFJ6N53", "TimeCreated": "2024-02-24 13:37:47.888853+00:00", "RecordID": "551", "Level": "2", "UserID": "S-1-5-18", "EventData.SessionName": "Microsoft.Windows.WindowsUpdate.RUXIMLog", "EventData.FileName": null, "EventData.ErrorCode": "3221225525", "EventData.LoggingMode": "268460034"}
{"EventID": "2", "Channel": "Microsoft-Windows-Kernel-EventTracing/Admin", "Provider_Name": "Microsoft-Windows-Kernel-EventTracing", "Computer": "DESKTOP-OFJ6N53", "TimeCreated": "2024-02-25 02:51:51.371181+00:00", "RecordID": "552", "Level": "2", "UserID": "S-1-5-18", "EventData.SessionName": "Microsoft.Windows.Remediation", "EventData.FileName": null, "EventData.ErrorCode": "3221225525", "EventData.LoggingMode": "268460034"}
{"EventID": "2", "Channel": "Microsoft-Windows-Kernel-EventTracing/Admin", "Provider_Name": "Microsoft-Windows-Kernel-EventTracing", "Computer": "DESKTOP-OFJ6N53", "TimeCreated": "2024-02-25 13:37:54.780844+00:00", "RecordID": "553", "Level": "2", "UserID": "S-1-5-18", "EventData.SessionName": "Microsoft.Windows.WindowsUpdate.RUXIMLog", "EventData.FileName": null, "EventData.ErrorCode": "3221225525", "EventData.LoggingMode": "268460034"}
{"EventID": "2", "Channel": "Microsoft-Windows-Kernel-EventTracing/Admin", "Provider_Name": "Microsoft-Windows-Kernel-EventTracing", "Computer": "DESKTOP-OFJ6N53", "TimeCreated": "2024-02-26 03:26:57.508415+00:00", "RecordID": "554", "Level": "2", "UserID": "S-1-5-18", "EventData.SessionName": "Microsoft.Windows.Remediation", "EventData.FileName": null, "EventData.ErrorCode": "3221225525", "EventData.LoggingMode": "268460034"}
{"EventID": "2", "Channel": "Microsoft-Windows-Kernel-EventTracing/Admin", "Provider_Name": "Microsoft-Windows-Kernel-EventTracing", "Computer": "DESKTOP-OFJ6N53", "TimeCreated": "2024-02-26 13:38:02.033335+00:00", "RecordID": "555", "Level": "2", "UserID": "S-1-5-18", "EventData.SessionName": "Microsoft.Windows.WindowsUpdate.RUXIMLog", "EventData.FileName": null, "EventData.ErrorCode": "3221225525", "EventData.LoggingMode": "268460034"}
{"EventID": "2", "Channel": "Microsoft-Windows-Kernel-EventTracing/Admin", "Provider_Name": "Microsoft-Windows-Kernel-EventTracing", "Computer": "DESKTOP-OFJ6N53", "TimeCreated": "2024-02-27 16:45:13.163034+00:00", "RecordID": "556", "Level": "2", "UserID": "S-1-5-18", "EventData.SessionName": "Microsoft.Windows.WindowsUpdate.RUXIMLog", "EventData.FileName": null, "EventData.ErrorCode": "3221225525", "EventData.LoggingMode": "268460034"}
{"EventID": "2", "Channel": "Microsoft-Windows-Kernel-EventTracing/Admin", "Provider_Name": "Microsoft-Windows-Kernel-EventTracing", "Computer": "DESKTOP-OFJ6N53", "TimeCreated": "2024-02-28 19:08:32.034105+00:00", "RecordID": "557", "Level": "2", "UserID": "S-1-5-18", "EventData.SessionName": "Microsoft.Windows.WindowsUpdate.RUXIMLog", "EventData.FileName": null, "EventData.ErrorCode": "3221225525", "EventData.LoggingMode": "268460034"}
{"EventID": "2", "Channel": "Microsoft-Windows-Kernel-EventTracing/Admin", "Provider_Name": "Microsoft-Windows-Kernel-EventTracing", "Computer": "DESKTOP-OFJ6N53", "TimeCreated": "2024-02-29 19:08:42.782688+00:00", "RecordID": "558", "Level": "2", "UserID": "S-1-5-18", "EventData.SessionName": "Microsoft.Windows.WindowsUpdate.RUXIMLog", "EventData.FileName": null, "EventData.ErrorCode": "3221225525", "EventData.LoggingMode": "268460034"}
{"EventID": "2", "Channel": "Microsoft-Windows-Kernel-EventTracing/Admin", "Provider_Name": "Microsoft-Windows-Kernel-EventTracing", "Computer": "DESKTOP-OFJ6N53", "TimeCreated": "2024-03-01 19:08:50.109961+00:00", "RecordID": "559", "Level": "2", "UserID": "S-1-5-18", "EventData.SessionName": "Microsoft.Windows.WindowsUpdate.RUXIMLog", "EventData.FileName": null, "EventData.ErrorCode": "3221225525", "EventData.LoggingMode": "268460034"}
{"EventID": "2", "Channel": "Microsoft-Windows-Kernel-EventTracing/Admin", "Provider_Name": "Microsoft-Windows-Kernel-EventTracing", "Computer": "DESKTOP-OFJ6N53", "TimeCreated": "2024-03-02 19:08:57.861347+00:00", "RecordID": "560", "Level": "2", "UserID": "S-1-5-18", "EventData.SessionName": "Microsoft.Windows.WindowsUpdate.RUXIMLog", "EventData.FileName": null, "EventData.ErrorCode": "3221225525", "EventData.LoggingMode": "268460034"}
{"EventID": "2", "Channel": "Microsoft-Windows-Kernel-EventTracing/Admin", "Provider_Name": "Microsoft-Windows-Kernel-EventTracing", "Computer": "DESKTOP-OFJ6N53", "TimeCreated": "2024-03-03 02:07:49.534096+00:00", "RecordID": "561", "Level": "2", "UserID": "S-1-5-18", "EventData.SessionName": "Microsoft.Windows.Remediation", "EventData.FileName": null, "EventData.ErrorCode": "3221225525", "EventData.LoggingMode": "268460034"}
{"EventID": "2", "Channel": "Microsoft-Windows-Kernel-EventTracing/Admin", "Provider_Name": "Microsoft-Windows-Kernel-EventTracing", "Computer": "DESKTOP-OFJ6N53", "TimeCreated": "2024-03-03 19:09:04.629917+00:00", "RecordID": "562", "Level": "2", "UserID": "S-1-5-18", "EventData.SessionName": "Microsoft.Windows.WindowsUpdate.RUXIMLog", "EventData.FileName": null, "EventData.ErrorCode": "3221225525", "EventData.LoggingMode": "268460034"}
{"EventID": "2", "Channel": "Microsoft-Windows-Kernel-EventTracing/Admin", "Provider_Name": "Microsoft-Windows-Kernel-EventTracing", "Computer": "DESKTOP-OFJ6N53", "TimeCreated": "2024-03-04 15:27:08.187456+00:00", "RecordID": "563", "Level": "2", "UserID": "S-1-5-18", "EventData.SessionName": "Microsoft.Windows.Remediation", "EventData.FileName": null, "EventData.ErrorCode": "3221225525", "EventData.LoggingMode": "268460034"}
{"EventID": "2", "Channel": "Microsoft-Windows-Kernel-EventTracing/Admin", "Provider_Name": "Microsoft-Windows-Kernel-EventTracing", "Computer": "DESKTOP-OFJ6N53", "TimeCreated": "2024-03-04 21:49:43.181274+00:00", "RecordID": "564", "Level": "2", "UserID": "S-1-5-18", "EventData.SessionName": "Microsoft.Windows.WindowsUpdate.RUXIMLog", "EventData.FileName": null, "EventData.ErrorCode": "3221225525", "EventData.LoggingMode": "268460034"}
{"EventID": "2", "Channel": "Microsoft-Windows-Kernel-EventTracing/Admin", "Provider_Name": "Microsoft-Windows-Kernel-EventTracing", "Computer": "DESKTOP-OFJ6N53", "TimeCreated": "2024-03-05 21:49:50.773668+00:00", "RecordID": "565", "Level": "2", "UserID": "S-1-5-18", "EventData.SessionName": "Microsoft.Windows.WindowsUpdate.RUXIMLog", "EventData.FileName": null, "EventData.ErrorCode": "3221225525", "EventData.LoggingMode": "268460034"}
{"EventID": "2", "Channel": "Microsoft-Windows-Kernel-EventTracing/Admin", "Provider_Name": "Microsoft-Windows-Kernel-EventTracing", "Computer": "DESKTOP-OFJ6N53", "TimeCreated": "2024-03-06 21:50:02.719570+00:00", "RecordID": "566", "Level": "2", "UserID": "S-1-5-18", "EventData.SessionName": "Microsoft.Windows.WindowsUpdate.RUXIMLog", "EventData.FileName": null, "EventData.ErrorCode": "3221225525", "EventData.LoggingMode": "268460034"}
{"EventID": "2", "Channel": "Microsoft-Windows-Kernel-EventTracing/Admin", "Provider_Name": "Microsoft-Windows-Kernel-EventTracing", "Computer": "DESKTOP-OFJ6N53", "TimeCreated": "2024-03-07 21:50:20.006893+00:00", "RecordID": "567", "Level": "2", "UserID": "S-1-5-18", "EventData.SessionName": "Microsoft.Windows.WindowsUpdate.RUXIMLog", "EventData.FileName": null, "EventData.ErrorCode": "3221225525", "EventData.LoggingMode": "268460034"}
{"EventID": "2", "Channel": "Microsoft-Windows-Kernel-EventTracing/Admin", "Provider_Name": "Microsoft-Windows-Kernel-EventTracing", "Computer": "DESKTOP-OFJ6N53", "TimeCreated": "2024-03-08 21:50:28.069532+00:00", "RecordID": "568", "Level": "2", "UserID": "S-1-5-18", "EventData.SessionName": "Microsoft.Windows.WindowsUpdate.RUXIMLog", "EventData.FileName": null, "EventData.ErrorCode": "3221225525", "EventData.LoggingMode": "268460034"}
{"EventID": "2", "Channel": "Microsoft-Windows-Kernel-EventTracing/Admin", "Provider_Name": "Microsoft-Windows-Kernel-EventTracing", "Computer": "DESKTOP-OFJ6N53", "TimeCreated": "2024-03-09 23:15:13.003487+00:00", "RecordID": "569", "Level": "2", "UserID": "S-1-5-18", "EventData.SessionName": "Microsoft.Windows.WindowsUpdate.RUXIMLog", "EventData.FileName": null, "EventData.ErrorCode": "3221225525", "EventData.LoggingMode": "268460034"}
{"EventID": "2", "Channel": "Microsoft-Windows-Kernel-EventTracing/Admin", "Provider_Name": "Microsoft-Windows-Kernel-EventTracing", "Computer": "DESKTOP-OFJ6N53", "TimeCreated": "2024-03-10 03:15:36.740225+00:00", "RecordID": "570", "Level": "2", "UserID": "S-1-5-18", "EventData.SessionName": "Microsoft.Windows.Remediation", "EventData.FileName": null, "EventData.ErrorCode": "3221225525", "EventData.LoggingMode": "268460034"}
{"EventID": "2", "Channel": "Microsoft-Windows-Kernel-EventTracing/Admin", "Provider_Name": "Microsoft-Windows-Kernel-EventTracing", "Computer": "DESKTOP-OFJ6N53", "TimeCreated": "2024-03-10 23:15:34.008968+00:00", "RecordID": "571", "Level": "2", "UserID": "S-1-5-18", "EventData.SessionName": "Microsoft.Windows.WindowsUpdate.RUXIMLog", "EventData.FileName": null, "EventData.ErrorCode": "3221225525", "EventData.LoggingMode": "268460034"}
{"EventID": "2", "Channel": "Microsoft-Windows-Kernel-EventTracing/Admin", "Provider_Name": "Microsoft-Windows-Kernel-EventTracing", "Computer": "DESKTOP-OFJ6N53", "TimeCreated": "2024-03-12 01:42:35.995365+00:00", "RecordID": "572", "Level": "2", "UserID": "S-1-5-18", "EventData.SessionName": "Microsoft.Windows.WindowsUpdate.RUXIMLog", "EventData.FileName": null, "EventData.ErrorCode": "3221225525", "EventData.LoggingMode": "268460034"}
{"EventID": "2", "Channel": "Microsoft-Windows-Kernel-EventTracing/Admin", "Provider_Name": "Microsoft-Windows-Kernel-EventTracing", "Computer": "DESKTOP-OFJ6N53", "TimeCreated": "2024-03-12 03:27:06.681503+00:00", "RecordID": "573", "Level": "2", "UserID": "S-1-5-18", "EventData.SessionName": "Microsoft.Windows.Remediation", "EventData.FileName": null, "EventData.ErrorCode": "3221225525", "EventData.LoggingMode": "268460034"}
