{"EventID": "61", "Channel": "Microsoft-Windows-Bits-Client/Operational", "Provider_Name": "Microsoft-Windows-Bits-Client", "Computer": "DESKTOP-OFJ6N53", "TimeCreated": "2025-08-26 08:15:39.514812+00:00", "RecordID": "85661", "Level": "3", "UserID": "S-1-5-18", "EventData.transferId": "{a12b8ef0-62e8-4834-9365-9655cbcc4553}", "EventData.name": "Chrome Component Updater", "EventData.Id": "{5d72497a-9f6f-4f72-8add-fbf49325714a}", "EventData.url": "https://edgedl.me.gvt1.com/edgedl/diffgen-puffin/lmelglejhemejginpboagddgdfbepgmp/b2fa760630b29233474270c3e3fb5066a514d3f228e292a9ec78bb31b151f64f", "EventData.peer": null, "EventData.hr": "2147954402", "EventData.fileTime": "0001-01-01 00:00:00", "EventData.fileLength": "18446744073709551615", "EventData.bytesTotal": "18446744073709551615", "EventData.bytesTransferred": "0", "EventData.proxy": null, "EventData.peerProtocolFlags": "0", "EventData.bytesTransferredFromPeer": "0", "EventData.AdditionalInfoHr": "0", "EventData.PeerContextInfo": "0", "EventData.bandwidthLimit": "18446744073709551615", "EventData.ignoreBandwidthLimitsOnLan": "False"}
{"EventID": "61", "Channel": "Microsoft-Windows-Bits-Client/Operational", "Provider_Name": "Microsoft-Windows-Bits-Client", "Computer": "DESKTOP-OFJ6N53", "TimeCreated": "2025-08-26 08:17:00.588318+00:00", "RecordID": "85662", "Level": "3", "UserID": "S-1-5-18", "EventData.transferId": "{fa136f42-46bf-4d41-91a9-68c6cd64ebb3}", "EventData.name": "Chrome Component Updater", "EventData.Id": "{5d72497a-9f6f-4f72-8add-fbf49325714a}", "EventData.url": "https://edgedl.me.gvt1.com/edgedl/diffgen-puffin/lmelglejhemejginpboagddgdfbepgmp/b2fa760630b29233474270c3e3fb5066a514d3f228e292a9ec78bb31b151f64f", "EventData.peer": null, "EventData.hr": "2147954402", "EventData.fileTime": "0001-01-01 00:00:00", "EventData.fileLength": "18446744073709551615", "EventData.bytesTotal": "18446744073709551615", "EventData.bytesTransferred": "0", "EventData.proxy": null, "EventData.peerProtocolFlags": "0", "EventData.bytesTransferredFromPeer": "0", "EventData.AdditionalInfoHr": "0", "EventData.PeerContextInfo": "0", "EventData.bandwidthLimit": "18446744073709551615", "EventData.ignoreBandwidthLimitsOnLan": "False"}
{"EventID": "61", "Channel": "Microsoft-Windows-Bits-Client/Operational", "Provider_Name": "Microsoft-Windows-Bits-Client", "Computer": "DESKTOP-OFJ6N53", "TimeCreated": "2025-08-26 08:18:21.761677+00:00", "RecordID": "85663", "Level": "3", "UserID": "S-1-5-18", "EventData.transferId": "{82f186e7-d7d9-44df-9330-b9d9c8542a16}", "EventData.name": "Chrome Component Updater", "EventData.Id": "{5d72497a-9f6f-4f72-8add-fbf49325714a}", "EventData.url": "https://edgedl.me.gvt1.com/edgedl/diffgen-puffin/lmelglejhemejginpboagddgdfbepgmp/b2fa760630b29233474270c3e3fb5066a514d3f228e292a9ec78bb31b151f64f", "EventData.peer": null, "EventData.hr": "2147954402", "EventData.fileTime": "0001-01-01 00:00:00", "EventData.fileLength": "18446744073709551615", "EventData.bytesTotal": "18446744073709551615", "EventData.bytesTransferred": "0", "EventData.proxy": null, "EventData.peerProtocolFlags": "0", "EventData.bytesTransferredFromPeer": "0", "EventData.AdditionalInfoHr": "0", "EventData.PeerContextInfo": "0", "EventData.bandwidthLimit": "18446744073709551615", "EventData.ignoreBandwidthLimitsOnLan": "False"}
{"EventID": "61", "Channel": "Microsoft-Windows-Bits-Client/Operational", "Provider_Name": "Microsoft-Windows-Bits-Client", "Computer": "DESKTOP-OFJ6N53", "TimeCreated": "2025-08-26 08:19:42.932194+00:00", "RecordID": "85664", "Level": "3", "UserID": "S-1-5-18", "EventData.transferId": "{43838df7-4212-4c04-8ed4-537676a354ee}", "EventData.name": "Chrome Component Updater", "EventData.Id": "{5d72497a-9f6f-4f72-8add-fbf49325714a}", "EventData.url": "https://edgedl.me.gvt1.com/edgedl/diffgen-puffin/lmelglejhemejginpboagddgdfbepgmp/b2fa760630b29233474270c3e3fb5066a514d3f228e292a9ec78bb31b151f64f", "EventData.peer": null, "EventData.hr": "2147954402", "EventData.fileTime": "0001-01-01 00:00:00", "EventData.fileLength": "18446744073709551615", "EventData.bytesTotal": "18446744073709551615", "EventData.bytesTransferred": "0", "EventData.proxy": null, "EventData.peerProtocolFlags": "0", "EventData.bytesTransferredFromPeer": "0", "EventData.AdditionalInfoHr": "0", "EventData.PeerContextInfo": "0", "EventData.bandwidthLimit": "18446744073709551615", "EventData.ignoreBandwidthLimitsOnLan": "False"}
{"EventID": "61", "Channel": "Microsoft-Windows-Bits-Client/Operational", "Provider_Name": "Microsoft-Windows-Bits-Client", "Computer": "DESKTOP-OFJ6N53", "TimeCreated": "2025-08-26 08:21:04.326736+00:00", "RecordID": "85665", "Level": "3", "UserID": "S-1-5-18", "EventData.transferId": "{6ce50002-016c-4b74-b614-d6bde4ece445}", "EventData.name": "Chrome Component Updater", "EventData.Id": "{5d72497a-9f6f-4f72-8add-fbf49325714a}", "EventData.url": "https://edgedl.me.gvt1.com/edgedl/diffgen-puffin/lmelglejhemejginpboagddgdfbepgmp/b2fa760630b29233474270c3e3fb5066a514d3f228e292a9ec78bb31b151f64f", "EventData.peer": null, "EventData.hr": "2147954402", "EventData.fileTime": "0001-01-01 00:00:00", "EventData.fileLength": "18446744073709551615", "EventData.bytesTotal": "18446744073709551615", "EventData.bytesTransferred": "0", "EventData.proxy": null, "EventData.peerProtocolFlags": "0", "EventData.bytesTransferredFromPeer": "0", "EventData.AdditionalInfoHr": "0", "EventData.PeerContextInfo": "0", "EventData.bandwidthLimit": "18446744073709551615", "EventData.ignoreBandwidthLimitsOnLan": "False"}
{"EventID": "61", "Channel": "Microsoft-Windows-Bits-Client/Operational", "Provider_Name": "Microsoft-Windows-Bits-Client", "Computer": "DESKTOP-OFJ6N53", "TimeCreated": "2025-08-26 08:22:25.424343+00:00", "RecordID": "85666", "Level": "3", "UserID": "S-1-5-18", "EventData.transferId": "{7486800d-367b-43e0-abfa-bc0ea4a30cd8}", "EventData.name": "Chrome Component Updater", "EventData.Id": "{5d72497a-9f6f-4f72-8add-fbf49325714a}", "EventData.url": "https://edgedl.me.gvt1.com/edgedl/diffgen-puffin/lmelglejhemejginpboagddgdfbepgmp/b2fa760630b29233474270c3e3fb5066a514d3f228e292a9ec78bb31b151f64f", "EventData.peer": null, "EventData.hr": "2147954402", "EventData.fileTime": "0001-01-01 00:00:00", "EventData.fileLength": "18446744073709551615", "EventData.bytesTotal": "18446744073709551615", "EventData.bytesTransferred": "0", "EventData.proxy": null, "EventData.peerProtocolFlags": "0", "EventData.bytesTransferredFromPeer": "0", "EventData.AdditionalInfoHr": "0", "EventData.PeerContextInfo": "0", "EventData.bandwidthLimit": "18446744073709551615", "EventData.ignoreBandwidthLimitsOnLan": "False"}
{"EventID": "61", "Channel": "Microsoft-Windows-Bits-Client/Operational", "Provider_Name": "Microsoft-Windows-Bits-Client", "Computer": "DESKTOP-OFJ6N53", "TimeCreated": "2025-08-26 08:23:46.648012+00:00", "RecordID": "85667", "Level": "3", "UserID": "S-1-5-18", "EventData.transferId": "{e0d3b4ac-e3c9-4810-9094-463f011354ab}", "EventData.name": "Chrome Component Updater", "EventData.Id": "{5d72497a-9f6f-4f72-8add-fbf49325714a}", "EventData.url": "https://edgedl.me.gvt1.com/edgedl/diffgen-puffin/lmelglejhemejginpboagddgdfbepgmp/b2fa760630b29233474270c3e3fb5066a514d3f228e292a9ec78bb31b151f64f", "EventData.peer": null, "EventData.hr": "2147954402", "EventData.fileTime": "0001-01-01 00:00:00", "EventData.fileLength": "18446744073709551615", "EventData.bytesTotal": "18446744073709551615", "EventData.bytesTransferred": "0", "EventData.proxy": null, "EventData.peerProtocolFlags": "0", "EventData.bytesTransferredFromPeer": "0", "EventData.AdditionalInfoHr": "0", "EventData.PeerContextInfo": "0", "EventData.bandwidthLimit": "18446744073709551615", "EventData.ignoreBandwidthLimitsOnLan": "False"}
{"EventID": "61", "Channel": "Microsoft-Windows-Bits-Client/Operational", "Provider_Name": "Microsoft-Windows-Bits-Client", "Computer": "DESKTOP-OFJ6N53", "TimeCreated": "2025-08-26 08:25:07.694843+00:00", "RecordID": "85668", "Level": "3", "UserID": "S-1-5-18", "EventData.transferId": "{833656d2-f63a-4f7f-868b-4de598d7eb9b}", "EventData.name": "Chrome Component Updater", "EventData.Id": "{5d72497a-9f6f-4f72-8add-fbf49325714a}", "EventData.url": "https://edgedl.me.gvt1.com/edgedl/diffgen-puffin/lmelglejhemejginpboagddgdfbepgmp/b2fa760630b29233474270c3e3fb5066a514d3f228e292a9ec78bb31b151f64f", "EventData.peer": null, "EventData.hr": "2147954402", "EventData.fileTime": "0001-01-01 00:00:00", "EventData.fileLength": "18446744073709551615", "EventData.bytesTotal": "18446744073709551615", "EventData.bytesTransferred": "0", "EventData.proxy": null, "EventData.peerProtocolFlags": "0", "EventData.bytesTransferredFromPeer": "0", "EventData.AdditionalInfoHr": "0", "EventData.PeerContextInfo": "0", "EventData.bandwidthLimit": "18446744073709551615", "EventData.ignoreBandwidthLimitsOnLan": "False"}
{"EventID": "61", "Channel": "Microsoft-Windows-Bits-Client/Operational", "Provider_Name": "Microsoft-Windows-Bits-Client", "Computer": "DESKTOP-OFJ6N53", "TimeCreated": "2025-08-26 08:26:28.837589+00:00", "RecordID": "85669", "Level": "3", "UserID": "S-1-5-18", "EventData.transferId": "{d5a26037-f5c6-4a5f-8bfd-679497f95d04}", "EventData.name": "Chrome Component Updater", "EventData.Id": "{5d72497a-9f6f-4f72-8add-fbf49325714a}", "EventData.url": "https://edgedl.me.gvt1.com/edgedl/diffgen-puffin/lmelglejhemejginpboagddgdfbepgmp/b2fa760630b29233474270c3e3fb5066a514d3f228e292a9ec78bb31b151f64f", "EventData.peer": null, "EventData.hr": "2147954402", "EventData.fileTime": "0001-01-01 00:00:00", "EventData.fileLength": "18446744073709551615", "EventData.bytesTotal": "18446744073709551615", "EventData.bytesTransferred": "0", "EventData.proxy": null, "EventData.peerProtocolFlags": "0", "EventData.bytesTransferredFromPeer": "0", "EventData.AdditionalInfoHr": "0", "EventData.PeerContextInfo": "0", "EventData.bandwidthLimit": "18446744073709551615", "EventData.ignoreBandwidthLimitsOnLan": "False"}
{"EventID": "5", "Channel": "Microsoft-Windows-Bits-Client/Operational", "Provider_Name": "Microsoft-Windows-Bits-Client", "Computer": "DESKTOP-OFJ6N53", "TimeCreated": "2025-08-26 08:27:30.970676+00:00", "RecordID": "85670", "Level": "4", "UserID": "S-1-5-21-963789628-1060504924-4285088085-1001", "EventData.User": "DESKTOP-OFJ6N53\\sk.batsiev", "EventData.jobTitle": "Chrome Component Updater", "EventData.jobId": "{5d72497a-9f6f-4f72-8add-fbf49325714a}", "EventData.jobOwner": "DESKTOP-OFJ6N53\\sk.batsiev", "EventData.fileCount": "1"}
{"EventID": "3", "Channel": "Microsoft-Windows-Bits-Client/Operational", "Provider_Name": "Microsoft-Windows-Bits-Client", "Computer": "DESKTOP-OFJ6N53", "TimeCreated": "2025-08-26 08:27:30.976685+00:00", "RecordID": "85671", "Level": "4", "UserID": "S-1-5-18", "EventData.jobTitle": "Chrome Component Updater", "EventData.jobId": "{189b51c6-facc-4454-b76d-3da3cba3cc7d}", "EventData.jobOwner": "DESKTOP-OFJ6N53\\sk.batsiev", "EventData.processPath": "C:\\Program Files\\Google\\Chrome\\Application\\chrome.exe", "EventData.processId": "12116", "EventData.ClientProcessStartKey": "50384020831218287"}
{"EventID": "16403", "Channel": "Microsoft-Windows-Bits-Client/Operational", "Provider_Name": "Microsoft-Windows-Bits-Client", "Computer": "DESKTOP-OFJ6N53", "TimeCreated": "2025-08-26 08:27:30.982769+00:00", "RecordID": "85672", "Level": "4", "UserID": "S-1-5-21-963789628-1060504924-4285088085-1001", "EventData.User": "DESKTOP-OFJ6N53\\sk.batsiev", "EventData.jobTitle": "Chrome Component Updater", "EventData.jobId": "{189b51c6-facc-4454-b76d-3da3cba3cc7d}", "EventData.jobOwner": "DESKTOP-OFJ6N53\\sk.batsiev", "EventData.fileCount": "1", "EventData.RemoteName": "http://dl.google.com/diffgen-puffin/lmelglejhemejginpboagddgdfbepgmp/b2fa760630b29233474270c3e3fb5066a514d3f228e292a9ec78bb31b151f64f", "EventData.LocalName": "C:\\Users\\SKA580~1.BAT\\AppData\\Local\\Temp\\chrome_BITS_12116_349147638\\b2fa760630b29233474270c3e3fb5066a514d3f228e292a9ec78bb31b151f64f", "EventData.processId": "12116", "EventData.ClientProcessStartKey": "50384020831218287"}
{"EventID": "310", "Channel": "Microsoft-Windows-Bits-Client/Operational", "Provider_Name": "Microsoft-Windows-Bits-Client", "Computer": "DESKTOP-OFJ6N53", "TimeCreated": "2025-08-26 08:27:31.068724+00:00", "RecordID": "85673", "Level": "3", "UserID": "S-1-5-18", "EventData.ErrorCode": "2147942450"}
{"EventID": "59", "Channel": "Microsoft-Windows-Bits-Client/Operational", "Provider_Name": "Microsoft-Windows-Bits-Client", "Computer": "DESKTOP-OFJ6N53", "TimeCreated": "2025-08-26 08:27:31.079737+00:00", "RecordID": "85674", "Level": "4", "UserID": "S-1-5-18", "EventData.transferId": "{ad53c24e-84f5-46bd-932f-5359a072c040}", "EventData.name": "Chrome Component Updater", "EventData.Id": "{189b51c6-facc-4454-b76d-3da3cba3cc7d}", "EventData.url": "http://dl.google.com/diffgen-puffin/lmelglejhemejginpboagddgdfbepgmp/b2fa760630b29233474270c3e3fb5066a514d3f228e292a9ec78bb31b151f64f", "EventData.peer": null, "EventData.fileTime": "2025-08-25 15:06:22+00:00", "EventData.fileLength": "312164", "EventData.bytesTotal": "312164", "EventData.bytesTransferred": "0", "EventData.bytesTransferredFromPeer": "0"}
{"EventID": "60", "Channel": "Microsoft-Windows-Bits-Client/Operational", "Provider_Name": "Microsoft-Windows-Bits-Client", "Computer": "DESKTOP-OFJ6N53", "TimeCreated": "2025-08-26 08:27:50.793440+00:00", "RecordID": "85675", "Level": "4", "UserID": "S-1-5-18", "EventData.transferId": "{ad53c24e-84f5-46bd-932f-5359a072c040}", "EventData.name": "Chrome Component Updater", "EventData.Id": "{189b51c6-facc-4454-b76d-3da3cba3cc7d}", "EventData.url": "http://dl.google.com/diffgen-puffin/lmelglejhemejginpboagddgdfbepgmp/b2fa760630b29233474270c3e3fb5066a514d3f228e292a9ec78bb31b151f64f", "EventData.peer": null, "EventData.hr": "0", "EventData.fileTime": "2025-08-25 15:06:22+00:00", "EventData.fileLength": "312164", "EventData.bytesTotal": "312164", "EventData.bytesTransferred": "312164", "EventData.proxy": null, "EventData.peerProtocolFlags": "0", "EventData.bytesTransferredFromPeer": "0", "EventData.AdditionalInfoHr": "0", "EventData.PeerContextInfo": "0", "EventData.bandwidthLimit": "18446744073709551615", "EventData.ignoreBandwidthLimitsOnLan": "False"}
{"EventID": "4", "Channel": "Microsoft-Windows-Bits-Client/Operational", "Provider_Name": "Microsoft-Windows-Bits-Client", "Computer": "DESKTOP-OFJ6N53", "TimeCreated": "2025-08-26 08:27:51.259024+00:00", "RecordID": "85676", "Level": "4", "UserID": "S-1-5-18", "EventData.User": "DESKTOP-OFJ6N53\\sk.batsiev", "EventData.jobTitle": "Chrome Component Updater", "EventData.jobId": "{189b51c6-facc-4454-b76d-3da3cba3cc7d}", "EventData.jobOwner": "DESKTOP-OFJ6N53\\sk.batsiev", "EventData.fileCount": "1", "EventData.bytesTransferred": "312164", "EventData.bytesTransferredFromPeer": "0"}
{"EventID": "306", "Channel": "Microsoft-Windows-Bits-Client/Operational", "Provider_Name": "Microsoft-Windows-Bits-Client", "Computer": "DESKTOP-OFJ6N53", "TimeCreated": "2025-08-26 08:58:58.470022+00:00", "RecordID": "85677", "Level": "5", "UserID": "S-1-5-18"}
{"EventID": "3", "Channel": "Microsoft-Windows-Bits-Client/Operational", "Provider_Name": "Microsoft-Windows-Bits-Client", "Computer": "DESKTOP-OFJ6N53", "TimeCreated": "2025-08-26 08:59:02.625328+00:00", "RecordID": "85678", "Level": "4", "UserID": "S-1-5-18", "EventData.jobTitle": "Edge Component Updater", "EventData.jobId": "{ec2ccc97-eaa6-4971-adf6-a21846594897}", "EventData.jobOwner": "DESKTOP-OFJ6N53\\sk.batsiev", "EventData.processPath": "C:\\Program Files (x86)\\Microsoft\\Edge\\Application\\msedge.exe", "EventData.processId": "6380", "EventData.ClientProcessStartKey": "50384020831216989"}
{"EventID": "16403", "Channel": "Microsoft-Windows-Bits-Client/Operational", "Provider_Name": "Microsoft-Windows-Bits-Client", "Computer": "DESKTOP-OFJ6N53", "TimeCreated": "2025-08-26 08:59:02.695213+00:00", "RecordID": "85679", "Level": "4", "UserID": "S-1-5-21-963789628-1060504924-4285088085-1001", "EventData.User": "DESKTOP-OFJ6N53\\sk.batsiev", "EventData.jobTitle": "Edge Component Updater", "EventData.jobId": "{ec2ccc97-eaa6-4971-adf6-a21846594897}", "EventData.jobOwner": "DESKTOP-OFJ6N53\\sk.batsiev", "EventData.fileCount": "1", "EventData.RemoteName": "http://msedge.b.tlu.dl.delivery.mp.microsoft.com/filestreamingservice/files/787e57e2-cd65-40ee-b666-e7cc55a73cf3?P1=1756801159&P2=404&P3=2&P4=Xsd2zvioKEKOoSInaS%2fGU2QIe0LJ046ljzA3wArqOfr5LafXkyVjp39WPdP2rSfeqA48HFLdTYhkC3NXLreBlw%3d%3d", "EventData.LocalName": "C:\\Users\\SKA580~1.BAT\\AppData\\Local\\Temp\\edge_BITS_6380_819432193\\787e57e2-cd65-40ee-b666-e7cc55a73cf3", "EventData.processId": "6380", "EventData.ClientProcessStartKey": "50384020831216989"}
{"EventID": "310", "Channel": "Microsoft-Windows-Bits-Client/Operational", "Provider_Name": "Microsoft-Windows-Bits-Client", "Computer": "DESKTOP-OFJ6N53", "TimeCreated": "2025-08-26 08:59:04.022383+00:00", "RecordID": "85680", "Level": "3", "UserID": "S-1-5-18", "EventData.ErrorCode": "2147942450"}
{"EventID": "59", "Channel": "Microsoft-Windows-Bits-Client/Operational", "Provider_Name": "Microsoft-Windows-Bits-Client", "Computer": "DESKTOP-OFJ6N53", "TimeCreated": "2025-08-26 08:59:04.034002+00:00", "RecordID": "85681", "Level": "4", "UserID": "S-1-5-18", "EventData.transferId": "{2b41ec3d-0f9d-401e-ac9a-666be14a4ccc}", "EventData.name": "Edge Component Updater", "EventData.Id": "{ec2ccc97-eaa6-4971-adf6-a21846594897}", "EventData.url": "http://msedge.b.tlu.dl.delivery.mp.microsoft.com/filestreamingservice/files/787e57e2-cd65-40ee-b666-e7cc55a73cf3?P1=1756801159&P2=404&P3=2&P4=Xsd2zvioKEKOoSInaS%2fGU2QIe0LJ046ljzA3wArqOfr5LafXkyVjp39WPdP2rSfeqA48HFLdTYhkC3NXLreBlw%3d%3d", "EventData.peer": null, "EventData.fileTime": "2025-08-26 07:50:19+00:00", "EventData.fileLength": "218131", "EventData.bytesTotal": "218131", "EventData.bytesTransferred": "0", "EventData.bytesTransferredFromPeer": "0"}
{"EventID": "60", "Channel": "Microsoft-Windows-Bits-Client/Operational", "Provider_Name": "Microsoft-Windows-Bits-Client", "Computer": "DESKTOP-OFJ6N53", "TimeCreated": "2025-08-26 08:59:29.352194+00:00", "RecordID": "85682", "Level": "4", "UserID": "S-1-5-18", "EventData.transferId": "{2b41ec3d-0f9d-401e-ac9a-666be14a4ccc}", "EventData.name": "Edge Component Updater", "EventData.Id": "{ec2ccc97-eaa6-4971-adf6-a21846594897}", "EventData.url": "http://msedge.b.tlu.dl.delivery.mp.microsoft.com/filestreamingservice/files/787e57e2-cd65-40ee-b666-e7cc55a73cf3?P1=1756801159&P2=404&P3=2&P4=Xsd2zvioKEKOoSInaS%2fGU2QIe0LJ046ljzA3wArqOfr5LafXkyVjp39WPdP2rSfeqA48HFLdTYhkC3NXLreBlw%3d%3d", "EventData.peer": null, "EventData.hr": "0", "EventData.fileTime": "2025-08-26 07:50:19+00:00", "EventData.fileLength": "218131", "EventData.bytesTotal": "218131", "EventData.bytesTransferred": "218131", "EventData.proxy": null, "EventData.peerProtocolFlags": "0", "EventData.bytesTransferredFromPeer": "0", "EventData.AdditionalInfoHr": "0", "EventData.PeerContextInfo": "0", "EventData.bandwidthLimit": "18446744073709551615", "EventData.ignoreBandwidthLimitsOnLan": "False"}
{"EventID": "4", "Channel": "Microsoft-Windows-Bits-Client/Operational", "Provider_Name": "Microsoft-Windows-Bits-Client", "Computer": "DESKTOP-OFJ6N53", "TimeCreated": "2025-08-26 08:59:30.764282+00:00", "RecordID": "85683", "Level": "4", "UserID": "S-1-5-18", "EventData.User": "DESKTOP-OFJ6N53\\sk.batsiev", "EventData.jobTitle": "Edge Component Updater", "EventData.jobId": "{ec2ccc97-eaa6-4971-adf6-a21846594897}", "EventData.jobOwner": "DESKTOP-OFJ6N53\\sk.batsiev", "EventData.fileCount": "1", "EventData.bytesTransferred": "218131", "EventData.bytesTransferredFromPeer": "0"}
{"EventID": "61", "Channel": "Microsoft-Windows-Bits-Client/Operational", "Provider_Name": "Microsoft-Windows-Bits-Client", "Computer": "DESKTOP-OFJ6N53", "TimeCreated": "2025-08-22 19:32:52.194021+00:00", "RecordID": "84552", "Level": "3", "UserID": "S-1-5-18", "EventData.transferId": "{6844fbe6-8b7b-49fb-b6bb-4bdc0bcdfa33}", "EventData.name": "Chrome Component Updater", "EventData.Id": "{1b6c7fb0-0192-4c19-bbe3-6bf325dfcc45}", "EventData.url": "http://edgedl.me.gvt1.com/edgedl/diffgen-puffin/ggkkehgbnfjpeggfpleeakpidbkibbmn/cf1ba16f8b36b3ecf7ca1e8d13bf044b6fe28b3f91821c5cd236a729b9fe6eaf", "EventData.peer": null, "EventData.hr": "2147954402", "EventData.fileTime": "0001-01-01 00:00:00", "EventData.fileLength": "18446744073709551615", "EventData.bytesTotal": "18446744073709551615", "EventData.bytesTransferred": "0", "EventData.proxy": null, "EventData.peerProtocolFlags": "0", "EventData.bytesTransferredFromPeer": "0", "EventData.AdditionalInfoHr": "0", "EventData.PeerContextInfo": "0", "EventData.bandwidthLimit": "18446744073709551615", "EventData.ignoreBandwidthLimitsOnLan": "False"}
{"EventID": "61", "Channel": "Microsoft-Windows-Bits-Client/Operational", "Provider_Name": "Microsoft-Windows-Bits-Client", "Computer": "DESKTOP-OFJ6N53", "TimeCreated": "2025-08-22 19:34:13.365255+00:00", "RecordID": "84553", "Level": "3", "UserID": "S-1-5-18", "EventData.transferId": "{92185a6c-60bc-4453-a37f-274c878207d9}", "EventData.name": "Chrome Component Updater", "EventData.Id": "{1b6c7fb0-0192-4c19-bbe3-6bf325dfcc45}", "EventData.url": "http://edgedl.me.gvt1.com/edgedl/diffgen-puffin/ggkkehgbnfjpeggfpleeakpidbkibbmn/cf1ba16f8b36b3ecf7ca1e8d13bf044b6fe28b3f91821c5cd236a729b9fe6eaf", "EventData.peer": null, "EventData.hr": "2147954402", "EventData.fileTime": "0001-01-01 00:00:00", "EventData.fileLength": "18446744073709551615", "EventData.bytesTotal": "18446744073709551615", "EventData.bytesTransferred": "0", "EventData.proxy": null, "EventData.peerProtocolFlags": "0", "EventData.bytesTransferredFromPeer": "0", "EventData.AdditionalInfoHr": "0", "EventData.PeerContextInfo": "0", "EventData.bandwidthLimit": "18446744073709551615", "EventData.ignoreBandwidthLimitsOnLan": "False"}
{"EventID": "61", "Channel": "Microsoft-Windows-Bits-Client/Operational", "Provider_Name": "Microsoft-Windows-Bits-Client", "Computer": "DESKTOP-OFJ6N53", "TimeCreated": "2025-08-22 19:35:34.506594+00:00", "RecordID": "84554", "Level": "3", "UserID": "S-1-5-18", "EventData.transferId": "{98e102d1-b560-4352-9d93-25ed870c8f1f}", "EventData.name": "Chrome Component Updater", "EventData.Id": "{1b6c7fb0-0192-4c19-bbe3-6bf325dfcc45}", "EventData.url": "http://edgedl.me.gvt1.com/edgedl/diffgen-puffin/ggkkehgbnfjpeggfpleeakpidbkibbmn/cf1ba16f8b36b3ecf7ca1e8d13bf044b6fe28b3f91821c5cd236a729b9fe6eaf", "EventData.peer": null, "EventData.hr": "2147954402", "EventData.fileTime": "0001-01-01 00:00:00", "EventData.fileLength": "18446744073709551615", "EventData.bytesTotal": "18446744073709551615", "EventData.bytesTransferred": "0", "EventData.proxy": null, "EventData.peerProtocolFlags": "0", "EventData.bytesTransferredFromPeer": "0", "EventData.AdditionalInfoHr": "0", "EventData.PeerContextInfo": "0", "EventData.bandwidthLimit": "18446744073709551615", "EventData.ignoreBandwidthLimitsOnLan": "False"}
{"EventID": "61", "Channel": "Microsoft-Windows-Bits-Client/Operational", "Provider_Name": "Microsoft-Windows-Bits-Client", "Computer": "DESKTOP-OFJ6N53", "TimeCreated": "2025-08-22 19:36:55.912434+00:00", "RecordID": "84555", "Level": "3", "UserID": "S-1-5-18", "EventData.transferId": "{8f95b69b-39f9-4a6e-aff7-673a9878bb5e}", "EventData.name": "Chrome Component Updater", "EventData.Id": "{1b6c7fb0-0192-4c19-bbe3-6bf325dfcc45}", "EventData.url": "http://edgedl.me.gvt1.com/edgedl/diffgen-puffin/ggkkehgbnfjpeggfpleeakpidbkibbmn/cf1ba16f8b36b3ecf7ca1e8d13bf044b6fe28b3f91821c5cd236a729b9fe6eaf", "EventData.peer": null, "EventData.hr": "2147954402", "EventData.fileTime": "0001-01-01 00:00:00", "EventData.fileLength": "18446744073709551615", "EventData.bytesTotal": "18446744073709551615", "EventData.bytesTransferred": "0", "EventData.proxy": null, "EventData.peerProtocolFlags": "0", "EventData.bytesTransferredFromPeer": "0", "EventData.AdditionalInfoHr": "0", "EventData.PeerContextInfo": "0", "EventData.bandwidthLimit": "18446744073709551615", "EventData.ignoreBandwidthLimitsOnLan": "False"}
{"EventID": "61", "Channel": "Microsoft-Windows-Bits-Client/Operational", "Provider_Name": "Microsoft-Windows-Bits-Client", "Computer": "DESKTOP-OFJ6N53", "TimeCreated": "2025-08-22 19:38:17.271687+00:00", "RecordID": "84556", "Level": "3", "UserID": "S-1-5-18", "EventData.transferId": "{8babb1db-55e8-45a0-b88a-b3a3f3080291}", "EventData.name": "Chrome Component Updater", "EventData.Id": "{1b6c7fb0-0192-4c19-bbe3-6bf325dfcc45}", "EventData.url": "http://edgedl.me.gvt1.com/edgedl/diffgen-puffin/ggkkehgbnfjpeggfpleeakpidbkibbmn/cf1ba16f8b36b3ecf7ca1e8d13bf044b6fe28b3f91821c5cd236a729b9fe6eaf", "EventData.peer": null, "EventData.hr": "2147954402", "EventData.fileTime": "0001-01-01 00:00:00", "EventData.fileLength": "18446744073709551615", "EventData.bytesTotal": "18446744073709551615", "EventData.bytesTransferred": "0", "EventData.proxy": null, "EventData.peerProtocolFlags": "0", "EventData.bytesTransferredFromPeer": "0", "EventData.AdditionalInfoHr": "0", "EventData.PeerContextInfo": "0", "EventData.bandwidthLimit": "18446744073709551615", "EventData.ignoreBandwidthLimitsOnLan": "False"}
{"EventID": "61", "Channel": "Microsoft-Windows-Bits-Client/Operational", "Provider_Name": "Microsoft-Windows-Bits-Client", "Computer": "DESKTOP-OFJ6N53", "TimeCreated": "2025-08-22 19:39:38.500595+00:00", "RecordID": "84557", "Level": "3", "UserID": "S-1-5-18", "EventData.transferId": "{edd848ac-f125-4b77-b92b-908d99535c91}", "EventData.name": "Chrome Component Updater", "EventData.Id": "{1b6c7fb0-0192-4c19-bbe3-6bf325dfcc45}", "EventData.url": "http://edgedl.me.gvt1.com/edgedl/diffgen-puffin/ggkkehgbnfjpeggfpleeakpidbkibbmn/cf1ba16f8b36b3ecf7ca1e8d13bf044b6fe28b3f91821c5cd236a729b9fe6eaf", "EventData.peer": null, "EventData.hr": "2147954402", "EventData.fileTime": "0001-01-01 00:00:00", "EventData.fileLength": "18446744073709551615", "EventData.bytesTotal": "18446744073709551615", "EventData.bytesTransferred": "0", "EventData.proxy": null, "EventData.peerProtocolFlags": "0", "EventData.bytesTransferredFromPeer": "0", "EventData.AdditionalInfoHr": "0", "EventData.PeerContextInfo": "0", "EventData.bandwidthLimit": "18446744073709551615", "EventData.ignoreBandwidthLimitsOnLan": "False"}
{"EventID": "61", "Channel": "Microsoft-Windows-Bits-Client/Operational", "Provider_Name": "Microsoft-Windows-Bits-Client", "Computer": "DESKTOP-OFJ6N53", "TimeCreated": "2025-08-22 19:40:59.975487+00:00", "RecordID": "84558", "Level": "3", "UserID": "S-1-5-18", "EventData.transferId": "{73e40bd5-a31b-4466-9e9c-5e12d983dd25}", "EventData.name": "Chrome Component Updater", "EventData.Id": "{1b6c7fb0-0192-4c19-bbe3-6bf325dfcc45}", "EventData.url": "http://edgedl.me.gvt1.com/edgedl/diffgen-puffin/ggkkehgbnfjpeggfpleeakpidbkibbmn/cf1ba16f8b36b3ecf7ca1e8d13bf044b6fe28b3f91821c5cd236a729b9fe6eaf", "EventData.peer": null, "EventData.hr": "2147954402", "EventData.fileTime": "0001-01-01 00:00:00", "EventData.fileLength": "18446744073709551615", "EventData.bytesTotal": "18446744073709551615", "EventData.bytesTransferred": "0", "EventData.proxy": null, "EventData.peerProtocolFlags": "0", "EventData.bytesTransferredFromPeer": "0", "EventData.AdditionalInfoHr": "0", "EventData.PeerContextInfo": "0", "EventData.bandwidthLimit": "18446744073709551615", "EventData.ignoreBandwidthLimitsOnLan": "False"}
{"EventID": "61", "Channel": "Microsoft-Windows-Bits-Client/Operational", "Provider_Name": "Microsoft-Windows-Bits-Client", "Computer": "DESKTOP-OFJ6N53", "TimeCreated": "2025-08-22 19:42:21.079138+00:00", "RecordID": "84559", "Level": "3", "UserID": "S-1-5-18", "EventData.transferId": "{4be7b79c-c002-4696-bb8b-a93f99f0fd12}", "EventData.name": "Chrome Component Updater", "EventData.Id": "{1b6c7fb0-0192-4c19-bbe3-6bf325dfcc45}", "EventData.url": "http://edgedl.me.gvt1.com/edgedl/diffgen-puffin/ggkkehgbnfjpeggfpleeakpidbkibbmn/cf1ba16f8b36b3ecf7ca1e8d13bf044b6fe28b3f91821c5cd236a729b9fe6eaf", "EventData.peer": null, "EventData.hr": "2147954402", "EventData.fileTime": "0001-01-01 00:00:00", "EventData.fileLength": "18446744073709551615", "EventData.bytesTotal": "18446744073709551615", "EventData.bytesTransferred": "0", "EventData.proxy": null, "EventData.peerProtocolFlags": "0", "EventData.bytesTransferredFromPeer": "0", "EventData.AdditionalInfoHr": "0", "EventData.PeerContextInfo": "0", "EventData.bandwidthLimit": "18446744073709551615", "EventData.ignoreBandwidthLimitsOnLan": "False"}
{"EventID": "61", "Channel": "Microsoft-Windows-Bits-Client/Operational", "Provider_Name": "Microsoft-Windows-Bits-Client", "Computer": "DESKTOP-OFJ6N53", "TimeCreated": "2025-08-22 19:43:42.131287+00:00", "RecordID": "84560", "Level": "3", "UserID": "S-1-5-18", "EventData.transferId": "{7bff4a24-0fca-42de-9e13-eeea1f78cc68}", "EventData.name": "Chrome Component Updater", "EventData.Id": "{1b6c7fb0-0192-4c19-bbe3-6bf325dfcc45}", "EventData.url": "http://edgedl.me.gvt1.com/edgedl/diffgen-puffin/ggkkehgbnfjpeggfpleeakpidbkibbmn/cf1ba16f8b36b3ecf7ca1e8d13bf044b6fe28b3f91821c5cd236a729b9fe6eaf", "EventData.peer": null, "EventData.hr": "2147954402", "EventData.fileTime": "0001-01-01 00:00:00", "EventData.fileLength": "18446744073709551615", "EventData.bytesTotal": "18446744073709551615", "EventData.bytesTransferred": "0", "EventData.proxy": null, "EventData.peerProtocolFlags": "0", "EventData.bytesTransferredFromPeer": "0", "EventData.AdditionalInfoHr": "0", "EventData.PeerContextInfo": "0", "EventData.bandwidthLimit": "18446744073709551615", "EventData.ignoreBandwidthLimitsOnLan": "False"}
{"EventID": "61", "Channel": "Microsoft-Windows-Bits-Client/Operational", "Provider_Name": "Microsoft-Windows-Bits-Client", "Computer": "DESKTOP-OFJ6N53", "TimeCreated": "2025-08-22 19:45:03.225277+00:00", "RecordID": "84561", "Level": "3", "UserID": "S-1-5-18", "EventData.transferId": "{bf6fc20a-0d90-4d07-a34b-0f719487c53e}", "EventData.name": "Chrome Component Updater", "EventData.Id": "{1b6c7fb0-0192-4c19-bbe3-6bf325dfcc45}", "EventData.url": "http://edgedl.me.gvt1.com/edgedl/diffgen-puffin/ggkkehgbnfjpeggfpleeakpidbkibbmn/cf1ba16f8b36b3ecf7ca1e8d13bf044b6fe28b3f91821c5cd236a729b9fe6eaf", "EventData.peer": null, "EventData.hr": "2147954402", "EventData.fileTime": "0001-01-01 00:00:00", "EventData.fileLength": "18446744073709551615", "EventData.bytesTotal": "18446744073709551615", "EventData.bytesTransferred": "0", "EventData.proxy": null, "EventData.peerProtocolFlags": "0", "EventData.bytesTransferredFromPeer": "0", "EventData.AdditionalInfoHr": "0", "EventData.PeerContextInfo": "0", "EventData.bandwidthLimit": "18446744073709551615", "EventData.ignoreBandwidthLimitsOnLan": "False"}
{"EventID": "61", "Channel": "Microsoft-Windows-Bits-Client/Operational", "Provider_Name": "Microsoft-Windows-Bits-Client", "Computer": "DESKTOP-OFJ6N53", "TimeCreated": "2025-08-22 19:46:24.256329+00:00", "RecordID": "84562", "Level": "3", "UserID": "S-1-5-18", "EventData.transferId": "{5d338074-5fb1-44c5-b535-4dfe6cef4672}", "EventData.name": "Chrome Component Updater", "EventData.Id": "{1b6c7fb0-0192-4c19-bbe3-6bf325dfcc45}", "EventData.url": "http://edgedl.me.gvt1.com/edgedl/diffgen-puffin/ggkkehgbnfjpeggfpleeakpidbkibbmn/cf1ba16f8b36b3ecf7ca1e8d13bf044b6fe28b3f91821c5cd236a729b9fe6eaf", "EventData.peer": null, "EventData.hr": "2147954402", "EventData.fileTime": "0001-01-01 00:00:00", "EventData.fileLength": "18446744073709551615", "EventData.bytesTotal": "18446744073709551615", "EventData.bytesTransferred": "0", "EventData.proxy": null, "EventData.peerProtocolFlags": "0", "EventData.bytesTransferredFromPeer": "0", "EventData.AdditionalInfoHr": "0", "EventData.PeerContextInfo": "0", "EventData.bandwidthLimit": "18446744073709551615", "EventData.ignoreBandwidthLimitsOnLan": "False"}
{"EventID": "61", "Channel": "Microsoft-Windows-Bits-Client/Operational", "Provider_Name": "Microsoft-Windows-Bits-Client", "Computer": "DESKTOP-OFJ6N53", "TimeCreated": "2025-08-22 19:47:45.584570+00:00", "RecordID": "84563", "Level": "3", "UserID": "S-1-5-18", "EventData.transferId": "{db40a047-9858-48b2-85f7-4379e1ed4cc1}", "EventData.name": "Chrome Component Updater", "EventData.Id": "{1b6c7fb0-0192-4c19-bbe3-6bf325dfcc45}", "EventData.url": "http://edgedl.me.gvt1.com/edgedl/diffgen-puffin/ggkkehgbnfjpeggfpleeakpidbkibbmn/cf1ba16f8b36b3ecf7ca1e8d13bf044b6fe28b3f91821c5cd236a729b9fe6eaf", "EventData.peer": null, "EventData.hr": "2147954402", "EventData.fileTime": "0001-01-01 00:00:00", "EventData.fileLength": "18446744073709551615", "EventData.bytesTotal": "18446744073709551615", "EventData.bytesTransferred": "0", "EventData.proxy": null, "EventData.peerProtocolFlags": "0", "EventData.bytesTransferredFromPeer": "0", "EventData.AdditionalInfoHr": "0", "EventData.PeerContextInfo": "0", "EventData.bandwidthLimit": "18446744073709551615", "EventData.ignoreBandwidthLimitsOnLan": "False"}
{"EventID": "61", "Channel": "Microsoft-Windows-Bits-Client/Operational", "Provider_Name": "Microsoft-Windows-Bits-Client", "Computer": "DESKTOP-OFJ6N53", "TimeCreated": "2025-08-22 19:49:06.615612+00:00", "RecordID": "84564", "Level": "3", "UserID": "S-1-5-18", "EventData.transferId": "{1a384bd3-1183-447d-81f7-ca3af4116092}", "EventData.name": "Chrome Component Updater", "EventData.Id": "{1b6c7fb0-0192-4c19-bbe3-6bf325dfcc45}", "EventData.url": "http://edgedl.me.gvt1.com/edgedl/diffgen-puffin/ggkkehgbnfjpeggfpleeakpidbkibbmn/cf1ba16f8b36b3ecf7ca1e8d13bf044b6fe28b3f91821c5cd236a729b9fe6eaf", "EventData.peer": null, "EventData.hr": "2147954402", "EventData.fileTime": "0001-01-01 00:00:00", "EventData.fileLength": "18446744073709551615", "EventData.bytesTotal": "18446744073709551615", "EventData.bytesTransferred": "0", "EventData.proxy": null, "EventData.peerProtocolFlags": "0", "EventData.bytesTransferredFromPeer": "0", "EventData.AdditionalInfoHr": "0", "EventData.PeerContextInfo": "0", "EventData.bandwidthLimit": "18446744073709551615", "EventData.ignoreBandwidthLimitsOnLan": "False"}
{"EventID": "61", "Channel": "Microsoft-Windows-Bits-Client/Operational", "Provider_Name": "Microsoft-Windows-Bits-Client", "Computer": "DESKTOP-OFJ6N53", "TimeCreated": "2025-08-22 19:50:28.255617+00:00", "RecordID": "84565", "Level": "3", "UserID": "S-1-5-18", "EventData.transferId": "{ffdbb50e-6665-4e29-bbd8-85b565cfad97}", "EventData.name": "Chrome Component Updater", "EventData.Id": "{1b6c7fb0-0192-4c19-bbe3-6bf325dfcc45}", "EventData.url": "http://edgedl.me.gvt1.com/edgedl/diffgen-puffin/ggkkehgbnfjpeggfpleeakpidbkibbmn/cf1ba16f8b36b3ecf7ca1e8d13bf044b6fe28b3f91821c5cd236a729b9fe6eaf", "EventData.peer": null, "EventData.hr": "2147954402", "EventData.fileTime": "0001-01-01 00:00:00", "EventData.fileLength": "18446744073709551615", "EventData.bytesTotal": "18446744073709551615", "EventData.bytesTransferred": "0", "EventData.proxy": null, "EventData.peerProtocolFlags": "0", "EventData.bytesTransferredFromPeer": "0", "EventData.AdditionalInfoHr": "0", "EventData.PeerContextInfo": "0", "EventData.bandwidthLimit": "18446744073709551615", "EventData.ignoreBandwidthLimitsOnLan": "False"}
{"EventID": "61", "Channel": "Microsoft-Windows-Bits-Client/Operational", "Provider_Name": "Microsoft-Windows-Bits-Client", "Computer": "DESKTOP-OFJ6N53", "TimeCreated": "2025-08-22 19:51:49.334524+00:00", "RecordID": "84566", "Level": "3", "UserID": "S-1-5-18", "EventData.transferId": "{d7cdef46-8c25-413d-a5c1-08772d5a2b16}", "EventData.name": "Chrome Component Updater", "EventData.Id": "{1b6c7fb0-0192-4c19-bbe3-6bf325dfcc45}", "EventData.url": "http://edgedl.me.gvt1.com/edgedl/diffgen-puffin/ggkkehgbnfjpeggfpleeakpidbkibbmn/cf1ba16f8b36b3ecf7ca1e8d13bf044b6fe28b3f91821c5cd236a729b9fe6eaf", "EventData.peer": null, "EventData.hr": "2147954402", "EventData.fileTime": "0001-01-01 00:00:00", "EventData.fileLength": "18446744073709551615", "EventData.bytesTotal": "18446744073709551615", "EventData.bytesTransferred": "0", "EventData.proxy": null, "EventData.peerProtocolFlags": "0", "EventData.bytesTransferredFromPeer": "0", "EventData.AdditionalInfoHr": "0", "EventData.PeerContextInfo": "0", "EventData.bandwidthLimit": "18446744073709551615", "EventData.ignoreBandwidthLimitsOnLan": "False"}
{"EventID": "61", "Channel": "Microsoft-Windows-Bits-Client/Operational", "Provider_Name": "Microsoft-Windows-Bits-Client", "Computer": "DESKTOP-OFJ6N53", "TimeCreated": "2025-08-22 19:53:10.629450+00:00", "RecordID": "84567", "Level": "3", "UserID": "S-1-5-18", "EventData.transferId": "{820e353e-a853-4769-b1b7-27130267b30f}", "EventData.name": "Chrome Component Updater", "EventData.Id": "{1b6c7fb0-0192-4c19-bbe3-6bf325dfcc45}", "EventData.url": "http://edgedl.me.gvt1.com/edgedl/diffgen-puffin/ggkkehgbnfjpeggfpleeakpidbkibbmn/cf1ba16f8b36b3ecf7ca1e8d13bf044b6fe28b3f91821c5cd236a729b9fe6eaf", "EventData.peer": null, "EventData.hr": "2147954402", "EventData.fileTime": "0001-01-01 00:00:00", "EventData.fileLength": "18446744073709551615", "EventData.bytesTotal": "18446744073709551615", "EventData.bytesTransferred": "0", "EventData.proxy": null, "EventData.peerProtocolFlags": "0", "EventData.bytesTransferredFromPeer": "0", "EventData.AdditionalInfoHr": "0", "EventData.PeerContextInfo": "0", "EventData.bandwidthLimit": "18446744073709551615", "EventData.ignoreBandwidthLimitsOnLan": "False"}
{"EventID": "61", "Channel": "Microsoft-Windows-Bits-Client/Operational", "Provider_Name": "Microsoft-Windows-Bits-Client", "Computer": "DESKTOP-OFJ6N53", "TimeCreated": "2025-08-22 19:54:31.709202+00:00", "RecordID": "84568", "Level": "3", "UserID": "S-1-5-18", "EventData.transferId": "{b3737275-079d-4c4e-937b-d485eec1d8fb}", "EventData.name": "Chrome Component Updater", "EventData.Id": "{1b6c7fb0-0192-4c19-bbe3-6bf325dfcc45}", "EventData.url": "http://edgedl.me.gvt1.com/edgedl/diffgen-puffin/ggkkehgbnfjpeggfpleeakpidbkibbmn/cf1ba16f8b36b3ecf7ca1e8d13bf044b6fe28b3f91821c5cd236a729b9fe6eaf", "EventData.peer": null, "EventData.hr": "2147954402", "EventData.fileTime": "0001-01-01 00:00:00", "EventData.fileLength": "18446744073709551615", "EventData.bytesTotal": "18446744073709551615", "EventData.bytesTransferred": "0", "EventData.proxy": null, "EventData.peerProtocolFlags": "0", "EventData.bytesTransferredFromPeer": "0", "EventData.AdditionalInfoHr": "0", "EventData.PeerContextInfo": "0", "EventData.bandwidthLimit": "18446744073709551615", "EventData.ignoreBandwidthLimitsOnLan": "False"}
{"EventID": "61", "Channel": "Microsoft-Windows-Bits-Client/Operational", "Provider_Name": "Microsoft-Windows-Bits-Client", "Computer": "DESKTOP-OFJ6N53", "TimeCreated": "2025-08-22 19:55:53.004797+00:00", "RecordID": "84569", "Level": "3", "UserID": "S-1-5-18", "EventData.transferId": "{52e6ec02-8c8f-4488-874e-1f561162d035}", "EventData.name": "Chrome Component Updater", "EventData.Id": "{1b6c7fb0-0192-4c19-bbe3-6bf325dfcc45}", "EventData.url": "http://edgedl.me.gvt1.com/edgedl/diffgen-puffin/ggkkehgbnfjpeggfpleeakpidbkibbmn/cf1ba16f8b36b3ecf7ca1e8d13bf044b6fe28b3f91821c5cd236a729b9fe6eaf", "EventData.peer": null, "EventData.hr": "2147954402", "EventData.fileTime": "0001-01-01 00:00:00", "EventData.fileLength": "18446744073709551615", "EventData.bytesTotal": "18446744073709551615", "EventData.bytesTransferred": "0", "EventData.proxy": null, "EventData.peerProtocolFlags": "0", "EventData.bytesTransferredFromPeer": "0", "EventData.AdditionalInfoHr": "0", "EventData.PeerContextInfo": "0", "EventData.bandwidthLimit": "18446744073709551615", "EventData.ignoreBandwidthLimitsOnLan": "False"}
{"EventID": "61", "Channel": "Microsoft-Windows-Bits-Client/Operational", "Provider_Name": "Microsoft-Windows-Bits-Client", "Computer": "DESKTOP-OFJ6N53", "TimeCreated": "2025-08-22 19:57:14.037968+00:00", "RecordID": "84570", "Level": "3", "UserID": "S-1-5-18", "EventData.transferId": "{81ad16eb-dcd6-4220-bb40-c565e74fa9b0}", "EventData.name": "Chrome Component Updater", "EventData.Id": "{1b6c7fb0-0192-4c19-bbe3-6bf325dfcc45}", "EventData.url": "http://edgedl.me.gvt1.com/edgedl/diffgen-puffin/ggkkehgbnfjpeggfpleeakpidbkibbmn/cf1ba16f8b36b3ecf7ca1e8d13bf044b6fe28b3f91821c5cd236a729b9fe6eaf", "EventData.peer": null, "EventData.hr": "2147954402", "EventData.fileTime": "0001-01-01 00:00:00", "EventData.fileLength": "18446744073709551615", "EventData.bytesTotal": "18446744073709551615", "EventData.bytesTransferred": "0", "EventData.proxy": null, "EventData.peerProtocolFlags": "0", "EventData.bytesTransferredFromPeer": "0", "EventData.AdditionalInfoHr": "0", "EventData.PeerContextInfo": "0", "EventData.bandwidthLimit": "18446744073709551615", "EventData.ignoreBandwidthLimitsOnLan": "False"}
{"EventID": "61", "Channel": "Microsoft-Windows-Bits-Client/Operational", "Provider_Name": "Microsoft-Windows-Bits-Client", "Computer": "DESKTOP-OFJ6N53", "TimeCreated": "2025-08-22 19:58:35.597759+00:00", "RecordID": "84571", "Level": "3", "UserID": "S-1-5-18", "EventData.transferId": "{bb147872-f3fe-45a9-b330-459f08ec0a77}", "EventData.name": "Chrome Component Updater", "EventData.Id": "{1b6c7fb0-0192-4c19-bbe3-6bf325dfcc45}", "EventData.url": "http://edgedl.me.gvt1.com/edgedl/diffgen-puffin/ggkkehgbnfjpeggfpleeakpidbkibbmn/cf1ba16f8b36b3ecf7ca1e8d13bf044b6fe28b3f91821c5cd236a729b9fe6eaf", "EventData.peer": null, "EventData.hr": "2147954402", "EventData.fileTime": "0001-01-01 00:00:00", "EventData.fileLength": "18446744073709551615", "EventData.bytesTotal": "18446744073709551615", "EventData.bytesTransferred": "0", "EventData.proxy": null, "EventData.peerProtocolFlags": "0", "EventData.bytesTransferredFromPeer": "0", "EventData.AdditionalInfoHr": "0", "EventData.PeerContextInfo": "0", "EventData.bandwidthLimit": "18446744073709551615", "EventData.ignoreBandwidthLimitsOnLan": "False"}
{"EventID": "61", "Channel": "Microsoft-Windows-Bits-Client/Operational", "Provider_Name": "Microsoft-Windows-Bits-Client", "Computer": "DESKTOP-OFJ6N53", "TimeCreated": "2025-08-22 19:59:56.615662+00:00", "RecordID": "84572", "Level": "3", "UserID": "S-1-5-18", "EventData.transferId": "{6e2c0d8b-3d7a-4756-bd80-aad274050d9b}", "EventData.name": "Chrome Component Updater", "EventData.Id": "{1b6c7fb0-0192-4c19-bbe3-6bf325dfcc45}", "EventData.url": "http://edgedl.me.gvt1.com/edgedl/diffgen-puffin/ggkkehgbnfjpeggfpleeakpidbkibbmn/cf1ba16f8b36b3ecf7ca1e8d13bf044b6fe28b3f91821c5cd236a729b9fe6eaf", "EventData.peer": null, "EventData.hr": "2147954402", "EventData.fileTime": "0001-01-01 00:00:00", "EventData.fileLength": "18446744073709551615", "EventData.bytesTotal": "18446744073709551615", "EventData.bytesTransferred": "0", "EventData.proxy": null, "EventData.peerProtocolFlags": "0", "EventData.bytesTransferredFromPeer": "0", "EventData.AdditionalInfoHr": "0", "EventData.PeerContextInfo": "0", "EventData.bandwidthLimit": "18446744073709551615", "EventData.ignoreBandwidthLimitsOnLan": "False"}
{"EventID": "61", "Channel": "Microsoft-Windows-Bits-Client/Operational", "Provider_Name": "Microsoft-Windows-Bits-Client", "Computer": "DESKTOP-OFJ6N53", "TimeCreated": "2025-08-22 20:01:17.698145+00:00", "RecordID": "84573", "Level": "3", "UserID": "S-1-5-18", "EventData.transferId": "{d547a99a-cd72-465b-a7e9-61619b5824e0}", "EventData.name": "Chrome Component Updater", "EventData.Id": "{1b6c7fb0-0192-4c19-bbe3-6bf325dfcc45}", "EventData.url": "http://edgedl.me.gvt1.com/edgedl/diffgen-puffin/ggkkehgbnfjpeggfpleeakpidbkibbmn/cf1ba16f8b36b3ecf7ca1e8d13bf044b6fe28b3f91821c5cd236a729b9fe6eaf", "EventData.peer": null, "EventData.hr": "2147954402", "EventData.fileTime": "0001-01-01 00:00:00", "EventData.fileLength": "18446744073709551615", "EventData.bytesTotal": "18446744073709551615", "EventData.bytesTransferred": "0", "EventData.proxy": null, "EventData.peerProtocolFlags": "0", "EventData.bytesTransferredFromPeer": "0", "EventData.AdditionalInfoHr": "0", "EventData.PeerContextInfo": "0", "EventData.bandwidthLimit": "18446744073709551615", "EventData.ignoreBandwidthLimitsOnLan": "False"}
{"EventID": "61", "Channel": "Microsoft-Windows-Bits-Client/Operational", "Provider_Name": "Microsoft-Windows-Bits-Client", "Computer": "DESKTOP-OFJ6N53", "TimeCreated": "2025-08-22 20:02:39.152349+00:00", "RecordID": "84574", "Level": "3", "UserID": "S-1-5-18", "EventData.transferId": "{132acb16-ea65-4f93-8f2d-57e7d585ef77}", "EventData.name": "Chrome Component Updater", "EventData.Id": "{1b6c7fb0-0192-4c19-bbe3-6bf325dfcc45}", "EventData.url": "http://edgedl.me.gvt1.com/edgedl/diffgen-puffin/ggkkehgbnfjpeggfpleeakpidbkibbmn/cf1ba16f8b36b3ecf7ca1e8d13bf044b6fe28b3f91821c5cd236a729b9fe6eaf", "EventData.peer": null, "EventData.hr": "2147954402", "EventData.fileTime": "0001-01-01 00:00:00", "EventData.fileLength": "18446744073709551615", "EventData.bytesTotal": "18446744073709551615", "EventData.bytesTransferred": "0", "EventData.proxy": null, "EventData.peerProtocolFlags": "0", "EventData.bytesTransferredFromPeer": "0", "EventData.AdditionalInfoHr": "0", "EventData.PeerContextInfo": "0", "EventData.bandwidthLimit": "18446744073709551615", "EventData.ignoreBandwidthLimitsOnLan": "False"}
{"EventID": "61", "Channel": "Microsoft-Windows-Bits-Client/Operational", "Provider_Name": "Microsoft-Windows-Bits-Client", "Computer": "DESKTOP-OFJ6N53", "TimeCreated": "2025-08-22 20:04:00.355837+00:00", "RecordID": "84575", "Level": "3", "UserID": "S-1-5-18", "EventData.transferId": "{172a3dcb-0ac3-4c08-80c0-854a890c9dcd}", "EventData.name": "Chrome Component Updater", "EventData.Id": "{1b6c7fb0-0192-4c19-bbe3-6bf325dfcc45}", "EventData.url": "http://edgedl.me.gvt1.com/edgedl/diffgen-puffin/ggkkehgbnfjpeggfpleeakpidbkibbmn/cf1ba16f8b36b3ecf7ca1e8d13bf044b6fe28b3f91821c5cd236a729b9fe6eaf", "EventData.peer": null, "EventData.hr": "2147954402", "EventData.fileTime": "0001-01-01 00:00:00", "EventData.fileLength": "18446744073709551615", "EventData.bytesTotal": "18446744073709551615", "EventData.bytesTransferred": "0", "EventData.proxy": null, "EventData.peerProtocolFlags": "0", "EventData.bytesTransferredFromPeer": "0", "EventData.AdditionalInfoHr": "0", "EventData.PeerContextInfo": "0", "EventData.bandwidthLimit": "18446744073709551615", "EventData.ignoreBandwidthLimitsOnLan": "False"}
{"EventID": "61", "Channel": "Microsoft-Windows-Bits-Client/Operational", "Provider_Name": "Microsoft-Windows-Bits-Client", "Computer": "DESKTOP-OFJ6N53", "TimeCreated": "2025-08-22 20:05:21.365602+00:00", "RecordID": "84576", "Level": "3", "UserID": "S-1-5-18", "EventData.transferId": "{1c42a4b4-c9ca-46e4-942b-58c05e59b79c}", "EventData.name": "Chrome Component Updater", "EventData.Id": "{1b6c7fb0-0192-4c19-bbe3-6bf325dfcc45}", "EventData.url": "http://edgedl.me.gvt1.com/edgedl/diffgen-puffin/ggkkehgbnfjpeggfpleeakpidbkibbmn/cf1ba16f8b36b3ecf7ca1e8d13bf044b6fe28b3f91821c5cd236a729b9fe6eaf", "EventData.peer": null, "EventData.hr": "2147954402", "EventData.fileTime": "0001-01-01 00:00:00", "EventData.fileLength": "18446744073709551615", "EventData.bytesTotal": "18446744073709551615", "EventData.bytesTransferred": "0", "EventData.proxy": null, "EventData.peerProtocolFlags": "0", "EventData.bytesTransferredFromPeer": "0", "EventData.AdditionalInfoHr": "0", "EventData.PeerContextInfo": "0", "EventData.bandwidthLimit": "18446744073709551615", "EventData.ignoreBandwidthLimitsOnLan": "False"}
{"EventID": "61", "Channel": "Microsoft-Windows-Bits-Client/Operational", "Provider_Name": "Microsoft-Windows-Bits-Client", "Computer": "DESKTOP-OFJ6N53", "TimeCreated": "2025-08-22 20:06:42.615528+00:00", "RecordID": "84577", "Level": "3", "UserID": "S-1-5-18", "EventData.transferId": "{623d1959-a247-4f6f-b066-6f75fd1bfc39}", "EventData.name": "Chrome Component Updater", "EventData.Id": "{1b6c7fb0-0192-4c19-bbe3-6bf325dfcc45}", "EventData.url": "http://edgedl.me.gvt1.com/edgedl/diffgen-puffin/ggkkehgbnfjpeggfpleeakpidbkibbmn/cf1ba16f8b36b3ecf7ca1e8d13bf044b6fe28b3f91821c5cd236a729b9fe6eaf", "EventData.peer": null, "EventData.hr": "2147954402", "EventData.fileTime": "0001-01-01 00:00:00", "EventData.fileLength": "18446744073709551615", "EventData.bytesTotal": "18446744073709551615", "EventData.bytesTransferred": "0", "EventData.proxy": null, "EventData.peerProtocolFlags": "0", "EventData.bytesTransferredFromPeer": "0", "EventData.AdditionalInfoHr": "0", "EventData.PeerContextInfo": "0", "EventData.bandwidthLimit": "18446744073709551615", "EventData.ignoreBandwidthLimitsOnLan": "False"}
{"EventID": "61", "Channel": "Microsoft-Windows-Bits-Client/Operational", "Provider_Name": "Microsoft-Windows-Bits-Client", "Computer": "DESKTOP-OFJ6N53", "TimeCreated": "2025-08-22 20:08:03.662716+00:00", "RecordID": "84578", "Level": "3", "UserID": "S-1-5-18", "EventData.transferId": "{298d5c38-594a-44e3-bec9-b87c66114747}", "EventData.name": "Chrome Component Updater", "EventData.Id": "{1b6c7fb0-0192-4c19-bbe3-6bf325dfcc45}", "EventData.url": "http://edgedl.me.gvt1.com/edgedl/diffgen-puffin/ggkkehgbnfjpeggfpleeakpidbkibbmn/cf1ba16f8b36b3ecf7ca1e8d13bf044b6fe28b3f91821c5cd236a729b9fe6eaf", "EventData.peer": null, "EventData.hr": "2147954402", "EventData.fileTime": "0001-01-01 00:00:00", "EventData.fileLength": "18446744073709551615", "EventData.bytesTotal": "18446744073709551615", "EventData.bytesTransferred": "0", "EventData.proxy": null, "EventData.peerProtocolFlags": "0", "EventData.bytesTransferredFromPeer": "0", "EventData.AdditionalInfoHr": "0", "EventData.PeerContextInfo": "0", "EventData.bandwidthLimit": "18446744073709551615", "EventData.ignoreBandwidthLimitsOnLan": "False"}
