{"EventID": "12", "Channel": "Microsoft-Windows-Security-Mitigations/KernelMode", "Provider_Name": "Microsoft-Windows-Security-Mitigations", "Computer": "DESKTOP-OFJ6N53", "TimeCreated": "2025-03-17 20:29:19.330042+00:00", "RecordID": "8688", "Level": "3", "UserID": "S-1-5-18", "EventData.ProcessPathLength": "100", "EventData.ProcessPath": "\\Device\\HarddiskVolume3\\ProgramData\\Microsoft\\Windows Defender\\Platform\\4.18.25010.11-0\\MpCmdRun.exe", "EventData.ProcessCommandLineLength": "135", "EventData.ProcessCommandLine": "\"C:\\ProgramData\\Microsoft\\Windows Defender\\Platform\\4.18.25010.11-0\\MpCmdRun.exe\" SignaturesUpdateService -ScheduleJob -UnmanagedUpdate", "EventData.ProcessId": "13548", "EventData.ProcessCreateTime": "2025-03-17 20:28:42.692657+00:00", "EventData.ProcessStartKey": "44191571343580615", "EventData.ProcessSignatureLevel": "8", "EventData.ProcessSectionSignatureLevel": "8", "EventData.ProcessProtection": "0", "EventData.TargetThreadId": "3204", "EventData.TargetThreadCreateTime": "2025-03-17 20:28:42.847141+00:00", "EventData.RequiredSignatureLevel": "8", "EventData.SignatureLevel": "0", "EventData.ImageNameLength": "60", "EventData.ImageName": "\\Program Files\\Common Files\\Crypto Pro\\AppCompat\\cpadvai.dll"}
{"EventID": "12", "Channel": "Microsoft-Windows-Security-Mitigations/KernelMode", "Provider_Name": "Microsoft-Windows-Security-Mitigations", "Computer": "DESKTOP-OFJ6N53", "TimeCreated": "2025-03-18 12:41:37.063183+00:00", "RecordID": "8689", "Level": "3", "UserID": "S-1-5-21-963789628-1060504924-4285088085-1001", "EventData.ProcessPathLength": "74", "EventData.ProcessPath": "\\Device\\HarddiskVolume3\\Program Files\\Google\\Chrome\\Application\\chrome.exe", "EventData.ProcessCommandLineLength": "512", "EventData.ProcessCommandLine": "\"C:\\Program Files\\Google\\Chrome\\Application\\chrome.exe\" --type=renderer --no-pre-read-main-dll --disable-gpu-compositing --video-capture-use-gpu-memory-buffer --lang=ru --device-scale-factor=1.25 --num-raster-threads=2 --enable-main-frame-before-activation --renderer-client-id=117 --time-ticks-at-unix-epoch=-1741724218162957 --launch-time-ticks=577473140818 --field-trial-handle=1980,i,6669920802819667351,7466261766539494605,262144 --variations-seed-version=20250313-182214.581000 --mojo-platform-channel-hand", "EventData.ProcessId": "1868", "EventData.ProcessCreateTime": "2025-03-18 12:41:34.956223+00:00", "EventData.ProcessStartKey": "44191571343581380", "EventData.ProcessSignatureLevel": "8", "EventData.ProcessSectionSignatureLevel": "8", "EventData.ProcessProtection": "0", "EventData.TargetThreadId": "7228", "EventData.TargetThreadCreateTime": "2025-03-18 12:41:34.956228+00:00", "EventData.RequiredSignatureLevel": "8", "EventData.SignatureLevel": "0", "EventData.ImageNameLength": "60", "EventData.ImageName": "\\Program Files\\Common Files\\Crypto Pro\\AppCompat\\cpcrypt.dll"}
{"EventID": "12", "Channel": "Microsoft-Windows-Security-Mitigations/KernelMode", "Provider_Name": "Microsoft-Windows-Security-Mitigations", "Computer": "DESKTOP-OFJ6N53", "TimeCreated": "2025-03-18 12:41:38.033340+00:00", "RecordID": "8690", "Level": "3", "UserID": "S-1-5-21-963789628-1060504924-4285088085-1001", "EventData.ProcessPathLength": "74", "EventData.ProcessPath": "\\Device\\HarddiskVolume3\\Program Files\\Google\\Chrome\\Application\\chrome.exe", "EventData.ProcessCommandLineLength": "512", "EventData.ProcessCommandLine": "\"C:\\Program Files\\Google\\Chrome\\Application\\chrome.exe\" --type=renderer --no-pre-read-main-dll --disable-gpu-compositing --video-capture-use-gpu-memory-buffer --lang=ru --device-scale-factor=1.25 --num-raster-threads=2 --enable-main-frame-before-activation --renderer-client-id=118 --time-ticks-at-unix-epoch=-1741724218162957 --launch-time-ticks=577474549821 --field-trial-handle=1980,i,6669920802819667351,7466261766539494605,262144 --variations-seed-version=20250313-182214.581000 --mojo-platform-channel-hand", "EventData.ProcessId": "9968", "EventData.ProcessCreateTime": "2025-03-18 12:41:36.365051+00:00", "EventData.ProcessStartKey": "44191571343581381", "EventData.ProcessSignatureLevel": "8", "EventData.ProcessSectionSignatureLevel": "8", "EventData.ProcessProtection": "0", "EventData.TargetThreadId": "13744", "EventData.TargetThreadCreateTime": "2025-03-18 12:41:36.365057+00:00", "EventData.RequiredSignatureLevel": "8", "EventData.SignatureLevel": "0", "EventData.ImageNameLength": "60", "EventData.ImageName": "\\Program Files\\Common Files\\Crypto Pro\\AppCompat\\cpcrypt.dll"}
{"EventID": "12", "Channel": "Microsoft-Windows-Security-Mitigations/KernelMode", "Provider_Name": "Microsoft-Windows-Security-Mitigations", "Computer": "DESKTOP-OFJ6N53", "TimeCreated": "2025-03-18 12:41:40.057474+00:00", "RecordID": "8691", "Level": "3", "UserID": "S-1-5-21-963789628-1060504924-4285088085-1001", "EventData.ProcessPathLength": "74", "EventData.ProcessPath": "\\Device\\HarddiskVolume3\\Program Files\\Google\\Chrome\\Application\\chrome.exe", "EventData.ProcessCommandLineLength": "512", "EventData.ProcessCommandLine": "\"C:\\Program Files\\Google\\Chrome\\Application\\chrome.exe\" --type=renderer --no-pre-read-main-dll --disable-gpu-compositing --video-capture-use-gpu-memory-buffer --lang=ru --device-scale-factor=1.25 --num-raster-threads=2 --enable-main-frame-before-activation --renderer-client-id=120 --time-ticks-at-unix-epoch=-1741724218162957 --launch-time-ticks=577475909559 --field-trial-handle=1980,i,6669920802819667351,7466261766539494605,262144 --variations-seed-version=20250313-182214.581000 --mojo-platform-channel-hand", "EventData.ProcessId": "12424", "EventData.ProcessCreateTime": "2025-03-18 12:41:37.724859+00:00", "EventData.ProcessStartKey": "44191571343581383", "EventData.ProcessSignatureLevel": "8", "EventData.ProcessSectionSignatureLevel": "8", "EventData.ProcessProtection": "0", "EventData.TargetThreadId": "14584", "EventData.TargetThreadCreateTime": "2025-03-18 12:41:37.724861+00:00", "EventData.RequiredSignatureLevel": "8", "EventData.SignatureLevel": "0", "EventData.ImageNameLength": "60", "EventData.ImageName": "\\Program Files\\Common Files\\Crypto Pro\\AppCompat\\cpcrypt.dll"}
{"EventID": "12", "Channel": "Microsoft-Windows-Security-Mitigations/KernelMode", "Provider_Name": "Microsoft-Windows-Security-Mitigations", "Computer": "DESKTOP-OFJ6N53", "TimeCreated": "2025-03-18 20:29:09.087519+00:00", "RecordID": "8692", "Level": "3", "UserID": "S-1-5-18", "EventData.ProcessPathLength": "100", "EventData.ProcessPath": "\\Device\\HarddiskVolume3\\ProgramData\\Microsoft\\Windows Defender\\Platform\\4.18.25010.11-0\\MpCmdRun.exe", "EventData.ProcessCommandLineLength": "135", "EventData.ProcessCommandLine": "\"C:\\ProgramData\\Microsoft\\Windows Defender\\Platform\\4.18.25010.11-0\\MpCmdRun.exe\" SignaturesUpdateService -ScheduleJob -UnmanagedUpdate", "EventData.ProcessId": "11824", "EventData.ProcessCreateTime": "2025-03-18 20:28:44.040682+00:00", "EventData.ProcessStartKey": "44191571343581818", "EventData.ProcessSignatureLevel": "8", "EventData.ProcessSectionSignatureLevel": "8", "EventData.ProcessProtection": "0", "EventData.TargetThreadId": "13252", "EventData.TargetThreadCreateTime": "2025-03-18 20:28:44.182886+00:00", "EventData.RequiredSignatureLevel": "8", "EventData.SignatureLevel": "0", "EventData.ImageNameLength": "60", "EventData.ImageName": "\\Program Files\\Common Files\\Crypto Pro\\AppCompat\\cpadvai.dll"}
{"EventID": "12", "Channel": "Microsoft-Windows-Security-Mitigations/KernelMode", "Provider_Name": "Microsoft-Windows-Security-Mitigations", "Computer": "DESKTOP-OFJ6N53", "TimeCreated": "2025-03-19 15:05:16.507694+00:00", "RecordID": "8693", "Level": "3", "UserID": "S-1-5-21-963789628-1060504924-4285088085-1001", "EventData.ProcessPathLength": "74", "EventData.ProcessPath": "\\Device\\HarddiskVolume3\\Program Files\\Google\\Chrome\\Application\\chrome.exe", "EventData.ProcessCommandLineLength": "512", "EventData.ProcessCommandLine": "\"C:\\Program Files\\Google\\Chrome\\Application\\chrome.exe\" --type=renderer --no-pre-read-main-dll --disable-gpu-compositing --video-capture-use-gpu-memory-buffer --lang=ru --device-scale-factor=1.25 --num-raster-threads=2 --enable-main-frame-before-activation --renderer-client-id=136 --time-ticks-at-unix-epoch=-1741724218162957 --launch-time-ticks=672492983196 --field-trial-handle=1980,i,6669920802819667351,7466261766539494605,262144 --variations-seed-version=20250313-182214.581000 --mojo-platform-channel-hand", "EventData.ProcessId": "8360", "EventData.ProcessCreateTime": "2025-03-19 15:05:16.083864+00:00", "EventData.ProcessStartKey": "44191571343582812", "EventData.ProcessSignatureLevel": "8", "EventData.ProcessSectionSignatureLevel": "8", "EventData.ProcessProtection": "0", "EventData.TargetThreadId": "7088", "EventData.TargetThreadCreateTime": "2025-03-19 15:05:16.083866+00:00", "EventData.RequiredSignatureLevel": "8", "EventData.SignatureLevel": "0", "EventData.ImageNameLength": "60", "EventData.ImageName": "\\Program Files\\Common Files\\Crypto Pro\\AppCompat\\cpcrypt.dll"}
{"EventID": "12", "Channel": "Microsoft-Windows-Security-Mitigations/KernelMode", "Provider_Name": "Microsoft-Windows-Security-Mitigations", "Computer": "DESKTOP-OFJ6N53", "TimeCreated": "2025-03-19 15:05:17.364561+00:00", "RecordID": "8694", "Level": "3", "UserID": "S-1-5-21-963789628-1060504924-4285088085-1001", "EventData.ProcessPathLength": "74", "EventData.ProcessPath": "\\Device\\HarddiskVolume3\\Program Files\\Google\\Chrome\\Application\\chrome.exe", "EventData.ProcessCommandLineLength": "512", "EventData.ProcessCommandLine": "\"C:\\Program Files\\Google\\Chrome\\Application\\chrome.exe\" --type=renderer --no-pre-read-main-dll --disable-gpu-compositing --video-capture-use-gpu-memory-buffer --lang=ru --device-scale-factor=1.25 --num-raster-threads=2 --enable-main-frame-before-activation --renderer-client-id=137 --time-ticks-at-unix-epoch=-1741724218162957 --launch-time-ticks=672493857045 --field-trial-handle=1980,i,6669920802819667351,7466261766539494605,262144 --variations-seed-version=20250313-182214.581000 --mojo-platform-channel-hand", "EventData.ProcessId": "15336", "EventData.ProcessCreateTime": "2025-03-19 15:05:16.957426+00:00", "EventData.ProcessStartKey": "44191571343582813", "EventData.ProcessSignatureLevel": "8", "EventData.ProcessSectionSignatureLevel": "8", "EventData.ProcessProtection": "0", "EventData.TargetThreadId": "11380", "EventData.TargetThreadCreateTime": "2025-03-19 15:05:16.957428+00:00", "EventData.RequiredSignatureLevel": "8", "EventData.SignatureLevel": "0", "EventData.ImageNameLength": "60", "EventData.ImageName": "\\Program Files\\Common Files\\Crypto Pro\\AppCompat\\cpcrypt.dll"}
{"EventID": "12", "Channel": "Microsoft-Windows-Security-Mitigations/KernelMode", "Provider_Name": "Microsoft-Windows-Security-Mitigations", "Computer": "DESKTOP-OFJ6N53", "TimeCreated": "2025-03-19 15:05:23.285240+00:00", "RecordID": "8695", "Level": "3", "UserID": "S-1-5-21-963789628-1060504924-4285088085-1001", "EventData.ProcessPathLength": "74", "EventData.ProcessPath": "\\Device\\HarddiskVolume3\\Program Files\\Google\\Chrome\\Application\\chrome.exe", "EventData.ProcessCommandLineLength": "512", "EventData.ProcessCommandLine": "\"C:\\Program Files\\Google\\Chrome\\Application\\chrome.exe\" --type=renderer --no-pre-read-main-dll --disable-gpu-compositing --video-capture-use-gpu-memory-buffer --lang=ru --device-scale-factor=1.25 --num-raster-threads=2 --enable-main-frame-before-activation --renderer-client-id=139 --time-ticks-at-unix-epoch=-1741724218162957 --launch-time-ticks=672499998006 --field-trial-handle=1980,i,6669920802819667351,7466261766539494605,262144 --variations-seed-version=20250313-182214.581000 --mojo-platform-channel-hand", "EventData.ProcessId": "11508", "EventData.ProcessCreateTime": "2025-03-19 15:05:23.098717+00:00", "EventData.ProcessStartKey": "44191571343582816", "EventData.ProcessSignatureLevel": "8", "EventData.ProcessSectionSignatureLevel": "8", "EventData.ProcessProtection": "0", "EventData.TargetThreadId": "12928", "EventData.TargetThreadCreateTime": "2025-03-19 15:05:23.098719+00:00", "EventData.RequiredSignatureLevel": "8", "EventData.SignatureLevel": "0", "EventData.ImageNameLength": "60", "EventData.ImageName": "\\Program Files\\Common Files\\Crypto Pro\\AppCompat\\cpcrypt.dll"}
{"EventID": "12", "Channel": "Microsoft-Windows-Security-Mitigations/KernelMode", "Provider_Name": "Microsoft-Windows-Security-Mitigations", "Computer": "DESKTOP-OFJ6N53", "TimeCreated": "2025-03-19 15:05:25.381535+00:00", "RecordID": "8696", "Level": "3", "UserID": "S-1-5-21-963789628-1060504924-4285088085-1001", "EventData.ProcessPathLength": "74", "EventData.ProcessPath": "\\Device\\HarddiskVolume3\\Program Files\\Google\\Chrome\\Application\\chrome.exe", "EventData.ProcessCommandLineLength": "512", "EventData.ProcessCommandLine": "\"C:\\Program Files\\Google\\Chrome\\Application\\chrome.exe\" --type=renderer --no-pre-read-main-dll --disable-gpu-compositing --video-capture-use-gpu-memory-buffer --lang=ru --device-scale-factor=1.25 --num-raster-threads=2 --enable-main-frame-before-activation --renderer-client-id=140 --time-ticks-at-unix-epoch=-1741724218162957 --launch-time-ticks=672501933090 --field-trial-handle=1980,i,6669920802819667351,7466261766539494605,262144 --variations-seed-version=20250313-182214.581000 --mojo-platform-channel-hand", "EventData.ProcessId": "11984", "EventData.ProcessCreateTime": "2025-03-19 15:05:25.033260+00:00", "EventData.ProcessStartKey": "44191571343582817", "EventData.ProcessSignatureLevel": "8", "EventData.ProcessSectionSignatureLevel": "8", "EventData.ProcessProtection": "0", "EventData.TargetThreadId": "9092", "EventData.TargetThreadCreateTime": "2025-03-19 15:05:25.033264+00:00", "EventData.RequiredSignatureLevel": "8", "EventData.SignatureLevel": "0", "EventData.ImageNameLength": "60", "EventData.ImageName": "\\Program Files\\Common Files\\Crypto Pro\\AppCompat\\cpcrypt.dll"}
{"EventID": "12", "Channel": "Microsoft-Windows-Security-Mitigations/KernelMode", "Provider_Name": "Microsoft-Windows-Security-Mitigations", "Computer": "DESKTOP-OFJ6N53", "TimeCreated": "2025-03-19 20:29:08.004639+00:00", "RecordID": "8697", "Level": "3", "UserID": "S-1-5-18", "EventData.ProcessPathLength": "100", "EventData.ProcessPath": "\\Device\\HarddiskVolume3\\ProgramData\\Microsoft\\Windows Defender\\Platform\\4.18.25010.11-0\\MpCmdRun.exe", "EventData.ProcessCommandLineLength": "135", "EventData.ProcessCommandLine": "\"C:\\ProgramData\\Microsoft\\Windows Defender\\Platform\\4.18.25010.11-0\\MpCmdRun.exe\" SignaturesUpdateService -ScheduleJob -UnmanagedUpdate", "EventData.ProcessId": "13912", "EventData.ProcessCreateTime": "2025-03-19 20:28:45.491198+00:00", "EventData.ProcessStartKey": "44191571343583101", "EventData.ProcessSignatureLevel": "8", "EventData.ProcessSectionSignatureLevel": "8", "EventData.ProcessProtection": "0", "EventData.TargetThreadId": "8328", "EventData.TargetThreadCreateTime": "2025-03-19 20:28:45.916822+00:00", "EventData.RequiredSignatureLevel": "8", "EventData.SignatureLevel": "0", "EventData.ImageNameLength": "60", "EventData.ImageName": "\\Program Files\\Common Files\\Crypto Pro\\AppCompat\\cpadvai.dll"}
{"EventID": "12", "Channel": "Microsoft-Windows-Security-Mitigations/KernelMode", "Provider_Name": "Microsoft-Windows-Security-Mitigations", "Computer": "DESKTOP-OFJ6N53", "TimeCreated": "2025-03-20 20:29:21.046997+00:00", "RecordID": "8698", "Level": "3", "UserID": "S-1-5-18", "EventData.ProcessPathLength": "100", "EventData.ProcessPath": "\\Device\\HarddiskVolume3\\ProgramData\\Microsoft\\Windows Defender\\Platform\\4.18.25010.11-0\\MpCmdRun.exe", "EventData.ProcessCommandLineLength": "135", "EventData.ProcessCommandLine": "\"C:\\ProgramData\\Microsoft\\Windows Defender\\Platform\\4.18.25010.11-0\\MpCmdRun.exe\" SignaturesUpdateService -ScheduleJob -UnmanagedUpdate", "EventData.ProcessId": "15192", "EventData.ProcessCreateTime": "2025-03-20 20:28:54.806168+00:00", "EventData.ProcessStartKey": "44191571343584264", "EventData.ProcessSignatureLevel": "8", "EventData.ProcessSectionSignatureLevel": "8", "EventData.ProcessProtection": "0", "EventData.TargetThreadId": "14768", "EventData.TargetThreadCreateTime": "2025-03-20 20:28:54.991478+00:00", "EventData.RequiredSignatureLevel": "8", "EventData.SignatureLevel": "0", "EventData.ImageNameLength": "60", "EventData.ImageName": "\\Program Files\\Common Files\\Crypto Pro\\AppCompat\\cpadvai.dll"}
{"EventID": "12", "Channel": "Microsoft-Windows-Security-Mitigations/KernelMode", "Provider_Name": "Microsoft-Windows-Security-Mitigations", "Computer": "DESKTOP-OFJ6N53", "TimeCreated": "2025-03-21 15:16:11.038635+00:00", "RecordID": "8699", "Level": "3", "UserID": "S-1-5-21-963789628-1060504924-4285088085-1001", "EventData.ProcessPathLength": "74", "EventData.ProcessPath": "\\Device\\HarddiskVolume3\\Program Files\\Google\\Chrome\\Application\\chrome.exe", "EventData.ProcessCommandLineLength": "512", "EventData.ProcessCommandLine": "\"C:\\Program Files\\Google\\Chrome\\Application\\chrome.exe\" --type=renderer --no-pre-read-main-dll --disable-gpu-compositing --video-capture-use-gpu-memory-buffer --lang=ru --device-scale-factor=1.25 --num-raster-threads=2 --enable-main-frame-before-activation --renderer-client-id=163 --time-ticks-at-unix-epoch=-1741724218162957 --launch-time-ticks=845936656124 --field-trial-handle=1980,i,6669920802819667351,7466261766539494605,262144 --variations-seed-version=20250313-182214.581000 --mojo-platform-channel-hand", "EventData.ProcessId": "4672", "EventData.ProcessCreateTime": "2025-03-21 15:16:10.986408+00:00", "EventData.ProcessStartKey": "44191571343585210", "EventData.ProcessSignatureLevel": "8", "EventData.ProcessSectionSignatureLevel": "8", "EventData.ProcessProtection": "0", "EventData.TargetThreadId": "10872", "EventData.TargetThreadCreateTime": "2025-03-21 15:16:10.986412+00:00", "EventData.RequiredSignatureLevel": "8", "EventData.SignatureLevel": "0", "EventData.ImageNameLength": "60", "EventData.ImageName": "\\Program Files\\Common Files\\Crypto Pro\\AppCompat\\cpcrypt.dll"}
{"EventID": "12", "Channel": "Microsoft-Windows-Security-Mitigations/KernelMode", "Provider_Name": "Microsoft-Windows-Security-Mitigations", "Computer": "DESKTOP-OFJ6N53", "TimeCreated": "2025-03-21 15:16:11.333191+00:00", "RecordID": "8700", "Level": "3", "UserID": "S-1-5-21-963789628-1060504924-4285088085-1001", "EventData.ProcessPathLength": "74", "EventData.ProcessPath": "\\Device\\HarddiskVolume3\\Program Files\\Google\\Chrome\\Application\\chrome.exe", "EventData.ProcessCommandLineLength": "512", "EventData.ProcessCommandLine": "\"C:\\Program Files\\Google\\Chrome\\Application\\chrome.exe\" --type=renderer --no-pre-read-main-dll --disable-gpu-compositing --video-capture-use-gpu-memory-buffer --lang=ru --device-scale-factor=1.25 --num-raster-threads=2 --enable-main-frame-before-activation --renderer-client-id=164 --time-ticks-at-unix-epoch=-1741724218162957 --launch-time-ticks=845936951741 --field-trial-handle=1980,i,6669920802819667351,7466261766539494605,262144 --variations-seed-version=20250313-182214.581000 --mojo-platform-channel-hand", "EventData.ProcessId": "6800", "EventData.ProcessCreateTime": "2025-03-21 15:16:11.282043+00:00", "EventData.ProcessStartKey": "44191571343585211", "EventData.ProcessSignatureLevel": "8", "EventData.ProcessSectionSignatureLevel": "8", "EventData.ProcessProtection": "0", "EventData.TargetThreadId": "8780", "EventData.TargetThreadCreateTime": "2025-03-21 15:16:11.282053+00:00", "EventData.RequiredSignatureLevel": "8", "EventData.SignatureLevel": "0", "EventData.ImageNameLength": "60", "EventData.ImageName": "\\Program Files\\Common Files\\Crypto Pro\\AppCompat\\cpcrypt.dll"}
{"EventID": "12", "Channel": "Microsoft-Windows-Security-Mitigations/KernelMode", "Provider_Name": "Microsoft-Windows-Security-Mitigations", "Computer": "DESKTOP-OFJ6N53", "TimeCreated": "2025-03-21 20:29:13.528976+00:00", "RecordID": "8701", "Level": "3", "UserID": "S-1-5-18", "EventData.ProcessPathLength": "100", "EventData.ProcessPath": "\\Device\\HarddiskVolume3\\ProgramData\\Microsoft\\Windows Defender\\Platform\\4.18.25010.11-0\\MpCmdRun.exe", "EventData.ProcessCommandLineLength": "135", "EventData.ProcessCommandLine": "\"C:\\ProgramData\\Microsoft\\Windows Defender\\Platform\\4.18.25010.11-0\\MpCmdRun.exe\" SignaturesUpdateService -ScheduleJob -UnmanagedUpdate", "EventData.ProcessId": "14184", "EventData.ProcessCreateTime": "2025-03-21 20:28:56.617241+00:00", "EventData.ProcessStartKey": "44191571343585598", "EventData.ProcessSignatureLevel": "8", "EventData.ProcessSectionSignatureLevel": "8", "EventData.ProcessProtection": "0", "EventData.TargetThreadId": "1740", "EventData.TargetThreadCreateTime": "2025-03-21 20:28:56.764318+00:00", "EventData.RequiredSignatureLevel": "8", "EventData.SignatureLevel": "0", "EventData.ImageNameLength": "60", "EventData.ImageName": "\\Program Files\\Common Files\\Crypto Pro\\AppCompat\\cpadvai.dll"}
{"EventID": "12", "Channel": "Microsoft-Windows-Security-Mitigations/KernelMode", "Provider_Name": "Microsoft-Windows-Security-Mitigations", "Computer": "DESKTOP-OFJ6N53", "TimeCreated": "2025-03-22 08:17:08.310816+00:00", "RecordID": "8702", "Level": "3", "UserID": "S-1-5-18", "EventData.ProcessPathLength": "59", "EventData.ProcessPath": "\\Device\\HarddiskVolume3\\Windows\\System32\\WaaSMedicAgent.exe", "EventData.ProcessCommandLineLength": "104", "EventData.ProcessCommandLine": "C:\\Windows\\System32\\WaaSMedicAgent.exe 5737c78e921cf036dd1268edfa89a421 +gO/CD10cEyZ5RqOHr+dXg.0.1.0.0.0", "EventData.ProcessId": "7812", "EventData.ProcessCreateTime": "2025-03-22 08:17:07.284870+00:00", "EventData.ProcessStartKey": "44191571343586058", "EventData.ProcessSignatureLevel": "8", "EventData.ProcessSectionSignatureLevel": "8", "EventData.ProcessProtection": "0", "EventData.TargetThreadId": "8484", "EventData.TargetThreadCreateTime": "2025-03-22 08:17:08.301035+00:00", "EventData.RequiredSignatureLevel": "8", "EventData.SignatureLevel": "0", "EventData.ImageNameLength": "60", "EventData.ImageName": "\\Program Files\\Common Files\\Crypto Pro\\AppCompat\\cpadvai.dll"}
{"EventID": "12", "Channel": "Microsoft-Windows-Security-Mitigations/KernelMode", "Provider_Name": "Microsoft-Windows-Security-Mitigations", "Computer": "DESKTOP-OFJ6N53", "TimeCreated": "2025-03-22 08:17:15.794237+00:00", "RecordID": "8703", "Level": "3", "UserID": "S-1-5-18", "EventData.ProcessPathLength": "59", "EventData.ProcessPath": "\\Device\\HarddiskVolume3\\Windows\\System32\\WaaSMedicAgent.exe", "EventData.ProcessCommandLineLength": "104", "EventData.ProcessCommandLine": "C:\\Windows\\System32\\WaaSMedicAgent.exe 48cf4e2442812921bbc67a535f95f580 +gO/CD10cEyZ5RqOHr+dXg.0.1.0.0.0", "EventData.ProcessId": "11972", "EventData.ProcessCreateTime": "2025-03-22 08:17:14.768600+00:00", "EventData.ProcessStartKey": "44191571343586065", "EventData.ProcessSignatureLevel": "8", "EventData.ProcessSectionSignatureLevel": "8", "EventData.ProcessProtection": "0", "EventData.TargetThreadId": "1316", "EventData.TargetThreadCreateTime": "2025-03-22 08:17:15.787365+00:00", "EventData.RequiredSignatureLevel": "8", "EventData.SignatureLevel": "0", "EventData.ImageNameLength": "60", "EventData.ImageName": "\\Program Files\\Common Files\\Crypto Pro\\AppCompat\\cpadvai.dll"}
{"EventID": "12", "Channel": "Microsoft-Windows-Security-Mitigations/KernelMode", "Provider_Name": "Microsoft-Windows-Security-Mitigations", "Computer": "DESKTOP-OFJ6N53", "TimeCreated": "2025-03-22 08:17:15.938915+00:00", "RecordID": "8704", "Level": "3", "UserID": "S-1-5-18", "EventData.ProcessPathLength": "59", "EventData.ProcessPath": "\\Device\\HarddiskVolume3\\Windows\\System32\\WaaSMedicAgent.exe", "EventData.ProcessCommandLineLength": "104", "EventData.ProcessCommandLine": "C:\\Windows\\System32\\WaaSMedicAgent.exe 48cf4e2442812921bbc67a535f95f580 +gO/CD10cEyZ5RqOHr+dXg.0.1.0.0.0", "EventData.ProcessId": "11972", "EventData.ProcessCreateTime": "2025-03-22 08:17:14.768600+00:00", "EventData.ProcessStartKey": "44191571343586065", "EventData.ProcessSignatureLevel": "8", "EventData.ProcessSectionSignatureLevel": "8", "EventData.ProcessProtection": "0", "EventData.TargetThreadId": "1316", "EventData.TargetThreadCreateTime": "2025-03-22 08:17:15.787365+00:00", "EventData.RequiredSignatureLevel": "8", "EventData.SignatureLevel": "0", "EventData.ImageNameLength": "60", "EventData.ImageName": "\\Program Files\\Common Files\\Crypto Pro\\AppCompat\\cpwinet.dll"}
{"EventID": "12", "Channel": "Microsoft-Windows-Security-Mitigations/KernelMode", "Provider_Name": "Microsoft-Windows-Security-Mitigations", "Computer": "DESKTOP-OFJ6N53", "TimeCreated": "2025-03-22 08:17:16.032455+00:00", "RecordID": "8705", "Level": "3", "UserID": "S-1-5-18", "EventData.ProcessPathLength": "59", "EventData.ProcessPath": "\\Device\\HarddiskVolume3\\Windows\\System32\\WaaSMedicAgent.exe", "EventData.ProcessCommandLineLength": "104", "EventData.ProcessCommandLine": "C:\\Windows\\System32\\WaaSMedicAgent.exe 48cf4e2442812921bbc67a535f95f580 +gO/CD10cEyZ5RqOHr+dXg.0.1.0.0.0", "EventData.ProcessId": "11972", "EventData.ProcessCreateTime": "2025-03-22 08:17:14.768600+00:00", "EventData.ProcessStartKey": "44191571343586065", "EventData.ProcessSignatureLevel": "8", "EventData.ProcessSectionSignatureLevel": "8", "EventData.ProcessProtection": "0", "EventData.TargetThreadId": "1316", "EventData.TargetThreadCreateTime": "2025-03-22 08:17:15.787365+00:00", "EventData.RequiredSignatureLevel": "8", "EventData.SignatureLevel": "0", "EventData.ImageNameLength": "58", "EventData.ImageName": "\\Program Files\\Common Files\\Crypto Pro\\AppCompat\\cpmsi.dll"}
{"EventID": "12", "Channel": "Microsoft-Windows-Security-Mitigations/KernelMode", "Provider_Name": "Microsoft-Windows-Security-Mitigations", "Computer": "DESKTOP-OFJ6N53", "TimeCreated": "2025-03-22 08:17:16.230183+00:00", "RecordID": "8706", "Level": "3", "UserID": "S-1-5-18", "EventData.ProcessPathLength": "59", "EventData.ProcessPath": "\\Device\\HarddiskVolume3\\Windows\\System32\\WaaSMedicAgent.exe", "EventData.ProcessCommandLineLength": "104", "EventData.ProcessCommandLine": "C:\\Windows\\System32\\WaaSMedicAgent.exe 48cf4e2442812921bbc67a535f95f580 +gO/CD10cEyZ5RqOHr+dXg.0.1.0.0.0", "EventData.ProcessId": "11972", "EventData.ProcessCreateTime": "2025-03-22 08:17:14.768600+00:00", "EventData.ProcessStartKey": "44191571343586065", "EventData.ProcessSignatureLevel": "8", "EventData.ProcessSectionSignatureLevel": "8", "EventData.ProcessProtection": "0", "EventData.TargetThreadId": "1316", "EventData.TargetThreadCreateTime": "2025-03-22 08:17:15.787365+00:00", "EventData.RequiredSignatureLevel": "8", "EventData.SignatureLevel": "0", "EventData.ImageNameLength": "61", "EventData.ImageName": "\\Program Files\\Common Files\\Crypto Pro\\AppCompat\\cpenroll.dll"}
{"EventID": "12", "Channel": "Microsoft-Windows-Security-Mitigations/KernelMode", "Provider_Name": "Microsoft-Windows-Security-Mitigations", "Computer": "DESKTOP-OFJ6N53", "TimeCreated": "2025-03-22 08:17:16.610773+00:00", "RecordID": "8707", "Level": "3", "UserID": "S-1-5-18", "EventData.ProcessPathLength": "59", "EventData.ProcessPath": "\\Device\\HarddiskVolume3\\Windows\\System32\\WaaSMedicAgent.exe", "EventData.ProcessCommandLineLength": "104", "EventData.ProcessCommandLine": "C:\\Windows\\System32\\WaaSMedicAgent.exe 48cf4e2442812921bbc67a535f95f580 +gO/CD10cEyZ5RqOHr+dXg.0.1.0.0.0", "EventData.ProcessId": "11972", "EventData.ProcessCreateTime": "2025-03-22 08:17:14.768600+00:00", "EventData.ProcessStartKey": "44191571343586065", "EventData.ProcessSignatureLevel": "8", "EventData.ProcessSectionSignatureLevel": "8", "EventData.ProcessProtection": "0", "EventData.TargetThreadId": "13436", "EventData.TargetThreadCreateTime": "2025-03-22 08:17:16.399282+00:00", "EventData.RequiredSignatureLevel": "8", "EventData.SignatureLevel": "0", "EventData.ImageNameLength": "60", "EventData.ImageName": "\\Program Files\\Common Files\\Crypto Pro\\AppCompat\\cpschan.dll"}
{"EventID": "12", "Channel": "Microsoft-Windows-Security-Mitigations/KernelMode", "Provider_Name": "Microsoft-Windows-Security-Mitigations", "Computer": "DESKTOP-OFJ6N53", "TimeCreated": "2025-03-22 20:29:15.293770+00:00", "RecordID": "8708", "Level": "3", "UserID": "S-1-5-18", "EventData.ProcessPathLength": "100", "EventData.ProcessPath": "\\Device\\HarddiskVolume3\\ProgramData\\Microsoft\\Windows Defender\\Platform\\4.18.25010.11-0\\MpCmdRun.exe", "EventData.ProcessCommandLineLength": "135", "EventData.ProcessCommandLine": "\"C:\\ProgramData\\Microsoft\\Windows Defender\\Platform\\4.18.25010.11-0\\MpCmdRun.exe\" SignaturesUpdateService -ScheduleJob -UnmanagedUpdate", "EventData.ProcessId": "136", "EventData.ProcessCreateTime": "2025-03-22 20:28:58.284286+00:00", "EventData.ProcessStartKey": "44191571343586767", "EventData.ProcessSignatureLevel": "8", "EventData.ProcessSectionSignatureLevel": "8", "EventData.ProcessProtection": "0", "EventData.TargetThreadId": "7224", "EventData.TargetThreadCreateTime": "2025-03-22 20:28:58.444969+00:00", "EventData.RequiredSignatureLevel": "8", "EventData.SignatureLevel": "0", "EventData.ImageNameLength": "60", "EventData.ImageName": "\\Program Files\\Common Files\\Crypto Pro\\AppCompat\\cpadvai.dll"}
{"EventID": "12", "Channel": "Microsoft-Windows-Security-Mitigations/KernelMode", "Provider_Name": "Microsoft-Windows-Security-Mitigations", "Computer": "DESKTOP-OFJ6N53", "TimeCreated": "2025-03-23 20:29:07.328772+00:00", "RecordID": "8709", "Level": "3", "UserID": "S-1-5-18", "EventData.ProcessPathLength": "100", "EventData.ProcessPath": "\\Device\\HarddiskVolume3\\ProgramData\\Microsoft\\Windows Defender\\Platform\\4.18.25010.11-0\\MpCmdRun.exe", "EventData.ProcessCommandLineLength": "135", "EventData.ProcessCommandLine": "\"C:\\ProgramData\\Microsoft\\Windows Defender\\Platform\\4.18.25010.11-0\\MpCmdRun.exe\" SignaturesUpdateService -ScheduleJob -UnmanagedUpdate", "EventData.ProcessId": "11544", "EventData.ProcessCreateTime": "2025-03-23 20:28:59.993458+00:00", "EventData.ProcessStartKey": "44191571343587957", "EventData.ProcessSignatureLevel": "8", "EventData.ProcessSectionSignatureLevel": "8", "EventData.ProcessProtection": "0", "EventData.TargetThreadId": "12124", "EventData.TargetThreadCreateTime": "2025-03-23 20:29:00.165220+00:00", "EventData.RequiredSignatureLevel": "8", "EventData.SignatureLevel": "0", "EventData.ImageNameLength": "60", "EventData.ImageName": "\\Program Files\\Common Files\\Crypto Pro\\AppCompat\\cpadvai.dll"}
{"EventID": "12", "Channel": "Microsoft-Windows-Security-Mitigations/KernelMode", "Provider_Name": "Microsoft-Windows-Security-Mitigations", "Computer": "DESKTOP-OFJ6N53", "TimeCreated": "2025-03-24 20:29:10.947355+00:00", "RecordID": "8710", "Level": "3", "UserID": "S-1-5-18", "EventData.ProcessPathLength": "100", "EventData.ProcessPath": "\\Device\\HarddiskVolume3\\ProgramData\\Microsoft\\Windows Defender\\Platform\\4.18.25010.11-0\\MpCmdRun.exe", "EventData.ProcessCommandLineLength": "135", "EventData.ProcessCommandLine": "\"C:\\ProgramData\\Microsoft\\Windows Defender\\Platform\\4.18.25010.11-0\\MpCmdRun.exe\" SignaturesUpdateService -ScheduleJob -UnmanagedUpdate", "EventData.ProcessId": "12968", "EventData.ProcessCreateTime": "2025-03-24 20:29:02.484213+00:00", "EventData.ProcessStartKey": "44191571343589135", "EventData.ProcessSignatureLevel": "8", "EventData.ProcessSectionSignatureLevel": "8", "EventData.ProcessProtection": "0", "EventData.TargetThreadId": "6740", "EventData.TargetThreadCreateTime": "2025-03-24 20:29:02.616531+00:00", "EventData.RequiredSignatureLevel": "8", "EventData.SignatureLevel": "0", "EventData.ImageNameLength": "60", "EventData.ImageName": "\\Program Files\\Common Files\\Crypto Pro\\AppCompat\\cpadvai.dll"}
{"EventID": "12", "Channel": "Microsoft-Windows-Security-Mitigations/KernelMode", "Provider_Name": "Microsoft-Windows-Security-Mitigations", "Computer": "DESKTOP-OFJ6N53", "TimeCreated": "2025-03-25 12:04:59.911682+00:00", "RecordID": "8711", "Level": "3", "UserID": "S-1-5-21-963789628-1060504924-4285088085-1001", "EventData.ProcessPathLength": "74", "EventData.ProcessPath": "\\Device\\HarddiskVolume3\\Program Files\\Google\\Chrome\\Application\\chrome.exe", "EventData.ProcessCommandLineLength": "512", "EventData.ProcessCommandLine": "\"C:\\Program Files\\Google\\Chrome\\Application\\chrome.exe\" --type=renderer --no-pre-read-main-dll --disable-gpu-compositing --video-capture-use-gpu-memory-buffer --lang=ru --device-scale-factor=1.25 --num-raster-threads=2 --enable-main-frame-before-activation --renderer-client-id=193 --time-ticks-at-unix-epoch=-1741724218162957 --launch-time-ticks=1180057003147 --field-trial-handle=1980,i,6669920802819667351,7466261766539494605,262144 --variations-seed-version=20250313-182214.581000 --mojo-platform-channel-han", "EventData.ProcessId": "14912", "EventData.ProcessCreateTime": "2025-03-25 12:04:58.668577+00:00", "EventData.ProcessStartKey": "44191571343589887", "EventData.ProcessSignatureLevel": "8", "EventData.ProcessSectionSignatureLevel": "8", "EventData.ProcessProtection": "0", "EventData.TargetThreadId": "11836", "EventData.TargetThreadCreateTime": "2025-03-25 12:04:58.668589+00:00", "EventData.RequiredSignatureLevel": "8", "EventData.SignatureLevel": "0", "EventData.ImageNameLength": "60", "EventData.ImageName": "\\Program Files\\Common Files\\Crypto Pro\\AppCompat\\cpcrypt.dll"}
{"EventID": "12", "Channel": "Microsoft-Windows-Security-Mitigations/KernelMode", "Provider_Name": "Microsoft-Windows-Security-Mitigations", "Computer": "DESKTOP-OFJ6N53", "TimeCreated": "2025-03-25 12:05:31.412676+00:00", "RecordID": "8712", "Level": "3", "UserID": "S-1-5-21-963789628-1060504924-4285088085-1001", "EventData.ProcessPathLength": "74", "EventData.ProcessPath": "\\Device\\HarddiskVolume3\\Program Files\\Google\\Chrome\\Application\\chrome.exe", "EventData.ProcessCommandLineLength": "512", "EventData.ProcessCommandLine": "\"C:\\Program Files\\Google\\Chrome\\Application\\chrome.exe\" --type=renderer --no-pre-read-main-dll --disable-gpu-compositing --video-capture-use-gpu-memory-buffer --lang=ru --device-scale-factor=1.25 --num-raster-threads=2 --enable-main-frame-before-activation --renderer-client-id=194 --time-ticks-at-unix-epoch=-1741724218162957 --launch-time-ticks=1180089691394 --field-trial-handle=1980,i,6669920802819667351,7466261766539494605,262144 --variations-seed-version=20250313-182214.581000 --mojo-platform-channel-han", "EventData.ProcessId": "6832", "EventData.ProcessCreateTime": "2025-03-25 12:05:31.356710+00:00", "EventData.ProcessStartKey": "44191571343589894", "EventData.ProcessSignatureLevel": "8", "EventData.ProcessSectionSignatureLevel": "8", "EventData.ProcessProtection": "0", "EventData.TargetThreadId": "14100", "EventData.TargetThreadCreateTime": "2025-03-25 12:05:31.356712+00:00", "EventData.RequiredSignatureLevel": "8", "EventData.SignatureLevel": "0", "EventData.ImageNameLength": "60", "EventData.ImageName": "\\Program Files\\Common Files\\Crypto Pro\\AppCompat\\cpcrypt.dll"}
{"EventID": "12", "Channel": "Microsoft-Windows-Security-Mitigations/KernelMode", "Provider_Name": "Microsoft-Windows-Security-Mitigations", "Computer": "DESKTOP-OFJ6N53", "TimeCreated": "2025-03-25 12:05:31.459875+00:00", "RecordID": "8713", "Level": "3", "UserID": "S-1-5-21-963789628-1060504924-4285088085-1001", "EventData.ProcessPathLength": "74", "EventData.ProcessPath": "\\Device\\HarddiskVolume3\\Program Files\\Google\\Chrome\\Application\\chrome.exe", "EventData.ProcessCommandLineLength": "512", "EventData.ProcessCommandLine": "\"C:\\Program Files\\Google\\Chrome\\Application\\chrome.exe\" --type=renderer --no-pre-read-main-dll --disable-gpu-compositing --video-capture-use-gpu-memory-buffer --lang=ru --device-scale-factor=1.25 --num-raster-threads=2 --enable-main-frame-before-activation --renderer-client-id=195 --time-ticks-at-unix-epoch=-1741724218162957 --launch-time-ticks=1180089741341 --field-trial-handle=1980,i,6669920802819667351,7466261766539494605,262144 --variations-seed-version=20250313-182214.581000 --mojo-platform-channel-han", "EventData.ProcessId": "14708", "EventData.ProcessCreateTime": "2025-03-25 12:05:31.406679+00:00", "EventData.ProcessStartKey": "44191571343589895", "EventData.ProcessSignatureLevel": "8", "EventData.ProcessSectionSignatureLevel": "8", "EventData.ProcessProtection": "0", "EventData.TargetThreadId": "3612", "EventData.TargetThreadCreateTime": "2025-03-25 12:05:31.406683+00:00", "EventData.RequiredSignatureLevel": "8", "EventData.SignatureLevel": "0", "EventData.ImageNameLength": "60", "EventData.ImageName": "\\Program Files\\Common Files\\Crypto Pro\\AppCompat\\cpcrypt.dll"}
{"EventID": "12", "Channel": "Microsoft-Windows-Security-Mitigations/KernelMode", "Provider_Name": "Microsoft-Windows-Security-Mitigations", "Computer": "DESKTOP-OFJ6N53", "TimeCreated": "2025-03-25 12:05:33.725266+00:00", "RecordID": "8714", "Level": "3", "UserID": "S-1-5-21-963789628-1060504924-4285088085-1001", "EventData.ProcessPathLength": "74", "EventData.ProcessPath": "\\Device\\HarddiskVolume3\\Program Files\\Google\\Chrome\\Application\\chrome.exe", "EventData.ProcessCommandLineLength": "512", "EventData.ProcessCommandLine": "\"C:\\Program Files\\Google\\Chrome\\Application\\chrome.exe\" --type=renderer --no-pre-read-main-dll --disable-gpu-compositing --video-capture-use-gpu-memory-buffer --lang=ru --device-scale-factor=1.25 --num-raster-threads=2 --enable-main-frame-before-activation --renderer-client-id=196 --time-ticks-at-unix-epoch=-1741724218162957 --launch-time-ticks=1180092021237 --field-trial-handle=1980,i,6669920802819667351,7466261766539494605,262144 --variations-seed-version=20250313-182214.581000 --mojo-platform-channel-han", "EventData.ProcessId": "4244", "EventData.ProcessCreateTime": "2025-03-25 12:05:33.686609+00:00", "EventData.ProcessStartKey": "44191571343589896", "EventData.ProcessSignatureLevel": "8", "EventData.ProcessSectionSignatureLevel": "8", "EventData.ProcessProtection": "0", "EventData.TargetThreadId": "11092", "EventData.TargetThreadCreateTime": "2025-03-25 12:05:33.686613+00:00", "EventData.RequiredSignatureLevel": "8", "EventData.SignatureLevel": "0", "EventData.ImageNameLength": "60", "EventData.ImageName": "\\Program Files\\Common Files\\Crypto Pro\\AppCompat\\cpcrypt.dll"}
{"EventID": "2", "Channel": "Microsoft-Windows-Security-Mitigations/KernelMode", "Provider_Name": "Microsoft-Windows-Security-Mitigations", "Computer": "DESKTOP-OFJ6N53", "TimeCreated": "2025-03-25 12:06:04.306614+00:00", "RecordID": "8715", "Level": "3", "UserID": "S-1-5-21-963789628-1060504924-4285088085-1001", "EventData.ProcessPathLength": "52", "EventData.ProcessPath": "\\Device\\HarddiskVolume3\\Windows\\System32\\dllhost.exe", "EventData.ProcessCommandLineLength": "81", "EventData.ProcessCommandLine": "C:\\Windows\\system32\\DllHost.exe /Processid:{7966B4D8-4FDC-4126-A10B-39A3209AD251}", "EventData.CallingProcessId": "1364", "EventData.CallingProcessCreateTime": "2025-03-25 12:06:04.288939+00:00", "EventData.CallingProcessStartKey": "44191571343589897", "EventData.CallingProcessSignatureLevel": "8", "EventData.CallingProcessSectionSignatureLevel": "8", "EventData.CallingProcessProtection": "0", "EventData.CallingThreadId": "14900", "EventData.CallingThreadCreateTime": "2025-03-25 12:06:04.288940+00:00"}
{"EventID": "2", "Channel": "Microsoft-Windows-Security-Mitigations/KernelMode", "Provider_Name": "Microsoft-Windows-Security-Mitigations", "Computer": "DESKTOP-OFJ6N53", "TimeCreated": "2025-03-25 12:13:41.667805+00:00", "RecordID": "8716", "Level": "3", "UserID": "S-1-5-21-963789628-1060504924-4285088085-1001", "EventData.ProcessPathLength": "52", "EventData.ProcessPath": "\\Device\\HarddiskVolume3\\Windows\\System32\\dllhost.exe", "EventData.ProcessCommandLineLength": "81", "EventData.ProcessCommandLine": "C:\\Windows\\system32\\DllHost.exe /Processid:{7966B4D8-4FDC-4126-A10B-39A3209AD251}", "EventData.CallingProcessId": "8564", "EventData.CallingProcessCreateTime": "2025-03-25 12:13:41.664415+00:00", "EventData.CallingProcessStartKey": "44191571343589925", "EventData.CallingProcessSignatureLevel": "8", "EventData.CallingProcessSectionSignatureLevel": "8", "EventData.CallingProcessProtection": "0", "EventData.CallingThreadId": "228", "EventData.CallingThreadCreateTime": "2025-03-25 12:13:41.664417+00:00"}
{"EventID": "12", "Channel": "Microsoft-Windows-Security-Mitigations/KernelMode", "Provider_Name": "Microsoft-Windows-Security-Mitigations", "Computer": "DESKTOP-OFJ6N53", "TimeCreated": "2025-03-25 12:14:54.434534+00:00", "RecordID": "8717", "Level": "3", "UserID": "S-1-5-21-963789628-1060504924-4285088085-1001", "EventData.ProcessPathLength": "74", "EventData.ProcessPath": "\\Device\\HarddiskVolume3\\Program Files\\Google\\Chrome\\Application\\chrome.exe", "EventData.ProcessCommandLineLength": "512", "EventData.ProcessCommandLine": "\"C:\\Program Files\\Google\\Chrome\\Application\\chrome.exe\" --type=renderer --no-pre-read-main-dll --disable-gpu-compositing --video-capture-use-gpu-memory-buffer --lang=ru --device-scale-factor=1.25 --num-raster-threads=2 --enable-main-frame-before-activation --renderer-client-id=200 --time-ticks-at-unix-epoch=-1741724218162957 --launch-time-ticks=1180652692096 --field-trial-handle=1980,i,6669920802819667351,7466261766539494605,262144 --variations-seed-version=20250313-182214.581000 --mojo-platform-channel-han", "EventData.ProcessId": "14436", "EventData.ProcessCreateTime": "2025-03-25 12:14:54.357430+00:00", "EventData.ProcessStartKey": "44191571343589928", "EventData.ProcessSignatureLevel": "8", "EventData.ProcessSectionSignatureLevel": "8", "EventData.ProcessProtection": "0", "EventData.TargetThreadId": "4524", "EventData.TargetThreadCreateTime": "2025-03-25 12:14:54.357431+00:00", "EventData.RequiredSignatureLevel": "8", "EventData.SignatureLevel": "0", "EventData.ImageNameLength": "60", "EventData.ImageName": "\\Program Files\\Common Files\\Crypto Pro\\AppCompat\\cpcrypt.dll"}
{"EventID": "12", "Channel": "Microsoft-Windows-Security-Mitigations/KernelMode", "Provider_Name": "Microsoft-Windows-Security-Mitigations", "Computer": "DESKTOP-OFJ6N53", "TimeCreated": "2025-03-25 12:14:54.650249+00:00", "RecordID": "8718", "Level": "3", "UserID": "S-1-5-21-963789628-1060504924-4285088085-1001", "EventData.ProcessPathLength": "74", "EventData.ProcessPath": "\\Device\\HarddiskVolume3\\Program Files\\Google\\Chrome\\Application\\chrome.exe", "EventData.ProcessCommandLineLength": "512", "EventData.ProcessCommandLine": "\"C:\\Program Files\\Google\\Chrome\\Application\\chrome.exe\" --type=renderer --no-pre-read-main-dll --disable-gpu-compositing --video-capture-use-gpu-memory-buffer --lang=ru --device-scale-factor=1.25 --num-raster-threads=2 --enable-main-frame-before-activation --renderer-client-id=201 --time-ticks-at-unix-epoch=-1741724218162957 --launch-time-ticks=1180652920686 --field-trial-handle=1980,i,6669920802819667351,7466261766539494605,262144 --variations-seed-version=20250313-182214.581000 --mojo-platform-channel-han", "EventData.ProcessId": "9448", "EventData.ProcessCreateTime": "2025-03-25 12:14:54.585939+00:00", "EventData.ProcessStartKey": "44191571343589929", "EventData.ProcessSignatureLevel": "8", "EventData.ProcessSectionSignatureLevel": "8", "EventData.ProcessProtection": "0", "EventData.TargetThreadId": "9048", "EventData.TargetThreadCreateTime": "2025-03-25 12:14:54.585941+00:00", "EventData.RequiredSignatureLevel": "8", "EventData.SignatureLevel": "0", "EventData.ImageNameLength": "60", "EventData.ImageName": "\\Program Files\\Common Files\\Crypto Pro\\AppCompat\\cpcrypt.dll"}
{"EventID": "12", "Channel": "Microsoft-Windows-Security-Mitigations/KernelMode", "Provider_Name": "Microsoft-Windows-Security-Mitigations", "Computer": "DESKTOP-OFJ6N53", "TimeCreated": "2025-03-25 12:14:58.661652+00:00", "RecordID": "8719", "Level": "3", "UserID": "S-1-5-21-963789628-1060504924-4285088085-1001", "EventData.ProcessPathLength": "74", "EventData.ProcessPath": "\\Device\\HarddiskVolume3\\Program Files\\Google\\Chrome\\Application\\chrome.exe", "EventData.ProcessCommandLineLength": "512", "EventData.ProcessCommandLine": "\"C:\\Program Files\\Google\\Chrome\\Application\\chrome.exe\" --type=renderer --no-pre-read-main-dll --disable-gpu-compositing --video-capture-use-gpu-memory-buffer --lang=ru --device-scale-factor=1.25 --num-raster-threads=2 --enable-main-frame-before-activation --renderer-client-id=203 --time-ticks-at-unix-epoch=-1741724218162957 --launch-time-ticks=1180656949053 --field-trial-handle=1980,i,6669920802819667351,7466261766539494605,262144 --variations-seed-version=20250313-182214.581000 --mojo-platform-channel-han", "EventData.ProcessId": "1288", "EventData.ProcessCreateTime": "2025-03-25 12:14:58.614582+00:00", "EventData.ProcessStartKey": "44191571343589931", "EventData.ProcessSignatureLevel": "8", "EventData.ProcessSectionSignatureLevel": "8", "EventData.ProcessProtection": "0", "EventData.TargetThreadId": "4612", "EventData.TargetThreadCreateTime": "2025-03-25 12:14:58.614584+00:00", "EventData.RequiredSignatureLevel": "8", "EventData.SignatureLevel": "0", "EventData.ImageNameLength": "60", "EventData.ImageName": "\\Program Files\\Common Files\\Crypto Pro\\AppCompat\\cpcrypt.dll"}
{"EventID": "12", "Channel": "Microsoft-Windows-Security-Mitigations/KernelMode", "Provider_Name": "Microsoft-Windows-Security-Mitigations", "Computer": "DESKTOP-OFJ6N53", "TimeCreated": "2025-03-25 12:14:59.692385+00:00", "RecordID": "8720", "Level": "3", "UserID": "S-1-5-21-963789628-1060504924-4285088085-1001", "EventData.ProcessPathLength": "74", "EventData.ProcessPath": "\\Device\\HarddiskVolume3\\Program Files\\Google\\Chrome\\Application\\chrome.exe", "EventData.ProcessCommandLineLength": "512", "EventData.ProcessCommandLine": "\"C:\\Program Files\\Google\\Chrome\\Application\\chrome.exe\" --type=renderer --no-pre-read-main-dll --disable-gpu-compositing --video-capture-use-gpu-memory-buffer --lang=ru --device-scale-factor=1.25 --num-raster-threads=2 --enable-main-frame-before-activation --renderer-client-id=204 --time-ticks-at-unix-epoch=-1741724218162957 --launch-time-ticks=1180657975990 --field-trial-handle=1980,i,6669920802819667351,7466261766539494605,262144 --variations-seed-version=20250313-182214.581000 --mojo-platform-channel-han", "EventData.ProcessId": "13436", "EventData.ProcessCreateTime": "2025-03-25 12:14:59.641331+00:00", "EventData.ProcessStartKey": "44191571343589932", "EventData.ProcessSignatureLevel": "8", "EventData.ProcessSectionSignatureLevel": "8", "EventData.ProcessProtection": "0", "EventData.TargetThreadId": "12948", "EventData.TargetThreadCreateTime": "2025-03-25 12:14:59.641333+00:00", "EventData.RequiredSignatureLevel": "8", "EventData.SignatureLevel": "0", "EventData.ImageNameLength": "60", "EventData.ImageName": "\\Program Files\\Common Files\\Crypto Pro\\AppCompat\\cpcrypt.dll"}
{"EventID": "12", "Channel": "Microsoft-Windows-Security-Mitigations/KernelMode", "Provider_Name": "Microsoft-Windows-Security-Mitigations", "Computer": "DESKTOP-OFJ6N53", "TimeCreated": "2025-03-25 12:15:00.342125+00:00", "RecordID": "8721", "Level": "3", "UserID": "S-1-5-21-963789628-1060504924-4285088085-1001", "EventData.ProcessPathLength": "74", "EventData.ProcessPath": "\\Device\\HarddiskVolume3\\Program Files\\Google\\Chrome\\Application\\chrome.exe", "EventData.ProcessCommandLineLength": "512", "EventData.ProcessCommandLine": "\"C:\\Program Files\\Google\\Chrome\\Application\\chrome.exe\" --type=renderer --no-pre-read-main-dll --disable-gpu-compositing --video-capture-use-gpu-memory-buffer --lang=ru --device-scale-factor=1.25 --num-raster-threads=2 --enable-main-frame-before-activation --renderer-client-id=205 --time-ticks-at-unix-epoch=-1741724218162957 --launch-time-ticks=1180658580263 --field-trial-handle=1980,i,6669920802819667351,7466261766539494605,262144 --variations-seed-version=20250313-182214.581000 --mojo-platform-channel-han", "EventData.ProcessId": "9372", "EventData.ProcessCreateTime": "2025-03-25 12:15:00.245426+00:00", "EventData.ProcessStartKey": "44191571343589933", "EventData.ProcessSignatureLevel": "8", "EventData.ProcessSectionSignatureLevel": "8", "EventData.ProcessProtection": "0", "EventData.TargetThreadId": "10752", "EventData.TargetThreadCreateTime": "2025-03-25 12:15:00.245428+00:00", "EventData.RequiredSignatureLevel": "8", "EventData.SignatureLevel": "0", "EventData.ImageNameLength": "60", "EventData.ImageName": "\\Program Files\\Common Files\\Crypto Pro\\AppCompat\\cpcrypt.dll"}
