{"EventID": "5858", "Channel": "Microsoft-Windows-WMI-Activity/Operational", "Provider_Name": "Microsoft-Windows-WMI-Activity", "Computer": "DESKTOP-OFJ6N53", "TimeCreated": "2025-08-19 07:19:26.531969+00:00", "RecordID": "160409", "Level": "2", "UserID": "S-1-5-18"}
{"EventID": "5858", "Channel": "Microsoft-Windows-WMI-Activity/Operational", "Provider_Name": "Microsoft-Windows-WMI-Activity", "Computer": "DESKTOP-OFJ6N53", "TimeCreated": "2025-08-19 07:19:27.587847+00:00", "RecordID": "160410", "Level": "2", "UserID": "S-1-5-18"}
{"EventID": "5861", "Channel": "Microsoft-Windows-WMI-Activity/Operational", "Provider_Name": "Microsoft-Windows-WMI-Activity", "Computer": "DESKTOP-OFJ6N53", "TimeCreated": "2025-08-19 07:19:36.662615+00:00", "RecordID": "160411", "Level": "0", "UserID": "S-1-5-18"}
{"EventID": "5859", "Channel": "Microsoft-Windows-WMI-Activity/Operational", "Provider_Name": "Microsoft-Windows-WMI-Activity", "Computer": "DESKTOP-OFJ6N53", "TimeCreated": "2025-08-19 07:19:36.778374+00:00", "RecordID": "160412", "Level": "0", "UserID": "S-1-5-18"}
{"EventID": "5857", "Channel": "Microsoft-Windows-WMI-Activity/Operational", "Provider_Name": "Microsoft-Windows-WMI-Activity", "Computer": "DESKTOP-OFJ6N53", "TimeCreated": "2025-08-19 07:19:36.933680+00:00", "RecordID": "160413", "Level": "0", "UserID": "S-1-5-18"}
{"EventID": "5860", "Channel": "Microsoft-Windows-WMI-Activity/Operational", "Provider_Name": "Microsoft-Windows-WMI-Activity", "Computer": "DESKTOP-OFJ6N53", "TimeCreated": "2025-08-19 07:19:37.257353+00:00", "RecordID": "160414", "Level": "0", "UserID": "S-1-5-18"}
{"EventID": "5857", "Channel": "Microsoft-Windows-WMI-Activity/Operational", "Provider_Name": "Microsoft-Windows-WMI-Activity", "Computer": "DESKTOP-OFJ6N53", "TimeCreated": "2025-08-19 07:19:39.686378+00:00", "RecordID": "160415", "Level": "0", "UserID": "S-1-5-18"}
{"EventID": "5860", "Channel": "Microsoft-Windows-WMI-Activity/Operational", "Provider_Name": "Microsoft-Windows-WMI-Activity", "Computer": "DESKTOP-OFJ6N53", "TimeCreated": "2025-08-19 07:21:04.489977+00:00", "RecordID": "160416", "Level": "0", "UserID": "S-1-5-18"}
{"EventID": "5857", "Channel": "Microsoft-Windows-WMI-Activity/Operational", "Provider_Name": "Microsoft-Windows-WMI-Activity", "Computer": "DESKTOP-OFJ6N53", "TimeCreated": "2025-08-19 07:21:04.975174+00:00", "RecordID": "160417", "Level": "0", "UserID": "S-1-5-19"}
{"EventID": "5857", "Channel": "Microsoft-Windows-WMI-Activity/Operational", "Provider_Name": "Microsoft-Windows-WMI-Activity", "Computer": "DESKTOP-OFJ6N53", "TimeCreated": "2025-08-19 07:21:54.812290+00:00", "RecordID": "160418", "Level": "0", "UserID": "S-1-5-20"}
{"EventID": "5857", "Channel": "Microsoft-Windows-WMI-Activity/Operational", "Provider_Name": "Microsoft-Windows-WMI-Activity", "Computer": "DESKTOP-OFJ6N53", "TimeCreated": "2025-08-19 07:29:46.629362+00:00", "RecordID": "160419", "Level": "0", "UserID": "S-1-5-20"}
{"EventID": "5858", "Channel": "Microsoft-Windows-WMI-Activity/Operational", "Provider_Name": "Microsoft-Windows-WMI-Activity", "Computer": "DESKTOP-OFJ6N53", "TimeCreated": "2025-08-19 07:43:22.400402+00:00", "RecordID": "160420", "Level": "2", "UserID": "S-1-5-18"}
{"EventID": "5858", "Channel": "Microsoft-Windows-WMI-Activity/Operational", "Provider_Name": "Microsoft-Windows-WMI-Activity", "Computer": "DESKTOP-OFJ6N53", "TimeCreated": "2025-08-19 07:43:22.400513+00:00", "RecordID": "160421", "Level": "2", "UserID": "S-1-5-18"}
{"EventID": "5858", "Channel": "Microsoft-Windows-WMI-Activity/Operational", "Provider_Name": "Microsoft-Windows-WMI-Activity", "Computer": "DESKTOP-OFJ6N53", "TimeCreated": "2025-08-19 07:43:22.400576+00:00", "RecordID": "160422", "Level": "2", "UserID": "S-1-5-18"}
{"EventID": "5858", "Channel": "Microsoft-Windows-WMI-Activity/Operational", "Provider_Name": "Microsoft-Windows-WMI-Activity", "Computer": "DESKTOP-OFJ6N53", "TimeCreated": "2025-08-19 07:43:22.400639+00:00", "RecordID": "160423", "Level": "2", "UserID": "S-1-5-18"}
{"EventID": "5858", "Channel": "Microsoft-Windows-WMI-Activity/Operational", "Provider_Name": "Microsoft-Windows-WMI-Activity", "Computer": "DESKTOP-OFJ6N53", "TimeCreated": "2025-08-19 07:43:22.400682+00:00", "RecordID": "160424", "Level": "2", "UserID": "S-1-5-18"}
{"EventID": "5858", "Channel": "Microsoft-Windows-WMI-Activity/Operational", "Provider_Name": "Microsoft-Windows-WMI-Activity", "Computer": "DESKTOP-OFJ6N53", "TimeCreated": "2025-08-19 07:43:22.400724+00:00", "RecordID": "160425", "Level": "2", "UserID": "S-1-5-18"}
{"EventID": "5858", "Channel": "Microsoft-Windows-WMI-Activity/Operational", "Provider_Name": "Microsoft-Windows-WMI-Activity", "Computer": "DESKTOP-OFJ6N53", "TimeCreated": "2025-08-19 07:43:22.400761+00:00", "RecordID": "160426", "Level": "2", "UserID": "S-1-5-18"}
{"EventID": "5857", "Channel": "Microsoft-Windows-WMI-Activity/Operational", "Provider_Name": "Microsoft-Windows-WMI-Activity", "Computer": "DESKTOP-OFJ6N53", "TimeCreated": "2025-08-19 07:43:22.499851+00:00", "RecordID": "160427", "Level": "0", "UserID": "S-1-5-19"}
{"EventID": "5857", "Channel": "Microsoft-Windows-WMI-Activity/Operational", "Provider_Name": "Microsoft-Windows-WMI-Activity", "Computer": "DESKTOP-OFJ6N53", "TimeCreated": "2025-08-19 07:44:22.808708+00:00", "RecordID": "160428", "Level": "0", "UserID": "S-1-5-20"}
{"EventID": "5857", "Channel": "Microsoft-Windows-WMI-Activity/Operational", "Provider_Name": "Microsoft-Windows-WMI-Activity", "Computer": "DESKTOP-OFJ6N53", "TimeCreated": "2025-08-19 07:44:23.511196+00:00", "RecordID": "160429", "Level": "0", "UserID": "S-1-5-20"}
{"EventID": "5857", "Channel": "Microsoft-Windows-WMI-Activity/Operational", "Provider_Name": "Microsoft-Windows-WMI-Activity", "Computer": "DESKTOP-OFJ6N53", "TimeCreated": "2025-08-19 07:44:31.781496+00:00", "RecordID": "160430", "Level": "0", "UserID": "S-1-5-18"}
{"EventID": "5858", "Channel": "Microsoft-Windows-WMI-Activity/Operational", "Provider_Name": "Microsoft-Windows-WMI-Activity", "Computer": "DESKTOP-OFJ6N53", "TimeCreated": "2025-08-19 07:44:31.925890+00:00", "RecordID": "160431", "Level": "2", "UserID": "S-1-5-18"}
{"EventID": "5861", "Channel": "Microsoft-Windows-WMI-Activity/Operational", "Provider_Name": "Microsoft-Windows-WMI-Activity", "Computer": "DESKTOP-OFJ6N53", "TimeCreated": "2025-08-19 07:44:48.869638+00:00", "RecordID": "160432", "Level": "0", "UserID": "S-1-5-18"}
{"EventID": "5859", "Channel": "Microsoft-Windows-WMI-Activity/Operational", "Provider_Name": "Microsoft-Windows-WMI-Activity", "Computer": "DESKTOP-OFJ6N53", "TimeCreated": "2025-08-19 07:44:49.008995+00:00", "RecordID": "160433", "Level": "0", "UserID": "S-1-5-18"}
{"EventID": "5857", "Channel": "Microsoft-Windows-WMI-Activity/Operational", "Provider_Name": "Microsoft-Windows-WMI-Activity", "Computer": "DESKTOP-OFJ6N53", "TimeCreated": "2025-08-19 07:44:49.103523+00:00", "RecordID": "160434", "Level": "0", "UserID": "S-1-5-18"}
{"EventID": "5860", "Channel": "Microsoft-Windows-WMI-Activity/Operational", "Provider_Name": "Microsoft-Windows-WMI-Activity", "Computer": "DESKTOP-OFJ6N53", "TimeCreated": "2025-08-19 07:44:49.205465+00:00", "RecordID": "160435", "Level": "0", "UserID": "S-1-5-18"}
{"EventID": "5858", "Channel": "Microsoft-Windows-WMI-Activity/Operational", "Provider_Name": "Microsoft-Windows-WMI-Activity", "Computer": "DESKTOP-OFJ6N53", "TimeCreated": "2025-08-19 07:44:49.816647+00:00", "RecordID": "160436", "Level": "2", "UserID": "S-1-5-18"}
{"EventID": "5858", "Channel": "Microsoft-Windows-WMI-Activity/Operational", "Provider_Name": "Microsoft-Windows-WMI-Activity", "Computer": "DESKTOP-OFJ6N53", "TimeCreated": "2025-08-19 07:44:50.189829+00:00", "RecordID": "160437", "Level": "2", "UserID": "S-1-5-18"}
{"EventID": "5858", "Channel": "Microsoft-Windows-WMI-Activity/Operational", "Provider_Name": "Microsoft-Windows-WMI-Activity", "Computer": "DESKTOP-OFJ6N53", "TimeCreated": "2025-08-19 07:44:50.863554+00:00", "RecordID": "160438", "Level": "2", "UserID": "S-1-5-18"}
{"EventID": "5857", "Channel": "Microsoft-Windows-WMI-Activity/Operational", "Provider_Name": "Microsoft-Windows-WMI-Activity", "Computer": "DESKTOP-OFJ6N53", "TimeCreated": "2025-08-19 07:45:09.354746+00:00", "RecordID": "160439", "Level": "0", "UserID": "S-1-5-18"}
{"EventID": "5860", "Channel": "Microsoft-Windows-WMI-Activity/Operational", "Provider_Name": "Microsoft-Windows-WMI-Activity", "Computer": "DESKTOP-OFJ6N53", "TimeCreated": "2025-08-19 07:46:33.426596+00:00", "RecordID": "160440", "Level": "0", "UserID": "S-1-5-18"}
{"EventID": "5857", "Channel": "Microsoft-Windows-WMI-Activity/Operational", "Provider_Name": "Microsoft-Windows-WMI-Activity", "Computer": "DESKTOP-OFJ6N53", "TimeCreated": "2025-08-19 07:47:22.597097+00:00", "RecordID": "160441", "Level": "0", "UserID": "S-1-5-20"}
{"EventID": "5857", "Channel": "Microsoft-Windows-WMI-Activity/Operational", "Provider_Name": "Microsoft-Windows-WMI-Activity", "Computer": "DESKTOP-OFJ6N53", "TimeCreated": "2025-08-19 07:54:58.078976+00:00", "RecordID": "160442", "Level": "0", "UserID": "S-1-5-20"}
{"EventID": "5858", "Channel": "Microsoft-Windows-WMI-Activity/Operational", "Provider_Name": "Microsoft-Windows-WMI-Activity", "Computer": "DESKTOP-OFJ6N53", "TimeCreated": "2025-08-19 08:14:36.637241+00:00", "RecordID": "160443", "Level": "2", "UserID": "S-1-5-18"}
{"EventID": "5858", "Channel": "Microsoft-Windows-WMI-Activity/Operational", "Provider_Name": "Microsoft-Windows-WMI-Activity", "Computer": "DESKTOP-OFJ6N53", "TimeCreated": "2025-08-19 08:14:36.637388+00:00", "RecordID": "160444", "Level": "2", "UserID": "S-1-5-18"}
{"EventID": "5858", "Channel": "Microsoft-Windows-WMI-Activity/Operational", "Provider_Name": "Microsoft-Windows-WMI-Activity", "Computer": "DESKTOP-OFJ6N53", "TimeCreated": "2025-08-19 08:14:36.637468+00:00", "RecordID": "160445", "Level": "2", "UserID": "S-1-5-18"}
{"EventID": "5858", "Channel": "Microsoft-Windows-WMI-Activity/Operational", "Provider_Name": "Microsoft-Windows-WMI-Activity", "Computer": "DESKTOP-OFJ6N53", "TimeCreated": "2025-08-19 08:14:36.637537+00:00", "RecordID": "160446", "Level": "2", "UserID": "S-1-5-18"}
{"EventID": "5858", "Channel": "Microsoft-Windows-WMI-Activity/Operational", "Provider_Name": "Microsoft-Windows-WMI-Activity", "Computer": "DESKTOP-OFJ6N53", "TimeCreated": "2025-08-19 08:14:36.637590+00:00", "RecordID": "160447", "Level": "2", "UserID": "S-1-5-18"}
{"EventID": "5858", "Channel": "Microsoft-Windows-WMI-Activity/Operational", "Provider_Name": "Microsoft-Windows-WMI-Activity", "Computer": "DESKTOP-OFJ6N53", "TimeCreated": "2025-08-19 08:14:36.637629+00:00", "RecordID": "160448", "Level": "2", "UserID": "S-1-5-18"}
{"EventID": "5858", "Channel": "Microsoft-Windows-WMI-Activity/Operational", "Provider_Name": "Microsoft-Windows-WMI-Activity", "Computer": "DESKTOP-OFJ6N53", "TimeCreated": "2025-08-19 08:14:36.637672+00:00", "RecordID": "160449", "Level": "2", "UserID": "S-1-5-18"}
{"EventID": "5858", "Channel": "Microsoft-Windows-WMI-Activity/Operational", "Provider_Name": "Microsoft-Windows-WMI-Activity", "Computer": "DESKTOP-OFJ6N53", "TimeCreated": "2025-08-19 08:14:56.489094+00:00", "RecordID": "160450", "Level": "2", "UserID": "S-1-5-18"}
{"EventID": "5857", "Channel": "Microsoft-Windows-WMI-Activity/Operational", "Provider_Name": "Microsoft-Windows-WMI-Activity", "Computer": "DESKTOP-OFJ6N53", "TimeCreated": "2025-08-19 08:14:56.740362+00:00", "RecordID": "160451", "Level": "0", "UserID": "S-1-5-20"}
{"EventID": "5858", "Channel": "Microsoft-Windows-WMI-Activity/Operational", "Provider_Name": "Microsoft-Windows-WMI-Activity", "Computer": "DESKTOP-OFJ6N53", "TimeCreated": "2025-08-19 08:38:00.375711+00:00", "RecordID": "160452", "Level": "2", "UserID": "S-1-5-18"}
{"EventID": "5858", "Channel": "Microsoft-Windows-WMI-Activity/Operational", "Provider_Name": "Microsoft-Windows-WMI-Activity", "Computer": "DESKTOP-OFJ6N53", "TimeCreated": "2025-08-19 08:38:00.375805+00:00", "RecordID": "160453", "Level": "2", "UserID": "S-1-5-18"}
{"EventID": "5858", "Channel": "Microsoft-Windows-WMI-Activity/Operational", "Provider_Name": "Microsoft-Windows-WMI-Activity", "Computer": "DESKTOP-OFJ6N53", "TimeCreated": "2025-08-19 08:38:00.375843+00:00", "RecordID": "160454", "Level": "2", "UserID": "S-1-5-18"}
{"EventID": "5858", "Channel": "Microsoft-Windows-WMI-Activity/Operational", "Provider_Name": "Microsoft-Windows-WMI-Activity", "Computer": "DESKTOP-OFJ6N53", "TimeCreated": "2025-08-19 08:38:00.375885+00:00", "RecordID": "160455", "Level": "2", "UserID": "S-1-5-18"}
{"EventID": "5858", "Channel": "Microsoft-Windows-WMI-Activity/Operational", "Provider_Name": "Microsoft-Windows-WMI-Activity", "Computer": "DESKTOP-OFJ6N53", "TimeCreated": "2025-08-19 08:38:00.375923+00:00", "RecordID": "160456", "Level": "2", "UserID": "S-1-5-18"}
{"EventID": "5858", "Channel": "Microsoft-Windows-WMI-Activity/Operational", "Provider_Name": "Microsoft-Windows-WMI-Activity", "Computer": "DESKTOP-OFJ6N53", "TimeCreated": "2025-08-19 08:38:00.375950+00:00", "RecordID": "160457", "Level": "2", "UserID": "S-1-5-18"}
{"EventID": "5858", "Channel": "Microsoft-Windows-WMI-Activity/Operational", "Provider_Name": "Microsoft-Windows-WMI-Activity", "Computer": "DESKTOP-OFJ6N53", "TimeCreated": "2025-08-19 08:38:00.375980+00:00", "RecordID": "160458", "Level": "2", "UserID": "S-1-5-18"}
{"EventID": "5858", "Channel": "Microsoft-Windows-WMI-Activity/Operational", "Provider_Name": "Microsoft-Windows-WMI-Activity", "Computer": "DESKTOP-OFJ6N53", "TimeCreated": "2025-08-19 08:38:00.376148+00:00", "RecordID": "160459", "Level": "2", "UserID": "S-1-5-18"}
{"EventID": "5857", "Channel": "Microsoft-Windows-WMI-Activity/Operational", "Provider_Name": "Microsoft-Windows-WMI-Activity", "Computer": "DESKTOP-OFJ6N53", "TimeCreated": "2025-08-19 08:38:00.441021+00:00", "RecordID": "160460", "Level": "0", "UserID": "S-1-5-20"}
{"EventID": "5857", "Channel": "Microsoft-Windows-WMI-Activity/Operational", "Provider_Name": "Microsoft-Windows-WMI-Activity", "Computer": "DESKTOP-OFJ6N53", "TimeCreated": "2025-08-19 09:13:55.012800+00:00", "RecordID": "160461", "Level": "0", "UserID": "S-1-5-20"}
{"EventID": "5857", "Channel": "Microsoft-Windows-WMI-Activity/Operational", "Provider_Name": "Microsoft-Windows-WMI-Activity", "Computer": "DESKTOP-OFJ6N53", "TimeCreated": "2025-08-19 09:16:23.613649+00:00", "RecordID": "160462", "Level": "0", "UserID": "S-1-5-20"}
{"EventID": "5857", "Channel": "Microsoft-Windows-WMI-Activity/Operational", "Provider_Name": "Microsoft-Windows-WMI-Activity", "Computer": "DESKTOP-OFJ6N53", "TimeCreated": "2025-08-19 09:19:55.376799+00:00", "RecordID": "160463", "Level": "0", "UserID": "S-1-5-20"}
{"EventID": "5857", "Channel": "Microsoft-Windows-WMI-Activity/Operational", "Provider_Name": "Microsoft-Windows-WMI-Activity", "Computer": "DESKTOP-OFJ6N53", "TimeCreated": "2025-08-19 09:52:15.140072+00:00", "RecordID": "160464", "Level": "0", "UserID": "S-1-5-20"}
{"EventID": "5857", "Channel": "Microsoft-Windows-WMI-Activity/Operational", "Provider_Name": "Microsoft-Windows-WMI-Activity", "Computer": "DESKTOP-OFJ6N53", "TimeCreated": "2025-08-19 09:54:13.991999+00:00", "RecordID": "160465", "Level": "0", "UserID": "S-1-5-20"}
{"EventID": "5857", "Channel": "Microsoft-Windows-WMI-Activity/Operational", "Provider_Name": "Microsoft-Windows-WMI-Activity", "Computer": "DESKTOP-OFJ6N53", "TimeCreated": "2025-08-19 10:04:19.744001+00:00", "RecordID": "160466", "Level": "0", "UserID": "S-1-5-18"}
{"EventID": "5857", "Channel": "Microsoft-Windows-WMI-Activity/Operational", "Provider_Name": "Microsoft-Windows-WMI-Activity", "Computer": "DESKTOP-OFJ6N53", "TimeCreated": "2025-08-19 10:11:10.083735+00:00", "RecordID": "160467", "Level": "0", "UserID": "S-1-5-20"}
{"EventID": "5857", "Channel": "Microsoft-Windows-WMI-Activity/Operational", "Provider_Name": "Microsoft-Windows-WMI-Activity", "Computer": "DESKTOP-OFJ6N53", "TimeCreated": "2025-08-19 10:32:08.740927+00:00", "RecordID": "160468", "Level": "0", "UserID": "S-1-5-20"}
{"EventID": "5857", "Channel": "Microsoft-Windows-WMI-Activity/Operational", "Provider_Name": "Microsoft-Windows-WMI-Activity", "Computer": "DESKTOP-OFJ6N53", "TimeCreated": "2025-08-19 11:11:28.186224+00:00", "RecordID": "160469", "Level": "0", "UserID": "S-1-5-20"}
{"EventID": "5857", "Channel": "Microsoft-Windows-WMI-Activity/Operational", "Provider_Name": "Microsoft-Windows-WMI-Activity", "Computer": "DESKTOP-OFJ6N53", "TimeCreated": "2025-08-19 11:48:08.854589+00:00", "RecordID": "160470", "Level": "0", "UserID": "S-1-5-20"}
{"EventID": "5857", "Channel": "Microsoft-Windows-WMI-Activity/Operational", "Provider_Name": "Microsoft-Windows-WMI-Activity", "Computer": "DESKTOP-OFJ6N53", "TimeCreated": "2025-08-19 12:24:20.773024+00:00", "RecordID": "160471", "Level": "0", "UserID": "S-1-5-20"}
{"EventID": "5858", "Channel": "Microsoft-Windows-WMI-Activity/Operational", "Provider_Name": "Microsoft-Windows-WMI-Activity", "Computer": "DESKTOP-OFJ6N53", "TimeCreated": "2025-08-19 12:24:22.805437+00:00", "RecordID": "160472", "Level": "2", "UserID": "S-1-5-18"}
{"EventID": "5858", "Channel": "Microsoft-Windows-WMI-Activity/Operational", "Provider_Name": "Microsoft-Windows-WMI-Activity", "Computer": "DESKTOP-OFJ6N53", "TimeCreated": "2025-08-19 12:24:23.136995+00:00", "RecordID": "160473", "Level": "2", "UserID": "S-1-5-18"}
{"EventID": "5858", "Channel": "Microsoft-Windows-WMI-Activity/Operational", "Provider_Name": "Microsoft-Windows-WMI-Activity", "Computer": "DESKTOP-OFJ6N53", "TimeCreated": "2025-08-19 12:24:24.014458+00:00", "RecordID": "160474", "Level": "2", "UserID": "S-1-5-18"}
{"EventID": "5858", "Channel": "Microsoft-Windows-WMI-Activity/Operational", "Provider_Name": "Microsoft-Windows-WMI-Activity", "Computer": "DESKTOP-OFJ6N53", "TimeCreated": "2025-08-19 12:24:24.792974+00:00", "RecordID": "160475", "Level": "2", "UserID": "S-1-5-18"}
{"EventID": "5858", "Channel": "Microsoft-Windows-WMI-Activity/Operational", "Provider_Name": "Microsoft-Windows-WMI-Activity", "Computer": "DESKTOP-OFJ6N53", "TimeCreated": "2025-08-19 12:24:25.638794+00:00", "RecordID": "160476", "Level": "2", "UserID": "S-1-5-18"}
{"EventID": "5858", "Channel": "Microsoft-Windows-WMI-Activity/Operational", "Provider_Name": "Microsoft-Windows-WMI-Activity", "Computer": "DESKTOP-OFJ6N53", "TimeCreated": "2025-08-19 12:24:26.513599+00:00", "RecordID": "160477", "Level": "2", "UserID": "S-1-5-18"}
{"EventID": "5857", "Channel": "Microsoft-Windows-WMI-Activity/Operational", "Provider_Name": "Microsoft-Windows-WMI-Activity", "Computer": "DESKTOP-OFJ6N53", "TimeCreated": "2025-08-19 12:24:26.578543+00:00", "RecordID": "160478", "Level": "0", "UserID": "S-1-5-20"}
{"EventID": "5858", "Channel": "Microsoft-Windows-WMI-Activity/Operational", "Provider_Name": "Microsoft-Windows-WMI-Activity", "Computer": "DESKTOP-OFJ6N53", "TimeCreated": "2025-08-19 12:24:28.527180+00:00", "RecordID": "160479", "Level": "2", "UserID": "S-1-5-18"}
{"EventID": "5857", "Channel": "Microsoft-Windows-WMI-Activity/Operational", "Provider_Name": "Microsoft-Windows-WMI-Activity", "Computer": "DESKTOP-OFJ6N53", "TimeCreated": "2025-08-19 12:24:28.647551+00:00", "RecordID": "160480", "Level": "0", "UserID": "S-1-5-18"}
{"EventID": "5857", "Channel": "Microsoft-Windows-WMI-Activity/Operational", "Provider_Name": "Microsoft-Windows-WMI-Activity", "Computer": "DESKTOP-OFJ6N53", "TimeCreated": "2025-08-19 12:40:05.096798+00:00", "RecordID": "160481", "Level": "0", "UserID": "S-1-5-20"}
{"EventID": "5857", "Channel": "Microsoft-Windows-WMI-Activity/Operational", "Provider_Name": "Microsoft-Windows-WMI-Activity", "Computer": "DESKTOP-OFJ6N53", "TimeCreated": "2025-08-19 13:22:14.430723+00:00", "RecordID": "160482", "Level": "0", "UserID": "S-1-5-20"}
{"EventID": "5857", "Channel": "Microsoft-Windows-WMI-Activity/Operational", "Provider_Name": "Microsoft-Windows-WMI-Activity", "Computer": "DESKTOP-OFJ6N53", "TimeCreated": "2025-08-19 13:53:35.809278+00:00", "RecordID": "160483", "Level": "0", "UserID": "S-1-5-20"}
{"EventID": "5858", "Channel": "Microsoft-Windows-WMI-Activity/Operational", "Provider_Name": "Microsoft-Windows-WMI-Activity", "Computer": "DESKTOP-OFJ6N53", "TimeCreated": "2025-08-19 13:53:35.843975+00:00", "RecordID": "160484", "Level": "2", "UserID": "S-1-5-18"}
{"EventID": "5857", "Channel": "Microsoft-Windows-WMI-Activity/Operational", "Provider_Name": "Microsoft-Windows-WMI-Activity", "Computer": "DESKTOP-OFJ6N53", "TimeCreated": "2025-08-19 13:57:02.919380+00:00", "RecordID": "160485", "Level": "0", "UserID": "S-1-5-20"}
{"EventID": "5857", "Channel": "Microsoft-Windows-WMI-Activity/Operational", "Provider_Name": "Microsoft-Windows-WMI-Activity", "Computer": "DESKTOP-OFJ6N53", "TimeCreated": "2025-08-19 17:27:37.121180+00:00", "RecordID": "160486", "Level": "0", "UserID": "S-1-5-20"}
{"EventID": "5857", "Channel": "Microsoft-Windows-WMI-Activity/Operational", "Provider_Name": "Microsoft-Windows-WMI-Activity", "Computer": "DESKTOP-OFJ6N53", "TimeCreated": "2025-08-20 00:04:58.592196+00:00", "RecordID": "160487", "Level": "0", "UserID": "S-1-5-20"}
{"EventID": "5857", "Channel": "Microsoft-Windows-WMI-Activity/Operational", "Provider_Name": "Microsoft-Windows-WMI-Activity", "Computer": "DESKTOP-OFJ6N53", "TimeCreated": "2025-08-20 00:20:54.305336+00:00", "RecordID": "160488", "Level": "0", "UserID": "S-1-5-20"}
{"EventID": "5857", "Channel": "Microsoft-Windows-WMI-Activity/Operational", "Provider_Name": "Microsoft-Windows-WMI-Activity", "Computer": "DESKTOP-OFJ6N53", "TimeCreated": "2025-08-20 00:20:54.424746+00:00", "RecordID": "160489", "Level": "0", "UserID": "S-1-5-20"}
{"EventID": "5857", "Channel": "Microsoft-Windows-WMI-Activity/Operational", "Provider_Name": "Microsoft-Windows-WMI-Activity", "Computer": "DESKTOP-OFJ6N53", "TimeCreated": "2025-08-20 01:17:04.147041+00:00", "RecordID": "160490", "Level": "0", "UserID": "S-1-5-18"}
{"EventID": "5858", "Channel": "Microsoft-Windows-WMI-Activity/Operational", "Provider_Name": "Microsoft-Windows-WMI-Activity", "Computer": "DESKTOP-OFJ6N53", "TimeCreated": "2025-08-20 01:17:04.160540+00:00", "RecordID": "160491", "Level": "2", "UserID": "S-1-5-18"}
{"EventID": "5857", "Channel": "Microsoft-Windows-WMI-Activity/Operational", "Provider_Name": "Microsoft-Windows-WMI-Activity", "Computer": "DESKTOP-OFJ6N53", "TimeCreated": "2025-08-20 01:17:04.613497+00:00", "RecordID": "160492", "Level": "0", "UserID": "S-1-5-20"}
{"EventID": "5857", "Channel": "Microsoft-Windows-WMI-Activity/Operational", "Provider_Name": "Microsoft-Windows-WMI-Activity", "Computer": "DESKTOP-OFJ6N53", "TimeCreated": "2025-08-20 01:17:07.760929+00:00", "RecordID": "160493", "Level": "0", "UserID": "S-1-5-20"}
{"EventID": "5857", "Channel": "Microsoft-Windows-WMI-Activity/Operational", "Provider_Name": "Microsoft-Windows-WMI-Activity", "Computer": "DESKTOP-OFJ6N53", "TimeCreated": "2025-08-20 01:44:50.513647+00:00", "RecordID": "160494", "Level": "0", "UserID": "S-1-5-20"}
{"EventID": "5857", "Channel": "Microsoft-Windows-WMI-Activity/Operational", "Provider_Name": "Microsoft-Windows-WMI-Activity", "Computer": "DESKTOP-OFJ6N53", "TimeCreated": "2025-08-20 01:57:28.208494+00:00", "RecordID": "160495", "Level": "0", "UserID": "S-1-5-20"}
{"EventID": "5857", "Channel": "Microsoft-Windows-WMI-Activity/Operational", "Provider_Name": "Microsoft-Windows-WMI-Activity", "Computer": "DESKTOP-OFJ6N53", "TimeCreated": "2025-08-20 01:57:28.447941+00:00", "RecordID": "160496", "Level": "0", "UserID": "S-1-5-20"}
{"EventID": "5857", "Channel": "Microsoft-Windows-WMI-Activity/Operational", "Provider_Name": "Microsoft-Windows-WMI-Activity", "Computer": "DESKTOP-OFJ6N53", "TimeCreated": "2025-08-20 01:58:34.743269+00:00", "RecordID": "160497", "Level": "0", "UserID": "S-1-5-20"}
{"EventID": "5858", "Channel": "Microsoft-Windows-WMI-Activity/Operational", "Provider_Name": "Microsoft-Windows-WMI-Activity", "Computer": "DESKTOP-OFJ6N53", "TimeCreated": "2025-08-20 01:58:34.781292+00:00", "RecordID": "160498", "Level": "2", "UserID": "S-1-5-18"}
{"EventID": "5857", "Channel": "Microsoft-Windows-WMI-Activity/Operational", "Provider_Name": "Microsoft-Windows-WMI-Activity", "Computer": "DESKTOP-OFJ6N53", "TimeCreated": "2025-08-20 02:04:01.093525+00:00", "RecordID": "160499", "Level": "0", "UserID": "S-1-5-20"}
{"EventID": "5857", "Channel": "Microsoft-Windows-WMI-Activity/Operational", "Provider_Name": "Microsoft-Windows-WMI-Activity", "Computer": "DESKTOP-OFJ6N53", "TimeCreated": "2025-08-20 02:04:03.722214+00:00", "RecordID": "160500", "Level": "0", "UserID": "S-1-5-20"}
{"EventID": "5857", "Channel": "Microsoft-Windows-WMI-Activity/Operational", "Provider_Name": "Microsoft-Windows-WMI-Activity", "Computer": "DESKTOP-OFJ6N53", "TimeCreated": "2025-08-20 02:19:41.312946+00:00", "RecordID": "160501", "Level": "0", "UserID": "S-1-5-20"}
{"EventID": "5857", "Channel": "Microsoft-Windows-WMI-Activity/Operational", "Provider_Name": "Microsoft-Windows-WMI-Activity", "Computer": "DESKTOP-OFJ6N53", "TimeCreated": "2025-08-20 02:19:41.418104+00:00", "RecordID": "160502", "Level": "0", "UserID": "S-1-5-20"}
{"EventID": "5857", "Channel": "Microsoft-Windows-WMI-Activity/Operational", "Provider_Name": "Microsoft-Windows-WMI-Activity", "Computer": "DESKTOP-OFJ6N53", "TimeCreated": "2025-08-20 03:25:52.110376+00:00", "RecordID": "160503", "Level": "0", "UserID": "S-1-5-20"}
{"EventID": "5857", "Channel": "Microsoft-Windows-WMI-Activity/Operational", "Provider_Name": "Microsoft-Windows-WMI-Activity", "Computer": "DESKTOP-OFJ6N53", "TimeCreated": "2025-08-20 03:25:52.190716+00:00", "RecordID": "160504", "Level": "0", "UserID": "S-1-5-20"}
{"EventID": "5857", "Channel": "Microsoft-Windows-WMI-Activity/Operational", "Provider_Name": "Microsoft-Windows-WMI-Activity", "Computer": "DESKTOP-OFJ6N53", "TimeCreated": "2025-08-20 04:02:46.503923+00:00", "RecordID": "160505", "Level": "0", "UserID": "S-1-5-20"}
{"EventID": "5857", "Channel": "Microsoft-Windows-WMI-Activity/Operational", "Provider_Name": "Microsoft-Windows-WMI-Activity", "Computer": "DESKTOP-OFJ6N53", "TimeCreated": "2025-08-20 04:02:46.592575+00:00", "RecordID": "160506", "Level": "0", "UserID": "S-1-5-20"}
{"EventID": "5857", "Channel": "Microsoft-Windows-WMI-Activity/Operational", "Provider_Name": "Microsoft-Windows-WMI-Activity", "Computer": "DESKTOP-OFJ6N53", "TimeCreated": "2025-08-20 04:22:44.323475+00:00", "RecordID": "160507", "Level": "0", "UserID": "S-1-5-20"}
{"EventID": "5858", "Channel": "Microsoft-Windows-WMI-Activity/Operational", "Provider_Name": "Microsoft-Windows-WMI-Activity", "Computer": "DESKTOP-OFJ6N53", "TimeCreated": "2025-08-20 04:22:45.510992+00:00", "RecordID": "160508", "Level": "2", "UserID": "S-1-5-18"}
{"EventID": "5858", "Channel": "Microsoft-Windows-WMI-Activity/Operational", "Provider_Name": "Microsoft-Windows-WMI-Activity", "Computer": "DESKTOP-OFJ6N53", "TimeCreated": "2025-08-20 04:22:46.157206+00:00", "RecordID": "160509", "Level": "2", "UserID": "S-1-5-18"}
{"EventID": "5858", "Channel": "Microsoft-Windows-WMI-Activity/Operational", "Provider_Name": "Microsoft-Windows-WMI-Activity", "Computer": "DESKTOP-OFJ6N53", "TimeCreated": "2025-08-20 04:22:47.239553+00:00", "RecordID": "160510", "Level": "2", "UserID": "S-1-5-18"}
{"EventID": "5858", "Channel": "Microsoft-Windows-WMI-Activity/Operational", "Provider_Name": "Microsoft-Windows-WMI-Activity", "Computer": "DESKTOP-OFJ6N53", "TimeCreated": "2025-08-20 04:22:47.910072+00:00", "RecordID": "160511", "Level": "2", "UserID": "S-1-5-18"}
{"EventID": "5858", "Channel": "Microsoft-Windows-WMI-Activity/Operational", "Provider_Name": "Microsoft-Windows-WMI-Activity", "Computer": "DESKTOP-OFJ6N53", "TimeCreated": "2025-08-20 04:22:48.611843+00:00", "RecordID": "160512", "Level": "2", "UserID": "S-1-5-18"}
{"EventID": "5858", "Channel": "Microsoft-Windows-WMI-Activity/Operational", "Provider_Name": "Microsoft-Windows-WMI-Activity", "Computer": "DESKTOP-OFJ6N53", "TimeCreated": "2025-08-20 04:22:49.477293+00:00", "RecordID": "160513", "Level": "2", "UserID": "S-1-5-18"}
{"EventID": "5857", "Channel": "Microsoft-Windows-WMI-Activity/Operational", "Provider_Name": "Microsoft-Windows-WMI-Activity", "Computer": "DESKTOP-OFJ6N53", "TimeCreated": "2025-08-20 04:22:49.529922+00:00", "RecordID": "160514", "Level": "0", "UserID": "S-1-5-20"}
{"EventID": "5858", "Channel": "Microsoft-Windows-WMI-Activity/Operational", "Provider_Name": "Microsoft-Windows-WMI-Activity", "Computer": "DESKTOP-OFJ6N53", "TimeCreated": "2025-08-20 04:22:51.481279+00:00", "RecordID": "160515", "Level": "2", "UserID": "S-1-5-18"}
{"EventID": "5857", "Channel": "Microsoft-Windows-WMI-Activity/Operational", "Provider_Name": "Microsoft-Windows-WMI-Activity", "Computer": "DESKTOP-OFJ6N53", "TimeCreated": "2025-08-20 04:22:51.606928+00:00", "RecordID": "160516", "Level": "0", "UserID": "S-1-5-18"}
{"EventID": "5857", "Channel": "Microsoft-Windows-WMI-Activity/Operational", "Provider_Name": "Microsoft-Windows-WMI-Activity", "Computer": "DESKTOP-OFJ6N53", "TimeCreated": "2025-08-20 04:25:52.159216+00:00", "RecordID": "160517", "Level": "0", "UserID": "S-1-5-20"}
{"EventID": "5857", "Channel": "Microsoft-Windows-WMI-Activity/Operational", "Provider_Name": "Microsoft-Windows-WMI-Activity", "Computer": "DESKTOP-OFJ6N53", "TimeCreated": "2025-08-20 04:25:52.275749+00:00", "RecordID": "160518", "Level": "0", "UserID": "S-1-5-20"}
{"EventID": "5857", "Channel": "Microsoft-Windows-WMI-Activity/Operational", "Provider_Name": "Microsoft-Windows-WMI-Activity", "Computer": "DESKTOP-OFJ6N53", "TimeCreated": "2025-08-20 05:25:52.278978+00:00", "RecordID": "160519", "Level": "0", "UserID": "S-1-5-20"}
{"EventID": "5857", "Channel": "Microsoft-Windows-WMI-Activity/Operational", "Provider_Name": "Microsoft-Windows-WMI-Activity", "Computer": "DESKTOP-OFJ6N53", "TimeCreated": "2025-08-20 05:25:52.389587+00:00", "RecordID": "160520", "Level": "0", "UserID": "S-1-5-20"}
{"EventID": "5857", "Channel": "Microsoft-Windows-WMI-Activity/Operational", "Provider_Name": "Microsoft-Windows-WMI-Activity", "Computer": "DESKTOP-OFJ6N53", "TimeCreated": "2025-08-20 05:44:29.413565+00:00", "RecordID": "160521", "Level": "0", "UserID": "S-1-5-20"}
{"EventID": "5857", "Channel": "Microsoft-Windows-WMI-Activity/Operational", "Provider_Name": "Microsoft-Windows-WMI-Activity", "Computer": "DESKTOP-OFJ6N53", "TimeCreated": "2025-08-20 05:44:29.529669+00:00", "RecordID": "160522", "Level": "0", "UserID": "S-1-5-20"}
{"EventID": "5857", "Channel": "Microsoft-Windows-WMI-Activity/Operational", "Provider_Name": "Microsoft-Windows-WMI-Activity", "Computer": "DESKTOP-OFJ6N53", "TimeCreated": "2025-08-20 06:25:52.216747+00:00", "RecordID": "160523", "Level": "0", "UserID": "S-1-5-20"}
{"EventID": "5857", "Channel": "Microsoft-Windows-WMI-Activity/Operational", "Provider_Name": "Microsoft-Windows-WMI-Activity", "Computer": "DESKTOP-OFJ6N53", "TimeCreated": "2025-08-20 06:25:52.309008+00:00", "RecordID": "160524", "Level": "0", "UserID": "S-1-5-20"}
{"EventID": "5857", "Channel": "Microsoft-Windows-WMI-Activity/Operational", "Provider_Name": "Microsoft-Windows-WMI-Activity", "Computer": "DESKTOP-OFJ6N53", "TimeCreated": "2025-08-20 06:28:28.993052+00:00", "RecordID": "160525", "Level": "0", "UserID": "S-1-5-20"}
{"EventID": "5858", "Channel": "Microsoft-Windows-WMI-Activity/Operational", "Provider_Name": "Microsoft-Windows-WMI-Activity", "Computer": "DESKTOP-OFJ6N53", "TimeCreated": "2025-08-20 06:28:29.012325+00:00", "RecordID": "160526", "Level": "2", "UserID": "S-1-5-18"}
{"EventID": "5857", "Channel": "Microsoft-Windows-WMI-Activity/Operational", "Provider_Name": "Microsoft-Windows-WMI-Activity", "Computer": "DESKTOP-OFJ6N53", "TimeCreated": "2025-08-20 07:07:13.671778+00:00", "RecordID": "160527", "Level": "0", "UserID": "S-1-5-20"}
{"EventID": "5857", "Channel": "Microsoft-Windows-WMI-Activity/Operational", "Provider_Name": "Microsoft-Windows-WMI-Activity", "Computer": "DESKTOP-OFJ6N53", "TimeCreated": "2025-08-20 07:07:13.773344+00:00", "RecordID": "160528", "Level": "0", "UserID": "S-1-5-20"}
{"EventID": "5857", "Channel": "Microsoft-Windows-WMI-Activity/Operational", "Provider_Name": "Microsoft-Windows-WMI-Activity", "Computer": "DESKTOP-OFJ6N53", "TimeCreated": "2025-08-20 07:13:40.115437+00:00", "RecordID": "160529", "Level": "0", "UserID": "S-1-5-20"}
{"EventID": "5857", "Channel": "Microsoft-Windows-WMI-Activity/Operational", "Provider_Name": "Microsoft-Windows-WMI-Activity", "Computer": "DESKTOP-OFJ6N53", "TimeCreated": "2025-08-20 07:17:37.722895+00:00", "RecordID": "160530", "Level": "0", "UserID": "S-1-5-20"}
{"EventID": "5857", "Channel": "Microsoft-Windows-WMI-Activity/Operational", "Provider_Name": "Microsoft-Windows-WMI-Activity", "Computer": "DESKTOP-OFJ6N53", "TimeCreated": "2025-08-20 07:17:37.906647+00:00", "RecordID": "160531", "Level": "0", "UserID": "S-1-5-20"}
{"EventID": "5857", "Channel": "Microsoft-Windows-WMI-Activity/Operational", "Provider_Name": "Microsoft-Windows-WMI-Activity", "Computer": "DESKTOP-OFJ6N53", "TimeCreated": "2025-08-20 07:39:49.596182+00:00", "RecordID": "160532", "Level": "0", "UserID": "S-1-5-20"}
{"EventID": "5857", "Channel": "Microsoft-Windows-WMI-Activity/Operational", "Provider_Name": "Microsoft-Windows-WMI-Activity", "Computer": "DESKTOP-OFJ6N53", "TimeCreated": "2025-08-20 07:39:49.891409+00:00", "RecordID": "160533", "Level": "0", "UserID": "S-1-5-20"}
{"EventID": "5857", "Channel": "Microsoft-Windows-WMI-Activity/Operational", "Provider_Name": "Microsoft-Windows-WMI-Activity", "Computer": "DESKTOP-OFJ6N53", "TimeCreated": "2025-08-20 07:44:39.216217+00:00", "RecordID": "160534", "Level": "0", "UserID": "S-1-5-20"}
{"EventID": "5857", "Channel": "Microsoft-Windows-WMI-Activity/Operational", "Provider_Name": "Microsoft-Windows-WMI-Activity", "Computer": "DESKTOP-OFJ6N53", "TimeCreated": "2025-08-20 07:47:33.054026+00:00", "RecordID": "160535", "Level": "0", "UserID": "S-1-5-20"}
{"EventID": "5857", "Channel": "Microsoft-Windows-WMI-Activity/Operational", "Provider_Name": "Microsoft-Windows-WMI-Activity", "Computer": "DESKTOP-OFJ6N53", "TimeCreated": "2025-08-20 07:47:34.909811+00:00", "RecordID": "160536", "Level": "0", "UserID": "S-1-5-20"}
{"EventID": "5858", "Channel": "Microsoft-Windows-WMI-Activity/Operational", "Provider_Name": "Microsoft-Windows-WMI-Activity", "Computer": "DESKTOP-OFJ6N53", "TimeCreated": "2025-08-20 07:50:28.560671+00:00", "RecordID": "160537", "Level": "2", "UserID": "S-1-5-18"}
{"EventID": "5857", "Channel": "Microsoft-Windows-WMI-Activity/Operational", "Provider_Name": "Microsoft-Windows-WMI-Activity", "Computer": "DESKTOP-OFJ6N53", "TimeCreated": "2025-08-20 07:54:58.319981+00:00", "RecordID": "160538", "Level": "0", "UserID": "S-1-5-20"}
{"EventID": "5858", "Channel": "Microsoft-Windows-WMI-Activity/Operational", "Provider_Name": "Microsoft-Windows-WMI-Activity", "Computer": "DESKTOP-OFJ6N53", "TimeCreated": "2025-08-20 08:14:36.609371+00:00", "RecordID": "160539", "Level": "2", "UserID": "S-1-5-18"}
{"EventID": "5858", "Channel": "Microsoft-Windows-WMI-Activity/Operational", "Provider_Name": "Microsoft-Windows-WMI-Activity", "Computer": "DESKTOP-OFJ6N53", "TimeCreated": "2025-08-20 08:14:36.609615+00:00", "RecordID": "160540", "Level": "2", "UserID": "S-1-5-18"}
{"EventID": "5858", "Channel": "Microsoft-Windows-WMI-Activity/Operational", "Provider_Name": "Microsoft-Windows-WMI-Activity", "Computer": "DESKTOP-OFJ6N53", "TimeCreated": "2025-08-20 08:14:36.609650+00:00", "RecordID": "160541", "Level": "2", "UserID": "S-1-5-18"}
{"EventID": "5858", "Channel": "Microsoft-Windows-WMI-Activity/Operational", "Provider_Name": "Microsoft-Windows-WMI-Activity", "Computer": "DESKTOP-OFJ6N53", "TimeCreated": "2025-08-20 08:14:36.609690+00:00", "RecordID": "160542", "Level": "2", "UserID": "S-1-5-18"}
{"EventID": "5858", "Channel": "Microsoft-Windows-WMI-Activity/Operational", "Provider_Name": "Microsoft-Windows-WMI-Activity", "Computer": "DESKTOP-OFJ6N53", "TimeCreated": "2025-08-20 08:14:36.609722+00:00", "RecordID": "160543", "Level": "2", "UserID": "S-1-5-18"}
{"EventID": "5857", "Channel": "Microsoft-Windows-WMI-Activity/Operational", "Provider_Name": "Microsoft-Windows-WMI-Activity", "Computer": "DESKTOP-OFJ6N53", "TimeCreated": "2025-08-20 08:19:27.585421+00:00", "RecordID": "160544", "Level": "0", "UserID": "S-1-5-20"}
{"EventID": "5857", "Channel": "Microsoft-Windows-WMI-Activity/Operational", "Provider_Name": "Microsoft-Windows-WMI-Activity", "Computer": "DESKTOP-OFJ6N53", "TimeCreated": "2025-08-20 08:28:02.570887+00:00", "RecordID": "160545", "Level": "0", "UserID": "S-1-5-20"}
{"EventID": "5857", "Channel": "Microsoft-Windows-WMI-Activity/Operational", "Provider_Name": "Microsoft-Windows-WMI-Activity", "Computer": "DESKTOP-OFJ6N53", "TimeCreated": "2025-08-20 08:32:27.905598+00:00", "RecordID": "160546", "Level": "0", "UserID": "S-1-5-20"}
{"EventID": "5857", "Channel": "Microsoft-Windows-WMI-Activity/Operational", "Provider_Name": "Microsoft-Windows-WMI-Activity", "Computer": "DESKTOP-OFJ6N53", "TimeCreated": "2025-08-20 08:53:19.520157+00:00", "RecordID": "160547", "Level": "0", "UserID": "S-1-5-20"}
{"EventID": "5857", "Channel": "Microsoft-Windows-WMI-Activity/Operational", "Provider_Name": "Microsoft-Windows-WMI-Activity", "Computer": "DESKTOP-OFJ6N53", "TimeCreated": "2025-08-20 08:53:19.701311+00:00", "RecordID": "160548", "Level": "0", "UserID": "S-1-5-20"}
{"EventID": "5857", "Channel": "Microsoft-Windows-WMI-Activity/Operational", "Provider_Name": "Microsoft-Windows-WMI-Activity", "Computer": "DESKTOP-OFJ6N53", "TimeCreated": "2025-08-20 09:13:04.326427+00:00", "RecordID": "160549", "Level": "0", "UserID": "S-1-5-18"}
{"EventID": "5857", "Channel": "Microsoft-Windows-WMI-Activity/Operational", "Provider_Name": "Microsoft-Windows-WMI-Activity", "Computer": "DESKTOP-OFJ6N53", "TimeCreated": "2025-08-20 09:16:32.058054+00:00", "RecordID": "160550", "Level": "0", "UserID": "S-1-5-20"}
{"EventID": "5857", "Channel": "Microsoft-Windows-WMI-Activity/Operational", "Provider_Name": "Microsoft-Windows-WMI-Activity", "Computer": "DESKTOP-OFJ6N53", "TimeCreated": "2025-08-20 09:20:30.168095+00:00", "RecordID": "160551", "Level": "0", "UserID": "S-1-5-20"}
{"EventID": "5857", "Channel": "Microsoft-Windows-WMI-Activity/Operational", "Provider_Name": "Microsoft-Windows-WMI-Activity", "Computer": "DESKTOP-OFJ6N53", "TimeCreated": "2025-08-20 09:20:30.266514+00:00", "RecordID": "160552", "Level": "0", "UserID": "S-1-5-20"}
{"EventID": "5857", "Channel": "Microsoft-Windows-WMI-Activity/Operational", "Provider_Name": "Microsoft-Windows-WMI-Activity", "Computer": "DESKTOP-OFJ6N53", "TimeCreated": "2025-08-20 09:40:19.987322+00:00", "RecordID": "160553", "Level": "0", "UserID": "S-1-5-20"}
{"EventID": "5857", "Channel": "Microsoft-Windows-WMI-Activity/Operational", "Provider_Name": "Microsoft-Windows-WMI-Activity", "Computer": "DESKTOP-OFJ6N53", "TimeCreated": "2025-08-20 09:40:20.370230+00:00", "RecordID": "160554", "Level": "0", "UserID": "S-1-5-20"}
{"EventID": "5857", "Channel": "Microsoft-Windows-WMI-Activity/Operational", "Provider_Name": "Microsoft-Windows-WMI-Activity", "Computer": "DESKTOP-OFJ6N53", "TimeCreated": "2025-08-20 10:09:23.158730+00:00", "RecordID": "160555", "Level": "0", "UserID": "S-1-5-20"}
{"EventID": "5857", "Channel": "Microsoft-Windows-WMI-Activity/Operational", "Provider_Name": "Microsoft-Windows-WMI-Activity", "Computer": "DESKTOP-OFJ6N53", "TimeCreated": "2025-08-20 10:09:23.241171+00:00", "RecordID": "160556", "Level": "0", "UserID": "S-1-5-20"}
{"EventID": "5857", "Channel": "Microsoft-Windows-WMI-Activity/Operational", "Provider_Name": "Microsoft-Windows-WMI-Activity", "Computer": "DESKTOP-OFJ6N53", "TimeCreated": "2025-08-20 10:25:53.790421+00:00", "RecordID": "160557", "Level": "0", "UserID": "S-1-5-20"}
{"EventID": "5857", "Channel": "Microsoft-Windows-WMI-Activity/Operational", "Provider_Name": "Microsoft-Windows-WMI-Activity", "Computer": "DESKTOP-OFJ6N53", "TimeCreated": "2025-08-20 10:29:53.911140+00:00", "RecordID": "160558", "Level": "0", "UserID": "S-1-5-20"}
{"EventID": "5857", "Channel": "Microsoft-Windows-WMI-Activity/Operational", "Provider_Name": "Microsoft-Windows-WMI-Activity", "Computer": "DESKTOP-OFJ6N53", "TimeCreated": "2025-08-20 10:29:54.098333+00:00", "RecordID": "160559", "Level": "0", "UserID": "S-1-5-20"}
{"EventID": "5857", "Channel": "Microsoft-Windows-WMI-Activity/Operational", "Provider_Name": "Microsoft-Windows-WMI-Activity", "Computer": "DESKTOP-OFJ6N53", "TimeCreated": "2025-08-20 11:03:49.423864+00:00", "RecordID": "160560", "Level": "0", "UserID": "S-1-5-20"}
{"EventID": "5858", "Channel": "Microsoft-Windows-WMI-Activity/Operational", "Provider_Name": "Microsoft-Windows-WMI-Activity", "Computer": "DESKTOP-OFJ6N53", "TimeCreated": "2025-08-20 11:03:49.451117+00:00", "RecordID": "160561", "Level": "2", "UserID": "S-1-5-18"}
{"EventID": "5857", "Channel": "Microsoft-Windows-WMI-Activity/Operational", "Provider_Name": "Microsoft-Windows-WMI-Activity", "Computer": "DESKTOP-OFJ6N53", "TimeCreated": "2025-08-20 11:12:48.579247+00:00", "RecordID": "160562", "Level": "0", "UserID": "S-1-5-20"}
{"EventID": "5857", "Channel": "Microsoft-Windows-WMI-Activity/Operational", "Provider_Name": "Microsoft-Windows-WMI-Activity", "Computer": "DESKTOP-OFJ6N53", "TimeCreated": "2025-08-20 11:12:49.399946+00:00", "RecordID": "160563", "Level": "0", "UserID": "S-1-5-20"}
{"EventID": "5857", "Channel": "Microsoft-Windows-WMI-Activity/Operational", "Provider_Name": "Microsoft-Windows-WMI-Activity", "Computer": "DESKTOP-OFJ6N53", "TimeCreated": "2025-08-20 11:34:19.618896+00:00", "RecordID": "160564", "Level": "0", "UserID": "S-1-5-20"}
{"EventID": "5857", "Channel": "Microsoft-Windows-WMI-Activity/Operational", "Provider_Name": "Microsoft-Windows-WMI-Activity", "Computer": "DESKTOP-OFJ6N53", "TimeCreated": "2025-08-20 11:34:20.122135+00:00", "RecordID": "160565", "Level": "0", "UserID": "S-1-5-20"}
{"EventID": "5857", "Channel": "Microsoft-Windows-WMI-Activity/Operational", "Provider_Name": "Microsoft-Windows-WMI-Activity", "Computer": "DESKTOP-OFJ6N53", "TimeCreated": "2025-08-20 11:44:29.917227+00:00", "RecordID": "160566", "Level": "0", "UserID": "S-1-5-20"}
{"EventID": "5857", "Channel": "Microsoft-Windows-WMI-Activity/Operational", "Provider_Name": "Microsoft-Windows-WMI-Activity", "Computer": "DESKTOP-OFJ6N53", "TimeCreated": "2025-08-20 11:48:31.087740+00:00", "RecordID": "160567", "Level": "0", "UserID": "S-1-5-20"}
{"EventID": "5857", "Channel": "Microsoft-Windows-WMI-Activity/Operational", "Provider_Name": "Microsoft-Windows-WMI-Activity", "Computer": "DESKTOP-OFJ6N53", "TimeCreated": "2025-08-20 11:48:31.171074+00:00", "RecordID": "160568", "Level": "0", "UserID": "S-1-5-20"}
{"EventID": "5857", "Channel": "Microsoft-Windows-WMI-Activity/Operational", "Provider_Name": "Microsoft-Windows-WMI-Activity", "Computer": "DESKTOP-OFJ6N53", "TimeCreated": "2025-08-20 12:08:44.917986+00:00", "RecordID": "160569", "Level": "0", "UserID": "S-1-5-20"}
{"EventID": "5857", "Channel": "Microsoft-Windows-WMI-Activity/Operational", "Provider_Name": "Microsoft-Windows-WMI-Activity", "Computer": "DESKTOP-OFJ6N53", "TimeCreated": "2025-08-20 12:08:45.013525+00:00", "RecordID": "160570", "Level": "0", "UserID": "S-1-5-20"}
{"EventID": "5857", "Channel": "Microsoft-Windows-WMI-Activity/Operational", "Provider_Name": "Microsoft-Windows-WMI-Activity", "Computer": "DESKTOP-OFJ6N53", "TimeCreated": "2025-08-20 12:43:21.407539+00:00", "RecordID": "160571", "Level": "0", "UserID": "S-1-5-20"}
{"EventID": "5857", "Channel": "Microsoft-Windows-WMI-Activity/Operational", "Provider_Name": "Microsoft-Windows-WMI-Activity", "Computer": "DESKTOP-OFJ6N53", "TimeCreated": "2025-08-20 12:43:21.528086+00:00", "RecordID": "160572", "Level": "0", "UserID": "S-1-5-20"}
{"EventID": "5857", "Channel": "Microsoft-Windows-WMI-Activity/Operational", "Provider_Name": "Microsoft-Windows-WMI-Activity", "Computer": "DESKTOP-OFJ6N53", "TimeCreated": "2025-08-20 12:45:28.139471+00:00", "RecordID": "160573", "Level": "0", "UserID": "S-1-5-20"}
{"EventID": "5857", "Channel": "Microsoft-Windows-WMI-Activity/Operational", "Provider_Name": "Microsoft-Windows-WMI-Activity", "Computer": "DESKTOP-OFJ6N53", "TimeCreated": "2025-08-20 12:51:37.152090+00:00", "RecordID": "160574", "Level": "0", "UserID": "S-1-5-20"}
{"EventID": "5857", "Channel": "Microsoft-Windows-WMI-Activity/Operational", "Provider_Name": "Microsoft-Windows-WMI-Activity", "Computer": "DESKTOP-OFJ6N53", "TimeCreated": "2025-08-20 13:22:07.093969+00:00", "RecordID": "160575", "Level": "0", "UserID": "S-1-5-20"}
{"EventID": "5857", "Channel": "Microsoft-Windows-WMI-Activity/Operational", "Provider_Name": "Microsoft-Windows-WMI-Activity", "Computer": "DESKTOP-OFJ6N53", "TimeCreated": "2025-08-20 13:22:07.202951+00:00", "RecordID": "160576", "Level": "0", "UserID": "S-1-5-20"}
{"EventID": "5857", "Channel": "Microsoft-Windows-WMI-Activity/Operational", "Provider_Name": "Microsoft-Windows-WMI-Activity", "Computer": "DESKTOP-OFJ6N53", "TimeCreated": "2025-08-20 13:54:24.702143+00:00", "RecordID": "160577", "Level": "0", "UserID": "S-1-5-20"}
{"EventID": "5857", "Channel": "Microsoft-Windows-WMI-Activity/Operational", "Provider_Name": "Microsoft-Windows-WMI-Activity", "Computer": "DESKTOP-OFJ6N53", "TimeCreated": "2025-08-20 13:54:24.789103+00:00", "RecordID": "160578", "Level": "0", "UserID": "S-1-5-20"}
{"EventID": "5857", "Channel": "Microsoft-Windows-WMI-Activity/Operational", "Provider_Name": "Microsoft-Windows-WMI-Activity", "Computer": "DESKTOP-OFJ6N53", "TimeCreated": "2025-08-20 14:09:46.217512+00:00", "RecordID": "160579", "Level": "0", "UserID": "S-1-5-20"}
{"EventID": "5857", "Channel": "Microsoft-Windows-WMI-Activity/Operational", "Provider_Name": "Microsoft-Windows-WMI-Activity", "Computer": "DESKTOP-OFJ6N53", "TimeCreated": "2025-08-20 14:13:46.463541+00:00", "RecordID": "160580", "Level": "0", "UserID": "S-1-5-20"}
{"EventID": "5857", "Channel": "Microsoft-Windows-WMI-Activity/Operational", "Provider_Name": "Microsoft-Windows-WMI-Activity", "Computer": "DESKTOP-OFJ6N53", "TimeCreated": "2025-08-20 14:13:46.619568+00:00", "RecordID": "160581", "Level": "0", "UserID": "S-1-5-20"}
{"EventID": "5857", "Channel": "Microsoft-Windows-WMI-Activity/Operational", "Provider_Name": "Microsoft-Windows-WMI-Activity", "Computer": "DESKTOP-OFJ6N53", "TimeCreated": "2025-08-20 15:00:28.513704+00:00", "RecordID": "160582", "Level": "0", "UserID": "S-1-5-20"}
{"EventID": "5858", "Channel": "Microsoft-Windows-WMI-Activity/Operational", "Provider_Name": "Microsoft-Windows-WMI-Activity", "Computer": "DESKTOP-OFJ6N53", "TimeCreated": "2025-08-20 15:00:28.543785+00:00", "RecordID": "160583", "Level": "2", "UserID": "S-1-5-18"}
{"EventID": "5857", "Channel": "Microsoft-Windows-WMI-Activity/Operational", "Provider_Name": "Microsoft-Windows-WMI-Activity", "Computer": "DESKTOP-OFJ6N53", "TimeCreated": "2025-08-20 15:04:34.462070+00:00", "RecordID": "160584", "Level": "0", "UserID": "S-1-5-20"}
{"EventID": "5857", "Channel": "Microsoft-Windows-WMI-Activity/Operational", "Provider_Name": "Microsoft-Windows-WMI-Activity", "Computer": "DESKTOP-OFJ6N53", "TimeCreated": "2025-08-20 15:04:34.559259+00:00", "RecordID": "160585", "Level": "0", "UserID": "S-1-5-20"}
{"EventID": "5857", "Channel": "Microsoft-Windows-WMI-Activity/Operational", "Provider_Name": "Microsoft-Windows-WMI-Activity", "Computer": "DESKTOP-OFJ6N53", "TimeCreated": "2025-08-20 15:31:52.059011+00:00", "RecordID": "160586", "Level": "0", "UserID": "S-1-5-20"}
{"EventID": "5857", "Channel": "Microsoft-Windows-WMI-Activity/Operational", "Provider_Name": "Microsoft-Windows-WMI-Activity", "Computer": "DESKTOP-OFJ6N53", "TimeCreated": "2025-08-20 15:31:52.558718+00:00", "RecordID": "160587", "Level": "0", "UserID": "S-1-5-20"}
{"EventID": "5857", "Channel": "Microsoft-Windows-WMI-Activity/Operational", "Provider_Name": "Microsoft-Windows-WMI-Activity", "Computer": "DESKTOP-OFJ6N53", "TimeCreated": "2025-08-20 16:07:46.888487+00:00", "RecordID": "160588", "Level": "0", "UserID": "S-1-5-20"}
{"EventID": "5857", "Channel": "Microsoft-Windows-WMI-Activity/Operational", "Provider_Name": "Microsoft-Windows-WMI-Activity", "Computer": "DESKTOP-OFJ6N53", "TimeCreated": "2025-08-20 16:07:47.044067+00:00", "RecordID": "160589", "Level": "0", "UserID": "S-1-5-20"}
{"EventID": "5857", "Channel": "Microsoft-Windows-WMI-Activity/Operational", "Provider_Name": "Microsoft-Windows-WMI-Activity", "Computer": "DESKTOP-OFJ6N53", "TimeCreated": "2025-08-20 16:35:09.107018+00:00", "RecordID": "160590", "Level": "0", "UserID": "S-1-5-20"}
{"EventID": "5857", "Channel": "Microsoft-Windows-WMI-Activity/Operational", "Provider_Name": "Microsoft-Windows-WMI-Activity", "Computer": "DESKTOP-OFJ6N53", "TimeCreated": "2025-08-20 16:35:20.714466+00:00", "RecordID": "160591", "Level": "0", "UserID": "S-1-5-20"}
{"EventID": "5857", "Channel": "Microsoft-Windows-WMI-Activity/Operational", "Provider_Name": "Microsoft-Windows-WMI-Activity", "Computer": "DESKTOP-OFJ6N53", "TimeCreated": "2025-08-20 17:35:25.038935+00:00", "RecordID": "160592", "Level": "0", "UserID": "S-1-5-20"}
{"EventID": "5857", "Channel": "Microsoft-Windows-WMI-Activity/Operational", "Provider_Name": "Microsoft-Windows-WMI-Activity", "Computer": "DESKTOP-OFJ6N53", "TimeCreated": "2025-08-20 17:35:25.132401+00:00", "RecordID": "160593", "Level": "0", "UserID": "S-1-5-20"}
{"EventID": "5857", "Channel": "Microsoft-Windows-WMI-Activity/Operational", "Provider_Name": "Microsoft-Windows-WMI-Activity", "Computer": "DESKTOP-OFJ6N53", "TimeCreated": "2025-08-20 18:35:25.115648+00:00", "RecordID": "160594", "Level": "0", "UserID": "S-1-5-20"}
