{"EventID": "505", "Channel": "Microsoft-Windows-Application-Experience/Program-Telemetry", "Provider_Name": "Microsoft-Windows-Application-Experience", "Computer": "DESKTOP-OFJ6N53", "TimeCreated": "2025-08-05 12:46:48.922863+00:00", "RecordID": "16975", "Level": "4", "UserID": "S-1-5-21-963789628-1060504924-4285088085-1001"}
{"EventID": "505", "Channel": "Microsoft-Windows-Application-Experience/Program-Telemetry", "Provider_Name": "Microsoft-Windows-Application-Experience", "Computer": "DESKTOP-OFJ6N53", "TimeCreated": "2025-08-05 12:46:49.007772+00:00", "RecordID": "16976", "Level": "4", "UserID": "S-1-5-21-963789628-1060504924-4285088085-1001"}
{"EventID": "505", "Channel": "Microsoft-Windows-Application-Experience/Program-Telemetry", "Provider_Name": "Microsoft-Windows-Application-Experience", "Computer": "DESKTOP-OFJ6N53", "TimeCreated": "2025-08-05 12:46:49.248533+00:00", "RecordID": "16977", "Level": "4", "UserID": "S-1-5-21-963789628-1060504924-4285088085-1001"}
{"EventID": "505", "Channel": "Microsoft-Windows-Application-Experience/Program-Telemetry", "Provider_Name": "Microsoft-Windows-Application-Experience", "Computer": "DESKTOP-OFJ6N53", "TimeCreated": "2025-08-05 12:46:49.291328+00:00", "RecordID": "16978", "Level": "4", "UserID": "S-1-5-21-963789628-1060504924-4285088085-1001"}
{"EventID": "505", "Channel": "Microsoft-Windows-Application-Experience/Program-Telemetry", "Provider_Name": "Microsoft-Windows-Application-Experience", "Computer": "DESKTOP-OFJ6N53", "TimeCreated": "2025-08-05 12:47:16.590872+00:00", "RecordID": "16979", "Level": "4", "UserID": "S-1-5-21-963789628-1060504924-4285088085-1001"}
{"EventID": "505", "Channel": "Microsoft-Windows-Application-Experience/Program-Telemetry", "Provider_Name": "Microsoft-Windows-Application-Experience", "Computer": "DESKTOP-OFJ6N53", "TimeCreated": "2025-08-05 12:47:19.285667+00:00", "RecordID": "16980", "Level": "4", "UserID": "S-1-5-21-963789628-1060504924-4285088085-1001"}
{"EventID": "505", "Channel": "Microsoft-Windows-Application-Experience/Program-Telemetry", "Provider_Name": "Microsoft-Windows-Application-Experience", "Computer": "DESKTOP-OFJ6N53", "TimeCreated": "2025-08-05 12:47:19.291353+00:00", "RecordID": "16981", "Level": "4", "UserID": "S-1-5-21-963789628-1060504924-4285088085-1001"}
{"EventID": "505", "Channel": "Microsoft-Windows-Application-Experience/Program-Telemetry", "Provider_Name": "Microsoft-Windows-Application-Experience", "Computer": "DESKTOP-OFJ6N53", "TimeCreated": "2025-08-05 12:47:19.301258+00:00", "RecordID": "16982", "Level": "4", "UserID": "S-1-5-21-963789628-1060504924-4285088085-1001"}
{"EventID": "505", "Channel": "Microsoft-Windows-Application-Experience/Program-Telemetry", "Provider_Name": "Microsoft-Windows-Application-Experience", "Computer": "DESKTOP-OFJ6N53", "TimeCreated": "2025-08-05 12:48:49.290543+00:00", "RecordID": "16983", "Level": "4", "UserID": "S-1-5-21-963789628-1060504924-4285088085-1001"}
{"EventID": "505", "Channel": "Microsoft-Windows-Application-Experience/Program-Telemetry", "Provider_Name": "Microsoft-Windows-Application-Experience", "Computer": "DESKTOP-OFJ6N53", "TimeCreated": "2025-08-05 12:50:15.800161+00:00", "RecordID": "16984", "Level": "4", "UserID": "S-1-5-21-963789628-1060504924-4285088085-1001"}
{"EventID": "505", "Channel": "Microsoft-Windows-Application-Experience/Program-Telemetry", "Provider_Name": "Microsoft-Windows-Application-Experience", "Computer": "DESKTOP-OFJ6N53", "TimeCreated": "2025-08-05 12:54:11.936117+00:00", "RecordID": "16985", "Level": "4", "UserID": "S-1-5-21-963789628-1060504924-4285088085-1001"}
{"EventID": "505", "Channel": "Microsoft-Windows-Application-Experience/Program-Telemetry", "Provider_Name": "Microsoft-Windows-Application-Experience", "Computer": "DESKTOP-OFJ6N53", "TimeCreated": "2025-08-05 12:54:12.008352+00:00", "RecordID": "16986", "Level": "4", "UserID": "S-1-5-21-963789628-1060504924-4285088085-1001"}
{"EventID": "505", "Channel": "Microsoft-Windows-Application-Experience/Program-Telemetry", "Provider_Name": "Microsoft-Windows-Application-Experience", "Computer": "DESKTOP-OFJ6N53", "TimeCreated": "2025-08-05 12:54:12.253000+00:00", "RecordID": "16987", "Level": "4", "UserID": "S-1-5-21-963789628-1060504924-4285088085-1001"}
{"EventID": "505", "Channel": "Microsoft-Windows-Application-Experience/Program-Telemetry", "Provider_Name": "Microsoft-Windows-Application-Experience", "Computer": "DESKTOP-OFJ6N53", "TimeCreated": "2025-08-05 12:54:12.291586+00:00", "RecordID": "16988", "Level": "4", "UserID": "S-1-5-21-963789628-1060504924-4285088085-1001"}
{"EventID": "505", "Channel": "Microsoft-Windows-Application-Experience/Program-Telemetry", "Provider_Name": "Microsoft-Windows-Application-Experience", "Computer": "DESKTOP-OFJ6N53", "TimeCreated": "2025-08-05 12:54:15.597301+00:00", "RecordID": "16989", "Level": "4", "UserID": "S-1-5-21-963789628-1060504924-4285088085-1001"}
{"EventID": "505", "Channel": "Microsoft-Windows-Application-Experience/Program-Telemetry", "Provider_Name": "Microsoft-Windows-Application-Experience", "Computer": "DESKTOP-OFJ6N53", "TimeCreated": "2025-08-05 12:54:42.291735+00:00", "RecordID": "16990", "Level": "4", "UserID": "S-1-5-21-963789628-1060504924-4285088085-1001"}
{"EventID": "505", "Channel": "Microsoft-Windows-Application-Experience/Program-Telemetry", "Provider_Name": "Microsoft-Windows-Application-Experience", "Computer": "DESKTOP-OFJ6N53", "TimeCreated": "2025-08-05 12:54:42.295511+00:00", "RecordID": "16991", "Level": "4", "UserID": "S-1-5-21-963789628-1060504924-4285088085-1001"}
{"EventID": "505", "Channel": "Microsoft-Windows-Application-Experience/Program-Telemetry", "Provider_Name": "Microsoft-Windows-Application-Experience", "Computer": "DESKTOP-OFJ6N53", "TimeCreated": "2025-08-05 12:54:42.300373+00:00", "RecordID": "16992", "Level": "4", "UserID": "S-1-5-21-963789628-1060504924-4285088085-1001"}
{"EventID": "505", "Channel": "Microsoft-Windows-Application-Experience/Program-Telemetry", "Provider_Name": "Microsoft-Windows-Application-Experience", "Computer": "DESKTOP-OFJ6N53", "TimeCreated": "2025-08-05 12:56:12.294258+00:00", "RecordID": "16993", "Level": "4", "UserID": "S-1-5-21-963789628-1060504924-4285088085-1001"}
{"EventID": "505", "Channel": "Microsoft-Windows-Application-Experience/Program-Telemetry", "Provider_Name": "Microsoft-Windows-Application-Experience", "Computer": "DESKTOP-OFJ6N53", "TimeCreated": "2025-08-05 15:16:48.438225+00:00", "RecordID": "16994", "Level": "4", "UserID": "S-1-5-21-963789628-1060504924-4285088085-1001"}
{"EventID": "505", "Channel": "Microsoft-Windows-Application-Experience/Program-Telemetry", "Provider_Name": "Microsoft-Windows-Application-Experience", "Computer": "DESKTOP-OFJ6N53", "TimeCreated": "2025-08-05 15:16:48.503023+00:00", "RecordID": "16995", "Level": "4", "UserID": "S-1-5-21-963789628-1060504924-4285088085-1001"}
{"EventID": "505", "Channel": "Microsoft-Windows-Application-Experience/Program-Telemetry", "Provider_Name": "Microsoft-Windows-Application-Experience", "Computer": "DESKTOP-OFJ6N53", "TimeCreated": "2025-08-05 15:16:48.766356+00:00", "RecordID": "16996", "Level": "4", "UserID": "S-1-5-21-963789628-1060504924-4285088085-1001"}
{"EventID": "505", "Channel": "Microsoft-Windows-Application-Experience/Program-Telemetry", "Provider_Name": "Microsoft-Windows-Application-Experience", "Computer": "DESKTOP-OFJ6N53", "TimeCreated": "2025-08-05 15:16:48.878029+00:00", "RecordID": "16997", "Level": "4", "UserID": "S-1-5-21-963789628-1060504924-4285088085-1001"}
{"EventID": "505", "Channel": "Microsoft-Windows-Application-Experience/Program-Telemetry", "Provider_Name": "Microsoft-Windows-Application-Experience", "Computer": "DESKTOP-OFJ6N53", "TimeCreated": "2025-08-05 15:16:52.156479+00:00", "RecordID": "16998", "Level": "4", "UserID": "S-1-5-21-963789628-1060504924-4285088085-1001"}
{"EventID": "505", "Channel": "Microsoft-Windows-Application-Experience/Program-Telemetry", "Provider_Name": "Microsoft-Windows-Application-Experience", "Computer": "DESKTOP-OFJ6N53", "TimeCreated": "2025-08-05 20:11:57.725863+00:00", "RecordID": "16999", "Level": "4", "UserID": "S-1-5-21-963789628-1060504924-4285088085-1001"}
{"EventID": "505", "Channel": "Microsoft-Windows-Application-Experience/Program-Telemetry", "Provider_Name": "Microsoft-Windows-Application-Experience", "Computer": "DESKTOP-OFJ6N53", "TimeCreated": "2025-08-05 20:11:58.427048+00:00", "RecordID": "17000", "Level": "4", "UserID": "S-1-5-21-963789628-1060504924-4285088085-1001"}
{"EventID": "500", "Channel": "Microsoft-Windows-Application-Experience/Program-Telemetry", "Provider_Name": "Microsoft-Windows-Application-Experience", "Computer": "DESKTOP-OFJ6N53", "TimeCreated": "2025-08-05 21:23:16.716436+00:00", "RecordID": "17001", "Level": "4", "UserID": "S-1-5-18"}
{"EventID": "505", "Channel": "Microsoft-Windows-Application-Experience/Program-Telemetry", "Provider_Name": "Microsoft-Windows-Application-Experience", "Computer": "DESKTOP-OFJ6N53", "TimeCreated": "2025-08-05 21:23:17.151234+00:00", "RecordID": "17002", "Level": "4", "UserID": "S-1-5-18"}
{"EventID": "505", "Channel": "Microsoft-Windows-Application-Experience/Program-Telemetry", "Provider_Name": "Microsoft-Windows-Application-Experience", "Computer": "DESKTOP-OFJ6N53", "TimeCreated": "2025-08-05 21:23:20.845583+00:00", "RecordID": "17003", "Level": "4", "UserID": "S-1-5-18"}
{"EventID": "505", "Channel": "Microsoft-Windows-Application-Experience/Program-Telemetry", "Provider_Name": "Microsoft-Windows-Application-Experience", "Computer": "DESKTOP-OFJ6N53", "TimeCreated": "2025-08-05 21:23:21.107670+00:00", "RecordID": "17004", "Level": "4", "UserID": "S-1-5-18"}
{"EventID": "505", "Channel": "Microsoft-Windows-Application-Experience/Program-Telemetry", "Provider_Name": "Microsoft-Windows-Application-Experience", "Computer": "DESKTOP-OFJ6N53", "TimeCreated": "2025-08-06 07:01:12.167915+00:00", "RecordID": "17005", "Level": "4", "UserID": "S-1-5-21-963789628-1060504924-4285088085-1001"}
{"EventID": "505", "Channel": "Microsoft-Windows-Application-Experience/Program-Telemetry", "Provider_Name": "Microsoft-Windows-Application-Experience", "Computer": "DESKTOP-OFJ6N53", "TimeCreated": "2025-08-06 07:01:12.611504+00:00", "RecordID": "17006", "Level": "4", "UserID": "S-1-5-21-963789628-1060504924-4285088085-1001"}
{"EventID": "505", "Channel": "Microsoft-Windows-Application-Experience/Program-Telemetry", "Provider_Name": "Microsoft-Windows-Application-Experience", "Computer": "DESKTOP-OFJ6N53", "TimeCreated": "2025-08-06 07:01:15.348648+00:00", "RecordID": "17007", "Level": "4", "UserID": "S-1-5-21-963789628-1060504924-4285088085-1001"}
{"EventID": "500", "Channel": "Microsoft-Windows-Application-Experience/Program-Telemetry", "Provider_Name": "Microsoft-Windows-Application-Experience", "Computer": "DESKTOP-OFJ6N53", "TimeCreated": "2025-08-06 07:09:36.960215+00:00", "RecordID": "17008", "Level": "4", "UserID": "S-1-5-21-963789628-1060504924-4285088085-1001"}
{"EventID": "500", "Channel": "Microsoft-Windows-Application-Experience/Program-Telemetry", "Provider_Name": "Microsoft-Windows-Application-Experience", "Computer": "DESKTOP-OFJ6N53", "TimeCreated": "2025-08-06 07:09:37.513092+00:00", "RecordID": "17009", "Level": "4", "UserID": "S-1-5-21-963789628-1060504924-4285088085-1001"}
{"EventID": "500", "Channel": "Microsoft-Windows-Application-Experience/Program-Telemetry", "Provider_Name": "Microsoft-Windows-Application-Experience", "Computer": "DESKTOP-OFJ6N53", "TimeCreated": "2025-08-06 07:09:38.868572+00:00", "RecordID": "17010", "Level": "4", "UserID": "S-1-5-21-963789628-1060504924-4285088085-1001"}
{"EventID": "500", "Channel": "Microsoft-Windows-Application-Experience/Program-Telemetry", "Provider_Name": "Microsoft-Windows-Application-Experience", "Computer": "DESKTOP-OFJ6N53", "TimeCreated": "2025-08-06 07:09:39.323860+00:00", "RecordID": "17011", "Level": "4", "UserID": "S-1-5-21-963789628-1060504924-4285088085-1001"}
{"EventID": "500", "Channel": "Microsoft-Windows-Application-Experience/Program-Telemetry", "Provider_Name": "Microsoft-Windows-Application-Experience", "Computer": "DESKTOP-OFJ6N53", "TimeCreated": "2025-08-06 07:09:45.982929+00:00", "RecordID": "17012", "Level": "4", "UserID": "S-1-5-21-963789628-1060504924-4285088085-1001"}
{"EventID": "500", "Channel": "Microsoft-Windows-Application-Experience/Program-Telemetry", "Provider_Name": "Microsoft-Windows-Application-Experience", "Computer": "DESKTOP-OFJ6N53", "TimeCreated": "2025-08-06 07:10:08.629618+00:00", "RecordID": "17013", "Level": "4", "UserID": "S-1-5-21-963789628-1060504924-4285088085-1001"}
{"EventID": "500", "Channel": "Microsoft-Windows-Application-Experience/Program-Telemetry", "Provider_Name": "Microsoft-Windows-Application-Experience", "Computer": "DESKTOP-OFJ6N53", "TimeCreated": "2025-08-06 07:10:08.658955+00:00", "RecordID": "17014", "Level": "4", "UserID": "S-1-5-21-963789628-1060504924-4285088085-1001"}
{"EventID": "500", "Channel": "Microsoft-Windows-Application-Experience/Program-Telemetry", "Provider_Name": "Microsoft-Windows-Application-Experience", "Computer": "DESKTOP-OFJ6N53", "TimeCreated": "2025-08-06 07:10:08.672144+00:00", "RecordID": "17015", "Level": "4", "UserID": "S-1-5-21-963789628-1060504924-4285088085-1001"}
{"EventID": "505", "Channel": "Microsoft-Windows-Application-Experience/Program-Telemetry", "Provider_Name": "Microsoft-Windows-Application-Experience", "Computer": "DESKTOP-OFJ6N53", "TimeCreated": "2025-08-06 07:11:04.613255+00:00", "RecordID": "17016", "Level": "4", "UserID": "S-1-5-21-963789628-1060504924-4285088085-1001"}
{"EventID": "505", "Channel": "Microsoft-Windows-Application-Experience/Program-Telemetry", "Provider_Name": "Microsoft-Windows-Application-Experience", "Computer": "DESKTOP-OFJ6N53", "TimeCreated": "2025-08-06 07:11:04.678162+00:00", "RecordID": "17017", "Level": "4", "UserID": "S-1-5-21-963789628-1060504924-4285088085-1001"}
{"EventID": "505", "Channel": "Microsoft-Windows-Application-Experience/Program-Telemetry", "Provider_Name": "Microsoft-Windows-Application-Experience", "Computer": "DESKTOP-OFJ6N53", "TimeCreated": "2025-08-06 07:11:04.913616+00:00", "RecordID": "17018", "Level": "4", "UserID": "S-1-5-21-963789628-1060504924-4285088085-1001"}
{"EventID": "505", "Channel": "Microsoft-Windows-Application-Experience/Program-Telemetry", "Provider_Name": "Microsoft-Windows-Application-Experience", "Computer": "DESKTOP-OFJ6N53", "TimeCreated": "2025-08-06 07:11:05.030558+00:00", "RecordID": "17019", "Level": "4", "UserID": "S-1-5-21-963789628-1060504924-4285088085-1001"}
{"EventID": "505", "Channel": "Microsoft-Windows-Application-Experience/Program-Telemetry", "Provider_Name": "Microsoft-Windows-Application-Experience", "Computer": "DESKTOP-OFJ6N53", "TimeCreated": "2025-08-06 07:11:08.439531+00:00", "RecordID": "17020", "Level": "4", "UserID": "S-1-5-21-963789628-1060504924-4285088085-1001"}
{"EventID": "505", "Channel": "Microsoft-Windows-Application-Experience/Program-Telemetry", "Provider_Name": "Microsoft-Windows-Application-Experience", "Computer": "DESKTOP-OFJ6N53", "TimeCreated": "2025-08-06 07:11:34.953737+00:00", "RecordID": "17021", "Level": "4", "UserID": "S-1-5-21-963789628-1060504924-4285088085-1001"}
{"EventID": "505", "Channel": "Microsoft-Windows-Application-Experience/Program-Telemetry", "Provider_Name": "Microsoft-Windows-Application-Experience", "Computer": "DESKTOP-OFJ6N53", "TimeCreated": "2025-08-06 07:11:34.955681+00:00", "RecordID": "17022", "Level": "4", "UserID": "S-1-5-21-963789628-1060504924-4285088085-1001"}
{"EventID": "505", "Channel": "Microsoft-Windows-Application-Experience/Program-Telemetry", "Provider_Name": "Microsoft-Windows-Application-Experience", "Computer": "DESKTOP-OFJ6N53", "TimeCreated": "2025-08-06 07:11:34.958733+00:00", "RecordID": "17023", "Level": "4", "UserID": "S-1-5-21-963789628-1060504924-4285088085-1001"}
{"EventID": "505", "Channel": "Microsoft-Windows-Application-Experience/Program-Telemetry", "Provider_Name": "Microsoft-Windows-Application-Experience", "Computer": "DESKTOP-OFJ6N53", "TimeCreated": "2025-08-06 07:13:04.946768+00:00", "RecordID": "17024", "Level": "4", "UserID": "S-1-5-21-963789628-1060504924-4285088085-1001"}
{"EventID": "505", "Channel": "Microsoft-Windows-Application-Experience/Program-Telemetry", "Provider_Name": "Microsoft-Windows-Application-Experience", "Computer": "DESKTOP-OFJ6N53", "TimeCreated": "2025-08-06 07:14:04.985703+00:00", "RecordID": "17025", "Level": "4", "UserID": "S-1-5-21-963789628-1060504924-4285088085-1001"}
{"EventID": "505", "Channel": "Microsoft-Windows-Application-Experience/Program-Telemetry", "Provider_Name": "Microsoft-Windows-Application-Experience", "Computer": "DESKTOP-OFJ6N53", "TimeCreated": "2025-08-06 08:12:29.682949+00:00", "RecordID": "17026", "Level": "4", "UserID": "S-1-5-21-963789628-1060504924-4285088085-1001"}
{"EventID": "505", "Channel": "Microsoft-Windows-Application-Experience/Program-Telemetry", "Provider_Name": "Microsoft-Windows-Application-Experience", "Computer": "DESKTOP-OFJ6N53", "TimeCreated": "2025-08-06 13:25:15.619749+00:00", "RecordID": "17027", "Level": "4", "UserID": "S-1-5-21-963789628-1060504924-4285088085-1001"}
{"EventID": "505", "Channel": "Microsoft-Windows-Application-Experience/Program-Telemetry", "Provider_Name": "Microsoft-Windows-Application-Experience", "Computer": "DESKTOP-OFJ6N53", "TimeCreated": "2025-08-06 13:34:54.233765+00:00", "RecordID": "17028", "Level": "4", "UserID": "S-1-5-21-963789628-1060504924-4285088085-1001"}
{"EventID": "505", "Channel": "Microsoft-Windows-Application-Experience/Program-Telemetry", "Provider_Name": "Microsoft-Windows-Application-Experience", "Computer": "DESKTOP-OFJ6N53", "TimeCreated": "2025-08-06 13:34:54.459520+00:00", "RecordID": "17029", "Level": "4", "UserID": "S-1-5-21-963789628-1060504924-4285088085-1001"}
{"EventID": "505", "Channel": "Microsoft-Windows-Application-Experience/Program-Telemetry", "Provider_Name": "Microsoft-Windows-Application-Experience", "Computer": "DESKTOP-OFJ6N53", "TimeCreated": "2025-08-06 13:34:54.981331+00:00", "RecordID": "17030", "Level": "4", "UserID": "S-1-5-21-963789628-1060504924-4285088085-1001"}
{"EventID": "505", "Channel": "Microsoft-Windows-Application-Experience/Program-Telemetry", "Provider_Name": "Microsoft-Windows-Application-Experience", "Computer": "DESKTOP-OFJ6N53", "TimeCreated": "2025-08-06 13:34:55.038105+00:00", "RecordID": "17031", "Level": "4", "UserID": "S-1-5-21-963789628-1060504924-4285088085-1001"}
{"EventID": "505", "Channel": "Microsoft-Windows-Application-Experience/Program-Telemetry", "Provider_Name": "Microsoft-Windows-Application-Experience", "Computer": "DESKTOP-OFJ6N53", "TimeCreated": "2025-08-06 13:34:58.514645+00:00", "RecordID": "17032", "Level": "4", "UserID": "S-1-5-21-963789628-1060504924-4285088085-1001"}
{"EventID": "505", "Channel": "Microsoft-Windows-Application-Experience/Program-Telemetry", "Provider_Name": "Microsoft-Windows-Application-Experience", "Computer": "DESKTOP-OFJ6N53", "TimeCreated": "2025-08-06 13:35:25.021084+00:00", "RecordID": "17033", "Level": "4", "UserID": "S-1-5-21-963789628-1060504924-4285088085-1001"}
{"EventID": "505", "Channel": "Microsoft-Windows-Application-Experience/Program-Telemetry", "Provider_Name": "Microsoft-Windows-Application-Experience", "Computer": "DESKTOP-OFJ6N53", "TimeCreated": "2025-08-06 13:35:25.022192+00:00", "RecordID": "17034", "Level": "4", "UserID": "S-1-5-21-963789628-1060504924-4285088085-1001"}
{"EventID": "505", "Channel": "Microsoft-Windows-Application-Experience/Program-Telemetry", "Provider_Name": "Microsoft-Windows-Application-Experience", "Computer": "DESKTOP-OFJ6N53", "TimeCreated": "2025-08-06 13:35:25.029779+00:00", "RecordID": "17035", "Level": "4", "UserID": "S-1-5-21-963789628-1060504924-4285088085-1001"}
{"EventID": "505", "Channel": "Microsoft-Windows-Application-Experience/Program-Telemetry", "Provider_Name": "Microsoft-Windows-Application-Experience", "Computer": "DESKTOP-OFJ6N53", "TimeCreated": "2025-08-06 13:35:39.373045+00:00", "RecordID": "17036", "Level": "4", "UserID": "S-1-5-21-963789628-1060504924-4285088085-1001"}
{"EventID": "505", "Channel": "Microsoft-Windows-Application-Experience/Program-Telemetry", "Provider_Name": "Microsoft-Windows-Application-Experience", "Computer": "DESKTOP-OFJ6N53", "TimeCreated": "2025-08-06 13:35:39.441965+00:00", "RecordID": "17037", "Level": "4", "UserID": "S-1-5-21-963789628-1060504924-4285088085-1001"}
{"EventID": "505", "Channel": "Microsoft-Windows-Application-Experience/Program-Telemetry", "Provider_Name": "Microsoft-Windows-Application-Experience", "Computer": "DESKTOP-OFJ6N53", "TimeCreated": "2025-08-06 13:35:39.684929+00:00", "RecordID": "17038", "Level": "4", "UserID": "S-1-5-21-963789628-1060504924-4285088085-1001"}
{"EventID": "505", "Channel": "Microsoft-Windows-Application-Experience/Program-Telemetry", "Provider_Name": "Microsoft-Windows-Application-Experience", "Computer": "DESKTOP-OFJ6N53", "TimeCreated": "2025-08-06 13:35:39.777060+00:00", "RecordID": "17039", "Level": "4", "UserID": "S-1-5-21-963789628-1060504924-4285088085-1001"}
{"EventID": "505", "Channel": "Microsoft-Windows-Application-Experience/Program-Telemetry", "Provider_Name": "Microsoft-Windows-Application-Experience", "Computer": "DESKTOP-OFJ6N53", "TimeCreated": "2025-08-06 13:35:43.036306+00:00", "RecordID": "17040", "Level": "4", "UserID": "S-1-5-21-963789628-1060504924-4285088085-1001"}
{"EventID": "505", "Channel": "Microsoft-Windows-Application-Experience/Program-Telemetry", "Provider_Name": "Microsoft-Windows-Application-Experience", "Computer": "DESKTOP-OFJ6N53", "TimeCreated": "2025-08-06 13:36:09.734705+00:00", "RecordID": "17041", "Level": "4", "UserID": "S-1-5-21-963789628-1060504924-4285088085-1001"}
{"EventID": "505", "Channel": "Microsoft-Windows-Application-Experience/Program-Telemetry", "Provider_Name": "Microsoft-Windows-Application-Experience", "Computer": "DESKTOP-OFJ6N53", "TimeCreated": "2025-08-06 13:36:09.742941+00:00", "RecordID": "17042", "Level": "4", "UserID": "S-1-5-21-963789628-1060504924-4285088085-1001"}
{"EventID": "505", "Channel": "Microsoft-Windows-Application-Experience/Program-Telemetry", "Provider_Name": "Microsoft-Windows-Application-Experience", "Computer": "DESKTOP-OFJ6N53", "TimeCreated": "2025-08-06 13:36:09.748135+00:00", "RecordID": "17043", "Level": "4", "UserID": "S-1-5-21-963789628-1060504924-4285088085-1001"}
{"EventID": "505", "Channel": "Microsoft-Windows-Application-Experience/Program-Telemetry", "Provider_Name": "Microsoft-Windows-Application-Experience", "Computer": "DESKTOP-OFJ6N53", "TimeCreated": "2025-08-06 13:37:39.732809+00:00", "RecordID": "17044", "Level": "4", "UserID": "S-1-5-21-963789628-1060504924-4285088085-1001"}
{"EventID": "505", "Channel": "Microsoft-Windows-Application-Experience/Program-Telemetry", "Provider_Name": "Microsoft-Windows-Application-Experience", "Computer": "DESKTOP-OFJ6N53", "TimeCreated": "2025-08-06 13:44:59.741995+00:00", "RecordID": "17045", "Level": "4", "UserID": "S-1-5-21-963789628-1060504924-4285088085-1001"}
{"EventID": "505", "Channel": "Microsoft-Windows-Application-Experience/Program-Telemetry", "Provider_Name": "Microsoft-Windows-Application-Experience", "Computer": "DESKTOP-OFJ6N53", "TimeCreated": "2025-08-06 13:44:59.820881+00:00", "RecordID": "17046", "Level": "4", "UserID": "S-1-5-21-963789628-1060504924-4285088085-1001"}
{"EventID": "505", "Channel": "Microsoft-Windows-Application-Experience/Program-Telemetry", "Provider_Name": "Microsoft-Windows-Application-Experience", "Computer": "DESKTOP-OFJ6N53", "TimeCreated": "2025-08-06 13:54:35.981998+00:00", "RecordID": "17047", "Level": "4", "UserID": "S-1-5-21-963789628-1060504924-4285088085-1001"}
{"EventID": "505", "Channel": "Microsoft-Windows-Application-Experience/Program-Telemetry", "Provider_Name": "Microsoft-Windows-Application-Experience", "Computer": "DESKTOP-OFJ6N53", "TimeCreated": "2025-08-06 13:54:36.048450+00:00", "RecordID": "17048", "Level": "4", "UserID": "S-1-5-21-963789628-1060504924-4285088085-1001"}
{"EventID": "505", "Channel": "Microsoft-Windows-Application-Experience/Program-Telemetry", "Provider_Name": "Microsoft-Windows-Application-Experience", "Computer": "DESKTOP-OFJ6N53", "TimeCreated": "2025-08-06 14:04:15.945517+00:00", "RecordID": "17049", "Level": "4", "UserID": "S-1-5-21-963789628-1060504924-4285088085-1001"}
{"EventID": "505", "Channel": "Microsoft-Windows-Application-Experience/Program-Telemetry", "Provider_Name": "Microsoft-Windows-Application-Experience", "Computer": "DESKTOP-OFJ6N53", "TimeCreated": "2025-08-06 14:04:16.013519+00:00", "RecordID": "17050", "Level": "4", "UserID": "S-1-5-21-963789628-1060504924-4285088085-1001"}
{"EventID": "505", "Channel": "Microsoft-Windows-Application-Experience/Program-Telemetry", "Provider_Name": "Microsoft-Windows-Application-Experience", "Computer": "DESKTOP-OFJ6N53", "TimeCreated": "2025-08-06 14:12:44.875393+00:00", "RecordID": "17051", "Level": "4", "UserID": "S-1-5-21-963789628-1060504924-4285088085-1001"}
{"EventID": "505", "Channel": "Microsoft-Windows-Application-Experience/Program-Telemetry", "Provider_Name": "Microsoft-Windows-Application-Experience", "Computer": "DESKTOP-OFJ6N53", "TimeCreated": "2025-08-06 14:12:44.949142+00:00", "RecordID": "17052", "Level": "4", "UserID": "S-1-5-21-963789628-1060504924-4285088085-1001"}
{"EventID": "505", "Channel": "Microsoft-Windows-Application-Experience/Program-Telemetry", "Provider_Name": "Microsoft-Windows-Application-Experience", "Computer": "DESKTOP-OFJ6N53", "TimeCreated": "2025-08-06 14:12:45.311680+00:00", "RecordID": "17053", "Level": "4", "UserID": "S-1-5-21-963789628-1060504924-4285088085-1001"}
{"EventID": "505", "Channel": "Microsoft-Windows-Application-Experience/Program-Telemetry", "Provider_Name": "Microsoft-Windows-Application-Experience", "Computer": "DESKTOP-OFJ6N53", "TimeCreated": "2025-08-06 14:12:45.490416+00:00", "RecordID": "17054", "Level": "4", "UserID": "S-1-5-21-963789628-1060504924-4285088085-1001"}
{"EventID": "505", "Channel": "Microsoft-Windows-Application-Experience/Program-Telemetry", "Provider_Name": "Microsoft-Windows-Application-Experience", "Computer": "DESKTOP-OFJ6N53", "TimeCreated": "2025-08-06 14:12:48.747032+00:00", "RecordID": "17055", "Level": "4", "UserID": "S-1-5-21-963789628-1060504924-4285088085-1001"}
{"EventID": "505", "Channel": "Microsoft-Windows-Application-Experience/Program-Telemetry", "Provider_Name": "Microsoft-Windows-Application-Experience", "Computer": "DESKTOP-OFJ6N53", "TimeCreated": "2025-08-06 14:13:15.327545+00:00", "RecordID": "17056", "Level": "4", "UserID": "S-1-5-21-963789628-1060504924-4285088085-1001"}
{"EventID": "505", "Channel": "Microsoft-Windows-Application-Experience/Program-Telemetry", "Provider_Name": "Microsoft-Windows-Application-Experience", "Computer": "DESKTOP-OFJ6N53", "TimeCreated": "2025-08-06 14:13:15.331482+00:00", "RecordID": "17057", "Level": "4", "UserID": "S-1-5-21-963789628-1060504924-4285088085-1001"}
{"EventID": "505", "Channel": "Microsoft-Windows-Application-Experience/Program-Telemetry", "Provider_Name": "Microsoft-Windows-Application-Experience", "Computer": "DESKTOP-OFJ6N53", "TimeCreated": "2025-08-06 14:13:15.339788+00:00", "RecordID": "17058", "Level": "4", "UserID": "S-1-5-21-963789628-1060504924-4285088085-1001"}
{"EventID": "505", "Channel": "Microsoft-Windows-Application-Experience/Program-Telemetry", "Provider_Name": "Microsoft-Windows-Application-Experience", "Computer": "DESKTOP-OFJ6N53", "TimeCreated": "2025-08-06 14:14:45.327677+00:00", "RecordID": "17059", "Level": "4", "UserID": "S-1-5-21-963789628-1060504924-4285088085-1001"}
{"EventID": "505", "Channel": "Microsoft-Windows-Application-Experience/Program-Telemetry", "Provider_Name": "Microsoft-Windows-Application-Experience", "Computer": "DESKTOP-OFJ6N53", "TimeCreated": "2025-08-06 20:12:00.685827+00:00", "RecordID": "17060", "Level": "4", "UserID": "S-1-5-21-963789628-1060504924-4285088085-1001"}
{"EventID": "505", "Channel": "Microsoft-Windows-Application-Experience/Program-Telemetry", "Provider_Name": "Microsoft-Windows-Application-Experience", "Computer": "DESKTOP-OFJ6N53", "TimeCreated": "2025-08-06 20:12:02.047895+00:00", "RecordID": "17061", "Level": "4", "UserID": "S-1-5-21-963789628-1060504924-4285088085-1001"}
{"EventID": "505", "Channel": "Microsoft-Windows-Application-Experience/Program-Telemetry", "Provider_Name": "Microsoft-Windows-Application-Experience", "Computer": "DESKTOP-OFJ6N53", "TimeCreated": "2025-08-07 08:12:06.664389+00:00", "RecordID": "17062", "Level": "4", "UserID": "S-1-5-21-963789628-1060504924-4285088085-1001"}
{"EventID": "505", "Channel": "Microsoft-Windows-Application-Experience/Program-Telemetry", "Provider_Name": "Microsoft-Windows-Application-Experience", "Computer": "DESKTOP-OFJ6N53", "TimeCreated": "2025-08-07 08:12:07.257757+00:00", "RecordID": "17063", "Level": "4", "UserID": "S-1-5-21-963789628-1060504924-4285088085-1001"}
{"EventID": "505", "Channel": "Microsoft-Windows-Application-Experience/Program-Telemetry", "Provider_Name": "Microsoft-Windows-Application-Experience", "Computer": "DESKTOP-OFJ6N53", "TimeCreated": "2025-08-07 10:16:34.595886+00:00", "RecordID": "17064", "Level": "4", "UserID": "S-1-5-21-963789628-1060504924-4285088085-1001"}
{"EventID": "505", "Channel": "Microsoft-Windows-Application-Experience/Program-Telemetry", "Provider_Name": "Microsoft-Windows-Application-Experience", "Computer": "DESKTOP-OFJ6N53", "TimeCreated": "2025-08-07 10:16:35.476402+00:00", "RecordID": "17065", "Level": "4", "UserID": "S-1-5-21-963789628-1060504924-4285088085-1001"}
{"EventID": "505", "Channel": "Microsoft-Windows-Application-Experience/Program-Telemetry", "Provider_Name": "Microsoft-Windows-Application-Experience", "Computer": "DESKTOP-OFJ6N53", "TimeCreated": "2025-08-07 10:24:59.543869+00:00", "RecordID": "17066", "Level": "4", "UserID": "S-1-5-21-963789628-1060504924-4285088085-1001"}
{"EventID": "505", "Channel": "Microsoft-Windows-Application-Experience/Program-Telemetry", "Provider_Name": "Microsoft-Windows-Application-Experience", "Computer": "DESKTOP-OFJ6N53", "TimeCreated": "2025-08-07 10:25:00.044611+00:00", "RecordID": "17067", "Level": "4", "UserID": "S-1-5-21-963789628-1060504924-4285088085-1001"}
{"EventID": "505", "Channel": "Microsoft-Windows-Application-Experience/Program-Telemetry", "Provider_Name": "Microsoft-Windows-Application-Experience", "Computer": "DESKTOP-OFJ6N53", "TimeCreated": "2025-08-07 10:38:45.555019+00:00", "RecordID": "17068", "Level": "4", "UserID": "S-1-5-21-963789628-1060504924-4285088085-1001"}
{"EventID": "505", "Channel": "Microsoft-Windows-Application-Experience/Program-Telemetry", "Provider_Name": "Microsoft-Windows-Application-Experience", "Computer": "DESKTOP-OFJ6N53", "TimeCreated": "2025-08-07 10:38:45.627523+00:00", "RecordID": "17069", "Level": "4", "UserID": "S-1-5-21-963789628-1060504924-4285088085-1001"}
{"EventID": "505", "Channel": "Microsoft-Windows-Application-Experience/Program-Telemetry", "Provider_Name": "Microsoft-Windows-Application-Experience", "Computer": "DESKTOP-OFJ6N53", "TimeCreated": "2025-08-07 11:03:04.587116+00:00", "RecordID": "17070", "Level": "4", "UserID": "S-1-5-21-963789628-1060504924-4285088085-1001"}
{"EventID": "505", "Channel": "Microsoft-Windows-Application-Experience/Program-Telemetry", "Provider_Name": "Microsoft-Windows-Application-Experience", "Computer": "DESKTOP-OFJ6N53", "TimeCreated": "2025-08-07 11:03:04.658850+00:00", "RecordID": "17071", "Level": "4", "UserID": "S-1-5-21-963789628-1060504924-4285088085-1001"}
{"EventID": "505", "Channel": "Microsoft-Windows-Application-Experience/Program-Telemetry", "Provider_Name": "Microsoft-Windows-Application-Experience", "Computer": "DESKTOP-OFJ6N53", "TimeCreated": "2025-08-07 12:06:47.707033+00:00", "RecordID": "17072", "Level": "4", "UserID": "S-1-5-21-963789628-1060504924-4285088085-1001"}
{"EventID": "505", "Channel": "Microsoft-Windows-Application-Experience/Program-Telemetry", "Provider_Name": "Microsoft-Windows-Application-Experience", "Computer": "DESKTOP-OFJ6N53", "TimeCreated": "2025-08-07 12:06:47.787392+00:00", "RecordID": "17073", "Level": "4", "UserID": "S-1-5-21-963789628-1060504924-4285088085-1001"}
{"EventID": "505", "Channel": "Microsoft-Windows-Application-Experience/Program-Telemetry", "Provider_Name": "Microsoft-Windows-Application-Experience", "Computer": "DESKTOP-OFJ6N53", "TimeCreated": "2025-08-07 12:14:42.016970+00:00", "RecordID": "17074", "Level": "4", "UserID": "S-1-5-21-963789628-1060504924-4285088085-1001"}
{"EventID": "505", "Channel": "Microsoft-Windows-Application-Experience/Program-Telemetry", "Provider_Name": "Microsoft-Windows-Application-Experience", "Computer": "DESKTOP-OFJ6N53", "TimeCreated": "2025-08-07 12:14:42.089315+00:00", "RecordID": "17075", "Level": "4", "UserID": "S-1-5-21-963789628-1060504924-4285088085-1001"}
{"EventID": "505", "Channel": "Microsoft-Windows-Application-Experience/Program-Telemetry", "Provider_Name": "Microsoft-Windows-Application-Experience", "Computer": "DESKTOP-OFJ6N53", "TimeCreated": "2025-08-07 12:24:17.807083+00:00", "RecordID": "17076", "Level": "4", "UserID": "S-1-5-21-963789628-1060504924-4285088085-1001"}
{"EventID": "505", "Channel": "Microsoft-Windows-Application-Experience/Program-Telemetry", "Provider_Name": "Microsoft-Windows-Application-Experience", "Computer": "DESKTOP-OFJ6N53", "TimeCreated": "2025-08-07 12:24:17.883829+00:00", "RecordID": "17077", "Level": "4", "UserID": "S-1-5-21-963789628-1060504924-4285088085-1001"}
{"EventID": "505", "Channel": "Microsoft-Windows-Application-Experience/Program-Telemetry", "Provider_Name": "Microsoft-Windows-Application-Experience", "Computer": "DESKTOP-OFJ6N53", "TimeCreated": "2025-08-07 13:33:51.428083+00:00", "RecordID": "17078", "Level": "4", "UserID": "S-1-5-21-963789628-1060504924-4285088085-1001"}
{"EventID": "505", "Channel": "Microsoft-Windows-Application-Experience/Program-Telemetry", "Provider_Name": "Microsoft-Windows-Application-Experience", "Computer": "DESKTOP-OFJ6N53", "TimeCreated": "2025-08-07 13:33:51.516129+00:00", "RecordID": "17079", "Level": "4", "UserID": "S-1-5-21-963789628-1060504924-4285088085-1001"}
{"EventID": "505", "Channel": "Microsoft-Windows-Application-Experience/Program-Telemetry", "Provider_Name": "Microsoft-Windows-Application-Experience", "Computer": "DESKTOP-OFJ6N53", "TimeCreated": "2025-08-07 13:37:56.532461+00:00", "RecordID": "17080", "Level": "4", "UserID": "S-1-5-21-963789628-1060504924-4285088085-1001"}
{"EventID": "505", "Channel": "Microsoft-Windows-Application-Experience/Program-Telemetry", "Provider_Name": "Microsoft-Windows-Application-Experience", "Computer": "DESKTOP-OFJ6N53", "TimeCreated": "2025-08-07 13:37:56.612371+00:00", "RecordID": "17081", "Level": "4", "UserID": "S-1-5-21-963789628-1060504924-4285088085-1001"}
{"EventID": "505", "Channel": "Microsoft-Windows-Application-Experience/Program-Telemetry", "Provider_Name": "Microsoft-Windows-Application-Experience", "Computer": "DESKTOP-OFJ6N53", "TimeCreated": "2025-08-07 13:52:21.477768+00:00", "RecordID": "17082", "Level": "4", "UserID": "S-1-5-21-963789628-1060504924-4285088085-1001"}
{"EventID": "505", "Channel": "Microsoft-Windows-Application-Experience/Program-Telemetry", "Provider_Name": "Microsoft-Windows-Application-Experience", "Computer": "DESKTOP-OFJ6N53", "TimeCreated": "2025-08-07 13:52:21.547295+00:00", "RecordID": "17083", "Level": "4", "UserID": "S-1-5-21-963789628-1060504924-4285088085-1001"}
{"EventID": "505", "Channel": "Microsoft-Windows-Application-Experience/Program-Telemetry", "Provider_Name": "Microsoft-Windows-Application-Experience", "Computer": "DESKTOP-OFJ6N53", "TimeCreated": "2025-08-07 14:13:36.212856+00:00", "RecordID": "17084", "Level": "4", "UserID": "S-1-5-21-963789628-1060504924-4285088085-1001"}
{"EventID": "505", "Channel": "Microsoft-Windows-Application-Experience/Program-Telemetry", "Provider_Name": "Microsoft-Windows-Application-Experience", "Computer": "DESKTOP-OFJ6N53", "TimeCreated": "2025-08-07 20:11:49.897459+00:00", "RecordID": "17085", "Level": "4", "UserID": "S-1-5-21-963789628-1060504924-4285088085-1001"}
{"EventID": "505", "Channel": "Microsoft-Windows-Application-Experience/Program-Telemetry", "Provider_Name": "Microsoft-Windows-Application-Experience", "Computer": "DESKTOP-OFJ6N53", "TimeCreated": "2025-08-07 20:11:51.967087+00:00", "RecordID": "17086", "Level": "4", "UserID": "S-1-5-21-963789628-1060504924-4285088085-1001"}
{"EventID": "505", "Channel": "Microsoft-Windows-Application-Experience/Program-Telemetry", "Provider_Name": "Microsoft-Windows-Application-Experience", "Computer": "DESKTOP-OFJ6N53", "TimeCreated": "2025-08-08 07:48:11.520107+00:00", "RecordID": "17087", "Level": "4", "UserID": "S-1-5-21-963789628-1060504924-4285088085-1001"}
{"EventID": "505", "Channel": "Microsoft-Windows-Application-Experience/Program-Telemetry", "Provider_Name": "Microsoft-Windows-Application-Experience", "Computer": "DESKTOP-OFJ6N53", "TimeCreated": "2025-08-08 07:48:29.194052+00:00", "RecordID": "17088", "Level": "4", "UserID": "S-1-5-21-963789628-1060504924-4285088085-1001"}
{"EventID": "505", "Channel": "Microsoft-Windows-Application-Experience/Program-Telemetry", "Provider_Name": "Microsoft-Windows-Application-Experience", "Computer": "DESKTOP-OFJ6N53", "TimeCreated": "2025-08-08 08:09:10.046211+00:00", "RecordID": "17089", "Level": "4", "UserID": "S-1-5-21-963789628-1060504924-4285088085-1001"}
{"EventID": "505", "Channel": "Microsoft-Windows-Application-Experience/Program-Telemetry", "Provider_Name": "Microsoft-Windows-Application-Experience", "Computer": "DESKTOP-OFJ6N53", "TimeCreated": "2025-08-08 08:09:11.202957+00:00", "RecordID": "17090", "Level": "4", "UserID": "S-1-5-21-963789628-1060504924-4285088085-1001"}
{"EventID": "505", "Channel": "Microsoft-Windows-Application-Experience/Program-Telemetry", "Provider_Name": "Microsoft-Windows-Application-Experience", "Computer": "DESKTOP-OFJ6N53", "TimeCreated": "2025-08-08 08:11:51.216673+00:00", "RecordID": "17091", "Level": "4", "UserID": "S-1-5-21-963789628-1060504924-4285088085-1001"}
{"EventID": "505", "Channel": "Microsoft-Windows-Application-Experience/Program-Telemetry", "Provider_Name": "Microsoft-Windows-Application-Experience", "Computer": "DESKTOP-OFJ6N53", "TimeCreated": "2025-08-08 08:31:34.594225+00:00", "RecordID": "17092", "Level": "4", "UserID": "S-1-5-21-963789628-1060504924-4285088085-1001"}
{"EventID": "505", "Channel": "Microsoft-Windows-Application-Experience/Program-Telemetry", "Provider_Name": "Microsoft-Windows-Application-Experience", "Computer": "DESKTOP-OFJ6N53", "TimeCreated": "2025-08-08 09:03:46.446484+00:00", "RecordID": "17093", "Level": "4", "UserID": "S-1-5-21-963789628-1060504924-4285088085-1001"}
{"EventID": "505", "Channel": "Microsoft-Windows-Application-Experience/Program-Telemetry", "Provider_Name": "Microsoft-Windows-Application-Experience", "Computer": "DESKTOP-OFJ6N53", "TimeCreated": "2025-08-08 09:03:47.347481+00:00", "RecordID": "17094", "Level": "4", "UserID": "S-1-5-21-963789628-1060504924-4285088085-1001"}
{"EventID": "505", "Channel": "Microsoft-Windows-Application-Experience/Program-Telemetry", "Provider_Name": "Microsoft-Windows-Application-Experience", "Computer": "DESKTOP-OFJ6N53", "TimeCreated": "2025-08-08 10:52:19.629328+00:00", "RecordID": "17095", "Level": "4", "UserID": "S-1-5-21-963789628-1060504924-4285088085-1001"}
{"EventID": "505", "Channel": "Microsoft-Windows-Application-Experience/Program-Telemetry", "Provider_Name": "Microsoft-Windows-Application-Experience", "Computer": "DESKTOP-OFJ6N53", "TimeCreated": "2025-08-08 10:52:20.563231+00:00", "RecordID": "17096", "Level": "4", "UserID": "S-1-5-21-963789628-1060504924-4285088085-1001"}
{"EventID": "505", "Channel": "Microsoft-Windows-Application-Experience/Program-Telemetry", "Provider_Name": "Microsoft-Windows-Application-Experience", "Computer": "DESKTOP-OFJ6N53", "TimeCreated": "2025-08-08 11:10:12.717495+00:00", "RecordID": "17097", "Level": "4", "UserID": "S-1-5-21-963789628-1060504924-4285088085-1001"}
{"EventID": "505", "Channel": "Microsoft-Windows-Application-Experience/Program-Telemetry", "Provider_Name": "Microsoft-Windows-Application-Experience", "Computer": "DESKTOP-OFJ6N53", "TimeCreated": "2025-08-08 11:10:14.155437+00:00", "RecordID": "17098", "Level": "4", "UserID": "S-1-5-21-963789628-1060504924-4285088085-1001"}
{"EventID": "505", "Channel": "Microsoft-Windows-Application-Experience/Program-Telemetry", "Provider_Name": "Microsoft-Windows-Application-Experience", "Computer": "DESKTOP-OFJ6N53", "TimeCreated": "2025-08-08 11:34:38.452532+00:00", "RecordID": "17099", "Level": "4", "UserID": "S-1-5-21-963789628-1060504924-4285088085-1001"}
{"EventID": "505", "Channel": "Microsoft-Windows-Application-Experience/Program-Telemetry", "Provider_Name": "Microsoft-Windows-Application-Experience", "Computer": "DESKTOP-OFJ6N53", "TimeCreated": "2025-08-08 11:34:39.002048+00:00", "RecordID": "17100", "Level": "4", "UserID": "S-1-5-21-963789628-1060504924-4285088085-1001"}
{"EventID": "505", "Channel": "Microsoft-Windows-Application-Experience/Program-Telemetry", "Provider_Name": "Microsoft-Windows-Application-Experience", "Computer": "DESKTOP-OFJ6N53", "TimeCreated": "2025-08-08 11:46:28.863264+00:00", "RecordID": "17101", "Level": "4", "UserID": "S-1-5-21-963789628-1060504924-4285088085-1001"}
{"EventID": "505", "Channel": "Microsoft-Windows-Application-Experience/Program-Telemetry", "Provider_Name": "Microsoft-Windows-Application-Experience", "Computer": "DESKTOP-OFJ6N53", "TimeCreated": "2025-08-08 11:46:29.086950+00:00", "RecordID": "17102", "Level": "4", "UserID": "S-1-5-21-963789628-1060504924-4285088085-1001"}
{"EventID": "500", "Channel": "Microsoft-Windows-Application-Experience/Program-Telemetry", "Provider_Name": "Microsoft-Windows-Application-Experience", "Computer": "DESKTOP-OFJ6N53", "TimeCreated": "2025-08-08 17:16:53.967066+00:00", "RecordID": "17103", "Level": "4", "UserID": "S-1-5-21-963789628-1060504924-4285088085-1001"}
{"EventID": "505", "Channel": "Microsoft-Windows-Application-Experience/Program-Telemetry", "Provider_Name": "Microsoft-Windows-Application-Experience", "Computer": "DESKTOP-OFJ6N53", "TimeCreated": "2025-08-09 05:02:55.471138+00:00", "RecordID": "17104", "Level": "4", "UserID": "S-1-5-21-963789628-1060504924-4285088085-1001"}
{"EventID": "505", "Channel": "Microsoft-Windows-Application-Experience/Program-Telemetry", "Provider_Name": "Microsoft-Windows-Application-Experience", "Computer": "DESKTOP-OFJ6N53", "TimeCreated": "2025-08-09 05:02:59.508469+00:00", "RecordID": "17105", "Level": "4", "UserID": "S-1-5-21-963789628-1060504924-4285088085-1001"}
{"EventID": "505", "Channel": "Microsoft-Windows-Application-Experience/Program-Telemetry", "Provider_Name": "Microsoft-Windows-Application-Experience", "Computer": "DESKTOP-OFJ6N53", "TimeCreated": "2025-08-09 17:02:58.219522+00:00", "RecordID": "17106", "Level": "4", "UserID": "S-1-5-21-963789628-1060504924-4285088085-1001"}
{"EventID": "505", "Channel": "Microsoft-Windows-Application-Experience/Program-Telemetry", "Provider_Name": "Microsoft-Windows-Application-Experience", "Computer": "DESKTOP-OFJ6N53", "TimeCreated": "2025-08-09 17:03:06.282965+00:00", "RecordID": "17107", "Level": "4", "UserID": "S-1-5-21-963789628-1060504924-4285088085-1001"}
{"EventID": "505", "Channel": "Microsoft-Windows-Application-Experience/Program-Telemetry", "Provider_Name": "Microsoft-Windows-Application-Experience", "Computer": "DESKTOP-OFJ6N53", "TimeCreated": "2025-08-10 05:02:58.578287+00:00", "RecordID": "17108", "Level": "4", "UserID": "S-1-5-21-963789628-1060504924-4285088085-1001"}
{"EventID": "505", "Channel": "Microsoft-Windows-Application-Experience/Program-Telemetry", "Provider_Name": "Microsoft-Windows-Application-Experience", "Computer": "DESKTOP-OFJ6N53", "TimeCreated": "2025-08-10 05:03:01.682787+00:00", "RecordID": "17109", "Level": "4", "UserID": "S-1-5-21-963789628-1060504924-4285088085-1001"}
{"EventID": "505", "Channel": "Microsoft-Windows-Application-Experience/Program-Telemetry", "Provider_Name": "Microsoft-Windows-Application-Experience", "Computer": "DESKTOP-OFJ6N53", "TimeCreated": "2025-08-10 17:02:00.497101+00:00", "RecordID": "17110", "Level": "4", "UserID": "S-1-5-21-963789628-1060504924-4285088085-1001"}
{"EventID": "505", "Channel": "Microsoft-Windows-Application-Experience/Program-Telemetry", "Provider_Name": "Microsoft-Windows-Application-Experience", "Computer": "DESKTOP-OFJ6N53", "TimeCreated": "2025-08-10 17:02:01.568542+00:00", "RecordID": "17111", "Level": "4", "UserID": "S-1-5-21-963789628-1060504924-4285088085-1001"}
{"EventID": "505", "Channel": "Microsoft-Windows-Application-Experience/Program-Telemetry", "Provider_Name": "Microsoft-Windows-Application-Experience", "Computer": "DESKTOP-OFJ6N53", "TimeCreated": "2025-08-11 05:02:01.367088+00:00", "RecordID": "17112", "Level": "4", "UserID": "S-1-5-21-963789628-1060504924-4285088085-1001"}
{"EventID": "505", "Channel": "Microsoft-Windows-Application-Experience/Program-Telemetry", "Provider_Name": "Microsoft-Windows-Application-Experience", "Computer": "DESKTOP-OFJ6N53", "TimeCreated": "2025-08-11 05:02:02.331270+00:00", "RecordID": "17113", "Level": "4", "UserID": "S-1-5-21-963789628-1060504924-4285088085-1001"}
{"EventID": "505", "Channel": "Microsoft-Windows-Application-Experience/Program-Telemetry", "Provider_Name": "Microsoft-Windows-Application-Experience", "Computer": "DESKTOP-OFJ6N53", "TimeCreated": "2025-08-11 15:17:22.956722+00:00", "RecordID": "17114", "Level": "4", "UserID": "S-1-5-21-963789628-1060504924-4285088085-1001"}
{"EventID": "505", "Channel": "Microsoft-Windows-Application-Experience/Program-Telemetry", "Provider_Name": "Microsoft-Windows-Application-Experience", "Computer": "DESKTOP-OFJ6N53", "TimeCreated": "2025-08-11 15:17:23.141783+00:00", "RecordID": "17115", "Level": "4", "UserID": "S-1-5-21-963789628-1060504924-4285088085-1001"}
{"EventID": "505", "Channel": "Microsoft-Windows-Application-Experience/Program-Telemetry", "Provider_Name": "Microsoft-Windows-Application-Experience", "Computer": "DESKTOP-OFJ6N53", "TimeCreated": "2025-08-11 15:17:41.173275+00:00", "RecordID": "17116", "Level": "4", "UserID": "S-1-5-21-963789628-1060504924-4285088085-1001"}
{"EventID": "505", "Channel": "Microsoft-Windows-Application-Experience/Program-Telemetry", "Provider_Name": "Microsoft-Windows-Application-Experience", "Computer": "DESKTOP-OFJ6N53", "TimeCreated": "2025-08-11 15:17:46.013336+00:00", "RecordID": "17117", "Level": "4", "UserID": "S-1-5-21-963789628-1060504924-4285088085-1001"}
{"EventID": "505", "Channel": "Microsoft-Windows-Application-Experience/Program-Telemetry", "Provider_Name": "Microsoft-Windows-Application-Experience", "Computer": "DESKTOP-OFJ6N53", "TimeCreated": "2025-08-11 17:02:30.653875+00:00", "RecordID": "17118", "Level": "4", "UserID": "S-1-5-21-963789628-1060504924-4285088085-1001"}
{"EventID": "505", "Channel": "Microsoft-Windows-Application-Experience/Program-Telemetry", "Provider_Name": "Microsoft-Windows-Application-Experience", "Computer": "DESKTOP-OFJ6N53", "TimeCreated": "2025-08-11 17:18:30.172255+00:00", "RecordID": "17119", "Level": "4", "UserID": "S-1-5-21-963789628-1060504924-4285088085-1001"}
{"EventID": "500", "Channel": "Microsoft-Windows-Application-Experience/Program-Telemetry", "Provider_Name": "Microsoft-Windows-Application-Experience", "Computer": "DESKTOP-OFJ6N53", "TimeCreated": "2025-08-12 04:28:11.374554+00:00", "RecordID": "17120", "Level": "4", "UserID": "S-1-5-18"}
{"EventID": "505", "Channel": "Microsoft-Windows-Application-Experience/Program-Telemetry", "Provider_Name": "Microsoft-Windows-Application-Experience", "Computer": "DESKTOP-OFJ6N53", "TimeCreated": "2025-08-12 04:28:12.875225+00:00", "RecordID": "17121", "Level": "4", "UserID": "S-1-5-18"}
{"EventID": "505", "Channel": "Microsoft-Windows-Application-Experience/Program-Telemetry", "Provider_Name": "Microsoft-Windows-Application-Experience", "Computer": "DESKTOP-OFJ6N53", "TimeCreated": "2025-08-12 04:28:24.271955+00:00", "RecordID": "17122", "Level": "4", "UserID": "S-1-5-18"}
{"EventID": "505", "Channel": "Microsoft-Windows-Application-Experience/Program-Telemetry", "Provider_Name": "Microsoft-Windows-Application-Experience", "Computer": "DESKTOP-OFJ6N53", "TimeCreated": "2025-08-12 04:28:25.475504+00:00", "RecordID": "17123", "Level": "4", "UserID": "S-1-5-18"}
{"EventID": "505", "Channel": "Microsoft-Windows-Application-Experience/Program-Telemetry", "Provider_Name": "Microsoft-Windows-Application-Experience", "Computer": "DESKTOP-OFJ6N53", "TimeCreated": "2025-08-12 05:02:36.298574+00:00", "RecordID": "17124", "Level": "4", "UserID": "S-1-5-21-963789628-1060504924-4285088085-1001"}
{"EventID": "505", "Channel": "Microsoft-Windows-Application-Experience/Program-Telemetry", "Provider_Name": "Microsoft-Windows-Application-Experience", "Computer": "DESKTOP-OFJ6N53", "TimeCreated": "2025-08-12 05:02:38.168629+00:00", "RecordID": "17125", "Level": "4", "UserID": "S-1-5-21-963789628-1060504924-4285088085-1001"}
{"EventID": "505", "Channel": "Microsoft-Windows-Application-Experience/Program-Telemetry", "Provider_Name": "Microsoft-Windows-Application-Experience", "Computer": "DESKTOP-OFJ6N53", "TimeCreated": "2025-08-12 11:57:01.282093+00:00", "RecordID": "17126", "Level": "4", "UserID": "S-1-5-21-963789628-1060504924-4285088085-1001"}
