{"EventID": "2", "Channel": "Microsoft-Windows-Crypto-NCrypt/Operational", "Provider_Name": "Microsoft-Windows-Crypto-NCrypt", "Computer": "DESKTOP-OFJ6N53", "TimeCreated": "2025-04-02 09:13:46.458673+00:00", "RecordID": "4004", "Level": "2", "UserID": "S-1-5-21-963789628-1060504924-4285088085-1001", "EventData.ProviderName": "Microsoft Platform Crypto Provider", "EventData.Status": "0x80090030", "EventData.ProcessName": "TracSrvWrapper.exe"}
{"EventID": "2", "Channel": "Microsoft-Windows-Crypto-NCrypt/Operational", "Provider_Name": "Microsoft-Windows-Crypto-NCrypt", "Computer": "DESKTOP-OFJ6N53", "TimeCreated": "2025-04-02 09:13:55.154095+00:00", "RecordID": "4005", "Level": "2", "UserID": "S-1-5-21-963789628-1060504924-4285088085-1001", "EventData.ProviderName": "Microsoft Platform Crypto Provider", "EventData.Status": "0x80090030", "EventData.ProcessName": "TracCAPI.exe"}
{"EventID": "2", "Channel": "Microsoft-Windows-Crypto-NCrypt/Operational", "Provider_Name": "Microsoft-Windows-Crypto-NCrypt", "Computer": "DESKTOP-OFJ6N53", "TimeCreated": "2025-04-02 09:18:21.725395+00:00", "RecordID": "4006", "Level": "2", "UserID": "S-1-5-19", "EventData.ProviderName": "Microsoft Platform Crypto Provider", "EventData.Status": "0x80090030", "EventData.ProcessName": "svchost.exe"}
{"EventID": "3", "Channel": "Microsoft-Windows-Crypto-NCrypt/Operational", "Provider_Name": "Microsoft-Windows-Crypto-NCrypt", "Computer": "DESKTOP-OFJ6N53", "TimeCreated": "2025-04-02 09:18:25.842812+00:00", "RecordID": "4007", "Level": "2", "UserID": "S-1-5-18", "EventData.ProviderName": "Microsoft Software Key Storage Provider", "EventData.KeyName": "822BF3FA1D1E9A01B277A1D987D49545FDE3C4B6", "EventData.Status": "0x80090016", "EventData.ProcessName": "vpnagent.exe"}
{"EventID": "2", "Channel": "Microsoft-Windows-Crypto-NCrypt/Operational", "Provider_Name": "Microsoft-Windows-Crypto-NCrypt", "Computer": "DESKTOP-OFJ6N53", "TimeCreated": "2025-04-02 09:19:10.425173+00:00", "RecordID": "4008", "Level": "2", "UserID": "S-1-5-18", "EventData.ProviderName": "Microsoft Platform Crypto Provider", "EventData.Status": "0x80090030", "EventData.ProcessName": "lsass.exe"}
{"EventID": "2", "Channel": "Microsoft-Windows-Crypto-NCrypt/Operational", "Provider_Name": "Microsoft-Windows-Crypto-NCrypt", "Computer": "DESKTOP-OFJ6N53", "TimeCreated": "2025-04-02 09:19:30.266645+00:00", "RecordID": "4009", "Level": "2", "UserID": "S-1-5-21-963789628-1060504924-4285088085-1001", "EventData.ProviderName": "Microsoft Platform Crypto Provider", "EventData.Status": "0x80090030", "EventData.ProcessName": "msedge.exe"}
{"EventID": "4", "Channel": "Microsoft-Windows-Crypto-NCrypt/Operational", "Provider_Name": "Microsoft-Windows-Crypto-NCrypt", "Computer": "DESKTOP-OFJ6N53", "TimeCreated": "2025-04-02 09:19:30.269493+00:00", "RecordID": "4010", "Level": "2", "UserID": "S-1-5-21-963789628-1060504924-4285088085-1001", "EventData.ProviderName": "Microsoft Software Key Storage Provider", "EventData.KeyName": "ChromeMetricsTestKey", "EventData.AlgorithmName": "ECDSA_P256", "EventData.Flags": "0x00020000", "EventData.Status": "0x80090029", "EventData.ProcessName": "msedge.exe"}
{"EventID": "2", "Channel": "Microsoft-Windows-Crypto-NCrypt/Operational", "Provider_Name": "Microsoft-Windows-Crypto-NCrypt", "Computer": "DESKTOP-OFJ6N53", "TimeCreated": "2025-04-02 09:20:04.665691+00:00", "RecordID": "4011", "Level": "2", "UserID": "S-1-5-21-963789628-1060504924-4285088085-1001", "EventData.ProviderName": "Microsoft Platform Crypto Provider", "EventData.Status": "0x80090030", "EventData.ProcessName": "TracSrvWrapper.exe"}
{"EventID": "2", "Channel": "Microsoft-Windows-Crypto-NCrypt/Operational", "Provider_Name": "Microsoft-Windows-Crypto-NCrypt", "Computer": "DESKTOP-OFJ6N53", "TimeCreated": "2025-04-02 09:20:11.695076+00:00", "RecordID": "4012", "Level": "2", "UserID": "S-1-5-21-963789628-1060504924-4285088085-1001", "EventData.ProviderName": "Microsoft Platform Crypto Provider", "EventData.Status": "0x80090030", "EventData.ProcessName": "TracCAPI.exe"}
{"EventID": "2", "Channel": "Microsoft-Windows-Crypto-NCrypt/Operational", "Provider_Name": "Microsoft-Windows-Crypto-NCrypt", "Computer": "DESKTOP-OFJ6N53", "TimeCreated": "2025-04-02 09:30:01.522665+00:00", "RecordID": "4013", "Level": "2", "UserID": "S-1-5-18", "EventData.ProviderName": "Microsoft Platform Crypto Provider", "EventData.Status": "0x80090030", "EventData.ProcessName": "taskhostw.exe"}
{"EventID": "2", "Channel": "Microsoft-Windows-Crypto-NCrypt/Operational", "Provider_Name": "Microsoft-Windows-Crypto-NCrypt", "Computer": "DESKTOP-OFJ6N53", "TimeCreated": "2025-04-02 09:31:33.248274+00:00", "RecordID": "4014", "Level": "2", "UserID": "S-1-5-19", "EventData.ProviderName": "Microsoft Platform Crypto Provider", "EventData.Status": "0x80090030", "EventData.ProcessName": "svchost.exe"}
{"EventID": "3", "Channel": "Microsoft-Windows-Crypto-NCrypt/Operational", "Provider_Name": "Microsoft-Windows-Crypto-NCrypt", "Computer": "DESKTOP-OFJ6N53", "TimeCreated": "2025-04-02 09:31:37.027237+00:00", "RecordID": "4015", "Level": "2", "UserID": "S-1-5-18", "EventData.ProviderName": "Microsoft Software Key Storage Provider", "EventData.KeyName": "822BF3FA1D1E9A01B277A1D987D49545FDE3C4B6", "EventData.Status": "0x80090016", "EventData.ProcessName": "vpnagent.exe"}
{"EventID": "2", "Channel": "Microsoft-Windows-Crypto-NCrypt/Operational", "Provider_Name": "Microsoft-Windows-Crypto-NCrypt", "Computer": "DESKTOP-OFJ6N53", "TimeCreated": "2025-04-02 09:54:39.946213+00:00", "RecordID": "4016", "Level": "2", "UserID": "S-1-5-21-963789628-1060504924-4285088085-1001", "EventData.ProviderName": "Microsoft Platform Crypto Provider", "EventData.Status": "0x80090030", "EventData.ProcessName": "msedge.exe"}
{"EventID": "4", "Channel": "Microsoft-Windows-Crypto-NCrypt/Operational", "Provider_Name": "Microsoft-Windows-Crypto-NCrypt", "Computer": "DESKTOP-OFJ6N53", "TimeCreated": "2025-04-02 09:54:39.949680+00:00", "RecordID": "4017", "Level": "2", "UserID": "S-1-5-21-963789628-1060504924-4285088085-1001", "EventData.ProviderName": "Microsoft Software Key Storage Provider", "EventData.KeyName": "ChromeMetricsTestKey", "EventData.AlgorithmName": "ECDSA_P256", "EventData.Flags": "0x00020000", "EventData.Status": "0x80090029", "EventData.ProcessName": "msedge.exe"}
{"EventID": "2", "Channel": "Microsoft-Windows-Crypto-NCrypt/Operational", "Provider_Name": "Microsoft-Windows-Crypto-NCrypt", "Computer": "DESKTOP-OFJ6N53", "TimeCreated": "2025-04-02 09:54:40.598217+00:00", "RecordID": "4018", "Level": "2", "UserID": "S-1-5-21-963789628-1060504924-4285088085-1001", "EventData.ProviderName": "Microsoft Platform Crypto Provider", "EventData.Status": "0x80090030", "EventData.ProcessName": "TracSrvWrapper.exe"}
{"EventID": "2", "Channel": "Microsoft-Windows-Crypto-NCrypt/Operational", "Provider_Name": "Microsoft-Windows-Crypto-NCrypt", "Computer": "DESKTOP-OFJ6N53", "TimeCreated": "2025-04-02 09:54:46.306938+00:00", "RecordID": "4019", "Level": "2", "UserID": "S-1-5-21-963789628-1060504924-4285088085-1001", "EventData.ProviderName": "Microsoft Platform Crypto Provider", "EventData.Status": "0x80090030", "EventData.ProcessName": "TracCAPI.exe"}
{"EventID": "2", "Channel": "Microsoft-Windows-Crypto-NCrypt/Operational", "Provider_Name": "Microsoft-Windows-Crypto-NCrypt", "Computer": "DESKTOP-OFJ6N53", "TimeCreated": "2025-04-02 09:55:31.641466+00:00", "RecordID": "4020", "Level": "2", "UserID": "S-1-5-18", "EventData.ProviderName": "Microsoft Platform Crypto Provider", "EventData.Status": "0x80090030", "EventData.ProcessName": "lsass.exe"}
{"EventID": "2", "Channel": "Microsoft-Windows-Crypto-NCrypt/Operational", "Provider_Name": "Microsoft-Windows-Crypto-NCrypt", "Computer": "DESKTOP-OFJ6N53", "TimeCreated": "2025-04-02 09:55:33.653463+00:00", "RecordID": "4021", "Level": "2", "UserID": "S-1-5-21-963789628-1060504924-4285088085-1001", "EventData.ProviderName": "Microsoft Platform Crypto Provider", "EventData.Status": "0x80090030", "EventData.ProcessName": "TracSrvWrapper.exe"}
{"EventID": "2", "Channel": "Microsoft-Windows-Crypto-NCrypt/Operational", "Provider_Name": "Microsoft-Windows-Crypto-NCrypt", "Computer": "DESKTOP-OFJ6N53", "TimeCreated": "2025-04-02 09:55:37.949833+00:00", "RecordID": "4022", "Level": "2", "UserID": "S-1-5-21-963789628-1060504924-4285088085-1001", "EventData.ProviderName": "Microsoft Platform Crypto Provider", "EventData.Status": "0x80090030", "EventData.ProcessName": "TracCAPI.exe"}
{"EventID": "2", "Channel": "Microsoft-Windows-Crypto-NCrypt/Operational", "Provider_Name": "Microsoft-Windows-Crypto-NCrypt", "Computer": "DESKTOP-OFJ6N53", "TimeCreated": "2025-04-02 09:57:41.300714+00:00", "RecordID": "4023", "Level": "2", "UserID": "S-1-5-19", "EventData.ProviderName": "Microsoft Platform Crypto Provider", "EventData.Status": "0x80090030", "EventData.ProcessName": "svchost.exe"}
{"EventID": "3", "Channel": "Microsoft-Windows-Crypto-NCrypt/Operational", "Provider_Name": "Microsoft-Windows-Crypto-NCrypt", "Computer": "DESKTOP-OFJ6N53", "TimeCreated": "2025-04-02 09:57:44.655415+00:00", "RecordID": "4024", "Level": "2", "UserID": "S-1-5-18", "EventData.ProviderName": "Microsoft Software Key Storage Provider", "EventData.KeyName": "822BF3FA1D1E9A01B277A1D987D49545FDE3C4B6", "EventData.Status": "0x80090016", "EventData.ProcessName": "vpnagent.exe"}
{"EventID": "2", "Channel": "Microsoft-Windows-Crypto-NCrypt/Operational", "Provider_Name": "Microsoft-Windows-Crypto-NCrypt", "Computer": "DESKTOP-OFJ6N53", "TimeCreated": "2025-04-02 10:03:07.642403+00:00", "RecordID": "4025", "Level": "2", "UserID": "S-1-5-21-963789628-1060504924-4285088085-1001", "EventData.ProviderName": "Microsoft Platform Crypto Provider", "EventData.Status": "0x80090030", "EventData.ProcessName": "msedge.exe"}
{"EventID": "4", "Channel": "Microsoft-Windows-Crypto-NCrypt/Operational", "Provider_Name": "Microsoft-Windows-Crypto-NCrypt", "Computer": "DESKTOP-OFJ6N53", "TimeCreated": "2025-04-02 10:03:07.660440+00:00", "RecordID": "4026", "Level": "2", "UserID": "S-1-5-21-963789628-1060504924-4285088085-1001", "EventData.ProviderName": "Microsoft Software Key Storage Provider", "EventData.KeyName": "ChromeMetricsTestKey", "EventData.AlgorithmName": "ECDSA_P256", "EventData.Flags": "0x00020000", "EventData.Status": "0x80090029", "EventData.ProcessName": "msedge.exe"}
{"EventID": "2", "Channel": "Microsoft-Windows-Crypto-NCrypt/Operational", "Provider_Name": "Microsoft-Windows-Crypto-NCrypt", "Computer": "DESKTOP-OFJ6N53", "TimeCreated": "2025-04-02 10:03:11.224911+00:00", "RecordID": "4027", "Level": "2", "UserID": "S-1-5-21-963789628-1060504924-4285088085-1001", "EventData.ProviderName": "Microsoft Platform Crypto Provider", "EventData.Status": "0x80090030", "EventData.ProcessName": "TracSrvWrapper.exe"}
{"EventID": "2", "Channel": "Microsoft-Windows-Crypto-NCrypt/Operational", "Provider_Name": "Microsoft-Windows-Crypto-NCrypt", "Computer": "DESKTOP-OFJ6N53", "TimeCreated": "2025-04-02 10:08:25.816217+00:00", "RecordID": "4028", "Level": "2", "UserID": "S-1-5-19", "EventData.ProviderName": "Microsoft Platform Crypto Provider", "EventData.Status": "0x80090030", "EventData.ProcessName": "svchost.exe"}
{"EventID": "3", "Channel": "Microsoft-Windows-Crypto-NCrypt/Operational", "Provider_Name": "Microsoft-Windows-Crypto-NCrypt", "Computer": "DESKTOP-OFJ6N53", "TimeCreated": "2025-04-02 10:08:29.253479+00:00", "RecordID": "4029", "Level": "2", "UserID": "S-1-5-18", "EventData.ProviderName": "Microsoft Software Key Storage Provider", "EventData.KeyName": "822BF3FA1D1E9A01B277A1D987D49545FDE3C4B6", "EventData.Status": "0x80090016", "EventData.ProcessName": "vpnagent.exe"}
{"EventID": "2", "Channel": "Microsoft-Windows-Crypto-NCrypt/Operational", "Provider_Name": "Microsoft-Windows-Crypto-NCrypt", "Computer": "DESKTOP-OFJ6N53", "TimeCreated": "2025-04-02 10:09:40.576361+00:00", "RecordID": "4030", "Level": "2", "UserID": "S-1-5-21-963789628-1060504924-4285088085-1001", "EventData.ProviderName": "Microsoft Platform Crypto Provider", "EventData.Status": "0x80090030", "EventData.ProcessName": "TracSrvWrapper.exe"}
{"EventID": "2", "Channel": "Microsoft-Windows-Crypto-NCrypt/Operational", "Provider_Name": "Microsoft-Windows-Crypto-NCrypt", "Computer": "DESKTOP-OFJ6N53", "TimeCreated": "2025-04-02 10:09:47.760168+00:00", "RecordID": "4031", "Level": "2", "UserID": "S-1-5-21-963789628-1060504924-4285088085-1001", "EventData.ProviderName": "Microsoft Platform Crypto Provider", "EventData.Status": "0x80090030", "EventData.ProcessName": "TracCAPI.exe"}
{"EventID": "2", "Channel": "Microsoft-Windows-Crypto-NCrypt/Operational", "Provider_Name": "Microsoft-Windows-Crypto-NCrypt", "Computer": "DESKTOP-OFJ6N53", "TimeCreated": "2025-04-02 10:09:55.863110+00:00", "RecordID": "4032", "Level": "2", "UserID": "S-1-5-21-963789628-1060504924-4285088085-1001", "EventData.ProviderName": "Microsoft Platform Crypto Provider", "EventData.Status": "0x80090030", "EventData.ProcessName": "msedge.exe"}
{"EventID": "4", "Channel": "Microsoft-Windows-Crypto-NCrypt/Operational", "Provider_Name": "Microsoft-Windows-Crypto-NCrypt", "Computer": "DESKTOP-OFJ6N53", "TimeCreated": "2025-04-02 10:09:55.864851+00:00", "RecordID": "4033", "Level": "2", "UserID": "S-1-5-21-963789628-1060504924-4285088085-1001", "EventData.ProviderName": "Microsoft Software Key Storage Provider", "EventData.KeyName": "ChromeMetricsTestKey", "EventData.AlgorithmName": "ECDSA_P256", "EventData.Flags": "0x00020000", "EventData.Status": "0x80090029", "EventData.ProcessName": "msedge.exe"}
{"EventID": "2", "Channel": "Microsoft-Windows-Crypto-NCrypt/Operational", "Provider_Name": "Microsoft-Windows-Crypto-NCrypt", "Computer": "DESKTOP-OFJ6N53", "TimeCreated": "2025-04-02 10:10:17.202497+00:00", "RecordID": "4034", "Level": "2", "UserID": "S-1-5-18", "EventData.ProviderName": "Microsoft Platform Crypto Provider", "EventData.Status": "0x80090030", "EventData.ProcessName": "lsass.exe"}
{"EventID": "2", "Channel": "Microsoft-Windows-Crypto-NCrypt/Operational", "Provider_Name": "Microsoft-Windows-Crypto-NCrypt", "Computer": "DESKTOP-OFJ6N53", "TimeCreated": "2025-04-02 10:11:53.269049+00:00", "RecordID": "4035", "Level": "2", "UserID": "S-1-5-19", "EventData.ProviderName": "Microsoft Platform Crypto Provider", "EventData.Status": "0x80090030", "EventData.ProcessName": "svchost.exe"}
{"EventID": "3", "Channel": "Microsoft-Windows-Crypto-NCrypt/Operational", "Provider_Name": "Microsoft-Windows-Crypto-NCrypt", "Computer": "DESKTOP-OFJ6N53", "TimeCreated": "2025-04-02 10:11:55.618328+00:00", "RecordID": "4036", "Level": "2", "UserID": "S-1-5-18", "EventData.ProviderName": "Microsoft Software Key Storage Provider", "EventData.KeyName": "822BF3FA1D1E9A01B277A1D987D49545FDE3C4B6", "EventData.Status": "0x80090016", "EventData.ProcessName": "vpnagent.exe"}
{"EventID": "2", "Channel": "Microsoft-Windows-Crypto-NCrypt/Operational", "Provider_Name": "Microsoft-Windows-Crypto-NCrypt", "Computer": "DESKTOP-OFJ6N53", "TimeCreated": "2025-04-02 10:13:32.860151+00:00", "RecordID": "4037", "Level": "2", "UserID": "S-1-5-21-963789628-1060504924-4285088085-1001", "EventData.ProviderName": "Microsoft Platform Crypto Provider", "EventData.Status": "0x80090030", "EventData.ProcessName": "TracSrvWrapper.exe"}
{"EventID": "2", "Channel": "Microsoft-Windows-Crypto-NCrypt/Operational", "Provider_Name": "Microsoft-Windows-Crypto-NCrypt", "Computer": "DESKTOP-OFJ6N53", "TimeCreated": "2025-04-02 10:13:38.041231+00:00", "RecordID": "4038", "Level": "2", "UserID": "S-1-5-21-963789628-1060504924-4285088085-1001", "EventData.ProviderName": "Microsoft Platform Crypto Provider", "EventData.Status": "0x80090030", "EventData.ProcessName": "TracCAPI.exe"}
{"EventID": "2", "Channel": "Microsoft-Windows-Crypto-NCrypt/Operational", "Provider_Name": "Microsoft-Windows-Crypto-NCrypt", "Computer": "DESKTOP-OFJ6N53", "TimeCreated": "2025-04-02 10:13:43.579386+00:00", "RecordID": "4039", "Level": "2", "UserID": "S-1-5-21-963789628-1060504924-4285088085-1001", "EventData.ProviderName": "Microsoft Platform Crypto Provider", "EventData.Status": "0x80090030", "EventData.ProcessName": "msedge.exe"}
{"EventID": "4", "Channel": "Microsoft-Windows-Crypto-NCrypt/Operational", "Provider_Name": "Microsoft-Windows-Crypto-NCrypt", "Computer": "DESKTOP-OFJ6N53", "TimeCreated": "2025-04-02 10:13:43.583017+00:00", "RecordID": "4040", "Level": "2", "UserID": "S-1-5-21-963789628-1060504924-4285088085-1001", "EventData.ProviderName": "Microsoft Software Key Storage Provider", "EventData.KeyName": "ChromeMetricsTestKey", "EventData.AlgorithmName": "ECDSA_P256", "EventData.Flags": "0x00020000", "EventData.Status": "0x80090029", "EventData.ProcessName": "msedge.exe"}
{"EventID": "2", "Channel": "Microsoft-Windows-Crypto-NCrypt/Operational", "Provider_Name": "Microsoft-Windows-Crypto-NCrypt", "Computer": "DESKTOP-OFJ6N53", "TimeCreated": "2025-04-02 10:16:18.193657+00:00", "RecordID": "4041", "Level": "2", "UserID": "S-1-5-19", "EventData.ProviderName": "Microsoft Platform Crypto Provider", "EventData.Status": "0x80090030", "EventData.ProcessName": "svchost.exe"}
{"EventID": "3", "Channel": "Microsoft-Windows-Crypto-NCrypt/Operational", "Provider_Name": "Microsoft-Windows-Crypto-NCrypt", "Computer": "DESKTOP-OFJ6N53", "TimeCreated": "2025-04-02 10:16:21.757076+00:00", "RecordID": "4042", "Level": "2", "UserID": "S-1-5-18", "EventData.ProviderName": "Microsoft Software Key Storage Provider", "EventData.KeyName": "822BF3FA1D1E9A01B277A1D987D49545FDE3C4B6", "EventData.Status": "0x80090016", "EventData.ProcessName": "vpnagent.exe"}
{"EventID": "2", "Channel": "Microsoft-Windows-Crypto-NCrypt/Operational", "Provider_Name": "Microsoft-Windows-Crypto-NCrypt", "Computer": "DESKTOP-OFJ6N53", "TimeCreated": "2025-04-02 10:31:38.275778+00:00", "RecordID": "4043", "Level": "2", "UserID": "S-1-5-21-963789628-1060504924-4285088085-1001", "EventData.ProviderName": "Microsoft Platform Crypto Provider", "EventData.Status": "0x80090030", "EventData.ProcessName": "TracSrvWrapper.exe"}
{"EventID": "2", "Channel": "Microsoft-Windows-Crypto-NCrypt/Operational", "Provider_Name": "Microsoft-Windows-Crypto-NCrypt", "Computer": "DESKTOP-OFJ6N53", "TimeCreated": "2025-04-02 10:31:39.006865+00:00", "RecordID": "4044", "Level": "2", "UserID": "S-1-5-21-963789628-1060504924-4285088085-1001", "EventData.ProviderName": "Microsoft Platform Crypto Provider", "EventData.Status": "0x80090030", "EventData.ProcessName": "msedge.exe"}
{"EventID": "4", "Channel": "Microsoft-Windows-Crypto-NCrypt/Operational", "Provider_Name": "Microsoft-Windows-Crypto-NCrypt", "Computer": "DESKTOP-OFJ6N53", "TimeCreated": "2025-04-02 10:31:39.008692+00:00", "RecordID": "4045", "Level": "2", "UserID": "S-1-5-21-963789628-1060504924-4285088085-1001", "EventData.ProviderName": "Microsoft Software Key Storage Provider", "EventData.KeyName": "ChromeMetricsTestKey", "EventData.AlgorithmName": "ECDSA_P256", "EventData.Flags": "0x00020000", "EventData.Status": "0x80090029", "EventData.ProcessName": "msedge.exe"}
{"EventID": "2", "Channel": "Microsoft-Windows-Crypto-NCrypt/Operational", "Provider_Name": "Microsoft-Windows-Crypto-NCrypt", "Computer": "DESKTOP-OFJ6N53", "TimeCreated": "2025-04-02 10:31:41.500340+00:00", "RecordID": "4046", "Level": "2", "UserID": "S-1-5-21-963789628-1060504924-4285088085-1001", "EventData.ProviderName": "Microsoft Platform Crypto Provider", "EventData.Status": "0x80090030", "EventData.ProcessName": "TracCAPI.exe"}
{"EventID": "2", "Channel": "Microsoft-Windows-Crypto-NCrypt/Operational", "Provider_Name": "Microsoft-Windows-Crypto-NCrypt", "Computer": "DESKTOP-OFJ6N53", "TimeCreated": "2025-04-02 10:34:05.971422+00:00", "RecordID": "4047", "Level": "2", "UserID": "S-1-5-19", "EventData.ProviderName": "Microsoft Platform Crypto Provider", "EventData.Status": "0x80090030", "EventData.ProcessName": "svchost.exe"}
{"EventID": "3", "Channel": "Microsoft-Windows-Crypto-NCrypt/Operational", "Provider_Name": "Microsoft-Windows-Crypto-NCrypt", "Computer": "DESKTOP-OFJ6N53", "TimeCreated": "2025-04-02 10:34:08.614370+00:00", "RecordID": "4048", "Level": "2", "UserID": "S-1-5-18", "EventData.ProviderName": "Microsoft Software Key Storage Provider", "EventData.KeyName": "822BF3FA1D1E9A01B277A1D987D49545FDE3C4B6", "EventData.Status": "0x80090016", "EventData.ProcessName": "vpnagent.exe"}
{"EventID": "2", "Channel": "Microsoft-Windows-Crypto-NCrypt/Operational", "Provider_Name": "Microsoft-Windows-Crypto-NCrypt", "Computer": "DESKTOP-OFJ6N53", "TimeCreated": "2025-04-02 10:34:26.685659+00:00", "RecordID": "4049", "Level": "2", "UserID": "S-1-5-18", "EventData.ProviderName": "Microsoft Platform Crypto Provider", "EventData.Status": "0x80090030", "EventData.ProcessName": "lsass.exe"}
{"EventID": "2", "Channel": "Microsoft-Windows-Crypto-NCrypt/Operational", "Provider_Name": "Microsoft-Windows-Crypto-NCrypt", "Computer": "DESKTOP-OFJ6N53", "TimeCreated": "2025-04-02 10:38:37.056332+00:00", "RecordID": "4050", "Level": "2", "UserID": "S-1-5-21-963789628-1060504924-4285088085-1001", "EventData.ProviderName": "Microsoft Platform Crypto Provider", "EventData.Status": "0x80090030", "EventData.ProcessName": "TracSrvWrapper.exe"}
{"EventID": "2", "Channel": "Microsoft-Windows-Crypto-NCrypt/Operational", "Provider_Name": "Microsoft-Windows-Crypto-NCrypt", "Computer": "DESKTOP-OFJ6N53", "TimeCreated": "2025-04-02 10:38:38.735100+00:00", "RecordID": "4051", "Level": "2", "UserID": "S-1-5-21-963789628-1060504924-4285088085-1001", "EventData.ProviderName": "Microsoft Platform Crypto Provider", "EventData.Status": "0x80090030", "EventData.ProcessName": "msedge.exe"}
{"EventID": "4", "Channel": "Microsoft-Windows-Crypto-NCrypt/Operational", "Provider_Name": "Microsoft-Windows-Crypto-NCrypt", "Computer": "DESKTOP-OFJ6N53", "TimeCreated": "2025-04-02 10:38:38.738195+00:00", "RecordID": "4052", "Level": "2", "UserID": "S-1-5-21-963789628-1060504924-4285088085-1001", "EventData.ProviderName": "Microsoft Software Key Storage Provider", "EventData.KeyName": "ChromeMetricsTestKey", "EventData.AlgorithmName": "ECDSA_P256", "EventData.Flags": "0x00020000", "EventData.Status": "0x80090029", "EventData.ProcessName": "msedge.exe"}
{"EventID": "2", "Channel": "Microsoft-Windows-Crypto-NCrypt/Operational", "Provider_Name": "Microsoft-Windows-Crypto-NCrypt", "Computer": "DESKTOP-OFJ6N53", "TimeCreated": "2025-04-02 10:38:40.691334+00:00", "RecordID": "4053", "Level": "2", "UserID": "S-1-5-21-963789628-1060504924-4285088085-1001", "EventData.ProviderName": "Microsoft Platform Crypto Provider", "EventData.Status": "0x80090030", "EventData.ProcessName": "TracCAPI.exe"}
{"EventID": "2", "Channel": "Microsoft-Windows-Crypto-NCrypt/Operational", "Provider_Name": "Microsoft-Windows-Crypto-NCrypt", "Computer": "DESKTOP-OFJ6N53", "TimeCreated": "2025-04-02 11:38:23.426741+00:00", "RecordID": "4054", "Level": "2", "UserID": "S-1-5-21-963789628-1060504924-4285088085-1001", "EventData.ProviderName": "Microsoft Platform Crypto Provider", "EventData.Status": "0x80090030", "EventData.ProcessName": "msedge.exe"}
{"EventID": "4", "Channel": "Microsoft-Windows-Crypto-NCrypt/Operational", "Provider_Name": "Microsoft-Windows-Crypto-NCrypt", "Computer": "DESKTOP-OFJ6N53", "TimeCreated": "2025-04-02 11:38:23.432713+00:00", "RecordID": "4055", "Level": "2", "UserID": "S-1-5-21-963789628-1060504924-4285088085-1001", "EventData.ProviderName": "Microsoft Software Key Storage Provider", "EventData.KeyName": "ChromeMetricsTestKey", "EventData.AlgorithmName": "ECDSA_P256", "EventData.Flags": "0x00020000", "EventData.Status": "0x80090029", "EventData.ProcessName": "msedge.exe"}
{"EventID": "2", "Channel": "Microsoft-Windows-Crypto-NCrypt/Operational", "Provider_Name": "Microsoft-Windows-Crypto-NCrypt", "Computer": "DESKTOP-OFJ6N53", "TimeCreated": "2025-04-02 12:24:41.546782+00:00", "RecordID": "4056", "Level": "2", "UserID": "S-1-5-21-963789628-1060504924-4285088085-1001", "EventData.ProviderName": "Microsoft Platform Crypto Provider", "EventData.Status": "0x80090030", "EventData.ProcessName": "chrome.exe"}
{"EventID": "4", "Channel": "Microsoft-Windows-Crypto-NCrypt/Operational", "Provider_Name": "Microsoft-Windows-Crypto-NCrypt", "Computer": "DESKTOP-OFJ6N53", "TimeCreated": "2025-04-02 12:24:41.566870+00:00", "RecordID": "4057", "Level": "2", "UserID": "S-1-5-21-963789628-1060504924-4285088085-1001", "EventData.ProviderName": "Microsoft Software Key Storage Provider", "EventData.KeyName": "ChromeMetricsTestKey", "EventData.AlgorithmName": "ECDSA_P256", "EventData.Flags": "0x00020000", "EventData.Status": "0x80090029", "EventData.ProcessName": "chrome.exe"}
{"EventID": "4", "Channel": "Microsoft-Windows-Crypto-NCrypt/Operational", "Provider_Name": "Microsoft-Windows-Crypto-NCrypt", "Computer": "DESKTOP-OFJ6N53", "TimeCreated": "2025-04-02 12:24:41.792339+00:00", "RecordID": "4058", "Level": "2", "UserID": "S-1-5-21-963789628-1060504924-4285088085-1001", "EventData.ProviderName": "Microsoft Passport Key Storage Provider", "EventData.KeyName": "S-1-5-21-963789628-1060504924-4285088085-1001//S-1-5-21-963789628-1060504924-4285088085-1001//MSTestAvailability-FF2FA111-E816-4D1B-BDDD-65F189969E50", "EventData.AlgorithmName": "RSA", "EventData.Flags": "0x00000000", "EventData.Status": "0x80090010", "EventData.ProcessName": "chrome.exe"}
{"EventID": "2", "Channel": "Microsoft-Windows-Crypto-NCrypt/Operational", "Provider_Name": "Microsoft-Windows-Crypto-NCrypt", "Computer": "DESKTOP-OFJ6N53", "TimeCreated": "2025-04-02 12:38:24.528166+00:00", "RecordID": "4059", "Level": "2", "UserID": "S-1-5-21-963789628-1060504924-4285088085-1001", "EventData.ProviderName": "Microsoft Platform Crypto Provider", "EventData.Status": "0x80090030", "EventData.ProcessName": "msedge.exe"}
{"EventID": "4", "Channel": "Microsoft-Windows-Crypto-NCrypt/Operational", "Provider_Name": "Microsoft-Windows-Crypto-NCrypt", "Computer": "DESKTOP-OFJ6N53", "TimeCreated": "2025-04-02 12:38:24.529924+00:00", "RecordID": "4060", "Level": "2", "UserID": "S-1-5-21-963789628-1060504924-4285088085-1001", "EventData.ProviderName": "Microsoft Software Key Storage Provider", "EventData.KeyName": "ChromeMetricsTestKey", "EventData.AlgorithmName": "ECDSA_P256", "EventData.Flags": "0x00020000", "EventData.Status": "0x80090029", "EventData.ProcessName": "msedge.exe"}
{"EventID": "2", "Channel": "Microsoft-Windows-Crypto-NCrypt/Operational", "Provider_Name": "Microsoft-Windows-Crypto-NCrypt", "Computer": "DESKTOP-OFJ6N53", "TimeCreated": "2025-04-02 13:38:24.771278+00:00", "RecordID": "4061", "Level": "2", "UserID": "S-1-5-21-963789628-1060504924-4285088085-1001", "EventData.ProviderName": "Microsoft Platform Crypto Provider", "EventData.Status": "0x80090030", "EventData.ProcessName": "msedge.exe"}
{"EventID": "4", "Channel": "Microsoft-Windows-Crypto-NCrypt/Operational", "Provider_Name": "Microsoft-Windows-Crypto-NCrypt", "Computer": "DESKTOP-OFJ6N53", "TimeCreated": "2025-04-02 13:38:24.776320+00:00", "RecordID": "4062", "Level": "2", "UserID": "S-1-5-21-963789628-1060504924-4285088085-1001", "EventData.ProviderName": "Microsoft Software Key Storage Provider", "EventData.KeyName": "ChromeMetricsTestKey", "EventData.AlgorithmName": "ECDSA_P256", "EventData.Flags": "0x00020000", "EventData.Status": "0x80090029", "EventData.ProcessName": "msedge.exe"}
{"EventID": "2", "Channel": "Microsoft-Windows-Crypto-NCrypt/Operational", "Provider_Name": "Microsoft-Windows-Crypto-NCrypt", "Computer": "DESKTOP-OFJ6N53", "TimeCreated": "2025-04-02 14:38:26.486050+00:00", "RecordID": "4063", "Level": "2", "UserID": "S-1-5-21-963789628-1060504924-4285088085-1001", "EventData.ProviderName": "Microsoft Platform Crypto Provider", "EventData.Status": "0x80090030", "EventData.ProcessName": "msedge.exe"}
{"EventID": "4", "Channel": "Microsoft-Windows-Crypto-NCrypt/Operational", "Provider_Name": "Microsoft-Windows-Crypto-NCrypt", "Computer": "DESKTOP-OFJ6N53", "TimeCreated": "2025-04-02 14:38:26.488022+00:00", "RecordID": "4064", "Level": "2", "UserID": "S-1-5-21-963789628-1060504924-4285088085-1001", "EventData.ProviderName": "Microsoft Software Key Storage Provider", "EventData.KeyName": "ChromeMetricsTestKey", "EventData.AlgorithmName": "ECDSA_P256", "EventData.Flags": "0x00020000", "EventData.Status": "0x80090029", "EventData.ProcessName": "msedge.exe"}
{"EventID": "2", "Channel": "Microsoft-Windows-Crypto-NCrypt/Operational", "Provider_Name": "Microsoft-Windows-Crypto-NCrypt", "Computer": "DESKTOP-OFJ6N53", "TimeCreated": "2025-04-02 15:07:48.237392+00:00", "RecordID": "4065", "Level": "2", "UserID": "S-1-5-18", "EventData.ProviderName": "Microsoft Platform Crypto Provider", "EventData.Status": "0x80090030", "EventData.ProcessName": "taskhostw.exe"}
{"EventID": "2", "Channel": "Microsoft-Windows-Crypto-NCrypt/Operational", "Provider_Name": "Microsoft-Windows-Crypto-NCrypt", "Computer": "DESKTOP-OFJ6N53", "TimeCreated": "2025-04-02 15:38:26.559160+00:00", "RecordID": "4066", "Level": "2", "UserID": "S-1-5-21-963789628-1060504924-4285088085-1001", "EventData.ProviderName": "Microsoft Platform Crypto Provider", "EventData.Status": "0x80090030", "EventData.ProcessName": "msedge.exe"}
{"EventID": "4", "Channel": "Microsoft-Windows-Crypto-NCrypt/Operational", "Provider_Name": "Microsoft-Windows-Crypto-NCrypt", "Computer": "DESKTOP-OFJ6N53", "TimeCreated": "2025-04-02 15:38:26.561241+00:00", "RecordID": "4067", "Level": "2", "UserID": "S-1-5-21-963789628-1060504924-4285088085-1001", "EventData.ProviderName": "Microsoft Software Key Storage Provider", "EventData.KeyName": "ChromeMetricsTestKey", "EventData.AlgorithmName": "ECDSA_P256", "EventData.Flags": "0x00020000", "EventData.Status": "0x80090029", "EventData.ProcessName": "msedge.exe"}
{"EventID": "2", "Channel": "Microsoft-Windows-Crypto-NCrypt/Operational", "Provider_Name": "Microsoft-Windows-Crypto-NCrypt", "Computer": "DESKTOP-OFJ6N53", "TimeCreated": "2025-04-03 06:10:03.921879+00:00", "RecordID": "4068", "Level": "2", "UserID": "S-1-5-18", "EventData.ProviderName": "Microsoft Platform Crypto Provider", "EventData.Status": "0x80090030", "EventData.ProcessName": "taskhostw.exe"}
{"EventID": "9", "Channel": "Microsoft-Windows-Crypto-NCrypt/Operational", "Provider_Name": "Microsoft-Windows-Crypto-NCrypt", "Computer": "DESKTOP-OFJ6N53", "TimeCreated": "2025-04-03 07:00:28.011560+00:00", "RecordID": "4069", "Level": "5", "UserID": "S-1-5-18", "EventData.ProviderName": "Microsoft Software Key Storage Provider", "EventData.KeyModificationType": "0x00000001", "EventData.Flags": "0x00000000", "EventData.KeyName": "822BF3FA1D1E9A01B277A1D987D49545FDE3C4B6", "EventData.KeyFileName": "c8d74d183517364a390dfbf23b300896_27707a90-922c-4012-a495-08c5f439c147", "EventData.ProcessName": "C:\\Program Files (x86)\\Cisco\\Cisco AnyConnect Secure Mobility Client\\vpnagent.exe", "EventData.ProcessId": "0x000009b4", "EventData.ThreadId": "0x00001890", "EventData.UserId": "S-1-5-18", "EventData.ServiceTag": "vpnagent", "EventData.Status": "0x00000000"}
{"EventID": "11", "Channel": "Microsoft-Windows-Crypto-NCrypt/Operational", "Provider_Name": "Microsoft-Windows-Crypto-NCrypt", "Computer": "DESKTOP-OFJ6N53", "TimeCreated": "2025-04-03 07:01:22.896719+00:00", "RecordID": "4070", "Level": "5", "UserID": "S-1-5-18", "EventData.ProviderName": "Microsoft Software Key Storage Provider", "EventData.Flags": "0x00000040", "EventData.DeletionType": "0x00000000", "EventData.KeyName": "822BF3FA1D1E9A01B277A1D987D49545FDE3C4B6", "EventData.KeyFileName": "c8d74d183517364a390dfbf23b300896_27707a90-922c-4012-a495-08c5f439c147", "EventData.ProcessName": "C:\\Program Files (x86)\\Cisco\\Cisco AnyConnect Secure Mobility Client\\vpnagent.exe", "EventData.ProcessId": "0x000009b4", "EventData.ThreadId": "0x00001890", "EventData.UserId": "S-1-5-18", "EventData.ServiceTag": "vpnagent", "EventData.Status": "0x00000000"}
{"EventID": "2", "Channel": "Microsoft-Windows-Crypto-NCrypt/Operational", "Provider_Name": "Microsoft-Windows-Crypto-NCrypt", "Computer": "DESKTOP-OFJ6N53", "TimeCreated": "2025-04-03 07:01:50.800966+00:00", "RecordID": "4071", "Level": "2", "UserID": "S-1-5-21-963789628-1060504924-4285088085-1001", "EventData.ProviderName": "Microsoft Platform Crypto Provider", "EventData.Status": "0x80090030", "EventData.ProcessName": "chrome.exe"}
{"EventID": "4", "Channel": "Microsoft-Windows-Crypto-NCrypt/Operational", "Provider_Name": "Microsoft-Windows-Crypto-NCrypt", "Computer": "DESKTOP-OFJ6N53", "TimeCreated": "2025-04-03 07:01:50.810499+00:00", "RecordID": "4072", "Level": "2", "UserID": "S-1-5-21-963789628-1060504924-4285088085-1001", "EventData.ProviderName": "Microsoft Software Key Storage Provider", "EventData.KeyName": "ChromeMetricsTestKey", "EventData.AlgorithmName": "ECDSA_P256", "EventData.Flags": "0x00020000", "EventData.Status": "0x80090029", "EventData.ProcessName": "chrome.exe"}
{"EventID": "4", "Channel": "Microsoft-Windows-Crypto-NCrypt/Operational", "Provider_Name": "Microsoft-Windows-Crypto-NCrypt", "Computer": "DESKTOP-OFJ6N53", "TimeCreated": "2025-04-03 07:01:50.917807+00:00", "RecordID": "4073", "Level": "2", "UserID": "S-1-5-21-963789628-1060504924-4285088085-1001", "EventData.ProviderName": "Microsoft Passport Key Storage Provider", "EventData.KeyName": "S-1-5-21-963789628-1060504924-4285088085-1001//S-1-5-21-963789628-1060504924-4285088085-1001//MSTestAvailability-FF2FA111-E816-4D1B-BDDD-65F189969E50", "EventData.AlgorithmName": "RSA", "EventData.Flags": "0x00000000", "EventData.Status": "0x80090016", "EventData.ProcessName": "chrome.exe"}
{"EventID": "2", "Channel": "Microsoft-Windows-Crypto-NCrypt/Operational", "Provider_Name": "Microsoft-Windows-Crypto-NCrypt", "Computer": "DESKTOP-OFJ6N53", "TimeCreated": "2025-04-03 07:09:42.951635+00:00", "RecordID": "4074", "Level": "2", "UserID": "S-1-5-18", "EventData.ProviderName": "Microsoft Platform Crypto Provider", "EventData.Status": "0x80090030", "EventData.ProcessName": "taskhostw.exe"}
{"EventID": "2", "Channel": "Microsoft-Windows-Crypto-NCrypt/Operational", "Provider_Name": "Microsoft-Windows-Crypto-NCrypt", "Computer": "DESKTOP-OFJ6N53", "TimeCreated": "2025-04-03 22:38:30.151939+00:00", "RecordID": "4075", "Level": "2", "UserID": "S-1-5-21-963789628-1060504924-4285088085-1001", "EventData.ProviderName": "Microsoft Platform Crypto Provider", "EventData.Status": "0x80090030", "EventData.ProcessName": "msedge.exe"}
{"EventID": "4", "Channel": "Microsoft-Windows-Crypto-NCrypt/Operational", "Provider_Name": "Microsoft-Windows-Crypto-NCrypt", "Computer": "DESKTOP-OFJ6N53", "TimeCreated": "2025-04-03 22:38:30.154345+00:00", "RecordID": "4076", "Level": "2", "UserID": "S-1-5-21-963789628-1060504924-4285088085-1001", "EventData.ProviderName": "Microsoft Software Key Storage Provider", "EventData.KeyName": "ChromeMetricsTestKey", "EventData.AlgorithmName": "ECDSA_P256", "EventData.Flags": "0x00020000", "EventData.Status": "0x80090029", "EventData.ProcessName": "msedge.exe"}
{"EventID": "2", "Channel": "Microsoft-Windows-Crypto-NCrypt/Operational", "Provider_Name": "Microsoft-Windows-Crypto-NCrypt", "Computer": "DESKTOP-OFJ6N53", "TimeCreated": "2025-04-05 12:38:37.223890+00:00", "RecordID": "4077", "Level": "2", "UserID": "S-1-5-21-963789628-1060504924-4285088085-1001", "EventData.ProviderName": "Microsoft Platform Crypto Provider", "EventData.Status": "0x80090030", "EventData.ProcessName": "msedge.exe"}
{"EventID": "4", "Channel": "Microsoft-Windows-Crypto-NCrypt/Operational", "Provider_Name": "Microsoft-Windows-Crypto-NCrypt", "Computer": "DESKTOP-OFJ6N53", "TimeCreated": "2025-04-05 12:38:37.229662+00:00", "RecordID": "4078", "Level": "2", "UserID": "S-1-5-21-963789628-1060504924-4285088085-1001", "EventData.ProviderName": "Microsoft Software Key Storage Provider", "EventData.KeyName": "ChromeMetricsTestKey", "EventData.AlgorithmName": "ECDSA_P256", "EventData.Flags": "0x00020000", "EventData.Status": "0x80090029", "EventData.ProcessName": "msedge.exe"}
{"EventID": "2", "Channel": "Microsoft-Windows-Crypto-NCrypt/Operational", "Provider_Name": "Microsoft-Windows-Crypto-NCrypt", "Computer": "DESKTOP-OFJ6N53", "TimeCreated": "2025-04-05 16:38:35.970818+00:00", "RecordID": "4079", "Level": "2", "UserID": "S-1-5-21-963789628-1060504924-4285088085-1001", "EventData.ProviderName": "Microsoft Platform Crypto Provider", "EventData.Status": "0x80090030", "EventData.ProcessName": "msedge.exe"}
{"EventID": "4", "Channel": "Microsoft-Windows-Crypto-NCrypt/Operational", "Provider_Name": "Microsoft-Windows-Crypto-NCrypt", "Computer": "DESKTOP-OFJ6N53", "TimeCreated": "2025-04-05 16:38:35.975971+00:00", "RecordID": "4080", "Level": "2", "UserID": "S-1-5-21-963789628-1060504924-4285088085-1001", "EventData.ProviderName": "Microsoft Software Key Storage Provider", "EventData.KeyName": "ChromeMetricsTestKey", "EventData.AlgorithmName": "ECDSA_P256", "EventData.Flags": "0x00020000", "EventData.Status": "0x80090029", "EventData.ProcessName": "msedge.exe"}
{"EventID": "2", "Channel": "Microsoft-Windows-Crypto-NCrypt/Operational", "Provider_Name": "Microsoft-Windows-Crypto-NCrypt", "Computer": "DESKTOP-OFJ6N53", "TimeCreated": "2025-04-06 12:20:08.999102+00:00", "RecordID": "4081", "Level": "2", "UserID": "S-1-5-21-963789628-1060504924-4285088085-1001", "EventData.ProviderName": "Microsoft Platform Crypto Provider", "EventData.Status": "0x80090030", "EventData.ProcessName": "TracSrvWrapper.exe"}
{"EventID": "2", "Channel": "Microsoft-Windows-Crypto-NCrypt/Operational", "Provider_Name": "Microsoft-Windows-Crypto-NCrypt", "Computer": "DESKTOP-OFJ6N53", "TimeCreated": "2025-04-06 12:20:14.003750+00:00", "RecordID": "4082", "Level": "2", "UserID": "S-1-5-21-963789628-1060504924-4285088085-1001", "EventData.ProviderName": "Microsoft Platform Crypto Provider", "EventData.Status": "0x80090030", "EventData.ProcessName": "TrGUI.exe"}
{"EventID": "2", "Channel": "Microsoft-Windows-Crypto-NCrypt/Operational", "Provider_Name": "Microsoft-Windows-Crypto-NCrypt", "Computer": "DESKTOP-OFJ6N53", "TimeCreated": "2025-04-06 12:20:16.008411+00:00", "RecordID": "4083", "Level": "2", "UserID": "S-1-5-21-963789628-1060504924-4285088085-1001", "EventData.ProviderName": "Microsoft Platform Crypto Provider", "EventData.Status": "0x80090030", "EventData.ProcessName": "TrGUI.exe"}
{"EventID": "2", "Channel": "Microsoft-Windows-Crypto-NCrypt/Operational", "Provider_Name": "Microsoft-Windows-Crypto-NCrypt", "Computer": "DESKTOP-OFJ6N53", "TimeCreated": "2025-04-06 12:29:55.327154+00:00", "RecordID": "4084", "Level": "2", "UserID": "S-1-5-18", "EventData.ProviderName": "Microsoft Platform Crypto Provider", "EventData.Status": "0x80090030", "EventData.ProcessName": "taskhostw.exe"}
{"EventID": "2", "Channel": "Microsoft-Windows-Crypto-NCrypt/Operational", "Provider_Name": "Microsoft-Windows-Crypto-NCrypt", "Computer": "DESKTOP-OFJ6N53", "TimeCreated": "2025-04-06 17:08:34.016127+00:00", "RecordID": "4085", "Level": "2", "UserID": "S-1-5-18", "EventData.ProviderName": "Microsoft Platform Crypto Provider", "EventData.Status": "0x80090030", "EventData.ProcessName": "taskhostw.exe"}
{"EventID": "2", "Channel": "Microsoft-Windows-Crypto-NCrypt/Operational", "Provider_Name": "Microsoft-Windows-Crypto-NCrypt", "Computer": "DESKTOP-OFJ6N53", "TimeCreated": "2025-04-07 04:38:39.302536+00:00", "RecordID": "4086", "Level": "2", "UserID": "S-1-5-21-963789628-1060504924-4285088085-1001", "EventData.ProviderName": "Microsoft Platform Crypto Provider", "EventData.Status": "0x80090030", "EventData.ProcessName": "msedge.exe"}
{"EventID": "4", "Channel": "Microsoft-Windows-Crypto-NCrypt/Operational", "Provider_Name": "Microsoft-Windows-Crypto-NCrypt", "Computer": "DESKTOP-OFJ6N53", "TimeCreated": "2025-04-07 04:38:39.304388+00:00", "RecordID": "4087", "Level": "2", "UserID": "S-1-5-21-963789628-1060504924-4285088085-1001", "EventData.ProviderName": "Microsoft Software Key Storage Provider", "EventData.KeyName": "ChromeMetricsTestKey", "EventData.AlgorithmName": "ECDSA_P256", "EventData.Flags": "0x00020000", "EventData.Status": "0x80090029", "EventData.ProcessName": "msedge.exe"}
{"EventID": "2", "Channel": "Microsoft-Windows-Crypto-NCrypt/Operational", "Provider_Name": "Microsoft-Windows-Crypto-NCrypt", "Computer": "DESKTOP-OFJ6N53", "TimeCreated": "2025-04-07 05:46:55.469061+00:00", "RecordID": "4088", "Level": "2", "UserID": "S-1-5-18", "EventData.ProviderName": "Microsoft Platform Crypto Provider", "EventData.Status": "0x80090030", "EventData.ProcessName": "taskhostw.exe"}
{"EventID": "2", "Channel": "Microsoft-Windows-Crypto-NCrypt/Operational", "Provider_Name": "Microsoft-Windows-Crypto-NCrypt", "Computer": "DESKTOP-OFJ6N53", "TimeCreated": "2025-04-07 16:38:40.990551+00:00", "RecordID": "4089", "Level": "2", "UserID": "S-1-5-21-963789628-1060504924-4285088085-1001", "EventData.ProviderName": "Microsoft Platform Crypto Provider", "EventData.Status": "0x80090030", "EventData.ProcessName": "msedge.exe"}
{"EventID": "4", "Channel": "Microsoft-Windows-Crypto-NCrypt/Operational", "Provider_Name": "Microsoft-Windows-Crypto-NCrypt", "Computer": "DESKTOP-OFJ6N53", "TimeCreated": "2025-04-07 16:38:40.994989+00:00", "RecordID": "4090", "Level": "2", "UserID": "S-1-5-21-963789628-1060504924-4285088085-1001", "EventData.ProviderName": "Microsoft Software Key Storage Provider", "EventData.KeyName": "ChromeMetricsTestKey", "EventData.AlgorithmName": "ECDSA_P256", "EventData.Flags": "0x00020000", "EventData.Status": "0x80090029", "EventData.ProcessName": "msedge.exe"}
{"EventID": "2", "Channel": "Microsoft-Windows-Crypto-NCrypt/Operational", "Provider_Name": "Microsoft-Windows-Crypto-NCrypt", "Computer": "DESKTOP-OFJ6N53", "TimeCreated": "2025-04-08 11:38:43.724998+00:00", "RecordID": "4091", "Level": "2", "UserID": "S-1-5-21-963789628-1060504924-4285088085-1001", "EventData.ProviderName": "Microsoft Platform Crypto Provider", "EventData.Status": "0x80090030", "EventData.ProcessName": "msedge.exe"}
{"EventID": "4", "Channel": "Microsoft-Windows-Crypto-NCrypt/Operational", "Provider_Name": "Microsoft-Windows-Crypto-NCrypt", "Computer": "DESKTOP-OFJ6N53", "TimeCreated": "2025-04-08 11:38:43.730545+00:00", "RecordID": "4092", "Level": "2", "UserID": "S-1-5-21-963789628-1060504924-4285088085-1001", "EventData.ProviderName": "Microsoft Software Key Storage Provider", "EventData.KeyName": "ChromeMetricsTestKey", "EventData.AlgorithmName": "ECDSA_P256", "EventData.Flags": "0x00020000", "EventData.Status": "0x80090029", "EventData.ProcessName": "msedge.exe"}
{"EventID": "2", "Channel": "Microsoft-Windows-Crypto-NCrypt/Operational", "Provider_Name": "Microsoft-Windows-Crypto-NCrypt", "Computer": "DESKTOP-OFJ6N53", "TimeCreated": "2025-04-08 21:36:44.814672+00:00", "RecordID": "4093", "Level": "2", "UserID": "S-1-5-18", "EventData.ProviderName": "Microsoft Platform Crypto Provider", "EventData.Status": "0x80090030", "EventData.ProcessName": "taskhostw.exe"}
{"EventID": "2", "Channel": "Microsoft-Windows-Crypto-NCrypt/Operational", "Provider_Name": "Microsoft-Windows-Crypto-NCrypt", "Computer": "DESKTOP-OFJ6N53", "TimeCreated": "2025-04-09 14:35:40.093882+00:00", "RecordID": "4094", "Level": "2", "UserID": "S-1-5-19", "EventData.ProviderName": "Microsoft Platform Crypto Provider", "EventData.Status": "0x80090030", "EventData.ProcessName": "svchost.exe"}
{"EventID": "3", "Channel": "Microsoft-Windows-Crypto-NCrypt/Operational", "Provider_Name": "Microsoft-Windows-Crypto-NCrypt", "Computer": "DESKTOP-OFJ6N53", "TimeCreated": "2025-04-09 14:35:44.182167+00:00", "RecordID": "4095", "Level": "2", "UserID": "S-1-5-18", "EventData.ProviderName": "Microsoft Software Key Storage Provider", "EventData.KeyName": "822BF3FA1D1E9A01B277A1D987D49545FDE3C4B6", "EventData.Status": "0x80090016", "EventData.ProcessName": "vpnagent.exe"}
{"EventID": "2", "Channel": "Microsoft-Windows-Crypto-NCrypt/Operational", "Provider_Name": "Microsoft-Windows-Crypto-NCrypt", "Computer": "DESKTOP-OFJ6N53", "TimeCreated": "2025-04-09 16:41:06.107857+00:00", "RecordID": "4096", "Level": "2", "UserID": "S-1-5-18", "EventData.ProviderName": "Microsoft Platform Crypto Provider", "EventData.Status": "0x80090030", "EventData.ProcessName": "lsass.exe"}
{"EventID": "2", "Channel": "Microsoft-Windows-Crypto-NCrypt/Operational", "Provider_Name": "Microsoft-Windows-Crypto-NCrypt", "Computer": "DESKTOP-OFJ6N53", "TimeCreated": "2025-04-10 05:53:30.960690+00:00", "RecordID": "4097", "Level": "2", "UserID": "S-1-5-21-963789628-1060504924-4285088085-1001", "EventData.ProviderName": "Microsoft Platform Crypto Provider", "EventData.Status": "0x80090030", "EventData.ProcessName": "wwahost.exe"}
{"EventID": "2", "Channel": "Microsoft-Windows-Crypto-NCrypt/Operational", "Provider_Name": "Microsoft-Windows-Crypto-NCrypt", "Computer": "DESKTOP-OFJ6N53", "TimeCreated": "2025-04-10 05:53:57.744089+00:00", "RecordID": "4098", "Level": "2", "UserID": "S-1-5-21-963789628-1060504924-4285088085-1001", "EventData.ProviderName": "Microsoft Platform Crypto Provider", "EventData.Status": "0x80090030", "EventData.ProcessName": "TracSrvWrapper.exe"}
{"EventID": "2", "Channel": "Microsoft-Windows-Crypto-NCrypt/Operational", "Provider_Name": "Microsoft-Windows-Crypto-NCrypt", "Computer": "DESKTOP-OFJ6N53", "TimeCreated": "2025-04-10 05:53:59.207314+00:00", "RecordID": "4099", "Level": "2", "UserID": "S-1-5-21-963789628-1060504924-4285088085-1001", "EventData.ProviderName": "Microsoft Platform Crypto Provider", "EventData.Status": "0x80090030", "EventData.ProcessName": "TracSrvWrapper.exe"}
{"EventID": "2", "Channel": "Microsoft-Windows-Crypto-NCrypt/Operational", "Provider_Name": "Microsoft-Windows-Crypto-NCrypt", "Computer": "DESKTOP-OFJ6N53", "TimeCreated": "2025-04-10 05:54:02.160795+00:00", "RecordID": "4100", "Level": "2", "UserID": "S-1-5-21-963789628-1060504924-4285088085-1001", "EventData.ProviderName": "Microsoft Platform Crypto Provider", "EventData.Status": "0x80090030", "EventData.ProcessName": "TracCAPI.exe"}
{"EventID": "2", "Channel": "Microsoft-Windows-Crypto-NCrypt/Operational", "Provider_Name": "Microsoft-Windows-Crypto-NCrypt", "Computer": "DESKTOP-OFJ6N53", "TimeCreated": "2025-04-10 05:54:37.501978+00:00", "RecordID": "4101", "Level": "2", "UserID": "S-1-5-21-963789628-1060504924-4285088085-1001", "EventData.ProviderName": "Microsoft Platform Crypto Provider", "EventData.Status": "0x80090030", "EventData.ProcessName": "msedge.exe"}
{"EventID": "4", "Channel": "Microsoft-Windows-Crypto-NCrypt/Operational", "Provider_Name": "Microsoft-Windows-Crypto-NCrypt", "Computer": "DESKTOP-OFJ6N53", "TimeCreated": "2025-04-10 05:54:37.507616+00:00", "RecordID": "4102", "Level": "2", "UserID": "S-1-5-21-963789628-1060504924-4285088085-1001", "EventData.ProviderName": "Microsoft Software Key Storage Provider", "EventData.KeyName": "ChromeMetricsTestKey", "EventData.AlgorithmName": "ECDSA_P256", "EventData.Flags": "0x00020000", "EventData.Status": "0x80090029", "EventData.ProcessName": "msedge.exe"}
{"EventID": "2", "Channel": "Microsoft-Windows-Crypto-NCrypt/Operational", "Provider_Name": "Microsoft-Windows-Crypto-NCrypt", "Computer": "DESKTOP-OFJ6N53", "TimeCreated": "2025-04-10 05:54:41.451199+00:00", "RecordID": "4103", "Level": "2", "UserID": "S-1-5-21-963789628-1060504924-4285088085-1001", "EventData.ProviderName": "Microsoft Platform Crypto Provider", "EventData.Status": "0x80090030", "EventData.ProcessName": "chrome.exe"}
{"EventID": "4", "Channel": "Microsoft-Windows-Crypto-NCrypt/Operational", "Provider_Name": "Microsoft-Windows-Crypto-NCrypt", "Computer": "DESKTOP-OFJ6N53", "TimeCreated": "2025-04-10 05:54:41.453314+00:00", "RecordID": "4104", "Level": "2", "UserID": "S-1-5-21-963789628-1060504924-4285088085-1001", "EventData.ProviderName": "Microsoft Software Key Storage Provider", "EventData.KeyName": "ChromeMetricsTestKey", "EventData.AlgorithmName": "ECDSA_P256", "EventData.Flags": "0x00020000", "EventData.Status": "0x80090029", "EventData.ProcessName": "chrome.exe"}
{"EventID": "4", "Channel": "Microsoft-Windows-Crypto-NCrypt/Operational", "Provider_Name": "Microsoft-Windows-Crypto-NCrypt", "Computer": "DESKTOP-OFJ6N53", "TimeCreated": "2025-04-10 05:54:41.543501+00:00", "RecordID": "4105", "Level": "2", "UserID": "S-1-5-21-963789628-1060504924-4285088085-1001", "EventData.ProviderName": "Microsoft Passport Key Storage Provider", "EventData.KeyName": "S-1-5-21-963789628-1060504924-4285088085-1001//S-1-5-21-963789628-1060504924-4285088085-1001//MSTestAvailability-FF2FA111-E816-4D1B-BDDD-65F189969E50", "EventData.AlgorithmName": "RSA", "EventData.Flags": "0x00000000", "EventData.Status": "0x80090010", "EventData.ProcessName": "chrome.exe"}
{"EventID": "2", "Channel": "Microsoft-Windows-Crypto-NCrypt/Operational", "Provider_Name": "Microsoft-Windows-Crypto-NCrypt", "Computer": "DESKTOP-OFJ6N53", "TimeCreated": "2025-04-10 12:54:05.589930+00:00", "RecordID": "4106", "Level": "2", "UserID": "S-1-5-21-963789628-1060504924-4285088085-1001", "EventData.ProviderName": "Microsoft Platform Crypto Provider", "EventData.Status": "0x80090030", "EventData.ProcessName": "msedge.exe"}
{"EventID": "4", "Channel": "Microsoft-Windows-Crypto-NCrypt/Operational", "Provider_Name": "Microsoft-Windows-Crypto-NCrypt", "Computer": "DESKTOP-OFJ6N53", "TimeCreated": "2025-04-10 12:54:05.599026+00:00", "RecordID": "4107", "Level": "2", "UserID": "S-1-5-21-963789628-1060504924-4285088085-1001", "EventData.ProviderName": "Microsoft Software Key Storage Provider", "EventData.KeyName": "ChromeMetricsTestKey", "EventData.AlgorithmName": "ECDSA_P256", "EventData.Flags": "0x00020000", "EventData.Status": "0x80090029", "EventData.ProcessName": "msedge.exe"}
