{"EventID": "26", "Channel": "Microsoft-Windows-WindowsUpdateClient/Operational", "Provider_Name": "Microsoft-Windows-WindowsUpdateClient", "Computer": "DESKTOP-OFJ6N53", "TimeCreated": "2025-07-17 07:40:56.755733+00:00", "RecordID": "9491", "Level": "4", "UserID": "S-1-5-18", "EventData.updateCount": "1", "EventData.serviceGuid": "{9482f4b4-e343-43b6-b170-9a65bc822c77}"}
{"EventID": "26", "Channel": "Microsoft-Windows-WindowsUpdateClient/Operational", "Provider_Name": "Microsoft-Windows-WindowsUpdateClient", "Computer": "DESKTOP-OFJ6N53", "TimeCreated": "2025-07-17 07:41:26.723751+00:00", "RecordID": "9492", "Level": "4", "UserID": "S-1-5-18", "EventData.updateCount": "1", "EventData.serviceGuid": "{8b24b027-1dee-babb-9a95-3517dfb9c552}"}
{"EventID": "41", "Channel": "Microsoft-Windows-WindowsUpdateClient/Operational", "Provider_Name": "Microsoft-Windows-WindowsUpdateClient", "Computer": "DESKTOP-OFJ6N53", "TimeCreated": "2025-07-17 07:41:33.029387+00:00", "RecordID": "9493", "Level": "4", "UserID": "S-1-5-18", "EventData.updateTitle": "Обновление механизма обнаружения угроз для Microsoft Defender Antivirus — KB2267602 (версия 1.431.683.0) — Актуальный канал (широкий выпуск)", "EventData.updateGuid": "{4ffc871a-7748-48d6-bab9-8fa42f355b9c}", "EventData.updateRevisionNumber": "200"}
{"EventID": "26", "Channel": "Microsoft-Windows-WindowsUpdateClient/Operational", "Provider_Name": "Microsoft-Windows-WindowsUpdateClient", "Computer": "DESKTOP-OFJ6N53", "TimeCreated": "2025-07-17 14:51:27.557650+00:00", "RecordID": "9494", "Level": "4", "UserID": "S-1-5-18", "EventData.updateCount": "1", "EventData.serviceGuid": "{9482f4b4-e343-43b6-b170-9a65bc822c77}"}
{"EventID": "26", "Channel": "Microsoft-Windows-WindowsUpdateClient/Operational", "Provider_Name": "Microsoft-Windows-WindowsUpdateClient", "Computer": "DESKTOP-OFJ6N53", "TimeCreated": "2025-07-17 14:51:27.557653+00:00", "RecordID": "9495", "Level": "4", "UserID": "S-1-5-18", "EventData.updateCount": "0", "EventData.serviceGuid": "{8b24b027-1dee-babb-9a95-3517dfb9c552}"}
{"EventID": "41", "Channel": "Microsoft-Windows-WindowsUpdateClient/Operational", "Provider_Name": "Microsoft-Windows-WindowsUpdateClient", "Computer": "DESKTOP-OFJ6N53", "TimeCreated": "2025-07-17 14:51:30.342960+00:00", "RecordID": "9496", "Level": "4", "UserID": "S-1-5-18", "EventData.updateTitle": "Обновление механизма обнаружения угроз для Microsoft Defender Antivirus — KB2267602 (версия 1.431.687.0) — Актуальный канал (широкий выпуск)", "EventData.updateGuid": "{22830283-20cc-4172-9fdb-4d13a9ce9ab9}", "EventData.updateRevisionNumber": "200"}
{"EventID": "26", "Channel": "Microsoft-Windows-WindowsUpdateClient/Operational", "Provider_Name": "Microsoft-Windows-WindowsUpdateClient", "Computer": "DESKTOP-OFJ6N53", "TimeCreated": "2025-07-17 22:12:44.151632+00:00", "RecordID": "9497", "Level": "4", "UserID": "S-1-5-18", "EventData.updateCount": "1", "EventData.serviceGuid": "{855e8a7c-ecb4-4ca3-b045-1dfa50104289}"}
{"EventID": "26", "Channel": "Microsoft-Windows-WindowsUpdateClient/Operational", "Provider_Name": "Microsoft-Windows-WindowsUpdateClient", "Computer": "DESKTOP-OFJ6N53", "TimeCreated": "2025-07-17 22:13:18.092001+00:00", "RecordID": "9498", "Level": "4", "UserID": "S-1-5-18", "EventData.updateCount": "1", "EventData.serviceGuid": "{855e8a7c-ecb4-4ca3-b045-1dfa50104289}"}
{"EventID": "41", "Channel": "Microsoft-Windows-WindowsUpdateClient/Operational", "Provider_Name": "Microsoft-Windows-WindowsUpdateClient", "Computer": "DESKTOP-OFJ6N53", "TimeCreated": "2025-07-17 22:14:14.524591+00:00", "RecordID": "9499", "Level": "4", "UserID": "S-1-5-18", "EventData.updateTitle": "9WZDNCRD29V9-MICROSOFT.MICROSOFTOFFICEHUB", "EventData.updateGuid": "{fdcddf32-1bd6-48a2-8a98-5cbe6626e9e9}", "EventData.updateRevisionNumber": "1"}
{"EventID": "26", "Channel": "Microsoft-Windows-WindowsUpdateClient/Operational", "Provider_Name": "Microsoft-Windows-WindowsUpdateClient", "Computer": "DESKTOP-OFJ6N53", "TimeCreated": "2025-07-18 04:52:54.153360+00:00", "RecordID": "9500", "Level": "4", "UserID": "S-1-5-18", "EventData.updateCount": "1", "EventData.serviceGuid": "{9482f4b4-e343-43b6-b170-9a65bc822c77}"}
{"EventID": "26", "Channel": "Microsoft-Windows-WindowsUpdateClient/Operational", "Provider_Name": "Microsoft-Windows-WindowsUpdateClient", "Computer": "DESKTOP-OFJ6N53", "TimeCreated": "2025-07-18 04:52:54.153366+00:00", "RecordID": "9501", "Level": "4", "UserID": "S-1-5-18", "EventData.updateCount": "1", "EventData.serviceGuid": "{8b24b027-1dee-babb-9a95-3517dfb9c552}"}
{"EventID": "41", "Channel": "Microsoft-Windows-WindowsUpdateClient/Operational", "Provider_Name": "Microsoft-Windows-WindowsUpdateClient", "Computer": "DESKTOP-OFJ6N53", "TimeCreated": "2025-07-18 04:52:57.500895+00:00", "RecordID": "9502", "Level": "4", "UserID": "S-1-5-18", "EventData.updateTitle": "Обновление механизма обнаружения угроз для Microsoft Defender Antivirus — KB2267602 (версия 1.431.705.0) — Актуальный канал (широкий выпуск)", "EventData.updateGuid": "{b103760c-5a85-492a-abbc-4a9d44c939f9}", "EventData.updateRevisionNumber": "200"}
{"EventID": "26", "Channel": "Microsoft-Windows-WindowsUpdateClient/Operational", "Provider_Name": "Microsoft-Windows-WindowsUpdateClient", "Computer": "DESKTOP-OFJ6N53", "TimeCreated": "2025-07-18 14:51:05.280735+00:00", "RecordID": "9503", "Level": "4", "UserID": "S-1-5-18", "EventData.updateCount": "1", "EventData.serviceGuid": "{9482f4b4-e343-43b6-b170-9a65bc822c77}"}
{"EventID": "26", "Channel": "Microsoft-Windows-WindowsUpdateClient/Operational", "Provider_Name": "Microsoft-Windows-WindowsUpdateClient", "Computer": "DESKTOP-OFJ6N53", "TimeCreated": "2025-07-18 14:51:05.280743+00:00", "RecordID": "9504", "Level": "4", "UserID": "S-1-5-18", "EventData.updateCount": "0", "EventData.serviceGuid": "{8b24b027-1dee-babb-9a95-3517dfb9c552}"}
{"EventID": "41", "Channel": "Microsoft-Windows-WindowsUpdateClient/Operational", "Provider_Name": "Microsoft-Windows-WindowsUpdateClient", "Computer": "DESKTOP-OFJ6N53", "TimeCreated": "2025-07-18 14:51:05.280745+00:00", "RecordID": "9505", "Level": "4", "UserID": "S-1-5-18", "EventData.updateTitle": "Обновление механизма обнаружения угроз для Microsoft Defender Antivirus — KB2267602 (версия 1.431.717.0) — Актуальный канал (широкий выпуск)", "EventData.updateGuid": "{f90a0d0d-aa75-4141-bfba-6bdab89476e6}", "EventData.updateRevisionNumber": "200"}
{"EventID": "26", "Channel": "Microsoft-Windows-WindowsUpdateClient/Operational", "Provider_Name": "Microsoft-Windows-WindowsUpdateClient", "Computer": "DESKTOP-OFJ6N53", "TimeCreated": "2025-07-19 02:28:46.026154+00:00", "RecordID": "9506", "Level": "4", "UserID": "S-1-5-18", "EventData.updateCount": "1", "EventData.serviceGuid": "{9482f4b4-e343-43b6-b170-9a65bc822c77}"}
{"EventID": "26", "Channel": "Microsoft-Windows-WindowsUpdateClient/Operational", "Provider_Name": "Microsoft-Windows-WindowsUpdateClient", "Computer": "DESKTOP-OFJ6N53", "TimeCreated": "2025-07-19 02:28:46.026165+00:00", "RecordID": "9507", "Level": "4", "UserID": "S-1-5-18", "EventData.updateCount": "1", "EventData.serviceGuid": "{8b24b027-1dee-babb-9a95-3517dfb9c552}"}
{"EventID": "41", "Channel": "Microsoft-Windows-WindowsUpdateClient/Operational", "Provider_Name": "Microsoft-Windows-WindowsUpdateClient", "Computer": "DESKTOP-OFJ6N53", "TimeCreated": "2025-07-19 02:28:49.436161+00:00", "RecordID": "9508", "Level": "4", "UserID": "S-1-5-18", "EventData.updateTitle": "Обновление механизма обнаружения угроз для Microsoft Defender Antivirus — KB2267602 (версия 1.431.732.0) — Актуальный канал (широкий выпуск)", "EventData.updateGuid": "{3063f20e-7352-4691-93da-4026edd27870}", "EventData.updateRevisionNumber": "200"}
{"EventID": "26", "Channel": "Microsoft-Windows-WindowsUpdateClient/Operational", "Provider_Name": "Microsoft-Windows-WindowsUpdateClient", "Computer": "DESKTOP-OFJ6N53", "TimeCreated": "2025-07-19 07:22:55.529219+00:00", "RecordID": "9509", "Level": "4", "UserID": "S-1-5-18", "EventData.updateCount": "2", "EventData.serviceGuid": "{855e8a7c-ecb4-4ca3-b045-1dfa50104289}"}
{"EventID": "26", "Channel": "Microsoft-Windows-WindowsUpdateClient/Operational", "Provider_Name": "Microsoft-Windows-WindowsUpdateClient", "Computer": "DESKTOP-OFJ6N53", "TimeCreated": "2025-07-19 07:23:04.089659+00:00", "RecordID": "9510", "Level": "4", "UserID": "S-1-5-18", "EventData.updateCount": "2", "EventData.serviceGuid": "{855e8a7c-ecb4-4ca3-b045-1dfa50104289}"}
{"EventID": "41", "Channel": "Microsoft-Windows-WindowsUpdateClient/Operational", "Provider_Name": "Microsoft-Windows-WindowsUpdateClient", "Computer": "DESKTOP-OFJ6N53", "TimeCreated": "2025-07-19 07:23:25.415556+00:00", "RecordID": "9511", "Level": "4", "UserID": "S-1-5-18", "EventData.updateTitle": "9WZDNCRD29V9-MICROSOFT.MICROSOFTOFFICEHUB", "EventData.updateGuid": "{1f65ce2e-4009-4201-aa2e-5d2fef7b2bad}", "EventData.updateRevisionNumber": "1"}
{"EventID": "41", "Channel": "Microsoft-Windows-WindowsUpdateClient/Operational", "Provider_Name": "Microsoft-Windows-WindowsUpdateClient", "Computer": "DESKTOP-OFJ6N53", "TimeCreated": "2025-07-19 07:23:25.415560+00:00", "RecordID": "9512", "Level": "4", "UserID": "S-1-5-18", "EventData.updateTitle": "9WZDNCRFJ3P2-MICROSOFT.ZUNEVIDEO", "EventData.updateGuid": "{4f7b702a-18af-4de6-b768-7badc03008b9}", "EventData.updateRevisionNumber": "1"}
{"EventID": "26", "Channel": "Microsoft-Windows-WindowsUpdateClient/Operational", "Provider_Name": "Microsoft-Windows-WindowsUpdateClient", "Computer": "DESKTOP-OFJ6N53", "TimeCreated": "2025-07-19 14:51:12.208529+00:00", "RecordID": "9513", "Level": "4", "UserID": "S-1-5-18", "EventData.updateCount": "1", "EventData.serviceGuid": "{9482f4b4-e343-43b6-b170-9a65bc822c77}"}
{"EventID": "26", "Channel": "Microsoft-Windows-WindowsUpdateClient/Operational", "Provider_Name": "Microsoft-Windows-WindowsUpdateClient", "Computer": "DESKTOP-OFJ6N53", "TimeCreated": "2025-07-19 14:51:12.208536+00:00", "RecordID": "9514", "Level": "4", "UserID": "S-1-5-18", "EventData.updateCount": "0", "EventData.serviceGuid": "{8b24b027-1dee-babb-9a95-3517dfb9c552}"}
{"EventID": "41", "Channel": "Microsoft-Windows-WindowsUpdateClient/Operational", "Provider_Name": "Microsoft-Windows-WindowsUpdateClient", "Computer": "DESKTOP-OFJ6N53", "TimeCreated": "2025-07-19 14:51:12.208546+00:00", "RecordID": "9515", "Level": "4", "UserID": "S-1-5-18", "EventData.updateTitle": "Обновление механизма обнаружения угроз для Microsoft Defender Antivirus — KB2267602 (версия 1.431.746.0) — Актуальный канал (широкий выпуск)", "EventData.updateGuid": "{7d84b26f-6632-4906-ac03-713e0d490c85}", "EventData.updateRevisionNumber": "200"}
{"EventID": "26", "Channel": "Microsoft-Windows-WindowsUpdateClient/Operational", "Provider_Name": "Microsoft-Windows-WindowsUpdateClient", "Computer": "DESKTOP-OFJ6N53", "TimeCreated": "2025-07-20 00:30:20.484591+00:00", "RecordID": "9516", "Level": "4", "UserID": "S-1-5-18", "EventData.updateCount": "1", "EventData.serviceGuid": "{9482f4b4-e343-43b6-b170-9a65bc822c77}"}
{"EventID": "26", "Channel": "Microsoft-Windows-WindowsUpdateClient/Operational", "Provider_Name": "Microsoft-Windows-WindowsUpdateClient", "Computer": "DESKTOP-OFJ6N53", "TimeCreated": "2025-07-20 00:30:26.367365+00:00", "RecordID": "9517", "Level": "4", "UserID": "S-1-5-18", "EventData.updateCount": "1", "EventData.serviceGuid": "{8b24b027-1dee-babb-9a95-3517dfb9c552}"}
{"EventID": "41", "Channel": "Microsoft-Windows-WindowsUpdateClient/Operational", "Provider_Name": "Microsoft-Windows-WindowsUpdateClient", "Computer": "DESKTOP-OFJ6N53", "TimeCreated": "2025-07-20 00:30:26.367373+00:00", "RecordID": "9518", "Level": "4", "UserID": "S-1-5-18", "EventData.updateTitle": "Обновление механизма обнаружения угроз для Microsoft Defender Antivirus — KB2267602 (версия 1.431.752.0) — Актуальный канал (широкий выпуск)", "EventData.updateGuid": "{04f3a2d0-cc7b-4cdf-a407-88dd0d1671d2}", "EventData.updateRevisionNumber": "200"}
{"EventID": "26", "Channel": "Microsoft-Windows-WindowsUpdateClient/Operational", "Provider_Name": "Microsoft-Windows-WindowsUpdateClient", "Computer": "DESKTOP-OFJ6N53", "TimeCreated": "2025-07-20 08:40:19.662167+00:00", "RecordID": "9519", "Level": "4", "UserID": "S-1-5-18", "EventData.updateCount": "0", "EventData.serviceGuid": "{855e8a7c-ecb4-4ca3-b045-1dfa50104289}"}
{"EventID": "26", "Channel": "Microsoft-Windows-WindowsUpdateClient/Operational", "Provider_Name": "Microsoft-Windows-WindowsUpdateClient", "Computer": "DESKTOP-OFJ6N53", "TimeCreated": "2025-07-20 14:51:09.948761+00:00", "RecordID": "9520", "Level": "4", "UserID": "S-1-5-18", "EventData.updateCount": "1", "EventData.serviceGuid": "{9482f4b4-e343-43b6-b170-9a65bc822c77}"}
{"EventID": "26", "Channel": "Microsoft-Windows-WindowsUpdateClient/Operational", "Provider_Name": "Microsoft-Windows-WindowsUpdateClient", "Computer": "DESKTOP-OFJ6N53", "TimeCreated": "2025-07-20 14:51:09.948767+00:00", "RecordID": "9521", "Level": "4", "UserID": "S-1-5-18", "EventData.updateCount": "0", "EventData.serviceGuid": "{8b24b027-1dee-babb-9a95-3517dfb9c552}"}
{"EventID": "41", "Channel": "Microsoft-Windows-WindowsUpdateClient/Operational", "Provider_Name": "Microsoft-Windows-WindowsUpdateClient", "Computer": "DESKTOP-OFJ6N53", "TimeCreated": "2025-07-20 14:51:09.948776+00:00", "RecordID": "9522", "Level": "4", "UserID": "S-1-5-18", "EventData.updateTitle": "Обновление механизма обнаружения угроз для Microsoft Defender Antivirus — KB2267602 (версия 1.431.766.0) — Актуальный канал (широкий выпуск)", "EventData.updateGuid": "{28255760-cbeb-4717-a541-87f3a29d817b}", "EventData.updateRevisionNumber": "200"}
{"EventID": "26", "Channel": "Microsoft-Windows-WindowsUpdateClient/Operational", "Provider_Name": "Microsoft-Windows-WindowsUpdateClient", "Computer": "DESKTOP-OFJ6N53", "TimeCreated": "2025-07-20 17:21:36.552935+00:00", "RecordID": "9523", "Level": "4", "UserID": "S-1-5-18", "EventData.updateCount": "0", "EventData.serviceGuid": "{855e8a7c-ecb4-4ca3-b045-1dfa50104289}"}
{"EventID": "26", "Channel": "Microsoft-Windows-WindowsUpdateClient/Operational", "Provider_Name": "Microsoft-Windows-WindowsUpdateClient", "Computer": "DESKTOP-OFJ6N53", "TimeCreated": "2025-07-20 22:40:06.506573+00:00", "RecordID": "9524", "Level": "4", "UserID": "S-1-5-18", "EventData.updateCount": "1", "EventData.serviceGuid": "{9482f4b4-e343-43b6-b170-9a65bc822c77}"}
{"EventID": "26", "Channel": "Microsoft-Windows-WindowsUpdateClient/Operational", "Provider_Name": "Microsoft-Windows-WindowsUpdateClient", "Computer": "DESKTOP-OFJ6N53", "TimeCreated": "2025-07-20 22:40:10.659101+00:00", "RecordID": "9525", "Level": "4", "UserID": "S-1-5-18", "EventData.updateCount": "1", "EventData.serviceGuid": "{8b24b027-1dee-babb-9a95-3517dfb9c552}"}
{"EventID": "41", "Channel": "Microsoft-Windows-WindowsUpdateClient/Operational", "Provider_Name": "Microsoft-Windows-WindowsUpdateClient", "Computer": "DESKTOP-OFJ6N53", "TimeCreated": "2025-07-20 22:40:10.659107+00:00", "RecordID": "9526", "Level": "4", "UserID": "S-1-5-18", "EventData.updateTitle": "Обновление механизма обнаружения угроз для Microsoft Defender Antivirus — KB2267602 (версия 1.431.771.0) — Актуальный канал (широкий выпуск)", "EventData.updateGuid": "{d294fed1-1ae0-4019-9a0d-c641da31e971}", "EventData.updateRevisionNumber": "200"}
{"EventID": "26", "Channel": "Microsoft-Windows-WindowsUpdateClient/Operational", "Provider_Name": "Microsoft-Windows-WindowsUpdateClient", "Computer": "DESKTOP-OFJ6N53", "TimeCreated": "2025-07-21 14:51:12.891975+00:00", "RecordID": "9527", "Level": "4", "UserID": "S-1-5-18", "EventData.updateCount": "1", "EventData.serviceGuid": "{9482f4b4-e343-43b6-b170-9a65bc822c77}"}
{"EventID": "26", "Channel": "Microsoft-Windows-WindowsUpdateClient/Operational", "Provider_Name": "Microsoft-Windows-WindowsUpdateClient", "Computer": "DESKTOP-OFJ6N53", "TimeCreated": "2025-07-21 14:51:12.891981+00:00", "RecordID": "9528", "Level": "4", "UserID": "S-1-5-18", "EventData.updateCount": "0", "EventData.serviceGuid": "{8b24b027-1dee-babb-9a95-3517dfb9c552}"}
{"EventID": "41", "Channel": "Microsoft-Windows-WindowsUpdateClient/Operational", "Provider_Name": "Microsoft-Windows-WindowsUpdateClient", "Computer": "DESKTOP-OFJ6N53", "TimeCreated": "2025-07-21 14:51:12.891985+00:00", "RecordID": "9529", "Level": "4", "UserID": "S-1-5-18", "EventData.updateTitle": "Обновление механизма обнаружения угроз для Microsoft Defender Antivirus — KB2267602 (версия 1.431.795.0) — Актуальный канал (широкий выпуск)", "EventData.updateGuid": "{9a0d2279-6f38-48a3-9d2b-4f9194b06328}", "EventData.updateRevisionNumber": "200"}
{"EventID": "26", "Channel": "Microsoft-Windows-WindowsUpdateClient/Operational", "Provider_Name": "Microsoft-Windows-WindowsUpdateClient", "Computer": "DESKTOP-OFJ6N53", "TimeCreated": "2025-07-21 18:27:37.471315+00:00", "RecordID": "9530", "Level": "4", "UserID": "S-1-5-18", "EventData.updateCount": "1", "EventData.serviceGuid": "{855e8a7c-ecb4-4ca3-b045-1dfa50104289}"}
{"EventID": "26", "Channel": "Microsoft-Windows-WindowsUpdateClient/Operational", "Provider_Name": "Microsoft-Windows-WindowsUpdateClient", "Computer": "DESKTOP-OFJ6N53", "TimeCreated": "2025-07-21 18:27:45.800598+00:00", "RecordID": "9531", "Level": "4", "UserID": "S-1-5-18", "EventData.updateCount": "1", "EventData.serviceGuid": "{855e8a7c-ecb4-4ca3-b045-1dfa50104289}"}
{"EventID": "41", "Channel": "Microsoft-Windows-WindowsUpdateClient/Operational", "Provider_Name": "Microsoft-Windows-WindowsUpdateClient", "Computer": "DESKTOP-OFJ6N53", "TimeCreated": "2025-07-21 18:28:22.921345+00:00", "RecordID": "9532", "Level": "4", "UserID": "S-1-5-18", "EventData.updateTitle": "9WZDNCRFJBH4-Microsoft.Windows.Photos", "EventData.updateGuid": "{00a0d6d2-5626-4f5f-b73f-1f1c98037d59}", "EventData.updateRevisionNumber": "1"}
{"EventID": "26", "Channel": "Microsoft-Windows-WindowsUpdateClient/Operational", "Provider_Name": "Microsoft-Windows-WindowsUpdateClient", "Computer": "DESKTOP-OFJ6N53", "TimeCreated": "2025-07-21 20:27:00.440287+00:00", "RecordID": "9533", "Level": "4", "UserID": "S-1-5-18", "EventData.updateCount": "1", "EventData.serviceGuid": "{9482f4b4-e343-43b6-b170-9a65bc822c77}"}
{"EventID": "26", "Channel": "Microsoft-Windows-WindowsUpdateClient/Operational", "Provider_Name": "Microsoft-Windows-WindowsUpdateClient", "Computer": "DESKTOP-OFJ6N53", "TimeCreated": "2025-07-21 20:27:08.157049+00:00", "RecordID": "9534", "Level": "4", "UserID": "S-1-5-18", "EventData.updateCount": "1", "EventData.serviceGuid": "{8b24b027-1dee-babb-9a95-3517dfb9c552}"}
{"EventID": "41", "Channel": "Microsoft-Windows-WindowsUpdateClient/Operational", "Provider_Name": "Microsoft-Windows-WindowsUpdateClient", "Computer": "DESKTOP-OFJ6N53", "TimeCreated": "2025-07-21 20:27:08.157053+00:00", "RecordID": "9535", "Level": "4", "UserID": "S-1-5-18", "EventData.updateTitle": "Обновление механизма обнаружения угроз для Microsoft Defender Antivirus — KB2267602 (версия 1.431.805.0) — Актуальный канал (широкий выпуск)", "EventData.updateGuid": "{70440690-94ac-47fd-a8b3-2d73139d5787}", "EventData.updateRevisionNumber": "200"}
{"EventID": "26", "Channel": "Microsoft-Windows-WindowsUpdateClient/Operational", "Provider_Name": "Microsoft-Windows-WindowsUpdateClient", "Computer": "DESKTOP-OFJ6N53", "TimeCreated": "2025-07-22 14:51:22.894054+00:00", "RecordID": "9536", "Level": "4", "UserID": "S-1-5-18", "EventData.updateCount": "1", "EventData.serviceGuid": "{9482f4b4-e343-43b6-b170-9a65bc822c77}"}
{"EventID": "26", "Channel": "Microsoft-Windows-WindowsUpdateClient/Operational", "Provider_Name": "Microsoft-Windows-WindowsUpdateClient", "Computer": "DESKTOP-OFJ6N53", "TimeCreated": "2025-07-22 14:51:22.894058+00:00", "RecordID": "9537", "Level": "4", "UserID": "S-1-5-18", "EventData.updateCount": "0", "EventData.serviceGuid": "{8b24b027-1dee-babb-9a95-3517dfb9c552}"}
{"EventID": "41", "Channel": "Microsoft-Windows-WindowsUpdateClient/Operational", "Provider_Name": "Microsoft-Windows-WindowsUpdateClient", "Computer": "DESKTOP-OFJ6N53", "TimeCreated": "2025-07-22 14:51:22.894062+00:00", "RecordID": "9538", "Level": "4", "UserID": "S-1-5-18", "EventData.updateTitle": "Обновление механизма обнаружения угроз для Microsoft Defender Antivirus — KB2267602 (версия 1.431.825.0) — Актуальный канал (широкий выпуск)", "EventData.updateGuid": "{5b3e9c4f-4632-4614-9897-a66a04c6233d}", "EventData.updateRevisionNumber": "200"}
{"EventID": "26", "Channel": "Microsoft-Windows-WindowsUpdateClient/Operational", "Provider_Name": "Microsoft-Windows-WindowsUpdateClient", "Computer": "DESKTOP-OFJ6N53", "TimeCreated": "2025-07-22 17:37:02.833698+00:00", "RecordID": "9539", "Level": "4", "UserID": "S-1-5-18", "EventData.updateCount": "1", "EventData.serviceGuid": "{9482f4b4-e343-43b6-b170-9a65bc822c77}"}
{"EventID": "26", "Channel": "Microsoft-Windows-WindowsUpdateClient/Operational", "Provider_Name": "Microsoft-Windows-WindowsUpdateClient", "Computer": "DESKTOP-OFJ6N53", "TimeCreated": "2025-07-22 17:37:15.173265+00:00", "RecordID": "9540", "Level": "4", "UserID": "S-1-5-18", "EventData.updateCount": "2", "EventData.serviceGuid": "{8b24b027-1dee-babb-9a95-3517dfb9c552}"}
{"EventID": "41", "Channel": "Microsoft-Windows-WindowsUpdateClient/Operational", "Provider_Name": "Microsoft-Windows-WindowsUpdateClient", "Computer": "DESKTOP-OFJ6N53", "TimeCreated": "2025-07-22 17:37:16.425007+00:00", "RecordID": "9541", "Level": "4", "UserID": "S-1-5-18", "EventData.updateTitle": "Обновление механизма обнаружения угроз для Microsoft Defender Antivirus — KB2267602 (версия 1.431.828.0) — Актуальный канал (широкий выпуск)", "EventData.updateGuid": "{86c438e4-e43b-4fc5-ba5b-2f2c041a0947}", "EventData.updateRevisionNumber": "200"}
{"EventID": "26", "Channel": "Microsoft-Windows-WindowsUpdateClient/Operational", "Provider_Name": "Microsoft-Windows-WindowsUpdateClient", "Computer": "DESKTOP-OFJ6N53", "TimeCreated": "2025-07-23 08:40:46.487110+00:00", "RecordID": "9542", "Level": "4", "UserID": "S-1-5-18", "EventData.updateCount": "2", "EventData.serviceGuid": "{855e8a7c-ecb4-4ca3-b045-1dfa50104289}"}
{"EventID": "41", "Channel": "Microsoft-Windows-WindowsUpdateClient/Operational", "Provider_Name": "Microsoft-Windows-WindowsUpdateClient", "Computer": "DESKTOP-OFJ6N53", "TimeCreated": "2025-07-23 08:41:06.652723+00:00", "RecordID": "9543", "Level": "4", "UserID": "S-1-5-18", "EventData.updateTitle": "9NZKPSTSNW4P-Microsoft.XboxGamingOverlay", "EventData.updateGuid": "{15a1f2af-a452-4af4-ab96-56237152a4d5}", "EventData.updateRevisionNumber": "1"}
{"EventID": "41", "Channel": "Microsoft-Windows-WindowsUpdateClient/Operational", "Provider_Name": "Microsoft-Windows-WindowsUpdateClient", "Computer": "DESKTOP-OFJ6N53", "TimeCreated": "2025-07-23 08:41:18.013296+00:00", "RecordID": "9544", "Level": "4", "UserID": "S-1-5-18", "EventData.updateTitle": "9NMPJ99VJBWV-Microsoft.YourPhone", "EventData.updateGuid": "{3f02cb49-c71d-4cbd-868a-3743cbf6bea1}", "EventData.updateRevisionNumber": "1"}
{"EventID": "26", "Channel": "Microsoft-Windows-WindowsUpdateClient/Operational", "Provider_Name": "Microsoft-Windows-WindowsUpdateClient", "Computer": "DESKTOP-OFJ6N53", "TimeCreated": "2025-07-23 11:26:17.065716+00:00", "RecordID": "9545", "Level": "4", "UserID": "S-1-5-18", "EventData.updateCount": "0", "EventData.serviceGuid": "{855e8a7c-ecb4-4ca3-b045-1dfa50104289}"}
{"EventID": "26", "Channel": "Microsoft-Windows-WindowsUpdateClient/Operational", "Provider_Name": "Microsoft-Windows-WindowsUpdateClient", "Computer": "DESKTOP-OFJ6N53", "TimeCreated": "2025-07-23 14:51:12.956944+00:00", "RecordID": "9546", "Level": "4", "UserID": "S-1-5-18", "EventData.updateCount": "1", "EventData.serviceGuid": "{9482f4b4-e343-43b6-b170-9a65bc822c77}"}
{"EventID": "26", "Channel": "Microsoft-Windows-WindowsUpdateClient/Operational", "Provider_Name": "Microsoft-Windows-WindowsUpdateClient", "Computer": "DESKTOP-OFJ6N53", "TimeCreated": "2025-07-23 14:51:12.956947+00:00", "RecordID": "9547", "Level": "4", "UserID": "S-1-5-18", "EventData.updateCount": "0", "EventData.serviceGuid": "{8b24b027-1dee-babb-9a95-3517dfb9c552}"}
{"EventID": "41", "Channel": "Microsoft-Windows-WindowsUpdateClient/Operational", "Provider_Name": "Microsoft-Windows-WindowsUpdateClient", "Computer": "DESKTOP-OFJ6N53", "TimeCreated": "2025-07-23 14:51:12.956953+00:00", "RecordID": "9548", "Level": "4", "UserID": "S-1-5-18", "EventData.updateTitle": "Обновление механизма обнаружения угроз для Microsoft Defender Antivirus — KB2267602 (версия 1.433.10.0) — Актуальный канал (широкий выпуск)", "EventData.updateGuid": "{967f8ecf-c412-477b-b524-0749c35e2d41}", "EventData.updateRevisionNumber": "200"}
{"EventID": "26", "Channel": "Microsoft-Windows-WindowsUpdateClient/Operational", "Provider_Name": "Microsoft-Windows-WindowsUpdateClient", "Computer": "DESKTOP-OFJ6N53", "TimeCreated": "2025-07-23 15:40:04.784882+00:00", "RecordID": "9549", "Level": "4", "UserID": "S-1-5-18", "EventData.updateCount": "1", "EventData.serviceGuid": "{9482f4b4-e343-43b6-b170-9a65bc822c77}"}
{"EventID": "26", "Channel": "Microsoft-Windows-WindowsUpdateClient/Operational", "Provider_Name": "Microsoft-Windows-WindowsUpdateClient", "Computer": "DESKTOP-OFJ6N53", "TimeCreated": "2025-07-23 15:40:09.347143+00:00", "RecordID": "9550", "Level": "4", "UserID": "S-1-5-18", "EventData.updateCount": "2", "EventData.serviceGuid": "{8b24b027-1dee-babb-9a95-3517dfb9c552}"}
{"EventID": "41", "Channel": "Microsoft-Windows-WindowsUpdateClient/Operational", "Provider_Name": "Microsoft-Windows-WindowsUpdateClient", "Computer": "DESKTOP-OFJ6N53", "TimeCreated": "2025-07-23 15:40:10.010059+00:00", "RecordID": "9551", "Level": "4", "UserID": "S-1-5-18", "EventData.updateTitle": "Обновление для антивредоносной платформы Microsoft Defender Antivirus — KB4052623 (версия 4.18.25060.7) — Актуальный канал (широкий выпуск)", "EventData.updateGuid": "{f12bfc32-2c67-4ac7-b31e-72ab39cb2e50}", "EventData.updateRevisionNumber": "200"}
{"EventID": "26", "Channel": "Microsoft-Windows-WindowsUpdateClient/Operational", "Provider_Name": "Microsoft-Windows-WindowsUpdateClient", "Computer": "DESKTOP-OFJ6N53", "TimeCreated": "2025-07-23 15:50:51.720522+00:00", "RecordID": "9552", "Level": "4", "UserID": "S-1-5-18", "EventData.updateCount": "0", "EventData.serviceGuid": "{9482f4b4-e343-43b6-b170-9a65bc822c77}"}
{"EventID": "26", "Channel": "Microsoft-Windows-WindowsUpdateClient/Operational", "Provider_Name": "Microsoft-Windows-WindowsUpdateClient", "Computer": "DESKTOP-OFJ6N53", "TimeCreated": "2025-07-23 15:50:51.720528+00:00", "RecordID": "9553", "Level": "4", "UserID": "S-1-5-18", "EventData.updateCount": "0", "EventData.serviceGuid": "{8b24b027-1dee-babb-9a95-3517dfb9c552}"}
{"EventID": "26", "Channel": "Microsoft-Windows-WindowsUpdateClient/Operational", "Provider_Name": "Microsoft-Windows-WindowsUpdateClient", "Computer": "DESKTOP-OFJ6N53", "TimeCreated": "2025-07-24 08:41:21.267971+00:00", "RecordID": "9554", "Level": "4", "UserID": "S-1-5-18", "EventData.updateCount": "1", "EventData.serviceGuid": "{9482f4b4-e343-43b6-b170-9a65bc822c77}"}
{"EventID": "26", "Channel": "Microsoft-Windows-WindowsUpdateClient/Operational", "Provider_Name": "Microsoft-Windows-WindowsUpdateClient", "Computer": "DESKTOP-OFJ6N53", "TimeCreated": "2025-07-24 08:41:21.267973+00:00", "RecordID": "9555", "Level": "4", "UserID": "S-1-5-18", "EventData.updateCount": "2", "EventData.serviceGuid": "{8b24b027-1dee-babb-9a95-3517dfb9c552}"}
{"EventID": "41", "Channel": "Microsoft-Windows-WindowsUpdateClient/Operational", "Provider_Name": "Microsoft-Windows-WindowsUpdateClient", "Computer": "DESKTOP-OFJ6N53", "TimeCreated": "2025-07-24 08:41:27.569397+00:00", "RecordID": "9556", "Level": "4", "UserID": "S-1-5-18", "EventData.updateTitle": "Обновление механизма обнаружения угроз для Microsoft Defender Antivirus — KB2267602 (версия 1.433.31.0) — Актуальный канал (широкий выпуск)", "EventData.updateGuid": "{226ef781-f918-432d-ab21-932dd1ebdc43}", "EventData.updateRevisionNumber": "200"}
{"EventID": "26", "Channel": "Microsoft-Windows-WindowsUpdateClient/Operational", "Provider_Name": "Microsoft-Windows-WindowsUpdateClient", "Computer": "DESKTOP-OFJ6N53", "TimeCreated": "2025-07-24 15:50:57.651949+00:00", "RecordID": "9557", "Level": "4", "UserID": "S-1-5-18", "EventData.updateCount": "1", "EventData.serviceGuid": "{9482f4b4-e343-43b6-b170-9a65bc822c77}"}
{"EventID": "26", "Channel": "Microsoft-Windows-WindowsUpdateClient/Operational", "Provider_Name": "Microsoft-Windows-WindowsUpdateClient", "Computer": "DESKTOP-OFJ6N53", "TimeCreated": "2025-07-24 15:50:57.651955+00:00", "RecordID": "9558", "Level": "4", "UserID": "S-1-5-18", "EventData.updateCount": "0", "EventData.serviceGuid": "{8b24b027-1dee-babb-9a95-3517dfb9c552}"}
{"EventID": "41", "Channel": "Microsoft-Windows-WindowsUpdateClient/Operational", "Provider_Name": "Microsoft-Windows-WindowsUpdateClient", "Computer": "DESKTOP-OFJ6N53", "TimeCreated": "2025-07-24 15:50:57.651958+00:00", "RecordID": "9559", "Level": "4", "UserID": "S-1-5-18", "EventData.updateTitle": "Обновление механизма обнаружения угроз для Microsoft Defender Antivirus — KB2267602 (версия 1.433.35.0) — Актуальный канал (широкий выпуск)", "EventData.updateGuid": "{8d13492f-636f-4bad-84e8-939121012210}", "EventData.updateRevisionNumber": "200"}
{"EventID": "26", "Channel": "Microsoft-Windows-WindowsUpdateClient/Operational", "Provider_Name": "Microsoft-Windows-WindowsUpdateClient", "Computer": "DESKTOP-OFJ6N53", "TimeCreated": "2025-07-24 21:33:29.803158+00:00", "RecordID": "9560", "Level": "4", "UserID": "S-1-5-18", "EventData.updateCount": "1", "EventData.serviceGuid": "{9482f4b4-e343-43b6-b170-9a65bc822c77}"}
{"EventID": "26", "Channel": "Microsoft-Windows-WindowsUpdateClient/Operational", "Provider_Name": "Microsoft-Windows-WindowsUpdateClient", "Computer": "DESKTOP-OFJ6N53", "TimeCreated": "2025-07-24 21:33:36.035913+00:00", "RecordID": "9561", "Level": "4", "UserID": "S-1-5-18", "EventData.updateCount": "2", "EventData.serviceGuid": "{8b24b027-1dee-babb-9a95-3517dfb9c552}"}
{"EventID": "41", "Channel": "Microsoft-Windows-WindowsUpdateClient/Operational", "Provider_Name": "Microsoft-Windows-WindowsUpdateClient", "Computer": "DESKTOP-OFJ6N53", "TimeCreated": "2025-07-24 21:33:37.220066+00:00", "RecordID": "9562", "Level": "4", "UserID": "S-1-5-18", "EventData.updateTitle": "Обновление механизма обнаружения угроз для Microsoft Defender Antivirus — KB2267602 (версия 1.433.38.0) — Актуальный канал (широкий выпуск)", "EventData.updateGuid": "{355f9d56-9bad-4cbe-b66d-97ac59e93d65}", "EventData.updateRevisionNumber": "200"}
{"EventID": "26", "Channel": "Microsoft-Windows-WindowsUpdateClient/Operational", "Provider_Name": "Microsoft-Windows-WindowsUpdateClient", "Computer": "DESKTOP-OFJ6N53", "TimeCreated": "2025-07-24 21:40:36.268932+00:00", "RecordID": "9563", "Level": "4", "UserID": "S-1-5-18", "EventData.updateCount": "0", "EventData.serviceGuid": "{9482f4b4-e343-43b6-b170-9a65bc822c77}"}
{"EventID": "26", "Channel": "Microsoft-Windows-WindowsUpdateClient/Operational", "Provider_Name": "Microsoft-Windows-WindowsUpdateClient", "Computer": "DESKTOP-OFJ6N53", "TimeCreated": "2025-07-24 21:40:36.268936+00:00", "RecordID": "9564", "Level": "4", "UserID": "S-1-5-18", "EventData.updateCount": "0", "EventData.serviceGuid": "{8b24b027-1dee-babb-9a95-3517dfb9c552}"}
{"EventID": "26", "Channel": "Microsoft-Windows-WindowsUpdateClient/Operational", "Provider_Name": "Microsoft-Windows-WindowsUpdateClient", "Computer": "DESKTOP-OFJ6N53", "TimeCreated": "2025-07-24 21:45:09.385118+00:00", "RecordID": "9565", "Level": "4", "UserID": "S-1-5-18", "EventData.updateCount": "7", "EventData.serviceGuid": "{855e8a7c-ecb4-4ca3-b045-1dfa50104289}"}
{"EventID": "26", "Channel": "Microsoft-Windows-WindowsUpdateClient/Operational", "Provider_Name": "Microsoft-Windows-WindowsUpdateClient", "Computer": "DESKTOP-OFJ6N53", "TimeCreated": "2025-07-24 21:45:22.177231+00:00", "RecordID": "9566", "Level": "4", "UserID": "S-1-5-18", "EventData.updateCount": "7", "EventData.serviceGuid": "{855e8a7c-ecb4-4ca3-b045-1dfa50104289}"}
{"EventID": "41", "Channel": "Microsoft-Windows-WindowsUpdateClient/Operational", "Provider_Name": "Microsoft-Windows-WindowsUpdateClient", "Computer": "DESKTOP-OFJ6N53", "TimeCreated": "2025-07-24 21:45:49.183197+00:00", "RecordID": "9567", "Level": "4", "UserID": "S-1-5-18", "EventData.updateTitle": "9WZDNCRDTBJJ-MICROSOFT.GETSTARTED", "EventData.updateGuid": "{b0c2b2c9-d029-40ff-93ea-0fd2242d5aac}", "EventData.updateRevisionNumber": "1"}
{"EventID": "41", "Channel": "Microsoft-Windows-WindowsUpdateClient/Operational", "Provider_Name": "Microsoft-Windows-WindowsUpdateClient", "Computer": "DESKTOP-OFJ6N53", "TimeCreated": "2025-07-24 21:46:20.204763+00:00", "RecordID": "9568", "Level": "4", "UserID": "S-1-5-18", "EventData.updateTitle": "9WZDNCRFJBD8-Microsoft.XboxApp", "EventData.updateGuid": "{14c9433b-c7fc-4357-b884-5c924a0695ce}", "EventData.updateRevisionNumber": "1"}
{"EventID": "41", "Channel": "Microsoft-Windows-WindowsUpdateClient/Operational", "Provider_Name": "Microsoft-Windows-WindowsUpdateClient", "Computer": "DESKTOP-OFJ6N53", "TimeCreated": "2025-07-24 21:46:23.917219+00:00", "RecordID": "9569", "Level": "4", "UserID": "S-1-5-18", "EventData.updateTitle": "9NBLGGH0CB6D-A025C540.Yandex.Music", "EventData.updateGuid": "{76bb1378-88d1-47e9-8241-620279f9d106}", "EventData.updateRevisionNumber": "1"}
{"EventID": "41", "Channel": "Microsoft-Windows-WindowsUpdateClient/Operational", "Provider_Name": "Microsoft-Windows-WindowsUpdateClient", "Computer": "DESKTOP-OFJ6N53", "TimeCreated": "2025-07-24 21:46:23.917221+00:00", "RecordID": "9570", "Level": "4", "UserID": "S-1-5-18", "EventData.updateTitle": "9WZDNCRD1HKW-Microsoft.XboxIdentityProvider", "EventData.updateGuid": "{d93ed933-7f77-4c4b-a247-044e4ab86ac4}", "EventData.updateRevisionNumber": "1"}
{"EventID": "41", "Channel": "Microsoft-Windows-WindowsUpdateClient/Operational", "Provider_Name": "Microsoft-Windows-WindowsUpdateClient", "Computer": "DESKTOP-OFJ6N53", "TimeCreated": "2025-07-24 21:46:37.510927+00:00", "RecordID": "9571", "Level": "4", "UserID": "S-1-5-18", "EventData.updateTitle": "9WZDNCRFHWKN-MICROSOFT.WINDOWSSOUNDRECORDER", "EventData.updateGuid": "{44acc0ba-b25d-41c8-ae59-6748e6754669}", "EventData.updateRevisionNumber": "1"}
{"EventID": "41", "Channel": "Microsoft-Windows-WindowsUpdateClient/Operational", "Provider_Name": "Microsoft-Windows-WindowsUpdateClient", "Computer": "DESKTOP-OFJ6N53", "TimeCreated": "2025-07-24 21:46:44.957306+00:00", "RecordID": "9572", "Level": "4", "UserID": "S-1-5-18", "EventData.updateTitle": "9WZDNCRFHWD2-Microsoft.MicrosoftSolitaireCollection", "EventData.updateGuid": "{2c40a58e-1667-4728-abf1-f83133697133}", "EventData.updateRevisionNumber": "1"}
{"EventID": "41", "Channel": "Microsoft-Windows-WindowsUpdateClient/Operational", "Provider_Name": "Microsoft-Windows-WindowsUpdateClient", "Computer": "DESKTOP-OFJ6N53", "TimeCreated": "2025-07-24 21:47:10.235649+00:00", "RecordID": "9573", "Level": "4", "UserID": "S-1-5-18", "EventData.updateTitle": "9WZDNCRD29V9-MICROSOFT.MICROSOFTOFFICEHUB", "EventData.updateGuid": "{be32f953-6a09-491a-b24c-901485c7c16f}", "EventData.updateRevisionNumber": "1"}
{"EventID": "26", "Channel": "Microsoft-Windows-WindowsUpdateClient/Operational", "Provider_Name": "Microsoft-Windows-WindowsUpdateClient", "Computer": "DESKTOP-OFJ6N53", "TimeCreated": "2025-07-25 01:07:51.382236+00:00", "RecordID": "9574", "Level": "4", "UserID": "S-1-5-18", "EventData.updateCount": "0", "EventData.serviceGuid": "{9482f4b4-e343-43b6-b170-9a65bc822c77}"}
{"EventID": "26", "Channel": "Microsoft-Windows-WindowsUpdateClient/Operational", "Provider_Name": "Microsoft-Windows-WindowsUpdateClient", "Computer": "DESKTOP-OFJ6N53", "TimeCreated": "2025-07-25 01:07:56.734695+00:00", "RecordID": "9575", "Level": "4", "UserID": "S-1-5-18", "EventData.updateCount": "2", "EventData.serviceGuid": "{8b24b027-1dee-babb-9a95-3517dfb9c552}"}
{"EventID": "26", "Channel": "Microsoft-Windows-WindowsUpdateClient/Operational", "Provider_Name": "Microsoft-Windows-WindowsUpdateClient", "Computer": "DESKTOP-OFJ6N53", "TimeCreated": "2025-07-25 15:20:00.624178+00:00", "RecordID": "9576", "Level": "4", "UserID": "S-1-5-18", "EventData.updateCount": "1", "EventData.serviceGuid": "{9482f4b4-e343-43b6-b170-9a65bc822c77}"}
{"EventID": "26", "Channel": "Microsoft-Windows-WindowsUpdateClient/Operational", "Provider_Name": "Microsoft-Windows-WindowsUpdateClient", "Computer": "DESKTOP-OFJ6N53", "TimeCreated": "2025-07-25 15:20:06.955681+00:00", "RecordID": "9577", "Level": "4", "UserID": "S-1-5-18", "EventData.updateCount": "2", "EventData.serviceGuid": "{8b24b027-1dee-babb-9a95-3517dfb9c552}"}
{"EventID": "41", "Channel": "Microsoft-Windows-WindowsUpdateClient/Operational", "Provider_Name": "Microsoft-Windows-WindowsUpdateClient", "Computer": "DESKTOP-OFJ6N53", "TimeCreated": "2025-07-25 15:20:06.955687+00:00", "RecordID": "9578", "Level": "4", "UserID": "S-1-5-18", "EventData.updateTitle": "Обновление механизма обнаружения угроз для Microsoft Defender Antivirus — KB2267602 (версия 1.433.61.0) — Актуальный канал (широкий выпуск)", "EventData.updateGuid": "{b65fe480-aff1-48e0-a526-18378e256450}", "EventData.updateRevisionNumber": "200"}
{"EventID": "26", "Channel": "Microsoft-Windows-WindowsUpdateClient/Operational", "Provider_Name": "Microsoft-Windows-WindowsUpdateClient", "Computer": "DESKTOP-OFJ6N53", "TimeCreated": "2025-07-25 21:40:40.808050+00:00", "RecordID": "9579", "Level": "4", "UserID": "S-1-5-18", "EventData.updateCount": "1", "EventData.serviceGuid": "{9482f4b4-e343-43b6-b170-9a65bc822c77}"}
{"EventID": "26", "Channel": "Microsoft-Windows-WindowsUpdateClient/Operational", "Provider_Name": "Microsoft-Windows-WindowsUpdateClient", "Computer": "DESKTOP-OFJ6N53", "TimeCreated": "2025-07-25 21:40:40.808054+00:00", "RecordID": "9580", "Level": "4", "UserID": "S-1-5-18", "EventData.updateCount": "0", "EventData.serviceGuid": "{8b24b027-1dee-babb-9a95-3517dfb9c552}"}
{"EventID": "41", "Channel": "Microsoft-Windows-WindowsUpdateClient/Operational", "Provider_Name": "Microsoft-Windows-WindowsUpdateClient", "Computer": "DESKTOP-OFJ6N53", "TimeCreated": "2025-07-25 21:40:40.808058+00:00", "RecordID": "9581", "Level": "4", "UserID": "S-1-5-18", "EventData.updateTitle": "Обновление механизма обнаружения угроз для Microsoft Defender Antivirus — KB2267602 (версия 1.433.71.0) — Актуальный канал (широкий выпуск)", "EventData.updateGuid": "{1cd52ad5-62d9-4ebf-a817-3a2f6ee1125f}", "EventData.updateRevisionNumber": "200"}
{"EventID": "26", "Channel": "Microsoft-Windows-WindowsUpdateClient/Operational", "Provider_Name": "Microsoft-Windows-WindowsUpdateClient", "Computer": "DESKTOP-OFJ6N53", "TimeCreated": "2025-07-25 22:59:26.874659+00:00", "RecordID": "9582", "Level": "4", "UserID": "S-1-5-18", "EventData.updateCount": "0", "EventData.serviceGuid": "{855e8a7c-ecb4-4ca3-b045-1dfa50104289}"}
{"EventID": "26", "Channel": "Microsoft-Windows-WindowsUpdateClient/Operational", "Provider_Name": "Microsoft-Windows-WindowsUpdateClient", "Computer": "DESKTOP-OFJ6N53", "TimeCreated": "2025-07-26 10:15:48.488924+00:00", "RecordID": "9583", "Level": "4", "UserID": "S-1-5-18", "EventData.updateCount": "1", "EventData.serviceGuid": "{9482f4b4-e343-43b6-b170-9a65bc822c77}"}
{"EventID": "26", "Channel": "Microsoft-Windows-WindowsUpdateClient/Operational", "Provider_Name": "Microsoft-Windows-WindowsUpdateClient", "Computer": "DESKTOP-OFJ6N53", "TimeCreated": "2025-07-26 10:16:02.768257+00:00", "RecordID": "9584", "Level": "4", "UserID": "S-1-5-18", "EventData.updateCount": "2", "EventData.serviceGuid": "{8b24b027-1dee-babb-9a95-3517dfb9c552}"}
{"EventID": "41", "Channel": "Microsoft-Windows-WindowsUpdateClient/Operational", "Provider_Name": "Microsoft-Windows-WindowsUpdateClient", "Computer": "DESKTOP-OFJ6N53", "TimeCreated": "2025-07-26 10:16:03.805038+00:00", "RecordID": "9585", "Level": "4", "UserID": "S-1-5-18", "EventData.updateTitle": "Обновление механизма обнаружения угроз для Microsoft Defender Antivirus — KB2267602 (версия 1.433.83.0) — Актуальный канал (широкий выпуск)", "EventData.updateGuid": "{f0da1490-708f-4826-a14d-0d37a587868e}", "EventData.updateRevisionNumber": "200"}
{"EventID": "26", "Channel": "Microsoft-Windows-WindowsUpdateClient/Operational", "Provider_Name": "Microsoft-Windows-WindowsUpdateClient", "Computer": "DESKTOP-OFJ6N53", "TimeCreated": "2025-07-26 21:40:47.159563+00:00", "RecordID": "9586", "Level": "4", "UserID": "S-1-5-18", "EventData.updateCount": "1", "EventData.serviceGuid": "{9482f4b4-e343-43b6-b170-9a65bc822c77}"}
{"EventID": "26", "Channel": "Microsoft-Windows-WindowsUpdateClient/Operational", "Provider_Name": "Microsoft-Windows-WindowsUpdateClient", "Computer": "DESKTOP-OFJ6N53", "TimeCreated": "2025-07-26 21:40:47.159569+00:00", "RecordID": "9587", "Level": "4", "UserID": "S-1-5-18", "EventData.updateCount": "0", "EventData.serviceGuid": "{8b24b027-1dee-babb-9a95-3517dfb9c552}"}
{"EventID": "41", "Channel": "Microsoft-Windows-WindowsUpdateClient/Operational", "Provider_Name": "Microsoft-Windows-WindowsUpdateClient", "Computer": "DESKTOP-OFJ6N53", "TimeCreated": "2025-07-26 21:40:47.159575+00:00", "RecordID": "9588", "Level": "4", "UserID": "S-1-5-18", "EventData.updateTitle": "Обновление механизма обнаружения угроз для Microsoft Defender Antivirus — KB2267602 (версия 1.433.92.0) — Актуальный канал (широкий выпуск)", "EventData.updateGuid": "{9fee31b3-43c2-490a-a075-a0083ccf2742}", "EventData.updateRevisionNumber": "200"}
{"EventID": "26", "Channel": "Microsoft-Windows-WindowsUpdateClient/Operational", "Provider_Name": "Microsoft-Windows-WindowsUpdateClient", "Computer": "DESKTOP-OFJ6N53", "TimeCreated": "2025-07-27 08:54:25.333269+00:00", "RecordID": "9589", "Level": "4", "UserID": "S-1-5-18", "EventData.updateCount": "1", "EventData.serviceGuid": "{9482f4b4-e343-43b6-b170-9a65bc822c77}"}
{"EventID": "26", "Channel": "Microsoft-Windows-WindowsUpdateClient/Operational", "Provider_Name": "Microsoft-Windows-WindowsUpdateClient", "Computer": "DESKTOP-OFJ6N53", "TimeCreated": "2025-07-27 08:54:31.579981+00:00", "RecordID": "9590", "Level": "4", "UserID": "S-1-5-18", "EventData.updateCount": "2", "EventData.serviceGuid": "{8b24b027-1dee-babb-9a95-3517dfb9c552}"}
{"EventID": "41", "Channel": "Microsoft-Windows-WindowsUpdateClient/Operational", "Provider_Name": "Microsoft-Windows-WindowsUpdateClient", "Computer": "DESKTOP-OFJ6N53", "TimeCreated": "2025-07-27 08:54:32.602869+00:00", "RecordID": "9591", "Level": "4", "UserID": "S-1-5-18", "EventData.updateTitle": "Обновление механизма обнаружения угроз для Microsoft Defender Antivirus — KB2267602 (версия 1.433.98.0) — Актуальный канал (широкий выпуск)", "EventData.updateGuid": "{4c7e938c-11e4-41be-8df5-a6f0025f3046}", "EventData.updateRevisionNumber": "200"}
{"EventID": "26", "Channel": "Microsoft-Windows-WindowsUpdateClient/Operational", "Provider_Name": "Microsoft-Windows-WindowsUpdateClient", "Computer": "DESKTOP-OFJ6N53", "TimeCreated": "2025-07-27 09:30:18.836115+00:00", "RecordID": "9592", "Level": "4", "UserID": "S-1-5-18", "EventData.updateCount": "1", "EventData.serviceGuid": "{855e8a7c-ecb4-4ca3-b045-1dfa50104289}"}
{"EventID": "41", "Channel": "Microsoft-Windows-WindowsUpdateClient/Operational", "Provider_Name": "Microsoft-Windows-WindowsUpdateClient", "Computer": "DESKTOP-OFJ6N53", "TimeCreated": "2025-07-27 09:30:38.155596+00:00", "RecordID": "9593", "Level": "4", "UserID": "S-1-5-18", "EventData.updateTitle": "9NMPJ99VJBWV-Microsoft.YourPhone", "EventData.updateGuid": "{51ef0e01-b1be-41c3-a302-92340e258087}", "EventData.updateRevisionNumber": "1"}
{"EventID": "26", "Channel": "Microsoft-Windows-WindowsUpdateClient/Operational", "Provider_Name": "Microsoft-Windows-WindowsUpdateClient", "Computer": "DESKTOP-OFJ6N53", "TimeCreated": "2025-07-27 10:50:43.534637+00:00", "RecordID": "9594", "Level": "4", "UserID": "S-1-5-18", "EventData.updateCount": "1", "EventData.serviceGuid": "{855e8a7c-ecb4-4ca3-b045-1dfa50104289}"}
{"EventID": "26", "Channel": "Microsoft-Windows-WindowsUpdateClient/Operational", "Provider_Name": "Microsoft-Windows-WindowsUpdateClient", "Computer": "DESKTOP-OFJ6N53", "TimeCreated": "2025-07-27 10:50:50.703943+00:00", "RecordID": "9595", "Level": "4", "UserID": "S-1-5-18", "EventData.updateCount": "1", "EventData.serviceGuid": "{855e8a7c-ecb4-4ca3-b045-1dfa50104289}"}
{"EventID": "41", "Channel": "Microsoft-Windows-WindowsUpdateClient/Operational", "Provider_Name": "Microsoft-Windows-WindowsUpdateClient", "Computer": "DESKTOP-OFJ6N53", "TimeCreated": "2025-07-27 10:50:55.243074+00:00", "RecordID": "9596", "Level": "4", "UserID": "S-1-5-18", "EventData.updateTitle": "9NMPJ99VJBWV-Microsoft.YourPhone", "EventData.updateGuid": "{51ef0e01-b1be-41c3-a302-92340e258087}", "EventData.updateRevisionNumber": "1"}
{"EventID": "26", "Channel": "Microsoft-Windows-WindowsUpdateClient/Operational", "Provider_Name": "Microsoft-Windows-WindowsUpdateClient", "Computer": "DESKTOP-OFJ6N53", "TimeCreated": "2025-07-27 21:40:52.112799+00:00", "RecordID": "9597", "Level": "4", "UserID": "S-1-5-18", "EventData.updateCount": "1", "EventData.serviceGuid": "{9482f4b4-e343-43b6-b170-9a65bc822c77}"}
{"EventID": "26", "Channel": "Microsoft-Windows-WindowsUpdateClient/Operational", "Provider_Name": "Microsoft-Windows-WindowsUpdateClient", "Computer": "DESKTOP-OFJ6N53", "TimeCreated": "2025-07-27 21:40:52.112803+00:00", "RecordID": "9598", "Level": "4", "UserID": "S-1-5-18", "EventData.updateCount": "0", "EventData.serviceGuid": "{8b24b027-1dee-babb-9a95-3517dfb9c552}"}
{"EventID": "41", "Channel": "Microsoft-Windows-WindowsUpdateClient/Operational", "Provider_Name": "Microsoft-Windows-WindowsUpdateClient", "Computer": "DESKTOP-OFJ6N53", "TimeCreated": "2025-07-27 21:40:52.112808+00:00", "RecordID": "9599", "Level": "4", "UserID": "S-1-5-18", "EventData.updateTitle": "Обновление механизма обнаружения угроз для Microsoft Defender Antivirus — KB2267602 (версия 1.433.106.0) — Актуальный канал (широкий выпуск)", "EventData.updateGuid": "{e0882c15-793e-4e51-81f6-0bb6e08d7777}", "EventData.updateRevisionNumber": "200"}
{"EventID": "26", "Channel": "Microsoft-Windows-WindowsUpdateClient/Operational", "Provider_Name": "Microsoft-Windows-WindowsUpdateClient", "Computer": "DESKTOP-OFJ6N53", "TimeCreated": "2025-07-28 07:24:23.815317+00:00", "RecordID": "9600", "Level": "4", "UserID": "S-1-5-18", "EventData.updateCount": "1", "EventData.serviceGuid": "{9482f4b4-e343-43b6-b170-9a65bc822c77}"}
{"EventID": "26", "Channel": "Microsoft-Windows-WindowsUpdateClient/Operational", "Provider_Name": "Microsoft-Windows-WindowsUpdateClient", "Computer": "DESKTOP-OFJ6N53", "TimeCreated": "2025-07-28 07:24:29.698151+00:00", "RecordID": "9601", "Level": "4", "UserID": "S-1-5-18", "EventData.updateCount": "2", "EventData.serviceGuid": "{8b24b027-1dee-babb-9a95-3517dfb9c552}"}
{"EventID": "41", "Channel": "Microsoft-Windows-WindowsUpdateClient/Operational", "Provider_Name": "Microsoft-Windows-WindowsUpdateClient", "Computer": "DESKTOP-OFJ6N53", "TimeCreated": "2025-07-28 07:24:29.698160+00:00", "RecordID": "9602", "Level": "4", "UserID": "S-1-5-18", "EventData.updateTitle": "Обновление механизма обнаружения угроз для Microsoft Defender Antivirus — KB2267602 (версия 1.433.111.0) — Актуальный канал (широкий выпуск)", "EventData.updateGuid": "{d16e5628-dcf4-4268-98e8-eba9b597f9b6}", "EventData.updateRevisionNumber": "200"}
{"EventID": "26", "Channel": "Microsoft-Windows-WindowsUpdateClient/Operational", "Provider_Name": "Microsoft-Windows-WindowsUpdateClient", "Computer": "DESKTOP-OFJ6N53", "TimeCreated": "2025-07-28 20:31:50.410517+00:00", "RecordID": "9603", "Level": "4", "UserID": "S-1-5-18", "EventData.updateCount": "1", "EventData.serviceGuid": "{855e8a7c-ecb4-4ca3-b045-1dfa50104289}"}
{"EventID": "26", "Channel": "Microsoft-Windows-WindowsUpdateClient/Operational", "Provider_Name": "Microsoft-Windows-WindowsUpdateClient", "Computer": "DESKTOP-OFJ6N53", "TimeCreated": "2025-07-28 20:31:58.942003+00:00", "RecordID": "9604", "Level": "4", "UserID": "S-1-5-18", "EventData.updateCount": "1", "EventData.serviceGuid": "{855e8a7c-ecb4-4ca3-b045-1dfa50104289}"}
{"EventID": "41", "Channel": "Microsoft-Windows-WindowsUpdateClient/Operational", "Provider_Name": "Microsoft-Windows-WindowsUpdateClient", "Computer": "DESKTOP-OFJ6N53", "TimeCreated": "2025-07-28 20:32:13.017302+00:00", "RecordID": "9605", "Level": "4", "UserID": "S-1-5-18", "EventData.updateTitle": "9WZDNCRD29V9-MICROSOFT.MICROSOFTOFFICEHUB", "EventData.updateGuid": "{ee62747f-abba-435a-ba8b-c9da9202c224}", "EventData.updateRevisionNumber": "1"}
{"EventID": "26", "Channel": "Microsoft-Windows-WindowsUpdateClient/Operational", "Provider_Name": "Microsoft-Windows-WindowsUpdateClient", "Computer": "DESKTOP-OFJ6N53", "TimeCreated": "2025-07-28 21:40:47.135185+00:00", "RecordID": "9606", "Level": "4", "UserID": "S-1-5-18", "EventData.updateCount": "1", "EventData.serviceGuid": "{9482f4b4-e343-43b6-b170-9a65bc822c77}"}
{"EventID": "26", "Channel": "Microsoft-Windows-WindowsUpdateClient/Operational", "Provider_Name": "Microsoft-Windows-WindowsUpdateClient", "Computer": "DESKTOP-OFJ6N53", "TimeCreated": "2025-07-28 21:40:47.135191+00:00", "RecordID": "9607", "Level": "4", "UserID": "S-1-5-18", "EventData.updateCount": "0", "EventData.serviceGuid": "{8b24b027-1dee-babb-9a95-3517dfb9c552}"}
