{"EventID": "2097", "Channel": "Microsoft-Windows-Windows Firewall With Advanced Security/Firewall", "Provider_Name": "Microsoft-Windows-Windows Firewall With Advanced Security", "Computer": "DESKTOP-OFJ6N53", "TimeCreated": "2025-08-10 10:06:47.977316+00:00", "RecordID": "31288", "Level": "4", "UserID": "S-1-5-19", "EventData.RuleId": "{C3BA010D-D884-4EE1-9623-0AC8C0ED44D5}", "EventData.RuleName": "@{Microsoft.StorePurchaseApp_22506.1401.4.0_x64__8wekyb3d8bbwe?ms-resource://Microsoft.StorePurchaseApp/Resources/DisplayTitle}", "EventData.Origin": "1", "EventData.ApplicationPath": null, "EventData.ServiceName": null, "EventData.Direction": "2", "EventData.Protocol": "256", "EventData.LocalPorts": null, "EventData.RemotePorts": null, "EventData.Action": "3", "EventData.Profiles": "7", "EventData.LocalAddresses": "*", "EventData.RemoteAddresses": "*", "EventData.RemoteMachineAuthorizationList": null, "EventData.RemoteUserAuthorizationList": null, "EventData.EmbeddedContext": "@{Microsoft.StorePurchaseApp_22506.1401.4.0_x64__8wekyb3d8bbwe?ms-resource://Microsoft.StorePurchaseApp/Resources/DisplayTitle}", "EventData.Flags": "1", "EventData.Active": "1", "EventData.EdgeTraversal": "0", "EventData.LooseSourceMapped": "0", "EventData.SecurityOptions": "0", "EventData.ModifyingUser": "S-1-5-80-3088073201-1464728630-1879813800-1107566885-823218052", "EventData.ModifyingApplication": "C:\\Windows\\System32\\svchost.exe", "EventData.SchemaVersion": "542", "EventData.RuleStatus": "65536", "EventData.LocalOnlyMapped": "0", "EventData.PolicyAppId": null}
{"EventID": "2097", "Channel": "Microsoft-Windows-Windows Firewall With Advanced Security/Firewall", "Provider_Name": "Microsoft-Windows-Windows Firewall With Advanced Security", "Computer": "DESKTOP-OFJ6N53", "TimeCreated": "2025-08-10 10:06:47.979279+00:00", "RecordID": "31289", "Level": "4", "UserID": "S-1-5-19", "EventData.RuleId": "{12A21BA1-C40B-435F-827D-177D546E439F}", "EventData.RuleName": "@{Microsoft.StorePurchaseApp_22506.1401.4.0_x64__8wekyb3d8bbwe?ms-resource://Microsoft.StorePurchaseApp/Resources/DisplayTitle}", "EventData.Origin": "1", "EventData.ApplicationPath": null, "EventData.ServiceName": null, "EventData.Direction": "1", "EventData.Protocol": "256", "EventData.LocalPorts": null, "EventData.RemotePorts": null, "EventData.Action": "3", "EventData.Profiles": "3", "EventData.LocalAddresses": "*", "EventData.RemoteAddresses": "*", "EventData.RemoteMachineAuthorizationList": null, "EventData.RemoteUserAuthorizationList": null, "EventData.EmbeddedContext": "@{Microsoft.StorePurchaseApp_22506.1401.4.0_x64__8wekyb3d8bbwe?ms-resource://Microsoft.StorePurchaseApp/Resources/DisplayTitle}", "EventData.Flags": "1", "EventData.Active": "1", "EventData.EdgeTraversal": "0", "EventData.LooseSourceMapped": "0", "EventData.SecurityOptions": "0", "EventData.ModifyingUser": "S-1-5-80-3088073201-1464728630-1879813800-1107566885-823218052", "EventData.ModifyingApplication": "C:\\Windows\\System32\\svchost.exe", "EventData.SchemaVersion": "542", "EventData.RuleStatus": "65536", "EventData.LocalOnlyMapped": "0", "EventData.PolicyAppId": null}
{"EventID": "2099", "Channel": "Microsoft-Windows-Windows Firewall With Advanced Security/Firewall", "Provider_Name": "Microsoft-Windows-Windows Firewall With Advanced Security", "Computer": "DESKTOP-OFJ6N53", "TimeCreated": "2025-08-12 04:28:23.997124+00:00", "RecordID": "31290", "Level": "4", "UserID": "S-1-5-19", "EventData.RuleId": "{65563F70-F308-4D6F-B949-E4E2A40252E3}", "EventData.RuleName": "fc08c5b8-357a-4ae4-82a1-9202dea54ab3", "EventData.Origin": "1", "EventData.ApplicationPath": "C:\\Program Files\\Google\\Chrome\\Application\\chrome.exe", "EventData.ServiceName": null, "EventData.Direction": "1", "EventData.Protocol": "17", "EventData.LocalPorts": "5353", "EventData.RemotePorts": "*", "EventData.Action": "3", "EventData.Profiles": "2147483647", "EventData.LocalAddresses": "*", "EventData.RemoteAddresses": "*", "EventData.RemoteMachineAuthorizationList": null, "EventData.RemoteUserAuthorizationList": null, "EventData.EmbeddedContext": "Google Chrome", "EventData.Flags": "1", "EventData.Active": "1", "EventData.EdgeTraversal": "0", "EventData.LooseSourceMapped": "0", "EventData.SecurityOptions": "0", "EventData.ModifyingUser": "S-1-5-18", "EventData.ModifyingApplication": "C:\\Windows\\SystemTemp\\chrome_Unpacker_BeginUnzipping10152_897020281\\CR_D1CE4.tmp\\setup.exe", "EventData.SchemaVersion": "542", "EventData.RuleStatus": "65536", "EventData.LocalOnlyMapped": "0", "EventData.PolicyAppId": null}
{"EventID": "2006", "Channel": "Microsoft-Windows-Windows Firewall With Advanced Security/Firewall", "Provider_Name": "Microsoft-Windows-Windows Firewall With Advanced Security", "Computer": "DESKTOP-OFJ6N53", "TimeCreated": "2025-08-12 04:28:24.125141+00:00", "RecordID": "31291", "Level": "4", "UserID": "S-1-5-19", "EventData.RuleId": "{65563F70-F308-4D6F-B949-E4E2A40252E3}", "EventData.RuleName": "fc08c5b8-357a-4ae4-82a1-9202dea54ab3", "EventData.ModifyingUser": "S-1-5-18", "EventData.ModifyingApplication": "C:\\Windows\\SystemTemp\\chrome_Unpacker_BeginUnzipping10152_897020281\\CR_D1CE4.tmp\\setup.exe"}
{"EventID": "2097", "Channel": "Microsoft-Windows-Windows Firewall With Advanced Security/Firewall", "Provider_Name": "Microsoft-Windows-Windows Firewall With Advanced Security", "Computer": "DESKTOP-OFJ6N53", "TimeCreated": "2025-08-12 04:28:24.139042+00:00", "RecordID": "31292", "Level": "4", "UserID": "S-1-5-19", "EventData.RuleId": "{A20BCCE5-9CF0-4741-BE6A-A296D71DECC3}", "EventData.RuleName": "Google Chrome (mDNS-In)", "EventData.Origin": "1", "EventData.ApplicationPath": "C:\\Program Files\\Google\\Chrome\\Application\\chrome.exe", "EventData.ServiceName": null, "EventData.Direction": "1", "EventData.Protocol": "17", "EventData.LocalPorts": "5353", "EventData.RemotePorts": "*", "EventData.Action": "3", "EventData.Profiles": "2147483647", "EventData.LocalAddresses": "*", "EventData.RemoteAddresses": "*", "EventData.RemoteMachineAuthorizationList": null, "EventData.RemoteUserAuthorizationList": null, "EventData.EmbeddedContext": "Google Chrome", "EventData.Flags": "1", "EventData.Active": "1", "EventData.EdgeTraversal": "0", "EventData.LooseSourceMapped": "0", "EventData.SecurityOptions": "0", "EventData.ModifyingUser": "S-1-5-18", "EventData.ModifyingApplication": "C:\\Windows\\SystemTemp\\chrome_Unpacker_BeginUnzipping10152_897020281\\CR_D1CE4.tmp\\setup.exe", "EventData.SchemaVersion": "542", "EventData.RuleStatus": "65536", "EventData.LocalOnlyMapped": "0", "EventData.PolicyAppId": null}
{"EventID": "2033", "Channel": "Microsoft-Windows-Windows Firewall With Advanced Security/Firewall", "Provider_Name": "Microsoft-Windows-Windows Firewall With Advanced Security", "Computer": "DESKTOP-OFJ6N53", "TimeCreated": "2025-08-12 12:17:45.010378+00:00", "RecordID": "31293", "Level": "4", "UserID": "S-1-5-19", "EventData.Store Type": "12", "EventData.ModifyingUser": "S-1-5-80-3088073201-1464728630-1879813800-1107566885-823218052", "EventData.ModifyingApplication": "C:\\Windows\\System32\\svchost.exe"}
{"EventID": "2051", "Channel": "Microsoft-Windows-Windows Firewall With Advanced Security/Firewall", "Provider_Name": "Microsoft-Windows-Windows Firewall With Advanced Security", "Computer": "DESKTOP-OFJ6N53", "TimeCreated": "2025-08-12 12:17:45.010403+00:00", "RecordID": "31294", "Level": "4", "UserID": "S-1-5-19", "EventData.ErrorCode": "0", "EventData.PolicyChange": "0"}
{"EventID": "2010", "Channel": "Microsoft-Windows-Windows Firewall With Advanced Security/Firewall", "Provider_Name": "Microsoft-Windows-Windows Firewall With Advanced Security", "Computer": "DESKTOP-OFJ6N53", "TimeCreated": "2025-08-12 12:17:45.030146+00:00", "RecordID": "31295", "Level": "4", "UserID": "S-1-5-19", "EventData.InterfaceGuid": "{bed2c4be-ec11-4cc8-aafc-f0fd7a5e3a02}", "EventData.InterfaceName": "ethernet_32769", "EventData.OldProfile": "2147483649", "EventData.NewProfile": "2"}
{"EventID": "2002", "Channel": "Microsoft-Windows-Windows Firewall With Advanced Security/Firewall", "Provider_Name": "Microsoft-Windows-Windows Firewall With Advanced Security", "Computer": "DESKTOP-OFJ6N53", "TimeCreated": "2025-08-12 12:17:45.151001+00:00", "RecordID": "31296", "Level": "4", "UserID": "S-1-5-19", "EventData.SettingType": "2", "EventData.SettingValueSize": "4", "EventData.SettingValue": "AgAAAA==", "EventData.SettingValueDisplay": "Частный", "EventData.Origin": "1", "EventData.ModifyingUser": "S-1-5-80-3088073201-1464728630-1879813800-1107566885-823218052", "EventData.ModifyingApplication": null}
{"EventID": "2006", "Channel": "Microsoft-Windows-Windows Firewall With Advanced Security/Firewall", "Provider_Name": "Microsoft-Windows-Windows Firewall With Advanced Security", "Computer": "DESKTOP-OFJ6N53", "TimeCreated": "2025-08-12 12:18:31.270536+00:00", "RecordID": "31297", "Level": "4", "UserID": "S-1-5-19", "EventData.RuleId": "{587F97FB-8160-4463-AA50-716AB54D0270}", "EventData.RuleName": "Usermode Font Driver Host", "EventData.ModifyingUser": "S-1-5-80-3088073201-1464728630-1879813800-1107566885-823218052", "EventData.ModifyingApplication": "C:\\Windows\\System32\\svchost.exe"}
{"EventID": "2006", "Channel": "Microsoft-Windows-Windows Firewall With Advanced Security/Firewall", "Provider_Name": "Microsoft-Windows-Windows Firewall With Advanced Security", "Computer": "DESKTOP-OFJ6N53", "TimeCreated": "2025-08-12 12:18:31.271160+00:00", "RecordID": "31298", "Level": "4", "UserID": "S-1-5-19", "EventData.RuleId": "{886BF73E-E37E-4B63-9397-B8D3F24BEFED}", "EventData.RuleName": "Usermode Font Driver Host", "EventData.ModifyingUser": "S-1-5-80-3088073201-1464728630-1879813800-1107566885-823218052", "EventData.ModifyingApplication": "C:\\Windows\\System32\\svchost.exe"}
{"EventID": "2097", "Channel": "Microsoft-Windows-Windows Firewall With Advanced Security/Firewall", "Provider_Name": "Microsoft-Windows-Windows Firewall With Advanced Security", "Computer": "DESKTOP-OFJ6N53", "TimeCreated": "2025-08-12 12:18:31.297676+00:00", "RecordID": "31299", "Level": "4", "UserID": "S-1-5-19", "EventData.RuleId": "{846DD98C-4DF6-4F93-949D-BAB706811C9E}", "EventData.RuleName": "Usermode Font Driver Host", "EventData.Origin": "1", "EventData.ApplicationPath": null, "EventData.ServiceName": null, "EventData.Direction": "1", "EventData.Protocol": "256", "EventData.LocalPorts": null, "EventData.RemotePorts": null, "EventData.Action": "2", "EventData.Profiles": "2147483647", "EventData.LocalAddresses": "*", "EventData.RemoteAddresses": "*", "EventData.RemoteMachineAuthorizationList": null, "EventData.RemoteUserAuthorizationList": null, "EventData.EmbeddedContext": "Usermode Font Driver Host", "EventData.Flags": "1", "EventData.Active": "1", "EventData.EdgeTraversal": "0", "EventData.LooseSourceMapped": "0", "EventData.SecurityOptions": "0", "EventData.ModifyingUser": "S-1-5-80-3088073201-1464728630-1879813800-1107566885-823218052", "EventData.ModifyingApplication": "C:\\Windows\\System32\\svchost.exe", "EventData.SchemaVersion": "542", "EventData.RuleStatus": "65536", "EventData.LocalOnlyMapped": "0", "EventData.PolicyAppId": null}
{"EventID": "2097", "Channel": "Microsoft-Windows-Windows Firewall With Advanced Security/Firewall", "Provider_Name": "Microsoft-Windows-Windows Firewall With Advanced Security", "Computer": "DESKTOP-OFJ6N53", "TimeCreated": "2025-08-12 12:18:31.299154+00:00", "RecordID": "31300", "Level": "4", "UserID": "S-1-5-19", "EventData.RuleId": "{5B794D83-393C-46FF-B62C-E62CE8603594}", "EventData.RuleName": "Usermode Font Driver Host", "EventData.Origin": "1", "EventData.ApplicationPath": null, "EventData.ServiceName": null, "EventData.Direction": "2", "EventData.Protocol": "256", "EventData.LocalPorts": null, "EventData.RemotePorts": null, "EventData.Action": "2", "EventData.Profiles": "2147483647", "EventData.LocalAddresses": "*", "EventData.RemoteAddresses": "*", "EventData.RemoteMachineAuthorizationList": null, "EventData.RemoteUserAuthorizationList": null, "EventData.EmbeddedContext": "Usermode Font Driver Host", "EventData.Flags": "1", "EventData.Active": "1", "EventData.EdgeTraversal": "0", "EventData.LooseSourceMapped": "0", "EventData.SecurityOptions": "0", "EventData.ModifyingUser": "S-1-5-80-3088073201-1464728630-1879813800-1107566885-823218052", "EventData.ModifyingApplication": "C:\\Windows\\System32\\svchost.exe", "EventData.SchemaVersion": "542", "EventData.RuleStatus": "65536", "EventData.LocalOnlyMapped": "0", "EventData.PolicyAppId": null}
{"EventID": "2006", "Channel": "Microsoft-Windows-Windows Firewall With Advanced Security/Firewall", "Provider_Name": "Microsoft-Windows-Windows Firewall With Advanced Security", "Computer": "DESKTOP-OFJ6N53", "TimeCreated": "2025-08-12 12:18:59.025620+00:00", "RecordID": "31301", "Level": "4", "UserID": "S-1-5-19", "EventData.RuleId": "{5B6EC39B-64A5-4932-8520-81DF97FF6E31}", "EventData.RuleName": "@{Microsoft.Edge.GameAssist_1.0.3423.0_x64__8wekyb3d8bbwe?ms-resource://Microsoft.Edge.GameAssist/Resources/EdgeGameBarPackageDisplayName}", "EventData.ModifyingUser": "S-1-5-80-3088073201-1464728630-1879813800-1107566885-823218052", "EventData.ModifyingApplication": "C:\\Windows\\System32\\svchost.exe"}
{"EventID": "2006", "Channel": "Microsoft-Windows-Windows Firewall With Advanced Security/Firewall", "Provider_Name": "Microsoft-Windows-Windows Firewall With Advanced Security", "Computer": "DESKTOP-OFJ6N53", "TimeCreated": "2025-08-12 12:18:59.026247+00:00", "RecordID": "31302", "Level": "4", "UserID": "S-1-5-19", "EventData.RuleId": "{DA1776D9-B4C7-4C5E-887B-6F83A5170CF4}", "EventData.RuleName": "@{Microsoft.Edge.GameAssist_1.0.3423.0_x64__8wekyb3d8bbwe?ms-resource://Microsoft.Edge.GameAssist/Resources/EdgeGameBarPackageDisplayName}", "EventData.ModifyingUser": "S-1-5-80-3088073201-1464728630-1879813800-1107566885-823218052", "EventData.ModifyingApplication": "C:\\Windows\\System32\\svchost.exe"}
{"EventID": "2006", "Channel": "Microsoft-Windows-Windows Firewall With Advanced Security/Firewall", "Provider_Name": "Microsoft-Windows-Windows Firewall With Advanced Security", "Computer": "DESKTOP-OFJ6N53", "TimeCreated": "2025-08-12 12:18:59.026810+00:00", "RecordID": "31303", "Level": "4", "UserID": "S-1-5-19", "EventData.RuleId": "{D72A85D4-51D7-4954-ADD7-8636AC19D85A}", "EventData.RuleName": "@{Microsoft.Edge.GameAssist_1.0.3423.0_x64__8wekyb3d8bbwe?ms-resource://Microsoft.Edge.GameAssist/Resources/EdgeGameBarPackageDisplayName}", "EventData.ModifyingUser": "S-1-5-80-3088073201-1464728630-1879813800-1107566885-823218052", "EventData.ModifyingApplication": "C:\\Windows\\System32\\svchost.exe"}
{"EventID": "2006", "Channel": "Microsoft-Windows-Windows Firewall With Advanced Security/Firewall", "Provider_Name": "Microsoft-Windows-Windows Firewall With Advanced Security", "Computer": "DESKTOP-OFJ6N53", "TimeCreated": "2025-08-12 12:18:59.028049+00:00", "RecordID": "31304", "Level": "4", "UserID": "S-1-5-19", "EventData.RuleId": "{188E27F1-8CD1-4533-A2FB-F1302C21ABD2}", "EventData.RuleName": "@{Microsoft.Edge.GameAssist_1.0.3423.0_x64__8wekyb3d8bbwe?ms-resource://Microsoft.Edge.GameAssist/Resources/EdgeGameBarPackageDisplayName}", "EventData.ModifyingUser": "S-1-5-80-3088073201-1464728630-1879813800-1107566885-823218052", "EventData.ModifyingApplication": "C:\\Windows\\System32\\svchost.exe"}
{"EventID": "2097", "Channel": "Microsoft-Windows-Windows Firewall With Advanced Security/Firewall", "Provider_Name": "Microsoft-Windows-Windows Firewall With Advanced Security", "Computer": "DESKTOP-OFJ6N53", "TimeCreated": "2025-08-12 12:19:03.387411+00:00", "RecordID": "31305", "Level": "4", "UserID": "S-1-5-19", "EventData.RuleId": "{7EF304FE-1BD2-4DB6-9936-F158D574D870}", "EventData.RuleName": "@{Microsoft.Edge.GameAssist_1.0.3456.0_x64__8wekyb3d8bbwe?ms-resource://Microsoft.Edge.GameAssist/Resources/EdgeGameBarPackageDisplayName}", "EventData.Origin": "1", "EventData.ApplicationPath": null, "EventData.ServiceName": null, "EventData.Direction": "1", "EventData.Protocol": "256", "EventData.LocalPorts": null, "EventData.RemotePorts": null, "EventData.Action": "2", "EventData.Profiles": "2147483647", "EventData.LocalAddresses": "*", "EventData.RemoteAddresses": "*", "EventData.RemoteMachineAuthorizationList": null, "EventData.RemoteUserAuthorizationList": null, "EventData.EmbeddedContext": "@{Microsoft.Edge.GameAssist_1.0.3456.0_x64__8wekyb3d8bbwe?ms-resource://Microsoft.Edge.GameAssist/Resources/EdgeGameBarPackageDisplayName}", "EventData.Flags": "1", "EventData.Active": "1", "EventData.EdgeTraversal": "0", "EventData.LooseSourceMapped": "0", "EventData.SecurityOptions": "0", "EventData.ModifyingUser": "S-1-5-80-3088073201-1464728630-1879813800-1107566885-823218052", "EventData.ModifyingApplication": "C:\\Windows\\System32\\svchost.exe", "EventData.SchemaVersion": "542", "EventData.RuleStatus": "65536", "EventData.LocalOnlyMapped": "0", "EventData.PolicyAppId": null}
{"EventID": "2097", "Channel": "Microsoft-Windows-Windows Firewall With Advanced Security/Firewall", "Provider_Name": "Microsoft-Windows-Windows Firewall With Advanced Security", "Computer": "DESKTOP-OFJ6N53", "TimeCreated": "2025-08-12 12:19:03.389828+00:00", "RecordID": "31306", "Level": "4", "UserID": "S-1-5-19", "EventData.RuleId": "{2A384B1F-5330-439E-AD54-89209B68063B}", "EventData.RuleName": "@{Microsoft.Edge.GameAssist_1.0.3456.0_x64__8wekyb3d8bbwe?ms-resource://Microsoft.Edge.GameAssist/Resources/EdgeGameBarPackageDisplayName}", "EventData.Origin": "1", "EventData.ApplicationPath": null, "EventData.ServiceName": null, "EventData.Direction": "2", "EventData.Protocol": "256", "EventData.LocalPorts": null, "EventData.RemotePorts": null, "EventData.Action": "2", "EventData.Profiles": "2147483647", "EventData.LocalAddresses": "*", "EventData.RemoteAddresses": "*", "EventData.RemoteMachineAuthorizationList": null, "EventData.RemoteUserAuthorizationList": null, "EventData.EmbeddedContext": "@{Microsoft.Edge.GameAssist_1.0.3456.0_x64__8wekyb3d8bbwe?ms-resource://Microsoft.Edge.GameAssist/Resources/EdgeGameBarPackageDisplayName}", "EventData.Flags": "1", "EventData.Active": "1", "EventData.EdgeTraversal": "0", "EventData.LooseSourceMapped": "0", "EventData.SecurityOptions": "0", "EventData.ModifyingUser": "S-1-5-80-3088073201-1464728630-1879813800-1107566885-823218052", "EventData.ModifyingApplication": "C:\\Windows\\System32\\svchost.exe", "EventData.SchemaVersion": "542", "EventData.RuleStatus": "65536", "EventData.LocalOnlyMapped": "0", "EventData.PolicyAppId": null}
{"EventID": "2097", "Channel": "Microsoft-Windows-Windows Firewall With Advanced Security/Firewall", "Provider_Name": "Microsoft-Windows-Windows Firewall With Advanced Security", "Computer": "DESKTOP-OFJ6N53", "TimeCreated": "2025-08-12 12:19:03.391895+00:00", "RecordID": "31307", "Level": "4", "UserID": "S-1-5-19", "EventData.RuleId": "{94AD3B48-006A-4A20-A3C3-6EA7F222E7C3}", "EventData.RuleName": "@{Microsoft.Edge.GameAssist_1.0.3456.0_x64__8wekyb3d8bbwe?ms-resource://Microsoft.Edge.GameAssist/Resources/EdgeGameBarPackageDisplayName}", "EventData.Origin": "1", "EventData.ApplicationPath": null, "EventData.ServiceName": null, "EventData.Direction": "2", "EventData.Protocol": "256", "EventData.LocalPorts": null, "EventData.RemotePorts": null, "EventData.Action": "3", "EventData.Profiles": "7", "EventData.LocalAddresses": "*", "EventData.RemoteAddresses": "*", "EventData.RemoteMachineAuthorizationList": null, "EventData.RemoteUserAuthorizationList": null, "EventData.EmbeddedContext": "@{Microsoft.Edge.GameAssist_1.0.3456.0_x64__8wekyb3d8bbwe?ms-resource://Microsoft.Edge.GameAssist/Resources/EdgeGameBarPackageDisplayName}", "EventData.Flags": "1", "EventData.Active": "1", "EventData.EdgeTraversal": "0", "EventData.LooseSourceMapped": "0", "EventData.SecurityOptions": "0", "EventData.ModifyingUser": "S-1-5-80-3088073201-1464728630-1879813800-1107566885-823218052", "EventData.ModifyingApplication": "C:\\Windows\\System32\\svchost.exe", "EventData.SchemaVersion": "542", "EventData.RuleStatus": "65536", "EventData.LocalOnlyMapped": "0", "EventData.PolicyAppId": null}
{"EventID": "2097", "Channel": "Microsoft-Windows-Windows Firewall With Advanced Security/Firewall", "Provider_Name": "Microsoft-Windows-Windows Firewall With Advanced Security", "Computer": "DESKTOP-OFJ6N53", "TimeCreated": "2025-08-12 12:19:03.394232+00:00", "RecordID": "31308", "Level": "4", "UserID": "S-1-5-19", "EventData.RuleId": "{CF9AF370-0AAA-493B-9C41-B4E105D3332A}", "EventData.RuleName": "@{Microsoft.Edge.GameAssist_1.0.3456.0_x64__8wekyb3d8bbwe?ms-resource://Microsoft.Edge.GameAssist/Resources/EdgeGameBarPackageDisplayName}", "EventData.Origin": "1", "EventData.ApplicationPath": null, "EventData.ServiceName": null, "EventData.Direction": "2", "EventData.Protocol": "256", "EventData.LocalPorts": null, "EventData.RemotePorts": null, "EventData.Action": "3", "EventData.Profiles": "7", "EventData.LocalAddresses": "*", "EventData.RemoteAddresses": "*", "EventData.RemoteMachineAuthorizationList": null, "EventData.RemoteUserAuthorizationList": null, "EventData.EmbeddedContext": "@{Microsoft.Edge.GameAssist_1.0.3456.0_x64__8wekyb3d8bbwe?ms-resource://Microsoft.Edge.GameAssist/Resources/EdgeGameBarPackageDisplayName}", "EventData.Flags": "1", "EventData.Active": "1", "EventData.EdgeTraversal": "0", "EventData.LooseSourceMapped": "0", "EventData.SecurityOptions": "0", "EventData.ModifyingUser": "S-1-5-80-3088073201-1464728630-1879813800-1107566885-823218052", "EventData.ModifyingApplication": "C:\\Windows\\System32\\svchost.exe", "EventData.SchemaVersion": "542", "EventData.RuleStatus": "65536", "EventData.LocalOnlyMapped": "0", "EventData.PolicyAppId": null}
{"EventID": "2006", "Channel": "Microsoft-Windows-Windows Firewall With Advanced Security/Firewall", "Provider_Name": "Microsoft-Windows-Windows Firewall With Advanced Security", "Computer": "DESKTOP-OFJ6N53", "TimeCreated": "2025-08-12 12:19:37.468496+00:00", "RecordID": "31309", "Level": "4", "UserID": "S-1-5-19", "EventData.RuleId": "{D7D35C00-BD03-4ED7-9590-B24B12F51AE3}", "EventData.RuleName": "Microsoft 365 Copilot", "EventData.ModifyingUser": "S-1-5-80-3088073201-1464728630-1879813800-1107566885-823218052", "EventData.ModifyingApplication": "C:\\Windows\\System32\\svchost.exe"}
{"EventID": "2006", "Channel": "Microsoft-Windows-Windows Firewall With Advanced Security/Firewall", "Provider_Name": "Microsoft-Windows-Windows Firewall With Advanced Security", "Computer": "DESKTOP-OFJ6N53", "TimeCreated": "2025-08-12 12:19:37.469154+00:00", "RecordID": "31310", "Level": "4", "UserID": "S-1-5-19", "EventData.RuleId": "{A58DCC8C-B47B-4312-9B55-689754E68A66}", "EventData.RuleName": "Microsoft 365 Copilot", "EventData.ModifyingUser": "S-1-5-80-3088073201-1464728630-1879813800-1107566885-823218052", "EventData.ModifyingApplication": "C:\\Windows\\System32\\svchost.exe"}
{"EventID": "2006", "Channel": "Microsoft-Windows-Windows Firewall With Advanced Security/Firewall", "Provider_Name": "Microsoft-Windows-Windows Firewall With Advanced Security", "Computer": "DESKTOP-OFJ6N53", "TimeCreated": "2025-08-12 12:19:37.473083+00:00", "RecordID": "31311", "Level": "4", "UserID": "S-1-5-19", "EventData.RuleId": "{97041955-FE4B-4954-9B84-C56C00C0C896}", "EventData.RuleName": "Microsoft 365 Copilot", "EventData.ModifyingUser": "S-1-5-80-3088073201-1464728630-1879813800-1107566885-823218052", "EventData.ModifyingApplication": "C:\\Windows\\System32\\svchost.exe"}
{"EventID": "2006", "Channel": "Microsoft-Windows-Windows Firewall With Advanced Security/Firewall", "Provider_Name": "Microsoft-Windows-Windows Firewall With Advanced Security", "Computer": "DESKTOP-OFJ6N53", "TimeCreated": "2025-08-12 12:19:37.474947+00:00", "RecordID": "31312", "Level": "4", "UserID": "S-1-5-19", "EventData.RuleId": "{D05D3707-FA92-494E-80AD-4B73D2BCE939}", "EventData.RuleName": "Microsoft 365 Copilot", "EventData.ModifyingUser": "S-1-5-80-3088073201-1464728630-1879813800-1107566885-823218052", "EventData.ModifyingApplication": "C:\\Windows\\System32\\svchost.exe"}
{"EventID": "2097", "Channel": "Microsoft-Windows-Windows Firewall With Advanced Security/Firewall", "Provider_Name": "Microsoft-Windows-Windows Firewall With Advanced Security", "Computer": "DESKTOP-OFJ6N53", "TimeCreated": "2025-08-12 12:19:37.478130+00:00", "RecordID": "31313", "Level": "4", "UserID": "S-1-5-19", "EventData.RuleId": "{AA2D925A-166C-4919-B3AE-886EA80B3214}", "EventData.RuleName": "Microsoft 365 Copilot", "EventData.Origin": "1", "EventData.ApplicationPath": null, "EventData.ServiceName": null, "EventData.Direction": "1", "EventData.Protocol": "256", "EventData.LocalPorts": null, "EventData.RemotePorts": null, "EventData.Action": "2", "EventData.Profiles": "2147483647", "EventData.LocalAddresses": "*", "EventData.RemoteAddresses": "*", "EventData.RemoteMachineAuthorizationList": null, "EventData.RemoteUserAuthorizationList": null, "EventData.EmbeddedContext": "Microsoft 365 Copilot", "EventData.Flags": "1", "EventData.Active": "1", "EventData.EdgeTraversal": "0", "EventData.LooseSourceMapped": "0", "EventData.SecurityOptions": "0", "EventData.ModifyingUser": "S-1-5-80-3088073201-1464728630-1879813800-1107566885-823218052", "EventData.ModifyingApplication": "C:\\Windows\\System32\\svchost.exe", "EventData.SchemaVersion": "542", "EventData.RuleStatus": "65536", "EventData.LocalOnlyMapped": "0", "EventData.PolicyAppId": null}
{"EventID": "2097", "Channel": "Microsoft-Windows-Windows Firewall With Advanced Security/Firewall", "Provider_Name": "Microsoft-Windows-Windows Firewall With Advanced Security", "Computer": "DESKTOP-OFJ6N53", "TimeCreated": "2025-08-12 12:19:37.479918+00:00", "RecordID": "31314", "Level": "4", "UserID": "S-1-5-19", "EventData.RuleId": "{320BC1C5-2A86-446C-840B-B926739051B9}", "EventData.RuleName": "Microsoft 365 Copilot", "EventData.Origin": "1", "EventData.ApplicationPath": null, "EventData.ServiceName": null, "EventData.Direction": "2", "EventData.Protocol": "256", "EventData.LocalPorts": null, "EventData.RemotePorts": null, "EventData.Action": "2", "EventData.Profiles": "2147483647", "EventData.LocalAddresses": "*", "EventData.RemoteAddresses": "*", "EventData.RemoteMachineAuthorizationList": null, "EventData.RemoteUserAuthorizationList": null, "EventData.EmbeddedContext": "Microsoft 365 Copilot", "EventData.Flags": "1", "EventData.Active": "1", "EventData.EdgeTraversal": "0", "EventData.LooseSourceMapped": "0", "EventData.SecurityOptions": "0", "EventData.ModifyingUser": "S-1-5-80-3088073201-1464728630-1879813800-1107566885-823218052", "EventData.ModifyingApplication": "C:\\Windows\\System32\\svchost.exe", "EventData.SchemaVersion": "542", "EventData.RuleStatus": "65536", "EventData.LocalOnlyMapped": "0", "EventData.PolicyAppId": null}
{"EventID": "2097", "Channel": "Microsoft-Windows-Windows Firewall With Advanced Security/Firewall", "Provider_Name": "Microsoft-Windows-Windows Firewall With Advanced Security", "Computer": "DESKTOP-OFJ6N53", "TimeCreated": "2025-08-12 12:19:37.481960+00:00", "RecordID": "31315", "Level": "4", "UserID": "S-1-5-19", "EventData.RuleId": "{56DC73CD-CB8C-416E-A000-C07618EFF591}", "EventData.RuleName": "Microsoft 365 Copilot", "EventData.Origin": "1", "EventData.ApplicationPath": null, "EventData.ServiceName": null, "EventData.Direction": "2", "EventData.Protocol": "256", "EventData.LocalPorts": null, "EventData.RemotePorts": null, "EventData.Action": "3", "EventData.Profiles": "7", "EventData.LocalAddresses": "*", "EventData.RemoteAddresses": "*", "EventData.RemoteMachineAuthorizationList": null, "EventData.RemoteUserAuthorizationList": null, "EventData.EmbeddedContext": "Microsoft 365 Copilot", "EventData.Flags": "1", "EventData.Active": "1", "EventData.EdgeTraversal": "0", "EventData.LooseSourceMapped": "0", "EventData.SecurityOptions": "0", "EventData.ModifyingUser": "S-1-5-80-3088073201-1464728630-1879813800-1107566885-823218052", "EventData.ModifyingApplication": "C:\\Windows\\System32\\svchost.exe", "EventData.SchemaVersion": "542", "EventData.RuleStatus": "65536", "EventData.LocalOnlyMapped": "0", "EventData.PolicyAppId": null}
{"EventID": "2097", "Channel": "Microsoft-Windows-Windows Firewall With Advanced Security/Firewall", "Provider_Name": "Microsoft-Windows-Windows Firewall With Advanced Security", "Computer": "DESKTOP-OFJ6N53", "TimeCreated": "2025-08-12 12:19:37.483757+00:00", "RecordID": "31316", "Level": "4", "UserID": "S-1-5-19", "EventData.RuleId": "{D0996F38-261B-4034-8189-1D8233F4293B}", "EventData.RuleName": "Microsoft 365 Copilot", "EventData.Origin": "1", "EventData.ApplicationPath": null, "EventData.ServiceName": null, "EventData.Direction": "2", "EventData.Protocol": "256", "EventData.LocalPorts": null, "EventData.RemotePorts": null, "EventData.Action": "3", "EventData.Profiles": "7", "EventData.LocalAddresses": "*", "EventData.RemoteAddresses": "*", "EventData.RemoteMachineAuthorizationList": null, "EventData.RemoteUserAuthorizationList": null, "EventData.EmbeddedContext": "Microsoft 365 Copilot", "EventData.Flags": "1", "EventData.Active": "1", "EventData.EdgeTraversal": "0", "EventData.LooseSourceMapped": "0", "EventData.SecurityOptions": "0", "EventData.ModifyingUser": "S-1-5-80-3088073201-1464728630-1879813800-1107566885-823218052", "EventData.ModifyingApplication": "C:\\Windows\\System32\\svchost.exe", "EventData.SchemaVersion": "542", "EventData.RuleStatus": "65536", "EventData.LocalOnlyMapped": "0", "EventData.PolicyAppId": null}
{"EventID": "2003", "Channel": "Microsoft-Windows-Windows Firewall With Advanced Security/Firewall", "Provider_Name": "Microsoft-Windows-Windows Firewall With Advanced Security", "Computer": "DESKTOP-OFJ6N53", "TimeCreated": "2025-08-12 12:21:00.719021+00:00", "RecordID": "31317", "Level": "4", "UserID": "S-1-5-19", "EventData.Profiles": "1", "EventData.SettingType": "1", "EventData.SettingValueSize": "4", "EventData.SettingValue": "AAAAAA==", "EventData.SettingValueString": "Нет", "EventData.Origin": "1", "EventData.ModifyingUser": "S-1-5-18", "EventData.ModifyingApplication": "C:\\Windows\\SysWOW64\\dllhost.exe"}
{"EventID": "2003", "Channel": "Microsoft-Windows-Windows Firewall With Advanced Security/Firewall", "Provider_Name": "Microsoft-Windows-Windows Firewall With Advanced Security", "Computer": "DESKTOP-OFJ6N53", "TimeCreated": "2025-08-12 12:21:01.060644+00:00", "RecordID": "31318", "Level": "4", "UserID": "S-1-5-19", "EventData.Profiles": "2", "EventData.SettingType": "1", "EventData.SettingValueSize": "4", "EventData.SettingValue": "AAAAAA==", "EventData.SettingValueString": "Нет", "EventData.Origin": "1", "EventData.ModifyingUser": "S-1-5-18", "EventData.ModifyingApplication": "C:\\Windows\\SysWOW64\\dllhost.exe"}
{"EventID": "2003", "Channel": "Microsoft-Windows-Windows Firewall With Advanced Security/Firewall", "Provider_Name": "Microsoft-Windows-Windows Firewall With Advanced Security", "Computer": "DESKTOP-OFJ6N53", "TimeCreated": "2025-08-12 12:21:01.075325+00:00", "RecordID": "31319", "Level": "4", "UserID": "S-1-5-19", "EventData.Profiles": "4", "EventData.SettingType": "1", "EventData.SettingValueSize": "4", "EventData.SettingValue": "AAAAAA==", "EventData.SettingValueString": "Нет", "EventData.Origin": "1", "EventData.ModifyingUser": "S-1-5-18", "EventData.ModifyingApplication": "C:\\Windows\\SysWOW64\\dllhost.exe"}
{"EventID": "2006", "Channel": "Microsoft-Windows-Windows Firewall With Advanced Security/Firewall", "Provider_Name": "Microsoft-Windows-Windows Firewall With Advanced Security", "Computer": "DESKTOP-OFJ6N53", "TimeCreated": "2025-08-12 12:23:17.172533+00:00", "RecordID": "31320", "Level": "4", "UserID": "S-1-5-19", "EventData.RuleId": "{2609D10C-3BD0-4A86-8AF8-1E136D8572E2}", "EventData.RuleName": "Chrome Sandbox", "EventData.ModifyingUser": "S-1-5-80-3088073201-1464728630-1879813800-1107566885-823218052", "EventData.ModifyingApplication": "C:\\Windows\\System32\\svchost.exe"}
{"EventID": "2006", "Channel": "Microsoft-Windows-Windows Firewall With Advanced Security/Firewall", "Provider_Name": "Microsoft-Windows-Windows Firewall With Advanced Security", "Computer": "DESKTOP-OFJ6N53", "TimeCreated": "2025-08-12 12:23:17.173399+00:00", "RecordID": "31321", "Level": "4", "UserID": "S-1-5-19", "EventData.RuleId": "{B21CDBEF-6448-457E-B04E-DC9088EBAD5A}", "EventData.RuleName": "Chrome Sandbox", "EventData.ModifyingUser": "S-1-5-80-3088073201-1464728630-1879813800-1107566885-823218052", "EventData.ModifyingApplication": "C:\\Windows\\System32\\svchost.exe"}
{"EventID": "2097", "Channel": "Microsoft-Windows-Windows Firewall With Advanced Security/Firewall", "Provider_Name": "Microsoft-Windows-Windows Firewall With Advanced Security", "Computer": "DESKTOP-OFJ6N53", "TimeCreated": "2025-08-12 12:23:17.175962+00:00", "RecordID": "31322", "Level": "4", "UserID": "S-1-5-19", "EventData.RuleId": "{EB3F6AE4-4AD9-4244-B8D9-2CD81ADE0040}", "EventData.RuleName": "Chrome Sandbox", "EventData.Origin": "1", "EventData.ApplicationPath": null, "EventData.ServiceName": null, "EventData.Direction": "1", "EventData.Protocol": "256", "EventData.LocalPorts": null, "EventData.RemotePorts": null, "EventData.Action": "2", "EventData.Profiles": "2147483647", "EventData.LocalAddresses": "*", "EventData.RemoteAddresses": "*", "EventData.RemoteMachineAuthorizationList": null, "EventData.RemoteUserAuthorizationList": null, "EventData.EmbeddedContext": "Chrome Sandbox", "EventData.Flags": "1", "EventData.Active": "1", "EventData.EdgeTraversal": "0", "EventData.LooseSourceMapped": "0", "EventData.SecurityOptions": "0", "EventData.ModifyingUser": "S-1-5-80-3088073201-1464728630-1879813800-1107566885-823218052", "EventData.ModifyingApplication": "C:\\Windows\\System32\\svchost.exe", "EventData.SchemaVersion": "542", "EventData.RuleStatus": "65536", "EventData.LocalOnlyMapped": "0", "EventData.PolicyAppId": null}
{"EventID": "2097", "Channel": "Microsoft-Windows-Windows Firewall With Advanced Security/Firewall", "Provider_Name": "Microsoft-Windows-Windows Firewall With Advanced Security", "Computer": "DESKTOP-OFJ6N53", "TimeCreated": "2025-08-12 12:23:17.177402+00:00", "RecordID": "31323", "Level": "4", "UserID": "S-1-5-19", "EventData.RuleId": "{6FE4BE92-AACE-42E9-8C85-E68009FD3B46}", "EventData.RuleName": "Chrome Sandbox", "EventData.Origin": "1", "EventData.ApplicationPath": null, "EventData.ServiceName": null, "EventData.Direction": "2", "EventData.Protocol": "256", "EventData.LocalPorts": null, "EventData.RemotePorts": null, "EventData.Action": "2", "EventData.Profiles": "2147483647", "EventData.LocalAddresses": "*", "EventData.RemoteAddresses": "*", "EventData.RemoteMachineAuthorizationList": null, "EventData.RemoteUserAuthorizationList": null, "EventData.EmbeddedContext": "Chrome Sandbox", "EventData.Flags": "1", "EventData.Active": "1", "EventData.EdgeTraversal": "0", "EventData.LooseSourceMapped": "0", "EventData.SecurityOptions": "0", "EventData.ModifyingUser": "S-1-5-80-3088073201-1464728630-1879813800-1107566885-823218052", "EventData.ModifyingApplication": "C:\\Windows\\System32\\svchost.exe", "EventData.SchemaVersion": "542", "EventData.RuleStatus": "65536", "EventData.LocalOnlyMapped": "0", "EventData.PolicyAppId": null}
{"EventID": "2097", "Channel": "Microsoft-Windows-Windows Firewall With Advanced Security/Firewall", "Provider_Name": "Microsoft-Windows-Windows Firewall With Advanced Security", "Computer": "DESKTOP-OFJ6N53", "TimeCreated": "2025-08-13 13:12:18.951204+00:00", "RecordID": "31324", "Level": "4", "UserID": "S-1-5-19", "EventData.RuleId": "{C2BABE99-DF20-4187-9494-C3F225381807}", "EventData.RuleName": "Microsoft Edge (mDNS-входящий)", "EventData.Origin": "1", "EventData.ApplicationPath": "C:\\Program Files (x86)\\Microsoft\\EdgeWebView\\Application\\139.0.3405.86\\msedgewebview2.exe", "EventData.ServiceName": null, "EventData.Direction": "1", "EventData.Protocol": "17", "EventData.LocalPorts": "5353", "EventData.RemotePorts": "*", "EventData.Action": "3", "EventData.Profiles": "2147483647", "EventData.LocalAddresses": "*", "EventData.RemoteAddresses": "*", "EventData.RemoteMachineAuthorizationList": null, "EventData.RemoteUserAuthorizationList": null, "EventData.EmbeddedContext": "Среда выполнения Microsoft Edge WebView2 Runtime", "EventData.Flags": "1", "EventData.Active": "1", "EventData.EdgeTraversal": "0", "EventData.LooseSourceMapped": "0", "EventData.SecurityOptions": "0", "EventData.ModifyingUser": "S-1-5-18", "EventData.ModifyingApplication": "C:\\Program Files (x86)\\Microsoft\\EdgeUpdate\\Install\\{40130C11-9A94-4049-9FD8-48E6576FAD5B}\\EDGEMITMP_AA89F.tmp\\setup.exe", "EventData.SchemaVersion": "542", "EventData.RuleStatus": "65536", "EventData.LocalOnlyMapped": "0", "EventData.PolicyAppId": null}
{"EventID": "2099", "Channel": "Microsoft-Windows-Windows Firewall With Advanced Security/Firewall", "Provider_Name": "Microsoft-Windows-Windows Firewall With Advanced Security", "Computer": "DESKTOP-OFJ6N53", "TimeCreated": "2025-08-13 13:12:30.734468+00:00", "RecordID": "31325", "Level": "4", "UserID": "S-1-5-19", "EventData.RuleId": "{DE6FE509-CB1C-4620-9CCE-E701A1BAEB39}", "EventData.RuleName": "c40b538f-3c6a-4563-a21a-e1a86adf485a", "EventData.Origin": "1", "EventData.ApplicationPath": "C:\\Program Files (x86)\\Microsoft\\EdgeWebView\\Application\\138.0.3351.121\\msedgewebview2.exe", "EventData.ServiceName": null, "EventData.Direction": "1", "EventData.Protocol": "17", "EventData.LocalPorts": "5353", "EventData.RemotePorts": "*", "EventData.Action": "3", "EventData.Profiles": "2147483647", "EventData.LocalAddresses": "*", "EventData.RemoteAddresses": "*", "EventData.RemoteMachineAuthorizationList": null, "EventData.RemoteUserAuthorizationList": null, "EventData.EmbeddedContext": "Среда выполнения Microsoft Edge WebView2 Runtime", "EventData.Flags": "1", "EventData.Active": "1", "EventData.EdgeTraversal": "0", "EventData.LooseSourceMapped": "0", "EventData.SecurityOptions": "0", "EventData.ModifyingUser": "S-1-5-18", "EventData.ModifyingApplication": "C:\\Program Files (x86)\\Microsoft\\EdgeUpdate\\Install\\{40130C11-9A94-4049-9FD8-48E6576FAD5B}\\EDGEMITMP_AA89F.tmp\\setup.exe", "EventData.SchemaVersion": "542", "EventData.RuleStatus": "65536", "EventData.LocalOnlyMapped": "0", "EventData.PolicyAppId": null}
{"EventID": "2006", "Channel": "Microsoft-Windows-Windows Firewall With Advanced Security/Firewall", "Provider_Name": "Microsoft-Windows-Windows Firewall With Advanced Security", "Computer": "DESKTOP-OFJ6N53", "TimeCreated": "2025-08-13 13:12:31.909822+00:00", "RecordID": "31326", "Level": "4", "UserID": "S-1-5-19", "EventData.RuleId": "{DE6FE509-CB1C-4620-9CCE-E701A1BAEB39}", "EventData.RuleName": "c40b538f-3c6a-4563-a21a-e1a86adf485a", "EventData.ModifyingUser": "S-1-5-18", "EventData.ModifyingApplication": "C:\\Program Files (x86)\\Microsoft\\EdgeUpdate\\Install\\{40130C11-9A94-4049-9FD8-48E6576FAD5B}\\EDGEMITMP_AA89F.tmp\\setup.exe"}
{"EventID": "2033", "Channel": "Microsoft-Windows-Windows Firewall With Advanced Security/Firewall", "Provider_Name": "Microsoft-Windows-Windows Firewall With Advanced Security", "Computer": "DESKTOP-OFJ6N53", "TimeCreated": "2025-08-13 14:40:15.823622+00:00", "RecordID": "31327", "Level": "4", "UserID": "S-1-5-19", "EventData.Store Type": "12", "EventData.ModifyingUser": "S-1-5-80-3088073201-1464728630-1879813800-1107566885-823218052", "EventData.ModifyingApplication": "C:\\Windows\\System32\\svchost.exe"}
{"EventID": "2051", "Channel": "Microsoft-Windows-Windows Firewall With Advanced Security/Firewall", "Provider_Name": "Microsoft-Windows-Windows Firewall With Advanced Security", "Computer": "DESKTOP-OFJ6N53", "TimeCreated": "2025-08-13 14:40:15.823645+00:00", "RecordID": "31328", "Level": "4", "UserID": "S-1-5-19", "EventData.ErrorCode": "0", "EventData.PolicyChange": "0"}
{"EventID": "2010", "Channel": "Microsoft-Windows-Windows Firewall With Advanced Security/Firewall", "Provider_Name": "Microsoft-Windows-Windows Firewall With Advanced Security", "Computer": "DESKTOP-OFJ6N53", "TimeCreated": "2025-08-13 14:40:15.931475+00:00", "RecordID": "31329", "Level": "4", "UserID": "S-1-5-19", "EventData.InterfaceGuid": "{bed2c4be-ec11-4cc8-aafc-f0fd7a5e3a02}", "EventData.InterfaceName": "ethernet_32769", "EventData.OldProfile": "2147483649", "EventData.NewProfile": "2"}
{"EventID": "2002", "Channel": "Microsoft-Windows-Windows Firewall With Advanced Security/Firewall", "Provider_Name": "Microsoft-Windows-Windows Firewall With Advanced Security", "Computer": "DESKTOP-OFJ6N53", "TimeCreated": "2025-08-13 14:40:15.960678+00:00", "RecordID": "31330", "Level": "4", "UserID": "S-1-5-19", "EventData.SettingType": "2", "EventData.SettingValueSize": "4", "EventData.SettingValue": "AgAAAA==", "EventData.SettingValueDisplay": "Частный", "EventData.Origin": "1", "EventData.ModifyingUser": "S-1-5-80-3088073201-1464728630-1879813800-1107566885-823218052", "EventData.ModifyingApplication": null}
{"EventID": "2003", "Channel": "Microsoft-Windows-Windows Firewall With Advanced Security/Firewall", "Provider_Name": "Microsoft-Windows-Windows Firewall With Advanced Security", "Computer": "DESKTOP-OFJ6N53", "TimeCreated": "2025-08-13 14:42:59.020954+00:00", "RecordID": "31331", "Level": "4", "UserID": "S-1-5-19", "EventData.Profiles": "1", "EventData.SettingType": "1", "EventData.SettingValueSize": "4", "EventData.SettingValue": "AAAAAA==", "EventData.SettingValueString": "Нет", "EventData.Origin": "1", "EventData.ModifyingUser": "S-1-5-18", "EventData.ModifyingApplication": "C:\\Windows\\SysWOW64\\dllhost.exe"}
{"EventID": "2003", "Channel": "Microsoft-Windows-Windows Firewall With Advanced Security/Firewall", "Provider_Name": "Microsoft-Windows-Windows Firewall With Advanced Security", "Computer": "DESKTOP-OFJ6N53", "TimeCreated": "2025-08-13 14:42:59.096544+00:00", "RecordID": "31332", "Level": "4", "UserID": "S-1-5-19", "EventData.Profiles": "2", "EventData.SettingType": "1", "EventData.SettingValueSize": "4", "EventData.SettingValue": "AAAAAA==", "EventData.SettingValueString": "Нет", "EventData.Origin": "1", "EventData.ModifyingUser": "S-1-5-18", "EventData.ModifyingApplication": "C:\\Windows\\SysWOW64\\dllhost.exe"}
{"EventID": "2003", "Channel": "Microsoft-Windows-Windows Firewall With Advanced Security/Firewall", "Provider_Name": "Microsoft-Windows-Windows Firewall With Advanced Security", "Computer": "DESKTOP-OFJ6N53", "TimeCreated": "2025-08-13 14:42:59.098043+00:00", "RecordID": "31333", "Level": "4", "UserID": "S-1-5-19", "EventData.Profiles": "4", "EventData.SettingType": "1", "EventData.SettingValueSize": "4", "EventData.SettingValue": "AAAAAA==", "EventData.SettingValueString": "Нет", "EventData.Origin": "1", "EventData.ModifyingUser": "S-1-5-18", "EventData.ModifyingApplication": "C:\\Windows\\SysWOW64\\dllhost.exe"}
{"EventID": "2006", "Channel": "Microsoft-Windows-Windows Firewall With Advanced Security/Firewall", "Provider_Name": "Microsoft-Windows-Windows Firewall With Advanced Security", "Computer": "DESKTOP-OFJ6N53", "TimeCreated": "2025-08-13 15:30:16.239595+00:00", "RecordID": "31334", "Level": "4", "UserID": "S-1-5-19", "EventData.RuleId": "{5B794D83-393C-46FF-B62C-E62CE8603594}", "EventData.RuleName": "Usermode Font Driver Host", "EventData.ModifyingUser": "S-1-5-80-3088073201-1464728630-1879813800-1107566885-823218052", "EventData.ModifyingApplication": "C:\\Windows\\System32\\svchost.exe"}
{"EventID": "2006", "Channel": "Microsoft-Windows-Windows Firewall With Advanced Security/Firewall", "Provider_Name": "Microsoft-Windows-Windows Firewall With Advanced Security", "Computer": "DESKTOP-OFJ6N53", "TimeCreated": "2025-08-13 15:30:16.240370+00:00", "RecordID": "31335", "Level": "4", "UserID": "S-1-5-19", "EventData.RuleId": "{846DD98C-4DF6-4F93-949D-BAB706811C9E}", "EventData.RuleName": "Usermode Font Driver Host", "EventData.ModifyingUser": "S-1-5-80-3088073201-1464728630-1879813800-1107566885-823218052", "EventData.ModifyingApplication": "C:\\Windows\\System32\\svchost.exe"}
{"EventID": "2097", "Channel": "Microsoft-Windows-Windows Firewall With Advanced Security/Firewall", "Provider_Name": "Microsoft-Windows-Windows Firewall With Advanced Security", "Computer": "DESKTOP-OFJ6N53", "TimeCreated": "2025-08-13 15:30:16.292740+00:00", "RecordID": "31336", "Level": "4", "UserID": "S-1-5-19", "EventData.RuleId": "{7AD1EFCC-5A0F-46F9-B500-3017CC00B079}", "EventData.RuleName": "Usermode Font Driver Host", "EventData.Origin": "1", "EventData.ApplicationPath": null, "EventData.ServiceName": null, "EventData.Direction": "1", "EventData.Protocol": "256", "EventData.LocalPorts": null, "EventData.RemotePorts": null, "EventData.Action": "2", "EventData.Profiles": "2147483647", "EventData.LocalAddresses": "*", "EventData.RemoteAddresses": "*", "EventData.RemoteMachineAuthorizationList": null, "EventData.RemoteUserAuthorizationList": null, "EventData.EmbeddedContext": "Usermode Font Driver Host", "EventData.Flags": "1", "EventData.Active": "1", "EventData.EdgeTraversal": "0", "EventData.LooseSourceMapped": "0", "EventData.SecurityOptions": "0", "EventData.ModifyingUser": "S-1-5-80-3088073201-1464728630-1879813800-1107566885-823218052", "EventData.ModifyingApplication": "C:\\Windows\\System32\\svchost.exe", "EventData.SchemaVersion": "542", "EventData.RuleStatus": "65536", "EventData.LocalOnlyMapped": "0", "EventData.PolicyAppId": null}
{"EventID": "2097", "Channel": "Microsoft-Windows-Windows Firewall With Advanced Security/Firewall", "Provider_Name": "Microsoft-Windows-Windows Firewall With Advanced Security", "Computer": "DESKTOP-OFJ6N53", "TimeCreated": "2025-08-13 15:30:16.295279+00:00", "RecordID": "31337", "Level": "4", "UserID": "S-1-5-19", "EventData.RuleId": "{C6C54073-93C2-4995-B5CD-986479AD40D8}", "EventData.RuleName": "Usermode Font Driver Host", "EventData.Origin": "1", "EventData.ApplicationPath": null, "EventData.ServiceName": null, "EventData.Direction": "2", "EventData.Protocol": "256", "EventData.LocalPorts": null, "EventData.RemotePorts": null, "EventData.Action": "2", "EventData.Profiles": "2147483647", "EventData.LocalAddresses": "*", "EventData.RemoteAddresses": "*", "EventData.RemoteMachineAuthorizationList": null, "EventData.RemoteUserAuthorizationList": null, "EventData.EmbeddedContext": "Usermode Font Driver Host", "EventData.Flags": "1", "EventData.Active": "1", "EventData.EdgeTraversal": "0", "EventData.LooseSourceMapped": "0", "EventData.SecurityOptions": "0", "EventData.ModifyingUser": "S-1-5-80-3088073201-1464728630-1879813800-1107566885-823218052", "EventData.ModifyingApplication": "C:\\Windows\\System32\\svchost.exe", "EventData.SchemaVersion": "542", "EventData.RuleStatus": "65536", "EventData.LocalOnlyMapped": "0", "EventData.PolicyAppId": null}
{"EventID": "2006", "Channel": "Microsoft-Windows-Windows Firewall With Advanced Security/Firewall", "Provider_Name": "Microsoft-Windows-Windows Firewall With Advanced Security", "Computer": "DESKTOP-OFJ6N53", "TimeCreated": "2025-08-14 09:25:26.240162+00:00", "RecordID": "31338", "Level": "4", "UserID": "S-1-5-19", "EventData.RuleId": "{2385B22D-72A9-43BF-9DF7-8718D83ED5A1}", "EventData.RuleName": "Microsoft Store", "EventData.ModifyingUser": "S-1-5-80-3088073201-1464728630-1879813800-1107566885-823218052", "EventData.ModifyingApplication": "C:\\Windows\\System32\\svchost.exe"}
{"EventID": "2006", "Channel": "Microsoft-Windows-Windows Firewall With Advanced Security/Firewall", "Provider_Name": "Microsoft-Windows-Windows Firewall With Advanced Security", "Computer": "DESKTOP-OFJ6N53", "TimeCreated": "2025-08-14 09:25:26.240871+00:00", "RecordID": "31339", "Level": "4", "UserID": "S-1-5-19", "EventData.RuleId": "{7F06E60F-A7C7-4849-94BC-0AFD7AC6DE35}", "EventData.RuleName": "Microsoft Store", "EventData.ModifyingUser": "S-1-5-80-3088073201-1464728630-1879813800-1107566885-823218052", "EventData.ModifyingApplication": "C:\\Windows\\System32\\svchost.exe"}
{"EventID": "2006", "Channel": "Microsoft-Windows-Windows Firewall With Advanced Security/Firewall", "Provider_Name": "Microsoft-Windows-Windows Firewall With Advanced Security", "Computer": "DESKTOP-OFJ6N53", "TimeCreated": "2025-08-14 09:25:26.241484+00:00", "RecordID": "31340", "Level": "4", "UserID": "S-1-5-19", "EventData.RuleId": "{6A623175-1C7E-42E1-B9AE-5550BCBCEBA9}", "EventData.RuleName": "Microsoft Store", "EventData.ModifyingUser": "S-1-5-80-3088073201-1464728630-1879813800-1107566885-823218052", "EventData.ModifyingApplication": "C:\\Windows\\System32\\svchost.exe"}
{"EventID": "2006", "Channel": "Microsoft-Windows-Windows Firewall With Advanced Security/Firewall", "Provider_Name": "Microsoft-Windows-Windows Firewall With Advanced Security", "Computer": "DESKTOP-OFJ6N53", "TimeCreated": "2025-08-14 09:25:26.242167+00:00", "RecordID": "31341", "Level": "4", "UserID": "S-1-5-19", "EventData.RuleId": "{4488FF6E-1065-42ED-9512-0EF18F18C924}", "EventData.RuleName": "Microsoft Store", "EventData.ModifyingUser": "S-1-5-80-3088073201-1464728630-1879813800-1107566885-823218052", "EventData.ModifyingApplication": "C:\\Windows\\System32\\svchost.exe"}
{"EventID": "2006", "Channel": "Microsoft-Windows-Windows Firewall With Advanced Security/Firewall", "Provider_Name": "Microsoft-Windows-Windows Firewall With Advanced Security", "Computer": "DESKTOP-OFJ6N53", "TimeCreated": "2025-08-14 09:25:26.242781+00:00", "RecordID": "31342", "Level": "4", "UserID": "S-1-5-19", "EventData.RuleId": "{647D4BD2-D274-4011-A15F-23AE2129D834}", "EventData.RuleName": "Microsoft Store", "EventData.ModifyingUser": "S-1-5-80-3088073201-1464728630-1879813800-1107566885-823218052", "EventData.ModifyingApplication": "C:\\Windows\\System32\\svchost.exe"}
