{"EventID": "4001", "Channel": "Microsoft-Windows-LanguagePackSetup/Operational", "Provider_Name": "Microsoft-Windows-LanguagePackSetup", "Computer": "DESKTOP-OFJ6N53", "TimeCreated": "2024-05-20 09:38:18.045885+00:00", "RecordID": "545", "Level": "4", "UserID": "S-1-5-18"}
{"EventID": "4000", "Channel": "Microsoft-Windows-LanguagePackSetup/Operational", "Provider_Name": "Microsoft-Windows-LanguagePackSetup", "Computer": "DESKTOP-OFJ6N53", "TimeCreated": "2024-05-23 09:39:32.899078+00:00", "RecordID": "546", "Level": "4", "UserID": "S-1-5-18"}
{"EventID": "4001", "Channel": "Microsoft-Windows-LanguagePackSetup/Operational", "Provider_Name": "Microsoft-Windows-LanguagePackSetup", "Computer": "DESKTOP-OFJ6N53", "TimeCreated": "2024-05-23 09:39:46.443539+00:00", "RecordID": "547", "Level": "4", "UserID": "S-1-5-18"}
{"EventID": "4000", "Channel": "Microsoft-Windows-LanguagePackSetup/Operational", "Provider_Name": "Microsoft-Windows-LanguagePackSetup", "Computer": "DESKTOP-OFJ6N53", "TimeCreated": "2024-05-26 09:37:52.002848+00:00", "RecordID": "548", "Level": "4", "UserID": "S-1-5-18"}
{"EventID": "4001", "Channel": "Microsoft-Windows-LanguagePackSetup/Operational", "Provider_Name": "Microsoft-Windows-LanguagePackSetup", "Computer": "DESKTOP-OFJ6N53", "TimeCreated": "2024-05-26 09:38:04.304018+00:00", "RecordID": "549", "Level": "4", "UserID": "S-1-5-18"}
{"EventID": "4000", "Channel": "Microsoft-Windows-LanguagePackSetup/Operational", "Provider_Name": "Microsoft-Windows-LanguagePackSetup", "Computer": "DESKTOP-OFJ6N53", "TimeCreated": "2024-05-29 08:33:55.031363+00:00", "RecordID": "550", "Level": "4", "UserID": "S-1-5-18"}
{"EventID": "4001", "Channel": "Microsoft-Windows-LanguagePackSetup/Operational", "Provider_Name": "Microsoft-Windows-LanguagePackSetup", "Computer": "DESKTOP-OFJ6N53", "TimeCreated": "2024-05-29 08:34:05.540840+00:00", "RecordID": "551", "Level": "4", "UserID": "S-1-5-18"}
{"EventID": "4000", "Channel": "Microsoft-Windows-LanguagePackSetup/Operational", "Provider_Name": "Microsoft-Windows-LanguagePackSetup", "Computer": "DESKTOP-OFJ6N53", "TimeCreated": "2024-06-01 08:46:04.040335+00:00", "RecordID": "552", "Level": "4", "UserID": "S-1-5-18"}
{"EventID": "4001", "Channel": "Microsoft-Windows-LanguagePackSetup/Operational", "Provider_Name": "Microsoft-Windows-LanguagePackSetup", "Computer": "DESKTOP-OFJ6N53", "TimeCreated": "2024-06-01 08:46:09.770683+00:00", "RecordID": "553", "Level": "4", "UserID": "S-1-5-18"}
{"EventID": "4000", "Channel": "Microsoft-Windows-LanguagePackSetup/Operational", "Provider_Name": "Microsoft-Windows-LanguagePackSetup", "Computer": "DESKTOP-OFJ6N53", "TimeCreated": "2024-06-04 08:42:29.662086+00:00", "RecordID": "554", "Level": "4", "UserID": "S-1-5-18"}
{"EventID": "4001", "Channel": "Microsoft-Windows-LanguagePackSetup/Operational", "Provider_Name": "Microsoft-Windows-LanguagePackSetup", "Computer": "DESKTOP-OFJ6N53", "TimeCreated": "2024-06-04 08:42:47.949743+00:00", "RecordID": "555", "Level": "4", "UserID": "S-1-5-18"}
{"EventID": "4000", "Channel": "Microsoft-Windows-LanguagePackSetup/Operational", "Provider_Name": "Microsoft-Windows-LanguagePackSetup", "Computer": "DESKTOP-OFJ6N53", "TimeCreated": "2024-06-07 10:16:28.149254+00:00", "RecordID": "556", "Level": "4", "UserID": "S-1-5-18"}
{"EventID": "4001", "Channel": "Microsoft-Windows-LanguagePackSetup/Operational", "Provider_Name": "Microsoft-Windows-LanguagePackSetup", "Computer": "DESKTOP-OFJ6N53", "TimeCreated": "2024-06-07 10:16:32.280233+00:00", "RecordID": "557", "Level": "4", "UserID": "S-1-5-18"}
{"EventID": "4000", "Channel": "Microsoft-Windows-LanguagePackSetup/Operational", "Provider_Name": "Microsoft-Windows-LanguagePackSetup", "Computer": "DESKTOP-OFJ6N53", "TimeCreated": "2024-06-10 09:50:35.714643+00:00", "RecordID": "558", "Level": "4", "UserID": "S-1-5-18"}
{"EventID": "4001", "Channel": "Microsoft-Windows-LanguagePackSetup/Operational", "Provider_Name": "Microsoft-Windows-LanguagePackSetup", "Computer": "DESKTOP-OFJ6N53", "TimeCreated": "2024-06-10 09:50:36.865410+00:00", "RecordID": "559", "Level": "4", "UserID": "S-1-5-18"}
{"EventID": "4000", "Channel": "Microsoft-Windows-LanguagePackSetup/Operational", "Provider_Name": "Microsoft-Windows-LanguagePackSetup", "Computer": "DESKTOP-OFJ6N53", "TimeCreated": "2024-06-13 09:56:58.556446+00:00", "RecordID": "560", "Level": "4", "UserID": "S-1-5-18"}
{"EventID": "4001", "Channel": "Microsoft-Windows-LanguagePackSetup/Operational", "Provider_Name": "Microsoft-Windows-LanguagePackSetup", "Computer": "DESKTOP-OFJ6N53", "TimeCreated": "2024-06-13 09:57:02.587114+00:00", "RecordID": "561", "Level": "4", "UserID": "S-1-5-18"}
{"EventID": "4000", "Channel": "Microsoft-Windows-LanguagePackSetup/Operational", "Provider_Name": "Microsoft-Windows-LanguagePackSetup", "Computer": "DESKTOP-OFJ6N53", "TimeCreated": "2024-06-16 10:18:59.656313+00:00", "RecordID": "562", "Level": "4", "UserID": "S-1-5-18"}
{"EventID": "4001", "Channel": "Microsoft-Windows-LanguagePackSetup/Operational", "Provider_Name": "Microsoft-Windows-LanguagePackSetup", "Computer": "DESKTOP-OFJ6N53", "TimeCreated": "2024-06-16 10:19:00.146597+00:00", "RecordID": "563", "Level": "4", "UserID": "S-1-5-18"}
{"EventID": "4000", "Channel": "Microsoft-Windows-LanguagePackSetup/Operational", "Provider_Name": "Microsoft-Windows-LanguagePackSetup", "Computer": "DESKTOP-OFJ6N53", "TimeCreated": "2024-06-19 09:49:07.979721+00:00", "RecordID": "564", "Level": "4", "UserID": "S-1-5-18"}
{"EventID": "4001", "Channel": "Microsoft-Windows-LanguagePackSetup/Operational", "Provider_Name": "Microsoft-Windows-LanguagePackSetup", "Computer": "DESKTOP-OFJ6N53", "TimeCreated": "2024-06-19 09:49:25.633295+00:00", "RecordID": "565", "Level": "4", "UserID": "S-1-5-18"}
{"EventID": "4000", "Channel": "Microsoft-Windows-LanguagePackSetup/Operational", "Provider_Name": "Microsoft-Windows-LanguagePackSetup", "Computer": "DESKTOP-OFJ6N53", "TimeCreated": "2024-06-22 09:24:47.410831+00:00", "RecordID": "566", "Level": "4", "UserID": "S-1-5-18"}
{"EventID": "4001", "Channel": "Microsoft-Windows-LanguagePackSetup/Operational", "Provider_Name": "Microsoft-Windows-LanguagePackSetup", "Computer": "DESKTOP-OFJ6N53", "TimeCreated": "2024-06-22 09:24:49.164560+00:00", "RecordID": "567", "Level": "4", "UserID": "S-1-5-18"}
{"EventID": "4000", "Channel": "Microsoft-Windows-LanguagePackSetup/Operational", "Provider_Name": "Microsoft-Windows-LanguagePackSetup", "Computer": "DESKTOP-OFJ6N53", "TimeCreated": "2024-06-25 10:19:07.183632+00:00", "RecordID": "568", "Level": "4", "UserID": "S-1-5-18"}
{"EventID": "4001", "Channel": "Microsoft-Windows-LanguagePackSetup/Operational", "Provider_Name": "Microsoft-Windows-LanguagePackSetup", "Computer": "DESKTOP-OFJ6N53", "TimeCreated": "2024-06-25 10:19:10.961384+00:00", "RecordID": "569", "Level": "4", "UserID": "S-1-5-18"}
{"EventID": "4000", "Channel": "Microsoft-Windows-LanguagePackSetup/Operational", "Provider_Name": "Microsoft-Windows-LanguagePackSetup", "Computer": "DESKTOP-OFJ6N53", "TimeCreated": "2024-06-28 09:07:54.973675+00:00", "RecordID": "570", "Level": "4", "UserID": "S-1-5-18"}
{"EventID": "4001", "Channel": "Microsoft-Windows-LanguagePackSetup/Operational", "Provider_Name": "Microsoft-Windows-LanguagePackSetup", "Computer": "DESKTOP-OFJ6N53", "TimeCreated": "2024-06-28 09:07:57.262680+00:00", "RecordID": "571", "Level": "4", "UserID": "S-1-5-18"}
{"EventID": "4000", "Channel": "Microsoft-Windows-LanguagePackSetup/Operational", "Provider_Name": "Microsoft-Windows-LanguagePackSetup", "Computer": "DESKTOP-OFJ6N53", "TimeCreated": "2024-07-01 10:19:17.102852+00:00", "RecordID": "572", "Level": "4", "UserID": "S-1-5-18"}
{"EventID": "4001", "Channel": "Microsoft-Windows-LanguagePackSetup/Operational", "Provider_Name": "Microsoft-Windows-LanguagePackSetup", "Computer": "DESKTOP-OFJ6N53", "TimeCreated": "2024-07-01 10:19:23.801659+00:00", "RecordID": "573", "Level": "4", "UserID": "S-1-5-18"}
{"EventID": "4000", "Channel": "Microsoft-Windows-LanguagePackSetup/Operational", "Provider_Name": "Microsoft-Windows-LanguagePackSetup", "Computer": "DESKTOP-OFJ6N53", "TimeCreated": "2024-07-04 09:21:56.395296+00:00", "RecordID": "574", "Level": "4", "UserID": "S-1-5-18"}
{"EventID": "4001", "Channel": "Microsoft-Windows-LanguagePackSetup/Operational", "Provider_Name": "Microsoft-Windows-LanguagePackSetup", "Computer": "DESKTOP-OFJ6N53", "TimeCreated": "2024-07-04 09:22:01.224380+00:00", "RecordID": "575", "Level": "4", "UserID": "S-1-5-18"}
{"EventID": "4000", "Channel": "Microsoft-Windows-LanguagePackSetup/Operational", "Provider_Name": "Microsoft-Windows-LanguagePackSetup", "Computer": "DESKTOP-OFJ6N53", "TimeCreated": "2024-07-07 09:21:58.684677+00:00", "RecordID": "576", "Level": "4", "UserID": "S-1-5-18"}
{"EventID": "4001", "Channel": "Microsoft-Windows-LanguagePackSetup/Operational", "Provider_Name": "Microsoft-Windows-LanguagePackSetup", "Computer": "DESKTOP-OFJ6N53", "TimeCreated": "2024-07-07 09:21:59.646360+00:00", "RecordID": "577", "Level": "4", "UserID": "S-1-5-18"}
{"EventID": "4000", "Channel": "Microsoft-Windows-LanguagePackSetup/Operational", "Provider_Name": "Microsoft-Windows-LanguagePackSetup", "Computer": "DESKTOP-OFJ6N53", "TimeCreated": "2024-07-10 09:22:02.470509+00:00", "RecordID": "578", "Level": "4", "UserID": "S-1-5-18"}
{"EventID": "4001", "Channel": "Microsoft-Windows-LanguagePackSetup/Operational", "Provider_Name": "Microsoft-Windows-LanguagePackSetup", "Computer": "DESKTOP-OFJ6N53", "TimeCreated": "2024-07-10 09:22:04.847445+00:00", "RecordID": "579", "Level": "4", "UserID": "S-1-5-18"}
{"EventID": "4000", "Channel": "Microsoft-Windows-LanguagePackSetup/Operational", "Provider_Name": "Microsoft-Windows-LanguagePackSetup", "Computer": "DESKTOP-OFJ6N53", "TimeCreated": "2024-07-13 08:33:51.774403+00:00", "RecordID": "580", "Level": "4", "UserID": "S-1-5-18"}
{"EventID": "4001", "Channel": "Microsoft-Windows-LanguagePackSetup/Operational", "Provider_Name": "Microsoft-Windows-LanguagePackSetup", "Computer": "DESKTOP-OFJ6N53", "TimeCreated": "2024-07-13 08:33:52.981607+00:00", "RecordID": "581", "Level": "4", "UserID": "S-1-5-18"}
{"EventID": "4000", "Channel": "Microsoft-Windows-LanguagePackSetup/Operational", "Provider_Name": "Microsoft-Windows-LanguagePackSetup", "Computer": "DESKTOP-OFJ6N53", "TimeCreated": "2024-07-16 08:33:53.751125+00:00", "RecordID": "582", "Level": "4", "UserID": "S-1-5-18"}
{"EventID": "4001", "Channel": "Microsoft-Windows-LanguagePackSetup/Operational", "Provider_Name": "Microsoft-Windows-LanguagePackSetup", "Computer": "DESKTOP-OFJ6N53", "TimeCreated": "2024-07-16 08:33:55.604336+00:00", "RecordID": "583", "Level": "4", "UserID": "S-1-5-18"}
{"EventID": "4000", "Channel": "Microsoft-Windows-LanguagePackSetup/Operational", "Provider_Name": "Microsoft-Windows-LanguagePackSetup", "Computer": "DESKTOP-OFJ6N53", "TimeCreated": "2024-07-19 08:34:01.476301+00:00", "RecordID": "584", "Level": "4", "UserID": "S-1-5-18"}
{"EventID": "4001", "Channel": "Microsoft-Windows-LanguagePackSetup/Operational", "Provider_Name": "Microsoft-Windows-LanguagePackSetup", "Computer": "DESKTOP-OFJ6N53", "TimeCreated": "2024-07-19 08:34:02.215040+00:00", "RecordID": "585", "Level": "4", "UserID": "S-1-5-18"}
{"EventID": "4000", "Channel": "Microsoft-Windows-LanguagePackSetup/Operational", "Provider_Name": "Microsoft-Windows-LanguagePackSetup", "Computer": "DESKTOP-OFJ6N53", "TimeCreated": "2024-07-22 09:27:26.742025+00:00", "RecordID": "586", "Level": "4", "UserID": "S-1-5-18"}
{"EventID": "4001", "Channel": "Microsoft-Windows-LanguagePackSetup/Operational", "Provider_Name": "Microsoft-Windows-LanguagePackSetup", "Computer": "DESKTOP-OFJ6N53", "TimeCreated": "2024-07-22 09:27:27.315670+00:00", "RecordID": "587", "Level": "4", "UserID": "S-1-5-18"}
{"EventID": "4000", "Channel": "Microsoft-Windows-LanguagePackSetup/Operational", "Provider_Name": "Microsoft-Windows-LanguagePackSetup", "Computer": "DESKTOP-OFJ6N53", "TimeCreated": "2024-07-25 09:26:39.777121+00:00", "RecordID": "588", "Level": "4", "UserID": "S-1-5-18"}
{"EventID": "4001", "Channel": "Microsoft-Windows-LanguagePackSetup/Operational", "Provider_Name": "Microsoft-Windows-LanguagePackSetup", "Computer": "DESKTOP-OFJ6N53", "TimeCreated": "2024-07-25 09:26:40.713633+00:00", "RecordID": "589", "Level": "4", "UserID": "S-1-5-18"}
{"EventID": "4000", "Channel": "Microsoft-Windows-LanguagePackSetup/Operational", "Provider_Name": "Microsoft-Windows-LanguagePackSetup", "Computer": "DESKTOP-OFJ6N53", "TimeCreated": "2024-07-28 09:26:43.788687+00:00", "RecordID": "590", "Level": "4", "UserID": "S-1-5-18"}
{"EventID": "4001", "Channel": "Microsoft-Windows-LanguagePackSetup/Operational", "Provider_Name": "Microsoft-Windows-LanguagePackSetup", "Computer": "DESKTOP-OFJ6N53", "TimeCreated": "2024-07-28 09:26:44.445812+00:00", "RecordID": "591", "Level": "4", "UserID": "S-1-5-18"}
{"EventID": "4000", "Channel": "Microsoft-Windows-LanguagePackSetup/Operational", "Provider_Name": "Microsoft-Windows-LanguagePackSetup", "Computer": "DESKTOP-OFJ6N53", "TimeCreated": "2024-07-31 09:14:08.645622+00:00", "RecordID": "592", "Level": "4", "UserID": "S-1-5-18"}
{"EventID": "4001", "Channel": "Microsoft-Windows-LanguagePackSetup/Operational", "Provider_Name": "Microsoft-Windows-LanguagePackSetup", "Computer": "DESKTOP-OFJ6N53", "TimeCreated": "2024-07-31 09:14:23.557529+00:00", "RecordID": "593", "Level": "4", "UserID": "S-1-5-18"}
{"EventID": "4000", "Channel": "Microsoft-Windows-LanguagePackSetup/Operational", "Provider_Name": "Microsoft-Windows-LanguagePackSetup", "Computer": "DESKTOP-OFJ6N53", "TimeCreated": "2024-08-03 09:26:59.275633+00:00", "RecordID": "594", "Level": "4", "UserID": "S-1-5-18"}
{"EventID": "4001", "Channel": "Microsoft-Windows-LanguagePackSetup/Operational", "Provider_Name": "Microsoft-Windows-LanguagePackSetup", "Computer": "DESKTOP-OFJ6N53", "TimeCreated": "2024-08-03 09:27:01.370193+00:00", "RecordID": "595", "Level": "4", "UserID": "S-1-5-18"}
{"EventID": "4000", "Channel": "Microsoft-Windows-LanguagePackSetup/Operational", "Provider_Name": "Microsoft-Windows-LanguagePackSetup", "Computer": "DESKTOP-OFJ6N53", "TimeCreated": "2024-08-06 09:27:05.037693+00:00", "RecordID": "596", "Level": "4", "UserID": "S-1-5-18"}
{"EventID": "4001", "Channel": "Microsoft-Windows-LanguagePackSetup/Operational", "Provider_Name": "Microsoft-Windows-LanguagePackSetup", "Computer": "DESKTOP-OFJ6N53", "TimeCreated": "2024-08-06 09:27:07.072819+00:00", "RecordID": "597", "Level": "4", "UserID": "S-1-5-18"}
{"EventID": "4000", "Channel": "Microsoft-Windows-LanguagePackSetup/Operational", "Provider_Name": "Microsoft-Windows-LanguagePackSetup", "Computer": "DESKTOP-OFJ6N53", "TimeCreated": "2024-08-09 08:56:41.783834+00:00", "RecordID": "598", "Level": "4", "UserID": "S-1-5-18"}
{"EventID": "4001", "Channel": "Microsoft-Windows-LanguagePackSetup/Operational", "Provider_Name": "Microsoft-Windows-LanguagePackSetup", "Computer": "DESKTOP-OFJ6N53", "TimeCreated": "2024-08-09 08:56:43.259712+00:00", "RecordID": "599", "Level": "4", "UserID": "S-1-5-18"}
{"EventID": "4000", "Channel": "Microsoft-Windows-LanguagePackSetup/Operational", "Provider_Name": "Microsoft-Windows-LanguagePackSetup", "Computer": "DESKTOP-OFJ6N53", "TimeCreated": "2024-08-12 09:27:18.677925+00:00", "RecordID": "600", "Level": "4", "UserID": "S-1-5-18"}
{"EventID": "4001", "Channel": "Microsoft-Windows-LanguagePackSetup/Operational", "Provider_Name": "Microsoft-Windows-LanguagePackSetup", "Computer": "DESKTOP-OFJ6N53", "TimeCreated": "2024-08-12 09:27:19.836262+00:00", "RecordID": "601", "Level": "4", "UserID": "S-1-5-18"}
{"EventID": "4000", "Channel": "Microsoft-Windows-LanguagePackSetup/Operational", "Provider_Name": "Microsoft-Windows-LanguagePackSetup", "Computer": "DESKTOP-OFJ6N53", "TimeCreated": "2024-08-15 10:10:14.999973+00:00", "RecordID": "602", "Level": "4", "UserID": "S-1-5-18"}
{"EventID": "4001", "Channel": "Microsoft-Windows-LanguagePackSetup/Operational", "Provider_Name": "Microsoft-Windows-LanguagePackSetup", "Computer": "DESKTOP-OFJ6N53", "TimeCreated": "2024-08-15 10:10:15.499886+00:00", "RecordID": "603", "Level": "4", "UserID": "S-1-5-18"}
{"EventID": "4000", "Channel": "Microsoft-Windows-LanguagePackSetup/Operational", "Provider_Name": "Microsoft-Windows-LanguagePackSetup", "Computer": "DESKTOP-OFJ6N53", "TimeCreated": "2024-08-18 10:10:18.647566+00:00", "RecordID": "604", "Level": "4", "UserID": "S-1-5-18"}
{"EventID": "4001", "Channel": "Microsoft-Windows-LanguagePackSetup/Operational", "Provider_Name": "Microsoft-Windows-LanguagePackSetup", "Computer": "DESKTOP-OFJ6N53", "TimeCreated": "2024-08-18 10:10:20.152931+00:00", "RecordID": "605", "Level": "4", "UserID": "S-1-5-18"}
{"EventID": "4000", "Channel": "Microsoft-Windows-LanguagePackSetup/Operational", "Provider_Name": "Microsoft-Windows-LanguagePackSetup", "Computer": "DESKTOP-OFJ6N53", "TimeCreated": "2024-08-21 10:10:24.026119+00:00", "RecordID": "606", "Level": "4", "UserID": "S-1-5-18"}
{"EventID": "4001", "Channel": "Microsoft-Windows-LanguagePackSetup/Operational", "Provider_Name": "Microsoft-Windows-LanguagePackSetup", "Computer": "DESKTOP-OFJ6N53", "TimeCreated": "2024-08-21 10:10:25.510305+00:00", "RecordID": "607", "Level": "4", "UserID": "S-1-5-18"}
{"EventID": "4000", "Channel": "Microsoft-Windows-LanguagePackSetup/Operational", "Provider_Name": "Microsoft-Windows-LanguagePackSetup", "Computer": "DESKTOP-OFJ6N53", "TimeCreated": "2024-08-24 10:10:27.434938+00:00", "RecordID": "608", "Level": "4", "UserID": "S-1-5-18"}
{"EventID": "4001", "Channel": "Microsoft-Windows-LanguagePackSetup/Operational", "Provider_Name": "Microsoft-Windows-LanguagePackSetup", "Computer": "DESKTOP-OFJ6N53", "TimeCreated": "2024-08-24 10:10:29.113523+00:00", "RecordID": "609", "Level": "4", "UserID": "S-1-5-18"}
{"EventID": "4000", "Channel": "Microsoft-Windows-LanguagePackSetup/Operational", "Provider_Name": "Microsoft-Windows-LanguagePackSetup", "Computer": "DESKTOP-OFJ6N53", "TimeCreated": "2024-08-27 10:10:31.004539+00:00", "RecordID": "610", "Level": "4", "UserID": "S-1-5-18"}
{"EventID": "4001", "Channel": "Microsoft-Windows-LanguagePackSetup/Operational", "Provider_Name": "Microsoft-Windows-LanguagePackSetup", "Computer": "DESKTOP-OFJ6N53", "TimeCreated": "2024-08-27 10:10:32.224133+00:00", "RecordID": "611", "Level": "4", "UserID": "S-1-5-18"}
{"EventID": "4000", "Channel": "Microsoft-Windows-LanguagePackSetup/Operational", "Provider_Name": "Microsoft-Windows-LanguagePackSetup", "Computer": "DESKTOP-OFJ6N53", "TimeCreated": "2024-08-30 10:10:37.879585+00:00", "RecordID": "612", "Level": "4", "UserID": "S-1-5-18"}
{"EventID": "4001", "Channel": "Microsoft-Windows-LanguagePackSetup/Operational", "Provider_Name": "Microsoft-Windows-LanguagePackSetup", "Computer": "DESKTOP-OFJ6N53", "TimeCreated": "2024-08-30 10:10:40.779234+00:00", "RecordID": "613", "Level": "4", "UserID": "S-1-5-18"}
{"EventID": "4000", "Channel": "Microsoft-Windows-LanguagePackSetup/Operational", "Provider_Name": "Microsoft-Windows-LanguagePackSetup", "Computer": "DESKTOP-OFJ6N53", "TimeCreated": "2024-09-02 10:10:43.954939+00:00", "RecordID": "614", "Level": "4", "UserID": "S-1-5-18"}
{"EventID": "4001", "Channel": "Microsoft-Windows-LanguagePackSetup/Operational", "Provider_Name": "Microsoft-Windows-LanguagePackSetup", "Computer": "DESKTOP-OFJ6N53", "TimeCreated": "2024-09-02 10:10:45.039820+00:00", "RecordID": "615", "Level": "4", "UserID": "S-1-5-18"}
{"EventID": "4000", "Channel": "Microsoft-Windows-LanguagePackSetup/Operational", "Provider_Name": "Microsoft-Windows-LanguagePackSetup", "Computer": "DESKTOP-OFJ6N53", "TimeCreated": "2024-09-05 10:10:51.149036+00:00", "RecordID": "616", "Level": "4", "UserID": "S-1-5-18"}
{"EventID": "4001", "Channel": "Microsoft-Windows-LanguagePackSetup/Operational", "Provider_Name": "Microsoft-Windows-LanguagePackSetup", "Computer": "DESKTOP-OFJ6N53", "TimeCreated": "2024-09-05 10:10:52.398758+00:00", "RecordID": "617", "Level": "4", "UserID": "S-1-5-18"}
{"EventID": "4000", "Channel": "Microsoft-Windows-LanguagePackSetup/Operational", "Provider_Name": "Microsoft-Windows-LanguagePackSetup", "Computer": "DESKTOP-OFJ6N53", "TimeCreated": "2024-09-08 09:40:20.721495+00:00", "RecordID": "618", "Level": "4", "UserID": "S-1-5-18"}
{"EventID": "4001", "Channel": "Microsoft-Windows-LanguagePackSetup/Operational", "Provider_Name": "Microsoft-Windows-LanguagePackSetup", "Computer": "DESKTOP-OFJ6N53", "TimeCreated": "2024-09-08 09:40:21.893656+00:00", "RecordID": "619", "Level": "4", "UserID": "S-1-5-18"}
{"EventID": "4000", "Channel": "Microsoft-Windows-LanguagePackSetup/Operational", "Provider_Name": "Microsoft-Windows-LanguagePackSetup", "Computer": "DESKTOP-OFJ6N53", "TimeCreated": "2024-09-11 09:29:37.659277+00:00", "RecordID": "620", "Level": "4", "UserID": "S-1-5-18"}
{"EventID": "4001", "Channel": "Microsoft-Windows-LanguagePackSetup/Operational", "Provider_Name": "Microsoft-Windows-LanguagePackSetup", "Computer": "DESKTOP-OFJ6N53", "TimeCreated": "2024-09-11 09:29:38.706373+00:00", "RecordID": "621", "Level": "4", "UserID": "S-1-5-18"}
{"EventID": "4000", "Channel": "Microsoft-Windows-LanguagePackSetup/Operational", "Provider_Name": "Microsoft-Windows-LanguagePackSetup", "Computer": "DESKTOP-OFJ6N53", "TimeCreated": "2024-09-14 08:51:10.969755+00:00", "RecordID": "622", "Level": "4", "UserID": "S-1-5-18"}
{"EventID": "4001", "Channel": "Microsoft-Windows-LanguagePackSetup/Operational", "Provider_Name": "Microsoft-Windows-LanguagePackSetup", "Computer": "DESKTOP-OFJ6N53", "TimeCreated": "2024-09-14 08:51:11.830053+00:00", "RecordID": "623", "Level": "4", "UserID": "S-1-5-18"}
{"EventID": "4000", "Channel": "Microsoft-Windows-LanguagePackSetup/Operational", "Provider_Name": "Microsoft-Windows-LanguagePackSetup", "Computer": "DESKTOP-OFJ6N53", "TimeCreated": "2024-09-17 08:51:17.075729+00:00", "RecordID": "624", "Level": "4", "UserID": "S-1-5-18"}
{"EventID": "4001", "Channel": "Microsoft-Windows-LanguagePackSetup/Operational", "Provider_Name": "Microsoft-Windows-LanguagePackSetup", "Computer": "DESKTOP-OFJ6N53", "TimeCreated": "2024-09-17 08:51:18.463928+00:00", "RecordID": "625", "Level": "4", "UserID": "S-1-5-18"}
{"EventID": "4000", "Channel": "Microsoft-Windows-LanguagePackSetup/Operational", "Provider_Name": "Microsoft-Windows-LanguagePackSetup", "Computer": "DESKTOP-OFJ6N53", "TimeCreated": "2024-09-20 09:25:28.369234+00:00", "RecordID": "626", "Level": "4", "UserID": "S-1-5-18"}
{"EventID": "4001", "Channel": "Microsoft-Windows-LanguagePackSetup/Operational", "Provider_Name": "Microsoft-Windows-LanguagePackSetup", "Computer": "DESKTOP-OFJ6N53", "TimeCreated": "2024-09-20 09:25:29.123194+00:00", "RecordID": "627", "Level": "4", "UserID": "S-1-5-18"}
{"EventID": "4000", "Channel": "Microsoft-Windows-LanguagePackSetup/Operational", "Provider_Name": "Microsoft-Windows-LanguagePackSetup", "Computer": "DESKTOP-OFJ6N53", "TimeCreated": "2024-09-23 09:25:34.304583+00:00", "RecordID": "628", "Level": "4", "UserID": "S-1-5-18"}
{"EventID": "4001", "Channel": "Microsoft-Windows-LanguagePackSetup/Operational", "Provider_Name": "Microsoft-Windows-LanguagePackSetup", "Computer": "DESKTOP-OFJ6N53", "TimeCreated": "2024-09-23 09:25:35.041639+00:00", "RecordID": "629", "Level": "4", "UserID": "S-1-5-18"}
{"EventID": "4000", "Channel": "Microsoft-Windows-LanguagePackSetup/Operational", "Provider_Name": "Microsoft-Windows-LanguagePackSetup", "Computer": "DESKTOP-OFJ6N53", "TimeCreated": "2024-09-26 09:38:59.376036+00:00", "RecordID": "630", "Level": "4", "UserID": "S-1-5-18"}
{"EventID": "4001", "Channel": "Microsoft-Windows-LanguagePackSetup/Operational", "Provider_Name": "Microsoft-Windows-LanguagePackSetup", "Computer": "DESKTOP-OFJ6N53", "TimeCreated": "2024-09-26 09:39:00.955544+00:00", "RecordID": "631", "Level": "4", "UserID": "S-1-5-18"}
{"EventID": "4000", "Channel": "Microsoft-Windows-LanguagePackSetup/Operational", "Provider_Name": "Microsoft-Windows-LanguagePackSetup", "Computer": "DESKTOP-OFJ6N53", "TimeCreated": "2024-09-29 08:32:36.717777+00:00", "RecordID": "632", "Level": "4", "UserID": "S-1-5-18"}
{"EventID": "4001", "Channel": "Microsoft-Windows-LanguagePackSetup/Operational", "Provider_Name": "Microsoft-Windows-LanguagePackSetup", "Computer": "DESKTOP-OFJ6N53", "TimeCreated": "2024-09-29 08:32:37.200077+00:00", "RecordID": "633", "Level": "4", "UserID": "S-1-5-18"}
{"EventID": "4000", "Channel": "Microsoft-Windows-LanguagePackSetup/Operational", "Provider_Name": "Microsoft-Windows-LanguagePackSetup", "Computer": "DESKTOP-OFJ6N53", "TimeCreated": "2024-10-02 08:29:16.634777+00:00", "RecordID": "634", "Level": "4", "UserID": "S-1-5-18"}
{"EventID": "4001", "Channel": "Microsoft-Windows-LanguagePackSetup/Operational", "Provider_Name": "Microsoft-Windows-LanguagePackSetup", "Computer": "DESKTOP-OFJ6N53", "TimeCreated": "2024-10-02 08:29:21.305607+00:00", "RecordID": "635", "Level": "4", "UserID": "S-1-5-18"}
{"EventID": "4000", "Channel": "Microsoft-Windows-LanguagePackSetup/Operational", "Provider_Name": "Microsoft-Windows-LanguagePackSetup", "Computer": "DESKTOP-OFJ6N53", "TimeCreated": "2024-10-05 10:02:53.272041+00:00", "RecordID": "636", "Level": "4", "UserID": "S-1-5-18"}
{"EventID": "4001", "Channel": "Microsoft-Windows-LanguagePackSetup/Operational", "Provider_Name": "Microsoft-Windows-LanguagePackSetup", "Computer": "DESKTOP-OFJ6N53", "TimeCreated": "2024-10-05 10:02:54.055370+00:00", "RecordID": "637", "Level": "4", "UserID": "S-1-5-18"}
{"EventID": "4000", "Channel": "Microsoft-Windows-LanguagePackSetup/Operational", "Provider_Name": "Microsoft-Windows-LanguagePackSetup", "Computer": "DESKTOP-OFJ6N53", "TimeCreated": "2024-10-08 10:02:59.042583+00:00", "RecordID": "638", "Level": "4", "UserID": "S-1-5-18"}
{"EventID": "4001", "Channel": "Microsoft-Windows-LanguagePackSetup/Operational", "Provider_Name": "Microsoft-Windows-LanguagePackSetup", "Computer": "DESKTOP-OFJ6N53", "TimeCreated": "2024-10-08 10:02:59.765469+00:00", "RecordID": "639", "Level": "4", "UserID": "S-1-5-18"}
{"EventID": "4000", "Channel": "Microsoft-Windows-LanguagePackSetup/Operational", "Provider_Name": "Microsoft-Windows-LanguagePackSetup", "Computer": "DESKTOP-OFJ6N53", "TimeCreated": "2024-10-11 08:25:37.511219+00:00", "RecordID": "640", "Level": "4", "UserID": "S-1-5-18"}
{"EventID": "4001", "Channel": "Microsoft-Windows-LanguagePackSetup/Operational", "Provider_Name": "Microsoft-Windows-LanguagePackSetup", "Computer": "DESKTOP-OFJ6N53", "TimeCreated": "2024-10-11 08:25:38.374277+00:00", "RecordID": "641", "Level": "4", "UserID": "S-1-5-18"}
{"EventID": "4000", "Channel": "Microsoft-Windows-LanguagePackSetup/Operational", "Provider_Name": "Microsoft-Windows-LanguagePackSetup", "Computer": "DESKTOP-OFJ6N53", "TimeCreated": "2024-10-14 08:25:43.437778+00:00", "RecordID": "642", "Level": "4", "UserID": "S-1-5-18"}
{"EventID": "4001", "Channel": "Microsoft-Windows-LanguagePackSetup/Operational", "Provider_Name": "Microsoft-Windows-LanguagePackSetup", "Computer": "DESKTOP-OFJ6N53", "TimeCreated": "2024-10-14 08:25:44.228098+00:00", "RecordID": "643", "Level": "4", "UserID": "S-1-5-18"}
{"EventID": "4000", "Channel": "Microsoft-Windows-LanguagePackSetup/Operational", "Provider_Name": "Microsoft-Windows-LanguagePackSetup", "Computer": "DESKTOP-OFJ6N53", "TimeCreated": "2024-10-17 08:25:51.639692+00:00", "RecordID": "644", "Level": "4", "UserID": "S-1-5-18"}
{"EventID": "4001", "Channel": "Microsoft-Windows-LanguagePackSetup/Operational", "Provider_Name": "Microsoft-Windows-LanguagePackSetup", "Computer": "DESKTOP-OFJ6N53", "TimeCreated": "2024-10-17 08:25:52.736925+00:00", "RecordID": "645", "Level": "4", "UserID": "S-1-5-18"}
{"EventID": "4000", "Channel": "Microsoft-Windows-LanguagePackSetup/Operational", "Provider_Name": "Microsoft-Windows-LanguagePackSetup", "Computer": "DESKTOP-OFJ6N53", "TimeCreated": "2024-10-20 08:26:00.467850+00:00", "RecordID": "646", "Level": "4", "UserID": "S-1-5-18"}
{"EventID": "4001", "Channel": "Microsoft-Windows-LanguagePackSetup/Operational", "Provider_Name": "Microsoft-Windows-LanguagePackSetup", "Computer": "DESKTOP-OFJ6N53", "TimeCreated": "2024-10-20 08:26:01.660395+00:00", "RecordID": "647", "Level": "4", "UserID": "S-1-5-18"}
{"EventID": "4000", "Channel": "Microsoft-Windows-LanguagePackSetup/Operational", "Provider_Name": "Microsoft-Windows-LanguagePackSetup", "Computer": "DESKTOP-OFJ6N53", "TimeCreated": "2024-10-23 08:26:06.885868+00:00", "RecordID": "648", "Level": "4", "UserID": "S-1-5-18"}
{"EventID": "4001", "Channel": "Microsoft-Windows-LanguagePackSetup/Operational", "Provider_Name": "Microsoft-Windows-LanguagePackSetup", "Computer": "DESKTOP-OFJ6N53", "TimeCreated": "2024-10-23 08:26:11.906992+00:00", "RecordID": "649", "Level": "4", "UserID": "S-1-5-18"}
{"EventID": "4000", "Channel": "Microsoft-Windows-LanguagePackSetup/Operational", "Provider_Name": "Microsoft-Windows-LanguagePackSetup", "Computer": "DESKTOP-OFJ6N53", "TimeCreated": "2024-10-26 08:25:54.445698+00:00", "RecordID": "650", "Level": "4", "UserID": "S-1-5-18"}
{"EventID": "4001", "Channel": "Microsoft-Windows-LanguagePackSetup/Operational", "Provider_Name": "Microsoft-Windows-LanguagePackSetup", "Computer": "DESKTOP-OFJ6N53", "TimeCreated": "2024-10-26 08:25:55.518770+00:00", "RecordID": "651", "Level": "4", "UserID": "S-1-5-18"}
{"EventID": "4000", "Channel": "Microsoft-Windows-LanguagePackSetup/Operational", "Provider_Name": "Microsoft-Windows-LanguagePackSetup", "Computer": "DESKTOP-OFJ6N53", "TimeCreated": "2024-10-29 08:26:07.543312+00:00", "RecordID": "652", "Level": "4", "UserID": "S-1-5-18"}
{"EventID": "4001", "Channel": "Microsoft-Windows-LanguagePackSetup/Operational", "Provider_Name": "Microsoft-Windows-LanguagePackSetup", "Computer": "DESKTOP-OFJ6N53", "TimeCreated": "2024-10-29 08:26:08.527159+00:00", "RecordID": "653", "Level": "4", "UserID": "S-1-5-18"}
{"EventID": "4000", "Channel": "Microsoft-Windows-LanguagePackSetup/Operational", "Provider_Name": "Microsoft-Windows-LanguagePackSetup", "Computer": "DESKTOP-OFJ6N53", "TimeCreated": "2024-11-01 08:26:28.229755+00:00", "RecordID": "654", "Level": "4", "UserID": "S-1-5-18"}
{"EventID": "4001", "Channel": "Microsoft-Windows-LanguagePackSetup/Operational", "Provider_Name": "Microsoft-Windows-LanguagePackSetup", "Computer": "DESKTOP-OFJ6N53", "TimeCreated": "2024-11-01 08:26:29.611776+00:00", "RecordID": "655", "Level": "4", "UserID": "S-1-5-18"}
{"EventID": "4000", "Channel": "Microsoft-Windows-LanguagePackSetup/Operational", "Provider_Name": "Microsoft-Windows-LanguagePackSetup", "Computer": "DESKTOP-OFJ6N53", "TimeCreated": "2024-11-04 08:25:52.595001+00:00", "RecordID": "656", "Level": "4", "UserID": "S-1-5-18"}
{"EventID": "4001", "Channel": "Microsoft-Windows-LanguagePackSetup/Operational", "Provider_Name": "Microsoft-Windows-LanguagePackSetup", "Computer": "DESKTOP-OFJ6N53", "TimeCreated": "2024-11-04 08:25:53.857174+00:00", "RecordID": "657", "Level": "4", "UserID": "S-1-5-18"}
{"EventID": "4000", "Channel": "Microsoft-Windows-LanguagePackSetup/Operational", "Provider_Name": "Microsoft-Windows-LanguagePackSetup", "Computer": "DESKTOP-OFJ6N53", "TimeCreated": "2024-11-07 08:26:24.451715+00:00", "RecordID": "658", "Level": "4", "UserID": "S-1-5-18"}
{"EventID": "4001", "Channel": "Microsoft-Windows-LanguagePackSetup/Operational", "Provider_Name": "Microsoft-Windows-LanguagePackSetup", "Computer": "DESKTOP-OFJ6N53", "TimeCreated": "2024-11-07 08:26:25.501661+00:00", "RecordID": "659", "Level": "4", "UserID": "S-1-5-18"}
{"EventID": "4000", "Channel": "Microsoft-Windows-LanguagePackSetup/Operational", "Provider_Name": "Microsoft-Windows-LanguagePackSetup", "Computer": "DESKTOP-OFJ6N53", "TimeCreated": "2024-11-10 08:26:25.955336+00:00", "RecordID": "660", "Level": "4", "UserID": "S-1-5-18"}
{"EventID": "4001", "Channel": "Microsoft-Windows-LanguagePackSetup/Operational", "Provider_Name": "Microsoft-Windows-LanguagePackSetup", "Computer": "DESKTOP-OFJ6N53", "TimeCreated": "2024-11-10 08:26:28.000492+00:00", "RecordID": "661", "Level": "4", "UserID": "S-1-5-18"}
{"EventID": "4000", "Channel": "Microsoft-Windows-LanguagePackSetup/Operational", "Provider_Name": "Microsoft-Windows-LanguagePackSetup", "Computer": "DESKTOP-OFJ6N53", "TimeCreated": "2024-11-13 08:25:56.508190+00:00", "RecordID": "662", "Level": "4", "UserID": "S-1-5-18"}
{"EventID": "4001", "Channel": "Microsoft-Windows-LanguagePackSetup/Operational", "Provider_Name": "Microsoft-Windows-LanguagePackSetup", "Computer": "DESKTOP-OFJ6N53", "TimeCreated": "2024-11-13 08:26:01.207863+00:00", "RecordID": "663", "Level": "4", "UserID": "S-1-5-18"}
{"EventID": "4000", "Channel": "Microsoft-Windows-LanguagePackSetup/Operational", "Provider_Name": "Microsoft-Windows-LanguagePackSetup", "Computer": "DESKTOP-OFJ6N53", "TimeCreated": "2024-11-16 08:45:18.765057+00:00", "RecordID": "664", "Level": "4", "UserID": "S-1-5-18"}
{"EventID": "4001", "Channel": "Microsoft-Windows-LanguagePackSetup/Operational", "Provider_Name": "Microsoft-Windows-LanguagePackSetup", "Computer": "DESKTOP-OFJ6N53", "TimeCreated": "2024-11-16 08:45:19.713007+00:00", "RecordID": "665", "Level": "4", "UserID": "S-1-5-18"}
{"EventID": "4000", "Channel": "Microsoft-Windows-LanguagePackSetup/Operational", "Provider_Name": "Microsoft-Windows-LanguagePackSetup", "Computer": "DESKTOP-OFJ6N53", "TimeCreated": "2024-11-20 13:52:51.015224+00:00", "RecordID": "666", "Level": "4", "UserID": "S-1-5-18"}
{"EventID": "4001", "Channel": "Microsoft-Windows-LanguagePackSetup/Operational", "Provider_Name": "Microsoft-Windows-LanguagePackSetup", "Computer": "DESKTOP-OFJ6N53", "TimeCreated": "2024-11-20 13:53:16.185289+00:00", "RecordID": "667", "Level": "4", "UserID": "S-1-5-18"}
{"EventID": "4000", "Channel": "Microsoft-Windows-LanguagePackSetup/Operational", "Provider_Name": "Microsoft-Windows-LanguagePackSetup", "Computer": "DESKTOP-OFJ6N53", "TimeCreated": "2024-11-22 08:45:34.242216+00:00", "RecordID": "668", "Level": "4", "UserID": "S-1-5-18"}
{"EventID": "4001", "Channel": "Microsoft-Windows-LanguagePackSetup/Operational", "Provider_Name": "Microsoft-Windows-LanguagePackSetup", "Computer": "DESKTOP-OFJ6N53", "TimeCreated": "2024-11-22 08:45:35.348053+00:00", "RecordID": "669", "Level": "4", "UserID": "S-1-5-18"}
{"EventID": "4000", "Channel": "Microsoft-Windows-LanguagePackSetup/Operational", "Provider_Name": "Microsoft-Windows-LanguagePackSetup", "Computer": "DESKTOP-OFJ6N53", "TimeCreated": "2024-11-25 08:45:39.145247+00:00", "RecordID": "670", "Level": "4", "UserID": "S-1-5-18"}
{"EventID": "4001", "Channel": "Microsoft-Windows-LanguagePackSetup/Operational", "Provider_Name": "Microsoft-Windows-LanguagePackSetup", "Computer": "DESKTOP-OFJ6N53", "TimeCreated": "2024-11-25 08:45:40.160610+00:00", "RecordID": "671", "Level": "4", "UserID": "S-1-5-18"}
{"EventID": "4000", "Channel": "Microsoft-Windows-LanguagePackSetup/Operational", "Provider_Name": "Microsoft-Windows-LanguagePackSetup", "Computer": "DESKTOP-OFJ6N53", "TimeCreated": "2024-11-28 08:42:33.860683+00:00", "RecordID": "672", "Level": "4", "UserID": "S-1-5-18"}
{"EventID": "4001", "Channel": "Microsoft-Windows-LanguagePackSetup/Operational", "Provider_Name": "Microsoft-Windows-LanguagePackSetup", "Computer": "DESKTOP-OFJ6N53", "TimeCreated": "2024-11-28 08:42:35.349337+00:00", "RecordID": "673", "Level": "4", "UserID": "S-1-5-18"}
{"EventID": "4000", "Channel": "Microsoft-Windows-LanguagePackSetup/Operational", "Provider_Name": "Microsoft-Windows-LanguagePackSetup", "Computer": "DESKTOP-OFJ6N53", "TimeCreated": "2024-12-01 08:45:58.458179+00:00", "RecordID": "674", "Level": "4", "UserID": "S-1-5-18"}
{"EventID": "4001", "Channel": "Microsoft-Windows-LanguagePackSetup/Operational", "Provider_Name": "Microsoft-Windows-LanguagePackSetup", "Computer": "DESKTOP-OFJ6N53", "TimeCreated": "2024-12-01 08:45:59.763863+00:00", "RecordID": "675", "Level": "4", "UserID": "S-1-5-18"}
{"EventID": "4000", "Channel": "Microsoft-Windows-LanguagePackSetup/Operational", "Provider_Name": "Microsoft-Windows-LanguagePackSetup", "Computer": "DESKTOP-OFJ6N53", "TimeCreated": "2024-12-04 10:24:00.569464+00:00", "RecordID": "676", "Level": "4", "UserID": "S-1-5-18"}
{"EventID": "4001", "Channel": "Microsoft-Windows-LanguagePackSetup/Operational", "Provider_Name": "Microsoft-Windows-LanguagePackSetup", "Computer": "DESKTOP-OFJ6N53", "TimeCreated": "2024-12-04 10:24:04.799160+00:00", "RecordID": "677", "Level": "4", "UserID": "S-1-5-18"}
{"EventID": "4000", "Channel": "Microsoft-Windows-LanguagePackSetup/Operational", "Provider_Name": "Microsoft-Windows-LanguagePackSetup", "Computer": "DESKTOP-OFJ6N53", "TimeCreated": "2024-12-07 10:24:03.342516+00:00", "RecordID": "678", "Level": "4", "UserID": "S-1-5-18"}
{"EventID": "4001", "Channel": "Microsoft-Windows-LanguagePackSetup/Operational", "Provider_Name": "Microsoft-Windows-LanguagePackSetup", "Computer": "DESKTOP-OFJ6N53", "TimeCreated": "2024-12-07 10:24:05.172750+00:00", "RecordID": "679", "Level": "4", "UserID": "S-1-5-18"}
{"EventID": "4000", "Channel": "Microsoft-Windows-LanguagePackSetup/Operational", "Provider_Name": "Microsoft-Windows-LanguagePackSetup", "Computer": "DESKTOP-OFJ6N53", "TimeCreated": "2024-12-10 08:52:27.096792+00:00", "RecordID": "680", "Level": "4", "UserID": "S-1-5-18"}
{"EventID": "4001", "Channel": "Microsoft-Windows-LanguagePackSetup/Operational", "Provider_Name": "Microsoft-Windows-LanguagePackSetup", "Computer": "DESKTOP-OFJ6N53", "TimeCreated": "2024-12-10 08:52:27.734722+00:00", "RecordID": "681", "Level": "4", "UserID": "S-1-5-18"}
{"EventID": "4000", "Channel": "Microsoft-Windows-LanguagePackSetup/Operational", "Provider_Name": "Microsoft-Windows-LanguagePackSetup", "Computer": "DESKTOP-OFJ6N53", "TimeCreated": "2024-12-13 09:06:17.252583+00:00", "RecordID": "682", "Level": "4", "UserID": "S-1-5-18"}
{"EventID": "4001", "Channel": "Microsoft-Windows-LanguagePackSetup/Operational", "Provider_Name": "Microsoft-Windows-LanguagePackSetup", "Computer": "DESKTOP-OFJ6N53", "TimeCreated": "2024-12-13 09:06:17.254120+00:00", "RecordID": "683", "Level": "4", "UserID": "S-1-5-18"}
{"EventID": "4000", "Channel": "Microsoft-Windows-LanguagePackSetup/Operational", "Provider_Name": "Microsoft-Windows-LanguagePackSetup", "Computer": "DESKTOP-OFJ6N53", "TimeCreated": "2024-12-16 09:06:17.294378+00:00", "RecordID": "684", "Level": "4", "UserID": "S-1-5-18"}
{"EventID": "4001", "Channel": "Microsoft-Windows-LanguagePackSetup/Operational", "Provider_Name": "Microsoft-Windows-LanguagePackSetup", "Computer": "DESKTOP-OFJ6N53", "TimeCreated": "2024-12-16 09:06:17.323904+00:00", "RecordID": "685", "Level": "4", "UserID": "S-1-5-18"}
{"EventID": "4000", "Channel": "Microsoft-Windows-LanguagePackSetup/Operational", "Provider_Name": "Microsoft-Windows-LanguagePackSetup", "Computer": "DESKTOP-OFJ6N53", "TimeCreated": "2024-12-19 09:06:32.218845+00:00", "RecordID": "686", "Level": "4", "UserID": "S-1-5-18"}
{"EventID": "4001", "Channel": "Microsoft-Windows-LanguagePackSetup/Operational", "Provider_Name": "Microsoft-Windows-LanguagePackSetup", "Computer": "DESKTOP-OFJ6N53", "TimeCreated": "2024-12-19 09:06:32.219877+00:00", "RecordID": "687", "Level": "4", "UserID": "S-1-5-18"}
{"EventID": "4000", "Channel": "Microsoft-Windows-LanguagePackSetup/Operational", "Provider_Name": "Microsoft-Windows-LanguagePackSetup", "Computer": "DESKTOP-OFJ6N53", "TimeCreated": "2024-12-22 09:06:41.287949+00:00", "RecordID": "688", "Level": "4", "UserID": "S-1-5-18"}
{"EventID": "4001", "Channel": "Microsoft-Windows-LanguagePackSetup/Operational", "Provider_Name": "Microsoft-Windows-LanguagePackSetup", "Computer": "DESKTOP-OFJ6N53", "TimeCreated": "2024-12-22 09:06:41.289162+00:00", "RecordID": "689", "Level": "4", "UserID": "S-1-5-18"}
{"EventID": "4000", "Channel": "Microsoft-Windows-LanguagePackSetup/Operational", "Provider_Name": "Microsoft-Windows-LanguagePackSetup", "Computer": "DESKTOP-OFJ6N53", "TimeCreated": "2024-12-25 08:50:38.031908+00:00", "RecordID": "690", "Level": "4", "UserID": "S-1-5-18"}
{"EventID": "4001", "Channel": "Microsoft-Windows-LanguagePackSetup/Operational", "Provider_Name": "Microsoft-Windows-LanguagePackSetup", "Computer": "DESKTOP-OFJ6N53", "TimeCreated": "2024-12-25 08:50:38.032578+00:00", "RecordID": "691", "Level": "4", "UserID": "S-1-5-18"}
{"EventID": "4000", "Channel": "Microsoft-Windows-LanguagePackSetup/Operational", "Provider_Name": "Microsoft-Windows-LanguagePackSetup", "Computer": "DESKTOP-OFJ6N53", "TimeCreated": "2024-12-28 10:10:14.890030+00:00", "RecordID": "692", "Level": "4", "UserID": "S-1-5-18"}
{"EventID": "4001", "Channel": "Microsoft-Windows-LanguagePackSetup/Operational", "Provider_Name": "Microsoft-Windows-LanguagePackSetup", "Computer": "DESKTOP-OFJ6N53", "TimeCreated": "2024-12-28 10:10:14.897402+00:00", "RecordID": "693", "Level": "4", "UserID": "S-1-5-18"}
{"EventID": "4000", "Channel": "Microsoft-Windows-LanguagePackSetup/Operational", "Provider_Name": "Microsoft-Windows-LanguagePackSetup", "Computer": "DESKTOP-OFJ6N53", "TimeCreated": "2024-12-31 10:10:21.529009+00:00", "RecordID": "694", "Level": "4", "UserID": "S-1-5-18"}
{"EventID": "4001", "Channel": "Microsoft-Windows-LanguagePackSetup/Operational", "Provider_Name": "Microsoft-Windows-LanguagePackSetup", "Computer": "DESKTOP-OFJ6N53", "TimeCreated": "2024-12-31 10:10:21.529684+00:00", "RecordID": "695", "Level": "4", "UserID": "S-1-5-18"}
{"EventID": "4000", "Channel": "Microsoft-Windows-LanguagePackSetup/Operational", "Provider_Name": "Microsoft-Windows-LanguagePackSetup", "Computer": "DESKTOP-OFJ6N53", "TimeCreated": "2025-01-03 10:10:25.326750+00:00", "RecordID": "696", "Level": "4", "UserID": "S-1-5-18"}
{"EventID": "4001", "Channel": "Microsoft-Windows-LanguagePackSetup/Operational", "Provider_Name": "Microsoft-Windows-LanguagePackSetup", "Computer": "DESKTOP-OFJ6N53", "TimeCreated": "2025-01-03 10:10:25.327772+00:00", "RecordID": "697", "Level": "4", "UserID": "S-1-5-18"}
{"EventID": "4000", "Channel": "Microsoft-Windows-LanguagePackSetup/Operational", "Provider_Name": "Microsoft-Windows-LanguagePackSetup", "Computer": "DESKTOP-OFJ6N53", "TimeCreated": "2025-01-06 10:10:29.273224+00:00", "RecordID": "698", "Level": "4", "UserID": "S-1-5-18"}
{"EventID": "4001", "Channel": "Microsoft-Windows-LanguagePackSetup/Operational", "Provider_Name": "Microsoft-Windows-LanguagePackSetup", "Computer": "DESKTOP-OFJ6N53", "TimeCreated": "2025-01-06 10:10:29.274323+00:00", "RecordID": "699", "Level": "4", "UserID": "S-1-5-18"}
{"EventID": "4000", "Channel": "Microsoft-Windows-LanguagePackSetup/Operational", "Provider_Name": "Microsoft-Windows-LanguagePackSetup", "Computer": "DESKTOP-OFJ6N53", "TimeCreated": "2025-01-09 10:10:35.183359+00:00", "RecordID": "700", "Level": "4", "UserID": "S-1-5-18"}
{"EventID": "4001", "Channel": "Microsoft-Windows-LanguagePackSetup/Operational", "Provider_Name": "Microsoft-Windows-LanguagePackSetup", "Computer": "DESKTOP-OFJ6N53", "TimeCreated": "2025-01-09 10:10:35.185493+00:00", "RecordID": "701", "Level": "4", "UserID": "S-1-5-18"}
{"EventID": "4000", "Channel": "Microsoft-Windows-LanguagePackSetup/Operational", "Provider_Name": "Microsoft-Windows-LanguagePackSetup", "Computer": "DESKTOP-OFJ6N53", "TimeCreated": "2025-01-12 08:55:21.634869+00:00", "RecordID": "702", "Level": "4", "UserID": "S-1-5-18"}
{"EventID": "4001", "Channel": "Microsoft-Windows-LanguagePackSetup/Operational", "Provider_Name": "Microsoft-Windows-LanguagePackSetup", "Computer": "DESKTOP-OFJ6N53", "TimeCreated": "2025-01-12 08:55:21.639200+00:00", "RecordID": "703", "Level": "4", "UserID": "S-1-5-18"}
{"EventID": "4000", "Channel": "Microsoft-Windows-LanguagePackSetup/Operational", "Provider_Name": "Microsoft-Windows-LanguagePackSetup", "Computer": "DESKTOP-OFJ6N53", "TimeCreated": "2025-01-15 09:23:33.275171+00:00", "RecordID": "704", "Level": "4", "UserID": "S-1-5-18"}
{"EventID": "4001", "Channel": "Microsoft-Windows-LanguagePackSetup/Operational", "Provider_Name": "Microsoft-Windows-LanguagePackSetup", "Computer": "DESKTOP-OFJ6N53", "TimeCreated": "2025-01-15 09:23:33.275986+00:00", "RecordID": "705", "Level": "4", "UserID": "S-1-5-18"}
{"EventID": "4000", "Channel": "Microsoft-Windows-LanguagePackSetup/Operational", "Provider_Name": "Microsoft-Windows-LanguagePackSetup", "Computer": "DESKTOP-OFJ6N53", "TimeCreated": "2025-01-18 09:22:45.511490+00:00", "RecordID": "706", "Level": "4", "UserID": "S-1-5-18"}
{"EventID": "4001", "Channel": "Microsoft-Windows-LanguagePackSetup/Operational", "Provider_Name": "Microsoft-Windows-LanguagePackSetup", "Computer": "DESKTOP-OFJ6N53", "TimeCreated": "2025-01-18 09:22:45.522251+00:00", "RecordID": "707", "Level": "4", "UserID": "S-1-5-18"}
{"EventID": "4000", "Channel": "Microsoft-Windows-LanguagePackSetup/Operational", "Provider_Name": "Microsoft-Windows-LanguagePackSetup", "Computer": "DESKTOP-OFJ6N53", "TimeCreated": "2025-01-21 09:22:50.688055+00:00", "RecordID": "708", "Level": "4", "UserID": "S-1-5-18"}
{"EventID": "4001", "Channel": "Microsoft-Windows-LanguagePackSetup/Operational", "Provider_Name": "Microsoft-Windows-LanguagePackSetup", "Computer": "DESKTOP-OFJ6N53", "TimeCreated": "2025-01-21 09:22:50.694765+00:00", "RecordID": "709", "Level": "4", "UserID": "S-1-5-18"}
{"EventID": "4000", "Channel": "Microsoft-Windows-LanguagePackSetup/Operational", "Provider_Name": "Microsoft-Windows-LanguagePackSetup", "Computer": "DESKTOP-OFJ6N53", "TimeCreated": "2025-01-24 09:22:56.972164+00:00", "RecordID": "710", "Level": "4", "UserID": "S-1-5-18"}
{"EventID": "4001", "Channel": "Microsoft-Windows-LanguagePackSetup/Operational", "Provider_Name": "Microsoft-Windows-LanguagePackSetup", "Computer": "DESKTOP-OFJ6N53", "TimeCreated": "2025-01-24 09:22:56.972862+00:00", "RecordID": "711", "Level": "4", "UserID": "S-1-5-18"}
{"EventID": "4000", "Channel": "Microsoft-Windows-LanguagePackSetup/Operational", "Provider_Name": "Microsoft-Windows-LanguagePackSetup", "Computer": "DESKTOP-OFJ6N53", "TimeCreated": "2025-01-27 10:03:29.159655+00:00", "RecordID": "712", "Level": "4", "UserID": "S-1-5-18"}
{"EventID": "4001", "Channel": "Microsoft-Windows-LanguagePackSetup/Operational", "Provider_Name": "Microsoft-Windows-LanguagePackSetup", "Computer": "DESKTOP-OFJ6N53", "TimeCreated": "2025-01-27 10:03:29.160662+00:00", "RecordID": "713", "Level": "4", "UserID": "S-1-5-18"}
{"EventID": "4000", "Channel": "Microsoft-Windows-LanguagePackSetup/Operational", "Provider_Name": "Microsoft-Windows-LanguagePackSetup", "Computer": "DESKTOP-OFJ6N53", "TimeCreated": "2025-01-30 10:03:29.899302+00:00", "RecordID": "714", "Level": "4", "UserID": "S-1-5-18"}
{"EventID": "4001", "Channel": "Microsoft-Windows-LanguagePackSetup/Operational", "Provider_Name": "Microsoft-Windows-LanguagePackSetup", "Computer": "DESKTOP-OFJ6N53", "TimeCreated": "2025-01-30 10:03:29.900000+00:00", "RecordID": "715", "Level": "4", "UserID": "S-1-5-18"}
{"EventID": "4000", "Channel": "Microsoft-Windows-LanguagePackSetup/Operational", "Provider_Name": "Microsoft-Windows-LanguagePackSetup", "Computer": "DESKTOP-OFJ6N53", "TimeCreated": "2025-02-02 10:03:45.478071+00:00", "RecordID": "716", "Level": "4", "UserID": "S-1-5-18"}
{"EventID": "4001", "Channel": "Microsoft-Windows-LanguagePackSetup/Operational", "Provider_Name": "Microsoft-Windows-LanguagePackSetup", "Computer": "DESKTOP-OFJ6N53", "TimeCreated": "2025-02-02 10:03:45.478666+00:00", "RecordID": "717", "Level": "4", "UserID": "S-1-5-18"}
{"EventID": "4000", "Channel": "Microsoft-Windows-LanguagePackSetup/Operational", "Provider_Name": "Microsoft-Windows-LanguagePackSetup", "Computer": "DESKTOP-OFJ6N53", "TimeCreated": "2025-02-05 10:04:04.733910+00:00", "RecordID": "718", "Level": "4", "UserID": "S-1-5-18"}
{"EventID": "4001", "Channel": "Microsoft-Windows-LanguagePackSetup/Operational", "Provider_Name": "Microsoft-Windows-LanguagePackSetup", "Computer": "DESKTOP-OFJ6N53", "TimeCreated": "2025-02-05 10:04:04.734596+00:00", "RecordID": "719", "Level": "4", "UserID": "S-1-5-18"}
{"EventID": "4000", "Channel": "Microsoft-Windows-LanguagePackSetup/Operational", "Provider_Name": "Microsoft-Windows-LanguagePackSetup", "Computer": "DESKTOP-OFJ6N53", "TimeCreated": "2025-02-08 10:02:10.992580+00:00", "RecordID": "720", "Level": "4", "UserID": "S-1-5-18"}
{"EventID": "4001", "Channel": "Microsoft-Windows-LanguagePackSetup/Operational", "Provider_Name": "Microsoft-Windows-LanguagePackSetup", "Computer": "DESKTOP-OFJ6N53", "TimeCreated": "2025-02-08 10:02:11.000610+00:00", "RecordID": "721", "Level": "4", "UserID": "S-1-5-18"}
{"EventID": "4000", "Channel": "Microsoft-Windows-LanguagePackSetup/Operational", "Provider_Name": "Microsoft-Windows-LanguagePackSetup", "Computer": "DESKTOP-OFJ6N53", "TimeCreated": "2025-02-11 10:02:15.400768+00:00", "RecordID": "722", "Level": "4", "UserID": "S-1-5-18"}
{"EventID": "4001", "Channel": "Microsoft-Windows-LanguagePackSetup/Operational", "Provider_Name": "Microsoft-Windows-LanguagePackSetup", "Computer": "DESKTOP-OFJ6N53", "TimeCreated": "2025-02-11 10:02:15.401869+00:00", "RecordID": "723", "Level": "4", "UserID": "S-1-5-18"}
{"EventID": "4000", "Channel": "Microsoft-Windows-LanguagePackSetup/Operational", "Provider_Name": "Microsoft-Windows-LanguagePackSetup", "Computer": "DESKTOP-OFJ6N53", "TimeCreated": "2025-02-14 09:03:03.822460+00:00", "RecordID": "724", "Level": "4", "UserID": "S-1-5-18"}
{"EventID": "4001", "Channel": "Microsoft-Windows-LanguagePackSetup/Operational", "Provider_Name": "Microsoft-Windows-LanguagePackSetup", "Computer": "DESKTOP-OFJ6N53", "TimeCreated": "2025-02-14 09:03:03.823326+00:00", "RecordID": "725", "Level": "4", "UserID": "S-1-5-18"}
