{"EventID": "10000", "Channel": "Microsoft-Windows-NetworkProfile/Operational", "Provider_Name": "Microsoft-Windows-NetworkProfile", "Computer": "DESKTOP-OFJ6N53", "TimeCreated": "2024-09-19 07:41:42.694853+00:00", "RecordID": "15305", "Level": "4", "UserID": "S-1-5-19", "EventData.Name": "Неопознанная сеть", "EventData.Description": "Неопознанная сеть", "EventData.Guid": "{6a58e903-9ee1-499c-8ea2-1bd060b8b09b}", "EventData.Type": "0", "EventData.State": "1", "EventData.Category": "0"}
{"EventID": "20002", "Channel": "Microsoft-Windows-NetworkProfile/Operational", "Provider_Name": "Microsoft-Windows-NetworkProfile", "Computer": "DESKTOP-OFJ6N53", "TimeCreated": "2024-09-19 07:41:42.695480+00:00", "RecordID": "15306", "Level": "4", "UserID": "S-1-5-19", "EventData.ProfileGuid": "{00000000-0000-0000-0000-000000000000}", "EventData.InterfaceGuid": "{0172e17a-3456-4bc7-bb55-da15689cd0b2}", "EventData.Category": "0", "EventData.ErrorCodev4": "0", "EventData.ErrorCodev6": "0", "EventData.Context": "3987"}
{"EventID": "4004", "Channel": "Microsoft-Windows-NetworkProfile/Operational", "Provider_Name": "Microsoft-Windows-NetworkProfile", "Computer": "DESKTOP-OFJ6N53", "TimeCreated": "2024-09-19 07:41:47.976587+00:00", "RecordID": "15307", "Level": "4", "UserID": "S-1-5-19", "EventData.NewInternetConnectionProfile": "False", "EventData.ConnectionCostChanged": "False", "EventData.DomainConnectivityLevelChanged": "False", "EventData.NetworkConnectivityLevelChanged": "True", "EventData.HostNameChanged": "True", "EventData.WwanRegistrationStateChanged": "False", "EventData.TetheringOperationalStateChanged": "False", "EventData.TetheringClientCountChanged": "False"}
{"EventID": "4004", "Channel": "Microsoft-Windows-NetworkProfile/Operational", "Provider_Name": "Microsoft-Windows-NetworkProfile", "Computer": "DESKTOP-OFJ6N53", "TimeCreated": "2024-09-19 17:24:32.377855+00:00", "RecordID": "15308", "Level": "4", "UserID": "S-1-5-19", "EventData.NewInternetConnectionProfile": "False", "EventData.ConnectionCostChanged": "False", "EventData.DomainConnectivityLevelChanged": "False", "EventData.NetworkConnectivityLevelChanged": "True", "EventData.HostNameChanged": "True", "EventData.WwanRegistrationStateChanged": "False", "EventData.TetheringOperationalStateChanged": "False", "EventData.TetheringClientCountChanged": "False"}
{"EventID": "4002", "Channel": "Microsoft-Windows-NetworkProfile/Operational", "Provider_Name": "Microsoft-Windows-NetworkProfile", "Computer": "DESKTOP-OFJ6N53", "TimeCreated": "2024-09-19 17:25:27.245058+00:00", "RecordID": "15309", "Level": "4", "UserID": "S-1-5-19", "EventData.InterfaceGuid": "{bed2c4be-ec11-4cc8-aafc-f0fd7a5e3a02}", "EventData.CurrentOrNextState": "1"}
{"EventID": "10000", "Channel": "Microsoft-Windows-NetworkProfile/Operational", "Provider_Name": "Microsoft-Windows-NetworkProfile", "Computer": "DESKTOP-OFJ6N53", "TimeCreated": "2024-09-19 17:25:27.245651+00:00", "RecordID": "15310", "Level": "4", "UserID": "S-1-5-19", "EventData.Name": "Сеть", "EventData.Description": "Сеть", "EventData.Guid": "{19ac8ff0-efa8-408b-8c0c-3213ff4867dc}", "EventData.Type": "0", "EventData.State": "1", "EventData.Category": "1"}
{"EventID": "20002", "Channel": "Microsoft-Windows-NetworkProfile/Operational", "Provider_Name": "Microsoft-Windows-NetworkProfile", "Computer": "DESKTOP-OFJ6N53", "TimeCreated": "2024-09-19 17:25:27.250597+00:00", "RecordID": "15311", "Level": "4", "UserID": "S-1-5-19", "EventData.ProfileGuid": "{19ac8ff0-efa8-408b-8c0c-3213ff4867dc}", "EventData.InterfaceGuid": "{bed2c4be-ec11-4cc8-aafc-f0fd7a5e3a02}", "EventData.Category": "1", "EventData.ErrorCodev4": "0", "EventData.ErrorCodev6": "0", "EventData.Context": "3987"}
{"EventID": "4004", "Channel": "Microsoft-Windows-NetworkProfile/Operational", "Provider_Name": "Microsoft-Windows-NetworkProfile", "Computer": "DESKTOP-OFJ6N53", "TimeCreated": "2024-09-19 17:25:30.664351+00:00", "RecordID": "15312", "Level": "4", "UserID": "S-1-5-19", "EventData.NewInternetConnectionProfile": "True", "EventData.ConnectionCostChanged": "True", "EventData.DomainConnectivityLevelChanged": "False", "EventData.NetworkConnectivityLevelChanged": "True", "EventData.HostNameChanged": "True", "EventData.WwanRegistrationStateChanged": "False", "EventData.TetheringOperationalStateChanged": "False", "EventData.TetheringClientCountChanged": "False"}
{"EventID": "4003", "Channel": "Microsoft-Windows-NetworkProfile/Operational", "Provider_Name": "Microsoft-Windows-NetworkProfile", "Computer": "DESKTOP-OFJ6N53", "TimeCreated": "2024-09-19 17:26:21.467295+00:00", "RecordID": "15313", "Level": "4", "UserID": "S-1-5-19", "EventData.InterfaceGuid": "{f1ef13e0-fbec-4ee4-9746-6f2e5ceab223}", "EventData.CurrentOrNextState": "2"}
{"EventID": "10000", "Channel": "Microsoft-Windows-NetworkProfile/Operational", "Provider_Name": "Microsoft-Windows-NetworkProfile", "Computer": "DESKTOP-OFJ6N53", "TimeCreated": "2024-09-19 17:26:21.467754+00:00", "RecordID": "15314", "Level": "4", "UserID": "S-1-5-19", "EventData.Name": "Неопознанная сеть", "EventData.Description": "Неопознанная сеть", "EventData.Guid": "{49a0ebb6-5e87-4277-a132-7436a00e6425}", "EventData.Type": "0", "EventData.State": "1", "EventData.Category": "0"}
{"EventID": "20002", "Channel": "Microsoft-Windows-NetworkProfile/Operational", "Provider_Name": "Microsoft-Windows-NetworkProfile", "Computer": "DESKTOP-OFJ6N53", "TimeCreated": "2024-09-19 17:26:21.473810+00:00", "RecordID": "15315", "Level": "4", "UserID": "S-1-5-19", "EventData.ProfileGuid": "{00000000-0000-0000-0000-000000000000}", "EventData.InterfaceGuid": "{f1ef13e0-fbec-4ee4-9746-6f2e5ceab223}", "EventData.Category": "0", "EventData.ErrorCodev4": "0", "EventData.ErrorCodev6": "0", "EventData.Context": "3987"}
{"EventID": "4004", "Channel": "Microsoft-Windows-NetworkProfile/Operational", "Provider_Name": "Microsoft-Windows-NetworkProfile", "Computer": "DESKTOP-OFJ6N53", "TimeCreated": "2024-09-19 17:26:25.276493+00:00", "RecordID": "15316", "Level": "4", "UserID": "S-1-5-19", "EventData.NewInternetConnectionProfile": "False", "EventData.ConnectionCostChanged": "False", "EventData.DomainConnectivityLevelChanged": "False", "EventData.NetworkConnectivityLevelChanged": "True", "EventData.HostNameChanged": "True", "EventData.WwanRegistrationStateChanged": "False", "EventData.TetheringOperationalStateChanged": "False", "EventData.TetheringClientCountChanged": "False"}
{"EventID": "4004", "Channel": "Microsoft-Windows-NetworkProfile/Operational", "Provider_Name": "Microsoft-Windows-NetworkProfile", "Computer": "DESKTOP-OFJ6N53", "TimeCreated": "2024-09-20 07:12:05.695736+00:00", "RecordID": "15317", "Level": "4", "UserID": "S-1-5-19", "EventData.NewInternetConnectionProfile": "False", "EventData.ConnectionCostChanged": "False", "EventData.DomainConnectivityLevelChanged": "False", "EventData.NetworkConnectivityLevelChanged": "True", "EventData.HostNameChanged": "True", "EventData.WwanRegistrationStateChanged": "False", "EventData.TetheringOperationalStateChanged": "False", "EventData.TetheringClientCountChanged": "False"}
{"EventID": "4004", "Channel": "Microsoft-Windows-NetworkProfile/Operational", "Provider_Name": "Microsoft-Windows-NetworkProfile", "Computer": "DESKTOP-OFJ6N53", "TimeCreated": "2024-09-20 07:12:16.241079+00:00", "RecordID": "15318", "Level": "4", "UserID": "S-1-5-19", "EventData.NewInternetConnectionProfile": "False", "EventData.ConnectionCostChanged": "False", "EventData.DomainConnectivityLevelChanged": "False", "EventData.NetworkConnectivityLevelChanged": "True", "EventData.HostNameChanged": "True", "EventData.WwanRegistrationStateChanged": "False", "EventData.TetheringOperationalStateChanged": "False", "EventData.TetheringClientCountChanged": "False"}
{"EventID": "4001", "Channel": "Microsoft-Windows-NetworkProfile/Operational", "Provider_Name": "Microsoft-Windows-NetworkProfile", "Computer": "DESKTOP-OFJ6N53", "TimeCreated": "2024-09-22 14:20:47.342812+00:00", "RecordID": "15319", "Level": "4", "UserID": "S-1-5-19", "EventData.InterfaceGuid": "{eb0948ce-2c9d-4bb1-b013-d4771779b95b}", "EventData.CurrentOrNextState": "0"}
{"EventID": "10000", "Channel": "Microsoft-Windows-NetworkProfile/Operational", "Provider_Name": "Microsoft-Windows-NetworkProfile", "Computer": "DESKTOP-OFJ6N53", "TimeCreated": "2024-09-22 14:20:47.343235+00:00", "RecordID": "15320", "Level": "4", "UserID": "S-1-5-19", "EventData.Name": "Идентификация...", "EventData.Description": "Идентификация...", "EventData.Guid": "{61869b47-5d4b-40c1-86d0-aaaccf2b9d63}", "EventData.Type": "0", "EventData.State": "1", "EventData.Category": "0"}
{"EventID": "20002", "Channel": "Microsoft-Windows-NetworkProfile/Operational", "Provider_Name": "Microsoft-Windows-NetworkProfile", "Computer": "DESKTOP-OFJ6N53", "TimeCreated": "2024-09-22 14:20:47.345104+00:00", "RecordID": "15321", "Level": "4", "UserID": "S-1-5-19", "EventData.ProfileGuid": "{ffffffff-ffff-ffff-ffff-ffffffffffff}", "EventData.InterfaceGuid": "{eb0948ce-2c9d-4bb1-b013-d4771779b95b}", "EventData.Category": "0", "EventData.ErrorCodev4": "0", "EventData.ErrorCodev6": "0", "EventData.Context": "3987"}
{"EventID": "4003", "Channel": "Microsoft-Windows-NetworkProfile/Operational", "Provider_Name": "Microsoft-Windows-NetworkProfile", "Computer": "DESKTOP-OFJ6N53", "TimeCreated": "2024-09-22 14:20:48.563169+00:00", "RecordID": "15322", "Level": "4", "UserID": "S-1-5-19", "EventData.InterfaceGuid": "{eb0948ce-2c9d-4bb1-b013-d4771779b95b}", "EventData.CurrentOrNextState": "2"}
{"EventID": "10000", "Channel": "Microsoft-Windows-NetworkProfile/Operational", "Provider_Name": "Microsoft-Windows-NetworkProfile", "Computer": "DESKTOP-OFJ6N53", "TimeCreated": "2024-09-22 14:20:48.563229+00:00", "RecordID": "15323", "Level": "4", "UserID": "S-1-5-19", "EventData.Name": "Неопознанная сеть", "EventData.Description": "Неопознанная сеть", "EventData.Guid": "{49a0ebb6-5e87-4277-a132-7436a00e6425}", "EventData.Type": "0", "EventData.State": "1", "EventData.Category": "0"}
{"EventID": "4004", "Channel": "Microsoft-Windows-NetworkProfile/Operational", "Provider_Name": "Microsoft-Windows-NetworkProfile", "Computer": "DESKTOP-OFJ6N53", "TimeCreated": "2024-09-22 14:20:49.981939+00:00", "RecordID": "15324", "Level": "4", "UserID": "S-1-5-19", "EventData.NewInternetConnectionProfile": "False", "EventData.ConnectionCostChanged": "False", "EventData.DomainConnectivityLevelChanged": "False", "EventData.NetworkConnectivityLevelChanged": "True", "EventData.HostNameChanged": "True", "EventData.WwanRegistrationStateChanged": "False", "EventData.TetheringOperationalStateChanged": "False", "EventData.TetheringClientCountChanged": "False"}
{"EventID": "4002", "Channel": "Microsoft-Windows-NetworkProfile/Operational", "Provider_Name": "Microsoft-Windows-NetworkProfile", "Computer": "DESKTOP-OFJ6N53", "TimeCreated": "2024-09-22 14:20:51.926945+00:00", "RecordID": "15325", "Level": "4", "UserID": "S-1-5-19", "EventData.InterfaceGuid": "{eb0948ce-2c9d-4bb1-b013-d4771779b95b}", "EventData.CurrentOrNextState": "1"}
{"EventID": "20002", "Channel": "Microsoft-Windows-NetworkProfile/Operational", "Provider_Name": "Microsoft-Windows-NetworkProfile", "Computer": "DESKTOP-OFJ6N53", "TimeCreated": "2024-09-22 14:20:51.928888+00:00", "RecordID": "15326", "Level": "4", "UserID": "S-1-5-19", "EventData.ProfileGuid": "{b05282b2-9a7d-4296-bcbe-97f67466924a}", "EventData.InterfaceGuid": "{eb0948ce-2c9d-4bb1-b013-d4771779b95b}", "EventData.Category": "1", "EventData.ErrorCodev4": "0", "EventData.ErrorCodev6": "0", "EventData.Context": "3987"}
{"EventID": "10000", "Channel": "Microsoft-Windows-NetworkProfile/Operational", "Provider_Name": "Microsoft-Windows-NetworkProfile", "Computer": "DESKTOP-OFJ6N53", "TimeCreated": "2024-09-22 14:20:51.929892+00:00", "RecordID": "15327", "Level": "4", "UserID": "S-1-5-19", "EventData.Name": "Сеть 2", "EventData.Description": "Сеть", "EventData.Guid": "{b05282b2-9a7d-4296-bcbe-97f67466924a}", "EventData.Type": "0", "EventData.State": "1", "EventData.Category": "1"}
{"EventID": "4004", "Channel": "Microsoft-Windows-NetworkProfile/Operational", "Provider_Name": "Microsoft-Windows-NetworkProfile", "Computer": "DESKTOP-OFJ6N53", "TimeCreated": "2024-09-22 14:20:53.961119+00:00", "RecordID": "15328", "Level": "4", "UserID": "S-1-5-19", "EventData.NewInternetConnectionProfile": "False", "EventData.ConnectionCostChanged": "False", "EventData.DomainConnectivityLevelChanged": "False", "EventData.NetworkConnectivityLevelChanged": "True", "EventData.HostNameChanged": "False", "EventData.WwanRegistrationStateChanged": "False", "EventData.TetheringOperationalStateChanged": "False", "EventData.TetheringClientCountChanged": "False"}
{"EventID": "4004", "Channel": "Microsoft-Windows-NetworkProfile/Operational", "Provider_Name": "Microsoft-Windows-NetworkProfile", "Computer": "DESKTOP-OFJ6N53", "TimeCreated": "2024-09-22 14:20:56.921434+00:00", "RecordID": "15329", "Level": "4", "UserID": "S-1-5-19", "EventData.NewInternetConnectionProfile": "True", "EventData.ConnectionCostChanged": "False", "EventData.DomainConnectivityLevelChanged": "False", "EventData.NetworkConnectivityLevelChanged": "True", "EventData.HostNameChanged": "False", "EventData.WwanRegistrationStateChanged": "False", "EventData.TetheringOperationalStateChanged": "False", "EventData.TetheringClientCountChanged": "False"}
{"EventID": "10001", "Channel": "Microsoft-Windows-NetworkProfile/Operational", "Provider_Name": "Microsoft-Windows-NetworkProfile", "Computer": "DESKTOP-OFJ6N53", "TimeCreated": "2024-09-22 17:52:57.648981+00:00", "RecordID": "15330", "Level": "4", "UserID": "S-1-5-19", "EventData.Name": "Сеть 2", "EventData.Description": "Сеть", "EventData.Guid": "{b05282b2-9a7d-4296-bcbe-97f67466924a}", "EventData.Type": "0", "EventData.State": "2", "EventData.Category": "1"}
{"EventID": "4004", "Channel": "Microsoft-Windows-NetworkProfile/Operational", "Provider_Name": "Microsoft-Windows-NetworkProfile", "Computer": "DESKTOP-OFJ6N53", "TimeCreated": "2024-09-22 17:52:58.698177+00:00", "RecordID": "15331", "Level": "4", "UserID": "S-1-5-19", "EventData.NewInternetConnectionProfile": "True", "EventData.ConnectionCostChanged": "False", "EventData.DomainConnectivityLevelChanged": "False", "EventData.NetworkConnectivityLevelChanged": "True", "EventData.HostNameChanged": "False", "EventData.WwanRegistrationStateChanged": "False", "EventData.TetheringOperationalStateChanged": "False", "EventData.TetheringClientCountChanged": "False"}
{"EventID": "4004", "Channel": "Microsoft-Windows-NetworkProfile/Operational", "Provider_Name": "Microsoft-Windows-NetworkProfile", "Computer": "DESKTOP-OFJ6N53", "TimeCreated": "2024-09-22 17:53:00.627293+00:00", "RecordID": "15332", "Level": "4", "UserID": "S-1-5-19", "EventData.NewInternetConnectionProfile": "False", "EventData.ConnectionCostChanged": "False", "EventData.DomainConnectivityLevelChanged": "False", "EventData.NetworkConnectivityLevelChanged": "True", "EventData.HostNameChanged": "True", "EventData.WwanRegistrationStateChanged": "False", "EventData.TetheringOperationalStateChanged": "False", "EventData.TetheringClientCountChanged": "False"}
{"EventID": "4001", "Channel": "Microsoft-Windows-NetworkProfile/Operational", "Provider_Name": "Microsoft-Windows-NetworkProfile", "Computer": "DESKTOP-OFJ6N53", "TimeCreated": "2024-09-22 20:15:48.874990+00:00", "RecordID": "15333", "Level": "4", "UserID": "S-1-5-19", "EventData.InterfaceGuid": "{eb0948ce-2c9d-4bb1-b013-d4771779b95b}", "EventData.CurrentOrNextState": "0"}
{"EventID": "10000", "Channel": "Microsoft-Windows-NetworkProfile/Operational", "Provider_Name": "Microsoft-Windows-NetworkProfile", "Computer": "DESKTOP-OFJ6N53", "TimeCreated": "2024-09-22 20:15:48.875589+00:00", "RecordID": "15334", "Level": "4", "UserID": "S-1-5-19", "EventData.Name": "Идентификация...", "EventData.Description": "Идентификация...", "EventData.Guid": "{61869b47-5d4b-40c1-86d0-aaaccf2b9d63}", "EventData.Type": "0", "EventData.State": "1", "EventData.Category": "0"}
{"EventID": "20002", "Channel": "Microsoft-Windows-NetworkProfile/Operational", "Provider_Name": "Microsoft-Windows-NetworkProfile", "Computer": "DESKTOP-OFJ6N53", "TimeCreated": "2024-09-22 20:15:48.878481+00:00", "RecordID": "15335", "Level": "4", "UserID": "S-1-5-19", "EventData.ProfileGuid": "{ffffffff-ffff-ffff-ffff-ffffffffffff}", "EventData.InterfaceGuid": "{eb0948ce-2c9d-4bb1-b013-d4771779b95b}", "EventData.Category": "0", "EventData.ErrorCodev4": "0", "EventData.ErrorCodev6": "0", "EventData.Context": "3987"}
{"EventID": "4003", "Channel": "Microsoft-Windows-NetworkProfile/Operational", "Provider_Name": "Microsoft-Windows-NetworkProfile", "Computer": "DESKTOP-OFJ6N53", "TimeCreated": "2024-09-22 20:15:50.078522+00:00", "RecordID": "15336", "Level": "4", "UserID": "S-1-5-19", "EventData.InterfaceGuid": "{eb0948ce-2c9d-4bb1-b013-d4771779b95b}", "EventData.CurrentOrNextState": "2"}
{"EventID": "10000", "Channel": "Microsoft-Windows-NetworkProfile/Operational", "Provider_Name": "Microsoft-Windows-NetworkProfile", "Computer": "DESKTOP-OFJ6N53", "TimeCreated": "2024-09-22 20:15:50.078592+00:00", "RecordID": "15337", "Level": "4", "UserID": "S-1-5-19", "EventData.Name": "Неопознанная сеть", "EventData.Description": "Неопознанная сеть", "EventData.Guid": "{49a0ebb6-5e87-4277-a132-7436a00e6425}", "EventData.Type": "0", "EventData.State": "1", "EventData.Category": "0"}
{"EventID": "4004", "Channel": "Microsoft-Windows-NetworkProfile/Operational", "Provider_Name": "Microsoft-Windows-NetworkProfile", "Computer": "DESKTOP-OFJ6N53", "TimeCreated": "2024-09-22 20:15:52.058825+00:00", "RecordID": "15338", "Level": "4", "UserID": "S-1-5-19", "EventData.NewInternetConnectionProfile": "False", "EventData.ConnectionCostChanged": "False", "EventData.DomainConnectivityLevelChanged": "False", "EventData.NetworkConnectivityLevelChanged": "True", "EventData.HostNameChanged": "True", "EventData.WwanRegistrationStateChanged": "False", "EventData.TetheringOperationalStateChanged": "False", "EventData.TetheringClientCountChanged": "False"}
{"EventID": "4002", "Channel": "Microsoft-Windows-NetworkProfile/Operational", "Provider_Name": "Microsoft-Windows-NetworkProfile", "Computer": "DESKTOP-OFJ6N53", "TimeCreated": "2024-09-22 20:15:53.504389+00:00", "RecordID": "15339", "Level": "4", "UserID": "S-1-5-19", "EventData.InterfaceGuid": "{eb0948ce-2c9d-4bb1-b013-d4771779b95b}", "EventData.CurrentOrNextState": "1"}
{"EventID": "10000", "Channel": "Microsoft-Windows-NetworkProfile/Operational", "Provider_Name": "Microsoft-Windows-NetworkProfile", "Computer": "DESKTOP-OFJ6N53", "TimeCreated": "2024-09-22 20:15:53.505333+00:00", "RecordID": "15340", "Level": "4", "UserID": "S-1-5-19", "EventData.Name": "Сеть 2", "EventData.Description": "Сеть", "EventData.Guid": "{b05282b2-9a7d-4296-bcbe-97f67466924a}", "EventData.Type": "0", "EventData.State": "1", "EventData.Category": "1"}
{"EventID": "20002", "Channel": "Microsoft-Windows-NetworkProfile/Operational", "Provider_Name": "Microsoft-Windows-NetworkProfile", "Computer": "DESKTOP-OFJ6N53", "TimeCreated": "2024-09-22 20:15:53.508699+00:00", "RecordID": "15341", "Level": "4", "UserID": "S-1-5-19", "EventData.ProfileGuid": "{b05282b2-9a7d-4296-bcbe-97f67466924a}", "EventData.InterfaceGuid": "{eb0948ce-2c9d-4bb1-b013-d4771779b95b}", "EventData.Category": "1", "EventData.ErrorCodev4": "0", "EventData.ErrorCodev6": "0", "EventData.Context": "3987"}
{"EventID": "4004", "Channel": "Microsoft-Windows-NetworkProfile/Operational", "Provider_Name": "Microsoft-Windows-NetworkProfile", "Computer": "DESKTOP-OFJ6N53", "TimeCreated": "2024-09-22 20:15:55.559401+00:00", "RecordID": "15342", "Level": "4", "UserID": "S-1-5-19", "EventData.NewInternetConnectionProfile": "True", "EventData.ConnectionCostChanged": "False", "EventData.DomainConnectivityLevelChanged": "False", "EventData.NetworkConnectivityLevelChanged": "True", "EventData.HostNameChanged": "False", "EventData.WwanRegistrationStateChanged": "False", "EventData.TetheringOperationalStateChanged": "False", "EventData.TetheringClientCountChanged": "False"}
{"EventID": "10001", "Channel": "Microsoft-Windows-NetworkProfile/Operational", "Provider_Name": "Microsoft-Windows-NetworkProfile", "Computer": "DESKTOP-OFJ6N53", "TimeCreated": "2024-09-23 00:49:34.291563+00:00", "RecordID": "15343", "Level": "4", "UserID": "S-1-5-19", "EventData.Name": "Сеть 2", "EventData.Description": "Сеть", "EventData.Guid": "{b05282b2-9a7d-4296-bcbe-97f67466924a}", "EventData.Type": "0", "EventData.State": "2", "EventData.Category": "1"}
{"EventID": "4004", "Channel": "Microsoft-Windows-NetworkProfile/Operational", "Provider_Name": "Microsoft-Windows-NetworkProfile", "Computer": "DESKTOP-OFJ6N53", "TimeCreated": "2024-09-23 00:49:35.383883+00:00", "RecordID": "15344", "Level": "4", "UserID": "S-1-5-19", "EventData.NewInternetConnectionProfile": "True", "EventData.ConnectionCostChanged": "False", "EventData.DomainConnectivityLevelChanged": "False", "EventData.NetworkConnectivityLevelChanged": "True", "EventData.HostNameChanged": "False", "EventData.WwanRegistrationStateChanged": "False", "EventData.TetheringOperationalStateChanged": "False", "EventData.TetheringClientCountChanged": "False"}
{"EventID": "4004", "Channel": "Microsoft-Windows-NetworkProfile/Operational", "Provider_Name": "Microsoft-Windows-NetworkProfile", "Computer": "DESKTOP-OFJ6N53", "TimeCreated": "2024-09-23 00:49:37.274677+00:00", "RecordID": "15345", "Level": "4", "UserID": "S-1-5-19", "EventData.NewInternetConnectionProfile": "False", "EventData.ConnectionCostChanged": "False", "EventData.DomainConnectivityLevelChanged": "False", "EventData.NetworkConnectivityLevelChanged": "True", "EventData.HostNameChanged": "True", "EventData.WwanRegistrationStateChanged": "False", "EventData.TetheringOperationalStateChanged": "False", "EventData.TetheringClientCountChanged": "False"}
{"EventID": "4002", "Channel": "Microsoft-Windows-NetworkProfile/Operational", "Provider_Name": "Microsoft-Windows-NetworkProfile", "Computer": "DESKTOP-OFJ6N53", "TimeCreated": "2024-09-24 10:57:32.862413+00:00", "RecordID": "15346", "Level": "4", "UserID": "S-1-5-19", "EventData.InterfaceGuid": "{bed2c4be-ec11-4cc8-aafc-f0fd7a5e3a02}", "EventData.CurrentOrNextState": "1"}
{"EventID": "10000", "Channel": "Microsoft-Windows-NetworkProfile/Operational", "Provider_Name": "Microsoft-Windows-NetworkProfile", "Computer": "DESKTOP-OFJ6N53", "TimeCreated": "2024-09-24 10:57:32.863199+00:00", "RecordID": "15347", "Level": "4", "UserID": "S-1-5-19", "EventData.Name": "Сеть", "EventData.Description": "Сеть", "EventData.Guid": "{19ac8ff0-efa8-408b-8c0c-3213ff4867dc}", "EventData.Type": "0", "EventData.State": "1", "EventData.Category": "1"}
{"EventID": "20002", "Channel": "Microsoft-Windows-NetworkProfile/Operational", "Provider_Name": "Microsoft-Windows-NetworkProfile", "Computer": "DESKTOP-OFJ6N53", "TimeCreated": "2024-09-24 10:57:32.866571+00:00", "RecordID": "15348", "Level": "4", "UserID": "S-1-5-19", "EventData.ProfileGuid": "{19ac8ff0-efa8-408b-8c0c-3213ff4867dc}", "EventData.InterfaceGuid": "{bed2c4be-ec11-4cc8-aafc-f0fd7a5e3a02}", "EventData.Category": "1", "EventData.ErrorCodev4": "0", "EventData.ErrorCodev6": "0", "EventData.Context": "3987"}
{"EventID": "4004", "Channel": "Microsoft-Windows-NetworkProfile/Operational", "Provider_Name": "Microsoft-Windows-NetworkProfile", "Computer": "DESKTOP-OFJ6N53", "TimeCreated": "2024-09-24 10:57:37.400091+00:00", "RecordID": "15349", "Level": "4", "UserID": "S-1-5-19", "EventData.NewInternetConnectionProfile": "True", "EventData.ConnectionCostChanged": "True", "EventData.DomainConnectivityLevelChanged": "False", "EventData.NetworkConnectivityLevelChanged": "True", "EventData.HostNameChanged": "True", "EventData.WwanRegistrationStateChanged": "False", "EventData.TetheringOperationalStateChanged": "False", "EventData.TetheringClientCountChanged": "False"}
{"EventID": "4003", "Channel": "Microsoft-Windows-NetworkProfile/Operational", "Provider_Name": "Microsoft-Windows-NetworkProfile", "Computer": "DESKTOP-OFJ6N53", "TimeCreated": "2024-09-24 12:13:52.221100+00:00", "RecordID": "15350", "Level": "4", "UserID": "S-1-5-19", "EventData.InterfaceGuid": "{eb0948ce-2c9d-4bb1-b013-d4771779b95b}", "EventData.CurrentOrNextState": "2"}
{"EventID": "10000", "Channel": "Microsoft-Windows-NetworkProfile/Operational", "Provider_Name": "Microsoft-Windows-NetworkProfile", "Computer": "DESKTOP-OFJ6N53", "TimeCreated": "2024-09-24 12:13:52.221481+00:00", "RecordID": "15351", "Level": "4", "UserID": "S-1-5-19", "EventData.Name": "Неопознанная сеть", "EventData.Description": "Неопознанная сеть", "EventData.Guid": "{30b59c79-03f4-4640-a339-d9dc5df12d73}", "EventData.Type": "0", "EventData.State": "1", "EventData.Category": "0"}
{"EventID": "20002", "Channel": "Microsoft-Windows-NetworkProfile/Operational", "Provider_Name": "Microsoft-Windows-NetworkProfile", "Computer": "DESKTOP-OFJ6N53", "TimeCreated": "2024-09-24 12:13:52.224047+00:00", "RecordID": "15352", "Level": "4", "UserID": "S-1-5-19", "EventData.ProfileGuid": "{00000000-0000-0000-0000-000000000000}", "EventData.InterfaceGuid": "{eb0948ce-2c9d-4bb1-b013-d4771779b95b}", "EventData.Category": "0", "EventData.ErrorCodev4": "0", "EventData.ErrorCodev6": "0", "EventData.Context": "3987"}
{"EventID": "4004", "Channel": "Microsoft-Windows-NetworkProfile/Operational", "Provider_Name": "Microsoft-Windows-NetworkProfile", "Computer": "DESKTOP-OFJ6N53", "TimeCreated": "2024-09-24 12:13:54.239920+00:00", "RecordID": "15353", "Level": "4", "UserID": "S-1-5-19", "EventData.NewInternetConnectionProfile": "False", "EventData.ConnectionCostChanged": "False", "EventData.DomainConnectivityLevelChanged": "False", "EventData.NetworkConnectivityLevelChanged": "True", "EventData.HostNameChanged": "True", "EventData.WwanRegistrationStateChanged": "False", "EventData.TetheringOperationalStateChanged": "False", "EventData.TetheringClientCountChanged": "False"}
{"EventID": "4002", "Channel": "Microsoft-Windows-NetworkProfile/Operational", "Provider_Name": "Microsoft-Windows-NetworkProfile", "Computer": "DESKTOP-OFJ6N53", "TimeCreated": "2024-09-24 12:13:56.976929+00:00", "RecordID": "15354", "Level": "4", "UserID": "S-1-5-19", "EventData.InterfaceGuid": "{eb0948ce-2c9d-4bb1-b013-d4771779b95b}", "EventData.CurrentOrNextState": "1"}
{"EventID": "10000", "Channel": "Microsoft-Windows-NetworkProfile/Operational", "Provider_Name": "Microsoft-Windows-NetworkProfile", "Computer": "DESKTOP-OFJ6N53", "TimeCreated": "2024-09-24 12:13:56.977621+00:00", "RecordID": "15355", "Level": "4", "UserID": "S-1-5-19", "EventData.Name": "Сеть 2", "EventData.Description": "Сеть", "EventData.Guid": "{b05282b2-9a7d-4296-bcbe-97f67466924a}", "EventData.Type": "0", "EventData.State": "1", "EventData.Category": "1"}
{"EventID": "20002", "Channel": "Microsoft-Windows-NetworkProfile/Operational", "Provider_Name": "Microsoft-Windows-NetworkProfile", "Computer": "DESKTOP-OFJ6N53", "TimeCreated": "2024-09-24 12:13:56.982639+00:00", "RecordID": "15356", "Level": "4", "UserID": "S-1-5-19", "EventData.ProfileGuid": "{b05282b2-9a7d-4296-bcbe-97f67466924a}", "EventData.InterfaceGuid": "{eb0948ce-2c9d-4bb1-b013-d4771779b95b}", "EventData.Category": "1", "EventData.ErrorCodev4": "0", "EventData.ErrorCodev6": "0", "EventData.Context": "3987"}
{"EventID": "4004", "Channel": "Microsoft-Windows-NetworkProfile/Operational", "Provider_Name": "Microsoft-Windows-NetworkProfile", "Computer": "DESKTOP-OFJ6N53", "TimeCreated": "2024-09-24 12:13:59.016245+00:00", "RecordID": "15357", "Level": "4", "UserID": "S-1-5-19", "EventData.NewInternetConnectionProfile": "True", "EventData.ConnectionCostChanged": "False", "EventData.DomainConnectivityLevelChanged": "False", "EventData.NetworkConnectivityLevelChanged": "True", "EventData.HostNameChanged": "False", "EventData.WwanRegistrationStateChanged": "False", "EventData.TetheringOperationalStateChanged": "False", "EventData.TetheringClientCountChanged": "False"}
{"EventID": "4003", "Channel": "Microsoft-Windows-NetworkProfile/Operational", "Provider_Name": "Microsoft-Windows-NetworkProfile", "Computer": "DESKTOP-OFJ6N53", "TimeCreated": "2024-09-24 12:15:24.376785+00:00", "RecordID": "15358", "Level": "4", "UserID": "S-1-5-19", "EventData.InterfaceGuid": "{eb0948ce-2c9d-4bb1-b013-d4771779b95b}", "EventData.CurrentOrNextState": "2"}
{"EventID": "10000", "Channel": "Microsoft-Windows-NetworkProfile/Operational", "Provider_Name": "Microsoft-Windows-NetworkProfile", "Computer": "DESKTOP-OFJ6N53", "TimeCreated": "2024-09-24 12:15:24.376905+00:00", "RecordID": "15359", "Level": "4", "UserID": "S-1-5-19", "EventData.Name": "Неопознанная сеть", "EventData.Description": "Неопознанная сеть", "EventData.Guid": "{30b59c79-03f4-4640-a339-d9dc5df12d73}", "EventData.Type": "0", "EventData.State": "9", "EventData.Category": "0"}
{"EventID": "10001", "Channel": "Microsoft-Windows-NetworkProfile/Operational", "Provider_Name": "Microsoft-Windows-NetworkProfile", "Computer": "DESKTOP-OFJ6N53", "TimeCreated": "2024-09-24 12:15:24.377140+00:00", "RecordID": "15360", "Level": "4", "UserID": "S-1-5-19", "EventData.Name": "Сеть 2", "EventData.Description": "Сеть", "EventData.Guid": "{b05282b2-9a7d-4296-bcbe-97f67466924a}", "EventData.Type": "0", "EventData.State": "2", "EventData.Category": "1"}
{"EventID": "20002", "Channel": "Microsoft-Windows-NetworkProfile/Operational", "Provider_Name": "Microsoft-Windows-NetworkProfile", "Computer": "DESKTOP-OFJ6N53", "TimeCreated": "2024-09-24 12:15:24.382563+00:00", "RecordID": "15361", "Level": "4", "UserID": "S-1-5-19", "EventData.ProfileGuid": "{00000000-0000-0000-0000-000000000000}", "EventData.InterfaceGuid": "{eb0948ce-2c9d-4bb1-b013-d4771779b95b}", "EventData.Category": "0", "EventData.ErrorCodev4": "0", "EventData.ErrorCodev6": "0", "EventData.Context": "3987"}
{"EventID": "4004", "Channel": "Microsoft-Windows-NetworkProfile/Operational", "Provider_Name": "Microsoft-Windows-NetworkProfile", "Computer": "DESKTOP-OFJ6N53", "TimeCreated": "2024-09-24 12:15:26.689253+00:00", "RecordID": "15362", "Level": "4", "UserID": "S-1-5-19", "EventData.NewInternetConnectionProfile": "True", "EventData.ConnectionCostChanged": "False", "EventData.DomainConnectivityLevelChanged": "False", "EventData.NetworkConnectivityLevelChanged": "True", "EventData.HostNameChanged": "True", "EventData.WwanRegistrationStateChanged": "False", "EventData.TetheringOperationalStateChanged": "False", "EventData.TetheringClientCountChanged": "False"}
{"EventID": "4004", "Channel": "Microsoft-Windows-NetworkProfile/Operational", "Provider_Name": "Microsoft-Windows-NetworkProfile", "Computer": "DESKTOP-OFJ6N53", "TimeCreated": "2024-09-24 12:15:28.760401+00:00", "RecordID": "15363", "Level": "4", "UserID": "S-1-5-19", "EventData.NewInternetConnectionProfile": "False", "EventData.ConnectionCostChanged": "False", "EventData.DomainConnectivityLevelChanged": "False", "EventData.NetworkConnectivityLevelChanged": "True", "EventData.HostNameChanged": "False", "EventData.WwanRegistrationStateChanged": "False", "EventData.TetheringOperationalStateChanged": "False", "EventData.TetheringClientCountChanged": "False"}
{"EventID": "4001", "Channel": "Microsoft-Windows-NetworkProfile/Operational", "Provider_Name": "Microsoft-Windows-NetworkProfile", "Computer": "DESKTOP-OFJ6N53", "TimeCreated": "2024-09-24 12:15:34.511162+00:00", "RecordID": "15364", "Level": "4", "UserID": "S-1-5-19", "EventData.InterfaceGuid": "{36107176-2631-40d4-9a54-9e8046067dc5}", "EventData.CurrentOrNextState": "0"}
{"EventID": "10000", "Channel": "Microsoft-Windows-NetworkProfile/Operational", "Provider_Name": "Microsoft-Windows-NetworkProfile", "Computer": "DESKTOP-OFJ6N53", "TimeCreated": "2024-09-24 12:15:34.511301+00:00", "RecordID": "15365", "Level": "4", "UserID": "S-1-5-19", "EventData.Name": "Идентификация...", "EventData.Description": "Идентификация...", "EventData.Guid": "{d4e5271f-8377-4f58-bed6-ac663f126e55}", "EventData.Type": "0", "EventData.State": "1", "EventData.Category": "0"}
{"EventID": "20002", "Channel": "Microsoft-Windows-NetworkProfile/Operational", "Provider_Name": "Microsoft-Windows-NetworkProfile", "Computer": "DESKTOP-OFJ6N53", "TimeCreated": "2024-09-24 12:15:34.527008+00:00", "RecordID": "15366", "Level": "4", "UserID": "S-1-5-19", "EventData.ProfileGuid": "{ffffffff-ffff-ffff-ffff-ffffffffffff}", "EventData.InterfaceGuid": "{36107176-2631-40d4-9a54-9e8046067dc5}", "EventData.Category": "0", "EventData.ErrorCodev4": "0", "EventData.ErrorCodev6": "0", "EventData.Context": "3987"}
{"EventID": "4003", "Channel": "Microsoft-Windows-NetworkProfile/Operational", "Provider_Name": "Microsoft-Windows-NetworkProfile", "Computer": "DESKTOP-OFJ6N53", "TimeCreated": "2024-09-24 12:15:34.856518+00:00", "RecordID": "15367", "Level": "4", "UserID": "S-1-5-19", "EventData.InterfaceGuid": "{36107176-2631-40d4-9a54-9e8046067dc5}", "EventData.CurrentOrNextState": "2"}
{"EventID": "10000", "Channel": "Microsoft-Windows-NetworkProfile/Operational", "Provider_Name": "Microsoft-Windows-NetworkProfile", "Computer": "DESKTOP-OFJ6N53", "TimeCreated": "2024-09-24 12:15:34.856705+00:00", "RecordID": "15368", "Level": "4", "UserID": "S-1-5-19", "EventData.Name": "Неопознанная сеть", "EventData.Description": "Неопознанная сеть", "EventData.Guid": "{30b59c79-03f4-4640-a339-d9dc5df12d73}", "EventData.Type": "0", "EventData.State": "1", "EventData.Category": "0"}
{"EventID": "4004", "Channel": "Microsoft-Windows-NetworkProfile/Operational", "Provider_Name": "Microsoft-Windows-NetworkProfile", "Computer": "DESKTOP-OFJ6N53", "TimeCreated": "2024-09-24 12:15:36.615337+00:00", "RecordID": "15369", "Level": "4", "UserID": "S-1-5-19", "EventData.NewInternetConnectionProfile": "False", "EventData.ConnectionCostChanged": "False", "EventData.DomainConnectivityLevelChanged": "False", "EventData.NetworkConnectivityLevelChanged": "True", "EventData.HostNameChanged": "True", "EventData.WwanRegistrationStateChanged": "False", "EventData.TetheringOperationalStateChanged": "False", "EventData.TetheringClientCountChanged": "False"}
{"EventID": "4004", "Channel": "Microsoft-Windows-NetworkProfile/Operational", "Provider_Name": "Microsoft-Windows-NetworkProfile", "Computer": "DESKTOP-OFJ6N53", "TimeCreated": "2024-09-24 13:56:48.751663+00:00", "RecordID": "15370", "Level": "4", "UserID": "S-1-5-19", "EventData.NewInternetConnectionProfile": "False", "EventData.ConnectionCostChanged": "False", "EventData.DomainConnectivityLevelChanged": "False", "EventData.NetworkConnectivityLevelChanged": "True", "EventData.HostNameChanged": "True", "EventData.WwanRegistrationStateChanged": "False", "EventData.TetheringOperationalStateChanged": "False", "EventData.TetheringClientCountChanged": "False"}
{"EventID": "4004", "Channel": "Microsoft-Windows-NetworkProfile/Operational", "Provider_Name": "Microsoft-Windows-NetworkProfile", "Computer": "DESKTOP-OFJ6N53", "TimeCreated": "2024-09-24 13:56:58.766390+00:00", "RecordID": "15371", "Level": "4", "UserID": "S-1-5-19", "EventData.NewInternetConnectionProfile": "False", "EventData.ConnectionCostChanged": "False", "EventData.DomainConnectivityLevelChanged": "False", "EventData.NetworkConnectivityLevelChanged": "False", "EventData.HostNameChanged": "True", "EventData.WwanRegistrationStateChanged": "False", "EventData.TetheringOperationalStateChanged": "False", "EventData.TetheringClientCountChanged": "False"}
{"EventID": "4001", "Channel": "Microsoft-Windows-NetworkProfile/Operational", "Provider_Name": "Microsoft-Windows-NetworkProfile", "Computer": "DESKTOP-OFJ6N53", "TimeCreated": "2024-09-24 15:14:23.210466+00:00", "RecordID": "15372", "Level": "4", "UserID": "S-1-5-19", "EventData.InterfaceGuid": "{36107176-2631-40d4-9a54-9e8046067dc5}", "EventData.CurrentOrNextState": "0"}
{"EventID": "10000", "Channel": "Microsoft-Windows-NetworkProfile/Operational", "Provider_Name": "Microsoft-Windows-NetworkProfile", "Computer": "DESKTOP-OFJ6N53", "TimeCreated": "2024-09-24 15:14:23.210838+00:00", "RecordID": "15373", "Level": "4", "UserID": "S-1-5-19", "EventData.Name": "Идентификация...", "EventData.Description": "Идентификация...", "EventData.Guid": "{d4e5271f-8377-4f58-bed6-ac663f126e55}", "EventData.Type": "0", "EventData.State": "1", "EventData.Category": "0"}
{"EventID": "4003", "Channel": "Microsoft-Windows-NetworkProfile/Operational", "Provider_Name": "Microsoft-Windows-NetworkProfile", "Computer": "DESKTOP-OFJ6N53", "TimeCreated": "2024-09-24 15:14:23.318476+00:00", "RecordID": "15374", "Level": "4", "UserID": "S-1-5-19", "EventData.InterfaceGuid": "{36107176-2631-40d4-9a54-9e8046067dc5}", "EventData.CurrentOrNextState": "2"}
{"EventID": "10000", "Channel": "Microsoft-Windows-NetworkProfile/Operational", "Provider_Name": "Microsoft-Windows-NetworkProfile", "Computer": "DESKTOP-OFJ6N53", "TimeCreated": "2024-09-24 15:14:23.318636+00:00", "RecordID": "15375", "Level": "4", "UserID": "S-1-5-19", "EventData.Name": "Неопознанная сеть", "EventData.Description": "Неопознанная сеть", "EventData.Guid": "{30b59c79-03f4-4640-a339-d9dc5df12d73}", "EventData.Type": "0", "EventData.State": "1", "EventData.Category": "0"}
{"EventID": "4004", "Channel": "Microsoft-Windows-NetworkProfile/Operational", "Provider_Name": "Microsoft-Windows-NetworkProfile", "Computer": "DESKTOP-OFJ6N53", "TimeCreated": "2024-09-24 15:14:25.232380+00:00", "RecordID": "15376", "Level": "4", "UserID": "S-1-5-19", "EventData.NewInternetConnectionProfile": "False", "EventData.ConnectionCostChanged": "False", "EventData.DomainConnectivityLevelChanged": "False", "EventData.NetworkConnectivityLevelChanged": "True", "EventData.HostNameChanged": "True", "EventData.WwanRegistrationStateChanged": "False", "EventData.TetheringOperationalStateChanged": "False", "EventData.TetheringClientCountChanged": "False"}
{"EventID": "4004", "Channel": "Microsoft-Windows-NetworkProfile/Operational", "Provider_Name": "Microsoft-Windows-NetworkProfile", "Computer": "DESKTOP-OFJ6N53", "TimeCreated": "2024-09-24 23:14:17.908335+00:00", "RecordID": "15377", "Level": "4", "UserID": "S-1-5-19", "EventData.NewInternetConnectionProfile": "False", "EventData.ConnectionCostChanged": "False", "EventData.DomainConnectivityLevelChanged": "False", "EventData.NetworkConnectivityLevelChanged": "True", "EventData.HostNameChanged": "True", "EventData.WwanRegistrationStateChanged": "False", "EventData.TetheringOperationalStateChanged": "False", "EventData.TetheringClientCountChanged": "False"}
{"EventID": "4004", "Channel": "Microsoft-Windows-NetworkProfile/Operational", "Provider_Name": "Microsoft-Windows-NetworkProfile", "Computer": "DESKTOP-OFJ6N53", "TimeCreated": "2024-09-24 23:14:27.750910+00:00", "RecordID": "15378", "Level": "4", "UserID": "S-1-5-19", "EventData.NewInternetConnectionProfile": "False", "EventData.ConnectionCostChanged": "False", "EventData.DomainConnectivityLevelChanged": "False", "EventData.NetworkConnectivityLevelChanged": "False", "EventData.HostNameChanged": "True", "EventData.WwanRegistrationStateChanged": "False", "EventData.TetheringOperationalStateChanged": "False", "EventData.TetheringClientCountChanged": "False"}
{"EventID": "4002", "Channel": "Microsoft-Windows-NetworkProfile/Operational", "Provider_Name": "Microsoft-Windows-NetworkProfile", "Computer": "DESKTOP-OFJ6N53", "TimeCreated": "2024-09-25 13:38:58.144842+00:00", "RecordID": "15379", "Level": "4", "UserID": "S-1-5-19", "EventData.InterfaceGuid": "{bed2c4be-ec11-4cc8-aafc-f0fd7a5e3a02}", "EventData.CurrentOrNextState": "1"}
{"EventID": "10000", "Channel": "Microsoft-Windows-NetworkProfile/Operational", "Provider_Name": "Microsoft-Windows-NetworkProfile", "Computer": "DESKTOP-OFJ6N53", "TimeCreated": "2024-09-25 13:38:58.145546+00:00", "RecordID": "15380", "Level": "4", "UserID": "S-1-5-19", "EventData.Name": "Сеть", "EventData.Description": "Сеть", "EventData.Guid": "{19ac8ff0-efa8-408b-8c0c-3213ff4867dc}", "EventData.Type": "0", "EventData.State": "1", "EventData.Category": "1"}
{"EventID": "20002", "Channel": "Microsoft-Windows-NetworkProfile/Operational", "Provider_Name": "Microsoft-Windows-NetworkProfile", "Computer": "DESKTOP-OFJ6N53", "TimeCreated": "2024-09-25 13:38:58.147856+00:00", "RecordID": "15381", "Level": "4", "UserID": "S-1-5-19", "EventData.ProfileGuid": "{19ac8ff0-efa8-408b-8c0c-3213ff4867dc}", "EventData.InterfaceGuid": "{bed2c4be-ec11-4cc8-aafc-f0fd7a5e3a02}", "EventData.Category": "1", "EventData.ErrorCodev4": "0", "EventData.ErrorCodev6": "0", "EventData.Context": "3987"}
{"EventID": "4004", "Channel": "Microsoft-Windows-NetworkProfile/Operational", "Provider_Name": "Microsoft-Windows-NetworkProfile", "Computer": "DESKTOP-OFJ6N53", "TimeCreated": "2024-09-25 13:39:01.113499+00:00", "RecordID": "15382", "Level": "4", "UserID": "S-1-5-19", "EventData.NewInternetConnectionProfile": "True", "EventData.ConnectionCostChanged": "True", "EventData.DomainConnectivityLevelChanged": "False", "EventData.NetworkConnectivityLevelChanged": "True", "EventData.HostNameChanged": "True", "EventData.WwanRegistrationStateChanged": "False", "EventData.TetheringOperationalStateChanged": "False", "EventData.TetheringClientCountChanged": "False"}
{"EventID": "4001", "Channel": "Microsoft-Windows-NetworkProfile/Operational", "Provider_Name": "Microsoft-Windows-NetworkProfile", "Computer": "DESKTOP-OFJ6N53", "TimeCreated": "2024-09-25 14:37:52.798496+00:00", "RecordID": "15383", "Level": "4", "UserID": "S-1-5-19", "EventData.InterfaceGuid": "{4ce1134c-e059-4f27-a6df-bafcb007188c}", "EventData.CurrentOrNextState": "0"}
{"EventID": "10000", "Channel": "Microsoft-Windows-NetworkProfile/Operational", "Provider_Name": "Microsoft-Windows-NetworkProfile", "Computer": "DESKTOP-OFJ6N53", "TimeCreated": "2024-09-25 14:37:52.799658+00:00", "RecordID": "15384", "Level": "4", "UserID": "S-1-5-19", "EventData.Name": "Идентификация...", "EventData.Description": "Идентификация...", "EventData.Guid": "{4bf46e9d-d8ad-4e4f-ad2a-23d10df56bcb}", "EventData.Type": "0", "EventData.State": "1", "EventData.Category": "0"}
{"EventID": "20002", "Channel": "Microsoft-Windows-NetworkProfile/Operational", "Provider_Name": "Microsoft-Windows-NetworkProfile", "Computer": "DESKTOP-OFJ6N53", "TimeCreated": "2024-09-25 14:37:52.803104+00:00", "RecordID": "15385", "Level": "4", "UserID": "S-1-5-19", "EventData.ProfileGuid": "{ffffffff-ffff-ffff-ffff-ffffffffffff}", "EventData.InterfaceGuid": "{4ce1134c-e059-4f27-a6df-bafcb007188c}", "EventData.Category": "0", "EventData.ErrorCodev4": "0", "EventData.ErrorCodev6": "0", "EventData.Context": "3987"}
{"EventID": "4003", "Channel": "Microsoft-Windows-NetworkProfile/Operational", "Provider_Name": "Microsoft-Windows-NetworkProfile", "Computer": "DESKTOP-OFJ6N53", "TimeCreated": "2024-09-25 14:37:52.904261+00:00", "RecordID": "15386", "Level": "4", "UserID": "S-1-5-19", "EventData.InterfaceGuid": "{4ce1134c-e059-4f27-a6df-bafcb007188c}", "EventData.CurrentOrNextState": "2"}
{"EventID": "10000", "Channel": "Microsoft-Windows-NetworkProfile/Operational", "Provider_Name": "Microsoft-Windows-NetworkProfile", "Computer": "DESKTOP-OFJ6N53", "TimeCreated": "2024-09-25 14:37:52.904516+00:00", "RecordID": "15387", "Level": "4", "UserID": "S-1-5-19", "EventData.Name": "Неопознанная сеть", "EventData.Description": "Неопознанная сеть", "EventData.Guid": "{1a062306-8fe0-4324-be5f-f05f6ac6d2be}", "EventData.Type": "0", "EventData.State": "1", "EventData.Category": "0"}
{"EventID": "4001", "Channel": "Microsoft-Windows-NetworkProfile/Operational", "Provider_Name": "Microsoft-Windows-NetworkProfile", "Computer": "DESKTOP-OFJ6N53", "TimeCreated": "2024-09-25 14:37:53.234022+00:00", "RecordID": "15388", "Level": "4", "UserID": "S-1-5-19", "EventData.InterfaceGuid": "{4ce1134c-e059-4f27-a6df-bafcb007188c}", "EventData.CurrentOrNextState": "0"}
{"EventID": "10000", "Channel": "Microsoft-Windows-NetworkProfile/Operational", "Provider_Name": "Microsoft-Windows-NetworkProfile", "Computer": "DESKTOP-OFJ6N53", "TimeCreated": "2024-09-25 14:37:53.234518+00:00", "RecordID": "15389", "Level": "4", "UserID": "S-1-5-19", "EventData.Name": "Идентификация...", "EventData.Description": "Идентификация...", "EventData.Guid": "{4bf46e9d-d8ad-4e4f-ad2a-23d10df56bcb}", "EventData.Type": "0", "EventData.State": "1", "EventData.Category": "0"}
{"EventID": "4002", "Channel": "Microsoft-Windows-NetworkProfile/Operational", "Provider_Name": "Microsoft-Windows-NetworkProfile", "Computer": "DESKTOP-OFJ6N53", "TimeCreated": "2024-09-25 14:37:54.340063+00:00", "RecordID": "15390", "Level": "4", "UserID": "S-1-5-19", "EventData.InterfaceGuid": "{4ce1134c-e059-4f27-a6df-bafcb007188c}", "EventData.CurrentOrNextState": "1"}
{"EventID": "10000", "Channel": "Microsoft-Windows-NetworkProfile/Operational", "Provider_Name": "Microsoft-Windows-NetworkProfile", "Computer": "DESKTOP-OFJ6N53", "TimeCreated": "2024-09-25 14:37:54.340567+00:00", "RecordID": "15391", "Level": "4", "UserID": "S-1-5-19", "EventData.Name": "Сеть 3", "EventData.Description": "Сеть", "EventData.Guid": "{5efae743-e4d7-4c38-aa20-8709ca3f8a2a}", "EventData.Type": "0", "EventData.State": "1", "EventData.Category": "1"}
{"EventID": "20002", "Channel": "Microsoft-Windows-NetworkProfile/Operational", "Provider_Name": "Microsoft-Windows-NetworkProfile", "Computer": "DESKTOP-OFJ6N53", "TimeCreated": "2024-09-25 14:37:54.341848+00:00", "RecordID": "15392", "Level": "4", "UserID": "S-1-5-19", "EventData.ProfileGuid": "{5efae743-e4d7-4c38-aa20-8709ca3f8a2a}", "EventData.InterfaceGuid": "{4ce1134c-e059-4f27-a6df-bafcb007188c}", "EventData.Category": "1", "EventData.ErrorCodev4": "0", "EventData.ErrorCodev6": "0", "EventData.Context": "3987"}
{"EventID": "4004", "Channel": "Microsoft-Windows-NetworkProfile/Operational", "Provider_Name": "Microsoft-Windows-NetworkProfile", "Computer": "DESKTOP-OFJ6N53", "TimeCreated": "2024-09-25 14:37:56.364391+00:00", "RecordID": "15393", "Level": "4", "UserID": "S-1-5-19", "EventData.NewInternetConnectionProfile": "False", "EventData.ConnectionCostChanged": "False", "EventData.DomainConnectivityLevelChanged": "False", "EventData.NetworkConnectivityLevelChanged": "True", "EventData.HostNameChanged": "True", "EventData.WwanRegistrationStateChanged": "False", "EventData.TetheringOperationalStateChanged": "False", "EventData.TetheringClientCountChanged": "False"}
{"EventID": "4004", "Channel": "Microsoft-Windows-NetworkProfile/Operational", "Provider_Name": "Microsoft-Windows-NetworkProfile", "Computer": "DESKTOP-OFJ6N53", "TimeCreated": "2024-09-25 14:38:00.493355+00:00", "RecordID": "15394", "Level": "4", "UserID": "S-1-5-19", "EventData.NewInternetConnectionProfile": "True", "EventData.ConnectionCostChanged": "False", "EventData.DomainConnectivityLevelChanged": "False", "EventData.NetworkConnectivityLevelChanged": "True", "EventData.HostNameChanged": "False", "EventData.WwanRegistrationStateChanged": "False", "EventData.TetheringOperationalStateChanged": "False", "EventData.TetheringClientCountChanged": "False"}
{"EventID": "4003", "Channel": "Microsoft-Windows-NetworkProfile/Operational", "Provider_Name": "Microsoft-Windows-NetworkProfile", "Computer": "DESKTOP-OFJ6N53", "TimeCreated": "2024-09-27 03:12:50.235365+00:00", "RecordID": "15395", "Level": "4", "UserID": "S-1-5-19", "EventData.InterfaceGuid": "{4ce1134c-e059-4f27-a6df-bafcb007188c}", "EventData.CurrentOrNextState": "2"}
{"EventID": "10000", "Channel": "Microsoft-Windows-NetworkProfile/Operational", "Provider_Name": "Microsoft-Windows-NetworkProfile", "Computer": "DESKTOP-OFJ6N53", "TimeCreated": "2024-09-27 03:12:50.235699+00:00", "RecordID": "15396", "Level": "4", "UserID": "S-1-5-19", "EventData.Name": "Неопознанная сеть", "EventData.Description": "Неопознанная сеть", "EventData.Guid": "{1a062306-8fe0-4324-be5f-f05f6ac6d2be}", "EventData.Type": "0", "EventData.State": "5", "EventData.Category": "0"}
{"EventID": "10001", "Channel": "Microsoft-Windows-NetworkProfile/Operational", "Provider_Name": "Microsoft-Windows-NetworkProfile", "Computer": "DESKTOP-OFJ6N53", "TimeCreated": "2024-09-27 03:12:50.235912+00:00", "RecordID": "15397", "Level": "4", "UserID": "S-1-5-19", "EventData.Name": "Сеть 3", "EventData.Description": "Сеть", "EventData.Guid": "{5efae743-e4d7-4c38-aa20-8709ca3f8a2a}", "EventData.Type": "0", "EventData.State": "2", "EventData.Category": "1"}
{"EventID": "20002", "Channel": "Microsoft-Windows-NetworkProfile/Operational", "Provider_Name": "Microsoft-Windows-NetworkProfile", "Computer": "DESKTOP-OFJ6N53", "TimeCreated": "2024-09-27 03:12:50.244507+00:00", "RecordID": "15398", "Level": "4", "UserID": "S-1-5-19", "EventData.ProfileGuid": "{00000000-0000-0000-0000-000000000000}", "EventData.InterfaceGuid": "{4ce1134c-e059-4f27-a6df-bafcb007188c}", "EventData.Category": "0", "EventData.ErrorCodev4": "0", "EventData.ErrorCodev6": "0", "EventData.Context": "3987"}
{"EventID": "4004", "Channel": "Microsoft-Windows-NetworkProfile/Operational", "Provider_Name": "Microsoft-Windows-NetworkProfile", "Computer": "DESKTOP-OFJ6N53", "TimeCreated": "2024-09-27 03:12:55.221622+00:00", "RecordID": "15399", "Level": "4", "UserID": "S-1-5-19", "EventData.NewInternetConnectionProfile": "True", "EventData.ConnectionCostChanged": "False", "EventData.DomainConnectivityLevelChanged": "False", "EventData.NetworkConnectivityLevelChanged": "True", "EventData.HostNameChanged": "True", "EventData.WwanRegistrationStateChanged": "False", "EventData.TetheringOperationalStateChanged": "False", "EventData.TetheringClientCountChanged": "False"}
