{"EventID": "800", "Channel": "Microsoft-Windows-TaskScheduler/Maintenance", "Provider_Name": "Microsoft-Windows-TaskScheduler", "Computer": "DESKTOP-OFJ6N53", "TimeCreated": "2025-03-04 18:54:43.013897+00:00", "RecordID": "11798", "Level": "4", "UserID": "S-1-5-18", "EventData.hc_stateid": "3", "EventData.LastRunDateTime": "‎04.‎03.‎2025 21:54"}
{"EventID": "800", "Channel": "Microsoft-Windows-TaskScheduler/Maintenance", "Provider_Name": "Microsoft-Windows-TaskScheduler", "Computer": "DESKTOP-OFJ6N53", "TimeCreated": "2025-03-04 18:54:43.033709+00:00", "RecordID": "11799", "Level": "4", "UserID": "S-1-5-18", "EventData.hc_stateid": "1", "EventData.LastRunDateTime": "‎04.‎03.‎2025 21:54"}
{"EventID": "800", "Channel": "Microsoft-Windows-TaskScheduler/Maintenance", "Provider_Name": "Microsoft-Windows-TaskScheduler", "Computer": "DESKTOP-OFJ6N53", "TimeCreated": "2025-03-04 22:54:42.446119+00:00", "RecordID": "11800", "Level": "4", "UserID": "S-1-5-18", "EventData.hc_stateid": "3", "EventData.LastRunDateTime": "‎05.‎03.‎2025 1:54"}
{"EventID": "800", "Channel": "Microsoft-Windows-TaskScheduler/Maintenance", "Provider_Name": "Microsoft-Windows-TaskScheduler", "Computer": "DESKTOP-OFJ6N53", "TimeCreated": "2025-03-04 22:57:42.660748+00:00", "RecordID": "11801", "Level": "4", "UserID": "S-1-5-18", "EventData.hc_stateid": "1", "EventData.LastRunDateTime": "‎05.‎03.‎2025 1:57"}
{"EventID": "800", "Channel": "Microsoft-Windows-TaskScheduler/Maintenance", "Provider_Name": "Microsoft-Windows-TaskScheduler", "Computer": "DESKTOP-OFJ6N53", "TimeCreated": "2025-03-05 08:54:50.917444+00:00", "RecordID": "11802", "Level": "4", "UserID": "S-1-5-18", "EventData.hc_stateid": "3", "EventData.LastRunDateTime": "‎05.‎03.‎2025 11:54"}
{"EventID": "800", "Channel": "Microsoft-Windows-TaskScheduler/Maintenance", "Provider_Name": "Microsoft-Windows-TaskScheduler", "Computer": "DESKTOP-OFJ6N53", "TimeCreated": "2025-03-05 08:56:03.488647+00:00", "RecordID": "11803", "Level": "4", "UserID": "S-1-5-18", "EventData.hc_stateid": "1", "EventData.LastRunDateTime": "‎05.‎03.‎2025 11:56"}
{"EventID": "800", "Channel": "Microsoft-Windows-TaskScheduler/Maintenance", "Provider_Name": "Microsoft-Windows-TaskScheduler", "Computer": "DESKTOP-OFJ6N53", "TimeCreated": "2025-03-05 08:56:04.515392+00:00", "RecordID": "11804", "Level": "4", "UserID": "S-1-5-18", "EventData.hc_stateid": "3", "EventData.LastRunDateTime": "‎05.‎03.‎2025 11:56"}
{"EventID": "800", "Channel": "Microsoft-Windows-TaskScheduler/Maintenance", "Provider_Name": "Microsoft-Windows-TaskScheduler", "Computer": "DESKTOP-OFJ6N53", "TimeCreated": "2025-03-05 08:57:09.112734+00:00", "RecordID": "11805", "Level": "4", "UserID": "S-1-5-18", "EventData.hc_stateid": "1", "EventData.LastRunDateTime": "‎05.‎03.‎2025 11:57"}
{"EventID": "800", "Channel": "Microsoft-Windows-TaskScheduler/Maintenance", "Provider_Name": "Microsoft-Windows-TaskScheduler", "Computer": "DESKTOP-OFJ6N53", "TimeCreated": "2025-03-05 14:54:42.436708+00:00", "RecordID": "11806", "Level": "4", "UserID": "S-1-5-18", "EventData.hc_stateid": "3", "EventData.LastRunDateTime": "‎05.‎03.‎2025 17:54"}
{"EventID": "800", "Channel": "Microsoft-Windows-TaskScheduler/Maintenance", "Provider_Name": "Microsoft-Windows-TaskScheduler", "Computer": "DESKTOP-OFJ6N53", "TimeCreated": "2025-03-05 14:54:42.598904+00:00", "RecordID": "11807", "Level": "4", "UserID": "S-1-5-18", "EventData.hc_stateid": "1", "EventData.LastRunDateTime": "‎05.‎03.‎2025 17:54"}
{"EventID": "800", "Channel": "Microsoft-Windows-TaskScheduler/Maintenance", "Provider_Name": "Microsoft-Windows-TaskScheduler", "Computer": "DESKTOP-OFJ6N53", "TimeCreated": "2025-03-05 15:34:55.598806+00:00", "RecordID": "11808", "Level": "4", "UserID": "S-1-5-18", "EventData.hc_stateid": "3", "EventData.LastRunDateTime": "‎05.‎03.‎2025 18:34"}
{"EventID": "800", "Channel": "Microsoft-Windows-TaskScheduler/Maintenance", "Provider_Name": "Microsoft-Windows-TaskScheduler", "Computer": "DESKTOP-OFJ6N53", "TimeCreated": "2025-03-05 15:34:55.772346+00:00", "RecordID": "11809", "Level": "4", "UserID": "S-1-5-18", "EventData.hc_stateid": "1", "EventData.LastRunDateTime": "‎05.‎03.‎2025 18:34"}
{"EventID": "800", "Channel": "Microsoft-Windows-TaskScheduler/Maintenance", "Provider_Name": "Microsoft-Windows-TaskScheduler", "Computer": "DESKTOP-OFJ6N53", "TimeCreated": "2025-03-05 17:25:30.722139+00:00", "RecordID": "11810", "Level": "4", "UserID": "S-1-5-18", "EventData.hc_stateid": "3", "EventData.LastRunDateTime": "‎05.‎03.‎2025 20:25"}
{"EventID": "800", "Channel": "Microsoft-Windows-TaskScheduler/Maintenance", "Provider_Name": "Microsoft-Windows-TaskScheduler", "Computer": "DESKTOP-OFJ6N53", "TimeCreated": "2025-03-05 17:25:30.742952+00:00", "RecordID": "11811", "Level": "4", "UserID": "S-1-5-18", "EventData.hc_stateid": "1", "EventData.LastRunDateTime": "‎05.‎03.‎2025 20:25"}
{"EventID": "800", "Channel": "Microsoft-Windows-TaskScheduler/Maintenance", "Provider_Name": "Microsoft-Windows-TaskScheduler", "Computer": "DESKTOP-OFJ6N53", "TimeCreated": "2025-03-05 22:54:42.440214+00:00", "RecordID": "11812", "Level": "4", "UserID": "S-1-5-18", "EventData.hc_stateid": "3", "EventData.LastRunDateTime": "‎06.‎03.‎2025 1:54"}
{"EventID": "800", "Channel": "Microsoft-Windows-TaskScheduler/Maintenance", "Provider_Name": "Microsoft-Windows-TaskScheduler", "Computer": "DESKTOP-OFJ6N53", "TimeCreated": "2025-03-05 22:57:42.653696+00:00", "RecordID": "11813", "Level": "4", "UserID": "S-1-5-18", "EventData.hc_stateid": "1", "EventData.LastRunDateTime": "‎06.‎03.‎2025 1:57"}
{"EventID": "800", "Channel": "Microsoft-Windows-TaskScheduler/Maintenance", "Provider_Name": "Microsoft-Windows-TaskScheduler", "Computer": "DESKTOP-OFJ6N53", "TimeCreated": "2025-03-06 07:33:47.394388+00:00", "RecordID": "11814", "Level": "4", "UserID": "S-1-5-18", "EventData.hc_stateid": "3", "EventData.LastRunDateTime": "‎06.‎03.‎2025 10:33"}
{"EventID": "800", "Channel": "Microsoft-Windows-TaskScheduler/Maintenance", "Provider_Name": "Microsoft-Windows-TaskScheduler", "Computer": "DESKTOP-OFJ6N53", "TimeCreated": "2025-03-06 07:37:22.404913+00:00", "RecordID": "11815", "Level": "4", "UserID": "S-1-5-18", "EventData.hc_stateid": "1", "EventData.LastRunDateTime": "‎06.‎03.‎2025 10:37"}
{"EventID": "800", "Channel": "Microsoft-Windows-TaskScheduler/Maintenance", "Provider_Name": "Microsoft-Windows-TaskScheduler", "Computer": "DESKTOP-OFJ6N53", "TimeCreated": "2025-03-06 08:54:56.102739+00:00", "RecordID": "11816", "Level": "4", "UserID": "S-1-5-18", "EventData.hc_stateid": "3", "EventData.LastRunDateTime": "‎06.‎03.‎2025 11:54"}
{"EventID": "800", "Channel": "Microsoft-Windows-TaskScheduler/Maintenance", "Provider_Name": "Microsoft-Windows-TaskScheduler", "Computer": "DESKTOP-OFJ6N53", "TimeCreated": "2025-03-06 08:55:35.180944+00:00", "RecordID": "11817", "Level": "4", "UserID": "S-1-5-18", "EventData.hc_stateid": "1", "EventData.LastRunDateTime": "‎06.‎03.‎2025 11:55"}
{"EventID": "800", "Channel": "Microsoft-Windows-TaskScheduler/Maintenance", "Provider_Name": "Microsoft-Windows-TaskScheduler", "Computer": "DESKTOP-OFJ6N53", "TimeCreated": "2025-03-06 08:55:36.194990+00:00", "RecordID": "11818", "Level": "4", "UserID": "S-1-5-18", "EventData.hc_stateid": "3", "EventData.LastRunDateTime": "‎06.‎03.‎2025 11:55"}
{"EventID": "800", "Channel": "Microsoft-Windows-TaskScheduler/Maintenance", "Provider_Name": "Microsoft-Windows-TaskScheduler", "Computer": "DESKTOP-OFJ6N53", "TimeCreated": "2025-03-06 08:56:40.763729+00:00", "RecordID": "11819", "Level": "4", "UserID": "S-1-5-18", "EventData.hc_stateid": "1", "EventData.LastRunDateTime": "‎06.‎03.‎2025 11:56"}
{"EventID": "800", "Channel": "Microsoft-Windows-TaskScheduler/Maintenance", "Provider_Name": "Microsoft-Windows-TaskScheduler", "Computer": "DESKTOP-OFJ6N53", "TimeCreated": "2025-03-06 14:47:02.100775+00:00", "RecordID": "11820", "Level": "4", "UserID": "S-1-5-18", "EventData.hc_stateid": "3", "EventData.LastRunDateTime": "‎06.‎03.‎2025 17:47"}
{"EventID": "800", "Channel": "Microsoft-Windows-TaskScheduler/Maintenance", "Provider_Name": "Microsoft-Windows-TaskScheduler", "Computer": "DESKTOP-OFJ6N53", "TimeCreated": "2025-03-06 14:47:04.405569+00:00", "RecordID": "11821", "Level": "4", "UserID": "S-1-5-18", "EventData.hc_stateid": "1", "EventData.LastRunDateTime": "‎06.‎03.‎2025 17:47"}
{"EventID": "800", "Channel": "Microsoft-Windows-TaskScheduler/Maintenance", "Provider_Name": "Microsoft-Windows-TaskScheduler", "Computer": "DESKTOP-OFJ6N53", "TimeCreated": "2025-03-06 14:57:27.986259+00:00", "RecordID": "11822", "Level": "4", "UserID": "S-1-5-18", "EventData.hc_stateid": "3", "EventData.LastRunDateTime": "‎06.‎03.‎2025 17:57"}
{"EventID": "800", "Channel": "Microsoft-Windows-TaskScheduler/Maintenance", "Provider_Name": "Microsoft-Windows-TaskScheduler", "Computer": "DESKTOP-OFJ6N53", "TimeCreated": "2025-03-06 14:57:28.100513+00:00", "RecordID": "11823", "Level": "4", "UserID": "S-1-5-18", "EventData.hc_stateid": "1", "EventData.LastRunDateTime": "‎06.‎03.‎2025 17:57"}
{"EventID": "800", "Channel": "Microsoft-Windows-TaskScheduler/Maintenance", "Provider_Name": "Microsoft-Windows-TaskScheduler", "Computer": "DESKTOP-OFJ6N53", "TimeCreated": "2025-03-06 16:54:54.541674+00:00", "RecordID": "11824", "Level": "4", "UserID": "S-1-5-18", "EventData.hc_stateid": "3", "EventData.LastRunDateTime": "‎06.‎03.‎2025 19:54"}
{"EventID": "800", "Channel": "Microsoft-Windows-TaskScheduler/Maintenance", "Provider_Name": "Microsoft-Windows-TaskScheduler", "Computer": "DESKTOP-OFJ6N53", "TimeCreated": "2025-03-06 16:54:54.690674+00:00", "RecordID": "11825", "Level": "4", "UserID": "S-1-5-18", "EventData.hc_stateid": "1", "EventData.LastRunDateTime": "‎06.‎03.‎2025 19:54"}
{"EventID": "800", "Channel": "Microsoft-Windows-TaskScheduler/Maintenance", "Provider_Name": "Microsoft-Windows-TaskScheduler", "Computer": "DESKTOP-OFJ6N53", "TimeCreated": "2025-03-06 18:54:55.794893+00:00", "RecordID": "11826", "Level": "4", "UserID": "S-1-5-18", "EventData.hc_stateid": "3", "EventData.LastRunDateTime": "‎06.‎03.‎2025 21:54"}
{"EventID": "800", "Channel": "Microsoft-Windows-TaskScheduler/Maintenance", "Provider_Name": "Microsoft-Windows-TaskScheduler", "Computer": "DESKTOP-OFJ6N53", "TimeCreated": "2025-03-06 18:54:56.249277+00:00", "RecordID": "11827", "Level": "4", "UserID": "S-1-5-18", "EventData.hc_stateid": "1", "EventData.LastRunDateTime": "‎06.‎03.‎2025 21:54"}
{"EventID": "800", "Channel": "Microsoft-Windows-TaskScheduler/Maintenance", "Provider_Name": "Microsoft-Windows-TaskScheduler", "Computer": "DESKTOP-OFJ6N53", "TimeCreated": "2025-03-07 08:54:56.150946+00:00", "RecordID": "11828", "Level": "4", "UserID": "S-1-5-18", "EventData.hc_stateid": "3", "EventData.LastRunDateTime": "‎07.‎03.‎2025 11:54"}
{"EventID": "800", "Channel": "Microsoft-Windows-TaskScheduler/Maintenance", "Provider_Name": "Microsoft-Windows-TaskScheduler", "Computer": "DESKTOP-OFJ6N53", "TimeCreated": "2025-03-07 08:57:58.193586+00:00", "RecordID": "11829", "Level": "4", "UserID": "S-1-5-18", "EventData.hc_stateid": "1", "EventData.LastRunDateTime": "‎07.‎03.‎2025 11:57"}
{"EventID": "800", "Channel": "Microsoft-Windows-TaskScheduler/Maintenance", "Provider_Name": "Microsoft-Windows-TaskScheduler", "Computer": "DESKTOP-OFJ6N53", "TimeCreated": "2025-03-07 08:57:59.211639+00:00", "RecordID": "11830", "Level": "4", "UserID": "S-1-5-18", "EventData.hc_stateid": "3", "EventData.LastRunDateTime": "‎07.‎03.‎2025 11:57"}
{"EventID": "800", "Channel": "Microsoft-Windows-TaskScheduler/Maintenance", "Provider_Name": "Microsoft-Windows-TaskScheduler", "Computer": "DESKTOP-OFJ6N53", "TimeCreated": "2025-03-07 08:57:59.544071+00:00", "RecordID": "11831", "Level": "4", "UserID": "S-1-5-18", "EventData.hc_stateid": "1", "EventData.LastRunDateTime": "‎07.‎03.‎2025 11:57"}
{"EventID": "800", "Channel": "Microsoft-Windows-TaskScheduler/Maintenance", "Provider_Name": "Microsoft-Windows-TaskScheduler", "Computer": "DESKTOP-OFJ6N53", "TimeCreated": "2025-03-07 08:58:00.558840+00:00", "RecordID": "11832", "Level": "4", "UserID": "S-1-5-18", "EventData.hc_stateid": "3", "EventData.LastRunDateTime": "‎07.‎03.‎2025 11:58"}
{"EventID": "800", "Channel": "Microsoft-Windows-TaskScheduler/Maintenance", "Provider_Name": "Microsoft-Windows-TaskScheduler", "Computer": "DESKTOP-OFJ6N53", "TimeCreated": "2025-03-07 08:59:05.216036+00:00", "RecordID": "11833", "Level": "4", "UserID": "S-1-5-18", "EventData.hc_stateid": "1", "EventData.LastRunDateTime": "‎07.‎03.‎2025 11:59"}
{"EventID": "800", "Channel": "Microsoft-Windows-TaskScheduler/Maintenance", "Provider_Name": "Microsoft-Windows-TaskScheduler", "Computer": "DESKTOP-OFJ6N53", "TimeCreated": "2025-03-07 14:54:42.447639+00:00", "RecordID": "11834", "Level": "4", "UserID": "S-1-5-18", "EventData.hc_stateid": "3", "EventData.LastRunDateTime": "‎07.‎03.‎2025 17:54"}
{"EventID": "800", "Channel": "Microsoft-Windows-TaskScheduler/Maintenance", "Provider_Name": "Microsoft-Windows-TaskScheduler", "Computer": "DESKTOP-OFJ6N53", "TimeCreated": "2025-03-07 14:54:43.236097+00:00", "RecordID": "11835", "Level": "4", "UserID": "S-1-5-18", "EventData.hc_stateid": "1", "EventData.LastRunDateTime": "‎07.‎03.‎2025 17:54"}
{"EventID": "800", "Channel": "Microsoft-Windows-TaskScheduler/Maintenance", "Provider_Name": "Microsoft-Windows-TaskScheduler", "Computer": "DESKTOP-OFJ6N53", "TimeCreated": "2025-03-07 15:15:22.213684+00:00", "RecordID": "11836", "Level": "4", "UserID": "S-1-5-18", "EventData.hc_stateid": "3", "EventData.LastRunDateTime": "‎07.‎03.‎2025 18:15"}
{"EventID": "800", "Channel": "Microsoft-Windows-TaskScheduler/Maintenance", "Provider_Name": "Microsoft-Windows-TaskScheduler", "Computer": "DESKTOP-OFJ6N53", "TimeCreated": "2025-03-07 15:15:22.339329+00:00", "RecordID": "11837", "Level": "4", "UserID": "S-1-5-18", "EventData.hc_stateid": "1", "EventData.LastRunDateTime": "‎07.‎03.‎2025 18:15"}
{"EventID": "800", "Channel": "Microsoft-Windows-TaskScheduler/Maintenance", "Provider_Name": "Microsoft-Windows-TaskScheduler", "Computer": "DESKTOP-OFJ6N53", "TimeCreated": "2025-03-07 15:36:26.431934+00:00", "RecordID": "11838", "Level": "4", "UserID": "S-1-5-18", "EventData.hc_stateid": "3", "EventData.LastRunDateTime": "‎07.‎03.‎2025 18:36"}
{"EventID": "800", "Channel": "Microsoft-Windows-TaskScheduler/Maintenance", "Provider_Name": "Microsoft-Windows-TaskScheduler", "Computer": "DESKTOP-OFJ6N53", "TimeCreated": "2025-03-07 15:36:26.614317+00:00", "RecordID": "11839", "Level": "4", "UserID": "S-1-5-18", "EventData.hc_stateid": "1", "EventData.LastRunDateTime": "‎07.‎03.‎2025 18:36"}
{"EventID": "800", "Channel": "Microsoft-Windows-TaskScheduler/Maintenance", "Provider_Name": "Microsoft-Windows-TaskScheduler", "Computer": "DESKTOP-OFJ6N53", "TimeCreated": "2025-03-07 15:45:22.693556+00:00", "RecordID": "11840", "Level": "4", "UserID": "S-1-5-18", "EventData.hc_stateid": "3", "EventData.LastRunDateTime": "‎07.‎03.‎2025 18:45"}
{"EventID": "800", "Channel": "Microsoft-Windows-TaskScheduler/Maintenance", "Provider_Name": "Microsoft-Windows-TaskScheduler", "Computer": "DESKTOP-OFJ6N53", "TimeCreated": "2025-03-07 15:45:22.723030+00:00", "RecordID": "11841", "Level": "4", "UserID": "S-1-5-18", "EventData.hc_stateid": "1", "EventData.LastRunDateTime": "‎07.‎03.‎2025 18:45"}
{"EventID": "800", "Channel": "Microsoft-Windows-TaskScheduler/Maintenance", "Provider_Name": "Microsoft-Windows-TaskScheduler", "Computer": "DESKTOP-OFJ6N53", "TimeCreated": "2025-03-07 17:04:23.242702+00:00", "RecordID": "11842", "Level": "4", "UserID": "S-1-5-18", "EventData.hc_stateid": "3", "EventData.LastRunDateTime": "‎07.‎03.‎2025 20:04"}
{"EventID": "800", "Channel": "Microsoft-Windows-TaskScheduler/Maintenance", "Provider_Name": "Microsoft-Windows-TaskScheduler", "Computer": "DESKTOP-OFJ6N53", "TimeCreated": "2025-03-07 17:04:23.265821+00:00", "RecordID": "11843", "Level": "4", "UserID": "S-1-5-18", "EventData.hc_stateid": "1", "EventData.LastRunDateTime": "‎07.‎03.‎2025 20:04"}
{"EventID": "800", "Channel": "Microsoft-Windows-TaskScheduler/Maintenance", "Provider_Name": "Microsoft-Windows-TaskScheduler", "Computer": "DESKTOP-OFJ6N53", "TimeCreated": "2025-03-08 09:04:05.566374+00:00", "RecordID": "11844", "Level": "4", "UserID": "S-1-5-18", "EventData.hc_stateid": "3", "EventData.LastRunDateTime": "‎08.‎03.‎2025 12:04"}
{"EventID": "800", "Channel": "Microsoft-Windows-TaskScheduler/Maintenance", "Provider_Name": "Microsoft-Windows-TaskScheduler", "Computer": "DESKTOP-OFJ6N53", "TimeCreated": "2025-03-08 09:09:51.589865+00:00", "RecordID": "11845", "Level": "4", "UserID": "S-1-5-18", "EventData.hc_stateid": "1", "EventData.LastRunDateTime": "‎08.‎03.‎2025 12:09"}
{"EventID": "800", "Channel": "Microsoft-Windows-TaskScheduler/Maintenance", "Provider_Name": "Microsoft-Windows-TaskScheduler", "Computer": "DESKTOP-OFJ6N53", "TimeCreated": "2025-03-08 09:09:52.603907+00:00", "RecordID": "11846", "Level": "4", "UserID": "S-1-5-18", "EventData.hc_stateid": "3", "EventData.LastRunDateTime": "‎08.‎03.‎2025 12:09"}
{"EventID": "800", "Channel": "Microsoft-Windows-TaskScheduler/Maintenance", "Provider_Name": "Microsoft-Windows-TaskScheduler", "Computer": "DESKTOP-OFJ6N53", "TimeCreated": "2025-03-08 09:10:58.487293+00:00", "RecordID": "11847", "Level": "4", "UserID": "S-1-5-18", "EventData.hc_stateid": "1", "EventData.LastRunDateTime": "‎08.‎03.‎2025 12:10"}
{"EventID": "800", "Channel": "Microsoft-Windows-TaskScheduler/Maintenance", "Provider_Name": "Microsoft-Windows-TaskScheduler", "Computer": "DESKTOP-OFJ6N53", "TimeCreated": "2025-03-08 15:04:05.842289+00:00", "RecordID": "11848", "Level": "4", "UserID": "S-1-5-18", "EventData.hc_stateid": "3", "EventData.LastRunDateTime": "‎08.‎03.‎2025 18:04"}
{"EventID": "800", "Channel": "Microsoft-Windows-TaskScheduler/Maintenance", "Provider_Name": "Microsoft-Windows-TaskScheduler", "Computer": "DESKTOP-OFJ6N53", "TimeCreated": "2025-03-08 15:04:05.982569+00:00", "RecordID": "11849", "Level": "4", "UserID": "S-1-5-18", "EventData.hc_stateid": "1", "EventData.LastRunDateTime": "‎08.‎03.‎2025 18:04"}
{"EventID": "800", "Channel": "Microsoft-Windows-TaskScheduler/Maintenance", "Provider_Name": "Microsoft-Windows-TaskScheduler", "Computer": "DESKTOP-OFJ6N53", "TimeCreated": "2025-03-08 17:04:05.935371+00:00", "RecordID": "11850", "Level": "4", "UserID": "S-1-5-18", "EventData.hc_stateid": "3", "EventData.LastRunDateTime": "‎08.‎03.‎2025 20:04"}
{"EventID": "800", "Channel": "Microsoft-Windows-TaskScheduler/Maintenance", "Provider_Name": "Microsoft-Windows-TaskScheduler", "Computer": "DESKTOP-OFJ6N53", "TimeCreated": "2025-03-08 17:04:06.152246+00:00", "RecordID": "11851", "Level": "4", "UserID": "S-1-5-18", "EventData.hc_stateid": "1", "EventData.LastRunDateTime": "‎08.‎03.‎2025 20:04"}
{"EventID": "800", "Channel": "Microsoft-Windows-TaskScheduler/Maintenance", "Provider_Name": "Microsoft-Windows-TaskScheduler", "Computer": "DESKTOP-OFJ6N53", "TimeCreated": "2025-03-09 09:04:06.401909+00:00", "RecordID": "11852", "Level": "4", "UserID": "S-1-5-18", "EventData.hc_stateid": "3", "EventData.LastRunDateTime": "‎09.‎03.‎2025 12:04"}
{"EventID": "800", "Channel": "Microsoft-Windows-TaskScheduler/Maintenance", "Provider_Name": "Microsoft-Windows-TaskScheduler", "Computer": "DESKTOP-OFJ6N53", "TimeCreated": "2025-03-09 09:07:08.343992+00:00", "RecordID": "11853", "Level": "4", "UserID": "S-1-5-18", "EventData.hc_stateid": "1", "EventData.LastRunDateTime": "‎09.‎03.‎2025 12:07"}
{"EventID": "800", "Channel": "Microsoft-Windows-TaskScheduler/Maintenance", "Provider_Name": "Microsoft-Windows-TaskScheduler", "Computer": "DESKTOP-OFJ6N53", "TimeCreated": "2025-03-09 09:07:09.360802+00:00", "RecordID": "11854", "Level": "4", "UserID": "S-1-5-18", "EventData.hc_stateid": "3", "EventData.LastRunDateTime": "‎09.‎03.‎2025 12:07"}
{"EventID": "800", "Channel": "Microsoft-Windows-TaskScheduler/Maintenance", "Provider_Name": "Microsoft-Windows-TaskScheduler", "Computer": "DESKTOP-OFJ6N53", "TimeCreated": "2025-03-09 09:07:10.067081+00:00", "RecordID": "11855", "Level": "4", "UserID": "S-1-5-18", "EventData.hc_stateid": "1", "EventData.LastRunDateTime": "‎09.‎03.‎2025 12:07"}
{"EventID": "800", "Channel": "Microsoft-Windows-TaskScheduler/Maintenance", "Provider_Name": "Microsoft-Windows-TaskScheduler", "Computer": "DESKTOP-OFJ6N53", "TimeCreated": "2025-03-09 09:07:11.078840+00:00", "RecordID": "11856", "Level": "4", "UserID": "S-1-5-18", "EventData.hc_stateid": "3", "EventData.LastRunDateTime": "‎09.‎03.‎2025 12:07"}
{"EventID": "800", "Channel": "Microsoft-Windows-TaskScheduler/Maintenance", "Provider_Name": "Microsoft-Windows-TaskScheduler", "Computer": "DESKTOP-OFJ6N53", "TimeCreated": "2025-03-09 09:07:11.131001+00:00", "RecordID": "11857", "Level": "4", "UserID": "S-1-5-18", "EventData.hc_stateid": "1", "EventData.LastRunDateTime": "‎09.‎03.‎2025 12:07"}
{"EventID": "800", "Channel": "Microsoft-Windows-TaskScheduler/Maintenance", "Provider_Name": "Microsoft-Windows-TaskScheduler", "Computer": "DESKTOP-OFJ6N53", "TimeCreated": "2025-03-09 09:07:12.139889+00:00", "RecordID": "11858", "Level": "4", "UserID": "S-1-5-18", "EventData.hc_stateid": "3", "EventData.LastRunDateTime": "‎09.‎03.‎2025 12:07"}
{"EventID": "800", "Channel": "Microsoft-Windows-TaskScheduler/Maintenance", "Provider_Name": "Microsoft-Windows-TaskScheduler", "Computer": "DESKTOP-OFJ6N53", "TimeCreated": "2025-03-09 09:08:17.882349+00:00", "RecordID": "11859", "Level": "4", "UserID": "S-1-5-18", "EventData.hc_stateid": "1", "EventData.LastRunDateTime": "‎09.‎03.‎2025 12:08"}
{"EventID": "800", "Channel": "Microsoft-Windows-TaskScheduler/Maintenance", "Provider_Name": "Microsoft-Windows-TaskScheduler", "Computer": "DESKTOP-OFJ6N53", "TimeCreated": "2025-03-09 15:04:07.705959+00:00", "RecordID": "11860", "Level": "4", "UserID": "S-1-5-18", "EventData.hc_stateid": "3", "EventData.LastRunDateTime": "‎09.‎03.‎2025 18:04"}
{"EventID": "800", "Channel": "Microsoft-Windows-TaskScheduler/Maintenance", "Provider_Name": "Microsoft-Windows-TaskScheduler", "Computer": "DESKTOP-OFJ6N53", "TimeCreated": "2025-03-09 15:04:07.844460+00:00", "RecordID": "11861", "Level": "4", "UserID": "S-1-5-18", "EventData.hc_stateid": "1", "EventData.LastRunDateTime": "‎09.‎03.‎2025 18:04"}
{"EventID": "800", "Channel": "Microsoft-Windows-TaskScheduler/Maintenance", "Provider_Name": "Microsoft-Windows-TaskScheduler", "Computer": "DESKTOP-OFJ6N53", "TimeCreated": "2025-03-09 17:04:07.798559+00:00", "RecordID": "11862", "Level": "4", "UserID": "S-1-5-18", "EventData.hc_stateid": "3", "EventData.LastRunDateTime": "‎09.‎03.‎2025 20:04"}
{"EventID": "800", "Channel": "Microsoft-Windows-TaskScheduler/Maintenance", "Provider_Name": "Microsoft-Windows-TaskScheduler", "Computer": "DESKTOP-OFJ6N53", "TimeCreated": "2025-03-09 17:04:07.974207+00:00", "RecordID": "11863", "Level": "4", "UserID": "S-1-5-18", "EventData.hc_stateid": "1", "EventData.LastRunDateTime": "‎09.‎03.‎2025 20:04"}
{"EventID": "800", "Channel": "Microsoft-Windows-TaskScheduler/Maintenance", "Provider_Name": "Microsoft-Windows-TaskScheduler", "Computer": "DESKTOP-OFJ6N53", "TimeCreated": "2025-03-10 09:04:08.415785+00:00", "RecordID": "11864", "Level": "4", "UserID": "S-1-5-18", "EventData.hc_stateid": "3", "EventData.LastRunDateTime": "‎10.‎03.‎2025 12:04"}
{"EventID": "800", "Channel": "Microsoft-Windows-TaskScheduler/Maintenance", "Provider_Name": "Microsoft-Windows-TaskScheduler", "Computer": "DESKTOP-OFJ6N53", "TimeCreated": "2025-03-10 09:04:09.418015+00:00", "RecordID": "11865", "Level": "4", "UserID": "S-1-5-18", "EventData.hc_stateid": "1", "EventData.LastRunDateTime": "‎10.‎03.‎2025 12:04"}
{"EventID": "800", "Channel": "Microsoft-Windows-TaskScheduler/Maintenance", "Provider_Name": "Microsoft-Windows-TaskScheduler", "Computer": "DESKTOP-OFJ6N53", "TimeCreated": "2025-03-10 09:04:10.424875+00:00", "RecordID": "11866", "Level": "4", "UserID": "S-1-5-18", "EventData.hc_stateid": "3", "EventData.LastRunDateTime": "‎10.‎03.‎2025 12:04"}
{"EventID": "800", "Channel": "Microsoft-Windows-TaskScheduler/Maintenance", "Provider_Name": "Microsoft-Windows-TaskScheduler", "Computer": "DESKTOP-OFJ6N53", "TimeCreated": "2025-03-10 09:07:12.080944+00:00", "RecordID": "11867", "Level": "4", "UserID": "S-1-5-18", "EventData.hc_stateid": "1", "EventData.LastRunDateTime": "‎10.‎03.‎2025 12:07"}
{"EventID": "800", "Channel": "Microsoft-Windows-TaskScheduler/Maintenance", "Provider_Name": "Microsoft-Windows-TaskScheduler", "Computer": "DESKTOP-OFJ6N53", "TimeCreated": "2025-03-10 09:07:13.103643+00:00", "RecordID": "11868", "Level": "4", "UserID": "S-1-5-18", "EventData.hc_stateid": "3", "EventData.LastRunDateTime": "‎10.‎03.‎2025 12:07"}
{"EventID": "800", "Channel": "Microsoft-Windows-TaskScheduler/Maintenance", "Provider_Name": "Microsoft-Windows-TaskScheduler", "Computer": "DESKTOP-OFJ6N53", "TimeCreated": "2025-03-10 09:07:13.446777+00:00", "RecordID": "11869", "Level": "4", "UserID": "S-1-5-18", "EventData.hc_stateid": "1", "EventData.LastRunDateTime": "‎10.‎03.‎2025 12:07"}
{"EventID": "800", "Channel": "Microsoft-Windows-TaskScheduler/Maintenance", "Provider_Name": "Microsoft-Windows-TaskScheduler", "Computer": "DESKTOP-OFJ6N53", "TimeCreated": "2025-03-10 09:07:14.456928+00:00", "RecordID": "11870", "Level": "4", "UserID": "S-1-5-18", "EventData.hc_stateid": "3", "EventData.LastRunDateTime": "‎10.‎03.‎2025 12:07"}
{"EventID": "800", "Channel": "Microsoft-Windows-TaskScheduler/Maintenance", "Provider_Name": "Microsoft-Windows-TaskScheduler", "Computer": "DESKTOP-OFJ6N53", "TimeCreated": "2025-03-10 09:08:20.190527+00:00", "RecordID": "11871", "Level": "4", "UserID": "S-1-5-18", "EventData.hc_stateid": "1", "EventData.LastRunDateTime": "‎10.‎03.‎2025 12:08"}
{"EventID": "800", "Channel": "Microsoft-Windows-TaskScheduler/Maintenance", "Provider_Name": "Microsoft-Windows-TaskScheduler", "Computer": "DESKTOP-OFJ6N53", "TimeCreated": "2025-03-10 09:08:21.206812+00:00", "RecordID": "11872", "Level": "4", "UserID": "S-1-5-18", "EventData.hc_stateid": "3", "EventData.LastRunDateTime": "‎10.‎03.‎2025 12:08"}
{"EventID": "800", "Channel": "Microsoft-Windows-TaskScheduler/Maintenance", "Provider_Name": "Microsoft-Windows-TaskScheduler", "Computer": "DESKTOP-OFJ6N53", "TimeCreated": "2025-03-10 09:08:22.103519+00:00", "RecordID": "11873", "Level": "4", "UserID": "S-1-5-18", "EventData.hc_stateid": "1", "EventData.LastRunDateTime": "‎10.‎03.‎2025 12:08"}
{"EventID": "800", "Channel": "Microsoft-Windows-TaskScheduler/Maintenance", "Provider_Name": "Microsoft-Windows-TaskScheduler", "Computer": "DESKTOP-OFJ6N53", "TimeCreated": "2025-03-10 15:00:56.536993+00:00", "RecordID": "11874", "Level": "4", "UserID": "S-1-5-18", "EventData.hc_stateid": "3", "EventData.LastRunDateTime": "‎10.‎03.‎2025 18:00"}
{"EventID": "800", "Channel": "Microsoft-Windows-TaskScheduler/Maintenance", "Provider_Name": "Microsoft-Windows-TaskScheduler", "Computer": "DESKTOP-OFJ6N53", "TimeCreated": "2025-03-10 15:00:56.727116+00:00", "RecordID": "11875", "Level": "4", "UserID": "S-1-5-18", "EventData.hc_stateid": "1", "EventData.LastRunDateTime": "‎10.‎03.‎2025 18:00"}
{"EventID": "800", "Channel": "Microsoft-Windows-TaskScheduler/Maintenance", "Provider_Name": "Microsoft-Windows-TaskScheduler", "Computer": "DESKTOP-OFJ6N53", "TimeCreated": "2025-03-10 16:36:50.750204+00:00", "RecordID": "11876", "Level": "4", "UserID": "S-1-5-18", "EventData.hc_stateid": "3", "EventData.LastRunDateTime": "‎10.‎03.‎2025 19:36"}
{"EventID": "800", "Channel": "Microsoft-Windows-TaskScheduler/Maintenance", "Provider_Name": "Microsoft-Windows-TaskScheduler", "Computer": "DESKTOP-OFJ6N53", "TimeCreated": "2025-03-10 16:36:50.941830+00:00", "RecordID": "11877", "Level": "4", "UserID": "S-1-5-18", "EventData.hc_stateid": "1", "EventData.LastRunDateTime": "‎10.‎03.‎2025 19:36"}
{"EventID": "800", "Channel": "Microsoft-Windows-TaskScheduler/Maintenance", "Provider_Name": "Microsoft-Windows-TaskScheduler", "Computer": "DESKTOP-OFJ6N53", "TimeCreated": "2025-03-10 17:04:09.829863+00:00", "RecordID": "11878", "Level": "4", "UserID": "S-1-5-18", "EventData.hc_stateid": "3", "EventData.LastRunDateTime": "‎10.‎03.‎2025 20:04"}
{"EventID": "800", "Channel": "Microsoft-Windows-TaskScheduler/Maintenance", "Provider_Name": "Microsoft-Windows-TaskScheduler", "Computer": "DESKTOP-OFJ6N53", "TimeCreated": "2025-03-10 17:04:09.856379+00:00", "RecordID": "11879", "Level": "4", "UserID": "S-1-5-18", "EventData.hc_stateid": "1", "EventData.LastRunDateTime": "‎10.‎03.‎2025 20:04"}
{"EventID": "800", "Channel": "Microsoft-Windows-TaskScheduler/Maintenance", "Provider_Name": "Microsoft-Windows-TaskScheduler", "Computer": "DESKTOP-OFJ6N53", "TimeCreated": "2025-03-11 09:04:10.379686+00:00", "RecordID": "11880", "Level": "4", "UserID": "S-1-5-18", "EventData.hc_stateid": "3", "EventData.LastRunDateTime": "‎11.‎03.‎2025 12:04"}
{"EventID": "800", "Channel": "Microsoft-Windows-TaskScheduler/Maintenance", "Provider_Name": "Microsoft-Windows-TaskScheduler", "Computer": "DESKTOP-OFJ6N53", "TimeCreated": "2025-03-11 09:07:13.577887+00:00", "RecordID": "11881", "Level": "4", "UserID": "S-1-5-18", "EventData.hc_stateid": "1", "EventData.LastRunDateTime": "‎11.‎03.‎2025 12:07"}
{"EventID": "800", "Channel": "Microsoft-Windows-TaskScheduler/Maintenance", "Provider_Name": "Microsoft-Windows-TaskScheduler", "Computer": "DESKTOP-OFJ6N53", "TimeCreated": "2025-03-11 09:07:14.597797+00:00", "RecordID": "11882", "Level": "4", "UserID": "S-1-5-18", "EventData.hc_stateid": "3", "EventData.LastRunDateTime": "‎11.‎03.‎2025 12:07"}
{"EventID": "800", "Channel": "Microsoft-Windows-TaskScheduler/Maintenance", "Provider_Name": "Microsoft-Windows-TaskScheduler", "Computer": "DESKTOP-OFJ6N53", "TimeCreated": "2025-03-11 09:08:20.292261+00:00", "RecordID": "11883", "Level": "4", "UserID": "S-1-5-18", "EventData.hc_stateid": "1", "EventData.LastRunDateTime": "‎11.‎03.‎2025 12:08"}
{"EventID": "800", "Channel": "Microsoft-Windows-TaskScheduler/Maintenance", "Provider_Name": "Microsoft-Windows-TaskScheduler", "Computer": "DESKTOP-OFJ6N53", "TimeCreated": "2025-03-11 15:04:11.919891+00:00", "RecordID": "11884", "Level": "4", "UserID": "S-1-5-18", "EventData.hc_stateid": "3", "EventData.LastRunDateTime": "‎11.‎03.‎2025 18:04"}
{"EventID": "800", "Channel": "Microsoft-Windows-TaskScheduler/Maintenance", "Provider_Name": "Microsoft-Windows-TaskScheduler", "Computer": "DESKTOP-OFJ6N53", "TimeCreated": "2025-03-11 15:04:12.065243+00:00", "RecordID": "11885", "Level": "4", "UserID": "S-1-5-18", "EventData.hc_stateid": "1", "EventData.LastRunDateTime": "‎11.‎03.‎2025 18:04"}
{"EventID": "800", "Channel": "Microsoft-Windows-TaskScheduler/Maintenance", "Provider_Name": "Microsoft-Windows-TaskScheduler", "Computer": "DESKTOP-OFJ6N53", "TimeCreated": "2025-03-11 17:04:12.007580+00:00", "RecordID": "11886", "Level": "4", "UserID": "S-1-5-18", "EventData.hc_stateid": "3", "EventData.LastRunDateTime": "‎11.‎03.‎2025 20:04"}
{"EventID": "800", "Channel": "Microsoft-Windows-TaskScheduler/Maintenance", "Provider_Name": "Microsoft-Windows-TaskScheduler", "Computer": "DESKTOP-OFJ6N53", "TimeCreated": "2025-03-11 17:04:12.174360+00:00", "RecordID": "11887", "Level": "4", "UserID": "S-1-5-18", "EventData.hc_stateid": "1", "EventData.LastRunDateTime": "‎11.‎03.‎2025 20:04"}
{"EventID": "808", "Channel": "Microsoft-Windows-TaskScheduler/Maintenance", "Provider_Name": "Microsoft-Windows-TaskScheduler", "Computer": "DESKTOP-OFJ6N53", "TimeCreated": "2025-03-11 20:19:13.238503+00:00", "RecordID": "11888", "Level": "3", "UserID": "S-1-5-18", "EventData.Task": "NT TASK\\Microsoft\\Windows\\.NET Framework\\.NET Framework NGEN v4.0.30319 Critical"}
{"EventID": "808", "Channel": "Microsoft-Windows-TaskScheduler/Maintenance", "Provider_Name": "Microsoft-Windows-TaskScheduler", "Computer": "DESKTOP-OFJ6N53", "TimeCreated": "2025-03-11 20:19:13.548885+00:00", "RecordID": "11889", "Level": "3", "UserID": "S-1-5-18", "EventData.Task": "NT TASK\\Microsoft\\Windows\\.NET Framework\\.NET Framework NGEN v4.0.30319 64 Critical"}
{"EventID": "800", "Channel": "Microsoft-Windows-TaskScheduler/Maintenance", "Provider_Name": "Microsoft-Windows-TaskScheduler", "Computer": "DESKTOP-OFJ6N53", "TimeCreated": "2025-03-11 20:19:14.717226+00:00", "RecordID": "11890", "Level": "4", "UserID": "S-1-5-18", "EventData.hc_stateid": "3", "EventData.LastRunDateTime": "‎11.‎03.‎2025 23:19"}
{"EventID": "808", "Channel": "Microsoft-Windows-TaskScheduler/Maintenance", "Provider_Name": "Microsoft-Windows-TaskScheduler", "Computer": "DESKTOP-OFJ6N53", "TimeCreated": "2025-03-11 20:28:02.755171+00:00", "RecordID": "11891", "Level": "3", "UserID": "S-1-5-18", "EventData.Task": "NT TASK\\Microsoft\\Windows\\.NET Framework\\.NET Framework NGEN v4.0.30319 64 Critical"}
{"EventID": "800", "Channel": "Microsoft-Windows-TaskScheduler/Maintenance", "Provider_Name": "Microsoft-Windows-TaskScheduler", "Computer": "DESKTOP-OFJ6N53", "TimeCreated": "2025-03-11 20:33:39.381464+00:00", "RecordID": "11892", "Level": "4", "UserID": "S-1-5-18", "EventData.hc_stateid": "1", "EventData.LastRunDateTime": "‎11.‎03.‎2025 23:33"}
{"EventID": "800", "Channel": "Microsoft-Windows-TaskScheduler/Maintenance", "Provider_Name": "Microsoft-Windows-TaskScheduler", "Computer": "DESKTOP-OFJ6N53", "TimeCreated": "2025-03-11 21:02:41.833437+00:00", "RecordID": "11893", "Level": "4", "UserID": "S-1-5-18", "EventData.hc_stateid": "3", "EventData.LastRunDateTime": "‎12.‎03.‎2025 0:02"}
{"EventID": "800", "Channel": "Microsoft-Windows-TaskScheduler/Maintenance", "Provider_Name": "Microsoft-Windows-TaskScheduler", "Computer": "DESKTOP-OFJ6N53", "TimeCreated": "2025-03-11 21:02:41.866085+00:00", "RecordID": "11894", "Level": "4", "UserID": "S-1-5-18", "EventData.hc_stateid": "1", "EventData.LastRunDateTime": "‎12.‎03.‎2025 0:02"}
{"EventID": "800", "Channel": "Microsoft-Windows-TaskScheduler/Maintenance", "Provider_Name": "Microsoft-Windows-TaskScheduler", "Computer": "DESKTOP-OFJ6N53", "TimeCreated": "2025-03-12 07:38:35.642073+00:00", "RecordID": "11895", "Level": "4", "UserID": "S-1-5-18", "EventData.hc_stateid": "3", "EventData.LastRunDateTime": "‎12.‎03.‎2025 10:38"}
{"EventID": "800", "Channel": "Microsoft-Windows-TaskScheduler/Maintenance", "Provider_Name": "Microsoft-Windows-TaskScheduler", "Computer": "DESKTOP-OFJ6N53", "TimeCreated": "2025-03-12 07:42:57.188190+00:00", "RecordID": "11896", "Level": "4", "UserID": "S-1-5-18", "EventData.hc_stateid": "1", "EventData.LastRunDateTime": "‎12.‎03.‎2025 10:42"}
{"EventID": "800", "Channel": "Microsoft-Windows-TaskScheduler/Maintenance", "Provider_Name": "Microsoft-Windows-TaskScheduler", "Computer": "DESKTOP-OFJ6N53", "TimeCreated": "2025-03-12 08:37:48.851501+00:00", "RecordID": "11897", "Level": "4", "UserID": "S-1-5-18", "EventData.hc_stateid": "3", "EventData.LastRunDateTime": "‎12.‎03.‎2025 11:37"}
{"EventID": "800", "Channel": "Microsoft-Windows-TaskScheduler/Maintenance", "Provider_Name": "Microsoft-Windows-TaskScheduler", "Computer": "DESKTOP-OFJ6N53", "TimeCreated": "2025-03-12 08:46:36.487902+00:00", "RecordID": "11898", "Level": "4", "UserID": "S-1-5-18", "EventData.hc_stateid": "1", "EventData.LastRunDateTime": "‎12.‎03.‎2025 11:46"}
{"EventID": "800", "Channel": "Microsoft-Windows-TaskScheduler/Maintenance", "Provider_Name": "Microsoft-Windows-TaskScheduler", "Computer": "DESKTOP-OFJ6N53", "TimeCreated": "2025-03-12 08:46:37.501659+00:00", "RecordID": "11899", "Level": "4", "UserID": "S-1-5-18", "EventData.hc_stateid": "3", "EventData.LastRunDateTime": "‎12.‎03.‎2025 11:46"}
{"EventID": "800", "Channel": "Microsoft-Windows-TaskScheduler/Maintenance", "Provider_Name": "Microsoft-Windows-TaskScheduler", "Computer": "DESKTOP-OFJ6N53", "TimeCreated": "2025-03-12 08:47:34.319357+00:00", "RecordID": "11900", "Level": "4", "UserID": "S-1-5-18", "EventData.hc_stateid": "1", "EventData.LastRunDateTime": "‎12.‎03.‎2025 11:47"}
{"EventID": "800", "Channel": "Microsoft-Windows-TaskScheduler/Maintenance", "Provider_Name": "Microsoft-Windows-TaskScheduler", "Computer": "DESKTOP-OFJ6N53", "TimeCreated": "2025-03-12 08:51:35.840685+00:00", "RecordID": "11901", "Level": "4", "UserID": "S-1-5-18", "EventData.hc_stateid": "3", "EventData.LastRunDateTime": "‎12.‎03.‎2025 11:51"}
{"EventID": "800", "Channel": "Microsoft-Windows-TaskScheduler/Maintenance", "Provider_Name": "Microsoft-Windows-TaskScheduler", "Computer": "DESKTOP-OFJ6N53", "TimeCreated": "2025-03-12 08:52:40.118412+00:00", "RecordID": "11902", "Level": "4", "UserID": "S-1-5-18", "EventData.hc_stateid": "1", "EventData.LastRunDateTime": "‎12.‎03.‎2025 11:52"}
{"EventID": "800", "Channel": "Microsoft-Windows-TaskScheduler/Maintenance", "Provider_Name": "Microsoft-Windows-TaskScheduler", "Computer": "DESKTOP-OFJ6N53", "TimeCreated": "2025-03-12 16:17:08.231945+00:00", "RecordID": "11903", "Level": "4", "UserID": "S-1-5-18", "EventData.hc_stateid": "3", "EventData.LastRunDateTime": "‎12.‎03.‎2025 19:17"}
{"EventID": "800", "Channel": "Microsoft-Windows-TaskScheduler/Maintenance", "Provider_Name": "Microsoft-Windows-TaskScheduler", "Computer": "DESKTOP-OFJ6N53", "TimeCreated": "2025-03-12 16:17:08.432215+00:00", "RecordID": "11904", "Level": "4", "UserID": "S-1-5-18", "EventData.hc_stateid": "1", "EventData.LastRunDateTime": "‎12.‎03.‎2025 19:17"}
{"EventID": "800", "Channel": "Microsoft-Windows-TaskScheduler/Maintenance", "Provider_Name": "Microsoft-Windows-TaskScheduler", "Computer": "DESKTOP-OFJ6N53", "TimeCreated": "2025-03-12 18:17:08.352674+00:00", "RecordID": "11905", "Level": "4", "UserID": "S-1-5-18", "EventData.hc_stateid": "3", "EventData.LastRunDateTime": "‎12.‎03.‎2025 21:17"}
{"EventID": "800", "Channel": "Microsoft-Windows-TaskScheduler/Maintenance", "Provider_Name": "Microsoft-Windows-TaskScheduler", "Computer": "DESKTOP-OFJ6N53", "TimeCreated": "2025-03-12 18:17:08.399321+00:00", "RecordID": "11906", "Level": "4", "UserID": "S-1-5-18", "EventData.hc_stateid": "1", "EventData.LastRunDateTime": "‎12.‎03.‎2025 21:17"}
{"EventID": "800", "Channel": "Microsoft-Windows-TaskScheduler/Maintenance", "Provider_Name": "Microsoft-Windows-TaskScheduler", "Computer": "DESKTOP-OFJ6N53", "TimeCreated": "2025-03-13 08:17:09.104856+00:00", "RecordID": "11907", "Level": "4", "UserID": "S-1-5-18", "EventData.hc_stateid": "3", "EventData.LastRunDateTime": "‎13.‎03.‎2025 11:17"}
{"EventID": "800", "Channel": "Microsoft-Windows-TaskScheduler/Maintenance", "Provider_Name": "Microsoft-Windows-TaskScheduler", "Computer": "DESKTOP-OFJ6N53", "TimeCreated": "2025-03-13 08:26:09.498924+00:00", "RecordID": "11908", "Level": "4", "UserID": "S-1-5-18", "EventData.hc_stateid": "1", "EventData.LastRunDateTime": "‎13.‎03.‎2025 11:26"}
{"EventID": "800", "Channel": "Microsoft-Windows-TaskScheduler/Maintenance", "Provider_Name": "Microsoft-Windows-TaskScheduler", "Computer": "DESKTOP-OFJ6N53", "TimeCreated": "2025-03-13 10:17:09.145311+00:00", "RecordID": "11909", "Level": "4", "UserID": "S-1-5-18", "EventData.hc_stateid": "3", "EventData.LastRunDateTime": "‎13.‎03.‎2025 13:17"}
{"EventID": "800", "Channel": "Microsoft-Windows-TaskScheduler/Maintenance", "Provider_Name": "Microsoft-Windows-TaskScheduler", "Computer": "DESKTOP-OFJ6N53", "TimeCreated": "2025-03-13 10:17:50.922831+00:00", "RecordID": "11910", "Level": "4", "UserID": "S-1-5-18", "EventData.hc_stateid": "1", "EventData.LastRunDateTime": "‎13.‎03.‎2025 13:17"}
{"EventID": "800", "Channel": "Microsoft-Windows-TaskScheduler/Maintenance", "Provider_Name": "Microsoft-Windows-TaskScheduler", "Computer": "DESKTOP-OFJ6N53", "TimeCreated": "2025-03-13 10:17:51.949471+00:00", "RecordID": "11911", "Level": "4", "UserID": "S-1-5-18", "EventData.hc_stateid": "3", "EventData.LastRunDateTime": "‎13.‎03.‎2025 13:17"}
{"EventID": "800", "Channel": "Microsoft-Windows-TaskScheduler/Maintenance", "Provider_Name": "Microsoft-Windows-TaskScheduler", "Computer": "DESKTOP-OFJ6N53", "TimeCreated": "2025-03-13 10:17:52.375483+00:00", "RecordID": "11912", "Level": "4", "UserID": "S-1-5-18", "EventData.hc_stateid": "1", "EventData.LastRunDateTime": "‎13.‎03.‎2025 13:17"}
{"EventID": "800", "Channel": "Microsoft-Windows-TaskScheduler/Maintenance", "Provider_Name": "Microsoft-Windows-TaskScheduler", "Computer": "DESKTOP-OFJ6N53", "TimeCreated": "2025-03-13 10:17:53.396444+00:00", "RecordID": "11913", "Level": "4", "UserID": "S-1-5-18", "EventData.hc_stateid": "3", "EventData.LastRunDateTime": "‎13.‎03.‎2025 13:17"}
{"EventID": "800", "Channel": "Microsoft-Windows-TaskScheduler/Maintenance", "Provider_Name": "Microsoft-Windows-TaskScheduler", "Computer": "DESKTOP-OFJ6N53", "TimeCreated": "2025-03-13 10:18:58.215858+00:00", "RecordID": "11914", "Level": "4", "UserID": "S-1-5-18", "EventData.hc_stateid": "1", "EventData.LastRunDateTime": "‎13.‎03.‎2025 13:18"}
{"EventID": "800", "Channel": "Microsoft-Windows-TaskScheduler/Maintenance", "Provider_Name": "Microsoft-Windows-TaskScheduler", "Computer": "DESKTOP-OFJ6N53", "TimeCreated": "2025-03-13 16:17:10.713959+00:00", "RecordID": "11915", "Level": "4", "UserID": "S-1-5-18", "EventData.hc_stateid": "3", "EventData.LastRunDateTime": "‎13.‎03.‎2025 19:17"}
{"EventID": "800", "Channel": "Microsoft-Windows-TaskScheduler/Maintenance", "Provider_Name": "Microsoft-Windows-TaskScheduler", "Computer": "DESKTOP-OFJ6N53", "TimeCreated": "2025-03-13 16:17:10.961184+00:00", "RecordID": "11916", "Level": "4", "UserID": "S-1-5-18", "EventData.hc_stateid": "1", "EventData.LastRunDateTime": "‎13.‎03.‎2025 19:17"}
{"EventID": "800", "Channel": "Microsoft-Windows-TaskScheduler/Maintenance", "Provider_Name": "Microsoft-Windows-TaskScheduler", "Computer": "DESKTOP-OFJ6N53", "TimeCreated": "2025-03-13 18:17:10.784758+00:00", "RecordID": "11917", "Level": "4", "UserID": "S-1-5-18", "EventData.hc_stateid": "3", "EventData.LastRunDateTime": "‎13.‎03.‎2025 21:17"}
{"EventID": "800", "Channel": "Microsoft-Windows-TaskScheduler/Maintenance", "Provider_Name": "Microsoft-Windows-TaskScheduler", "Computer": "DESKTOP-OFJ6N53", "TimeCreated": "2025-03-13 18:17:11.327749+00:00", "RecordID": "11918", "Level": "4", "UserID": "S-1-5-18", "EventData.hc_stateid": "1", "EventData.LastRunDateTime": "‎13.‎03.‎2025 21:17"}
{"EventID": "800", "Channel": "Microsoft-Windows-TaskScheduler/Maintenance", "Provider_Name": "Microsoft-Windows-TaskScheduler", "Computer": "DESKTOP-OFJ6N53", "TimeCreated": "2025-03-14 08:17:11.323622+00:00", "RecordID": "11919", "Level": "4", "UserID": "S-1-5-18", "EventData.hc_stateid": "3", "EventData.LastRunDateTime": "‎14.‎03.‎2025 11:17"}
{"EventID": "800", "Channel": "Microsoft-Windows-TaskScheduler/Maintenance", "Provider_Name": "Microsoft-Windows-TaskScheduler", "Computer": "DESKTOP-OFJ6N53", "TimeCreated": "2025-03-14 08:18:11.966700+00:00", "RecordID": "11920", "Level": "4", "UserID": "S-1-5-18", "EventData.hc_stateid": "1", "EventData.LastRunDateTime": "‎14.‎03.‎2025 11:18"}
{"EventID": "800", "Channel": "Microsoft-Windows-TaskScheduler/Maintenance", "Provider_Name": "Microsoft-Windows-TaskScheduler", "Computer": "DESKTOP-OFJ6N53", "TimeCreated": "2025-03-14 10:30:01.181282+00:00", "RecordID": "11921", "Level": "4", "UserID": "S-1-5-18", "EventData.hc_stateid": "3", "EventData.LastRunDateTime": "‎14.‎03.‎2025 13:30"}
{"EventID": "800", "Channel": "Microsoft-Windows-TaskScheduler/Maintenance", "Provider_Name": "Microsoft-Windows-TaskScheduler", "Computer": "DESKTOP-OFJ6N53", "TimeCreated": "2025-03-14 10:30:48.830427+00:00", "RecordID": "11922", "Level": "4", "UserID": "S-1-5-18", "EventData.hc_stateid": "1", "EventData.LastRunDateTime": "‎14.‎03.‎2025 13:30"}
{"EventID": "800", "Channel": "Microsoft-Windows-TaskScheduler/Maintenance", "Provider_Name": "Microsoft-Windows-TaskScheduler", "Computer": "DESKTOP-OFJ6N53", "TimeCreated": "2025-03-14 10:30:49.853411+00:00", "RecordID": "11923", "Level": "4", "UserID": "S-1-5-18", "EventData.hc_stateid": "3", "EventData.LastRunDateTime": "‎14.‎03.‎2025 13:30"}
{"EventID": "800", "Channel": "Microsoft-Windows-TaskScheduler/Maintenance", "Provider_Name": "Microsoft-Windows-TaskScheduler", "Computer": "DESKTOP-OFJ6N53", "TimeCreated": "2025-03-14 10:32:01.084387+00:00", "RecordID": "11924", "Level": "4", "UserID": "S-1-5-18", "EventData.hc_stateid": "1", "EventData.LastRunDateTime": "‎14.‎03.‎2025 13:32"}
{"EventID": "800", "Channel": "Microsoft-Windows-TaskScheduler/Maintenance", "Provider_Name": "Microsoft-Windows-TaskScheduler", "Computer": "DESKTOP-OFJ6N53", "TimeCreated": "2025-03-14 13:37:22.774715+00:00", "RecordID": "11925", "Level": "4", "UserID": "S-1-5-18", "EventData.hc_stateid": "3", "EventData.LastRunDateTime": "‎14.‎03.‎2025 16:37"}
{"EventID": "800", "Channel": "Microsoft-Windows-TaskScheduler/Maintenance", "Provider_Name": "Microsoft-Windows-TaskScheduler", "Computer": "DESKTOP-OFJ6N53", "TimeCreated": "2025-03-14 13:37:23.522570+00:00", "RecordID": "11926", "Level": "4", "UserID": "S-1-5-18", "EventData.hc_stateid": "1", "EventData.LastRunDateTime": "‎14.‎03.‎2025 16:37"}
{"EventID": "800", "Channel": "Microsoft-Windows-TaskScheduler/Maintenance", "Provider_Name": "Microsoft-Windows-TaskScheduler", "Computer": "DESKTOP-OFJ6N53", "TimeCreated": "2025-03-14 16:17:12.912334+00:00", "RecordID": "11927", "Level": "4", "UserID": "S-1-5-18", "EventData.hc_stateid": "3", "EventData.LastRunDateTime": "‎14.‎03.‎2025 19:17"}
{"EventID": "800", "Channel": "Microsoft-Windows-TaskScheduler/Maintenance", "Provider_Name": "Microsoft-Windows-TaskScheduler", "Computer": "DESKTOP-OFJ6N53", "TimeCreated": "2025-03-14 16:17:13.120176+00:00", "RecordID": "11928", "Level": "4", "UserID": "S-1-5-18", "EventData.hc_stateid": "1", "EventData.LastRunDateTime": "‎14.‎03.‎2025 19:17"}
{"EventID": "800", "Channel": "Microsoft-Windows-TaskScheduler/Maintenance", "Provider_Name": "Microsoft-Windows-TaskScheduler", "Computer": "DESKTOP-OFJ6N53", "TimeCreated": "2025-03-14 17:05:50.960630+00:00", "RecordID": "11929", "Level": "4", "UserID": "S-1-5-18", "EventData.hc_stateid": "3", "EventData.LastRunDateTime": "‎14.‎03.‎2025 20:05"}
{"EventID": "800", "Channel": "Microsoft-Windows-TaskScheduler/Maintenance", "Provider_Name": "Microsoft-Windows-TaskScheduler", "Computer": "DESKTOP-OFJ6N53", "TimeCreated": "2025-03-14 17:05:51.118015+00:00", "RecordID": "11930", "Level": "4", "UserID": "S-1-5-18", "EventData.hc_stateid": "1", "EventData.LastRunDateTime": "‎14.‎03.‎2025 20:05"}
{"EventID": "800", "Channel": "Microsoft-Windows-TaskScheduler/Maintenance", "Provider_Name": "Microsoft-Windows-TaskScheduler", "Computer": "DESKTOP-OFJ6N53", "TimeCreated": "2025-03-15 08:17:13.547571+00:00", "RecordID": "11931", "Level": "4", "UserID": "S-1-5-18", "EventData.hc_stateid": "3", "EventData.LastRunDateTime": "‎15.‎03.‎2025 11:17"}
{"EventID": "800", "Channel": "Microsoft-Windows-TaskScheduler/Maintenance", "Provider_Name": "Microsoft-Windows-TaskScheduler", "Computer": "DESKTOP-OFJ6N53", "TimeCreated": "2025-03-15 08:20:13.709042+00:00", "RecordID": "11932", "Level": "4", "UserID": "S-1-5-18", "EventData.hc_stateid": "1", "EventData.LastRunDateTime": "‎15.‎03.‎2025 11:20"}
{"EventID": "800", "Channel": "Microsoft-Windows-TaskScheduler/Maintenance", "Provider_Name": "Microsoft-Windows-TaskScheduler", "Computer": "DESKTOP-OFJ6N53", "TimeCreated": "2025-03-15 10:17:13.606922+00:00", "RecordID": "11933", "Level": "4", "UserID": "S-1-5-18", "EventData.hc_stateid": "3", "EventData.LastRunDateTime": "‎15.‎03.‎2025 13:17"}
{"EventID": "800", "Channel": "Microsoft-Windows-TaskScheduler/Maintenance", "Provider_Name": "Microsoft-Windows-TaskScheduler", "Computer": "DESKTOP-OFJ6N53", "TimeCreated": "2025-03-15 10:17:46.781179+00:00", "RecordID": "11934", "Level": "4", "UserID": "S-1-5-18", "EventData.hc_stateid": "1", "EventData.LastRunDateTime": "‎15.‎03.‎2025 13:17"}
{"EventID": "800", "Channel": "Microsoft-Windows-TaskScheduler/Maintenance", "Provider_Name": "Microsoft-Windows-TaskScheduler", "Computer": "DESKTOP-OFJ6N53", "TimeCreated": "2025-03-15 10:17:47.793449+00:00", "RecordID": "11935", "Level": "4", "UserID": "S-1-5-18", "EventData.hc_stateid": "3", "EventData.LastRunDateTime": "‎15.‎03.‎2025 13:17"}
{"EventID": "800", "Channel": "Microsoft-Windows-TaskScheduler/Maintenance", "Provider_Name": "Microsoft-Windows-TaskScheduler", "Computer": "DESKTOP-OFJ6N53", "TimeCreated": "2025-03-15 10:18:52.509848+00:00", "RecordID": "11936", "Level": "4", "UserID": "S-1-5-18", "EventData.hc_stateid": "1", "EventData.LastRunDateTime": "‎15.‎03.‎2025 13:18"}
{"EventID": "800", "Channel": "Microsoft-Windows-TaskScheduler/Maintenance", "Provider_Name": "Microsoft-Windows-TaskScheduler", "Computer": "DESKTOP-OFJ6N53", "TimeCreated": "2025-03-15 16:17:15.060612+00:00", "RecordID": "11937", "Level": "4", "UserID": "S-1-5-18", "EventData.hc_stateid": "3", "EventData.LastRunDateTime": "‎15.‎03.‎2025 19:17"}
{"EventID": "800", "Channel": "Microsoft-Windows-TaskScheduler/Maintenance", "Provider_Name": "Microsoft-Windows-TaskScheduler", "Computer": "DESKTOP-OFJ6N53", "TimeCreated": "2025-03-15 16:17:15.274902+00:00", "RecordID": "11938", "Level": "4", "UserID": "S-1-5-18", "EventData.hc_stateid": "1", "EventData.LastRunDateTime": "‎15.‎03.‎2025 19:17"}
{"EventID": "800", "Channel": "Microsoft-Windows-TaskScheduler/Maintenance", "Provider_Name": "Microsoft-Windows-TaskScheduler", "Computer": "DESKTOP-OFJ6N53", "TimeCreated": "2025-03-15 18:17:15.150337+00:00", "RecordID": "11939", "Level": "4", "UserID": "S-1-5-18", "EventData.hc_stateid": "3", "EventData.LastRunDateTime": "‎15.‎03.‎2025 21:17"}
{"EventID": "800", "Channel": "Microsoft-Windows-TaskScheduler/Maintenance", "Provider_Name": "Microsoft-Windows-TaskScheduler", "Computer": "DESKTOP-OFJ6N53", "TimeCreated": "2025-03-15 18:17:15.176414+00:00", "RecordID": "11940", "Level": "4", "UserID": "S-1-5-18", "EventData.hc_stateid": "1", "EventData.LastRunDateTime": "‎15.‎03.‎2025 21:17"}
