{"EventID": "906", "Channel": "Microsoft-Windows-Kernel-PnP/Driver Watchdog", "Provider_Name": "Microsoft-Windows-Kernel-PnP", "Computer": "DESKTOP-OFJ6N53", "TimeCreated": "2022-04-06 13:04:38.776165+00:00", "RecordID": "1", "Level": "3", "UserID": "S-1-5-18", "EventData.ThreadId": "0x00000000000000b4", "EventData.DeviceInstanceId": "SWD\\RemoteDisplayEnum\\RdpIdd_IndirectDisplay&SessionId_0002", "EventData.DriverName": "WUDFRd", "EventData.ElapsedTimeMs": "10099"}
{"EventID": "907", "Channel": "Microsoft-Windows-Kernel-PnP/Driver Watchdog", "Provider_Name": "Microsoft-Windows-Kernel-PnP", "Computer": "DESKTOP-OFJ6N53", "TimeCreated": "2022-04-06 13:04:39.015020+00:00", "RecordID": "2", "Level": "4", "UserID": "S-1-5-18", "EventData.ThreadId": "0x00000000000000b4", "EventData.DeviceInstanceId": "SWD\\RemoteDisplayEnum\\RdpIdd_IndirectDisplay&SessionId_0002", "EventData.DriverName": "WUDFRd", "EventData.ElapsedTimeMs": "10327"}
{"EventID": "906", "Channel": "Microsoft-Windows-Kernel-PnP/Driver Watchdog", "Provider_Name": "Microsoft-Windows-Kernel-PnP", "Computer": "DESKTOP-OFJ6N53", "TimeCreated": "2022-04-11 08:09:49.874516+00:00", "RecordID": "3", "Level": "3", "UserID": "S-1-5-18", "EventData.ThreadId": "0x0000000000003320", "EventData.DeviceInstanceId": "SWD\\RemoteDisplayEnum\\RdpIdd_IndirectDisplay&SessionId_0002", "EventData.DriverName": "WUDFRd", "EventData.ElapsedTimeMs": "10001"}
{"EventID": "907", "Channel": "Microsoft-Windows-Kernel-PnP/Driver Watchdog", "Provider_Name": "Microsoft-Windows-Kernel-PnP", "Computer": "DESKTOP-OFJ6N53", "TimeCreated": "2022-04-11 08:09:56.426538+00:00", "RecordID": "4", "Level": "4", "UserID": "S-1-5-18", "EventData.ThreadId": "0x0000000000003320", "EventData.DeviceInstanceId": "SWD\\RemoteDisplayEnum\\RdpIdd_IndirectDisplay&SessionId_0002", "EventData.DriverName": "WUDFRd", "EventData.ElapsedTimeMs": "16551"}
{"EventID": "906", "Channel": "Microsoft-Windows-Kernel-PnP/Driver Watchdog", "Provider_Name": "Microsoft-Windows-Kernel-PnP", "Computer": "DESKTOP-OFJ6N53", "TimeCreated": "2022-04-20 06:41:04.834808+00:00", "RecordID": "5", "Level": "3", "UserID": "S-1-5-18", "EventData.ThreadId": "0x000000000000321c", "EventData.DeviceInstanceId": "SWD\\RemoteDisplayEnum\\RdpIdd_IndirectDisplay&SessionId_0003", "EventData.DriverName": "WUDFRd", "EventData.ElapsedTimeMs": "10010"}
{"EventID": "907", "Channel": "Microsoft-Windows-Kernel-PnP/Driver Watchdog", "Provider_Name": "Microsoft-Windows-Kernel-PnP", "Computer": "DESKTOP-OFJ6N53", "TimeCreated": "2022-04-20 06:41:11.113199+00:00", "RecordID": "6", "Level": "4", "UserID": "S-1-5-18", "EventData.ThreadId": "0x000000000000321c", "EventData.DeviceInstanceId": "SWD\\RemoteDisplayEnum\\RdpIdd_IndirectDisplay&SessionId_0003", "EventData.DriverName": "WUDFRd", "EventData.ElapsedTimeMs": "16282"}
{"EventID": "906", "Channel": "Microsoft-Windows-Kernel-PnP/Driver Watchdog", "Provider_Name": "Microsoft-Windows-Kernel-PnP", "Computer": "DESKTOP-OFJ6N53", "TimeCreated": "2022-05-08 11:08:55.471998+00:00", "RecordID": "7", "Level": "3", "UserID": "S-1-5-18", "EventData.ThreadId": "0x00000000000013bc", "EventData.DeviceInstanceId": "SWD\\RemoteDisplayEnum\\RdpIdd_IndirectDisplay&SessionId_0001", "EventData.DriverName": "WUDFRd", "EventData.ElapsedTimeMs": "10076"}
{"EventID": "907", "Channel": "Microsoft-Windows-Kernel-PnP/Driver Watchdog", "Provider_Name": "Microsoft-Windows-Kernel-PnP", "Computer": "DESKTOP-OFJ6N53", "TimeCreated": "2022-05-08 11:09:02.617598+00:00", "RecordID": "8", "Level": "4", "UserID": "S-1-5-18", "EventData.ThreadId": "0x00000000000013bc", "EventData.DeviceInstanceId": "SWD\\RemoteDisplayEnum\\RdpIdd_IndirectDisplay&SessionId_0001", "EventData.DriverName": "WUDFRd", "EventData.ElapsedTimeMs": "17218"}
{"EventID": "906", "Channel": "Microsoft-Windows-Kernel-PnP/Driver Watchdog", "Provider_Name": "Microsoft-Windows-Kernel-PnP", "Computer": "DESKTOP-OFJ6N53", "TimeCreated": "2022-05-12 13:57:02.742214+00:00", "RecordID": "9", "Level": "3", "UserID": "S-1-5-18", "EventData.ThreadId": "0x0000000000000e4c", "EventData.DeviceInstanceId": "SWD\\RemoteDisplayEnum\\RdpIdd_IndirectDisplay&SessionId_0001", "EventData.DriverName": "WUDFRd", "EventData.ElapsedTimeMs": "10008"}
{"EventID": "907", "Channel": "Microsoft-Windows-Kernel-PnP/Driver Watchdog", "Provider_Name": "Microsoft-Windows-Kernel-PnP", "Computer": "DESKTOP-OFJ6N53", "TimeCreated": "2022-05-12 13:57:03.050564+00:00", "RecordID": "10", "Level": "4", "UserID": "S-1-5-18", "EventData.ThreadId": "0x0000000000000e4c", "EventData.DeviceInstanceId": "SWD\\RemoteDisplayEnum\\RdpIdd_IndirectDisplay&SessionId_0001", "EventData.DriverName": "WUDFRd", "EventData.ElapsedTimeMs": "10320"}
{"EventID": "900", "Channel": "Microsoft-Windows-Kernel-PnP/Driver Watchdog", "Provider_Name": "Microsoft-Windows-Kernel-PnP", "Computer": "DESKTOP-OFJ6N53", "TimeCreated": "2022-05-13 07:55:37.061348+00:00", "RecordID": "11", "Level": "3", "UserID": "S-1-5-18", "EventData.ThreadId": "0x0000000000001b18", "EventData.DeviceInstanceId": "SWD\\RemoteDisplayEnum\\RdpIdd_IndirectDisplay&SessionId_0001", "EventData.ServiceName": "WUDFRd", "EventData.ElapsedTimeMs": "10057"}
{"EventID": "901", "Channel": "Microsoft-Windows-Kernel-PnP/Driver Watchdog", "Provider_Name": "Microsoft-Windows-Kernel-PnP", "Computer": "DESKTOP-OFJ6N53", "TimeCreated": "2022-05-13 07:55:38.291546+00:00", "RecordID": "12", "Level": "4", "UserID": "S-1-5-18", "EventData.ThreadId": "0x0000000000001b18", "EventData.DeviceInstanceId": "SWD\\RemoteDisplayEnum\\RdpIdd_IndirectDisplay&SessionId_0001", "EventData.ServiceName": "WUDFRd", "EventData.ElapsedTimeMs": "11291"}
{"EventID": "906", "Channel": "Microsoft-Windows-Kernel-PnP/Driver Watchdog", "Provider_Name": "Microsoft-Windows-Kernel-PnP", "Computer": "DESKTOP-OFJ6N53", "TimeCreated": "2022-06-02 07:48:05.713947+00:00", "RecordID": "13", "Level": "3", "UserID": "S-1-5-18", "EventData.ThreadId": "0x000000000000383c", "EventData.DeviceInstanceId": "SWD\\RemoteDisplayEnum\\RdpIdd_IndirectDisplay&SessionId_0001", "EventData.DriverName": "WUDFRd", "EventData.ElapsedTimeMs": "10002"}
{"EventID": "907", "Channel": "Microsoft-Windows-Kernel-PnP/Driver Watchdog", "Provider_Name": "Microsoft-Windows-Kernel-PnP", "Computer": "DESKTOP-OFJ6N53", "TimeCreated": "2022-06-02 07:48:06.858578+00:00", "RecordID": "14", "Level": "4", "UserID": "S-1-5-18", "EventData.ThreadId": "0x000000000000383c", "EventData.DeviceInstanceId": "SWD\\RemoteDisplayEnum\\RdpIdd_IndirectDisplay&SessionId_0001", "EventData.DriverName": "WUDFRd", "EventData.ElapsedTimeMs": "11146"}
{"EventID": "900", "Channel": "Microsoft-Windows-Kernel-PnP/Driver Watchdog", "Provider_Name": "Microsoft-Windows-Kernel-PnP", "Computer": "DESKTOP-OFJ6N53", "TimeCreated": "2022-06-14 01:04:04.865520+00:00", "RecordID": "15", "Level": "3", "UserID": "S-1-5-18", "EventData.ThreadId": "0x0000000000000864", "EventData.DeviceInstanceId": "ROOT\\IKECFGIF\\0000", "EventData.ServiceName": "ikecfgif", "EventData.ElapsedTimeMs": "10015"}
{"EventID": "901", "Channel": "Microsoft-Windows-Kernel-PnP/Driver Watchdog", "Provider_Name": "Microsoft-Windows-Kernel-PnP", "Computer": "DESKTOP-OFJ6N53", "TimeCreated": "2022-06-14 01:04:08.357859+00:00", "RecordID": "16", "Level": "4", "UserID": "S-1-5-18", "EventData.ThreadId": "0x0000000000000864", "EventData.DeviceInstanceId": "ROOT\\IKECFGIF\\0000", "EventData.ServiceName": "ikecfgif", "EventData.ElapsedTimeMs": "13499"}
{"EventID": "906", "Channel": "Microsoft-Windows-Kernel-PnP/Driver Watchdog", "Provider_Name": "Microsoft-Windows-Kernel-PnP", "Computer": "DESKTOP-OFJ6N53", "TimeCreated": "2022-06-21 09:37:19.868433+00:00", "RecordID": "17", "Level": "3", "UserID": "S-1-5-18", "EventData.ThreadId": "0x000000000000257c", "EventData.DeviceInstanceId": "SWD\\RemoteDisplayEnum\\RdpIdd_IndirectDisplay&SessionId_0001", "EventData.DriverName": "WUDFRd", "EventData.ElapsedTimeMs": "10015"}
{"EventID": "907", "Channel": "Microsoft-Windows-Kernel-PnP/Driver Watchdog", "Provider_Name": "Microsoft-Windows-Kernel-PnP", "Computer": "DESKTOP-OFJ6N53", "TimeCreated": "2022-06-21 09:37:20.669949+00:00", "RecordID": "18", "Level": "4", "UserID": "S-1-5-18", "EventData.ThreadId": "0x000000000000257c", "EventData.DeviceInstanceId": "SWD\\RemoteDisplayEnum\\RdpIdd_IndirectDisplay&SessionId_0001", "EventData.DriverName": "WUDFRd", "EventData.ElapsedTimeMs": "10811"}
{"EventID": "906", "Channel": "Microsoft-Windows-Kernel-PnP/Driver Watchdog", "Provider_Name": "Microsoft-Windows-Kernel-PnP", "Computer": "DESKTOP-OFJ6N53", "TimeCreated": "2022-07-20 09:43:33.527206+00:00", "RecordID": "19", "Level": "3", "UserID": "S-1-5-18", "EventData.ThreadId": "0x00000000000034ac", "EventData.DeviceInstanceId": "SWD\\RemoteDisplayEnum\\RdpIdd_IndirectDisplay&SessionId_0001", "EventData.DriverName": "WUDFRd", "EventData.ElapsedTimeMs": "10072"}
{"EventID": "907", "Channel": "Microsoft-Windows-Kernel-PnP/Driver Watchdog", "Provider_Name": "Microsoft-Windows-Kernel-PnP", "Computer": "DESKTOP-OFJ6N53", "TimeCreated": "2022-07-20 09:43:36.631090+00:00", "RecordID": "20", "Level": "4", "UserID": "S-1-5-18", "EventData.ThreadId": "0x00000000000034ac", "EventData.DeviceInstanceId": "SWD\\RemoteDisplayEnum\\RdpIdd_IndirectDisplay&SessionId_0001", "EventData.DriverName": "WUDFRd", "EventData.ElapsedTimeMs": "13171"}
{"EventID": "906", "Channel": "Microsoft-Windows-Kernel-PnP/Driver Watchdog", "Provider_Name": "Microsoft-Windows-Kernel-PnP", "Computer": "DESKTOP-OFJ6N53", "TimeCreated": "2022-08-20 17:15:52.627768+00:00", "RecordID": "21", "Level": "3", "UserID": "S-1-5-18", "EventData.ThreadId": "0x0000000000002680", "EventData.DeviceInstanceId": "SWD\\RemoteDisplayEnum\\RdpIdd_IndirectDisplay&SessionId_0001", "EventData.DriverName": "WUDFRd", "EventData.ElapsedTimeMs": "10079"}
{"EventID": "907", "Channel": "Microsoft-Windows-Kernel-PnP/Driver Watchdog", "Provider_Name": "Microsoft-Windows-Kernel-PnP", "Computer": "DESKTOP-OFJ6N53", "TimeCreated": "2022-08-20 17:16:11.595919+00:00", "RecordID": "22", "Level": "4", "UserID": "S-1-5-18", "EventData.ThreadId": "0x0000000000002680", "EventData.DeviceInstanceId": "SWD\\RemoteDisplayEnum\\RdpIdd_IndirectDisplay&SessionId_0001", "EventData.DriverName": "WUDFRd", "EventData.ElapsedTimeMs": "29046"}
{"EventID": "900", "Channel": "Microsoft-Windows-Kernel-PnP/Driver Watchdog", "Provider_Name": "Microsoft-Windows-Kernel-PnP", "Computer": "DESKTOP-OFJ6N53", "TimeCreated": "2022-09-06 08:56:34.747849+00:00", "RecordID": "23", "Level": "3", "UserID": "S-1-5-18", "EventData.ThreadId": "0x000000000000316c", "EventData.DeviceInstanceId": "ROOT\\IKECFGIF\\0000", "EventData.ServiceName": "ikecfgif", "EventData.ElapsedTimeMs": "10000"}
{"EventID": "901", "Channel": "Microsoft-Windows-Kernel-PnP/Driver Watchdog", "Provider_Name": "Microsoft-Windows-Kernel-PnP", "Computer": "DESKTOP-OFJ6N53", "TimeCreated": "2022-09-06 08:57:50.496765+00:00", "RecordID": "24", "Level": "4", "UserID": "S-1-5-18", "EventData.ThreadId": "0x000000000000316c", "EventData.DeviceInstanceId": "ROOT\\IKECFGIF\\0000", "EventData.ServiceName": "ikecfgif", "EventData.ElapsedTimeMs": "85734"}
{"EventID": "906", "Channel": "Microsoft-Windows-Kernel-PnP/Driver Watchdog", "Provider_Name": "Microsoft-Windows-Kernel-PnP", "Computer": "DESKTOP-OFJ6N53", "TimeCreated": "2022-09-06 08:59:08.867081+00:00", "RecordID": "25", "Level": "3", "UserID": "S-1-5-18", "EventData.ThreadId": "0x0000000000000558", "EventData.DeviceInstanceId": "SWD\\RemoteDisplayEnum\\RdpIdd_IndirectDisplay&SessionId_0001", "EventData.DriverName": "WUDFRd", "EventData.ElapsedTimeMs": "10239"}
{"EventID": "907", "Channel": "Microsoft-Windows-Kernel-PnP/Driver Watchdog", "Provider_Name": "Microsoft-Windows-Kernel-PnP", "Computer": "DESKTOP-OFJ6N53", "TimeCreated": "2022-09-06 08:59:14.835592+00:00", "RecordID": "26", "Level": "4", "UserID": "S-1-5-18", "EventData.ThreadId": "0x0000000000000558", "EventData.DeviceInstanceId": "SWD\\RemoteDisplayEnum\\RdpIdd_IndirectDisplay&SessionId_0001", "EventData.DriverName": "WUDFRd", "EventData.ElapsedTimeMs": "16203"}
{"EventID": "900", "Channel": "Microsoft-Windows-Kernel-PnP/Driver Watchdog", "Provider_Name": "Microsoft-Windows-Kernel-PnP", "Computer": "DESKTOP-OFJ6N53", "TimeCreated": "2022-09-06 09:00:29.049776+00:00", "RecordID": "27", "Level": "3", "UserID": "", "EventData.ThreadId": "0x0000000000001d4c", "EventData.DeviceInstanceId": "SWD\\MSRRAS\\{5e259276-bc7e-40e3-b93b-8f89b5f3abc0}", "EventData.ServiceName": "NULL", "EventData.ElapsedTimeMs": "10582"}
{"EventID": "901", "Channel": "Microsoft-Windows-Kernel-PnP/Driver Watchdog", "Provider_Name": "Microsoft-Windows-Kernel-PnP", "Computer": "DESKTOP-OFJ6N53", "TimeCreated": "2022-09-06 09:00:56.313452+00:00", "RecordID": "28", "Level": "4", "UserID": "", "EventData.ThreadId": "0x0000000000001d4c", "EventData.DeviceInstanceId": "SWD\\MSRRAS\\{5e259276-bc7e-40e3-b93b-8f89b5f3abc0}", "EventData.ServiceName": "NULL", "EventData.ElapsedTimeMs": "37836"}
{"EventID": "906", "Channel": "Microsoft-Windows-Kernel-PnP/Driver Watchdog", "Provider_Name": "Microsoft-Windows-Kernel-PnP", "Computer": "DESKTOP-OFJ6N53", "TimeCreated": "2022-09-13 10:11:31.408995+00:00", "RecordID": "29", "Level": "3", "UserID": "S-1-5-18", "EventData.ThreadId": "0x0000000000000618", "EventData.DeviceInstanceId": "SWD\\RemoteDisplayEnum\\RdpIdd_IndirectDisplay&SessionId_0002", "EventData.DriverName": "WUDFRd", "EventData.ElapsedTimeMs": "11041"}
{"EventID": "907", "Channel": "Microsoft-Windows-Kernel-PnP/Driver Watchdog", "Provider_Name": "Microsoft-Windows-Kernel-PnP", "Computer": "DESKTOP-OFJ6N53", "TimeCreated": "2022-09-13 10:11:39.838398+00:00", "RecordID": "30", "Level": "4", "UserID": "S-1-5-18", "EventData.ThreadId": "0x0000000000000618", "EventData.DeviceInstanceId": "SWD\\RemoteDisplayEnum\\RdpIdd_IndirectDisplay&SessionId_0002", "EventData.DriverName": "WUDFRd", "EventData.ElapsedTimeMs": "19471"}
{"EventID": "906", "Channel": "Microsoft-Windows-Kernel-PnP/Driver Watchdog", "Provider_Name": "Microsoft-Windows-Kernel-PnP", "Computer": "DESKTOP-OFJ6N53", "TimeCreated": "2022-10-06 08:17:22.184116+00:00", "RecordID": "31", "Level": "3", "UserID": "S-1-5-18", "EventData.ThreadId": "0x0000000000002f9c", "EventData.DeviceInstanceId": "SWD\\RemoteDisplayEnum\\RdpIdd_IndirectDisplay&SessionId_0001", "EventData.DriverName": "WUDFRd", "EventData.ElapsedTimeMs": "10232"}
{"EventID": "907", "Channel": "Microsoft-Windows-Kernel-PnP/Driver Watchdog", "Provider_Name": "Microsoft-Windows-Kernel-PnP", "Computer": "DESKTOP-OFJ6N53", "TimeCreated": "2022-10-06 08:17:23.844942+00:00", "RecordID": "32", "Level": "4", "UserID": "S-1-5-18", "EventData.ThreadId": "0x0000000000002f9c", "EventData.DeviceInstanceId": "SWD\\RemoteDisplayEnum\\RdpIdd_IndirectDisplay&SessionId_0001", "EventData.DriverName": "WUDFRd", "EventData.ElapsedTimeMs": "11887"}
{"EventID": "906", "Channel": "Microsoft-Windows-Kernel-PnP/Driver Watchdog", "Provider_Name": "Microsoft-Windows-Kernel-PnP", "Computer": "DESKTOP-OFJ6N53", "TimeCreated": "2022-10-10 08:42:34.364939+00:00", "RecordID": "33", "Level": "3", "UserID": "S-1-5-18", "EventData.ThreadId": "0x0000000000003640", "EventData.DeviceInstanceId": "SWD\\RemoteDisplayEnum\\RdpIdd_IndirectDisplay&SessionId_0001", "EventData.DriverName": "WUDFRd", "EventData.ElapsedTimeMs": "10018"}
{"EventID": "907", "Channel": "Microsoft-Windows-Kernel-PnP/Driver Watchdog", "Provider_Name": "Microsoft-Windows-Kernel-PnP", "Computer": "DESKTOP-OFJ6N53", "TimeCreated": "2022-10-10 08:42:38.062965+00:00", "RecordID": "34", "Level": "4", "UserID": "S-1-5-18", "EventData.ThreadId": "0x0000000000003640", "EventData.DeviceInstanceId": "SWD\\RemoteDisplayEnum\\RdpIdd_IndirectDisplay&SessionId_0001", "EventData.DriverName": "WUDFRd", "EventData.ElapsedTimeMs": "13719"}
{"EventID": "906", "Channel": "Microsoft-Windows-Kernel-PnP/Driver Watchdog", "Provider_Name": "Microsoft-Windows-Kernel-PnP", "Computer": "DESKTOP-OFJ6N53", "TimeCreated": "2022-10-28 13:55:05.548866+00:00", "RecordID": "35", "Level": "3", "UserID": "S-1-5-18", "EventData.ThreadId": "0x0000000000000ed4", "EventData.DeviceInstanceId": "SWD\\RemoteDisplayEnum\\RdpIdd_IndirectDisplay&SessionId_0001", "EventData.DriverName": "WUDFRd", "EventData.ElapsedTimeMs": "10015"}
{"EventID": "907", "Channel": "Microsoft-Windows-Kernel-PnP/Driver Watchdog", "Provider_Name": "Microsoft-Windows-Kernel-PnP", "Computer": "DESKTOP-OFJ6N53", "TimeCreated": "2022-10-28 13:55:06.212349+00:00", "RecordID": "36", "Level": "4", "UserID": "S-1-5-18", "EventData.ThreadId": "0x0000000000000ed4", "EventData.DeviceInstanceId": "SWD\\RemoteDisplayEnum\\RdpIdd_IndirectDisplay&SessionId_0001", "EventData.DriverName": "WUDFRd", "EventData.ElapsedTimeMs": "10670"}
{"EventID": "906", "Channel": "Microsoft-Windows-Kernel-PnP/Driver Watchdog", "Provider_Name": "Microsoft-Windows-Kernel-PnP", "Computer": "DESKTOP-OFJ6N53", "TimeCreated": "2022-10-31 09:01:19.950312+00:00", "RecordID": "37", "Level": "3", "UserID": "S-1-5-18", "EventData.ThreadId": "0x000000000000120c", "EventData.DeviceInstanceId": "SWD\\RemoteDisplayEnum\\RdpIdd_IndirectDisplay&SessionId_0001", "EventData.DriverName": "WUDFRd", "EventData.ElapsedTimeMs": "10016"}
{"EventID": "907", "Channel": "Microsoft-Windows-Kernel-PnP/Driver Watchdog", "Provider_Name": "Microsoft-Windows-Kernel-PnP", "Computer": "DESKTOP-OFJ6N53", "TimeCreated": "2022-10-31 09:01:21.846441+00:00", "RecordID": "38", "Level": "4", "UserID": "S-1-5-18", "EventData.ThreadId": "0x000000000000120c", "EventData.DeviceInstanceId": "SWD\\RemoteDisplayEnum\\RdpIdd_IndirectDisplay&SessionId_0001", "EventData.DriverName": "WUDFRd", "EventData.ElapsedTimeMs": "11923"}
{"EventID": "906", "Channel": "Microsoft-Windows-Kernel-PnP/Driver Watchdog", "Provider_Name": "Microsoft-Windows-Kernel-PnP", "Computer": "DESKTOP-OFJ6N53", "TimeCreated": "2022-10-31 18:51:29.697395+00:00", "RecordID": "39", "Level": "3", "UserID": "S-1-5-18", "EventData.ThreadId": "0x0000000000001410", "EventData.DeviceInstanceId": "SWD\\RemoteDisplayEnum\\RdpIdd_IndirectDisplay&SessionId_0001", "EventData.DriverName": "WUDFRd", "EventData.ElapsedTimeMs": "10156"}
{"EventID": "907", "Channel": "Microsoft-Windows-Kernel-PnP/Driver Watchdog", "Provider_Name": "Microsoft-Windows-Kernel-PnP", "Computer": "DESKTOP-OFJ6N53", "TimeCreated": "2022-10-31 18:52:26.766375+00:00", "RecordID": "40", "Level": "4", "UserID": "S-1-5-18", "EventData.ThreadId": "0x0000000000001410", "EventData.DeviceInstanceId": "SWD\\RemoteDisplayEnum\\RdpIdd_IndirectDisplay&SessionId_0001", "EventData.DriverName": "WUDFRd", "EventData.ElapsedTimeMs": "67221"}
{"EventID": "900", "Channel": "Microsoft-Windows-Kernel-PnP/Driver Watchdog", "Provider_Name": "Microsoft-Windows-Kernel-PnP", "Computer": "DESKTOP-OFJ6N53", "TimeCreated": "2022-11-07 13:56:51.931129+00:00", "RecordID": "41", "Level": "3", "UserID": "S-1-5-18", "EventData.ThreadId": "0x000000000000097c", "EventData.DeviceInstanceId": "ROOT\\IKECFGIF\\0000", "EventData.ServiceName": "ikecfgif", "EventData.ElapsedTimeMs": "10009"}
{"EventID": "901", "Channel": "Microsoft-Windows-Kernel-PnP/Driver Watchdog", "Provider_Name": "Microsoft-Windows-Kernel-PnP", "Computer": "DESKTOP-OFJ6N53", "TimeCreated": "2022-11-07 13:57:03.570875+00:00", "RecordID": "42", "Level": "4", "UserID": "S-1-5-18", "EventData.ThreadId": "0x000000000000097c", "EventData.DeviceInstanceId": "ROOT\\IKECFGIF\\0000", "EventData.ServiceName": "ikecfgif", "EventData.ElapsedTimeMs": "21648"}
{"EventID": "906", "Channel": "Microsoft-Windows-Kernel-PnP/Driver Watchdog", "Provider_Name": "Microsoft-Windows-Kernel-PnP", "Computer": "DESKTOP-OFJ6N53", "TimeCreated": "2022-11-15 21:41:02.328890+00:00", "RecordID": "43", "Level": "3", "UserID": "S-1-5-18", "EventData.ThreadId": "0x000000000000235c", "EventData.DeviceInstanceId": "SWD\\RemoteDisplayEnum\\RdpIdd_IndirectDisplay&SessionId_0001", "EventData.DriverName": "WUDFRd", "EventData.ElapsedTimeMs": "10006"}
{"EventID": "907", "Channel": "Microsoft-Windows-Kernel-PnP/Driver Watchdog", "Provider_Name": "Microsoft-Windows-Kernel-PnP", "Computer": "DESKTOP-OFJ6N53", "TimeCreated": "2022-11-15 21:41:03.187979+00:00", "RecordID": "44", "Level": "4", "UserID": "S-1-5-18", "EventData.ThreadId": "0x000000000000235c", "EventData.DeviceInstanceId": "SWD\\RemoteDisplayEnum\\RdpIdd_IndirectDisplay&SessionId_0001", "EventData.DriverName": "WUDFRd", "EventData.ElapsedTimeMs": "10866"}
{"EventID": "906", "Channel": "Microsoft-Windows-Kernel-PnP/Driver Watchdog", "Provider_Name": "Microsoft-Windows-Kernel-PnP", "Computer": "DESKTOP-OFJ6N53", "TimeCreated": "2022-11-17 07:22:40.132084+00:00", "RecordID": "45", "Level": "3", "UserID": "S-1-5-18", "EventData.ThreadId": "0x00000000000020c4", "EventData.DeviceInstanceId": "SWD\\RemoteDisplayEnum\\RdpIdd_IndirectDisplay&SessionId_0001", "EventData.DriverName": "WUDFRd", "EventData.ElapsedTimeMs": "10109"}
{"EventID": "907", "Channel": "Microsoft-Windows-Kernel-PnP/Driver Watchdog", "Provider_Name": "Microsoft-Windows-Kernel-PnP", "Computer": "DESKTOP-OFJ6N53", "TimeCreated": "2022-11-17 07:22:45.938425+00:00", "RecordID": "46", "Level": "4", "UserID": "S-1-5-18", "EventData.ThreadId": "0x00000000000020c4", "EventData.DeviceInstanceId": "SWD\\RemoteDisplayEnum\\RdpIdd_IndirectDisplay&SessionId_0001", "EventData.DriverName": "WUDFRd", "EventData.ElapsedTimeMs": "15915"}
{"EventID": "906", "Channel": "Microsoft-Windows-Kernel-PnP/Driver Watchdog", "Provider_Name": "Microsoft-Windows-Kernel-PnP", "Computer": "DESKTOP-OFJ6N53", "TimeCreated": "2022-11-17 09:59:39.782747+00:00", "RecordID": "47", "Level": "3", "UserID": "S-1-5-18", "EventData.ThreadId": "0x000000000000263c", "EventData.DeviceInstanceId": "SWD\\RemoteDisplayEnum\\RdpIdd_IndirectDisplay&SessionId_0001", "EventData.DriverName": "WUDFRd", "EventData.ElapsedTimeMs": "10017"}
{"EventID": "907", "Channel": "Microsoft-Windows-Kernel-PnP/Driver Watchdog", "Provider_Name": "Microsoft-Windows-Kernel-PnP", "Computer": "DESKTOP-OFJ6N53", "TimeCreated": "2022-11-17 09:59:40.046070+00:00", "RecordID": "48", "Level": "4", "UserID": "S-1-5-18", "EventData.ThreadId": "0x000000000000263c", "EventData.DeviceInstanceId": "SWD\\RemoteDisplayEnum\\RdpIdd_IndirectDisplay&SessionId_0001", "EventData.DriverName": "WUDFRd", "EventData.ElapsedTimeMs": "10280"}
{"EventID": "906", "Channel": "Microsoft-Windows-Kernel-PnP/Driver Watchdog", "Provider_Name": "Microsoft-Windows-Kernel-PnP", "Computer": "DESKTOP-OFJ6N53", "TimeCreated": "2022-11-17 11:04:00.507658+00:00", "RecordID": "49", "Level": "3", "UserID": "S-1-5-18", "EventData.ThreadId": "0x0000000000003060", "EventData.DeviceInstanceId": "SWD\\RemoteDisplayEnum\\RdpIdd_IndirectDisplay&SessionId_0001", "EventData.DriverName": "WUDFRd", "EventData.ElapsedTimeMs": "10137"}
{"EventID": "907", "Channel": "Microsoft-Windows-Kernel-PnP/Driver Watchdog", "Provider_Name": "Microsoft-Windows-Kernel-PnP", "Computer": "DESKTOP-OFJ6N53", "TimeCreated": "2022-11-17 11:04:06.069740+00:00", "RecordID": "50", "Level": "4", "UserID": "S-1-5-18", "EventData.ThreadId": "0x0000000000003060", "EventData.DeviceInstanceId": "SWD\\RemoteDisplayEnum\\RdpIdd_IndirectDisplay&SessionId_0001", "EventData.DriverName": "WUDFRd", "EventData.ElapsedTimeMs": "15700"}
{"EventID": "900", "Channel": "Microsoft-Windows-Kernel-PnP/Driver Watchdog", "Provider_Name": "Microsoft-Windows-Kernel-PnP", "Computer": "DESKTOP-OFJ6N53", "TimeCreated": "2022-11-17 12:06:01.228512+00:00", "RecordID": "51", "Level": "3", "UserID": "S-1-5-18", "EventData.ThreadId": "0x0000000000003710", "EventData.DeviceInstanceId": "ROOT\\IKECFGIF\\0000", "EventData.ServiceName": "ikecfgif", "EventData.ElapsedTimeMs": "10128"}
{"EventID": "901", "Channel": "Microsoft-Windows-Kernel-PnP/Driver Watchdog", "Provider_Name": "Microsoft-Windows-Kernel-PnP", "Computer": "DESKTOP-OFJ6N53", "TimeCreated": "2022-11-17 12:06:25.800320+00:00", "RecordID": "52", "Level": "4", "UserID": "S-1-5-18", "EventData.ThreadId": "0x0000000000003710", "EventData.DeviceInstanceId": "ROOT\\IKECFGIF\\0000", "EventData.ServiceName": "ikecfgif", "EventData.ElapsedTimeMs": "34700"}
{"EventID": "906", "Channel": "Microsoft-Windows-Kernel-PnP/Driver Watchdog", "Provider_Name": "Microsoft-Windows-Kernel-PnP", "Computer": "DESKTOP-OFJ6N53", "TimeCreated": "2022-11-17 12:21:54.822374+00:00", "RecordID": "53", "Level": "3", "UserID": "S-1-5-18", "EventData.ThreadId": "0x0000000000002e28", "EventData.DeviceInstanceId": "SWD\\RemoteDisplayEnum\\RdpIdd_IndirectDisplay&SessionId_0001", "EventData.DriverName": "WUDFRd", "EventData.ElapsedTimeMs": "18159"}
{"EventID": "907", "Channel": "Microsoft-Windows-Kernel-PnP/Driver Watchdog", "Provider_Name": "Microsoft-Windows-Kernel-PnP", "Computer": "DESKTOP-OFJ6N53", "TimeCreated": "2022-11-17 12:22:04.942074+00:00", "RecordID": "54", "Level": "4", "UserID": "S-1-5-18", "EventData.ThreadId": "0x0000000000002e28", "EventData.DeviceInstanceId": "SWD\\RemoteDisplayEnum\\RdpIdd_IndirectDisplay&SessionId_0001", "EventData.DriverName": "WUDFRd", "EventData.ElapsedTimeMs": "28278"}
{"EventID": "906", "Channel": "Microsoft-Windows-Kernel-PnP/Driver Watchdog", "Provider_Name": "Microsoft-Windows-Kernel-PnP", "Computer": "DESKTOP-OFJ6N53", "TimeCreated": "2022-11-17 17:34:21.167355+00:00", "RecordID": "55", "Level": "3", "UserID": "S-1-5-18", "EventData.ThreadId": "0x0000000000000ecc", "EventData.DeviceInstanceId": "SWD\\RemoteDisplayEnum\\RdpIdd_IndirectDisplay&SessionId_0001", "EventData.DriverName": "WUDFRd", "EventData.ElapsedTimeMs": "10121"}
{"EventID": "907", "Channel": "Microsoft-Windows-Kernel-PnP/Driver Watchdog", "Provider_Name": "Microsoft-Windows-Kernel-PnP", "Computer": "DESKTOP-OFJ6N53", "TimeCreated": "2022-11-17 17:34:45.179209+00:00", "RecordID": "56", "Level": "4", "UserID": "S-1-5-18", "EventData.ThreadId": "0x0000000000000ecc", "EventData.DeviceInstanceId": "SWD\\RemoteDisplayEnum\\RdpIdd_IndirectDisplay&SessionId_0001", "EventData.DriverName": "WUDFRd", "EventData.ElapsedTimeMs": "34133"}
{"EventID": "906", "Channel": "Microsoft-Windows-Kernel-PnP/Driver Watchdog", "Provider_Name": "Microsoft-Windows-Kernel-PnP", "Computer": "DESKTOP-OFJ6N53", "TimeCreated": "2022-11-18 12:22:54.712637+00:00", "RecordID": "57", "Level": "3", "UserID": "S-1-5-18", "EventData.ThreadId": "0x0000000000001fd0", "EventData.DeviceInstanceId": "SWD\\RemoteDisplayEnum\\RdpIdd_IndirectDisplay&SessionId_0002", "EventData.DriverName": "WUDFRd", "EventData.ElapsedTimeMs": "10009"}
{"EventID": "907", "Channel": "Microsoft-Windows-Kernel-PnP/Driver Watchdog", "Provider_Name": "Microsoft-Windows-Kernel-PnP", "Computer": "DESKTOP-OFJ6N53", "TimeCreated": "2022-11-18 12:22:56.260118+00:00", "RecordID": "58", "Level": "4", "UserID": "S-1-5-18", "EventData.ThreadId": "0x0000000000001fd0", "EventData.DeviceInstanceId": "SWD\\RemoteDisplayEnum\\RdpIdd_IndirectDisplay&SessionId_0002", "EventData.DriverName": "WUDFRd", "EventData.ElapsedTimeMs": "11557"}
{"EventID": "906", "Channel": "Microsoft-Windows-Kernel-PnP/Driver Watchdog", "Provider_Name": "Microsoft-Windows-Kernel-PnP", "Computer": "DESKTOP-OFJ6N53", "TimeCreated": "2022-11-28 07:41:54.729952+00:00", "RecordID": "59", "Level": "3", "UserID": "S-1-5-18", "EventData.ThreadId": "0x0000000000000d10", "EventData.DeviceInstanceId": "SWD\\RemoteDisplayEnum\\RdpIdd_IndirectDisplay&SessionId_0002", "EventData.DriverName": "WUDFRd", "EventData.ElapsedTimeMs": "10122"}
{"EventID": "907", "Channel": "Microsoft-Windows-Kernel-PnP/Driver Watchdog", "Provider_Name": "Microsoft-Windows-Kernel-PnP", "Computer": "DESKTOP-OFJ6N53", "TimeCreated": "2022-11-28 07:42:02.490019+00:00", "RecordID": "60", "Level": "4", "UserID": "S-1-5-18", "EventData.ThreadId": "0x0000000000000d10", "EventData.DeviceInstanceId": "SWD\\RemoteDisplayEnum\\RdpIdd_IndirectDisplay&SessionId_0002", "EventData.DriverName": "WUDFRd", "EventData.ElapsedTimeMs": "17880"}
{"EventID": "906", "Channel": "Microsoft-Windows-Kernel-PnP/Driver Watchdog", "Provider_Name": "Microsoft-Windows-Kernel-PnP", "Computer": "DESKTOP-OFJ6N53", "TimeCreated": "2022-11-28 09:45:49.251860+00:00", "RecordID": "61", "Level": "3", "UserID": "S-1-5-18", "EventData.ThreadId": "0x0000000000001870", "EventData.DeviceInstanceId": "SWD\\RemoteDisplayEnum\\RdpIdd_IndirectDisplay&SessionId_0002", "EventData.DriverName": "WUDFRd", "EventData.ElapsedTimeMs": "10048"}
{"EventID": "907", "Channel": "Microsoft-Windows-Kernel-PnP/Driver Watchdog", "Provider_Name": "Microsoft-Windows-Kernel-PnP", "Computer": "DESKTOP-OFJ6N53", "TimeCreated": "2022-11-28 09:45:55.959141+00:00", "RecordID": "62", "Level": "4", "UserID": "S-1-5-18", "EventData.ThreadId": "0x0000000000001870", "EventData.DeviceInstanceId": "SWD\\RemoteDisplayEnum\\RdpIdd_IndirectDisplay&SessionId_0002", "EventData.DriverName": "WUDFRd", "EventData.ElapsedTimeMs": "16750"}
{"EventID": "906", "Channel": "Microsoft-Windows-Kernel-PnP/Driver Watchdog", "Provider_Name": "Microsoft-Windows-Kernel-PnP", "Computer": "DESKTOP-OFJ6N53", "TimeCreated": "2022-11-29 12:00:34.680180+00:00", "RecordID": "63", "Level": "3", "UserID": "S-1-5-18", "EventData.ThreadId": "0x000000000000258c", "EventData.DeviceInstanceId": "SWD\\RemoteDisplayEnum\\RdpIdd_IndirectDisplay&SessionId_0002", "EventData.DriverName": "WUDFRd", "EventData.ElapsedTimeMs": "10000"}
{"EventID": "907", "Channel": "Microsoft-Windows-Kernel-PnP/Driver Watchdog", "Provider_Name": "Microsoft-Windows-Kernel-PnP", "Computer": "DESKTOP-OFJ6N53", "TimeCreated": "2022-11-29 12:00:40.969913+00:00", "RecordID": "64", "Level": "4", "UserID": "S-1-5-18", "EventData.ThreadId": "0x000000000000258c", "EventData.DeviceInstanceId": "SWD\\RemoteDisplayEnum\\RdpIdd_IndirectDisplay&SessionId_0002", "EventData.DriverName": "WUDFRd", "EventData.ElapsedTimeMs": "16282"}
{"EventID": "900", "Channel": "Microsoft-Windows-Kernel-PnP/Driver Watchdog", "Provider_Name": "Microsoft-Windows-Kernel-PnP", "Computer": "DESKTOP-OFJ6N53", "TimeCreated": "2023-01-10 07:47:24.446428+00:00", "RecordID": "65", "Level": "3", "UserID": "S-1-5-18", "EventData.ThreadId": "0x0000000000002c2c", "EventData.DeviceInstanceId": "ROOT\\IKECFGIF\\0000", "EventData.ServiceName": "ikecfgif", "EventData.ElapsedTimeMs": "10014"}
{"EventID": "901", "Channel": "Microsoft-Windows-Kernel-PnP/Driver Watchdog", "Provider_Name": "Microsoft-Windows-Kernel-PnP", "Computer": "DESKTOP-OFJ6N53", "TimeCreated": "2023-01-10 07:47:58.332390+00:00", "RecordID": "66", "Level": "4", "UserID": "S-1-5-18", "EventData.ThreadId": "0x0000000000002c2c", "EventData.DeviceInstanceId": "ROOT\\IKECFGIF\\0000", "EventData.ServiceName": "ikecfgif", "EventData.ElapsedTimeMs": "43889"}
{"EventID": "906", "Channel": "Microsoft-Windows-Kernel-PnP/Driver Watchdog", "Provider_Name": "Microsoft-Windows-Kernel-PnP", "Computer": "DESKTOP-OFJ6N53", "TimeCreated": "2023-01-11 10:01:04.826735+00:00", "RecordID": "67", "Level": "3", "UserID": "S-1-5-18", "EventData.ThreadId": "0x0000000000000bf8", "EventData.DeviceInstanceId": "SWD\\RemoteDisplayEnum\\RdpIdd_IndirectDisplay&SessionId_0002", "EventData.DriverName": "WUDFRd", "EventData.ElapsedTimeMs": "10063"}
{"EventID": "907", "Channel": "Microsoft-Windows-Kernel-PnP/Driver Watchdog", "Provider_Name": "Microsoft-Windows-Kernel-PnP", "Computer": "DESKTOP-OFJ6N53", "TimeCreated": "2023-01-11 10:01:19.028866+00:00", "RecordID": "68", "Level": "4", "UserID": "S-1-5-18", "EventData.ThreadId": "0x0000000000000bf8", "EventData.DeviceInstanceId": "SWD\\RemoteDisplayEnum\\RdpIdd_IndirectDisplay&SessionId_0002", "EventData.DriverName": "WUDFRd", "EventData.ElapsedTimeMs": "24265"}
{"EventID": "906", "Channel": "Microsoft-Windows-Kernel-PnP/Driver Watchdog", "Provider_Name": "Microsoft-Windows-Kernel-PnP", "Computer": "DESKTOP-OFJ6N53", "TimeCreated": "2023-01-16 08:11:00.807175+00:00", "RecordID": "69", "Level": "3", "UserID": "S-1-5-18", "EventData.ThreadId": "0x00000000000033e4", "EventData.DeviceInstanceId": "SWD\\RemoteDisplayEnum\\RdpIdd_IndirectDisplay&SessionId_0002", "EventData.DriverName": "WUDFRd", "EventData.ElapsedTimeMs": "10030"}
{"EventID": "907", "Channel": "Microsoft-Windows-Kernel-PnP/Driver Watchdog", "Provider_Name": "Microsoft-Windows-Kernel-PnP", "Computer": "DESKTOP-OFJ6N53", "TimeCreated": "2023-01-16 08:11:09.968456+00:00", "RecordID": "70", "Level": "4", "UserID": "S-1-5-18", "EventData.ThreadId": "0x00000000000033e4", "EventData.DeviceInstanceId": "SWD\\RemoteDisplayEnum\\RdpIdd_IndirectDisplay&SessionId_0002", "EventData.DriverName": "WUDFRd", "EventData.ElapsedTimeMs": "19187"}
{"EventID": "900", "Channel": "Microsoft-Windows-Kernel-PnP/Driver Watchdog", "Provider_Name": "Microsoft-Windows-Kernel-PnP", "Computer": "DESKTOP-OFJ6N53", "TimeCreated": "2023-02-06 13:30:22.524370+00:00", "RecordID": "71", "Level": "3", "UserID": "S-1-5-18", "EventData.ThreadId": "0x0000000000000454", "EventData.DeviceInstanceId": "ROOT\\IKECFGIF\\0000", "EventData.ServiceName": "ikecfgif", "EventData.ElapsedTimeMs": "10000"}
{"EventID": "901", "Channel": "Microsoft-Windows-Kernel-PnP/Driver Watchdog", "Provider_Name": "Microsoft-Windows-Kernel-PnP", "Computer": "DESKTOP-OFJ6N53", "TimeCreated": "2023-02-06 13:30:26.405138+00:00", "RecordID": "72", "Level": "4", "UserID": "S-1-5-18", "EventData.ThreadId": "0x0000000000000454", "EventData.DeviceInstanceId": "ROOT\\IKECFGIF\\0000", "EventData.ServiceName": "ikecfgif", "EventData.ElapsedTimeMs": "13875"}
{"EventID": "906", "Channel": "Microsoft-Windows-Kernel-PnP/Driver Watchdog", "Provider_Name": "Microsoft-Windows-Kernel-PnP", "Computer": "DESKTOP-OFJ6N53", "TimeCreated": "2023-02-15 12:22:33.350473+00:00", "RecordID": "73", "Level": "3", "UserID": "S-1-5-18", "EventData.ThreadId": "0x00000000000028f0", "EventData.DeviceInstanceId": "SWD\\RemoteDisplayEnum\\RdpIdd_IndirectDisplay&SessionId_0002", "EventData.DriverName": "WUDFRd", "EventData.ElapsedTimeMs": "10009"}
{"EventID": "907", "Channel": "Microsoft-Windows-Kernel-PnP/Driver Watchdog", "Provider_Name": "Microsoft-Windows-Kernel-PnP", "Computer": "DESKTOP-OFJ6N53", "TimeCreated": "2023-02-15 12:22:44.557816+00:00", "RecordID": "74", "Level": "4", "UserID": "S-1-5-18", "EventData.ThreadId": "0x00000000000028f0", "EventData.DeviceInstanceId": "SWD\\RemoteDisplayEnum\\RdpIdd_IndirectDisplay&SessionId_0002", "EventData.DriverName": "WUDFRd", "EventData.ElapsedTimeMs": "21204"}
{"EventID": "900", "Channel": "Microsoft-Windows-Kernel-PnP/Driver Watchdog", "Provider_Name": "Microsoft-Windows-Kernel-PnP", "Computer": "DESKTOP-OFJ6N53", "TimeCreated": "2023-02-27 12:58:10.197430+00:00", "RecordID": "75", "Level": "3", "UserID": "S-1-5-18", "EventData.ThreadId": "0x0000000000000770", "EventData.DeviceInstanceId": "ROOT\\IKECFGIF\\0000", "EventData.ServiceName": "ikecfgif", "EventData.ElapsedTimeMs": "10182"}
{"EventID": "901", "Channel": "Microsoft-Windows-Kernel-PnP/Driver Watchdog", "Provider_Name": "Microsoft-Windows-Kernel-PnP", "Computer": "DESKTOP-OFJ6N53", "TimeCreated": "2023-02-27 12:58:25.734537+00:00", "RecordID": "76", "Level": "4", "UserID": "S-1-5-18", "EventData.ThreadId": "0x0000000000000770", "EventData.DeviceInstanceId": "ROOT\\IKECFGIF\\0000", "EventData.ServiceName": "ikecfgif", "EventData.ElapsedTimeMs": "25718"}
{"EventID": "906", "Channel": "Microsoft-Windows-Kernel-PnP/Driver Watchdog", "Provider_Name": "Microsoft-Windows-Kernel-PnP", "Computer": "DESKTOP-OFJ6N53", "TimeCreated": "2023-03-13 11:05:04.910824+00:00", "RecordID": "77", "Level": "3", "UserID": "S-1-5-18", "EventData.ThreadId": "0x0000000000003074", "EventData.DeviceInstanceId": "SWD\\RemoteDisplayEnum\\RdpIdd_IndirectDisplay&SessionId_0001", "EventData.DriverName": "WUDFRd", "EventData.ElapsedTimeMs": "10009"}
{"EventID": "907", "Channel": "Microsoft-Windows-Kernel-PnP/Driver Watchdog", "Provider_Name": "Microsoft-Windows-Kernel-PnP", "Computer": "DESKTOP-OFJ6N53", "TimeCreated": "2023-03-13 11:05:05.800913+00:00", "RecordID": "78", "Level": "4", "UserID": "S-1-5-18", "EventData.ThreadId": "0x0000000000003074", "EventData.DeviceInstanceId": "SWD\\RemoteDisplayEnum\\RdpIdd_IndirectDisplay&SessionId_0001", "EventData.DriverName": "WUDFRd", "EventData.ElapsedTimeMs": "10900"}
{"EventID": "906", "Channel": "Microsoft-Windows-Kernel-PnP/Driver Watchdog", "Provider_Name": "Microsoft-Windows-Kernel-PnP", "Computer": "DESKTOP-OFJ6N53", "TimeCreated": "2023-03-14 21:07:25.635208+00:00", "RecordID": "79", "Level": "3", "UserID": "S-1-5-18", "EventData.ThreadId": "0x00000000000033cc", "EventData.DeviceInstanceId": "SWD\\RemoteDisplayEnum\\RdpIdd_IndirectDisplay&SessionId_0002", "EventData.DriverName": "WUDFRd", "EventData.ElapsedTimeMs": "10075"}
{"EventID": "907", "Channel": "Microsoft-Windows-Kernel-PnP/Driver Watchdog", "Provider_Name": "Microsoft-Windows-Kernel-PnP", "Computer": "DESKTOP-OFJ6N53", "TimeCreated": "2023-03-14 21:07:26.109968+00:00", "RecordID": "80", "Level": "4", "UserID": "S-1-5-18", "EventData.ThreadId": "0x00000000000033cc", "EventData.DeviceInstanceId": "SWD\\RemoteDisplayEnum\\RdpIdd_IndirectDisplay&SessionId_0002", "EventData.DriverName": "WUDFRd", "EventData.ElapsedTimeMs": "10550"}
{"EventID": "906", "Channel": "Microsoft-Windows-Kernel-PnP/Driver Watchdog", "Provider_Name": "Microsoft-Windows-Kernel-PnP", "Computer": "DESKTOP-OFJ6N53", "TimeCreated": "2023-03-15 09:46:21.521290+00:00", "RecordID": "81", "Level": "3", "UserID": "S-1-5-18", "EventData.ThreadId": "0x0000000000002b00", "EventData.DeviceInstanceId": "SWD\\RemoteDisplayEnum\\RdpIdd_IndirectDisplay&SessionId_0002", "EventData.DriverName": "WUDFRd", "EventData.ElapsedTimeMs": "10012"}
{"EventID": "907", "Channel": "Microsoft-Windows-Kernel-PnP/Driver Watchdog", "Provider_Name": "Microsoft-Windows-Kernel-PnP", "Computer": "DESKTOP-OFJ6N53", "TimeCreated": "2023-03-15 09:46:26.766451+00:00", "RecordID": "82", "Level": "4", "UserID": "S-1-5-18", "EventData.ThreadId": "0x0000000000002b00", "EventData.DeviceInstanceId": "SWD\\RemoteDisplayEnum\\RdpIdd_IndirectDisplay&SessionId_0002", "EventData.DriverName": "WUDFRd", "EventData.ElapsedTimeMs": "15260"}
{"EventID": "906", "Channel": "Microsoft-Windows-Kernel-PnP/Driver Watchdog", "Provider_Name": "Microsoft-Windows-Kernel-PnP", "Computer": "DESKTOP-OFJ6N53", "TimeCreated": "2023-03-15 11:19:08.766298+00:00", "RecordID": "83", "Level": "3", "UserID": "S-1-5-18", "EventData.ThreadId": "0x0000000000000a48", "EventData.DeviceInstanceId": "SWD\\RemoteDisplayEnum\\RdpIdd_IndirectDisplay&SessionId_0002", "EventData.DriverName": "WUDFRd", "EventData.ElapsedTimeMs": "10013"}
{"EventID": "907", "Channel": "Microsoft-Windows-Kernel-PnP/Driver Watchdog", "Provider_Name": "Microsoft-Windows-Kernel-PnP", "Computer": "DESKTOP-OFJ6N53", "TimeCreated": "2023-03-15 11:19:17.366379+00:00", "RecordID": "84", "Level": "4", "UserID": "S-1-5-18", "EventData.ThreadId": "0x0000000000000a48", "EventData.DeviceInstanceId": "SWD\\RemoteDisplayEnum\\RdpIdd_IndirectDisplay&SessionId_0002", "EventData.DriverName": "WUDFRd", "EventData.ElapsedTimeMs": "18608"}
{"EventID": "906", "Channel": "Microsoft-Windows-Kernel-PnP/Driver Watchdog", "Provider_Name": "Microsoft-Windows-Kernel-PnP", "Computer": "DESKTOP-OFJ6N53", "TimeCreated": "2023-03-17 11:14:12.047626+00:00", "RecordID": "85", "Level": "3", "UserID": "S-1-5-18", "EventData.ThreadId": "0x00000000000004d0", "EventData.DeviceInstanceId": "SWD\\RemoteDisplayEnum\\RdpIdd_IndirectDisplay&SessionId_0002", "EventData.DriverName": "WUDFRd", "EventData.ElapsedTimeMs": "10005"}
{"EventID": "907", "Channel": "Microsoft-Windows-Kernel-PnP/Driver Watchdog", "Provider_Name": "Microsoft-Windows-Kernel-PnP", "Computer": "DESKTOP-OFJ6N53", "TimeCreated": "2023-03-17 11:14:14.446314+00:00", "RecordID": "86", "Level": "4", "UserID": "S-1-5-18", "EventData.ThreadId": "0x00000000000004d0", "EventData.DeviceInstanceId": "SWD\\RemoteDisplayEnum\\RdpIdd_IndirectDisplay&SessionId_0002", "EventData.DriverName": "WUDFRd", "EventData.ElapsedTimeMs": "12405"}
{"EventID": "906", "Channel": "Microsoft-Windows-Kernel-PnP/Driver Watchdog", "Provider_Name": "Microsoft-Windows-Kernel-PnP", "Computer": "DESKTOP-OFJ6N53", "TimeCreated": "2023-03-19 01:03:47.610889+00:00", "RecordID": "87", "Level": "3", "UserID": "S-1-5-18", "EventData.ThreadId": "0x000000000000505c", "EventData.DeviceInstanceId": "SWD\\RemoteDisplayEnum\\RdpIdd_IndirectDisplay&SessionId_0002", "EventData.DriverName": "WUDFRd", "EventData.ElapsedTimeMs": "10056"}
{"EventID": "907", "Channel": "Microsoft-Windows-Kernel-PnP/Driver Watchdog", "Provider_Name": "Microsoft-Windows-Kernel-PnP", "Computer": "DESKTOP-OFJ6N53", "TimeCreated": "2023-03-19 01:03:53.530231+00:00", "RecordID": "88", "Level": "4", "UserID": "S-1-5-18", "EventData.ThreadId": "0x000000000000505c", "EventData.DeviceInstanceId": "SWD\\RemoteDisplayEnum\\RdpIdd_IndirectDisplay&SessionId_0002", "EventData.DriverName": "WUDFRd", "EventData.ElapsedTimeMs": "15975"}
{"EventID": "906", "Channel": "Microsoft-Windows-Kernel-PnP/Driver Watchdog", "Provider_Name": "Microsoft-Windows-Kernel-PnP", "Computer": "DESKTOP-OFJ6N53", "TimeCreated": "2023-03-20 11:31:16.144476+00:00", "RecordID": "89", "Level": "3", "UserID": "S-1-5-18", "EventData.ThreadId": "0x0000000000002128", "EventData.DeviceInstanceId": "SWD\\RemoteDisplayEnum\\RdpIdd_IndirectDisplay&SessionId_0002", "EventData.DriverName": "WUDFRd", "EventData.ElapsedTimeMs": "10111"}
{"EventID": "907", "Channel": "Microsoft-Windows-Kernel-PnP/Driver Watchdog", "Provider_Name": "Microsoft-Windows-Kernel-PnP", "Computer": "DESKTOP-OFJ6N53", "TimeCreated": "2023-03-20 11:31:22.358618+00:00", "RecordID": "90", "Level": "4", "UserID": "S-1-5-18", "EventData.ThreadId": "0x0000000000002128", "EventData.DeviceInstanceId": "SWD\\RemoteDisplayEnum\\RdpIdd_IndirectDisplay&SessionId_0002", "EventData.DriverName": "WUDFRd", "EventData.ElapsedTimeMs": "16323"}
{"EventID": "900", "Channel": "Microsoft-Windows-Kernel-PnP/Driver Watchdog", "Provider_Name": "Microsoft-Windows-Kernel-PnP", "Computer": "DESKTOP-OFJ6N53", "TimeCreated": "2023-03-21 08:44:44.822786+00:00", "RecordID": "91", "Level": "3", "UserID": "S-1-5-18", "EventData.ThreadId": "0x00000000000021a0", "EventData.DeviceInstanceId": "SWD\\RemoteDisplayEnum\\RdpIdd_IndirectDisplay&SessionId_0002", "EventData.ServiceName": "WUDFRd", "EventData.ElapsedTimeMs": "19578"}
{"EventID": "901", "Channel": "Microsoft-Windows-Kernel-PnP/Driver Watchdog", "Provider_Name": "Microsoft-Windows-Kernel-PnP", "Computer": "DESKTOP-OFJ6N53", "TimeCreated": "2023-03-21 08:44:57.967365+00:00", "RecordID": "92", "Level": "4", "UserID": "S-1-5-18", "EventData.ThreadId": "0x00000000000021a0", "EventData.DeviceInstanceId": "SWD\\RemoteDisplayEnum\\RdpIdd_IndirectDisplay&SessionId_0002", "EventData.ServiceName": "WUDFRd", "EventData.ElapsedTimeMs": "32718"}
{"EventID": "906", "Channel": "Microsoft-Windows-Kernel-PnP/Driver Watchdog", "Provider_Name": "Microsoft-Windows-Kernel-PnP", "Computer": "DESKTOP-OFJ6N53", "TimeCreated": "2023-03-23 09:48:40.248085+00:00", "RecordID": "93", "Level": "3", "UserID": "S-1-5-18", "EventData.ThreadId": "0x0000000000002550", "EventData.DeviceInstanceId": "SWD\\RemoteDisplayEnum\\RdpIdd_IndirectDisplay&SessionId_0002", "EventData.DriverName": "WUDFRd", "EventData.ElapsedTimeMs": "10332"}
{"EventID": "907", "Channel": "Microsoft-Windows-Kernel-PnP/Driver Watchdog", "Provider_Name": "Microsoft-Windows-Kernel-PnP", "Computer": "DESKTOP-OFJ6N53", "TimeCreated": "2023-03-23 09:49:09.756306+00:00", "RecordID": "94", "Level": "4", "UserID": "S-1-5-18", "EventData.ThreadId": "0x0000000000002550", "EventData.DeviceInstanceId": "SWD\\RemoteDisplayEnum\\RdpIdd_IndirectDisplay&SessionId_0002", "EventData.DriverName": "WUDFRd", "EventData.ElapsedTimeMs": "39842"}
{"EventID": "906", "Channel": "Microsoft-Windows-Kernel-PnP/Driver Watchdog", "Provider_Name": "Microsoft-Windows-Kernel-PnP", "Computer": "DESKTOP-OFJ6N53", "TimeCreated": "2023-03-23 11:14:55.040094+00:00", "RecordID": "95", "Level": "3", "UserID": "S-1-5-18", "EventData.ThreadId": "0x00000000000014a0", "EventData.DeviceInstanceId": "SWD\\RemoteDisplayEnum\\RdpIdd_IndirectDisplay&SessionId_0002", "EventData.DriverName": "WUDFRd", "EventData.ElapsedTimeMs": "10109"}
{"EventID": "907", "Channel": "Microsoft-Windows-Kernel-PnP/Driver Watchdog", "Provider_Name": "Microsoft-Windows-Kernel-PnP", "Computer": "DESKTOP-OFJ6N53", "TimeCreated": "2023-03-23 11:14:56.316090+00:00", "RecordID": "96", "Level": "4", "UserID": "S-1-5-18", "EventData.ThreadId": "0x00000000000014a0", "EventData.DeviceInstanceId": "SWD\\RemoteDisplayEnum\\RdpIdd_IndirectDisplay&SessionId_0002", "EventData.DriverName": "WUDFRd", "EventData.ElapsedTimeMs": "11385"}
{"EventID": "906", "Channel": "Microsoft-Windows-Kernel-PnP/Driver Watchdog", "Provider_Name": "Microsoft-Windows-Kernel-PnP", "Computer": "DESKTOP-OFJ6N53", "TimeCreated": "2023-03-28 07:17:34.995338+00:00", "RecordID": "97", "Level": "3", "UserID": "S-1-5-18", "EventData.ThreadId": "0x0000000000000f7c", "EventData.DeviceInstanceId": "SWD\\RemoteDisplayEnum\\RdpIdd_IndirectDisplay&SessionId_0002", "EventData.DriverName": "WUDFRd", "EventData.ElapsedTimeMs": "10157"}
{"EventID": "907", "Channel": "Microsoft-Windows-Kernel-PnP/Driver Watchdog", "Provider_Name": "Microsoft-Windows-Kernel-PnP", "Computer": "DESKTOP-OFJ6N53", "TimeCreated": "2023-03-28 07:17:40.356512+00:00", "RecordID": "98", "Level": "4", "UserID": "S-1-5-18", "EventData.ThreadId": "0x0000000000000f7c", "EventData.DeviceInstanceId": "SWD\\RemoteDisplayEnum\\RdpIdd_IndirectDisplay&SessionId_0002", "EventData.DriverName": "WUDFRd", "EventData.ElapsedTimeMs": "15516"}
{"EventID": "900", "Channel": "Microsoft-Windows-Kernel-PnP/Driver Watchdog", "Provider_Name": "Microsoft-Windows-Kernel-PnP", "Computer": "DESKTOP-OFJ6N53", "TimeCreated": "2023-03-28 07:19:58.702053+00:00", "RecordID": "99", "Level": "3", "UserID": "S-1-5-18", "EventData.ThreadId": "0x000000000000114c", "EventData.DeviceInstanceId": "ROOT\\IKECFGIF\\0000", "EventData.ServiceName": "ikecfgif", "EventData.ElapsedTimeMs": "25875"}
{"EventID": "901", "Channel": "Microsoft-Windows-Kernel-PnP/Driver Watchdog", "Provider_Name": "Microsoft-Windows-Kernel-PnP", "Computer": "DESKTOP-OFJ6N53", "TimeCreated": "2023-03-28 07:19:58.704288+00:00", "RecordID": "100", "Level": "4", "UserID": "S-1-5-18", "EventData.ThreadId": "0x000000000000114c", "EventData.DeviceInstanceId": "ROOT\\IKECFGIF\\0000", "EventData.ServiceName": "ikecfgif", "EventData.ElapsedTimeMs": "25875"}
{"EventID": "906", "Channel": "Microsoft-Windows-Kernel-PnP/Driver Watchdog", "Provider_Name": "Microsoft-Windows-Kernel-PnP", "Computer": "DESKTOP-OFJ6N53", "TimeCreated": "2023-03-28 13:50:48.144049+00:00", "RecordID": "101", "Level": "3", "UserID": "S-1-5-18", "EventData.ThreadId": "0x00000000000014e8", "EventData.DeviceInstanceId": "SWD\\RemoteDisplayEnum\\RdpIdd_IndirectDisplay&SessionId_0002", "EventData.DriverName": "WUDFRd", "EventData.ElapsedTimeMs": "10131"}
{"EventID": "907", "Channel": "Microsoft-Windows-Kernel-PnP/Driver Watchdog", "Provider_Name": "Microsoft-Windows-Kernel-PnP", "Computer": "DESKTOP-OFJ6N53", "TimeCreated": "2023-03-28 13:50:48.925594+00:00", "RecordID": "102", "Level": "4", "UserID": "S-1-5-18", "EventData.ThreadId": "0x00000000000014e8", "EventData.DeviceInstanceId": "SWD\\RemoteDisplayEnum\\RdpIdd_IndirectDisplay&SessionId_0002", "EventData.DriverName": "WUDFRd", "EventData.ElapsedTimeMs": "10906"}
{"EventID": "906", "Channel": "Microsoft-Windows-Kernel-PnP/Driver Watchdog", "Provider_Name": "Microsoft-Windows-Kernel-PnP", "Computer": "DESKTOP-OFJ6N53", "TimeCreated": "2023-03-28 15:43:05.859203+00:00", "RecordID": "103", "Level": "3", "UserID": "S-1-5-18", "EventData.ThreadId": "0x0000000000001af8", "EventData.DeviceInstanceId": "SWD\\RemoteDisplayEnum\\RdpIdd_IndirectDisplay&SessionId_0002", "EventData.DriverName": "WUDFRd", "EventData.ElapsedTimeMs": "10045"}
{"EventID": "907", "Channel": "Microsoft-Windows-Kernel-PnP/Driver Watchdog", "Provider_Name": "Microsoft-Windows-Kernel-PnP", "Computer": "DESKTOP-OFJ6N53", "TimeCreated": "2023-03-28 15:43:10.576042+00:00", "RecordID": "104", "Level": "4", "UserID": "S-1-5-18", "EventData.ThreadId": "0x0000000000001af8", "EventData.DeviceInstanceId": "SWD\\RemoteDisplayEnum\\RdpIdd_IndirectDisplay&SessionId_0002", "EventData.DriverName": "WUDFRd", "EventData.ElapsedTimeMs": "14752"}
{"EventID": "906", "Channel": "Microsoft-Windows-Kernel-PnP/Driver Watchdog", "Provider_Name": "Microsoft-Windows-Kernel-PnP", "Computer": "DESKTOP-OFJ6N53", "TimeCreated": "2023-03-29 10:46:31.088888+00:00", "RecordID": "105", "Level": "3", "UserID": "S-1-5-18", "EventData.ThreadId": "0x00000000000018a8", "EventData.DeviceInstanceId": "SWD\\RemoteDisplayEnum\\RdpIdd_IndirectDisplay&SessionId_0002", "EventData.DriverName": "WUDFRd", "EventData.ElapsedTimeMs": "10012"}
{"EventID": "907", "Channel": "Microsoft-Windows-Kernel-PnP/Driver Watchdog", "Provider_Name": "Microsoft-Windows-Kernel-PnP", "Computer": "DESKTOP-OFJ6N53", "TimeCreated": "2023-03-29 10:46:44.605648+00:00", "RecordID": "106", "Level": "4", "UserID": "S-1-5-18", "EventData.ThreadId": "0x00000000000018a8", "EventData.DeviceInstanceId": "SWD\\RemoteDisplayEnum\\RdpIdd_IndirectDisplay&SessionId_0002", "EventData.DriverName": "WUDFRd", "EventData.ElapsedTimeMs": "23514"}
{"EventID": "906", "Channel": "Microsoft-Windows-Kernel-PnP/Driver Watchdog", "Provider_Name": "Microsoft-Windows-Kernel-PnP", "Computer": "DESKTOP-OFJ6N53", "TimeCreated": "2023-03-29 15:42:31.860144+00:00", "RecordID": "107", "Level": "3", "UserID": "S-1-5-18", "EventData.ThreadId": "0x00000000000019ec", "EventData.DeviceInstanceId": "SWD\\RemoteDisplayEnum\\RdpIdd_IndirectDisplay&SessionId_0002", "EventData.DriverName": "WUDFRd", "EventData.ElapsedTimeMs": "10033"}
