{"EventID": "241", "Channel": "Microsoft-Windows-AppReadiness/Admin", "Provider_Name": "Microsoft-Windows-AppReadiness", "Computer": "DESKTOP-OFJ6N53", "TimeCreated": "2022-02-24 21:45:06.696056+00:00", "RecordID": "630", "Level": "4", "UserID": "S-1-5-18", "EventData.User": "S-1-5-21-963789628-1060504924-4285088085-1001", "EventData.TaskId": "install::Microsoft.Windows.NarratorQuickStart_8wekyb3d8bbwe", "EventData.TaskCount": "16"}
{"EventID": "213", "Channel": "Microsoft-Windows-AppReadiness/Admin", "Provider_Name": "Microsoft-Windows-AppReadiness", "Computer": "DESKTOP-OFJ6N53", "TimeCreated": "2022-02-24 21:45:06.696058+00:00", "RecordID": "631", "Level": "4", "UserID": "S-1-5-18", "EventData.Username": "S-1-5-21-963789628-1060504924-4285088085-1001", "EventData.Package": "Microsoft.Windows.NarratorQuickStart_8wekyb3d8bbwe", "EventData.Operation": "1", "EventData.Elapsed": "0.0129985"}
{"EventID": "241", "Channel": "Microsoft-Windows-AppReadiness/Admin", "Provider_Name": "Microsoft-Windows-AppReadiness", "Computer": "DESKTOP-OFJ6N53", "TimeCreated": "2022-02-24 21:45:07.506907+00:00", "RecordID": "632", "Level": "4", "UserID": "S-1-5-18", "EventData.User": "S-1-5-21-963789628-1060504924-4285088085-1001", "EventData.TaskId": "install::Microsoft.Windows.CapturePicker_cw5n1h2txyewy", "EventData.TaskCount": "15"}
{"EventID": "213", "Channel": "Microsoft-Windows-AppReadiness/Admin", "Provider_Name": "Microsoft-Windows-AppReadiness", "Computer": "DESKTOP-OFJ6N53", "TimeCreated": "2022-02-24 21:45:07.506910+00:00", "RecordID": "633", "Level": "4", "UserID": "S-1-5-18", "EventData.Username": "S-1-5-21-963789628-1060504924-4285088085-1001", "EventData.Package": "Microsoft.Windows.CapturePicker_cw5n1h2txyewy", "EventData.Operation": "1", "EventData.Elapsed": "0.8100207"}
{"EventID": "241", "Channel": "Microsoft-Windows-AppReadiness/Admin", "Provider_Name": "Microsoft-Windows-AppReadiness", "Computer": "DESKTOP-OFJ6N53", "TimeCreated": "2022-02-24 21:45:08.329327+00:00", "RecordID": "634", "Level": "4", "UserID": "S-1-5-18", "EventData.User": "S-1-5-21-963789628-1060504924-4285088085-1001", "EventData.TaskId": "install::Microsoft.Windows.CallingShellApp_cw5n1h2txyewy", "EventData.TaskCount": "14"}
{"EventID": "213", "Channel": "Microsoft-Windows-AppReadiness/Admin", "Provider_Name": "Microsoft-Windows-AppReadiness", "Computer": "DESKTOP-OFJ6N53", "TimeCreated": "2022-02-24 21:45:08.329329+00:00", "RecordID": "635", "Level": "4", "UserID": "S-1-5-18", "EventData.Username": "S-1-5-21-963789628-1060504924-4285088085-1001", "EventData.Package": "Microsoft.Windows.CallingShellApp_cw5n1h2txyewy", "EventData.Operation": "1", "EventData.Elapsed": "0.8180033"}
{"EventID": "241", "Channel": "Microsoft-Windows-AppReadiness/Admin", "Provider_Name": "Microsoft-Windows-AppReadiness", "Computer": "DESKTOP-OFJ6N53", "TimeCreated": "2022-02-24 21:45:09.181263+00:00", "RecordID": "636", "Level": "4", "UserID": "S-1-5-18", "EventData.User": "S-1-5-21-963789628-1060504924-4285088085-1001", "EventData.TaskId": "install::Microsoft.Windows.AssignedAccessLockApp_cw5n1h2txyewy", "EventData.TaskCount": "13"}
{"EventID": "213", "Channel": "Microsoft-Windows-AppReadiness/Admin", "Provider_Name": "Microsoft-Windows-AppReadiness", "Computer": "DESKTOP-OFJ6N53", "TimeCreated": "2022-02-24 21:45:09.181265+00:00", "RecordID": "637", "Level": "4", "UserID": "S-1-5-18", "EventData.Username": "S-1-5-21-963789628-1060504924-4285088085-1001", "EventData.Package": "Microsoft.Windows.AssignedAccessLockApp_cw5n1h2txyewy", "EventData.Operation": "1", "EventData.Elapsed": "0.8472114"}
{"EventID": "241", "Channel": "Microsoft-Windows-AppReadiness/Admin", "Provider_Name": "Microsoft-Windows-AppReadiness", "Computer": "DESKTOP-OFJ6N53", "TimeCreated": "2022-02-24 21:45:10.030293+00:00", "RecordID": "638", "Level": "4", "UserID": "S-1-5-18", "EventData.User": "S-1-5-21-963789628-1060504924-4285088085-1001", "EventData.TaskId": "install::Microsoft.Windows.AppRep.ChxApp_cw5n1h2txyewy", "EventData.TaskCount": "12"}
{"EventID": "213", "Channel": "Microsoft-Windows-AppReadiness/Admin", "Provider_Name": "Microsoft-Windows-AppReadiness", "Computer": "DESKTOP-OFJ6N53", "TimeCreated": "2022-02-24 21:45:10.030296+00:00", "RecordID": "639", "Level": "4", "UserID": "S-1-5-18", "EventData.Username": "S-1-5-21-963789628-1060504924-4285088085-1001", "EventData.Package": "Microsoft.Windows.AppRep.ChxApp_cw5n1h2txyewy", "EventData.Operation": "1", "EventData.Elapsed": "0.8409985"}
{"EventID": "241", "Channel": "Microsoft-Windows-AppReadiness/Admin", "Provider_Name": "Microsoft-Windows-AppReadiness", "Computer": "DESKTOP-OFJ6N53", "TimeCreated": "2022-02-24 21:45:10.043917+00:00", "RecordID": "640", "Level": "4", "UserID": "S-1-5-18", "EventData.User": "S-1-5-21-963789628-1060504924-4285088085-1001", "EventData.TaskId": "install::Microsoft.Win32WebViewHost_cw5n1h2txyewy", "EventData.TaskCount": "11"}
{"EventID": "213", "Channel": "Microsoft-Windows-AppReadiness/Admin", "Provider_Name": "Microsoft-Windows-AppReadiness", "Computer": "DESKTOP-OFJ6N53", "TimeCreated": "2022-02-24 21:45:10.043919+00:00", "RecordID": "641", "Level": "4", "UserID": "S-1-5-18", "EventData.Username": "S-1-5-21-963789628-1060504924-4285088085-1001", "EventData.Package": "Microsoft.Win32WebViewHost_cw5n1h2txyewy", "EventData.Operation": "1", "EventData.Elapsed": "0.0140009"}
{"EventID": "241", "Channel": "Microsoft-Windows-AppReadiness/Admin", "Provider_Name": "Microsoft-Windows-AppReadiness", "Computer": "DESKTOP-OFJ6N53", "TimeCreated": "2022-02-24 21:45:10.850048+00:00", "RecordID": "642", "Level": "4", "UserID": "S-1-5-18", "EventData.User": "S-1-5-21-963789628-1060504924-4285088085-1001", "EventData.TaskId": "install::Microsoft.MicrosoftEdgeDevToolsClient_8wekyb3d8bbwe", "EventData.TaskCount": "10"}
{"EventID": "213", "Channel": "Microsoft-Windows-AppReadiness/Admin", "Provider_Name": "Microsoft-Windows-AppReadiness", "Computer": "DESKTOP-OFJ6N53", "TimeCreated": "2022-02-24 21:45:10.850050+00:00", "RecordID": "643", "Level": "4", "UserID": "S-1-5-18", "EventData.Username": "S-1-5-21-963789628-1060504924-4285088085-1001", "EventData.Package": "Microsoft.MicrosoftEdgeDevToolsClient_8wekyb3d8bbwe", "EventData.Operation": "1", "EventData.Elapsed": "0.7969998"}
{"EventID": "241", "Channel": "Microsoft-Windows-AppReadiness/Admin", "Provider_Name": "Microsoft-Windows-AppReadiness", "Computer": "DESKTOP-OFJ6N53", "TimeCreated": "2022-02-24 21:45:10.861000+00:00", "RecordID": "644", "Level": "4", "UserID": "S-1-5-18", "EventData.User": "S-1-5-21-963789628-1060504924-4285088085-1001", "EventData.TaskId": "install::Microsoft.LockApp_cw5n1h2txyewy", "EventData.TaskCount": "9"}
{"EventID": "213", "Channel": "Microsoft-Windows-AppReadiness/Admin", "Provider_Name": "Microsoft-Windows-AppReadiness", "Computer": "DESKTOP-OFJ6N53", "TimeCreated": "2022-02-24 21:45:10.861002+00:00", "RecordID": "645", "Level": "4", "UserID": "S-1-5-18", "EventData.Username": "S-1-5-21-963789628-1060504924-4285088085-1001", "EventData.Package": "Microsoft.LockApp_cw5n1h2txyewy", "EventData.Operation": "1", "EventData.Elapsed": "0.0109992"}
{"EventID": "241", "Channel": "Microsoft-Windows-AppReadiness/Admin", "Provider_Name": "Microsoft-Windows-AppReadiness", "Computer": "DESKTOP-OFJ6N53", "TimeCreated": "2022-02-24 21:45:11.767748+00:00", "RecordID": "646", "Level": "4", "UserID": "S-1-5-18", "EventData.User": "S-1-5-21-963789628-1060504924-4285088085-1001", "EventData.TaskId": "install::Microsoft.ECApp_8wekyb3d8bbwe", "EventData.TaskCount": "8"}
{"EventID": "213", "Channel": "Microsoft-Windows-AppReadiness/Admin", "Provider_Name": "Microsoft-Windows-AppReadiness", "Computer": "DESKTOP-OFJ6N53", "TimeCreated": "2022-02-24 21:45:11.767752+00:00", "RecordID": "647", "Level": "4", "UserID": "S-1-5-18", "EventData.Username": "S-1-5-21-963789628-1060504924-4285088085-1001", "EventData.Package": "Microsoft.ECApp_8wekyb3d8bbwe", "EventData.Operation": "1", "EventData.Elapsed": "0.8958742"}
{"EventID": "241", "Channel": "Microsoft-Windows-AppReadiness/Admin", "Provider_Name": "Microsoft-Windows-AppReadiness", "Computer": "DESKTOP-OFJ6N53", "TimeCreated": "2022-02-24 21:45:12.600838+00:00", "RecordID": "648", "Level": "4", "UserID": "S-1-5-18", "EventData.User": "S-1-5-21-963789628-1060504924-4285088085-1001", "EventData.TaskId": "install::Microsoft.CredDialogHost_cw5n1h2txyewy", "EventData.TaskCount": "7"}
{"EventID": "213", "Channel": "Microsoft-Windows-AppReadiness/Admin", "Provider_Name": "Microsoft-Windows-AppReadiness", "Computer": "DESKTOP-OFJ6N53", "TimeCreated": "2022-02-24 21:45:12.600842+00:00", "RecordID": "649", "Level": "4", "UserID": "S-1-5-18", "EventData.Username": "S-1-5-21-963789628-1060504924-4285088085-1001", "EventData.Package": "Microsoft.CredDialogHost_cw5n1h2txyewy", "EventData.Operation": "1", "EventData.Elapsed": "0.8330079"}
{"EventID": "241", "Channel": "Microsoft-Windows-AppReadiness/Admin", "Provider_Name": "Microsoft-Windows-AppReadiness", "Computer": "DESKTOP-OFJ6N53", "TimeCreated": "2022-02-24 21:45:13.579956+00:00", "RecordID": "650", "Level": "4", "UserID": "S-1-5-18", "EventData.User": "S-1-5-21-963789628-1060504924-4285088085-1001", "EventData.TaskId": "install::Microsoft.AsyncTextService_8wekyb3d8bbwe", "EventData.TaskCount": "6"}
{"EventID": "213", "Channel": "Microsoft-Windows-AppReadiness/Admin", "Provider_Name": "Microsoft-Windows-AppReadiness", "Computer": "DESKTOP-OFJ6N53", "TimeCreated": "2022-02-24 21:45:13.579960+00:00", "RecordID": "651", "Level": "4", "UserID": "S-1-5-18", "EventData.Username": "S-1-5-21-963789628-1060504924-4285088085-1001", "EventData.Package": "Microsoft.AsyncTextService_8wekyb3d8bbwe", "EventData.Operation": "1", "EventData.Elapsed": "0.965111"}
{"EventID": "241", "Channel": "Microsoft-Windows-AppReadiness/Admin", "Provider_Name": "Microsoft-Windows-AppReadiness", "Computer": "DESKTOP-OFJ6N53", "TimeCreated": "2022-02-24 21:45:14.480503+00:00", "RecordID": "652", "Level": "4", "UserID": "S-1-5-18", "EventData.User": "S-1-5-21-963789628-1060504924-4285088085-1001", "EventData.TaskId": "install::Microsoft.AccountsControl_cw5n1h2txyewy", "EventData.TaskCount": "5"}
{"EventID": "213", "Channel": "Microsoft-Windows-AppReadiness/Admin", "Provider_Name": "Microsoft-Windows-AppReadiness", "Computer": "DESKTOP-OFJ6N53", "TimeCreated": "2022-02-24 21:45:14.480507+00:00", "RecordID": "653", "Level": "4", "UserID": "S-1-5-18", "EventData.Username": "S-1-5-21-963789628-1060504924-4285088085-1001", "EventData.Package": "Microsoft.AccountsControl_cw5n1h2txyewy", "EventData.Operation": "1", "EventData.Elapsed": "0.9095339"}
{"EventID": "241", "Channel": "Microsoft-Windows-AppReadiness/Admin", "Provider_Name": "Microsoft-Windows-AppReadiness", "Computer": "DESKTOP-OFJ6N53", "TimeCreated": "2022-02-24 21:45:14.498236+00:00", "RecordID": "654", "Level": "4", "UserID": "S-1-5-18", "EventData.User": "S-1-5-21-963789628-1060504924-4285088085-1001", "EventData.TaskId": "install::F46D4000-FD22-4DB4-AC8E-4E1DDDE828FE_cw5n1h2txyewy", "EventData.TaskCount": "4"}
{"EventID": "213", "Channel": "Microsoft-Windows-AppReadiness/Admin", "Provider_Name": "Microsoft-Windows-AppReadiness", "Computer": "DESKTOP-OFJ6N53", "TimeCreated": "2022-02-24 21:45:14.498240+00:00", "RecordID": "655", "Level": "4", "UserID": "S-1-5-18", "EventData.Username": "S-1-5-21-963789628-1060504924-4285088085-1001", "EventData.Package": "F46D4000-FD22-4DB4-AC8E-4E1DDDE828FE_cw5n1h2txyewy", "EventData.Operation": "1", "EventData.Elapsed": "0.0129995"}
{"EventID": "241", "Channel": "Microsoft-Windows-AppReadiness/Admin", "Provider_Name": "Microsoft-Windows-AppReadiness", "Computer": "DESKTOP-OFJ6N53", "TimeCreated": "2022-02-24 21:45:14.520014+00:00", "RecordID": "656", "Level": "4", "UserID": "S-1-5-18", "EventData.User": "S-1-5-21-963789628-1060504924-4285088085-1001", "EventData.TaskId": "install::E2A4F912-2574-4A75-9BB0-0D023378592B_cw5n1h2txyewy", "EventData.TaskCount": "3"}
{"EventID": "213", "Channel": "Microsoft-Windows-AppReadiness/Admin", "Provider_Name": "Microsoft-Windows-AppReadiness", "Computer": "DESKTOP-OFJ6N53", "TimeCreated": "2022-02-24 21:45:14.520016+00:00", "RecordID": "657", "Level": "4", "UserID": "S-1-5-18", "EventData.Username": "S-1-5-21-963789628-1060504924-4285088085-1001", "EventData.Package": "E2A4F912-2574-4A75-9BB0-0D023378592B_cw5n1h2txyewy", "EventData.Operation": "1", "EventData.Elapsed": "0.0109945"}
{"EventID": "241", "Channel": "Microsoft-Windows-AppReadiness/Admin", "Provider_Name": "Microsoft-Windows-AppReadiness", "Computer": "DESKTOP-OFJ6N53", "TimeCreated": "2022-02-24 21:45:14.529066+00:00", "RecordID": "658", "Level": "4", "UserID": "S-1-5-18", "EventData.User": "S-1-5-21-963789628-1060504924-4285088085-1001", "EventData.TaskId": "install::c5e2524a-ea46-4f67-841f-6a9465d9d515_cw5n1h2txyewy", "EventData.TaskCount": "2"}
{"EventID": "213", "Channel": "Microsoft-Windows-AppReadiness/Admin", "Provider_Name": "Microsoft-Windows-AppReadiness", "Computer": "DESKTOP-OFJ6N53", "TimeCreated": "2022-02-24 21:45:14.529068+00:00", "RecordID": "659", "Level": "4", "UserID": "S-1-5-18", "EventData.Username": "S-1-5-21-963789628-1060504924-4285088085-1001", "EventData.Package": "c5e2524a-ea46-4f67-841f-6a9465d9d515_cw5n1h2txyewy", "EventData.Operation": "1", "EventData.Elapsed": "0.0099993"}
{"EventID": "241", "Channel": "Microsoft-Windows-AppReadiness/Admin", "Provider_Name": "Microsoft-Windows-AppReadiness", "Computer": "DESKTOP-OFJ6N53", "TimeCreated": "2022-02-24 21:45:14.548910+00:00", "RecordID": "660", "Level": "4", "UserID": "S-1-5-18", "EventData.User": "S-1-5-21-963789628-1060504924-4285088085-1001", "EventData.TaskId": "install::1527c705-839a-4832-9118-54d4Bd6a0c89_cw5n1h2txyewy", "EventData.TaskCount": "1"}
{"EventID": "213", "Channel": "Microsoft-Windows-AppReadiness/Admin", "Provider_Name": "Microsoft-Windows-AppReadiness", "Computer": "DESKTOP-OFJ6N53", "TimeCreated": "2022-02-24 21:45:14.548912+00:00", "RecordID": "661", "Level": "4", "UserID": "S-1-5-18", "EventData.Username": "S-1-5-21-963789628-1060504924-4285088085-1001", "EventData.Package": "1527c705-839a-4832-9118-54d4Bd6a0c89_cw5n1h2txyewy", "EventData.Operation": "1", "EventData.Elapsed": "0.010998"}
{"EventID": "241", "Channel": "Microsoft-Windows-AppReadiness/Admin", "Provider_Name": "Microsoft-Windows-AppReadiness", "Computer": "DESKTOP-OFJ6N53", "TimeCreated": "2022-02-24 21:45:14.555756+00:00", "RecordID": "662", "Level": "4", "UserID": "S-1-5-18", "EventData.User": "S-1-5-21-963789628-1060504924-4285088085-1001", "EventData.TaskId": "ART:OemFirstRun", "EventData.TaskCount": "0"}
{"EventID": "220", "Channel": "Microsoft-Windows-AppReadiness/Admin", "Provider_Name": "Microsoft-Windows-AppReadiness", "Computer": "DESKTOP-OFJ6N53", "TimeCreated": "2022-02-24 21:45:14.555758+00:00", "RecordID": "663", "Level": "4", "UserID": "S-1-5-18", "EventData.Username": "S-1-5-21-963789628-1060504924-4285088085-1001", "EventData.Task": "ART:OemFirstRun", "EventData.Elapsed": "0.0020021"}
{"EventID": "211", "Channel": "Microsoft-Windows-AppReadiness/Admin", "Provider_Name": "Microsoft-Windows-AppReadiness", "Computer": "DESKTOP-OFJ6N53", "TimeCreated": "2022-02-24 21:45:14.558300+00:00", "RecordID": "664", "Level": "4", "UserID": "S-1-5-18", "EventData.User": "S-1-5-21-963789628-1060504924-4285088085-1001"}
{"EventID": "209", "Channel": "Microsoft-Windows-AppReadiness/Admin", "Provider_Name": "Microsoft-Windows-AppReadiness", "Computer": "DESKTOP-OFJ6N53", "TimeCreated": "2022-02-24 21:45:16.601274+00:00", "RecordID": "665", "Level": "4", "UserID": "S-1-5-18", "EventData.User": "S-1-5-21-963789628-1060504924-4285088085-1001", "EventData.From": "2", "EventData.To": "3"}
{"EventID": "209", "Channel": "Microsoft-Windows-AppReadiness/Admin", "Provider_Name": "Microsoft-Windows-AppReadiness", "Computer": "DESKTOP-OFJ6N53", "TimeCreated": "2022-02-24 21:45:16.601290+00:00", "RecordID": "666", "Level": "4", "UserID": "S-1-5-18", "EventData.User": "S-1-5-18", "EventData.From": "2", "EventData.To": "3"}
{"EventID": "101", "Channel": "Microsoft-Windows-AppReadiness/Admin", "Provider_Name": "Microsoft-Windows-AppReadiness", "Computer": "DESKTOP-OFJ6N53", "TimeCreated": "2022-02-24 21:45:16.615953+00:00", "RecordID": "667", "Level": "4", "UserID": "S-1-5-18"}
{"EventID": "100", "Channel": "Microsoft-Windows-AppReadiness/Admin", "Provider_Name": "Microsoft-Windows-AppReadiness", "Computer": "DESKTOP-OFJ6N53", "TimeCreated": "2022-02-25 05:25:41.957005+00:00", "RecordID": "668", "Level": "4", "UserID": "S-1-5-18"}
{"EventID": "240", "Channel": "Microsoft-Windows-AppReadiness/Admin", "Provider_Name": "Microsoft-Windows-AppReadiness", "Computer": "DESKTOP-OFJ6N53", "TimeCreated": "2022-02-25 05:25:41.997526+00:00", "RecordID": "669", "Level": "4", "UserID": "S-1-5-18", "EventData.User": "S-1-5-18", "EventData.TaskId": "packageChanges-1", "EventData.TaskCount": "1"}
{"EventID": "109", "Channel": "Microsoft-Windows-AppReadiness/Admin", "Provider_Name": "Microsoft-Windows-AppReadiness", "Computer": "DESKTOP-OFJ6N53", "TimeCreated": "2022-02-25 05:25:42.040606+00:00", "RecordID": "670", "Level": "4", "UserID": "S-1-5-18", "EventData.Source": "2", "EventData.Result": "0"}
{"EventID": "241", "Channel": "Microsoft-Windows-AppReadiness/Admin", "Provider_Name": "Microsoft-Windows-AppReadiness", "Computer": "DESKTOP-OFJ6N53", "TimeCreated": "2022-02-25 05:25:42.040676+00:00", "RecordID": "671", "Level": "4", "UserID": "S-1-5-18", "EventData.User": "S-1-5-18", "EventData.TaskId": "packageChanges-1", "EventData.TaskCount": "0"}
{"EventID": "220", "Channel": "Microsoft-Windows-AppReadiness/Admin", "Provider_Name": "Microsoft-Windows-AppReadiness", "Computer": "DESKTOP-OFJ6N53", "TimeCreated": "2022-02-25 05:25:42.040680+00:00", "RecordID": "672", "Level": "4", "UserID": "S-1-5-18", "EventData.Username": "S-1-5-18", "EventData.Task": "packageChanges-1", "EventData.Elapsed": "0.0318793"}
{"EventID": "211", "Channel": "Microsoft-Windows-AppReadiness/Admin", "Provider_Name": "Microsoft-Windows-AppReadiness", "Computer": "DESKTOP-OFJ6N53", "TimeCreated": "2022-02-25 05:25:42.040773+00:00", "RecordID": "673", "Level": "4", "UserID": "S-1-5-18", "EventData.User": "S-1-5-18"}
{"EventID": "236", "Channel": "Microsoft-Windows-AppReadiness/Admin", "Provider_Name": "Microsoft-Windows-AppReadiness", "Computer": "DESKTOP-OFJ6N53", "TimeCreated": "2022-02-25 05:25:42.295094+00:00", "RecordID": "674", "Level": "4", "UserID": "S-1-5-21-963789628-1060504924-4285088085-1001", "EventData.ExitCode": "0x00000000"}
{"EventID": "238", "Channel": "Microsoft-Windows-AppReadiness/Admin", "Provider_Name": "Microsoft-Windows-AppReadiness", "Computer": "DESKTOP-OFJ6N53", "TimeCreated": "2022-02-25 05:25:42.461386+00:00", "RecordID": "675", "Level": "4", "UserID": "S-1-5-21-963789628-1060504924-4285088085-1001", "EventData.ExitCode": "0x00000000"}
{"EventID": "240", "Channel": "Microsoft-Windows-AppReadiness/Admin", "Provider_Name": "Microsoft-Windows-AppReadiness", "Computer": "DESKTOP-OFJ6N53", "TimeCreated": "2022-02-25 05:25:42.461506+00:00", "RecordID": "676", "Level": "4", "UserID": "S-1-5-18", "EventData.User": "S-1-5-21-963789628-1060504924-4285088085-1001", "EventData.TaskId": "install::Microsoft.MicrosoftEdge.Stable_8wekyb3d8bbwe", "EventData.TaskCount": "1"}
{"EventID": "240", "Channel": "Microsoft-Windows-AppReadiness/Admin", "Provider_Name": "Microsoft-Windows-AppReadiness", "Computer": "DESKTOP-OFJ6N53", "TimeCreated": "2022-02-25 05:25:42.470232+00:00", "RecordID": "677", "Level": "4", "UserID": "S-1-5-18", "EventData.User": "S-1-5-21-963789628-1060504924-4285088085-1001", "EventData.TaskId": "PreviewTiles", "EventData.TaskCount": "2"}
{"EventID": "241", "Channel": "Microsoft-Windows-AppReadiness/Admin", "Provider_Name": "Microsoft-Windows-AppReadiness", "Computer": "DESKTOP-OFJ6N53", "TimeCreated": "2022-02-25 05:25:42.509174+00:00", "RecordID": "678", "Level": "4", "UserID": "S-1-5-18", "EventData.User": "S-1-5-21-963789628-1060504924-4285088085-1001", "EventData.TaskId": "PreviewTiles", "EventData.TaskCount": "1"}
{"EventID": "220", "Channel": "Microsoft-Windows-AppReadiness/Admin", "Provider_Name": "Microsoft-Windows-AppReadiness", "Computer": "DESKTOP-OFJ6N53", "TimeCreated": "2022-02-25 05:25:42.509176+00:00", "RecordID": "679", "Level": "4", "UserID": "S-1-5-18", "EventData.Username": "S-1-5-21-963789628-1060504924-4285088085-1001", "EventData.Task": "PreviewTiles", "EventData.Elapsed": "0.0"}
{"EventID": "241", "Channel": "Microsoft-Windows-AppReadiness/Admin", "Provider_Name": "Microsoft-Windows-AppReadiness", "Computer": "DESKTOP-OFJ6N53", "TimeCreated": "2022-02-25 05:25:43.644503+00:00", "RecordID": "680", "Level": "4", "UserID": "S-1-5-18", "EventData.User": "S-1-5-21-963789628-1060504924-4285088085-1001", "EventData.TaskId": "install::Microsoft.MicrosoftEdge.Stable_8wekyb3d8bbwe", "EventData.TaskCount": "0"}
{"EventID": "213", "Channel": "Microsoft-Windows-AppReadiness/Admin", "Provider_Name": "Microsoft-Windows-AppReadiness", "Computer": "DESKTOP-OFJ6N53", "TimeCreated": "2022-02-25 05:25:43.644505+00:00", "RecordID": "681", "Level": "4", "UserID": "S-1-5-18", "EventData.Username": "S-1-5-21-963789628-1060504924-4285088085-1001", "EventData.Package": "Microsoft.MicrosoftEdge.Stable_8wekyb3d8bbwe", "EventData.Operation": "1", "EventData.Elapsed": "1.1406237"}
{"EventID": "211", "Channel": "Microsoft-Windows-AppReadiness/Admin", "Provider_Name": "Microsoft-Windows-AppReadiness", "Computer": "DESKTOP-OFJ6N53", "TimeCreated": "2022-02-25 05:25:43.644684+00:00", "RecordID": "682", "Level": "4", "UserID": "S-1-5-18", "EventData.User": "S-1-5-21-963789628-1060504924-4285088085-1001"}
{"EventID": "209", "Channel": "Microsoft-Windows-AppReadiness/Admin", "Provider_Name": "Microsoft-Windows-AppReadiness", "Computer": "DESKTOP-OFJ6N53", "TimeCreated": "2022-02-25 05:28:11.965685+00:00", "RecordID": "683", "Level": "4", "UserID": "S-1-5-18", "EventData.User": "S-1-5-21-963789628-1060504924-4285088085-1001", "EventData.From": "2", "EventData.To": "3"}
{"EventID": "209", "Channel": "Microsoft-Windows-AppReadiness/Admin", "Provider_Name": "Microsoft-Windows-AppReadiness", "Computer": "DESKTOP-OFJ6N53", "TimeCreated": "2022-02-25 05:28:11.965693+00:00", "RecordID": "684", "Level": "4", "UserID": "S-1-5-18", "EventData.User": "S-1-5-18", "EventData.From": "2", "EventData.To": "3"}
{"EventID": "101", "Channel": "Microsoft-Windows-AppReadiness/Admin", "Provider_Name": "Microsoft-Windows-AppReadiness", "Computer": "DESKTOP-OFJ6N53", "TimeCreated": "2022-02-25 05:28:11.981354+00:00", "RecordID": "685", "Level": "4", "UserID": "S-1-5-18"}
{"EventID": "100", "Channel": "Microsoft-Windows-AppReadiness/Admin", "Provider_Name": "Microsoft-Windows-AppReadiness", "Computer": "DESKTOP-OFJ6N53", "TimeCreated": "2022-03-03 17:18:34.963104+00:00", "RecordID": "686", "Level": "4", "UserID": "S-1-5-18"}
{"EventID": "209", "Channel": "Microsoft-Windows-AppReadiness/Admin", "Provider_Name": "Microsoft-Windows-AppReadiness", "Computer": "DESKTOP-OFJ6N53", "TimeCreated": "2022-03-03 17:18:35.086544+00:00", "RecordID": "687", "Level": "4", "UserID": "S-1-5-18", "EventData.User": "S-1-5-21-963789628-1060504924-4285088085-1001", "EventData.From": "2", "EventData.To": "0"}
{"EventID": "232", "Channel": "Microsoft-Windows-AppReadiness/Admin", "Provider_Name": "Microsoft-Windows-AppReadiness", "Computer": "DESKTOP-OFJ6N53", "TimeCreated": "2022-03-03 17:18:35.105658+00:00", "RecordID": "688", "Level": "4", "UserID": "S-1-5-18", "EventData.ExitCode": "0x00000000"}
{"EventID": "236", "Channel": "Microsoft-Windows-AppReadiness/Admin", "Provider_Name": "Microsoft-Windows-AppReadiness", "Computer": "DESKTOP-OFJ6N53", "TimeCreated": "2022-03-03 17:18:36.590586+00:00", "RecordID": "689", "Level": "4", "UserID": "S-1-5-21-963789628-1060504924-4285088085-1001", "EventData.ExitCode": "0x00000000"}
{"EventID": "238", "Channel": "Microsoft-Windows-AppReadiness/Admin", "Provider_Name": "Microsoft-Windows-AppReadiness", "Computer": "DESKTOP-OFJ6N53", "TimeCreated": "2022-03-03 17:18:36.842089+00:00", "RecordID": "690", "Level": "4", "UserID": "S-1-5-21-963789628-1060504924-4285088085-1001", "EventData.ExitCode": "0x00000000"}
{"EventID": "240", "Channel": "Microsoft-Windows-AppReadiness/Admin", "Provider_Name": "Microsoft-Windows-AppReadiness", "Computer": "DESKTOP-OFJ6N53", "TimeCreated": "2022-03-03 17:18:36.843966+00:00", "RecordID": "691", "Level": "4", "UserID": "S-1-5-18", "EventData.User": "S-1-5-21-963789628-1060504924-4285088085-1001", "EventData.TaskId": "install::Microsoft.YourPhone_8wekyb3d8bbwe", "EventData.TaskCount": "1"}
{"EventID": "240", "Channel": "Microsoft-Windows-AppReadiness/Admin", "Provider_Name": "Microsoft-Windows-AppReadiness", "Computer": "DESKTOP-OFJ6N53", "TimeCreated": "2022-03-03 17:18:36.848413+00:00", "RecordID": "692", "Level": "4", "UserID": "S-1-5-18", "EventData.User": "S-1-5-21-963789628-1060504924-4285088085-1001", "EventData.TaskId": "PreviewTiles", "EventData.TaskCount": "2"}
{"EventID": "210", "Channel": "Microsoft-Windows-AppReadiness/Admin", "Provider_Name": "Microsoft-Windows-AppReadiness", "Computer": "DESKTOP-OFJ6N53", "TimeCreated": "2022-03-03 17:18:36.848600+00:00", "RecordID": "693", "Level": "4", "UserID": "S-1-5-18", "EventData.User": "S-1-5-21-963789628-1060504924-4285088085-1001"}
{"EventID": "240", "Channel": "Microsoft-Windows-AppReadiness/Admin", "Provider_Name": "Microsoft-Windows-AppReadiness", "Computer": "DESKTOP-OFJ6N53", "TimeCreated": "2022-03-03 17:18:36.848679+00:00", "RecordID": "694", "Level": "4", "UserID": "S-1-5-18", "EventData.User": "S-1-5-21-963789628-1060504924-4285088085-1001", "EventData.TaskId": "ART:UserLogon", "EventData.TaskCount": "3"}
{"EventID": "216", "Channel": "Microsoft-Windows-AppReadiness/Admin", "Provider_Name": "Microsoft-Windows-AppReadiness", "Computer": "DESKTOP-OFJ6N53", "TimeCreated": "2022-03-03 17:18:36.852629+00:00", "RecordID": "695", "Level": "4", "UserID": "S-1-5-18", "EventData.User": "S-1-5-21-963789628-1060504924-4285088085-1001", "EventData.ResumeAt": "2022-03-03 20:19:06.837000+00:00"}
{"EventID": "241", "Channel": "Microsoft-Windows-AppReadiness/Admin", "Provider_Name": "Microsoft-Windows-AppReadiness", "Computer": "DESKTOP-OFJ6N53", "TimeCreated": "2022-03-03 17:18:36.852736+00:00", "RecordID": "696", "Level": "4", "UserID": "S-1-5-18", "EventData.User": "S-1-5-21-963789628-1060504924-4285088085-1001", "EventData.TaskId": "ART:UserLogon", "EventData.TaskCount": "2"}
{"EventID": "220", "Channel": "Microsoft-Windows-AppReadiness/Admin", "Provider_Name": "Microsoft-Windows-AppReadiness", "Computer": "DESKTOP-OFJ6N53", "TimeCreated": "2022-03-03 17:18:36.852739+00:00", "RecordID": "697", "Level": "4", "UserID": "S-1-5-18", "EventData.Username": "S-1-5-21-963789628-1060504924-4285088085-1001", "EventData.Task": "ART:UserLogon", "EventData.Elapsed": "0.0"}
{"EventID": "240", "Channel": "Microsoft-Windows-AppReadiness/Admin", "Provider_Name": "Microsoft-Windows-AppReadiness", "Computer": "DESKTOP-OFJ6N53", "TimeCreated": "2022-03-03 17:18:42.465637+00:00", "RecordID": "698", "Level": "4", "UserID": "S-1-5-18", "EventData.User": "S-1-5-21-963789628-1060504924-4285088085-1001", "EventData.TaskId": "ART:OemFirstRun", "EventData.TaskCount": "3"}
{"EventID": "209", "Channel": "Microsoft-Windows-AppReadiness/Admin", "Provider_Name": "Microsoft-Windows-AppReadiness", "Computer": "DESKTOP-OFJ6N53", "TimeCreated": "2022-03-03 17:18:42.495131+00:00", "RecordID": "699", "Level": "4", "UserID": "S-1-5-18", "EventData.User": "S-1-5-21-963789628-1060504924-4285088085-1001", "EventData.From": "0", "EventData.To": "1"}
{"EventID": "209", "Channel": "Microsoft-Windows-AppReadiness/Admin", "Provider_Name": "Microsoft-Windows-AppReadiness", "Computer": "DESKTOP-OFJ6N53", "TimeCreated": "2022-03-03 17:18:42.503359+00:00", "RecordID": "700", "Level": "4", "UserID": "S-1-5-18", "EventData.User": "S-1-5-21-963789628-1060504924-4285088085-1001", "EventData.From": "1", "EventData.To": "2"}
{"EventID": "234", "Channel": "Microsoft-Windows-AppReadiness/Admin", "Provider_Name": "Microsoft-Windows-AppReadiness", "Computer": "DESKTOP-OFJ6N53", "TimeCreated": "2022-03-03 17:18:42.511494+00:00", "RecordID": "701", "Level": "4", "UserID": "S-1-5-18", "EventData.ExitCode": "0x00000000"}
{"EventID": "241", "Channel": "Microsoft-Windows-AppReadiness/Admin", "Provider_Name": "Microsoft-Windows-AppReadiness", "Computer": "DESKTOP-OFJ6N53", "TimeCreated": "2022-03-03 17:19:06.867861+00:00", "RecordID": "702", "Level": "4", "UserID": "S-1-5-18", "EventData.User": "S-1-5-21-963789628-1060504924-4285088085-1001", "EventData.TaskId": "PreviewTiles", "EventData.TaskCount": "2"}
{"EventID": "220", "Channel": "Microsoft-Windows-AppReadiness/Admin", "Provider_Name": "Microsoft-Windows-AppReadiness", "Computer": "DESKTOP-OFJ6N53", "TimeCreated": "2022-03-03 17:19:06.867863+00:00", "RecordID": "703", "Level": "4", "UserID": "S-1-5-18", "EventData.Username": "S-1-5-21-963789628-1060504924-4285088085-1001", "EventData.Task": "PreviewTiles", "EventData.Elapsed": "0.0156219"}
{"EventID": "241", "Channel": "Microsoft-Windows-AppReadiness/Admin", "Provider_Name": "Microsoft-Windows-AppReadiness", "Computer": "DESKTOP-OFJ6N53", "TimeCreated": "2022-03-03 17:19:09.559935+00:00", "RecordID": "704", "Level": "4", "UserID": "S-1-5-18", "EventData.User": "S-1-5-21-963789628-1060504924-4285088085-1001", "EventData.TaskId": "install::Microsoft.YourPhone_8wekyb3d8bbwe", "EventData.TaskCount": "1"}
{"EventID": "213", "Channel": "Microsoft-Windows-AppReadiness/Admin", "Provider_Name": "Microsoft-Windows-AppReadiness", "Computer": "DESKTOP-OFJ6N53", "TimeCreated": "2022-03-03 17:19:09.559938+00:00", "RecordID": "705", "Level": "4", "UserID": "S-1-5-18", "EventData.Username": "S-1-5-21-963789628-1060504924-4285088085-1001", "EventData.Package": "Microsoft.YourPhone_8wekyb3d8bbwe", "EventData.Operation": "1", "EventData.Elapsed": "2.6858003"}
{"EventID": "211", "Channel": "Microsoft-Windows-AppReadiness/Admin", "Provider_Name": "Microsoft-Windows-AppReadiness", "Computer": "DESKTOP-OFJ6N53", "TimeCreated": "2022-03-03 17:19:09.560541+00:00", "RecordID": "706", "Level": "4", "UserID": "S-1-5-18", "EventData.User": "S-1-5-21-963789628-1060504924-4285088085-1001"}
{"EventID": "241", "Channel": "Microsoft-Windows-AppReadiness/Admin", "Provider_Name": "Microsoft-Windows-AppReadiness", "Computer": "DESKTOP-OFJ6N53", "TimeCreated": "2022-03-03 17:19:09.562567+00:00", "RecordID": "707", "Level": "4", "UserID": "S-1-5-18", "EventData.User": "S-1-5-21-963789628-1060504924-4285088085-1001", "EventData.TaskId": "ART:OemFirstRun", "EventData.TaskCount": "0"}
{"EventID": "220", "Channel": "Microsoft-Windows-AppReadiness/Admin", "Provider_Name": "Microsoft-Windows-AppReadiness", "Computer": "DESKTOP-OFJ6N53", "TimeCreated": "2022-03-03 17:19:09.562571+00:00", "RecordID": "708", "Level": "4", "UserID": "S-1-5-18", "EventData.Username": "S-1-5-21-963789628-1060504924-4285088085-1001", "EventData.Task": "ART:OemFirstRun", "EventData.Elapsed": "0.0080332"}
{"EventID": "209", "Channel": "Microsoft-Windows-AppReadiness/Admin", "Provider_Name": "Microsoft-Windows-AppReadiness", "Computer": "DESKTOP-OFJ6N53", "TimeCreated": "2022-03-03 17:21:04.995773+00:00", "RecordID": "709", "Level": "4", "UserID": "S-1-5-18", "EventData.User": "S-1-5-21-963789628-1060504924-4285088085-1001", "EventData.From": "2", "EventData.To": "3"}
{"EventID": "209", "Channel": "Microsoft-Windows-AppReadiness/Admin", "Provider_Name": "Microsoft-Windows-AppReadiness", "Computer": "DESKTOP-OFJ6N53", "TimeCreated": "2022-03-03 17:21:04.995790+00:00", "RecordID": "710", "Level": "4", "UserID": "S-1-5-18", "EventData.User": "S-1-5-18", "EventData.From": "2", "EventData.To": "3"}
{"EventID": "101", "Channel": "Microsoft-Windows-AppReadiness/Admin", "Provider_Name": "Microsoft-Windows-AppReadiness", "Computer": "DESKTOP-OFJ6N53", "TimeCreated": "2022-03-03 17:21:05.011415+00:00", "RecordID": "711", "Level": "4", "UserID": "S-1-5-18"}
{"EventID": "100", "Channel": "Microsoft-Windows-AppReadiness/Admin", "Provider_Name": "Microsoft-Windows-AppReadiness", "Computer": "DESKTOP-OFJ6N53", "TimeCreated": "2022-03-09 08:32:13.248449+00:00", "RecordID": "712", "Level": "4", "UserID": "S-1-5-18"}
{"EventID": "240", "Channel": "Microsoft-Windows-AppReadiness/Admin", "Provider_Name": "Microsoft-Windows-AppReadiness", "Computer": "DESKTOP-OFJ6N53", "TimeCreated": "2022-03-09 08:32:13.269979+00:00", "RecordID": "713", "Level": "4", "UserID": "S-1-5-18", "EventData.User": "S-1-5-18", "EventData.TaskId": "packageChanges-1", "EventData.TaskCount": "1"}
{"EventID": "109", "Channel": "Microsoft-Windows-AppReadiness/Admin", "Provider_Name": "Microsoft-Windows-AppReadiness", "Computer": "DESKTOP-OFJ6N53", "TimeCreated": "2022-03-09 08:32:13.278017+00:00", "RecordID": "714", "Level": "4", "UserID": "S-1-5-18", "EventData.Source": "2", "EventData.Result": "0"}
{"EventID": "241", "Channel": "Microsoft-Windows-AppReadiness/Admin", "Provider_Name": "Microsoft-Windows-AppReadiness", "Computer": "DESKTOP-OFJ6N53", "TimeCreated": "2022-03-09 08:32:13.278366+00:00", "RecordID": "715", "Level": "4", "UserID": "S-1-5-18", "EventData.User": "S-1-5-18", "EventData.TaskId": "packageChanges-1", "EventData.TaskCount": "0"}
{"EventID": "220", "Channel": "Microsoft-Windows-AppReadiness/Admin", "Provider_Name": "Microsoft-Windows-AppReadiness", "Computer": "DESKTOP-OFJ6N53", "TimeCreated": "2022-03-09 08:32:13.278368+00:00", "RecordID": "716", "Level": "4", "UserID": "S-1-5-18", "EventData.Username": "S-1-5-18", "EventData.Task": "packageChanges-1", "EventData.Elapsed": "0.0"}
{"EventID": "211", "Channel": "Microsoft-Windows-AppReadiness/Admin", "Provider_Name": "Microsoft-Windows-AppReadiness", "Computer": "DESKTOP-OFJ6N53", "TimeCreated": "2022-03-09 08:32:13.278482+00:00", "RecordID": "717", "Level": "4", "UserID": "S-1-5-18", "EventData.User": "S-1-5-18"}
{"EventID": "236", "Channel": "Microsoft-Windows-AppReadiness/Admin", "Provider_Name": "Microsoft-Windows-AppReadiness", "Computer": "DESKTOP-OFJ6N53", "TimeCreated": "2022-03-09 08:32:13.586515+00:00", "RecordID": "718", "Level": "4", "UserID": "S-1-5-21-963789628-1060504924-4285088085-1001", "EventData.ExitCode": "0x00000000"}
{"EventID": "238", "Channel": "Microsoft-Windows-AppReadiness/Admin", "Provider_Name": "Microsoft-Windows-AppReadiness", "Computer": "DESKTOP-OFJ6N53", "TimeCreated": "2022-03-09 08:32:13.743483+00:00", "RecordID": "719", "Level": "4", "UserID": "S-1-5-21-963789628-1060504924-4285088085-1001", "EventData.ExitCode": "0x00000000"}
{"EventID": "240", "Channel": "Microsoft-Windows-AppReadiness/Admin", "Provider_Name": "Microsoft-Windows-AppReadiness", "Computer": "DESKTOP-OFJ6N53", "TimeCreated": "2022-03-09 08:32:13.748215+00:00", "RecordID": "720", "Level": "4", "UserID": "S-1-5-18", "EventData.User": "S-1-5-21-963789628-1060504924-4285088085-1001", "EventData.TaskId": "install::Microsoft.MicrosoftEdge.Stable_8wekyb3d8bbwe", "EventData.TaskCount": "1"}
{"EventID": "240", "Channel": "Microsoft-Windows-AppReadiness/Admin", "Provider_Name": "Microsoft-Windows-AppReadiness", "Computer": "DESKTOP-OFJ6N53", "TimeCreated": "2022-03-09 08:32:13.750317+00:00", "RecordID": "721", "Level": "4", "UserID": "S-1-5-18", "EventData.User": "S-1-5-21-963789628-1060504924-4285088085-1001", "EventData.TaskId": "PreviewTiles", "EventData.TaskCount": "2"}
{"EventID": "241", "Channel": "Microsoft-Windows-AppReadiness/Admin", "Provider_Name": "Microsoft-Windows-AppReadiness", "Computer": "DESKTOP-OFJ6N53", "TimeCreated": "2022-03-09 08:32:13.795475+00:00", "RecordID": "722", "Level": "4", "UserID": "S-1-5-18", "EventData.User": "S-1-5-21-963789628-1060504924-4285088085-1001", "EventData.TaskId": "PreviewTiles", "EventData.TaskCount": "1"}
{"EventID": "220", "Channel": "Microsoft-Windows-AppReadiness/Admin", "Provider_Name": "Microsoft-Windows-AppReadiness", "Computer": "DESKTOP-OFJ6N53", "TimeCreated": "2022-03-09 08:32:13.795477+00:00", "RecordID": "723", "Level": "4", "UserID": "S-1-5-18", "EventData.Username": "S-1-5-21-963789628-1060504924-4285088085-1001", "EventData.Task": "PreviewTiles", "EventData.Elapsed": "0.0156224"}
{"EventID": "241", "Channel": "Microsoft-Windows-AppReadiness/Admin", "Provider_Name": "Microsoft-Windows-AppReadiness", "Computer": "DESKTOP-OFJ6N53", "TimeCreated": "2022-03-09 08:32:49.792395+00:00", "RecordID": "724", "Level": "4", "UserID": "S-1-5-18", "EventData.User": "S-1-5-21-963789628-1060504924-4285088085-1001", "EventData.TaskId": "install::Microsoft.MicrosoftEdge.Stable_8wekyb3d8bbwe", "EventData.TaskCount": "0"}
{"EventID": "213", "Channel": "Microsoft-Windows-AppReadiness/Admin", "Provider_Name": "Microsoft-Windows-AppReadiness", "Computer": "DESKTOP-OFJ6N53", "TimeCreated": "2022-03-09 08:32:49.792398+00:00", "RecordID": "725", "Level": "4", "UserID": "S-1-5-18", "EventData.Username": "S-1-5-21-963789628-1060504924-4285088085-1001", "EventData.Package": "Microsoft.MicrosoftEdge.Stable_8wekyb3d8bbwe", "EventData.Operation": "1", "EventData.Elapsed": "35.9934213"}
{"EventID": "211", "Channel": "Microsoft-Windows-AppReadiness/Admin", "Provider_Name": "Microsoft-Windows-AppReadiness", "Computer": "DESKTOP-OFJ6N53", "TimeCreated": "2022-03-09 08:32:49.792807+00:00", "RecordID": "726", "Level": "4", "UserID": "S-1-5-18", "EventData.User": "S-1-5-21-963789628-1060504924-4285088085-1001"}
{"EventID": "209", "Channel": "Microsoft-Windows-AppReadiness/Admin", "Provider_Name": "Microsoft-Windows-AppReadiness", "Computer": "DESKTOP-OFJ6N53", "TimeCreated": "2022-03-09 08:34:43.247644+00:00", "RecordID": "727", "Level": "4", "UserID": "S-1-5-18", "EventData.User": "S-1-5-21-963789628-1060504924-4285088085-1001", "EventData.From": "2", "EventData.To": "3"}
{"EventID": "209", "Channel": "Microsoft-Windows-AppReadiness/Admin", "Provider_Name": "Microsoft-Windows-AppReadiness", "Computer": "DESKTOP-OFJ6N53", "TimeCreated": "2022-03-09 08:34:43.247652+00:00", "RecordID": "728", "Level": "4", "UserID": "S-1-5-18", "EventData.User": "S-1-5-18", "EventData.From": "2", "EventData.To": "3"}
{"EventID": "101", "Channel": "Microsoft-Windows-AppReadiness/Admin", "Provider_Name": "Microsoft-Windows-AppReadiness", "Computer": "DESKTOP-OFJ6N53", "TimeCreated": "2022-03-09 08:34:43.263411+00:00", "RecordID": "729", "Level": "4", "UserID": "S-1-5-18"}
{"EventID": "100", "Channel": "Microsoft-Windows-AppReadiness/Admin", "Provider_Name": "Microsoft-Windows-AppReadiness", "Computer": "DESKTOP-OFJ6N53", "TimeCreated": "2022-03-10 19:26:06.251221+00:00", "RecordID": "730", "Level": "4", "UserID": "S-1-5-18"}
{"EventID": "240", "Channel": "Microsoft-Windows-AppReadiness/Admin", "Provider_Name": "Microsoft-Windows-AppReadiness", "Computer": "DESKTOP-OFJ6N53", "TimeCreated": "2022-03-10 19:26:06.280615+00:00", "RecordID": "731", "Level": "4", "UserID": "S-1-5-18", "EventData.User": "S-1-5-18", "EventData.TaskId": "packageChanges-1", "EventData.TaskCount": "1"}
{"EventID": "109", "Channel": "Microsoft-Windows-AppReadiness/Admin", "Provider_Name": "Microsoft-Windows-AppReadiness", "Computer": "DESKTOP-OFJ6N53", "TimeCreated": "2022-03-10 19:26:06.325811+00:00", "RecordID": "732", "Level": "4", "UserID": "S-1-5-18", "EventData.Source": "2", "EventData.Result": "0"}
{"EventID": "241", "Channel": "Microsoft-Windows-AppReadiness/Admin", "Provider_Name": "Microsoft-Windows-AppReadiness", "Computer": "DESKTOP-OFJ6N53", "TimeCreated": "2022-03-10 19:26:06.327318+00:00", "RecordID": "733", "Level": "4", "UserID": "S-1-5-18", "EventData.User": "S-1-5-18", "EventData.TaskId": "packageChanges-1", "EventData.TaskCount": "0"}
{"EventID": "220", "Channel": "Microsoft-Windows-AppReadiness/Admin", "Provider_Name": "Microsoft-Windows-AppReadiness", "Computer": "DESKTOP-OFJ6N53", "TimeCreated": "2022-03-10 19:26:06.327320+00:00", "RecordID": "734", "Level": "4", "UserID": "S-1-5-18", "EventData.Username": "S-1-5-18", "EventData.Task": "packageChanges-1", "EventData.Elapsed": "0.0239903"}
{"EventID": "211", "Channel": "Microsoft-Windows-AppReadiness/Admin", "Provider_Name": "Microsoft-Windows-AppReadiness", "Computer": "DESKTOP-OFJ6N53", "TimeCreated": "2022-03-10 19:26:06.327431+00:00", "RecordID": "735", "Level": "4", "UserID": "S-1-5-18", "EventData.User": "S-1-5-18"}
{"EventID": "236", "Channel": "Microsoft-Windows-AppReadiness/Admin", "Provider_Name": "Microsoft-Windows-AppReadiness", "Computer": "DESKTOP-OFJ6N53", "TimeCreated": "2022-03-10 19:26:06.651649+00:00", "RecordID": "736", "Level": "4", "UserID": "S-1-5-21-963789628-1060504924-4285088085-1001", "EventData.ExitCode": "0x00000000"}
{"EventID": "238", "Channel": "Microsoft-Windows-AppReadiness/Admin", "Provider_Name": "Microsoft-Windows-AppReadiness", "Computer": "DESKTOP-OFJ6N53", "TimeCreated": "2022-03-10 19:26:06.785511+00:00", "RecordID": "737", "Level": "4", "UserID": "S-1-5-21-963789628-1060504924-4285088085-1001", "EventData.ExitCode": "0x00000000"}
{"EventID": "240", "Channel": "Microsoft-Windows-AppReadiness/Admin", "Provider_Name": "Microsoft-Windows-AppReadiness", "Computer": "DESKTOP-OFJ6N53", "TimeCreated": "2022-03-10 19:26:06.788078+00:00", "RecordID": "738", "Level": "4", "UserID": "S-1-5-18", "EventData.User": "S-1-5-21-963789628-1060504924-4285088085-1001", "EventData.TaskId": "install::Microsoft.MicrosoftEdge.Stable_8wekyb3d8bbwe", "EventData.TaskCount": "1"}
{"EventID": "240", "Channel": "Microsoft-Windows-AppReadiness/Admin", "Provider_Name": "Microsoft-Windows-AppReadiness", "Computer": "DESKTOP-OFJ6N53", "TimeCreated": "2022-03-10 19:26:06.789755+00:00", "RecordID": "739", "Level": "4", "UserID": "S-1-5-18", "EventData.User": "S-1-5-21-963789628-1060504924-4285088085-1001", "EventData.TaskId": "PreviewTiles", "EventData.TaskCount": "2"}
{"EventID": "241", "Channel": "Microsoft-Windows-AppReadiness/Admin", "Provider_Name": "Microsoft-Windows-AppReadiness", "Computer": "DESKTOP-OFJ6N53", "TimeCreated": "2022-03-10 19:26:06.825794+00:00", "RecordID": "740", "Level": "4", "UserID": "S-1-5-18", "EventData.User": "S-1-5-21-963789628-1060504924-4285088085-1001", "EventData.TaskId": "PreviewTiles", "EventData.TaskCount": "1"}
{"EventID": "220", "Channel": "Microsoft-Windows-AppReadiness/Admin", "Provider_Name": "Microsoft-Windows-AppReadiness", "Computer": "DESKTOP-OFJ6N53", "TimeCreated": "2022-03-10 19:26:06.825796+00:00", "RecordID": "741", "Level": "4", "UserID": "S-1-5-18", "EventData.Username": "S-1-5-21-963789628-1060504924-4285088085-1001", "EventData.Task": "PreviewTiles", "EventData.Elapsed": "0.0079989"}
{"EventID": "241", "Channel": "Microsoft-Windows-AppReadiness/Admin", "Provider_Name": "Microsoft-Windows-AppReadiness", "Computer": "DESKTOP-OFJ6N53", "TimeCreated": "2022-03-10 19:26:39.843414+00:00", "RecordID": "742", "Level": "4", "UserID": "S-1-5-18", "EventData.User": "S-1-5-21-963789628-1060504924-4285088085-1001", "EventData.TaskId": "install::Microsoft.MicrosoftEdge.Stable_8wekyb3d8bbwe", "EventData.TaskCount": "0"}
{"EventID": "213", "Channel": "Microsoft-Windows-AppReadiness/Admin", "Provider_Name": "Microsoft-Windows-AppReadiness", "Computer": "DESKTOP-OFJ6N53", "TimeCreated": "2022-03-10 19:26:39.843416+00:00", "RecordID": "743", "Level": "4", "UserID": "S-1-5-18", "EventData.Username": "S-1-5-21-963789628-1060504924-4285088085-1001", "EventData.Package": "Microsoft.MicrosoftEdge.Stable_8wekyb3d8bbwe", "EventData.Operation": "1", "EventData.Elapsed": "33.0147972"}
{"EventID": "211", "Channel": "Microsoft-Windows-AppReadiness/Admin", "Provider_Name": "Microsoft-Windows-AppReadiness", "Computer": "DESKTOP-OFJ6N53", "TimeCreated": "2022-03-10 19:26:39.843670+00:00", "RecordID": "744", "Level": "4", "UserID": "S-1-5-18", "EventData.User": "S-1-5-21-963789628-1060504924-4285088085-1001"}
{"EventID": "209", "Channel": "Microsoft-Windows-AppReadiness/Admin", "Provider_Name": "Microsoft-Windows-AppReadiness", "Computer": "DESKTOP-OFJ6N53", "TimeCreated": "2022-03-10 19:28:36.271456+00:00", "RecordID": "745", "Level": "4", "UserID": "S-1-5-18", "EventData.User": "S-1-5-21-963789628-1060504924-4285088085-1001", "EventData.From": "2", "EventData.To": "3"}
{"EventID": "209", "Channel": "Microsoft-Windows-AppReadiness/Admin", "Provider_Name": "Microsoft-Windows-AppReadiness", "Computer": "DESKTOP-OFJ6N53", "TimeCreated": "2022-03-10 19:28:36.271463+00:00", "RecordID": "746", "Level": "4", "UserID": "S-1-5-18", "EventData.User": "S-1-5-18", "EventData.From": "2", "EventData.To": "3"}
{"EventID": "101", "Channel": "Microsoft-Windows-AppReadiness/Admin", "Provider_Name": "Microsoft-Windows-AppReadiness", "Computer": "DESKTOP-OFJ6N53", "TimeCreated": "2022-03-10 19:28:36.287683+00:00", "RecordID": "747", "Level": "4", "UserID": "S-1-5-18"}
{"EventID": "100", "Channel": "Microsoft-Windows-AppReadiness/Admin", "Provider_Name": "Microsoft-Windows-AppReadiness", "Computer": "DESKTOP-OFJ6N53", "TimeCreated": "2022-03-15 17:30:12.574541+00:00", "RecordID": "748", "Level": "4", "UserID": "S-1-5-18"}
{"EventID": "240", "Channel": "Microsoft-Windows-AppReadiness/Admin", "Provider_Name": "Microsoft-Windows-AppReadiness", "Computer": "DESKTOP-OFJ6N53", "TimeCreated": "2022-03-15 17:30:12.602116+00:00", "RecordID": "749", "Level": "4", "UserID": "S-1-5-18", "EventData.User": "S-1-5-18", "EventData.TaskId": "packageChanges-1", "EventData.TaskCount": "1"}
{"EventID": "109", "Channel": "Microsoft-Windows-AppReadiness/Admin", "Provider_Name": "Microsoft-Windows-AppReadiness", "Computer": "DESKTOP-OFJ6N53", "TimeCreated": "2022-03-15 17:30:12.605494+00:00", "RecordID": "750", "Level": "4", "UserID": "S-1-5-18", "EventData.Source": "2", "EventData.Result": "0"}
{"EventID": "241", "Channel": "Microsoft-Windows-AppReadiness/Admin", "Provider_Name": "Microsoft-Windows-AppReadiness", "Computer": "DESKTOP-OFJ6N53", "TimeCreated": "2022-03-15 17:30:12.605898+00:00", "RecordID": "751", "Level": "4", "UserID": "S-1-5-18", "EventData.User": "S-1-5-18", "EventData.TaskId": "packageChanges-1", "EventData.TaskCount": "0"}
{"EventID": "220", "Channel": "Microsoft-Windows-AppReadiness/Admin", "Provider_Name": "Microsoft-Windows-AppReadiness", "Computer": "DESKTOP-OFJ6N53", "TimeCreated": "2022-03-15 17:30:12.605900+00:00", "RecordID": "752", "Level": "4", "UserID": "S-1-5-18", "EventData.Username": "S-1-5-18", "EventData.Task": "packageChanges-1", "EventData.Elapsed": "0.0"}
{"EventID": "211", "Channel": "Microsoft-Windows-AppReadiness/Admin", "Provider_Name": "Microsoft-Windows-AppReadiness", "Computer": "DESKTOP-OFJ6N53", "TimeCreated": "2022-03-15 17:30:12.605976+00:00", "RecordID": "753", "Level": "4", "UserID": "S-1-5-18", "EventData.User": "S-1-5-18"}
{"EventID": "209", "Channel": "Microsoft-Windows-AppReadiness/Admin", "Provider_Name": "Microsoft-Windows-AppReadiness", "Computer": "DESKTOP-OFJ6N53", "TimeCreated": "2022-03-15 17:32:42.583960+00:00", "RecordID": "754", "Level": "4", "UserID": "S-1-5-18", "EventData.User": "S-1-5-18", "EventData.From": "2", "EventData.To": "3"}
{"EventID": "101", "Channel": "Microsoft-Windows-AppReadiness/Admin", "Provider_Name": "Microsoft-Windows-AppReadiness", "Computer": "DESKTOP-OFJ6N53", "TimeCreated": "2022-03-15 17:32:42.599707+00:00", "RecordID": "755", "Level": "4", "UserID": "S-1-5-18"}
{"EventID": "100", "Channel": "Microsoft-Windows-AppReadiness/Admin", "Provider_Name": "Microsoft-Windows-AppReadiness", "Computer": "DESKTOP-OFJ6N53", "TimeCreated": "2022-03-16 10:12:59.618904+00:00", "RecordID": "756", "Level": "4", "UserID": "S-1-5-18"}
{"EventID": "209", "Channel": "Microsoft-Windows-AppReadiness/Admin", "Provider_Name": "Microsoft-Windows-AppReadiness", "Computer": "DESKTOP-OFJ6N53", "TimeCreated": "2022-03-16 10:13:00.298710+00:00", "RecordID": "757", "Level": "4", "UserID": "S-1-5-18", "EventData.User": "S-1-5-21-963789628-1060504924-4285088085-1001", "EventData.From": "2", "EventData.To": "0"}
{"EventID": "232", "Channel": "Microsoft-Windows-AppReadiness/Admin", "Provider_Name": "Microsoft-Windows-AppReadiness", "Computer": "DESKTOP-OFJ6N53", "TimeCreated": "2022-03-16 10:13:00.418621+00:00", "RecordID": "758", "Level": "4", "UserID": "S-1-5-18", "EventData.ExitCode": "0x00000000"}
{"EventID": "236", "Channel": "Microsoft-Windows-AppReadiness/Admin", "Provider_Name": "Microsoft-Windows-AppReadiness", "Computer": "DESKTOP-OFJ6N53", "TimeCreated": "2022-03-16 10:13:01.781771+00:00", "RecordID": "759", "Level": "4", "UserID": "S-1-5-21-963789628-1060504924-4285088085-1001", "EventData.ExitCode": "0x00000000"}
{"EventID": "238", "Channel": "Microsoft-Windows-AppReadiness/Admin", "Provider_Name": "Microsoft-Windows-AppReadiness", "Computer": "DESKTOP-OFJ6N53", "TimeCreated": "2022-03-16 10:13:02.955635+00:00", "RecordID": "760", "Level": "4", "UserID": "S-1-5-21-963789628-1060504924-4285088085-1001", "EventData.ExitCode": "0x00000000"}
{"EventID": "240", "Channel": "Microsoft-Windows-AppReadiness/Admin", "Provider_Name": "Microsoft-Windows-AppReadiness", "Computer": "DESKTOP-OFJ6N53", "TimeCreated": "2022-03-16 10:13:02.967783+00:00", "RecordID": "761", "Level": "4", "UserID": "S-1-5-18", "EventData.User": "S-1-5-21-963789628-1060504924-4285088085-1001", "EventData.TaskId": "install::Microsoft.MicrosoftEdge.Stable_8wekyb3d8bbwe", "EventData.TaskCount": "1"}
{"EventID": "240", "Channel": "Microsoft-Windows-AppReadiness/Admin", "Provider_Name": "Microsoft-Windows-AppReadiness", "Computer": "DESKTOP-OFJ6N53", "TimeCreated": "2022-03-16 10:13:02.974979+00:00", "RecordID": "762", "Level": "4", "UserID": "S-1-5-18", "EventData.User": "S-1-5-21-963789628-1060504924-4285088085-1001", "EventData.TaskId": "PreviewTiles", "EventData.TaskCount": "2"}
