{"EventID": "10", "Channel": "Microsoft-Windows-WindowsSystemAssessmentTool/Operational", "Provider_Name": "Microsoft-Windows-WindowsSystemAssessmentTool", "Computer": "DESKTOP-OFJ6N53", "TimeCreated": "2024-04-14 08:53:06.236988+00:00", "RecordID": "1083", "Level": "4", "UserID": "S-1-5-18", "EventData.PhaseID": "1004"}
{"EventID": "9", "Channel": "Microsoft-Windows-WindowsSystemAssessmentTool/Operational", "Provider_Name": "Microsoft-Windows-WindowsSystemAssessmentTool", "Computer": "DESKTOP-OFJ6N53", "TimeCreated": "2024-04-14 08:53:06.236994+00:00", "RecordID": "1084", "Level": "4", "UserID": "S-1-5-18", "EventData.PhaseID": "130", "EventData.DescriptionSize": "16", "EventData.Description": "Process Results"}
{"EventID": "10", "Channel": "Microsoft-Windows-WindowsSystemAssessmentTool/Operational", "Provider_Name": "Microsoft-Windows-WindowsSystemAssessmentTool", "Computer": "DESKTOP-OFJ6N53", "TimeCreated": "2024-04-14 08:53:06.339901+00:00", "RecordID": "1085", "Level": "4", "UserID": "S-1-5-18", "EventData.PhaseID": "130"}
{"EventID": "9", "Channel": "Microsoft-Windows-WindowsSystemAssessmentTool/Operational", "Provider_Name": "Microsoft-Windows-WindowsSystemAssessmentTool", "Computer": "DESKTOP-OFJ6N53", "TimeCreated": "2024-04-14 08:53:06.339903+00:00", "RecordID": "1086", "Level": "4", "UserID": "S-1-5-18", "EventData.PhaseID": "150", "EventData.DescriptionSize": "17", "EventData.Description": "Cleanup and exit"}
{"EventID": "9", "Channel": "Microsoft-Windows-WindowsSystemAssessmentTool/Operational", "Provider_Name": "Microsoft-Windows-WindowsSystemAssessmentTool", "Computer": "DESKTOP-OFJ6N53", "TimeCreated": "2024-04-14 08:53:06.341236+00:00", "RecordID": "1087", "Level": "4", "UserID": "S-1-5-18", "EventData.PhaseID": "140", "EventData.DescriptionSize": "24", "EventData.Description": "Restore system policies"}
{"EventID": "10", "Channel": "Microsoft-Windows-WindowsSystemAssessmentTool/Operational", "Provider_Name": "Microsoft-Windows-WindowsSystemAssessmentTool", "Computer": "DESKTOP-OFJ6N53", "TimeCreated": "2024-04-14 08:53:06.342619+00:00", "RecordID": "1088", "Level": "4", "UserID": "S-1-5-18", "EventData.PhaseID": "140"}
{"EventID": "3", "Channel": "Microsoft-Windows-WindowsSystemAssessmentTool/Operational", "Provider_Name": "Microsoft-Windows-WindowsSystemAssessmentTool", "Computer": "DESKTOP-OFJ6N53", "TimeCreated": "2024-04-14 08:53:06.345251+00:00", "RecordID": "1089", "Level": "0", "UserID": "S-1-5-18", "EventData.ExitCode": "0"}
{"EventID": "10", "Channel": "Microsoft-Windows-WindowsSystemAssessmentTool/Operational", "Provider_Name": "Microsoft-Windows-WindowsSystemAssessmentTool", "Computer": "DESKTOP-OFJ6N53", "TimeCreated": "2024-04-14 08:53:06.345253+00:00", "RecordID": "1090", "Level": "4", "UserID": "S-1-5-18", "EventData.PhaseID": "150"}
{"EventID": "1", "Channel": "Microsoft-Windows-WindowsSystemAssessmentTool/Operational", "Provider_Name": "Microsoft-Windows-WindowsSystemAssessmentTool", "Computer": "DESKTOP-OFJ6N53", "TimeCreated": "2024-04-14 08:53:07.476091+00:00", "RecordID": "1091", "Level": "0", "UserID": "S-1-5-18", "EventData.StartTimeOfDay": "2024-04-14 08:53:07.475639+00:00"}
{"EventID": "9", "Channel": "Microsoft-Windows-WindowsSystemAssessmentTool/Operational", "Provider_Name": "Microsoft-Windows-WindowsSystemAssessmentTool", "Computer": "DESKTOP-OFJ6N53", "TimeCreated": "2024-04-14 08:53:07.476093+00:00", "RecordID": "1092", "Level": "4", "UserID": "S-1-5-18", "EventData.PhaseID": "10", "EventData.DescriptionSize": "25", "EventData.Description": "Application Intializaton"}
{"EventID": "2", "Channel": "Microsoft-Windows-WindowsSystemAssessmentTool/Operational", "Provider_Name": "Microsoft-Windows-WindowsSystemAssessmentTool", "Computer": "DESKTOP-OFJ6N53", "TimeCreated": "2024-04-14 08:53:07.482714+00:00", "RecordID": "1093", "Level": "0", "UserID": "S-1-5-18", "EventData.CommandLineSize": "45", "EventData.CommandLine": "\"C:\\Windows\\system32\\winsat.exe\" disk -wsswap"}
{"EventID": "9", "Channel": "Microsoft-Windows-WindowsSystemAssessmentTool/Operational", "Provider_Name": "Microsoft-Windows-WindowsSystemAssessmentTool", "Computer": "DESKTOP-OFJ6N53", "TimeCreated": "2024-04-14 08:53:07.483086+00:00", "RecordID": "1094", "Level": "4", "UserID": "S-1-5-18", "EventData.PhaseID": "20", "EventData.DescriptionSize": "23", "EventData.Description": "Modify system policies"}
{"EventID": "10", "Channel": "Microsoft-Windows-WindowsSystemAssessmentTool/Operational", "Provider_Name": "Microsoft-Windows-WindowsSystemAssessmentTool", "Computer": "DESKTOP-OFJ6N53", "TimeCreated": "2024-04-14 08:53:07.485996+00:00", "RecordID": "1095", "Level": "4", "UserID": "S-1-5-18", "EventData.PhaseID": "20"}
{"EventID": "10", "Channel": "Microsoft-Windows-WindowsSystemAssessmentTool/Operational", "Provider_Name": "Microsoft-Windows-WindowsSystemAssessmentTool", "Computer": "DESKTOP-OFJ6N53", "TimeCreated": "2024-04-14 08:53:07.485998+00:00", "RecordID": "1096", "Level": "4", "UserID": "S-1-5-18", "EventData.PhaseID": "10"}
{"EventID": "9", "Channel": "Microsoft-Windows-WindowsSystemAssessmentTool/Operational", "Provider_Name": "Microsoft-Windows-WindowsSystemAssessmentTool", "Computer": "DESKTOP-OFJ6N53", "TimeCreated": "2024-04-14 08:53:07.486000+00:00", "RecordID": "1097", "Level": "4", "UserID": "S-1-5-18", "EventData.PhaseID": "30", "EventData.DescriptionSize": "19", "EventData.Description": "Gathering Key Info"}
{"EventID": "9", "Channel": "Microsoft-Windows-WindowsSystemAssessmentTool/Operational", "Provider_Name": "Microsoft-Windows-WindowsSystemAssessmentTool", "Computer": "DESKTOP-OFJ6N53", "TimeCreated": "2024-04-14 08:53:07.486006+00:00", "RecordID": "1098", "Level": "4", "UserID": "S-1-5-18", "EventData.PhaseID": "40", "EventData.DescriptionSize": "23", "EventData.Description": "Gather CPU information"}
{"EventID": "10", "Channel": "Microsoft-Windows-WindowsSystemAssessmentTool/Operational", "Provider_Name": "Microsoft-Windows-WindowsSystemAssessmentTool", "Computer": "DESKTOP-OFJ6N53", "TimeCreated": "2024-04-14 08:53:07.486071+00:00", "RecordID": "1099", "Level": "4", "UserID": "S-1-5-18", "EventData.PhaseID": "40"}
{"EventID": "10", "Channel": "Microsoft-Windows-WindowsSystemAssessmentTool/Operational", "Provider_Name": "Microsoft-Windows-WindowsSystemAssessmentTool", "Computer": "DESKTOP-OFJ6N53", "TimeCreated": "2024-04-14 08:53:07.486073+00:00", "RecordID": "1100", "Level": "4", "UserID": "S-1-5-18", "EventData.PhaseID": "30"}
{"EventID": "9", "Channel": "Microsoft-Windows-WindowsSystemAssessmentTool/Operational", "Provider_Name": "Microsoft-Windows-WindowsSystemAssessmentTool", "Computer": "DESKTOP-OFJ6N53", "TimeCreated": "2024-04-14 08:53:07.489189+00:00", "RecordID": "1101", "Level": "4", "UserID": "S-1-5-18", "EventData.PhaseID": "1004", "EventData.DescriptionSize": "40", "EventData.Description": "Run Assessment, disk, -wsswap -drive C:"}
{"EventID": "10", "Channel": "Microsoft-Windows-WindowsSystemAssessmentTool/Operational", "Provider_Name": "Microsoft-Windows-WindowsSystemAssessmentTool", "Computer": "DESKTOP-OFJ6N53", "TimeCreated": "2024-04-14 08:53:07.950245+00:00", "RecordID": "1102", "Level": "4", "UserID": "S-1-5-18", "EventData.PhaseID": "1004"}
{"EventID": "9", "Channel": "Microsoft-Windows-WindowsSystemAssessmentTool/Operational", "Provider_Name": "Microsoft-Windows-WindowsSystemAssessmentTool", "Computer": "DESKTOP-OFJ6N53", "TimeCreated": "2024-04-14 08:53:07.950249+00:00", "RecordID": "1103", "Level": "4", "UserID": "S-1-5-18", "EventData.PhaseID": "130", "EventData.DescriptionSize": "16", "EventData.Description": "Process Results"}
{"EventID": "10", "Channel": "Microsoft-Windows-WindowsSystemAssessmentTool/Operational", "Provider_Name": "Microsoft-Windows-WindowsSystemAssessmentTool", "Computer": "DESKTOP-OFJ6N53", "TimeCreated": "2024-04-14 08:53:07.975952+00:00", "RecordID": "1104", "Level": "4", "UserID": "S-1-5-18", "EventData.PhaseID": "130"}
{"EventID": "9", "Channel": "Microsoft-Windows-WindowsSystemAssessmentTool/Operational", "Provider_Name": "Microsoft-Windows-WindowsSystemAssessmentTool", "Computer": "DESKTOP-OFJ6N53", "TimeCreated": "2024-04-14 08:53:07.975956+00:00", "RecordID": "1105", "Level": "4", "UserID": "S-1-5-18", "EventData.PhaseID": "150", "EventData.DescriptionSize": "17", "EventData.Description": "Cleanup and exit"}
{"EventID": "9", "Channel": "Microsoft-Windows-WindowsSystemAssessmentTool/Operational", "Provider_Name": "Microsoft-Windows-WindowsSystemAssessmentTool", "Computer": "DESKTOP-OFJ6N53", "TimeCreated": "2024-04-14 08:53:07.976585+00:00", "RecordID": "1106", "Level": "4", "UserID": "S-1-5-18", "EventData.PhaseID": "140", "EventData.DescriptionSize": "24", "EventData.Description": "Restore system policies"}
{"EventID": "10", "Channel": "Microsoft-Windows-WindowsSystemAssessmentTool/Operational", "Provider_Name": "Microsoft-Windows-WindowsSystemAssessmentTool", "Computer": "DESKTOP-OFJ6N53", "TimeCreated": "2024-04-14 08:53:07.977695+00:00", "RecordID": "1107", "Level": "4", "UserID": "S-1-5-18", "EventData.PhaseID": "140"}
{"EventID": "3", "Channel": "Microsoft-Windows-WindowsSystemAssessmentTool/Operational", "Provider_Name": "Microsoft-Windows-WindowsSystemAssessmentTool", "Computer": "DESKTOP-OFJ6N53", "TimeCreated": "2024-04-14 08:53:07.979111+00:00", "RecordID": "1108", "Level": "0", "UserID": "S-1-5-18", "EventData.ExitCode": "0"}
{"EventID": "10", "Channel": "Microsoft-Windows-WindowsSystemAssessmentTool/Operational", "Provider_Name": "Microsoft-Windows-WindowsSystemAssessmentTool", "Computer": "DESKTOP-OFJ6N53", "TimeCreated": "2024-04-14 08:53:07.979111+00:00", "RecordID": "1109", "Level": "4", "UserID": "S-1-5-18", "EventData.PhaseID": "150"}
{"EventID": "1", "Channel": "Microsoft-Windows-WindowsSystemAssessmentTool/Operational", "Provider_Name": "Microsoft-Windows-WindowsSystemAssessmentTool", "Computer": "DESKTOP-OFJ6N53", "TimeCreated": "2024-05-14 09:31:10.177498+00:00", "RecordID": "1110", "Level": "0", "UserID": "S-1-5-18", "EventData.StartTimeOfDay": "2024-05-14 09:31:10.176765+00:00"}
{"EventID": "9", "Channel": "Microsoft-Windows-WindowsSystemAssessmentTool/Operational", "Provider_Name": "Microsoft-Windows-WindowsSystemAssessmentTool", "Computer": "DESKTOP-OFJ6N53", "TimeCreated": "2024-05-14 09:31:10.177502+00:00", "RecordID": "1111", "Level": "4", "UserID": "S-1-5-18", "EventData.PhaseID": "10", "EventData.DescriptionSize": "25", "EventData.Description": "Application Intializaton"}
{"EventID": "2", "Channel": "Microsoft-Windows-WindowsSystemAssessmentTool/Operational", "Provider_Name": "Microsoft-Windows-WindowsSystemAssessmentTool", "Computer": "DESKTOP-OFJ6N53", "TimeCreated": "2024-05-14 09:31:10.186275+00:00", "RecordID": "1112", "Level": "0", "UserID": "S-1-5-18", "EventData.CommandLineSize": "45", "EventData.CommandLine": "\"C:\\Windows\\system32\\winsat.exe\" disk -wsswap"}
{"EventID": "9", "Channel": "Microsoft-Windows-WindowsSystemAssessmentTool/Operational", "Provider_Name": "Microsoft-Windows-WindowsSystemAssessmentTool", "Computer": "DESKTOP-OFJ6N53", "TimeCreated": "2024-05-14 09:31:10.186710+00:00", "RecordID": "1113", "Level": "4", "UserID": "S-1-5-18", "EventData.PhaseID": "20", "EventData.DescriptionSize": "23", "EventData.Description": "Modify system policies"}
{"EventID": "10", "Channel": "Microsoft-Windows-WindowsSystemAssessmentTool/Operational", "Provider_Name": "Microsoft-Windows-WindowsSystemAssessmentTool", "Computer": "DESKTOP-OFJ6N53", "TimeCreated": "2024-05-14 09:31:10.195082+00:00", "RecordID": "1114", "Level": "4", "UserID": "S-1-5-18", "EventData.PhaseID": "20"}
{"EventID": "10", "Channel": "Microsoft-Windows-WindowsSystemAssessmentTool/Operational", "Provider_Name": "Microsoft-Windows-WindowsSystemAssessmentTool", "Computer": "DESKTOP-OFJ6N53", "TimeCreated": "2024-05-14 09:31:10.195084+00:00", "RecordID": "1115", "Level": "4", "UserID": "S-1-5-18", "EventData.PhaseID": "10"}
{"EventID": "9", "Channel": "Microsoft-Windows-WindowsSystemAssessmentTool/Operational", "Provider_Name": "Microsoft-Windows-WindowsSystemAssessmentTool", "Computer": "DESKTOP-OFJ6N53", "TimeCreated": "2024-05-14 09:31:10.195084+00:00", "RecordID": "1116", "Level": "4", "UserID": "S-1-5-18", "EventData.PhaseID": "30", "EventData.DescriptionSize": "19", "EventData.Description": "Gathering Key Info"}
{"EventID": "9", "Channel": "Microsoft-Windows-WindowsSystemAssessmentTool/Operational", "Provider_Name": "Microsoft-Windows-WindowsSystemAssessmentTool", "Computer": "DESKTOP-OFJ6N53", "TimeCreated": "2024-05-14 09:31:10.195457+00:00", "RecordID": "1117", "Level": "4", "UserID": "S-1-5-18", "EventData.PhaseID": "40", "EventData.DescriptionSize": "23", "EventData.Description": "Gather CPU information"}
{"EventID": "10", "Channel": "Microsoft-Windows-WindowsSystemAssessmentTool/Operational", "Provider_Name": "Microsoft-Windows-WindowsSystemAssessmentTool", "Computer": "DESKTOP-OFJ6N53", "TimeCreated": "2024-05-14 09:31:10.195553+00:00", "RecordID": "1118", "Level": "4", "UserID": "S-1-5-18", "EventData.PhaseID": "40"}
{"EventID": "10", "Channel": "Microsoft-Windows-WindowsSystemAssessmentTool/Operational", "Provider_Name": "Microsoft-Windows-WindowsSystemAssessmentTool", "Computer": "DESKTOP-OFJ6N53", "TimeCreated": "2024-05-14 09:31:10.195555+00:00", "RecordID": "1119", "Level": "4", "UserID": "S-1-5-18", "EventData.PhaseID": "30"}
{"EventID": "9", "Channel": "Microsoft-Windows-WindowsSystemAssessmentTool/Operational", "Provider_Name": "Microsoft-Windows-WindowsSystemAssessmentTool", "Computer": "DESKTOP-OFJ6N53", "TimeCreated": "2024-05-14 09:31:10.199371+00:00", "RecordID": "1120", "Level": "4", "UserID": "S-1-5-18", "EventData.PhaseID": "1004", "EventData.DescriptionSize": "40", "EventData.Description": "Run Assessment, disk, -wsswap -drive C:"}
{"EventID": "10", "Channel": "Microsoft-Windows-WindowsSystemAssessmentTool/Operational", "Provider_Name": "Microsoft-Windows-WindowsSystemAssessmentTool", "Computer": "DESKTOP-OFJ6N53", "TimeCreated": "2024-05-14 09:31:12.434134+00:00", "RecordID": "1121", "Level": "4", "UserID": "S-1-5-18", "EventData.PhaseID": "1004"}
{"EventID": "9", "Channel": "Microsoft-Windows-WindowsSystemAssessmentTool/Operational", "Provider_Name": "Microsoft-Windows-WindowsSystemAssessmentTool", "Computer": "DESKTOP-OFJ6N53", "TimeCreated": "2024-05-14 09:31:12.434139+00:00", "RecordID": "1122", "Level": "4", "UserID": "S-1-5-18", "EventData.PhaseID": "130", "EventData.DescriptionSize": "16", "EventData.Description": "Process Results"}
{"EventID": "10", "Channel": "Microsoft-Windows-WindowsSystemAssessmentTool/Operational", "Provider_Name": "Microsoft-Windows-WindowsSystemAssessmentTool", "Computer": "DESKTOP-OFJ6N53", "TimeCreated": "2024-05-14 09:31:12.782999+00:00", "RecordID": "1123", "Level": "4", "UserID": "S-1-5-18", "EventData.PhaseID": "130"}
{"EventID": "9", "Channel": "Microsoft-Windows-WindowsSystemAssessmentTool/Operational", "Provider_Name": "Microsoft-Windows-WindowsSystemAssessmentTool", "Computer": "DESKTOP-OFJ6N53", "TimeCreated": "2024-05-14 09:31:12.783003+00:00", "RecordID": "1124", "Level": "4", "UserID": "S-1-5-18", "EventData.PhaseID": "150", "EventData.DescriptionSize": "17", "EventData.Description": "Cleanup and exit"}
{"EventID": "9", "Channel": "Microsoft-Windows-WindowsSystemAssessmentTool/Operational", "Provider_Name": "Microsoft-Windows-WindowsSystemAssessmentTool", "Computer": "DESKTOP-OFJ6N53", "TimeCreated": "2024-05-14 09:31:12.783985+00:00", "RecordID": "1125", "Level": "4", "UserID": "S-1-5-18", "EventData.PhaseID": "140", "EventData.DescriptionSize": "24", "EventData.Description": "Restore system policies"}
{"EventID": "10", "Channel": "Microsoft-Windows-WindowsSystemAssessmentTool/Operational", "Provider_Name": "Microsoft-Windows-WindowsSystemAssessmentTool", "Computer": "DESKTOP-OFJ6N53", "TimeCreated": "2024-05-14 09:31:12.786531+00:00", "RecordID": "1126", "Level": "4", "UserID": "S-1-5-18", "EventData.PhaseID": "140"}
{"EventID": "3", "Channel": "Microsoft-Windows-WindowsSystemAssessmentTool/Operational", "Provider_Name": "Microsoft-Windows-WindowsSystemAssessmentTool", "Computer": "DESKTOP-OFJ6N53", "TimeCreated": "2024-05-14 09:31:12.788260+00:00", "RecordID": "1127", "Level": "0", "UserID": "S-1-5-18", "EventData.ExitCode": "0"}
{"EventID": "10", "Channel": "Microsoft-Windows-WindowsSystemAssessmentTool/Operational", "Provider_Name": "Microsoft-Windows-WindowsSystemAssessmentTool", "Computer": "DESKTOP-OFJ6N53", "TimeCreated": "2024-05-14 09:31:12.788261+00:00", "RecordID": "1128", "Level": "4", "UserID": "S-1-5-18", "EventData.PhaseID": "150"}
{"EventID": "1", "Channel": "Microsoft-Windows-WindowsSystemAssessmentTool/Operational", "Provider_Name": "Microsoft-Windows-WindowsSystemAssessmentTool", "Computer": "DESKTOP-OFJ6N53", "TimeCreated": "2024-05-14 09:31:40.274185+00:00", "RecordID": "1129", "Level": "0", "UserID": "S-1-5-18", "EventData.StartTimeOfDay": "2024-05-14 09:31:40.274010+00:00"}
{"EventID": "9", "Channel": "Microsoft-Windows-WindowsSystemAssessmentTool/Operational", "Provider_Name": "Microsoft-Windows-WindowsSystemAssessmentTool", "Computer": "DESKTOP-OFJ6N53", "TimeCreated": "2024-05-14 09:31:40.274189+00:00", "RecordID": "1130", "Level": "4", "UserID": "S-1-5-18", "EventData.PhaseID": "10", "EventData.DescriptionSize": "25", "EventData.Description": "Application Intializaton"}
{"EventID": "2", "Channel": "Microsoft-Windows-WindowsSystemAssessmentTool/Operational", "Provider_Name": "Microsoft-Windows-WindowsSystemAssessmentTool", "Computer": "DESKTOP-OFJ6N53", "TimeCreated": "2024-05-14 09:31:40.283295+00:00", "RecordID": "1131", "Level": "0", "UserID": "S-1-5-18", "EventData.CommandLineSize": "45", "EventData.CommandLine": "\"C:\\Windows\\system32\\winsat.exe\" disk -wsswap"}
{"EventID": "9", "Channel": "Microsoft-Windows-WindowsSystemAssessmentTool/Operational", "Provider_Name": "Microsoft-Windows-WindowsSystemAssessmentTool", "Computer": "DESKTOP-OFJ6N53", "TimeCreated": "2024-05-14 09:31:40.283760+00:00", "RecordID": "1132", "Level": "4", "UserID": "S-1-5-18", "EventData.PhaseID": "20", "EventData.DescriptionSize": "23", "EventData.Description": "Modify system policies"}
{"EventID": "10", "Channel": "Microsoft-Windows-WindowsSystemAssessmentTool/Operational", "Provider_Name": "Microsoft-Windows-WindowsSystemAssessmentTool", "Computer": "DESKTOP-OFJ6N53", "TimeCreated": "2024-05-14 09:31:40.287819+00:00", "RecordID": "1133", "Level": "4", "UserID": "S-1-5-18", "EventData.PhaseID": "20"}
{"EventID": "10", "Channel": "Microsoft-Windows-WindowsSystemAssessmentTool/Operational", "Provider_Name": "Microsoft-Windows-WindowsSystemAssessmentTool", "Computer": "DESKTOP-OFJ6N53", "TimeCreated": "2024-05-14 09:31:40.287823+00:00", "RecordID": "1134", "Level": "4", "UserID": "S-1-5-18", "EventData.PhaseID": "10"}
{"EventID": "9", "Channel": "Microsoft-Windows-WindowsSystemAssessmentTool/Operational", "Provider_Name": "Microsoft-Windows-WindowsSystemAssessmentTool", "Computer": "DESKTOP-OFJ6N53", "TimeCreated": "2024-05-14 09:31:40.287823+00:00", "RecordID": "1135", "Level": "4", "UserID": "S-1-5-18", "EventData.PhaseID": "30", "EventData.DescriptionSize": "19", "EventData.Description": "Gathering Key Info"}
{"EventID": "9", "Channel": "Microsoft-Windows-WindowsSystemAssessmentTool/Operational", "Provider_Name": "Microsoft-Windows-WindowsSystemAssessmentTool", "Computer": "DESKTOP-OFJ6N53", "TimeCreated": "2024-05-14 09:31:40.287830+00:00", "RecordID": "1136", "Level": "4", "UserID": "S-1-5-18", "EventData.PhaseID": "40", "EventData.DescriptionSize": "23", "EventData.Description": "Gather CPU information"}
{"EventID": "10", "Channel": "Microsoft-Windows-WindowsSystemAssessmentTool/Operational", "Provider_Name": "Microsoft-Windows-WindowsSystemAssessmentTool", "Computer": "DESKTOP-OFJ6N53", "TimeCreated": "2024-05-14 09:31:40.287922+00:00", "RecordID": "1137", "Level": "4", "UserID": "S-1-5-18", "EventData.PhaseID": "40"}
{"EventID": "10", "Channel": "Microsoft-Windows-WindowsSystemAssessmentTool/Operational", "Provider_Name": "Microsoft-Windows-WindowsSystemAssessmentTool", "Computer": "DESKTOP-OFJ6N53", "TimeCreated": "2024-05-14 09:31:40.287922+00:00", "RecordID": "1138", "Level": "4", "UserID": "S-1-5-18", "EventData.PhaseID": "30"}
{"EventID": "9", "Channel": "Microsoft-Windows-WindowsSystemAssessmentTool/Operational", "Provider_Name": "Microsoft-Windows-WindowsSystemAssessmentTool", "Computer": "DESKTOP-OFJ6N53", "TimeCreated": "2024-05-14 09:31:40.289919+00:00", "RecordID": "1139", "Level": "4", "UserID": "S-1-5-18", "EventData.PhaseID": "1004", "EventData.DescriptionSize": "40", "EventData.Description": "Run Assessment, disk, -wsswap -drive C:"}
{"EventID": "10", "Channel": "Microsoft-Windows-WindowsSystemAssessmentTool/Operational", "Provider_Name": "Microsoft-Windows-WindowsSystemAssessmentTool", "Computer": "DESKTOP-OFJ6N53", "TimeCreated": "2024-05-14 09:31:42.734167+00:00", "RecordID": "1140", "Level": "4", "UserID": "S-1-5-18", "EventData.PhaseID": "1004"}
{"EventID": "9", "Channel": "Microsoft-Windows-WindowsSystemAssessmentTool/Operational", "Provider_Name": "Microsoft-Windows-WindowsSystemAssessmentTool", "Computer": "DESKTOP-OFJ6N53", "TimeCreated": "2024-05-14 09:31:42.734180+00:00", "RecordID": "1141", "Level": "4", "UserID": "S-1-5-18", "EventData.PhaseID": "130", "EventData.DescriptionSize": "16", "EventData.Description": "Process Results"}
{"EventID": "10", "Channel": "Microsoft-Windows-WindowsSystemAssessmentTool/Operational", "Provider_Name": "Microsoft-Windows-WindowsSystemAssessmentTool", "Computer": "DESKTOP-OFJ6N53", "TimeCreated": "2024-05-14 09:31:42.750237+00:00", "RecordID": "1142", "Level": "4", "UserID": "S-1-5-18", "EventData.PhaseID": "130"}
{"EventID": "9", "Channel": "Microsoft-Windows-WindowsSystemAssessmentTool/Operational", "Provider_Name": "Microsoft-Windows-WindowsSystemAssessmentTool", "Computer": "DESKTOP-OFJ6N53", "TimeCreated": "2024-05-14 09:31:42.750240+00:00", "RecordID": "1143", "Level": "4", "UserID": "S-1-5-18", "EventData.PhaseID": "150", "EventData.DescriptionSize": "17", "EventData.Description": "Cleanup and exit"}
{"EventID": "9", "Channel": "Microsoft-Windows-WindowsSystemAssessmentTool/Operational", "Provider_Name": "Microsoft-Windows-WindowsSystemAssessmentTool", "Computer": "DESKTOP-OFJ6N53", "TimeCreated": "2024-05-14 09:31:42.750957+00:00", "RecordID": "1144", "Level": "4", "UserID": "S-1-5-18", "EventData.PhaseID": "140", "EventData.DescriptionSize": "24", "EventData.Description": "Restore system policies"}
{"EventID": "10", "Channel": "Microsoft-Windows-WindowsSystemAssessmentTool/Operational", "Provider_Name": "Microsoft-Windows-WindowsSystemAssessmentTool", "Computer": "DESKTOP-OFJ6N53", "TimeCreated": "2024-05-14 09:31:42.752682+00:00", "RecordID": "1145", "Level": "4", "UserID": "S-1-5-18", "EventData.PhaseID": "140"}
{"EventID": "3", "Channel": "Microsoft-Windows-WindowsSystemAssessmentTool/Operational", "Provider_Name": "Microsoft-Windows-WindowsSystemAssessmentTool", "Computer": "DESKTOP-OFJ6N53", "TimeCreated": "2024-05-14 09:31:42.754309+00:00", "RecordID": "1146", "Level": "0", "UserID": "S-1-5-18", "EventData.ExitCode": "0"}
{"EventID": "10", "Channel": "Microsoft-Windows-WindowsSystemAssessmentTool/Operational", "Provider_Name": "Microsoft-Windows-WindowsSystemAssessmentTool", "Computer": "DESKTOP-OFJ6N53", "TimeCreated": "2024-05-14 09:31:42.754311+00:00", "RecordID": "1147", "Level": "4", "UserID": "S-1-5-18", "EventData.PhaseID": "150"}
{"EventID": "1", "Channel": "Microsoft-Windows-WindowsSystemAssessmentTool/Operational", "Provider_Name": "Microsoft-Windows-WindowsSystemAssessmentTool", "Computer": "DESKTOP-OFJ6N53", "TimeCreated": "2024-05-20 09:41:36.989380+00:00", "RecordID": "1148", "Level": "0", "UserID": "S-1-5-18", "EventData.StartTimeOfDay": "2024-05-20 09:41:36.974295+00:00"}
{"EventID": "9", "Channel": "Microsoft-Windows-WindowsSystemAssessmentTool/Operational", "Provider_Name": "Microsoft-Windows-WindowsSystemAssessmentTool", "Computer": "DESKTOP-OFJ6N53", "TimeCreated": "2024-05-20 09:41:36.989382+00:00", "RecordID": "1149", "Level": "4", "UserID": "S-1-5-18", "EventData.PhaseID": "10", "EventData.DescriptionSize": "25", "EventData.Description": "Application Intializaton"}
{"EventID": "2", "Channel": "Microsoft-Windows-WindowsSystemAssessmentTool/Operational", "Provider_Name": "Microsoft-Windows-WindowsSystemAssessmentTool", "Computer": "DESKTOP-OFJ6N53", "TimeCreated": "2024-05-20 09:41:36.999784+00:00", "RecordID": "1150", "Level": "0", "UserID": "S-1-5-18", "EventData.CommandLineSize": "45", "EventData.CommandLine": "\"C:\\Windows\\system32\\winsat.exe\" disk -wsswap"}
{"EventID": "9", "Channel": "Microsoft-Windows-WindowsSystemAssessmentTool/Operational", "Provider_Name": "Microsoft-Windows-WindowsSystemAssessmentTool", "Computer": "DESKTOP-OFJ6N53", "TimeCreated": "2024-05-20 09:41:37.000278+00:00", "RecordID": "1151", "Level": "4", "UserID": "S-1-5-18", "EventData.PhaseID": "20", "EventData.DescriptionSize": "23", "EventData.Description": "Modify system policies"}
{"EventID": "10", "Channel": "Microsoft-Windows-WindowsSystemAssessmentTool/Operational", "Provider_Name": "Microsoft-Windows-WindowsSystemAssessmentTool", "Computer": "DESKTOP-OFJ6N53", "TimeCreated": "2024-05-20 09:41:37.006659+00:00", "RecordID": "1152", "Level": "4", "UserID": "S-1-5-18", "EventData.PhaseID": "20"}
{"EventID": "10", "Channel": "Microsoft-Windows-WindowsSystemAssessmentTool/Operational", "Provider_Name": "Microsoft-Windows-WindowsSystemAssessmentTool", "Computer": "DESKTOP-OFJ6N53", "TimeCreated": "2024-05-20 09:41:37.006660+00:00", "RecordID": "1153", "Level": "4", "UserID": "S-1-5-18", "EventData.PhaseID": "10"}
{"EventID": "9", "Channel": "Microsoft-Windows-WindowsSystemAssessmentTool/Operational", "Provider_Name": "Microsoft-Windows-WindowsSystemAssessmentTool", "Computer": "DESKTOP-OFJ6N53", "TimeCreated": "2024-05-20 09:41:37.006664+00:00", "RecordID": "1154", "Level": "4", "UserID": "S-1-5-18", "EventData.PhaseID": "30", "EventData.DescriptionSize": "19", "EventData.Description": "Gathering Key Info"}
{"EventID": "9", "Channel": "Microsoft-Windows-WindowsSystemAssessmentTool/Operational", "Provider_Name": "Microsoft-Windows-WindowsSystemAssessmentTool", "Computer": "DESKTOP-OFJ6N53", "TimeCreated": "2024-05-20 09:41:37.007502+00:00", "RecordID": "1155", "Level": "4", "UserID": "S-1-5-18", "EventData.PhaseID": "40", "EventData.DescriptionSize": "23", "EventData.Description": "Gather CPU information"}
{"EventID": "10", "Channel": "Microsoft-Windows-WindowsSystemAssessmentTool/Operational", "Provider_Name": "Microsoft-Windows-WindowsSystemAssessmentTool", "Computer": "DESKTOP-OFJ6N53", "TimeCreated": "2024-05-20 09:41:37.007627+00:00", "RecordID": "1156", "Level": "4", "UserID": "S-1-5-18", "EventData.PhaseID": "40"}
{"EventID": "10", "Channel": "Microsoft-Windows-WindowsSystemAssessmentTool/Operational", "Provider_Name": "Microsoft-Windows-WindowsSystemAssessmentTool", "Computer": "DESKTOP-OFJ6N53", "TimeCreated": "2024-05-20 09:41:37.007629+00:00", "RecordID": "1157", "Level": "4", "UserID": "S-1-5-18", "EventData.PhaseID": "30"}
{"EventID": "9", "Channel": "Microsoft-Windows-WindowsSystemAssessmentTool/Operational", "Provider_Name": "Microsoft-Windows-WindowsSystemAssessmentTool", "Computer": "DESKTOP-OFJ6N53", "TimeCreated": "2024-05-20 09:41:37.164936+00:00", "RecordID": "1158", "Level": "4", "UserID": "S-1-5-18", "EventData.PhaseID": "1004", "EventData.DescriptionSize": "40", "EventData.Description": "Run Assessment, disk, -wsswap -drive C:"}
{"EventID": "10", "Channel": "Microsoft-Windows-WindowsSystemAssessmentTool/Operational", "Provider_Name": "Microsoft-Windows-WindowsSystemAssessmentTool", "Computer": "DESKTOP-OFJ6N53", "TimeCreated": "2024-05-20 09:41:38.877941+00:00", "RecordID": "1159", "Level": "4", "UserID": "S-1-5-18", "EventData.PhaseID": "1004"}
{"EventID": "9", "Channel": "Microsoft-Windows-WindowsSystemAssessmentTool/Operational", "Provider_Name": "Microsoft-Windows-WindowsSystemAssessmentTool", "Computer": "DESKTOP-OFJ6N53", "TimeCreated": "2024-05-20 09:41:38.877947+00:00", "RecordID": "1160", "Level": "4", "UserID": "S-1-5-18", "EventData.PhaseID": "130", "EventData.DescriptionSize": "16", "EventData.Description": "Process Results"}
{"EventID": "10", "Channel": "Microsoft-Windows-WindowsSystemAssessmentTool/Operational", "Provider_Name": "Microsoft-Windows-WindowsSystemAssessmentTool", "Computer": "DESKTOP-OFJ6N53", "TimeCreated": "2024-05-20 09:41:38.930088+00:00", "RecordID": "1161", "Level": "4", "UserID": "S-1-5-18", "EventData.PhaseID": "130"}
{"EventID": "9", "Channel": "Microsoft-Windows-WindowsSystemAssessmentTool/Operational", "Provider_Name": "Microsoft-Windows-WindowsSystemAssessmentTool", "Computer": "DESKTOP-OFJ6N53", "TimeCreated": "2024-05-20 09:41:38.930090+00:00", "RecordID": "1162", "Level": "4", "UserID": "S-1-5-18", "EventData.PhaseID": "150", "EventData.DescriptionSize": "17", "EventData.Description": "Cleanup and exit"}
{"EventID": "9", "Channel": "Microsoft-Windows-WindowsSystemAssessmentTool/Operational", "Provider_Name": "Microsoft-Windows-WindowsSystemAssessmentTool", "Computer": "DESKTOP-OFJ6N53", "TimeCreated": "2024-05-20 09:41:38.931986+00:00", "RecordID": "1163", "Level": "4", "UserID": "S-1-5-18", "EventData.PhaseID": "140", "EventData.DescriptionSize": "24", "EventData.Description": "Restore system policies"}
{"EventID": "10", "Channel": "Microsoft-Windows-WindowsSystemAssessmentTool/Operational", "Provider_Name": "Microsoft-Windows-WindowsSystemAssessmentTool", "Computer": "DESKTOP-OFJ6N53", "TimeCreated": "2024-05-20 09:41:38.933512+00:00", "RecordID": "1164", "Level": "4", "UserID": "S-1-5-18", "EventData.PhaseID": "140"}
{"EventID": "3", "Channel": "Microsoft-Windows-WindowsSystemAssessmentTool/Operational", "Provider_Name": "Microsoft-Windows-WindowsSystemAssessmentTool", "Computer": "DESKTOP-OFJ6N53", "TimeCreated": "2024-05-20 09:41:38.936565+00:00", "RecordID": "1165", "Level": "0", "UserID": "S-1-5-18", "EventData.ExitCode": "0"}
{"EventID": "10", "Channel": "Microsoft-Windows-WindowsSystemAssessmentTool/Operational", "Provider_Name": "Microsoft-Windows-WindowsSystemAssessmentTool", "Computer": "DESKTOP-OFJ6N53", "TimeCreated": "2024-05-20 09:41:38.936569+00:00", "RecordID": "1166", "Level": "4", "UserID": "S-1-5-18", "EventData.PhaseID": "150"}
{"EventID": "1", "Channel": "Microsoft-Windows-WindowsSystemAssessmentTool/Operational", "Provider_Name": "Microsoft-Windows-WindowsSystemAssessmentTool", "Computer": "DESKTOP-OFJ6N53", "TimeCreated": "2024-06-13 09:56:55.898375+00:00", "RecordID": "1167", "Level": "0", "UserID": "S-1-5-18", "EventData.StartTimeOfDay": "2024-06-13 09:56:55.886520+00:00"}
{"EventID": "9", "Channel": "Microsoft-Windows-WindowsSystemAssessmentTool/Operational", "Provider_Name": "Microsoft-Windows-WindowsSystemAssessmentTool", "Computer": "DESKTOP-OFJ6N53", "TimeCreated": "2024-06-13 09:56:55.898376+00:00", "RecordID": "1168", "Level": "4", "UserID": "S-1-5-18", "EventData.PhaseID": "10", "EventData.DescriptionSize": "25", "EventData.Description": "Application Intializaton"}
{"EventID": "2", "Channel": "Microsoft-Windows-WindowsSystemAssessmentTool/Operational", "Provider_Name": "Microsoft-Windows-WindowsSystemAssessmentTool", "Computer": "DESKTOP-OFJ6N53", "TimeCreated": "2024-06-13 09:56:55.905027+00:00", "RecordID": "1169", "Level": "0", "UserID": "S-1-5-18", "EventData.CommandLineSize": "45", "EventData.CommandLine": "\"C:\\Windows\\system32\\winsat.exe\" disk -wsswap"}
{"EventID": "9", "Channel": "Microsoft-Windows-WindowsSystemAssessmentTool/Operational", "Provider_Name": "Microsoft-Windows-WindowsSystemAssessmentTool", "Computer": "DESKTOP-OFJ6N53", "TimeCreated": "2024-06-13 09:56:55.905401+00:00", "RecordID": "1170", "Level": "4", "UserID": "S-1-5-18", "EventData.PhaseID": "20", "EventData.DescriptionSize": "23", "EventData.Description": "Modify system policies"}
{"EventID": "10", "Channel": "Microsoft-Windows-WindowsSystemAssessmentTool/Operational", "Provider_Name": "Microsoft-Windows-WindowsSystemAssessmentTool", "Computer": "DESKTOP-OFJ6N53", "TimeCreated": "2024-06-13 09:56:55.909748+00:00", "RecordID": "1171", "Level": "4", "UserID": "S-1-5-18", "EventData.PhaseID": "20"}
{"EventID": "10", "Channel": "Microsoft-Windows-WindowsSystemAssessmentTool/Operational", "Provider_Name": "Microsoft-Windows-WindowsSystemAssessmentTool", "Computer": "DESKTOP-OFJ6N53", "TimeCreated": "2024-06-13 09:56:55.909750+00:00", "RecordID": "1172", "Level": "4", "UserID": "S-1-5-18", "EventData.PhaseID": "10"}
{"EventID": "9", "Channel": "Microsoft-Windows-WindowsSystemAssessmentTool/Operational", "Provider_Name": "Microsoft-Windows-WindowsSystemAssessmentTool", "Computer": "DESKTOP-OFJ6N53", "TimeCreated": "2024-06-13 09:56:55.909750+00:00", "RecordID": "1173", "Level": "4", "UserID": "S-1-5-18", "EventData.PhaseID": "30", "EventData.DescriptionSize": "19", "EventData.Description": "Gathering Key Info"}
{"EventID": "9", "Channel": "Microsoft-Windows-WindowsSystemAssessmentTool/Operational", "Provider_Name": "Microsoft-Windows-WindowsSystemAssessmentTool", "Computer": "DESKTOP-OFJ6N53", "TimeCreated": "2024-06-13 09:56:55.909931+00:00", "RecordID": "1174", "Level": "4", "UserID": "S-1-5-18", "EventData.PhaseID": "40", "EventData.DescriptionSize": "23", "EventData.Description": "Gather CPU information"}
{"EventID": "10", "Channel": "Microsoft-Windows-WindowsSystemAssessmentTool/Operational", "Provider_Name": "Microsoft-Windows-WindowsSystemAssessmentTool", "Computer": "DESKTOP-OFJ6N53", "TimeCreated": "2024-06-13 09:56:55.910006+00:00", "RecordID": "1175", "Level": "4", "UserID": "S-1-5-18", "EventData.PhaseID": "40"}
{"EventID": "10", "Channel": "Microsoft-Windows-WindowsSystemAssessmentTool/Operational", "Provider_Name": "Microsoft-Windows-WindowsSystemAssessmentTool", "Computer": "DESKTOP-OFJ6N53", "TimeCreated": "2024-06-13 09:56:55.910007+00:00", "RecordID": "1176", "Level": "4", "UserID": "S-1-5-18", "EventData.PhaseID": "30"}
{"EventID": "9", "Channel": "Microsoft-Windows-WindowsSystemAssessmentTool/Operational", "Provider_Name": "Microsoft-Windows-WindowsSystemAssessmentTool", "Computer": "DESKTOP-OFJ6N53", "TimeCreated": "2024-06-13 09:56:55.912296+00:00", "RecordID": "1177", "Level": "4", "UserID": "S-1-5-18", "EventData.PhaseID": "1004", "EventData.DescriptionSize": "40", "EventData.Description": "Run Assessment, disk, -wsswap -drive C:"}
{"EventID": "10", "Channel": "Microsoft-Windows-WindowsSystemAssessmentTool/Operational", "Provider_Name": "Microsoft-Windows-WindowsSystemAssessmentTool", "Computer": "DESKTOP-OFJ6N53", "TimeCreated": "2024-06-13 09:56:57.018549+00:00", "RecordID": "1178", "Level": "4", "UserID": "S-1-5-18", "EventData.PhaseID": "1004"}
{"EventID": "9", "Channel": "Microsoft-Windows-WindowsSystemAssessmentTool/Operational", "Provider_Name": "Microsoft-Windows-WindowsSystemAssessmentTool", "Computer": "DESKTOP-OFJ6N53", "TimeCreated": "2024-06-13 09:56:57.018553+00:00", "RecordID": "1179", "Level": "4", "UserID": "S-1-5-18", "EventData.PhaseID": "130", "EventData.DescriptionSize": "16", "EventData.Description": "Process Results"}
{"EventID": "10", "Channel": "Microsoft-Windows-WindowsSystemAssessmentTool/Operational", "Provider_Name": "Microsoft-Windows-WindowsSystemAssessmentTool", "Computer": "DESKTOP-OFJ6N53", "TimeCreated": "2024-06-13 09:56:57.062431+00:00", "RecordID": "1180", "Level": "4", "UserID": "S-1-5-18", "EventData.PhaseID": "130"}
{"EventID": "9", "Channel": "Microsoft-Windows-WindowsSystemAssessmentTool/Operational", "Provider_Name": "Microsoft-Windows-WindowsSystemAssessmentTool", "Computer": "DESKTOP-OFJ6N53", "TimeCreated": "2024-06-13 09:56:57.062435+00:00", "RecordID": "1181", "Level": "4", "UserID": "S-1-5-18", "EventData.PhaseID": "150", "EventData.DescriptionSize": "17", "EventData.Description": "Cleanup and exit"}
{"EventID": "9", "Channel": "Microsoft-Windows-WindowsSystemAssessmentTool/Operational", "Provider_Name": "Microsoft-Windows-WindowsSystemAssessmentTool", "Computer": "DESKTOP-OFJ6N53", "TimeCreated": "2024-06-13 09:56:57.063208+00:00", "RecordID": "1182", "Level": "4", "UserID": "S-1-5-18", "EventData.PhaseID": "140", "EventData.DescriptionSize": "24", "EventData.Description": "Restore system policies"}
{"EventID": "10", "Channel": "Microsoft-Windows-WindowsSystemAssessmentTool/Operational", "Provider_Name": "Microsoft-Windows-WindowsSystemAssessmentTool", "Computer": "DESKTOP-OFJ6N53", "TimeCreated": "2024-06-13 09:56:57.064552+00:00", "RecordID": "1183", "Level": "4", "UserID": "S-1-5-18", "EventData.PhaseID": "140"}
{"EventID": "3", "Channel": "Microsoft-Windows-WindowsSystemAssessmentTool/Operational", "Provider_Name": "Microsoft-Windows-WindowsSystemAssessmentTool", "Computer": "DESKTOP-OFJ6N53", "TimeCreated": "2024-06-13 09:56:57.066151+00:00", "RecordID": "1184", "Level": "0", "UserID": "S-1-5-18", "EventData.ExitCode": "0"}
{"EventID": "10", "Channel": "Microsoft-Windows-WindowsSystemAssessmentTool/Operational", "Provider_Name": "Microsoft-Windows-WindowsSystemAssessmentTool", "Computer": "DESKTOP-OFJ6N53", "TimeCreated": "2024-06-13 09:56:57.066153+00:00", "RecordID": "1185", "Level": "4", "UserID": "S-1-5-18", "EventData.PhaseID": "150"}
{"EventID": "1", "Channel": "Microsoft-Windows-WindowsSystemAssessmentTool/Operational", "Provider_Name": "Microsoft-Windows-WindowsSystemAssessmentTool", "Computer": "DESKTOP-OFJ6N53", "TimeCreated": "2024-06-13 09:59:11.100319+00:00", "RecordID": "1186", "Level": "0", "UserID": "S-1-5-18", "EventData.StartTimeOfDay": "2024-06-13 09:59:11.096420+00:00"}
{"EventID": "9", "Channel": "Microsoft-Windows-WindowsSystemAssessmentTool/Operational", "Provider_Name": "Microsoft-Windows-WindowsSystemAssessmentTool", "Computer": "DESKTOP-OFJ6N53", "TimeCreated": "2024-06-13 09:59:11.100321+00:00", "RecordID": "1187", "Level": "4", "UserID": "S-1-5-18", "EventData.PhaseID": "10", "EventData.DescriptionSize": "25", "EventData.Description": "Application Intializaton"}
{"EventID": "2", "Channel": "Microsoft-Windows-WindowsSystemAssessmentTool/Operational", "Provider_Name": "Microsoft-Windows-WindowsSystemAssessmentTool", "Computer": "DESKTOP-OFJ6N53", "TimeCreated": "2024-06-13 09:59:11.112160+00:00", "RecordID": "1188", "Level": "0", "UserID": "S-1-5-18", "EventData.CommandLineSize": "45", "EventData.CommandLine": "\"C:\\Windows\\system32\\winsat.exe\" disk -wsswap"}
{"EventID": "9", "Channel": "Microsoft-Windows-WindowsSystemAssessmentTool/Operational", "Provider_Name": "Microsoft-Windows-WindowsSystemAssessmentTool", "Computer": "DESKTOP-OFJ6N53", "TimeCreated": "2024-06-13 09:59:11.112570+00:00", "RecordID": "1189", "Level": "4", "UserID": "S-1-5-18", "EventData.PhaseID": "20", "EventData.DescriptionSize": "23", "EventData.Description": "Modify system policies"}
{"EventID": "10", "Channel": "Microsoft-Windows-WindowsSystemAssessmentTool/Operational", "Provider_Name": "Microsoft-Windows-WindowsSystemAssessmentTool", "Computer": "DESKTOP-OFJ6N53", "TimeCreated": "2024-06-13 09:59:11.134453+00:00", "RecordID": "1190", "Level": "4", "UserID": "S-1-5-18", "EventData.PhaseID": "20"}
{"EventID": "10", "Channel": "Microsoft-Windows-WindowsSystemAssessmentTool/Operational", "Provider_Name": "Microsoft-Windows-WindowsSystemAssessmentTool", "Computer": "DESKTOP-OFJ6N53", "TimeCreated": "2024-06-13 09:59:11.134455+00:00", "RecordID": "1191", "Level": "4", "UserID": "S-1-5-18", "EventData.PhaseID": "10"}
{"EventID": "9", "Channel": "Microsoft-Windows-WindowsSystemAssessmentTool/Operational", "Provider_Name": "Microsoft-Windows-WindowsSystemAssessmentTool", "Computer": "DESKTOP-OFJ6N53", "TimeCreated": "2024-06-13 09:59:11.134455+00:00", "RecordID": "1192", "Level": "4", "UserID": "S-1-5-18", "EventData.PhaseID": "30", "EventData.DescriptionSize": "19", "EventData.Description": "Gathering Key Info"}
{"EventID": "9", "Channel": "Microsoft-Windows-WindowsSystemAssessmentTool/Operational", "Provider_Name": "Microsoft-Windows-WindowsSystemAssessmentTool", "Computer": "DESKTOP-OFJ6N53", "TimeCreated": "2024-06-13 09:59:11.134466+00:00", "RecordID": "1193", "Level": "4", "UserID": "S-1-5-18", "EventData.PhaseID": "40", "EventData.DescriptionSize": "23", "EventData.Description": "Gather CPU information"}
{"EventID": "10", "Channel": "Microsoft-Windows-WindowsSystemAssessmentTool/Operational", "Provider_Name": "Microsoft-Windows-WindowsSystemAssessmentTool", "Computer": "DESKTOP-OFJ6N53", "TimeCreated": "2024-06-13 09:59:11.134554+00:00", "RecordID": "1194", "Level": "4", "UserID": "S-1-5-18", "EventData.PhaseID": "40"}
{"EventID": "10", "Channel": "Microsoft-Windows-WindowsSystemAssessmentTool/Operational", "Provider_Name": "Microsoft-Windows-WindowsSystemAssessmentTool", "Computer": "DESKTOP-OFJ6N53", "TimeCreated": "2024-06-13 09:59:11.134556+00:00", "RecordID": "1195", "Level": "4", "UserID": "S-1-5-18", "EventData.PhaseID": "30"}
{"EventID": "9", "Channel": "Microsoft-Windows-WindowsSystemAssessmentTool/Operational", "Provider_Name": "Microsoft-Windows-WindowsSystemAssessmentTool", "Computer": "DESKTOP-OFJ6N53", "TimeCreated": "2024-06-13 09:59:11.138145+00:00", "RecordID": "1196", "Level": "4", "UserID": "S-1-5-18", "EventData.PhaseID": "1004", "EventData.DescriptionSize": "40", "EventData.Description": "Run Assessment, disk, -wsswap -drive C:"}
{"EventID": "10", "Channel": "Microsoft-Windows-WindowsSystemAssessmentTool/Operational", "Provider_Name": "Microsoft-Windows-WindowsSystemAssessmentTool", "Computer": "DESKTOP-OFJ6N53", "TimeCreated": "2024-06-13 09:59:11.760042+00:00", "RecordID": "1197", "Level": "4", "UserID": "S-1-5-18", "EventData.PhaseID": "1004"}
{"EventID": "9", "Channel": "Microsoft-Windows-WindowsSystemAssessmentTool/Operational", "Provider_Name": "Microsoft-Windows-WindowsSystemAssessmentTool", "Computer": "DESKTOP-OFJ6N53", "TimeCreated": "2024-06-13 09:59:11.760048+00:00", "RecordID": "1198", "Level": "4", "UserID": "S-1-5-18", "EventData.PhaseID": "130", "EventData.DescriptionSize": "16", "EventData.Description": "Process Results"}
{"EventID": "10", "Channel": "Microsoft-Windows-WindowsSystemAssessmentTool/Operational", "Provider_Name": "Microsoft-Windows-WindowsSystemAssessmentTool", "Computer": "DESKTOP-OFJ6N53", "TimeCreated": "2024-06-13 09:59:11.773275+00:00", "RecordID": "1199", "Level": "4", "UserID": "S-1-5-18", "EventData.PhaseID": "130"}
{"EventID": "9", "Channel": "Microsoft-Windows-WindowsSystemAssessmentTool/Operational", "Provider_Name": "Microsoft-Windows-WindowsSystemAssessmentTool", "Computer": "DESKTOP-OFJ6N53", "TimeCreated": "2024-06-13 09:59:11.773277+00:00", "RecordID": "1200", "Level": "4", "UserID": "S-1-5-18", "EventData.PhaseID": "150", "EventData.DescriptionSize": "17", "EventData.Description": "Cleanup and exit"}
{"EventID": "9", "Channel": "Microsoft-Windows-WindowsSystemAssessmentTool/Operational", "Provider_Name": "Microsoft-Windows-WindowsSystemAssessmentTool", "Computer": "DESKTOP-OFJ6N53", "TimeCreated": "2024-06-13 09:59:11.774046+00:00", "RecordID": "1201", "Level": "4", "UserID": "S-1-5-18", "EventData.PhaseID": "140", "EventData.DescriptionSize": "24", "EventData.Description": "Restore system policies"}
{"EventID": "10", "Channel": "Microsoft-Windows-WindowsSystemAssessmentTool/Operational", "Provider_Name": "Microsoft-Windows-WindowsSystemAssessmentTool", "Computer": "DESKTOP-OFJ6N53", "TimeCreated": "2024-06-13 09:59:11.775150+00:00", "RecordID": "1202", "Level": "4", "UserID": "S-1-5-18", "EventData.PhaseID": "140"}
{"EventID": "3", "Channel": "Microsoft-Windows-WindowsSystemAssessmentTool/Operational", "Provider_Name": "Microsoft-Windows-WindowsSystemAssessmentTool", "Computer": "DESKTOP-OFJ6N53", "TimeCreated": "2024-06-13 09:59:11.776539+00:00", "RecordID": "1203", "Level": "0", "UserID": "S-1-5-18", "EventData.ExitCode": "0"}
{"EventID": "10", "Channel": "Microsoft-Windows-WindowsSystemAssessmentTool/Operational", "Provider_Name": "Microsoft-Windows-WindowsSystemAssessmentTool", "Computer": "DESKTOP-OFJ6N53", "TimeCreated": "2024-06-13 09:59:11.776541+00:00", "RecordID": "1204", "Level": "4", "UserID": "S-1-5-18", "EventData.PhaseID": "150"}
{"EventID": "1", "Channel": "Microsoft-Windows-WindowsSystemAssessmentTool/Operational", "Provider_Name": "Microsoft-Windows-WindowsSystemAssessmentTool", "Computer": "DESKTOP-OFJ6N53", "TimeCreated": "2024-07-13 08:33:49.435387+00:00", "RecordID": "1205", "Level": "0", "UserID": "S-1-5-18", "EventData.StartTimeOfDay": "2024-07-13 08:33:49.426153+00:00"}
{"EventID": "9", "Channel": "Microsoft-Windows-WindowsSystemAssessmentTool/Operational", "Provider_Name": "Microsoft-Windows-WindowsSystemAssessmentTool", "Computer": "DESKTOP-OFJ6N53", "TimeCreated": "2024-07-13 08:33:49.435389+00:00", "RecordID": "1206", "Level": "4", "UserID": "S-1-5-18", "EventData.PhaseID": "10", "EventData.DescriptionSize": "25", "EventData.Description": "Application Intializaton"}
{"EventID": "2", "Channel": "Microsoft-Windows-WindowsSystemAssessmentTool/Operational", "Provider_Name": "Microsoft-Windows-WindowsSystemAssessmentTool", "Computer": "DESKTOP-OFJ6N53", "TimeCreated": "2024-07-13 08:33:49.443060+00:00", "RecordID": "1207", "Level": "0", "UserID": "S-1-5-18", "EventData.CommandLineSize": "45", "EventData.CommandLine": "\"C:\\Windows\\system32\\winsat.exe\" disk -wsswap"}
{"EventID": "9", "Channel": "Microsoft-Windows-WindowsSystemAssessmentTool/Operational", "Provider_Name": "Microsoft-Windows-WindowsSystemAssessmentTool", "Computer": "DESKTOP-OFJ6N53", "TimeCreated": "2024-07-13 08:33:49.443443+00:00", "RecordID": "1208", "Level": "4", "UserID": "S-1-5-18", "EventData.PhaseID": "20", "EventData.DescriptionSize": "23", "EventData.Description": "Modify system policies"}
{"EventID": "10", "Channel": "Microsoft-Windows-WindowsSystemAssessmentTool/Operational", "Provider_Name": "Microsoft-Windows-WindowsSystemAssessmentTool", "Computer": "DESKTOP-OFJ6N53", "TimeCreated": "2024-07-13 08:33:49.447662+00:00", "RecordID": "1209", "Level": "4", "UserID": "S-1-5-18", "EventData.PhaseID": "20"}
{"EventID": "10", "Channel": "Microsoft-Windows-WindowsSystemAssessmentTool/Operational", "Provider_Name": "Microsoft-Windows-WindowsSystemAssessmentTool", "Computer": "DESKTOP-OFJ6N53", "TimeCreated": "2024-07-13 08:33:49.447664+00:00", "RecordID": "1210", "Level": "4", "UserID": "S-1-5-18", "EventData.PhaseID": "10"}
{"EventID": "9", "Channel": "Microsoft-Windows-WindowsSystemAssessmentTool/Operational", "Provider_Name": "Microsoft-Windows-WindowsSystemAssessmentTool", "Computer": "DESKTOP-OFJ6N53", "TimeCreated": "2024-07-13 08:33:49.447664+00:00", "RecordID": "1211", "Level": "4", "UserID": "S-1-5-18", "EventData.PhaseID": "30", "EventData.DescriptionSize": "19", "EventData.Description": "Gathering Key Info"}
{"EventID": "9", "Channel": "Microsoft-Windows-WindowsSystemAssessmentTool/Operational", "Provider_Name": "Microsoft-Windows-WindowsSystemAssessmentTool", "Computer": "DESKTOP-OFJ6N53", "TimeCreated": "2024-07-13 08:33:49.447929+00:00", "RecordID": "1212", "Level": "4", "UserID": "S-1-5-18", "EventData.PhaseID": "40", "EventData.DescriptionSize": "23", "EventData.Description": "Gather CPU information"}
{"EventID": "10", "Channel": "Microsoft-Windows-WindowsSystemAssessmentTool/Operational", "Provider_Name": "Microsoft-Windows-WindowsSystemAssessmentTool", "Computer": "DESKTOP-OFJ6N53", "TimeCreated": "2024-07-13 08:33:49.447996+00:00", "RecordID": "1213", "Level": "4", "UserID": "S-1-5-18", "EventData.PhaseID": "40"}
{"EventID": "10", "Channel": "Microsoft-Windows-WindowsSystemAssessmentTool/Operational", "Provider_Name": "Microsoft-Windows-WindowsSystemAssessmentTool", "Computer": "DESKTOP-OFJ6N53", "TimeCreated": "2024-07-13 08:33:49.447996+00:00", "RecordID": "1214", "Level": "4", "UserID": "S-1-5-18", "EventData.PhaseID": "30"}
{"EventID": "9", "Channel": "Microsoft-Windows-WindowsSystemAssessmentTool/Operational", "Provider_Name": "Microsoft-Windows-WindowsSystemAssessmentTool", "Computer": "DESKTOP-OFJ6N53", "TimeCreated": "2024-07-13 08:33:49.450190+00:00", "RecordID": "1215", "Level": "4", "UserID": "S-1-5-18", "EventData.PhaseID": "1004", "EventData.DescriptionSize": "40", "EventData.Description": "Run Assessment, disk, -wsswap -drive C:"}
{"EventID": "10", "Channel": "Microsoft-Windows-WindowsSystemAssessmentTool/Operational", "Provider_Name": "Microsoft-Windows-WindowsSystemAssessmentTool", "Computer": "DESKTOP-OFJ6N53", "TimeCreated": "2024-07-13 08:33:50.039801+00:00", "RecordID": "1216", "Level": "4", "UserID": "S-1-5-18", "EventData.PhaseID": "1004"}
{"EventID": "9", "Channel": "Microsoft-Windows-WindowsSystemAssessmentTool/Operational", "Provider_Name": "Microsoft-Windows-WindowsSystemAssessmentTool", "Computer": "DESKTOP-OFJ6N53", "TimeCreated": "2024-07-13 08:33:50.039806+00:00", "RecordID": "1217", "Level": "4", "UserID": "S-1-5-18", "EventData.PhaseID": "130", "EventData.DescriptionSize": "16", "EventData.Description": "Process Results"}
{"EventID": "10", "Channel": "Microsoft-Windows-WindowsSystemAssessmentTool/Operational", "Provider_Name": "Microsoft-Windows-WindowsSystemAssessmentTool", "Computer": "DESKTOP-OFJ6N53", "TimeCreated": "2024-07-13 08:33:50.076340+00:00", "RecordID": "1218", "Level": "4", "UserID": "S-1-5-18", "EventData.PhaseID": "130"}
{"EventID": "9", "Channel": "Microsoft-Windows-WindowsSystemAssessmentTool/Operational", "Provider_Name": "Microsoft-Windows-WindowsSystemAssessmentTool", "Computer": "DESKTOP-OFJ6N53", "TimeCreated": "2024-07-13 08:33:50.076345+00:00", "RecordID": "1219", "Level": "4", "UserID": "S-1-5-18", "EventData.PhaseID": "150", "EventData.DescriptionSize": "17", "EventData.Description": "Cleanup and exit"}
