{"EventID": "478", "Channel": "Microsoft-Windows-AppXDeploymentServer/Operational", "Provider_Name": "Microsoft-Windows-AppXDeployment-Server", "Computer": "DESKTOP-OFJ6N53", "TimeCreated": "2025-07-24 21:46:31.501125+00:00", "RecordID": "114373", "Level": "5", "UserID": "S-1-5-21-963789628-1060504924-4285088085-1001", "EventData.DeploymentOperation": "6", "EventData.PackageFullName": "A025C540.Yandex.Music_4.54.8517.0_x64__vfvw9svesycw6", "EventData.Path": "(AppxBundleManifest.xml)", "EventData.MountPoint": "C:", "EventData.TargetPlatform": "0x00000000", "EventData.SystemVolume": "True", "EventData.StorageId": "\\\\?\\Volume{c33a8663-71a2-4031-8cec-c21914fe12ad}", "EventData.IsCentennial": "False", "EventData.PackageType": "0x00000001", "EventData.IsPackageEncrypted": "False", "EventData.DeploymentOptions": "0x0004000004044800", "EventData.IsStreamingPackage": "False", "EventData.IsInRelatedSet": "False", "EventData.IsPackageUsingBDC": "False", "EventData.MainPackageFamilyName": "NULL", "EventData.CallingProcess": "svchost.exe,wuauserv", "EventData.IsOptional": "False", "EventData.PackageFlags": "0x00000008", "EventData.PackageFlags2": "0x00000800", "EventData.HasWin32alacarte": "False", "EventData.HasFullTrust": "False", "EventData.ExternalLocation": null, "EventData.PackageSourceUri": "x-windowsupdate://EC1A7325-B763-4DE2-B2EF-2A99612F3924/B7757AF6-9E6D-4D21-8272-C9137A2E9145/a09c64e559b9b263518913e62a777ab009697ffe"}
{"EventID": "472", "Channel": "Microsoft-Windows-AppXDeploymentServer/Operational", "Provider_Name": "Microsoft-Windows-AppXDeployment-Server", "Computer": "DESKTOP-OFJ6N53", "TimeCreated": "2025-07-24 21:46:31.522646+00:00", "RecordID": "114374", "Level": "5", "UserID": "S-1-5-18", "EventData.SourceFolderPath": "\\\\?\\C:\\Program Files\\WindowsApps\\A025C540.Yandex.Music_4.54.8517.0_neutral_split.scale-200_vfvw9svesycw6", "EventData.DestinationFolderPath": "\\\\?\\C:\\Program Files\\WindowsApps\\Deleted\\A025C540.Yandex.Music_4.54.8517.0_neutral_split.scale-200_vfvw9svesycw68e3497b4-2cb2-413d-9d98-ac7817592ca5", "EventData.ErrorCode": "0x00000000"}
{"EventID": "649", "Channel": "Microsoft-Windows-AppXDeploymentServer/Operational", "Provider_Name": "Microsoft-Windows-AppXDeployment-Server", "Computer": "DESKTOP-OFJ6N53", "TimeCreated": "2025-07-24 21:46:32.207972+00:00", "RecordID": "114375", "Level": "4", "UserID": "S-1-5-21-963789628-1060504924-4285088085-1001", "EventData.DeploymentOperation": "6", "EventData.PackageFullName": "A025C540.Yandex.Music_4.54.8517.0_neutral_~_vfvw9svesycw6", "EventData.Summary": "PostDeploymentOperationCheck cost: 0 ms"}
{"EventID": "613", "Channel": "Microsoft-Windows-AppXDeploymentServer/Operational", "Provider_Name": "Microsoft-Windows-AppXDeployment-Server", "Computer": "DESKTOP-OFJ6N53", "TimeCreated": "2025-07-24 21:46:32.265844+00:00", "RecordID": "114376", "Level": "4", "UserID": "S-1-5-21-963789628-1060504924-4285088085-1001", "EventData.DeploymentOperation": "6", "EventData.PackageFullName": "A025C540.Yandex.Music_4.54.8517.0_neutral_~_vfvw9svesycw6", "EventData.Summary": "Overall time: 3454 ms\nEnqueue cost: 94 ms\nDequeue delay: 0 ms\nBundle processing cost: 16 ms\nIndexing cost: 15 ms\nResolve dependency cost: 141 ms\nCheck approval cost: 16 ms\nEvaluation cost: 0 ms\nHardlinking evaluation cost: 0 ms\nStage required cost: 15 ms\nFlushing and closing files cost: 0 ms\nMachine register cost: 0 ms\nStage user data cost: 16 ms\nGap: 47 ms\nRegistration cost: 1140 ms\nGap: 32 ms\nRepository commit transaction cost: 922 ms\nGap: 265 ms\nData flush cost: 688 ms\nPost DeStage repository commit transaction cost: 0 ms\nRemaining cost: 47 ms"}
{"EventID": "854", "Channel": "Microsoft-Windows-AppXDeploymentServer/Operational", "Provider_Name": "Microsoft-Windows-AppXDeployment-Server", "Computer": "DESKTOP-OFJ6N53", "TimeCreated": "2025-07-24 21:46:33.774719+00:00", "RecordID": "114377", "Level": "4", "UserID": "S-1-5-18", "EventData.Path": "x-windowsupdate://CC5F638E-B7EF-4D07-B9F9-CFFC0F014B42/9F03273F-FE0B-4ED8-9BC8-C2F256375490/f93b65fad216d2fdc80e6ab1da5386d1317ab95b x-windowsupdate://CC5F638E-B7EF-4D07-B9F9-CFFC0F014B42/9F03273F-FE0B-4ED8-9BC8-C2F256375490/f93b65fad216d2fdc80e6ab1da5386d1317ab95b\\SoundRecorder_10.2103.28.0_x64.appx x-windowsupdate://CC5F638E-B7EF-4D07-B9F9-CFFC0F014B42/9F03273F-FE0B-4ED8-9BC8-C2F256375490/f93b65fad216d2fdc80e6ab1da5386d1317ab95b\\SoundRecorder_10.2103.28.0_language-ru.appx x-windowsupdate://CC5F638E-B7EF-4D07-B9F9-CFFC0F014B42/9F03273F-FE0B-4ED8-9BC8-C2F256375490/f93b65fad216d2fdc80e6ab1da5386d1317ab95b\\SoundRecorder_10.2103.28.0_scale-125.appx"}
{"EventID": "603", "Channel": "Microsoft-Windows-AppXDeploymentServer/Operational", "Provider_Name": "Microsoft-Windows-AppXDeployment-Server", "Computer": "DESKTOP-OFJ6N53", "TimeCreated": "2025-07-24 21:46:34.367611+00:00", "RecordID": "114378", "Level": "4", "UserID": "S-1-5-18", "EventData.DeploymentOperation": "4", "EventData.Path": "93c3c9affee8d9a0f95a950acc82bf8036dea2d7", "EventData.Flags": "67108864", "EventData.FlagsHigh": "128", "EventData.CallingProcess": "svchost.exe,wuauserv", "EventData.ExternalLocation": null}
{"EventID": "603", "Channel": "Microsoft-Windows-AppXDeploymentServer/Operational", "Provider_Name": "Microsoft-Windows-AppXDeployment-Server", "Computer": "DESKTOP-OFJ6N53", "TimeCreated": "2025-07-24 21:46:34.369188+00:00", "RecordID": "114379", "Level": "4", "UserID": "S-1-5-21-963789628-1060504924-4285088085-1001", "EventData.DeploymentOperation": "20", "EventData.Path": "Microsoft.XboxIdentityProvider_8wekyb3d8bbwe", "EventData.Flags": "67127296", "EventData.FlagsHigh": "262144", "EventData.CallingProcess": "svchost.exe,wuauserv", "EventData.ExternalLocation": null}
{"EventID": "10002", "Channel": "Microsoft-Windows-AppXDeploymentServer/Operational", "Provider_Name": "Microsoft-Windows-AppXDeployment-Server", "Computer": "DESKTOP-OFJ6N53", "TimeCreated": "2025-07-24 21:46:34.392763+00:00", "RecordID": "114380", "Level": "5", "UserID": "S-1-5-18", "EventData.DeploymentOperation": "6", "EventData.MainPackageMoniker": "Microsoft.XboxIdentityProvider_12.115.1001.0_neutral_~_8wekyb3d8bbwe", "EventData.ResiliencyFilePath": "C:\\ProgramData\\Microsoft\\Windows\\AppRepository\\1dcd5e57-3e4d-43b5-9ff6-de398e075c95_S-1-5-21-963789628-1060504924-4285088085-1001_11.rslc"}
{"EventID": "607", "Channel": "Microsoft-Windows-AppXDeploymentServer/Operational", "Provider_Name": "Microsoft-Windows-AppXDeployment-Server", "Computer": "DESKTOP-OFJ6N53", "TimeCreated": "2025-07-24 21:46:34.393454+00:00", "RecordID": "114381", "Level": "4", "UserID": "S-1-5-21-963789628-1060504924-4285088085-1001", "EventData.DeploymentOperation": "6", "EventData.PackageFullName": "Microsoft.XboxIdentityProvider_12.115.1001.0_neutral_~_8wekyb3d8bbwe", "EventData.UserSid": "S-1-5-21-963789628-1060504924-4285088085-1001", "EventData.CallingProcess": "svchost.exe,wuauserv"}
{"EventID": "614", "Channel": "Microsoft-Windows-AppXDeploymentServer/Operational", "Provider_Name": "Microsoft-Windows-AppXDeployment-Server", "Computer": "DESKTOP-OFJ6N53", "TimeCreated": "2025-07-24 21:46:34.408014+00:00", "RecordID": "114382", "Level": "5", "UserID": "S-1-5-21-963789628-1060504924-4285088085-1001", "EventData.PathOne": "C:\\Program Files\\WindowsApps\\Microsoft.XboxIdentityProvider_12.115.1001.0_neutral_~_8wekyb3d8bbwe\\AppxMetadata\\AppxBundleManifest.xml", "EventData.PathTwo": "\"XboxIdp_12.115.1001.0_ARM.appx\": Microsoft.XboxIdentityProvider_12.115.1001.0_arm__8wekyb3d8bbwe \"XboxIdp_12.115.1001.0_ARM64.appx\": Microsoft.XboxIdentityProvider_12.115.1001.0_arm64__8wekyb3d8bbwe \"XboxIdp_12.115.1001.0_x86.appx\": Microsoft.XboxIdentityProvider_12.115.1001.0_x86__8wekyb3d8bbwe \"XboxIdp_12.115.1001.0_x64.appx\": Microsoft.XboxIdentityProvider_12.115.1001.0_x64__8wekyb3d8bbwe \"XboxIdp_12.115.1001.0_language-gl.appx\": Microsoft.XboxIdentityProvider_12.115.1001.0_neutral_split.language-gl_8wekyb3d8bbwe \"XboxIdp_12.115.1001.0_language-fil-latn.appx\": Microsoft.XboxIdentityProvider_12.115.1001.0_neutral_split.language-fil-latn_8wekyb3d8bbwe \"XboxIdp_12.115.1001.0_language-am.appx\": Microsoft.XboxIdentityProvider_12.115.1001.0_neutral_split.language-am_8wekyb3d8bbwe \"XboxIdp_12.115.1001.0_language-ar.appx\": Microsoft.XboxIdentityProvider_12.115.1001.0_neutral_split.language-ar_8wekyb3d8bbwe \"XboxIdp_12.115.1001.0_language-az-latn.appx\": Microsoft.XboxIdentityProvider_12.115.1001.0_neutral_split.language-az-latn_8wekyb3d8bbwe \"XboxIdp_12.115.1001.0_language-be.appx\": Microsoft.XboxIdentityProvider_12.115.1001.0_neutral_split.language-be_8wekyb3d8bbwe \"XboxIdp_12.115.1001.0_language-bg.appx\": Microsoft.XboxIdentityProvider_12.115.1001.0_neutral_split.language-bg_8wekyb3d8bbwe \"XboxIdp_12.115.1001.0_language-bn.appx\": Microsoft.XboxIdentityProvider_12.115.1001.0_neutral_split.language-bn_8wekyb3d8bbwe \"XboxIdp_12.115.1001.0_language-ca.appx\": Microsoft.XboxIdentityProvider_12.115.1001.0_neutral_split.language-ca_8wekyb3d8bbwe \"XboxIdp_12.115.1001.0_language-cs.appx\": Microsoft.XboxIdentityProvider_12.115.1001.0_neutral_split.language-cs_8wekyb3d8bbwe \"XboxIdp_12.115.1001.0_language-da.appx\": Microsoft.XboxIdentityProvider_12.115.1001.0_neutral_split.language-da_8wekyb3d8bbwe \"XboxIdp_12.115.1001.0_language-de.appx\": Microsoft.XboxIdentityProvider_12.115.1001.0_neutral_split.language-de_8wekyb3d8bbwe \"XboxIdp_12.115.1001.0_language-el.appx\": Microsoft.XboxIdentityProvider_12.115.1001.0_neutral_split.language-el_8wekyb3d8bbwe \"XboxIdp_12.115.1001.0_language-fi.appx\": Microsoft.XboxIdentityProvider_12.115.1001.0_neutral_split.language-fi_8wekyb3d8bbwe \"XboxIdp_12.115.1001.0_language-fa.appx\": Microsoft.XboxIdentityProvider_12.115.1001.0_neutral_split.language-fa_8wekyb3d8bbwe \"XboxIdp_12.115.1001.0_language-eu.appx\": Microsoft.XboxIdentityProvider_12.115.1001.0_neutral_split.language-eu_8wekyb3d8bbwe \"XboxIdp_12.115.1001.0_language-id.appx\": Microsoft.XboxIdentityProvider_12.115.1001.0_neutral_split.language-id_8wekyb3d8bbwe \"XboxIdp_12.115.1001.0_language-es.appx\": Microsoft.XboxIdentityProvider_12.115.1001.0_neutral_split.language-es_8wekyb3d8bbwe \"XboxIdp_12.115.1001.0_language-af.appx\": Microsoft.XboxIdentityProvider_12.115.1001.0_neutral_split.language-af_8wekyb3d8bbwe \"XboxIdp_12.115.1001.0_language-fr.appx\": Microsoft.XboxIdentityProvider_12.115.1001.0_neutral_split.language-fr_8wekyb3d8bbwe \"XboxIdp_12.115.1001.0_language-tr.appx\": Microsoft.XboxIdentityProvider_12.115.1001.0_neutral_split.language-tr_8wekyb3d8bbwe \"XboxIdp_12.115.1001.0_language-he.appx\": Microsoft.XboxIdentityProvider_12.115.1001.0_neutral_split.language-he_8wekyb3d8bbwe \"XboxIdp_12.115.1001.0_language-hi.appx\": Microsoft.XboxIdentityProvider_12.115.1001.0_neutral_split.language-hi_8wekyb3d8bbwe \"XboxIdp_12.115.1001.0_language-hr.appx\": Microsoft.XboxIdentityProvider_12.115.1001.0_neutral_split.language-hr_8wekyb3d8bbwe \"XboxIdp_12.115.1001.0_language-hu.appx\": Microsoft.XboxIdentityProvider_12.115.1001.0_neutral_split.language-hu_8wekyb3d8bbwe \"XboxIdp_12.115.1001.0_language-et.appx\": Microsoft.XboxIdentityProvider_12.115.1001.0_neutral_split.language-et_8wekyb3d8bbwe \"XboxIdp_12.115.1001.0_language-is.appx\": Microsoft.XboxIdentityProvider_12.115.1001.0_neutral_split.language-is_8wekyb3d8bbwe \"XboxIdp_12.115.1001.0_language-it.appx\": Microsoft.XboxIdentityProvider_12.115.1001.0_neutral_split.language-it_8wekyb3d8bbwe \"XboxIdp_12.115.1001.0_language-ja.appx\": Microsoft.XboxIdentityProvider_12.115.1001.0_neutral_split.language-ja_8wekyb3d8bbwe \"XboxIdp_12.115.1001.0_language-te.appx\": Microsoft.XboxIdentityProvider_12.115.1001.0_neutral_split.language-te_8wekyb3d8bbwe \"XboxIdp_12.115.1001.0_language-sv.appx\": Microsoft.XboxIdentityProvider_12.115.1001.0_neutral_split.language-sv_8wekyb3d8bbwe \"XboxIdp_12.115.1001.0_language-kn.appx\": Microsoft.XboxIdentityProvider_12.115.1001.0_neutral_split.language-kn_8wekyb3d8bbwe \"XboxIdp_12.115.1001.0_language-sr-latn.appx\": Microsoft.XboxIdentityProvider_12.115.1001.0_neutral_split.language-sr-latn_8wekyb3d8bbwe \"XboxIdp_12.115.1001.0_language-lo.appx\": Microsoft.XboxIdentityProvider_12.115.1001.0_neutral_split.language-lo_8wekyb3d8bbwe \"XboxIdp_12.115.1001.0_language-lt.appx\": Microsoft.XboxIdentityProvider_12.115.1001.0_neutral_split.language-lt_8wekyb3d8bbwe \"XboxIdp_12.115.1001.0_language-lv.appx\": Microsoft.XboxIdentityProvider_12.115.1001.0_neutral_split.language-lv_8wekyb3d8bbwe \"XboxIdp_12.115.1001.0_language-mk.appx\": Microsoft.XboxIdentityProvider_12.115.1001.0_neutral_split.language-mk_8wekyb3d8bbwe \"XboxIdp_12.115.1001.0_language-ml.appx\": Microsoft.XboxIdentityProvider_12.115.1001.0_neutral_split.language-ml_8wekyb3d8bbwe \"XboxIdp_12.115.1001.0_language-sq.appx\": Microsoft.XboxIdentityProvider_12.115.1001.0_neutral_split.language-sq_8wekyb3d8bbwe \"XboxIdp_12.115.1001.0_language-nb.appx\": Microsoft.XboxIdentityProvider_12.115.1001.0_neutral_split.language-nb_8wekyb3d8bbwe \"XboxIdp_12.115.1001.0_language-nl.appx\": Microsoft.XboxIdentityProvider_12.115.1001.0_neutral_split.language-nl_8wekyb3d8bbwe \"XboxIdp_12.115.1001.0_language-sl.appx\": Microsoft.XboxIdentityProvider_12.115.1001.0_neutral_split.language-sl_8wekyb3d8bbwe \"XboxIdp_12.115.1001.0_language-sk.appx\": Microsoft.XboxIdentityProvider_12.115.1001.0_neutral_split.language-sk_8wekyb3d8bbwe \"XboxIdp_12.115.1001.0_language-ro.appx\": Microsoft.XboxIdentityProvider_12.115.1001.0_neutral_split.language-ro_8wekyb3d8bbwe \"XboxIdp_12.115.1001.0_language-kk.appx\": Microsoft.XboxIdentityProvider_12.115.1001.0_neutral_split.language-kk_8wekyb3d8bbwe \"XboxIdp_12.115.1001.0_language-ms.appx\": Microsoft.XboxIdentityProvider_12.115.1001.0_neutral_split.language-ms_8wekyb3d8bbwe \"XboxIdp_12.115.1001.0_language-sw.appx\": Microsoft.XboxIdentityProvider_12.115.1001.0_neutral_split.language-sw_8wekyb3d8bbwe \"XboxIdp_12.115.1001.0_language-uk.appx\": Microsoft.XboxIdentityProvider_12.115.1001.0_neutral_split.language-uk_8wekyb3d8bbwe \"XboxIdp_12.115.1001.0_scale-200.appx\": Microsoft.XboxIdentityProvider_12.115.1001.0_neutral_split.scale-200_8wekyb3d8bbwe \"XboxIdp_12.115.1001.0_language-pl.appx\": Microsoft.XboxIdentityProvider_12.115.1001.0_neutral_split.language-pl_8wekyb3d8bbwe \"XboxIdp_12.115.1001.0_scale-125.appx\": Microsoft.XboxIdentityProvider_12.115.1001.0_neutral_split.scale-125_8wekyb3d8bbwe \"XboxIdp_12.115.1001.0_language-pt.appx\": Microsoft.XboxIdentityProvider_12.115.1001.0_neutral_split.language-pt_8wekyb3d8bbwe \"XboxIdp_12.115.1001.0_language-th.appx\": Microsoft.XboxIdentityProvider_12.115.1001.0_neutral_split.language-th_8wekyb3d8bbwe \"XboxIdp_12.115.1001.0_scale-400.appx\": Microsoft.XboxIdentityProvider_12.115.1001.0_neutral_split.scale-400_8wekyb3d8bbwe \"XboxIdp_12.115.1001.0_scale-150.appx\": Microsoft.XboxIdentityProvider_12.115.1001.0_neutral_split.scale-150_8wekyb3d8bbwe \"XboxIdp_12.115.1001.0_language-ko.appx\": Microsoft.XboxIdentityProvider_12.115.1001.0_neutral_split.language-ko_8wekyb3d8bbwe \"XboxIdp_12.115.1001.0_language-zh-hant.appx\": Microsoft.XboxIdentityProvider_12.115.1001.0_neutral_split.language-zh-hant_8wekyb3d8bbwe \"XboxIdp_12.115.1001.0_language-vi.appx\": Microsoft.XboxIdentityProvider_12.115.1001.0_neutral_split.language-vi_8wekyb3d8bbwe \"XboxIdp_12.115.1001.0_language-zh-hans.appx\": Microsoft.XboxIdentityProvider_12.115.1001.0_neutral_split.language-zh-hans_8wekyb3d8bbwe \"XboxIdp_12.115.1001.0_language-km.appx\": Microsoft.XboxIdentityProvider_12.115.1001.0_neutral_split.language-km_8wekyb3d8bbwe \"XboxIdp_12.115.1001.0_language-ru.appx\": Microsoft.XboxIdentityProvider_12.115.1001.0_neutral_split.language-ru_8wekyb3d8bbwe \"XboxIdp_12.115.1001.0_language-uz-latn.appx\": Microsoft.XboxIdentityProvider_12.115.1001.0_neutral_split.language-uz-latn_8wekyb3d8bbwe \"XboxIdp_12.115.1001.0_language-ta.appx\": Microsoft.XboxIdentityProvider_12.115.1001.0_neutral_split.language-ta_8wekyb3d8bbwe"}
{"EventID": "854", "Channel": "Microsoft-Windows-AppXDeploymentServer/Operational", "Provider_Name": "Microsoft-Windows-AppXDeployment-Server", "Computer": "DESKTOP-OFJ6N53", "TimeCreated": "2025-07-24 21:46:34.427868+00:00", "RecordID": "114383", "Level": "4", "UserID": "S-1-5-21-963789628-1060504924-4285088085-1001", "EventData.Path": "C:\\Program Files\\WindowsApps\\Microsoft.XboxIdentityProvider_12.115.1001.0_neutral_~_8wekyb3d8bbwe\\AppxMetadata\\AppxBundleManifest.xml C:\\Program Files\\WindowsApps\\Microsoft.XboxIdentityProvider_12.115.1001.0_x64__8wekyb3d8bbwe\\AppxManifest.xml C:\\Program Files\\WindowsApps\\Microsoft.XboxIdentityProvider_12.115.1001.0_neutral_split.scale-125_8wekyb3d8bbwe\\AppxManifest.xml C:\\Program Files\\WindowsApps\\Microsoft.XboxIdentityProvider_12.115.1001.0_neutral_split.language-ru_8wekyb3d8bbwe\\AppxManifest.xml"}
{"EventID": "855", "Channel": "Microsoft-Windows-AppXDeploymentServer/Operational", "Provider_Name": "Microsoft-Windows-AppXDeployment-Server", "Computer": "DESKTOP-OFJ6N53", "TimeCreated": "2025-07-24 21:46:34.623951+00:00", "RecordID": "114384", "Level": "4", "UserID": "S-1-5-21-963789628-1060504924-4285088085-1001", "EventData.PackageMoniker": "addPackageList: Microsoft.XboxIdentityProvider_12.115.1001.0_neutral_split.language-ru_8wekyb3d8bbwe Microsoft.XboxIdentityProvider_12.115.1001.0_neutral_split.scale-125_8wekyb3d8bbwe Microsoft.XboxIdentityProvider_12.115.1001.0_x64__8wekyb3d8bbwe Microsoft.XboxIdentityProvider_12.115.1001.0_neutral_~_8wekyb3d8bbwe removePackageList: Microsoft.XboxIdentityProvider_12.115.1001.0_neutral_split.scale-200_8wekyb3d8bbwe"}
{"EventID": "573", "Channel": "Microsoft-Windows-AppXDeploymentServer/Operational", "Provider_Name": "Microsoft-Windows-AppXDeployment-Server", "Computer": "DESKTOP-OFJ6N53", "TimeCreated": "2025-07-24 21:46:34.683527+00:00", "RecordID": "114385", "Level": "4", "UserID": "S-1-5-21-963789628-1060504924-4285088085-1001", "EventData.PackageFamilyName": "Microsoft.XboxIdentityProvider_8wekyb3d8bbwe", "EventData.SettingSyncEnabled": "False"}
{"EventID": "10000", "Channel": "Microsoft-Windows-AppXDeploymentServer/Operational", "Provider_Name": "Microsoft-Windows-AppXDeployment-Server", "Computer": "DESKTOP-OFJ6N53", "TimeCreated": "2025-07-24 21:46:34.714964+00:00", "RecordID": "114386", "Level": "5", "UserID": "S-1-5-18", "EventData.PackageFullName": "Microsoft.XboxIdentityProvider_12.115.1001.0_x64__8wekyb3d8bbwe", "EventData.ErrorCode": "0x00000000"}
{"EventID": "400", "Channel": "Microsoft-Windows-AppXDeploymentServer/Operational", "Provider_Name": "Microsoft-Windows-AppXDeployment-Server", "Computer": "DESKTOP-OFJ6N53", "TimeCreated": "2025-07-24 21:46:34.885553+00:00", "RecordID": "114387", "Level": "4", "UserID": "S-1-5-18", "EventData.DeploymentOperation": "4", "EventData.PackageFullName": "Microsoft.WindowsSoundRecorder_2021.2103.28.0_neutral_~_8wekyb3d8bbwe", "EventData.Path": "(f93b65fad216d2fdc80e6ab1da5386d1317ab95b)", "EventData.MountPoint": "C:", "EventData.TargetPlatform": "0x00000000", "EventData.SystemVolume": "True", "EventData.StorageId": "\\\\?\\Volume{c33a8663-71a2-4031-8cec-c21914fe12ad}", "EventData.IsCentennial": "False", "EventData.PackageType": "0x00000008", "EventData.IsPackageEncrypted": "False", "EventData.DeploymentOptions": "0x0100008004000000", "EventData.IsStreamingPackage": "False", "EventData.IsInRelatedSet": "False", "EventData.IsPackageUsingBDC": "False", "EventData.MainPackageFamilyName": "NULL", "EventData.CallingProcess": "svchost.exe,wuauserv", "EventData.IsOptional": "False", "EventData.PackageFlags": "0x00000400", "EventData.PackageFlags2": "0x00000800", "EventData.HasWin32alacarte": "False", "EventData.HasFullTrust": "False", "EventData.ExternalLocation": null, "EventData.PackageSourceUri": "x-windowsupdate://CC5F638E-B7EF-4D07-B9F9-CFFC0F014B42/9F03273F-FE0B-4ED8-9BC8-C2F256375490/f93b65fad216d2fdc80e6ab1da5386d1317ab95b"}
{"EventID": "478", "Channel": "Microsoft-Windows-AppXDeploymentServer/Operational", "Provider_Name": "Microsoft-Windows-AppXDeployment-Server", "Computer": "DESKTOP-OFJ6N53", "TimeCreated": "2025-07-24 21:46:34.885679+00:00", "RecordID": "114388", "Level": "5", "UserID": "S-1-5-18", "EventData.DeploymentOperation": "4", "EventData.PackageFullName": "Microsoft.WindowsSoundRecorder_10.2103.28.0_x64__8wekyb3d8bbwe", "EventData.Path": "(f93b65fad216d2fdc80e6ab1da5386d1317ab95b)", "EventData.MountPoint": "C:", "EventData.TargetPlatform": "0x00000000", "EventData.SystemVolume": "True", "EventData.StorageId": "\\\\?\\Volume{c33a8663-71a2-4031-8cec-c21914fe12ad}", "EventData.IsCentennial": "False", "EventData.PackageType": "0x00000001", "EventData.IsPackageEncrypted": "False", "EventData.DeploymentOptions": "0x0100008004000000", "EventData.IsStreamingPackage": "False", "EventData.IsInRelatedSet": "False", "EventData.IsPackageUsingBDC": "False", "EventData.MainPackageFamilyName": "NULL", "EventData.CallingProcess": "svchost.exe,wuauserv", "EventData.IsOptional": "False", "EventData.PackageFlags": "0x00000008", "EventData.PackageFlags2": "0x00000800", "EventData.HasWin32alacarte": "False", "EventData.HasFullTrust": "False", "EventData.ExternalLocation": null, "EventData.PackageSourceUri": "x-windowsupdate://CC5F638E-B7EF-4D07-B9F9-CFFC0F014B42/9F03273F-FE0B-4ED8-9BC8-C2F256375490/f93b65fad216d2fdc80e6ab1da5386d1317ab95b"}
{"EventID": "649", "Channel": "Microsoft-Windows-AppXDeploymentServer/Operational", "Provider_Name": "Microsoft-Windows-AppXDeployment-Server", "Computer": "DESKTOP-OFJ6N53", "TimeCreated": "2025-07-24 21:46:34.903482+00:00", "RecordID": "114389", "Level": "4", "UserID": "S-1-5-18", "EventData.DeploymentOperation": "4", "EventData.PackageFullName": "Microsoft.WindowsSoundRecorder_2021.2103.28.0_neutral_~_8wekyb3d8bbwe", "EventData.Summary": "PostDeploymentOperationCheck cost: 0 ms"}
{"EventID": "5506", "Channel": "Microsoft-Windows-AppXDeploymentServer/Operational", "Provider_Name": "Microsoft-Windows-AppXDeployment-Server", "Computer": "DESKTOP-OFJ6N53", "TimeCreated": "2025-07-24 21:46:35.022547+00:00", "RecordID": "114390", "Level": "5", "UserID": "S-1-5-18", "EventData.PackageName": "Microsoft.XboxIdentityProvider_12.115.1001.0_x64__8wekyb3d8bbwe", "EventData.FilePath": "C:\\Program Files\\WindowsApps\\Microsoft.XboxIdentityProvider_12.115.1001.0_x64__8wekyb3d8bbwe\\microsoft.system.package.metadata\\resources.5cec6f33.pri", "EventData.Message": "Created shared merged PRI file"}
{"EventID": "5505", "Channel": "Microsoft-Windows-AppXDeploymentServer/Operational", "Provider_Name": "Microsoft-Windows-AppXDeployment-Server", "Computer": "DESKTOP-OFJ6N53", "TimeCreated": "2025-07-24 21:46:35.022997+00:00", "RecordID": "114391", "Level": "5", "UserID": "S-1-5-18", "EventData.PackageName": "Microsoft.XboxIdentityProvider_12.115.1001.0_x64__8wekyb3d8bbwe", "EventData.FilePath": "C:\\Program Files\\WindowsApps\\Microsoft.XboxIdentityProvider_12.115.1001.0_x64__8wekyb3d8bbwe\\microsoft.system.package.metadata\\S-1-5-21-963789628-1060504924-4285088085-1001-MergedResources-18.pri", "EventData.Message": "Linked user-specific merged PRI file"}
{"EventID": "8100", "Channel": "Microsoft-Windows-AppXDeploymentServer/Operational", "Provider_Name": "Microsoft-Windows-AppXDeployment-Server", "Computer": "DESKTOP-OFJ6N53", "TimeCreated": "2025-07-24 21:46:35.030121+00:00", "RecordID": "114392", "Level": "5", "UserID": "S-1-5-18", "EventData.PackageFullName": "Microsoft.XboxIdentityProvider_12.115.1001.0_neutral_split.language-ru_8wekyb3d8bbwe", "EventData.Flags": "0x00000009"}
{"EventID": "8106", "Channel": "Microsoft-Windows-AppXDeploymentServer/Operational", "Provider_Name": "Microsoft-Windows-AppXDeployment-Server", "Computer": "DESKTOP-OFJ6N53", "TimeCreated": "2025-07-24 21:46:35.031870+00:00", "RecordID": "114393", "Level": "5", "UserID": "S-1-5-18", "EventData.PackageFullName": "Microsoft.XboxIdentityProvider_12.115.1001.0_neutral_split.language-ru_8wekyb3d8bbwe", "EventData.Flags": "0x00000009"}
{"EventID": "8101", "Channel": "Microsoft-Windows-AppXDeploymentServer/Operational", "Provider_Name": "Microsoft-Windows-AppXDeployment-Server", "Computer": "DESKTOP-OFJ6N53", "TimeCreated": "2025-07-24 21:46:35.031889+00:00", "RecordID": "114394", "Level": "5", "UserID": "S-1-5-18", "EventData.PackageFullName": "Microsoft.XboxIdentityProvider_12.115.1001.0_neutral_split.language-ru_8wekyb3d8bbwe", "EventData.Flags": "0x00000009"}
{"EventID": "8100", "Channel": "Microsoft-Windows-AppXDeploymentServer/Operational", "Provider_Name": "Microsoft-Windows-AppXDeployment-Server", "Computer": "DESKTOP-OFJ6N53", "TimeCreated": "2025-07-24 21:46:35.031895+00:00", "RecordID": "114395", "Level": "5", "UserID": "S-1-5-18", "EventData.PackageFullName": "Microsoft.XboxIdentityProvider_12.115.1001.0_neutral_split.scale-125_8wekyb3d8bbwe", "EventData.Flags": "0x00000009"}
{"EventID": "8106", "Channel": "Microsoft-Windows-AppXDeploymentServer/Operational", "Provider_Name": "Microsoft-Windows-AppXDeployment-Server", "Computer": "DESKTOP-OFJ6N53", "TimeCreated": "2025-07-24 21:46:35.033684+00:00", "RecordID": "114396", "Level": "5", "UserID": "S-1-5-18", "EventData.PackageFullName": "Microsoft.XboxIdentityProvider_12.115.1001.0_neutral_split.scale-125_8wekyb3d8bbwe", "EventData.Flags": "0x00000009"}
{"EventID": "8101", "Channel": "Microsoft-Windows-AppXDeploymentServer/Operational", "Provider_Name": "Microsoft-Windows-AppXDeployment-Server", "Computer": "DESKTOP-OFJ6N53", "TimeCreated": "2025-07-24 21:46:35.033693+00:00", "RecordID": "114397", "Level": "5", "UserID": "S-1-5-18", "EventData.PackageFullName": "Microsoft.XboxIdentityProvider_12.115.1001.0_neutral_split.scale-125_8wekyb3d8bbwe", "EventData.Flags": "0x00000009"}
{"EventID": "8100", "Channel": "Microsoft-Windows-AppXDeploymentServer/Operational", "Provider_Name": "Microsoft-Windows-AppXDeployment-Server", "Computer": "DESKTOP-OFJ6N53", "TimeCreated": "2025-07-24 21:46:35.033697+00:00", "RecordID": "114398", "Level": "5", "UserID": "S-1-5-18", "EventData.PackageFullName": "Microsoft.XboxIdentityProvider_12.115.1001.0_x64__8wekyb3d8bbwe", "EventData.Flags": "0x00000009"}
{"EventID": "8106", "Channel": "Microsoft-Windows-AppXDeploymentServer/Operational", "Provider_Name": "Microsoft-Windows-AppXDeployment-Server", "Computer": "DESKTOP-OFJ6N53", "TimeCreated": "2025-07-24 21:46:35.035351+00:00", "RecordID": "114399", "Level": "5", "UserID": "S-1-5-18", "EventData.PackageFullName": "Microsoft.XboxIdentityProvider_12.115.1001.0_x64__8wekyb3d8bbwe", "EventData.Flags": "0x00000009"}
{"EventID": "8101", "Channel": "Microsoft-Windows-AppXDeploymentServer/Operational", "Provider_Name": "Microsoft-Windows-AppXDeployment-Server", "Computer": "DESKTOP-OFJ6N53", "TimeCreated": "2025-07-24 21:46:35.035362+00:00", "RecordID": "114400", "Level": "5", "UserID": "S-1-5-18", "EventData.PackageFullName": "Microsoft.XboxIdentityProvider_12.115.1001.0_x64__8wekyb3d8bbwe", "EventData.Flags": "0x00000009"}
{"EventID": "613", "Channel": "Microsoft-Windows-AppXDeploymentServer/Operational", "Provider_Name": "Microsoft-Windows-AppXDeployment-Server", "Computer": "DESKTOP-OFJ6N53", "TimeCreated": "2025-07-24 21:46:35.333494+00:00", "RecordID": "114401", "Level": "4", "UserID": "S-1-5-18", "EventData.DeploymentOperation": "4", "EventData.PackageFullName": "Microsoft.WindowsSoundRecorder_2021.2103.28.0_neutral_~_8wekyb3d8bbwe", "EventData.Summary": "Overall time: 7500 ms\nEnqueue cost: 1625 ms\nDequeue delay: 0 ms\nBundle processing cost: 4312 ms\nIndexing cost: 31 ms\nResolve dependency cost: 0 ms\nGap: 63 ms\nCheck approval cost: 16 ms\nEvaluation cost: 265 ms\nHardlinking evaluation cost: 0 ms\nStage required cost: 31 ms\nFlushing and closing files cost: 0 ms\nMachine register cost: 0 ms\nStage user data cost: 0 ms\nRegistration cost: 0 ms\nGap: 16 ms\nRepository commit transaction cost: 547 ms\nGap: 156 ms\nData flush cost: 0 ms\nPost DeStage repository commit transaction cost: 0 ms\nRemaining cost: 438 ms"}
{"EventID": "5507", "Channel": "Microsoft-Windows-AppXDeploymentServer/Operational", "Provider_Name": "Microsoft-Windows-AppXDeployment-Server", "Computer": "DESKTOP-OFJ6N53", "TimeCreated": "2025-07-24 21:46:35.641937+00:00", "RecordID": "114402", "Level": "5", "UserID": "S-1-5-21-963789628-1060504924-4285088085-1001", "EventData.PackageName": "Microsoft.XboxIdentityProvider_12.115.1001.0_x64__8wekyb3d8bbwe", "EventData.FilePath": "S-1-5-21-963789628-1060504924-4285088085-1001-MergedResources-18.pri", "EventData.Message": "Current user-specific merged PRI file ignored"}
{"EventID": "5507", "Channel": "Microsoft-Windows-AppXDeploymentServer/Operational", "Provider_Name": "Microsoft-Windows-AppXDeployment-Server", "Computer": "DESKTOP-OFJ6N53", "TimeCreated": "2025-07-24 21:46:35.642550+00:00", "RecordID": "114403", "Level": "5", "UserID": "S-1-5-21-963789628-1060504924-4285088085-1001", "EventData.PackageName": "Microsoft.XboxIdentityProvider_12.115.1001.0_x64__8wekyb3d8bbwe", "EventData.FilePath": "C:\\Program Files\\WindowsApps\\Microsoft.XboxIdentityProvider_12.115.1001.0_x64__8wekyb3d8bbwe\\microsoft.system.package.metadata\\resources.110ba50a.pri", "EventData.Message": "Shared merged file still in use"}
{"EventID": "5507", "Channel": "Microsoft-Windows-AppXDeploymentServer/Operational", "Provider_Name": "Microsoft-Windows-AppXDeployment-Server", "Computer": "DESKTOP-OFJ6N53", "TimeCreated": "2025-07-24 21:46:35.642595+00:00", "RecordID": "114404", "Level": "5", "UserID": "S-1-5-21-963789628-1060504924-4285088085-1001", "EventData.PackageName": "Microsoft.XboxIdentityProvider_12.115.1001.0_x64__8wekyb3d8bbwe", "EventData.FilePath": "resources.5cec6f33.pri", "EventData.Message": "Current shared merged PRI file ignored"}
{"EventID": "5508", "Channel": "Microsoft-Windows-AppXDeploymentServer/Operational", "Provider_Name": "Microsoft-Windows-AppXDeployment-Server", "Computer": "DESKTOP-OFJ6N53", "TimeCreated": "2025-07-24 21:46:35.643209+00:00", "RecordID": "114405", "Level": "5", "UserID": "S-1-5-18", "EventData.PackageName": "Microsoft.XboxIdentityProvider_12.115.1001.0_x64__8wekyb3d8bbwe", "EventData.FilePath": "C:\\Program Files\\WindowsApps\\Microsoft.XboxIdentityProvider_12.115.1001.0_x64__8wekyb3d8bbwe\\microsoft.system.package.metadata\\S-1-5-21-963789628-1060504924-4285088085-1001-MergedResources-17.pri", "EventData.Message": "Deleted"}
{"EventID": "5507", "Channel": "Microsoft-Windows-AppXDeploymentServer/Operational", "Provider_Name": "Microsoft-Windows-AppXDeployment-Server", "Computer": "DESKTOP-OFJ6N53", "TimeCreated": "2025-07-24 21:46:35.643383+00:00", "RecordID": "114406", "Level": "5", "UserID": "S-1-5-21-963789628-1060504924-4285088085-1001", "EventData.PackageName": "Microsoft.XboxIdentityProvider_12.115.1001.0_x64__8wekyb3d8bbwe", "EventData.FilePath": "S-1-5-21-963789628-1060504924-4285088085-1001-MergedResources-18.pri", "EventData.Message": "Current user-specific merged PRI file ignored"}
{"EventID": "5507", "Channel": "Microsoft-Windows-AppXDeploymentServer/Operational", "Provider_Name": "Microsoft-Windows-AppXDeployment-Server", "Computer": "DESKTOP-OFJ6N53", "TimeCreated": "2025-07-24 21:46:35.643961+00:00", "RecordID": "114407", "Level": "5", "UserID": "S-1-5-21-963789628-1060504924-4285088085-1001", "EventData.PackageName": "Microsoft.XboxIdentityProvider_12.115.1001.0_x64__8wekyb3d8bbwe", "EventData.FilePath": "resources.5cec6f33.pri", "EventData.Message": "Current shared merged PRI file ignored"}
{"EventID": "5508", "Channel": "Microsoft-Windows-AppXDeploymentServer/Operational", "Provider_Name": "Microsoft-Windows-AppXDeployment-Server", "Computer": "DESKTOP-OFJ6N53", "TimeCreated": "2025-07-24 21:46:35.644901+00:00", "RecordID": "114408", "Level": "5", "UserID": "S-1-5-18", "EventData.PackageName": "Microsoft.XboxIdentityProvider_12.115.1001.0_x64__8wekyb3d8bbwe", "EventData.FilePath": "C:\\Program Files\\WindowsApps\\Microsoft.XboxIdentityProvider_12.115.1001.0_x64__8wekyb3d8bbwe\\microsoft.system.package.metadata\\resources.110ba50a.pri", "EventData.Message": "Deleted"}
{"EventID": "813", "Channel": "Microsoft-Windows-AppXDeploymentServer/Operational", "Provider_Name": "Microsoft-Windows-AppXDeployment-Server", "Computer": "DESKTOP-OFJ6N53", "TimeCreated": "2025-07-24 21:46:35.712906+00:00", "RecordID": "114409", "Level": "5", "UserID": "S-1-5-18", "EventData.PackageMoniker": "Microsoft.XboxIdentityProvider_12.115.1001.0_neutral_~_8wekyb3d8bbwe"}
{"EventID": "10002", "Channel": "Microsoft-Windows-AppXDeploymentServer/Operational", "Provider_Name": "Microsoft-Windows-AppXDeployment-Server", "Computer": "DESKTOP-OFJ6N53", "TimeCreated": "2025-07-24 21:46:36.233236+00:00", "RecordID": "114410", "Level": "5", "UserID": "S-1-5-18", "EventData.DeploymentOperation": "4", "EventData.MainPackageMoniker": "Microsoft.MicrosoftSolitaireCollection_4.23.7100.0_neutral_~_8wekyb3d8bbwe", "EventData.ResiliencyFilePath": "C:\\ProgramData\\Microsoft\\Windows\\AppRepository\\1dcd5e57-3e4d-43b5-9ff6-de398e075c95_S-1-5-18_12.rslc"}
{"EventID": "607", "Channel": "Microsoft-Windows-AppXDeploymentServer/Operational", "Provider_Name": "Microsoft-Windows-AppXDeployment-Server", "Computer": "DESKTOP-OFJ6N53", "TimeCreated": "2025-07-24 21:46:36.245539+00:00", "RecordID": "114411", "Level": "4", "UserID": "S-1-5-18", "EventData.DeploymentOperation": "4", "EventData.PackageFullName": "Microsoft.MicrosoftSolitaireCollection_4.23.7100.0_neutral_~_8wekyb3d8bbwe", "EventData.UserSid": "S-1-5-18", "EventData.CallingProcess": "svchost.exe,wuauserv"}
{"EventID": "614", "Channel": "Microsoft-Windows-AppXDeploymentServer/Operational", "Provider_Name": "Microsoft-Windows-AppXDeployment-Server", "Computer": "DESKTOP-OFJ6N53", "TimeCreated": "2025-07-24 21:46:36.248161+00:00", "RecordID": "114412", "Level": "5", "UserID": "S-1-5-18", "EventData.PathOne": "x-windowsupdate://D7C8B86A-2EB3-498C-B402-9A6CD3028663/1A36FD17-5161-4651-AE2D-13384E427EA8/93c3c9affee8d9a0f95a950acc82bf8036dea2d7", "EventData.PathTwo": "\"AppxMetadata\\Stub\\SolitaireCasualGamesStub_4.23.7099.0_ARM64.msix\": Microsoft.MicrosoftSolitaireCollection_4.23.7099.0_arm64__8wekyb3d8bbwe \"AppxMetadata\\Stub\\SolitaireCasualGamesStub_4.23.7099.0_Win32.msix\": Microsoft.MicrosoftSolitaireCollection_4.23.7099.0_x86__8wekyb3d8bbwe \"AppxMetadata\\Stub\\SolitaireCasualGamesStub_4.23.7099.0_x64.msix\": Microsoft.MicrosoftSolitaireCollection_4.23.7099.0_x64__8wekyb3d8bbwe \"Solitaire_4.23.7100.0_ARM64_Win10_Shipping.msix\": Microsoft.MicrosoftSolitaireCollection_4.23.7100.0_arm64__8wekyb3d8bbwe \"Solitaire_4.23.7100.0_Win32_Win10_Shipping.msix\": Microsoft.MicrosoftSolitaireCollection_4.23.7100.0_x86__8wekyb3d8bbwe \"Solitaire_4.23.7100.0_x64_Win10_Shipping.msix\": Microsoft.MicrosoftSolitaireCollection_4.23.7100.0_x64__8wekyb3d8bbwe \"Solitaire_4.23.7100.0_scale-125.msix\": Microsoft.MicrosoftSolitaireCollection_4.23.7100.0_neutral_split.scale-125_8wekyb3d8bbwe \"Solitaire_4.23.7100.0_scale-150.msix\": Microsoft.MicrosoftSolitaireCollection_4.23.7100.0_neutral_split.scale-150_8wekyb3d8bbwe \"Solitaire_4.23.7100.0_scale-200.msix\": Microsoft.MicrosoftSolitaireCollection_4.23.7100.0_neutral_split.scale-200_8wekyb3d8bbwe \"Solitaire_4.23.7100.0_scale-400.msix\": Microsoft.MicrosoftSolitaireCollection_4.23.7100.0_neutral_split.scale-400_8wekyb3d8bbwe"}
{"EventID": "10001", "Channel": "Microsoft-Windows-AppXDeploymentServer/Operational", "Provider_Name": "Microsoft-Windows-AppXDeployment-Server", "Computer": "DESKTOP-OFJ6N53", "TimeCreated": "2025-07-24 21:46:36.792429+00:00", "RecordID": "114413", "Level": "5", "UserID": "S-1-5-18", "EventData.PackageFullName": "Microsoft.XboxIdentityProvider_12.115.1001.0_x64__8wekyb3d8bbwe", "EventData.ErrorCode": "0x00000000"}
{"EventID": "10001", "Channel": "Microsoft-Windows-AppXDeploymentServer/Operational", "Provider_Name": "Microsoft-Windows-AppXDeployment-Server", "Computer": "DESKTOP-OFJ6N53", "TimeCreated": "2025-07-24 21:46:36.792866+00:00", "RecordID": "114414", "Level": "5", "UserID": "S-1-5-18", "EventData.PackageFullName": "Microsoft.XboxIdentityProvider_12.115.1001.0_x64__8wekyb3d8bbwe", "EventData.ErrorCode": "0x00000000"}
{"EventID": "10001", "Channel": "Microsoft-Windows-AppXDeploymentServer/Operational", "Provider_Name": "Microsoft-Windows-AppXDeployment-Server", "Computer": "DESKTOP-OFJ6N53", "TimeCreated": "2025-07-24 21:46:36.793036+00:00", "RecordID": "114415", "Level": "5", "UserID": "S-1-5-18", "EventData.PackageFullName": "Microsoft.XboxIdentityProvider_12.115.1001.0_neutral_split.language-ru_8wekyb3d8bbwe", "EventData.ErrorCode": "0x00000000"}
{"EventID": "10001", "Channel": "Microsoft-Windows-AppXDeploymentServer/Operational", "Provider_Name": "Microsoft-Windows-AppXDeployment-Server", "Computer": "DESKTOP-OFJ6N53", "TimeCreated": "2025-07-24 21:46:36.793139+00:00", "RecordID": "114416", "Level": "5", "UserID": "S-1-5-18", "EventData.PackageFullName": "Microsoft.XboxIdentityProvider_12.115.1001.0_neutral_split.language-ru_8wekyb3d8bbwe", "EventData.ErrorCode": "0x00000000"}
{"EventID": "10001", "Channel": "Microsoft-Windows-AppXDeploymentServer/Operational", "Provider_Name": "Microsoft-Windows-AppXDeployment-Server", "Computer": "DESKTOP-OFJ6N53", "TimeCreated": "2025-07-24 21:46:36.793213+00:00", "RecordID": "114417", "Level": "5", "UserID": "S-1-5-18", "EventData.PackageFullName": "Microsoft.XboxIdentityProvider_12.115.1001.0_neutral_split.scale-125_8wekyb3d8bbwe", "EventData.ErrorCode": "0x00000000"}
{"EventID": "10001", "Channel": "Microsoft-Windows-AppXDeploymentServer/Operational", "Provider_Name": "Microsoft-Windows-AppXDeployment-Server", "Computer": "DESKTOP-OFJ6N53", "TimeCreated": "2025-07-24 21:46:36.793285+00:00", "RecordID": "114418", "Level": "5", "UserID": "S-1-5-18", "EventData.PackageFullName": "Microsoft.XboxIdentityProvider_12.115.1001.0_neutral_split.scale-125_8wekyb3d8bbwe", "EventData.ErrorCode": "0x00000000"}
{"EventID": "10001", "Channel": "Microsoft-Windows-AppXDeploymentServer/Operational", "Provider_Name": "Microsoft-Windows-AppXDeployment-Server", "Computer": "DESKTOP-OFJ6N53", "TimeCreated": "2025-07-24 21:46:36.793344+00:00", "RecordID": "114419", "Level": "5", "UserID": "S-1-5-18", "EventData.PackageFullName": "Microsoft.XboxIdentityProvider_12.115.1001.0_x64__8wekyb3d8bbwe", "EventData.ErrorCode": "0x00000000"}
{"EventID": "10001", "Channel": "Microsoft-Windows-AppXDeploymentServer/Operational", "Provider_Name": "Microsoft-Windows-AppXDeployment-Server", "Computer": "DESKTOP-OFJ6N53", "TimeCreated": "2025-07-24 21:46:36.793417+00:00", "RecordID": "114420", "Level": "5", "UserID": "S-1-5-18", "EventData.PackageFullName": "Microsoft.XboxIdentityProvider_12.115.1001.0_x64__8wekyb3d8bbwe", "EventData.ErrorCode": "0x00000000"}
{"EventID": "10001", "Channel": "Microsoft-Windows-AppXDeploymentServer/Operational", "Provider_Name": "Microsoft-Windows-AppXDeployment-Server", "Computer": "DESKTOP-OFJ6N53", "TimeCreated": "2025-07-24 21:46:36.793488+00:00", "RecordID": "114421", "Level": "5", "UserID": "S-1-5-18", "EventData.PackageFullName": "Microsoft.XboxIdentityProvider_12.115.1001.0_neutral_~_8wekyb3d8bbwe", "EventData.ErrorCode": "0x00000000"}
{"EventID": "10001", "Channel": "Microsoft-Windows-AppXDeploymentServer/Operational", "Provider_Name": "Microsoft-Windows-AppXDeployment-Server", "Computer": "DESKTOP-OFJ6N53", "TimeCreated": "2025-07-24 21:46:36.793552+00:00", "RecordID": "114422", "Level": "5", "UserID": "S-1-5-18", "EventData.PackageFullName": "Microsoft.XboxIdentityProvider_12.115.1001.0_neutral_~_8wekyb3d8bbwe", "EventData.ErrorCode": "0x00000000"}
{"EventID": "400", "Channel": "Microsoft-Windows-AppXDeploymentServer/Operational", "Provider_Name": "Microsoft-Windows-AppXDeployment-Server", "Computer": "DESKTOP-OFJ6N53", "TimeCreated": "2025-07-24 21:46:37.117189+00:00", "RecordID": "114423", "Level": "4", "UserID": "S-1-5-21-963789628-1060504924-4285088085-1001", "EventData.DeploymentOperation": "6", "EventData.PackageFullName": "Microsoft.XboxIdentityProvider_12.115.1001.0_neutral_~_8wekyb3d8bbwe", "EventData.Path": "(AppxBundleManifest.xml)", "EventData.MountPoint": "C:", "EventData.TargetPlatform": "0x00000000", "EventData.SystemVolume": "True", "EventData.StorageId": "\\\\?\\Volume{c33a8663-71a2-4031-8cec-c21914fe12ad}", "EventData.IsCentennial": "False", "EventData.PackageType": "0x00000008", "EventData.IsPackageEncrypted": "False", "EventData.DeploymentOptions": "0x0004000004044800", "EventData.IsStreamingPackage": "False", "EventData.IsInRelatedSet": "False", "EventData.IsPackageUsingBDC": "False", "EventData.MainPackageFamilyName": "NULL", "EventData.CallingProcess": "svchost.exe,wuauserv", "EventData.IsOptional": "False", "EventData.PackageFlags": "0x00000400", "EventData.PackageFlags2": "0x00000800", "EventData.HasWin32alacarte": "False", "EventData.HasFullTrust": "False", "EventData.ExternalLocation": null, "EventData.PackageSourceUri": "x-windowsupdate://70FD9DF5-895E-4938-A938-B68EB3975457/9DB724C9-966D-4AEB-9D3B-D6B2C77F3DE3/a7dfb8412682a3a7d3263fd02ba70d7eac2c2ab9"}
{"EventID": "478", "Channel": "Microsoft-Windows-AppXDeploymentServer/Operational", "Provider_Name": "Microsoft-Windows-AppXDeployment-Server", "Computer": "DESKTOP-OFJ6N53", "TimeCreated": "2025-07-24 21:46:37.117292+00:00", "RecordID": "114424", "Level": "5", "UserID": "S-1-5-21-963789628-1060504924-4285088085-1001", "EventData.DeploymentOperation": "6", "EventData.PackageFullName": "Microsoft.XboxIdentityProvider_12.115.1001.0_x64__8wekyb3d8bbwe", "EventData.Path": "(AppxBundleManifest.xml)", "EventData.MountPoint": "C:", "EventData.TargetPlatform": "0x00000000", "EventData.SystemVolume": "True", "EventData.StorageId": "\\\\?\\Volume{c33a8663-71a2-4031-8cec-c21914fe12ad}", "EventData.IsCentennial": "False", "EventData.PackageType": "0x00000001", "EventData.IsPackageEncrypted": "False", "EventData.DeploymentOptions": "0x0004000004044800", "EventData.IsStreamingPackage": "False", "EventData.IsInRelatedSet": "False", "EventData.IsPackageUsingBDC": "False", "EventData.MainPackageFamilyName": "NULL", "EventData.CallingProcess": "svchost.exe,wuauserv", "EventData.IsOptional": "False", "EventData.PackageFlags": "0x00000008", "EventData.PackageFlags2": "0x00000800", "EventData.HasWin32alacarte": "False", "EventData.HasFullTrust": "False", "EventData.ExternalLocation": null, "EventData.PackageSourceUri": "x-windowsupdate://70FD9DF5-895E-4938-A938-B68EB3975457/9DB724C9-966D-4AEB-9D3B-D6B2C77F3DE3/a7dfb8412682a3a7d3263fd02ba70d7eac2c2ab9"}
{"EventID": "472", "Channel": "Microsoft-Windows-AppXDeploymentServer/Operational", "Provider_Name": "Microsoft-Windows-AppXDeployment-Server", "Computer": "DESKTOP-OFJ6N53", "TimeCreated": "2025-07-24 21:46:37.128208+00:00", "RecordID": "114425", "Level": "5", "UserID": "S-1-5-18", "EventData.SourceFolderPath": "\\\\?\\C:\\Program Files\\WindowsApps\\Microsoft.XboxIdentityProvider_12.115.1001.0_neutral_split.scale-200_8wekyb3d8bbwe", "EventData.DestinationFolderPath": "\\\\?\\C:\\Program Files\\WindowsApps\\Deleted\\Microsoft.XboxIdentityProvider_12.115.1001.0_neutral_split.scale-200_8wekyb3d8bbwe8da39565-8719-454e-ac53-c20b8f693cfa", "EventData.ErrorCode": "0x00000000"}
{"EventID": "649", "Channel": "Microsoft-Windows-AppXDeploymentServer/Operational", "Provider_Name": "Microsoft-Windows-AppXDeployment-Server", "Computer": "DESKTOP-OFJ6N53", "TimeCreated": "2025-07-24 21:46:37.209499+00:00", "RecordID": "114426", "Level": "4", "UserID": "S-1-5-21-963789628-1060504924-4285088085-1001", "EventData.DeploymentOperation": "6", "EventData.PackageFullName": "Microsoft.XboxIdentityProvider_12.115.1001.0_neutral_~_8wekyb3d8bbwe", "EventData.Summary": "PostDeploymentOperationCheck cost: 0 ms"}
{"EventID": "613", "Channel": "Microsoft-Windows-AppXDeploymentServer/Operational", "Provider_Name": "Microsoft-Windows-AppXDeployment-Server", "Computer": "DESKTOP-OFJ6N53", "TimeCreated": "2025-07-24 21:46:37.308971+00:00", "RecordID": "114427", "Level": "4", "UserID": "S-1-5-21-963789628-1060504924-4285088085-1001", "EventData.DeploymentOperation": "6", "EventData.PackageFullName": "Microsoft.XboxIdentityProvider_12.115.1001.0_neutral_~_8wekyb3d8bbwe", "EventData.Summary": "Overall time: 2937 ms\nEnqueue cost: 16 ms\nDequeue delay: 0 ms\nGap: 15 ms\nBundle processing cost: 31 ms\nIndexing cost: 141 ms\nResolve dependency cost: 47 ms\nGap: 16 ms\nCheck approval cost: 15 ms\nEvaluation cost: 0 ms\nHardlinking evaluation cost: 0 ms\nStage required cost: 31 ms\nFlushing and closing files cost: 0 ms\nMachine register cost: 0 ms\nStage user data cost: 16 ms\nGap: 47 ms\nRegistration cost: 953 ms\nGap: 47 ms\nRepository commit transaction cost: 1047 ms\nGap: 344 ms\nData flush cost: 78 ms\nPost DeStage repository commit transaction cost: 0 ms\nRemaining cost: 93 ms"}
{"EventID": "603", "Channel": "Microsoft-Windows-AppXDeploymentServer/Operational", "Provider_Name": "Microsoft-Windows-AppXDeployment-Server", "Computer": "DESKTOP-OFJ6N53", "TimeCreated": "2025-07-24 21:46:40.937574+00:00", "RecordID": "114428", "Level": "4", "UserID": "S-1-5-18", "EventData.DeploymentOperation": "4", "EventData.Path": "22d4dd8c622657fc3fa42bef1e2b253028aa0dd6", "EventData.Flags": "67108864", "EventData.FlagsHigh": "128", "EventData.CallingProcess": "svchost.exe,wuauserv", "EventData.ExternalLocation": null}
{"EventID": "603", "Channel": "Microsoft-Windows-AppXDeploymentServer/Operational", "Provider_Name": "Microsoft-Windows-AppXDeployment-Server", "Computer": "DESKTOP-OFJ6N53", "TimeCreated": "2025-07-24 21:46:40.937618+00:00", "RecordID": "114429", "Level": "4", "UserID": "S-1-5-21-963789628-1060504924-4285088085-1001", "EventData.DeploymentOperation": "20", "EventData.Path": "Microsoft.WindowsSoundRecorder_8wekyb3d8bbwe", "EventData.Flags": "67127296", "EventData.FlagsHigh": "262144", "EventData.CallingProcess": "svchost.exe,wuauserv", "EventData.ExternalLocation": null}
{"EventID": "10002", "Channel": "Microsoft-Windows-AppXDeploymentServer/Operational", "Provider_Name": "Microsoft-Windows-AppXDeployment-Server", "Computer": "DESKTOP-OFJ6N53", "TimeCreated": "2025-07-24 21:46:40.963425+00:00", "RecordID": "114430", "Level": "5", "UserID": "S-1-5-18", "EventData.DeploymentOperation": "6", "EventData.MainPackageMoniker": "Microsoft.WindowsSoundRecorder_2021.2103.28.0_neutral_~_8wekyb3d8bbwe", "EventData.ResiliencyFilePath": "C:\\ProgramData\\Microsoft\\Windows\\AppRepository\\1dcd5e57-3e4d-43b5-9ff6-de398e075c95_S-1-5-21-963789628-1060504924-4285088085-1001_13.rslc"}
{"EventID": "607", "Channel": "Microsoft-Windows-AppXDeploymentServer/Operational", "Provider_Name": "Microsoft-Windows-AppXDeployment-Server", "Computer": "DESKTOP-OFJ6N53", "TimeCreated": "2025-07-24 21:46:40.964056+00:00", "RecordID": "114431", "Level": "4", "UserID": "S-1-5-21-963789628-1060504924-4285088085-1001", "EventData.DeploymentOperation": "6", "EventData.PackageFullName": "Microsoft.WindowsSoundRecorder_2021.2103.28.0_neutral_~_8wekyb3d8bbwe", "EventData.UserSid": "S-1-5-21-963789628-1060504924-4285088085-1001", "EventData.CallingProcess": "svchost.exe,wuauserv"}
