{"EventID": "1011", "Channel": "Microsoft-Windows-SMBServer/Operational", "Provider_Name": "Microsoft-Windows-SMBServer", "Computer": "DESKTOP-OFJ6N53", "TimeCreated": "2023-04-19 08:54:30.806557+00:00", "RecordID": "3654", "Level": "4", "UserID": "S-1-5-18"}
{"EventID": "1010", "Channel": "Microsoft-Windows-SMBServer/Operational", "Provider_Name": "Microsoft-Windows-SMBServer", "Computer": "DESKTOP-OFJ6N53", "TimeCreated": "2023-04-19 08:54:45.918470+00:00", "RecordID": "3655", "Level": "4", "UserID": "S-1-5-18"}
{"EventID": "1011", "Channel": "Microsoft-Windows-SMBServer/Operational", "Provider_Name": "Microsoft-Windows-SMBServer", "Computer": "DESKTOP-OFJ6N53", "TimeCreated": "2023-04-19 09:30:28.276993+00:00", "RecordID": "3656", "Level": "4", "UserID": "S-1-5-18"}
{"EventID": "1010", "Channel": "Microsoft-Windows-SMBServer/Operational", "Provider_Name": "Microsoft-Windows-SMBServer", "Computer": "DESKTOP-OFJ6N53", "TimeCreated": "2023-04-19 09:30:44.749012+00:00", "RecordID": "3657", "Level": "4", "UserID": "S-1-5-18"}
{"EventID": "1011", "Channel": "Microsoft-Windows-SMBServer/Operational", "Provider_Name": "Microsoft-Windows-SMBServer", "Computer": "DESKTOP-OFJ6N53", "TimeCreated": "2023-04-19 09:34:47.964247+00:00", "RecordID": "3658", "Level": "4", "UserID": "S-1-5-18"}
{"EventID": "1010", "Channel": "Microsoft-Windows-SMBServer/Operational", "Provider_Name": "Microsoft-Windows-SMBServer", "Computer": "DESKTOP-OFJ6N53", "TimeCreated": "2023-04-19 09:35:03.434278+00:00", "RecordID": "3659", "Level": "4", "UserID": "S-1-5-18"}
{"EventID": "1011", "Channel": "Microsoft-Windows-SMBServer/Operational", "Provider_Name": "Microsoft-Windows-SMBServer", "Computer": "DESKTOP-OFJ6N53", "TimeCreated": "2023-04-19 09:41:32.157082+00:00", "RecordID": "3660", "Level": "4", "UserID": "S-1-5-18"}
{"EventID": "1010", "Channel": "Microsoft-Windows-SMBServer/Operational", "Provider_Name": "Microsoft-Windows-SMBServer", "Computer": "DESKTOP-OFJ6N53", "TimeCreated": "2023-04-19 09:41:46.917976+00:00", "RecordID": "3661", "Level": "4", "UserID": "S-1-5-18"}
{"EventID": "1011", "Channel": "Microsoft-Windows-SMBServer/Operational", "Provider_Name": "Microsoft-Windows-SMBServer", "Computer": "DESKTOP-OFJ6N53", "TimeCreated": "2023-04-19 09:57:41.141636+00:00", "RecordID": "3662", "Level": "4", "UserID": "S-1-5-18"}
{"EventID": "1010", "Channel": "Microsoft-Windows-SMBServer/Operational", "Provider_Name": "Microsoft-Windows-SMBServer", "Computer": "DESKTOP-OFJ6N53", "TimeCreated": "2023-04-19 09:57:56.434191+00:00", "RecordID": "3663", "Level": "4", "UserID": "S-1-5-18"}
{"EventID": "1011", "Channel": "Microsoft-Windows-SMBServer/Operational", "Provider_Name": "Microsoft-Windows-SMBServer", "Computer": "DESKTOP-OFJ6N53", "TimeCreated": "2023-04-19 10:00:25.549461+00:00", "RecordID": "3664", "Level": "4", "UserID": "S-1-5-18"}
{"EventID": "1010", "Channel": "Microsoft-Windows-SMBServer/Operational", "Provider_Name": "Microsoft-Windows-SMBServer", "Computer": "DESKTOP-OFJ6N53", "TimeCreated": "2023-04-19 10:00:32.433666+00:00", "RecordID": "3665", "Level": "4", "UserID": "S-1-5-18"}
{"EventID": "1011", "Channel": "Microsoft-Windows-SMBServer/Operational", "Provider_Name": "Microsoft-Windows-SMBServer", "Computer": "DESKTOP-OFJ6N53", "TimeCreated": "2023-04-19 10:25:58.179924+00:00", "RecordID": "3666", "Level": "4", "UserID": "S-1-5-18"}
{"EventID": "1010", "Channel": "Microsoft-Windows-SMBServer/Operational", "Provider_Name": "Microsoft-Windows-SMBServer", "Computer": "DESKTOP-OFJ6N53", "TimeCreated": "2023-04-19 10:26:13.919472+00:00", "RecordID": "3667", "Level": "4", "UserID": "S-1-5-18"}
{"EventID": "1011", "Channel": "Microsoft-Windows-SMBServer/Operational", "Provider_Name": "Microsoft-Windows-SMBServer", "Computer": "DESKTOP-OFJ6N53", "TimeCreated": "2023-04-19 10:36:42.871853+00:00", "RecordID": "3668", "Level": "4", "UserID": "S-1-5-18"}
{"EventID": "1010", "Channel": "Microsoft-Windows-SMBServer/Operational", "Provider_Name": "Microsoft-Windows-SMBServer", "Computer": "DESKTOP-OFJ6N53", "TimeCreated": "2023-04-19 10:36:58.903339+00:00", "RecordID": "3669", "Level": "4", "UserID": "S-1-5-18"}
{"EventID": "1011", "Channel": "Microsoft-Windows-SMBServer/Operational", "Provider_Name": "Microsoft-Windows-SMBServer", "Computer": "DESKTOP-OFJ6N53", "TimeCreated": "2023-04-19 10:38:06.725828+00:00", "RecordID": "3670", "Level": "4", "UserID": "S-1-5-18"}
{"EventID": "1010", "Channel": "Microsoft-Windows-SMBServer/Operational", "Provider_Name": "Microsoft-Windows-SMBServer", "Computer": "DESKTOP-OFJ6N53", "TimeCreated": "2023-04-19 12:41:11.449919+00:00", "RecordID": "3671", "Level": "4", "UserID": "S-1-5-18"}
{"EventID": "1011", "Channel": "Microsoft-Windows-SMBServer/Operational", "Provider_Name": "Microsoft-Windows-SMBServer", "Computer": "DESKTOP-OFJ6N53", "TimeCreated": "2023-04-19 12:54:10.497490+00:00", "RecordID": "3672", "Level": "4", "UserID": "S-1-5-18"}
{"EventID": "1010", "Channel": "Microsoft-Windows-SMBServer/Operational", "Provider_Name": "Microsoft-Windows-SMBServer", "Computer": "DESKTOP-OFJ6N53", "TimeCreated": "2023-04-19 13:00:34.855431+00:00", "RecordID": "3673", "Level": "4", "UserID": "S-1-5-18"}
{"EventID": "1011", "Channel": "Microsoft-Windows-SMBServer/Operational", "Provider_Name": "Microsoft-Windows-SMBServer", "Computer": "DESKTOP-OFJ6N53", "TimeCreated": "2023-04-19 13:26:35.771770+00:00", "RecordID": "3674", "Level": "4", "UserID": "S-1-5-18"}
{"EventID": "1010", "Channel": "Microsoft-Windows-SMBServer/Operational", "Provider_Name": "Microsoft-Windows-SMBServer", "Computer": "DESKTOP-OFJ6N53", "TimeCreated": "2023-04-19 13:30:14.976707+00:00", "RecordID": "3675", "Level": "4", "UserID": "S-1-5-18"}
{"EventID": "1011", "Channel": "Microsoft-Windows-SMBServer/Operational", "Provider_Name": "Microsoft-Windows-SMBServer", "Computer": "DESKTOP-OFJ6N53", "TimeCreated": "2023-04-19 13:31:33.154358+00:00", "RecordID": "3676", "Level": "4", "UserID": "S-1-5-18"}
{"EventID": "1010", "Channel": "Microsoft-Windows-SMBServer/Operational", "Provider_Name": "Microsoft-Windows-SMBServer", "Computer": "DESKTOP-OFJ6N53", "TimeCreated": "2023-04-19 14:02:04.996128+00:00", "RecordID": "3677", "Level": "4", "UserID": "S-1-5-18"}
{"EventID": "1011", "Channel": "Microsoft-Windows-SMBServer/Operational", "Provider_Name": "Microsoft-Windows-SMBServer", "Computer": "DESKTOP-OFJ6N53", "TimeCreated": "2023-04-19 14:04:44.548382+00:00", "RecordID": "3678", "Level": "4", "UserID": "S-1-5-18"}
{"EventID": "1010", "Channel": "Microsoft-Windows-SMBServer/Operational", "Provider_Name": "Microsoft-Windows-SMBServer", "Computer": "DESKTOP-OFJ6N53", "TimeCreated": "2023-04-19 14:05:15.433542+00:00", "RecordID": "3679", "Level": "4", "UserID": "S-1-5-18"}
{"EventID": "1011", "Channel": "Microsoft-Windows-SMBServer/Operational", "Provider_Name": "Microsoft-Windows-SMBServer", "Computer": "DESKTOP-OFJ6N53", "TimeCreated": "2023-04-19 14:07:59.390015+00:00", "RecordID": "3680", "Level": "4", "UserID": "S-1-5-18"}
{"EventID": "1010", "Channel": "Microsoft-Windows-SMBServer/Operational", "Provider_Name": "Microsoft-Windows-SMBServer", "Computer": "DESKTOP-OFJ6N53", "TimeCreated": "2023-04-19 14:08:31.417967+00:00", "RecordID": "3681", "Level": "4", "UserID": "S-1-5-18"}
{"EventID": "1011", "Channel": "Microsoft-Windows-SMBServer/Operational", "Provider_Name": "Microsoft-Windows-SMBServer", "Computer": "DESKTOP-OFJ6N53", "TimeCreated": "2023-04-19 14:11:16.909660+00:00", "RecordID": "3682", "Level": "4", "UserID": "S-1-5-18"}
{"EventID": "1010", "Channel": "Microsoft-Windows-SMBServer/Operational", "Provider_Name": "Microsoft-Windows-SMBServer", "Computer": "DESKTOP-OFJ6N53", "TimeCreated": "2023-04-19 14:11:53.402546+00:00", "RecordID": "3683", "Level": "4", "UserID": "S-1-5-18"}
{"EventID": "1011", "Channel": "Microsoft-Windows-SMBServer/Operational", "Provider_Name": "Microsoft-Windows-SMBServer", "Computer": "DESKTOP-OFJ6N53", "TimeCreated": "2023-04-19 14:14:31.641415+00:00", "RecordID": "3684", "Level": "4", "UserID": "S-1-5-18"}
{"EventID": "1010", "Channel": "Microsoft-Windows-SMBServer/Operational", "Provider_Name": "Microsoft-Windows-SMBServer", "Computer": "DESKTOP-OFJ6N53", "TimeCreated": "2023-04-19 14:15:02.418327+00:00", "RecordID": "3685", "Level": "4", "UserID": "S-1-5-18"}
{"EventID": "1011", "Channel": "Microsoft-Windows-SMBServer/Operational", "Provider_Name": "Microsoft-Windows-SMBServer", "Computer": "DESKTOP-OFJ6N53", "TimeCreated": "2023-04-19 14:17:40.533394+00:00", "RecordID": "3686", "Level": "4", "UserID": "S-1-5-18"}
{"EventID": "1010", "Channel": "Microsoft-Windows-SMBServer/Operational", "Provider_Name": "Microsoft-Windows-SMBServer", "Computer": "DESKTOP-OFJ6N53", "TimeCreated": "2023-04-19 14:18:09.933558+00:00", "RecordID": "3687", "Level": "4", "UserID": "S-1-5-18"}
{"EventID": "1011", "Channel": "Microsoft-Windows-SMBServer/Operational", "Provider_Name": "Microsoft-Windows-SMBServer", "Computer": "DESKTOP-OFJ6N53", "TimeCreated": "2023-04-19 14:21:36.102749+00:00", "RecordID": "3688", "Level": "4", "UserID": "S-1-5-18"}
{"EventID": "1010", "Channel": "Microsoft-Windows-SMBServer/Operational", "Provider_Name": "Microsoft-Windows-SMBServer", "Computer": "DESKTOP-OFJ6N53", "TimeCreated": "2023-04-19 14:21:51.918198+00:00", "RecordID": "3689", "Level": "4", "UserID": "S-1-5-18"}
{"EventID": "1011", "Channel": "Microsoft-Windows-SMBServer/Operational", "Provider_Name": "Microsoft-Windows-SMBServer", "Computer": "DESKTOP-OFJ6N53", "TimeCreated": "2023-04-19 14:24:22.491085+00:00", "RecordID": "3690", "Level": "4", "UserID": "S-1-5-18"}
{"EventID": "1010", "Channel": "Microsoft-Windows-SMBServer/Operational", "Provider_Name": "Microsoft-Windows-SMBServer", "Computer": "DESKTOP-OFJ6N53", "TimeCreated": "2023-04-19 14:24:50.949160+00:00", "RecordID": "3691", "Level": "4", "UserID": "S-1-5-18"}
{"EventID": "1011", "Channel": "Microsoft-Windows-SMBServer/Operational", "Provider_Name": "Microsoft-Windows-SMBServer", "Computer": "DESKTOP-OFJ6N53", "TimeCreated": "2023-04-19 14:27:26.288639+00:00", "RecordID": "3692", "Level": "4", "UserID": "S-1-5-18"}
{"EventID": "1010", "Channel": "Microsoft-Windows-SMBServer/Operational", "Provider_Name": "Microsoft-Windows-SMBServer", "Computer": "DESKTOP-OFJ6N53", "TimeCreated": "2023-04-19 14:27:43.402319+00:00", "RecordID": "3693", "Level": "4", "UserID": "S-1-5-18"}
{"EventID": "1011", "Channel": "Microsoft-Windows-SMBServer/Operational", "Provider_Name": "Microsoft-Windows-SMBServer", "Computer": "DESKTOP-OFJ6N53", "TimeCreated": "2023-04-19 14:31:13.779545+00:00", "RecordID": "3694", "Level": "4", "UserID": "S-1-5-18"}
{"EventID": "1010", "Channel": "Microsoft-Windows-SMBServer/Operational", "Provider_Name": "Microsoft-Windows-SMBServer", "Computer": "DESKTOP-OFJ6N53", "TimeCreated": "2023-04-19 14:31:29.417856+00:00", "RecordID": "3695", "Level": "4", "UserID": "S-1-5-18"}
{"EventID": "1011", "Channel": "Microsoft-Windows-SMBServer/Operational", "Provider_Name": "Microsoft-Windows-SMBServer", "Computer": "DESKTOP-OFJ6N53", "TimeCreated": "2023-04-19 14:34:57.161762+00:00", "RecordID": "3696", "Level": "4", "UserID": "S-1-5-18"}
{"EventID": "1010", "Channel": "Microsoft-Windows-SMBServer/Operational", "Provider_Name": "Microsoft-Windows-SMBServer", "Computer": "DESKTOP-OFJ6N53", "TimeCreated": "2023-04-19 14:35:12.433558+00:00", "RecordID": "3697", "Level": "4", "UserID": "S-1-5-18"}
{"EventID": "1011", "Channel": "Microsoft-Windows-SMBServer/Operational", "Provider_Name": "Microsoft-Windows-SMBServer", "Computer": "DESKTOP-OFJ6N53", "TimeCreated": "2023-04-19 14:37:22.370600+00:00", "RecordID": "3698", "Level": "4", "UserID": "S-1-5-18"}
{"EventID": "1010", "Channel": "Microsoft-Windows-SMBServer/Operational", "Provider_Name": "Microsoft-Windows-SMBServer", "Computer": "DESKTOP-OFJ6N53", "TimeCreated": "2023-04-19 14:37:53.417870+00:00", "RecordID": "3699", "Level": "4", "UserID": "S-1-5-18"}
{"EventID": "1011", "Channel": "Microsoft-Windows-SMBServer/Operational", "Provider_Name": "Microsoft-Windows-SMBServer", "Computer": "DESKTOP-OFJ6N53", "TimeCreated": "2023-04-19 14:40:32.248901+00:00", "RecordID": "3700", "Level": "4", "UserID": "S-1-5-18"}
{"EventID": "1010", "Channel": "Microsoft-Windows-SMBServer/Operational", "Provider_Name": "Microsoft-Windows-SMBServer", "Computer": "DESKTOP-OFJ6N53", "TimeCreated": "2023-04-19 14:40:57.418068+00:00", "RecordID": "3701", "Level": "4", "UserID": "S-1-5-18"}
{"EventID": "1011", "Channel": "Microsoft-Windows-SMBServer/Operational", "Provider_Name": "Microsoft-Windows-SMBServer", "Computer": "DESKTOP-OFJ6N53", "TimeCreated": "2023-04-19 14:43:43.013477+00:00", "RecordID": "3702", "Level": "4", "UserID": "S-1-5-18"}
{"EventID": "1010", "Channel": "Microsoft-Windows-SMBServer/Operational", "Provider_Name": "Microsoft-Windows-SMBServer", "Computer": "DESKTOP-OFJ6N53", "TimeCreated": "2023-04-19 14:44:11.918005+00:00", "RecordID": "3703", "Level": "4", "UserID": "S-1-5-18"}
{"EventID": "1011", "Channel": "Microsoft-Windows-SMBServer/Operational", "Provider_Name": "Microsoft-Windows-SMBServer", "Computer": "DESKTOP-OFJ6N53", "TimeCreated": "2023-04-19 14:46:54.867002+00:00", "RecordID": "3704", "Level": "4", "UserID": "S-1-5-18"}
{"EventID": "1010", "Channel": "Microsoft-Windows-SMBServer/Operational", "Provider_Name": "Microsoft-Windows-SMBServer", "Computer": "DESKTOP-OFJ6N53", "TimeCreated": "2023-04-19 14:47:24.950991+00:00", "RecordID": "3705", "Level": "4", "UserID": "S-1-5-18"}
{"EventID": "1011", "Channel": "Microsoft-Windows-SMBServer/Operational", "Provider_Name": "Microsoft-Windows-SMBServer", "Computer": "DESKTOP-OFJ6N53", "TimeCreated": "2023-04-19 14:53:40.079962+00:00", "RecordID": "3706", "Level": "4", "UserID": "S-1-5-18"}
{"EventID": "1010", "Channel": "Microsoft-Windows-SMBServer/Operational", "Provider_Name": "Microsoft-Windows-SMBServer", "Computer": "DESKTOP-OFJ6N53", "TimeCreated": "2023-04-19 14:53:54.949209+00:00", "RecordID": "3707", "Level": "4", "UserID": "S-1-5-18"}
{"EventID": "1011", "Channel": "Microsoft-Windows-SMBServer/Operational", "Provider_Name": "Microsoft-Windows-SMBServer", "Computer": "DESKTOP-OFJ6N53", "TimeCreated": "2023-04-19 15:01:19.228683+00:00", "RecordID": "3708", "Level": "4", "UserID": "S-1-5-18"}
{"EventID": "1010", "Channel": "Microsoft-Windows-SMBServer/Operational", "Provider_Name": "Microsoft-Windows-SMBServer", "Computer": "DESKTOP-OFJ6N53", "TimeCreated": "2023-04-19 15:01:34.449186+00:00", "RecordID": "3709", "Level": "4", "UserID": "S-1-5-18"}
{"EventID": "1011", "Channel": "Microsoft-Windows-SMBServer/Operational", "Provider_Name": "Microsoft-Windows-SMBServer", "Computer": "DESKTOP-OFJ6N53", "TimeCreated": "2023-04-19 15:04:18.669891+00:00", "RecordID": "3710", "Level": "4", "UserID": "S-1-5-18"}
{"EventID": "1010", "Channel": "Microsoft-Windows-SMBServer/Operational", "Provider_Name": "Microsoft-Windows-SMBServer", "Computer": "DESKTOP-OFJ6N53", "TimeCreated": "2023-04-19 15:04:47.918015+00:00", "RecordID": "3711", "Level": "4", "UserID": "S-1-5-18"}
{"EventID": "1011", "Channel": "Microsoft-Windows-SMBServer/Operational", "Provider_Name": "Microsoft-Windows-SMBServer", "Computer": "DESKTOP-OFJ6N53", "TimeCreated": "2023-04-19 15:22:50.849421+00:00", "RecordID": "3712", "Level": "4", "UserID": "S-1-5-18"}
{"EventID": "1010", "Channel": "Microsoft-Windows-SMBServer/Operational", "Provider_Name": "Microsoft-Windows-SMBServer", "Computer": "DESKTOP-OFJ6N53", "TimeCreated": "2023-04-19 15:23:06.700356+00:00", "RecordID": "3713", "Level": "4", "UserID": "S-1-5-18"}
{"EventID": "1011", "Channel": "Microsoft-Windows-SMBServer/Operational", "Provider_Name": "Microsoft-Windows-SMBServer", "Computer": "DESKTOP-OFJ6N53", "TimeCreated": "2023-04-19 15:25:38.375097+00:00", "RecordID": "3714", "Level": "4", "UserID": "S-1-5-18"}
{"EventID": "1010", "Channel": "Microsoft-Windows-SMBServer/Operational", "Provider_Name": "Microsoft-Windows-SMBServer", "Computer": "DESKTOP-OFJ6N53", "TimeCreated": "2023-04-19 15:25:54.949282+00:00", "RecordID": "3715", "Level": "4", "UserID": "S-1-5-18"}
{"EventID": "1011", "Channel": "Microsoft-Windows-SMBServer/Operational", "Provider_Name": "Microsoft-Windows-SMBServer", "Computer": "DESKTOP-OFJ6N53", "TimeCreated": "2023-04-19 15:28:35.957773+00:00", "RecordID": "3716", "Level": "4", "UserID": "S-1-5-18"}
{"EventID": "1010", "Channel": "Microsoft-Windows-SMBServer/Operational", "Provider_Name": "Microsoft-Windows-SMBServer", "Computer": "DESKTOP-OFJ6N53", "TimeCreated": "2023-04-19 15:29:02.418135+00:00", "RecordID": "3717", "Level": "4", "UserID": "S-1-5-18"}
{"EventID": "1011", "Channel": "Microsoft-Windows-SMBServer/Operational", "Provider_Name": "Microsoft-Windows-SMBServer", "Computer": "DESKTOP-OFJ6N53", "TimeCreated": "2023-04-19 15:31:50.808447+00:00", "RecordID": "3718", "Level": "4", "UserID": "S-1-5-18"}
{"EventID": "1010", "Channel": "Microsoft-Windows-SMBServer/Operational", "Provider_Name": "Microsoft-Windows-SMBServer", "Computer": "DESKTOP-OFJ6N53", "TimeCreated": "2023-04-19 15:32:18.902380+00:00", "RecordID": "3719", "Level": "4", "UserID": "S-1-5-18"}
{"EventID": "1011", "Channel": "Microsoft-Windows-SMBServer/Operational", "Provider_Name": "Microsoft-Windows-SMBServer", "Computer": "DESKTOP-OFJ6N53", "TimeCreated": "2023-04-19 15:35:05.694117+00:00", "RecordID": "3720", "Level": "4", "UserID": "S-1-5-18"}
{"EventID": "1010", "Channel": "Microsoft-Windows-SMBServer/Operational", "Provider_Name": "Microsoft-Windows-SMBServer", "Computer": "DESKTOP-OFJ6N53", "TimeCreated": "2023-04-19 15:35:43.949173+00:00", "RecordID": "3721", "Level": "4", "UserID": "S-1-5-18"}
{"EventID": "1011", "Channel": "Microsoft-Windows-SMBServer/Operational", "Provider_Name": "Microsoft-Windows-SMBServer", "Computer": "DESKTOP-OFJ6N53", "TimeCreated": "2023-04-19 15:38:27.619730+00:00", "RecordID": "3722", "Level": "4", "UserID": "S-1-5-18"}
{"EventID": "1010", "Channel": "Microsoft-Windows-SMBServer/Operational", "Provider_Name": "Microsoft-Windows-SMBServer", "Computer": "DESKTOP-OFJ6N53", "TimeCreated": "2023-04-19 15:38:59.282179+00:00", "RecordID": "3723", "Level": "4", "UserID": "S-1-5-18"}
{"EventID": "1011", "Channel": "Microsoft-Windows-SMBServer/Operational", "Provider_Name": "Microsoft-Windows-SMBServer", "Computer": "DESKTOP-OFJ6N53", "TimeCreated": "2023-04-19 16:30:34.644800+00:00", "RecordID": "3724", "Level": "4", "UserID": "S-1-5-18"}
{"EventID": "1010", "Channel": "Microsoft-Windows-SMBServer/Operational", "Provider_Name": "Microsoft-Windows-SMBServer", "Computer": "DESKTOP-OFJ6N53", "TimeCreated": "2023-04-19 16:30:52.415325+00:00", "RecordID": "3725", "Level": "4", "UserID": "S-1-5-18"}
{"EventID": "1011", "Channel": "Microsoft-Windows-SMBServer/Operational", "Provider_Name": "Microsoft-Windows-SMBServer", "Computer": "DESKTOP-OFJ6N53", "TimeCreated": "2023-04-19 17:09:09.221077+00:00", "RecordID": "3726", "Level": "4", "UserID": "S-1-5-18"}
{"EventID": "1010", "Channel": "Microsoft-Windows-SMBServer/Operational", "Provider_Name": "Microsoft-Windows-SMBServer", "Computer": "DESKTOP-OFJ6N53", "TimeCreated": "2023-04-19 17:09:26.422733+00:00", "RecordID": "3727", "Level": "4", "UserID": "S-1-5-18"}
{"EventID": "1011", "Channel": "Microsoft-Windows-SMBServer/Operational", "Provider_Name": "Microsoft-Windows-SMBServer", "Computer": "DESKTOP-OFJ6N53", "TimeCreated": "2023-04-19 17:57:00.791159+00:00", "RecordID": "3728", "Level": "4", "UserID": "S-1-5-18"}
{"EventID": "1010", "Channel": "Microsoft-Windows-SMBServer/Operational", "Provider_Name": "Microsoft-Windows-SMBServer", "Computer": "DESKTOP-OFJ6N53", "TimeCreated": "2023-04-19 17:57:17.936049+00:00", "RecordID": "3729", "Level": "4", "UserID": "S-1-5-18"}
{"EventID": "1011", "Channel": "Microsoft-Windows-SMBServer/Operational", "Provider_Name": "Microsoft-Windows-SMBServer", "Computer": "DESKTOP-OFJ6N53", "TimeCreated": "2023-04-19 18:27:49.233419+00:00", "RecordID": "3730", "Level": "4", "UserID": "S-1-5-18"}
{"EventID": "1010", "Channel": "Microsoft-Windows-SMBServer/Operational", "Provider_Name": "Microsoft-Windows-SMBServer", "Computer": "DESKTOP-OFJ6N53", "TimeCreated": "2023-04-19 18:28:07.963774+00:00", "RecordID": "3731", "Level": "4", "UserID": "S-1-5-18"}
{"EventID": "1011", "Channel": "Microsoft-Windows-SMBServer/Operational", "Provider_Name": "Microsoft-Windows-SMBServer", "Computer": "DESKTOP-OFJ6N53", "TimeCreated": "2023-04-19 19:09:35.250200+00:00", "RecordID": "3732", "Level": "4", "UserID": "S-1-5-18"}
{"EventID": "1010", "Channel": "Microsoft-Windows-SMBServer/Operational", "Provider_Name": "Microsoft-Windows-SMBServer", "Computer": "DESKTOP-OFJ6N53", "TimeCreated": "2023-04-19 19:09:52.425774+00:00", "RecordID": "3733", "Level": "4", "UserID": "S-1-5-18"}
{"EventID": "1011", "Channel": "Microsoft-Windows-SMBServer/Operational", "Provider_Name": "Microsoft-Windows-SMBServer", "Computer": "DESKTOP-OFJ6N53", "TimeCreated": "2023-04-19 19:58:36.922928+00:00", "RecordID": "3734", "Level": "4", "UserID": "S-1-5-18"}
{"EventID": "1010", "Channel": "Microsoft-Windows-SMBServer/Operational", "Provider_Name": "Microsoft-Windows-SMBServer", "Computer": "DESKTOP-OFJ6N53", "TimeCreated": "2023-04-19 19:58:53.910715+00:00", "RecordID": "3735", "Level": "4", "UserID": "S-1-5-18"}
{"EventID": "1011", "Channel": "Microsoft-Windows-SMBServer/Operational", "Provider_Name": "Microsoft-Windows-SMBServer", "Computer": "DESKTOP-OFJ6N53", "TimeCreated": "2023-04-19 20:44:14.352840+00:00", "RecordID": "3736", "Level": "4", "UserID": "S-1-5-18"}
{"EventID": "1010", "Channel": "Microsoft-Windows-SMBServer/Operational", "Provider_Name": "Microsoft-Windows-SMBServer", "Computer": "DESKTOP-OFJ6N53", "TimeCreated": "2023-04-19 20:44:31.393631+00:00", "RecordID": "3737", "Level": "4", "UserID": "S-1-5-18"}
{"EventID": "1011", "Channel": "Microsoft-Windows-SMBServer/Operational", "Provider_Name": "Microsoft-Windows-SMBServer", "Computer": "DESKTOP-OFJ6N53", "TimeCreated": "2023-04-19 21:36:42.037783+00:00", "RecordID": "3738", "Level": "4", "UserID": "S-1-5-18"}
{"EventID": "1010", "Channel": "Microsoft-Windows-SMBServer/Operational", "Provider_Name": "Microsoft-Windows-SMBServer", "Computer": "DESKTOP-OFJ6N53", "TimeCreated": "2023-04-19 21:36:58.896763+00:00", "RecordID": "3739", "Level": "4", "UserID": "S-1-5-18"}
{"EventID": "1011", "Channel": "Microsoft-Windows-SMBServer/Operational", "Provider_Name": "Microsoft-Windows-SMBServer", "Computer": "DESKTOP-OFJ6N53", "TimeCreated": "2023-04-19 22:20:47.576611+00:00", "RecordID": "3740", "Level": "4", "UserID": "S-1-5-18"}
{"EventID": "1010", "Channel": "Microsoft-Windows-SMBServer/Operational", "Provider_Name": "Microsoft-Windows-SMBServer", "Computer": "DESKTOP-OFJ6N53", "TimeCreated": "2023-04-19 22:21:04.928476+00:00", "RecordID": "3741", "Level": "4", "UserID": "S-1-5-18"}
{"EventID": "1011", "Channel": "Microsoft-Windows-SMBServer/Operational", "Provider_Name": "Microsoft-Windows-SMBServer", "Computer": "DESKTOP-OFJ6N53", "TimeCreated": "2023-04-19 23:14:09.610641+00:00", "RecordID": "3742", "Level": "4", "UserID": "S-1-5-18"}
{"EventID": "1010", "Channel": "Microsoft-Windows-SMBServer/Operational", "Provider_Name": "Microsoft-Windows-SMBServer", "Computer": "DESKTOP-OFJ6N53", "TimeCreated": "2023-04-19 23:14:26.955841+00:00", "RecordID": "3743", "Level": "4", "UserID": "S-1-5-18"}
{"EventID": "1011", "Channel": "Microsoft-Windows-SMBServer/Operational", "Provider_Name": "Microsoft-Windows-SMBServer", "Computer": "DESKTOP-OFJ6N53", "TimeCreated": "2023-04-19 23:56:56.667597+00:00", "RecordID": "3744", "Level": "4", "UserID": "S-1-5-18"}
{"EventID": "1010", "Channel": "Microsoft-Windows-SMBServer/Operational", "Provider_Name": "Microsoft-Windows-SMBServer", "Computer": "DESKTOP-OFJ6N53", "TimeCreated": "2023-04-19 23:57:13.922768+00:00", "RecordID": "3745", "Level": "4", "UserID": "S-1-5-18"}
{"EventID": "1011", "Channel": "Microsoft-Windows-SMBServer/Operational", "Provider_Name": "Microsoft-Windows-SMBServer", "Computer": "DESKTOP-OFJ6N53", "TimeCreated": "2023-04-20 00:55:50.706553+00:00", "RecordID": "3746", "Level": "4", "UserID": "S-1-5-18"}
{"EventID": "1010", "Channel": "Microsoft-Windows-SMBServer/Operational", "Provider_Name": "Microsoft-Windows-SMBServer", "Computer": "DESKTOP-OFJ6N53", "TimeCreated": "2023-04-20 00:56:07.910357+00:00", "RecordID": "3747", "Level": "4", "UserID": "S-1-5-18"}
{"EventID": "1011", "Channel": "Microsoft-Windows-SMBServer/Operational", "Provider_Name": "Microsoft-Windows-SMBServer", "Computer": "DESKTOP-OFJ6N53", "TimeCreated": "2023-04-20 01:48:30.844816+00:00", "RecordID": "3748", "Level": "4", "UserID": "S-1-5-18"}
{"EventID": "1010", "Channel": "Microsoft-Windows-SMBServer/Operational", "Provider_Name": "Microsoft-Windows-SMBServer", "Computer": "DESKTOP-OFJ6N53", "TimeCreated": "2023-04-20 01:48:47.925184+00:00", "RecordID": "3749", "Level": "4", "UserID": "S-1-5-18"}
{"EventID": "1011", "Channel": "Microsoft-Windows-SMBServer/Operational", "Provider_Name": "Microsoft-Windows-SMBServer", "Computer": "DESKTOP-OFJ6N53", "TimeCreated": "2023-04-20 02:43:53.513889+00:00", "RecordID": "3750", "Level": "4", "UserID": "S-1-5-18"}
{"EventID": "1010", "Channel": "Microsoft-Windows-SMBServer/Operational", "Provider_Name": "Microsoft-Windows-SMBServer", "Computer": "DESKTOP-OFJ6N53", "TimeCreated": "2023-04-20 02:44:11.435232+00:00", "RecordID": "3751", "Level": "4", "UserID": "S-1-5-18"}
{"EventID": "1011", "Channel": "Microsoft-Windows-SMBServer/Operational", "Provider_Name": "Microsoft-Windows-SMBServer", "Computer": "DESKTOP-OFJ6N53", "TimeCreated": "2023-04-20 03:36:42.583595+00:00", "RecordID": "3752", "Level": "4", "UserID": "S-1-5-18"}
{"EventID": "1010", "Channel": "Microsoft-Windows-SMBServer/Operational", "Provider_Name": "Microsoft-Windows-SMBServer", "Computer": "DESKTOP-OFJ6N53", "TimeCreated": "2023-04-20 03:37:00.409664+00:00", "RecordID": "3753", "Level": "4", "UserID": "S-1-5-18"}
{"EventID": "1011", "Channel": "Microsoft-Windows-SMBServer/Operational", "Provider_Name": "Microsoft-Windows-SMBServer", "Computer": "DESKTOP-OFJ6N53", "TimeCreated": "2023-04-20 04:23:31.571026+00:00", "RecordID": "3754", "Level": "4", "UserID": "S-1-5-18"}
{"EventID": "1010", "Channel": "Microsoft-Windows-SMBServer/Operational", "Provider_Name": "Microsoft-Windows-SMBServer", "Computer": "DESKTOP-OFJ6N53", "TimeCreated": "2023-04-20 04:23:55.579006+00:00", "RecordID": "3755", "Level": "4", "UserID": "S-1-5-18"}
{"EventID": "1011", "Channel": "Microsoft-Windows-SMBServer/Operational", "Provider_Name": "Microsoft-Windows-SMBServer", "Computer": "DESKTOP-OFJ6N53", "TimeCreated": "2023-04-20 05:11:30.789146+00:00", "RecordID": "3756", "Level": "4", "UserID": "S-1-5-18"}
{"EventID": "1010", "Channel": "Microsoft-Windows-SMBServer/Operational", "Provider_Name": "Microsoft-Windows-SMBServer", "Computer": "DESKTOP-OFJ6N53", "TimeCreated": "2023-04-20 05:11:48.427259+00:00", "RecordID": "3757", "Level": "4", "UserID": "S-1-5-18"}
{"EventID": "1011", "Channel": "Microsoft-Windows-SMBServer/Operational", "Provider_Name": "Microsoft-Windows-SMBServer", "Computer": "DESKTOP-OFJ6N53", "TimeCreated": "2023-04-20 05:51:50.563314+00:00", "RecordID": "3758", "Level": "4", "UserID": "S-1-5-18"}
{"EventID": "1010", "Channel": "Microsoft-Windows-SMBServer/Operational", "Provider_Name": "Microsoft-Windows-SMBServer", "Computer": "DESKTOP-OFJ6N53", "TimeCreated": "2023-04-20 05:52:07.916668+00:00", "RecordID": "3759", "Level": "4", "UserID": "S-1-5-18"}
{"EventID": "1011", "Channel": "Microsoft-Windows-SMBServer/Operational", "Provider_Name": "Microsoft-Windows-SMBServer", "Computer": "DESKTOP-OFJ6N53", "TimeCreated": "2023-04-20 06:48:24.144369+00:00", "RecordID": "3760", "Level": "4", "UserID": "S-1-5-18"}
{"EventID": "1010", "Channel": "Microsoft-Windows-SMBServer/Operational", "Provider_Name": "Microsoft-Windows-SMBServer", "Computer": "DESKTOP-OFJ6N53", "TimeCreated": "2023-04-20 06:48:41.426285+00:00", "RecordID": "3761", "Level": "4", "UserID": "S-1-5-18"}
{"EventID": "1011", "Channel": "Microsoft-Windows-SMBServer/Operational", "Provider_Name": "Microsoft-Windows-SMBServer", "Computer": "DESKTOP-OFJ6N53", "TimeCreated": "2023-04-20 07:23:47.328056+00:00", "RecordID": "3762", "Level": "4", "UserID": "S-1-5-18"}
{"EventID": "1010", "Channel": "Microsoft-Windows-SMBServer/Operational", "Provider_Name": "Microsoft-Windows-SMBServer", "Computer": "DESKTOP-OFJ6N53", "TimeCreated": "2023-04-20 07:24:04.413332+00:00", "RecordID": "3763", "Level": "4", "UserID": "S-1-5-18"}
{"EventID": "1011", "Channel": "Microsoft-Windows-SMBServer/Operational", "Provider_Name": "Microsoft-Windows-SMBServer", "Computer": "DESKTOP-OFJ6N53", "TimeCreated": "2023-04-20 07:57:24.644039+00:00", "RecordID": "3764", "Level": "4", "UserID": "S-1-5-18"}
{"EventID": "1010", "Channel": "Microsoft-Windows-SMBServer/Operational", "Provider_Name": "Microsoft-Windows-SMBServer", "Computer": "DESKTOP-OFJ6N53", "TimeCreated": "2023-04-20 07:57:41.934072+00:00", "RecordID": "3765", "Level": "4", "UserID": "S-1-5-18"}
{"EventID": "1011", "Channel": "Microsoft-Windows-SMBServer/Operational", "Provider_Name": "Microsoft-Windows-SMBServer", "Computer": "DESKTOP-OFJ6N53", "TimeCreated": "2023-04-20 08:37:37.329256+00:00", "RecordID": "3766", "Level": "4", "UserID": "S-1-5-18"}
{"EventID": "1010", "Channel": "Microsoft-Windows-SMBServer/Operational", "Provider_Name": "Microsoft-Windows-SMBServer", "Computer": "DESKTOP-OFJ6N53", "TimeCreated": "2023-04-20 08:37:54.432968+00:00", "RecordID": "3767", "Level": "4", "UserID": "S-1-5-18"}
{"EventID": "1011", "Channel": "Microsoft-Windows-SMBServer/Operational", "Provider_Name": "Microsoft-Windows-SMBServer", "Computer": "DESKTOP-OFJ6N53", "TimeCreated": "2023-04-20 09:29:22.145962+00:00", "RecordID": "3768", "Level": "4", "UserID": "S-1-5-18"}
{"EventID": "1010", "Channel": "Microsoft-Windows-SMBServer/Operational", "Provider_Name": "Microsoft-Windows-SMBServer", "Computer": "DESKTOP-OFJ6N53", "TimeCreated": "2023-04-20 09:29:39.297768+00:00", "RecordID": "3769", "Level": "4", "UserID": "S-1-5-18"}
{"EventID": "1011", "Channel": "Microsoft-Windows-SMBServer/Operational", "Provider_Name": "Microsoft-Windows-SMBServer", "Computer": "DESKTOP-OFJ6N53", "TimeCreated": "2023-04-20 10:04:37.853903+00:00", "RecordID": "3770", "Level": "4", "UserID": "S-1-5-18"}
{"EventID": "1010", "Channel": "Microsoft-Windows-SMBServer/Operational", "Provider_Name": "Microsoft-Windows-SMBServer", "Computer": "DESKTOP-OFJ6N53", "TimeCreated": "2023-04-20 10:04:55.520857+00:00", "RecordID": "3771", "Level": "4", "UserID": "S-1-5-18"}
{"EventID": "1011", "Channel": "Microsoft-Windows-SMBServer/Operational", "Provider_Name": "Microsoft-Windows-SMBServer", "Computer": "DESKTOP-OFJ6N53", "TimeCreated": "2023-04-20 10:38:12.453913+00:00", "RecordID": "3772", "Level": "4", "UserID": "S-1-5-18"}
{"EventID": "1010", "Channel": "Microsoft-Windows-SMBServer/Operational", "Provider_Name": "Microsoft-Windows-SMBServer", "Computer": "DESKTOP-OFJ6N53", "TimeCreated": "2023-04-20 10:38:28.774988+00:00", "RecordID": "3773", "Level": "4", "UserID": "S-1-5-18"}
{"EventID": "1011", "Channel": "Microsoft-Windows-SMBServer/Operational", "Provider_Name": "Microsoft-Windows-SMBServer", "Computer": "DESKTOP-OFJ6N53", "TimeCreated": "2023-04-20 10:42:52.751371+00:00", "RecordID": "3774", "Level": "4", "UserID": "S-1-5-18"}
{"EventID": "1010", "Channel": "Microsoft-Windows-SMBServer/Operational", "Provider_Name": "Microsoft-Windows-SMBServer", "Computer": "DESKTOP-OFJ6N53", "TimeCreated": "2023-04-20 10:43:07.809544+00:00", "RecordID": "3775", "Level": "4", "UserID": "S-1-5-18"}
{"EventID": "1011", "Channel": "Microsoft-Windows-SMBServer/Operational", "Provider_Name": "Microsoft-Windows-SMBServer", "Computer": "DESKTOP-OFJ6N53", "TimeCreated": "2023-04-20 10:45:24.089043+00:00", "RecordID": "3776", "Level": "4", "UserID": "S-1-5-18"}
{"EventID": "1010", "Channel": "Microsoft-Windows-SMBServer/Operational", "Provider_Name": "Microsoft-Windows-SMBServer", "Computer": "DESKTOP-OFJ6N53", "TimeCreated": "2023-04-20 10:45:30.793352+00:00", "RecordID": "3777", "Level": "4", "UserID": "S-1-5-18"}
{"EventID": "1011", "Channel": "Microsoft-Windows-SMBServer/Operational", "Provider_Name": "Microsoft-Windows-SMBServer", "Computer": "DESKTOP-OFJ6N53", "TimeCreated": "2023-04-20 10:59:42.671074+00:00", "RecordID": "3778", "Level": "4", "UserID": "S-1-5-18"}
{"EventID": "1010", "Channel": "Microsoft-Windows-SMBServer/Operational", "Provider_Name": "Microsoft-Windows-SMBServer", "Computer": "DESKTOP-OFJ6N53", "TimeCreated": "2023-04-20 10:59:58.329779+00:00", "RecordID": "3779", "Level": "4", "UserID": "S-1-5-18"}
{"EventID": "1011", "Channel": "Microsoft-Windows-SMBServer/Operational", "Provider_Name": "Microsoft-Windows-SMBServer", "Computer": "DESKTOP-OFJ6N53", "TimeCreated": "2023-04-20 11:02:45.334520+00:00", "RecordID": "3780", "Level": "4", "UserID": "S-1-5-18"}
{"EventID": "1010", "Channel": "Microsoft-Windows-SMBServer/Operational", "Provider_Name": "Microsoft-Windows-SMBServer", "Computer": "DESKTOP-OFJ6N53", "TimeCreated": "2023-04-20 11:03:00.831024+00:00", "RecordID": "3781", "Level": "4", "UserID": "S-1-5-18"}
{"EventID": "1011", "Channel": "Microsoft-Windows-SMBServer/Operational", "Provider_Name": "Microsoft-Windows-SMBServer", "Computer": "DESKTOP-OFJ6N53", "TimeCreated": "2023-04-20 11:05:42.995018+00:00", "RecordID": "3782", "Level": "4", "UserID": "S-1-5-18"}
{"EventID": "1010", "Channel": "Microsoft-Windows-SMBServer/Operational", "Provider_Name": "Microsoft-Windows-SMBServer", "Computer": "DESKTOP-OFJ6N53", "TimeCreated": "2023-04-20 11:06:20.284105+00:00", "RecordID": "3783", "Level": "4", "UserID": "S-1-5-18"}
{"EventID": "1011", "Channel": "Microsoft-Windows-SMBServer/Operational", "Provider_Name": "Microsoft-Windows-SMBServer", "Computer": "DESKTOP-OFJ6N53", "TimeCreated": "2023-04-20 11:08:59.933664+00:00", "RecordID": "3784", "Level": "4", "UserID": "S-1-5-18"}
{"EventID": "1010", "Channel": "Microsoft-Windows-SMBServer/Operational", "Provider_Name": "Microsoft-Windows-SMBServer", "Computer": "DESKTOP-OFJ6N53", "TimeCreated": "2023-04-20 11:09:30.284048+00:00", "RecordID": "3785", "Level": "4", "UserID": "S-1-5-18"}
{"EventID": "1011", "Channel": "Microsoft-Windows-SMBServer/Operational", "Provider_Name": "Microsoft-Windows-SMBServer", "Computer": "DESKTOP-OFJ6N53", "TimeCreated": "2023-04-20 11:12:12.859644+00:00", "RecordID": "3786", "Level": "4", "UserID": "S-1-5-18"}
{"EventID": "1010", "Channel": "Microsoft-Windows-SMBServer/Operational", "Provider_Name": "Microsoft-Windows-SMBServer", "Computer": "DESKTOP-OFJ6N53", "TimeCreated": "2023-04-20 11:12:29.799715+00:00", "RecordID": "3787", "Level": "4", "UserID": "S-1-5-18"}
{"EventID": "1011", "Channel": "Microsoft-Windows-SMBServer/Operational", "Provider_Name": "Microsoft-Windows-SMBServer", "Computer": "DESKTOP-OFJ6N53", "TimeCreated": "2023-04-20 11:15:13.555563+00:00", "RecordID": "3788", "Level": "4", "UserID": "S-1-5-18"}
{"EventID": "1010", "Channel": "Microsoft-Windows-SMBServer/Operational", "Provider_Name": "Microsoft-Windows-SMBServer", "Computer": "DESKTOP-OFJ6N53", "TimeCreated": "2023-04-20 11:15:45.819313+00:00", "RecordID": "3789", "Level": "4", "UserID": "S-1-5-18"}
{"EventID": "1011", "Channel": "Microsoft-Windows-SMBServer/Operational", "Provider_Name": "Microsoft-Windows-SMBServer", "Computer": "DESKTOP-OFJ6N53", "TimeCreated": "2023-04-20 11:24:44.225183+00:00", "RecordID": "3790", "Level": "4", "UserID": "S-1-5-18"}
{"EventID": "1010", "Channel": "Microsoft-Windows-SMBServer/Operational", "Provider_Name": "Microsoft-Windows-SMBServer", "Computer": "DESKTOP-OFJ6N53", "TimeCreated": "2023-04-20 11:24:59.793533+00:00", "RecordID": "3791", "Level": "4", "UserID": "S-1-5-18"}
{"EventID": "1011", "Channel": "Microsoft-Windows-SMBServer/Operational", "Provider_Name": "Microsoft-Windows-SMBServer", "Computer": "DESKTOP-OFJ6N53", "TimeCreated": "2023-04-20 11:28:01.218807+00:00", "RecordID": "3792", "Level": "4", "UserID": "S-1-5-18"}
{"EventID": "1010", "Channel": "Microsoft-Windows-SMBServer/Operational", "Provider_Name": "Microsoft-Windows-SMBServer", "Computer": "DESKTOP-OFJ6N53", "TimeCreated": "2023-04-20 11:28:16.771681+00:00", "RecordID": "3793", "Level": "4", "UserID": "S-1-5-18"}
{"EventID": "1011", "Channel": "Microsoft-Windows-SMBServer/Operational", "Provider_Name": "Microsoft-Windows-SMBServer", "Computer": "DESKTOP-OFJ6N53", "TimeCreated": "2023-04-20 11:30:27.389385+00:00", "RecordID": "3794", "Level": "4", "UserID": "S-1-5-18"}
{"EventID": "1010", "Channel": "Microsoft-Windows-SMBServer/Operational", "Provider_Name": "Microsoft-Windows-SMBServer", "Computer": "DESKTOP-OFJ6N53", "TimeCreated": "2023-04-20 11:30:34.318491+00:00", "RecordID": "3795", "Level": "4", "UserID": "S-1-5-18"}
{"EventID": "1011", "Channel": "Microsoft-Windows-SMBServer/Operational", "Provider_Name": "Microsoft-Windows-SMBServer", "Computer": "DESKTOP-OFJ6N53", "TimeCreated": "2023-04-20 11:34:13.855471+00:00", "RecordID": "3796", "Level": "4", "UserID": "S-1-5-18"}
{"EventID": "1010", "Channel": "Microsoft-Windows-SMBServer/Operational", "Provider_Name": "Microsoft-Windows-SMBServer", "Computer": "DESKTOP-OFJ6N53", "TimeCreated": "2023-04-20 11:34:28.799789+00:00", "RecordID": "3797", "Level": "4", "UserID": "S-1-5-18"}
{"EventID": "1011", "Channel": "Microsoft-Windows-SMBServer/Operational", "Provider_Name": "Microsoft-Windows-SMBServer", "Computer": "DESKTOP-OFJ6N53", "TimeCreated": "2023-04-20 11:37:33.893375+00:00", "RecordID": "3798", "Level": "4", "UserID": "S-1-5-18"}
{"EventID": "1010", "Channel": "Microsoft-Windows-SMBServer/Operational", "Provider_Name": "Microsoft-Windows-SMBServer", "Computer": "DESKTOP-OFJ6N53", "TimeCreated": "2023-04-20 11:37:49.315390+00:00", "RecordID": "3799", "Level": "4", "UserID": "S-1-5-18"}
{"EventID": "1011", "Channel": "Microsoft-Windows-SMBServer/Operational", "Provider_Name": "Microsoft-Windows-SMBServer", "Computer": "DESKTOP-OFJ6N53", "TimeCreated": "2023-04-20 11:40:25.414236+00:00", "RecordID": "3800", "Level": "4", "UserID": "S-1-5-18"}
{"EventID": "1010", "Channel": "Microsoft-Windows-SMBServer/Operational", "Provider_Name": "Microsoft-Windows-SMBServer", "Computer": "DESKTOP-OFJ6N53", "TimeCreated": "2023-04-20 11:40:37.268440+00:00", "RecordID": "3801", "Level": "4", "UserID": "S-1-5-18"}
{"EventID": "1011", "Channel": "Microsoft-Windows-SMBServer/Operational", "Provider_Name": "Microsoft-Windows-SMBServer", "Computer": "DESKTOP-OFJ6N53", "TimeCreated": "2023-04-20 11:43:30.223759+00:00", "RecordID": "3802", "Level": "4", "UserID": "S-1-5-18"}
{"EventID": "1010", "Channel": "Microsoft-Windows-SMBServer/Operational", "Provider_Name": "Microsoft-Windows-SMBServer", "Computer": "DESKTOP-OFJ6N53", "TimeCreated": "2023-04-20 11:43:59.815275+00:00", "RecordID": "3803", "Level": "4", "UserID": "S-1-5-18"}
{"EventID": "1011", "Channel": "Microsoft-Windows-SMBServer/Operational", "Provider_Name": "Microsoft-Windows-SMBServer", "Computer": "DESKTOP-OFJ6N53", "TimeCreated": "2023-04-20 11:46:50.238007+00:00", "RecordID": "3804", "Level": "4", "UserID": "S-1-5-18"}
{"EventID": "1010", "Channel": "Microsoft-Windows-SMBServer/Operational", "Provider_Name": "Microsoft-Windows-SMBServer", "Computer": "DESKTOP-OFJ6N53", "TimeCreated": "2023-04-20 11:47:19.299675+00:00", "RecordID": "3805", "Level": "4", "UserID": "S-1-5-18"}
{"EventID": "1011", "Channel": "Microsoft-Windows-SMBServer/Operational", "Provider_Name": "Microsoft-Windows-SMBServer", "Computer": "DESKTOP-OFJ6N53", "TimeCreated": "2023-04-20 11:50:10.251762+00:00", "RecordID": "3806", "Level": "4", "UserID": "S-1-5-18"}
{"EventID": "1010", "Channel": "Microsoft-Windows-SMBServer/Operational", "Provider_Name": "Microsoft-Windows-SMBServer", "Computer": "DESKTOP-OFJ6N53", "TimeCreated": "2023-04-20 11:50:40.346634+00:00", "RecordID": "3807", "Level": "4", "UserID": "S-1-5-18"}
{"EventID": "1011", "Channel": "Microsoft-Windows-SMBServer/Operational", "Provider_Name": "Microsoft-Windows-SMBServer", "Computer": "DESKTOP-OFJ6N53", "TimeCreated": "2023-04-20 11:53:26.317154+00:00", "RecordID": "3808", "Level": "4", "UserID": "S-1-5-18"}
{"EventID": "1010", "Channel": "Microsoft-Windows-SMBServer/Operational", "Provider_Name": "Microsoft-Windows-SMBServer", "Computer": "DESKTOP-OFJ6N53", "TimeCreated": "2023-04-20 11:54:02.816824+00:00", "RecordID": "3809", "Level": "4", "UserID": "S-1-5-18"}
{"EventID": "1011", "Channel": "Microsoft-Windows-SMBServer/Operational", "Provider_Name": "Microsoft-Windows-SMBServer", "Computer": "DESKTOP-OFJ6N53", "TimeCreated": "2023-04-20 11:58:07.524012+00:00", "RecordID": "3810", "Level": "4", "UserID": "S-1-5-18"}
{"EventID": "1010", "Channel": "Microsoft-Windows-SMBServer/Operational", "Provider_Name": "Microsoft-Windows-SMBServer", "Computer": "DESKTOP-OFJ6N53", "TimeCreated": "2023-04-20 11:58:22.299873+00:00", "RecordID": "3811", "Level": "4", "UserID": "S-1-5-18"}
{"EventID": "1011", "Channel": "Microsoft-Windows-SMBServer/Operational", "Provider_Name": "Microsoft-Windows-SMBServer", "Computer": "DESKTOP-OFJ6N53", "TimeCreated": "2023-04-20 12:01:02.186371+00:00", "RecordID": "3812", "Level": "4", "UserID": "S-1-5-18"}
{"EventID": "1010", "Channel": "Microsoft-Windows-SMBServer/Operational", "Provider_Name": "Microsoft-Windows-SMBServer", "Computer": "DESKTOP-OFJ6N53", "TimeCreated": "2023-04-20 12:01:10.815290+00:00", "RecordID": "3813", "Level": "4", "UserID": "S-1-5-18"}
{"EventID": "1011", "Channel": "Microsoft-Windows-SMBServer/Operational", "Provider_Name": "Microsoft-Windows-SMBServer", "Computer": "DESKTOP-OFJ6N53", "TimeCreated": "2023-04-20 12:03:47.666004+00:00", "RecordID": "3814", "Level": "4", "UserID": "S-1-5-18"}
{"EventID": "1010", "Channel": "Microsoft-Windows-SMBServer/Operational", "Provider_Name": "Microsoft-Windows-SMBServer", "Computer": "DESKTOP-OFJ6N53", "TimeCreated": "2023-04-20 12:03:58.830915+00:00", "RecordID": "3815", "Level": "4", "UserID": "S-1-5-18"}
{"EventID": "1011", "Channel": "Microsoft-Windows-SMBServer/Operational", "Provider_Name": "Microsoft-Windows-SMBServer", "Computer": "DESKTOP-OFJ6N53", "TimeCreated": "2023-04-20 12:08:15.670189+00:00", "RecordID": "3816", "Level": "4", "UserID": "S-1-5-18"}
{"EventID": "1010", "Channel": "Microsoft-Windows-SMBServer/Operational", "Provider_Name": "Microsoft-Windows-SMBServer", "Computer": "DESKTOP-OFJ6N53", "TimeCreated": "2023-04-20 12:08:32.802500+00:00", "RecordID": "3817", "Level": "4", "UserID": "S-1-5-18"}
{"EventID": "1011", "Channel": "Microsoft-Windows-SMBServer/Operational", "Provider_Name": "Microsoft-Windows-SMBServer", "Computer": "DESKTOP-OFJ6N53", "TimeCreated": "2023-04-20 12:11:23.494478+00:00", "RecordID": "3818", "Level": "4", "UserID": "S-1-5-18"}
{"EventID": "1010", "Channel": "Microsoft-Windows-SMBServer/Operational", "Provider_Name": "Microsoft-Windows-SMBServer", "Computer": "DESKTOP-OFJ6N53", "TimeCreated": "2023-04-20 12:11:51.299698+00:00", "RecordID": "3819", "Level": "4", "UserID": "S-1-5-18"}
{"EventID": "1011", "Channel": "Microsoft-Windows-SMBServer/Operational", "Provider_Name": "Microsoft-Windows-SMBServer", "Computer": "DESKTOP-OFJ6N53", "TimeCreated": "2023-04-20 12:14:28.320671+00:00", "RecordID": "3820", "Level": "4", "UserID": "S-1-5-18"}
{"EventID": "1010", "Channel": "Microsoft-Windows-SMBServer/Operational", "Provider_Name": "Microsoft-Windows-SMBServer", "Computer": "DESKTOP-OFJ6N53", "TimeCreated": "2023-04-20 12:14:39.299656+00:00", "RecordID": "3821", "Level": "4", "UserID": "S-1-5-18"}
{"EventID": "1011", "Channel": "Microsoft-Windows-SMBServer/Operational", "Provider_Name": "Microsoft-Windows-SMBServer", "Computer": "DESKTOP-OFJ6N53", "TimeCreated": "2023-04-20 12:17:26.011108+00:00", "RecordID": "3822", "Level": "4", "UserID": "S-1-5-18"}
{"EventID": "1010", "Channel": "Microsoft-Windows-SMBServer/Operational", "Provider_Name": "Microsoft-Windows-SMBServer", "Computer": "DESKTOP-OFJ6N53", "TimeCreated": "2023-04-20 12:17:56.315239+00:00", "RecordID": "3823", "Level": "4", "UserID": "S-1-5-18"}
{"EventID": "1011", "Channel": "Microsoft-Windows-SMBServer/Operational", "Provider_Name": "Microsoft-Windows-SMBServer", "Computer": "DESKTOP-OFJ6N53", "TimeCreated": "2023-04-20 12:20:39.890268+00:00", "RecordID": "3824", "Level": "4", "UserID": "S-1-5-18"}
{"EventID": "1010", "Channel": "Microsoft-Windows-SMBServer/Operational", "Provider_Name": "Microsoft-Windows-SMBServer", "Computer": "DESKTOP-OFJ6N53", "TimeCreated": "2023-04-20 12:21:09.815289+00:00", "RecordID": "3825", "Level": "4", "UserID": "S-1-5-18"}
{"EventID": "1011", "Channel": "Microsoft-Windows-SMBServer/Operational", "Provider_Name": "Microsoft-Windows-SMBServer", "Computer": "DESKTOP-OFJ6N53", "TimeCreated": "2023-04-20 12:23:57.763382+00:00", "RecordID": "3826", "Level": "4", "UserID": "S-1-5-18"}
{"EventID": "1010", "Channel": "Microsoft-Windows-SMBServer/Operational", "Provider_Name": "Microsoft-Windows-SMBServer", "Computer": "DESKTOP-OFJ6N53", "TimeCreated": "2023-04-20 12:24:29.284170+00:00", "RecordID": "3827", "Level": "4", "UserID": "S-1-5-18"}
{"EventID": "1011", "Channel": "Microsoft-Windows-SMBServer/Operational", "Provider_Name": "Microsoft-Windows-SMBServer", "Computer": "DESKTOP-OFJ6N53", "TimeCreated": "2023-04-20 12:27:11.762203+00:00", "RecordID": "3828", "Level": "4", "UserID": "S-1-5-18"}
{"EventID": "1010", "Channel": "Microsoft-Windows-SMBServer/Operational", "Provider_Name": "Microsoft-Windows-SMBServer", "Computer": "DESKTOP-OFJ6N53", "TimeCreated": "2023-04-20 12:27:39.799833+00:00", "RecordID": "3829", "Level": "4", "UserID": "S-1-5-18"}
{"EventID": "1011", "Channel": "Microsoft-Windows-SMBServer/Operational", "Provider_Name": "Microsoft-Windows-SMBServer", "Computer": "DESKTOP-OFJ6N53", "TimeCreated": "2023-04-20 12:30:19.510557+00:00", "RecordID": "3830", "Level": "4", "UserID": "S-1-5-18"}
{"EventID": "1010", "Channel": "Microsoft-Windows-SMBServer/Operational", "Provider_Name": "Microsoft-Windows-SMBServer", "Computer": "DESKTOP-OFJ6N53", "TimeCreated": "2023-04-20 12:30:47.830875+00:00", "RecordID": "3831", "Level": "4", "UserID": "S-1-5-18"}
{"EventID": "1011", "Channel": "Microsoft-Windows-SMBServer/Operational", "Provider_Name": "Microsoft-Windows-SMBServer", "Computer": "DESKTOP-OFJ6N53", "TimeCreated": "2023-04-20 12:33:23.203474+00:00", "RecordID": "3832", "Level": "4", "UserID": "S-1-5-18"}
{"EventID": "1010", "Channel": "Microsoft-Windows-SMBServer/Operational", "Provider_Name": "Microsoft-Windows-SMBServer", "Computer": "DESKTOP-OFJ6N53", "TimeCreated": "2023-04-20 12:34:01.299717+00:00", "RecordID": "3833", "Level": "4", "UserID": "S-1-5-18"}
{"EventID": "1011", "Channel": "Microsoft-Windows-SMBServer/Operational", "Provider_Name": "Microsoft-Windows-SMBServer", "Computer": "DESKTOP-OFJ6N53", "TimeCreated": "2023-04-20 12:36:42.186388+00:00", "RecordID": "3834", "Level": "4", "UserID": "S-1-5-18"}
{"EventID": "1010", "Channel": "Microsoft-Windows-SMBServer/Operational", "Provider_Name": "Microsoft-Windows-SMBServer", "Computer": "DESKTOP-OFJ6N53", "TimeCreated": "2023-04-20 12:37:10.299690+00:00", "RecordID": "3835", "Level": "4", "UserID": "S-1-5-18"}
{"EventID": "1011", "Channel": "Microsoft-Windows-SMBServer/Operational", "Provider_Name": "Microsoft-Windows-SMBServer", "Computer": "DESKTOP-OFJ6N53", "TimeCreated": "2023-04-20 12:39:22.608919+00:00", "RecordID": "3836", "Level": "4", "UserID": "S-1-5-18"}
{"EventID": "1010", "Channel": "Microsoft-Windows-SMBServer/Operational", "Provider_Name": "Microsoft-Windows-SMBServer", "Computer": "DESKTOP-OFJ6N53", "TimeCreated": "2023-04-20 12:39:39.284262+00:00", "RecordID": "3837", "Level": "4", "UserID": "S-1-5-18"}
{"EventID": "1011", "Channel": "Microsoft-Windows-SMBServer/Operational", "Provider_Name": "Microsoft-Windows-SMBServer", "Computer": "DESKTOP-OFJ6N53", "TimeCreated": "2023-04-20 12:42:24.289354+00:00", "RecordID": "3838", "Level": "4", "UserID": "S-1-5-18"}
{"EventID": "1010", "Channel": "Microsoft-Windows-SMBServer/Operational", "Provider_Name": "Microsoft-Windows-SMBServer", "Computer": "DESKTOP-OFJ6N53", "TimeCreated": "2023-04-20 12:42:52.830969+00:00", "RecordID": "3839", "Level": "4", "UserID": "S-1-5-18"}
{"EventID": "1011", "Channel": "Microsoft-Windows-SMBServer/Operational", "Provider_Name": "Microsoft-Windows-SMBServer", "Computer": "DESKTOP-OFJ6N53", "TimeCreated": "2023-04-20 12:45:37.129717+00:00", "RecordID": "3840", "Level": "4", "UserID": "S-1-5-18"}
{"EventID": "1010", "Channel": "Microsoft-Windows-SMBServer/Operational", "Provider_Name": "Microsoft-Windows-SMBServer", "Computer": "DESKTOP-OFJ6N53", "TimeCreated": "2023-04-20 12:46:04.815248+00:00", "RecordID": "3841", "Level": "4", "UserID": "S-1-5-18"}
{"EventID": "1011", "Channel": "Microsoft-Windows-SMBServer/Operational", "Provider_Name": "Microsoft-Windows-SMBServer", "Computer": "DESKTOP-OFJ6N53", "TimeCreated": "2023-04-20 12:49:38.794073+00:00", "RecordID": "3842", "Level": "4", "UserID": "S-1-5-18"}
{"EventID": "1010", "Channel": "Microsoft-Windows-SMBServer/Operational", "Provider_Name": "Microsoft-Windows-SMBServer", "Computer": "DESKTOP-OFJ6N53", "TimeCreated": "2023-04-20 12:49:54.315290+00:00", "RecordID": "3843", "Level": "4", "UserID": "S-1-5-18"}
{"EventID": "1011", "Channel": "Microsoft-Windows-SMBServer/Operational", "Provider_Name": "Microsoft-Windows-SMBServer", "Computer": "DESKTOP-OFJ6N53", "TimeCreated": "2023-04-20 12:52:38.384726+00:00", "RecordID": "3844", "Level": "4", "UserID": "S-1-5-18"}
{"EventID": "1010", "Channel": "Microsoft-Windows-SMBServer/Operational", "Provider_Name": "Microsoft-Windows-SMBServer", "Computer": "DESKTOP-OFJ6N53", "TimeCreated": "2023-04-20 12:53:07.815371+00:00", "RecordID": "3845", "Level": "4", "UserID": "S-1-5-18"}
