{"EventID": "300", "Channel": "Microsoft-Windows-DeviceSetupManager/Operational", "Provider_Name": "Microsoft-Windows-DeviceSetupManager", "Computer": "DESKTOP-OFJ6N53", "TimeCreated": "2025-03-25 22:30:50.038267+00:00", "RecordID": "11565", "Level": "4", "UserID": "S-1-5-18", "EventData.Prop_ContainerId": "{2B2153C6-D309-4D78-BA2B-2F7D94E367A5}"}
{"EventID": "300", "Channel": "Microsoft-Windows-DeviceSetupManager/Operational", "Provider_Name": "Microsoft-Windows-DeviceSetupManager", "Computer": "DESKTOP-OFJ6N53", "TimeCreated": "2025-03-25 22:31:02.637589+00:00", "RecordID": "11566", "Level": "4", "UserID": "S-1-5-18", "EventData.Prop_ContainerId": "{7EFCBE4E-A3A2-0C99-EC8F-27D6801A396F}"}
{"EventID": "300", "Channel": "Microsoft-Windows-DeviceSetupManager/Operational", "Provider_Name": "Microsoft-Windows-DeviceSetupManager", "Computer": "DESKTOP-OFJ6N53", "TimeCreated": "2025-03-26 09:04:29.963608+00:00", "RecordID": "11567", "Level": "4", "UserID": "S-1-5-18", "EventData.Prop_ContainerId": "{ED3A8E6F-6317-4018-BFFC-D3223D7C91B9}"}
{"EventID": "300", "Channel": "Microsoft-Windows-DeviceSetupManager/Operational", "Provider_Name": "Microsoft-Windows-DeviceSetupManager", "Computer": "DESKTOP-OFJ6N53", "TimeCreated": "2025-03-26 09:04:44.534342+00:00", "RecordID": "11568", "Level": "4", "UserID": "S-1-5-18", "EventData.Prop_ContainerId": "{7EFCBE4E-A3A2-0C99-EC8F-27D6801A396F}"}
{"EventID": "300", "Channel": "Microsoft-Windows-DeviceSetupManager/Operational", "Provider_Name": "Microsoft-Windows-DeviceSetupManager", "Computer": "DESKTOP-OFJ6N53", "TimeCreated": "2025-03-27 15:32:40.413095+00:00", "RecordID": "11569", "Level": "4", "UserID": "S-1-5-18", "EventData.Prop_ContainerId": "{042637DD-0793-4578-B330-D4AB8B4E45AA}"}
{"EventID": "300", "Channel": "Microsoft-Windows-DeviceSetupManager/Operational", "Provider_Name": "Microsoft-Windows-DeviceSetupManager", "Computer": "DESKTOP-OFJ6N53", "TimeCreated": "2025-03-27 15:35:03.396940+00:00", "RecordID": "11570", "Level": "4", "UserID": "S-1-5-18", "EventData.Prop_ContainerId": "{AE626105-F653-4C4C-85A2-3B9266CAB4CE}"}
{"EventID": "300", "Channel": "Microsoft-Windows-DeviceSetupManager/Operational", "Provider_Name": "Microsoft-Windows-DeviceSetupManager", "Computer": "DESKTOP-OFJ6N53", "TimeCreated": "2025-03-28 09:08:06.462704+00:00", "RecordID": "11571", "Level": "4", "UserID": "S-1-5-18", "EventData.Prop_ContainerId": "{268BA050-4CCB-4376-A2AB-370DD739392B}"}
{"EventID": "300", "Channel": "Microsoft-Windows-DeviceSetupManager/Operational", "Provider_Name": "Microsoft-Windows-DeviceSetupManager", "Computer": "DESKTOP-OFJ6N53", "TimeCreated": "2025-03-30 07:17:19.847427+00:00", "RecordID": "11572", "Level": "4", "UserID": "S-1-5-18", "EventData.Prop_ContainerId": "{4F00F22F-C350-4D35-9454-F927E4005907}"}
{"EventID": "300", "Channel": "Microsoft-Windows-DeviceSetupManager/Operational", "Provider_Name": "Microsoft-Windows-DeviceSetupManager", "Computer": "DESKTOP-OFJ6N53", "TimeCreated": "2025-03-30 09:45:59.622131+00:00", "RecordID": "11573", "Level": "4", "UserID": "S-1-5-18", "EventData.Prop_ContainerId": "{CF597A39-6473-45B6-BDB9-29BA6394B86D}"}
{"EventID": "300", "Channel": "Microsoft-Windows-DeviceSetupManager/Operational", "Provider_Name": "Microsoft-Windows-DeviceSetupManager", "Computer": "DESKTOP-OFJ6N53", "TimeCreated": "2025-03-30 09:46:16.880304+00:00", "RecordID": "11574", "Level": "4", "UserID": "S-1-5-18", "EventData.Prop_ContainerId": "{7EFCBE4E-A3A2-0C99-EC8F-27D6801A396F}"}
{"EventID": "300", "Channel": "Microsoft-Windows-DeviceSetupManager/Operational", "Provider_Name": "Microsoft-Windows-DeviceSetupManager", "Computer": "DESKTOP-OFJ6N53", "TimeCreated": "2025-03-30 10:07:34.800919+00:00", "RecordID": "11575", "Level": "4", "UserID": "S-1-5-18", "EventData.Prop_ContainerId": "{7DBE4040-6C0C-444A-A9C2-1726AE594E4C}"}
{"EventID": "300", "Channel": "Microsoft-Windows-DeviceSetupManager/Operational", "Provider_Name": "Microsoft-Windows-DeviceSetupManager", "Computer": "DESKTOP-OFJ6N53", "TimeCreated": "2025-03-30 10:07:42.707634+00:00", "RecordID": "11576", "Level": "4", "UserID": "S-1-5-18", "EventData.Prop_ContainerId": "{7EFCBE4E-A3A2-0C99-EC8F-27D6801A396F}"}
{"EventID": "300", "Channel": "Microsoft-Windows-DeviceSetupManager/Operational", "Provider_Name": "Microsoft-Windows-DeviceSetupManager", "Computer": "DESKTOP-OFJ6N53", "TimeCreated": "2025-03-30 10:34:48.382633+00:00", "RecordID": "11577", "Level": "4", "UserID": "S-1-5-18", "EventData.Prop_ContainerId": "{93779730-D298-47D2-AD23-E502529BFDAF}"}
{"EventID": "300", "Channel": "Microsoft-Windows-DeviceSetupManager/Operational", "Provider_Name": "Microsoft-Windows-DeviceSetupManager", "Computer": "DESKTOP-OFJ6N53", "TimeCreated": "2025-03-30 10:35:00.337736+00:00", "RecordID": "11578", "Level": "4", "UserID": "S-1-5-18", "EventData.Prop_ContainerId": "{7EFCBE4E-A3A2-0C99-EC8F-27D6801A396F}"}
{"EventID": "300", "Channel": "Microsoft-Windows-DeviceSetupManager/Operational", "Provider_Name": "Microsoft-Windows-DeviceSetupManager", "Computer": "DESKTOP-OFJ6N53", "TimeCreated": "2025-03-30 11:19:22.924822+00:00", "RecordID": "11579", "Level": "4", "UserID": "S-1-5-18", "EventData.Prop_ContainerId": "{874428DD-F8CD-4FE9-8E65-E60E7C2E51E6}"}
{"EventID": "300", "Channel": "Microsoft-Windows-DeviceSetupManager/Operational", "Provider_Name": "Microsoft-Windows-DeviceSetupManager", "Computer": "DESKTOP-OFJ6N53", "TimeCreated": "2025-03-30 11:19:43.582293+00:00", "RecordID": "11580", "Level": "4", "UserID": "S-1-5-18", "EventData.Prop_ContainerId": "{7EFCBE4E-A3A2-0C99-EC8F-27D6801A396F}"}
{"EventID": "300", "Channel": "Microsoft-Windows-DeviceSetupManager/Operational", "Provider_Name": "Microsoft-Windows-DeviceSetupManager", "Computer": "DESKTOP-OFJ6N53", "TimeCreated": "2025-03-30 11:35:30.212519+00:00", "RecordID": "11581", "Level": "4", "UserID": "S-1-5-18", "EventData.Prop_ContainerId": "{E2EE459C-7446-4F94-AB4A-056160F38762}"}
{"EventID": "300", "Channel": "Microsoft-Windows-DeviceSetupManager/Operational", "Provider_Name": "Microsoft-Windows-DeviceSetupManager", "Computer": "DESKTOP-OFJ6N53", "TimeCreated": "2025-03-30 11:36:27.363501+00:00", "RecordID": "11582", "Level": "4", "UserID": "S-1-5-18", "EventData.Prop_ContainerId": "{BF314410-5121-41F2-9554-830B8A359330}"}
{"EventID": "300", "Channel": "Microsoft-Windows-DeviceSetupManager/Operational", "Provider_Name": "Microsoft-Windows-DeviceSetupManager", "Computer": "DESKTOP-OFJ6N53", "TimeCreated": "2025-03-30 11:36:41.600248+00:00", "RecordID": "11583", "Level": "4", "UserID": "S-1-5-18", "EventData.Prop_ContainerId": "{7EFCBE4E-A3A2-0C99-EC8F-27D6801A396F}"}
{"EventID": "300", "Channel": "Microsoft-Windows-DeviceSetupManager/Operational", "Provider_Name": "Microsoft-Windows-DeviceSetupManager", "Computer": "DESKTOP-OFJ6N53", "TimeCreated": "2025-03-30 13:00:47.929682+00:00", "RecordID": "11584", "Level": "4", "UserID": "S-1-5-18", "EventData.Prop_ContainerId": "{3D983399-EEF0-41C0-A96D-4FFDAF9CAA18}"}
{"EventID": "300", "Channel": "Microsoft-Windows-DeviceSetupManager/Operational", "Provider_Name": "Microsoft-Windows-DeviceSetupManager", "Computer": "DESKTOP-OFJ6N53", "TimeCreated": "2025-03-30 13:00:49.117075+00:00", "RecordID": "11585", "Level": "4", "UserID": "S-1-5-18", "EventData.Prop_ContainerId": "{7EFCBE4E-A3A2-0C99-EC8F-27D6801A396F}"}
{"EventID": "300", "Channel": "Microsoft-Windows-DeviceSetupManager/Operational", "Provider_Name": "Microsoft-Windows-DeviceSetupManager", "Computer": "DESKTOP-OFJ6N53", "TimeCreated": "2025-03-30 13:00:49.119688+00:00", "RecordID": "11586", "Level": "4", "UserID": "S-1-5-18", "EventData.Prop_ContainerId": "{7EFCBE4E-A3A2-0C99-EC8F-27D6801A396F}"}
{"EventID": "300", "Channel": "Microsoft-Windows-DeviceSetupManager/Operational", "Provider_Name": "Microsoft-Windows-DeviceSetupManager", "Computer": "DESKTOP-OFJ6N53", "TimeCreated": "2025-03-30 13:00:58.340775+00:00", "RecordID": "11587", "Level": "4", "UserID": "S-1-5-18", "EventData.Prop_ContainerId": "{87934F3C-3C4B-0125-41A3-01E43ED1E9E4}"}
{"EventID": "300", "Channel": "Microsoft-Windows-DeviceSetupManager/Operational", "Provider_Name": "Microsoft-Windows-DeviceSetupManager", "Computer": "DESKTOP-OFJ6N53", "TimeCreated": "2025-03-31 10:16:18.171629+00:00", "RecordID": "11588", "Level": "4", "UserID": "S-1-5-18", "EventData.Prop_ContainerId": "{4B52FE95-ED45-4411-9CC7-8D4E01B297FA}"}
{"EventID": "300", "Channel": "Microsoft-Windows-DeviceSetupManager/Operational", "Provider_Name": "Microsoft-Windows-DeviceSetupManager", "Computer": "DESKTOP-OFJ6N53", "TimeCreated": "2025-04-01 04:58:07.689837+00:00", "RecordID": "11589", "Level": "4", "UserID": "S-1-5-18", "EventData.Prop_ContainerId": "{B5A982B9-8DF6-49F9-8CE9-5358E8716E10}"}
{"EventID": "300", "Channel": "Microsoft-Windows-DeviceSetupManager/Operational", "Provider_Name": "Microsoft-Windows-DeviceSetupManager", "Computer": "DESKTOP-OFJ6N53", "TimeCreated": "2025-04-01 04:59:43.488903+00:00", "RecordID": "11590", "Level": "4", "UserID": "S-1-5-18", "EventData.Prop_ContainerId": "{439EA90E-0A58-4B86-8BA1-FA2399538FA7}"}
{"EventID": "300", "Channel": "Microsoft-Windows-DeviceSetupManager/Operational", "Provider_Name": "Microsoft-Windows-DeviceSetupManager", "Computer": "DESKTOP-OFJ6N53", "TimeCreated": "2025-04-01 04:59:54.633850+00:00", "RecordID": "11591", "Level": "4", "UserID": "S-1-5-18", "EventData.Prop_ContainerId": "{7EFCBE4E-A3A2-0C99-EC8F-27D6801A396F}"}
{"EventID": "300", "Channel": "Microsoft-Windows-DeviceSetupManager/Operational", "Provider_Name": "Microsoft-Windows-DeviceSetupManager", "Computer": "DESKTOP-OFJ6N53", "TimeCreated": "2025-04-02 09:13:42.428268+00:00", "RecordID": "11592", "Level": "4", "UserID": "S-1-5-18", "EventData.Prop_ContainerId": "{202342D1-9E15-4544-ABD8-C874FD53C217}"}
{"EventID": "300", "Channel": "Microsoft-Windows-DeviceSetupManager/Operational", "Provider_Name": "Microsoft-Windows-DeviceSetupManager", "Computer": "DESKTOP-OFJ6N53", "TimeCreated": "2025-04-02 09:19:59.000938+00:00", "RecordID": "11593", "Level": "4", "UserID": "S-1-5-18", "EventData.Prop_ContainerId": "{47B73359-72DA-4124-9D2C-FD4DA63E6C9B}"}
{"EventID": "300", "Channel": "Microsoft-Windows-DeviceSetupManager/Operational", "Provider_Name": "Microsoft-Windows-DeviceSetupManager", "Computer": "DESKTOP-OFJ6N53", "TimeCreated": "2025-04-02 09:53:53.407768+00:00", "RecordID": "11594", "Level": "4", "UserID": "S-1-5-18", "EventData.Prop_ContainerId": "{D054F527-2D32-4267-85BD-11F22690205B}"}
{"EventID": "300", "Channel": "Microsoft-Windows-DeviceSetupManager/Operational", "Provider_Name": "Microsoft-Windows-DeviceSetupManager", "Computer": "DESKTOP-OFJ6N53", "TimeCreated": "2025-04-02 10:02:29.577148+00:00", "RecordID": "11595", "Level": "4", "UserID": "S-1-5-18", "EventData.Prop_ContainerId": "{6F301F95-22FC-45DE-BDCD-453B48FE4FA0}"}
{"EventID": "300", "Channel": "Microsoft-Windows-DeviceSetupManager/Operational", "Provider_Name": "Microsoft-Windows-DeviceSetupManager", "Computer": "DESKTOP-OFJ6N53", "TimeCreated": "2025-04-02 10:08:42.031805+00:00", "RecordID": "11596", "Level": "4", "UserID": "S-1-5-18", "EventData.Prop_ContainerId": "{CFA9B44D-14B7-478E-83CA-5EFE55745685}"}
{"EventID": "300", "Channel": "Microsoft-Windows-DeviceSetupManager/Operational", "Provider_Name": "Microsoft-Windows-DeviceSetupManager", "Computer": "DESKTOP-OFJ6N53", "TimeCreated": "2025-04-02 10:12:46.486578+00:00", "RecordID": "11597", "Level": "4", "UserID": "S-1-5-18", "EventData.Prop_ContainerId": "{FF3CC89C-5A86-4EA5-B1EE-00FB2DBCD0F9}"}
{"EventID": "300", "Channel": "Microsoft-Windows-DeviceSetupManager/Operational", "Provider_Name": "Microsoft-Windows-DeviceSetupManager", "Computer": "DESKTOP-OFJ6N53", "TimeCreated": "2025-04-02 10:30:56.585308+00:00", "RecordID": "11598", "Level": "4", "UserID": "S-1-5-18", "EventData.Prop_ContainerId": "{06C635E7-12C8-4070-85FE-A39BA1E86762}"}
{"EventID": "300", "Channel": "Microsoft-Windows-DeviceSetupManager/Operational", "Provider_Name": "Microsoft-Windows-DeviceSetupManager", "Computer": "DESKTOP-OFJ6N53", "TimeCreated": "2025-04-02 10:37:51.724682+00:00", "RecordID": "11599", "Level": "4", "UserID": "S-1-5-18", "EventData.Prop_ContainerId": "{D455A877-F193-4887-A940-E87F65818FD9}"}
{"EventID": "300", "Channel": "Microsoft-Windows-DeviceSetupManager/Operational", "Provider_Name": "Microsoft-Windows-DeviceSetupManager", "Computer": "DESKTOP-OFJ6N53", "TimeCreated": "2025-04-02 14:57:48.672583+00:00", "RecordID": "11600", "Level": "4", "UserID": "S-1-5-18", "EventData.Prop_ContainerId": "{3CCED290-CAC6-469F-9B8B-D8767BB9EACA}"}
{"EventID": "300", "Channel": "Microsoft-Windows-DeviceSetupManager/Operational", "Provider_Name": "Microsoft-Windows-DeviceSetupManager", "Computer": "DESKTOP-OFJ6N53", "TimeCreated": "2025-04-03 06:00:02.402903+00:00", "RecordID": "11601", "Level": "4", "UserID": "S-1-5-18", "EventData.Prop_ContainerId": "{F8C82F13-5528-4A09-B041-7B3ECC6D9E4D}"}
{"EventID": "300", "Channel": "Microsoft-Windows-DeviceSetupManager/Operational", "Provider_Name": "Microsoft-Windows-DeviceSetupManager", "Computer": "DESKTOP-OFJ6N53", "TimeCreated": "2025-04-06 12:20:06.728083+00:00", "RecordID": "11602", "Level": "4", "UserID": "S-1-5-18", "EventData.Prop_ContainerId": "{58795601-0AF7-4415-90D4-DA63633E0797}"}
{"EventID": "300", "Channel": "Microsoft-Windows-DeviceSetupManager/Operational", "Provider_Name": "Microsoft-Windows-DeviceSetupManager", "Computer": "DESKTOP-OFJ6N53", "TimeCreated": "2025-04-06 16:58:42.988386+00:00", "RecordID": "11603", "Level": "4", "UserID": "S-1-5-18", "EventData.Prop_ContainerId": "{87930340-1A92-47FE-9B8B-F4A36A83532C}"}
{"EventID": "300", "Channel": "Microsoft-Windows-DeviceSetupManager/Operational", "Provider_Name": "Microsoft-Windows-DeviceSetupManager", "Computer": "DESKTOP-OFJ6N53", "TimeCreated": "2025-04-07 05:36:57.595234+00:00", "RecordID": "11604", "Level": "4", "UserID": "S-1-5-18", "EventData.Prop_ContainerId": "{55474742-12A3-45BF-9CCE-24F4A2FEE05C}"}
{"EventID": "300", "Channel": "Microsoft-Windows-DeviceSetupManager/Operational", "Provider_Name": "Microsoft-Windows-DeviceSetupManager", "Computer": "DESKTOP-OFJ6N53", "TimeCreated": "2025-04-08 21:26:43.404858+00:00", "RecordID": "11605", "Level": "4", "UserID": "S-1-5-18", "EventData.Prop_ContainerId": "{B0B8D2EB-5ADA-4688-8839-E42AA3C80AD0}"}
{"EventID": "300", "Channel": "Microsoft-Windows-DeviceSetupManager/Operational", "Provider_Name": "Microsoft-Windows-DeviceSetupManager", "Computer": "DESKTOP-OFJ6N53", "TimeCreated": "2025-04-10 05:53:03.025505+00:00", "RecordID": "11606", "Level": "4", "UserID": "S-1-5-18", "EventData.Prop_ContainerId": "{016E1F3C-C031-4162-80F7-9CAE803DB24E}"}
{"EventID": "300", "Channel": "Microsoft-Windows-DeviceSetupManager/Operational", "Provider_Name": "Microsoft-Windows-DeviceSetupManager", "Computer": "DESKTOP-OFJ6N53", "TimeCreated": "2025-04-14 11:38:16.981924+00:00", "RecordID": "11607", "Level": "4", "UserID": "S-1-5-18", "EventData.Prop_ContainerId": "{0F3FE39E-6B79-49D9-917F-22497EC1F92B}"}
{"EventID": "300", "Channel": "Microsoft-Windows-DeviceSetupManager/Operational", "Provider_Name": "Microsoft-Windows-DeviceSetupManager", "Computer": "DESKTOP-OFJ6N53", "TimeCreated": "2025-04-16 15:09:30.807562+00:00", "RecordID": "11608", "Level": "4", "UserID": "S-1-5-18", "EventData.Prop_ContainerId": "{45F43F36-11F1-4D3B-ADD7-E6BA0328385C}"}
{"EventID": "300", "Channel": "Microsoft-Windows-DeviceSetupManager/Operational", "Provider_Name": "Microsoft-Windows-DeviceSetupManager", "Computer": "DESKTOP-OFJ6N53", "TimeCreated": "2025-04-18 13:44:54.887274+00:00", "RecordID": "11609", "Level": "4", "UserID": "S-1-5-18", "EventData.Prop_ContainerId": "{0DC9B1A4-6CF1-4E7C-A043-77B996633127}"}
{"EventID": "300", "Channel": "Microsoft-Windows-DeviceSetupManager/Operational", "Provider_Name": "Microsoft-Windows-DeviceSetupManager", "Computer": "DESKTOP-OFJ6N53", "TimeCreated": "2025-04-18 13:44:57.637571+00:00", "RecordID": "11610", "Level": "4", "UserID": "S-1-5-18", "EventData.Prop_ContainerId": "{4FDB5BF4-2E03-42A5-B8BE-FFB3F9D492AF}"}
{"EventID": "300", "Channel": "Microsoft-Windows-DeviceSetupManager/Operational", "Provider_Name": "Microsoft-Windows-DeviceSetupManager", "Computer": "DESKTOP-OFJ6N53", "TimeCreated": "2025-04-21 12:47:13.295111+00:00", "RecordID": "11611", "Level": "4", "UserID": "S-1-5-18", "EventData.Prop_ContainerId": "{56716EE4-79CD-47C2-932C-DE06DE916D59}"}
{"EventID": "300", "Channel": "Microsoft-Windows-DeviceSetupManager/Operational", "Provider_Name": "Microsoft-Windows-DeviceSetupManager", "Computer": "DESKTOP-OFJ6N53", "TimeCreated": "2025-04-22 14:33:19.172562+00:00", "RecordID": "11612", "Level": "4", "UserID": "S-1-5-18", "EventData.Prop_ContainerId": "{008478C8-2CF5-42FD-9839-A634C6A9C92C}"}
{"EventID": "300", "Channel": "Microsoft-Windows-DeviceSetupManager/Operational", "Provider_Name": "Microsoft-Windows-DeviceSetupManager", "Computer": "DESKTOP-OFJ6N53", "TimeCreated": "2025-04-22 16:00:12.703474+00:00", "RecordID": "11613", "Level": "4", "UserID": "S-1-5-18", "EventData.Prop_ContainerId": "{593127ED-BB7F-4C89-A2C5-7D8EA8B864A0}"}
{"EventID": "300", "Channel": "Microsoft-Windows-DeviceSetupManager/Operational", "Provider_Name": "Microsoft-Windows-DeviceSetupManager", "Computer": "DESKTOP-OFJ6N53", "TimeCreated": "2025-04-24 11:02:01.501705+00:00", "RecordID": "11614", "Level": "4", "UserID": "S-1-5-18", "EventData.Prop_ContainerId": "{2155264E-FC59-46C6-A2B2-4149996EF55B}"}
{"EventID": "300", "Channel": "Microsoft-Windows-DeviceSetupManager/Operational", "Provider_Name": "Microsoft-Windows-DeviceSetupManager", "Computer": "DESKTOP-OFJ6N53", "TimeCreated": "2025-04-24 11:02:08.493299+00:00", "RecordID": "11615", "Level": "4", "UserID": "S-1-5-18", "EventData.Prop_ContainerId": "{8FB822F2-424F-42C9-BC72-977034B2FC54}"}
{"EventID": "300", "Channel": "Microsoft-Windows-DeviceSetupManager/Operational", "Provider_Name": "Microsoft-Windows-DeviceSetupManager", "Computer": "DESKTOP-OFJ6N53", "TimeCreated": "2025-04-24 11:02:27.230349+00:00", "RecordID": "11616", "Level": "4", "UserID": "S-1-5-18", "EventData.Prop_ContainerId": "{D16FB239-4481-2A51-415B-9F741721754E}"}
{"EventID": "300", "Channel": "Microsoft-Windows-DeviceSetupManager/Operational", "Provider_Name": "Microsoft-Windows-DeviceSetupManager", "Computer": "DESKTOP-OFJ6N53", "TimeCreated": "2025-04-24 11:02:29.278666+00:00", "RecordID": "11617", "Level": "4", "UserID": "S-1-5-18", "EventData.Prop_ContainerId": "{E14AC2A2-E2BB-2D17-10ED-5CEA03FD468D}"}
{"EventID": "300", "Channel": "Microsoft-Windows-DeviceSetupManager/Operational", "Provider_Name": "Microsoft-Windows-DeviceSetupManager", "Computer": "DESKTOP-OFJ6N53", "TimeCreated": "2025-04-24 11:02:30.812323+00:00", "RecordID": "11618", "Level": "4", "UserID": "S-1-5-18", "EventData.Prop_ContainerId": "{B0C9E24A-95CF-6468-1816-CD1F688506E6}"}
{"EventID": "300", "Channel": "Microsoft-Windows-DeviceSetupManager/Operational", "Provider_Name": "Microsoft-Windows-DeviceSetupManager", "Computer": "DESKTOP-OFJ6N53", "TimeCreated": "2025-04-24 11:13:37.867334+00:00", "RecordID": "11619", "Level": "4", "UserID": "S-1-5-18", "EventData.Prop_ContainerId": "{D615D10B-C52A-4C04-853C-AB5186F133F5}"}
{"EventID": "300", "Channel": "Microsoft-Windows-DeviceSetupManager/Operational", "Provider_Name": "Microsoft-Windows-DeviceSetupManager", "Computer": "DESKTOP-OFJ6N53", "TimeCreated": "2025-04-24 11:33:05.910889+00:00", "RecordID": "11620", "Level": "4", "UserID": "S-1-5-18", "EventData.Prop_ContainerId": "{F51FE834-3546-4A68-B47C-5CDB6686A927}"}
{"EventID": "300", "Channel": "Microsoft-Windows-DeviceSetupManager/Operational", "Provider_Name": "Microsoft-Windows-DeviceSetupManager", "Computer": "DESKTOP-OFJ6N53", "TimeCreated": "2025-04-24 11:33:13.358047+00:00", "RecordID": "11621", "Level": "4", "UserID": "S-1-5-18", "EventData.Prop_ContainerId": "{D1EC2894-CAC6-4F70-A9AB-5A903B8EB84C}"}
{"EventID": "300", "Channel": "Microsoft-Windows-DeviceSetupManager/Operational", "Provider_Name": "Microsoft-Windows-DeviceSetupManager", "Computer": "DESKTOP-OFJ6N53", "TimeCreated": "2025-04-24 11:34:29.932692+00:00", "RecordID": "11622", "Level": "4", "UserID": "S-1-5-18", "EventData.Prop_ContainerId": "{2E050D2A-BB83-43C0-BB7B-CD1FA109A0F2}"}
{"EventID": "300", "Channel": "Microsoft-Windows-DeviceSetupManager/Operational", "Provider_Name": "Microsoft-Windows-DeviceSetupManager", "Computer": "DESKTOP-OFJ6N53", "TimeCreated": "2025-04-24 11:34:38.452095+00:00", "RecordID": "11623", "Level": "4", "UserID": "S-1-5-18", "EventData.Prop_ContainerId": "{99BF4D7B-19D2-4137-B671-9B1D1C3A9AE6}"}
{"EventID": "300", "Channel": "Microsoft-Windows-DeviceSetupManager/Operational", "Provider_Name": "Microsoft-Windows-DeviceSetupManager", "Computer": "DESKTOP-OFJ6N53", "TimeCreated": "2025-04-28 13:31:27.539251+00:00", "RecordID": "11624", "Level": "4", "UserID": "S-1-5-18", "EventData.Prop_ContainerId": "{07C2F456-C170-4C49-879B-906A30F2418B}"}
{"EventID": "300", "Channel": "Microsoft-Windows-DeviceSetupManager/Operational", "Provider_Name": "Microsoft-Windows-DeviceSetupManager", "Computer": "DESKTOP-OFJ6N53", "TimeCreated": "2025-04-28 17:23:18.576180+00:00", "RecordID": "11625", "Level": "4", "UserID": "S-1-5-18", "EventData.Prop_ContainerId": "{B85C5E72-B827-4DD3-9825-6F5025857FE4}"}
{"EventID": "300", "Channel": "Microsoft-Windows-DeviceSetupManager/Operational", "Provider_Name": "Microsoft-Windows-DeviceSetupManager", "Computer": "DESKTOP-OFJ6N53", "TimeCreated": "2025-04-28 21:38:17.736790+00:00", "RecordID": "11626", "Level": "4", "UserID": "S-1-5-18", "EventData.Prop_ContainerId": "{A12A4FB6-E7EC-4013-9B42-911FD972B690}"}
{"EventID": "300", "Channel": "Microsoft-Windows-DeviceSetupManager/Operational", "Provider_Name": "Microsoft-Windows-DeviceSetupManager", "Computer": "DESKTOP-OFJ6N53", "TimeCreated": "2025-04-29 17:03:42.701305+00:00", "RecordID": "11627", "Level": "4", "UserID": "S-1-5-18", "EventData.Prop_ContainerId": "{EC56420D-C0A3-4ED4-9537-28539B34153E}"}
{"EventID": "300", "Channel": "Microsoft-Windows-DeviceSetupManager/Operational", "Provider_Name": "Microsoft-Windows-DeviceSetupManager", "Computer": "DESKTOP-OFJ6N53", "TimeCreated": "2025-05-01 19:21:16.155512+00:00", "RecordID": "11628", "Level": "4", "UserID": "S-1-5-18", "EventData.Prop_ContainerId": "{48F7D21A-7ACC-826E-EAAF-78CAEF934548}"}
{"EventID": "300", "Channel": "Microsoft-Windows-DeviceSetupManager/Operational", "Provider_Name": "Microsoft-Windows-DeviceSetupManager", "Computer": "DESKTOP-OFJ6N53", "TimeCreated": "2025-05-07 09:26:22.088211+00:00", "RecordID": "11629", "Level": "4", "UserID": "S-1-5-18", "EventData.Prop_ContainerId": "{90641A4F-156D-44D0-9D3E-49B0072C9E20}"}
{"EventID": "300", "Channel": "Microsoft-Windows-DeviceSetupManager/Operational", "Provider_Name": "Microsoft-Windows-DeviceSetupManager", "Computer": "DESKTOP-OFJ6N53", "TimeCreated": "2025-05-07 15:44:03.925858+00:00", "RecordID": "11630", "Level": "4", "UserID": "S-1-5-18", "EventData.Prop_ContainerId": "{AFCD2F00-467E-4413-862A-74E089907363}"}
{"EventID": "300", "Channel": "Microsoft-Windows-DeviceSetupManager/Operational", "Provider_Name": "Microsoft-Windows-DeviceSetupManager", "Computer": "DESKTOP-OFJ6N53", "TimeCreated": "2025-05-12 09:36:58.814682+00:00", "RecordID": "11631", "Level": "4", "UserID": "S-1-5-18", "EventData.Prop_ContainerId": "{15D7D456-9405-4625-96CB-E7B621480C3B}"}
{"EventID": "300", "Channel": "Microsoft-Windows-DeviceSetupManager/Operational", "Provider_Name": "Microsoft-Windows-DeviceSetupManager", "Computer": "DESKTOP-OFJ6N53", "TimeCreated": "2025-05-14 09:34:58.509146+00:00", "RecordID": "11632", "Level": "4", "UserID": "S-1-5-18", "EventData.Prop_ContainerId": "{6D8338C8-AFF2-4C30-B114-DA9D03833C77}"}
{"EventID": "300", "Channel": "Microsoft-Windows-DeviceSetupManager/Operational", "Provider_Name": "Microsoft-Windows-DeviceSetupManager", "Computer": "DESKTOP-OFJ6N53", "TimeCreated": "2025-05-21 14:11:23.658308+00:00", "RecordID": "11633", "Level": "4", "UserID": "S-1-5-18", "EventData.Prop_ContainerId": "{1E0FD7F5-D6C6-445F-BDDC-91AFA6FA7D84}"}
{"EventID": "300", "Channel": "Microsoft-Windows-DeviceSetupManager/Operational", "Provider_Name": "Microsoft-Windows-DeviceSetupManager", "Computer": "DESKTOP-OFJ6N53", "TimeCreated": "2025-05-21 14:11:49.616947+00:00", "RecordID": "11634", "Level": "4", "UserID": "S-1-5-18", "EventData.Prop_ContainerId": "{7EFCBE4E-A3A2-0C99-EC8F-27D6801A396F}"}
{"EventID": "300", "Channel": "Microsoft-Windows-DeviceSetupManager/Operational", "Provider_Name": "Microsoft-Windows-DeviceSetupManager", "Computer": "DESKTOP-OFJ6N53", "TimeCreated": "2025-05-29 10:58:17.333775+00:00", "RecordID": "11635", "Level": "4", "UserID": "S-1-5-18", "EventData.Prop_ContainerId": "{88CC81FF-07B2-4AF0-A7D0-0179D5E16B70}"}
{"EventID": "300", "Channel": "Microsoft-Windows-DeviceSetupManager/Operational", "Provider_Name": "Microsoft-Windows-DeviceSetupManager", "Computer": "DESKTOP-OFJ6N53", "TimeCreated": "2025-05-29 10:58:41.450611+00:00", "RecordID": "11636", "Level": "4", "UserID": "S-1-5-18", "EventData.Prop_ContainerId": "{7EFCBE4E-A3A2-0C99-EC8F-27D6801A396F}"}
{"EventID": "300", "Channel": "Microsoft-Windows-DeviceSetupManager/Operational", "Provider_Name": "Microsoft-Windows-DeviceSetupManager", "Computer": "DESKTOP-OFJ6N53", "TimeCreated": "2025-05-29 10:59:14.812338+00:00", "RecordID": "11637", "Level": "4", "UserID": "S-1-5-18", "EventData.Prop_ContainerId": "{988CE757-B74F-4650-85F8-6D73A8B72EBD}"}
{"EventID": "300", "Channel": "Microsoft-Windows-DeviceSetupManager/Operational", "Provider_Name": "Microsoft-Windows-DeviceSetupManager", "Computer": "DESKTOP-OFJ6N53", "TimeCreated": "2025-05-29 10:59:36.535831+00:00", "RecordID": "11638", "Level": "4", "UserID": "S-1-5-18", "EventData.Prop_ContainerId": "{7EFCBE4E-A3A2-0C99-EC8F-27D6801A396F}"}
{"EventID": "300", "Channel": "Microsoft-Windows-DeviceSetupManager/Operational", "Provider_Name": "Microsoft-Windows-DeviceSetupManager", "Computer": "DESKTOP-OFJ6N53", "TimeCreated": "2025-05-30 07:43:09.355585+00:00", "RecordID": "11639", "Level": "4", "UserID": "S-1-5-18", "EventData.Prop_ContainerId": "{AC91F177-A839-43B6-B9C2-412BE498CFAE}"}
{"EventID": "300", "Channel": "Microsoft-Windows-DeviceSetupManager/Operational", "Provider_Name": "Microsoft-Windows-DeviceSetupManager", "Computer": "DESKTOP-OFJ6N53", "TimeCreated": "2025-05-30 07:43:21.415537+00:00", "RecordID": "11640", "Level": "4", "UserID": "S-1-5-18", "EventData.Prop_ContainerId": "{7EFCBE4E-A3A2-0C99-EC8F-27D6801A396F}"}
{"EventID": "300", "Channel": "Microsoft-Windows-DeviceSetupManager/Operational", "Provider_Name": "Microsoft-Windows-DeviceSetupManager", "Computer": "DESKTOP-OFJ6N53", "TimeCreated": "2025-06-01 08:21:50.389172+00:00", "RecordID": "11641", "Level": "4", "UserID": "S-1-5-18", "EventData.Prop_ContainerId": "{69330229-040D-4CCF-B56F-6F3508C523EF}"}
{"EventID": "300", "Channel": "Microsoft-Windows-DeviceSetupManager/Operational", "Provider_Name": "Microsoft-Windows-DeviceSetupManager", "Computer": "DESKTOP-OFJ6N53", "TimeCreated": "2025-06-01 08:22:19.854349+00:00", "RecordID": "11642", "Level": "4", "UserID": "S-1-5-18", "EventData.Prop_ContainerId": "{7EFCBE4E-A3A2-0C99-EC8F-27D6801A396F}"}
{"EventID": "300", "Channel": "Microsoft-Windows-DeviceSetupManager/Operational", "Provider_Name": "Microsoft-Windows-DeviceSetupManager", "Computer": "DESKTOP-OFJ6N53", "TimeCreated": "2025-06-04 10:27:40.227325+00:00", "RecordID": "11643", "Level": "4", "UserID": "S-1-5-18", "EventData.Prop_ContainerId": "{F3E7A245-5DA3-4CEE-88AE-33AB55F18D8D}"}
{"EventID": "300", "Channel": "Microsoft-Windows-DeviceSetupManager/Operational", "Provider_Name": "Microsoft-Windows-DeviceSetupManager", "Computer": "DESKTOP-OFJ6N53", "TimeCreated": "2025-06-04 10:28:04.895729+00:00", "RecordID": "11644", "Level": "4", "UserID": "S-1-5-18", "EventData.Prop_ContainerId": "{7EFCBE4E-A3A2-0C99-EC8F-27D6801A396F}"}
{"EventID": "300", "Channel": "Microsoft-Windows-DeviceSetupManager/Operational", "Provider_Name": "Microsoft-Windows-DeviceSetupManager", "Computer": "DESKTOP-OFJ6N53", "TimeCreated": "2025-06-06 15:55:01.139320+00:00", "RecordID": "11645", "Level": "4", "UserID": "S-1-5-18", "EventData.Prop_ContainerId": "{D185134C-F506-433A-824E-E8CAF55A3A63}"}
{"EventID": "300", "Channel": "Microsoft-Windows-DeviceSetupManager/Operational", "Provider_Name": "Microsoft-Windows-DeviceSetupManager", "Computer": "DESKTOP-OFJ6N53", "TimeCreated": "2025-06-06 15:55:19.348146+00:00", "RecordID": "11646", "Level": "4", "UserID": "S-1-5-18", "EventData.Prop_ContainerId": "{7EFCBE4E-A3A2-0C99-EC8F-27D6801A396F}"}
{"EventID": "300", "Channel": "Microsoft-Windows-DeviceSetupManager/Operational", "Provider_Name": "Microsoft-Windows-DeviceSetupManager", "Computer": "DESKTOP-OFJ6N53", "TimeCreated": "2025-06-18 13:21:35.153542+00:00", "RecordID": "11647", "Level": "4", "UserID": "S-1-5-18", "EventData.Prop_ContainerId": "{51FF50CC-A011-43DB-9F0D-35300889036F}"}
{"EventID": "300", "Channel": "Microsoft-Windows-DeviceSetupManager/Operational", "Provider_Name": "Microsoft-Windows-DeviceSetupManager", "Computer": "DESKTOP-OFJ6N53", "TimeCreated": "2025-06-18 13:21:50.679613+00:00", "RecordID": "11648", "Level": "4", "UserID": "S-1-5-18", "EventData.Prop_ContainerId": "{7EFCBE4E-A3A2-0C99-EC8F-27D6801A396F}"}
{"EventID": "300", "Channel": "Microsoft-Windows-DeviceSetupManager/Operational", "Provider_Name": "Microsoft-Windows-DeviceSetupManager", "Computer": "DESKTOP-OFJ6N53", "TimeCreated": "2025-07-01 08:08:54.445452+00:00", "RecordID": "11649", "Level": "4", "UserID": "S-1-5-18", "EventData.Prop_ContainerId": "{A4FCF609-DACE-4283-9E62-1D87D537B871}"}
{"EventID": "300", "Channel": "Microsoft-Windows-DeviceSetupManager/Operational", "Provider_Name": "Microsoft-Windows-DeviceSetupManager", "Computer": "DESKTOP-OFJ6N53", "TimeCreated": "2025-07-07 12:36:17.348387+00:00", "RecordID": "11650", "Level": "4", "UserID": "S-1-5-18", "EventData.Prop_ContainerId": "{5420E0B2-95CA-4D4A-B715-CDAC74279FBA}"}
{"EventID": "300", "Channel": "Microsoft-Windows-DeviceSetupManager/Operational", "Provider_Name": "Microsoft-Windows-DeviceSetupManager", "Computer": "DESKTOP-OFJ6N53", "TimeCreated": "2025-07-07 12:36:39.458590+00:00", "RecordID": "11651", "Level": "4", "UserID": "S-1-5-18", "EventData.Prop_ContainerId": "{7EFCBE4E-A3A2-0C99-EC8F-27D6801A396F}"}
{"EventID": "300", "Channel": "Microsoft-Windows-DeviceSetupManager/Operational", "Provider_Name": "Microsoft-Windows-DeviceSetupManager", "Computer": "DESKTOP-OFJ6N53", "TimeCreated": "2025-07-07 13:11:58.986593+00:00", "RecordID": "11652", "Level": "4", "UserID": "S-1-5-18", "EventData.Prop_ContainerId": "{9FC79085-829B-4595-A19C-182A52961317}"}
{"EventID": "300", "Channel": "Microsoft-Windows-DeviceSetupManager/Operational", "Provider_Name": "Microsoft-Windows-DeviceSetupManager", "Computer": "DESKTOP-OFJ6N53", "TimeCreated": "2025-07-07 13:12:24.876657+00:00", "RecordID": "11653", "Level": "4", "UserID": "S-1-5-18", "EventData.Prop_ContainerId": "{7EFCBE4E-A3A2-0C99-EC8F-27D6801A396F}"}
{"EventID": "300", "Channel": "Microsoft-Windows-DeviceSetupManager/Operational", "Provider_Name": "Microsoft-Windows-DeviceSetupManager", "Computer": "DESKTOP-OFJ6N53", "TimeCreated": "2025-07-07 14:19:34.768341+00:00", "RecordID": "11654", "Level": "4", "UserID": "S-1-5-18", "EventData.Prop_ContainerId": "{14F1BBE0-15B8-4D0E-AB16-647CCF626438}"}
{"EventID": "300", "Channel": "Microsoft-Windows-DeviceSetupManager/Operational", "Provider_Name": "Microsoft-Windows-DeviceSetupManager", "Computer": "DESKTOP-OFJ6N53", "TimeCreated": "2025-07-07 14:19:50.096186+00:00", "RecordID": "11655", "Level": "4", "UserID": "S-1-5-18", "EventData.Prop_ContainerId": "{7EFCBE4E-A3A2-0C99-EC8F-27D6801A396F}"}
{"EventID": "300", "Channel": "Microsoft-Windows-DeviceSetupManager/Operational", "Provider_Name": "Microsoft-Windows-DeviceSetupManager", "Computer": "DESKTOP-OFJ6N53", "TimeCreated": "2025-07-07 18:56:15.945522+00:00", "RecordID": "11656", "Level": "4", "UserID": "S-1-5-18", "EventData.Prop_ContainerId": "{01EA6FDC-A332-4F40-B62B-B845A26783DC}"}
{"EventID": "300", "Channel": "Microsoft-Windows-DeviceSetupManager/Operational", "Provider_Name": "Microsoft-Windows-DeviceSetupManager", "Computer": "DESKTOP-OFJ6N53", "TimeCreated": "2025-07-07 18:56:31.485226+00:00", "RecordID": "11657", "Level": "4", "UserID": "S-1-5-18", "EventData.Prop_ContainerId": "{7EFCBE4E-A3A2-0C99-EC8F-27D6801A396F}"}
{"EventID": "300", "Channel": "Microsoft-Windows-DeviceSetupManager/Operational", "Provider_Name": "Microsoft-Windows-DeviceSetupManager", "Computer": "DESKTOP-OFJ6N53", "TimeCreated": "2025-07-07 19:32:33.943001+00:00", "RecordID": "11658", "Level": "4", "UserID": "S-1-5-18", "EventData.Prop_ContainerId": "{9436A0AB-88CF-4109-8609-94EE8AF31611}"}
{"EventID": "300", "Channel": "Microsoft-Windows-DeviceSetupManager/Operational", "Provider_Name": "Microsoft-Windows-DeviceSetupManager", "Computer": "DESKTOP-OFJ6N53", "TimeCreated": "2025-07-07 19:32:45.314089+00:00", "RecordID": "11659", "Level": "4", "UserID": "S-1-5-18", "EventData.Prop_ContainerId": "{7EFCBE4E-A3A2-0C99-EC8F-27D6801A396F}"}
{"EventID": "300", "Channel": "Microsoft-Windows-DeviceSetupManager/Operational", "Provider_Name": "Microsoft-Windows-DeviceSetupManager", "Computer": "DESKTOP-OFJ6N53", "TimeCreated": "2025-07-07 20:36:31.174995+00:00", "RecordID": "11660", "Level": "4", "UserID": "S-1-5-18", "EventData.Prop_ContainerId": "{BF7C386E-00FF-451B-A1A1-DF21102379DC}"}
{"EventID": "300", "Channel": "Microsoft-Windows-DeviceSetupManager/Operational", "Provider_Name": "Microsoft-Windows-DeviceSetupManager", "Computer": "DESKTOP-OFJ6N53", "TimeCreated": "2025-07-07 20:36:43.034655+00:00", "RecordID": "11661", "Level": "4", "UserID": "S-1-5-18", "EventData.Prop_ContainerId": "{7EFCBE4E-A3A2-0C99-EC8F-27D6801A396F}"}
{"EventID": "300", "Channel": "Microsoft-Windows-DeviceSetupManager/Operational", "Provider_Name": "Microsoft-Windows-DeviceSetupManager", "Computer": "DESKTOP-OFJ6N53", "TimeCreated": "2025-07-07 21:05:02.329643+00:00", "RecordID": "11662", "Level": "4", "UserID": "S-1-5-18", "EventData.Prop_ContainerId": "{45B2A055-BBAF-41E9-902F-3A28455D5684}"}
{"EventID": "300", "Channel": "Microsoft-Windows-DeviceSetupManager/Operational", "Provider_Name": "Microsoft-Windows-DeviceSetupManager", "Computer": "DESKTOP-OFJ6N53", "TimeCreated": "2025-07-07 21:05:21.585146+00:00", "RecordID": "11663", "Level": "4", "UserID": "S-1-5-18", "EventData.Prop_ContainerId": "{7EFCBE4E-A3A2-0C99-EC8F-27D6801A396F}"}
{"EventID": "300", "Channel": "Microsoft-Windows-DeviceSetupManager/Operational", "Provider_Name": "Microsoft-Windows-DeviceSetupManager", "Computer": "DESKTOP-OFJ6N53", "TimeCreated": "2025-07-14 09:52:09.892952+00:00", "RecordID": "11664", "Level": "4", "UserID": "S-1-5-18", "EventData.Prop_ContainerId": "{A4F7621D-02A9-4A13-9BE9-803D0F38858F}"}
{"EventID": "300", "Channel": "Microsoft-Windows-DeviceSetupManager/Operational", "Provider_Name": "Microsoft-Windows-DeviceSetupManager", "Computer": "DESKTOP-OFJ6N53", "TimeCreated": "2025-07-14 09:52:33.259663+00:00", "RecordID": "11665", "Level": "4", "UserID": "S-1-5-18", "EventData.Prop_ContainerId": "{7EFCBE4E-A3A2-0C99-EC8F-27D6801A396F}"}
{"EventID": "300", "Channel": "Microsoft-Windows-DeviceSetupManager/Operational", "Provider_Name": "Microsoft-Windows-DeviceSetupManager", "Computer": "DESKTOP-OFJ6N53", "TimeCreated": "2025-07-14 09:57:33.531424+00:00", "RecordID": "11666", "Level": "4", "UserID": "S-1-5-18", "EventData.Prop_ContainerId": "{1FBCE3A9-F592-4A7F-9131-E3BCD5588C3D}"}
{"EventID": "300", "Channel": "Microsoft-Windows-DeviceSetupManager/Operational", "Provider_Name": "Microsoft-Windows-DeviceSetupManager", "Computer": "DESKTOP-OFJ6N53", "TimeCreated": "2025-07-14 09:57:48.826021+00:00", "RecordID": "11667", "Level": "4", "UserID": "S-1-5-18", "EventData.Prop_ContainerId": "{7EFCBE4E-A3A2-0C99-EC8F-27D6801A396F}"}
{"EventID": "300", "Channel": "Microsoft-Windows-DeviceSetupManager/Operational", "Provider_Name": "Microsoft-Windows-DeviceSetupManager", "Computer": "DESKTOP-OFJ6N53", "TimeCreated": "2025-07-14 10:19:07.423397+00:00", "RecordID": "11668", "Level": "4", "UserID": "S-1-5-18", "EventData.Prop_ContainerId": "{FCA22853-C093-41BE-A8B5-A741D97A12A7}"}
{"EventID": "300", "Channel": "Microsoft-Windows-DeviceSetupManager/Operational", "Provider_Name": "Microsoft-Windows-DeviceSetupManager", "Computer": "DESKTOP-OFJ6N53", "TimeCreated": "2025-07-14 10:19:29.593569+00:00", "RecordID": "11669", "Level": "4", "UserID": "S-1-5-18", "EventData.Prop_ContainerId": "{7EFCBE4E-A3A2-0C99-EC8F-27D6801A396F}"}
{"EventID": "300", "Channel": "Microsoft-Windows-DeviceSetupManager/Operational", "Provider_Name": "Microsoft-Windows-DeviceSetupManager", "Computer": "DESKTOP-OFJ6N53", "TimeCreated": "2025-07-14 10:46:19.795229+00:00", "RecordID": "11670", "Level": "4", "UserID": "S-1-5-18", "EventData.Prop_ContainerId": "{AB5E89D3-B82E-49CB-AE8C-5B1FD431E035}"}
{"EventID": "300", "Channel": "Microsoft-Windows-DeviceSetupManager/Operational", "Provider_Name": "Microsoft-Windows-DeviceSetupManager", "Computer": "DESKTOP-OFJ6N53", "TimeCreated": "2025-07-14 10:46:37.982765+00:00", "RecordID": "11671", "Level": "4", "UserID": "S-1-5-18", "EventData.Prop_ContainerId": "{7EFCBE4E-A3A2-0C99-EC8F-27D6801A396F}"}
{"EventID": "300", "Channel": "Microsoft-Windows-DeviceSetupManager/Operational", "Provider_Name": "Microsoft-Windows-DeviceSetupManager", "Computer": "DESKTOP-OFJ6N53", "TimeCreated": "2025-07-16 08:57:55.143242+00:00", "RecordID": "11672", "Level": "4", "UserID": "S-1-5-18", "EventData.Prop_ContainerId": "{3ABEE1CD-2136-40AD-93A4-5960023EE696}"}
{"EventID": "300", "Channel": "Microsoft-Windows-DeviceSetupManager/Operational", "Provider_Name": "Microsoft-Windows-DeviceSetupManager", "Computer": "DESKTOP-OFJ6N53", "TimeCreated": "2025-07-16 08:58:15.686733+00:00", "RecordID": "11673", "Level": "4", "UserID": "S-1-5-18", "EventData.Prop_ContainerId": "{7EFCBE4E-A3A2-0C99-EC8F-27D6801A396F}"}
{"EventID": "300", "Channel": "Microsoft-Windows-DeviceSetupManager/Operational", "Provider_Name": "Microsoft-Windows-DeviceSetupManager", "Computer": "DESKTOP-OFJ6N53", "TimeCreated": "2025-07-16 09:09:56.544880+00:00", "RecordID": "11674", "Level": "4", "UserID": "S-1-5-18", "EventData.Prop_ContainerId": "{A8BE1E2A-AE3F-41A1-961B-AED61AC4F830}"}
{"EventID": "300", "Channel": "Microsoft-Windows-DeviceSetupManager/Operational", "Provider_Name": "Microsoft-Windows-DeviceSetupManager", "Computer": "DESKTOP-OFJ6N53", "TimeCreated": "2025-07-16 09:10:17.851402+00:00", "RecordID": "11675", "Level": "4", "UserID": "S-1-5-18", "EventData.Prop_ContainerId": "{7EFCBE4E-A3A2-0C99-EC8F-27D6801A396F}"}
{"EventID": "300", "Channel": "Microsoft-Windows-DeviceSetupManager/Operational", "Provider_Name": "Microsoft-Windows-DeviceSetupManager", "Computer": "DESKTOP-OFJ6N53", "TimeCreated": "2025-07-16 16:15:33.728436+00:00", "RecordID": "11676", "Level": "4", "UserID": "S-1-5-18", "EventData.Prop_ContainerId": "{6961C668-3611-4B17-ACCB-DF1100C3E7A6}"}
{"EventID": "300", "Channel": "Microsoft-Windows-DeviceSetupManager/Operational", "Provider_Name": "Microsoft-Windows-DeviceSetupManager", "Computer": "DESKTOP-OFJ6N53", "TimeCreated": "2025-07-16 16:16:07.240808+00:00", "RecordID": "11677", "Level": "4", "UserID": "S-1-5-18", "EventData.Prop_ContainerId": "{7EFCBE4E-A3A2-0C99-EC8F-27D6801A396F}"}
{"EventID": "300", "Channel": "Microsoft-Windows-DeviceSetupManager/Operational", "Provider_Name": "Microsoft-Windows-DeviceSetupManager", "Computer": "DESKTOP-OFJ6N53", "TimeCreated": "2025-07-16 16:24:05.425306+00:00", "RecordID": "11678", "Level": "4", "UserID": "S-1-5-18", "EventData.Prop_ContainerId": "{5EA2FB96-862A-4C15-90E3-60A103A6021F}"}
{"EventID": "300", "Channel": "Microsoft-Windows-DeviceSetupManager/Operational", "Provider_Name": "Microsoft-Windows-DeviceSetupManager", "Computer": "DESKTOP-OFJ6N53", "TimeCreated": "2025-07-16 16:24:36.956280+00:00", "RecordID": "11679", "Level": "4", "UserID": "S-1-5-18", "EventData.Prop_ContainerId": "{7EFCBE4E-A3A2-0C99-EC8F-27D6801A396F}"}
{"EventID": "300", "Channel": "Microsoft-Windows-DeviceSetupManager/Operational", "Provider_Name": "Microsoft-Windows-DeviceSetupManager", "Computer": "DESKTOP-OFJ6N53", "TimeCreated": "2025-07-16 16:25:52.345457+00:00", "RecordID": "11680", "Level": "4", "UserID": "S-1-5-18", "EventData.Prop_ContainerId": "{46DD8E4D-08B4-4424-808E-614F72EF2184}"}
{"EventID": "300", "Channel": "Microsoft-Windows-DeviceSetupManager/Operational", "Provider_Name": "Microsoft-Windows-DeviceSetupManager", "Computer": "DESKTOP-OFJ6N53", "TimeCreated": "2025-07-16 16:26:21.400616+00:00", "RecordID": "11681", "Level": "4", "UserID": "S-1-5-18", "EventData.Prop_ContainerId": "{7EFCBE4E-A3A2-0C99-EC8F-27D6801A396F}"}
{"EventID": "300", "Channel": "Microsoft-Windows-DeviceSetupManager/Operational", "Provider_Name": "Microsoft-Windows-DeviceSetupManager", "Computer": "DESKTOP-OFJ6N53", "TimeCreated": "2025-07-24 21:04:42.756962+00:00", "RecordID": "11682", "Level": "4", "UserID": "S-1-5-18", "EventData.Prop_ContainerId": "{FF0CD1B3-CC3D-41E5-8D15-9A6180C5F851}"}
{"EventID": "300", "Channel": "Microsoft-Windows-DeviceSetupManager/Operational", "Provider_Name": "Microsoft-Windows-DeviceSetupManager", "Computer": "DESKTOP-OFJ6N53", "TimeCreated": "2025-07-24 21:05:20.923679+00:00", "RecordID": "11683", "Level": "4", "UserID": "S-1-5-18", "EventData.Prop_ContainerId": "{7EFCBE4E-A3A2-0C99-EC8F-27D6801A396F}"}
{"EventID": "300", "Channel": "Microsoft-Windows-DeviceSetupManager/Operational", "Provider_Name": "Microsoft-Windows-DeviceSetupManager", "Computer": "DESKTOP-OFJ6N53", "TimeCreated": "2025-07-24 21:30:33.796721+00:00", "RecordID": "11684", "Level": "4", "UserID": "S-1-5-18", "EventData.Prop_ContainerId": "{F16BB05B-F766-42C2-ABC8-0C5A085EE3B6}"}
{"EventID": "300", "Channel": "Microsoft-Windows-DeviceSetupManager/Operational", "Provider_Name": "Microsoft-Windows-DeviceSetupManager", "Computer": "DESKTOP-OFJ6N53", "TimeCreated": "2025-07-24 21:31:52.691240+00:00", "RecordID": "11685", "Level": "4", "UserID": "S-1-5-18", "EventData.Prop_ContainerId": "{7EFCBE4E-A3A2-0C99-EC8F-27D6801A396F}"}
{"EventID": "300", "Channel": "Microsoft-Windows-DeviceSetupManager/Operational", "Provider_Name": "Microsoft-Windows-DeviceSetupManager", "Computer": "DESKTOP-OFJ6N53", "TimeCreated": "2025-07-24 21:52:02.851791+00:00", "RecordID": "11686", "Level": "4", "UserID": "S-1-5-18", "EventData.Prop_ContainerId": "{7A10937B-ED81-4FF4-A3AE-0E06E130D679}"}
{"EventID": "300", "Channel": "Microsoft-Windows-DeviceSetupManager/Operational", "Provider_Name": "Microsoft-Windows-DeviceSetupManager", "Computer": "DESKTOP-OFJ6N53", "TimeCreated": "2025-07-24 21:52:21.677048+00:00", "RecordID": "11687", "Level": "4", "UserID": "S-1-5-18", "EventData.Prop_ContainerId": "{7EFCBE4E-A3A2-0C99-EC8F-27D6801A396F}"}
{"EventID": "300", "Channel": "Microsoft-Windows-DeviceSetupManager/Operational", "Provider_Name": "Microsoft-Windows-DeviceSetupManager", "Computer": "DESKTOP-OFJ6N53", "TimeCreated": "2025-07-29 11:33:51.330975+00:00", "RecordID": "11688", "Level": "4", "UserID": "S-1-5-18", "EventData.Prop_ContainerId": "{A06927DD-461E-49BC-B198-77D610162466}"}
{"EventID": "300", "Channel": "Microsoft-Windows-DeviceSetupManager/Operational", "Provider_Name": "Microsoft-Windows-DeviceSetupManager", "Computer": "DESKTOP-OFJ6N53", "TimeCreated": "2025-07-29 11:34:05.380955+00:00", "RecordID": "11689", "Level": "4", "UserID": "S-1-5-18", "EventData.Prop_ContainerId": "{7EFCBE4E-A3A2-0C99-EC8F-27D6801A396F}"}
{"EventID": "300", "Channel": "Microsoft-Windows-DeviceSetupManager/Operational", "Provider_Name": "Microsoft-Windows-DeviceSetupManager", "Computer": "DESKTOP-OFJ6N53", "TimeCreated": "2025-07-31 08:16:25.401262+00:00", "RecordID": "11690", "Level": "4", "UserID": "S-1-5-18", "EventData.Prop_ContainerId": "{5F1A1C6B-7A33-4225-8C51-81883AE3B8EF}"}
{"EventID": "300", "Channel": "Microsoft-Windows-DeviceSetupManager/Operational", "Provider_Name": "Microsoft-Windows-DeviceSetupManager", "Computer": "DESKTOP-OFJ6N53", "TimeCreated": "2025-07-31 08:16:59.441496+00:00", "RecordID": "11691", "Level": "4", "UserID": "S-1-5-18", "EventData.Prop_ContainerId": "{968E1B75-BB81-4D1D-A180-7A0B76982574}"}
{"EventID": "300", "Channel": "Microsoft-Windows-DeviceSetupManager/Operational", "Provider_Name": "Microsoft-Windows-DeviceSetupManager", "Computer": "DESKTOP-OFJ6N53", "TimeCreated": "2025-07-31 11:10:30.645691+00:00", "RecordID": "11692", "Level": "4", "UserID": "S-1-5-18", "EventData.Prop_ContainerId": "{36148A00-7B3C-459A-A3E4-3BEBE9F0FC97}"}
{"EventID": "300", "Channel": "Microsoft-Windows-DeviceSetupManager/Operational", "Provider_Name": "Microsoft-Windows-DeviceSetupManager", "Computer": "DESKTOP-OFJ6N53", "TimeCreated": "2025-08-01 08:40:25.358168+00:00", "RecordID": "11693", "Level": "4", "UserID": "S-1-5-18", "EventData.Prop_ContainerId": "{756468F6-5E04-4FF4-B1CF-70D5D3000D9E}"}
{"EventID": "300", "Channel": "Microsoft-Windows-DeviceSetupManager/Operational", "Provider_Name": "Microsoft-Windows-DeviceSetupManager", "Computer": "DESKTOP-OFJ6N53", "TimeCreated": "2025-08-01 21:35:16.723923+00:00", "RecordID": "11694", "Level": "4", "UserID": "S-1-5-18", "EventData.Prop_ContainerId": "{638A814A-9AB2-8042-7EC4-097E2614E753}"}
{"EventID": "300", "Channel": "Microsoft-Windows-DeviceSetupManager/Operational", "Provider_Name": "Microsoft-Windows-DeviceSetupManager", "Computer": "DESKTOP-OFJ6N53", "TimeCreated": "2025-08-04 12:04:10.324327+00:00", "RecordID": "11695", "Level": "4", "UserID": "S-1-5-18", "EventData.Prop_ContainerId": "{58A61B34-7E64-4400-9046-9B9644EAAE98}"}
{"EventID": "300", "Channel": "Microsoft-Windows-DeviceSetupManager/Operational", "Provider_Name": "Microsoft-Windows-DeviceSetupManager", "Computer": "DESKTOP-OFJ6N53", "TimeCreated": "2025-08-04 12:04:20.894501+00:00", "RecordID": "11696", "Level": "4", "UserID": "S-1-5-18", "EventData.Prop_ContainerId": "{7EFCBE4E-A3A2-0C99-EC8F-27D6801A396F}"}
{"EventID": "300", "Channel": "Microsoft-Windows-DeviceSetupManager/Operational", "Provider_Name": "Microsoft-Windows-DeviceSetupManager", "Computer": "DESKTOP-OFJ6N53", "TimeCreated": "2025-08-04 12:07:29.443727+00:00", "RecordID": "11697", "Level": "4", "UserID": "S-1-5-18", "EventData.Prop_ContainerId": "{DE697293-F701-42BD-9DF3-14712DAB6AAC}"}
{"EventID": "300", "Channel": "Microsoft-Windows-DeviceSetupManager/Operational", "Provider_Name": "Microsoft-Windows-DeviceSetupManager", "Computer": "DESKTOP-OFJ6N53", "TimeCreated": "2025-08-04 12:07:30.585850+00:00", "RecordID": "11698", "Level": "4", "UserID": "S-1-5-18", "EventData.Prop_ContainerId": "{7EFCBE4E-A3A2-0C99-EC8F-27D6801A396F}"}
{"EventID": "300", "Channel": "Microsoft-Windows-DeviceSetupManager/Operational", "Provider_Name": "Microsoft-Windows-DeviceSetupManager", "Computer": "DESKTOP-OFJ6N53", "TimeCreated": "2025-08-04 12:07:30.587872+00:00", "RecordID": "11699", "Level": "4", "UserID": "S-1-5-18", "EventData.Prop_ContainerId": "{7EFCBE4E-A3A2-0C99-EC8F-27D6801A396F}"}
{"EventID": "300", "Channel": "Microsoft-Windows-DeviceSetupManager/Operational", "Provider_Name": "Microsoft-Windows-DeviceSetupManager", "Computer": "DESKTOP-OFJ6N53", "TimeCreated": "2025-08-04 12:51:21.170986+00:00", "RecordID": "11700", "Level": "4", "UserID": "S-1-5-18", "EventData.Prop_ContainerId": "{F9700BC0-3413-4BE0-90FB-DCFB56AE3FF1}"}
{"EventID": "300", "Channel": "Microsoft-Windows-DeviceSetupManager/Operational", "Provider_Name": "Microsoft-Windows-DeviceSetupManager", "Computer": "DESKTOP-OFJ6N53", "TimeCreated": "2025-08-04 12:51:37.727987+00:00", "RecordID": "11701", "Level": "4", "UserID": "S-1-5-18", "EventData.Prop_ContainerId": "{7EFCBE4E-A3A2-0C99-EC8F-27D6801A396F}"}
{"EventID": "300", "Channel": "Microsoft-Windows-DeviceSetupManager/Operational", "Provider_Name": "Microsoft-Windows-DeviceSetupManager", "Computer": "DESKTOP-OFJ6N53", "TimeCreated": "2025-08-04 12:56:48.637951+00:00", "RecordID": "11702", "Level": "4", "UserID": "S-1-5-18", "EventData.Prop_ContainerId": "{EE935164-65A9-4B27-8679-3AA760CB76A4}"}
{"EventID": "300", "Channel": "Microsoft-Windows-DeviceSetupManager/Operational", "Provider_Name": "Microsoft-Windows-DeviceSetupManager", "Computer": "DESKTOP-OFJ6N53", "TimeCreated": "2025-08-04 12:56:49.760035+00:00", "RecordID": "11703", "Level": "4", "UserID": "S-1-5-18", "EventData.Prop_ContainerId": "{7EFCBE4E-A3A2-0C99-EC8F-27D6801A396F}"}
{"EventID": "300", "Channel": "Microsoft-Windows-DeviceSetupManager/Operational", "Provider_Name": "Microsoft-Windows-DeviceSetupManager", "Computer": "DESKTOP-OFJ6N53", "TimeCreated": "2025-08-04 12:56:49.762295+00:00", "RecordID": "11704", "Level": "4", "UserID": "S-1-5-18", "EventData.Prop_ContainerId": "{7EFCBE4E-A3A2-0C99-EC8F-27D6801A396F}"}
{"EventID": "300", "Channel": "Microsoft-Windows-DeviceSetupManager/Operational", "Provider_Name": "Microsoft-Windows-DeviceSetupManager", "Computer": "DESKTOP-OFJ6N53", "TimeCreated": "2025-08-04 14:10:24.358284+00:00", "RecordID": "11705", "Level": "4", "UserID": "S-1-5-18", "EventData.Prop_ContainerId": "{FC145136-414D-40DE-BE29-2BFD5C85EF92}"}
{"EventID": "300", "Channel": "Microsoft-Windows-DeviceSetupManager/Operational", "Provider_Name": "Microsoft-Windows-DeviceSetupManager", "Computer": "DESKTOP-OFJ6N53", "TimeCreated": "2025-08-05 07:36:16.573730+00:00", "RecordID": "11706", "Level": "4", "UserID": "S-1-5-18", "EventData.Prop_ContainerId": "{ED0BF06F-C3F2-4528-8AF1-96F3A2166E14}"}
