{"EventID": "100", "Channel": "Microsoft-Windows-Security-SPP-UX-Notifications/ActionCenter", "Provider_Name": "Microsoft-Windows-Security-SPP-UX-Notifications", "Computer": "DESKTOP-OFJ6N53", "TimeCreated": "2024-04-12 02:56:49.466322+00:00", "RecordID": "1669", "Level": "3", "UserID": "S-1-5-20", "EventData.hc_stateid": "2"}
{"EventID": "100", "Channel": "Microsoft-Windows-Security-SPP-UX-Notifications/ActionCenter", "Provider_Name": "Microsoft-Windows-Security-SPP-UX-Notifications", "Computer": "DESKTOP-OFJ6N53", "TimeCreated": "2024-04-13 02:56:13.305445+00:00", "RecordID": "1670", "Level": "3", "UserID": "S-1-5-20", "EventData.hc_stateid": "2"}
{"EventID": "100", "Channel": "Microsoft-Windows-Security-SPP-UX-Notifications/ActionCenter", "Provider_Name": "Microsoft-Windows-Security-SPP-UX-Notifications", "Computer": "DESKTOP-OFJ6N53", "TimeCreated": "2024-04-14 02:56:13.488930+00:00", "RecordID": "1671", "Level": "3", "UserID": "S-1-5-20", "EventData.hc_stateid": "2"}
{"EventID": "100", "Channel": "Microsoft-Windows-Security-SPP-UX-Notifications/ActionCenter", "Provider_Name": "Microsoft-Windows-Security-SPP-UX-Notifications", "Computer": "DESKTOP-OFJ6N53", "TimeCreated": "2024-04-15 02:56:14.168310+00:00", "RecordID": "1672", "Level": "3", "UserID": "S-1-5-20", "EventData.hc_stateid": "2"}
{"EventID": "100", "Channel": "Microsoft-Windows-Security-SPP-UX-Notifications/ActionCenter", "Provider_Name": "Microsoft-Windows-Security-SPP-UX-Notifications", "Computer": "DESKTOP-OFJ6N53", "TimeCreated": "2024-04-16 02:56:26.237375+00:00", "RecordID": "1673", "Level": "3", "UserID": "S-1-5-20", "EventData.hc_stateid": "2"}
{"EventID": "100", "Channel": "Microsoft-Windows-Security-SPP-UX-Notifications/ActionCenter", "Provider_Name": "Microsoft-Windows-Security-SPP-UX-Notifications", "Computer": "DESKTOP-OFJ6N53", "TimeCreated": "2024-04-17 02:56:23.147390+00:00", "RecordID": "1674", "Level": "3", "UserID": "S-1-5-20", "EventData.hc_stateid": "2"}
{"EventID": "100", "Channel": "Microsoft-Windows-Security-SPP-UX-Notifications/ActionCenter", "Provider_Name": "Microsoft-Windows-Security-SPP-UX-Notifications", "Computer": "DESKTOP-OFJ6N53", "TimeCreated": "2024-04-18 02:56:15.241781+00:00", "RecordID": "1675", "Level": "3", "UserID": "S-1-5-20", "EventData.hc_stateid": "2"}
{"EventID": "100", "Channel": "Microsoft-Windows-Security-SPP-UX-Notifications/ActionCenter", "Provider_Name": "Microsoft-Windows-Security-SPP-UX-Notifications", "Computer": "DESKTOP-OFJ6N53", "TimeCreated": "2024-04-19 02:56:24.017288+00:00", "RecordID": "1676", "Level": "3", "UserID": "S-1-5-20", "EventData.hc_stateid": "2"}
{"EventID": "100", "Channel": "Microsoft-Windows-Security-SPP-UX-Notifications/ActionCenter", "Provider_Name": "Microsoft-Windows-Security-SPP-UX-Notifications", "Computer": "DESKTOP-OFJ6N53", "TimeCreated": "2024-04-20 02:56:14.198259+00:00", "RecordID": "1677", "Level": "3", "UserID": "S-1-5-20", "EventData.hc_stateid": "2"}
{"EventID": "100", "Channel": "Microsoft-Windows-Security-SPP-UX-Notifications/ActionCenter", "Provider_Name": "Microsoft-Windows-Security-SPP-UX-Notifications", "Computer": "DESKTOP-OFJ6N53", "TimeCreated": "2024-04-21 02:56:14.473242+00:00", "RecordID": "1678", "Level": "3", "UserID": "S-1-5-20", "EventData.hc_stateid": "2"}
{"EventID": "100", "Channel": "Microsoft-Windows-Security-SPP-UX-Notifications/ActionCenter", "Provider_Name": "Microsoft-Windows-Security-SPP-UX-Notifications", "Computer": "DESKTOP-OFJ6N53", "TimeCreated": "2024-04-21 18:41:25.357187+00:00", "RecordID": "1679", "Level": "3", "UserID": "S-1-5-20", "EventData.hc_stateid": "2"}
{"EventID": "100", "Channel": "Microsoft-Windows-Security-SPP-UX-Notifications/ActionCenter", "Provider_Name": "Microsoft-Windows-Security-SPP-UX-Notifications", "Computer": "DESKTOP-OFJ6N53", "TimeCreated": "2024-04-22 15:45:08.441257+00:00", "RecordID": "1680", "Level": "3", "UserID": "S-1-5-20", "EventData.hc_stateid": "2"}
{"EventID": "100", "Channel": "Microsoft-Windows-Security-SPP-UX-Notifications/ActionCenter", "Provider_Name": "Microsoft-Windows-Security-SPP-UX-Notifications", "Computer": "DESKTOP-OFJ6N53", "TimeCreated": "2024-04-23 10:47:00.537878+00:00", "RecordID": "1681", "Level": "3", "UserID": "S-1-5-20", "EventData.hc_stateid": "2"}
{"EventID": "100", "Channel": "Microsoft-Windows-Security-SPP-UX-Notifications/ActionCenter", "Provider_Name": "Microsoft-Windows-Security-SPP-UX-Notifications", "Computer": "DESKTOP-OFJ6N53", "TimeCreated": "2024-04-23 15:45:31.627142+00:00", "RecordID": "1682", "Level": "3", "UserID": "S-1-5-20", "EventData.hc_stateid": "2"}
{"EventID": "100", "Channel": "Microsoft-Windows-Security-SPP-UX-Notifications/ActionCenter", "Provider_Name": "Microsoft-Windows-Security-SPP-UX-Notifications", "Computer": "DESKTOP-OFJ6N53", "TimeCreated": "2024-04-24 13:13:35.121996+00:00", "RecordID": "1683", "Level": "3", "UserID": "S-1-5-20", "EventData.hc_stateid": "2"}
{"EventID": "100", "Channel": "Microsoft-Windows-Security-SPP-UX-Notifications/ActionCenter", "Provider_Name": "Microsoft-Windows-Security-SPP-UX-Notifications", "Computer": "DESKTOP-OFJ6N53", "TimeCreated": "2024-04-25 14:59:42.884254+00:00", "RecordID": "1684", "Level": "3", "UserID": "S-1-5-20", "EventData.hc_stateid": "2"}
{"EventID": "100", "Channel": "Microsoft-Windows-Security-SPP-UX-Notifications/ActionCenter", "Provider_Name": "Microsoft-Windows-Security-SPP-UX-Notifications", "Computer": "DESKTOP-OFJ6N53", "TimeCreated": "2024-04-26 10:40:43.104797+00:00", "RecordID": "1685", "Level": "3", "UserID": "S-1-5-20", "EventData.hc_stateid": "2"}
{"EventID": "100", "Channel": "Microsoft-Windows-Security-SPP-UX-Notifications/ActionCenter", "Provider_Name": "Microsoft-Windows-Security-SPP-UX-Notifications", "Computer": "DESKTOP-OFJ6N53", "TimeCreated": "2024-04-26 12:18:50.022968+00:00", "RecordID": "1686", "Level": "3", "UserID": "S-1-5-20", "EventData.hc_stateid": "2"}
{"EventID": "100", "Channel": "Microsoft-Windows-Security-SPP-UX-Notifications/ActionCenter", "Provider_Name": "Microsoft-Windows-Security-SPP-UX-Notifications", "Computer": "DESKTOP-OFJ6N53", "TimeCreated": "2024-04-26 15:05:15.287052+00:00", "RecordID": "1687", "Level": "3", "UserID": "S-1-5-20", "EventData.hc_stateid": "2"}
{"EventID": "100", "Channel": "Microsoft-Windows-Security-SPP-UX-Notifications/ActionCenter", "Provider_Name": "Microsoft-Windows-Security-SPP-UX-Notifications", "Computer": "DESKTOP-OFJ6N53", "TimeCreated": "2024-04-29 10:31:53.772163+00:00", "RecordID": "1688", "Level": "3", "UserID": "S-1-5-20", "EventData.hc_stateid": "2"}
{"EventID": "100", "Channel": "Microsoft-Windows-Security-SPP-UX-Notifications/ActionCenter", "Provider_Name": "Microsoft-Windows-Security-SPP-UX-Notifications", "Computer": "DESKTOP-OFJ6N53", "TimeCreated": "2024-04-29 15:11:42.080929+00:00", "RecordID": "1689", "Level": "3", "UserID": "S-1-5-20", "EventData.hc_stateid": "2"}
{"EventID": "100", "Channel": "Microsoft-Windows-Security-SPP-UX-Notifications/ActionCenter", "Provider_Name": "Microsoft-Windows-Security-SPP-UX-Notifications", "Computer": "DESKTOP-OFJ6N53", "TimeCreated": "2024-04-30 15:10:47.655802+00:00", "RecordID": "1690", "Level": "3", "UserID": "S-1-5-20", "EventData.hc_stateid": "2"}
{"EventID": "100", "Channel": "Microsoft-Windows-Security-SPP-UX-Notifications/ActionCenter", "Provider_Name": "Microsoft-Windows-Security-SPP-UX-Notifications", "Computer": "DESKTOP-OFJ6N53", "TimeCreated": "2024-05-01 15:10:45.999554+00:00", "RecordID": "1691", "Level": "3", "UserID": "S-1-5-20", "EventData.hc_stateid": "2"}
{"EventID": "100", "Channel": "Microsoft-Windows-Security-SPP-UX-Notifications/ActionCenter", "Provider_Name": "Microsoft-Windows-Security-SPP-UX-Notifications", "Computer": "DESKTOP-OFJ6N53", "TimeCreated": "2024-05-02 09:23:13.688128+00:00", "RecordID": "1692", "Level": "3", "UserID": "S-1-5-20", "EventData.hc_stateid": "2"}
{"EventID": "100", "Channel": "Microsoft-Windows-Security-SPP-UX-Notifications/ActionCenter", "Provider_Name": "Microsoft-Windows-Security-SPP-UX-Notifications", "Computer": "DESKTOP-OFJ6N53", "TimeCreated": "2024-05-02 13:59:20.450565+00:00", "RecordID": "1693", "Level": "3", "UserID": "S-1-5-20", "EventData.hc_stateid": "2"}
{"EventID": "100", "Channel": "Microsoft-Windows-Security-SPP-UX-Notifications/ActionCenter", "Provider_Name": "Microsoft-Windows-Security-SPP-UX-Notifications", "Computer": "DESKTOP-OFJ6N53", "TimeCreated": "2024-05-02 13:59:20.588465+00:00", "RecordID": "1694", "Level": "3", "UserID": "S-1-5-20", "EventData.hc_stateid": "2"}
{"EventID": "100", "Channel": "Microsoft-Windows-Security-SPP-UX-Notifications/ActionCenter", "Provider_Name": "Microsoft-Windows-Security-SPP-UX-Notifications", "Computer": "DESKTOP-OFJ6N53", "TimeCreated": "2024-05-02 14:52:22.219715+00:00", "RecordID": "1695", "Level": "3", "UserID": "S-1-5-20", "EventData.hc_stateid": "2"}
{"EventID": "100", "Channel": "Microsoft-Windows-Security-SPP-UX-Notifications/ActionCenter", "Provider_Name": "Microsoft-Windows-Security-SPP-UX-Notifications", "Computer": "DESKTOP-OFJ6N53", "TimeCreated": "2024-05-02 14:53:09.182556+00:00", "RecordID": "1696", "Level": "3", "UserID": "S-1-5-20", "EventData.hc_stateid": "2"}
{"EventID": "100", "Channel": "Microsoft-Windows-Security-SPP-UX-Notifications/ActionCenter", "Provider_Name": "Microsoft-Windows-Security-SPP-UX-Notifications", "Computer": "DESKTOP-OFJ6N53", "TimeCreated": "2024-05-02 14:53:09.318867+00:00", "RecordID": "1697", "Level": "3", "UserID": "S-1-5-20", "EventData.hc_stateid": "2"}
{"EventID": "100", "Channel": "Microsoft-Windows-Security-SPP-UX-Notifications/ActionCenter", "Provider_Name": "Microsoft-Windows-Security-SPP-UX-Notifications", "Computer": "DESKTOP-OFJ6N53", "TimeCreated": "2024-05-03 10:38:25.875443+00:00", "RecordID": "1698", "Level": "3", "UserID": "S-1-5-20", "EventData.hc_stateid": "2"}
{"EventID": "100", "Channel": "Microsoft-Windows-Security-SPP-UX-Notifications/ActionCenter", "Provider_Name": "Microsoft-Windows-Security-SPP-UX-Notifications", "Computer": "DESKTOP-OFJ6N53", "TimeCreated": "2024-05-03 10:39:27.929092+00:00", "RecordID": "1699", "Level": "3", "UserID": "S-1-5-20", "EventData.hc_stateid": "2"}
{"EventID": "100", "Channel": "Microsoft-Windows-Security-SPP-UX-Notifications/ActionCenter", "Provider_Name": "Microsoft-Windows-Security-SPP-UX-Notifications", "Computer": "DESKTOP-OFJ6N53", "TimeCreated": "2024-05-04 10:38:44.591570+00:00", "RecordID": "1700", "Level": "3", "UserID": "S-1-5-20", "EventData.hc_stateid": "2"}
{"EventID": "100", "Channel": "Microsoft-Windows-Security-SPP-UX-Notifications/ActionCenter", "Provider_Name": "Microsoft-Windows-Security-SPP-UX-Notifications", "Computer": "DESKTOP-OFJ6N53", "TimeCreated": "2024-05-05 10:38:43.759518+00:00", "RecordID": "1701", "Level": "3", "UserID": "S-1-5-20", "EventData.hc_stateid": "2"}
{"EventID": "100", "Channel": "Microsoft-Windows-Security-SPP-UX-Notifications/ActionCenter", "Provider_Name": "Microsoft-Windows-Security-SPP-UX-Notifications", "Computer": "DESKTOP-OFJ6N53", "TimeCreated": "2024-05-06 10:38:44.062347+00:00", "RecordID": "1702", "Level": "3", "UserID": "S-1-5-20", "EventData.hc_stateid": "2"}
{"EventID": "100", "Channel": "Microsoft-Windows-Security-SPP-UX-Notifications/ActionCenter", "Provider_Name": "Microsoft-Windows-Security-SPP-UX-Notifications", "Computer": "DESKTOP-OFJ6N53", "TimeCreated": "2024-05-07 10:38:44.589802+00:00", "RecordID": "1703", "Level": "3", "UserID": "S-1-5-20", "EventData.hc_stateid": "2"}
{"EventID": "100", "Channel": "Microsoft-Windows-Security-SPP-UX-Notifications/ActionCenter", "Provider_Name": "Microsoft-Windows-Security-SPP-UX-Notifications", "Computer": "DESKTOP-OFJ6N53", "TimeCreated": "2024-05-08 08:58:28.372244+00:00", "RecordID": "1704", "Level": "3", "UserID": "S-1-5-20", "EventData.hc_stateid": "2"}
{"EventID": "100", "Channel": "Microsoft-Windows-Security-SPP-UX-Notifications/ActionCenter", "Provider_Name": "Microsoft-Windows-Security-SPP-UX-Notifications", "Computer": "DESKTOP-OFJ6N53", "TimeCreated": "2024-05-08 08:58:54.656763+00:00", "RecordID": "1705", "Level": "3", "UserID": "S-1-5-20", "EventData.hc_stateid": "2"}
{"EventID": "100", "Channel": "Microsoft-Windows-Security-SPP-UX-Notifications/ActionCenter", "Provider_Name": "Microsoft-Windows-Security-SPP-UX-Notifications", "Computer": "DESKTOP-OFJ6N53", "TimeCreated": "2024-05-08 09:23:01.801336+00:00", "RecordID": "1706", "Level": "3", "UserID": "S-1-5-20", "EventData.hc_stateid": "2"}
{"EventID": "100", "Channel": "Microsoft-Windows-Security-SPP-UX-Notifications/ActionCenter", "Provider_Name": "Microsoft-Windows-Security-SPP-UX-Notifications", "Computer": "DESKTOP-OFJ6N53", "TimeCreated": "2024-05-08 09:23:13.943745+00:00", "RecordID": "1707", "Level": "3", "UserID": "S-1-5-20", "EventData.hc_stateid": "2"}
{"EventID": "100", "Channel": "Microsoft-Windows-Security-SPP-UX-Notifications/ActionCenter", "Provider_Name": "Microsoft-Windows-Security-SPP-UX-Notifications", "Computer": "DESKTOP-OFJ6N53", "TimeCreated": "2024-05-08 09:23:14.413301+00:00", "RecordID": "1708", "Level": "3", "UserID": "S-1-5-20", "EventData.hc_stateid": "2"}
{"EventID": "100", "Channel": "Microsoft-Windows-Security-SPP-UX-Notifications/ActionCenter", "Provider_Name": "Microsoft-Windows-Security-SPP-UX-Notifications", "Computer": "DESKTOP-OFJ6N53", "TimeCreated": "2024-05-08 09:23:26.869143+00:00", "RecordID": "1709", "Level": "3", "UserID": "S-1-5-20", "EventData.hc_stateid": "2"}
{"EventID": "100", "Channel": "Microsoft-Windows-Security-SPP-UX-Notifications/ActionCenter", "Provider_Name": "Microsoft-Windows-Security-SPP-UX-Notifications", "Computer": "DESKTOP-OFJ6N53", "TimeCreated": "2024-05-13 15:26:45.989880+00:00", "RecordID": "1710", "Level": "3", "UserID": "S-1-5-20", "EventData.hc_stateid": "2"}
{"EventID": "100", "Channel": "Microsoft-Windows-Security-SPP-UX-Notifications/ActionCenter", "Provider_Name": "Microsoft-Windows-Security-SPP-UX-Notifications", "Computer": "DESKTOP-OFJ6N53", "TimeCreated": "2024-05-14 09:14:44.146429+00:00", "RecordID": "1711", "Level": "3", "UserID": "S-1-5-20", "EventData.hc_stateid": "2"}
{"EventID": "100", "Channel": "Microsoft-Windows-Security-SPP-UX-Notifications/ActionCenter", "Provider_Name": "Microsoft-Windows-Security-SPP-UX-Notifications", "Computer": "DESKTOP-OFJ6N53", "TimeCreated": "2024-05-14 09:14:50.088972+00:00", "RecordID": "1712", "Level": "3", "UserID": "S-1-5-20", "EventData.hc_stateid": "2"}
{"EventID": "100", "Channel": "Microsoft-Windows-Security-SPP-UX-Notifications/ActionCenter", "Provider_Name": "Microsoft-Windows-Security-SPP-UX-Notifications", "Computer": "DESKTOP-OFJ6N53", "TimeCreated": "2024-05-15 13:48:16.244911+00:00", "RecordID": "1713", "Level": "3", "UserID": "S-1-5-20", "EventData.hc_stateid": "2"}
{"EventID": "100", "Channel": "Microsoft-Windows-Security-SPP-UX-Notifications/ActionCenter", "Provider_Name": "Microsoft-Windows-Security-SPP-UX-Notifications", "Computer": "DESKTOP-OFJ6N53", "TimeCreated": "2024-05-15 13:54:17.718475+00:00", "RecordID": "1714", "Level": "3", "UserID": "S-1-5-20", "EventData.hc_stateid": "2"}
{"EventID": "100", "Channel": "Microsoft-Windows-Security-SPP-UX-Notifications/ActionCenter", "Provider_Name": "Microsoft-Windows-Security-SPP-UX-Notifications", "Computer": "DESKTOP-OFJ6N53", "TimeCreated": "2024-05-15 13:55:39.213963+00:00", "RecordID": "1715", "Level": "3", "UserID": "S-1-5-20", "EventData.hc_stateid": "2"}
{"EventID": "100", "Channel": "Microsoft-Windows-Security-SPP-UX-Notifications/ActionCenter", "Provider_Name": "Microsoft-Windows-Security-SPP-UX-Notifications", "Computer": "DESKTOP-OFJ6N53", "TimeCreated": "2024-05-15 14:06:52.506960+00:00", "RecordID": "1716", "Level": "3", "UserID": "S-1-5-20", "EventData.hc_stateid": "2"}
{"EventID": "100", "Channel": "Microsoft-Windows-Security-SPP-UX-Notifications/ActionCenter", "Provider_Name": "Microsoft-Windows-Security-SPP-UX-Notifications", "Computer": "DESKTOP-OFJ6N53", "TimeCreated": "2024-05-24 13:02:05.693413+00:00", "RecordID": "1717", "Level": "3", "UserID": "S-1-5-20", "EventData.hc_stateid": "2"}
{"EventID": "100", "Channel": "Microsoft-Windows-Security-SPP-UX-Notifications/ActionCenter", "Provider_Name": "Microsoft-Windows-Security-SPP-UX-Notifications", "Computer": "DESKTOP-OFJ6N53", "TimeCreated": "2024-05-25 13:01:34.644648+00:00", "RecordID": "1718", "Level": "3", "UserID": "S-1-5-20", "EventData.hc_stateid": "2"}
{"EventID": "100", "Channel": "Microsoft-Windows-Security-SPP-UX-Notifications/ActionCenter", "Provider_Name": "Microsoft-Windows-Security-SPP-UX-Notifications", "Computer": "DESKTOP-OFJ6N53", "TimeCreated": "2024-05-26 13:01:38.955309+00:00", "RecordID": "1719", "Level": "3", "UserID": "S-1-5-20", "EventData.hc_stateid": "2"}
{"EventID": "100", "Channel": "Microsoft-Windows-Security-SPP-UX-Notifications/ActionCenter", "Provider_Name": "Microsoft-Windows-Security-SPP-UX-Notifications", "Computer": "DESKTOP-OFJ6N53", "TimeCreated": "2024-05-27 13:01:34.043089+00:00", "RecordID": "1720", "Level": "3", "UserID": "S-1-5-20", "EventData.hc_stateid": "2"}
{"EventID": "100", "Channel": "Microsoft-Windows-Security-SPP-UX-Notifications/ActionCenter", "Provider_Name": "Microsoft-Windows-Security-SPP-UX-Notifications", "Computer": "DESKTOP-OFJ6N53", "TimeCreated": "2024-05-29 08:11:48.475748+00:00", "RecordID": "1721", "Level": "3", "UserID": "S-1-5-20", "EventData.hc_stateid": "2"}
{"EventID": "100", "Channel": "Microsoft-Windows-Security-SPP-UX-Notifications/ActionCenter", "Provider_Name": "Microsoft-Windows-Security-SPP-UX-Notifications", "Computer": "DESKTOP-OFJ6N53", "TimeCreated": "2024-05-29 08:11:50.446590+00:00", "RecordID": "1722", "Level": "3", "UserID": "S-1-5-20", "EventData.hc_stateid": "2"}
{"EventID": "100", "Channel": "Microsoft-Windows-Security-SPP-UX-Notifications/ActionCenter", "Provider_Name": "Microsoft-Windows-Security-SPP-UX-Notifications", "Computer": "DESKTOP-OFJ6N53", "TimeCreated": "2024-05-29 08:11:51.650440+00:00", "RecordID": "1723", "Level": "3", "UserID": "S-1-5-20", "EventData.hc_stateid": "2"}
{"EventID": "100", "Channel": "Microsoft-Windows-Security-SPP-UX-Notifications/ActionCenter", "Provider_Name": "Microsoft-Windows-Security-SPP-UX-Notifications", "Computer": "DESKTOP-OFJ6N53", "TimeCreated": "2024-05-29 08:11:52.079924+00:00", "RecordID": "1724", "Level": "3", "UserID": "S-1-5-20", "EventData.hc_stateid": "2"}
{"EventID": "100", "Channel": "Microsoft-Windows-Security-SPP-UX-Notifications/ActionCenter", "Provider_Name": "Microsoft-Windows-Security-SPP-UX-Notifications", "Computer": "DESKTOP-OFJ6N53", "TimeCreated": "2024-05-29 08:11:52.498035+00:00", "RecordID": "1725", "Level": "3", "UserID": "S-1-5-20", "EventData.hc_stateid": "2"}
{"EventID": "100", "Channel": "Microsoft-Windows-Security-SPP-UX-Notifications/ActionCenter", "Provider_Name": "Microsoft-Windows-Security-SPP-UX-Notifications", "Computer": "DESKTOP-OFJ6N53", "TimeCreated": "2024-05-30 08:11:31.616760+00:00", "RecordID": "1726", "Level": "3", "UserID": "S-1-5-20", "EventData.hc_stateid": "2"}
{"EventID": "100", "Channel": "Microsoft-Windows-Security-SPP-UX-Notifications/ActionCenter", "Provider_Name": "Microsoft-Windows-Security-SPP-UX-Notifications", "Computer": "DESKTOP-OFJ6N53", "TimeCreated": "2024-05-30 10:56:29.375692+00:00", "RecordID": "1727", "Level": "3", "UserID": "S-1-5-20", "EventData.hc_stateid": "2"}
{"EventID": "100", "Channel": "Microsoft-Windows-Security-SPP-UX-Notifications/ActionCenter", "Provider_Name": "Microsoft-Windows-Security-SPP-UX-Notifications", "Computer": "DESKTOP-OFJ6N53", "TimeCreated": "2024-05-30 14:02:42.166513+00:00", "RecordID": "1728", "Level": "3", "UserID": "S-1-5-20", "EventData.hc_stateid": "2"}
{"EventID": "100", "Channel": "Microsoft-Windows-Security-SPP-UX-Notifications/ActionCenter", "Provider_Name": "Microsoft-Windows-Security-SPP-UX-Notifications", "Computer": "DESKTOP-OFJ6N53", "TimeCreated": "2024-05-31 10:50:16.728247+00:00", "RecordID": "1729", "Level": "3", "UserID": "S-1-5-20", "EventData.hc_stateid": "2"}
{"EventID": "100", "Channel": "Microsoft-Windows-Security-SPP-UX-Notifications/ActionCenter", "Provider_Name": "Microsoft-Windows-Security-SPP-UX-Notifications", "Computer": "DESKTOP-OFJ6N53", "TimeCreated": "2024-05-31 10:51:32.128637+00:00", "RecordID": "1730", "Level": "3", "UserID": "S-1-5-20", "EventData.hc_stateid": "2"}
{"EventID": "100", "Channel": "Microsoft-Windows-Security-SPP-UX-Notifications/ActionCenter", "Provider_Name": "Microsoft-Windows-Security-SPP-UX-Notifications", "Computer": "DESKTOP-OFJ6N53", "TimeCreated": "2024-06-06 12:15:24.610353+00:00", "RecordID": "1731", "Level": "3", "UserID": "S-1-5-20", "EventData.hc_stateid": "2"}
{"EventID": "100", "Channel": "Microsoft-Windows-Security-SPP-UX-Notifications/ActionCenter", "Provider_Name": "Microsoft-Windows-Security-SPP-UX-Notifications", "Computer": "DESKTOP-OFJ6N53", "TimeCreated": "2024-06-06 12:19:20.356636+00:00", "RecordID": "1732", "Level": "3", "UserID": "S-1-5-20", "EventData.hc_stateid": "2"}
{"EventID": "100", "Channel": "Microsoft-Windows-Security-SPP-UX-Notifications/ActionCenter", "Provider_Name": "Microsoft-Windows-Security-SPP-UX-Notifications", "Computer": "DESKTOP-OFJ6N53", "TimeCreated": "2024-06-06 13:09:21.146980+00:00", "RecordID": "1733", "Level": "3", "UserID": "S-1-5-20", "EventData.hc_stateid": "2"}
{"EventID": "100", "Channel": "Microsoft-Windows-Security-SPP-UX-Notifications/ActionCenter", "Provider_Name": "Microsoft-Windows-Security-SPP-UX-Notifications", "Computer": "DESKTOP-OFJ6N53", "TimeCreated": "2024-06-13 10:03:02.055298+00:00", "RecordID": "1734", "Level": "3", "UserID": "S-1-5-20", "EventData.hc_stateid": "2"}
{"EventID": "100", "Channel": "Microsoft-Windows-Security-SPP-UX-Notifications/ActionCenter", "Provider_Name": "Microsoft-Windows-Security-SPP-UX-Notifications", "Computer": "DESKTOP-OFJ6N53", "TimeCreated": "2024-06-13 10:21:39.091267+00:00", "RecordID": "1735", "Level": "3", "UserID": "S-1-5-20", "EventData.hc_stateid": "2"}
{"EventID": "100", "Channel": "Microsoft-Windows-Security-SPP-UX-Notifications/ActionCenter", "Provider_Name": "Microsoft-Windows-Security-SPP-UX-Notifications", "Computer": "DESKTOP-OFJ6N53", "TimeCreated": "2024-06-13 10:24:19.611647+00:00", "RecordID": "1736", "Level": "3", "UserID": "S-1-5-20", "EventData.hc_stateid": "2"}
{"EventID": "100", "Channel": "Microsoft-Windows-Security-SPP-UX-Notifications/ActionCenter", "Provider_Name": "Microsoft-Windows-Security-SPP-UX-Notifications", "Computer": "DESKTOP-OFJ6N53", "TimeCreated": "2024-06-18 22:01:05.483248+00:00", "RecordID": "1737", "Level": "3", "UserID": "S-1-5-20", "EventData.hc_stateid": "2"}
{"EventID": "100", "Channel": "Microsoft-Windows-Security-SPP-UX-Notifications/ActionCenter", "Provider_Name": "Microsoft-Windows-Security-SPP-UX-Notifications", "Computer": "DESKTOP-OFJ6N53", "TimeCreated": "2024-06-18 22:01:05.650839+00:00", "RecordID": "1738", "Level": "3", "UserID": "S-1-5-20", "EventData.hc_stateid": "2"}
{"EventID": "100", "Channel": "Microsoft-Windows-Security-SPP-UX-Notifications/ActionCenter", "Provider_Name": "Microsoft-Windows-Security-SPP-UX-Notifications", "Computer": "DESKTOP-OFJ6N53", "TimeCreated": "2024-06-19 09:39:37.827242+00:00", "RecordID": "1739", "Level": "3", "UserID": "S-1-5-20", "EventData.hc_stateid": "2"}
{"EventID": "100", "Channel": "Microsoft-Windows-Security-SPP-UX-Notifications/ActionCenter", "Provider_Name": "Microsoft-Windows-Security-SPP-UX-Notifications", "Computer": "DESKTOP-OFJ6N53", "TimeCreated": "2024-06-19 09:44:12.916958+00:00", "RecordID": "1740", "Level": "3", "UserID": "S-1-5-20", "EventData.hc_stateid": "2"}
{"EventID": "100", "Channel": "Microsoft-Windows-Security-SPP-UX-Notifications/ActionCenter", "Provider_Name": "Microsoft-Windows-Security-SPP-UX-Notifications", "Computer": "DESKTOP-OFJ6N53", "TimeCreated": "2024-06-19 09:44:13.239225+00:00", "RecordID": "1741", "Level": "3", "UserID": "S-1-5-20", "EventData.hc_stateid": "2"}
{"EventID": "100", "Channel": "Microsoft-Windows-Security-SPP-UX-Notifications/ActionCenter", "Provider_Name": "Microsoft-Windows-Security-SPP-UX-Notifications", "Computer": "DESKTOP-OFJ6N53", "TimeCreated": "2024-06-19 15:05:29.917072+00:00", "RecordID": "1742", "Level": "3", "UserID": "S-1-5-20", "EventData.hc_stateid": "2"}
{"EventID": "100", "Channel": "Microsoft-Windows-Security-SPP-UX-Notifications/ActionCenter", "Provider_Name": "Microsoft-Windows-Security-SPP-UX-Notifications", "Computer": "DESKTOP-OFJ6N53", "TimeCreated": "2024-06-19 15:06:04.017483+00:00", "RecordID": "1743", "Level": "3", "UserID": "S-1-5-20", "EventData.hc_stateid": "2"}
{"EventID": "100", "Channel": "Microsoft-Windows-Security-SPP-UX-Notifications/ActionCenter", "Provider_Name": "Microsoft-Windows-Security-SPP-UX-Notifications", "Computer": "DESKTOP-OFJ6N53", "TimeCreated": "2024-06-22 09:10:25.013922+00:00", "RecordID": "1744", "Level": "3", "UserID": "S-1-5-20", "EventData.hc_stateid": "2"}
{"EventID": "100", "Channel": "Microsoft-Windows-Security-SPP-UX-Notifications/ActionCenter", "Provider_Name": "Microsoft-Windows-Security-SPP-UX-Notifications", "Computer": "DESKTOP-OFJ6N53", "TimeCreated": "2024-06-27 15:22:18.809141+00:00", "RecordID": "1745", "Level": "3", "UserID": "S-1-5-20", "EventData.hc_stateid": "2"}
{"EventID": "100", "Channel": "Microsoft-Windows-Security-SPP-UX-Notifications/ActionCenter", "Provider_Name": "Microsoft-Windows-Security-SPP-UX-Notifications", "Computer": "DESKTOP-OFJ6N53", "TimeCreated": "2024-06-29 20:47:04.642599+00:00", "RecordID": "1746", "Level": "3", "UserID": "S-1-5-20", "EventData.hc_stateid": "2"}
{"EventID": "100", "Channel": "Microsoft-Windows-Security-SPP-UX-Notifications/ActionCenter", "Provider_Name": "Microsoft-Windows-Security-SPP-UX-Notifications", "Computer": "DESKTOP-OFJ6N53", "TimeCreated": "2024-07-04 10:13:07.306353+00:00", "RecordID": "1747", "Level": "3", "UserID": "S-1-5-20", "EventData.hc_stateid": "2"}
{"EventID": "100", "Channel": "Microsoft-Windows-Security-SPP-UX-Notifications/ActionCenter", "Provider_Name": "Microsoft-Windows-Security-SPP-UX-Notifications", "Computer": "DESKTOP-OFJ6N53", "TimeCreated": "2024-07-04 10:14:51.355906+00:00", "RecordID": "1748", "Level": "3", "UserID": "S-1-5-20", "EventData.hc_stateid": "2"}
{"EventID": "100", "Channel": "Microsoft-Windows-Security-SPP-UX-Notifications/ActionCenter", "Provider_Name": "Microsoft-Windows-Security-SPP-UX-Notifications", "Computer": "DESKTOP-OFJ6N53", "TimeCreated": "2024-07-05 14:24:30.453272+00:00", "RecordID": "1749", "Level": "3", "UserID": "S-1-5-20", "EventData.hc_stateid": "2"}
{"EventID": "100", "Channel": "Microsoft-Windows-Security-SPP-UX-Notifications/ActionCenter", "Provider_Name": "Microsoft-Windows-Security-SPP-UX-Notifications", "Computer": "DESKTOP-OFJ6N53", "TimeCreated": "2024-07-05 14:24:31.654495+00:00", "RecordID": "1750", "Level": "3", "UserID": "S-1-5-20", "EventData.hc_stateid": "2"}
{"EventID": "100", "Channel": "Microsoft-Windows-Security-SPP-UX-Notifications/ActionCenter", "Provider_Name": "Microsoft-Windows-Security-SPP-UX-Notifications", "Computer": "DESKTOP-OFJ6N53", "TimeCreated": "2024-07-06 14:24:30.849476+00:00", "RecordID": "1751", "Level": "3", "UserID": "S-1-5-20", "EventData.hc_stateid": "2"}
{"EventID": "100", "Channel": "Microsoft-Windows-Security-SPP-UX-Notifications/ActionCenter", "Provider_Name": "Microsoft-Windows-Security-SPP-UX-Notifications", "Computer": "DESKTOP-OFJ6N53", "TimeCreated": "2024-07-07 14:24:31.053213+00:00", "RecordID": "1752", "Level": "3", "UserID": "S-1-5-20", "EventData.hc_stateid": "2"}
{"EventID": "100", "Channel": "Microsoft-Windows-Security-SPP-UX-Notifications/ActionCenter", "Provider_Name": "Microsoft-Windows-Security-SPP-UX-Notifications", "Computer": "DESKTOP-OFJ6N53", "TimeCreated": "2024-07-08 14:24:30.808029+00:00", "RecordID": "1753", "Level": "3", "UserID": "S-1-5-20", "EventData.hc_stateid": "2"}
{"EventID": "100", "Channel": "Microsoft-Windows-Security-SPP-UX-Notifications/ActionCenter", "Provider_Name": "Microsoft-Windows-Security-SPP-UX-Notifications", "Computer": "DESKTOP-OFJ6N53", "TimeCreated": "2024-07-09 14:24:31.118488+00:00", "RecordID": "1754", "Level": "3", "UserID": "S-1-5-20", "EventData.hc_stateid": "2"}
{"EventID": "100", "Channel": "Microsoft-Windows-Security-SPP-UX-Notifications/ActionCenter", "Provider_Name": "Microsoft-Windows-Security-SPP-UX-Notifications", "Computer": "DESKTOP-OFJ6N53", "TimeCreated": "2024-07-10 14:24:31.165190+00:00", "RecordID": "1755", "Level": "3", "UserID": "S-1-5-20", "EventData.hc_stateid": "2"}
{"EventID": "100", "Channel": "Microsoft-Windows-Security-SPP-UX-Notifications/ActionCenter", "Provider_Name": "Microsoft-Windows-Security-SPP-UX-Notifications", "Computer": "DESKTOP-OFJ6N53", "TimeCreated": "2024-07-11 10:32:14.990332+00:00", "RecordID": "1756", "Level": "3", "UserID": "S-1-5-20", "EventData.hc_stateid": "2"}
{"EventID": "100", "Channel": "Microsoft-Windows-Security-SPP-UX-Notifications/ActionCenter", "Provider_Name": "Microsoft-Windows-Security-SPP-UX-Notifications", "Computer": "DESKTOP-OFJ6N53", "TimeCreated": "2024-07-11 10:33:57.736792+00:00", "RecordID": "1757", "Level": "3", "UserID": "S-1-5-20", "EventData.hc_stateid": "2"}
{"EventID": "100", "Channel": "Microsoft-Windows-Security-SPP-UX-Notifications/ActionCenter", "Provider_Name": "Microsoft-Windows-Security-SPP-UX-Notifications", "Computer": "DESKTOP-OFJ6N53", "TimeCreated": "2024-07-11 10:33:58.047653+00:00", "RecordID": "1758", "Level": "3", "UserID": "S-1-5-20", "EventData.hc_stateid": "2"}
{"EventID": "100", "Channel": "Microsoft-Windows-Security-SPP-UX-Notifications/ActionCenter", "Provider_Name": "Microsoft-Windows-Security-SPP-UX-Notifications", "Computer": "DESKTOP-OFJ6N53", "TimeCreated": "2024-07-12 10:33:55.587309+00:00", "RecordID": "1759", "Level": "3", "UserID": "S-1-5-20", "EventData.hc_stateid": "2"}
{"EventID": "100", "Channel": "Microsoft-Windows-Security-SPP-UX-Notifications/ActionCenter", "Provider_Name": "Microsoft-Windows-Security-SPP-UX-Notifications", "Computer": "DESKTOP-OFJ6N53", "TimeCreated": "2024-07-13 10:33:55.300203+00:00", "RecordID": "1760", "Level": "3", "UserID": "S-1-5-20", "EventData.hc_stateid": "2"}
{"EventID": "100", "Channel": "Microsoft-Windows-Security-SPP-UX-Notifications/ActionCenter", "Provider_Name": "Microsoft-Windows-Security-SPP-UX-Notifications", "Computer": "DESKTOP-OFJ6N53", "TimeCreated": "2024-07-13 13:34:12.170418+00:00", "RecordID": "1761", "Level": "3", "UserID": "S-1-5-20", "EventData.hc_stateid": "2"}
{"EventID": "100", "Channel": "Microsoft-Windows-Security-SPP-UX-Notifications/ActionCenter", "Provider_Name": "Microsoft-Windows-Security-SPP-UX-Notifications", "Computer": "DESKTOP-OFJ6N53", "TimeCreated": "2024-07-13 13:34:12.728529+00:00", "RecordID": "1762", "Level": "3", "UserID": "S-1-5-20", "EventData.hc_stateid": "2"}
{"EventID": "100", "Channel": "Microsoft-Windows-Security-SPP-UX-Notifications/ActionCenter", "Provider_Name": "Microsoft-Windows-Security-SPP-UX-Notifications", "Computer": "DESKTOP-OFJ6N53", "TimeCreated": "2024-07-14 13:34:12.544247+00:00", "RecordID": "1763", "Level": "3", "UserID": "S-1-5-20", "EventData.hc_stateid": "2"}
{"EventID": "100", "Channel": "Microsoft-Windows-Security-SPP-UX-Notifications/ActionCenter", "Provider_Name": "Microsoft-Windows-Security-SPP-UX-Notifications", "Computer": "DESKTOP-OFJ6N53", "TimeCreated": "2024-07-15 13:34:12.729967+00:00", "RecordID": "1764", "Level": "3", "UserID": "S-1-5-20", "EventData.hc_stateid": "2"}
{"EventID": "100", "Channel": "Microsoft-Windows-Security-SPP-UX-Notifications/ActionCenter", "Provider_Name": "Microsoft-Windows-Security-SPP-UX-Notifications", "Computer": "DESKTOP-OFJ6N53", "TimeCreated": "2024-07-16 12:22:54.048929+00:00", "RecordID": "1765", "Level": "3", "UserID": "S-1-5-20", "EventData.hc_stateid": "2"}
{"EventID": "100", "Channel": "Microsoft-Windows-Security-SPP-UX-Notifications/ActionCenter", "Provider_Name": "Microsoft-Windows-Security-SPP-UX-Notifications", "Computer": "DESKTOP-OFJ6N53", "TimeCreated": "2024-07-16 12:22:54.187971+00:00", "RecordID": "1766", "Level": "3", "UserID": "S-1-5-20", "EventData.hc_stateid": "2"}
{"EventID": "100", "Channel": "Microsoft-Windows-Security-SPP-UX-Notifications/ActionCenter", "Provider_Name": "Microsoft-Windows-Security-SPP-UX-Notifications", "Computer": "DESKTOP-OFJ6N53", "TimeCreated": "2024-07-16 18:22:45.537535+00:00", "RecordID": "1767", "Level": "3", "UserID": "S-1-5-20", "EventData.hc_stateid": "2"}
{"EventID": "100", "Channel": "Microsoft-Windows-Security-SPP-UX-Notifications/ActionCenter", "Provider_Name": "Microsoft-Windows-Security-SPP-UX-Notifications", "Computer": "DESKTOP-OFJ6N53", "TimeCreated": "2024-07-17 18:22:45.870186+00:00", "RecordID": "1768", "Level": "3", "UserID": "S-1-5-20", "EventData.hc_stateid": "2"}
{"EventID": "100", "Channel": "Microsoft-Windows-Security-SPP-UX-Notifications/ActionCenter", "Provider_Name": "Microsoft-Windows-Security-SPP-UX-Notifications", "Computer": "DESKTOP-OFJ6N53", "TimeCreated": "2024-07-18 18:22:45.396351+00:00", "RecordID": "1769", "Level": "3", "UserID": "S-1-5-20", "EventData.hc_stateid": "2"}
{"EventID": "100", "Channel": "Microsoft-Windows-Security-SPP-UX-Notifications/ActionCenter", "Provider_Name": "Microsoft-Windows-Security-SPP-UX-Notifications", "Computer": "DESKTOP-OFJ6N53", "TimeCreated": "2024-07-19 18:22:45.507698+00:00", "RecordID": "1770", "Level": "3", "UserID": "S-1-5-20", "EventData.hc_stateid": "2"}
{"EventID": "100", "Channel": "Microsoft-Windows-Security-SPP-UX-Notifications/ActionCenter", "Provider_Name": "Microsoft-Windows-Security-SPP-UX-Notifications", "Computer": "DESKTOP-OFJ6N53", "TimeCreated": "2024-07-20 18:22:45.449884+00:00", "RecordID": "1771", "Level": "3", "UserID": "S-1-5-20", "EventData.hc_stateid": "2"}
{"EventID": "100", "Channel": "Microsoft-Windows-Security-SPP-UX-Notifications/ActionCenter", "Provider_Name": "Microsoft-Windows-Security-SPP-UX-Notifications", "Computer": "DESKTOP-OFJ6N53", "TimeCreated": "2024-07-21 18:22:45.493824+00:00", "RecordID": "1772", "Level": "3", "UserID": "S-1-5-20", "EventData.hc_stateid": "2"}
{"EventID": "100", "Channel": "Microsoft-Windows-Security-SPP-UX-Notifications/ActionCenter", "Provider_Name": "Microsoft-Windows-Security-SPP-UX-Notifications", "Computer": "DESKTOP-OFJ6N53", "TimeCreated": "2024-07-22 07:27:27.353146+00:00", "RecordID": "1773", "Level": "3", "UserID": "S-1-5-20", "EventData.hc_stateid": "2"}
{"EventID": "100", "Channel": "Microsoft-Windows-Security-SPP-UX-Notifications/ActionCenter", "Provider_Name": "Microsoft-Windows-Security-SPP-UX-Notifications", "Computer": "DESKTOP-OFJ6N53", "TimeCreated": "2024-07-22 07:28:40.458645+00:00", "RecordID": "1774", "Level": "3", "UserID": "S-1-5-20", "EventData.hc_stateid": "2"}
{"EventID": "100", "Channel": "Microsoft-Windows-Security-SPP-UX-Notifications/ActionCenter", "Provider_Name": "Microsoft-Windows-Security-SPP-UX-Notifications", "Computer": "DESKTOP-OFJ6N53", "TimeCreated": "2024-07-22 07:29:59.278708+00:00", "RecordID": "1775", "Level": "3", "UserID": "S-1-5-20", "EventData.hc_stateid": "2"}
{"EventID": "100", "Channel": "Microsoft-Windows-Security-SPP-UX-Notifications/ActionCenter", "Provider_Name": "Microsoft-Windows-Security-SPP-UX-Notifications", "Computer": "DESKTOP-OFJ6N53", "TimeCreated": "2024-07-23 18:16:55.671062+00:00", "RecordID": "1776", "Level": "3", "UserID": "S-1-5-20", "EventData.hc_stateid": "2"}
{"EventID": "100", "Channel": "Microsoft-Windows-Security-SPP-UX-Notifications/ActionCenter", "Provider_Name": "Microsoft-Windows-Security-SPP-UX-Notifications", "Computer": "DESKTOP-OFJ6N53", "TimeCreated": "2024-07-23 18:16:59.726652+00:00", "RecordID": "1777", "Level": "3", "UserID": "S-1-5-20", "EventData.hc_stateid": "2"}
{"EventID": "100", "Channel": "Microsoft-Windows-Security-SPP-UX-Notifications/ActionCenter", "Provider_Name": "Microsoft-Windows-Security-SPP-UX-Notifications", "Computer": "DESKTOP-OFJ6N53", "TimeCreated": "2024-07-23 18:17:39.753160+00:00", "RecordID": "1778", "Level": "3", "UserID": "S-1-5-20", "EventData.hc_stateid": "2"}
{"EventID": "100", "Channel": "Microsoft-Windows-Security-SPP-UX-Notifications/ActionCenter", "Provider_Name": "Microsoft-Windows-Security-SPP-UX-Notifications", "Computer": "DESKTOP-OFJ6N53", "TimeCreated": "2024-07-23 18:20:44.894804+00:00", "RecordID": "1779", "Level": "3", "UserID": "S-1-5-20", "EventData.hc_stateid": "2"}
{"EventID": "100", "Channel": "Microsoft-Windows-Security-SPP-UX-Notifications/ActionCenter", "Provider_Name": "Microsoft-Windows-Security-SPP-UX-Notifications", "Computer": "DESKTOP-OFJ6N53", "TimeCreated": "2024-07-24 12:33:38.651859+00:00", "RecordID": "1780", "Level": "3", "UserID": "S-1-5-20", "EventData.hc_stateid": "2"}
{"EventID": "100", "Channel": "Microsoft-Windows-Security-SPP-UX-Notifications/ActionCenter", "Provider_Name": "Microsoft-Windows-Security-SPP-UX-Notifications", "Computer": "DESKTOP-OFJ6N53", "TimeCreated": "2024-07-24 12:47:54.799479+00:00", "RecordID": "1781", "Level": "3", "UserID": "S-1-5-20", "EventData.hc_stateid": "2"}
{"EventID": "100", "Channel": "Microsoft-Windows-Security-SPP-UX-Notifications/ActionCenter", "Provider_Name": "Microsoft-Windows-Security-SPP-UX-Notifications", "Computer": "DESKTOP-OFJ6N53", "TimeCreated": "2024-07-24 12:48:05.143875+00:00", "RecordID": "1782", "Level": "3", "UserID": "S-1-5-20", "EventData.hc_stateid": "2"}
{"EventID": "100", "Channel": "Microsoft-Windows-Security-SPP-UX-Notifications/ActionCenter", "Provider_Name": "Microsoft-Windows-Security-SPP-UX-Notifications", "Computer": "DESKTOP-OFJ6N53", "TimeCreated": "2024-07-24 14:10:56.889881+00:00", "RecordID": "1783", "Level": "3", "UserID": "S-1-5-20", "EventData.hc_stateid": "2"}
{"EventID": "100", "Channel": "Microsoft-Windows-Security-SPP-UX-Notifications/ActionCenter", "Provider_Name": "Microsoft-Windows-Security-SPP-UX-Notifications", "Computer": "DESKTOP-OFJ6N53", "TimeCreated": "2024-07-24 15:01:15.545153+00:00", "RecordID": "1784", "Level": "3", "UserID": "S-1-5-20", "EventData.hc_stateid": "2"}
{"EventID": "100", "Channel": "Microsoft-Windows-Security-SPP-UX-Notifications/ActionCenter", "Provider_Name": "Microsoft-Windows-Security-SPP-UX-Notifications", "Computer": "DESKTOP-OFJ6N53", "TimeCreated": "2024-07-24 21:01:25.327410+00:00", "RecordID": "1785", "Level": "3", "UserID": "S-1-5-20", "EventData.hc_stateid": "2"}
{"EventID": "100", "Channel": "Microsoft-Windows-Security-SPP-UX-Notifications/ActionCenter", "Provider_Name": "Microsoft-Windows-Security-SPP-UX-Notifications", "Computer": "DESKTOP-OFJ6N53", "TimeCreated": "2024-07-25 12:58:53.308126+00:00", "RecordID": "1786", "Level": "3", "UserID": "S-1-5-20", "EventData.hc_stateid": "2"}
{"EventID": "100", "Channel": "Microsoft-Windows-Security-SPP-UX-Notifications/ActionCenter", "Provider_Name": "Microsoft-Windows-Security-SPP-UX-Notifications", "Computer": "DESKTOP-OFJ6N53", "TimeCreated": "2024-07-25 14:57:33.318857+00:00", "RecordID": "1787", "Level": "3", "UserID": "S-1-5-20", "EventData.hc_stateid": "2"}
{"EventID": "100", "Channel": "Microsoft-Windows-Security-SPP-UX-Notifications/ActionCenter", "Provider_Name": "Microsoft-Windows-Security-SPP-UX-Notifications", "Computer": "DESKTOP-OFJ6N53", "TimeCreated": "2024-07-25 20:13:42.279316+00:00", "RecordID": "1788", "Level": "3", "UserID": "S-1-5-20", "EventData.hc_stateid": "2"}
{"EventID": "100", "Channel": "Microsoft-Windows-Security-SPP-UX-Notifications/ActionCenter", "Provider_Name": "Microsoft-Windows-Security-SPP-UX-Notifications", "Computer": "DESKTOP-OFJ6N53", "TimeCreated": "2024-07-25 20:13:43.110584+00:00", "RecordID": "1789", "Level": "3", "UserID": "S-1-5-20", "EventData.hc_stateid": "2"}
{"EventID": "100", "Channel": "Microsoft-Windows-Security-SPP-UX-Notifications/ActionCenter", "Provider_Name": "Microsoft-Windows-Security-SPP-UX-Notifications", "Computer": "DESKTOP-OFJ6N53", "TimeCreated": "2024-07-25 20:13:49.638432+00:00", "RecordID": "1790", "Level": "3", "UserID": "S-1-5-20", "EventData.hc_stateid": "2"}
{"EventID": "100", "Channel": "Microsoft-Windows-Security-SPP-UX-Notifications/ActionCenter", "Provider_Name": "Microsoft-Windows-Security-SPP-UX-Notifications", "Computer": "DESKTOP-OFJ6N53", "TimeCreated": "2024-07-25 20:13:50.776924+00:00", "RecordID": "1791", "Level": "3", "UserID": "S-1-5-20", "EventData.hc_stateid": "2"}
{"EventID": "100", "Channel": "Microsoft-Windows-Security-SPP-UX-Notifications/ActionCenter", "Provider_Name": "Microsoft-Windows-Security-SPP-UX-Notifications", "Computer": "DESKTOP-OFJ6N53", "TimeCreated": "2024-07-25 20:14:22.407949+00:00", "RecordID": "1792", "Level": "3", "UserID": "S-1-5-20", "EventData.hc_stateid": "2"}
{"EventID": "100", "Channel": "Microsoft-Windows-Security-SPP-UX-Notifications/ActionCenter", "Provider_Name": "Microsoft-Windows-Security-SPP-UX-Notifications", "Computer": "DESKTOP-OFJ6N53", "TimeCreated": "2024-07-25 20:23:40.649378+00:00", "RecordID": "1793", "Level": "3", "UserID": "S-1-5-20", "EventData.hc_stateid": "2"}
{"EventID": "100", "Channel": "Microsoft-Windows-Security-SPP-UX-Notifications/ActionCenter", "Provider_Name": "Microsoft-Windows-Security-SPP-UX-Notifications", "Computer": "DESKTOP-OFJ6N53", "TimeCreated": "2024-07-25 20:23:55.840054+00:00", "RecordID": "1794", "Level": "3", "UserID": "S-1-5-20", "EventData.hc_stateid": "2"}
{"EventID": "100", "Channel": "Microsoft-Windows-Security-SPP-UX-Notifications/ActionCenter", "Provider_Name": "Microsoft-Windows-Security-SPP-UX-Notifications", "Computer": "DESKTOP-OFJ6N53", "TimeCreated": "2024-07-25 20:23:58.582783+00:00", "RecordID": "1795", "Level": "3", "UserID": "S-1-5-20", "EventData.hc_stateid": "2"}
{"EventID": "100", "Channel": "Microsoft-Windows-Security-SPP-UX-Notifications/ActionCenter", "Provider_Name": "Microsoft-Windows-Security-SPP-UX-Notifications", "Computer": "DESKTOP-OFJ6N53", "TimeCreated": "2024-07-25 20:24:32.272282+00:00", "RecordID": "1796", "Level": "3", "UserID": "S-1-5-20", "EventData.hc_stateid": "2"}
{"EventID": "100", "Channel": "Microsoft-Windows-Security-SPP-UX-Notifications/ActionCenter", "Provider_Name": "Microsoft-Windows-Security-SPP-UX-Notifications", "Computer": "DESKTOP-OFJ6N53", "TimeCreated": "2024-07-25 20:30:25.904343+00:00", "RecordID": "1797", "Level": "3", "UserID": "S-1-5-20", "EventData.hc_stateid": "2"}
{"EventID": "100", "Channel": "Microsoft-Windows-Security-SPP-UX-Notifications/ActionCenter", "Provider_Name": "Microsoft-Windows-Security-SPP-UX-Notifications", "Computer": "DESKTOP-OFJ6N53", "TimeCreated": "2024-07-25 20:31:06.160854+00:00", "RecordID": "1798", "Level": "3", "UserID": "S-1-5-20", "EventData.hc_stateid": "2"}
{"EventID": "100", "Channel": "Microsoft-Windows-Security-SPP-UX-Notifications/ActionCenter", "Provider_Name": "Microsoft-Windows-Security-SPP-UX-Notifications", "Computer": "DESKTOP-OFJ6N53", "TimeCreated": "2024-07-26 10:22:53.348757+00:00", "RecordID": "1799", "Level": "3", "UserID": "S-1-5-20", "EventData.hc_stateid": "2"}
{"EventID": "100", "Channel": "Microsoft-Windows-Security-SPP-UX-Notifications/ActionCenter", "Provider_Name": "Microsoft-Windows-Security-SPP-UX-Notifications", "Computer": "DESKTOP-OFJ6N53", "TimeCreated": "2024-07-28 15:27:28.466143+00:00", "RecordID": "1800", "Level": "3", "UserID": "S-1-5-20", "EventData.hc_stateid": "2"}
{"EventID": "100", "Channel": "Microsoft-Windows-Security-SPP-UX-Notifications/ActionCenter", "Provider_Name": "Microsoft-Windows-Security-SPP-UX-Notifications", "Computer": "DESKTOP-OFJ6N53", "TimeCreated": "2024-07-28 15:27:29.692413+00:00", "RecordID": "1801", "Level": "3", "UserID": "S-1-5-20", "EventData.hc_stateid": "2"}
{"EventID": "100", "Channel": "Microsoft-Windows-Security-SPP-UX-Notifications/ActionCenter", "Provider_Name": "Microsoft-Windows-Security-SPP-UX-Notifications", "Computer": "DESKTOP-OFJ6N53", "TimeCreated": "2024-07-29 07:30:24.979399+00:00", "RecordID": "1802", "Level": "3", "UserID": "S-1-5-20", "EventData.hc_stateid": "2"}
{"EventID": "100", "Channel": "Microsoft-Windows-Security-SPP-UX-Notifications/ActionCenter", "Provider_Name": "Microsoft-Windows-Security-SPP-UX-Notifications", "Computer": "DESKTOP-OFJ6N53", "TimeCreated": "2024-07-29 07:30:25.709658+00:00", "RecordID": "1803", "Level": "3", "UserID": "S-1-5-20", "EventData.hc_stateid": "2"}
{"EventID": "100", "Channel": "Microsoft-Windows-Security-SPP-UX-Notifications/ActionCenter", "Provider_Name": "Microsoft-Windows-Security-SPP-UX-Notifications", "Computer": "DESKTOP-OFJ6N53", "TimeCreated": "2024-07-29 12:10:39.141270+00:00", "RecordID": "1804", "Level": "3", "UserID": "S-1-5-20", "EventData.hc_stateid": "2"}
{"EventID": "100", "Channel": "Microsoft-Windows-Security-SPP-UX-Notifications/ActionCenter", "Provider_Name": "Microsoft-Windows-Security-SPP-UX-Notifications", "Computer": "DESKTOP-OFJ6N53", "TimeCreated": "2024-07-29 15:23:28.454924+00:00", "RecordID": "1805", "Level": "3", "UserID": "S-1-5-20", "EventData.hc_stateid": "2"}
{"EventID": "100", "Channel": "Microsoft-Windows-Security-SPP-UX-Notifications/ActionCenter", "Provider_Name": "Microsoft-Windows-Security-SPP-UX-Notifications", "Computer": "DESKTOP-OFJ6N53", "TimeCreated": "2024-07-29 17:43:07.906897+00:00", "RecordID": "1806", "Level": "3", "UserID": "S-1-5-20", "EventData.hc_stateid": "2"}
{"EventID": "100", "Channel": "Microsoft-Windows-Security-SPP-UX-Notifications/ActionCenter", "Provider_Name": "Microsoft-Windows-Security-SPP-UX-Notifications", "Computer": "DESKTOP-OFJ6N53", "TimeCreated": "2024-07-30 08:02:47.871223+00:00", "RecordID": "1807", "Level": "3", "UserID": "S-1-5-20", "EventData.hc_stateid": "2"}
{"EventID": "100", "Channel": "Microsoft-Windows-Security-SPP-UX-Notifications/ActionCenter", "Provider_Name": "Microsoft-Windows-Security-SPP-UX-Notifications", "Computer": "DESKTOP-OFJ6N53", "TimeCreated": "2024-07-30 08:03:03.419790+00:00", "RecordID": "1808", "Level": "3", "UserID": "S-1-5-20", "EventData.hc_stateid": "2"}
{"EventID": "100", "Channel": "Microsoft-Windows-Security-SPP-UX-Notifications/ActionCenter", "Provider_Name": "Microsoft-Windows-Security-SPP-UX-Notifications", "Computer": "DESKTOP-OFJ6N53", "TimeCreated": "2024-07-30 08:03:09.496151+00:00", "RecordID": "1809", "Level": "3", "UserID": "S-1-5-20", "EventData.hc_stateid": "2"}
{"EventID": "100", "Channel": "Microsoft-Windows-Security-SPP-UX-Notifications/ActionCenter", "Provider_Name": "Microsoft-Windows-Security-SPP-UX-Notifications", "Computer": "DESKTOP-OFJ6N53", "TimeCreated": "2024-07-30 08:03:20.795254+00:00", "RecordID": "1810", "Level": "3", "UserID": "S-1-5-20", "EventData.hc_stateid": "2"}
{"EventID": "100", "Channel": "Microsoft-Windows-Security-SPP-UX-Notifications/ActionCenter", "Provider_Name": "Microsoft-Windows-Security-SPP-UX-Notifications", "Computer": "DESKTOP-OFJ6N53", "TimeCreated": "2024-07-30 08:03:29.760857+00:00", "RecordID": "1811", "Level": "3", "UserID": "S-1-5-20", "EventData.hc_stateid": "2"}
{"EventID": "100", "Channel": "Microsoft-Windows-Security-SPP-UX-Notifications/ActionCenter", "Provider_Name": "Microsoft-Windows-Security-SPP-UX-Notifications", "Computer": "DESKTOP-OFJ6N53", "TimeCreated": "2024-07-31 08:03:32.359194+00:00", "RecordID": "1812", "Level": "3", "UserID": "S-1-5-20", "EventData.hc_stateid": "2"}
{"EventID": "100", "Channel": "Microsoft-Windows-Security-SPP-UX-Notifications/ActionCenter", "Provider_Name": "Microsoft-Windows-Security-SPP-UX-Notifications", "Computer": "DESKTOP-OFJ6N53", "TimeCreated": "2024-08-01 20:35:13.029613+00:00", "RecordID": "1813", "Level": "3", "UserID": "S-1-5-20", "EventData.hc_stateid": "2"}
{"EventID": "100", "Channel": "Microsoft-Windows-Security-SPP-UX-Notifications/ActionCenter", "Provider_Name": "Microsoft-Windows-Security-SPP-UX-Notifications", "Computer": "DESKTOP-OFJ6N53", "TimeCreated": "2024-08-01 20:35:14.292866+00:00", "RecordID": "1814", "Level": "3", "UserID": "S-1-5-20", "EventData.hc_stateid": "2"}
{"EventID": "100", "Channel": "Microsoft-Windows-Security-SPP-UX-Notifications/ActionCenter", "Provider_Name": "Microsoft-Windows-Security-SPP-UX-Notifications", "Computer": "DESKTOP-OFJ6N53", "TimeCreated": "2024-08-02 08:18:11.242477+00:00", "RecordID": "1815", "Level": "3", "UserID": "S-1-5-20", "EventData.hc_stateid": "2"}
{"EventID": "100", "Channel": "Microsoft-Windows-Security-SPP-UX-Notifications/ActionCenter", "Provider_Name": "Microsoft-Windows-Security-SPP-UX-Notifications", "Computer": "DESKTOP-OFJ6N53", "TimeCreated": "2024-08-03 08:18:10.365301+00:00", "RecordID": "1816", "Level": "3", "UserID": "S-1-5-20", "EventData.hc_stateid": "2"}
{"EventID": "100", "Channel": "Microsoft-Windows-Security-SPP-UX-Notifications/ActionCenter", "Provider_Name": "Microsoft-Windows-Security-SPP-UX-Notifications", "Computer": "DESKTOP-OFJ6N53", "TimeCreated": "2024-08-04 08:18:11.019758+00:00", "RecordID": "1817", "Level": "3", "UserID": "S-1-5-20", "EventData.hc_stateid": "2"}
{"EventID": "100", "Channel": "Microsoft-Windows-Security-SPP-UX-Notifications/ActionCenter", "Provider_Name": "Microsoft-Windows-Security-SPP-UX-Notifications", "Computer": "DESKTOP-OFJ6N53", "TimeCreated": "2024-08-05 08:18:11.513544+00:00", "RecordID": "1818", "Level": "3", "UserID": "S-1-5-20", "EventData.hc_stateid": "2"}
{"EventID": "100", "Channel": "Microsoft-Windows-Security-SPP-UX-Notifications/ActionCenter", "Provider_Name": "Microsoft-Windows-Security-SPP-UX-Notifications", "Computer": "DESKTOP-OFJ6N53", "TimeCreated": "2024-08-06 08:18:11.327414+00:00", "RecordID": "1819", "Level": "3", "UserID": "S-1-5-20", "EventData.hc_stateid": "2"}
