{"EventID": "3", "Channel": "Microsoft-Windows-Kernel-ShimEngine/Operational", "Provider_Name": "Microsoft-Windows-Kernel-ShimEngine", "Computer": "WIN-E725EAE32MJ", "TimeCreated": "2022-02-24 08:24:14.324448+00:00", "RecordID": "1", "Level": "4", "UserID": "S-1-5-18", "EventData.DriverName": "storahci.sys", "EventData.ShimSource": "0", "EventData.ShimCount": "1", "EventData.AppliedGuids": "{434abafd-08fa-4c3d-a88d-d09a88e2ab17}"}
{"EventID": "4", "Channel": "Microsoft-Windows-Kernel-ShimEngine/Operational", "Provider_Name": "Microsoft-Windows-Kernel-ShimEngine", "Computer": "WIN-E725EAE32MJ", "TimeCreated": "2022-02-24 08:24:16.230129+00:00", "RecordID": "2", "Level": "4", "UserID": "S-1-5-18", "EventData.DeviceName": "USBXHCI:ALL", "EventData.DeviceClass": "USBXHCI", "EventData.FlagSource": "1", "EventData.Flags": "1126037345796100"}
{"EventID": "4", "Channel": "Microsoft-Windows-Kernel-ShimEngine/Operational", "Provider_Name": "Microsoft-Windows-Kernel-ShimEngine", "Computer": "WIN-E725EAE32MJ", "TimeCreated": "2022-02-24 08:24:16.276707+00:00", "RecordID": "3", "Level": "4", "UserID": "S-1-5-18", "EventData.DeviceName": "USBXHCI:ALL", "EventData.DeviceClass": "USBXHCI", "EventData.FlagSource": "1", "EventData.Flags": "1126037345796100"}
{"EventID": "3", "Channel": "Microsoft-Windows-Kernel-ShimEngine/Operational", "Provider_Name": "Microsoft-Windows-Kernel-ShimEngine", "Computer": "DESKTOP-OFJ6N53", "TimeCreated": "2022-02-24 08:27:01.248096+00:00", "RecordID": "4", "Level": "4", "UserID": "S-1-5-18", "EventData.DriverName": "storahci.sys", "EventData.ShimSource": "0", "EventData.ShimCount": "1", "EventData.AppliedGuids": "{434abafd-08fa-4c3d-a88d-d09a88e2ab17}"}
{"EventID": "4", "Channel": "Microsoft-Windows-Kernel-ShimEngine/Operational", "Provider_Name": "Microsoft-Windows-Kernel-ShimEngine", "Computer": "DESKTOP-OFJ6N53", "TimeCreated": "2022-02-24 08:27:03.131392+00:00", "RecordID": "5", "Level": "4", "UserID": "S-1-5-18", "EventData.DeviceName": "USBXHCI:ALL", "EventData.DeviceClass": "USBXHCI", "EventData.FlagSource": "1", "EventData.Flags": "1126037345796100"}
{"EventID": "4", "Channel": "Microsoft-Windows-Kernel-ShimEngine/Operational", "Provider_Name": "Microsoft-Windows-Kernel-ShimEngine", "Computer": "DESKTOP-OFJ6N53", "TimeCreated": "2022-02-24 08:27:03.182528+00:00", "RecordID": "6", "Level": "4", "UserID": "S-1-5-18", "EventData.DeviceName": "USBXHCI:ALL", "EventData.DeviceClass": "USBXHCI", "EventData.FlagSource": "1", "EventData.Flags": "1126037345796100"}
{"EventID": "3", "Channel": "Microsoft-Windows-Kernel-ShimEngine/Operational", "Provider_Name": "Microsoft-Windows-Kernel-ShimEngine", "Computer": "DESKTOP-OFJ6N53", "TimeCreated": "2022-02-24 12:37:58.550026+00:00", "RecordID": "7", "Level": "4", "UserID": "S-1-5-18", "EventData.DriverName": "storahci.sys", "EventData.ShimSource": "0", "EventData.ShimCount": "1", "EventData.AppliedGuids": "{434abafd-08fa-4c3d-a88d-d09a88e2ab17}"}
{"EventID": "4", "Channel": "Microsoft-Windows-Kernel-ShimEngine/Operational", "Provider_Name": "Microsoft-Windows-Kernel-ShimEngine", "Computer": "DESKTOP-OFJ6N53", "TimeCreated": "2022-02-24 12:38:00.429712+00:00", "RecordID": "8", "Level": "4", "UserID": "S-1-5-18", "EventData.DeviceName": "USBXHCI:ALL", "EventData.DeviceClass": "USBXHCI", "EventData.FlagSource": "1", "EventData.Flags": "1126037345796100"}
{"EventID": "4", "Channel": "Microsoft-Windows-Kernel-ShimEngine/Operational", "Provider_Name": "Microsoft-Windows-Kernel-ShimEngine", "Computer": "DESKTOP-OFJ6N53", "TimeCreated": "2022-02-24 12:38:00.478559+00:00", "RecordID": "9", "Level": "4", "UserID": "S-1-5-18", "EventData.DeviceName": "USBXHCI:ALL", "EventData.DeviceClass": "USBXHCI", "EventData.FlagSource": "1", "EventData.Flags": "1126037345796100"}
{"EventID": "3", "Channel": "Microsoft-Windows-Kernel-ShimEngine/Operational", "Provider_Name": "Microsoft-Windows-Kernel-ShimEngine", "Computer": "DESKTOP-OFJ6N53", "TimeCreated": "2022-02-24 12:51:57.311514+00:00", "RecordID": "10", "Level": "4", "UserID": "S-1-5-18", "EventData.DriverName": "storahci.sys", "EventData.ShimSource": "0", "EventData.ShimCount": "1", "EventData.AppliedGuids": "{434abafd-08fa-4c3d-a88d-d09a88e2ab17}"}
{"EventID": "4", "Channel": "Microsoft-Windows-Kernel-ShimEngine/Operational", "Provider_Name": "Microsoft-Windows-Kernel-ShimEngine", "Computer": "DESKTOP-OFJ6N53", "TimeCreated": "2022-02-24 12:51:59.190550+00:00", "RecordID": "11", "Level": "4", "UserID": "S-1-5-18", "EventData.DeviceName": "USBXHCI:ALL", "EventData.DeviceClass": "USBXHCI", "EventData.FlagSource": "1", "EventData.Flags": "1126037345796100"}
{"EventID": "4", "Channel": "Microsoft-Windows-Kernel-ShimEngine/Operational", "Provider_Name": "Microsoft-Windows-Kernel-ShimEngine", "Computer": "DESKTOP-OFJ6N53", "TimeCreated": "2022-02-24 12:51:59.228012+00:00", "RecordID": "12", "Level": "4", "UserID": "S-1-5-18", "EventData.DeviceName": "USBXHCI:ALL", "EventData.DeviceClass": "USBXHCI", "EventData.FlagSource": "1", "EventData.Flags": "1126037345796100"}
{"EventID": "3", "Channel": "Microsoft-Windows-Kernel-ShimEngine/Operational", "Provider_Name": "Microsoft-Windows-Kernel-ShimEngine", "Computer": "DESKTOP-OFJ6N53", "TimeCreated": "2022-02-24 21:40:06.433270+00:00", "RecordID": "13", "Level": "4", "UserID": "S-1-5-18", "EventData.DriverName": "storahci.sys", "EventData.ShimSource": "0", "EventData.ShimCount": "1", "EventData.AppliedGuids": "{434abafd-08fa-4c3d-a88d-d09a88e2ab17}"}
{"EventID": "4", "Channel": "Microsoft-Windows-Kernel-ShimEngine/Operational", "Provider_Name": "Microsoft-Windows-Kernel-ShimEngine", "Computer": "DESKTOP-OFJ6N53", "TimeCreated": "2022-02-24 21:40:08.994946+00:00", "RecordID": "14", "Level": "4", "UserID": "S-1-5-18", "EventData.DeviceName": "USBXHCI:ALL", "EventData.DeviceClass": "USBXHCI", "EventData.FlagSource": "1", "EventData.Flags": "1126037345796100"}
{"EventID": "4", "Channel": "Microsoft-Windows-Kernel-ShimEngine/Operational", "Provider_Name": "Microsoft-Windows-Kernel-ShimEngine", "Computer": "DESKTOP-OFJ6N53", "TimeCreated": "2022-02-24 21:40:09.239603+00:00", "RecordID": "15", "Level": "4", "UserID": "S-1-5-18", "EventData.DeviceName": "USBXHCI:ALL", "EventData.DeviceClass": "USBXHCI", "EventData.FlagSource": "1", "EventData.Flags": "1126037345796100"}
{"EventID": "3", "Channel": "Microsoft-Windows-Kernel-ShimEngine/Operational", "Provider_Name": "Microsoft-Windows-Kernel-ShimEngine", "Computer": "DESKTOP-OFJ6N53", "TimeCreated": "2022-03-03 17:18:20.793837+00:00", "RecordID": "16", "Level": "4", "UserID": "S-1-5-18", "EventData.DriverName": "storahci.sys", "EventData.ShimSource": "0", "EventData.ShimCount": "1", "EventData.AppliedGuids": "{434abafd-08fa-4c3d-a88d-d09a88e2ab17}"}
{"EventID": "4", "Channel": "Microsoft-Windows-Kernel-ShimEngine/Operational", "Provider_Name": "Microsoft-Windows-Kernel-ShimEngine", "Computer": "DESKTOP-OFJ6N53", "TimeCreated": "2022-03-03 17:18:22.774061+00:00", "RecordID": "17", "Level": "4", "UserID": "S-1-5-18", "EventData.DeviceName": "USBXHCI:ALL", "EventData.DeviceClass": "USBXHCI", "EventData.FlagSource": "1", "EventData.Flags": "1126037345796100"}
{"EventID": "4", "Channel": "Microsoft-Windows-Kernel-ShimEngine/Operational", "Provider_Name": "Microsoft-Windows-Kernel-ShimEngine", "Computer": "DESKTOP-OFJ6N53", "TimeCreated": "2022-03-03 17:18:22.823427+00:00", "RecordID": "18", "Level": "4", "UserID": "S-1-5-18", "EventData.DeviceName": "USBXHCI:ALL", "EventData.DeviceClass": "USBXHCI", "EventData.FlagSource": "1", "EventData.Flags": "1126037345796100"}
{"EventID": "3", "Channel": "Microsoft-Windows-Kernel-ShimEngine/Operational", "Provider_Name": "Microsoft-Windows-Kernel-ShimEngine", "Computer": "DESKTOP-OFJ6N53", "TimeCreated": "2022-03-09 07:31:37.092039+00:00", "RecordID": "19", "Level": "4", "UserID": "S-1-5-18", "EventData.DriverName": "storahci.sys", "EventData.ShimSource": "0", "EventData.ShimCount": "1", "EventData.AppliedGuids": "{434abafd-08fa-4c3d-a88d-d09a88e2ab17}"}
{"EventID": "4", "Channel": "Microsoft-Windows-Kernel-ShimEngine/Operational", "Provider_Name": "Microsoft-Windows-Kernel-ShimEngine", "Computer": "DESKTOP-OFJ6N53", "TimeCreated": "2022-03-09 07:31:39.051062+00:00", "RecordID": "20", "Level": "4", "UserID": "S-1-5-18", "EventData.DeviceName": "USBXHCI:ALL", "EventData.DeviceClass": "USBXHCI", "EventData.FlagSource": "1", "EventData.Flags": "1126037345796100"}
{"EventID": "4", "Channel": "Microsoft-Windows-Kernel-ShimEngine/Operational", "Provider_Name": "Microsoft-Windows-Kernel-ShimEngine", "Computer": "DESKTOP-OFJ6N53", "TimeCreated": "2022-03-09 07:31:39.089176+00:00", "RecordID": "21", "Level": "4", "UserID": "S-1-5-18", "EventData.DeviceName": "USBXHCI:ALL", "EventData.DeviceClass": "USBXHCI", "EventData.FlagSource": "1", "EventData.Flags": "1126037345796100"}
{"EventID": "3", "Channel": "Microsoft-Windows-Kernel-ShimEngine/Operational", "Provider_Name": "Microsoft-Windows-Kernel-ShimEngine", "Computer": "DESKTOP-OFJ6N53", "TimeCreated": "2022-03-09 10:16:35.344919+00:00", "RecordID": "22", "Level": "4", "UserID": "S-1-5-18", "EventData.DriverName": "storahci.sys", "EventData.ShimSource": "0", "EventData.ShimCount": "1", "EventData.AppliedGuids": "{434abafd-08fa-4c3d-a88d-d09a88e2ab17}"}
{"EventID": "4", "Channel": "Microsoft-Windows-Kernel-ShimEngine/Operational", "Provider_Name": "Microsoft-Windows-Kernel-ShimEngine", "Computer": "DESKTOP-OFJ6N53", "TimeCreated": "2022-03-09 10:16:37.238523+00:00", "RecordID": "23", "Level": "4", "UserID": "S-1-5-18", "EventData.DeviceName": "USBXHCI:ALL", "EventData.DeviceClass": "USBXHCI", "EventData.FlagSource": "1", "EventData.Flags": "1126037345796100"}
{"EventID": "4", "Channel": "Microsoft-Windows-Kernel-ShimEngine/Operational", "Provider_Name": "Microsoft-Windows-Kernel-ShimEngine", "Computer": "DESKTOP-OFJ6N53", "TimeCreated": "2022-03-09 10:16:37.276554+00:00", "RecordID": "24", "Level": "4", "UserID": "S-1-5-18", "EventData.DeviceName": "USBXHCI:ALL", "EventData.DeviceClass": "USBXHCI", "EventData.FlagSource": "1", "EventData.Flags": "1126037345796100"}
{"EventID": "3", "Channel": "Microsoft-Windows-Kernel-ShimEngine/Operational", "Provider_Name": "Microsoft-Windows-Kernel-ShimEngine", "Computer": "DESKTOP-OFJ6N53", "TimeCreated": "2022-03-09 11:07:41.281010+00:00", "RecordID": "25", "Level": "4", "UserID": "S-1-5-18", "EventData.DriverName": "storahci.sys", "EventData.ShimSource": "0", "EventData.ShimCount": "1", "EventData.AppliedGuids": "{434abafd-08fa-4c3d-a88d-d09a88e2ab17}"}
{"EventID": "4", "Channel": "Microsoft-Windows-Kernel-ShimEngine/Operational", "Provider_Name": "Microsoft-Windows-Kernel-ShimEngine", "Computer": "DESKTOP-OFJ6N53", "TimeCreated": "2022-03-09 11:07:43.167171+00:00", "RecordID": "26", "Level": "4", "UserID": "S-1-5-18", "EventData.DeviceName": "USBXHCI:ALL", "EventData.DeviceClass": "USBXHCI", "EventData.FlagSource": "1", "EventData.Flags": "1126037345796100"}
{"EventID": "4", "Channel": "Microsoft-Windows-Kernel-ShimEngine/Operational", "Provider_Name": "Microsoft-Windows-Kernel-ShimEngine", "Computer": "DESKTOP-OFJ6N53", "TimeCreated": "2022-03-09 11:07:43.213020+00:00", "RecordID": "27", "Level": "4", "UserID": "S-1-5-18", "EventData.DeviceName": "USBXHCI:ALL", "EventData.DeviceClass": "USBXHCI", "EventData.FlagSource": "1", "EventData.Flags": "1126037345796100"}
{"EventID": "3", "Channel": "Microsoft-Windows-Kernel-ShimEngine/Operational", "Provider_Name": "Microsoft-Windows-Kernel-ShimEngine", "Computer": "DESKTOP-OFJ6N53", "TimeCreated": "2022-03-10 14:20:07.436953+00:00", "RecordID": "28", "Level": "4", "UserID": "S-1-5-18", "EventData.DriverName": "storahci.sys", "EventData.ShimSource": "0", "EventData.ShimCount": "1", "EventData.AppliedGuids": "{434abafd-08fa-4c3d-a88d-d09a88e2ab17}"}
{"EventID": "4", "Channel": "Microsoft-Windows-Kernel-ShimEngine/Operational", "Provider_Name": "Microsoft-Windows-Kernel-ShimEngine", "Computer": "DESKTOP-OFJ6N53", "TimeCreated": "2022-03-10 14:20:09.332678+00:00", "RecordID": "29", "Level": "4", "UserID": "S-1-5-18", "EventData.DeviceName": "USBXHCI:ALL", "EventData.DeviceClass": "USBXHCI", "EventData.FlagSource": "1", "EventData.Flags": "1126037345796100"}
{"EventID": "4", "Channel": "Microsoft-Windows-Kernel-ShimEngine/Operational", "Provider_Name": "Microsoft-Windows-Kernel-ShimEngine", "Computer": "DESKTOP-OFJ6N53", "TimeCreated": "2022-03-10 14:20:09.386356+00:00", "RecordID": "30", "Level": "4", "UserID": "S-1-5-18", "EventData.DeviceName": "USBXHCI:ALL", "EventData.DeviceClass": "USBXHCI", "EventData.FlagSource": "1", "EventData.Flags": "1126037345796100"}
{"EventID": "3", "Channel": "Microsoft-Windows-Kernel-ShimEngine/Operational", "Provider_Name": "Microsoft-Windows-Kernel-ShimEngine", "Computer": "DESKTOP-OFJ6N53", "TimeCreated": "2022-03-10 16:25:03.280481+00:00", "RecordID": "31", "Level": "4", "UserID": "S-1-5-18", "EventData.DriverName": "storahci.sys", "EventData.ShimSource": "0", "EventData.ShimCount": "1", "EventData.AppliedGuids": "{434abafd-08fa-4c3d-a88d-d09a88e2ab17}"}
{"EventID": "4", "Channel": "Microsoft-Windows-Kernel-ShimEngine/Operational", "Provider_Name": "Microsoft-Windows-Kernel-ShimEngine", "Computer": "DESKTOP-OFJ6N53", "TimeCreated": "2022-03-10 16:25:05.162565+00:00", "RecordID": "32", "Level": "4", "UserID": "S-1-5-18", "EventData.DeviceName": "USBXHCI:ALL", "EventData.DeviceClass": "USBXHCI", "EventData.FlagSource": "1", "EventData.Flags": "1126037345796100"}
{"EventID": "4", "Channel": "Microsoft-Windows-Kernel-ShimEngine/Operational", "Provider_Name": "Microsoft-Windows-Kernel-ShimEngine", "Computer": "DESKTOP-OFJ6N53", "TimeCreated": "2022-03-10 16:25:05.200237+00:00", "RecordID": "33", "Level": "4", "UserID": "S-1-5-18", "EventData.DeviceName": "USBXHCI:ALL", "EventData.DeviceClass": "USBXHCI", "EventData.FlagSource": "1", "EventData.Flags": "1126037345796100"}
{"EventID": "3", "Channel": "Microsoft-Windows-Kernel-ShimEngine/Operational", "Provider_Name": "Microsoft-Windows-Kernel-ShimEngine", "Computer": "DESKTOP-OFJ6N53", "TimeCreated": "2022-03-15 16:44:28.800291+00:00", "RecordID": "34", "Level": "4", "UserID": "S-1-5-18", "EventData.DriverName": "storahci.sys", "EventData.ShimSource": "0", "EventData.ShimCount": "1", "EventData.AppliedGuids": "{434abafd-08fa-4c3d-a88d-d09a88e2ab17}"}
{"EventID": "4", "Channel": "Microsoft-Windows-Kernel-ShimEngine/Operational", "Provider_Name": "Microsoft-Windows-Kernel-ShimEngine", "Computer": "DESKTOP-OFJ6N53", "TimeCreated": "2022-03-15 16:44:31.013895+00:00", "RecordID": "35", "Level": "4", "UserID": "S-1-5-18", "EventData.DeviceName": "USBXHCI:ALL", "EventData.DeviceClass": "USBXHCI", "EventData.FlagSource": "1", "EventData.Flags": "1126037345796100"}
{"EventID": "4", "Channel": "Microsoft-Windows-Kernel-ShimEngine/Operational", "Provider_Name": "Microsoft-Windows-Kernel-ShimEngine", "Computer": "DESKTOP-OFJ6N53", "TimeCreated": "2022-03-15 16:44:31.070936+00:00", "RecordID": "36", "Level": "4", "UserID": "S-1-5-18", "EventData.DeviceName": "USBXHCI:ALL", "EventData.DeviceClass": "USBXHCI", "EventData.FlagSource": "1", "EventData.Flags": "1126037345796100"}
{"EventID": "3", "Channel": "Microsoft-Windows-Kernel-ShimEngine/Operational", "Provider_Name": "Microsoft-Windows-Kernel-ShimEngine", "Computer": "DESKTOP-OFJ6N53", "TimeCreated": "2022-04-13 14:34:16.705929+00:00", "RecordID": "37", "Level": "4", "UserID": "S-1-5-18", "EventData.DriverName": "storahci.sys", "EventData.ShimSource": "0", "EventData.ShimCount": "1", "EventData.AppliedGuids": "{434abafd-08fa-4c3d-a88d-d09a88e2ab17}"}
{"EventID": "4", "Channel": "Microsoft-Windows-Kernel-ShimEngine/Operational", "Provider_Name": "Microsoft-Windows-Kernel-ShimEngine", "Computer": "DESKTOP-OFJ6N53", "TimeCreated": "2022-04-13 14:34:18.617996+00:00", "RecordID": "38", "Level": "4", "UserID": "S-1-5-18", "EventData.DeviceName": "USBXHCI:ALL", "EventData.DeviceClass": "USBXHCI", "EventData.FlagSource": "1", "EventData.Flags": "1126037345796100"}
{"EventID": "4", "Channel": "Microsoft-Windows-Kernel-ShimEngine/Operational", "Provider_Name": "Microsoft-Windows-Kernel-ShimEngine", "Computer": "DESKTOP-OFJ6N53", "TimeCreated": "2022-04-13 14:34:18.656855+00:00", "RecordID": "39", "Level": "4", "UserID": "S-1-5-18", "EventData.DeviceName": "USBXHCI:ALL", "EventData.DeviceClass": "USBXHCI", "EventData.FlagSource": "1", "EventData.Flags": "1126037345796100"}
{"EventID": "3", "Channel": "Microsoft-Windows-Kernel-ShimEngine/Operational", "Provider_Name": "Microsoft-Windows-Kernel-ShimEngine", "Computer": "DESKTOP-OFJ6N53", "TimeCreated": "2022-04-28 21:42:48.261541+00:00", "RecordID": "40", "Level": "4", "UserID": "S-1-5-18", "EventData.DriverName": "storahci.sys", "EventData.ShimSource": "0", "EventData.ShimCount": "1", "EventData.AppliedGuids": "{434abafd-08fa-4c3d-a88d-d09a88e2ab17}"}
{"EventID": "4", "Channel": "Microsoft-Windows-Kernel-ShimEngine/Operational", "Provider_Name": "Microsoft-Windows-Kernel-ShimEngine", "Computer": "DESKTOP-OFJ6N53", "TimeCreated": "2022-04-28 21:42:51.917925+00:00", "RecordID": "41", "Level": "4", "UserID": "S-1-5-18", "EventData.DeviceName": "USBXHCI:ALL", "EventData.DeviceClass": "USBXHCI", "EventData.FlagSource": "1", "EventData.Flags": "1126037345796100"}
{"EventID": "4", "Channel": "Microsoft-Windows-Kernel-ShimEngine/Operational", "Provider_Name": "Microsoft-Windows-Kernel-ShimEngine", "Computer": "DESKTOP-OFJ6N53", "TimeCreated": "2022-04-28 21:42:51.958755+00:00", "RecordID": "42", "Level": "4", "UserID": "S-1-5-18", "EventData.DeviceName": "USBXHCI:ALL", "EventData.DeviceClass": "USBXHCI", "EventData.FlagSource": "1", "EventData.Flags": "1126037345796100"}
{"EventID": "3", "Channel": "Microsoft-Windows-Kernel-ShimEngine/Operational", "Provider_Name": "Microsoft-Windows-Kernel-ShimEngine", "Computer": "DESKTOP-OFJ6N53", "TimeCreated": "2022-05-05 09:59:36.495022+00:00", "RecordID": "43", "Level": "4", "UserID": "S-1-5-18", "EventData.DriverName": "storahci.sys", "EventData.ShimSource": "0", "EventData.ShimCount": "1", "EventData.AppliedGuids": "{434abafd-08fa-4c3d-a88d-d09a88e2ab17}"}
{"EventID": "4", "Channel": "Microsoft-Windows-Kernel-ShimEngine/Operational", "Provider_Name": "Microsoft-Windows-Kernel-ShimEngine", "Computer": "DESKTOP-OFJ6N53", "TimeCreated": "2022-05-05 09:59:47.854916+00:00", "RecordID": "44", "Level": "4", "UserID": "S-1-5-18", "EventData.DeviceName": "USBXHCI:ALL", "EventData.DeviceClass": "USBXHCI", "EventData.FlagSource": "1", "EventData.Flags": "1126037345796100"}
{"EventID": "4", "Channel": "Microsoft-Windows-Kernel-ShimEngine/Operational", "Provider_Name": "Microsoft-Windows-Kernel-ShimEngine", "Computer": "DESKTOP-OFJ6N53", "TimeCreated": "2022-05-05 09:59:47.971186+00:00", "RecordID": "45", "Level": "4", "UserID": "S-1-5-18", "EventData.DeviceName": "USBXHCI:ALL", "EventData.DeviceClass": "USBXHCI", "EventData.FlagSource": "1", "EventData.Flags": "1126037345796100"}
{"EventID": "3", "Channel": "Microsoft-Windows-Kernel-ShimEngine/Operational", "Provider_Name": "Microsoft-Windows-Kernel-ShimEngine", "Computer": "DESKTOP-OFJ6N53", "TimeCreated": "2022-05-10 23:32:53.614557+00:00", "RecordID": "46", "Level": "4", "UserID": "S-1-5-18", "EventData.DriverName": "storahci.sys", "EventData.ShimSource": "0", "EventData.ShimCount": "1", "EventData.AppliedGuids": "{434abafd-08fa-4c3d-a88d-d09a88e2ab17}"}
{"EventID": "4", "Channel": "Microsoft-Windows-Kernel-ShimEngine/Operational", "Provider_Name": "Microsoft-Windows-Kernel-ShimEngine", "Computer": "DESKTOP-OFJ6N53", "TimeCreated": "2022-05-10 23:32:55.514557+00:00", "RecordID": "47", "Level": "4", "UserID": "S-1-5-18", "EventData.DeviceName": "USBXHCI:ALL", "EventData.DeviceClass": "USBXHCI", "EventData.FlagSource": "1", "EventData.Flags": "1126037345796100"}
{"EventID": "4", "Channel": "Microsoft-Windows-Kernel-ShimEngine/Operational", "Provider_Name": "Microsoft-Windows-Kernel-ShimEngine", "Computer": "DESKTOP-OFJ6N53", "TimeCreated": "2022-05-10 23:32:55.565897+00:00", "RecordID": "48", "Level": "4", "UserID": "S-1-5-18", "EventData.DeviceName": "USBXHCI:ALL", "EventData.DeviceClass": "USBXHCI", "EventData.FlagSource": "1", "EventData.Flags": "1126037345796100"}
{"EventID": "3", "Channel": "Microsoft-Windows-Kernel-ShimEngine/Operational", "Provider_Name": "Microsoft-Windows-Kernel-ShimEngine", "Computer": "DESKTOP-OFJ6N53", "TimeCreated": "2022-06-06 07:33:48.447735+00:00", "RecordID": "49", "Level": "4", "UserID": "S-1-5-18", "EventData.DriverName": "storahci.sys", "EventData.ShimSource": "0", "EventData.ShimCount": "1", "EventData.AppliedGuids": "{434abafd-08fa-4c3d-a88d-d09a88e2ab17}"}
{"EventID": "4", "Channel": "Microsoft-Windows-Kernel-ShimEngine/Operational", "Provider_Name": "Microsoft-Windows-Kernel-ShimEngine", "Computer": "DESKTOP-OFJ6N53", "TimeCreated": "2022-06-06 07:33:53.506624+00:00", "RecordID": "50", "Level": "4", "UserID": "S-1-5-18", "EventData.DeviceName": "USBXHCI:ALL", "EventData.DeviceClass": "USBXHCI", "EventData.FlagSource": "1", "EventData.Flags": "1126037345796100"}
{"EventID": "4", "Channel": "Microsoft-Windows-Kernel-ShimEngine/Operational", "Provider_Name": "Microsoft-Windows-Kernel-ShimEngine", "Computer": "DESKTOP-OFJ6N53", "TimeCreated": "2022-06-06 07:33:53.617193+00:00", "RecordID": "51", "Level": "4", "UserID": "S-1-5-18", "EventData.DeviceName": "USBXHCI:ALL", "EventData.DeviceClass": "USBXHCI", "EventData.FlagSource": "1", "EventData.Flags": "1126037345796100"}
{"EventID": "3", "Channel": "Microsoft-Windows-Kernel-ShimEngine/Operational", "Provider_Name": "Microsoft-Windows-Kernel-ShimEngine", "Computer": "DESKTOP-OFJ6N53", "TimeCreated": "2022-06-06 07:37:10.286957+00:00", "RecordID": "52", "Level": "4", "UserID": "S-1-5-18", "EventData.DriverName": "storahci.sys", "EventData.ShimSource": "0", "EventData.ShimCount": "1", "EventData.AppliedGuids": "{434abafd-08fa-4c3d-a88d-d09a88e2ab17}"}
{"EventID": "4", "Channel": "Microsoft-Windows-Kernel-ShimEngine/Operational", "Provider_Name": "Microsoft-Windows-Kernel-ShimEngine", "Computer": "DESKTOP-OFJ6N53", "TimeCreated": "2022-06-06 07:37:12.178734+00:00", "RecordID": "53", "Level": "4", "UserID": "S-1-5-18", "EventData.DeviceName": "USBXHCI:ALL", "EventData.DeviceClass": "USBXHCI", "EventData.FlagSource": "1", "EventData.Flags": "1126037345796100"}
{"EventID": "4", "Channel": "Microsoft-Windows-Kernel-ShimEngine/Operational", "Provider_Name": "Microsoft-Windows-Kernel-ShimEngine", "Computer": "DESKTOP-OFJ6N53", "TimeCreated": "2022-06-06 07:37:12.220764+00:00", "RecordID": "54", "Level": "4", "UserID": "S-1-5-18", "EventData.DeviceName": "USBXHCI:ALL", "EventData.DeviceClass": "USBXHCI", "EventData.FlagSource": "1", "EventData.Flags": "1126037345796100"}
{"EventID": "3", "Channel": "Microsoft-Windows-Kernel-ShimEngine/Operational", "Provider_Name": "Microsoft-Windows-Kernel-ShimEngine", "Computer": "DESKTOP-OFJ6N53", "TimeCreated": "2022-06-14 18:01:21.881502+00:00", "RecordID": "55", "Level": "4", "UserID": "S-1-5-18", "EventData.DriverName": "storahci.sys", "EventData.ShimSource": "0", "EventData.ShimCount": "1", "EventData.AppliedGuids": "{434abafd-08fa-4c3d-a88d-d09a88e2ab17}"}
{"EventID": "4", "Channel": "Microsoft-Windows-Kernel-ShimEngine/Operational", "Provider_Name": "Microsoft-Windows-Kernel-ShimEngine", "Computer": "DESKTOP-OFJ6N53", "TimeCreated": "2022-06-14 18:01:23.857904+00:00", "RecordID": "56", "Level": "4", "UserID": "S-1-5-18", "EventData.DeviceName": "USBXHCI:ALL", "EventData.DeviceClass": "USBXHCI", "EventData.FlagSource": "1", "EventData.Flags": "1126037345796100"}
{"EventID": "4", "Channel": "Microsoft-Windows-Kernel-ShimEngine/Operational", "Provider_Name": "Microsoft-Windows-Kernel-ShimEngine", "Computer": "DESKTOP-OFJ6N53", "TimeCreated": "2022-06-14 18:01:23.922573+00:00", "RecordID": "57", "Level": "4", "UserID": "S-1-5-18", "EventData.DeviceName": "USBXHCI:ALL", "EventData.DeviceClass": "USBXHCI", "EventData.FlagSource": "1", "EventData.Flags": "1126037345796100"}
{"EventID": "3", "Channel": "Microsoft-Windows-Kernel-ShimEngine/Operational", "Provider_Name": "Microsoft-Windows-Kernel-ShimEngine", "Computer": "DESKTOP-OFJ6N53", "TimeCreated": "2022-07-13 14:42:14.605648+00:00", "RecordID": "58", "Level": "4", "UserID": "S-1-5-18", "EventData.DriverName": "storahci.sys", "EventData.ShimSource": "0", "EventData.ShimCount": "1", "EventData.AppliedGuids": "{434abafd-08fa-4c3d-a88d-d09a88e2ab17}"}
{"EventID": "4", "Channel": "Microsoft-Windows-Kernel-ShimEngine/Operational", "Provider_Name": "Microsoft-Windows-Kernel-ShimEngine", "Computer": "DESKTOP-OFJ6N53", "TimeCreated": "2022-07-13 14:42:16.489605+00:00", "RecordID": "59", "Level": "4", "UserID": "S-1-5-18", "EventData.DeviceName": "USBXHCI:ALL", "EventData.DeviceClass": "USBXHCI", "EventData.FlagSource": "1", "EventData.Flags": "1126037345796100"}
{"EventID": "4", "Channel": "Microsoft-Windows-Kernel-ShimEngine/Operational", "Provider_Name": "Microsoft-Windows-Kernel-ShimEngine", "Computer": "DESKTOP-OFJ6N53", "TimeCreated": "2022-07-13 14:42:16.535627+00:00", "RecordID": "60", "Level": "4", "UserID": "S-1-5-18", "EventData.DeviceName": "USBXHCI:ALL", "EventData.DeviceClass": "USBXHCI", "EventData.FlagSource": "1", "EventData.Flags": "1126037345796100"}
{"EventID": "3", "Channel": "Microsoft-Windows-Kernel-ShimEngine/Operational", "Provider_Name": "Microsoft-Windows-Kernel-ShimEngine", "Computer": "DESKTOP-OFJ6N53", "TimeCreated": "2022-08-04 17:04:24.247786+00:00", "RecordID": "61", "Level": "4", "UserID": "S-1-5-18", "EventData.DriverName": "storahci.sys", "EventData.ShimSource": "0", "EventData.ShimCount": "1", "EventData.AppliedGuids": "{434abafd-08fa-4c3d-a88d-d09a88e2ab17}"}
{"EventID": "4", "Channel": "Microsoft-Windows-Kernel-ShimEngine/Operational", "Provider_Name": "Microsoft-Windows-Kernel-ShimEngine", "Computer": "DESKTOP-OFJ6N53", "TimeCreated": "2022-08-04 17:04:29.388678+00:00", "RecordID": "62", "Level": "4", "UserID": "S-1-5-18", "EventData.DeviceName": "USBXHCI:ALL", "EventData.DeviceClass": "USBXHCI", "EventData.FlagSource": "1", "EventData.Flags": "1126037345796100"}
{"EventID": "4", "Channel": "Microsoft-Windows-Kernel-ShimEngine/Operational", "Provider_Name": "Microsoft-Windows-Kernel-ShimEngine", "Computer": "DESKTOP-OFJ6N53", "TimeCreated": "2022-08-04 17:04:29.453415+00:00", "RecordID": "63", "Level": "4", "UserID": "S-1-5-18", "EventData.DeviceName": "USBXHCI:ALL", "EventData.DeviceClass": "USBXHCI", "EventData.FlagSource": "1", "EventData.Flags": "1126037345796100"}
{"EventID": "3", "Channel": "Microsoft-Windows-Kernel-ShimEngine/Operational", "Provider_Name": "Microsoft-Windows-Kernel-ShimEngine", "Computer": "DESKTOP-OFJ6N53", "TimeCreated": "2022-08-09 19:08:33.488707+00:00", "RecordID": "64", "Level": "4", "UserID": "S-1-5-18", "EventData.DriverName": "storahci.sys", "EventData.ShimSource": "0", "EventData.ShimCount": "1", "EventData.AppliedGuids": "{434abafd-08fa-4c3d-a88d-d09a88e2ab17}"}
{"EventID": "4", "Channel": "Microsoft-Windows-Kernel-ShimEngine/Operational", "Provider_Name": "Microsoft-Windows-Kernel-ShimEngine", "Computer": "DESKTOP-OFJ6N53", "TimeCreated": "2022-08-09 19:08:35.462227+00:00", "RecordID": "65", "Level": "4", "UserID": "S-1-5-18", "EventData.DeviceName": "USBXHCI:ALL", "EventData.DeviceClass": "USBXHCI", "EventData.FlagSource": "1", "EventData.Flags": "1126037345796100"}
{"EventID": "4", "Channel": "Microsoft-Windows-Kernel-ShimEngine/Operational", "Provider_Name": "Microsoft-Windows-Kernel-ShimEngine", "Computer": "DESKTOP-OFJ6N53", "TimeCreated": "2022-08-09 19:08:35.513426+00:00", "RecordID": "66", "Level": "4", "UserID": "S-1-5-18", "EventData.DeviceName": "USBXHCI:ALL", "EventData.DeviceClass": "USBXHCI", "EventData.FlagSource": "1", "EventData.Flags": "1126037345796100"}
{"EventID": "3", "Channel": "Microsoft-Windows-Kernel-ShimEngine/Operational", "Provider_Name": "Microsoft-Windows-Kernel-ShimEngine", "Computer": "DESKTOP-OFJ6N53", "TimeCreated": "2022-09-06 09:01:35.167263+00:00", "RecordID": "67", "Level": "4", "UserID": "S-1-5-18", "EventData.DriverName": "storahci.sys", "EventData.ShimSource": "0", "EventData.ShimCount": "1", "EventData.AppliedGuids": "{434abafd-08fa-4c3d-a88d-d09a88e2ab17}"}
{"EventID": "4", "Channel": "Microsoft-Windows-Kernel-ShimEngine/Operational", "Provider_Name": "Microsoft-Windows-Kernel-ShimEngine", "Computer": "DESKTOP-OFJ6N53", "TimeCreated": "2022-09-06 09:01:37.333200+00:00", "RecordID": "68", "Level": "4", "UserID": "S-1-5-18", "EventData.DeviceName": "USBXHCI:ALL", "EventData.DeviceClass": "USBXHCI", "EventData.FlagSource": "1", "EventData.Flags": "1126037345796100"}
{"EventID": "4", "Channel": "Microsoft-Windows-Kernel-ShimEngine/Operational", "Provider_Name": "Microsoft-Windows-Kernel-ShimEngine", "Computer": "DESKTOP-OFJ6N53", "TimeCreated": "2022-09-06 09:01:37.386469+00:00", "RecordID": "69", "Level": "4", "UserID": "S-1-5-18", "EventData.DeviceName": "USBXHCI:ALL", "EventData.DeviceClass": "USBXHCI", "EventData.FlagSource": "1", "EventData.Flags": "1126037345796100"}
{"EventID": "3", "Channel": "Microsoft-Windows-Kernel-ShimEngine/Operational", "Provider_Name": "Microsoft-Windows-Kernel-ShimEngine", "Computer": "DESKTOP-OFJ6N53", "TimeCreated": "2022-09-06 13:01:01.668129+00:00", "RecordID": "70", "Level": "4", "UserID": "S-1-5-18", "EventData.DriverName": "storahci.sys", "EventData.ShimSource": "0", "EventData.ShimCount": "1", "EventData.AppliedGuids": "{434abafd-08fa-4c3d-a88d-d09a88e2ab17}"}
{"EventID": "4", "Channel": "Microsoft-Windows-Kernel-ShimEngine/Operational", "Provider_Name": "Microsoft-Windows-Kernel-ShimEngine", "Computer": "DESKTOP-OFJ6N53", "TimeCreated": "2022-09-06 13:01:10.691507+00:00", "RecordID": "71", "Level": "4", "UserID": "S-1-5-18", "EventData.DeviceName": "USBXHCI:ALL", "EventData.DeviceClass": "USBXHCI", "EventData.FlagSource": "1", "EventData.Flags": "1126037345796100"}
{"EventID": "4", "Channel": "Microsoft-Windows-Kernel-ShimEngine/Operational", "Provider_Name": "Microsoft-Windows-Kernel-ShimEngine", "Computer": "DESKTOP-OFJ6N53", "TimeCreated": "2022-09-06 13:01:11.562244+00:00", "RecordID": "72", "Level": "4", "UserID": "S-1-5-18", "EventData.DeviceName": "USBXHCI:ALL", "EventData.DeviceClass": "USBXHCI", "EventData.FlagSource": "1", "EventData.Flags": "1126037345796100"}
{"EventID": "3", "Channel": "Microsoft-Windows-Kernel-ShimEngine/Operational", "Provider_Name": "Microsoft-Windows-Kernel-ShimEngine", "Computer": "DESKTOP-OFJ6N53", "TimeCreated": "2022-09-13 14:05:23.075144+00:00", "RecordID": "73", "Level": "4", "UserID": "S-1-5-18", "EventData.DriverName": "storahci.sys", "EventData.ShimSource": "0", "EventData.ShimCount": "1", "EventData.AppliedGuids": "{434abafd-08fa-4c3d-a88d-d09a88e2ab17}"}
{"EventID": "4", "Channel": "Microsoft-Windows-Kernel-ShimEngine/Operational", "Provider_Name": "Microsoft-Windows-Kernel-ShimEngine", "Computer": "DESKTOP-OFJ6N53", "TimeCreated": "2022-09-13 14:05:25.053221+00:00", "RecordID": "74", "Level": "4", "UserID": "S-1-5-18", "EventData.DeviceName": "USBXHCI:ALL", "EventData.DeviceClass": "USBXHCI", "EventData.FlagSource": "1", "EventData.Flags": "1126037345796100"}
{"EventID": "4", "Channel": "Microsoft-Windows-Kernel-ShimEngine/Operational", "Provider_Name": "Microsoft-Windows-Kernel-ShimEngine", "Computer": "DESKTOP-OFJ6N53", "TimeCreated": "2022-09-13 14:05:25.103455+00:00", "RecordID": "75", "Level": "4", "UserID": "S-1-5-18", "EventData.DeviceName": "USBXHCI:ALL", "EventData.DeviceClass": "USBXHCI", "EventData.FlagSource": "1", "EventData.Flags": "1126037345796100"}
{"EventID": "3", "Channel": "Microsoft-Windows-Kernel-ShimEngine/Operational", "Provider_Name": "Microsoft-Windows-Kernel-ShimEngine", "Computer": "DESKTOP-OFJ6N53", "TimeCreated": "2022-09-14 17:17:02.310904+00:00", "RecordID": "76", "Level": "4", "UserID": "S-1-5-18", "EventData.DriverName": "storahci.sys", "EventData.ShimSource": "0", "EventData.ShimCount": "1", "EventData.AppliedGuids": "{434abafd-08fa-4c3d-a88d-d09a88e2ab17}"}
{"EventID": "4", "Channel": "Microsoft-Windows-Kernel-ShimEngine/Operational", "Provider_Name": "Microsoft-Windows-Kernel-ShimEngine", "Computer": "DESKTOP-OFJ6N53", "TimeCreated": "2022-09-14 17:17:05.157124+00:00", "RecordID": "77", "Level": "4", "UserID": "S-1-5-18", "EventData.DeviceName": "USBXHCI:ALL", "EventData.DeviceClass": "USBXHCI", "EventData.FlagSource": "1", "EventData.Flags": "1126037345796100"}
{"EventID": "4", "Channel": "Microsoft-Windows-Kernel-ShimEngine/Operational", "Provider_Name": "Microsoft-Windows-Kernel-ShimEngine", "Computer": "DESKTOP-OFJ6N53", "TimeCreated": "2022-09-14 17:17:05.259775+00:00", "RecordID": "78", "Level": "4", "UserID": "S-1-5-18", "EventData.DeviceName": "USBXHCI:ALL", "EventData.DeviceClass": "USBXHCI", "EventData.FlagSource": "1", "EventData.Flags": "1126037345796100"}
{"EventID": "3", "Channel": "Microsoft-Windows-Kernel-ShimEngine/Operational", "Provider_Name": "Microsoft-Windows-Kernel-ShimEngine", "Computer": "DESKTOP-OFJ6N53", "TimeCreated": "2022-09-22 12:40:18.221573+00:00", "RecordID": "79", "Level": "4", "UserID": "S-1-5-18", "EventData.DriverName": "storahci.sys", "EventData.ShimSource": "0", "EventData.ShimCount": "1", "EventData.AppliedGuids": "{434abafd-08fa-4c3d-a88d-d09a88e2ab17}"}
{"EventID": "4", "Channel": "Microsoft-Windows-Kernel-ShimEngine/Operational", "Provider_Name": "Microsoft-Windows-Kernel-ShimEngine", "Computer": "DESKTOP-OFJ6N53", "TimeCreated": "2022-09-22 12:40:20.659101+00:00", "RecordID": "80", "Level": "4", "UserID": "S-1-5-18", "EventData.DeviceName": "USBXHCI:ALL", "EventData.DeviceClass": "USBXHCI", "EventData.FlagSource": "1", "EventData.Flags": "1126037345796100"}
{"EventID": "4", "Channel": "Microsoft-Windows-Kernel-ShimEngine/Operational", "Provider_Name": "Microsoft-Windows-Kernel-ShimEngine", "Computer": "DESKTOP-OFJ6N53", "TimeCreated": "2022-09-22 12:40:20.705765+00:00", "RecordID": "81", "Level": "4", "UserID": "S-1-5-18", "EventData.DeviceName": "USBXHCI:ALL", "EventData.DeviceClass": "USBXHCI", "EventData.FlagSource": "1", "EventData.Flags": "1126037345796100"}
{"EventID": "3", "Channel": "Microsoft-Windows-Kernel-ShimEngine/Operational", "Provider_Name": "Microsoft-Windows-Kernel-ShimEngine", "Computer": "DESKTOP-OFJ6N53", "TimeCreated": "2022-09-29 11:32:20.700747+00:00", "RecordID": "82", "Level": "4", "UserID": "S-1-5-18", "EventData.DriverName": "storahci.sys", "EventData.ShimSource": "0", "EventData.ShimCount": "1", "EventData.AppliedGuids": "{434abafd-08fa-4c3d-a88d-d09a88e2ab17}"}
{"EventID": "4", "Channel": "Microsoft-Windows-Kernel-ShimEngine/Operational", "Provider_Name": "Microsoft-Windows-Kernel-ShimEngine", "Computer": "DESKTOP-OFJ6N53", "TimeCreated": "2022-09-29 11:32:23.012199+00:00", "RecordID": "83", "Level": "4", "UserID": "S-1-5-18", "EventData.DeviceName": "USBXHCI:ALL", "EventData.DeviceClass": "USBXHCI", "EventData.FlagSource": "1", "EventData.Flags": "1126037345796100"}
{"EventID": "4", "Channel": "Microsoft-Windows-Kernel-ShimEngine/Operational", "Provider_Name": "Microsoft-Windows-Kernel-ShimEngine", "Computer": "DESKTOP-OFJ6N53", "TimeCreated": "2022-09-29 11:32:23.053440+00:00", "RecordID": "84", "Level": "4", "UserID": "S-1-5-18", "EventData.DeviceName": "USBXHCI:ALL", "EventData.DeviceClass": "USBXHCI", "EventData.FlagSource": "1", "EventData.Flags": "1126037345796100"}
{"EventID": "3", "Channel": "Microsoft-Windows-Kernel-ShimEngine/Operational", "Provider_Name": "Microsoft-Windows-Kernel-ShimEngine", "Computer": "DESKTOP-OFJ6N53", "TimeCreated": "2022-10-04 08:34:40.235735+00:00", "RecordID": "85", "Level": "4", "UserID": "S-1-5-18", "EventData.DriverName": "storahci.sys", "EventData.ShimSource": "0", "EventData.ShimCount": "1", "EventData.AppliedGuids": "{434abafd-08fa-4c3d-a88d-d09a88e2ab17}"}
{"EventID": "4", "Channel": "Microsoft-Windows-Kernel-ShimEngine/Operational", "Provider_Name": "Microsoft-Windows-Kernel-ShimEngine", "Computer": "DESKTOP-OFJ6N53", "TimeCreated": "2022-10-04 08:34:42.301966+00:00", "RecordID": "86", "Level": "4", "UserID": "S-1-5-18", "EventData.DeviceName": "USBXHCI:ALL", "EventData.DeviceClass": "USBXHCI", "EventData.FlagSource": "1", "EventData.Flags": "1126037345796100"}
{"EventID": "4", "Channel": "Microsoft-Windows-Kernel-ShimEngine/Operational", "Provider_Name": "Microsoft-Windows-Kernel-ShimEngine", "Computer": "DESKTOP-OFJ6N53", "TimeCreated": "2022-10-04 08:34:42.360849+00:00", "RecordID": "87", "Level": "4", "UserID": "S-1-5-18", "EventData.DeviceName": "USBXHCI:ALL", "EventData.DeviceClass": "USBXHCI", "EventData.FlagSource": "1", "EventData.Flags": "1126037345796100"}
{"EventID": "3", "Channel": "Microsoft-Windows-Kernel-ShimEngine/Operational", "Provider_Name": "Microsoft-Windows-Kernel-ShimEngine", "Computer": "DESKTOP-OFJ6N53", "TimeCreated": "2022-10-05 14:36:55.741352+00:00", "RecordID": "88", "Level": "4", "UserID": "S-1-5-18", "EventData.DriverName": "storahci.sys", "EventData.ShimSource": "0", "EventData.ShimCount": "1", "EventData.AppliedGuids": "{434abafd-08fa-4c3d-a88d-d09a88e2ab17}"}
{"EventID": "4", "Channel": "Microsoft-Windows-Kernel-ShimEngine/Operational", "Provider_Name": "Microsoft-Windows-Kernel-ShimEngine", "Computer": "DESKTOP-OFJ6N53", "TimeCreated": "2022-10-05 14:36:57.920301+00:00", "RecordID": "89", "Level": "4", "UserID": "S-1-5-18", "EventData.DeviceName": "USBXHCI:ALL", "EventData.DeviceClass": "USBXHCI", "EventData.FlagSource": "1", "EventData.Flags": "1126037345796100"}
{"EventID": "4", "Channel": "Microsoft-Windows-Kernel-ShimEngine/Operational", "Provider_Name": "Microsoft-Windows-Kernel-ShimEngine", "Computer": "DESKTOP-OFJ6N53", "TimeCreated": "2022-10-05 14:36:57.967939+00:00", "RecordID": "90", "Level": "4", "UserID": "S-1-5-18", "EventData.DeviceName": "USBXHCI:ALL", "EventData.DeviceClass": "USBXHCI", "EventData.FlagSource": "1", "EventData.Flags": "1126037345796100"}
{"EventID": "3", "Channel": "Microsoft-Windows-Kernel-ShimEngine/Operational", "Provider_Name": "Microsoft-Windows-Kernel-ShimEngine", "Computer": "DESKTOP-OFJ6N53", "TimeCreated": "2022-10-06 08:20:51.940283+00:00", "RecordID": "91", "Level": "4", "UserID": "S-1-5-18", "EventData.DriverName": "storahci.sys", "EventData.ShimSource": "0", "EventData.ShimCount": "1", "EventData.AppliedGuids": "{434abafd-08fa-4c3d-a88d-d09a88e2ab17}"}
{"EventID": "4", "Channel": "Microsoft-Windows-Kernel-ShimEngine/Operational", "Provider_Name": "Microsoft-Windows-Kernel-ShimEngine", "Computer": "DESKTOP-OFJ6N53", "TimeCreated": "2022-10-06 08:20:54.464220+00:00", "RecordID": "92", "Level": "4", "UserID": "S-1-5-18", "EventData.DeviceName": "USBXHCI:ALL", "EventData.DeviceClass": "USBXHCI", "EventData.FlagSource": "1", "EventData.Flags": "1126037345796100"}
{"EventID": "4", "Channel": "Microsoft-Windows-Kernel-ShimEngine/Operational", "Provider_Name": "Microsoft-Windows-Kernel-ShimEngine", "Computer": "DESKTOP-OFJ6N53", "TimeCreated": "2022-10-06 08:20:54.510803+00:00", "RecordID": "93", "Level": "4", "UserID": "S-1-5-18", "EventData.DeviceName": "USBXHCI:ALL", "EventData.DeviceClass": "USBXHCI", "EventData.FlagSource": "1", "EventData.Flags": "1126037345796100"}
{"EventID": "3", "Channel": "Microsoft-Windows-Kernel-ShimEngine/Operational", "Provider_Name": "Microsoft-Windows-Kernel-ShimEngine", "Computer": "DESKTOP-OFJ6N53", "TimeCreated": "2022-10-06 09:15:53.421894+00:00", "RecordID": "94", "Level": "4", "UserID": "S-1-5-18", "EventData.DriverName": "storahci.sys", "EventData.ShimSource": "0", "EventData.ShimCount": "1", "EventData.AppliedGuids": "{434abafd-08fa-4c3d-a88d-d09a88e2ab17}"}
{"EventID": "4", "Channel": "Microsoft-Windows-Kernel-ShimEngine/Operational", "Provider_Name": "Microsoft-Windows-Kernel-ShimEngine", "Computer": "DESKTOP-OFJ6N53", "TimeCreated": "2022-10-06 09:15:55.318745+00:00", "RecordID": "95", "Level": "4", "UserID": "S-1-5-18", "EventData.DeviceName": "USBXHCI:ALL", "EventData.DeviceClass": "USBXHCI", "EventData.FlagSource": "1", "EventData.Flags": "1126037345796100"}
{"EventID": "4", "Channel": "Microsoft-Windows-Kernel-ShimEngine/Operational", "Provider_Name": "Microsoft-Windows-Kernel-ShimEngine", "Computer": "DESKTOP-OFJ6N53", "TimeCreated": "2022-10-06 09:15:55.371258+00:00", "RecordID": "96", "Level": "4", "UserID": "S-1-5-18", "EventData.DeviceName": "USBXHCI:ALL", "EventData.DeviceClass": "USBXHCI", "EventData.FlagSource": "1", "EventData.Flags": "1126037345796100"}
{"EventID": "3", "Channel": "Microsoft-Windows-Kernel-ShimEngine/Operational", "Provider_Name": "Microsoft-Windows-Kernel-ShimEngine", "Computer": "DESKTOP-OFJ6N53", "TimeCreated": "2022-10-11 22:42:52.947716+00:00", "RecordID": "97", "Level": "4", "UserID": "S-1-5-18", "EventData.DriverName": "storahci.sys", "EventData.ShimSource": "0", "EventData.ShimCount": "1", "EventData.AppliedGuids": "{434abafd-08fa-4c3d-a88d-d09a88e2ab17}"}
{"EventID": "4", "Channel": "Microsoft-Windows-Kernel-ShimEngine/Operational", "Provider_Name": "Microsoft-Windows-Kernel-ShimEngine", "Computer": "DESKTOP-OFJ6N53", "TimeCreated": "2022-10-11 22:42:55.135489+00:00", "RecordID": "98", "Level": "4", "UserID": "S-1-5-18", "EventData.DeviceName": "USBXHCI:ALL", "EventData.DeviceClass": "USBXHCI", "EventData.FlagSource": "1", "EventData.Flags": "1126037345796100"}
{"EventID": "4", "Channel": "Microsoft-Windows-Kernel-ShimEngine/Operational", "Provider_Name": "Microsoft-Windows-Kernel-ShimEngine", "Computer": "DESKTOP-OFJ6N53", "TimeCreated": "2022-10-11 22:42:55.176756+00:00", "RecordID": "99", "Level": "4", "UserID": "S-1-5-18", "EventData.DeviceName": "USBXHCI:ALL", "EventData.DeviceClass": "USBXHCI", "EventData.FlagSource": "1", "EventData.Flags": "1126037345796100"}
{"EventID": "3", "Channel": "Microsoft-Windows-Kernel-ShimEngine/Operational", "Provider_Name": "Microsoft-Windows-Kernel-ShimEngine", "Computer": "DESKTOP-OFJ6N53", "TimeCreated": "2022-10-17 12:09:16.886827+00:00", "RecordID": "100", "Level": "4", "UserID": "S-1-5-18", "EventData.DriverName": "storahci.sys", "EventData.ShimSource": "0", "EventData.ShimCount": "1", "EventData.AppliedGuids": "{434abafd-08fa-4c3d-a88d-d09a88e2ab17}"}
{"EventID": "4", "Channel": "Microsoft-Windows-Kernel-ShimEngine/Operational", "Provider_Name": "Microsoft-Windows-Kernel-ShimEngine", "Computer": "DESKTOP-OFJ6N53", "TimeCreated": "2022-10-17 12:09:19.513506+00:00", "RecordID": "101", "Level": "4", "UserID": "S-1-5-18", "EventData.DeviceName": "USBXHCI:ALL", "EventData.DeviceClass": "USBXHCI", "EventData.FlagSource": "1", "EventData.Flags": "1126037345796100"}
{"EventID": "4", "Channel": "Microsoft-Windows-Kernel-ShimEngine/Operational", "Provider_Name": "Microsoft-Windows-Kernel-ShimEngine", "Computer": "DESKTOP-OFJ6N53", "TimeCreated": "2022-10-17 12:09:19.694096+00:00", "RecordID": "102", "Level": "4", "UserID": "S-1-5-18", "EventData.DeviceName": "USBXHCI:ALL", "EventData.DeviceClass": "USBXHCI", "EventData.FlagSource": "1", "EventData.Flags": "1126037345796100"}
{"EventID": "3", "Channel": "Microsoft-Windows-Kernel-ShimEngine/Operational", "Provider_Name": "Microsoft-Windows-Kernel-ShimEngine", "Computer": "DESKTOP-OFJ6N53", "TimeCreated": "2022-10-19 13:47:54.962410+00:00", "RecordID": "103", "Level": "4", "UserID": "S-1-5-18", "EventData.DriverName": "storahci.sys", "EventData.ShimSource": "0", "EventData.ShimCount": "1", "EventData.AppliedGuids": "{434abafd-08fa-4c3d-a88d-d09a88e2ab17}"}
{"EventID": "4", "Channel": "Microsoft-Windows-Kernel-ShimEngine/Operational", "Provider_Name": "Microsoft-Windows-Kernel-ShimEngine", "Computer": "DESKTOP-OFJ6N53", "TimeCreated": "2022-10-19 13:47:57.070137+00:00", "RecordID": "104", "Level": "4", "UserID": "S-1-5-18", "EventData.DeviceName": "USBXHCI:ALL", "EventData.DeviceClass": "USBXHCI", "EventData.FlagSource": "1", "EventData.Flags": "1126037345796100"}
{"EventID": "4", "Channel": "Microsoft-Windows-Kernel-ShimEngine/Operational", "Provider_Name": "Microsoft-Windows-Kernel-ShimEngine", "Computer": "DESKTOP-OFJ6N53", "TimeCreated": "2022-10-19 13:47:57.119335+00:00", "RecordID": "105", "Level": "4", "UserID": "S-1-5-18", "EventData.DeviceName": "USBXHCI:ALL", "EventData.DeviceClass": "USBXHCI", "EventData.FlagSource": "1", "EventData.Flags": "1126037345796100"}
{"EventID": "3", "Channel": "Microsoft-Windows-Kernel-ShimEngine/Operational", "Provider_Name": "Microsoft-Windows-Kernel-ShimEngine", "Computer": "DESKTOP-OFJ6N53", "TimeCreated": "2022-10-27 11:48:00.542915+00:00", "RecordID": "106", "Level": "4", "UserID": "S-1-5-18", "EventData.DriverName": "storahci.sys", "EventData.ShimSource": "0", "EventData.ShimCount": "1", "EventData.AppliedGuids": "{434abafd-08fa-4c3d-a88d-d09a88e2ab17}"}
{"EventID": "4", "Channel": "Microsoft-Windows-Kernel-ShimEngine/Operational", "Provider_Name": "Microsoft-Windows-Kernel-ShimEngine", "Computer": "DESKTOP-OFJ6N53", "TimeCreated": "2022-10-27 11:48:04.261726+00:00", "RecordID": "107", "Level": "4", "UserID": "S-1-5-18", "EventData.DeviceName": "USBXHCI:ALL", "EventData.DeviceClass": "USBXHCI", "EventData.FlagSource": "1", "EventData.Flags": "1126037345796100"}
{"EventID": "4", "Channel": "Microsoft-Windows-Kernel-ShimEngine/Operational", "Provider_Name": "Microsoft-Windows-Kernel-ShimEngine", "Computer": "DESKTOP-OFJ6N53", "TimeCreated": "2022-10-27 11:48:04.310970+00:00", "RecordID": "108", "Level": "4", "UserID": "S-1-5-18", "EventData.DeviceName": "USBXHCI:ALL", "EventData.DeviceClass": "USBXHCI", "EventData.FlagSource": "1", "EventData.Flags": "1126037345796100"}
{"EventID": "3", "Channel": "Microsoft-Windows-Kernel-ShimEngine/Operational", "Provider_Name": "Microsoft-Windows-Kernel-ShimEngine", "Computer": "DESKTOP-OFJ6N53", "TimeCreated": "2022-11-09 14:40:53.490551+00:00", "RecordID": "109", "Level": "4", "UserID": "S-1-5-18", "EventData.DriverName": "storahci.sys", "EventData.ShimSource": "0", "EventData.ShimCount": "1", "EventData.AppliedGuids": "{434abafd-08fa-4c3d-a88d-d09a88e2ab17}"}
{"EventID": "4", "Channel": "Microsoft-Windows-Kernel-ShimEngine/Operational", "Provider_Name": "Microsoft-Windows-Kernel-ShimEngine", "Computer": "DESKTOP-OFJ6N53", "TimeCreated": "2022-11-09 14:40:55.730711+00:00", "RecordID": "110", "Level": "4", "UserID": "S-1-5-18", "EventData.DeviceName": "USBXHCI:ALL", "EventData.DeviceClass": "USBXHCI", "EventData.FlagSource": "1", "EventData.Flags": "1126037345796100"}
{"EventID": "4", "Channel": "Microsoft-Windows-Kernel-ShimEngine/Operational", "Provider_Name": "Microsoft-Windows-Kernel-ShimEngine", "Computer": "DESKTOP-OFJ6N53", "TimeCreated": "2022-11-09 14:40:55.848967+00:00", "RecordID": "111", "Level": "4", "UserID": "S-1-5-18", "EventData.DeviceName": "USBXHCI:ALL", "EventData.DeviceClass": "USBXHCI", "EventData.FlagSource": "1", "EventData.Flags": "1126037345796100"}
{"EventID": "3", "Channel": "Microsoft-Windows-Kernel-ShimEngine/Operational", "Provider_Name": "Microsoft-Windows-Kernel-ShimEngine", "Computer": "DESKTOP-OFJ6N53", "TimeCreated": "2022-11-10 09:28:24.881250+00:00", "RecordID": "112", "Level": "4", "UserID": "S-1-5-18", "EventData.DriverName": "storahci.sys", "EventData.ShimSource": "0", "EventData.ShimCount": "1", "EventData.AppliedGuids": "{434abafd-08fa-4c3d-a88d-d09a88e2ab17}"}
{"EventID": "4", "Channel": "Microsoft-Windows-Kernel-ShimEngine/Operational", "Provider_Name": "Microsoft-Windows-Kernel-ShimEngine", "Computer": "DESKTOP-OFJ6N53", "TimeCreated": "2022-11-10 09:28:27.351770+00:00", "RecordID": "113", "Level": "4", "UserID": "S-1-5-18", "EventData.DeviceName": "USBXHCI:ALL", "EventData.DeviceClass": "USBXHCI", "EventData.FlagSource": "1", "EventData.Flags": "1126037345796100"}
{"EventID": "4", "Channel": "Microsoft-Windows-Kernel-ShimEngine/Operational", "Provider_Name": "Microsoft-Windows-Kernel-ShimEngine", "Computer": "DESKTOP-OFJ6N53", "TimeCreated": "2022-11-10 09:28:27.392527+00:00", "RecordID": "114", "Level": "4", "UserID": "S-1-5-18", "EventData.DeviceName": "USBXHCI:ALL", "EventData.DeviceClass": "USBXHCI", "EventData.FlagSource": "1", "EventData.Flags": "1126037345796100"}
{"EventID": "3", "Channel": "Microsoft-Windows-Kernel-ShimEngine/Operational", "Provider_Name": "Microsoft-Windows-Kernel-ShimEngine", "Computer": "DESKTOP-OFJ6N53", "TimeCreated": "2022-11-17 17:39:16.470272+00:00", "RecordID": "115", "Level": "4", "UserID": "S-1-5-18", "EventData.DriverName": "storahci.sys", "EventData.ShimSource": "0", "EventData.ShimCount": "1", "EventData.AppliedGuids": "{434abafd-08fa-4c3d-a88d-d09a88e2ab17}"}
{"EventID": "4", "Channel": "Microsoft-Windows-Kernel-ShimEngine/Operational", "Provider_Name": "Microsoft-Windows-Kernel-ShimEngine", "Computer": "DESKTOP-OFJ6N53", "TimeCreated": "2022-11-17 17:39:18.349228+00:00", "RecordID": "116", "Level": "4", "UserID": "S-1-5-18", "EventData.DeviceName": "USBXHCI:ALL", "EventData.DeviceClass": "USBXHCI", "EventData.FlagSource": "1", "EventData.Flags": "1126037345796100"}
{"EventID": "4", "Channel": "Microsoft-Windows-Kernel-ShimEngine/Operational", "Provider_Name": "Microsoft-Windows-Kernel-ShimEngine", "Computer": "DESKTOP-OFJ6N53", "TimeCreated": "2022-11-17 17:39:18.390717+00:00", "RecordID": "117", "Level": "4", "UserID": "S-1-5-18", "EventData.DeviceName": "USBXHCI:ALL", "EventData.DeviceClass": "USBXHCI", "EventData.FlagSource": "1", "EventData.Flags": "1126037345796100"}
{"EventID": "3", "Channel": "Microsoft-Windows-Kernel-ShimEngine/Operational", "Provider_Name": "Microsoft-Windows-Kernel-ShimEngine", "Computer": "DESKTOP-OFJ6N53", "TimeCreated": "2022-11-18 00:56:22.538513+00:00", "RecordID": "118", "Level": "4", "UserID": "S-1-5-18", "EventData.DriverName": "storahci.sys", "EventData.ShimSource": "0", "EventData.ShimCount": "1", "EventData.AppliedGuids": "{434abafd-08fa-4c3d-a88d-d09a88e2ab17}"}
