{"EventID": "42", "Channel": "Microsoft-Windows-AppModel-Runtime/Admin", "Provider_Name": "Microsoft-Windows-AppModel-Runtime", "Computer": "DESKTOP-OFJ6N53", "TimeCreated": "2025-07-08 01:54:59.363260+00:00", "RecordID": "12625", "Level": "4", "UserID": "S-1-5-21-963789628-1060504924-4285088085-1001", "EventData.AppContainerName": "Microsoft.MicrosoftOfficeHub_8wekyb3d8bbwe"}
{"EventID": "70", "Channel": "Microsoft-Windows-AppModel-Runtime/Admin", "Provider_Name": "Microsoft-Windows-AppModel-Runtime", "Computer": "DESKTOP-OFJ6N53", "TimeCreated": "2025-07-08 01:55:00.640829+00:00", "RecordID": "12626", "Level": "4", "UserID": "S-1-5-18", "EventData.PackageFullName": "Microsoft.MicrosoftOfficeHub_19.2507.32091.0_x64__8wekyb3d8bbwe", "EventData.User": "S-1-5-21-963789628-1060504924-4285088085-1001", "EventData.DesiredStatus": "0", "EventData.CurrentStatus": "32"}
{"EventID": "70", "Channel": "Microsoft-Windows-AppModel-Runtime/Admin", "Provider_Name": "Microsoft-Windows-AppModel-Runtime", "Computer": "DESKTOP-OFJ6N53", "TimeCreated": "2025-07-08 01:55:03.310942+00:00", "RecordID": "12627", "Level": "4", "UserID": "S-1-5-18", "EventData.PackageFullName": "Microsoft.WindowsMaps_11.2503.1.0_x64__8wekyb3d8bbwe", "EventData.User": "S-1-5-21-963789628-1060504924-4285088085-1001", "EventData.DesiredStatus": "32", "EventData.CurrentStatus": "0"}
{"EventID": "69", "Channel": "Microsoft-Windows-AppModel-Runtime/Admin", "Provider_Name": "Microsoft-Windows-AppModel-Runtime", "Computer": "DESKTOP-OFJ6N53", "TimeCreated": "2025-07-08 01:55:03.311205+00:00", "RecordID": "12628", "Level": "4", "UserID": "S-1-5-18", "EventData.ErrorCode": "1168", "EventData.PackageFullName": "Microsoft.WindowsMaps_11.2506.3.0_x64__8wekyb3d8bbwe", "EventData.User": "S-1-5-21-963789628-1060504924-4285088085-1001", "EventData.DesiredStatus": "32", "EventData.CurrentStatus": "0"}
{"EventID": "42", "Channel": "Microsoft-Windows-AppModel-Runtime/Admin", "Provider_Name": "Microsoft-Windows-AppModel-Runtime", "Computer": "DESKTOP-OFJ6N53", "TimeCreated": "2025-07-08 01:55:03.517387+00:00", "RecordID": "12629", "Level": "4", "UserID": "S-1-5-21-963789628-1060504924-4285088085-1001", "EventData.AppContainerName": "Microsoft.WindowsMaps_8wekyb3d8bbwe"}
{"EventID": "70", "Channel": "Microsoft-Windows-AppModel-Runtime/Admin", "Provider_Name": "Microsoft-Windows-AppModel-Runtime", "Computer": "DESKTOP-OFJ6N53", "TimeCreated": "2025-07-08 01:55:04.801941+00:00", "RecordID": "12630", "Level": "4", "UserID": "S-1-5-18", "EventData.PackageFullName": "Microsoft.WindowsMaps_11.2506.3.0_x64__8wekyb3d8bbwe", "EventData.User": "S-1-5-21-963789628-1060504924-4285088085-1001", "EventData.DesiredStatus": "0", "EventData.CurrentStatus": "32"}
{"EventID": "217", "Channel": "Microsoft-Windows-AppModel-Runtime/Admin", "Provider_Name": "Microsoft-Windows-AppModel-Runtime", "Computer": "DESKTOP-OFJ6N53", "TimeCreated": "2025-07-08 09:02:53.429220+00:00", "RecordID": "12631", "Level": "4", "UserID": "S-1-5-18", "EventData.PackageName": "Microsoft.YourPhone_1.25052.76.0_x64__8wekyb3d8bbwe", "EventData.ContainerId": "c549f8f2-5b30-11f0-a761-005056b235ad"}
{"EventID": "210", "Channel": "Microsoft-Windows-AppModel-Runtime/Admin", "Provider_Name": "Microsoft-Windows-AppModel-Runtime", "Computer": "DESKTOP-OFJ6N53", "TimeCreated": "2025-07-08 13:10:53.979090+00:00", "RecordID": "12632", "Level": "4", "UserID": "S-1-5-18", "EventData.PackageName": "Microsoft.YourPhone_1.25052.76.0_x64__8wekyb3d8bbwe", "EventData.ContainerName": "Microsoft.YourPhone_1.25052.76.0_x64__8wekyb3d8bbwe-S-1-5-21-963789628-1060504924-4285088085-1001", "EventData.ContainerId": "c549fc4e-5b30-11f0-a761-005056b235ad"}
{"EventID": "211", "Channel": "Microsoft-Windows-AppModel-Runtime/Admin", "Provider_Name": "Microsoft-Windows-AppModel-Runtime", "Computer": "DESKTOP-OFJ6N53", "TimeCreated": "2025-07-08 13:10:53.979137+00:00", "RecordID": "12633", "Level": "4", "UserID": "S-1-5-18", "EventData.ProcessID": "11520", "EventData.PackageName": "Microsoft.YourPhone_1.25052.76.0_x64__8wekyb3d8bbwe", "EventData.ContainerId": "c549fc4e-5b30-11f0-a761-005056b235ad"}
{"EventID": "201", "Channel": "Microsoft-Windows-AppModel-Runtime/Admin", "Provider_Name": "Microsoft-Windows-AppModel-Runtime", "Computer": "DESKTOP-OFJ6N53", "TimeCreated": "2025-07-08 19:26:06.741674+00:00", "RecordID": "12634", "Level": "4", "UserID": "S-1-5-18", "EventData.ProcessID": "12444", "EventData.PackageName": "Microsoft.MicrosoftEdge.Stable_138.0.3351.65_neutral__8wekyb3d8bbwe", "EventData.ImageName": "identity_helper.exe", "EventData.ApplicationName": "Microsoft.MicrosoftEdge.Stable_8wekyb3d8bbwe!App", "EventData.Message": "[FinishPackageActivation]"}
{"EventID": "217", "Channel": "Microsoft-Windows-AppModel-Runtime/Admin", "Provider_Name": "Microsoft-Windows-AppModel-Runtime", "Computer": "DESKTOP-OFJ6N53", "TimeCreated": "2025-07-08 21:12:50.763416+00:00", "RecordID": "12635", "Level": "4", "UserID": "S-1-5-18", "EventData.PackageName": "Microsoft.YourPhone_1.25052.76.0_x64__8wekyb3d8bbwe", "EventData.ContainerId": "c549fc4e-5b30-11f0-a761-005056b235ad"}
{"EventID": "210", "Channel": "Microsoft-Windows-AppModel-Runtime/Admin", "Provider_Name": "Microsoft-Windows-AppModel-Runtime", "Computer": "DESKTOP-OFJ6N53", "TimeCreated": "2025-07-09 01:11:23.234947+00:00", "RecordID": "12636", "Level": "4", "UserID": "S-1-5-18", "EventData.PackageName": "Microsoft.YourPhone_1.25052.76.0_x64__8wekyb3d8bbwe", "EventData.ContainerName": "Microsoft.YourPhone_1.25052.76.0_x64__8wekyb3d8bbwe-S-1-5-21-963789628-1060504924-4285088085-1001", "EventData.ContainerId": "c54a0038-5b30-11f0-a761-005056b235ad"}
{"EventID": "211", "Channel": "Microsoft-Windows-AppModel-Runtime/Admin", "Provider_Name": "Microsoft-Windows-AppModel-Runtime", "Computer": "DESKTOP-OFJ6N53", "TimeCreated": "2025-07-09 01:11:23.234993+00:00", "RecordID": "12637", "Level": "4", "UserID": "S-1-5-18", "EventData.ProcessID": "11524", "EventData.PackageName": "Microsoft.YourPhone_1.25052.76.0_x64__8wekyb3d8bbwe", "EventData.ContainerId": "c54a0038-5b30-11f0-a761-005056b235ad"}
{"EventID": "69", "Channel": "Microsoft-Windows-AppModel-Runtime/Admin", "Provider_Name": "Microsoft-Windows-AppModel-Runtime", "Computer": "DESKTOP-OFJ6N53", "TimeCreated": "2025-07-09 08:50:27.346527+00:00", "RecordID": "12638", "Level": "4", "UserID": "S-1-5-18", "EventData.ErrorCode": "1168", "EventData.PackageFullName": "Microsoft.YourPhone_1.25061.44.0_x64__8wekyb3d8bbwe", "EventData.User": "S-1-5-21-963789628-1060504924-4285088085-1001", "EventData.DesiredStatus": "32", "EventData.CurrentStatus": "0"}
{"EventID": "70", "Channel": "Microsoft-Windows-AppModel-Runtime/Admin", "Provider_Name": "Microsoft-Windows-AppModel-Runtime", "Computer": "DESKTOP-OFJ6N53", "TimeCreated": "2025-07-09 08:50:27.363956+00:00", "RecordID": "12639", "Level": "4", "UserID": "S-1-5-18", "EventData.PackageFullName": "Microsoft.YourPhone_1.25052.76.0_x64__8wekyb3d8bbwe", "EventData.User": "S-1-5-21-963789628-1060504924-4285088085-1001", "EventData.DesiredStatus": "1024", "EventData.CurrentStatus": "0"}
{"EventID": "217", "Channel": "Microsoft-Windows-AppModel-Runtime/Admin", "Provider_Name": "Microsoft-Windows-AppModel-Runtime", "Computer": "DESKTOP-OFJ6N53", "TimeCreated": "2025-07-09 09:13:12.406101+00:00", "RecordID": "12640", "Level": "4", "UserID": "S-1-5-18", "EventData.PackageName": "Microsoft.YourPhone_1.25052.76.0_x64__8wekyb3d8bbwe", "EventData.ContainerId": "c54a0038-5b30-11f0-a761-005056b235ad"}
{"EventID": "70", "Channel": "Microsoft-Windows-AppModel-Runtime/Admin", "Provider_Name": "Microsoft-Windows-AppModel-Runtime", "Computer": "DESKTOP-OFJ6N53", "TimeCreated": "2025-07-09 09:13:12.518431+00:00", "RecordID": "12641", "Level": "4", "UserID": "S-1-5-18", "EventData.PackageFullName": "Microsoft.YourPhone_1.25052.76.0_x64__8wekyb3d8bbwe", "EventData.User": "S-1-5-21-963789628-1060504924-4285088085-1001", "EventData.DesiredStatus": "2048", "EventData.CurrentStatus": "1024"}
{"EventID": "70", "Channel": "Microsoft-Windows-AppModel-Runtime/Admin", "Provider_Name": "Microsoft-Windows-AppModel-Runtime", "Computer": "DESKTOP-OFJ6N53", "TimeCreated": "2025-07-09 13:11:30.172682+00:00", "RecordID": "12642", "Level": "4", "UserID": "S-1-5-18", "EventData.PackageFullName": "Microsoft.YourPhone_1.25052.76.0_x64__8wekyb3d8bbwe", "EventData.User": "S-1-5-21-963789628-1060504924-4285088085-1001", "EventData.DesiredStatus": "2080", "EventData.CurrentStatus": "2048"}
{"EventID": "69", "Channel": "Microsoft-Windows-AppModel-Runtime/Admin", "Provider_Name": "Microsoft-Windows-AppModel-Runtime", "Computer": "DESKTOP-OFJ6N53", "TimeCreated": "2025-07-09 13:11:30.172960+00:00", "RecordID": "12643", "Level": "4", "UserID": "S-1-5-18", "EventData.ErrorCode": "1168", "EventData.PackageFullName": "Microsoft.YourPhone_1.25061.44.0_x64__8wekyb3d8bbwe", "EventData.User": "S-1-5-21-963789628-1060504924-4285088085-1001", "EventData.DesiredStatus": "32", "EventData.CurrentStatus": "0"}
{"EventID": "42", "Channel": "Microsoft-Windows-AppModel-Runtime/Admin", "Provider_Name": "Microsoft-Windows-AppModel-Runtime", "Computer": "DESKTOP-OFJ6N53", "TimeCreated": "2025-07-09 13:11:30.730665+00:00", "RecordID": "12644", "Level": "4", "UserID": "S-1-5-21-963789628-1060504924-4285088085-1001", "EventData.AppContainerName": "Microsoft.YourPhone_8wekyb3d8bbwe"}
{"EventID": "70", "Channel": "Microsoft-Windows-AppModel-Runtime/Admin", "Provider_Name": "Microsoft-Windows-AppModel-Runtime", "Computer": "DESKTOP-OFJ6N53", "TimeCreated": "2025-07-09 13:11:32.888483+00:00", "RecordID": "12645", "Level": "4", "UserID": "S-1-5-18", "EventData.PackageFullName": "Microsoft.YourPhone_1.25061.44.0_x64__8wekyb3d8bbwe", "EventData.User": "S-1-5-21-963789628-1060504924-4285088085-1001", "EventData.DesiredStatus": "0", "EventData.CurrentStatus": "32"}
{"EventID": "210", "Channel": "Microsoft-Windows-AppModel-Runtime/Admin", "Provider_Name": "Microsoft-Windows-AppModel-Runtime", "Computer": "DESKTOP-OFJ6N53", "TimeCreated": "2025-07-09 13:11:35.459400+00:00", "RecordID": "12646", "Level": "4", "UserID": "S-1-5-18", "EventData.PackageName": "Microsoft.YourPhone_1.25061.44.0_x64__8wekyb3d8bbwe", "EventData.ContainerName": "Microsoft.YourPhone_1.25061.44.0_x64__8wekyb3d8bbwe-S-1-5-21-963789628-1060504924-4285088085-1001", "EventData.ContainerId": "c54a04be-5b30-11f0-a761-005056b235ad"}
{"EventID": "211", "Channel": "Microsoft-Windows-AppModel-Runtime/Admin", "Provider_Name": "Microsoft-Windows-AppModel-Runtime", "Computer": "DESKTOP-OFJ6N53", "TimeCreated": "2025-07-09 13:11:35.459450+00:00", "RecordID": "12647", "Level": "4", "UserID": "S-1-5-18", "EventData.ProcessID": "2264", "EventData.PackageName": "Microsoft.YourPhone_1.25061.44.0_x64__8wekyb3d8bbwe", "EventData.ContainerId": "c54a04be-5b30-11f0-a761-005056b235ad"}
{"EventID": "201", "Channel": "Microsoft-Windows-AppModel-Runtime/Admin", "Provider_Name": "Microsoft-Windows-AppModel-Runtime", "Computer": "DESKTOP-OFJ6N53", "TimeCreated": "2025-07-09 14:26:11.969370+00:00", "RecordID": "12648", "Level": "4", "UserID": "S-1-5-18", "EventData.ProcessID": "12628", "EventData.PackageName": "Microsoft.MicrosoftEdge.Stable_138.0.3351.65_neutral__8wekyb3d8bbwe", "EventData.ImageName": "identity_helper.exe", "EventData.ApplicationName": "Microsoft.MicrosoftEdge.Stable_8wekyb3d8bbwe!App", "EventData.Message": "[FinishPackageActivation]"}
{"EventID": "40", "Channel": "Microsoft-Windows-AppModel-Runtime/Admin", "Provider_Name": "Microsoft-Windows-AppModel-Runtime", "Computer": "DESKTOP-OFJ6N53", "TimeCreated": "2025-07-09 14:29:09.445330+00:00", "RecordID": "12649", "Level": "4", "UserID": "S-1-5-21-963789628-1060504924-4285088085-1001", "EventData.AppContainerName": "onecore\\ds\\security\\gina\\profile\\profext\\appcontainer.cpp Line:1813 Chrome Sandbox cr.sb.odmF5200EAFD3AD904629CBB0F87A78A3C7211081FE"}
{"EventID": "217", "Channel": "Microsoft-Windows-AppModel-Runtime/Admin", "Provider_Name": "Microsoft-Windows-AppModel-Runtime", "Computer": "DESKTOP-OFJ6N53", "TimeCreated": "2025-07-09 14:38:03.349405+00:00", "RecordID": "12650", "Level": "4", "UserID": "S-1-5-18", "EventData.PackageName": "Microsoft.YourPhone_1.25061.44.0_x64__8wekyb3d8bbwe", "EventData.ContainerId": "c54a04be-5b30-11f0-a761-005056b235ad"}
{"EventID": "40", "Channel": "Microsoft-Windows-AppModel-Runtime/Admin", "Provider_Name": "Microsoft-Windows-AppModel-Runtime", "Computer": "DESKTOP-OFJ6N53", "TimeCreated": "2025-07-09 14:39:49.498028+00:00", "RecordID": "12651", "Level": "4", "UserID": "S-1-5-18", "EventData.AppContainerName": "onecore\\ds\\security\\gina\\profile\\profext\\appcontainer.cpp Line:1813 Usermode Font Driver Host microsoft.windows.fontdrvhost"}
{"EventID": "40", "Channel": "Microsoft-Windows-AppModel-Runtime/Admin", "Provider_Name": "Microsoft-Windows-AppModel-Runtime", "Computer": "DESKTOP-OFJ6N53", "TimeCreated": "2025-07-09 14:39:49.498117+00:00", "RecordID": "12652", "Level": "4", "UserID": "S-1-5-18", "EventData.AppContainerName": "onecore\\ds\\security\\gina\\profile\\profext\\appcontainer.cpp Line:1813 Usermode Font Driver Host microsoft.windows.fontdrvhost"}
{"EventID": "40", "Channel": "Microsoft-Windows-AppModel-Runtime/Admin", "Provider_Name": "Microsoft-Windows-AppModel-Runtime", "Computer": "DESKTOP-OFJ6N53", "TimeCreated": "2025-07-14 09:52:09.934303+00:00", "RecordID": "12653", "Level": "4", "UserID": "S-1-5-18", "EventData.AppContainerName": "onecore\\ds\\security\\gina\\profile\\profext\\appcontainer.cpp Line:1813 Usermode Font Driver Host microsoft.windows.fontdrvhost"}
{"EventID": "70", "Channel": "Microsoft-Windows-AppModel-Runtime/Admin", "Provider_Name": "Microsoft-Windows-AppModel-Runtime", "Computer": "DESKTOP-OFJ6N53", "TimeCreated": "2025-07-14 09:52:18.747223+00:00", "RecordID": "12654", "Level": "4", "UserID": "S-1-5-18", "EventData.PackageFullName": "MicrosoftWindows.Client.CBS_1000.19061.1000.0_x64__cw5n1h2txyewy", "EventData.User": "S-1-5-21-963789628-1060504924-4285088085-1001", "EventData.DesiredStatus": "2048", "EventData.CurrentStatus": "0"}
{"EventID": "70", "Channel": "Microsoft-Windows-AppModel-Runtime/Admin", "Provider_Name": "Microsoft-Windows-AppModel-Runtime", "Computer": "DESKTOP-OFJ6N53", "TimeCreated": "2025-07-14 09:52:18.747917+00:00", "RecordID": "12655", "Level": "4", "UserID": "S-1-5-18", "EventData.PackageFullName": "MicrosoftWindows.Client.CBS_1000.19062.1000.0_x64__cw5n1h2txyewy", "EventData.User": "S-1-5-21-963789628-1060504924-4285088085-1001", "EventData.DesiredStatus": "2048", "EventData.CurrentStatus": "0"}
{"EventID": "70", "Channel": "Microsoft-Windows-AppModel-Runtime/Admin", "Provider_Name": "Microsoft-Windows-AppModel-Runtime", "Computer": "DESKTOP-OFJ6N53", "TimeCreated": "2025-07-14 09:52:18.754347+00:00", "RecordID": "12656", "Level": "4", "UserID": "S-1-5-18", "EventData.PackageFullName": "Microsoft.MicrosoftEdge.Stable_138.0.3351.65_neutral__8wekyb3d8bbwe", "EventData.User": "S-1-5-21-963789628-1060504924-4285088085-1001", "EventData.DesiredStatus": "2048", "EventData.CurrentStatus": "0"}
{"EventID": "70", "Channel": "Microsoft-Windows-AppModel-Runtime/Admin", "Provider_Name": "Microsoft-Windows-AppModel-Runtime", "Computer": "DESKTOP-OFJ6N53", "TimeCreated": "2025-07-14 09:52:18.755064+00:00", "RecordID": "12657", "Level": "4", "UserID": "S-1-5-18", "EventData.PackageFullName": "Microsoft.MicrosoftEdge.Stable_138.0.3351.83_neutral__8wekyb3d8bbwe", "EventData.User": "S-1-5-21-963789628-1060504924-4285088085-1001", "EventData.DesiredStatus": "2048", "EventData.CurrentStatus": "0"}
{"EventID": "70", "Channel": "Microsoft-Windows-AppModel-Runtime/Admin", "Provider_Name": "Microsoft-Windows-AppModel-Runtime", "Computer": "DESKTOP-OFJ6N53", "TimeCreated": "2025-07-14 09:52:18.762245+00:00", "RecordID": "12658", "Level": "4", "UserID": "S-1-5-18", "EventData.PackageFullName": "Microsoft.Microsoft3DViewer_7.2502.5012.0_x64__8wekyb3d8bbwe", "EventData.User": "S-1-5-21-963789628-1060504924-4285088085-1001", "EventData.DesiredStatus": "2048", "EventData.CurrentStatus": "0"}
{"EventID": "70", "Channel": "Microsoft-Windows-AppModel-Runtime/Admin", "Provider_Name": "Microsoft-Windows-AppModel-Runtime", "Computer": "DESKTOP-OFJ6N53", "TimeCreated": "2025-07-14 09:52:18.762861+00:00", "RecordID": "12659", "Level": "4", "UserID": "S-1-5-18", "EventData.PackageFullName": "Microsoft.Microsoft3DViewer_7.2506.10022.0_x64__8wekyb3d8bbwe", "EventData.User": "S-1-5-21-963789628-1060504924-4285088085-1001", "EventData.DesiredStatus": "2048", "EventData.CurrentStatus": "0"}
{"EventID": "70", "Channel": "Microsoft-Windows-AppModel-Runtime/Admin", "Provider_Name": "Microsoft-Windows-AppModel-Runtime", "Computer": "DESKTOP-OFJ6N53", "TimeCreated": "2025-07-14 09:52:18.770544+00:00", "RecordID": "12660", "Level": "4", "UserID": "S-1-5-18", "EventData.PackageFullName": "Microsoft.WindowsFeedbackHub_1.2505.1101.0_x64__8wekyb3d8bbwe", "EventData.User": "S-1-5-21-963789628-1060504924-4285088085-1001", "EventData.DesiredStatus": "2048", "EventData.CurrentStatus": "0"}
{"EventID": "70", "Channel": "Microsoft-Windows-AppModel-Runtime/Admin", "Provider_Name": "Microsoft-Windows-AppModel-Runtime", "Computer": "DESKTOP-OFJ6N53", "TimeCreated": "2025-07-14 09:52:18.771215+00:00", "RecordID": "12661", "Level": "4", "UserID": "S-1-5-18", "EventData.PackageFullName": "Microsoft.WindowsFeedbackHub_1.2506.12104.0_x64__8wekyb3d8bbwe", "EventData.User": "S-1-5-21-963789628-1060504924-4285088085-1001", "EventData.DesiredStatus": "2048", "EventData.CurrentStatus": "0"}
{"EventID": "70", "Channel": "Microsoft-Windows-AppModel-Runtime/Admin", "Provider_Name": "Microsoft-Windows-AppModel-Runtime", "Computer": "DESKTOP-OFJ6N53", "TimeCreated": "2025-07-14 09:52:18.777174+00:00", "RecordID": "12662", "Level": "4", "UserID": "S-1-5-18", "EventData.PackageFullName": "Microsoft.MicrosoftOfficeHub_19.2507.32091.0_x64__8wekyb3d8bbwe", "EventData.User": "S-1-5-21-963789628-1060504924-4285088085-1001", "EventData.DesiredStatus": "2048", "EventData.CurrentStatus": "0"}
{"EventID": "70", "Channel": "Microsoft-Windows-AppModel-Runtime/Admin", "Provider_Name": "Microsoft-Windows-AppModel-Runtime", "Computer": "DESKTOP-OFJ6N53", "TimeCreated": "2025-07-14 09:52:18.777559+00:00", "RecordID": "12663", "Level": "4", "UserID": "S-1-5-18", "EventData.PackageFullName": "Microsoft.MicrosoftOfficeHub_19.2507.39131.0_x64__8wekyb3d8bbwe", "EventData.User": "S-1-5-21-963789628-1060504924-4285088085-1001", "EventData.DesiredStatus": "2048", "EventData.CurrentStatus": "0"}
{"EventID": "70", "Channel": "Microsoft-Windows-AppModel-Runtime/Admin", "Provider_Name": "Microsoft-Windows-AppModel-Runtime", "Computer": "DESKTOP-OFJ6N53", "TimeCreated": "2025-07-14 09:52:19.870979+00:00", "RecordID": "12664", "Level": "4", "UserID": "S-1-5-18", "EventData.PackageFullName": "MicrosoftWindows.Client.CBS_1000.19061.1000.0_x64__cw5n1h2txyewy", "EventData.User": "S-1-5-21-963789628-1060504924-4285088085-1001", "EventData.DesiredStatus": "2080", "EventData.CurrentStatus": "2048"}
{"EventID": "70", "Channel": "Microsoft-Windows-AppModel-Runtime/Admin", "Provider_Name": "Microsoft-Windows-AppModel-Runtime", "Computer": "DESKTOP-OFJ6N53", "TimeCreated": "2025-07-14 09:52:19.871492+00:00", "RecordID": "12665", "Level": "4", "UserID": "S-1-5-18", "EventData.PackageFullName": "MicrosoftWindows.Client.CBS_1000.19062.1000.0_x64__cw5n1h2txyewy", "EventData.User": "S-1-5-21-963789628-1060504924-4285088085-1001", "EventData.DesiredStatus": "2080", "EventData.CurrentStatus": "2048"}
{"EventID": "41", "Channel": "Microsoft-Windows-AppModel-Runtime/Admin", "Provider_Name": "Microsoft-Windows-AppModel-Runtime", "Computer": "DESKTOP-OFJ6N53", "TimeCreated": "2025-07-14 09:52:20.632568+00:00", "RecordID": "12666", "Level": "4", "UserID": "S-1-5-21-963789628-1060504924-4285088085-1001", "EventData.AppContainerName": "Microsoft.Edge.GameAssist_8wekyb3d8bbwe"}
{"EventID": "42", "Channel": "Microsoft-Windows-AppModel-Runtime/Admin", "Provider_Name": "Microsoft-Windows-AppModel-Runtime", "Computer": "DESKTOP-OFJ6N53", "TimeCreated": "2025-07-14 09:52:20.657530+00:00", "RecordID": "12667", "Level": "4", "UserID": "S-1-5-21-963789628-1060504924-4285088085-1001", "EventData.AppContainerName": "MicrosoftWindows.Client.CBS_cw5n1h2txyewy"}
{"EventID": "69", "Channel": "Microsoft-Windows-AppModel-Runtime/Admin", "Provider_Name": "Microsoft-Windows-AppModel-Runtime", "Computer": "DESKTOP-OFJ6N53", "TimeCreated": "2025-07-14 09:52:21.368351+00:00", "RecordID": "12668", "Level": "4", "UserID": "S-1-5-18", "EventData.ErrorCode": "1168", "EventData.PackageFullName": "Microsoft.Edge.GameAssist_1.0.3423.0_x64__8wekyb3d8bbwe", "EventData.User": "S-1-5-21-963789628-1060504924-4285088085-1001", "EventData.DesiredStatus": "32", "EventData.CurrentStatus": "0"}
{"EventID": "39", "Channel": "Microsoft-Windows-AppModel-Runtime/Admin", "Provider_Name": "Microsoft-Windows-AppModel-Runtime", "Computer": "DESKTOP-OFJ6N53", "TimeCreated": "2025-07-14 09:52:21.787085+00:00", "RecordID": "12669", "Level": "4", "UserID": "S-1-5-21-963789628-1060504924-4285088085-1001", "EventData.AppContainerName": "Microsoft.Edge.GameAssist_8wekyb3d8bbwe"}
{"EventID": "70", "Channel": "Microsoft-Windows-AppModel-Runtime/Admin", "Provider_Name": "Microsoft-Windows-AppModel-Runtime", "Computer": "DESKTOP-OFJ6N53", "TimeCreated": "2025-07-14 09:52:23.494469+00:00", "RecordID": "12670", "Level": "4", "UserID": "S-1-5-18", "EventData.PackageFullName": "Microsoft.Edge.GameAssist_1.0.3423.0_x64__8wekyb3d8bbwe", "EventData.User": "S-1-5-21-963789628-1060504924-4285088085-1001", "EventData.DesiredStatus": "0", "EventData.CurrentStatus": "32"}
{"EventID": "70", "Channel": "Microsoft-Windows-AppModel-Runtime/Admin", "Provider_Name": "Microsoft-Windows-AppModel-Runtime", "Computer": "DESKTOP-OFJ6N53", "TimeCreated": "2025-07-14 09:52:23.587313+00:00", "RecordID": "12671", "Level": "4", "UserID": "S-1-5-18", "EventData.PackageFullName": "MicrosoftWindows.Client.CBS_1000.19062.1000.0_x64__cw5n1h2txyewy", "EventData.User": "S-1-5-21-963789628-1060504924-4285088085-1001", "EventData.DesiredStatus": "0", "EventData.CurrentStatus": "32"}
{"EventID": "70", "Channel": "Microsoft-Windows-AppModel-Runtime/Admin", "Provider_Name": "Microsoft-Windows-AppModel-Runtime", "Computer": "DESKTOP-OFJ6N53", "TimeCreated": "2025-07-14 09:52:24.786951+00:00", "RecordID": "12672", "Level": "4", "UserID": "S-1-5-18", "EventData.PackageFullName": "Microsoft.MicrosoftEdge.Stable_138.0.3351.65_neutral__8wekyb3d8bbwe", "EventData.User": "S-1-5-21-963789628-1060504924-4285088085-1001", "EventData.DesiredStatus": "2080", "EventData.CurrentStatus": "2048"}
{"EventID": "70", "Channel": "Microsoft-Windows-AppModel-Runtime/Admin", "Provider_Name": "Microsoft-Windows-AppModel-Runtime", "Computer": "DESKTOP-OFJ6N53", "TimeCreated": "2025-07-14 09:52:24.787327+00:00", "RecordID": "12673", "Level": "4", "UserID": "S-1-5-18", "EventData.PackageFullName": "Microsoft.MicrosoftEdge.Stable_138.0.3351.83_neutral__8wekyb3d8bbwe", "EventData.User": "S-1-5-21-963789628-1060504924-4285088085-1001", "EventData.DesiredStatus": "2080", "EventData.CurrentStatus": "2048"}
{"EventID": "42", "Channel": "Microsoft-Windows-AppModel-Runtime/Admin", "Provider_Name": "Microsoft-Windows-AppModel-Runtime", "Computer": "DESKTOP-OFJ6N53", "TimeCreated": "2025-07-14 09:52:24.841688+00:00", "RecordID": "12674", "Level": "4", "UserID": "S-1-5-21-963789628-1060504924-4285088085-1001", "EventData.AppContainerName": "Microsoft.MicrosoftEdge.Stable_8wekyb3d8bbwe"}
{"EventID": "70", "Channel": "Microsoft-Windows-AppModel-Runtime/Admin", "Provider_Name": "Microsoft-Windows-AppModel-Runtime", "Computer": "DESKTOP-OFJ6N53", "TimeCreated": "2025-07-14 09:52:25.173655+00:00", "RecordID": "12675", "Level": "4", "UserID": "S-1-5-18", "EventData.PackageFullName": "Microsoft.MicrosoftEdge.Stable_138.0.3351.83_neutral__8wekyb3d8bbwe", "EventData.User": "S-1-5-21-963789628-1060504924-4285088085-1001", "EventData.DesiredStatus": "0", "EventData.CurrentStatus": "32"}
{"EventID": "210", "Channel": "Microsoft-Windows-AppModel-Runtime/Admin", "Provider_Name": "Microsoft-Windows-AppModel-Runtime", "Computer": "DESKTOP-OFJ6N53", "TimeCreated": "2025-07-14 09:53:09.067867+00:00", "RecordID": "12676", "Level": "4", "UserID": "S-1-5-18", "EventData.PackageName": "Microsoft.YourPhone_1.25061.44.0_x64__8wekyb3d8bbwe", "EventData.ContainerName": "Microsoft.YourPhone_1.25061.44.0_x64__8wekyb3d8bbwe-S-1-5-21-963789628-1060504924-4285088085-1001", "EventData.ContainerId": "8b186520-5cd2-11f0-a762-005056b235ad"}
{"EventID": "211", "Channel": "Microsoft-Windows-AppModel-Runtime/Admin", "Provider_Name": "Microsoft-Windows-AppModel-Runtime", "Computer": "DESKTOP-OFJ6N53", "TimeCreated": "2025-07-14 09:53:09.067926+00:00", "RecordID": "12677", "Level": "4", "UserID": "S-1-5-18", "EventData.ProcessID": "2572", "EventData.PackageName": "Microsoft.YourPhone_1.25061.44.0_x64__8wekyb3d8bbwe", "EventData.ContainerId": "8b186520-5cd2-11f0-a762-005056b235ad"}
{"EventID": "201", "Channel": "Microsoft-Windows-AppModel-Runtime/Admin", "Provider_Name": "Microsoft-Windows-AppModel-Runtime", "Computer": "DESKTOP-OFJ6N53", "TimeCreated": "2025-07-14 09:53:09.115032+00:00", "RecordID": "12678", "Level": "4", "UserID": "S-1-5-18", "EventData.ProcessID": "2572", "EventData.PackageName": "Microsoft.YourPhone_1.25061.44.0_x64__8wekyb3d8bbwe", "EventData.ImageName": "PhoneExperienceHost.exe", "EventData.ApplicationName": "Microsoft.YourPhone_8wekyb3d8bbwe!App", "EventData.Message": "[LaunchProcess]"}
{"EventID": "70", "Channel": "Microsoft-Windows-AppModel-Runtime/Admin", "Provider_Name": "Microsoft-Windows-AppModel-Runtime", "Computer": "DESKTOP-OFJ6N53", "TimeCreated": "2025-07-14 09:53:11.262032+00:00", "RecordID": "12679", "Level": "4", "UserID": "S-1-5-18", "EventData.PackageFullName": "Microsoft.MicrosoftOfficeHub_19.2507.32091.0_x64__8wekyb3d8bbwe", "EventData.User": "S-1-5-21-963789628-1060504924-4285088085-1001", "EventData.DesiredStatus": "2080", "EventData.CurrentStatus": "2048"}
{"EventID": "70", "Channel": "Microsoft-Windows-AppModel-Runtime/Admin", "Provider_Name": "Microsoft-Windows-AppModel-Runtime", "Computer": "DESKTOP-OFJ6N53", "TimeCreated": "2025-07-14 09:53:11.262415+00:00", "RecordID": "12680", "Level": "4", "UserID": "S-1-5-18", "EventData.PackageFullName": "Microsoft.MicrosoftOfficeHub_19.2507.39131.0_x64__8wekyb3d8bbwe", "EventData.User": "S-1-5-21-963789628-1060504924-4285088085-1001", "EventData.DesiredStatus": "2080", "EventData.CurrentStatus": "2048"}
{"EventID": "42", "Channel": "Microsoft-Windows-AppModel-Runtime/Admin", "Provider_Name": "Microsoft-Windows-AppModel-Runtime", "Computer": "DESKTOP-OFJ6N53", "TimeCreated": "2025-07-14 09:53:12.698874+00:00", "RecordID": "12681", "Level": "4", "UserID": "S-1-5-21-963789628-1060504924-4285088085-1001", "EventData.AppContainerName": "Microsoft.MicrosoftOfficeHub_8wekyb3d8bbwe"}
{"EventID": "70", "Channel": "Microsoft-Windows-AppModel-Runtime/Admin", "Provider_Name": "Microsoft-Windows-AppModel-Runtime", "Computer": "DESKTOP-OFJ6N53", "TimeCreated": "2025-07-14 09:53:15.166361+00:00", "RecordID": "12682", "Level": "4", "UserID": "S-1-5-18", "EventData.PackageFullName": "Microsoft.MicrosoftOfficeHub_19.2507.39131.0_x64__8wekyb3d8bbwe", "EventData.User": "S-1-5-21-963789628-1060504924-4285088085-1001", "EventData.DesiredStatus": "0", "EventData.CurrentStatus": "32"}
{"EventID": "70", "Channel": "Microsoft-Windows-AppModel-Runtime/Admin", "Provider_Name": "Microsoft-Windows-AppModel-Runtime", "Computer": "DESKTOP-OFJ6N53", "TimeCreated": "2025-07-14 09:53:22.273106+00:00", "RecordID": "12683", "Level": "4", "UserID": "S-1-5-18", "EventData.PackageFullName": "Microsoft.WindowsFeedbackHub_1.2505.1101.0_x64__8wekyb3d8bbwe", "EventData.User": "S-1-5-21-963789628-1060504924-4285088085-1001", "EventData.DesiredStatus": "2080", "EventData.CurrentStatus": "2048"}
{"EventID": "70", "Channel": "Microsoft-Windows-AppModel-Runtime/Admin", "Provider_Name": "Microsoft-Windows-AppModel-Runtime", "Computer": "DESKTOP-OFJ6N53", "TimeCreated": "2025-07-14 09:53:22.273485+00:00", "RecordID": "12684", "Level": "4", "UserID": "S-1-5-18", "EventData.PackageFullName": "Microsoft.WindowsFeedbackHub_1.2506.12104.0_x64__8wekyb3d8bbwe", "EventData.User": "S-1-5-21-963789628-1060504924-4285088085-1001", "EventData.DesiredStatus": "2080", "EventData.CurrentStatus": "2048"}
{"EventID": "42", "Channel": "Microsoft-Windows-AppModel-Runtime/Admin", "Provider_Name": "Microsoft-Windows-AppModel-Runtime", "Computer": "DESKTOP-OFJ6N53", "TimeCreated": "2025-07-14 09:53:23.388008+00:00", "RecordID": "12685", "Level": "4", "UserID": "S-1-5-21-963789628-1060504924-4285088085-1001", "EventData.AppContainerName": "Microsoft.WindowsFeedbackHub_8wekyb3d8bbwe"}
{"EventID": "201", "Channel": "Microsoft-Windows-AppModel-Runtime/Admin", "Provider_Name": "Microsoft-Windows-AppModel-Runtime", "Computer": "DESKTOP-OFJ6N53", "TimeCreated": "2025-07-14 09:53:25.031843+00:00", "RecordID": "12686", "Level": "4", "UserID": "S-1-5-18", "EventData.ProcessID": "14280", "EventData.PackageName": "Microsoft.MicrosoftEdge.Stable_138.0.3351.83_neutral__8wekyb3d8bbwe", "EventData.ImageName": "identity_helper.exe", "EventData.ApplicationName": "Microsoft.MicrosoftEdge.Stable_8wekyb3d8bbwe!App", "EventData.Message": "[FinishPackageActivation]"}
{"EventID": "70", "Channel": "Microsoft-Windows-AppModel-Runtime/Admin", "Provider_Name": "Microsoft-Windows-AppModel-Runtime", "Computer": "DESKTOP-OFJ6N53", "TimeCreated": "2025-07-14 09:53:27.084534+00:00", "RecordID": "12687", "Level": "4", "UserID": "S-1-5-18", "EventData.PackageFullName": "Microsoft.WindowsFeedbackHub_1.2506.12104.0_x64__8wekyb3d8bbwe", "EventData.User": "S-1-5-21-963789628-1060504924-4285088085-1001", "EventData.DesiredStatus": "0", "EventData.CurrentStatus": "32"}
{"EventID": "70", "Channel": "Microsoft-Windows-AppModel-Runtime/Admin", "Provider_Name": "Microsoft-Windows-AppModel-Runtime", "Computer": "DESKTOP-OFJ6N53", "TimeCreated": "2025-07-14 09:53:29.269941+00:00", "RecordID": "12688", "Level": "4", "UserID": "S-1-5-18", "EventData.PackageFullName": "Microsoft.Microsoft3DViewer_7.2502.5012.0_x64__8wekyb3d8bbwe", "EventData.User": "S-1-5-21-963789628-1060504924-4285088085-1001", "EventData.DesiredStatus": "2080", "EventData.CurrentStatus": "2048"}
{"EventID": "70", "Channel": "Microsoft-Windows-AppModel-Runtime/Admin", "Provider_Name": "Microsoft-Windows-AppModel-Runtime", "Computer": "DESKTOP-OFJ6N53", "TimeCreated": "2025-07-14 09:53:29.271948+00:00", "RecordID": "12689", "Level": "4", "UserID": "S-1-5-18", "EventData.PackageFullName": "Microsoft.Microsoft3DViewer_7.2506.10022.0_x64__8wekyb3d8bbwe", "EventData.User": "S-1-5-21-963789628-1060504924-4285088085-1001", "EventData.DesiredStatus": "2080", "EventData.CurrentStatus": "2048"}
{"EventID": "42", "Channel": "Microsoft-Windows-AppModel-Runtime/Admin", "Provider_Name": "Microsoft-Windows-AppModel-Runtime", "Computer": "DESKTOP-OFJ6N53", "TimeCreated": "2025-07-14 09:53:30.064819+00:00", "RecordID": "12690", "Level": "4", "UserID": "S-1-5-21-963789628-1060504924-4285088085-1001", "EventData.AppContainerName": "Microsoft.Microsoft3DViewer_8wekyb3d8bbwe"}
{"EventID": "70", "Channel": "Microsoft-Windows-AppModel-Runtime/Admin", "Provider_Name": "Microsoft-Windows-AppModel-Runtime", "Computer": "DESKTOP-OFJ6N53", "TimeCreated": "2025-07-14 09:53:33.232622+00:00", "RecordID": "12691", "Level": "4", "UserID": "S-1-5-18", "EventData.PackageFullName": "Microsoft.Microsoft3DViewer_7.2506.10022.0_x64__8wekyb3d8bbwe", "EventData.User": "S-1-5-21-963789628-1060504924-4285088085-1001", "EventData.DesiredStatus": "0", "EventData.CurrentStatus": "32"}
{"EventID": "217", "Channel": "Microsoft-Windows-AppModel-Runtime/Admin", "Provider_Name": "Microsoft-Windows-AppModel-Runtime", "Computer": "DESKTOP-OFJ6N53", "TimeCreated": "2025-07-14 09:53:34.237301+00:00", "RecordID": "12692", "Level": "4", "UserID": "S-1-5-18", "EventData.PackageName": "Microsoft.YourPhone_1.25061.44.0_x64__8wekyb3d8bbwe", "EventData.ContainerId": "8b186520-5cd2-11f0-a762-005056b235ad"}
{"EventID": "69", "Channel": "Microsoft-Windows-AppModel-Runtime/Admin", "Provider_Name": "Microsoft-Windows-AppModel-Runtime", "Computer": "DESKTOP-OFJ6N53", "TimeCreated": "2025-07-14 09:53:44.000851+00:00", "RecordID": "12693", "Level": "4", "UserID": "S-1-5-18", "EventData.ErrorCode": "1168", "EventData.PackageFullName": "Microsoft.BingSearch_1.1.33.0_x64__8wekyb3d8bbwe", "EventData.User": "S-1-5-21-963789628-1060504924-4285088085-1001", "EventData.DesiredStatus": "32", "EventData.CurrentStatus": "0"}
{"EventID": "39", "Channel": "Microsoft-Windows-AppModel-Runtime/Admin", "Provider_Name": "Microsoft-Windows-AppModel-Runtime", "Computer": "DESKTOP-OFJ6N53", "TimeCreated": "2025-07-14 09:53:44.711847+00:00", "RecordID": "12694", "Level": "4", "UserID": "S-1-5-21-963789628-1060504924-4285088085-1001", "EventData.AppContainerName": "Microsoft.BingSearch_8wekyb3d8bbwe"}
{"EventID": "70", "Channel": "Microsoft-Windows-AppModel-Runtime/Admin", "Provider_Name": "Microsoft-Windows-AppModel-Runtime", "Computer": "DESKTOP-OFJ6N53", "TimeCreated": "2025-07-14 09:53:45.368645+00:00", "RecordID": "12695", "Level": "4", "UserID": "S-1-5-18", "EventData.PackageFullName": "Microsoft.BingSearch_1.1.33.0_x64__8wekyb3d8bbwe", "EventData.User": "S-1-5-21-963789628-1060504924-4285088085-1001", "EventData.DesiredStatus": "0", "EventData.CurrentStatus": "32"}
{"EventID": "210", "Channel": "Microsoft-Windows-AppModel-Runtime/Admin", "Provider_Name": "Microsoft-Windows-AppModel-Runtime", "Computer": "DESKTOP-OFJ6N53", "TimeCreated": "2025-07-14 09:54:57.727516+00:00", "RecordID": "12696", "Level": "4", "UserID": "S-1-5-18", "EventData.PackageName": "Microsoft.YourPhone_1.25061.44.0_x64__8wekyb3d8bbwe", "EventData.ContainerName": "Microsoft.YourPhone_1.25061.44.0_x64__8wekyb3d8bbwe-S-1-5-21-963789628-1060504924-4285088085-1001", "EventData.ContainerId": "8b18659f-5cd2-11f0-a762-005056b235ad"}
{"EventID": "211", "Channel": "Microsoft-Windows-AppModel-Runtime/Admin", "Provider_Name": "Microsoft-Windows-AppModel-Runtime", "Computer": "DESKTOP-OFJ6N53", "TimeCreated": "2025-07-14 09:54:57.727579+00:00", "RecordID": "12697", "Level": "4", "UserID": "S-1-5-18", "EventData.ProcessID": "9964", "EventData.PackageName": "Microsoft.YourPhone_1.25061.44.0_x64__8wekyb3d8bbwe", "EventData.ContainerId": "8b18659f-5cd2-11f0-a762-005056b235ad"}
{"EventID": "210", "Channel": "Microsoft-Windows-AppModel-Runtime/Admin", "Provider_Name": "Microsoft-Windows-AppModel-Runtime", "Computer": "DESKTOP-OFJ6N53", "TimeCreated": "2025-07-14 09:54:59.575808+00:00", "RecordID": "12698", "Level": "4", "UserID": "S-1-5-18", "EventData.PackageName": "Microsoft.DesktopAppInstaller_1.26.400.0_x64__8wekyb3d8bbwe", "EventData.ContainerName": "Microsoft.DesktopAppInstaller_1.26.400.0_x64__8wekyb3d8bbwe-S-1-5-21-963789628-1060504924-4285088085-1001", "EventData.ContainerId": "8b1865b0-5cd2-11f0-a762-005056b235ad"}
{"EventID": "211", "Channel": "Microsoft-Windows-AppModel-Runtime/Admin", "Provider_Name": "Microsoft-Windows-AppModel-Runtime", "Computer": "DESKTOP-OFJ6N53", "TimeCreated": "2025-07-14 09:54:59.575853+00:00", "RecordID": "12699", "Level": "4", "UserID": "S-1-5-18", "EventData.ProcessID": "4504", "EventData.PackageName": "Microsoft.DesktopAppInstaller_1.26.400.0_x64__8wekyb3d8bbwe", "EventData.ContainerId": "8b1865b0-5cd2-11f0-a762-005056b235ad"}
{"EventID": "40", "Channel": "Microsoft-Windows-AppModel-Runtime/Admin", "Provider_Name": "Microsoft-Windows-AppModel-Runtime", "Computer": "DESKTOP-OFJ6N53", "TimeCreated": "2025-07-14 09:55:56.211449+00:00", "RecordID": "12700", "Level": "4", "UserID": "S-1-5-21-963789628-1060504924-4285088085-1001", "EventData.AppContainerName": "onecore\\ds\\security\\gina\\profile\\profext\\appcontainer.cpp Line:1813 Chrome Sandbox cr.sb.odmF5200EAFD3AD904629CBB0F87A78A3C7211081FE"}
{"EventID": "201", "Channel": "Microsoft-Windows-AppModel-Runtime/Admin", "Provider_Name": "Microsoft-Windows-AppModel-Runtime", "Computer": "DESKTOP-OFJ6N53", "TimeCreated": "2025-07-14 10:52:57.114519+00:00", "RecordID": "12701", "Level": "4", "UserID": "S-1-5-18", "EventData.ProcessID": "13812", "EventData.PackageName": "Microsoft.MicrosoftEdge.Stable_138.0.3351.83_neutral__8wekyb3d8bbwe", "EventData.ImageName": "identity_helper.exe", "EventData.ApplicationName": "Microsoft.MicrosoftEdge.Stable_8wekyb3d8bbwe!App", "EventData.Message": "[FinishPackageActivation]"}
{"EventID": "210", "Channel": "Microsoft-Windows-AppModel-Runtime/Admin", "Provider_Name": "Microsoft-Windows-AppModel-Runtime", "Computer": "DESKTOP-OFJ6N53", "TimeCreated": "2025-07-14 12:16:17.220095+00:00", "RecordID": "12702", "Level": "4", "UserID": "S-1-5-18", "EventData.PackageName": "Microsoft.XboxGamingOverlay_7.325.5191.0_x64__8wekyb3d8bbwe", "EventData.ContainerName": "Microsoft.XboxGamingOverlay_7.325.5191.0_x64__8wekyb3d8bbwe-S-1-5-21-963789628-1060504924-4285088085-1001", "EventData.ContainerId": "8b18688e-5cd2-11f0-a762-005056b235ad"}
{"EventID": "211", "Channel": "Microsoft-Windows-AppModel-Runtime/Admin", "Provider_Name": "Microsoft-Windows-AppModel-Runtime", "Computer": "DESKTOP-OFJ6N53", "TimeCreated": "2025-07-14 12:16:17.220139+00:00", "RecordID": "12703", "Level": "4", "UserID": "S-1-5-18", "EventData.ProcessID": "12800", "EventData.PackageName": "Microsoft.XboxGamingOverlay_7.325.5191.0_x64__8wekyb3d8bbwe", "EventData.ContainerId": "8b18688e-5cd2-11f0-a762-005056b235ad"}
{"EventID": "217", "Channel": "Microsoft-Windows-AppModel-Runtime/Admin", "Provider_Name": "Microsoft-Windows-AppModel-Runtime", "Computer": "DESKTOP-OFJ6N53", "TimeCreated": "2025-07-14 12:21:17.221100+00:00", "RecordID": "12704", "Level": "4", "UserID": "S-1-5-18", "EventData.PackageName": "Microsoft.XboxGamingOverlay_7.325.5191.0_x64__8wekyb3d8bbwe", "EventData.ContainerId": "8b18688e-5cd2-11f0-a762-005056b235ad"}
{"EventID": "217", "Channel": "Microsoft-Windows-AppModel-Runtime/Admin", "Provider_Name": "Microsoft-Windows-AppModel-Runtime", "Computer": "DESKTOP-OFJ6N53", "TimeCreated": "2025-07-14 16:33:43.948156+00:00", "RecordID": "12705", "Level": "4", "UserID": "S-1-5-18", "EventData.PackageName": "Microsoft.YourPhone_1.25061.44.0_x64__8wekyb3d8bbwe", "EventData.ContainerId": "8b18659f-5cd2-11f0-a762-005056b235ad"}
{"EventID": "210", "Channel": "Microsoft-Windows-AppModel-Runtime/Admin", "Provider_Name": "Microsoft-Windows-AppModel-Runtime", "Computer": "DESKTOP-OFJ6N53", "TimeCreated": "2025-07-15 00:56:42.805342+00:00", "RecordID": "12706", "Level": "4", "UserID": "S-1-5-18", "EventData.PackageName": "Microsoft.YourPhone_1.25061.44.0_x64__8wekyb3d8bbwe", "EventData.ContainerName": "Microsoft.YourPhone_1.25061.44.0_x64__8wekyb3d8bbwe-S-1-5-21-963789628-1060504924-4285088085-1001", "EventData.ContainerId": "8b186c4b-5cd2-11f0-a762-005056b235ad"}
{"EventID": "211", "Channel": "Microsoft-Windows-AppModel-Runtime/Admin", "Provider_Name": "Microsoft-Windows-AppModel-Runtime", "Computer": "DESKTOP-OFJ6N53", "TimeCreated": "2025-07-15 00:56:42.805389+00:00", "RecordID": "12707", "Level": "4", "UserID": "S-1-5-18", "EventData.ProcessID": "312", "EventData.PackageName": "Microsoft.YourPhone_1.25061.44.0_x64__8wekyb3d8bbwe", "EventData.ContainerId": "8b186c4b-5cd2-11f0-a762-005056b235ad"}
{"EventID": "70", "Channel": "Microsoft-Windows-AppModel-Runtime/Admin", "Provider_Name": "Microsoft-Windows-AppModel-Runtime", "Computer": "DESKTOP-OFJ6N53", "TimeCreated": "2025-07-15 08:40:47.022594+00:00", "RecordID": "12708", "Level": "4", "UserID": "S-1-5-18", "EventData.PackageFullName": "Microsoft.StorePurchaseApp_22505.1401.0.0_x64__8wekyb3d8bbwe", "EventData.User": "S-1-5-21-963789628-1060504924-4285088085-1001", "EventData.DesiredStatus": "32", "EventData.CurrentStatus": "0"}
{"EventID": "69", "Channel": "Microsoft-Windows-AppModel-Runtime/Admin", "Provider_Name": "Microsoft-Windows-AppModel-Runtime", "Computer": "DESKTOP-OFJ6N53", "TimeCreated": "2025-07-15 08:40:47.022875+00:00", "RecordID": "12709", "Level": "4", "UserID": "S-1-5-18", "EventData.ErrorCode": "1168", "EventData.PackageFullName": "Microsoft.StorePurchaseApp_22505.1401.1.0_x64__8wekyb3d8bbwe", "EventData.User": "S-1-5-21-963789628-1060504924-4285088085-1001", "EventData.DesiredStatus": "32", "EventData.CurrentStatus": "0"}
{"EventID": "42", "Channel": "Microsoft-Windows-AppModel-Runtime/Admin", "Provider_Name": "Microsoft-Windows-AppModel-Runtime", "Computer": "DESKTOP-OFJ6N53", "TimeCreated": "2025-07-15 08:40:47.385307+00:00", "RecordID": "12710", "Level": "4", "UserID": "S-1-5-21-963789628-1060504924-4285088085-1001", "EventData.AppContainerName": "Microsoft.StorePurchaseApp_8wekyb3d8bbwe"}
{"EventID": "70", "Channel": "Microsoft-Windows-AppModel-Runtime/Admin", "Provider_Name": "Microsoft-Windows-AppModel-Runtime", "Computer": "DESKTOP-OFJ6N53", "TimeCreated": "2025-07-15 08:40:48.107714+00:00", "RecordID": "12711", "Level": "4", "UserID": "S-1-5-18", "EventData.PackageFullName": "Microsoft.StorePurchaseApp_22505.1401.1.0_x64__8wekyb3d8bbwe", "EventData.User": "S-1-5-21-963789628-1060504924-4285088085-1001", "EventData.DesiredStatus": "0", "EventData.CurrentStatus": "32"}
{"EventID": "70", "Channel": "Microsoft-Windows-AppModel-Runtime/Admin", "Provider_Name": "Microsoft-Windows-AppModel-Runtime", "Computer": "DESKTOP-OFJ6N53", "TimeCreated": "2025-07-15 08:40:49.428154+00:00", "RecordID": "12712", "Level": "4", "UserID": "S-1-5-18", "EventData.PackageFullName": "Microsoft.WindowsStore_22505.1401.17.0_x64__8wekyb3d8bbwe", "EventData.User": "S-1-5-21-963789628-1060504924-4285088085-1001", "EventData.DesiredStatus": "32", "EventData.CurrentStatus": "0"}
{"EventID": "69", "Channel": "Microsoft-Windows-AppModel-Runtime/Admin", "Provider_Name": "Microsoft-Windows-AppModel-Runtime", "Computer": "DESKTOP-OFJ6N53", "TimeCreated": "2025-07-15 08:40:49.428493+00:00", "RecordID": "12713", "Level": "4", "UserID": "S-1-5-18", "EventData.ErrorCode": "1168", "EventData.PackageFullName": "Microsoft.WindowsStore_22506.1401.7.0_x64__8wekyb3d8bbwe", "EventData.User": "S-1-5-21-963789628-1060504924-4285088085-1001", "EventData.DesiredStatus": "32", "EventData.CurrentStatus": "0"}
{"EventID": "42", "Channel": "Microsoft-Windows-AppModel-Runtime/Admin", "Provider_Name": "Microsoft-Windows-AppModel-Runtime", "Computer": "DESKTOP-OFJ6N53", "TimeCreated": "2025-07-15 08:40:49.744190+00:00", "RecordID": "12714", "Level": "4", "UserID": "S-1-5-21-963789628-1060504924-4285088085-1001", "EventData.AppContainerName": "Microsoft.WindowsStore_8wekyb3d8bbwe"}
{"EventID": "70", "Channel": "Microsoft-Windows-AppModel-Runtime/Admin", "Provider_Name": "Microsoft-Windows-AppModel-Runtime", "Computer": "DESKTOP-OFJ6N53", "TimeCreated": "2025-07-15 08:40:52.137035+00:00", "RecordID": "12715", "Level": "4", "UserID": "S-1-5-18", "EventData.PackageFullName": "Microsoft.WindowsStore_22506.1401.7.0_x64__8wekyb3d8bbwe", "EventData.User": "S-1-5-21-963789628-1060504924-4285088085-1001", "EventData.DesiredStatus": "0", "EventData.CurrentStatus": "32"}
{"EventID": "217", "Channel": "Microsoft-Windows-AppModel-Runtime/Admin", "Provider_Name": "Microsoft-Windows-AppModel-Runtime", "Computer": "DESKTOP-OFJ6N53", "TimeCreated": "2025-07-15 08:59:10.063982+00:00", "RecordID": "12716", "Level": "4", "UserID": "S-1-5-18", "EventData.PackageName": "Microsoft.YourPhone_1.25061.44.0_x64__8wekyb3d8bbwe", "EventData.ContainerId": "8b186c4b-5cd2-11f0-a762-005056b235ad"}
{"EventID": "210", "Channel": "Microsoft-Windows-AppModel-Runtime/Admin", "Provider_Name": "Microsoft-Windows-AppModel-Runtime", "Computer": "DESKTOP-OFJ6N53", "TimeCreated": "2025-07-15 12:57:12.191881+00:00", "RecordID": "12717", "Level": "4", "UserID": "S-1-5-18", "EventData.PackageName": "Microsoft.YourPhone_1.25061.44.0_x64__8wekyb3d8bbwe", "EventData.ContainerName": "Microsoft.YourPhone_1.25061.44.0_x64__8wekyb3d8bbwe-S-1-5-21-963789628-1060504924-4285088085-1001", "EventData.ContainerId": "8b186fdc-5cd2-11f0-a762-005056b235ad"}
{"EventID": "211", "Channel": "Microsoft-Windows-AppModel-Runtime/Admin", "Provider_Name": "Microsoft-Windows-AppModel-Runtime", "Computer": "DESKTOP-OFJ6N53", "TimeCreated": "2025-07-15 12:57:12.191929+00:00", "RecordID": "12718", "Level": "4", "UserID": "S-1-5-18", "EventData.ProcessID": "6368", "EventData.PackageName": "Microsoft.YourPhone_1.25061.44.0_x64__8wekyb3d8bbwe", "EventData.ContainerId": "8b186fdc-5cd2-11f0-a762-005056b235ad"}
{"EventID": "70", "Channel": "Microsoft-Windows-AppModel-Runtime/Admin", "Provider_Name": "Microsoft-Windows-AppModel-Runtime", "Computer": "DESKTOP-OFJ6N53", "TimeCreated": "2025-07-15 14:21:21.638699+00:00", "RecordID": "12719", "Level": "4", "UserID": "S-1-5-18", "EventData.PackageFullName": "Microsoft.OutlookForWindows_1.2025.604.0_x64__8wekyb3d8bbwe", "EventData.User": "S-1-5-21-963789628-1060504924-4285088085-1001", "EventData.DesiredStatus": "32", "EventData.CurrentStatus": "0"}
{"EventID": "69", "Channel": "Microsoft-Windows-AppModel-Runtime/Admin", "Provider_Name": "Microsoft-Windows-AppModel-Runtime", "Computer": "DESKTOP-OFJ6N53", "TimeCreated": "2025-07-15 14:21:21.639042+00:00", "RecordID": "12720", "Level": "4", "UserID": "S-1-5-18", "EventData.ErrorCode": "1168", "EventData.PackageFullName": "Microsoft.OutlookForWindows_1.2025.702.0_x64__8wekyb3d8bbwe", "EventData.User": "S-1-5-21-963789628-1060504924-4285088085-1001", "EventData.DesiredStatus": "32", "EventData.CurrentStatus": "0"}
{"EventID": "42", "Channel": "Microsoft-Windows-AppModel-Runtime/Admin", "Provider_Name": "Microsoft-Windows-AppModel-Runtime", "Computer": "DESKTOP-OFJ6N53", "TimeCreated": "2025-07-15 14:21:22.118874+00:00", "RecordID": "12721", "Level": "4", "UserID": "S-1-5-21-963789628-1060504924-4285088085-1001", "EventData.AppContainerName": "Microsoft.OutlookForWindows_8wekyb3d8bbwe"}
{"EventID": "70", "Channel": "Microsoft-Windows-AppModel-Runtime/Admin", "Provider_Name": "Microsoft-Windows-AppModel-Runtime", "Computer": "DESKTOP-OFJ6N53", "TimeCreated": "2025-07-15 14:21:23.588724+00:00", "RecordID": "12722", "Level": "4", "UserID": "S-1-5-18", "EventData.PackageFullName": "Microsoft.OutlookForWindows_1.2025.702.0_x64__8wekyb3d8bbwe", "EventData.User": "S-1-5-21-963789628-1060504924-4285088085-1001", "EventData.DesiredStatus": "0", "EventData.CurrentStatus": "32"}
{"EventID": "70", "Channel": "Microsoft-Windows-AppModel-Runtime/Admin", "Provider_Name": "Microsoft-Windows-AppModel-Runtime", "Computer": "DESKTOP-OFJ6N53", "TimeCreated": "2025-07-15 14:21:24.678720+00:00", "RecordID": "12723", "Level": "4", "UserID": "S-1-5-18", "EventData.PackageFullName": "Microsoft.BingSearch_1.1.33.0_x64__8wekyb3d8bbwe", "EventData.User": "S-1-5-21-963789628-1060504924-4285088085-1001", "EventData.DesiredStatus": "32", "EventData.CurrentStatus": "0"}
{"EventID": "69", "Channel": "Microsoft-Windows-AppModel-Runtime/Admin", "Provider_Name": "Microsoft-Windows-AppModel-Runtime", "Computer": "DESKTOP-OFJ6N53", "TimeCreated": "2025-07-15 14:21:24.679010+00:00", "RecordID": "12724", "Level": "4", "UserID": "S-1-5-18", "EventData.ErrorCode": "1168", "EventData.PackageFullName": "Microsoft.BingSearch_1.1.34.0_x64__8wekyb3d8bbwe", "EventData.User": "S-1-5-21-963789628-1060504924-4285088085-1001", "EventData.DesiredStatus": "32", "EventData.CurrentStatus": "0"}
{"EventID": "42", "Channel": "Microsoft-Windows-AppModel-Runtime/Admin", "Provider_Name": "Microsoft-Windows-AppModel-Runtime", "Computer": "DESKTOP-OFJ6N53", "TimeCreated": "2025-07-15 14:21:24.807966+00:00", "RecordID": "12725", "Level": "4", "UserID": "S-1-5-21-963789628-1060504924-4285088085-1001", "EventData.AppContainerName": "Microsoft.BingSearch_8wekyb3d8bbwe"}
{"EventID": "70", "Channel": "Microsoft-Windows-AppModel-Runtime/Admin", "Provider_Name": "Microsoft-Windows-AppModel-Runtime", "Computer": "DESKTOP-OFJ6N53", "TimeCreated": "2025-07-15 14:21:25.562572+00:00", "RecordID": "12726", "Level": "4", "UserID": "S-1-5-18", "EventData.PackageFullName": "Microsoft.BingSearch_1.1.34.0_x64__8wekyb3d8bbwe", "EventData.User": "S-1-5-21-963789628-1060504924-4285088085-1001", "EventData.DesiredStatus": "0", "EventData.CurrentStatus": "32"}
{"EventID": "217", "Channel": "Microsoft-Windows-AppModel-Runtime/Admin", "Provider_Name": "Microsoft-Windows-AppModel-Runtime", "Computer": "DESKTOP-OFJ6N53", "TimeCreated": "2025-07-15 21:00:20.949591+00:00", "RecordID": "12727", "Level": "4", "UserID": "S-1-5-18", "EventData.PackageName": "Microsoft.YourPhone_1.25061.44.0_x64__8wekyb3d8bbwe", "EventData.ContainerId": "8b186fdc-5cd2-11f0-a762-005056b235ad"}
{"EventID": "210", "Channel": "Microsoft-Windows-AppModel-Runtime/Admin", "Provider_Name": "Microsoft-Windows-AppModel-Runtime", "Computer": "DESKTOP-OFJ6N53", "TimeCreated": "2025-07-16 00:57:33.995537+00:00", "RecordID": "12728", "Level": "4", "UserID": "S-1-5-18", "EventData.PackageName": "Microsoft.YourPhone_1.25061.44.0_x64__8wekyb3d8bbwe", "EventData.ContainerName": "Microsoft.YourPhone_1.25061.44.0_x64__8wekyb3d8bbwe-S-1-5-21-963789628-1060504924-4285088085-1001", "EventData.ContainerId": "8b1872f0-5cd2-11f0-a762-005056b235ad"}
{"EventID": "211", "Channel": "Microsoft-Windows-AppModel-Runtime/Admin", "Provider_Name": "Microsoft-Windows-AppModel-Runtime", "Computer": "DESKTOP-OFJ6N53", "TimeCreated": "2025-07-16 00:57:33.995592+00:00", "RecordID": "12729", "Level": "4", "UserID": "S-1-5-18", "EventData.ProcessID": "9296", "EventData.PackageName": "Microsoft.YourPhone_1.25061.44.0_x64__8wekyb3d8bbwe", "EventData.ContainerId": "8b1872f0-5cd2-11f0-a762-005056b235ad"}
