{"EventID": "1002", "Channel": "Microsoft-Windows-Known Folders API Service", "Provider_Name": "Microsoft-Windows-KnownFolders", "Computer": "DESKTOP-OFJ6N53", "TimeCreated": "2025-06-14 00:08:20.540651+00:00", "RecordID": "140617", "Level": "3", "UserID": "S-1-5-18", "EventData.hrError": "0x80070002", "EventData.FolderId": "{fdd39ad0-238f-46af-adb4-6c85480369c7}", "EventData.Path": "C:\\Windows\\system32\\config\\systemprofile\\Documents"}
{"EventID": "1002", "Channel": "Microsoft-Windows-Known Folders API Service", "Provider_Name": "Microsoft-Windows-KnownFolders", "Computer": "DESKTOP-OFJ6N53", "TimeCreated": "2025-06-15 00:56:52.300879+00:00", "RecordID": "140618", "Level": "3", "UserID": "S-1-5-18", "EventData.hrError": "0x80070002", "EventData.FolderId": "{fdd39ad0-238f-46af-adb4-6c85480369c7}", "EventData.Path": "C:\\Windows\\system32\\config\\systemprofile\\Documents"}
{"EventID": "1002", "Channel": "Microsoft-Windows-Known Folders API Service", "Provider_Name": "Microsoft-Windows-KnownFolders", "Computer": "DESKTOP-OFJ6N53", "TimeCreated": "2025-06-15 00:56:53.817446+00:00", "RecordID": "140619", "Level": "3", "UserID": "S-1-5-18", "EventData.hrError": "0x80070002", "EventData.FolderId": "{fdd39ad0-238f-46af-adb4-6c85480369c7}", "EventData.Path": "C:\\Windows\\system32\\config\\systemprofile\\Documents"}
{"EventID": "1002", "Channel": "Microsoft-Windows-Known Folders API Service", "Provider_Name": "Microsoft-Windows-KnownFolders", "Computer": "DESKTOP-OFJ6N53", "TimeCreated": "2025-06-16 01:12:08.597792+00:00", "RecordID": "140620", "Level": "3", "UserID": "S-1-5-18", "EventData.hrError": "0x80070002", "EventData.FolderId": "{fdd39ad0-238f-46af-adb4-6c85480369c7}", "EventData.Path": "C:\\Windows\\system32\\config\\systemprofile\\Documents"}
{"EventID": "1002", "Channel": "Microsoft-Windows-Known Folders API Service", "Provider_Name": "Microsoft-Windows-KnownFolders", "Computer": "DESKTOP-OFJ6N53", "TimeCreated": "2025-06-16 01:12:09.252312+00:00", "RecordID": "140621", "Level": "3", "UserID": "S-1-5-18", "EventData.hrError": "0x80070002", "EventData.FolderId": "{fdd39ad0-238f-46af-adb4-6c85480369c7}", "EventData.Path": "C:\\Windows\\system32\\config\\systemprofile\\Documents"}
{"EventID": "1002", "Channel": "Microsoft-Windows-Known Folders API Service", "Provider_Name": "Microsoft-Windows-KnownFolders", "Computer": "DESKTOP-OFJ6N53", "TimeCreated": "2025-06-17 00:51:48.087559+00:00", "RecordID": "140622", "Level": "3", "UserID": "S-1-5-18", "EventData.hrError": "0x80070002", "EventData.FolderId": "{fdd39ad0-238f-46af-adb4-6c85480369c7}", "EventData.Path": "C:\\Windows\\system32\\config\\systemprofile\\Documents"}
{"EventID": "1002", "Channel": "Microsoft-Windows-Known Folders API Service", "Provider_Name": "Microsoft-Windows-KnownFolders", "Computer": "DESKTOP-OFJ6N53", "TimeCreated": "2025-06-17 00:51:49.681572+00:00", "RecordID": "140623", "Level": "3", "UserID": "S-1-5-18", "EventData.hrError": "0x80070002", "EventData.FolderId": "{fdd39ad0-238f-46af-adb4-6c85480369c7}", "EventData.Path": "C:\\Windows\\system32\\config\\systemprofile\\Documents"}
{"EventID": "1002", "Channel": "Microsoft-Windows-Known Folders API Service", "Provider_Name": "Microsoft-Windows-KnownFolders", "Computer": "DESKTOP-OFJ6N53", "TimeCreated": "2025-06-18 01:09:17.011047+00:00", "RecordID": "140624", "Level": "3", "UserID": "S-1-5-18", "EventData.hrError": "0x80070002", "EventData.FolderId": "{fdd39ad0-238f-46af-adb4-6c85480369c7}", "EventData.Path": "C:\\Windows\\system32\\config\\systemprofile\\Documents"}
{"EventID": "1002", "Channel": "Microsoft-Windows-Known Folders API Service", "Provider_Name": "Microsoft-Windows-KnownFolders", "Computer": "DESKTOP-OFJ6N53", "TimeCreated": "2025-06-18 01:09:18.673248+00:00", "RecordID": "140625", "Level": "3", "UserID": "S-1-5-18", "EventData.hrError": "0x80070002", "EventData.FolderId": "{fdd39ad0-238f-46af-adb4-6c85480369c7}", "EventData.Path": "C:\\Windows\\system32\\config\\systemprofile\\Documents"}
{"EventID": "1002", "Channel": "Microsoft-Windows-Known Folders API Service", "Provider_Name": "Microsoft-Windows-KnownFolders", "Computer": "DESKTOP-OFJ6N53", "TimeCreated": "2025-06-18 13:21:48.603861+00:00", "RecordID": "140626", "Level": "3", "UserID": "S-1-5-18", "EventData.hrError": "0x80070002", "EventData.FolderId": "{fdd39ad0-238f-46af-adb4-6c85480369c7}", "EventData.Path": "C:\\Windows\\system32\\config\\systemprofile\\Documents"}
{"EventID": "1002", "Channel": "Microsoft-Windows-Known Folders API Service", "Provider_Name": "Microsoft-Windows-KnownFolders", "Computer": "DESKTOP-OFJ6N53", "TimeCreated": "2025-06-18 13:23:58.758083+00:00", "RecordID": "140627", "Level": "3", "UserID": "S-1-5-18", "EventData.hrError": "0x80070002", "EventData.FolderId": "{1777f761-68ad-4d8a-87bd-30b759fa33dd}", "EventData.Path": "C:\\Windows\\system32\\config\\systemprofile\\Favorites"}
{"EventID": "1002", "Channel": "Microsoft-Windows-Known Folders API Service", "Provider_Name": "Microsoft-Windows-KnownFolders", "Computer": "DESKTOP-OFJ6N53", "TimeCreated": "2025-06-18 13:23:58.758492+00:00", "RecordID": "140628", "Level": "3", "UserID": "S-1-5-18", "EventData.hrError": "0x80070003", "EventData.FolderId": "{625b53c3-ab48-4ec1-ba1f-a1ef4146fc19}", "EventData.Path": "C:\\Windows\\system32\\config\\systemprofile\\AppData\\Roaming\\Microsoft\\Windows\\Start Menu"}
{"EventID": "1002", "Channel": "Microsoft-Windows-Known Folders API Service", "Provider_Name": "Microsoft-Windows-KnownFolders", "Computer": "DESKTOP-OFJ6N53", "TimeCreated": "2025-06-18 13:23:58.759089+00:00", "RecordID": "140629", "Level": "3", "UserID": "S-1-5-18", "EventData.hrError": "0x80070002", "EventData.FolderId": "{fdd39ad0-238f-46af-adb4-6c85480369c7}", "EventData.Path": "C:\\Windows\\system32\\config\\systemprofile\\Documents"}
{"EventID": "1002", "Channel": "Microsoft-Windows-Known Folders API Service", "Provider_Name": "Microsoft-Windows-KnownFolders", "Computer": "DESKTOP-OFJ6N53", "TimeCreated": "2025-06-18 13:23:58.759649+00:00", "RecordID": "140630", "Level": "3", "UserID": "S-1-5-18", "EventData.hrError": "0x80070002", "EventData.FolderId": "{b4bfcc3a-db2c-424c-b029-7fe99a87c641}", "EventData.Path": "C:\\Windows\\system32\\config\\systemprofile\\Desktop"}
{"EventID": "1002", "Channel": "Microsoft-Windows-Known Folders API Service", "Provider_Name": "Microsoft-Windows-KnownFolders", "Computer": "DESKTOP-OFJ6N53", "TimeCreated": "2025-06-19 01:45:08.105083+00:00", "RecordID": "140631", "Level": "3", "UserID": "S-1-5-18", "EventData.hrError": "0x80070002", "EventData.FolderId": "{fdd39ad0-238f-46af-adb4-6c85480369c7}", "EventData.Path": "C:\\Windows\\system32\\config\\systemprofile\\Documents"}
{"EventID": "1002", "Channel": "Microsoft-Windows-Known Folders API Service", "Provider_Name": "Microsoft-Windows-KnownFolders", "Computer": "DESKTOP-OFJ6N53", "TimeCreated": "2025-06-19 01:45:09.755974+00:00", "RecordID": "140632", "Level": "3", "UserID": "S-1-5-18", "EventData.hrError": "0x80070002", "EventData.FolderId": "{fdd39ad0-238f-46af-adb4-6c85480369c7}", "EventData.Path": "C:\\Windows\\system32\\config\\systemprofile\\Documents"}
{"EventID": "1002", "Channel": "Microsoft-Windows-Known Folders API Service", "Provider_Name": "Microsoft-Windows-KnownFolders", "Computer": "DESKTOP-OFJ6N53", "TimeCreated": "2025-06-20 00:42:40.034300+00:00", "RecordID": "140633", "Level": "3", "UserID": "S-1-5-18", "EventData.hrError": "0x80070002", "EventData.FolderId": "{fdd39ad0-238f-46af-adb4-6c85480369c7}", "EventData.Path": "C:\\Windows\\system32\\config\\systemprofile\\Documents"}
{"EventID": "1002", "Channel": "Microsoft-Windows-Known Folders API Service", "Provider_Name": "Microsoft-Windows-KnownFolders", "Computer": "DESKTOP-OFJ6N53", "TimeCreated": "2025-06-20 00:42:40.034380+00:00", "RecordID": "140634", "Level": "3", "UserID": "S-1-5-18", "EventData.hrError": "0x80070002", "EventData.FolderId": "{fdd39ad0-238f-46af-adb4-6c85480369c7}", "EventData.Path": "C:\\Windows\\system32\\config\\systemprofile\\Documents"}
{"EventID": "1002", "Channel": "Microsoft-Windows-Known Folders API Service", "Provider_Name": "Microsoft-Windows-KnownFolders", "Computer": "DESKTOP-OFJ6N53", "TimeCreated": "2025-06-21 00:33:58.700462+00:00", "RecordID": "140635", "Level": "3", "UserID": "S-1-5-18", "EventData.hrError": "0x80070002", "EventData.FolderId": "{fdd39ad0-238f-46af-adb4-6c85480369c7}", "EventData.Path": "C:\\Windows\\system32\\config\\systemprofile\\Documents"}
{"EventID": "1002", "Channel": "Microsoft-Windows-Known Folders API Service", "Provider_Name": "Microsoft-Windows-KnownFolders", "Computer": "DESKTOP-OFJ6N53", "TimeCreated": "2025-06-21 00:34:03.205070+00:00", "RecordID": "140636", "Level": "3", "UserID": "S-1-5-18", "EventData.hrError": "0x80070002", "EventData.FolderId": "{fdd39ad0-238f-46af-adb4-6c85480369c7}", "EventData.Path": "C:\\Windows\\system32\\config\\systemprofile\\Documents"}
{"EventID": "1002", "Channel": "Microsoft-Windows-Known Folders API Service", "Provider_Name": "Microsoft-Windows-KnownFolders", "Computer": "DESKTOP-OFJ6N53", "TimeCreated": "2025-06-21 00:34:04.679192+00:00", "RecordID": "140637", "Level": "3", "UserID": "S-1-5-18", "EventData.hrError": "0x80070002", "EventData.FolderId": "{fdd39ad0-238f-46af-adb4-6c85480369c7}", "EventData.Path": "C:\\Windows\\system32\\config\\systemprofile\\Documents"}
{"EventID": "1002", "Channel": "Microsoft-Windows-Known Folders API Service", "Provider_Name": "Microsoft-Windows-KnownFolders", "Computer": "DESKTOP-OFJ6N53", "TimeCreated": "2025-06-22 01:36:03.254139+00:00", "RecordID": "140638", "Level": "3", "UserID": "S-1-5-18", "EventData.hrError": "0x80070002", "EventData.FolderId": "{fdd39ad0-238f-46af-adb4-6c85480369c7}", "EventData.Path": "C:\\Windows\\system32\\config\\systemprofile\\Documents"}
{"EventID": "1002", "Channel": "Microsoft-Windows-Known Folders API Service", "Provider_Name": "Microsoft-Windows-KnownFolders", "Computer": "DESKTOP-OFJ6N53", "TimeCreated": "2025-06-22 01:36:03.254141+00:00", "RecordID": "140639", "Level": "3", "UserID": "S-1-5-18", "EventData.hrError": "0x80070002", "EventData.FolderId": "{fdd39ad0-238f-46af-adb4-6c85480369c7}", "EventData.Path": "C:\\Windows\\system32\\config\\systemprofile\\Documents"}
{"EventID": "1002", "Channel": "Microsoft-Windows-Known Folders API Service", "Provider_Name": "Microsoft-Windows-KnownFolders", "Computer": "DESKTOP-OFJ6N53", "TimeCreated": "2025-06-22 01:36:09.272408+00:00", "RecordID": "140640", "Level": "3", "UserID": "S-1-5-18", "EventData.hrError": "0x80070002", "EventData.FolderId": "{fdd39ad0-238f-46af-adb4-6c85480369c7}", "EventData.Path": "C:\\Windows\\system32\\config\\systemprofile\\Documents"}
{"EventID": "1002", "Channel": "Microsoft-Windows-Known Folders API Service", "Provider_Name": "Microsoft-Windows-KnownFolders", "Computer": "DESKTOP-OFJ6N53", "TimeCreated": "2025-06-23 01:43:52.525251+00:00", "RecordID": "140641", "Level": "3", "UserID": "S-1-5-18", "EventData.hrError": "0x80070002", "EventData.FolderId": "{fdd39ad0-238f-46af-adb4-6c85480369c7}", "EventData.Path": "C:\\Windows\\system32\\config\\systemprofile\\Documents"}
{"EventID": "1002", "Channel": "Microsoft-Windows-Known Folders API Service", "Provider_Name": "Microsoft-Windows-KnownFolders", "Computer": "DESKTOP-OFJ6N53", "TimeCreated": "2025-06-23 01:43:59.790607+00:00", "RecordID": "140642", "Level": "3", "UserID": "S-1-5-18", "EventData.hrError": "0x80070002", "EventData.FolderId": "{fdd39ad0-238f-46af-adb4-6c85480369c7}", "EventData.Path": "C:\\Windows\\system32\\config\\systemprofile\\Documents"}
{"EventID": "1002", "Channel": "Microsoft-Windows-Known Folders API Service", "Provider_Name": "Microsoft-Windows-KnownFolders", "Computer": "DESKTOP-OFJ6N53", "TimeCreated": "2025-06-23 01:44:01.743467+00:00", "RecordID": "140643", "Level": "3", "UserID": "S-1-5-18", "EventData.hrError": "0x80070002", "EventData.FolderId": "{fdd39ad0-238f-46af-adb4-6c85480369c7}", "EventData.Path": "C:\\Windows\\system32\\config\\systemprofile\\Documents"}
{"EventID": "1002", "Channel": "Microsoft-Windows-Known Folders API Service", "Provider_Name": "Microsoft-Windows-KnownFolders", "Computer": "DESKTOP-OFJ6N53", "TimeCreated": "2025-06-24 01:17:26.868879+00:00", "RecordID": "140644", "Level": "3", "UserID": "S-1-5-18", "EventData.hrError": "0x80070002", "EventData.FolderId": "{fdd39ad0-238f-46af-adb4-6c85480369c7}", "EventData.Path": "C:\\Windows\\system32\\config\\systemprofile\\Documents"}
{"EventID": "1002", "Channel": "Microsoft-Windows-Known Folders API Service", "Provider_Name": "Microsoft-Windows-KnownFolders", "Computer": "DESKTOP-OFJ6N53", "TimeCreated": "2025-06-24 01:17:29.033840+00:00", "RecordID": "140645", "Level": "3", "UserID": "S-1-5-18", "EventData.hrError": "0x80070002", "EventData.FolderId": "{fdd39ad0-238f-46af-adb4-6c85480369c7}", "EventData.Path": "C:\\Windows\\system32\\config\\systemprofile\\Documents"}
{"EventID": "1002", "Channel": "Microsoft-Windows-Known Folders API Service", "Provider_Name": "Microsoft-Windows-KnownFolders", "Computer": "DESKTOP-OFJ6N53", "TimeCreated": "2025-06-24 01:17:32.091246+00:00", "RecordID": "140646", "Level": "3", "UserID": "S-1-5-18", "EventData.hrError": "0x80070002", "EventData.FolderId": "{fdd39ad0-238f-46af-adb4-6c85480369c7}", "EventData.Path": "C:\\Windows\\system32\\config\\systemprofile\\Documents"}
{"EventID": "1002", "Channel": "Microsoft-Windows-Known Folders API Service", "Provider_Name": "Microsoft-Windows-KnownFolders", "Computer": "DESKTOP-OFJ6N53", "TimeCreated": "2025-06-25 01:50:44.056679+00:00", "RecordID": "140647", "Level": "3", "UserID": "S-1-5-18", "EventData.hrError": "0x80070002", "EventData.FolderId": "{fdd39ad0-238f-46af-adb4-6c85480369c7}", "EventData.Path": "C:\\Windows\\system32\\config\\systemprofile\\Documents"}
{"EventID": "1002", "Channel": "Microsoft-Windows-Known Folders API Service", "Provider_Name": "Microsoft-Windows-KnownFolders", "Computer": "DESKTOP-OFJ6N53", "TimeCreated": "2025-06-25 01:50:45.148172+00:00", "RecordID": "140648", "Level": "3", "UserID": "S-1-5-18", "EventData.hrError": "0x80070002", "EventData.FolderId": "{fdd39ad0-238f-46af-adb4-6c85480369c7}", "EventData.Path": "C:\\Windows\\system32\\config\\systemprofile\\Documents"}
{"EventID": "1002", "Channel": "Microsoft-Windows-Known Folders API Service", "Provider_Name": "Microsoft-Windows-KnownFolders", "Computer": "DESKTOP-OFJ6N53", "TimeCreated": "2025-06-25 01:50:50.421637+00:00", "RecordID": "140649", "Level": "3", "UserID": "S-1-5-18", "EventData.hrError": "0x80070002", "EventData.FolderId": "{fdd39ad0-238f-46af-adb4-6c85480369c7}", "EventData.Path": "C:\\Windows\\system32\\config\\systemprofile\\Documents"}
{"EventID": "1002", "Channel": "Microsoft-Windows-Known Folders API Service", "Provider_Name": "Microsoft-Windows-KnownFolders", "Computer": "DESKTOP-OFJ6N53", "TimeCreated": "2025-06-26 01:06:46.209629+00:00", "RecordID": "140650", "Level": "3", "UserID": "S-1-5-18", "EventData.hrError": "0x80070002", "EventData.FolderId": "{fdd39ad0-238f-46af-adb4-6c85480369c7}", "EventData.Path": "C:\\Windows\\system32\\config\\systemprofile\\Documents"}
{"EventID": "1002", "Channel": "Microsoft-Windows-Known Folders API Service", "Provider_Name": "Microsoft-Windows-KnownFolders", "Computer": "DESKTOP-OFJ6N53", "TimeCreated": "2025-06-26 01:06:48.047024+00:00", "RecordID": "140651", "Level": "3", "UserID": "S-1-5-18", "EventData.hrError": "0x80070002", "EventData.FolderId": "{fdd39ad0-238f-46af-adb4-6c85480369c7}", "EventData.Path": "C:\\Windows\\system32\\config\\systemprofile\\Documents"}
{"EventID": "1002", "Channel": "Microsoft-Windows-Known Folders API Service", "Provider_Name": "Microsoft-Windows-KnownFolders", "Computer": "DESKTOP-OFJ6N53", "TimeCreated": "2025-06-27 00:41:49.434837+00:00", "RecordID": "140652", "Level": "3", "UserID": "S-1-5-18", "EventData.hrError": "0x80070002", "EventData.FolderId": "{fdd39ad0-238f-46af-adb4-6c85480369c7}", "EventData.Path": "C:\\Windows\\system32\\config\\systemprofile\\Documents"}
{"EventID": "1002", "Channel": "Microsoft-Windows-Known Folders API Service", "Provider_Name": "Microsoft-Windows-KnownFolders", "Computer": "DESKTOP-OFJ6N53", "TimeCreated": "2025-06-27 00:41:55.038702+00:00", "RecordID": "140653", "Level": "3", "UserID": "S-1-5-18", "EventData.hrError": "0x80070002", "EventData.FolderId": "{fdd39ad0-238f-46af-adb4-6c85480369c7}", "EventData.Path": "C:\\Windows\\system32\\config\\systemprofile\\Documents"}
{"EventID": "1002", "Channel": "Microsoft-Windows-Known Folders API Service", "Provider_Name": "Microsoft-Windows-KnownFolders", "Computer": "DESKTOP-OFJ6N53", "TimeCreated": "2025-06-28 01:48:12.507986+00:00", "RecordID": "140654", "Level": "3", "UserID": "S-1-5-18", "EventData.hrError": "0x80070002", "EventData.FolderId": "{fdd39ad0-238f-46af-adb4-6c85480369c7}", "EventData.Path": "C:\\Windows\\system32\\config\\systemprofile\\Documents"}
{"EventID": "1002", "Channel": "Microsoft-Windows-Known Folders API Service", "Provider_Name": "Microsoft-Windows-KnownFolders", "Computer": "DESKTOP-OFJ6N53", "TimeCreated": "2025-06-28 01:48:19.799236+00:00", "RecordID": "140655", "Level": "3", "UserID": "S-1-5-18", "EventData.hrError": "0x80070002", "EventData.FolderId": "{fdd39ad0-238f-46af-adb4-6c85480369c7}", "EventData.Path": "C:\\Windows\\system32\\config\\systemprofile\\Documents"}
{"EventID": "1002", "Channel": "Microsoft-Windows-Known Folders API Service", "Provider_Name": "Microsoft-Windows-KnownFolders", "Computer": "DESKTOP-OFJ6N53", "TimeCreated": "2025-06-29 00:20:17.052944+00:00", "RecordID": "140656", "Level": "3", "UserID": "S-1-5-18", "EventData.hrError": "0x80070002", "EventData.FolderId": "{fdd39ad0-238f-46af-adb4-6c85480369c7}", "EventData.Path": "C:\\Windows\\system32\\config\\systemprofile\\Documents"}
{"EventID": "1002", "Channel": "Microsoft-Windows-Known Folders API Service", "Provider_Name": "Microsoft-Windows-KnownFolders", "Computer": "DESKTOP-OFJ6N53", "TimeCreated": "2025-06-29 00:20:21.323456+00:00", "RecordID": "140657", "Level": "3", "UserID": "S-1-5-18", "EventData.hrError": "0x80070002", "EventData.FolderId": "{fdd39ad0-238f-46af-adb4-6c85480369c7}", "EventData.Path": "C:\\Windows\\system32\\config\\systemprofile\\Documents"}
{"EventID": "1002", "Channel": "Microsoft-Windows-Known Folders API Service", "Provider_Name": "Microsoft-Windows-KnownFolders", "Computer": "DESKTOP-OFJ6N53", "TimeCreated": "2025-06-30 00:09:43.944859+00:00", "RecordID": "140658", "Level": "3", "UserID": "S-1-5-18", "EventData.hrError": "0x80070002", "EventData.FolderId": "{fdd39ad0-238f-46af-adb4-6c85480369c7}", "EventData.Path": "C:\\Windows\\system32\\config\\systemprofile\\Documents"}
{"EventID": "1002", "Channel": "Microsoft-Windows-Known Folders API Service", "Provider_Name": "Microsoft-Windows-KnownFolders", "Computer": "DESKTOP-OFJ6N53", "TimeCreated": "2025-06-30 00:09:50.300987+00:00", "RecordID": "140659", "Level": "3", "UserID": "S-1-5-18", "EventData.hrError": "0x80070002", "EventData.FolderId": "{fdd39ad0-238f-46af-adb4-6c85480369c7}", "EventData.Path": "C:\\Windows\\system32\\config\\systemprofile\\Documents"}
{"EventID": "1002", "Channel": "Microsoft-Windows-Known Folders API Service", "Provider_Name": "Microsoft-Windows-KnownFolders", "Computer": "DESKTOP-OFJ6N53", "TimeCreated": "2025-07-01 01:53:55.126207+00:00", "RecordID": "140660", "Level": "3", "UserID": "S-1-5-18", "EventData.hrError": "0x80070002", "EventData.FolderId": "{fdd39ad0-238f-46af-adb4-6c85480369c7}", "EventData.Path": "C:\\Windows\\system32\\config\\systemprofile\\Documents"}
{"EventID": "1002", "Channel": "Microsoft-Windows-Known Folders API Service", "Provider_Name": "Microsoft-Windows-KnownFolders", "Computer": "DESKTOP-OFJ6N53", "TimeCreated": "2025-07-01 01:53:57.220690+00:00", "RecordID": "140661", "Level": "3", "UserID": "S-1-5-18", "EventData.hrError": "0x80070002", "EventData.FolderId": "{fdd39ad0-238f-46af-adb4-6c85480369c7}", "EventData.Path": "C:\\Windows\\system32\\config\\systemprofile\\Documents"}
{"EventID": "1002", "Channel": "Microsoft-Windows-Known Folders API Service", "Provider_Name": "Microsoft-Windows-KnownFolders", "Computer": "DESKTOP-OFJ6N53", "TimeCreated": "2025-07-02 00:55:06.700766+00:00", "RecordID": "140662", "Level": "3", "UserID": "S-1-5-18", "EventData.hrError": "0x80070002", "EventData.FolderId": "{fdd39ad0-238f-46af-adb4-6c85480369c7}", "EventData.Path": "C:\\Windows\\system32\\config\\systemprofile\\Documents"}
{"EventID": "1002", "Channel": "Microsoft-Windows-Known Folders API Service", "Provider_Name": "Microsoft-Windows-KnownFolders", "Computer": "DESKTOP-OFJ6N53", "TimeCreated": "2025-07-02 00:55:07.787981+00:00", "RecordID": "140663", "Level": "3", "UserID": "S-1-5-18", "EventData.hrError": "0x80070002", "EventData.FolderId": "{fdd39ad0-238f-46af-adb4-6c85480369c7}", "EventData.Path": "C:\\Windows\\system32\\config\\systemprofile\\Documents"}
{"EventID": "1002", "Channel": "Microsoft-Windows-Known Folders API Service", "Provider_Name": "Microsoft-Windows-KnownFolders", "Computer": "DESKTOP-OFJ6N53", "TimeCreated": "2025-07-03 01:04:18.142887+00:00", "RecordID": "140664", "Level": "3", "UserID": "S-1-5-18", "EventData.hrError": "0x80070002", "EventData.FolderId": "{fdd39ad0-238f-46af-adb4-6c85480369c7}", "EventData.Path": "C:\\Windows\\system32\\config\\systemprofile\\Documents"}
{"EventID": "1002", "Channel": "Microsoft-Windows-Known Folders API Service", "Provider_Name": "Microsoft-Windows-KnownFolders", "Computer": "DESKTOP-OFJ6N53", "TimeCreated": "2025-07-03 01:04:18.160736+00:00", "RecordID": "140665", "Level": "3", "UserID": "S-1-5-18", "EventData.hrError": "0x80070002", "EventData.FolderId": "{fdd39ad0-238f-46af-adb4-6c85480369c7}", "EventData.Path": "C:\\Windows\\system32\\config\\systemprofile\\Documents"}
{"EventID": "1002", "Channel": "Microsoft-Windows-Known Folders API Service", "Provider_Name": "Microsoft-Windows-KnownFolders", "Computer": "DESKTOP-OFJ6N53", "TimeCreated": "2025-07-04 00:48:59.484524+00:00", "RecordID": "140666", "Level": "3", "UserID": "S-1-5-18", "EventData.hrError": "0x80070002", "EventData.FolderId": "{fdd39ad0-238f-46af-adb4-6c85480369c7}", "EventData.Path": "C:\\Windows\\system32\\config\\systemprofile\\Documents"}
{"EventID": "1002", "Channel": "Microsoft-Windows-Known Folders API Service", "Provider_Name": "Microsoft-Windows-KnownFolders", "Computer": "DESKTOP-OFJ6N53", "TimeCreated": "2025-07-04 00:49:03.270102+00:00", "RecordID": "140667", "Level": "3", "UserID": "S-1-5-18", "EventData.hrError": "0x80070002", "EventData.FolderId": "{fdd39ad0-238f-46af-adb4-6c85480369c7}", "EventData.Path": "C:\\Windows\\system32\\config\\systemprofile\\Documents"}
{"EventID": "1002", "Channel": "Microsoft-Windows-Known Folders API Service", "Provider_Name": "Microsoft-Windows-KnownFolders", "Computer": "DESKTOP-OFJ6N53", "TimeCreated": "2025-07-05 01:42:51.118217+00:00", "RecordID": "140668", "Level": "3", "UserID": "S-1-5-18", "EventData.hrError": "0x80070002", "EventData.FolderId": "{fdd39ad0-238f-46af-adb4-6c85480369c7}", "EventData.Path": "C:\\Windows\\system32\\config\\systemprofile\\Documents"}
{"EventID": "1002", "Channel": "Microsoft-Windows-Known Folders API Service", "Provider_Name": "Microsoft-Windows-KnownFolders", "Computer": "DESKTOP-OFJ6N53", "TimeCreated": "2025-07-05 01:42:53.908978+00:00", "RecordID": "140669", "Level": "3", "UserID": "S-1-5-18", "EventData.hrError": "0x80070002", "EventData.FolderId": "{fdd39ad0-238f-46af-adb4-6c85480369c7}", "EventData.Path": "C:\\Windows\\system32\\config\\systemprofile\\Documents"}
{"EventID": "1002", "Channel": "Microsoft-Windows-Known Folders API Service", "Provider_Name": "Microsoft-Windows-KnownFolders", "Computer": "DESKTOP-OFJ6N53", "TimeCreated": "2025-07-06 02:00:55.959131+00:00", "RecordID": "140670", "Level": "3", "UserID": "S-1-5-18", "EventData.hrError": "0x80070002", "EventData.FolderId": "{fdd39ad0-238f-46af-adb4-6c85480369c7}", "EventData.Path": "C:\\Windows\\system32\\config\\systemprofile\\Documents"}
{"EventID": "1002", "Channel": "Microsoft-Windows-Known Folders API Service", "Provider_Name": "Microsoft-Windows-KnownFolders", "Computer": "DESKTOP-OFJ6N53", "TimeCreated": "2025-07-06 02:01:02.185289+00:00", "RecordID": "140671", "Level": "3", "UserID": "S-1-5-18", "EventData.hrError": "0x80070002", "EventData.FolderId": "{fdd39ad0-238f-46af-adb4-6c85480369c7}", "EventData.Path": "C:\\Windows\\system32\\config\\systemprofile\\Documents"}
{"EventID": "1002", "Channel": "Microsoft-Windows-Known Folders API Service", "Provider_Name": "Microsoft-Windows-KnownFolders", "Computer": "DESKTOP-OFJ6N53", "TimeCreated": "2025-07-07 00:41:46.009418+00:00", "RecordID": "140672", "Level": "3", "UserID": "S-1-5-18", "EventData.hrError": "0x80070002", "EventData.FolderId": "{fdd39ad0-238f-46af-adb4-6c85480369c7}", "EventData.Path": "C:\\Windows\\system32\\config\\systemprofile\\Documents"}
{"EventID": "1002", "Channel": "Microsoft-Windows-Known Folders API Service", "Provider_Name": "Microsoft-Windows-KnownFolders", "Computer": "DESKTOP-OFJ6N53", "TimeCreated": "2025-07-07 00:41:50.195974+00:00", "RecordID": "140673", "Level": "3", "UserID": "S-1-5-18", "EventData.hrError": "0x80070002", "EventData.FolderId": "{fdd39ad0-238f-46af-adb4-6c85480369c7}", "EventData.Path": "C:\\Windows\\system32\\config\\systemprofile\\Documents"}
{"EventID": "1002", "Channel": "Microsoft-Windows-Known Folders API Service", "Provider_Name": "Microsoft-Windows-KnownFolders", "Computer": "DESKTOP-OFJ6N53", "TimeCreated": "2025-07-07 12:50:04.144934+00:00", "RecordID": "140674", "Level": "3", "UserID": "S-1-5-18", "EventData.hrError": "0x80070002", "EventData.FolderId": "{b4bfcc3a-db2c-424c-b029-7fe99a87c641}", "EventData.Path": "C:\\Windows\\system32\\config\\systemprofile\\Desktop"}
{"EventID": "1002", "Channel": "Microsoft-Windows-Known Folders API Service", "Provider_Name": "Microsoft-Windows-KnownFolders", "Computer": "DESKTOP-OFJ6N53", "TimeCreated": "2025-07-07 12:50:04.885721+00:00", "RecordID": "140675", "Level": "3", "UserID": "S-1-5-18", "EventData.hrError": "0x80070002", "EventData.FolderId": "{b4bfcc3a-db2c-424c-b029-7fe99a87c641}", "EventData.Path": "C:\\Windows\\system32\\config\\systemprofile\\Desktop"}
{"EventID": "1002", "Channel": "Microsoft-Windows-Known Folders API Service", "Provider_Name": "Microsoft-Windows-KnownFolders", "Computer": "DESKTOP-OFJ6N53", "TimeCreated": "2025-07-07 12:50:08.502361+00:00", "RecordID": "140676", "Level": "3", "UserID": "S-1-5-18", "EventData.hrError": "0x80070002", "EventData.FolderId": "{b4bfcc3a-db2c-424c-b029-7fe99a87c641}", "EventData.Path": "C:\\Windows\\system32\\config\\systemprofile\\Desktop"}
{"EventID": "1002", "Channel": "Microsoft-Windows-Known Folders API Service", "Provider_Name": "Microsoft-Windows-KnownFolders", "Computer": "DESKTOP-OFJ6N53", "TimeCreated": "2025-07-07 12:50:09.770653+00:00", "RecordID": "140677", "Level": "3", "UserID": "S-1-5-18", "EventData.hrError": "0x80070002", "EventData.FolderId": "{b4bfcc3a-db2c-424c-b029-7fe99a87c641}", "EventData.Path": "C:\\Windows\\system32\\config\\systemprofile\\Desktop"}
{"EventID": "1002", "Channel": "Microsoft-Windows-Known Folders API Service", "Provider_Name": "Microsoft-Windows-KnownFolders", "Computer": "DESKTOP-OFJ6N53", "TimeCreated": "2025-07-07 12:50:44.827656+00:00", "RecordID": "140678", "Level": "3", "UserID": "S-1-5-18", "EventData.hrError": "0x80070003", "EventData.FolderId": "{b97d20bb-f46a-4c97-ba10-5e3608430854}", "EventData.Path": "C:\\Windows\\system32\\config\\systemprofile\\AppData\\Roaming\\Microsoft\\Windows\\Start Menu\\Programs\\Startup"}
{"EventID": "1002", "Channel": "Microsoft-Windows-Known Folders API Service", "Provider_Name": "Microsoft-Windows-KnownFolders", "Computer": "DESKTOP-OFJ6N53", "TimeCreated": "2025-07-07 12:50:44.828188+00:00", "RecordID": "140679", "Level": "3", "UserID": "S-1-5-18", "EventData.hrError": "0x80070002", "EventData.FolderId": "{1777f761-68ad-4d8a-87bd-30b759fa33dd}", "EventData.Path": "C:\\Windows\\system32\\config\\systemprofile\\Favorites"}
{"EventID": "1002", "Channel": "Microsoft-Windows-Known Folders API Service", "Provider_Name": "Microsoft-Windows-KnownFolders", "Computer": "DESKTOP-OFJ6N53", "TimeCreated": "2025-07-07 12:50:48.120731+00:00", "RecordID": "140680", "Level": "3", "UserID": "S-1-5-18", "EventData.hrError": "0x80070002", "EventData.FolderId": "{fdd39ad0-238f-46af-adb4-6c85480369c7}", "EventData.Path": "C:\\Windows\\system32\\config\\systemprofile\\Documents"}
{"EventID": "1002", "Channel": "Microsoft-Windows-Known Folders API Service", "Provider_Name": "Microsoft-Windows-KnownFolders", "Computer": "DESKTOP-OFJ6N53", "TimeCreated": "2025-07-07 12:51:13.543015+00:00", "RecordID": "140681", "Level": "3", "UserID": "S-1-5-18", "EventData.hrError": "0x80070002", "EventData.FolderId": "{fdd39ad0-238f-46af-adb4-6c85480369c7}", "EventData.Path": "C:\\Windows\\system32\\config\\systemprofile\\Documents"}
{"EventID": "1002", "Channel": "Microsoft-Windows-Known Folders API Service", "Provider_Name": "Microsoft-Windows-KnownFolders", "Computer": "DESKTOP-OFJ6N53", "TimeCreated": "2025-07-07 13:12:11.800632+00:00", "RecordID": "140682", "Level": "3", "UserID": "S-1-5-18", "EventData.hrError": "0x80070002", "EventData.FolderId": "{fdd39ad0-238f-46af-adb4-6c85480369c7}", "EventData.Path": "C:\\Windows\\system32\\config\\systemprofile\\Documents"}
{"EventID": "1002", "Channel": "Microsoft-Windows-Known Folders API Service", "Provider_Name": "Microsoft-Windows-KnownFolders", "Computer": "DESKTOP-OFJ6N53", "TimeCreated": "2025-07-07 13:16:56.243559+00:00", "RecordID": "140683", "Level": "3", "UserID": "S-1-5-18", "EventData.hrError": "0x80070002", "EventData.FolderId": "{1777f761-68ad-4d8a-87bd-30b759fa33dd}", "EventData.Path": "C:\\Windows\\system32\\config\\systemprofile\\Favorites"}
{"EventID": "1002", "Channel": "Microsoft-Windows-Known Folders API Service", "Provider_Name": "Microsoft-Windows-KnownFolders", "Computer": "DESKTOP-OFJ6N53", "TimeCreated": "2025-07-07 13:16:56.243942+00:00", "RecordID": "140684", "Level": "3", "UserID": "S-1-5-18", "EventData.hrError": "0x80070003", "EventData.FolderId": "{625b53c3-ab48-4ec1-ba1f-a1ef4146fc19}", "EventData.Path": "C:\\Windows\\system32\\config\\systemprofile\\AppData\\Roaming\\Microsoft\\Windows\\Start Menu"}
{"EventID": "1002", "Channel": "Microsoft-Windows-Known Folders API Service", "Provider_Name": "Microsoft-Windows-KnownFolders", "Computer": "DESKTOP-OFJ6N53", "TimeCreated": "2025-07-07 13:16:56.244467+00:00", "RecordID": "140685", "Level": "3", "UserID": "S-1-5-18", "EventData.hrError": "0x80070002", "EventData.FolderId": "{fdd39ad0-238f-46af-adb4-6c85480369c7}", "EventData.Path": "C:\\Windows\\system32\\config\\systemprofile\\Documents"}
{"EventID": "1002", "Channel": "Microsoft-Windows-Known Folders API Service", "Provider_Name": "Microsoft-Windows-KnownFolders", "Computer": "DESKTOP-OFJ6N53", "TimeCreated": "2025-07-07 13:16:56.244932+00:00", "RecordID": "140686", "Level": "3", "UserID": "S-1-5-18", "EventData.hrError": "0x80070002", "EventData.FolderId": "{b4bfcc3a-db2c-424c-b029-7fe99a87c641}", "EventData.Path": "C:\\Windows\\system32\\config\\systemprofile\\Desktop"}
{"EventID": "1002", "Channel": "Microsoft-Windows-Known Folders API Service", "Provider_Name": "Microsoft-Windows-KnownFolders", "Computer": "DESKTOP-OFJ6N53", "TimeCreated": "2025-07-08 01:34:49.455002+00:00", "RecordID": "140687", "Level": "3", "UserID": "S-1-5-18", "EventData.hrError": "0x80070002", "EventData.FolderId": "{fdd39ad0-238f-46af-adb4-6c85480369c7}", "EventData.Path": "C:\\Windows\\system32\\config\\systemprofile\\Documents"}
{"EventID": "1002", "Channel": "Microsoft-Windows-Known Folders API Service", "Provider_Name": "Microsoft-Windows-KnownFolders", "Computer": "DESKTOP-OFJ6N53", "TimeCreated": "2025-07-08 01:34:53.165623+00:00", "RecordID": "140688", "Level": "3", "UserID": "S-1-5-18", "EventData.hrError": "0x80070002", "EventData.FolderId": "{fdd39ad0-238f-46af-adb4-6c85480369c7}", "EventData.Path": "C:\\Windows\\system32\\config\\systemprofile\\Documents"}
{"EventID": "1002", "Channel": "Microsoft-Windows-Known Folders API Service", "Provider_Name": "Microsoft-Windows-KnownFolders", "Computer": "DESKTOP-OFJ6N53", "TimeCreated": "2025-07-09 00:03:39.177702+00:00", "RecordID": "140689", "Level": "3", "UserID": "S-1-5-18", "EventData.hrError": "0x80070002", "EventData.FolderId": "{fdd39ad0-238f-46af-adb4-6c85480369c7}", "EventData.Path": "C:\\Windows\\system32\\config\\systemprofile\\Documents"}
{"EventID": "1002", "Channel": "Microsoft-Windows-Known Folders API Service", "Provider_Name": "Microsoft-Windows-KnownFolders", "Computer": "DESKTOP-OFJ6N53", "TimeCreated": "2025-07-09 00:03:41.166697+00:00", "RecordID": "140690", "Level": "3", "UserID": "S-1-5-18", "EventData.hrError": "0x80070002", "EventData.FolderId": "{fdd39ad0-238f-46af-adb4-6c85480369c7}", "EventData.Path": "C:\\Windows\\system32\\config\\systemprofile\\Documents"}
{"EventID": "1002", "Channel": "Microsoft-Windows-Known Folders API Service", "Provider_Name": "Microsoft-Windows-KnownFolders", "Computer": "DESKTOP-OFJ6N53", "TimeCreated": "2025-07-09 14:40:23.626486+00:00", "RecordID": "140691", "Level": "3", "UserID": "S-1-5-18", "EventData.hrError": "0x80070002", "EventData.FolderId": "{b4bfcc3a-db2c-424c-b029-7fe99a87c641}", "EventData.Path": "C:\\Windows\\system32\\config\\systemprofile\\Desktop"}
{"EventID": "1002", "Channel": "Microsoft-Windows-Known Folders API Service", "Provider_Name": "Microsoft-Windows-KnownFolders", "Computer": "DESKTOP-OFJ6N53", "TimeCreated": "2025-07-09 14:40:24.128210+00:00", "RecordID": "140692", "Level": "3", "UserID": "S-1-5-18", "EventData.hrError": "0x80070002", "EventData.FolderId": "{b4bfcc3a-db2c-424c-b029-7fe99a87c641}", "EventData.Path": "C:\\Windows\\system32\\config\\systemprofile\\Desktop"}
{"EventID": "1002", "Channel": "Microsoft-Windows-Known Folders API Service", "Provider_Name": "Microsoft-Windows-KnownFolders", "Computer": "DESKTOP-OFJ6N53", "TimeCreated": "2025-07-09 14:40:26.642353+00:00", "RecordID": "140693", "Level": "3", "UserID": "S-1-5-18", "EventData.hrError": "0x80070002", "EventData.FolderId": "{b4bfcc3a-db2c-424c-b029-7fe99a87c641}", "EventData.Path": "C:\\Windows\\system32\\config\\systemprofile\\Desktop"}
{"EventID": "1002", "Channel": "Microsoft-Windows-Known Folders API Service", "Provider_Name": "Microsoft-Windows-KnownFolders", "Computer": "DESKTOP-OFJ6N53", "TimeCreated": "2025-07-09 14:40:27.358494+00:00", "RecordID": "140694", "Level": "3", "UserID": "S-1-5-18", "EventData.hrError": "0x80070002", "EventData.FolderId": "{b4bfcc3a-db2c-424c-b029-7fe99a87c641}", "EventData.Path": "C:\\Windows\\system32\\config\\systemprofile\\Desktop"}
{"EventID": "1002", "Channel": "Microsoft-Windows-Known Folders API Service", "Provider_Name": "Microsoft-Windows-KnownFolders", "Computer": "DESKTOP-OFJ6N53", "TimeCreated": "2025-07-09 14:41:06.838598+00:00", "RecordID": "140695", "Level": "3", "UserID": "S-1-5-18", "EventData.hrError": "0x80070003", "EventData.FolderId": "{b97d20bb-f46a-4c97-ba10-5e3608430854}", "EventData.Path": "C:\\Windows\\system32\\config\\systemprofile\\AppData\\Roaming\\Microsoft\\Windows\\Start Menu\\Programs\\Startup"}
{"EventID": "1002", "Channel": "Microsoft-Windows-Known Folders API Service", "Provider_Name": "Microsoft-Windows-KnownFolders", "Computer": "DESKTOP-OFJ6N53", "TimeCreated": "2025-07-09 14:41:06.839027+00:00", "RecordID": "140696", "Level": "3", "UserID": "S-1-5-18", "EventData.hrError": "0x80070002", "EventData.FolderId": "{1777f761-68ad-4d8a-87bd-30b759fa33dd}", "EventData.Path": "C:\\Windows\\system32\\config\\systemprofile\\Favorites"}
{"EventID": "1002", "Channel": "Microsoft-Windows-Known Folders API Service", "Provider_Name": "Microsoft-Windows-KnownFolders", "Computer": "DESKTOP-OFJ6N53", "TimeCreated": "2025-07-09 14:41:16.085817+00:00", "RecordID": "140697", "Level": "3", "UserID": "S-1-5-18", "EventData.hrError": "0x80070002", "EventData.FolderId": "{fdd39ad0-238f-46af-adb4-6c85480369c7}", "EventData.Path": "C:\\Windows\\system32\\config\\systemprofile\\Documents"}
{"EventID": "1002", "Channel": "Microsoft-Windows-Known Folders API Service", "Provider_Name": "Microsoft-Windows-KnownFolders", "Computer": "DESKTOP-OFJ6N53", "TimeCreated": "2025-07-09 14:41:44.805103+00:00", "RecordID": "140698", "Level": "3", "UserID": "S-1-5-18", "EventData.hrError": "0x80070002", "EventData.FolderId": "{fdd39ad0-238f-46af-adb4-6c85480369c7}", "EventData.Path": "C:\\Windows\\system32\\config\\systemprofile\\Documents"}
{"EventID": "1002", "Channel": "Microsoft-Windows-Known Folders API Service", "Provider_Name": "Microsoft-Windows-KnownFolders", "Computer": "DESKTOP-OFJ6N53", "TimeCreated": "2025-07-09 14:41:55.710207+00:00", "RecordID": "140699", "Level": "3", "UserID": "S-1-5-18", "EventData.hrError": "0x80070002", "EventData.FolderId": "{fdd39ad0-238f-46af-adb4-6c85480369c7}", "EventData.Path": "C:\\Windows\\system32\\config\\systemprofile\\Documents"}
{"EventID": "1002", "Channel": "Microsoft-Windows-Known Folders API Service", "Provider_Name": "Microsoft-Windows-KnownFolders", "Computer": "DESKTOP-OFJ6N53", "TimeCreated": "2025-07-10 01:41:11.376593+00:00", "RecordID": "140700", "Level": "3", "UserID": "S-1-5-18", "EventData.hrError": "0x80070002", "EventData.FolderId": "{fdd39ad0-238f-46af-adb4-6c85480369c7}", "EventData.Path": "C:\\Windows\\system32\\config\\systemprofile\\Documents"}
{"EventID": "1002", "Channel": "Microsoft-Windows-Known Folders API Service", "Provider_Name": "Microsoft-Windows-KnownFolders", "Computer": "DESKTOP-OFJ6N53", "TimeCreated": "2025-07-10 01:41:16.030966+00:00", "RecordID": "140701", "Level": "3", "UserID": "S-1-5-18", "EventData.hrError": "0x80070002", "EventData.FolderId": "{fdd39ad0-238f-46af-adb4-6c85480369c7}", "EventData.Path": "C:\\Windows\\system32\\config\\systemprofile\\Documents"}
{"EventID": "1002", "Channel": "Microsoft-Windows-Known Folders API Service", "Provider_Name": "Microsoft-Windows-KnownFolders", "Computer": "DESKTOP-OFJ6N53", "TimeCreated": "2025-07-11 01:40:18.522120+00:00", "RecordID": "140702", "Level": "3", "UserID": "S-1-5-18", "EventData.hrError": "0x80070002", "EventData.FolderId": "{fdd39ad0-238f-46af-adb4-6c85480369c7}", "EventData.Path": "C:\\Windows\\system32\\config\\systemprofile\\Documents"}
{"EventID": "1002", "Channel": "Microsoft-Windows-Known Folders API Service", "Provider_Name": "Microsoft-Windows-KnownFolders", "Computer": "DESKTOP-OFJ6N53", "TimeCreated": "2025-07-11 01:40:22.900171+00:00", "RecordID": "140703", "Level": "3", "UserID": "S-1-5-18", "EventData.hrError": "0x80070002", "EventData.FolderId": "{fdd39ad0-238f-46af-adb4-6c85480369c7}", "EventData.Path": "C:\\Windows\\system32\\config\\systemprofile\\Documents"}
{"EventID": "1002", "Channel": "Microsoft-Windows-Known Folders API Service", "Provider_Name": "Microsoft-Windows-KnownFolders", "Computer": "DESKTOP-OFJ6N53", "TimeCreated": "2025-07-12 00:56:49.848480+00:00", "RecordID": "140704", "Level": "3", "UserID": "S-1-5-18", "EventData.hrError": "0x80070002", "EventData.FolderId": "{fdd39ad0-238f-46af-adb4-6c85480369c7}", "EventData.Path": "C:\\Windows\\system32\\config\\systemprofile\\Documents"}
{"EventID": "1002", "Channel": "Microsoft-Windows-Known Folders API Service", "Provider_Name": "Microsoft-Windows-KnownFolders", "Computer": "DESKTOP-OFJ6N53", "TimeCreated": "2025-07-12 00:56:55.827709+00:00", "RecordID": "140705", "Level": "3", "UserID": "S-1-5-18", "EventData.hrError": "0x80070002", "EventData.FolderId": "{fdd39ad0-238f-46af-adb4-6c85480369c7}", "EventData.Path": "C:\\Windows\\system32\\config\\systemprofile\\Documents"}
{"EventID": "1002", "Channel": "Microsoft-Windows-Known Folders API Service", "Provider_Name": "Microsoft-Windows-KnownFolders", "Computer": "DESKTOP-OFJ6N53", "TimeCreated": "2025-07-13 00:08:35.806639+00:00", "RecordID": "140706", "Level": "3", "UserID": "S-1-5-18", "EventData.hrError": "0x80070002", "EventData.FolderId": "{fdd39ad0-238f-46af-adb4-6c85480369c7}", "EventData.Path": "C:\\Windows\\system32\\config\\systemprofile\\Documents"}
{"EventID": "1002", "Channel": "Microsoft-Windows-Known Folders API Service", "Provider_Name": "Microsoft-Windows-KnownFolders", "Computer": "DESKTOP-OFJ6N53", "TimeCreated": "2025-07-13 00:08:39.050701+00:00", "RecordID": "140707", "Level": "3", "UserID": "S-1-5-18", "EventData.hrError": "0x80070002", "EventData.FolderId": "{fdd39ad0-238f-46af-adb4-6c85480369c7}", "EventData.Path": "C:\\Windows\\system32\\config\\systemprofile\\Documents"}
{"EventID": "1002", "Channel": "Microsoft-Windows-Known Folders API Service", "Provider_Name": "Microsoft-Windows-KnownFolders", "Computer": "DESKTOP-OFJ6N53", "TimeCreated": "2025-07-14 00:01:25.934992+00:00", "RecordID": "140708", "Level": "3", "UserID": "S-1-5-18", "EventData.hrError": "0x80070002", "EventData.FolderId": "{fdd39ad0-238f-46af-adb4-6c85480369c7}", "EventData.Path": "C:\\Windows\\system32\\config\\systemprofile\\Documents"}
{"EventID": "1002", "Channel": "Microsoft-Windows-Known Folders API Service", "Provider_Name": "Microsoft-Windows-KnownFolders", "Computer": "DESKTOP-OFJ6N53", "TimeCreated": "2025-07-14 00:01:29.368988+00:00", "RecordID": "140709", "Level": "3", "UserID": "S-1-5-18", "EventData.hrError": "0x80070002", "EventData.FolderId": "{fdd39ad0-238f-46af-adb4-6c85480369c7}", "EventData.Path": "C:\\Windows\\system32\\config\\systemprofile\\Documents"}
{"EventID": "1002", "Channel": "Microsoft-Windows-Known Folders API Service", "Provider_Name": "Microsoft-Windows-KnownFolders", "Computer": "DESKTOP-OFJ6N53", "TimeCreated": "2025-07-14 09:52:17.168716+00:00", "RecordID": "140710", "Level": "3", "UserID": "S-1-5-18", "EventData.hrError": "0x80070002", "EventData.FolderId": "{fdd39ad0-238f-46af-adb4-6c85480369c7}", "EventData.Path": "C:\\Windows\\system32\\config\\systemprofile\\Documents"}
{"EventID": "1002", "Channel": "Microsoft-Windows-Known Folders API Service", "Provider_Name": "Microsoft-Windows-KnownFolders", "Computer": "DESKTOP-OFJ6N53", "TimeCreated": "2025-07-14 09:52:24.231258+00:00", "RecordID": "140711", "Level": "3", "UserID": "S-1-5-18", "EventData.hrError": "0x80070002", "EventData.FolderId": "{1777f761-68ad-4d8a-87bd-30b759fa33dd}", "EventData.Path": "C:\\Windows\\system32\\config\\systemprofile\\Favorites"}
{"EventID": "1002", "Channel": "Microsoft-Windows-Known Folders API Service", "Provider_Name": "Microsoft-Windows-KnownFolders", "Computer": "DESKTOP-OFJ6N53", "TimeCreated": "2025-07-14 09:52:24.233936+00:00", "RecordID": "140712", "Level": "3", "UserID": "S-1-5-18", "EventData.hrError": "0x80070003", "EventData.FolderId": "{625b53c3-ab48-4ec1-ba1f-a1ef4146fc19}", "EventData.Path": "C:\\Windows\\system32\\config\\systemprofile\\AppData\\Roaming\\Microsoft\\Windows\\Start Menu"}
{"EventID": "1002", "Channel": "Microsoft-Windows-Known Folders API Service", "Provider_Name": "Microsoft-Windows-KnownFolders", "Computer": "DESKTOP-OFJ6N53", "TimeCreated": "2025-07-14 09:52:24.234547+00:00", "RecordID": "140713", "Level": "3", "UserID": "S-1-5-18", "EventData.hrError": "0x80070002", "EventData.FolderId": "{fdd39ad0-238f-46af-adb4-6c85480369c7}", "EventData.Path": "C:\\Windows\\system32\\config\\systemprofile\\Documents"}
{"EventID": "1002", "Channel": "Microsoft-Windows-Known Folders API Service", "Provider_Name": "Microsoft-Windows-KnownFolders", "Computer": "DESKTOP-OFJ6N53", "TimeCreated": "2025-07-14 09:52:24.235060+00:00", "RecordID": "140714", "Level": "3", "UserID": "S-1-5-18", "EventData.hrError": "0x80070002", "EventData.FolderId": "{b4bfcc3a-db2c-424c-b029-7fe99a87c641}", "EventData.Path": "C:\\Windows\\system32\\config\\systemprofile\\Desktop"}
{"EventID": "1002", "Channel": "Microsoft-Windows-Known Folders API Service", "Provider_Name": "Microsoft-Windows-KnownFolders", "Computer": "DESKTOP-OFJ6N53", "TimeCreated": "2025-07-15 01:02:14.091599+00:00", "RecordID": "140715", "Level": "3", "UserID": "S-1-5-18", "EventData.hrError": "0x80070002", "EventData.FolderId": "{fdd39ad0-238f-46af-adb4-6c85480369c7}", "EventData.Path": "C:\\Windows\\system32\\config\\systemprofile\\Documents"}
{"EventID": "1002", "Channel": "Microsoft-Windows-Known Folders API Service", "Provider_Name": "Microsoft-Windows-KnownFolders", "Computer": "DESKTOP-OFJ6N53", "TimeCreated": "2025-07-15 01:02:17.465269+00:00", "RecordID": "140716", "Level": "3", "UserID": "S-1-5-18", "EventData.hrError": "0x80070002", "EventData.FolderId": "{fdd39ad0-238f-46af-adb4-6c85480369c7}", "EventData.Path": "C:\\Windows\\system32\\config\\systemprofile\\Documents"}
{"EventID": "1002", "Channel": "Microsoft-Windows-Known Folders API Service", "Provider_Name": "Microsoft-Windows-KnownFolders", "Computer": "DESKTOP-OFJ6N53", "TimeCreated": "2025-07-16 01:26:16.873095+00:00", "RecordID": "140717", "Level": "3", "UserID": "S-1-5-18", "EventData.hrError": "0x80070002", "EventData.FolderId": "{fdd39ad0-238f-46af-adb4-6c85480369c7}", "EventData.Path": "C:\\Windows\\system32\\config\\systemprofile\\Documents"}
{"EventID": "1002", "Channel": "Microsoft-Windows-Known Folders API Service", "Provider_Name": "Microsoft-Windows-KnownFolders", "Computer": "DESKTOP-OFJ6N53", "TimeCreated": "2025-07-16 01:26:17.983519+00:00", "RecordID": "140718", "Level": "3", "UserID": "S-1-5-18", "EventData.hrError": "0x80070002", "EventData.FolderId": "{fdd39ad0-238f-46af-adb4-6c85480369c7}", "EventData.Path": "C:\\Windows\\system32\\config\\systemprofile\\Documents"}
{"EventID": "1002", "Channel": "Microsoft-Windows-Known Folders API Service", "Provider_Name": "Microsoft-Windows-KnownFolders", "Computer": "DESKTOP-OFJ6N53", "TimeCreated": "2025-07-17 01:50:11.774298+00:00", "RecordID": "140719", "Level": "3", "UserID": "S-1-5-18", "EventData.hrError": "0x80070002", "EventData.FolderId": "{fdd39ad0-238f-46af-adb4-6c85480369c7}", "EventData.Path": "C:\\Windows\\system32\\config\\systemprofile\\Documents"}
{"EventID": "1002", "Channel": "Microsoft-Windows-Known Folders API Service", "Provider_Name": "Microsoft-Windows-KnownFolders", "Computer": "DESKTOP-OFJ6N53", "TimeCreated": "2025-07-17 01:50:11.774899+00:00", "RecordID": "140720", "Level": "3", "UserID": "S-1-5-18", "EventData.hrError": "0x80070002", "EventData.FolderId": "{fdd39ad0-238f-46af-adb4-6c85480369c7}", "EventData.Path": "C:\\Windows\\system32\\config\\systemprofile\\Documents"}
{"EventID": "1002", "Channel": "Microsoft-Windows-Known Folders API Service", "Provider_Name": "Microsoft-Windows-KnownFolders", "Computer": "DESKTOP-OFJ6N53", "TimeCreated": "2025-07-18 01:57:23.594296+00:00", "RecordID": "140721", "Level": "3", "UserID": "S-1-5-18", "EventData.hrError": "0x80070002", "EventData.FolderId": "{fdd39ad0-238f-46af-adb4-6c85480369c7}", "EventData.Path": "C:\\Windows\\system32\\config\\systemprofile\\Documents"}
{"EventID": "1002", "Channel": "Microsoft-Windows-Known Folders API Service", "Provider_Name": "Microsoft-Windows-KnownFolders", "Computer": "DESKTOP-OFJ6N53", "TimeCreated": "2025-07-18 01:57:23.895523+00:00", "RecordID": "140722", "Level": "3", "UserID": "S-1-5-18", "EventData.hrError": "0x80070002", "EventData.FolderId": "{fdd39ad0-238f-46af-adb4-6c85480369c7}", "EventData.Path": "C:\\Windows\\system32\\config\\systemprofile\\Documents"}
{"EventID": "1002", "Channel": "Microsoft-Windows-Known Folders API Service", "Provider_Name": "Microsoft-Windows-KnownFolders", "Computer": "DESKTOP-OFJ6N53", "TimeCreated": "2025-07-19 01:41:51.477177+00:00", "RecordID": "140723", "Level": "3", "UserID": "S-1-5-18", "EventData.hrError": "0x80070002", "EventData.FolderId": "{fdd39ad0-238f-46af-adb4-6c85480369c7}", "EventData.Path": "C:\\Windows\\system32\\config\\systemprofile\\Documents"}
{"EventID": "1002", "Channel": "Microsoft-Windows-Known Folders API Service", "Provider_Name": "Microsoft-Windows-KnownFolders", "Computer": "DESKTOP-OFJ6N53", "TimeCreated": "2025-07-19 01:41:53.443319+00:00", "RecordID": "140724", "Level": "3", "UserID": "S-1-5-18", "EventData.hrError": "0x80070002", "EventData.FolderId": "{fdd39ad0-238f-46af-adb4-6c85480369c7}", "EventData.Path": "C:\\Windows\\system32\\config\\systemprofile\\Documents"}
{"EventID": "1002", "Channel": "Microsoft-Windows-Known Folders API Service", "Provider_Name": "Microsoft-Windows-KnownFolders", "Computer": "DESKTOP-OFJ6N53", "TimeCreated": "2025-07-20 00:16:37.255035+00:00", "RecordID": "140725", "Level": "3", "UserID": "S-1-5-18", "EventData.hrError": "0x80070002", "EventData.FolderId": "{fdd39ad0-238f-46af-adb4-6c85480369c7}", "EventData.Path": "C:\\Windows\\system32\\config\\systemprofile\\Documents"}
{"EventID": "1002", "Channel": "Microsoft-Windows-Known Folders API Service", "Provider_Name": "Microsoft-Windows-KnownFolders", "Computer": "DESKTOP-OFJ6N53", "TimeCreated": "2025-07-20 00:16:41.150534+00:00", "RecordID": "140726", "Level": "3", "UserID": "S-1-5-18", "EventData.hrError": "0x80070002", "EventData.FolderId": "{fdd39ad0-238f-46af-adb4-6c85480369c7}", "EventData.Path": "C:\\Windows\\system32\\config\\systemprofile\\Documents"}
{"EventID": "1002", "Channel": "Microsoft-Windows-Known Folders API Service", "Provider_Name": "Microsoft-Windows-KnownFolders", "Computer": "DESKTOP-OFJ6N53", "TimeCreated": "2025-07-21 01:19:04.545797+00:00", "RecordID": "140727", "Level": "3", "UserID": "S-1-5-18", "EventData.hrError": "0x80070002", "EventData.FolderId": "{fdd39ad0-238f-46af-adb4-6c85480369c7}", "EventData.Path": "C:\\Windows\\system32\\config\\systemprofile\\Documents"}
