{"EventID": "1010", "Channel": "Microsoft-Windows-SMBServer/Operational", "Provider_Name": "Microsoft-Windows-SMBServer", "Computer": "DESKTOP-OFJ6N53", "TimeCreated": "2023-03-10 11:28:58.617386+00:00", "RecordID": "2502", "Level": "4", "UserID": "S-1-5-18"}
{"EventID": "1011", "Channel": "Microsoft-Windows-SMBServer/Operational", "Provider_Name": "Microsoft-Windows-SMBServer", "Computer": "DESKTOP-OFJ6N53", "TimeCreated": "2023-03-10 11:32:51.999828+00:00", "RecordID": "2503", "Level": "4", "UserID": "S-1-5-18"}
{"EventID": "1010", "Channel": "Microsoft-Windows-SMBServer/Operational", "Provider_Name": "Microsoft-Windows-SMBServer", "Computer": "DESKTOP-OFJ6N53", "TimeCreated": "2023-03-10 11:33:00.102669+00:00", "RecordID": "2504", "Level": "4", "UserID": "S-1-5-18"}
{"EventID": "1011", "Channel": "Microsoft-Windows-SMBServer/Operational", "Provider_Name": "Microsoft-Windows-SMBServer", "Computer": "DESKTOP-OFJ6N53", "TimeCreated": "2023-03-10 11:36:53.519705+00:00", "RecordID": "2505", "Level": "4", "UserID": "S-1-5-18"}
{"EventID": "1010", "Channel": "Microsoft-Windows-SMBServer/Operational", "Provider_Name": "Microsoft-Windows-SMBServer", "Computer": "DESKTOP-OFJ6N53", "TimeCreated": "2023-03-10 11:37:01.602058+00:00", "RecordID": "2506", "Level": "4", "UserID": "S-1-5-18"}
{"EventID": "1011", "Channel": "Microsoft-Windows-SMBServer/Operational", "Provider_Name": "Microsoft-Windows-SMBServer", "Computer": "DESKTOP-OFJ6N53", "TimeCreated": "2023-03-10 11:40:55.048000+00:00", "RecordID": "2507", "Level": "4", "UserID": "S-1-5-18"}
{"EventID": "1010", "Channel": "Microsoft-Windows-SMBServer/Operational", "Provider_Name": "Microsoft-Windows-SMBServer", "Computer": "DESKTOP-OFJ6N53", "TimeCreated": "2023-03-10 11:41:03.101397+00:00", "RecordID": "2508", "Level": "4", "UserID": "S-1-5-18"}
{"EventID": "1011", "Channel": "Microsoft-Windows-SMBServer/Operational", "Provider_Name": "Microsoft-Windows-SMBServer", "Computer": "DESKTOP-OFJ6N53", "TimeCreated": "2023-03-10 11:45:16.907509+00:00", "RecordID": "2509", "Level": "4", "UserID": "S-1-5-18"}
{"EventID": "1010", "Channel": "Microsoft-Windows-SMBServer/Operational", "Provider_Name": "Microsoft-Windows-SMBServer", "Computer": "DESKTOP-OFJ6N53", "TimeCreated": "2023-03-10 11:45:24.617468+00:00", "RecordID": "2510", "Level": "4", "UserID": "S-1-5-18"}
{"EventID": "1011", "Channel": "Microsoft-Windows-SMBServer/Operational", "Provider_Name": "Microsoft-Windows-SMBServer", "Computer": "DESKTOP-OFJ6N53", "TimeCreated": "2023-03-10 11:49:28.278908+00:00", "RecordID": "2511", "Level": "4", "UserID": "S-1-5-18"}
{"EventID": "1010", "Channel": "Microsoft-Windows-SMBServer/Operational", "Provider_Name": "Microsoft-Windows-SMBServer", "Computer": "DESKTOP-OFJ6N53", "TimeCreated": "2023-03-10 11:49:36.087132+00:00", "RecordID": "2512", "Level": "4", "UserID": "S-1-5-18"}
{"EventID": "1011", "Channel": "Microsoft-Windows-SMBServer/Operational", "Provider_Name": "Microsoft-Windows-SMBServer", "Computer": "DESKTOP-OFJ6N53", "TimeCreated": "2023-03-10 11:53:50.140997+00:00", "RecordID": "2513", "Level": "4", "UserID": "S-1-5-18"}
{"EventID": "1010", "Channel": "Microsoft-Windows-SMBServer/Operational", "Provider_Name": "Microsoft-Windows-SMBServer", "Computer": "DESKTOP-OFJ6N53", "TimeCreated": "2023-03-10 11:53:58.117006+00:00", "RecordID": "2514", "Level": "4", "UserID": "S-1-5-18"}
{"EventID": "1011", "Channel": "Microsoft-Windows-SMBServer/Operational", "Provider_Name": "Microsoft-Windows-SMBServer", "Computer": "DESKTOP-OFJ6N53", "TimeCreated": "2023-03-10 11:57:51.500954+00:00", "RecordID": "2515", "Level": "4", "UserID": "S-1-5-18"}
{"EventID": "1010", "Channel": "Microsoft-Windows-SMBServer/Operational", "Provider_Name": "Microsoft-Windows-SMBServer", "Computer": "DESKTOP-OFJ6N53", "TimeCreated": "2023-03-10 11:57:59.116999+00:00", "RecordID": "2516", "Level": "4", "UserID": "S-1-5-18"}
{"EventID": "1011", "Channel": "Microsoft-Windows-SMBServer/Operational", "Provider_Name": "Microsoft-Windows-SMBServer", "Computer": "DESKTOP-OFJ6N53", "TimeCreated": "2023-03-10 12:01:11.503069+00:00", "RecordID": "2517", "Level": "4", "UserID": "S-1-5-18"}
{"EventID": "1011", "Channel": "Microsoft-Windows-SMBServer/Operational", "Provider_Name": "Microsoft-Windows-SMBServer", "Computer": "DESKTOP-OFJ6N53", "TimeCreated": "2023-03-10 12:01:53.663477+00:00", "RecordID": "2518", "Level": "4", "UserID": "S-1-5-18"}
{"EventID": "1025", "Channel": "Microsoft-Windows-SMBServer/Operational", "Provider_Name": "Microsoft-Windows-SMBServer", "Computer": "DESKTOP-OFJ6N53", "TimeCreated": "2023-03-10 12:03:46.883026+00:00", "RecordID": "2519", "Level": "3", "UserID": "S-1-5-18"}
{"EventID": "1010", "Channel": "Microsoft-Windows-SMBServer/Operational", "Provider_Name": "Microsoft-Windows-SMBServer", "Computer": "DESKTOP-OFJ6N53", "TimeCreated": "2023-03-10 12:03:46.897566+00:00", "RecordID": "2520", "Level": "4", "UserID": "S-1-5-18"}
{"EventID": "1010", "Channel": "Microsoft-Windows-SMBServer/Operational", "Provider_Name": "Microsoft-Windows-SMBServer", "Computer": "DESKTOP-OFJ6N53", "TimeCreated": "2023-03-10 12:03:49.936859+00:00", "RecordID": "2521", "Level": "4", "UserID": "S-1-5-18"}
{"EventID": "1010", "Channel": "Microsoft-Windows-SMBServer/Operational", "Provider_Name": "Microsoft-Windows-SMBServer", "Computer": "DESKTOP-OFJ6N53", "TimeCreated": "2023-03-10 12:22:11.424013+00:00", "RecordID": "2522", "Level": "4", "UserID": "S-1-5-18"}
{"EventID": "1025", "Channel": "Microsoft-Windows-SMBServer/Operational", "Provider_Name": "Microsoft-Windows-SMBServer", "Computer": "DESKTOP-OFJ6N53", "TimeCreated": "2023-03-13 11:09:17.676699+00:00", "RecordID": "2523", "Level": "3", "UserID": "S-1-5-18"}
{"EventID": "1010", "Channel": "Microsoft-Windows-SMBServer/Operational", "Provider_Name": "Microsoft-Windows-SMBServer", "Computer": "DESKTOP-OFJ6N53", "TimeCreated": "2023-03-13 11:09:18.197710+00:00", "RecordID": "2524", "Level": "4", "UserID": "S-1-5-18"}
{"EventID": "1010", "Channel": "Microsoft-Windows-SMBServer/Operational", "Provider_Name": "Microsoft-Windows-SMBServer", "Computer": "DESKTOP-OFJ6N53", "TimeCreated": "2023-03-13 11:09:22.598856+00:00", "RecordID": "2525", "Level": "4", "UserID": "S-1-5-18"}
{"EventID": "1010", "Channel": "Microsoft-Windows-SMBServer/Operational", "Provider_Name": "Microsoft-Windows-SMBServer", "Computer": "DESKTOP-OFJ6N53", "TimeCreated": "2023-03-13 11:09:25.671509+00:00", "RecordID": "2526", "Level": "4", "UserID": "S-1-5-18"}
{"EventID": "1011", "Channel": "Microsoft-Windows-SMBServer/Operational", "Provider_Name": "Microsoft-Windows-SMBServer", "Computer": "DESKTOP-OFJ6N53", "TimeCreated": "2023-03-13 11:10:17.302025+00:00", "RecordID": "2527", "Level": "4", "UserID": "S-1-5-18"}
{"EventID": "1010", "Channel": "Microsoft-Windows-SMBServer/Operational", "Provider_Name": "Microsoft-Windows-SMBServer", "Computer": "DESKTOP-OFJ6N53", "TimeCreated": "2023-03-13 12:45:44.668491+00:00", "RecordID": "2528", "Level": "4", "UserID": "S-1-5-18"}
{"EventID": "1011", "Channel": "Microsoft-Windows-SMBServer/Operational", "Provider_Name": "Microsoft-Windows-SMBServer", "Computer": "DESKTOP-OFJ6N53", "TimeCreated": "2023-03-14 01:10:37.938112+00:00", "RecordID": "2529", "Level": "4", "UserID": "S-1-5-18"}
{"EventID": "1010", "Channel": "Microsoft-Windows-SMBServer/Operational", "Provider_Name": "Microsoft-Windows-SMBServer", "Computer": "DESKTOP-OFJ6N53", "TimeCreated": "2023-03-14 10:00:10.198656+00:00", "RecordID": "2530", "Level": "4", "UserID": "S-1-5-18"}
{"EventID": "1011", "Channel": "Microsoft-Windows-SMBServer/Operational", "Provider_Name": "Microsoft-Windows-SMBServer", "Computer": "DESKTOP-OFJ6N53", "TimeCreated": "2023-03-14 10:48:43.483311+00:00", "RecordID": "2531", "Level": "4", "UserID": "S-1-5-18"}
{"EventID": "1010", "Channel": "Microsoft-Windows-SMBServer/Operational", "Provider_Name": "Microsoft-Windows-SMBServer", "Computer": "DESKTOP-OFJ6N53", "TimeCreated": "2023-03-14 10:49:01.947594+00:00", "RecordID": "2532", "Level": "4", "UserID": "S-1-5-18"}
{"EventID": "1011", "Channel": "Microsoft-Windows-SMBServer/Operational", "Provider_Name": "Microsoft-Windows-SMBServer", "Computer": "DESKTOP-OFJ6N53", "TimeCreated": "2023-03-14 11:34:29.648987+00:00", "RecordID": "2533", "Level": "4", "UserID": "S-1-5-18"}
{"EventID": "1010", "Channel": "Microsoft-Windows-SMBServer/Operational", "Provider_Name": "Microsoft-Windows-SMBServer", "Computer": "DESKTOP-OFJ6N53", "TimeCreated": "2023-03-14 11:34:47.089806+00:00", "RecordID": "2534", "Level": "4", "UserID": "S-1-5-18"}
{"EventID": "1011", "Channel": "Microsoft-Windows-SMBServer/Operational", "Provider_Name": "Microsoft-Windows-SMBServer", "Computer": "DESKTOP-OFJ6N53", "TimeCreated": "2023-03-14 12:04:22.756306+00:00", "RecordID": "2535", "Level": "4", "UserID": "S-1-5-18"}
{"EventID": "1010", "Channel": "Microsoft-Windows-SMBServer/Operational", "Provider_Name": "Microsoft-Windows-SMBServer", "Computer": "DESKTOP-OFJ6N53", "TimeCreated": "2023-03-14 12:04:40.925276+00:00", "RecordID": "2536", "Level": "4", "UserID": "S-1-5-18"}
{"EventID": "1011", "Channel": "Microsoft-Windows-SMBServer/Operational", "Provider_Name": "Microsoft-Windows-SMBServer", "Computer": "DESKTOP-OFJ6N53", "TimeCreated": "2023-03-14 12:37:35.789059+00:00", "RecordID": "2537", "Level": "4", "UserID": "S-1-5-18"}
{"EventID": "1010", "Channel": "Microsoft-Windows-SMBServer/Operational", "Provider_Name": "Microsoft-Windows-SMBServer", "Computer": "DESKTOP-OFJ6N53", "TimeCreated": "2023-03-14 12:37:53.110094+00:00", "RecordID": "2538", "Level": "4", "UserID": "S-1-5-18"}
{"EventID": "1011", "Channel": "Microsoft-Windows-SMBServer/Operational", "Provider_Name": "Microsoft-Windows-SMBServer", "Computer": "DESKTOP-OFJ6N53", "TimeCreated": "2023-03-14 13:11:21.293217+00:00", "RecordID": "2539", "Level": "4", "UserID": "S-1-5-18"}
{"EventID": "1010", "Channel": "Microsoft-Windows-SMBServer/Operational", "Provider_Name": "Microsoft-Windows-SMBServer", "Computer": "DESKTOP-OFJ6N53", "TimeCreated": "2023-03-14 13:11:39.524408+00:00", "RecordID": "2540", "Level": "4", "UserID": "S-1-5-18"}
{"EventID": "1011", "Channel": "Microsoft-Windows-SMBServer/Operational", "Provider_Name": "Microsoft-Windows-SMBServer", "Computer": "DESKTOP-OFJ6N53", "TimeCreated": "2023-03-14 13:57:01.010372+00:00", "RecordID": "2541", "Level": "4", "UserID": "S-1-5-18"}
{"EventID": "1010", "Channel": "Microsoft-Windows-SMBServer/Operational", "Provider_Name": "Microsoft-Windows-SMBServer", "Computer": "DESKTOP-OFJ6N53", "TimeCreated": "2023-03-14 13:57:18.091633+00:00", "RecordID": "2542", "Level": "4", "UserID": "S-1-5-18"}
{"EventID": "1011", "Channel": "Microsoft-Windows-SMBServer/Operational", "Provider_Name": "Microsoft-Windows-SMBServer", "Computer": "DESKTOP-OFJ6N53", "TimeCreated": "2023-03-14 14:52:30.020872+00:00", "RecordID": "2543", "Level": "4", "UserID": "S-1-5-18"}
{"EventID": "1010", "Channel": "Microsoft-Windows-SMBServer/Operational", "Provider_Name": "Microsoft-Windows-SMBServer", "Computer": "DESKTOP-OFJ6N53", "TimeCreated": "2023-03-14 14:52:47.492775+00:00", "RecordID": "2544", "Level": "4", "UserID": "S-1-5-18"}
{"EventID": "1011", "Channel": "Microsoft-Windows-SMBServer/Operational", "Provider_Name": "Microsoft-Windows-SMBServer", "Computer": "DESKTOP-OFJ6N53", "TimeCreated": "2023-03-14 15:48:00.221554+00:00", "RecordID": "2545", "Level": "4", "UserID": "S-1-5-18"}
{"EventID": "1010", "Channel": "Microsoft-Windows-SMBServer/Operational", "Provider_Name": "Microsoft-Windows-SMBServer", "Computer": "DESKTOP-OFJ6N53", "TimeCreated": "2023-03-14 15:48:18.099285+00:00", "RecordID": "2546", "Level": "4", "UserID": "S-1-5-18"}
{"EventID": "1011", "Channel": "Microsoft-Windows-SMBServer/Operational", "Provider_Name": "Microsoft-Windows-SMBServer", "Computer": "DESKTOP-OFJ6N53", "TimeCreated": "2023-03-14 16:38:36.493534+00:00", "RecordID": "2547", "Level": "4", "UserID": "S-1-5-18"}
{"EventID": "1010", "Channel": "Microsoft-Windows-SMBServer/Operational", "Provider_Name": "Microsoft-Windows-SMBServer", "Computer": "DESKTOP-OFJ6N53", "TimeCreated": "2023-03-14 16:38:51.417389+00:00", "RecordID": "2548", "Level": "4", "UserID": "S-1-5-18"}
{"EventID": "1011", "Channel": "Microsoft-Windows-SMBServer/Operational", "Provider_Name": "Microsoft-Windows-SMBServer", "Computer": "DESKTOP-OFJ6N53", "TimeCreated": "2023-03-14 17:11:15.162340+00:00", "RecordID": "2549", "Level": "4", "UserID": "S-1-5-18"}
{"EventID": "1010", "Channel": "Microsoft-Windows-SMBServer/Operational", "Provider_Name": "Microsoft-Windows-SMBServer", "Computer": "DESKTOP-OFJ6N53", "TimeCreated": "2023-03-14 17:11:32.525183+00:00", "RecordID": "2550", "Level": "4", "UserID": "S-1-5-18"}
{"EventID": "1011", "Channel": "Microsoft-Windows-SMBServer/Operational", "Provider_Name": "Microsoft-Windows-SMBServer", "Computer": "DESKTOP-OFJ6N53", "TimeCreated": "2023-03-14 17:43:56.699177+00:00", "RecordID": "2551", "Level": "4", "UserID": "S-1-5-18"}
{"EventID": "1010", "Channel": "Microsoft-Windows-SMBServer/Operational", "Provider_Name": "Microsoft-Windows-SMBServer", "Computer": "DESKTOP-OFJ6N53", "TimeCreated": "2023-03-14 17:44:14.436857+00:00", "RecordID": "2552", "Level": "4", "UserID": "S-1-5-18"}
{"EventID": "1011", "Channel": "Microsoft-Windows-SMBServer/Operational", "Provider_Name": "Microsoft-Windows-SMBServer", "Computer": "DESKTOP-OFJ6N53", "TimeCreated": "2023-03-14 18:37:56.613977+00:00", "RecordID": "2553", "Level": "4", "UserID": "S-1-5-18"}
{"EventID": "1010", "Channel": "Microsoft-Windows-SMBServer/Operational", "Provider_Name": "Microsoft-Windows-SMBServer", "Computer": "DESKTOP-OFJ6N53", "TimeCreated": "2023-03-14 18:38:14.130262+00:00", "RecordID": "2554", "Level": "4", "UserID": "S-1-5-18"}
{"EventID": "1011", "Channel": "Microsoft-Windows-SMBServer/Operational", "Provider_Name": "Microsoft-Windows-SMBServer", "Computer": "DESKTOP-OFJ6N53", "TimeCreated": "2023-03-14 19:08:58.192440+00:00", "RecordID": "2555", "Level": "4", "UserID": "S-1-5-18"}
{"EventID": "1010", "Channel": "Microsoft-Windows-SMBServer/Operational", "Provider_Name": "Microsoft-Windows-SMBServer", "Computer": "DESKTOP-OFJ6N53", "TimeCreated": "2023-03-14 19:09:16.162848+00:00", "RecordID": "2556", "Level": "4", "UserID": "S-1-5-18"}
{"EventID": "1011", "Channel": "Microsoft-Windows-SMBServer/Operational", "Provider_Name": "Microsoft-Windows-SMBServer", "Computer": "DESKTOP-OFJ6N53", "TimeCreated": "2023-03-14 19:52:57.920721+00:00", "RecordID": "2557", "Level": "4", "UserID": "S-1-5-18"}
{"EventID": "1010", "Channel": "Microsoft-Windows-SMBServer/Operational", "Provider_Name": "Microsoft-Windows-SMBServer", "Computer": "DESKTOP-OFJ6N53", "TimeCreated": "2023-03-14 19:53:14.938025+00:00", "RecordID": "2558", "Level": "4", "UserID": "S-1-5-18"}
{"EventID": "1011", "Channel": "Microsoft-Windows-SMBServer/Operational", "Provider_Name": "Microsoft-Windows-SMBServer", "Computer": "DESKTOP-OFJ6N53", "TimeCreated": "2023-03-14 20:40:05.823177+00:00", "RecordID": "2559", "Level": "4", "UserID": "S-1-5-18"}
{"EventID": "1010", "Channel": "Microsoft-Windows-SMBServer/Operational", "Provider_Name": "Microsoft-Windows-SMBServer", "Computer": "DESKTOP-OFJ6N53", "TimeCreated": "2023-03-14 20:40:23.130928+00:00", "RecordID": "2560", "Level": "4", "UserID": "S-1-5-18"}
{"EventID": "1011", "Channel": "Microsoft-Windows-SMBServer/Operational", "Provider_Name": "Microsoft-Windows-SMBServer", "Computer": "DESKTOP-OFJ6N53", "TimeCreated": "2023-03-14 21:20:56.476446+00:00", "RecordID": "2561", "Level": "4", "UserID": "S-1-5-18"}
{"EventID": "1010", "Channel": "Microsoft-Windows-SMBServer/Operational", "Provider_Name": "Microsoft-Windows-SMBServer", "Computer": "DESKTOP-OFJ6N53", "TimeCreated": "2023-03-14 21:21:05.932680+00:00", "RecordID": "2562", "Level": "4", "UserID": "S-1-5-18"}
{"EventID": "1011", "Channel": "Microsoft-Windows-SMBServer/Operational", "Provider_Name": "Microsoft-Windows-SMBServer", "Computer": "DESKTOP-OFJ6N53", "TimeCreated": "2023-03-14 21:21:10.093889+00:00", "RecordID": "2563", "Level": "4", "UserID": "S-1-5-18"}
{"EventID": "1010", "Channel": "Microsoft-Windows-SMBServer/Operational", "Provider_Name": "Microsoft-Windows-SMBServer", "Computer": "DESKTOP-OFJ6N53", "TimeCreated": "2023-03-14 21:21:26.042814+00:00", "RecordID": "2564", "Level": "4", "UserID": "S-1-5-18"}
{"EventID": "1011", "Channel": "Microsoft-Windows-SMBServer/Operational", "Provider_Name": "Microsoft-Windows-SMBServer", "Computer": "DESKTOP-OFJ6N53", "TimeCreated": "2023-03-14 22:09:03.549480+00:00", "RecordID": "2565", "Level": "4", "UserID": "S-1-5-18"}
{"EventID": "1010", "Channel": "Microsoft-Windows-SMBServer/Operational", "Provider_Name": "Microsoft-Windows-SMBServer", "Computer": "DESKTOP-OFJ6N53", "TimeCreated": "2023-03-14 22:09:20.006147+00:00", "RecordID": "2566", "Level": "4", "UserID": "S-1-5-18"}
{"EventID": "1011", "Channel": "Microsoft-Windows-SMBServer/Operational", "Provider_Name": "Microsoft-Windows-SMBServer", "Computer": "DESKTOP-OFJ6N53", "TimeCreated": "2023-03-14 22:51:50.806906+00:00", "RecordID": "2567", "Level": "4", "UserID": "S-1-5-18"}
{"EventID": "1010", "Channel": "Microsoft-Windows-SMBServer/Operational", "Provider_Name": "Microsoft-Windows-SMBServer", "Computer": "DESKTOP-OFJ6N53", "TimeCreated": "2023-03-14 22:52:09.119648+00:00", "RecordID": "2568", "Level": "4", "UserID": "S-1-5-18"}
{"EventID": "1011", "Channel": "Microsoft-Windows-SMBServer/Operational", "Provider_Name": "Microsoft-Windows-SMBServer", "Computer": "DESKTOP-OFJ6N53", "TimeCreated": "2023-03-14 23:28:36.388670+00:00", "RecordID": "2569", "Level": "4", "UserID": "S-1-5-18"}
{"EventID": "1010", "Channel": "Microsoft-Windows-SMBServer/Operational", "Provider_Name": "Microsoft-Windows-SMBServer", "Computer": "DESKTOP-OFJ6N53", "TimeCreated": "2023-03-14 23:29:07.673302+00:00", "RecordID": "2570", "Level": "4", "UserID": "S-1-5-18"}
{"EventID": "1011", "Channel": "Microsoft-Windows-SMBServer/Operational", "Provider_Name": "Microsoft-Windows-SMBServer", "Computer": "DESKTOP-OFJ6N53", "TimeCreated": "2023-03-15 00:14:42.659702+00:00", "RecordID": "2571", "Level": "4", "UserID": "S-1-5-18"}
{"EventID": "1010", "Channel": "Microsoft-Windows-SMBServer/Operational", "Provider_Name": "Microsoft-Windows-SMBServer", "Computer": "DESKTOP-OFJ6N53", "TimeCreated": "2023-03-15 00:15:08.212463+00:00", "RecordID": "2572", "Level": "4", "UserID": "S-1-5-18"}
{"EventID": "1011", "Channel": "Microsoft-Windows-SMBServer/Operational", "Provider_Name": "Microsoft-Windows-SMBServer", "Computer": "DESKTOP-OFJ6N53", "TimeCreated": "2023-03-15 00:51:47.549059+00:00", "RecordID": "2573", "Level": "4", "UserID": "S-1-5-18"}
{"EventID": "1010", "Channel": "Microsoft-Windows-SMBServer/Operational", "Provider_Name": "Microsoft-Windows-SMBServer", "Computer": "DESKTOP-OFJ6N53", "TimeCreated": "2023-03-15 00:52:06.455198+00:00", "RecordID": "2574", "Level": "4", "UserID": "S-1-5-18"}
{"EventID": "1011", "Channel": "Microsoft-Windows-SMBServer/Operational", "Provider_Name": "Microsoft-Windows-SMBServer", "Computer": "DESKTOP-OFJ6N53", "TimeCreated": "2023-03-15 01:47:11.571220+00:00", "RecordID": "2575", "Level": "4", "UserID": "S-1-5-18"}
{"EventID": "1010", "Channel": "Microsoft-Windows-SMBServer/Operational", "Provider_Name": "Microsoft-Windows-SMBServer", "Computer": "DESKTOP-OFJ6N53", "TimeCreated": "2023-03-15 01:47:30.769482+00:00", "RecordID": "2576", "Level": "4", "UserID": "S-1-5-18"}
{"EventID": "1025", "Channel": "Microsoft-Windows-SMBServer/Operational", "Provider_Name": "Microsoft-Windows-SMBServer", "Computer": "DESKTOP-OFJ6N53", "TimeCreated": "2023-03-15 22:03:52.814552+00:00", "RecordID": "2577", "Level": "3", "UserID": "S-1-5-18"}
{"EventID": "1010", "Channel": "Microsoft-Windows-SMBServer/Operational", "Provider_Name": "Microsoft-Windows-SMBServer", "Computer": "DESKTOP-OFJ6N53", "TimeCreated": "2023-03-15 22:03:52.830376+00:00", "RecordID": "2578", "Level": "4", "UserID": "S-1-5-18"}
{"EventID": "1010", "Channel": "Microsoft-Windows-SMBServer/Operational", "Provider_Name": "Microsoft-Windows-SMBServer", "Computer": "DESKTOP-OFJ6N53", "TimeCreated": "2023-03-15 22:03:55.987518+00:00", "RecordID": "2579", "Level": "4", "UserID": "S-1-5-18"}
{"EventID": "1010", "Channel": "Microsoft-Windows-SMBServer/Operational", "Provider_Name": "Microsoft-Windows-SMBServer", "Computer": "DESKTOP-OFJ6N53", "TimeCreated": "2023-03-15 22:03:59.092146+00:00", "RecordID": "2580", "Level": "4", "UserID": "S-1-5-18"}
{"EventID": "1011", "Channel": "Microsoft-Windows-SMBServer/Operational", "Provider_Name": "Microsoft-Windows-SMBServer", "Computer": "DESKTOP-OFJ6N53", "TimeCreated": "2023-03-15 22:04:06.615173+00:00", "RecordID": "2581", "Level": "4", "UserID": "S-1-5-18"}
{"EventID": "1010", "Channel": "Microsoft-Windows-SMBServer/Operational", "Provider_Name": "Microsoft-Windows-SMBServer", "Computer": "DESKTOP-OFJ6N53", "TimeCreated": "2023-03-16 15:04:47.571190+00:00", "RecordID": "2582", "Level": "4", "UserID": "S-1-5-18"}
{"EventID": "1011", "Channel": "Microsoft-Windows-SMBServer/Operational", "Provider_Name": "Microsoft-Windows-SMBServer", "Computer": "DESKTOP-OFJ6N53", "TimeCreated": "2023-03-16 15:44:31.714613+00:00", "RecordID": "2583", "Level": "4", "UserID": "S-1-5-18"}
{"EventID": "1010", "Channel": "Microsoft-Windows-SMBServer/Operational", "Provider_Name": "Microsoft-Windows-SMBServer", "Computer": "DESKTOP-OFJ6N53", "TimeCreated": "2023-03-17 11:17:45.700930+00:00", "RecordID": "2584", "Level": "4", "UserID": "S-1-5-18"}
{"EventID": "1011", "Channel": "Microsoft-Windows-SMBServer/Operational", "Provider_Name": "Microsoft-Windows-SMBServer", "Computer": "DESKTOP-OFJ6N53", "TimeCreated": "2023-03-17 11:23:53.559061+00:00", "RecordID": "2585", "Level": "4", "UserID": "S-1-5-18"}
{"EventID": "1010", "Channel": "Microsoft-Windows-SMBServer/Operational", "Provider_Name": "Microsoft-Windows-SMBServer", "Computer": "DESKTOP-OFJ6N53", "TimeCreated": "2023-03-17 11:24:23.923216+00:00", "RecordID": "2586", "Level": "4", "UserID": "S-1-5-18"}
{"EventID": "1011", "Channel": "Microsoft-Windows-SMBServer/Operational", "Provider_Name": "Microsoft-Windows-SMBServer", "Computer": "DESKTOP-OFJ6N53", "TimeCreated": "2023-03-17 13:04:36.135090+00:00", "RecordID": "2587", "Level": "4", "UserID": "S-1-5-18"}
{"EventID": "1010", "Channel": "Microsoft-Windows-SMBServer/Operational", "Provider_Name": "Microsoft-Windows-SMBServer", "Computer": "DESKTOP-OFJ6N53", "TimeCreated": "2023-03-17 13:07:12.645872+00:00", "RecordID": "2588", "Level": "4", "UserID": "S-1-5-18"}
{"EventID": "1011", "Channel": "Microsoft-Windows-SMBServer/Operational", "Provider_Name": "Microsoft-Windows-SMBServer", "Computer": "DESKTOP-OFJ6N53", "TimeCreated": "2023-03-17 13:07:19.413273+00:00", "RecordID": "2589", "Level": "4", "UserID": "S-1-5-18"}
{"EventID": "1010", "Channel": "Microsoft-Windows-SMBServer/Operational", "Provider_Name": "Microsoft-Windows-SMBServer", "Computer": "DESKTOP-OFJ6N53", "TimeCreated": "2023-03-17 13:07:22.616949+00:00", "RecordID": "2590", "Level": "4", "UserID": "S-1-5-18"}
{"EventID": "1011", "Channel": "Microsoft-Windows-SMBServer/Operational", "Provider_Name": "Microsoft-Windows-SMBServer", "Computer": "DESKTOP-OFJ6N53", "TimeCreated": "2023-03-17 13:52:52.985386+00:00", "RecordID": "2591", "Level": "4", "UserID": "S-1-5-18"}
{"EventID": "1010", "Channel": "Microsoft-Windows-SMBServer/Operational", "Provider_Name": "Microsoft-Windows-SMBServer", "Computer": "DESKTOP-OFJ6N53", "TimeCreated": "2023-03-17 14:10:44.142921+00:00", "RecordID": "2592", "Level": "4", "UserID": "S-1-5-18"}
{"EventID": "1011", "Channel": "Microsoft-Windows-SMBServer/Operational", "Provider_Name": "Microsoft-Windows-SMBServer", "Computer": "DESKTOP-OFJ6N53", "TimeCreated": "2023-03-18 01:36:02.400637+00:00", "RecordID": "2593", "Level": "4", "UserID": "S-1-5-18"}
{"EventID": "1025", "Channel": "Microsoft-Windows-SMBServer/Operational", "Provider_Name": "Microsoft-Windows-SMBServer", "Computer": "DESKTOP-OFJ6N53", "TimeCreated": "2023-03-19 01:07:41.183470+00:00", "RecordID": "2594", "Level": "3", "UserID": "S-1-5-18"}
{"EventID": "1010", "Channel": "Microsoft-Windows-SMBServer/Operational", "Provider_Name": "Microsoft-Windows-SMBServer", "Computer": "DESKTOP-OFJ6N53", "TimeCreated": "2023-03-19 01:07:42.308931+00:00", "RecordID": "2595", "Level": "4", "UserID": "S-1-5-18"}
{"EventID": "1010", "Channel": "Microsoft-Windows-SMBServer/Operational", "Provider_Name": "Microsoft-Windows-SMBServer", "Computer": "DESKTOP-OFJ6N53", "TimeCreated": "2023-03-19 01:07:46.535967+00:00", "RecordID": "2596", "Level": "4", "UserID": "S-1-5-18"}
{"EventID": "1010", "Channel": "Microsoft-Windows-SMBServer/Operational", "Provider_Name": "Microsoft-Windows-SMBServer", "Computer": "DESKTOP-OFJ6N53", "TimeCreated": "2023-03-19 01:14:56.219206+00:00", "RecordID": "2597", "Level": "4", "UserID": "S-1-5-18"}
{"EventID": "1011", "Channel": "Microsoft-Windows-SMBServer/Operational", "Provider_Name": "Microsoft-Windows-SMBServer", "Computer": "DESKTOP-OFJ6N53", "TimeCreated": "2023-03-19 13:43:15.078581+00:00", "RecordID": "2598", "Level": "4", "UserID": "S-1-5-18"}
{"EventID": "1025", "Channel": "Microsoft-Windows-SMBServer/Operational", "Provider_Name": "Microsoft-Windows-SMBServer", "Computer": "DESKTOP-OFJ6N53", "TimeCreated": "2023-03-20 08:31:09.223679+00:00", "RecordID": "2599", "Level": "3", "UserID": "S-1-5-18"}
{"EventID": "1010", "Channel": "Microsoft-Windows-SMBServer/Operational", "Provider_Name": "Microsoft-Windows-SMBServer", "Computer": "DESKTOP-OFJ6N53", "TimeCreated": "2023-03-20 08:31:12.169508+00:00", "RecordID": "2600", "Level": "4", "UserID": "S-1-5-18"}
{"EventID": "1010", "Channel": "Microsoft-Windows-SMBServer/Operational", "Provider_Name": "Microsoft-Windows-SMBServer", "Computer": "DESKTOP-OFJ6N53", "TimeCreated": "2023-03-20 08:31:16.347775+00:00", "RecordID": "2601", "Level": "4", "UserID": "S-1-5-18"}
{"EventID": "1010", "Channel": "Microsoft-Windows-SMBServer/Operational", "Provider_Name": "Microsoft-Windows-SMBServer", "Computer": "DESKTOP-OFJ6N53", "TimeCreated": "2023-03-21 09:17:52.176455+00:00", "RecordID": "2602", "Level": "4", "UserID": "S-1-5-18"}
{"EventID": "1011", "Channel": "Microsoft-Windows-SMBServer/Operational", "Provider_Name": "Microsoft-Windows-SMBServer", "Computer": "DESKTOP-OFJ6N53", "TimeCreated": "2023-03-21 12:52:20.479912+00:00", "RecordID": "2603", "Level": "4", "UserID": "S-1-5-18"}
{"EventID": "1025", "Channel": "Microsoft-Windows-SMBServer/Operational", "Provider_Name": "Microsoft-Windows-SMBServer", "Computer": "DESKTOP-OFJ6N53", "TimeCreated": "2023-03-23 10:01:32.201038+00:00", "RecordID": "2604", "Level": "3", "UserID": "S-1-5-18"}
{"EventID": "1010", "Channel": "Microsoft-Windows-SMBServer/Operational", "Provider_Name": "Microsoft-Windows-SMBServer", "Computer": "DESKTOP-OFJ6N53", "TimeCreated": "2023-03-23 10:01:32.496145+00:00", "RecordID": "2605", "Level": "4", "UserID": "S-1-5-18"}
{"EventID": "1010", "Channel": "Microsoft-Windows-SMBServer/Operational", "Provider_Name": "Microsoft-Windows-SMBServer", "Computer": "DESKTOP-OFJ6N53", "TimeCreated": "2023-03-23 10:01:36.351328+00:00", "RecordID": "2606", "Level": "4", "UserID": "S-1-5-18"}
{"EventID": "1010", "Channel": "Microsoft-Windows-SMBServer/Operational", "Provider_Name": "Microsoft-Windows-SMBServer", "Computer": "DESKTOP-OFJ6N53", "TimeCreated": "2023-03-23 10:16:16.176418+00:00", "RecordID": "2607", "Level": "4", "UserID": "S-1-5-18"}
{"EventID": "1011", "Channel": "Microsoft-Windows-SMBServer/Operational", "Provider_Name": "Microsoft-Windows-SMBServer", "Computer": "DESKTOP-OFJ6N53", "TimeCreated": "2023-03-23 10:16:24.819258+00:00", "RecordID": "2608", "Level": "4", "UserID": "S-1-5-18"}
{"EventID": "1010", "Channel": "Microsoft-Windows-SMBServer/Operational", "Provider_Name": "Microsoft-Windows-SMBServer", "Computer": "DESKTOP-OFJ6N53", "TimeCreated": "2023-03-23 10:16:28.506676+00:00", "RecordID": "2609", "Level": "4", "UserID": "S-1-5-18"}
{"EventID": "1011", "Channel": "Microsoft-Windows-SMBServer/Operational", "Provider_Name": "Microsoft-Windows-SMBServer", "Computer": "DESKTOP-OFJ6N53", "TimeCreated": "2023-03-23 22:44:57.027519+00:00", "RecordID": "2610", "Level": "4", "UserID": "S-1-5-18"}
{"EventID": "1010", "Channel": "Microsoft-Windows-SMBServer/Operational", "Provider_Name": "Microsoft-Windows-SMBServer", "Computer": "DESKTOP-OFJ6N53", "TimeCreated": "2023-03-24 11:05:31.225805+00:00", "RecordID": "2611", "Level": "4", "UserID": "S-1-5-18"}
{"EventID": "1011", "Channel": "Microsoft-Windows-SMBServer/Operational", "Provider_Name": "Microsoft-Windows-SMBServer", "Computer": "DESKTOP-OFJ6N53", "TimeCreated": "2023-03-24 11:07:02.525480+00:00", "RecordID": "2612", "Level": "4", "UserID": "S-1-5-18"}
{"EventID": "1010", "Channel": "Microsoft-Windows-SMBServer/Operational", "Provider_Name": "Microsoft-Windows-SMBServer", "Computer": "DESKTOP-OFJ6N53", "TimeCreated": "2023-03-24 11:07:16.971235+00:00", "RecordID": "2613", "Level": "4", "UserID": "S-1-5-18"}
{"EventID": "1011", "Channel": "Microsoft-Windows-SMBServer/Operational", "Provider_Name": "Microsoft-Windows-SMBServer", "Computer": "DESKTOP-OFJ6N53", "TimeCreated": "2023-03-24 12:09:59.110237+00:00", "RecordID": "2614", "Level": "4", "UserID": "S-1-5-18"}
{"EventID": "1010", "Channel": "Microsoft-Windows-SMBServer/Operational", "Provider_Name": "Microsoft-Windows-SMBServer", "Computer": "DESKTOP-OFJ6N53", "TimeCreated": "2023-03-24 12:10:10.466919+00:00", "RecordID": "2615", "Level": "4", "UserID": "S-1-5-18"}
{"EventID": "1011", "Channel": "Microsoft-Windows-SMBServer/Operational", "Provider_Name": "Microsoft-Windows-SMBServer", "Computer": "DESKTOP-OFJ6N53", "TimeCreated": "2023-03-24 12:10:45.426180+00:00", "RecordID": "2616", "Level": "4", "UserID": "S-1-5-18"}
{"EventID": "1010", "Channel": "Microsoft-Windows-SMBServer/Operational", "Provider_Name": "Microsoft-Windows-SMBServer", "Computer": "DESKTOP-OFJ6N53", "TimeCreated": "2023-03-24 12:10:58.844389+00:00", "RecordID": "2617", "Level": "4", "UserID": "S-1-5-18"}
{"EventID": "1011", "Channel": "Microsoft-Windows-SMBServer/Operational", "Provider_Name": "Microsoft-Windows-SMBServer", "Computer": "DESKTOP-OFJ6N53", "TimeCreated": "2023-03-24 12:14:36.930487+00:00", "RecordID": "2618", "Level": "4", "UserID": "S-1-5-18"}
{"EventID": "1010", "Channel": "Microsoft-Windows-SMBServer/Operational", "Provider_Name": "Microsoft-Windows-SMBServer", "Computer": "DESKTOP-OFJ6N53", "TimeCreated": "2023-03-24 12:14:46.943682+00:00", "RecordID": "2619", "Level": "4", "UserID": "S-1-5-18"}
{"EventID": "1011", "Channel": "Microsoft-Windows-SMBServer/Operational", "Provider_Name": "Microsoft-Windows-SMBServer", "Computer": "DESKTOP-OFJ6N53", "TimeCreated": "2023-03-24 12:17:09.859287+00:00", "RecordID": "2620", "Level": "4", "UserID": "S-1-5-18"}
{"EventID": "1010", "Channel": "Microsoft-Windows-SMBServer/Operational", "Provider_Name": "Microsoft-Windows-SMBServer", "Computer": "DESKTOP-OFJ6N53", "TimeCreated": "2023-03-24 12:17:39.757460+00:00", "RecordID": "2621", "Level": "4", "UserID": "S-1-5-18"}
{"EventID": "1011", "Channel": "Microsoft-Windows-SMBServer/Operational", "Provider_Name": "Microsoft-Windows-SMBServer", "Computer": "DESKTOP-OFJ6N53", "TimeCreated": "2023-03-24 12:21:13.162834+00:00", "RecordID": "2622", "Level": "4", "UserID": "S-1-5-18"}
{"EventID": "1010", "Channel": "Microsoft-Windows-SMBServer/Operational", "Provider_Name": "Microsoft-Windows-SMBServer", "Computer": "DESKTOP-OFJ6N53", "TimeCreated": "2023-03-24 12:21:24.465366+00:00", "RecordID": "2623", "Level": "4", "UserID": "S-1-5-18"}
{"EventID": "1011", "Channel": "Microsoft-Windows-SMBServer/Operational", "Provider_Name": "Microsoft-Windows-SMBServer", "Computer": "DESKTOP-OFJ6N53", "TimeCreated": "2023-03-24 12:47:17.675737+00:00", "RecordID": "2624", "Level": "4", "UserID": "S-1-5-18"}
{"EventID": "1010", "Channel": "Microsoft-Windows-SMBServer/Operational", "Provider_Name": "Microsoft-Windows-SMBServer", "Computer": "DESKTOP-OFJ6N53", "TimeCreated": "2023-03-24 12:47:32.449095+00:00", "RecordID": "2625", "Level": "4", "UserID": "S-1-5-18"}
{"EventID": "1011", "Channel": "Microsoft-Windows-SMBServer/Operational", "Provider_Name": "Microsoft-Windows-SMBServer", "Computer": "DESKTOP-OFJ6N53", "TimeCreated": "2023-03-24 13:22:54.191996+00:00", "RecordID": "2626", "Level": "4", "UserID": "S-1-5-18"}
{"EventID": "1010", "Channel": "Microsoft-Windows-SMBServer/Operational", "Provider_Name": "Microsoft-Windows-SMBServer", "Computer": "DESKTOP-OFJ6N53", "TimeCreated": "2023-03-24 13:23:13.255175+00:00", "RecordID": "2627", "Level": "4", "UserID": "S-1-5-18"}
{"EventID": "1011", "Channel": "Microsoft-Windows-SMBServer/Operational", "Provider_Name": "Microsoft-Windows-SMBServer", "Computer": "DESKTOP-OFJ6N53", "TimeCreated": "2023-03-24 13:35:56.170187+00:00", "RecordID": "2628", "Level": "4", "UserID": "S-1-5-18"}
{"EventID": "1010", "Channel": "Microsoft-Windows-SMBServer/Operational", "Provider_Name": "Microsoft-Windows-SMBServer", "Computer": "DESKTOP-OFJ6N53", "TimeCreated": "2023-03-24 13:36:10.531921+00:00", "RecordID": "2629", "Level": "4", "UserID": "S-1-5-18"}
{"EventID": "1011", "Channel": "Microsoft-Windows-SMBServer/Operational", "Provider_Name": "Microsoft-Windows-SMBServer", "Computer": "DESKTOP-OFJ6N53", "TimeCreated": "2023-03-24 14:08:54.726816+00:00", "RecordID": "2630", "Level": "4", "UserID": "S-1-5-18"}
{"EventID": "1010", "Channel": "Microsoft-Windows-SMBServer/Operational", "Provider_Name": "Microsoft-Windows-SMBServer", "Computer": "DESKTOP-OFJ6N53", "TimeCreated": "2023-03-24 14:09:12.687914+00:00", "RecordID": "2631", "Level": "4", "UserID": "S-1-5-18"}
{"EventID": "1011", "Channel": "Microsoft-Windows-SMBServer/Operational", "Provider_Name": "Microsoft-Windows-SMBServer", "Computer": "DESKTOP-OFJ6N53", "TimeCreated": "2023-03-24 14:25:37.015259+00:00", "RecordID": "2632", "Level": "4", "UserID": "S-1-5-18"}
{"EventID": "1010", "Channel": "Microsoft-Windows-SMBServer/Operational", "Provider_Name": "Microsoft-Windows-SMBServer", "Computer": "DESKTOP-OFJ6N53", "TimeCreated": "2023-03-24 14:25:52.679276+00:00", "RecordID": "2633", "Level": "4", "UserID": "S-1-5-18"}
{"EventID": "1011", "Channel": "Microsoft-Windows-SMBServer/Operational", "Provider_Name": "Microsoft-Windows-SMBServer", "Computer": "DESKTOP-OFJ6N53", "TimeCreated": "2023-03-24 14:37:47.176674+00:00", "RecordID": "2634", "Level": "4", "UserID": "S-1-5-18"}
{"EventID": "1010", "Channel": "Microsoft-Windows-SMBServer/Operational", "Provider_Name": "Microsoft-Windows-SMBServer", "Computer": "DESKTOP-OFJ6N53", "TimeCreated": "2023-03-24 14:38:48.929926+00:00", "RecordID": "2635", "Level": "4", "UserID": "S-1-5-18"}
{"EventID": "1011", "Channel": "Microsoft-Windows-SMBServer/Operational", "Provider_Name": "Microsoft-Windows-SMBServer", "Computer": "DESKTOP-OFJ6N53", "TimeCreated": "2023-03-28 07:19:59.274363+00:00", "RecordID": "2636", "Level": "4", "UserID": "S-1-5-18"}
{"EventID": "1010", "Channel": "Microsoft-Windows-SMBServer/Operational", "Provider_Name": "Microsoft-Windows-SMBServer", "Computer": "DESKTOP-OFJ6N53", "TimeCreated": "2023-03-28 07:27:27.099632+00:00", "RecordID": "2637", "Level": "4", "UserID": "S-1-5-18"}
{"EventID": "1011", "Channel": "Microsoft-Windows-SMBServer/Operational", "Provider_Name": "Microsoft-Windows-SMBServer", "Computer": "DESKTOP-OFJ6N53", "TimeCreated": "2023-03-28 13:52:40.570782+00:00", "RecordID": "2638", "Level": "4", "UserID": "S-1-5-18"}
{"EventID": "1010", "Channel": "Microsoft-Windows-SMBServer/Operational", "Provider_Name": "Microsoft-Windows-SMBServer", "Computer": "DESKTOP-OFJ6N53", "TimeCreated": "2023-03-28 14:06:09.094078+00:00", "RecordID": "2639", "Level": "4", "UserID": "S-1-5-18"}
{"EventID": "1011", "Channel": "Microsoft-Windows-SMBServer/Operational", "Provider_Name": "Microsoft-Windows-SMBServer", "Computer": "DESKTOP-OFJ6N53", "TimeCreated": "2023-03-28 14:38:42.272976+00:00", "RecordID": "2640", "Level": "4", "UserID": "S-1-5-18"}
{"EventID": "1010", "Channel": "Microsoft-Windows-SMBServer/Operational", "Provider_Name": "Microsoft-Windows-SMBServer", "Computer": "DESKTOP-OFJ6N53", "TimeCreated": "2023-03-28 14:39:09.110725+00:00", "RecordID": "2641", "Level": "4", "UserID": "S-1-5-18"}
{"EventID": "1011", "Channel": "Microsoft-Windows-SMBServer/Operational", "Provider_Name": "Microsoft-Windows-SMBServer", "Computer": "DESKTOP-OFJ6N53", "TimeCreated": "2023-03-28 14:46:35.635530+00:00", "RecordID": "2642", "Level": "4", "UserID": "S-1-5-18"}
{"EventID": "1010", "Channel": "Microsoft-Windows-SMBServer/Operational", "Provider_Name": "Microsoft-Windows-SMBServer", "Computer": "DESKTOP-OFJ6N53", "TimeCreated": "2023-03-28 14:55:47.876360+00:00", "RecordID": "2643", "Level": "4", "UserID": "S-1-5-18"}
{"EventID": "1011", "Channel": "Microsoft-Windows-SMBServer/Operational", "Provider_Name": "Microsoft-Windows-SMBServer", "Computer": "DESKTOP-OFJ6N53", "TimeCreated": "2023-03-28 14:55:54.966131+00:00", "RecordID": "2644", "Level": "4", "UserID": "S-1-5-18"}
{"EventID": "1010", "Channel": "Microsoft-Windows-SMBServer/Operational", "Provider_Name": "Microsoft-Windows-SMBServer", "Computer": "DESKTOP-OFJ6N53", "TimeCreated": "2023-03-28 14:55:58.211302+00:00", "RecordID": "2645", "Level": "4", "UserID": "S-1-5-18"}
{"EventID": "1011", "Channel": "Microsoft-Windows-SMBServer/Operational", "Provider_Name": "Microsoft-Windows-SMBServer", "Computer": "DESKTOP-OFJ6N53", "TimeCreated": "2023-03-28 15:42:34.304619+00:00", "RecordID": "2646", "Level": "4", "UserID": "S-1-5-18"}
{"EventID": "1010", "Channel": "Microsoft-Windows-SMBServer/Operational", "Provider_Name": "Microsoft-Windows-SMBServer", "Computer": "DESKTOP-OFJ6N53", "TimeCreated": "2023-03-28 15:44:45.695047+00:00", "RecordID": "2647", "Level": "4", "UserID": "S-1-5-18"}
{"EventID": "1011", "Channel": "Microsoft-Windows-SMBServer/Operational", "Provider_Name": "Microsoft-Windows-SMBServer", "Computer": "DESKTOP-OFJ6N53", "TimeCreated": "2023-03-29 03:24:59.023792+00:00", "RecordID": "2648", "Level": "4", "UserID": "S-1-5-18"}
{"EventID": "1010", "Channel": "Microsoft-Windows-SMBServer/Operational", "Provider_Name": "Microsoft-Windows-SMBServer", "Computer": "DESKTOP-OFJ6N53", "TimeCreated": "2023-03-29 10:50:45.270372+00:00", "RecordID": "2649", "Level": "4", "UserID": "S-1-5-18"}
{"EventID": "1011", "Channel": "Microsoft-Windows-SMBServer/Operational", "Provider_Name": "Microsoft-Windows-SMBServer", "Computer": "DESKTOP-OFJ6N53", "TimeCreated": "2023-03-29 11:04:27.784262+00:00", "RecordID": "2650", "Level": "4", "UserID": "S-1-5-18"}
{"EventID": "1025", "Channel": "Microsoft-Windows-SMBServer/Operational", "Provider_Name": "Microsoft-Windows-SMBServer", "Computer": "DESKTOP-OFJ6N53", "TimeCreated": "2023-03-29 11:08:35.359842+00:00", "RecordID": "2651", "Level": "3", "UserID": "S-1-5-18"}
{"EventID": "1010", "Channel": "Microsoft-Windows-SMBServer/Operational", "Provider_Name": "Microsoft-Windows-SMBServer", "Computer": "DESKTOP-OFJ6N53", "TimeCreated": "2023-03-29 11:08:35.385155+00:00", "RecordID": "2652", "Level": "4", "UserID": "S-1-5-18"}
{"EventID": "1010", "Channel": "Microsoft-Windows-SMBServer/Operational", "Provider_Name": "Microsoft-Windows-SMBServer", "Computer": "DESKTOP-OFJ6N53", "TimeCreated": "2023-03-29 11:08:38.608082+00:00", "RecordID": "2653", "Level": "4", "UserID": "S-1-5-18"}
{"EventID": "1010", "Channel": "Microsoft-Windows-SMBServer/Operational", "Provider_Name": "Microsoft-Windows-SMBServer", "Computer": "DESKTOP-OFJ6N53", "TimeCreated": "2023-03-29 11:33:53.225386+00:00", "RecordID": "2654", "Level": "4", "UserID": "S-1-5-18"}
{"EventID": "1011", "Channel": "Microsoft-Windows-SMBServer/Operational", "Provider_Name": "Microsoft-Windows-SMBServer", "Computer": "DESKTOP-OFJ6N53", "TimeCreated": "2023-03-29 15:44:37.581430+00:00", "RecordID": "2655", "Level": "4", "UserID": "S-1-5-18"}
{"EventID": "1010", "Channel": "Microsoft-Windows-SMBServer/Operational", "Provider_Name": "Microsoft-Windows-SMBServer", "Computer": "DESKTOP-OFJ6N53", "TimeCreated": "2023-03-29 15:45:42.138308+00:00", "RecordID": "2656", "Level": "4", "UserID": "S-1-5-18"}
{"EventID": "1011", "Channel": "Microsoft-Windows-SMBServer/Operational", "Provider_Name": "Microsoft-Windows-SMBServer", "Computer": "DESKTOP-OFJ6N53", "TimeCreated": "2023-03-30 03:45:44.984905+00:00", "RecordID": "2657", "Level": "4", "UserID": "S-1-5-18"}
{"EventID": "1010", "Channel": "Microsoft-Windows-SMBServer/Operational", "Provider_Name": "Microsoft-Windows-SMBServer", "Computer": "DESKTOP-OFJ6N53", "TimeCreated": "2023-03-30 14:14:17.849503+00:00", "RecordID": "2658", "Level": "4", "UserID": "S-1-5-18"}
{"EventID": "1011", "Channel": "Microsoft-Windows-SMBServer/Operational", "Provider_Name": "Microsoft-Windows-SMBServer", "Computer": "DESKTOP-OFJ6N53", "TimeCreated": "2023-03-30 15:08:01.697760+00:00", "RecordID": "2659", "Level": "4", "UserID": "S-1-5-18"}
{"EventID": "1010", "Channel": "Microsoft-Windows-SMBServer/Operational", "Provider_Name": "Microsoft-Windows-SMBServer", "Computer": "DESKTOP-OFJ6N53", "TimeCreated": "2023-03-30 15:15:02.846739+00:00", "RecordID": "2660", "Level": "4", "UserID": "S-1-5-18"}
{"EventID": "1011", "Channel": "Microsoft-Windows-SMBServer/Operational", "Provider_Name": "Microsoft-Windows-SMBServer", "Computer": "DESKTOP-OFJ6N53", "TimeCreated": "2023-03-30 15:47:54.287176+00:00", "RecordID": "2661", "Level": "4", "UserID": "S-1-5-18"}
{"EventID": "1010", "Channel": "Microsoft-Windows-SMBServer/Operational", "Provider_Name": "Microsoft-Windows-SMBServer", "Computer": "DESKTOP-OFJ6N53", "TimeCreated": "2023-03-30 15:48:24.544991+00:00", "RecordID": "2662", "Level": "4", "UserID": "S-1-5-18"}
{"EventID": "1011", "Channel": "Microsoft-Windows-SMBServer/Operational", "Provider_Name": "Microsoft-Windows-SMBServer", "Computer": "DESKTOP-OFJ6N53", "TimeCreated": "2023-03-30 16:19:14.694378+00:00", "RecordID": "2663", "Level": "4", "UserID": "S-1-5-18"}
{"EventID": "1025", "Channel": "Microsoft-Windows-SMBServer/Operational", "Provider_Name": "Microsoft-Windows-SMBServer", "Computer": "DESKTOP-OFJ6N53", "TimeCreated": "2023-04-03 12:07:03.656429+00:00", "RecordID": "2664", "Level": "3", "UserID": "S-1-5-18"}
{"EventID": "1010", "Channel": "Microsoft-Windows-SMBServer/Operational", "Provider_Name": "Microsoft-Windows-SMBServer", "Computer": "DESKTOP-OFJ6N53", "TimeCreated": "2023-04-03 12:07:03.850809+00:00", "RecordID": "2665", "Level": "4", "UserID": "S-1-5-18"}
{"EventID": "1010", "Channel": "Microsoft-Windows-SMBServer/Operational", "Provider_Name": "Microsoft-Windows-SMBServer", "Computer": "DESKTOP-OFJ6N53", "TimeCreated": "2023-04-03 12:07:07.109720+00:00", "RecordID": "2666", "Level": "4", "UserID": "S-1-5-18"}
{"EventID": "1010", "Channel": "Microsoft-Windows-SMBServer/Operational", "Provider_Name": "Microsoft-Windows-SMBServer", "Computer": "DESKTOP-OFJ6N53", "TimeCreated": "2023-04-03 13:43:14.833067+00:00", "RecordID": "2667", "Level": "4", "UserID": "S-1-5-18"}
{"EventID": "1011", "Channel": "Microsoft-Windows-SMBServer/Operational", "Provider_Name": "Microsoft-Windows-SMBServer", "Computer": "DESKTOP-OFJ6N53", "TimeCreated": "2023-04-03 14:05:31.836397+00:00", "RecordID": "2668", "Level": "4", "UserID": "S-1-5-18"}
{"EventID": "1010", "Channel": "Microsoft-Windows-SMBServer/Operational", "Provider_Name": "Microsoft-Windows-SMBServer", "Computer": "DESKTOP-OFJ6N53", "TimeCreated": "2023-04-03 14:05:50.969944+00:00", "RecordID": "2669", "Level": "4", "UserID": "S-1-5-18"}
{"EventID": "1011", "Channel": "Microsoft-Windows-SMBServer/Operational", "Provider_Name": "Microsoft-Windows-SMBServer", "Computer": "DESKTOP-OFJ6N53", "TimeCreated": "2023-04-03 14:17:31.314009+00:00", "RecordID": "2670", "Level": "4", "UserID": "S-1-5-18"}
{"EventID": "1025", "Channel": "Microsoft-Windows-SMBServer/Operational", "Provider_Name": "Microsoft-Windows-SMBServer", "Computer": "DESKTOP-OFJ6N53", "TimeCreated": "2023-04-03 14:21:16.780796+00:00", "RecordID": "2671", "Level": "3", "UserID": "S-1-5-18"}
{"EventID": "1010", "Channel": "Microsoft-Windows-SMBServer/Operational", "Provider_Name": "Microsoft-Windows-SMBServer", "Computer": "DESKTOP-OFJ6N53", "TimeCreated": "2023-04-03 14:21:17.757381+00:00", "RecordID": "2672", "Level": "4", "UserID": "S-1-5-18"}
{"EventID": "1010", "Channel": "Microsoft-Windows-SMBServer/Operational", "Provider_Name": "Microsoft-Windows-SMBServer", "Computer": "DESKTOP-OFJ6N53", "TimeCreated": "2023-04-03 14:21:21.280073+00:00", "RecordID": "2673", "Level": "4", "UserID": "S-1-5-18"}
{"EventID": "1010", "Channel": "Microsoft-Windows-SMBServer/Operational", "Provider_Name": "Microsoft-Windows-SMBServer", "Computer": "DESKTOP-OFJ6N53", "TimeCreated": "2023-04-03 15:28:50.882792+00:00", "RecordID": "2674", "Level": "4", "UserID": "S-1-5-18"}
{"EventID": "1011", "Channel": "Microsoft-Windows-SMBServer/Operational", "Provider_Name": "Microsoft-Windows-SMBServer", "Computer": "DESKTOP-OFJ6N53", "TimeCreated": "2023-04-03 15:28:57.782188+00:00", "RecordID": "2675", "Level": "4", "UserID": "S-1-5-18"}
{"EventID": "1010", "Channel": "Microsoft-Windows-SMBServer/Operational", "Provider_Name": "Microsoft-Windows-SMBServer", "Computer": "DESKTOP-OFJ6N53", "TimeCreated": "2023-04-03 15:29:01.525087+00:00", "RecordID": "2676", "Level": "4", "UserID": "S-1-5-18"}
{"EventID": "1011", "Channel": "Microsoft-Windows-SMBServer/Operational", "Provider_Name": "Microsoft-Windows-SMBServer", "Computer": "DESKTOP-OFJ6N53", "TimeCreated": "2023-04-03 17:04:48.007523+00:00", "RecordID": "2677", "Level": "4", "UserID": "S-1-5-18"}
{"EventID": "1025", "Channel": "Microsoft-Windows-SMBServer/Operational", "Provider_Name": "Microsoft-Windows-SMBServer", "Computer": "DESKTOP-OFJ6N53", "TimeCreated": "2023-04-04 06:31:27.835066+00:00", "RecordID": "2678", "Level": "3", "UserID": "S-1-5-18"}
{"EventID": "1010", "Channel": "Microsoft-Windows-SMBServer/Operational", "Provider_Name": "Microsoft-Windows-SMBServer", "Computer": "DESKTOP-OFJ6N53", "TimeCreated": "2023-04-04 06:31:28.914589+00:00", "RecordID": "2679", "Level": "4", "UserID": "S-1-5-18"}
{"EventID": "1010", "Channel": "Microsoft-Windows-SMBServer/Operational", "Provider_Name": "Microsoft-Windows-SMBServer", "Computer": "DESKTOP-OFJ6N53", "TimeCreated": "2023-04-04 06:31:33.404079+00:00", "RecordID": "2680", "Level": "4", "UserID": "S-1-5-18"}
{"EventID": "1010", "Channel": "Microsoft-Windows-SMBServer/Operational", "Provider_Name": "Microsoft-Windows-SMBServer", "Computer": "DESKTOP-OFJ6N53", "TimeCreated": "2023-04-04 06:37:05.140987+00:00", "RecordID": "2681", "Level": "4", "UserID": "S-1-5-18"}
{"EventID": "1011", "Channel": "Microsoft-Windows-SMBServer/Operational", "Provider_Name": "Microsoft-Windows-SMBServer", "Computer": "DESKTOP-OFJ6N53", "TimeCreated": "2023-04-04 10:18:40.584547+00:00", "RecordID": "2682", "Level": "4", "UserID": "S-1-5-18"}
{"EventID": "1025", "Channel": "Microsoft-Windows-SMBServer/Operational", "Provider_Name": "Microsoft-Windows-SMBServer", "Computer": "DESKTOP-OFJ6N53", "TimeCreated": "2023-04-05 07:28:30.878595+00:00", "RecordID": "2683", "Level": "3", "UserID": "S-1-5-18"}
{"EventID": "1010", "Channel": "Microsoft-Windows-SMBServer/Operational", "Provider_Name": "Microsoft-Windows-SMBServer", "Computer": "DESKTOP-OFJ6N53", "TimeCreated": "2023-04-05 07:28:31.004650+00:00", "RecordID": "2684", "Level": "4", "UserID": "S-1-5-18"}
{"EventID": "1010", "Channel": "Microsoft-Windows-SMBServer/Operational", "Provider_Name": "Microsoft-Windows-SMBServer", "Computer": "DESKTOP-OFJ6N53", "TimeCreated": "2023-04-05 07:28:34.166548+00:00", "RecordID": "2685", "Level": "4", "UserID": "S-1-5-18"}
{"EventID": "1010", "Channel": "Microsoft-Windows-SMBServer/Operational", "Provider_Name": "Microsoft-Windows-SMBServer", "Computer": "DESKTOP-OFJ6N53", "TimeCreated": "2023-04-05 07:32:35.360407+00:00", "RecordID": "2686", "Level": "4", "UserID": "S-1-5-18"}
{"EventID": "1011", "Channel": "Microsoft-Windows-SMBServer/Operational", "Provider_Name": "Microsoft-Windows-SMBServer", "Computer": "DESKTOP-OFJ6N53", "TimeCreated": "2023-04-05 08:04:54.939587+00:00", "RecordID": "2687", "Level": "4", "UserID": "S-1-5-18"}
{"EventID": "1010", "Channel": "Microsoft-Windows-SMBServer/Operational", "Provider_Name": "Microsoft-Windows-SMBServer", "Computer": "DESKTOP-OFJ6N53", "TimeCreated": "2023-04-05 08:06:02.140638+00:00", "RecordID": "2688", "Level": "4", "UserID": "S-1-5-18"}
{"EventID": "1011", "Channel": "Microsoft-Windows-SMBServer/Operational", "Provider_Name": "Microsoft-Windows-SMBServer", "Computer": "DESKTOP-OFJ6N53", "TimeCreated": "2023-04-05 08:58:47.808212+00:00", "RecordID": "2689", "Level": "4", "UserID": "S-1-5-18"}
{"EventID": "1010", "Channel": "Microsoft-Windows-SMBServer/Operational", "Provider_Name": "Microsoft-Windows-SMBServer", "Computer": "DESKTOP-OFJ6N53", "TimeCreated": "2023-04-05 11:12:40.044575+00:00", "RecordID": "2690", "Level": "4", "UserID": "S-1-5-18"}
{"EventID": "1011", "Channel": "Microsoft-Windows-SMBServer/Operational", "Provider_Name": "Microsoft-Windows-SMBServer", "Computer": "DESKTOP-OFJ6N53", "TimeCreated": "2023-04-05 11:40:19.653811+00:00", "RecordID": "2691", "Level": "4", "UserID": "S-1-5-18"}
{"EventID": "1010", "Channel": "Microsoft-Windows-SMBServer/Operational", "Provider_Name": "Microsoft-Windows-SMBServer", "Computer": "DESKTOP-OFJ6N53", "TimeCreated": "2023-04-05 11:40:39.788897+00:00", "RecordID": "2692", "Level": "4", "UserID": "S-1-5-18"}
{"EventID": "1011", "Channel": "Microsoft-Windows-SMBServer/Operational", "Provider_Name": "Microsoft-Windows-SMBServer", "Computer": "DESKTOP-OFJ6N53", "TimeCreated": "2023-04-05 12:16:41.563299+00:00", "RecordID": "2693", "Level": "4", "UserID": "S-1-5-18"}
