{"EventID": "811", "Channel": "Microsoft-Windows-Winlogon/Operational", "Provider_Name": "Microsoft-Windows-Winlogon", "Computer": "DESKTOP-OFJ6N53", "TimeCreated": "2025-07-07 14:19:06.578409+00:00", "RecordID": "33427", "Level": "4", "UserID": "S-1-5-21-963789628-1060504924-4285088085-1001", "EventData.Event": "4", "EventData.SubscriberName": "Sens"}
{"EventID": "812", "Channel": "Microsoft-Windows-Winlogon/Operational", "Provider_Name": "Microsoft-Windows-Winlogon", "Computer": "DESKTOP-OFJ6N53", "TimeCreated": "2025-07-07 14:19:06.584890+00:00", "RecordID": "33428", "Level": "4", "UserID": "S-1-5-21-963789628-1060504924-4285088085-1001", "EventData.Event": "4", "EventData.SubscriberName": "Sens"}
{"EventID": "811", "Channel": "Microsoft-Windows-Winlogon/Operational", "Provider_Name": "Microsoft-Windows-Winlogon", "Computer": "DESKTOP-OFJ6N53", "TimeCreated": "2025-07-07 14:19:06.584976+00:00", "RecordID": "33429", "Level": "4", "UserID": "S-1-5-21-963789628-1060504924-4285088085-1001", "EventData.Event": "4", "EventData.SubscriberName": "TermSrv"}
{"EventID": "812", "Channel": "Microsoft-Windows-Winlogon/Operational", "Provider_Name": "Microsoft-Windows-Winlogon", "Computer": "DESKTOP-OFJ6N53", "TimeCreated": "2025-07-07 14:19:06.599958+00:00", "RecordID": "33430", "Level": "4", "UserID": "S-1-5-21-963789628-1060504924-4285088085-1001", "EventData.Event": "4", "EventData.SubscriberName": "TermSrv"}
{"EventID": "811", "Channel": "Microsoft-Windows-Winlogon/Operational", "Provider_Name": "Microsoft-Windows-Winlogon", "Computer": "DESKTOP-OFJ6N53", "TimeCreated": "2025-07-07 14:19:06.606173+00:00", "RecordID": "33431", "Level": "4", "UserID": "S-1-5-21-963789628-1060504924-4285088085-1001", "EventData.Event": "8", "EventData.SubscriberName": "Sens"}
{"EventID": "812", "Channel": "Microsoft-Windows-Winlogon/Operational", "Provider_Name": "Microsoft-Windows-Winlogon", "Computer": "DESKTOP-OFJ6N53", "TimeCreated": "2025-07-07 14:19:06.622574+00:00", "RecordID": "33432", "Level": "4", "UserID": "S-1-5-21-963789628-1060504924-4285088085-1001", "EventData.Event": "8", "EventData.SubscriberName": "Sens"}
{"EventID": "811", "Channel": "Microsoft-Windows-Winlogon/Operational", "Provider_Name": "Microsoft-Windows-Winlogon", "Computer": "DESKTOP-OFJ6N53", "TimeCreated": "2025-07-07 14:19:06.622648+00:00", "RecordID": "33433", "Level": "4", "UserID": "S-1-5-21-963789628-1060504924-4285088085-1001", "EventData.Event": "8", "EventData.SubscriberName": "SessionEnv"}
{"EventID": "812", "Channel": "Microsoft-Windows-Winlogon/Operational", "Provider_Name": "Microsoft-Windows-Winlogon", "Computer": "DESKTOP-OFJ6N53", "TimeCreated": "2025-07-07 14:19:06.636381+00:00", "RecordID": "33434", "Level": "4", "UserID": "S-1-5-21-963789628-1060504924-4285088085-1001", "EventData.Event": "8", "EventData.SubscriberName": "SessionEnv"}
{"EventID": "811", "Channel": "Microsoft-Windows-Winlogon/Operational", "Provider_Name": "Microsoft-Windows-Winlogon", "Computer": "DESKTOP-OFJ6N53", "TimeCreated": "2025-07-07 14:19:33.658644+00:00", "RecordID": "33435", "Level": "4", "UserID": "S-1-5-21-963789628-1060504924-4285088085-1001", "EventData.Event": "9", "EventData.SubscriberName": "Sens"}
{"EventID": "812", "Channel": "Microsoft-Windows-Winlogon/Operational", "Provider_Name": "Microsoft-Windows-Winlogon", "Computer": "DESKTOP-OFJ6N53", "TimeCreated": "2025-07-07 14:19:33.727562+00:00", "RecordID": "33436", "Level": "4", "UserID": "S-1-5-21-963789628-1060504924-4285088085-1001", "EventData.Event": "9", "EventData.SubscriberName": "Sens"}
{"EventID": "811", "Channel": "Microsoft-Windows-Winlogon/Operational", "Provider_Name": "Microsoft-Windows-Winlogon", "Computer": "DESKTOP-OFJ6N53", "TimeCreated": "2025-07-07 14:19:33.744328+00:00", "RecordID": "33437", "Level": "4", "UserID": "S-1-5-21-963789628-1060504924-4285088085-1001", "EventData.Event": "9", "EventData.SubscriberName": "SessionEnv"}
{"EventID": "812", "Channel": "Microsoft-Windows-Winlogon/Operational", "Provider_Name": "Microsoft-Windows-Winlogon", "Computer": "DESKTOP-OFJ6N53", "TimeCreated": "2025-07-07 14:19:33.744497+00:00", "RecordID": "33438", "Level": "4", "UserID": "S-1-5-21-963789628-1060504924-4285088085-1001", "EventData.Event": "9", "EventData.SubscriberName": "SessionEnv"}
{"EventID": "811", "Channel": "Microsoft-Windows-Winlogon/Operational", "Provider_Name": "Microsoft-Windows-Winlogon", "Computer": "DESKTOP-OFJ6N53", "TimeCreated": "2025-07-07 14:19:33.747889+00:00", "RecordID": "33439", "Level": "4", "UserID": "S-1-5-21-963789628-1060504924-4285088085-1001", "EventData.Event": "5", "EventData.SubscriberName": "Sens"}
{"EventID": "812", "Channel": "Microsoft-Windows-Winlogon/Operational", "Provider_Name": "Microsoft-Windows-Winlogon", "Computer": "DESKTOP-OFJ6N53", "TimeCreated": "2025-07-07 14:19:33.764183+00:00", "RecordID": "33440", "Level": "4", "UserID": "S-1-5-21-963789628-1060504924-4285088085-1001", "EventData.Event": "5", "EventData.SubscriberName": "Sens"}
{"EventID": "811", "Channel": "Microsoft-Windows-Winlogon/Operational", "Provider_Name": "Microsoft-Windows-Winlogon", "Computer": "DESKTOP-OFJ6N53", "TimeCreated": "2025-07-07 14:19:33.778782+00:00", "RecordID": "33441", "Level": "4", "UserID": "S-1-5-21-963789628-1060504924-4285088085-1001", "EventData.Event": "5", "EventData.SubscriberName": "TermSrv"}
{"EventID": "812", "Channel": "Microsoft-Windows-Winlogon/Operational", "Provider_Name": "Microsoft-Windows-Winlogon", "Computer": "DESKTOP-OFJ6N53", "TimeCreated": "2025-07-07 14:19:33.872282+00:00", "RecordID": "33442", "Level": "4", "UserID": "S-1-5-21-963789628-1060504924-4285088085-1001", "EventData.Event": "5", "EventData.SubscriberName": "TermSrv"}
{"EventID": "811", "Channel": "Microsoft-Windows-Winlogon/Operational", "Provider_Name": "Microsoft-Windows-Winlogon", "Computer": "DESKTOP-OFJ6N53", "TimeCreated": "2025-07-07 18:56:07.333757+00:00", "RecordID": "33443", "Level": "4", "UserID": "S-1-5-21-963789628-1060504924-4285088085-1001", "EventData.Event": "4", "EventData.SubscriberName": "Sens"}
{"EventID": "812", "Channel": "Microsoft-Windows-Winlogon/Operational", "Provider_Name": "Microsoft-Windows-Winlogon", "Computer": "DESKTOP-OFJ6N53", "TimeCreated": "2025-07-07 18:56:07.356985+00:00", "RecordID": "33444", "Level": "4", "UserID": "S-1-5-21-963789628-1060504924-4285088085-1001", "EventData.Event": "4", "EventData.SubscriberName": "Sens"}
{"EventID": "811", "Channel": "Microsoft-Windows-Winlogon/Operational", "Provider_Name": "Microsoft-Windows-Winlogon", "Computer": "DESKTOP-OFJ6N53", "TimeCreated": "2025-07-07 18:56:07.357069+00:00", "RecordID": "33445", "Level": "4", "UserID": "S-1-5-21-963789628-1060504924-4285088085-1001", "EventData.Event": "4", "EventData.SubscriberName": "TermSrv"}
{"EventID": "812", "Channel": "Microsoft-Windows-Winlogon/Operational", "Provider_Name": "Microsoft-Windows-Winlogon", "Computer": "DESKTOP-OFJ6N53", "TimeCreated": "2025-07-07 18:56:07.357485+00:00", "RecordID": "33446", "Level": "4", "UserID": "S-1-5-21-963789628-1060504924-4285088085-1001", "EventData.Event": "4", "EventData.SubscriberName": "TermSrv"}
{"EventID": "811", "Channel": "Microsoft-Windows-Winlogon/Operational", "Provider_Name": "Microsoft-Windows-Winlogon", "Computer": "DESKTOP-OFJ6N53", "TimeCreated": "2025-07-07 18:56:07.357943+00:00", "RecordID": "33447", "Level": "4", "UserID": "S-1-5-21-963789628-1060504924-4285088085-1001", "EventData.Event": "8", "EventData.SubscriberName": "Sens"}
{"EventID": "812", "Channel": "Microsoft-Windows-Winlogon/Operational", "Provider_Name": "Microsoft-Windows-Winlogon", "Computer": "DESKTOP-OFJ6N53", "TimeCreated": "2025-07-07 18:56:07.368954+00:00", "RecordID": "33448", "Level": "4", "UserID": "S-1-5-21-963789628-1060504924-4285088085-1001", "EventData.Event": "8", "EventData.SubscriberName": "Sens"}
{"EventID": "811", "Channel": "Microsoft-Windows-Winlogon/Operational", "Provider_Name": "Microsoft-Windows-Winlogon", "Computer": "DESKTOP-OFJ6N53", "TimeCreated": "2025-07-07 18:56:07.369064+00:00", "RecordID": "33449", "Level": "4", "UserID": "S-1-5-21-963789628-1060504924-4285088085-1001", "EventData.Event": "8", "EventData.SubscriberName": "SessionEnv"}
{"EventID": "812", "Channel": "Microsoft-Windows-Winlogon/Operational", "Provider_Name": "Microsoft-Windows-Winlogon", "Computer": "DESKTOP-OFJ6N53", "TimeCreated": "2025-07-07 18:56:07.378963+00:00", "RecordID": "33450", "Level": "4", "UserID": "S-1-5-21-963789628-1060504924-4285088085-1001", "EventData.Event": "8", "EventData.SubscriberName": "SessionEnv"}
{"EventID": "811", "Channel": "Microsoft-Windows-Winlogon/Operational", "Provider_Name": "Microsoft-Windows-Winlogon", "Computer": "DESKTOP-OFJ6N53", "TimeCreated": "2025-07-07 18:56:14.690496+00:00", "RecordID": "33451", "Level": "4", "UserID": "S-1-5-21-963789628-1060504924-4285088085-1001", "EventData.Event": "9", "EventData.SubscriberName": "Sens"}
{"EventID": "812", "Channel": "Microsoft-Windows-Winlogon/Operational", "Provider_Name": "Microsoft-Windows-Winlogon", "Computer": "DESKTOP-OFJ6N53", "TimeCreated": "2025-07-07 18:56:14.725096+00:00", "RecordID": "33452", "Level": "4", "UserID": "S-1-5-21-963789628-1060504924-4285088085-1001", "EventData.Event": "9", "EventData.SubscriberName": "Sens"}
{"EventID": "811", "Channel": "Microsoft-Windows-Winlogon/Operational", "Provider_Name": "Microsoft-Windows-Winlogon", "Computer": "DESKTOP-OFJ6N53", "TimeCreated": "2025-07-07 18:56:14.727808+00:00", "RecordID": "33453", "Level": "4", "UserID": "S-1-5-21-963789628-1060504924-4285088085-1001", "EventData.Event": "9", "EventData.SubscriberName": "SessionEnv"}
{"EventID": "812", "Channel": "Microsoft-Windows-Winlogon/Operational", "Provider_Name": "Microsoft-Windows-Winlogon", "Computer": "DESKTOP-OFJ6N53", "TimeCreated": "2025-07-07 18:56:14.727968+00:00", "RecordID": "33454", "Level": "4", "UserID": "S-1-5-21-963789628-1060504924-4285088085-1001", "EventData.Event": "9", "EventData.SubscriberName": "SessionEnv"}
{"EventID": "811", "Channel": "Microsoft-Windows-Winlogon/Operational", "Provider_Name": "Microsoft-Windows-Winlogon", "Computer": "DESKTOP-OFJ6N53", "TimeCreated": "2025-07-07 18:56:14.767338+00:00", "RecordID": "33455", "Level": "4", "UserID": "S-1-5-21-963789628-1060504924-4285088085-1001", "EventData.Event": "5", "EventData.SubscriberName": "Sens"}
{"EventID": "812", "Channel": "Microsoft-Windows-Winlogon/Operational", "Provider_Name": "Microsoft-Windows-Winlogon", "Computer": "DESKTOP-OFJ6N53", "TimeCreated": "2025-07-07 18:56:14.781439+00:00", "RecordID": "33456", "Level": "4", "UserID": "S-1-5-21-963789628-1060504924-4285088085-1001", "EventData.Event": "5", "EventData.SubscriberName": "Sens"}
{"EventID": "811", "Channel": "Microsoft-Windows-Winlogon/Operational", "Provider_Name": "Microsoft-Windows-Winlogon", "Computer": "DESKTOP-OFJ6N53", "TimeCreated": "2025-07-07 18:56:14.860060+00:00", "RecordID": "33457", "Level": "4", "UserID": "S-1-5-21-963789628-1060504924-4285088085-1001", "EventData.Event": "5", "EventData.SubscriberName": "TermSrv"}
{"EventID": "812", "Channel": "Microsoft-Windows-Winlogon/Operational", "Provider_Name": "Microsoft-Windows-Winlogon", "Computer": "DESKTOP-OFJ6N53", "TimeCreated": "2025-07-07 18:56:15.130468+00:00", "RecordID": "33458", "Level": "4", "UserID": "S-1-5-21-963789628-1060504924-4285088085-1001", "EventData.Event": "5", "EventData.SubscriberName": "TermSrv"}
{"EventID": "811", "Channel": "Microsoft-Windows-Winlogon/Operational", "Provider_Name": "Microsoft-Windows-Winlogon", "Computer": "DESKTOP-OFJ6N53", "TimeCreated": "2025-07-07 19:32:06.408421+00:00", "RecordID": "33459", "Level": "4", "UserID": "S-1-5-21-963789628-1060504924-4285088085-1001", "EventData.Event": "4", "EventData.SubscriberName": "Sens"}
{"EventID": "812", "Channel": "Microsoft-Windows-Winlogon/Operational", "Provider_Name": "Microsoft-Windows-Winlogon", "Computer": "DESKTOP-OFJ6N53", "TimeCreated": "2025-07-07 19:32:06.442638+00:00", "RecordID": "33460", "Level": "4", "UserID": "S-1-5-21-963789628-1060504924-4285088085-1001", "EventData.Event": "4", "EventData.SubscriberName": "Sens"}
{"EventID": "811", "Channel": "Microsoft-Windows-Winlogon/Operational", "Provider_Name": "Microsoft-Windows-Winlogon", "Computer": "DESKTOP-OFJ6N53", "TimeCreated": "2025-07-07 19:32:06.443436+00:00", "RecordID": "33461", "Level": "4", "UserID": "S-1-5-21-963789628-1060504924-4285088085-1001", "EventData.Event": "4", "EventData.SubscriberName": "TermSrv"}
{"EventID": "812", "Channel": "Microsoft-Windows-Winlogon/Operational", "Provider_Name": "Microsoft-Windows-Winlogon", "Computer": "DESKTOP-OFJ6N53", "TimeCreated": "2025-07-07 19:32:06.452230+00:00", "RecordID": "33462", "Level": "4", "UserID": "S-1-5-21-963789628-1060504924-4285088085-1001", "EventData.Event": "4", "EventData.SubscriberName": "TermSrv"}
{"EventID": "811", "Channel": "Microsoft-Windows-Winlogon/Operational", "Provider_Name": "Microsoft-Windows-Winlogon", "Computer": "DESKTOP-OFJ6N53", "TimeCreated": "2025-07-07 19:32:06.454309+00:00", "RecordID": "33463", "Level": "4", "UserID": "S-1-5-21-963789628-1060504924-4285088085-1001", "EventData.Event": "8", "EventData.SubscriberName": "Sens"}
{"EventID": "812", "Channel": "Microsoft-Windows-Winlogon/Operational", "Provider_Name": "Microsoft-Windows-Winlogon", "Computer": "DESKTOP-OFJ6N53", "TimeCreated": "2025-07-07 19:32:06.464212+00:00", "RecordID": "33464", "Level": "4", "UserID": "S-1-5-21-963789628-1060504924-4285088085-1001", "EventData.Event": "8", "EventData.SubscriberName": "Sens"}
{"EventID": "811", "Channel": "Microsoft-Windows-Winlogon/Operational", "Provider_Name": "Microsoft-Windows-Winlogon", "Computer": "DESKTOP-OFJ6N53", "TimeCreated": "2025-07-07 19:32:06.465242+00:00", "RecordID": "33465", "Level": "4", "UserID": "S-1-5-21-963789628-1060504924-4285088085-1001", "EventData.Event": "8", "EventData.SubscriberName": "SessionEnv"}
{"EventID": "812", "Channel": "Microsoft-Windows-Winlogon/Operational", "Provider_Name": "Microsoft-Windows-Winlogon", "Computer": "DESKTOP-OFJ6N53", "TimeCreated": "2025-07-07 19:32:06.483807+00:00", "RecordID": "33466", "Level": "4", "UserID": "S-1-5-21-963789628-1060504924-4285088085-1001", "EventData.Event": "8", "EventData.SubscriberName": "SessionEnv"}
{"EventID": "811", "Channel": "Microsoft-Windows-Winlogon/Operational", "Provider_Name": "Microsoft-Windows-Winlogon", "Computer": "DESKTOP-OFJ6N53", "TimeCreated": "2025-07-07 19:32:32.465199+00:00", "RecordID": "33467", "Level": "4", "UserID": "S-1-5-21-963789628-1060504924-4285088085-1001", "EventData.Event": "9", "EventData.SubscriberName": "Sens"}
{"EventID": "812", "Channel": "Microsoft-Windows-Winlogon/Operational", "Provider_Name": "Microsoft-Windows-Winlogon", "Computer": "DESKTOP-OFJ6N53", "TimeCreated": "2025-07-07 19:32:32.539898+00:00", "RecordID": "33468", "Level": "4", "UserID": "S-1-5-21-963789628-1060504924-4285088085-1001", "EventData.Event": "9", "EventData.SubscriberName": "Sens"}
{"EventID": "811", "Channel": "Microsoft-Windows-Winlogon/Operational", "Provider_Name": "Microsoft-Windows-Winlogon", "Computer": "DESKTOP-OFJ6N53", "TimeCreated": "2025-07-07 19:32:32.539967+00:00", "RecordID": "33469", "Level": "4", "UserID": "S-1-5-21-963789628-1060504924-4285088085-1001", "EventData.Event": "9", "EventData.SubscriberName": "SessionEnv"}
{"EventID": "812", "Channel": "Microsoft-Windows-Winlogon/Operational", "Provider_Name": "Microsoft-Windows-Winlogon", "Computer": "DESKTOP-OFJ6N53", "TimeCreated": "2025-07-07 19:32:32.540115+00:00", "RecordID": "33470", "Level": "4", "UserID": "S-1-5-21-963789628-1060504924-4285088085-1001", "EventData.Event": "9", "EventData.SubscriberName": "SessionEnv"}
{"EventID": "811", "Channel": "Microsoft-Windows-Winlogon/Operational", "Provider_Name": "Microsoft-Windows-Winlogon", "Computer": "DESKTOP-OFJ6N53", "TimeCreated": "2025-07-07 19:32:32.542992+00:00", "RecordID": "33471", "Level": "4", "UserID": "S-1-5-21-963789628-1060504924-4285088085-1001", "EventData.Event": "5", "EventData.SubscriberName": "Sens"}
{"EventID": "812", "Channel": "Microsoft-Windows-Winlogon/Operational", "Provider_Name": "Microsoft-Windows-Winlogon", "Computer": "DESKTOP-OFJ6N53", "TimeCreated": "2025-07-07 19:32:32.701904+00:00", "RecordID": "33472", "Level": "4", "UserID": "S-1-5-21-963789628-1060504924-4285088085-1001", "EventData.Event": "5", "EventData.SubscriberName": "Sens"}
{"EventID": "811", "Channel": "Microsoft-Windows-Winlogon/Operational", "Provider_Name": "Microsoft-Windows-Winlogon", "Computer": "DESKTOP-OFJ6N53", "TimeCreated": "2025-07-07 19:32:32.712225+00:00", "RecordID": "33473", "Level": "4", "UserID": "S-1-5-21-963789628-1060504924-4285088085-1001", "EventData.Event": "5", "EventData.SubscriberName": "TermSrv"}
{"EventID": "812", "Channel": "Microsoft-Windows-Winlogon/Operational", "Provider_Name": "Microsoft-Windows-Winlogon", "Computer": "DESKTOP-OFJ6N53", "TimeCreated": "2025-07-07 19:32:33.032297+00:00", "RecordID": "33474", "Level": "4", "UserID": "S-1-5-21-963789628-1060504924-4285088085-1001", "EventData.Event": "5", "EventData.SubscriberName": "TermSrv"}
{"EventID": "811", "Channel": "Microsoft-Windows-Winlogon/Operational", "Provider_Name": "Microsoft-Windows-Winlogon", "Computer": "DESKTOP-OFJ6N53", "TimeCreated": "2025-07-07 20:36:17.151375+00:00", "RecordID": "33475", "Level": "4", "UserID": "S-1-5-21-963789628-1060504924-4285088085-1001", "EventData.Event": "4", "EventData.SubscriberName": "Sens"}
{"EventID": "812", "Channel": "Microsoft-Windows-Winlogon/Operational", "Provider_Name": "Microsoft-Windows-Winlogon", "Computer": "DESKTOP-OFJ6N53", "TimeCreated": "2025-07-07 20:36:17.175312+00:00", "RecordID": "33476", "Level": "4", "UserID": "S-1-5-21-963789628-1060504924-4285088085-1001", "EventData.Event": "4", "EventData.SubscriberName": "Sens"}
{"EventID": "811", "Channel": "Microsoft-Windows-Winlogon/Operational", "Provider_Name": "Microsoft-Windows-Winlogon", "Computer": "DESKTOP-OFJ6N53", "TimeCreated": "2025-07-07 20:36:17.175758+00:00", "RecordID": "33477", "Level": "4", "UserID": "S-1-5-21-963789628-1060504924-4285088085-1001", "EventData.Event": "4", "EventData.SubscriberName": "TermSrv"}
{"EventID": "812", "Channel": "Microsoft-Windows-Winlogon/Operational", "Provider_Name": "Microsoft-Windows-Winlogon", "Computer": "DESKTOP-OFJ6N53", "TimeCreated": "2025-07-07 20:36:17.188295+00:00", "RecordID": "33478", "Level": "4", "UserID": "S-1-5-21-963789628-1060504924-4285088085-1001", "EventData.Event": "4", "EventData.SubscriberName": "TermSrv"}
{"EventID": "811", "Channel": "Microsoft-Windows-Winlogon/Operational", "Provider_Name": "Microsoft-Windows-Winlogon", "Computer": "DESKTOP-OFJ6N53", "TimeCreated": "2025-07-07 20:36:17.189718+00:00", "RecordID": "33479", "Level": "4", "UserID": "S-1-5-21-963789628-1060504924-4285088085-1001", "EventData.Event": "8", "EventData.SubscriberName": "Sens"}
{"EventID": "812", "Channel": "Microsoft-Windows-Winlogon/Operational", "Provider_Name": "Microsoft-Windows-Winlogon", "Computer": "DESKTOP-OFJ6N53", "TimeCreated": "2025-07-07 20:36:17.196737+00:00", "RecordID": "33480", "Level": "4", "UserID": "S-1-5-21-963789628-1060504924-4285088085-1001", "EventData.Event": "8", "EventData.SubscriberName": "Sens"}
{"EventID": "811", "Channel": "Microsoft-Windows-Winlogon/Operational", "Provider_Name": "Microsoft-Windows-Winlogon", "Computer": "DESKTOP-OFJ6N53", "TimeCreated": "2025-07-07 20:36:17.210531+00:00", "RecordID": "33481", "Level": "4", "UserID": "S-1-5-21-963789628-1060504924-4285088085-1001", "EventData.Event": "8", "EventData.SubscriberName": "SessionEnv"}
{"EventID": "812", "Channel": "Microsoft-Windows-Winlogon/Operational", "Provider_Name": "Microsoft-Windows-Winlogon", "Computer": "DESKTOP-OFJ6N53", "TimeCreated": "2025-07-07 20:36:17.218706+00:00", "RecordID": "33482", "Level": "4", "UserID": "S-1-5-21-963789628-1060504924-4285088085-1001", "EventData.Event": "8", "EventData.SubscriberName": "SessionEnv"}
{"EventID": "811", "Channel": "Microsoft-Windows-Winlogon/Operational", "Provider_Name": "Microsoft-Windows-Winlogon", "Computer": "DESKTOP-OFJ6N53", "TimeCreated": "2025-07-07 20:36:27.186773+00:00", "RecordID": "33483", "Level": "4", "UserID": "S-1-5-21-963789628-1060504924-4285088085-1001", "EventData.Event": "9", "EventData.SubscriberName": "Sens"}
{"EventID": "812", "Channel": "Microsoft-Windows-Winlogon/Operational", "Provider_Name": "Microsoft-Windows-Winlogon", "Computer": "DESKTOP-OFJ6N53", "TimeCreated": "2025-07-07 20:36:27.187426+00:00", "RecordID": "33484", "Level": "4", "UserID": "S-1-5-21-963789628-1060504924-4285088085-1001", "EventData.Event": "9", "EventData.SubscriberName": "Sens"}
{"EventID": "811", "Channel": "Microsoft-Windows-Winlogon/Operational", "Provider_Name": "Microsoft-Windows-Winlogon", "Computer": "DESKTOP-OFJ6N53", "TimeCreated": "2025-07-07 20:36:27.187496+00:00", "RecordID": "33485", "Level": "4", "UserID": "S-1-5-21-963789628-1060504924-4285088085-1001", "EventData.Event": "9", "EventData.SubscriberName": "SessionEnv"}
{"EventID": "812", "Channel": "Microsoft-Windows-Winlogon/Operational", "Provider_Name": "Microsoft-Windows-Winlogon", "Computer": "DESKTOP-OFJ6N53", "TimeCreated": "2025-07-07 20:36:27.187637+00:00", "RecordID": "33486", "Level": "4", "UserID": "S-1-5-21-963789628-1060504924-4285088085-1001", "EventData.Event": "9", "EventData.SubscriberName": "SessionEnv"}
{"EventID": "811", "Channel": "Microsoft-Windows-Winlogon/Operational", "Provider_Name": "Microsoft-Windows-Winlogon", "Computer": "DESKTOP-OFJ6N53", "TimeCreated": "2025-07-07 20:36:27.188999+00:00", "RecordID": "33487", "Level": "4", "UserID": "S-1-5-21-963789628-1060504924-4285088085-1001", "EventData.Event": "5", "EventData.SubscriberName": "Sens"}
{"EventID": "812", "Channel": "Microsoft-Windows-Winlogon/Operational", "Provider_Name": "Microsoft-Windows-Winlogon", "Computer": "DESKTOP-OFJ6N53", "TimeCreated": "2025-07-07 20:36:27.357489+00:00", "RecordID": "33488", "Level": "4", "UserID": "S-1-5-21-963789628-1060504924-4285088085-1001", "EventData.Event": "5", "EventData.SubscriberName": "Sens"}
{"EventID": "811", "Channel": "Microsoft-Windows-Winlogon/Operational", "Provider_Name": "Microsoft-Windows-Winlogon", "Computer": "DESKTOP-OFJ6N53", "TimeCreated": "2025-07-07 20:36:27.357601+00:00", "RecordID": "33489", "Level": "4", "UserID": "S-1-5-21-963789628-1060504924-4285088085-1001", "EventData.Event": "5", "EventData.SubscriberName": "TermSrv"}
{"EventID": "812", "Channel": "Microsoft-Windows-Winlogon/Operational", "Provider_Name": "Microsoft-Windows-Winlogon", "Computer": "DESKTOP-OFJ6N53", "TimeCreated": "2025-07-07 20:36:27.588732+00:00", "RecordID": "33490", "Level": "4", "UserID": "S-1-5-21-963789628-1060504924-4285088085-1001", "EventData.Event": "5", "EventData.SubscriberName": "TermSrv"}
{"EventID": "811", "Channel": "Microsoft-Windows-Winlogon/Operational", "Provider_Name": "Microsoft-Windows-Winlogon", "Computer": "DESKTOP-OFJ6N53", "TimeCreated": "2025-07-07 21:04:51.097420+00:00", "RecordID": "33491", "Level": "4", "UserID": "S-1-5-21-963789628-1060504924-4285088085-1001", "EventData.Event": "4", "EventData.SubscriberName": "Sens"}
{"EventID": "812", "Channel": "Microsoft-Windows-Winlogon/Operational", "Provider_Name": "Microsoft-Windows-Winlogon", "Computer": "DESKTOP-OFJ6N53", "TimeCreated": "2025-07-07 21:04:51.165215+00:00", "RecordID": "33492", "Level": "4", "UserID": "S-1-5-21-963789628-1060504924-4285088085-1001", "EventData.Event": "4", "EventData.SubscriberName": "Sens"}
{"EventID": "811", "Channel": "Microsoft-Windows-Winlogon/Operational", "Provider_Name": "Microsoft-Windows-Winlogon", "Computer": "DESKTOP-OFJ6N53", "TimeCreated": "2025-07-07 21:04:51.165318+00:00", "RecordID": "33493", "Level": "4", "UserID": "S-1-5-21-963789628-1060504924-4285088085-1001", "EventData.Event": "4", "EventData.SubscriberName": "TermSrv"}
{"EventID": "812", "Channel": "Microsoft-Windows-Winlogon/Operational", "Provider_Name": "Microsoft-Windows-Winlogon", "Computer": "DESKTOP-OFJ6N53", "TimeCreated": "2025-07-07 21:04:51.190510+00:00", "RecordID": "33494", "Level": "4", "UserID": "S-1-5-21-963789628-1060504924-4285088085-1001", "EventData.Event": "4", "EventData.SubscriberName": "TermSrv"}
{"EventID": "811", "Channel": "Microsoft-Windows-Winlogon/Operational", "Provider_Name": "Microsoft-Windows-Winlogon", "Computer": "DESKTOP-OFJ6N53", "TimeCreated": "2025-07-07 21:04:51.191212+00:00", "RecordID": "33495", "Level": "4", "UserID": "S-1-5-21-963789628-1060504924-4285088085-1001", "EventData.Event": "8", "EventData.SubscriberName": "Sens"}
{"EventID": "812", "Channel": "Microsoft-Windows-Winlogon/Operational", "Provider_Name": "Microsoft-Windows-Winlogon", "Computer": "DESKTOP-OFJ6N53", "TimeCreated": "2025-07-07 21:04:51.198164+00:00", "RecordID": "33496", "Level": "4", "UserID": "S-1-5-21-963789628-1060504924-4285088085-1001", "EventData.Event": "8", "EventData.SubscriberName": "Sens"}
{"EventID": "811", "Channel": "Microsoft-Windows-Winlogon/Operational", "Provider_Name": "Microsoft-Windows-Winlogon", "Computer": "DESKTOP-OFJ6N53", "TimeCreated": "2025-07-07 21:04:51.198246+00:00", "RecordID": "33497", "Level": "4", "UserID": "S-1-5-21-963789628-1060504924-4285088085-1001", "EventData.Event": "8", "EventData.SubscriberName": "SessionEnv"}
{"EventID": "812", "Channel": "Microsoft-Windows-Winlogon/Operational", "Provider_Name": "Microsoft-Windows-Winlogon", "Computer": "DESKTOP-OFJ6N53", "TimeCreated": "2025-07-07 21:04:51.208776+00:00", "RecordID": "33498", "Level": "4", "UserID": "S-1-5-21-963789628-1060504924-4285088085-1001", "EventData.Event": "8", "EventData.SubscriberName": "SessionEnv"}
{"EventID": "811", "Channel": "Microsoft-Windows-Winlogon/Operational", "Provider_Name": "Microsoft-Windows-Winlogon", "Computer": "DESKTOP-OFJ6N53", "TimeCreated": "2025-07-07 21:05:01.726351+00:00", "RecordID": "33499", "Level": "4", "UserID": "S-1-5-21-963789628-1060504924-4285088085-1001", "EventData.Event": "9", "EventData.SubscriberName": "Sens"}
{"EventID": "812", "Channel": "Microsoft-Windows-Winlogon/Operational", "Provider_Name": "Microsoft-Windows-Winlogon", "Computer": "DESKTOP-OFJ6N53", "TimeCreated": "2025-07-07 21:05:01.949137+00:00", "RecordID": "33500", "Level": "4", "UserID": "S-1-5-21-963789628-1060504924-4285088085-1001", "EventData.Event": "9", "EventData.SubscriberName": "Sens"}
{"EventID": "811", "Channel": "Microsoft-Windows-Winlogon/Operational", "Provider_Name": "Microsoft-Windows-Winlogon", "Computer": "DESKTOP-OFJ6N53", "TimeCreated": "2025-07-07 21:05:02.302296+00:00", "RecordID": "33501", "Level": "4", "UserID": "S-1-5-21-963789628-1060504924-4285088085-1001", "EventData.Event": "9", "EventData.SubscriberName": "SessionEnv"}
{"EventID": "812", "Channel": "Microsoft-Windows-Winlogon/Operational", "Provider_Name": "Microsoft-Windows-Winlogon", "Computer": "DESKTOP-OFJ6N53", "TimeCreated": "2025-07-07 21:05:02.302473+00:00", "RecordID": "33502", "Level": "4", "UserID": "S-1-5-21-963789628-1060504924-4285088085-1001", "EventData.Event": "9", "EventData.SubscriberName": "SessionEnv"}
{"EventID": "811", "Channel": "Microsoft-Windows-Winlogon/Operational", "Provider_Name": "Microsoft-Windows-Winlogon", "Computer": "DESKTOP-OFJ6N53", "TimeCreated": "2025-07-07 21:05:02.429317+00:00", "RecordID": "33503", "Level": "4", "UserID": "S-1-5-21-963789628-1060504924-4285088085-1001", "EventData.Event": "5", "EventData.SubscriberName": "Sens"}
{"EventID": "812", "Channel": "Microsoft-Windows-Winlogon/Operational", "Provider_Name": "Microsoft-Windows-Winlogon", "Computer": "DESKTOP-OFJ6N53", "TimeCreated": "2025-07-07 21:05:02.771456+00:00", "RecordID": "33504", "Level": "4", "UserID": "S-1-5-21-963789628-1060504924-4285088085-1001", "EventData.Event": "5", "EventData.SubscriberName": "Sens"}
{"EventID": "811", "Channel": "Microsoft-Windows-Winlogon/Operational", "Provider_Name": "Microsoft-Windows-Winlogon", "Computer": "DESKTOP-OFJ6N53", "TimeCreated": "2025-07-07 21:05:02.949036+00:00", "RecordID": "33505", "Level": "4", "UserID": "S-1-5-21-963789628-1060504924-4285088085-1001", "EventData.Event": "5", "EventData.SubscriberName": "TermSrv"}
{"EventID": "812", "Channel": "Microsoft-Windows-Winlogon/Operational", "Provider_Name": "Microsoft-Windows-Winlogon", "Computer": "DESKTOP-OFJ6N53", "TimeCreated": "2025-07-07 21:05:03.432568+00:00", "RecordID": "33506", "Level": "4", "UserID": "S-1-5-21-963789628-1060504924-4285088085-1001", "EventData.Event": "5", "EventData.SubscriberName": "TermSrv"}
{"EventID": "811", "Channel": "Microsoft-Windows-Winlogon/Operational", "Provider_Name": "Microsoft-Windows-Winlogon", "Computer": "DESKTOP-OFJ6N53", "TimeCreated": "2025-07-08 00:16:21.576427+00:00", "RecordID": "33507", "Level": "4", "UserID": "S-1-5-21-963789628-1060504924-4285088085-1001", "EventData.Event": "4", "EventData.SubscriberName": "Sens"}
{"EventID": "812", "Channel": "Microsoft-Windows-Winlogon/Operational", "Provider_Name": "Microsoft-Windows-Winlogon", "Computer": "DESKTOP-OFJ6N53", "TimeCreated": "2025-07-08 00:16:21.588152+00:00", "RecordID": "33508", "Level": "4", "UserID": "S-1-5-21-963789628-1060504924-4285088085-1001", "EventData.Event": "4", "EventData.SubscriberName": "Sens"}
{"EventID": "811", "Channel": "Microsoft-Windows-Winlogon/Operational", "Provider_Name": "Microsoft-Windows-Winlogon", "Computer": "DESKTOP-OFJ6N53", "TimeCreated": "2025-07-08 00:16:21.588263+00:00", "RecordID": "33509", "Level": "4", "UserID": "S-1-5-21-963789628-1060504924-4285088085-1001", "EventData.Event": "4", "EventData.SubscriberName": "TermSrv"}
{"EventID": "812", "Channel": "Microsoft-Windows-Winlogon/Operational", "Provider_Name": "Microsoft-Windows-Winlogon", "Computer": "DESKTOP-OFJ6N53", "TimeCreated": "2025-07-08 00:16:21.611380+00:00", "RecordID": "33510", "Level": "4", "UserID": "S-1-5-21-963789628-1060504924-4285088085-1001", "EventData.Event": "4", "EventData.SubscriberName": "TermSrv"}
{"EventID": "811", "Channel": "Microsoft-Windows-Winlogon/Operational", "Provider_Name": "Microsoft-Windows-Winlogon", "Computer": "DESKTOP-OFJ6N53", "TimeCreated": "2025-07-08 00:16:21.612322+00:00", "RecordID": "33511", "Level": "4", "UserID": "S-1-5-21-963789628-1060504924-4285088085-1001", "EventData.Event": "8", "EventData.SubscriberName": "Sens"}
{"EventID": "812", "Channel": "Microsoft-Windows-Winlogon/Operational", "Provider_Name": "Microsoft-Windows-Winlogon", "Computer": "DESKTOP-OFJ6N53", "TimeCreated": "2025-07-08 00:16:21.614115+00:00", "RecordID": "33512", "Level": "4", "UserID": "S-1-5-21-963789628-1060504924-4285088085-1001", "EventData.Event": "8", "EventData.SubscriberName": "Sens"}
{"EventID": "811", "Channel": "Microsoft-Windows-Winlogon/Operational", "Provider_Name": "Microsoft-Windows-Winlogon", "Computer": "DESKTOP-OFJ6N53", "TimeCreated": "2025-07-08 00:16:21.614943+00:00", "RecordID": "33513", "Level": "4", "UserID": "S-1-5-21-963789628-1060504924-4285088085-1001", "EventData.Event": "8", "EventData.SubscriberName": "SessionEnv"}
{"EventID": "812", "Channel": "Microsoft-Windows-Winlogon/Operational", "Provider_Name": "Microsoft-Windows-Winlogon", "Computer": "DESKTOP-OFJ6N53", "TimeCreated": "2025-07-08 00:16:21.637556+00:00", "RecordID": "33514", "Level": "4", "UserID": "S-1-5-21-963789628-1060504924-4285088085-1001", "EventData.Event": "8", "EventData.SubscriberName": "SessionEnv"}
{"EventID": "811", "Channel": "Microsoft-Windows-Winlogon/Operational", "Provider_Name": "Microsoft-Windows-Winlogon", "Computer": "DESKTOP-OFJ6N53", "TimeCreated": "2025-07-09 14:38:02.835394+00:00", "RecordID": "33515", "Level": "4", "UserID": "S-1-5-18", "EventData.Event": "1", "EventData.SubscriberName": "TermSrv"}
{"EventID": "812", "Channel": "Microsoft-Windows-Winlogon/Operational", "Provider_Name": "Microsoft-Windows-Winlogon", "Computer": "DESKTOP-OFJ6N53", "TimeCreated": "2025-07-09 14:38:02.836535+00:00", "RecordID": "33516", "Level": "4", "UserID": "S-1-5-18", "EventData.Event": "1", "EventData.SubscriberName": "TermSrv"}
{"EventID": "811", "Channel": "Microsoft-Windows-Winlogon/Operational", "Provider_Name": "Microsoft-Windows-Winlogon", "Computer": "DESKTOP-OFJ6N53", "TimeCreated": "2025-07-09 14:38:04.910793+00:00", "RecordID": "33517", "Level": "4", "UserID": "S-1-5-21-963789628-1060504924-4285088085-1001", "EventData.Event": "13", "EventData.SubscriberName": "GPClient"}
{"EventID": "812", "Channel": "Microsoft-Windows-Winlogon/Operational", "Provider_Name": "Microsoft-Windows-Winlogon", "Computer": "DESKTOP-OFJ6N53", "TimeCreated": "2025-07-09 14:38:04.910852+00:00", "RecordID": "33518", "Level": "4", "UserID": "S-1-5-21-963789628-1060504924-4285088085-1001", "EventData.Event": "13", "EventData.SubscriberName": "GPClient"}
{"EventID": "811", "Channel": "Microsoft-Windows-Winlogon/Operational", "Provider_Name": "Microsoft-Windows-Winlogon", "Computer": "DESKTOP-OFJ6N53", "TimeCreated": "2025-07-09 14:38:04.911535+00:00", "RecordID": "33519", "Level": "4", "UserID": "S-1-5-21-963789628-1060504924-4285088085-1001", "EventData.Event": "13", "EventData.SubscriberName": "GPClient"}
{"EventID": "812", "Channel": "Microsoft-Windows-Winlogon/Operational", "Provider_Name": "Microsoft-Windows-Winlogon", "Computer": "DESKTOP-OFJ6N53", "TimeCreated": "2025-07-09 14:38:04.914896+00:00", "RecordID": "33520", "Level": "4", "UserID": "S-1-5-21-963789628-1060504924-4285088085-1001", "EventData.Event": "13", "EventData.SubscriberName": "GPClient"}
{"EventID": "811", "Channel": "Microsoft-Windows-Winlogon/Operational", "Provider_Name": "Microsoft-Windows-Winlogon", "Computer": "DESKTOP-OFJ6N53", "TimeCreated": "2025-07-09 14:38:04.914976+00:00", "RecordID": "33521", "Level": "4", "UserID": "S-1-5-21-963789628-1060504924-4285088085-1001", "EventData.Event": "13", "EventData.SubscriberName": "TermSrv"}
{"EventID": "812", "Channel": "Microsoft-Windows-Winlogon/Operational", "Provider_Name": "Microsoft-Windows-Winlogon", "Computer": "DESKTOP-OFJ6N53", "TimeCreated": "2025-07-09 14:38:04.915222+00:00", "RecordID": "33522", "Level": "4", "UserID": "S-1-5-21-963789628-1060504924-4285088085-1001", "EventData.Event": "13", "EventData.SubscriberName": "TermSrv"}
{"EventID": "811", "Channel": "Microsoft-Windows-Winlogon/Operational", "Provider_Name": "Microsoft-Windows-Winlogon", "Computer": "DESKTOP-OFJ6N53", "TimeCreated": "2025-07-09 14:38:04.965317+00:00", "RecordID": "33523", "Level": "4", "UserID": "S-1-5-21-963789628-1060504924-4285088085-1001", "EventData.Event": "3", "EventData.SubscriberName": "Sens"}
{"EventID": "812", "Channel": "Microsoft-Windows-Winlogon/Operational", "Provider_Name": "Microsoft-Windows-Winlogon", "Computer": "DESKTOP-OFJ6N53", "TimeCreated": "2025-07-09 14:38:04.984068+00:00", "RecordID": "33524", "Level": "4", "UserID": "S-1-5-21-963789628-1060504924-4285088085-1001", "EventData.Event": "3", "EventData.SubscriberName": "Sens"}
{"EventID": "811", "Channel": "Microsoft-Windows-Winlogon/Operational", "Provider_Name": "Microsoft-Windows-Winlogon", "Computer": "DESKTOP-OFJ6N53", "TimeCreated": "2025-07-09 14:38:04.986872+00:00", "RecordID": "33525", "Level": "4", "UserID": "S-1-5-21-963789628-1060504924-4285088085-1001", "EventData.Event": "3", "EventData.SubscriberName": "TermSrv"}
{"EventID": "812", "Channel": "Microsoft-Windows-Winlogon/Operational", "Provider_Name": "Microsoft-Windows-Winlogon", "Computer": "DESKTOP-OFJ6N53", "TimeCreated": "2025-07-09 14:38:04.987644+00:00", "RecordID": "33526", "Level": "4", "UserID": "S-1-5-21-963789628-1060504924-4285088085-1001", "EventData.Event": "3", "EventData.SubscriberName": "TermSrv"}
{"EventID": "811", "Channel": "Microsoft-Windows-Winlogon/Operational", "Provider_Name": "Microsoft-Windows-Winlogon", "Computer": "DESKTOP-OFJ6N53", "TimeCreated": "2025-07-09 14:38:04.988075+00:00", "RecordID": "33527", "Level": "4", "UserID": "S-1-5-21-963789628-1060504924-4285088085-1001", "EventData.Event": "3", "EventData.SubscriberName": "GPClient"}
{"EventID": "812", "Channel": "Microsoft-Windows-Winlogon/Operational", "Provider_Name": "Microsoft-Windows-Winlogon", "Computer": "DESKTOP-OFJ6N53", "TimeCreated": "2025-07-09 14:38:04.988304+00:00", "RecordID": "33528", "Level": "4", "UserID": "S-1-5-21-963789628-1060504924-4285088085-1001", "EventData.Event": "3", "EventData.SubscriberName": "GPClient"}
{"EventID": "811", "Channel": "Microsoft-Windows-Winlogon/Operational", "Provider_Name": "Microsoft-Windows-Winlogon", "Computer": "DESKTOP-OFJ6N53", "TimeCreated": "2025-07-09 14:38:04.988361+00:00", "RecordID": "33529", "Level": "4", "UserID": "S-1-5-21-963789628-1060504924-4285088085-1001", "EventData.Event": "3", "EventData.SubscriberName": "Profiles"}
{"EventID": "812", "Channel": "Microsoft-Windows-Winlogon/Operational", "Provider_Name": "Microsoft-Windows-Winlogon", "Computer": "DESKTOP-OFJ6N53", "TimeCreated": "2025-07-09 14:38:05.152119+00:00", "RecordID": "33530", "Level": "4", "UserID": "S-1-5-21-963789628-1060504924-4285088085-1001", "EventData.Event": "3", "EventData.SubscriberName": "Profiles"}
{"EventID": "811", "Channel": "Microsoft-Windows-Winlogon/Operational", "Provider_Name": "Microsoft-Windows-Winlogon", "Computer": "DESKTOP-OFJ6N53", "TimeCreated": "2025-07-09 14:38:05.152224+00:00", "RecordID": "33531", "Level": "4", "UserID": "S-1-5-21-963789628-1060504924-4285088085-1001", "EventData.Event": "3", "EventData.SubscriberName": "SessionEnv"}
{"EventID": "812", "Channel": "Microsoft-Windows-Winlogon/Operational", "Provider_Name": "Microsoft-Windows-Winlogon", "Computer": "DESKTOP-OFJ6N53", "TimeCreated": "2025-07-09 14:38:05.154360+00:00", "RecordID": "33532", "Level": "4", "UserID": "S-1-5-21-963789628-1060504924-4285088085-1001", "EventData.Event": "3", "EventData.SubscriberName": "SessionEnv"}
{"EventID": "811", "Channel": "Microsoft-Windows-Winlogon/Operational", "Provider_Name": "Microsoft-Windows-Winlogon", "Computer": "DESKTOP-OFJ6N53", "TimeCreated": "2025-07-09 14:38:05.341162+00:00", "RecordID": "33533", "Level": "4", "UserID": "S-1-5-18", "EventData.Event": "1", "EventData.SubscriberName": "TermSrv"}
{"EventID": "812", "Channel": "Microsoft-Windows-Winlogon/Operational", "Provider_Name": "Microsoft-Windows-Winlogon", "Computer": "DESKTOP-OFJ6N53", "TimeCreated": "2025-07-09 14:38:05.342175+00:00", "RecordID": "33534", "Level": "4", "UserID": "S-1-5-18", "EventData.Event": "1", "EventData.SubscriberName": "TermSrv"}
{"EventID": "811", "Channel": "Microsoft-Windows-Winlogon/Operational", "Provider_Name": "Microsoft-Windows-Winlogon", "Computer": "DESKTOP-OFJ6N53", "TimeCreated": "2025-07-09 14:39:50.892328+00:00", "RecordID": "33535", "Level": "4", "UserID": "S-1-5-18", "EventData.Event": "0", "EventData.SubscriberName": "TrustedInstaller"}
{"EventID": "812", "Channel": "Microsoft-Windows-Winlogon/Operational", "Provider_Name": "Microsoft-Windows-Winlogon", "Computer": "DESKTOP-OFJ6N53", "TimeCreated": "2025-07-09 14:39:51.898046+00:00", "RecordID": "33536", "Level": "4", "UserID": "S-1-5-18", "EventData.Event": "0", "EventData.SubscriberName": "TrustedInstaller"}
{"EventID": "811", "Channel": "Microsoft-Windows-Winlogon/Operational", "Provider_Name": "Microsoft-Windows-Winlogon", "Computer": "DESKTOP-OFJ6N53", "TimeCreated": "2025-07-09 14:39:57.909126+00:00", "RecordID": "33537", "Level": "4", "UserID": "S-1-5-18", "EventData.Event": "0", "EventData.SubscriberName": "TrustedInstaller"}
{"EventID": "812", "Channel": "Microsoft-Windows-Winlogon/Operational", "Provider_Name": "Microsoft-Windows-Winlogon", "Computer": "DESKTOP-OFJ6N53", "TimeCreated": "2025-07-09 14:39:58.907351+00:00", "RecordID": "33538", "Level": "4", "UserID": "S-1-5-18", "EventData.Event": "0", "EventData.SubscriberName": "TrustedInstaller"}
{"EventID": "811", "Channel": "Microsoft-Windows-Winlogon/Operational", "Provider_Name": "Microsoft-Windows-Winlogon", "Computer": "DESKTOP-OFJ6N53", "TimeCreated": "2025-07-09 14:39:58.908596+00:00", "RecordID": "33539", "Level": "4", "UserID": "S-1-5-18", "EventData.Event": "0", "EventData.SubscriberName": "TrustedInstaller"}
{"EventID": "812", "Channel": "Microsoft-Windows-Winlogon/Operational", "Provider_Name": "Microsoft-Windows-Winlogon", "Computer": "DESKTOP-OFJ6N53", "TimeCreated": "2025-07-09 14:39:59.945759+00:00", "RecordID": "33540", "Level": "4", "UserID": "S-1-5-18", "EventData.Event": "0", "EventData.SubscriberName": "TrustedInstaller"}
{"EventID": "811", "Channel": "Microsoft-Windows-Winlogon/Operational", "Provider_Name": "Microsoft-Windows-Winlogon", "Computer": "DESKTOP-OFJ6N53", "TimeCreated": "2025-07-09 14:39:59.948214+00:00", "RecordID": "33541", "Level": "4", "UserID": "S-1-5-18", "EventData.Event": "0", "EventData.SubscriberName": "TrustedInstaller"}
{"EventID": "812", "Channel": "Microsoft-Windows-Winlogon/Operational", "Provider_Name": "Microsoft-Windows-Winlogon", "Computer": "DESKTOP-OFJ6N53", "TimeCreated": "2025-07-09 14:40:00.953836+00:00", "RecordID": "33542", "Level": "4", "UserID": "S-1-5-18", "EventData.Event": "0", "EventData.SubscriberName": "TrustedInstaller"}
{"EventID": "811", "Channel": "Microsoft-Windows-Winlogon/Operational", "Provider_Name": "Microsoft-Windows-Winlogon", "Computer": "DESKTOP-OFJ6N53", "TimeCreated": "2025-07-09 14:40:00.954367+00:00", "RecordID": "33543", "Level": "4", "UserID": "S-1-5-18", "EventData.Event": "0", "EventData.SubscriberName": "TrustedInstaller"}
{"EventID": "812", "Channel": "Microsoft-Windows-Winlogon/Operational", "Provider_Name": "Microsoft-Windows-Winlogon", "Computer": "DESKTOP-OFJ6N53", "TimeCreated": "2025-07-09 14:40:06.156879+00:00", "RecordID": "33544", "Level": "4", "UserID": "S-1-5-18", "EventData.Event": "0", "EventData.SubscriberName": "TrustedInstaller"}
{"EventID": "811", "Channel": "Microsoft-Windows-Winlogon/Operational", "Provider_Name": "Microsoft-Windows-Winlogon", "Computer": "DESKTOP-OFJ6N53", "TimeCreated": "2025-07-09 14:40:06.157478+00:00", "RecordID": "33545", "Level": "4", "UserID": "S-1-5-18", "EventData.Event": "0", "EventData.SubscriberName": "TrustedInstaller"}
{"EventID": "812", "Channel": "Microsoft-Windows-Winlogon/Operational", "Provider_Name": "Microsoft-Windows-Winlogon", "Computer": "DESKTOP-OFJ6N53", "TimeCreated": "2025-07-09 14:40:13.240366+00:00", "RecordID": "33546", "Level": "4", "UserID": "S-1-5-18", "EventData.Event": "0", "EventData.SubscriberName": "TrustedInstaller"}
{"EventID": "811", "Channel": "Microsoft-Windows-Winlogon/Operational", "Provider_Name": "Microsoft-Windows-Winlogon", "Computer": "DESKTOP-OFJ6N53", "TimeCreated": "2025-07-09 14:40:13.248047+00:00", "RecordID": "33547", "Level": "4", "UserID": "S-1-5-18", "EventData.Event": "0", "EventData.SubscriberName": "TrustedInstaller"}
{"EventID": "812", "Channel": "Microsoft-Windows-Winlogon/Operational", "Provider_Name": "Microsoft-Windows-Winlogon", "Computer": "DESKTOP-OFJ6N53", "TimeCreated": "2025-07-09 14:40:16.391441+00:00", "RecordID": "33548", "Level": "4", "UserID": "S-1-5-18", "EventData.Event": "0", "EventData.SubscriberName": "TrustedInstaller"}
{"EventID": "811", "Channel": "Microsoft-Windows-Winlogon/Operational", "Provider_Name": "Microsoft-Windows-Winlogon", "Computer": "DESKTOP-OFJ6N53", "TimeCreated": "2025-07-09 14:40:16.392075+00:00", "RecordID": "33549", "Level": "4", "UserID": "S-1-5-18", "EventData.Event": "0", "EventData.SubscriberName": "TrustedInstaller"}
{"EventID": "812", "Channel": "Microsoft-Windows-Winlogon/Operational", "Provider_Name": "Microsoft-Windows-Winlogon", "Computer": "DESKTOP-OFJ6N53", "TimeCreated": "2025-07-09 14:40:17.400784+00:00", "RecordID": "33550", "Level": "4", "UserID": "S-1-5-18", "EventData.Event": "0", "EventData.SubscriberName": "TrustedInstaller"}
{"EventID": "811", "Channel": "Microsoft-Windows-Winlogon/Operational", "Provider_Name": "Microsoft-Windows-Winlogon", "Computer": "DESKTOP-OFJ6N53", "TimeCreated": "2025-07-09 14:40:17.401409+00:00", "RecordID": "33551", "Level": "4", "UserID": "S-1-5-18", "EventData.Event": "0", "EventData.SubscriberName": "TrustedInstaller"}
{"EventID": "812", "Channel": "Microsoft-Windows-Winlogon/Operational", "Provider_Name": "Microsoft-Windows-Winlogon", "Computer": "DESKTOP-OFJ6N53", "TimeCreated": "2025-07-09 14:40:18.473330+00:00", "RecordID": "33552", "Level": "4", "UserID": "S-1-5-18", "EventData.Event": "0", "EventData.SubscriberName": "TrustedInstaller"}
{"EventID": "811", "Channel": "Microsoft-Windows-Winlogon/Operational", "Provider_Name": "Microsoft-Windows-Winlogon", "Computer": "DESKTOP-OFJ6N53", "TimeCreated": "2025-07-09 14:40:18.473911+00:00", "RecordID": "33553", "Level": "4", "UserID": "S-1-5-18", "EventData.Event": "0", "EventData.SubscriberName": "TrustedInstaller"}
{"EventID": "812", "Channel": "Microsoft-Windows-Winlogon/Operational", "Provider_Name": "Microsoft-Windows-Winlogon", "Computer": "DESKTOP-OFJ6N53", "TimeCreated": "2025-07-09 14:40:19.558029+00:00", "RecordID": "33554", "Level": "4", "UserID": "S-1-5-18", "EventData.Event": "0", "EventData.SubscriberName": "TrustedInstaller"}
{"EventID": "811", "Channel": "Microsoft-Windows-Winlogon/Operational", "Provider_Name": "Microsoft-Windows-Winlogon", "Computer": "DESKTOP-OFJ6N53", "TimeCreated": "2025-07-09 14:40:19.558578+00:00", "RecordID": "33555", "Level": "4", "UserID": "S-1-5-18", "EventData.Event": "0", "EventData.SubscriberName": "TrustedInstaller"}
{"EventID": "812", "Channel": "Microsoft-Windows-Winlogon/Operational", "Provider_Name": "Microsoft-Windows-Winlogon", "Computer": "DESKTOP-OFJ6N53", "TimeCreated": "2025-07-09 14:40:20.576742+00:00", "RecordID": "33556", "Level": "4", "UserID": "S-1-5-18", "EventData.Event": "0", "EventData.SubscriberName": "TrustedInstaller"}
{"EventID": "811", "Channel": "Microsoft-Windows-Winlogon/Operational", "Provider_Name": "Microsoft-Windows-Winlogon", "Computer": "DESKTOP-OFJ6N53", "TimeCreated": "2025-07-09 14:40:20.577982+00:00", "RecordID": "33557", "Level": "4", "UserID": "S-1-5-18", "EventData.Event": "0", "EventData.SubscriberName": "TrustedInstaller"}
{"EventID": "812", "Channel": "Microsoft-Windows-Winlogon/Operational", "Provider_Name": "Microsoft-Windows-Winlogon", "Computer": "DESKTOP-OFJ6N53", "TimeCreated": "2025-07-09 14:40:21.585493+00:00", "RecordID": "33558", "Level": "4", "UserID": "S-1-5-18", "EventData.Event": "0", "EventData.SubscriberName": "TrustedInstaller"}
{"EventID": "811", "Channel": "Microsoft-Windows-Winlogon/Operational", "Provider_Name": "Microsoft-Windows-Winlogon", "Computer": "DESKTOP-OFJ6N53", "TimeCreated": "2025-07-09 14:40:21.586550+00:00", "RecordID": "33559", "Level": "4", "UserID": "S-1-5-18", "EventData.Event": "0", "EventData.SubscriberName": "TrustedInstaller"}
{"EventID": "812", "Channel": "Microsoft-Windows-Winlogon/Operational", "Provider_Name": "Microsoft-Windows-Winlogon", "Computer": "DESKTOP-OFJ6N53", "TimeCreated": "2025-07-09 14:40:22.645138+00:00", "RecordID": "33560", "Level": "4", "UserID": "S-1-5-18", "EventData.Event": "0", "EventData.SubscriberName": "TrustedInstaller"}
{"EventID": "811", "Channel": "Microsoft-Windows-Winlogon/Operational", "Provider_Name": "Microsoft-Windows-Winlogon", "Computer": "DESKTOP-OFJ6N53", "TimeCreated": "2025-07-09 14:40:22.645746+00:00", "RecordID": "33561", "Level": "4", "UserID": "S-1-5-18", "EventData.Event": "0", "EventData.SubscriberName": "TrustedInstaller"}
{"EventID": "812", "Channel": "Microsoft-Windows-Winlogon/Operational", "Provider_Name": "Microsoft-Windows-Winlogon", "Computer": "DESKTOP-OFJ6N53", "TimeCreated": "2025-07-09 14:40:23.649000+00:00", "RecordID": "33562", "Level": "4", "UserID": "S-1-5-18", "EventData.Event": "0", "EventData.SubscriberName": "TrustedInstaller"}
{"EventID": "811", "Channel": "Microsoft-Windows-Winlogon/Operational", "Provider_Name": "Microsoft-Windows-Winlogon", "Computer": "DESKTOP-OFJ6N53", "TimeCreated": "2025-07-09 14:40:23.650402+00:00", "RecordID": "33563", "Level": "4", "UserID": "S-1-5-18", "EventData.Event": "0", "EventData.SubscriberName": "TrustedInstaller"}
{"EventID": "812", "Channel": "Microsoft-Windows-Winlogon/Operational", "Provider_Name": "Microsoft-Windows-Winlogon", "Computer": "DESKTOP-OFJ6N53", "TimeCreated": "2025-07-09 14:40:24.750807+00:00", "RecordID": "33564", "Level": "4", "UserID": "S-1-5-18", "EventData.Event": "0", "EventData.SubscriberName": "TrustedInstaller"}
{"EventID": "811", "Channel": "Microsoft-Windows-Winlogon/Operational", "Provider_Name": "Microsoft-Windows-Winlogon", "Computer": "DESKTOP-OFJ6N53", "TimeCreated": "2025-07-09 14:40:24.753180+00:00", "RecordID": "33565", "Level": "4", "UserID": "S-1-5-18", "EventData.Event": "0", "EventData.SubscriberName": "TrustedInstaller"}
{"EventID": "812", "Channel": "Microsoft-Windows-Winlogon/Operational", "Provider_Name": "Microsoft-Windows-Winlogon", "Computer": "DESKTOP-OFJ6N53", "TimeCreated": "2025-07-09 14:40:26.113316+00:00", "RecordID": "33566", "Level": "4", "UserID": "S-1-5-18", "EventData.Event": "0", "EventData.SubscriberName": "TrustedInstaller"}
{"EventID": "811", "Channel": "Microsoft-Windows-Winlogon/Operational", "Provider_Name": "Microsoft-Windows-Winlogon", "Computer": "DESKTOP-OFJ6N53", "TimeCreated": "2025-07-09 14:40:26.113899+00:00", "RecordID": "33567", "Level": "4", "UserID": "S-1-5-18", "EventData.Event": "0", "EventData.SubscriberName": "TrustedInstaller"}
{"EventID": "812", "Channel": "Microsoft-Windows-Winlogon/Operational", "Provider_Name": "Microsoft-Windows-Winlogon", "Computer": "DESKTOP-OFJ6N53", "TimeCreated": "2025-07-09 14:40:46.657925+00:00", "RecordID": "33568", "Level": "4", "UserID": "S-1-5-18", "EventData.Event": "0", "EventData.SubscriberName": "TrustedInstaller"}
