{"EventID": "20", "Channel": "Microsoft-Windows-Provisioning-Diagnostics-Provider/Admin", "Provider_Name": "Microsoft-Windows-Provisioning-Diagnostics-Provider", "Computer": "DESKTOP-OFJ6N53", "TimeCreated": "2024-12-03 10:34:01.724138+00:00", "RecordID": "2671", "Level": "4", "UserID": "S-1-5-18", "EventData.Message1": "Power.EnergyEstimationEngine.MBB.ppkg", "EventData.Message2": "{99b095d8-5959-4820-bea7-7448c8427b4e}"}
{"EventID": "20", "Channel": "Microsoft-Windows-Provisioning-Diagnostics-Provider/Admin", "Provider_Name": "Microsoft-Windows-Provisioning-Diagnostics-Provider", "Computer": "DESKTOP-OFJ6N53", "TimeCreated": "2024-12-03 10:34:01.736107+00:00", "RecordID": "2672", "Level": "4", "UserID": "S-1-5-18", "EventData.Message1": "Power.EnergyEstimationEngine.StandbyActivation.ppkg", "EventData.Message2": "{8d196d7f-3eef-48ad-8bea-be749f12d3ad}"}
{"EventID": "20", "Channel": "Microsoft-Windows-Provisioning-Diagnostics-Provider/Admin", "Provider_Name": "Microsoft-Windows-Provisioning-Diagnostics-Provider", "Computer": "DESKTOP-OFJ6N53", "TimeCreated": "2024-12-03 10:34:01.774765+00:00", "RecordID": "2673", "Level": "4", "UserID": "S-1-5-18", "EventData.Message1": "Power.EnergyEstimationEngine.Storage.ppkg", "EventData.Message2": "{9aec5bda-1e87-46b3-bb96-1a01c606555e}"}
{"EventID": "20", "Channel": "Microsoft-Windows-Provisioning-Diagnostics-Provider/Admin", "Provider_Name": "Microsoft-Windows-Provisioning-Diagnostics-Provider", "Computer": "DESKTOP-OFJ6N53", "TimeCreated": "2024-12-03 10:34:01.788958+00:00", "RecordID": "2674", "Level": "4", "UserID": "S-1-5-18", "EventData.Message1": "Power.EnergyEstimationEngine.Telemetry.ppkg", "EventData.Message2": "{8fb7d64e-70fc-4f9d-89ee-d486817534df}"}
{"EventID": "20", "Channel": "Microsoft-Windows-Provisioning-Diagnostics-Provider/Admin", "Provider_Name": "Microsoft-Windows-Provisioning-Diagnostics-Provider", "Computer": "DESKTOP-OFJ6N53", "TimeCreated": "2024-12-03 10:34:01.823521+00:00", "RecordID": "2675", "Level": "4", "UserID": "S-1-5-18", "EventData.Message1": "Power.EnergyEstimationEngine.Wifi.ppkg", "EventData.Message2": "{b0b9123d-7d7f-4c6b-9973-ceced46f2a09}"}
{"EventID": "20", "Channel": "Microsoft-Windows-Provisioning-Diagnostics-Provider/Admin", "Provider_Name": "Microsoft-Windows-Provisioning-Diagnostics-Provider", "Computer": "DESKTOP-OFJ6N53", "TimeCreated": "2024-12-03 10:34:01.862560+00:00", "RecordID": "2676", "Level": "4", "UserID": "S-1-5-18", "EventData.Message1": "Power.Settings.Battery.ppkg", "EventData.Message2": "{7a30a9be-737f-47a1-a541-6e7b0761ed19}"}
{"EventID": "20", "Channel": "Microsoft-Windows-Provisioning-Diagnostics-Provider/Admin", "Provider_Name": "Microsoft-Windows-Provisioning-Diagnostics-Provider", "Computer": "DESKTOP-OFJ6N53", "TimeCreated": "2024-12-03 10:34:01.873949+00:00", "RecordID": "2677", "Level": "4", "UserID": "S-1-5-18", "EventData.Message1": "Power.Settings.Button.ppkg", "EventData.Message2": "{18dcffd4-37d6-4bc6-87e0-4266fdbb8e49}"}
{"EventID": "20", "Channel": "Microsoft-Windows-Provisioning-Diagnostics-Provider/Admin", "Provider_Name": "Microsoft-Windows-Provisioning-Diagnostics-Provider", "Computer": "DESKTOP-OFJ6N53", "TimeCreated": "2024-12-03 10:34:01.900864+00:00", "RecordID": "2678", "Level": "4", "UserID": "S-1-5-18", "EventData.Message1": "Power.Settings.Control.ppkg", "EventData.Message2": "{5f568920-10ad-4dc0-a97e-b78a3255c351}"}
{"EventID": "20", "Channel": "Microsoft-Windows-Provisioning-Diagnostics-Provider/Admin", "Provider_Name": "Microsoft-Windows-Provisioning-Diagnostics-Provider", "Computer": "DESKTOP-OFJ6N53", "TimeCreated": "2024-12-03 10:34:01.912373+00:00", "RecordID": "2679", "Level": "4", "UserID": "S-1-5-18", "EventData.Message1": "Power.Settings.Disk.ppkg", "EventData.Message2": "{9df6a4ed-fc16-48bf-8b24-6e2ad2bfcfea}"}
{"EventID": "20", "Channel": "Microsoft-Windows-Provisioning-Diagnostics-Provider/Admin", "Provider_Name": "Microsoft-Windows-Provisioning-Diagnostics-Provider", "Computer": "DESKTOP-OFJ6N53", "TimeCreated": "2024-12-03 10:34:01.925262+00:00", "RecordID": "2680", "Level": "4", "UserID": "S-1-5-18", "EventData.Message1": "Power.Settings.Display.ppkg", "EventData.Message2": "{23cb517f-5073-4e96-a202-7fe6122a2271}"}
{"EventID": "20", "Channel": "Microsoft-Windows-Provisioning-Diagnostics-Provider/Admin", "Provider_Name": "Microsoft-Windows-Provisioning-Diagnostics-Provider", "Computer": "DESKTOP-OFJ6N53", "TimeCreated": "2024-12-03 10:34:01.938341+00:00", "RecordID": "2681", "Level": "4", "UserID": "S-1-5-18", "EventData.Message1": "Power.Settings.Graphics.ppkg", "EventData.Message2": "{bf56ce5a-946b-45b5-858a-1794eb0125e2}"}
{"EventID": "20", "Channel": "Microsoft-Windows-Provisioning-Diagnostics-Provider/Admin", "Provider_Name": "Microsoft-Windows-Provisioning-Diagnostics-Provider", "Computer": "DESKTOP-OFJ6N53", "TimeCreated": "2024-12-03 10:34:01.987131+00:00", "RecordID": "2682", "Level": "4", "UserID": "S-1-5-18", "EventData.Message1": "Power.Settings.IdleResiliency.ppkg", "EventData.Message2": "{f11899f2-71ec-4621-9997-e17ae2f6eb26}"}
{"EventID": "20", "Channel": "Microsoft-Windows-Provisioning-Diagnostics-Provider/Admin", "Provider_Name": "Microsoft-Windows-Provisioning-Diagnostics-Provider", "Computer": "DESKTOP-OFJ6N53", "TimeCreated": "2024-12-03 10:34:02.030069+00:00", "RecordID": "2683", "Level": "4", "UserID": "S-1-5-18", "EventData.Message1": "Power.Settings.PCIExpress.ppkg", "EventData.Message2": "{268c43e1-aa2b-4036-86ef-8cda98a0c2fe}"}
{"EventID": "20", "Channel": "Microsoft-Windows-Provisioning-Diagnostics-Provider/Admin", "Provider_Name": "Microsoft-Windows-Provisioning-Diagnostics-Provider", "Computer": "DESKTOP-OFJ6N53", "TimeCreated": "2024-12-03 10:34:02.045740+00:00", "RecordID": "2684", "Level": "4", "UserID": "S-1-5-18", "EventData.Message1": "Power.Settings.Processor.ppkg", "EventData.Message2": "{fc01e91f-914c-45af-9d7c-0b2e5fbedf62}"}
{"EventID": "20", "Channel": "Microsoft-Windows-Provisioning-Diagnostics-Provider/Admin", "Provider_Name": "Microsoft-Windows-Provisioning-Diagnostics-Provider", "Computer": "DESKTOP-OFJ6N53", "TimeCreated": "2024-12-03 10:34:02.058292+00:00", "RecordID": "2685", "Level": "4", "UserID": "S-1-5-18", "EventData.Message1": "Power.Settings.Sleep.ppkg", "EventData.Message2": "{3742e5e8-6d9d-473b-99a6-8ecc0f43548a}"}
{"EventID": "20", "Channel": "Microsoft-Windows-Provisioning-Diagnostics-Provider/Admin", "Provider_Name": "Microsoft-Windows-Provisioning-Diagnostics-Provider", "Computer": "DESKTOP-OFJ6N53", "TimeCreated": "2024-12-03 10:34:02.311855+00:00", "RecordID": "2686", "Level": "4", "UserID": "S-1-5-18", "EventData.Message1": "Microsoft.Windows.Cosa.Desktop.Client.ppkg", "EventData.Message2": "{c8a326e4-f518-4f14-b543-97a57e1a975e}"}
{"EventID": "90", "Channel": "Microsoft-Windows-Provisioning-Diagnostics-Provider/Admin", "Provider_Name": "Microsoft-Windows-Provisioning-Diagnostics-Provider", "Computer": "DESKTOP-OFJ6N53", "TimeCreated": "2024-12-08 17:08:13.899809+00:00", "RecordID": "2687", "Level": "4", "UserID": "S-1-5-18", "EventData.Message1": "LogonIdleTask", "EventData.Message2": "<Not Present>", "EventData.Message3": "<Not Present>"}
{"EventID": "20", "Channel": "Microsoft-Windows-Provisioning-Diagnostics-Provider/Admin", "Provider_Name": "Microsoft-Windows-Provisioning-Diagnostics-Provider", "Computer": "DESKTOP-OFJ6N53", "TimeCreated": "2024-12-08 17:08:14.745356+00:00", "RecordID": "2688", "Level": "4", "UserID": "S-1-5-18", "EventData.Message1": "Power.EnergyEstimationEngine.Control.ppkg", "EventData.Message2": "{1e05dd5d-a022-46c5-963c-b20de341170f}"}
{"EventID": "20", "Channel": "Microsoft-Windows-Provisioning-Diagnostics-Provider/Admin", "Provider_Name": "Microsoft-Windows-Provisioning-Diagnostics-Provider", "Computer": "DESKTOP-OFJ6N53", "TimeCreated": "2024-12-08 17:08:14.765114+00:00", "RecordID": "2689", "Level": "4", "UserID": "S-1-5-18", "EventData.Message1": "Power.EnergyEstimationEngine.CPU.ppkg", "EventData.Message2": "{c5dc3753-b6c8-4057-b396-bf13d769311c}"}
{"EventID": "20", "Channel": "Microsoft-Windows-Provisioning-Diagnostics-Provider/Admin", "Provider_Name": "Microsoft-Windows-Provisioning-Diagnostics-Provider", "Computer": "DESKTOP-OFJ6N53", "TimeCreated": "2024-12-08 17:08:14.784252+00:00", "RecordID": "2690", "Level": "4", "UserID": "S-1-5-18", "EventData.Message1": "Power.EnergyEstimationEngine.Display.ppkg", "EventData.Message2": "{ee4aac98-c174-4941-82b1-d121e493e4fb}"}
{"EventID": "20", "Channel": "Microsoft-Windows-Provisioning-Diagnostics-Provider/Admin", "Provider_Name": "Microsoft-Windows-Provisioning-Diagnostics-Provider", "Computer": "DESKTOP-OFJ6N53", "TimeCreated": "2024-12-08 17:08:14.808439+00:00", "RecordID": "2691", "Level": "4", "UserID": "S-1-5-18", "EventData.Message1": "Power.EnergyEstimationEngine.MBB.ppkg", "EventData.Message2": "{99b095d8-5959-4820-bea7-7448c8427b4e}"}
{"EventID": "20", "Channel": "Microsoft-Windows-Provisioning-Diagnostics-Provider/Admin", "Provider_Name": "Microsoft-Windows-Provisioning-Diagnostics-Provider", "Computer": "DESKTOP-OFJ6N53", "TimeCreated": "2024-12-08 17:08:15.076832+00:00", "RecordID": "2692", "Level": "4", "UserID": "S-1-5-18", "EventData.Message1": "Power.EnergyEstimationEngine.StandbyActivation.ppkg", "EventData.Message2": "{8d196d7f-3eef-48ad-8bea-be749f12d3ad}"}
{"EventID": "20", "Channel": "Microsoft-Windows-Provisioning-Diagnostics-Provider/Admin", "Provider_Name": "Microsoft-Windows-Provisioning-Diagnostics-Provider", "Computer": "DESKTOP-OFJ6N53", "TimeCreated": "2024-12-08 17:08:15.097239+00:00", "RecordID": "2693", "Level": "4", "UserID": "S-1-5-18", "EventData.Message1": "Power.EnergyEstimationEngine.Storage.ppkg", "EventData.Message2": "{9aec5bda-1e87-46b3-bb96-1a01c606555e}"}
{"EventID": "20", "Channel": "Microsoft-Windows-Provisioning-Diagnostics-Provider/Admin", "Provider_Name": "Microsoft-Windows-Provisioning-Diagnostics-Provider", "Computer": "DESKTOP-OFJ6N53", "TimeCreated": "2024-12-08 17:08:15.110777+00:00", "RecordID": "2694", "Level": "4", "UserID": "S-1-5-18", "EventData.Message1": "Power.EnergyEstimationEngine.Telemetry.ppkg", "EventData.Message2": "{8fb7d64e-70fc-4f9d-89ee-d486817534df}"}
{"EventID": "20", "Channel": "Microsoft-Windows-Provisioning-Diagnostics-Provider/Admin", "Provider_Name": "Microsoft-Windows-Provisioning-Diagnostics-Provider", "Computer": "DESKTOP-OFJ6N53", "TimeCreated": "2024-12-08 17:08:15.147488+00:00", "RecordID": "2695", "Level": "4", "UserID": "S-1-5-18", "EventData.Message1": "Power.EnergyEstimationEngine.Wifi.ppkg", "EventData.Message2": "{b0b9123d-7d7f-4c6b-9973-ceced46f2a09}"}
{"EventID": "20", "Channel": "Microsoft-Windows-Provisioning-Diagnostics-Provider/Admin", "Provider_Name": "Microsoft-Windows-Provisioning-Diagnostics-Provider", "Computer": "DESKTOP-OFJ6N53", "TimeCreated": "2024-12-08 17:08:15.171227+00:00", "RecordID": "2696", "Level": "4", "UserID": "S-1-5-18", "EventData.Message1": "Power.Settings.Battery.ppkg", "EventData.Message2": "{7a30a9be-737f-47a1-a541-6e7b0761ed19}"}
{"EventID": "20", "Channel": "Microsoft-Windows-Provisioning-Diagnostics-Provider/Admin", "Provider_Name": "Microsoft-Windows-Provisioning-Diagnostics-Provider", "Computer": "DESKTOP-OFJ6N53", "TimeCreated": "2024-12-08 17:08:15.185251+00:00", "RecordID": "2697", "Level": "4", "UserID": "S-1-5-18", "EventData.Message1": "Power.Settings.Button.ppkg", "EventData.Message2": "{18dcffd4-37d6-4bc6-87e0-4266fdbb8e49}"}
{"EventID": "20", "Channel": "Microsoft-Windows-Provisioning-Diagnostics-Provider/Admin", "Provider_Name": "Microsoft-Windows-Provisioning-Diagnostics-Provider", "Computer": "DESKTOP-OFJ6N53", "TimeCreated": "2024-12-08 17:08:15.198893+00:00", "RecordID": "2698", "Level": "4", "UserID": "S-1-5-18", "EventData.Message1": "Power.Settings.Control.ppkg", "EventData.Message2": "{5f568920-10ad-4dc0-a97e-b78a3255c351}"}
{"EventID": "20", "Channel": "Microsoft-Windows-Provisioning-Diagnostics-Provider/Admin", "Provider_Name": "Microsoft-Windows-Provisioning-Diagnostics-Provider", "Computer": "DESKTOP-OFJ6N53", "TimeCreated": "2024-12-08 17:08:15.215130+00:00", "RecordID": "2699", "Level": "4", "UserID": "S-1-5-18", "EventData.Message1": "Power.Settings.Disk.ppkg", "EventData.Message2": "{9df6a4ed-fc16-48bf-8b24-6e2ad2bfcfea}"}
{"EventID": "20", "Channel": "Microsoft-Windows-Provisioning-Diagnostics-Provider/Admin", "Provider_Name": "Microsoft-Windows-Provisioning-Diagnostics-Provider", "Computer": "DESKTOP-OFJ6N53", "TimeCreated": "2024-12-08 17:08:15.228846+00:00", "RecordID": "2700", "Level": "4", "UserID": "S-1-5-18", "EventData.Message1": "Power.Settings.Display.ppkg", "EventData.Message2": "{23cb517f-5073-4e96-a202-7fe6122a2271}"}
{"EventID": "20", "Channel": "Microsoft-Windows-Provisioning-Diagnostics-Provider/Admin", "Provider_Name": "Microsoft-Windows-Provisioning-Diagnostics-Provider", "Computer": "DESKTOP-OFJ6N53", "TimeCreated": "2024-12-08 17:08:15.241150+00:00", "RecordID": "2701", "Level": "4", "UserID": "S-1-5-18", "EventData.Message1": "Power.Settings.Graphics.ppkg", "EventData.Message2": "{bf56ce5a-946b-45b5-858a-1794eb0125e2}"}
{"EventID": "20", "Channel": "Microsoft-Windows-Provisioning-Diagnostics-Provider/Admin", "Provider_Name": "Microsoft-Windows-Provisioning-Diagnostics-Provider", "Computer": "DESKTOP-OFJ6N53", "TimeCreated": "2024-12-08 17:08:15.254089+00:00", "RecordID": "2702", "Level": "4", "UserID": "S-1-5-18", "EventData.Message1": "Power.Settings.IdleResiliency.ppkg", "EventData.Message2": "{f11899f2-71ec-4621-9997-e17ae2f6eb26}"}
{"EventID": "20", "Channel": "Microsoft-Windows-Provisioning-Diagnostics-Provider/Admin", "Provider_Name": "Microsoft-Windows-Provisioning-Diagnostics-Provider", "Computer": "DESKTOP-OFJ6N53", "TimeCreated": "2024-12-08 17:08:15.265287+00:00", "RecordID": "2703", "Level": "4", "UserID": "S-1-5-18", "EventData.Message1": "Power.Settings.PCIExpress.ppkg", "EventData.Message2": "{268c43e1-aa2b-4036-86ef-8cda98a0c2fe}"}
{"EventID": "20", "Channel": "Microsoft-Windows-Provisioning-Diagnostics-Provider/Admin", "Provider_Name": "Microsoft-Windows-Provisioning-Diagnostics-Provider", "Computer": "DESKTOP-OFJ6N53", "TimeCreated": "2024-12-08 17:08:15.280901+00:00", "RecordID": "2704", "Level": "4", "UserID": "S-1-5-18", "EventData.Message1": "Power.Settings.Processor.ppkg", "EventData.Message2": "{fc01e91f-914c-45af-9d7c-0b2e5fbedf62}"}
{"EventID": "20", "Channel": "Microsoft-Windows-Provisioning-Diagnostics-Provider/Admin", "Provider_Name": "Microsoft-Windows-Provisioning-Diagnostics-Provider", "Computer": "DESKTOP-OFJ6N53", "TimeCreated": "2024-12-08 17:08:15.295725+00:00", "RecordID": "2705", "Level": "4", "UserID": "S-1-5-18", "EventData.Message1": "Power.Settings.Sleep.ppkg", "EventData.Message2": "{3742e5e8-6d9d-473b-99a6-8ecc0f43548a}"}
{"EventID": "20", "Channel": "Microsoft-Windows-Provisioning-Diagnostics-Provider/Admin", "Provider_Name": "Microsoft-Windows-Provisioning-Diagnostics-Provider", "Computer": "DESKTOP-OFJ6N53", "TimeCreated": "2024-12-08 17:08:15.326357+00:00", "RecordID": "2706", "Level": "4", "UserID": "S-1-5-18", "EventData.Message1": "Microsoft.Windows.Cosa.Desktop.Client.ppkg", "EventData.Message2": "{c8a326e4-f518-4f14-b543-97a57e1a975e}"}
{"EventID": "90", "Channel": "Microsoft-Windows-Provisioning-Diagnostics-Provider/Admin", "Provider_Name": "Microsoft-Windows-Provisioning-Diagnostics-Provider", "Computer": "DESKTOP-OFJ6N53", "TimeCreated": "2024-12-11 15:16:19.914135+00:00", "RecordID": "2707", "Level": "4", "UserID": "S-1-5-18", "EventData.Message1": "LogonIdleTask", "EventData.Message2": "<Not Present>", "EventData.Message3": "<Not Present>"}
{"EventID": "20", "Channel": "Microsoft-Windows-Provisioning-Diagnostics-Provider/Admin", "Provider_Name": "Microsoft-Windows-Provisioning-Diagnostics-Provider", "Computer": "DESKTOP-OFJ6N53", "TimeCreated": "2024-12-11 15:16:21.434217+00:00", "RecordID": "2708", "Level": "4", "UserID": "S-1-5-18", "EventData.Message1": "Power.EnergyEstimationEngine.Control.ppkg", "EventData.Message2": "{1e05dd5d-a022-46c5-963c-b20de341170f}"}
{"EventID": "20", "Channel": "Microsoft-Windows-Provisioning-Diagnostics-Provider/Admin", "Provider_Name": "Microsoft-Windows-Provisioning-Diagnostics-Provider", "Computer": "DESKTOP-OFJ6N53", "TimeCreated": "2024-12-11 15:16:21.447525+00:00", "RecordID": "2709", "Level": "4", "UserID": "S-1-5-18", "EventData.Message1": "Power.EnergyEstimationEngine.CPU.ppkg", "EventData.Message2": "{c5dc3753-b6c8-4057-b396-bf13d769311c}"}
{"EventID": "20", "Channel": "Microsoft-Windows-Provisioning-Diagnostics-Provider/Admin", "Provider_Name": "Microsoft-Windows-Provisioning-Diagnostics-Provider", "Computer": "DESKTOP-OFJ6N53", "TimeCreated": "2024-12-11 15:16:21.465508+00:00", "RecordID": "2710", "Level": "4", "UserID": "S-1-5-18", "EventData.Message1": "Power.EnergyEstimationEngine.Display.ppkg", "EventData.Message2": "{ee4aac98-c174-4941-82b1-d121e493e4fb}"}
{"EventID": "20", "Channel": "Microsoft-Windows-Provisioning-Diagnostics-Provider/Admin", "Provider_Name": "Microsoft-Windows-Provisioning-Diagnostics-Provider", "Computer": "DESKTOP-OFJ6N53", "TimeCreated": "2024-12-11 15:16:21.481888+00:00", "RecordID": "2711", "Level": "4", "UserID": "S-1-5-18", "EventData.Message1": "Power.EnergyEstimationEngine.MBB.ppkg", "EventData.Message2": "{99b095d8-5959-4820-bea7-7448c8427b4e}"}
{"EventID": "20", "Channel": "Microsoft-Windows-Provisioning-Diagnostics-Provider/Admin", "Provider_Name": "Microsoft-Windows-Provisioning-Diagnostics-Provider", "Computer": "DESKTOP-OFJ6N53", "TimeCreated": "2024-12-11 15:16:21.507902+00:00", "RecordID": "2712", "Level": "4", "UserID": "S-1-5-18", "EventData.Message1": "Power.EnergyEstimationEngine.StandbyActivation.ppkg", "EventData.Message2": "{8d196d7f-3eef-48ad-8bea-be749f12d3ad}"}
{"EventID": "20", "Channel": "Microsoft-Windows-Provisioning-Diagnostics-Provider/Admin", "Provider_Name": "Microsoft-Windows-Provisioning-Diagnostics-Provider", "Computer": "DESKTOP-OFJ6N53", "TimeCreated": "2024-12-11 15:16:21.519506+00:00", "RecordID": "2713", "Level": "4", "UserID": "S-1-5-18", "EventData.Message1": "Power.EnergyEstimationEngine.Storage.ppkg", "EventData.Message2": "{9aec5bda-1e87-46b3-bb96-1a01c606555e}"}
{"EventID": "20", "Channel": "Microsoft-Windows-Provisioning-Diagnostics-Provider/Admin", "Provider_Name": "Microsoft-Windows-Provisioning-Diagnostics-Provider", "Computer": "DESKTOP-OFJ6N53", "TimeCreated": "2024-12-11 15:16:21.531733+00:00", "RecordID": "2714", "Level": "4", "UserID": "S-1-5-18", "EventData.Message1": "Power.EnergyEstimationEngine.Telemetry.ppkg", "EventData.Message2": "{8fb7d64e-70fc-4f9d-89ee-d486817534df}"}
{"EventID": "20", "Channel": "Microsoft-Windows-Provisioning-Diagnostics-Provider/Admin", "Provider_Name": "Microsoft-Windows-Provisioning-Diagnostics-Provider", "Computer": "DESKTOP-OFJ6N53", "TimeCreated": "2024-12-11 15:16:21.554312+00:00", "RecordID": "2715", "Level": "4", "UserID": "S-1-5-18", "EventData.Message1": "Power.EnergyEstimationEngine.Wifi.ppkg", "EventData.Message2": "{b0b9123d-7d7f-4c6b-9973-ceced46f2a09}"}
{"EventID": "20", "Channel": "Microsoft-Windows-Provisioning-Diagnostics-Provider/Admin", "Provider_Name": "Microsoft-Windows-Provisioning-Diagnostics-Provider", "Computer": "DESKTOP-OFJ6N53", "TimeCreated": "2024-12-11 15:16:21.569624+00:00", "RecordID": "2716", "Level": "4", "UserID": "S-1-5-18", "EventData.Message1": "Power.Settings.Battery.ppkg", "EventData.Message2": "{7a30a9be-737f-47a1-a541-6e7b0761ed19}"}
{"EventID": "20", "Channel": "Microsoft-Windows-Provisioning-Diagnostics-Provider/Admin", "Provider_Name": "Microsoft-Windows-Provisioning-Diagnostics-Provider", "Computer": "DESKTOP-OFJ6N53", "TimeCreated": "2024-12-11 15:16:21.584711+00:00", "RecordID": "2717", "Level": "4", "UserID": "S-1-5-18", "EventData.Message1": "Power.Settings.Button.ppkg", "EventData.Message2": "{18dcffd4-37d6-4bc6-87e0-4266fdbb8e49}"}
{"EventID": "20", "Channel": "Microsoft-Windows-Provisioning-Diagnostics-Provider/Admin", "Provider_Name": "Microsoft-Windows-Provisioning-Diagnostics-Provider", "Computer": "DESKTOP-OFJ6N53", "TimeCreated": "2024-12-11 15:16:21.600088+00:00", "RecordID": "2718", "Level": "4", "UserID": "S-1-5-18", "EventData.Message1": "Power.Settings.Control.ppkg", "EventData.Message2": "{5f568920-10ad-4dc0-a97e-b78a3255c351}"}
{"EventID": "20", "Channel": "Microsoft-Windows-Provisioning-Diagnostics-Provider/Admin", "Provider_Name": "Microsoft-Windows-Provisioning-Diagnostics-Provider", "Computer": "DESKTOP-OFJ6N53", "TimeCreated": "2024-12-11 15:16:21.623747+00:00", "RecordID": "2719", "Level": "4", "UserID": "S-1-5-18", "EventData.Message1": "Power.Settings.Disk.ppkg", "EventData.Message2": "{9df6a4ed-fc16-48bf-8b24-6e2ad2bfcfea}"}
{"EventID": "20", "Channel": "Microsoft-Windows-Provisioning-Diagnostics-Provider/Admin", "Provider_Name": "Microsoft-Windows-Provisioning-Diagnostics-Provider", "Computer": "DESKTOP-OFJ6N53", "TimeCreated": "2024-12-11 15:16:21.638647+00:00", "RecordID": "2720", "Level": "4", "UserID": "S-1-5-18", "EventData.Message1": "Power.Settings.Display.ppkg", "EventData.Message2": "{23cb517f-5073-4e96-a202-7fe6122a2271}"}
{"EventID": "20", "Channel": "Microsoft-Windows-Provisioning-Diagnostics-Provider/Admin", "Provider_Name": "Microsoft-Windows-Provisioning-Diagnostics-Provider", "Computer": "DESKTOP-OFJ6N53", "TimeCreated": "2024-12-11 15:16:21.671852+00:00", "RecordID": "2721", "Level": "4", "UserID": "S-1-5-18", "EventData.Message1": "Power.Settings.Graphics.ppkg", "EventData.Message2": "{bf56ce5a-946b-45b5-858a-1794eb0125e2}"}
{"EventID": "20", "Channel": "Microsoft-Windows-Provisioning-Diagnostics-Provider/Admin", "Provider_Name": "Microsoft-Windows-Provisioning-Diagnostics-Provider", "Computer": "DESKTOP-OFJ6N53", "TimeCreated": "2024-12-11 15:16:21.700218+00:00", "RecordID": "2722", "Level": "4", "UserID": "S-1-5-18", "EventData.Message1": "Power.Settings.IdleResiliency.ppkg", "EventData.Message2": "{f11899f2-71ec-4621-9997-e17ae2f6eb26}"}
{"EventID": "20", "Channel": "Microsoft-Windows-Provisioning-Diagnostics-Provider/Admin", "Provider_Name": "Microsoft-Windows-Provisioning-Diagnostics-Provider", "Computer": "DESKTOP-OFJ6N53", "TimeCreated": "2024-12-11 15:16:21.713879+00:00", "RecordID": "2723", "Level": "4", "UserID": "S-1-5-18", "EventData.Message1": "Power.Settings.PCIExpress.ppkg", "EventData.Message2": "{268c43e1-aa2b-4036-86ef-8cda98a0c2fe}"}
{"EventID": "20", "Channel": "Microsoft-Windows-Provisioning-Diagnostics-Provider/Admin", "Provider_Name": "Microsoft-Windows-Provisioning-Diagnostics-Provider", "Computer": "DESKTOP-OFJ6N53", "TimeCreated": "2024-12-11 15:16:21.748585+00:00", "RecordID": "2724", "Level": "4", "UserID": "S-1-5-18", "EventData.Message1": "Power.Settings.Processor.ppkg", "EventData.Message2": "{fc01e91f-914c-45af-9d7c-0b2e5fbedf62}"}
{"EventID": "20", "Channel": "Microsoft-Windows-Provisioning-Diagnostics-Provider/Admin", "Provider_Name": "Microsoft-Windows-Provisioning-Diagnostics-Provider", "Computer": "DESKTOP-OFJ6N53", "TimeCreated": "2024-12-11 15:16:21.761892+00:00", "RecordID": "2725", "Level": "4", "UserID": "S-1-5-18", "EventData.Message1": "Power.Settings.Sleep.ppkg", "EventData.Message2": "{3742e5e8-6d9d-473b-99a6-8ecc0f43548a}"}
{"EventID": "20", "Channel": "Microsoft-Windows-Provisioning-Diagnostics-Provider/Admin", "Provider_Name": "Microsoft-Windows-Provisioning-Diagnostics-Provider", "Computer": "DESKTOP-OFJ6N53", "TimeCreated": "2024-12-11 15:16:21.880816+00:00", "RecordID": "2726", "Level": "4", "UserID": "S-1-5-18", "EventData.Message1": "Microsoft.Windows.Cosa.Desktop.Client.ppkg", "EventData.Message2": "{c8a326e4-f518-4f14-b543-97a57e1a975e}"}
{"EventID": "90", "Channel": "Microsoft-Windows-Provisioning-Diagnostics-Provider/Admin", "Provider_Name": "Microsoft-Windows-Provisioning-Diagnostics-Provider", "Computer": "DESKTOP-OFJ6N53", "TimeCreated": "2024-12-23 14:20:16.010727+00:00", "RecordID": "2727", "Level": "4", "UserID": "S-1-5-18", "EventData.Message1": "LogonIdleTask", "EventData.Message2": "<Not Present>", "EventData.Message3": "<Not Present>"}
{"EventID": "20", "Channel": "Microsoft-Windows-Provisioning-Diagnostics-Provider/Admin", "Provider_Name": "Microsoft-Windows-Provisioning-Diagnostics-Provider", "Computer": "DESKTOP-OFJ6N53", "TimeCreated": "2024-12-23 14:20:17.032446+00:00", "RecordID": "2728", "Level": "4", "UserID": "S-1-5-18", "EventData.Message1": "Power.EnergyEstimationEngine.Control.ppkg", "EventData.Message2": "{1e05dd5d-a022-46c5-963c-b20de341170f}"}
{"EventID": "20", "Channel": "Microsoft-Windows-Provisioning-Diagnostics-Provider/Admin", "Provider_Name": "Microsoft-Windows-Provisioning-Diagnostics-Provider", "Computer": "DESKTOP-OFJ6N53", "TimeCreated": "2024-12-23 14:20:17.049334+00:00", "RecordID": "2729", "Level": "4", "UserID": "S-1-5-18", "EventData.Message1": "Power.EnergyEstimationEngine.CPU.ppkg", "EventData.Message2": "{c5dc3753-b6c8-4057-b396-bf13d769311c}"}
{"EventID": "20", "Channel": "Microsoft-Windows-Provisioning-Diagnostics-Provider/Admin", "Provider_Name": "Microsoft-Windows-Provisioning-Diagnostics-Provider", "Computer": "DESKTOP-OFJ6N53", "TimeCreated": "2024-12-23 14:20:17.063873+00:00", "RecordID": "2730", "Level": "4", "UserID": "S-1-5-18", "EventData.Message1": "Power.EnergyEstimationEngine.Display.ppkg", "EventData.Message2": "{ee4aac98-c174-4941-82b1-d121e493e4fb}"}
{"EventID": "20", "Channel": "Microsoft-Windows-Provisioning-Diagnostics-Provider/Admin", "Provider_Name": "Microsoft-Windows-Provisioning-Diagnostics-Provider", "Computer": "DESKTOP-OFJ6N53", "TimeCreated": "2024-12-23 14:20:17.096594+00:00", "RecordID": "2731", "Level": "4", "UserID": "S-1-5-18", "EventData.Message1": "Power.EnergyEstimationEngine.MBB.ppkg", "EventData.Message2": "{99b095d8-5959-4820-bea7-7448c8427b4e}"}
{"EventID": "20", "Channel": "Microsoft-Windows-Provisioning-Diagnostics-Provider/Admin", "Provider_Name": "Microsoft-Windows-Provisioning-Diagnostics-Provider", "Computer": "DESKTOP-OFJ6N53", "TimeCreated": "2024-12-23 14:20:17.110188+00:00", "RecordID": "2732", "Level": "4", "UserID": "S-1-5-18", "EventData.Message1": "Power.EnergyEstimationEngine.StandbyActivation.ppkg", "EventData.Message2": "{8d196d7f-3eef-48ad-8bea-be749f12d3ad}"}
{"EventID": "20", "Channel": "Microsoft-Windows-Provisioning-Diagnostics-Provider/Admin", "Provider_Name": "Microsoft-Windows-Provisioning-Diagnostics-Provider", "Computer": "DESKTOP-OFJ6N53", "TimeCreated": "2024-12-23 14:20:17.137136+00:00", "RecordID": "2733", "Level": "4", "UserID": "S-1-5-18", "EventData.Message1": "Power.EnergyEstimationEngine.Storage.ppkg", "EventData.Message2": "{9aec5bda-1e87-46b3-bb96-1a01c606555e}"}
{"EventID": "20", "Channel": "Microsoft-Windows-Provisioning-Diagnostics-Provider/Admin", "Provider_Name": "Microsoft-Windows-Provisioning-Diagnostics-Provider", "Computer": "DESKTOP-OFJ6N53", "TimeCreated": "2024-12-23 14:20:17.152052+00:00", "RecordID": "2734", "Level": "4", "UserID": "S-1-5-18", "EventData.Message1": "Power.EnergyEstimationEngine.Telemetry.ppkg", "EventData.Message2": "{8fb7d64e-70fc-4f9d-89ee-d486817534df}"}
{"EventID": "20", "Channel": "Microsoft-Windows-Provisioning-Diagnostics-Provider/Admin", "Provider_Name": "Microsoft-Windows-Provisioning-Diagnostics-Provider", "Computer": "DESKTOP-OFJ6N53", "TimeCreated": "2024-12-23 14:20:17.189953+00:00", "RecordID": "2735", "Level": "4", "UserID": "S-1-5-18", "EventData.Message1": "Power.EnergyEstimationEngine.Wifi.ppkg", "EventData.Message2": "{b0b9123d-7d7f-4c6b-9973-ceced46f2a09}"}
{"EventID": "20", "Channel": "Microsoft-Windows-Provisioning-Diagnostics-Provider/Admin", "Provider_Name": "Microsoft-Windows-Provisioning-Diagnostics-Provider", "Computer": "DESKTOP-OFJ6N53", "TimeCreated": "2024-12-23 14:20:17.204493+00:00", "RecordID": "2736", "Level": "4", "UserID": "S-1-5-18", "EventData.Message1": "Power.Settings.Battery.ppkg", "EventData.Message2": "{7a30a9be-737f-47a1-a541-6e7b0761ed19}"}
{"EventID": "20", "Channel": "Microsoft-Windows-Provisioning-Diagnostics-Provider/Admin", "Provider_Name": "Microsoft-Windows-Provisioning-Diagnostics-Provider", "Computer": "DESKTOP-OFJ6N53", "TimeCreated": "2024-12-23 14:20:17.218136+00:00", "RecordID": "2737", "Level": "4", "UserID": "S-1-5-18", "EventData.Message1": "Power.Settings.Button.ppkg", "EventData.Message2": "{18dcffd4-37d6-4bc6-87e0-4266fdbb8e49}"}
{"EventID": "20", "Channel": "Microsoft-Windows-Provisioning-Diagnostics-Provider/Admin", "Provider_Name": "Microsoft-Windows-Provisioning-Diagnostics-Provider", "Computer": "DESKTOP-OFJ6N53", "TimeCreated": "2024-12-23 14:20:17.246685+00:00", "RecordID": "2738", "Level": "4", "UserID": "S-1-5-18", "EventData.Message1": "Power.Settings.Control.ppkg", "EventData.Message2": "{5f568920-10ad-4dc0-a97e-b78a3255c351}"}
{"EventID": "20", "Channel": "Microsoft-Windows-Provisioning-Diagnostics-Provider/Admin", "Provider_Name": "Microsoft-Windows-Provisioning-Diagnostics-Provider", "Computer": "DESKTOP-OFJ6N53", "TimeCreated": "2024-12-23 14:20:17.259640+00:00", "RecordID": "2739", "Level": "4", "UserID": "S-1-5-18", "EventData.Message1": "Power.Settings.Disk.ppkg", "EventData.Message2": "{9df6a4ed-fc16-48bf-8b24-6e2ad2bfcfea}"}
{"EventID": "20", "Channel": "Microsoft-Windows-Provisioning-Diagnostics-Provider/Admin", "Provider_Name": "Microsoft-Windows-Provisioning-Diagnostics-Provider", "Computer": "DESKTOP-OFJ6N53", "TimeCreated": "2024-12-23 14:20:17.274204+00:00", "RecordID": "2740", "Level": "4", "UserID": "S-1-5-18", "EventData.Message1": "Power.Settings.Display.ppkg", "EventData.Message2": "{23cb517f-5073-4e96-a202-7fe6122a2271}"}
{"EventID": "20", "Channel": "Microsoft-Windows-Provisioning-Diagnostics-Provider/Admin", "Provider_Name": "Microsoft-Windows-Provisioning-Diagnostics-Provider", "Computer": "DESKTOP-OFJ6N53", "TimeCreated": "2024-12-23 14:20:17.300581+00:00", "RecordID": "2741", "Level": "4", "UserID": "S-1-5-18", "EventData.Message1": "Power.Settings.Graphics.ppkg", "EventData.Message2": "{bf56ce5a-946b-45b5-858a-1794eb0125e2}"}
{"EventID": "20", "Channel": "Microsoft-Windows-Provisioning-Diagnostics-Provider/Admin", "Provider_Name": "Microsoft-Windows-Provisioning-Diagnostics-Provider", "Computer": "DESKTOP-OFJ6N53", "TimeCreated": "2024-12-23 14:20:17.315674+00:00", "RecordID": "2742", "Level": "4", "UserID": "S-1-5-18", "EventData.Message1": "Power.Settings.IdleResiliency.ppkg", "EventData.Message2": "{f11899f2-71ec-4621-9997-e17ae2f6eb26}"}
{"EventID": "20", "Channel": "Microsoft-Windows-Provisioning-Diagnostics-Provider/Admin", "Provider_Name": "Microsoft-Windows-Provisioning-Diagnostics-Provider", "Computer": "DESKTOP-OFJ6N53", "TimeCreated": "2024-12-23 14:20:17.330061+00:00", "RecordID": "2743", "Level": "4", "UserID": "S-1-5-18", "EventData.Message1": "Power.Settings.PCIExpress.ppkg", "EventData.Message2": "{268c43e1-aa2b-4036-86ef-8cda98a0c2fe}"}
{"EventID": "20", "Channel": "Microsoft-Windows-Provisioning-Diagnostics-Provider/Admin", "Provider_Name": "Microsoft-Windows-Provisioning-Diagnostics-Provider", "Computer": "DESKTOP-OFJ6N53", "TimeCreated": "2024-12-23 14:20:17.347666+00:00", "RecordID": "2744", "Level": "4", "UserID": "S-1-5-18", "EventData.Message1": "Power.Settings.Processor.ppkg", "EventData.Message2": "{fc01e91f-914c-45af-9d7c-0b2e5fbedf62}"}
{"EventID": "20", "Channel": "Microsoft-Windows-Provisioning-Diagnostics-Provider/Admin", "Provider_Name": "Microsoft-Windows-Provisioning-Diagnostics-Provider", "Computer": "DESKTOP-OFJ6N53", "TimeCreated": "2024-12-23 14:20:17.375954+00:00", "RecordID": "2745", "Level": "4", "UserID": "S-1-5-18", "EventData.Message1": "Power.Settings.Sleep.ppkg", "EventData.Message2": "{3742e5e8-6d9d-473b-99a6-8ecc0f43548a}"}
{"EventID": "20", "Channel": "Microsoft-Windows-Provisioning-Diagnostics-Provider/Admin", "Provider_Name": "Microsoft-Windows-Provisioning-Diagnostics-Provider", "Computer": "DESKTOP-OFJ6N53", "TimeCreated": "2024-12-23 14:20:17.397976+00:00", "RecordID": "2746", "Level": "4", "UserID": "S-1-5-18", "EventData.Message1": "Microsoft.Windows.Cosa.Desktop.Client.ppkg", "EventData.Message2": "{c8a326e4-f518-4f14-b543-97a57e1a975e}"}
{"EventID": "90", "Channel": "Microsoft-Windows-Provisioning-Diagnostics-Provider/Admin", "Provider_Name": "Microsoft-Windows-Provisioning-Diagnostics-Provider", "Computer": "DESKTOP-OFJ6N53", "TimeCreated": "2025-01-09 15:11:17.237879+00:00", "RecordID": "2747", "Level": "4", "UserID": "S-1-5-18", "EventData.Message1": "LogonIdleTask", "EventData.Message2": "<Not Present>", "EventData.Message3": "<Not Present>"}
{"EventID": "20", "Channel": "Microsoft-Windows-Provisioning-Diagnostics-Provider/Admin", "Provider_Name": "Microsoft-Windows-Provisioning-Diagnostics-Provider", "Computer": "DESKTOP-OFJ6N53", "TimeCreated": "2025-01-09 15:11:18.090616+00:00", "RecordID": "2748", "Level": "4", "UserID": "S-1-5-18", "EventData.Message1": "Power.EnergyEstimationEngine.Control.ppkg", "EventData.Message2": "{1e05dd5d-a022-46c5-963c-b20de341170f}"}
{"EventID": "20", "Channel": "Microsoft-Windows-Provisioning-Diagnostics-Provider/Admin", "Provider_Name": "Microsoft-Windows-Provisioning-Diagnostics-Provider", "Computer": "DESKTOP-OFJ6N53", "TimeCreated": "2025-01-09 15:11:18.103674+00:00", "RecordID": "2749", "Level": "4", "UserID": "S-1-5-18", "EventData.Message1": "Power.EnergyEstimationEngine.CPU.ppkg", "EventData.Message2": "{c5dc3753-b6c8-4057-b396-bf13d769311c}"}
{"EventID": "20", "Channel": "Microsoft-Windows-Provisioning-Diagnostics-Provider/Admin", "Provider_Name": "Microsoft-Windows-Provisioning-Diagnostics-Provider", "Computer": "DESKTOP-OFJ6N53", "TimeCreated": "2025-01-09 15:11:18.129499+00:00", "RecordID": "2750", "Level": "4", "UserID": "S-1-5-18", "EventData.Message1": "Power.EnergyEstimationEngine.Display.ppkg", "EventData.Message2": "{ee4aac98-c174-4941-82b1-d121e493e4fb}"}
{"EventID": "20", "Channel": "Microsoft-Windows-Provisioning-Diagnostics-Provider/Admin", "Provider_Name": "Microsoft-Windows-Provisioning-Diagnostics-Provider", "Computer": "DESKTOP-OFJ6N53", "TimeCreated": "2025-01-09 15:11:18.143232+00:00", "RecordID": "2751", "Level": "4", "UserID": "S-1-5-18", "EventData.Message1": "Power.EnergyEstimationEngine.MBB.ppkg", "EventData.Message2": "{99b095d8-5959-4820-bea7-7448c8427b4e}"}
{"EventID": "20", "Channel": "Microsoft-Windows-Provisioning-Diagnostics-Provider/Admin", "Provider_Name": "Microsoft-Windows-Provisioning-Diagnostics-Provider", "Computer": "DESKTOP-OFJ6N53", "TimeCreated": "2025-01-09 15:11:18.159363+00:00", "RecordID": "2752", "Level": "4", "UserID": "S-1-5-18", "EventData.Message1": "Power.EnergyEstimationEngine.StandbyActivation.ppkg", "EventData.Message2": "{8d196d7f-3eef-48ad-8bea-be749f12d3ad}"}
{"EventID": "20", "Channel": "Microsoft-Windows-Provisioning-Diagnostics-Provider/Admin", "Provider_Name": "Microsoft-Windows-Provisioning-Diagnostics-Provider", "Computer": "DESKTOP-OFJ6N53", "TimeCreated": "2025-01-09 15:11:18.175211+00:00", "RecordID": "2753", "Level": "4", "UserID": "S-1-5-18", "EventData.Message1": "Power.EnergyEstimationEngine.Storage.ppkg", "EventData.Message2": "{9aec5bda-1e87-46b3-bb96-1a01c606555e}"}
{"EventID": "20", "Channel": "Microsoft-Windows-Provisioning-Diagnostics-Provider/Admin", "Provider_Name": "Microsoft-Windows-Provisioning-Diagnostics-Provider", "Computer": "DESKTOP-OFJ6N53", "TimeCreated": "2025-01-09 15:11:18.197121+00:00", "RecordID": "2754", "Level": "4", "UserID": "S-1-5-18", "EventData.Message1": "Power.EnergyEstimationEngine.Telemetry.ppkg", "EventData.Message2": "{8fb7d64e-70fc-4f9d-89ee-d486817534df}"}
{"EventID": "20", "Channel": "Microsoft-Windows-Provisioning-Diagnostics-Provider/Admin", "Provider_Name": "Microsoft-Windows-Provisioning-Diagnostics-Provider", "Computer": "DESKTOP-OFJ6N53", "TimeCreated": "2025-01-09 15:11:18.214718+00:00", "RecordID": "2755", "Level": "4", "UserID": "S-1-5-18", "EventData.Message1": "Power.EnergyEstimationEngine.Wifi.ppkg", "EventData.Message2": "{b0b9123d-7d7f-4c6b-9973-ceced46f2a09}"}
{"EventID": "20", "Channel": "Microsoft-Windows-Provisioning-Diagnostics-Provider/Admin", "Provider_Name": "Microsoft-Windows-Provisioning-Diagnostics-Provider", "Computer": "DESKTOP-OFJ6N53", "TimeCreated": "2025-01-09 15:11:18.228916+00:00", "RecordID": "2756", "Level": "4", "UserID": "S-1-5-18", "EventData.Message1": "Power.Settings.Battery.ppkg", "EventData.Message2": "{7a30a9be-737f-47a1-a541-6e7b0761ed19}"}
{"EventID": "20", "Channel": "Microsoft-Windows-Provisioning-Diagnostics-Provider/Admin", "Provider_Name": "Microsoft-Windows-Provisioning-Diagnostics-Provider", "Computer": "DESKTOP-OFJ6N53", "TimeCreated": "2025-01-09 15:11:18.241280+00:00", "RecordID": "2757", "Level": "4", "UserID": "S-1-5-18", "EventData.Message1": "Power.Settings.Button.ppkg", "EventData.Message2": "{18dcffd4-37d6-4bc6-87e0-4266fdbb8e49}"}
{"EventID": "20", "Channel": "Microsoft-Windows-Provisioning-Diagnostics-Provider/Admin", "Provider_Name": "Microsoft-Windows-Provisioning-Diagnostics-Provider", "Computer": "DESKTOP-OFJ6N53", "TimeCreated": "2025-01-09 15:11:18.269854+00:00", "RecordID": "2758", "Level": "4", "UserID": "S-1-5-18", "EventData.Message1": "Power.Settings.Control.ppkg", "EventData.Message2": "{5f568920-10ad-4dc0-a97e-b78a3255c351}"}
{"EventID": "20", "Channel": "Microsoft-Windows-Provisioning-Diagnostics-Provider/Admin", "Provider_Name": "Microsoft-Windows-Provisioning-Diagnostics-Provider", "Computer": "DESKTOP-OFJ6N53", "TimeCreated": "2025-01-09 15:11:18.280441+00:00", "RecordID": "2759", "Level": "4", "UserID": "S-1-5-18", "EventData.Message1": "Power.Settings.Disk.ppkg", "EventData.Message2": "{9df6a4ed-fc16-48bf-8b24-6e2ad2bfcfea}"}
{"EventID": "20", "Channel": "Microsoft-Windows-Provisioning-Diagnostics-Provider/Admin", "Provider_Name": "Microsoft-Windows-Provisioning-Diagnostics-Provider", "Computer": "DESKTOP-OFJ6N53", "TimeCreated": "2025-01-09 15:11:18.291706+00:00", "RecordID": "2760", "Level": "4", "UserID": "S-1-5-18", "EventData.Message1": "Power.Settings.Display.ppkg", "EventData.Message2": "{23cb517f-5073-4e96-a202-7fe6122a2271}"}
{"EventID": "20", "Channel": "Microsoft-Windows-Provisioning-Diagnostics-Provider/Admin", "Provider_Name": "Microsoft-Windows-Provisioning-Diagnostics-Provider", "Computer": "DESKTOP-OFJ6N53", "TimeCreated": "2025-01-09 15:11:18.320610+00:00", "RecordID": "2761", "Level": "4", "UserID": "S-1-5-18", "EventData.Message1": "Power.Settings.Graphics.ppkg", "EventData.Message2": "{bf56ce5a-946b-45b5-858a-1794eb0125e2}"}
{"EventID": "20", "Channel": "Microsoft-Windows-Provisioning-Diagnostics-Provider/Admin", "Provider_Name": "Microsoft-Windows-Provisioning-Diagnostics-Provider", "Computer": "DESKTOP-OFJ6N53", "TimeCreated": "2025-01-09 15:11:18.333477+00:00", "RecordID": "2762", "Level": "4", "UserID": "S-1-5-18", "EventData.Message1": "Power.Settings.IdleResiliency.ppkg", "EventData.Message2": "{f11899f2-71ec-4621-9997-e17ae2f6eb26}"}
{"EventID": "20", "Channel": "Microsoft-Windows-Provisioning-Diagnostics-Provider/Admin", "Provider_Name": "Microsoft-Windows-Provisioning-Diagnostics-Provider", "Computer": "DESKTOP-OFJ6N53", "TimeCreated": "2025-01-09 15:11:18.345839+00:00", "RecordID": "2763", "Level": "4", "UserID": "S-1-5-18", "EventData.Message1": "Power.Settings.PCIExpress.ppkg", "EventData.Message2": "{268c43e1-aa2b-4036-86ef-8cda98a0c2fe}"}
{"EventID": "20", "Channel": "Microsoft-Windows-Provisioning-Diagnostics-Provider/Admin", "Provider_Name": "Microsoft-Windows-Provisioning-Diagnostics-Provider", "Computer": "DESKTOP-OFJ6N53", "TimeCreated": "2025-01-09 15:11:18.359938+00:00", "RecordID": "2764", "Level": "4", "UserID": "S-1-5-18", "EventData.Message1": "Power.Settings.Processor.ppkg", "EventData.Message2": "{fc01e91f-914c-45af-9d7c-0b2e5fbedf62}"}
{"EventID": "20", "Channel": "Microsoft-Windows-Provisioning-Diagnostics-Provider/Admin", "Provider_Name": "Microsoft-Windows-Provisioning-Diagnostics-Provider", "Computer": "DESKTOP-OFJ6N53", "TimeCreated": "2025-01-09 15:11:18.373970+00:00", "RecordID": "2765", "Level": "4", "UserID": "S-1-5-18", "EventData.Message1": "Power.Settings.Sleep.ppkg", "EventData.Message2": "{3742e5e8-6d9d-473b-99a6-8ecc0f43548a}"}
{"EventID": "20", "Channel": "Microsoft-Windows-Provisioning-Diagnostics-Provider/Admin", "Provider_Name": "Microsoft-Windows-Provisioning-Diagnostics-Provider", "Computer": "DESKTOP-OFJ6N53", "TimeCreated": "2025-01-09 15:11:18.395144+00:00", "RecordID": "2766", "Level": "4", "UserID": "S-1-5-18", "EventData.Message1": "Microsoft.Windows.Cosa.Desktop.Client.ppkg", "EventData.Message2": "{c8a326e4-f518-4f14-b543-97a57e1a975e}"}
{"EventID": "90", "Channel": "Microsoft-Windows-Provisioning-Diagnostics-Provider/Admin", "Provider_Name": "Microsoft-Windows-Provisioning-Diagnostics-Provider", "Computer": "DESKTOP-OFJ6N53", "TimeCreated": "2025-01-14 23:33:32.517397+00:00", "RecordID": "2767", "Level": "4", "UserID": "S-1-5-18", "EventData.Message1": "LogonIdleTask", "EventData.Message2": "<Not Present>", "EventData.Message3": "<Not Present>"}
{"EventID": "20", "Channel": "Microsoft-Windows-Provisioning-Diagnostics-Provider/Admin", "Provider_Name": "Microsoft-Windows-Provisioning-Diagnostics-Provider", "Computer": "DESKTOP-OFJ6N53", "TimeCreated": "2025-01-14 23:33:34.094423+00:00", "RecordID": "2768", "Level": "4", "UserID": "S-1-5-18", "EventData.Message1": "Power.EnergyEstimationEngine.Control.ppkg", "EventData.Message2": "{1e05dd5d-a022-46c5-963c-b20de341170f}"}
{"EventID": "20", "Channel": "Microsoft-Windows-Provisioning-Diagnostics-Provider/Admin", "Provider_Name": "Microsoft-Windows-Provisioning-Diagnostics-Provider", "Computer": "DESKTOP-OFJ6N53", "TimeCreated": "2025-01-14 23:33:34.105312+00:00", "RecordID": "2769", "Level": "4", "UserID": "S-1-5-18", "EventData.Message1": "Power.EnergyEstimationEngine.CPU.ppkg", "EventData.Message2": "{c5dc3753-b6c8-4057-b396-bf13d769311c}"}
{"EventID": "20", "Channel": "Microsoft-Windows-Provisioning-Diagnostics-Provider/Admin", "Provider_Name": "Microsoft-Windows-Provisioning-Diagnostics-Provider", "Computer": "DESKTOP-OFJ6N53", "TimeCreated": "2025-01-14 23:33:34.133627+00:00", "RecordID": "2770", "Level": "4", "UserID": "S-1-5-18", "EventData.Message1": "Power.EnergyEstimationEngine.Display.ppkg", "EventData.Message2": "{ee4aac98-c174-4941-82b1-d121e493e4fb}"}
{"EventID": "20", "Channel": "Microsoft-Windows-Provisioning-Diagnostics-Provider/Admin", "Provider_Name": "Microsoft-Windows-Provisioning-Diagnostics-Provider", "Computer": "DESKTOP-OFJ6N53", "TimeCreated": "2025-01-14 23:33:34.145061+00:00", "RecordID": "2771", "Level": "4", "UserID": "S-1-5-18", "EventData.Message1": "Power.EnergyEstimationEngine.MBB.ppkg", "EventData.Message2": "{99b095d8-5959-4820-bea7-7448c8427b4e}"}
{"EventID": "20", "Channel": "Microsoft-Windows-Provisioning-Diagnostics-Provider/Admin", "Provider_Name": "Microsoft-Windows-Provisioning-Diagnostics-Provider", "Computer": "DESKTOP-OFJ6N53", "TimeCreated": "2025-01-14 23:33:34.155735+00:00", "RecordID": "2772", "Level": "4", "UserID": "S-1-5-18", "EventData.Message1": "Power.EnergyEstimationEngine.StandbyActivation.ppkg", "EventData.Message2": "{8d196d7f-3eef-48ad-8bea-be749f12d3ad}"}
{"EventID": "20", "Channel": "Microsoft-Windows-Provisioning-Diagnostics-Provider/Admin", "Provider_Name": "Microsoft-Windows-Provisioning-Diagnostics-Provider", "Computer": "DESKTOP-OFJ6N53", "TimeCreated": "2025-01-14 23:33:34.168562+00:00", "RecordID": "2773", "Level": "4", "UserID": "S-1-5-18", "EventData.Message1": "Power.EnergyEstimationEngine.Storage.ppkg", "EventData.Message2": "{9aec5bda-1e87-46b3-bb96-1a01c606555e}"}
{"EventID": "20", "Channel": "Microsoft-Windows-Provisioning-Diagnostics-Provider/Admin", "Provider_Name": "Microsoft-Windows-Provisioning-Diagnostics-Provider", "Computer": "DESKTOP-OFJ6N53", "TimeCreated": "2025-01-14 23:33:34.196301+00:00", "RecordID": "2774", "Level": "4", "UserID": "S-1-5-18", "EventData.Message1": "Power.EnergyEstimationEngine.Telemetry.ppkg", "EventData.Message2": "{8fb7d64e-70fc-4f9d-89ee-d486817534df}"}
{"EventID": "20", "Channel": "Microsoft-Windows-Provisioning-Diagnostics-Provider/Admin", "Provider_Name": "Microsoft-Windows-Provisioning-Diagnostics-Provider", "Computer": "DESKTOP-OFJ6N53", "TimeCreated": "2025-01-14 23:33:34.209059+00:00", "RecordID": "2775", "Level": "4", "UserID": "S-1-5-18", "EventData.Message1": "Power.EnergyEstimationEngine.Wifi.ppkg", "EventData.Message2": "{b0b9123d-7d7f-4c6b-9973-ceced46f2a09}"}
{"EventID": "20", "Channel": "Microsoft-Windows-Provisioning-Diagnostics-Provider/Admin", "Provider_Name": "Microsoft-Windows-Provisioning-Diagnostics-Provider", "Computer": "DESKTOP-OFJ6N53", "TimeCreated": "2025-01-14 23:33:34.223570+00:00", "RecordID": "2776", "Level": "4", "UserID": "S-1-5-18", "EventData.Message1": "Power.Settings.Battery.ppkg", "EventData.Message2": "{7a30a9be-737f-47a1-a541-6e7b0761ed19}"}
{"EventID": "20", "Channel": "Microsoft-Windows-Provisioning-Diagnostics-Provider/Admin", "Provider_Name": "Microsoft-Windows-Provisioning-Diagnostics-Provider", "Computer": "DESKTOP-OFJ6N53", "TimeCreated": "2025-01-14 23:33:34.235611+00:00", "RecordID": "2777", "Level": "4", "UserID": "S-1-5-18", "EventData.Message1": "Power.Settings.Button.ppkg", "EventData.Message2": "{18dcffd4-37d6-4bc6-87e0-4266fdbb8e49}"}
{"EventID": "20", "Channel": "Microsoft-Windows-Provisioning-Diagnostics-Provider/Admin", "Provider_Name": "Microsoft-Windows-Provisioning-Diagnostics-Provider", "Computer": "DESKTOP-OFJ6N53", "TimeCreated": "2025-01-14 23:33:34.247665+00:00", "RecordID": "2778", "Level": "4", "UserID": "S-1-5-18", "EventData.Message1": "Power.Settings.Control.ppkg", "EventData.Message2": "{5f568920-10ad-4dc0-a97e-b78a3255c351}"}
{"EventID": "20", "Channel": "Microsoft-Windows-Provisioning-Diagnostics-Provider/Admin", "Provider_Name": "Microsoft-Windows-Provisioning-Diagnostics-Provider", "Computer": "DESKTOP-OFJ6N53", "TimeCreated": "2025-01-14 23:33:34.276512+00:00", "RecordID": "2779", "Level": "4", "UserID": "S-1-5-18", "EventData.Message1": "Power.Settings.Disk.ppkg", "EventData.Message2": "{9df6a4ed-fc16-48bf-8b24-6e2ad2bfcfea}"}
{"EventID": "20", "Channel": "Microsoft-Windows-Provisioning-Diagnostics-Provider/Admin", "Provider_Name": "Microsoft-Windows-Provisioning-Diagnostics-Provider", "Computer": "DESKTOP-OFJ6N53", "TimeCreated": "2025-01-14 23:33:34.289696+00:00", "RecordID": "2780", "Level": "4", "UserID": "S-1-5-18", "EventData.Message1": "Power.Settings.Display.ppkg", "EventData.Message2": "{23cb517f-5073-4e96-a202-7fe6122a2271}"}
{"EventID": "20", "Channel": "Microsoft-Windows-Provisioning-Diagnostics-Provider/Admin", "Provider_Name": "Microsoft-Windows-Provisioning-Diagnostics-Provider", "Computer": "DESKTOP-OFJ6N53", "TimeCreated": "2025-01-14 23:33:34.319307+00:00", "RecordID": "2781", "Level": "4", "UserID": "S-1-5-18", "EventData.Message1": "Power.Settings.Graphics.ppkg", "EventData.Message2": "{bf56ce5a-946b-45b5-858a-1794eb0125e2}"}
{"EventID": "20", "Channel": "Microsoft-Windows-Provisioning-Diagnostics-Provider/Admin", "Provider_Name": "Microsoft-Windows-Provisioning-Diagnostics-Provider", "Computer": "DESKTOP-OFJ6N53", "TimeCreated": "2025-01-14 23:33:34.345404+00:00", "RecordID": "2782", "Level": "4", "UserID": "S-1-5-18", "EventData.Message1": "Power.Settings.IdleResiliency.ppkg", "EventData.Message2": "{f11899f2-71ec-4621-9997-e17ae2f6eb26}"}
{"EventID": "20", "Channel": "Microsoft-Windows-Provisioning-Diagnostics-Provider/Admin", "Provider_Name": "Microsoft-Windows-Provisioning-Diagnostics-Provider", "Computer": "DESKTOP-OFJ6N53", "TimeCreated": "2025-01-14 23:33:34.357613+00:00", "RecordID": "2783", "Level": "4", "UserID": "S-1-5-18", "EventData.Message1": "Power.Settings.PCIExpress.ppkg", "EventData.Message2": "{268c43e1-aa2b-4036-86ef-8cda98a0c2fe}"}
{"EventID": "20", "Channel": "Microsoft-Windows-Provisioning-Diagnostics-Provider/Admin", "Provider_Name": "Microsoft-Windows-Provisioning-Diagnostics-Provider", "Computer": "DESKTOP-OFJ6N53", "TimeCreated": "2025-01-14 23:33:34.369837+00:00", "RecordID": "2784", "Level": "4", "UserID": "S-1-5-18", "EventData.Message1": "Power.Settings.Processor.ppkg", "EventData.Message2": "{fc01e91f-914c-45af-9d7c-0b2e5fbedf62}"}
{"EventID": "20", "Channel": "Microsoft-Windows-Provisioning-Diagnostics-Provider/Admin", "Provider_Name": "Microsoft-Windows-Provisioning-Diagnostics-Provider", "Computer": "DESKTOP-OFJ6N53", "TimeCreated": "2025-01-14 23:33:34.399080+00:00", "RecordID": "2785", "Level": "4", "UserID": "S-1-5-18", "EventData.Message1": "Power.Settings.Sleep.ppkg", "EventData.Message2": "{3742e5e8-6d9d-473b-99a6-8ecc0f43548a}"}
{"EventID": "20", "Channel": "Microsoft-Windows-Provisioning-Diagnostics-Provider/Admin", "Provider_Name": "Microsoft-Windows-Provisioning-Diagnostics-Provider", "Computer": "DESKTOP-OFJ6N53", "TimeCreated": "2025-01-14 23:33:34.420856+00:00", "RecordID": "2786", "Level": "4", "UserID": "S-1-5-18", "EventData.Message1": "Microsoft.Windows.Cosa.Desktop.Client.ppkg", "EventData.Message2": "{c8a326e4-f518-4f14-b543-97a57e1a975e}"}
{"EventID": "90", "Channel": "Microsoft-Windows-Provisioning-Diagnostics-Provider/Admin", "Provider_Name": "Microsoft-Windows-Provisioning-Diagnostics-Provider", "Computer": "DESKTOP-OFJ6N53", "TimeCreated": "2025-01-24 12:19:34.305202+00:00", "RecordID": "2787", "Level": "4", "UserID": "S-1-5-18", "EventData.Message1": "LogonIdleTask", "EventData.Message2": "<Not Present>", "EventData.Message3": "<Not Present>"}
{"EventID": "20", "Channel": "Microsoft-Windows-Provisioning-Diagnostics-Provider/Admin", "Provider_Name": "Microsoft-Windows-Provisioning-Diagnostics-Provider", "Computer": "DESKTOP-OFJ6N53", "TimeCreated": "2025-01-24 12:19:35.101604+00:00", "RecordID": "2788", "Level": "4", "UserID": "S-1-5-18", "EventData.Message1": "Power.EnergyEstimationEngine.Control.ppkg", "EventData.Message2": "{1e05dd5d-a022-46c5-963c-b20de341170f}"}
