{"EventID": "12", "Channel": "Microsoft-Windows-Security-Mitigations/KernelMode", "Provider_Name": "Microsoft-Windows-Security-Mitigations", "Computer": "DESKTOP-OFJ6N53", "TimeCreated": "2025-03-14 10:43:01.215025+00:00", "RecordID": "8593", "Level": "3", "UserID": "S-1-5-21-963789628-1060504924-4285088085-1001", "EventData.ProcessPathLength": "74", "EventData.ProcessPath": "\\Device\\HarddiskVolume3\\Program Files\\Google\\Chrome\\Application\\chrome.exe", "EventData.ProcessCommandLineLength": "512", "EventData.ProcessCommandLine": "\"C:\\Program Files\\Google\\Chrome\\Application\\chrome.exe\" --type=renderer --no-pre-read-main-dll --disable-gpu-compositing --video-capture-use-gpu-memory-buffer --lang=ru --device-scale-factor=1 --num-raster-threads=2 --enable-main-frame-before-activation --renderer-client-id=56 --time-ticks-at-unix-epoch=-1741724213192136 --launch-time-ticks=224764190456 --field-trial-handle=2108,i,6696835334067640844,6738954853682391368,262144 --variations-seed-version=20250311-050106.243000 --mojo-platform-channel-handle=5", "EventData.ProcessId": "13976", "EventData.ProcessCreateTime": "2025-03-14 10:43:01.161310+00:00", "EventData.ProcessStartKey": "44191571343576791", "EventData.ProcessSignatureLevel": "8", "EventData.ProcessSectionSignatureLevel": "8", "EventData.ProcessProtection": "0", "EventData.TargetThreadId": "13264", "EventData.TargetThreadCreateTime": "2025-03-14 10:43:01.161318+00:00", "EventData.RequiredSignatureLevel": "8", "EventData.SignatureLevel": "0", "EventData.ImageNameLength": "60", "EventData.ImageName": "\\Program Files\\Common Files\\Crypto Pro\\AppCompat\\cpcrypt.dll"}
{"EventID": "12", "Channel": "Microsoft-Windows-Security-Mitigations/KernelMode", "Provider_Name": "Microsoft-Windows-Security-Mitigations", "Computer": "DESKTOP-OFJ6N53", "TimeCreated": "2025-03-14 10:43:01.285902+00:00", "RecordID": "8594", "Level": "3", "UserID": "S-1-5-21-963789628-1060504924-4285088085-1001", "EventData.ProcessPathLength": "74", "EventData.ProcessPath": "\\Device\\HarddiskVolume3\\Program Files\\Google\\Chrome\\Application\\chrome.exe", "EventData.ProcessCommandLineLength": "512", "EventData.ProcessCommandLine": "\"C:\\Program Files\\Google\\Chrome\\Application\\chrome.exe\" --type=renderer --no-pre-read-main-dll --disable-gpu-compositing --video-capture-use-gpu-memory-buffer --lang=ru --device-scale-factor=1 --num-raster-threads=2 --enable-main-frame-before-activation --renderer-client-id=57 --time-ticks-at-unix-epoch=-1741724213192136 --launch-time-ticks=224764274377 --field-trial-handle=2108,i,6696835334067640844,6738954853682391368,262144 --variations-seed-version=20250311-050106.243000 --mojo-platform-channel-handle=5", "EventData.ProcessId": "5520", "EventData.ProcessCreateTime": "2025-03-14 10:43:01.245356+00:00", "EventData.ProcessStartKey": "44191571343576792", "EventData.ProcessSignatureLevel": "8", "EventData.ProcessSectionSignatureLevel": "8", "EventData.ProcessProtection": "0", "EventData.TargetThreadId": "13756", "EventData.TargetThreadCreateTime": "2025-03-14 10:43:01.245363+00:00", "EventData.RequiredSignatureLevel": "8", "EventData.SignatureLevel": "0", "EventData.ImageNameLength": "60", "EventData.ImageName": "\\Program Files\\Common Files\\Crypto Pro\\AppCompat\\cpcrypt.dll"}
{"EventID": "12", "Channel": "Microsoft-Windows-Security-Mitigations/KernelMode", "Provider_Name": "Microsoft-Windows-Security-Mitigations", "Computer": "DESKTOP-OFJ6N53", "TimeCreated": "2025-03-14 11:05:33.760139+00:00", "RecordID": "8595", "Level": "3", "UserID": "S-1-5-21-963789628-1060504924-4285088085-1001", "EventData.ProcessPathLength": "74", "EventData.ProcessPath": "\\Device\\HarddiskVolume3\\Program Files\\Google\\Chrome\\Application\\chrome.exe", "EventData.ProcessCommandLineLength": "512", "EventData.ProcessCommandLine": "\"C:\\Program Files\\Google\\Chrome\\Application\\chrome.exe\" --type=renderer --no-pre-read-main-dll --disable-gpu-compositing --video-capture-use-gpu-memory-buffer --lang=ru --device-scale-factor=1 --num-raster-threads=2 --enable-main-frame-before-activation --renderer-client-id=58 --time-ticks-at-unix-epoch=-1741724213192136 --launch-time-ticks=226116716626 --field-trial-handle=2108,i,6696835334067640844,6738954853682391368,262144 --variations-seed-version=20250311-050106.243000 --mojo-platform-channel-handle=4", "EventData.ProcessId": "6292", "EventData.ProcessCreateTime": "2025-03-14 11:05:33.687592+00:00", "EventData.ProcessStartKey": "44191571343576827", "EventData.ProcessSignatureLevel": "8", "EventData.ProcessSectionSignatureLevel": "8", "EventData.ProcessProtection": "0", "EventData.TargetThreadId": "12052", "EventData.TargetThreadCreateTime": "2025-03-14 11:05:33.687595+00:00", "EventData.RequiredSignatureLevel": "8", "EventData.SignatureLevel": "0", "EventData.ImageNameLength": "60", "EventData.ImageName": "\\Program Files\\Common Files\\Crypto Pro\\AppCompat\\cpcrypt.dll"}
{"EventID": "12", "Channel": "Microsoft-Windows-Security-Mitigations/KernelMode", "Provider_Name": "Microsoft-Windows-Security-Mitigations", "Computer": "DESKTOP-OFJ6N53", "TimeCreated": "2025-03-14 11:05:34.000441+00:00", "RecordID": "8596", "Level": "3", "UserID": "S-1-5-21-963789628-1060504924-4285088085-1001", "EventData.ProcessPathLength": "74", "EventData.ProcessPath": "\\Device\\HarddiskVolume3\\Program Files\\Google\\Chrome\\Application\\chrome.exe", "EventData.ProcessCommandLineLength": "512", "EventData.ProcessCommandLine": "\"C:\\Program Files\\Google\\Chrome\\Application\\chrome.exe\" --type=renderer --no-pre-read-main-dll --disable-gpu-compositing --video-capture-use-gpu-memory-buffer --lang=ru --device-scale-factor=1 --num-raster-threads=2 --enable-main-frame-before-activation --renderer-client-id=59 --time-ticks-at-unix-epoch=-1741724213192136 --launch-time-ticks=226116977664 --field-trial-handle=2108,i,6696835334067640844,6738954853682391368,262144 --variations-seed-version=20250311-050106.243000 --mojo-platform-channel-handle=6", "EventData.ProcessId": "8972", "EventData.ProcessCreateTime": "2025-03-14 11:05:33.948668+00:00", "EventData.ProcessStartKey": "44191571343576828", "EventData.ProcessSignatureLevel": "8", "EventData.ProcessSectionSignatureLevel": "8", "EventData.ProcessProtection": "0", "EventData.TargetThreadId": "5880", "EventData.TargetThreadCreateTime": "2025-03-14 11:05:33.948669+00:00", "EventData.RequiredSignatureLevel": "8", "EventData.SignatureLevel": "0", "EventData.ImageNameLength": "60", "EventData.ImageName": "\\Program Files\\Common Files\\Crypto Pro\\AppCompat\\cpcrypt.dll"}
{"EventID": "12", "Channel": "Microsoft-Windows-Security-Mitigations/KernelMode", "Provider_Name": "Microsoft-Windows-Security-Mitigations", "Computer": "DESKTOP-OFJ6N53", "TimeCreated": "2025-03-14 11:05:34.875385+00:00", "RecordID": "8597", "Level": "3", "UserID": "S-1-5-21-963789628-1060504924-4285088085-1001", "EventData.ProcessPathLength": "74", "EventData.ProcessPath": "\\Device\\HarddiskVolume3\\Program Files\\Google\\Chrome\\Application\\chrome.exe", "EventData.ProcessCommandLineLength": "512", "EventData.ProcessCommandLine": "\"C:\\Program Files\\Google\\Chrome\\Application\\chrome.exe\" --type=renderer --no-pre-read-main-dll --disable-gpu-compositing --video-capture-use-gpu-memory-buffer --lang=ru --device-scale-factor=1 --num-raster-threads=2 --enable-main-frame-before-activation --renderer-client-id=60 --time-ticks-at-unix-epoch=-1741724213192136 --launch-time-ticks=226117861310 --field-trial-handle=2108,i,6696835334067640844,6738954853682391368,262144 --variations-seed-version=20250311-050106.243000 --mojo-platform-channel-handle=6", "EventData.ProcessId": "11660", "EventData.ProcessCreateTime": "2025-03-14 11:05:34.832489+00:00", "EventData.ProcessStartKey": "44191571343576829", "EventData.ProcessSignatureLevel": "8", "EventData.ProcessSectionSignatureLevel": "8", "EventData.ProcessProtection": "0", "EventData.TargetThreadId": "12964", "EventData.TargetThreadCreateTime": "2025-03-14 11:05:34.832493+00:00", "EventData.RequiredSignatureLevel": "8", "EventData.SignatureLevel": "0", "EventData.ImageNameLength": "60", "EventData.ImageName": "\\Program Files\\Common Files\\Crypto Pro\\AppCompat\\cpcrypt.dll"}
{"EventID": "12", "Channel": "Microsoft-Windows-Security-Mitigations/KernelMode", "Provider_Name": "Microsoft-Windows-Security-Mitigations", "Computer": "DESKTOP-OFJ6N53", "TimeCreated": "2025-03-14 11:05:35.187767+00:00", "RecordID": "8598", "Level": "3", "UserID": "S-1-5-21-963789628-1060504924-4285088085-1001", "EventData.ProcessPathLength": "74", "EventData.ProcessPath": "\\Device\\HarddiskVolume3\\Program Files\\Google\\Chrome\\Application\\chrome.exe", "EventData.ProcessCommandLineLength": "512", "EventData.ProcessCommandLine": "\"C:\\Program Files\\Google\\Chrome\\Application\\chrome.exe\" --type=renderer --no-pre-read-main-dll --disable-gpu-compositing --video-capture-use-gpu-memory-buffer --lang=ru --device-scale-factor=1 --num-raster-threads=2 --enable-main-frame-before-activation --renderer-client-id=61 --time-ticks-at-unix-epoch=-1741724213192136 --launch-time-ticks=226117930614 --field-trial-handle=2108,i,6696835334067640844,6738954853682391368,262144 --variations-seed-version=20250311-050106.243000 --mojo-platform-channel-handle=5", "EventData.ProcessId": "5768", "EventData.ProcessCreateTime": "2025-03-14 11:05:34.901445+00:00", "EventData.ProcessStartKey": "44191571343576830", "EventData.ProcessSignatureLevel": "8", "EventData.ProcessSectionSignatureLevel": "8", "EventData.ProcessProtection": "0", "EventData.TargetThreadId": "7012", "EventData.TargetThreadCreateTime": "2025-03-14 11:05:34.901447+00:00", "EventData.RequiredSignatureLevel": "8", "EventData.SignatureLevel": "0", "EventData.ImageNameLength": "60", "EventData.ImageName": "\\Program Files\\Common Files\\Crypto Pro\\AppCompat\\cpcrypt.dll"}
{"EventID": "2", "Channel": "Microsoft-Windows-Security-Mitigations/KernelMode", "Provider_Name": "Microsoft-Windows-Security-Mitigations", "Computer": "DESKTOP-OFJ6N53", "TimeCreated": "2025-03-14 11:42:55.232208+00:00", "RecordID": "8599", "Level": "3", "UserID": "S-1-5-21-963789628-1060504924-4285088085-1001", "EventData.ProcessPathLength": "52", "EventData.ProcessPath": "\\Device\\HarddiskVolume3\\Windows\\System32\\dllhost.exe", "EventData.ProcessCommandLineLength": "81", "EventData.ProcessCommandLine": "C:\\Windows\\system32\\DllHost.exe /Processid:{7966B4D8-4FDC-4126-A10B-39A3209AD251}", "EventData.CallingProcessId": "2580", "EventData.CallingProcessCreateTime": "2025-03-14 11:42:55.228092+00:00", "EventData.CallingProcessStartKey": "44191571343576863", "EventData.CallingProcessSignatureLevel": "8", "EventData.CallingProcessSectionSignatureLevel": "8", "EventData.CallingProcessProtection": "0", "EventData.CallingThreadId": "3332", "EventData.CallingThreadCreateTime": "2025-03-14 11:42:55.228094+00:00"}
{"EventID": "2", "Channel": "Microsoft-Windows-Security-Mitigations/KernelMode", "Provider_Name": "Microsoft-Windows-Security-Mitigations", "Computer": "DESKTOP-OFJ6N53", "TimeCreated": "2025-03-14 11:42:56.003643+00:00", "RecordID": "8600", "Level": "3", "UserID": "S-1-5-21-963789628-1060504924-4285088085-1001", "EventData.ProcessPathLength": "52", "EventData.ProcessPath": "\\Device\\HarddiskVolume3\\Windows\\System32\\dllhost.exe", "EventData.ProcessCommandLineLength": "81", "EventData.ProcessCommandLine": "C:\\Windows\\system32\\DllHost.exe /Processid:{973D20D7-562D-44B9-B70B-5A0F49CCDF3F}", "EventData.CallingProcessId": "8512", "EventData.CallingProcessCreateTime": "2025-03-14 11:42:55.979761+00:00", "EventData.CallingProcessStartKey": "44191571343576864", "EventData.CallingProcessSignatureLevel": "8", "EventData.CallingProcessSectionSignatureLevel": "8", "EventData.CallingProcessProtection": "0", "EventData.CallingThreadId": "2708", "EventData.CallingThreadCreateTime": "2025-03-14 11:42:55.979874+00:00"}
{"EventID": "12", "Channel": "Microsoft-Windows-Security-Mitigations/KernelMode", "Provider_Name": "Microsoft-Windows-Security-Mitigations", "Computer": "DESKTOP-OFJ6N53", "TimeCreated": "2025-03-14 20:17:08.006014+00:00", "RecordID": "8601", "Level": "3", "UserID": "S-1-5-18", "EventData.ProcessPathLength": "59", "EventData.ProcessPath": "\\Device\\HarddiskVolume3\\Windows\\System32\\WaaSMedicAgent.exe", "EventData.ProcessCommandLineLength": "104", "EventData.ProcessCommandLine": "C:\\Windows\\System32\\WaaSMedicAgent.exe 68d38ea88d8d682afcfec87cfd4e09f0 xKM80W1/oEu8Et+vN4Yo3g.0.1.0.0.0", "EventData.ProcessId": "12860", "EventData.ProcessCreateTime": "2025-03-14 20:17:06.981279+00:00", "EventData.ProcessStartKey": "44191571343577200", "EventData.ProcessSignatureLevel": "8", "EventData.ProcessSectionSignatureLevel": "8", "EventData.ProcessProtection": "0", "EventData.TargetThreadId": "10116", "EventData.TargetThreadCreateTime": "2025-03-14 20:17:07.995275+00:00", "EventData.RequiredSignatureLevel": "8", "EventData.SignatureLevel": "0", "EventData.ImageNameLength": "60", "EventData.ImageName": "\\Program Files\\Common Files\\Crypto Pro\\AppCompat\\cpadvai.dll"}
{"EventID": "12", "Channel": "Microsoft-Windows-Security-Mitigations/KernelMode", "Provider_Name": "Microsoft-Windows-Security-Mitigations", "Computer": "DESKTOP-OFJ6N53", "TimeCreated": "2025-03-14 20:17:15.561577+00:00", "RecordID": "8602", "Level": "3", "UserID": "S-1-5-18", "EventData.ProcessPathLength": "59", "EventData.ProcessPath": "\\Device\\HarddiskVolume3\\Windows\\System32\\WaaSMedicAgent.exe", "EventData.ProcessCommandLineLength": "104", "EventData.ProcessCommandLine": "C:\\Windows\\System32\\WaaSMedicAgent.exe db20780b0be28895d75fb6575a542a6e xKM80W1/oEu8Et+vN4Yo3g.0.1.0.0.0", "EventData.ProcessId": "12504", "EventData.ProcessCreateTime": "2025-03-14 20:17:14.550787+00:00", "EventData.ProcessStartKey": "44191571343577208", "EventData.ProcessSignatureLevel": "8", "EventData.ProcessSectionSignatureLevel": "8", "EventData.ProcessProtection": "0", "EventData.TargetThreadId": "13532", "EventData.TargetThreadCreateTime": "2025-03-14 20:17:15.555582+00:00", "EventData.RequiredSignatureLevel": "8", "EventData.SignatureLevel": "0", "EventData.ImageNameLength": "60", "EventData.ImageName": "\\Program Files\\Common Files\\Crypto Pro\\AppCompat\\cpadvai.dll"}
{"EventID": "12", "Channel": "Microsoft-Windows-Security-Mitigations/KernelMode", "Provider_Name": "Microsoft-Windows-Security-Mitigations", "Computer": "DESKTOP-OFJ6N53", "TimeCreated": "2025-03-14 20:17:15.697760+00:00", "RecordID": "8603", "Level": "3", "UserID": "S-1-5-18", "EventData.ProcessPathLength": "59", "EventData.ProcessPath": "\\Device\\HarddiskVolume3\\Windows\\System32\\WaaSMedicAgent.exe", "EventData.ProcessCommandLineLength": "104", "EventData.ProcessCommandLine": "C:\\Windows\\System32\\WaaSMedicAgent.exe db20780b0be28895d75fb6575a542a6e xKM80W1/oEu8Et+vN4Yo3g.0.1.0.0.0", "EventData.ProcessId": "12504", "EventData.ProcessCreateTime": "2025-03-14 20:17:14.550787+00:00", "EventData.ProcessStartKey": "44191571343577208", "EventData.ProcessSignatureLevel": "8", "EventData.ProcessSectionSignatureLevel": "8", "EventData.ProcessProtection": "0", "EventData.TargetThreadId": "13532", "EventData.TargetThreadCreateTime": "2025-03-14 20:17:15.555582+00:00", "EventData.RequiredSignatureLevel": "8", "EventData.SignatureLevel": "0", "EventData.ImageNameLength": "60", "EventData.ImageName": "\\Program Files\\Common Files\\Crypto Pro\\AppCompat\\cpwinet.dll"}
{"EventID": "12", "Channel": "Microsoft-Windows-Security-Mitigations/KernelMode", "Provider_Name": "Microsoft-Windows-Security-Mitigations", "Computer": "DESKTOP-OFJ6N53", "TimeCreated": "2025-03-14 20:17:15.795942+00:00", "RecordID": "8604", "Level": "3", "UserID": "S-1-5-18", "EventData.ProcessPathLength": "59", "EventData.ProcessPath": "\\Device\\HarddiskVolume3\\Windows\\System32\\WaaSMedicAgent.exe", "EventData.ProcessCommandLineLength": "104", "EventData.ProcessCommandLine": "C:\\Windows\\System32\\WaaSMedicAgent.exe db20780b0be28895d75fb6575a542a6e xKM80W1/oEu8Et+vN4Yo3g.0.1.0.0.0", "EventData.ProcessId": "12504", "EventData.ProcessCreateTime": "2025-03-14 20:17:14.550787+00:00", "EventData.ProcessStartKey": "44191571343577208", "EventData.ProcessSignatureLevel": "8", "EventData.ProcessSectionSignatureLevel": "8", "EventData.ProcessProtection": "0", "EventData.TargetThreadId": "13532", "EventData.TargetThreadCreateTime": "2025-03-14 20:17:15.555582+00:00", "EventData.RequiredSignatureLevel": "8", "EventData.SignatureLevel": "0", "EventData.ImageNameLength": "58", "EventData.ImageName": "\\Program Files\\Common Files\\Crypto Pro\\AppCompat\\cpmsi.dll"}
{"EventID": "12", "Channel": "Microsoft-Windows-Security-Mitigations/KernelMode", "Provider_Name": "Microsoft-Windows-Security-Mitigations", "Computer": "DESKTOP-OFJ6N53", "TimeCreated": "2025-03-14 20:17:16.004072+00:00", "RecordID": "8605", "Level": "3", "UserID": "S-1-5-18", "EventData.ProcessPathLength": "59", "EventData.ProcessPath": "\\Device\\HarddiskVolume3\\Windows\\System32\\WaaSMedicAgent.exe", "EventData.ProcessCommandLineLength": "104", "EventData.ProcessCommandLine": "C:\\Windows\\System32\\WaaSMedicAgent.exe db20780b0be28895d75fb6575a542a6e xKM80W1/oEu8Et+vN4Yo3g.0.1.0.0.0", "EventData.ProcessId": "12504", "EventData.ProcessCreateTime": "2025-03-14 20:17:14.550787+00:00", "EventData.ProcessStartKey": "44191571343577208", "EventData.ProcessSignatureLevel": "8", "EventData.ProcessSectionSignatureLevel": "8", "EventData.ProcessProtection": "0", "EventData.TargetThreadId": "13532", "EventData.TargetThreadCreateTime": "2025-03-14 20:17:15.555582+00:00", "EventData.RequiredSignatureLevel": "8", "EventData.SignatureLevel": "0", "EventData.ImageNameLength": "61", "EventData.ImageName": "\\Program Files\\Common Files\\Crypto Pro\\AppCompat\\cpenroll.dll"}
{"EventID": "12", "Channel": "Microsoft-Windows-Security-Mitigations/KernelMode", "Provider_Name": "Microsoft-Windows-Security-Mitigations", "Computer": "DESKTOP-OFJ6N53", "TimeCreated": "2025-03-14 20:17:16.331078+00:00", "RecordID": "8606", "Level": "3", "UserID": "S-1-5-18", "EventData.ProcessPathLength": "59", "EventData.ProcessPath": "\\Device\\HarddiskVolume3\\Windows\\System32\\WaaSMedicAgent.exe", "EventData.ProcessCommandLineLength": "104", "EventData.ProcessCommandLine": "C:\\Windows\\System32\\WaaSMedicAgent.exe db20780b0be28895d75fb6575a542a6e xKM80W1/oEu8Et+vN4Yo3g.0.1.0.0.0", "EventData.ProcessId": "12504", "EventData.ProcessCreateTime": "2025-03-14 20:17:14.550787+00:00", "EventData.ProcessStartKey": "44191571343577208", "EventData.ProcessSignatureLevel": "8", "EventData.ProcessSectionSignatureLevel": "8", "EventData.ProcessProtection": "0", "EventData.TargetThreadId": "4680", "EventData.TargetThreadCreateTime": "2025-03-14 20:17:15.555902+00:00", "EventData.RequiredSignatureLevel": "8", "EventData.SignatureLevel": "0", "EventData.ImageNameLength": "60", "EventData.ImageName": "\\Program Files\\Common Files\\Crypto Pro\\AppCompat\\cpschan.dll"}
{"EventID": "12", "Channel": "Microsoft-Windows-Security-Mitigations/KernelMode", "Provider_Name": "Microsoft-Windows-Security-Mitigations", "Computer": "DESKTOP-OFJ6N53", "TimeCreated": "2025-03-14 20:28:46.510092+00:00", "RecordID": "8607", "Level": "3", "UserID": "S-1-5-18", "EventData.ProcessPathLength": "100", "EventData.ProcessPath": "\\Device\\HarddiskVolume3\\ProgramData\\Microsoft\\Windows Defender\\Platform\\4.18.25010.11-0\\MpCmdRun.exe", "EventData.ProcessCommandLineLength": "135", "EventData.ProcessCommandLine": "\"C:\\ProgramData\\Microsoft\\Windows Defender\\Platform\\4.18.25010.11-0\\MpCmdRun.exe\" SignaturesUpdateService -ScheduleJob -UnmanagedUpdate", "EventData.ProcessId": "8516", "EventData.ProcessCreateTime": "2025-03-14 20:28:39.198833+00:00", "EventData.ProcessStartKey": "44191571343577227", "EventData.ProcessSignatureLevel": "8", "EventData.ProcessSectionSignatureLevel": "8", "EventData.ProcessProtection": "0", "EventData.TargetThreadId": "9760", "EventData.TargetThreadCreateTime": "2025-03-14 20:28:39.356359+00:00", "EventData.RequiredSignatureLevel": "8", "EventData.SignatureLevel": "0", "EventData.ImageNameLength": "60", "EventData.ImageName": "\\Program Files\\Common Files\\Crypto Pro\\AppCompat\\cpadvai.dll"}
{"EventID": "12", "Channel": "Microsoft-Windows-Security-Mitigations/KernelMode", "Provider_Name": "Microsoft-Windows-Security-Mitigations", "Computer": "DESKTOP-OFJ6N53", "TimeCreated": "2025-03-15 19:05:37.599825+00:00", "RecordID": "8608", "Level": "3", "UserID": "S-1-5-21-963789628-1060504924-4285088085-1001", "EventData.ProcessPathLength": "74", "EventData.ProcessPath": "\\Device\\HarddiskVolume3\\Program Files\\Google\\Chrome\\Application\\chrome.exe", "EventData.ProcessCommandLineLength": "503", "EventData.ProcessCommandLine": "\"C:\\Program Files\\Google\\Chrome\\Application\\chrome.exe\" --type=renderer --no-pre-read-main-dll --video-capture-use-gpu-memory-buffer --lang=ru --device-scale-factor=1.25 --num-raster-threads=2 --enable-main-frame-before-activation --renderer-client-id=5 --time-ticks-at-unix-epoch=-1741724218162957 --launch-time-ticks=341316286859 --field-trial-handle=1980,i,6669920802819667351,7466261766539494605,262144 --variations-seed-version=20250313-182214.581000 --mojo-platform-channel-handle=2728 /prefetch:1", "EventData.ProcessId": "4692", "EventData.ProcessCreateTime": "2025-03-15 19:05:34.453348+00:00", "EventData.ProcessStartKey": "44191571343578166", "EventData.ProcessSignatureLevel": "8", "EventData.ProcessSectionSignatureLevel": "8", "EventData.ProcessProtection": "0", "EventData.TargetThreadId": "11228", "EventData.TargetThreadCreateTime": "2025-03-15 19:05:34.453352+00:00", "EventData.RequiredSignatureLevel": "8", "EventData.SignatureLevel": "0", "EventData.ImageNameLength": "60", "EventData.ImageName": "\\Program Files\\Common Files\\Crypto Pro\\AppCompat\\cpcrypt.dll"}
{"EventID": "12", "Channel": "Microsoft-Windows-Security-Mitigations/KernelMode", "Provider_Name": "Microsoft-Windows-Security-Mitigations", "Computer": "DESKTOP-OFJ6N53", "TimeCreated": "2025-03-15 19:05:42.816175+00:00", "RecordID": "8609", "Level": "3", "UserID": "S-1-5-21-963789628-1060504924-4285088085-1001", "EventData.ProcessPathLength": "74", "EventData.ProcessPath": "\\Device\\HarddiskVolume3\\Program Files\\Google\\Chrome\\Application\\chrome.exe", "EventData.ProcessCommandLineLength": "503", "EventData.ProcessCommandLine": "\"C:\\Program Files\\Google\\Chrome\\Application\\chrome.exe\" --type=renderer --no-pre-read-main-dll --video-capture-use-gpu-memory-buffer --lang=ru --device-scale-factor=1.25 --num-raster-threads=2 --enable-main-frame-before-activation --renderer-client-id=6 --time-ticks-at-unix-epoch=-1741724218162957 --launch-time-ticks=341315507670 --field-trial-handle=1980,i,6669920802819667351,7466261766539494605,262144 --variations-seed-version=20250313-182214.581000 --mojo-platform-channel-handle=3196 /prefetch:1", "EventData.ProcessId": "8456", "EventData.ProcessCreateTime": "2025-03-15 19:05:34.451588+00:00", "EventData.ProcessStartKey": "44191571343578165", "EventData.ProcessSignatureLevel": "8", "EventData.ProcessSectionSignatureLevel": "8", "EventData.ProcessProtection": "0", "EventData.TargetThreadId": "10436", "EventData.TargetThreadCreateTime": "2025-03-15 19:05:34.451591+00:00", "EventData.RequiredSignatureLevel": "8", "EventData.SignatureLevel": "0", "EventData.ImageNameLength": "60", "EventData.ImageName": "\\Program Files\\Common Files\\Crypto Pro\\AppCompat\\cpcrypt.dll"}
{"EventID": "12", "Channel": "Microsoft-Windows-Security-Mitigations/KernelMode", "Provider_Name": "Microsoft-Windows-Security-Mitigations", "Computer": "DESKTOP-OFJ6N53", "TimeCreated": "2025-03-15 19:05:45.055689+00:00", "RecordID": "8610", "Level": "3", "UserID": "S-1-5-21-963789628-1060504924-4285088085-1001", "EventData.ProcessPathLength": "74", "EventData.ProcessPath": "\\Device\\HarddiskVolume3\\Program Files\\Google\\Chrome\\Application\\chrome.exe", "EventData.ProcessCommandLineLength": "512", "EventData.ProcessCommandLine": "\"C:\\Program Files\\Google\\Chrome\\Application\\chrome.exe\" --type=renderer --no-pre-read-main-dll --disable-gpu-compositing --video-capture-use-gpu-memory-buffer --lang=ru --device-scale-factor=1.25 --num-raster-threads=2 --enable-main-frame-before-activation --renderer-client-id=9 --time-ticks-at-unix-epoch=-1741724218162957 --launch-time-ticks=341323938080 --field-trial-handle=1980,i,6669920802819667351,7466261766539494605,262144 --variations-seed-version=20250313-182214.581000 --mojo-platform-channel-handle", "EventData.ProcessId": "5404", "EventData.ProcessCreateTime": "2025-03-15 19:05:42.102575+00:00", "EventData.ProcessStartKey": "44191571343578170", "EventData.ProcessSignatureLevel": "8", "EventData.ProcessSectionSignatureLevel": "8", "EventData.ProcessProtection": "0", "EventData.TargetThreadId": "2908", "EventData.TargetThreadCreateTime": "2025-03-15 19:05:42.102579+00:00", "EventData.RequiredSignatureLevel": "8", "EventData.SignatureLevel": "0", "EventData.ImageNameLength": "60", "EventData.ImageName": "\\Program Files\\Common Files\\Crypto Pro\\AppCompat\\cpcrypt.dll"}
{"EventID": "12", "Channel": "Microsoft-Windows-Security-Mitigations/KernelMode", "Provider_Name": "Microsoft-Windows-Security-Mitigations", "Computer": "DESKTOP-OFJ6N53", "TimeCreated": "2025-03-15 19:06:15.174845+00:00", "RecordID": "8611", "Level": "3", "UserID": "S-1-5-21-963789628-1060504924-4285088085-1001", "EventData.ProcessPathLength": "74", "EventData.ProcessPath": "\\Device\\HarddiskVolume3\\Program Files\\Google\\Chrome\\Application\\chrome.exe", "EventData.ProcessCommandLineLength": "512", "EventData.ProcessCommandLine": "\"C:\\Program Files\\Google\\Chrome\\Application\\chrome.exe\" --type=renderer --no-pre-read-main-dll --disable-gpu-compositing --video-capture-use-gpu-memory-buffer --lang=ru --device-scale-factor=1.25 --num-raster-threads=2 --enable-main-frame-before-activation --renderer-client-id=10 --time-ticks-at-unix-epoch=-1741724218162957 --launch-time-ticks=341324709353 --field-trial-handle=1980,i,6669920802819667351,7466261766539494605,262144 --variations-seed-version=20250313-182214.581000 --mojo-platform-channel-handl", "EventData.ProcessId": "9144", "EventData.ProcessCreateTime": "2025-03-15 19:05:42.873579+00:00", "EventData.ProcessStartKey": "44191571343578171", "EventData.ProcessSignatureLevel": "8", "EventData.ProcessSectionSignatureLevel": "8", "EventData.ProcessProtection": "0", "EventData.TargetThreadId": "12120", "EventData.TargetThreadCreateTime": "2025-03-15 19:05:42.873581+00:00", "EventData.RequiredSignatureLevel": "8", "EventData.SignatureLevel": "0", "EventData.ImageNameLength": "60", "EventData.ImageName": "\\Program Files\\Common Files\\Crypto Pro\\AppCompat\\cpcrypt.dll"}
{"EventID": "12", "Channel": "Microsoft-Windows-Security-Mitigations/KernelMode", "Provider_Name": "Microsoft-Windows-Security-Mitigations", "Computer": "DESKTOP-OFJ6N53", "TimeCreated": "2025-03-15 19:06:20.086395+00:00", "RecordID": "8612", "Level": "3", "UserID": "S-1-5-21-963789628-1060504924-4285088085-1001", "EventData.ProcessPathLength": "74", "EventData.ProcessPath": "\\Device\\HarddiskVolume3\\Program Files\\Google\\Chrome\\Application\\chrome.exe", "EventData.ProcessCommandLineLength": "512", "EventData.ProcessCommandLine": "\"C:\\Program Files\\Google\\Chrome\\Application\\chrome.exe\" --type=renderer --no-pre-read-main-dll --disable-gpu-compositing --video-capture-use-gpu-memory-buffer --lang=ru --device-scale-factor=1.25 --num-raster-threads=2 --enable-main-frame-before-activation --renderer-client-id=15 --time-ticks-at-unix-epoch=-1741724218162957 --launch-time-ticks=341356990920 --field-trial-handle=1980,i,6669920802819667351,7466261766539494605,262144 --variations-seed-version=20250313-182214.581000 --mojo-platform-channel-handl", "EventData.ProcessId": "12352", "EventData.ProcessCreateTime": "2025-03-15 19:06:15.155016+00:00", "EventData.ProcessStartKey": "44191571343578181", "EventData.ProcessSignatureLevel": "8", "EventData.ProcessSectionSignatureLevel": "8", "EventData.ProcessProtection": "0", "EventData.TargetThreadId": "6200", "EventData.TargetThreadCreateTime": "2025-03-15 19:06:15.155027+00:00", "EventData.RequiredSignatureLevel": "8", "EventData.SignatureLevel": "0", "EventData.ImageNameLength": "60", "EventData.ImageName": "\\Program Files\\Common Files\\Crypto Pro\\AppCompat\\cpcrypt.dll"}
{"EventID": "12", "Channel": "Microsoft-Windows-Security-Mitigations/KernelMode", "Provider_Name": "Microsoft-Windows-Security-Mitigations", "Computer": "DESKTOP-OFJ6N53", "TimeCreated": "2025-03-15 19:06:55.473122+00:00", "RecordID": "8613", "Level": "3", "UserID": "S-1-5-21-963789628-1060504924-4285088085-1001", "EventData.ProcessPathLength": "74", "EventData.ProcessPath": "\\Device\\HarddiskVolume3\\Program Files\\Google\\Chrome\\Application\\chrome.exe", "EventData.ProcessCommandLineLength": "512", "EventData.ProcessCommandLine": "\"C:\\Program Files\\Google\\Chrome\\Application\\chrome.exe\" --type=renderer --no-pre-read-main-dll --disable-gpu-compositing --video-capture-use-gpu-memory-buffer --lang=ru --device-scale-factor=1.25 --num-raster-threads=2 --enable-main-frame-before-activation --renderer-client-id=18 --time-ticks-at-unix-epoch=-1741724218162957 --launch-time-ticks=341397254746 --field-trial-handle=1980,i,6669920802819667351,7466261766539494605,262144 --variations-seed-version=20250313-182214.581000 --mojo-platform-channel-handl", "EventData.ProcessId": "13860", "EventData.ProcessCreateTime": "2025-03-15 19:06:55.419188+00:00", "EventData.ProcessStartKey": "44191571343578197", "EventData.ProcessSignatureLevel": "8", "EventData.ProcessSectionSignatureLevel": "8", "EventData.ProcessProtection": "0", "EventData.TargetThreadId": "2232", "EventData.TargetThreadCreateTime": "2025-03-15 19:06:55.419191+00:00", "EventData.RequiredSignatureLevel": "8", "EventData.SignatureLevel": "0", "EventData.ImageNameLength": "60", "EventData.ImageName": "\\Program Files\\Common Files\\Crypto Pro\\AppCompat\\cpcrypt.dll"}
{"EventID": "12", "Channel": "Microsoft-Windows-Security-Mitigations/KernelMode", "Provider_Name": "Microsoft-Windows-Security-Mitigations", "Computer": "DESKTOP-OFJ6N53", "TimeCreated": "2025-03-15 19:08:39.114794+00:00", "RecordID": "8614", "Level": "3", "UserID": "S-1-5-21-963789628-1060504924-4285088085-1001", "EventData.ProcessPathLength": "74", "EventData.ProcessPath": "\\Device\\HarddiskVolume3\\Program Files\\Google\\Chrome\\Application\\chrome.exe", "EventData.ProcessCommandLineLength": "386", "EventData.ProcessCommandLine": "\"C:\\Program Files\\Google\\Chrome\\Application\\chrome.exe\" --type=utility --utility-sub-type=on_device_model.mojom.OnDeviceModelService --lang=ru --service-sandbox-type=on_device_model_execution --no-pre-read-main-dll --field-trial-handle=1980,i,6669920802819667351,7466261766539494605,262144 --variations-seed-version=20250313-182214.581000 --mojo-platform-channel-handle=5872 /prefetch:8", "EventData.ProcessId": "1864", "EventData.ProcessCreateTime": "2025-03-15 19:08:31.391945+00:00", "EventData.ProcessStartKey": "44191571343578204", "EventData.ProcessSignatureLevel": "8", "EventData.ProcessSectionSignatureLevel": "8", "EventData.ProcessProtection": "0", "EventData.TargetThreadId": "5860", "EventData.TargetThreadCreateTime": "2025-03-15 19:08:31.391949+00:00", "EventData.RequiredSignatureLevel": "8", "EventData.SignatureLevel": "0", "EventData.ImageNameLength": "60", "EventData.ImageName": "\\Program Files\\Common Files\\Crypto Pro\\AppCompat\\cpadvai.dll"}
{"EventID": "12", "Channel": "Microsoft-Windows-Security-Mitigations/KernelMode", "Provider_Name": "Microsoft-Windows-Security-Mitigations", "Computer": "DESKTOP-OFJ6N53", "TimeCreated": "2025-03-15 20:28:49.148951+00:00", "RecordID": "8615", "Level": "3", "UserID": "S-1-5-18", "EventData.ProcessPathLength": "100", "EventData.ProcessPath": "\\Device\\HarddiskVolume3\\ProgramData\\Microsoft\\Windows Defender\\Platform\\4.18.25010.11-0\\MpCmdRun.exe", "EventData.ProcessCommandLineLength": "135", "EventData.ProcessCommandLine": "\"C:\\ProgramData\\Microsoft\\Windows Defender\\Platform\\4.18.25010.11-0\\MpCmdRun.exe\" SignaturesUpdateService -ScheduleJob -UnmanagedUpdate", "EventData.ProcessId": "9636", "EventData.ProcessCreateTime": "2025-03-15 20:28:40.401068+00:00", "EventData.ProcessStartKey": "44191571343578267", "EventData.ProcessSignatureLevel": "8", "EventData.ProcessSectionSignatureLevel": "8", "EventData.ProcessProtection": "0", "EventData.TargetThreadId": "2256", "EventData.TargetThreadCreateTime": "2025-03-15 20:28:40.568182+00:00", "EventData.RequiredSignatureLevel": "8", "EventData.SignatureLevel": "0", "EventData.ImageNameLength": "60", "EventData.ImageName": "\\Program Files\\Common Files\\Crypto Pro\\AppCompat\\cpadvai.dll"}
{"EventID": "12", "Channel": "Microsoft-Windows-Security-Mitigations/KernelMode", "Provider_Name": "Microsoft-Windows-Security-Mitigations", "Computer": "DESKTOP-OFJ6N53", "TimeCreated": "2025-03-16 01:14:31.126047+00:00", "RecordID": "8616", "Level": "3", "UserID": "S-1-5-18", "EventData.ProcessPathLength": "59", "EventData.ProcessPath": "\\Device\\HarddiskVolume3\\Windows\\System32\\WaaSMedicAgent.exe", "EventData.ProcessCommandLineLength": "94", "EventData.ProcessCommandLine": "C:\\Windows\\System32\\WaaSMedicAgent.exe 534c198b7a54daa4fb84d82efd00f3c2 B5CZYVwM8UaTNxr7.0.0.0", "EventData.ProcessId": "8456", "EventData.ProcessCreateTime": "2025-03-16 01:14:30.083004+00:00", "EventData.ProcessStartKey": "44191571343578484", "EventData.ProcessSignatureLevel": "8", "EventData.ProcessSectionSignatureLevel": "8", "EventData.ProcessProtection": "0", "EventData.TargetThreadId": "8564", "EventData.TargetThreadCreateTime": "2025-03-16 01:14:31.117321+00:00", "EventData.RequiredSignatureLevel": "8", "EventData.SignatureLevel": "0", "EventData.ImageNameLength": "60", "EventData.ImageName": "\\Program Files\\Common Files\\Crypto Pro\\AppCompat\\cpadvai.dll"}
{"EventID": "12", "Channel": "Microsoft-Windows-Security-Mitigations/KernelMode", "Provider_Name": "Microsoft-Windows-Security-Mitigations", "Computer": "DESKTOP-OFJ6N53", "TimeCreated": "2025-03-16 01:14:40.895842+00:00", "RecordID": "8617", "Level": "3", "UserID": "S-1-5-18", "EventData.ProcessPathLength": "59", "EventData.ProcessPath": "\\Device\\HarddiskVolume3\\Windows\\System32\\WaaSMedicAgent.exe", "EventData.ProcessCommandLineLength": "94", "EventData.ProcessCommandLine": "C:\\Windows\\System32\\WaaSMedicAgent.exe 094eaf1df8871a1346c72b8b3a9c26c5 B5CZYVwM8UaTNxr7.0.0.0", "EventData.ProcessId": "8452", "EventData.ProcessCreateTime": "2025-03-16 01:14:39.723381+00:00", "EventData.ProcessStartKey": "44191571343578488", "EventData.ProcessSignatureLevel": "8", "EventData.ProcessSectionSignatureLevel": "8", "EventData.ProcessProtection": "0", "EventData.TargetThreadId": "2960", "EventData.TargetThreadCreateTime": "2025-03-16 01:14:40.887472+00:00", "EventData.RequiredSignatureLevel": "8", "EventData.SignatureLevel": "0", "EventData.ImageNameLength": "60", "EventData.ImageName": "\\Program Files\\Common Files\\Crypto Pro\\AppCompat\\cpadvai.dll"}
{"EventID": "12", "Channel": "Microsoft-Windows-Security-Mitigations/KernelMode", "Provider_Name": "Microsoft-Windows-Security-Mitigations", "Computer": "DESKTOP-OFJ6N53", "TimeCreated": "2025-03-16 01:14:41.059664+00:00", "RecordID": "8618", "Level": "3", "UserID": "S-1-5-18", "EventData.ProcessPathLength": "59", "EventData.ProcessPath": "\\Device\\HarddiskVolume3\\Windows\\System32\\WaaSMedicAgent.exe", "EventData.ProcessCommandLineLength": "94", "EventData.ProcessCommandLine": "C:\\Windows\\System32\\WaaSMedicAgent.exe 094eaf1df8871a1346c72b8b3a9c26c5 B5CZYVwM8UaTNxr7.0.0.0", "EventData.ProcessId": "8452", "EventData.ProcessCreateTime": "2025-03-16 01:14:39.723381+00:00", "EventData.ProcessStartKey": "44191571343578488", "EventData.ProcessSignatureLevel": "8", "EventData.ProcessSectionSignatureLevel": "8", "EventData.ProcessProtection": "0", "EventData.TargetThreadId": "2960", "EventData.TargetThreadCreateTime": "2025-03-16 01:14:40.887472+00:00", "EventData.RequiredSignatureLevel": "8", "EventData.SignatureLevel": "0", "EventData.ImageNameLength": "60", "EventData.ImageName": "\\Program Files\\Common Files\\Crypto Pro\\AppCompat\\cpwinet.dll"}
{"EventID": "12", "Channel": "Microsoft-Windows-Security-Mitigations/KernelMode", "Provider_Name": "Microsoft-Windows-Security-Mitigations", "Computer": "DESKTOP-OFJ6N53", "TimeCreated": "2025-03-16 01:14:41.589361+00:00", "RecordID": "8619", "Level": "3", "UserID": "S-1-5-18", "EventData.ProcessPathLength": "59", "EventData.ProcessPath": "\\Device\\HarddiskVolume3\\Windows\\System32\\WaaSMedicAgent.exe", "EventData.ProcessCommandLineLength": "94", "EventData.ProcessCommandLine": "C:\\Windows\\System32\\WaaSMedicAgent.exe 094eaf1df8871a1346c72b8b3a9c26c5 B5CZYVwM8UaTNxr7.0.0.0", "EventData.ProcessId": "8452", "EventData.ProcessCreateTime": "2025-03-16 01:14:39.723381+00:00", "EventData.ProcessStartKey": "44191571343578488", "EventData.ProcessSignatureLevel": "8", "EventData.ProcessSectionSignatureLevel": "8", "EventData.ProcessProtection": "0", "EventData.TargetThreadId": "2960", "EventData.TargetThreadCreateTime": "2025-03-16 01:14:40.887472+00:00", "EventData.RequiredSignatureLevel": "8", "EventData.SignatureLevel": "0", "EventData.ImageNameLength": "58", "EventData.ImageName": "\\Program Files\\Common Files\\Crypto Pro\\AppCompat\\cpmsi.dll"}
{"EventID": "12", "Channel": "Microsoft-Windows-Security-Mitigations/KernelMode", "Provider_Name": "Microsoft-Windows-Security-Mitigations", "Computer": "DESKTOP-OFJ6N53", "TimeCreated": "2025-03-16 01:14:42.285280+00:00", "RecordID": "8620", "Level": "3", "UserID": "S-1-5-18", "EventData.ProcessPathLength": "59", "EventData.ProcessPath": "\\Device\\HarddiskVolume3\\Windows\\System32\\WaaSMedicAgent.exe", "EventData.ProcessCommandLineLength": "94", "EventData.ProcessCommandLine": "C:\\Windows\\System32\\WaaSMedicAgent.exe 094eaf1df8871a1346c72b8b3a9c26c5 B5CZYVwM8UaTNxr7.0.0.0", "EventData.ProcessId": "8452", "EventData.ProcessCreateTime": "2025-03-16 01:14:39.723381+00:00", "EventData.ProcessStartKey": "44191571343578488", "EventData.ProcessSignatureLevel": "8", "EventData.ProcessSectionSignatureLevel": "8", "EventData.ProcessProtection": "0", "EventData.TargetThreadId": "2960", "EventData.TargetThreadCreateTime": "2025-03-16 01:14:40.887472+00:00", "EventData.RequiredSignatureLevel": "8", "EventData.SignatureLevel": "0", "EventData.ImageNameLength": "61", "EventData.ImageName": "\\Program Files\\Common Files\\Crypto Pro\\AppCompat\\cpenroll.dll"}
{"EventID": "12", "Channel": "Microsoft-Windows-Security-Mitigations/KernelMode", "Provider_Name": "Microsoft-Windows-Security-Mitigations", "Computer": "DESKTOP-OFJ6N53", "TimeCreated": "2025-03-16 01:14:43.452225+00:00", "RecordID": "8621", "Level": "3", "UserID": "S-1-5-18", "EventData.ProcessPathLength": "59", "EventData.ProcessPath": "\\Device\\HarddiskVolume3\\Windows\\System32\\WaaSMedicAgent.exe", "EventData.ProcessCommandLineLength": "94", "EventData.ProcessCommandLine": "C:\\Windows\\System32\\WaaSMedicAgent.exe 094eaf1df8871a1346c72b8b3a9c26c5 B5CZYVwM8UaTNxr7.0.0.0", "EventData.ProcessId": "8452", "EventData.ProcessCreateTime": "2025-03-16 01:14:39.723381+00:00", "EventData.ProcessStartKey": "44191571343578488", "EventData.ProcessSignatureLevel": "8", "EventData.ProcessSectionSignatureLevel": "8", "EventData.ProcessProtection": "0", "EventData.TargetThreadId": "7624", "EventData.TargetThreadCreateTime": "2025-03-16 01:14:40.887722+00:00", "EventData.RequiredSignatureLevel": "8", "EventData.SignatureLevel": "0", "EventData.ImageNameLength": "60", "EventData.ImageName": "\\Program Files\\Common Files\\Crypto Pro\\AppCompat\\cpschan.dll"}
{"EventID": "12", "Channel": "Microsoft-Windows-Security-Mitigations/KernelMode", "Provider_Name": "Microsoft-Windows-Security-Mitigations", "Computer": "DESKTOP-OFJ6N53", "TimeCreated": "2025-03-16 20:28:51.196823+00:00", "RecordID": "8622", "Level": "3", "UserID": "S-1-5-18", "EventData.ProcessPathLength": "100", "EventData.ProcessPath": "\\Device\\HarddiskVolume3\\ProgramData\\Microsoft\\Windows Defender\\Platform\\4.18.25010.11-0\\MpCmdRun.exe", "EventData.ProcessCommandLineLength": "135", "EventData.ProcessCommandLine": "\"C:\\ProgramData\\Microsoft\\Windows Defender\\Platform\\4.18.25010.11-0\\MpCmdRun.exe\" SignaturesUpdateService -ScheduleJob -UnmanagedUpdate", "EventData.ProcessId": "3576", "EventData.ProcessCreateTime": "2025-03-16 20:28:41.612278+00:00", "EventData.ProcessStartKey": "44191571343579328", "EventData.ProcessSignatureLevel": "8", "EventData.ProcessSectionSignatureLevel": "8", "EventData.ProcessProtection": "0", "EventData.TargetThreadId": "12596", "EventData.TargetThreadCreateTime": "2025-03-16 20:28:41.767467+00:00", "EventData.RequiredSignatureLevel": "8", "EventData.SignatureLevel": "0", "EventData.ImageNameLength": "60", "EventData.ImageName": "\\Program Files\\Common Files\\Crypto Pro\\AppCompat\\cpadvai.dll"}
{"EventID": "12", "Channel": "Microsoft-Windows-Security-Mitigations/KernelMode", "Provider_Name": "Microsoft-Windows-Security-Mitigations", "Computer": "DESKTOP-OFJ6N53", "TimeCreated": "2025-03-17 12:24:24.165073+00:00", "RecordID": "8623", "Level": "3", "UserID": "S-1-5-21-963789628-1060504924-4285088085-1001", "EventData.ProcessPathLength": "74", "EventData.ProcessPath": "\\Device\\HarddiskVolume3\\Program Files\\Google\\Chrome\\Application\\chrome.exe", "EventData.ProcessCommandLineLength": "512", "EventData.ProcessCommandLine": "\"C:\\Program Files\\Google\\Chrome\\Application\\chrome.exe\" --type=renderer --no-pre-read-main-dll --disable-gpu-compositing --video-capture-use-gpu-memory-buffer --lang=ru --device-scale-factor=1.25 --num-raster-threads=2 --enable-main-frame-before-activation --renderer-client-id=39 --time-ticks-at-unix-epoch=-1741724218162957 --launch-time-ticks=490043624042 --field-trial-handle=1980,i,6669920802819667351,7466261766539494605,262144 --variations-seed-version=20250313-182214.581000 --mojo-platform-channel-handl", "EventData.ProcessId": "11920", "EventData.ProcessCreateTime": "2025-03-17 12:24:24.076340+00:00", "EventData.ProcessStartKey": "44191571343580087", "EventData.ProcessSignatureLevel": "8", "EventData.ProcessSectionSignatureLevel": "8", "EventData.ProcessProtection": "0", "EventData.TargetThreadId": "15184", "EventData.TargetThreadCreateTime": "2025-03-17 12:24:24.076344+00:00", "EventData.RequiredSignatureLevel": "8", "EventData.SignatureLevel": "0", "EventData.ImageNameLength": "60", "EventData.ImageName": "\\Program Files\\Common Files\\Crypto Pro\\AppCompat\\cpcrypt.dll"}
{"EventID": "12", "Channel": "Microsoft-Windows-Security-Mitigations/KernelMode", "Provider_Name": "Microsoft-Windows-Security-Mitigations", "Computer": "DESKTOP-OFJ6N53", "TimeCreated": "2025-03-17 12:24:24.636179+00:00", "RecordID": "8624", "Level": "3", "UserID": "S-1-5-21-963789628-1060504924-4285088085-1001", "EventData.ProcessPathLength": "74", "EventData.ProcessPath": "\\Device\\HarddiskVolume3\\Program Files\\Google\\Chrome\\Application\\chrome.exe", "EventData.ProcessCommandLineLength": "512", "EventData.ProcessCommandLine": "\"C:\\Program Files\\Google\\Chrome\\Application\\chrome.exe\" --type=renderer --no-pre-read-main-dll --disable-gpu-compositing --video-capture-use-gpu-memory-buffer --lang=ru --device-scale-factor=1.25 --num-raster-threads=2 --enable-main-frame-before-activation --renderer-client-id=40 --time-ticks-at-unix-epoch=-1741724218162957 --launch-time-ticks=490044116979 --field-trial-handle=1980,i,6669920802819667351,7466261766539494605,262144 --variations-seed-version=20250313-182214.581000 --mojo-platform-channel-handl", "EventData.ProcessId": "14936", "EventData.ProcessCreateTime": "2025-03-17 12:24:24.569216+00:00", "EventData.ProcessStartKey": "44191571343580088", "EventData.ProcessSignatureLevel": "8", "EventData.ProcessSectionSignatureLevel": "8", "EventData.ProcessProtection": "0", "EventData.TargetThreadId": "896", "EventData.TargetThreadCreateTime": "2025-03-17 12:24:24.569218+00:00", "EventData.RequiredSignatureLevel": "8", "EventData.SignatureLevel": "0", "EventData.ImageNameLength": "60", "EventData.ImageName": "\\Program Files\\Common Files\\Crypto Pro\\AppCompat\\cpcrypt.dll"}
{"EventID": "12", "Channel": "Microsoft-Windows-Security-Mitigations/KernelMode", "Provider_Name": "Microsoft-Windows-Security-Mitigations", "Computer": "DESKTOP-OFJ6N53", "TimeCreated": "2025-03-17 12:24:28.878555+00:00", "RecordID": "8625", "Level": "3", "UserID": "S-1-5-21-963789628-1060504924-4285088085-1001", "EventData.ProcessPathLength": "74", "EventData.ProcessPath": "\\Device\\HarddiskVolume3\\Program Files\\Google\\Chrome\\Application\\chrome.exe", "EventData.ProcessCommandLineLength": "512", "EventData.ProcessCommandLine": "\"C:\\Program Files\\Google\\Chrome\\Application\\chrome.exe\" --type=renderer --no-pre-read-main-dll --disable-gpu-compositing --video-capture-use-gpu-memory-buffer --lang=ru --device-scale-factor=1.25 --num-raster-threads=2 --enable-main-frame-before-activation --renderer-client-id=41 --time-ticks-at-unix-epoch=-1741724218162957 --launch-time-ticks=490048382724 --field-trial-handle=1980,i,6669920802819667351,7466261766539494605,262144 --variations-seed-version=20250313-182214.581000 --mojo-platform-channel-handl", "EventData.ProcessId": "14368", "EventData.ProcessCreateTime": "2025-03-17 12:24:28.836611+00:00", "EventData.ProcessStartKey": "44191571343580089", "EventData.ProcessSignatureLevel": "8", "EventData.ProcessSectionSignatureLevel": "8", "EventData.ProcessProtection": "0", "EventData.TargetThreadId": "14616", "EventData.TargetThreadCreateTime": "2025-03-17 12:24:28.836615+00:00", "EventData.RequiredSignatureLevel": "8", "EventData.SignatureLevel": "0", "EventData.ImageNameLength": "60", "EventData.ImageName": "\\Program Files\\Common Files\\Crypto Pro\\AppCompat\\cpcrypt.dll"}
{"EventID": "12", "Channel": "Microsoft-Windows-Security-Mitigations/KernelMode", "Provider_Name": "Microsoft-Windows-Security-Mitigations", "Computer": "DESKTOP-OFJ6N53", "TimeCreated": "2025-03-17 12:24:33.860441+00:00", "RecordID": "8626", "Level": "3", "UserID": "S-1-5-21-963789628-1060504924-4285088085-1001", "EventData.ProcessPathLength": "74", "EventData.ProcessPath": "\\Device\\HarddiskVolume3\\Program Files\\Google\\Chrome\\Application\\chrome.exe", "EventData.ProcessCommandLineLength": "512", "EventData.ProcessCommandLine": "\"C:\\Program Files\\Google\\Chrome\\Application\\chrome.exe\" --type=renderer --no-pre-read-main-dll --disable-gpu-compositing --video-capture-use-gpu-memory-buffer --lang=ru --device-scale-factor=1.25 --num-raster-threads=2 --enable-main-frame-before-activation --renderer-client-id=42 --time-ticks-at-unix-epoch=-1741724218162957 --launch-time-ticks=490053361417 --field-trial-handle=1980,i,6669920802819667351,7466261766539494605,262144 --variations-seed-version=20250313-182214.581000 --mojo-platform-channel-handl", "EventData.ProcessId": "5344", "EventData.ProcessCreateTime": "2025-03-17 12:24:33.813946+00:00", "EventData.ProcessStartKey": "44191571343580090", "EventData.ProcessSignatureLevel": "8", "EventData.ProcessSectionSignatureLevel": "8", "EventData.ProcessProtection": "0", "EventData.TargetThreadId": "15248", "EventData.TargetThreadCreateTime": "2025-03-17 12:24:33.813950+00:00", "EventData.RequiredSignatureLevel": "8", "EventData.SignatureLevel": "0", "EventData.ImageNameLength": "60", "EventData.ImageName": "\\Program Files\\Common Files\\Crypto Pro\\AppCompat\\cpcrypt.dll"}
{"EventID": "12", "Channel": "Microsoft-Windows-Security-Mitigations/KernelMode", "Provider_Name": "Microsoft-Windows-Security-Mitigations", "Computer": "DESKTOP-OFJ6N53", "TimeCreated": "2025-03-17 12:24:35.036922+00:00", "RecordID": "8627", "Level": "3", "UserID": "S-1-5-21-963789628-1060504924-4285088085-1001", "EventData.ProcessPathLength": "74", "EventData.ProcessPath": "\\Device\\HarddiskVolume3\\Program Files\\Google\\Chrome\\Application\\chrome.exe", "EventData.ProcessCommandLineLength": "512", "EventData.ProcessCommandLine": "\"C:\\Program Files\\Google\\Chrome\\Application\\chrome.exe\" --type=renderer --no-pre-read-main-dll --disable-gpu-compositing --video-capture-use-gpu-memory-buffer --lang=ru --device-scale-factor=1.25 --num-raster-threads=2 --enable-main-frame-before-activation --renderer-client-id=43 --time-ticks-at-unix-epoch=-1741724218162957 --launch-time-ticks=490054508266 --field-trial-handle=1980,i,6669920802819667351,7466261766539494605,262144 --variations-seed-version=20250313-182214.581000 --mojo-platform-channel-handl", "EventData.ProcessId": "14152", "EventData.ProcessCreateTime": "2025-03-17 12:24:34.960798+00:00", "EventData.ProcessStartKey": "44191571343580091", "EventData.ProcessSignatureLevel": "8", "EventData.ProcessSectionSignatureLevel": "8", "EventData.ProcessProtection": "0", "EventData.TargetThreadId": "13240", "EventData.TargetThreadCreateTime": "2025-03-17 12:24:34.960800+00:00", "EventData.RequiredSignatureLevel": "8", "EventData.SignatureLevel": "0", "EventData.ImageNameLength": "60", "EventData.ImageName": "\\Program Files\\Common Files\\Crypto Pro\\AppCompat\\cpcrypt.dll"}
