{"EventID": "72", "Channel": "Microsoft-Windows-RemoteDesktopServices-RdpCoreTS/Operational", "Provider_Name": "Microsoft-Windows-RemoteDesktopServices-RdpCoreTS", "Computer": "DESKTOP-OFJ6N53", "TimeCreated": "2025-08-25 12:55:46.448460+00:00", "RecordID": "182512", "Level": "4", "UserID": "S-1-5-20", "EventData.MethodName": "LogonNotify(SessionId=1)"}
{"EventID": "132", "Channel": "Microsoft-Windows-RemoteDesktopServices-RdpCoreTS/Operational", "Provider_Name": "Microsoft-Windows-RemoteDesktopServices-RdpCoreTS", "Computer": "DESKTOP-OFJ6N53", "TimeCreated": "2025-08-25 12:55:47.089195+00:00", "RecordID": "182513", "Level": "4", "UserID": "S-1-5-20", "EventData.ChannelName": "Microsoft::Windows::RDS::Geometry::v08.01", "EventData.TunnelID": "0"}
{"EventID": "148", "Channel": "Microsoft-Windows-RemoteDesktopServices-RdpCoreTS/Operational", "Provider_Name": "Microsoft-Windows-RemoteDesktopServices-RdpCoreTS", "Computer": "DESKTOP-OFJ6N53", "TimeCreated": "2025-08-25 12:55:47.400461+00:00", "RecordID": "182514", "Level": "4", "UserID": "S-1-5-20", "EventData.ChannelName": "Microsoft::Windows::RDS::Geometry::v08.01", "EventData.TunnelID": "0"}
{"EventID": "168", "Channel": "Microsoft-Windows-RemoteDesktopServices-RdpCoreTS/Operational", "Provider_Name": "Microsoft-Windows-RemoteDesktopServices-RdpCoreTS", "Computer": "DESKTOP-OFJ6N53", "TimeCreated": "2025-08-25 12:55:47.719332+00:00", "RecordID": "182515", "Level": "4", "UserID": "S-1-5-20", "EventData.MonitorNum": "0", "EventData.MonitorWidth": "1710", "EventData.MonitorHeight": "1068", "EventData.MonitorX": "0", "EventData.MonitorY": "0", "EventData.ServerName": "DESKTOP-OFJ6N53"}
{"EventID": "132", "Channel": "Microsoft-Windows-RemoteDesktopServices-RdpCoreTS/Operational", "Provider_Name": "Microsoft-Windows-RemoteDesktopServices-RdpCoreTS", "Computer": "DESKTOP-OFJ6N53", "TimeCreated": "2025-08-25 12:55:47.882071+00:00", "RecordID": "182516", "Level": "4", "UserID": "S-1-5-20", "EventData.ChannelName": "Microsoft::Windows::RDS::Geometry::v08.01", "EventData.TunnelID": "0"}
{"EventID": "148", "Channel": "Microsoft-Windows-RemoteDesktopServices-RdpCoreTS/Operational", "Provider_Name": "Microsoft-Windows-RemoteDesktopServices-RdpCoreTS", "Computer": "DESKTOP-OFJ6N53", "TimeCreated": "2025-08-25 12:55:48.226048+00:00", "RecordID": "182517", "Level": "4", "UserID": "S-1-5-20", "EventData.ChannelName": "Microsoft::Windows::RDS::Geometry::v08.01", "EventData.TunnelID": "0"}
{"EventID": "107", "Channel": "Microsoft-Windows-RemoteDesktopServices-RdpCoreTS/Operational", "Provider_Name": "Microsoft-Windows-RemoteDesktopServices-RdpCoreTS", "Computer": "DESKTOP-OFJ6N53", "TimeCreated": "2025-08-25 14:31:12.278271+00:00", "RecordID": "182518", "Level": "4", "UserID": "S-1-5-20"}
{"EventID": "226", "Channel": "Microsoft-Windows-RemoteDesktopServices-RdpCoreTS/Operational", "Provider_Name": "Microsoft-Windows-RemoteDesktopServices-RdpCoreTS", "Computer": "DESKTOP-OFJ6N53", "TimeCreated": "2025-08-25 14:31:12.278790+00:00", "RecordID": "182519", "Level": "3", "UserID": "S-1-5-20", "EventData.StateTransition": "RDP_SEC", "EventData.PreviousState": "0", "EventData.PreviousStateName": "FStatePassthrough", "EventData.NewState": "9", "EventData.NewStateName": "FStateError", "EventData.Event": "16", "EventData.EventName": "FEventCheckAndCompleteReadsFailed", "EventData.ErrorCode": "0x8007139f"}
{"EventID": "72", "Channel": "Microsoft-Windows-RemoteDesktopServices-RdpCoreTS/Operational", "Provider_Name": "Microsoft-Windows-RemoteDesktopServices-RdpCoreTS", "Computer": "DESKTOP-OFJ6N53", "TimeCreated": "2025-08-25 14:31:12.438757+00:00", "RecordID": "182520", "Level": "4", "UserID": "S-1-5-20", "EventData.MethodName": "OnDisconnected"}
{"EventID": "102", "Channel": "Microsoft-Windows-RemoteDesktopServices-RdpCoreTS/Operational", "Provider_Name": "Microsoft-Windows-RemoteDesktopServices-RdpCoreTS", "Computer": "DESKTOP-OFJ6N53", "TimeCreated": "2025-08-25 14:31:12.439028+00:00", "RecordID": "182521", "Level": "4", "UserID": "S-1-5-20"}
{"EventID": "145", "Channel": "Microsoft-Windows-RemoteDesktopServices-RdpCoreTS/Operational", "Provider_Name": "Microsoft-Windows-RemoteDesktopServices-RdpCoreTS", "Computer": "DESKTOP-OFJ6N53", "TimeCreated": "2025-08-25 14:31:12.439032+00:00", "RecordID": "182522", "Level": "4", "UserID": "S-1-5-20", "EventData.IdleSeconds": "2536", "EventData.IdleSeconds1": "0", "EventData.IdleSeconds2": "0"}
{"EventID": "148", "Channel": "Microsoft-Windows-RemoteDesktopServices-RdpCoreTS/Operational", "Provider_Name": "Microsoft-Windows-RemoteDesktopServices-RdpCoreTS", "Computer": "DESKTOP-OFJ6N53", "TimeCreated": "2025-08-25 14:31:12.439039+00:00", "RecordID": "182523", "Level": "4", "UserID": "S-1-5-20", "EventData.ChannelName": "rdpinpt", "EventData.TunnelID": "0"}
{"EventID": "148", "Channel": "Microsoft-Windows-RemoteDesktopServices-RdpCoreTS/Operational", "Provider_Name": "Microsoft-Windows-RemoteDesktopServices-RdpCoreTS", "Computer": "DESKTOP-OFJ6N53", "TimeCreated": "2025-08-25 14:31:12.439043+00:00", "RecordID": "182524", "Level": "4", "UserID": "S-1-5-20", "EventData.ChannelName": "rdpcmd", "EventData.TunnelID": "0"}
{"EventID": "148", "Channel": "Microsoft-Windows-RemoteDesktopServices-RdpCoreTS/Operational", "Provider_Name": "Microsoft-Windows-RemoteDesktopServices-RdpCoreTS", "Computer": "DESKTOP-OFJ6N53", "TimeCreated": "2025-08-25 14:31:12.439045+00:00", "RecordID": "182525", "Level": "4", "UserID": "S-1-5-20", "EventData.ChannelName": "rdplic", "EventData.TunnelID": "0"}
{"EventID": "148", "Channel": "Microsoft-Windows-RemoteDesktopServices-RdpCoreTS/Operational", "Provider_Name": "Microsoft-Windows-RemoteDesktopServices-RdpCoreTS", "Computer": "DESKTOP-OFJ6N53", "TimeCreated": "2025-08-25 14:31:12.439047+00:00", "RecordID": "182526", "Level": "4", "UserID": "S-1-5-20", "EventData.ChannelName": "Microsoft::Windows::RDS::Telemetry", "EventData.TunnelID": "0"}
{"EventID": "148", "Channel": "Microsoft-Windows-RemoteDesktopServices-RdpCoreTS/Operational", "Provider_Name": "Microsoft-Windows-RemoteDesktopServices-RdpCoreTS", "Computer": "DESKTOP-OFJ6N53", "TimeCreated": "2025-08-25 14:31:12.439064+00:00", "RecordID": "182527", "Level": "4", "UserID": "S-1-5-20", "EventData.ChannelName": "rdpgrfx", "EventData.TunnelID": "0"}
{"EventID": "148", "Channel": "Microsoft-Windows-RemoteDesktopServices-RdpCoreTS/Operational", "Provider_Name": "Microsoft-Windows-RemoteDesktopServices-RdpCoreTS", "Computer": "DESKTOP-OFJ6N53", "TimeCreated": "2025-08-25 14:31:12.439066+00:00", "RecordID": "182528", "Level": "4", "UserID": "S-1-5-20", "EventData.ChannelName": "railenc", "EventData.TunnelID": "0"}
{"EventID": "148", "Channel": "Microsoft-Windows-RemoteDesktopServices-RdpCoreTS/Operational", "Provider_Name": "Microsoft-Windows-RemoteDesktopServices-RdpCoreTS", "Computer": "DESKTOP-OFJ6N53", "TimeCreated": "2025-08-25 14:31:12.439074+00:00", "RecordID": "182529", "Level": "4", "UserID": "S-1-5-20", "EventData.ChannelName": "Microsoft::Windows::RDS::Frame_Buffer::Control::v08.01", "EventData.TunnelID": "0"}
{"EventID": "148", "Channel": "Microsoft-Windows-RemoteDesktopServices-RdpCoreTS/Operational", "Provider_Name": "Microsoft-Windows-RemoteDesktopServices-RdpCoreTS", "Computer": "DESKTOP-OFJ6N53", "TimeCreated": "2025-08-25 14:31:12.439081+00:00", "RecordID": "182530", "Level": "4", "UserID": "S-1-5-20", "EventData.ChannelName": "Microsoft::Windows::RDS::Graphics", "EventData.TunnelID": "0"}
{"EventID": "148", "Channel": "Microsoft-Windows-RemoteDesktopServices-RdpCoreTS/Operational", "Provider_Name": "Microsoft-Windows-RemoteDesktopServices-RdpCoreTS", "Computer": "DESKTOP-OFJ6N53", "TimeCreated": "2025-08-25 14:31:12.439083+00:00", "RecordID": "182531", "Level": "4", "UserID": "S-1-5-20", "EventData.ChannelName": "ECHO", "EventData.TunnelID": "0"}
{"EventID": "148", "Channel": "Microsoft-Windows-RemoteDesktopServices-RdpCoreTS/Operational", "Provider_Name": "Microsoft-Windows-RemoteDesktopServices-RdpCoreTS", "Computer": "DESKTOP-OFJ6N53", "TimeCreated": "2025-08-25 14:31:12.439547+00:00", "RecordID": "182532", "Level": "4", "UserID": "S-1-5-20", "EventData.ChannelName": "Microsoft::Windows::RDS::DisplayControl", "EventData.TunnelID": "0"}
{"EventID": "148", "Channel": "Microsoft-Windows-RemoteDesktopServices-RdpCoreTS/Operational", "Provider_Name": "Microsoft-Windows-RemoteDesktopServices-RdpCoreTS", "Computer": "DESKTOP-OFJ6N53", "TimeCreated": "2025-08-25 14:31:12.439957+00:00", "RecordID": "182533", "Level": "4", "UserID": "S-1-5-20", "EventData.ChannelName": "Microsoft::Windows::RDS::Geometry::v08.01", "EventData.TunnelID": "0"}
{"EventID": "148", "Channel": "Microsoft-Windows-RemoteDesktopServices-RdpCoreTS/Operational", "Provider_Name": "Microsoft-Windows-RemoteDesktopServices-RdpCoreTS", "Computer": "DESKTOP-OFJ6N53", "TimeCreated": "2025-08-25 14:31:12.440405+00:00", "RecordID": "182534", "Level": "4", "UserID": "S-1-5-20", "EventData.ChannelName": "rdpdr", "EventData.TunnelID": "0"}
{"EventID": "228", "Channel": "Microsoft-Windows-RemoteDesktopServices-RdpCoreTS/Operational", "Provider_Name": "Microsoft-Windows-RemoteDesktopServices-RdpCoreTS", "Computer": "DESKTOP-OFJ6N53", "TimeCreated": "2025-08-25 14:31:12.440615+00:00", "RecordID": "182535", "Level": "3", "UserID": "S-1-5-20", "EventData.ComponentName": "CUMRDPConnection", "EventData.Message": "Disconnect trace:'calling spGfxPlugin->PreDisconnect()' in CUMRDPConnection::PreDisconnect at 5076 err=[0x0]", "EventData.ErrorCode": "0"}
{"EventID": "72", "Channel": "Microsoft-Windows-RemoteDesktopServices-RdpCoreTS/Operational", "Provider_Name": "Microsoft-Windows-RemoteDesktopServices-RdpCoreTS", "Computer": "DESKTOP-OFJ6N53", "TimeCreated": "2025-08-25 14:31:12.440617+00:00", "RecordID": "182536", "Level": "4", "UserID": "S-1-5-20", "EventData.MethodName": "PreDisconnect(0)"}
{"EventID": "72", "Channel": "Microsoft-Windows-RemoteDesktopServices-RdpCoreTS/Operational", "Provider_Name": "Microsoft-Windows-RemoteDesktopServices-RdpCoreTS", "Computer": "DESKTOP-OFJ6N53", "TimeCreated": "2025-08-25 14:31:12.440624+00:00", "RecordID": "182537", "Level": "4", "UserID": "S-1-5-20", "EventData.MethodName": "SetErrorInfo(0x0)"}
{"EventID": "148", "Channel": "Microsoft-Windows-RemoteDesktopServices-RdpCoreTS/Operational", "Provider_Name": "Microsoft-Windows-RemoteDesktopServices-RdpCoreTS", "Computer": "DESKTOP-OFJ6N53", "TimeCreated": "2025-08-25 14:31:12.440804+00:00", "RecordID": "182538", "Level": "4", "UserID": "S-1-5-20", "EventData.ChannelName": "rdpsnd", "EventData.TunnelID": "0"}
{"EventID": "148", "Channel": "Microsoft-Windows-RemoteDesktopServices-RdpCoreTS/Operational", "Provider_Name": "Microsoft-Windows-RemoteDesktopServices-RdpCoreTS", "Computer": "DESKTOP-OFJ6N53", "TimeCreated": "2025-08-25 14:31:12.441151+00:00", "RecordID": "182539", "Level": "4", "UserID": "S-1-5-20", "EventData.ChannelName": "cliprdr", "EventData.TunnelID": "0"}
{"EventID": "72", "Channel": "Microsoft-Windows-RemoteDesktopServices-RdpCoreTS/Operational", "Provider_Name": "Microsoft-Windows-RemoteDesktopServices-RdpCoreTS", "Computer": "DESKTOP-OFJ6N53", "TimeCreated": "2025-08-25 14:31:12.933624+00:00", "RecordID": "182540", "Level": "4", "UserID": "S-1-5-20", "EventData.MethodName": "DisconnectNotify"}
{"EventID": "72", "Channel": "Microsoft-Windows-RemoteDesktopServices-RdpCoreTS/Operational", "Provider_Name": "Microsoft-Windows-RemoteDesktopServices-RdpCoreTS", "Computer": "DESKTOP-OFJ6N53", "TimeCreated": "2025-08-25 14:31:12.933628+00:00", "RecordID": "182541", "Level": "4", "UserID": "S-1-5-20", "EventData.MethodName": "GetServerAutoReconnectInfo"}
{"EventID": "72", "Channel": "Microsoft-Windows-RemoteDesktopServices-RdpCoreTS/Operational", "Provider_Name": "Microsoft-Windows-RemoteDesktopServices-RdpCoreTS", "Computer": "DESKTOP-OFJ6N53", "TimeCreated": "2025-08-25 14:31:12.934078+00:00", "RecordID": "182542", "Level": "4", "UserID": "S-1-5-20", "EventData.MethodName": "GetServerAutoReconnectInfo"}
{"EventID": "103", "Channel": "Microsoft-Windows-RemoteDesktopServices-RdpCoreTS/Operational", "Provider_Name": "Microsoft-Windows-RemoteDesktopServices-RdpCoreTS", "Computer": "DESKTOP-OFJ6N53", "TimeCreated": "2025-08-25 14:31:12.934093+00:00", "RecordID": "182543", "Level": "4", "UserID": "S-1-5-20", "EventData.ReasonCode": "13"}
{"EventID": "131", "Channel": "Microsoft-Windows-RemoteDesktopServices-RdpCoreTS/Operational", "Provider_Name": "Microsoft-Windows-RemoteDesktopServices-RdpCoreTS", "Computer": "DESKTOP-OFJ6N53", "TimeCreated": "2025-08-25 15:55:49.537769+00:00", "RecordID": "182544", "Level": "4", "UserID": "S-1-5-20", "EventData.ConnType": "TCP", "EventData.ClientIP": "10.31.228.152:58379"}
{"EventID": "65", "Channel": "Microsoft-Windows-RemoteDesktopServices-RdpCoreTS/Operational", "Provider_Name": "Microsoft-Windows-RemoteDesktopServices-RdpCoreTS", "Computer": "DESKTOP-OFJ6N53", "TimeCreated": "2025-08-25 15:55:49.542770+00:00", "RecordID": "182545", "Level": "4", "UserID": "S-1-5-20", "EventData.ConnectionName": "RDP-Tcp#6"}
{"EventID": "72", "Channel": "Microsoft-Windows-RemoteDesktopServices-RdpCoreTS/Operational", "Provider_Name": "Microsoft-Windows-RemoteDesktopServices-RdpCoreTS", "Computer": "DESKTOP-OFJ6N53", "TimeCreated": "2025-08-25 15:55:49.545099+00:00", "RecordID": "182546", "Level": "4", "UserID": "S-1-5-20", "EventData.MethodName": "PrepareForAccept"}
{"EventID": "72", "Channel": "Microsoft-Windows-RemoteDesktopServices-RdpCoreTS/Operational", "Provider_Name": "Microsoft-Windows-RemoteDesktopServices-RdpCoreTS", "Computer": "DESKTOP-OFJ6N53", "TimeCreated": "2025-08-25 15:55:49.545113+00:00", "RecordID": "182547", "Level": "4", "UserID": "S-1-5-20", "EventData.MethodName": "SendPolicyData"}
{"EventID": "141", "Channel": "Microsoft-Windows-RemoteDesktopServices-RdpCoreTS/Operational", "Provider_Name": "Microsoft-Windows-RemoteDesktopServices-RdpCoreTS", "Computer": "DESKTOP-OFJ6N53", "TimeCreated": "2025-08-25 15:55:49.546162+00:00", "RecordID": "182548", "Level": "4", "UserID": "S-1-5-20", "EventData.InstanceID": "6"}
{"EventID": "101", "Channel": "Microsoft-Windows-RemoteDesktopServices-RdpCoreTS/Operational", "Provider_Name": "Microsoft-Windows-RemoteDesktopServices-RdpCoreTS", "Computer": "DESKTOP-OFJ6N53", "TimeCreated": "2025-08-25 15:55:50.566448+00:00", "RecordID": "182549", "Level": "3", "UserID": "S-1-5-20", "EventData.ReasonString": "Reason Code: 2(Server Configuration)."}
{"EventID": "132", "Channel": "Microsoft-Windows-RemoteDesktopServices-RdpCoreTS/Operational", "Provider_Name": "Microsoft-Windows-RemoteDesktopServices-RdpCoreTS", "Computer": "DESKTOP-OFJ6N53", "TimeCreated": "2025-08-25 15:55:50.566467+00:00", "RecordID": "182550", "Level": "4", "UserID": "S-1-5-20", "EventData.ChannelName": "rdplic", "EventData.TunnelID": "0"}
{"EventID": "132", "Channel": "Microsoft-Windows-RemoteDesktopServices-RdpCoreTS/Operational", "Provider_Name": "Microsoft-Windows-RemoteDesktopServices-RdpCoreTS", "Computer": "DESKTOP-OFJ6N53", "TimeCreated": "2025-08-25 15:55:50.566473+00:00", "RecordID": "182551", "Level": "4", "UserID": "S-1-5-20", "EventData.ChannelName": "rdpcmd", "EventData.TunnelID": "0"}
{"EventID": "72", "Channel": "Microsoft-Windows-RemoteDesktopServices-RdpCoreTS/Operational", "Provider_Name": "Microsoft-Windows-RemoteDesktopServices-RdpCoreTS", "Computer": "DESKTOP-OFJ6N53", "TimeCreated": "2025-08-25 15:55:50.566492+00:00", "RecordID": "182552", "Level": "4", "UserID": "S-1-5-20", "EventData.MethodName": "OnStartLicensing"}
{"EventID": "72", "Channel": "Microsoft-Windows-RemoteDesktopServices-RdpCoreTS/Operational", "Provider_Name": "Microsoft-Windows-RemoteDesktopServices-RdpCoreTS", "Computer": "DESKTOP-OFJ6N53", "TimeCreated": "2025-08-25 15:55:50.566557+00:00", "RecordID": "182553", "Level": "4", "UserID": "S-1-5-20", "EventData.MethodName": "AcceptConnection"}
{"EventID": "104", "Channel": "Microsoft-Windows-RemoteDesktopServices-RdpCoreTS/Operational", "Provider_Name": "Microsoft-Windows-RemoteDesktopServices-RdpCoreTS", "Computer": "DESKTOP-OFJ6N53", "TimeCreated": "2025-08-25 15:55:50.566690+00:00", "RecordID": "182554", "Level": "4", "UserID": "S-1-5-20", "EventData.TimezoneBiasHour": "[3]"}
{"EventID": "71", "Channel": "Microsoft-Windows-RemoteDesktopServices-RdpCoreTS/Operational", "Provider_Name": "Microsoft-Windows-RemoteDesktopServices-RdpCoreTS", "Computer": "DESKTOP-OFJ6N53", "TimeCreated": "2025-08-25 15:55:50.566694+00:00", "RecordID": "182555", "Level": "4", "UserID": "S-1-5-20", "EventData.ConnectionName": "RDP-Tcp#6", "EventData.DisplayDriverName": "RDPUDD"}
{"EventID": "227", "Channel": "Microsoft-Windows-RemoteDesktopServices-RdpCoreTS/Operational", "Provider_Name": "Microsoft-Windows-RemoteDesktopServices-RdpCoreTS", "Computer": "DESKTOP-OFJ6N53", "TimeCreated": "2025-08-25 15:55:50.566732+00:00", "RecordID": "182556", "Level": "2", "UserID": "S-1-5-20", "EventData.Name": "CUMRDPConnection", "EventData.Value": "2147500033", "EventData.CustomLevel": "'Failed GetConnectionProperty' in CUMRDPConnection::QueryProperty at 3347 err=[0x80004001]"}
{"EventID": "72", "Channel": "Microsoft-Windows-RemoteDesktopServices-RdpCoreTS/Operational", "Provider_Name": "Microsoft-Windows-RemoteDesktopServices-RdpCoreTS", "Computer": "DESKTOP-OFJ6N53", "TimeCreated": "2025-08-25 15:55:50.566736+00:00", "RecordID": "182557", "Level": "4", "UserID": "S-1-5-20", "EventData.MethodName": "GetSecurityFilterCreds"}
{"EventID": "72", "Channel": "Microsoft-Windows-RemoteDesktopServices-RdpCoreTS/Operational", "Provider_Name": "Microsoft-Windows-RemoteDesktopServices-RdpCoreTS", "Computer": "DESKTOP-OFJ6N53", "TimeCreated": "2025-08-25 15:55:50.567879+00:00", "RecordID": "182558", "Level": "4", "UserID": "S-1-5-20", "EventData.MethodName": "SendClientLicense"}
{"EventID": "72", "Channel": "Microsoft-Windows-RemoteDesktopServices-RdpCoreTS/Operational", "Provider_Name": "Microsoft-Windows-RemoteDesktopServices-RdpCoreTS", "Computer": "DESKTOP-OFJ6N53", "TimeCreated": "2025-08-25 15:55:50.567919+00:00", "RecordID": "182559", "Level": "4", "UserID": "S-1-5-20", "EventData.MethodName": "ProtocolComplete"}
{"EventID": "98", "Channel": "Microsoft-Windows-RemoteDesktopServices-RdpCoreTS/Operational", "Provider_Name": "Microsoft-Windows-RemoteDesktopServices-RdpCoreTS", "Computer": "DESKTOP-OFJ6N53", "TimeCreated": "2025-08-25 15:55:50.568089+00:00", "RecordID": "182560", "Level": "4", "UserID": "S-1-5-20"}
{"EventID": "100", "Channel": "Microsoft-Windows-RemoteDesktopServices-RdpCoreTS/Operational", "Provider_Name": "Microsoft-Windows-RemoteDesktopServices-RdpCoreTS", "Computer": "DESKTOP-OFJ6N53", "TimeCreated": "2025-08-25 15:55:50.568090+00:00", "RecordID": "182561", "Level": "4", "UserID": "S-1-5-20"}
{"EventID": "135", "Channel": "Microsoft-Windows-RemoteDesktopServices-RdpCoreTS/Operational", "Provider_Name": "Microsoft-Windows-RemoteDesktopServices-RdpCoreTS", "Computer": "DESKTOP-OFJ6N53", "TimeCreated": "2025-08-25 15:55:50.568102+00:00", "RecordID": "182562", "Level": "4", "UserID": "S-1-5-20", "EventData.TunnelID": "1", "EventData.TransportType": "TCP: Reason Code: 1 (No Client UDP Support)"}
{"EventID": "135", "Channel": "Microsoft-Windows-RemoteDesktopServices-RdpCoreTS/Operational", "Provider_Name": "Microsoft-Windows-RemoteDesktopServices-RdpCoreTS", "Computer": "DESKTOP-OFJ6N53", "TimeCreated": "2025-08-25 15:55:50.568106+00:00", "RecordID": "182563", "Level": "4", "UserID": "S-1-5-20", "EventData.TunnelID": "3", "EventData.TransportType": "TCP: Reason Code: 2 (Forced by Server Configuration)"}
{"EventID": "72", "Channel": "Microsoft-Windows-RemoteDesktopServices-RdpCoreTS/Operational", "Provider_Name": "Microsoft-Windows-RemoteDesktopServices-RdpCoreTS", "Computer": "DESKTOP-OFJ6N53", "TimeCreated": "2025-08-25 15:55:50.568525+00:00", "RecordID": "182564", "Level": "4", "UserID": "S-1-5-20", "EventData.MethodName": "AuthenticateClientToSession"}
{"EventID": "66", "Channel": "Microsoft-Windows-RemoteDesktopServices-RdpCoreTS/Operational", "Provider_Name": "Microsoft-Windows-RemoteDesktopServices-RdpCoreTS", "Computer": "DESKTOP-OFJ6N53", "TimeCreated": "2025-08-25 15:55:50.823509+00:00", "RecordID": "182565", "Level": "4", "UserID": "S-1-5-20", "EventData.ConnectionName": "RDP-Tcp#6", "EventData.SessionID": "1"}
{"EventID": "132", "Channel": "Microsoft-Windows-RemoteDesktopServices-RdpCoreTS/Operational", "Provider_Name": "Microsoft-Windows-RemoteDesktopServices-RdpCoreTS", "Computer": "DESKTOP-OFJ6N53", "TimeCreated": "2025-08-25 15:55:50.828909+00:00", "RecordID": "182566", "Level": "4", "UserID": "S-1-5-20", "EventData.ChannelName": "rdpgrfx", "EventData.TunnelID": "0"}
{"EventID": "33", "Channel": "Microsoft-Windows-RemoteDesktopServices-RdpCoreTS/Operational", "Provider_Name": "Microsoft-Windows-RemoteDesktopServices-RdpCoreTS", "Computer": "DESKTOP-OFJ6N53", "TimeCreated": "2025-08-25 15:55:50.828951+00:00", "RecordID": "182567", "Level": "4", "UserID": "S-1-5-20"}
{"EventID": "132", "Channel": "Microsoft-Windows-RemoteDesktopServices-RdpCoreTS/Operational", "Provider_Name": "Microsoft-Windows-RemoteDesktopServices-RdpCoreTS", "Computer": "DESKTOP-OFJ6N53", "TimeCreated": "2025-08-25 15:55:50.919046+00:00", "RecordID": "182568", "Level": "4", "UserID": "S-1-5-20", "EventData.ChannelName": "rdpinpt", "EventData.TunnelID": "0"}
{"EventID": "169", "Channel": "Microsoft-Windows-RemoteDesktopServices-RdpCoreTS/Operational", "Provider_Name": "Microsoft-Windows-RemoteDesktopServices-RdpCoreTS", "Computer": "DESKTOP-OFJ6N53", "TimeCreated": "2025-08-25 15:55:50.919411+00:00", "RecordID": "182569", "Level": "4", "UserID": "S-1-5-20", "EventData.MajorType": "6", "EventData.MinorType": "0", "EventData.ServerName": "DESKTOP-OFJ6N53"}
{"EventID": "72", "Channel": "Microsoft-Windows-RemoteDesktopServices-RdpCoreTS/Operational", "Provider_Name": "Microsoft-Windows-RemoteDesktopServices-RdpCoreTS", "Computer": "DESKTOP-OFJ6N53", "TimeCreated": "2025-08-25 15:55:50.919580+00:00", "RecordID": "182570", "Level": "4", "UserID": "S-1-5-20", "EventData.MethodName": "OnConnected"}
{"EventID": "72", "Channel": "Microsoft-Windows-RemoteDesktopServices-RdpCoreTS/Operational", "Provider_Name": "Microsoft-Windows-RemoteDesktopServices-RdpCoreTS", "Computer": "DESKTOP-OFJ6N53", "TimeCreated": "2025-08-25 15:55:50.919584+00:00", "RecordID": "182571", "Level": "4", "UserID": "S-1-5-20", "EventData.MethodName": "OnReady"}
{"EventID": "132", "Channel": "Microsoft-Windows-RemoteDesktopServices-RdpCoreTS/Operational", "Provider_Name": "Microsoft-Windows-RemoteDesktopServices-RdpCoreTS", "Computer": "DESKTOP-OFJ6N53", "TimeCreated": "2025-08-25 15:55:50.957722+00:00", "RecordID": "182572", "Level": "4", "UserID": "S-1-5-20", "EventData.ChannelName": "Microsoft::Windows::RDS::Telemetry", "EventData.TunnelID": "0"}
{"EventID": "132", "Channel": "Microsoft-Windows-RemoteDesktopServices-RdpCoreTS/Operational", "Provider_Name": "Microsoft-Windows-RemoteDesktopServices-RdpCoreTS", "Computer": "DESKTOP-OFJ6N53", "TimeCreated": "2025-08-25 15:55:50.961533+00:00", "RecordID": "182573", "Level": "4", "UserID": "S-1-5-20", "EventData.ChannelName": "Microsoft::Windows::RDS::Graphics", "EventData.TunnelID": "0"}
{"EventID": "162", "Channel": "Microsoft-Windows-RemoteDesktopServices-RdpCoreTS/Operational", "Provider_Name": "Microsoft-Windows-RemoteDesktopServices-RdpCoreTS", "Computer": "DESKTOP-OFJ6N53", "TimeCreated": "2025-08-25 15:55:50.963083+00:00", "RecordID": "182574", "Level": "4", "UserID": "S-1-5-20", "EventData.Version": "0x000a0400", "EventData.ClientMode": "2", "EventData.AvcEnabled": "1", "EventData.ProfileIdNum": "2", "EventData.ServerName": "DESKTOP-OFJ6N53"}
{"EventID": "72", "Channel": "Microsoft-Windows-RemoteDesktopServices-RdpCoreTS/Operational", "Provider_Name": "Microsoft-Windows-RemoteDesktopServices-RdpCoreTS", "Computer": "DESKTOP-OFJ6N53", "TimeCreated": "2025-08-25 15:55:50.987732+00:00", "RecordID": "182575", "Level": "4", "UserID": "S-1-5-20", "EventData.MethodName": "ConnectNotify(SessionId=1)"}
{"EventID": "148", "Channel": "Microsoft-Windows-RemoteDesktopServices-RdpCoreTS/Operational", "Provider_Name": "Microsoft-Windows-RemoteDesktopServices-RdpCoreTS", "Computer": "DESKTOP-OFJ6N53", "TimeCreated": "2025-08-25 15:55:51.062931+00:00", "RecordID": "182576", "Level": "4", "UserID": "S-1-5-20", "EventData.ChannelName": "Microsoft::Windows::RDS::Video::Control::v08.01", "EventData.TunnelID": "0"}
{"EventID": "148", "Channel": "Microsoft-Windows-RemoteDesktopServices-RdpCoreTS/Operational", "Provider_Name": "Microsoft-Windows-RemoteDesktopServices-RdpCoreTS", "Computer": "DESKTOP-OFJ6N53", "TimeCreated": "2025-08-25 15:55:51.063013+00:00", "RecordID": "182577", "Level": "4", "UserID": "S-1-5-20", "EventData.ChannelName": "Microsoft::Windows::RDS::Video::Data::v08.01", "EventData.TunnelID": "0"}
{"EventID": "148", "Channel": "Microsoft-Windows-RemoteDesktopServices-RdpCoreTS/Operational", "Provider_Name": "Microsoft-Windows-RemoteDesktopServices-RdpCoreTS", "Computer": "DESKTOP-OFJ6N53", "TimeCreated": "2025-08-25 15:55:51.147190+00:00", "RecordID": "182578", "Level": "4", "UserID": "S-1-5-20", "EventData.ChannelName": "Microsoft::Windows::RDS::Geometry::v08.01", "EventData.TunnelID": "0"}
{"EventID": "132", "Channel": "Microsoft-Windows-RemoteDesktopServices-RdpCoreTS/Operational", "Provider_Name": "Microsoft-Windows-RemoteDesktopServices-RdpCoreTS", "Computer": "DESKTOP-OFJ6N53", "TimeCreated": "2025-08-25 15:55:51.755810+00:00", "RecordID": "182579", "Level": "4", "UserID": "S-1-5-20", "EventData.ChannelName": "rdpdr", "EventData.TunnelID": "0"}
{"EventID": "132", "Channel": "Microsoft-Windows-RemoteDesktopServices-RdpCoreTS/Operational", "Provider_Name": "Microsoft-Windows-RemoteDesktopServices-RdpCoreTS", "Computer": "DESKTOP-OFJ6N53", "TimeCreated": "2025-08-25 15:55:51.775106+00:00", "RecordID": "182580", "Level": "4", "UserID": "S-1-5-20", "EventData.ChannelName": "Microsoft::Windows::RDS::Input", "EventData.TunnelID": "0"}
{"EventID": "148", "Channel": "Microsoft-Windows-RemoteDesktopServices-RdpCoreTS/Operational", "Provider_Name": "Microsoft-Windows-RemoteDesktopServices-RdpCoreTS", "Computer": "DESKTOP-OFJ6N53", "TimeCreated": "2025-08-25 15:55:51.775164+00:00", "RecordID": "182581", "Level": "4", "UserID": "S-1-5-20", "EventData.ChannelName": "Microsoft::Windows::RDS::Input", "EventData.TunnelID": "0"}
{"EventID": "227", "Channel": "Microsoft-Windows-RemoteDesktopServices-RdpCoreTS/Operational", "Provider_Name": "Microsoft-Windows-RemoteDesktopServices-RdpCoreTS", "Computer": "DESKTOP-OFJ6N53", "TimeCreated": "2025-08-25 15:55:51.775520+00:00", "RecordID": "182582", "Level": "2", "UserID": "S-1-5-20", "EventData.Name": "CUMRDPConnection", "EventData.Value": "3489660929", "EventData.CustomLevel": "'Failed CreateVirtualChannel call on this Connections Stack' in CUMRDPConnection::CreateVirtualChannel at 2961 err=[0xd0000001]"}
{"EventID": "132", "Channel": "Microsoft-Windows-RemoteDesktopServices-RdpCoreTS/Operational", "Provider_Name": "Microsoft-Windows-RemoteDesktopServices-RdpCoreTS", "Computer": "DESKTOP-OFJ6N53", "TimeCreated": "2025-08-25 15:55:52.098173+00:00", "RecordID": "182583", "Level": "4", "UserID": "S-1-5-20", "EventData.ChannelName": "Microsoft::Windows::RDS::Geometry::v08.01", "EventData.TunnelID": "0"}
{"EventID": "132", "Channel": "Microsoft-Windows-RemoteDesktopServices-RdpCoreTS/Operational", "Provider_Name": "Microsoft-Windows-RemoteDesktopServices-RdpCoreTS", "Computer": "DESKTOP-OFJ6N53", "TimeCreated": "2025-08-25 15:55:52.137447+00:00", "RecordID": "182584", "Level": "4", "UserID": "S-1-5-20", "EventData.ChannelName": "Microsoft::Windows::RDS::Geometry::v08.01", "EventData.TunnelID": "0"}
{"EventID": "148", "Channel": "Microsoft-Windows-RemoteDesktopServices-RdpCoreTS/Operational", "Provider_Name": "Microsoft-Windows-RemoteDesktopServices-RdpCoreTS", "Computer": "DESKTOP-OFJ6N53", "TimeCreated": "2025-08-25 15:55:52.137978+00:00", "RecordID": "182585", "Level": "4", "UserID": "S-1-5-20", "EventData.ChannelName": "AUDIO_PLAYBACK_DVC", "EventData.TunnelID": "0"}
{"EventID": "132", "Channel": "Microsoft-Windows-RemoteDesktopServices-RdpCoreTS/Operational", "Provider_Name": "Microsoft-Windows-RemoteDesktopServices-RdpCoreTS", "Computer": "DESKTOP-OFJ6N53", "TimeCreated": "2025-08-25 15:55:52.138048+00:00", "RecordID": "182586", "Level": "4", "UserID": "S-1-5-20", "EventData.ChannelName": "AUDIO_PLAYBACK_DVC", "EventData.TunnelID": "0"}
{"EventID": "227", "Channel": "Microsoft-Windows-RemoteDesktopServices-RdpCoreTS/Operational", "Provider_Name": "Microsoft-Windows-RemoteDesktopServices-RdpCoreTS", "Computer": "DESKTOP-OFJ6N53", "TimeCreated": "2025-08-25 15:55:52.138399+00:00", "RecordID": "182587", "Level": "2", "UserID": "S-1-5-20", "EventData.Name": "CUMRDPConnection", "EventData.Value": "3489660929", "EventData.CustomLevel": "'Failed CreateVirtualChannel call on this Connections Stack' in CUMRDPConnection::CreateVirtualChannel at 2961 err=[0xd0000001]"}
{"EventID": "132", "Channel": "Microsoft-Windows-RemoteDesktopServices-RdpCoreTS/Operational", "Provider_Name": "Microsoft-Windows-RemoteDesktopServices-RdpCoreTS", "Computer": "DESKTOP-OFJ6N53", "TimeCreated": "2025-08-25 15:55:52.145555+00:00", "RecordID": "182588", "Level": "4", "UserID": "S-1-5-20", "EventData.ChannelName": "cliprdr", "EventData.TunnelID": "0"}
{"EventID": "148", "Channel": "Microsoft-Windows-RemoteDesktopServices-RdpCoreTS/Operational", "Provider_Name": "Microsoft-Windows-RemoteDesktopServices-RdpCoreTS", "Computer": "DESKTOP-OFJ6N53", "TimeCreated": "2025-08-25 15:55:52.200125+00:00", "RecordID": "182589", "Level": "4", "UserID": "S-1-5-20", "EventData.ChannelName": "Microsoft::Windows::RDS::Geometry::v08.01", "EventData.TunnelID": "0"}
{"EventID": "132", "Channel": "Microsoft-Windows-RemoteDesktopServices-RdpCoreTS/Operational", "Provider_Name": "Microsoft-Windows-RemoteDesktopServices-RdpCoreTS", "Computer": "DESKTOP-OFJ6N53", "TimeCreated": "2025-08-25 15:55:52.200169+00:00", "RecordID": "182590", "Level": "4", "UserID": "S-1-5-20", "EventData.ChannelName": "AUDIO_PLAYBACK_DVC", "EventData.TunnelID": "0"}
{"EventID": "227", "Channel": "Microsoft-Windows-RemoteDesktopServices-RdpCoreTS/Operational", "Provider_Name": "Microsoft-Windows-RemoteDesktopServices-RdpCoreTS", "Computer": "DESKTOP-OFJ6N53", "TimeCreated": "2025-08-25 15:55:52.201042+00:00", "RecordID": "182591", "Level": "2", "UserID": "S-1-5-20", "EventData.Name": "CUMRDPConnection", "EventData.Value": "3489660929", "EventData.CustomLevel": "'Failed CreateVirtualChannel call on this Connections Stack' in CUMRDPConnection::CreateVirtualChannel at 2961 err=[0xd0000001]"}
{"EventID": "148", "Channel": "Microsoft-Windows-RemoteDesktopServices-RdpCoreTS/Operational", "Provider_Name": "Microsoft-Windows-RemoteDesktopServices-RdpCoreTS", "Computer": "DESKTOP-OFJ6N53", "TimeCreated": "2025-08-25 15:55:52.201338+00:00", "RecordID": "182592", "Level": "4", "UserID": "S-1-5-20", "EventData.ChannelName": "AUDIO_PLAYBACK_DVC", "EventData.TunnelID": "0"}
{"EventID": "132", "Channel": "Microsoft-Windows-RemoteDesktopServices-RdpCoreTS/Operational", "Provider_Name": "Microsoft-Windows-RemoteDesktopServices-RdpCoreTS", "Computer": "DESKTOP-OFJ6N53", "TimeCreated": "2025-08-25 15:55:52.608091+00:00", "RecordID": "182593", "Level": "4", "UserID": "S-1-5-20", "EventData.ChannelName": "Microsoft::Windows::RDS::DisplayControl", "EventData.TunnelID": "0"}
{"EventID": "132", "Channel": "Microsoft-Windows-RemoteDesktopServices-RdpCoreTS/Operational", "Provider_Name": "Microsoft-Windows-RemoteDesktopServices-RdpCoreTS", "Computer": "DESKTOP-OFJ6N53", "TimeCreated": "2025-08-25 15:55:52.661013+00:00", "RecordID": "182594", "Level": "4", "UserID": "S-1-5-20", "EventData.ChannelName": "rdpsnd", "EventData.TunnelID": "0"}
{"EventID": "132", "Channel": "Microsoft-Windows-RemoteDesktopServices-RdpCoreTS/Operational", "Provider_Name": "Microsoft-Windows-RemoteDesktopServices-RdpCoreTS", "Computer": "DESKTOP-OFJ6N53", "TimeCreated": "2025-08-25 15:55:53.077211+00:00", "RecordID": "182595", "Level": "4", "UserID": "S-1-5-20", "EventData.ChannelName": "RDCamera_Device_Enumerator", "EventData.TunnelID": "0"}
{"EventID": "148", "Channel": "Microsoft-Windows-RemoteDesktopServices-RdpCoreTS/Operational", "Provider_Name": "Microsoft-Windows-RemoteDesktopServices-RdpCoreTS", "Computer": "DESKTOP-OFJ6N53", "TimeCreated": "2025-08-25 15:55:53.077299+00:00", "RecordID": "182596", "Level": "4", "UserID": "S-1-5-20", "EventData.ChannelName": "RDCamera_Device_Enumerator", "EventData.TunnelID": "0"}
{"EventID": "227", "Channel": "Microsoft-Windows-RemoteDesktopServices-RdpCoreTS/Operational", "Provider_Name": "Microsoft-Windows-RemoteDesktopServices-RdpCoreTS", "Computer": "DESKTOP-OFJ6N53", "TimeCreated": "2025-08-25 15:55:53.077890+00:00", "RecordID": "182597", "Level": "2", "UserID": "S-1-5-20", "EventData.Name": "CUMRDPConnection", "EventData.Value": "3489660929", "EventData.CustomLevel": "'Failed CreateVirtualChannel call on this Connections Stack' in CUMRDPConnection::CreateVirtualChannel at 2961 err=[0xd0000001]"}
{"EventID": "227", "Channel": "Microsoft-Windows-RemoteDesktopServices-RdpCoreTS/Operational", "Provider_Name": "Microsoft-Windows-RemoteDesktopServices-RdpCoreTS", "Computer": "DESKTOP-OFJ6N53", "TimeCreated": "2025-08-25 15:55:53.120989+00:00", "RecordID": "182598", "Level": "2", "UserID": "S-1-5-20", "EventData.Name": "CUMRDPConnection", "EventData.Value": "2147500033", "EventData.CustomLevel": "'Failed GetConnectionProperty' in CUMRDPConnection::QueryProperty at 3347 err=[0x80004001]"}
{"EventID": "168", "Channel": "Microsoft-Windows-RemoteDesktopServices-RdpCoreTS/Operational", "Provider_Name": "Microsoft-Windows-RemoteDesktopServices-RdpCoreTS", "Computer": "DESKTOP-OFJ6N53", "TimeCreated": "2025-08-25 15:55:55.353058+00:00", "RecordID": "182599", "Level": "4", "UserID": "S-1-5-20", "EventData.MonitorNum": "0", "EventData.MonitorWidth": "1710", "EventData.MonitorHeight": "1068", "EventData.MonitorX": "0", "EventData.MonitorY": "0", "EventData.ServerName": "DESKTOP-OFJ6N53"}
{"EventID": "72", "Channel": "Microsoft-Windows-RemoteDesktopServices-RdpCoreTS/Operational", "Provider_Name": "Microsoft-Windows-RemoteDesktopServices-RdpCoreTS", "Computer": "DESKTOP-OFJ6N53", "TimeCreated": "2025-08-25 15:55:55.520027+00:00", "RecordID": "182600", "Level": "4", "UserID": "S-1-5-20", "EventData.MethodName": "LogonNotify(SessionId=1)"}
{"EventID": "132", "Channel": "Microsoft-Windows-RemoteDesktopServices-RdpCoreTS/Operational", "Provider_Name": "Microsoft-Windows-RemoteDesktopServices-RdpCoreTS", "Computer": "DESKTOP-OFJ6N53", "TimeCreated": "2025-08-25 15:55:56.473400+00:00", "RecordID": "182601", "Level": "4", "UserID": "S-1-5-20", "EventData.ChannelName": "Microsoft::Windows::RDS::Geometry::v08.01", "EventData.TunnelID": "0"}
{"EventID": "148", "Channel": "Microsoft-Windows-RemoteDesktopServices-RdpCoreTS/Operational", "Provider_Name": "Microsoft-Windows-RemoteDesktopServices-RdpCoreTS", "Computer": "DESKTOP-OFJ6N53", "TimeCreated": "2025-08-25 15:55:56.776791+00:00", "RecordID": "182602", "Level": "4", "UserID": "S-1-5-20", "EventData.ChannelName": "Microsoft::Windows::RDS::Geometry::v08.01", "EventData.TunnelID": "0"}
{"EventID": "107", "Channel": "Microsoft-Windows-RemoteDesktopServices-RdpCoreTS/Operational", "Provider_Name": "Microsoft-Windows-RemoteDesktopServices-RdpCoreTS", "Computer": "DESKTOP-OFJ6N53", "TimeCreated": "2025-08-25 15:56:45.609591+00:00", "RecordID": "182603", "Level": "4", "UserID": "S-1-5-20"}
{"EventID": "226", "Channel": "Microsoft-Windows-RemoteDesktopServices-RdpCoreTS/Operational", "Provider_Name": "Microsoft-Windows-RemoteDesktopServices-RdpCoreTS", "Computer": "DESKTOP-OFJ6N53", "TimeCreated": "2025-08-25 15:56:45.610027+00:00", "RecordID": "182604", "Level": "3", "UserID": "S-1-5-20", "EventData.StateTransition": "RDP_SEC", "EventData.PreviousState": "0", "EventData.PreviousStateName": "FStatePassthrough", "EventData.NewState": "9", "EventData.NewStateName": "FStateError", "EventData.Event": "16", "EventData.EventName": "FEventCheckAndCompleteReadsFailed", "EventData.ErrorCode": "0x8007139f"}
{"EventID": "72", "Channel": "Microsoft-Windows-RemoteDesktopServices-RdpCoreTS/Operational", "Provider_Name": "Microsoft-Windows-RemoteDesktopServices-RdpCoreTS", "Computer": "DESKTOP-OFJ6N53", "TimeCreated": "2025-08-25 15:56:45.725460+00:00", "RecordID": "182605", "Level": "4", "UserID": "S-1-5-20", "EventData.MethodName": "OnDisconnected"}
{"EventID": "102", "Channel": "Microsoft-Windows-RemoteDesktopServices-RdpCoreTS/Operational", "Provider_Name": "Microsoft-Windows-RemoteDesktopServices-RdpCoreTS", "Computer": "DESKTOP-OFJ6N53", "TimeCreated": "2025-08-25 15:56:45.725744+00:00", "RecordID": "182606", "Level": "4", "UserID": "S-1-5-20"}
{"EventID": "145", "Channel": "Microsoft-Windows-RemoteDesktopServices-RdpCoreTS/Operational", "Provider_Name": "Microsoft-Windows-RemoteDesktopServices-RdpCoreTS", "Computer": "DESKTOP-OFJ6N53", "TimeCreated": "2025-08-25 15:56:45.725750+00:00", "RecordID": "182607", "Level": "4", "UserID": "S-1-5-20", "EventData.IdleSeconds": "0", "EventData.IdleSeconds1": "0", "EventData.IdleSeconds2": "0"}
{"EventID": "148", "Channel": "Microsoft-Windows-RemoteDesktopServices-RdpCoreTS/Operational", "Provider_Name": "Microsoft-Windows-RemoteDesktopServices-RdpCoreTS", "Computer": "DESKTOP-OFJ6N53", "TimeCreated": "2025-08-25 15:56:45.725756+00:00", "RecordID": "182608", "Level": "4", "UserID": "S-1-5-20", "EventData.ChannelName": "rdpinpt", "EventData.TunnelID": "0"}
{"EventID": "148", "Channel": "Microsoft-Windows-RemoteDesktopServices-RdpCoreTS/Operational", "Provider_Name": "Microsoft-Windows-RemoteDesktopServices-RdpCoreTS", "Computer": "DESKTOP-OFJ6N53", "TimeCreated": "2025-08-25 15:56:45.725760+00:00", "RecordID": "182609", "Level": "4", "UserID": "S-1-5-20", "EventData.ChannelName": "rdpcmd", "EventData.TunnelID": "0"}
{"EventID": "148", "Channel": "Microsoft-Windows-RemoteDesktopServices-RdpCoreTS/Operational", "Provider_Name": "Microsoft-Windows-RemoteDesktopServices-RdpCoreTS", "Computer": "DESKTOP-OFJ6N53", "TimeCreated": "2025-08-25 15:56:45.725763+00:00", "RecordID": "182610", "Level": "4", "UserID": "S-1-5-20", "EventData.ChannelName": "rdplic", "EventData.TunnelID": "0"}
{"EventID": "148", "Channel": "Microsoft-Windows-RemoteDesktopServices-RdpCoreTS/Operational", "Provider_Name": "Microsoft-Windows-RemoteDesktopServices-RdpCoreTS", "Computer": "DESKTOP-OFJ6N53", "TimeCreated": "2025-08-25 15:56:45.725777+00:00", "RecordID": "182611", "Level": "4", "UserID": "S-1-5-20", "EventData.ChannelName": "rdpgrfx", "EventData.TunnelID": "0"}
{"EventID": "148", "Channel": "Microsoft-Windows-RemoteDesktopServices-RdpCoreTS/Operational", "Provider_Name": "Microsoft-Windows-RemoteDesktopServices-RdpCoreTS", "Computer": "DESKTOP-OFJ6N53", "TimeCreated": "2025-08-25 15:56:45.725779+00:00", "RecordID": "182612", "Level": "4", "UserID": "S-1-5-20", "EventData.ChannelName": "railenc", "EventData.TunnelID": "0"}
{"EventID": "148", "Channel": "Microsoft-Windows-RemoteDesktopServices-RdpCoreTS/Operational", "Provider_Name": "Microsoft-Windows-RemoteDesktopServices-RdpCoreTS", "Computer": "DESKTOP-OFJ6N53", "TimeCreated": "2025-08-25 15:56:45.725788+00:00", "RecordID": "182613", "Level": "4", "UserID": "S-1-5-20", "EventData.ChannelName": "Microsoft::Windows::RDS::Telemetry", "EventData.TunnelID": "0"}
{"EventID": "148", "Channel": "Microsoft-Windows-RemoteDesktopServices-RdpCoreTS/Operational", "Provider_Name": "Microsoft-Windows-RemoteDesktopServices-RdpCoreTS", "Computer": "DESKTOP-OFJ6N53", "TimeCreated": "2025-08-25 15:56:45.725790+00:00", "RecordID": "182614", "Level": "4", "UserID": "S-1-5-20", "EventData.ChannelName": "Microsoft::Windows::RDS::Frame_Buffer::Control::v08.01", "EventData.TunnelID": "0"}
{"EventID": "148", "Channel": "Microsoft-Windows-RemoteDesktopServices-RdpCoreTS/Operational", "Provider_Name": "Microsoft-Windows-RemoteDesktopServices-RdpCoreTS", "Computer": "DESKTOP-OFJ6N53", "TimeCreated": "2025-08-25 15:56:45.725800+00:00", "RecordID": "182615", "Level": "4", "UserID": "S-1-5-20", "EventData.ChannelName": "Microsoft::Windows::RDS::Graphics", "EventData.TunnelID": "0"}
{"EventID": "148", "Channel": "Microsoft-Windows-RemoteDesktopServices-RdpCoreTS/Operational", "Provider_Name": "Microsoft-Windows-RemoteDesktopServices-RdpCoreTS", "Computer": "DESKTOP-OFJ6N53", "TimeCreated": "2025-08-25 15:56:45.725801+00:00", "RecordID": "182616", "Level": "4", "UserID": "S-1-5-20", "EventData.ChannelName": "ECHO", "EventData.TunnelID": "0"}
{"EventID": "228", "Channel": "Microsoft-Windows-RemoteDesktopServices-RdpCoreTS/Operational", "Provider_Name": "Microsoft-Windows-RemoteDesktopServices-RdpCoreTS", "Computer": "DESKTOP-OFJ6N53", "TimeCreated": "2025-08-25 15:56:45.725979+00:00", "RecordID": "182617", "Level": "3", "UserID": "S-1-5-20", "EventData.ComponentName": "CUMRDPConnection", "EventData.Message": "Disconnect trace:'calling spGfxPlugin->PreDisconnect()' in CUMRDPConnection::PreDisconnect at 5076 err=[0x0]", "EventData.ErrorCode": "0"}
{"EventID": "72", "Channel": "Microsoft-Windows-RemoteDesktopServices-RdpCoreTS/Operational", "Provider_Name": "Microsoft-Windows-RemoteDesktopServices-RdpCoreTS", "Computer": "DESKTOP-OFJ6N53", "TimeCreated": "2025-08-25 15:56:45.725983+00:00", "RecordID": "182618", "Level": "4", "UserID": "S-1-5-20", "EventData.MethodName": "PreDisconnect(0)"}
{"EventID": "72", "Channel": "Microsoft-Windows-RemoteDesktopServices-RdpCoreTS/Operational", "Provider_Name": "Microsoft-Windows-RemoteDesktopServices-RdpCoreTS", "Computer": "DESKTOP-OFJ6N53", "TimeCreated": "2025-08-25 15:56:45.725992+00:00", "RecordID": "182619", "Level": "4", "UserID": "S-1-5-20", "EventData.MethodName": "SetErrorInfo(0x0)"}
{"EventID": "148", "Channel": "Microsoft-Windows-RemoteDesktopServices-RdpCoreTS/Operational", "Provider_Name": "Microsoft-Windows-RemoteDesktopServices-RdpCoreTS", "Computer": "DESKTOP-OFJ6N53", "TimeCreated": "2025-08-25 15:56:45.726294+00:00", "RecordID": "182620", "Level": "4", "UserID": "S-1-5-20", "EventData.ChannelName": "Microsoft::Windows::RDS::DisplayControl", "EventData.TunnelID": "0"}
{"EventID": "148", "Channel": "Microsoft-Windows-RemoteDesktopServices-RdpCoreTS/Operational", "Provider_Name": "Microsoft-Windows-RemoteDesktopServices-RdpCoreTS", "Computer": "DESKTOP-OFJ6N53", "TimeCreated": "2025-08-25 15:56:45.726665+00:00", "RecordID": "182621", "Level": "4", "UserID": "S-1-5-20", "EventData.ChannelName": "Microsoft::Windows::RDS::Geometry::v08.01", "EventData.TunnelID": "0"}
{"EventID": "148", "Channel": "Microsoft-Windows-RemoteDesktopServices-RdpCoreTS/Operational", "Provider_Name": "Microsoft-Windows-RemoteDesktopServices-RdpCoreTS", "Computer": "DESKTOP-OFJ6N53", "TimeCreated": "2025-08-25 15:56:45.727158+00:00", "RecordID": "182622", "Level": "4", "UserID": "S-1-5-20", "EventData.ChannelName": "rdpdr", "EventData.TunnelID": "0"}
{"EventID": "148", "Channel": "Microsoft-Windows-RemoteDesktopServices-RdpCoreTS/Operational", "Provider_Name": "Microsoft-Windows-RemoteDesktopServices-RdpCoreTS", "Computer": "DESKTOP-OFJ6N53", "TimeCreated": "2025-08-25 15:56:45.727482+00:00", "RecordID": "182623", "Level": "4", "UserID": "S-1-5-20", "EventData.ChannelName": "rdpsnd", "EventData.TunnelID": "0"}
{"EventID": "148", "Channel": "Microsoft-Windows-RemoteDesktopServices-RdpCoreTS/Operational", "Provider_Name": "Microsoft-Windows-RemoteDesktopServices-RdpCoreTS", "Computer": "DESKTOP-OFJ6N53", "TimeCreated": "2025-08-25 15:56:45.727999+00:00", "RecordID": "182624", "Level": "4", "UserID": "S-1-5-20", "EventData.ChannelName": "cliprdr", "EventData.TunnelID": "0"}
{"EventID": "72", "Channel": "Microsoft-Windows-RemoteDesktopServices-RdpCoreTS/Operational", "Provider_Name": "Microsoft-Windows-RemoteDesktopServices-RdpCoreTS", "Computer": "DESKTOP-OFJ6N53", "TimeCreated": "2025-08-25 15:56:46.019993+00:00", "RecordID": "182625", "Level": "4", "UserID": "S-1-5-20", "EventData.MethodName": "DisconnectNotify"}
{"EventID": "72", "Channel": "Microsoft-Windows-RemoteDesktopServices-RdpCoreTS/Operational", "Provider_Name": "Microsoft-Windows-RemoteDesktopServices-RdpCoreTS", "Computer": "DESKTOP-OFJ6N53", "TimeCreated": "2025-08-25 15:56:46.019999+00:00", "RecordID": "182626", "Level": "4", "UserID": "S-1-5-20", "EventData.MethodName": "GetServerAutoReconnectInfo"}
{"EventID": "72", "Channel": "Microsoft-Windows-RemoteDesktopServices-RdpCoreTS/Operational", "Provider_Name": "Microsoft-Windows-RemoteDesktopServices-RdpCoreTS", "Computer": "DESKTOP-OFJ6N53", "TimeCreated": "2025-08-25 15:56:46.020548+00:00", "RecordID": "182627", "Level": "4", "UserID": "S-1-5-20", "EventData.MethodName": "GetServerAutoReconnectInfo"}
{"EventID": "103", "Channel": "Microsoft-Windows-RemoteDesktopServices-RdpCoreTS/Operational", "Provider_Name": "Microsoft-Windows-RemoteDesktopServices-RdpCoreTS", "Computer": "DESKTOP-OFJ6N53", "TimeCreated": "2025-08-25 15:56:46.020554+00:00", "RecordID": "182628", "Level": "4", "UserID": "S-1-5-20", "EventData.ReasonCode": "13"}
{"EventID": "131", "Channel": "Microsoft-Windows-RemoteDesktopServices-RdpCoreTS/Operational", "Provider_Name": "Microsoft-Windows-RemoteDesktopServices-RdpCoreTS", "Computer": "DESKTOP-OFJ6N53", "TimeCreated": "2025-08-25 15:57:37.186684+00:00", "RecordID": "182629", "Level": "4", "UserID": "S-1-5-20", "EventData.ConnType": "TCP", "EventData.ClientIP": "10.31.228.152:58485"}
{"EventID": "65", "Channel": "Microsoft-Windows-RemoteDesktopServices-RdpCoreTS/Operational", "Provider_Name": "Microsoft-Windows-RemoteDesktopServices-RdpCoreTS", "Computer": "DESKTOP-OFJ6N53", "TimeCreated": "2025-08-25 15:57:37.189863+00:00", "RecordID": "182630", "Level": "4", "UserID": "S-1-5-20", "EventData.ConnectionName": "RDP-Tcp#7"}
{"EventID": "72", "Channel": "Microsoft-Windows-RemoteDesktopServices-RdpCoreTS/Operational", "Provider_Name": "Microsoft-Windows-RemoteDesktopServices-RdpCoreTS", "Computer": "DESKTOP-OFJ6N53", "TimeCreated": "2025-08-25 15:57:37.191771+00:00", "RecordID": "182631", "Level": "4", "UserID": "S-1-5-20", "EventData.MethodName": "PrepareForAccept"}
{"EventID": "72", "Channel": "Microsoft-Windows-RemoteDesktopServices-RdpCoreTS/Operational", "Provider_Name": "Microsoft-Windows-RemoteDesktopServices-RdpCoreTS", "Computer": "DESKTOP-OFJ6N53", "TimeCreated": "2025-08-25 15:57:37.191780+00:00", "RecordID": "182632", "Level": "4", "UserID": "S-1-5-20", "EventData.MethodName": "SendPolicyData"}
{"EventID": "141", "Channel": "Microsoft-Windows-RemoteDesktopServices-RdpCoreTS/Operational", "Provider_Name": "Microsoft-Windows-RemoteDesktopServices-RdpCoreTS", "Computer": "DESKTOP-OFJ6N53", "TimeCreated": "2025-08-25 15:57:37.192730+00:00", "RecordID": "182633", "Level": "4", "UserID": "S-1-5-20", "EventData.InstanceID": "7"}
{"EventID": "101", "Channel": "Microsoft-Windows-RemoteDesktopServices-RdpCoreTS/Operational", "Provider_Name": "Microsoft-Windows-RemoteDesktopServices-RdpCoreTS", "Computer": "DESKTOP-OFJ6N53", "TimeCreated": "2025-08-25 15:57:39.792162+00:00", "RecordID": "182634", "Level": "3", "UserID": "S-1-5-20", "EventData.ReasonString": "Reason Code: 2(Server Configuration)."}
{"EventID": "132", "Channel": "Microsoft-Windows-RemoteDesktopServices-RdpCoreTS/Operational", "Provider_Name": "Microsoft-Windows-RemoteDesktopServices-RdpCoreTS", "Computer": "DESKTOP-OFJ6N53", "TimeCreated": "2025-08-25 15:57:39.792173+00:00", "RecordID": "182635", "Level": "4", "UserID": "S-1-5-20", "EventData.ChannelName": "rdplic", "EventData.TunnelID": "0"}
{"EventID": "132", "Channel": "Microsoft-Windows-RemoteDesktopServices-RdpCoreTS/Operational", "Provider_Name": "Microsoft-Windows-RemoteDesktopServices-RdpCoreTS", "Computer": "DESKTOP-OFJ6N53", "TimeCreated": "2025-08-25 15:57:39.792175+00:00", "RecordID": "182636", "Level": "4", "UserID": "S-1-5-20", "EventData.ChannelName": "rdpcmd", "EventData.TunnelID": "0"}
{"EventID": "72", "Channel": "Microsoft-Windows-RemoteDesktopServices-RdpCoreTS/Operational", "Provider_Name": "Microsoft-Windows-RemoteDesktopServices-RdpCoreTS", "Computer": "DESKTOP-OFJ6N53", "TimeCreated": "2025-08-25 15:57:39.792185+00:00", "RecordID": "182637", "Level": "4", "UserID": "S-1-5-20", "EventData.MethodName": "OnStartLicensing"}
{"EventID": "72", "Channel": "Microsoft-Windows-RemoteDesktopServices-RdpCoreTS/Operational", "Provider_Name": "Microsoft-Windows-RemoteDesktopServices-RdpCoreTS", "Computer": "DESKTOP-OFJ6N53", "TimeCreated": "2025-08-25 15:57:39.792219+00:00", "RecordID": "182638", "Level": "4", "UserID": "S-1-5-20", "EventData.MethodName": "AcceptConnection"}
{"EventID": "104", "Channel": "Microsoft-Windows-RemoteDesktopServices-RdpCoreTS/Operational", "Provider_Name": "Microsoft-Windows-RemoteDesktopServices-RdpCoreTS", "Computer": "DESKTOP-OFJ6N53", "TimeCreated": "2025-08-25 15:57:39.792368+00:00", "RecordID": "182639", "Level": "4", "UserID": "S-1-5-20", "EventData.TimezoneBiasHour": "[3]"}
{"EventID": "71", "Channel": "Microsoft-Windows-RemoteDesktopServices-RdpCoreTS/Operational", "Provider_Name": "Microsoft-Windows-RemoteDesktopServices-RdpCoreTS", "Computer": "DESKTOP-OFJ6N53", "TimeCreated": "2025-08-25 15:57:39.792370+00:00", "RecordID": "182640", "Level": "4", "UserID": "S-1-5-20", "EventData.ConnectionName": "RDP-Tcp#7", "EventData.DisplayDriverName": "RDPUDD"}
