{"EventID": "6065", "Channel": "Microsoft-Windows-SettingSync/Debug", "Provider_Name": "Microsoft-Windows-SettingSync", "Computer": "DESKTOP-OFJ6N53", "TimeCreated": "2025-05-06 08:40:34.053272+00:00", "RecordID": "5548", "Level": "2", "UserID": "S-1-5-21-963789628-1060504924-4285088085-1001", "EventData.Message": "onecoreuap\\shell\\roaming\\settingsynccore\\settingsyncreporting\\settingsyncreporting.cpp(146)\\SettingSyncCore.dll!00007FFA93126484: (caller: 00007FFA93126046) ReturnHr(1) tid(15c8) 800708CA Сетевое подключение не существует."}
{"EventID": "6065", "Channel": "Microsoft-Windows-SettingSync/Debug", "Provider_Name": "Microsoft-Windows-SettingSync", "Computer": "DESKTOP-OFJ6N53", "TimeCreated": "2025-05-06 08:40:34.053301+00:00", "RecordID": "5549", "Level": "2", "UserID": "S-1-5-21-963789628-1060504924-4285088085-1001", "EventData.Message": "onecoreuap\\shell\\roaming\\settingsynccore\\settingsyncreporting\\settingsyncreporting.cpp(55)\\SettingSyncCore.dll!00007FFA93126063: (caller: 00007FFA93126536) ReturnHr(2) tid(15c8) 800708CA Сетевое подключение не существует."}
{"EventID": "6065", "Channel": "Microsoft-Windows-SettingSync/Debug", "Provider_Name": "Microsoft-Windows-SettingSync", "Computer": "DESKTOP-OFJ6N53", "TimeCreated": "2025-05-06 08:40:34.053308+00:00", "RecordID": "5550", "Level": "2", "UserID": "S-1-5-21-963789628-1060504924-4285088085-1001", "EventData.Message": "onecoreuap\\shell\\roaming\\settingsynccore\\settingsyncreporting\\settingsyncreporting.cpp(29)\\SettingSyncCore.dll!00007FFA931265B7: (caller: 00007FFA9A0B8902) ReturnHr(3) tid(15c8) 800708CA Сетевое подключение не существует."}
{"EventID": "6524", "Channel": "Microsoft-Windows-SettingSync/Debug", "Provider_Name": "Microsoft-Windows-SettingSync", "Computer": "DESKTOP-OFJ6N53", "TimeCreated": "2025-05-06 08:40:34.066437+00:00", "RecordID": "5551", "Level": "4", "UserID": "S-1-5-21-963789628-1060504924-4285088085-1001"}
{"EventID": "6065", "Channel": "Microsoft-Windows-SettingSync/Debug", "Provider_Name": "Microsoft-Windows-SettingSync", "Computer": "DESKTOP-OFJ6N53", "TimeCreated": "2025-05-07 08:40:34.151258+00:00", "RecordID": "5552", "Level": "2", "UserID": "S-1-5-21-963789628-1060504924-4285088085-1001", "EventData.Message": "onecoreuap\\shell\\roaming\\settingsynccore\\settingsyncreporting\\settingsyncreporting.cpp(146)\\SettingSyncCore.dll!00007FFA93126484: (caller: 00007FFA93126046) ReturnHr(1) tid(35e8) 800708CA Сетевое подключение не существует."}
{"EventID": "6065", "Channel": "Microsoft-Windows-SettingSync/Debug", "Provider_Name": "Microsoft-Windows-SettingSync", "Computer": "DESKTOP-OFJ6N53", "TimeCreated": "2025-05-07 08:40:34.151283+00:00", "RecordID": "5553", "Level": "2", "UserID": "S-1-5-21-963789628-1060504924-4285088085-1001", "EventData.Message": "onecoreuap\\shell\\roaming\\settingsynccore\\settingsyncreporting\\settingsyncreporting.cpp(55)\\SettingSyncCore.dll!00007FFA93126063: (caller: 00007FFA93126536) ReturnHr(2) tid(35e8) 800708CA Сетевое подключение не существует."}
{"EventID": "6065", "Channel": "Microsoft-Windows-SettingSync/Debug", "Provider_Name": "Microsoft-Windows-SettingSync", "Computer": "DESKTOP-OFJ6N53", "TimeCreated": "2025-05-07 08:40:34.151295+00:00", "RecordID": "5554", "Level": "2", "UserID": "S-1-5-21-963789628-1060504924-4285088085-1001", "EventData.Message": "onecoreuap\\shell\\roaming\\settingsynccore\\settingsyncreporting\\settingsyncreporting.cpp(29)\\SettingSyncCore.dll!00007FFA931265B7: (caller: 00007FFA9A0B8902) ReturnHr(3) tid(35e8) 800708CA Сетевое подключение не существует."}
{"EventID": "6524", "Channel": "Microsoft-Windows-SettingSync/Debug", "Provider_Name": "Microsoft-Windows-SettingSync", "Computer": "DESKTOP-OFJ6N53", "TimeCreated": "2025-05-07 08:40:34.153414+00:00", "RecordID": "5555", "Level": "4", "UserID": "S-1-5-21-963789628-1060504924-4285088085-1001"}
{"EventID": "6065", "Channel": "Microsoft-Windows-SettingSync/Debug", "Provider_Name": "Microsoft-Windows-SettingSync", "Computer": "DESKTOP-OFJ6N53", "TimeCreated": "2025-05-08 08:40:34.295322+00:00", "RecordID": "5556", "Level": "2", "UserID": "S-1-5-21-963789628-1060504924-4285088085-1001", "EventData.Message": "onecoreuap\\shell\\roaming\\settingsynccore\\settingsyncreporting\\settingsyncreporting.cpp(146)\\SettingSyncCore.dll!00007FFA93126484: (caller: 00007FFA93126046) ReturnHr(1) tid(b20) 800708CA Сетевое подключение не существует."}
{"EventID": "6065", "Channel": "Microsoft-Windows-SettingSync/Debug", "Provider_Name": "Microsoft-Windows-SettingSync", "Computer": "DESKTOP-OFJ6N53", "TimeCreated": "2025-05-08 08:40:34.295347+00:00", "RecordID": "5557", "Level": "2", "UserID": "S-1-5-21-963789628-1060504924-4285088085-1001", "EventData.Message": "onecoreuap\\shell\\roaming\\settingsynccore\\settingsyncreporting\\settingsyncreporting.cpp(55)\\SettingSyncCore.dll!00007FFA93126063: (caller: 00007FFA93126536) ReturnHr(2) tid(b20) 800708CA Сетевое подключение не существует."}
{"EventID": "6065", "Channel": "Microsoft-Windows-SettingSync/Debug", "Provider_Name": "Microsoft-Windows-SettingSync", "Computer": "DESKTOP-OFJ6N53", "TimeCreated": "2025-05-08 08:40:34.295357+00:00", "RecordID": "5558", "Level": "2", "UserID": "S-1-5-21-963789628-1060504924-4285088085-1001", "EventData.Message": "onecoreuap\\shell\\roaming\\settingsynccore\\settingsyncreporting\\settingsyncreporting.cpp(29)\\SettingSyncCore.dll!00007FFA931265B7: (caller: 00007FFA9A0B8902) ReturnHr(3) tid(b20) 800708CA Сетевое подключение не существует."}
{"EventID": "6524", "Channel": "Microsoft-Windows-SettingSync/Debug", "Provider_Name": "Microsoft-Windows-SettingSync", "Computer": "DESKTOP-OFJ6N53", "TimeCreated": "2025-05-08 08:40:34.305782+00:00", "RecordID": "5559", "Level": "4", "UserID": "S-1-5-21-963789628-1060504924-4285088085-1001"}
{"EventID": "6065", "Channel": "Microsoft-Windows-SettingSync/Debug", "Provider_Name": "Microsoft-Windows-SettingSync", "Computer": "DESKTOP-OFJ6N53", "TimeCreated": "2025-05-09 08:40:38.311354+00:00", "RecordID": "5560", "Level": "2", "UserID": "S-1-5-21-963789628-1060504924-4285088085-1001", "EventData.Message": "onecoreuap\\shell\\roaming\\settingsynccore\\settingsyncreporting\\settingsyncreporting.cpp(146)\\SettingSyncCore.dll!00007FFA93126484: (caller: 00007FFA93126046) ReturnHr(1) tid(f30) 800708CA Сетевое подключение не существует."}
{"EventID": "6065", "Channel": "Microsoft-Windows-SettingSync/Debug", "Provider_Name": "Microsoft-Windows-SettingSync", "Computer": "DESKTOP-OFJ6N53", "TimeCreated": "2025-05-09 08:40:38.311377+00:00", "RecordID": "5561", "Level": "2", "UserID": "S-1-5-21-963789628-1060504924-4285088085-1001", "EventData.Message": "onecoreuap\\shell\\roaming\\settingsynccore\\settingsyncreporting\\settingsyncreporting.cpp(55)\\SettingSyncCore.dll!00007FFA93126063: (caller: 00007FFA93126536) ReturnHr(2) tid(f30) 800708CA Сетевое подключение не существует."}
{"EventID": "6065", "Channel": "Microsoft-Windows-SettingSync/Debug", "Provider_Name": "Microsoft-Windows-SettingSync", "Computer": "DESKTOP-OFJ6N53", "TimeCreated": "2025-05-09 08:40:38.311386+00:00", "RecordID": "5562", "Level": "2", "UserID": "S-1-5-21-963789628-1060504924-4285088085-1001", "EventData.Message": "onecoreuap\\shell\\roaming\\settingsynccore\\settingsyncreporting\\settingsyncreporting.cpp(29)\\SettingSyncCore.dll!00007FFA931265B7: (caller: 00007FFA9A0B8902) ReturnHr(3) tid(f30) 800708CA Сетевое подключение не существует."}
{"EventID": "6524", "Channel": "Microsoft-Windows-SettingSync/Debug", "Provider_Name": "Microsoft-Windows-SettingSync", "Computer": "DESKTOP-OFJ6N53", "TimeCreated": "2025-05-09 08:40:38.371920+00:00", "RecordID": "5563", "Level": "4", "UserID": "S-1-5-21-963789628-1060504924-4285088085-1001"}
{"EventID": "6065", "Channel": "Microsoft-Windows-SettingSync/Debug", "Provider_Name": "Microsoft-Windows-SettingSync", "Computer": "DESKTOP-OFJ6N53", "TimeCreated": "2025-05-10 08:40:34.272322+00:00", "RecordID": "5564", "Level": "2", "UserID": "S-1-5-21-963789628-1060504924-4285088085-1001", "EventData.Message": "onecoreuap\\shell\\roaming\\settingsynccore\\settingsyncreporting\\settingsyncreporting.cpp(146)\\SettingSyncCore.dll!00007FFA93126484: (caller: 00007FFA93126046) ReturnHr(1) tid(3250) 800708CA Сетевое подключение не существует."}
{"EventID": "6065", "Channel": "Microsoft-Windows-SettingSync/Debug", "Provider_Name": "Microsoft-Windows-SettingSync", "Computer": "DESKTOP-OFJ6N53", "TimeCreated": "2025-05-10 08:40:34.272341+00:00", "RecordID": "5565", "Level": "2", "UserID": "S-1-5-21-963789628-1060504924-4285088085-1001", "EventData.Message": "onecoreuap\\shell\\roaming\\settingsynccore\\settingsyncreporting\\settingsyncreporting.cpp(55)\\SettingSyncCore.dll!00007FFA93126063: (caller: 00007FFA93126536) ReturnHr(2) tid(3250) 800708CA Сетевое подключение не существует."}
{"EventID": "6065", "Channel": "Microsoft-Windows-SettingSync/Debug", "Provider_Name": "Microsoft-Windows-SettingSync", "Computer": "DESKTOP-OFJ6N53", "TimeCreated": "2025-05-10 08:40:34.272350+00:00", "RecordID": "5566", "Level": "2", "UserID": "S-1-5-21-963789628-1060504924-4285088085-1001", "EventData.Message": "onecoreuap\\shell\\roaming\\settingsynccore\\settingsyncreporting\\settingsyncreporting.cpp(29)\\SettingSyncCore.dll!00007FFA931265B7: (caller: 00007FFA9A0B8902) ReturnHr(3) tid(3250) 800708CA Сетевое подключение не существует."}
{"EventID": "6524", "Channel": "Microsoft-Windows-SettingSync/Debug", "Provider_Name": "Microsoft-Windows-SettingSync", "Computer": "DESKTOP-OFJ6N53", "TimeCreated": "2025-05-10 08:40:34.294102+00:00", "RecordID": "5567", "Level": "4", "UserID": "S-1-5-21-963789628-1060504924-4285088085-1001"}
{"EventID": "6065", "Channel": "Microsoft-Windows-SettingSync/Debug", "Provider_Name": "Microsoft-Windows-SettingSync", "Computer": "DESKTOP-OFJ6N53", "TimeCreated": "2025-05-11 08:40:34.004656+00:00", "RecordID": "5568", "Level": "2", "UserID": "S-1-5-21-963789628-1060504924-4285088085-1001", "EventData.Message": "onecoreuap\\shell\\roaming\\settingsynccore\\settingsyncreporting\\settingsyncreporting.cpp(146)\\SettingSyncCore.dll!00007FFA93126484: (caller: 00007FFA93126046) ReturnHr(1) tid(35dc) 800708CA Сетевое подключение не существует."}
{"EventID": "6065", "Channel": "Microsoft-Windows-SettingSync/Debug", "Provider_Name": "Microsoft-Windows-SettingSync", "Computer": "DESKTOP-OFJ6N53", "TimeCreated": "2025-05-11 08:40:34.004671+00:00", "RecordID": "5569", "Level": "2", "UserID": "S-1-5-21-963789628-1060504924-4285088085-1001", "EventData.Message": "onecoreuap\\shell\\roaming\\settingsynccore\\settingsyncreporting\\settingsyncreporting.cpp(55)\\SettingSyncCore.dll!00007FFA93126063: (caller: 00007FFA93126536) ReturnHr(2) tid(35dc) 800708CA Сетевое подключение не существует."}
{"EventID": "6065", "Channel": "Microsoft-Windows-SettingSync/Debug", "Provider_Name": "Microsoft-Windows-SettingSync", "Computer": "DESKTOP-OFJ6N53", "TimeCreated": "2025-05-11 08:40:34.004679+00:00", "RecordID": "5570", "Level": "2", "UserID": "S-1-5-21-963789628-1060504924-4285088085-1001", "EventData.Message": "onecoreuap\\shell\\roaming\\settingsynccore\\settingsyncreporting\\settingsyncreporting.cpp(29)\\SettingSyncCore.dll!00007FFA931265B7: (caller: 00007FFA9A0B8902) ReturnHr(3) tid(35dc) 800708CA Сетевое подключение не существует."}
{"EventID": "6524", "Channel": "Microsoft-Windows-SettingSync/Debug", "Provider_Name": "Microsoft-Windows-SettingSync", "Computer": "DESKTOP-OFJ6N53", "TimeCreated": "2025-05-11 08:40:34.088404+00:00", "RecordID": "5571", "Level": "4", "UserID": "S-1-5-21-963789628-1060504924-4285088085-1001"}
{"EventID": "6065", "Channel": "Microsoft-Windows-SettingSync/Debug", "Provider_Name": "Microsoft-Windows-SettingSync", "Computer": "DESKTOP-OFJ6N53", "TimeCreated": "2025-05-12 08:40:35.349085+00:00", "RecordID": "5572", "Level": "2", "UserID": "S-1-5-21-963789628-1060504924-4285088085-1001", "EventData.Message": "onecoreuap\\shell\\roaming\\settingsynccore\\settingsyncreporting\\settingsyncreporting.cpp(146)\\SettingSyncCore.dll!00007FFA93126484: (caller: 00007FFA93126046) ReturnHr(1) tid(3eec) 800708CA Сетевое подключение не существует."}
{"EventID": "6065", "Channel": "Microsoft-Windows-SettingSync/Debug", "Provider_Name": "Microsoft-Windows-SettingSync", "Computer": "DESKTOP-OFJ6N53", "TimeCreated": "2025-05-12 08:40:35.349096+00:00", "RecordID": "5573", "Level": "2", "UserID": "S-1-5-21-963789628-1060504924-4285088085-1001", "EventData.Message": "onecoreuap\\shell\\roaming\\settingsynccore\\settingsyncreporting\\settingsyncreporting.cpp(55)\\SettingSyncCore.dll!00007FFA93126063: (caller: 00007FFA93126536) ReturnHr(2) tid(3eec) 800708CA Сетевое подключение не существует."}
{"EventID": "6065", "Channel": "Microsoft-Windows-SettingSync/Debug", "Provider_Name": "Microsoft-Windows-SettingSync", "Computer": "DESKTOP-OFJ6N53", "TimeCreated": "2025-05-12 08:40:35.349106+00:00", "RecordID": "5574", "Level": "2", "UserID": "S-1-5-21-963789628-1060504924-4285088085-1001", "EventData.Message": "onecoreuap\\shell\\roaming\\settingsynccore\\settingsyncreporting\\settingsyncreporting.cpp(29)\\SettingSyncCore.dll!00007FFA931265B7: (caller: 00007FFA9A0B8902) ReturnHr(3) tid(3eec) 800708CA Сетевое подключение не существует."}
{"EventID": "6524", "Channel": "Microsoft-Windows-SettingSync/Debug", "Provider_Name": "Microsoft-Windows-SettingSync", "Computer": "DESKTOP-OFJ6N53", "TimeCreated": "2025-05-12 08:40:35.402100+00:00", "RecordID": "5575", "Level": "4", "UserID": "S-1-5-21-963789628-1060504924-4285088085-1001"}
{"EventID": "6065", "Channel": "Microsoft-Windows-SettingSync/Debug", "Provider_Name": "Microsoft-Windows-SettingSync", "Computer": "DESKTOP-OFJ6N53", "TimeCreated": "2025-05-13 08:40:33.988413+00:00", "RecordID": "5576", "Level": "2", "UserID": "S-1-5-21-963789628-1060504924-4285088085-1001", "EventData.Message": "onecoreuap\\shell\\roaming\\settingsynccore\\settingsyncreporting\\settingsyncreporting.cpp(146)\\SettingSyncCore.dll!00007FFA93126484: (caller: 00007FFA93126046) ReturnHr(1) tid(2368) 800708CA Сетевое подключение не существует."}
{"EventID": "6065", "Channel": "Microsoft-Windows-SettingSync/Debug", "Provider_Name": "Microsoft-Windows-SettingSync", "Computer": "DESKTOP-OFJ6N53", "TimeCreated": "2025-05-13 08:40:33.988430+00:00", "RecordID": "5577", "Level": "2", "UserID": "S-1-5-21-963789628-1060504924-4285088085-1001", "EventData.Message": "onecoreuap\\shell\\roaming\\settingsynccore\\settingsyncreporting\\settingsyncreporting.cpp(55)\\SettingSyncCore.dll!00007FFA93126063: (caller: 00007FFA93126536) ReturnHr(2) tid(2368) 800708CA Сетевое подключение не существует."}
{"EventID": "6065", "Channel": "Microsoft-Windows-SettingSync/Debug", "Provider_Name": "Microsoft-Windows-SettingSync", "Computer": "DESKTOP-OFJ6N53", "TimeCreated": "2025-05-13 08:40:33.988440+00:00", "RecordID": "5578", "Level": "2", "UserID": "S-1-5-21-963789628-1060504924-4285088085-1001", "EventData.Message": "onecoreuap\\shell\\roaming\\settingsynccore\\settingsyncreporting\\settingsyncreporting.cpp(29)\\SettingSyncCore.dll!00007FFA931265B7: (caller: 00007FFA9A0B8902) ReturnHr(3) tid(2368) 800708CA Сетевое подключение не существует."}
{"EventID": "6524", "Channel": "Microsoft-Windows-SettingSync/Debug", "Provider_Name": "Microsoft-Windows-SettingSync", "Computer": "DESKTOP-OFJ6N53", "TimeCreated": "2025-05-13 08:40:34.006529+00:00", "RecordID": "5579", "Level": "4", "UserID": "S-1-5-21-963789628-1060504924-4285088085-1001"}
{"EventID": "6065", "Channel": "Microsoft-Windows-SettingSync/Debug", "Provider_Name": "Microsoft-Windows-SettingSync", "Computer": "DESKTOP-OFJ6N53", "TimeCreated": "2025-05-14 08:40:33.007507+00:00", "RecordID": "5580", "Level": "2", "UserID": "S-1-5-21-963789628-1060504924-4285088085-1001", "EventData.Message": "onecoreuap\\shell\\roaming\\settingsynccore\\settingsyncreporting\\settingsyncreporting.cpp(146)\\SettingSyncCore.dll!00007FFA93126484: (caller: 00007FFA93126046) ReturnHr(1) tid(d50) 800708CA Сетевое подключение не существует."}
{"EventID": "6065", "Channel": "Microsoft-Windows-SettingSync/Debug", "Provider_Name": "Microsoft-Windows-SettingSync", "Computer": "DESKTOP-OFJ6N53", "TimeCreated": "2025-05-14 08:40:33.007523+00:00", "RecordID": "5581", "Level": "2", "UserID": "S-1-5-21-963789628-1060504924-4285088085-1001", "EventData.Message": "onecoreuap\\shell\\roaming\\settingsynccore\\settingsyncreporting\\settingsyncreporting.cpp(55)\\SettingSyncCore.dll!00007FFA93126063: (caller: 00007FFA93126536) ReturnHr(2) tid(d50) 800708CA Сетевое подключение не существует."}
{"EventID": "6065", "Channel": "Microsoft-Windows-SettingSync/Debug", "Provider_Name": "Microsoft-Windows-SettingSync", "Computer": "DESKTOP-OFJ6N53", "TimeCreated": "2025-05-14 08:40:33.007532+00:00", "RecordID": "5582", "Level": "2", "UserID": "S-1-5-21-963789628-1060504924-4285088085-1001", "EventData.Message": "onecoreuap\\shell\\roaming\\settingsynccore\\settingsyncreporting\\settingsyncreporting.cpp(29)\\SettingSyncCore.dll!00007FFA931265B7: (caller: 00007FFA9A0B8902) ReturnHr(3) tid(d50) 800708CA Сетевое подключение не существует."}
{"EventID": "6524", "Channel": "Microsoft-Windows-SettingSync/Debug", "Provider_Name": "Microsoft-Windows-SettingSync", "Computer": "DESKTOP-OFJ6N53", "TimeCreated": "2025-05-14 08:40:33.331562+00:00", "RecordID": "5583", "Level": "4", "UserID": "S-1-5-21-963789628-1060504924-4285088085-1001"}
{"EventID": "6509", "Channel": "Microsoft-Windows-SettingSync/Debug", "Provider_Name": "Microsoft-Windows-SettingSync-Desktop", "Computer": "DESKTOP-OFJ6N53", "TimeCreated": "2025-05-21 14:11:26.486696+00:00", "RecordID": "5584", "Level": "2", "UserID": "S-1-5-21-963789628-1060504924-4285088085-1001", "EventData.Message": "shell\\roaming\\settingsync\\settingprofilehandler.cpp(89)\\SettingSync.dll!00007FF8C74BAF9E: (caller: 00007FF8C74A9CD5) LogHr(1) tid(19a0) 80070002 Не удается найти указанный файл."}
{"EventID": "6509", "Channel": "Microsoft-Windows-SettingSync/Debug", "Provider_Name": "Microsoft-Windows-SettingSync-Desktop", "Computer": "DESKTOP-OFJ6N53", "TimeCreated": "2025-05-21 14:11:26.488226+00:00", "RecordID": "5585", "Level": "2", "UserID": "S-1-5-21-963789628-1060504924-4285088085-1001", "EventData.Message": "shell\\roaming\\settingsync\\settingprofilehandler.cpp(24)\\SettingSync.dll!00007FF8C74A9CF1: (caller: 00007FF8D896C05A) LogHr(2) tid(19a0) 800704EC Эта программа заблокирована групповой политикой. За дополнительными сведениями обращайтесь к системному администратору."}
{"EventID": "6509", "Channel": "Microsoft-Windows-SettingSync/Debug", "Provider_Name": "Microsoft-Windows-SettingSync-Desktop", "Computer": "DESKTOP-OFJ6N53", "TimeCreated": "2025-05-21 14:13:02.030481+00:00", "RecordID": "5586", "Level": "2", "UserID": "S-1-5-21-963789628-1060504924-4285088085-1001", "EventData.Message": "shell\\roaming\\settingsync\\explorersettinghandler.cpp(270)\\SettingSync.dll!00007FF8C74A9BC9: (caller: 00007FF8C74A98AC) ReturnHr(1) tid(be0) 80070002 Не удается найти указанный файл."}
{"EventID": "6509", "Channel": "Microsoft-Windows-SettingSync/Debug", "Provider_Name": "Microsoft-Windows-SettingSync-Desktop", "Computer": "DESKTOP-OFJ6N53", "TimeCreated": "2025-05-21 14:13:02.030491+00:00", "RecordID": "5587", "Level": "2", "UserID": "S-1-5-21-963789628-1060504924-4285088085-1001", "EventData.Message": "shell\\roaming\\settingsync\\explorersettinghandler.cpp(198)\\SettingSync.dll!00007FF8C74A98C5: (caller: 00007FF756BF1A69) ReturnHr(2) tid(be0) 80070002 Не удается найти указанный файл."}
{"EventID": "6509", "Channel": "Microsoft-Windows-SettingSync/Debug", "Provider_Name": "Microsoft-Windows-SettingSync-Desktop", "Computer": "DESKTOP-OFJ6N53", "TimeCreated": "2025-05-21 14:13:02.030499+00:00", "RecordID": "5588", "Level": "2", "UserID": "S-1-5-21-963789628-1060504924-4285088085-1001", "EventData.Message": "shell\\roaming\\settingsync\\explorersettinghandler.cpp(315)\\SettingSync.dll!00007FF8C74A98DF: (caller: 00007FF756BF1A69) ReturnHr(3) tid(be0) 80070002 Не удается найти указанный файл."}
{"EventID": "6509", "Channel": "Microsoft-Windows-SettingSync/Debug", "Provider_Name": "Microsoft-Windows-SettingSync-Desktop", "Computer": "DESKTOP-OFJ6N53", "TimeCreated": "2025-05-21 14:13:02.030516+00:00", "RecordID": "5589", "Level": "2", "UserID": "S-1-5-21-963789628-1060504924-4285088085-1001", "EventData.Message": "shell\\roaming\\settingsync\\explorersettinghandler.cpp(315)\\SettingSync.dll!00007FF8C74A9920: (caller: 00007FF756BF1A69) ReturnHr(4) tid(be0) 80070002 Не удается найти указанный файл."}
{"EventID": "6065", "Channel": "Microsoft-Windows-SettingSync/Debug", "Provider_Name": "Microsoft-Windows-SettingSync", "Computer": "DESKTOP-OFJ6N53", "TimeCreated": "2025-05-21 14:20:12.895134+00:00", "RecordID": "5590", "Level": "2", "UserID": "S-1-5-21-963789628-1060504924-4285088085-1001", "EventData.Message": "onecoreuap\\shell\\roaming\\settingsynccore\\settingsyncreporting\\settingsyncreporting.cpp(146)\\SettingSyncCore.dll!00007FF8BDD56484: (caller: 00007FF8BDD56046) ReturnHr(1) tid(2b6c) 800708CA Сетевое подключение не существует."}
{"EventID": "6065", "Channel": "Microsoft-Windows-SettingSync/Debug", "Provider_Name": "Microsoft-Windows-SettingSync", "Computer": "DESKTOP-OFJ6N53", "TimeCreated": "2025-05-21 14:20:12.895163+00:00", "RecordID": "5591", "Level": "2", "UserID": "S-1-5-21-963789628-1060504924-4285088085-1001", "EventData.Message": "onecoreuap\\shell\\roaming\\settingsynccore\\settingsyncreporting\\settingsyncreporting.cpp(55)\\SettingSyncCore.dll!00007FF8BDD56063: (caller: 00007FF8BDD56536) ReturnHr(2) tid(2b6c) 800708CA Сетевое подключение не существует."}
{"EventID": "6065", "Channel": "Microsoft-Windows-SettingSync/Debug", "Provider_Name": "Microsoft-Windows-SettingSync", "Computer": "DESKTOP-OFJ6N53", "TimeCreated": "2025-05-21 14:20:12.895176+00:00", "RecordID": "5592", "Level": "2", "UserID": "S-1-5-21-963789628-1060504924-4285088085-1001", "EventData.Message": "onecoreuap\\shell\\roaming\\settingsynccore\\settingsyncreporting\\settingsyncreporting.cpp(29)\\SettingSyncCore.dll!00007FF8BDD565B7: (caller: 00007FF8C96C8902) ReturnHr(3) tid(2b6c) 800708CA Сетевое подключение не существует."}
{"EventID": "6524", "Channel": "Microsoft-Windows-SettingSync/Debug", "Provider_Name": "Microsoft-Windows-SettingSync", "Computer": "DESKTOP-OFJ6N53", "TimeCreated": "2025-05-21 14:20:12.900269+00:00", "RecordID": "5593", "Level": "4", "UserID": "S-1-5-21-963789628-1060504924-4285088085-1001"}
{"EventID": "6524", "Channel": "Microsoft-Windows-SettingSync/Debug", "Provider_Name": "Microsoft-Windows-SettingSync", "Computer": "DESKTOP-OFJ6N53", "TimeCreated": "2025-05-22 08:42:16.378954+00:00", "RecordID": "5594", "Level": "4", "UserID": "S-1-5-21-963789628-1060504924-4285088085-1001"}
{"EventID": "6065", "Channel": "Microsoft-Windows-SettingSync/Debug", "Provider_Name": "Microsoft-Windows-SettingSync", "Computer": "DESKTOP-OFJ6N53", "TimeCreated": "2025-05-22 08:42:16.403141+00:00", "RecordID": "5595", "Level": "2", "UserID": "S-1-5-21-963789628-1060504924-4285088085-1001", "EventData.Message": "onecoreuap\\shell\\roaming\\settingsynccore\\settingsyncreporting\\settingsyncreporting.cpp(146)\\SettingSyncCore.dll!00007FF8BDD56484: (caller: 00007FF8BDD56046) ReturnHr(1) tid(2688) 800708CA Сетевое подключение не существует."}
{"EventID": "6065", "Channel": "Microsoft-Windows-SettingSync/Debug", "Provider_Name": "Microsoft-Windows-SettingSync", "Computer": "DESKTOP-OFJ6N53", "TimeCreated": "2025-05-22 08:42:16.403173+00:00", "RecordID": "5596", "Level": "2", "UserID": "S-1-5-21-963789628-1060504924-4285088085-1001", "EventData.Message": "onecoreuap\\shell\\roaming\\settingsynccore\\settingsyncreporting\\settingsyncreporting.cpp(55)\\SettingSyncCore.dll!00007FF8BDD56063: (caller: 00007FF8BDD56536) ReturnHr(2) tid(2688) 800708CA Сетевое подключение не существует."}
{"EventID": "6065", "Channel": "Microsoft-Windows-SettingSync/Debug", "Provider_Name": "Microsoft-Windows-SettingSync", "Computer": "DESKTOP-OFJ6N53", "TimeCreated": "2025-05-22 08:42:16.403181+00:00", "RecordID": "5597", "Level": "2", "UserID": "S-1-5-21-963789628-1060504924-4285088085-1001", "EventData.Message": "onecoreuap\\shell\\roaming\\settingsynccore\\settingsyncreporting\\settingsyncreporting.cpp(29)\\SettingSyncCore.dll!00007FF8BDD565B7: (caller: 00007FF8C96C8902) ReturnHr(3) tid(2688) 800708CA Сетевое подключение не существует."}
{"EventID": "6524", "Channel": "Microsoft-Windows-SettingSync/Debug", "Provider_Name": "Microsoft-Windows-SettingSync", "Computer": "DESKTOP-OFJ6N53", "TimeCreated": "2025-05-23 08:42:26.138966+00:00", "RecordID": "5598", "Level": "4", "UserID": "S-1-5-21-963789628-1060504924-4285088085-1001"}
{"EventID": "6065", "Channel": "Microsoft-Windows-SettingSync/Debug", "Provider_Name": "Microsoft-Windows-SettingSync", "Computer": "DESKTOP-OFJ6N53", "TimeCreated": "2025-05-23 08:42:26.174147+00:00", "RecordID": "5599", "Level": "2", "UserID": "S-1-5-21-963789628-1060504924-4285088085-1001", "EventData.Message": "onecoreuap\\shell\\roaming\\settingsynccore\\settingsyncreporting\\settingsyncreporting.cpp(146)\\SettingSyncCore.dll!00007FF8BDD56484: (caller: 00007FF8BDD56046) ReturnHr(1) tid(1bb4) 800708CA Сетевое подключение не существует."}
{"EventID": "6065", "Channel": "Microsoft-Windows-SettingSync/Debug", "Provider_Name": "Microsoft-Windows-SettingSync", "Computer": "DESKTOP-OFJ6N53", "TimeCreated": "2025-05-23 08:42:26.174162+00:00", "RecordID": "5600", "Level": "2", "UserID": "S-1-5-21-963789628-1060504924-4285088085-1001", "EventData.Message": "onecoreuap\\shell\\roaming\\settingsynccore\\settingsyncreporting\\settingsyncreporting.cpp(55)\\SettingSyncCore.dll!00007FF8BDD56063: (caller: 00007FF8BDD56536) ReturnHr(2) tid(1bb4) 800708CA Сетевое подключение не существует."}
{"EventID": "6065", "Channel": "Microsoft-Windows-SettingSync/Debug", "Provider_Name": "Microsoft-Windows-SettingSync", "Computer": "DESKTOP-OFJ6N53", "TimeCreated": "2025-05-23 08:42:26.174171+00:00", "RecordID": "5601", "Level": "2", "UserID": "S-1-5-21-963789628-1060504924-4285088085-1001", "EventData.Message": "onecoreuap\\shell\\roaming\\settingsynccore\\settingsyncreporting\\settingsyncreporting.cpp(29)\\SettingSyncCore.dll!00007FF8BDD565B7: (caller: 00007FF8C96C8902) ReturnHr(3) tid(1bb4) 800708CA Сетевое подключение не существует."}
{"EventID": "6524", "Channel": "Microsoft-Windows-SettingSync/Debug", "Provider_Name": "Microsoft-Windows-SettingSync", "Computer": "DESKTOP-OFJ6N53", "TimeCreated": "2025-05-24 08:42:28.514503+00:00", "RecordID": "5602", "Level": "4", "UserID": "S-1-5-21-963789628-1060504924-4285088085-1001"}
{"EventID": "6065", "Channel": "Microsoft-Windows-SettingSync/Debug", "Provider_Name": "Microsoft-Windows-SettingSync", "Computer": "DESKTOP-OFJ6N53", "TimeCreated": "2025-05-24 08:42:28.562477+00:00", "RecordID": "5603", "Level": "2", "UserID": "S-1-5-21-963789628-1060504924-4285088085-1001", "EventData.Message": "onecoreuap\\shell\\roaming\\settingsynccore\\settingsyncreporting\\settingsyncreporting.cpp(146)\\SettingSyncCore.dll!00007FF8BDD56484: (caller: 00007FF8BDD56046) ReturnHr(1) tid(2a68) 800708CA Сетевое подключение не существует."}
{"EventID": "6065", "Channel": "Microsoft-Windows-SettingSync/Debug", "Provider_Name": "Microsoft-Windows-SettingSync", "Computer": "DESKTOP-OFJ6N53", "TimeCreated": "2025-05-24 08:42:28.562500+00:00", "RecordID": "5604", "Level": "2", "UserID": "S-1-5-21-963789628-1060504924-4285088085-1001", "EventData.Message": "onecoreuap\\shell\\roaming\\settingsynccore\\settingsyncreporting\\settingsyncreporting.cpp(55)\\SettingSyncCore.dll!00007FF8BDD56063: (caller: 00007FF8BDD56536) ReturnHr(2) tid(2a68) 800708CA Сетевое подключение не существует."}
{"EventID": "6065", "Channel": "Microsoft-Windows-SettingSync/Debug", "Provider_Name": "Microsoft-Windows-SettingSync", "Computer": "DESKTOP-OFJ6N53", "TimeCreated": "2025-05-24 08:42:28.562517+00:00", "RecordID": "5605", "Level": "2", "UserID": "S-1-5-21-963789628-1060504924-4285088085-1001", "EventData.Message": "onecoreuap\\shell\\roaming\\settingsynccore\\settingsyncreporting\\settingsyncreporting.cpp(29)\\SettingSyncCore.dll!00007FF8BDD565B7: (caller: 00007FF8C96C8902) ReturnHr(3) tid(2a68) 800708CA Сетевое подключение не существует."}
{"EventID": "6524", "Channel": "Microsoft-Windows-SettingSync/Debug", "Provider_Name": "Microsoft-Windows-SettingSync", "Computer": "DESKTOP-OFJ6N53", "TimeCreated": "2025-05-25 08:42:30.949709+00:00", "RecordID": "5606", "Level": "4", "UserID": "S-1-5-21-963789628-1060504924-4285088085-1001"}
{"EventID": "6065", "Channel": "Microsoft-Windows-SettingSync/Debug", "Provider_Name": "Microsoft-Windows-SettingSync", "Computer": "DESKTOP-OFJ6N53", "TimeCreated": "2025-05-25 08:42:30.979586+00:00", "RecordID": "5607", "Level": "2", "UserID": "S-1-5-21-963789628-1060504924-4285088085-1001", "EventData.Message": "onecoreuap\\shell\\roaming\\settingsynccore\\settingsyncreporting\\settingsyncreporting.cpp(146)\\SettingSyncCore.dll!00007FF8BDD56484: (caller: 00007FF8BDD56046) ReturnHr(1) tid(3658) 800708CA Сетевое подключение не существует."}
{"EventID": "6065", "Channel": "Microsoft-Windows-SettingSync/Debug", "Provider_Name": "Microsoft-Windows-SettingSync", "Computer": "DESKTOP-OFJ6N53", "TimeCreated": "2025-05-25 08:42:30.979605+00:00", "RecordID": "5608", "Level": "2", "UserID": "S-1-5-21-963789628-1060504924-4285088085-1001", "EventData.Message": "onecoreuap\\shell\\roaming\\settingsynccore\\settingsyncreporting\\settingsyncreporting.cpp(55)\\SettingSyncCore.dll!00007FF8BDD56063: (caller: 00007FF8BDD56536) ReturnHr(2) tid(3658) 800708CA Сетевое подключение не существует."}
{"EventID": "6065", "Channel": "Microsoft-Windows-SettingSync/Debug", "Provider_Name": "Microsoft-Windows-SettingSync", "Computer": "DESKTOP-OFJ6N53", "TimeCreated": "2025-05-25 08:42:30.979612+00:00", "RecordID": "5609", "Level": "2", "UserID": "S-1-5-21-963789628-1060504924-4285088085-1001", "EventData.Message": "onecoreuap\\shell\\roaming\\settingsynccore\\settingsyncreporting\\settingsyncreporting.cpp(29)\\SettingSyncCore.dll!00007FF8BDD565B7: (caller: 00007FF8C96C8902) ReturnHr(3) tid(3658) 800708CA Сетевое подключение не существует."}
{"EventID": "6524", "Channel": "Microsoft-Windows-SettingSync/Debug", "Provider_Name": "Microsoft-Windows-SettingSync", "Computer": "DESKTOP-OFJ6N53", "TimeCreated": "2025-05-26 08:42:27.900391+00:00", "RecordID": "5610", "Level": "4", "UserID": "S-1-5-21-963789628-1060504924-4285088085-1001"}
{"EventID": "6065", "Channel": "Microsoft-Windows-SettingSync/Debug", "Provider_Name": "Microsoft-Windows-SettingSync", "Computer": "DESKTOP-OFJ6N53", "TimeCreated": "2025-05-26 08:42:27.931061+00:00", "RecordID": "5611", "Level": "2", "UserID": "S-1-5-21-963789628-1060504924-4285088085-1001", "EventData.Message": "onecoreuap\\shell\\roaming\\settingsynccore\\settingsyncreporting\\settingsyncreporting.cpp(146)\\SettingSyncCore.dll!00007FF8BDD56484: (caller: 00007FF8BDD56046) ReturnHr(1) tid(3990) 800708CA Сетевое подключение не существует."}
{"EventID": "6065", "Channel": "Microsoft-Windows-SettingSync/Debug", "Provider_Name": "Microsoft-Windows-SettingSync", "Computer": "DESKTOP-OFJ6N53", "TimeCreated": "2025-05-26 08:42:27.931074+00:00", "RecordID": "5612", "Level": "2", "UserID": "S-1-5-21-963789628-1060504924-4285088085-1001", "EventData.Message": "onecoreuap\\shell\\roaming\\settingsynccore\\settingsyncreporting\\settingsyncreporting.cpp(55)\\SettingSyncCore.dll!00007FF8BDD56063: (caller: 00007FF8BDD56536) ReturnHr(2) tid(3990) 800708CA Сетевое подключение не существует."}
{"EventID": "6065", "Channel": "Microsoft-Windows-SettingSync/Debug", "Provider_Name": "Microsoft-Windows-SettingSync", "Computer": "DESKTOP-OFJ6N53", "TimeCreated": "2025-05-26 08:42:27.931084+00:00", "RecordID": "5613", "Level": "2", "UserID": "S-1-5-21-963789628-1060504924-4285088085-1001", "EventData.Message": "onecoreuap\\shell\\roaming\\settingsynccore\\settingsyncreporting\\settingsyncreporting.cpp(29)\\SettingSyncCore.dll!00007FF8BDD565B7: (caller: 00007FF8C96C8902) ReturnHr(3) tid(3990) 800708CA Сетевое подключение не существует."}
{"EventID": "6065", "Channel": "Microsoft-Windows-SettingSync/Debug", "Provider_Name": "Microsoft-Windows-SettingSync", "Computer": "DESKTOP-OFJ6N53", "TimeCreated": "2025-05-27 08:42:10.416426+00:00", "RecordID": "5614", "Level": "2", "UserID": "S-1-5-21-963789628-1060504924-4285088085-1001", "EventData.Message": "onecoreuap\\shell\\roaming\\settingsynccore\\settingsyncreporting\\settingsyncreporting.cpp(146)\\SettingSyncCore.dll!00007FF8BDD56484: (caller: 00007FF8BDD56046) ReturnHr(1) tid(1f3c) 800708CA Сетевое подключение не существует."}
{"EventID": "6065", "Channel": "Microsoft-Windows-SettingSync/Debug", "Provider_Name": "Microsoft-Windows-SettingSync", "Computer": "DESKTOP-OFJ6N53", "TimeCreated": "2025-05-27 08:42:10.416447+00:00", "RecordID": "5615", "Level": "2", "UserID": "S-1-5-21-963789628-1060504924-4285088085-1001", "EventData.Message": "onecoreuap\\shell\\roaming\\settingsynccore\\settingsyncreporting\\settingsyncreporting.cpp(55)\\SettingSyncCore.dll!00007FF8BDD56063: (caller: 00007FF8BDD56536) ReturnHr(2) tid(1f3c) 800708CA Сетевое подключение не существует."}
{"EventID": "6065", "Channel": "Microsoft-Windows-SettingSync/Debug", "Provider_Name": "Microsoft-Windows-SettingSync", "Computer": "DESKTOP-OFJ6N53", "TimeCreated": "2025-05-27 08:42:10.416458+00:00", "RecordID": "5616", "Level": "2", "UserID": "S-1-5-21-963789628-1060504924-4285088085-1001", "EventData.Message": "onecoreuap\\shell\\roaming\\settingsynccore\\settingsyncreporting\\settingsyncreporting.cpp(29)\\SettingSyncCore.dll!00007FF8BDD565B7: (caller: 00007FF8C96C8902) ReturnHr(3) tid(1f3c) 800708CA Сетевое подключение не существует."}
{"EventID": "6524", "Channel": "Microsoft-Windows-SettingSync/Debug", "Provider_Name": "Microsoft-Windows-SettingSync", "Computer": "DESKTOP-OFJ6N53", "TimeCreated": "2025-05-27 08:42:10.433062+00:00", "RecordID": "5617", "Level": "4", "UserID": "S-1-5-21-963789628-1060504924-4285088085-1001"}
{"EventID": "6524", "Channel": "Microsoft-Windows-SettingSync/Debug", "Provider_Name": "Microsoft-Windows-SettingSync", "Computer": "DESKTOP-OFJ6N53", "TimeCreated": "2025-05-28 08:42:37.745749+00:00", "RecordID": "5618", "Level": "4", "UserID": "S-1-5-21-963789628-1060504924-4285088085-1001"}
{"EventID": "6065", "Channel": "Microsoft-Windows-SettingSync/Debug", "Provider_Name": "Microsoft-Windows-SettingSync", "Computer": "DESKTOP-OFJ6N53", "TimeCreated": "2025-05-28 08:42:37.760172+00:00", "RecordID": "5619", "Level": "2", "UserID": "S-1-5-21-963789628-1060504924-4285088085-1001", "EventData.Message": "onecoreuap\\shell\\roaming\\settingsynccore\\settingsyncreporting\\settingsyncreporting.cpp(146)\\SettingSyncCore.dll!00007FF8BDD56484: (caller: 00007FF8BDD56046) ReturnHr(1) tid(3368) 800708CA Сетевое подключение не существует."}
{"EventID": "6065", "Channel": "Microsoft-Windows-SettingSync/Debug", "Provider_Name": "Microsoft-Windows-SettingSync", "Computer": "DESKTOP-OFJ6N53", "TimeCreated": "2025-05-28 08:42:37.760189+00:00", "RecordID": "5620", "Level": "2", "UserID": "S-1-5-21-963789628-1060504924-4285088085-1001", "EventData.Message": "onecoreuap\\shell\\roaming\\settingsynccore\\settingsyncreporting\\settingsyncreporting.cpp(55)\\SettingSyncCore.dll!00007FF8BDD56063: (caller: 00007FF8BDD56536) ReturnHr(2) tid(3368) 800708CA Сетевое подключение не существует."}
{"EventID": "6065", "Channel": "Microsoft-Windows-SettingSync/Debug", "Provider_Name": "Microsoft-Windows-SettingSync", "Computer": "DESKTOP-OFJ6N53", "TimeCreated": "2025-05-28 08:42:37.760199+00:00", "RecordID": "5621", "Level": "2", "UserID": "S-1-5-21-963789628-1060504924-4285088085-1001", "EventData.Message": "onecoreuap\\shell\\roaming\\settingsynccore\\settingsyncreporting\\settingsyncreporting.cpp(29)\\SettingSyncCore.dll!00007FF8BDD565B7: (caller: 00007FF8C96C8902) ReturnHr(3) tid(3368) 800708CA Сетевое подключение не существует."}
{"EventID": "6524", "Channel": "Microsoft-Windows-SettingSync/Debug", "Provider_Name": "Microsoft-Windows-SettingSync", "Computer": "DESKTOP-OFJ6N53", "TimeCreated": "2025-05-29 08:42:40.047434+00:00", "RecordID": "5622", "Level": "4", "UserID": "S-1-5-21-963789628-1060504924-4285088085-1001"}
{"EventID": "6065", "Channel": "Microsoft-Windows-SettingSync/Debug", "Provider_Name": "Microsoft-Windows-SettingSync", "Computer": "DESKTOP-OFJ6N53", "TimeCreated": "2025-05-29 08:42:40.075594+00:00", "RecordID": "5623", "Level": "2", "UserID": "S-1-5-21-963789628-1060504924-4285088085-1001", "EventData.Message": "onecoreuap\\shell\\roaming\\settingsynccore\\settingsyncreporting\\settingsyncreporting.cpp(146)\\SettingSyncCore.dll!00007FF8BDD56484: (caller: 00007FF8BDD56046) ReturnHr(1) tid(10f4) 800708CA Сетевое подключение не существует."}
{"EventID": "6065", "Channel": "Microsoft-Windows-SettingSync/Debug", "Provider_Name": "Microsoft-Windows-SettingSync", "Computer": "DESKTOP-OFJ6N53", "TimeCreated": "2025-05-29 08:42:40.075613+00:00", "RecordID": "5624", "Level": "2", "UserID": "S-1-5-21-963789628-1060504924-4285088085-1001", "EventData.Message": "onecoreuap\\shell\\roaming\\settingsynccore\\settingsyncreporting\\settingsyncreporting.cpp(55)\\SettingSyncCore.dll!00007FF8BDD56063: (caller: 00007FF8BDD56536) ReturnHr(2) tid(10f4) 800708CA Сетевое подключение не существует."}
{"EventID": "6065", "Channel": "Microsoft-Windows-SettingSync/Debug", "Provider_Name": "Microsoft-Windows-SettingSync", "Computer": "DESKTOP-OFJ6N53", "TimeCreated": "2025-05-29 08:42:40.075626+00:00", "RecordID": "5625", "Level": "2", "UserID": "S-1-5-21-963789628-1060504924-4285088085-1001", "EventData.Message": "onecoreuap\\shell\\roaming\\settingsynccore\\settingsyncreporting\\settingsyncreporting.cpp(29)\\SettingSyncCore.dll!00007FF8BDD565B7: (caller: 00007FF8C96C8902) ReturnHr(3) tid(10f4) 800708CA Сетевое подключение не существует."}
{"EventID": "6524", "Channel": "Microsoft-Windows-SettingSync/Debug", "Provider_Name": "Microsoft-Windows-SettingSync", "Computer": "DESKTOP-OFJ6N53", "TimeCreated": "2025-05-30 09:11:46.343851+00:00", "RecordID": "5626", "Level": "4", "UserID": "S-1-5-21-963789628-1060504924-4285088085-1001"}
{"EventID": "6065", "Channel": "Microsoft-Windows-SettingSync/Debug", "Provider_Name": "Microsoft-Windows-SettingSync", "Computer": "DESKTOP-OFJ6N53", "TimeCreated": "2025-05-30 09:11:46.386143+00:00", "RecordID": "5627", "Level": "2", "UserID": "S-1-5-21-963789628-1060504924-4285088085-1001", "EventData.Message": "onecoreuap\\shell\\roaming\\settingsynccore\\settingsyncreporting\\settingsyncreporting.cpp(146)\\SettingSyncCore.dll!00007FF8BDD56484: (caller: 00007FF8BDD56046) ReturnHr(1) tid(2658) 800708CA Сетевое подключение не существует."}
{"EventID": "6065", "Channel": "Microsoft-Windows-SettingSync/Debug", "Provider_Name": "Microsoft-Windows-SettingSync", "Computer": "DESKTOP-OFJ6N53", "TimeCreated": "2025-05-30 09:11:46.386162+00:00", "RecordID": "5628", "Level": "2", "UserID": "S-1-5-21-963789628-1060504924-4285088085-1001", "EventData.Message": "onecoreuap\\shell\\roaming\\settingsynccore\\settingsyncreporting\\settingsyncreporting.cpp(55)\\SettingSyncCore.dll!00007FF8BDD56063: (caller: 00007FF8BDD56536) ReturnHr(2) tid(2658) 800708CA Сетевое подключение не существует."}
{"EventID": "6065", "Channel": "Microsoft-Windows-SettingSync/Debug", "Provider_Name": "Microsoft-Windows-SettingSync", "Computer": "DESKTOP-OFJ6N53", "TimeCreated": "2025-05-30 09:11:46.386171+00:00", "RecordID": "5629", "Level": "2", "UserID": "S-1-5-21-963789628-1060504924-4285088085-1001", "EventData.Message": "onecoreuap\\shell\\roaming\\settingsynccore\\settingsyncreporting\\settingsyncreporting.cpp(29)\\SettingSyncCore.dll!00007FF8BDD565B7: (caller: 00007FF8C96C8902) ReturnHr(3) tid(2658) 800708CA Сетевое подключение не существует."}
{"EventID": "6524", "Channel": "Microsoft-Windows-SettingSync/Debug", "Provider_Name": "Microsoft-Windows-SettingSync", "Computer": "DESKTOP-OFJ6N53", "TimeCreated": "2025-05-31 08:42:10.556549+00:00", "RecordID": "5630", "Level": "4", "UserID": "S-1-5-21-963789628-1060504924-4285088085-1001"}
{"EventID": "6065", "Channel": "Microsoft-Windows-SettingSync/Debug", "Provider_Name": "Microsoft-Windows-SettingSync", "Computer": "DESKTOP-OFJ6N53", "TimeCreated": "2025-05-31 08:42:10.588383+00:00", "RecordID": "5631", "Level": "2", "UserID": "S-1-5-21-963789628-1060504924-4285088085-1001", "EventData.Message": "onecoreuap\\shell\\roaming\\settingsynccore\\settingsyncreporting\\settingsyncreporting.cpp(146)\\SettingSyncCore.dll!00007FF8BDD56484: (caller: 00007FF8BDD56046) ReturnHr(1) tid(3218) 800708CA Сетевое подключение не существует."}
{"EventID": "6065", "Channel": "Microsoft-Windows-SettingSync/Debug", "Provider_Name": "Microsoft-Windows-SettingSync", "Computer": "DESKTOP-OFJ6N53", "TimeCreated": "2025-05-31 08:42:10.588396+00:00", "RecordID": "5632", "Level": "2", "UserID": "S-1-5-21-963789628-1060504924-4285088085-1001", "EventData.Message": "onecoreuap\\shell\\roaming\\settingsynccore\\settingsyncreporting\\settingsyncreporting.cpp(55)\\SettingSyncCore.dll!00007FF8BDD56063: (caller: 00007FF8BDD56536) ReturnHr(2) tid(3218) 800708CA Сетевое подключение не существует."}
{"EventID": "6065", "Channel": "Microsoft-Windows-SettingSync/Debug", "Provider_Name": "Microsoft-Windows-SettingSync", "Computer": "DESKTOP-OFJ6N53", "TimeCreated": "2025-05-31 08:42:10.588406+00:00", "RecordID": "5633", "Level": "2", "UserID": "S-1-5-21-963789628-1060504924-4285088085-1001", "EventData.Message": "onecoreuap\\shell\\roaming\\settingsynccore\\settingsyncreporting\\settingsyncreporting.cpp(29)\\SettingSyncCore.dll!00007FF8BDD565B7: (caller: 00007FF8C96C8902) ReturnHr(3) tid(3218) 800708CA Сетевое подключение не существует."}
{"EventID": "6524", "Channel": "Microsoft-Windows-SettingSync/Debug", "Provider_Name": "Microsoft-Windows-SettingSync", "Computer": "DESKTOP-OFJ6N53", "TimeCreated": "2025-06-01 08:30:42.518347+00:00", "RecordID": "5634", "Level": "4", "UserID": "S-1-5-21-963789628-1060504924-4285088085-1001"}
{"EventID": "6065", "Channel": "Microsoft-Windows-SettingSync/Debug", "Provider_Name": "Microsoft-Windows-SettingSync", "Computer": "DESKTOP-OFJ6N53", "TimeCreated": "2025-06-01 08:30:42.563303+00:00", "RecordID": "5635", "Level": "2", "UserID": "S-1-5-21-963789628-1060504924-4285088085-1001", "EventData.Message": "onecoreuap\\shell\\roaming\\settingsynccore\\settingsyncreporting\\settingsyncreporting.cpp(146)\\SettingSyncCore.dll!00007FF8BDD56484: (caller: 00007FF8BDD56046) ReturnHr(1) tid(33dc) 800708CA Сетевое подключение не существует."}
{"EventID": "6065", "Channel": "Microsoft-Windows-SettingSync/Debug", "Provider_Name": "Microsoft-Windows-SettingSync", "Computer": "DESKTOP-OFJ6N53", "TimeCreated": "2025-06-01 08:30:42.563318+00:00", "RecordID": "5636", "Level": "2", "UserID": "S-1-5-21-963789628-1060504924-4285088085-1001", "EventData.Message": "onecoreuap\\shell\\roaming\\settingsynccore\\settingsyncreporting\\settingsyncreporting.cpp(55)\\SettingSyncCore.dll!00007FF8BDD56063: (caller: 00007FF8BDD56536) ReturnHr(2) tid(33dc) 800708CA Сетевое подключение не существует."}
{"EventID": "6065", "Channel": "Microsoft-Windows-SettingSync/Debug", "Provider_Name": "Microsoft-Windows-SettingSync", "Computer": "DESKTOP-OFJ6N53", "TimeCreated": "2025-06-01 08:30:42.563328+00:00", "RecordID": "5637", "Level": "2", "UserID": "S-1-5-21-963789628-1060504924-4285088085-1001", "EventData.Message": "onecoreuap\\shell\\roaming\\settingsynccore\\settingsyncreporting\\settingsyncreporting.cpp(29)\\SettingSyncCore.dll!00007FF8BDD565B7: (caller: 00007FF8C96C8902) ReturnHr(3) tid(33dc) 800708CA Сетевое подключение не существует."}
{"EventID": "6065", "Channel": "Microsoft-Windows-SettingSync/Debug", "Provider_Name": "Microsoft-Windows-SettingSync", "Computer": "DESKTOP-OFJ6N53", "TimeCreated": "2025-06-02 08:42:49.463373+00:00", "RecordID": "5638", "Level": "2", "UserID": "S-1-5-21-963789628-1060504924-4285088085-1001", "EventData.Message": "onecoreuap\\shell\\roaming\\settingsynccore\\settingsyncreporting\\settingsyncreporting.cpp(146)\\SettingSyncCore.dll!00007FF8BDD56484: (caller: 00007FF8BDD56046) ReturnHr(1) tid(3860) 800708CA Сетевое подключение не существует."}
{"EventID": "6065", "Channel": "Microsoft-Windows-SettingSync/Debug", "Provider_Name": "Microsoft-Windows-SettingSync", "Computer": "DESKTOP-OFJ6N53", "TimeCreated": "2025-06-02 08:42:49.463387+00:00", "RecordID": "5639", "Level": "2", "UserID": "S-1-5-21-963789628-1060504924-4285088085-1001", "EventData.Message": "onecoreuap\\shell\\roaming\\settingsynccore\\settingsyncreporting\\settingsyncreporting.cpp(55)\\SettingSyncCore.dll!00007FF8BDD56063: (caller: 00007FF8BDD56536) ReturnHr(2) tid(3860) 800708CA Сетевое подключение не существует."}
{"EventID": "6065", "Channel": "Microsoft-Windows-SettingSync/Debug", "Provider_Name": "Microsoft-Windows-SettingSync", "Computer": "DESKTOP-OFJ6N53", "TimeCreated": "2025-06-02 08:42:49.463392+00:00", "RecordID": "5640", "Level": "2", "UserID": "S-1-5-21-963789628-1060504924-4285088085-1001", "EventData.Message": "onecoreuap\\shell\\roaming\\settingsynccore\\settingsyncreporting\\settingsyncreporting.cpp(29)\\SettingSyncCore.dll!00007FF8BDD565B7: (caller: 00007FF8C96C8902) ReturnHr(3) tid(3860) 800708CA Сетевое подключение не существует."}
{"EventID": "6524", "Channel": "Microsoft-Windows-SettingSync/Debug", "Provider_Name": "Microsoft-Windows-SettingSync", "Computer": "DESKTOP-OFJ6N53", "TimeCreated": "2025-06-02 08:42:49.465094+00:00", "RecordID": "5641", "Level": "4", "UserID": "S-1-5-21-963789628-1060504924-4285088085-1001"}
{"EventID": "6524", "Channel": "Microsoft-Windows-SettingSync/Debug", "Provider_Name": "Microsoft-Windows-SettingSync", "Computer": "DESKTOP-OFJ6N53", "TimeCreated": "2025-06-03 08:42:51.348679+00:00", "RecordID": "5642", "Level": "4", "UserID": "S-1-5-21-963789628-1060504924-4285088085-1001"}
{"EventID": "6065", "Channel": "Microsoft-Windows-SettingSync/Debug", "Provider_Name": "Microsoft-Windows-SettingSync", "Computer": "DESKTOP-OFJ6N53", "TimeCreated": "2025-06-03 08:42:51.385784+00:00", "RecordID": "5643", "Level": "2", "UserID": "S-1-5-21-963789628-1060504924-4285088085-1001", "EventData.Message": "onecoreuap\\shell\\roaming\\settingsynccore\\settingsyncreporting\\settingsyncreporting.cpp(146)\\SettingSyncCore.dll!00007FF8BDD56484: (caller: 00007FF8BDD56046) ReturnHr(1) tid(dac) 800708CA Сетевое подключение не существует."}
{"EventID": "6065", "Channel": "Microsoft-Windows-SettingSync/Debug", "Provider_Name": "Microsoft-Windows-SettingSync", "Computer": "DESKTOP-OFJ6N53", "TimeCreated": "2025-06-03 08:42:51.385796+00:00", "RecordID": "5644", "Level": "2", "UserID": "S-1-5-21-963789628-1060504924-4285088085-1001", "EventData.Message": "onecoreuap\\shell\\roaming\\settingsynccore\\settingsyncreporting\\settingsyncreporting.cpp(55)\\SettingSyncCore.dll!00007FF8BDD56063: (caller: 00007FF8BDD56536) ReturnHr(2) tid(dac) 800708CA Сетевое подключение не существует."}
{"EventID": "6065", "Channel": "Microsoft-Windows-SettingSync/Debug", "Provider_Name": "Microsoft-Windows-SettingSync", "Computer": "DESKTOP-OFJ6N53", "TimeCreated": "2025-06-03 08:42:51.385805+00:00", "RecordID": "5645", "Level": "2", "UserID": "S-1-5-21-963789628-1060504924-4285088085-1001", "EventData.Message": "onecoreuap\\shell\\roaming\\settingsynccore\\settingsyncreporting\\settingsyncreporting.cpp(29)\\SettingSyncCore.dll!00007FF8BDD565B7: (caller: 00007FF8C96C8902) ReturnHr(3) tid(dac) 800708CA Сетевое подключение не существует."}
{"EventID": "6524", "Channel": "Microsoft-Windows-SettingSync/Debug", "Provider_Name": "Microsoft-Windows-SettingSync", "Computer": "DESKTOP-OFJ6N53", "TimeCreated": "2025-06-04 08:42:52.169580+00:00", "RecordID": "5646", "Level": "4", "UserID": "S-1-5-21-963789628-1060504924-4285088085-1001"}
{"EventID": "6065", "Channel": "Microsoft-Windows-SettingSync/Debug", "Provider_Name": "Microsoft-Windows-SettingSync", "Computer": "DESKTOP-OFJ6N53", "TimeCreated": "2025-06-04 08:42:52.187801+00:00", "RecordID": "5647", "Level": "2", "UserID": "S-1-5-21-963789628-1060504924-4285088085-1001", "EventData.Message": "onecoreuap\\shell\\roaming\\settingsynccore\\settingsyncreporting\\settingsyncreporting.cpp(146)\\SettingSyncCore.dll!00007FF8BDD56484: (caller: 00007FF8BDD56046) ReturnHr(1) tid(278c) 800708CA Сетевое подключение не существует."}
{"EventID": "6065", "Channel": "Microsoft-Windows-SettingSync/Debug", "Provider_Name": "Microsoft-Windows-SettingSync", "Computer": "DESKTOP-OFJ6N53", "TimeCreated": "2025-06-04 08:42:52.187811+00:00", "RecordID": "5648", "Level": "2", "UserID": "S-1-5-21-963789628-1060504924-4285088085-1001", "EventData.Message": "onecoreuap\\shell\\roaming\\settingsynccore\\settingsyncreporting\\settingsyncreporting.cpp(55)\\SettingSyncCore.dll!00007FF8BDD56063: (caller: 00007FF8BDD56536) ReturnHr(2) tid(278c) 800708CA Сетевое подключение не существует."}
{"EventID": "6065", "Channel": "Microsoft-Windows-SettingSync/Debug", "Provider_Name": "Microsoft-Windows-SettingSync", "Computer": "DESKTOP-OFJ6N53", "TimeCreated": "2025-06-04 08:42:52.187817+00:00", "RecordID": "5649", "Level": "2", "UserID": "S-1-5-21-963789628-1060504924-4285088085-1001", "EventData.Message": "onecoreuap\\shell\\roaming\\settingsynccore\\settingsyncreporting\\settingsyncreporting.cpp(29)\\SettingSyncCore.dll!00007FF8BDD565B7: (caller: 00007FF8C96C8902) ReturnHr(3) tid(278c) 800708CA Сетевое подключение не существует."}
{"EventID": "6524", "Channel": "Microsoft-Windows-SettingSync/Debug", "Provider_Name": "Microsoft-Windows-SettingSync", "Computer": "DESKTOP-OFJ6N53", "TimeCreated": "2025-06-05 08:42:48.784214+00:00", "RecordID": "5650", "Level": "4", "UserID": "S-1-5-21-963789628-1060504924-4285088085-1001"}
