{"EventID": "103", "Channel": "Microsoft-Windows-Diagnosis-Scripted/Operational", "Provider_Name": "Microsoft-Windows-Diagnosis-Scripted", "Computer": "DESKTOP-OFJ6N53", "TimeCreated": "2023-12-31 08:44:49.896084+00:00", "RecordID": "399", "Level": "4", "UserID": "S-1-5-21-963789628-1060504924-4285088085-1001", "EventData.PackageId": "MaintenanceDiagnostic"}
{"EventID": "104", "Channel": "Microsoft-Windows-Diagnosis-Scripted/Operational", "Provider_Name": "Microsoft-Windows-Diagnosis-Scripted", "Computer": "DESKTOP-OFJ6N53", "TimeCreated": "2023-12-31 08:44:51.725237+00:00", "RecordID": "400", "Level": "4", "UserID": "S-1-5-21-963789628-1060504924-4285088085-1001", "EventData.PackageId": "MaintenanceDiagnostic"}
{"EventID": "101", "Channel": "Microsoft-Windows-Diagnosis-Scripted/Operational", "Provider_Name": "Microsoft-Windows-Diagnosis-Scripted", "Computer": "DESKTOP-OFJ6N53", "TimeCreated": "2024-01-07 08:45:11.158613+00:00", "RecordID": "401", "Level": "4", "UserID": "S-1-5-21-963789628-1060504924-4285088085-1001", "EventData.PackagePath": "C:\\Windows\\diagnostics\\scheduled\\Maintenance"}
{"EventID": "102", "Channel": "Microsoft-Windows-Diagnosis-Scripted/Operational", "Provider_Name": "Microsoft-Windows-Diagnosis-Scripted", "Computer": "DESKTOP-OFJ6N53", "TimeCreated": "2024-01-07 08:45:14.777077+00:00", "RecordID": "402", "Level": "4", "UserID": "S-1-5-21-963789628-1060504924-4285088085-1001", "EventData.PackagePath": "C:\\Windows\\diagnostics\\scheduled\\Maintenance"}
{"EventID": "103", "Channel": "Microsoft-Windows-Diagnosis-Scripted/Operational", "Provider_Name": "Microsoft-Windows-Diagnosis-Scripted", "Computer": "DESKTOP-OFJ6N53", "TimeCreated": "2024-01-07 08:45:14.780941+00:00", "RecordID": "403", "Level": "4", "UserID": "S-1-5-21-963789628-1060504924-4285088085-1001", "EventData.PackageId": "MaintenanceDiagnostic"}
{"EventID": "104", "Channel": "Microsoft-Windows-Diagnosis-Scripted/Operational", "Provider_Name": "Microsoft-Windows-Diagnosis-Scripted", "Computer": "DESKTOP-OFJ6N53", "TimeCreated": "2024-01-07 08:45:26.548784+00:00", "RecordID": "404", "Level": "4", "UserID": "S-1-5-21-963789628-1060504924-4285088085-1001", "EventData.PackageId": "MaintenanceDiagnostic"}
{"EventID": "101", "Channel": "Microsoft-Windows-Diagnosis-Scripted/Operational", "Provider_Name": "Microsoft-Windows-Diagnosis-Scripted", "Computer": "DESKTOP-OFJ6N53", "TimeCreated": "2024-01-14 08:58:29.632309+00:00", "RecordID": "405", "Level": "4", "UserID": "S-1-5-21-963789628-1060504924-4285088085-1001", "EventData.PackagePath": "C:\\Windows\\diagnostics\\scheduled\\Maintenance"}
{"EventID": "102", "Channel": "Microsoft-Windows-Diagnosis-Scripted/Operational", "Provider_Name": "Microsoft-Windows-Diagnosis-Scripted", "Computer": "DESKTOP-OFJ6N53", "TimeCreated": "2024-01-14 08:58:30.290121+00:00", "RecordID": "406", "Level": "4", "UserID": "S-1-5-21-963789628-1060504924-4285088085-1001", "EventData.PackagePath": "C:\\Windows\\diagnostics\\scheduled\\Maintenance"}
{"EventID": "103", "Channel": "Microsoft-Windows-Diagnosis-Scripted/Operational", "Provider_Name": "Microsoft-Windows-Diagnosis-Scripted", "Computer": "DESKTOP-OFJ6N53", "TimeCreated": "2024-01-14 08:58:30.292404+00:00", "RecordID": "407", "Level": "4", "UserID": "S-1-5-21-963789628-1060504924-4285088085-1001", "EventData.PackageId": "MaintenanceDiagnostic"}
{"EventID": "104", "Channel": "Microsoft-Windows-Diagnosis-Scripted/Operational", "Provider_Name": "Microsoft-Windows-Diagnosis-Scripted", "Computer": "DESKTOP-OFJ6N53", "TimeCreated": "2024-01-14 08:58:37.715923+00:00", "RecordID": "408", "Level": "4", "UserID": "S-1-5-21-963789628-1060504924-4285088085-1001", "EventData.PackageId": "MaintenanceDiagnostic"}
{"EventID": "101", "Channel": "Microsoft-Windows-Diagnosis-Scripted/Operational", "Provider_Name": "Microsoft-Windows-Diagnosis-Scripted", "Computer": "DESKTOP-OFJ6N53", "TimeCreated": "2024-01-21 08:59:37.118914+00:00", "RecordID": "409", "Level": "4", "UserID": "S-1-5-21-963789628-1060504924-4285088085-1001", "EventData.PackagePath": "C:\\Windows\\diagnostics\\scheduled\\Maintenance"}
{"EventID": "102", "Channel": "Microsoft-Windows-Diagnosis-Scripted/Operational", "Provider_Name": "Microsoft-Windows-Diagnosis-Scripted", "Computer": "DESKTOP-OFJ6N53", "TimeCreated": "2024-01-21 08:59:59.895187+00:00", "RecordID": "410", "Level": "4", "UserID": "S-1-5-21-963789628-1060504924-4285088085-1001", "EventData.PackagePath": "C:\\Windows\\diagnostics\\scheduled\\Maintenance"}
{"EventID": "103", "Channel": "Microsoft-Windows-Diagnosis-Scripted/Operational", "Provider_Name": "Microsoft-Windows-Diagnosis-Scripted", "Computer": "DESKTOP-OFJ6N53", "TimeCreated": "2024-01-21 08:59:59.904436+00:00", "RecordID": "411", "Level": "4", "UserID": "S-1-5-21-963789628-1060504924-4285088085-1001", "EventData.PackageId": "MaintenanceDiagnostic"}
{"EventID": "104", "Channel": "Microsoft-Windows-Diagnosis-Scripted/Operational", "Provider_Name": "Microsoft-Windows-Diagnosis-Scripted", "Computer": "DESKTOP-OFJ6N53", "TimeCreated": "2024-01-21 09:00:50.190161+00:00", "RecordID": "412", "Level": "4", "UserID": "S-1-5-21-963789628-1060504924-4285088085-1001", "EventData.PackageId": "MaintenanceDiagnostic"}
{"EventID": "101", "Channel": "Microsoft-Windows-Diagnosis-Scripted/Operational", "Provider_Name": "Microsoft-Windows-Diagnosis-Scripted", "Computer": "DESKTOP-OFJ6N53", "TimeCreated": "2024-01-28 09:00:42.773342+00:00", "RecordID": "413", "Level": "4", "UserID": "S-1-5-21-963789628-1060504924-4285088085-1001", "EventData.PackagePath": "C:\\Windows\\diagnostics\\scheduled\\Maintenance"}
{"EventID": "102", "Channel": "Microsoft-Windows-Diagnosis-Scripted/Operational", "Provider_Name": "Microsoft-Windows-Diagnosis-Scripted", "Computer": "DESKTOP-OFJ6N53", "TimeCreated": "2024-01-28 09:00:43.367363+00:00", "RecordID": "414", "Level": "4", "UserID": "S-1-5-21-963789628-1060504924-4285088085-1001", "EventData.PackagePath": "C:\\Windows\\diagnostics\\scheduled\\Maintenance"}
{"EventID": "103", "Channel": "Microsoft-Windows-Diagnosis-Scripted/Operational", "Provider_Name": "Microsoft-Windows-Diagnosis-Scripted", "Computer": "DESKTOP-OFJ6N53", "TimeCreated": "2024-01-28 09:00:43.369637+00:00", "RecordID": "415", "Level": "4", "UserID": "S-1-5-21-963789628-1060504924-4285088085-1001", "EventData.PackageId": "MaintenanceDiagnostic"}
{"EventID": "104", "Channel": "Microsoft-Windows-Diagnosis-Scripted/Operational", "Provider_Name": "Microsoft-Windows-Diagnosis-Scripted", "Computer": "DESKTOP-OFJ6N53", "TimeCreated": "2024-01-28 09:00:46.684299+00:00", "RecordID": "416", "Level": "4", "UserID": "S-1-5-21-963789628-1060504924-4285088085-1001", "EventData.PackageId": "MaintenanceDiagnostic"}
{"EventID": "101", "Channel": "Microsoft-Windows-Diagnosis-Scripted/Operational", "Provider_Name": "Microsoft-Windows-Diagnosis-Scripted", "Computer": "DESKTOP-OFJ6N53", "TimeCreated": "2024-02-04 09:00:59.753729+00:00", "RecordID": "417", "Level": "4", "UserID": "S-1-5-21-963789628-1060504924-4285088085-1001", "EventData.PackagePath": "C:\\Windows\\diagnostics\\scheduled\\Maintenance"}
{"EventID": "102", "Channel": "Microsoft-Windows-Diagnosis-Scripted/Operational", "Provider_Name": "Microsoft-Windows-Diagnosis-Scripted", "Computer": "DESKTOP-OFJ6N53", "TimeCreated": "2024-02-04 09:01:00.570295+00:00", "RecordID": "418", "Level": "4", "UserID": "S-1-5-21-963789628-1060504924-4285088085-1001", "EventData.PackagePath": "C:\\Windows\\diagnostics\\scheduled\\Maintenance"}
{"EventID": "103", "Channel": "Microsoft-Windows-Diagnosis-Scripted/Operational", "Provider_Name": "Microsoft-Windows-Diagnosis-Scripted", "Computer": "DESKTOP-OFJ6N53", "TimeCreated": "2024-02-04 09:01:00.577621+00:00", "RecordID": "419", "Level": "4", "UserID": "S-1-5-21-963789628-1060504924-4285088085-1001", "EventData.PackageId": "MaintenanceDiagnostic"}
{"EventID": "104", "Channel": "Microsoft-Windows-Diagnosis-Scripted/Operational", "Provider_Name": "Microsoft-Windows-Diagnosis-Scripted", "Computer": "DESKTOP-OFJ6N53", "TimeCreated": "2024-02-04 09:01:08.574284+00:00", "RecordID": "420", "Level": "4", "UserID": "S-1-5-21-963789628-1060504924-4285088085-1001", "EventData.PackageId": "MaintenanceDiagnostic"}
{"EventID": "101", "Channel": "Microsoft-Windows-Diagnosis-Scripted/Operational", "Provider_Name": "Microsoft-Windows-Diagnosis-Scripted", "Computer": "DESKTOP-OFJ6N53", "TimeCreated": "2024-02-11 09:01:21.862709+00:00", "RecordID": "421", "Level": "4", "UserID": "S-1-5-21-963789628-1060504924-4285088085-1001", "EventData.PackagePath": "C:\\Windows\\diagnostics\\scheduled\\Maintenance"}
{"EventID": "102", "Channel": "Microsoft-Windows-Diagnosis-Scripted/Operational", "Provider_Name": "Microsoft-Windows-Diagnosis-Scripted", "Computer": "DESKTOP-OFJ6N53", "TimeCreated": "2024-02-11 09:01:25.375278+00:00", "RecordID": "422", "Level": "4", "UserID": "S-1-5-21-963789628-1060504924-4285088085-1001", "EventData.PackagePath": "C:\\Windows\\diagnostics\\scheduled\\Maintenance"}
{"EventID": "103", "Channel": "Microsoft-Windows-Diagnosis-Scripted/Operational", "Provider_Name": "Microsoft-Windows-Diagnosis-Scripted", "Computer": "DESKTOP-OFJ6N53", "TimeCreated": "2024-02-11 09:01:25.378700+00:00", "RecordID": "423", "Level": "4", "UserID": "S-1-5-21-963789628-1060504924-4285088085-1001", "EventData.PackageId": "MaintenanceDiagnostic"}
{"EventID": "104", "Channel": "Microsoft-Windows-Diagnosis-Scripted/Operational", "Provider_Name": "Microsoft-Windows-Diagnosis-Scripted", "Computer": "DESKTOP-OFJ6N53", "TimeCreated": "2024-02-11 09:01:44.093502+00:00", "RecordID": "424", "Level": "4", "UserID": "S-1-5-21-963789628-1060504924-4285088085-1001", "EventData.PackageId": "MaintenanceDiagnostic"}
{"EventID": "101", "Channel": "Microsoft-Windows-Diagnosis-Scripted/Operational", "Provider_Name": "Microsoft-Windows-Diagnosis-Scripted", "Computer": "DESKTOP-OFJ6N53", "TimeCreated": "2024-02-18 09:27:16.462975+00:00", "RecordID": "425", "Level": "4", "UserID": "S-1-5-21-963789628-1060504924-4285088085-1001", "EventData.PackagePath": "C:\\Windows\\diagnostics\\scheduled\\Maintenance"}
{"EventID": "102", "Channel": "Microsoft-Windows-Diagnosis-Scripted/Operational", "Provider_Name": "Microsoft-Windows-Diagnosis-Scripted", "Computer": "DESKTOP-OFJ6N53", "TimeCreated": "2024-02-18 09:27:18.576735+00:00", "RecordID": "426", "Level": "4", "UserID": "S-1-5-21-963789628-1060504924-4285088085-1001", "EventData.PackagePath": "C:\\Windows\\diagnostics\\scheduled\\Maintenance"}
{"EventID": "103", "Channel": "Microsoft-Windows-Diagnosis-Scripted/Operational", "Provider_Name": "Microsoft-Windows-Diagnosis-Scripted", "Computer": "DESKTOP-OFJ6N53", "TimeCreated": "2024-02-18 09:27:18.587740+00:00", "RecordID": "427", "Level": "4", "UserID": "S-1-5-21-963789628-1060504924-4285088085-1001", "EventData.PackageId": "MaintenanceDiagnostic"}
{"EventID": "104", "Channel": "Microsoft-Windows-Diagnosis-Scripted/Operational", "Provider_Name": "Microsoft-Windows-Diagnosis-Scripted", "Computer": "DESKTOP-OFJ6N53", "TimeCreated": "2024-02-18 09:27:27.081511+00:00", "RecordID": "428", "Level": "4", "UserID": "S-1-5-21-963789628-1060504924-4285088085-1001", "EventData.PackageId": "MaintenanceDiagnostic"}
{"EventID": "101", "Channel": "Microsoft-Windows-Diagnosis-Scripted/Operational", "Provider_Name": "Microsoft-Windows-Diagnosis-Scripted", "Computer": "DESKTOP-OFJ6N53", "TimeCreated": "2024-02-25 09:27:36.061110+00:00", "RecordID": "429", "Level": "4", "UserID": "S-1-5-21-963789628-1060504924-4285088085-1001", "EventData.PackagePath": "C:\\Windows\\diagnostics\\scheduled\\Maintenance"}
{"EventID": "102", "Channel": "Microsoft-Windows-Diagnosis-Scripted/Operational", "Provider_Name": "Microsoft-Windows-Diagnosis-Scripted", "Computer": "DESKTOP-OFJ6N53", "TimeCreated": "2024-02-25 09:27:37.634903+00:00", "RecordID": "430", "Level": "4", "UserID": "S-1-5-21-963789628-1060504924-4285088085-1001", "EventData.PackagePath": "C:\\Windows\\diagnostics\\scheduled\\Maintenance"}
{"EventID": "103", "Channel": "Microsoft-Windows-Diagnosis-Scripted/Operational", "Provider_Name": "Microsoft-Windows-Diagnosis-Scripted", "Computer": "DESKTOP-OFJ6N53", "TimeCreated": "2024-02-25 09:27:37.637165+00:00", "RecordID": "431", "Level": "4", "UserID": "S-1-5-21-963789628-1060504924-4285088085-1001", "EventData.PackageId": "MaintenanceDiagnostic"}
{"EventID": "104", "Channel": "Microsoft-Windows-Diagnosis-Scripted/Operational", "Provider_Name": "Microsoft-Windows-Diagnosis-Scripted", "Computer": "DESKTOP-OFJ6N53", "TimeCreated": "2024-02-25 09:27:49.846712+00:00", "RecordID": "432", "Level": "4", "UserID": "S-1-5-21-963789628-1060504924-4285088085-1001", "EventData.PackageId": "MaintenanceDiagnostic"}
{"EventID": "101", "Channel": "Microsoft-Windows-Diagnosis-Scripted/Operational", "Provider_Name": "Microsoft-Windows-Diagnosis-Scripted", "Computer": "DESKTOP-OFJ6N53", "TimeCreated": "2024-03-03 09:27:54.391962+00:00", "RecordID": "433", "Level": "4", "UserID": "S-1-5-21-963789628-1060504924-4285088085-1001", "EventData.PackagePath": "C:\\Windows\\diagnostics\\scheduled\\Maintenance"}
{"EventID": "102", "Channel": "Microsoft-Windows-Diagnosis-Scripted/Operational", "Provider_Name": "Microsoft-Windows-Diagnosis-Scripted", "Computer": "DESKTOP-OFJ6N53", "TimeCreated": "2024-03-03 09:27:55.491056+00:00", "RecordID": "434", "Level": "4", "UserID": "S-1-5-21-963789628-1060504924-4285088085-1001", "EventData.PackagePath": "C:\\Windows\\diagnostics\\scheduled\\Maintenance"}
{"EventID": "103", "Channel": "Microsoft-Windows-Diagnosis-Scripted/Operational", "Provider_Name": "Microsoft-Windows-Diagnosis-Scripted", "Computer": "DESKTOP-OFJ6N53", "TimeCreated": "2024-03-03 09:27:55.494246+00:00", "RecordID": "435", "Level": "4", "UserID": "S-1-5-21-963789628-1060504924-4285088085-1001", "EventData.PackageId": "MaintenanceDiagnostic"}
{"EventID": "104", "Channel": "Microsoft-Windows-Diagnosis-Scripted/Operational", "Provider_Name": "Microsoft-Windows-Diagnosis-Scripted", "Computer": "DESKTOP-OFJ6N53", "TimeCreated": "2024-03-03 09:28:08.531826+00:00", "RecordID": "436", "Level": "4", "UserID": "S-1-5-21-963789628-1060504924-4285088085-1001", "EventData.PackageId": "MaintenanceDiagnostic"}
{"EventID": "101", "Channel": "Microsoft-Windows-Diagnosis-Scripted/Operational", "Provider_Name": "Microsoft-Windows-Diagnosis-Scripted", "Computer": "DESKTOP-OFJ6N53", "TimeCreated": "2024-03-10 09:27:03.265776+00:00", "RecordID": "437", "Level": "4", "UserID": "S-1-5-21-963789628-1060504924-4285088085-1001", "EventData.PackagePath": "C:\\Windows\\diagnostics\\scheduled\\Maintenance"}
{"EventID": "102", "Channel": "Microsoft-Windows-Diagnosis-Scripted/Operational", "Provider_Name": "Microsoft-Windows-Diagnosis-Scripted", "Computer": "DESKTOP-OFJ6N53", "TimeCreated": "2024-03-10 09:27:07.751917+00:00", "RecordID": "438", "Level": "4", "UserID": "S-1-5-21-963789628-1060504924-4285088085-1001", "EventData.PackagePath": "C:\\Windows\\diagnostics\\scheduled\\Maintenance"}
{"EventID": "103", "Channel": "Microsoft-Windows-Diagnosis-Scripted/Operational", "Provider_Name": "Microsoft-Windows-Diagnosis-Scripted", "Computer": "DESKTOP-OFJ6N53", "TimeCreated": "2024-03-10 09:27:07.807892+00:00", "RecordID": "439", "Level": "4", "UserID": "S-1-5-21-963789628-1060504924-4285088085-1001", "EventData.PackageId": "MaintenanceDiagnostic"}
{"EventID": "104", "Channel": "Microsoft-Windows-Diagnosis-Scripted/Operational", "Provider_Name": "Microsoft-Windows-Diagnosis-Scripted", "Computer": "DESKTOP-OFJ6N53", "TimeCreated": "2024-03-10 09:28:08.517511+00:00", "RecordID": "440", "Level": "4", "UserID": "S-1-5-21-963789628-1060504924-4285088085-1001", "EventData.PackageId": "MaintenanceDiagnostic"}
{"EventID": "101", "Channel": "Microsoft-Windows-Diagnosis-Scripted/Operational", "Provider_Name": "Microsoft-Windows-Diagnosis-Scripted", "Computer": "DESKTOP-OFJ6N53", "TimeCreated": "2024-03-17 09:05:35.069540+00:00", "RecordID": "441", "Level": "4", "UserID": "S-1-5-21-963789628-1060504924-4285088085-1001", "EventData.PackagePath": "C:\\Windows\\diagnostics\\scheduled\\Maintenance"}
{"EventID": "102", "Channel": "Microsoft-Windows-Diagnosis-Scripted/Operational", "Provider_Name": "Microsoft-Windows-Diagnosis-Scripted", "Computer": "DESKTOP-OFJ6N53", "TimeCreated": "2024-03-17 09:05:36.365870+00:00", "RecordID": "442", "Level": "4", "UserID": "S-1-5-21-963789628-1060504924-4285088085-1001", "EventData.PackagePath": "C:\\Windows\\diagnostics\\scheduled\\Maintenance"}
{"EventID": "103", "Channel": "Microsoft-Windows-Diagnosis-Scripted/Operational", "Provider_Name": "Microsoft-Windows-Diagnosis-Scripted", "Computer": "DESKTOP-OFJ6N53", "TimeCreated": "2024-03-17 09:05:36.370811+00:00", "RecordID": "443", "Level": "4", "UserID": "S-1-5-21-963789628-1060504924-4285088085-1001", "EventData.PackageId": "MaintenanceDiagnostic"}
{"EventID": "104", "Channel": "Microsoft-Windows-Diagnosis-Scripted/Operational", "Provider_Name": "Microsoft-Windows-Diagnosis-Scripted", "Computer": "DESKTOP-OFJ6N53", "TimeCreated": "2024-03-17 09:05:42.509907+00:00", "RecordID": "444", "Level": "4", "UserID": "S-1-5-21-963789628-1060504924-4285088085-1001", "EventData.PackageId": "MaintenanceDiagnostic"}
{"EventID": "101", "Channel": "Microsoft-Windows-Diagnosis-Scripted/Operational", "Provider_Name": "Microsoft-Windows-Diagnosis-Scripted", "Computer": "DESKTOP-OFJ6N53", "TimeCreated": "2024-03-24 09:05:53.558525+00:00", "RecordID": "445", "Level": "4", "UserID": "S-1-5-21-963789628-1060504924-4285088085-1001", "EventData.PackagePath": "C:\\Windows\\diagnostics\\scheduled\\Maintenance"}
{"EventID": "102", "Channel": "Microsoft-Windows-Diagnosis-Scripted/Operational", "Provider_Name": "Microsoft-Windows-Diagnosis-Scripted", "Computer": "DESKTOP-OFJ6N53", "TimeCreated": "2024-03-24 09:05:53.792011+00:00", "RecordID": "446", "Level": "4", "UserID": "S-1-5-21-963789628-1060504924-4285088085-1001", "EventData.PackagePath": "C:\\Windows\\diagnostics\\scheduled\\Maintenance"}
{"EventID": "103", "Channel": "Microsoft-Windows-Diagnosis-Scripted/Operational", "Provider_Name": "Microsoft-Windows-Diagnosis-Scripted", "Computer": "DESKTOP-OFJ6N53", "TimeCreated": "2024-03-24 09:05:53.794405+00:00", "RecordID": "447", "Level": "4", "UserID": "S-1-5-21-963789628-1060504924-4285088085-1001", "EventData.PackageId": "MaintenanceDiagnostic"}
{"EventID": "104", "Channel": "Microsoft-Windows-Diagnosis-Scripted/Operational", "Provider_Name": "Microsoft-Windows-Diagnosis-Scripted", "Computer": "DESKTOP-OFJ6N53", "TimeCreated": "2024-03-24 09:05:56.716242+00:00", "RecordID": "448", "Level": "4", "UserID": "S-1-5-21-963789628-1060504924-4285088085-1001", "EventData.PackageId": "MaintenanceDiagnostic"}
{"EventID": "101", "Channel": "Microsoft-Windows-Diagnosis-Scripted/Operational", "Provider_Name": "Microsoft-Windows-Diagnosis-Scripted", "Computer": "DESKTOP-OFJ6N53", "TimeCreated": "2024-03-31 09:06:15.180101+00:00", "RecordID": "449", "Level": "4", "UserID": "S-1-5-21-963789628-1060504924-4285088085-1001", "EventData.PackagePath": "C:\\Windows\\diagnostics\\scheduled\\Maintenance"}
{"EventID": "102", "Channel": "Microsoft-Windows-Diagnosis-Scripted/Operational", "Provider_Name": "Microsoft-Windows-Diagnosis-Scripted", "Computer": "DESKTOP-OFJ6N53", "TimeCreated": "2024-03-31 09:06:17.511242+00:00", "RecordID": "450", "Level": "4", "UserID": "S-1-5-21-963789628-1060504924-4285088085-1001", "EventData.PackagePath": "C:\\Windows\\diagnostics\\scheduled\\Maintenance"}
{"EventID": "103", "Channel": "Microsoft-Windows-Diagnosis-Scripted/Operational", "Provider_Name": "Microsoft-Windows-Diagnosis-Scripted", "Computer": "DESKTOP-OFJ6N53", "TimeCreated": "2024-03-31 09:06:17.520710+00:00", "RecordID": "451", "Level": "4", "UserID": "S-1-5-21-963789628-1060504924-4285088085-1001", "EventData.PackageId": "MaintenanceDiagnostic"}
{"EventID": "104", "Channel": "Microsoft-Windows-Diagnosis-Scripted/Operational", "Provider_Name": "Microsoft-Windows-Diagnosis-Scripted", "Computer": "DESKTOP-OFJ6N53", "TimeCreated": "2024-03-31 09:06:35.026764+00:00", "RecordID": "452", "Level": "4", "UserID": "S-1-5-21-963789628-1060504924-4285088085-1001", "EventData.PackageId": "MaintenanceDiagnostic"}
{"EventID": "101", "Channel": "Microsoft-Windows-Diagnosis-Scripted/Operational", "Provider_Name": "Microsoft-Windows-Diagnosis-Scripted", "Computer": "DESKTOP-OFJ6N53", "TimeCreated": "2024-04-07 09:06:35.772762+00:00", "RecordID": "453", "Level": "4", "UserID": "S-1-5-21-963789628-1060504924-4285088085-1001", "EventData.PackagePath": "C:\\Windows\\diagnostics\\scheduled\\Maintenance"}
{"EventID": "102", "Channel": "Microsoft-Windows-Diagnosis-Scripted/Operational", "Provider_Name": "Microsoft-Windows-Diagnosis-Scripted", "Computer": "DESKTOP-OFJ6N53", "TimeCreated": "2024-04-07 09:06:37.377644+00:00", "RecordID": "454", "Level": "4", "UserID": "S-1-5-21-963789628-1060504924-4285088085-1001", "EventData.PackagePath": "C:\\Windows\\diagnostics\\scheduled\\Maintenance"}
{"EventID": "103", "Channel": "Microsoft-Windows-Diagnosis-Scripted/Operational", "Provider_Name": "Microsoft-Windows-Diagnosis-Scripted", "Computer": "DESKTOP-OFJ6N53", "TimeCreated": "2024-04-07 09:06:37.380819+00:00", "RecordID": "455", "Level": "4", "UserID": "S-1-5-21-963789628-1060504924-4285088085-1001", "EventData.PackageId": "MaintenanceDiagnostic"}
{"EventID": "104", "Channel": "Microsoft-Windows-Diagnosis-Scripted/Operational", "Provider_Name": "Microsoft-Windows-Diagnosis-Scripted", "Computer": "DESKTOP-OFJ6N53", "TimeCreated": "2024-04-07 09:06:50.660183+00:00", "RecordID": "456", "Level": "4", "UserID": "S-1-5-21-963789628-1060504924-4285088085-1001", "EventData.PackageId": "MaintenanceDiagnostic"}
{"EventID": "101", "Channel": "Microsoft-Windows-Diagnosis-Scripted/Operational", "Provider_Name": "Microsoft-Windows-Diagnosis-Scripted", "Computer": "DESKTOP-OFJ6N53", "TimeCreated": "2024-04-14 08:53:10.842276+00:00", "RecordID": "457", "Level": "4", "UserID": "S-1-5-21-963789628-1060504924-4285088085-1001", "EventData.PackagePath": "C:\\Windows\\diagnostics\\scheduled\\Maintenance"}
{"EventID": "102", "Channel": "Microsoft-Windows-Diagnosis-Scripted/Operational", "Provider_Name": "Microsoft-Windows-Diagnosis-Scripted", "Computer": "DESKTOP-OFJ6N53", "TimeCreated": "2024-04-14 08:53:12.596346+00:00", "RecordID": "458", "Level": "4", "UserID": "S-1-5-21-963789628-1060504924-4285088085-1001", "EventData.PackagePath": "C:\\Windows\\diagnostics\\scheduled\\Maintenance"}
{"EventID": "103", "Channel": "Microsoft-Windows-Diagnosis-Scripted/Operational", "Provider_Name": "Microsoft-Windows-Diagnosis-Scripted", "Computer": "DESKTOP-OFJ6N53", "TimeCreated": "2024-04-14 08:53:12.599901+00:00", "RecordID": "459", "Level": "4", "UserID": "S-1-5-21-963789628-1060504924-4285088085-1001", "EventData.PackageId": "MaintenanceDiagnostic"}
{"EventID": "104", "Channel": "Microsoft-Windows-Diagnosis-Scripted/Operational", "Provider_Name": "Microsoft-Windows-Diagnosis-Scripted", "Computer": "DESKTOP-OFJ6N53", "TimeCreated": "2024-04-14 08:53:33.090757+00:00", "RecordID": "460", "Level": "4", "UserID": "S-1-5-21-963789628-1060504924-4285088085-1001", "EventData.PackageId": "MaintenanceDiagnostic"}
{"EventID": "101", "Channel": "Microsoft-Windows-Diagnosis-Scripted/Operational", "Provider_Name": "Microsoft-Windows-Diagnosis-Scripted", "Computer": "DESKTOP-OFJ6N53", "TimeCreated": "2024-04-21 08:55:13.413357+00:00", "RecordID": "461", "Level": "4", "UserID": "S-1-5-21-963789628-1060504924-4285088085-1001", "EventData.PackagePath": "C:\\Windows\\diagnostics\\scheduled\\Maintenance"}
{"EventID": "102", "Channel": "Microsoft-Windows-Diagnosis-Scripted/Operational", "Provider_Name": "Microsoft-Windows-Diagnosis-Scripted", "Computer": "DESKTOP-OFJ6N53", "TimeCreated": "2024-04-21 08:55:18.945400+00:00", "RecordID": "462", "Level": "4", "UserID": "S-1-5-21-963789628-1060504924-4285088085-1001", "EventData.PackagePath": "C:\\Windows\\diagnostics\\scheduled\\Maintenance"}
{"EventID": "103", "Channel": "Microsoft-Windows-Diagnosis-Scripted/Operational", "Provider_Name": "Microsoft-Windows-Diagnosis-Scripted", "Computer": "DESKTOP-OFJ6N53", "TimeCreated": "2024-04-21 08:55:18.947344+00:00", "RecordID": "463", "Level": "4", "UserID": "S-1-5-21-963789628-1060504924-4285088085-1001", "EventData.PackageId": "MaintenanceDiagnostic"}
{"EventID": "104", "Channel": "Microsoft-Windows-Diagnosis-Scripted/Operational", "Provider_Name": "Microsoft-Windows-Diagnosis-Scripted", "Computer": "DESKTOP-OFJ6N53", "TimeCreated": "2024-04-21 08:55:39.189976+00:00", "RecordID": "464", "Level": "4", "UserID": "S-1-5-21-963789628-1060504924-4285088085-1001", "EventData.PackageId": "MaintenanceDiagnostic"}
{"EventID": "101", "Channel": "Microsoft-Windows-Diagnosis-Scripted/Operational", "Provider_Name": "Microsoft-Windows-Diagnosis-Scripted", "Computer": "DESKTOP-OFJ6N53", "TimeCreated": "2024-04-29 15:20:29.668362+00:00", "RecordID": "465", "Level": "4", "UserID": "S-1-5-21-963789628-1060504924-4285088085-1001", "EventData.PackagePath": "C:\\Windows\\diagnostics\\scheduled\\Maintenance"}
{"EventID": "102", "Channel": "Microsoft-Windows-Diagnosis-Scripted/Operational", "Provider_Name": "Microsoft-Windows-Diagnosis-Scripted", "Computer": "DESKTOP-OFJ6N53", "TimeCreated": "2024-04-29 15:20:31.588861+00:00", "RecordID": "466", "Level": "4", "UserID": "S-1-5-21-963789628-1060504924-4285088085-1001", "EventData.PackagePath": "C:\\Windows\\diagnostics\\scheduled\\Maintenance"}
{"EventID": "103", "Channel": "Microsoft-Windows-Diagnosis-Scripted/Operational", "Provider_Name": "Microsoft-Windows-Diagnosis-Scripted", "Computer": "DESKTOP-OFJ6N53", "TimeCreated": "2024-04-29 15:20:31.590393+00:00", "RecordID": "467", "Level": "4", "UserID": "S-1-5-21-963789628-1060504924-4285088085-1001", "EventData.PackageId": "MaintenanceDiagnostic"}
{"EventID": "104", "Channel": "Microsoft-Windows-Diagnosis-Scripted/Operational", "Provider_Name": "Microsoft-Windows-Diagnosis-Scripted", "Computer": "DESKTOP-OFJ6N53", "TimeCreated": "2024-04-29 15:20:35.859097+00:00", "RecordID": "468", "Level": "4", "UserID": "S-1-5-21-963789628-1060504924-4285088085-1001", "EventData.PackageId": "MaintenanceDiagnostic"}
{"EventID": "101", "Channel": "Microsoft-Windows-Diagnosis-Scripted/Operational", "Provider_Name": "Microsoft-Windows-Diagnosis-Scripted", "Computer": "DESKTOP-OFJ6N53", "TimeCreated": "2024-05-05 09:11:12.762005+00:00", "RecordID": "469", "Level": "4", "UserID": "S-1-5-21-963789628-1060504924-4285088085-1001", "EventData.PackagePath": "C:\\Windows\\diagnostics\\scheduled\\Maintenance"}
{"EventID": "102", "Channel": "Microsoft-Windows-Diagnosis-Scripted/Operational", "Provider_Name": "Microsoft-Windows-Diagnosis-Scripted", "Computer": "DESKTOP-OFJ6N53", "TimeCreated": "2024-05-05 09:11:20.646767+00:00", "RecordID": "470", "Level": "4", "UserID": "S-1-5-21-963789628-1060504924-4285088085-1001", "EventData.PackagePath": "C:\\Windows\\diagnostics\\scheduled\\Maintenance"}
{"EventID": "103", "Channel": "Microsoft-Windows-Diagnosis-Scripted/Operational", "Provider_Name": "Microsoft-Windows-Diagnosis-Scripted", "Computer": "DESKTOP-OFJ6N53", "TimeCreated": "2024-05-05 09:11:20.649845+00:00", "RecordID": "471", "Level": "4", "UserID": "S-1-5-21-963789628-1060504924-4285088085-1001", "EventData.PackageId": "MaintenanceDiagnostic"}
{"EventID": "104", "Channel": "Microsoft-Windows-Diagnosis-Scripted/Operational", "Provider_Name": "Microsoft-Windows-Diagnosis-Scripted", "Computer": "DESKTOP-OFJ6N53", "TimeCreated": "2024-05-05 09:11:30.230186+00:00", "RecordID": "472", "Level": "4", "UserID": "S-1-5-21-963789628-1060504924-4285088085-1001", "EventData.PackageId": "MaintenanceDiagnostic"}
{"EventID": "101", "Channel": "Microsoft-Windows-Diagnosis-Scripted/Operational", "Provider_Name": "Microsoft-Windows-Diagnosis-Scripted", "Computer": "DESKTOP-OFJ6N53", "TimeCreated": "2024-05-12 09:11:57.034302+00:00", "RecordID": "473", "Level": "4", "UserID": "S-1-5-21-963789628-1060504924-4285088085-1001", "EventData.PackagePath": "C:\\Windows\\diagnostics\\scheduled\\Maintenance"}
{"EventID": "102", "Channel": "Microsoft-Windows-Diagnosis-Scripted/Operational", "Provider_Name": "Microsoft-Windows-Diagnosis-Scripted", "Computer": "DESKTOP-OFJ6N53", "TimeCreated": "2024-05-12 09:11:57.994858+00:00", "RecordID": "474", "Level": "4", "UserID": "S-1-5-21-963789628-1060504924-4285088085-1001", "EventData.PackagePath": "C:\\Windows\\diagnostics\\scheduled\\Maintenance"}
{"EventID": "103", "Channel": "Microsoft-Windows-Diagnosis-Scripted/Operational", "Provider_Name": "Microsoft-Windows-Diagnosis-Scripted", "Computer": "DESKTOP-OFJ6N53", "TimeCreated": "2024-05-12 09:11:57.998848+00:00", "RecordID": "475", "Level": "4", "UserID": "S-1-5-21-963789628-1060504924-4285088085-1001", "EventData.PackageId": "MaintenanceDiagnostic"}
{"EventID": "104", "Channel": "Microsoft-Windows-Diagnosis-Scripted/Operational", "Provider_Name": "Microsoft-Windows-Diagnosis-Scripted", "Computer": "DESKTOP-OFJ6N53", "TimeCreated": "2024-05-12 09:12:06.402306+00:00", "RecordID": "476", "Level": "4", "UserID": "S-1-5-21-963789628-1060504924-4285088085-1001", "EventData.PackageId": "MaintenanceDiagnostic"}
{"EventID": "101", "Channel": "Microsoft-Windows-Diagnosis-Scripted/Operational", "Provider_Name": "Microsoft-Windows-Diagnosis-Scripted", "Computer": "DESKTOP-OFJ6N53", "TimeCreated": "2024-05-19 09:37:42.622734+00:00", "RecordID": "477", "Level": "4", "UserID": "S-1-5-21-963789628-1060504924-4285088085-1001", "EventData.PackagePath": "C:\\Windows\\diagnostics\\scheduled\\Maintenance"}
{"EventID": "102", "Channel": "Microsoft-Windows-Diagnosis-Scripted/Operational", "Provider_Name": "Microsoft-Windows-Diagnosis-Scripted", "Computer": "DESKTOP-OFJ6N53", "TimeCreated": "2024-05-19 09:37:56.719482+00:00", "RecordID": "478", "Level": "4", "UserID": "S-1-5-21-963789628-1060504924-4285088085-1001", "EventData.PackagePath": "C:\\Windows\\diagnostics\\scheduled\\Maintenance"}
{"EventID": "103", "Channel": "Microsoft-Windows-Diagnosis-Scripted/Operational", "Provider_Name": "Microsoft-Windows-Diagnosis-Scripted", "Computer": "DESKTOP-OFJ6N53", "TimeCreated": "2024-05-19 09:37:56.722210+00:00", "RecordID": "479", "Level": "4", "UserID": "S-1-5-21-963789628-1060504924-4285088085-1001", "EventData.PackageId": "MaintenanceDiagnostic"}
{"EventID": "104", "Channel": "Microsoft-Windows-Diagnosis-Scripted/Operational", "Provider_Name": "Microsoft-Windows-Diagnosis-Scripted", "Computer": "DESKTOP-OFJ6N53", "TimeCreated": "2024-05-19 09:38:20.654005+00:00", "RecordID": "480", "Level": "4", "UserID": "S-1-5-21-963789628-1060504924-4285088085-1001", "EventData.PackageId": "MaintenanceDiagnostic"}
{"EventID": "101", "Channel": "Microsoft-Windows-Diagnosis-Scripted/Operational", "Provider_Name": "Microsoft-Windows-Diagnosis-Scripted", "Computer": "DESKTOP-OFJ6N53", "TimeCreated": "2024-05-26 09:37:44.321648+00:00", "RecordID": "481", "Level": "4", "UserID": "S-1-5-21-963789628-1060504924-4285088085-1001", "EventData.PackagePath": "C:\\Windows\\diagnostics\\scheduled\\Maintenance"}
{"EventID": "102", "Channel": "Microsoft-Windows-Diagnosis-Scripted/Operational", "Provider_Name": "Microsoft-Windows-Diagnosis-Scripted", "Computer": "DESKTOP-OFJ6N53", "TimeCreated": "2024-05-26 09:38:02.068674+00:00", "RecordID": "482", "Level": "4", "UserID": "S-1-5-21-963789628-1060504924-4285088085-1001", "EventData.PackagePath": "C:\\Windows\\diagnostics\\scheduled\\Maintenance"}
{"EventID": "103", "Channel": "Microsoft-Windows-Diagnosis-Scripted/Operational", "Provider_Name": "Microsoft-Windows-Diagnosis-Scripted", "Computer": "DESKTOP-OFJ6N53", "TimeCreated": "2024-05-26 09:38:02.072128+00:00", "RecordID": "483", "Level": "4", "UserID": "S-1-5-21-963789628-1060504924-4285088085-1001", "EventData.PackageId": "MaintenanceDiagnostic"}
{"EventID": "104", "Channel": "Microsoft-Windows-Diagnosis-Scripted/Operational", "Provider_Name": "Microsoft-Windows-Diagnosis-Scripted", "Computer": "DESKTOP-OFJ6N53", "TimeCreated": "2024-05-26 09:38:49.990953+00:00", "RecordID": "484", "Level": "4", "UserID": "S-1-5-21-963789628-1060504924-4285088085-1001", "EventData.PackageId": "MaintenanceDiagnostic"}
{"EventID": "101", "Channel": "Microsoft-Windows-Diagnosis-Scripted/Operational", "Provider_Name": "Microsoft-Windows-Diagnosis-Scripted", "Computer": "DESKTOP-OFJ6N53", "TimeCreated": "2024-06-02 08:41:04.138372+00:00", "RecordID": "485", "Level": "4", "UserID": "S-1-5-21-963789628-1060504924-4285088085-1001", "EventData.PackagePath": "C:\\Windows\\diagnostics\\scheduled\\Maintenance"}
{"EventID": "102", "Channel": "Microsoft-Windows-Diagnosis-Scripted/Operational", "Provider_Name": "Microsoft-Windows-Diagnosis-Scripted", "Computer": "DESKTOP-OFJ6N53", "TimeCreated": "2024-06-02 08:41:06.642031+00:00", "RecordID": "486", "Level": "4", "UserID": "S-1-5-21-963789628-1060504924-4285088085-1001", "EventData.PackagePath": "C:\\Windows\\diagnostics\\scheduled\\Maintenance"}
{"EventID": "103", "Channel": "Microsoft-Windows-Diagnosis-Scripted/Operational", "Provider_Name": "Microsoft-Windows-Diagnosis-Scripted", "Computer": "DESKTOP-OFJ6N53", "TimeCreated": "2024-06-02 08:41:06.643938+00:00", "RecordID": "487", "Level": "4", "UserID": "S-1-5-21-963789628-1060504924-4285088085-1001", "EventData.PackageId": "MaintenanceDiagnostic"}
{"EventID": "104", "Channel": "Microsoft-Windows-Diagnosis-Scripted/Operational", "Provider_Name": "Microsoft-Windows-Diagnosis-Scripted", "Computer": "DESKTOP-OFJ6N53", "TimeCreated": "2024-06-02 08:41:17.321712+00:00", "RecordID": "488", "Level": "4", "UserID": "S-1-5-21-963789628-1060504924-4285088085-1001", "EventData.PackageId": "MaintenanceDiagnostic"}
{"EventID": "101", "Channel": "Microsoft-Windows-Diagnosis-Scripted/Operational", "Provider_Name": "Microsoft-Windows-Diagnosis-Scripted", "Computer": "DESKTOP-OFJ6N53", "TimeCreated": "2024-06-09 10:16:34.710989+00:00", "RecordID": "489", "Level": "4", "UserID": "S-1-5-21-963789628-1060504924-4285088085-1001", "EventData.PackagePath": "C:\\Windows\\diagnostics\\scheduled\\Maintenance"}
{"EventID": "102", "Channel": "Microsoft-Windows-Diagnosis-Scripted/Operational", "Provider_Name": "Microsoft-Windows-Diagnosis-Scripted", "Computer": "DESKTOP-OFJ6N53", "TimeCreated": "2024-06-09 10:16:37.284042+00:00", "RecordID": "490", "Level": "4", "UserID": "S-1-5-21-963789628-1060504924-4285088085-1001", "EventData.PackagePath": "C:\\Windows\\diagnostics\\scheduled\\Maintenance"}
{"EventID": "103", "Channel": "Microsoft-Windows-Diagnosis-Scripted/Operational", "Provider_Name": "Microsoft-Windows-Diagnosis-Scripted", "Computer": "DESKTOP-OFJ6N53", "TimeCreated": "2024-06-09 10:16:37.285538+00:00", "RecordID": "491", "Level": "4", "UserID": "S-1-5-21-963789628-1060504924-4285088085-1001", "EventData.PackageId": "MaintenanceDiagnostic"}
{"EventID": "104", "Channel": "Microsoft-Windows-Diagnosis-Scripted/Operational", "Provider_Name": "Microsoft-Windows-Diagnosis-Scripted", "Computer": "DESKTOP-OFJ6N53", "TimeCreated": "2024-06-09 10:16:45.317329+00:00", "RecordID": "492", "Level": "4", "UserID": "S-1-5-21-963789628-1060504924-4285088085-1001", "EventData.PackageId": "MaintenanceDiagnostic"}
{"EventID": "101", "Channel": "Microsoft-Windows-Diagnosis-Scripted/Operational", "Provider_Name": "Microsoft-Windows-Diagnosis-Scripted", "Computer": "DESKTOP-OFJ6N53", "TimeCreated": "2024-06-16 10:18:59.390448+00:00", "RecordID": "493", "Level": "4", "UserID": "S-1-5-21-963789628-1060504924-4285088085-1001", "EventData.PackagePath": "C:\\Windows\\diagnostics\\scheduled\\Maintenance"}
{"EventID": "102", "Channel": "Microsoft-Windows-Diagnosis-Scripted/Operational", "Provider_Name": "Microsoft-Windows-Diagnosis-Scripted", "Computer": "DESKTOP-OFJ6N53", "TimeCreated": "2024-06-16 10:19:00.518902+00:00", "RecordID": "494", "Level": "4", "UserID": "S-1-5-21-963789628-1060504924-4285088085-1001", "EventData.PackagePath": "C:\\Windows\\diagnostics\\scheduled\\Maintenance"}
{"EventID": "103", "Channel": "Microsoft-Windows-Diagnosis-Scripted/Operational", "Provider_Name": "Microsoft-Windows-Diagnosis-Scripted", "Computer": "DESKTOP-OFJ6N53", "TimeCreated": "2024-06-16 10:19:00.521400+00:00", "RecordID": "495", "Level": "4", "UserID": "S-1-5-21-963789628-1060504924-4285088085-1001", "EventData.PackageId": "MaintenanceDiagnostic"}
{"EventID": "104", "Channel": "Microsoft-Windows-Diagnosis-Scripted/Operational", "Provider_Name": "Microsoft-Windows-Diagnosis-Scripted", "Computer": "DESKTOP-OFJ6N53", "TimeCreated": "2024-06-16 10:19:03.547632+00:00", "RecordID": "496", "Level": "4", "UserID": "S-1-5-21-963789628-1060504924-4285088085-1001", "EventData.PackageId": "MaintenanceDiagnostic"}
{"EventID": "101", "Channel": "Microsoft-Windows-Diagnosis-Scripted/Operational", "Provider_Name": "Microsoft-Windows-Diagnosis-Scripted", "Computer": "DESKTOP-OFJ6N53", "TimeCreated": "2024-06-23 10:19:06.829782+00:00", "RecordID": "497", "Level": "4", "UserID": "S-1-5-21-963789628-1060504924-4285088085-1001", "EventData.PackagePath": "C:\\Windows\\diagnostics\\scheduled\\Maintenance"}
{"EventID": "102", "Channel": "Microsoft-Windows-Diagnosis-Scripted/Operational", "Provider_Name": "Microsoft-Windows-Diagnosis-Scripted", "Computer": "DESKTOP-OFJ6N53", "TimeCreated": "2024-06-23 10:19:07.980062+00:00", "RecordID": "498", "Level": "4", "UserID": "S-1-5-21-963789628-1060504924-4285088085-1001", "EventData.PackagePath": "C:\\Windows\\diagnostics\\scheduled\\Maintenance"}
{"EventID": "103", "Channel": "Microsoft-Windows-Diagnosis-Scripted/Operational", "Provider_Name": "Microsoft-Windows-Diagnosis-Scripted", "Computer": "DESKTOP-OFJ6N53", "TimeCreated": "2024-06-23 10:19:07.982744+00:00", "RecordID": "499", "Level": "4", "UserID": "S-1-5-21-963789628-1060504924-4285088085-1001", "EventData.PackageId": "MaintenanceDiagnostic"}
{"EventID": "104", "Channel": "Microsoft-Windows-Diagnosis-Scripted/Operational", "Provider_Name": "Microsoft-Windows-Diagnosis-Scripted", "Computer": "DESKTOP-OFJ6N53", "TimeCreated": "2024-06-23 10:19:10.997660+00:00", "RecordID": "500", "Level": "4", "UserID": "S-1-5-21-963789628-1060504924-4285088085-1001", "EventData.PackageId": "MaintenanceDiagnostic"}
{"EventID": "101", "Channel": "Microsoft-Windows-Diagnosis-Scripted/Operational", "Provider_Name": "Microsoft-Windows-Diagnosis-Scripted", "Computer": "DESKTOP-OFJ6N53", "TimeCreated": "2024-06-30 10:19:06.862501+00:00", "RecordID": "501", "Level": "4", "UserID": "S-1-5-21-963789628-1060504924-4285088085-1001", "EventData.PackagePath": "C:\\Windows\\diagnostics\\scheduled\\Maintenance"}
{"EventID": "102", "Channel": "Microsoft-Windows-Diagnosis-Scripted/Operational", "Provider_Name": "Microsoft-Windows-Diagnosis-Scripted", "Computer": "DESKTOP-OFJ6N53", "TimeCreated": "2024-06-30 10:19:10.870123+00:00", "RecordID": "502", "Level": "4", "UserID": "S-1-5-21-963789628-1060504924-4285088085-1001", "EventData.PackagePath": "C:\\Windows\\diagnostics\\scheduled\\Maintenance"}
{"EventID": "103", "Channel": "Microsoft-Windows-Diagnosis-Scripted/Operational", "Provider_Name": "Microsoft-Windows-Diagnosis-Scripted", "Computer": "DESKTOP-OFJ6N53", "TimeCreated": "2024-06-30 10:19:10.872627+00:00", "RecordID": "503", "Level": "4", "UserID": "S-1-5-21-963789628-1060504924-4285088085-1001", "EventData.PackageId": "MaintenanceDiagnostic"}
{"EventID": "104", "Channel": "Microsoft-Windows-Diagnosis-Scripted/Operational", "Provider_Name": "Microsoft-Windows-Diagnosis-Scripted", "Computer": "DESKTOP-OFJ6N53", "TimeCreated": "2024-06-30 10:19:41.983900+00:00", "RecordID": "504", "Level": "4", "UserID": "S-1-5-21-963789628-1060504924-4285088085-1001", "EventData.PackageId": "MaintenanceDiagnostic"}
{"EventID": "101", "Channel": "Microsoft-Windows-Diagnosis-Scripted/Operational", "Provider_Name": "Microsoft-Windows-Diagnosis-Scripted", "Computer": "DESKTOP-OFJ6N53", "TimeCreated": "2024-07-07 09:21:58.250477+00:00", "RecordID": "505", "Level": "4", "UserID": "S-1-5-21-963789628-1060504924-4285088085-1001", "EventData.PackagePath": "C:\\Windows\\diagnostics\\scheduled\\Maintenance"}
{"EventID": "102", "Channel": "Microsoft-Windows-Diagnosis-Scripted/Operational", "Provider_Name": "Microsoft-Windows-Diagnosis-Scripted", "Computer": "DESKTOP-OFJ6N53", "TimeCreated": "2024-07-07 09:22:00.286312+00:00", "RecordID": "506", "Level": "4", "UserID": "S-1-5-21-963789628-1060504924-4285088085-1001", "EventData.PackagePath": "C:\\Windows\\diagnostics\\scheduled\\Maintenance"}
{"EventID": "103", "Channel": "Microsoft-Windows-Diagnosis-Scripted/Operational", "Provider_Name": "Microsoft-Windows-Diagnosis-Scripted", "Computer": "DESKTOP-OFJ6N53", "TimeCreated": "2024-07-07 09:22:00.288050+00:00", "RecordID": "507", "Level": "4", "UserID": "S-1-5-21-963789628-1060504924-4285088085-1001", "EventData.PackageId": "MaintenanceDiagnostic"}
{"EventID": "104", "Channel": "Microsoft-Windows-Diagnosis-Scripted/Operational", "Provider_Name": "Microsoft-Windows-Diagnosis-Scripted", "Computer": "DESKTOP-OFJ6N53", "TimeCreated": "2024-07-07 09:22:04.794962+00:00", "RecordID": "508", "Level": "4", "UserID": "S-1-5-21-963789628-1060504924-4285088085-1001", "EventData.PackageId": "MaintenanceDiagnostic"}
{"EventID": "101", "Channel": "Microsoft-Windows-Diagnosis-Scripted/Operational", "Provider_Name": "Microsoft-Windows-Diagnosis-Scripted", "Computer": "DESKTOP-OFJ6N53", "TimeCreated": "2024-07-14 08:33:51.345055+00:00", "RecordID": "509", "Level": "4", "UserID": "S-1-5-21-963789628-1060504924-4285088085-1001", "EventData.PackagePath": "C:\\Windows\\diagnostics\\scheduled\\Maintenance"}
{"EventID": "102", "Channel": "Microsoft-Windows-Diagnosis-Scripted/Operational", "Provider_Name": "Microsoft-Windows-Diagnosis-Scripted", "Computer": "DESKTOP-OFJ6N53", "TimeCreated": "2024-07-14 08:33:53.432766+00:00", "RecordID": "510", "Level": "4", "UserID": "S-1-5-21-963789628-1060504924-4285088085-1001", "EventData.PackagePath": "C:\\Windows\\diagnostics\\scheduled\\Maintenance"}
{"EventID": "103", "Channel": "Microsoft-Windows-Diagnosis-Scripted/Operational", "Provider_Name": "Microsoft-Windows-Diagnosis-Scripted", "Computer": "DESKTOP-OFJ6N53", "TimeCreated": "2024-07-14 08:33:53.434351+00:00", "RecordID": "511", "Level": "4", "UserID": "S-1-5-21-963789628-1060504924-4285088085-1001", "EventData.PackageId": "MaintenanceDiagnostic"}
{"EventID": "104", "Channel": "Microsoft-Windows-Diagnosis-Scripted/Operational", "Provider_Name": "Microsoft-Windows-Diagnosis-Scripted", "Computer": "DESKTOP-OFJ6N53", "TimeCreated": "2024-07-14 08:33:58.904745+00:00", "RecordID": "512", "Level": "4", "UserID": "S-1-5-21-963789628-1060504924-4285088085-1001", "EventData.PackageId": "MaintenanceDiagnostic"}
{"EventID": "101", "Channel": "Microsoft-Windows-Diagnosis-Scripted/Operational", "Provider_Name": "Microsoft-Windows-Diagnosis-Scripted", "Computer": "DESKTOP-OFJ6N53", "TimeCreated": "2024-07-21 08:34:06.240610+00:00", "RecordID": "513", "Level": "4", "UserID": "S-1-5-21-963789628-1060504924-4285088085-1001", "EventData.PackagePath": "C:\\Windows\\diagnostics\\scheduled\\Maintenance"}
{"EventID": "102", "Channel": "Microsoft-Windows-Diagnosis-Scripted/Operational", "Provider_Name": "Microsoft-Windows-Diagnosis-Scripted", "Computer": "DESKTOP-OFJ6N53", "TimeCreated": "2024-07-21 08:34:06.558857+00:00", "RecordID": "514", "Level": "4", "UserID": "S-1-5-21-963789628-1060504924-4285088085-1001", "EventData.PackagePath": "C:\\Windows\\diagnostics\\scheduled\\Maintenance"}
{"EventID": "103", "Channel": "Microsoft-Windows-Diagnosis-Scripted/Operational", "Provider_Name": "Microsoft-Windows-Diagnosis-Scripted", "Computer": "DESKTOP-OFJ6N53", "TimeCreated": "2024-07-21 08:34:06.561024+00:00", "RecordID": "515", "Level": "4", "UserID": "S-1-5-21-963789628-1060504924-4285088085-1001", "EventData.PackageId": "MaintenanceDiagnostic"}
{"EventID": "104", "Channel": "Microsoft-Windows-Diagnosis-Scripted/Operational", "Provider_Name": "Microsoft-Windows-Diagnosis-Scripted", "Computer": "DESKTOP-OFJ6N53", "TimeCreated": "2024-07-21 08:34:10.414412+00:00", "RecordID": "516", "Level": "4", "UserID": "S-1-5-21-963789628-1060504924-4285088085-1001", "EventData.PackageId": "MaintenanceDiagnostic"}
{"EventID": "101", "Channel": "Microsoft-Windows-Diagnosis-Scripted/Operational", "Provider_Name": "Microsoft-Windows-Diagnosis-Scripted", "Computer": "DESKTOP-OFJ6N53", "TimeCreated": "2024-07-28 09:26:43.299389+00:00", "RecordID": "517", "Level": "4", "UserID": "S-1-5-21-963789628-1060504924-4285088085-1001", "EventData.PackagePath": "C:\\Windows\\diagnostics\\scheduled\\Maintenance"}
{"EventID": "102", "Channel": "Microsoft-Windows-Diagnosis-Scripted/Operational", "Provider_Name": "Microsoft-Windows-Diagnosis-Scripted", "Computer": "DESKTOP-OFJ6N53", "TimeCreated": "2024-07-28 09:26:43.557663+00:00", "RecordID": "518", "Level": "4", "UserID": "S-1-5-21-963789628-1060504924-4285088085-1001", "EventData.PackagePath": "C:\\Windows\\diagnostics\\scheduled\\Maintenance"}
{"EventID": "103", "Channel": "Microsoft-Windows-Diagnosis-Scripted/Operational", "Provider_Name": "Microsoft-Windows-Diagnosis-Scripted", "Computer": "DESKTOP-OFJ6N53", "TimeCreated": "2024-07-28 09:26:43.559090+00:00", "RecordID": "519", "Level": "4", "UserID": "S-1-5-21-963789628-1060504924-4285088085-1001", "EventData.PackageId": "MaintenanceDiagnostic"}
{"EventID": "104", "Channel": "Microsoft-Windows-Diagnosis-Scripted/Operational", "Provider_Name": "Microsoft-Windows-Diagnosis-Scripted", "Computer": "DESKTOP-OFJ6N53", "TimeCreated": "2024-07-28 09:26:50.407587+00:00", "RecordID": "520", "Level": "4", "UserID": "S-1-5-21-963789628-1060504924-4285088085-1001", "EventData.PackageId": "MaintenanceDiagnostic"}
{"EventID": "101", "Channel": "Microsoft-Windows-Diagnosis-Scripted/Operational", "Provider_Name": "Microsoft-Windows-Diagnosis-Scripted", "Computer": "DESKTOP-OFJ6N53", "TimeCreated": "2024-07-29 17:43:21.431732+00:00", "RecordID": "521", "Level": "4", "UserID": "S-1-5-21-963789628-1060504924-4285088085-1001", "EventData.PackagePath": "C:\\Windows\\diagnostics\\system\\Audio"}
{"EventID": "102", "Channel": "Microsoft-Windows-Diagnosis-Scripted/Operational", "Provider_Name": "Microsoft-Windows-Diagnosis-Scripted", "Computer": "DESKTOP-OFJ6N53", "TimeCreated": "2024-07-29 17:43:21.852684+00:00", "RecordID": "522", "Level": "4", "UserID": "S-1-5-21-963789628-1060504924-4285088085-1001", "EventData.PackagePath": "C:\\Windows\\diagnostics\\system\\Audio"}
{"EventID": "101", "Channel": "Microsoft-Windows-Diagnosis-Scripted/Operational", "Provider_Name": "Microsoft-Windows-Diagnosis-Scripted", "Computer": "DESKTOP-OFJ6N53", "TimeCreated": "2024-07-29 17:43:21.853048+00:00", "RecordID": "523", "Level": "4", "UserID": "S-1-5-21-963789628-1060504924-4285088085-1001", "EventData.PackagePath": "C:\\Windows\\diagnostics\\system\\Device"}
{"EventID": "102", "Channel": "Microsoft-Windows-Diagnosis-Scripted/Operational", "Provider_Name": "Microsoft-Windows-Diagnosis-Scripted", "Computer": "DESKTOP-OFJ6N53", "TimeCreated": "2024-07-29 17:43:22.600903+00:00", "RecordID": "524", "Level": "4", "UserID": "S-1-5-21-963789628-1060504924-4285088085-1001", "EventData.PackagePath": "C:\\Windows\\diagnostics\\system\\Device"}
{"EventID": "103", "Channel": "Microsoft-Windows-Diagnosis-Scripted/Operational", "Provider_Name": "Microsoft-Windows-Diagnosis-Scripted", "Computer": "DESKTOP-OFJ6N53", "TimeCreated": "2024-07-29 17:43:22.603598+00:00", "RecordID": "525", "Level": "4", "UserID": "S-1-5-21-963789628-1060504924-4285088085-1001", "EventData.PackageId": "AudioDiagnostic"}
{"EventID": "201", "Channel": "Microsoft-Windows-Diagnosis-Scripted/Operational", "Provider_Name": "Microsoft-Windows-Diagnosis-Scripted", "Computer": "DESKTOP-OFJ6N53", "TimeCreated": "2024-07-29 17:43:27.561985+00:00", "RecordID": "526", "Level": "3", "UserID": "S-1-5-21-963789628-1060504924-4285088085-1001", "EventData.Status": "2151416064"}
{"EventID": "101", "Channel": "Microsoft-Windows-Diagnosis-Scripted/Operational", "Provider_Name": "Microsoft-Windows-Diagnosis-Scripted", "Computer": "DESKTOP-OFJ6N53", "TimeCreated": "2024-08-04 09:27:00.655720+00:00", "RecordID": "527", "Level": "4", "UserID": "S-1-5-21-963789628-1060504924-4285088085-1001", "EventData.PackagePath": "C:\\Windows\\diagnostics\\scheduled\\Maintenance"}
{"EventID": "102", "Channel": "Microsoft-Windows-Diagnosis-Scripted/Operational", "Provider_Name": "Microsoft-Windows-Diagnosis-Scripted", "Computer": "DESKTOP-OFJ6N53", "TimeCreated": "2024-08-04 09:27:01.244884+00:00", "RecordID": "528", "Level": "4", "UserID": "S-1-5-21-963789628-1060504924-4285088085-1001", "EventData.PackagePath": "C:\\Windows\\diagnostics\\scheduled\\Maintenance"}
{"EventID": "103", "Channel": "Microsoft-Windows-Diagnosis-Scripted/Operational", "Provider_Name": "Microsoft-Windows-Diagnosis-Scripted", "Computer": "DESKTOP-OFJ6N53", "TimeCreated": "2024-08-04 09:27:01.246342+00:00", "RecordID": "529", "Level": "4", "UserID": "S-1-5-21-963789628-1060504924-4285088085-1001", "EventData.PackageId": "MaintenanceDiagnostic"}
{"EventID": "104", "Channel": "Microsoft-Windows-Diagnosis-Scripted/Operational", "Provider_Name": "Microsoft-Windows-Diagnosis-Scripted", "Computer": "DESKTOP-OFJ6N53", "TimeCreated": "2024-08-04 09:27:07.621698+00:00", "RecordID": "530", "Level": "4", "UserID": "S-1-5-21-963789628-1060504924-4285088085-1001", "EventData.PackageId": "MaintenanceDiagnostic"}
{"EventID": "101", "Channel": "Microsoft-Windows-Diagnosis-Scripted/Operational", "Provider_Name": "Microsoft-Windows-Diagnosis-Scripted", "Computer": "DESKTOP-OFJ6N53", "TimeCreated": "2024-08-11 09:27:13.018492+00:00", "RecordID": "531", "Level": "4", "UserID": "S-1-5-21-963789628-1060504924-4285088085-1001", "EventData.PackagePath": "C:\\Windows\\diagnostics\\scheduled\\Maintenance"}
