{"EventID": "1002", "Channel": "Microsoft-Windows-Resource-Exhaustion-Detector/Operational", "Provider_Name": "Microsoft-Windows-Resource-Exhaustion-Detector", "Computer": "DESKTOP-OFJ6N53", "TimeCreated": "2022-11-09 11:29:52.921360+00:00", "RecordID": "169", "Level": "4", "UserID": "S-1-5-18"}
{"EventID": "1002", "Channel": "Microsoft-Windows-Resource-Exhaustion-Detector/Operational", "Provider_Name": "Microsoft-Windows-Resource-Exhaustion-Detector", "Computer": "DESKTOP-OFJ6N53", "TimeCreated": "2022-11-09 14:40:15.210760+00:00", "RecordID": "170", "Level": "4", "UserID": "S-1-5-19"}
{"EventID": "1001", "Channel": "Microsoft-Windows-Resource-Exhaustion-Detector/Operational", "Provider_Name": "Microsoft-Windows-Resource-Exhaustion-Detector", "Computer": "DESKTOP-OFJ6N53", "TimeCreated": "2022-11-09 14:44:52.118120+00:00", "RecordID": "171", "Level": "4", "UserID": "S-1-5-19"}
{"EventID": "1002", "Channel": "Microsoft-Windows-Resource-Exhaustion-Detector/Operational", "Provider_Name": "Microsoft-Windows-Resource-Exhaustion-Detector", "Computer": "DESKTOP-OFJ6N53", "TimeCreated": "2022-11-10 09:27:51.831482+00:00", "RecordID": "172", "Level": "4", "UserID": "S-1-5-19"}
{"EventID": "1001", "Channel": "Microsoft-Windows-Resource-Exhaustion-Detector/Operational", "Provider_Name": "Microsoft-Windows-Resource-Exhaustion-Detector", "Computer": "DESKTOP-OFJ6N53", "TimeCreated": "2022-11-10 09:28:35.207355+00:00", "RecordID": "173", "Level": "4", "UserID": "S-1-5-19"}
{"EventID": "1001", "Channel": "Microsoft-Windows-Resource-Exhaustion-Detector/Operational", "Provider_Name": "Microsoft-Windows-Resource-Exhaustion-Detector", "Computer": "DESKTOP-OFJ6N53", "TimeCreated": "2022-11-10 10:08:37.300093+00:00", "RecordID": "174", "Level": "4", "UserID": "S-1-5-18"}
{"EventID": "1002", "Channel": "Microsoft-Windows-Resource-Exhaustion-Detector/Operational", "Provider_Name": "Microsoft-Windows-Resource-Exhaustion-Detector", "Computer": "DESKTOP-OFJ6N53", "TimeCreated": "2022-11-10 10:38:34.865480+00:00", "RecordID": "175", "Level": "4", "UserID": "S-1-5-18"}
{"EventID": "1001", "Channel": "Microsoft-Windows-Resource-Exhaustion-Detector/Operational", "Provider_Name": "Microsoft-Windows-Resource-Exhaustion-Detector", "Computer": "DESKTOP-OFJ6N53", "TimeCreated": "2022-11-17 17:39:51.692060+00:00", "RecordID": "176", "Level": "4", "UserID": "S-1-5-19"}
{"EventID": "1002", "Channel": "Microsoft-Windows-Resource-Exhaustion-Detector/Operational", "Provider_Name": "Microsoft-Windows-Resource-Exhaustion-Detector", "Computer": "DESKTOP-OFJ6N53", "TimeCreated": "2022-11-18 00:55:40.516443+00:00", "RecordID": "177", "Level": "4", "UserID": "S-1-5-19"}
{"EventID": "1001", "Channel": "Microsoft-Windows-Resource-Exhaustion-Detector/Operational", "Provider_Name": "Microsoft-Windows-Resource-Exhaustion-Detector", "Computer": "DESKTOP-OFJ6N53", "TimeCreated": "2022-11-18 01:07:23.252657+00:00", "RecordID": "178", "Level": "4", "UserID": "S-1-5-19"}
{"EventID": "1001", "Channel": "Microsoft-Windows-Resource-Exhaustion-Detector/Operational", "Provider_Name": "Microsoft-Windows-Resource-Exhaustion-Detector", "Computer": "DESKTOP-OFJ6N53", "TimeCreated": "2022-11-19 20:57:11.906740+00:00", "RecordID": "179", "Level": "4", "UserID": "S-1-5-19"}
{"EventID": "1002", "Channel": "Microsoft-Windows-Resource-Exhaustion-Detector/Operational", "Provider_Name": "Microsoft-Windows-Resource-Exhaustion-Detector", "Computer": "DESKTOP-OFJ6N53", "TimeCreated": "2022-11-21 07:55:32.498323+00:00", "RecordID": "180", "Level": "4", "UserID": "S-1-5-19"}
{"EventID": "1001", "Channel": "Microsoft-Windows-Resource-Exhaustion-Detector/Operational", "Provider_Name": "Microsoft-Windows-Resource-Exhaustion-Detector", "Computer": "DESKTOP-OFJ6N53", "TimeCreated": "2022-11-21 07:56:46.067535+00:00", "RecordID": "181", "Level": "4", "UserID": "S-1-5-19"}
{"EventID": "1001", "Channel": "Microsoft-Windows-Resource-Exhaustion-Detector/Operational", "Provider_Name": "Microsoft-Windows-Resource-Exhaustion-Detector", "Computer": "DESKTOP-OFJ6N53", "TimeCreated": "2022-11-22 07:13:41.907242+00:00", "RecordID": "182", "Level": "4", "UserID": "S-1-5-18"}
{"EventID": "1002", "Channel": "Microsoft-Windows-Resource-Exhaustion-Detector/Operational", "Provider_Name": "Microsoft-Windows-Resource-Exhaustion-Detector", "Computer": "DESKTOP-OFJ6N53", "TimeCreated": "2022-11-22 07:18:53.154764+00:00", "RecordID": "183", "Level": "4", "UserID": "S-1-5-18"}
{"EventID": "1002", "Channel": "Microsoft-Windows-Resource-Exhaustion-Detector/Operational", "Provider_Name": "Microsoft-Windows-Resource-Exhaustion-Detector", "Computer": "DESKTOP-OFJ6N53", "TimeCreated": "2022-11-22 07:18:53.596722+00:00", "RecordID": "184", "Level": "4", "UserID": "S-1-5-19"}
{"EventID": "1001", "Channel": "Microsoft-Windows-Resource-Exhaustion-Detector/Operational", "Provider_Name": "Microsoft-Windows-Resource-Exhaustion-Detector", "Computer": "DESKTOP-OFJ6N53", "TimeCreated": "2022-11-22 07:20:07.413103+00:00", "RecordID": "185", "Level": "4", "UserID": "S-1-5-19"}
{"EventID": "1002", "Channel": "Microsoft-Windows-Resource-Exhaustion-Detector/Operational", "Provider_Name": "Microsoft-Windows-Resource-Exhaustion-Detector", "Computer": "DESKTOP-OFJ6N53", "TimeCreated": "2022-11-22 11:55:52.518967+00:00", "RecordID": "186", "Level": "4", "UserID": "S-1-5-19"}
{"EventID": "1001", "Channel": "Microsoft-Windows-Resource-Exhaustion-Detector/Operational", "Provider_Name": "Microsoft-Windows-Resource-Exhaustion-Detector", "Computer": "DESKTOP-OFJ6N53", "TimeCreated": "2022-11-22 11:58:27.551758+00:00", "RecordID": "187", "Level": "4", "UserID": "S-1-5-19"}
{"EventID": "1002", "Channel": "Microsoft-Windows-Resource-Exhaustion-Detector/Operational", "Provider_Name": "Microsoft-Windows-Resource-Exhaustion-Detector", "Computer": "DESKTOP-OFJ6N53", "TimeCreated": "2022-11-24 10:51:27.522631+00:00", "RecordID": "188", "Level": "4", "UserID": "S-1-5-19"}
{"EventID": "1001", "Channel": "Microsoft-Windows-Resource-Exhaustion-Detector/Operational", "Provider_Name": "Microsoft-Windows-Resource-Exhaustion-Detector", "Computer": "DESKTOP-OFJ6N53", "TimeCreated": "2022-11-24 10:54:11.603592+00:00", "RecordID": "189", "Level": "4", "UserID": "S-1-5-19"}
{"EventID": "1002", "Channel": "Microsoft-Windows-Resource-Exhaustion-Detector/Operational", "Provider_Name": "Microsoft-Windows-Resource-Exhaustion-Detector", "Computer": "DESKTOP-OFJ6N53", "TimeCreated": "2022-11-28 11:04:15.068079+00:00", "RecordID": "190", "Level": "4", "UserID": "S-1-5-19"}
{"EventID": "1001", "Channel": "Microsoft-Windows-Resource-Exhaustion-Detector/Operational", "Provider_Name": "Microsoft-Windows-Resource-Exhaustion-Detector", "Computer": "DESKTOP-OFJ6N53", "TimeCreated": "2022-11-28 11:17:06.468334+00:00", "RecordID": "191", "Level": "4", "UserID": "S-1-5-19"}
{"EventID": "1002", "Channel": "Microsoft-Windows-Resource-Exhaustion-Detector/Operational", "Provider_Name": "Microsoft-Windows-Resource-Exhaustion-Detector", "Computer": "DESKTOP-OFJ6N53", "TimeCreated": "2022-11-30 10:04:07.399927+00:00", "RecordID": "192", "Level": "4", "UserID": "S-1-5-19"}
{"EventID": "1001", "Channel": "Microsoft-Windows-Resource-Exhaustion-Detector/Operational", "Provider_Name": "Microsoft-Windows-Resource-Exhaustion-Detector", "Computer": "DESKTOP-OFJ6N53", "TimeCreated": "2022-11-30 10:10:26.001413+00:00", "RecordID": "193", "Level": "4", "UserID": "S-1-5-19"}
{"EventID": "1002", "Channel": "Microsoft-Windows-Resource-Exhaustion-Detector/Operational", "Provider_Name": "Microsoft-Windows-Resource-Exhaustion-Detector", "Computer": "DESKTOP-OFJ6N53", "TimeCreated": "2022-12-06 11:55:49.942493+00:00", "RecordID": "194", "Level": "4", "UserID": "S-1-5-19"}
{"EventID": "1001", "Channel": "Microsoft-Windows-Resource-Exhaustion-Detector/Operational", "Provider_Name": "Microsoft-Windows-Resource-Exhaustion-Detector", "Computer": "DESKTOP-OFJ6N53", "TimeCreated": "2022-12-06 11:57:25.021797+00:00", "RecordID": "195", "Level": "4", "UserID": "S-1-5-19"}
{"EventID": "1002", "Channel": "Microsoft-Windows-Resource-Exhaustion-Detector/Operational", "Provider_Name": "Microsoft-Windows-Resource-Exhaustion-Detector", "Computer": "DESKTOP-OFJ6N53", "TimeCreated": "2022-12-09 11:51:01.909674+00:00", "RecordID": "196", "Level": "4", "UserID": "S-1-5-19"}
{"EventID": "1001", "Channel": "Microsoft-Windows-Resource-Exhaustion-Detector/Operational", "Provider_Name": "Microsoft-Windows-Resource-Exhaustion-Detector", "Computer": "DESKTOP-OFJ6N53", "TimeCreated": "2022-12-09 11:52:02.660610+00:00", "RecordID": "197", "Level": "4", "UserID": "S-1-5-19"}
{"EventID": "1002", "Channel": "Microsoft-Windows-Resource-Exhaustion-Detector/Operational", "Provider_Name": "Microsoft-Windows-Resource-Exhaustion-Detector", "Computer": "DESKTOP-OFJ6N53", "TimeCreated": "2022-12-12 15:19:15.096493+00:00", "RecordID": "198", "Level": "4", "UserID": "S-1-5-19"}
{"EventID": "1001", "Channel": "Microsoft-Windows-Resource-Exhaustion-Detector/Operational", "Provider_Name": "Microsoft-Windows-Resource-Exhaustion-Detector", "Computer": "DESKTOP-OFJ6N53", "TimeCreated": "2022-12-12 15:21:51.306185+00:00", "RecordID": "199", "Level": "4", "UserID": "S-1-5-19"}
{"EventID": "1002", "Channel": "Microsoft-Windows-Resource-Exhaustion-Detector/Operational", "Provider_Name": "Microsoft-Windows-Resource-Exhaustion-Detector", "Computer": "DESKTOP-OFJ6N53", "TimeCreated": "2022-12-14 12:45:47.599623+00:00", "RecordID": "200", "Level": "4", "UserID": "S-1-5-19"}
{"EventID": "1001", "Channel": "Microsoft-Windows-Resource-Exhaustion-Detector/Operational", "Provider_Name": "Microsoft-Windows-Resource-Exhaustion-Detector", "Computer": "DESKTOP-OFJ6N53", "TimeCreated": "2022-12-14 12:51:15.425709+00:00", "RecordID": "201", "Level": "4", "UserID": "S-1-5-19"}
{"EventID": "1002", "Channel": "Microsoft-Windows-Resource-Exhaustion-Detector/Operational", "Provider_Name": "Microsoft-Windows-Resource-Exhaustion-Detector", "Computer": "DESKTOP-OFJ6N53", "TimeCreated": "2022-12-15 08:28:12.688965+00:00", "RecordID": "202", "Level": "4", "UserID": "S-1-5-19"}
{"EventID": "1001", "Channel": "Microsoft-Windows-Resource-Exhaustion-Detector/Operational", "Provider_Name": "Microsoft-Windows-Resource-Exhaustion-Detector", "Computer": "DESKTOP-OFJ6N53", "TimeCreated": "2022-12-15 08:37:07.335073+00:00", "RecordID": "203", "Level": "4", "UserID": "S-1-5-19"}
{"EventID": "1002", "Channel": "Microsoft-Windows-Resource-Exhaustion-Detector/Operational", "Provider_Name": "Microsoft-Windows-Resource-Exhaustion-Detector", "Computer": "DESKTOP-OFJ6N53", "TimeCreated": "2022-12-21 09:54:22.179741+00:00", "RecordID": "204", "Level": "4", "UserID": "S-1-5-19"}
{"EventID": "1001", "Channel": "Microsoft-Windows-Resource-Exhaustion-Detector/Operational", "Provider_Name": "Microsoft-Windows-Resource-Exhaustion-Detector", "Computer": "DESKTOP-OFJ6N53", "TimeCreated": "2022-12-21 10:00:29.426949+00:00", "RecordID": "205", "Level": "4", "UserID": "S-1-5-19"}
{"EventID": "1002", "Channel": "Microsoft-Windows-Resource-Exhaustion-Detector/Operational", "Provider_Name": "Microsoft-Windows-Resource-Exhaustion-Detector", "Computer": "DESKTOP-OFJ6N53", "TimeCreated": "2022-12-27 09:33:47.849911+00:00", "RecordID": "206", "Level": "4", "UserID": "S-1-5-19"}
{"EventID": "1001", "Channel": "Microsoft-Windows-Resource-Exhaustion-Detector/Operational", "Provider_Name": "Microsoft-Windows-Resource-Exhaustion-Detector", "Computer": "DESKTOP-OFJ6N53", "TimeCreated": "2022-12-27 09:44:46.719715+00:00", "RecordID": "207", "Level": "4", "UserID": "S-1-5-19"}
{"EventID": "1002", "Channel": "Microsoft-Windows-Resource-Exhaustion-Detector/Operational", "Provider_Name": "Microsoft-Windows-Resource-Exhaustion-Detector", "Computer": "DESKTOP-OFJ6N53", "TimeCreated": "2022-12-29 12:40:44.079023+00:00", "RecordID": "208", "Level": "4", "UserID": "S-1-5-19"}
{"EventID": "1001", "Channel": "Microsoft-Windows-Resource-Exhaustion-Detector/Operational", "Provider_Name": "Microsoft-Windows-Resource-Exhaustion-Detector", "Computer": "DESKTOP-OFJ6N53", "TimeCreated": "2022-12-29 12:51:42.239199+00:00", "RecordID": "209", "Level": "4", "UserID": "S-1-5-19"}
{"EventID": "1002", "Channel": "Microsoft-Windows-Resource-Exhaustion-Detector/Operational", "Provider_Name": "Microsoft-Windows-Resource-Exhaustion-Detector", "Computer": "DESKTOP-OFJ6N53", "TimeCreated": "2023-01-10 07:48:35.227991+00:00", "RecordID": "210", "Level": "4", "UserID": "S-1-5-19"}
{"EventID": "1001", "Channel": "Microsoft-Windows-Resource-Exhaustion-Detector/Operational", "Provider_Name": "Microsoft-Windows-Resource-Exhaustion-Detector", "Computer": "DESKTOP-OFJ6N53", "TimeCreated": "2023-01-10 07:59:25.531507+00:00", "RecordID": "211", "Level": "4", "UserID": "S-1-5-19"}
{"EventID": "1002", "Channel": "Microsoft-Windows-Resource-Exhaustion-Detector/Operational", "Provider_Name": "Microsoft-Windows-Resource-Exhaustion-Detector", "Computer": "DESKTOP-OFJ6N53", "TimeCreated": "2023-01-11 14:44:39.438334+00:00", "RecordID": "212", "Level": "4", "UserID": "S-1-5-19"}
{"EventID": "1001", "Channel": "Microsoft-Windows-Resource-Exhaustion-Detector/Operational", "Provider_Name": "Microsoft-Windows-Resource-Exhaustion-Detector", "Computer": "DESKTOP-OFJ6N53", "TimeCreated": "2023-01-11 14:55:53.215809+00:00", "RecordID": "213", "Level": "4", "UserID": "S-1-5-19"}
{"EventID": "1002", "Channel": "Microsoft-Windows-Resource-Exhaustion-Detector/Operational", "Provider_Name": "Microsoft-Windows-Resource-Exhaustion-Detector", "Computer": "DESKTOP-OFJ6N53", "TimeCreated": "2023-01-13 13:31:02.782312+00:00", "RecordID": "214", "Level": "4", "UserID": "S-1-5-19"}
{"EventID": "1001", "Channel": "Microsoft-Windows-Resource-Exhaustion-Detector/Operational", "Provider_Name": "Microsoft-Windows-Resource-Exhaustion-Detector", "Computer": "DESKTOP-OFJ6N53", "TimeCreated": "2023-01-13 13:32:04.770300+00:00", "RecordID": "215", "Level": "4", "UserID": "S-1-5-19"}
{"EventID": "1002", "Channel": "Microsoft-Windows-Resource-Exhaustion-Detector/Operational", "Provider_Name": "Microsoft-Windows-Resource-Exhaustion-Detector", "Computer": "DESKTOP-OFJ6N53", "TimeCreated": "2023-01-16 08:13:21.812468+00:00", "RecordID": "216", "Level": "4", "UserID": "S-1-5-19"}
{"EventID": "1001", "Channel": "Microsoft-Windows-Resource-Exhaustion-Detector/Operational", "Provider_Name": "Microsoft-Windows-Resource-Exhaustion-Detector", "Computer": "DESKTOP-OFJ6N53", "TimeCreated": "2023-01-16 08:14:50.449608+00:00", "RecordID": "217", "Level": "4", "UserID": "S-1-5-19"}
{"EventID": "1002", "Channel": "Microsoft-Windows-Resource-Exhaustion-Detector/Operational", "Provider_Name": "Microsoft-Windows-Resource-Exhaustion-Detector", "Computer": "DESKTOP-OFJ6N53", "TimeCreated": "2023-01-17 12:29:09.977547+00:00", "RecordID": "218", "Level": "4", "UserID": "S-1-5-19"}
{"EventID": "1001", "Channel": "Microsoft-Windows-Resource-Exhaustion-Detector/Operational", "Provider_Name": "Microsoft-Windows-Resource-Exhaustion-Detector", "Computer": "DESKTOP-OFJ6N53", "TimeCreated": "2023-01-17 12:30:42.398796+00:00", "RecordID": "219", "Level": "4", "UserID": "S-1-5-19"}
{"EventID": "1002", "Channel": "Microsoft-Windows-Resource-Exhaustion-Detector/Operational", "Provider_Name": "Microsoft-Windows-Resource-Exhaustion-Detector", "Computer": "DESKTOP-OFJ6N53", "TimeCreated": "2023-01-19 07:58:54.696314+00:00", "RecordID": "220", "Level": "4", "UserID": "S-1-5-19"}
{"EventID": "1001", "Channel": "Microsoft-Windows-Resource-Exhaustion-Detector/Operational", "Provider_Name": "Microsoft-Windows-Resource-Exhaustion-Detector", "Computer": "DESKTOP-OFJ6N53", "TimeCreated": "2023-01-19 08:10:18.282871+00:00", "RecordID": "221", "Level": "4", "UserID": "S-1-5-19"}
{"EventID": "1002", "Channel": "Microsoft-Windows-Resource-Exhaustion-Detector/Operational", "Provider_Name": "Microsoft-Windows-Resource-Exhaustion-Detector", "Computer": "DESKTOP-OFJ6N53", "TimeCreated": "2023-01-19 11:54:28.152304+00:00", "RecordID": "222", "Level": "4", "UserID": "S-1-5-19"}
{"EventID": "1001", "Channel": "Microsoft-Windows-Resource-Exhaustion-Detector/Operational", "Provider_Name": "Microsoft-Windows-Resource-Exhaustion-Detector", "Computer": "DESKTOP-OFJ6N53", "TimeCreated": "2023-01-19 11:55:19.327473+00:00", "RecordID": "223", "Level": "4", "UserID": "S-1-5-19"}
{"EventID": "1002", "Channel": "Microsoft-Windows-Resource-Exhaustion-Detector/Operational", "Provider_Name": "Microsoft-Windows-Resource-Exhaustion-Detector", "Computer": "DESKTOP-OFJ6N53", "TimeCreated": "2023-01-20 14:30:18.578758+00:00", "RecordID": "224", "Level": "4", "UserID": "S-1-5-19"}
{"EventID": "1001", "Channel": "Microsoft-Windows-Resource-Exhaustion-Detector/Operational", "Provider_Name": "Microsoft-Windows-Resource-Exhaustion-Detector", "Computer": "DESKTOP-OFJ6N53", "TimeCreated": "2023-01-20 14:41:05.451925+00:00", "RecordID": "225", "Level": "4", "UserID": "S-1-5-19"}
{"EventID": "1002", "Channel": "Microsoft-Windows-Resource-Exhaustion-Detector/Operational", "Provider_Name": "Microsoft-Windows-Resource-Exhaustion-Detector", "Computer": "DESKTOP-OFJ6N53", "TimeCreated": "2023-01-23 10:18:19.776348+00:00", "RecordID": "226", "Level": "4", "UserID": "S-1-5-19"}
{"EventID": "1001", "Channel": "Microsoft-Windows-Resource-Exhaustion-Detector/Operational", "Provider_Name": "Microsoft-Windows-Resource-Exhaustion-Detector", "Computer": "DESKTOP-OFJ6N53", "TimeCreated": "2023-01-23 10:29:29.703094+00:00", "RecordID": "227", "Level": "4", "UserID": "S-1-5-19"}
{"EventID": "1002", "Channel": "Microsoft-Windows-Resource-Exhaustion-Detector/Operational", "Provider_Name": "Microsoft-Windows-Resource-Exhaustion-Detector", "Computer": "DESKTOP-OFJ6N53", "TimeCreated": "2023-01-23 12:40:10.634394+00:00", "RecordID": "228", "Level": "4", "UserID": "S-1-5-19"}
{"EventID": "1001", "Channel": "Microsoft-Windows-Resource-Exhaustion-Detector/Operational", "Provider_Name": "Microsoft-Windows-Resource-Exhaustion-Detector", "Computer": "DESKTOP-OFJ6N53", "TimeCreated": "2023-01-23 12:51:09.521132+00:00", "RecordID": "229", "Level": "4", "UserID": "S-1-5-19"}
{"EventID": "1002", "Channel": "Microsoft-Windows-Resource-Exhaustion-Detector/Operational", "Provider_Name": "Microsoft-Windows-Resource-Exhaustion-Detector", "Computer": "DESKTOP-OFJ6N53", "TimeCreated": "2023-01-25 08:55:38.282644+00:00", "RecordID": "230", "Level": "4", "UserID": "S-1-5-19"}
{"EventID": "1001", "Channel": "Microsoft-Windows-Resource-Exhaustion-Detector/Operational", "Provider_Name": "Microsoft-Windows-Resource-Exhaustion-Detector", "Computer": "DESKTOP-OFJ6N53", "TimeCreated": "2023-01-25 08:57:42.639719+00:00", "RecordID": "231", "Level": "4", "UserID": "S-1-5-19"}
{"EventID": "1002", "Channel": "Microsoft-Windows-Resource-Exhaustion-Detector/Operational", "Provider_Name": "Microsoft-Windows-Resource-Exhaustion-Detector", "Computer": "DESKTOP-OFJ6N53", "TimeCreated": "2023-01-27 15:03:18.997208+00:00", "RecordID": "232", "Level": "4", "UserID": "S-1-5-19"}
{"EventID": "1001", "Channel": "Microsoft-Windows-Resource-Exhaustion-Detector/Operational", "Provider_Name": "Microsoft-Windows-Resource-Exhaustion-Detector", "Computer": "DESKTOP-OFJ6N53", "TimeCreated": "2023-01-27 15:14:08.822479+00:00", "RecordID": "233", "Level": "4", "UserID": "S-1-5-19"}
{"EventID": "1002", "Channel": "Microsoft-Windows-Resource-Exhaustion-Detector/Operational", "Provider_Name": "Microsoft-Windows-Resource-Exhaustion-Detector", "Computer": "DESKTOP-OFJ6N53", "TimeCreated": "2023-01-30 08:01:21.487869+00:00", "RecordID": "234", "Level": "4", "UserID": "S-1-5-19"}
{"EventID": "1001", "Channel": "Microsoft-Windows-Resource-Exhaustion-Detector/Operational", "Provider_Name": "Microsoft-Windows-Resource-Exhaustion-Detector", "Computer": "DESKTOP-OFJ6N53", "TimeCreated": "2023-01-30 08:07:07.262995+00:00", "RecordID": "235", "Level": "4", "UserID": "S-1-5-19"}
{"EventID": "1001", "Channel": "Microsoft-Windows-Resource-Exhaustion-Detector/Operational", "Provider_Name": "Microsoft-Windows-Resource-Exhaustion-Detector", "Computer": "DESKTOP-OFJ6N53", "TimeCreated": "2023-02-03 14:03:58.489561+00:00", "RecordID": "236", "Level": "4", "UserID": "S-1-5-18"}
{"EventID": "1002", "Channel": "Microsoft-Windows-Resource-Exhaustion-Detector/Operational", "Provider_Name": "Microsoft-Windows-Resource-Exhaustion-Detector", "Computer": "DESKTOP-OFJ6N53", "TimeCreated": "2023-02-03 14:28:22.031281+00:00", "RecordID": "237", "Level": "4", "UserID": "S-1-5-18"}
{"EventID": "1002", "Channel": "Microsoft-Windows-Resource-Exhaustion-Detector/Operational", "Provider_Name": "Microsoft-Windows-Resource-Exhaustion-Detector", "Computer": "DESKTOP-OFJ6N53", "TimeCreated": "2023-02-09 10:48:44.380949+00:00", "RecordID": "238", "Level": "4", "UserID": "S-1-5-19"}
{"EventID": "1001", "Channel": "Microsoft-Windows-Resource-Exhaustion-Detector/Operational", "Provider_Name": "Microsoft-Windows-Resource-Exhaustion-Detector", "Computer": "DESKTOP-OFJ6N53", "TimeCreated": "2023-02-09 10:53:01.282446+00:00", "RecordID": "239", "Level": "4", "UserID": "S-1-5-19"}
{"EventID": "1002", "Channel": "Microsoft-Windows-Resource-Exhaustion-Detector/Operational", "Provider_Name": "Microsoft-Windows-Resource-Exhaustion-Detector", "Computer": "DESKTOP-OFJ6N53", "TimeCreated": "2023-02-14 14:06:32.538971+00:00", "RecordID": "240", "Level": "4", "UserID": "S-1-5-19"}
{"EventID": "1001", "Channel": "Microsoft-Windows-Resource-Exhaustion-Detector/Operational", "Provider_Name": "Microsoft-Windows-Resource-Exhaustion-Detector", "Computer": "DESKTOP-OFJ6N53", "TimeCreated": "2023-02-14 14:08:25.403822+00:00", "RecordID": "241", "Level": "4", "UserID": "S-1-5-19"}
{"EventID": "1002", "Channel": "Microsoft-Windows-Resource-Exhaustion-Detector/Operational", "Provider_Name": "Microsoft-Windows-Resource-Exhaustion-Detector", "Computer": "DESKTOP-OFJ6N53", "TimeCreated": "2023-02-15 12:28:31.630280+00:00", "RecordID": "242", "Level": "4", "UserID": "S-1-5-19"}
{"EventID": "1001", "Channel": "Microsoft-Windows-Resource-Exhaustion-Detector/Operational", "Provider_Name": "Microsoft-Windows-Resource-Exhaustion-Detector", "Computer": "DESKTOP-OFJ6N53", "TimeCreated": "2023-02-15 12:41:01.301394+00:00", "RecordID": "243", "Level": "4", "UserID": "S-1-5-19"}
{"EventID": "1002", "Channel": "Microsoft-Windows-Resource-Exhaustion-Detector/Operational", "Provider_Name": "Microsoft-Windows-Resource-Exhaustion-Detector", "Computer": "DESKTOP-OFJ6N53", "TimeCreated": "2023-02-15 19:09:09.638704+00:00", "RecordID": "244", "Level": "4", "UserID": "S-1-5-19"}
{"EventID": "1001", "Channel": "Microsoft-Windows-Resource-Exhaustion-Detector/Operational", "Provider_Name": "Microsoft-Windows-Resource-Exhaustion-Detector", "Computer": "DESKTOP-OFJ6N53", "TimeCreated": "2023-02-15 19:20:06.500200+00:00", "RecordID": "245", "Level": "4", "UserID": "S-1-5-19"}
{"EventID": "1002", "Channel": "Microsoft-Windows-Resource-Exhaustion-Detector/Operational", "Provider_Name": "Microsoft-Windows-Resource-Exhaustion-Detector", "Computer": "DESKTOP-OFJ6N53", "TimeCreated": "2023-02-16 01:23:24.445332+00:00", "RecordID": "246", "Level": "4", "UserID": "S-1-5-19"}
{"EventID": "1001", "Channel": "Microsoft-Windows-Resource-Exhaustion-Detector/Operational", "Provider_Name": "Microsoft-Windows-Resource-Exhaustion-Detector", "Computer": "DESKTOP-OFJ6N53", "TimeCreated": "2023-02-16 01:34:44.442244+00:00", "RecordID": "247", "Level": "4", "UserID": "S-1-5-19"}
{"EventID": "1002", "Channel": "Microsoft-Windows-Resource-Exhaustion-Detector/Operational", "Provider_Name": "Microsoft-Windows-Resource-Exhaustion-Detector", "Computer": "DESKTOP-OFJ6N53", "TimeCreated": "2023-02-27 19:05:47.297308+00:00", "RecordID": "248", "Level": "4", "UserID": "S-1-5-19"}
{"EventID": "1001", "Channel": "Microsoft-Windows-Resource-Exhaustion-Detector/Operational", "Provider_Name": "Microsoft-Windows-Resource-Exhaustion-Detector", "Computer": "DESKTOP-OFJ6N53", "TimeCreated": "2023-02-27 19:07:06.725658+00:00", "RecordID": "249", "Level": "4", "UserID": "S-1-5-19"}
{"EventID": "1001", "Channel": "Microsoft-Windows-Resource-Exhaustion-Detector/Operational", "Provider_Name": "Microsoft-Windows-Resource-Exhaustion-Detector", "Computer": "DESKTOP-OFJ6N53", "TimeCreated": "2023-03-05 13:38:03.507263+00:00", "RecordID": "250", "Level": "4", "UserID": "S-1-5-18"}
{"EventID": "1002", "Channel": "Microsoft-Windows-Resource-Exhaustion-Detector/Operational", "Provider_Name": "Microsoft-Windows-Resource-Exhaustion-Detector", "Computer": "DESKTOP-OFJ6N53", "TimeCreated": "2023-03-05 14:01:48.002926+00:00", "RecordID": "251", "Level": "4", "UserID": "S-1-5-18"}
{"EventID": "1002", "Channel": "Microsoft-Windows-Resource-Exhaustion-Detector/Operational", "Provider_Name": "Microsoft-Windows-Resource-Exhaustion-Detector", "Computer": "DESKTOP-OFJ6N53", "TimeCreated": "2023-03-06 08:58:17.272129+00:00", "RecordID": "252", "Level": "4", "UserID": "S-1-5-19"}
{"EventID": "1001", "Channel": "Microsoft-Windows-Resource-Exhaustion-Detector/Operational", "Provider_Name": "Microsoft-Windows-Resource-Exhaustion-Detector", "Computer": "DESKTOP-OFJ6N53", "TimeCreated": "2023-03-06 09:09:08.510588+00:00", "RecordID": "253", "Level": "4", "UserID": "S-1-5-19"}
{"EventID": "1002", "Channel": "Microsoft-Windows-Resource-Exhaustion-Detector/Operational", "Provider_Name": "Microsoft-Windows-Resource-Exhaustion-Detector", "Computer": "DESKTOP-OFJ6N53", "TimeCreated": "2023-03-10 12:02:03.481857+00:00", "RecordID": "254", "Level": "4", "UserID": "S-1-5-19"}
{"EventID": "1001", "Channel": "Microsoft-Windows-Resource-Exhaustion-Detector/Operational", "Provider_Name": "Microsoft-Windows-Resource-Exhaustion-Detector", "Computer": "DESKTOP-OFJ6N53", "TimeCreated": "2023-03-10 12:13:48.811899+00:00", "RecordID": "255", "Level": "4", "UserID": "S-1-5-19"}
{"EventID": "1001", "Channel": "Microsoft-Windows-Resource-Exhaustion-Detector/Operational", "Provider_Name": "Microsoft-Windows-Resource-Exhaustion-Detector", "Computer": "DESKTOP-OFJ6N53", "TimeCreated": "2023-03-13 11:19:12.438261+00:00", "RecordID": "256", "Level": "4", "UserID": "S-1-5-19"}
{"EventID": "1001", "Channel": "Microsoft-Windows-Resource-Exhaustion-Detector/Operational", "Provider_Name": "Microsoft-Windows-Resource-Exhaustion-Detector", "Computer": "DESKTOP-OFJ6N53", "TimeCreated": "2023-03-15 09:47:56.906355+00:00", "RecordID": "257", "Level": "4", "UserID": "S-1-5-18"}
{"EventID": "1002", "Channel": "Microsoft-Windows-Resource-Exhaustion-Detector/Operational", "Provider_Name": "Microsoft-Windows-Resource-Exhaustion-Detector", "Computer": "DESKTOP-OFJ6N53", "TimeCreated": "2023-03-15 10:04:16.886162+00:00", "RecordID": "258", "Level": "4", "UserID": "S-1-5-18"}
{"EventID": "1001", "Channel": "Microsoft-Windows-Resource-Exhaustion-Detector/Operational", "Provider_Name": "Microsoft-Windows-Resource-Exhaustion-Detector", "Computer": "DESKTOP-OFJ6N53", "TimeCreated": "2023-03-15 15:13:15.226671+00:00", "RecordID": "259", "Level": "4", "UserID": "S-1-5-18"}
{"EventID": "1002", "Channel": "Microsoft-Windows-Resource-Exhaustion-Detector/Operational", "Provider_Name": "Microsoft-Windows-Resource-Exhaustion-Detector", "Computer": "DESKTOP-OFJ6N53", "TimeCreated": "2023-03-15 15:34:32.290506+00:00", "RecordID": "260", "Level": "4", "UserID": "S-1-5-18"}
{"EventID": "1002", "Channel": "Microsoft-Windows-Resource-Exhaustion-Detector/Operational", "Provider_Name": "Microsoft-Windows-Resource-Exhaustion-Detector", "Computer": "DESKTOP-OFJ6N53", "TimeCreated": "2023-03-15 22:01:13.195463+00:00", "RecordID": "261", "Level": "4", "UserID": "S-1-5-19"}
{"EventID": "1001", "Channel": "Microsoft-Windows-Resource-Exhaustion-Detector/Operational", "Provider_Name": "Microsoft-Windows-Resource-Exhaustion-Detector", "Computer": "DESKTOP-OFJ6N53", "TimeCreated": "2023-03-15 22:13:52.673315+00:00", "RecordID": "262", "Level": "4", "UserID": "S-1-5-19"}
{"EventID": "1002", "Channel": "Microsoft-Windows-Resource-Exhaustion-Detector/Operational", "Provider_Name": "Microsoft-Windows-Resource-Exhaustion-Detector", "Computer": "DESKTOP-OFJ6N53", "TimeCreated": "2023-03-19 01:05:22.966705+00:00", "RecordID": "263", "Level": "4", "UserID": "S-1-5-19"}
{"EventID": "1001", "Channel": "Microsoft-Windows-Resource-Exhaustion-Detector/Operational", "Provider_Name": "Microsoft-Windows-Resource-Exhaustion-Detector", "Computer": "DESKTOP-OFJ6N53", "TimeCreated": "2023-03-19 01:10:32.945448+00:00", "RecordID": "264", "Level": "4", "UserID": "S-1-5-19"}
{"EventID": "1002", "Channel": "Microsoft-Windows-Resource-Exhaustion-Detector/Operational", "Provider_Name": "Microsoft-Windows-Resource-Exhaustion-Detector", "Computer": "DESKTOP-OFJ6N53", "TimeCreated": "2023-03-20 08:27:02.907660+00:00", "RecordID": "265", "Level": "4", "UserID": "S-1-5-19"}
{"EventID": "1001", "Channel": "Microsoft-Windows-Resource-Exhaustion-Detector/Operational", "Provider_Name": "Microsoft-Windows-Resource-Exhaustion-Detector", "Computer": "DESKTOP-OFJ6N53", "TimeCreated": "2023-03-20 08:32:47.395384+00:00", "RecordID": "266", "Level": "4", "UserID": "S-1-5-19"}
{"EventID": "1001", "Channel": "Microsoft-Windows-Resource-Exhaustion-Detector/Operational", "Provider_Name": "Microsoft-Windows-Resource-Exhaustion-Detector", "Computer": "DESKTOP-OFJ6N53", "TimeCreated": "2023-03-23 10:11:26.326052+00:00", "RecordID": "267", "Level": "4", "UserID": "S-1-5-19"}
{"EventID": "1001", "Channel": "Microsoft-Windows-Resource-Exhaustion-Detector/Operational", "Provider_Name": "Microsoft-Windows-Resource-Exhaustion-Detector", "Computer": "DESKTOP-OFJ6N53", "TimeCreated": "2023-03-23 11:24:01.523062+00:00", "RecordID": "268", "Level": "4", "UserID": "S-1-5-18"}
{"EventID": "1002", "Channel": "Microsoft-Windows-Resource-Exhaustion-Detector/Operational", "Provider_Name": "Microsoft-Windows-Resource-Exhaustion-Detector", "Computer": "DESKTOP-OFJ6N53", "TimeCreated": "2023-03-23 11:58:49.395994+00:00", "RecordID": "269", "Level": "4", "UserID": "S-1-5-18"}
{"EventID": "1001", "Channel": "Microsoft-Windows-Resource-Exhaustion-Detector/Operational", "Provider_Name": "Microsoft-Windows-Resource-Exhaustion-Detector", "Computer": "DESKTOP-OFJ6N53", "TimeCreated": "2023-03-28 07:51:49.597897+00:00", "RecordID": "270", "Level": "4", "UserID": "S-1-5-18"}
{"EventID": "1002", "Channel": "Microsoft-Windows-Resource-Exhaustion-Detector/Operational", "Provider_Name": "Microsoft-Windows-Resource-Exhaustion-Detector", "Computer": "DESKTOP-OFJ6N53", "TimeCreated": "2023-03-28 08:17:21.186991+00:00", "RecordID": "271", "Level": "4", "UserID": "S-1-5-18"}
{"EventID": "1002", "Channel": "Microsoft-Windows-Resource-Exhaustion-Detector/Operational", "Provider_Name": "Microsoft-Windows-Resource-Exhaustion-Detector", "Computer": "DESKTOP-OFJ6N53", "TimeCreated": "2023-03-29 11:05:26.629194+00:00", "RecordID": "272", "Level": "4", "UserID": "S-1-5-19"}
{"EventID": "1001", "Channel": "Microsoft-Windows-Resource-Exhaustion-Detector/Operational", "Provider_Name": "Microsoft-Windows-Resource-Exhaustion-Detector", "Computer": "DESKTOP-OFJ6N53", "TimeCreated": "2023-03-29 11:18:40.080269+00:00", "RecordID": "273", "Level": "4", "UserID": "S-1-5-19"}
{"EventID": "1002", "Channel": "Microsoft-Windows-Resource-Exhaustion-Detector/Operational", "Provider_Name": "Microsoft-Windows-Resource-Exhaustion-Detector", "Computer": "DESKTOP-OFJ6N53", "TimeCreated": "2023-04-03 12:03:54.955210+00:00", "RecordID": "274", "Level": "4", "UserID": "S-1-5-19"}
{"EventID": "1001", "Channel": "Microsoft-Windows-Resource-Exhaustion-Detector/Operational", "Provider_Name": "Microsoft-Windows-Resource-Exhaustion-Detector", "Computer": "DESKTOP-OFJ6N53", "TimeCreated": "2023-04-03 12:17:07.353115+00:00", "RecordID": "275", "Level": "4", "UserID": "S-1-5-19"}
{"EventID": "1002", "Channel": "Microsoft-Windows-Resource-Exhaustion-Detector/Operational", "Provider_Name": "Microsoft-Windows-Resource-Exhaustion-Detector", "Computer": "DESKTOP-OFJ6N53", "TimeCreated": "2023-04-03 14:19:41.102798+00:00", "RecordID": "276", "Level": "4", "UserID": "S-1-5-19"}
{"EventID": "1001", "Channel": "Microsoft-Windows-Resource-Exhaustion-Detector/Operational", "Provider_Name": "Microsoft-Windows-Resource-Exhaustion-Detector", "Computer": "DESKTOP-OFJ6N53", "TimeCreated": "2023-04-03 14:31:19.153299+00:00", "RecordID": "277", "Level": "4", "UserID": "S-1-5-19"}
{"EventID": "1001", "Channel": "Microsoft-Windows-Resource-Exhaustion-Detector/Operational", "Provider_Name": "Microsoft-Windows-Resource-Exhaustion-Detector", "Computer": "DESKTOP-OFJ6N53", "TimeCreated": "2023-04-04 06:32:22.821865+00:00", "RecordID": "278", "Level": "4", "UserID": "S-1-5-19"}
{"EventID": "1002", "Channel": "Microsoft-Windows-Resource-Exhaustion-Detector/Operational", "Provider_Name": "Microsoft-Windows-Resource-Exhaustion-Detector", "Computer": "DESKTOP-OFJ6N53", "TimeCreated": "2023-04-05 07:26:31.430573+00:00", "RecordID": "279", "Level": "4", "UserID": "S-1-5-19"}
{"EventID": "1001", "Channel": "Microsoft-Windows-Resource-Exhaustion-Detector/Operational", "Provider_Name": "Microsoft-Windows-Resource-Exhaustion-Detector", "Computer": "DESKTOP-OFJ6N53", "TimeCreated": "2023-04-05 07:29:16.780924+00:00", "RecordID": "280", "Level": "4", "UserID": "S-1-5-19"}
{"EventID": "1002", "Channel": "Microsoft-Windows-Resource-Exhaustion-Detector/Operational", "Provider_Name": "Microsoft-Windows-Resource-Exhaustion-Detector", "Computer": "DESKTOP-OFJ6N53", "TimeCreated": "2023-04-05 15:15:34.739626+00:00", "RecordID": "281", "Level": "4", "UserID": "S-1-5-19"}
{"EventID": "1001", "Channel": "Microsoft-Windows-Resource-Exhaustion-Detector/Operational", "Provider_Name": "Microsoft-Windows-Resource-Exhaustion-Detector", "Computer": "DESKTOP-OFJ6N53", "TimeCreated": "2023-04-05 15:19:55.961153+00:00", "RecordID": "282", "Level": "4", "UserID": "S-1-5-19"}
{"EventID": "1002", "Channel": "Microsoft-Windows-Resource-Exhaustion-Detector/Operational", "Provider_Name": "Microsoft-Windows-Resource-Exhaustion-Detector", "Computer": "DESKTOP-OFJ6N53", "TimeCreated": "2023-04-11 19:38:34.147551+00:00", "RecordID": "283", "Level": "4", "UserID": "S-1-5-19"}
{"EventID": "1001", "Channel": "Microsoft-Windows-Resource-Exhaustion-Detector/Operational", "Provider_Name": "Microsoft-Windows-Resource-Exhaustion-Detector", "Computer": "DESKTOP-OFJ6N53", "TimeCreated": "2023-04-11 19:51:48.757858+00:00", "RecordID": "284", "Level": "4", "UserID": "S-1-5-19"}
{"EventID": "1002", "Channel": "Microsoft-Windows-Resource-Exhaustion-Detector/Operational", "Provider_Name": "Microsoft-Windows-Resource-Exhaustion-Detector", "Computer": "DESKTOP-OFJ6N53", "TimeCreated": "2023-04-12 17:25:56.690744+00:00", "RecordID": "285", "Level": "4", "UserID": "S-1-5-19"}
{"EventID": "1001", "Channel": "Microsoft-Windows-Resource-Exhaustion-Detector/Operational", "Provider_Name": "Microsoft-Windows-Resource-Exhaustion-Detector", "Computer": "DESKTOP-OFJ6N53", "TimeCreated": "2023-04-12 17:37:36.163330+00:00", "RecordID": "286", "Level": "4", "UserID": "S-1-5-19"}
{"EventID": "1002", "Channel": "Microsoft-Windows-Resource-Exhaustion-Detector/Operational", "Provider_Name": "Microsoft-Windows-Resource-Exhaustion-Detector", "Computer": "DESKTOP-OFJ6N53", "TimeCreated": "2023-04-22 12:23:36.409695+00:00", "RecordID": "287", "Level": "4", "UserID": "S-1-5-19"}
{"EventID": "1001", "Channel": "Microsoft-Windows-Resource-Exhaustion-Detector/Operational", "Provider_Name": "Microsoft-Windows-Resource-Exhaustion-Detector", "Computer": "DESKTOP-OFJ6N53", "TimeCreated": "2023-04-22 12:25:27.408722+00:00", "RecordID": "288", "Level": "4", "UserID": "S-1-5-19"}
{"EventID": "1001", "Channel": "Microsoft-Windows-Resource-Exhaustion-Detector/Operational", "Provider_Name": "Microsoft-Windows-Resource-Exhaustion-Detector", "Computer": "DESKTOP-OFJ6N53", "TimeCreated": "2023-04-26 10:05:25.983305+00:00", "RecordID": "289", "Level": "4", "UserID": "S-1-5-19"}
{"EventID": "1002", "Channel": "Microsoft-Windows-Resource-Exhaustion-Detector/Operational", "Provider_Name": "Microsoft-Windows-Resource-Exhaustion-Detector", "Computer": "DESKTOP-OFJ6N53", "TimeCreated": "2023-05-02 20:27:04.588305+00:00", "RecordID": "290", "Level": "4", "UserID": "S-1-5-19"}
{"EventID": "1001", "Channel": "Microsoft-Windows-Resource-Exhaustion-Detector/Operational", "Provider_Name": "Microsoft-Windows-Resource-Exhaustion-Detector", "Computer": "DESKTOP-OFJ6N53", "TimeCreated": "2023-05-02 20:28:15.566406+00:00", "RecordID": "291", "Level": "4", "UserID": "S-1-5-19"}
{"EventID": "1001", "Channel": "Microsoft-Windows-Resource-Exhaustion-Detector/Operational", "Provider_Name": "Microsoft-Windows-Resource-Exhaustion-Detector", "Computer": "DESKTOP-OFJ6N53", "TimeCreated": "2023-05-02 20:48:08.947878+00:00", "RecordID": "292", "Level": "4", "UserID": "S-1-5-18"}
{"EventID": "1002", "Channel": "Microsoft-Windows-Resource-Exhaustion-Detector/Operational", "Provider_Name": "Microsoft-Windows-Resource-Exhaustion-Detector", "Computer": "DESKTOP-OFJ6N53", "TimeCreated": "2023-05-02 21:38:06.885677+00:00", "RecordID": "293", "Level": "4", "UserID": "S-1-5-18"}
{"EventID": "1002", "Channel": "Microsoft-Windows-Resource-Exhaustion-Detector/Operational", "Provider_Name": "Microsoft-Windows-Resource-Exhaustion-Detector", "Computer": "DESKTOP-OFJ6N53", "TimeCreated": "2023-05-03 08:14:51.451382+00:00", "RecordID": "294", "Level": "4", "UserID": "S-1-5-19"}
{"EventID": "1001", "Channel": "Microsoft-Windows-Resource-Exhaustion-Detector/Operational", "Provider_Name": "Microsoft-Windows-Resource-Exhaustion-Detector", "Computer": "DESKTOP-OFJ6N53", "TimeCreated": "2023-05-03 08:16:45.799475+00:00", "RecordID": "295", "Level": "4", "UserID": "S-1-5-19"}
{"EventID": "1002", "Channel": "Microsoft-Windows-Resource-Exhaustion-Detector/Operational", "Provider_Name": "Microsoft-Windows-Resource-Exhaustion-Detector", "Computer": "DESKTOP-OFJ6N53", "TimeCreated": "2023-05-10 00:45:14.096825+00:00", "RecordID": "296", "Level": "4", "UserID": "S-1-5-19"}
{"EventID": "1001", "Channel": "Microsoft-Windows-Resource-Exhaustion-Detector/Operational", "Provider_Name": "Microsoft-Windows-Resource-Exhaustion-Detector", "Computer": "DESKTOP-OFJ6N53", "TimeCreated": "2023-05-10 00:46:37.435333+00:00", "RecordID": "297", "Level": "4", "UserID": "S-1-5-19"}
{"EventID": "1001", "Channel": "Microsoft-Windows-Resource-Exhaustion-Detector/Operational", "Provider_Name": "Microsoft-Windows-Resource-Exhaustion-Detector", "Computer": "DESKTOP-OFJ6N53", "TimeCreated": "2023-05-10 01:11:02.083529+00:00", "RecordID": "298", "Level": "4", "UserID": "S-1-5-18"}
{"EventID": "1002", "Channel": "Microsoft-Windows-Resource-Exhaustion-Detector/Operational", "Provider_Name": "Microsoft-Windows-Resource-Exhaustion-Detector", "Computer": "DESKTOP-OFJ6N53", "TimeCreated": "2023-05-10 01:55:59.944588+00:00", "RecordID": "299", "Level": "4", "UserID": "S-1-5-18"}
{"EventID": "1002", "Channel": "Microsoft-Windows-Resource-Exhaustion-Detector/Operational", "Provider_Name": "Microsoft-Windows-Resource-Exhaustion-Detector", "Computer": "DESKTOP-OFJ6N53", "TimeCreated": "2023-05-15 12:19:12.984919+00:00", "RecordID": "300", "Level": "4", "UserID": "S-1-5-19"}
{"EventID": "1001", "Channel": "Microsoft-Windows-Resource-Exhaustion-Detector/Operational", "Provider_Name": "Microsoft-Windows-Resource-Exhaustion-Detector", "Computer": "DESKTOP-OFJ6N53", "TimeCreated": "2023-05-15 12:19:46.993660+00:00", "RecordID": "301", "Level": "4", "UserID": "S-1-5-19"}
{"EventID": "1001", "Channel": "Microsoft-Windows-Resource-Exhaustion-Detector/Operational", "Provider_Name": "Microsoft-Windows-Resource-Exhaustion-Detector", "Computer": "DESKTOP-OFJ6N53", "TimeCreated": "2023-05-16 14:59:10.480562+00:00", "RecordID": "302", "Level": "4", "UserID": "S-1-5-19"}
{"EventID": "1001", "Channel": "Microsoft-Windows-Resource-Exhaustion-Detector/Operational", "Provider_Name": "Microsoft-Windows-Resource-Exhaustion-Detector", "Computer": "DESKTOP-OFJ6N53", "TimeCreated": "2023-06-04 02:13:28.323053+00:00", "RecordID": "303", "Level": "4", "UserID": "S-1-5-18"}
{"EventID": "1002", "Channel": "Microsoft-Windows-Resource-Exhaustion-Detector/Operational", "Provider_Name": "Microsoft-Windows-Resource-Exhaustion-Detector", "Computer": "DESKTOP-OFJ6N53", "TimeCreated": "2023-06-04 02:36:10.379549+00:00", "RecordID": "304", "Level": "4", "UserID": "S-1-5-18"}
{"EventID": "1001", "Channel": "Microsoft-Windows-Resource-Exhaustion-Detector/Operational", "Provider_Name": "Microsoft-Windows-Resource-Exhaustion-Detector", "Computer": "DESKTOP-OFJ6N53", "TimeCreated": "2023-06-06 02:59:11.779842+00:00", "RecordID": "305", "Level": "4", "UserID": "S-1-5-18"}
{"EventID": "1002", "Channel": "Microsoft-Windows-Resource-Exhaustion-Detector/Operational", "Provider_Name": "Microsoft-Windows-Resource-Exhaustion-Detector", "Computer": "DESKTOP-OFJ6N53", "TimeCreated": "2023-06-06 03:21:23.630346+00:00", "RecordID": "306", "Level": "4", "UserID": "S-1-5-18"}
{"EventID": "1001", "Channel": "Microsoft-Windows-Resource-Exhaustion-Detector/Operational", "Provider_Name": "Microsoft-Windows-Resource-Exhaustion-Detector", "Computer": "DESKTOP-OFJ6N53", "TimeCreated": "2023-06-08 03:14:55.709444+00:00", "RecordID": "307", "Level": "4", "UserID": "S-1-5-18"}
{"EventID": "1002", "Channel": "Microsoft-Windows-Resource-Exhaustion-Detector/Operational", "Provider_Name": "Microsoft-Windows-Resource-Exhaustion-Detector", "Computer": "DESKTOP-OFJ6N53", "TimeCreated": "2023-06-08 03:51:27.809546+00:00", "RecordID": "308", "Level": "4", "UserID": "S-1-5-18"}
{"EventID": "1001", "Channel": "Microsoft-Windows-Resource-Exhaustion-Detector/Operational", "Provider_Name": "Microsoft-Windows-Resource-Exhaustion-Detector", "Computer": "DESKTOP-OFJ6N53", "TimeCreated": "2023-06-09 03:30:12.643269+00:00", "RecordID": "309", "Level": "4", "UserID": "S-1-5-18"}
{"EventID": "1002", "Channel": "Microsoft-Windows-Resource-Exhaustion-Detector/Operational", "Provider_Name": "Microsoft-Windows-Resource-Exhaustion-Detector", "Computer": "DESKTOP-OFJ6N53", "TimeCreated": "2023-06-09 03:51:29.913288+00:00", "RecordID": "310", "Level": "4", "UserID": "S-1-5-18"}
{"EventID": "1001", "Channel": "Microsoft-Windows-Resource-Exhaustion-Detector/Operational", "Provider_Name": "Microsoft-Windows-Resource-Exhaustion-Detector", "Computer": "DESKTOP-OFJ6N53", "TimeCreated": "2023-06-09 08:35:16.421431+00:00", "RecordID": "311", "Level": "4", "UserID": "S-1-5-18"}
{"EventID": "1002", "Channel": "Microsoft-Windows-Resource-Exhaustion-Detector/Operational", "Provider_Name": "Microsoft-Windows-Resource-Exhaustion-Detector", "Computer": "DESKTOP-OFJ6N53", "TimeCreated": "2023-06-09 08:38:50.090172+00:00", "RecordID": "312", "Level": "4", "UserID": "S-1-5-18"}
{"EventID": "1002", "Channel": "Microsoft-Windows-Resource-Exhaustion-Detector/Operational", "Provider_Name": "Microsoft-Windows-Resource-Exhaustion-Detector", "Computer": "DESKTOP-OFJ6N53", "TimeCreated": "2023-06-09 08:38:50.674757+00:00", "RecordID": "313", "Level": "4", "UserID": "S-1-5-19"}
{"EventID": "1001", "Channel": "Microsoft-Windows-Resource-Exhaustion-Detector/Operational", "Provider_Name": "Microsoft-Windows-Resource-Exhaustion-Detector", "Computer": "DESKTOP-OFJ6N53", "TimeCreated": "2023-06-09 08:43:00.189514+00:00", "RecordID": "314", "Level": "4", "UserID": "S-1-5-19"}
{"EventID": "1002", "Channel": "Microsoft-Windows-Resource-Exhaustion-Detector/Operational", "Provider_Name": "Microsoft-Windows-Resource-Exhaustion-Detector", "Computer": "DESKTOP-OFJ6N53", "TimeCreated": "2023-06-11 20:59:30.146315+00:00", "RecordID": "315", "Level": "4", "UserID": "S-1-5-19"}
{"EventID": "1001", "Channel": "Microsoft-Windows-Resource-Exhaustion-Detector/Operational", "Provider_Name": "Microsoft-Windows-Resource-Exhaustion-Detector", "Computer": "DESKTOP-OFJ6N53", "TimeCreated": "2023-06-11 21:01:30.693830+00:00", "RecordID": "316", "Level": "4", "UserID": "S-1-5-19"}
{"EventID": "1002", "Channel": "Microsoft-Windows-Resource-Exhaustion-Detector/Operational", "Provider_Name": "Microsoft-Windows-Resource-Exhaustion-Detector", "Computer": "DESKTOP-OFJ6N53", "TimeCreated": "2023-06-13 19:23:51.949261+00:00", "RecordID": "317", "Level": "4", "UserID": "S-1-5-19"}
{"EventID": "1001", "Channel": "Microsoft-Windows-Resource-Exhaustion-Detector/Operational", "Provider_Name": "Microsoft-Windows-Resource-Exhaustion-Detector", "Computer": "DESKTOP-OFJ6N53", "TimeCreated": "2023-06-13 19:35:03.819162+00:00", "RecordID": "318", "Level": "4", "UserID": "S-1-5-19"}
{"EventID": "1001", "Channel": "Microsoft-Windows-Resource-Exhaustion-Detector/Operational", "Provider_Name": "Microsoft-Windows-Resource-Exhaustion-Detector", "Computer": "DESKTOP-OFJ6N53", "TimeCreated": "2023-06-23 16:17:50.564444+00:00", "RecordID": "319", "Level": "4", "UserID": "S-1-5-18"}
{"EventID": "1002", "Channel": "Microsoft-Windows-Resource-Exhaustion-Detector/Operational", "Provider_Name": "Microsoft-Windows-Resource-Exhaustion-Detector", "Computer": "DESKTOP-OFJ6N53", "TimeCreated": "2023-06-23 16:35:59.807447+00:00", "RecordID": "320", "Level": "4", "UserID": "S-1-5-18"}
{"EventID": "1002", "Channel": "Microsoft-Windows-Resource-Exhaustion-Detector/Operational", "Provider_Name": "Microsoft-Windows-Resource-Exhaustion-Detector", "Computer": "DESKTOP-OFJ6N53", "TimeCreated": "2023-06-27 09:46:37.801237+00:00", "RecordID": "321", "Level": "4", "UserID": "S-1-5-19"}
{"EventID": "1001", "Channel": "Microsoft-Windows-Resource-Exhaustion-Detector/Operational", "Provider_Name": "Microsoft-Windows-Resource-Exhaustion-Detector", "Computer": "DESKTOP-OFJ6N53", "TimeCreated": "2023-06-27 09:48:34.817717+00:00", "RecordID": "322", "Level": "4", "UserID": "S-1-5-19"}
{"EventID": "1001", "Channel": "Microsoft-Windows-Resource-Exhaustion-Detector/Operational", "Provider_Name": "Microsoft-Windows-Resource-Exhaustion-Detector", "Computer": "DESKTOP-OFJ6N53", "TimeCreated": "2023-06-28 01:58:11.669544+00:00", "RecordID": "323", "Level": "4", "UserID": "S-1-5-18"}
{"EventID": "1002", "Channel": "Microsoft-Windows-Resource-Exhaustion-Detector/Operational", "Provider_Name": "Microsoft-Windows-Resource-Exhaustion-Detector", "Computer": "DESKTOP-OFJ6N53", "TimeCreated": "2023-06-28 02:27:57.251141+00:00", "RecordID": "324", "Level": "4", "UserID": "S-1-5-18"}
{"EventID": "1001", "Channel": "Microsoft-Windows-Resource-Exhaustion-Detector/Operational", "Provider_Name": "Microsoft-Windows-Resource-Exhaustion-Detector", "Computer": "DESKTOP-OFJ6N53", "TimeCreated": "2023-06-28 08:23:16.085207+00:00", "RecordID": "325", "Level": "4", "UserID": "S-1-5-18"}
{"EventID": "1002", "Channel": "Microsoft-Windows-Resource-Exhaustion-Detector/Operational", "Provider_Name": "Microsoft-Windows-Resource-Exhaustion-Detector", "Computer": "DESKTOP-OFJ6N53", "TimeCreated": "2023-06-28 08:42:57.422968+00:00", "RecordID": "326", "Level": "4", "UserID": "S-1-5-18"}
{"EventID": "1001", "Channel": "Microsoft-Windows-Resource-Exhaustion-Detector/Operational", "Provider_Name": "Microsoft-Windows-Resource-Exhaustion-Detector", "Computer": "DESKTOP-OFJ6N53", "TimeCreated": "2023-06-30 09:59:16.670258+00:00", "RecordID": "327", "Level": "4", "UserID": "S-1-5-18"}
{"EventID": "1002", "Channel": "Microsoft-Windows-Resource-Exhaustion-Detector/Operational", "Provider_Name": "Microsoft-Windows-Resource-Exhaustion-Detector", "Computer": "DESKTOP-OFJ6N53", "TimeCreated": "2023-06-30 10:28:03.989687+00:00", "RecordID": "328", "Level": "4", "UserID": "S-1-5-18"}
{"EventID": "1001", "Channel": "Microsoft-Windows-Resource-Exhaustion-Detector/Operational", "Provider_Name": "Microsoft-Windows-Resource-Exhaustion-Detector", "Computer": "DESKTOP-OFJ6N53", "TimeCreated": "2023-07-02 10:00:17.094831+00:00", "RecordID": "329", "Level": "4", "UserID": "S-1-5-18"}
{"EventID": "1002", "Channel": "Microsoft-Windows-Resource-Exhaustion-Detector/Operational", "Provider_Name": "Microsoft-Windows-Resource-Exhaustion-Detector", "Computer": "DESKTOP-OFJ6N53", "TimeCreated": "2023-07-02 10:28:09.354414+00:00", "RecordID": "330", "Level": "4", "UserID": "S-1-5-18"}
{"EventID": "1002", "Channel": "Microsoft-Windows-Resource-Exhaustion-Detector/Operational", "Provider_Name": "Microsoft-Windows-Resource-Exhaustion-Detector", "Computer": "DESKTOP-OFJ6N53", "TimeCreated": "2023-07-03 07:36:55.978577+00:00", "RecordID": "331", "Level": "4", "UserID": "S-1-5-19"}
{"EventID": "1001", "Channel": "Microsoft-Windows-Resource-Exhaustion-Detector/Operational", "Provider_Name": "Microsoft-Windows-Resource-Exhaustion-Detector", "Computer": "DESKTOP-OFJ6N53", "TimeCreated": "2023-07-03 07:38:48.644154+00:00", "RecordID": "332", "Level": "4", "UserID": "S-1-5-19"}
{"EventID": "1001", "Channel": "Microsoft-Windows-Resource-Exhaustion-Detector/Operational", "Provider_Name": "Microsoft-Windows-Resource-Exhaustion-Detector", "Computer": "DESKTOP-OFJ6N53", "TimeCreated": "2023-07-04 20:38:28.434776+00:00", "RecordID": "333", "Level": "4", "UserID": "S-1-5-18"}
{"EventID": "1002", "Channel": "Microsoft-Windows-Resource-Exhaustion-Detector/Operational", "Provider_Name": "Microsoft-Windows-Resource-Exhaustion-Detector", "Computer": "DESKTOP-OFJ6N53", "TimeCreated": "2023-07-04 21:03:11.546810+00:00", "RecordID": "334", "Level": "4", "UserID": "S-1-5-18"}
{"EventID": "1001", "Channel": "Microsoft-Windows-Resource-Exhaustion-Detector/Operational", "Provider_Name": "Microsoft-Windows-Resource-Exhaustion-Detector", "Computer": "DESKTOP-OFJ6N53", "TimeCreated": "2023-07-05 18:43:36.233025+00:00", "RecordID": "335", "Level": "4", "UserID": "S-1-5-18"}
{"EventID": "1002", "Channel": "Microsoft-Windows-Resource-Exhaustion-Detector/Operational", "Provider_Name": "Microsoft-Windows-Resource-Exhaustion-Detector", "Computer": "DESKTOP-OFJ6N53", "TimeCreated": "2023-07-05 19:03:13.835268+00:00", "RecordID": "336", "Level": "4", "UserID": "S-1-5-18"}
