{"EventID": "325", "Channel": "Microsoft-Windows-AppXDeployment/Operational", "Provider_Name": "Microsoft-Windows-AppXDeployment", "Computer": "DESKTOP-OFJ6N53", "TimeCreated": "2025-08-25 08:55:02.409546+00:00", "RecordID": "652207", "Level": "4", "UserID": "S-1-5-18", "EventData.PackageFamilyName": "Microsoft.Windows.ContentDeliveryManager_cw5n1h2txyewy"}
{"EventID": "325", "Channel": "Microsoft-Windows-AppXDeployment/Operational", "Provider_Name": "Microsoft-Windows-AppXDeployment", "Computer": "DESKTOP-OFJ6N53", "TimeCreated": "2025-08-25 08:55:02.524546+00:00", "RecordID": "652208", "Level": "4", "UserID": "S-1-5-18", "EventData.PackageFamilyName": "Microsoft.Windows.ContentDeliveryManager_cw5n1h2txyewy"}
{"EventID": "325", "Channel": "Microsoft-Windows-AppXDeployment/Operational", "Provider_Name": "Microsoft-Windows-AppXDeployment", "Computer": "DESKTOP-OFJ6N53", "TimeCreated": "2025-08-25 08:55:02.721403+00:00", "RecordID": "652209", "Level": "4", "UserID": "S-1-5-18", "EventData.PackageFamilyName": "Microsoft.Windows.ContentDeliveryManager_cw5n1h2txyewy"}
{"EventID": "325", "Channel": "Microsoft-Windows-AppXDeployment/Operational", "Provider_Name": "Microsoft-Windows-AppXDeployment", "Computer": "DESKTOP-OFJ6N53", "TimeCreated": "2025-08-25 08:55:02.842371+00:00", "RecordID": "652210", "Level": "4", "UserID": "S-1-5-18", "EventData.PackageFamilyName": "Microsoft.Windows.ContentDeliveryManager_cw5n1h2txyewy"}
{"EventID": "325", "Channel": "Microsoft-Windows-AppXDeployment/Operational", "Provider_Name": "Microsoft-Windows-AppXDeployment", "Computer": "DESKTOP-OFJ6N53", "TimeCreated": "2025-08-25 08:55:02.948940+00:00", "RecordID": "652211", "Level": "4", "UserID": "S-1-5-18", "EventData.PackageFamilyName": "Microsoft.Windows.ContentDeliveryManager_cw5n1h2txyewy"}
{"EventID": "325", "Channel": "Microsoft-Windows-AppXDeployment/Operational", "Provider_Name": "Microsoft-Windows-AppXDeployment", "Computer": "DESKTOP-OFJ6N53", "TimeCreated": "2025-08-25 08:55:03.060873+00:00", "RecordID": "652212", "Level": "4", "UserID": "S-1-5-18", "EventData.PackageFamilyName": "Microsoft.Windows.ContentDeliveryManager_cw5n1h2txyewy"}
{"EventID": "325", "Channel": "Microsoft-Windows-AppXDeployment/Operational", "Provider_Name": "Microsoft-Windows-AppXDeployment", "Computer": "DESKTOP-OFJ6N53", "TimeCreated": "2025-08-25 08:55:04.160019+00:00", "RecordID": "652213", "Level": "4", "UserID": "S-1-5-18", "EventData.PackageFamilyName": "Microsoft.Windows.ContentDeliveryManager_cw5n1h2txyewy"}
{"EventID": "325", "Channel": "Microsoft-Windows-AppXDeployment/Operational", "Provider_Name": "Microsoft-Windows-AppXDeployment", "Computer": "DESKTOP-OFJ6N53", "TimeCreated": "2025-08-25 08:55:04.290203+00:00", "RecordID": "652214", "Level": "4", "UserID": "S-1-5-18", "EventData.PackageFamilyName": "Microsoft.Windows.ContentDeliveryManager_cw5n1h2txyewy"}
{"EventID": "325", "Channel": "Microsoft-Windows-AppXDeployment/Operational", "Provider_Name": "Microsoft-Windows-AppXDeployment", "Computer": "DESKTOP-OFJ6N53", "TimeCreated": "2025-08-25 08:55:04.412985+00:00", "RecordID": "652215", "Level": "4", "UserID": "S-1-5-18", "EventData.PackageFamilyName": "Microsoft.Windows.ContentDeliveryManager_cw5n1h2txyewy"}
{"EventID": "325", "Channel": "Microsoft-Windows-AppXDeployment/Operational", "Provider_Name": "Microsoft-Windows-AppXDeployment", "Computer": "DESKTOP-OFJ6N53", "TimeCreated": "2025-08-25 08:55:04.487621+00:00", "RecordID": "652216", "Level": "4", "UserID": "S-1-5-18", "EventData.PackageFamilyName": "Microsoft.Windows.ContentDeliveryManager_cw5n1h2txyewy"}
{"EventID": "325", "Channel": "Microsoft-Windows-AppXDeployment/Operational", "Provider_Name": "Microsoft-Windows-AppXDeployment", "Computer": "DESKTOP-OFJ6N53", "TimeCreated": "2025-08-25 08:55:04.705610+00:00", "RecordID": "652217", "Level": "4", "UserID": "S-1-5-18", "EventData.PackageFamilyName": "Microsoft.Windows.ContentDeliveryManager_cw5n1h2txyewy"}
{"EventID": "325", "Channel": "Microsoft-Windows-AppXDeployment/Operational", "Provider_Name": "Microsoft-Windows-AppXDeployment", "Computer": "DESKTOP-OFJ6N53", "TimeCreated": "2025-08-25 08:55:04.933315+00:00", "RecordID": "652218", "Level": "4", "UserID": "S-1-5-18", "EventData.PackageFamilyName": "Microsoft.Windows.ContentDeliveryManager_cw5n1h2txyewy"}
{"EventID": "325", "Channel": "Microsoft-Windows-AppXDeployment/Operational", "Provider_Name": "Microsoft-Windows-AppXDeployment", "Computer": "DESKTOP-OFJ6N53", "TimeCreated": "2025-08-25 08:55:05.121197+00:00", "RecordID": "652219", "Level": "4", "UserID": "S-1-5-18", "EventData.PackageFamilyName": "Microsoft.Windows.ContentDeliveryManager_cw5n1h2txyewy"}
{"EventID": "325", "Channel": "Microsoft-Windows-AppXDeployment/Operational", "Provider_Name": "Microsoft-Windows-AppXDeployment", "Computer": "DESKTOP-OFJ6N53", "TimeCreated": "2025-08-25 08:55:05.341425+00:00", "RecordID": "652220", "Level": "4", "UserID": "S-1-5-18", "EventData.PackageFamilyName": "Microsoft.Windows.ContentDeliveryManager_cw5n1h2txyewy"}
{"EventID": "325", "Channel": "Microsoft-Windows-AppXDeployment/Operational", "Provider_Name": "Microsoft-Windows-AppXDeployment", "Computer": "DESKTOP-OFJ6N53", "TimeCreated": "2025-08-25 08:55:05.518394+00:00", "RecordID": "652221", "Level": "4", "UserID": "S-1-5-18", "EventData.PackageFamilyName": "Microsoft.Windows.ContentDeliveryManager_cw5n1h2txyewy"}
{"EventID": "325", "Channel": "Microsoft-Windows-AppXDeployment/Operational", "Provider_Name": "Microsoft-Windows-AppXDeployment", "Computer": "DESKTOP-OFJ6N53", "TimeCreated": "2025-08-25 08:55:05.631500+00:00", "RecordID": "652222", "Level": "4", "UserID": "S-1-5-18", "EventData.PackageFamilyName": "Microsoft.Windows.ContentDeliveryManager_cw5n1h2txyewy"}
{"EventID": "325", "Channel": "Microsoft-Windows-AppXDeployment/Operational", "Provider_Name": "Microsoft-Windows-AppXDeployment", "Computer": "DESKTOP-OFJ6N53", "TimeCreated": "2025-08-25 08:55:05.733557+00:00", "RecordID": "652223", "Level": "4", "UserID": "S-1-5-18", "EventData.PackageFamilyName": "Microsoft.Windows.ContentDeliveryManager_cw5n1h2txyewy"}
{"EventID": "325", "Channel": "Microsoft-Windows-AppXDeployment/Operational", "Provider_Name": "Microsoft-Windows-AppXDeployment", "Computer": "DESKTOP-OFJ6N53", "TimeCreated": "2025-08-25 08:55:05.867130+00:00", "RecordID": "652224", "Level": "4", "UserID": "S-1-5-18", "EventData.PackageFamilyName": "Microsoft.Windows.ContentDeliveryManager_cw5n1h2txyewy"}
{"EventID": "325", "Channel": "Microsoft-Windows-AppXDeployment/Operational", "Provider_Name": "Microsoft-Windows-AppXDeployment", "Computer": "DESKTOP-OFJ6N53", "TimeCreated": "2025-08-25 08:55:05.985779+00:00", "RecordID": "652225", "Level": "4", "UserID": "S-1-5-18", "EventData.PackageFamilyName": "Microsoft.Windows.ContentDeliveryManager_cw5n1h2txyewy"}
{"EventID": "325", "Channel": "Microsoft-Windows-AppXDeployment/Operational", "Provider_Name": "Microsoft-Windows-AppXDeployment", "Computer": "DESKTOP-OFJ6N53", "TimeCreated": "2025-08-25 08:55:07.648932+00:00", "RecordID": "652226", "Level": "4", "UserID": "S-1-5-18", "EventData.PackageFamilyName": "Microsoft.Windows.ContentDeliveryManager_cw5n1h2txyewy"}
{"EventID": "325", "Channel": "Microsoft-Windows-AppXDeployment/Operational", "Provider_Name": "Microsoft-Windows-AppXDeployment", "Computer": "DESKTOP-OFJ6N53", "TimeCreated": "2025-08-25 09:00:58.497509+00:00", "RecordID": "652227", "Level": "4", "UserID": "S-1-5-18", "EventData.PackageFamilyName": "Microsoft.Windows.ContentDeliveryManager_cw5n1h2txyewy"}
{"EventID": "325", "Channel": "Microsoft-Windows-AppXDeployment/Operational", "Provider_Name": "Microsoft-Windows-AppXDeployment", "Computer": "DESKTOP-OFJ6N53", "TimeCreated": "2025-08-25 09:00:58.508322+00:00", "RecordID": "652228", "Level": "4", "UserID": "S-1-5-18", "EventData.PackageFamilyName": "Microsoft.Windows.ContentDeliveryManager_cw5n1h2txyewy"}
{"EventID": "325", "Channel": "Microsoft-Windows-AppXDeployment/Operational", "Provider_Name": "Microsoft-Windows-AppXDeployment", "Computer": "DESKTOP-OFJ6N53", "TimeCreated": "2025-08-25 09:00:58.678434+00:00", "RecordID": "652229", "Level": "4", "UserID": "S-1-5-18", "EventData.PackageFamilyName": "Microsoft.Windows.ContentDeliveryManager_cw5n1h2txyewy"}
{"EventID": "325", "Channel": "Microsoft-Windows-AppXDeployment/Operational", "Provider_Name": "Microsoft-Windows-AppXDeployment", "Computer": "DESKTOP-OFJ6N53", "TimeCreated": "2025-08-25 09:00:58.751480+00:00", "RecordID": "652230", "Level": "4", "UserID": "S-1-5-18", "EventData.PackageFamilyName": "Microsoft.AAD.BrokerPlugin_cw5n1h2txyewy"}
{"EventID": "325", "Channel": "Microsoft-Windows-AppXDeployment/Operational", "Provider_Name": "Microsoft-Windows-AppXDeployment", "Computer": "DESKTOP-OFJ6N53", "TimeCreated": "2025-08-25 09:00:58.783466+00:00", "RecordID": "652231", "Level": "4", "UserID": "S-1-5-18", "EventData.PackageFamilyName": "Microsoft.AAD.BrokerPlugin_cw5n1h2txyewy"}
{"EventID": "325", "Channel": "Microsoft-Windows-AppXDeployment/Operational", "Provider_Name": "Microsoft-Windows-AppXDeployment", "Computer": "DESKTOP-OFJ6N53", "TimeCreated": "2025-08-25 09:00:58.794909+00:00", "RecordID": "652232", "Level": "4", "UserID": "S-1-5-18", "EventData.PackageFamilyName": "Microsoft.AAD.BrokerPlugin_cw5n1h2txyewy"}
{"EventID": "325", "Channel": "Microsoft-Windows-AppXDeployment/Operational", "Provider_Name": "Microsoft-Windows-AppXDeployment", "Computer": "DESKTOP-OFJ6N53", "TimeCreated": "2025-08-25 09:09:48.086525+00:00", "RecordID": "652233", "Level": "4", "UserID": "S-1-5-18", "EventData.PackageFamilyName": "Microsoft.Windows.Search_cw5n1h2txyewy"}
{"EventID": "325", "Channel": "Microsoft-Windows-AppXDeployment/Operational", "Provider_Name": "Microsoft-Windows-AppXDeployment", "Computer": "DESKTOP-OFJ6N53", "TimeCreated": "2025-08-25 09:09:48.248413+00:00", "RecordID": "652234", "Level": "4", "UserID": "S-1-5-18", "EventData.PackageFamilyName": "Microsoft.Windows.Search_cw5n1h2txyewy"}
{"EventID": "325", "Channel": "Microsoft-Windows-AppXDeployment/Operational", "Provider_Name": "Microsoft-Windows-AppXDeployment", "Computer": "DESKTOP-OFJ6N53", "TimeCreated": "2025-08-25 09:39:37.109865+00:00", "RecordID": "652235", "Level": "4", "UserID": "S-1-5-18", "EventData.PackageFamilyName": "Microsoft.AAD.BrokerPlugin_cw5n1h2txyewy"}
{"EventID": "325", "Channel": "Microsoft-Windows-AppXDeployment/Operational", "Provider_Name": "Microsoft-Windows-AppXDeployment", "Computer": "DESKTOP-OFJ6N53", "TimeCreated": "2025-08-25 09:39:37.194920+00:00", "RecordID": "652236", "Level": "4", "UserID": "S-1-5-18", "EventData.PackageFamilyName": "Microsoft.AAD.BrokerPlugin_cw5n1h2txyewy"}
{"EventID": "325", "Channel": "Microsoft-Windows-AppXDeployment/Operational", "Provider_Name": "Microsoft-Windows-AppXDeployment", "Computer": "DESKTOP-OFJ6N53", "TimeCreated": "2025-08-25 09:39:37.416471+00:00", "RecordID": "652237", "Level": "4", "UserID": "S-1-5-18", "EventData.PackageFamilyName": "Microsoft.AAD.BrokerPlugin_cw5n1h2txyewy"}
{"EventID": "325", "Channel": "Microsoft-Windows-AppXDeployment/Operational", "Provider_Name": "Microsoft-Windows-AppXDeployment", "Computer": "DESKTOP-OFJ6N53", "TimeCreated": "2025-08-25 09:56:00.914595+00:00", "RecordID": "652238", "Level": "4", "UserID": "S-1-5-18", "EventData.PackageFamilyName": "Microsoft.Windows.ContentDeliveryManager_cw5n1h2txyewy"}
{"EventID": "325", "Channel": "Microsoft-Windows-AppXDeployment/Operational", "Provider_Name": "Microsoft-Windows-AppXDeployment", "Computer": "DESKTOP-OFJ6N53", "TimeCreated": "2025-08-25 09:56:00.925777+00:00", "RecordID": "652239", "Level": "4", "UserID": "S-1-5-18", "EventData.PackageFamilyName": "Microsoft.Windows.ContentDeliveryManager_cw5n1h2txyewy"}
{"EventID": "325", "Channel": "Microsoft-Windows-AppXDeployment/Operational", "Provider_Name": "Microsoft-Windows-AppXDeployment", "Computer": "DESKTOP-OFJ6N53", "TimeCreated": "2025-08-25 09:56:01.219767+00:00", "RecordID": "652240", "Level": "4", "UserID": "S-1-5-18", "EventData.PackageFamilyName": "Microsoft.Windows.ContentDeliveryManager_cw5n1h2txyewy"}
{"EventID": "325", "Channel": "Microsoft-Windows-AppXDeployment/Operational", "Provider_Name": "Microsoft-Windows-AppXDeployment", "Computer": "DESKTOP-OFJ6N53", "TimeCreated": "2025-08-25 09:56:01.338646+00:00", "RecordID": "652241", "Level": "4", "UserID": "S-1-5-18", "EventData.PackageFamilyName": "Microsoft.AAD.BrokerPlugin_cw5n1h2txyewy"}
{"EventID": "325", "Channel": "Microsoft-Windows-AppXDeployment/Operational", "Provider_Name": "Microsoft-Windows-AppXDeployment", "Computer": "DESKTOP-OFJ6N53", "TimeCreated": "2025-08-25 09:56:01.361515+00:00", "RecordID": "652242", "Level": "4", "UserID": "S-1-5-18", "EventData.PackageFamilyName": "Microsoft.AAD.BrokerPlugin_cw5n1h2txyewy"}
{"EventID": "325", "Channel": "Microsoft-Windows-AppXDeployment/Operational", "Provider_Name": "Microsoft-Windows-AppXDeployment", "Computer": "DESKTOP-OFJ6N53", "TimeCreated": "2025-08-25 09:56:01.371794+00:00", "RecordID": "652243", "Level": "4", "UserID": "S-1-5-18", "EventData.PackageFamilyName": "Microsoft.AAD.BrokerPlugin_cw5n1h2txyewy"}
{"EventID": "325", "Channel": "Microsoft-Windows-AppXDeployment/Operational", "Provider_Name": "Microsoft-Windows-AppXDeployment", "Computer": "DESKTOP-OFJ6N53", "TimeCreated": "2025-08-25 09:56:03.667767+00:00", "RecordID": "652244", "Level": "4", "UserID": "S-1-5-18", "EventData.PackageFamilyName": "Microsoft.Windows.ContentDeliveryManager_cw5n1h2txyewy"}
{"EventID": "325", "Channel": "Microsoft-Windows-AppXDeployment/Operational", "Provider_Name": "Microsoft-Windows-AppXDeployment", "Computer": "DESKTOP-OFJ6N53", "TimeCreated": "2025-08-25 09:56:03.711395+00:00", "RecordID": "652245", "Level": "4", "UserID": "S-1-5-18", "EventData.PackageFamilyName": "Microsoft.Windows.ContentDeliveryManager_cw5n1h2txyewy"}
{"EventID": "325", "Channel": "Microsoft-Windows-AppXDeployment/Operational", "Provider_Name": "Microsoft-Windows-AppXDeployment", "Computer": "DESKTOP-OFJ6N53", "TimeCreated": "2025-08-25 09:56:03.862570+00:00", "RecordID": "652246", "Level": "4", "UserID": "S-1-5-18", "EventData.PackageFamilyName": "Microsoft.Windows.ContentDeliveryManager_cw5n1h2txyewy"}
{"EventID": "325", "Channel": "Microsoft-Windows-AppXDeployment/Operational", "Provider_Name": "Microsoft-Windows-AppXDeployment", "Computer": "DESKTOP-OFJ6N53", "TimeCreated": "2025-08-25 10:00:17.490875+00:00", "RecordID": "652247", "Level": "4", "UserID": "S-1-5-18", "EventData.PackageFamilyName": "Microsoft.StorePurchaseApp_8wekyb3d8bbwe"}
{"EventID": "325", "Channel": "Microsoft-Windows-AppXDeployment/Operational", "Provider_Name": "Microsoft-Windows-AppXDeployment", "Computer": "DESKTOP-OFJ6N53", "TimeCreated": "2025-08-25 10:00:17.506771+00:00", "RecordID": "652248", "Level": "4", "UserID": "S-1-5-18", "EventData.PackageFamilyName": "Microsoft.StorePurchaseApp_8wekyb3d8bbwe"}
{"EventID": "325", "Channel": "Microsoft-Windows-AppXDeployment/Operational", "Provider_Name": "Microsoft-Windows-AppXDeployment", "Computer": "DESKTOP-OFJ6N53", "TimeCreated": "2025-08-25 10:00:50.817720+00:00", "RecordID": "652249", "Level": "4", "UserID": "S-1-5-18", "EventData.PackageFamilyName": "Microsoft.AAD.BrokerPlugin_cw5n1h2txyewy"}
{"EventID": "325", "Channel": "Microsoft-Windows-AppXDeployment/Operational", "Provider_Name": "Microsoft-Windows-AppXDeployment", "Computer": "DESKTOP-OFJ6N53", "TimeCreated": "2025-08-25 10:00:50.973131+00:00", "RecordID": "652250", "Level": "4", "UserID": "S-1-5-18", "EventData.PackageFamilyName": "Microsoft.AAD.BrokerPlugin_cw5n1h2txyewy"}
{"EventID": "325", "Channel": "Microsoft-Windows-AppXDeployment/Operational", "Provider_Name": "Microsoft-Windows-AppXDeployment", "Computer": "DESKTOP-OFJ6N53", "TimeCreated": "2025-08-25 10:00:50.984198+00:00", "RecordID": "652251", "Level": "4", "UserID": "S-1-5-18", "EventData.PackageFamilyName": "Microsoft.AAD.BrokerPlugin_cw5n1h2txyewy"}
{"EventID": "325", "Channel": "Microsoft-Windows-AppXDeployment/Operational", "Provider_Name": "Microsoft-Windows-AppXDeployment", "Computer": "DESKTOP-OFJ6N53", "TimeCreated": "2025-08-25 10:03:17.437731+00:00", "RecordID": "652252", "Level": "4", "UserID": "S-1-5-18", "EventData.PackageFamilyName": "Microsoft.Windows.Search_cw5n1h2txyewy"}
{"EventID": "325", "Channel": "Microsoft-Windows-AppXDeployment/Operational", "Provider_Name": "Microsoft-Windows-AppXDeployment", "Computer": "DESKTOP-OFJ6N53", "TimeCreated": "2025-08-25 10:03:18.104414+00:00", "RecordID": "652253", "Level": "4", "UserID": "S-1-5-18", "EventData.PackageFamilyName": "Microsoft.Windows.Search_cw5n1h2txyewy"}
{"EventID": "325", "Channel": "Microsoft-Windows-AppXDeployment/Operational", "Provider_Name": "Microsoft-Windows-AppXDeployment", "Computer": "DESKTOP-OFJ6N53", "TimeCreated": "2025-08-25 10:03:18.501169+00:00", "RecordID": "652254", "Level": "4", "UserID": "S-1-5-21-963789628-1060504924-4285088085-1001", "EventData.PackageFamilyName": "Microsoft.YourPhone_8wekyb3d8bbwe"}
{"EventID": "325", "Channel": "Microsoft-Windows-AppXDeployment/Operational", "Provider_Name": "Microsoft-Windows-AppXDeployment", "Computer": "DESKTOP-OFJ6N53", "TimeCreated": "2025-08-25 10:05:00.945177+00:00", "RecordID": "652255", "Level": "4", "UserID": "S-1-5-18", "EventData.PackageFamilyName": "Microsoft.Windows.ContentDeliveryManager_cw5n1h2txyewy"}
{"EventID": "325", "Channel": "Microsoft-Windows-AppXDeployment/Operational", "Provider_Name": "Microsoft-Windows-AppXDeployment", "Computer": "DESKTOP-OFJ6N53", "TimeCreated": "2025-08-25 10:05:01.046108+00:00", "RecordID": "652256", "Level": "4", "UserID": "S-1-5-18", "EventData.PackageFamilyName": "Microsoft.Windows.ContentDeliveryManager_cw5n1h2txyewy"}
{"EventID": "325", "Channel": "Microsoft-Windows-AppXDeployment/Operational", "Provider_Name": "Microsoft-Windows-AppXDeployment", "Computer": "DESKTOP-OFJ6N53", "TimeCreated": "2025-08-25 10:05:01.887209+00:00", "RecordID": "652257", "Level": "4", "UserID": "S-1-5-18", "EventData.PackageFamilyName": "Microsoft.Windows.ContentDeliveryManager_cw5n1h2txyewy"}
{"EventID": "325", "Channel": "Microsoft-Windows-AppXDeployment/Operational", "Provider_Name": "Microsoft-Windows-AppXDeployment", "Computer": "DESKTOP-OFJ6N53", "TimeCreated": "2025-08-25 10:05:02.097080+00:00", "RecordID": "652258", "Level": "4", "UserID": "S-1-5-18", "EventData.PackageFamilyName": "Microsoft.AAD.BrokerPlugin_cw5n1h2txyewy"}
{"EventID": "325", "Channel": "Microsoft-Windows-AppXDeployment/Operational", "Provider_Name": "Microsoft-Windows-AppXDeployment", "Computer": "DESKTOP-OFJ6N53", "TimeCreated": "2025-08-25 10:05:02.149824+00:00", "RecordID": "652259", "Level": "4", "UserID": "S-1-5-18", "EventData.PackageFamilyName": "Microsoft.AAD.BrokerPlugin_cw5n1h2txyewy"}
{"EventID": "325", "Channel": "Microsoft-Windows-AppXDeployment/Operational", "Provider_Name": "Microsoft-Windows-AppXDeployment", "Computer": "DESKTOP-OFJ6N53", "TimeCreated": "2025-08-25 10:05:02.181568+00:00", "RecordID": "652260", "Level": "4", "UserID": "S-1-5-18", "EventData.PackageFamilyName": "Microsoft.AAD.BrokerPlugin_cw5n1h2txyewy"}
{"EventID": "325", "Channel": "Microsoft-Windows-AppXDeployment/Operational", "Provider_Name": "Microsoft-Windows-AppXDeployment", "Computer": "DESKTOP-OFJ6N53", "TimeCreated": "2025-08-25 10:05:06.633167+00:00", "RecordID": "652261", "Level": "4", "UserID": "S-1-5-18", "EventData.PackageFamilyName": "Microsoft.Windows.ContentDeliveryManager_cw5n1h2txyewy"}
{"EventID": "325", "Channel": "Microsoft-Windows-AppXDeployment/Operational", "Provider_Name": "Microsoft-Windows-AppXDeployment", "Computer": "DESKTOP-OFJ6N53", "TimeCreated": "2025-08-25 10:05:06.681068+00:00", "RecordID": "652262", "Level": "4", "UserID": "S-1-5-18", "EventData.PackageFamilyName": "Microsoft.Windows.ContentDeliveryManager_cw5n1h2txyewy"}
{"EventID": "325", "Channel": "Microsoft-Windows-AppXDeployment/Operational", "Provider_Name": "Microsoft-Windows-AppXDeployment", "Computer": "DESKTOP-OFJ6N53", "TimeCreated": "2025-08-25 10:05:06.785044+00:00", "RecordID": "652263", "Level": "4", "UserID": "S-1-5-18", "EventData.PackageFamilyName": "Microsoft.Windows.ContentDeliveryManager_cw5n1h2txyewy"}
{"EventID": "325", "Channel": "Microsoft-Windows-AppXDeployment/Operational", "Provider_Name": "Microsoft-Windows-AppXDeployment", "Computer": "DESKTOP-OFJ6N53", "TimeCreated": "2025-08-25 10:11:01.106329+00:00", "RecordID": "652264", "Level": "4", "UserID": "S-1-5-18", "EventData.PackageFamilyName": "Microsoft.Windows.ContentDeliveryManager_cw5n1h2txyewy"}
{"EventID": "325", "Channel": "Microsoft-Windows-AppXDeployment/Operational", "Provider_Name": "Microsoft-Windows-AppXDeployment", "Computer": "DESKTOP-OFJ6N53", "TimeCreated": "2025-08-25 10:11:01.117205+00:00", "RecordID": "652265", "Level": "4", "UserID": "S-1-5-18", "EventData.PackageFamilyName": "Microsoft.Windows.ContentDeliveryManager_cw5n1h2txyewy"}
{"EventID": "325", "Channel": "Microsoft-Windows-AppXDeployment/Operational", "Provider_Name": "Microsoft-Windows-AppXDeployment", "Computer": "DESKTOP-OFJ6N53", "TimeCreated": "2025-08-25 10:11:01.286680+00:00", "RecordID": "652266", "Level": "4", "UserID": "S-1-5-18", "EventData.PackageFamilyName": "Microsoft.Windows.ContentDeliveryManager_cw5n1h2txyewy"}
{"EventID": "325", "Channel": "Microsoft-Windows-AppXDeployment/Operational", "Provider_Name": "Microsoft-Windows-AppXDeployment", "Computer": "DESKTOP-OFJ6N53", "TimeCreated": "2025-08-25 10:11:01.327726+00:00", "RecordID": "652267", "Level": "4", "UserID": "S-1-5-18", "EventData.PackageFamilyName": "Microsoft.Windows.ContentDeliveryManager_cw5n1h2txyewy"}
{"EventID": "325", "Channel": "Microsoft-Windows-AppXDeployment/Operational", "Provider_Name": "Microsoft-Windows-AppXDeployment", "Computer": "DESKTOP-OFJ6N53", "TimeCreated": "2025-08-25 10:11:37.074659+00:00", "RecordID": "652268", "Level": "4", "UserID": "S-1-5-18", "EventData.PackageFamilyName": "Microsoft.Windows.ContentDeliveryManager_cw5n1h2txyewy"}
{"EventID": "325", "Channel": "Microsoft-Windows-AppXDeployment/Operational", "Provider_Name": "Microsoft-Windows-AppXDeployment", "Computer": "DESKTOP-OFJ6N53", "TimeCreated": "2025-08-25 10:11:37.085377+00:00", "RecordID": "652269", "Level": "4", "UserID": "S-1-5-18", "EventData.PackageFamilyName": "Microsoft.Windows.ContentDeliveryManager_cw5n1h2txyewy"}
{"EventID": "325", "Channel": "Microsoft-Windows-AppXDeployment/Operational", "Provider_Name": "Microsoft-Windows-AppXDeployment", "Computer": "DESKTOP-OFJ6N53", "TimeCreated": "2025-08-25 10:11:37.252197+00:00", "RecordID": "652270", "Level": "4", "UserID": "S-1-5-18", "EventData.PackageFamilyName": "Microsoft.Windows.ContentDeliveryManager_cw5n1h2txyewy"}
{"EventID": "325", "Channel": "Microsoft-Windows-AppXDeployment/Operational", "Provider_Name": "Microsoft-Windows-AppXDeployment", "Computer": "DESKTOP-OFJ6N53", "TimeCreated": "2025-08-25 10:11:37.310089+00:00", "RecordID": "652271", "Level": "4", "UserID": "S-1-5-18", "EventData.PackageFamilyName": "Microsoft.AAD.BrokerPlugin_cw5n1h2txyewy"}
{"EventID": "325", "Channel": "Microsoft-Windows-AppXDeployment/Operational", "Provider_Name": "Microsoft-Windows-AppXDeployment", "Computer": "DESKTOP-OFJ6N53", "TimeCreated": "2025-08-25 10:11:37.333933+00:00", "RecordID": "652272", "Level": "4", "UserID": "S-1-5-18", "EventData.PackageFamilyName": "Microsoft.AAD.BrokerPlugin_cw5n1h2txyewy"}
{"EventID": "325", "Channel": "Microsoft-Windows-AppXDeployment/Operational", "Provider_Name": "Microsoft-Windows-AppXDeployment", "Computer": "DESKTOP-OFJ6N53", "TimeCreated": "2025-08-25 10:11:37.343676+00:00", "RecordID": "652273", "Level": "4", "UserID": "S-1-5-18", "EventData.PackageFamilyName": "Microsoft.AAD.BrokerPlugin_cw5n1h2txyewy"}
{"EventID": "325", "Channel": "Microsoft-Windows-AppXDeployment/Operational", "Provider_Name": "Microsoft-Windows-AppXDeployment", "Computer": "DESKTOP-OFJ6N53", "TimeCreated": "2025-08-25 10:11:40.095245+00:00", "RecordID": "652274", "Level": "4", "UserID": "S-1-5-18", "EventData.PackageFamilyName": "Microsoft.Windows.ContentDeliveryManager_cw5n1h2txyewy"}
{"EventID": "325", "Channel": "Microsoft-Windows-AppXDeployment/Operational", "Provider_Name": "Microsoft-Windows-AppXDeployment", "Computer": "DESKTOP-OFJ6N53", "TimeCreated": "2025-08-25 10:11:40.110641+00:00", "RecordID": "652275", "Level": "4", "UserID": "S-1-5-18", "EventData.PackageFamilyName": "Microsoft.Windows.ContentDeliveryManager_cw5n1h2txyewy"}
{"EventID": "325", "Channel": "Microsoft-Windows-AppXDeployment/Operational", "Provider_Name": "Microsoft-Windows-AppXDeployment", "Computer": "DESKTOP-OFJ6N53", "TimeCreated": "2025-08-25 10:11:40.149059+00:00", "RecordID": "652276", "Level": "4", "UserID": "S-1-5-18", "EventData.PackageFamilyName": "Microsoft.Windows.ContentDeliveryManager_cw5n1h2txyewy"}
{"EventID": "325", "Channel": "Microsoft-Windows-AppXDeployment/Operational", "Provider_Name": "Microsoft-Windows-AppXDeployment", "Computer": "DESKTOP-OFJ6N53", "TimeCreated": "2025-08-25 10:11:40.207184+00:00", "RecordID": "652277", "Level": "4", "UserID": "S-1-5-18", "EventData.PackageFamilyName": "Microsoft.Windows.ContentDeliveryManager_cw5n1h2txyewy"}
{"EventID": "325", "Channel": "Microsoft-Windows-AppXDeployment/Operational", "Provider_Name": "Microsoft-Windows-AppXDeployment", "Computer": "DESKTOP-OFJ6N53", "TimeCreated": "2025-08-25 10:11:40.207478+00:00", "RecordID": "652278", "Level": "4", "UserID": "S-1-5-18", "EventData.PackageFamilyName": "Microsoft.Windows.ContentDeliveryManager_cw5n1h2txyewy"}
{"EventID": "325", "Channel": "Microsoft-Windows-AppXDeployment/Operational", "Provider_Name": "Microsoft-Windows-AppXDeployment", "Computer": "DESKTOP-OFJ6N53", "TimeCreated": "2025-08-25 10:11:40.263891+00:00", "RecordID": "652279", "Level": "4", "UserID": "S-1-5-18", "EventData.PackageFamilyName": "Microsoft.Windows.ContentDeliveryManager_cw5n1h2txyewy"}
{"EventID": "325", "Channel": "Microsoft-Windows-AppXDeployment/Operational", "Provider_Name": "Microsoft-Windows-AppXDeployment", "Computer": "DESKTOP-OFJ6N53", "TimeCreated": "2025-08-25 10:11:40.316299+00:00", "RecordID": "652280", "Level": "4", "UserID": "S-1-5-18", "EventData.PackageFamilyName": "Microsoft.Windows.ContentDeliveryManager_cw5n1h2txyewy"}
{"EventID": "325", "Channel": "Microsoft-Windows-AppXDeployment/Operational", "Provider_Name": "Microsoft-Windows-AppXDeployment", "Computer": "DESKTOP-OFJ6N53", "TimeCreated": "2025-08-25 10:12:01.038046+00:00", "RecordID": "652281", "Level": "4", "UserID": "S-1-5-18", "EventData.PackageFamilyName": "Microsoft.Windows.ContentDeliveryManager_cw5n1h2txyewy"}
{"EventID": "325", "Channel": "Microsoft-Windows-AppXDeployment/Operational", "Provider_Name": "Microsoft-Windows-AppXDeployment", "Computer": "DESKTOP-OFJ6N53", "TimeCreated": "2025-08-25 10:12:01.123215+00:00", "RecordID": "652282", "Level": "4", "UserID": "S-1-5-18", "EventData.PackageFamilyName": "Microsoft.Windows.ContentDeliveryManager_cw5n1h2txyewy"}
{"EventID": "325", "Channel": "Microsoft-Windows-AppXDeployment/Operational", "Provider_Name": "Microsoft-Windows-AppXDeployment", "Computer": "DESKTOP-OFJ6N53", "TimeCreated": "2025-08-25 10:12:01.525826+00:00", "RecordID": "652283", "Level": "4", "UserID": "S-1-5-18", "EventData.PackageFamilyName": "Microsoft.Windows.ContentDeliveryManager_cw5n1h2txyewy"}
{"EventID": "325", "Channel": "Microsoft-Windows-AppXDeployment/Operational", "Provider_Name": "Microsoft-Windows-AppXDeployment", "Computer": "DESKTOP-OFJ6N53", "TimeCreated": "2025-08-25 10:13:01.047951+00:00", "RecordID": "652284", "Level": "4", "UserID": "S-1-5-18", "EventData.PackageFamilyName": "Microsoft.Windows.ContentDeliveryManager_cw5n1h2txyewy"}
{"EventID": "325", "Channel": "Microsoft-Windows-AppXDeployment/Operational", "Provider_Name": "Microsoft-Windows-AppXDeployment", "Computer": "DESKTOP-OFJ6N53", "TimeCreated": "2025-08-25 10:13:01.060925+00:00", "RecordID": "652285", "Level": "4", "UserID": "S-1-5-18", "EventData.PackageFamilyName": "Microsoft.Windows.ContentDeliveryManager_cw5n1h2txyewy"}
{"EventID": "325", "Channel": "Microsoft-Windows-AppXDeployment/Operational", "Provider_Name": "Microsoft-Windows-AppXDeployment", "Computer": "DESKTOP-OFJ6N53", "TimeCreated": "2025-08-25 10:13:01.070368+00:00", "RecordID": "652286", "Level": "4", "UserID": "S-1-5-18", "EventData.PackageFamilyName": "Microsoft.Windows.ContentDeliveryManager_cw5n1h2txyewy"}
{"EventID": "325", "Channel": "Microsoft-Windows-AppXDeployment/Operational", "Provider_Name": "Microsoft-Windows-AppXDeployment", "Computer": "DESKTOP-OFJ6N53", "TimeCreated": "2025-08-25 10:13:01.080578+00:00", "RecordID": "652287", "Level": "4", "UserID": "S-1-5-18", "EventData.PackageFamilyName": "Microsoft.Windows.ContentDeliveryManager_cw5n1h2txyewy"}
{"EventID": "325", "Channel": "Microsoft-Windows-AppXDeployment/Operational", "Provider_Name": "Microsoft-Windows-AppXDeployment", "Computer": "DESKTOP-OFJ6N53", "TimeCreated": "2025-08-25 10:13:01.239260+00:00", "RecordID": "652288", "Level": "4", "UserID": "S-1-5-18", "EventData.PackageFamilyName": "Microsoft.Windows.ContentDeliveryManager_cw5n1h2txyewy"}
{"EventID": "325", "Channel": "Microsoft-Windows-AppXDeployment/Operational", "Provider_Name": "Microsoft-Windows-AppXDeployment", "Computer": "DESKTOP-OFJ6N53", "TimeCreated": "2025-08-25 10:13:01.280308+00:00", "RecordID": "652289", "Level": "4", "UserID": "S-1-5-18", "EventData.PackageFamilyName": "Microsoft.Windows.ContentDeliveryManager_cw5n1h2txyewy"}
{"EventID": "325", "Channel": "Microsoft-Windows-AppXDeployment/Operational", "Provider_Name": "Microsoft-Windows-AppXDeployment", "Computer": "DESKTOP-OFJ6N53", "TimeCreated": "2025-08-25 10:13:02.471249+00:00", "RecordID": "652290", "Level": "4", "UserID": "S-1-5-18", "EventData.PackageFamilyName": "Microsoft.Windows.ContentDeliveryManager_cw5n1h2txyewy"}
{"EventID": "325", "Channel": "Microsoft-Windows-AppXDeployment/Operational", "Provider_Name": "Microsoft-Windows-AppXDeployment", "Computer": "DESKTOP-OFJ6N53", "TimeCreated": "2025-08-25 10:13:02.516039+00:00", "RecordID": "652291", "Level": "4", "UserID": "S-1-5-18", "EventData.PackageFamilyName": "Microsoft.Windows.ContentDeliveryManager_cw5n1h2txyewy"}
{"EventID": "325", "Channel": "Microsoft-Windows-AppXDeployment/Operational", "Provider_Name": "Microsoft-Windows-AppXDeployment", "Computer": "DESKTOP-OFJ6N53", "TimeCreated": "2025-08-25 10:31:52.781010+00:00", "RecordID": "652292", "Level": "4", "UserID": "S-1-5-18", "EventData.PackageFamilyName": "Microsoft.Windows.Search_cw5n1h2txyewy"}
{"EventID": "325", "Channel": "Microsoft-Windows-AppXDeployment/Operational", "Provider_Name": "Microsoft-Windows-AppXDeployment", "Computer": "DESKTOP-OFJ6N53", "TimeCreated": "2025-08-25 10:31:52.926025+00:00", "RecordID": "652293", "Level": "4", "UserID": "S-1-5-18", "EventData.PackageFamilyName": "Microsoft.Windows.Search_cw5n1h2txyewy"}
{"EventID": "325", "Channel": "Microsoft-Windows-AppXDeployment/Operational", "Provider_Name": "Microsoft-Windows-AppXDeployment", "Computer": "DESKTOP-OFJ6N53", "TimeCreated": "2025-08-25 10:31:56.223207+00:00", "RecordID": "652294", "Level": "4", "UserID": "S-1-5-21-963789628-1060504924-4285088085-1001", "EventData.PackageFamilyName": "Microsoft.YourPhone_8wekyb3d8bbwe"}
{"EventID": "325", "Channel": "Microsoft-Windows-AppXDeployment/Operational", "Provider_Name": "Microsoft-Windows-AppXDeployment", "Computer": "DESKTOP-OFJ6N53", "TimeCreated": "2025-08-25 10:32:53.157738+00:00", "RecordID": "652295", "Level": "4", "UserID": "S-1-5-21-963789628-1060504924-4285088085-1001", "EventData.PackageFamilyName": "Microsoft.YourPhone_8wekyb3d8bbwe"}
{"EventID": "325", "Channel": "Microsoft-Windows-AppXDeployment/Operational", "Provider_Name": "Microsoft-Windows-AppXDeployment", "Computer": "DESKTOP-OFJ6N53", "TimeCreated": "2025-08-25 10:32:54.147966+00:00", "RecordID": "652296", "Level": "4", "UserID": "S-1-5-18", "EventData.PackageFamilyName": "Microsoft.Windows.Search_cw5n1h2txyewy"}
{"EventID": "325", "Channel": "Microsoft-Windows-AppXDeployment/Operational", "Provider_Name": "Microsoft-Windows-AppXDeployment", "Computer": "DESKTOP-OFJ6N53", "TimeCreated": "2025-08-25 10:32:54.826429+00:00", "RecordID": "652297", "Level": "4", "UserID": "S-1-5-18", "EventData.PackageFamilyName": "Microsoft.Windows.Search_cw5n1h2txyewy"}
{"EventID": "325", "Channel": "Microsoft-Windows-AppXDeployment/Operational", "Provider_Name": "Microsoft-Windows-AppXDeployment", "Computer": "DESKTOP-OFJ6N53", "TimeCreated": "2025-08-25 10:35:18.891861+00:00", "RecordID": "652298", "Level": "4", "UserID": "S-1-5-18", "EventData.PackageFamilyName": "Microsoft.AAD.BrokerPlugin_cw5n1h2txyewy"}
{"EventID": "325", "Channel": "Microsoft-Windows-AppXDeployment/Operational", "Provider_Name": "Microsoft-Windows-AppXDeployment", "Computer": "DESKTOP-OFJ6N53", "TimeCreated": "2025-08-25 10:35:18.909737+00:00", "RecordID": "652299", "Level": "4", "UserID": "S-1-5-18", "EventData.PackageFamilyName": "Microsoft.AAD.BrokerPlugin_cw5n1h2txyewy"}
{"EventID": "325", "Channel": "Microsoft-Windows-AppXDeployment/Operational", "Provider_Name": "Microsoft-Windows-AppXDeployment", "Computer": "DESKTOP-OFJ6N53", "TimeCreated": "2025-08-25 10:35:18.919390+00:00", "RecordID": "652300", "Level": "4", "UserID": "S-1-5-18", "EventData.PackageFamilyName": "Microsoft.AAD.BrokerPlugin_cw5n1h2txyewy"}
{"EventID": "325", "Channel": "Microsoft-Windows-AppXDeployment/Operational", "Provider_Name": "Microsoft-Windows-AppXDeployment", "Computer": "DESKTOP-OFJ6N53", "TimeCreated": "2025-08-25 10:41:01.573790+00:00", "RecordID": "652301", "Level": "4", "UserID": "S-1-5-18", "EventData.PackageFamilyName": "Microsoft.Windows.Search_cw5n1h2txyewy"}
{"EventID": "325", "Channel": "Microsoft-Windows-AppXDeployment/Operational", "Provider_Name": "Microsoft-Windows-AppXDeployment", "Computer": "DESKTOP-OFJ6N53", "TimeCreated": "2025-08-25 10:41:01.620033+00:00", "RecordID": "652302", "Level": "4", "UserID": "S-1-5-18", "EventData.PackageFamilyName": "Microsoft.Windows.Search_cw5n1h2txyewy"}
{"EventID": "325", "Channel": "Microsoft-Windows-AppXDeployment/Operational", "Provider_Name": "Microsoft-Windows-AppXDeployment", "Computer": "DESKTOP-OFJ6N53", "TimeCreated": "2025-08-25 10:41:01.648670+00:00", "RecordID": "652303", "Level": "4", "UserID": "S-1-5-18", "EventData.PackageFamilyName": "Microsoft.Windows.Search_cw5n1h2txyewy"}
{"EventID": "325", "Channel": "Microsoft-Windows-AppXDeployment/Operational", "Provider_Name": "Microsoft-Windows-AppXDeployment", "Computer": "DESKTOP-OFJ6N53", "TimeCreated": "2025-08-25 10:48:55.832499+00:00", "RecordID": "652304", "Level": "4", "UserID": "S-1-5-18", "EventData.PackageFamilyName": "Microsoft.Windows.Search_cw5n1h2txyewy"}
{"EventID": "325", "Channel": "Microsoft-Windows-AppXDeployment/Operational", "Provider_Name": "Microsoft-Windows-AppXDeployment", "Computer": "DESKTOP-OFJ6N53", "TimeCreated": "2025-08-25 10:48:55.969158+00:00", "RecordID": "652305", "Level": "4", "UserID": "S-1-5-18", "EventData.PackageFamilyName": "Microsoft.Windows.Search_cw5n1h2txyewy"}
{"EventID": "325", "Channel": "Microsoft-Windows-AppXDeployment/Operational", "Provider_Name": "Microsoft-Windows-AppXDeployment", "Computer": "DESKTOP-OFJ6N53", "TimeCreated": "2025-08-25 10:48:58.463253+00:00", "RecordID": "652306", "Level": "4", "UserID": "S-1-5-21-963789628-1060504924-4285088085-1001", "EventData.PackageFamilyName": "Microsoft.YourPhone_8wekyb3d8bbwe"}
{"EventID": "325", "Channel": "Microsoft-Windows-AppXDeployment/Operational", "Provider_Name": "Microsoft-Windows-AppXDeployment", "Computer": "DESKTOP-OFJ6N53", "TimeCreated": "2025-08-25 10:59:29.165287+00:00", "RecordID": "652307", "Level": "4", "UserID": "S-1-5-21-963789628-1060504924-4285088085-1001", "EventData.PackageFamilyName": "MicrosoftWindows.Client.CBS_cw5n1h2txyewy"}
{"EventID": "325", "Channel": "Microsoft-Windows-AppXDeployment/Operational", "Provider_Name": "Microsoft-Windows-AppXDeployment", "Computer": "DESKTOP-OFJ6N53", "TimeCreated": "2025-08-25 11:27:20.683279+00:00", "RecordID": "652308", "Level": "4", "UserID": "S-1-5-21-963789628-1060504924-4285088085-1001", "EventData.PackageFamilyName": "Microsoft.YourPhone_8wekyb3d8bbwe"}
{"EventID": "325", "Channel": "Microsoft-Windows-AppXDeployment/Operational", "Provider_Name": "Microsoft-Windows-AppXDeployment", "Computer": "DESKTOP-OFJ6N53", "TimeCreated": "2025-08-25 11:27:20.991026+00:00", "RecordID": "652309", "Level": "4", "UserID": "S-1-5-18", "EventData.PackageFamilyName": "Microsoft.Windows.Search_cw5n1h2txyewy"}
{"EventID": "325", "Channel": "Microsoft-Windows-AppXDeployment/Operational", "Provider_Name": "Microsoft-Windows-AppXDeployment", "Computer": "DESKTOP-OFJ6N53", "TimeCreated": "2025-08-25 11:27:21.930166+00:00", "RecordID": "652310", "Level": "4", "UserID": "S-1-5-18", "EventData.PackageFamilyName": "Microsoft.Windows.Search_cw5n1h2txyewy"}
{"EventID": "325", "Channel": "Microsoft-Windows-AppXDeployment/Operational", "Provider_Name": "Microsoft-Windows-AppXDeployment", "Computer": "DESKTOP-OFJ6N53", "TimeCreated": "2025-08-25 11:41:03.046129+00:00", "RecordID": "652311", "Level": "4", "UserID": "S-1-5-18", "EventData.PackageFamilyName": "Microsoft.Windows.Search_cw5n1h2txyewy"}
{"EventID": "325", "Channel": "Microsoft-Windows-AppXDeployment/Operational", "Provider_Name": "Microsoft-Windows-AppXDeployment", "Computer": "DESKTOP-OFJ6N53", "TimeCreated": "2025-08-25 11:41:03.058285+00:00", "RecordID": "652312", "Level": "4", "UserID": "S-1-5-18", "EventData.PackageFamilyName": "Microsoft.Windows.Search_cw5n1h2txyewy"}
{"EventID": "325", "Channel": "Microsoft-Windows-AppXDeployment/Operational", "Provider_Name": "Microsoft-Windows-AppXDeployment", "Computer": "DESKTOP-OFJ6N53", "TimeCreated": "2025-08-25 11:49:14.120613+00:00", "RecordID": "652313", "Level": "4", "UserID": "S-1-5-18", "EventData.PackageFamilyName": "Microsoft.Windows.Search_cw5n1h2txyewy"}
{"EventID": "325", "Channel": "Microsoft-Windows-AppXDeployment/Operational", "Provider_Name": "Microsoft-Windows-AppXDeployment", "Computer": "DESKTOP-OFJ6N53", "TimeCreated": "2025-08-25 11:49:14.509077+00:00", "RecordID": "652314", "Level": "4", "UserID": "S-1-5-18", "EventData.PackageFamilyName": "Microsoft.Windows.Search_cw5n1h2txyewy"}
{"EventID": "325", "Channel": "Microsoft-Windows-AppXDeployment/Operational", "Provider_Name": "Microsoft-Windows-AppXDeployment", "Computer": "DESKTOP-OFJ6N53", "TimeCreated": "2025-08-25 11:49:17.147236+00:00", "RecordID": "652315", "Level": "4", "UserID": "S-1-5-21-963789628-1060504924-4285088085-1001", "EventData.PackageFamilyName": "Microsoft.YourPhone_8wekyb3d8bbwe"}
{"EventID": "325", "Channel": "Microsoft-Windows-AppXDeployment/Operational", "Provider_Name": "Microsoft-Windows-AppXDeployment", "Computer": "DESKTOP-OFJ6N53", "TimeCreated": "2025-08-25 11:52:03.701597+00:00", "RecordID": "652316", "Level": "4", "UserID": "S-1-5-18", "EventData.PackageFamilyName": "Microsoft.StorePurchaseApp_8wekyb3d8bbwe"}
{"EventID": "325", "Channel": "Microsoft-Windows-AppXDeployment/Operational", "Provider_Name": "Microsoft-Windows-AppXDeployment", "Computer": "DESKTOP-OFJ6N53", "TimeCreated": "2025-08-25 11:52:03.718950+00:00", "RecordID": "652317", "Level": "4", "UserID": "S-1-5-18", "EventData.PackageFamilyName": "Microsoft.StorePurchaseApp_8wekyb3d8bbwe"}
{"EventID": "325", "Channel": "Microsoft-Windows-AppXDeployment/Operational", "Provider_Name": "Microsoft-Windows-AppXDeployment", "Computer": "DESKTOP-OFJ6N53", "TimeCreated": "2025-08-25 11:58:41.118063+00:00", "RecordID": "652318", "Level": "4", "UserID": "S-1-5-18", "EventData.PackageFamilyName": "Microsoft.Windows.ContentDeliveryManager_cw5n1h2txyewy"}
{"EventID": "325", "Channel": "Microsoft-Windows-AppXDeployment/Operational", "Provider_Name": "Microsoft-Windows-AppXDeployment", "Computer": "DESKTOP-OFJ6N53", "TimeCreated": "2025-08-25 11:58:41.378944+00:00", "RecordID": "652319", "Level": "4", "UserID": "S-1-5-18", "EventData.PackageFamilyName": "Microsoft.Windows.ContentDeliveryManager_cw5n1h2txyewy"}
{"EventID": "325", "Channel": "Microsoft-Windows-AppXDeployment/Operational", "Provider_Name": "Microsoft-Windows-AppXDeployment", "Computer": "DESKTOP-OFJ6N53", "TimeCreated": "2025-08-25 11:58:43.488325+00:00", "RecordID": "652320", "Level": "4", "UserID": "S-1-5-18", "EventData.PackageFamilyName": "Microsoft.Windows.ContentDeliveryManager_cw5n1h2txyewy"}
{"EventID": "325", "Channel": "Microsoft-Windows-AppXDeployment/Operational", "Provider_Name": "Microsoft-Windows-AppXDeployment", "Computer": "DESKTOP-OFJ6N53", "TimeCreated": "2025-08-25 11:58:43.694551+00:00", "RecordID": "652321", "Level": "4", "UserID": "S-1-5-18", "EventData.PackageFamilyName": "Microsoft.AAD.BrokerPlugin_cw5n1h2txyewy"}
{"EventID": "325", "Channel": "Microsoft-Windows-AppXDeployment/Operational", "Provider_Name": "Microsoft-Windows-AppXDeployment", "Computer": "DESKTOP-OFJ6N53", "TimeCreated": "2025-08-25 11:58:43.793882+00:00", "RecordID": "652322", "Level": "4", "UserID": "S-1-5-18", "EventData.PackageFamilyName": "Microsoft.AAD.BrokerPlugin_cw5n1h2txyewy"}
{"EventID": "325", "Channel": "Microsoft-Windows-AppXDeployment/Operational", "Provider_Name": "Microsoft-Windows-AppXDeployment", "Computer": "DESKTOP-OFJ6N53", "TimeCreated": "2025-08-25 11:58:43.804407+00:00", "RecordID": "652323", "Level": "4", "UserID": "S-1-5-18", "EventData.PackageFamilyName": "Microsoft.AAD.BrokerPlugin_cw5n1h2txyewy"}
{"EventID": "325", "Channel": "Microsoft-Windows-AppXDeployment/Operational", "Provider_Name": "Microsoft-Windows-AppXDeployment", "Computer": "DESKTOP-OFJ6N53", "TimeCreated": "2025-08-25 11:58:45.614912+00:00", "RecordID": "652324", "Level": "4", "UserID": "S-1-5-18", "EventData.PackageFamilyName": "Microsoft.Windows.ContentDeliveryManager_cw5n1h2txyewy"}
{"EventID": "325", "Channel": "Microsoft-Windows-AppXDeployment/Operational", "Provider_Name": "Microsoft-Windows-AppXDeployment", "Computer": "DESKTOP-OFJ6N53", "TimeCreated": "2025-08-25 11:58:45.733927+00:00", "RecordID": "652325", "Level": "4", "UserID": "S-1-5-18", "EventData.PackageFamilyName": "Microsoft.Windows.ContentDeliveryManager_cw5n1h2txyewy"}
{"EventID": "325", "Channel": "Microsoft-Windows-AppXDeployment/Operational", "Provider_Name": "Microsoft-Windows-AppXDeployment", "Computer": "DESKTOP-OFJ6N53", "TimeCreated": "2025-08-25 12:10:30.080475+00:00", "RecordID": "652326", "Level": "4", "UserID": "S-1-5-18", "EventData.PackageFamilyName": "NcsiUwpApp_8wekyb3d8bbwe"}
{"EventID": "325", "Channel": "Microsoft-Windows-AppXDeployment/Operational", "Provider_Name": "Microsoft-Windows-AppXDeployment", "Computer": "DESKTOP-OFJ6N53", "TimeCreated": "2025-08-25 12:10:30.092104+00:00", "RecordID": "652327", "Level": "4", "UserID": "S-1-5-18", "EventData.PackageFamilyName": "NcsiUwpApp_8wekyb3d8bbwe"}
{"EventID": "325", "Channel": "Microsoft-Windows-AppXDeployment/Operational", "Provider_Name": "Microsoft-Windows-AppXDeployment", "Computer": "DESKTOP-OFJ6N53", "TimeCreated": "2025-08-25 12:11:04.415575+00:00", "RecordID": "652328", "Level": "4", "UserID": "S-1-5-18", "EventData.PackageFamilyName": "Microsoft.Wallet_8wekyb3d8bbwe"}
{"EventID": "325", "Channel": "Microsoft-Windows-AppXDeployment/Operational", "Provider_Name": "Microsoft-Windows-AppXDeployment", "Computer": "DESKTOP-OFJ6N53", "TimeCreated": "2025-08-25 12:11:04.435122+00:00", "RecordID": "652329", "Level": "4", "UserID": "S-1-5-18", "EventData.PackageFamilyName": "Microsoft.Wallet_8wekyb3d8bbwe"}
{"EventID": "325", "Channel": "Microsoft-Windows-AppXDeployment/Operational", "Provider_Name": "Microsoft-Windows-AppXDeployment", "Computer": "DESKTOP-OFJ6N53", "TimeCreated": "2025-08-25 12:30:06.633394+00:00", "RecordID": "652330", "Level": "4", "UserID": "S-1-5-21-963789628-1060504924-4285088085-1001", "EventData.PackageFamilyName": "Microsoft.YourPhone_8wekyb3d8bbwe"}
{"EventID": "325", "Channel": "Microsoft-Windows-AppXDeployment/Operational", "Provider_Name": "Microsoft-Windows-AppXDeployment", "Computer": "DESKTOP-OFJ6N53", "TimeCreated": "2025-08-25 12:30:08.019451+00:00", "RecordID": "652331", "Level": "4", "UserID": "S-1-5-18", "EventData.PackageFamilyName": "Microsoft.Windows.Search_cw5n1h2txyewy"}
{"EventID": "325", "Channel": "Microsoft-Windows-AppXDeployment/Operational", "Provider_Name": "Microsoft-Windows-AppXDeployment", "Computer": "DESKTOP-OFJ6N53", "TimeCreated": "2025-08-25 12:30:08.463184+00:00", "RecordID": "652332", "Level": "4", "UserID": "S-1-5-18", "EventData.PackageFamilyName": "Microsoft.Windows.Search_cw5n1h2txyewy"}
{"EventID": "325", "Channel": "Microsoft-Windows-AppXDeployment/Operational", "Provider_Name": "Microsoft-Windows-AppXDeployment", "Computer": "DESKTOP-OFJ6N53", "TimeCreated": "2025-08-25 12:35:18.993370+00:00", "RecordID": "652333", "Level": "4", "UserID": "S-1-5-18", "EventData.PackageFamilyName": "Microsoft.AAD.BrokerPlugin_cw5n1h2txyewy"}
{"EventID": "325", "Channel": "Microsoft-Windows-AppXDeployment/Operational", "Provider_Name": "Microsoft-Windows-AppXDeployment", "Computer": "DESKTOP-OFJ6N53", "TimeCreated": "2025-08-25 12:35:19.011131+00:00", "RecordID": "652334", "Level": "4", "UserID": "S-1-5-18", "EventData.PackageFamilyName": "Microsoft.AAD.BrokerPlugin_cw5n1h2txyewy"}
{"EventID": "325", "Channel": "Microsoft-Windows-AppXDeployment/Operational", "Provider_Name": "Microsoft-Windows-AppXDeployment", "Computer": "DESKTOP-OFJ6N53", "TimeCreated": "2025-08-25 12:35:19.021223+00:00", "RecordID": "652335", "Level": "4", "UserID": "S-1-5-18", "EventData.PackageFamilyName": "Microsoft.AAD.BrokerPlugin_cw5n1h2txyewy"}
{"EventID": "325", "Channel": "Microsoft-Windows-AppXDeployment/Operational", "Provider_Name": "Microsoft-Windows-AppXDeployment", "Computer": "DESKTOP-OFJ6N53", "TimeCreated": "2025-08-25 12:42:05.914814+00:00", "RecordID": "652336", "Level": "4", "UserID": "S-1-5-18", "EventData.PackageFamilyName": "microsoft.windowscommunicationsapps_8wekyb3d8bbwe"}
{"EventID": "325", "Channel": "Microsoft-Windows-AppXDeployment/Operational", "Provider_Name": "Microsoft-Windows-AppXDeployment", "Computer": "DESKTOP-OFJ6N53", "TimeCreated": "2025-08-25 12:42:05.930286+00:00", "RecordID": "652337", "Level": "4", "UserID": "S-1-5-18", "EventData.PackageFamilyName": "microsoft.windowscommunicationsapps_8wekyb3d8bbwe"}
{"EventID": "325", "Channel": "Microsoft-Windows-AppXDeployment/Operational", "Provider_Name": "Microsoft-Windows-AppXDeployment", "Computer": "DESKTOP-OFJ6N53", "TimeCreated": "2025-08-25 12:55:46.100836+00:00", "RecordID": "652338", "Level": "4", "UserID": "S-1-5-18", "EventData.PackageFamilyName": "Microsoft.Windows.Search_cw5n1h2txyewy"}
{"EventID": "325", "Channel": "Microsoft-Windows-AppXDeployment/Operational", "Provider_Name": "Microsoft-Windows-AppXDeployment", "Computer": "DESKTOP-OFJ6N53", "TimeCreated": "2025-08-25 12:55:46.578627+00:00", "RecordID": "652339", "Level": "4", "UserID": "S-1-5-18", "EventData.PackageFamilyName": "Microsoft.Windows.Search_cw5n1h2txyewy"}
{"EventID": "325", "Channel": "Microsoft-Windows-AppXDeployment/Operational", "Provider_Name": "Microsoft-Windows-AppXDeployment", "Computer": "DESKTOP-OFJ6N53", "TimeCreated": "2025-08-25 12:55:46.949003+00:00", "RecordID": "652340", "Level": "4", "UserID": "S-1-5-21-963789628-1060504924-4285088085-1001", "EventData.PackageFamilyName": "Microsoft.YourPhone_8wekyb3d8bbwe"}
{"EventID": "325", "Channel": "Microsoft-Windows-AppXDeployment/Operational", "Provider_Name": "Microsoft-Windows-AppXDeployment", "Computer": "DESKTOP-OFJ6N53", "TimeCreated": "2025-08-25 13:12:07.464972+00:00", "RecordID": "652341", "Level": "4", "UserID": "S-1-5-18", "EventData.PackageFamilyName": "MicrosoftWindows.Client.CBS_cw5n1h2txyewy"}
{"EventID": "325", "Channel": "Microsoft-Windows-AppXDeployment/Operational", "Provider_Name": "Microsoft-Windows-AppXDeployment", "Computer": "DESKTOP-OFJ6N53", "TimeCreated": "2025-08-25 13:12:07.477932+00:00", "RecordID": "652342", "Level": "4", "UserID": "S-1-5-18", "EventData.PackageFamilyName": "MicrosoftWindows.Client.CBS_cw5n1h2txyewy"}
{"EventID": "325", "Channel": "Microsoft-Windows-AppXDeployment/Operational", "Provider_Name": "Microsoft-Windows-AppXDeployment", "Computer": "DESKTOP-OFJ6N53", "TimeCreated": "2025-08-25 13:12:09.892668+00:00", "RecordID": "652343", "Level": "4", "UserID": "S-1-5-18", "EventData.PackageFamilyName": "MicrosoftWindows.Client.CBS_cw5n1h2txyewy"}
{"EventID": "325", "Channel": "Microsoft-Windows-AppXDeployment/Operational", "Provider_Name": "Microsoft-Windows-AppXDeployment", "Computer": "DESKTOP-OFJ6N53", "TimeCreated": "2025-08-25 13:28:55.491598+00:00", "RecordID": "652344", "Level": "4", "UserID": "S-1-5-18", "EventData.PackageFamilyName": "Microsoft.Windows.ContentDeliveryManager_cw5n1h2txyewy"}
{"EventID": "325", "Channel": "Microsoft-Windows-AppXDeployment/Operational", "Provider_Name": "Microsoft-Windows-AppXDeployment", "Computer": "DESKTOP-OFJ6N53", "TimeCreated": "2025-08-25 13:28:55.503977+00:00", "RecordID": "652345", "Level": "4", "UserID": "S-1-5-18", "EventData.PackageFamilyName": "Microsoft.Windows.ContentDeliveryManager_cw5n1h2txyewy"}
{"EventID": "325", "Channel": "Microsoft-Windows-AppXDeployment/Operational", "Provider_Name": "Microsoft-Windows-AppXDeployment", "Computer": "DESKTOP-OFJ6N53", "TimeCreated": "2025-08-25 13:28:56.178383+00:00", "RecordID": "652346", "Level": "4", "UserID": "S-1-5-18", "EventData.PackageFamilyName": "Microsoft.Windows.ContentDeliveryManager_cw5n1h2txyewy"}
{"EventID": "325", "Channel": "Microsoft-Windows-AppXDeployment/Operational", "Provider_Name": "Microsoft-Windows-AppXDeployment", "Computer": "DESKTOP-OFJ6N53", "TimeCreated": "2025-08-25 13:28:56.370749+00:00", "RecordID": "652347", "Level": "4", "UserID": "S-1-5-18", "EventData.PackageFamilyName": "Microsoft.AAD.BrokerPlugin_cw5n1h2txyewy"}
