{"EventID": "6117", "Channel": "Microsoft-Windows-LiveId/Operational", "Provider_Name": "Microsoft-Windows-LiveId", "Computer": "DESKTOP-OFJ6N53", "TimeCreated": "2025-08-20 07:44:56.722137+00:00", "RecordID": "87897", "Level": "4", "UserID": "S-1-5-19", "EventData.ResourceURI": "www.microsoft.com", "EventData.Created": "2025-08-20 10:44:57", "EventData.Expires": "2025-08-21 10:44:57", "EventData.TokenType": "urn:passport:compact", "EventData.AuthRequired": "0", "EventData.RequestStatus": "0", "EventData.HasFlowUrl": "False", "EventData.HasAuthUrl": "False", "EventData.HasEndAuthUrl": "False"}
{"EventID": "2024", "Channel": "Microsoft-Windows-LiveId/Operational", "Provider_Name": "Microsoft-Windows-LiveId", "Computer": "DESKTOP-OFJ6N53", "TimeCreated": "2025-08-20 07:47:56.751928+00:00", "RecordID": "87898", "Level": "4", "UserID": "S-1-5-18", "EventData.Operation": "Service stopped", "EventData.Details": "The service has stopped.", "EventData.Status": "0x00000000"}
{"EventID": "2024", "Channel": "Microsoft-Windows-LiveId/Operational", "Provider_Name": "Microsoft-Windows-LiveId", "Computer": "DESKTOP-OFJ6N53", "TimeCreated": "2025-08-20 07:50:22.365393+00:00", "RecordID": "87899", "Level": "4", "UserID": "S-1-5-18", "EventData.Operation": "Service started", "EventData.Details": "The service will auto stop if no requests received for some period of time.", "EventData.Status": "0x00000000"}
{"EventID": "6115", "Channel": "Microsoft-Windows-LiveId/Operational", "Provider_Name": "Microsoft-Windows-LiveId", "Computer": "DESKTOP-OFJ6N53", "TimeCreated": "2025-08-20 07:50:22.518480+00:00", "RecordID": "87900", "Level": "4", "UserID": "S-1-5-21-963789628-1060504924-4285088085-1001", "EventData.Value": "<s:Envelope><s:Header><wsa:Action s:mustUnderstand=\"1\">*</wsa:Action><wsa:To s:mustUnderstand=\"1\">*</wsa:To><wsa:MessageID>*</wsa:MessageID><ps:AuthInfo Id=\"PPAuthInfo\"><ps:HostingApp>{C89E2069-AF13-46DB-9E39-216131494B87}</ps:HostingApp><ps:BinaryVersion>24</ps:BinaryVersion><ps:UIVersion>1</ps:UIVersion><ps:InlineUX>TokenBroker</ps:InlineUX><ps:IsAdmin>1</ps:IsAdmin><ps:Cookies></ps:Cookies><ps:RequestParams>AQAAAAIAAABsYwQAAAAxMDQ5</ps:RequestParams><ps:WindowsClientString>gkfodOJuvaWN7Khxeg1vNcHQNQrBSfkjx+90ZU2g55E=</ps:WindowsClientString><ps:LicenseSignatureKeyVersion>*</ps:LicenseSignatureKeyVersion><ps:ClientCapabilities>1</ps:ClientCapabilities></ps:AuthInfo><wsse:Security><EncryptedData xmlns=\"http://www.w3.org/2001/04/xmlenc#\" Id=\"devicesoftware\" Type=\"http://www.w3.org/2001/04/xmlenc#Element\"><EncryptionMethod Algorithm=\"http://www.w3.org/2001/04/xmlenc#tripledes-cbc\"></EncryptionMethod><ds:KeyInfo><ds:KeyName>http://Passport.NET/STS</ds:KeyName></ds:KeyInfo><CipherData><CipherValue>*</CipherValue></CipherData></EncryptedData><wssc:DerivedKeyToken wsu:Id=\"SignKey\" Algorithm=\"urn:liveid:SP800108_CTR_HMAC_SHA256_DOUBLEDERIVED\"><wsse:RequestedTokenReference><wsse:KeyIdentifier ValueType=\"http://docs.oasis-open.org/wss/2004/XX/oasis-2004XX-wss-saml-token-profile-1.0#SAMLAssertionID\"/><wsse:Reference URI=\"\"/></wsse:RequestedTokenReference><wssc:Nonce>*</wssc:Nonce></wssc:DerivedKeyToken><wsu:Timestamp wsu:Id=\"Timestamp\"><wsu:Created>2025-08-20T07:50:21Z</wsu:Created><wsu:Expires>2025-08-20T07:55:21Z</wsu:Expires></wsu:Timestamp><Signature xmlns=\"http://www.w3.org/2000/09/xmldsig#\"><SignedInfo><CanonicalizationMethod Algorithm=\"http://www.w3.org/2001/10/xml-exc-c14n#\"></CanonicalizationMethod><SignatureMethod Algorithm=\"http://www.w3.org/2001/04/xmldsig-more#hmac-sha256\"></SignatureMethod><Reference URI=\"#RST0\"><Transforms><Transform Algorithm=\"http://www.w3.org/2001/10/xml-exc-c14n#\"></Transform></Transforms><DigestMethod Algorithm=\"http://www.w3.org/2001/04/xmlenc#sha256\"></DigestMethod><DigestValue>*</DigestValue></Reference><Reference URI=\"#Timestamp\"><Transforms><Transform Algorithm=\"http://www.w3.org/2001/10/xml-exc-c14n#\"></Transform></Transforms><DigestMethod Algorithm=\"http://www.w3.org/2001/04/xmlenc#sha256\"></DigestMethod><DigestValue>*</DigestValue></Reference><Reference URI=\"#PPAuthInfo\"><Transforms><Transform Algorithm=\"http://www.w3.org/2001/10/xml-exc-c14n#\"></Transform></Transforms><DigestMethod Algorithm=\"http://www.w3.org/2001/04/xmlenc#sha256\"></DigestMethod><DigestValue>*</DigestValue></Reference></SignedInfo><SignatureValue>*</SignatureValue><KeyInfo><wsse:SecurityTokenReference><wsse:Reference URI=\"#SignKey\"/></wsse:SecurityTokenReference></KeyInfo></Signature></wsse:Security></s:Header><s:Body><wst:RequestSecurityToken Id=\"RST0\"><wst:RequestType>http://schemas.xmlsoap.org/ws/2005/02/trust/Issue</wst:RequestType><wsp:AppliesTo><wsa:EndpointReference><wsa:Address>474a-87ad-2f9a87615fa3-dc1-tip.cloudapp.net</wsa:Address></wsa:EndpointReference></wsp:AppliesTo><wsp:PolicyReference URI=\"MBI_SSL\"></wsp:PolicyReference></wst:RequestSecurityToken></s:Body></s:Envelope>"}
{"EventID": "6116", "Channel": "Microsoft-Windows-LiveId/Operational", "Provider_Name": "Microsoft-Windows-LiveId", "Computer": "DESKTOP-OFJ6N53", "TimeCreated": "2025-08-20 07:50:23.102890+00:00", "RecordID": "87901", "Level": "4", "UserID": "S-1-5-21-963789628-1060504924-4285088085-1001", "EventData.Value": "<S:Envelope><S:Header><wsa:Action wsu:Id=\"Action\" S:mustUnderstand=\"1\">*</wsa:Action><wsa:To wsu:Id=\"To\" S:mustUnderstand=\"1\">*</wsa:To><wsse:Security><wsu:Timestamp wsu:Id=\"TS\"><wsu:Created>2025-08-20T07:50:23Z</wsu:Created><wsu:Expires>2025-08-20T07:55:23Z</wsu:Expires></wsu:Timestamp><wssc:DerivedKeyToken wsu:Id=\"SignKey\" Algorithm=\"urn:liveid:SP800108_CTR_HMAC_SHA256_DOUBLEDERIVED\"><wsse:SecurityTokenReference><wsse:Reference URI=\"xRAq7C5pkGfoT2sFTVoUN5em8CE=\"></wsse:Reference></wsse:SecurityTokenReference><wssc:Nonce>*</wssc:Nonce></wssc:DerivedKeyToken><wssc:DerivedKeyToken wsu:Id=\"EncKey\" Algorithm=\"urn:liveid:SP800108_CTR_HMAC_SHA256_DOUBLEDERIVED\"><wsse:SecurityTokenReference><wsse:Reference URI=\"xRAq7C5pkGfoT2sFTVoUN5em8CE=\"></wsse:Reference></wsse:SecurityTokenReference><wssc:Nonce>*</wssc:Nonce></wssc:DerivedKeyToken><Signature xmlns=\"http://www.w3.org/2000/09/xmldsig#\"><SignedInfo><CanonicalizationMethod Algorithm=\"http://www.w3.org/2001/10/xml-exc-c14n#\"></CanonicalizationMethod><SignatureMethod Algorithm=\"http://www.w3.org/2001/04/xmldsig-more#hmac-sha256\"></SignatureMethod><Reference URI=\"#EncPsf\"><Transforms><Transform Algorithm=\"http://www.w3.org/2001/10/xml-exc-c14n#\"></Transform></Transforms><DigestMethod Algorithm=\"http://www.w3.org/2001/04/xmlenc#sha256\"></DigestMethod><DigestValue>*</DigestValue></Reference><Reference URI=\"#Body\"><Transforms><Transform Algorithm=\"http://www.w3.org/2001/10/xml-exc-c14n#\"></Transform></Transforms><DigestMethod Algorithm=\"http://www.w3.org/2001/04/xmlenc#sha256\"></DigestMethod><DigestValue>*</DigestValue></Reference><Reference URI=\"#To\"><Transforms><Transform Algorithm=\"http://www.w3.org/2001/10/xml-exc-c14n#\"></Transform></Transforms><DigestMethod Algorithm=\"http://www.w3.org/2001/04/xmlenc#sha256\"></DigestMethod><DigestValue>*</DigestValue></Reference><Reference URI=\"#Action\"><Transforms><Transform Algorithm=\"http://www.w3.org/2001/10/xml-exc-c14n#\"></Transform></Transforms><DigestMethod Algorithm=\"http://www.w3.org/2001/04/xmlenc#sha256\"></DigestMethod><DigestValue>*</DigestValue></Reference><Reference URI=\"#TS\"><Transforms><Transform Algorithm=\"http://www.w3.org/2001/10/xml-exc-c14n#\"></Transform></Transforms><DigestMethod Algorithm=\"http://www.w3.org/2001/04/xmlenc#sha256\"></DigestMethod><DigestValue>*</DigestValue></Reference></SignedInfo><SignatureValue>*</SignatureValue><KeyInfo><wsse:SecurityTokenReference><wsse:Reference URI=\"#SignKey\"></wsse:Reference></wsse:SecurityTokenReference></KeyInfo></Signature><e:ReferenceList xmlns:e=\"http://www.w3.org/2001/04/xmlenc#\"><e:DataReference URI=\"#RSTR\"/><e:DataReference URI=\"#EncPsf\"/></e:ReferenceList></wsse:Security><psf:EncryptedPP><EncryptedData xmlns=\"http://www.w3.org/2001/04/xmlenc#\" Id=\"EncPsf\" Type=\"http://www.w3.org/2001/04/xmlenc#Element\"><EncryptionMethod Algorithm=\"http://www.w3.org/2001/04/xmlenc#aes256-cbc\"></EncryptionMethod><KeyInfo xmlns=\"http://www.w3.org/2000/09/xmldsig#\"><wsse:SecurityTokenReference><wsse:Reference URI=\"#EncKey\"></wsse:Reference></wsse:SecurityTokenReference></KeyInfo><CipherData><CipherValue>*</CipherValue></CipherData></EncryptedData></psf:EncryptedPP></S:Header><S:Body wsu:Id=\"Body\"><EncryptedData xmlns=\"http://www.w3.org/2001/04/xmlenc#\" Id=\"RSTR\" Type=\"http://www.w3.org/2001/04/xmlenc#Element\"><EncryptionMethod Algorithm=\"http://www.w3.org/2001/04/xmlenc#aes256-cbc\"></EncryptionMethod><KeyInfo xmlns=\"http://www.w3.org/2000/09/xmldsig#\"><wsse:SecurityTokenReference><wsse:Reference URI=\"#EncKey\"></wsse:Reference></wsse:SecurityTokenReference></KeyInfo><CipherData><CipherValue>*</CipherValue></CipherData></EncryptedData></S:Body></S:Envelope>"}
{"EventID": "6117", "Channel": "Microsoft-Windows-LiveId/Operational", "Provider_Name": "Microsoft-Windows-LiveId", "Computer": "DESKTOP-OFJ6N53", "TimeCreated": "2025-08-20 07:50:23.114267+00:00", "RecordID": "87902", "Level": "4", "UserID": "S-1-5-21-963789628-1060504924-4285088085-1001", "EventData.ResourceURI": "474a-87ad-2f9a87615fa3-dc1-tip.cloudapp.net", "EventData.Created": "2025-08-20 10:50:23", "EventData.Expires": "2025-08-21 10:50:23", "EventData.TokenType": "urn:passport:compact", "EventData.AuthRequired": "0", "EventData.RequestStatus": "0", "EventData.HasFlowUrl": "False", "EventData.HasAuthUrl": "False", "EventData.HasEndAuthUrl": "False"}
{"EventID": "6115", "Channel": "Microsoft-Windows-LiveId/Operational", "Provider_Name": "Microsoft-Windows-LiveId", "Computer": "DESKTOP-OFJ6N53", "TimeCreated": "2025-08-20 07:52:22.854198+00:00", "RecordID": "87903", "Level": "4", "UserID": "S-1-5-18", "EventData.Value": "<s:Envelope><s:Header><wsa:Action s:mustUnderstand=\"1\">*</wsa:Action><wsa:To s:mustUnderstand=\"1\">*</wsa:To><wsa:MessageID>*</wsa:MessageID><ps:AuthInfo Id=\"PPAuthInfo\"><ps:HostingApp>{CA4948B9-35E5-4977-A64A-5C71AA2A26CB}</ps:HostingApp><ps:BinaryVersion>24</ps:BinaryVersion><ps:UIVersion>1</ps:UIVersion><ps:InlineUX>TokenBroker</ps:InlineUX><ps:IsAdmin>1</ps:IsAdmin><ps:Cookies></ps:Cookies><ps:RequestParams>AQAAAAIAAABsYwQAAAAxMDQ5</ps:RequestParams><ps:WindowsClientString>gkfodOJuvaWN7Khxeg1vNcHQNQrBSfkjx+90ZU2g55E=</ps:WindowsClientString><ps:LicenseSignatureKeyVersion>*</ps:LicenseSignatureKeyVersion><ps:ClientCapabilities>1</ps:ClientCapabilities></ps:AuthInfo><wsse:Security><EncryptedData xmlns=\"http://www.w3.org/2001/04/xmlenc#\" Id=\"devicesoftware\" Type=\"http://www.w3.org/2001/04/xmlenc#Element\"><EncryptionMethod Algorithm=\"http://www.w3.org/2001/04/xmlenc#tripledes-cbc\"></EncryptionMethod><ds:KeyInfo><ds:KeyName>http://Passport.NET/STS</ds:KeyName></ds:KeyInfo><CipherData><CipherValue>*</CipherValue></CipherData></EncryptedData><wssc:DerivedKeyToken wsu:Id=\"SignKey\" Algorithm=\"urn:liveid:SP800108_CTR_HMAC_SHA256_DOUBLEDERIVED\"><wsse:RequestedTokenReference><wsse:KeyIdentifier ValueType=\"http://docs.oasis-open.org/wss/2004/XX/oasis-2004XX-wss-saml-token-profile-1.0#SAMLAssertionID\"/><wsse:Reference URI=\"\"/></wsse:RequestedTokenReference><wssc:Nonce>*</wssc:Nonce></wssc:DerivedKeyToken><wsu:Timestamp wsu:Id=\"Timestamp\"><wsu:Created>2025-08-20T07:52:21Z</wsu:Created><wsu:Expires>2025-08-20T07:57:21Z</wsu:Expires></wsu:Timestamp><Signature xmlns=\"http://www.w3.org/2000/09/xmldsig#\"><SignedInfo><CanonicalizationMethod Algorithm=\"http://www.w3.org/2001/10/xml-exc-c14n#\"></CanonicalizationMethod><SignatureMethod Algorithm=\"http://www.w3.org/2001/04/xmldsig-more#hmac-sha256\"></SignatureMethod><Reference URI=\"#RST0\"><Transforms><Transform Algorithm=\"http://www.w3.org/2001/10/xml-exc-c14n#\"></Transform></Transforms><DigestMethod Algorithm=\"http://www.w3.org/2001/04/xmlenc#sha256\"></DigestMethod><DigestValue>*</DigestValue></Reference><Reference URI=\"#Timestamp\"><Transforms><Transform Algorithm=\"http://www.w3.org/2001/10/xml-exc-c14n#\"></Transform></Transforms><DigestMethod Algorithm=\"http://www.w3.org/2001/04/xmlenc#sha256\"></DigestMethod><DigestValue>*</DigestValue></Reference><Reference URI=\"#PPAuthInfo\"><Transforms><Transform Algorithm=\"http://www.w3.org/2001/10/xml-exc-c14n#\"></Transform></Transforms><DigestMethod Algorithm=\"http://www.w3.org/2001/04/xmlenc#sha256\"></DigestMethod><DigestValue>*</DigestValue></Reference></SignedInfo><SignatureValue>*</SignatureValue><KeyInfo><wsse:SecurityTokenReference><wsse:Reference URI=\"#SignKey\"/></wsse:SecurityTokenReference></KeyInfo></Signature></wsse:Security></s:Header><s:Body><wst:RequestSecurityToken Id=\"RST0\"><wst:RequestType>http://schemas.xmlsoap.org/ws/2005/02/trust/Issue</wst:RequestType><wsp:AppliesTo><wsa:EndpointReference><wsa:Address>www.microsoft.com</wsa:Address></wsa:EndpointReference></wsp:AppliesTo><wsp:PolicyReference URI=\"mbi_ssl\"></wsp:PolicyReference></wst:RequestSecurityToken></s:Body></s:Envelope>"}
{"EventID": "6116", "Channel": "Microsoft-Windows-LiveId/Operational", "Provider_Name": "Microsoft-Windows-LiveId", "Computer": "DESKTOP-OFJ6N53", "TimeCreated": "2025-08-20 07:52:23.298998+00:00", "RecordID": "87904", "Level": "4", "UserID": "S-1-5-18", "EventData.Value": "<S:Envelope><S:Header><wsa:Action wsu:Id=\"Action\" S:mustUnderstand=\"1\">*</wsa:Action><wsa:To wsu:Id=\"To\" S:mustUnderstand=\"1\">*</wsa:To><wsse:Security><wsu:Timestamp wsu:Id=\"TS\"><wsu:Created>2025-08-20T07:52:23Z</wsu:Created><wsu:Expires>2025-08-20T07:57:23Z</wsu:Expires></wsu:Timestamp><wssc:DerivedKeyToken wsu:Id=\"SignKey\" Algorithm=\"urn:liveid:SP800108_CTR_HMAC_SHA256_DOUBLEDERIVED\"><wsse:SecurityTokenReference><wsse:Reference URI=\"BjqSnjIiAfqUtYMNT4mVXNvnf+Y=\"></wsse:Reference></wsse:SecurityTokenReference><wssc:Nonce>*</wssc:Nonce></wssc:DerivedKeyToken><wssc:DerivedKeyToken wsu:Id=\"EncKey\" Algorithm=\"urn:liveid:SP800108_CTR_HMAC_SHA256_DOUBLEDERIVED\"><wsse:SecurityTokenReference><wsse:Reference URI=\"BjqSnjIiAfqUtYMNT4mVXNvnf+Y=\"></wsse:Reference></wsse:SecurityTokenReference><wssc:Nonce>*</wssc:Nonce></wssc:DerivedKeyToken><Signature xmlns=\"http://www.w3.org/2000/09/xmldsig#\"><SignedInfo><CanonicalizationMethod Algorithm=\"http://www.w3.org/2001/10/xml-exc-c14n#\"></CanonicalizationMethod><SignatureMethod Algorithm=\"http://www.w3.org/2001/04/xmldsig-more#hmac-sha256\"></SignatureMethod><Reference URI=\"#EncPsf\"><Transforms><Transform Algorithm=\"http://www.w3.org/2001/10/xml-exc-c14n#\"></Transform></Transforms><DigestMethod Algorithm=\"http://www.w3.org/2001/04/xmlenc#sha256\"></DigestMethod><DigestValue>*</DigestValue></Reference><Reference URI=\"#Body\"><Transforms><Transform Algorithm=\"http://www.w3.org/2001/10/xml-exc-c14n#\"></Transform></Transforms><DigestMethod Algorithm=\"http://www.w3.org/2001/04/xmlenc#sha256\"></DigestMethod><DigestValue>*</DigestValue></Reference><Reference URI=\"#To\"><Transforms><Transform Algorithm=\"http://www.w3.org/2001/10/xml-exc-c14n#\"></Transform></Transforms><DigestMethod Algorithm=\"http://www.w3.org/2001/04/xmlenc#sha256\"></DigestMethod><DigestValue>*</DigestValue></Reference><Reference URI=\"#Action\"><Transforms><Transform Algorithm=\"http://www.w3.org/2001/10/xml-exc-c14n#\"></Transform></Transforms><DigestMethod Algorithm=\"http://www.w3.org/2001/04/xmlenc#sha256\"></DigestMethod><DigestValue>*</DigestValue></Reference><Reference URI=\"#TS\"><Transforms><Transform Algorithm=\"http://www.w3.org/2001/10/xml-exc-c14n#\"></Transform></Transforms><DigestMethod Algorithm=\"http://www.w3.org/2001/04/xmlenc#sha256\"></DigestMethod><DigestValue>*</DigestValue></Reference></SignedInfo><SignatureValue>*</SignatureValue><KeyInfo><wsse:SecurityTokenReference><wsse:Reference URI=\"#SignKey\"></wsse:Reference></wsse:SecurityTokenReference></KeyInfo></Signature><e:ReferenceList xmlns:e=\"http://www.w3.org/2001/04/xmlenc#\"><e:DataReference URI=\"#RSTR\"/><e:DataReference URI=\"#EncPsf\"/></e:ReferenceList></wsse:Security><psf:EncryptedPP><EncryptedData xmlns=\"http://www.w3.org/2001/04/xmlenc#\" Id=\"EncPsf\" Type=\"http://www.w3.org/2001/04/xmlenc#Element\"><EncryptionMethod Algorithm=\"http://www.w3.org/2001/04/xmlenc#aes256-cbc\"></EncryptionMethod><KeyInfo xmlns=\"http://www.w3.org/2000/09/xmldsig#\"><wsse:SecurityTokenReference><wsse:Reference URI=\"#EncKey\"></wsse:Reference></wsse:SecurityTokenReference></KeyInfo><CipherData><CipherValue>*</CipherValue></CipherData></EncryptedData></psf:EncryptedPP></S:Header><S:Body wsu:Id=\"Body\"><EncryptedData xmlns=\"http://www.w3.org/2001/04/xmlenc#\" Id=\"RSTR\" Type=\"http://www.w3.org/2001/04/xmlenc#Element\"><EncryptionMethod Algorithm=\"http://www.w3.org/2001/04/xmlenc#aes256-cbc\"></EncryptionMethod><KeyInfo xmlns=\"http://www.w3.org/2000/09/xmldsig#\"><wsse:SecurityTokenReference><wsse:Reference URI=\"#EncKey\"></wsse:Reference></wsse:SecurityTokenReference></KeyInfo><CipherData><CipherValue>*</CipherValue></CipherData></EncryptedData></S:Body></S:Envelope>"}
{"EventID": "6117", "Channel": "Microsoft-Windows-LiveId/Operational", "Provider_Name": "Microsoft-Windows-LiveId", "Computer": "DESKTOP-OFJ6N53", "TimeCreated": "2025-08-20 07:52:23.300764+00:00", "RecordID": "87905", "Level": "4", "UserID": "S-1-5-18", "EventData.ResourceURI": "www.microsoft.com", "EventData.Created": "2025-08-20 10:52:23", "EventData.Expires": "2025-08-21 10:52:23", "EventData.TokenType": "urn:passport:compact", "EventData.AuthRequired": "0", "EventData.RequestStatus": "0", "EventData.HasFlowUrl": "False", "EventData.HasAuthUrl": "False", "EventData.HasEndAuthUrl": "False"}
{"EventID": "6115", "Channel": "Microsoft-Windows-LiveId/Operational", "Provider_Name": "Microsoft-Windows-LiveId", "Computer": "DESKTOP-OFJ6N53", "TimeCreated": "2025-08-20 07:54:58.136122+00:00", "RecordID": "87906", "Level": "4", "UserID": "S-1-5-20", "EventData.Value": "<s:Envelope><s:Header><wsa:Action s:mustUnderstand=\"1\">*</wsa:Action><wsa:To s:mustUnderstand=\"1\">*</wsa:To><wsa:MessageID>*</wsa:MessageID><ps:AuthInfo Id=\"PPAuthInfo\"><ps:HostingApp>{922DF99B-F4C3-4B57-B70A-AA696443101A}</ps:HostingApp><ps:BinaryVersion>24</ps:BinaryVersion><ps:UIVersion>1</ps:UIVersion><ps:InlineUX>TokenBroker</ps:InlineUX><ps:Cookies></ps:Cookies><ps:RequestParams>AQAAAAIAAABsYwQAAAAxMDQ5</ps:RequestParams><ps:WindowsClientString>gkfodOJuvaWN7Khxeg1vNcHQNQrBSfkjx+90ZU2g55E=</ps:WindowsClientString><ps:LicenseSignatureKeyVersion>*</ps:LicenseSignatureKeyVersion><ps:ClientCapabilities>1</ps:ClientCapabilities></ps:AuthInfo><wsse:Security><EncryptedData xmlns=\"http://www.w3.org/2001/04/xmlenc#\" Id=\"devicesoftware\" Type=\"http://www.w3.org/2001/04/xmlenc#Element\"><EncryptionMethod Algorithm=\"http://www.w3.org/2001/04/xmlenc#tripledes-cbc\"></EncryptionMethod><ds:KeyInfo><ds:KeyName>http://Passport.NET/STS</ds:KeyName></ds:KeyInfo><CipherData><CipherValue>*</CipherValue></CipherData></EncryptedData><wssc:DerivedKeyToken wsu:Id=\"SignKey\" Algorithm=\"urn:liveid:SP800108_CTR_HMAC_SHA256_DOUBLEDERIVED\"><wsse:RequestedTokenReference><wsse:KeyIdentifier ValueType=\"http://docs.oasis-open.org/wss/2004/XX/oasis-2004XX-wss-saml-token-profile-1.0#SAMLAssertionID\"/><wsse:Reference URI=\"\"/></wsse:RequestedTokenReference><wssc:Nonce>*</wssc:Nonce></wssc:DerivedKeyToken><wsu:Timestamp wsu:Id=\"Timestamp\"><wsu:Created>2025-08-20T07:54:57Z</wsu:Created><wsu:Expires>2025-08-20T07:59:57Z</wsu:Expires></wsu:Timestamp><Signature xmlns=\"http://www.w3.org/2000/09/xmldsig#\"><SignedInfo><CanonicalizationMethod Algorithm=\"http://www.w3.org/2001/10/xml-exc-c14n#\"></CanonicalizationMethod><SignatureMethod Algorithm=\"http://www.w3.org/2001/04/xmldsig-more#hmac-sha256\"></SignatureMethod><Reference URI=\"#RST0\"><Transforms><Transform Algorithm=\"http://www.w3.org/2001/10/xml-exc-c14n#\"></Transform></Transforms><DigestMethod Algorithm=\"http://www.w3.org/2001/04/xmlenc#sha256\"></DigestMethod><DigestValue>*</DigestValue></Reference><Reference URI=\"#Timestamp\"><Transforms><Transform Algorithm=\"http://www.w3.org/2001/10/xml-exc-c14n#\"></Transform></Transforms><DigestMethod Algorithm=\"http://www.w3.org/2001/04/xmlenc#sha256\"></DigestMethod><DigestValue>*</DigestValue></Reference><Reference URI=\"#PPAuthInfo\"><Transforms><Transform Algorithm=\"http://www.w3.org/2001/10/xml-exc-c14n#\"></Transform></Transforms><DigestMethod Algorithm=\"http://www.w3.org/2001/04/xmlenc#sha256\"></DigestMethod><DigestValue>*</DigestValue></Reference></SignedInfo><SignatureValue>*</SignatureValue><KeyInfo><wsse:SecurityTokenReference><wsse:Reference URI=\"#SignKey\"/></wsse:SecurityTokenReference></KeyInfo></Signature></wsse:Security></s:Header><s:Body><wst:RequestSecurityToken Id=\"RST0\"><wst:RequestType>http://schemas.xmlsoap.org/ws/2005/02/trust/Issue</wst:RequestType><wsp:AppliesTo><wsa:EndpointReference><wsa:Address>474a-87ad-2f9a87615fa3-dc1-tip.cloudapp.net</wsa:Address></wsa:EndpointReference></wsp:AppliesTo><wsp:PolicyReference URI=\"MBI_SSL\"></wsp:PolicyReference></wst:RequestSecurityToken></s:Body></s:Envelope>"}
{"EventID": "6116", "Channel": "Microsoft-Windows-LiveId/Operational", "Provider_Name": "Microsoft-Windows-LiveId", "Computer": "DESKTOP-OFJ6N53", "TimeCreated": "2025-08-20 07:54:58.585175+00:00", "RecordID": "87907", "Level": "4", "UserID": "S-1-5-20", "EventData.Value": "<S:Envelope><S:Header><wsa:Action wsu:Id=\"Action\" S:mustUnderstand=\"1\">*</wsa:Action><wsa:To wsu:Id=\"To\" S:mustUnderstand=\"1\">*</wsa:To><wsse:Security><wsu:Timestamp wsu:Id=\"TS\"><wsu:Created>2025-08-20T07:54:59Z</wsu:Created><wsu:Expires>2025-08-20T07:59:59Z</wsu:Expires></wsu:Timestamp><wssc:DerivedKeyToken wsu:Id=\"SignKey\" Algorithm=\"urn:liveid:SP800108_CTR_HMAC_SHA256_DOUBLEDERIVED\"><wsse:SecurityTokenReference><wsse:Reference URI=\"osi+YTQWroJasAbtlr0iEDecYEs=\"></wsse:Reference></wsse:SecurityTokenReference><wssc:Nonce>*</wssc:Nonce></wssc:DerivedKeyToken><wssc:DerivedKeyToken wsu:Id=\"EncKey\" Algorithm=\"urn:liveid:SP800108_CTR_HMAC_SHA256_DOUBLEDERIVED\"><wsse:SecurityTokenReference><wsse:Reference URI=\"osi+YTQWroJasAbtlr0iEDecYEs=\"></wsse:Reference></wsse:SecurityTokenReference><wssc:Nonce>*</wssc:Nonce></wssc:DerivedKeyToken><Signature xmlns=\"http://www.w3.org/2000/09/xmldsig#\"><SignedInfo><CanonicalizationMethod Algorithm=\"http://www.w3.org/2001/10/xml-exc-c14n#\"></CanonicalizationMethod><SignatureMethod Algorithm=\"http://www.w3.org/2001/04/xmldsig-more#hmac-sha256\"></SignatureMethod><Reference URI=\"#EncPsf\"><Transforms><Transform Algorithm=\"http://www.w3.org/2001/10/xml-exc-c14n#\"></Transform></Transforms><DigestMethod Algorithm=\"http://www.w3.org/2001/04/xmlenc#sha256\"></DigestMethod><DigestValue>*</DigestValue></Reference><Reference URI=\"#Body\"><Transforms><Transform Algorithm=\"http://www.w3.org/2001/10/xml-exc-c14n#\"></Transform></Transforms><DigestMethod Algorithm=\"http://www.w3.org/2001/04/xmlenc#sha256\"></DigestMethod><DigestValue>*</DigestValue></Reference><Reference URI=\"#To\"><Transforms><Transform Algorithm=\"http://www.w3.org/2001/10/xml-exc-c14n#\"></Transform></Transforms><DigestMethod Algorithm=\"http://www.w3.org/2001/04/xmlenc#sha256\"></DigestMethod><DigestValue>*</DigestValue></Reference><Reference URI=\"#Action\"><Transforms><Transform Algorithm=\"http://www.w3.org/2001/10/xml-exc-c14n#\"></Transform></Transforms><DigestMethod Algorithm=\"http://www.w3.org/2001/04/xmlenc#sha256\"></DigestMethod><DigestValue>*</DigestValue></Reference><Reference URI=\"#TS\"><Transforms><Transform Algorithm=\"http://www.w3.org/2001/10/xml-exc-c14n#\"></Transform></Transforms><DigestMethod Algorithm=\"http://www.w3.org/2001/04/xmlenc#sha256\"></DigestMethod><DigestValue>*</DigestValue></Reference></SignedInfo><SignatureValue>*</SignatureValue><KeyInfo><wsse:SecurityTokenReference><wsse:Reference URI=\"#SignKey\"></wsse:Reference></wsse:SecurityTokenReference></KeyInfo></Signature><e:ReferenceList xmlns:e=\"http://www.w3.org/2001/04/xmlenc#\"><e:DataReference URI=\"#RSTR\"/><e:DataReference URI=\"#EncPsf\"/></e:ReferenceList></wsse:Security><psf:EncryptedPP><EncryptedData xmlns=\"http://www.w3.org/2001/04/xmlenc#\" Id=\"EncPsf\" Type=\"http://www.w3.org/2001/04/xmlenc#Element\"><EncryptionMethod Algorithm=\"http://www.w3.org/2001/04/xmlenc#aes256-cbc\"></EncryptionMethod><KeyInfo xmlns=\"http://www.w3.org/2000/09/xmldsig#\"><wsse:SecurityTokenReference><wsse:Reference URI=\"#EncKey\"></wsse:Reference></wsse:SecurityTokenReference></KeyInfo><CipherData><CipherValue>*</CipherValue></CipherData></EncryptedData></psf:EncryptedPP></S:Header><S:Body wsu:Id=\"Body\"><EncryptedData xmlns=\"http://www.w3.org/2001/04/xmlenc#\" Id=\"RSTR\" Type=\"http://www.w3.org/2001/04/xmlenc#Element\"><EncryptionMethod Algorithm=\"http://www.w3.org/2001/04/xmlenc#aes256-cbc\"></EncryptionMethod><KeyInfo xmlns=\"http://www.w3.org/2000/09/xmldsig#\"><wsse:SecurityTokenReference><wsse:Reference URI=\"#EncKey\"></wsse:Reference></wsse:SecurityTokenReference></KeyInfo><CipherData><CipherValue>*</CipherValue></CipherData></EncryptedData></S:Body></S:Envelope>"}
{"EventID": "6117", "Channel": "Microsoft-Windows-LiveId/Operational", "Provider_Name": "Microsoft-Windows-LiveId", "Computer": "DESKTOP-OFJ6N53", "TimeCreated": "2025-08-20 07:54:58.586689+00:00", "RecordID": "87908", "Level": "4", "UserID": "S-1-5-20", "EventData.ResourceURI": "474a-87ad-2f9a87615fa3-dc1-tip.cloudapp.net", "EventData.Created": "2025-08-20 10:54:59", "EventData.Expires": "2025-08-21 10:54:59", "EventData.TokenType": "urn:passport:compact", "EventData.AuthRequired": "0", "EventData.RequestStatus": "0", "EventData.HasFlowUrl": "False", "EventData.HasAuthUrl": "False", "EventData.HasEndAuthUrl": "False"}
{"EventID": "2024", "Channel": "Microsoft-Windows-LiveId/Operational", "Provider_Name": "Microsoft-Windows-LiveId", "Computer": "DESKTOP-OFJ6N53", "TimeCreated": "2025-08-20 07:57:58.794491+00:00", "RecordID": "87909", "Level": "4", "UserID": "S-1-5-18", "EventData.Operation": "Service stopped", "EventData.Details": "The service has stopped.", "EventData.Status": "0x00000000"}
{"EventID": "2024", "Channel": "Microsoft-Windows-LiveId/Operational", "Provider_Name": "Microsoft-Windows-LiveId", "Computer": "DESKTOP-OFJ6N53", "TimeCreated": "2025-08-20 10:09:24.522444+00:00", "RecordID": "87910", "Level": "4", "UserID": "S-1-5-18", "EventData.Operation": "Service started", "EventData.Details": "The service will auto stop if no requests received for some period of time.", "EventData.Status": "0x00000000"}
{"EventID": "6115", "Channel": "Microsoft-Windows-LiveId/Operational", "Provider_Name": "Microsoft-Windows-LiveId", "Computer": "DESKTOP-OFJ6N53", "TimeCreated": "2025-08-20 10:09:24.621096+00:00", "RecordID": "87911", "Level": "4", "UserID": "S-1-5-21-963789628-1060504924-4285088085-1001", "EventData.Value": "<s:Envelope><s:Header><wsa:Action s:mustUnderstand=\"1\">*</wsa:Action><wsa:To s:mustUnderstand=\"1\">*</wsa:To><wsa:MessageID>*</wsa:MessageID><ps:AuthInfo Id=\"PPAuthInfo\"><ps:HostingApp>{fc177c6f-a3d6-4bb0-b1fa-23d0cd9b005d}</ps:HostingApp><ps:BinaryVersion>24</ps:BinaryVersion><ps:UIVersion>1</ps:UIVersion><ps:InlineUX>TokenBroker</ps:InlineUX><ps:IsAdmin>1</ps:IsAdmin><ps:PackageSID>S-1-15-2-350187224-1905355452-1037786396-3028148496-2624191407-3283318427-1255436723</ps:PackageSID><ps:Cookies></ps:Cookies><ps:RequestParams>AQAAAAIAAABsYwQAAAAxMDQ5</ps:RequestParams><ps:WindowsClientString>gkfodOJuvaWN7Khxeg1vNcHQNQrBSfkjx+90ZU2g55E=</ps:WindowsClientString><ps:LicenseSignatureKeyVersion>*</ps:LicenseSignatureKeyVersion><ps:ClientCapabilities>1</ps:ClientCapabilities></ps:AuthInfo><wsse:Security><EncryptedData xmlns=\"http://www.w3.org/2001/04/xmlenc#\" Id=\"devicesoftware\" Type=\"http://www.w3.org/2001/04/xmlenc#Element\"><EncryptionMethod Algorithm=\"http://www.w3.org/2001/04/xmlenc#tripledes-cbc\"></EncryptionMethod><ds:KeyInfo><ds:KeyName>http://Passport.NET/STS</ds:KeyName></ds:KeyInfo><CipherData><CipherValue>*</CipherValue></CipherData></EncryptedData><wssc:DerivedKeyToken wsu:Id=\"SignKey\" Algorithm=\"urn:liveid:SP800108_CTR_HMAC_SHA256_DOUBLEDERIVED\"><wsse:RequestedTokenReference><wsse:KeyIdentifier ValueType=\"http://docs.oasis-open.org/wss/2004/XX/oasis-2004XX-wss-saml-token-profile-1.0#SAMLAssertionID\"/><wsse:Reference URI=\"\"/></wsse:RequestedTokenReference><wssc:Nonce>*</wssc:Nonce></wssc:DerivedKeyToken><wsu:Timestamp wsu:Id=\"Timestamp\"><wsu:Created>2025-08-20T10:09:23Z</wsu:Created><wsu:Expires>2025-08-20T10:14:23Z</wsu:Expires></wsu:Timestamp><Signature xmlns=\"http://www.w3.org/2000/09/xmldsig#\"><SignedInfo><CanonicalizationMethod Algorithm=\"http://www.w3.org/2001/10/xml-exc-c14n#\"></CanonicalizationMethod><SignatureMethod Algorithm=\"http://www.w3.org/2001/04/xmldsig-more#hmac-sha256\"></SignatureMethod><Reference URI=\"#RST0\"><Transforms><Transform Algorithm=\"http://www.w3.org/2001/10/xml-exc-c14n#\"></Transform></Transforms><DigestMethod Algorithm=\"http://www.w3.org/2001/04/xmlenc#sha256\"></DigestMethod><DigestValue>*</DigestValue></Reference><Reference URI=\"#Timestamp\"><Transforms><Transform Algorithm=\"http://www.w3.org/2001/10/xml-exc-c14n#\"></Transform></Transforms><DigestMethod Algorithm=\"http://www.w3.org/2001/04/xmlenc#sha256\"></DigestMethod><DigestValue>*</DigestValue></Reference><Reference URI=\"#PPAuthInfo\"><Transforms><Transform Algorithm=\"http://www.w3.org/2001/10/xml-exc-c14n#\"></Transform></Transforms><DigestMethod Algorithm=\"http://www.w3.org/2001/04/xmlenc#sha256\"></DigestMethod><DigestValue>*</DigestValue></Reference></SignedInfo><SignatureValue>*</SignatureValue><KeyInfo><wsse:SecurityTokenReference><wsse:Reference URI=\"#SignKey\"/></wsse:SecurityTokenReference></KeyInfo></Signature></wsse:Security></s:Header><s:Body><wst:RequestSecurityToken Id=\"RST0\"><wst:RequestType>http://schemas.xmlsoap.org/ws/2005/02/trust/Issue</wst:RequestType><wsp:AppliesTo><wsa:EndpointReference><wsa:Address>ads.arcct.msn.com</wsa:Address></wsa:EndpointReference></wsp:AppliesTo><wsp:PolicyReference URI=\"MBI_SSL\"></wsp:PolicyReference></wst:RequestSecurityToken></s:Body></s:Envelope>"}
{"EventID": "6115", "Channel": "Microsoft-Windows-LiveId/Operational", "Provider_Name": "Microsoft-Windows-LiveId", "Computer": "DESKTOP-OFJ6N53", "TimeCreated": "2025-08-20 10:09:24.621447+00:00", "RecordID": "87912", "Level": "4", "UserID": "S-1-5-21-963789628-1060504924-4285088085-1001", "EventData.Value": "<s:Envelope><s:Header><wsa:Action s:mustUnderstand=\"1\">*</wsa:Action><wsa:To s:mustUnderstand=\"1\">*</wsa:To><wsa:MessageID>*</wsa:MessageID><ps:AuthInfo Id=\"PPAuthInfo\"><ps:HostingApp>{fc177c6f-a3d6-4bb0-b1fa-23d0cd9b005d}</ps:HostingApp><ps:BinaryVersion>24</ps:BinaryVersion><ps:UIVersion>1</ps:UIVersion><ps:InlineUX>TokenBroker</ps:InlineUX><ps:IsAdmin>1</ps:IsAdmin><ps:PackageSID>S-1-15-2-350187224-1905355452-1037786396-3028148496-2624191407-3283318427-1255436723</ps:PackageSID><ps:Cookies></ps:Cookies><ps:RequestParams>AQAAAAIAAABsYwQAAAAxMDQ5</ps:RequestParams><ps:WindowsClientString>gkfodOJuvaWN7Khxeg1vNcHQNQrBSfkjx+90ZU2g55E=</ps:WindowsClientString><ps:LicenseSignatureKeyVersion>*</ps:LicenseSignatureKeyVersion><ps:ClientCapabilities>1</ps:ClientCapabilities></ps:AuthInfo><wsse:Security><EncryptedData xmlns=\"http://www.w3.org/2001/04/xmlenc#\" Id=\"devicesoftware\" Type=\"http://www.w3.org/2001/04/xmlenc#Element\"><EncryptionMethod Algorithm=\"http://www.w3.org/2001/04/xmlenc#tripledes-cbc\"></EncryptionMethod><ds:KeyInfo><ds:KeyName>http://Passport.NET/STS</ds:KeyName></ds:KeyInfo><CipherData><CipherValue>*</CipherValue></CipherData></EncryptedData><wssc:DerivedKeyToken wsu:Id=\"SignKey\" Algorithm=\"urn:liveid:SP800108_CTR_HMAC_SHA256_DOUBLEDERIVED\"><wsse:RequestedTokenReference><wsse:KeyIdentifier ValueType=\"http://docs.oasis-open.org/wss/2004/XX/oasis-2004XX-wss-saml-token-profile-1.0#SAMLAssertionID\"/><wsse:Reference URI=\"\"/></wsse:RequestedTokenReference><wssc:Nonce>*</wssc:Nonce></wssc:DerivedKeyToken><wsu:Timestamp wsu:Id=\"Timestamp\"><wsu:Created>2025-08-20T10:09:23Z</wsu:Created><wsu:Expires>2025-08-20T10:14:23Z</wsu:Expires></wsu:Timestamp><Signature xmlns=\"http://www.w3.org/2000/09/xmldsig#\"><SignedInfo><CanonicalizationMethod Algorithm=\"http://www.w3.org/2001/10/xml-exc-c14n#\"></CanonicalizationMethod><SignatureMethod Algorithm=\"http://www.w3.org/2001/04/xmldsig-more#hmac-sha256\"></SignatureMethod><Reference URI=\"#RST0\"><Transforms><Transform Algorithm=\"http://www.w3.org/2001/10/xml-exc-c14n#\"></Transform></Transforms><DigestMethod Algorithm=\"http://www.w3.org/2001/04/xmlenc#sha256\"></DigestMethod><DigestValue>*</DigestValue></Reference><Reference URI=\"#Timestamp\"><Transforms><Transform Algorithm=\"http://www.w3.org/2001/10/xml-exc-c14n#\"></Transform></Transforms><DigestMethod Algorithm=\"http://www.w3.org/2001/04/xmlenc#sha256\"></DigestMethod><DigestValue>*</DigestValue></Reference><Reference URI=\"#PPAuthInfo\"><Transforms><Transform Algorithm=\"http://www.w3.org/2001/10/xml-exc-c14n#\"></Transform></Transforms><DigestMethod Algorithm=\"http://www.w3.org/2001/04/xmlenc#sha256\"></DigestMethod><DigestValue>*</DigestValue></Reference></SignedInfo><SignatureValue>*</SignatureValue><KeyInfo><wsse:SecurityTokenReference><wsse:Reference URI=\"#SignKey\"/></wsse:SecurityTokenReference></KeyInfo></Signature></wsse:Security></s:Header><s:Body><wst:RequestSecurityToken Id=\"RST0\"><wst:RequestType>http://schemas.xmlsoap.org/ws/2005/02/trust/Issue</wst:RequestType><wsp:AppliesTo><wsa:EndpointReference><wsa:Address>ads.arcct.msn.com</wsa:Address></wsa:EndpointReference></wsp:AppliesTo><wsp:PolicyReference URI=\"MBI_SSL\"></wsp:PolicyReference></wst:RequestSecurityToken></s:Body></s:Envelope>"}
{"EventID": "6116", "Channel": "Microsoft-Windows-LiveId/Operational", "Provider_Name": "Microsoft-Windows-LiveId", "Computer": "DESKTOP-OFJ6N53", "TimeCreated": "2025-08-20 10:09:25.031385+00:00", "RecordID": "87913", "Level": "4", "UserID": "S-1-5-21-963789628-1060504924-4285088085-1001", "EventData.Value": "<S:Envelope><S:Header><wsa:Action wsu:Id=\"Action\" S:mustUnderstand=\"1\">*</wsa:Action><wsa:To wsu:Id=\"To\" S:mustUnderstand=\"1\">*</wsa:To><wsse:Security><wsu:Timestamp wsu:Id=\"TS\"><wsu:Created>2025-08-20T10:09:25Z</wsu:Created><wsu:Expires>2025-08-20T10:14:25Z</wsu:Expires></wsu:Timestamp><wssc:DerivedKeyToken wsu:Id=\"SignKey\" Algorithm=\"urn:liveid:SP800108_CTR_HMAC_SHA256_DOUBLEDERIVED\"><wsse:SecurityTokenReference><wsse:Reference URI=\"xRAq7C5pkGfoT2sFTVoUN5em8CE=\"></wsse:Reference></wsse:SecurityTokenReference><wssc:Nonce>*</wssc:Nonce></wssc:DerivedKeyToken><wssc:DerivedKeyToken wsu:Id=\"EncKey\" Algorithm=\"urn:liveid:SP800108_CTR_HMAC_SHA256_DOUBLEDERIVED\"><wsse:SecurityTokenReference><wsse:Reference URI=\"xRAq7C5pkGfoT2sFTVoUN5em8CE=\"></wsse:Reference></wsse:SecurityTokenReference><wssc:Nonce>*</wssc:Nonce></wssc:DerivedKeyToken><Signature xmlns=\"http://www.w3.org/2000/09/xmldsig#\"><SignedInfo><CanonicalizationMethod Algorithm=\"http://www.w3.org/2001/10/xml-exc-c14n#\"></CanonicalizationMethod><SignatureMethod Algorithm=\"http://www.w3.org/2001/04/xmldsig-more#hmac-sha256\"></SignatureMethod><Reference URI=\"#EncPsf\"><Transforms><Transform Algorithm=\"http://www.w3.org/2001/10/xml-exc-c14n#\"></Transform></Transforms><DigestMethod Algorithm=\"http://www.w3.org/2001/04/xmlenc#sha256\"></DigestMethod><DigestValue>*</DigestValue></Reference><Reference URI=\"#Body\"><Transforms><Transform Algorithm=\"http://www.w3.org/2001/10/xml-exc-c14n#\"></Transform></Transforms><DigestMethod Algorithm=\"http://www.w3.org/2001/04/xmlenc#sha256\"></DigestMethod><DigestValue>*</DigestValue></Reference><Reference URI=\"#To\"><Transforms><Transform Algorithm=\"http://www.w3.org/2001/10/xml-exc-c14n#\"></Transform></Transforms><DigestMethod Algorithm=\"http://www.w3.org/2001/04/xmlenc#sha256\"></DigestMethod><DigestValue>*</DigestValue></Reference><Reference URI=\"#Action\"><Transforms><Transform Algorithm=\"http://www.w3.org/2001/10/xml-exc-c14n#\"></Transform></Transforms><DigestMethod Algorithm=\"http://www.w3.org/2001/04/xmlenc#sha256\"></DigestMethod><DigestValue>*</DigestValue></Reference><Reference URI=\"#TS\"><Transforms><Transform Algorithm=\"http://www.w3.org/2001/10/xml-exc-c14n#\"></Transform></Transforms><DigestMethod Algorithm=\"http://www.w3.org/2001/04/xmlenc#sha256\"></DigestMethod><DigestValue>*</DigestValue></Reference></SignedInfo><SignatureValue>*</SignatureValue><KeyInfo><wsse:SecurityTokenReference><wsse:Reference URI=\"#SignKey\"></wsse:Reference></wsse:SecurityTokenReference></KeyInfo></Signature><e:ReferenceList xmlns:e=\"http://www.w3.org/2001/04/xmlenc#\"><e:DataReference URI=\"#RSTR\"/><e:DataReference URI=\"#EncPsf\"/></e:ReferenceList></wsse:Security><psf:EncryptedPP><EncryptedData xmlns=\"http://www.w3.org/2001/04/xmlenc#\" Id=\"EncPsf\" Type=\"http://www.w3.org/2001/04/xmlenc#Element\"><EncryptionMethod Algorithm=\"http://www.w3.org/2001/04/xmlenc#aes256-cbc\"></EncryptionMethod><KeyInfo xmlns=\"http://www.w3.org/2000/09/xmldsig#\"><wsse:SecurityTokenReference><wsse:Reference URI=\"#EncKey\"></wsse:Reference></wsse:SecurityTokenReference></KeyInfo><CipherData><CipherValue>*</CipherValue></CipherData></EncryptedData></psf:EncryptedPP></S:Header><S:Body wsu:Id=\"Body\"><EncryptedData xmlns=\"http://www.w3.org/2001/04/xmlenc#\" Id=\"RSTR\" Type=\"http://www.w3.org/2001/04/xmlenc#Element\"><EncryptionMethod Algorithm=\"http://www.w3.org/2001/04/xmlenc#aes256-cbc\"></EncryptionMethod><KeyInfo xmlns=\"http://www.w3.org/2000/09/xmldsig#\"><wsse:SecurityTokenReference><wsse:Reference URI=\"#EncKey\"></wsse:Reference></wsse:SecurityTokenReference></KeyInfo><CipherData><CipherValue>*</CipherValue></CipherData></EncryptedData></S:Body></S:Envelope>"}
{"EventID": "6116", "Channel": "Microsoft-Windows-LiveId/Operational", "Provider_Name": "Microsoft-Windows-LiveId", "Computer": "DESKTOP-OFJ6N53", "TimeCreated": "2025-08-20 10:09:25.082758+00:00", "RecordID": "87914", "Level": "4", "UserID": "S-1-5-21-963789628-1060504924-4285088085-1001", "EventData.Value": "<S:Envelope><S:Header><wsa:Action wsu:Id=\"Action\" S:mustUnderstand=\"1\">*</wsa:Action><wsa:To wsu:Id=\"To\" S:mustUnderstand=\"1\">*</wsa:To><wsse:Security><wsu:Timestamp wsu:Id=\"TS\"><wsu:Created>2025-08-20T10:09:25Z</wsu:Created><wsu:Expires>2025-08-20T10:14:25Z</wsu:Expires></wsu:Timestamp><wssc:DerivedKeyToken wsu:Id=\"SignKey\" Algorithm=\"urn:liveid:SP800108_CTR_HMAC_SHA256_DOUBLEDERIVED\"><wsse:SecurityTokenReference><wsse:Reference URI=\"xRAq7C5pkGfoT2sFTVoUN5em8CE=\"></wsse:Reference></wsse:SecurityTokenReference><wssc:Nonce>*</wssc:Nonce></wssc:DerivedKeyToken><wssc:DerivedKeyToken wsu:Id=\"EncKey\" Algorithm=\"urn:liveid:SP800108_CTR_HMAC_SHA256_DOUBLEDERIVED\"><wsse:SecurityTokenReference><wsse:Reference URI=\"xRAq7C5pkGfoT2sFTVoUN5em8CE=\"></wsse:Reference></wsse:SecurityTokenReference><wssc:Nonce>*</wssc:Nonce></wssc:DerivedKeyToken><Signature xmlns=\"http://www.w3.org/2000/09/xmldsig#\"><SignedInfo><CanonicalizationMethod Algorithm=\"http://www.w3.org/2001/10/xml-exc-c14n#\"></CanonicalizationMethod><SignatureMethod Algorithm=\"http://www.w3.org/2001/04/xmldsig-more#hmac-sha256\"></SignatureMethod><Reference URI=\"#EncPsf\"><Transforms><Transform Algorithm=\"http://www.w3.org/2001/10/xml-exc-c14n#\"></Transform></Transforms><DigestMethod Algorithm=\"http://www.w3.org/2001/04/xmlenc#sha256\"></DigestMethod><DigestValue>*</DigestValue></Reference><Reference URI=\"#Body\"><Transforms><Transform Algorithm=\"http://www.w3.org/2001/10/xml-exc-c14n#\"></Transform></Transforms><DigestMethod Algorithm=\"http://www.w3.org/2001/04/xmlenc#sha256\"></DigestMethod><DigestValue>*</DigestValue></Reference><Reference URI=\"#To\"><Transforms><Transform Algorithm=\"http://www.w3.org/2001/10/xml-exc-c14n#\"></Transform></Transforms><DigestMethod Algorithm=\"http://www.w3.org/2001/04/xmlenc#sha256\"></DigestMethod><DigestValue>*</DigestValue></Reference><Reference URI=\"#Action\"><Transforms><Transform Algorithm=\"http://www.w3.org/2001/10/xml-exc-c14n#\"></Transform></Transforms><DigestMethod Algorithm=\"http://www.w3.org/2001/04/xmlenc#sha256\"></DigestMethod><DigestValue>*</DigestValue></Reference><Reference URI=\"#TS\"><Transforms><Transform Algorithm=\"http://www.w3.org/2001/10/xml-exc-c14n#\"></Transform></Transforms><DigestMethod Algorithm=\"http://www.w3.org/2001/04/xmlenc#sha256\"></DigestMethod><DigestValue>*</DigestValue></Reference></SignedInfo><SignatureValue>*</SignatureValue><KeyInfo><wsse:SecurityTokenReference><wsse:Reference URI=\"#SignKey\"></wsse:Reference></wsse:SecurityTokenReference></KeyInfo></Signature><e:ReferenceList xmlns:e=\"http://www.w3.org/2001/04/xmlenc#\"><e:DataReference URI=\"#RSTR\"/><e:DataReference URI=\"#EncPsf\"/></e:ReferenceList></wsse:Security><psf:EncryptedPP><EncryptedData xmlns=\"http://www.w3.org/2001/04/xmlenc#\" Id=\"EncPsf\" Type=\"http://www.w3.org/2001/04/xmlenc#Element\"><EncryptionMethod Algorithm=\"http://www.w3.org/2001/04/xmlenc#aes256-cbc\"></EncryptionMethod><KeyInfo xmlns=\"http://www.w3.org/2000/09/xmldsig#\"><wsse:SecurityTokenReference><wsse:Reference URI=\"#EncKey\"></wsse:Reference></wsse:SecurityTokenReference></KeyInfo><CipherData><CipherValue>*</CipherValue></CipherData></EncryptedData></psf:EncryptedPP></S:Header><S:Body wsu:Id=\"Body\"><EncryptedData xmlns=\"http://www.w3.org/2001/04/xmlenc#\" Id=\"RSTR\" Type=\"http://www.w3.org/2001/04/xmlenc#Element\"><EncryptionMethod Algorithm=\"http://www.w3.org/2001/04/xmlenc#aes256-cbc\"></EncryptionMethod><KeyInfo xmlns=\"http://www.w3.org/2000/09/xmldsig#\"><wsse:SecurityTokenReference><wsse:Reference URI=\"#EncKey\"></wsse:Reference></wsse:SecurityTokenReference></KeyInfo><CipherData><CipherValue>*</CipherValue></CipherData></EncryptedData></S:Body></S:Envelope>"}
{"EventID": "6117", "Channel": "Microsoft-Windows-LiveId/Operational", "Provider_Name": "Microsoft-Windows-LiveId", "Computer": "DESKTOP-OFJ6N53", "TimeCreated": "2025-08-20 10:09:25.102987+00:00", "RecordID": "87915", "Level": "4", "UserID": "S-1-5-21-963789628-1060504924-4285088085-1001", "EventData.ResourceURI": "ads.arcct.msn.com", "EventData.Created": "2025-08-20 13:09:25", "EventData.Expires": "2025-08-21 13:09:25", "EventData.TokenType": "urn:passport:compact", "EventData.AuthRequired": "0", "EventData.RequestStatus": "0", "EventData.HasFlowUrl": "False", "EventData.HasAuthUrl": "False", "EventData.HasEndAuthUrl": "False"}
{"EventID": "6117", "Channel": "Microsoft-Windows-LiveId/Operational", "Provider_Name": "Microsoft-Windows-LiveId", "Computer": "DESKTOP-OFJ6N53", "TimeCreated": "2025-08-20 10:09:25.102999+00:00", "RecordID": "87916", "Level": "4", "UserID": "S-1-5-21-963789628-1060504924-4285088085-1001", "EventData.ResourceURI": "ads.arcct.msn.com", "EventData.Created": "2025-08-20 13:09:25", "EventData.Expires": "2025-08-21 13:09:25", "EventData.TokenType": "urn:passport:compact", "EventData.AuthRequired": "0", "EventData.RequestStatus": "0", "EventData.HasFlowUrl": "False", "EventData.HasAuthUrl": "False", "EventData.HasEndAuthUrl": "False"}
{"EventID": "2024", "Channel": "Microsoft-Windows-LiveId/Operational", "Provider_Name": "Microsoft-Windows-LiveId", "Computer": "DESKTOP-OFJ6N53", "TimeCreated": "2025-08-20 10:13:22.350136+00:00", "RecordID": "87917", "Level": "4", "UserID": "S-1-5-18", "EventData.Operation": "Service stopped", "EventData.Details": "The service has stopped.", "EventData.Status": "0x00000000"}
{"EventID": "2024", "Channel": "Microsoft-Windows-LiveId/Operational", "Provider_Name": "Microsoft-Windows-LiveId", "Computer": "DESKTOP-OFJ6N53", "TimeCreated": "2025-08-20 11:04:10.486134+00:00", "RecordID": "87918", "Level": "4", "UserID": "S-1-5-18", "EventData.Operation": "Service started", "EventData.Details": "The service will auto stop if no requests received for some period of time.", "EventData.Status": "0x00000000"}
{"EventID": "6115", "Channel": "Microsoft-Windows-LiveId/Operational", "Provider_Name": "Microsoft-Windows-LiveId", "Computer": "DESKTOP-OFJ6N53", "TimeCreated": "2025-08-20 11:04:10.852036+00:00", "RecordID": "87919", "Level": "4", "UserID": "S-1-5-21-963789628-1060504924-4285088085-1001", "EventData.Value": "<s:Envelope><s:Header><wsa:Action s:mustUnderstand=\"1\">*</wsa:Action><wsa:To s:mustUnderstand=\"1\">*</wsa:To><wsa:MessageID>*</wsa:MessageID><ps:AuthInfo Id=\"PPAuthInfo\"><ps:HostingApp>{fc177c6f-a3d6-4bb0-b1fa-23d0cd9b005d}</ps:HostingApp><ps:BinaryVersion>24</ps:BinaryVersion><ps:UIVersion>1</ps:UIVersion><ps:InlineUX>TokenBroker</ps:InlineUX><ps:IsAdmin>1</ps:IsAdmin><ps:PackageSID>S-1-15-2-536077884-713174666-1066051701-3219990555-339840825-1966734348-1611281757</ps:PackageSID><ps:Cookies></ps:Cookies><ps:RequestParams>AQAAAAIAAABsYwQAAAAxMDQ5</ps:RequestParams><ps:WindowsClientString>gkfodOJuvaWN7Khxeg1vNcHQNQrBSfkjx+90ZU2g55E=</ps:WindowsClientString><ps:LicenseSignatureKeyVersion>*</ps:LicenseSignatureKeyVersion><ps:ClientCapabilities>1</ps:ClientCapabilities></ps:AuthInfo><wsse:Security><EncryptedData xmlns=\"http://www.w3.org/2001/04/xmlenc#\" Id=\"devicesoftware\" Type=\"http://www.w3.org/2001/04/xmlenc#Element\"><EncryptionMethod Algorithm=\"http://www.w3.org/2001/04/xmlenc#tripledes-cbc\"></EncryptionMethod><ds:KeyInfo><ds:KeyName>http://Passport.NET/STS</ds:KeyName></ds:KeyInfo><CipherData><CipherValue>*</CipherValue></CipherData></EncryptedData><wssc:DerivedKeyToken wsu:Id=\"SignKey\" Algorithm=\"urn:liveid:SP800108_CTR_HMAC_SHA256_DOUBLEDERIVED\"><wsse:RequestedTokenReference><wsse:KeyIdentifier ValueType=\"http://docs.oasis-open.org/wss/2004/XX/oasis-2004XX-wss-saml-token-profile-1.0#SAMLAssertionID\"/><wsse:Reference URI=\"\"/></wsse:RequestedTokenReference><wssc:Nonce>*</wssc:Nonce></wssc:DerivedKeyToken><wsu:Timestamp wsu:Id=\"Timestamp\"><wsu:Created>2025-08-20T11:04:09Z</wsu:Created><wsu:Expires>2025-08-20T11:09:09Z</wsu:Expires></wsu:Timestamp><Signature xmlns=\"http://www.w3.org/2000/09/xmldsig#\"><SignedInfo><CanonicalizationMethod Algorithm=\"http://www.w3.org/2001/10/xml-exc-c14n#\"></CanonicalizationMethod><SignatureMethod Algorithm=\"http://www.w3.org/2001/04/xmldsig-more#hmac-sha256\"></SignatureMethod><Reference URI=\"#RST0\"><Transforms><Transform Algorithm=\"http://www.w3.org/2001/10/xml-exc-c14n#\"></Transform></Transforms><DigestMethod Algorithm=\"http://www.w3.org/2001/04/xmlenc#sha256\"></DigestMethod><DigestValue>*</DigestValue></Reference><Reference URI=\"#Timestamp\"><Transforms><Transform Algorithm=\"http://www.w3.org/2001/10/xml-exc-c14n#\"></Transform></Transforms><DigestMethod Algorithm=\"http://www.w3.org/2001/04/xmlenc#sha256\"></DigestMethod><DigestValue>*</DigestValue></Reference><Reference URI=\"#PPAuthInfo\"><Transforms><Transform Algorithm=\"http://www.w3.org/2001/10/xml-exc-c14n#\"></Transform></Transforms><DigestMethod Algorithm=\"http://www.w3.org/2001/04/xmlenc#sha256\"></DigestMethod><DigestValue>*</DigestValue></Reference></SignedInfo><SignatureValue>*</SignatureValue><KeyInfo><wsse:SecurityTokenReference><wsse:Reference URI=\"#SignKey\"/></wsse:SecurityTokenReference></KeyInfo></Signature></wsse:Security></s:Header><s:Body><wst:RequestSecurityToken Id=\"RST0\"><wst:RequestType>http://schemas.xmlsoap.org/ws/2005/02/trust/Issue</wst:RequestType><wsp:AppliesTo><wsa:EndpointReference><wsa:Address>cortana.bing.com</wsa:Address></wsa:EndpointReference></wsp:AppliesTo><wsp:PolicyReference URI=\"MBI_SSL\"></wsp:PolicyReference></wst:RequestSecurityToken></s:Body></s:Envelope>"}
