{"EventID": "1223", "Channel": "Microsoft-Windows-PushNotification-Platform/Operational", "Provider_Name": "Microsoft-Windows-PushNotifications-Platform", "Computer": "DESKTOP-OFJ6N53", "TimeCreated": "2025-08-26 05:40:27.182730+00:00", "RecordID": "3704892", "Level": "5", "UserID": "S-1-5-18", "EventData.Verb": "PNG", "EventData.TrID": "228", "EventData.Namespace": "CON", "EventData.CorrelationVector": "nn/6rhUrhUSKOnqY.228", "EventData.Bytes": "29", "EventData.Payload": "Q29udGV4dDogYTFkNTg5NjI1YjdkZDQ4ZA0KDQo=", "EventData.ConnectionType": "1"}
{"EventID": "1267", "Channel": "Microsoft-Windows-PushNotification-Platform/Operational", "Provider_Name": "Microsoft-Windows-PushNotifications-Platform", "Computer": "DESKTOP-OFJ6N53", "TimeCreated": "2025-08-26 05:40:27.182730+00:00", "RecordID": "3704893", "Level": "5", "UserID": "S-1-5-18", "EventData.Verb": "PNG", "EventData.TrID": "228", "EventData.Namespace": "CON", "EventData.CorrelationVector": "nn/6rhUrhUSKOnqY.228", "EventData.Bytes": "74", "EventData.Payload": "UE5HIDIyOCBDT04gNTgNCk1TLUNWOiBubi82cmhVcmhVU0tPbnFZLjIyOA0KQ29udGV4dDogYTFkNTg5NjI1YjdkZDQ4ZA0KDQo=", "EventData.ConnectionType": "1"}
{"EventID": "1225", "Channel": "Microsoft-Windows-PushNotification-Platform/Operational", "Provider_Name": "Microsoft-Windows-PushNotifications-Platform", "Computer": "DESKTOP-OFJ6N53", "TimeCreated": "2025-08-26 05:40:27.229677+00:00", "RecordID": "3704894", "Level": "5", "UserID": "S-1-5-18", "EventData.Verb": "PNG", "EventData.TrID": "228", "EventData.Namespace": "CON", "EventData.CorrelationVector": "nn/6rhUrhUSKOnqY.228.0", "EventData.Bytes": "127", "EventData.Payload": "TVMtQ1Y6IG5uLzZyaFVyaFVTS09ucVkuMjI4LjANCg0KPHBpbmctcmVzcG9uc2U+PHdhaXQ+NDE8L3dhaXQ+PGNvbm5lY3Rpb24tc3RhdHVzPkNvbm5lY3RlZDwvY29ubmVjdGlvbi1zdGF0dXM+PC9waW5nLXJlc3BvbnNlPg==", "EventData.ConnectionType": "1"}
{"EventID": "1268", "Channel": "Microsoft-Windows-PushNotification-Platform/Operational", "Provider_Name": "Microsoft-Windows-PushNotifications-Platform", "Computer": "DESKTOP-OFJ6N53", "TimeCreated": "2025-08-26 05:40:27.229679+00:00", "RecordID": "3704895", "Level": "5", "UserID": "S-1-5-18", "EventData.Verb": "PNG", "EventData.TrID": "228", "EventData.Namespace": "CON", "EventData.CorrelationVector": "nn/6rhUrhUSKOnqY.228.0", "EventData.Bytes": "127", "EventData.Payload": "UE5HIDIyOCBDT04AMTI3DQpNUy1DVjogbm4vNnJoVXJoVVNLT25xWS4yMjguMA0KDQo8cGluZy1yZXNwb25zZT48d2FpdD40MTwvd2FpdD48Y29ubmVjdGlvbi1zdGF0dXM+Q29ubmVjdGVkPC9jb25uZWN0aW9uLXN0YXR1cw==", "EventData.ConnectionType": "1"}
{"EventID": "1223", "Channel": "Microsoft-Windows-PushNotification-Platform/Operational", "Provider_Name": "Microsoft-Windows-PushNotifications-Platform", "Computer": "DESKTOP-OFJ6N53", "TimeCreated": "2025-08-26 05:41:27.187128+00:00", "RecordID": "3704896", "Level": "5", "UserID": "S-1-5-18", "EventData.Verb": "PNG", "EventData.TrID": "229", "EventData.Namespace": "CON", "EventData.CorrelationVector": "nn/6rhUrhUSKOnqY.229", "EventData.Bytes": "29", "EventData.Payload": "Q29udGV4dDogYTE1MjFjOTcyZmZlOTg4Nw0KDQo=", "EventData.ConnectionType": "1"}
{"EventID": "1267", "Channel": "Microsoft-Windows-PushNotification-Platform/Operational", "Provider_Name": "Microsoft-Windows-PushNotifications-Platform", "Computer": "DESKTOP-OFJ6N53", "TimeCreated": "2025-08-26 05:41:27.187128+00:00", "RecordID": "3704897", "Level": "5", "UserID": "S-1-5-18", "EventData.Verb": "PNG", "EventData.TrID": "229", "EventData.Namespace": "CON", "EventData.CorrelationVector": "nn/6rhUrhUSKOnqY.229", "EventData.Bytes": "74", "EventData.Payload": "UE5HIDIyOSBDT04gNTgNCk1TLUNWOiBubi82cmhVcmhVU0tPbnFZLjIyOQ0KQ29udGV4dDogYTE1MjFjOTcyZmZlOTg4Nw0KDQo=", "EventData.ConnectionType": "1"}
{"EventID": "1225", "Channel": "Microsoft-Windows-PushNotification-Platform/Operational", "Provider_Name": "Microsoft-Windows-PushNotifications-Platform", "Computer": "DESKTOP-OFJ6N53", "TimeCreated": "2025-08-26 05:41:27.234541+00:00", "RecordID": "3704898", "Level": "5", "UserID": "S-1-5-18", "EventData.Verb": "PNG", "EventData.TrID": "229", "EventData.Namespace": "CON", "EventData.CorrelationVector": "nn/6rhUrhUSKOnqY.229.0", "EventData.Bytes": "127", "EventData.Payload": "TVMtQ1Y6IG5uLzZyaFVyaFVTS09ucVkuMjI5LjANCg0KPHBpbmctcmVzcG9uc2U+PHdhaXQ+NDc8L3dhaXQ+PGNvbm5lY3Rpb24tc3RhdHVzPkNvbm5lY3RlZDwvY29ubmVjdGlvbi1zdGF0dXM+PC9waW5nLXJlc3BvbnNlPg==", "EventData.ConnectionType": "1"}
{"EventID": "1268", "Channel": "Microsoft-Windows-PushNotification-Platform/Operational", "Provider_Name": "Microsoft-Windows-PushNotifications-Platform", "Computer": "DESKTOP-OFJ6N53", "TimeCreated": "2025-08-26 05:41:27.234543+00:00", "RecordID": "3704899", "Level": "5", "UserID": "S-1-5-18", "EventData.Verb": "PNG", "EventData.TrID": "229", "EventData.Namespace": "CON", "EventData.CorrelationVector": "nn/6rhUrhUSKOnqY.229.0", "EventData.Bytes": "127", "EventData.Payload": "UE5HIDIyOSBDT04AMTI3DQpNUy1DVjogbm4vNnJoVXJoVVNLT25xWS4yMjkuMA0KDQo8cGluZy1yZXNwb25zZT48d2FpdD40Nzwvd2FpdD48Y29ubmVjdGlvbi1zdGF0dXM+Q29ubmVjdGVkPC9jb25uZWN0aW9uLXN0YXR1cw==", "EventData.ConnectionType": "1"}
{"EventID": "1223", "Channel": "Microsoft-Windows-PushNotification-Platform/Operational", "Provider_Name": "Microsoft-Windows-PushNotifications-Platform", "Computer": "DESKTOP-OFJ6N53", "TimeCreated": "2025-08-26 05:42:27.193632+00:00", "RecordID": "3704900", "Level": "5", "UserID": "S-1-5-18", "EventData.Verb": "PNG", "EventData.TrID": "230", "EventData.Namespace": "CON", "EventData.CorrelationVector": "nn/6rhUrhUSKOnqY.230", "EventData.Bytes": "29", "EventData.Payload": "Q29udGV4dDogYmE2NTEyM2NmYzQzNmE4NQ0KDQo=", "EventData.ConnectionType": "1"}
{"EventID": "1267", "Channel": "Microsoft-Windows-PushNotification-Platform/Operational", "Provider_Name": "Microsoft-Windows-PushNotifications-Platform", "Computer": "DESKTOP-OFJ6N53", "TimeCreated": "2025-08-26 05:42:27.193632+00:00", "RecordID": "3704901", "Level": "5", "UserID": "S-1-5-18", "EventData.Verb": "PNG", "EventData.TrID": "230", "EventData.Namespace": "CON", "EventData.CorrelationVector": "nn/6rhUrhUSKOnqY.230", "EventData.Bytes": "74", "EventData.Payload": "UE5HIDIzMCBDT04gNTgNCk1TLUNWOiBubi82cmhVcmhVU0tPbnFZLjIzMA0KQ29udGV4dDogYmE2NTEyM2NmYzQzNmE4NQ0KDQo=", "EventData.ConnectionType": "1"}
{"EventID": "1225", "Channel": "Microsoft-Windows-PushNotification-Platform/Operational", "Provider_Name": "Microsoft-Windows-PushNotifications-Platform", "Computer": "DESKTOP-OFJ6N53", "TimeCreated": "2025-08-26 05:42:27.240807+00:00", "RecordID": "3704902", "Level": "5", "UserID": "S-1-5-18", "EventData.Verb": "PNG", "EventData.TrID": "230", "EventData.Namespace": "CON", "EventData.CorrelationVector": "nn/6rhUrhUSKOnqY.230.0", "EventData.Bytes": "127", "EventData.Payload": "TVMtQ1Y6IG5uLzZyaFVyaFVTS09ucVkuMjMwLjANCg0KPHBpbmctcmVzcG9uc2U+PHdhaXQ+NDc8L3dhaXQ+PGNvbm5lY3Rpb24tc3RhdHVzPkNvbm5lY3RlZDwvY29ubmVjdGlvbi1zdGF0dXM+PC9waW5nLXJlc3BvbnNlPg==", "EventData.ConnectionType": "1"}
{"EventID": "1268", "Channel": "Microsoft-Windows-PushNotification-Platform/Operational", "Provider_Name": "Microsoft-Windows-PushNotifications-Platform", "Computer": "DESKTOP-OFJ6N53", "TimeCreated": "2025-08-26 05:42:27.240808+00:00", "RecordID": "3704903", "Level": "5", "UserID": "S-1-5-18", "EventData.Verb": "PNG", "EventData.TrID": "230", "EventData.Namespace": "CON", "EventData.CorrelationVector": "nn/6rhUrhUSKOnqY.230.0", "EventData.Bytes": "127", "EventData.Payload": "UE5HIDIzMCBDT04AMTI3DQpNUy1DVjogbm4vNnJoVXJoVVNLT25xWS4yMzAuMA0KDQo8cGluZy1yZXNwb25zZT48d2FpdD40Nzwvd2FpdD48Y29ubmVjdGlvbi1zdGF0dXM+Q29ubmVjdGVkPC9jb25uZWN0aW9uLXN0YXR1cw==", "EventData.ConnectionType": "1"}
{"EventID": "1223", "Channel": "Microsoft-Windows-PushNotification-Platform/Operational", "Provider_Name": "Microsoft-Windows-PushNotifications-Platform", "Computer": "DESKTOP-OFJ6N53", "TimeCreated": "2025-08-26 05:43:27.199179+00:00", "RecordID": "3704904", "Level": "5", "UserID": "S-1-5-18", "EventData.Verb": "PNG", "EventData.TrID": "231", "EventData.Namespace": "CON", "EventData.CorrelationVector": "nn/6rhUrhUSKOnqY.231", "EventData.Bytes": "29", "EventData.Payload": "Q29udGV4dDogYTRlYTBlZmI3MzllNzg4Nw0KDQo=", "EventData.ConnectionType": "1"}
{"EventID": "1267", "Channel": "Microsoft-Windows-PushNotification-Platform/Operational", "Provider_Name": "Microsoft-Windows-PushNotifications-Platform", "Computer": "DESKTOP-OFJ6N53", "TimeCreated": "2025-08-26 05:43:27.199179+00:00", "RecordID": "3704905", "Level": "5", "UserID": "S-1-5-18", "EventData.Verb": "PNG", "EventData.TrID": "231", "EventData.Namespace": "CON", "EventData.CorrelationVector": "nn/6rhUrhUSKOnqY.231", "EventData.Bytes": "74", "EventData.Payload": "UE5HIDIzMSBDT04gNTgNCk1TLUNWOiBubi82cmhVcmhVU0tPbnFZLjIzMQ0KQ29udGV4dDogYTRlYTBlZmI3MzllNzg4Nw0KDQo=", "EventData.ConnectionType": "1"}
{"EventID": "1225", "Channel": "Microsoft-Windows-PushNotification-Platform/Operational", "Provider_Name": "Microsoft-Windows-PushNotifications-Platform", "Computer": "DESKTOP-OFJ6N53", "TimeCreated": "2025-08-26 05:43:27.247587+00:00", "RecordID": "3704906", "Level": "5", "UserID": "S-1-5-18", "EventData.Verb": "PNG", "EventData.TrID": "231", "EventData.Namespace": "CON", "EventData.CorrelationVector": "nn/6rhUrhUSKOnqY.231.0", "EventData.Bytes": "127", "EventData.Payload": "TVMtQ1Y6IG5uLzZyaFVyaFVTS09ucVkuMjMxLjANCg0KPHBpbmctcmVzcG9uc2U+PHdhaXQ+NDc8L3dhaXQ+PGNvbm5lY3Rpb24tc3RhdHVzPkNvbm5lY3RlZDwvY29ubmVjdGlvbi1zdGF0dXM+PC9waW5nLXJlc3BvbnNlPg==", "EventData.ConnectionType": "1"}
{"EventID": "1268", "Channel": "Microsoft-Windows-PushNotification-Platform/Operational", "Provider_Name": "Microsoft-Windows-PushNotifications-Platform", "Computer": "DESKTOP-OFJ6N53", "TimeCreated": "2025-08-26 05:43:27.247589+00:00", "RecordID": "3704907", "Level": "5", "UserID": "S-1-5-18", "EventData.Verb": "PNG", "EventData.TrID": "231", "EventData.Namespace": "CON", "EventData.CorrelationVector": "nn/6rhUrhUSKOnqY.231.0", "EventData.Bytes": "127", "EventData.Payload": "UE5HIDIzMSBDT04AMTI3DQpNUy1DVjogbm4vNnJoVXJoVVNLT25xWS4yMzEuMA0KDQo8cGluZy1yZXNwb25zZT48d2FpdD40Nzwvd2FpdD48Y29ubmVjdGlvbi1zdGF0dXM+Q29ubmVjdGVkPC9jb25uZWN0aW9uLXN0YXR1cw==", "EventData.ConnectionType": "1"}
{"EventID": "1223", "Channel": "Microsoft-Windows-PushNotification-Platform/Operational", "Provider_Name": "Microsoft-Windows-PushNotifications-Platform", "Computer": "DESKTOP-OFJ6N53", "TimeCreated": "2025-08-26 05:44:27.249058+00:00", "RecordID": "3704908", "Level": "5", "UserID": "S-1-5-18", "EventData.Verb": "PNG", "EventData.TrID": "232", "EventData.Namespace": "CON", "EventData.CorrelationVector": "nn/6rhUrhUSKOnqY.232", "EventData.Bytes": "29", "EventData.Payload": "Q29udGV4dDogYzk1ZGVhNDc5OTIxNDM4Mg0KDQo=", "EventData.ConnectionType": "1"}
{"EventID": "1267", "Channel": "Microsoft-Windows-PushNotification-Platform/Operational", "Provider_Name": "Microsoft-Windows-PushNotifications-Platform", "Computer": "DESKTOP-OFJ6N53", "TimeCreated": "2025-08-26 05:44:27.249060+00:00", "RecordID": "3704909", "Level": "5", "UserID": "S-1-5-18", "EventData.Verb": "PNG", "EventData.TrID": "232", "EventData.Namespace": "CON", "EventData.CorrelationVector": "nn/6rhUrhUSKOnqY.232", "EventData.Bytes": "74", "EventData.Payload": "UE5HIDIzMiBDT04gNTgNCk1TLUNWOiBubi82cmhVcmhVU0tPbnFZLjIzMg0KQ29udGV4dDogYzk1ZGVhNDc5OTIxNDM4Mg0KDQo=", "EventData.ConnectionType": "1"}
{"EventID": "1225", "Channel": "Microsoft-Windows-PushNotification-Platform/Operational", "Provider_Name": "Microsoft-Windows-PushNotifications-Platform", "Computer": "DESKTOP-OFJ6N53", "TimeCreated": "2025-08-26 05:44:27.296173+00:00", "RecordID": "3704910", "Level": "5", "UserID": "S-1-5-18", "EventData.Verb": "PNG", "EventData.TrID": "232", "EventData.Namespace": "CON", "EventData.CorrelationVector": "nn/6rhUrhUSKOnqY.232.0", "EventData.Bytes": "127", "EventData.Payload": "TVMtQ1Y6IG5uLzZyaFVyaFVTS09ucVkuMjMyLjANCg0KPHBpbmctcmVzcG9uc2U+PHdhaXQ+NDE8L3dhaXQ+PGNvbm5lY3Rpb24tc3RhdHVzPkNvbm5lY3RlZDwvY29ubmVjdGlvbi1zdGF0dXM+PC9waW5nLXJlc3BvbnNlPg==", "EventData.ConnectionType": "1"}
{"EventID": "1268", "Channel": "Microsoft-Windows-PushNotification-Platform/Operational", "Provider_Name": "Microsoft-Windows-PushNotifications-Platform", "Computer": "DESKTOP-OFJ6N53", "TimeCreated": "2025-08-26 05:44:27.296173+00:00", "RecordID": "3704911", "Level": "5", "UserID": "S-1-5-18", "EventData.Verb": "PNG", "EventData.TrID": "232", "EventData.Namespace": "CON", "EventData.CorrelationVector": "nn/6rhUrhUSKOnqY.232.0", "EventData.Bytes": "127", "EventData.Payload": "UE5HIDIzMiBDT04AMTI3DQpNUy1DVjogbm4vNnJoVXJoVVNLT25xWS4yMzIuMA0KDQo8cGluZy1yZXNwb25zZT48d2FpdD40MTwvd2FpdD48Y29ubmVjdGlvbi1zdGF0dXM+Q29ubmVjdGVkPC9jb25uZWN0aW9uLXN0YXR1cw==", "EventData.ConnectionType": "1"}
{"EventID": "1223", "Channel": "Microsoft-Windows-PushNotification-Platform/Operational", "Provider_Name": "Microsoft-Windows-PushNotifications-Platform", "Computer": "DESKTOP-OFJ6N53", "TimeCreated": "2025-08-26 05:45:27.252062+00:00", "RecordID": "3704912", "Level": "5", "UserID": "S-1-5-18", "EventData.Verb": "PNG", "EventData.TrID": "233", "EventData.Namespace": "CON", "EventData.CorrelationVector": "nn/6rhUrhUSKOnqY.233", "EventData.Bytes": "29", "EventData.Payload": "Q29udGV4dDogYjhiZDZiZDUwYWMzYjI4Zg0KDQo=", "EventData.ConnectionType": "1"}
{"EventID": "1267", "Channel": "Microsoft-Windows-PushNotification-Platform/Operational", "Provider_Name": "Microsoft-Windows-PushNotifications-Platform", "Computer": "DESKTOP-OFJ6N53", "TimeCreated": "2025-08-26 05:45:27.252064+00:00", "RecordID": "3704913", "Level": "5", "UserID": "S-1-5-18", "EventData.Verb": "PNG", "EventData.TrID": "233", "EventData.Namespace": "CON", "EventData.CorrelationVector": "nn/6rhUrhUSKOnqY.233", "EventData.Bytes": "74", "EventData.Payload": "UE5HIDIzMyBDT04gNTgNCk1TLUNWOiBubi82cmhVcmhVU0tPbnFZLjIzMw0KQ29udGV4dDogYjhiZDZiZDUwYWMzYjI4Zg0KDQo=", "EventData.ConnectionType": "1"}
{"EventID": "1225", "Channel": "Microsoft-Windows-PushNotification-Platform/Operational", "Provider_Name": "Microsoft-Windows-PushNotifications-Platform", "Computer": "DESKTOP-OFJ6N53", "TimeCreated": "2025-08-26 05:45:27.299479+00:00", "RecordID": "3704914", "Level": "5", "UserID": "S-1-5-18", "EventData.Verb": "PNG", "EventData.TrID": "233", "EventData.Namespace": "CON", "EventData.CorrelationVector": "nn/6rhUrhUSKOnqY.233.0", "EventData.Bytes": "127", "EventData.Payload": "TVMtQ1Y6IG5uLzZyaFVyaFVTS09ucVkuMjMzLjANCg0KPHBpbmctcmVzcG9uc2U+PHdhaXQ+NDA8L3dhaXQ+PGNvbm5lY3Rpb24tc3RhdHVzPkNvbm5lY3RlZDwvY29ubmVjdGlvbi1zdGF0dXM+PC9waW5nLXJlc3BvbnNlPg==", "EventData.ConnectionType": "1"}
{"EventID": "1268", "Channel": "Microsoft-Windows-PushNotification-Platform/Operational", "Provider_Name": "Microsoft-Windows-PushNotifications-Platform", "Computer": "DESKTOP-OFJ6N53", "TimeCreated": "2025-08-26 05:45:27.299480+00:00", "RecordID": "3704915", "Level": "5", "UserID": "S-1-5-18", "EventData.Verb": "PNG", "EventData.TrID": "233", "EventData.Namespace": "CON", "EventData.CorrelationVector": "nn/6rhUrhUSKOnqY.233.0", "EventData.Bytes": "127", "EventData.Payload": "UE5HIDIzMyBDT04AMTI3DQpNUy1DVjogbm4vNnJoVXJoVVNLT25xWS4yMzMuMA0KDQo8cGluZy1yZXNwb25zZT48d2FpdD40MDwvd2FpdD48Y29ubmVjdGlvbi1zdGF0dXM+Q29ubmVjdGVkPC9jb25uZWN0aW9uLXN0YXR1cw==", "EventData.ConnectionType": "1"}
{"EventID": "1223", "Channel": "Microsoft-Windows-PushNotification-Platform/Operational", "Provider_Name": "Microsoft-Windows-PushNotifications-Platform", "Computer": "DESKTOP-OFJ6N53", "TimeCreated": "2025-08-26 05:46:27.285105+00:00", "RecordID": "3704916", "Level": "5", "UserID": "S-1-5-18", "EventData.Verb": "PNG", "EventData.TrID": "234", "EventData.Namespace": "CON", "EventData.CorrelationVector": "nn/6rhUrhUSKOnqY.234", "EventData.Bytes": "29", "EventData.Payload": "Q29udGV4dDogNmQ5MDViNzc3NmJlYWYxYQ0KDQo=", "EventData.ConnectionType": "1"}
{"EventID": "1267", "Channel": "Microsoft-Windows-PushNotification-Platform/Operational", "Provider_Name": "Microsoft-Windows-PushNotifications-Platform", "Computer": "DESKTOP-OFJ6N53", "TimeCreated": "2025-08-26 05:46:27.285107+00:00", "RecordID": "3704917", "Level": "5", "UserID": "S-1-5-18", "EventData.Verb": "PNG", "EventData.TrID": "234", "EventData.Namespace": "CON", "EventData.CorrelationVector": "nn/6rhUrhUSKOnqY.234", "EventData.Bytes": "74", "EventData.Payload": "UE5HIDIzNCBDT04gNTgNCk1TLUNWOiBubi82cmhVcmhVU0tPbnFZLjIzNA0KQ29udGV4dDogNmQ5MDViNzc3NmJlYWYxYQ0KDQo=", "EventData.ConnectionType": "1"}
{"EventID": "1225", "Channel": "Microsoft-Windows-PushNotification-Platform/Operational", "Provider_Name": "Microsoft-Windows-PushNotifications-Platform", "Computer": "DESKTOP-OFJ6N53", "TimeCreated": "2025-08-26 05:46:27.331993+00:00", "RecordID": "3704918", "Level": "5", "UserID": "S-1-5-18", "EventData.Verb": "PNG", "EventData.TrID": "234", "EventData.Namespace": "CON", "EventData.CorrelationVector": "nn/6rhUrhUSKOnqY.234.0", "EventData.Bytes": "127", "EventData.Payload": "TVMtQ1Y6IG5uLzZyaFVyaFVTS09ucVkuMjM0LjANCg0KPHBpbmctcmVzcG9uc2U+PHdhaXQ+NDk8L3dhaXQ+PGNvbm5lY3Rpb24tc3RhdHVzPkNvbm5lY3RlZDwvY29ubmVjdGlvbi1zdGF0dXM+PC9waW5nLXJlc3BvbnNlPg==", "EventData.ConnectionType": "1"}
{"EventID": "1268", "Channel": "Microsoft-Windows-PushNotification-Platform/Operational", "Provider_Name": "Microsoft-Windows-PushNotifications-Platform", "Computer": "DESKTOP-OFJ6N53", "TimeCreated": "2025-08-26 05:46:27.331995+00:00", "RecordID": "3704919", "Level": "5", "UserID": "S-1-5-18", "EventData.Verb": "PNG", "EventData.TrID": "234", "EventData.Namespace": "CON", "EventData.CorrelationVector": "nn/6rhUrhUSKOnqY.234.0", "EventData.Bytes": "127", "EventData.Payload": "UE5HIDIzNCBDT04AMTI3DQpNUy1DVjogbm4vNnJoVXJoVVNLT25xWS4yMzQuMA0KDQo8cGluZy1yZXNwb25zZT48d2FpdD40OTwvd2FpdD48Y29ubmVjdGlvbi1zdGF0dXM+Q29ubmVjdGVkPC9jb25uZWN0aW9uLXN0YXR1cw==", "EventData.ConnectionType": "1"}
{"EventID": "1223", "Channel": "Microsoft-Windows-PushNotification-Platform/Operational", "Provider_Name": "Microsoft-Windows-PushNotifications-Platform", "Computer": "DESKTOP-OFJ6N53", "TimeCreated": "2025-08-26 05:47:27.294172+00:00", "RecordID": "3704920", "Level": "5", "UserID": "S-1-5-18", "EventData.Verb": "PNG", "EventData.TrID": "235", "EventData.Namespace": "CON", "EventData.CorrelationVector": "nn/6rhUrhUSKOnqY.235", "EventData.Bytes": "29", "EventData.Payload": "Q29udGV4dDogNjRjYmFlNGNmYTQwZjVjYw0KDQo=", "EventData.ConnectionType": "1"}
{"EventID": "1267", "Channel": "Microsoft-Windows-PushNotification-Platform/Operational", "Provider_Name": "Microsoft-Windows-PushNotifications-Platform", "Computer": "DESKTOP-OFJ6N53", "TimeCreated": "2025-08-26 05:47:27.294172+00:00", "RecordID": "3704921", "Level": "5", "UserID": "S-1-5-18", "EventData.Verb": "PNG", "EventData.TrID": "235", "EventData.Namespace": "CON", "EventData.CorrelationVector": "nn/6rhUrhUSKOnqY.235", "EventData.Bytes": "74", "EventData.Payload": "UE5HIDIzNSBDT04gNTgNCk1TLUNWOiBubi82cmhVcmhVU0tPbnFZLjIzNQ0KQ29udGV4dDogNjRjYmFlNGNmYTQwZjVjYw0KDQo=", "EventData.ConnectionType": "1"}
{"EventID": "1225", "Channel": "Microsoft-Windows-PushNotification-Platform/Operational", "Provider_Name": "Microsoft-Windows-PushNotifications-Platform", "Computer": "DESKTOP-OFJ6N53", "TimeCreated": "2025-08-26 05:47:27.340946+00:00", "RecordID": "3704922", "Level": "5", "UserID": "S-1-5-18", "EventData.Verb": "PNG", "EventData.TrID": "235", "EventData.Namespace": "CON", "EventData.CorrelationVector": "nn/6rhUrhUSKOnqY.235.0", "EventData.Bytes": "127", "EventData.Payload": "TVMtQ1Y6IG5uLzZyaFVyaFVTS09ucVkuMjM1LjANCg0KPHBpbmctcmVzcG9uc2U+PHdhaXQ+NDA8L3dhaXQ+PGNvbm5lY3Rpb24tc3RhdHVzPkNvbm5lY3RlZDwvY29ubmVjdGlvbi1zdGF0dXM+PC9waW5nLXJlc3BvbnNlPg==", "EventData.ConnectionType": "1"}
{"EventID": "1268", "Channel": "Microsoft-Windows-PushNotification-Platform/Operational", "Provider_Name": "Microsoft-Windows-PushNotifications-Platform", "Computer": "DESKTOP-OFJ6N53", "TimeCreated": "2025-08-26 05:47:27.340948+00:00", "RecordID": "3704923", "Level": "5", "UserID": "S-1-5-18", "EventData.Verb": "PNG", "EventData.TrID": "235", "EventData.Namespace": "CON", "EventData.CorrelationVector": "nn/6rhUrhUSKOnqY.235.0", "EventData.Bytes": "127", "EventData.Payload": "UE5HIDIzNSBDT04AMTI3DQpNUy1DVjogbm4vNnJoVXJoVVNLT25xWS4yMzUuMA0KDQo8cGluZy1yZXNwb25zZT48d2FpdD40MDwvd2FpdD48Y29ubmVjdGlvbi1zdGF0dXM+Q29ubmVjdGVkPC9jb25uZWN0aW9uLXN0YXR1cw==", "EventData.ConnectionType": "1"}
{"EventID": "1223", "Channel": "Microsoft-Windows-PushNotification-Platform/Operational", "Provider_Name": "Microsoft-Windows-PushNotifications-Platform", "Computer": "DESKTOP-OFJ6N53", "TimeCreated": "2025-08-26 05:48:27.313297+00:00", "RecordID": "3704924", "Level": "5", "UserID": "S-1-5-18", "EventData.Verb": "PNG", "EventData.TrID": "236", "EventData.Namespace": "CON", "EventData.CorrelationVector": "nn/6rhUrhUSKOnqY.236", "EventData.Bytes": "29", "EventData.Payload": "Q29udGV4dDogYzUyODdlOWEzM2UzODUzYw0KDQo=", "EventData.ConnectionType": "1"}
{"EventID": "1267", "Channel": "Microsoft-Windows-PushNotification-Platform/Operational", "Provider_Name": "Microsoft-Windows-PushNotifications-Platform", "Computer": "DESKTOP-OFJ6N53", "TimeCreated": "2025-08-26 05:48:27.313299+00:00", "RecordID": "3704925", "Level": "5", "UserID": "S-1-5-18", "EventData.Verb": "PNG", "EventData.TrID": "236", "EventData.Namespace": "CON", "EventData.CorrelationVector": "nn/6rhUrhUSKOnqY.236", "EventData.Bytes": "74", "EventData.Payload": "UE5HIDIzNiBDT04gNTgNCk1TLUNWOiBubi82cmhVcmhVU0tPbnFZLjIzNg0KQ29udGV4dDogYzUyODdlOWEzM2UzODUzYw0KDQo=", "EventData.ConnectionType": "1"}
{"EventID": "1225", "Channel": "Microsoft-Windows-PushNotification-Platform/Operational", "Provider_Name": "Microsoft-Windows-PushNotifications-Platform", "Computer": "DESKTOP-OFJ6N53", "TimeCreated": "2025-08-26 05:48:27.387760+00:00", "RecordID": "3704926", "Level": "5", "UserID": "S-1-5-18", "EventData.Verb": "PNG", "EventData.TrID": "236", "EventData.Namespace": "CON", "EventData.CorrelationVector": "nn/6rhUrhUSKOnqY.236.0", "EventData.Bytes": "127", "EventData.Payload": "TVMtQ1Y6IG5uLzZyaFVyaFVTS09ucVkuMjM2LjANCg0KPHBpbmctcmVzcG9uc2U+PHdhaXQ+NDY8L3dhaXQ+PGNvbm5lY3Rpb24tc3RhdHVzPkNvbm5lY3RlZDwvY29ubmVjdGlvbi1zdGF0dXM+PC9waW5nLXJlc3BvbnNlPg==", "EventData.ConnectionType": "1"}
{"EventID": "1268", "Channel": "Microsoft-Windows-PushNotification-Platform/Operational", "Provider_Name": "Microsoft-Windows-PushNotifications-Platform", "Computer": "DESKTOP-OFJ6N53", "TimeCreated": "2025-08-26 05:48:27.387762+00:00", "RecordID": "3704927", "Level": "5", "UserID": "S-1-5-18", "EventData.Verb": "PNG", "EventData.TrID": "236", "EventData.Namespace": "CON", "EventData.CorrelationVector": "nn/6rhUrhUSKOnqY.236.0", "EventData.Bytes": "127", "EventData.Payload": "UE5HIDIzNiBDT04AMTI3DQpNUy1DVjogbm4vNnJoVXJoVVNLT25xWS4yMzYuMA0KDQo8cGluZy1yZXNwb25zZT48d2FpdD40Njwvd2FpdD48Y29ubmVjdGlvbi1zdGF0dXM+Q29ubmVjdGVkPC9jb25uZWN0aW9uLXN0YXR1cw==", "EventData.ConnectionType": "1"}
{"EventID": "1223", "Channel": "Microsoft-Windows-PushNotification-Platform/Operational", "Provider_Name": "Microsoft-Windows-PushNotifications-Platform", "Computer": "DESKTOP-OFJ6N53", "TimeCreated": "2025-08-26 05:49:27.322239+00:00", "RecordID": "3704928", "Level": "5", "UserID": "S-1-5-18", "EventData.Verb": "PNG", "EventData.TrID": "237", "EventData.Namespace": "CON", "EventData.CorrelationVector": "nn/6rhUrhUSKOnqY.237", "EventData.Bytes": "29", "EventData.Payload": "Q29udGV4dDogYzBlYjY0YmIwZTJiOWNmYQ0KDQo=", "EventData.ConnectionType": "1"}
{"EventID": "1267", "Channel": "Microsoft-Windows-PushNotification-Platform/Operational", "Provider_Name": "Microsoft-Windows-PushNotifications-Platform", "Computer": "DESKTOP-OFJ6N53", "TimeCreated": "2025-08-26 05:49:27.322247+00:00", "RecordID": "3704929", "Level": "5", "UserID": "S-1-5-18", "EventData.Verb": "PNG", "EventData.TrID": "237", "EventData.Namespace": "CON", "EventData.CorrelationVector": "nn/6rhUrhUSKOnqY.237", "EventData.Bytes": "74", "EventData.Payload": "UE5HIDIzNyBDT04gNTgNCk1TLUNWOiBubi82cmhVcmhVU0tPbnFZLjIzNw0KQ29udGV4dDogYzBlYjY0YmIwZTJiOWNmYQ0KDQo=", "EventData.ConnectionType": "1"}
{"EventID": "1225", "Channel": "Microsoft-Windows-PushNotification-Platform/Operational", "Provider_Name": "Microsoft-Windows-PushNotifications-Platform", "Computer": "DESKTOP-OFJ6N53", "TimeCreated": "2025-08-26 05:49:27.368814+00:00", "RecordID": "3704930", "Level": "5", "UserID": "S-1-5-18", "EventData.Verb": "PNG", "EventData.TrID": "237", "EventData.Namespace": "CON", "EventData.CorrelationVector": "nn/6rhUrhUSKOnqY.237.0", "EventData.Bytes": "127", "EventData.Payload": "TVMtQ1Y6IG5uLzZyaFVyaFVTS09ucVkuMjM3LjANCg0KPHBpbmctcmVzcG9uc2U+PHdhaXQ+NDE8L3dhaXQ+PGNvbm5lY3Rpb24tc3RhdHVzPkNvbm5lY3RlZDwvY29ubmVjdGlvbi1zdGF0dXM+PC9waW5nLXJlc3BvbnNlPg==", "EventData.ConnectionType": "1"}
{"EventID": "1268", "Channel": "Microsoft-Windows-PushNotification-Platform/Operational", "Provider_Name": "Microsoft-Windows-PushNotifications-Platform", "Computer": "DESKTOP-OFJ6N53", "TimeCreated": "2025-08-26 05:49:27.368814+00:00", "RecordID": "3704931", "Level": "5", "UserID": "S-1-5-18", "EventData.Verb": "PNG", "EventData.TrID": "237", "EventData.Namespace": "CON", "EventData.CorrelationVector": "nn/6rhUrhUSKOnqY.237.0", "EventData.Bytes": "127", "EventData.Payload": "UE5HIDIzNyBDT04AMTI3DQpNUy1DVjogbm4vNnJoVXJoVVNLT25xWS4yMzcuMA0KDQo8cGluZy1yZXNwb25zZT48d2FpdD40MTwvd2FpdD48Y29ubmVjdGlvbi1zdGF0dXM+Q29ubmVjdGVkPC9jb25uZWN0aW9uLXN0YXR1cw==", "EventData.ConnectionType": "1"}
{"EventID": "1223", "Channel": "Microsoft-Windows-PushNotification-Platform/Operational", "Provider_Name": "Microsoft-Windows-PushNotifications-Platform", "Computer": "DESKTOP-OFJ6N53", "TimeCreated": "2025-08-26 05:50:27.416183+00:00", "RecordID": "3704932", "Level": "5", "UserID": "S-1-5-18", "EventData.Verb": "PNG", "EventData.TrID": "238", "EventData.Namespace": "CON", "EventData.CorrelationVector": "nn/6rhUrhUSKOnqY.238", "EventData.Bytes": "27", "EventData.Payload": "Q29udGV4dDogZmFiZmE5NjA1OTU1N2QNCg0K", "EventData.ConnectionType": "1"}
{"EventID": "1267", "Channel": "Microsoft-Windows-PushNotification-Platform/Operational", "Provider_Name": "Microsoft-Windows-PushNotifications-Platform", "Computer": "DESKTOP-OFJ6N53", "TimeCreated": "2025-08-26 05:50:27.416185+00:00", "RecordID": "3704933", "Level": "5", "UserID": "S-1-5-18", "EventData.Verb": "PNG", "EventData.TrID": "238", "EventData.Namespace": "CON", "EventData.CorrelationVector": "nn/6rhUrhUSKOnqY.238", "EventData.Bytes": "72", "EventData.Payload": "UE5HIDIzOCBDT04gNTYNCk1TLUNWOiBubi82cmhVcmhVU0tPbnFZLjIzOA0KQ29udGV4dDogZmFiZmE5NjA1OTU1N2QNCg0K", "EventData.ConnectionType": "1"}
{"EventID": "1225", "Channel": "Microsoft-Windows-PushNotification-Platform/Operational", "Provider_Name": "Microsoft-Windows-PushNotifications-Platform", "Computer": "DESKTOP-OFJ6N53", "TimeCreated": "2025-08-26 05:50:27.463194+00:00", "RecordID": "3704934", "Level": "5", "UserID": "S-1-5-18", "EventData.Verb": "PNG", "EventData.TrID": "238", "EventData.Namespace": "CON", "EventData.CorrelationVector": "nn/6rhUrhUSKOnqY.238.0", "EventData.Bytes": "127", "EventData.Payload": "TVMtQ1Y6IG5uLzZyaFVyaFVTS09ucVkuMjM4LjANCg0KPHBpbmctcmVzcG9uc2U+PHdhaXQ+NDc8L3dhaXQ+PGNvbm5lY3Rpb24tc3RhdHVzPkNvbm5lY3RlZDwvY29ubmVjdGlvbi1zdGF0dXM+PC9waW5nLXJlc3BvbnNlPg==", "EventData.ConnectionType": "1"}
{"EventID": "1268", "Channel": "Microsoft-Windows-PushNotification-Platform/Operational", "Provider_Name": "Microsoft-Windows-PushNotifications-Platform", "Computer": "DESKTOP-OFJ6N53", "TimeCreated": "2025-08-26 05:50:27.463194+00:00", "RecordID": "3704935", "Level": "5", "UserID": "S-1-5-18", "EventData.Verb": "PNG", "EventData.TrID": "238", "EventData.Namespace": "CON", "EventData.CorrelationVector": "nn/6rhUrhUSKOnqY.238.0", "EventData.Bytes": "127", "EventData.Payload": "UE5HIDIzOCBDT04AMTI3DQpNUy1DVjogbm4vNnJoVXJoVVNLT25xWS4yMzguMA0KDQo8cGluZy1yZXNwb25zZT48d2FpdD40Nzwvd2FpdD48Y29ubmVjdGlvbi1zdGF0dXM+Q29ubmVjdGVkPC9jb25uZWN0aW9uLXN0YXR1cw==", "EventData.ConnectionType": "1"}
{"EventID": "1223", "Channel": "Microsoft-Windows-PushNotification-Platform/Operational", "Provider_Name": "Microsoft-Windows-PushNotifications-Platform", "Computer": "DESKTOP-OFJ6N53", "TimeCreated": "2025-08-26 05:51:27.429047+00:00", "RecordID": "3704936", "Level": "5", "UserID": "S-1-5-18", "EventData.Verb": "PNG", "EventData.TrID": "239", "EventData.Namespace": "CON", "EventData.CorrelationVector": "nn/6rhUrhUSKOnqY.239", "EventData.Bytes": "29", "EventData.Payload": "Q29udGV4dDogYzBmZWY2ZjExNDE4NzViNQ0KDQo=", "EventData.ConnectionType": "1"}
{"EventID": "1267", "Channel": "Microsoft-Windows-PushNotification-Platform/Operational", "Provider_Name": "Microsoft-Windows-PushNotifications-Platform", "Computer": "DESKTOP-OFJ6N53", "TimeCreated": "2025-08-26 05:51:27.429047+00:00", "RecordID": "3704937", "Level": "5", "UserID": "S-1-5-18", "EventData.Verb": "PNG", "EventData.TrID": "239", "EventData.Namespace": "CON", "EventData.CorrelationVector": "nn/6rhUrhUSKOnqY.239", "EventData.Bytes": "74", "EventData.Payload": "UE5HIDIzOSBDT04gNTgNCk1TLUNWOiBubi82cmhVcmhVU0tPbnFZLjIzOQ0KQ29udGV4dDogYzBmZWY2ZjExNDE4NzViNQ0KDQo=", "EventData.ConnectionType": "1"}
{"EventID": "1225", "Channel": "Microsoft-Windows-PushNotification-Platform/Operational", "Provider_Name": "Microsoft-Windows-PushNotifications-Platform", "Computer": "DESKTOP-OFJ6N53", "TimeCreated": "2025-08-26 05:51:27.476400+00:00", "RecordID": "3704938", "Level": "5", "UserID": "S-1-5-18", "EventData.Verb": "PNG", "EventData.TrID": "239", "EventData.Namespace": "CON", "EventData.CorrelationVector": "nn/6rhUrhUSKOnqY.239.0", "EventData.Bytes": "127", "EventData.Payload": "TVMtQ1Y6IG5uLzZyaFVyaFVTS09ucVkuMjM5LjANCg0KPHBpbmctcmVzcG9uc2U+PHdhaXQ+NDA8L3dhaXQ+PGNvbm5lY3Rpb24tc3RhdHVzPkNvbm5lY3RlZDwvY29ubmVjdGlvbi1zdGF0dXM+PC9waW5nLXJlc3BvbnNlPg==", "EventData.ConnectionType": "1"}
{"EventID": "1268", "Channel": "Microsoft-Windows-PushNotification-Platform/Operational", "Provider_Name": "Microsoft-Windows-PushNotifications-Platform", "Computer": "DESKTOP-OFJ6N53", "TimeCreated": "2025-08-26 05:51:27.476402+00:00", "RecordID": "3704939", "Level": "5", "UserID": "S-1-5-18", "EventData.Verb": "PNG", "EventData.TrID": "239", "EventData.Namespace": "CON", "EventData.CorrelationVector": "nn/6rhUrhUSKOnqY.239.0", "EventData.Bytes": "127", "EventData.Payload": "UE5HIDIzOSBDT04AMTI3DQpNUy1DVjogbm4vNnJoVXJoVVNLT25xWS4yMzkuMA0KDQo8cGluZy1yZXNwb25zZT48d2FpdD40MDwvd2FpdD48Y29ubmVjdGlvbi1zdGF0dXM+Q29ubmVjdGVkPC9jb25uZWN0aW9uLXN0YXR1cw==", "EventData.ConnectionType": "1"}
{"EventID": "1223", "Channel": "Microsoft-Windows-PushNotification-Platform/Operational", "Provider_Name": "Microsoft-Windows-PushNotifications-Platform", "Computer": "DESKTOP-OFJ6N53", "TimeCreated": "2025-08-26 05:52:27.443426+00:00", "RecordID": "3704940", "Level": "5", "UserID": "S-1-5-18", "EventData.Verb": "PNG", "EventData.TrID": "240", "EventData.Namespace": "CON", "EventData.CorrelationVector": "nn/6rhUrhUSKOnqY.240", "EventData.Bytes": "29", "EventData.Payload": "Q29udGV4dDogNTA0Yzc1YTg5ZjE2YTQyNQ0KDQo=", "EventData.ConnectionType": "1"}
{"EventID": "1267", "Channel": "Microsoft-Windows-PushNotification-Platform/Operational", "Provider_Name": "Microsoft-Windows-PushNotifications-Platform", "Computer": "DESKTOP-OFJ6N53", "TimeCreated": "2025-08-26 05:52:27.443428+00:00", "RecordID": "3704941", "Level": "5", "UserID": "S-1-5-18", "EventData.Verb": "PNG", "EventData.TrID": "240", "EventData.Namespace": "CON", "EventData.CorrelationVector": "nn/6rhUrhUSKOnqY.240", "EventData.Bytes": "74", "EventData.Payload": "UE5HIDI0MCBDT04gNTgNCk1TLUNWOiBubi82cmhVcmhVU0tPbnFZLjI0MA0KQ29udGV4dDogNTA0Yzc1YTg5ZjE2YTQyNQ0KDQo=", "EventData.ConnectionType": "1"}
{"EventID": "1225", "Channel": "Microsoft-Windows-PushNotification-Platform/Operational", "Provider_Name": "Microsoft-Windows-PushNotifications-Platform", "Computer": "DESKTOP-OFJ6N53", "TimeCreated": "2025-08-26 05:52:27.490290+00:00", "RecordID": "3704942", "Level": "5", "UserID": "S-1-5-18", "EventData.Verb": "PNG", "EventData.TrID": "240", "EventData.Namespace": "CON", "EventData.CorrelationVector": "nn/6rhUrhUSKOnqY.240.0", "EventData.Bytes": "127", "EventData.Payload": "TVMtQ1Y6IG5uLzZyaFVyaFVTS09ucVkuMjQwLjANCg0KPHBpbmctcmVzcG9uc2U+PHdhaXQ+NDk8L3dhaXQ+PGNvbm5lY3Rpb24tc3RhdHVzPkNvbm5lY3RlZDwvY29ubmVjdGlvbi1zdGF0dXM+PC9waW5nLXJlc3BvbnNlPg==", "EventData.ConnectionType": "1"}
{"EventID": "1268", "Channel": "Microsoft-Windows-PushNotification-Platform/Operational", "Provider_Name": "Microsoft-Windows-PushNotifications-Platform", "Computer": "DESKTOP-OFJ6N53", "TimeCreated": "2025-08-26 05:52:27.490290+00:00", "RecordID": "3704943", "Level": "5", "UserID": "S-1-5-18", "EventData.Verb": "PNG", "EventData.TrID": "240", "EventData.Namespace": "CON", "EventData.CorrelationVector": "nn/6rhUrhUSKOnqY.240.0", "EventData.Bytes": "127", "EventData.Payload": "UE5HIDI0MCBDT04AMTI3DQpNUy1DVjogbm4vNnJoVXJoVVNLT25xWS4yNDAuMA0KDQo8cGluZy1yZXNwb25zZT48d2FpdD40OTwvd2FpdD48Y29ubmVjdGlvbi1zdGF0dXM+Q29ubmVjdGVkPC9jb25uZWN0aW9uLXN0YXR1cw==", "EventData.ConnectionType": "1"}
{"EventID": "1223", "Channel": "Microsoft-Windows-PushNotification-Platform/Operational", "Provider_Name": "Microsoft-Windows-PushNotifications-Platform", "Computer": "DESKTOP-OFJ6N53", "TimeCreated": "2025-08-26 05:53:27.458456+00:00", "RecordID": "3704944", "Level": "5", "UserID": "S-1-5-18", "EventData.Verb": "PNG", "EventData.TrID": "241", "EventData.Namespace": "CON", "EventData.CorrelationVector": "nn/6rhUrhUSKOnqY.241", "EventData.Bytes": "29", "EventData.Payload": "Q29udGV4dDogNzA1NDc5ZjIzMDczNjQxOA0KDQo=", "EventData.ConnectionType": "1"}
{"EventID": "1267", "Channel": "Microsoft-Windows-PushNotification-Platform/Operational", "Provider_Name": "Microsoft-Windows-PushNotifications-Platform", "Computer": "DESKTOP-OFJ6N53", "TimeCreated": "2025-08-26 05:53:27.458458+00:00", "RecordID": "3704945", "Level": "5", "UserID": "S-1-5-18", "EventData.Verb": "PNG", "EventData.TrID": "241", "EventData.Namespace": "CON", "EventData.CorrelationVector": "nn/6rhUrhUSKOnqY.241", "EventData.Bytes": "74", "EventData.Payload": "UE5HIDI0MSBDT04gNTgNCk1TLUNWOiBubi82cmhVcmhVU0tPbnFZLjI0MQ0KQ29udGV4dDogNzA1NDc5ZjIzMDczNjQxOA0KDQo=", "EventData.ConnectionType": "1"}
{"EventID": "1225", "Channel": "Microsoft-Windows-PushNotification-Platform/Operational", "Provider_Name": "Microsoft-Windows-PushNotifications-Platform", "Computer": "DESKTOP-OFJ6N53", "TimeCreated": "2025-08-26 05:53:27.505829+00:00", "RecordID": "3704946", "Level": "5", "UserID": "S-1-5-18", "EventData.Verb": "PNG", "EventData.TrID": "241", "EventData.Namespace": "CON", "EventData.CorrelationVector": "nn/6rhUrhUSKOnqY.241.0", "EventData.Bytes": "127", "EventData.Payload": "TVMtQ1Y6IG5uLzZyaFVyaFVTS09ucVkuMjQxLjANCg0KPHBpbmctcmVzcG9uc2U+PHdhaXQ+NTA8L3dhaXQ+PGNvbm5lY3Rpb24tc3RhdHVzPkNvbm5lY3RlZDwvY29ubmVjdGlvbi1zdGF0dXM+PC9waW5nLXJlc3BvbnNlPg==", "EventData.ConnectionType": "1"}
{"EventID": "1268", "Channel": "Microsoft-Windows-PushNotification-Platform/Operational", "Provider_Name": "Microsoft-Windows-PushNotifications-Platform", "Computer": "DESKTOP-OFJ6N53", "TimeCreated": "2025-08-26 05:53:27.505829+00:00", "RecordID": "3704947", "Level": "5", "UserID": "S-1-5-18", "EventData.Verb": "PNG", "EventData.TrID": "241", "EventData.Namespace": "CON", "EventData.CorrelationVector": "nn/6rhUrhUSKOnqY.241.0", "EventData.Bytes": "127", "EventData.Payload": "UE5HIDI0MSBDT04AMTI3DQpNUy1DVjogbm4vNnJoVXJoVVNLT25xWS4yNDEuMA0KDQo8cGluZy1yZXNwb25zZT48d2FpdD41MDwvd2FpdD48Y29ubmVjdGlvbi1zdGF0dXM+Q29ubmVjdGVkPC9jb25uZWN0aW9uLXN0YXR1cw==", "EventData.ConnectionType": "1"}
{"EventID": "1223", "Channel": "Microsoft-Windows-PushNotification-Platform/Operational", "Provider_Name": "Microsoft-Windows-PushNotifications-Platform", "Computer": "DESKTOP-OFJ6N53", "TimeCreated": "2025-08-26 05:54:27.463625+00:00", "RecordID": "3704948", "Level": "5", "UserID": "S-1-5-18", "EventData.Verb": "PNG", "EventData.TrID": "242", "EventData.Namespace": "CON", "EventData.CorrelationVector": "nn/6rhUrhUSKOnqY.242", "EventData.Bytes": "29", "EventData.Payload": "Q29udGV4dDogZDYxN2MyOTlmMDYxNzU0Yw0KDQo=", "EventData.ConnectionType": "1"}
{"EventID": "1267", "Channel": "Microsoft-Windows-PushNotification-Platform/Operational", "Provider_Name": "Microsoft-Windows-PushNotifications-Platform", "Computer": "DESKTOP-OFJ6N53", "TimeCreated": "2025-08-26 05:54:27.463627+00:00", "RecordID": "3704949", "Level": "5", "UserID": "S-1-5-18", "EventData.Verb": "PNG", "EventData.TrID": "242", "EventData.Namespace": "CON", "EventData.CorrelationVector": "nn/6rhUrhUSKOnqY.242", "EventData.Bytes": "74", "EventData.Payload": "UE5HIDI0MiBDT04gNTgNCk1TLUNWOiBubi82cmhVcmhVU0tPbnFZLjI0Mg0KQ29udGV4dDogZDYxN2MyOTlmMDYxNzU0Yw0KDQo=", "EventData.ConnectionType": "1"}
{"EventID": "1225", "Channel": "Microsoft-Windows-PushNotification-Platform/Operational", "Provider_Name": "Microsoft-Windows-PushNotifications-Platform", "Computer": "DESKTOP-OFJ6N53", "TimeCreated": "2025-08-26 05:54:27.554279+00:00", "RecordID": "3704950", "Level": "5", "UserID": "S-1-5-18", "EventData.Verb": "PNG", "EventData.TrID": "242", "EventData.Namespace": "CON", "EventData.CorrelationVector": "nn/6rhUrhUSKOnqY.242.0", "EventData.Bytes": "127", "EventData.Payload": "TVMtQ1Y6IG5uLzZyaFVyaFVTS09ucVkuMjQyLjANCg0KPHBpbmctcmVzcG9uc2U+PHdhaXQ+NDE8L3dhaXQ+PGNvbm5lY3Rpb24tc3RhdHVzPkNvbm5lY3RlZDwvY29ubmVjdGlvbi1zdGF0dXM+PC9waW5nLXJlc3BvbnNlPg==", "EventData.ConnectionType": "1"}
{"EventID": "1268", "Channel": "Microsoft-Windows-PushNotification-Platform/Operational", "Provider_Name": "Microsoft-Windows-PushNotifications-Platform", "Computer": "DESKTOP-OFJ6N53", "TimeCreated": "2025-08-26 05:54:27.554281+00:00", "RecordID": "3704951", "Level": "5", "UserID": "S-1-5-18", "EventData.Verb": "PNG", "EventData.TrID": "242", "EventData.Namespace": "CON", "EventData.CorrelationVector": "nn/6rhUrhUSKOnqY.242.0", "EventData.Bytes": "127", "EventData.Payload": "UE5HIDI0MiBDT04AMTI3DQpNUy1DVjogbm4vNnJoVXJoVVNLT25xWS4yNDIuMA0KDQo8cGluZy1yZXNwb25zZT48d2FpdD40MTwvd2FpdD48Y29ubmVjdGlvbi1zdGF0dXM+Q29ubmVjdGVkPC9jb25uZWN0aW9uLXN0YXR1cw==", "EventData.ConnectionType": "1"}
{"EventID": "1223", "Channel": "Microsoft-Windows-PushNotification-Platform/Operational", "Provider_Name": "Microsoft-Windows-PushNotifications-Platform", "Computer": "DESKTOP-OFJ6N53", "TimeCreated": "2025-08-26 05:55:27.478189+00:00", "RecordID": "3704952", "Level": "5", "UserID": "S-1-5-18", "EventData.Verb": "PNG", "EventData.TrID": "243", "EventData.Namespace": "CON", "EventData.CorrelationVector": "nn/6rhUrhUSKOnqY.243", "EventData.Bytes": "29", "EventData.Payload": "Q29udGV4dDogNjJiMzJhYjViYmE5NWQ5MA0KDQo=", "EventData.ConnectionType": "1"}
{"EventID": "1267", "Channel": "Microsoft-Windows-PushNotification-Platform/Operational", "Provider_Name": "Microsoft-Windows-PushNotifications-Platform", "Computer": "DESKTOP-OFJ6N53", "TimeCreated": "2025-08-26 05:55:27.478189+00:00", "RecordID": "3704953", "Level": "5", "UserID": "S-1-5-18", "EventData.Verb": "PNG", "EventData.TrID": "243", "EventData.Namespace": "CON", "EventData.CorrelationVector": "nn/6rhUrhUSKOnqY.243", "EventData.Bytes": "74", "EventData.Payload": "UE5HIDI0MyBDT04gNTgNCk1TLUNWOiBubi82cmhVcmhVU0tPbnFZLjI0Mw0KQ29udGV4dDogNjJiMzJhYjViYmE5NWQ5MA0KDQo=", "EventData.ConnectionType": "1"}
{"EventID": "1225", "Channel": "Microsoft-Windows-PushNotification-Platform/Operational", "Provider_Name": "Microsoft-Windows-PushNotifications-Platform", "Computer": "DESKTOP-OFJ6N53", "TimeCreated": "2025-08-26 05:55:27.525200+00:00", "RecordID": "3704954", "Level": "5", "UserID": "S-1-5-18", "EventData.Verb": "PNG", "EventData.TrID": "243", "EventData.Namespace": "CON", "EventData.CorrelationVector": "nn/6rhUrhUSKOnqY.243.0", "EventData.Bytes": "127", "EventData.Payload": "TVMtQ1Y6IG5uLzZyaFVyaFVTS09ucVkuMjQzLjANCg0KPHBpbmctcmVzcG9uc2U+PHdhaXQ+NDg8L3dhaXQ+PGNvbm5lY3Rpb24tc3RhdHVzPkNvbm5lY3RlZDwvY29ubmVjdGlvbi1zdGF0dXM+PC9waW5nLXJlc3BvbnNlPg==", "EventData.ConnectionType": "1"}
{"EventID": "1268", "Channel": "Microsoft-Windows-PushNotification-Platform/Operational", "Provider_Name": "Microsoft-Windows-PushNotifications-Platform", "Computer": "DESKTOP-OFJ6N53", "TimeCreated": "2025-08-26 05:55:27.525202+00:00", "RecordID": "3704955", "Level": "5", "UserID": "S-1-5-18", "EventData.Verb": "PNG", "EventData.TrID": "243", "EventData.Namespace": "CON", "EventData.CorrelationVector": "nn/6rhUrhUSKOnqY.243.0", "EventData.Bytes": "127", "EventData.Payload": "UE5HIDI0MyBDT04AMTI3DQpNUy1DVjogbm4vNnJoVXJoVVNLT25xWS4yNDMuMA0KDQo8cGluZy1yZXNwb25zZT48d2FpdD40ODwvd2FpdD48Y29ubmVjdGlvbi1zdGF0dXM+Q29ubmVjdGVkPC9jb25uZWN0aW9uLXN0YXR1cw==", "EventData.ConnectionType": "1"}
{"EventID": "1223", "Channel": "Microsoft-Windows-PushNotification-Platform/Operational", "Provider_Name": "Microsoft-Windows-PushNotifications-Platform", "Computer": "DESKTOP-OFJ6N53", "TimeCreated": "2025-08-26 05:56:27.486710+00:00", "RecordID": "3704956", "Level": "5", "UserID": "S-1-5-18", "EventData.Verb": "PNG", "EventData.TrID": "244", "EventData.Namespace": "CON", "EventData.CorrelationVector": "nn/6rhUrhUSKOnqY.244", "EventData.Bytes": "29", "EventData.Payload": "Q29udGV4dDogYTk4M2ZjYmM2YTA0NDMxOA0KDQo=", "EventData.ConnectionType": "1"}
{"EventID": "1267", "Channel": "Microsoft-Windows-PushNotification-Platform/Operational", "Provider_Name": "Microsoft-Windows-PushNotifications-Platform", "Computer": "DESKTOP-OFJ6N53", "TimeCreated": "2025-08-26 05:56:27.486712+00:00", "RecordID": "3704957", "Level": "5", "UserID": "S-1-5-18", "EventData.Verb": "PNG", "EventData.TrID": "244", "EventData.Namespace": "CON", "EventData.CorrelationVector": "nn/6rhUrhUSKOnqY.244", "EventData.Bytes": "74", "EventData.Payload": "UE5HIDI0NCBDT04gNTgNCk1TLUNWOiBubi82cmhVcmhVU0tPbnFZLjI0NA0KQ29udGV4dDogYTk4M2ZjYmM2YTA0NDMxOA0KDQo=", "EventData.ConnectionType": "1"}
{"EventID": "1225", "Channel": "Microsoft-Windows-PushNotification-Platform/Operational", "Provider_Name": "Microsoft-Windows-PushNotifications-Platform", "Computer": "DESKTOP-OFJ6N53", "TimeCreated": "2025-08-26 05:56:27.534224+00:00", "RecordID": "3704958", "Level": "5", "UserID": "S-1-5-18", "EventData.Verb": "PNG", "EventData.TrID": "244", "EventData.Namespace": "CON", "EventData.CorrelationVector": "nn/6rhUrhUSKOnqY.244.0", "EventData.Bytes": "127", "EventData.Payload": "TVMtQ1Y6IG5uLzZyaFVyaFVTS09ucVkuMjQ0LjANCg0KPHBpbmctcmVzcG9uc2U+PHdhaXQ+NDA8L3dhaXQ+PGNvbm5lY3Rpb24tc3RhdHVzPkNvbm5lY3RlZDwvY29ubmVjdGlvbi1zdGF0dXM+PC9waW5nLXJlc3BvbnNlPg==", "EventData.ConnectionType": "1"}
{"EventID": "1268", "Channel": "Microsoft-Windows-PushNotification-Platform/Operational", "Provider_Name": "Microsoft-Windows-PushNotifications-Platform", "Computer": "DESKTOP-OFJ6N53", "TimeCreated": "2025-08-26 05:56:27.534224+00:00", "RecordID": "3704959", "Level": "5", "UserID": "S-1-5-18", "EventData.Verb": "PNG", "EventData.TrID": "244", "EventData.Namespace": "CON", "EventData.CorrelationVector": "nn/6rhUrhUSKOnqY.244.0", "EventData.Bytes": "127", "EventData.Payload": "UE5HIDI0NCBDT04AMTI3DQpNUy1DVjogbm4vNnJoVXJoVVNLT25xWS4yNDQuMA0KDQo8cGluZy1yZXNwb25zZT48d2FpdD40MDwvd2FpdD48Y29ubmVjdGlvbi1zdGF0dXM+Q29ubmVjdGVkPC9jb25uZWN0aW9uLXN0YXR1cw==", "EventData.ConnectionType": "1"}
{"EventID": "1223", "Channel": "Microsoft-Windows-PushNotification-Platform/Operational", "Provider_Name": "Microsoft-Windows-PushNotifications-Platform", "Computer": "DESKTOP-OFJ6N53", "TimeCreated": "2025-08-26 05:57:27.495939+00:00", "RecordID": "3704960", "Level": "5", "UserID": "S-1-5-18", "EventData.Verb": "PNG", "EventData.TrID": "245", "EventData.Namespace": "CON", "EventData.CorrelationVector": "nn/6rhUrhUSKOnqY.245", "EventData.Bytes": "29", "EventData.Payload": "Q29udGV4dDogMTgwZTAyNWZhNjIwMTgxMQ0KDQo=", "EventData.ConnectionType": "1"}
{"EventID": "1267", "Channel": "Microsoft-Windows-PushNotification-Platform/Operational", "Provider_Name": "Microsoft-Windows-PushNotifications-Platform", "Computer": "DESKTOP-OFJ6N53", "TimeCreated": "2025-08-26 05:57:27.495939+00:00", "RecordID": "3704961", "Level": "5", "UserID": "S-1-5-18", "EventData.Verb": "PNG", "EventData.TrID": "245", "EventData.Namespace": "CON", "EventData.CorrelationVector": "nn/6rhUrhUSKOnqY.245", "EventData.Bytes": "74", "EventData.Payload": "UE5HIDI0NSBDT04gNTgNCk1TLUNWOiBubi82cmhVcmhVU0tPbnFZLjI0NQ0KQ29udGV4dDogMTgwZTAyNWZhNjIwMTgxMQ0KDQo=", "EventData.ConnectionType": "1"}
{"EventID": "1225", "Channel": "Microsoft-Windows-PushNotification-Platform/Operational", "Provider_Name": "Microsoft-Windows-PushNotifications-Platform", "Computer": "DESKTOP-OFJ6N53", "TimeCreated": "2025-08-26 05:57:27.542881+00:00", "RecordID": "3704962", "Level": "5", "UserID": "S-1-5-18", "EventData.Verb": "PNG", "EventData.TrID": "245", "EventData.Namespace": "CON", "EventData.CorrelationVector": "nn/6rhUrhUSKOnqY.245.0", "EventData.Bytes": "127", "EventData.Payload": "TVMtQ1Y6IG5uLzZyaFVyaFVTS09ucVkuMjQ1LjANCg0KPHBpbmctcmVzcG9uc2U+PHdhaXQ+NDY8L3dhaXQ+PGNvbm5lY3Rpb24tc3RhdHVzPkNvbm5lY3RlZDwvY29ubmVjdGlvbi1zdGF0dXM+PC9waW5nLXJlc3BvbnNlPg==", "EventData.ConnectionType": "1"}
{"EventID": "1268", "Channel": "Microsoft-Windows-PushNotification-Platform/Operational", "Provider_Name": "Microsoft-Windows-PushNotifications-Platform", "Computer": "DESKTOP-OFJ6N53", "TimeCreated": "2025-08-26 05:57:27.542883+00:00", "RecordID": "3704963", "Level": "5", "UserID": "S-1-5-18", "EventData.Verb": "PNG", "EventData.TrID": "245", "EventData.Namespace": "CON", "EventData.CorrelationVector": "nn/6rhUrhUSKOnqY.245.0", "EventData.Bytes": "127", "EventData.Payload": "UE5HIDI0NSBDT04AMTI3DQpNUy1DVjogbm4vNnJoVXJoVVNLT25xWS4yNDUuMA0KDQo8cGluZy1yZXNwb25zZT48d2FpdD40Njwvd2FpdD48Y29ubmVjdGlvbi1zdGF0dXM+Q29ubmVjdGVkPC9jb25uZWN0aW9uLXN0YXR1cw==", "EventData.ConnectionType": "1"}
{"EventID": "1223", "Channel": "Microsoft-Windows-PushNotification-Platform/Operational", "Provider_Name": "Microsoft-Windows-PushNotifications-Platform", "Computer": "DESKTOP-OFJ6N53", "TimeCreated": "2025-08-26 05:58:27.539251+00:00", "RecordID": "3704964", "Level": "5", "UserID": "S-1-5-18", "EventData.Verb": "PNG", "EventData.TrID": "246", "EventData.Namespace": "CON", "EventData.CorrelationVector": "nn/6rhUrhUSKOnqY.246", "EventData.Bytes": "29", "EventData.Payload": "Q29udGV4dDogZjU4NDk5MGNhMzk0N2RhMw0KDQo=", "EventData.ConnectionType": "1"}
{"EventID": "1267", "Channel": "Microsoft-Windows-PushNotification-Platform/Operational", "Provider_Name": "Microsoft-Windows-PushNotifications-Platform", "Computer": "DESKTOP-OFJ6N53", "TimeCreated": "2025-08-26 05:58:27.539253+00:00", "RecordID": "3704965", "Level": "5", "UserID": "S-1-5-18", "EventData.Verb": "PNG", "EventData.TrID": "246", "EventData.Namespace": "CON", "EventData.CorrelationVector": "nn/6rhUrhUSKOnqY.246", "EventData.Bytes": "74", "EventData.Payload": "UE5HIDI0NiBDT04gNTgNCk1TLUNWOiBubi82cmhVcmhVU0tPbnFZLjI0Ng0KQ29udGV4dDogZjU4NDk5MGNhMzk0N2RhMw0KDQo=", "EventData.ConnectionType": "1"}
{"EventID": "1225", "Channel": "Microsoft-Windows-PushNotification-Platform/Operational", "Provider_Name": "Microsoft-Windows-PushNotifications-Platform", "Computer": "DESKTOP-OFJ6N53", "TimeCreated": "2025-08-26 05:58:27.587685+00:00", "RecordID": "3704966", "Level": "5", "UserID": "S-1-5-18", "EventData.Verb": "PNG", "EventData.TrID": "246", "EventData.Namespace": "CON", "EventData.CorrelationVector": "nn/6rhUrhUSKOnqY.246.0", "EventData.Bytes": "127", "EventData.Payload": "TVMtQ1Y6IG5uLzZyaFVyaFVTS09ucVkuMjQ2LjANCg0KPHBpbmctcmVzcG9uc2U+PHdhaXQ+NDA8L3dhaXQ+PGNvbm5lY3Rpb24tc3RhdHVzPkNvbm5lY3RlZDwvY29ubmVjdGlvbi1zdGF0dXM+PC9waW5nLXJlc3BvbnNlPg==", "EventData.ConnectionType": "1"}
{"EventID": "1268", "Channel": "Microsoft-Windows-PushNotification-Platform/Operational", "Provider_Name": "Microsoft-Windows-PushNotifications-Platform", "Computer": "DESKTOP-OFJ6N53", "TimeCreated": "2025-08-26 05:58:27.587687+00:00", "RecordID": "3704967", "Level": "5", "UserID": "S-1-5-18", "EventData.Verb": "PNG", "EventData.TrID": "246", "EventData.Namespace": "CON", "EventData.CorrelationVector": "nn/6rhUrhUSKOnqY.246.0", "EventData.Bytes": "127", "EventData.Payload": "UE5HIDI0NiBDT04AMTI3DQpNUy1DVjogbm4vNnJoVXJoVVNLT25xWS4yNDYuMA0KDQo8cGluZy1yZXNwb25zZT48d2FpdD40MDwvd2FpdD48Y29ubmVjdGlvbi1zdGF0dXM+Q29ubmVjdGVkPC9jb25uZWN0aW9uLXN0YXR1cw==", "EventData.ConnectionType": "1"}
{"EventID": "1223", "Channel": "Microsoft-Windows-PushNotification-Platform/Operational", "Provider_Name": "Microsoft-Windows-PushNotifications-Platform", "Computer": "DESKTOP-OFJ6N53", "TimeCreated": "2025-08-26 05:59:27.548325+00:00", "RecordID": "3704968", "Level": "5", "UserID": "S-1-5-18", "EventData.Verb": "PNG", "EventData.TrID": "247", "EventData.Namespace": "CON", "EventData.CorrelationVector": "nn/6rhUrhUSKOnqY.247", "EventData.Bytes": "29", "EventData.Payload": "Q29udGV4dDogZWIyOWVkYWU5NGVjOTMwNg0KDQo=", "EventData.ConnectionType": "1"}
{"EventID": "1267", "Channel": "Microsoft-Windows-PushNotification-Platform/Operational", "Provider_Name": "Microsoft-Windows-PushNotifications-Platform", "Computer": "DESKTOP-OFJ6N53", "TimeCreated": "2025-08-26 05:59:27.548326+00:00", "RecordID": "3704969", "Level": "5", "UserID": "S-1-5-18", "EventData.Verb": "PNG", "EventData.TrID": "247", "EventData.Namespace": "CON", "EventData.CorrelationVector": "nn/6rhUrhUSKOnqY.247", "EventData.Bytes": "74", "EventData.Payload": "UE5HIDI0NyBDT04gNTgNCk1TLUNWOiBubi82cmhVcmhVU0tPbnFZLjI0Nw0KQ29udGV4dDogZWIyOWVkYWU5NGVjOTMwNg0KDQo=", "EventData.ConnectionType": "1"}
