{"EventID": "61", "Channel": "Microsoft-Windows-Bits-Client/Operational", "Provider_Name": "Microsoft-Windows-Bits-Client", "Computer": "DESKTOP-OFJ6N53", "TimeCreated": "2025-08-23 07:13:51.528847+00:00", "RecordID": "85075", "Level": "3", "UserID": "S-1-5-18", "EventData.transferId": "{4fd318bb-c21e-4ddb-bd6c-ec04b97eb85b}", "EventData.name": "Chrome Component Updater", "EventData.Id": "{1b6c7fb0-0192-4c19-bbe3-6bf325dfcc45}", "EventData.url": "http://edgedl.me.gvt1.com/edgedl/diffgen-puffin/ggkkehgbnfjpeggfpleeakpidbkibbmn/cf1ba16f8b36b3ecf7ca1e8d13bf044b6fe28b3f91821c5cd236a729b9fe6eaf", "EventData.peer": null, "EventData.hr": "2147954402", "EventData.fileTime": "0001-01-01 00:00:00", "EventData.fileLength": "18446744073709551615", "EventData.bytesTotal": "18446744073709551615", "EventData.bytesTransferred": "0", "EventData.proxy": null, "EventData.peerProtocolFlags": "0", "EventData.bytesTransferredFromPeer": "0", "EventData.AdditionalInfoHr": "0", "EventData.PeerContextInfo": "0", "EventData.bandwidthLimit": "18446744073709551615", "EventData.ignoreBandwidthLimitsOnLan": "False"}
{"EventID": "61", "Channel": "Microsoft-Windows-Bits-Client/Operational", "Provider_Name": "Microsoft-Windows-Bits-Client", "Computer": "DESKTOP-OFJ6N53", "TimeCreated": "2025-08-23 07:15:12.787277+00:00", "RecordID": "85076", "Level": "3", "UserID": "S-1-5-18", "EventData.transferId": "{b0a700c9-a599-4157-a6ad-ae1d216a4a60}", "EventData.name": "Chrome Component Updater", "EventData.Id": "{1b6c7fb0-0192-4c19-bbe3-6bf325dfcc45}", "EventData.url": "http://edgedl.me.gvt1.com/edgedl/diffgen-puffin/ggkkehgbnfjpeggfpleeakpidbkibbmn/cf1ba16f8b36b3ecf7ca1e8d13bf044b6fe28b3f91821c5cd236a729b9fe6eaf", "EventData.peer": null, "EventData.hr": "2147954402", "EventData.fileTime": "0001-01-01 00:00:00", "EventData.fileLength": "18446744073709551615", "EventData.bytesTotal": "18446744073709551615", "EventData.bytesTransferred": "0", "EventData.proxy": null, "EventData.peerProtocolFlags": "0", "EventData.bytesTransferredFromPeer": "0", "EventData.AdditionalInfoHr": "0", "EventData.PeerContextInfo": "0", "EventData.bandwidthLimit": "18446744073709551615", "EventData.ignoreBandwidthLimitsOnLan": "False"}
{"EventID": "61", "Channel": "Microsoft-Windows-Bits-Client/Operational", "Provider_Name": "Microsoft-Windows-Bits-Client", "Computer": "DESKTOP-OFJ6N53", "TimeCreated": "2025-08-23 07:16:33.962658+00:00", "RecordID": "85077", "Level": "3", "UserID": "S-1-5-18", "EventData.transferId": "{f24fb000-9c9c-4432-8c83-e9fa970e58c1}", "EventData.name": "Chrome Component Updater", "EventData.Id": "{1b6c7fb0-0192-4c19-bbe3-6bf325dfcc45}", "EventData.url": "http://edgedl.me.gvt1.com/edgedl/diffgen-puffin/ggkkehgbnfjpeggfpleeakpidbkibbmn/cf1ba16f8b36b3ecf7ca1e8d13bf044b6fe28b3f91821c5cd236a729b9fe6eaf", "EventData.peer": null, "EventData.hr": "2147954402", "EventData.fileTime": "0001-01-01 00:00:00", "EventData.fileLength": "18446744073709551615", "EventData.bytesTotal": "18446744073709551615", "EventData.bytesTransferred": "0", "EventData.proxy": null, "EventData.peerProtocolFlags": "0", "EventData.bytesTransferredFromPeer": "0", "EventData.AdditionalInfoHr": "0", "EventData.PeerContextInfo": "0", "EventData.bandwidthLimit": "18446744073709551615", "EventData.ignoreBandwidthLimitsOnLan": "False"}
{"EventID": "61", "Channel": "Microsoft-Windows-Bits-Client/Operational", "Provider_Name": "Microsoft-Windows-Bits-Client", "Computer": "DESKTOP-OFJ6N53", "TimeCreated": "2025-08-23 07:17:54.990511+00:00", "RecordID": "85078", "Level": "3", "UserID": "S-1-5-18", "EventData.transferId": "{be90f2f5-7a5a-4368-add9-f78bfd9d3646}", "EventData.name": "Chrome Component Updater", "EventData.Id": "{1b6c7fb0-0192-4c19-bbe3-6bf325dfcc45}", "EventData.url": "http://edgedl.me.gvt1.com/edgedl/diffgen-puffin/ggkkehgbnfjpeggfpleeakpidbkibbmn/cf1ba16f8b36b3ecf7ca1e8d13bf044b6fe28b3f91821c5cd236a729b9fe6eaf", "EventData.peer": null, "EventData.hr": "2147954402", "EventData.fileTime": "0001-01-01 00:00:00", "EventData.fileLength": "18446744073709551615", "EventData.bytesTotal": "18446744073709551615", "EventData.bytesTransferred": "0", "EventData.proxy": null, "EventData.peerProtocolFlags": "0", "EventData.bytesTransferredFromPeer": "0", "EventData.AdditionalInfoHr": "0", "EventData.PeerContextInfo": "0", "EventData.bandwidthLimit": "18446744073709551615", "EventData.ignoreBandwidthLimitsOnLan": "False"}
{"EventID": "61", "Channel": "Microsoft-Windows-Bits-Client/Operational", "Provider_Name": "Microsoft-Windows-Bits-Client", "Computer": "DESKTOP-OFJ6N53", "TimeCreated": "2025-08-23 07:19:16.225063+00:00", "RecordID": "85079", "Level": "3", "UserID": "S-1-5-18", "EventData.transferId": "{a60a507e-c54c-4e7b-835b-8e164b930d42}", "EventData.name": "Chrome Component Updater", "EventData.Id": "{1b6c7fb0-0192-4c19-bbe3-6bf325dfcc45}", "EventData.url": "http://edgedl.me.gvt1.com/edgedl/diffgen-puffin/ggkkehgbnfjpeggfpleeakpidbkibbmn/cf1ba16f8b36b3ecf7ca1e8d13bf044b6fe28b3f91821c5cd236a729b9fe6eaf", "EventData.peer": null, "EventData.hr": "2147954402", "EventData.fileTime": "0001-01-01 00:00:00", "EventData.fileLength": "18446744073709551615", "EventData.bytesTotal": "18446744073709551615", "EventData.bytesTransferred": "0", "EventData.proxy": null, "EventData.peerProtocolFlags": "0", "EventData.bytesTransferredFromPeer": "0", "EventData.AdditionalInfoHr": "0", "EventData.PeerContextInfo": "0", "EventData.bandwidthLimit": "18446744073709551615", "EventData.ignoreBandwidthLimitsOnLan": "False"}
{"EventID": "61", "Channel": "Microsoft-Windows-Bits-Client/Operational", "Provider_Name": "Microsoft-Windows-Bits-Client", "Computer": "DESKTOP-OFJ6N53", "TimeCreated": "2025-08-23 07:20:37.537472+00:00", "RecordID": "85080", "Level": "3", "UserID": "S-1-5-18", "EventData.transferId": "{e3fabfe0-619c-4f48-914c-8e4e8e8a5787}", "EventData.name": "Chrome Component Updater", "EventData.Id": "{1b6c7fb0-0192-4c19-bbe3-6bf325dfcc45}", "EventData.url": "http://edgedl.me.gvt1.com/edgedl/diffgen-puffin/ggkkehgbnfjpeggfpleeakpidbkibbmn/cf1ba16f8b36b3ecf7ca1e8d13bf044b6fe28b3f91821c5cd236a729b9fe6eaf", "EventData.peer": null, "EventData.hr": "2147954402", "EventData.fileTime": "0001-01-01 00:00:00", "EventData.fileLength": "18446744073709551615", "EventData.bytesTotal": "18446744073709551615", "EventData.bytesTransferred": "0", "EventData.proxy": null, "EventData.peerProtocolFlags": "0", "EventData.bytesTransferredFromPeer": "0", "EventData.AdditionalInfoHr": "0", "EventData.PeerContextInfo": "0", "EventData.bandwidthLimit": "18446744073709551615", "EventData.ignoreBandwidthLimitsOnLan": "False"}
{"EventID": "61", "Channel": "Microsoft-Windows-Bits-Client/Operational", "Provider_Name": "Microsoft-Windows-Bits-Client", "Computer": "DESKTOP-OFJ6N53", "TimeCreated": "2025-08-23 07:21:58.966005+00:00", "RecordID": "85081", "Level": "3", "UserID": "S-1-5-18", "EventData.transferId": "{876c1237-0cdd-455f-98d9-1a1a07b8d133}", "EventData.name": "Chrome Component Updater", "EventData.Id": "{1b6c7fb0-0192-4c19-bbe3-6bf325dfcc45}", "EventData.url": "http://edgedl.me.gvt1.com/edgedl/diffgen-puffin/ggkkehgbnfjpeggfpleeakpidbkibbmn/cf1ba16f8b36b3ecf7ca1e8d13bf044b6fe28b3f91821c5cd236a729b9fe6eaf", "EventData.peer": null, "EventData.hr": "2147954402", "EventData.fileTime": "0001-01-01 00:00:00", "EventData.fileLength": "18446744073709551615", "EventData.bytesTotal": "18446744073709551615", "EventData.bytesTransferred": "0", "EventData.proxy": null, "EventData.peerProtocolFlags": "0", "EventData.bytesTransferredFromPeer": "0", "EventData.AdditionalInfoHr": "0", "EventData.PeerContextInfo": "0", "EventData.bandwidthLimit": "18446744073709551615", "EventData.ignoreBandwidthLimitsOnLan": "False"}
{"EventID": "61", "Channel": "Microsoft-Windows-Bits-Client/Operational", "Provider_Name": "Microsoft-Windows-Bits-Client", "Computer": "DESKTOP-OFJ6N53", "TimeCreated": "2025-08-23 07:23:20.115585+00:00", "RecordID": "85082", "Level": "3", "UserID": "S-1-5-18", "EventData.transferId": "{88603f5f-f6ff-40cc-8744-42e2b7934766}", "EventData.name": "Chrome Component Updater", "EventData.Id": "{1b6c7fb0-0192-4c19-bbe3-6bf325dfcc45}", "EventData.url": "http://edgedl.me.gvt1.com/edgedl/diffgen-puffin/ggkkehgbnfjpeggfpleeakpidbkibbmn/cf1ba16f8b36b3ecf7ca1e8d13bf044b6fe28b3f91821c5cd236a729b9fe6eaf", "EventData.peer": null, "EventData.hr": "2147954402", "EventData.fileTime": "0001-01-01 00:00:00", "EventData.fileLength": "18446744073709551615", "EventData.bytesTotal": "18446744073709551615", "EventData.bytesTransferred": "0", "EventData.proxy": null, "EventData.peerProtocolFlags": "0", "EventData.bytesTransferredFromPeer": "0", "EventData.AdditionalInfoHr": "0", "EventData.PeerContextInfo": "0", "EventData.bandwidthLimit": "18446744073709551615", "EventData.ignoreBandwidthLimitsOnLan": "False"}
{"EventID": "61", "Channel": "Microsoft-Windows-Bits-Client/Operational", "Provider_Name": "Microsoft-Windows-Bits-Client", "Computer": "DESKTOP-OFJ6N53", "TimeCreated": "2025-08-23 07:24:41.568758+00:00", "RecordID": "85083", "Level": "3", "UserID": "S-1-5-18", "EventData.transferId": "{ee613781-0ba6-459f-8165-9312d217e909}", "EventData.name": "Chrome Component Updater", "EventData.Id": "{1b6c7fb0-0192-4c19-bbe3-6bf325dfcc45}", "EventData.url": "http://edgedl.me.gvt1.com/edgedl/diffgen-puffin/ggkkehgbnfjpeggfpleeakpidbkibbmn/cf1ba16f8b36b3ecf7ca1e8d13bf044b6fe28b3f91821c5cd236a729b9fe6eaf", "EventData.peer": null, "EventData.hr": "2147954402", "EventData.fileTime": "0001-01-01 00:00:00", "EventData.fileLength": "18446744073709551615", "EventData.bytesTotal": "18446744073709551615", "EventData.bytesTransferred": "0", "EventData.proxy": null, "EventData.peerProtocolFlags": "0", "EventData.bytesTransferredFromPeer": "0", "EventData.AdditionalInfoHr": "0", "EventData.PeerContextInfo": "0", "EventData.bandwidthLimit": "18446744073709551615", "EventData.ignoreBandwidthLimitsOnLan": "False"}
{"EventID": "61", "Channel": "Microsoft-Windows-Bits-Client/Operational", "Provider_Name": "Microsoft-Windows-Bits-Client", "Computer": "DESKTOP-OFJ6N53", "TimeCreated": "2025-08-23 07:26:02.615395+00:00", "RecordID": "85084", "Level": "3", "UserID": "S-1-5-18", "EventData.transferId": "{3c66b2c2-84e2-4aeb-b0ac-c0fe37262ba2}", "EventData.name": "Chrome Component Updater", "EventData.Id": "{1b6c7fb0-0192-4c19-bbe3-6bf325dfcc45}", "EventData.url": "http://edgedl.me.gvt1.com/edgedl/diffgen-puffin/ggkkehgbnfjpeggfpleeakpidbkibbmn/cf1ba16f8b36b3ecf7ca1e8d13bf044b6fe28b3f91821c5cd236a729b9fe6eaf", "EventData.peer": null, "EventData.hr": "2147954402", "EventData.fileTime": "0001-01-01 00:00:00", "EventData.fileLength": "18446744073709551615", "EventData.bytesTotal": "18446744073709551615", "EventData.bytesTransferred": "0", "EventData.proxy": null, "EventData.peerProtocolFlags": "0", "EventData.bytesTransferredFromPeer": "0", "EventData.AdditionalInfoHr": "0", "EventData.PeerContextInfo": "0", "EventData.bandwidthLimit": "18446744073709551615", "EventData.ignoreBandwidthLimitsOnLan": "False"}
{"EventID": "61", "Channel": "Microsoft-Windows-Bits-Client/Operational", "Provider_Name": "Microsoft-Windows-Bits-Client", "Computer": "DESKTOP-OFJ6N53", "TimeCreated": "2025-08-23 07:27:23.849731+00:00", "RecordID": "85085", "Level": "3", "UserID": "S-1-5-18", "EventData.transferId": "{663a76b0-e8ba-47c5-8694-1ea48d9ab69f}", "EventData.name": "Chrome Component Updater", "EventData.Id": "{1b6c7fb0-0192-4c19-bbe3-6bf325dfcc45}", "EventData.url": "http://edgedl.me.gvt1.com/edgedl/diffgen-puffin/ggkkehgbnfjpeggfpleeakpidbkibbmn/cf1ba16f8b36b3ecf7ca1e8d13bf044b6fe28b3f91821c5cd236a729b9fe6eaf", "EventData.peer": null, "EventData.hr": "2147954402", "EventData.fileTime": "0001-01-01 00:00:00", "EventData.fileLength": "18446744073709551615", "EventData.bytesTotal": "18446744073709551615", "EventData.bytesTransferred": "0", "EventData.proxy": null, "EventData.peerProtocolFlags": "0", "EventData.bytesTransferredFromPeer": "0", "EventData.AdditionalInfoHr": "0", "EventData.PeerContextInfo": "0", "EventData.bandwidthLimit": "18446744073709551615", "EventData.ignoreBandwidthLimitsOnLan": "False"}
{"EventID": "61", "Channel": "Microsoft-Windows-Bits-Client/Operational", "Provider_Name": "Microsoft-Windows-Bits-Client", "Computer": "DESKTOP-OFJ6N53", "TimeCreated": "2025-08-23 07:28:44.923506+00:00", "RecordID": "85086", "Level": "3", "UserID": "S-1-5-18", "EventData.transferId": "{9758b104-c456-4742-a47d-5bfb21c143f3}", "EventData.name": "Chrome Component Updater", "EventData.Id": "{1b6c7fb0-0192-4c19-bbe3-6bf325dfcc45}", "EventData.url": "http://edgedl.me.gvt1.com/edgedl/diffgen-puffin/ggkkehgbnfjpeggfpleeakpidbkibbmn/cf1ba16f8b36b3ecf7ca1e8d13bf044b6fe28b3f91821c5cd236a729b9fe6eaf", "EventData.peer": null, "EventData.hr": "2147954402", "EventData.fileTime": "0001-01-01 00:00:00", "EventData.fileLength": "18446744073709551615", "EventData.bytesTotal": "18446744073709551615", "EventData.bytesTransferred": "0", "EventData.proxy": null, "EventData.peerProtocolFlags": "0", "EventData.bytesTransferredFromPeer": "0", "EventData.AdditionalInfoHr": "0", "EventData.PeerContextInfo": "0", "EventData.bandwidthLimit": "18446744073709551615", "EventData.ignoreBandwidthLimitsOnLan": "False"}
{"EventID": "61", "Channel": "Microsoft-Windows-Bits-Client/Operational", "Provider_Name": "Microsoft-Windows-Bits-Client", "Computer": "DESKTOP-OFJ6N53", "TimeCreated": "2025-08-23 07:30:06.084490+00:00", "RecordID": "85087", "Level": "3", "UserID": "S-1-5-18", "EventData.transferId": "{1a7b0010-575d-4be5-8c7c-3e3438b4d61d}", "EventData.name": "Chrome Component Updater", "EventData.Id": "{1b6c7fb0-0192-4c19-bbe3-6bf325dfcc45}", "EventData.url": "http://edgedl.me.gvt1.com/edgedl/diffgen-puffin/ggkkehgbnfjpeggfpleeakpidbkibbmn/cf1ba16f8b36b3ecf7ca1e8d13bf044b6fe28b3f91821c5cd236a729b9fe6eaf", "EventData.peer": null, "EventData.hr": "2147954402", "EventData.fileTime": "0001-01-01 00:00:00", "EventData.fileLength": "18446744073709551615", "EventData.bytesTotal": "18446744073709551615", "EventData.bytesTransferred": "0", "EventData.proxy": null, "EventData.peerProtocolFlags": "0", "EventData.bytesTransferredFromPeer": "0", "EventData.AdditionalInfoHr": "0", "EventData.PeerContextInfo": "0", "EventData.bandwidthLimit": "18446744073709551615", "EventData.ignoreBandwidthLimitsOnLan": "False"}
{"EventID": "61", "Channel": "Microsoft-Windows-Bits-Client/Operational", "Provider_Name": "Microsoft-Windows-Bits-Client", "Computer": "DESKTOP-OFJ6N53", "TimeCreated": "2025-08-23 07:31:27.177776+00:00", "RecordID": "85088", "Level": "3", "UserID": "S-1-5-18", "EventData.transferId": "{b5f37d0d-f6ab-478b-bad8-50b437f4df90}", "EventData.name": "Chrome Component Updater", "EventData.Id": "{1b6c7fb0-0192-4c19-bbe3-6bf325dfcc45}", "EventData.url": "http://edgedl.me.gvt1.com/edgedl/diffgen-puffin/ggkkehgbnfjpeggfpleeakpidbkibbmn/cf1ba16f8b36b3ecf7ca1e8d13bf044b6fe28b3f91821c5cd236a729b9fe6eaf", "EventData.peer": null, "EventData.hr": "2147954402", "EventData.fileTime": "0001-01-01 00:00:00", "EventData.fileLength": "18446744073709551615", "EventData.bytesTotal": "18446744073709551615", "EventData.bytesTransferred": "0", "EventData.proxy": null, "EventData.peerProtocolFlags": "0", "EventData.bytesTransferredFromPeer": "0", "EventData.AdditionalInfoHr": "0", "EventData.PeerContextInfo": "0", "EventData.bandwidthLimit": "18446744073709551615", "EventData.ignoreBandwidthLimitsOnLan": "False"}
{"EventID": "61", "Channel": "Microsoft-Windows-Bits-Client/Operational", "Provider_Name": "Microsoft-Windows-Bits-Client", "Computer": "DESKTOP-OFJ6N53", "TimeCreated": "2025-08-23 07:32:48.334833+00:00", "RecordID": "85089", "Level": "3", "UserID": "S-1-5-18", "EventData.transferId": "{59d0ac83-2156-41f7-a559-679f7d329ea6}", "EventData.name": "Chrome Component Updater", "EventData.Id": "{1b6c7fb0-0192-4c19-bbe3-6bf325dfcc45}", "EventData.url": "http://edgedl.me.gvt1.com/edgedl/diffgen-puffin/ggkkehgbnfjpeggfpleeakpidbkibbmn/cf1ba16f8b36b3ecf7ca1e8d13bf044b6fe28b3f91821c5cd236a729b9fe6eaf", "EventData.peer": null, "EventData.hr": "2147954402", "EventData.fileTime": "0001-01-01 00:00:00", "EventData.fileLength": "18446744073709551615", "EventData.bytesTotal": "18446744073709551615", "EventData.bytesTransferred": "0", "EventData.proxy": null, "EventData.peerProtocolFlags": "0", "EventData.bytesTransferredFromPeer": "0", "EventData.AdditionalInfoHr": "0", "EventData.PeerContextInfo": "0", "EventData.bandwidthLimit": "18446744073709551615", "EventData.ignoreBandwidthLimitsOnLan": "False"}
{"EventID": "61", "Channel": "Microsoft-Windows-Bits-Client/Operational", "Provider_Name": "Microsoft-Windows-Bits-Client", "Computer": "DESKTOP-OFJ6N53", "TimeCreated": "2025-08-23 07:34:09.579109+00:00", "RecordID": "85090", "Level": "3", "UserID": "S-1-5-18", "EventData.transferId": "{81024ab5-4b69-427f-9ba9-ccc305012a82}", "EventData.name": "Chrome Component Updater", "EventData.Id": "{1b6c7fb0-0192-4c19-bbe3-6bf325dfcc45}", "EventData.url": "http://edgedl.me.gvt1.com/edgedl/diffgen-puffin/ggkkehgbnfjpeggfpleeakpidbkibbmn/cf1ba16f8b36b3ecf7ca1e8d13bf044b6fe28b3f91821c5cd236a729b9fe6eaf", "EventData.peer": null, "EventData.hr": "2147954402", "EventData.fileTime": "0001-01-01 00:00:00", "EventData.fileLength": "18446744073709551615", "EventData.bytesTotal": "18446744073709551615", "EventData.bytesTransferred": "0", "EventData.proxy": null, "EventData.peerProtocolFlags": "0", "EventData.bytesTransferredFromPeer": "0", "EventData.AdditionalInfoHr": "0", "EventData.PeerContextInfo": "0", "EventData.bandwidthLimit": "18446744073709551615", "EventData.ignoreBandwidthLimitsOnLan": "False"}
{"EventID": "61", "Channel": "Microsoft-Windows-Bits-Client/Operational", "Provider_Name": "Microsoft-Windows-Bits-Client", "Computer": "DESKTOP-OFJ6N53", "TimeCreated": "2025-08-23 07:35:30.752911+00:00", "RecordID": "85091", "Level": "3", "UserID": "S-1-5-18", "EventData.transferId": "{f57894f4-f84c-40d9-8182-f605cd9eb953}", "EventData.name": "Chrome Component Updater", "EventData.Id": "{1b6c7fb0-0192-4c19-bbe3-6bf325dfcc45}", "EventData.url": "http://edgedl.me.gvt1.com/edgedl/diffgen-puffin/ggkkehgbnfjpeggfpleeakpidbkibbmn/cf1ba16f8b36b3ecf7ca1e8d13bf044b6fe28b3f91821c5cd236a729b9fe6eaf", "EventData.peer": null, "EventData.hr": "2147954402", "EventData.fileTime": "0001-01-01 00:00:00", "EventData.fileLength": "18446744073709551615", "EventData.bytesTotal": "18446744073709551615", "EventData.bytesTransferred": "0", "EventData.proxy": null, "EventData.peerProtocolFlags": "0", "EventData.bytesTransferredFromPeer": "0", "EventData.AdditionalInfoHr": "0", "EventData.PeerContextInfo": "0", "EventData.bandwidthLimit": "18446744073709551615", "EventData.ignoreBandwidthLimitsOnLan": "False"}
{"EventID": "61", "Channel": "Microsoft-Windows-Bits-Client/Operational", "Provider_Name": "Microsoft-Windows-Bits-Client", "Computer": "DESKTOP-OFJ6N53", "TimeCreated": "2025-08-23 07:36:51.849825+00:00", "RecordID": "85092", "Level": "3", "UserID": "S-1-5-18", "EventData.transferId": "{2a6541cc-6093-4098-af75-6428c70807a6}", "EventData.name": "Chrome Component Updater", "EventData.Id": "{1b6c7fb0-0192-4c19-bbe3-6bf325dfcc45}", "EventData.url": "http://edgedl.me.gvt1.com/edgedl/diffgen-puffin/ggkkehgbnfjpeggfpleeakpidbkibbmn/cf1ba16f8b36b3ecf7ca1e8d13bf044b6fe28b3f91821c5cd236a729b9fe6eaf", "EventData.peer": null, "EventData.hr": "2147954402", "EventData.fileTime": "0001-01-01 00:00:00", "EventData.fileLength": "18446744073709551615", "EventData.bytesTotal": "18446744073709551615", "EventData.bytesTransferred": "0", "EventData.proxy": null, "EventData.peerProtocolFlags": "0", "EventData.bytesTransferredFromPeer": "0", "EventData.AdditionalInfoHr": "0", "EventData.PeerContextInfo": "0", "EventData.bandwidthLimit": "18446744073709551615", "EventData.ignoreBandwidthLimitsOnLan": "False"}
{"EventID": "61", "Channel": "Microsoft-Windows-Bits-Client/Operational", "Provider_Name": "Microsoft-Windows-Bits-Client", "Computer": "DESKTOP-OFJ6N53", "TimeCreated": "2025-08-23 07:38:12.990479+00:00", "RecordID": "85093", "Level": "3", "UserID": "S-1-5-18", "EventData.transferId": "{db283fd2-319e-407f-9b7c-5d6bc369f9bc}", "EventData.name": "Chrome Component Updater", "EventData.Id": "{1b6c7fb0-0192-4c19-bbe3-6bf325dfcc45}", "EventData.url": "http://edgedl.me.gvt1.com/edgedl/diffgen-puffin/ggkkehgbnfjpeggfpleeakpidbkibbmn/cf1ba16f8b36b3ecf7ca1e8d13bf044b6fe28b3f91821c5cd236a729b9fe6eaf", "EventData.peer": null, "EventData.hr": "2147954402", "EventData.fileTime": "0001-01-01 00:00:00", "EventData.fileLength": "18446744073709551615", "EventData.bytesTotal": "18446744073709551615", "EventData.bytesTransferred": "0", "EventData.proxy": null, "EventData.peerProtocolFlags": "0", "EventData.bytesTransferredFromPeer": "0", "EventData.AdditionalInfoHr": "0", "EventData.PeerContextInfo": "0", "EventData.bandwidthLimit": "18446744073709551615", "EventData.ignoreBandwidthLimitsOnLan": "False"}
{"EventID": "61", "Channel": "Microsoft-Windows-Bits-Client/Operational", "Provider_Name": "Microsoft-Windows-Bits-Client", "Computer": "DESKTOP-OFJ6N53", "TimeCreated": "2025-08-23 07:39:34.193514+00:00", "RecordID": "85094", "Level": "3", "UserID": "S-1-5-18", "EventData.transferId": "{e48620c1-15fc-4cba-b418-6a936152549d}", "EventData.name": "Chrome Component Updater", "EventData.Id": "{1b6c7fb0-0192-4c19-bbe3-6bf325dfcc45}", "EventData.url": "http://edgedl.me.gvt1.com/edgedl/diffgen-puffin/ggkkehgbnfjpeggfpleeakpidbkibbmn/cf1ba16f8b36b3ecf7ca1e8d13bf044b6fe28b3f91821c5cd236a729b9fe6eaf", "EventData.peer": null, "EventData.hr": "2147954402", "EventData.fileTime": "0001-01-01 00:00:00", "EventData.fileLength": "18446744073709551615", "EventData.bytesTotal": "18446744073709551615", "EventData.bytesTransferred": "0", "EventData.proxy": null, "EventData.peerProtocolFlags": "0", "EventData.bytesTransferredFromPeer": "0", "EventData.AdditionalInfoHr": "0", "EventData.PeerContextInfo": "0", "EventData.bandwidthLimit": "18446744073709551615", "EventData.ignoreBandwidthLimitsOnLan": "False"}
{"EventID": "61", "Channel": "Microsoft-Windows-Bits-Client/Operational", "Provider_Name": "Microsoft-Windows-Bits-Client", "Computer": "DESKTOP-OFJ6N53", "TimeCreated": "2025-08-23 07:40:55.412281+00:00", "RecordID": "85095", "Level": "3", "UserID": "S-1-5-18", "EventData.transferId": "{0a04a38c-fb26-4174-a4e3-0cfcebd81ac0}", "EventData.name": "Chrome Component Updater", "EventData.Id": "{1b6c7fb0-0192-4c19-bbe3-6bf325dfcc45}", "EventData.url": "http://edgedl.me.gvt1.com/edgedl/diffgen-puffin/ggkkehgbnfjpeggfpleeakpidbkibbmn/cf1ba16f8b36b3ecf7ca1e8d13bf044b6fe28b3f91821c5cd236a729b9fe6eaf", "EventData.peer": null, "EventData.hr": "2147954402", "EventData.fileTime": "0001-01-01 00:00:00", "EventData.fileLength": "18446744073709551615", "EventData.bytesTotal": "18446744073709551615", "EventData.bytesTransferred": "0", "EventData.proxy": null, "EventData.peerProtocolFlags": "0", "EventData.bytesTransferredFromPeer": "0", "EventData.AdditionalInfoHr": "0", "EventData.PeerContextInfo": "0", "EventData.bandwidthLimit": "18446744073709551615", "EventData.ignoreBandwidthLimitsOnLan": "False"}
{"EventID": "61", "Channel": "Microsoft-Windows-Bits-Client/Operational", "Provider_Name": "Microsoft-Windows-Bits-Client", "Computer": "DESKTOP-OFJ6N53", "TimeCreated": "2025-08-23 07:42:16.696764+00:00", "RecordID": "85096", "Level": "3", "UserID": "S-1-5-18", "EventData.transferId": "{edf6f1b2-ee76-4848-a5bc-9b679a94a4a2}", "EventData.name": "Chrome Component Updater", "EventData.Id": "{1b6c7fb0-0192-4c19-bbe3-6bf325dfcc45}", "EventData.url": "http://edgedl.me.gvt1.com/edgedl/diffgen-puffin/ggkkehgbnfjpeggfpleeakpidbkibbmn/cf1ba16f8b36b3ecf7ca1e8d13bf044b6fe28b3f91821c5cd236a729b9fe6eaf", "EventData.peer": null, "EventData.hr": "2147954402", "EventData.fileTime": "0001-01-01 00:00:00", "EventData.fileLength": "18446744073709551615", "EventData.bytesTotal": "18446744073709551615", "EventData.bytesTransferred": "0", "EventData.proxy": null, "EventData.peerProtocolFlags": "0", "EventData.bytesTransferredFromPeer": "0", "EventData.AdditionalInfoHr": "0", "EventData.PeerContextInfo": "0", "EventData.bandwidthLimit": "18446744073709551615", "EventData.ignoreBandwidthLimitsOnLan": "False"}
{"EventID": "61", "Channel": "Microsoft-Windows-Bits-Client/Operational", "Provider_Name": "Microsoft-Windows-Bits-Client", "Computer": "DESKTOP-OFJ6N53", "TimeCreated": "2025-08-23 07:43:37.740358+00:00", "RecordID": "85097", "Level": "3", "UserID": "S-1-5-18", "EventData.transferId": "{8bf40487-ad33-4496-851a-e80b2b59b695}", "EventData.name": "Chrome Component Updater", "EventData.Id": "{1b6c7fb0-0192-4c19-bbe3-6bf325dfcc45}", "EventData.url": "http://edgedl.me.gvt1.com/edgedl/diffgen-puffin/ggkkehgbnfjpeggfpleeakpidbkibbmn/cf1ba16f8b36b3ecf7ca1e8d13bf044b6fe28b3f91821c5cd236a729b9fe6eaf", "EventData.peer": null, "EventData.hr": "2147954402", "EventData.fileTime": "0001-01-01 00:00:00", "EventData.fileLength": "18446744073709551615", "EventData.bytesTotal": "18446744073709551615", "EventData.bytesTransferred": "0", "EventData.proxy": null, "EventData.peerProtocolFlags": "0", "EventData.bytesTransferredFromPeer": "0", "EventData.AdditionalInfoHr": "0", "EventData.PeerContextInfo": "0", "EventData.bandwidthLimit": "18446744073709551615", "EventData.ignoreBandwidthLimitsOnLan": "False"}
{"EventID": "61", "Channel": "Microsoft-Windows-Bits-Client/Operational", "Provider_Name": "Microsoft-Windows-Bits-Client", "Computer": "DESKTOP-OFJ6N53", "TimeCreated": "2025-08-23 07:44:58.959347+00:00", "RecordID": "85098", "Level": "3", "UserID": "S-1-5-18", "EventData.transferId": "{f87ecbfb-d0e7-41c1-bba1-4a3e381d0f89}", "EventData.name": "Chrome Component Updater", "EventData.Id": "{1b6c7fb0-0192-4c19-bbe3-6bf325dfcc45}", "EventData.url": "http://edgedl.me.gvt1.com/edgedl/diffgen-puffin/ggkkehgbnfjpeggfpleeakpidbkibbmn/cf1ba16f8b36b3ecf7ca1e8d13bf044b6fe28b3f91821c5cd236a729b9fe6eaf", "EventData.peer": null, "EventData.hr": "2147954402", "EventData.fileTime": "0001-01-01 00:00:00", "EventData.fileLength": "18446744073709551615", "EventData.bytesTotal": "18446744073709551615", "EventData.bytesTransferred": "0", "EventData.proxy": null, "EventData.peerProtocolFlags": "0", "EventData.bytesTransferredFromPeer": "0", "EventData.AdditionalInfoHr": "0", "EventData.PeerContextInfo": "0", "EventData.bandwidthLimit": "18446744073709551615", "EventData.ignoreBandwidthLimitsOnLan": "False"}
{"EventID": "61", "Channel": "Microsoft-Windows-Bits-Client/Operational", "Provider_Name": "Microsoft-Windows-Bits-Client", "Computer": "DESKTOP-OFJ6N53", "TimeCreated": "2025-08-23 07:46:20.037306+00:00", "RecordID": "85099", "Level": "3", "UserID": "S-1-5-18", "EventData.transferId": "{57646905-45e9-4c9a-9292-e17eb2e099aa}", "EventData.name": "Chrome Component Updater", "EventData.Id": "{1b6c7fb0-0192-4c19-bbe3-6bf325dfcc45}", "EventData.url": "http://edgedl.me.gvt1.com/edgedl/diffgen-puffin/ggkkehgbnfjpeggfpleeakpidbkibbmn/cf1ba16f8b36b3ecf7ca1e8d13bf044b6fe28b3f91821c5cd236a729b9fe6eaf", "EventData.peer": null, "EventData.hr": "2147954402", "EventData.fileTime": "0001-01-01 00:00:00", "EventData.fileLength": "18446744073709551615", "EventData.bytesTotal": "18446744073709551615", "EventData.bytesTransferred": "0", "EventData.proxy": null, "EventData.peerProtocolFlags": "0", "EventData.bytesTransferredFromPeer": "0", "EventData.AdditionalInfoHr": "0", "EventData.PeerContextInfo": "0", "EventData.bandwidthLimit": "18446744073709551615", "EventData.ignoreBandwidthLimitsOnLan": "False"}
{"EventID": "61", "Channel": "Microsoft-Windows-Bits-Client/Operational", "Provider_Name": "Microsoft-Windows-Bits-Client", "Computer": "DESKTOP-OFJ6N53", "TimeCreated": "2025-08-23 07:47:41.177954+00:00", "RecordID": "85100", "Level": "3", "UserID": "S-1-5-18", "EventData.transferId": "{1bb5016d-5bc1-4dd5-b62e-b040d3e36e4f}", "EventData.name": "Chrome Component Updater", "EventData.Id": "{1b6c7fb0-0192-4c19-bbe3-6bf325dfcc45}", "EventData.url": "http://edgedl.me.gvt1.com/edgedl/diffgen-puffin/ggkkehgbnfjpeggfpleeakpidbkibbmn/cf1ba16f8b36b3ecf7ca1e8d13bf044b6fe28b3f91821c5cd236a729b9fe6eaf", "EventData.peer": null, "EventData.hr": "2147954402", "EventData.fileTime": "0001-01-01 00:00:00", "EventData.fileLength": "18446744073709551615", "EventData.bytesTotal": "18446744073709551615", "EventData.bytesTransferred": "0", "EventData.proxy": null, "EventData.peerProtocolFlags": "0", "EventData.bytesTransferredFromPeer": "0", "EventData.AdditionalInfoHr": "0", "EventData.PeerContextInfo": "0", "EventData.bandwidthLimit": "18446744073709551615", "EventData.ignoreBandwidthLimitsOnLan": "False"}
{"EventID": "61", "Channel": "Microsoft-Windows-Bits-Client/Operational", "Provider_Name": "Microsoft-Windows-Bits-Client", "Computer": "DESKTOP-OFJ6N53", "TimeCreated": "2025-08-23 07:49:02.256393+00:00", "RecordID": "85101", "Level": "3", "UserID": "S-1-5-18", "EventData.transferId": "{8b32f043-6efe-4a81-b380-25cfb2996c1f}", "EventData.name": "Chrome Component Updater", "EventData.Id": "{1b6c7fb0-0192-4c19-bbe3-6bf325dfcc45}", "EventData.url": "http://edgedl.me.gvt1.com/edgedl/diffgen-puffin/ggkkehgbnfjpeggfpleeakpidbkibbmn/cf1ba16f8b36b3ecf7ca1e8d13bf044b6fe28b3f91821c5cd236a729b9fe6eaf", "EventData.peer": null, "EventData.hr": "2147954402", "EventData.fileTime": "0001-01-01 00:00:00", "EventData.fileLength": "18446744073709551615", "EventData.bytesTotal": "18446744073709551615", "EventData.bytesTransferred": "0", "EventData.proxy": null, "EventData.peerProtocolFlags": "0", "EventData.bytesTransferredFromPeer": "0", "EventData.AdditionalInfoHr": "0", "EventData.PeerContextInfo": "0", "EventData.bandwidthLimit": "18446744073709551615", "EventData.ignoreBandwidthLimitsOnLan": "False"}
{"EventID": "61", "Channel": "Microsoft-Windows-Bits-Client/Operational", "Provider_Name": "Microsoft-Windows-Bits-Client", "Computer": "DESKTOP-OFJ6N53", "TimeCreated": "2025-08-23 07:50:23.465212+00:00", "RecordID": "85102", "Level": "3", "UserID": "S-1-5-18", "EventData.transferId": "{0d5a03d6-d60a-4b2c-8818-ea54a6859f8e}", "EventData.name": "Chrome Component Updater", "EventData.Id": "{1b6c7fb0-0192-4c19-bbe3-6bf325dfcc45}", "EventData.url": "http://edgedl.me.gvt1.com/edgedl/diffgen-puffin/ggkkehgbnfjpeggfpleeakpidbkibbmn/cf1ba16f8b36b3ecf7ca1e8d13bf044b6fe28b3f91821c5cd236a729b9fe6eaf", "EventData.peer": null, "EventData.hr": "2147954402", "EventData.fileTime": "0001-01-01 00:00:00", "EventData.fileLength": "18446744073709551615", "EventData.bytesTotal": "18446744073709551615", "EventData.bytesTransferred": "0", "EventData.proxy": null, "EventData.peerProtocolFlags": "0", "EventData.bytesTransferredFromPeer": "0", "EventData.AdditionalInfoHr": "0", "EventData.PeerContextInfo": "0", "EventData.bandwidthLimit": "18446744073709551615", "EventData.ignoreBandwidthLimitsOnLan": "False"}
{"EventID": "61", "Channel": "Microsoft-Windows-Bits-Client/Operational", "Provider_Name": "Microsoft-Windows-Bits-Client", "Computer": "DESKTOP-OFJ6N53", "TimeCreated": "2025-08-23 07:51:44.693483+00:00", "RecordID": "85103", "Level": "3", "UserID": "S-1-5-18", "EventData.transferId": "{e3cfe6a3-e3b7-4c1a-9afd-cb60898e8840}", "EventData.name": "Chrome Component Updater", "EventData.Id": "{1b6c7fb0-0192-4c19-bbe3-6bf325dfcc45}", "EventData.url": "http://edgedl.me.gvt1.com/edgedl/diffgen-puffin/ggkkehgbnfjpeggfpleeakpidbkibbmn/cf1ba16f8b36b3ecf7ca1e8d13bf044b6fe28b3f91821c5cd236a729b9fe6eaf", "EventData.peer": null, "EventData.hr": "2147954402", "EventData.fileTime": "0001-01-01 00:00:00", "EventData.fileLength": "18446744073709551615", "EventData.bytesTotal": "18446744073709551615", "EventData.bytesTransferred": "0", "EventData.proxy": null, "EventData.peerProtocolFlags": "0", "EventData.bytesTransferredFromPeer": "0", "EventData.AdditionalInfoHr": "0", "EventData.PeerContextInfo": "0", "EventData.bandwidthLimit": "18446744073709551615", "EventData.ignoreBandwidthLimitsOnLan": "False"}
{"EventID": "61", "Channel": "Microsoft-Windows-Bits-Client/Operational", "Provider_Name": "Microsoft-Windows-Bits-Client", "Computer": "DESKTOP-OFJ6N53", "TimeCreated": "2025-08-23 07:53:05.990578+00:00", "RecordID": "85104", "Level": "3", "UserID": "S-1-5-18", "EventData.transferId": "{3228b057-d704-473b-b5bc-0ff8d843a452}", "EventData.name": "Chrome Component Updater", "EventData.Id": "{1b6c7fb0-0192-4c19-bbe3-6bf325dfcc45}", "EventData.url": "http://edgedl.me.gvt1.com/edgedl/diffgen-puffin/ggkkehgbnfjpeggfpleeakpidbkibbmn/cf1ba16f8b36b3ecf7ca1e8d13bf044b6fe28b3f91821c5cd236a729b9fe6eaf", "EventData.peer": null, "EventData.hr": "2147954402", "EventData.fileTime": "0001-01-01 00:00:00", "EventData.fileLength": "18446744073709551615", "EventData.bytesTotal": "18446744073709551615", "EventData.bytesTransferred": "0", "EventData.proxy": null, "EventData.peerProtocolFlags": "0", "EventData.bytesTransferredFromPeer": "0", "EventData.AdditionalInfoHr": "0", "EventData.PeerContextInfo": "0", "EventData.bandwidthLimit": "18446744073709551615", "EventData.ignoreBandwidthLimitsOnLan": "False"}
{"EventID": "61", "Channel": "Microsoft-Windows-Bits-Client/Operational", "Provider_Name": "Microsoft-Windows-Bits-Client", "Computer": "DESKTOP-OFJ6N53", "TimeCreated": "2025-08-23 07:54:27.084332+00:00", "RecordID": "85105", "Level": "3", "UserID": "S-1-5-18", "EventData.transferId": "{ee0db60d-abc3-486b-8398-9500eee3d169}", "EventData.name": "Chrome Component Updater", "EventData.Id": "{1b6c7fb0-0192-4c19-bbe3-6bf325dfcc45}", "EventData.url": "http://edgedl.me.gvt1.com/edgedl/diffgen-puffin/ggkkehgbnfjpeggfpleeakpidbkibbmn/cf1ba16f8b36b3ecf7ca1e8d13bf044b6fe28b3f91821c5cd236a729b9fe6eaf", "EventData.peer": null, "EventData.hr": "2147954402", "EventData.fileTime": "0001-01-01 00:00:00", "EventData.fileLength": "18446744073709551615", "EventData.bytesTotal": "18446744073709551615", "EventData.bytesTransferred": "0", "EventData.proxy": null, "EventData.peerProtocolFlags": "0", "EventData.bytesTransferredFromPeer": "0", "EventData.AdditionalInfoHr": "0", "EventData.PeerContextInfo": "0", "EventData.bandwidthLimit": "18446744073709551615", "EventData.ignoreBandwidthLimitsOnLan": "False"}
{"EventID": "61", "Channel": "Microsoft-Windows-Bits-Client/Operational", "Provider_Name": "Microsoft-Windows-Bits-Client", "Computer": "DESKTOP-OFJ6N53", "TimeCreated": "2025-08-23 07:55:48.832268+00:00", "RecordID": "85106", "Level": "3", "UserID": "S-1-5-18", "EventData.transferId": "{2afc0336-2291-4adb-9941-fad0fc1af47b}", "EventData.name": "Chrome Component Updater", "EventData.Id": "{1b6c7fb0-0192-4c19-bbe3-6bf325dfcc45}", "EventData.url": "http://edgedl.me.gvt1.com/edgedl/diffgen-puffin/ggkkehgbnfjpeggfpleeakpidbkibbmn/cf1ba16f8b36b3ecf7ca1e8d13bf044b6fe28b3f91821c5cd236a729b9fe6eaf", "EventData.peer": null, "EventData.hr": "2147954402", "EventData.fileTime": "0001-01-01 00:00:00", "EventData.fileLength": "18446744073709551615", "EventData.bytesTotal": "18446744073709551615", "EventData.bytesTransferred": "0", "EventData.proxy": null, "EventData.peerProtocolFlags": "0", "EventData.bytesTransferredFromPeer": "0", "EventData.AdditionalInfoHr": "0", "EventData.PeerContextInfo": "0", "EventData.bandwidthLimit": "18446744073709551615", "EventData.ignoreBandwidthLimitsOnLan": "False"}
{"EventID": "61", "Channel": "Microsoft-Windows-Bits-Client/Operational", "Provider_Name": "Microsoft-Windows-Bits-Client", "Computer": "DESKTOP-OFJ6N53", "TimeCreated": "2025-08-23 07:57:09.968969+00:00", "RecordID": "85107", "Level": "3", "UserID": "S-1-5-18", "EventData.transferId": "{9cdde5a4-5aac-4c80-bd20-d49beaabd39b}", "EventData.name": "Chrome Component Updater", "EventData.Id": "{1b6c7fb0-0192-4c19-bbe3-6bf325dfcc45}", "EventData.url": "http://edgedl.me.gvt1.com/edgedl/diffgen-puffin/ggkkehgbnfjpeggfpleeakpidbkibbmn/cf1ba16f8b36b3ecf7ca1e8d13bf044b6fe28b3f91821c5cd236a729b9fe6eaf", "EventData.peer": null, "EventData.hr": "2147954402", "EventData.fileTime": "0001-01-01 00:00:00", "EventData.fileLength": "18446744073709551615", "EventData.bytesTotal": "18446744073709551615", "EventData.bytesTransferred": "0", "EventData.proxy": null, "EventData.peerProtocolFlags": "0", "EventData.bytesTransferredFromPeer": "0", "EventData.AdditionalInfoHr": "0", "EventData.PeerContextInfo": "0", "EventData.bandwidthLimit": "18446744073709551615", "EventData.ignoreBandwidthLimitsOnLan": "False"}
{"EventID": "61", "Channel": "Microsoft-Windows-Bits-Client/Operational", "Provider_Name": "Microsoft-Windows-Bits-Client", "Computer": "DESKTOP-OFJ6N53", "TimeCreated": "2025-08-23 07:58:31.201717+00:00", "RecordID": "85108", "Level": "3", "UserID": "S-1-5-18", "EventData.transferId": "{5f6f4736-4316-4458-ab72-33062bfe2f2b}", "EventData.name": "Chrome Component Updater", "EventData.Id": "{1b6c7fb0-0192-4c19-bbe3-6bf325dfcc45}", "EventData.url": "http://edgedl.me.gvt1.com/edgedl/diffgen-puffin/ggkkehgbnfjpeggfpleeakpidbkibbmn/cf1ba16f8b36b3ecf7ca1e8d13bf044b6fe28b3f91821c5cd236a729b9fe6eaf", "EventData.peer": null, "EventData.hr": "2147954402", "EventData.fileTime": "0001-01-01 00:00:00", "EventData.fileLength": "18446744073709551615", "EventData.bytesTotal": "18446744073709551615", "EventData.bytesTransferred": "0", "EventData.proxy": null, "EventData.peerProtocolFlags": "0", "EventData.bytesTransferredFromPeer": "0", "EventData.AdditionalInfoHr": "0", "EventData.PeerContextInfo": "0", "EventData.bandwidthLimit": "18446744073709551615", "EventData.ignoreBandwidthLimitsOnLan": "False"}
{"EventID": "61", "Channel": "Microsoft-Windows-Bits-Client/Operational", "Provider_Name": "Microsoft-Windows-Bits-Client", "Computer": "DESKTOP-OFJ6N53", "TimeCreated": "2025-08-23 07:59:52.256271+00:00", "RecordID": "85109", "Level": "3", "UserID": "S-1-5-18", "EventData.transferId": "{6615169a-ab8f-457d-b106-e27c24d5844b}", "EventData.name": "Chrome Component Updater", "EventData.Id": "{1b6c7fb0-0192-4c19-bbe3-6bf325dfcc45}", "EventData.url": "http://edgedl.me.gvt1.com/edgedl/diffgen-puffin/ggkkehgbnfjpeggfpleeakpidbkibbmn/cf1ba16f8b36b3ecf7ca1e8d13bf044b6fe28b3f91821c5cd236a729b9fe6eaf", "EventData.peer": null, "EventData.hr": "2147954402", "EventData.fileTime": "0001-01-01 00:00:00", "EventData.fileLength": "18446744073709551615", "EventData.bytesTotal": "18446744073709551615", "EventData.bytesTransferred": "0", "EventData.proxy": null, "EventData.peerProtocolFlags": "0", "EventData.bytesTransferredFromPeer": "0", "EventData.AdditionalInfoHr": "0", "EventData.PeerContextInfo": "0", "EventData.bandwidthLimit": "18446744073709551615", "EventData.ignoreBandwidthLimitsOnLan": "False"}
{"EventID": "61", "Channel": "Microsoft-Windows-Bits-Client/Operational", "Provider_Name": "Microsoft-Windows-Bits-Client", "Computer": "DESKTOP-OFJ6N53", "TimeCreated": "2025-08-23 08:01:13.515421+00:00", "RecordID": "85110", "Level": "3", "UserID": "S-1-5-18", "EventData.transferId": "{f04eb967-0a00-4b4d-bbfd-0101043f4673}", "EventData.name": "Chrome Component Updater", "EventData.Id": "{1b6c7fb0-0192-4c19-bbe3-6bf325dfcc45}", "EventData.url": "http://edgedl.me.gvt1.com/edgedl/diffgen-puffin/ggkkehgbnfjpeggfpleeakpidbkibbmn/cf1ba16f8b36b3ecf7ca1e8d13bf044b6fe28b3f91821c5cd236a729b9fe6eaf", "EventData.peer": null, "EventData.hr": "2147954402", "EventData.fileTime": "0001-01-01 00:00:00", "EventData.fileLength": "18446744073709551615", "EventData.bytesTotal": "18446744073709551615", "EventData.bytesTransferred": "0", "EventData.proxy": null, "EventData.peerProtocolFlags": "0", "EventData.bytesTransferredFromPeer": "0", "EventData.AdditionalInfoHr": "0", "EventData.PeerContextInfo": "0", "EventData.bandwidthLimit": "18446744073709551615", "EventData.ignoreBandwidthLimitsOnLan": "False"}
{"EventID": "61", "Channel": "Microsoft-Windows-Bits-Client/Operational", "Provider_Name": "Microsoft-Windows-Bits-Client", "Computer": "DESKTOP-OFJ6N53", "TimeCreated": "2025-08-23 08:02:34.551506+00:00", "RecordID": "85111", "Level": "3", "UserID": "S-1-5-18", "EventData.transferId": "{211cf1ae-f392-4d1e-a95f-c1e5ae758ef4}", "EventData.name": "Chrome Component Updater", "EventData.Id": "{1b6c7fb0-0192-4c19-bbe3-6bf325dfcc45}", "EventData.url": "http://edgedl.me.gvt1.com/edgedl/diffgen-puffin/ggkkehgbnfjpeggfpleeakpidbkibbmn/cf1ba16f8b36b3ecf7ca1e8d13bf044b6fe28b3f91821c5cd236a729b9fe6eaf", "EventData.peer": null, "EventData.hr": "2147954402", "EventData.fileTime": "0001-01-01 00:00:00", "EventData.fileLength": "18446744073709551615", "EventData.bytesTotal": "18446744073709551615", "EventData.bytesTransferred": "0", "EventData.proxy": null, "EventData.peerProtocolFlags": "0", "EventData.bytesTransferredFromPeer": "0", "EventData.AdditionalInfoHr": "0", "EventData.PeerContextInfo": "0", "EventData.bandwidthLimit": "18446744073709551615", "EventData.ignoreBandwidthLimitsOnLan": "False"}
{"EventID": "61", "Channel": "Microsoft-Windows-Bits-Client/Operational", "Provider_Name": "Microsoft-Windows-Bits-Client", "Computer": "DESKTOP-OFJ6N53", "TimeCreated": "2025-08-23 08:03:55.756161+00:00", "RecordID": "85112", "Level": "3", "UserID": "S-1-5-18", "EventData.transferId": "{fa09bfc8-6fb1-4798-afde-388575be1faa}", "EventData.name": "Chrome Component Updater", "EventData.Id": "{1b6c7fb0-0192-4c19-bbe3-6bf325dfcc45}", "EventData.url": "http://edgedl.me.gvt1.com/edgedl/diffgen-puffin/ggkkehgbnfjpeggfpleeakpidbkibbmn/cf1ba16f8b36b3ecf7ca1e8d13bf044b6fe28b3f91821c5cd236a729b9fe6eaf", "EventData.peer": null, "EventData.hr": "2147954402", "EventData.fileTime": "0001-01-01 00:00:00", "EventData.fileLength": "18446744073709551615", "EventData.bytesTotal": "18446744073709551615", "EventData.bytesTransferred": "0", "EventData.proxy": null, "EventData.peerProtocolFlags": "0", "EventData.bytesTransferredFromPeer": "0", "EventData.AdditionalInfoHr": "0", "EventData.PeerContextInfo": "0", "EventData.bandwidthLimit": "18446744073709551615", "EventData.ignoreBandwidthLimitsOnLan": "False"}
{"EventID": "61", "Channel": "Microsoft-Windows-Bits-Client/Operational", "Provider_Name": "Microsoft-Windows-Bits-Client", "Computer": "DESKTOP-OFJ6N53", "TimeCreated": "2025-08-23 08:05:16.863668+00:00", "RecordID": "85113", "Level": "3", "UserID": "S-1-5-18", "EventData.transferId": "{3f07da28-c2b0-427d-934f-7d848bcea821}", "EventData.name": "Chrome Component Updater", "EventData.Id": "{1b6c7fb0-0192-4c19-bbe3-6bf325dfcc45}", "EventData.url": "http://edgedl.me.gvt1.com/edgedl/diffgen-puffin/ggkkehgbnfjpeggfpleeakpidbkibbmn/cf1ba16f8b36b3ecf7ca1e8d13bf044b6fe28b3f91821c5cd236a729b9fe6eaf", "EventData.peer": null, "EventData.hr": "2147954402", "EventData.fileTime": "0001-01-01 00:00:00", "EventData.fileLength": "18446744073709551615", "EventData.bytesTotal": "18446744073709551615", "EventData.bytesTransferred": "0", "EventData.proxy": null, "EventData.peerProtocolFlags": "0", "EventData.bytesTransferredFromPeer": "0", "EventData.AdditionalInfoHr": "0", "EventData.PeerContextInfo": "0", "EventData.bandwidthLimit": "18446744073709551615", "EventData.ignoreBandwidthLimitsOnLan": "False"}
{"EventID": "61", "Channel": "Microsoft-Windows-Bits-Client/Operational", "Provider_Name": "Microsoft-Windows-Bits-Client", "Computer": "DESKTOP-OFJ6N53", "TimeCreated": "2025-08-23 08:06:38.068459+00:00", "RecordID": "85114", "Level": "3", "UserID": "S-1-5-18", "EventData.transferId": "{d4f8f77d-f696-496d-acfa-3b302a9fe625}", "EventData.name": "Chrome Component Updater", "EventData.Id": "{1b6c7fb0-0192-4c19-bbe3-6bf325dfcc45}", "EventData.url": "http://edgedl.me.gvt1.com/edgedl/diffgen-puffin/ggkkehgbnfjpeggfpleeakpidbkibbmn/cf1ba16f8b36b3ecf7ca1e8d13bf044b6fe28b3f91821c5cd236a729b9fe6eaf", "EventData.peer": null, "EventData.hr": "2147954402", "EventData.fileTime": "0001-01-01 00:00:00", "EventData.fileLength": "18446744073709551615", "EventData.bytesTotal": "18446744073709551615", "EventData.bytesTransferred": "0", "EventData.proxy": null, "EventData.peerProtocolFlags": "0", "EventData.bytesTransferredFromPeer": "0", "EventData.AdditionalInfoHr": "0", "EventData.PeerContextInfo": "0", "EventData.bandwidthLimit": "18446744073709551615", "EventData.ignoreBandwidthLimitsOnLan": "False"}
{"EventID": "61", "Channel": "Microsoft-Windows-Bits-Client/Operational", "Provider_Name": "Microsoft-Windows-Bits-Client", "Computer": "DESKTOP-OFJ6N53", "TimeCreated": "2025-08-23 08:07:59.193684+00:00", "RecordID": "85115", "Level": "3", "UserID": "S-1-5-18", "EventData.transferId": "{9d6e00be-1318-462f-b672-7e409f7cfb6a}", "EventData.name": "Chrome Component Updater", "EventData.Id": "{1b6c7fb0-0192-4c19-bbe3-6bf325dfcc45}", "EventData.url": "http://edgedl.me.gvt1.com/edgedl/diffgen-puffin/ggkkehgbnfjpeggfpleeakpidbkibbmn/cf1ba16f8b36b3ecf7ca1e8d13bf044b6fe28b3f91821c5cd236a729b9fe6eaf", "EventData.peer": null, "EventData.hr": "2147954402", "EventData.fileTime": "0001-01-01 00:00:00", "EventData.fileLength": "18446744073709551615", "EventData.bytesTotal": "18446744073709551615", "EventData.bytesTransferred": "0", "EventData.proxy": null, "EventData.peerProtocolFlags": "0", "EventData.bytesTransferredFromPeer": "0", "EventData.AdditionalInfoHr": "0", "EventData.PeerContextInfo": "0", "EventData.bandwidthLimit": "18446744073709551615", "EventData.ignoreBandwidthLimitsOnLan": "False"}
{"EventID": "61", "Channel": "Microsoft-Windows-Bits-Client/Operational", "Provider_Name": "Microsoft-Windows-Bits-Client", "Computer": "DESKTOP-OFJ6N53", "TimeCreated": "2025-08-23 08:09:20.474825+00:00", "RecordID": "85116", "Level": "3", "UserID": "S-1-5-18", "EventData.transferId": "{44a14152-c26f-4d57-be87-e068ffb22bbb}", "EventData.name": "Chrome Component Updater", "EventData.Id": "{1b6c7fb0-0192-4c19-bbe3-6bf325dfcc45}", "EventData.url": "http://edgedl.me.gvt1.com/edgedl/diffgen-puffin/ggkkehgbnfjpeggfpleeakpidbkibbmn/cf1ba16f8b36b3ecf7ca1e8d13bf044b6fe28b3f91821c5cd236a729b9fe6eaf", "EventData.peer": null, "EventData.hr": "2147954402", "EventData.fileTime": "0001-01-01 00:00:00", "EventData.fileLength": "18446744073709551615", "EventData.bytesTotal": "18446744073709551615", "EventData.bytesTransferred": "0", "EventData.proxy": null, "EventData.peerProtocolFlags": "0", "EventData.bytesTransferredFromPeer": "0", "EventData.AdditionalInfoHr": "0", "EventData.PeerContextInfo": "0", "EventData.bandwidthLimit": "18446744073709551615", "EventData.ignoreBandwidthLimitsOnLan": "False"}
{"EventID": "61", "Channel": "Microsoft-Windows-Bits-Client/Operational", "Provider_Name": "Microsoft-Windows-Bits-Client", "Computer": "DESKTOP-OFJ6N53", "TimeCreated": "2025-08-23 08:10:41.537445+00:00", "RecordID": "85117", "Level": "3", "UserID": "S-1-5-18", "EventData.transferId": "{9e6e2ad0-a2eb-4b0e-9268-7593a23a8ea4}", "EventData.name": "Chrome Component Updater", "EventData.Id": "{1b6c7fb0-0192-4c19-bbe3-6bf325dfcc45}", "EventData.url": "http://edgedl.me.gvt1.com/edgedl/diffgen-puffin/ggkkehgbnfjpeggfpleeakpidbkibbmn/cf1ba16f8b36b3ecf7ca1e8d13bf044b6fe28b3f91821c5cd236a729b9fe6eaf", "EventData.peer": null, "EventData.hr": "2147954402", "EventData.fileTime": "0001-01-01 00:00:00", "EventData.fileLength": "18446744073709551615", "EventData.bytesTotal": "18446744073709551615", "EventData.bytesTransferred": "0", "EventData.proxy": null, "EventData.peerProtocolFlags": "0", "EventData.bytesTransferredFromPeer": "0", "EventData.AdditionalInfoHr": "0", "EventData.PeerContextInfo": "0", "EventData.bandwidthLimit": "18446744073709551615", "EventData.ignoreBandwidthLimitsOnLan": "False"}
