{"EventID": "9", "Channel": "Microsoft-Windows-Crypto-NCrypt/Operational", "Provider_Name": "Microsoft-Windows-Crypto-NCrypt", "Computer": "DESKTOP-OFJ6N53", "TimeCreated": "2024-07-16 10:33:57.684208+00:00", "RecordID": "3335", "Level": "5", "UserID": "S-1-5-18", "EventData.ProviderName": "Microsoft Software Key Storage Provider", "EventData.KeyModificationType": "0x00000001", "EventData.Flags": "0x00000000", "EventData.KeyName": "822BF3FA1D1E9A01B277A1D987D49545FDE3C4B6", "EventData.KeyFileName": "c8d74d183517364a390dfbf23b300896_27707a90-922c-4012-a495-08c5f439c147", "EventData.ProcessName": "C:\\Program Files (x86)\\Cisco\\Cisco AnyConnect Secure Mobility Client\\vpnagent.exe", "EventData.ProcessId": "0x000008b4", "EventData.ThreadId": "0x00000c80", "EventData.UserId": "S-1-5-18", "EventData.ServiceTag": "vpnagent", "EventData.Status": "0x00000000"}
{"EventID": "11", "Channel": "Microsoft-Windows-Crypto-NCrypt/Operational", "Provider_Name": "Microsoft-Windows-Crypto-NCrypt", "Computer": "DESKTOP-OFJ6N53", "TimeCreated": "2024-07-16 10:37:12.456968+00:00", "RecordID": "3336", "Level": "5", "UserID": "S-1-5-18", "EventData.ProviderName": "Microsoft Software Key Storage Provider", "EventData.Flags": "0x00000040", "EventData.DeletionType": "0x00000000", "EventData.KeyName": "822BF3FA1D1E9A01B277A1D987D49545FDE3C4B6", "EventData.KeyFileName": "c8d74d183517364a390dfbf23b300896_27707a90-922c-4012-a495-08c5f439c147", "EventData.ProcessName": "C:\\Program Files (x86)\\Cisco\\Cisco AnyConnect Secure Mobility Client\\vpnagent.exe", "EventData.ProcessId": "0x000008b4", "EventData.ThreadId": "0x00000280", "EventData.UserId": "S-1-5-18", "EventData.ServiceTag": "vpnagent", "EventData.Status": "0x00000000"}
{"EventID": "9", "Channel": "Microsoft-Windows-Crypto-NCrypt/Operational", "Provider_Name": "Microsoft-Windows-Crypto-NCrypt", "Computer": "DESKTOP-OFJ6N53", "TimeCreated": "2024-07-16 10:37:30.486317+00:00", "RecordID": "3337", "Level": "5", "UserID": "S-1-5-18", "EventData.ProviderName": "Microsoft Software Key Storage Provider", "EventData.KeyModificationType": "0x00000001", "EventData.Flags": "0x00000000", "EventData.KeyName": "822BF3FA1D1E9A01B277A1D987D49545FDE3C4B6", "EventData.KeyFileName": "c8d74d183517364a390dfbf23b300896_27707a90-922c-4012-a495-08c5f439c147", "EventData.ProcessName": "C:\\Program Files (x86)\\Cisco\\Cisco AnyConnect Secure Mobility Client\\vpnagent.exe", "EventData.ProcessId": "0x000008b4", "EventData.ThreadId": "0x00000280", "EventData.UserId": "S-1-5-18", "EventData.ServiceTag": "vpnagent", "EventData.Status": "0x00000000"}
{"EventID": "11", "Channel": "Microsoft-Windows-Crypto-NCrypt/Operational", "Provider_Name": "Microsoft-Windows-Crypto-NCrypt", "Computer": "DESKTOP-OFJ6N53", "TimeCreated": "2024-07-16 10:54:23.380545+00:00", "RecordID": "3338", "Level": "5", "UserID": "S-1-5-18", "EventData.ProviderName": "Microsoft Software Key Storage Provider", "EventData.Flags": "0x00000040", "EventData.DeletionType": "0x00000000", "EventData.KeyName": "822BF3FA1D1E9A01B277A1D987D49545FDE3C4B6", "EventData.KeyFileName": "c8d74d183517364a390dfbf23b300896_27707a90-922c-4012-a495-08c5f439c147", "EventData.ProcessName": "C:\\Program Files (x86)\\Cisco\\Cisco AnyConnect Secure Mobility Client\\vpnagent.exe", "EventData.ProcessId": "0x000008b4", "EventData.ThreadId": "0x00000974", "EventData.UserId": "S-1-5-18", "EventData.ServiceTag": "vpnagent", "EventData.Status": "0x00000000"}
{"EventID": "9", "Channel": "Microsoft-Windows-Crypto-NCrypt/Operational", "Provider_Name": "Microsoft-Windows-Crypto-NCrypt", "Computer": "DESKTOP-OFJ6N53", "TimeCreated": "2024-07-16 10:54:27.097597+00:00", "RecordID": "3339", "Level": "5", "UserID": "S-1-5-18", "EventData.ProviderName": "Microsoft Software Key Storage Provider", "EventData.KeyModificationType": "0x00000001", "EventData.Flags": "0x00000000", "EventData.KeyName": "822BF3FA1D1E9A01B277A1D987D49545FDE3C4B6", "EventData.KeyFileName": "c8d74d183517364a390dfbf23b300896_27707a90-922c-4012-a495-08c5f439c147", "EventData.ProcessName": "C:\\Program Files (x86)\\Cisco\\Cisco AnyConnect Secure Mobility Client\\vpnagent.exe", "EventData.ProcessId": "0x000008b4", "EventData.ThreadId": "0x00000280", "EventData.UserId": "S-1-5-18", "EventData.ServiceTag": "vpnagent", "EventData.Status": "0x00000000"}
{"EventID": "11", "Channel": "Microsoft-Windows-Crypto-NCrypt/Operational", "Provider_Name": "Microsoft-Windows-Crypto-NCrypt", "Computer": "DESKTOP-OFJ6N53", "TimeCreated": "2024-07-16 12:21:55.995354+00:00", "RecordID": "3340", "Level": "5", "UserID": "S-1-5-18", "EventData.ProviderName": "Microsoft Software Key Storage Provider", "EventData.Flags": "0x00000040", "EventData.DeletionType": "0x00000000", "EventData.KeyName": "822BF3FA1D1E9A01B277A1D987D49545FDE3C4B6", "EventData.KeyFileName": "c8d74d183517364a390dfbf23b300896_27707a90-922c-4012-a495-08c5f439c147", "EventData.ProcessName": "C:\\Program Files (x86)\\Cisco\\Cisco AnyConnect Secure Mobility Client\\vpnagent.exe", "EventData.ProcessId": "0x000008b4", "EventData.ThreadId": "0x00000b44", "EventData.UserId": "S-1-5-18", "EventData.ServiceTag": "vpnagent", "EventData.Status": "0x00000000"}
{"EventID": "9", "Channel": "Microsoft-Windows-Crypto-NCrypt/Operational", "Provider_Name": "Microsoft-Windows-Crypto-NCrypt", "Computer": "DESKTOP-OFJ6N53", "TimeCreated": "2024-07-16 12:22:03.391779+00:00", "RecordID": "3341", "Level": "5", "UserID": "S-1-5-18", "EventData.ProviderName": "Microsoft Software Key Storage Provider", "EventData.KeyModificationType": "0x00000001", "EventData.Flags": "0x00000000", "EventData.KeyName": "822BF3FA1D1E9A01B277A1D987D49545FDE3C4B6", "EventData.KeyFileName": "c8d74d183517364a390dfbf23b300896_27707a90-922c-4012-a495-08c5f439c147", "EventData.ProcessName": "C:\\Program Files (x86)\\Cisco\\Cisco AnyConnect Secure Mobility Client\\vpnagent.exe", "EventData.ProcessId": "0x000008b4", "EventData.ThreadId": "0x00000c80", "EventData.UserId": "S-1-5-18", "EventData.ServiceTag": "vpnagent", "EventData.Status": "0x00000000"}
{"EventID": "11", "Channel": "Microsoft-Windows-Crypto-NCrypt/Operational", "Provider_Name": "Microsoft-Windows-Crypto-NCrypt", "Computer": "DESKTOP-OFJ6N53", "TimeCreated": "2024-07-16 12:22:30.304337+00:00", "RecordID": "3342", "Level": "5", "UserID": "S-1-5-18", "EventData.ProviderName": "Microsoft Software Key Storage Provider", "EventData.Flags": "0x00000040", "EventData.DeletionType": "0x00000000", "EventData.KeyName": "822BF3FA1D1E9A01B277A1D987D49545FDE3C4B6", "EventData.KeyFileName": "c8d74d183517364a390dfbf23b300896_27707a90-922c-4012-a495-08c5f439c147", "EventData.ProcessName": "C:\\Program Files (x86)\\Cisco\\Cisco AnyConnect Secure Mobility Client\\vpnagent.exe", "EventData.ProcessId": "0x000008b4", "EventData.ThreadId": "0x00000b44", "EventData.UserId": "S-1-5-18", "EventData.ServiceTag": "vpnagent", "EventData.Status": "0x00000000"}
{"EventID": "4", "Channel": "Microsoft-Windows-Crypto-NCrypt/Operational", "Provider_Name": "Microsoft-Windows-Crypto-NCrypt", "Computer": "DESKTOP-OFJ6N53", "TimeCreated": "2024-07-18 06:33:02.125828+00:00", "RecordID": "3343", "Level": "2", "UserID": "S-1-5-21-963789628-1060504924-4285088085-1001", "EventData.ProviderName": "Microsoft Software Key Storage Provider", "EventData.KeyName": "Microsoft-Edge-TB-test-key", "EventData.AlgorithmName": "ECDSA_P256", "EventData.Flags": "0x00020040", "EventData.Status": "0x80090029", "EventData.ProcessName": "msedge.exe"}
{"EventID": "2", "Channel": "Microsoft-Windows-Crypto-NCrypt/Operational", "Provider_Name": "Microsoft-Windows-Crypto-NCrypt", "Computer": "DESKTOP-OFJ6N53", "TimeCreated": "2024-07-18 06:33:02.521267+00:00", "RecordID": "3344", "Level": "2", "UserID": "S-1-5-21-963789628-1060504924-4285088085-1001", "EventData.ProviderName": "Microsoft Platform Crypto Provider", "EventData.Status": "0x80090030", "EventData.ProcessName": "msedge.exe"}
{"EventID": "4", "Channel": "Microsoft-Windows-Crypto-NCrypt/Operational", "Provider_Name": "Microsoft-Windows-Crypto-NCrypt", "Computer": "DESKTOP-OFJ6N53", "TimeCreated": "2024-07-18 06:33:02.523153+00:00", "RecordID": "3345", "Level": "2", "UserID": "S-1-5-21-963789628-1060504924-4285088085-1001", "EventData.ProviderName": "Microsoft Software Key Storage Provider", "EventData.KeyName": "ChromeMetricsTestKey", "EventData.AlgorithmName": "ECDSA_P256", "EventData.Flags": "0x00020000", "EventData.Status": "0x80090029", "EventData.ProcessName": "msedge.exe"}
{"EventID": "4", "Channel": "Microsoft-Windows-Crypto-NCrypt/Operational", "Provider_Name": "Microsoft-Windows-Crypto-NCrypt", "Computer": "DESKTOP-OFJ6N53", "TimeCreated": "2024-07-20 16:33:09.689512+00:00", "RecordID": "3346", "Level": "2", "UserID": "S-1-5-21-963789628-1060504924-4285088085-1001", "EventData.ProviderName": "Microsoft Software Key Storage Provider", "EventData.KeyName": "Microsoft-Edge-TB-test-key", "EventData.AlgorithmName": "ECDSA_P256", "EventData.Flags": "0x00020040", "EventData.Status": "0x80090029", "EventData.ProcessName": "msedge.exe"}
{"EventID": "2", "Channel": "Microsoft-Windows-Crypto-NCrypt/Operational", "Provider_Name": "Microsoft-Windows-Crypto-NCrypt", "Computer": "DESKTOP-OFJ6N53", "TimeCreated": "2024-07-20 16:33:10.272928+00:00", "RecordID": "3347", "Level": "2", "UserID": "S-1-5-21-963789628-1060504924-4285088085-1001", "EventData.ProviderName": "Microsoft Platform Crypto Provider", "EventData.Status": "0x80090030", "EventData.ProcessName": "msedge.exe"}
{"EventID": "4", "Channel": "Microsoft-Windows-Crypto-NCrypt/Operational", "Provider_Name": "Microsoft-Windows-Crypto-NCrypt", "Computer": "DESKTOP-OFJ6N53", "TimeCreated": "2024-07-20 16:33:10.274778+00:00", "RecordID": "3348", "Level": "2", "UserID": "S-1-5-21-963789628-1060504924-4285088085-1001", "EventData.ProviderName": "Microsoft Software Key Storage Provider", "EventData.KeyName": "ChromeMetricsTestKey", "EventData.AlgorithmName": "ECDSA_P256", "EventData.Flags": "0x00020000", "EventData.Status": "0x80090029", "EventData.ProcessName": "msedge.exe"}
{"EventID": "2", "Channel": "Microsoft-Windows-Crypto-NCrypt/Operational", "Provider_Name": "Microsoft-Windows-Crypto-NCrypt", "Computer": "DESKTOP-OFJ6N53", "TimeCreated": "2024-07-22 07:26:32.740032+00:00", "RecordID": "3349", "Level": "2", "UserID": "S-1-5-19", "EventData.ProviderName": "Microsoft Platform Crypto Provider", "EventData.Status": "0x80090030", "EventData.ProcessName": "svchost.exe"}
{"EventID": "3", "Channel": "Microsoft-Windows-Crypto-NCrypt/Operational", "Provider_Name": "Microsoft-Windows-Crypto-NCrypt", "Computer": "DESKTOP-OFJ6N53", "TimeCreated": "2024-07-22 07:26:35.558136+00:00", "RecordID": "3350", "Level": "2", "UserID": "S-1-5-18", "EventData.ProviderName": "Microsoft Software Key Storage Provider", "EventData.KeyName": "822BF3FA1D1E9A01B277A1D987D49545FDE3C4B6", "EventData.Status": "0x80090016", "EventData.ProcessName": "vpnagent.exe"}
{"EventID": "2", "Channel": "Microsoft-Windows-Crypto-NCrypt/Operational", "Provider_Name": "Microsoft-Windows-Crypto-NCrypt", "Computer": "DESKTOP-OFJ6N53", "TimeCreated": "2024-07-22 07:27:33.814571+00:00", "RecordID": "3351", "Level": "2", "UserID": "S-1-5-21-963789628-1060504924-4285088085-1001", "EventData.ProviderName": "Microsoft Platform Crypto Provider", "EventData.Status": "0x80090030", "EventData.ProcessName": "wwahost.exe"}
{"EventID": "2", "Channel": "Microsoft-Windows-Crypto-NCrypt/Operational", "Provider_Name": "Microsoft-Windows-Crypto-NCrypt", "Computer": "DESKTOP-OFJ6N53", "TimeCreated": "2024-07-22 07:27:35.054180+00:00", "RecordID": "3352", "Level": "2", "UserID": "S-1-5-18", "EventData.ProviderName": "Microsoft Platform Crypto Provider", "EventData.Status": "0x80090030", "EventData.ProcessName": "lsass.exe"}
{"EventID": "2", "Channel": "Microsoft-Windows-Crypto-NCrypt/Operational", "Provider_Name": "Microsoft-Windows-Crypto-NCrypt", "Computer": "DESKTOP-OFJ6N53", "TimeCreated": "2024-07-22 07:27:37.720919+00:00", "RecordID": "3353", "Level": "2", "UserID": "S-1-5-21-963789628-1060504924-4285088085-1001", "EventData.ProviderName": "Microsoft Platform Crypto Provider", "EventData.Status": "0x80090030", "EventData.ProcessName": "SearchApp.exe"}
{"EventID": "4", "Channel": "Microsoft-Windows-Crypto-NCrypt/Operational", "Provider_Name": "Microsoft-Windows-Crypto-NCrypt", "Computer": "DESKTOP-OFJ6N53", "TimeCreated": "2024-07-22 07:28:08.305695+00:00", "RecordID": "3354", "Level": "2", "UserID": "S-1-5-21-963789628-1060504924-4285088085-1001", "EventData.ProviderName": "Microsoft Software Key Storage Provider", "EventData.KeyName": "Microsoft-Edge-TB-test-key", "EventData.AlgorithmName": "ECDSA_P256", "EventData.Flags": "0x00020040", "EventData.Status": "0x80090029", "EventData.ProcessName": "msedge.exe"}
{"EventID": "2", "Channel": "Microsoft-Windows-Crypto-NCrypt/Operational", "Provider_Name": "Microsoft-Windows-Crypto-NCrypt", "Computer": "DESKTOP-OFJ6N53", "TimeCreated": "2024-07-22 07:28:09.223520+00:00", "RecordID": "3355", "Level": "2", "UserID": "S-1-5-21-963789628-1060504924-4285088085-1001", "EventData.ProviderName": "Microsoft Platform Crypto Provider", "EventData.Status": "0x80090030", "EventData.ProcessName": "msedge.exe"}
{"EventID": "4", "Channel": "Microsoft-Windows-Crypto-NCrypt/Operational", "Provider_Name": "Microsoft-Windows-Crypto-NCrypt", "Computer": "DESKTOP-OFJ6N53", "TimeCreated": "2024-07-22 07:28:09.295134+00:00", "RecordID": "3356", "Level": "2", "UserID": "S-1-5-21-963789628-1060504924-4285088085-1001", "EventData.ProviderName": "Microsoft Software Key Storage Provider", "EventData.KeyName": "ChromeMetricsTestKey", "EventData.AlgorithmName": "ECDSA_P256", "EventData.Flags": "0x00020000", "EventData.Status": "0x80090029", "EventData.ProcessName": "msedge.exe"}
{"EventID": "2", "Channel": "Microsoft-Windows-Crypto-NCrypt/Operational", "Provider_Name": "Microsoft-Windows-Crypto-NCrypt", "Computer": "DESKTOP-OFJ6N53", "TimeCreated": "2024-07-22 07:28:15.223955+00:00", "RecordID": "3357", "Level": "2", "UserID": "S-1-5-21-963789628-1060504924-4285088085-1001", "EventData.ProviderName": "Microsoft Platform Crypto Provider", "EventData.Status": "0x80090030", "EventData.ProcessName": "TracSrvWrapper.exe"}
{"EventID": "2", "Channel": "Microsoft-Windows-Crypto-NCrypt/Operational", "Provider_Name": "Microsoft-Windows-Crypto-NCrypt", "Computer": "DESKTOP-OFJ6N53", "TimeCreated": "2024-07-22 07:28:18.792187+00:00", "RecordID": "3358", "Level": "2", "UserID": "S-1-5-21-963789628-1060504924-4285088085-1001", "EventData.ProviderName": "Microsoft Platform Crypto Provider", "EventData.Status": "0x80090030", "EventData.ProcessName": "TracCAPI.exe"}
{"EventID": "9", "Channel": "Microsoft-Windows-Crypto-NCrypt/Operational", "Provider_Name": "Microsoft-Windows-Crypto-NCrypt", "Computer": "DESKTOP-OFJ6N53", "TimeCreated": "2024-07-23 12:01:01.522356+00:00", "RecordID": "3359", "Level": "5", "UserID": "S-1-5-18", "EventData.ProviderName": "Microsoft Software Key Storage Provider", "EventData.KeyModificationType": "0x00000001", "EventData.Flags": "0x00000000", "EventData.KeyName": "822BF3FA1D1E9A01B277A1D987D49545FDE3C4B6", "EventData.KeyFileName": "c8d74d183517364a390dfbf23b300896_27707a90-922c-4012-a495-08c5f439c147", "EventData.ProcessName": "C:\\Program Files (x86)\\Cisco\\Cisco AnyConnect Secure Mobility Client\\vpnagent.exe", "EventData.ProcessId": "0x00000928", "EventData.ThreadId": "0x00000b78", "EventData.UserId": "S-1-5-18", "EventData.ServiceTag": "vpnagent", "EventData.Status": "0x00000000"}
{"EventID": "11", "Channel": "Microsoft-Windows-Crypto-NCrypt/Operational", "Provider_Name": "Microsoft-Windows-Crypto-NCrypt", "Computer": "DESKTOP-OFJ6N53", "TimeCreated": "2024-07-23 12:09:14.649063+00:00", "RecordID": "3360", "Level": "5", "UserID": "S-1-5-18", "EventData.ProviderName": "Microsoft Software Key Storage Provider", "EventData.Flags": "0x00000040", "EventData.DeletionType": "0x00000000", "EventData.KeyName": "822BF3FA1D1E9A01B277A1D987D49545FDE3C4B6", "EventData.KeyFileName": "c8d74d183517364a390dfbf23b300896_27707a90-922c-4012-a495-08c5f439c147", "EventData.ProcessName": "C:\\Program Files (x86)\\Cisco\\Cisco AnyConnect Secure Mobility Client\\vpnagent.exe", "EventData.ProcessId": "0x00000928", "EventData.ThreadId": "0x0000033c", "EventData.UserId": "S-1-5-18", "EventData.ServiceTag": "vpnagent", "EventData.Status": "0x00000000"}
{"EventID": "9", "Channel": "Microsoft-Windows-Crypto-NCrypt/Operational", "Provider_Name": "Microsoft-Windows-Crypto-NCrypt", "Computer": "DESKTOP-OFJ6N53", "TimeCreated": "2024-07-23 12:09:30.019413+00:00", "RecordID": "3361", "Level": "5", "UserID": "S-1-5-18", "EventData.ProviderName": "Microsoft Software Key Storage Provider", "EventData.KeyModificationType": "0x00000001", "EventData.Flags": "0x00000000", "EventData.KeyName": "822BF3FA1D1E9A01B277A1D987D49545FDE3C4B6", "EventData.KeyFileName": "c8d74d183517364a390dfbf23b300896_27707a90-922c-4012-a495-08c5f439c147", "EventData.ProcessName": "C:\\Program Files (x86)\\Cisco\\Cisco AnyConnect Secure Mobility Client\\vpnagent.exe", "EventData.ProcessId": "0x00000928", "EventData.ThreadId": "0x0000033c", "EventData.UserId": "S-1-5-18", "EventData.ServiceTag": "vpnagent", "EventData.Status": "0x00000000"}
{"EventID": "2", "Channel": "Microsoft-Windows-Crypto-NCrypt/Operational", "Provider_Name": "Microsoft-Windows-Crypto-NCrypt", "Computer": "DESKTOP-OFJ6N53", "TimeCreated": "2024-07-23 12:09:38.936911+00:00", "RecordID": "3362", "Level": "2", "UserID": "S-1-5-18", "EventData.ProviderName": "Microsoft Platform Crypto Provider", "EventData.Status": "0x80090030", "EventData.ProcessName": "taskhostw.exe"}
{"EventID": "2", "Channel": "Microsoft-Windows-Crypto-NCrypt/Operational", "Provider_Name": "Microsoft-Windows-Crypto-NCrypt", "Computer": "DESKTOP-OFJ6N53", "TimeCreated": "2024-07-23 12:19:05.201572+00:00", "RecordID": "3363", "Level": "2", "UserID": "S-1-5-18", "EventData.ProviderName": "Microsoft Platform Crypto Provider", "EventData.Status": "0x80090030", "EventData.ProcessName": "taskhostw.exe"}
{"EventID": "11", "Channel": "Microsoft-Windows-Crypto-NCrypt/Operational", "Provider_Name": "Microsoft-Windows-Crypto-NCrypt", "Computer": "DESKTOP-OFJ6N53", "TimeCreated": "2024-07-23 12:19:56.016226+00:00", "RecordID": "3364", "Level": "5", "UserID": "S-1-5-18", "EventData.ProviderName": "Microsoft Software Key Storage Provider", "EventData.Flags": "0x00000040", "EventData.DeletionType": "0x00000000", "EventData.KeyName": "822BF3FA1D1E9A01B277A1D987D49545FDE3C4B6", "EventData.KeyFileName": "c8d74d183517364a390dfbf23b300896_27707a90-922c-4012-a495-08c5f439c147", "EventData.ProcessName": "C:\\Program Files (x86)\\Cisco\\Cisco AnyConnect Secure Mobility Client\\vpnagent.exe", "EventData.ProcessId": "0x00000928", "EventData.ThreadId": "0x00000320", "EventData.UserId": "S-1-5-18", "EventData.ServiceTag": "vpnagent", "EventData.Status": "0x00000000"}
{"EventID": "9", "Channel": "Microsoft-Windows-Crypto-NCrypt/Operational", "Provider_Name": "Microsoft-Windows-Crypto-NCrypt", "Computer": "DESKTOP-OFJ6N53", "TimeCreated": "2024-07-23 12:20:02.504255+00:00", "RecordID": "3365", "Level": "5", "UserID": "S-1-5-18", "EventData.ProviderName": "Microsoft Software Key Storage Provider", "EventData.KeyModificationType": "0x00000001", "EventData.Flags": "0x00000000", "EventData.KeyName": "822BF3FA1D1E9A01B277A1D987D49545FDE3C4B6", "EventData.KeyFileName": "c8d74d183517364a390dfbf23b300896_27707a90-922c-4012-a495-08c5f439c147", "EventData.ProcessName": "C:\\Program Files (x86)\\Cisco\\Cisco AnyConnect Secure Mobility Client\\vpnagent.exe", "EventData.ProcessId": "0x00000928", "EventData.ThreadId": "0x00000320", "EventData.UserId": "S-1-5-18", "EventData.ServiceTag": "vpnagent", "EventData.Status": "0x00000000"}
{"EventID": "11", "Channel": "Microsoft-Windows-Crypto-NCrypt/Operational", "Provider_Name": "Microsoft-Windows-Crypto-NCrypt", "Computer": "DESKTOP-OFJ6N53", "TimeCreated": "2024-07-23 12:25:58.479427+00:00", "RecordID": "3366", "Level": "5", "UserID": "S-1-5-18", "EventData.ProviderName": "Microsoft Software Key Storage Provider", "EventData.Flags": "0x00000040", "EventData.DeletionType": "0x00000000", "EventData.KeyName": "822BF3FA1D1E9A01B277A1D987D49545FDE3C4B6", "EventData.KeyFileName": "c8d74d183517364a390dfbf23b300896_27707a90-922c-4012-a495-08c5f439c147", "EventData.ProcessName": "C:\\Program Files (x86)\\Cisco\\Cisco AnyConnect Secure Mobility Client\\vpnagent.exe", "EventData.ProcessId": "0x00000928", "EventData.ThreadId": "0x00000320", "EventData.UserId": "S-1-5-18", "EventData.ServiceTag": "vpnagent", "EventData.Status": "0x00000000"}
{"EventID": "9", "Channel": "Microsoft-Windows-Crypto-NCrypt/Operational", "Provider_Name": "Microsoft-Windows-Crypto-NCrypt", "Computer": "DESKTOP-OFJ6N53", "TimeCreated": "2024-07-23 12:25:59.200911+00:00", "RecordID": "3367", "Level": "5", "UserID": "S-1-5-18", "EventData.ProviderName": "Microsoft Software Key Storage Provider", "EventData.KeyModificationType": "0x00000001", "EventData.Flags": "0x00000000", "EventData.KeyName": "822BF3FA1D1E9A01B277A1D987D49545FDE3C4B6", "EventData.KeyFileName": "c8d74d183517364a390dfbf23b300896_27707a90-922c-4012-a495-08c5f439c147", "EventData.ProcessName": "C:\\Program Files (x86)\\Cisco\\Cisco AnyConnect Secure Mobility Client\\vpnagent.exe", "EventData.ProcessId": "0x00000928", "EventData.ThreadId": "0x00000a68", "EventData.UserId": "S-1-5-18", "EventData.ServiceTag": "vpnagent", "EventData.Status": "0x00000000"}
{"EventID": "11", "Channel": "Microsoft-Windows-Crypto-NCrypt/Operational", "Provider_Name": "Microsoft-Windows-Crypto-NCrypt", "Computer": "DESKTOP-OFJ6N53", "TimeCreated": "2024-07-23 12:34:10.263830+00:00", "RecordID": "3368", "Level": "5", "UserID": "S-1-5-18", "EventData.ProviderName": "Microsoft Software Key Storage Provider", "EventData.Flags": "0x00000040", "EventData.DeletionType": "0x00000000", "EventData.KeyName": "822BF3FA1D1E9A01B277A1D987D49545FDE3C4B6", "EventData.KeyFileName": "c8d74d183517364a390dfbf23b300896_27707a90-922c-4012-a495-08c5f439c147", "EventData.ProcessName": "C:\\Program Files (x86)\\Cisco\\Cisco AnyConnect Secure Mobility Client\\vpnagent.exe", "EventData.ProcessId": "0x00000928", "EventData.ThreadId": "0x0000033c", "EventData.UserId": "S-1-5-18", "EventData.ServiceTag": "vpnagent", "EventData.Status": "0x00000000"}
{"EventID": "9", "Channel": "Microsoft-Windows-Crypto-NCrypt/Operational", "Provider_Name": "Microsoft-Windows-Crypto-NCrypt", "Computer": "DESKTOP-OFJ6N53", "TimeCreated": "2024-07-23 12:34:13.900713+00:00", "RecordID": "3369", "Level": "5", "UserID": "S-1-5-18", "EventData.ProviderName": "Microsoft Software Key Storage Provider", "EventData.KeyModificationType": "0x00000001", "EventData.Flags": "0x00000000", "EventData.KeyName": "822BF3FA1D1E9A01B277A1D987D49545FDE3C4B6", "EventData.KeyFileName": "c8d74d183517364a390dfbf23b300896_27707a90-922c-4012-a495-08c5f439c147", "EventData.ProcessName": "C:\\Program Files (x86)\\Cisco\\Cisco AnyConnect Secure Mobility Client\\vpnagent.exe", "EventData.ProcessId": "0x00000928", "EventData.ThreadId": "0x00000124", "EventData.UserId": "S-1-5-18", "EventData.ServiceTag": "vpnagent", "EventData.Status": "0x00000000"}
{"EventID": "11", "Channel": "Microsoft-Windows-Crypto-NCrypt/Operational", "Provider_Name": "Microsoft-Windows-Crypto-NCrypt", "Computer": "DESKTOP-OFJ6N53", "TimeCreated": "2024-07-23 12:34:52.205208+00:00", "RecordID": "3370", "Level": "5", "UserID": "S-1-5-18", "EventData.ProviderName": "Microsoft Software Key Storage Provider", "EventData.Flags": "0x00000040", "EventData.DeletionType": "0x00000000", "EventData.KeyName": "822BF3FA1D1E9A01B277A1D987D49545FDE3C4B6", "EventData.KeyFileName": "c8d74d183517364a390dfbf23b300896_27707a90-922c-4012-a495-08c5f439c147", "EventData.ProcessName": "C:\\Program Files (x86)\\Cisco\\Cisco AnyConnect Secure Mobility Client\\vpnagent.exe", "EventData.ProcessId": "0x00000928", "EventData.ThreadId": "0x0000033c", "EventData.UserId": "S-1-5-18", "EventData.ServiceTag": "vpnagent", "EventData.Status": "0x00000000"}
{"EventID": "2", "Channel": "Microsoft-Windows-Crypto-NCrypt/Operational", "Provider_Name": "Microsoft-Windows-Crypto-NCrypt", "Computer": "DESKTOP-OFJ6N53", "TimeCreated": "2024-07-23 18:18:56.024826+00:00", "RecordID": "3371", "Level": "2", "UserID": "S-1-5-21-963789628-1060504924-4285088085-1001", "EventData.ProviderName": "Microsoft Platform Crypto Provider", "EventData.Status": "0x80090030", "EventData.ProcessName": "TrGUI.exe"}
{"EventID": "2", "Channel": "Microsoft-Windows-Crypto-NCrypt/Operational", "Provider_Name": "Microsoft-Windows-Crypto-NCrypt", "Computer": "DESKTOP-OFJ6N53", "TimeCreated": "2024-07-23 18:21:06.292591+00:00", "RecordID": "3372", "Level": "2", "UserID": "S-1-5-21-963789628-1060504924-4285088085-1001", "EventData.ProviderName": "Microsoft Platform Crypto Provider", "EventData.Status": "0x80090030", "EventData.ProcessName": "chrome.exe"}
{"EventID": "4", "Channel": "Microsoft-Windows-Crypto-NCrypt/Operational", "Provider_Name": "Microsoft-Windows-Crypto-NCrypt", "Computer": "DESKTOP-OFJ6N53", "TimeCreated": "2024-07-23 18:21:06.295080+00:00", "RecordID": "3373", "Level": "2", "UserID": "S-1-5-21-963789628-1060504924-4285088085-1001", "EventData.ProviderName": "Microsoft Software Key Storage Provider", "EventData.KeyName": "ChromeMetricsTestKey", "EventData.AlgorithmName": "ECDSA_P256", "EventData.Flags": "0x00020000", "EventData.Status": "0x80090029", "EventData.ProcessName": "chrome.exe"}
{"EventID": "4", "Channel": "Microsoft-Windows-Crypto-NCrypt/Operational", "Provider_Name": "Microsoft-Windows-Crypto-NCrypt", "Computer": "DESKTOP-OFJ6N53", "TimeCreated": "2024-07-23 18:21:06.350288+00:00", "RecordID": "3374", "Level": "2", "UserID": "S-1-5-21-963789628-1060504924-4285088085-1001", "EventData.ProviderName": "Microsoft Passport Key Storage Provider", "EventData.KeyName": "S-1-5-21-963789628-1060504924-4285088085-1001//S-1-5-21-963789628-1060504924-4285088085-1001//MSTestAvailability-FF2FA111-E816-4D1B-BDDD-65F189969E50", "EventData.AlgorithmName": "RSA", "EventData.Flags": "0x00000000", "EventData.Status": "0x80090016", "EventData.ProcessName": "chrome.exe"}
{"EventID": "4", "Channel": "Microsoft-Windows-Crypto-NCrypt/Operational", "Provider_Name": "Microsoft-Windows-Crypto-NCrypt", "Computer": "DESKTOP-OFJ6N53", "TimeCreated": "2024-07-24 01:28:11.146955+00:00", "RecordID": "3375", "Level": "2", "UserID": "S-1-5-21-963789628-1060504924-4285088085-1001", "EventData.ProviderName": "Microsoft Software Key Storage Provider", "EventData.KeyName": "Microsoft-Edge-TB-test-key", "EventData.AlgorithmName": "ECDSA_P256", "EventData.Flags": "0x00020040", "EventData.Status": "0x80090029", "EventData.ProcessName": "msedge.exe"}
{"EventID": "2", "Channel": "Microsoft-Windows-Crypto-NCrypt/Operational", "Provider_Name": "Microsoft-Windows-Crypto-NCrypt", "Computer": "DESKTOP-OFJ6N53", "TimeCreated": "2024-07-24 01:28:11.459467+00:00", "RecordID": "3376", "Level": "2", "UserID": "S-1-5-21-963789628-1060504924-4285088085-1001", "EventData.ProviderName": "Microsoft Platform Crypto Provider", "EventData.Status": "0x80090030", "EventData.ProcessName": "msedge.exe"}
{"EventID": "4", "Channel": "Microsoft-Windows-Crypto-NCrypt/Operational", "Provider_Name": "Microsoft-Windows-Crypto-NCrypt", "Computer": "DESKTOP-OFJ6N53", "TimeCreated": "2024-07-24 01:28:11.461092+00:00", "RecordID": "3377", "Level": "2", "UserID": "S-1-5-21-963789628-1060504924-4285088085-1001", "EventData.ProviderName": "Microsoft Software Key Storage Provider", "EventData.KeyName": "ChromeMetricsTestKey", "EventData.AlgorithmName": "ECDSA_P256", "EventData.Flags": "0x00020000", "EventData.Status": "0x80090029", "EventData.ProcessName": "msedge.exe"}
{"EventID": "9", "Channel": "Microsoft-Windows-Crypto-NCrypt/Operational", "Provider_Name": "Microsoft-Windows-Crypto-NCrypt", "Computer": "DESKTOP-OFJ6N53", "TimeCreated": "2024-07-24 09:04:18.180527+00:00", "RecordID": "3378", "Level": "5", "UserID": "S-1-5-18", "EventData.ProviderName": "Microsoft Software Key Storage Provider", "EventData.KeyModificationType": "0x00000001", "EventData.Flags": "0x00000000", "EventData.KeyName": "822BF3FA1D1E9A01B277A1D987D49545FDE3C4B6", "EventData.KeyFileName": "c8d74d183517364a390dfbf23b300896_27707a90-922c-4012-a495-08c5f439c147", "EventData.ProcessName": "C:\\Program Files (x86)\\Cisco\\Cisco AnyConnect Secure Mobility Client\\vpnagent.exe", "EventData.ProcessId": "0x00000928", "EventData.ThreadId": "0x00000320", "EventData.UserId": "S-1-5-18", "EventData.ServiceTag": "vpnagent", "EventData.Status": "0x00000000"}
{"EventID": "11", "Channel": "Microsoft-Windows-Crypto-NCrypt/Operational", "Provider_Name": "Microsoft-Windows-Crypto-NCrypt", "Computer": "DESKTOP-OFJ6N53", "TimeCreated": "2024-07-24 09:04:48.443144+00:00", "RecordID": "3379", "Level": "5", "UserID": "S-1-5-18", "EventData.ProviderName": "Microsoft Software Key Storage Provider", "EventData.Flags": "0x00000040", "EventData.DeletionType": "0x00000000", "EventData.KeyName": "822BF3FA1D1E9A01B277A1D987D49545FDE3C4B6", "EventData.KeyFileName": "c8d74d183517364a390dfbf23b300896_27707a90-922c-4012-a495-08c5f439c147", "EventData.ProcessName": "C:\\Program Files (x86)\\Cisco\\Cisco AnyConnect Secure Mobility Client\\vpnagent.exe", "EventData.ProcessId": "0x00000928", "EventData.ThreadId": "0x0000033c", "EventData.UserId": "S-1-5-18", "EventData.ServiceTag": "vpnagent", "EventData.Status": "0x00000000"}
{"EventID": "2", "Channel": "Microsoft-Windows-Crypto-NCrypt/Operational", "Provider_Name": "Microsoft-Windows-Crypto-NCrypt", "Computer": "DESKTOP-OFJ6N53", "TimeCreated": "2024-07-24 09:12:29.287424+00:00", "RecordID": "3380", "Level": "2", "UserID": "S-1-5-18", "EventData.ProviderName": "Microsoft Platform Crypto Provider", "EventData.Status": "0x80090030", "EventData.ProcessName": "taskhostw.exe"}
{"EventID": "9", "Channel": "Microsoft-Windows-Crypto-NCrypt/Operational", "Provider_Name": "Microsoft-Windows-Crypto-NCrypt", "Computer": "DESKTOP-OFJ6N53", "TimeCreated": "2024-07-24 12:31:00.138306+00:00", "RecordID": "3381", "Level": "5", "UserID": "S-1-5-18", "EventData.ProviderName": "Microsoft Software Key Storage Provider", "EventData.KeyModificationType": "0x00000001", "EventData.Flags": "0x00000000", "EventData.KeyName": "822BF3FA1D1E9A01B277A1D987D49545FDE3C4B6", "EventData.KeyFileName": "c8d74d183517364a390dfbf23b300896_27707a90-922c-4012-a495-08c5f439c147", "EventData.ProcessName": "C:\\Program Files (x86)\\Cisco\\Cisco AnyConnect Secure Mobility Client\\vpnagent.exe", "EventData.ProcessId": "0x00000928", "EventData.ThreadId": "0x00000320", "EventData.UserId": "S-1-5-18", "EventData.ServiceTag": "vpnagent", "EventData.Status": "0x00000000"}
{"EventID": "11", "Channel": "Microsoft-Windows-Crypto-NCrypt/Operational", "Provider_Name": "Microsoft-Windows-Crypto-NCrypt", "Computer": "DESKTOP-OFJ6N53", "TimeCreated": "2024-07-24 12:32:32.140766+00:00", "RecordID": "3382", "Level": "5", "UserID": "S-1-5-18", "EventData.ProviderName": "Microsoft Software Key Storage Provider", "EventData.Flags": "0x00000040", "EventData.DeletionType": "0x00000000", "EventData.KeyName": "822BF3FA1D1E9A01B277A1D987D49545FDE3C4B6", "EventData.KeyFileName": "c8d74d183517364a390dfbf23b300896_27707a90-922c-4012-a495-08c5f439c147", "EventData.ProcessName": "C:\\Program Files (x86)\\Cisco\\Cisco AnyConnect Secure Mobility Client\\vpnagent.exe", "EventData.ProcessId": "0x00000928", "EventData.ThreadId": "0x00000320", "EventData.UserId": "S-1-5-18", "EventData.ServiceTag": "vpnagent", "EventData.Status": "0x00000000"}
{"EventID": "9", "Channel": "Microsoft-Windows-Crypto-NCrypt/Operational", "Provider_Name": "Microsoft-Windows-Crypto-NCrypt", "Computer": "DESKTOP-OFJ6N53", "TimeCreated": "2024-07-24 12:32:40.371527+00:00", "RecordID": "3383", "Level": "5", "UserID": "S-1-5-18", "EventData.ProviderName": "Microsoft Software Key Storage Provider", "EventData.KeyModificationType": "0x00000001", "EventData.Flags": "0x00000000", "EventData.KeyName": "822BF3FA1D1E9A01B277A1D987D49545FDE3C4B6", "EventData.KeyFileName": "c8d74d183517364a390dfbf23b300896_27707a90-922c-4012-a495-08c5f439c147", "EventData.ProcessName": "C:\\Program Files (x86)\\Cisco\\Cisco AnyConnect Secure Mobility Client\\vpnagent.exe", "EventData.ProcessId": "0x00000928", "EventData.ThreadId": "0x00002cc0", "EventData.UserId": "S-1-5-18", "EventData.ServiceTag": "vpnagent", "EventData.Status": "0x00000000"}
{"EventID": "11", "Channel": "Microsoft-Windows-Crypto-NCrypt/Operational", "Provider_Name": "Microsoft-Windows-Crypto-NCrypt", "Computer": "DESKTOP-OFJ6N53", "TimeCreated": "2024-07-24 12:33:13.887905+00:00", "RecordID": "3384", "Level": "5", "UserID": "S-1-5-18", "EventData.ProviderName": "Microsoft Software Key Storage Provider", "EventData.Flags": "0x00000040", "EventData.DeletionType": "0x00000000", "EventData.KeyName": "822BF3FA1D1E9A01B277A1D987D49545FDE3C4B6", "EventData.KeyFileName": "c8d74d183517364a390dfbf23b300896_27707a90-922c-4012-a495-08c5f439c147", "EventData.ProcessName": "C:\\Program Files (x86)\\Cisco\\Cisco AnyConnect Secure Mobility Client\\vpnagent.exe", "EventData.ProcessId": "0x00000928", "EventData.ThreadId": "0x00002cc0", "EventData.UserId": "S-1-5-18", "EventData.ServiceTag": "vpnagent", "EventData.Status": "0x00000000"}
{"EventID": "2", "Channel": "Microsoft-Windows-Crypto-NCrypt/Operational", "Provider_Name": "Microsoft-Windows-Crypto-NCrypt", "Computer": "DESKTOP-OFJ6N53", "TimeCreated": "2024-07-24 12:40:44.494698+00:00", "RecordID": "3385", "Level": "2", "UserID": "S-1-5-18", "EventData.ProviderName": "Microsoft Platform Crypto Provider", "EventData.Status": "0x80090030", "EventData.ProcessName": "taskhostw.exe"}
{"EventID": "9", "Channel": "Microsoft-Windows-Crypto-NCrypt/Operational", "Provider_Name": "Microsoft-Windows-Crypto-NCrypt", "Computer": "DESKTOP-OFJ6N53", "TimeCreated": "2024-07-24 15:00:13.245569+00:00", "RecordID": "3386", "Level": "5", "UserID": "S-1-5-18", "EventData.ProviderName": "Microsoft Software Key Storage Provider", "EventData.KeyModificationType": "0x00000001", "EventData.Flags": "0x00000000", "EventData.KeyName": "822BF3FA1D1E9A01B277A1D987D49545FDE3C4B6", "EventData.KeyFileName": "c8d74d183517364a390dfbf23b300896_27707a90-922c-4012-a495-08c5f439c147", "EventData.ProcessName": "C:\\Program Files (x86)\\Cisco\\Cisco AnyConnect Secure Mobility Client\\vpnagent.exe", "EventData.ProcessId": "0x00000928", "EventData.ThreadId": "0x00001308", "EventData.UserId": "S-1-5-18", "EventData.ServiceTag": "vpnagent", "EventData.Status": "0x00000000"}
{"EventID": "11", "Channel": "Microsoft-Windows-Crypto-NCrypt/Operational", "Provider_Name": "Microsoft-Windows-Crypto-NCrypt", "Computer": "DESKTOP-OFJ6N53", "TimeCreated": "2024-07-24 15:00:48.314764+00:00", "RecordID": "3387", "Level": "5", "UserID": "S-1-5-18", "EventData.ProviderName": "Microsoft Software Key Storage Provider", "EventData.Flags": "0x00000040", "EventData.DeletionType": "0x00000000", "EventData.KeyName": "822BF3FA1D1E9A01B277A1D987D49545FDE3C4B6", "EventData.KeyFileName": "c8d74d183517364a390dfbf23b300896_27707a90-922c-4012-a495-08c5f439c147", "EventData.ProcessName": "C:\\Program Files (x86)\\Cisco\\Cisco AnyConnect Secure Mobility Client\\vpnagent.exe", "EventData.ProcessId": "0x00000928", "EventData.ThreadId": "0x00001308", "EventData.UserId": "S-1-5-18", "EventData.ServiceTag": "vpnagent", "EventData.Status": "0x00000000"}
{"EventID": "4", "Channel": "Microsoft-Windows-Crypto-NCrypt/Operational", "Provider_Name": "Microsoft-Windows-Crypto-NCrypt", "Computer": "DESKTOP-OFJ6N53", "TimeCreated": "2024-07-25 03:28:13.798933+00:00", "RecordID": "3388", "Level": "2", "UserID": "S-1-5-21-963789628-1060504924-4285088085-1001", "EventData.ProviderName": "Microsoft Software Key Storage Provider", "EventData.KeyName": "Microsoft-Edge-TB-test-key", "EventData.AlgorithmName": "ECDSA_P256", "EventData.Flags": "0x00020040", "EventData.Status": "0x80090029", "EventData.ProcessName": "msedge.exe"}
{"EventID": "2", "Channel": "Microsoft-Windows-Crypto-NCrypt/Operational", "Provider_Name": "Microsoft-Windows-Crypto-NCrypt", "Computer": "DESKTOP-OFJ6N53", "TimeCreated": "2024-07-25 03:28:14.108356+00:00", "RecordID": "3389", "Level": "2", "UserID": "S-1-5-21-963789628-1060504924-4285088085-1001", "EventData.ProviderName": "Microsoft Platform Crypto Provider", "EventData.Status": "0x80090030", "EventData.ProcessName": "msedge.exe"}
{"EventID": "4", "Channel": "Microsoft-Windows-Crypto-NCrypt/Operational", "Provider_Name": "Microsoft-Windows-Crypto-NCrypt", "Computer": "DESKTOP-OFJ6N53", "TimeCreated": "2024-07-25 03:28:14.203264+00:00", "RecordID": "3390", "Level": "2", "UserID": "S-1-5-21-963789628-1060504924-4285088085-1001", "EventData.ProviderName": "Microsoft Software Key Storage Provider", "EventData.KeyName": "ChromeMetricsTestKey", "EventData.AlgorithmName": "ECDSA_P256", "EventData.Flags": "0x00020000", "EventData.Status": "0x80090029", "EventData.ProcessName": "msedge.exe"}
{"EventID": "2", "Channel": "Microsoft-Windows-Crypto-NCrypt/Operational", "Provider_Name": "Microsoft-Windows-Crypto-NCrypt", "Computer": "DESKTOP-OFJ6N53", "TimeCreated": "2024-07-25 13:08:24.681082+00:00", "RecordID": "3391", "Level": "2", "UserID": "S-1-5-18", "EventData.ProviderName": "Microsoft Platform Crypto Provider", "EventData.Status": "0x80090030", "EventData.ProcessName": "taskhostw.exe"}
{"EventID": "9", "Channel": "Microsoft-Windows-Crypto-NCrypt/Operational", "Provider_Name": "Microsoft-Windows-Crypto-NCrypt", "Computer": "DESKTOP-OFJ6N53", "TimeCreated": "2024-07-25 14:55:34.919035+00:00", "RecordID": "3392", "Level": "5", "UserID": "S-1-5-18", "EventData.ProviderName": "Microsoft Software Key Storage Provider", "EventData.KeyModificationType": "0x00000001", "EventData.Flags": "0x00000000", "EventData.KeyName": "822BF3FA1D1E9A01B277A1D987D49545FDE3C4B6", "EventData.KeyFileName": "c8d74d183517364a390dfbf23b300896_27707a90-922c-4012-a495-08c5f439c147", "EventData.ProcessName": "C:\\Program Files (x86)\\Cisco\\Cisco AnyConnect Secure Mobility Client\\vpnagent.exe", "EventData.ProcessId": "0x00000928", "EventData.ThreadId": "0x00002d28", "EventData.UserId": "S-1-5-18", "EventData.ServiceTag": "vpnagent", "EventData.Status": "0x00000000"}
{"EventID": "11", "Channel": "Microsoft-Windows-Crypto-NCrypt/Operational", "Provider_Name": "Microsoft-Windows-Crypto-NCrypt", "Computer": "DESKTOP-OFJ6N53", "TimeCreated": "2024-07-25 14:57:07.440912+00:00", "RecordID": "3393", "Level": "5", "UserID": "S-1-5-18", "EventData.ProviderName": "Microsoft Software Key Storage Provider", "EventData.Flags": "0x00000040", "EventData.DeletionType": "0x00000000", "EventData.KeyName": "822BF3FA1D1E9A01B277A1D987D49545FDE3C4B6", "EventData.KeyFileName": "c8d74d183517364a390dfbf23b300896_27707a90-922c-4012-a495-08c5f439c147", "EventData.ProcessName": "C:\\Program Files (x86)\\Cisco\\Cisco AnyConnect Secure Mobility Client\\vpnagent.exe", "EventData.ProcessId": "0x00000928", "EventData.ThreadId": "0x00002d28", "EventData.UserId": "S-1-5-18", "EventData.ServiceTag": "vpnagent", "EventData.Status": "0x00000000"}
{"EventID": "2", "Channel": "Microsoft-Windows-Crypto-NCrypt/Operational", "Provider_Name": "Microsoft-Windows-Crypto-NCrypt", "Computer": "DESKTOP-OFJ6N53", "TimeCreated": "2024-07-25 14:57:21.199184+00:00", "RecordID": "3394", "Level": "2", "UserID": "S-1-5-21-963789628-1060504924-4285088085-1001", "EventData.ProviderName": "Microsoft Platform Crypto Provider", "EventData.Status": "0x80090030", "EventData.ProcessName": "chrome.exe"}
{"EventID": "4", "Channel": "Microsoft-Windows-Crypto-NCrypt/Operational", "Provider_Name": "Microsoft-Windows-Crypto-NCrypt", "Computer": "DESKTOP-OFJ6N53", "TimeCreated": "2024-07-25 14:57:21.200987+00:00", "RecordID": "3395", "Level": "2", "UserID": "S-1-5-21-963789628-1060504924-4285088085-1001", "EventData.ProviderName": "Microsoft Software Key Storage Provider", "EventData.KeyName": "ChromeMetricsTestKey", "EventData.AlgorithmName": "ECDSA_P256", "EventData.Flags": "0x00020000", "EventData.Status": "0x80090029", "EventData.ProcessName": "chrome.exe"}
{"EventID": "4", "Channel": "Microsoft-Windows-Crypto-NCrypt/Operational", "Provider_Name": "Microsoft-Windows-Crypto-NCrypt", "Computer": "DESKTOP-OFJ6N53", "TimeCreated": "2024-07-25 14:57:21.262009+00:00", "RecordID": "3396", "Level": "2", "UserID": "S-1-5-21-963789628-1060504924-4285088085-1001", "EventData.ProviderName": "Microsoft Passport Key Storage Provider", "EventData.KeyName": "S-1-5-21-963789628-1060504924-4285088085-1001//S-1-5-21-963789628-1060504924-4285088085-1001//MSTestAvailability-FF2FA111-E816-4D1B-BDDD-65F189969E50", "EventData.AlgorithmName": "RSA", "EventData.Flags": "0x00000000", "EventData.Status": "0x80090016", "EventData.ProcessName": "chrome.exe"}
{"EventID": "2", "Channel": "Microsoft-Windows-Crypto-NCrypt/Operational", "Provider_Name": "Microsoft-Windows-Crypto-NCrypt", "Computer": "DESKTOP-OFJ6N53", "TimeCreated": "2024-07-25 15:07:02.692528+00:00", "RecordID": "3397", "Level": "2", "UserID": "S-1-5-18", "EventData.ProviderName": "Microsoft Platform Crypto Provider", "EventData.Status": "0x80090030", "EventData.ProcessName": "taskhostw.exe"}
{"EventID": "2", "Channel": "Microsoft-Windows-Crypto-NCrypt/Operational", "Provider_Name": "Microsoft-Windows-Crypto-NCrypt", "Computer": "DESKTOP-OFJ6N53", "TimeCreated": "2024-07-25 20:28:14.699690+00:00", "RecordID": "3398", "Level": "2", "UserID": "S-1-5-21-963789628-1060504924-4285088085-1001", "EventData.ProviderName": "Microsoft Platform Crypto Provider", "EventData.Status": "0x80090030", "EventData.ProcessName": "msedge.exe"}
{"EventID": "4", "Channel": "Microsoft-Windows-Crypto-NCrypt/Operational", "Provider_Name": "Microsoft-Windows-Crypto-NCrypt", "Computer": "DESKTOP-OFJ6N53", "TimeCreated": "2024-07-25 20:28:14.767788+00:00", "RecordID": "3399", "Level": "2", "UserID": "S-1-5-21-963789628-1060504924-4285088085-1001", "EventData.ProviderName": "Microsoft Software Key Storage Provider", "EventData.KeyName": "ChromeMetricsTestKey", "EventData.AlgorithmName": "ECDSA_P256", "EventData.Flags": "0x00020000", "EventData.Status": "0x80090029", "EventData.ProcessName": "msedge.exe"}
{"EventID": "4", "Channel": "Microsoft-Windows-Crypto-NCrypt/Operational", "Provider_Name": "Microsoft-Windows-Crypto-NCrypt", "Computer": "DESKTOP-OFJ6N53", "TimeCreated": "2024-07-25 20:30:34.756207+00:00", "RecordID": "3400", "Level": "2", "UserID": "S-1-5-21-963789628-1060504924-4285088085-1001", "EventData.ProviderName": "Microsoft Software Key Storage Provider", "EventData.KeyName": "Microsoft-Edge-TB-test-key", "EventData.AlgorithmName": "ECDSA_P256", "EventData.Flags": "0x00020040", "EventData.Status": "0x80090029", "EventData.ProcessName": "msedgewebview2.exe"}
{"EventID": "4", "Channel": "Microsoft-Windows-Crypto-NCrypt/Operational", "Provider_Name": "Microsoft-Windows-Crypto-NCrypt", "Computer": "DESKTOP-OFJ6N53", "TimeCreated": "2024-07-25 21:28:14.251675+00:00", "RecordID": "3401", "Level": "2", "UserID": "S-1-5-21-963789628-1060504924-4285088085-1001", "EventData.ProviderName": "Microsoft Software Key Storage Provider", "EventData.KeyName": "Microsoft-Edge-TB-test-key", "EventData.AlgorithmName": "ECDSA_P256", "EventData.Flags": "0x00020040", "EventData.Status": "0x80090029", "EventData.ProcessName": "msedge.exe"}
{"EventID": "4", "Channel": "Microsoft-Windows-Crypto-NCrypt/Operational", "Provider_Name": "Microsoft-Windows-Crypto-NCrypt", "Computer": "DESKTOP-OFJ6N53", "TimeCreated": "2024-07-26 02:28:14.877016+00:00", "RecordID": "3402", "Level": "2", "UserID": "S-1-5-21-963789628-1060504924-4285088085-1001", "EventData.ProviderName": "Microsoft Software Key Storage Provider", "EventData.KeyName": "Microsoft-Edge-TB-test-key", "EventData.AlgorithmName": "ECDSA_P256", "EventData.Flags": "0x00020040", "EventData.Status": "0x80090029", "EventData.ProcessName": "msedge.exe"}
{"EventID": "2", "Channel": "Microsoft-Windows-Crypto-NCrypt/Operational", "Provider_Name": "Microsoft-Windows-Crypto-NCrypt", "Computer": "DESKTOP-OFJ6N53", "TimeCreated": "2024-07-26 02:28:15.203705+00:00", "RecordID": "3403", "Level": "2", "UserID": "S-1-5-21-963789628-1060504924-4285088085-1001", "EventData.ProviderName": "Microsoft Platform Crypto Provider", "EventData.Status": "0x80090030", "EventData.ProcessName": "msedge.exe"}
{"EventID": "4", "Channel": "Microsoft-Windows-Crypto-NCrypt/Operational", "Provider_Name": "Microsoft-Windows-Crypto-NCrypt", "Computer": "DESKTOP-OFJ6N53", "TimeCreated": "2024-07-26 02:28:15.211569+00:00", "RecordID": "3404", "Level": "2", "UserID": "S-1-5-21-963789628-1060504924-4285088085-1001", "EventData.ProviderName": "Microsoft Software Key Storage Provider", "EventData.KeyName": "ChromeMetricsTestKey", "EventData.AlgorithmName": "ECDSA_P256", "EventData.Flags": "0x00020000", "EventData.Status": "0x80090029", "EventData.ProcessName": "msedge.exe"}
{"EventID": "2", "Channel": "Microsoft-Windows-Crypto-NCrypt/Operational", "Provider_Name": "Microsoft-Windows-Crypto-NCrypt", "Computer": "DESKTOP-OFJ6N53", "TimeCreated": "2024-07-26 10:31:26.373251+00:00", "RecordID": "3405", "Level": "2", "UserID": "S-1-5-18", "EventData.ProviderName": "Microsoft Platform Crypto Provider", "EventData.Status": "0x80090030", "EventData.ProcessName": "taskhostw.exe"}
{"EventID": "4", "Channel": "Microsoft-Windows-Crypto-NCrypt/Operational", "Provider_Name": "Microsoft-Windows-Crypto-NCrypt", "Computer": "DESKTOP-OFJ6N53", "TimeCreated": "2024-07-27 13:28:18.360321+00:00", "RecordID": "3406", "Level": "2", "UserID": "S-1-5-21-963789628-1060504924-4285088085-1001", "EventData.ProviderName": "Microsoft Software Key Storage Provider", "EventData.KeyName": "Microsoft-Edge-TB-test-key", "EventData.AlgorithmName": "ECDSA_P256", "EventData.Flags": "0x00020040", "EventData.Status": "0x80090029", "EventData.ProcessName": "msedge.exe"}
{"EventID": "2", "Channel": "Microsoft-Windows-Crypto-NCrypt/Operational", "Provider_Name": "Microsoft-Windows-Crypto-NCrypt", "Computer": "DESKTOP-OFJ6N53", "TimeCreated": "2024-07-27 13:28:18.658987+00:00", "RecordID": "3407", "Level": "2", "UserID": "S-1-5-21-963789628-1060504924-4285088085-1001", "EventData.ProviderName": "Microsoft Platform Crypto Provider", "EventData.Status": "0x80090030", "EventData.ProcessName": "msedge.exe"}
{"EventID": "4", "Channel": "Microsoft-Windows-Crypto-NCrypt/Operational", "Provider_Name": "Microsoft-Windows-Crypto-NCrypt", "Computer": "DESKTOP-OFJ6N53", "TimeCreated": "2024-07-27 13:28:18.664621+00:00", "RecordID": "3408", "Level": "2", "UserID": "S-1-5-21-963789628-1060504924-4285088085-1001", "EventData.ProviderName": "Microsoft Software Key Storage Provider", "EventData.KeyName": "ChromeMetricsTestKey", "EventData.AlgorithmName": "ECDSA_P256", "EventData.Flags": "0x00020000", "EventData.Status": "0x80090029", "EventData.ProcessName": "msedge.exe"}
{"EventID": "4", "Channel": "Microsoft-Windows-Crypto-NCrypt/Operational", "Provider_Name": "Microsoft-Windows-Crypto-NCrypt", "Computer": "DESKTOP-OFJ6N53", "TimeCreated": "2024-07-27 15:28:18.392721+00:00", "RecordID": "3409", "Level": "2", "UserID": "S-1-5-21-963789628-1060504924-4285088085-1001", "EventData.ProviderName": "Microsoft Software Key Storage Provider", "EventData.KeyName": "Microsoft-Edge-TB-test-key", "EventData.AlgorithmName": "ECDSA_P256", "EventData.Flags": "0x00020040", "EventData.Status": "0x80090029", "EventData.ProcessName": "msedge.exe"}
{"EventID": "2", "Channel": "Microsoft-Windows-Crypto-NCrypt/Operational", "Provider_Name": "Microsoft-Windows-Crypto-NCrypt", "Computer": "DESKTOP-OFJ6N53", "TimeCreated": "2024-07-27 15:28:18.783590+00:00", "RecordID": "3410", "Level": "2", "UserID": "S-1-5-21-963789628-1060504924-4285088085-1001", "EventData.ProviderName": "Microsoft Platform Crypto Provider", "EventData.Status": "0x80090030", "EventData.ProcessName": "msedge.exe"}
{"EventID": "4", "Channel": "Microsoft-Windows-Crypto-NCrypt/Operational", "Provider_Name": "Microsoft-Windows-Crypto-NCrypt", "Computer": "DESKTOP-OFJ6N53", "TimeCreated": "2024-07-27 15:28:18.804546+00:00", "RecordID": "3411", "Level": "2", "UserID": "S-1-5-21-963789628-1060504924-4285088085-1001", "EventData.ProviderName": "Microsoft Software Key Storage Provider", "EventData.KeyName": "ChromeMetricsTestKey", "EventData.AlgorithmName": "ECDSA_P256", "EventData.Flags": "0x00020000", "EventData.Status": "0x80090029", "EventData.ProcessName": "msedge.exe"}
{"EventID": "4", "Channel": "Microsoft-Windows-Crypto-NCrypt/Operational", "Provider_Name": "Microsoft-Windows-Crypto-NCrypt", "Computer": "DESKTOP-OFJ6N53", "TimeCreated": "2024-07-28 03:28:18.994083+00:00", "RecordID": "3412", "Level": "2", "UserID": "S-1-5-21-963789628-1060504924-4285088085-1001", "EventData.ProviderName": "Microsoft Software Key Storage Provider", "EventData.KeyName": "Microsoft-Edge-TB-test-key", "EventData.AlgorithmName": "ECDSA_P256", "EventData.Flags": "0x00020040", "EventData.Status": "0x80090029", "EventData.ProcessName": "msedge.exe"}
{"EventID": "2", "Channel": "Microsoft-Windows-Crypto-NCrypt/Operational", "Provider_Name": "Microsoft-Windows-Crypto-NCrypt", "Computer": "DESKTOP-OFJ6N53", "TimeCreated": "2024-07-28 03:28:19.287329+00:00", "RecordID": "3413", "Level": "2", "UserID": "S-1-5-21-963789628-1060504924-4285088085-1001", "EventData.ProviderName": "Microsoft Platform Crypto Provider", "EventData.Status": "0x80090030", "EventData.ProcessName": "msedge.exe"}
