{"EventID": "4009", "Channel": "Microsoft-Windows-DeviceManagement-Enterprise-Diagnostics-Provider/Operational", "Provider_Name": "Microsoft-Windows-DeviceManagement-Enterprise-Diagnostics-Provider", "Computer": "DESKTOP-OFJ6N53", "TimeCreated": "2023-07-31 13:29:05.823395+00:00", "RecordID": "1312", "Level": "4", "UserID": "S-1-5-18", "EventData.HexInt1": "0x00000001", "EventData.HexInt2": "0x00000000", "EventData.HexInt3": "0x00000000"}
{"EventID": "4019", "Channel": "Microsoft-Windows-DeviceManagement-Enterprise-Diagnostics-Provider/Operational", "Provider_Name": "Microsoft-Windows-DeviceManagement-Enterprise-Diagnostics-Provider", "Computer": "DESKTOP-OFJ6N53", "TimeCreated": "2023-08-02 10:47:56.765005+00:00", "RecordID": "1313", "Level": "4", "UserID": "S-1-5-18"}
{"EventID": "4009", "Channel": "Microsoft-Windows-DeviceManagement-Enterprise-Diagnostics-Provider/Operational", "Provider_Name": "Microsoft-Windows-DeviceManagement-Enterprise-Diagnostics-Provider", "Computer": "DESKTOP-OFJ6N53", "TimeCreated": "2023-08-02 10:47:56.765011+00:00", "RecordID": "1314", "Level": "4", "UserID": "S-1-5-18", "EventData.HexInt1": "0x00000002", "EventData.HexInt2": "0x00000000", "EventData.HexInt3": "0x00000064"}
{"EventID": "4000", "Channel": "Microsoft-Windows-DeviceManagement-Enterprise-Diagnostics-Provider/Operational", "Provider_Name": "Microsoft-Windows-DeviceManagement-Enterprise-Diagnostics-Provider", "Computer": "DESKTOP-OFJ6N53", "TimeCreated": "2023-08-02 10:47:56.765343+00:00", "RecordID": "1315", "Level": "4", "UserID": "S-1-5-18", "EventData.HRESULT": "0x00000000"}
{"EventID": "4009", "Channel": "Microsoft-Windows-DeviceManagement-Enterprise-Diagnostics-Provider/Operational", "Provider_Name": "Microsoft-Windows-DeviceManagement-Enterprise-Diagnostics-Provider", "Computer": "DESKTOP-OFJ6N53", "TimeCreated": "2023-08-02 10:47:56.772194+00:00", "RecordID": "1316", "Level": "4", "UserID": "S-1-5-18", "EventData.HexInt1": "0x00000004", "EventData.HexInt2": "0x00000000", "EventData.HexInt3": "0x00000000"}
{"EventID": "4009", "Channel": "Microsoft-Windows-DeviceManagement-Enterprise-Diagnostics-Provider/Operational", "Provider_Name": "Microsoft-Windows-DeviceManagement-Enterprise-Diagnostics-Provider", "Computer": "DESKTOP-OFJ6N53", "TimeCreated": "2023-08-02 10:49:56.750759+00:00", "RecordID": "1317", "Level": "4", "UserID": "S-1-5-18", "EventData.HexInt1": "0x00000003", "EventData.HexInt2": "0x00000000", "EventData.HexInt3": "0x00000000"}
{"EventID": "4009", "Channel": "Microsoft-Windows-DeviceManagement-Enterprise-Diagnostics-Provider/Operational", "Provider_Name": "Microsoft-Windows-DeviceManagement-Enterprise-Diagnostics-Provider", "Computer": "DESKTOP-OFJ6N53", "TimeCreated": "2023-08-02 10:49:56.751295+00:00", "RecordID": "1318", "Level": "4", "UserID": "S-1-5-18", "EventData.HexInt1": "0x00000001", "EventData.HexInt2": "0x00000000", "EventData.HexInt3": "0x00000000"}
{"EventID": "829", "Channel": "Microsoft-Windows-DeviceManagement-Enterprise-Diagnostics-Provider/Operational", "Provider_Name": "Microsoft-Windows-DeviceManagement-Enterprise-Diagnostics-Provider", "Computer": "DESKTOP-OFJ6N53", "TimeCreated": "2023-08-03 15:15:47.284973+00:00", "RecordID": "1319", "Level": "4", "UserID": "S-1-5-18", "EventData.Message1": "DataProtection", "EventData.Message2": "EDPEnforcementLevel", "EventData.HexInt1": "0xa3bd5c75", "EventData.HexInt2": "0x13920028"}
{"EventID": "829", "Channel": "Microsoft-Windows-DeviceManagement-Enterprise-Diagnostics-Provider/Operational", "Provider_Name": "Microsoft-Windows-DeviceManagement-Enterprise-Diagnostics-Provider", "Computer": "DESKTOP-OFJ6N53", "TimeCreated": "2023-08-03 15:15:47.285244+00:00", "RecordID": "1320", "Level": "4", "UserID": "S-1-5-18", "EventData.Message1": "DataProtection", "EventData.Message2": "EnterpriseProtectedDomainNames", "EventData.HexInt1": "0xa3bd6475", "EventData.HexInt2": "0x13920028"}
{"EventID": "4019", "Channel": "Microsoft-Windows-DeviceManagement-Enterprise-Diagnostics-Provider/Operational", "Provider_Name": "Microsoft-Windows-DeviceManagement-Enterprise-Diagnostics-Provider", "Computer": "DESKTOP-OFJ6N53", "TimeCreated": "2023-08-10 08:00:50.304800+00:00", "RecordID": "1321", "Level": "4", "UserID": "S-1-5-18"}
{"EventID": "4009", "Channel": "Microsoft-Windows-DeviceManagement-Enterprise-Diagnostics-Provider/Operational", "Provider_Name": "Microsoft-Windows-DeviceManagement-Enterprise-Diagnostics-Provider", "Computer": "DESKTOP-OFJ6N53", "TimeCreated": "2023-08-10 08:00:50.304804+00:00", "RecordID": "1322", "Level": "4", "UserID": "S-1-5-18", "EventData.HexInt1": "0x00000002", "EventData.HexInt2": "0x00000000", "EventData.HexInt3": "0x00000064"}
{"EventID": "4000", "Channel": "Microsoft-Windows-DeviceManagement-Enterprise-Diagnostics-Provider/Operational", "Provider_Name": "Microsoft-Windows-DeviceManagement-Enterprise-Diagnostics-Provider", "Computer": "DESKTOP-OFJ6N53", "TimeCreated": "2023-08-10 08:00:50.304968+00:00", "RecordID": "1323", "Level": "4", "UserID": "S-1-5-18", "EventData.HRESULT": "0x00000000"}
{"EventID": "4009", "Channel": "Microsoft-Windows-DeviceManagement-Enterprise-Diagnostics-Provider/Operational", "Provider_Name": "Microsoft-Windows-DeviceManagement-Enterprise-Diagnostics-Provider", "Computer": "DESKTOP-OFJ6N53", "TimeCreated": "2023-08-10 08:00:50.309805+00:00", "RecordID": "1324", "Level": "4", "UserID": "S-1-5-18", "EventData.HexInt1": "0x00000004", "EventData.HexInt2": "0x00000000", "EventData.HexInt3": "0x00000000"}
{"EventID": "4009", "Channel": "Microsoft-Windows-DeviceManagement-Enterprise-Diagnostics-Provider/Operational", "Provider_Name": "Microsoft-Windows-DeviceManagement-Enterprise-Diagnostics-Provider", "Computer": "DESKTOP-OFJ6N53", "TimeCreated": "2023-08-10 08:02:50.316774+00:00", "RecordID": "1325", "Level": "4", "UserID": "S-1-5-18", "EventData.HexInt1": "0x00000003", "EventData.HexInt2": "0x00000000", "EventData.HexInt3": "0x00000000"}
{"EventID": "4009", "Channel": "Microsoft-Windows-DeviceManagement-Enterprise-Diagnostics-Provider/Operational", "Provider_Name": "Microsoft-Windows-DeviceManagement-Enterprise-Diagnostics-Provider", "Computer": "DESKTOP-OFJ6N53", "TimeCreated": "2023-08-10 08:02:50.317253+00:00", "RecordID": "1326", "Level": "4", "UserID": "S-1-5-18", "EventData.HexInt1": "0x00000001", "EventData.HexInt2": "0x00000000", "EventData.HexInt3": "0x00000000"}
{"EventID": "4019", "Channel": "Microsoft-Windows-DeviceManagement-Enterprise-Diagnostics-Provider/Operational", "Provider_Name": "Microsoft-Windows-DeviceManagement-Enterprise-Diagnostics-Provider", "Computer": "DESKTOP-OFJ6N53", "TimeCreated": "2023-08-16 10:10:36.365559+00:00", "RecordID": "1327", "Level": "4", "UserID": "S-1-5-18"}
{"EventID": "4009", "Channel": "Microsoft-Windows-DeviceManagement-Enterprise-Diagnostics-Provider/Operational", "Provider_Name": "Microsoft-Windows-DeviceManagement-Enterprise-Diagnostics-Provider", "Computer": "DESKTOP-OFJ6N53", "TimeCreated": "2023-08-16 10:10:36.365564+00:00", "RecordID": "1328", "Level": "4", "UserID": "S-1-5-18", "EventData.HexInt1": "0x00000002", "EventData.HexInt2": "0x00000000", "EventData.HexInt3": "0x00000064"}
{"EventID": "4000", "Channel": "Microsoft-Windows-DeviceManagement-Enterprise-Diagnostics-Provider/Operational", "Provider_Name": "Microsoft-Windows-DeviceManagement-Enterprise-Diagnostics-Provider", "Computer": "DESKTOP-OFJ6N53", "TimeCreated": "2023-08-16 10:10:36.365906+00:00", "RecordID": "1329", "Level": "4", "UserID": "S-1-5-18", "EventData.HRESULT": "0x00000000"}
{"EventID": "4009", "Channel": "Microsoft-Windows-DeviceManagement-Enterprise-Diagnostics-Provider/Operational", "Provider_Name": "Microsoft-Windows-DeviceManagement-Enterprise-Diagnostics-Provider", "Computer": "DESKTOP-OFJ6N53", "TimeCreated": "2023-08-16 10:10:36.370464+00:00", "RecordID": "1330", "Level": "4", "UserID": "S-1-5-18", "EventData.HexInt1": "0x00000004", "EventData.HexInt2": "0x00000000", "EventData.HexInt3": "0x00000000"}
{"EventID": "4009", "Channel": "Microsoft-Windows-DeviceManagement-Enterprise-Diagnostics-Provider/Operational", "Provider_Name": "Microsoft-Windows-DeviceManagement-Enterprise-Diagnostics-Provider", "Computer": "DESKTOP-OFJ6N53", "TimeCreated": "2023-08-16 10:12:36.371244+00:00", "RecordID": "1331", "Level": "4", "UserID": "S-1-5-18", "EventData.HexInt1": "0x00000003", "EventData.HexInt2": "0x00000000", "EventData.HexInt3": "0x00000000"}
{"EventID": "4009", "Channel": "Microsoft-Windows-DeviceManagement-Enterprise-Diagnostics-Provider/Operational", "Provider_Name": "Microsoft-Windows-DeviceManagement-Enterprise-Diagnostics-Provider", "Computer": "DESKTOP-OFJ6N53", "TimeCreated": "2023-08-16 10:12:36.371708+00:00", "RecordID": "1332", "Level": "4", "UserID": "S-1-5-18", "EventData.HexInt1": "0x00000001", "EventData.HexInt2": "0x00000000", "EventData.HexInt3": "0x00000000"}
{"EventID": "4019", "Channel": "Microsoft-Windows-DeviceManagement-Enterprise-Diagnostics-Provider/Operational", "Provider_Name": "Microsoft-Windows-DeviceManagement-Enterprise-Diagnostics-Provider", "Computer": "DESKTOP-OFJ6N53", "TimeCreated": "2023-08-29 22:55:37.312059+00:00", "RecordID": "1333", "Level": "4", "UserID": "S-1-5-18"}
{"EventID": "4009", "Channel": "Microsoft-Windows-DeviceManagement-Enterprise-Diagnostics-Provider/Operational", "Provider_Name": "Microsoft-Windows-DeviceManagement-Enterprise-Diagnostics-Provider", "Computer": "DESKTOP-OFJ6N53", "TimeCreated": "2023-08-29 22:55:37.312065+00:00", "RecordID": "1334", "Level": "4", "UserID": "S-1-5-18", "EventData.HexInt1": "0x00000002", "EventData.HexInt2": "0x00000000", "EventData.HexInt3": "0x00000064"}
{"EventID": "4000", "Channel": "Microsoft-Windows-DeviceManagement-Enterprise-Diagnostics-Provider/Operational", "Provider_Name": "Microsoft-Windows-DeviceManagement-Enterprise-Diagnostics-Provider", "Computer": "DESKTOP-OFJ6N53", "TimeCreated": "2023-08-29 22:55:37.312668+00:00", "RecordID": "1335", "Level": "4", "UserID": "S-1-5-18", "EventData.HRESULT": "0x00000000"}
{"EventID": "4009", "Channel": "Microsoft-Windows-DeviceManagement-Enterprise-Diagnostics-Provider/Operational", "Provider_Name": "Microsoft-Windows-DeviceManagement-Enterprise-Diagnostics-Provider", "Computer": "DESKTOP-OFJ6N53", "TimeCreated": "2023-08-29 22:55:37.319668+00:00", "RecordID": "1336", "Level": "4", "UserID": "S-1-5-18", "EventData.HexInt1": "0x00000004", "EventData.HexInt2": "0x00000000", "EventData.HexInt3": "0x00000000"}
{"EventID": "4009", "Channel": "Microsoft-Windows-DeviceManagement-Enterprise-Diagnostics-Provider/Operational", "Provider_Name": "Microsoft-Windows-DeviceManagement-Enterprise-Diagnostics-Provider", "Computer": "DESKTOP-OFJ6N53", "TimeCreated": "2023-08-29 22:57:37.326040+00:00", "RecordID": "1337", "Level": "4", "UserID": "S-1-5-18", "EventData.HexInt1": "0x00000003", "EventData.HexInt2": "0x00000000", "EventData.HexInt3": "0x00000000"}
{"EventID": "4009", "Channel": "Microsoft-Windows-DeviceManagement-Enterprise-Diagnostics-Provider/Operational", "Provider_Name": "Microsoft-Windows-DeviceManagement-Enterprise-Diagnostics-Provider", "Computer": "DESKTOP-OFJ6N53", "TimeCreated": "2023-08-29 22:57:37.326586+00:00", "RecordID": "1338", "Level": "4", "UserID": "S-1-5-18", "EventData.HexInt1": "0x00000001", "EventData.HexInt2": "0x00000000", "EventData.HexInt3": "0x00000000"}
{"EventID": "4019", "Channel": "Microsoft-Windows-DeviceManagement-Enterprise-Diagnostics-Provider/Operational", "Provider_Name": "Microsoft-Windows-DeviceManagement-Enterprise-Diagnostics-Provider", "Computer": "DESKTOP-OFJ6N53", "TimeCreated": "2023-09-04 14:47:19.512274+00:00", "RecordID": "1339", "Level": "4", "UserID": "S-1-5-18"}
{"EventID": "4009", "Channel": "Microsoft-Windows-DeviceManagement-Enterprise-Diagnostics-Provider/Operational", "Provider_Name": "Microsoft-Windows-DeviceManagement-Enterprise-Diagnostics-Provider", "Computer": "DESKTOP-OFJ6N53", "TimeCreated": "2023-09-04 14:47:19.512278+00:00", "RecordID": "1340", "Level": "4", "UserID": "S-1-5-18", "EventData.HexInt1": "0x00000002", "EventData.HexInt2": "0x00000000", "EventData.HexInt3": "0x00000064"}
{"EventID": "4000", "Channel": "Microsoft-Windows-DeviceManagement-Enterprise-Diagnostics-Provider/Operational", "Provider_Name": "Microsoft-Windows-DeviceManagement-Enterprise-Diagnostics-Provider", "Computer": "DESKTOP-OFJ6N53", "TimeCreated": "2023-09-04 14:47:19.512653+00:00", "RecordID": "1341", "Level": "4", "UserID": "S-1-5-18", "EventData.HRESULT": "0x00000000"}
{"EventID": "4009", "Channel": "Microsoft-Windows-DeviceManagement-Enterprise-Diagnostics-Provider/Operational", "Provider_Name": "Microsoft-Windows-DeviceManagement-Enterprise-Diagnostics-Provider", "Computer": "DESKTOP-OFJ6N53", "TimeCreated": "2023-09-04 14:47:19.517336+00:00", "RecordID": "1342", "Level": "4", "UserID": "S-1-5-18", "EventData.HexInt1": "0x00000004", "EventData.HexInt2": "0x00000000", "EventData.HexInt3": "0x00000000"}
{"EventID": "4009", "Channel": "Microsoft-Windows-DeviceManagement-Enterprise-Diagnostics-Provider/Operational", "Provider_Name": "Microsoft-Windows-DeviceManagement-Enterprise-Diagnostics-Provider", "Computer": "DESKTOP-OFJ6N53", "TimeCreated": "2023-09-04 14:49:19.514568+00:00", "RecordID": "1343", "Level": "4", "UserID": "S-1-5-18", "EventData.HexInt1": "0x00000003", "EventData.HexInt2": "0x00000000", "EventData.HexInt3": "0x00000000"}
{"EventID": "4009", "Channel": "Microsoft-Windows-DeviceManagement-Enterprise-Diagnostics-Provider/Operational", "Provider_Name": "Microsoft-Windows-DeviceManagement-Enterprise-Diagnostics-Provider", "Computer": "DESKTOP-OFJ6N53", "TimeCreated": "2023-09-04 14:49:19.515045+00:00", "RecordID": "1344", "Level": "4", "UserID": "S-1-5-18", "EventData.HexInt1": "0x00000001", "EventData.HexInt2": "0x00000000", "EventData.HexInt3": "0x00000000"}
{"EventID": "4019", "Channel": "Microsoft-Windows-DeviceManagement-Enterprise-Diagnostics-Provider/Operational", "Provider_Name": "Microsoft-Windows-DeviceManagement-Enterprise-Diagnostics-Provider", "Computer": "DESKTOP-OFJ6N53", "TimeCreated": "2023-09-13 14:47:21.408806+00:00", "RecordID": "1345", "Level": "4", "UserID": "S-1-5-18"}
{"EventID": "4009", "Channel": "Microsoft-Windows-DeviceManagement-Enterprise-Diagnostics-Provider/Operational", "Provider_Name": "Microsoft-Windows-DeviceManagement-Enterprise-Diagnostics-Provider", "Computer": "DESKTOP-OFJ6N53", "TimeCreated": "2023-09-13 14:47:21.408810+00:00", "RecordID": "1346", "Level": "4", "UserID": "S-1-5-18", "EventData.HexInt1": "0x00000002", "EventData.HexInt2": "0x00000000", "EventData.HexInt3": "0x00000064"}
{"EventID": "4000", "Channel": "Microsoft-Windows-DeviceManagement-Enterprise-Diagnostics-Provider/Operational", "Provider_Name": "Microsoft-Windows-DeviceManagement-Enterprise-Diagnostics-Provider", "Computer": "DESKTOP-OFJ6N53", "TimeCreated": "2023-09-13 14:47:21.409555+00:00", "RecordID": "1347", "Level": "4", "UserID": "S-1-5-18", "EventData.HRESULT": "0x00000000"}
{"EventID": "4009", "Channel": "Microsoft-Windows-DeviceManagement-Enterprise-Diagnostics-Provider/Operational", "Provider_Name": "Microsoft-Windows-DeviceManagement-Enterprise-Diagnostics-Provider", "Computer": "DESKTOP-OFJ6N53", "TimeCreated": "2023-09-13 14:47:21.414492+00:00", "RecordID": "1348", "Level": "4", "UserID": "S-1-5-18", "EventData.HexInt1": "0x00000004", "EventData.HexInt2": "0x00000000", "EventData.HexInt3": "0x00000000"}
{"EventID": "4009", "Channel": "Microsoft-Windows-DeviceManagement-Enterprise-Diagnostics-Provider/Operational", "Provider_Name": "Microsoft-Windows-DeviceManagement-Enterprise-Diagnostics-Provider", "Computer": "DESKTOP-OFJ6N53", "TimeCreated": "2023-09-13 14:49:21.414997+00:00", "RecordID": "1349", "Level": "4", "UserID": "S-1-5-18", "EventData.HexInt1": "0x00000003", "EventData.HexInt2": "0x00000000", "EventData.HexInt3": "0x00000000"}
{"EventID": "4009", "Channel": "Microsoft-Windows-DeviceManagement-Enterprise-Diagnostics-Provider/Operational", "Provider_Name": "Microsoft-Windows-DeviceManagement-Enterprise-Diagnostics-Provider", "Computer": "DESKTOP-OFJ6N53", "TimeCreated": "2023-09-13 14:49:21.415522+00:00", "RecordID": "1350", "Level": "4", "UserID": "S-1-5-18", "EventData.HexInt1": "0x00000001", "EventData.HexInt2": "0x00000000", "EventData.HexInt3": "0x00000000"}
{"EventID": "4019", "Channel": "Microsoft-Windows-DeviceManagement-Enterprise-Diagnostics-Provider/Operational", "Provider_Name": "Microsoft-Windows-DeviceManagement-Enterprise-Diagnostics-Provider", "Computer": "DESKTOP-OFJ6N53", "TimeCreated": "2023-09-29 16:21:36.351667+00:00", "RecordID": "1351", "Level": "4", "UserID": "S-1-5-18"}
{"EventID": "4009", "Channel": "Microsoft-Windows-DeviceManagement-Enterprise-Diagnostics-Provider/Operational", "Provider_Name": "Microsoft-Windows-DeviceManagement-Enterprise-Diagnostics-Provider", "Computer": "DESKTOP-OFJ6N53", "TimeCreated": "2023-09-29 16:21:36.351673+00:00", "RecordID": "1352", "Level": "4", "UserID": "S-1-5-18", "EventData.HexInt1": "0x00000002", "EventData.HexInt2": "0x00000000", "EventData.HexInt3": "0x00000064"}
{"EventID": "4000", "Channel": "Microsoft-Windows-DeviceManagement-Enterprise-Diagnostics-Provider/Operational", "Provider_Name": "Microsoft-Windows-DeviceManagement-Enterprise-Diagnostics-Provider", "Computer": "DESKTOP-OFJ6N53", "TimeCreated": "2023-09-29 16:21:36.352581+00:00", "RecordID": "1353", "Level": "4", "UserID": "S-1-5-18", "EventData.HRESULT": "0x00000000"}
{"EventID": "4009", "Channel": "Microsoft-Windows-DeviceManagement-Enterprise-Diagnostics-Provider/Operational", "Provider_Name": "Microsoft-Windows-DeviceManagement-Enterprise-Diagnostics-Provider", "Computer": "DESKTOP-OFJ6N53", "TimeCreated": "2023-09-29 16:21:36.357765+00:00", "RecordID": "1354", "Level": "4", "UserID": "S-1-5-18", "EventData.HexInt1": "0x00000004", "EventData.HexInt2": "0x00000000", "EventData.HexInt3": "0x00000000"}
{"EventID": "4009", "Channel": "Microsoft-Windows-DeviceManagement-Enterprise-Diagnostics-Provider/Operational", "Provider_Name": "Microsoft-Windows-DeviceManagement-Enterprise-Diagnostics-Provider", "Computer": "DESKTOP-OFJ6N53", "TimeCreated": "2023-09-29 16:23:36.356503+00:00", "RecordID": "1355", "Level": "4", "UserID": "S-1-5-18", "EventData.HexInt1": "0x00000003", "EventData.HexInt2": "0x00000000", "EventData.HexInt3": "0x00000000"}
{"EventID": "4009", "Channel": "Microsoft-Windows-DeviceManagement-Enterprise-Diagnostics-Provider/Operational", "Provider_Name": "Microsoft-Windows-DeviceManagement-Enterprise-Diagnostics-Provider", "Computer": "DESKTOP-OFJ6N53", "TimeCreated": "2023-09-29 16:23:36.356993+00:00", "RecordID": "1356", "Level": "4", "UserID": "S-1-5-18", "EventData.HexInt1": "0x00000001", "EventData.HexInt2": "0x00000000", "EventData.HexInt3": "0x00000000"}
{"EventID": "4019", "Channel": "Microsoft-Windows-DeviceManagement-Enterprise-Diagnostics-Provider/Operational", "Provider_Name": "Microsoft-Windows-DeviceManagement-Enterprise-Diagnostics-Provider", "Computer": "DESKTOP-OFJ6N53", "TimeCreated": "2023-10-12 17:06:03.254719+00:00", "RecordID": "1357", "Level": "4", "UserID": "S-1-5-18"}
{"EventID": "4009", "Channel": "Microsoft-Windows-DeviceManagement-Enterprise-Diagnostics-Provider/Operational", "Provider_Name": "Microsoft-Windows-DeviceManagement-Enterprise-Diagnostics-Provider", "Computer": "DESKTOP-OFJ6N53", "TimeCreated": "2023-10-12 17:06:03.254725+00:00", "RecordID": "1358", "Level": "4", "UserID": "S-1-5-18", "EventData.HexInt1": "0x00000002", "EventData.HexInt2": "0x00000000", "EventData.HexInt3": "0x00000064"}
{"EventID": "4000", "Channel": "Microsoft-Windows-DeviceManagement-Enterprise-Diagnostics-Provider/Operational", "Provider_Name": "Microsoft-Windows-DeviceManagement-Enterprise-Diagnostics-Provider", "Computer": "DESKTOP-OFJ6N53", "TimeCreated": "2023-10-12 17:06:03.255819+00:00", "RecordID": "1359", "Level": "4", "UserID": "S-1-5-18", "EventData.HRESULT": "0x00000000"}
{"EventID": "4009", "Channel": "Microsoft-Windows-DeviceManagement-Enterprise-Diagnostics-Provider/Operational", "Provider_Name": "Microsoft-Windows-DeviceManagement-Enterprise-Diagnostics-Provider", "Computer": "DESKTOP-OFJ6N53", "TimeCreated": "2023-10-12 17:06:03.260025+00:00", "RecordID": "1360", "Level": "4", "UserID": "S-1-5-18", "EventData.HexInt1": "0x00000004", "EventData.HexInt2": "0x00000000", "EventData.HexInt3": "0x00000000"}
{"EventID": "4009", "Channel": "Microsoft-Windows-DeviceManagement-Enterprise-Diagnostics-Provider/Operational", "Provider_Name": "Microsoft-Windows-DeviceManagement-Enterprise-Diagnostics-Provider", "Computer": "DESKTOP-OFJ6N53", "TimeCreated": "2023-10-12 17:08:03.256706+00:00", "RecordID": "1361", "Level": "4", "UserID": "S-1-5-18", "EventData.HexInt1": "0x00000003", "EventData.HexInt2": "0x00000000", "EventData.HexInt3": "0x00000000"}
{"EventID": "4009", "Channel": "Microsoft-Windows-DeviceManagement-Enterprise-Diagnostics-Provider/Operational", "Provider_Name": "Microsoft-Windows-DeviceManagement-Enterprise-Diagnostics-Provider", "Computer": "DESKTOP-OFJ6N53", "TimeCreated": "2023-10-12 17:08:03.257078+00:00", "RecordID": "1362", "Level": "4", "UserID": "S-1-5-18", "EventData.HexInt1": "0x00000001", "EventData.HexInt2": "0x00000000", "EventData.HexInt3": "0x00000000"}
{"EventID": "4019", "Channel": "Microsoft-Windows-DeviceManagement-Enterprise-Diagnostics-Provider/Operational", "Provider_Name": "Microsoft-Windows-DeviceManagement-Enterprise-Diagnostics-Provider", "Computer": "DESKTOP-OFJ6N53", "TimeCreated": "2023-10-27 14:51:22.256433+00:00", "RecordID": "1363", "Level": "4", "UserID": "S-1-5-18"}
{"EventID": "4009", "Channel": "Microsoft-Windows-DeviceManagement-Enterprise-Diagnostics-Provider/Operational", "Provider_Name": "Microsoft-Windows-DeviceManagement-Enterprise-Diagnostics-Provider", "Computer": "DESKTOP-OFJ6N53", "TimeCreated": "2023-10-27 14:51:22.256435+00:00", "RecordID": "1364", "Level": "4", "UserID": "S-1-5-18", "EventData.HexInt1": "0x00000002", "EventData.HexInt2": "0x00000000", "EventData.HexInt3": "0x00000064"}
{"EventID": "4000", "Channel": "Microsoft-Windows-DeviceManagement-Enterprise-Diagnostics-Provider/Operational", "Provider_Name": "Microsoft-Windows-DeviceManagement-Enterprise-Diagnostics-Provider", "Computer": "DESKTOP-OFJ6N53", "TimeCreated": "2023-10-27 14:51:22.256773+00:00", "RecordID": "1365", "Level": "4", "UserID": "S-1-5-18", "EventData.HRESULT": "0x00000000"}
{"EventID": "4009", "Channel": "Microsoft-Windows-DeviceManagement-Enterprise-Diagnostics-Provider/Operational", "Provider_Name": "Microsoft-Windows-DeviceManagement-Enterprise-Diagnostics-Provider", "Computer": "DESKTOP-OFJ6N53", "TimeCreated": "2023-10-27 14:51:22.262579+00:00", "RecordID": "1366", "Level": "4", "UserID": "S-1-5-18", "EventData.HexInt1": "0x00000004", "EventData.HexInt2": "0x00000000", "EventData.HexInt3": "0x00000000"}
{"EventID": "4009", "Channel": "Microsoft-Windows-DeviceManagement-Enterprise-Diagnostics-Provider/Operational", "Provider_Name": "Microsoft-Windows-DeviceManagement-Enterprise-Diagnostics-Provider", "Computer": "DESKTOP-OFJ6N53", "TimeCreated": "2023-10-27 14:53:22.256842+00:00", "RecordID": "1367", "Level": "4", "UserID": "S-1-5-18", "EventData.HexInt1": "0x00000003", "EventData.HexInt2": "0x00000000", "EventData.HexInt3": "0x00000000"}
{"EventID": "4009", "Channel": "Microsoft-Windows-DeviceManagement-Enterprise-Diagnostics-Provider/Operational", "Provider_Name": "Microsoft-Windows-DeviceManagement-Enterprise-Diagnostics-Provider", "Computer": "DESKTOP-OFJ6N53", "TimeCreated": "2023-10-27 14:53:22.257309+00:00", "RecordID": "1368", "Level": "4", "UserID": "S-1-5-18", "EventData.HexInt1": "0x00000001", "EventData.HexInt2": "0x00000000", "EventData.HexInt3": "0x00000000"}
{"EventID": "4019", "Channel": "Microsoft-Windows-DeviceManagement-Enterprise-Diagnostics-Provider/Operational", "Provider_Name": "Microsoft-Windows-DeviceManagement-Enterprise-Diagnostics-Provider", "Computer": "DESKTOP-OFJ6N53", "TimeCreated": "2023-11-20 15:16:23.477762+00:00", "RecordID": "1369", "Level": "4", "UserID": "S-1-5-18"}
{"EventID": "4009", "Channel": "Microsoft-Windows-DeviceManagement-Enterprise-Diagnostics-Provider/Operational", "Provider_Name": "Microsoft-Windows-DeviceManagement-Enterprise-Diagnostics-Provider", "Computer": "DESKTOP-OFJ6N53", "TimeCreated": "2023-11-20 15:16:23.479563+00:00", "RecordID": "1370", "Level": "4", "UserID": "S-1-5-18", "EventData.HexInt1": "0x00000002", "EventData.HexInt2": "0x00000000", "EventData.HexInt3": "0x00000064"}
{"EventID": "4000", "Channel": "Microsoft-Windows-DeviceManagement-Enterprise-Diagnostics-Provider/Operational", "Provider_Name": "Microsoft-Windows-DeviceManagement-Enterprise-Diagnostics-Provider", "Computer": "DESKTOP-OFJ6N53", "TimeCreated": "2023-11-20 15:16:23.479736+00:00", "RecordID": "1371", "Level": "4", "UserID": "S-1-5-18", "EventData.HRESULT": "0x00000000"}
{"EventID": "4009", "Channel": "Microsoft-Windows-DeviceManagement-Enterprise-Diagnostics-Provider/Operational", "Provider_Name": "Microsoft-Windows-DeviceManagement-Enterprise-Diagnostics-Provider", "Computer": "DESKTOP-OFJ6N53", "TimeCreated": "2023-11-20 15:16:23.491255+00:00", "RecordID": "1372", "Level": "4", "UserID": "S-1-5-18", "EventData.HexInt1": "0x00000004", "EventData.HexInt2": "0x00000000", "EventData.HexInt3": "0x00000000"}
{"EventID": "4009", "Channel": "Microsoft-Windows-DeviceManagement-Enterprise-Diagnostics-Provider/Operational", "Provider_Name": "Microsoft-Windows-DeviceManagement-Enterprise-Diagnostics-Provider", "Computer": "DESKTOP-OFJ6N53", "TimeCreated": "2023-11-20 15:18:23.490595+00:00", "RecordID": "1373", "Level": "4", "UserID": "S-1-5-18", "EventData.HexInt1": "0x00000003", "EventData.HexInt2": "0x00000000", "EventData.HexInt3": "0x00000000"}
{"EventID": "4009", "Channel": "Microsoft-Windows-DeviceManagement-Enterprise-Diagnostics-Provider/Operational", "Provider_Name": "Microsoft-Windows-DeviceManagement-Enterprise-Diagnostics-Provider", "Computer": "DESKTOP-OFJ6N53", "TimeCreated": "2023-11-20 15:18:23.491055+00:00", "RecordID": "1374", "Level": "4", "UserID": "S-1-5-18", "EventData.HexInt1": "0x00000001", "EventData.HexInt2": "0x00000000", "EventData.HexInt3": "0x00000000"}
{"EventID": "4019", "Channel": "Microsoft-Windows-DeviceManagement-Enterprise-Diagnostics-Provider/Operational", "Provider_Name": "Microsoft-Windows-DeviceManagement-Enterprise-Diagnostics-Provider", "Computer": "DESKTOP-OFJ6N53", "TimeCreated": "2023-12-12 07:41:24.276197+00:00", "RecordID": "1375", "Level": "4", "UserID": "S-1-5-18"}
{"EventID": "4009", "Channel": "Microsoft-Windows-DeviceManagement-Enterprise-Diagnostics-Provider/Operational", "Provider_Name": "Microsoft-Windows-DeviceManagement-Enterprise-Diagnostics-Provider", "Computer": "DESKTOP-OFJ6N53", "TimeCreated": "2023-12-12 07:41:24.276449+00:00", "RecordID": "1376", "Level": "4", "UserID": "S-1-5-18", "EventData.HexInt1": "0x00000002", "EventData.HexInt2": "0x00000000", "EventData.HexInt3": "0x00000064"}
{"EventID": "4000", "Channel": "Microsoft-Windows-DeviceManagement-Enterprise-Diagnostics-Provider/Operational", "Provider_Name": "Microsoft-Windows-DeviceManagement-Enterprise-Diagnostics-Provider", "Computer": "DESKTOP-OFJ6N53", "TimeCreated": "2023-12-12 07:41:24.276649+00:00", "RecordID": "1377", "Level": "4", "UserID": "S-1-5-18", "EventData.HRESULT": "0x00000000"}
{"EventID": "4009", "Channel": "Microsoft-Windows-DeviceManagement-Enterprise-Diagnostics-Provider/Operational", "Provider_Name": "Microsoft-Windows-DeviceManagement-Enterprise-Diagnostics-Provider", "Computer": "DESKTOP-OFJ6N53", "TimeCreated": "2023-12-12 07:41:24.286736+00:00", "RecordID": "1378", "Level": "4", "UserID": "S-1-5-18", "EventData.HexInt1": "0x00000004", "EventData.HexInt2": "0x00000000", "EventData.HexInt3": "0x00000000"}
{"EventID": "4009", "Channel": "Microsoft-Windows-DeviceManagement-Enterprise-Diagnostics-Provider/Operational", "Provider_Name": "Microsoft-Windows-DeviceManagement-Enterprise-Diagnostics-Provider", "Computer": "DESKTOP-OFJ6N53", "TimeCreated": "2023-12-12 07:43:24.283279+00:00", "RecordID": "1379", "Level": "4", "UserID": "S-1-5-18", "EventData.HexInt1": "0x00000003", "EventData.HexInt2": "0x00000000", "EventData.HexInt3": "0x00000000"}
{"EventID": "4009", "Channel": "Microsoft-Windows-DeviceManagement-Enterprise-Diagnostics-Provider/Operational", "Provider_Name": "Microsoft-Windows-DeviceManagement-Enterprise-Diagnostics-Provider", "Computer": "DESKTOP-OFJ6N53", "TimeCreated": "2023-12-12 07:43:24.283772+00:00", "RecordID": "1380", "Level": "4", "UserID": "S-1-5-18", "EventData.HexInt1": "0x00000001", "EventData.HexInt2": "0x00000000", "EventData.HexInt3": "0x00000000"}
{"EventID": "4019", "Channel": "Microsoft-Windows-DeviceManagement-Enterprise-Diagnostics-Provider/Operational", "Provider_Name": "Microsoft-Windows-DeviceManagement-Enterprise-Diagnostics-Provider", "Computer": "DESKTOP-OFJ6N53", "TimeCreated": "2023-12-13 14:44:57.106073+00:00", "RecordID": "1381", "Level": "4", "UserID": "S-1-5-18"}
{"EventID": "4009", "Channel": "Microsoft-Windows-DeviceManagement-Enterprise-Diagnostics-Provider/Operational", "Provider_Name": "Microsoft-Windows-DeviceManagement-Enterprise-Diagnostics-Provider", "Computer": "DESKTOP-OFJ6N53", "TimeCreated": "2023-12-13 14:44:57.106237+00:00", "RecordID": "1382", "Level": "4", "UserID": "S-1-5-18", "EventData.HexInt1": "0x00000002", "EventData.HexInt2": "0x00000000", "EventData.HexInt3": "0x00000064"}
{"EventID": "4000", "Channel": "Microsoft-Windows-DeviceManagement-Enterprise-Diagnostics-Provider/Operational", "Provider_Name": "Microsoft-Windows-DeviceManagement-Enterprise-Diagnostics-Provider", "Computer": "DESKTOP-OFJ6N53", "TimeCreated": "2023-12-13 14:44:57.106421+00:00", "RecordID": "1383", "Level": "4", "UserID": "S-1-5-18", "EventData.HRESULT": "0x00000000"}
{"EventID": "4009", "Channel": "Microsoft-Windows-DeviceManagement-Enterprise-Diagnostics-Provider/Operational", "Provider_Name": "Microsoft-Windows-DeviceManagement-Enterprise-Diagnostics-Provider", "Computer": "DESKTOP-OFJ6N53", "TimeCreated": "2023-12-13 14:44:57.110216+00:00", "RecordID": "1384", "Level": "4", "UserID": "S-1-5-18", "EventData.HexInt1": "0x00000004", "EventData.HexInt2": "0x00000000", "EventData.HexInt3": "0x00000000"}
{"EventID": "4009", "Channel": "Microsoft-Windows-DeviceManagement-Enterprise-Diagnostics-Provider/Operational", "Provider_Name": "Microsoft-Windows-DeviceManagement-Enterprise-Diagnostics-Provider", "Computer": "DESKTOP-OFJ6N53", "TimeCreated": "2023-12-13 14:46:57.112085+00:00", "RecordID": "1385", "Level": "4", "UserID": "S-1-5-18", "EventData.HexInt1": "0x00000003", "EventData.HexInt2": "0x00000000", "EventData.HexInt3": "0x00000000"}
{"EventID": "4009", "Channel": "Microsoft-Windows-DeviceManagement-Enterprise-Diagnostics-Provider/Operational", "Provider_Name": "Microsoft-Windows-DeviceManagement-Enterprise-Diagnostics-Provider", "Computer": "DESKTOP-OFJ6N53", "TimeCreated": "2023-12-13 14:46:57.112551+00:00", "RecordID": "1386", "Level": "4", "UserID": "S-1-5-18", "EventData.HexInt1": "0x00000001", "EventData.HexInt2": "0x00000000", "EventData.HexInt3": "0x00000000"}
{"EventID": "4019", "Channel": "Microsoft-Windows-DeviceManagement-Enterprise-Diagnostics-Provider/Operational", "Provider_Name": "Microsoft-Windows-DeviceManagement-Enterprise-Diagnostics-Provider", "Computer": "DESKTOP-OFJ6N53", "TimeCreated": "2023-12-29 15:13:17.583624+00:00", "RecordID": "1387", "Level": "4", "UserID": "S-1-5-18"}
{"EventID": "4009", "Channel": "Microsoft-Windows-DeviceManagement-Enterprise-Diagnostics-Provider/Operational", "Provider_Name": "Microsoft-Windows-DeviceManagement-Enterprise-Diagnostics-Provider", "Computer": "DESKTOP-OFJ6N53", "TimeCreated": "2023-12-29 15:13:17.583780+00:00", "RecordID": "1388", "Level": "4", "UserID": "S-1-5-18", "EventData.HexInt1": "0x00000002", "EventData.HexInt2": "0x00000000", "EventData.HexInt3": "0x00000064"}
{"EventID": "4000", "Channel": "Microsoft-Windows-DeviceManagement-Enterprise-Diagnostics-Provider/Operational", "Provider_Name": "Microsoft-Windows-DeviceManagement-Enterprise-Diagnostics-Provider", "Computer": "DESKTOP-OFJ6N53", "TimeCreated": "2023-12-29 15:13:17.583939+00:00", "RecordID": "1389", "Level": "4", "UserID": "S-1-5-18", "EventData.HRESULT": "0x00000000"}
{"EventID": "4009", "Channel": "Microsoft-Windows-DeviceManagement-Enterprise-Diagnostics-Provider/Operational", "Provider_Name": "Microsoft-Windows-DeviceManagement-Enterprise-Diagnostics-Provider", "Computer": "DESKTOP-OFJ6N53", "TimeCreated": "2023-12-29 15:13:17.587734+00:00", "RecordID": "1390", "Level": "4", "UserID": "S-1-5-18", "EventData.HexInt1": "0x00000004", "EventData.HexInt2": "0x00000000", "EventData.HexInt3": "0x00000000"}
{"EventID": "4009", "Channel": "Microsoft-Windows-DeviceManagement-Enterprise-Diagnostics-Provider/Operational", "Provider_Name": "Microsoft-Windows-DeviceManagement-Enterprise-Diagnostics-Provider", "Computer": "DESKTOP-OFJ6N53", "TimeCreated": "2023-12-29 15:15:17.592869+00:00", "RecordID": "1391", "Level": "4", "UserID": "S-1-5-18", "EventData.HexInt1": "0x00000003", "EventData.HexInt2": "0x00000000", "EventData.HexInt3": "0x00000000"}
{"EventID": "4009", "Channel": "Microsoft-Windows-DeviceManagement-Enterprise-Diagnostics-Provider/Operational", "Provider_Name": "Microsoft-Windows-DeviceManagement-Enterprise-Diagnostics-Provider", "Computer": "DESKTOP-OFJ6N53", "TimeCreated": "2023-12-29 15:15:17.593248+00:00", "RecordID": "1392", "Level": "4", "UserID": "S-1-5-18", "EventData.HexInt1": "0x00000001", "EventData.HexInt2": "0x00000000", "EventData.HexInt3": "0x00000000"}
{"EventID": "4019", "Channel": "Microsoft-Windows-DeviceManagement-Enterprise-Diagnostics-Provider/Operational", "Provider_Name": "Microsoft-Windows-DeviceManagement-Enterprise-Diagnostics-Provider", "Computer": "DESKTOP-OFJ6N53", "TimeCreated": "2024-01-10 15:08:57.526867+00:00", "RecordID": "1393", "Level": "4", "UserID": "S-1-5-18"}
{"EventID": "4009", "Channel": "Microsoft-Windows-DeviceManagement-Enterprise-Diagnostics-Provider/Operational", "Provider_Name": "Microsoft-Windows-DeviceManagement-Enterprise-Diagnostics-Provider", "Computer": "DESKTOP-OFJ6N53", "TimeCreated": "2024-01-10 15:08:57.527035+00:00", "RecordID": "1394", "Level": "4", "UserID": "S-1-5-18", "EventData.HexInt1": "0x00000002", "EventData.HexInt2": "0x00000000", "EventData.HexInt3": "0x00000064"}
{"EventID": "4000", "Channel": "Microsoft-Windows-DeviceManagement-Enterprise-Diagnostics-Provider/Operational", "Provider_Name": "Microsoft-Windows-DeviceManagement-Enterprise-Diagnostics-Provider", "Computer": "DESKTOP-OFJ6N53", "TimeCreated": "2024-01-10 15:08:57.527185+00:00", "RecordID": "1395", "Level": "4", "UserID": "S-1-5-18", "EventData.HRESULT": "0x00000000"}
{"EventID": "4009", "Channel": "Microsoft-Windows-DeviceManagement-Enterprise-Diagnostics-Provider/Operational", "Provider_Name": "Microsoft-Windows-DeviceManagement-Enterprise-Diagnostics-Provider", "Computer": "DESKTOP-OFJ6N53", "TimeCreated": "2024-01-10 15:08:57.534843+00:00", "RecordID": "1396", "Level": "4", "UserID": "S-1-5-18", "EventData.HexInt1": "0x00000004", "EventData.HexInt2": "0x00000000", "EventData.HexInt3": "0x00000000"}
{"EventID": "4009", "Channel": "Microsoft-Windows-DeviceManagement-Enterprise-Diagnostics-Provider/Operational", "Provider_Name": "Microsoft-Windows-DeviceManagement-Enterprise-Diagnostics-Provider", "Computer": "DESKTOP-OFJ6N53", "TimeCreated": "2024-01-10 15:10:57.530594+00:00", "RecordID": "1397", "Level": "4", "UserID": "S-1-5-18", "EventData.HexInt1": "0x00000003", "EventData.HexInt2": "0x00000000", "EventData.HexInt3": "0x00000000"}
{"EventID": "4009", "Channel": "Microsoft-Windows-DeviceManagement-Enterprise-Diagnostics-Provider/Operational", "Provider_Name": "Microsoft-Windows-DeviceManagement-Enterprise-Diagnostics-Provider", "Computer": "DESKTOP-OFJ6N53", "TimeCreated": "2024-01-10 15:10:57.531277+00:00", "RecordID": "1398", "Level": "4", "UserID": "S-1-5-18", "EventData.HexInt1": "0x00000001", "EventData.HexInt2": "0x00000000", "EventData.HexInt3": "0x00000000"}
{"EventID": "829", "Channel": "Microsoft-Windows-DeviceManagement-Enterprise-Diagnostics-Provider/Operational", "Provider_Name": "Microsoft-Windows-DeviceManagement-Enterprise-Diagnostics-Provider", "Computer": "DESKTOP-OFJ6N53", "TimeCreated": "2024-02-15 13:07:36.710255+00:00", "RecordID": "1399", "Level": "4", "UserID": "S-1-5-18", "EventData.Message1": "DataProtection", "EventData.Message2": "EDPEnforcementLevel", "EventData.HexInt1": "0xa3bd5c75", "EventData.HexInt2": "0x13920028"}
{"EventID": "829", "Channel": "Microsoft-Windows-DeviceManagement-Enterprise-Diagnostics-Provider/Operational", "Provider_Name": "Microsoft-Windows-DeviceManagement-Enterprise-Diagnostics-Provider", "Computer": "DESKTOP-OFJ6N53", "TimeCreated": "2024-02-15 13:07:36.711155+00:00", "RecordID": "1400", "Level": "4", "UserID": "S-1-5-18", "EventData.Message1": "DataProtection", "EventData.Message2": "EnterpriseProtectedDomainNames", "EventData.HexInt1": "0xa3bd6475", "EventData.HexInt2": "0x13920028"}
{"EventID": "4019", "Channel": "Microsoft-Windows-DeviceManagement-Enterprise-Diagnostics-Provider/Operational", "Provider_Name": "Microsoft-Windows-DeviceManagement-Enterprise-Diagnostics-Provider", "Computer": "DESKTOP-OFJ6N53", "TimeCreated": "2024-02-15 15:37:42.073828+00:00", "RecordID": "1401", "Level": "4", "UserID": "S-1-5-18"}
{"EventID": "4009", "Channel": "Microsoft-Windows-DeviceManagement-Enterprise-Diagnostics-Provider/Operational", "Provider_Name": "Microsoft-Windows-DeviceManagement-Enterprise-Diagnostics-Provider", "Computer": "DESKTOP-OFJ6N53", "TimeCreated": "2024-02-15 15:37:42.073982+00:00", "RecordID": "1402", "Level": "4", "UserID": "S-1-5-18", "EventData.HexInt1": "0x00000002", "EventData.HexInt2": "0x00000000", "EventData.HexInt3": "0x00000064"}
{"EventID": "4000", "Channel": "Microsoft-Windows-DeviceManagement-Enterprise-Diagnostics-Provider/Operational", "Provider_Name": "Microsoft-Windows-DeviceManagement-Enterprise-Diagnostics-Provider", "Computer": "DESKTOP-OFJ6N53", "TimeCreated": "2024-02-15 15:37:42.074114+00:00", "RecordID": "1403", "Level": "4", "UserID": "S-1-5-18", "EventData.HRESULT": "0x00000000"}
{"EventID": "4009", "Channel": "Microsoft-Windows-DeviceManagement-Enterprise-Diagnostics-Provider/Operational", "Provider_Name": "Microsoft-Windows-DeviceManagement-Enterprise-Diagnostics-Provider", "Computer": "DESKTOP-OFJ6N53", "TimeCreated": "2024-02-15 15:37:42.076710+00:00", "RecordID": "1404", "Level": "4", "UserID": "S-1-5-18", "EventData.HexInt1": "0x00000004", "EventData.HexInt2": "0x00000000", "EventData.HexInt3": "0x00000000"}
{"EventID": "4009", "Channel": "Microsoft-Windows-DeviceManagement-Enterprise-Diagnostics-Provider/Operational", "Provider_Name": "Microsoft-Windows-DeviceManagement-Enterprise-Diagnostics-Provider", "Computer": "DESKTOP-OFJ6N53", "TimeCreated": "2024-02-15 15:39:42.076979+00:00", "RecordID": "1405", "Level": "4", "UserID": "S-1-5-18", "EventData.HexInt1": "0x00000003", "EventData.HexInt2": "0x00000000", "EventData.HexInt3": "0x00000000"}
{"EventID": "4009", "Channel": "Microsoft-Windows-DeviceManagement-Enterprise-Diagnostics-Provider/Operational", "Provider_Name": "Microsoft-Windows-DeviceManagement-Enterprise-Diagnostics-Provider", "Computer": "DESKTOP-OFJ6N53", "TimeCreated": "2024-02-15 15:39:42.077459+00:00", "RecordID": "1406", "Level": "4", "UserID": "S-1-5-18", "EventData.HexInt1": "0x00000001", "EventData.HexInt2": "0x00000000", "EventData.HexInt3": "0x00000000"}
{"EventID": "4019", "Channel": "Microsoft-Windows-DeviceManagement-Enterprise-Diagnostics-Provider/Operational", "Provider_Name": "Microsoft-Windows-DeviceManagement-Enterprise-Diagnostics-Provider", "Computer": "DESKTOP-OFJ6N53", "TimeCreated": "2024-03-12 11:15:10.367477+00:00", "RecordID": "1407", "Level": "4", "UserID": "S-1-5-18"}
{"EventID": "4009", "Channel": "Microsoft-Windows-DeviceManagement-Enterprise-Diagnostics-Provider/Operational", "Provider_Name": "Microsoft-Windows-DeviceManagement-Enterprise-Diagnostics-Provider", "Computer": "DESKTOP-OFJ6N53", "TimeCreated": "2024-03-12 11:15:10.368698+00:00", "RecordID": "1408", "Level": "4", "UserID": "S-1-5-18", "EventData.HexInt1": "0x00000002", "EventData.HexInt2": "0x00000000", "EventData.HexInt3": "0x00000064"}
{"EventID": "4000", "Channel": "Microsoft-Windows-DeviceManagement-Enterprise-Diagnostics-Provider/Operational", "Provider_Name": "Microsoft-Windows-DeviceManagement-Enterprise-Diagnostics-Provider", "Computer": "DESKTOP-OFJ6N53", "TimeCreated": "2024-03-12 11:15:10.368904+00:00", "RecordID": "1409", "Level": "4", "UserID": "S-1-5-18", "EventData.HRESULT": "0x00000000"}
{"EventID": "4009", "Channel": "Microsoft-Windows-DeviceManagement-Enterprise-Diagnostics-Provider/Operational", "Provider_Name": "Microsoft-Windows-DeviceManagement-Enterprise-Diagnostics-Provider", "Computer": "DESKTOP-OFJ6N53", "TimeCreated": "2024-03-12 11:15:10.375862+00:00", "RecordID": "1410", "Level": "4", "UserID": "S-1-5-18", "EventData.HexInt1": "0x00000004", "EventData.HexInt2": "0x00000000", "EventData.HexInt3": "0x00000000"}
{"EventID": "4009", "Channel": "Microsoft-Windows-DeviceManagement-Enterprise-Diagnostics-Provider/Operational", "Provider_Name": "Microsoft-Windows-DeviceManagement-Enterprise-Diagnostics-Provider", "Computer": "DESKTOP-OFJ6N53", "TimeCreated": "2024-03-12 11:17:10.372066+00:00", "RecordID": "1411", "Level": "4", "UserID": "S-1-5-18", "EventData.HexInt1": "0x00000003", "EventData.HexInt2": "0x00000000", "EventData.HexInt3": "0x00000000"}
{"EventID": "4009", "Channel": "Microsoft-Windows-DeviceManagement-Enterprise-Diagnostics-Provider/Operational", "Provider_Name": "Microsoft-Windows-DeviceManagement-Enterprise-Diagnostics-Provider", "Computer": "DESKTOP-OFJ6N53", "TimeCreated": "2024-03-12 11:17:10.372419+00:00", "RecordID": "1412", "Level": "4", "UserID": "S-1-5-18", "EventData.HexInt1": "0x00000001", "EventData.HexInt2": "0x00000000", "EventData.HexInt3": "0x00000000"}
{"EventID": "4019", "Channel": "Microsoft-Windows-DeviceManagement-Enterprise-Diagnostics-Provider/Operational", "Provider_Name": "Microsoft-Windows-DeviceManagement-Enterprise-Diagnostics-Provider", "Computer": "DESKTOP-OFJ6N53", "TimeCreated": "2024-04-12 03:03:56.566017+00:00", "RecordID": "1413", "Level": "4", "UserID": "S-1-5-18"}
{"EventID": "4009", "Channel": "Microsoft-Windows-DeviceManagement-Enterprise-Diagnostics-Provider/Operational", "Provider_Name": "Microsoft-Windows-DeviceManagement-Enterprise-Diagnostics-Provider", "Computer": "DESKTOP-OFJ6N53", "TimeCreated": "2024-04-12 03:03:56.566021+00:00", "RecordID": "1414", "Level": "4", "UserID": "S-1-5-18", "EventData.HexInt1": "0x00000002", "EventData.HexInt2": "0x00000000", "EventData.HexInt3": "0x00000064"}
{"EventID": "4000", "Channel": "Microsoft-Windows-DeviceManagement-Enterprise-Diagnostics-Provider/Operational", "Provider_Name": "Microsoft-Windows-DeviceManagement-Enterprise-Diagnostics-Provider", "Computer": "DESKTOP-OFJ6N53", "TimeCreated": "2024-04-12 03:03:56.566242+00:00", "RecordID": "1415", "Level": "4", "UserID": "S-1-5-18", "EventData.HRESULT": "0x00000000"}
{"EventID": "4009", "Channel": "Microsoft-Windows-DeviceManagement-Enterprise-Diagnostics-Provider/Operational", "Provider_Name": "Microsoft-Windows-DeviceManagement-Enterprise-Diagnostics-Provider", "Computer": "DESKTOP-OFJ6N53", "TimeCreated": "2024-04-12 03:03:56.573915+00:00", "RecordID": "1416", "Level": "4", "UserID": "S-1-5-18", "EventData.HexInt1": "0x00000004", "EventData.HexInt2": "0x00000000", "EventData.HexInt3": "0x00000000"}
{"EventID": "4009", "Channel": "Microsoft-Windows-DeviceManagement-Enterprise-Diagnostics-Provider/Operational", "Provider_Name": "Microsoft-Windows-DeviceManagement-Enterprise-Diagnostics-Provider", "Computer": "DESKTOP-OFJ6N53", "TimeCreated": "2024-04-12 03:05:56.574425+00:00", "RecordID": "1417", "Level": "4", "UserID": "S-1-5-18", "EventData.HexInt1": "0x00000003", "EventData.HexInt2": "0x00000000", "EventData.HexInt3": "0x00000000"}
{"EventID": "4009", "Channel": "Microsoft-Windows-DeviceManagement-Enterprise-Diagnostics-Provider/Operational", "Provider_Name": "Microsoft-Windows-DeviceManagement-Enterprise-Diagnostics-Provider", "Computer": "DESKTOP-OFJ6N53", "TimeCreated": "2024-04-12 03:05:56.575022+00:00", "RecordID": "1418", "Level": "4", "UserID": "S-1-5-18", "EventData.HexInt1": "0x00000001", "EventData.HexInt2": "0x00000000", "EventData.HexInt3": "0x00000000"}
{"EventID": "4019", "Channel": "Microsoft-Windows-DeviceManagement-Enterprise-Diagnostics-Provider/Operational", "Provider_Name": "Microsoft-Windows-DeviceManagement-Enterprise-Diagnostics-Provider", "Computer": "DESKTOP-OFJ6N53", "TimeCreated": "2024-04-29 15:20:47.887667+00:00", "RecordID": "1419", "Level": "4", "UserID": "S-1-5-18"}
{"EventID": "4009", "Channel": "Microsoft-Windows-DeviceManagement-Enterprise-Diagnostics-Provider/Operational", "Provider_Name": "Microsoft-Windows-DeviceManagement-Enterprise-Diagnostics-Provider", "Computer": "DESKTOP-OFJ6N53", "TimeCreated": "2024-04-29 15:20:47.887671+00:00", "RecordID": "1420", "Level": "4", "UserID": "S-1-5-18", "EventData.HexInt1": "0x00000002", "EventData.HexInt2": "0x00000000", "EventData.HexInt3": "0x00000064"}
{"EventID": "4000", "Channel": "Microsoft-Windows-DeviceManagement-Enterprise-Diagnostics-Provider/Operational", "Provider_Name": "Microsoft-Windows-DeviceManagement-Enterprise-Diagnostics-Provider", "Computer": "DESKTOP-OFJ6N53", "TimeCreated": "2024-04-29 15:20:47.887804+00:00", "RecordID": "1421", "Level": "4", "UserID": "S-1-5-18", "EventData.HRESULT": "0x00000000"}
{"EventID": "4009", "Channel": "Microsoft-Windows-DeviceManagement-Enterprise-Diagnostics-Provider/Operational", "Provider_Name": "Microsoft-Windows-DeviceManagement-Enterprise-Diagnostics-Provider", "Computer": "DESKTOP-OFJ6N53", "TimeCreated": "2024-04-29 15:20:47.893087+00:00", "RecordID": "1422", "Level": "4", "UserID": "S-1-5-18", "EventData.HexInt1": "0x00000004", "EventData.HexInt2": "0x00000000", "EventData.HexInt3": "0x00000000"}
{"EventID": "4009", "Channel": "Microsoft-Windows-DeviceManagement-Enterprise-Diagnostics-Provider/Operational", "Provider_Name": "Microsoft-Windows-DeviceManagement-Enterprise-Diagnostics-Provider", "Computer": "DESKTOP-OFJ6N53", "TimeCreated": "2024-04-29 15:22:47.900681+00:00", "RecordID": "1423", "Level": "4", "UserID": "S-1-5-18", "EventData.HexInt1": "0x00000003", "EventData.HexInt2": "0x00000000", "EventData.HexInt3": "0x00000000"}
{"EventID": "4009", "Channel": "Microsoft-Windows-DeviceManagement-Enterprise-Diagnostics-Provider/Operational", "Provider_Name": "Microsoft-Windows-DeviceManagement-Enterprise-Diagnostics-Provider", "Computer": "DESKTOP-OFJ6N53", "TimeCreated": "2024-04-29 15:22:47.900681+00:00", "RecordID": "1424", "Level": "4", "UserID": "S-1-5-18", "EventData.HexInt1": "0x00000001", "EventData.HexInt2": "0x00000000", "EventData.HexInt3": "0x00000000"}
{"EventID": "4019", "Channel": "Microsoft-Windows-DeviceManagement-Enterprise-Diagnostics-Provider/Operational", "Provider_Name": "Microsoft-Windows-DeviceManagement-Enterprise-Diagnostics-Provider", "Computer": "DESKTOP-OFJ6N53", "TimeCreated": "2024-04-29 15:24:59.426012+00:00", "RecordID": "1425", "Level": "4", "UserID": "S-1-5-18"}
{"EventID": "4009", "Channel": "Microsoft-Windows-DeviceManagement-Enterprise-Diagnostics-Provider/Operational", "Provider_Name": "Microsoft-Windows-DeviceManagement-Enterprise-Diagnostics-Provider", "Computer": "DESKTOP-OFJ6N53", "TimeCreated": "2024-04-29 15:24:59.426016+00:00", "RecordID": "1426", "Level": "4", "UserID": "S-1-5-18", "EventData.HexInt1": "0x00000002", "EventData.HexInt2": "0x00000000", "EventData.HexInt3": "0x00000064"}
{"EventID": "4000", "Channel": "Microsoft-Windows-DeviceManagement-Enterprise-Diagnostics-Provider/Operational", "Provider_Name": "Microsoft-Windows-DeviceManagement-Enterprise-Diagnostics-Provider", "Computer": "DESKTOP-OFJ6N53", "TimeCreated": "2024-04-29 15:24:59.426138+00:00", "RecordID": "1427", "Level": "4", "UserID": "S-1-5-18", "EventData.HRESULT": "0x00000000"}
{"EventID": "4009", "Channel": "Microsoft-Windows-DeviceManagement-Enterprise-Diagnostics-Provider/Operational", "Provider_Name": "Microsoft-Windows-DeviceManagement-Enterprise-Diagnostics-Provider", "Computer": "DESKTOP-OFJ6N53", "TimeCreated": "2024-04-29 15:24:59.427301+00:00", "RecordID": "1428", "Level": "4", "UserID": "S-1-5-18", "EventData.HexInt1": "0x00000004", "EventData.HexInt2": "0x00000000", "EventData.HexInt3": "0x00000000"}
{"EventID": "4009", "Channel": "Microsoft-Windows-DeviceManagement-Enterprise-Diagnostics-Provider/Operational", "Provider_Name": "Microsoft-Windows-DeviceManagement-Enterprise-Diagnostics-Provider", "Computer": "DESKTOP-OFJ6N53", "TimeCreated": "2024-04-29 15:26:59.434984+00:00", "RecordID": "1429", "Level": "4", "UserID": "S-1-5-18", "EventData.HexInt1": "0x00000003", "EventData.HexInt2": "0x00000000", "EventData.HexInt3": "0x00000000"}
{"EventID": "4009", "Channel": "Microsoft-Windows-DeviceManagement-Enterprise-Diagnostics-Provider/Operational", "Provider_Name": "Microsoft-Windows-DeviceManagement-Enterprise-Diagnostics-Provider", "Computer": "DESKTOP-OFJ6N53", "TimeCreated": "2024-04-29 15:26:59.436386+00:00", "RecordID": "1430", "Level": "4", "UserID": "S-1-5-18", "EventData.HexInt1": "0x00000001", "EventData.HexInt2": "0x00000000", "EventData.HexInt3": "0x00000000"}
{"EventID": "4019", "Channel": "Microsoft-Windows-DeviceManagement-Enterprise-Diagnostics-Provider/Operational", "Provider_Name": "Microsoft-Windows-DeviceManagement-Enterprise-Diagnostics-Provider", "Computer": "DESKTOP-OFJ6N53", "TimeCreated": "2024-05-14 09:31:14.807051+00:00", "RecordID": "1431", "Level": "4", "UserID": "S-1-5-18"}
