{"EventID": "8001", "Channel": "Microsoft-Windows-UserPnp/DeviceInstall", "Provider_Name": "Microsoft-Windows-UserPnp", "Computer": "WIN-E725EAE32MJ", "TimeCreated": "2022-02-24 08:24:22.477331+00:00", "RecordID": "1", "Level": "4", "UserID": "S-1-5-18"}
{"EventID": "8000", "Channel": "Microsoft-Windows-UserPnp/DeviceInstall", "Provider_Name": "Microsoft-Windows-UserPnp", "Computer": "WIN-E725EAE32MJ", "TimeCreated": "2022-02-24 08:24:35.895664+00:00", "RecordID": "2", "Level": "3", "UserID": "S-1-5-18"}
{"EventID": "8000", "Channel": "Microsoft-Windows-UserPnp/DeviceInstall", "Provider_Name": "Microsoft-Windows-UserPnp", "Computer": "WIN-E725EAE32MJ", "TimeCreated": "2022-02-24 08:24:36.096098+00:00", "RecordID": "3", "Level": "3", "UserID": "S-1-5-18"}
{"EventID": "8000", "Channel": "Microsoft-Windows-UserPnp/DeviceInstall", "Provider_Name": "Microsoft-Windows-UserPnp", "Computer": "WIN-E725EAE32MJ", "TimeCreated": "2022-02-24 08:24:36.990013+00:00", "RecordID": "4", "Level": "3", "UserID": "S-1-5-18"}
{"EventID": "8000", "Channel": "Microsoft-Windows-UserPnp/DeviceInstall", "Provider_Name": "Microsoft-Windows-UserPnp", "Computer": "WIN-E725EAE32MJ", "TimeCreated": "2022-02-24 08:24:37.767614+00:00", "RecordID": "5", "Level": "3", "UserID": "S-1-5-18"}
{"EventID": "8004", "Channel": "Microsoft-Windows-UserPnp/DeviceInstall", "Provider_Name": "Microsoft-Windows-UserPnp", "Computer": "WIN-E725EAE32MJ", "TimeCreated": "2022-02-24 08:26:39.922657+00:00", "RecordID": "6", "Level": "4", "UserID": "S-1-5-18"}
{"EventID": "8005", "Channel": "Microsoft-Windows-UserPnp/DeviceInstall", "Provider_Name": "Microsoft-Windows-UserPnp", "Computer": "WIN-E725EAE32MJ", "TimeCreated": "2022-02-24 08:26:39.923216+00:00", "RecordID": "7", "Level": "4", "UserID": "S-1-5-18"}
{"EventID": "8001", "Channel": "Microsoft-Windows-UserPnp/DeviceInstall", "Provider_Name": "Microsoft-Windows-UserPnp", "Computer": "DESKTOP-OFJ6N53", "TimeCreated": "2022-02-24 08:27:10.408485+00:00", "RecordID": "8", "Level": "4", "UserID": "S-1-5-18"}
{"EventID": "8004", "Channel": "Microsoft-Windows-UserPnp/DeviceInstall", "Provider_Name": "Microsoft-Windows-UserPnp", "Computer": "DESKTOP-OFJ6N53", "TimeCreated": "2022-02-24 12:37:36.566206+00:00", "RecordID": "9", "Level": "4", "UserID": "S-1-5-18"}
{"EventID": "8005", "Channel": "Microsoft-Windows-UserPnp/DeviceInstall", "Provider_Name": "Microsoft-Windows-UserPnp", "Computer": "DESKTOP-OFJ6N53", "TimeCreated": "2022-02-24 12:37:36.569775+00:00", "RecordID": "10", "Level": "4", "UserID": "S-1-5-18"}
{"EventID": "8001", "Channel": "Microsoft-Windows-UserPnp/DeviceInstall", "Provider_Name": "Microsoft-Windows-UserPnp", "Computer": "DESKTOP-OFJ6N53", "TimeCreated": "2022-03-02 13:02:44.306633+00:00", "RecordID": "11", "Level": "4", "UserID": "S-1-5-18"}
{"EventID": "8002", "Channel": "Microsoft-Windows-UserPnp/DeviceInstall", "Provider_Name": "Microsoft-Windows-UserPnp", "Computer": "DESKTOP-OFJ6N53", "TimeCreated": "2022-03-02 13:05:34.839743+00:00", "RecordID": "12", "Level": "4", "UserID": "S-1-5-18"}
{"EventID": "8005", "Channel": "Microsoft-Windows-UserPnp/DeviceInstall", "Provider_Name": "Microsoft-Windows-UserPnp", "Computer": "DESKTOP-OFJ6N53", "TimeCreated": "2022-03-02 13:05:34.840233+00:00", "RecordID": "13", "Level": "4", "UserID": "S-1-5-18"}
{"EventID": "8001", "Channel": "Microsoft-Windows-UserPnp/DeviceInstall", "Provider_Name": "Microsoft-Windows-UserPnp", "Computer": "DESKTOP-OFJ6N53", "TimeCreated": "2022-03-03 16:25:14.148773+00:00", "RecordID": "14", "Level": "4", "UserID": "S-1-5-18"}
{"EventID": "8002", "Channel": "Microsoft-Windows-UserPnp/DeviceInstall", "Provider_Name": "Microsoft-Windows-UserPnp", "Computer": "DESKTOP-OFJ6N53", "TimeCreated": "2022-03-03 16:27:52.198706+00:00", "RecordID": "15", "Level": "4", "UserID": "S-1-5-18"}
{"EventID": "8005", "Channel": "Microsoft-Windows-UserPnp/DeviceInstall", "Provider_Name": "Microsoft-Windows-UserPnp", "Computer": "DESKTOP-OFJ6N53", "TimeCreated": "2022-03-03 16:27:52.199059+00:00", "RecordID": "16", "Level": "4", "UserID": "S-1-5-18"}
{"EventID": "8001", "Channel": "Microsoft-Windows-UserPnp/DeviceInstall", "Provider_Name": "Microsoft-Windows-UserPnp", "Computer": "DESKTOP-OFJ6N53", "TimeCreated": "2022-03-04 14:33:28.270533+00:00", "RecordID": "17", "Level": "4", "UserID": "S-1-5-18"}
{"EventID": "8002", "Channel": "Microsoft-Windows-UserPnp/DeviceInstall", "Provider_Name": "Microsoft-Windows-UserPnp", "Computer": "DESKTOP-OFJ6N53", "TimeCreated": "2022-03-04 14:35:58.281206+00:00", "RecordID": "18", "Level": "4", "UserID": "S-1-5-18"}
{"EventID": "8005", "Channel": "Microsoft-Windows-UserPnp/DeviceInstall", "Provider_Name": "Microsoft-Windows-UserPnp", "Computer": "DESKTOP-OFJ6N53", "TimeCreated": "2022-03-04 14:35:58.281578+00:00", "RecordID": "19", "Level": "4", "UserID": "S-1-5-18"}
{"EventID": "8001", "Channel": "Microsoft-Windows-UserPnp/DeviceInstall", "Provider_Name": "Microsoft-Windows-UserPnp", "Computer": "DESKTOP-OFJ6N53", "TimeCreated": "2022-03-09 07:27:33.376089+00:00", "RecordID": "20", "Level": "4", "UserID": "S-1-5-18"}
{"EventID": "8002", "Channel": "Microsoft-Windows-UserPnp/DeviceInstall", "Provider_Name": "Microsoft-Windows-UserPnp", "Computer": "DESKTOP-OFJ6N53", "TimeCreated": "2022-03-09 07:30:15.439461+00:00", "RecordID": "21", "Level": "4", "UserID": "S-1-5-18"}
{"EventID": "8005", "Channel": "Microsoft-Windows-UserPnp/DeviceInstall", "Provider_Name": "Microsoft-Windows-UserPnp", "Computer": "DESKTOP-OFJ6N53", "TimeCreated": "2022-03-09 07:30:15.439821+00:00", "RecordID": "22", "Level": "4", "UserID": "S-1-5-18"}
{"EventID": "8001", "Channel": "Microsoft-Windows-UserPnp/DeviceInstall", "Provider_Name": "Microsoft-Windows-UserPnp", "Computer": "DESKTOP-OFJ6N53", "TimeCreated": "2022-03-09 10:16:02.906460+00:00", "RecordID": "23", "Level": "4", "UserID": "S-1-5-18"}
{"EventID": "8004", "Channel": "Microsoft-Windows-UserPnp/DeviceInstall", "Provider_Name": "Microsoft-Windows-UserPnp", "Computer": "DESKTOP-OFJ6N53", "TimeCreated": "2022-03-09 10:16:16.716394+00:00", "RecordID": "24", "Level": "4", "UserID": "S-1-5-18"}
{"EventID": "8005", "Channel": "Microsoft-Windows-UserPnp/DeviceInstall", "Provider_Name": "Microsoft-Windows-UserPnp", "Computer": "DESKTOP-OFJ6N53", "TimeCreated": "2022-03-09 10:16:16.716927+00:00", "RecordID": "25", "Level": "4", "UserID": "S-1-5-18"}
{"EventID": "8001", "Channel": "Microsoft-Windows-UserPnp/DeviceInstall", "Provider_Name": "Microsoft-Windows-UserPnp", "Computer": "DESKTOP-OFJ6N53", "TimeCreated": "2022-03-15 16:38:37.067020+00:00", "RecordID": "26", "Level": "4", "UserID": "S-1-5-18"}
{"EventID": "8002", "Channel": "Microsoft-Windows-UserPnp/DeviceInstall", "Provider_Name": "Microsoft-Windows-UserPnp", "Computer": "DESKTOP-OFJ6N53", "TimeCreated": "2022-03-15 16:41:54.783659+00:00", "RecordID": "27", "Level": "4", "UserID": "S-1-5-18"}
{"EventID": "8005", "Channel": "Microsoft-Windows-UserPnp/DeviceInstall", "Provider_Name": "Microsoft-Windows-UserPnp", "Computer": "DESKTOP-OFJ6N53", "TimeCreated": "2022-03-15 16:41:54.846100+00:00", "RecordID": "28", "Level": "4", "UserID": "S-1-5-18"}
{"EventID": "8001", "Channel": "Microsoft-Windows-UserPnp/DeviceInstall", "Provider_Name": "Microsoft-Windows-UserPnp", "Computer": "DESKTOP-OFJ6N53", "TimeCreated": "2022-04-06 13:20:18.198879+00:00", "RecordID": "29", "Level": "4", "UserID": "S-1-5-18"}
{"EventID": "8002", "Channel": "Microsoft-Windows-UserPnp/DeviceInstall", "Provider_Name": "Microsoft-Windows-UserPnp", "Computer": "DESKTOP-OFJ6N53", "TimeCreated": "2022-04-06 13:22:55.667191+00:00", "RecordID": "30", "Level": "4", "UserID": "S-1-5-18"}
{"EventID": "8005", "Channel": "Microsoft-Windows-UserPnp/DeviceInstall", "Provider_Name": "Microsoft-Windows-UserPnp", "Computer": "DESKTOP-OFJ6N53", "TimeCreated": "2022-04-06 13:22:55.729858+00:00", "RecordID": "31", "Level": "4", "UserID": "S-1-5-18"}
{"EventID": "8001", "Channel": "Microsoft-Windows-UserPnp/DeviceInstall", "Provider_Name": "Microsoft-Windows-UserPnp", "Computer": "DESKTOP-OFJ6N53", "TimeCreated": "2022-05-05 10:07:16.085955+00:00", "RecordID": "32", "Level": "4", "UserID": "S-1-5-18"}
{"EventID": "8002", "Channel": "Microsoft-Windows-UserPnp/DeviceInstall", "Provider_Name": "Microsoft-Windows-UserPnp", "Computer": "DESKTOP-OFJ6N53", "TimeCreated": "2022-05-05 10:10:08.795664+00:00", "RecordID": "33", "Level": "4", "UserID": "S-1-5-18"}
{"EventID": "8005", "Channel": "Microsoft-Windows-UserPnp/DeviceInstall", "Provider_Name": "Microsoft-Windows-UserPnp", "Computer": "DESKTOP-OFJ6N53", "TimeCreated": "2022-05-05 10:10:08.796133+00:00", "RecordID": "34", "Level": "4", "UserID": "S-1-5-18"}
{"EventID": "8001", "Channel": "Microsoft-Windows-UserPnp/DeviceInstall", "Provider_Name": "Microsoft-Windows-UserPnp", "Computer": "DESKTOP-OFJ6N53", "TimeCreated": "2022-05-26 09:21:29.822062+00:00", "RecordID": "35", "Level": "4", "UserID": "S-1-5-18"}
{"EventID": "8002", "Channel": "Microsoft-Windows-UserPnp/DeviceInstall", "Provider_Name": "Microsoft-Windows-UserPnp", "Computer": "DESKTOP-OFJ6N53", "TimeCreated": "2022-05-26 09:24:16.059944+00:00", "RecordID": "36", "Level": "4", "UserID": "S-1-5-18"}
{"EventID": "8005", "Channel": "Microsoft-Windows-UserPnp/DeviceInstall", "Provider_Name": "Microsoft-Windows-UserPnp", "Computer": "DESKTOP-OFJ6N53", "TimeCreated": "2022-05-26 09:24:16.060419+00:00", "RecordID": "37", "Level": "4", "UserID": "S-1-5-18"}
{"EventID": "8001", "Channel": "Microsoft-Windows-UserPnp/DeviceInstall", "Provider_Name": "Microsoft-Windows-UserPnp", "Computer": "DESKTOP-OFJ6N53", "TimeCreated": "2022-06-06 09:31:54.255314+00:00", "RecordID": "38", "Level": "4", "UserID": "S-1-5-18"}
{"EventID": "8002", "Channel": "Microsoft-Windows-UserPnp/DeviceInstall", "Provider_Name": "Microsoft-Windows-UserPnp", "Computer": "DESKTOP-OFJ6N53", "TimeCreated": "2022-06-06 09:34:28.573423+00:00", "RecordID": "39", "Level": "4", "UserID": "S-1-5-18"}
{"EventID": "8005", "Channel": "Microsoft-Windows-UserPnp/DeviceInstall", "Provider_Name": "Microsoft-Windows-UserPnp", "Computer": "DESKTOP-OFJ6N53", "TimeCreated": "2022-06-06 09:34:28.573889+00:00", "RecordID": "40", "Level": "4", "UserID": "S-1-5-18"}
{"EventID": "8001", "Channel": "Microsoft-Windows-UserPnp/DeviceInstall", "Provider_Name": "Microsoft-Windows-UserPnp", "Computer": "DESKTOP-OFJ6N53", "TimeCreated": "2022-08-01 14:46:29.244936+00:00", "RecordID": "41", "Level": "4", "UserID": "S-1-5-18"}
{"EventID": "8002", "Channel": "Microsoft-Windows-UserPnp/DeviceInstall", "Provider_Name": "Microsoft-Windows-UserPnp", "Computer": "DESKTOP-OFJ6N53", "TimeCreated": "2022-08-01 14:49:22.430986+00:00", "RecordID": "42", "Level": "4", "UserID": "S-1-5-18"}
{"EventID": "8005", "Channel": "Microsoft-Windows-UserPnp/DeviceInstall", "Provider_Name": "Microsoft-Windows-UserPnp", "Computer": "DESKTOP-OFJ6N53", "TimeCreated": "2022-08-01 14:49:22.431543+00:00", "RecordID": "43", "Level": "4", "UserID": "S-1-5-18"}
{"EventID": "8001", "Channel": "Microsoft-Windows-UserPnp/DeviceInstall", "Provider_Name": "Microsoft-Windows-UserPnp", "Computer": "DESKTOP-OFJ6N53", "TimeCreated": "2022-09-06 08:55:54.186481+00:00", "RecordID": "44", "Level": "4", "UserID": "S-1-5-18"}
{"EventID": "8002", "Channel": "Microsoft-Windows-UserPnp/DeviceInstall", "Provider_Name": "Microsoft-Windows-UserPnp", "Computer": "DESKTOP-OFJ6N53", "TimeCreated": "2022-09-06 08:58:41.772177+00:00", "RecordID": "45", "Level": "4", "UserID": "S-1-5-18"}
{"EventID": "8005", "Channel": "Microsoft-Windows-UserPnp/DeviceInstall", "Provider_Name": "Microsoft-Windows-UserPnp", "Computer": "DESKTOP-OFJ6N53", "TimeCreated": "2022-09-06 08:58:41.772573+00:00", "RecordID": "46", "Level": "4", "UserID": "S-1-5-18"}
{"EventID": "8001", "Channel": "Microsoft-Windows-UserPnp/DeviceInstall", "Provider_Name": "Microsoft-Windows-UserPnp", "Computer": "DESKTOP-OFJ6N53", "TimeCreated": "2022-09-06 12:58:32.359085+00:00", "RecordID": "47", "Level": "4", "UserID": "S-1-5-18"}
{"EventID": "8004", "Channel": "Microsoft-Windows-UserPnp/DeviceInstall", "Provider_Name": "Microsoft-Windows-UserPnp", "Computer": "DESKTOP-OFJ6N53", "TimeCreated": "2022-09-06 12:59:58.143236+00:00", "RecordID": "48", "Level": "4", "UserID": "S-1-5-18"}
{"EventID": "8005", "Channel": "Microsoft-Windows-UserPnp/DeviceInstall", "Provider_Name": "Microsoft-Windows-UserPnp", "Computer": "DESKTOP-OFJ6N53", "TimeCreated": "2022-09-06 12:59:58.143848+00:00", "RecordID": "49", "Level": "4", "UserID": "S-1-5-18"}
{"EventID": "8001", "Channel": "Microsoft-Windows-UserPnp/DeviceInstall", "Provider_Name": "Microsoft-Windows-UserPnp", "Computer": "DESKTOP-OFJ6N53", "TimeCreated": "2022-09-06 13:02:01.633488+00:00", "RecordID": "50", "Level": "4", "UserID": "S-1-5-18"}
{"EventID": "8004", "Channel": "Microsoft-Windows-UserPnp/DeviceInstall", "Provider_Name": "Microsoft-Windows-UserPnp", "Computer": "DESKTOP-OFJ6N53", "TimeCreated": "2022-09-13 14:04:11.953556+00:00", "RecordID": "51", "Level": "4", "UserID": "S-1-5-18"}
{"EventID": "8005", "Channel": "Microsoft-Windows-UserPnp/DeviceInstall", "Provider_Name": "Microsoft-Windows-UserPnp", "Computer": "DESKTOP-OFJ6N53", "TimeCreated": "2022-09-13 14:04:11.959938+00:00", "RecordID": "52", "Level": "4", "UserID": "S-1-5-18"}
{"EventID": "8001", "Channel": "Microsoft-Windows-UserPnp/DeviceInstall", "Provider_Name": "Microsoft-Windows-UserPnp", "Computer": "DESKTOP-OFJ6N53", "TimeCreated": "2022-10-17 08:18:48.127947+00:00", "RecordID": "53", "Level": "4", "UserID": "S-1-5-18"}
{"EventID": "8002", "Channel": "Microsoft-Windows-UserPnp/DeviceInstall", "Provider_Name": "Microsoft-Windows-UserPnp", "Computer": "DESKTOP-OFJ6N53", "TimeCreated": "2022-10-17 08:21:27.831165+00:00", "RecordID": "54", "Level": "4", "UserID": "S-1-5-18"}
{"EventID": "8005", "Channel": "Microsoft-Windows-UserPnp/DeviceInstall", "Provider_Name": "Microsoft-Windows-UserPnp", "Computer": "DESKTOP-OFJ6N53", "TimeCreated": "2022-10-17 08:21:27.831812+00:00", "RecordID": "55", "Level": "4", "UserID": "S-1-5-18"}
{"EventID": "8001", "Channel": "Microsoft-Windows-UserPnp/DeviceInstall", "Provider_Name": "Microsoft-Windows-UserPnp", "Computer": "DESKTOP-OFJ6N53", "TimeCreated": "2022-11-18 00:59:55.393255+00:00", "RecordID": "56", "Level": "4", "UserID": "S-1-5-18"}
{"EventID": "8002", "Channel": "Microsoft-Windows-UserPnp/DeviceInstall", "Provider_Name": "Microsoft-Windows-UserPnp", "Computer": "DESKTOP-OFJ6N53", "TimeCreated": "2022-11-18 01:02:32.459162+00:00", "RecordID": "57", "Level": "4", "UserID": "S-1-5-18"}
{"EventID": "8005", "Channel": "Microsoft-Windows-UserPnp/DeviceInstall", "Provider_Name": "Microsoft-Windows-UserPnp", "Computer": "DESKTOP-OFJ6N53", "TimeCreated": "2022-11-18 01:02:32.459558+00:00", "RecordID": "58", "Level": "4", "UserID": "S-1-5-18"}
{"EventID": "8001", "Channel": "Microsoft-Windows-UserPnp/DeviceInstall", "Provider_Name": "Microsoft-Windows-UserPnp", "Computer": "DESKTOP-OFJ6N53", "TimeCreated": "2022-11-21 08:14:01.030025+00:00", "RecordID": "59", "Level": "4", "UserID": "S-1-5-18"}
{"EventID": "8002", "Channel": "Microsoft-Windows-UserPnp/DeviceInstall", "Provider_Name": "Microsoft-Windows-UserPnp", "Computer": "DESKTOP-OFJ6N53", "TimeCreated": "2022-11-21 08:16:46.366268+00:00", "RecordID": "60", "Level": "4", "UserID": "S-1-5-18"}
{"EventID": "8005", "Channel": "Microsoft-Windows-UserPnp/DeviceInstall", "Provider_Name": "Microsoft-Windows-UserPnp", "Computer": "DESKTOP-OFJ6N53", "TimeCreated": "2022-11-21 08:16:46.366894+00:00", "RecordID": "61", "Level": "4", "UserID": "S-1-5-18"}
{"EventID": "8001", "Channel": "Microsoft-Windows-UserPnp/DeviceInstall", "Provider_Name": "Microsoft-Windows-UserPnp", "Computer": "DESKTOP-OFJ6N53", "TimeCreated": "2023-02-14 14:06:20.662724+00:00", "RecordID": "62", "Level": "4", "UserID": "S-1-5-18"}
{"EventID": "8004", "Channel": "Microsoft-Windows-UserPnp/DeviceInstall", "Provider_Name": "Microsoft-Windows-UserPnp", "Computer": "DESKTOP-OFJ6N53", "TimeCreated": "2023-02-14 14:06:31.831299+00:00", "RecordID": "63", "Level": "4", "UserID": "S-1-5-18"}
{"EventID": "8005", "Channel": "Microsoft-Windows-UserPnp/DeviceInstall", "Provider_Name": "Microsoft-Windows-UserPnp", "Computer": "DESKTOP-OFJ6N53", "TimeCreated": "2023-02-14 14:06:31.832335+00:00", "RecordID": "64", "Level": "4", "UserID": "S-1-5-18"}
{"EventID": "8001", "Channel": "Microsoft-Windows-UserPnp/DeviceInstall", "Provider_Name": "Microsoft-Windows-UserPnp", "Computer": "DESKTOP-OFJ6N53", "TimeCreated": "2023-02-14 14:13:42.362976+00:00", "RecordID": "65", "Level": "4", "UserID": "S-1-5-18"}
{"EventID": "8002", "Channel": "Microsoft-Windows-UserPnp/DeviceInstall", "Provider_Name": "Microsoft-Windows-UserPnp", "Computer": "DESKTOP-OFJ6N53", "TimeCreated": "2023-02-14 14:16:25.429731+00:00", "RecordID": "66", "Level": "4", "UserID": "S-1-5-18"}
{"EventID": "8005", "Channel": "Microsoft-Windows-UserPnp/DeviceInstall", "Provider_Name": "Microsoft-Windows-UserPnp", "Computer": "DESKTOP-OFJ6N53", "TimeCreated": "2023-02-14 14:16:25.430214+00:00", "RecordID": "67", "Level": "4", "UserID": "S-1-5-18"}
{"EventID": "8001", "Channel": "Microsoft-Windows-UserPnp/DeviceInstall", "Provider_Name": "Microsoft-Windows-UserPnp", "Computer": "DESKTOP-OFJ6N53", "TimeCreated": "2023-03-02 15:22:18.179085+00:00", "RecordID": "68", "Level": "4", "UserID": "S-1-5-18"}
{"EventID": "8002", "Channel": "Microsoft-Windows-UserPnp/DeviceInstall", "Provider_Name": "Microsoft-Windows-UserPnp", "Computer": "DESKTOP-OFJ6N53", "TimeCreated": "2023-03-02 15:24:49.540890+00:00", "RecordID": "69", "Level": "4", "UserID": "S-1-5-18"}
{"EventID": "8005", "Channel": "Microsoft-Windows-UserPnp/DeviceInstall", "Provider_Name": "Microsoft-Windows-UserPnp", "Computer": "DESKTOP-OFJ6N53", "TimeCreated": "2023-03-02 15:24:49.541321+00:00", "RecordID": "70", "Level": "4", "UserID": "S-1-5-18"}
{"EventID": "8001", "Channel": "Microsoft-Windows-UserPnp/DeviceInstall", "Provider_Name": "Microsoft-Windows-UserPnp", "Computer": "DESKTOP-OFJ6N53", "TimeCreated": "2023-03-13 11:30:00.142487+00:00", "RecordID": "71", "Level": "4", "UserID": "S-1-5-18"}
{"EventID": "8002", "Channel": "Microsoft-Windows-UserPnp/DeviceInstall", "Provider_Name": "Microsoft-Windows-UserPnp", "Computer": "DESKTOP-OFJ6N53", "TimeCreated": "2023-03-13 11:33:06.973850+00:00", "RecordID": "72", "Level": "4", "UserID": "S-1-5-18"}
{"EventID": "8005", "Channel": "Microsoft-Windows-UserPnp/DeviceInstall", "Provider_Name": "Microsoft-Windows-UserPnp", "Computer": "DESKTOP-OFJ6N53", "TimeCreated": "2023-03-13 11:33:06.974413+00:00", "RecordID": "73", "Level": "4", "UserID": "S-1-5-18"}
{"EventID": "8001", "Channel": "Microsoft-Windows-UserPnp/DeviceInstall", "Provider_Name": "Microsoft-Windows-UserPnp", "Computer": "DESKTOP-OFJ6N53", "TimeCreated": "2023-03-13 11:39:15.101355+00:00", "RecordID": "74", "Level": "4", "UserID": "S-1-5-18"}
{"EventID": "8002", "Channel": "Microsoft-Windows-UserPnp/DeviceInstall", "Provider_Name": "Microsoft-Windows-UserPnp", "Computer": "DESKTOP-OFJ6N53", "TimeCreated": "2023-03-13 11:41:52.848814+00:00", "RecordID": "75", "Level": "4", "UserID": "S-1-5-18"}
{"EventID": "8005", "Channel": "Microsoft-Windows-UserPnp/DeviceInstall", "Provider_Name": "Microsoft-Windows-UserPnp", "Computer": "DESKTOP-OFJ6N53", "TimeCreated": "2023-03-13 11:41:52.849363+00:00", "RecordID": "76", "Level": "4", "UserID": "S-1-5-18"}
{"EventID": "8001", "Channel": "Microsoft-Windows-UserPnp/DeviceInstall", "Provider_Name": "Microsoft-Windows-UserPnp", "Computer": "DESKTOP-OFJ6N53", "TimeCreated": "2023-03-21 09:17:40.599161+00:00", "RecordID": "77", "Level": "4", "UserID": "S-1-5-18"}
{"EventID": "8002", "Channel": "Microsoft-Windows-UserPnp/DeviceInstall", "Provider_Name": "Microsoft-Windows-UserPnp", "Computer": "DESKTOP-OFJ6N53", "TimeCreated": "2023-03-21 09:20:16.163771+00:00", "RecordID": "78", "Level": "4", "UserID": "S-1-5-18"}
{"EventID": "8005", "Channel": "Microsoft-Windows-UserPnp/DeviceInstall", "Provider_Name": "Microsoft-Windows-UserPnp", "Computer": "DESKTOP-OFJ6N53", "TimeCreated": "2023-03-21 09:20:16.164310+00:00", "RecordID": "79", "Level": "4", "UserID": "S-1-5-18"}
{"EventID": "8001", "Channel": "Microsoft-Windows-UserPnp/DeviceInstall", "Provider_Name": "Microsoft-Windows-UserPnp", "Computer": "DESKTOP-OFJ6N53", "TimeCreated": "2023-04-22 12:23:14.321514+00:00", "RecordID": "80", "Level": "4", "UserID": "S-1-5-18"}
{"EventID": "8004", "Channel": "Microsoft-Windows-UserPnp/DeviceInstall", "Provider_Name": "Microsoft-Windows-UserPnp", "Computer": "DESKTOP-OFJ6N53", "TimeCreated": "2023-04-22 12:23:35.086832+00:00", "RecordID": "81", "Level": "4", "UserID": "S-1-5-18"}
{"EventID": "8005", "Channel": "Microsoft-Windows-UserPnp/DeviceInstall", "Provider_Name": "Microsoft-Windows-UserPnp", "Computer": "DESKTOP-OFJ6N53", "TimeCreated": "2023-04-22 12:23:35.088152+00:00", "RecordID": "82", "Level": "4", "UserID": "S-1-5-18"}
{"EventID": "8001", "Channel": "Microsoft-Windows-UserPnp/DeviceInstall", "Provider_Name": "Microsoft-Windows-UserPnp", "Computer": "DESKTOP-OFJ6N53", "TimeCreated": "2023-04-22 12:27:43.662025+00:00", "RecordID": "83", "Level": "4", "UserID": "S-1-5-18"}
{"EventID": "8002", "Channel": "Microsoft-Windows-UserPnp/DeviceInstall", "Provider_Name": "Microsoft-Windows-UserPnp", "Computer": "DESKTOP-OFJ6N53", "TimeCreated": "2023-04-22 12:30:26.154949+00:00", "RecordID": "84", "Level": "4", "UserID": "S-1-5-18"}
{"EventID": "8005", "Channel": "Microsoft-Windows-UserPnp/DeviceInstall", "Provider_Name": "Microsoft-Windows-UserPnp", "Computer": "DESKTOP-OFJ6N53", "TimeCreated": "2023-04-22 12:30:26.155365+00:00", "RecordID": "85", "Level": "4", "UserID": "S-1-5-18"}
{"EventID": "8001", "Channel": "Microsoft-Windows-UserPnp/DeviceInstall", "Provider_Name": "Microsoft-Windows-UserPnp", "Computer": "DESKTOP-OFJ6N53", "TimeCreated": "2023-04-26 09:02:05.562700+00:00", "RecordID": "86", "Level": "4", "UserID": "S-1-5-18"}
{"EventID": "8002", "Channel": "Microsoft-Windows-UserPnp/DeviceInstall", "Provider_Name": "Microsoft-Windows-UserPnp", "Computer": "DESKTOP-OFJ6N53", "TimeCreated": "2023-04-26 09:04:41.136106+00:00", "RecordID": "87", "Level": "4", "UserID": "S-1-5-18"}
{"EventID": "8005", "Channel": "Microsoft-Windows-UserPnp/DeviceInstall", "Provider_Name": "Microsoft-Windows-UserPnp", "Computer": "DESKTOP-OFJ6N53", "TimeCreated": "2023-04-26 09:04:41.137325+00:00", "RecordID": "88", "Level": "4", "UserID": "S-1-5-18"}
{"EventID": "8001", "Channel": "Microsoft-Windows-UserPnp/DeviceInstall", "Provider_Name": "Microsoft-Windows-UserPnp", "Computer": "DESKTOP-OFJ6N53", "TimeCreated": "2023-04-26 10:05:13.092979+00:00", "RecordID": "89", "Level": "4", "UserID": "S-1-5-18"}
{"EventID": "8002", "Channel": "Microsoft-Windows-UserPnp/DeviceInstall", "Provider_Name": "Microsoft-Windows-UserPnp", "Computer": "DESKTOP-OFJ6N53", "TimeCreated": "2023-04-26 10:07:43.102827+00:00", "RecordID": "90", "Level": "4", "UserID": "S-1-5-18"}
{"EventID": "8005", "Channel": "Microsoft-Windows-UserPnp/DeviceInstall", "Provider_Name": "Microsoft-Windows-UserPnp", "Computer": "DESKTOP-OFJ6N53", "TimeCreated": "2023-04-26 10:07:43.103127+00:00", "RecordID": "91", "Level": "4", "UserID": "S-1-5-18"}
{"EventID": "8001", "Channel": "Microsoft-Windows-UserPnp/DeviceInstall", "Provider_Name": "Microsoft-Windows-UserPnp", "Computer": "DESKTOP-OFJ6N53", "TimeCreated": "2023-05-16 15:00:53.597786+00:00", "RecordID": "92", "Level": "4", "UserID": "S-1-5-18"}
{"EventID": "8002", "Channel": "Microsoft-Windows-UserPnp/DeviceInstall", "Provider_Name": "Microsoft-Windows-UserPnp", "Computer": "DESKTOP-OFJ6N53", "TimeCreated": "2023-05-16 15:03:48.513599+00:00", "RecordID": "93", "Level": "4", "UserID": "S-1-5-18"}
{"EventID": "8005", "Channel": "Microsoft-Windows-UserPnp/DeviceInstall", "Provider_Name": "Microsoft-Windows-UserPnp", "Computer": "DESKTOP-OFJ6N53", "TimeCreated": "2023-05-16 15:03:48.514055+00:00", "RecordID": "94", "Level": "4", "UserID": "S-1-5-18"}
{"EventID": "8001", "Channel": "Microsoft-Windows-UserPnp/DeviceInstall", "Provider_Name": "Microsoft-Windows-UserPnp", "Computer": "DESKTOP-OFJ6N53", "TimeCreated": "2023-06-14 14:03:54.967945+00:00", "RecordID": "95", "Level": "4", "UserID": "S-1-5-18"}
{"EventID": "8002", "Channel": "Microsoft-Windows-UserPnp/DeviceInstall", "Provider_Name": "Microsoft-Windows-UserPnp", "Computer": "DESKTOP-OFJ6N53", "TimeCreated": "2023-06-14 14:06:26.477245+00:00", "RecordID": "96", "Level": "4", "UserID": "S-1-5-18"}
{"EventID": "8005", "Channel": "Microsoft-Windows-UserPnp/DeviceInstall", "Provider_Name": "Microsoft-Windows-UserPnp", "Computer": "DESKTOP-OFJ6N53", "TimeCreated": "2023-06-14 14:06:26.477898+00:00", "RecordID": "97", "Level": "4", "UserID": "S-1-5-18"}
{"EventID": "8001", "Channel": "Microsoft-Windows-UserPnp/DeviceInstall", "Provider_Name": "Microsoft-Windows-UserPnp", "Computer": "DESKTOP-OFJ6N53", "TimeCreated": "2023-08-17 19:53:50.722353+00:00", "RecordID": "98", "Level": "4", "UserID": "S-1-5-18"}
{"EventID": "8002", "Channel": "Microsoft-Windows-UserPnp/DeviceInstall", "Provider_Name": "Microsoft-Windows-UserPnp", "Computer": "DESKTOP-OFJ6N53", "TimeCreated": "2023-08-17 19:56:50.195202+00:00", "RecordID": "99", "Level": "4", "UserID": "S-1-5-18"}
{"EventID": "8005", "Channel": "Microsoft-Windows-UserPnp/DeviceInstall", "Provider_Name": "Microsoft-Windows-UserPnp", "Computer": "DESKTOP-OFJ6N53", "TimeCreated": "2023-08-17 19:56:50.195599+00:00", "RecordID": "100", "Level": "4", "UserID": "S-1-5-18"}
{"EventID": "8001", "Channel": "Microsoft-Windows-UserPnp/DeviceInstall", "Provider_Name": "Microsoft-Windows-UserPnp", "Computer": "DESKTOP-OFJ6N53", "TimeCreated": "2023-11-22 10:42:54.547968+00:00", "RecordID": "101", "Level": "4", "UserID": "S-1-5-18"}
{"EventID": "8002", "Channel": "Microsoft-Windows-UserPnp/DeviceInstall", "Provider_Name": "Microsoft-Windows-UserPnp", "Computer": "DESKTOP-OFJ6N53", "TimeCreated": "2023-11-22 10:45:33.974602+00:00", "RecordID": "102", "Level": "4", "UserID": "S-1-5-18"}
{"EventID": "8005", "Channel": "Microsoft-Windows-UserPnp/DeviceInstall", "Provider_Name": "Microsoft-Windows-UserPnp", "Computer": "DESKTOP-OFJ6N53", "TimeCreated": "2023-11-22 10:45:33.974966+00:00", "RecordID": "103", "Level": "4", "UserID": "S-1-5-18"}
{"EventID": "8001", "Channel": "Microsoft-Windows-UserPnp/DeviceInstall", "Provider_Name": "Microsoft-Windows-UserPnp", "Computer": "DESKTOP-OFJ6N53", "TimeCreated": "2023-12-29 11:44:05.721498+00:00", "RecordID": "104", "Level": "4", "UserID": "S-1-5-18"}
{"EventID": "8002", "Channel": "Microsoft-Windows-UserPnp/DeviceInstall", "Provider_Name": "Microsoft-Windows-UserPnp", "Computer": "DESKTOP-OFJ6N53", "TimeCreated": "2023-12-29 11:48:44.547094+00:00", "RecordID": "105", "Level": "4", "UserID": "S-1-5-18"}
{"EventID": "8005", "Channel": "Microsoft-Windows-UserPnp/DeviceInstall", "Provider_Name": "Microsoft-Windows-UserPnp", "Computer": "DESKTOP-OFJ6N53", "TimeCreated": "2023-12-29 11:48:44.547558+00:00", "RecordID": "106", "Level": "4", "UserID": "S-1-5-18"}
{"EventID": "8001", "Channel": "Microsoft-Windows-UserPnp/DeviceInstall", "Provider_Name": "Microsoft-Windows-UserPnp", "Computer": "DESKTOP-OFJ6N53", "TimeCreated": "2024-04-03 04:20:36.103891+00:00", "RecordID": "107", "Level": "4", "UserID": "S-1-5-18"}
{"EventID": "8002", "Channel": "Microsoft-Windows-UserPnp/DeviceInstall", "Provider_Name": "Microsoft-Windows-UserPnp", "Computer": "DESKTOP-OFJ6N53", "TimeCreated": "2024-04-03 04:23:11.499268+00:00", "RecordID": "108", "Level": "4", "UserID": "S-1-5-18"}
{"EventID": "8005", "Channel": "Microsoft-Windows-UserPnp/DeviceInstall", "Provider_Name": "Microsoft-Windows-UserPnp", "Computer": "DESKTOP-OFJ6N53", "TimeCreated": "2024-04-03 04:23:11.499691+00:00", "RecordID": "109", "Level": "4", "UserID": "S-1-5-18"}
{"EventID": "8001", "Channel": "Microsoft-Windows-UserPnp/DeviceInstall", "Provider_Name": "Microsoft-Windows-UserPnp", "Computer": "DESKTOP-OFJ6N53", "TimeCreated": "2024-04-08 14:07:50.618490+00:00", "RecordID": "110", "Level": "4", "UserID": "S-1-5-18"}
{"EventID": "8002", "Channel": "Microsoft-Windows-UserPnp/DeviceInstall", "Provider_Name": "Microsoft-Windows-UserPnp", "Computer": "DESKTOP-OFJ6N53", "TimeCreated": "2024-04-08 14:10:26.111712+00:00", "RecordID": "111", "Level": "4", "UserID": "S-1-5-18"}
{"EventID": "8005", "Channel": "Microsoft-Windows-UserPnp/DeviceInstall", "Provider_Name": "Microsoft-Windows-UserPnp", "Computer": "DESKTOP-OFJ6N53", "TimeCreated": "2024-04-08 14:10:26.112213+00:00", "RecordID": "112", "Level": "4", "UserID": "S-1-5-18"}
{"EventID": "8001", "Channel": "Microsoft-Windows-UserPnp/DeviceInstall", "Provider_Name": "Microsoft-Windows-UserPnp", "Computer": "DESKTOP-OFJ6N53", "TimeCreated": "2024-05-15 13:09:53.906446+00:00", "RecordID": "113", "Level": "4", "UserID": "S-1-5-18"}
{"EventID": "8002", "Channel": "Microsoft-Windows-UserPnp/DeviceInstall", "Provider_Name": "Microsoft-Windows-UserPnp", "Computer": "DESKTOP-OFJ6N53", "TimeCreated": "2024-05-15 13:13:11.282385+00:00", "RecordID": "114", "Level": "4", "UserID": "S-1-5-18"}
{"EventID": "8005", "Channel": "Microsoft-Windows-UserPnp/DeviceInstall", "Provider_Name": "Microsoft-Windows-UserPnp", "Computer": "DESKTOP-OFJ6N53", "TimeCreated": "2024-05-15 13:13:11.282887+00:00", "RecordID": "115", "Level": "4", "UserID": "S-1-5-18"}
{"EventID": "8001", "Channel": "Microsoft-Windows-UserPnp/DeviceInstall", "Provider_Name": "Microsoft-Windows-UserPnp", "Computer": "DESKTOP-OFJ6N53", "TimeCreated": "2024-05-15 13:15:32.966450+00:00", "RecordID": "116", "Level": "4", "UserID": "S-1-5-18"}
{"EventID": "8004", "Channel": "Microsoft-Windows-UserPnp/DeviceInstall", "Provider_Name": "Microsoft-Windows-UserPnp", "Computer": "DESKTOP-OFJ6N53", "TimeCreated": "2024-05-15 13:20:28.527170+00:00", "RecordID": "117", "Level": "4", "UserID": "S-1-5-18"}
{"EventID": "8005", "Channel": "Microsoft-Windows-UserPnp/DeviceInstall", "Provider_Name": "Microsoft-Windows-UserPnp", "Computer": "DESKTOP-OFJ6N53", "TimeCreated": "2024-05-15 13:20:28.531853+00:00", "RecordID": "118", "Level": "4", "UserID": "S-1-5-18"}
{"EventID": "8001", "Channel": "Microsoft-Windows-UserPnp/DeviceInstall", "Provider_Name": "Microsoft-Windows-UserPnp", "Computer": "DESKTOP-OFJ6N53", "TimeCreated": "2024-05-15 13:53:42.400270+00:00", "RecordID": "119", "Level": "4", "UserID": "S-1-5-18"}
{"EventID": "8002", "Channel": "Microsoft-Windows-UserPnp/DeviceInstall", "Provider_Name": "Microsoft-Windows-UserPnp", "Computer": "DESKTOP-OFJ6N53", "TimeCreated": "2024-05-15 13:57:37.644922+00:00", "RecordID": "120", "Level": "4", "UserID": "S-1-5-18"}
{"EventID": "8005", "Channel": "Microsoft-Windows-UserPnp/DeviceInstall", "Provider_Name": "Microsoft-Windows-UserPnp", "Computer": "DESKTOP-OFJ6N53", "TimeCreated": "2024-05-15 13:57:37.645315+00:00", "RecordID": "121", "Level": "4", "UserID": "S-1-5-18"}
{"EventID": "8001", "Channel": "Microsoft-Windows-UserPnp/DeviceInstall", "Provider_Name": "Microsoft-Windows-UserPnp", "Computer": "DESKTOP-OFJ6N53", "TimeCreated": "2024-10-10 17:30:09.306307+00:00", "RecordID": "122", "Level": "4", "UserID": "S-1-5-18"}
{"EventID": "8002", "Channel": "Microsoft-Windows-UserPnp/DeviceInstall", "Provider_Name": "Microsoft-Windows-UserPnp", "Computer": "DESKTOP-OFJ6N53", "TimeCreated": "2024-10-10 17:32:39.805891+00:00", "RecordID": "123", "Level": "4", "UserID": "S-1-5-18"}
{"EventID": "8005", "Channel": "Microsoft-Windows-UserPnp/DeviceInstall", "Provider_Name": "Microsoft-Windows-UserPnp", "Computer": "DESKTOP-OFJ6N53", "TimeCreated": "2024-10-10 17:32:39.806250+00:00", "RecordID": "124", "Level": "4", "UserID": "S-1-5-18"}
{"EventID": "8001", "Channel": "Microsoft-Windows-UserPnp/DeviceInstall", "Provider_Name": "Microsoft-Windows-UserPnp", "Computer": "DESKTOP-OFJ6N53", "TimeCreated": "2024-11-20 13:46:17.247822+00:00", "RecordID": "125", "Level": "4", "UserID": "S-1-5-18"}
{"EventID": "8002", "Channel": "Microsoft-Windows-UserPnp/DeviceInstall", "Provider_Name": "Microsoft-Windows-UserPnp", "Computer": "DESKTOP-OFJ6N53", "TimeCreated": "2024-11-20 13:48:49.996557+00:00", "RecordID": "126", "Level": "4", "UserID": "S-1-5-18"}
{"EventID": "8005", "Channel": "Microsoft-Windows-UserPnp/DeviceInstall", "Provider_Name": "Microsoft-Windows-UserPnp", "Computer": "DESKTOP-OFJ6N53", "TimeCreated": "2024-11-20 13:48:50.057505+00:00", "RecordID": "127", "Level": "4", "UserID": "S-1-5-18"}
{"EventID": "8001", "Channel": "Microsoft-Windows-UserPnp/DeviceInstall", "Provider_Name": "Microsoft-Windows-UserPnp", "Computer": "DESKTOP-OFJ6N53", "TimeCreated": "2024-12-28 11:01:07.140385+00:00", "RecordID": "128", "Level": "4", "UserID": "S-1-5-18"}
{"EventID": "8002", "Channel": "Microsoft-Windows-UserPnp/DeviceInstall", "Provider_Name": "Microsoft-Windows-UserPnp", "Computer": "DESKTOP-OFJ6N53", "TimeCreated": "2024-12-28 11:03:49.790270+00:00", "RecordID": "129", "Level": "4", "UserID": "S-1-5-18"}
{"EventID": "8005", "Channel": "Microsoft-Windows-UserPnp/DeviceInstall", "Provider_Name": "Microsoft-Windows-UserPnp", "Computer": "DESKTOP-OFJ6N53", "TimeCreated": "2024-12-28 11:03:49.790861+00:00", "RecordID": "130", "Level": "4", "UserID": "S-1-5-18"}
{"EventID": "8001", "Channel": "Microsoft-Windows-UserPnp/DeviceInstall", "Provider_Name": "Microsoft-Windows-UserPnp", "Computer": "DESKTOP-OFJ6N53", "TimeCreated": "2025-02-20 20:27:56.450470+00:00", "RecordID": "131", "Level": "4", "UserID": "S-1-5-18"}
{"EventID": "8002", "Channel": "Microsoft-Windows-UserPnp/DeviceInstall", "Provider_Name": "Microsoft-Windows-UserPnp", "Computer": "DESKTOP-OFJ6N53", "TimeCreated": "2025-02-20 20:30:40.681667+00:00", "RecordID": "132", "Level": "4", "UserID": "S-1-5-18"}
{"EventID": "8005", "Channel": "Microsoft-Windows-UserPnp/DeviceInstall", "Provider_Name": "Microsoft-Windows-UserPnp", "Computer": "DESKTOP-OFJ6N53", "TimeCreated": "2025-02-20 20:30:40.682232+00:00", "RecordID": "133", "Level": "4", "UserID": "S-1-5-18"}
{"EventID": "8001", "Channel": "Microsoft-Windows-UserPnp/DeviceInstall", "Provider_Name": "Microsoft-Windows-UserPnp", "Computer": "DESKTOP-OFJ6N53", "TimeCreated": "2025-04-02 09:30:19.211504+00:00", "RecordID": "134", "Level": "4", "UserID": "S-1-5-18"}
{"EventID": "8004", "Channel": "Microsoft-Windows-UserPnp/DeviceInstall", "Provider_Name": "Microsoft-Windows-UserPnp", "Computer": "DESKTOP-OFJ6N53", "TimeCreated": "2025-04-02 09:30:30.839455+00:00", "RecordID": "135", "Level": "4", "UserID": "S-1-5-18"}
{"EventID": "8005", "Channel": "Microsoft-Windows-UserPnp/DeviceInstall", "Provider_Name": "Microsoft-Windows-UserPnp", "Computer": "DESKTOP-OFJ6N53", "TimeCreated": "2025-04-02 09:30:30.840021+00:00", "RecordID": "136", "Level": "4", "UserID": "S-1-5-18"}
{"EventID": "8001", "Channel": "Microsoft-Windows-UserPnp/DeviceInstall", "Provider_Name": "Microsoft-Windows-UserPnp", "Computer": "DESKTOP-OFJ6N53", "TimeCreated": "2025-04-02 09:56:09.257303+00:00", "RecordID": "137", "Level": "4", "UserID": "S-1-5-18"}
{"EventID": "8004", "Channel": "Microsoft-Windows-UserPnp/DeviceInstall", "Provider_Name": "Microsoft-Windows-UserPnp", "Computer": "DESKTOP-OFJ6N53", "TimeCreated": "2025-04-02 09:56:42.118435+00:00", "RecordID": "138", "Level": "4", "UserID": "S-1-5-18"}
{"EventID": "8005", "Channel": "Microsoft-Windows-UserPnp/DeviceInstall", "Provider_Name": "Microsoft-Windows-UserPnp", "Computer": "DESKTOP-OFJ6N53", "TimeCreated": "2025-04-02 09:56:42.119223+00:00", "RecordID": "139", "Level": "4", "UserID": "S-1-5-18"}
{"EventID": "8001", "Channel": "Microsoft-Windows-UserPnp/DeviceInstall", "Provider_Name": "Microsoft-Windows-UserPnp", "Computer": "DESKTOP-OFJ6N53", "TimeCreated": "2025-04-02 10:07:17.692400+00:00", "RecordID": "140", "Level": "4", "UserID": "S-1-5-18"}
{"EventID": "8004", "Channel": "Microsoft-Windows-UserPnp/DeviceInstall", "Provider_Name": "Microsoft-Windows-UserPnp", "Computer": "DESKTOP-OFJ6N53", "TimeCreated": "2025-04-02 10:07:26.890791+00:00", "RecordID": "141", "Level": "4", "UserID": "S-1-5-18"}
{"EventID": "8005", "Channel": "Microsoft-Windows-UserPnp/DeviceInstall", "Provider_Name": "Microsoft-Windows-UserPnp", "Computer": "DESKTOP-OFJ6N53", "TimeCreated": "2025-04-02 10:07:26.891315+00:00", "RecordID": "142", "Level": "4", "UserID": "S-1-5-18"}
{"EventID": "8001", "Channel": "Microsoft-Windows-UserPnp/DeviceInstall", "Provider_Name": "Microsoft-Windows-UserPnp", "Computer": "DESKTOP-OFJ6N53", "TimeCreated": "2025-04-02 10:10:21.499702+00:00", "RecordID": "143", "Level": "4", "UserID": "S-1-5-18"}
{"EventID": "8004", "Channel": "Microsoft-Windows-UserPnp/DeviceInstall", "Provider_Name": "Microsoft-Windows-UserPnp", "Computer": "DESKTOP-OFJ6N53", "TimeCreated": "2025-04-02 10:10:47.696152+00:00", "RecordID": "144", "Level": "4", "UserID": "S-1-5-18"}
{"EventID": "8005", "Channel": "Microsoft-Windows-UserPnp/DeviceInstall", "Provider_Name": "Microsoft-Windows-UserPnp", "Computer": "DESKTOP-OFJ6N53", "TimeCreated": "2025-04-02 10:10:47.711613+00:00", "RecordID": "145", "Level": "4", "UserID": "S-1-5-18"}
{"EventID": "8001", "Channel": "Microsoft-Windows-UserPnp/DeviceInstall", "Provider_Name": "Microsoft-Windows-UserPnp", "Computer": "DESKTOP-OFJ6N53", "TimeCreated": "2025-04-02 10:14:43.099056+00:00", "RecordID": "146", "Level": "4", "UserID": "S-1-5-18"}
{"EventID": "8004", "Channel": "Microsoft-Windows-UserPnp/DeviceInstall", "Provider_Name": "Microsoft-Windows-UserPnp", "Computer": "DESKTOP-OFJ6N53", "TimeCreated": "2025-04-02 10:15:30.738304+00:00", "RecordID": "147", "Level": "4", "UserID": "S-1-5-18"}
{"EventID": "8005", "Channel": "Microsoft-Windows-UserPnp/DeviceInstall", "Provider_Name": "Microsoft-Windows-UserPnp", "Computer": "DESKTOP-OFJ6N53", "TimeCreated": "2025-04-02 10:15:30.738930+00:00", "RecordID": "148", "Level": "4", "UserID": "S-1-5-18"}
{"EventID": "8001", "Channel": "Microsoft-Windows-UserPnp/DeviceInstall", "Provider_Name": "Microsoft-Windows-UserPnp", "Computer": "DESKTOP-OFJ6N53", "TimeCreated": "2025-04-02 11:28:59.556469+00:00", "RecordID": "149", "Level": "4", "UserID": "S-1-5-18"}
{"EventID": "8002", "Channel": "Microsoft-Windows-UserPnp/DeviceInstall", "Provider_Name": "Microsoft-Windows-UserPnp", "Computer": "DESKTOP-OFJ6N53", "TimeCreated": "2025-04-02 11:31:35.623482+00:00", "RecordID": "150", "Level": "4", "UserID": "S-1-5-18"}
{"EventID": "8005", "Channel": "Microsoft-Windows-UserPnp/DeviceInstall", "Provider_Name": "Microsoft-Windows-UserPnp", "Computer": "DESKTOP-OFJ6N53", "TimeCreated": "2025-04-02 11:31:35.623993+00:00", "RecordID": "151", "Level": "4", "UserID": "S-1-5-18"}
{"EventID": "8001", "Channel": "Microsoft-Windows-UserPnp/DeviceInstall", "Provider_Name": "Microsoft-Windows-UserPnp", "Computer": "DESKTOP-OFJ6N53", "TimeCreated": "2025-04-13 19:34:15.652386+00:00", "RecordID": "152", "Level": "4", "UserID": "S-1-5-18"}
{"EventID": "8002", "Channel": "Microsoft-Windows-UserPnp/DeviceInstall", "Provider_Name": "Microsoft-Windows-UserPnp", "Computer": "DESKTOP-OFJ6N53", "TimeCreated": "2025-04-13 19:36:46.533827+00:00", "RecordID": "153", "Level": "4", "UserID": "S-1-5-18"}
{"EventID": "8005", "Channel": "Microsoft-Windows-UserPnp/DeviceInstall", "Provider_Name": "Microsoft-Windows-UserPnp", "Computer": "DESKTOP-OFJ6N53", "TimeCreated": "2025-04-13 19:36:46.534246+00:00", "RecordID": "154", "Level": "4", "UserID": "S-1-5-18"}
{"EventID": "8001", "Channel": "Microsoft-Windows-UserPnp/DeviceInstall", "Provider_Name": "Microsoft-Windows-UserPnp", "Computer": "DESKTOP-OFJ6N53", "TimeCreated": "2025-04-14 08:36:02.678545+00:00", "RecordID": "155", "Level": "4", "UserID": "S-1-5-18"}
{"EventID": "8002", "Channel": "Microsoft-Windows-UserPnp/DeviceInstall", "Provider_Name": "Microsoft-Windows-UserPnp", "Computer": "DESKTOP-OFJ6N53", "TimeCreated": "2025-04-14 08:38:39.760944+00:00", "RecordID": "156", "Level": "4", "UserID": "S-1-5-18"}
{"EventID": "8005", "Channel": "Microsoft-Windows-UserPnp/DeviceInstall", "Provider_Name": "Microsoft-Windows-UserPnp", "Computer": "DESKTOP-OFJ6N53", "TimeCreated": "2025-04-14 08:38:39.761395+00:00", "RecordID": "157", "Level": "4", "UserID": "S-1-5-18"}
