{"EventID": "10001", "Channel": "Microsoft-Windows-NetworkProfile/Operational", "Provider_Name": "Microsoft-Windows-NetworkProfile", "Computer": "DESKTOP-OFJ6N53", "TimeCreated": "2024-05-03 10:38:15.166128+00:00", "RecordID": "14548", "Level": "4", "UserID": "S-1-5-19", "EventData.Name": "Сеть 3", "EventData.Description": "Сеть", "EventData.Guid": "{5efae743-e4d7-4c38-aa20-8709ca3f8a2a}", "EventData.Type": "0", "EventData.State": "2", "EventData.Category": "1"}
{"EventID": "4003", "Channel": "Microsoft-Windows-NetworkProfile/Operational", "Provider_Name": "Microsoft-Windows-NetworkProfile", "Computer": "DESKTOP-OFJ6N53", "TimeCreated": "2024-05-03 10:38:15.171961+00:00", "RecordID": "14549", "Level": "4", "UserID": "S-1-5-19", "EventData.InterfaceGuid": "{4ce1134c-e059-4f27-a6df-bafcb007188c}", "EventData.CurrentOrNextState": "2"}
{"EventID": "10000", "Channel": "Microsoft-Windows-NetworkProfile/Operational", "Provider_Name": "Microsoft-Windows-NetworkProfile", "Computer": "DESKTOP-OFJ6N53", "TimeCreated": "2024-05-03 10:38:15.172121+00:00", "RecordID": "14550", "Level": "4", "UserID": "S-1-5-19", "EventData.Name": "Неопознанная сеть", "EventData.Description": "Неопознанная сеть", "EventData.Guid": "{b0d8f1a0-44fe-4dc5-ba13-8c66bb826a0e}", "EventData.Type": "0", "EventData.State": "1", "EventData.Category": "0"}
{"EventID": "20002", "Channel": "Microsoft-Windows-NetworkProfile/Operational", "Provider_Name": "Microsoft-Windows-NetworkProfile", "Computer": "DESKTOP-OFJ6N53", "TimeCreated": "2024-05-03 10:38:15.189587+00:00", "RecordID": "14551", "Level": "4", "UserID": "S-1-5-19", "EventData.ProfileGuid": "{00000000-0000-0000-0000-000000000000}", "EventData.InterfaceGuid": "{4ce1134c-e059-4f27-a6df-bafcb007188c}", "EventData.Category": "0", "EventData.ErrorCodev4": "0", "EventData.ErrorCodev6": "0", "EventData.Context": "3987"}
{"EventID": "4004", "Channel": "Microsoft-Windows-NetworkProfile/Operational", "Provider_Name": "Microsoft-Windows-NetworkProfile", "Computer": "DESKTOP-OFJ6N53", "TimeCreated": "2024-05-03 10:38:17.880384+00:00", "RecordID": "14552", "Level": "4", "UserID": "S-1-5-19", "EventData.NewInternetConnectionProfile": "True", "EventData.ConnectionCostChanged": "False", "EventData.DomainConnectivityLevelChanged": "False", "EventData.NetworkConnectivityLevelChanged": "True", "EventData.HostNameChanged": "True", "EventData.WwanRegistrationStateChanged": "False", "EventData.TetheringOperationalStateChanged": "False", "EventData.TetheringClientCountChanged": "False"}
{"EventID": "4004", "Channel": "Microsoft-Windows-NetworkProfile/Operational", "Provider_Name": "Microsoft-Windows-NetworkProfile", "Computer": "DESKTOP-OFJ6N53", "TimeCreated": "2024-05-03 10:38:19.452076+00:00", "RecordID": "14553", "Level": "4", "UserID": "S-1-5-19", "EventData.NewInternetConnectionProfile": "False", "EventData.ConnectionCostChanged": "False", "EventData.DomainConnectivityLevelChanged": "False", "EventData.NetworkConnectivityLevelChanged": "True", "EventData.HostNameChanged": "False", "EventData.WwanRegistrationStateChanged": "False", "EventData.TetheringOperationalStateChanged": "False", "EventData.TetheringClientCountChanged": "False"}
{"EventID": "4001", "Channel": "Microsoft-Windows-NetworkProfile/Operational", "Provider_Name": "Microsoft-Windows-NetworkProfile", "Computer": "DESKTOP-OFJ6N53", "TimeCreated": "2024-05-03 10:38:40.389387+00:00", "RecordID": "14554", "Level": "4", "UserID": "S-1-5-19", "EventData.InterfaceGuid": "{4ce1134c-e059-4f27-a6df-bafcb007188c}", "EventData.CurrentOrNextState": "0"}
{"EventID": "10000", "Channel": "Microsoft-Windows-NetworkProfile/Operational", "Provider_Name": "Microsoft-Windows-NetworkProfile", "Computer": "DESKTOP-OFJ6N53", "TimeCreated": "2024-05-03 10:38:40.389668+00:00", "RecordID": "14555", "Level": "4", "UserID": "S-1-5-19", "EventData.Name": "Идентификация...", "EventData.Description": "Идентификация...", "EventData.Guid": "{cbf97201-e95e-4515-a0ae-9917130e221d}", "EventData.Type": "0", "EventData.State": "1", "EventData.Category": "0"}
{"EventID": "20002", "Channel": "Microsoft-Windows-NetworkProfile/Operational", "Provider_Name": "Microsoft-Windows-NetworkProfile", "Computer": "DESKTOP-OFJ6N53", "TimeCreated": "2024-05-03 10:38:40.643559+00:00", "RecordID": "14556", "Level": "4", "UserID": "S-1-5-19", "EventData.ProfileGuid": "{ffffffff-ffff-ffff-ffff-ffffffffffff}", "EventData.InterfaceGuid": "{4ce1134c-e059-4f27-a6df-bafcb007188c}", "EventData.Category": "0", "EventData.ErrorCodev4": "0", "EventData.ErrorCodev6": "0", "EventData.Context": "3987"}
{"EventID": "4002", "Channel": "Microsoft-Windows-NetworkProfile/Operational", "Provider_Name": "Microsoft-Windows-NetworkProfile", "Computer": "DESKTOP-OFJ6N53", "TimeCreated": "2024-05-03 10:38:41.104599+00:00", "RecordID": "14557", "Level": "4", "UserID": "S-1-5-19", "EventData.InterfaceGuid": "{4ce1134c-e059-4f27-a6df-bafcb007188c}", "EventData.CurrentOrNextState": "1"}
{"EventID": "10000", "Channel": "Microsoft-Windows-NetworkProfile/Operational", "Provider_Name": "Microsoft-Windows-NetworkProfile", "Computer": "DESKTOP-OFJ6N53", "TimeCreated": "2024-05-03 10:38:41.105148+00:00", "RecordID": "14558", "Level": "4", "UserID": "S-1-5-19", "EventData.Name": "Сеть 3", "EventData.Description": "Сеть", "EventData.Guid": "{5efae743-e4d7-4c38-aa20-8709ca3f8a2a}", "EventData.Type": "0", "EventData.State": "1", "EventData.Category": "1"}
{"EventID": "20002", "Channel": "Microsoft-Windows-NetworkProfile/Operational", "Provider_Name": "Microsoft-Windows-NetworkProfile", "Computer": "DESKTOP-OFJ6N53", "TimeCreated": "2024-05-03 10:38:41.136143+00:00", "RecordID": "14559", "Level": "4", "UserID": "S-1-5-19", "EventData.ProfileGuid": "{5efae743-e4d7-4c38-aa20-8709ca3f8a2a}", "EventData.InterfaceGuid": "{4ce1134c-e059-4f27-a6df-bafcb007188c}", "EventData.Category": "1", "EventData.ErrorCodev4": "0", "EventData.ErrorCodev6": "0", "EventData.Context": "3987"}
{"EventID": "4004", "Channel": "Microsoft-Windows-NetworkProfile/Operational", "Provider_Name": "Microsoft-Windows-NetworkProfile", "Computer": "DESKTOP-OFJ6N53", "TimeCreated": "2024-05-03 10:38:42.869520+00:00", "RecordID": "14560", "Level": "4", "UserID": "S-1-5-19", "EventData.NewInternetConnectionProfile": "False", "EventData.ConnectionCostChanged": "False", "EventData.DomainConnectivityLevelChanged": "False", "EventData.NetworkConnectivityLevelChanged": "True", "EventData.HostNameChanged": "True", "EventData.WwanRegistrationStateChanged": "False", "EventData.TetheringOperationalStateChanged": "False", "EventData.TetheringClientCountChanged": "False"}
{"EventID": "4004", "Channel": "Microsoft-Windows-NetworkProfile/Operational", "Provider_Name": "Microsoft-Windows-NetworkProfile", "Computer": "DESKTOP-OFJ6N53", "TimeCreated": "2024-05-03 10:38:55.110762+00:00", "RecordID": "14561", "Level": "4", "UserID": "S-1-5-19", "EventData.NewInternetConnectionProfile": "True", "EventData.ConnectionCostChanged": "False", "EventData.DomainConnectivityLevelChanged": "False", "EventData.NetworkConnectivityLevelChanged": "True", "EventData.HostNameChanged": "False", "EventData.WwanRegistrationStateChanged": "False", "EventData.TetheringOperationalStateChanged": "False", "EventData.TetheringClientCountChanged": "False"}
{"EventID": "10001", "Channel": "Microsoft-Windows-NetworkProfile/Operational", "Provider_Name": "Microsoft-Windows-NetworkProfile", "Computer": "DESKTOP-OFJ6N53", "TimeCreated": "2024-05-08 08:54:11.061337+00:00", "RecordID": "14562", "Level": "4", "UserID": "S-1-5-19", "EventData.Name": "Сеть 3", "EventData.Description": "Сеть", "EventData.Guid": "{5efae743-e4d7-4c38-aa20-8709ca3f8a2a}", "EventData.Type": "0", "EventData.State": "2", "EventData.Category": "1"}
{"EventID": "4004", "Channel": "Microsoft-Windows-NetworkProfile/Operational", "Provider_Name": "Microsoft-Windows-NetworkProfile", "Computer": "DESKTOP-OFJ6N53", "TimeCreated": "2024-05-08 08:54:14.003922+00:00", "RecordID": "14563", "Level": "4", "UserID": "S-1-5-19", "EventData.NewInternetConnectionProfile": "True", "EventData.ConnectionCostChanged": "False", "EventData.DomainConnectivityLevelChanged": "False", "EventData.NetworkConnectivityLevelChanged": "True", "EventData.HostNameChanged": "True", "EventData.WwanRegistrationStateChanged": "False", "EventData.TetheringOperationalStateChanged": "False", "EventData.TetheringClientCountChanged": "False"}
{"EventID": "20002", "Channel": "Microsoft-Windows-NetworkProfile/Operational", "Provider_Name": "Microsoft-Windows-NetworkProfile", "Computer": "DESKTOP-OFJ6N53", "TimeCreated": "2024-05-08 08:58:21.431725+00:00", "RecordID": "14564", "Level": "4", "UserID": "S-1-5-19", "EventData.ProfileGuid": "{ffffffff-ffff-ffff-ffff-ffffffffffff}", "EventData.InterfaceGuid": "{4ce1134c-e059-4f27-a6df-bafcb007188c}", "EventData.Category": "0", "EventData.ErrorCodev4": "0", "EventData.ErrorCodev6": "0", "EventData.Context": "3987"}
{"EventID": "4001", "Channel": "Microsoft-Windows-NetworkProfile/Operational", "Provider_Name": "Microsoft-Windows-NetworkProfile", "Computer": "DESKTOP-OFJ6N53", "TimeCreated": "2024-05-08 08:58:21.432634+00:00", "RecordID": "14565", "Level": "4", "UserID": "S-1-5-19", "EventData.InterfaceGuid": "{4ce1134c-e059-4f27-a6df-bafcb007188c}", "EventData.CurrentOrNextState": "0"}
{"EventID": "10000", "Channel": "Microsoft-Windows-NetworkProfile/Operational", "Provider_Name": "Microsoft-Windows-NetworkProfile", "Computer": "DESKTOP-OFJ6N53", "TimeCreated": "2024-05-08 08:58:21.433472+00:00", "RecordID": "14566", "Level": "4", "UserID": "S-1-5-19", "EventData.Name": "Идентификация...", "EventData.Description": "Идентификация...", "EventData.Guid": "{cbf97201-e95e-4515-a0ae-9917130e221d}", "EventData.Type": "0", "EventData.State": "1", "EventData.Category": "0"}
{"EventID": "4004", "Channel": "Microsoft-Windows-NetworkProfile/Operational", "Provider_Name": "Microsoft-Windows-NetworkProfile", "Computer": "DESKTOP-OFJ6N53", "TimeCreated": "2024-05-08 08:58:26.866453+00:00", "RecordID": "14567", "Level": "4", "UserID": "S-1-5-19", "EventData.NewInternetConnectionProfile": "False", "EventData.ConnectionCostChanged": "False", "EventData.DomainConnectivityLevelChanged": "False", "EventData.NetworkConnectivityLevelChanged": "True", "EventData.HostNameChanged": "True", "EventData.WwanRegistrationStateChanged": "False", "EventData.TetheringOperationalStateChanged": "False", "EventData.TetheringClientCountChanged": "False"}
{"EventID": "4003", "Channel": "Microsoft-Windows-NetworkProfile/Operational", "Provider_Name": "Microsoft-Windows-NetworkProfile", "Computer": "DESKTOP-OFJ6N53", "TimeCreated": "2024-05-08 08:58:52.042410+00:00", "RecordID": "14568", "Level": "4", "UserID": "S-1-5-19", "EventData.InterfaceGuid": "{4ce1134c-e059-4f27-a6df-bafcb007188c}", "EventData.CurrentOrNextState": "2"}
{"EventID": "10000", "Channel": "Microsoft-Windows-NetworkProfile/Operational", "Provider_Name": "Microsoft-Windows-NetworkProfile", "Computer": "DESKTOP-OFJ6N53", "TimeCreated": "2024-05-08 08:58:52.042532+00:00", "RecordID": "14569", "Level": "4", "UserID": "S-1-5-19", "EventData.Name": "Неопознанная сеть", "EventData.Description": "Неопознанная сеть", "EventData.Guid": "{b0d8f1a0-44fe-4dc5-ba13-8c66bb826a0e}", "EventData.Type": "0", "EventData.State": "5", "EventData.Category": "0"}
{"EventID": "4004", "Channel": "Microsoft-Windows-NetworkProfile/Operational", "Provider_Name": "Microsoft-Windows-NetworkProfile", "Computer": "DESKTOP-OFJ6N53", "TimeCreated": "2024-05-08 08:58:53.072855+00:00", "RecordID": "14570", "Level": "4", "UserID": "S-1-5-19", "EventData.NewInternetConnectionProfile": "False", "EventData.ConnectionCostChanged": "False", "EventData.DomainConnectivityLevelChanged": "False", "EventData.NetworkConnectivityLevelChanged": "True", "EventData.HostNameChanged": "False", "EventData.WwanRegistrationStateChanged": "False", "EventData.TetheringOperationalStateChanged": "False", "EventData.TetheringClientCountChanged": "False"}
{"EventID": "20002", "Channel": "Microsoft-Windows-NetworkProfile/Operational", "Provider_Name": "Microsoft-Windows-NetworkProfile", "Computer": "DESKTOP-OFJ6N53", "TimeCreated": "2024-05-08 09:00:21.765194+00:00", "RecordID": "14571", "Level": "4", "UserID": "S-1-5-19", "EventData.ProfileGuid": "{b0d8f1a0-44fe-4dc5-ba13-8c66bb826a0e}", "EventData.InterfaceGuid": "{4ce1134c-e059-4f27-a6df-bafcb007188c}", "EventData.Category": "1", "EventData.ErrorCodev4": "0", "EventData.ErrorCodev6": "0", "EventData.Context": "3802"}
{"EventID": "10002", "Channel": "Microsoft-Windows-NetworkProfile/Operational", "Provider_Name": "Microsoft-Windows-NetworkProfile", "Computer": "DESKTOP-OFJ6N53", "TimeCreated": "2024-05-08 09:00:21.765831+00:00", "RecordID": "14572", "Level": "4", "UserID": "S-1-5-19", "EventData.Name": "Неопознанная сеть", "EventData.Description": "Неопознанная сеть", "EventData.Guid": "{b0d8f1a0-44fe-4dc5-ba13-8c66bb826a0e}", "EventData.Type": "0", "EventData.State": "5", "EventData.Category": "1"}
{"EventID": "4001", "Channel": "Microsoft-Windows-NetworkProfile/Operational", "Provider_Name": "Microsoft-Windows-NetworkProfile", "Computer": "DESKTOP-OFJ6N53", "TimeCreated": "2024-05-08 09:22:43.000790+00:00", "RecordID": "14573", "Level": "4", "UserID": "S-1-5-19", "EventData.InterfaceGuid": "{4ce1134c-e059-4f27-a6df-bafcb007188c}", "EventData.CurrentOrNextState": "0"}
{"EventID": "10000", "Channel": "Microsoft-Windows-NetworkProfile/Operational", "Provider_Name": "Microsoft-Windows-NetworkProfile", "Computer": "DESKTOP-OFJ6N53", "TimeCreated": "2024-05-08 09:22:43.000977+00:00", "RecordID": "14574", "Level": "4", "UserID": "S-1-5-19", "EventData.Name": "Идентификация...", "EventData.Description": "Идентификация...", "EventData.Guid": "{cbf97201-e95e-4515-a0ae-9917130e221d}", "EventData.Type": "0", "EventData.State": "5", "EventData.Category": "0"}
{"EventID": "20002", "Channel": "Microsoft-Windows-NetworkProfile/Operational", "Provider_Name": "Microsoft-Windows-NetworkProfile", "Computer": "DESKTOP-OFJ6N53", "TimeCreated": "2024-05-08 09:22:43.035419+00:00", "RecordID": "14575", "Level": "4", "UserID": "S-1-5-19", "EventData.ProfileGuid": "{ffffffff-ffff-ffff-ffff-ffffffffffff}", "EventData.InterfaceGuid": "{4ce1134c-e059-4f27-a6df-bafcb007188c}", "EventData.Category": "0", "EventData.ErrorCodev4": "0", "EventData.ErrorCodev6": "0", "EventData.Context": "3987"}
{"EventID": "4004", "Channel": "Microsoft-Windows-NetworkProfile/Operational", "Provider_Name": "Microsoft-Windows-NetworkProfile", "Computer": "DESKTOP-OFJ6N53", "TimeCreated": "2024-05-08 09:22:45.123621+00:00", "RecordID": "14576", "Level": "4", "UserID": "S-1-5-19", "EventData.NewInternetConnectionProfile": "False", "EventData.ConnectionCostChanged": "False", "EventData.DomainConnectivityLevelChanged": "False", "EventData.NetworkConnectivityLevelChanged": "True", "EventData.HostNameChanged": "False", "EventData.WwanRegistrationStateChanged": "False", "EventData.TetheringOperationalStateChanged": "False", "EventData.TetheringClientCountChanged": "False"}
{"EventID": "4003", "Channel": "Microsoft-Windows-NetworkProfile/Operational", "Provider_Name": "Microsoft-Windows-NetworkProfile", "Computer": "DESKTOP-OFJ6N53", "TimeCreated": "2024-05-08 09:23:07.136030+00:00", "RecordID": "14577", "Level": "4", "UserID": "S-1-5-19", "EventData.InterfaceGuid": "{4ce1134c-e059-4f27-a6df-bafcb007188c}", "EventData.CurrentOrNextState": "2"}
{"EventID": "10000", "Channel": "Microsoft-Windows-NetworkProfile/Operational", "Provider_Name": "Microsoft-Windows-NetworkProfile", "Computer": "DESKTOP-OFJ6N53", "TimeCreated": "2024-05-08 09:23:07.136265+00:00", "RecordID": "14578", "Level": "4", "UserID": "S-1-5-19", "EventData.Name": "Неопознанная сеть", "EventData.Description": "Неопознанная сеть", "EventData.Guid": "{b0d8f1a0-44fe-4dc5-ba13-8c66bb826a0e}", "EventData.Type": "0", "EventData.State": "1", "EventData.Category": "0"}
{"EventID": "4004", "Channel": "Microsoft-Windows-NetworkProfile/Operational", "Provider_Name": "Microsoft-Windows-NetworkProfile", "Computer": "DESKTOP-OFJ6N53", "TimeCreated": "2024-05-08 09:23:08.150433+00:00", "RecordID": "14579", "Level": "4", "UserID": "S-1-5-19", "EventData.NewInternetConnectionProfile": "False", "EventData.ConnectionCostChanged": "False", "EventData.DomainConnectivityLevelChanged": "False", "EventData.NetworkConnectivityLevelChanged": "True", "EventData.HostNameChanged": "False", "EventData.WwanRegistrationStateChanged": "False", "EventData.TetheringOperationalStateChanged": "False", "EventData.TetheringClientCountChanged": "False"}
{"EventID": "4001", "Channel": "Microsoft-Windows-NetworkProfile/Operational", "Provider_Name": "Microsoft-Windows-NetworkProfile", "Computer": "DESKTOP-OFJ6N53", "TimeCreated": "2024-05-08 09:23:09.171583+00:00", "RecordID": "14580", "Level": "4", "UserID": "S-1-5-19", "EventData.InterfaceGuid": "{4ce1134c-e059-4f27-a6df-bafcb007188c}", "EventData.CurrentOrNextState": "0"}
{"EventID": "10000", "Channel": "Microsoft-Windows-NetworkProfile/Operational", "Provider_Name": "Microsoft-Windows-NetworkProfile", "Computer": "DESKTOP-OFJ6N53", "TimeCreated": "2024-05-08 09:23:09.171745+00:00", "RecordID": "14581", "Level": "4", "UserID": "S-1-5-19", "EventData.Name": "Идентификация...", "EventData.Description": "Идентификация...", "EventData.Guid": "{cbf97201-e95e-4515-a0ae-9917130e221d}", "EventData.Type": "0", "EventData.State": "1", "EventData.Category": "0"}
{"EventID": "4004", "Channel": "Microsoft-Windows-NetworkProfile/Operational", "Provider_Name": "Microsoft-Windows-NetworkProfile", "Computer": "DESKTOP-OFJ6N53", "TimeCreated": "2024-05-08 09:23:10.839672+00:00", "RecordID": "14582", "Level": "4", "UserID": "S-1-5-19", "EventData.NewInternetConnectionProfile": "False", "EventData.ConnectionCostChanged": "False", "EventData.DomainConnectivityLevelChanged": "False", "EventData.NetworkConnectivityLevelChanged": "True", "EventData.HostNameChanged": "False", "EventData.WwanRegistrationStateChanged": "False", "EventData.TetheringOperationalStateChanged": "False", "EventData.TetheringClientCountChanged": "False"}
{"EventID": "4003", "Channel": "Microsoft-Windows-NetworkProfile/Operational", "Provider_Name": "Microsoft-Windows-NetworkProfile", "Computer": "DESKTOP-OFJ6N53", "TimeCreated": "2024-05-08 09:23:24.410067+00:00", "RecordID": "14583", "Level": "4", "UserID": "S-1-5-19", "EventData.InterfaceGuid": "{4ce1134c-e059-4f27-a6df-bafcb007188c}", "EventData.CurrentOrNextState": "2"}
{"EventID": "10000", "Channel": "Microsoft-Windows-NetworkProfile/Operational", "Provider_Name": "Microsoft-Windows-NetworkProfile", "Computer": "DESKTOP-OFJ6N53", "TimeCreated": "2024-05-08 09:23:24.410341+00:00", "RecordID": "14584", "Level": "4", "UserID": "S-1-5-19", "EventData.Name": "Неопознанная сеть", "EventData.Description": "Неопознанная сеть", "EventData.Guid": "{b0d8f1a0-44fe-4dc5-ba13-8c66bb826a0e}", "EventData.Type": "0", "EventData.State": "5", "EventData.Category": "0"}
{"EventID": "4004", "Channel": "Microsoft-Windows-NetworkProfile/Operational", "Provider_Name": "Microsoft-Windows-NetworkProfile", "Computer": "DESKTOP-OFJ6N53", "TimeCreated": "2024-05-08 09:23:25.447357+00:00", "RecordID": "14585", "Level": "4", "UserID": "S-1-5-19", "EventData.NewInternetConnectionProfile": "False", "EventData.ConnectionCostChanged": "False", "EventData.DomainConnectivityLevelChanged": "False", "EventData.NetworkConnectivityLevelChanged": "True", "EventData.HostNameChanged": "False", "EventData.WwanRegistrationStateChanged": "False", "EventData.TetheringOperationalStateChanged": "False", "EventData.TetheringClientCountChanged": "False"}
{"EventID": "4004", "Channel": "Microsoft-Windows-NetworkProfile/Operational", "Provider_Name": "Microsoft-Windows-NetworkProfile", "Computer": "DESKTOP-OFJ6N53", "TimeCreated": "2024-05-13 15:26:02.761604+00:00", "RecordID": "14586", "Level": "4", "UserID": "S-1-5-19", "EventData.NewInternetConnectionProfile": "False", "EventData.ConnectionCostChanged": "False", "EventData.DomainConnectivityLevelChanged": "False", "EventData.NetworkConnectivityLevelChanged": "True", "EventData.HostNameChanged": "True", "EventData.WwanRegistrationStateChanged": "False", "EventData.TetheringOperationalStateChanged": "False", "EventData.TetheringClientCountChanged": "False"}
{"EventID": "4001", "Channel": "Microsoft-Windows-NetworkProfile/Operational", "Provider_Name": "Microsoft-Windows-NetworkProfile", "Computer": "DESKTOP-OFJ6N53", "TimeCreated": "2024-05-13 15:26:32.388994+00:00", "RecordID": "14587", "Level": "4", "UserID": "S-1-5-19", "EventData.InterfaceGuid": "{36107176-2631-40d4-9a54-9e8046067dc5}", "EventData.CurrentOrNextState": "0"}
{"EventID": "10000", "Channel": "Microsoft-Windows-NetworkProfile/Operational", "Provider_Name": "Microsoft-Windows-NetworkProfile", "Computer": "DESKTOP-OFJ6N53", "TimeCreated": "2024-05-13 15:26:32.389179+00:00", "RecordID": "14588", "Level": "4", "UserID": "S-1-5-19", "EventData.Name": "Идентификация...", "EventData.Description": "Идентификация...", "EventData.Guid": "{cbf97201-e95e-4515-a0ae-9917130e221d}", "EventData.Type": "0", "EventData.State": "1", "EventData.Category": "0"}
{"EventID": "20002", "Channel": "Microsoft-Windows-NetworkProfile/Operational", "Provider_Name": "Microsoft-Windows-NetworkProfile", "Computer": "DESKTOP-OFJ6N53", "TimeCreated": "2024-05-13 15:26:32.467291+00:00", "RecordID": "14589", "Level": "4", "UserID": "S-1-5-19", "EventData.ProfileGuid": "{ffffffff-ffff-ffff-ffff-ffffffffffff}", "EventData.InterfaceGuid": "{36107176-2631-40d4-9a54-9e8046067dc5}", "EventData.Category": "0", "EventData.ErrorCodev4": "0", "EventData.ErrorCodev6": "0", "EventData.Context": "3987"}
{"EventID": "4003", "Channel": "Microsoft-Windows-NetworkProfile/Operational", "Provider_Name": "Microsoft-Windows-NetworkProfile", "Computer": "DESKTOP-OFJ6N53", "TimeCreated": "2024-05-13 15:26:33.828671+00:00", "RecordID": "14590", "Level": "4", "UserID": "S-1-5-19", "EventData.InterfaceGuid": "{36107176-2631-40d4-9a54-9e8046067dc5}", "EventData.CurrentOrNextState": "2"}
{"EventID": "10000", "Channel": "Microsoft-Windows-NetworkProfile/Operational", "Provider_Name": "Microsoft-Windows-NetworkProfile", "Computer": "DESKTOP-OFJ6N53", "TimeCreated": "2024-05-13 15:26:33.828825+00:00", "RecordID": "14591", "Level": "4", "UserID": "S-1-5-19", "EventData.Name": "Неопознанная сеть", "EventData.Description": "Неопознанная сеть", "EventData.Guid": "{b0d8f1a0-44fe-4dc5-ba13-8c66bb826a0e}", "EventData.Type": "0", "EventData.State": "1", "EventData.Category": "0"}
{"EventID": "4004", "Channel": "Microsoft-Windows-NetworkProfile/Operational", "Provider_Name": "Microsoft-Windows-NetworkProfile", "Computer": "DESKTOP-OFJ6N53", "TimeCreated": "2024-05-13 15:26:35.454704+00:00", "RecordID": "14592", "Level": "4", "UserID": "S-1-5-19", "EventData.NewInternetConnectionProfile": "False", "EventData.ConnectionCostChanged": "False", "EventData.DomainConnectivityLevelChanged": "False", "EventData.NetworkConnectivityLevelChanged": "True", "EventData.HostNameChanged": "True", "EventData.WwanRegistrationStateChanged": "False", "EventData.TetheringOperationalStateChanged": "False", "EventData.TetheringClientCountChanged": "False"}
{"EventID": "4004", "Channel": "Microsoft-Windows-NetworkProfile/Operational", "Provider_Name": "Microsoft-Windows-NetworkProfile", "Computer": "DESKTOP-OFJ6N53", "TimeCreated": "2024-05-13 23:26:12.179935+00:00", "RecordID": "14593", "Level": "4", "UserID": "S-1-5-19", "EventData.NewInternetConnectionProfile": "False", "EventData.ConnectionCostChanged": "False", "EventData.DomainConnectivityLevelChanged": "False", "EventData.NetworkConnectivityLevelChanged": "True", "EventData.HostNameChanged": "True", "EventData.WwanRegistrationStateChanged": "False", "EventData.TetheringOperationalStateChanged": "False", "EventData.TetheringClientCountChanged": "False"}
{"EventID": "4004", "Channel": "Microsoft-Windows-NetworkProfile/Operational", "Provider_Name": "Microsoft-Windows-NetworkProfile", "Computer": "DESKTOP-OFJ6N53", "TimeCreated": "2024-05-13 23:26:21.341930+00:00", "RecordID": "14594", "Level": "4", "UserID": "S-1-5-19", "EventData.NewInternetConnectionProfile": "False", "EventData.ConnectionCostChanged": "False", "EventData.DomainConnectivityLevelChanged": "False", "EventData.NetworkConnectivityLevelChanged": "False", "EventData.HostNameChanged": "True", "EventData.WwanRegistrationStateChanged": "False", "EventData.TetheringOperationalStateChanged": "False", "EventData.TetheringClientCountChanged": "False"}
{"EventID": "4002", "Channel": "Microsoft-Windows-NetworkProfile/Operational", "Provider_Name": "Microsoft-Windows-NetworkProfile", "Computer": "DESKTOP-OFJ6N53", "TimeCreated": "2024-05-14 09:13:29.753319+00:00", "RecordID": "14595", "Level": "4", "UserID": "S-1-5-19", "EventData.InterfaceGuid": "{bed2c4be-ec11-4cc8-aafc-f0fd7a5e3a02}", "EventData.CurrentOrNextState": "1"}
{"EventID": "10000", "Channel": "Microsoft-Windows-NetworkProfile/Operational", "Provider_Name": "Microsoft-Windows-NetworkProfile", "Computer": "DESKTOP-OFJ6N53", "TimeCreated": "2024-05-14 09:13:29.753954+00:00", "RecordID": "14596", "Level": "4", "UserID": "S-1-5-19", "EventData.Name": "Сеть", "EventData.Description": "Сеть", "EventData.Guid": "{19ac8ff0-efa8-408b-8c0c-3213ff4867dc}", "EventData.Type": "0", "EventData.State": "1", "EventData.Category": "1"}
{"EventID": "20002", "Channel": "Microsoft-Windows-NetworkProfile/Operational", "Provider_Name": "Microsoft-Windows-NetworkProfile", "Computer": "DESKTOP-OFJ6N53", "TimeCreated": "2024-05-14 09:13:29.767576+00:00", "RecordID": "14597", "Level": "4", "UserID": "S-1-5-19", "EventData.ProfileGuid": "{19ac8ff0-efa8-408b-8c0c-3213ff4867dc}", "EventData.InterfaceGuid": "{bed2c4be-ec11-4cc8-aafc-f0fd7a5e3a02}", "EventData.Category": "1", "EventData.ErrorCodev4": "0", "EventData.ErrorCodev6": "0", "EventData.Context": "3987"}
{"EventID": "4004", "Channel": "Microsoft-Windows-NetworkProfile/Operational", "Provider_Name": "Microsoft-Windows-NetworkProfile", "Computer": "DESKTOP-OFJ6N53", "TimeCreated": "2024-05-14 09:13:41.584530+00:00", "RecordID": "14598", "Level": "4", "UserID": "S-1-5-19", "EventData.NewInternetConnectionProfile": "True", "EventData.ConnectionCostChanged": "True", "EventData.DomainConnectivityLevelChanged": "False", "EventData.NetworkConnectivityLevelChanged": "True", "EventData.HostNameChanged": "False", "EventData.WwanRegistrationStateChanged": "False", "EventData.TetheringOperationalStateChanged": "False", "EventData.TetheringClientCountChanged": "False"}
{"EventID": "4004", "Channel": "Microsoft-Windows-NetworkProfile/Operational", "Provider_Name": "Microsoft-Windows-NetworkProfile", "Computer": "DESKTOP-OFJ6N53", "TimeCreated": "2024-05-15 13:09:56.015654+00:00", "RecordID": "14599", "Level": "4", "UserID": "S-1-5-19", "EventData.NewInternetConnectionProfile": "False", "EventData.ConnectionCostChanged": "False", "EventData.DomainConnectivityLevelChanged": "False", "EventData.NetworkConnectivityLevelChanged": "False", "EventData.HostNameChanged": "True", "EventData.WwanRegistrationStateChanged": "False", "EventData.TetheringOperationalStateChanged": "False", "EventData.TetheringClientCountChanged": "False"}
{"EventID": "4002", "Channel": "Microsoft-Windows-NetworkProfile/Operational", "Provider_Name": "Microsoft-Windows-NetworkProfile", "Computer": "DESKTOP-OFJ6N53", "TimeCreated": "2024-05-15 13:36:42.729307+00:00", "RecordID": "14600", "Level": "4", "UserID": "S-1-5-19", "EventData.InterfaceGuid": "{bed2c4be-ec11-4cc8-aafc-f0fd7a5e3a02}", "EventData.CurrentOrNextState": "1"}
{"EventID": "10000", "Channel": "Microsoft-Windows-NetworkProfile/Operational", "Provider_Name": "Microsoft-Windows-NetworkProfile", "Computer": "DESKTOP-OFJ6N53", "TimeCreated": "2024-05-15 13:36:42.730875+00:00", "RecordID": "14601", "Level": "4", "UserID": "S-1-5-19", "EventData.Name": "Сеть", "EventData.Description": "Сеть", "EventData.Guid": "{19ac8ff0-efa8-408b-8c0c-3213ff4867dc}", "EventData.Type": "0", "EventData.State": "1", "EventData.Category": "1"}
{"EventID": "20002", "Channel": "Microsoft-Windows-NetworkProfile/Operational", "Provider_Name": "Microsoft-Windows-NetworkProfile", "Computer": "DESKTOP-OFJ6N53", "TimeCreated": "2024-05-15 13:36:42.732565+00:00", "RecordID": "14602", "Level": "4", "UserID": "S-1-5-19", "EventData.ProfileGuid": "{19ac8ff0-efa8-408b-8c0c-3213ff4867dc}", "EventData.InterfaceGuid": "{bed2c4be-ec11-4cc8-aafc-f0fd7a5e3a02}", "EventData.Category": "1", "EventData.ErrorCodev4": "0", "EventData.ErrorCodev6": "0", "EventData.Context": "3987"}
{"EventID": "4004", "Channel": "Microsoft-Windows-NetworkProfile/Operational", "Provider_Name": "Microsoft-Windows-NetworkProfile", "Computer": "DESKTOP-OFJ6N53", "TimeCreated": "2024-05-15 13:37:12.090334+00:00", "RecordID": "14603", "Level": "4", "UserID": "S-1-5-19", "EventData.NewInternetConnectionProfile": "True", "EventData.ConnectionCostChanged": "True", "EventData.DomainConnectivityLevelChanged": "False", "EventData.NetworkConnectivityLevelChanged": "True", "EventData.HostNameChanged": "False", "EventData.WwanRegistrationStateChanged": "False", "EventData.TetheringOperationalStateChanged": "False", "EventData.TetheringClientCountChanged": "False"}
{"EventID": "4001", "Channel": "Microsoft-Windows-NetworkProfile/Operational", "Provider_Name": "Microsoft-Windows-NetworkProfile", "Computer": "DESKTOP-OFJ6N53", "TimeCreated": "2024-05-15 13:53:57.887068+00:00", "RecordID": "14604", "Level": "4", "UserID": "S-1-5-19", "EventData.InterfaceGuid": "{24c78675-6ff5-4b4b-9d83-f5bafaa6626b}", "EventData.CurrentOrNextState": "0"}
{"EventID": "10000", "Channel": "Microsoft-Windows-NetworkProfile/Operational", "Provider_Name": "Microsoft-Windows-NetworkProfile", "Computer": "DESKTOP-OFJ6N53", "TimeCreated": "2024-05-15 13:53:57.887463+00:00", "RecordID": "14605", "Level": "4", "UserID": "S-1-5-19", "EventData.Name": "Идентификация...", "EventData.Description": "Идентификация...", "EventData.Guid": "{afc97afb-5f4c-4a27-873a-3dc6649f6721}", "EventData.Type": "0", "EventData.State": "1", "EventData.Category": "0"}
{"EventID": "20002", "Channel": "Microsoft-Windows-NetworkProfile/Operational", "Provider_Name": "Microsoft-Windows-NetworkProfile", "Computer": "DESKTOP-OFJ6N53", "TimeCreated": "2024-05-15 13:53:58.181305+00:00", "RecordID": "14606", "Level": "4", "UserID": "S-1-5-19", "EventData.ProfileGuid": "{ffffffff-ffff-ffff-ffff-ffffffffffff}", "EventData.InterfaceGuid": "{24c78675-6ff5-4b4b-9d83-f5bafaa6626b}", "EventData.Category": "0", "EventData.ErrorCodev4": "0", "EventData.ErrorCodev6": "0", "EventData.Context": "3987"}
{"EventID": "4004", "Channel": "Microsoft-Windows-NetworkProfile/Operational", "Provider_Name": "Microsoft-Windows-NetworkProfile", "Computer": "DESKTOP-OFJ6N53", "TimeCreated": "2024-05-15 13:54:01.182339+00:00", "RecordID": "14607", "Level": "4", "UserID": "S-1-5-19", "EventData.NewInternetConnectionProfile": "False", "EventData.ConnectionCostChanged": "False", "EventData.DomainConnectivityLevelChanged": "False", "EventData.NetworkConnectivityLevelChanged": "True", "EventData.HostNameChanged": "True", "EventData.WwanRegistrationStateChanged": "False", "EventData.TetheringOperationalStateChanged": "False", "EventData.TetheringClientCountChanged": "False"}
{"EventID": "4001", "Channel": "Microsoft-Windows-NetworkProfile/Operational", "Provider_Name": "Microsoft-Windows-NetworkProfile", "Computer": "DESKTOP-OFJ6N53", "TimeCreated": "2024-05-15 13:54:01.947504+00:00", "RecordID": "14608", "Level": "4", "UserID": "S-1-5-19", "EventData.InterfaceGuid": "{0172e17a-3456-4bc7-bb55-da15689cd0b2}", "EventData.CurrentOrNextState": "0"}
{"EventID": "10000", "Channel": "Microsoft-Windows-NetworkProfile/Operational", "Provider_Name": "Microsoft-Windows-NetworkProfile", "Computer": "DESKTOP-OFJ6N53", "TimeCreated": "2024-05-15 13:54:01.947805+00:00", "RecordID": "14609", "Level": "4", "UserID": "S-1-5-19", "EventData.Name": "Идентификация...", "EventData.Description": "Идентификация...", "EventData.Guid": "{afc97afb-5f4c-4a27-873a-3dc6649f6721}", "EventData.Type": "0", "EventData.State": "1", "EventData.Category": "0"}
{"EventID": "20002", "Channel": "Microsoft-Windows-NetworkProfile/Operational", "Provider_Name": "Microsoft-Windows-NetworkProfile", "Computer": "DESKTOP-OFJ6N53", "TimeCreated": "2024-05-15 13:54:01.990908+00:00", "RecordID": "14610", "Level": "4", "UserID": "S-1-5-19", "EventData.ProfileGuid": "{ffffffff-ffff-ffff-ffff-ffffffffffff}", "EventData.InterfaceGuid": "{0172e17a-3456-4bc7-bb55-da15689cd0b2}", "EventData.Category": "0", "EventData.ErrorCodev4": "0", "EventData.ErrorCodev6": "0", "EventData.Context": "3987"}
{"EventID": "4003", "Channel": "Microsoft-Windows-NetworkProfile/Operational", "Provider_Name": "Microsoft-Windows-NetworkProfile", "Computer": "DESKTOP-OFJ6N53", "TimeCreated": "2024-05-15 13:54:02.059538+00:00", "RecordID": "14611", "Level": "4", "UserID": "S-1-5-19", "EventData.InterfaceGuid": "{0172e17a-3456-4bc7-bb55-da15689cd0b2}", "EventData.CurrentOrNextState": "2"}
{"EventID": "10000", "Channel": "Microsoft-Windows-NetworkProfile/Operational", "Provider_Name": "Microsoft-Windows-NetworkProfile", "Computer": "DESKTOP-OFJ6N53", "TimeCreated": "2024-05-15 13:54:02.059687+00:00", "RecordID": "14612", "Level": "4", "UserID": "S-1-5-19", "EventData.Name": "Неопознанная сеть", "EventData.Description": "Неопознанная сеть", "EventData.Guid": "{6d3f4ed6-e463-49eb-b466-14fd8e56f88b}", "EventData.Type": "0", "EventData.State": "1", "EventData.Category": "0"}
{"EventID": "4004", "Channel": "Microsoft-Windows-NetworkProfile/Operational", "Provider_Name": "Microsoft-Windows-NetworkProfile", "Computer": "DESKTOP-OFJ6N53", "TimeCreated": "2024-05-15 13:54:03.077343+00:00", "RecordID": "14613", "Level": "4", "UserID": "S-1-5-19", "EventData.NewInternetConnectionProfile": "False", "EventData.ConnectionCostChanged": "False", "EventData.DomainConnectivityLevelChanged": "False", "EventData.NetworkConnectivityLevelChanged": "True", "EventData.HostNameChanged": "True", "EventData.WwanRegistrationStateChanged": "False", "EventData.TetheringOperationalStateChanged": "False", "EventData.TetheringClientCountChanged": "False"}
{"EventID": "4004", "Channel": "Microsoft-Windows-NetworkProfile/Operational", "Provider_Name": "Microsoft-Windows-NetworkProfile", "Computer": "DESKTOP-OFJ6N53", "TimeCreated": "2024-05-15 13:54:07.905897+00:00", "RecordID": "14614", "Level": "4", "UserID": "S-1-5-19", "EventData.NewInternetConnectionProfile": "False", "EventData.ConnectionCostChanged": "False", "EventData.DomainConnectivityLevelChanged": "False", "EventData.NetworkConnectivityLevelChanged": "True", "EventData.HostNameChanged": "True", "EventData.WwanRegistrationStateChanged": "False", "EventData.TetheringOperationalStateChanged": "False", "EventData.TetheringClientCountChanged": "False"}
{"EventID": "4003", "Channel": "Microsoft-Windows-NetworkProfile/Operational", "Provider_Name": "Microsoft-Windows-NetworkProfile", "Computer": "DESKTOP-OFJ6N53", "TimeCreated": "2024-05-15 13:55:26.122190+00:00", "RecordID": "14615", "Level": "4", "UserID": "S-1-5-19", "EventData.InterfaceGuid": "{0172e17a-3456-4bc7-bb55-da15689cd0b2}", "EventData.CurrentOrNextState": "2"}
{"EventID": "10000", "Channel": "Microsoft-Windows-NetworkProfile/Operational", "Provider_Name": "Microsoft-Windows-NetworkProfile", "Computer": "DESKTOP-OFJ6N53", "TimeCreated": "2024-05-15 13:55:26.122805+00:00", "RecordID": "14616", "Level": "4", "UserID": "S-1-5-19", "EventData.Name": "Неопознанная сеть", "EventData.Description": "Неопознанная сеть", "EventData.Guid": "{6d3f4ed6-e463-49eb-b466-14fd8e56f88b}", "EventData.Type": "0", "EventData.State": "1", "EventData.Category": "0"}
{"EventID": "20002", "Channel": "Microsoft-Windows-NetworkProfile/Operational", "Provider_Name": "Microsoft-Windows-NetworkProfile", "Computer": "DESKTOP-OFJ6N53", "TimeCreated": "2024-05-15 13:55:26.125385+00:00", "RecordID": "14617", "Level": "4", "UserID": "S-1-5-19", "EventData.ProfileGuid": "{00000000-0000-0000-0000-000000000000}", "EventData.InterfaceGuid": "{0172e17a-3456-4bc7-bb55-da15689cd0b2}", "EventData.Category": "0", "EventData.ErrorCodev4": "0", "EventData.ErrorCodev6": "0", "EventData.Context": "3987"}
{"EventID": "4004", "Channel": "Microsoft-Windows-NetworkProfile/Operational", "Provider_Name": "Microsoft-Windows-NetworkProfile", "Computer": "DESKTOP-OFJ6N53", "TimeCreated": "2024-05-15 13:55:31.262781+00:00", "RecordID": "14618", "Level": "4", "UserID": "S-1-5-19", "EventData.NewInternetConnectionProfile": "False", "EventData.ConnectionCostChanged": "False", "EventData.DomainConnectivityLevelChanged": "False", "EventData.NetworkConnectivityLevelChanged": "True", "EventData.HostNameChanged": "True", "EventData.WwanRegistrationStateChanged": "False", "EventData.TetheringOperationalStateChanged": "False", "EventData.TetheringClientCountChanged": "False"}
{"EventID": "4004", "Channel": "Microsoft-Windows-NetworkProfile/Operational", "Provider_Name": "Microsoft-Windows-NetworkProfile", "Computer": "DESKTOP-OFJ6N53", "TimeCreated": "2024-05-15 14:06:14.297314+00:00", "RecordID": "14619", "Level": "4", "UserID": "S-1-5-19", "EventData.NewInternetConnectionProfile": "False", "EventData.ConnectionCostChanged": "False", "EventData.DomainConnectivityLevelChanged": "False", "EventData.NetworkConnectivityLevelChanged": "True", "EventData.HostNameChanged": "True", "EventData.WwanRegistrationStateChanged": "False", "EventData.TetheringOperationalStateChanged": "False", "EventData.TetheringClientCountChanged": "False"}
{"EventID": "4003", "Channel": "Microsoft-Windows-NetworkProfile/Operational", "Provider_Name": "Microsoft-Windows-NetworkProfile", "Computer": "DESKTOP-OFJ6N53", "TimeCreated": "2024-05-15 14:06:25.115856+00:00", "RecordID": "14620", "Level": "4", "UserID": "S-1-5-19", "EventData.InterfaceGuid": "{0172e17a-3456-4bc7-bb55-da15689cd0b2}", "EventData.CurrentOrNextState": "2"}
{"EventID": "10000", "Channel": "Microsoft-Windows-NetworkProfile/Operational", "Provider_Name": "Microsoft-Windows-NetworkProfile", "Computer": "DESKTOP-OFJ6N53", "TimeCreated": "2024-05-15 14:06:25.116795+00:00", "RecordID": "14621", "Level": "4", "UserID": "S-1-5-19", "EventData.Name": "Неопознанная сеть", "EventData.Description": "Неопознанная сеть", "EventData.Guid": "{6d3f4ed6-e463-49eb-b466-14fd8e56f88b}", "EventData.Type": "0", "EventData.State": "1", "EventData.Category": "0"}
{"EventID": "20002", "Channel": "Microsoft-Windows-NetworkProfile/Operational", "Provider_Name": "Microsoft-Windows-NetworkProfile", "Computer": "DESKTOP-OFJ6N53", "TimeCreated": "2024-05-15 14:06:25.125473+00:00", "RecordID": "14622", "Level": "4", "UserID": "S-1-5-19", "EventData.ProfileGuid": "{00000000-0000-0000-0000-000000000000}", "EventData.InterfaceGuid": "{0172e17a-3456-4bc7-bb55-da15689cd0b2}", "EventData.Category": "0", "EventData.ErrorCodev4": "0", "EventData.ErrorCodev6": "0", "EventData.Context": "3987"}
{"EventID": "4004", "Channel": "Microsoft-Windows-NetworkProfile/Operational", "Provider_Name": "Microsoft-Windows-NetworkProfile", "Computer": "DESKTOP-OFJ6N53", "TimeCreated": "2024-05-15 14:06:30.708094+00:00", "RecordID": "14623", "Level": "4", "UserID": "S-1-5-19", "EventData.NewInternetConnectionProfile": "False", "EventData.ConnectionCostChanged": "False", "EventData.DomainConnectivityLevelChanged": "False", "EventData.NetworkConnectivityLevelChanged": "True", "EventData.HostNameChanged": "True", "EventData.WwanRegistrationStateChanged": "False", "EventData.TetheringOperationalStateChanged": "False", "EventData.TetheringClientCountChanged": "False"}
{"EventID": "4004", "Channel": "Microsoft-Windows-NetworkProfile/Operational", "Provider_Name": "Microsoft-Windows-NetworkProfile", "Computer": "DESKTOP-OFJ6N53", "TimeCreated": "2024-05-16 22:58:06.504499+00:00", "RecordID": "14624", "Level": "4", "UserID": "S-1-5-19", "EventData.NewInternetConnectionProfile": "False", "EventData.ConnectionCostChanged": "False", "EventData.DomainConnectivityLevelChanged": "False", "EventData.NetworkConnectivityLevelChanged": "True", "EventData.HostNameChanged": "True", "EventData.WwanRegistrationStateChanged": "False", "EventData.TetheringOperationalStateChanged": "False", "EventData.TetheringClientCountChanged": "False"}
{"EventID": "4001", "Channel": "Microsoft-Windows-NetworkProfile/Operational", "Provider_Name": "Microsoft-Windows-NetworkProfile", "Computer": "DESKTOP-OFJ6N53", "TimeCreated": "2024-05-16 23:53:39.229849+00:00", "RecordID": "14625", "Level": "4", "UserID": "S-1-5-19", "EventData.InterfaceGuid": "{0172e17a-3456-4bc7-bb55-da15689cd0b2}", "EventData.CurrentOrNextState": "0"}
{"EventID": "10000", "Channel": "Microsoft-Windows-NetworkProfile/Operational", "Provider_Name": "Microsoft-Windows-NetworkProfile", "Computer": "DESKTOP-OFJ6N53", "TimeCreated": "2024-05-16 23:53:39.230558+00:00", "RecordID": "14626", "Level": "4", "UserID": "S-1-5-19", "EventData.Name": "Идентификация...", "EventData.Description": "Идентификация...", "EventData.Guid": "{afc97afb-5f4c-4a27-873a-3dc6649f6721}", "EventData.Type": "0", "EventData.State": "1", "EventData.Category": "0"}
{"EventID": "20002", "Channel": "Microsoft-Windows-NetworkProfile/Operational", "Provider_Name": "Microsoft-Windows-NetworkProfile", "Computer": "DESKTOP-OFJ6N53", "TimeCreated": "2024-05-16 23:53:39.245691+00:00", "RecordID": "14627", "Level": "4", "UserID": "S-1-5-19", "EventData.ProfileGuid": "{ffffffff-ffff-ffff-ffff-ffffffffffff}", "EventData.InterfaceGuid": "{0172e17a-3456-4bc7-bb55-da15689cd0b2}", "EventData.Category": "0", "EventData.ErrorCodev4": "0", "EventData.ErrorCodev6": "0", "EventData.Context": "3987"}
{"EventID": "4003", "Channel": "Microsoft-Windows-NetworkProfile/Operational", "Provider_Name": "Microsoft-Windows-NetworkProfile", "Computer": "DESKTOP-OFJ6N53", "TimeCreated": "2024-05-16 23:53:39.316954+00:00", "RecordID": "14628", "Level": "4", "UserID": "S-1-5-19", "EventData.InterfaceGuid": "{0172e17a-3456-4bc7-bb55-da15689cd0b2}", "EventData.CurrentOrNextState": "2"}
{"EventID": "10000", "Channel": "Microsoft-Windows-NetworkProfile/Operational", "Provider_Name": "Microsoft-Windows-NetworkProfile", "Computer": "DESKTOP-OFJ6N53", "TimeCreated": "2024-05-16 23:53:39.317097+00:00", "RecordID": "14629", "Level": "4", "UserID": "S-1-5-19", "EventData.Name": "Неопознанная сеть", "EventData.Description": "Неопознанная сеть", "EventData.Guid": "{6d3f4ed6-e463-49eb-b466-14fd8e56f88b}", "EventData.Type": "0", "EventData.State": "1", "EventData.Category": "0"}
{"EventID": "4004", "Channel": "Microsoft-Windows-NetworkProfile/Operational", "Provider_Name": "Microsoft-Windows-NetworkProfile", "Computer": "DESKTOP-OFJ6N53", "TimeCreated": "2024-05-16 23:53:41.256624+00:00", "RecordID": "14630", "Level": "4", "UserID": "S-1-5-19", "EventData.NewInternetConnectionProfile": "False", "EventData.ConnectionCostChanged": "False", "EventData.DomainConnectivityLevelChanged": "False", "EventData.NetworkConnectivityLevelChanged": "True", "EventData.HostNameChanged": "True", "EventData.WwanRegistrationStateChanged": "False", "EventData.TetheringOperationalStateChanged": "False", "EventData.TetheringClientCountChanged": "False"}
{"EventID": "10001", "Channel": "Microsoft-Windows-NetworkProfile/Operational", "Provider_Name": "Microsoft-Windows-NetworkProfile", "Computer": "DESKTOP-OFJ6N53", "TimeCreated": "2024-05-21 10:08:37.226509+00:00", "RecordID": "14631", "Level": "4", "UserID": "S-1-5-19", "EventData.Name": "Сеть", "EventData.Description": "Сеть", "EventData.Guid": "{19ac8ff0-efa8-408b-8c0c-3213ff4867dc}", "EventData.Type": "0", "EventData.State": "2", "EventData.Category": "1"}
{"EventID": "4001", "Channel": "Microsoft-Windows-NetworkProfile/Operational", "Provider_Name": "Microsoft-Windows-NetworkProfile", "Computer": "DESKTOP-OFJ6N53", "TimeCreated": "2024-05-21 10:08:42.754230+00:00", "RecordID": "14632", "Level": "4", "UserID": "S-1-5-19", "EventData.InterfaceGuid": "{bed2c4be-ec11-4cc8-aafc-f0fd7a5e3a02}", "EventData.CurrentOrNextState": "0"}
{"EventID": "10000", "Channel": "Microsoft-Windows-NetworkProfile/Operational", "Provider_Name": "Microsoft-Windows-NetworkProfile", "Computer": "DESKTOP-OFJ6N53", "TimeCreated": "2024-05-21 10:08:42.754532+00:00", "RecordID": "14633", "Level": "4", "UserID": "S-1-5-19", "EventData.Name": "Идентификация...", "EventData.Description": "Идентификация...", "EventData.Guid": "{afc97afb-5f4c-4a27-873a-3dc6649f6721}", "EventData.Type": "0", "EventData.State": "1", "EventData.Category": "0"}
{"EventID": "20002", "Channel": "Microsoft-Windows-NetworkProfile/Operational", "Provider_Name": "Microsoft-Windows-NetworkProfile", "Computer": "DESKTOP-OFJ6N53", "TimeCreated": "2024-05-21 10:08:42.834984+00:00", "RecordID": "14634", "Level": "4", "UserID": "S-1-5-19", "EventData.ProfileGuid": "{ffffffff-ffff-ffff-ffff-ffffffffffff}", "EventData.InterfaceGuid": "{bed2c4be-ec11-4cc8-aafc-f0fd7a5e3a02}", "EventData.Category": "0", "EventData.ErrorCodev4": "0", "EventData.ErrorCodev6": "0", "EventData.Context": "3987"}
{"EventID": "4003", "Channel": "Microsoft-Windows-NetworkProfile/Operational", "Provider_Name": "Microsoft-Windows-NetworkProfile", "Computer": "DESKTOP-OFJ6N53", "TimeCreated": "2024-05-21 10:08:46.405979+00:00", "RecordID": "14635", "Level": "4", "UserID": "S-1-5-19", "EventData.InterfaceGuid": "{bed2c4be-ec11-4cc8-aafc-f0fd7a5e3a02}", "EventData.CurrentOrNextState": "2"}
{"EventID": "10000", "Channel": "Microsoft-Windows-NetworkProfile/Operational", "Provider_Name": "Microsoft-Windows-NetworkProfile", "Computer": "DESKTOP-OFJ6N53", "TimeCreated": "2024-05-21 10:08:46.406048+00:00", "RecordID": "14636", "Level": "4", "UserID": "S-1-5-19", "EventData.Name": "Неопознанная сеть", "EventData.Description": "Неопознанная сеть", "EventData.Guid": "{6d3f4ed6-e463-49eb-b466-14fd8e56f88b}", "EventData.Type": "0", "EventData.State": "1", "EventData.Category": "0"}
{"EventID": "4001", "Channel": "Microsoft-Windows-NetworkProfile/Operational", "Provider_Name": "Microsoft-Windows-NetworkProfile", "Computer": "DESKTOP-OFJ6N53", "TimeCreated": "2024-05-21 10:08:49.684862+00:00", "RecordID": "14637", "Level": "4", "UserID": "S-1-5-19", "EventData.InterfaceGuid": "{bed2c4be-ec11-4cc8-aafc-f0fd7a5e3a02}", "EventData.CurrentOrNextState": "0"}
{"EventID": "10000", "Channel": "Microsoft-Windows-NetworkProfile/Operational", "Provider_Name": "Microsoft-Windows-NetworkProfile", "Computer": "DESKTOP-OFJ6N53", "TimeCreated": "2024-05-21 10:08:49.685110+00:00", "RecordID": "14638", "Level": "4", "UserID": "S-1-5-19", "EventData.Name": "Идентификация...", "EventData.Description": "Идентификация...", "EventData.Guid": "{afc97afb-5f4c-4a27-873a-3dc6649f6721}", "EventData.Type": "0", "EventData.State": "1", "EventData.Category": "0"}
{"EventID": "4004", "Channel": "Microsoft-Windows-NetworkProfile/Operational", "Provider_Name": "Microsoft-Windows-NetworkProfile", "Computer": "DESKTOP-OFJ6N53", "TimeCreated": "2024-05-21 10:08:55.288380+00:00", "RecordID": "14639", "Level": "4", "UserID": "S-1-5-19", "EventData.NewInternetConnectionProfile": "False", "EventData.ConnectionCostChanged": "True", "EventData.DomainConnectivityLevelChanged": "False", "EventData.NetworkConnectivityLevelChanged": "True", "EventData.HostNameChanged": "True", "EventData.WwanRegistrationStateChanged": "False", "EventData.TetheringOperationalStateChanged": "False", "EventData.TetheringClientCountChanged": "False"}
{"EventID": "4003", "Channel": "Microsoft-Windows-NetworkProfile/Operational", "Provider_Name": "Microsoft-Windows-NetworkProfile", "Computer": "DESKTOP-OFJ6N53", "TimeCreated": "2024-05-21 10:08:55.295837+00:00", "RecordID": "14640", "Level": "4", "UserID": "S-1-5-19", "EventData.InterfaceGuid": "{bed2c4be-ec11-4cc8-aafc-f0fd7a5e3a02}", "EventData.CurrentOrNextState": "2"}
{"EventID": "10000", "Channel": "Microsoft-Windows-NetworkProfile/Operational", "Provider_Name": "Microsoft-Windows-NetworkProfile", "Computer": "DESKTOP-OFJ6N53", "TimeCreated": "2024-05-21 10:08:55.295921+00:00", "RecordID": "14641", "Level": "4", "UserID": "S-1-5-19", "EventData.Name": "Неопознанная сеть", "EventData.Description": "Неопознанная сеть", "EventData.Guid": "{6d3f4ed6-e463-49eb-b466-14fd8e56f88b}", "EventData.Type": "0", "EventData.State": "1", "EventData.Category": "0"}
{"EventID": "4002", "Channel": "Microsoft-Windows-NetworkProfile/Operational", "Provider_Name": "Microsoft-Windows-NetworkProfile", "Computer": "DESKTOP-OFJ6N53", "TimeCreated": "2024-05-21 10:08:55.675385+00:00", "RecordID": "14642", "Level": "4", "UserID": "S-1-5-19", "EventData.InterfaceGuid": "{bed2c4be-ec11-4cc8-aafc-f0fd7a5e3a02}", "EventData.CurrentOrNextState": "1"}
{"EventID": "10000", "Channel": "Microsoft-Windows-NetworkProfile/Operational", "Provider_Name": "Microsoft-Windows-NetworkProfile", "Computer": "DESKTOP-OFJ6N53", "TimeCreated": "2024-05-21 10:08:55.677397+00:00", "RecordID": "14643", "Level": "4", "UserID": "S-1-5-19", "EventData.Name": "Сеть", "EventData.Description": "Сеть", "EventData.Guid": "{19ac8ff0-efa8-408b-8c0c-3213ff4867dc}", "EventData.Type": "0", "EventData.State": "1", "EventData.Category": "1"}
{"EventID": "20002", "Channel": "Microsoft-Windows-NetworkProfile/Operational", "Provider_Name": "Microsoft-Windows-NetworkProfile", "Computer": "DESKTOP-OFJ6N53", "TimeCreated": "2024-05-21 10:08:55.717384+00:00", "RecordID": "14644", "Level": "4", "UserID": "S-1-5-19", "EventData.ProfileGuid": "{19ac8ff0-efa8-408b-8c0c-3213ff4867dc}", "EventData.InterfaceGuid": "{bed2c4be-ec11-4cc8-aafc-f0fd7a5e3a02}", "EventData.Category": "1", "EventData.ErrorCodev4": "0", "EventData.ErrorCodev6": "0", "EventData.Context": "3987"}
