{"EventID": "5", "Channel": "Microsoft-Windows-Kernel-WHEA/Operational", "Provider_Name": "Microsoft-Windows-Kernel-WHEA", "Computer": "DESKTOP-OFJ6N53", "TimeCreated": "2023-03-06 08:59:16.287979+00:00", "RecordID": "299", "Level": "4", "UserID": "S-1-5-18", "EventData.ErrorSourceCount": "5", "EventData.ErrorRecordFormat": "10", "EventData.ErrorSourceTableLength": "5360", "EventData.ErrorSourceTable": "YBoN8Qiz//9ork1DBvj//wAAAAAAAAAAAAAAAAEAAAD4KQAAV2hlYRAAAAAAAAAAAKCV8wiz//8AAAAAAAAAAAMAAAB8DQAAAAAAAAAAAAAAAAAAAAAAAAAAAAAAAAAAzAMAAAsAAAAQAAAAAgAAACwNAAABAAAAAwAAAAAAAAAAAAAAAAAAAAAAAAA8YMGDUhWnSIfRFNlGfXdlUFMAANgOAAABAAAAEJCV8wiz///QLNhHBvj///As2EcG+P//MFO2Qgb4//+NfCFXZl77RIAzm3TKzt9bAAAAAAAAAAAAAAAAAAAAAGQEAAABAAAAEL9v8wiz//8AAAAAAAAAAAAAAAAAAAAAAAAAAAAAAAAAAAAAAAAAAAAAAAAAAAAAAAAAAAAAAAAAAAAAAAAAAAAAAAAAAAAAAAAAAAAAAAAAAAAAAAAAAAAAAAAAAAAAAAAAAAAAAAAAAAAAAAAAAAAAAAAAAAAAAAAAAAAAAAAAAAAAAAAAAAAAAAAAAAAAAAAAAAAAAAAAAAAAAAAAAAAAAAAAAAAAAAAAAAAAAAAAAAAAAAAAAAAAAAAAAAAAAAAAAAAAAAAAAAAAAAAAAAAAAAAAAAAAAAAAAAAAAAAAAAAAAAAAAAAAAAAAAAAAAAAAAAAAAAAAAAAAAAAAAAAAAAAAAAAAAAAAAAAAAAAAAAAAAAAAAAAAAAAAAAAAAAAAAAAAAAAAAAAAAAAAAAAAAAAAAAAAAAAAAAAAAAAAAAAAAAAAAAAAAAAAAAAAAAAAAAAAAAAAAAAAAAAAAAAAAAAAAAAAAAAAAAAAAAAAAAAAAAAAAAAAAAAAAAAAAAAAAAAAAAAAAAAAAAAAAAAAAAAAAAAAAAAAAAAAAAAAAAAAAAAAAAAAAAAAAAAAAAAAAAAAAAAAAAAAAAAAAAAAAAAAAAAAAAAAAAAAAAAAAAAAAAAAAAAAAAAAAAAAAAAAAAAAAAAAAAAAAAAAAAAAAAAAAAAAAAAAAAAAAAAAAAAAAAAAAAAAAAAAAAAAAAAAAAAAAAAAAAAAAAAAAAAAAAAAAAAAAAAAAAAAAAAAAAAAAAAAAAAAAAAAAAAAAAAAAAAAAAAAAAAAAAAAAAAAAAAAAAAAAAAAAAAAAAAAAAAAAAAAAAAAAAAAAAAAAAAAAAAAAAAAAAAAAAAAAAAAAAAAAAAAAAAAAAAAAAAAAAAAAAAAAAAAAAAAAAAAAAAAAAAAAAAAAAAAAAAAAAAAAAAAAAAAAAAAAAAAAAAAAAAAAAAAAAAAAAAAAAAAAAAAAAAAAAAAAAAAAAAAAAAAAAAAAAAAAAAAAAAAAAAAAAAAAAAAAAAAAAAAAAAAAAAAAAAAAAAAAAAAAAAAAAAAAAAAAAAAAAAAAAAAAAAAAAAAAAAAAAAAAAAAAAAAAAAAAAAAAAAAAAAAAAAAABDQUvEIs///cDQY8Qiz//8AAAAAAAAAAAAAAAAEAAAA6A0AAFdoZWEAAAAAAAAAAACwgfMIs///AAAAAAAAAAAIAAAAYAEAAAAAAAAAAAAAAAAAAAAAAAAAAAAAAAAAAMwDAAAKAAAAAAAAAAIAAABBAQAABAAAAAgAAAABAAAAAAAAAAAAAIAAAAEGAAAAAAAAAAAAAAAA//////////8AAQAAAAQAAAEEAAACBAAAAwQAAP//////////AQEAAAQEAAAFBAAABgQAAAcEAAD//////////wIBAAAIBAAACQQAAAoEAAALBAAA//////////8DAQAADAQAAA0EAAAOBAAADwQAAP//////////BAEAABAEAAARBAAAEgQAABMEAAD//////////wUBAAAUBAAAFQQAABYEAAAXBAAA//////////8GAQAAGAQAABkEAAAaBAAAGwQAAP//////////BwEAABwEAAAdBAAAHgQAAB8EAAD//////////wgBAAAgBAAAIQQAACIEAAAjBAAA//////////8JAQAAJAQAACUEAAAmBAAAJwQAAP//////////CgEAACgEAAApBAAAKgQAACsEAAD//////////wsBAAAsBAAALQQAAC4EAAAvBAAA//////////8MAQAAMAQAADEEAAAyBAAAMwQAAP//////////DQEAADQEAAA1BAAANgQAADcEAAD//////////w4BAAA4BAAAOQQAADoEAAA7BAAA//////////8PAQAAPAQAAD0EAAA+BAAAPwQAAP//////////AAAAAAAAAAAAAAAAAAAAAAAAAAAAAAAAAAAAAAAAAAAAAAAAAAAAAAAAAAAAAAAAAAAAAAAAAAAAAAAAAAAAAAAAAAAAAAAAAAAAAAAAAAAAAAAAAAAAAAAAAAAAAAAAAAAAAAAAAAAAAAAAAAAAAAAAAAAAAAAAAAAAAAAAAAAAAAAAAAAAAAAAAAAAAAAAAAAAAAAAAAAAAAAAAAAAAAAAAAAAAAAAAAAAAAAAAAAAAAAAAAAAAAAAAAAAAAAAAAAAAAAAAAAAAAAAAAAAAAAAAAAAAAAAAAAAAAAAAAAAAAAAAAAAAAAAAAAAAAAAAAAAAAAAAAAAAAAAAAAAAAAAAAAAAAAAAAAAAAAAAAAAAAAAAAAAAAAAAAAAAAAAAAAAAAAAAAAAAAAAAAAAAAAAAAAAAAAAAAAAAAAAAAAAAAAAAAAAAAAAAAAAAAAAAAAAAAAAAAAAAAAAAAAAAAAAAAAAAAAAAAAAAAAAAAAAAAAAAAAAAAAAAAAAAAAAAAAAAAAAAAAAAAAAAAAAAAAAAAAAAAAAAAAAAAAAAAAAAAAAAAAAAAAAAAAAAAAAAAAAAAAAAAAAAAAAAAAAAAAAAAAAAAAAAAAAAAAAAAAQsJvzCLP//2AaDfEIs///AAAAAAAAAAAAAAAABAAAAOgNAABXaGVhAQAAAAAAAAAA8IHzCLP//wAAAAAAAAAACAAAAGABAAAAAAAAAAAAAAAAAAAAAAAAAAAAAAAAAADMAwAACgAAAAEAAAACAAAAQQEAAAQAAAAIAAAAAgAAAAAAAAAAAACAAQABBgAAAAAFHAAAYOoAAAAAAAAAAAAAAAAAAAAAAAAAAAAAAAEAAAAEAAABBAAAAgQAAAMEAAD//////////wEBAAAEBAAABQQAAAYEAAAHBAAA//////////8CAQAACAQAAAkEAAAKBAAACwQAAP//////////AwEAAAwEAAANBAAADgQAAA8EAAD//////////wQBAAAQBAAAEQQAABIEAAATBAAA//////////8FAQAAFAQAABUEAAAWBAAAFwQAAP//////////BgEAABgEAAAZBAAAGgQAABsEAAD//////////wcBAAAcBAAAHQQAAB4EAAAfBAAA//////////8IAQAAIAQAACEEAAAiBAAAIwQAAP//////////CQEAACQEAAAlBAAAJgQAACcEAAD//////////woBAAAoBAAAKQQAACoEAAArBAAA//////////8LAQAALAQAAC0EAAAuBAAALwQAAP//////////DAEAADAEAAAxBAAAMgQAADMEAAD//////////w0BAAA0BAAANQQAADYEAAA3BAAA//////////8OAQAAOAQAADkEAAA6BAAAOwQAAP//////////DwEAADwEAAA9BAAAPgQAAD8EAAD//////////wAAAAAAAAAAAAAAAAAAAAAAAAAAAAAAAAAAAAAAAAAAAAAAAAAAAAAAAAAAAAAAAAAAAAAAAAAAAAAAAAAAAAAAAAAAAAAAAAAAAAAAAAAAAAAAAAAAAAAAAAAAAAAAAAAAAAAAAAAAAAAAAAAAAAAAAAAAAAAAAAAAAAAAAAAAAAAAAAAAAAAAAAAAAAAAAAAAAAAAAAAAAAAAAAAAAAAAAAAAAAAAAAAAAAAAAAAAAAAAAAAAAAAAAAAAAAAAAAAAAAAAAAAAAAAAAAAAAAAAAAAAAAAAAAAAAAAAAAAAAAAAAAAAAAAAAAAAAAAAAAAAAAAAAAAAAAAAAAAAAAAAAAAAAAAAAAAAAAAAAAAAAAAAAAAAAAAAAAAAAAAAAAAAAAAAAAAAAAAAAAAAAAAAAAAAAAAAAAAAAAAAAAAAAAAAAAAAAAAAAAAAAAAAAAAAAAAAAAAAAAAAAAAAAAAAAAAAAAAAAAAAAAAAAAAAAAAAAAAAAAAAAAAAAAAAAAAAAAAAAAAAAAAAAAAAAAAAAAAAAAAAAAAAAAAAAAAAAAAAAAAAAAAAAAAAAAAAAAAAAAAAAAAAAAAAAAAAAAAAAAAAoEpT8Qiz//8Q0FLxCLP//wAAAAAAAAAAAAAAAAEAAADABgAAV2hlYQMAAAAAAAAA4MhT8Qiz//8AAAAAAAAAAAEAAADAAQAAAAAAAAAAAAAAAAAAAAAAAAAAAAAAAAAAzAMAAAoAAAADAAAAAgAAAAABAAABAAAAAwAAAAMAAAAAAAAAAAAAgAIAAQAAAAAAAAAAAAAAAAAAAAAAAAAAAAAAAAAAAAAAAAAAAAAAAAAAAAAAAAAAAAAAAAAAAAAAAAAAAAAAAAAAAAAAAAAAAAAAAAAAAAAAAAAAAAAAAAAAAAAAAAAAAAAAAAAAAAAAAAAAAAAAAAAAAAAAAAAAAAAAAAAAAAAAAAAAAAAAAAAAAAAAAAAAAAAAAAAAAAAAAAAAAAAAAAAAAAAAAAAAAAAAAAAAAAAAAAAAAAAAAAAAAAAAAAAAAAAAAAAAAAAAAAAAAAAAAAAAAAAAAAAAAAAAAAAAAAAAAAAAAAAAAAAAAAAAAAAAAAAAAAAAAAAAAAAAAAAAAAAAAAAAAAAAAAAAAAAAAAAAAAAAAAAAAAAAAAAAAAAAAAAAAAAAAAAAAAAAAAAAAAAAAAAAAAAAAAAAAAAAAAAAAAAAAAAAAAAAAAAAAAAAAAAAAAAAAAAAAAAAAAAAAAAAAAAAAAAAAAAAAAAAAAAAAAAAAAAAAAAAAAAAAAAAAAAAAAAAAAAAAAAAAAAAAAAAAAAAAAAAAAAAAAAAAAAAAAAAAAAAAAAAAAAAAAAAAAAAAAAAAAAAAAAAAAAAAAAAAAAAAAAAAAAAAAAAAAAAAAAAAAAAAAAAAAAAAAAAAAAAAAAAAAAAAAAAAAAAAAAAAAAAAAAAAAAAAAAAAAAAAAAAAAAAAAAAAAAAAAAAAAAAAAAAAAAAAAAAAAAAAAAAAAAAAAAAAAAAAAAAAAAAAAAAAAAAAAAAAAAAAAAAAAAAAAAAAAAAAAAAAAAAAAAAAAAAAAAAAAAAAAAAAAAAAAAAAAAAAAAAAAAAAAAAAAAAAAAAAAAAAAAAAAAAAAAAAAAAAAAAAAAAAAAAAAAAAAAAAAAAAAAAAAAAAAAAAAAAAAAAAAAAAAAAAAAAAAAAAAAAAAAAAAAAAAAAAAAAAAAAAAAAAAAAAAAAAAAAAAAAAAAAAAAAAAAAAAAAAAAAAAAAAAAAAAAAAAAAAAAAAAAAAAAAAAAAAAAAAAAAAAAAAAAAAAAAAAAAAAAAAAAAAAAAAAAAAAAAAAAAAAAAAAAAAAAAAAAAAAAAAAAAAAAAAAAAAAAAAAAAAAAAAAAAAAAAAAAAAAAAAAAAAAAAAAAAAAAAAAAAAAAAAAAAAAAAAAAAAAAAAAAAAAAAAAAAAAAAAAAAAAAAAAAAAAAAAAAAAAAAAAAAAAAAAAAAAAAAAAAAAAAAAAAAAAAAAAAAAAAAAAAAAGiuTUMG+P//ELCb8wiz//8AAAAAAAAAAAAAAAAAAAAAAAAAAAAAAAAHAAAAAAAAAAAAAAAAAAAAAAAAAAAAAAAAAAAAAAAAAAAAAAAAAAAAAAAAAAAAAAABAAAAAAAAAMwDAAAKAAAABwAAAAIAAAAAEAAAAQAAAAgAAAAEAAAAAAAAAAAAAIAAAAAAAAAAAAAAAAAAAAAAAAAAAAAAAAAAAAAAAAAAAAAAAAAAAAAAAAAAAAAAAAAAAAAAAAAAAAAAAAAAAAAAAAAAAAAAAAAAAAAAAAAAAAAAAAAAAAAAAAAAAAAAAAAAAAAAAAAAAAAAAAAAAAAAAAAAAAAAAAAAAAAAAAAAAAAAAAAAAAAAAAAAAAAAAAAAAAAAAAAAAAAAAAAAAAAAAAAAAAAAAAAAAAAAAAAAAAAAAAAAAAAAAAAAAAAAAAAAAAAAAAAAAAAAAAAAAAAAAAAAAAAAAAAAAAAAAAAAAAAAAAAAAAAAAAAAAAAAAAAAAAAAAAAAAAAAAAAAAAAAAAAAAAAAAAAAAAAAAAAAAAAAAAAAAAAAAAAAAAAAAAAAAAAAAAAAAAAAAAAAAAAAAAAAAAAAAAAAAAAAAAAAAAAAAAAAAAAAAAAAAAAAAAAAAAAAAAAAAAAAAAAAAAAAAAAAAAAAAAAAAAAAAAAAAAAAAAAAAAAAAAAAAAAAAAAAAAAAAAAAAAAAAAAAAAAAAAAAAAAAAAAAAAAAAAAAAAAAAAAAAAAAAAAAAAAAAAAAAAAAAAAAAAAAAAAAAAAAAAAAAAAAAAAAAAAAAAAAAAAAAAAAAAAAAAAAAAAAAAAAAAAAAAAAAAAAAAAAAAAAAAAAAAAAAAAAAAAAAAAAAAAAAAAAAAAAAAAAAAAAAAAAAAAAAAAAAAAAAAAAAAAAAAAAAAAAAAAAAAAAAAAAAAAAAAAAAAAAAAAAAAAAAAAAAAAAAAAAAAAAAAAAAAAAAAAAAAAAAAAAAAAAAAAAAAAAAAAAAAAAAAAAAAAAAAAAAAAAAAAAAAAAAAAAAAAAAAAAAAAAAAAAAAAAAAAAAAAAAAAAAAAAAAAAAAAAAAAAAAAAAAAAAAAAAAAAAAAAAAAAAAAAAAAAAAAAAAAAAAAAAAAAAAAAAAAAAAAAAAAAAAAAAAAAAAAAAAAAAAAAAAAAAAAAAAAAAAAAAAAAAAAAAAAAAAAAAAAAAAAAAAAAAAAAAAAAAAAAAAAAAAAAAAAAAAAAAAAAAAAAAAAAAAAAAAAAAAAAAAAAAAAAAAAAAAAAAAAAAAAAAAAAAAAAAAAAAAAAAAAAAAAAAAAAAAAAAAAAAAAAAAAAAAAAAAAAAAAAAAAAAAAAAAAAAAAAAAAAAAAAAAAAAAAAAAAAAAAAAAAAAAAAAAAAAAAAAAAAAAAAAAAAAAAAAAAAAAAAAAAAAAAAAAA="}
{"EventID": "42", "Channel": "Microsoft-Windows-Kernel-WHEA/Operational", "Provider_Name": "Microsoft-Windows-Kernel-WHEA", "Computer": "DESKTOP-OFJ6N53", "TimeCreated": "2023-03-06 08:59:16.287983+00:00", "RecordID": "300", "Level": "4", "UserID": "S-1-5-18", "EventData.Type": "0", "EventData.Owner": "1280201291", "EventData.Id": "2147483650", "EventData.Flags": "2", "EventData.Length": "5392", "EventData.RawData": "V2hMZwEAAAAQFQAAAAAAAEtSTkwCAACAAgAAAPAUAABgGg3xCLP//2iuTUMG+P//AAAAAAAAAAAAAAAAAQAAAPgpAABXaGVhEAAAAAAAAAAAoJXzCLP//wAAAAAAAAAAAwAAAHwNAAAAAAAAAAAAAAAAAAAAAAAAAAAAAAAAAADMAwAACwAAABAAAAACAAAALA0AAAEAAAADAAAAAAAAAAAAAAAAAAAAAAAAADxgwYNSFadIh9EU2UZ9d2VQUwAA2A4AAAEAAAAQkJXzCLP//9As2EcG+P//8CzYRwb4//8wU7ZCBvj//418IVdmXvtEgDObdMrO31sAAAAAAAAAAAAAAAAAAAAAZAQAAAEAAAAQv2/zCLP//wAAAAAAAAAAAAAAAAAAAAAAAAAAAAAAAAAAAAAAAAAAAAAAAAAAAAAAAAAAAAAAAAAAAAAAAAAAAAAAAAAAAAAAAAAAAAAAAAAAAAAAAAAAAAAAAAAAAAAAAAAAAAAAAAAAAAAAAAAAAAAAAAAAAAAAAAAAAAAAAAAAAAAAAAAAAAAAAAAAAAAAAAAAAAAAAAAAAAAAAAAAAAAAAAAAAAAAAAAAAAAAAAAAAAAAAAAAAAAAAAAAAAAAAAAAAAAAAAAAAAAAAAAAAAAAAAAAAAAAAAAAAAAAAAAAAAAAAAAAAAAAAAAAAAAAAAAAAAAAAAAAAAAAAAAAAAAAAAAAAAAAAAAAAAAAAAAAAAAAAAAAAAAAAAAAAAAAAAAAAAAAAAAAAAAAAAAAAAAAAAAAAAAAAAAAAAAAAAAAAAAAAAAAAAAAAAAAAAAAAAAAAAAAAAAAAAAAAAAAAAAAAAAAAAAAAAAAAAAAAAAAAAAAAAAAAAAAAAAAAAAAAAAAAAAAAAAAAAAAAAAAAAAAAAAAAAAAAAAAAAAAAAAAAAAAAAAAAAAAAAAAAAAAAAAAAAAAAAAAAAAAAAAAAAAAAAAAAAAAAAAAAAAAAAAAAAAAAAAAAAAAAAAAAAAAAAAAAAAAAAAAAAAAAAAAAAAAAAAAAAAAAAAAAAAAAAAAAAAAAAAAAAAAAAAAAAAAAAAAAAAAAAAAAAAAAAAAAAAAAAAAAAAAAAAAAAAAAAAAAAAAAAAAAAAAAAAAAAAAAAAAAAAAAAAAAAAAAAAAAAAAAAAAAAAAAAAAAAAAAAAAAAAAAAAAAAAAAAAAAAAAAAAAAAAAAAAAAAAAAAAAAAAAAAAAAAAAAAAAAAAAAAAAAAAAAAAAAAAAAAAAAAAAAAAAAAAAAAAAAAAAAAAAAAAAAAAAAAAAAAAAAAAAAAAAAAAAAAAAAAAAAAAAAAAAAAAAAAAAAAAAAAAAAAAAAAAAAAAAAAAAAAAAAAAAAAAAAAAAAAAAAAAAAAAAAAAAAAAAAAAAAAAAAAAAAAAAAAAAAAAAAAAAAAAAAAAAAAAAAAAAAAAAAAAAAAAAAAAAAAAAAAAAAAAAAAAAAAAAENBS8Qiz//9wNBjxCLP//wAAAAAAAAAAAAAAAAQAAADoDQAAV2hlYQAAAAAAAAAAALCB8wiz//8AAAAAAAAAAAgAAABgAQAAAAAAAAAAAAAAAAAAAAAAAAAAAAAAAAAAzAMAAAoAAAAAAAAAAgAAAEEBAAAEAAAACAAAAAEAAAAAAAAAAAAAgAAAAQYAAAAAAAAAAAAAAAD//////////wABAAAABAAAAQQAAAIEAAADBAAA//////////8BAQAABAQAAAUEAAAGBAAABwQAAP//////////AgEAAAgEAAAJBAAACgQAAAsEAAD//////////wMBAAAMBAAADQQAAA4EAAAPBAAA//////////8EAQAAEAQAABEEAAASBAAAEwQAAP//////////BQEAABQEAAAVBAAAFgQAABcEAAD//////////wYBAAAYBAAAGQQAABoEAAAbBAAA//////////8HAQAAHAQAAB0EAAAeBAAAHwQAAP//////////CAEAACAEAAAhBAAAIgQAACMEAAD//////////wkBAAAkBAAAJQQAACYEAAAnBAAA//////////8KAQAAKAQAACkEAAAqBAAAKwQAAP//////////CwEAACwEAAAtBAAALgQAAC8EAAD//////////wwBAAAwBAAAMQQAADIEAAAzBAAA//////////8NAQAANAQAADUEAAA2BAAANwQAAP//////////DgEAADgEAAA5BAAAOgQAADsEAAD//////////w8BAAA8BAAAPQQAAD4EAAA/BAAA//////////8AAAAAAAAAAAAAAAAAAAAAAAAAAAAAAAAAAAAAAAAAAAAAAAAAAAAAAAAAAAAAAAAAAAAAAAAAAAAAAAAAAAAAAAAAAAAAAAAAAAAAAAAAAAAAAAAAAAAAAAAAAAAAAAAAAAAAAAAAAAAAAAAAAAAAAAAAAAAAAAAAAAAAAAAAAAAAAAAAAAAAAAAAAAAAAAAAAAAAAAAAAAAAAAAAAAAAAAAAAAAAAAAAAAAAAAAAAAAAAAAAAAAAAAAAAAAAAAAAAAAAAAAAAAAAAAAAAAAAAAAAAAAAAAAAAAAAAAAAAAAAAAAAAAAAAAAAAAAAAAAAAAAAAAAAAAAAAAAAAAAAAAAAAAAAAAAAAAAAAAAAAAAAAAAAAAAAAAAAAAAAAAAAAAAAAAAAAAAAAAAAAAAAAAAAAAAAAAAAAAAAAAAAAAAAAAAAAAAAAAAAAAAAAAAAAAAAAAAAAAAAAAAAAAAAAAAAAAAAAAAAAAAAAAAAAAAAAAAAAAAAAAAAAAAAAAAAAAAAAAAAAAAAAAAAAAAAAAAAAAAAAAAAAAAAAAAAAAAAAAAAAAAAAAAAAAAAAAAAAAAAAAAAAAAAAAAAAAAAAAAAAAAAAAAAAAAAAAAAABCwm/MIs///YBoN8Qiz//8AAAAAAAAAAAAAAAAEAAAA6A0AAFdoZWEBAAAAAAAAAADwgfMIs///AAAAAAAAAAAIAAAAYAEAAAAAAAAAAAAAAAAAAAAAAAAAAAAAAAAAAMwDAAAKAAAAAQAAAAIAAABBAQAABAAAAAgAAAACAAAAAAAAAAAAAIABAAEGAAAAAAUcAABg6gAAAAAAAAAAAAAAAAAAAAAAAAAAAAAAAQAAAAQAAAEEAAACBAAAAwQAAP//////////AQEAAAQEAAAFBAAABgQAAAcEAAD//////////wIBAAAIBAAACQQAAAoEAAALBAAA//////////8DAQAADAQAAA0EAAAOBAAADwQAAP//////////BAEAABAEAAARBAAAEgQAABMEAAD//////////wUBAAAUBAAAFQQAABYEAAAXBAAA//////////8GAQAAGAQAABkEAAAaBAAAGwQAAP//////////BwEAABwEAAAdBAAAHgQAAB8EAAD//////////wgBAAAgBAAAIQQAACIEAAAjBAAA//////////8JAQAAJAQAACUEAAAmBAAAJwQAAP//////////CgEAACgEAAApBAAAKgQAACsEAAD//////////wsBAAAsBAAALQQAAC4EAAAvBAAA//////////8MAQAAMAQAADEEAAAyBAAAMwQAAP//////////DQEAADQEAAA1BAAANgQAADcEAAD//////////w4BAAA4BAAAOQQAADoEAAA7BAAA//////////8PAQAAPAQAAD0EAAA+BAAAPwQAAP//////////AAAAAAAAAAAAAAAAAAAAAAAAAAAAAAAAAAAAAAAAAAAAAAAAAAAAAAAAAAAAAAAAAAAAAAAAAAAAAAAAAAAAAAAAAAAAAAAAAAAAAAAAAAAAAAAAAAAAAAAAAAAAAAAAAAAAAAAAAAAAAAAAAAAAAAAAAAAAAAAAAAAAAAAAAAAAAAAAAAAAAAAAAAAAAAAAAAAAAAAAAAAAAAAAAAAAAAAAAAAAAAAAAAAAAAAAAAAAAAAAAAAAAAAAAAAAAAAAAAAAAAAAAAAAAAAAAAAAAAAAAAAAAAAAAAAAAAAAAAAAAAAAAAAAAAAAAAAAAAAAAAAAAAAAAAAAAAAAAAAAAAAAAAAAAAAAAAAAAAAAAAAAAAAAAAAAAAAAAAAAAAAAAAAAAAAAAAAAAAAAAAAAAAAAAAAAAAAAAAAAAAAAAAAAAAAAAAAAAAAAAAAAAAAAAAAAAAAAAAAAAAAAAAAAAAAAAAAAAAAAAAAAAAAAAAAAAAAAAAAAAAAAAAAAAAAAAAAAAAAAAAAAAAAAAAAAAAAAAAAAAAAAAAAAAAAAAAAAAAAAAAAAAAAAAAAAAAAAAAAAAAAAAAAAAAAAAAAAAAAAAACgSlPxCLP//xDQUvEIs///AAAAAAAAAAAAAAAAAQAAAMAGAABXaGVhAwAAAAAAAADgyFPxCLP//wAAAAAAAAAAAQAAAMABAAAAAAAAAAAAAAAAAAAAAAAAAAAAAAAAAADMAwAACgAAAAMAAAACAAAAAAEAAAEAAAADAAAAAwAAAAAAAAAAAACAAgABAAAAAAAAAAAAAAAAAAAAAAAAAAAAAAAAAAAAAAAAAAAAAAAAAAAAAAAAAAAAAAAAAAAAAAAAAAAAAAAAAAAAAAAAAAAAAAAAAAAAAAAAAAAAAAAAAAAAAAAAAAAAAAAAAAAAAAAAAAAAAAAAAAAAAAAAAAAAAAAAAAAAAAAAAAAAAAAAAAAAAAAAAAAAAAAAAAAAAAAAAAAAAAAAAAAAAAAAAAAAAAAAAAAAAAAAAAAAAAAAAAAAAAAAAAAAAAAAAAAAAAAAAAAAAAAAAAAAAAAAAAAAAAAAAAAAAAAAAAAAAAAAAAAAAAAAAAAAAAAAAAAAAAAAAAAAAAAAAAAAAAAAAAAAAAAAAAAAAAAAAAAAAAAAAAAAAAAAAAAAAAAAAAAAAAAAAAAAAAAAAAAAAAAAAAAAAAAAAAAAAAAAAAAAAAAAAAAAAAAAAAAAAAAAAAAAAAAAAAAAAAAAAAAAAAAAAAAAAAAAAAAAAAAAAAAAAAAAAAAAAAAAAAAAAAAAAAAAAAAAAAAAAAAAAAAAAAAAAAAAAAAAAAAAAAAAAAAAAAAAAAAAAAAAAAAAAAAAAAAAAAAAAAAAAAAAAAAAAAAAAAAAAAAAAAAAAAAAAAAAAAAAAAAAAAAAAAAAAAAAAAAAAAAAAAAAAAAAAAAAAAAAAAAAAAAAAAAAAAAAAAAAAAAAAAAAAAAAAAAAAAAAAAAAAAAAAAAAAAAAAAAAAAAAAAAAAAAAAAAAAAAAAAAAAAAAAAAAAAAAAAAAAAAAAAAAAAAAAAAAAAAAAAAAAAAAAAAAAAAAAAAAAAAAAAAAAAAAAAAAAAAAAAAAAAAAAAAAAAAAAAAAAAAAAAAAAAAAAAAAAAAAAAAAAAAAAAAAAAAAAAAAAAAAAAAAAAAAAAAAAAAAAAAAAAAAAAAAAAAAAAAAAAAAAAAAAAAAAAAAAAAAAAAAAAAAAAAAAAAAAAAAAAAAAAAAAAAAAAAAAAAAAAAAAAAAAAAAAAAAAAAAAAAAAAAAAAAAAAAAAAAAAAAAAAAAAAAAAAAAAAAAAAAAAAAAAAAAAAAAAAAAAAAAAAAAAAAAAAAAAAAAAAAAAAAAAAAAAAAAAAAAAAAAAAAAAAAAAAAAAAAAAAAAAAAAAAAAAAAAAAAAAAAAAAAAAAAAAAAAAAAAAAAAAAAAAAAAAAAAAAAAAAAAAAAAAAAAAAAAAAAAAAAAAAAAAAAAAAAAAAAAAAAAAAAAAAAAAAAAAAAAaK5NQwb4//8QsJvzCLP//wAAAAAAAAAAAAAAAAAAAAAAAAAAAAAAAAcAAAAAAAAAAAAAAAAAAAAAAAAAAAAAAAAAAAAAAAAAAAAAAAAAAAAAAAAAAAAAAAEAAAAAAAAAzAMAAAoAAAAHAAAAAgAAAAAQAAABAAAACAAAAAQAAAAAAAAAAAAAgAAAAAAAAAAAAAAAAAAAAAAAAAAAAAAAAAAAAAAAAAAAAAAAAAAAAAAAAAAAAAAAAAAAAAAAAAAAAAAAAAAAAAAAAAAAAAAAAAAAAAAAAAAAAAAAAAAAAAAAAAAAAAAAAAAAAAAAAAAAAAAAAAAAAAAAAAAAAAAAAAAAAAAAAAAAAAAAAAAAAAAAAAAAAAAAAAAAAAAAAAAAAAAAAAAAAAAAAAAAAAAAAAAAAAAAAAAAAAAAAAAAAAAAAAAAAAAAAAAAAAAAAAAAAAAAAAAAAAAAAAAAAAAAAAAAAAAAAAAAAAAAAAAAAAAAAAAAAAAAAAAAAAAAAAAAAAAAAAAAAAAAAAAAAAAAAAAAAAAAAAAAAAAAAAAAAAAAAAAAAAAAAAAAAAAAAAAAAAAAAAAAAAAAAAAAAAAAAAAAAAAAAAAAAAAAAAAAAAAAAAAAAAAAAAAAAAAAAAAAAAAAAAAAAAAAAAAAAAAAAAAAAAAAAAAAAAAAAAAAAAAAAAAAAAAAAAAAAAAAAAAAAAAAAAAAAAAAAAAAAAAAAAAAAAAAAAAAAAAAAAAAAAAAAAAAAAAAAAAAAAAAAAAAAAAAAAAAAAAAAAAAAAAAAAAAAAAAAAAAAAAAAAAAAAAAAAAAAAAAAAAAAAAAAAAAAAAAAAAAAAAAAAAAAAAAAAAAAAAAAAAAAAAAAAAAAAAAAAAAAAAAAAAAAAAAAAAAAAAAAAAAAAAAAAAAAAAAAAAAAAAAAAAAAAAAAAAAAAAAAAAAAAAAAAAAAAAAAAAAAAAAAAAAAAAAAAAAAAAAAAAAAAAAAAAAAAAAAAAAAAAAAAAAAAAAAAAAAAAAAAAAAAAAAAAAAAAAAAAAAAAAAAAAAAAAAAAAAAAAAAAAAAAAAAAAAAAAAAAAAAAAAAAAAAAAAAAAAAAAAAAAAAAAAAAAAAAAAAAAAAAAAAAAAAAAAAAAAAAAAAAAAAAAAAAAAAAAAAAAAAAAAAAAAAAAAAAAAAAAAAAAAAAAAAAAAAAAAAAAAAAAAAAAAAAAAAAAAAAAAAAAAAAAAAAAAAAAAAAAAAAAAAAAAAAAAAAAAAAAAAAAAAAAAAAAAAAAAAAAAAAAAAAAAAAAAAAAAAAAAAAAAAAAAAAAAAAAAAAAAAAAAAAAAAAAAAAAAAAAAAAAAAAAAAAAAAAAAAAAAAAAAAAAAAAAAAAAAAAAAAAAAAAAAAAAAAAAAAAAAAAAAAAAAAAAAAAAAAAAAAAAAAAAAA=="}
{"EventID": "42", "Channel": "Microsoft-Windows-Kernel-WHEA/Operational", "Provider_Name": "Microsoft-Windows-Kernel-WHEA", "Computer": "DESKTOP-OFJ6N53", "TimeCreated": "2023-03-10 12:02:51.983757+00:00", "RecordID": "301", "Level": "4", "UserID": "S-1-5-18", "EventData.Type": "0", "EventData.Owner": "1280201291", "EventData.Id": "2147483660", "EventData.Flags": "2", "EventData.Length": "1009", "EventData.RawData": "V2hMZwEAAADxAwAAAAAAAEtSTkwMAACAAgAAANEDAADMAwAACwAAABAAAAABAAAALA0AAAEAAAADAAAAAAAAAAAAAAAAAAAAAAAAADxgwYNSFadIh9EU2UZ9d2VQUwAA2A4AAAEAAAAQcDltgZT//9AsuBMB+P//8Cy4EwH4//8wU3YPAfj//418IVdmXvtEgDObdMrO31sAAAAAAAAAAAAAAAAAAAAAZAQAAAEAAACQqMhqgZT//wAAAAAAAAAAAAAAAAAAAAAAAAAAAAAAAAAAAAAAAAAAAAAAAAAAAAAAAAAAAAAAAAAAAAAAAAAAAAAAAAAAAAAAAAAAAAAAAAAAAAAAAAAAAAAAAAAAAAAAAAAAAAAAAAAAAAAAAAAAAAAAAAAAAAAAAAAAAAAAAAAAAAAAAAAAAAAAAAAAAAAAAAAAAAAAAAAAAAAAAAAAAAAAAAAAAAAAAAAAAAAAAAAAAAAAAAAAAAAAAAAAAAAAAAAAAAAAAAAAAAAAAAAAAAAAAAAAAAAAAAAAAAAAAAAAAAAAAAAAAAAAAAAAAAAAAAAAAAAAAAAAAAAAAAAAAAAAAAAAAAAAAAAAAAAAAAAAAAAAAAAAAAAAAAAAAAAAAAAAAAAAAAAAAAAAAAAAAAAAAAAAAAAAAAAAAAAAAAAAAAAAAAAAAAAAAAAAAAAAAAAAAAAAAAAAAAAAAAAAAAAAAAAAAAAAAAAAAAAAAAAAAAAAAAAAAAAAAAAAAAAAAAAAAAAAAAAAAAAAAAAAAAAAAAAAAAAAAAAAAAAAAAAAAAAAAAAAAAAAAAAAAAAAAAAAAAAAAAAAAAAAAAAAAAAAAAAAAAAAAAAAAAAAAAAAAAAAAAAAAAAAAAAAAAAAAAAAAAAAAAAAAAAAAAAAAAAAAAAAAAAAAAAAAAAAAAAAAAAAAAAAAAAAAAAAAAAAAAAAAAAAAAAAAAAAAAAAAAAAAAAAAAAAAAAAAAAAAAAAAAAAAAAAAAAAAAAAAAAAAAAAAAAAAAAAAAAAAAAAAAAAAAAAAAAAAAAAAAAAAAAAAAAAAAAAAAAAAAAAAAAAAAAAAAAAAAAAAAAAAAAAAAAAAAAAAAAAAAAAAAAAAAAAAAAAAAAAAAAAAAAAAAAAAAAAAAAAAAAAAAAAAAAAAAAAAAAAAAAAAAAAAAAAAAAAAAAAAAAAAAAAAAAAAAAAAAAAAAAAAAAAAAAAAAAAAAAAAAAAAAAAAAAAAAAAAAAAAAAAAAAAAAAAAAAAAAAAAAAAAAAAAAAAAAAAAAAAAAAAAAAAAAAAAAAAAAAAAAAAAAAAAAAAAAAAAAAAAAAAAAAAAAAAAAAAAAAAAAAAAA=="}
{"EventID": "42", "Channel": "Microsoft-Windows-Kernel-WHEA/Operational", "Provider_Name": "Microsoft-Windows-Kernel-WHEA", "Computer": "DESKTOP-OFJ6N53", "TimeCreated": "2023-03-10 12:03:04.385914+00:00", "RecordID": "302", "Level": "4", "UserID": "S-1-5-18", "EventData.Type": "0", "EventData.Owner": "1145590608", "EventData.Id": "2147483658", "EventData.Flags": "2", "EventData.Length": "34", "EventData.RawData": "V2hMZwEAAAAiAAAAAAAAAFBTSEQKAACAAgAAAAIAAAAAAQ=="}
{"EventID": "5", "Channel": "Microsoft-Windows-Kernel-WHEA/Operational", "Provider_Name": "Microsoft-Windows-Kernel-WHEA", "Computer": "DESKTOP-OFJ6N53", "TimeCreated": "2023-03-10 12:03:04.391378+00:00", "RecordID": "303", "Level": "4", "UserID": "S-1-5-18", "EventData.ErrorSourceCount": "5", "EventData.ErrorRecordFormat": "10", "EventData.ErrorSourceTableLength": "5360", "EventData.ErrorSourceTable": "IJVLbYGU//9org0QAfj//wAAAAAAAAAAAAAAAAEAAAD4KQAAV2hlYRAAAAAAAAAAACA2bYGU//8AAAAAAAAAAAMAAAB8DQAAAAAAAAAAAAAAAAAAAAAAAAAAAAAAAAAAzAMAAAsAAAAQAAAAAgAAACwNAAABAAAAAwAAAAAAAAAAAAAAAAAAAAAAAAA8YMGDUhWnSIfRFNlGfXdlUFMAANgOAAABAAAAEHA5bYGU///QLLgTAfj///AsuBMB+P//MFN2DwH4//+NfCFXZl77RIAzm3TKzt9bAAAAAAAAAAAAAAAAAAAAAGQEAAABAAAAkKjIaoGU//8AAAAAAAAAAAAAAAAAAAAAAAAAAAAAAAAAAAAAAAAAAAAAAAAAAAAAAAAAAAAAAAAAAAAAAAAAAAAAAAAAAAAAAAAAAAAAAAAAAAAAAAAAAAAAAAAAAAAAAAAAAAAAAAAAAAAAAAAAAAAAAAAAAAAAAAAAAAAAAAAAAAAAAAAAAAAAAAAAAAAAAAAAAAAAAAAAAAAAAAAAAAAAAAAAAAAAAAAAAAAAAAAAAAAAAAAAAAAAAAAAAAAAAAAAAAAAAAAAAAAAAAAAAAAAAAAAAAAAAAAAAAAAAAAAAAAAAAAAAAAAAAAAAAAAAAAAAAAAAAAAAAAAAAAAAAAAAAAAAAAAAAAAAAAAAAAAAAAAAAAAAAAAAAAAAAAAAAAAAAAAAAAAAAAAAAAAAAAAAAAAAAAAAAAAAAAAAAAAAAAAAAAAAAAAAAAAAAAAAAAAAAAAAAAAAAAAAAAAAAAAAAAAAAAAAAAAAAAAAAAAAAAAAAAAAAAAAAAAAAAAAAAAAAAAAAAAAAAAAAAAAAAAAAAAAAAAAAAAAAAAAAAAAAAAAAAAAAAAAAAAAAAAAAAAAAAAAAAAAAAAAAAAAAAAAAAAAAAAAAAAAAAAAAAAAAAAAAAAAAAAAAAAAAAAAAAAAAAAAAAAAAAAAAAAAAAAAAAAAAAAAAAAAAAAAAAAAAAAAAAAAAAAAAAAAAAAAAAAAAAAAAAAAAAAAAAAAAAAAAAAAAAAAAAAAAAAAAAAAAAAAAAAAAAAAAAAAAAAAAAAAAAAAAAAAAAAAAAAAAAAAAAAAAAAAAAAAAAAAAAAAAAAAAAAAAAAAAAAAAAAAAAAAAAAAAAAAAAAAAAAAAAAAAAAAAAAAAAAAAAAAAAAAAAAAAAAAAAAAAAAAAAAAAAAAAAAAAAAAAAAAAAAAAAAAAAAAAAAAAAAAAAAAAAAAAAAAAAAAAAAAAAAAAAAAAAAAAAAAAAAAAAAAAAAAAAAAAAAAAAAAAAAAAAAAAAAAAAAAAAAAAAAAAAAAAAAAAAAAAAAAAAAAAAAAAAAAAAAAAAAAAAAAAAAAAAAAAAAAAAAAAAAAAAAAAAAAAAAAAAAAAAAAAAAAAAAAAAAACAVQ22BlP//cDS4aoGU//8AAAAAAAAAAAAAAAAEAAAA6A0AAFdoZWEAAAAAAAAAAAAwI22BlP//AAAAAAAAAAAIAAAAYAEAAAAAAAAAAAAAAAAAAAAAAAAAAAAAAAAAAMwDAAAKAAAAAAAAAAIAAABBAQAABAAAAAgAAAABAAAAAAAAAAAAAIAAAAEGAAAAAAAAAAAAAAAA//////////8AAQAAAAQAAAEEAAACBAAAAwQAAP//////////AQEAAAQEAAAFBAAABgQAAAcEAAD//////////wIBAAAIBAAACQQAAAoEAAALBAAA//////////8DAQAADAQAAA0EAAAOBAAADwQAAP//////////BAEAABAEAAARBAAAEgQAABMEAAD//////////wUBAAAUBAAAFQQAABYEAAAXBAAA//////////8GAQAAGAQAABkEAAAaBAAAGwQAAP//////////BwEAABwEAAAdBAAAHgQAAB8EAAD//////////wgBAAAgBAAAIQQAACIEAAAjBAAA//////////8JAQAAJAQAACUEAAAmBAAAJwQAAP//////////CgEAACgEAAApBAAAKgQAACsEAAD//////////wsBAAAsBAAALQQAAC4EAAAvBAAA//////////8MAQAAMAQAADEEAAAyBAAAMwQAAP//////////DQEAADQEAAA1BAAANgQAADcEAAD//////////w4BAAA4BAAAOQQAADoEAAA7BAAA//////////8PAQAAPAQAAD0EAAA+BAAAPwQAAP//////////AAAAAAAAAAAAAAAAAAAAAAAAAAAAAAAAAAAAAAAAAAAAAAAAAAAAAAAAAAAAAAAAAAAAAAAAAAAAAAAAAAAAAAAAAAAAAAAAAAAAAAAAAAAAAAAAAAAAAAAAAAAAAAAAAAAAAAAAAAAAAAAAAAAAAAAAAAAAAAAAAAAAAAAAAAAAAAAAAAAAAAAAAAAAAAAAAAAAAAAAAAAAAAAAAAAAAAAAAAAAAAAAAAAAAAAAAAAAAAAAAAAAAAAAAAAAAAAAAAAAAAAAAAAAAAAAAAAAAAAAAAAAAAAAAAAAAAAAAAAAAAAAAAAAAAAAAAAAAAAAAAAAAAAAAAAAAAAAAAAAAAAAAAAAAAAAAAAAAAAAAAAAAAAAAAAAAAAAAAAAAAAAAAAAAAAAAAAAAAAAAAAAAAAAAAAAAAAAAAAAAAAAAAAAAAAAAAAAAAAAAAAAAAAAAAAAAAAAAAAAAAAAAAAAAAAAAAAAAAAAAAAAAAAAAAAAAAAAAAAAAAAAAAAAAAAAAAAAAAAAAAAAAAAAAAAAAAAAAAAAAAAAAAAAAAAAAAAAAAAAAAAAAAAAAAAAAAAAAAAAAAAAAAAAAAAAAAAAAAAAAAAAAAAAAAAAAAAAAACgODltgZT//yCVS22BlP//AAAAAAAAAAAAAAAABAAAAOgNAABXaGVhAQAAAAAAAAAAcCNtgZT//wAAAAAAAAAACAAAAGABAAAAAAAAAAAAAAAAAAAAAAAAAAAAAAAAAADMAwAACgAAAAEAAAACAAAAQQEAAAQAAAAIAAAAAgAAAAAAAAAAAACAAQABBgAAAAAFHAAAYOoAAAAAAAAAAAAAAAAAAAAAAAAAAAAAAAEAAAAEAAABBAAAAgQAAAMEAAD//////////wEBAAAEBAAABQQAAAYEAAAHBAAA//////////8CAQAACAQAAAkEAAAKBAAACwQAAP//////////AwEAAAwEAAANBAAADgQAAA8EAAD//////////wQBAAAQBAAAEQQAABIEAAATBAAA//////////8FAQAAFAQAABUEAAAWBAAAFwQAAP//////////BgEAABgEAAAZBAAAGgQAABsEAAD//////////wcBAAAcBAAAHQQAAB4EAAAfBAAA//////////8IAQAAIAQAACEEAAAiBAAAIwQAAP//////////CQEAACQEAAAlBAAAJgQAACcEAAD//////////woBAAAoBAAAKQQAACoEAAArBAAA//////////8LAQAALAQAAC0EAAAuBAAALwQAAP//////////DAEAADAEAAAxBAAAMgQAADMEAAD//////////w0BAAA0BAAANQQAADYEAAA3BAAA//////////8OAQAAOAQAADkEAAA6BAAAOwQAAP//////////DwEAADwEAAA9BAAAPgQAAD8EAAD//////////wAAAAAAAAAAAAAAAAAAAAAAAAAAAAAAAAAAAAAAAAAAAAAAAAAAAAAAAAAAAAAAAAAAAAAAAAAAAAAAAAAAAAAAAAAAAAAAAAAAAAAAAAAAAAAAAAAAAAAAAAAAAAAAAAAAAAAAAAAAAAAAAAAAAAAAAAAAAAAAAAAAAAAAAAAAAAAAAAAAAAAAAAAAAAAAAAAAAAAAAAAAAAAAAAAAAAAAAAAAAAAAAAAAAAAAAAAAAAAAAAAAAAAAAAAAAAAAAAAAAAAAAAAAAAAAAAAAAAAAAAAAAAAAAAAAAAAAAAAAAAAAAAAAAAAAAAAAAAAAAAAAAAAAAAAAAAAAAAAAAAAAAAAAAAAAAAAAAAAAAAAAAAAAAAAAAAAAAAAAAAAAAAAAAAAAAAAAAAAAAAAAAAAAAAAAAAAAAAAAAAAAAAAAAAAAAAAAAAAAAAAAAAAAAAAAAAAAAAAAAAAAAAAAAAAAAAAAAAAAAAAAAAAAAAAAAAAAAAAAAAAAAAAAAAAAAAAAAAAAAAAAAAAAAAAAAAAAAAAAAAAAAAAAAAAAAAAAAAAAAAAAAAAAAAAAAAAAAAAAAAAAAAAAAAAAAAAAAAAAAAAAoJg7bYGU//8gFUNtgZT//wAAAAAAAAAAAAAAAAEAAADABgAAV2hlYQMAAAAAAAAA4PhFbYGU//8AAAAAAAAAAAEAAADAAQAAAAAAAAAAAAAAAAAAAAAAAAAAAAAAAAAAzAMAAAoAAAADAAAAAgAAAAABAAABAAAAAwAAAAMAAAAAAAAAAAAAgAIAAQAAAAAAAAAAAAAAAAAAAAAAAAAAAAAAAAAAAAAAAAAAAAAAAAAAAAAAAAAAAAAAAAAAAAAAAAAAAAAAAAAAAAAAAAAAAAAAAAAAAAAAAAAAAAAAAAAAAAAAAAAAAAAAAAAAAAAAAAAAAAAAAAAAAAAAAAAAAAAAAAAAAAAAAAAAAAAAAAAAAAAAAAAAAAAAAAAAAAAAAAAAAAAAAAAAAAAAAAAAAAAAAAAAAAAAAAAAAAAAAAAAAAAAAAAAAAAAAAAAAAAAAAAAAAAAAAAAAAAAAAAAAAAAAAAAAAAAAAAAAAAAAAAAAAAAAAAAAAAAAAAAAAAAAAAAAAAAAAAAAAAAAAAAAAAAAAAAAAAAAAAAAAAAAAAAAAAAAAAAAAAAAAAAAAAAAAAAAAAAAAAAAAAAAAAAAAAAAAAAAAAAAAAAAAAAAAAAAAAAAAAAAAAAAAAAAAAAAAAAAAAAAAAAAAAAAAAAAAAAAAAAAAAAAAAAAAAAAAAAAAAAAAAAAAAAAAAAAAAAAAAAAAAAAAAAAAAAAAAAAAAAAAAAAAAAAAAAAAAAAAAAAAAAAAAAAAAAAAAAAAAAAAAAAAAAAAAAAAAAAAAAAAAAAAAAAAAAAAAAAAAAAAAAAAAAAAAAAAAAAAAAAAAAAAAAAAAAAAAAAAAAAAAAAAAAAAAAAAAAAAAAAAAAAAAAAAAAAAAAAAAAAAAAAAAAAAAAAAAAAAAAAAAAAAAAAAAAAAAAAAAAAAAAAAAAAAAAAAAAAAAAAAAAAAAAAAAAAAAAAAAAAAAAAAAAAAAAAAAAAAAAAAAAAAAAAAAAAAAAAAAAAAAAAAAAAAAAAAAAAAAAAAAAAAAAAAAAAAAAAAAAAAAAAAAAAAAAAAAAAAAAAAAAAAAAAAAAAAAAAAAAAAAAAAAAAAAAAAAAAAAAAAAAAAAAAAAAAAAAAAAAAAAAAAAAAAAAAAAAAAAAAAAAAAAAAAAAAAAAAAAAAAAAAAAAAAAAAAAAAAAAAAAAAAAAAAAAAAAAAAAAAAAAAAAAAAAAAAAAAAAAAAAAAAAAAAAAAAAAAAAAAAAAAAAAAAAAAAAAAAAAAAAAAAAAAAAAAAAAAAAAAAAAAAAAAAAAAAAAAAAAAAAAAAAAAAAAAAAAAAAAAAAAAAAAAAAAAAAAAAAAAAAAAAAAAAAAAAAAAAAAAAAAAAAAAAAAAAAAAAAAAAAAAAAAAAAAAAAAAAAAAAAAAAAAAAAAAAAAAAAAAGiuDRAB+P//oDg5bYGU//8AAAAAAAAAAAAAAAAAAAAAAAAAAAAAAAAHAAAAAAAAAAAAAAAAAAAAAAAAAAAAAAAAAAAAAAAAAAAAAAAAAAAAAAAAAAAAAAABAAAAAAAAAMwDAAAKAAAABwAAAAIAAAAAEAAAAQAAAAgAAAAEAAAAAAAAAAAAAIAAAAAAAAAAAAAAAAAAAAAAAAAAAAAAAAAAAAAAAAAAAAAAAAAAAAAAAAAAAAAAAAAAAAAAAAAAAAAAAAAAAAAAAAAAAAAAAAAAAAAAAAAAAAAAAAAAAAAAAAAAAAAAAAAAAAAAAAAAAAAAAAAAAAAAAAAAAAAAAAAAAAAAAAAAAAAAAAAAAAAAAAAAAAAAAAAAAAAAAAAAAAAAAAAAAAAAAAAAAAAAAAAAAAAAAAAAAAAAAAAAAAAAAAAAAAAAAAAAAAAAAAAAAAAAAAAAAAAAAAAAAAAAAAAAAAAAAAAAAAAAAAAAAAAAAAAAAAAAAAAAAAAAAAAAAAAAAAAAAAAAAAAAAAAAAAAAAAAAAAAAAAAAAAAAAAAAAAAAAAAAAAAAAAAAAAAAAAAAAAAAAAAAAAAAAAAAAAAAAAAAAAAAAAAAAAAAAAAAAAAAAAAAAAAAAAAAAAAAAAAAAAAAAAAAAAAAAAAAAAAAAAAAAAAAAAAAAAAAAAAAAAAAAAAAAAAAAAAAAAAAAAAAAAAAAAAAAAAAAAAAAAAAAAAAAAAAAAAAAAAAAAAAAAAAAAAAAAAAAAAAAAAAAAAAAAAAAAAAAAAAAAAAAAAAAAAAAAAAAAAAAAAAAAAAAAAAAAAAAAAAAAAAAAAAAAAAAAAAAAAAAAAAAAAAAAAAAAAAAAAAAAAAAAAAAAAAAAAAAAAAAAAAAAAAAAAAAAAAAAAAAAAAAAAAAAAAAAAAAAAAAAAAAAAAAAAAAAAAAAAAAAAAAAAAAAAAAAAAAAAAAAAAAAAAAAAAAAAAAAAAAAAAAAAAAAAAAAAAAAAAAAAAAAAAAAAAAAAAAAAAAAAAAAAAAAAAAAAAAAAAAAAAAAAAAAAAAAAAAAAAAAAAAAAAAAAAAAAAAAAAAAAAAAAAAAAAAAAAAAAAAAAAAAAAAAAAAAAAAAAAAAAAAAAAAAAAAAAAAAAAAAAAAAAAAAAAAAAAAAAAAAAAAAAAAAAAAAAAAAAAAAAAAAAAAAAAAAAAAAAAAAAAAAAAAAAAAAAAAAAAAAAAAAAAAAAAAAAAAAAAAAAAAAAAAAAAAAAAAAAAAAAAAAAAAAAAAAAAAAAAAAAAAAAAAAAAAAAAAAAAAAAAAAAAAAAAAAAAAAAAAAAAAAAAAAAAAAAAAAAAAAAAAAAAAAAAAAAAAAAAAAAAAAAAAAAAAAAAAAAAAAAAAAAAAAAAAAAAAAAAAAAAAAAAAAAAAAAAAAAAAAAAAAA="}
{"EventID": "42", "Channel": "Microsoft-Windows-Kernel-WHEA/Operational", "Provider_Name": "Microsoft-Windows-Kernel-WHEA", "Computer": "DESKTOP-OFJ6N53", "TimeCreated": "2023-03-10 12:03:04.391384+00:00", "RecordID": "304", "Level": "4", "UserID": "S-1-5-18", "EventData.Type": "0", "EventData.Owner": "1280201291", "EventData.Id": "2147483650", "EventData.Flags": "2", "EventData.Length": "5392", "EventData.RawData": "V2hMZwEAAAAQFQAAAAAAAEtSTkwCAACAAgAAAPAUAAAglUttgZT//2iuDRAB+P//AAAAAAAAAAAAAAAAAQAAAPgpAABXaGVhEAAAAAAAAAAAIDZtgZT//wAAAAAAAAAAAwAAAHwNAAAAAAAAAAAAAAAAAAAAAAAAAAAAAAAAAADMAwAACwAAABAAAAACAAAALA0AAAEAAAADAAAAAAAAAAAAAAAAAAAAAAAAADxgwYNSFadIh9EU2UZ9d2VQUwAA2A4AAAEAAAAQcDltgZT//9AsuBMB+P//8Cy4EwH4//8wU3YPAfj//418IVdmXvtEgDObdMrO31sAAAAAAAAAAAAAAAAAAAAAZAQAAAEAAACQqMhqgZT//wAAAAAAAAAAAAAAAAAAAAAAAAAAAAAAAAAAAAAAAAAAAAAAAAAAAAAAAAAAAAAAAAAAAAAAAAAAAAAAAAAAAAAAAAAAAAAAAAAAAAAAAAAAAAAAAAAAAAAAAAAAAAAAAAAAAAAAAAAAAAAAAAAAAAAAAAAAAAAAAAAAAAAAAAAAAAAAAAAAAAAAAAAAAAAAAAAAAAAAAAAAAAAAAAAAAAAAAAAAAAAAAAAAAAAAAAAAAAAAAAAAAAAAAAAAAAAAAAAAAAAAAAAAAAAAAAAAAAAAAAAAAAAAAAAAAAAAAAAAAAAAAAAAAAAAAAAAAAAAAAAAAAAAAAAAAAAAAAAAAAAAAAAAAAAAAAAAAAAAAAAAAAAAAAAAAAAAAAAAAAAAAAAAAAAAAAAAAAAAAAAAAAAAAAAAAAAAAAAAAAAAAAAAAAAAAAAAAAAAAAAAAAAAAAAAAAAAAAAAAAAAAAAAAAAAAAAAAAAAAAAAAAAAAAAAAAAAAAAAAAAAAAAAAAAAAAAAAAAAAAAAAAAAAAAAAAAAAAAAAAAAAAAAAAAAAAAAAAAAAAAAAAAAAAAAAAAAAAAAAAAAAAAAAAAAAAAAAAAAAAAAAAAAAAAAAAAAAAAAAAAAAAAAAAAAAAAAAAAAAAAAAAAAAAAAAAAAAAAAAAAAAAAAAAAAAAAAAAAAAAAAAAAAAAAAAAAAAAAAAAAAAAAAAAAAAAAAAAAAAAAAAAAAAAAAAAAAAAAAAAAAAAAAAAAAAAAAAAAAAAAAAAAAAAAAAAAAAAAAAAAAAAAAAAAAAAAAAAAAAAAAAAAAAAAAAAAAAAAAAAAAAAAAAAAAAAAAAAAAAAAAAAAAAAAAAAAAAAAAAAAAAAAAAAAAAAAAAAAAAAAAAAAAAAAAAAAAAAAAAAAAAAAAAAAAAAAAAAAAAAAAAAAAAAAAAAAAAAAAAAAAAAAAAAAAAAAAAAAAAAAAAAAAAAAAAAAAAAAAAAAAAAAAAAAAAAAAAAAAAAAAAAAAAAAAAAAAAAAAAAAAAAAAAAAAAAAAAAAAAAAAAAAAAAAAAAAAAAAAAAAAAAAAAAAAAAAAAAAAAAAAAAAAAAAAAAAAAAAAIBVDbYGU//9wNLhqgZT//wAAAAAAAAAAAAAAAAQAAADoDQAAV2hlYQAAAAAAAAAAADAjbYGU//8AAAAAAAAAAAgAAABgAQAAAAAAAAAAAAAAAAAAAAAAAAAAAAAAAAAAzAMAAAoAAAAAAAAAAgAAAEEBAAAEAAAACAAAAAEAAAAAAAAAAAAAgAAAAQYAAAAAAAAAAAAAAAD//////////wABAAAABAAAAQQAAAIEAAADBAAA//////////8BAQAABAQAAAUEAAAGBAAABwQAAP//////////AgEAAAgEAAAJBAAACgQAAAsEAAD//////////wMBAAAMBAAADQQAAA4EAAAPBAAA//////////8EAQAAEAQAABEEAAASBAAAEwQAAP//////////BQEAABQEAAAVBAAAFgQAABcEAAD//////////wYBAAAYBAAAGQQAABoEAAAbBAAA//////////8HAQAAHAQAAB0EAAAeBAAAHwQAAP//////////CAEAACAEAAAhBAAAIgQAACMEAAD//////////wkBAAAkBAAAJQQAACYEAAAnBAAA//////////8KAQAAKAQAACkEAAAqBAAAKwQAAP//////////CwEAACwEAAAtBAAALgQAAC8EAAD//////////wwBAAAwBAAAMQQAADIEAAAzBAAA//////////8NAQAANAQAADUEAAA2BAAANwQAAP//////////DgEAADgEAAA5BAAAOgQAADsEAAD//////////w8BAAA8BAAAPQQAAD4EAAA/BAAA//////////8AAAAAAAAAAAAAAAAAAAAAAAAAAAAAAAAAAAAAAAAAAAAAAAAAAAAAAAAAAAAAAAAAAAAAAAAAAAAAAAAAAAAAAAAAAAAAAAAAAAAAAAAAAAAAAAAAAAAAAAAAAAAAAAAAAAAAAAAAAAAAAAAAAAAAAAAAAAAAAAAAAAAAAAAAAAAAAAAAAAAAAAAAAAAAAAAAAAAAAAAAAAAAAAAAAAAAAAAAAAAAAAAAAAAAAAAAAAAAAAAAAAAAAAAAAAAAAAAAAAAAAAAAAAAAAAAAAAAAAAAAAAAAAAAAAAAAAAAAAAAAAAAAAAAAAAAAAAAAAAAAAAAAAAAAAAAAAAAAAAAAAAAAAAAAAAAAAAAAAAAAAAAAAAAAAAAAAAAAAAAAAAAAAAAAAAAAAAAAAAAAAAAAAAAAAAAAAAAAAAAAAAAAAAAAAAAAAAAAAAAAAAAAAAAAAAAAAAAAAAAAAAAAAAAAAAAAAAAAAAAAAAAAAAAAAAAAAAAAAAAAAAAAAAAAAAAAAAAAAAAAAAAAAAAAAAAAAAAAAAAAAAAAAAAAAAAAAAAAAAAAAAAAAAAAAAAAAAAAAAAAAAAAAAAAAAAAAAAAAAAAAAAAAAAAAAAAAAAAAKA4OW2BlP//IJVLbYGU//8AAAAAAAAAAAAAAAAEAAAA6A0AAFdoZWEBAAAAAAAAAABwI22BlP//AAAAAAAAAAAIAAAAYAEAAAAAAAAAAAAAAAAAAAAAAAAAAAAAAAAAAMwDAAAKAAAAAQAAAAIAAABBAQAABAAAAAgAAAACAAAAAAAAAAAAAIABAAEGAAAAAAUcAABg6gAAAAAAAAAAAAAAAAAAAAAAAAAAAAAAAQAAAAQAAAEEAAACBAAAAwQAAP//////////AQEAAAQEAAAFBAAABgQAAAcEAAD//////////wIBAAAIBAAACQQAAAoEAAALBAAA//////////8DAQAADAQAAA0EAAAOBAAADwQAAP//////////BAEAABAEAAARBAAAEgQAABMEAAD//////////wUBAAAUBAAAFQQAABYEAAAXBAAA//////////8GAQAAGAQAABkEAAAaBAAAGwQAAP//////////BwEAABwEAAAdBAAAHgQAAB8EAAD//////////wgBAAAgBAAAIQQAACIEAAAjBAAA//////////8JAQAAJAQAACUEAAAmBAAAJwQAAP//////////CgEAACgEAAApBAAAKgQAACsEAAD//////////wsBAAAsBAAALQQAAC4EAAAvBAAA//////////8MAQAAMAQAADEEAAAyBAAAMwQAAP//////////DQEAADQEAAA1BAAANgQAADcEAAD//////////w4BAAA4BAAAOQQAADoEAAA7BAAA//////////8PAQAAPAQAAD0EAAA+BAAAPwQAAP//////////AAAAAAAAAAAAAAAAAAAAAAAAAAAAAAAAAAAAAAAAAAAAAAAAAAAAAAAAAAAAAAAAAAAAAAAAAAAAAAAAAAAAAAAAAAAAAAAAAAAAAAAAAAAAAAAAAAAAAAAAAAAAAAAAAAAAAAAAAAAAAAAAAAAAAAAAAAAAAAAAAAAAAAAAAAAAAAAAAAAAAAAAAAAAAAAAAAAAAAAAAAAAAAAAAAAAAAAAAAAAAAAAAAAAAAAAAAAAAAAAAAAAAAAAAAAAAAAAAAAAAAAAAAAAAAAAAAAAAAAAAAAAAAAAAAAAAAAAAAAAAAAAAAAAAAAAAAAAAAAAAAAAAAAAAAAAAAAAAAAAAAAAAAAAAAAAAAAAAAAAAAAAAAAAAAAAAAAAAAAAAAAAAAAAAAAAAAAAAAAAAAAAAAAAAAAAAAAAAAAAAAAAAAAAAAAAAAAAAAAAAAAAAAAAAAAAAAAAAAAAAAAAAAAAAAAAAAAAAAAAAAAAAAAAAAAAAAAAAAAAAAAAAAAAAAAAAAAAAAAAAAAAAAAAAAAAAAAAAAAAAAAAAAAAAAAAAAAAAAAAAAAAAAAAAAAAAAAAAAAAAAAAAAAAAAAAAAAAAAAAAACgmDttgZT//yAVQ22BlP//AAAAAAAAAAAAAAAAAQAAAMAGAABXaGVhAwAAAAAAAADg+EVtgZT//wAAAAAAAAAAAQAAAMABAAAAAAAAAAAAAAAAAAAAAAAAAAAAAAAAAADMAwAACgAAAAMAAAACAAAAAAEAAAEAAAADAAAAAwAAAAAAAAAAAACAAgABAAAAAAAAAAAAAAAAAAAAAAAAAAAAAAAAAAAAAAAAAAAAAAAAAAAAAAAAAAAAAAAAAAAAAAAAAAAAAAAAAAAAAAAAAAAAAAAAAAAAAAAAAAAAAAAAAAAAAAAAAAAAAAAAAAAAAAAAAAAAAAAAAAAAAAAAAAAAAAAAAAAAAAAAAAAAAAAAAAAAAAAAAAAAAAAAAAAAAAAAAAAAAAAAAAAAAAAAAAAAAAAAAAAAAAAAAAAAAAAAAAAAAAAAAAAAAAAAAAAAAAAAAAAAAAAAAAAAAAAAAAAAAAAAAAAAAAAAAAAAAAAAAAAAAAAAAAAAAAAAAAAAAAAAAAAAAAAAAAAAAAAAAAAAAAAAAAAAAAAAAAAAAAAAAAAAAAAAAAAAAAAAAAAAAAAAAAAAAAAAAAAAAAAAAAAAAAAAAAAAAAAAAAAAAAAAAAAAAAAAAAAAAAAAAAAAAAAAAAAAAAAAAAAAAAAAAAAAAAAAAAAAAAAAAAAAAAAAAAAAAAAAAAAAAAAAAAAAAAAAAAAAAAAAAAAAAAAAAAAAAAAAAAAAAAAAAAAAAAAAAAAAAAAAAAAAAAAAAAAAAAAAAAAAAAAAAAAAAAAAAAAAAAAAAAAAAAAAAAAAAAAAAAAAAAAAAAAAAAAAAAAAAAAAAAAAAAAAAAAAAAAAAAAAAAAAAAAAAAAAAAAAAAAAAAAAAAAAAAAAAAAAAAAAAAAAAAAAAAAAAAAAAAAAAAAAAAAAAAAAAAAAAAAAAAAAAAAAAAAAAAAAAAAAAAAAAAAAAAAAAAAAAAAAAAAAAAAAAAAAAAAAAAAAAAAAAAAAAAAAAAAAAAAAAAAAAAAAAAAAAAAAAAAAAAAAAAAAAAAAAAAAAAAAAAAAAAAAAAAAAAAAAAAAAAAAAAAAAAAAAAAAAAAAAAAAAAAAAAAAAAAAAAAAAAAAAAAAAAAAAAAAAAAAAAAAAAAAAAAAAAAAAAAAAAAAAAAAAAAAAAAAAAAAAAAAAAAAAAAAAAAAAAAAAAAAAAAAAAAAAAAAAAAAAAAAAAAAAAAAAAAAAAAAAAAAAAAAAAAAAAAAAAAAAAAAAAAAAAAAAAAAAAAAAAAAAAAAAAAAAAAAAAAAAAAAAAAAAAAAAAAAAAAAAAAAAAAAAAAAAAAAAAAAAAAAAAAAAAAAAAAAAAAAAAAAAAAAAAAAAAAAAAAAAAAAAAAAAAAAAAAAAAAAAAAAAAAAAAAAAAAAAAAAAAAAAAAAAAAAAAAAaK4NEAH4//+gODltgZT//wAAAAAAAAAAAAAAAAAAAAAAAAAAAAAAAAcAAAAAAAAAAAAAAAAAAAAAAAAAAAAAAAAAAAAAAAAAAAAAAAAAAAAAAAAAAAAAAAEAAAAAAAAAzAMAAAoAAAAHAAAAAgAAAAAQAAABAAAACAAAAAQAAAAAAAAAAAAAgAAAAAAAAAAAAAAAAAAAAAAAAAAAAAAAAAAAAAAAAAAAAAAAAAAAAAAAAAAAAAAAAAAAAAAAAAAAAAAAAAAAAAAAAAAAAAAAAAAAAAAAAAAAAAAAAAAAAAAAAAAAAAAAAAAAAAAAAAAAAAAAAAAAAAAAAAAAAAAAAAAAAAAAAAAAAAAAAAAAAAAAAAAAAAAAAAAAAAAAAAAAAAAAAAAAAAAAAAAAAAAAAAAAAAAAAAAAAAAAAAAAAAAAAAAAAAAAAAAAAAAAAAAAAAAAAAAAAAAAAAAAAAAAAAAAAAAAAAAAAAAAAAAAAAAAAAAAAAAAAAAAAAAAAAAAAAAAAAAAAAAAAAAAAAAAAAAAAAAAAAAAAAAAAAAAAAAAAAAAAAAAAAAAAAAAAAAAAAAAAAAAAAAAAAAAAAAAAAAAAAAAAAAAAAAAAAAAAAAAAAAAAAAAAAAAAAAAAAAAAAAAAAAAAAAAAAAAAAAAAAAAAAAAAAAAAAAAAAAAAAAAAAAAAAAAAAAAAAAAAAAAAAAAAAAAAAAAAAAAAAAAAAAAAAAAAAAAAAAAAAAAAAAAAAAAAAAAAAAAAAAAAAAAAAAAAAAAAAAAAAAAAAAAAAAAAAAAAAAAAAAAAAAAAAAAAAAAAAAAAAAAAAAAAAAAAAAAAAAAAAAAAAAAAAAAAAAAAAAAAAAAAAAAAAAAAAAAAAAAAAAAAAAAAAAAAAAAAAAAAAAAAAAAAAAAAAAAAAAAAAAAAAAAAAAAAAAAAAAAAAAAAAAAAAAAAAAAAAAAAAAAAAAAAAAAAAAAAAAAAAAAAAAAAAAAAAAAAAAAAAAAAAAAAAAAAAAAAAAAAAAAAAAAAAAAAAAAAAAAAAAAAAAAAAAAAAAAAAAAAAAAAAAAAAAAAAAAAAAAAAAAAAAAAAAAAAAAAAAAAAAAAAAAAAAAAAAAAAAAAAAAAAAAAAAAAAAAAAAAAAAAAAAAAAAAAAAAAAAAAAAAAAAAAAAAAAAAAAAAAAAAAAAAAAAAAAAAAAAAAAAAAAAAAAAAAAAAAAAAAAAAAAAAAAAAAAAAAAAAAAAAAAAAAAAAAAAAAAAAAAAAAAAAAAAAAAAAAAAAAAAAAAAAAAAAAAAAAAAAAAAAAAAAAAAAAAAAAAAAAAAAAAAAAAAAAAAAAAAAAAAAAAAAAAAAAAAAAAAAAAAAAAAAAAAAAAAAAAAAAAAAAAAAAAAAAAAAAAAAAAAAAAAAAAAAAAAAAAAAAAAAAAAAAA=="}
{"EventID": "42", "Channel": "Microsoft-Windows-Kernel-WHEA/Operational", "Provider_Name": "Microsoft-Windows-Kernel-WHEA", "Computer": "DESKTOP-OFJ6N53", "TimeCreated": "2023-03-13 11:07:36.528193+00:00", "RecordID": "305", "Level": "4", "UserID": "S-1-5-18", "EventData.Type": "0", "EventData.Owner": "1280201291", "EventData.Id": "2147483660", "EventData.Flags": "2", "EventData.Length": "1009", "EventData.RawData": "V2hMZwEAAADxAwAAAAAAAEtSTkwMAACAAgAAANEDAADMAwAACwAAABAAAAABAAAALA0AAAEAAAADAAAAAAAAAAAAAAAAAAAAAAAAADxgwYNSFadIh9EU2UZ9d2VQUwAA2A4AAAEAAAAQoMotBdD//9AsmEYE+P//8CyYRgT4//8wU5ZCBPj//418IVdmXvtEgDObdMrO31sAAAAAAAAAAAAAAAAAAAAAZAQAAAEAAACQwK8tBdD//wAAAAAAAAAAAAAAAAAAAAAAAAAAAAAAAAAAAAAAAAAAAAAAAAAAAAAAAAAAAAAAAAAAAAAAAAAAAAAAAAAAAAAAAAAAAAAAAAAAAAAAAAAAAAAAAAAAAAAAAAAAAAAAAAAAAAAAAAAAAAAAAAAAAAAAAAAAAAAAAAAAAAAAAAAAAAAAAAAAAAAAAAAAAAAAAAAAAAAAAAAAAAAAAAAAAAAAAAAAAAAAAAAAAAAAAAAAAAAAAAAAAAAAAAAAAAAAAAAAAAAAAAAAAAAAAAAAAAAAAAAAAAAAAAAAAAAAAAAAAAAAAAAAAAAAAAAAAAAAAAAAAAAAAAAAAAAAAAAAAAAAAAAAAAAAAAAAAAAAAAAAAAAAAAAAAAAAAAAAAAAAAAAAAAAAAAAAAAAAAAAAAAAAAAAAAAAAAAAAAAAAAAAAAAAAAAAAAAAAAAAAAAAAAAAAAAAAAAAAAAAAAAAAAAAAAAAAAAAAAAAAAAAAAAAAAAAAAAAAAAAAAAAAAAAAAAAAAAAAAAAAAAAAAAAAAAAAAAAAAAAAAAAAAAAAAAAAAAAAAAAAAAAAAAAAAAAAAAAAAAAAAAAAAAAAAAAAAAAAAAAAAAAAAAAAAAAAAAAAAAAAAAAAAAAAAAAAAAAAAAAAAAAAAAAAAAAAAAAAAAAAAAAAAAAAAAAAAAAAAAAAAAAAAAAAAAAAAAAAAAAAAAAAAAAAAAAAAAAAAAAAAAAAAAAAAAAAAAAAAAAAAAAAAAAAAAAAAAAAAAAAAAAAAAAAAAAAAAAAAAAAAAAAAAAAAAAAAAAAAAAAAAAAAAAAAAAAAAAAAAAAAAAAAAAAAAAAAAAAAAAAAAAAAAAAAAAAAAAAAAAAAAAAAAAAAAAAAAAAAAAAAAAAAAAAAAAAAAAAAAAAAAAAAAAAAAAAAAAAAAAAAAAAAAAAAAAAAAAAAAAAAAAAAAAAAAAAAAAAAAAAAAAAAAAAAAAAAAAAAAAAAAAAAAAAAAAAAAAAAAAAAAAAAAAAAAAAAAAAAAAAAAAAAAAAAAAAAAAAAAAAAAAAAAAAAAAAAAAAAAAAAAAAAAAAAAAAAAAAAAAAAAAAAAAAAAAAAAAAAA=="}
{"EventID": "42", "Channel": "Microsoft-Windows-Kernel-WHEA/Operational", "Provider_Name": "Microsoft-Windows-Kernel-WHEA", "Computer": "DESKTOP-OFJ6N53", "TimeCreated": "2023-03-13 11:07:59.055243+00:00", "RecordID": "306", "Level": "4", "UserID": "S-1-5-18", "EventData.Type": "0", "EventData.Owner": "1145590608", "EventData.Id": "2147483658", "EventData.Flags": "2", "EventData.Length": "34", "EventData.RawData": "V2hMZwEAAAAiAAAAAAAAAFBTSEQKAACAAgAAAAIAAAAAAQ=="}
{"EventID": "5", "Channel": "Microsoft-Windows-Kernel-WHEA/Operational", "Provider_Name": "Microsoft-Windows-Kernel-WHEA", "Computer": "DESKTOP-OFJ6N53", "TimeCreated": "2023-03-13 11:07:59.072533+00:00", "RecordID": "307", "Level": "4", "UserID": "S-1-5-18", "EventData.ErrorSourceCount": "5", "EventData.ErrorRecordFormat": "10", "EventData.ErrorSourceTableLength": "5360", "EventData.ErrorSourceTable": "IPq+LQXQ//9ori1DBPj//wAAAAAAAAAAAAAAAAEAAAD4KQAAV2hlYRAAAAAAAAAAALDKLQXQ//8AAAAAAAAAAAMAAAB8DQAAAAAAAAAAAAAAAAAAAAAAAAAAAAAAAAAAzAMAAAsAAAAQAAAAAgAAACwNAAABAAAAAwAAAAAAAAAAAAAAAAAAAAAAAAA8YMGDUhWnSIfRFNlGfXdlUFMAANgOAAABAAAAEKDKLQXQ///QLJhGBPj///AsmEYE+P//MFOWQgT4//+NfCFXZl77RIAzm3TKzt9bAAAAAAAAAAAAAAAAAAAAAGQEAAABAAAAkMCvLQXQ//8AAAAAAAAAAAAAAAAAAAAAAAAAAAAAAAAAAAAAAAAAAAAAAAAAAAAAAAAAAAAAAAAAAAAAAAAAAAAAAAAAAAAAAAAAAAAAAAAAAAAAAAAAAAAAAAAAAAAAAAAAAAAAAAAAAAAAAAAAAAAAAAAAAAAAAAAAAAAAAAAAAAAAAAAAAAAAAAAAAAAAAAAAAAAAAAAAAAAAAAAAAAAAAAAAAAAAAAAAAAAAAAAAAAAAAAAAAAAAAAAAAAAAAAAAAAAAAAAAAAAAAAAAAAAAAAAAAAAAAAAAAAAAAAAAAAAAAAAAAAAAAAAAAAAAAAAAAAAAAAAAAAAAAAAAAAAAAAAAAAAAAAAAAAAAAAAAAAAAAAAAAAAAAAAAAAAAAAAAAAAAAAAAAAAAAAAAAAAAAAAAAAAAAAAAAAAAAAAAAAAAAAAAAAAAAAAAAAAAAAAAAAAAAAAAAAAAAAAAAAAAAAAAAAAAAAAAAAAAAAAAAAAAAAAAAAAAAAAAAAAAAAAAAAAAAAAAAAAAAAAAAAAAAAAAAAAAAAAAAAAAAAAAAAAAAAAAAAAAAAAAAAAAAAAAAAAAAAAAAAAAAAAAAAAAAAAAAAAAAAAAAAAAAAAAAAAAAAAAAAAAAAAAAAAAAAAAAAAAAAAAAAAAAAAAAAAAAAAAAAAAAAAAAAAAAAAAAAAAAAAAAAAAAAAAAAAAAAAAAAAAAAAAAAAAAAAAAAAAAAAAAAAAAAAAAAAAAAAAAAAAAAAAAAAAAAAAAAAAAAAAAAAAAAAAAAAAAAAAAAAAAAAAAAAAAAAAAAAAAAAAAAAAAAAAAAAAAAAAAAAAAAAAAAAAAAAAAAAAAAAAAAAAAAAAAAAAAAAAAAAAAAAAAAAAAAAAAAAAAAAAAAAAAAAAAAAAAAAAAAAAAAAAAAAAAAAAAAAAAAAAAAAAAAAAAAAAAAAAAAAAAAAAAAAAAAAAAAAAAAAAAAAAAAAAAAAAAAAAAAAAAAAAAAAAAAAAAAAAAAAAAAAAAAAAAAAAAAAAAAAAAAAAAAAAAAAAAAAAAAAAAAAAAAAAAAAAAAAAAAAAAAAAAAAAAAAAAAAAAAAAAAAAAAAAAAAAAAAAACBavy0F0P//wDhYKwXQ//8AAAAAAAAAAAAAAAAEAAAA6A0AAFdoZWEAAAAAAAAAAACAvy0F0P//AAAAAAAAAAAIAAAAYAEAAAAAAAAAAAAAAAAAAAAAAAAAAAAAAAAAAMwDAAAKAAAAAAAAAAIAAABBAQAABAAAAAgAAAABAAAAAAAAAAAAAIAAAAEGAAAAAAAAAAAAAAAA//////////8AAQAAAAQAAAEEAAACBAAAAwQAAP//////////AQEAAAQEAAAFBAAABgQAAAcEAAD//////////wIBAAAIBAAACQQAAAoEAAALBAAA//////////8DAQAADAQAAA0EAAAOBAAADwQAAP//////////BAEAABAEAAARBAAAEgQAABMEAAD//////////wUBAAAUBAAAFQQAABYEAAAXBAAA//////////8GAQAAGAQAABkEAAAaBAAAGwQAAP//////////BwEAABwEAAAdBAAAHgQAAB8EAAD//////////wgBAAAgBAAAIQQAACIEAAAjBAAA//////////8JAQAAJAQAACUEAAAmBAAAJwQAAP//////////CgEAACgEAAApBAAAKgQAACsEAAD//////////wsBAAAsBAAALQQAAC4EAAAvBAAA//////////8MAQAAMAQAADEEAAAyBAAAMwQAAP//////////DQEAADQEAAA1BAAANgQAADcEAAD//////////w4BAAA4BAAAOQQAADoEAAA7BAAA//////////8PAQAAPAQAAD0EAAA+BAAAPwQAAP//////////AAAAAAAAAAAAAAAAAAAAAAAAAAAAAAAAAAAAAAAAAAAAAAAAAAAAAAAAAAAAAAAAAAAAAAAAAAAAAAAAAAAAAAAAAAAAAAAAAAAAAAAAAAAAAAAAAAAAAAAAAAAAAAAAAAAAAAAAAAAAAAAAAAAAAAAAAAAAAAAAAAAAAAAAAAAAAAAAAAAAAAAAAAAAAAAAAAAAAAAAAAAAAAAAAAAAAAAAAAAAAAAAAAAAAAAAAAAAAAAAAAAAAAAAAAAAAAAAAAAAAAAAAAAAAAAAAAAAAAAAAAAAAAAAAAAAAAAAAAAAAAAAAAAAAAAAAAAAAAAAAAAAAAAAAAAAAAAAAAAAAAAAAAAAAAAAAAAAAAAAAAAAAAAAAAAAAAAAAAAAAAAAAAAAAAAAAAAAAAAAAAAAAAAAAAAAAAAAAAAAAAAAAAAAAAAAAAAAAAAAAAAAAAAAAAAAAAAAAAAAAAAAAAAAAAAAAAAAAAAAAAAAAAAAAAAAAAAAAAAAAAAAAAAAAAAAAAAAAAAAAAAAAAAAAAAAAAAAAAAAAAAAAAAAAAAAAAAAAAAAAAAAAAAAAAAAAAAAAAAAAAAAAAAAAAAAAAAAAAAAAAAAAAAAAAAAAAAAAAAgar8tBdD//yD6vi0F0P//AAAAAAAAAAAAAAAABAAAAOgNAABXaGVhAQAAAAAAAAAAQJkrBdD//wAAAAAAAAAACAAAAGABAAAAAAAAAAAAAAAAAAAAAAAAAAAAAAAAAADMAwAACgAAAAEAAAACAAAAQQEAAAQAAAAIAAAAAgAAAAAAAAAAAACAAQABBgAAAAAFHAAAYOoAAAAAAAAAAAAAAAAAAAAAAAAAAAAAAAEAAAAEAAABBAAAAgQAAAMEAAD//////////wEBAAAEBAAABQQAAAYEAAAHBAAA//////////8CAQAACAQAAAkEAAAKBAAACwQAAP//////////AwEAAAwEAAANBAAADgQAAA8EAAD//////////wQBAAAQBAAAEQQAABIEAAATBAAA//////////8FAQAAFAQAABUEAAAWBAAAFwQAAP//////////BgEAABgEAAAZBAAAGgQAABsEAAD//////////wcBAAAcBAAAHQQAAB4EAAAfBAAA//////////8IAQAAIAQAACEEAAAiBAAAIwQAAP//////////CQEAACQEAAAlBAAAJgQAACcEAAD//////////woBAAAoBAAAKQQAACoEAAArBAAA//////////8LAQAALAQAAC0EAAAuBAAALwQAAP//////////DAEAADAEAAAxBAAAMgQAADMEAAD//////////w0BAAA0BAAANQQAADYEAAA3BAAA//////////8OAQAAOAQAADkEAAA6BAAAOwQAAP//////////DwEAADwEAAA9BAAAPgQAAD8EAAD//////////wAAAAAAAAAAAAAAAAAAAAAAAAAAAAAAAAAAAAAAAAAAAAAAAAAAAAAAAAAAAAAAAAAAAAAAAAAAAAAAAAAAAAAAAAAAAAAAAAAAAAAAAAAAAAAAAAAAAAAAAAAAAAAAAAAAAAAAAAAAAAAAAAAAAAAAAAAAAAAAAAAAAAAAAAAAAAAAAAAAAAAAAAAAAAAAAAAAAAAAAAAAAAAAAAAAAAAAAAAAAAAAAAAAAAAAAAAAAAAAAAAAAAAAAAAAAAAAAAAAAAAAAAAAAAAAAAAAAAAAAAAAAAAAAAAAAAAAAAAAAAAAAAAAAAAAAAAAAAAAAAAAAAAAAAAAAAAAAAAAAAAAAAAAAAAAAAAAAAAAAAAAAAAAAAAAAAAAAAAAAAAAAAAAAAAAAAAAAAAAAAAAAAAAAAAAAAAAAAAAAAAAAAAAAAAAAAAAAAAAAAAAAAAAAAAAAAAAAAAAAAAAAAAAAAAAAAAAAAAAAAAAAAAAAAAAAAAAAAAAAAAAAAAAAAAAAAAAAAAAAAAAAAAAAAAAAAAAAAAAAAAAAAAAAAAAAAAAAAAAAAAAAAAAAAAAAAAAAAAAAAAAAAAAAAAAAAAAAAAAAAAAYGieKwXQ//8gWr8tBdD//wAAAAAAAAAAAAAAAAEAAADABgAAV2hlYQMAAAAAAAAAsIieKwXQ//8AAAAAAAAAAAEAAADAAQAAAAAAAAAAAAAAAAAAAAAAAAAAAAAAAAAAzAMAAAoAAAADAAAAAgAAAAABAAABAAAAAwAAAAMAAAAAAAAAAAAAgAIAAQAAAAAAAAAAAAAAAAAAAAAAAAAAAAAAAAAAAAAAAAAAAAAAAAAAAAAAAAAAAAAAAAAAAAAAAAAAAAAAAAAAAAAAAAAAAAAAAAAAAAAAAAAAAAAAAAAAAAAAAAAAAAAAAAAAAAAAAAAAAAAAAAAAAAAAAAAAAAAAAAAAAAAAAAAAAAAAAAAAAAAAAAAAAAAAAAAAAAAAAAAAAAAAAAAAAAAAAAAAAAAAAAAAAAAAAAAAAAAAAAAAAAAAAAAAAAAAAAAAAAAAAAAAAAAAAAAAAAAAAAAAAAAAAAAAAAAAAAAAAAAAAAAAAAAAAAAAAAAAAAAAAAAAAAAAAAAAAAAAAAAAAAAAAAAAAAAAAAAAAAAAAAAAAAAAAAAAAAAAAAAAAAAAAAAAAAAAAAAAAAAAAAAAAAAAAAAAAAAAAAAAAAAAAAAAAAAAAAAAAAAAAAAAAAAAAAAAAAAAAAAAAAAAAAAAAAAAAAAAAAAAAAAAAAAAAAAAAAAAAAAAAAAAAAAAAAAAAAAAAAAAAAAAAAAAAAAAAAAAAAAAAAAAAAAAAAAAAAAAAAAAAAAAAAAAAAAAAAAAAAAAAAAAAAAAAAAAAAAAAAAAAAAAAAAAAAAAAAAAAAAAAAAAAAAAAAAAAAAAAAAAAAAAAAAAAAAAAAAAAAAAAAAAAAAAAAAAAAAAAAAAAAAAAAAAAAAAAAAAAAAAAAAAAAAAAAAAAAAAAAAAAAAAAAAAAAAAAAAAAAAAAAAAAAAAAAAAAAAAAAAAAAAAAAAAAAAAAAAAAAAAAAAAAAAAAAAAAAAAAAAAAAAAAAAAAAAAAAAAAAAAAAAAAAAAAAAAAAAAAAAAAAAAAAAAAAAAAAAAAAAAAAAAAAAAAAAAAAAAAAAAAAAAAAAAAAAAAAAAAAAAAAAAAAAAAAAAAAAAAAAAAAAAAAAAAAAAAAAAAAAAAAAAAAAAAAAAAAAAAAAAAAAAAAAAAAAAAAAAAAAAAAAAAAAAAAAAAAAAAAAAAAAAAAAAAAAAAAAAAAAAAAAAAAAAAAAAAAAAAAAAAAAAAAAAAAAAAAAAAAAAAAAAAAAAAAAAAAAAAAAAAAAAAAAAAAAAAAAAAAAAAAAAAAAAAAAAAAAAAAAAAAAAAAAAAAAAAAAAAAAAAAAAAAAAAAAAAAAAAAAAAAAAAAAAAAAAAAAAAAAAAAAAAAAAAAAAAAAAAAAAAAAAAAAAAAAAAAAAAAAAAAAAAAAAAAAAAAAAAAAAAGiuLUME+P//IGq/LQXQ//8AAAAAAAAAAAAAAAAAAAAAAAAAAAAAAAAHAAAAAAAAAAAAAAAAAAAAAAAAAAAAAAAAAAAAAAAAAAAAAAAAAAAAAAAAAAAAAAABAAAAAAAAAMwDAAAKAAAABwAAAAIAAAAAEAAAAQAAAAgAAAAEAAAAAAAAAAAAAIAAAAAAAAAAAAAAAAAAAAAAAAAAAAAAAAAAAAAAAAAAAAAAAAAAAAAAAAAAAAAAAAAAAAAAAAAAAAAAAAAAAAAAAAAAAAAAAAAAAAAAAAAAAAAAAAAAAAAAAAAAAAAAAAAAAAAAAAAAAAAAAAAAAAAAAAAAAAAAAAAAAAAAAAAAAAAAAAAAAAAAAAAAAAAAAAAAAAAAAAAAAAAAAAAAAAAAAAAAAAAAAAAAAAAAAAAAAAAAAAAAAAAAAAAAAAAAAAAAAAAAAAAAAAAAAAAAAAAAAAAAAAAAAAAAAAAAAAAAAAAAAAAAAAAAAAAAAAAAAAAAAAAAAAAAAAAAAAAAAAAAAAAAAAAAAAAAAAAAAAAAAAAAAAAAAAAAAAAAAAAAAAAAAAAAAAAAAAAAAAAAAAAAAAAAAAAAAAAAAAAAAAAAAAAAAAAAAAAAAAAAAAAAAAAAAAAAAAAAAAAAAAAAAAAAAAAAAAAAAAAAAAAAAAAAAAAAAAAAAAAAAAAAAAAAAAAAAAAAAAAAAAAAAAAAAAAAAAAAAAAAAAAAAAAAAAAAAAAAAAAAAAAAAAAAAAAAAAAAAAAAAAAAAAAAAAAAAAAAAAAAAAAAAAAAAAAAAAAAAAAAAAAAAAAAAAAAAAAAAAAAAAAAAAAAAAAAAAAAAAAAAAAAAAAAAAAAAAAAAAAAAAAAAAAAAAAAAAAAAAAAAAAAAAAAAAAAAAAAAAAAAAAAAAAAAAAAAAAAAAAAAAAAAAAAAAAAAAAAAAAAAAAAAAAAAAAAAAAAAAAAAAAAAAAAAAAAAAAAAAAAAAAAAAAAAAAAAAAAAAAAAAAAAAAAAAAAAAAAAAAAAAAAAAAAAAAAAAAAAAAAAAAAAAAAAAAAAAAAAAAAAAAAAAAAAAAAAAAAAAAAAAAAAAAAAAAAAAAAAAAAAAAAAAAAAAAAAAAAAAAAAAAAAAAAAAAAAAAAAAAAAAAAAAAAAAAAAAAAAAAAAAAAAAAAAAAAAAAAAAAAAAAAAAAAAAAAAAAAAAAAAAAAAAAAAAAAAAAAAAAAAAAAAAAAAAAAAAAAAAAAAAAAAAAAAAAAAAAAAAAAAAAAAAAAAAAAAAAAAAAAAAAAAAAAAAAAAAAAAAAAAAAAAAAAAAAAAAAAAAAAAAAAAAAAAAAAAAAAAAAAAAAAAAAAAAAAAAAAAAAAAAAAAAAAAAAAAAAAAAAAAAAAAAAAAAAAAAAAAAAAAAAAAAAAAAAAAAAAAAAAAAAAAAA="}
