{"EventID": "4", "Channel": "Microsoft-Windows-Bits-Client/Operational", "Provider_Name": "Microsoft-Windows-Bits-Client", "Computer": "DESKTOP-OFJ6N53", "TimeCreated": "2025-08-23 17:30:47.944477+00:00", "RecordID": "85322", "Level": "4", "UserID": "S-1-5-18", "EventData.User": "DESKTOP-OFJ6N53\\sk.batsiev", "EventData.jobTitle": "PreSignInSettingsConfigJSON", "EventData.jobId": "{f5751f44-fff9-47ec-9b31-f28fed04871d}", "EventData.jobOwner": "DESKTOP-OFJ6N53\\sk.batsiev", "EventData.fileCount": "1", "EventData.bytesTransferred": "97641", "EventData.bytesTransferredFromPeer": "0"}
{"EventID": "3", "Channel": "Microsoft-Windows-Bits-Client/Operational", "Provider_Name": "Microsoft-Windows-Bits-Client", "Computer": "DESKTOP-OFJ6N53", "TimeCreated": "2025-08-23 17:30:48.524158+00:00", "RecordID": "85323", "Level": "4", "UserID": "S-1-5-18", "EventData.jobTitle": "UpdateDescriptionXml", "EventData.jobId": "{f3a5e9f2-5031-4ce3-8f14-40e7d8a44c5c}", "EventData.jobOwner": "DESKTOP-OFJ6N53\\sk.batsiev", "EventData.processPath": "C:\\Users\\sk.batsiev\\AppData\\Local\\Microsoft\\OneDrive\\OneDriveStandaloneUpdater.exe", "EventData.processId": "10888", "EventData.ClientProcessStartKey": "50102545854499443"}
{"EventID": "16403", "Channel": "Microsoft-Windows-Bits-Client/Operational", "Provider_Name": "Microsoft-Windows-Bits-Client", "Computer": "DESKTOP-OFJ6N53", "TimeCreated": "2025-08-23 17:30:48.529295+00:00", "RecordID": "85324", "Level": "4", "UserID": "S-1-5-21-963789628-1060504924-4285088085-1001", "EventData.User": "DESKTOP-OFJ6N53\\sk.batsiev", "EventData.jobTitle": "UpdateDescriptionXml", "EventData.jobId": "{f3a5e9f2-5031-4ce3-8f14-40e7d8a44c5c}", "EventData.jobOwner": "DESKTOP-OFJ6N53\\sk.batsiev", "EventData.fileCount": "1", "EventData.RemoteName": "https://g.live.com/1rewlive5skydrive/ODSUProductionV2", "EventData.LocalName": "C:\\Users\\SKA580~1.BAT\\AppData\\Local\\Temp\\wct3753.tmp", "EventData.processId": "10888", "EventData.ClientProcessStartKey": "50102545854499443"}
{"EventID": "59", "Channel": "Microsoft-Windows-Bits-Client/Operational", "Provider_Name": "Microsoft-Windows-Bits-Client", "Computer": "DESKTOP-OFJ6N53", "TimeCreated": "2025-08-23 17:30:48.806210+00:00", "RecordID": "85325", "Level": "4", "UserID": "S-1-5-18", "EventData.transferId": "{3d244734-8cb1-46be-b0cd-80d43c6ef35e}", "EventData.name": "UpdateDescriptionXml", "EventData.Id": "{f3a5e9f2-5031-4ce3-8f14-40e7d8a44c5c}", "EventData.url": "https://g.live.com/1rewlive5skydrive/ODSUProductionV2", "EventData.peer": null, "EventData.fileTime": "2025-08-18 20:12:58+00:00", "EventData.fileLength": "899", "EventData.bytesTotal": "899", "EventData.bytesTransferred": "0", "EventData.bytesTransferredFromPeer": "0"}
{"EventID": "60", "Channel": "Microsoft-Windows-Bits-Client/Operational", "Provider_Name": "Microsoft-Windows-Bits-Client", "Computer": "DESKTOP-OFJ6N53", "TimeCreated": "2025-08-23 17:30:49.049122+00:00", "RecordID": "85326", "Level": "4", "UserID": "S-1-5-18", "EventData.transferId": "{3d244734-8cb1-46be-b0cd-80d43c6ef35e}", "EventData.name": "UpdateDescriptionXml", "EventData.Id": "{f3a5e9f2-5031-4ce3-8f14-40e7d8a44c5c}", "EventData.url": "https://g.live.com/1rewlive5skydrive/ODSUProductionV2", "EventData.peer": null, "EventData.hr": "0", "EventData.fileTime": "2025-08-18 20:12:58+00:00", "EventData.fileLength": "899", "EventData.bytesTotal": "899", "EventData.bytesTransferred": "899", "EventData.proxy": null, "EventData.peerProtocolFlags": "0", "EventData.bytesTransferredFromPeer": "0", "EventData.AdditionalInfoHr": "0", "EventData.PeerContextInfo": "0", "EventData.bandwidthLimit": "18446744073709551615", "EventData.ignoreBandwidthLimitsOnLan": "False"}
{"EventID": "4", "Channel": "Microsoft-Windows-Bits-Client/Operational", "Provider_Name": "Microsoft-Windows-Bits-Client", "Computer": "DESKTOP-OFJ6N53", "TimeCreated": "2025-08-23 17:30:49.051701+00:00", "RecordID": "85327", "Level": "4", "UserID": "S-1-5-18", "EventData.User": "DESKTOP-OFJ6N53\\sk.batsiev", "EventData.jobTitle": "UpdateDescriptionXml", "EventData.jobId": "{f3a5e9f2-5031-4ce3-8f14-40e7d8a44c5c}", "EventData.jobOwner": "DESKTOP-OFJ6N53\\sk.batsiev", "EventData.fileCount": "1", "EventData.bytesTransferred": "899", "EventData.bytesTransferredFromPeer": "0"}
{"EventID": "3", "Channel": "Microsoft-Windows-Bits-Client/Operational", "Provider_Name": "Microsoft-Windows-Bits-Client", "Computer": "DESKTOP-OFJ6N53", "TimeCreated": "2025-08-23 17:30:55.953606+00:00", "RecordID": "85328", "Level": "4", "UserID": "S-1-5-18", "EventData.jobTitle": "NucleusUpdateRingConfigJSON", "EventData.jobId": "{ea6394c3-a872-4523-9911-46adcb94c614}", "EventData.jobOwner": "DESKTOP-OFJ6N53\\sk.batsiev", "EventData.processPath": "C:\\Users\\sk.batsiev\\AppData\\Local\\Microsoft\\OneDrive\\25.140.0720.0001\\Microsoft.SharePoint.exe", "EventData.processId": "11796", "EventData.ClientProcessStartKey": "50102545854499444"}
{"EventID": "16403", "Channel": "Microsoft-Windows-Bits-Client/Operational", "Provider_Name": "Microsoft-Windows-Bits-Client", "Computer": "DESKTOP-OFJ6N53", "TimeCreated": "2025-08-23 17:30:55.960739+00:00", "RecordID": "85329", "Level": "4", "UserID": "S-1-5-21-963789628-1060504924-4285088085-1001", "EventData.User": "DESKTOP-OFJ6N53\\sk.batsiev", "EventData.jobTitle": "NucleusUpdateRingConfigJSON", "EventData.jobId": "{ea6394c3-a872-4523-9911-46adcb94c614}", "EventData.jobOwner": "DESKTOP-OFJ6N53\\sk.batsiev", "EventData.fileCount": "1", "EventData.RemoteName": "https://g.live.com/odclientsettings/ProdV2?OneDriveUpdate=8a03d99a2715a72d58851230b94c", "EventData.LocalName": "C:\\Users\\SKA580~1.BAT\\AppData\\Local\\Temp\\wct545E.tmp", "EventData.processId": "11796", "EventData.ClientProcessStartKey": "50102545854499444"}
{"EventID": "59", "Channel": "Microsoft-Windows-Bits-Client/Operational", "Provider_Name": "Microsoft-Windows-Bits-Client", "Computer": "DESKTOP-OFJ6N53", "TimeCreated": "2025-08-23 17:30:56.133337+00:00", "RecordID": "85330", "Level": "4", "UserID": "S-1-5-18", "EventData.transferId": "{d2e76e48-931b-441d-9d93-3c59b125ad68}", "EventData.name": "NucleusUpdateRingConfigJSON", "EventData.Id": "{ea6394c3-a872-4523-9911-46adcb94c614}", "EventData.url": "https://g.live.com/odclientsettings/ProdV2?OneDriveUpdate=8a03d99a2715a72d58851230b94c", "EventData.peer": null, "EventData.fileTime": "2025-08-22 23:46:45+00:00", "EventData.fileLength": "97641", "EventData.bytesTotal": "97641", "EventData.bytesTransferred": "0", "EventData.bytesTransferredFromPeer": "0"}
{"EventID": "60", "Channel": "Microsoft-Windows-Bits-Client/Operational", "Provider_Name": "Microsoft-Windows-Bits-Client", "Computer": "DESKTOP-OFJ6N53", "TimeCreated": "2025-08-23 17:30:56.331322+00:00", "RecordID": "85331", "Level": "4", "UserID": "S-1-5-18", "EventData.transferId": "{d2e76e48-931b-441d-9d93-3c59b125ad68}", "EventData.name": "NucleusUpdateRingConfigJSON", "EventData.Id": "{ea6394c3-a872-4523-9911-46adcb94c614}", "EventData.url": "https://g.live.com/odclientsettings/ProdV2?OneDriveUpdate=8a03d99a2715a72d58851230b94c", "EventData.peer": null, "EventData.hr": "0", "EventData.fileTime": "2025-08-22 23:46:45+00:00", "EventData.fileLength": "97641", "EventData.bytesTotal": "97641", "EventData.bytesTransferred": "97641", "EventData.proxy": null, "EventData.peerProtocolFlags": "0", "EventData.bytesTransferredFromPeer": "0", "EventData.AdditionalInfoHr": "0", "EventData.PeerContextInfo": "0", "EventData.bandwidthLimit": "18446744073709551615", "EventData.ignoreBandwidthLimitsOnLan": "False"}
{"EventID": "4", "Channel": "Microsoft-Windows-Bits-Client/Operational", "Provider_Name": "Microsoft-Windows-Bits-Client", "Computer": "DESKTOP-OFJ6N53", "TimeCreated": "2025-08-23 17:30:56.334280+00:00", "RecordID": "85332", "Level": "4", "UserID": "S-1-5-18", "EventData.User": "DESKTOP-OFJ6N53\\sk.batsiev", "EventData.jobTitle": "NucleusUpdateRingConfigJSON", "EventData.jobId": "{ea6394c3-a872-4523-9911-46adcb94c614}", "EventData.jobOwner": "DESKTOP-OFJ6N53\\sk.batsiev", "EventData.fileCount": "1", "EventData.bytesTransferred": "97641", "EventData.bytesTransferredFromPeer": "0"}
{"EventID": "61", "Channel": "Microsoft-Windows-Bits-Client/Operational", "Provider_Name": "Microsoft-Windows-Bits-Client", "Computer": "DESKTOP-OFJ6N53", "TimeCreated": "2025-08-23 17:31:18.904909+00:00", "RecordID": "85333", "Level": "3", "UserID": "S-1-5-18", "EventData.transferId": "{1fc95232-93ee-4e2e-b385-8c51604e8574}", "EventData.name": "Chrome Component Updater", "EventData.Id": "{5be3ad89-f7c2-4ac5-9df7-6740697fb9d9}", "EventData.url": "https://edgedl.me.gvt1.com/edgedl/diffgen-puffin/kiabhabjdbkjdpjbpigfodbdjmbglcoo/27885f8a878ab1a6f2fe920eb16a0d3f391e334033a204c58b803f13d8da738c", "EventData.peer": null, "EventData.hr": "2147954402", "EventData.fileTime": "0001-01-01 00:00:00", "EventData.fileLength": "18446744073709551615", "EventData.bytesTotal": "18446744073709551615", "EventData.bytesTransferred": "0", "EventData.proxy": null, "EventData.peerProtocolFlags": "0", "EventData.bytesTransferredFromPeer": "0", "EventData.AdditionalInfoHr": "0", "EventData.PeerContextInfo": "0", "EventData.bandwidthLimit": "18446744073709551615", "EventData.ignoreBandwidthLimitsOnLan": "False"}
{"EventID": "61", "Channel": "Microsoft-Windows-Bits-Client/Operational", "Provider_Name": "Microsoft-Windows-Bits-Client", "Computer": "DESKTOP-OFJ6N53", "TimeCreated": "2025-08-23 17:32:40.196779+00:00", "RecordID": "85334", "Level": "3", "UserID": "S-1-5-18", "EventData.transferId": "{f7f5e613-33c8-49fb-abbe-8dfdc6102c95}", "EventData.name": "Chrome Component Updater", "EventData.Id": "{5be3ad89-f7c2-4ac5-9df7-6740697fb9d9}", "EventData.url": "https://edgedl.me.gvt1.com/edgedl/diffgen-puffin/kiabhabjdbkjdpjbpigfodbdjmbglcoo/27885f8a878ab1a6f2fe920eb16a0d3f391e334033a204c58b803f13d8da738c", "EventData.peer": null, "EventData.hr": "2147954402", "EventData.fileTime": "0001-01-01 00:00:00", "EventData.fileLength": "18446744073709551615", "EventData.bytesTotal": "18446744073709551615", "EventData.bytesTransferred": "0", "EventData.proxy": null, "EventData.peerProtocolFlags": "0", "EventData.bytesTransferredFromPeer": "0", "EventData.AdditionalInfoHr": "0", "EventData.PeerContextInfo": "0", "EventData.bandwidthLimit": "18446744073709551615", "EventData.ignoreBandwidthLimitsOnLan": "False"}
{"EventID": "61", "Channel": "Microsoft-Windows-Bits-Client/Operational", "Provider_Name": "Microsoft-Windows-Bits-Client", "Computer": "DESKTOP-OFJ6N53", "TimeCreated": "2025-08-23 17:34:01.481943+00:00", "RecordID": "85335", "Level": "3", "UserID": "S-1-5-18", "EventData.transferId": "{1ac9d0fc-8e9c-4191-acc3-52821d495c3c}", "EventData.name": "Chrome Component Updater", "EventData.Id": "{5be3ad89-f7c2-4ac5-9df7-6740697fb9d9}", "EventData.url": "https://edgedl.me.gvt1.com/edgedl/diffgen-puffin/kiabhabjdbkjdpjbpigfodbdjmbglcoo/27885f8a878ab1a6f2fe920eb16a0d3f391e334033a204c58b803f13d8da738c", "EventData.peer": null, "EventData.hr": "2147954402", "EventData.fileTime": "0001-01-01 00:00:00", "EventData.fileLength": "18446744073709551615", "EventData.bytesTotal": "18446744073709551615", "EventData.bytesTransferred": "0", "EventData.proxy": null, "EventData.peerProtocolFlags": "0", "EventData.bytesTransferredFromPeer": "0", "EventData.AdditionalInfoHr": "0", "EventData.PeerContextInfo": "0", "EventData.bandwidthLimit": "18446744073709551615", "EventData.ignoreBandwidthLimitsOnLan": "False"}
{"EventID": "61", "Channel": "Microsoft-Windows-Bits-Client/Operational", "Provider_Name": "Microsoft-Windows-Bits-Client", "Computer": "DESKTOP-OFJ6N53", "TimeCreated": "2025-08-23 17:35:22.634760+00:00", "RecordID": "85336", "Level": "3", "UserID": "S-1-5-18", "EventData.transferId": "{e4851ab8-4945-4d87-b457-5f4ebf548753}", "EventData.name": "Chrome Component Updater", "EventData.Id": "{5be3ad89-f7c2-4ac5-9df7-6740697fb9d9}", "EventData.url": "https://edgedl.me.gvt1.com/edgedl/diffgen-puffin/kiabhabjdbkjdpjbpigfodbdjmbglcoo/27885f8a878ab1a6f2fe920eb16a0d3f391e334033a204c58b803f13d8da738c", "EventData.peer": null, "EventData.hr": "2147954402", "EventData.fileTime": "0001-01-01 00:00:00", "EventData.fileLength": "18446744073709551615", "EventData.bytesTotal": "18446744073709551615", "EventData.bytesTransferred": "0", "EventData.proxy": null, "EventData.peerProtocolFlags": "0", "EventData.bytesTransferredFromPeer": "0", "EventData.AdditionalInfoHr": "0", "EventData.PeerContextInfo": "0", "EventData.bandwidthLimit": "18446744073709551615", "EventData.ignoreBandwidthLimitsOnLan": "False"}
{"EventID": "61", "Channel": "Microsoft-Windows-Bits-Client/Operational", "Provider_Name": "Microsoft-Windows-Bits-Client", "Computer": "DESKTOP-OFJ6N53", "TimeCreated": "2025-08-23 17:36:43.901575+00:00", "RecordID": "85337", "Level": "3", "UserID": "S-1-5-18", "EventData.transferId": "{1bb47c0b-822e-48e2-a2eb-d531da510e0b}", "EventData.name": "Chrome Component Updater", "EventData.Id": "{5be3ad89-f7c2-4ac5-9df7-6740697fb9d9}", "EventData.url": "https://edgedl.me.gvt1.com/edgedl/diffgen-puffin/kiabhabjdbkjdpjbpigfodbdjmbglcoo/27885f8a878ab1a6f2fe920eb16a0d3f391e334033a204c58b803f13d8da738c", "EventData.peer": null, "EventData.hr": "2147954402", "EventData.fileTime": "0001-01-01 00:00:00", "EventData.fileLength": "18446744073709551615", "EventData.bytesTotal": "18446744073709551615", "EventData.bytesTransferred": "0", "EventData.proxy": null, "EventData.peerProtocolFlags": "0", "EventData.bytesTransferredFromPeer": "0", "EventData.AdditionalInfoHr": "0", "EventData.PeerContextInfo": "0", "EventData.bandwidthLimit": "18446744073709551615", "EventData.ignoreBandwidthLimitsOnLan": "False"}
{"EventID": "61", "Channel": "Microsoft-Windows-Bits-Client/Operational", "Provider_Name": "Microsoft-Windows-Bits-Client", "Computer": "DESKTOP-OFJ6N53", "TimeCreated": "2025-08-23 17:38:04.962519+00:00", "RecordID": "85338", "Level": "3", "UserID": "S-1-5-18", "EventData.transferId": "{3aa1d163-31b0-48e5-824b-fe39e5864e03}", "EventData.name": "Chrome Component Updater", "EventData.Id": "{5be3ad89-f7c2-4ac5-9df7-6740697fb9d9}", "EventData.url": "https://edgedl.me.gvt1.com/edgedl/diffgen-puffin/kiabhabjdbkjdpjbpigfodbdjmbglcoo/27885f8a878ab1a6f2fe920eb16a0d3f391e334033a204c58b803f13d8da738c", "EventData.peer": null, "EventData.hr": "2147954402", "EventData.fileTime": "0001-01-01 00:00:00", "EventData.fileLength": "18446744073709551615", "EventData.bytesTotal": "18446744073709551615", "EventData.bytesTransferred": "0", "EventData.proxy": null, "EventData.peerProtocolFlags": "0", "EventData.bytesTransferredFromPeer": "0", "EventData.AdditionalInfoHr": "0", "EventData.PeerContextInfo": "0", "EventData.bandwidthLimit": "18446744073709551615", "EventData.ignoreBandwidthLimitsOnLan": "False"}
{"EventID": "61", "Channel": "Microsoft-Windows-Bits-Client/Operational", "Provider_Name": "Microsoft-Windows-Bits-Client", "Computer": "DESKTOP-OFJ6N53", "TimeCreated": "2025-08-23 17:39:26.404127+00:00", "RecordID": "85339", "Level": "3", "UserID": "S-1-5-18", "EventData.transferId": "{9ab32aac-f0c1-4a76-80c1-90824f650e98}", "EventData.name": "Chrome Component Updater", "EventData.Id": "{5be3ad89-f7c2-4ac5-9df7-6740697fb9d9}", "EventData.url": "https://edgedl.me.gvt1.com/edgedl/diffgen-puffin/kiabhabjdbkjdpjbpigfodbdjmbglcoo/27885f8a878ab1a6f2fe920eb16a0d3f391e334033a204c58b803f13d8da738c", "EventData.peer": null, "EventData.hr": "2147954402", "EventData.fileTime": "0001-01-01 00:00:00", "EventData.fileLength": "18446744073709551615", "EventData.bytesTotal": "18446744073709551615", "EventData.bytesTransferred": "0", "EventData.proxy": null, "EventData.peerProtocolFlags": "0", "EventData.bytesTransferredFromPeer": "0", "EventData.AdditionalInfoHr": "0", "EventData.PeerContextInfo": "0", "EventData.bandwidthLimit": "18446744073709551615", "EventData.ignoreBandwidthLimitsOnLan": "False"}
{"EventID": "5", "Channel": "Microsoft-Windows-Bits-Client/Operational", "Provider_Name": "Microsoft-Windows-Bits-Client", "Computer": "DESKTOP-OFJ6N53", "TimeCreated": "2025-08-23 17:40:30.323021+00:00", "RecordID": "85340", "Level": "4", "UserID": "S-1-5-21-963789628-1060504924-4285088085-1001", "EventData.User": "DESKTOP-OFJ6N53\\sk.batsiev", "EventData.jobTitle": "Chrome Component Updater", "EventData.jobId": "{5be3ad89-f7c2-4ac5-9df7-6740697fb9d9}", "EventData.jobOwner": "DESKTOP-OFJ6N53\\sk.batsiev", "EventData.fileCount": "1"}
{"EventID": "3", "Channel": "Microsoft-Windows-Bits-Client/Operational", "Provider_Name": "Microsoft-Windows-Bits-Client", "Computer": "DESKTOP-OFJ6N53", "TimeCreated": "2025-08-23 17:40:30.329472+00:00", "RecordID": "85341", "Level": "4", "UserID": "S-1-5-18", "EventData.jobTitle": "Chrome Component Updater", "EventData.jobId": "{86686ab8-a2ee-428e-9d21-c1ce31cf82ec}", "EventData.jobOwner": "DESKTOP-OFJ6N53\\sk.batsiev", "EventData.processPath": "C:\\Program Files\\Google\\Chrome\\Application\\chrome.exe", "EventData.processId": "8232", "EventData.ClientProcessStartKey": "50102545854498854"}
{"EventID": "16403", "Channel": "Microsoft-Windows-Bits-Client/Operational", "Provider_Name": "Microsoft-Windows-Bits-Client", "Computer": "DESKTOP-OFJ6N53", "TimeCreated": "2025-08-23 17:40:30.336489+00:00", "RecordID": "85342", "Level": "4", "UserID": "S-1-5-21-963789628-1060504924-4285088085-1001", "EventData.User": "DESKTOP-OFJ6N53\\sk.batsiev", "EventData.jobTitle": "Chrome Component Updater", "EventData.jobId": "{86686ab8-a2ee-428e-9d21-c1ce31cf82ec}", "EventData.jobOwner": "DESKTOP-OFJ6N53\\sk.batsiev", "EventData.fileCount": "1", "EventData.RemoteName": "http://dl.google.com/diffgen-puffin/kiabhabjdbkjdpjbpigfodbdjmbglcoo/27885f8a878ab1a6f2fe920eb16a0d3f391e334033a204c58b803f13d8da738c", "EventData.LocalName": "C:\\Users\\SKA580~1.BAT\\AppData\\Local\\Temp\\chrome_BITS_8232_79923855\\27885f8a878ab1a6f2fe920eb16a0d3f391e334033a204c58b803f13d8da738c", "EventData.processId": "8232", "EventData.ClientProcessStartKey": "50102545854498854"}
{"EventID": "59", "Channel": "Microsoft-Windows-Bits-Client/Operational", "Provider_Name": "Microsoft-Windows-Bits-Client", "Computer": "DESKTOP-OFJ6N53", "TimeCreated": "2025-08-23 17:40:30.414555+00:00", "RecordID": "85343", "Level": "4", "UserID": "S-1-5-18", "EventData.transferId": "{c923497d-b5b8-488b-99a2-eb53afe75e63}", "EventData.name": "Chrome Component Updater", "EventData.Id": "{86686ab8-a2ee-428e-9d21-c1ce31cf82ec}", "EventData.url": "http://dl.google.com/diffgen-puffin/kiabhabjdbkjdpjbpigfodbdjmbglcoo/27885f8a878ab1a6f2fe920eb16a0d3f391e334033a204c58b803f13d8da738c", "EventData.peer": null, "EventData.fileTime": "2025-08-22 14:48:56+00:00", "EventData.fileLength": "3462", "EventData.bytesTotal": "3462", "EventData.bytesTransferred": "0", "EventData.bytesTransferredFromPeer": "0"}
{"EventID": "60", "Channel": "Microsoft-Windows-Bits-Client/Operational", "Provider_Name": "Microsoft-Windows-Bits-Client", "Computer": "DESKTOP-OFJ6N53", "TimeCreated": "2025-08-23 17:40:30.495573+00:00", "RecordID": "85344", "Level": "4", "UserID": "S-1-5-18", "EventData.transferId": "{c923497d-b5b8-488b-99a2-eb53afe75e63}", "EventData.name": "Chrome Component Updater", "EventData.Id": "{86686ab8-a2ee-428e-9d21-c1ce31cf82ec}", "EventData.url": "http://dl.google.com/diffgen-puffin/kiabhabjdbkjdpjbpigfodbdjmbglcoo/27885f8a878ab1a6f2fe920eb16a0d3f391e334033a204c58b803f13d8da738c", "EventData.peer": null, "EventData.hr": "0", "EventData.fileTime": "2025-08-22 14:48:56+00:00", "EventData.fileLength": "3462", "EventData.bytesTotal": "3462", "EventData.bytesTransferred": "3462", "EventData.proxy": null, "EventData.peerProtocolFlags": "0", "EventData.bytesTransferredFromPeer": "0", "EventData.AdditionalInfoHr": "0", "EventData.PeerContextInfo": "0", "EventData.bandwidthLimit": "18446744073709551615", "EventData.ignoreBandwidthLimitsOnLan": "False"}
{"EventID": "4", "Channel": "Microsoft-Windows-Bits-Client/Operational", "Provider_Name": "Microsoft-Windows-Bits-Client", "Computer": "DESKTOP-OFJ6N53", "TimeCreated": "2025-08-23 17:40:34.354214+00:00", "RecordID": "85345", "Level": "4", "UserID": "S-1-5-18", "EventData.User": "DESKTOP-OFJ6N53\\sk.batsiev", "EventData.jobTitle": "Chrome Component Updater", "EventData.jobId": "{86686ab8-a2ee-428e-9d21-c1ce31cf82ec}", "EventData.jobOwner": "DESKTOP-OFJ6N53\\sk.batsiev", "EventData.fileCount": "1", "EventData.bytesTransferred": "3462", "EventData.bytesTransferredFromPeer": "0"}
{"EventID": "3", "Channel": "Microsoft-Windows-Bits-Client/Operational", "Provider_Name": "Microsoft-Windows-Bits-Client", "Computer": "DESKTOP-OFJ6N53", "TimeCreated": "2025-08-23 17:40:34.544851+00:00", "RecordID": "85346", "Level": "4", "UserID": "S-1-5-18", "EventData.jobTitle": "Chrome Component Updater", "EventData.jobId": "{053f9555-28e5-4cf7-a896-85a489cb877d}", "EventData.jobOwner": "DESKTOP-OFJ6N53\\sk.batsiev", "EventData.processPath": "C:\\Program Files\\Google\\Chrome\\Application\\chrome.exe", "EventData.processId": "8232", "EventData.ClientProcessStartKey": "50102545854498854"}
{"EventID": "16403", "Channel": "Microsoft-Windows-Bits-Client/Operational", "Provider_Name": "Microsoft-Windows-Bits-Client", "Computer": "DESKTOP-OFJ6N53", "TimeCreated": "2025-08-23 17:40:34.552006+00:00", "RecordID": "85347", "Level": "4", "UserID": "S-1-5-21-963789628-1060504924-4285088085-1001", "EventData.User": "DESKTOP-OFJ6N53\\sk.batsiev", "EventData.jobTitle": "Chrome Component Updater", "EventData.jobId": "{053f9555-28e5-4cf7-a896-85a489cb877d}", "EventData.jobOwner": "DESKTOP-OFJ6N53\\sk.batsiev", "EventData.fileCount": "1", "EventData.RemoteName": "http://edgedl.me.gvt1.com/edgedl/diffgen-puffin/hfnkpimlhhgieaddgfemjhofmfblmnib/8053c1223bbc37f525b5dc04fb59132f92b6c5a3dfc1ca3c6384be4087437edd", "EventData.LocalName": "C:\\Users\\SKA580~1.BAT\\AppData\\Local\\Temp\\chrome_BITS_8232_883453787\\8053c1223bbc37f525b5dc04fb59132f92b6c5a3dfc1ca3c6384be4087437edd", "EventData.processId": "8232", "EventData.ClientProcessStartKey": "50102545854498854"}
{"EventID": "61", "Channel": "Microsoft-Windows-Bits-Client/Operational", "Provider_Name": "Microsoft-Windows-Bits-Client", "Computer": "DESKTOP-OFJ6N53", "TimeCreated": "2025-08-23 17:41:16.712746+00:00", "RecordID": "85348", "Level": "3", "UserID": "S-1-5-18", "EventData.transferId": "{4c749e72-f9fc-4544-baff-d4eaed4647a2}", "EventData.name": "Chrome Component Updater", "EventData.Id": "{053f9555-28e5-4cf7-a896-85a489cb877d}", "EventData.url": "http://edgedl.me.gvt1.com/edgedl/diffgen-puffin/hfnkpimlhhgieaddgfemjhofmfblmnib/8053c1223bbc37f525b5dc04fb59132f92b6c5a3dfc1ca3c6384be4087437edd", "EventData.peer": null, "EventData.hr": "2147954402", "EventData.fileTime": "0001-01-01 00:00:00", "EventData.fileLength": "18446744073709551615", "EventData.bytesTotal": "18446744073709551615", "EventData.bytesTransferred": "0", "EventData.proxy": null, "EventData.peerProtocolFlags": "0", "EventData.bytesTransferredFromPeer": "0", "EventData.AdditionalInfoHr": "0", "EventData.PeerContextInfo": "0", "EventData.bandwidthLimit": "18446744073709551615", "EventData.ignoreBandwidthLimitsOnLan": "False"}
{"EventID": "61", "Channel": "Microsoft-Windows-Bits-Client/Operational", "Provider_Name": "Microsoft-Windows-Bits-Client", "Computer": "DESKTOP-OFJ6N53", "TimeCreated": "2025-08-23 17:42:37.931503+00:00", "RecordID": "85349", "Level": "3", "UserID": "S-1-5-18", "EventData.transferId": "{07405ce0-1696-42af-95dd-9b18cfe2b24e}", "EventData.name": "Chrome Component Updater", "EventData.Id": "{053f9555-28e5-4cf7-a896-85a489cb877d}", "EventData.url": "http://edgedl.me.gvt1.com/edgedl/diffgen-puffin/hfnkpimlhhgieaddgfemjhofmfblmnib/8053c1223bbc37f525b5dc04fb59132f92b6c5a3dfc1ca3c6384be4087437edd", "EventData.peer": null, "EventData.hr": "2147954402", "EventData.fileTime": "0001-01-01 00:00:00", "EventData.fileLength": "18446744073709551615", "EventData.bytesTotal": "18446744073709551615", "EventData.bytesTransferred": "0", "EventData.proxy": null, "EventData.peerProtocolFlags": "0", "EventData.bytesTransferredFromPeer": "0", "EventData.AdditionalInfoHr": "0", "EventData.PeerContextInfo": "0", "EventData.bandwidthLimit": "18446744073709551615", "EventData.ignoreBandwidthLimitsOnLan": "False"}
{"EventID": "61", "Channel": "Microsoft-Windows-Bits-Client/Operational", "Provider_Name": "Microsoft-Windows-Bits-Client", "Computer": "DESKTOP-OFJ6N53", "TimeCreated": "2025-08-23 17:43:59.306271+00:00", "RecordID": "85350", "Level": "3", "UserID": "S-1-5-18", "EventData.transferId": "{fdefee60-f551-4bab-8b87-52413e55e8ff}", "EventData.name": "Chrome Component Updater", "EventData.Id": "{053f9555-28e5-4cf7-a896-85a489cb877d}", "EventData.url": "http://edgedl.me.gvt1.com/edgedl/diffgen-puffin/hfnkpimlhhgieaddgfemjhofmfblmnib/8053c1223bbc37f525b5dc04fb59132f92b6c5a3dfc1ca3c6384be4087437edd", "EventData.peer": null, "EventData.hr": "2147954402", "EventData.fileTime": "0001-01-01 00:00:00", "EventData.fileLength": "18446744073709551615", "EventData.bytesTotal": "18446744073709551615", "EventData.bytesTransferred": "0", "EventData.proxy": null, "EventData.peerProtocolFlags": "0", "EventData.bytesTransferredFromPeer": "0", "EventData.AdditionalInfoHr": "0", "EventData.PeerContextInfo": "0", "EventData.bandwidthLimit": "18446744073709551615", "EventData.ignoreBandwidthLimitsOnLan": "False"}
{"EventID": "61", "Channel": "Microsoft-Windows-Bits-Client/Operational", "Provider_Name": "Microsoft-Windows-Bits-Client", "Computer": "DESKTOP-OFJ6N53", "TimeCreated": "2025-08-23 17:45:20.618591+00:00", "RecordID": "85351", "Level": "3", "UserID": "S-1-5-18", "EventData.transferId": "{1952a9f3-7e40-4127-bec3-e548d2ff3a12}", "EventData.name": "Chrome Component Updater", "EventData.Id": "{053f9555-28e5-4cf7-a896-85a489cb877d}", "EventData.url": "http://edgedl.me.gvt1.com/edgedl/diffgen-puffin/hfnkpimlhhgieaddgfemjhofmfblmnib/8053c1223bbc37f525b5dc04fb59132f92b6c5a3dfc1ca3c6384be4087437edd", "EventData.peer": null, "EventData.hr": "2147954402", "EventData.fileTime": "0001-01-01 00:00:00", "EventData.fileLength": "18446744073709551615", "EventData.bytesTotal": "18446744073709551615", "EventData.bytesTransferred": "0", "EventData.proxy": null, "EventData.peerProtocolFlags": "0", "EventData.bytesTransferredFromPeer": "0", "EventData.AdditionalInfoHr": "0", "EventData.PeerContextInfo": "0", "EventData.bandwidthLimit": "18446744073709551615", "EventData.ignoreBandwidthLimitsOnLan": "False"}
{"EventID": "61", "Channel": "Microsoft-Windows-Bits-Client/Operational", "Provider_Name": "Microsoft-Windows-Bits-Client", "Computer": "DESKTOP-OFJ6N53", "TimeCreated": "2025-08-23 17:46:41.743790+00:00", "RecordID": "85352", "Level": "3", "UserID": "S-1-5-18", "EventData.transferId": "{4b9dc6bb-e7c8-4648-a7bc-9ddea80f20c8}", "EventData.name": "Chrome Component Updater", "EventData.Id": "{053f9555-28e5-4cf7-a896-85a489cb877d}", "EventData.url": "http://edgedl.me.gvt1.com/edgedl/diffgen-puffin/hfnkpimlhhgieaddgfemjhofmfblmnib/8053c1223bbc37f525b5dc04fb59132f92b6c5a3dfc1ca3c6384be4087437edd", "EventData.peer": null, "EventData.hr": "2147954402", "EventData.fileTime": "0001-01-01 00:00:00", "EventData.fileLength": "18446744073709551615", "EventData.bytesTotal": "18446744073709551615", "EventData.bytesTransferred": "0", "EventData.proxy": null, "EventData.peerProtocolFlags": "0", "EventData.bytesTransferredFromPeer": "0", "EventData.AdditionalInfoHr": "0", "EventData.PeerContextInfo": "0", "EventData.bandwidthLimit": "18446744073709551615", "EventData.ignoreBandwidthLimitsOnLan": "False"}
{"EventID": "61", "Channel": "Microsoft-Windows-Bits-Client/Operational", "Provider_Name": "Microsoft-Windows-Bits-Client", "Computer": "DESKTOP-OFJ6N53", "TimeCreated": "2025-08-23 17:48:03.056250+00:00", "RecordID": "85353", "Level": "3", "UserID": "S-1-5-18", "EventData.transferId": "{e6324f35-ec78-4a9e-ab37-d56dbc2bea72}", "EventData.name": "Chrome Component Updater", "EventData.Id": "{053f9555-28e5-4cf7-a896-85a489cb877d}", "EventData.url": "http://edgedl.me.gvt1.com/edgedl/diffgen-puffin/hfnkpimlhhgieaddgfemjhofmfblmnib/8053c1223bbc37f525b5dc04fb59132f92b6c5a3dfc1ca3c6384be4087437edd", "EventData.peer": null, "EventData.hr": "2147954402", "EventData.fileTime": "0001-01-01 00:00:00", "EventData.fileLength": "18446744073709551615", "EventData.bytesTotal": "18446744073709551615", "EventData.bytesTransferred": "0", "EventData.proxy": null, "EventData.peerProtocolFlags": "0", "EventData.bytesTransferredFromPeer": "0", "EventData.AdditionalInfoHr": "0", "EventData.PeerContextInfo": "0", "EventData.bandwidthLimit": "18446744073709551615", "EventData.ignoreBandwidthLimitsOnLan": "False"}
{"EventID": "61", "Channel": "Microsoft-Windows-Bits-Client/Operational", "Provider_Name": "Microsoft-Windows-Bits-Client", "Computer": "DESKTOP-OFJ6N53", "TimeCreated": "2025-08-23 17:49:24.087944+00:00", "RecordID": "85354", "Level": "3", "UserID": "S-1-5-18", "EventData.transferId": "{215a16fe-a57f-45d3-bf9d-c89f5b6ecc76}", "EventData.name": "Chrome Component Updater", "EventData.Id": "{053f9555-28e5-4cf7-a896-85a489cb877d}", "EventData.url": "http://edgedl.me.gvt1.com/edgedl/diffgen-puffin/hfnkpimlhhgieaddgfemjhofmfblmnib/8053c1223bbc37f525b5dc04fb59132f92b6c5a3dfc1ca3c6384be4087437edd", "EventData.peer": null, "EventData.hr": "2147954402", "EventData.fileTime": "0001-01-01 00:00:00", "EventData.fileLength": "18446744073709551615", "EventData.bytesTotal": "18446744073709551615", "EventData.bytesTransferred": "0", "EventData.proxy": null, "EventData.peerProtocolFlags": "0", "EventData.bytesTransferredFromPeer": "0", "EventData.AdditionalInfoHr": "0", "EventData.PeerContextInfo": "0", "EventData.bandwidthLimit": "18446744073709551615", "EventData.ignoreBandwidthLimitsOnLan": "False"}
{"EventID": "61", "Channel": "Microsoft-Windows-Bits-Client/Operational", "Provider_Name": "Microsoft-Windows-Bits-Client", "Computer": "DESKTOP-OFJ6N53", "TimeCreated": "2025-08-23 17:50:45.243631+00:00", "RecordID": "85355", "Level": "3", "UserID": "S-1-5-18", "EventData.transferId": "{ed4ca0b4-2f06-486c-ada7-01f785f9de10}", "EventData.name": "Chrome Component Updater", "EventData.Id": "{053f9555-28e5-4cf7-a896-85a489cb877d}", "EventData.url": "http://edgedl.me.gvt1.com/edgedl/diffgen-puffin/hfnkpimlhhgieaddgfemjhofmfblmnib/8053c1223bbc37f525b5dc04fb59132f92b6c5a3dfc1ca3c6384be4087437edd", "EventData.peer": null, "EventData.hr": "2147954402", "EventData.fileTime": "0001-01-01 00:00:00", "EventData.fileLength": "18446744073709551615", "EventData.bytesTotal": "18446744073709551615", "EventData.bytesTransferred": "0", "EventData.proxy": null, "EventData.peerProtocolFlags": "0", "EventData.bytesTransferredFromPeer": "0", "EventData.AdditionalInfoHr": "0", "EventData.PeerContextInfo": "0", "EventData.bandwidthLimit": "18446744073709551615", "EventData.ignoreBandwidthLimitsOnLan": "False"}
{"EventID": "61", "Channel": "Microsoft-Windows-Bits-Client/Operational", "Provider_Name": "Microsoft-Windows-Bits-Client", "Computer": "DESKTOP-OFJ6N53", "TimeCreated": "2025-08-23 17:52:06.338432+00:00", "RecordID": "85356", "Level": "3", "UserID": "S-1-5-18", "EventData.transferId": "{4e25c943-a46c-4c77-a0d6-171ddaa9c0e3}", "EventData.name": "Chrome Component Updater", "EventData.Id": "{053f9555-28e5-4cf7-a896-85a489cb877d}", "EventData.url": "http://edgedl.me.gvt1.com/edgedl/diffgen-puffin/hfnkpimlhhgieaddgfemjhofmfblmnib/8053c1223bbc37f525b5dc04fb59132f92b6c5a3dfc1ca3c6384be4087437edd", "EventData.peer": null, "EventData.hr": "2147954402", "EventData.fileTime": "0001-01-01 00:00:00", "EventData.fileLength": "18446744073709551615", "EventData.bytesTotal": "18446744073709551615", "EventData.bytesTransferred": "0", "EventData.proxy": null, "EventData.peerProtocolFlags": "0", "EventData.bytesTransferredFromPeer": "0", "EventData.AdditionalInfoHr": "0", "EventData.PeerContextInfo": "0", "EventData.bandwidthLimit": "18446744073709551615", "EventData.ignoreBandwidthLimitsOnLan": "False"}
{"EventID": "61", "Channel": "Microsoft-Windows-Bits-Client/Operational", "Provider_Name": "Microsoft-Windows-Bits-Client", "Computer": "DESKTOP-OFJ6N53", "TimeCreated": "2025-08-23 17:53:27.494055+00:00", "RecordID": "85357", "Level": "3", "UserID": "S-1-5-18", "EventData.transferId": "{d030b0a9-af85-4898-b421-44c1d66bccf5}", "EventData.name": "Chrome Component Updater", "EventData.Id": "{053f9555-28e5-4cf7-a896-85a489cb877d}", "EventData.url": "http://edgedl.me.gvt1.com/edgedl/diffgen-puffin/hfnkpimlhhgieaddgfemjhofmfblmnib/8053c1223bbc37f525b5dc04fb59132f92b6c5a3dfc1ca3c6384be4087437edd", "EventData.peer": null, "EventData.hr": "2147954402", "EventData.fileTime": "0001-01-01 00:00:00", "EventData.fileLength": "18446744073709551615", "EventData.bytesTotal": "18446744073709551615", "EventData.bytesTransferred": "0", "EventData.proxy": null, "EventData.peerProtocolFlags": "0", "EventData.bytesTransferredFromPeer": "0", "EventData.AdditionalInfoHr": "0", "EventData.PeerContextInfo": "0", "EventData.bandwidthLimit": "18446744073709551615", "EventData.ignoreBandwidthLimitsOnLan": "False"}
{"EventID": "61", "Channel": "Microsoft-Windows-Bits-Client/Operational", "Provider_Name": "Microsoft-Windows-Bits-Client", "Computer": "DESKTOP-OFJ6N53", "TimeCreated": "2025-08-23 17:54:48.666885+00:00", "RecordID": "85358", "Level": "3", "UserID": "S-1-5-18", "EventData.transferId": "{856f27a1-c9d8-4191-91bc-19b98ef88517}", "EventData.name": "Chrome Component Updater", "EventData.Id": "{053f9555-28e5-4cf7-a896-85a489cb877d}", "EventData.url": "http://edgedl.me.gvt1.com/edgedl/diffgen-puffin/hfnkpimlhhgieaddgfemjhofmfblmnib/8053c1223bbc37f525b5dc04fb59132f92b6c5a3dfc1ca3c6384be4087437edd", "EventData.peer": null, "EventData.hr": "2147954402", "EventData.fileTime": "0001-01-01 00:00:00", "EventData.fileLength": "18446744073709551615", "EventData.bytesTotal": "18446744073709551615", "EventData.bytesTransferred": "0", "EventData.proxy": null, "EventData.peerProtocolFlags": "0", "EventData.bytesTransferredFromPeer": "0", "EventData.AdditionalInfoHr": "0", "EventData.PeerContextInfo": "0", "EventData.bandwidthLimit": "18446744073709551615", "EventData.ignoreBandwidthLimitsOnLan": "False"}
{"EventID": "5", "Channel": "Microsoft-Windows-Bits-Client/Operational", "Provider_Name": "Microsoft-Windows-Bits-Client", "Computer": "DESKTOP-OFJ6N53", "TimeCreated": "2025-08-23 17:55:49.086649+00:00", "RecordID": "85359", "Level": "4", "UserID": "S-1-5-21-963789628-1060504924-4285088085-1001", "EventData.User": "DESKTOP-OFJ6N53\\sk.batsiev", "EventData.jobTitle": "Chrome Component Updater", "EventData.jobId": "{053f9555-28e5-4cf7-a896-85a489cb877d}", "EventData.jobOwner": "DESKTOP-OFJ6N53\\sk.batsiev", "EventData.fileCount": "1"}
{"EventID": "3", "Channel": "Microsoft-Windows-Bits-Client/Operational", "Provider_Name": "Microsoft-Windows-Bits-Client", "Computer": "DESKTOP-OFJ6N53", "TimeCreated": "2025-08-23 17:55:49.093332+00:00", "RecordID": "85360", "Level": "4", "UserID": "S-1-5-18", "EventData.jobTitle": "Chrome Component Updater", "EventData.jobId": "{365dc451-69d2-49ef-9a0a-5ec9bbec641a}", "EventData.jobOwner": "DESKTOP-OFJ6N53\\sk.batsiev", "EventData.processPath": "C:\\Program Files\\Google\\Chrome\\Application\\chrome.exe", "EventData.processId": "8232", "EventData.ClientProcessStartKey": "50102545854498854"}
{"EventID": "16403", "Channel": "Microsoft-Windows-Bits-Client/Operational", "Provider_Name": "Microsoft-Windows-Bits-Client", "Computer": "DESKTOP-OFJ6N53", "TimeCreated": "2025-08-23 17:55:49.101856+00:00", "RecordID": "85361", "Level": "4", "UserID": "S-1-5-21-963789628-1060504924-4285088085-1001", "EventData.User": "DESKTOP-OFJ6N53\\sk.batsiev", "EventData.jobTitle": "Chrome Component Updater", "EventData.jobId": "{365dc451-69d2-49ef-9a0a-5ec9bbec641a}", "EventData.jobOwner": "DESKTOP-OFJ6N53\\sk.batsiev", "EventData.fileCount": "1", "EventData.RemoteName": "https://edgedl.me.gvt1.com/edgedl/diffgen-puffin/hfnkpimlhhgieaddgfemjhofmfblmnib/8053c1223bbc37f525b5dc04fb59132f92b6c5a3dfc1ca3c6384be4087437edd", "EventData.LocalName": "C:\\Users\\SKA580~1.BAT\\AppData\\Local\\Temp\\chrome_BITS_8232_1784836572\\8053c1223bbc37f525b5dc04fb59132f92b6c5a3dfc1ca3c6384be4087437edd", "EventData.processId": "8232", "EventData.ClientProcessStartKey": "50102545854498854"}
{"EventID": "61", "Channel": "Microsoft-Windows-Bits-Client/Operational", "Provider_Name": "Microsoft-Windows-Bits-Client", "Computer": "DESKTOP-OFJ6N53", "TimeCreated": "2025-08-23 17:56:31.470928+00:00", "RecordID": "85362", "Level": "3", "UserID": "S-1-5-18", "EventData.transferId": "{439619b3-aff5-49ef-a0da-28c0fce98bcb}", "EventData.name": "Chrome Component Updater", "EventData.Id": "{365dc451-69d2-49ef-9a0a-5ec9bbec641a}", "EventData.url": "https://edgedl.me.gvt1.com/edgedl/diffgen-puffin/hfnkpimlhhgieaddgfemjhofmfblmnib/8053c1223bbc37f525b5dc04fb59132f92b6c5a3dfc1ca3c6384be4087437edd", "EventData.peer": null, "EventData.hr": "2147954402", "EventData.fileTime": "0001-01-01 00:00:00", "EventData.fileLength": "18446744073709551615", "EventData.bytesTotal": "18446744073709551615", "EventData.bytesTransferred": "0", "EventData.proxy": null, "EventData.peerProtocolFlags": "0", "EventData.bytesTransferredFromPeer": "0", "EventData.AdditionalInfoHr": "0", "EventData.PeerContextInfo": "0", "EventData.bandwidthLimit": "18446744073709551615", "EventData.ignoreBandwidthLimitsOnLan": "False"}
{"EventID": "61", "Channel": "Microsoft-Windows-Bits-Client/Operational", "Provider_Name": "Microsoft-Windows-Bits-Client", "Computer": "DESKTOP-OFJ6N53", "TimeCreated": "2025-08-23 17:57:52.618736+00:00", "RecordID": "85363", "Level": "3", "UserID": "S-1-5-18", "EventData.transferId": "{8f320540-3421-46d0-8314-ff8ff69cd8e0}", "EventData.name": "Chrome Component Updater", "EventData.Id": "{365dc451-69d2-49ef-9a0a-5ec9bbec641a}", "EventData.url": "https://edgedl.me.gvt1.com/edgedl/diffgen-puffin/hfnkpimlhhgieaddgfemjhofmfblmnib/8053c1223bbc37f525b5dc04fb59132f92b6c5a3dfc1ca3c6384be4087437edd", "EventData.peer": null, "EventData.hr": "2147954402", "EventData.fileTime": "0001-01-01 00:00:00", "EventData.fileLength": "18446744073709551615", "EventData.bytesTotal": "18446744073709551615", "EventData.bytesTransferred": "0", "EventData.proxy": null, "EventData.peerProtocolFlags": "0", "EventData.bytesTransferredFromPeer": "0", "EventData.AdditionalInfoHr": "0", "EventData.PeerContextInfo": "0", "EventData.bandwidthLimit": "18446744073709551615", "EventData.ignoreBandwidthLimitsOnLan": "False"}
{"EventID": "61", "Channel": "Microsoft-Windows-Bits-Client/Operational", "Provider_Name": "Microsoft-Windows-Bits-Client", "Computer": "DESKTOP-OFJ6N53", "TimeCreated": "2025-08-23 17:59:13.681768+00:00", "RecordID": "85364", "Level": "3", "UserID": "S-1-5-18", "EventData.transferId": "{f296a751-e22d-4aaf-99bf-424c693ff17b}", "EventData.name": "Chrome Component Updater", "EventData.Id": "{365dc451-69d2-49ef-9a0a-5ec9bbec641a}", "EventData.url": "https://edgedl.me.gvt1.com/edgedl/diffgen-puffin/hfnkpimlhhgieaddgfemjhofmfblmnib/8053c1223bbc37f525b5dc04fb59132f92b6c5a3dfc1ca3c6384be4087437edd", "EventData.peer": null, "EventData.hr": "2147954402", "EventData.fileTime": "0001-01-01 00:00:00", "EventData.fileLength": "18446744073709551615", "EventData.bytesTotal": "18446744073709551615", "EventData.bytesTransferred": "0", "EventData.proxy": null, "EventData.peerProtocolFlags": "0", "EventData.bytesTransferredFromPeer": "0", "EventData.AdditionalInfoHr": "0", "EventData.PeerContextInfo": "0", "EventData.bandwidthLimit": "18446744073709551615", "EventData.ignoreBandwidthLimitsOnLan": "False"}
{"EventID": "61", "Channel": "Microsoft-Windows-Bits-Client/Operational", "Provider_Name": "Microsoft-Windows-Bits-Client", "Computer": "DESKTOP-OFJ6N53", "TimeCreated": "2025-08-23 18:00:34.915920+00:00", "RecordID": "85365", "Level": "3", "UserID": "S-1-5-18", "EventData.transferId": "{a2008d87-2735-4e9c-8dc2-99432441d171}", "EventData.name": "Chrome Component Updater", "EventData.Id": "{365dc451-69d2-49ef-9a0a-5ec9bbec641a}", "EventData.url": "https://edgedl.me.gvt1.com/edgedl/diffgen-puffin/hfnkpimlhhgieaddgfemjhofmfblmnib/8053c1223bbc37f525b5dc04fb59132f92b6c5a3dfc1ca3c6384be4087437edd", "EventData.peer": null, "EventData.hr": "2147954402", "EventData.fileTime": "0001-01-01 00:00:00", "EventData.fileLength": "18446744073709551615", "EventData.bytesTotal": "18446744073709551615", "EventData.bytesTransferred": "0", "EventData.proxy": null, "EventData.peerProtocolFlags": "0", "EventData.bytesTransferredFromPeer": "0", "EventData.AdditionalInfoHr": "0", "EventData.PeerContextInfo": "0", "EventData.bandwidthLimit": "18446744073709551615", "EventData.ignoreBandwidthLimitsOnLan": "False"}
{"EventID": "61", "Channel": "Microsoft-Windows-Bits-Client/Operational", "Provider_Name": "Microsoft-Windows-Bits-Client", "Computer": "DESKTOP-OFJ6N53", "TimeCreated": "2025-08-23 18:01:56.259533+00:00", "RecordID": "85366", "Level": "3", "UserID": "S-1-5-18", "EventData.transferId": "{4cf295f5-0725-4b25-93a7-26c5cd1c6ec7}", "EventData.name": "Chrome Component Updater", "EventData.Id": "{365dc451-69d2-49ef-9a0a-5ec9bbec641a}", "EventData.url": "https://edgedl.me.gvt1.com/edgedl/diffgen-puffin/hfnkpimlhhgieaddgfemjhofmfblmnib/8053c1223bbc37f525b5dc04fb59132f92b6c5a3dfc1ca3c6384be4087437edd", "EventData.peer": null, "EventData.hr": "2147954402", "EventData.fileTime": "0001-01-01 00:00:00", "EventData.fileLength": "18446744073709551615", "EventData.bytesTotal": "18446744073709551615", "EventData.bytesTransferred": "0", "EventData.proxy": null, "EventData.peerProtocolFlags": "0", "EventData.bytesTransferredFromPeer": "0", "EventData.AdditionalInfoHr": "0", "EventData.PeerContextInfo": "0", "EventData.bandwidthLimit": "18446744073709551615", "EventData.ignoreBandwidthLimitsOnLan": "False"}
{"EventID": "61", "Channel": "Microsoft-Windows-Bits-Client/Operational", "Provider_Name": "Microsoft-Windows-Bits-Client", "Computer": "DESKTOP-OFJ6N53", "TimeCreated": "2025-08-23 18:03:17.697145+00:00", "RecordID": "85367", "Level": "3", "UserID": "S-1-5-18", "EventData.transferId": "{20b72c15-dbef-407e-97b5-a205ec8ca538}", "EventData.name": "Chrome Component Updater", "EventData.Id": "{365dc451-69d2-49ef-9a0a-5ec9bbec641a}", "EventData.url": "https://edgedl.me.gvt1.com/edgedl/diffgen-puffin/hfnkpimlhhgieaddgfemjhofmfblmnib/8053c1223bbc37f525b5dc04fb59132f92b6c5a3dfc1ca3c6384be4087437edd", "EventData.peer": null, "EventData.hr": "2147954402", "EventData.fileTime": "0001-01-01 00:00:00", "EventData.fileLength": "18446744073709551615", "EventData.bytesTotal": "18446744073709551615", "EventData.bytesTransferred": "0", "EventData.proxy": null, "EventData.peerProtocolFlags": "0", "EventData.bytesTransferredFromPeer": "0", "EventData.AdditionalInfoHr": "0", "EventData.PeerContextInfo": "0", "EventData.bandwidthLimit": "18446744073709551615", "EventData.ignoreBandwidthLimitsOnLan": "False"}
{"EventID": "61", "Channel": "Microsoft-Windows-Bits-Client/Operational", "Provider_Name": "Microsoft-Windows-Bits-Client", "Computer": "DESKTOP-OFJ6N53", "TimeCreated": "2025-08-23 18:04:39.197184+00:00", "RecordID": "85368", "Level": "3", "UserID": "S-1-5-18", "EventData.transferId": "{8d98f831-33e6-4c76-9b3b-5bfcc2d6d840}", "EventData.name": "Chrome Component Updater", "EventData.Id": "{365dc451-69d2-49ef-9a0a-5ec9bbec641a}", "EventData.url": "https://edgedl.me.gvt1.com/edgedl/diffgen-puffin/hfnkpimlhhgieaddgfemjhofmfblmnib/8053c1223bbc37f525b5dc04fb59132f92b6c5a3dfc1ca3c6384be4087437edd", "EventData.peer": null, "EventData.hr": "2147954402", "EventData.fileTime": "0001-01-01 00:00:00", "EventData.fileLength": "18446744073709551615", "EventData.bytesTotal": "18446744073709551615", "EventData.bytesTransferred": "0", "EventData.proxy": null, "EventData.peerProtocolFlags": "0", "EventData.bytesTransferredFromPeer": "0", "EventData.AdditionalInfoHr": "0", "EventData.PeerContextInfo": "0", "EventData.bandwidthLimit": "18446744073709551615", "EventData.ignoreBandwidthLimitsOnLan": "False"}
{"EventID": "61", "Channel": "Microsoft-Windows-Bits-Client/Operational", "Provider_Name": "Microsoft-Windows-Bits-Client", "Computer": "DESKTOP-OFJ6N53", "TimeCreated": "2025-08-23 18:06:00.908497+00:00", "RecordID": "85369", "Level": "3", "UserID": "S-1-5-18", "EventData.transferId": "{afd6a3ae-1a91-4d73-867e-deb11cea4e38}", "EventData.name": "Chrome Component Updater", "EventData.Id": "{365dc451-69d2-49ef-9a0a-5ec9bbec641a}", "EventData.url": "https://edgedl.me.gvt1.com/edgedl/diffgen-puffin/hfnkpimlhhgieaddgfemjhofmfblmnib/8053c1223bbc37f525b5dc04fb59132f92b6c5a3dfc1ca3c6384be4087437edd", "EventData.peer": null, "EventData.hr": "2147954402", "EventData.fileTime": "0001-01-01 00:00:00", "EventData.fileLength": "18446744073709551615", "EventData.bytesTotal": "18446744073709551615", "EventData.bytesTransferred": "0", "EventData.proxy": null, "EventData.peerProtocolFlags": "0", "EventData.bytesTransferredFromPeer": "0", "EventData.AdditionalInfoHr": "0", "EventData.PeerContextInfo": "0", "EventData.bandwidthLimit": "18446744073709551615", "EventData.ignoreBandwidthLimitsOnLan": "False"}
{"EventID": "61", "Channel": "Microsoft-Windows-Bits-Client/Operational", "Provider_Name": "Microsoft-Windows-Bits-Client", "Computer": "DESKTOP-OFJ6N53", "TimeCreated": "2025-08-23 18:07:22.056252+00:00", "RecordID": "85370", "Level": "3", "UserID": "S-1-5-18", "EventData.transferId": "{ba717b27-28ae-48a5-b3c2-443f5c061931}", "EventData.name": "Chrome Component Updater", "EventData.Id": "{365dc451-69d2-49ef-9a0a-5ec9bbec641a}", "EventData.url": "https://edgedl.me.gvt1.com/edgedl/diffgen-puffin/hfnkpimlhhgieaddgfemjhofmfblmnib/8053c1223bbc37f525b5dc04fb59132f92b6c5a3dfc1ca3c6384be4087437edd", "EventData.peer": null, "EventData.hr": "2147954402", "EventData.fileTime": "0001-01-01 00:00:00", "EventData.fileLength": "18446744073709551615", "EventData.bytesTotal": "18446744073709551615", "EventData.bytesTransferred": "0", "EventData.proxy": null, "EventData.peerProtocolFlags": "0", "EventData.bytesTransferredFromPeer": "0", "EventData.AdditionalInfoHr": "0", "EventData.PeerContextInfo": "0", "EventData.bandwidthLimit": "18446744073709551615", "EventData.ignoreBandwidthLimitsOnLan": "False"}
{"EventID": "61", "Channel": "Microsoft-Windows-Bits-Client/Operational", "Provider_Name": "Microsoft-Windows-Bits-Client", "Computer": "DESKTOP-OFJ6N53", "TimeCreated": "2025-08-23 18:08:43.457663+00:00", "RecordID": "85371", "Level": "3", "UserID": "S-1-5-18", "EventData.transferId": "{fc06c755-c22f-47a0-9bcf-e78b74667032}", "EventData.name": "Chrome Component Updater", "EventData.Id": "{365dc451-69d2-49ef-9a0a-5ec9bbec641a}", "EventData.url": "https://edgedl.me.gvt1.com/edgedl/diffgen-puffin/hfnkpimlhhgieaddgfemjhofmfblmnib/8053c1223bbc37f525b5dc04fb59132f92b6c5a3dfc1ca3c6384be4087437edd", "EventData.peer": null, "EventData.hr": "2147954402", "EventData.fileTime": "0001-01-01 00:00:00", "EventData.fileLength": "18446744073709551615", "EventData.bytesTotal": "18446744073709551615", "EventData.bytesTransferred": "0", "EventData.proxy": null, "EventData.peerProtocolFlags": "0", "EventData.bytesTransferredFromPeer": "0", "EventData.AdditionalInfoHr": "0", "EventData.PeerContextInfo": "0", "EventData.bandwidthLimit": "18446744073709551615", "EventData.ignoreBandwidthLimitsOnLan": "False"}
{"EventID": "61", "Channel": "Microsoft-Windows-Bits-Client/Operational", "Provider_Name": "Microsoft-Windows-Bits-Client", "Computer": "DESKTOP-OFJ6N53", "TimeCreated": "2025-08-23 18:10:04.759468+00:00", "RecordID": "85372", "Level": "3", "UserID": "S-1-5-18", "EventData.transferId": "{23f8ab9c-ae42-4170-9f85-0afdeb2e610c}", "EventData.name": "Chrome Component Updater", "EventData.Id": "{365dc451-69d2-49ef-9a0a-5ec9bbec641a}", "EventData.url": "https://edgedl.me.gvt1.com/edgedl/diffgen-puffin/hfnkpimlhhgieaddgfemjhofmfblmnib/8053c1223bbc37f525b5dc04fb59132f92b6c5a3dfc1ca3c6384be4087437edd", "EventData.peer": null, "EventData.hr": "2147954402", "EventData.fileTime": "0001-01-01 00:00:00", "EventData.fileLength": "18446744073709551615", "EventData.bytesTotal": "18446744073709551615", "EventData.bytesTransferred": "0", "EventData.proxy": null, "EventData.peerProtocolFlags": "0", "EventData.bytesTransferredFromPeer": "0", "EventData.AdditionalInfoHr": "0", "EventData.PeerContextInfo": "0", "EventData.bandwidthLimit": "18446744073709551615", "EventData.ignoreBandwidthLimitsOnLan": "False"}
{"EventID": "5", "Channel": "Microsoft-Windows-Bits-Client/Operational", "Provider_Name": "Microsoft-Windows-Bits-Client", "Computer": "DESKTOP-OFJ6N53", "TimeCreated": "2025-08-23 18:11:08.535141+00:00", "RecordID": "85373", "Level": "4", "UserID": "S-1-5-21-963789628-1060504924-4285088085-1001", "EventData.User": "DESKTOP-OFJ6N53\\sk.batsiev", "EventData.jobTitle": "Chrome Component Updater", "EventData.jobId": "{365dc451-69d2-49ef-9a0a-5ec9bbec641a}", "EventData.jobOwner": "DESKTOP-OFJ6N53\\sk.batsiev", "EventData.fileCount": "1"}
{"EventID": "3", "Channel": "Microsoft-Windows-Bits-Client/Operational", "Provider_Name": "Microsoft-Windows-Bits-Client", "Computer": "DESKTOP-OFJ6N53", "TimeCreated": "2025-08-23 18:11:08.542637+00:00", "RecordID": "85374", "Level": "4", "UserID": "S-1-5-18", "EventData.jobTitle": "Chrome Component Updater", "EventData.jobId": "{8f248ca5-2767-4858-a8d3-8bf2aca887ef}", "EventData.jobOwner": "DESKTOP-OFJ6N53\\sk.batsiev", "EventData.processPath": "C:\\Program Files\\Google\\Chrome\\Application\\chrome.exe", "EventData.processId": "8232", "EventData.ClientProcessStartKey": "50102545854498854"}
