{"EventID": "9707", "Channel": "Microsoft-Windows-Shell-Core/Operational", "Provider_Name": "Microsoft-Windows-Shell-Core", "Computer": "DESKTOP-OFJ6N53", "TimeCreated": "2025-07-31 08:14:49.250896+00:00", "RecordID": "34206", "Level": "4", "UserID": "S-1-5-21-963789628-1060504924-4285088085-1001", "EventData.Command": "OneDriveSetup.exe\""}
{"EventID": "9708", "Channel": "Microsoft-Windows-Shell-Core/Operational", "Provider_Name": "Microsoft-Windows-Shell-Core", "Computer": "DESKTOP-OFJ6N53", "TimeCreated": "2025-07-31 08:14:49.260664+00:00", "RecordID": "34207", "Level": "4", "UserID": "S-1-5-21-963789628-1060504924-4285088085-1001", "EventData.PID": "7484", "EventData.Command": "redirector.exe\" /startup"}
{"EventID": "9707", "Channel": "Microsoft-Windows-Shell-Core/Operational", "Provider_Name": "Microsoft-Windows-Shell-Core", "Computer": "DESKTOP-OFJ6N53", "TimeCreated": "2025-07-31 08:14:49.260775+00:00", "RecordID": "34208", "Level": "4", "UserID": "S-1-5-21-963789628-1060504924-4285088085-1001", "EventData.Command": "vpnui.exe\" -minimized"}
{"EventID": "9708", "Channel": "Microsoft-Windows-Shell-Core/Operational", "Provider_Name": "Microsoft-Windows-Shell-Core", "Computer": "DESKTOP-OFJ6N53", "TimeCreated": "2025-07-31 08:14:49.708427+00:00", "RecordID": "34209", "Level": "4", "UserID": "S-1-5-21-963789628-1060504924-4285088085-1001", "EventData.PID": "10084", "EventData.Command": "OneDriveSetup.exe\""}
{"EventID": "9707", "Channel": "Microsoft-Windows-Shell-Core/Operational", "Provider_Name": "Microsoft-Windows-Shell-Core", "Computer": "DESKTOP-OFJ6N53", "TimeCreated": "2025-07-31 08:14:49.708755+00:00", "RecordID": "34210", "Level": "4", "UserID": "S-1-5-21-963789628-1060504924-4285088085-1001", "EventData.Command": "25.122.0624.0004\""}
{"EventID": "9708", "Channel": "Microsoft-Windows-Shell-Core/Operational", "Provider_Name": "Microsoft-Windows-Shell-Core", "Computer": "DESKTOP-OFJ6N53", "TimeCreated": "2025-07-31 08:14:50.817467+00:00", "RecordID": "34211", "Level": "4", "UserID": "S-1-5-21-963789628-1060504924-4285088085-1001", "EventData.PID": "11272", "EventData.Command": "25.122.0624.0004\""}
{"EventID": "9706", "Channel": "Microsoft-Windows-Shell-Core/Operational", "Provider_Name": "Microsoft-Windows-Shell-Core", "Computer": "DESKTOP-OFJ6N53", "TimeCreated": "2025-07-31 08:14:50.817472+00:00", "RecordID": "34212", "Level": "4", "UserID": "S-1-5-21-963789628-1060504924-4285088085-1001", "EventData.KeyName": "Software\\Microsoft\\Windows\\CurrentVersion\\RunOnce"}
{"EventID": "9708", "Channel": "Microsoft-Windows-Shell-Core/Operational", "Provider_Name": "Microsoft-Windows-Shell-Core", "Computer": "DESKTOP-OFJ6N53", "TimeCreated": "2025-07-31 08:14:51.257607+00:00", "RecordID": "34213", "Level": "4", "UserID": "S-1-5-21-963789628-1060504924-4285088085-1001", "EventData.PID": "6720", "EventData.Command": "vpnui.exe\" -minimized"}
{"EventID": "9707", "Channel": "Microsoft-Windows-Shell-Core/Operational", "Provider_Name": "Microsoft-Windows-Shell-Core", "Computer": "DESKTOP-OFJ6N53", "TimeCreated": "2025-07-31 08:14:51.257954+00:00", "RecordID": "34214", "Level": "4", "UserID": "S-1-5-21-963789628-1060504924-4285088085-1001", "EventData.Command": "STerraCSPTray.exe\""}
{"EventID": "9708", "Channel": "Microsoft-Windows-Shell-Core/Operational", "Provider_Name": "Microsoft-Windows-Shell-Core", "Computer": "DESKTOP-OFJ6N53", "TimeCreated": "2025-07-31 08:14:54.490396+00:00", "RecordID": "34215", "Level": "4", "UserID": "S-1-5-21-963789628-1060504924-4285088085-1001", "EventData.PID": "11544", "EventData.Command": "STerraCSPTray.exe\""}
{"EventID": "9707", "Channel": "Microsoft-Windows-Shell-Core/Operational", "Provider_Name": "Microsoft-Windows-Shell-Core", "Computer": "DESKTOP-OFJ6N53", "TimeCreated": "2025-07-31 08:14:54.490559+00:00", "RecordID": "34216", "Level": "4", "UserID": "S-1-5-21-963789628-1060504924-4285088085-1001", "EventData.Command": "cptrayUI.exe\""}
{"EventID": "9708", "Channel": "Microsoft-Windows-Shell-Core/Operational", "Provider_Name": "Microsoft-Windows-Shell-Core", "Computer": "DESKTOP-OFJ6N53", "TimeCreated": "2025-07-31 08:14:58.254629+00:00", "RecordID": "34217", "Level": "4", "UserID": "S-1-5-21-963789628-1060504924-4285088085-1001", "EventData.PID": "11712", "EventData.Command": "cptrayUI.exe\""}
{"EventID": "9707", "Channel": "Microsoft-Windows-Shell-Core/Operational", "Provider_Name": "Microsoft-Windows-Shell-Core", "Computer": "DESKTOP-OFJ6N53", "TimeCreated": "2025-07-31 08:14:58.254780+00:00", "RecordID": "34218", "Level": "4", "UserID": "S-1-5-21-963789628-1060504924-4285088085-1001", "EventData.Command": "cptrayWUI.exe\" 2"}
{"EventID": "9708", "Channel": "Microsoft-Windows-Shell-Core/Operational", "Provider_Name": "Microsoft-Windows-Shell-Core", "Computer": "DESKTOP-OFJ6N53", "TimeCreated": "2025-07-31 08:14:59.413170+00:00", "RecordID": "34219", "Level": "4", "UserID": "S-1-5-21-963789628-1060504924-4285088085-1001", "EventData.PID": "12116", "EventData.Command": "cptrayWUI.exe\" 2"}
{"EventID": "9707", "Channel": "Microsoft-Windows-Shell-Core/Operational", "Provider_Name": "Microsoft-Windows-Shell-Core", "Computer": "DESKTOP-OFJ6N53", "TimeCreated": "2025-07-31 08:14:59.413273+00:00", "RecordID": "34220", "Level": "4", "UserID": "S-1-5-21-963789628-1060504924-4285088085-1001", "EventData.Command": "TrGUI.exe\""}
{"EventID": "9708", "Channel": "Microsoft-Windows-Shell-Core/Operational", "Provider_Name": "Microsoft-Windows-Shell-Core", "Computer": "DESKTOP-OFJ6N53", "TimeCreated": "2025-07-31 08:15:00.549866+00:00", "RecordID": "34221", "Level": "4", "UserID": "S-1-5-21-963789628-1060504924-4285088085-1001", "EventData.PID": "10092", "EventData.Command": "TrGUI.exe\""}
{"EventID": "9707", "Channel": "Microsoft-Windows-Shell-Core/Operational", "Provider_Name": "Microsoft-Windows-Shell-Core", "Computer": "DESKTOP-OFJ6N53", "TimeCreated": "2025-07-31 08:15:00.553356+00:00", "RecordID": "34222", "Level": "4", "UserID": "S-1-5-21-963789628-1060504924-4285088085-1001", "EventData.Command": "jusched.exe\""}
{"EventID": "9708", "Channel": "Microsoft-Windows-Shell-Core/Operational", "Provider_Name": "Microsoft-Windows-Shell-Core", "Computer": "DESKTOP-OFJ6N53", "TimeCreated": "2025-07-31 08:15:01.317070+00:00", "RecordID": "34223", "Level": "4", "UserID": "S-1-5-21-963789628-1060504924-4285088085-1001", "EventData.PID": "11612", "EventData.Command": "jusched.exe\""}
{"EventID": "9706", "Channel": "Microsoft-Windows-Shell-Core/Operational", "Provider_Name": "Microsoft-Windows-Shell-Core", "Computer": "DESKTOP-OFJ6N53", "TimeCreated": "2025-07-31 08:15:01.317085+00:00", "RecordID": "34224", "Level": "4", "UserID": "S-1-5-21-963789628-1060504924-4285088085-1001", "EventData.KeyName": "Software\\Microsoft\\Windows\\CurrentVersion\\Run"}
{"EventID": "62144", "Channel": "Microsoft-Windows-Shell-Core/Operational", "Provider_Name": "Microsoft-Windows-Shell-Core", "Computer": "DESKTOP-OFJ6N53", "TimeCreated": "2025-07-31 08:15:19.034536+00:00", "RecordID": "34225", "Level": "4", "UserID": "S-1-5-21-963789628-1060504924-4285088085-1001", "EventData.PackageFamilyName": "Microsoft.Edge.GameAssist_8wekyb3d8bbwe", "EventData.InstallState": "", "EventData.ErrorCode": "0"}
{"EventID": "28017", "Channel": "Microsoft-Windows-Shell-Core/Operational", "Provider_Name": "Microsoft-Windows-Shell-Core", "Computer": "DESKTOP-OFJ6N53", "TimeCreated": "2025-07-31 08:18:50.331753+00:00", "RecordID": "34226", "Level": "4", "UserID": "S-1-5-21-963789628-1060504924-4285088085-1001"}
{"EventID": "28115", "Channel": "Microsoft-Windows-Shell-Core/Operational", "Provider_Name": "Microsoft-Windows-Shell-Core", "Computer": "DESKTOP-OFJ6N53", "TimeCreated": "2025-07-31 08:18:50.352455+00:00", "RecordID": "34227", "Level": "4", "UserID": "S-1-5-21-963789628-1060504924-4285088085-1001", "EventData.Name": "Git Bash", "EventData.AppID": "Microsoft.AutoGenerated.{0FDD9C6B-656B-0F1F-AB08-B1CDBB7067B3}", "EventData.Flags": "32816"}
{"EventID": "28115", "Channel": "Microsoft-Windows-Shell-Core/Operational", "Provider_Name": "Microsoft-Windows-Shell-Core", "Computer": "DESKTOP-OFJ6N53", "TimeCreated": "2025-07-31 08:18:50.354239+00:00", "RecordID": "34228", "Level": "4", "UserID": "S-1-5-21-963789628-1060504924-4285088085-1001", "EventData.Name": "Git CMD", "EventData.AppID": "Microsoft.AutoGenerated.{29591C0F-7C09-B655-C0EB-8544FCA7D1DE}", "EventData.Flags": "32816"}
{"EventID": "28115", "Channel": "Microsoft-Windows-Shell-Core/Operational", "Provider_Name": "Microsoft-Windows-Shell-Core", "Computer": "DESKTOP-OFJ6N53", "TimeCreated": "2025-07-31 08:18:50.366203+00:00", "RecordID": "34229", "Level": "4", "UserID": "S-1-5-21-963789628-1060504924-4285088085-1001", "EventData.Name": "Git FAQs (Frequently Asked Questions)", "EventData.AppID": "https://gitforwindows.org/faq", "EventData.Flags": "544"}
{"EventID": "28115", "Channel": "Microsoft-Windows-Shell-Core/Operational", "Provider_Name": "Microsoft-Windows-Shell-Core", "Computer": "DESKTOP-OFJ6N53", "TimeCreated": "2025-07-31 08:18:50.368176+00:00", "RecordID": "34230", "Level": "4", "UserID": "S-1-5-21-963789628-1060504924-4285088085-1001", "EventData.Name": "Git GUI", "EventData.AppID": "{6D809377-6AF0-444B-8957-A3773F02200E}\\Git\\cmd\\git-gui.exe", "EventData.Flags": "32816"}
{"EventID": "28115", "Channel": "Microsoft-Windows-Shell-Core/Operational", "Provider_Name": "Microsoft-Windows-Shell-Core", "Computer": "DESKTOP-OFJ6N53", "TimeCreated": "2025-07-31 08:18:50.371103+00:00", "RecordID": "34231", "Level": "4", "UserID": "S-1-5-21-963789628-1060504924-4285088085-1001", "EventData.Name": "Git Release Notes", "EventData.AppID": "{6D809377-6AF0-444B-8957-A3773F02200E}\\Git\\ReleaseNotes.html", "EventData.Flags": "544"}
{"EventID": "28018", "Channel": "Microsoft-Windows-Shell-Core/Operational", "Provider_Name": "Microsoft-Windows-Shell-Core", "Computer": "DESKTOP-OFJ6N53", "TimeCreated": "2025-07-31 08:18:50.381334+00:00", "RecordID": "34232", "Level": "4", "UserID": "S-1-5-21-963789628-1060504924-4285088085-1001"}
{"EventID": "28019", "Channel": "Microsoft-Windows-Shell-Core/Operational", "Provider_Name": "Microsoft-Windows-Shell-Core", "Computer": "DESKTOP-OFJ6N53", "TimeCreated": "2025-07-31 08:18:50.385695+00:00", "RecordID": "34233", "Level": "4", "UserID": "S-1-5-21-963789628-1060504924-4285088085-1001"}
{"EventID": "28017", "Channel": "Microsoft-Windows-Shell-Core/Operational", "Provider_Name": "Microsoft-Windows-Shell-Core", "Computer": "DESKTOP-OFJ6N53", "TimeCreated": "2025-07-31 08:18:53.112368+00:00", "RecordID": "34234", "Level": "4", "UserID": "S-1-5-21-963789628-1060504924-4285088085-1001"}
{"EventID": "28018", "Channel": "Microsoft-Windows-Shell-Core/Operational", "Provider_Name": "Microsoft-Windows-Shell-Core", "Computer": "DESKTOP-OFJ6N53", "TimeCreated": "2025-07-31 08:18:53.130470+00:00", "RecordID": "34235", "Level": "4", "UserID": "S-1-5-21-963789628-1060504924-4285088085-1001"}
{"EventID": "28017", "Channel": "Microsoft-Windows-Shell-Core/Operational", "Provider_Name": "Microsoft-Windows-Shell-Core", "Computer": "DESKTOP-OFJ6N53", "TimeCreated": "2025-07-31 08:18:55.217245+00:00", "RecordID": "34236", "Level": "4", "UserID": "S-1-5-21-963789628-1060504924-4285088085-1001"}
{"EventID": "28115", "Channel": "Microsoft-Windows-Shell-Core/Operational", "Provider_Name": "Microsoft-Windows-Shell-Core", "Computer": "DESKTOP-OFJ6N53", "TimeCreated": "2025-07-31 08:18:55.224922+00:00", "RecordID": "34237", "Level": "4", "UserID": "S-1-5-21-963789628-1060504924-4285088085-1001", "EventData.Name": "Git Bash", "EventData.AppID": "Microsoft.AutoGenerated.{0FDD9C6B-656B-0F1F-AB08-B1CDBB7067B3}", "EventData.Flags": "16"}
{"EventID": "28018", "Channel": "Microsoft-Windows-Shell-Core/Operational", "Provider_Name": "Microsoft-Windows-Shell-Core", "Computer": "DESKTOP-OFJ6N53", "TimeCreated": "2025-07-31 08:18:55.226189+00:00", "RecordID": "34238", "Level": "4", "UserID": "S-1-5-21-963789628-1060504924-4285088085-1001"}
{"EventID": "28019", "Channel": "Microsoft-Windows-Shell-Core/Operational", "Provider_Name": "Microsoft-Windows-Shell-Core", "Computer": "DESKTOP-OFJ6N53", "TimeCreated": "2025-07-31 08:18:55.230837+00:00", "RecordID": "34239", "Level": "4", "UserID": "S-1-5-21-963789628-1060504924-4285088085-1001"}
{"EventID": "28017", "Channel": "Microsoft-Windows-Shell-Core/Operational", "Provider_Name": "Microsoft-Windows-Shell-Core", "Computer": "DESKTOP-OFJ6N53", "TimeCreated": "2025-08-01 01:23:18.648937+00:00", "RecordID": "34240", "Level": "4", "UserID": "S-1-5-21-963789628-1060504924-4285088085-1001"}
{"EventID": "28032", "Channel": "Microsoft-Windows-Shell-Core/Operational", "Provider_Name": "Microsoft-Windows-Shell-Core", "Computer": "DESKTOP-OFJ6N53", "TimeCreated": "2025-08-01 01:23:18.702129+00:00", "RecordID": "34241", "Level": "4", "UserID": "S-1-5-21-963789628-1060504924-4285088085-1001", "EventData.Filename": "C:\\Program Files\\Google\\Chrome\\Application\\chrome.VisualElementsManifest.xml", "EventData.SchemaType": "2", "EventData.ErrorCode": "0", "EventData.Failure reason": "NULL"}
{"EventID": "28117", "Channel": "Microsoft-Windows-Shell-Core/Operational", "Provider_Name": "Microsoft-Windows-Shell-Core", "Computer": "DESKTOP-OFJ6N53", "TimeCreated": "2025-08-01 01:23:18.704893+00:00", "RecordID": "34242", "Level": "4", "UserID": "S-1-5-21-963789628-1060504924-4285088085-1001", "EventData.Name": "Google Chrome", "EventData.AppID": "Chrome", "EventData.Flags": "49"}
{"EventID": "28032", "Channel": "Microsoft-Windows-Shell-Core/Operational", "Provider_Name": "Microsoft-Windows-Shell-Core", "Computer": "DESKTOP-OFJ6N53", "TimeCreated": "2025-08-01 01:23:18.724007+00:00", "RecordID": "34243", "Level": "4", "UserID": "S-1-5-21-963789628-1060504924-4285088085-1001", "EventData.Filename": "C:\\Program Files\\Google\\Chrome\\Application\\chrome.VisualElementsManifest.xml", "EventData.SchemaType": "2", "EventData.ErrorCode": "0", "EventData.Failure reason": "NULL"}
{"EventID": "28117", "Channel": "Microsoft-Windows-Shell-Core/Operational", "Provider_Name": "Microsoft-Windows-Shell-Core", "Computer": "DESKTOP-OFJ6N53", "TimeCreated": "2025-08-01 01:23:18.725210+00:00", "RecordID": "34244", "Level": "4", "UserID": "S-1-5-21-963789628-1060504924-4285088085-1001", "EventData.Name": "Google Chrome", "EventData.AppID": "Chrome", "EventData.Flags": "17"}
{"EventID": "28018", "Channel": "Microsoft-Windows-Shell-Core/Operational", "Provider_Name": "Microsoft-Windows-Shell-Core", "Computer": "DESKTOP-OFJ6N53", "TimeCreated": "2025-08-01 01:23:18.727245+00:00", "RecordID": "34245", "Level": "4", "UserID": "S-1-5-21-963789628-1060504924-4285088085-1001"}
{"EventID": "28019", "Channel": "Microsoft-Windows-Shell-Core/Operational", "Provider_Name": "Microsoft-Windows-Shell-Core", "Computer": "DESKTOP-OFJ6N53", "TimeCreated": "2025-08-01 01:23:18.732384+00:00", "RecordID": "34246", "Level": "4", "UserID": "S-1-5-21-963789628-1060504924-4285088085-1001"}
{"EventID": "28017", "Channel": "Microsoft-Windows-Shell-Core/Operational", "Provider_Name": "Microsoft-Windows-Shell-Core", "Computer": "DESKTOP-OFJ6N53", "TimeCreated": "2025-08-02 09:44:29.231842+00:00", "RecordID": "34247", "Level": "4", "UserID": "S-1-5-21-963789628-1060504924-4285088085-1001"}
{"EventID": "28032", "Channel": "Microsoft-Windows-Shell-Core/Operational", "Provider_Name": "Microsoft-Windows-Shell-Core", "Computer": "DESKTOP-OFJ6N53", "TimeCreated": "2025-08-02 09:44:29.294716+00:00", "RecordID": "34248", "Level": "4", "UserID": "S-1-5-21-963789628-1060504924-4285088085-1001", "EventData.Filename": "C:\\Users\\sk.batsiev\\AppData\\Local\\Microsoft\\OneDrive\\OneDrive.VisualElementsManifest.xml", "EventData.SchemaType": "2", "EventData.ErrorCode": "0", "EventData.Failure reason": "NULL"}
{"EventID": "28117", "Channel": "Microsoft-Windows-Shell-Core/Operational", "Provider_Name": "Microsoft-Windows-Shell-Core", "Computer": "DESKTOP-OFJ6N53", "TimeCreated": "2025-08-02 09:44:29.302895+00:00", "RecordID": "34249", "Level": "4", "UserID": "S-1-5-21-963789628-1060504924-4285088085-1001", "EventData.Name": "OneDrive", "EventData.AppID": "Microsoft.SkyDrive.Desktop", "EventData.Flags": "49"}
{"EventID": "28018", "Channel": "Microsoft-Windows-Shell-Core/Operational", "Provider_Name": "Microsoft-Windows-Shell-Core", "Computer": "DESKTOP-OFJ6N53", "TimeCreated": "2025-08-02 09:44:29.315550+00:00", "RecordID": "34250", "Level": "4", "UserID": "S-1-5-21-963789628-1060504924-4285088085-1001"}
{"EventID": "28019", "Channel": "Microsoft-Windows-Shell-Core/Operational", "Provider_Name": "Microsoft-Windows-Shell-Core", "Computer": "DESKTOP-OFJ6N53", "TimeCreated": "2025-08-02 09:44:29.322678+00:00", "RecordID": "34251", "Level": "4", "UserID": "S-1-5-21-963789628-1060504924-4285088085-1001"}
{"EventID": "28017", "Channel": "Microsoft-Windows-Shell-Core/Operational", "Provider_Name": "Microsoft-Windows-Shell-Core", "Computer": "DESKTOP-OFJ6N53", "TimeCreated": "2025-08-02 16:11:08.731619+00:00", "RecordID": "34252", "Level": "4", "UserID": "S-1-5-21-963789628-1060504924-4285088085-1001"}
{"EventID": "28032", "Channel": "Microsoft-Windows-Shell-Core/Operational", "Provider_Name": "Microsoft-Windows-Shell-Core", "Computer": "DESKTOP-OFJ6N53", "TimeCreated": "2025-08-02 16:11:08.792372+00:00", "RecordID": "34253", "Level": "4", "UserID": "S-1-5-21-963789628-1060504924-4285088085-1001", "EventData.Filename": "C:\\Program Files (x86)\\Microsoft\\Edge\\Application\\msedge.VisualElementsManifest.xml", "EventData.SchemaType": "2", "EventData.ErrorCode": "0", "EventData.Failure reason": "NULL"}
{"EventID": "28117", "Channel": "Microsoft-Windows-Shell-Core/Operational", "Provider_Name": "Microsoft-Windows-Shell-Core", "Computer": "DESKTOP-OFJ6N53", "TimeCreated": "2025-08-02 16:11:08.795744+00:00", "RecordID": "34254", "Level": "4", "UserID": "S-1-5-21-963789628-1060504924-4285088085-1001", "EventData.Name": "Microsoft Edge", "EventData.AppID": "MSEdge", "EventData.Flags": "57"}
{"EventID": "28032", "Channel": "Microsoft-Windows-Shell-Core/Operational", "Provider_Name": "Microsoft-Windows-Shell-Core", "Computer": "DESKTOP-OFJ6N53", "TimeCreated": "2025-08-02 16:11:08.849174+00:00", "RecordID": "34255", "Level": "4", "UserID": "S-1-5-21-963789628-1060504924-4285088085-1001", "EventData.Filename": "C:\\Program Files (x86)\\Microsoft\\Edge\\Application\\msedge.VisualElementsManifest.xml", "EventData.SchemaType": "2", "EventData.ErrorCode": "0", "EventData.Failure reason": "NULL"}
{"EventID": "28117", "Channel": "Microsoft-Windows-Shell-Core/Operational", "Provider_Name": "Microsoft-Windows-Shell-Core", "Computer": "DESKTOP-OFJ6N53", "TimeCreated": "2025-08-02 16:11:08.850845+00:00", "RecordID": "34256", "Level": "4", "UserID": "S-1-5-21-963789628-1060504924-4285088085-1001", "EventData.Name": "Microsoft Edge", "EventData.AppID": "MSEdge", "EventData.Flags": "25"}
{"EventID": "28018", "Channel": "Microsoft-Windows-Shell-Core/Operational", "Provider_Name": "Microsoft-Windows-Shell-Core", "Computer": "DESKTOP-OFJ6N53", "TimeCreated": "2025-08-02 16:11:08.853903+00:00", "RecordID": "34257", "Level": "4", "UserID": "S-1-5-21-963789628-1060504924-4285088085-1001"}
{"EventID": "28019", "Channel": "Microsoft-Windows-Shell-Core/Operational", "Provider_Name": "Microsoft-Windows-Shell-Core", "Computer": "DESKTOP-OFJ6N53", "TimeCreated": "2025-08-02 16:11:08.860346+00:00", "RecordID": "34258", "Level": "4", "UserID": "S-1-5-21-963789628-1060504924-4285088085-1001"}
{"EventID": "28017", "Channel": "Microsoft-Windows-Shell-Core/Operational", "Provider_Name": "Microsoft-Windows-Shell-Core", "Computer": "DESKTOP-OFJ6N53", "TimeCreated": "2025-08-05 21:23:24.281313+00:00", "RecordID": "34259", "Level": "4", "UserID": "S-1-5-21-963789628-1060504924-4285088085-1001"}
{"EventID": "28032", "Channel": "Microsoft-Windows-Shell-Core/Operational", "Provider_Name": "Microsoft-Windows-Shell-Core", "Computer": "DESKTOP-OFJ6N53", "TimeCreated": "2025-08-05 21:23:24.344995+00:00", "RecordID": "34260", "Level": "4", "UserID": "S-1-5-21-963789628-1060504924-4285088085-1001", "EventData.Filename": "C:\\Program Files\\Google\\Chrome\\Application\\chrome.VisualElementsManifest.xml", "EventData.SchemaType": "2", "EventData.ErrorCode": "0", "EventData.Failure reason": "NULL"}
{"EventID": "28117", "Channel": "Microsoft-Windows-Shell-Core/Operational", "Provider_Name": "Microsoft-Windows-Shell-Core", "Computer": "DESKTOP-OFJ6N53", "TimeCreated": "2025-08-05 21:23:24.348631+00:00", "RecordID": "34261", "Level": "4", "UserID": "S-1-5-21-963789628-1060504924-4285088085-1001", "EventData.Name": "Google Chrome", "EventData.AppID": "Chrome", "EventData.Flags": "49"}
{"EventID": "28032", "Channel": "Microsoft-Windows-Shell-Core/Operational", "Provider_Name": "Microsoft-Windows-Shell-Core", "Computer": "DESKTOP-OFJ6N53", "TimeCreated": "2025-08-05 21:23:24.377615+00:00", "RecordID": "34262", "Level": "4", "UserID": "S-1-5-21-963789628-1060504924-4285088085-1001", "EventData.Filename": "C:\\Program Files\\Google\\Chrome\\Application\\chrome.VisualElementsManifest.xml", "EventData.SchemaType": "2", "EventData.ErrorCode": "0", "EventData.Failure reason": "NULL"}
{"EventID": "28117", "Channel": "Microsoft-Windows-Shell-Core/Operational", "Provider_Name": "Microsoft-Windows-Shell-Core", "Computer": "DESKTOP-OFJ6N53", "TimeCreated": "2025-08-05 21:23:24.378801+00:00", "RecordID": "34263", "Level": "4", "UserID": "S-1-5-21-963789628-1060504924-4285088085-1001", "EventData.Name": "Google Chrome", "EventData.AppID": "Chrome", "EventData.Flags": "17"}
{"EventID": "28018", "Channel": "Microsoft-Windows-Shell-Core/Operational", "Provider_Name": "Microsoft-Windows-Shell-Core", "Computer": "DESKTOP-OFJ6N53", "TimeCreated": "2025-08-05 21:23:24.380932+00:00", "RecordID": "34264", "Level": "4", "UserID": "S-1-5-21-963789628-1060504924-4285088085-1001"}
{"EventID": "28019", "Channel": "Microsoft-Windows-Shell-Core/Operational", "Provider_Name": "Microsoft-Windows-Shell-Core", "Computer": "DESKTOP-OFJ6N53", "TimeCreated": "2025-08-05 21:23:24.387098+00:00", "RecordID": "34265", "Level": "4", "UserID": "S-1-5-21-963789628-1060504924-4285088085-1001"}
{"EventID": "28017", "Channel": "Microsoft-Windows-Shell-Core/Operational", "Provider_Name": "Microsoft-Windows-Shell-Core", "Computer": "DESKTOP-OFJ6N53", "TimeCreated": "2025-08-09 09:13:19.656738+00:00", "RecordID": "34266", "Level": "4", "UserID": "S-1-5-21-963789628-1060504924-4285088085-1001"}
{"EventID": "28032", "Channel": "Microsoft-Windows-Shell-Core/Operational", "Provider_Name": "Microsoft-Windows-Shell-Core", "Computer": "DESKTOP-OFJ6N53", "TimeCreated": "2025-08-09 09:13:19.939295+00:00", "RecordID": "34267", "Level": "4", "UserID": "S-1-5-21-963789628-1060504924-4285088085-1001", "EventData.Filename": "C:\\Program Files (x86)\\Microsoft\\Edge\\Application\\msedge.VisualElementsManifest.xml", "EventData.SchemaType": "2", "EventData.ErrorCode": "0", "EventData.Failure reason": "NULL"}
{"EventID": "28117", "Channel": "Microsoft-Windows-Shell-Core/Operational", "Provider_Name": "Microsoft-Windows-Shell-Core", "Computer": "DESKTOP-OFJ6N53", "TimeCreated": "2025-08-09 09:13:19.942726+00:00", "RecordID": "34268", "Level": "4", "UserID": "S-1-5-21-963789628-1060504924-4285088085-1001", "EventData.Name": "Microsoft Edge", "EventData.AppID": "MSEdge", "EventData.Flags": "57"}
{"EventID": "28032", "Channel": "Microsoft-Windows-Shell-Core/Operational", "Provider_Name": "Microsoft-Windows-Shell-Core", "Computer": "DESKTOP-OFJ6N53", "TimeCreated": "2025-08-09 09:13:20.091084+00:00", "RecordID": "34269", "Level": "4", "UserID": "S-1-5-21-963789628-1060504924-4285088085-1001", "EventData.Filename": "C:\\Program Files (x86)\\Microsoft\\Edge\\Application\\msedge.VisualElementsManifest.xml", "EventData.SchemaType": "2", "EventData.ErrorCode": "0", "EventData.Failure reason": "NULL"}
{"EventID": "28117", "Channel": "Microsoft-Windows-Shell-Core/Operational", "Provider_Name": "Microsoft-Windows-Shell-Core", "Computer": "DESKTOP-OFJ6N53", "TimeCreated": "2025-08-09 09:13:20.092266+00:00", "RecordID": "34270", "Level": "4", "UserID": "S-1-5-21-963789628-1060504924-4285088085-1001", "EventData.Name": "Microsoft Edge", "EventData.AppID": "MSEdge", "EventData.Flags": "25"}
{"EventID": "28018", "Channel": "Microsoft-Windows-Shell-Core/Operational", "Provider_Name": "Microsoft-Windows-Shell-Core", "Computer": "DESKTOP-OFJ6N53", "TimeCreated": "2025-08-09 09:13:20.110632+00:00", "RecordID": "34271", "Level": "4", "UserID": "S-1-5-21-963789628-1060504924-4285088085-1001"}
{"EventID": "28019", "Channel": "Microsoft-Windows-Shell-Core/Operational", "Provider_Name": "Microsoft-Windows-Shell-Core", "Computer": "DESKTOP-OFJ6N53", "TimeCreated": "2025-08-09 09:13:20.117350+00:00", "RecordID": "34272", "Level": "4", "UserID": "S-1-5-21-963789628-1060504924-4285088085-1001"}
{"EventID": "28017", "Channel": "Microsoft-Windows-Shell-Core/Operational", "Provider_Name": "Microsoft-Windows-Shell-Core", "Computer": "DESKTOP-OFJ6N53", "TimeCreated": "2025-08-09 14:55:05.143671+00:00", "RecordID": "34273", "Level": "4", "UserID": "S-1-5-21-963789628-1060504924-4285088085-1001"}
{"EventID": "28032", "Channel": "Microsoft-Windows-Shell-Core/Operational", "Provider_Name": "Microsoft-Windows-Shell-Core", "Computer": "DESKTOP-OFJ6N53", "TimeCreated": "2025-08-09 14:55:05.235931+00:00", "RecordID": "34274", "Level": "4", "UserID": "S-1-5-21-963789628-1060504924-4285088085-1001", "EventData.Filename": "C:\\Users\\sk.batsiev\\AppData\\Local\\Microsoft\\OneDrive\\OneDrive.VisualElementsManifest.xml", "EventData.SchemaType": "2", "EventData.ErrorCode": "0", "EventData.Failure reason": "NULL"}
{"EventID": "28117", "Channel": "Microsoft-Windows-Shell-Core/Operational", "Provider_Name": "Microsoft-Windows-Shell-Core", "Computer": "DESKTOP-OFJ6N53", "TimeCreated": "2025-08-09 14:55:05.354170+00:00", "RecordID": "34275", "Level": "4", "UserID": "S-1-5-21-963789628-1060504924-4285088085-1001", "EventData.Name": "OneDrive", "EventData.AppID": "Microsoft.SkyDrive.Desktop", "EventData.Flags": "49"}
{"EventID": "28018", "Channel": "Microsoft-Windows-Shell-Core/Operational", "Provider_Name": "Microsoft-Windows-Shell-Core", "Computer": "DESKTOP-OFJ6N53", "TimeCreated": "2025-08-09 14:55:05.365240+00:00", "RecordID": "34276", "Level": "4", "UserID": "S-1-5-21-963789628-1060504924-4285088085-1001"}
{"EventID": "28019", "Channel": "Microsoft-Windows-Shell-Core/Operational", "Provider_Name": "Microsoft-Windows-Shell-Core", "Computer": "DESKTOP-OFJ6N53", "TimeCreated": "2025-08-09 14:55:05.420437+00:00", "RecordID": "34277", "Level": "4", "UserID": "S-1-5-21-963789628-1060504924-4285088085-1001"}
{"EventID": "28017", "Channel": "Microsoft-Windows-Shell-Core/Operational", "Provider_Name": "Microsoft-Windows-Shell-Core", "Computer": "DESKTOP-OFJ6N53", "TimeCreated": "2025-08-12 04:28:29.182587+00:00", "RecordID": "34278", "Level": "4", "UserID": "S-1-5-21-963789628-1060504924-4285088085-1001"}
{"EventID": "28032", "Channel": "Microsoft-Windows-Shell-Core/Operational", "Provider_Name": "Microsoft-Windows-Shell-Core", "Computer": "DESKTOP-OFJ6N53", "TimeCreated": "2025-08-12 04:28:29.381157+00:00", "RecordID": "34279", "Level": "4", "UserID": "S-1-5-21-963789628-1060504924-4285088085-1001", "EventData.Filename": "C:\\Program Files\\Google\\Chrome\\Application\\chrome.VisualElementsManifest.xml", "EventData.SchemaType": "2", "EventData.ErrorCode": "0", "EventData.Failure reason": "NULL"}
{"EventID": "28117", "Channel": "Microsoft-Windows-Shell-Core/Operational", "Provider_Name": "Microsoft-Windows-Shell-Core", "Computer": "DESKTOP-OFJ6N53", "TimeCreated": "2025-08-12 04:28:29.384632+00:00", "RecordID": "34280", "Level": "4", "UserID": "S-1-5-21-963789628-1060504924-4285088085-1001", "EventData.Name": "Google Chrome", "EventData.AppID": "Chrome", "EventData.Flags": "49"}
{"EventID": "28032", "Channel": "Microsoft-Windows-Shell-Core/Operational", "Provider_Name": "Microsoft-Windows-Shell-Core", "Computer": "DESKTOP-OFJ6N53", "TimeCreated": "2025-08-12 04:28:29.419052+00:00", "RecordID": "34281", "Level": "4", "UserID": "S-1-5-21-963789628-1060504924-4285088085-1001", "EventData.Filename": "C:\\Program Files\\Google\\Chrome\\Application\\chrome.VisualElementsManifest.xml", "EventData.SchemaType": "2", "EventData.ErrorCode": "0", "EventData.Failure reason": "NULL"}
{"EventID": "28117", "Channel": "Microsoft-Windows-Shell-Core/Operational", "Provider_Name": "Microsoft-Windows-Shell-Core", "Computer": "DESKTOP-OFJ6N53", "TimeCreated": "2025-08-12 04:28:29.420319+00:00", "RecordID": "34282", "Level": "4", "UserID": "S-1-5-21-963789628-1060504924-4285088085-1001", "EventData.Name": "Google Chrome", "EventData.AppID": "Chrome", "EventData.Flags": "17"}
{"EventID": "28018", "Channel": "Microsoft-Windows-Shell-Core/Operational", "Provider_Name": "Microsoft-Windows-Shell-Core", "Computer": "DESKTOP-OFJ6N53", "TimeCreated": "2025-08-12 04:28:29.421688+00:00", "RecordID": "34283", "Level": "4", "UserID": "S-1-5-21-963789628-1060504924-4285088085-1001"}
{"EventID": "28019", "Channel": "Microsoft-Windows-Shell-Core/Operational", "Provider_Name": "Microsoft-Windows-Shell-Core", "Computer": "DESKTOP-OFJ6N53", "TimeCreated": "2025-08-12 04:28:29.558006+00:00", "RecordID": "34284", "Level": "4", "UserID": "S-1-5-21-963789628-1060504924-4285088085-1001"}
{"EventID": "62170", "Channel": "Microsoft-Windows-Shell-Core/Operational", "Provider_Name": "Microsoft-Windows-Shell-Core", "Computer": "DESKTOP-OFJ6N53", "TimeCreated": "2025-08-12 12:18:25.916357+00:00", "RecordID": "34285", "Level": "4", "UserID": "S-1-5-21-963789628-1060504924-4285088085-1001", "EventData.LogonType": "1024", "EventData.TaskName": "AllLogonTasks"}
{"EventID": "62170", "Channel": "Microsoft-Windows-Shell-Core/Operational", "Provider_Name": "Microsoft-Windows-Shell-Core", "Computer": "DESKTOP-OFJ6N53", "TimeCreated": "2025-08-12 12:18:25.917170+00:00", "RecordID": "34286", "Level": "4", "UserID": "S-1-5-21-963789628-1060504924-4285088085-1001", "EventData.LogonType": "1024", "EventData.TaskName": "PreRoamingTasks"}
{"EventID": "62170", "Channel": "Microsoft-Windows-Shell-Core/Operational", "Provider_Name": "Microsoft-Windows-Shell-Core", "Computer": "DESKTOP-OFJ6N53", "TimeCreated": "2025-08-12 12:18:25.917509+00:00", "RecordID": "34287", "Level": "4", "UserID": "S-1-5-21-963789628-1060504924-4285088085-1001", "EventData.LogonType": "1024", "EventData.TaskName": "UndockedShellUpdate"}
{"EventID": "62171", "Channel": "Microsoft-Windows-Shell-Core/Operational", "Provider_Name": "Microsoft-Windows-Shell-Core", "Computer": "DESKTOP-OFJ6N53", "TimeCreated": "2025-08-12 12:18:25.917549+00:00", "RecordID": "34288", "Level": "4", "UserID": "S-1-5-21-963789628-1060504924-4285088085-1001", "EventData.LogonType": "1024", "EventData.TaskName": "UndockedShellUpdate"}
{"EventID": "62170", "Channel": "Microsoft-Windows-Shell-Core/Operational", "Provider_Name": "Microsoft-Windows-Shell-Core", "Computer": "DESKTOP-OFJ6N53", "TimeCreated": "2025-08-12 12:18:25.917582+00:00", "RecordID": "34289", "Level": "4", "UserID": "S-1-5-21-963789628-1060504924-4285088085-1001", "EventData.LogonType": "1024", "EventData.TaskName": "ShellPrep"}
{"EventID": "62171", "Channel": "Microsoft-Windows-Shell-Core/Operational", "Provider_Name": "Microsoft-Windows-Shell-Core", "Computer": "DESKTOP-OFJ6N53", "TimeCreated": "2025-08-12 12:18:25.917744+00:00", "RecordID": "34290", "Level": "4", "UserID": "S-1-5-21-963789628-1060504924-4285088085-1001", "EventData.LogonType": "1024", "EventData.TaskName": "ShellPrep"}
{"EventID": "62170", "Channel": "Microsoft-Windows-Shell-Core/Operational", "Provider_Name": "Microsoft-Windows-Shell-Core", "Computer": "DESKTOP-OFJ6N53", "TimeCreated": "2025-08-12 12:18:25.917810+00:00", "RecordID": "34291", "Level": "4", "UserID": "S-1-5-21-963789628-1060504924-4285088085-1001", "EventData.LogonType": "1024", "EventData.TaskName": "AppReadinessPreRoamingGroup"}
{"EventID": "62170", "Channel": "Microsoft-Windows-Shell-Core/Operational", "Provider_Name": "Microsoft-Windows-Shell-Core", "Computer": "DESKTOP-OFJ6N53", "TimeCreated": "2025-08-12 12:18:25.917843+00:00", "RecordID": "34292", "Level": "4", "UserID": "S-1-5-21-963789628-1060504924-4285088085-1001", "EventData.LogonType": "1024", "EventData.TaskName": "DefaultAssociations"}
{"EventID": "62170", "Channel": "Microsoft-Windows-Shell-Core/Operational", "Provider_Name": "Microsoft-Windows-Shell-Core", "Computer": "DESKTOP-OFJ6N53", "TimeCreated": "2025-08-12 12:18:25.917847+00:00", "RecordID": "34293", "Level": "4", "UserID": "S-1-5-21-963789628-1060504924-4285088085-1001", "EventData.LogonType": "1024", "EventData.TaskName": "AppReadinessPreShellGroup"}
{"EventID": "62171", "Channel": "Microsoft-Windows-Shell-Core/Operational", "Provider_Name": "Microsoft-Windows-Shell-Core", "Computer": "DESKTOP-OFJ6N53", "TimeCreated": "2025-08-12 12:18:25.920675+00:00", "RecordID": "34294", "Level": "4", "UserID": "S-1-5-21-963789628-1060504924-4285088085-1001", "EventData.LogonType": "1024", "EventData.TaskName": "DefaultAssociations"}
{"EventID": "62170", "Channel": "Microsoft-Windows-Shell-Core/Operational", "Provider_Name": "Microsoft-Windows-Shell-Core", "Computer": "DESKTOP-OFJ6N53", "TimeCreated": "2025-08-12 12:18:33.577286+00:00", "RecordID": "34295", "Level": "4", "UserID": "S-1-5-21-963789628-1060504924-4285088085-1001", "EventData.LogonType": "1024", "EventData.TaskName": "AppResolver"}
{"EventID": "62170", "Channel": "Microsoft-Windows-Shell-Core/Operational", "Provider_Name": "Microsoft-Windows-Shell-Core", "Computer": "DESKTOP-OFJ6N53", "TimeCreated": "2025-08-12 12:18:33.577314+00:00", "RecordID": "34296", "Level": "4", "UserID": "S-1-5-21-963789628-1060504924-4285088085-1001", "EventData.LogonType": "1024", "EventData.TaskName": "SkydrivePrep"}
{"EventID": "62171", "Channel": "Microsoft-Windows-Shell-Core/Operational", "Provider_Name": "Microsoft-Windows-Shell-Core", "Computer": "DESKTOP-OFJ6N53", "TimeCreated": "2025-08-12 12:18:33.577316+00:00", "RecordID": "34297", "Level": "4", "UserID": "S-1-5-21-963789628-1060504924-4285088085-1001", "EventData.LogonType": "1024", "EventData.TaskName": "SkydrivePrep"}
{"EventID": "62170", "Channel": "Microsoft-Windows-Shell-Core/Operational", "Provider_Name": "Microsoft-Windows-Shell-Core", "Computer": "DESKTOP-OFJ6N53", "TimeCreated": "2025-08-12 12:18:33.577318+00:00", "RecordID": "34298", "Level": "4", "UserID": "S-1-5-21-963789628-1060504924-4285088085-1001", "EventData.LogonType": "1024", "EventData.TaskName": "RunOnce"}
{"EventID": "62170", "Channel": "Microsoft-Windows-Shell-Core/Operational", "Provider_Name": "Microsoft-Windows-Shell-Core", "Computer": "DESKTOP-OFJ6N53", "TimeCreated": "2025-08-12 12:18:33.577353+00:00", "RecordID": "34299", "Level": "4", "UserID": "S-1-5-21-963789628-1060504924-4285088085-1001", "EventData.LogonType": "1024", "EventData.TaskName": "GetLanguageOverlayPackage"}
{"EventID": "62171", "Channel": "Microsoft-Windows-Shell-Core/Operational", "Provider_Name": "Microsoft-Windows-Shell-Core", "Computer": "DESKTOP-OFJ6N53", "TimeCreated": "2025-08-12 12:18:33.577354+00:00", "RecordID": "34300", "Level": "4", "UserID": "S-1-5-21-963789628-1060504924-4285088085-1001", "EventData.LogonType": "1024", "EventData.TaskName": "GetLanguageOverlayPackage"}
{"EventID": "62171", "Channel": "Microsoft-Windows-Shell-Core/Operational", "Provider_Name": "Microsoft-Windows-Shell-Core", "Computer": "DESKTOP-OFJ6N53", "TimeCreated": "2025-08-12 12:18:33.577726+00:00", "RecordID": "34301", "Level": "4", "UserID": "S-1-5-21-963789628-1060504924-4285088085-1001", "EventData.LogonType": "1024", "EventData.TaskName": "RunOnce"}
{"EventID": "62170", "Channel": "Microsoft-Windows-Shell-Core/Operational", "Provider_Name": "Microsoft-Windows-Shell-Core", "Computer": "DESKTOP-OFJ6N53", "TimeCreated": "2025-08-12 12:18:33.577730+00:00", "RecordID": "34302", "Level": "4", "UserID": "S-1-5-21-963789628-1060504924-4285088085-1001", "EventData.LogonType": "1024", "EventData.TaskName": "ActiveSetup"}
{"EventID": "28125", "Channel": "Microsoft-Windows-Shell-Core/Operational", "Provider_Name": "Microsoft-Windows-Shell-Core", "Computer": "DESKTOP-OFJ6N53", "TimeCreated": "2025-08-12 12:18:33.578712+00:00", "RecordID": "34303", "Level": "4", "UserID": "S-1-5-21-963789628-1060504924-4285088085-1001", "EventData.Scenario": "1", "EventData.Flags": "268"}
{"EventID": "62171", "Channel": "Microsoft-Windows-Shell-Core/Operational", "Provider_Name": "Microsoft-Windows-Shell-Core", "Computer": "DESKTOP-OFJ6N53", "TimeCreated": "2025-08-12 12:18:33.583496+00:00", "RecordID": "34304", "Level": "4", "UserID": "S-1-5-21-963789628-1060504924-4285088085-1001", "EventData.LogonType": "1024", "EventData.TaskName": "ActiveSetup"}
{"EventID": "62170", "Channel": "Microsoft-Windows-Shell-Core/Operational", "Provider_Name": "Microsoft-Windows-Shell-Core", "Computer": "DESKTOP-OFJ6N53", "TimeCreated": "2025-08-12 12:18:33.583517+00:00", "RecordID": "34305", "Level": "4", "UserID": "S-1-5-21-963789628-1060504924-4285088085-1001", "EventData.LogonType": "1024", "EventData.TaskName": "WaitForMSAConnected"}
{"EventID": "62171", "Channel": "Microsoft-Windows-Shell-Core/Operational", "Provider_Name": "Microsoft-Windows-Shell-Core", "Computer": "DESKTOP-OFJ6N53", "TimeCreated": "2025-08-12 12:18:33.583519+00:00", "RecordID": "34306", "Level": "4", "UserID": "S-1-5-21-963789628-1060504924-4285088085-1001", "EventData.LogonType": "1024", "EventData.TaskName": "WaitForMSAConnected"}
{"EventID": "62170", "Channel": "Microsoft-Windows-Shell-Core/Operational", "Provider_Name": "Microsoft-Windows-Shell-Core", "Computer": "DESKTOP-OFJ6N53", "TimeCreated": "2025-08-12 12:18:33.583538+00:00", "RecordID": "34307", "Level": "4", "UserID": "S-1-5-21-963789628-1060504924-4285088085-1001", "EventData.LogonType": "1024", "EventData.TaskName": "RefreshOneSettingsFeatureConfigurations"}
{"EventID": "62171", "Channel": "Microsoft-Windows-Shell-Core/Operational", "Provider_Name": "Microsoft-Windows-Shell-Core", "Computer": "DESKTOP-OFJ6N53", "TimeCreated": "2025-08-12 12:18:33.583551+00:00", "RecordID": "34308", "Level": "4", "UserID": "S-1-5-21-963789628-1060504924-4285088085-1001", "EventData.LogonType": "1024", "EventData.TaskName": "RefreshOneSettingsFeatureConfigurations"}
{"EventID": "62171", "Channel": "Microsoft-Windows-Shell-Core/Operational", "Provider_Name": "Microsoft-Windows-Shell-Core", "Computer": "DESKTOP-OFJ6N53", "TimeCreated": "2025-08-12 12:18:33.583698+00:00", "RecordID": "34309", "Level": "4", "UserID": "S-1-5-21-963789628-1060504924-4285088085-1001", "EventData.LogonType": "1024", "EventData.TaskName": "AppReadinessPreRoamingGroup"}
{"EventID": "62171", "Channel": "Microsoft-Windows-Shell-Core/Operational", "Provider_Name": "Microsoft-Windows-Shell-Core", "Computer": "DESKTOP-OFJ6N53", "TimeCreated": "2025-08-12 12:18:33.583704+00:00", "RecordID": "34310", "Level": "4", "UserID": "S-1-5-21-963789628-1060504924-4285088085-1001", "EventData.LogonType": "1024", "EventData.TaskName": "PreRoamingTasks"}
{"EventID": "62170", "Channel": "Microsoft-Windows-Shell-Core/Operational", "Provider_Name": "Microsoft-Windows-Shell-Core", "Computer": "DESKTOP-OFJ6N53", "TimeCreated": "2025-08-12 12:18:33.583706+00:00", "RecordID": "34311", "Level": "4", "UserID": "S-1-5-21-963789628-1060504924-4285088085-1001", "EventData.LogonType": "1024", "EventData.TaskName": "PreShellTasks"}
{"EventID": "62170", "Channel": "Microsoft-Windows-Shell-Core/Operational", "Provider_Name": "Microsoft-Windows-Shell-Core", "Computer": "DESKTOP-OFJ6N53", "TimeCreated": "2025-08-12 12:18:33.583897+00:00", "RecordID": "34312", "Level": "4", "UserID": "S-1-5-21-963789628-1060504924-4285088085-1001", "EventData.LogonType": "1024", "EventData.TaskName": "RoamingBootstrapAndPayloads"}
{"EventID": "62171", "Channel": "Microsoft-Windows-Shell-Core/Operational", "Provider_Name": "Microsoft-Windows-Shell-Core", "Computer": "DESKTOP-OFJ6N53", "TimeCreated": "2025-08-12 12:18:33.584251+00:00", "RecordID": "34313", "Level": "4", "UserID": "S-1-5-21-963789628-1060504924-4285088085-1001", "EventData.LogonType": "1024", "EventData.TaskName": "RoamingBootstrapAndPayloads"}
{"EventID": "62170", "Channel": "Microsoft-Windows-Shell-Core/Operational", "Provider_Name": "Microsoft-Windows-Shell-Core", "Computer": "DESKTOP-OFJ6N53", "TimeCreated": "2025-08-12 12:18:33.584255+00:00", "RecordID": "34314", "Level": "4", "UserID": "S-1-5-21-963789628-1060504924-4285088085-1001", "EventData.LogonType": "1024", "EventData.TaskName": "AppResolverUsageReconcilerInit"}
{"EventID": "62171", "Channel": "Microsoft-Windows-Shell-Core/Operational", "Provider_Name": "Microsoft-Windows-Shell-Core", "Computer": "DESKTOP-OFJ6N53", "TimeCreated": "2025-08-12 12:18:33.584293+00:00", "RecordID": "34315", "Level": "4", "UserID": "S-1-5-21-963789628-1060504924-4285088085-1001", "EventData.LogonType": "1024", "EventData.TaskName": "AppResolverUsageReconcilerInit"}
{"EventID": "62170", "Channel": "Microsoft-Windows-Shell-Core/Operational", "Provider_Name": "Microsoft-Windows-Shell-Core", "Computer": "DESKTOP-OFJ6N53", "TimeCreated": "2025-08-12 12:18:33.584295+00:00", "RecordID": "34316", "Level": "4", "UserID": "S-1-5-21-963789628-1060504924-4285088085-1001", "EventData.LogonType": "1024", "EventData.TaskName": "StartLayoutInit"}
{"EventID": "62170", "Channel": "Microsoft-Windows-Shell-Core/Operational", "Provider_Name": "Microsoft-Windows-Shell-Core", "Computer": "DESKTOP-OFJ6N53", "TimeCreated": "2025-08-12 12:18:33.584339+00:00", "RecordID": "34317", "Level": "4", "UserID": "S-1-5-21-963789628-1060504924-4285088085-1001", "EventData.LogonType": "1024", "EventData.TaskName": "UgradeTaskFlowPolicy"}
{"EventID": "62171", "Channel": "Microsoft-Windows-Shell-Core/Operational", "Provider_Name": "Microsoft-Windows-Shell-Core", "Computer": "DESKTOP-OFJ6N53", "TimeCreated": "2025-08-12 12:18:33.584341+00:00", "RecordID": "34318", "Level": "4", "UserID": "S-1-5-21-963789628-1060504924-4285088085-1001", "EventData.LogonType": "1024", "EventData.TaskName": "UgradeTaskFlowPolicy"}
{"EventID": "62170", "Channel": "Microsoft-Windows-Shell-Core/Operational", "Provider_Name": "Microsoft-Windows-Shell-Core", "Computer": "DESKTOP-OFJ6N53", "TimeCreated": "2025-08-12 12:18:33.584368+00:00", "RecordID": "34319", "Level": "4", "UserID": "S-1-5-21-963789628-1060504924-4285088085-1001", "EventData.LogonType": "1024", "EventData.TaskName": "LaunchProgrammableTaskbarCloudManager"}
{"EventID": "62171", "Channel": "Microsoft-Windows-Shell-Core/Operational", "Provider_Name": "Microsoft-Windows-Shell-Core", "Computer": "DESKTOP-OFJ6N53", "TimeCreated": "2025-08-12 12:18:33.584448+00:00", "RecordID": "34320", "Level": "4", "UserID": "S-1-5-21-963789628-1060504924-4285088085-1001", "EventData.LogonType": "1024", "EventData.TaskName": "LaunchProgrammableTaskbarCloudManager"}
{"EventID": "28017", "Channel": "Microsoft-Windows-Shell-Core/Operational", "Provider_Name": "Microsoft-Windows-Shell-Core", "Computer": "DESKTOP-OFJ6N53", "TimeCreated": "2025-08-12 12:18:43.590044+00:00", "RecordID": "34321", "Level": "4", "UserID": "S-1-5-21-963789628-1060504924-4285088085-1001"}
{"EventID": "28018", "Channel": "Microsoft-Windows-Shell-Core/Operational", "Provider_Name": "Microsoft-Windows-Shell-Core", "Computer": "DESKTOP-OFJ6N53", "TimeCreated": "2025-08-12 12:18:43.728912+00:00", "RecordID": "34322", "Level": "4", "UserID": "S-1-5-21-963789628-1060504924-4285088085-1001"}
{"EventID": "28019", "Channel": "Microsoft-Windows-Shell-Core/Operational", "Provider_Name": "Microsoft-Windows-Shell-Core", "Computer": "DESKTOP-OFJ6N53", "TimeCreated": "2025-08-12 12:18:44.009821+00:00", "RecordID": "34323", "Level": "4", "UserID": "S-1-5-21-963789628-1060504924-4285088085-1001"}
{"EventID": "62144", "Channel": "Microsoft-Windows-Shell-Core/Operational", "Provider_Name": "Microsoft-Windows-Shell-Core", "Computer": "DESKTOP-OFJ6N53", "TimeCreated": "2025-08-12 12:18:47.638306+00:00", "RecordID": "34324", "Level": "4", "UserID": "S-1-5-21-963789628-1060504924-4285088085-1001", "EventData.PackageFamilyName": "Microsoft.Edge.GameAssist_8wekyb3d8bbwe", "EventData.InstallState": "", "EventData.ErrorCode": "0"}
{"EventID": "62144", "Channel": "Microsoft-Windows-Shell-Core/Operational", "Provider_Name": "Microsoft-Windows-Shell-Core", "Computer": "DESKTOP-OFJ6N53", "TimeCreated": "2025-08-12 12:19:04.713015+00:00", "RecordID": "34325", "Level": "4", "UserID": "S-1-5-21-963789628-1060504924-4285088085-1001", "EventData.PackageFamilyName": "Microsoft.Edge.GameAssist_8wekyb3d8bbwe", "EventData.InstallState": "", "EventData.ErrorCode": "0"}
{"EventID": "62171", "Channel": "Microsoft-Windows-Shell-Core/Operational", "Provider_Name": "Microsoft-Windows-Shell-Core", "Computer": "DESKTOP-OFJ6N53", "TimeCreated": "2025-08-12 12:19:04.878378+00:00", "RecordID": "34326", "Level": "4", "UserID": "S-1-5-21-963789628-1060504924-4285088085-1001", "EventData.LogonType": "1024", "EventData.TaskName": "AppReadinessPreShellGroup"}
{"EventID": "62171", "Channel": "Microsoft-Windows-Shell-Core/Operational", "Provider_Name": "Microsoft-Windows-Shell-Core", "Computer": "DESKTOP-OFJ6N53", "TimeCreated": "2025-08-12 12:19:04.878408+00:00", "RecordID": "34327", "Level": "4", "UserID": "S-1-5-21-963789628-1060504924-4285088085-1001", "EventData.LogonType": "1024", "EventData.TaskName": "AppResolver"}
{"EventID": "62171", "Channel": "Microsoft-Windows-Shell-Core/Operational", "Provider_Name": "Microsoft-Windows-Shell-Core", "Computer": "DESKTOP-OFJ6N53", "TimeCreated": "2025-08-12 12:19:04.878414+00:00", "RecordID": "34328", "Level": "4", "UserID": "S-1-5-21-963789628-1060504924-4285088085-1001", "EventData.LogonType": "1024", "EventData.TaskName": "PreShellTasks"}
{"EventID": "62170", "Channel": "Microsoft-Windows-Shell-Core/Operational", "Provider_Name": "Microsoft-Windows-Shell-Core", "Computer": "DESKTOP-OFJ6N53", "TimeCreated": "2025-08-12 12:19:04.878452+00:00", "RecordID": "34329", "Level": "4", "UserID": "S-1-5-21-963789628-1060504924-4285088085-1001", "EventData.LogonType": "1024", "EventData.TaskName": "ShellInitTasks"}
{"EventID": "62170", "Channel": "Microsoft-Windows-Shell-Core/Operational", "Provider_Name": "Microsoft-Windows-Shell-Core", "Computer": "DESKTOP-OFJ6N53", "TimeCreated": "2025-08-12 12:19:04.878632+00:00", "RecordID": "34330", "Level": "4", "UserID": "S-1-5-21-963789628-1060504924-4285088085-1001", "EventData.LogonType": "1024", "EventData.TaskName": "AppReadinessLogonGroup"}
{"EventID": "62170", "Channel": "Microsoft-Windows-Shell-Core/Operational", "Provider_Name": "Microsoft-Windows-Shell-Core", "Computer": "DESKTOP-OFJ6N53", "TimeCreated": "2025-08-12 12:19:04.878635+00:00", "RecordID": "34331", "Level": "4", "UserID": "S-1-5-21-963789628-1060504924-4285088085-1001", "EventData.LogonType": "1024", "EventData.TaskName": "UpdatePCSettingsShellInit"}
{"EventID": "62171", "Channel": "Microsoft-Windows-Shell-Core/Operational", "Provider_Name": "Microsoft-Windows-Shell-Core", "Computer": "DESKTOP-OFJ6N53", "TimeCreated": "2025-08-12 12:19:04.878700+00:00", "RecordID": "34332", "Level": "4", "UserID": "S-1-5-21-963789628-1060504924-4285088085-1001", "EventData.LogonType": "1024", "EventData.TaskName": "UpdatePCSettingsShellInit"}
{"EventID": "62170", "Channel": "Microsoft-Windows-Shell-Core/Operational", "Provider_Name": "Microsoft-Windows-Shell-Core", "Computer": "DESKTOP-OFJ6N53", "TimeCreated": "2025-08-12 12:19:04.878702+00:00", "RecordID": "34333", "Level": "4", "UserID": "S-1-5-21-963789628-1060504924-4285088085-1001", "EventData.LogonType": "1024", "EventData.TaskName": "InstallPWAs"}
{"EventID": "62171", "Channel": "Microsoft-Windows-Shell-Core/Operational", "Provider_Name": "Microsoft-Windows-Shell-Core", "Computer": "DESKTOP-OFJ6N53", "TimeCreated": "2025-08-12 12:19:06.281050+00:00", "RecordID": "34334", "Level": "4", "UserID": "S-1-5-21-963789628-1060504924-4285088085-1001", "EventData.LogonType": "1024", "EventData.TaskName": "AppReadinessLogonGroup"}
{"EventID": "62171", "Channel": "Microsoft-Windows-Shell-Core/Operational", "Provider_Name": "Microsoft-Windows-Shell-Core", "Computer": "DESKTOP-OFJ6N53", "TimeCreated": "2025-08-12 12:19:06.281796+00:00", "RecordID": "34335", "Level": "4", "UserID": "S-1-5-21-963789628-1060504924-4285088085-1001", "EventData.LogonType": "1024", "EventData.TaskName": "InstallPWAs"}
{"EventID": "62171", "Channel": "Microsoft-Windows-Shell-Core/Operational", "Provider_Name": "Microsoft-Windows-Shell-Core", "Computer": "DESKTOP-OFJ6N53", "TimeCreated": "2025-08-12 12:19:06.281803+00:00", "RecordID": "34336", "Level": "4", "UserID": "S-1-5-21-963789628-1060504924-4285088085-1001", "EventData.LogonType": "1024", "EventData.TaskName": "ShellInitTasks"}
{"EventID": "62170", "Channel": "Microsoft-Windows-Shell-Core/Operational", "Provider_Name": "Microsoft-Windows-Shell-Core", "Computer": "DESKTOP-OFJ6N53", "TimeCreated": "2025-08-12 12:19:17.699747+00:00", "RecordID": "34337", "Level": "4", "UserID": "S-1-5-21-963789628-1060504924-4285088085-1001", "EventData.LogonType": "1024", "EventData.TaskName": "PreStartTasks"}
{"EventID": "62170", "Channel": "Microsoft-Windows-Shell-Core/Operational", "Provider_Name": "Microsoft-Windows-Shell-Core", "Computer": "DESKTOP-OFJ6N53", "TimeCreated": "2025-08-12 12:19:17.699898+00:00", "RecordID": "34338", "Level": "4", "UserID": "S-1-5-21-963789628-1060504924-4285088085-1001", "EventData.LogonType": "1024", "EventData.TaskName": "LaunchExperienceHost"}
{"EventID": "28125", "Channel": "Microsoft-Windows-Shell-Core/Operational", "Provider_Name": "Microsoft-Windows-Shell-Core", "Computer": "DESKTOP-OFJ6N53", "TimeCreated": "2025-08-12 12:19:17.700008+00:00", "RecordID": "34339", "Level": "4", "UserID": "S-1-5-21-963789628-1060504924-4285088085-1001", "EventData.Scenario": "1", "EventData.Flags": "2316"}
