{"EventID": "40", "Channel": "Microsoft-Windows-TerminalServices-LocalSessionManager/Operational", "Provider_Name": "Microsoft-Windows-TerminalServices-LocalSessionManager", "Computer": "DESKTOP-OFJ6N53", "TimeCreated": "2024-12-02 17:24:14.208433+00:00", "RecordID": "6766", "Level": "4", "UserID": "S-1-5-18"}
{"EventID": "24", "Channel": "Microsoft-Windows-TerminalServices-LocalSessionManager/Operational", "Provider_Name": "Microsoft-Windows-TerminalServices-LocalSessionManager", "Computer": "DESKTOP-OFJ6N53", "TimeCreated": "2024-12-02 17:24:14.617285+00:00", "RecordID": "6767", "Level": "4", "UserID": "S-1-5-18"}
{"EventID": "40", "Channel": "Microsoft-Windows-TerminalServices-LocalSessionManager/Operational", "Provider_Name": "Microsoft-Windows-TerminalServices-LocalSessionManager", "Computer": "DESKTOP-OFJ6N53", "TimeCreated": "2024-12-03 08:05:50.274437+00:00", "RecordID": "6768", "Level": "4", "UserID": "S-1-5-18"}
{"EventID": "25", "Channel": "Microsoft-Windows-TerminalServices-LocalSessionManager/Operational", "Provider_Name": "Microsoft-Windows-TerminalServices-LocalSessionManager", "Computer": "DESKTOP-OFJ6N53", "TimeCreated": "2024-12-03 08:05:50.878515+00:00", "RecordID": "6769", "Level": "4", "UserID": "S-1-5-18"}
{"EventID": "23", "Channel": "Microsoft-Windows-TerminalServices-LocalSessionManager/Operational", "Provider_Name": "Microsoft-Windows-TerminalServices-LocalSessionManager", "Computer": "DESKTOP-OFJ6N53", "TimeCreated": "2024-12-03 10:23:27.365602+00:00", "RecordID": "6770", "Level": "4", "UserID": "S-1-5-18"}
{"EventID": "54", "Channel": "Microsoft-Windows-TerminalServices-LocalSessionManager/Operational", "Provider_Name": "Microsoft-Windows-TerminalServices-LocalSessionManager", "Computer": "DESKTOP-OFJ6N53", "TimeCreated": "2024-12-03 10:23:27.610830+00:00", "RecordID": "6771", "Level": "4", "UserID": "S-1-5-18"}
{"EventID": "40", "Channel": "Microsoft-Windows-TerminalServices-LocalSessionManager/Operational", "Provider_Name": "Microsoft-Windows-TerminalServices-LocalSessionManager", "Computer": "DESKTOP-OFJ6N53", "TimeCreated": "2024-12-03 10:23:28.045656+00:00", "RecordID": "6772", "Level": "4", "UserID": "S-1-5-18"}
{"EventID": "24", "Channel": "Microsoft-Windows-TerminalServices-LocalSessionManager/Operational", "Provider_Name": "Microsoft-Windows-TerminalServices-LocalSessionManager", "Computer": "DESKTOP-OFJ6N53", "TimeCreated": "2024-12-03 10:23:28.214693+00:00", "RecordID": "6773", "Level": "4", "UserID": "S-1-5-18"}
{"EventID": "32", "Channel": "Microsoft-Windows-TerminalServices-LocalSessionManager/Operational", "Provider_Name": "Microsoft-Windows-TerminalServices-LocalSessionManager", "Computer": "DESKTOP-OFJ6N53", "TimeCreated": "2024-12-03 10:23:57.899008+00:00", "RecordID": "6774", "Level": "4", "UserID": "S-1-5-18"}
{"EventID": "41", "Channel": "Microsoft-Windows-TerminalServices-LocalSessionManager/Operational", "Provider_Name": "Microsoft-Windows-TerminalServices-LocalSessionManager", "Computer": "DESKTOP-OFJ6N53", "TimeCreated": "2024-12-03 10:23:59.234728+00:00", "RecordID": "6775", "Level": "4", "UserID": "S-1-5-18"}
{"EventID": "42", "Channel": "Microsoft-Windows-TerminalServices-LocalSessionManager/Operational", "Provider_Name": "Microsoft-Windows-TerminalServices-LocalSessionManager", "Computer": "DESKTOP-OFJ6N53", "TimeCreated": "2024-12-03 10:23:59.242800+00:00", "RecordID": "6776", "Level": "4", "UserID": "S-1-5-18"}
{"EventID": "21", "Channel": "Microsoft-Windows-TerminalServices-LocalSessionManager/Operational", "Provider_Name": "Microsoft-Windows-TerminalServices-LocalSessionManager", "Computer": "DESKTOP-OFJ6N53", "TimeCreated": "2024-12-03 10:24:00.646282+00:00", "RecordID": "6777", "Level": "4", "UserID": "S-1-5-18"}
{"EventID": "22", "Channel": "Microsoft-Windows-TerminalServices-LocalSessionManager/Operational", "Provider_Name": "Microsoft-Windows-TerminalServices-LocalSessionManager", "Computer": "DESKTOP-OFJ6N53", "TimeCreated": "2024-12-03 10:24:00.989536+00:00", "RecordID": "6778", "Level": "4", "UserID": "S-1-5-18"}
{"EventID": "40", "Channel": "Microsoft-Windows-TerminalServices-LocalSessionManager/Operational", "Provider_Name": "Microsoft-Windows-TerminalServices-LocalSessionManager", "Computer": "DESKTOP-OFJ6N53", "TimeCreated": "2024-12-03 11:35:33.147482+00:00", "RecordID": "6779", "Level": "4", "UserID": "S-1-5-18"}
{"EventID": "24", "Channel": "Microsoft-Windows-TerminalServices-LocalSessionManager/Operational", "Provider_Name": "Microsoft-Windows-TerminalServices-LocalSessionManager", "Computer": "DESKTOP-OFJ6N53", "TimeCreated": "2024-12-03 11:35:33.396135+00:00", "RecordID": "6780", "Level": "4", "UserID": "S-1-5-18"}
{"EventID": "25", "Channel": "Microsoft-Windows-TerminalServices-LocalSessionManager/Operational", "Provider_Name": "Microsoft-Windows-TerminalServices-LocalSessionManager", "Computer": "DESKTOP-OFJ6N53", "TimeCreated": "2024-12-03 11:35:34.503963+00:00", "RecordID": "6781", "Level": "4", "UserID": "S-1-5-18"}
{"EventID": "40", "Channel": "Microsoft-Windows-TerminalServices-LocalSessionManager/Operational", "Provider_Name": "Microsoft-Windows-TerminalServices-LocalSessionManager", "Computer": "DESKTOP-OFJ6N53", "TimeCreated": "2024-12-03 17:11:07.312258+00:00", "RecordID": "6782", "Level": "4", "UserID": "S-1-5-18"}
{"EventID": "24", "Channel": "Microsoft-Windows-TerminalServices-LocalSessionManager/Operational", "Provider_Name": "Microsoft-Windows-TerminalServices-LocalSessionManager", "Computer": "DESKTOP-OFJ6N53", "TimeCreated": "2024-12-03 17:11:07.628010+00:00", "RecordID": "6783", "Level": "4", "UserID": "S-1-5-18"}
{"EventID": "40", "Channel": "Microsoft-Windows-TerminalServices-LocalSessionManager/Operational", "Provider_Name": "Microsoft-Windows-TerminalServices-LocalSessionManager", "Computer": "DESKTOP-OFJ6N53", "TimeCreated": "2024-12-06 09:31:37.155775+00:00", "RecordID": "6784", "Level": "4", "UserID": "S-1-5-18"}
{"EventID": "25", "Channel": "Microsoft-Windows-TerminalServices-LocalSessionManager/Operational", "Provider_Name": "Microsoft-Windows-TerminalServices-LocalSessionManager", "Computer": "DESKTOP-OFJ6N53", "TimeCreated": "2024-12-06 09:31:38.707745+00:00", "RecordID": "6785", "Level": "4", "UserID": "S-1-5-18"}
{"EventID": "40", "Channel": "Microsoft-Windows-TerminalServices-LocalSessionManager/Operational", "Provider_Name": "Microsoft-Windows-TerminalServices-LocalSessionManager", "Computer": "DESKTOP-OFJ6N53", "TimeCreated": "2024-12-06 17:45:14.644459+00:00", "RecordID": "6786", "Level": "4", "UserID": "S-1-5-18"}
{"EventID": "24", "Channel": "Microsoft-Windows-TerminalServices-LocalSessionManager/Operational", "Provider_Name": "Microsoft-Windows-TerminalServices-LocalSessionManager", "Computer": "DESKTOP-OFJ6N53", "TimeCreated": "2024-12-06 17:45:15.254385+00:00", "RecordID": "6787", "Level": "4", "UserID": "S-1-5-18"}
{"EventID": "40", "Channel": "Microsoft-Windows-TerminalServices-LocalSessionManager/Operational", "Provider_Name": "Microsoft-Windows-TerminalServices-LocalSessionManager", "Computer": "DESKTOP-OFJ6N53", "TimeCreated": "2024-12-06 17:45:23.646093+00:00", "RecordID": "6788", "Level": "4", "UserID": "S-1-5-18"}
{"EventID": "40", "Channel": "Microsoft-Windows-TerminalServices-LocalSessionManager/Operational", "Provider_Name": "Microsoft-Windows-TerminalServices-LocalSessionManager", "Computer": "DESKTOP-OFJ6N53", "TimeCreated": "2024-12-06 17:45:23.646332+00:00", "RecordID": "6789", "Level": "4", "UserID": "S-1-5-18"}
{"EventID": "25", "Channel": "Microsoft-Windows-TerminalServices-LocalSessionManager/Operational", "Provider_Name": "Microsoft-Windows-TerminalServices-LocalSessionManager", "Computer": "DESKTOP-OFJ6N53", "TimeCreated": "2024-12-06 17:45:23.951878+00:00", "RecordID": "6790", "Level": "4", "UserID": "S-1-5-18"}
{"EventID": "40", "Channel": "Microsoft-Windows-TerminalServices-LocalSessionManager/Operational", "Provider_Name": "Microsoft-Windows-TerminalServices-LocalSessionManager", "Computer": "DESKTOP-OFJ6N53", "TimeCreated": "2024-12-06 17:45:44.121815+00:00", "RecordID": "6791", "Level": "4", "UserID": "S-1-5-18"}
{"EventID": "24", "Channel": "Microsoft-Windows-TerminalServices-LocalSessionManager/Operational", "Provider_Name": "Microsoft-Windows-TerminalServices-LocalSessionManager", "Computer": "DESKTOP-OFJ6N53", "TimeCreated": "2024-12-06 17:45:44.698870+00:00", "RecordID": "6792", "Level": "4", "UserID": "S-1-5-18"}
{"EventID": "40", "Channel": "Microsoft-Windows-TerminalServices-LocalSessionManager/Operational", "Provider_Name": "Microsoft-Windows-TerminalServices-LocalSessionManager", "Computer": "DESKTOP-OFJ6N53", "TimeCreated": "2024-12-07 15:02:16.175274+00:00", "RecordID": "6793", "Level": "4", "UserID": "S-1-5-18"}
{"EventID": "25", "Channel": "Microsoft-Windows-TerminalServices-LocalSessionManager/Operational", "Provider_Name": "Microsoft-Windows-TerminalServices-LocalSessionManager", "Computer": "DESKTOP-OFJ6N53", "TimeCreated": "2024-12-07 15:02:17.117649+00:00", "RecordID": "6794", "Level": "4", "UserID": "S-1-5-18"}
{"EventID": "40", "Channel": "Microsoft-Windows-TerminalServices-LocalSessionManager/Operational", "Provider_Name": "Microsoft-Windows-TerminalServices-LocalSessionManager", "Computer": "DESKTOP-OFJ6N53", "TimeCreated": "2024-12-07 15:04:28.923199+00:00", "RecordID": "6795", "Level": "4", "UserID": "S-1-5-18"}
{"EventID": "24", "Channel": "Microsoft-Windows-TerminalServices-LocalSessionManager/Operational", "Provider_Name": "Microsoft-Windows-TerminalServices-LocalSessionManager", "Computer": "DESKTOP-OFJ6N53", "TimeCreated": "2024-12-07 15:04:29.545650+00:00", "RecordID": "6796", "Level": "4", "UserID": "S-1-5-18"}
{"EventID": "40", "Channel": "Microsoft-Windows-TerminalServices-LocalSessionManager/Operational", "Provider_Name": "Microsoft-Windows-TerminalServices-LocalSessionManager", "Computer": "DESKTOP-OFJ6N53", "TimeCreated": "2024-12-07 16:03:22.247387+00:00", "RecordID": "6797", "Level": "4", "UserID": "S-1-5-18"}
{"EventID": "25", "Channel": "Microsoft-Windows-TerminalServices-LocalSessionManager/Operational", "Provider_Name": "Microsoft-Windows-TerminalServices-LocalSessionManager", "Computer": "DESKTOP-OFJ6N53", "TimeCreated": "2024-12-07 16:03:22.892422+00:00", "RecordID": "6798", "Level": "4", "UserID": "S-1-5-18"}
{"EventID": "40", "Channel": "Microsoft-Windows-TerminalServices-LocalSessionManager/Operational", "Provider_Name": "Microsoft-Windows-TerminalServices-LocalSessionManager", "Computer": "DESKTOP-OFJ6N53", "TimeCreated": "2024-12-08 11:02:26.672956+00:00", "RecordID": "6799", "Level": "4", "UserID": "S-1-5-18"}
{"EventID": "24", "Channel": "Microsoft-Windows-TerminalServices-LocalSessionManager/Operational", "Provider_Name": "Microsoft-Windows-TerminalServices-LocalSessionManager", "Computer": "DESKTOP-OFJ6N53", "TimeCreated": "2024-12-08 11:02:27.158670+00:00", "RecordID": "6800", "Level": "4", "UserID": "S-1-5-18"}
{"EventID": "40", "Channel": "Microsoft-Windows-TerminalServices-LocalSessionManager/Operational", "Provider_Name": "Microsoft-Windows-TerminalServices-LocalSessionManager", "Computer": "DESKTOP-OFJ6N53", "TimeCreated": "2024-12-08 14:07:02.388634+00:00", "RecordID": "6801", "Level": "4", "UserID": "S-1-5-18"}
{"EventID": "25", "Channel": "Microsoft-Windows-TerminalServices-LocalSessionManager/Operational", "Provider_Name": "Microsoft-Windows-TerminalServices-LocalSessionManager", "Computer": "DESKTOP-OFJ6N53", "TimeCreated": "2024-12-08 14:07:03.611073+00:00", "RecordID": "6802", "Level": "4", "UserID": "S-1-5-18"}
{"EventID": "40", "Channel": "Microsoft-Windows-TerminalServices-LocalSessionManager/Operational", "Provider_Name": "Microsoft-Windows-TerminalServices-LocalSessionManager", "Computer": "DESKTOP-OFJ6N53", "TimeCreated": "2024-12-08 14:07:18.806507+00:00", "RecordID": "6803", "Level": "4", "UserID": "S-1-5-18"}
{"EventID": "24", "Channel": "Microsoft-Windows-TerminalServices-LocalSessionManager/Operational", "Provider_Name": "Microsoft-Windows-TerminalServices-LocalSessionManager", "Computer": "DESKTOP-OFJ6N53", "TimeCreated": "2024-12-08 14:07:19.549337+00:00", "RecordID": "6804", "Level": "4", "UserID": "S-1-5-18"}
{"EventID": "40", "Channel": "Microsoft-Windows-TerminalServices-LocalSessionManager/Operational", "Provider_Name": "Microsoft-Windows-TerminalServices-LocalSessionManager", "Computer": "DESKTOP-OFJ6N53", "TimeCreated": "2024-12-08 14:07:33.667639+00:00", "RecordID": "6805", "Level": "4", "UserID": "S-1-5-18"}
{"EventID": "25", "Channel": "Microsoft-Windows-TerminalServices-LocalSessionManager/Operational", "Provider_Name": "Microsoft-Windows-TerminalServices-LocalSessionManager", "Computer": "DESKTOP-OFJ6N53", "TimeCreated": "2024-12-08 14:07:35.030077+00:00", "RecordID": "6806", "Level": "4", "UserID": "S-1-5-18"}
{"EventID": "40", "Channel": "Microsoft-Windows-TerminalServices-LocalSessionManager/Operational", "Provider_Name": "Microsoft-Windows-TerminalServices-LocalSessionManager", "Computer": "DESKTOP-OFJ6N53", "TimeCreated": "2024-12-08 16:49:16.338505+00:00", "RecordID": "6807", "Level": "4", "UserID": "S-1-5-18"}
{"EventID": "24", "Channel": "Microsoft-Windows-TerminalServices-LocalSessionManager/Operational", "Provider_Name": "Microsoft-Windows-TerminalServices-LocalSessionManager", "Computer": "DESKTOP-OFJ6N53", "TimeCreated": "2024-12-08 16:49:16.999758+00:00", "RecordID": "6808", "Level": "4", "UserID": "S-1-5-18"}
{"EventID": "41", "Channel": "Microsoft-Windows-TerminalServices-LocalSessionManager/Operational", "Provider_Name": "Microsoft-Windows-TerminalServices-LocalSessionManager", "Computer": "DESKTOP-OFJ6N53", "TimeCreated": "2024-12-08 16:50:54.327738+00:00", "RecordID": "6809", "Level": "4", "UserID": "S-1-5-18"}
{"EventID": "40", "Channel": "Microsoft-Windows-TerminalServices-LocalSessionManager/Operational", "Provider_Name": "Microsoft-Windows-TerminalServices-LocalSessionManager", "Computer": "DESKTOP-OFJ6N53", "TimeCreated": "2024-12-08 16:50:54.332825+00:00", "RecordID": "6810", "Level": "4", "UserID": "S-1-5-18"}
{"EventID": "40", "Channel": "Microsoft-Windows-TerminalServices-LocalSessionManager/Operational", "Provider_Name": "Microsoft-Windows-TerminalServices-LocalSessionManager", "Computer": "DESKTOP-OFJ6N53", "TimeCreated": "2024-12-08 16:50:54.462791+00:00", "RecordID": "6811", "Level": "4", "UserID": "S-1-5-18"}
{"EventID": "25", "Channel": "Microsoft-Windows-TerminalServices-LocalSessionManager/Operational", "Provider_Name": "Microsoft-Windows-TerminalServices-LocalSessionManager", "Computer": "DESKTOP-OFJ6N53", "TimeCreated": "2024-12-08 16:50:54.659081+00:00", "RecordID": "6812", "Level": "4", "UserID": "S-1-5-18"}
{"EventID": "42", "Channel": "Microsoft-Windows-TerminalServices-LocalSessionManager/Operational", "Provider_Name": "Microsoft-Windows-TerminalServices-LocalSessionManager", "Computer": "DESKTOP-OFJ6N53", "TimeCreated": "2024-12-08 16:50:54.660023+00:00", "RecordID": "6813", "Level": "4", "UserID": "S-1-5-18"}
{"EventID": "23", "Channel": "Microsoft-Windows-TerminalServices-LocalSessionManager/Operational", "Provider_Name": "Microsoft-Windows-TerminalServices-LocalSessionManager", "Computer": "DESKTOP-OFJ6N53", "TimeCreated": "2024-12-08 16:51:53.938082+00:00", "RecordID": "6814", "Level": "4", "UserID": "S-1-5-18"}
{"EventID": "54", "Channel": "Microsoft-Windows-TerminalServices-LocalSessionManager/Operational", "Provider_Name": "Microsoft-Windows-TerminalServices-LocalSessionManager", "Computer": "DESKTOP-OFJ6N53", "TimeCreated": "2024-12-08 16:51:54.023937+00:00", "RecordID": "6815", "Level": "4", "UserID": "S-1-5-18"}
{"EventID": "32", "Channel": "Microsoft-Windows-TerminalServices-LocalSessionManager/Operational", "Provider_Name": "Microsoft-Windows-TerminalServices-LocalSessionManager", "Computer": "DESKTOP-OFJ6N53", "TimeCreated": "2024-12-08 16:52:21.799042+00:00", "RecordID": "6816", "Level": "4", "UserID": "S-1-5-18"}
{"EventID": "41", "Channel": "Microsoft-Windows-TerminalServices-LocalSessionManager/Operational", "Provider_Name": "Microsoft-Windows-TerminalServices-LocalSessionManager", "Computer": "DESKTOP-OFJ6N53", "TimeCreated": "2024-12-08 16:52:22.883793+00:00", "RecordID": "6817", "Level": "4", "UserID": "S-1-5-18"}
{"EventID": "42", "Channel": "Microsoft-Windows-TerminalServices-LocalSessionManager/Operational", "Provider_Name": "Microsoft-Windows-TerminalServices-LocalSessionManager", "Computer": "DESKTOP-OFJ6N53", "TimeCreated": "2024-12-08 16:52:22.886799+00:00", "RecordID": "6818", "Level": "4", "UserID": "S-1-5-18"}
{"EventID": "21", "Channel": "Microsoft-Windows-TerminalServices-LocalSessionManager/Operational", "Provider_Name": "Microsoft-Windows-TerminalServices-LocalSessionManager", "Computer": "DESKTOP-OFJ6N53", "TimeCreated": "2024-12-08 16:52:30.364275+00:00", "RecordID": "6819", "Level": "4", "UserID": "S-1-5-18"}
{"EventID": "22", "Channel": "Microsoft-Windows-TerminalServices-LocalSessionManager/Operational", "Provider_Name": "Microsoft-Windows-TerminalServices-LocalSessionManager", "Computer": "DESKTOP-OFJ6N53", "TimeCreated": "2024-12-08 16:52:31.069693+00:00", "RecordID": "6820", "Level": "4", "UserID": "S-1-5-18"}
{"EventID": "40", "Channel": "Microsoft-Windows-TerminalServices-LocalSessionManager/Operational", "Provider_Name": "Microsoft-Windows-TerminalServices-LocalSessionManager", "Computer": "DESKTOP-OFJ6N53", "TimeCreated": "2024-12-09 10:51:08.334158+00:00", "RecordID": "6821", "Level": "4", "UserID": "S-1-5-18"}
{"EventID": "24", "Channel": "Microsoft-Windows-TerminalServices-LocalSessionManager/Operational", "Provider_Name": "Microsoft-Windows-TerminalServices-LocalSessionManager", "Computer": "DESKTOP-OFJ6N53", "TimeCreated": "2024-12-09 10:51:08.652428+00:00", "RecordID": "6822", "Level": "4", "UserID": "S-1-5-18"}
{"EventID": "25", "Channel": "Microsoft-Windows-TerminalServices-LocalSessionManager/Operational", "Provider_Name": "Microsoft-Windows-TerminalServices-LocalSessionManager", "Computer": "DESKTOP-OFJ6N53", "TimeCreated": "2024-12-09 10:51:10.208534+00:00", "RecordID": "6823", "Level": "4", "UserID": "S-1-5-18"}
{"EventID": "40", "Channel": "Microsoft-Windows-TerminalServices-LocalSessionManager/Operational", "Provider_Name": "Microsoft-Windows-TerminalServices-LocalSessionManager", "Computer": "DESKTOP-OFJ6N53", "TimeCreated": "2024-12-09 22:22:39.882565+00:00", "RecordID": "6824", "Level": "4", "UserID": "S-1-5-18"}
{"EventID": "24", "Channel": "Microsoft-Windows-TerminalServices-LocalSessionManager/Operational", "Provider_Name": "Microsoft-Windows-TerminalServices-LocalSessionManager", "Computer": "DESKTOP-OFJ6N53", "TimeCreated": "2024-12-09 22:22:40.332491+00:00", "RecordID": "6825", "Level": "4", "UserID": "S-1-5-18"}
{"EventID": "40", "Channel": "Microsoft-Windows-TerminalServices-LocalSessionManager/Operational", "Provider_Name": "Microsoft-Windows-TerminalServices-LocalSessionManager", "Computer": "DESKTOP-OFJ6N53", "TimeCreated": "2024-12-09 22:33:03.512320+00:00", "RecordID": "6826", "Level": "4", "UserID": "S-1-5-18"}
{"EventID": "25", "Channel": "Microsoft-Windows-TerminalServices-LocalSessionManager/Operational", "Provider_Name": "Microsoft-Windows-TerminalServices-LocalSessionManager", "Computer": "DESKTOP-OFJ6N53", "TimeCreated": "2024-12-09 22:33:03.976406+00:00", "RecordID": "6827", "Level": "4", "UserID": "S-1-5-18"}
{"EventID": "40", "Channel": "Microsoft-Windows-TerminalServices-LocalSessionManager/Operational", "Provider_Name": "Microsoft-Windows-TerminalServices-LocalSessionManager", "Computer": "DESKTOP-OFJ6N53", "TimeCreated": "2024-12-09 23:58:09.898619+00:00", "RecordID": "6828", "Level": "4", "UserID": "S-1-5-18"}
{"EventID": "24", "Channel": "Microsoft-Windows-TerminalServices-LocalSessionManager/Operational", "Provider_Name": "Microsoft-Windows-TerminalServices-LocalSessionManager", "Computer": "DESKTOP-OFJ6N53", "TimeCreated": "2024-12-09 23:58:10.600309+00:00", "RecordID": "6829", "Level": "4", "UserID": "S-1-5-18"}
{"EventID": "40", "Channel": "Microsoft-Windows-TerminalServices-LocalSessionManager/Operational", "Provider_Name": "Microsoft-Windows-TerminalServices-LocalSessionManager", "Computer": "DESKTOP-OFJ6N53", "TimeCreated": "2024-12-10 09:56:47.645021+00:00", "RecordID": "6830", "Level": "4", "UserID": "S-1-5-18"}
{"EventID": "25", "Channel": "Microsoft-Windows-TerminalServices-LocalSessionManager/Operational", "Provider_Name": "Microsoft-Windows-TerminalServices-LocalSessionManager", "Computer": "DESKTOP-OFJ6N53", "TimeCreated": "2024-12-10 09:56:48.361471+00:00", "RecordID": "6831", "Level": "4", "UserID": "S-1-5-18"}
{"EventID": "40", "Channel": "Microsoft-Windows-TerminalServices-LocalSessionManager/Operational", "Provider_Name": "Microsoft-Windows-TerminalServices-LocalSessionManager", "Computer": "DESKTOP-OFJ6N53", "TimeCreated": "2024-12-10 14:31:09.559031+00:00", "RecordID": "6832", "Level": "4", "UserID": "S-1-5-18"}
{"EventID": "24", "Channel": "Microsoft-Windows-TerminalServices-LocalSessionManager/Operational", "Provider_Name": "Microsoft-Windows-TerminalServices-LocalSessionManager", "Computer": "DESKTOP-OFJ6N53", "TimeCreated": "2024-12-10 14:31:10.339483+00:00", "RecordID": "6833", "Level": "4", "UserID": "S-1-5-18"}
{"EventID": "40", "Channel": "Microsoft-Windows-TerminalServices-LocalSessionManager/Operational", "Provider_Name": "Microsoft-Windows-TerminalServices-LocalSessionManager", "Computer": "DESKTOP-OFJ6N53", "TimeCreated": "2024-12-10 16:18:42.131542+00:00", "RecordID": "6834", "Level": "4", "UserID": "S-1-5-18"}
{"EventID": "25", "Channel": "Microsoft-Windows-TerminalServices-LocalSessionManager/Operational", "Provider_Name": "Microsoft-Windows-TerminalServices-LocalSessionManager", "Computer": "DESKTOP-OFJ6N53", "TimeCreated": "2024-12-10 16:18:42.522482+00:00", "RecordID": "6835", "Level": "4", "UserID": "S-1-5-18"}
{"EventID": "40", "Channel": "Microsoft-Windows-TerminalServices-LocalSessionManager/Operational", "Provider_Name": "Microsoft-Windows-TerminalServices-LocalSessionManager", "Computer": "DESKTOP-OFJ6N53", "TimeCreated": "2024-12-10 20:20:22.449020+00:00", "RecordID": "6836", "Level": "4", "UserID": "S-1-5-18"}
{"EventID": "24", "Channel": "Microsoft-Windows-TerminalServices-LocalSessionManager/Operational", "Provider_Name": "Microsoft-Windows-TerminalServices-LocalSessionManager", "Computer": "DESKTOP-OFJ6N53", "TimeCreated": "2024-12-10 20:20:23.126152+00:00", "RecordID": "6837", "Level": "4", "UserID": "S-1-5-18"}
{"EventID": "40", "Channel": "Microsoft-Windows-TerminalServices-LocalSessionManager/Operational", "Provider_Name": "Microsoft-Windows-TerminalServices-LocalSessionManager", "Computer": "DESKTOP-OFJ6N53", "TimeCreated": "2024-12-10 20:46:57.878815+00:00", "RecordID": "6838", "Level": "4", "UserID": "S-1-5-18"}
{"EventID": "25", "Channel": "Microsoft-Windows-TerminalServices-LocalSessionManager/Operational", "Provider_Name": "Microsoft-Windows-TerminalServices-LocalSessionManager", "Computer": "DESKTOP-OFJ6N53", "TimeCreated": "2024-12-10 20:46:58.385197+00:00", "RecordID": "6839", "Level": "4", "UserID": "S-1-5-18"}
{"EventID": "40", "Channel": "Microsoft-Windows-TerminalServices-LocalSessionManager/Operational", "Provider_Name": "Microsoft-Windows-TerminalServices-LocalSessionManager", "Computer": "DESKTOP-OFJ6N53", "TimeCreated": "2024-12-10 20:51:07.604597+00:00", "RecordID": "6840", "Level": "4", "UserID": "S-1-5-18"}
{"EventID": "24", "Channel": "Microsoft-Windows-TerminalServices-LocalSessionManager/Operational", "Provider_Name": "Microsoft-Windows-TerminalServices-LocalSessionManager", "Computer": "DESKTOP-OFJ6N53", "TimeCreated": "2024-12-10 20:51:08.210499+00:00", "RecordID": "6841", "Level": "4", "UserID": "S-1-5-18"}
{"EventID": "40", "Channel": "Microsoft-Windows-TerminalServices-LocalSessionManager/Operational", "Provider_Name": "Microsoft-Windows-TerminalServices-LocalSessionManager", "Computer": "DESKTOP-OFJ6N53", "TimeCreated": "2024-12-11 14:17:25.849949+00:00", "RecordID": "6842", "Level": "4", "UserID": "S-1-5-18"}
{"EventID": "25", "Channel": "Microsoft-Windows-TerminalServices-LocalSessionManager/Operational", "Provider_Name": "Microsoft-Windows-TerminalServices-LocalSessionManager", "Computer": "DESKTOP-OFJ6N53", "TimeCreated": "2024-12-11 14:17:26.494518+00:00", "RecordID": "6843", "Level": "4", "UserID": "S-1-5-18"}
{"EventID": "54", "Channel": "Microsoft-Windows-TerminalServices-LocalSessionManager/Operational", "Provider_Name": "Microsoft-Windows-TerminalServices-LocalSessionManager", "Computer": "DESKTOP-OFJ6N53", "TimeCreated": "2024-12-11 15:05:02.392189+00:00", "RecordID": "6844", "Level": "4", "UserID": "S-1-5-18"}
{"EventID": "23", "Channel": "Microsoft-Windows-TerminalServices-LocalSessionManager/Operational", "Provider_Name": "Microsoft-Windows-TerminalServices-LocalSessionManager", "Computer": "DESKTOP-OFJ6N53", "TimeCreated": "2024-12-11 15:05:04.288038+00:00", "RecordID": "6845", "Level": "4", "UserID": "S-1-5-18"}
{"EventID": "40", "Channel": "Microsoft-Windows-TerminalServices-LocalSessionManager/Operational", "Provider_Name": "Microsoft-Windows-TerminalServices-LocalSessionManager", "Computer": "DESKTOP-OFJ6N53", "TimeCreated": "2024-12-11 15:05:04.882034+00:00", "RecordID": "6846", "Level": "4", "UserID": "S-1-5-18"}
{"EventID": "24", "Channel": "Microsoft-Windows-TerminalServices-LocalSessionManager/Operational", "Provider_Name": "Microsoft-Windows-TerminalServices-LocalSessionManager", "Computer": "DESKTOP-OFJ6N53", "TimeCreated": "2024-12-11 15:05:05.048746+00:00", "RecordID": "6847", "Level": "4", "UserID": "S-1-5-18"}
{"EventID": "32", "Channel": "Microsoft-Windows-TerminalServices-LocalSessionManager/Operational", "Provider_Name": "Microsoft-Windows-TerminalServices-LocalSessionManager", "Computer": "DESKTOP-OFJ6N53", "TimeCreated": "2024-12-11 15:06:14.510599+00:00", "RecordID": "6848", "Level": "4", "UserID": "S-1-5-18"}
{"EventID": "41", "Channel": "Microsoft-Windows-TerminalServices-LocalSessionManager/Operational", "Provider_Name": "Microsoft-Windows-TerminalServices-LocalSessionManager", "Computer": "DESKTOP-OFJ6N53", "TimeCreated": "2024-12-11 15:07:05.940950+00:00", "RecordID": "6849", "Level": "4", "UserID": "S-1-5-18"}
{"EventID": "42", "Channel": "Microsoft-Windows-TerminalServices-LocalSessionManager/Operational", "Provider_Name": "Microsoft-Windows-TerminalServices-LocalSessionManager", "Computer": "DESKTOP-OFJ6N53", "TimeCreated": "2024-12-11 15:07:05.958401+00:00", "RecordID": "6850", "Level": "4", "UserID": "S-1-5-18"}
{"EventID": "21", "Channel": "Microsoft-Windows-TerminalServices-LocalSessionManager/Operational", "Provider_Name": "Microsoft-Windows-TerminalServices-LocalSessionManager", "Computer": "DESKTOP-OFJ6N53", "TimeCreated": "2024-12-11 15:07:06.543480+00:00", "RecordID": "6851", "Level": "4", "UserID": "S-1-5-18"}
{"EventID": "22", "Channel": "Microsoft-Windows-TerminalServices-LocalSessionManager/Operational", "Provider_Name": "Microsoft-Windows-TerminalServices-LocalSessionManager", "Computer": "DESKTOP-OFJ6N53", "TimeCreated": "2024-12-11 15:07:06.957396+00:00", "RecordID": "6852", "Level": "4", "UserID": "S-1-5-18"}
{"EventID": "40", "Channel": "Microsoft-Windows-TerminalServices-LocalSessionManager/Operational", "Provider_Name": "Microsoft-Windows-TerminalServices-LocalSessionManager", "Computer": "DESKTOP-OFJ6N53", "TimeCreated": "2024-12-11 16:23:17.293915+00:00", "RecordID": "6853", "Level": "4", "UserID": "S-1-5-18"}
{"EventID": "24", "Channel": "Microsoft-Windows-TerminalServices-LocalSessionManager/Operational", "Provider_Name": "Microsoft-Windows-TerminalServices-LocalSessionManager", "Computer": "DESKTOP-OFJ6N53", "TimeCreated": "2024-12-11 16:23:17.550837+00:00", "RecordID": "6854", "Level": "4", "UserID": "S-1-5-18"}
{"EventID": "25", "Channel": "Microsoft-Windows-TerminalServices-LocalSessionManager/Operational", "Provider_Name": "Microsoft-Windows-TerminalServices-LocalSessionManager", "Computer": "DESKTOP-OFJ6N53", "TimeCreated": "2024-12-11 16:23:19.135670+00:00", "RecordID": "6855", "Level": "4", "UserID": "S-1-5-18"}
{"EventID": "40", "Channel": "Microsoft-Windows-TerminalServices-LocalSessionManager/Operational", "Provider_Name": "Microsoft-Windows-TerminalServices-LocalSessionManager", "Computer": "DESKTOP-OFJ6N53", "TimeCreated": "2024-12-11 19:19:33.216284+00:00", "RecordID": "6856", "Level": "4", "UserID": "S-1-5-18"}
{"EventID": "24", "Channel": "Microsoft-Windows-TerminalServices-LocalSessionManager/Operational", "Provider_Name": "Microsoft-Windows-TerminalServices-LocalSessionManager", "Computer": "DESKTOP-OFJ6N53", "TimeCreated": "2024-12-11 19:19:33.569775+00:00", "RecordID": "6857", "Level": "4", "UserID": "S-1-5-18"}
{"EventID": "40", "Channel": "Microsoft-Windows-TerminalServices-LocalSessionManager/Operational", "Provider_Name": "Microsoft-Windows-TerminalServices-LocalSessionManager", "Computer": "DESKTOP-OFJ6N53", "TimeCreated": "2024-12-11 19:21:11.981417+00:00", "RecordID": "6858", "Level": "4", "UserID": "S-1-5-18"}
{"EventID": "40", "Channel": "Microsoft-Windows-TerminalServices-LocalSessionManager/Operational", "Provider_Name": "Microsoft-Windows-TerminalServices-LocalSessionManager", "Computer": "DESKTOP-OFJ6N53", "TimeCreated": "2024-12-11 19:21:11.981642+00:00", "RecordID": "6859", "Level": "4", "UserID": "S-1-5-18"}
{"EventID": "25", "Channel": "Microsoft-Windows-TerminalServices-LocalSessionManager/Operational", "Provider_Name": "Microsoft-Windows-TerminalServices-LocalSessionManager", "Computer": "DESKTOP-OFJ6N53", "TimeCreated": "2024-12-11 19:21:12.452234+00:00", "RecordID": "6860", "Level": "4", "UserID": "S-1-5-18"}
{"EventID": "40", "Channel": "Microsoft-Windows-TerminalServices-LocalSessionManager/Operational", "Provider_Name": "Microsoft-Windows-TerminalServices-LocalSessionManager", "Computer": "DESKTOP-OFJ6N53", "TimeCreated": "2024-12-11 23:40:21.213362+00:00", "RecordID": "6861", "Level": "4", "UserID": "S-1-5-18"}
{"EventID": "24", "Channel": "Microsoft-Windows-TerminalServices-LocalSessionManager/Operational", "Provider_Name": "Microsoft-Windows-TerminalServices-LocalSessionManager", "Computer": "DESKTOP-OFJ6N53", "TimeCreated": "2024-12-11 23:40:21.722126+00:00", "RecordID": "6862", "Level": "4", "UserID": "S-1-5-18"}
{"EventID": "40", "Channel": "Microsoft-Windows-TerminalServices-LocalSessionManager/Operational", "Provider_Name": "Microsoft-Windows-TerminalServices-LocalSessionManager", "Computer": "DESKTOP-OFJ6N53", "TimeCreated": "2024-12-12 07:37:18.442078+00:00", "RecordID": "6863", "Level": "4", "UserID": "S-1-5-18"}
{"EventID": "25", "Channel": "Microsoft-Windows-TerminalServices-LocalSessionManager/Operational", "Provider_Name": "Microsoft-Windows-TerminalServices-LocalSessionManager", "Computer": "DESKTOP-OFJ6N53", "TimeCreated": "2024-12-12 07:37:19.222092+00:00", "RecordID": "6864", "Level": "4", "UserID": "S-1-5-18"}
{"EventID": "40", "Channel": "Microsoft-Windows-TerminalServices-LocalSessionManager/Operational", "Provider_Name": "Microsoft-Windows-TerminalServices-LocalSessionManager", "Computer": "DESKTOP-OFJ6N53", "TimeCreated": "2024-12-12 10:01:18.307085+00:00", "RecordID": "6865", "Level": "4", "UserID": "S-1-5-18"}
{"EventID": "24", "Channel": "Microsoft-Windows-TerminalServices-LocalSessionManager/Operational", "Provider_Name": "Microsoft-Windows-TerminalServices-LocalSessionManager", "Computer": "DESKTOP-OFJ6N53", "TimeCreated": "2024-12-12 10:01:18.870365+00:00", "RecordID": "6866", "Level": "4", "UserID": "S-1-5-18"}
{"EventID": "40", "Channel": "Microsoft-Windows-TerminalServices-LocalSessionManager/Operational", "Provider_Name": "Microsoft-Windows-TerminalServices-LocalSessionManager", "Computer": "DESKTOP-OFJ6N53", "TimeCreated": "2024-12-12 10:01:46.287865+00:00", "RecordID": "6867", "Level": "4", "UserID": "S-1-5-18"}
{"EventID": "25", "Channel": "Microsoft-Windows-TerminalServices-LocalSessionManager/Operational", "Provider_Name": "Microsoft-Windows-TerminalServices-LocalSessionManager", "Computer": "DESKTOP-OFJ6N53", "TimeCreated": "2024-12-12 10:01:47.391153+00:00", "RecordID": "6868", "Level": "4", "UserID": "S-1-5-18"}
{"EventID": "40", "Channel": "Microsoft-Windows-TerminalServices-LocalSessionManager/Operational", "Provider_Name": "Microsoft-Windows-TerminalServices-LocalSessionManager", "Computer": "DESKTOP-OFJ6N53", "TimeCreated": "2024-12-12 11:55:10.253551+00:00", "RecordID": "6869", "Level": "4", "UserID": "S-1-5-18"}
{"EventID": "24", "Channel": "Microsoft-Windows-TerminalServices-LocalSessionManager/Operational", "Provider_Name": "Microsoft-Windows-TerminalServices-LocalSessionManager", "Computer": "DESKTOP-OFJ6N53", "TimeCreated": "2024-12-12 11:55:10.949581+00:00", "RecordID": "6870", "Level": "4", "UserID": "S-1-5-18"}
{"EventID": "40", "Channel": "Microsoft-Windows-TerminalServices-LocalSessionManager/Operational", "Provider_Name": "Microsoft-Windows-TerminalServices-LocalSessionManager", "Computer": "DESKTOP-OFJ6N53", "TimeCreated": "2024-12-12 17:00:04.682840+00:00", "RecordID": "6871", "Level": "4", "UserID": "S-1-5-18"}
{"EventID": "25", "Channel": "Microsoft-Windows-TerminalServices-LocalSessionManager/Operational", "Provider_Name": "Microsoft-Windows-TerminalServices-LocalSessionManager", "Computer": "DESKTOP-OFJ6N53", "TimeCreated": "2024-12-12 17:00:05.163115+00:00", "RecordID": "6872", "Level": "4", "UserID": "S-1-5-18"}
{"EventID": "40", "Channel": "Microsoft-Windows-TerminalServices-LocalSessionManager/Operational", "Provider_Name": "Microsoft-Windows-TerminalServices-LocalSessionManager", "Computer": "DESKTOP-OFJ6N53", "TimeCreated": "2024-12-12 17:03:21.650654+00:00", "RecordID": "6873", "Level": "4", "UserID": "S-1-5-18"}
{"EventID": "24", "Channel": "Microsoft-Windows-TerminalServices-LocalSessionManager/Operational", "Provider_Name": "Microsoft-Windows-TerminalServices-LocalSessionManager", "Computer": "DESKTOP-OFJ6N53", "TimeCreated": "2024-12-12 17:03:22.342768+00:00", "RecordID": "6874", "Level": "4", "UserID": "S-1-5-18"}
{"EventID": "40", "Channel": "Microsoft-Windows-TerminalServices-LocalSessionManager/Operational", "Provider_Name": "Microsoft-Windows-TerminalServices-LocalSessionManager", "Computer": "DESKTOP-OFJ6N53", "TimeCreated": "2024-12-13 14:45:06.895655+00:00", "RecordID": "6875", "Level": "4", "UserID": "S-1-5-18"}
{"EventID": "25", "Channel": "Microsoft-Windows-TerminalServices-LocalSessionManager/Operational", "Provider_Name": "Microsoft-Windows-TerminalServices-LocalSessionManager", "Computer": "DESKTOP-OFJ6N53", "TimeCreated": "2024-12-13 14:45:07.625231+00:00", "RecordID": "6876", "Level": "4", "UserID": "S-1-5-18"}
{"EventID": "40", "Channel": "Microsoft-Windows-TerminalServices-LocalSessionManager/Operational", "Provider_Name": "Microsoft-Windows-TerminalServices-LocalSessionManager", "Computer": "DESKTOP-OFJ6N53", "TimeCreated": "2024-12-13 22:10:37.118626+00:00", "RecordID": "6877", "Level": "4", "UserID": "S-1-5-18"}
{"EventID": "24", "Channel": "Microsoft-Windows-TerminalServices-LocalSessionManager/Operational", "Provider_Name": "Microsoft-Windows-TerminalServices-LocalSessionManager", "Computer": "DESKTOP-OFJ6N53", "TimeCreated": "2024-12-13 22:10:38.079025+00:00", "RecordID": "6878", "Level": "4", "UserID": "S-1-5-18"}
{"EventID": "40", "Channel": "Microsoft-Windows-TerminalServices-LocalSessionManager/Operational", "Provider_Name": "Microsoft-Windows-TerminalServices-LocalSessionManager", "Computer": "DESKTOP-OFJ6N53", "TimeCreated": "2024-12-14 18:04:28.974709+00:00", "RecordID": "6879", "Level": "4", "UserID": "S-1-5-18"}
{"EventID": "25", "Channel": "Microsoft-Windows-TerminalServices-LocalSessionManager/Operational", "Provider_Name": "Microsoft-Windows-TerminalServices-LocalSessionManager", "Computer": "DESKTOP-OFJ6N53", "TimeCreated": "2024-12-14 18:04:29.457426+00:00", "RecordID": "6880", "Level": "4", "UserID": "S-1-5-18"}
{"EventID": "40", "Channel": "Microsoft-Windows-TerminalServices-LocalSessionManager/Operational", "Provider_Name": "Microsoft-Windows-TerminalServices-LocalSessionManager", "Computer": "DESKTOP-OFJ6N53", "TimeCreated": "2024-12-14 18:06:18.904047+00:00", "RecordID": "6881", "Level": "4", "UserID": "S-1-5-18"}
{"EventID": "24", "Channel": "Microsoft-Windows-TerminalServices-LocalSessionManager/Operational", "Provider_Name": "Microsoft-Windows-TerminalServices-LocalSessionManager", "Computer": "DESKTOP-OFJ6N53", "TimeCreated": "2024-12-14 18:06:19.622717+00:00", "RecordID": "6882", "Level": "4", "UserID": "S-1-5-18"}
{"EventID": "40", "Channel": "Microsoft-Windows-TerminalServices-LocalSessionManager/Operational", "Provider_Name": "Microsoft-Windows-TerminalServices-LocalSessionManager", "Computer": "DESKTOP-OFJ6N53", "TimeCreated": "2024-12-16 11:16:47.661625+00:00", "RecordID": "6883", "Level": "4", "UserID": "S-1-5-18"}
{"EventID": "25", "Channel": "Microsoft-Windows-TerminalServices-LocalSessionManager/Operational", "Provider_Name": "Microsoft-Windows-TerminalServices-LocalSessionManager", "Computer": "DESKTOP-OFJ6N53", "TimeCreated": "2024-12-16 11:16:48.377848+00:00", "RecordID": "6884", "Level": "4", "UserID": "S-1-5-18"}
{"EventID": "40", "Channel": "Microsoft-Windows-TerminalServices-LocalSessionManager/Operational", "Provider_Name": "Microsoft-Windows-TerminalServices-LocalSessionManager", "Computer": "DESKTOP-OFJ6N53", "TimeCreated": "2024-12-16 12:28:17.993662+00:00", "RecordID": "6885", "Level": "4", "UserID": "S-1-5-18"}
{"EventID": "24", "Channel": "Microsoft-Windows-TerminalServices-LocalSessionManager/Operational", "Provider_Name": "Microsoft-Windows-TerminalServices-LocalSessionManager", "Computer": "DESKTOP-OFJ6N53", "TimeCreated": "2024-12-16 12:28:18.617994+00:00", "RecordID": "6886", "Level": "4", "UserID": "S-1-5-18"}
{"EventID": "40", "Channel": "Microsoft-Windows-TerminalServices-LocalSessionManager/Operational", "Provider_Name": "Microsoft-Windows-TerminalServices-LocalSessionManager", "Computer": "DESKTOP-OFJ6N53", "TimeCreated": "2024-12-17 10:16:54.785210+00:00", "RecordID": "6887", "Level": "4", "UserID": "S-1-5-18"}
{"EventID": "25", "Channel": "Microsoft-Windows-TerminalServices-LocalSessionManager/Operational", "Provider_Name": "Microsoft-Windows-TerminalServices-LocalSessionManager", "Computer": "DESKTOP-OFJ6N53", "TimeCreated": "2024-12-17 10:16:55.586246+00:00", "RecordID": "6888", "Level": "4", "UserID": "S-1-5-18"}
{"EventID": "40", "Channel": "Microsoft-Windows-TerminalServices-LocalSessionManager/Operational", "Provider_Name": "Microsoft-Windows-TerminalServices-LocalSessionManager", "Computer": "DESKTOP-OFJ6N53", "TimeCreated": "2024-12-17 13:57:17.402922+00:00", "RecordID": "6889", "Level": "4", "UserID": "S-1-5-18"}
{"EventID": "24", "Channel": "Microsoft-Windows-TerminalServices-LocalSessionManager/Operational", "Provider_Name": "Microsoft-Windows-TerminalServices-LocalSessionManager", "Computer": "DESKTOP-OFJ6N53", "TimeCreated": "2024-12-17 13:57:17.971487+00:00", "RecordID": "6890", "Level": "4", "UserID": "S-1-5-18"}
{"EventID": "40", "Channel": "Microsoft-Windows-TerminalServices-LocalSessionManager/Operational", "Provider_Name": "Microsoft-Windows-TerminalServices-LocalSessionManager", "Computer": "DESKTOP-OFJ6N53", "TimeCreated": "2024-12-18 15:46:02.181320+00:00", "RecordID": "6891", "Level": "4", "UserID": "S-1-5-18"}
{"EventID": "25", "Channel": "Microsoft-Windows-TerminalServices-LocalSessionManager/Operational", "Provider_Name": "Microsoft-Windows-TerminalServices-LocalSessionManager", "Computer": "DESKTOP-OFJ6N53", "TimeCreated": "2024-12-18 15:46:02.647009+00:00", "RecordID": "6892", "Level": "4", "UserID": "S-1-5-18"}
{"EventID": "40", "Channel": "Microsoft-Windows-TerminalServices-LocalSessionManager/Operational", "Provider_Name": "Microsoft-Windows-TerminalServices-LocalSessionManager", "Computer": "DESKTOP-OFJ6N53", "TimeCreated": "2024-12-18 16:34:42.980219+00:00", "RecordID": "6893", "Level": "4", "UserID": "S-1-5-18"}
{"EventID": "24", "Channel": "Microsoft-Windows-TerminalServices-LocalSessionManager/Operational", "Provider_Name": "Microsoft-Windows-TerminalServices-LocalSessionManager", "Computer": "DESKTOP-OFJ6N53", "TimeCreated": "2024-12-18 16:34:43.612553+00:00", "RecordID": "6894", "Level": "4", "UserID": "S-1-5-18"}
{"EventID": "40", "Channel": "Microsoft-Windows-TerminalServices-LocalSessionManager/Operational", "Provider_Name": "Microsoft-Windows-TerminalServices-LocalSessionManager", "Computer": "DESKTOP-OFJ6N53", "TimeCreated": "2024-12-19 09:49:32.169022+00:00", "RecordID": "6895", "Level": "4", "UserID": "S-1-5-18"}
{"EventID": "25", "Channel": "Microsoft-Windows-TerminalServices-LocalSessionManager/Operational", "Provider_Name": "Microsoft-Windows-TerminalServices-LocalSessionManager", "Computer": "DESKTOP-OFJ6N53", "TimeCreated": "2024-12-19 09:49:32.773579+00:00", "RecordID": "6896", "Level": "4", "UserID": "S-1-5-18"}
{"EventID": "40", "Channel": "Microsoft-Windows-TerminalServices-LocalSessionManager/Operational", "Provider_Name": "Microsoft-Windows-TerminalServices-LocalSessionManager", "Computer": "DESKTOP-OFJ6N53", "TimeCreated": "2024-12-19 15:16:37.157314+00:00", "RecordID": "6897", "Level": "4", "UserID": "S-1-5-18"}
{"EventID": "24", "Channel": "Microsoft-Windows-TerminalServices-LocalSessionManager/Operational", "Provider_Name": "Microsoft-Windows-TerminalServices-LocalSessionManager", "Computer": "DESKTOP-OFJ6N53", "TimeCreated": "2024-12-19 15:16:37.975758+00:00", "RecordID": "6898", "Level": "4", "UserID": "S-1-5-18"}
{"EventID": "41", "Channel": "Microsoft-Windows-TerminalServices-LocalSessionManager/Operational", "Provider_Name": "Microsoft-Windows-TerminalServices-LocalSessionManager", "Computer": "DESKTOP-OFJ6N53", "TimeCreated": "2024-12-23 14:09:02.561499+00:00", "RecordID": "6899", "Level": "4", "UserID": "S-1-5-18"}
{"EventID": "40", "Channel": "Microsoft-Windows-TerminalServices-LocalSessionManager/Operational", "Provider_Name": "Microsoft-Windows-TerminalServices-LocalSessionManager", "Computer": "DESKTOP-OFJ6N53", "TimeCreated": "2024-12-23 14:09:02.570719+00:00", "RecordID": "6900", "Level": "4", "UserID": "S-1-5-18"}
{"EventID": "40", "Channel": "Microsoft-Windows-TerminalServices-LocalSessionManager/Operational", "Provider_Name": "Microsoft-Windows-TerminalServices-LocalSessionManager", "Computer": "DESKTOP-OFJ6N53", "TimeCreated": "2024-12-23 14:09:02.674267+00:00", "RecordID": "6901", "Level": "4", "UserID": "S-1-5-18"}
{"EventID": "25", "Channel": "Microsoft-Windows-TerminalServices-LocalSessionManager/Operational", "Provider_Name": "Microsoft-Windows-TerminalServices-LocalSessionManager", "Computer": "DESKTOP-OFJ6N53", "TimeCreated": "2024-12-23 14:09:03.081612+00:00", "RecordID": "6902", "Level": "4", "UserID": "S-1-5-18"}
{"EventID": "42", "Channel": "Microsoft-Windows-TerminalServices-LocalSessionManager/Operational", "Provider_Name": "Microsoft-Windows-TerminalServices-LocalSessionManager", "Computer": "DESKTOP-OFJ6N53", "TimeCreated": "2024-12-23 14:09:03.082363+00:00", "RecordID": "6903", "Level": "4", "UserID": "S-1-5-18"}
{"EventID": "23", "Channel": "Microsoft-Windows-TerminalServices-LocalSessionManager/Operational", "Provider_Name": "Microsoft-Windows-TerminalServices-LocalSessionManager", "Computer": "DESKTOP-OFJ6N53", "TimeCreated": "2024-12-23 14:09:24.114998+00:00", "RecordID": "6904", "Level": "4", "UserID": "S-1-5-18"}
{"EventID": "54", "Channel": "Microsoft-Windows-TerminalServices-LocalSessionManager/Operational", "Provider_Name": "Microsoft-Windows-TerminalServices-LocalSessionManager", "Computer": "DESKTOP-OFJ6N53", "TimeCreated": "2024-12-23 14:09:24.444157+00:00", "RecordID": "6905", "Level": "4", "UserID": "S-1-5-18"}
{"EventID": "32", "Channel": "Microsoft-Windows-TerminalServices-LocalSessionManager/Operational", "Provider_Name": "Microsoft-Windows-TerminalServices-LocalSessionManager", "Computer": "DESKTOP-OFJ6N53", "TimeCreated": "2024-12-23 14:10:01.706039+00:00", "RecordID": "6906", "Level": "4", "UserID": "S-1-5-18"}
{"EventID": "41", "Channel": "Microsoft-Windows-TerminalServices-LocalSessionManager/Operational", "Provider_Name": "Microsoft-Windows-TerminalServices-LocalSessionManager", "Computer": "DESKTOP-OFJ6N53", "TimeCreated": "2024-12-23 14:10:02.995951+00:00", "RecordID": "6907", "Level": "4", "UserID": "S-1-5-18"}
{"EventID": "42", "Channel": "Microsoft-Windows-TerminalServices-LocalSessionManager/Operational", "Provider_Name": "Microsoft-Windows-TerminalServices-LocalSessionManager", "Computer": "DESKTOP-OFJ6N53", "TimeCreated": "2024-12-23 14:10:03.006447+00:00", "RecordID": "6908", "Level": "4", "UserID": "S-1-5-18"}
{"EventID": "21", "Channel": "Microsoft-Windows-TerminalServices-LocalSessionManager/Operational", "Provider_Name": "Microsoft-Windows-TerminalServices-LocalSessionManager", "Computer": "DESKTOP-OFJ6N53", "TimeCreated": "2024-12-23 14:10:18.144836+00:00", "RecordID": "6909", "Level": "4", "UserID": "S-1-5-18"}
{"EventID": "22", "Channel": "Microsoft-Windows-TerminalServices-LocalSessionManager/Operational", "Provider_Name": "Microsoft-Windows-TerminalServices-LocalSessionManager", "Computer": "DESKTOP-OFJ6N53", "TimeCreated": "2024-12-23 14:10:18.579613+00:00", "RecordID": "6910", "Level": "4", "UserID": "S-1-5-18"}
{"EventID": "40", "Channel": "Microsoft-Windows-TerminalServices-LocalSessionManager/Operational", "Provider_Name": "Microsoft-Windows-TerminalServices-LocalSessionManager", "Computer": "DESKTOP-OFJ6N53", "TimeCreated": "2024-12-23 14:15:14.518456+00:00", "RecordID": "6911", "Level": "4", "UserID": "S-1-5-18"}
{"EventID": "24", "Channel": "Microsoft-Windows-TerminalServices-LocalSessionManager/Operational", "Provider_Name": "Microsoft-Windows-TerminalServices-LocalSessionManager", "Computer": "DESKTOP-OFJ6N53", "TimeCreated": "2024-12-23 14:15:14.699833+00:00", "RecordID": "6912", "Level": "4", "UserID": "S-1-5-18"}
{"EventID": "25", "Channel": "Microsoft-Windows-TerminalServices-LocalSessionManager/Operational", "Provider_Name": "Microsoft-Windows-TerminalServices-LocalSessionManager", "Computer": "DESKTOP-OFJ6N53", "TimeCreated": "2024-12-23 14:15:15.973677+00:00", "RecordID": "6913", "Level": "4", "UserID": "S-1-5-18"}
{"EventID": "40", "Channel": "Microsoft-Windows-TerminalServices-LocalSessionManager/Operational", "Provider_Name": "Microsoft-Windows-TerminalServices-LocalSessionManager", "Computer": "DESKTOP-OFJ6N53", "TimeCreated": "2024-12-23 14:15:57.007866+00:00", "RecordID": "6914", "Level": "4", "UserID": "S-1-5-18"}
{"EventID": "24", "Channel": "Microsoft-Windows-TerminalServices-LocalSessionManager/Operational", "Provider_Name": "Microsoft-Windows-TerminalServices-LocalSessionManager", "Computer": "DESKTOP-OFJ6N53", "TimeCreated": "2024-12-23 14:15:57.390528+00:00", "RecordID": "6915", "Level": "4", "UserID": "S-1-5-18"}
{"EventID": "40", "Channel": "Microsoft-Windows-TerminalServices-LocalSessionManager/Operational", "Provider_Name": "Microsoft-Windows-TerminalServices-LocalSessionManager", "Computer": "DESKTOP-OFJ6N53", "TimeCreated": "2024-12-23 16:06:27.518566+00:00", "RecordID": "6916", "Level": "4", "UserID": "S-1-5-18"}
{"EventID": "25", "Channel": "Microsoft-Windows-TerminalServices-LocalSessionManager/Operational", "Provider_Name": "Microsoft-Windows-TerminalServices-LocalSessionManager", "Computer": "DESKTOP-OFJ6N53", "TimeCreated": "2024-12-23 16:06:28.110624+00:00", "RecordID": "6917", "Level": "4", "UserID": "S-1-5-18"}
{"EventID": "40", "Channel": "Microsoft-Windows-TerminalServices-LocalSessionManager/Operational", "Provider_Name": "Microsoft-Windows-TerminalServices-LocalSessionManager", "Computer": "DESKTOP-OFJ6N53", "TimeCreated": "2024-12-23 16:37:57.924461+00:00", "RecordID": "6918", "Level": "4", "UserID": "S-1-5-18"}
{"EventID": "40", "Channel": "Microsoft-Windows-TerminalServices-LocalSessionManager/Operational", "Provider_Name": "Microsoft-Windows-TerminalServices-LocalSessionManager", "Computer": "DESKTOP-OFJ6N53", "TimeCreated": "2024-12-23 16:37:57.966093+00:00", "RecordID": "6919", "Level": "4", "UserID": "S-1-5-18"}
{"EventID": "40", "Channel": "Microsoft-Windows-TerminalServices-LocalSessionManager/Operational", "Provider_Name": "Microsoft-Windows-TerminalServices-LocalSessionManager", "Computer": "DESKTOP-OFJ6N53", "TimeCreated": "2024-12-23 16:37:58.146620+00:00", "RecordID": "6920", "Level": "4", "UserID": "S-1-5-18"}
{"EventID": "25", "Channel": "Microsoft-Windows-TerminalServices-LocalSessionManager/Operational", "Provider_Name": "Microsoft-Windows-TerminalServices-LocalSessionManager", "Computer": "DESKTOP-OFJ6N53", "TimeCreated": "2024-12-23 16:37:58.767590+00:00", "RecordID": "6921", "Level": "4", "UserID": "S-1-5-18"}
{"EventID": "24", "Channel": "Microsoft-Windows-TerminalServices-LocalSessionManager/Operational", "Provider_Name": "Microsoft-Windows-TerminalServices-LocalSessionManager", "Computer": "DESKTOP-OFJ6N53", "TimeCreated": "2024-12-23 16:37:58.799850+00:00", "RecordID": "6922", "Level": "4", "UserID": "S-1-5-18"}
{"EventID": "40", "Channel": "Microsoft-Windows-TerminalServices-LocalSessionManager/Operational", "Provider_Name": "Microsoft-Windows-TerminalServices-LocalSessionManager", "Computer": "DESKTOP-OFJ6N53", "TimeCreated": "2024-12-23 19:21:17.146135+00:00", "RecordID": "6923", "Level": "4", "UserID": "S-1-5-18"}
{"EventID": "24", "Channel": "Microsoft-Windows-TerminalServices-LocalSessionManager/Operational", "Provider_Name": "Microsoft-Windows-TerminalServices-LocalSessionManager", "Computer": "DESKTOP-OFJ6N53", "TimeCreated": "2024-12-23 19:21:17.671133+00:00", "RecordID": "6924", "Level": "4", "UserID": "S-1-5-18"}
{"EventID": "40", "Channel": "Microsoft-Windows-TerminalServices-LocalSessionManager/Operational", "Provider_Name": "Microsoft-Windows-TerminalServices-LocalSessionManager", "Computer": "DESKTOP-OFJ6N53", "TimeCreated": "2024-12-24 10:24:26.739866+00:00", "RecordID": "6925", "Level": "4", "UserID": "S-1-5-18"}
