{"EventID": "61", "Channel": "Microsoft-Windows-Bits-Client/Operational", "Provider_Name": "Microsoft-Windows-Bits-Client", "Computer": "DESKTOP-OFJ6N53", "TimeCreated": "2025-08-23 16:45:27.464861+00:00", "RecordID": "85271", "Level": "3", "UserID": "S-1-5-18", "EventData.transferId": "{1d9f13bd-496b-40fa-b5bf-7508da9fcb67}", "EventData.name": "Chrome Component Updater", "EventData.Id": "{8ffa52bd-05a4-4dfd-93e7-cfeb40d8e1e3}", "EventData.url": "http://edgedl.me.gvt1.com/edgedl/diffgen-puffin/jflhchccmppkfebkiaminageehmchikm/084836bda486a38b25ecaada20748e7f429b96c63677826f96b951d74b3327e5", "EventData.peer": null, "EventData.hr": "2147954402", "EventData.fileTime": "0001-01-01 00:00:00", "EventData.fileLength": "18446744073709551615", "EventData.bytesTotal": "18446744073709551615", "EventData.bytesTransferred": "0", "EventData.proxy": null, "EventData.peerProtocolFlags": "0", "EventData.bytesTransferredFromPeer": "0", "EventData.AdditionalInfoHr": "0", "EventData.PeerContextInfo": "0", "EventData.bandwidthLimit": "18446744073709551615", "EventData.ignoreBandwidthLimitsOnLan": "False"}
{"EventID": "61", "Channel": "Microsoft-Windows-Bits-Client/Operational", "Provider_Name": "Microsoft-Windows-Bits-Client", "Computer": "DESKTOP-OFJ6N53", "TimeCreated": "2025-08-23 16:46:49.017075+00:00", "RecordID": "85272", "Level": "3", "UserID": "S-1-5-18", "EventData.transferId": "{0be76852-8b91-47c3-820a-cb20262bc29b}", "EventData.name": "Chrome Component Updater", "EventData.Id": "{8ffa52bd-05a4-4dfd-93e7-cfeb40d8e1e3}", "EventData.url": "http://edgedl.me.gvt1.com/edgedl/diffgen-puffin/jflhchccmppkfebkiaminageehmchikm/084836bda486a38b25ecaada20748e7f429b96c63677826f96b951d74b3327e5", "EventData.peer": null, "EventData.hr": "2147954402", "EventData.fileTime": "0001-01-01 00:00:00", "EventData.fileLength": "18446744073709551615", "EventData.bytesTotal": "18446744073709551615", "EventData.bytesTransferred": "0", "EventData.proxy": null, "EventData.peerProtocolFlags": "0", "EventData.bytesTransferredFromPeer": "0", "EventData.AdditionalInfoHr": "0", "EventData.PeerContextInfo": "0", "EventData.bandwidthLimit": "18446744073709551615", "EventData.ignoreBandwidthLimitsOnLan": "False"}
{"EventID": "61", "Channel": "Microsoft-Windows-Bits-Client/Operational", "Provider_Name": "Microsoft-Windows-Bits-Client", "Computer": "DESKTOP-OFJ6N53", "TimeCreated": "2025-08-23 16:48:10.072311+00:00", "RecordID": "85273", "Level": "3", "UserID": "S-1-5-18", "EventData.transferId": "{e8fcf282-2950-43b4-aeee-a1e19177e315}", "EventData.name": "Chrome Component Updater", "EventData.Id": "{8ffa52bd-05a4-4dfd-93e7-cfeb40d8e1e3}", "EventData.url": "http://edgedl.me.gvt1.com/edgedl/diffgen-puffin/jflhchccmppkfebkiaminageehmchikm/084836bda486a38b25ecaada20748e7f429b96c63677826f96b951d74b3327e5", "EventData.peer": null, "EventData.hr": "2147954402", "EventData.fileTime": "0001-01-01 00:00:00", "EventData.fileLength": "18446744073709551615", "EventData.bytesTotal": "18446744073709551615", "EventData.bytesTransferred": "0", "EventData.proxy": null, "EventData.peerProtocolFlags": "0", "EventData.bytesTransferredFromPeer": "0", "EventData.AdditionalInfoHr": "0", "EventData.PeerContextInfo": "0", "EventData.bandwidthLimit": "18446744073709551615", "EventData.ignoreBandwidthLimitsOnLan": "False"}
{"EventID": "61", "Channel": "Microsoft-Windows-Bits-Client/Operational", "Provider_Name": "Microsoft-Windows-Bits-Client", "Computer": "DESKTOP-OFJ6N53", "TimeCreated": "2025-08-23 16:49:31.555119+00:00", "RecordID": "85274", "Level": "3", "UserID": "S-1-5-18", "EventData.transferId": "{a69741f0-8b6c-4b5f-9122-f5c89c536530}", "EventData.name": "Chrome Component Updater", "EventData.Id": "{8ffa52bd-05a4-4dfd-93e7-cfeb40d8e1e3}", "EventData.url": "http://edgedl.me.gvt1.com/edgedl/diffgen-puffin/jflhchccmppkfebkiaminageehmchikm/084836bda486a38b25ecaada20748e7f429b96c63677826f96b951d74b3327e5", "EventData.peer": null, "EventData.hr": "2147954402", "EventData.fileTime": "0001-01-01 00:00:00", "EventData.fileLength": "18446744073709551615", "EventData.bytesTotal": "18446744073709551615", "EventData.bytesTransferred": "0", "EventData.proxy": null, "EventData.peerProtocolFlags": "0", "EventData.bytesTransferredFromPeer": "0", "EventData.AdditionalInfoHr": "0", "EventData.PeerContextInfo": "0", "EventData.bandwidthLimit": "18446744073709551615", "EventData.ignoreBandwidthLimitsOnLan": "False"}
{"EventID": "61", "Channel": "Microsoft-Windows-Bits-Client/Operational", "Provider_Name": "Microsoft-Windows-Bits-Client", "Computer": "DESKTOP-OFJ6N53", "TimeCreated": "2025-08-23 16:50:52.415878+00:00", "RecordID": "85275", "Level": "3", "UserID": "S-1-5-18", "EventData.transferId": "{70ef452e-102d-4cfe-82b7-b01054849598}", "EventData.name": "Chrome Component Updater", "EventData.Id": "{8ffa52bd-05a4-4dfd-93e7-cfeb40d8e1e3}", "EventData.url": "http://edgedl.me.gvt1.com/edgedl/diffgen-puffin/jflhchccmppkfebkiaminageehmchikm/084836bda486a38b25ecaada20748e7f429b96c63677826f96b951d74b3327e5", "EventData.peer": null, "EventData.hr": "2147954402", "EventData.fileTime": "0001-01-01 00:00:00", "EventData.fileLength": "18446744073709551615", "EventData.bytesTotal": "18446744073709551615", "EventData.bytesTransferred": "0", "EventData.proxy": null, "EventData.peerProtocolFlags": "0", "EventData.bytesTransferredFromPeer": "0", "EventData.AdditionalInfoHr": "0", "EventData.PeerContextInfo": "0", "EventData.bandwidthLimit": "18446744073709551615", "EventData.ignoreBandwidthLimitsOnLan": "False"}
{"EventID": "61", "Channel": "Microsoft-Windows-Bits-Client/Operational", "Provider_Name": "Microsoft-Windows-Bits-Client", "Computer": "DESKTOP-OFJ6N53", "TimeCreated": "2025-08-23 16:52:13.735613+00:00", "RecordID": "85276", "Level": "3", "UserID": "S-1-5-18", "EventData.transferId": "{7e8cf12d-f003-487d-81de-b31b4cc6f4db}", "EventData.name": "Chrome Component Updater", "EventData.Id": "{8ffa52bd-05a4-4dfd-93e7-cfeb40d8e1e3}", "EventData.url": "http://edgedl.me.gvt1.com/edgedl/diffgen-puffin/jflhchccmppkfebkiaminageehmchikm/084836bda486a38b25ecaada20748e7f429b96c63677826f96b951d74b3327e5", "EventData.peer": null, "EventData.hr": "2147954402", "EventData.fileTime": "0001-01-01 00:00:00", "EventData.fileLength": "18446744073709551615", "EventData.bytesTotal": "18446744073709551615", "EventData.bytesTransferred": "0", "EventData.proxy": null, "EventData.peerProtocolFlags": "0", "EventData.bytesTransferredFromPeer": "0", "EventData.AdditionalInfoHr": "0", "EventData.PeerContextInfo": "0", "EventData.bandwidthLimit": "18446744073709551615", "EventData.ignoreBandwidthLimitsOnLan": "False"}
{"EventID": "61", "Channel": "Microsoft-Windows-Bits-Client/Operational", "Provider_Name": "Microsoft-Windows-Bits-Client", "Computer": "DESKTOP-OFJ6N53", "TimeCreated": "2025-08-23 16:53:34.837519+00:00", "RecordID": "85277", "Level": "3", "UserID": "S-1-5-18", "EventData.transferId": "{4a5f0948-41ac-4e88-b906-ea1722514b0d}", "EventData.name": "Chrome Component Updater", "EventData.Id": "{8ffa52bd-05a4-4dfd-93e7-cfeb40d8e1e3}", "EventData.url": "http://edgedl.me.gvt1.com/edgedl/diffgen-puffin/jflhchccmppkfebkiaminageehmchikm/084836bda486a38b25ecaada20748e7f429b96c63677826f96b951d74b3327e5", "EventData.peer": null, "EventData.hr": "2147954402", "EventData.fileTime": "0001-01-01 00:00:00", "EventData.fileLength": "18446744073709551615", "EventData.bytesTotal": "18446744073709551615", "EventData.bytesTransferred": "0", "EventData.proxy": null, "EventData.peerProtocolFlags": "0", "EventData.bytesTransferredFromPeer": "0", "EventData.AdditionalInfoHr": "0", "EventData.PeerContextInfo": "0", "EventData.bandwidthLimit": "18446744073709551615", "EventData.ignoreBandwidthLimitsOnLan": "False"}
{"EventID": "5", "Channel": "Microsoft-Windows-Bits-Client/Operational", "Provider_Name": "Microsoft-Windows-Bits-Client", "Computer": "DESKTOP-OFJ6N53", "TimeCreated": "2025-08-23 16:54:35.792542+00:00", "RecordID": "85278", "Level": "4", "UserID": "S-1-5-21-963789628-1060504924-4285088085-1001", "EventData.User": "DESKTOP-OFJ6N53\\sk.batsiev", "EventData.jobTitle": "Chrome Component Updater", "EventData.jobId": "{8ffa52bd-05a4-4dfd-93e7-cfeb40d8e1e3}", "EventData.jobOwner": "DESKTOP-OFJ6N53\\sk.batsiev", "EventData.fileCount": "1"}
{"EventID": "3", "Channel": "Microsoft-Windows-Bits-Client/Operational", "Provider_Name": "Microsoft-Windows-Bits-Client", "Computer": "DESKTOP-OFJ6N53", "TimeCreated": "2025-08-23 16:54:35.800091+00:00", "RecordID": "85279", "Level": "4", "UserID": "S-1-5-18", "EventData.jobTitle": "Chrome Component Updater", "EventData.jobId": "{b538a6d7-0c51-4899-ac44-d829cc566147}", "EventData.jobOwner": "DESKTOP-OFJ6N53\\sk.batsiev", "EventData.processPath": "C:\\Program Files\\Google\\Chrome\\Application\\chrome.exe", "EventData.processId": "8232", "EventData.ClientProcessStartKey": "50102545854498854"}
{"EventID": "16403", "Channel": "Microsoft-Windows-Bits-Client/Operational", "Provider_Name": "Microsoft-Windows-Bits-Client", "Computer": "DESKTOP-OFJ6N53", "TimeCreated": "2025-08-23 16:54:35.807556+00:00", "RecordID": "85280", "Level": "4", "UserID": "S-1-5-21-963789628-1060504924-4285088085-1001", "EventData.User": "DESKTOP-OFJ6N53\\sk.batsiev", "EventData.jobTitle": "Chrome Component Updater", "EventData.jobId": "{b538a6d7-0c51-4899-ac44-d829cc566147}", "EventData.jobOwner": "DESKTOP-OFJ6N53\\sk.batsiev", "EventData.fileCount": "1", "EventData.RemoteName": "https://edgedl.me.gvt1.com/edgedl/diffgen-puffin/jflhchccmppkfebkiaminageehmchikm/084836bda486a38b25ecaada20748e7f429b96c63677826f96b951d74b3327e5", "EventData.LocalName": "C:\\Users\\SKA580~1.BAT\\AppData\\Local\\Temp\\chrome_BITS_8232_739859217\\084836bda486a38b25ecaada20748e7f429b96c63677826f96b951d74b3327e5", "EventData.processId": "8232", "EventData.ClientProcessStartKey": "50102545854498854"}
{"EventID": "61", "Channel": "Microsoft-Windows-Bits-Client/Operational", "Provider_Name": "Microsoft-Windows-Bits-Client", "Computer": "DESKTOP-OFJ6N53", "TimeCreated": "2025-08-23 16:55:18.228157+00:00", "RecordID": "85281", "Level": "3", "UserID": "S-1-5-18", "EventData.transferId": "{0ecfd6c4-8bb1-40ac-b6ef-83d48aa364c6}", "EventData.name": "Chrome Component Updater", "EventData.Id": "{b538a6d7-0c51-4899-ac44-d829cc566147}", "EventData.url": "https://edgedl.me.gvt1.com/edgedl/diffgen-puffin/jflhchccmppkfebkiaminageehmchikm/084836bda486a38b25ecaada20748e7f429b96c63677826f96b951d74b3327e5", "EventData.peer": null, "EventData.hr": "2147954402", "EventData.fileTime": "0001-01-01 00:00:00", "EventData.fileLength": "18446744073709551615", "EventData.bytesTotal": "18446744073709551615", "EventData.bytesTransferred": "0", "EventData.proxy": null, "EventData.peerProtocolFlags": "0", "EventData.bytesTransferredFromPeer": "0", "EventData.AdditionalInfoHr": "0", "EventData.PeerContextInfo": "0", "EventData.bandwidthLimit": "18446744073709551615", "EventData.ignoreBandwidthLimitsOnLan": "False"}
{"EventID": "61", "Channel": "Microsoft-Windows-Bits-Client/Operational", "Provider_Name": "Microsoft-Windows-Bits-Client", "Computer": "DESKTOP-OFJ6N53", "TimeCreated": "2025-08-23 16:56:39.422155+00:00", "RecordID": "85282", "Level": "3", "UserID": "S-1-5-18", "EventData.transferId": "{caddec9b-8178-4138-9c23-4dfcf3aa8bce}", "EventData.name": "Chrome Component Updater", "EventData.Id": "{b538a6d7-0c51-4899-ac44-d829cc566147}", "EventData.url": "https://edgedl.me.gvt1.com/edgedl/diffgen-puffin/jflhchccmppkfebkiaminageehmchikm/084836bda486a38b25ecaada20748e7f429b96c63677826f96b951d74b3327e5", "EventData.peer": null, "EventData.hr": "2147954402", "EventData.fileTime": "0001-01-01 00:00:00", "EventData.fileLength": "18446744073709551615", "EventData.bytesTotal": "18446744073709551615", "EventData.bytesTransferred": "0", "EventData.proxy": null, "EventData.peerProtocolFlags": "0", "EventData.bytesTransferredFromPeer": "0", "EventData.AdditionalInfoHr": "0", "EventData.PeerContextInfo": "0", "EventData.bandwidthLimit": "18446744073709551615", "EventData.ignoreBandwidthLimitsOnLan": "False"}
{"EventID": "61", "Channel": "Microsoft-Windows-Bits-Client/Operational", "Provider_Name": "Microsoft-Windows-Bits-Client", "Computer": "DESKTOP-OFJ6N53", "TimeCreated": "2025-08-23 16:58:00.540672+00:00", "RecordID": "85283", "Level": "3", "UserID": "S-1-5-18", "EventData.transferId": "{900fe1e1-5dfd-4e84-9f0e-afffa444720b}", "EventData.name": "Chrome Component Updater", "EventData.Id": "{b538a6d7-0c51-4899-ac44-d829cc566147}", "EventData.url": "https://edgedl.me.gvt1.com/edgedl/diffgen-puffin/jflhchccmppkfebkiaminageehmchikm/084836bda486a38b25ecaada20748e7f429b96c63677826f96b951d74b3327e5", "EventData.peer": null, "EventData.hr": "2147954402", "EventData.fileTime": "0001-01-01 00:00:00", "EventData.fileLength": "18446744073709551615", "EventData.bytesTotal": "18446744073709551615", "EventData.bytesTransferred": "0", "EventData.proxy": null, "EventData.peerProtocolFlags": "0", "EventData.bytesTransferredFromPeer": "0", "EventData.AdditionalInfoHr": "0", "EventData.PeerContextInfo": "0", "EventData.bandwidthLimit": "18446744073709551615", "EventData.ignoreBandwidthLimitsOnLan": "False"}
{"EventID": "61", "Channel": "Microsoft-Windows-Bits-Client/Operational", "Provider_Name": "Microsoft-Windows-Bits-Client", "Computer": "DESKTOP-OFJ6N53", "TimeCreated": "2025-08-23 16:59:21.718102+00:00", "RecordID": "85284", "Level": "3", "UserID": "S-1-5-18", "EventData.transferId": "{8a9910d3-0e33-4b83-9487-1342c1635fb9}", "EventData.name": "Chrome Component Updater", "EventData.Id": "{b538a6d7-0c51-4899-ac44-d829cc566147}", "EventData.url": "https://edgedl.me.gvt1.com/edgedl/diffgen-puffin/jflhchccmppkfebkiaminageehmchikm/084836bda486a38b25ecaada20748e7f429b96c63677826f96b951d74b3327e5", "EventData.peer": null, "EventData.hr": "2147954402", "EventData.fileTime": "0001-01-01 00:00:00", "EventData.fileLength": "18446744073709551615", "EventData.bytesTotal": "18446744073709551615", "EventData.bytesTransferred": "0", "EventData.proxy": null, "EventData.peerProtocolFlags": "0", "EventData.bytesTransferredFromPeer": "0", "EventData.AdditionalInfoHr": "0", "EventData.PeerContextInfo": "0", "EventData.bandwidthLimit": "18446744073709551615", "EventData.ignoreBandwidthLimitsOnLan": "False"}
{"EventID": "61", "Channel": "Microsoft-Windows-Bits-Client/Operational", "Provider_Name": "Microsoft-Windows-Bits-Client", "Computer": "DESKTOP-OFJ6N53", "TimeCreated": "2025-08-23 17:00:42.791746+00:00", "RecordID": "85285", "Level": "3", "UserID": "S-1-5-18", "EventData.transferId": "{10fbb5ec-c7d7-4f3e-9bcf-19a809996452}", "EventData.name": "Chrome Component Updater", "EventData.Id": "{b538a6d7-0c51-4899-ac44-d829cc566147}", "EventData.url": "https://edgedl.me.gvt1.com/edgedl/diffgen-puffin/jflhchccmppkfebkiaminageehmchikm/084836bda486a38b25ecaada20748e7f429b96c63677826f96b951d74b3327e5", "EventData.peer": null, "EventData.hr": "2147954402", "EventData.fileTime": "0001-01-01 00:00:00", "EventData.fileLength": "18446744073709551615", "EventData.bytesTotal": "18446744073709551615", "EventData.bytesTransferred": "0", "EventData.proxy": null, "EventData.peerProtocolFlags": "0", "EventData.bytesTransferredFromPeer": "0", "EventData.AdditionalInfoHr": "0", "EventData.PeerContextInfo": "0", "EventData.bandwidthLimit": "18446744073709551615", "EventData.ignoreBandwidthLimitsOnLan": "False"}
{"EventID": "61", "Channel": "Microsoft-Windows-Bits-Client/Operational", "Provider_Name": "Microsoft-Windows-Bits-Client", "Computer": "DESKTOP-OFJ6N53", "TimeCreated": "2025-08-23 17:02:03.837517+00:00", "RecordID": "85286", "Level": "3", "UserID": "S-1-5-18", "EventData.transferId": "{c26f56f5-b8bf-4d63-9501-5672d7cfcfa2}", "EventData.name": "Chrome Component Updater", "EventData.Id": "{b538a6d7-0c51-4899-ac44-d829cc566147}", "EventData.url": "https://edgedl.me.gvt1.com/edgedl/diffgen-puffin/jflhchccmppkfebkiaminageehmchikm/084836bda486a38b25ecaada20748e7f429b96c63677826f96b951d74b3327e5", "EventData.peer": null, "EventData.hr": "2147954402", "EventData.fileTime": "0001-01-01 00:00:00", "EventData.fileLength": "18446744073709551615", "EventData.bytesTotal": "18446744073709551615", "EventData.bytesTransferred": "0", "EventData.proxy": null, "EventData.peerProtocolFlags": "0", "EventData.bytesTransferredFromPeer": "0", "EventData.AdditionalInfoHr": "0", "EventData.PeerContextInfo": "0", "EventData.bandwidthLimit": "18446744073709551615", "EventData.ignoreBandwidthLimitsOnLan": "False"}
{"EventID": "61", "Channel": "Microsoft-Windows-Bits-Client/Operational", "Provider_Name": "Microsoft-Windows-Bits-Client", "Computer": "DESKTOP-OFJ6N53", "TimeCreated": "2025-08-23 17:03:24.954407+00:00", "RecordID": "85287", "Level": "3", "UserID": "S-1-5-18", "EventData.transferId": "{09937891-bb81-4a37-9643-41c5e294ca8f}", "EventData.name": "Chrome Component Updater", "EventData.Id": "{b538a6d7-0c51-4899-ac44-d829cc566147}", "EventData.url": "https://edgedl.me.gvt1.com/edgedl/diffgen-puffin/jflhchccmppkfebkiaminageehmchikm/084836bda486a38b25ecaada20748e7f429b96c63677826f96b951d74b3327e5", "EventData.peer": null, "EventData.hr": "2147954402", "EventData.fileTime": "0001-01-01 00:00:00", "EventData.fileLength": "18446744073709551615", "EventData.bytesTotal": "18446744073709551615", "EventData.bytesTransferred": "0", "EventData.proxy": null, "EventData.peerProtocolFlags": "0", "EventData.bytesTransferredFromPeer": "0", "EventData.AdditionalInfoHr": "0", "EventData.PeerContextInfo": "0", "EventData.bandwidthLimit": "18446744073709551615", "EventData.ignoreBandwidthLimitsOnLan": "False"}
{"EventID": "61", "Channel": "Microsoft-Windows-Bits-Client/Operational", "Provider_Name": "Microsoft-Windows-Bits-Client", "Computer": "DESKTOP-OFJ6N53", "TimeCreated": "2025-08-23 17:04:46.040943+00:00", "RecordID": "85288", "Level": "3", "UserID": "S-1-5-18", "EventData.transferId": "{93131d38-acc3-4451-94bd-5b45540638aa}", "EventData.name": "Chrome Component Updater", "EventData.Id": "{b538a6d7-0c51-4899-ac44-d829cc566147}", "EventData.url": "https://edgedl.me.gvt1.com/edgedl/diffgen-puffin/jflhchccmppkfebkiaminageehmchikm/084836bda486a38b25ecaada20748e7f429b96c63677826f96b951d74b3327e5", "EventData.peer": null, "EventData.hr": "2147954402", "EventData.fileTime": "0001-01-01 00:00:00", "EventData.fileLength": "18446744073709551615", "EventData.bytesTotal": "18446744073709551615", "EventData.bytesTransferred": "0", "EventData.proxy": null, "EventData.peerProtocolFlags": "0", "EventData.bytesTransferredFromPeer": "0", "EventData.AdditionalInfoHr": "0", "EventData.PeerContextInfo": "0", "EventData.bandwidthLimit": "18446744073709551615", "EventData.ignoreBandwidthLimitsOnLan": "False"}
{"EventID": "61", "Channel": "Microsoft-Windows-Bits-Client/Operational", "Provider_Name": "Microsoft-Windows-Bits-Client", "Computer": "DESKTOP-OFJ6N53", "TimeCreated": "2025-08-23 17:06:07.150608+00:00", "RecordID": "85289", "Level": "3", "UserID": "S-1-5-18", "EventData.transferId": "{9425d7a2-f497-4557-93f7-fc931578a2de}", "EventData.name": "Chrome Component Updater", "EventData.Id": "{b538a6d7-0c51-4899-ac44-d829cc566147}", "EventData.url": "https://edgedl.me.gvt1.com/edgedl/diffgen-puffin/jflhchccmppkfebkiaminageehmchikm/084836bda486a38b25ecaada20748e7f429b96c63677826f96b951d74b3327e5", "EventData.peer": null, "EventData.hr": "2147954402", "EventData.fileTime": "0001-01-01 00:00:00", "EventData.fileLength": "18446744073709551615", "EventData.bytesTotal": "18446744073709551615", "EventData.bytesTransferred": "0", "EventData.proxy": null, "EventData.peerProtocolFlags": "0", "EventData.bytesTransferredFromPeer": "0", "EventData.AdditionalInfoHr": "0", "EventData.PeerContextInfo": "0", "EventData.bandwidthLimit": "18446744073709551615", "EventData.ignoreBandwidthLimitsOnLan": "False"}
{"EventID": "61", "Channel": "Microsoft-Windows-Bits-Client/Operational", "Provider_Name": "Microsoft-Windows-Bits-Client", "Computer": "DESKTOP-OFJ6N53", "TimeCreated": "2025-08-23 17:07:28.197340+00:00", "RecordID": "85290", "Level": "3", "UserID": "S-1-5-18", "EventData.transferId": "{17c8f70a-d5d5-4e00-a963-4ce2a37770c6}", "EventData.name": "Chrome Component Updater", "EventData.Id": "{b538a6d7-0c51-4899-ac44-d829cc566147}", "EventData.url": "https://edgedl.me.gvt1.com/edgedl/diffgen-puffin/jflhchccmppkfebkiaminageehmchikm/084836bda486a38b25ecaada20748e7f429b96c63677826f96b951d74b3327e5", "EventData.peer": null, "EventData.hr": "2147954402", "EventData.fileTime": "0001-01-01 00:00:00", "EventData.fileLength": "18446744073709551615", "EventData.bytesTotal": "18446744073709551615", "EventData.bytesTransferred": "0", "EventData.proxy": null, "EventData.peerProtocolFlags": "0", "EventData.bytesTransferredFromPeer": "0", "EventData.AdditionalInfoHr": "0", "EventData.PeerContextInfo": "0", "EventData.bandwidthLimit": "18446744073709551615", "EventData.ignoreBandwidthLimitsOnLan": "False"}
{"EventID": "61", "Channel": "Microsoft-Windows-Bits-Client/Operational", "Provider_Name": "Microsoft-Windows-Bits-Client", "Computer": "DESKTOP-OFJ6N53", "TimeCreated": "2025-08-23 17:08:49.306562+00:00", "RecordID": "85291", "Level": "3", "UserID": "S-1-5-18", "EventData.transferId": "{2326c5c3-bf7b-4455-a007-00661c42df3a}", "EventData.name": "Chrome Component Updater", "EventData.Id": "{b538a6d7-0c51-4899-ac44-d829cc566147}", "EventData.url": "https://edgedl.me.gvt1.com/edgedl/diffgen-puffin/jflhchccmppkfebkiaminageehmchikm/084836bda486a38b25ecaada20748e7f429b96c63677826f96b951d74b3327e5", "EventData.peer": null, "EventData.hr": "2147954402", "EventData.fileTime": "0001-01-01 00:00:00", "EventData.fileLength": "18446744073709551615", "EventData.bytesTotal": "18446744073709551615", "EventData.bytesTransferred": "0", "EventData.proxy": null, "EventData.peerProtocolFlags": "0", "EventData.bytesTransferredFromPeer": "0", "EventData.AdditionalInfoHr": "0", "EventData.PeerContextInfo": "0", "EventData.bandwidthLimit": "18446744073709551615", "EventData.ignoreBandwidthLimitsOnLan": "False"}
{"EventID": "5", "Channel": "Microsoft-Windows-Bits-Client/Operational", "Provider_Name": "Microsoft-Windows-Bits-Client", "Computer": "DESKTOP-OFJ6N53", "TimeCreated": "2025-08-23 17:09:51.807444+00:00", "RecordID": "85292", "Level": "4", "UserID": "S-1-5-21-963789628-1060504924-4285088085-1001", "EventData.User": "DESKTOP-OFJ6N53\\sk.batsiev", "EventData.jobTitle": "Chrome Component Updater", "EventData.jobId": "{b538a6d7-0c51-4899-ac44-d829cc566147}", "EventData.jobOwner": "DESKTOP-OFJ6N53\\sk.batsiev", "EventData.fileCount": "1"}
{"EventID": "3", "Channel": "Microsoft-Windows-Bits-Client/Operational", "Provider_Name": "Microsoft-Windows-Bits-Client", "Computer": "DESKTOP-OFJ6N53", "TimeCreated": "2025-08-23 17:09:51.813852+00:00", "RecordID": "85293", "Level": "4", "UserID": "S-1-5-18", "EventData.jobTitle": "Chrome Component Updater", "EventData.jobId": "{4d574156-ce45-48f0-bf11-09d6ccf66111}", "EventData.jobOwner": "DESKTOP-OFJ6N53\\sk.batsiev", "EventData.processPath": "C:\\Program Files\\Google\\Chrome\\Application\\chrome.exe", "EventData.processId": "8232", "EventData.ClientProcessStartKey": "50102545854498854"}
{"EventID": "16403", "Channel": "Microsoft-Windows-Bits-Client/Operational", "Provider_Name": "Microsoft-Windows-Bits-Client", "Computer": "DESKTOP-OFJ6N53", "TimeCreated": "2025-08-23 17:09:51.820877+00:00", "RecordID": "85294", "Level": "4", "UserID": "S-1-5-21-963789628-1060504924-4285088085-1001", "EventData.User": "DESKTOP-OFJ6N53\\sk.batsiev", "EventData.jobTitle": "Chrome Component Updater", "EventData.jobId": "{4d574156-ce45-48f0-bf11-09d6ccf66111}", "EventData.jobOwner": "DESKTOP-OFJ6N53\\sk.batsiev", "EventData.fileCount": "1", "EventData.RemoteName": "http://dl.google.com/diffgen-puffin/jflhchccmppkfebkiaminageehmchikm/084836bda486a38b25ecaada20748e7f429b96c63677826f96b951d74b3327e5", "EventData.LocalName": "C:\\Users\\SKA580~1.BAT\\AppData\\Local\\Temp\\chrome_BITS_8232_725320614\\084836bda486a38b25ecaada20748e7f429b96c63677826f96b951d74b3327e5", "EventData.processId": "8232", "EventData.ClientProcessStartKey": "50102545854498854"}
{"EventID": "59", "Channel": "Microsoft-Windows-Bits-Client/Operational", "Provider_Name": "Microsoft-Windows-Bits-Client", "Computer": "DESKTOP-OFJ6N53", "TimeCreated": "2025-08-23 17:09:51.898911+00:00", "RecordID": "85295", "Level": "4", "UserID": "S-1-5-18", "EventData.transferId": "{ab6aacdb-4abd-4ab2-a20f-e475c4f15e7b}", "EventData.name": "Chrome Component Updater", "EventData.Id": "{4d574156-ce45-48f0-bf11-09d6ccf66111}", "EventData.url": "http://dl.google.com/diffgen-puffin/jflhchccmppkfebkiaminageehmchikm/084836bda486a38b25ecaada20748e7f429b96c63677826f96b951d74b3327e5", "EventData.peer": null, "EventData.fileTime": "2025-08-22 04:28:04+00:00", "EventData.fileLength": "1946", "EventData.bytesTotal": "1946", "EventData.bytesTransferred": "0", "EventData.bytesTransferredFromPeer": "0"}
{"EventID": "60", "Channel": "Microsoft-Windows-Bits-Client/Operational", "Provider_Name": "Microsoft-Windows-Bits-Client", "Computer": "DESKTOP-OFJ6N53", "TimeCreated": "2025-08-23 17:09:51.994493+00:00", "RecordID": "85296", "Level": "4", "UserID": "S-1-5-18", "EventData.transferId": "{ab6aacdb-4abd-4ab2-a20f-e475c4f15e7b}", "EventData.name": "Chrome Component Updater", "EventData.Id": "{4d574156-ce45-48f0-bf11-09d6ccf66111}", "EventData.url": "http://dl.google.com/diffgen-puffin/jflhchccmppkfebkiaminageehmchikm/084836bda486a38b25ecaada20748e7f429b96c63677826f96b951d74b3327e5", "EventData.peer": null, "EventData.hr": "0", "EventData.fileTime": "2025-08-22 04:28:04+00:00", "EventData.fileLength": "1946", "EventData.bytesTotal": "1946", "EventData.bytesTransferred": "1946", "EventData.proxy": null, "EventData.peerProtocolFlags": "0", "EventData.bytesTransferredFromPeer": "0", "EventData.AdditionalInfoHr": "0", "EventData.PeerContextInfo": "0", "EventData.bandwidthLimit": "18446744073709551615", "EventData.ignoreBandwidthLimitsOnLan": "False"}
{"EventID": "4", "Channel": "Microsoft-Windows-Bits-Client/Operational", "Provider_Name": "Microsoft-Windows-Bits-Client", "Computer": "DESKTOP-OFJ6N53", "TimeCreated": "2025-08-23 17:09:55.838749+00:00", "RecordID": "85297", "Level": "4", "UserID": "S-1-5-18", "EventData.User": "DESKTOP-OFJ6N53\\sk.batsiev", "EventData.jobTitle": "Chrome Component Updater", "EventData.jobId": "{4d574156-ce45-48f0-bf11-09d6ccf66111}", "EventData.jobOwner": "DESKTOP-OFJ6N53\\sk.batsiev", "EventData.fileCount": "1", "EventData.bytesTransferred": "1946", "EventData.bytesTransferredFromPeer": "0"}
{"EventID": "3", "Channel": "Microsoft-Windows-Bits-Client/Operational", "Provider_Name": "Microsoft-Windows-Bits-Client", "Computer": "DESKTOP-OFJ6N53", "TimeCreated": "2025-08-23 17:09:56.028671+00:00", "RecordID": "85298", "Level": "4", "UserID": "S-1-5-18", "EventData.jobTitle": "Chrome Component Updater", "EventData.jobId": "{2f996b3d-df55-4c17-a49a-fdc216327239}", "EventData.jobOwner": "DESKTOP-OFJ6N53\\sk.batsiev", "EventData.processPath": "C:\\Program Files\\Google\\Chrome\\Application\\chrome.exe", "EventData.processId": "8232", "EventData.ClientProcessStartKey": "50102545854498854"}
{"EventID": "16403", "Channel": "Microsoft-Windows-Bits-Client/Operational", "Provider_Name": "Microsoft-Windows-Bits-Client", "Computer": "DESKTOP-OFJ6N53", "TimeCreated": "2025-08-23 17:09:56.036249+00:00", "RecordID": "85299", "Level": "4", "UserID": "S-1-5-21-963789628-1060504924-4285088085-1001", "EventData.User": "DESKTOP-OFJ6N53\\sk.batsiev", "EventData.jobTitle": "Chrome Component Updater", "EventData.jobId": "{2f996b3d-df55-4c17-a49a-fdc216327239}", "EventData.jobOwner": "DESKTOP-OFJ6N53\\sk.batsiev", "EventData.fileCount": "1", "EventData.RemoteName": "http://edgedl.me.gvt1.com/edgedl/diffgen-puffin/kiabhabjdbkjdpjbpigfodbdjmbglcoo/27885f8a878ab1a6f2fe920eb16a0d3f391e334033a204c58b803f13d8da738c", "EventData.LocalName": "C:\\Users\\SKA580~1.BAT\\AppData\\Local\\Temp\\chrome_BITS_8232_1232927837\\27885f8a878ab1a6f2fe920eb16a0d3f391e334033a204c58b803f13d8da738c", "EventData.processId": "8232", "EventData.ClientProcessStartKey": "50102545854498854"}
{"EventID": "61", "Channel": "Microsoft-Windows-Bits-Client/Operational", "Provider_Name": "Microsoft-Windows-Bits-Client", "Computer": "DESKTOP-OFJ6N53", "TimeCreated": "2025-08-23 17:10:38.402901+00:00", "RecordID": "85300", "Level": "3", "UserID": "S-1-5-18", "EventData.transferId": "{09c40849-a752-45fa-b270-c77d92f8bf33}", "EventData.name": "Chrome Component Updater", "EventData.Id": "{2f996b3d-df55-4c17-a49a-fdc216327239}", "EventData.url": "http://edgedl.me.gvt1.com/edgedl/diffgen-puffin/kiabhabjdbkjdpjbpigfodbdjmbglcoo/27885f8a878ab1a6f2fe920eb16a0d3f391e334033a204c58b803f13d8da738c", "EventData.peer": null, "EventData.hr": "2147954402", "EventData.fileTime": "0001-01-01 00:00:00", "EventData.fileLength": "18446744073709551615", "EventData.bytesTotal": "18446744073709551615", "EventData.bytesTransferred": "0", "EventData.proxy": null, "EventData.peerProtocolFlags": "0", "EventData.bytesTransferredFromPeer": "0", "EventData.AdditionalInfoHr": "0", "EventData.PeerContextInfo": "0", "EventData.bandwidthLimit": "18446744073709551615", "EventData.ignoreBandwidthLimitsOnLan": "False"}
{"EventID": "61", "Channel": "Microsoft-Windows-Bits-Client/Operational", "Provider_Name": "Microsoft-Windows-Bits-Client", "Computer": "DESKTOP-OFJ6N53", "TimeCreated": "2025-08-23 17:11:59.541227+00:00", "RecordID": "85301", "Level": "3", "UserID": "S-1-5-18", "EventData.transferId": "{43ee4952-925f-4d69-959b-1cfffe67d9e5}", "EventData.name": "Chrome Component Updater", "EventData.Id": "{2f996b3d-df55-4c17-a49a-fdc216327239}", "EventData.url": "http://edgedl.me.gvt1.com/edgedl/diffgen-puffin/kiabhabjdbkjdpjbpigfodbdjmbglcoo/27885f8a878ab1a6f2fe920eb16a0d3f391e334033a204c58b803f13d8da738c", "EventData.peer": null, "EventData.hr": "2147954402", "EventData.fileTime": "0001-01-01 00:00:00", "EventData.fileLength": "18446744073709551615", "EventData.bytesTotal": "18446744073709551615", "EventData.bytesTransferred": "0", "EventData.proxy": null, "EventData.peerProtocolFlags": "0", "EventData.bytesTransferredFromPeer": "0", "EventData.AdditionalInfoHr": "0", "EventData.PeerContextInfo": "0", "EventData.bandwidthLimit": "18446744073709551615", "EventData.ignoreBandwidthLimitsOnLan": "False"}
{"EventID": "61", "Channel": "Microsoft-Windows-Bits-Client/Operational", "Provider_Name": "Microsoft-Windows-Bits-Client", "Computer": "DESKTOP-OFJ6N53", "TimeCreated": "2025-08-23 17:13:21.023523+00:00", "RecordID": "85302", "Level": "3", "UserID": "S-1-5-18", "EventData.transferId": "{9b4bc5b7-91f3-4643-bbf4-7bba7c2a4843}", "EventData.name": "Chrome Component Updater", "EventData.Id": "{2f996b3d-df55-4c17-a49a-fdc216327239}", "EventData.url": "http://edgedl.me.gvt1.com/edgedl/diffgen-puffin/kiabhabjdbkjdpjbpigfodbdjmbglcoo/27885f8a878ab1a6f2fe920eb16a0d3f391e334033a204c58b803f13d8da738c", "EventData.peer": null, "EventData.hr": "2147954402", "EventData.fileTime": "0001-01-01 00:00:00", "EventData.fileLength": "18446744073709551615", "EventData.bytesTotal": "18446744073709551615", "EventData.bytesTransferred": "0", "EventData.proxy": null, "EventData.peerProtocolFlags": "0", "EventData.bytesTransferredFromPeer": "0", "EventData.AdditionalInfoHr": "0", "EventData.PeerContextInfo": "0", "EventData.bandwidthLimit": "18446744073709551615", "EventData.ignoreBandwidthLimitsOnLan": "False"}
{"EventID": "61", "Channel": "Microsoft-Windows-Bits-Client/Operational", "Provider_Name": "Microsoft-Windows-Bits-Client", "Computer": "DESKTOP-OFJ6N53", "TimeCreated": "2025-08-23 17:14:42.056622+00:00", "RecordID": "85303", "Level": "3", "UserID": "S-1-5-18", "EventData.transferId": "{354baa1d-7505-430c-a579-0a9233678508}", "EventData.name": "Chrome Component Updater", "EventData.Id": "{2f996b3d-df55-4c17-a49a-fdc216327239}", "EventData.url": "http://edgedl.me.gvt1.com/edgedl/diffgen-puffin/kiabhabjdbkjdpjbpigfodbdjmbglcoo/27885f8a878ab1a6f2fe920eb16a0d3f391e334033a204c58b803f13d8da738c", "EventData.peer": null, "EventData.hr": "2147954402", "EventData.fileTime": "0001-01-01 00:00:00", "EventData.fileLength": "18446744073709551615", "EventData.bytesTotal": "18446744073709551615", "EventData.bytesTransferred": "0", "EventData.proxy": null, "EventData.peerProtocolFlags": "0", "EventData.bytesTransferredFromPeer": "0", "EventData.AdditionalInfoHr": "0", "EventData.PeerContextInfo": "0", "EventData.bandwidthLimit": "18446744073709551615", "EventData.ignoreBandwidthLimitsOnLan": "False"}
{"EventID": "61", "Channel": "Microsoft-Windows-Bits-Client/Operational", "Provider_Name": "Microsoft-Windows-Bits-Client", "Computer": "DESKTOP-OFJ6N53", "TimeCreated": "2025-08-23 17:16:03.478300+00:00", "RecordID": "85304", "Level": "3", "UserID": "S-1-5-18", "EventData.transferId": "{6c5ff7f3-f9c6-4150-b53d-90397e836b02}", "EventData.name": "Chrome Component Updater", "EventData.Id": "{2f996b3d-df55-4c17-a49a-fdc216327239}", "EventData.url": "http://edgedl.me.gvt1.com/edgedl/diffgen-puffin/kiabhabjdbkjdpjbpigfodbdjmbglcoo/27885f8a878ab1a6f2fe920eb16a0d3f391e334033a204c58b803f13d8da738c", "EventData.peer": null, "EventData.hr": "2147954402", "EventData.fileTime": "0001-01-01 00:00:00", "EventData.fileLength": "18446744073709551615", "EventData.bytesTotal": "18446744073709551615", "EventData.bytesTransferred": "0", "EventData.proxy": null, "EventData.peerProtocolFlags": "0", "EventData.bytesTransferredFromPeer": "0", "EventData.AdditionalInfoHr": "0", "EventData.PeerContextInfo": "0", "EventData.bandwidthLimit": "18446744073709551615", "EventData.ignoreBandwidthLimitsOnLan": "False"}
{"EventID": "61", "Channel": "Microsoft-Windows-Bits-Client/Operational", "Provider_Name": "Microsoft-Windows-Bits-Client", "Computer": "DESKTOP-OFJ6N53", "TimeCreated": "2025-08-23 17:17:24.712627+00:00", "RecordID": "85305", "Level": "3", "UserID": "S-1-5-18", "EventData.transferId": "{15660b10-e719-40d1-a09f-f66c422085c3}", "EventData.name": "Chrome Component Updater", "EventData.Id": "{2f996b3d-df55-4c17-a49a-fdc216327239}", "EventData.url": "http://edgedl.me.gvt1.com/edgedl/diffgen-puffin/kiabhabjdbkjdpjbpigfodbdjmbglcoo/27885f8a878ab1a6f2fe920eb16a0d3f391e334033a204c58b803f13d8da738c", "EventData.peer": null, "EventData.hr": "2147954402", "EventData.fileTime": "0001-01-01 00:00:00", "EventData.fileLength": "18446744073709551615", "EventData.bytesTotal": "18446744073709551615", "EventData.bytesTransferred": "0", "EventData.proxy": null, "EventData.peerProtocolFlags": "0", "EventData.bytesTransferredFromPeer": "0", "EventData.AdditionalInfoHr": "0", "EventData.PeerContextInfo": "0", "EventData.bandwidthLimit": "18446744073709551615", "EventData.ignoreBandwidthLimitsOnLan": "False"}
{"EventID": "61", "Channel": "Microsoft-Windows-Bits-Client/Operational", "Provider_Name": "Microsoft-Windows-Bits-Client", "Computer": "DESKTOP-OFJ6N53", "TimeCreated": "2025-08-23 17:18:45.853216+00:00", "RecordID": "85306", "Level": "3", "UserID": "S-1-5-18", "EventData.transferId": "{94e3a03d-726d-4aee-b857-546e5f4bf0dd}", "EventData.name": "Chrome Component Updater", "EventData.Id": "{2f996b3d-df55-4c17-a49a-fdc216327239}", "EventData.url": "http://edgedl.me.gvt1.com/edgedl/diffgen-puffin/kiabhabjdbkjdpjbpigfodbdjmbglcoo/27885f8a878ab1a6f2fe920eb16a0d3f391e334033a204c58b803f13d8da738c", "EventData.peer": null, "EventData.hr": "2147954402", "EventData.fileTime": "0001-01-01 00:00:00", "EventData.fileLength": "18446744073709551615", "EventData.bytesTotal": "18446744073709551615", "EventData.bytesTransferred": "0", "EventData.proxy": null, "EventData.peerProtocolFlags": "0", "EventData.bytesTransferredFromPeer": "0", "EventData.AdditionalInfoHr": "0", "EventData.PeerContextInfo": "0", "EventData.bandwidthLimit": "18446744073709551615", "EventData.ignoreBandwidthLimitsOnLan": "False"}
{"EventID": "61", "Channel": "Microsoft-Windows-Bits-Client/Operational", "Provider_Name": "Microsoft-Windows-Bits-Client", "Computer": "DESKTOP-OFJ6N53", "TimeCreated": "2025-08-23 17:20:07.025040+00:00", "RecordID": "85307", "Level": "3", "UserID": "S-1-5-18", "EventData.transferId": "{b5187962-4a82-4bb1-909e-9b7ce2aeb870}", "EventData.name": "Chrome Component Updater", "EventData.Id": "{2f996b3d-df55-4c17-a49a-fdc216327239}", "EventData.url": "http://edgedl.me.gvt1.com/edgedl/diffgen-puffin/kiabhabjdbkjdpjbpigfodbdjmbglcoo/27885f8a878ab1a6f2fe920eb16a0d3f391e334033a204c58b803f13d8da738c", "EventData.peer": null, "EventData.hr": "2147954402", "EventData.fileTime": "0001-01-01 00:00:00", "EventData.fileLength": "18446744073709551615", "EventData.bytesTotal": "18446744073709551615", "EventData.bytesTransferred": "0", "EventData.proxy": null, "EventData.peerProtocolFlags": "0", "EventData.bytesTransferredFromPeer": "0", "EventData.AdditionalInfoHr": "0", "EventData.PeerContextInfo": "0", "EventData.bandwidthLimit": "18446744073709551615", "EventData.ignoreBandwidthLimitsOnLan": "False"}
{"EventID": "61", "Channel": "Microsoft-Windows-Bits-Client/Operational", "Provider_Name": "Microsoft-Windows-Bits-Client", "Computer": "DESKTOP-OFJ6N53", "TimeCreated": "2025-08-23 17:21:28.603237+00:00", "RecordID": "85308", "Level": "3", "UserID": "S-1-5-18", "EventData.transferId": "{6ccb3c65-5462-4ac7-a96b-02de3d453395}", "EventData.name": "Chrome Component Updater", "EventData.Id": "{2f996b3d-df55-4c17-a49a-fdc216327239}", "EventData.url": "http://edgedl.me.gvt1.com/edgedl/diffgen-puffin/kiabhabjdbkjdpjbpigfodbdjmbglcoo/27885f8a878ab1a6f2fe920eb16a0d3f391e334033a204c58b803f13d8da738c", "EventData.peer": null, "EventData.hr": "2147954402", "EventData.fileTime": "0001-01-01 00:00:00", "EventData.fileLength": "18446744073709551615", "EventData.bytesTotal": "18446744073709551615", "EventData.bytesTransferred": "0", "EventData.proxy": null, "EventData.peerProtocolFlags": "0", "EventData.bytesTransferredFromPeer": "0", "EventData.AdditionalInfoHr": "0", "EventData.PeerContextInfo": "0", "EventData.bandwidthLimit": "18446744073709551615", "EventData.ignoreBandwidthLimitsOnLan": "False"}
{"EventID": "61", "Channel": "Microsoft-Windows-Bits-Client/Operational", "Provider_Name": "Microsoft-Windows-Bits-Client", "Computer": "DESKTOP-OFJ6N53", "TimeCreated": "2025-08-23 17:22:49.849352+00:00", "RecordID": "85309", "Level": "3", "UserID": "S-1-5-18", "EventData.transferId": "{0a310057-ed3b-402a-ad08-f15173d8168d}", "EventData.name": "Chrome Component Updater", "EventData.Id": "{2f996b3d-df55-4c17-a49a-fdc216327239}", "EventData.url": "http://edgedl.me.gvt1.com/edgedl/diffgen-puffin/kiabhabjdbkjdpjbpigfodbdjmbglcoo/27885f8a878ab1a6f2fe920eb16a0d3f391e334033a204c58b803f13d8da738c", "EventData.peer": null, "EventData.hr": "2147954402", "EventData.fileTime": "0001-01-01 00:00:00", "EventData.fileLength": "18446744073709551615", "EventData.bytesTotal": "18446744073709551615", "EventData.bytesTransferred": "0", "EventData.proxy": null, "EventData.peerProtocolFlags": "0", "EventData.bytesTransferredFromPeer": "0", "EventData.AdditionalInfoHr": "0", "EventData.PeerContextInfo": "0", "EventData.bandwidthLimit": "18446744073709551615", "EventData.ignoreBandwidthLimitsOnLan": "False"}
{"EventID": "61", "Channel": "Microsoft-Windows-Bits-Client/Operational", "Provider_Name": "Microsoft-Windows-Bits-Client", "Computer": "DESKTOP-OFJ6N53", "TimeCreated": "2025-08-23 17:24:11.347895+00:00", "RecordID": "85310", "Level": "3", "UserID": "S-1-5-18", "EventData.transferId": "{b357dd2a-781a-4e42-a0d7-d9bdbbb8bf3c}", "EventData.name": "Chrome Component Updater", "EventData.Id": "{2f996b3d-df55-4c17-a49a-fdc216327239}", "EventData.url": "http://edgedl.me.gvt1.com/edgedl/diffgen-puffin/kiabhabjdbkjdpjbpigfodbdjmbglcoo/27885f8a878ab1a6f2fe920eb16a0d3f391e334033a204c58b803f13d8da738c", "EventData.peer": null, "EventData.hr": "2147954402", "EventData.fileTime": "0001-01-01 00:00:00", "EventData.fileLength": "18446744073709551615", "EventData.bytesTotal": "18446744073709551615", "EventData.bytesTransferred": "0", "EventData.proxy": null, "EventData.peerProtocolFlags": "0", "EventData.bytesTransferredFromPeer": "0", "EventData.AdditionalInfoHr": "0", "EventData.PeerContextInfo": "0", "EventData.bandwidthLimit": "18446744073709551615", "EventData.ignoreBandwidthLimitsOnLan": "False"}
{"EventID": "5", "Channel": "Microsoft-Windows-Bits-Client/Operational", "Provider_Name": "Microsoft-Windows-Bits-Client", "Computer": "DESKTOP-OFJ6N53", "TimeCreated": "2025-08-23 17:25:12.010389+00:00", "RecordID": "85311", "Level": "4", "UserID": "S-1-5-21-963789628-1060504924-4285088085-1001", "EventData.User": "DESKTOP-OFJ6N53\\sk.batsiev", "EventData.jobTitle": "Chrome Component Updater", "EventData.jobId": "{2f996b3d-df55-4c17-a49a-fdc216327239}", "EventData.jobOwner": "DESKTOP-OFJ6N53\\sk.batsiev", "EventData.fileCount": "1"}
{"EventID": "3", "Channel": "Microsoft-Windows-Bits-Client/Operational", "Provider_Name": "Microsoft-Windows-Bits-Client", "Computer": "DESKTOP-OFJ6N53", "TimeCreated": "2025-08-23 17:25:12.016176+00:00", "RecordID": "85312", "Level": "4", "UserID": "S-1-5-18", "EventData.jobTitle": "Chrome Component Updater", "EventData.jobId": "{5be3ad89-f7c2-4ac5-9df7-6740697fb9d9}", "EventData.jobOwner": "DESKTOP-OFJ6N53\\sk.batsiev", "EventData.processPath": "C:\\Program Files\\Google\\Chrome\\Application\\chrome.exe", "EventData.processId": "8232", "EventData.ClientProcessStartKey": "50102545854498854"}
{"EventID": "16403", "Channel": "Microsoft-Windows-Bits-Client/Operational", "Provider_Name": "Microsoft-Windows-Bits-Client", "Computer": "DESKTOP-OFJ6N53", "TimeCreated": "2025-08-23 17:25:12.021667+00:00", "RecordID": "85313", "Level": "4", "UserID": "S-1-5-21-963789628-1060504924-4285088085-1001", "EventData.User": "DESKTOP-OFJ6N53\\sk.batsiev", "EventData.jobTitle": "Chrome Component Updater", "EventData.jobId": "{5be3ad89-f7c2-4ac5-9df7-6740697fb9d9}", "EventData.jobOwner": "DESKTOP-OFJ6N53\\sk.batsiev", "EventData.fileCount": "1", "EventData.RemoteName": "https://edgedl.me.gvt1.com/edgedl/diffgen-puffin/kiabhabjdbkjdpjbpigfodbdjmbglcoo/27885f8a878ab1a6f2fe920eb16a0d3f391e334033a204c58b803f13d8da738c", "EventData.LocalName": "C:\\Users\\SKA580~1.BAT\\AppData\\Local\\Temp\\chrome_BITS_8232_306899448\\27885f8a878ab1a6f2fe920eb16a0d3f391e334033a204c58b803f13d8da738c", "EventData.processId": "8232", "EventData.ClientProcessStartKey": "50102545854498854"}
{"EventID": "61", "Channel": "Microsoft-Windows-Bits-Client/Operational", "Provider_Name": "Microsoft-Windows-Bits-Client", "Computer": "DESKTOP-OFJ6N53", "TimeCreated": "2025-08-23 17:25:54.259581+00:00", "RecordID": "85314", "Level": "3", "UserID": "S-1-5-18", "EventData.transferId": "{a670c72f-cd84-494e-b59a-b876c545d3b5}", "EventData.name": "Chrome Component Updater", "EventData.Id": "{5be3ad89-f7c2-4ac5-9df7-6740697fb9d9}", "EventData.url": "https://edgedl.me.gvt1.com/edgedl/diffgen-puffin/kiabhabjdbkjdpjbpigfodbdjmbglcoo/27885f8a878ab1a6f2fe920eb16a0d3f391e334033a204c58b803f13d8da738c", "EventData.peer": null, "EventData.hr": "2147954402", "EventData.fileTime": "0001-01-01 00:00:00", "EventData.fileLength": "18446744073709551615", "EventData.bytesTotal": "18446744073709551615", "EventData.bytesTransferred": "0", "EventData.proxy": null, "EventData.peerProtocolFlags": "0", "EventData.bytesTransferredFromPeer": "0", "EventData.AdditionalInfoHr": "0", "EventData.PeerContextInfo": "0", "EventData.bandwidthLimit": "18446744073709551615", "EventData.ignoreBandwidthLimitsOnLan": "False"}
{"EventID": "61", "Channel": "Microsoft-Windows-Bits-Client/Operational", "Provider_Name": "Microsoft-Windows-Bits-Client", "Computer": "DESKTOP-OFJ6N53", "TimeCreated": "2025-08-23 17:27:15.712437+00:00", "RecordID": "85315", "Level": "3", "UserID": "S-1-5-18", "EventData.transferId": "{112bbeb8-e9fe-48d7-b314-323e2a8155ff}", "EventData.name": "Chrome Component Updater", "EventData.Id": "{5be3ad89-f7c2-4ac5-9df7-6740697fb9d9}", "EventData.url": "https://edgedl.me.gvt1.com/edgedl/diffgen-puffin/kiabhabjdbkjdpjbpigfodbdjmbglcoo/27885f8a878ab1a6f2fe920eb16a0d3f391e334033a204c58b803f13d8da738c", "EventData.peer": null, "EventData.hr": "2147954402", "EventData.fileTime": "0001-01-01 00:00:00", "EventData.fileLength": "18446744073709551615", "EventData.bytesTotal": "18446744073709551615", "EventData.bytesTransferred": "0", "EventData.proxy": null, "EventData.peerProtocolFlags": "0", "EventData.bytesTransferredFromPeer": "0", "EventData.AdditionalInfoHr": "0", "EventData.PeerContextInfo": "0", "EventData.bandwidthLimit": "18446744073709551615", "EventData.ignoreBandwidthLimitsOnLan": "False"}
{"EventID": "61", "Channel": "Microsoft-Windows-Bits-Client/Operational", "Provider_Name": "Microsoft-Windows-Bits-Client", "Computer": "DESKTOP-OFJ6N53", "TimeCreated": "2025-08-23 17:28:36.791271+00:00", "RecordID": "85316", "Level": "3", "UserID": "S-1-5-18", "EventData.transferId": "{7e8164cf-3340-446a-b396-7be03f24d348}", "EventData.name": "Chrome Component Updater", "EventData.Id": "{5be3ad89-f7c2-4ac5-9df7-6740697fb9d9}", "EventData.url": "https://edgedl.me.gvt1.com/edgedl/diffgen-puffin/kiabhabjdbkjdpjbpigfodbdjmbglcoo/27885f8a878ab1a6f2fe920eb16a0d3f391e334033a204c58b803f13d8da738c", "EventData.peer": null, "EventData.hr": "2147954402", "EventData.fileTime": "0001-01-01 00:00:00", "EventData.fileLength": "18446744073709551615", "EventData.bytesTotal": "18446744073709551615", "EventData.bytesTransferred": "0", "EventData.proxy": null, "EventData.peerProtocolFlags": "0", "EventData.bytesTransferredFromPeer": "0", "EventData.AdditionalInfoHr": "0", "EventData.PeerContextInfo": "0", "EventData.bandwidthLimit": "18446744073709551615", "EventData.ignoreBandwidthLimitsOnLan": "False"}
{"EventID": "61", "Channel": "Microsoft-Windows-Bits-Client/Operational", "Provider_Name": "Microsoft-Windows-Bits-Client", "Computer": "DESKTOP-OFJ6N53", "TimeCreated": "2025-08-23 17:29:57.837456+00:00", "RecordID": "85317", "Level": "3", "UserID": "S-1-5-18", "EventData.transferId": "{4bd425d3-b02a-4c74-bb17-b9a097a65a94}", "EventData.name": "Chrome Component Updater", "EventData.Id": "{5be3ad89-f7c2-4ac5-9df7-6740697fb9d9}", "EventData.url": "https://edgedl.me.gvt1.com/edgedl/diffgen-puffin/kiabhabjdbkjdpjbpigfodbdjmbglcoo/27885f8a878ab1a6f2fe920eb16a0d3f391e334033a204c58b803f13d8da738c", "EventData.peer": null, "EventData.hr": "2147954402", "EventData.fileTime": "0001-01-01 00:00:00", "EventData.fileLength": "18446744073709551615", "EventData.bytesTotal": "18446744073709551615", "EventData.bytesTransferred": "0", "EventData.proxy": null, "EventData.peerProtocolFlags": "0", "EventData.bytesTransferredFromPeer": "0", "EventData.AdditionalInfoHr": "0", "EventData.PeerContextInfo": "0", "EventData.bandwidthLimit": "18446744073709551615", "EventData.ignoreBandwidthLimitsOnLan": "False"}
{"EventID": "3", "Channel": "Microsoft-Windows-Bits-Client/Operational", "Provider_Name": "Microsoft-Windows-Bits-Client", "Computer": "DESKTOP-OFJ6N53", "TimeCreated": "2025-08-23 17:30:46.741640+00:00", "RecordID": "85318", "Level": "4", "UserID": "S-1-5-18", "EventData.jobTitle": "PreSignInSettingsConfigJSON", "EventData.jobId": "{f5751f44-fff9-47ec-9b31-f28fed04871d}", "EventData.jobOwner": "DESKTOP-OFJ6N53\\sk.batsiev", "EventData.processPath": "C:\\Users\\sk.batsiev\\AppData\\Local\\Microsoft\\OneDrive\\OneDriveStandaloneUpdater.exe", "EventData.processId": "10888", "EventData.ClientProcessStartKey": "50102545854499443"}
{"EventID": "16403", "Channel": "Microsoft-Windows-Bits-Client/Operational", "Provider_Name": "Microsoft-Windows-Bits-Client", "Computer": "DESKTOP-OFJ6N53", "TimeCreated": "2025-08-23 17:30:46.749510+00:00", "RecordID": "85319", "Level": "4", "UserID": "S-1-5-21-963789628-1060504924-4285088085-1001", "EventData.User": "DESKTOP-OFJ6N53\\sk.batsiev", "EventData.jobTitle": "PreSignInSettingsConfigJSON", "EventData.jobId": "{f5751f44-fff9-47ec-9b31-f28fed04871d}", "EventData.jobOwner": "DESKTOP-OFJ6N53\\sk.batsiev", "EventData.fileCount": "1", "EventData.RemoteName": "https://g.live.com/odclientsettings/ProdV2", "EventData.LocalName": "C:\\Users\\SKA580~1.BAT\\AppData\\Local\\Temp\\wct305C.tmp", "EventData.processId": "10888", "EventData.ClientProcessStartKey": "50102545854499443"}
{"EventID": "59", "Channel": "Microsoft-Windows-Bits-Client/Operational", "Provider_Name": "Microsoft-Windows-Bits-Client", "Computer": "DESKTOP-OFJ6N53", "TimeCreated": "2025-08-23 17:30:47.461418+00:00", "RecordID": "85320", "Level": "4", "UserID": "S-1-5-18", "EventData.transferId": "{5d10a29e-b39b-4546-8fdf-d1be2927420e}", "EventData.name": "PreSignInSettingsConfigJSON", "EventData.Id": "{f5751f44-fff9-47ec-9b31-f28fed04871d}", "EventData.url": "https://g.live.com/odclientsettings/ProdV2", "EventData.peer": null, "EventData.fileTime": "2025-08-22 23:46:45+00:00", "EventData.fileLength": "97641", "EventData.bytesTotal": "97641", "EventData.bytesTransferred": "0", "EventData.bytesTransferredFromPeer": "0"}
{"EventID": "60", "Channel": "Microsoft-Windows-Bits-Client/Operational", "Provider_Name": "Microsoft-Windows-Bits-Client", "Computer": "DESKTOP-OFJ6N53", "TimeCreated": "2025-08-23 17:30:47.940760+00:00", "RecordID": "85321", "Level": "4", "UserID": "S-1-5-18", "EventData.transferId": "{5d10a29e-b39b-4546-8fdf-d1be2927420e}", "EventData.name": "PreSignInSettingsConfigJSON", "EventData.Id": "{f5751f44-fff9-47ec-9b31-f28fed04871d}", "EventData.url": "https://g.live.com/odclientsettings/ProdV2", "EventData.peer": null, "EventData.hr": "0", "EventData.fileTime": "2025-08-22 23:46:45+00:00", "EventData.fileLength": "97641", "EventData.bytesTotal": "97641", "EventData.bytesTransferred": "97641", "EventData.proxy": null, "EventData.peerProtocolFlags": "0", "EventData.bytesTransferredFromPeer": "0", "EventData.AdditionalInfoHr": "0", "EventData.PeerContextInfo": "0", "EventData.bandwidthLimit": "18446744073709551615", "EventData.ignoreBandwidthLimitsOnLan": "False"}
