{"EventID": "400", "Channel": "Microsoft-Windows-AppXDeploymentServer/Operational", "Provider_Name": "Microsoft-Windows-AppXDeployment-Server", "Computer": "DESKTOP-OFJ6N53", "TimeCreated": "2025-07-31 08:14:06.492813+00:00", "RecordID": "115047", "Level": "4", "UserID": "S-1-5-21-963789628-1060504924-4285088085-1001", "EventData.DeploymentOperation": "27", "EventData.PackageFullName": "Microsoft.Edge.GameAssist_1.0.3423.0_x64__8wekyb3d8bbwe", "EventData.Path": null, "EventData.MountPoint": "C:", "EventData.TargetPlatform": "0xffffffff", "EventData.SystemVolume": "True", "EventData.StorageId": "\\\\?\\Volume{c33a8663-71a2-4031-8cec-c21914fe12ad}", "EventData.IsCentennial": "False", "EventData.PackageType": "0x00000000", "EventData.IsPackageEncrypted": "False", "EventData.DeploymentOptions": "0x0000000010000000", "EventData.IsStreamingPackage": "False", "EventData.IsInRelatedSet": "False", "EventData.IsPackageUsingBDC": "False", "EventData.MainPackageFamilyName": "NULL", "EventData.CallingProcess": "svchost.exe,AppReadiness", "EventData.IsOptional": "False", "EventData.PackageFlags": "0x00000000", "EventData.PackageFlags2": "0x00000000", "EventData.HasWin32alacarte": "False", "EventData.HasFullTrust": "False", "EventData.ExternalLocation": null, "EventData.PackageSourceUri": null}
{"EventID": "649", "Channel": "Microsoft-Windows-AppXDeploymentServer/Operational", "Provider_Name": "Microsoft-Windows-AppXDeployment-Server", "Computer": "DESKTOP-OFJ6N53", "TimeCreated": "2025-07-31 08:14:06.519157+00:00", "RecordID": "115048", "Level": "4", "UserID": "S-1-5-21-963789628-1060504924-4285088085-1001", "EventData.DeploymentOperation": "27", "EventData.PackageFullName": "Microsoft.Edge.GameAssist_1.0.3423.0_x64__8wekyb3d8bbwe", "EventData.Summary": "PostDeploymentOperationCheck cost: 0 ms"}
{"EventID": "603", "Channel": "Microsoft-Windows-AppXDeploymentServer/Operational", "Provider_Name": "Microsoft-Windows-AppXDeployment-Server", "Computer": "DESKTOP-OFJ6N53", "TimeCreated": "2025-07-31 08:14:06.574303+00:00", "RecordID": "115049", "Level": "4", "UserID": "S-1-5-21-963789628-1060504924-4285088085-1001", "EventData.DeploymentOperation": "6", "EventData.Path": "AppxManifest.xml", "EventData.Flags": "2449474112", "EventData.FlagsHigh": "262144", "EventData.CallingProcess": "svchost.exe,AppReadiness", "EventData.ExternalLocation": null}
{"EventID": "10002", "Channel": "Microsoft-Windows-AppXDeploymentServer/Operational", "Provider_Name": "Microsoft-Windows-AppXDeployment-Server", "Computer": "DESKTOP-OFJ6N53", "TimeCreated": "2025-07-31 08:14:06.643322+00:00", "RecordID": "115050", "Level": "5", "UserID": "S-1-5-18", "EventData.DeploymentOperation": "6", "EventData.MainPackageMoniker": "Microsoft.MicrosoftEdge.Stable_138.0.3351.109_neutral__8wekyb3d8bbwe", "EventData.ResiliencyFilePath": "C:\\ProgramData\\Microsoft\\Windows\\AppRepository\\1c6f2a65-0f0b-4b5b-90a8-521e58f19ab6_S-1-5-21-963789628-1060504924-4285088085-1001_2.rslc"}
{"EventID": "607", "Channel": "Microsoft-Windows-AppXDeploymentServer/Operational", "Provider_Name": "Microsoft-Windows-AppXDeployment-Server", "Computer": "DESKTOP-OFJ6N53", "TimeCreated": "2025-07-31 08:14:06.643887+00:00", "RecordID": "115051", "Level": "4", "UserID": "S-1-5-21-963789628-1060504924-4285088085-1001", "EventData.DeploymentOperation": "6", "EventData.PackageFullName": "Microsoft.MicrosoftEdge.Stable_138.0.3351.109_neutral__8wekyb3d8bbwe", "EventData.UserSid": "S-1-5-21-963789628-1060504924-4285088085-1001", "EventData.CallingProcess": "svchost.exe,AppReadiness"}
{"EventID": "854", "Channel": "Microsoft-Windows-AppXDeploymentServer/Operational", "Provider_Name": "Microsoft-Windows-AppXDeployment-Server", "Computer": "DESKTOP-OFJ6N53", "TimeCreated": "2025-07-31 08:14:06.645346+00:00", "RecordID": "115052", "Level": "4", "UserID": "S-1-5-21-963789628-1060504924-4285088085-1001", "EventData.Path": "C:\\Program Files\\WindowsApps\\Microsoft.MicrosoftEdge.Stable_138.0.3351.109_neutral__8wekyb3d8bbwe\\AppxManifest.xml"}
{"EventID": "626", "Channel": "Microsoft-Windows-AppXDeploymentServer/Operational", "Provider_Name": "Microsoft-Windows-AppXDeployment-Server", "Computer": "DESKTOP-OFJ6N53", "TimeCreated": "2025-07-31 08:14:06.708824+00:00", "RecordID": "115053", "Level": "5", "UserID": "S-1-5-21-963789628-1060504924-4285088085-1001", "EventData.DeploymentOperation": "6", "EventData.PackageFullName": "Microsoft.MicrosoftEdge.Stable_138.0.3351.109_neutral__8wekyb3d8bbwe", "EventData.UserSid": "S-1-5-21-963789628-1060504924-4285088085-1001", "EventData.CallingProcess": "svchost.exe,AppReadiness"}
{"EventID": "607", "Channel": "Microsoft-Windows-AppXDeploymentServer/Operational", "Provider_Name": "Microsoft-Windows-AppXDeployment-Server", "Computer": "DESKTOP-OFJ6N53", "TimeCreated": "2025-07-31 08:14:06.710781+00:00", "RecordID": "115054", "Level": "4", "UserID": "S-1-5-21-963789628-1060504924-4285088085-1001", "EventData.DeploymentOperation": "6", "EventData.PackageFullName": "Microsoft.MicrosoftEdge.Stable_138.0.3351.109_neutral__8wekyb3d8bbwe", "EventData.UserSid": "S-1-5-21-963789628-1060504924-4285088085-1001", "EventData.CallingProcess": "svchost.exe,AppReadiness"}
{"EventID": "854", "Channel": "Microsoft-Windows-AppXDeploymentServer/Operational", "Provider_Name": "Microsoft-Windows-AppXDeployment-Server", "Computer": "DESKTOP-OFJ6N53", "TimeCreated": "2025-07-31 08:14:06.715561+00:00", "RecordID": "115055", "Level": "4", "UserID": "S-1-5-21-963789628-1060504924-4285088085-1001", "EventData.Path": "C:\\Program Files\\WindowsApps\\Microsoft.MicrosoftEdge.Stable_138.0.3351.109_neutral__8wekyb3d8bbwe\\AppxManifest.xml"}
{"EventID": "855", "Channel": "Microsoft-Windows-AppXDeploymentServer/Operational", "Provider_Name": "Microsoft-Windows-AppXDeployment-Server", "Computer": "DESKTOP-OFJ6N53", "TimeCreated": "2025-07-31 08:14:06.744787+00:00", "RecordID": "115056", "Level": "4", "UserID": "S-1-5-21-963789628-1060504924-4285088085-1001", "EventData.PackageMoniker": "updateList: Microsoft.MicrosoftEdge.Stable_138.0.3351.95_neutral__8wekyb3d8bbwe is updating to Microsoft.MicrosoftEdge.Stable_138.0.3351.109_neutral__8wekyb3d8bbwe"}
{"EventID": "10000", "Channel": "Microsoft-Windows-AppXDeploymentServer/Operational", "Provider_Name": "Microsoft-Windows-AppXDeployment-Server", "Computer": "DESKTOP-OFJ6N53", "TimeCreated": "2025-07-31 08:14:07.080227+00:00", "RecordID": "115057", "Level": "5", "UserID": "S-1-5-18", "EventData.PackageFullName": "Microsoft.MicrosoftEdge.Stable_138.0.3351.95_neutral__8wekyb3d8bbwe", "EventData.ErrorCode": "0x00000000"}
{"EventID": "10000", "Channel": "Microsoft-Windows-AppXDeploymentServer/Operational", "Provider_Name": "Microsoft-Windows-AppXDeployment-Server", "Computer": "DESKTOP-OFJ6N53", "TimeCreated": "2025-07-31 08:14:07.080584+00:00", "RecordID": "115058", "Level": "5", "UserID": "S-1-5-18", "EventData.PackageFullName": "Microsoft.MicrosoftEdge.Stable_138.0.3351.109_neutral__8wekyb3d8bbwe", "EventData.ErrorCode": "0x00000000"}
{"EventID": "647", "Channel": "Microsoft-Windows-AppXDeploymentServer/Operational", "Provider_Name": "Microsoft-Windows-AppXDeployment-Server", "Computer": "DESKTOP-OFJ6N53", "TimeCreated": "2025-07-31 08:14:07.088600+00:00", "RecordID": "115059", "Level": "4", "UserID": "S-1-5-21-963789628-1060504924-4285088085-1001", "EventData.PackageMoniker": "Microsoft.MicrosoftEdge.Stable_138.0.3351.95_neutral__8wekyb3d8bbwe"}
{"EventID": "7028", "Channel": "Microsoft-Windows-AppXDeploymentServer/Operational", "Provider_Name": "Microsoft-Windows-AppXDeployment-Server", "Computer": "DESKTOP-OFJ6N53", "TimeCreated": "2025-07-31 08:14:07.316111+00:00", "RecordID": "115060", "Level": "3", "UserID": "S-1-5-18", "EventData.PackageMoniker": "Microsoft.MicrosoftEdge.Stable_138.0.3351.95_neutral__8wekyb3d8bbwe"}
{"EventID": "5507", "Channel": "Microsoft-Windows-AppXDeploymentServer/Operational", "Provider_Name": "Microsoft-Windows-AppXDeployment-Server", "Computer": "DESKTOP-OFJ6N53", "TimeCreated": "2025-07-31 08:14:07.365000+00:00", "RecordID": "115061", "Level": "5", "UserID": "S-1-5-21-963789628-1060504924-4285088085-1001", "EventData.PackageName": "Microsoft.MicrosoftEdge.Stable_138.0.3351.109_neutral__8wekyb3d8bbwe", "EventData.FilePath": "C:\\Program Files\\WindowsApps\\Microsoft.MicrosoftEdge.Stable_138.0.3351.109_neutral__8wekyb3d8bbwe\\microsoft.system.package.metadata\\S-1-5-21-963789628-1060504924-4285088085-1001-MergedResources-*.pri", "EventData.Message": "No user-specific merged files found"}
{"EventID": "5507", "Channel": "Microsoft-Windows-AppXDeploymentServer/Operational", "Provider_Name": "Microsoft-Windows-AppXDeployment-Server", "Computer": "DESKTOP-OFJ6N53", "TimeCreated": "2025-07-31 08:14:07.365116+00:00", "RecordID": "115062", "Level": "5", "UserID": "S-1-5-21-963789628-1060504924-4285088085-1001", "EventData.PackageName": "Microsoft.MicrosoftEdge.Stable_138.0.3351.109_neutral__8wekyb3d8bbwe", "EventData.FilePath": "C:\\Program Files\\WindowsApps\\Microsoft.MicrosoftEdge.Stable_138.0.3351.109_neutral__8wekyb3d8bbwe\\microsoft.system.package.metadata\\Resources.????????.pri", "EventData.Message": "No shared merged files found"}
{"EventID": "5507", "Channel": "Microsoft-Windows-AppXDeploymentServer/Operational", "Provider_Name": "Microsoft-Windows-AppXDeployment-Server", "Computer": "DESKTOP-OFJ6N53", "TimeCreated": "2025-07-31 08:14:07.365200+00:00", "RecordID": "115063", "Level": "5", "UserID": "S-1-5-21-963789628-1060504924-4285088085-1001", "EventData.PackageName": "Microsoft.MicrosoftEdge.Stable_138.0.3351.109_neutral__8wekyb3d8bbwe", "EventData.FilePath": "C:\\Program Files\\WindowsApps\\Microsoft.MicrosoftEdge.Stable_138.0.3351.109_neutral__8wekyb3d8bbwe\\microsoft.system.package.metadata\\S-1-5-21-963789628-1060504924-4285088085-1001-MergedResources-*.pri", "EventData.Message": "No user-specific merged files found"}
{"EventID": "5507", "Channel": "Microsoft-Windows-AppXDeploymentServer/Operational", "Provider_Name": "Microsoft-Windows-AppXDeployment-Server", "Computer": "DESKTOP-OFJ6N53", "TimeCreated": "2025-07-31 08:14:07.365267+00:00", "RecordID": "115064", "Level": "5", "UserID": "S-1-5-21-963789628-1060504924-4285088085-1001", "EventData.PackageName": "Microsoft.MicrosoftEdge.Stable_138.0.3351.109_neutral__8wekyb3d8bbwe", "EventData.FilePath": "C:\\Program Files\\WindowsApps\\Microsoft.MicrosoftEdge.Stable_138.0.3351.109_neutral__8wekyb3d8bbwe\\microsoft.system.package.metadata\\Resources.????????.pri", "EventData.Message": "No shared merged files found"}
{"EventID": "10001", "Channel": "Microsoft-Windows-AppXDeploymentServer/Operational", "Provider_Name": "Microsoft-Windows-AppXDeployment-Server", "Computer": "DESKTOP-OFJ6N53", "TimeCreated": "2025-07-31 08:14:07.621716+00:00", "RecordID": "115065", "Level": "5", "UserID": "S-1-5-18", "EventData.PackageFullName": "Microsoft.MicrosoftEdge.Stable_138.0.3351.95_neutral__8wekyb3d8bbwe", "EventData.ErrorCode": "0x80070490"}
{"EventID": "10001", "Channel": "Microsoft-Windows-AppXDeploymentServer/Operational", "Provider_Name": "Microsoft-Windows-AppXDeployment-Server", "Computer": "DESKTOP-OFJ6N53", "TimeCreated": "2025-07-31 08:14:07.621857+00:00", "RecordID": "115066", "Level": "5", "UserID": "S-1-5-18", "EventData.PackageFullName": "Microsoft.MicrosoftEdge.Stable_138.0.3351.109_neutral__8wekyb3d8bbwe", "EventData.ErrorCode": "0x00000000"}
{"EventID": "10001", "Channel": "Microsoft-Windows-AppXDeploymentServer/Operational", "Provider_Name": "Microsoft-Windows-AppXDeployment-Server", "Computer": "DESKTOP-OFJ6N53", "TimeCreated": "2025-07-31 08:14:07.622190+00:00", "RecordID": "115067", "Level": "5", "UserID": "S-1-5-18", "EventData.PackageFullName": "Microsoft.MicrosoftEdge.Stable_138.0.3351.109_neutral__8wekyb3d8bbwe", "EventData.ErrorCode": "0x00000000"}
{"EventID": "10001", "Channel": "Microsoft-Windows-AppXDeploymentServer/Operational", "Provider_Name": "Microsoft-Windows-AppXDeployment-Server", "Computer": "DESKTOP-OFJ6N53", "TimeCreated": "2025-07-31 08:14:07.622293+00:00", "RecordID": "115068", "Level": "5", "UserID": "S-1-5-18", "EventData.PackageFullName": "Microsoft.MicrosoftEdge.Stable_138.0.3351.109_neutral__8wekyb3d8bbwe", "EventData.ErrorCode": "0x00000000"}
{"EventID": "10001", "Channel": "Microsoft-Windows-AppXDeploymentServer/Operational", "Provider_Name": "Microsoft-Windows-AppXDeployment-Server", "Computer": "DESKTOP-OFJ6N53", "TimeCreated": "2025-07-31 08:14:07.622387+00:00", "RecordID": "115069", "Level": "5", "UserID": "S-1-5-18", "EventData.PackageFullName": "Microsoft.MicrosoftEdge.Stable_138.0.3351.109_neutral__8wekyb3d8bbwe", "EventData.ErrorCode": "0x00000000"}
{"EventID": "400", "Channel": "Microsoft-Windows-AppXDeploymentServer/Operational", "Provider_Name": "Microsoft-Windows-AppXDeployment-Server", "Computer": "DESKTOP-OFJ6N53", "TimeCreated": "2025-07-31 08:14:07.681501+00:00", "RecordID": "115070", "Level": "4", "UserID": "S-1-5-21-963789628-1060504924-4285088085-1001", "EventData.DeploymentOperation": "6", "EventData.PackageFullName": "Microsoft.MicrosoftEdge.Stable_138.0.3351.109_neutral__8wekyb3d8bbwe", "EventData.Path": "(AppxManifest.xml)", "EventData.MountPoint": "C:", "EventData.TargetPlatform": "0x00000003", "EventData.SystemVolume": "True", "EventData.StorageId": "\\\\?\\Volume{c33a8663-71a2-4031-8cec-c21914fe12ad}", "EventData.IsCentennial": "True", "EventData.PackageType": "0x00000001", "EventData.IsPackageEncrypted": "False", "EventData.DeploymentOptions": "0x0004000092040240", "EventData.IsStreamingPackage": "False", "EventData.IsInRelatedSet": "False", "EventData.IsPackageUsingBDC": "False", "EventData.MainPackageFamilyName": "NULL", "EventData.CallingProcess": "svchost.exe,AppReadiness", "EventData.IsOptional": "False", "EventData.PackageFlags": "0x02b0044c", "EventData.PackageFlags2": "0x00000800", "EventData.HasWin32alacarte": "True", "EventData.HasFullTrust": "True", "EventData.ExternalLocation": "Application", "EventData.PackageSourceUri": "file:///C:/Program%20Files%20(x86)/Microsoft/Edge/Application/138.0.3351.109/identity_proxy/win10/identity_helper.sparse.stable.msix"}
{"EventID": "649", "Channel": "Microsoft-Windows-AppXDeploymentServer/Operational", "Provider_Name": "Microsoft-Windows-AppXDeployment-Server", "Computer": "DESKTOP-OFJ6N53", "TimeCreated": "2025-07-31 08:14:07.693874+00:00", "RecordID": "115071", "Level": "4", "UserID": "S-1-5-21-963789628-1060504924-4285088085-1001", "EventData.DeploymentOperation": "6", "EventData.PackageFullName": "Microsoft.MicrosoftEdge.Stable_138.0.3351.109_neutral__8wekyb3d8bbwe", "EventData.Summary": "PostDeploymentOperationCheck cost: 0 ms"}
{"EventID": "613", "Channel": "Microsoft-Windows-AppXDeploymentServer/Operational", "Provider_Name": "Microsoft-Windows-AppXDeployment-Server", "Computer": "DESKTOP-OFJ6N53", "TimeCreated": "2025-07-31 08:14:07.698114+00:00", "RecordID": "115072", "Level": "4", "UserID": "S-1-5-21-963789628-1060504924-4285088085-1001", "EventData.DeploymentOperation": "6", "EventData.PackageFullName": "Microsoft.MicrosoftEdge.Stable_138.0.3351.109_neutral__8wekyb3d8bbwe", "EventData.Summary": "Overall time: 1125 ms\nGap: 63 ms\nEnqueue cost: 15 ms\nDequeue delay: 63 ms\nBundle processing cost: 0 ms\nIndexing cost: 15 ms\nResolve dependency cost: 16 ms\nCheck approval cost: 16 ms\nEvaluation cost: 0 ms\nHardlinking evaluation cost: 0 ms\nGap: 15 ms\nStage required cost: 16 ms\nFlushing and closing files cost: 0 ms\nMachine register cost: 281 ms\nStage user data cost: 0 ms\nGap: 16 ms\nRegistration cost: 281 ms\nGap: 94 ms\nRepository commit transaction cost: 156 ms\nGap: 78 ms\nData flush cost: 0 ms\nPost DeStage repository commit transaction cost: 0 ms\nRemaining cost: 0 ms"}
{"EventID": "821", "Channel": "Microsoft-Windows-AppXDeploymentServer/Operational", "Provider_Name": "Microsoft-Windows-AppXDeployment-Server", "Computer": "DESKTOP-OFJ6N53", "TimeCreated": "2025-07-31 08:14:07.716583+00:00", "RecordID": "115073", "Level": "5", "UserID": "S-1-5-18", "EventData.UserSid": "S-1-5-21-963789628-1060504924-4285088085-1001", "EventData.MainPackageFullName": "Microsoft.MicrosoftEdge.Stable_138.0.3351.109_neutral__8wekyb3d8bbwe", "EventData.ErrorCode": "0x00000000"}
{"EventID": "822", "Channel": "Microsoft-Windows-AppXDeploymentServer/Operational", "Provider_Name": "Microsoft-Windows-AppXDeployment-Server", "Computer": "DESKTOP-OFJ6N53", "TimeCreated": "2025-07-31 08:14:07.719816+00:00", "RecordID": "115074", "Level": "5", "UserID": "S-1-5-18", "EventData.Error": "0x00000000", "EventData.PackageMoniker": "Microsoft.MicrosoftEdge.Stable_138.0.3351.109_neutral__8wekyb3d8bbwe"}
{"EventID": "603", "Channel": "Microsoft-Windows-AppXDeploymentServer/Operational", "Provider_Name": "Microsoft-Windows-AppXDeployment-Server", "Computer": "DESKTOP-OFJ6N53", "TimeCreated": "2025-07-31 08:14:37.827032+00:00", "RecordID": "115075", "Level": "4", "UserID": "S-1-5-21-963789628-1060504924-4285088085-1001", "EventData.DeploymentOperation": "22", "EventData.Path": null, "EventData.Flags": "0", "EventData.FlagsHigh": "0", "EventData.CallingProcess": "svchost.exe,AppReadiness", "EventData.ExternalLocation": null}
{"EventID": "818", "Channel": "Microsoft-Windows-AppXDeploymentServer/Operational", "Provider_Name": "Microsoft-Windows-AppXDeployment-Server", "Computer": "DESKTOP-OFJ6N53", "TimeCreated": "2025-07-31 08:14:37.827606+00:00", "RecordID": "115076", "Level": "5", "UserID": "S-1-5-18", "EventData.UserSid": "S-1-5-21-963789628-1060504924-4285088085-1001"}
{"EventID": "819", "Channel": "Microsoft-Windows-AppXDeploymentServer/Operational", "Provider_Name": "Microsoft-Windows-AppXDeployment-Server", "Computer": "DESKTOP-OFJ6N53", "TimeCreated": "2025-07-31 08:14:37.832632+00:00", "RecordID": "115077", "Level": "5", "UserID": "S-1-5-18", "EventData.InstallPackageList": "Microsoft.Edge.GameAssist_1.0.3423.0_x64__8wekyb3d8bbwe", "EventData.EndOfLifePackageList": "NULL"}
{"EventID": "761", "Channel": "Microsoft-Windows-AppXDeploymentServer/Operational", "Provider_Name": "Microsoft-Windows-AppXDeployment-Server", "Computer": "DESKTOP-OFJ6N53", "TimeCreated": "2025-07-31 08:14:37.834307+00:00", "RecordID": "115078", "Level": "5", "UserID": "S-1-5-21-963789628-1060504924-4285088085-1001", "EventData.AppId": "Microsoft.Edge.GameAssist_1.0.3423.0_x64__8wekyb3d8bbwe"}
{"EventID": "603", "Channel": "Microsoft-Windows-AppXDeploymentServer/Operational", "Provider_Name": "Microsoft-Windows-AppXDeployment-Server", "Computer": "DESKTOP-OFJ6N53", "TimeCreated": "2025-07-31 08:14:37.869789+00:00", "RecordID": "115079", "Level": "4", "UserID": "S-1-5-21-963789628-1060504924-4285088085-1001", "EventData.DeploymentOperation": "11", "EventData.Path": "Microsoft.Edge.GameAssist_1.0.3423.0_x64__8wekyb3d8bbwe", "EventData.Flags": "0", "EventData.FlagsHigh": "0", "EventData.CallingProcess": "svchost.exe,AppReadiness", "EventData.ExternalLocation": null}
{"EventID": "10002", "Channel": "Microsoft-Windows-AppXDeploymentServer/Operational", "Provider_Name": "Microsoft-Windows-AppXDeployment-Server", "Computer": "DESKTOP-OFJ6N53", "TimeCreated": "2025-07-31 08:14:37.876860+00:00", "RecordID": "115080", "Level": "5", "UserID": "S-1-5-18", "EventData.DeploymentOperation": "11", "EventData.MainPackageMoniker": "Microsoft.Edge.GameAssist_1.0.3423.0_x64__8wekyb3d8bbwe", "EventData.ResiliencyFilePath": "C:\\ProgramData\\Microsoft\\Windows\\AppRepository\\1c6f2a65-0f0b-4b5b-90a8-521e58f19ab6_S-1-5-21-963789628-1060504924-4285088085-1001_3.rslc"}
{"EventID": "607", "Channel": "Microsoft-Windows-AppXDeploymentServer/Operational", "Provider_Name": "Microsoft-Windows-AppXDeployment-Server", "Computer": "DESKTOP-OFJ6N53", "TimeCreated": "2025-07-31 08:14:37.878239+00:00", "RecordID": "115081", "Level": "4", "UserID": "S-1-5-21-963789628-1060504924-4285088085-1001", "EventData.DeploymentOperation": "11", "EventData.PackageFullName": "Microsoft.Edge.GameAssist_1.0.3423.0_x64__8wekyb3d8bbwe", "EventData.UserSid": "S-1-5-21-963789628-1060504924-4285088085-1001", "EventData.CallingProcess": "svchost.exe,AppReadiness"}
{"EventID": "854", "Channel": "Microsoft-Windows-AppXDeploymentServer/Operational", "Provider_Name": "Microsoft-Windows-AppXDeployment-Server", "Computer": "DESKTOP-OFJ6N53", "TimeCreated": "2025-07-31 08:14:37.913744+00:00", "RecordID": "115082", "Level": "4", "UserID": "S-1-5-21-963789628-1060504924-4285088085-1001", "EventData.Path": "C:\\Program Files\\WindowsApps\\Microsoft.Edge.GameAssist_1.0.3423.0_x64__8wekyb3d8bbwe\\AppxManifest.xml"}
{"EventID": "573", "Channel": "Microsoft-Windows-AppXDeploymentServer/Operational", "Provider_Name": "Microsoft-Windows-AppXDeployment-Server", "Computer": "DESKTOP-OFJ6N53", "TimeCreated": "2025-07-31 08:14:37.925491+00:00", "RecordID": "115083", "Level": "4", "UserID": "S-1-5-21-963789628-1060504924-4285088085-1001", "EventData.PackageFamilyName": "Microsoft.Edge.GameAssist_8wekyb3d8bbwe", "EventData.SettingSyncEnabled": "False"}
{"EventID": "400", "Channel": "Microsoft-Windows-AppXDeploymentServer/Operational", "Provider_Name": "Microsoft-Windows-AppXDeployment-Server", "Computer": "DESKTOP-OFJ6N53", "TimeCreated": "2025-07-31 08:14:37.925854+00:00", "RecordID": "115084", "Level": "4", "UserID": "S-1-5-21-963789628-1060504924-4285088085-1001", "EventData.DeploymentOperation": "11", "EventData.PackageFullName": "Microsoft.Edge.GameAssist_1.0.3423.0_x64__8wekyb3d8bbwe", "EventData.Path": "(AppxManifest.xml)", "EventData.MountPoint": "C:", "EventData.TargetPlatform": "0x00000000", "EventData.SystemVolume": "True", "EventData.StorageId": "\\\\?\\Volume{c33a8663-71a2-4031-8cec-c21914fe12ad}", "EventData.IsCentennial": "False", "EventData.PackageType": "0x00000001", "EventData.IsPackageEncrypted": "False", "EventData.DeploymentOptions": "0x0000000000000000", "EventData.IsStreamingPackage": "False", "EventData.IsInRelatedSet": "False", "EventData.IsPackageUsingBDC": "False", "EventData.MainPackageFamilyName": "NULL", "EventData.CallingProcess": "svchost.exe,AppReadiness", "EventData.IsOptional": "False", "EventData.PackageFlags": "0x00800448", "EventData.PackageFlags2": "0x00000800", "EventData.HasWin32alacarte": "False", "EventData.HasFullTrust": "True", "EventData.ExternalLocation": null, "EventData.PackageSourceUri": "file:///C:/Program%20Files%20(x86)/Microsoft/Edge/Application/138.0.3351.109/edge_game_assist/EdgeGameAssist.msix"}
{"EventID": "649", "Channel": "Microsoft-Windows-AppXDeploymentServer/Operational", "Provider_Name": "Microsoft-Windows-AppXDeployment-Server", "Computer": "DESKTOP-OFJ6N53", "TimeCreated": "2025-07-31 08:14:37.926193+00:00", "RecordID": "115085", "Level": "4", "UserID": "S-1-5-21-963789628-1060504924-4285088085-1001", "EventData.DeploymentOperation": "11", "EventData.PackageFullName": "Microsoft.Edge.GameAssist_1.0.3423.0_x64__8wekyb3d8bbwe", "EventData.Summary": "PostDeploymentOperationCheck cost: 0 ms"}
{"EventID": "613", "Channel": "Microsoft-Windows-AppXDeploymentServer/Operational", "Provider_Name": "Microsoft-Windows-AppXDeployment-Server", "Computer": "DESKTOP-OFJ6N53", "TimeCreated": "2025-07-31 08:14:38.068802+00:00", "RecordID": "115086", "Level": "4", "UserID": "S-1-5-21-963789628-1060504924-4285088085-1001", "EventData.DeploymentOperation": "11", "EventData.PackageFullName": "Microsoft.Edge.GameAssist_1.0.3423.0_x64__8wekyb3d8bbwe", "EventData.Summary": "Overall time: 187 ms\nEnqueue cost: 0 ms\nDequeue delay: 0 ms\nBundle processing cost: 46 ms\nIndexing cost: 0 ms\nResolve dependency cost: 0 ms\nCheck approval cost: 0 ms\nEvaluation cost: 0 ms\nHardlinking evaluation cost: 0 ms\nStage required cost: 0 ms\nFlushing and closing files cost: 0 ms\nMachine register cost: 0 ms\nStage user data cost: 0 ms\nRegistration cost: 0 ms\nRepository commit transaction cost: 0 ms\nData flush cost: 0 ms\nPost DeStage repository commit transaction cost: 141 ms\nRemaining cost: 0 ms"}
{"EventID": "603", "Channel": "Microsoft-Windows-AppXDeploymentServer/Operational", "Provider_Name": "Microsoft-Windows-AppXDeployment-Server", "Computer": "DESKTOP-OFJ6N53", "TimeCreated": "2025-07-31 08:14:38.074282+00:00", "RecordID": "115087", "Level": "4", "UserID": "S-1-5-21-963789628-1060504924-4285088085-1001", "EventData.DeploymentOperation": "20", "EventData.Path": "Microsoft.Edge.GameAssist_8wekyb3d8bbwe", "EventData.Flags": "67109440", "EventData.FlagsHigh": "262144", "EventData.CallingProcess": "svchost.exe,AppReadiness", "EventData.ExternalLocation": null}
{"EventID": "10002", "Channel": "Microsoft-Windows-AppXDeploymentServer/Operational", "Provider_Name": "Microsoft-Windows-AppXDeployment-Server", "Computer": "DESKTOP-OFJ6N53", "TimeCreated": "2025-07-31 08:14:38.185146+00:00", "RecordID": "115088", "Level": "5", "UserID": "S-1-5-18", "EventData.DeploymentOperation": "6", "EventData.MainPackageMoniker": "Microsoft.Edge.GameAssist_1.0.3423.0_x64__8wekyb3d8bbwe", "EventData.ResiliencyFilePath": "C:\\ProgramData\\Microsoft\\Windows\\AppRepository\\1c6f2a65-0f0b-4b5b-90a8-521e58f19ab6_S-1-5-21-963789628-1060504924-4285088085-1001_4.rslc"}
{"EventID": "607", "Channel": "Microsoft-Windows-AppXDeploymentServer/Operational", "Provider_Name": "Microsoft-Windows-AppXDeployment-Server", "Computer": "DESKTOP-OFJ6N53", "TimeCreated": "2025-07-31 08:14:38.186277+00:00", "RecordID": "115089", "Level": "4", "UserID": "S-1-5-21-963789628-1060504924-4285088085-1001", "EventData.DeploymentOperation": "6", "EventData.PackageFullName": "Microsoft.Edge.GameAssist_1.0.3423.0_x64__8wekyb3d8bbwe", "EventData.UserSid": "S-1-5-21-963789628-1060504924-4285088085-1001", "EventData.CallingProcess": "svchost.exe,AppReadiness"}
{"EventID": "854", "Channel": "Microsoft-Windows-AppXDeploymentServer/Operational", "Provider_Name": "Microsoft-Windows-AppXDeployment-Server", "Computer": "DESKTOP-OFJ6N53", "TimeCreated": "2025-07-31 08:14:38.187653+00:00", "RecordID": "115090", "Level": "4", "UserID": "S-1-5-21-963789628-1060504924-4285088085-1001", "EventData.Path": "C:\\Program Files\\WindowsApps\\Microsoft.Edge.GameAssist_1.0.3423.0_x64__8wekyb3d8bbwe\\AppxManifest.xml"}
{"EventID": "855", "Channel": "Microsoft-Windows-AppXDeploymentServer/Operational", "Provider_Name": "Microsoft-Windows-AppXDeployment-Server", "Computer": "DESKTOP-OFJ6N53", "TimeCreated": "2025-07-31 08:14:38.370911+00:00", "RecordID": "115091", "Level": "4", "UserID": "S-1-5-21-963789628-1060504924-4285088085-1001", "EventData.PackageMoniker": "addPackageList: Microsoft.Edge.GameAssist_1.0.3423.0_x64__8wekyb3d8bbwe"}
{"EventID": "573", "Channel": "Microsoft-Windows-AppXDeploymentServer/Operational", "Provider_Name": "Microsoft-Windows-AppXDeployment-Server", "Computer": "DESKTOP-OFJ6N53", "TimeCreated": "2025-07-31 08:14:39.967010+00:00", "RecordID": "115092", "Level": "4", "UserID": "S-1-5-21-963789628-1060504924-4285088085-1001", "EventData.PackageFamilyName": "Microsoft.Edge.GameAssist_8wekyb3d8bbwe", "EventData.SettingSyncEnabled": "False"}
{"EventID": "9643", "Channel": "Microsoft-Windows-AppXDeploymentServer/Operational", "Provider_Name": "Microsoft-Windows-AppXDeployment-Server", "Computer": "DESKTOP-OFJ6N53", "TimeCreated": "2025-07-31 08:14:39.977871+00:00", "RecordID": "115093", "Level": "5", "UserID": "S-1-5-21-963789628-1060504924-4285088085-1001", "EventData.ErrorCode": "0x00000000"}
{"EventID": "9643", "Channel": "Microsoft-Windows-AppXDeploymentServer/Operational", "Provider_Name": "Microsoft-Windows-AppXDeployment-Server", "Computer": "DESKTOP-OFJ6N53", "TimeCreated": "2025-07-31 08:14:39.977921+00:00", "RecordID": "115094", "Level": "5", "UserID": "S-1-5-21-963789628-1060504924-4285088085-1001", "EventData.ErrorCode": "0x00000000"}
{"EventID": "10000", "Channel": "Microsoft-Windows-AppXDeploymentServer/Operational", "Provider_Name": "Microsoft-Windows-AppXDeployment-Server", "Computer": "DESKTOP-OFJ6N53", "TimeCreated": "2025-07-31 08:14:39.978304+00:00", "RecordID": "115095", "Level": "5", "UserID": "S-1-5-18", "EventData.PackageFullName": "Microsoft.Edge.GameAssist_1.0.3423.0_x64__8wekyb3d8bbwe", "EventData.ErrorCode": "0x00000000"}
{"EventID": "9643", "Channel": "Microsoft-Windows-AppXDeploymentServer/Operational", "Provider_Name": "Microsoft-Windows-AppXDeployment-Server", "Computer": "DESKTOP-OFJ6N53", "TimeCreated": "2025-07-31 08:14:39.995775+00:00", "RecordID": "115096", "Level": "5", "UserID": "S-1-5-21-963789628-1060504924-4285088085-1001", "EventData.ErrorCode": "0x00000000"}
{"EventID": "9643", "Channel": "Microsoft-Windows-AppXDeploymentServer/Operational", "Provider_Name": "Microsoft-Windows-AppXDeployment-Server", "Computer": "DESKTOP-OFJ6N53", "TimeCreated": "2025-07-31 08:14:39.995829+00:00", "RecordID": "115097", "Level": "5", "UserID": "S-1-5-21-963789628-1060504924-4285088085-1001", "EventData.ErrorCode": "0x00000000"}
{"EventID": "5507", "Channel": "Microsoft-Windows-AppXDeploymentServer/Operational", "Provider_Name": "Microsoft-Windows-AppXDeployment-Server", "Computer": "DESKTOP-OFJ6N53", "TimeCreated": "2025-07-31 08:15:17.494064+00:00", "RecordID": "115098", "Level": "5", "UserID": "S-1-5-21-963789628-1060504924-4285088085-1001", "EventData.PackageName": "Microsoft.Edge.GameAssist_1.0.3423.0_x64__8wekyb3d8bbwe", "EventData.FilePath": "C:\\Program Files\\WindowsApps\\Microsoft.Edge.GameAssist_1.0.3423.0_x64__8wekyb3d8bbwe\\microsoft.system.package.metadata\\S-1-5-21-963789628-1060504924-4285088085-1001-MergedResources-*.pri", "EventData.Message": "No user-specific merged files found"}
{"EventID": "5507", "Channel": "Microsoft-Windows-AppXDeploymentServer/Operational", "Provider_Name": "Microsoft-Windows-AppXDeployment-Server", "Computer": "DESKTOP-OFJ6N53", "TimeCreated": "2025-07-31 08:15:17.494177+00:00", "RecordID": "115099", "Level": "5", "UserID": "S-1-5-21-963789628-1060504924-4285088085-1001", "EventData.PackageName": "Microsoft.Edge.GameAssist_1.0.3423.0_x64__8wekyb3d8bbwe", "EventData.FilePath": "C:\\Program Files\\WindowsApps\\Microsoft.Edge.GameAssist_1.0.3423.0_x64__8wekyb3d8bbwe\\microsoft.system.package.metadata\\Resources.????????.pri", "EventData.Message": "No shared merged files found"}
{"EventID": "5507", "Channel": "Microsoft-Windows-AppXDeploymentServer/Operational", "Provider_Name": "Microsoft-Windows-AppXDeployment-Server", "Computer": "DESKTOP-OFJ6N53", "TimeCreated": "2025-07-31 08:15:17.494251+00:00", "RecordID": "115100", "Level": "5", "UserID": "S-1-5-21-963789628-1060504924-4285088085-1001", "EventData.PackageName": "Microsoft.Edge.GameAssist_1.0.3423.0_x64__8wekyb3d8bbwe", "EventData.FilePath": "C:\\Program Files\\WindowsApps\\Microsoft.Edge.GameAssist_1.0.3423.0_x64__8wekyb3d8bbwe\\microsoft.system.package.metadata\\S-1-5-21-963789628-1060504924-4285088085-1001-MergedResources-*.pri", "EventData.Message": "No user-specific merged files found"}
{"EventID": "5507", "Channel": "Microsoft-Windows-AppXDeploymentServer/Operational", "Provider_Name": "Microsoft-Windows-AppXDeployment-Server", "Computer": "DESKTOP-OFJ6N53", "TimeCreated": "2025-07-31 08:15:17.494358+00:00", "RecordID": "115101", "Level": "5", "UserID": "S-1-5-21-963789628-1060504924-4285088085-1001", "EventData.PackageName": "Microsoft.Edge.GameAssist_1.0.3423.0_x64__8wekyb3d8bbwe", "EventData.FilePath": "C:\\Program Files\\WindowsApps\\Microsoft.Edge.GameAssist_1.0.3423.0_x64__8wekyb3d8bbwe\\microsoft.system.package.metadata\\Resources.????????.pri", "EventData.Message": "No shared merged files found"}
{"EventID": "813", "Channel": "Microsoft-Windows-AppXDeploymentServer/Operational", "Provider_Name": "Microsoft-Windows-AppXDeployment-Server", "Computer": "DESKTOP-OFJ6N53", "TimeCreated": "2025-07-31 08:15:17.528320+00:00", "RecordID": "115102", "Level": "5", "UserID": "S-1-5-18", "EventData.PackageMoniker": "Microsoft.Edge.GameAssist_1.0.3423.0_x64__8wekyb3d8bbwe"}
{"EventID": "10001", "Channel": "Microsoft-Windows-AppXDeploymentServer/Operational", "Provider_Name": "Microsoft-Windows-AppXDeployment-Server", "Computer": "DESKTOP-OFJ6N53", "TimeCreated": "2025-07-31 08:15:18.167353+00:00", "RecordID": "115103", "Level": "5", "UserID": "S-1-5-18", "EventData.PackageFullName": "Microsoft.Edge.GameAssist_1.0.3423.0_x64__8wekyb3d8bbwe", "EventData.ErrorCode": "0x00000000"}
{"EventID": "10001", "Channel": "Microsoft-Windows-AppXDeploymentServer/Operational", "Provider_Name": "Microsoft-Windows-AppXDeployment-Server", "Computer": "DESKTOP-OFJ6N53", "TimeCreated": "2025-07-31 08:15:18.167965+00:00", "RecordID": "115104", "Level": "5", "UserID": "S-1-5-18", "EventData.PackageFullName": "Microsoft.Edge.GameAssist_1.0.3423.0_x64__8wekyb3d8bbwe", "EventData.ErrorCode": "0x00000000"}
{"EventID": "10001", "Channel": "Microsoft-Windows-AppXDeploymentServer/Operational", "Provider_Name": "Microsoft-Windows-AppXDeployment-Server", "Computer": "DESKTOP-OFJ6N53", "TimeCreated": "2025-07-31 08:15:18.168106+00:00", "RecordID": "115105", "Level": "5", "UserID": "S-1-5-18", "EventData.PackageFullName": "Microsoft.Edge.GameAssist_1.0.3423.0_x64__8wekyb3d8bbwe", "EventData.ErrorCode": "0x00000000"}
{"EventID": "10001", "Channel": "Microsoft-Windows-AppXDeploymentServer/Operational", "Provider_Name": "Microsoft-Windows-AppXDeployment-Server", "Computer": "DESKTOP-OFJ6N53", "TimeCreated": "2025-07-31 08:15:18.168213+00:00", "RecordID": "115106", "Level": "5", "UserID": "S-1-5-18", "EventData.PackageFullName": "Microsoft.Edge.GameAssist_1.0.3423.0_x64__8wekyb3d8bbwe", "EventData.ErrorCode": "0x00000000"}
{"EventID": "400", "Channel": "Microsoft-Windows-AppXDeploymentServer/Operational", "Provider_Name": "Microsoft-Windows-AppXDeployment-Server", "Computer": "DESKTOP-OFJ6N53", "TimeCreated": "2025-07-31 08:15:18.952549+00:00", "RecordID": "115107", "Level": "4", "UserID": "S-1-5-21-963789628-1060504924-4285088085-1001", "EventData.DeploymentOperation": "6", "EventData.PackageFullName": "Microsoft.Edge.GameAssist_1.0.3423.0_x64__8wekyb3d8bbwe", "EventData.Path": "(AppxManifest.xml)", "EventData.MountPoint": "C:", "EventData.TargetPlatform": "0x00000000", "EventData.SystemVolume": "True", "EventData.StorageId": "\\\\?\\Volume{c33a8663-71a2-4031-8cec-c21914fe12ad}", "EventData.IsCentennial": "False", "EventData.PackageType": "0x00000001", "EventData.IsPackageEncrypted": "False", "EventData.DeploymentOptions": "0x0004000004040240", "EventData.IsStreamingPackage": "False", "EventData.IsInRelatedSet": "False", "EventData.IsPackageUsingBDC": "False", "EventData.MainPackageFamilyName": "NULL", "EventData.CallingProcess": "svchost.exe,AppReadiness", "EventData.IsOptional": "False", "EventData.PackageFlags": "0x00800448", "EventData.PackageFlags2": "0x00000800", "EventData.HasWin32alacarte": "False", "EventData.HasFullTrust": "True", "EventData.ExternalLocation": null, "EventData.PackageSourceUri": "file:///C:/Program%20Files%20(x86)/Microsoft/Edge/Application/138.0.3351.109/edge_game_assist/EdgeGameAssist.msix"}
{"EventID": "649", "Channel": "Microsoft-Windows-AppXDeploymentServer/Operational", "Provider_Name": "Microsoft-Windows-AppXDeployment-Server", "Computer": "DESKTOP-OFJ6N53", "TimeCreated": "2025-07-31 08:15:18.954691+00:00", "RecordID": "115108", "Level": "4", "UserID": "S-1-5-21-963789628-1060504924-4285088085-1001", "EventData.DeploymentOperation": "6", "EventData.PackageFullName": "Microsoft.Edge.GameAssist_1.0.3423.0_x64__8wekyb3d8bbwe", "EventData.Summary": "PostDeploymentOperationCheck cost: 0 ms"}
{"EventID": "613", "Channel": "Microsoft-Windows-AppXDeploymentServer/Operational", "Provider_Name": "Microsoft-Windows-AppXDeployment-Server", "Computer": "DESKTOP-OFJ6N53", "TimeCreated": "2025-07-31 08:15:19.029068+00:00", "RecordID": "115109", "Level": "4", "UserID": "S-1-5-21-963789628-1060504924-4285088085-1001", "EventData.DeploymentOperation": "6", "EventData.PackageFullName": "Microsoft.Edge.GameAssist_1.0.3423.0_x64__8wekyb3d8bbwe", "EventData.Summary": "Overall time: 40953 ms\nGap: 93 ms\nEnqueue cost: 16 ms\nDequeue delay: 0 ms\nBundle processing cost: 0 ms\nIndexing cost: 16 ms\nResolve dependency cost: 172 ms\nGap: 15 ms\nCheck approval cost: 78 ms\nEvaluation cost: 0 ms\nHardlinking evaluation cost: 0 ms\nStage required cost: 1500 ms\nFlushing and closing files cost: 0 ms\nMachine register cost: 0 ms\nStage user data cost: 0 ms\nGap: 32 ms\nRegistration cost: 37515 ms\nGap: 16 ms\nRepository commit transaction cost: 625 ms\nGap: 797 ms\nData flush cost: 0 ms\nPost DeStage repository commit transaction cost: 0 ms\nRemaining cost: 78 ms"}
{"EventID": "821", "Channel": "Microsoft-Windows-AppXDeploymentServer/Operational", "Provider_Name": "Microsoft-Windows-AppXDeployment-Server", "Computer": "DESKTOP-OFJ6N53", "TimeCreated": "2025-07-31 08:15:19.038019+00:00", "RecordID": "115110", "Level": "5", "UserID": "S-1-5-18", "EventData.UserSid": "S-1-5-21-963789628-1060504924-4285088085-1001", "EventData.MainPackageFullName": "Microsoft.Edge.GameAssist_1.0.3423.0_x64__8wekyb3d8bbwe", "EventData.ErrorCode": "0x00000000"}
{"EventID": "822", "Channel": "Microsoft-Windows-AppXDeploymentServer/Operational", "Provider_Name": "Microsoft-Windows-AppXDeployment-Server", "Computer": "DESKTOP-OFJ6N53", "TimeCreated": "2025-07-31 08:15:19.046167+00:00", "RecordID": "115111", "Level": "5", "UserID": "S-1-5-18", "EventData.Error": "0x00000000", "EventData.PackageMoniker": "Microsoft.Edge.GameAssist_1.0.3423.0_x64__8wekyb3d8bbwe"}
{"EventID": "603", "Channel": "Microsoft-Windows-AppXDeploymentServer/Operational", "Provider_Name": "Microsoft-Windows-AppXDeployment-Server", "Computer": "DESKTOP-OFJ6N53", "TimeCreated": "2025-08-01 08:45:07.171276+00:00", "RecordID": "115112", "Level": "4", "UserID": "S-1-5-18", "EventData.DeploymentOperation": "5", "EventData.Path": "Microsoft.BingWeather_4.54.63007.0_neutral_~_8wekyb3d8bbwe", "EventData.Flags": "0", "EventData.FlagsHigh": "0", "EventData.CallingProcess": "svchost.exe,wuauserv", "EventData.ExternalLocation": null}
{"EventID": "10002", "Channel": "Microsoft-Windows-AppXDeploymentServer/Operational", "Provider_Name": "Microsoft-Windows-AppXDeployment-Server", "Computer": "DESKTOP-OFJ6N53", "TimeCreated": "2025-08-01 08:45:07.206091+00:00", "RecordID": "115113", "Level": "5", "UserID": "S-1-5-18", "EventData.DeploymentOperation": "2", "EventData.MainPackageMoniker": "Microsoft.BingWeather_4.54.63007.0_neutral_~_8wekyb3d8bbwe", "EventData.ResiliencyFilePath": "C:\\ProgramData\\Microsoft\\Windows\\AppRepository\\cdf1e264-3944-41db-b28a-8e5136115760_S-1-5-18_1.rslc"}
{"EventID": "607", "Channel": "Microsoft-Windows-AppXDeploymentServer/Operational", "Provider_Name": "Microsoft-Windows-AppXDeployment-Server", "Computer": "DESKTOP-OFJ6N53", "TimeCreated": "2025-08-01 08:45:07.209202+00:00", "RecordID": "115114", "Level": "4", "UserID": "S-1-5-18", "EventData.DeploymentOperation": "2", "EventData.PackageFullName": "Microsoft.BingWeather_4.54.63007.0_neutral_~_8wekyb3d8bbwe", "EventData.UserSid": "S-1-5-18", "EventData.CallingProcess": "svchost.exe,wuauserv"}
{"EventID": "627", "Channel": "Microsoft-Windows-AppXDeploymentServer/Operational", "Provider_Name": "Microsoft-Windows-AppXDeployment-Server", "Computer": "DESKTOP-OFJ6N53", "TimeCreated": "2025-08-01 08:45:07.215168+00:00", "RecordID": "115115", "Level": "5", "UserID": "S-1-5-18", "EventData.PackageMoniker": "Microsoft.BingWeather_4.54.63007.0_neutral_~_8wekyb3d8bbwe"}
{"EventID": "603", "Channel": "Microsoft-Windows-AppXDeploymentServer/Operational", "Provider_Name": "Microsoft-Windows-AppXDeployment-Server", "Computer": "DESKTOP-OFJ6N53", "TimeCreated": "2025-08-01 08:45:07.234520+00:00", "RecordID": "115116", "Level": "4", "UserID": "S-1-5-18", "EventData.DeploymentOperation": "5", "EventData.Path": "Microsoft.Office.OneNote_16001.14326.22348.0_neutral_~_8wekyb3d8bbwe", "EventData.Flags": "0", "EventData.FlagsHigh": "0", "EventData.CallingProcess": "svchost.exe,wuauserv", "EventData.ExternalLocation": null}
{"EventID": "10002", "Channel": "Microsoft-Windows-AppXDeploymentServer/Operational", "Provider_Name": "Microsoft-Windows-AppXDeployment-Server", "Computer": "DESKTOP-OFJ6N53", "TimeCreated": "2025-08-01 08:45:07.269857+00:00", "RecordID": "115117", "Level": "5", "UserID": "S-1-5-18", "EventData.DeploymentOperation": "2", "EventData.MainPackageMoniker": "Microsoft.Office.OneNote_16001.14326.22348.0_neutral_~_8wekyb3d8bbwe", "EventData.ResiliencyFilePath": "C:\\ProgramData\\Microsoft\\Windows\\AppRepository\\cdf1e264-3944-41db-b28a-8e5136115760_S-1-5-18_2.rslc"}
{"EventID": "603", "Channel": "Microsoft-Windows-AppXDeploymentServer/Operational", "Provider_Name": "Microsoft-Windows-AppXDeployment-Server", "Computer": "DESKTOP-OFJ6N53", "TimeCreated": "2025-08-01 08:45:07.292704+00:00", "RecordID": "115118", "Level": "4", "UserID": "S-1-5-18", "EventData.DeploymentOperation": "5", "EventData.Path": "Microsoft.MicrosoftOfficeHub_2025.727.1811.0_neutral_~_8wekyb3d8bbwe", "EventData.Flags": "0", "EventData.FlagsHigh": "0", "EventData.CallingProcess": "svchost.exe,wuauserv", "EventData.ExternalLocation": null}
{"EventID": "10002", "Channel": "Microsoft-Windows-AppXDeploymentServer/Operational", "Provider_Name": "Microsoft-Windows-AppXDeployment-Server", "Computer": "DESKTOP-OFJ6N53", "TimeCreated": "2025-08-01 08:45:07.313768+00:00", "RecordID": "115119", "Level": "5", "UserID": "S-1-5-18", "EventData.DeploymentOperation": "2", "EventData.MainPackageMoniker": "Microsoft.MicrosoftOfficeHub_2025.727.1811.0_neutral_~_8wekyb3d8bbwe", "EventData.ResiliencyFilePath": "C:\\ProgramData\\Microsoft\\Windows\\AppRepository\\cdf1e264-3944-41db-b28a-8e5136115760_S-1-5-18_3.rslc"}
{"EventID": "400", "Channel": "Microsoft-Windows-AppXDeploymentServer/Operational", "Provider_Name": "Microsoft-Windows-AppXDeployment-Server", "Computer": "DESKTOP-OFJ6N53", "TimeCreated": "2025-08-01 08:45:07.353031+00:00", "RecordID": "115120", "Level": "4", "UserID": "S-1-5-18", "EventData.DeploymentOperation": "5", "EventData.PackageFullName": "Microsoft.BingWeather_4.54.63007.0_neutral_~_8wekyb3d8bbwe", "EventData.Path": null, "EventData.MountPoint": "C:", "EventData.TargetPlatform": "0x00000001", "EventData.SystemVolume": "True", "EventData.StorageId": "\\\\?\\Volume{c33a8663-71a2-4031-8cec-c21914fe12ad}", "EventData.IsCentennial": "False", "EventData.PackageType": "0x00000000", "EventData.IsPackageEncrypted": "False", "EventData.DeploymentOptions": "0x0000000000000000", "EventData.IsStreamingPackage": "False", "EventData.IsInRelatedSet": "False", "EventData.IsPackageUsingBDC": "False", "EventData.MainPackageFamilyName": "NULL", "EventData.CallingProcess": "svchost.exe,wuauserv", "EventData.IsOptional": "False", "EventData.PackageFlags": "0x00000000", "EventData.PackageFlags2": "0x00000000", "EventData.HasWin32alacarte": "False", "EventData.HasFullTrust": "False", "EventData.ExternalLocation": null, "EventData.PackageSourceUri": null}
{"EventID": "649", "Channel": "Microsoft-Windows-AppXDeploymentServer/Operational", "Provider_Name": "Microsoft-Windows-AppXDeployment-Server", "Computer": "DESKTOP-OFJ6N53", "TimeCreated": "2025-08-01 08:45:07.354092+00:00", "RecordID": "115121", "Level": "4", "UserID": "S-1-5-18", "EventData.DeploymentOperation": "2", "EventData.PackageFullName": "Microsoft.BingWeather_4.54.63007.0_neutral_~_8wekyb3d8bbwe", "EventData.Summary": "PostDeploymentOperationCheck cost: 0 ms"}
{"EventID": "607", "Channel": "Microsoft-Windows-AppXDeploymentServer/Operational", "Provider_Name": "Microsoft-Windows-AppXDeployment-Server", "Computer": "DESKTOP-OFJ6N53", "TimeCreated": "2025-08-01 08:45:07.358299+00:00", "RecordID": "115122", "Level": "4", "UserID": "S-1-5-18", "EventData.DeploymentOperation": "2", "EventData.PackageFullName": "Microsoft.MicrosoftOfficeHub_2025.727.1811.0_neutral_~_8wekyb3d8bbwe", "EventData.UserSid": "S-1-5-18", "EventData.CallingProcess": "svchost.exe,wuauserv"}
{"EventID": "627", "Channel": "Microsoft-Windows-AppXDeploymentServer/Operational", "Provider_Name": "Microsoft-Windows-AppXDeployment-Server", "Computer": "DESKTOP-OFJ6N53", "TimeCreated": "2025-08-01 08:45:07.359581+00:00", "RecordID": "115123", "Level": "5", "UserID": "S-1-5-18", "EventData.PackageMoniker": "Microsoft.MicrosoftOfficeHub_2025.727.1811.0_neutral_~_8wekyb3d8bbwe"}
{"EventID": "400", "Channel": "Microsoft-Windows-AppXDeploymentServer/Operational", "Provider_Name": "Microsoft-Windows-AppXDeployment-Server", "Computer": "DESKTOP-OFJ6N53", "TimeCreated": "2025-08-01 08:45:07.467493+00:00", "RecordID": "115124", "Level": "4", "UserID": "S-1-5-18", "EventData.DeploymentOperation": "5", "EventData.PackageFullName": "Microsoft.MicrosoftOfficeHub_2025.727.1811.0_neutral_~_8wekyb3d8bbwe", "EventData.Path": null, "EventData.MountPoint": "C:", "EventData.TargetPlatform": "0x00000001", "EventData.SystemVolume": "True", "EventData.StorageId": "\\\\?\\Volume{c33a8663-71a2-4031-8cec-c21914fe12ad}", "EventData.IsCentennial": "False", "EventData.PackageType": "0x00000000", "EventData.IsPackageEncrypted": "False", "EventData.DeploymentOptions": "0x0000000000000000", "EventData.IsStreamingPackage": "False", "EventData.IsInRelatedSet": "False", "EventData.IsPackageUsingBDC": "False", "EventData.MainPackageFamilyName": "NULL", "EventData.CallingProcess": "svchost.exe,wuauserv", "EventData.IsOptional": "False", "EventData.PackageFlags": "0x00000000", "EventData.PackageFlags2": "0x00000000", "EventData.HasWin32alacarte": "False", "EventData.HasFullTrust": "False", "EventData.ExternalLocation": null, "EventData.PackageSourceUri": null}
{"EventID": "649", "Channel": "Microsoft-Windows-AppXDeploymentServer/Operational", "Provider_Name": "Microsoft-Windows-AppXDeployment-Server", "Computer": "DESKTOP-OFJ6N53", "TimeCreated": "2025-08-01 08:45:07.467749+00:00", "RecordID": "115125", "Level": "4", "UserID": "S-1-5-18", "EventData.DeploymentOperation": "2", "EventData.PackageFullName": "Microsoft.MicrosoftOfficeHub_2025.727.1811.0_neutral_~_8wekyb3d8bbwe", "EventData.Summary": "PostDeploymentOperationCheck cost: 0 ms"}
{"EventID": "607", "Channel": "Microsoft-Windows-AppXDeploymentServer/Operational", "Provider_Name": "Microsoft-Windows-AppXDeployment-Server", "Computer": "DESKTOP-OFJ6N53", "TimeCreated": "2025-08-01 08:45:07.468891+00:00", "RecordID": "115126", "Level": "4", "UserID": "S-1-5-18", "EventData.DeploymentOperation": "2", "EventData.PackageFullName": "Microsoft.Office.OneNote_16001.14326.22348.0_neutral_~_8wekyb3d8bbwe", "EventData.UserSid": "S-1-5-18", "EventData.CallingProcess": "svchost.exe,wuauserv"}
{"EventID": "627", "Channel": "Microsoft-Windows-AppXDeploymentServer/Operational", "Provider_Name": "Microsoft-Windows-AppXDeployment-Server", "Computer": "DESKTOP-OFJ6N53", "TimeCreated": "2025-08-01 08:45:07.470362+00:00", "RecordID": "115127", "Level": "5", "UserID": "S-1-5-18", "EventData.PackageMoniker": "Microsoft.Office.OneNote_16001.14326.22348.0_neutral_~_8wekyb3d8bbwe"}
{"EventID": "400", "Channel": "Microsoft-Windows-AppXDeploymentServer/Operational", "Provider_Name": "Microsoft-Windows-AppXDeployment-Server", "Computer": "DESKTOP-OFJ6N53", "TimeCreated": "2025-08-01 08:45:07.588425+00:00", "RecordID": "115128", "Level": "4", "UserID": "S-1-5-18", "EventData.DeploymentOperation": "5", "EventData.PackageFullName": "Microsoft.Office.OneNote_16001.14326.22348.0_neutral_~_8wekyb3d8bbwe", "EventData.Path": null, "EventData.MountPoint": "C:", "EventData.TargetPlatform": "0x00000001", "EventData.SystemVolume": "True", "EventData.StorageId": "\\\\?\\Volume{c33a8663-71a2-4031-8cec-c21914fe12ad}", "EventData.IsCentennial": "False", "EventData.PackageType": "0x00000000", "EventData.IsPackageEncrypted": "False", "EventData.DeploymentOptions": "0x0000000000000000", "EventData.IsStreamingPackage": "False", "EventData.IsInRelatedSet": "False", "EventData.IsPackageUsingBDC": "False", "EventData.MainPackageFamilyName": "NULL", "EventData.CallingProcess": "svchost.exe,wuauserv", "EventData.IsOptional": "False", "EventData.PackageFlags": "0x00000000", "EventData.PackageFlags2": "0x00000000", "EventData.HasWin32alacarte": "False", "EventData.HasFullTrust": "False", "EventData.ExternalLocation": null, "EventData.PackageSourceUri": null}
{"EventID": "649", "Channel": "Microsoft-Windows-AppXDeploymentServer/Operational", "Provider_Name": "Microsoft-Windows-AppXDeployment-Server", "Computer": "DESKTOP-OFJ6N53", "TimeCreated": "2025-08-01 08:45:07.588671+00:00", "RecordID": "115129", "Level": "4", "UserID": "S-1-5-18", "EventData.DeploymentOperation": "2", "EventData.PackageFullName": "Microsoft.Office.OneNote_16001.14326.22348.0_neutral_~_8wekyb3d8bbwe", "EventData.Summary": "PostDeploymentOperationCheck cost: 0 ms"}
{"EventID": "603", "Channel": "Microsoft-Windows-AppXDeploymentServer/Operational", "Provider_Name": "Microsoft-Windows-AppXDeployment-Server", "Computer": "DESKTOP-OFJ6N53", "TimeCreated": "2025-08-01 21:34:36.195784+00:00", "RecordID": "115130", "Level": "4", "UserID": "S-1-5-18", "EventData.DeploymentOperation": "4", "EventData.Path": "3e40f62a48cae91c67e0b36abe7f79dbed5050e0", "EventData.Flags": "67108880", "EventData.FlagsHigh": "128", "EventData.CallingProcess": "svchost.exe,wuauserv", "EventData.ExternalLocation": null}
{"EventID": "603", "Channel": "Microsoft-Windows-AppXDeploymentServer/Operational", "Provider_Name": "Microsoft-Windows-AppXDeployment-Server", "Computer": "DESKTOP-OFJ6N53", "TimeCreated": "2025-08-01 21:34:36.373785+00:00", "RecordID": "115131", "Level": "4", "UserID": "S-1-5-18", "EventData.DeploymentOperation": "4", "EventData.Path": "435dbef8e7d720281c7d631d6c28f30d0cde4d79", "EventData.Flags": "67108880", "EventData.FlagsHigh": "128", "EventData.CallingProcess": "svchost.exe,wuauserv", "EventData.ExternalLocation": null}
