{"EventID": "5600", "Channel": "Microsoft-Windows-WinINet-Config/ProxyConfigChanged", "Provider_Name": "Microsoft-Windows-WinINet-Config", "Computer": "DESKTOP-OFJ6N53", "TimeCreated": "2023-04-03 17:05:56.405525+00:00", "RecordID": "113", "Level": "4", "UserID": "S-1-5-21-963789628-1060504924-4285088085-1001", "EventData.fAutoDetect": "True", "EventData.pwszAutoConfigUrl": null, "EventData.pwszProxy": null, "EventData.pwszProxyBypass": null}
{"EventID": "5600", "Channel": "Microsoft-Windows-WinINet-Config/ProxyConfigChanged", "Provider_Name": "Microsoft-Windows-WinINet-Config", "Computer": "DESKTOP-OFJ6N53", "TimeCreated": "2023-04-05 15:13:45.934986+00:00", "RecordID": "114", "Level": "4", "UserID": "S-1-5-21-963789628-1060504924-4285088085-1001", "EventData.fAutoDetect": "True", "EventData.pwszAutoConfigUrl": null, "EventData.pwszProxy": null, "EventData.pwszProxyBypass": null}
{"EventID": "5600", "Channel": "Microsoft-Windows-WinINet-Config/ProxyConfigChanged", "Provider_Name": "Microsoft-Windows-WinINet-Config", "Computer": "DESKTOP-OFJ6N53", "TimeCreated": "2023-04-05 15:13:46.539913+00:00", "RecordID": "115", "Level": "4", "UserID": "S-1-5-21-963789628-1060504924-4285088085-1001", "EventData.fAutoDetect": "True", "EventData.pwszAutoConfigUrl": null, "EventData.pwszProxy": null, "EventData.pwszProxyBypass": null}
{"EventID": "5600", "Channel": "Microsoft-Windows-WinINet-Config/ProxyConfigChanged", "Provider_Name": "Microsoft-Windows-WinINet-Config", "Computer": "DESKTOP-OFJ6N53", "TimeCreated": "2023-04-06 15:30:57.580370+00:00", "RecordID": "116", "Level": "4", "UserID": "S-1-5-21-963789628-1060504924-4285088085-1001", "EventData.fAutoDetect": "True", "EventData.pwszAutoConfigUrl": null, "EventData.pwszProxy": null, "EventData.pwszProxyBypass": null}
{"EventID": "5600", "Channel": "Microsoft-Windows-WinINet-Config/ProxyConfigChanged", "Provider_Name": "Microsoft-Windows-WinINet-Config", "Computer": "DESKTOP-OFJ6N53", "TimeCreated": "2023-04-06 15:30:57.662621+00:00", "RecordID": "117", "Level": "4", "UserID": "S-1-5-21-963789628-1060504924-4285088085-1001", "EventData.fAutoDetect": "True", "EventData.pwszAutoConfigUrl": null, "EventData.pwszProxy": null, "EventData.pwszProxyBypass": null}
{"EventID": "5600", "Channel": "Microsoft-Windows-WinINet-Config/ProxyConfigChanged", "Provider_Name": "Microsoft-Windows-WinINet-Config", "Computer": "DESKTOP-OFJ6N53", "TimeCreated": "2023-04-10 11:24:12.013926+00:00", "RecordID": "118", "Level": "4", "UserID": "S-1-5-21-963789628-1060504924-4285088085-1001", "EventData.fAutoDetect": "True", "EventData.pwszAutoConfigUrl": null, "EventData.pwszProxy": null, "EventData.pwszProxyBypass": null}
{"EventID": "5600", "Channel": "Microsoft-Windows-WinINet-Config/ProxyConfigChanged", "Provider_Name": "Microsoft-Windows-WinINet-Config", "Computer": "DESKTOP-OFJ6N53", "TimeCreated": "2023-04-11 01:05:18.697176+00:00", "RecordID": "119", "Level": "4", "UserID": "S-1-5-21-963789628-1060504924-4285088085-1001", "EventData.fAutoDetect": "True", "EventData.pwszAutoConfigUrl": null, "EventData.pwszProxy": null, "EventData.pwszProxyBypass": null}
{"EventID": "5600", "Channel": "Microsoft-Windows-WinINet-Config/ProxyConfigChanged", "Provider_Name": "Microsoft-Windows-WinINet-Config", "Computer": "DESKTOP-OFJ6N53", "TimeCreated": "2023-04-11 01:05:18.765898+00:00", "RecordID": "120", "Level": "4", "UserID": "S-1-5-21-963789628-1060504924-4285088085-1001", "EventData.fAutoDetect": "True", "EventData.pwszAutoConfigUrl": null, "EventData.pwszProxy": null, "EventData.pwszProxyBypass": null}
{"EventID": "5600", "Channel": "Microsoft-Windows-WinINet-Config/ProxyConfigChanged", "Provider_Name": "Microsoft-Windows-WinINet-Config", "Computer": "DESKTOP-OFJ6N53", "TimeCreated": "2023-04-13 15:03:45.965452+00:00", "RecordID": "121", "Level": "4", "UserID": "S-1-5-21-963789628-1060504924-4285088085-1001", "EventData.fAutoDetect": "True", "EventData.pwszAutoConfigUrl": null, "EventData.pwszProxy": null, "EventData.pwszProxyBypass": null}
{"EventID": "5600", "Channel": "Microsoft-Windows-WinINet-Config/ProxyConfigChanged", "Provider_Name": "Microsoft-Windows-WinINet-Config", "Computer": "DESKTOP-OFJ6N53", "TimeCreated": "2023-04-17 11:32:34.942478+00:00", "RecordID": "122", "Level": "4", "UserID": "S-1-5-21-963789628-1060504924-4285088085-1001", "EventData.fAutoDetect": "True", "EventData.pwszAutoConfigUrl": null, "EventData.pwszProxy": null, "EventData.pwszProxyBypass": null}
{"EventID": "5600", "Channel": "Microsoft-Windows-WinINet-Config/ProxyConfigChanged", "Provider_Name": "Microsoft-Windows-WinINet-Config", "Computer": "DESKTOP-OFJ6N53", "TimeCreated": "2023-04-17 11:32:34.989096+00:00", "RecordID": "123", "Level": "4", "UserID": "S-1-5-21-963789628-1060504924-4285088085-1001", "EventData.fAutoDetect": "True", "EventData.pwszAutoConfigUrl": null, "EventData.pwszProxy": null, "EventData.pwszProxyBypass": null}
{"EventID": "5600", "Channel": "Microsoft-Windows-WinINet-Config/ProxyConfigChanged", "Provider_Name": "Microsoft-Windows-WinINet-Config", "Computer": "DESKTOP-OFJ6N53", "TimeCreated": "2023-04-19 13:26:49.860012+00:00", "RecordID": "124", "Level": "4", "UserID": "S-1-5-21-963789628-1060504924-4285088085-1001", "EventData.fAutoDetect": "True", "EventData.pwszAutoConfigUrl": null, "EventData.pwszProxy": null, "EventData.pwszProxyBypass": null}
{"EventID": "5600", "Channel": "Microsoft-Windows-WinINet-Config/ProxyConfigChanged", "Provider_Name": "Microsoft-Windows-WinINet-Config", "Computer": "DESKTOP-OFJ6N53", "TimeCreated": "2023-04-19 13:31:39.535782+00:00", "RecordID": "125", "Level": "4", "UserID": "S-1-5-21-963789628-1060504924-4285088085-1001", "EventData.fAutoDetect": "True", "EventData.pwszAutoConfigUrl": null, "EventData.pwszProxy": null, "EventData.pwszProxyBypass": null}
{"EventID": "5600", "Channel": "Microsoft-Windows-WinINet-Config/ProxyConfigChanged", "Provider_Name": "Microsoft-Windows-WinINet-Config", "Computer": "DESKTOP-OFJ6N53", "TimeCreated": "2023-04-26 06:35:13.158880+00:00", "RecordID": "126", "Level": "4", "UserID": "S-1-5-21-963789628-1060504924-4285088085-1001", "EventData.fAutoDetect": "True", "EventData.pwszAutoConfigUrl": null, "EventData.pwszProxy": null, "EventData.pwszProxyBypass": null}
{"EventID": "5600", "Channel": "Microsoft-Windows-WinINet-Config/ProxyConfigChanged", "Provider_Name": "Microsoft-Windows-WinINet-Config", "Computer": "DESKTOP-OFJ6N53", "TimeCreated": "2023-04-26 06:35:13.185556+00:00", "RecordID": "127", "Level": "4", "UserID": "S-1-5-21-963789628-1060504924-4285088085-1001", "EventData.fAutoDetect": "True", "EventData.pwszAutoConfigUrl": null, "EventData.pwszProxy": null, "EventData.pwszProxyBypass": null}
{"EventID": "5600", "Channel": "Microsoft-Windows-WinINet-Config/ProxyConfigChanged", "Provider_Name": "Microsoft-Windows-WinINet-Config", "Computer": "DESKTOP-OFJ6N53", "TimeCreated": "2023-04-28 02:44:15.102541+00:00", "RecordID": "128", "Level": "4", "UserID": "S-1-5-21-963789628-1060504924-4285088085-1001", "EventData.fAutoDetect": "True", "EventData.pwszAutoConfigUrl": null, "EventData.pwszProxy": null, "EventData.pwszProxyBypass": null}
{"EventID": "5600", "Channel": "Microsoft-Windows-WinINet-Config/ProxyConfigChanged", "Provider_Name": "Microsoft-Windows-WinINet-Config", "Computer": "DESKTOP-OFJ6N53", "TimeCreated": "2023-04-28 02:44:15.123091+00:00", "RecordID": "129", "Level": "4", "UserID": "S-1-5-21-963789628-1060504924-4285088085-1001", "EventData.fAutoDetect": "True", "EventData.pwszAutoConfigUrl": null, "EventData.pwszProxy": null, "EventData.pwszProxyBypass": null}
{"EventID": "5600", "Channel": "Microsoft-Windows-WinINet-Config/ProxyConfigChanged", "Provider_Name": "Microsoft-Windows-WinINet-Config", "Computer": "DESKTOP-OFJ6N53", "TimeCreated": "2023-05-02 13:52:07.472322+00:00", "RecordID": "130", "Level": "4", "UserID": "S-1-5-21-963789628-1060504924-4285088085-1001", "EventData.fAutoDetect": "True", "EventData.pwszAutoConfigUrl": null, "EventData.pwszProxy": null, "EventData.pwszProxyBypass": null}
{"EventID": "5600", "Channel": "Microsoft-Windows-WinINet-Config/ProxyConfigChanged", "Provider_Name": "Microsoft-Windows-WinINet-Config", "Computer": "DESKTOP-OFJ6N53", "TimeCreated": "2023-05-02 13:52:07.938114+00:00", "RecordID": "131", "Level": "4", "UserID": "S-1-5-21-963789628-1060504924-4285088085-1001", "EventData.fAutoDetect": "True", "EventData.pwszAutoConfigUrl": null, "EventData.pwszProxy": null, "EventData.pwszProxyBypass": null}
{"EventID": "5600", "Channel": "Microsoft-Windows-WinINet-Config/ProxyConfigChanged", "Provider_Name": "Microsoft-Windows-WinINet-Config", "Computer": "DESKTOP-OFJ6N53", "TimeCreated": "2023-05-02 19:59:26.276798+00:00", "RecordID": "132", "Level": "4", "UserID": "S-1-5-21-963789628-1060504924-4285088085-1001", "EventData.fAutoDetect": "True", "EventData.pwszAutoConfigUrl": null, "EventData.pwszProxy": null, "EventData.pwszProxyBypass": null}
{"EventID": "5600", "Channel": "Microsoft-Windows-WinINet-Config/ProxyConfigChanged", "Provider_Name": "Microsoft-Windows-WinINet-Config", "Computer": "DESKTOP-OFJ6N53", "TimeCreated": "2023-05-04 23:07:06.414534+00:00", "RecordID": "133", "Level": "4", "UserID": "S-1-5-21-963789628-1060504924-4285088085-1001", "EventData.fAutoDetect": "True", "EventData.pwszAutoConfigUrl": null, "EventData.pwszProxy": null, "EventData.pwszProxyBypass": null}
{"EventID": "5600", "Channel": "Microsoft-Windows-WinINet-Config/ProxyConfigChanged", "Provider_Name": "Microsoft-Windows-WinINet-Config", "Computer": "DESKTOP-OFJ6N53", "TimeCreated": "2023-05-04 23:07:06.455580+00:00", "RecordID": "134", "Level": "4", "UserID": "S-1-5-21-963789628-1060504924-4285088085-1001", "EventData.fAutoDetect": "True", "EventData.pwszAutoConfigUrl": null, "EventData.pwszProxy": null, "EventData.pwszProxyBypass": null}
{"EventID": "5600", "Channel": "Microsoft-Windows-WinINet-Config/ProxyConfigChanged", "Provider_Name": "Microsoft-Windows-WinINet-Config", "Computer": "DESKTOP-OFJ6N53", "TimeCreated": "2023-05-10 22:11:01.286102+00:00", "RecordID": "135", "Level": "4", "UserID": "S-1-5-21-963789628-1060504924-4285088085-1001", "EventData.fAutoDetect": "True", "EventData.pwszAutoConfigUrl": null, "EventData.pwszProxy": null, "EventData.pwszProxyBypass": null}
{"EventID": "5600", "Channel": "Microsoft-Windows-WinINet-Config/ProxyConfigChanged", "Provider_Name": "Microsoft-Windows-WinINet-Config", "Computer": "DESKTOP-OFJ6N53", "TimeCreated": "2023-05-10 22:11:01.322306+00:00", "RecordID": "136", "Level": "4", "UserID": "S-1-5-21-963789628-1060504924-4285088085-1001", "EventData.fAutoDetect": "True", "EventData.pwszAutoConfigUrl": null, "EventData.pwszProxy": null, "EventData.pwszProxyBypass": null}
{"EventID": "5600", "Channel": "Microsoft-Windows-WinINet-Config/ProxyConfigChanged", "Provider_Name": "Microsoft-Windows-WinINet-Config", "Computer": "DESKTOP-OFJ6N53", "TimeCreated": "2023-05-11 22:24:14.354696+00:00", "RecordID": "137", "Level": "4", "UserID": "S-1-5-21-963789628-1060504924-4285088085-1001", "EventData.fAutoDetect": "True", "EventData.pwszAutoConfigUrl": null, "EventData.pwszProxy": null, "EventData.pwszProxyBypass": null}
{"EventID": "5600", "Channel": "Microsoft-Windows-WinINet-Config/ProxyConfigChanged", "Provider_Name": "Microsoft-Windows-WinINet-Config", "Computer": "DESKTOP-OFJ6N53", "TimeCreated": "2023-05-11 22:24:14.400713+00:00", "RecordID": "138", "Level": "4", "UserID": "S-1-5-21-963789628-1060504924-4285088085-1001", "EventData.fAutoDetect": "True", "EventData.pwszAutoConfigUrl": null, "EventData.pwszProxy": null, "EventData.pwszProxyBypass": null}
{"EventID": "5600", "Channel": "Microsoft-Windows-WinINet-Config/ProxyConfigChanged", "Provider_Name": "Microsoft-Windows-WinINet-Config", "Computer": "DESKTOP-OFJ6N53", "TimeCreated": "2023-05-15 12:13:11.224810+00:00", "RecordID": "139", "Level": "4", "UserID": "S-1-5-21-963789628-1060504924-4285088085-1001", "EventData.fAutoDetect": "True", "EventData.pwszAutoConfigUrl": null, "EventData.pwszProxy": null, "EventData.pwszProxyBypass": null}
{"EventID": "5600", "Channel": "Microsoft-Windows-WinINet-Config/ProxyConfigChanged", "Provider_Name": "Microsoft-Windows-WinINet-Config", "Computer": "DESKTOP-OFJ6N53", "TimeCreated": "2023-05-22 21:23:25.950542+00:00", "RecordID": "140", "Level": "4", "UserID": "S-1-5-21-963789628-1060504924-4285088085-1001", "EventData.fAutoDetect": "True", "EventData.pwszAutoConfigUrl": null, "EventData.pwszProxy": null, "EventData.pwszProxyBypass": null}
{"EventID": "5600", "Channel": "Microsoft-Windows-WinINet-Config/ProxyConfigChanged", "Provider_Name": "Microsoft-Windows-WinINet-Config", "Computer": "DESKTOP-OFJ6N53", "TimeCreated": "2023-05-22 21:23:25.967180+00:00", "RecordID": "141", "Level": "4", "UserID": "S-1-5-21-963789628-1060504924-4285088085-1001", "EventData.fAutoDetect": "True", "EventData.pwszAutoConfigUrl": null, "EventData.pwszProxy": null, "EventData.pwszProxyBypass": null}
{"EventID": "5600", "Channel": "Microsoft-Windows-WinINet-Config/ProxyConfigChanged", "Provider_Name": "Microsoft-Windows-WinINet-Config", "Computer": "DESKTOP-OFJ6N53", "TimeCreated": "2023-05-23 20:55:43.027531+00:00", "RecordID": "142", "Level": "4", "UserID": "S-1-5-21-963789628-1060504924-4285088085-1001", "EventData.fAutoDetect": "True", "EventData.pwszAutoConfigUrl": null, "EventData.pwszProxy": null, "EventData.pwszProxyBypass": null}
{"EventID": "5600", "Channel": "Microsoft-Windows-WinINet-Config/ProxyConfigChanged", "Provider_Name": "Microsoft-Windows-WinINet-Config", "Computer": "DESKTOP-OFJ6N53", "TimeCreated": "2023-05-23 20:55:43.091970+00:00", "RecordID": "143", "Level": "4", "UserID": "S-1-5-21-963789628-1060504924-4285088085-1001", "EventData.fAutoDetect": "True", "EventData.pwszAutoConfigUrl": null, "EventData.pwszProxy": null, "EventData.pwszProxyBypass": null}
{"EventID": "5600", "Channel": "Microsoft-Windows-WinINet-Config/ProxyConfigChanged", "Provider_Name": "Microsoft-Windows-WinINet-Config", "Computer": "DESKTOP-OFJ6N53", "TimeCreated": "2023-05-30 15:28:07.506336+00:00", "RecordID": "144", "Level": "4", "UserID": "S-1-5-21-963789628-1060504924-4285088085-1001", "EventData.fAutoDetect": "True", "EventData.pwszAutoConfigUrl": null, "EventData.pwszProxy": null, "EventData.pwszProxyBypass": null}
{"EventID": "5600", "Channel": "Microsoft-Windows-WinINet-Config/ProxyConfigChanged", "Provider_Name": "Microsoft-Windows-WinINet-Config", "Computer": "DESKTOP-OFJ6N53", "TimeCreated": "2023-06-23 10:56:24.660925+00:00", "RecordID": "145", "Level": "4", "UserID": "S-1-5-21-963789628-1060504924-4285088085-1001", "EventData.fAutoDetect": "True", "EventData.pwszAutoConfigUrl": null, "EventData.pwszProxy": null, "EventData.pwszProxyBypass": null}
{"EventID": "5600", "Channel": "Microsoft-Windows-WinINet-Config/ProxyConfigChanged", "Provider_Name": "Microsoft-Windows-WinINet-Config", "Computer": "DESKTOP-OFJ6N53", "TimeCreated": "2023-06-24 11:54:25.497728+00:00", "RecordID": "146", "Level": "4", "UserID": "S-1-5-21-963789628-1060504924-4285088085-1001", "EventData.fAutoDetect": "True", "EventData.pwszAutoConfigUrl": null, "EventData.pwszProxy": null, "EventData.pwszProxyBypass": null}
{"EventID": "5600", "Channel": "Microsoft-Windows-WinINet-Config/ProxyConfigChanged", "Provider_Name": "Microsoft-Windows-WinINet-Config", "Computer": "DESKTOP-OFJ6N53", "TimeCreated": "2023-08-02 19:49:08.060843+00:00", "RecordID": "147", "Level": "4", "UserID": "S-1-5-21-963789628-1060504924-4285088085-1001", "EventData.fAutoDetect": "True", "EventData.pwszAutoConfigUrl": null, "EventData.pwszProxy": null, "EventData.pwszProxyBypass": null}
{"EventID": "5600", "Channel": "Microsoft-Windows-WinINet-Config/ProxyConfigChanged", "Provider_Name": "Microsoft-Windows-WinINet-Config", "Computer": "DESKTOP-OFJ6N53", "TimeCreated": "2023-09-28 14:26:52.183252+00:00", "RecordID": "148", "Level": "4", "UserID": "S-1-5-21-963789628-1060504924-4285088085-1001", "EventData.fAutoDetect": "True", "EventData.pwszAutoConfigUrl": null, "EventData.pwszProxy": null, "EventData.pwszProxyBypass": null}
{"EventID": "5600", "Channel": "Microsoft-Windows-WinINet-Config/ProxyConfigChanged", "Provider_Name": "Microsoft-Windows-WinINet-Config", "Computer": "DESKTOP-OFJ6N53", "TimeCreated": "2023-09-29 14:22:56.932529+00:00", "RecordID": "149", "Level": "4", "UserID": "S-1-5-21-963789628-1060504924-4285088085-1001", "EventData.fAutoDetect": "True", "EventData.pwszAutoConfigUrl": null, "EventData.pwszProxy": null, "EventData.pwszProxyBypass": null}
{"EventID": "5600", "Channel": "Microsoft-Windows-WinINet-Config/ProxyConfigChanged", "Provider_Name": "Microsoft-Windows-WinINet-Config", "Computer": "DESKTOP-OFJ6N53", "TimeCreated": "2023-10-09 19:21:48.196175+00:00", "RecordID": "150", "Level": "4", "UserID": "S-1-5-21-963789628-1060504924-4285088085-1001", "EventData.fAutoDetect": "True", "EventData.pwszAutoConfigUrl": null, "EventData.pwszProxy": null, "EventData.pwszProxyBypass": null}
{"EventID": "5600", "Channel": "Microsoft-Windows-WinINet-Config/ProxyConfigChanged", "Provider_Name": "Microsoft-Windows-WinINet-Config", "Computer": "DESKTOP-OFJ6N53", "TimeCreated": "2023-10-10 09:37:47.863760+00:00", "RecordID": "151", "Level": "4", "UserID": "S-1-5-21-963789628-1060504924-4285088085-1001", "EventData.fAutoDetect": "True", "EventData.pwszAutoConfigUrl": null, "EventData.pwszProxy": null, "EventData.pwszProxyBypass": null}
{"EventID": "5600", "Channel": "Microsoft-Windows-WinINet-Config/ProxyConfigChanged", "Provider_Name": "Microsoft-Windows-WinINet-Config", "Computer": "DESKTOP-OFJ6N53", "TimeCreated": "2023-10-16 07:29:23.918388+00:00", "RecordID": "152", "Level": "4", "UserID": "S-1-5-21-963789628-1060504924-4285088085-1001", "EventData.fAutoDetect": "True", "EventData.pwszAutoConfigUrl": null, "EventData.pwszProxy": null, "EventData.pwszProxyBypass": null}
{"EventID": "5600", "Channel": "Microsoft-Windows-WinINet-Config/ProxyConfigChanged", "Provider_Name": "Microsoft-Windows-WinINet-Config", "Computer": "DESKTOP-OFJ6N53", "TimeCreated": "2023-10-16 12:23:20.895014+00:00", "RecordID": "153", "Level": "4", "UserID": "S-1-5-21-963789628-1060504924-4285088085-1001", "EventData.fAutoDetect": "True", "EventData.pwszAutoConfigUrl": null, "EventData.pwszProxy": null, "EventData.pwszProxyBypass": null}
{"EventID": "5600", "Channel": "Microsoft-Windows-WinINet-Config/ProxyConfigChanged", "Provider_Name": "Microsoft-Windows-WinINet-Config", "Computer": "DESKTOP-OFJ6N53", "TimeCreated": "2023-10-17 10:52:33.897842+00:00", "RecordID": "154", "Level": "4", "UserID": "S-1-5-21-963789628-1060504924-4285088085-1001", "EventData.fAutoDetect": "True", "EventData.pwszAutoConfigUrl": null, "EventData.pwszProxy": null, "EventData.pwszProxyBypass": null}
{"EventID": "5600", "Channel": "Microsoft-Windows-WinINet-Config/ProxyConfigChanged", "Provider_Name": "Microsoft-Windows-WinINet-Config", "Computer": "DESKTOP-OFJ6N53", "TimeCreated": "2023-10-17 12:59:33.809139+00:00", "RecordID": "155", "Level": "4", "UserID": "S-1-5-21-963789628-1060504924-4285088085-1001", "EventData.fAutoDetect": "True", "EventData.pwszAutoConfigUrl": null, "EventData.pwszProxy": null, "EventData.pwszProxyBypass": null}
{"EventID": "5600", "Channel": "Microsoft-Windows-WinINet-Config/ProxyConfigChanged", "Provider_Name": "Microsoft-Windows-WinINet-Config", "Computer": "DESKTOP-OFJ6N53", "TimeCreated": "2023-11-09 11:22:55.850521+00:00", "RecordID": "156", "Level": "4", "UserID": "S-1-5-21-963789628-1060504924-4285088085-1001", "EventData.fAutoDetect": "True", "EventData.pwszAutoConfigUrl": null, "EventData.pwszProxy": null, "EventData.pwszProxyBypass": null}
{"EventID": "5600", "Channel": "Microsoft-Windows-WinINet-Config/ProxyConfigChanged", "Provider_Name": "Microsoft-Windows-WinINet-Config", "Computer": "DESKTOP-OFJ6N53", "TimeCreated": "2023-11-22 12:46:59.159832+00:00", "RecordID": "157", "Level": "4", "UserID": "S-1-5-21-963789628-1060504924-4285088085-1001", "EventData.fAutoDetect": "True", "EventData.pwszAutoConfigUrl": null, "EventData.pwszProxy": null, "EventData.pwszProxyBypass": null}
{"EventID": "5600", "Channel": "Microsoft-Windows-WinINet-Config/ProxyConfigChanged", "Provider_Name": "Microsoft-Windows-WinINet-Config", "Computer": "DESKTOP-OFJ6N53", "TimeCreated": "2023-12-14 13:34:47.920258+00:00", "RecordID": "158", "Level": "4", "UserID": "S-1-5-21-963789628-1060504924-4285088085-1001", "EventData.fAutoDetect": "True", "EventData.pwszAutoConfigUrl": null, "EventData.pwszProxy": null, "EventData.pwszProxyBypass": null}
{"EventID": "5600", "Channel": "Microsoft-Windows-WinINet-Config/ProxyConfigChanged", "Provider_Name": "Microsoft-Windows-WinINet-Config", "Computer": "DESKTOP-OFJ6N53", "TimeCreated": "2024-01-18 15:48:07.766689+00:00", "RecordID": "159", "Level": "4", "UserID": "S-1-5-21-963789628-1060504924-4285088085-1001", "EventData.fAutoDetect": "True", "EventData.pwszAutoConfigUrl": null, "EventData.pwszProxy": null, "EventData.pwszProxyBypass": null}
{"EventID": "5600", "Channel": "Microsoft-Windows-WinINet-Config/ProxyConfigChanged", "Provider_Name": "Microsoft-Windows-WinINet-Config", "Computer": "DESKTOP-OFJ6N53", "TimeCreated": "2024-01-22 12:30:48.973238+00:00", "RecordID": "160", "Level": "4", "UserID": "S-1-5-21-963789628-1060504924-4285088085-1001", "EventData.fAutoDetect": "True", "EventData.pwszAutoConfigUrl": null, "EventData.pwszProxy": null, "EventData.pwszProxyBypass": null}
{"EventID": "5600", "Channel": "Microsoft-Windows-WinINet-Config/ProxyConfigChanged", "Provider_Name": "Microsoft-Windows-WinINet-Config", "Computer": "DESKTOP-OFJ6N53", "TimeCreated": "2024-01-22 16:20:12.211830+00:00", "RecordID": "161", "Level": "4", "UserID": "S-1-5-21-963789628-1060504924-4285088085-1001", "EventData.fAutoDetect": "True", "EventData.pwszAutoConfigUrl": null, "EventData.pwszProxy": null, "EventData.pwszProxyBypass": null}
{"EventID": "5600", "Channel": "Microsoft-Windows-WinINet-Config/ProxyConfigChanged", "Provider_Name": "Microsoft-Windows-WinINet-Config", "Computer": "DESKTOP-OFJ6N53", "TimeCreated": "2024-01-23 10:51:04.877533+00:00", "RecordID": "162", "Level": "4", "UserID": "S-1-5-21-963789628-1060504924-4285088085-1001", "EventData.fAutoDetect": "True", "EventData.pwszAutoConfigUrl": null, "EventData.pwszProxy": null, "EventData.pwszProxyBypass": null}
{"EventID": "5600", "Channel": "Microsoft-Windows-WinINet-Config/ProxyConfigChanged", "Provider_Name": "Microsoft-Windows-WinINet-Config", "Computer": "DESKTOP-OFJ6N53", "TimeCreated": "2024-01-23 13:14:35.208717+00:00", "RecordID": "163", "Level": "4", "UserID": "S-1-5-21-963789628-1060504924-4285088085-1001", "EventData.fAutoDetect": "True", "EventData.pwszAutoConfigUrl": null, "EventData.pwszProxy": null, "EventData.pwszProxyBypass": null}
{"EventID": "5600", "Channel": "Microsoft-Windows-WinINet-Config/ProxyConfigChanged", "Provider_Name": "Microsoft-Windows-WinINet-Config", "Computer": "DESKTOP-OFJ6N53", "TimeCreated": "2024-01-23 16:31:55.696234+00:00", "RecordID": "164", "Level": "4", "UserID": "S-1-5-21-963789628-1060504924-4285088085-1001", "EventData.fAutoDetect": "True", "EventData.pwszAutoConfigUrl": null, "EventData.pwszProxy": null, "EventData.pwszProxyBypass": null}
{"EventID": "5600", "Channel": "Microsoft-Windows-WinINet-Config/ProxyConfigChanged", "Provider_Name": "Microsoft-Windows-WinINet-Config", "Computer": "DESKTOP-OFJ6N53", "TimeCreated": "2024-01-30 09:38:26.378881+00:00", "RecordID": "165", "Level": "4", "UserID": "S-1-5-21-963789628-1060504924-4285088085-1001", "EventData.fAutoDetect": "True", "EventData.pwszAutoConfigUrl": null, "EventData.pwszProxy": null, "EventData.pwszProxyBypass": null}
{"EventID": "5600", "Channel": "Microsoft-Windows-WinINet-Config/ProxyConfigChanged", "Provider_Name": "Microsoft-Windows-WinINet-Config", "Computer": "DESKTOP-OFJ6N53", "TimeCreated": "2024-02-06 12:26:57.353157+00:00", "RecordID": "166", "Level": "4", "UserID": "S-1-5-21-963789628-1060504924-4285088085-1001", "EventData.fAutoDetect": "True", "EventData.pwszAutoConfigUrl": null, "EventData.pwszProxy": null, "EventData.pwszProxyBypass": null}
{"EventID": "5600", "Channel": "Microsoft-Windows-WinINet-Config/ProxyConfigChanged", "Provider_Name": "Microsoft-Windows-WinINet-Config", "Computer": "DESKTOP-OFJ6N53", "TimeCreated": "2024-02-12 12:33:59.629927+00:00", "RecordID": "167", "Level": "4", "UserID": "S-1-5-21-963789628-1060504924-4285088085-1001", "EventData.fAutoDetect": "True", "EventData.pwszAutoConfigUrl": null, "EventData.pwszProxy": null, "EventData.pwszProxyBypass": null}
{"EventID": "5600", "Channel": "Microsoft-Windows-WinINet-Config/ProxyConfigChanged", "Provider_Name": "Microsoft-Windows-WinINet-Config", "Computer": "DESKTOP-OFJ6N53", "TimeCreated": "2024-02-12 14:06:38.784849+00:00", "RecordID": "168", "Level": "4", "UserID": "S-1-5-21-963789628-1060504924-4285088085-1001", "EventData.fAutoDetect": "True", "EventData.pwszAutoConfigUrl": null, "EventData.pwszProxy": null, "EventData.pwszProxyBypass": null}
{"EventID": "5600", "Channel": "Microsoft-Windows-WinINet-Config/ProxyConfigChanged", "Provider_Name": "Microsoft-Windows-WinINet-Config", "Computer": "DESKTOP-OFJ6N53", "TimeCreated": "2024-02-13 20:31:03.193586+00:00", "RecordID": "169", "Level": "4", "UserID": "S-1-5-21-963789628-1060504924-4285088085-1001", "EventData.fAutoDetect": "True", "EventData.pwszAutoConfigUrl": null, "EventData.pwszProxy": null, "EventData.pwszProxyBypass": null}
{"EventID": "5600", "Channel": "Microsoft-Windows-WinINet-Config/ProxyConfigChanged", "Provider_Name": "Microsoft-Windows-WinINet-Config", "Computer": "DESKTOP-OFJ6N53", "TimeCreated": "2024-02-14 17:04:22.222723+00:00", "RecordID": "170", "Level": "4", "UserID": "S-1-5-21-963789628-1060504924-4285088085-1001", "EventData.fAutoDetect": "True", "EventData.pwszAutoConfigUrl": null, "EventData.pwszProxy": null, "EventData.pwszProxyBypass": null}
{"EventID": "5600", "Channel": "Microsoft-Windows-WinINet-Config/ProxyConfigChanged", "Provider_Name": "Microsoft-Windows-WinINet-Config", "Computer": "DESKTOP-OFJ6N53", "TimeCreated": "2024-02-15 13:48:35.263052+00:00", "RecordID": "171", "Level": "4", "UserID": "S-1-5-21-963789628-1060504924-4285088085-1001", "EventData.fAutoDetect": "True", "EventData.pwszAutoConfigUrl": null, "EventData.pwszProxy": null, "EventData.pwszProxyBypass": null}
{"EventID": "5600", "Channel": "Microsoft-Windows-WinINet-Config/ProxyConfigChanged", "Provider_Name": "Microsoft-Windows-WinINet-Config", "Computer": "DESKTOP-OFJ6N53", "TimeCreated": "2024-02-16 13:32:19.413773+00:00", "RecordID": "172", "Level": "4", "UserID": "S-1-5-21-963789628-1060504924-4285088085-1001", "EventData.fAutoDetect": "True", "EventData.pwszAutoConfigUrl": null, "EventData.pwszProxy": null, "EventData.pwszProxyBypass": null}
{"EventID": "5600", "Channel": "Microsoft-Windows-WinINet-Config/ProxyConfigChanged", "Provider_Name": "Microsoft-Windows-WinINet-Config", "Computer": "DESKTOP-OFJ6N53", "TimeCreated": "2024-02-16 15:33:21.022263+00:00", "RecordID": "173", "Level": "4", "UserID": "S-1-5-21-963789628-1060504924-4285088085-1001", "EventData.fAutoDetect": "True", "EventData.pwszAutoConfigUrl": null, "EventData.pwszProxy": null, "EventData.pwszProxyBypass": null}
{"EventID": "5600", "Channel": "Microsoft-Windows-WinINet-Config/ProxyConfigChanged", "Provider_Name": "Microsoft-Windows-WinINet-Config", "Computer": "DESKTOP-OFJ6N53", "TimeCreated": "2024-02-16 17:34:52.679832+00:00", "RecordID": "174", "Level": "4", "UserID": "S-1-5-21-963789628-1060504924-4285088085-1001", "EventData.fAutoDetect": "True", "EventData.pwszAutoConfigUrl": null, "EventData.pwszProxy": null, "EventData.pwszProxyBypass": null}
{"EventID": "5600", "Channel": "Microsoft-Windows-WinINet-Config/ProxyConfigChanged", "Provider_Name": "Microsoft-Windows-WinINet-Config", "Computer": "DESKTOP-OFJ6N53", "TimeCreated": "2024-02-16 19:36:14.847460+00:00", "RecordID": "175", "Level": "4", "UserID": "S-1-5-21-963789628-1060504924-4285088085-1001", "EventData.fAutoDetect": "True", "EventData.pwszAutoConfigUrl": null, "EventData.pwszProxy": null, "EventData.pwszProxyBypass": null}
{"EventID": "5600", "Channel": "Microsoft-Windows-WinINet-Config/ProxyConfigChanged", "Provider_Name": "Microsoft-Windows-WinINet-Config", "Computer": "DESKTOP-OFJ6N53", "TimeCreated": "2024-02-18 19:57:24.921770+00:00", "RecordID": "176", "Level": "4", "UserID": "S-1-5-21-963789628-1060504924-4285088085-1001", "EventData.fAutoDetect": "True", "EventData.pwszAutoConfigUrl": null, "EventData.pwszProxy": null, "EventData.pwszProxyBypass": null}
{"EventID": "5600", "Channel": "Microsoft-Windows-WinINet-Config/ProxyConfigChanged", "Provider_Name": "Microsoft-Windows-WinINet-Config", "Computer": "DESKTOP-OFJ6N53", "TimeCreated": "2024-02-19 09:41:22.089771+00:00", "RecordID": "177", "Level": "4", "UserID": "S-1-5-21-963789628-1060504924-4285088085-1001", "EventData.fAutoDetect": "True", "EventData.pwszAutoConfigUrl": null, "EventData.pwszProxy": null, "EventData.pwszProxyBypass": null}
{"EventID": "5600", "Channel": "Microsoft-Windows-WinINet-Config/ProxyConfigChanged", "Provider_Name": "Microsoft-Windows-WinINet-Config", "Computer": "DESKTOP-OFJ6N53", "TimeCreated": "2024-02-19 15:43:06.072514+00:00", "RecordID": "178", "Level": "4", "UserID": "S-1-5-21-963789628-1060504924-4285088085-1001", "EventData.fAutoDetect": "True", "EventData.pwszAutoConfigUrl": null, "EventData.pwszProxy": null, "EventData.pwszProxyBypass": null}
{"EventID": "5600", "Channel": "Microsoft-Windows-WinINet-Config/ProxyConfigChanged", "Provider_Name": "Microsoft-Windows-WinINet-Config", "Computer": "DESKTOP-OFJ6N53", "TimeCreated": "2024-02-20 13:27:53.941328+00:00", "RecordID": "179", "Level": "4", "UserID": "S-1-5-21-963789628-1060504924-4285088085-1001", "EventData.fAutoDetect": "True", "EventData.pwszAutoConfigUrl": null, "EventData.pwszProxy": null, "EventData.pwszProxyBypass": null}
{"EventID": "5600", "Channel": "Microsoft-Windows-WinINet-Config/ProxyConfigChanged", "Provider_Name": "Microsoft-Windows-WinINet-Config", "Computer": "DESKTOP-OFJ6N53", "TimeCreated": "2024-02-20 15:59:25.487400+00:00", "RecordID": "180", "Level": "4", "UserID": "S-1-5-21-963789628-1060504924-4285088085-1001", "EventData.fAutoDetect": "True", "EventData.pwszAutoConfigUrl": null, "EventData.pwszProxy": null, "EventData.pwszProxyBypass": null}
{"EventID": "5600", "Channel": "Microsoft-Windows-WinINet-Config/ProxyConfigChanged", "Provider_Name": "Microsoft-Windows-WinINet-Config", "Computer": "DESKTOP-OFJ6N53", "TimeCreated": "2024-02-20 18:00:56.809488+00:00", "RecordID": "181", "Level": "4", "UserID": "S-1-5-21-963789628-1060504924-4285088085-1001", "EventData.fAutoDetect": "True", "EventData.pwszAutoConfigUrl": null, "EventData.pwszProxy": null, "EventData.pwszProxyBypass": null}
{"EventID": "5600", "Channel": "Microsoft-Windows-WinINet-Config/ProxyConfigChanged", "Provider_Name": "Microsoft-Windows-WinINet-Config", "Computer": "DESKTOP-OFJ6N53", "TimeCreated": "2024-02-20 20:02:57.260662+00:00", "RecordID": "182", "Level": "4", "UserID": "S-1-5-21-963789628-1060504924-4285088085-1001", "EventData.fAutoDetect": "True", "EventData.pwszAutoConfigUrl": null, "EventData.pwszProxy": null, "EventData.pwszProxyBypass": null}
{"EventID": "5600", "Channel": "Microsoft-Windows-WinINet-Config/ProxyConfigChanged", "Provider_Name": "Microsoft-Windows-WinINet-Config", "Computer": "DESKTOP-OFJ6N53", "TimeCreated": "2024-02-21 09:46:16.699736+00:00", "RecordID": "183", "Level": "4", "UserID": "S-1-5-21-963789628-1060504924-4285088085-1001", "EventData.fAutoDetect": "True", "EventData.pwszAutoConfigUrl": null, "EventData.pwszProxy": null, "EventData.pwszProxyBypass": null}
{"EventID": "5600", "Channel": "Microsoft-Windows-WinINet-Config/ProxyConfigChanged", "Provider_Name": "Microsoft-Windows-WinINet-Config", "Computer": "DESKTOP-OFJ6N53", "TimeCreated": "2024-02-21 11:50:39.237659+00:00", "RecordID": "184", "Level": "4", "UserID": "S-1-5-21-963789628-1060504924-4285088085-1001", "EventData.fAutoDetect": "True", "EventData.pwszAutoConfigUrl": null, "EventData.pwszProxy": null, "EventData.pwszProxyBypass": null}
{"EventID": "5600", "Channel": "Microsoft-Windows-WinINet-Config/ProxyConfigChanged", "Provider_Name": "Microsoft-Windows-WinINet-Config", "Computer": "DESKTOP-OFJ6N53", "TimeCreated": "2024-02-21 13:53:39.655964+00:00", "RecordID": "185", "Level": "4", "UserID": "S-1-5-21-963789628-1060504924-4285088085-1001", "EventData.fAutoDetect": "True", "EventData.pwszAutoConfigUrl": null, "EventData.pwszProxy": null, "EventData.pwszProxyBypass": null}
{"EventID": "5600", "Channel": "Microsoft-Windows-WinINet-Config/ProxyConfigChanged", "Provider_Name": "Microsoft-Windows-WinINet-Config", "Computer": "DESKTOP-OFJ6N53", "TimeCreated": "2024-02-21 15:54:08.917042+00:00", "RecordID": "186", "Level": "4", "UserID": "S-1-5-21-963789628-1060504924-4285088085-1001", "EventData.fAutoDetect": "True", "EventData.pwszAutoConfigUrl": null, "EventData.pwszProxy": null, "EventData.pwszProxyBypass": null}
{"EventID": "5600", "Channel": "Microsoft-Windows-WinINet-Config/ProxyConfigChanged", "Provider_Name": "Microsoft-Windows-WinINet-Config", "Computer": "DESKTOP-OFJ6N53", "TimeCreated": "2024-02-21 17:56:13.760010+00:00", "RecordID": "187", "Level": "4", "UserID": "S-1-5-21-963789628-1060504924-4285088085-1001", "EventData.fAutoDetect": "True", "EventData.pwszAutoConfigUrl": null, "EventData.pwszProxy": null, "EventData.pwszProxyBypass": null}
{"EventID": "5600", "Channel": "Microsoft-Windows-WinINet-Config/ProxyConfigChanged", "Provider_Name": "Microsoft-Windows-WinINet-Config", "Computer": "DESKTOP-OFJ6N53", "TimeCreated": "2024-03-14 13:18:31.520351+00:00", "RecordID": "188", "Level": "4", "UserID": "S-1-5-21-963789628-1060504924-4285088085-1001", "EventData.fAutoDetect": "True", "EventData.pwszAutoConfigUrl": null, "EventData.pwszProxy": null, "EventData.pwszProxyBypass": null}
{"EventID": "5600", "Channel": "Microsoft-Windows-WinINet-Config/ProxyConfigChanged", "Provider_Name": "Microsoft-Windows-WinINet-Config", "Computer": "DESKTOP-OFJ6N53", "TimeCreated": "2024-03-15 12:31:46.102314+00:00", "RecordID": "189", "Level": "4", "UserID": "S-1-5-21-963789628-1060504924-4285088085-1001", "EventData.fAutoDetect": "True", "EventData.pwszAutoConfigUrl": null, "EventData.pwszProxy": null, "EventData.pwszProxyBypass": null}
{"EventID": "5600", "Channel": "Microsoft-Windows-WinINet-Config/ProxyConfigChanged", "Provider_Name": "Microsoft-Windows-WinINet-Config", "Computer": "DESKTOP-OFJ6N53", "TimeCreated": "2024-03-18 09:41:10.481714+00:00", "RecordID": "190", "Level": "4", "UserID": "S-1-5-21-963789628-1060504924-4285088085-1001", "EventData.fAutoDetect": "True", "EventData.pwszAutoConfigUrl": null, "EventData.pwszProxy": null, "EventData.pwszProxyBypass": null}
{"EventID": "5600", "Channel": "Microsoft-Windows-WinINet-Config/ProxyConfigChanged", "Provider_Name": "Microsoft-Windows-WinINet-Config", "Computer": "DESKTOP-OFJ6N53", "TimeCreated": "2024-03-20 13:52:10.875473+00:00", "RecordID": "191", "Level": "4", "UserID": "S-1-5-21-963789628-1060504924-4285088085-1001", "EventData.fAutoDetect": "True", "EventData.pwszAutoConfigUrl": null, "EventData.pwszProxy": null, "EventData.pwszProxyBypass": null}
{"EventID": "5600", "Channel": "Microsoft-Windows-WinINet-Config/ProxyConfigChanged", "Provider_Name": "Microsoft-Windows-WinINet-Config", "Computer": "DESKTOP-OFJ6N53", "TimeCreated": "2024-03-21 16:47:30.997320+00:00", "RecordID": "192", "Level": "4", "UserID": "S-1-5-21-963789628-1060504924-4285088085-1001", "EventData.fAutoDetect": "True", "EventData.pwszAutoConfigUrl": null, "EventData.pwszProxy": null, "EventData.pwszProxyBypass": null}
{"EventID": "5600", "Channel": "Microsoft-Windows-WinINet-Config/ProxyConfigChanged", "Provider_Name": "Microsoft-Windows-WinINet-Config", "Computer": "DESKTOP-OFJ6N53", "TimeCreated": "2024-03-25 09:33:41.636137+00:00", "RecordID": "193", "Level": "4", "UserID": "S-1-5-21-963789628-1060504924-4285088085-1001", "EventData.fAutoDetect": "True", "EventData.pwszAutoConfigUrl": null, "EventData.pwszProxy": null, "EventData.pwszProxyBypass": null}
{"EventID": "5600", "Channel": "Microsoft-Windows-WinINet-Config/ProxyConfigChanged", "Provider_Name": "Microsoft-Windows-WinINet-Config", "Computer": "DESKTOP-OFJ6N53", "TimeCreated": "2024-03-26 17:13:42.851122+00:00", "RecordID": "194", "Level": "4", "UserID": "S-1-5-21-963789628-1060504924-4285088085-1001", "EventData.fAutoDetect": "True", "EventData.pwszAutoConfigUrl": null, "EventData.pwszProxy": null, "EventData.pwszProxyBypass": null}
{"EventID": "5600", "Channel": "Microsoft-Windows-WinINet-Config/ProxyConfigChanged", "Provider_Name": "Microsoft-Windows-WinINet-Config", "Computer": "DESKTOP-OFJ6N53", "TimeCreated": "2024-04-08 16:07:38.666342+00:00", "RecordID": "195", "Level": "4", "UserID": "S-1-5-21-963789628-1060504924-4285088085-1001", "EventData.fAutoDetect": "True", "EventData.pwszAutoConfigUrl": null, "EventData.pwszProxy": null, "EventData.pwszProxyBypass": null}
{"EventID": "5600", "Channel": "Microsoft-Windows-WinINet-Config/ProxyConfigChanged", "Provider_Name": "Microsoft-Windows-WinINet-Config", "Computer": "DESKTOP-OFJ6N53", "TimeCreated": "2024-04-22 17:45:06.632820+00:00", "RecordID": "196", "Level": "4", "UserID": "S-1-5-21-963789628-1060504924-4285088085-1001", "EventData.fAutoDetect": "True", "EventData.pwszAutoConfigUrl": null, "EventData.pwszProxy": null, "EventData.pwszProxyBypass": null}
{"EventID": "5600", "Channel": "Microsoft-Windows-WinINet-Config/ProxyConfigChanged", "Provider_Name": "Microsoft-Windows-WinINet-Config", "Computer": "DESKTOP-OFJ6N53", "TimeCreated": "2024-04-23 12:46:42.727661+00:00", "RecordID": "197", "Level": "4", "UserID": "S-1-5-21-963789628-1060504924-4285088085-1001", "EventData.fAutoDetect": "True", "EventData.pwszAutoConfigUrl": null, "EventData.pwszProxy": null, "EventData.pwszProxyBypass": null}
{"EventID": "5600", "Channel": "Microsoft-Windows-WinINet-Config/ProxyConfigChanged", "Provider_Name": "Microsoft-Windows-WinINet-Config", "Computer": "DESKTOP-OFJ6N53", "TimeCreated": "2024-04-24 15:13:11.857258+00:00", "RecordID": "198", "Level": "4", "UserID": "S-1-5-21-963789628-1060504924-4285088085-1001", "EventData.fAutoDetect": "True", "EventData.pwszAutoConfigUrl": null, "EventData.pwszProxy": null, "EventData.pwszProxyBypass": null}
{"EventID": "5600", "Channel": "Microsoft-Windows-WinINet-Config/ProxyConfigChanged", "Provider_Name": "Microsoft-Windows-WinINet-Config", "Computer": "DESKTOP-OFJ6N53", "TimeCreated": "2024-04-26 10:34:31.903862+00:00", "RecordID": "199", "Level": "4", "UserID": "S-1-5-21-963789628-1060504924-4285088085-1001", "EventData.fAutoDetect": "True", "EventData.pwszAutoConfigUrl": null, "EventData.pwszProxy": null, "EventData.pwszProxyBypass": null}
{"EventID": "5600", "Channel": "Microsoft-Windows-WinINet-Config/ProxyConfigChanged", "Provider_Name": "Microsoft-Windows-WinINet-Config", "Computer": "DESKTOP-OFJ6N53", "TimeCreated": "2024-04-26 14:19:13.675837+00:00", "RecordID": "200", "Level": "4", "UserID": "S-1-5-21-963789628-1060504924-4285088085-1001", "EventData.fAutoDetect": "True", "EventData.pwszAutoConfigUrl": null, "EventData.pwszProxy": null, "EventData.pwszProxyBypass": null}
{"EventID": "5600", "Channel": "Microsoft-Windows-WinINet-Config/ProxyConfigChanged", "Provider_Name": "Microsoft-Windows-WinINet-Config", "Computer": "DESKTOP-OFJ6N53", "TimeCreated": "2024-04-29 10:25:36.556023+00:00", "RecordID": "201", "Level": "4", "UserID": "S-1-5-21-963789628-1060504924-4285088085-1001", "EventData.fAutoDetect": "True", "EventData.pwszAutoConfigUrl": null, "EventData.pwszProxy": null, "EventData.pwszProxyBypass": null}
{"EventID": "5600", "Channel": "Microsoft-Windows-WinINet-Config/ProxyConfigChanged", "Provider_Name": "Microsoft-Windows-WinINet-Config", "Computer": "DESKTOP-OFJ6N53", "TimeCreated": "2024-05-02 11:23:05.494213+00:00", "RecordID": "202", "Level": "4", "UserID": "S-1-5-21-963789628-1060504924-4285088085-1001", "EventData.fAutoDetect": "True", "EventData.pwszAutoConfigUrl": null, "EventData.pwszProxy": null, "EventData.pwszProxyBypass": null}
{"EventID": "5600", "Channel": "Microsoft-Windows-WinINet-Config/ProxyConfigChanged", "Provider_Name": "Microsoft-Windows-WinINet-Config", "Computer": "DESKTOP-OFJ6N53", "TimeCreated": "2024-05-02 14:52:16.980072+00:00", "RecordID": "203", "Level": "4", "UserID": "S-1-5-21-963789628-1060504924-4285088085-1001", "EventData.fAutoDetect": "True", "EventData.pwszAutoConfigUrl": null, "EventData.pwszProxy": null, "EventData.pwszProxyBypass": null}
{"EventID": "5600", "Channel": "Microsoft-Windows-WinINet-Config/ProxyConfigChanged", "Provider_Name": "Microsoft-Windows-WinINet-Config", "Computer": "DESKTOP-OFJ6N53", "TimeCreated": "2024-05-03 10:38:12.560083+00:00", "RecordID": "204", "Level": "4", "UserID": "S-1-5-21-963789628-1060504924-4285088085-1001", "EventData.fAutoDetect": "True", "EventData.pwszAutoConfigUrl": null, "EventData.pwszProxy": null, "EventData.pwszProxyBypass": null}
{"EventID": "5600", "Channel": "Microsoft-Windows-WinINet-Config/ProxyConfigChanged", "Provider_Name": "Microsoft-Windows-WinINet-Config", "Computer": "DESKTOP-OFJ6N53", "TimeCreated": "2024-05-08 08:53:53.531384+00:00", "RecordID": "205", "Level": "4", "UserID": "S-1-5-21-963789628-1060504924-4285088085-1001", "EventData.fAutoDetect": "True", "EventData.pwszAutoConfigUrl": null, "EventData.pwszProxy": null, "EventData.pwszProxyBypass": null}
{"EventID": "5600", "Channel": "Microsoft-Windows-WinINet-Config/ProxyConfigChanged", "Provider_Name": "Microsoft-Windows-WinINet-Config", "Computer": "DESKTOP-OFJ6N53", "TimeCreated": "2024-05-08 09:22:41.528467+00:00", "RecordID": "206", "Level": "4", "UserID": "S-1-5-21-963789628-1060504924-4285088085-1001", "EventData.fAutoDetect": "True", "EventData.pwszAutoConfigUrl": null, "EventData.pwszProxy": null, "EventData.pwszProxyBypass": null}
{"EventID": "5600", "Channel": "Microsoft-Windows-WinINet-Config/ProxyConfigChanged", "Provider_Name": "Microsoft-Windows-WinINet-Config", "Computer": "DESKTOP-OFJ6N53", "TimeCreated": "2024-05-13 15:25:56.355593+00:00", "RecordID": "207", "Level": "4", "UserID": "S-1-5-21-963789628-1060504924-4285088085-1001", "EventData.fAutoDetect": "True", "EventData.pwszAutoConfigUrl": null, "EventData.pwszProxy": null, "EventData.pwszProxyBypass": null}
{"EventID": "5600", "Channel": "Microsoft-Windows-WinINet-Config/ProxyConfigChanged", "Provider_Name": "Microsoft-Windows-WinINet-Config", "Computer": "DESKTOP-OFJ6N53", "TimeCreated": "2024-05-24 14:52:15.956966+00:00", "RecordID": "208", "Level": "4", "UserID": "S-1-5-21-963789628-1060504924-4285088085-1001", "EventData.fAutoDetect": "True", "EventData.pwszAutoConfigUrl": null, "EventData.pwszProxy": null, "EventData.pwszProxyBypass": null}
{"EventID": "5600", "Channel": "Microsoft-Windows-WinINet-Config/ProxyConfigChanged", "Provider_Name": "Microsoft-Windows-WinINet-Config", "Computer": "DESKTOP-OFJ6N53", "TimeCreated": "2024-05-29 10:10:02.673208+00:00", "RecordID": "209", "Level": "4", "UserID": "S-1-5-21-963789628-1060504924-4285088085-1001", "EventData.fAutoDetect": "True", "EventData.pwszAutoConfigUrl": null, "EventData.pwszProxy": null, "EventData.pwszProxyBypass": null}
{"EventID": "5600", "Channel": "Microsoft-Windows-WinINet-Config/ProxyConfigChanged", "Provider_Name": "Microsoft-Windows-WinINet-Config", "Computer": "DESKTOP-OFJ6N53", "TimeCreated": "2024-05-30 11:32:26.041149+00:00", "RecordID": "210", "Level": "4", "UserID": "S-1-5-21-963789628-1060504924-4285088085-1001", "EventData.fAutoDetect": "True", "EventData.pwszAutoConfigUrl": null, "EventData.pwszProxy": null, "EventData.pwszProxyBypass": null}
{"EventID": "5600", "Channel": "Microsoft-Windows-WinINet-Config/ProxyConfigChanged", "Provider_Name": "Microsoft-Windows-WinINet-Config", "Computer": "DESKTOP-OFJ6N53", "TimeCreated": "2024-05-30 15:05:57.356863+00:00", "RecordID": "211", "Level": "4", "UserID": "S-1-5-21-963789628-1060504924-4285088085-1001", "EventData.fAutoDetect": "True", "EventData.pwszAutoConfigUrl": null, "EventData.pwszProxy": null, "EventData.pwszProxyBypass": null}
{"EventID": "5600", "Channel": "Microsoft-Windows-WinINet-Config/ProxyConfigChanged", "Provider_Name": "Microsoft-Windows-WinINet-Config", "Computer": "DESKTOP-OFJ6N53", "TimeCreated": "2024-07-03 13:19:18.648829+00:00", "RecordID": "212", "Level": "4", "UserID": "S-1-5-21-963789628-1060504924-4285088085-1001", "EventData.fAutoDetect": "True", "EventData.pwszAutoConfigUrl": null, "EventData.pwszProxy": null, "EventData.pwszProxyBypass": null}
{"EventID": "5600", "Channel": "Microsoft-Windows-WinINet-Config/ProxyConfigChanged", "Provider_Name": "Microsoft-Windows-WinINet-Config", "Computer": "DESKTOP-OFJ6N53", "TimeCreated": "2024-07-16 18:22:41.106142+00:00", "RecordID": "213", "Level": "4", "UserID": "S-1-5-21-963789628-1060504924-4285088085-1001", "EventData.fAutoDetect": "True", "EventData.pwszAutoConfigUrl": null, "EventData.pwszProxy": null, "EventData.pwszProxyBypass": null}
{"EventID": "5600", "Channel": "Microsoft-Windows-WinINet-Config/ProxyConfigChanged", "Provider_Name": "Microsoft-Windows-WinINet-Config", "Computer": "DESKTOP-OFJ6N53", "TimeCreated": "2024-07-24 12:47:50.919859+00:00", "RecordID": "214", "Level": "4", "UserID": "S-1-5-21-963789628-1060504924-4285088085-1001", "EventData.fAutoDetect": "True", "EventData.pwszAutoConfigUrl": null, "EventData.pwszProxy": null, "EventData.pwszProxyBypass": null}
{"EventID": "5600", "Channel": "Microsoft-Windows-WinINet-Config/ProxyConfigChanged", "Provider_Name": "Microsoft-Windows-WinINet-Config", "Computer": "DESKTOP-OFJ6N53", "TimeCreated": "2024-07-24 21:01:09.530924+00:00", "RecordID": "215", "Level": "4", "UserID": "S-1-5-21-963789628-1060504924-4285088085-1001", "EventData.fAutoDetect": "True", "EventData.pwszAutoConfigUrl": null, "EventData.pwszProxy": null, "EventData.pwszProxyBypass": null}
{"EventID": "5600", "Channel": "Microsoft-Windows-WinINet-Config/ProxyConfigChanged", "Provider_Name": "Microsoft-Windows-WinINet-Config", "Computer": "DESKTOP-OFJ6N53", "TimeCreated": "2024-07-25 20:13:14.045874+00:00", "RecordID": "216", "Level": "4", "UserID": "S-1-5-21-963789628-1060504924-4285088085-1001", "EventData.fAutoDetect": "True", "EventData.pwszAutoConfigUrl": null, "EventData.pwszProxy": null, "EventData.pwszProxyBypass": null}
{"EventID": "5600", "Channel": "Microsoft-Windows-WinINet-Config/ProxyConfigChanged", "Provider_Name": "Microsoft-Windows-WinINet-Config", "Computer": "DESKTOP-OFJ6N53", "TimeCreated": "2024-07-25 20:13:45.763332+00:00", "RecordID": "217", "Level": "4", "UserID": "S-1-5-21-963789628-1060504924-4285088085-1001", "EventData.fAutoDetect": "True", "EventData.pwszAutoConfigUrl": null, "EventData.pwszProxy": null, "EventData.pwszProxyBypass": null}
{"EventID": "5600", "Channel": "Microsoft-Windows-WinINet-Config/ProxyConfigChanged", "Provider_Name": "Microsoft-Windows-WinINet-Config", "Computer": "DESKTOP-OFJ6N53", "TimeCreated": "2024-07-25 20:13:57.627047+00:00", "RecordID": "218", "Level": "4", "UserID": "S-1-5-21-963789628-1060504924-4285088085-1001", "EventData.fAutoDetect": "True", "EventData.pwszAutoConfigUrl": null, "EventData.pwszProxy": null, "EventData.pwszProxyBypass": null}
{"EventID": "5600", "Channel": "Microsoft-Windows-WinINet-Config/ProxyConfigChanged", "Provider_Name": "Microsoft-Windows-WinINet-Config", "Computer": "DESKTOP-OFJ6N53", "TimeCreated": "2024-07-25 20:23:12.539253+00:00", "RecordID": "219", "Level": "4", "UserID": "S-1-5-21-963789628-1060504924-4285088085-1001", "EventData.fAutoDetect": "True", "EventData.pwszAutoConfigUrl": null, "EventData.pwszProxy": null, "EventData.pwszProxyBypass": null}
{"EventID": "5600", "Channel": "Microsoft-Windows-WinINet-Config/ProxyConfigChanged", "Provider_Name": "Microsoft-Windows-WinINet-Config", "Computer": "DESKTOP-OFJ6N53", "TimeCreated": "2024-07-25 20:24:07.254984+00:00", "RecordID": "220", "Level": "4", "UserID": "S-1-5-21-963789628-1060504924-4285088085-1001", "EventData.fAutoDetect": "True", "EventData.pwszAutoConfigUrl": null, "EventData.pwszProxy": null, "EventData.pwszProxyBypass": null}
{"EventID": "5600", "Channel": "Microsoft-Windows-WinINet-Config/ProxyConfigChanged", "Provider_Name": "Microsoft-Windows-WinINet-Config", "Computer": "DESKTOP-OFJ6N53", "TimeCreated": "2024-07-25 20:30:07.376244+00:00", "RecordID": "221", "Level": "4", "UserID": "S-1-5-21-963789628-1060504924-4285088085-1001", "EventData.fAutoDetect": "True", "EventData.pwszAutoConfigUrl": null, "EventData.pwszProxy": null, "EventData.pwszProxyBypass": null}
{"EventID": "5600", "Channel": "Microsoft-Windows-WinINet-Config/ProxyConfigChanged", "Provider_Name": "Microsoft-Windows-WinINet-Config", "Computer": "DESKTOP-OFJ6N53", "TimeCreated": "2024-07-25 20:56:43.021059+00:00", "RecordID": "222", "Level": "4", "UserID": "S-1-5-21-963789628-1060504924-4285088085-1001", "EventData.fAutoDetect": "True", "EventData.pwszAutoConfigUrl": null, "EventData.pwszProxy": null, "EventData.pwszProxyBypass": null}
{"EventID": "5600", "Channel": "Microsoft-Windows-WinINet-Config/ProxyConfigChanged", "Provider_Name": "Microsoft-Windows-WinINet-Config", "Computer": "DESKTOP-OFJ6N53", "TimeCreated": "2024-08-28 10:19:08.328495+00:00", "RecordID": "223", "Level": "4", "UserID": "S-1-5-21-963789628-1060504924-4285088085-1001", "EventData.fAutoDetect": "True", "EventData.pwszAutoConfigUrl": null, "EventData.pwszProxy": null, "EventData.pwszProxyBypass": null}
