{"EventID": "40", "Channel": "Microsoft-Windows-TerminalServices-LocalSessionManager/Operational", "Provider_Name": "Microsoft-Windows-TerminalServices-LocalSessionManager", "Computer": "DESKTOP-OFJ6N53", "TimeCreated": "2025-04-01 16:01:59.807619+00:00", "RecordID": "7405", "Level": "4", "UserID": "S-1-5-18"}
{"EventID": "40", "Channel": "Microsoft-Windows-TerminalServices-LocalSessionManager/Operational", "Provider_Name": "Microsoft-Windows-TerminalServices-LocalSessionManager", "Computer": "DESKTOP-OFJ6N53", "TimeCreated": "2025-04-01 16:01:59.893166+00:00", "RecordID": "7406", "Level": "4", "UserID": "S-1-5-18"}
{"EventID": "25", "Channel": "Microsoft-Windows-TerminalServices-LocalSessionManager/Operational", "Provider_Name": "Microsoft-Windows-TerminalServices-LocalSessionManager", "Computer": "DESKTOP-OFJ6N53", "TimeCreated": "2025-04-01 16:02:00.274801+00:00", "RecordID": "7407", "Level": "4", "UserID": "S-1-5-18"}
{"EventID": "42", "Channel": "Microsoft-Windows-TerminalServices-LocalSessionManager/Operational", "Provider_Name": "Microsoft-Windows-TerminalServices-LocalSessionManager", "Computer": "DESKTOP-OFJ6N53", "TimeCreated": "2025-04-01 16:02:00.335079+00:00", "RecordID": "7408", "Level": "4", "UserID": "S-1-5-18"}
{"EventID": "23", "Channel": "Microsoft-Windows-TerminalServices-LocalSessionManager/Operational", "Provider_Name": "Microsoft-Windows-TerminalServices-LocalSessionManager", "Computer": "DESKTOP-OFJ6N53", "TimeCreated": "2025-04-01 16:02:24.427067+00:00", "RecordID": "7409", "Level": "4", "UserID": "S-1-5-18"}
{"EventID": "54", "Channel": "Microsoft-Windows-TerminalServices-LocalSessionManager/Operational", "Provider_Name": "Microsoft-Windows-TerminalServices-LocalSessionManager", "Computer": "DESKTOP-OFJ6N53", "TimeCreated": "2025-04-01 16:02:24.615629+00:00", "RecordID": "7410", "Level": "4", "UserID": "S-1-5-18"}
{"EventID": "32", "Channel": "Microsoft-Windows-TerminalServices-LocalSessionManager/Operational", "Provider_Name": "Microsoft-Windows-TerminalServices-LocalSessionManager", "Computer": "DESKTOP-OFJ6N53", "TimeCreated": "2025-04-01 16:03:30.384329+00:00", "RecordID": "7411", "Level": "4", "UserID": "S-1-5-18"}
{"EventID": "41", "Channel": "Microsoft-Windows-TerminalServices-LocalSessionManager/Operational", "Provider_Name": "Microsoft-Windows-TerminalServices-LocalSessionManager", "Computer": "DESKTOP-OFJ6N53", "TimeCreated": "2025-04-01 16:03:32.151857+00:00", "RecordID": "7412", "Level": "4", "UserID": "S-1-5-18"}
{"EventID": "42", "Channel": "Microsoft-Windows-TerminalServices-LocalSessionManager/Operational", "Provider_Name": "Microsoft-Windows-TerminalServices-LocalSessionManager", "Computer": "DESKTOP-OFJ6N53", "TimeCreated": "2025-04-01 16:03:32.159513+00:00", "RecordID": "7413", "Level": "4", "UserID": "S-1-5-18"}
{"EventID": "21", "Channel": "Microsoft-Windows-TerminalServices-LocalSessionManager/Operational", "Provider_Name": "Microsoft-Windows-TerminalServices-LocalSessionManager", "Computer": "DESKTOP-OFJ6N53", "TimeCreated": "2025-04-01 16:03:47.054789+00:00", "RecordID": "7414", "Level": "4", "UserID": "S-1-5-18"}
{"EventID": "22", "Channel": "Microsoft-Windows-TerminalServices-LocalSessionManager/Operational", "Provider_Name": "Microsoft-Windows-TerminalServices-LocalSessionManager", "Computer": "DESKTOP-OFJ6N53", "TimeCreated": "2025-04-01 16:03:47.171934+00:00", "RecordID": "7415", "Level": "4", "UserID": "S-1-5-18"}
{"EventID": "40", "Channel": "Microsoft-Windows-TerminalServices-LocalSessionManager/Operational", "Provider_Name": "Microsoft-Windows-TerminalServices-LocalSessionManager", "Computer": "DESKTOP-OFJ6N53", "TimeCreated": "2025-04-02 09:13:37.962111+00:00", "RecordID": "7416", "Level": "4", "UserID": "S-1-5-18"}
{"EventID": "24", "Channel": "Microsoft-Windows-TerminalServices-LocalSessionManager/Operational", "Provider_Name": "Microsoft-Windows-TerminalServices-LocalSessionManager", "Computer": "DESKTOP-OFJ6N53", "TimeCreated": "2025-04-02 09:13:38.173218+00:00", "RecordID": "7417", "Level": "4", "UserID": "S-1-5-18"}
{"EventID": "25", "Channel": "Microsoft-Windows-TerminalServices-LocalSessionManager/Operational", "Provider_Name": "Microsoft-Windows-TerminalServices-LocalSessionManager", "Computer": "DESKTOP-OFJ6N53", "TimeCreated": "2025-04-02 09:13:39.704000+00:00", "RecordID": "7418", "Level": "4", "UserID": "S-1-5-18"}
{"EventID": "23", "Channel": "Microsoft-Windows-TerminalServices-LocalSessionManager/Operational", "Provider_Name": "Microsoft-Windows-TerminalServices-LocalSessionManager", "Computer": "DESKTOP-OFJ6N53", "TimeCreated": "2025-04-02 09:17:36.796824+00:00", "RecordID": "7419", "Level": "4", "UserID": "S-1-5-18"}
{"EventID": "54", "Channel": "Microsoft-Windows-TerminalServices-LocalSessionManager/Operational", "Provider_Name": "Microsoft-Windows-TerminalServices-LocalSessionManager", "Computer": "DESKTOP-OFJ6N53", "TimeCreated": "2025-04-02 09:17:36.918730+00:00", "RecordID": "7420", "Level": "4", "UserID": "S-1-5-18"}
{"EventID": "40", "Channel": "Microsoft-Windows-TerminalServices-LocalSessionManager/Operational", "Provider_Name": "Microsoft-Windows-TerminalServices-LocalSessionManager", "Computer": "DESKTOP-OFJ6N53", "TimeCreated": "2025-04-02 09:17:56.996538+00:00", "RecordID": "7421", "Level": "4", "UserID": "S-1-5-18"}
{"EventID": "24", "Channel": "Microsoft-Windows-TerminalServices-LocalSessionManager/Operational", "Provider_Name": "Microsoft-Windows-TerminalServices-LocalSessionManager", "Computer": "DESKTOP-OFJ6N53", "TimeCreated": "2025-04-02 09:17:57.393444+00:00", "RecordID": "7422", "Level": "4", "UserID": "S-1-5-18"}
{"EventID": "32", "Channel": "Microsoft-Windows-TerminalServices-LocalSessionManager/Operational", "Provider_Name": "Microsoft-Windows-TerminalServices-LocalSessionManager", "Computer": "DESKTOP-OFJ6N53", "TimeCreated": "2025-04-02 09:18:21.002186+00:00", "RecordID": "7423", "Level": "4", "UserID": "S-1-5-18"}
{"EventID": "41", "Channel": "Microsoft-Windows-TerminalServices-LocalSessionManager/Operational", "Provider_Name": "Microsoft-Windows-TerminalServices-LocalSessionManager", "Computer": "DESKTOP-OFJ6N53", "TimeCreated": "2025-04-02 09:18:22.187168+00:00", "RecordID": "7424", "Level": "4", "UserID": "S-1-5-18"}
{"EventID": "42", "Channel": "Microsoft-Windows-TerminalServices-LocalSessionManager/Operational", "Provider_Name": "Microsoft-Windows-TerminalServices-LocalSessionManager", "Computer": "DESKTOP-OFJ6N53", "TimeCreated": "2025-04-02 09:18:22.197674+00:00", "RecordID": "7425", "Level": "4", "UserID": "S-1-5-18"}
{"EventID": "21", "Channel": "Microsoft-Windows-TerminalServices-LocalSessionManager/Operational", "Provider_Name": "Microsoft-Windows-TerminalServices-LocalSessionManager", "Computer": "DESKTOP-OFJ6N53", "TimeCreated": "2025-04-02 09:18:40.261639+00:00", "RecordID": "7426", "Level": "4", "UserID": "S-1-5-18"}
{"EventID": "22", "Channel": "Microsoft-Windows-TerminalServices-LocalSessionManager/Operational", "Provider_Name": "Microsoft-Windows-TerminalServices-LocalSessionManager", "Computer": "DESKTOP-OFJ6N53", "TimeCreated": "2025-04-02 09:18:40.388830+00:00", "RecordID": "7427", "Level": "4", "UserID": "S-1-5-18"}
{"EventID": "40", "Channel": "Microsoft-Windows-TerminalServices-LocalSessionManager/Operational", "Provider_Name": "Microsoft-Windows-TerminalServices-LocalSessionManager", "Computer": "DESKTOP-OFJ6N53", "TimeCreated": "2025-04-02 09:19:53.398624+00:00", "RecordID": "7428", "Level": "4", "UserID": "S-1-5-18"}
{"EventID": "24", "Channel": "Microsoft-Windows-TerminalServices-LocalSessionManager/Operational", "Provider_Name": "Microsoft-Windows-TerminalServices-LocalSessionManager", "Computer": "DESKTOP-OFJ6N53", "TimeCreated": "2025-04-02 09:19:53.637602+00:00", "RecordID": "7429", "Level": "4", "UserID": "S-1-5-18"}
{"EventID": "25", "Channel": "Microsoft-Windows-TerminalServices-LocalSessionManager/Operational", "Provider_Name": "Microsoft-Windows-TerminalServices-LocalSessionManager", "Computer": "DESKTOP-OFJ6N53", "TimeCreated": "2025-04-02 09:19:55.964966+00:00", "RecordID": "7430", "Level": "4", "UserID": "S-1-5-18"}
{"EventID": "54", "Channel": "Microsoft-Windows-TerminalServices-LocalSessionManager/Operational", "Provider_Name": "Microsoft-Windows-TerminalServices-LocalSessionManager", "Computer": "DESKTOP-OFJ6N53", "TimeCreated": "2025-04-02 09:30:27.881666+00:00", "RecordID": "7431", "Level": "4", "UserID": "S-1-5-18"}
{"EventID": "23", "Channel": "Microsoft-Windows-TerminalServices-LocalSessionManager/Operational", "Provider_Name": "Microsoft-Windows-TerminalServices-LocalSessionManager", "Computer": "DESKTOP-OFJ6N53", "TimeCreated": "2025-04-02 09:30:30.552828+00:00", "RecordID": "7432", "Level": "4", "UserID": "S-1-5-18"}
{"EventID": "40", "Channel": "Microsoft-Windows-TerminalServices-LocalSessionManager/Operational", "Provider_Name": "Microsoft-Windows-TerminalServices-LocalSessionManager", "Computer": "DESKTOP-OFJ6N53", "TimeCreated": "2025-04-02 09:30:30.973217+00:00", "RecordID": "7433", "Level": "4", "UserID": "S-1-5-18"}
{"EventID": "24", "Channel": "Microsoft-Windows-TerminalServices-LocalSessionManager/Operational", "Provider_Name": "Microsoft-Windows-TerminalServices-LocalSessionManager", "Computer": "DESKTOP-OFJ6N53", "TimeCreated": "2025-04-02 09:30:31.270098+00:00", "RecordID": "7434", "Level": "4", "UserID": "S-1-5-18"}
{"EventID": "32", "Channel": "Microsoft-Windows-TerminalServices-LocalSessionManager/Operational", "Provider_Name": "Microsoft-Windows-TerminalServices-LocalSessionManager", "Computer": "DESKTOP-OFJ6N53", "TimeCreated": "2025-04-02 09:31:32.644875+00:00", "RecordID": "7435", "Level": "4", "UserID": "S-1-5-18"}
{"EventID": "41", "Channel": "Microsoft-Windows-TerminalServices-LocalSessionManager/Operational", "Provider_Name": "Microsoft-Windows-TerminalServices-LocalSessionManager", "Computer": "DESKTOP-OFJ6N53", "TimeCreated": "2025-04-02 09:53:53.700998+00:00", "RecordID": "7436", "Level": "4", "UserID": "S-1-5-18"}
{"EventID": "42", "Channel": "Microsoft-Windows-TerminalServices-LocalSessionManager/Operational", "Provider_Name": "Microsoft-Windows-TerminalServices-LocalSessionManager", "Computer": "DESKTOP-OFJ6N53", "TimeCreated": "2025-04-02 09:53:53.736048+00:00", "RecordID": "7437", "Level": "4", "UserID": "S-1-5-18"}
{"EventID": "21", "Channel": "Microsoft-Windows-TerminalServices-LocalSessionManager/Operational", "Provider_Name": "Microsoft-Windows-TerminalServices-LocalSessionManager", "Computer": "DESKTOP-OFJ6N53", "TimeCreated": "2025-04-02 09:53:55.665245+00:00", "RecordID": "7438", "Level": "4", "UserID": "S-1-5-18"}
{"EventID": "22", "Channel": "Microsoft-Windows-TerminalServices-LocalSessionManager/Operational", "Provider_Name": "Microsoft-Windows-TerminalServices-LocalSessionManager", "Computer": "DESKTOP-OFJ6N53", "TimeCreated": "2025-04-02 09:53:55.914755+00:00", "RecordID": "7439", "Level": "4", "UserID": "S-1-5-18"}
{"EventID": "23", "Channel": "Microsoft-Windows-TerminalServices-LocalSessionManager/Operational", "Provider_Name": "Microsoft-Windows-TerminalServices-LocalSessionManager", "Computer": "DESKTOP-OFJ6N53", "TimeCreated": "2025-04-02 09:56:41.936028+00:00", "RecordID": "7440", "Level": "4", "UserID": "S-1-5-18"}
{"EventID": "54", "Channel": "Microsoft-Windows-TerminalServices-LocalSessionManager/Operational", "Provider_Name": "Microsoft-Windows-TerminalServices-LocalSessionManager", "Computer": "DESKTOP-OFJ6N53", "TimeCreated": "2025-04-02 09:56:42.051262+00:00", "RecordID": "7441", "Level": "4", "UserID": "S-1-5-18"}
{"EventID": "40", "Channel": "Microsoft-Windows-TerminalServices-LocalSessionManager/Operational", "Provider_Name": "Microsoft-Windows-TerminalServices-LocalSessionManager", "Computer": "DESKTOP-OFJ6N53", "TimeCreated": "2025-04-02 09:56:42.277676+00:00", "RecordID": "7442", "Level": "4", "UserID": "S-1-5-18"}
{"EventID": "24", "Channel": "Microsoft-Windows-TerminalServices-LocalSessionManager/Operational", "Provider_Name": "Microsoft-Windows-TerminalServices-LocalSessionManager", "Computer": "DESKTOP-OFJ6N53", "TimeCreated": "2025-04-02 09:56:42.452480+00:00", "RecordID": "7443", "Level": "4", "UserID": "S-1-5-18"}
{"EventID": "32", "Channel": "Microsoft-Windows-TerminalServices-LocalSessionManager/Operational", "Provider_Name": "Microsoft-Windows-TerminalServices-LocalSessionManager", "Computer": "DESKTOP-OFJ6N53", "TimeCreated": "2025-04-02 09:57:40.759825+00:00", "RecordID": "7444", "Level": "4", "UserID": "S-1-5-18"}
{"EventID": "41", "Channel": "Microsoft-Windows-TerminalServices-LocalSessionManager/Operational", "Provider_Name": "Microsoft-Windows-TerminalServices-LocalSessionManager", "Computer": "DESKTOP-OFJ6N53", "TimeCreated": "2025-04-02 10:02:29.961227+00:00", "RecordID": "7445", "Level": "4", "UserID": "S-1-5-18"}
{"EventID": "42", "Channel": "Microsoft-Windows-TerminalServices-LocalSessionManager/Operational", "Provider_Name": "Microsoft-Windows-TerminalServices-LocalSessionManager", "Computer": "DESKTOP-OFJ6N53", "TimeCreated": "2025-04-02 10:02:29.968887+00:00", "RecordID": "7446", "Level": "4", "UserID": "S-1-5-18"}
{"EventID": "21", "Channel": "Microsoft-Windows-TerminalServices-LocalSessionManager/Operational", "Provider_Name": "Microsoft-Windows-TerminalServices-LocalSessionManager", "Computer": "DESKTOP-OFJ6N53", "TimeCreated": "2025-04-02 10:02:32.064335+00:00", "RecordID": "7447", "Level": "4", "UserID": "S-1-5-18"}
{"EventID": "22", "Channel": "Microsoft-Windows-TerminalServices-LocalSessionManager/Operational", "Provider_Name": "Microsoft-Windows-TerminalServices-LocalSessionManager", "Computer": "DESKTOP-OFJ6N53", "TimeCreated": "2025-04-02 10:02:32.322172+00:00", "RecordID": "7448", "Level": "4", "UserID": "S-1-5-18"}
{"EventID": "54", "Channel": "Microsoft-Windows-TerminalServices-LocalSessionManager/Operational", "Provider_Name": "Microsoft-Windows-TerminalServices-LocalSessionManager", "Computer": "DESKTOP-OFJ6N53", "TimeCreated": "2025-04-02 10:07:20.273008+00:00", "RecordID": "7449", "Level": "4", "UserID": "S-1-5-18"}
{"EventID": "23", "Channel": "Microsoft-Windows-TerminalServices-LocalSessionManager/Operational", "Provider_Name": "Microsoft-Windows-TerminalServices-LocalSessionManager", "Computer": "DESKTOP-OFJ6N53", "TimeCreated": "2025-04-02 10:07:26.743639+00:00", "RecordID": "7450", "Level": "4", "UserID": "S-1-5-18"}
{"EventID": "40", "Channel": "Microsoft-Windows-TerminalServices-LocalSessionManager/Operational", "Provider_Name": "Microsoft-Windows-TerminalServices-LocalSessionManager", "Computer": "DESKTOP-OFJ6N53", "TimeCreated": "2025-04-02 10:07:27.173798+00:00", "RecordID": "7451", "Level": "4", "UserID": "S-1-5-18"}
{"EventID": "24", "Channel": "Microsoft-Windows-TerminalServices-LocalSessionManager/Operational", "Provider_Name": "Microsoft-Windows-TerminalServices-LocalSessionManager", "Computer": "DESKTOP-OFJ6N53", "TimeCreated": "2025-04-02 10:07:27.337460+00:00", "RecordID": "7452", "Level": "4", "UserID": "S-1-5-18"}
{"EventID": "32", "Channel": "Microsoft-Windows-TerminalServices-LocalSessionManager/Operational", "Provider_Name": "Microsoft-Windows-TerminalServices-LocalSessionManager", "Computer": "DESKTOP-OFJ6N53", "TimeCreated": "2025-04-02 10:08:25.262197+00:00", "RecordID": "7453", "Level": "4", "UserID": "S-1-5-18"}
{"EventID": "41", "Channel": "Microsoft-Windows-TerminalServices-LocalSessionManager/Operational", "Provider_Name": "Microsoft-Windows-TerminalServices-LocalSessionManager", "Computer": "DESKTOP-OFJ6N53", "TimeCreated": "2025-04-02 10:08:43.467846+00:00", "RecordID": "7454", "Level": "4", "UserID": "S-1-5-18"}
{"EventID": "42", "Channel": "Microsoft-Windows-TerminalServices-LocalSessionManager/Operational", "Provider_Name": "Microsoft-Windows-TerminalServices-LocalSessionManager", "Computer": "DESKTOP-OFJ6N53", "TimeCreated": "2025-04-02 10:08:43.595322+00:00", "RecordID": "7455", "Level": "4", "UserID": "S-1-5-18"}
{"EventID": "21", "Channel": "Microsoft-Windows-TerminalServices-LocalSessionManager/Operational", "Provider_Name": "Microsoft-Windows-TerminalServices-LocalSessionManager", "Computer": "DESKTOP-OFJ6N53", "TimeCreated": "2025-04-02 10:08:51.408867+00:00", "RecordID": "7456", "Level": "4", "UserID": "S-1-5-18"}
{"EventID": "22", "Channel": "Microsoft-Windows-TerminalServices-LocalSessionManager/Operational", "Provider_Name": "Microsoft-Windows-TerminalServices-LocalSessionManager", "Computer": "DESKTOP-OFJ6N53", "TimeCreated": "2025-04-02 10:08:52.056152+00:00", "RecordID": "7457", "Level": "4", "UserID": "S-1-5-18"}
{"EventID": "54", "Channel": "Microsoft-Windows-TerminalServices-LocalSessionManager/Operational", "Provider_Name": "Microsoft-Windows-TerminalServices-LocalSessionManager", "Computer": "DESKTOP-OFJ6N53", "TimeCreated": "2025-04-02 10:10:38.427202+00:00", "RecordID": "7458", "Level": "4", "UserID": "S-1-5-18"}
{"EventID": "23", "Channel": "Microsoft-Windows-TerminalServices-LocalSessionManager/Operational", "Provider_Name": "Microsoft-Windows-TerminalServices-LocalSessionManager", "Computer": "DESKTOP-OFJ6N53", "TimeCreated": "2025-04-02 10:10:47.335854+00:00", "RecordID": "7459", "Level": "4", "UserID": "S-1-5-18"}
{"EventID": "40", "Channel": "Microsoft-Windows-TerminalServices-LocalSessionManager/Operational", "Provider_Name": "Microsoft-Windows-TerminalServices-LocalSessionManager", "Computer": "DESKTOP-OFJ6N53", "TimeCreated": "2025-04-02 10:10:47.877876+00:00", "RecordID": "7460", "Level": "4", "UserID": "S-1-5-18"}
{"EventID": "24", "Channel": "Microsoft-Windows-TerminalServices-LocalSessionManager/Operational", "Provider_Name": "Microsoft-Windows-TerminalServices-LocalSessionManager", "Computer": "DESKTOP-OFJ6N53", "TimeCreated": "2025-04-02 10:10:48.385544+00:00", "RecordID": "7461", "Level": "4", "UserID": "S-1-5-18"}
{"EventID": "32", "Channel": "Microsoft-Windows-TerminalServices-LocalSessionManager/Operational", "Provider_Name": "Microsoft-Windows-TerminalServices-LocalSessionManager", "Computer": "DESKTOP-OFJ6N53", "TimeCreated": "2025-04-02 10:11:52.761505+00:00", "RecordID": "7462", "Level": "4", "UserID": "S-1-5-18"}
{"EventID": "41", "Channel": "Microsoft-Windows-TerminalServices-LocalSessionManager/Operational", "Provider_Name": "Microsoft-Windows-TerminalServices-LocalSessionManager", "Computer": "DESKTOP-OFJ6N53", "TimeCreated": "2025-04-02 10:12:46.783846+00:00", "RecordID": "7463", "Level": "4", "UserID": "S-1-5-18"}
{"EventID": "42", "Channel": "Microsoft-Windows-TerminalServices-LocalSessionManager/Operational", "Provider_Name": "Microsoft-Windows-TerminalServices-LocalSessionManager", "Computer": "DESKTOP-OFJ6N53", "TimeCreated": "2025-04-02 10:12:46.790438+00:00", "RecordID": "7464", "Level": "4", "UserID": "S-1-5-18"}
{"EventID": "21", "Channel": "Microsoft-Windows-TerminalServices-LocalSessionManager/Operational", "Provider_Name": "Microsoft-Windows-TerminalServices-LocalSessionManager", "Computer": "DESKTOP-OFJ6N53", "TimeCreated": "2025-04-02 10:12:48.545584+00:00", "RecordID": "7465", "Level": "4", "UserID": "S-1-5-18"}
{"EventID": "22", "Channel": "Microsoft-Windows-TerminalServices-LocalSessionManager/Operational", "Provider_Name": "Microsoft-Windows-TerminalServices-LocalSessionManager", "Computer": "DESKTOP-OFJ6N53", "TimeCreated": "2025-04-02 10:12:48.802547+00:00", "RecordID": "7466", "Level": "4", "UserID": "S-1-5-18"}
{"EventID": "23", "Channel": "Microsoft-Windows-TerminalServices-LocalSessionManager/Operational", "Provider_Name": "Microsoft-Windows-TerminalServices-LocalSessionManager", "Computer": "DESKTOP-OFJ6N53", "TimeCreated": "2025-04-02 10:15:30.595900+00:00", "RecordID": "7467", "Level": "4", "UserID": "S-1-5-18"}
{"EventID": "54", "Channel": "Microsoft-Windows-TerminalServices-LocalSessionManager/Operational", "Provider_Name": "Microsoft-Windows-TerminalServices-LocalSessionManager", "Computer": "DESKTOP-OFJ6N53", "TimeCreated": "2025-04-02 10:15:30.668049+00:00", "RecordID": "7468", "Level": "4", "UserID": "S-1-5-18"}
{"EventID": "40", "Channel": "Microsoft-Windows-TerminalServices-LocalSessionManager/Operational", "Provider_Name": "Microsoft-Windows-TerminalServices-LocalSessionManager", "Computer": "DESKTOP-OFJ6N53", "TimeCreated": "2025-04-02 10:15:30.947138+00:00", "RecordID": "7469", "Level": "4", "UserID": "S-1-5-18"}
{"EventID": "24", "Channel": "Microsoft-Windows-TerminalServices-LocalSessionManager/Operational", "Provider_Name": "Microsoft-Windows-TerminalServices-LocalSessionManager", "Computer": "DESKTOP-OFJ6N53", "TimeCreated": "2025-04-02 10:15:31.206446+00:00", "RecordID": "7470", "Level": "4", "UserID": "S-1-5-18"}
{"EventID": "32", "Channel": "Microsoft-Windows-TerminalServices-LocalSessionManager/Operational", "Provider_Name": "Microsoft-Windows-TerminalServices-LocalSessionManager", "Computer": "DESKTOP-OFJ6N53", "TimeCreated": "2025-04-02 10:16:17.596352+00:00", "RecordID": "7471", "Level": "4", "UserID": "S-1-5-18"}
{"EventID": "41", "Channel": "Microsoft-Windows-TerminalServices-LocalSessionManager/Operational", "Provider_Name": "Microsoft-Windows-TerminalServices-LocalSessionManager", "Computer": "DESKTOP-OFJ6N53", "TimeCreated": "2025-04-02 10:30:56.771366+00:00", "RecordID": "7472", "Level": "4", "UserID": "S-1-5-18"}
{"EventID": "42", "Channel": "Microsoft-Windows-TerminalServices-LocalSessionManager/Operational", "Provider_Name": "Microsoft-Windows-TerminalServices-LocalSessionManager", "Computer": "DESKTOP-OFJ6N53", "TimeCreated": "2025-04-02 10:30:56.790506+00:00", "RecordID": "7473", "Level": "4", "UserID": "S-1-5-18"}
{"EventID": "21", "Channel": "Microsoft-Windows-TerminalServices-LocalSessionManager/Operational", "Provider_Name": "Microsoft-Windows-TerminalServices-LocalSessionManager", "Computer": "DESKTOP-OFJ6N53", "TimeCreated": "2025-04-02 10:30:58.782393+00:00", "RecordID": "7474", "Level": "4", "UserID": "S-1-5-18"}
{"EventID": "22", "Channel": "Microsoft-Windows-TerminalServices-LocalSessionManager/Operational", "Provider_Name": "Microsoft-Windows-TerminalServices-LocalSessionManager", "Computer": "DESKTOP-OFJ6N53", "TimeCreated": "2025-04-02 10:30:58.900393+00:00", "RecordID": "7475", "Level": "4", "UserID": "S-1-5-18"}
{"EventID": "54", "Channel": "Microsoft-Windows-TerminalServices-LocalSessionManager/Operational", "Provider_Name": "Microsoft-Windows-TerminalServices-LocalSessionManager", "Computer": "DESKTOP-OFJ6N53", "TimeCreated": "2025-04-02 10:33:17.148981+00:00", "RecordID": "7476", "Level": "4", "UserID": "S-1-5-18"}
{"EventID": "23", "Channel": "Microsoft-Windows-TerminalServices-LocalSessionManager/Operational", "Provider_Name": "Microsoft-Windows-TerminalServices-LocalSessionManager", "Computer": "DESKTOP-OFJ6N53", "TimeCreated": "2025-04-02 10:33:19.737305+00:00", "RecordID": "7477", "Level": "4", "UserID": "S-1-5-18"}
{"EventID": "40", "Channel": "Microsoft-Windows-TerminalServices-LocalSessionManager/Operational", "Provider_Name": "Microsoft-Windows-TerminalServices-LocalSessionManager", "Computer": "DESKTOP-OFJ6N53", "TimeCreated": "2025-04-02 10:33:20.455231+00:00", "RecordID": "7478", "Level": "4", "UserID": "S-1-5-18"}
{"EventID": "24", "Channel": "Microsoft-Windows-TerminalServices-LocalSessionManager/Operational", "Provider_Name": "Microsoft-Windows-TerminalServices-LocalSessionManager", "Computer": "DESKTOP-OFJ6N53", "TimeCreated": "2025-04-02 10:33:20.946119+00:00", "RecordID": "7479", "Level": "4", "UserID": "S-1-5-18"}
{"EventID": "32", "Channel": "Microsoft-Windows-TerminalServices-LocalSessionManager/Operational", "Provider_Name": "Microsoft-Windows-TerminalServices-LocalSessionManager", "Computer": "DESKTOP-OFJ6N53", "TimeCreated": "2025-04-02 10:34:05.357416+00:00", "RecordID": "7480", "Level": "4", "UserID": "S-1-5-18"}
{"EventID": "41", "Channel": "Microsoft-Windows-TerminalServices-LocalSessionManager/Operational", "Provider_Name": "Microsoft-Windows-TerminalServices-LocalSessionManager", "Computer": "DESKTOP-OFJ6N53", "TimeCreated": "2025-04-02 10:37:51.953716+00:00", "RecordID": "7481", "Level": "4", "UserID": "S-1-5-18"}
{"EventID": "42", "Channel": "Microsoft-Windows-TerminalServices-LocalSessionManager/Operational", "Provider_Name": "Microsoft-Windows-TerminalServices-LocalSessionManager", "Computer": "DESKTOP-OFJ6N53", "TimeCreated": "2025-04-02 10:37:51.962849+00:00", "RecordID": "7482", "Level": "4", "UserID": "S-1-5-18"}
{"EventID": "21", "Channel": "Microsoft-Windows-TerminalServices-LocalSessionManager/Operational", "Provider_Name": "Microsoft-Windows-TerminalServices-LocalSessionManager", "Computer": "DESKTOP-OFJ6N53", "TimeCreated": "2025-04-02 10:37:53.897682+00:00", "RecordID": "7483", "Level": "4", "UserID": "S-1-5-18"}
{"EventID": "22", "Channel": "Microsoft-Windows-TerminalServices-LocalSessionManager/Operational", "Provider_Name": "Microsoft-Windows-TerminalServices-LocalSessionManager", "Computer": "DESKTOP-OFJ6N53", "TimeCreated": "2025-04-02 10:37:54.019030+00:00", "RecordID": "7484", "Level": "4", "UserID": "S-1-5-18"}
{"EventID": "40", "Channel": "Microsoft-Windows-TerminalServices-LocalSessionManager/Operational", "Provider_Name": "Microsoft-Windows-TerminalServices-LocalSessionManager", "Computer": "DESKTOP-OFJ6N53", "TimeCreated": "2025-04-02 14:40:44.653782+00:00", "RecordID": "7485", "Level": "4", "UserID": "S-1-5-18"}
{"EventID": "24", "Channel": "Microsoft-Windows-TerminalServices-LocalSessionManager/Operational", "Provider_Name": "Microsoft-Windows-TerminalServices-LocalSessionManager", "Computer": "DESKTOP-OFJ6N53", "TimeCreated": "2025-04-02 14:40:45.260725+00:00", "RecordID": "7486", "Level": "4", "UserID": "S-1-5-18"}
{"EventID": "40", "Channel": "Microsoft-Windows-TerminalServices-LocalSessionManager/Operational", "Provider_Name": "Microsoft-Windows-TerminalServices-LocalSessionManager", "Computer": "DESKTOP-OFJ6N53", "TimeCreated": "2025-04-02 14:57:46.320980+00:00", "RecordID": "7487", "Level": "4", "UserID": "S-1-5-18"}
{"EventID": "25", "Channel": "Microsoft-Windows-TerminalServices-LocalSessionManager/Operational", "Provider_Name": "Microsoft-Windows-TerminalServices-LocalSessionManager", "Computer": "DESKTOP-OFJ6N53", "TimeCreated": "2025-04-02 14:57:47.100922+00:00", "RecordID": "7488", "Level": "4", "UserID": "S-1-5-18"}
{"EventID": "40", "Channel": "Microsoft-Windows-TerminalServices-LocalSessionManager/Operational", "Provider_Name": "Microsoft-Windows-TerminalServices-LocalSessionManager", "Computer": "DESKTOP-OFJ6N53", "TimeCreated": "2025-04-02 17:18:53.080700+00:00", "RecordID": "7489", "Level": "4", "UserID": "S-1-5-18"}
{"EventID": "24", "Channel": "Microsoft-Windows-TerminalServices-LocalSessionManager/Operational", "Provider_Name": "Microsoft-Windows-TerminalServices-LocalSessionManager", "Computer": "DESKTOP-OFJ6N53", "TimeCreated": "2025-04-02 17:18:54.067554+00:00", "RecordID": "7490", "Level": "4", "UserID": "S-1-5-18"}
{"EventID": "40", "Channel": "Microsoft-Windows-TerminalServices-LocalSessionManager/Operational", "Provider_Name": "Microsoft-Windows-TerminalServices-LocalSessionManager", "Computer": "DESKTOP-OFJ6N53", "TimeCreated": "2025-04-03 05:59:59.699228+00:00", "RecordID": "7491", "Level": "4", "UserID": "S-1-5-18"}
{"EventID": "25", "Channel": "Microsoft-Windows-TerminalServices-LocalSessionManager/Operational", "Provider_Name": "Microsoft-Windows-TerminalServices-LocalSessionManager", "Computer": "DESKTOP-OFJ6N53", "TimeCreated": "2025-04-03 06:00:01.032156+00:00", "RecordID": "7492", "Level": "4", "UserID": "S-1-5-18"}
{"EventID": "40", "Channel": "Microsoft-Windows-TerminalServices-LocalSessionManager/Operational", "Provider_Name": "Microsoft-Windows-TerminalServices-LocalSessionManager", "Computer": "DESKTOP-OFJ6N53", "TimeCreated": "2025-04-03 06:19:29.620598+00:00", "RecordID": "7493", "Level": "4", "UserID": "S-1-5-18"}
{"EventID": "24", "Channel": "Microsoft-Windows-TerminalServices-LocalSessionManager/Operational", "Provider_Name": "Microsoft-Windows-TerminalServices-LocalSessionManager", "Computer": "DESKTOP-OFJ6N53", "TimeCreated": "2025-04-03 06:19:30.916462+00:00", "RecordID": "7494", "Level": "4", "UserID": "S-1-5-18"}
{"EventID": "41", "Channel": "Microsoft-Windows-TerminalServices-LocalSessionManager/Operational", "Provider_Name": "Microsoft-Windows-TerminalServices-LocalSessionManager", "Computer": "DESKTOP-OFJ6N53", "TimeCreated": "2025-04-03 06:59:40.119102+00:00", "RecordID": "7495", "Level": "4", "UserID": "S-1-5-18"}
{"EventID": "40", "Channel": "Microsoft-Windows-TerminalServices-LocalSessionManager/Operational", "Provider_Name": "Microsoft-Windows-TerminalServices-LocalSessionManager", "Computer": "DESKTOP-OFJ6N53", "TimeCreated": "2025-04-03 06:59:40.127970+00:00", "RecordID": "7496", "Level": "4", "UserID": "S-1-5-18"}
{"EventID": "40", "Channel": "Microsoft-Windows-TerminalServices-LocalSessionManager/Operational", "Provider_Name": "Microsoft-Windows-TerminalServices-LocalSessionManager", "Computer": "DESKTOP-OFJ6N53", "TimeCreated": "2025-04-03 06:59:40.300627+00:00", "RecordID": "7497", "Level": "4", "UserID": "S-1-5-18"}
{"EventID": "25", "Channel": "Microsoft-Windows-TerminalServices-LocalSessionManager/Operational", "Provider_Name": "Microsoft-Windows-TerminalServices-LocalSessionManager", "Computer": "DESKTOP-OFJ6N53", "TimeCreated": "2025-04-03 06:59:40.701328+00:00", "RecordID": "7498", "Level": "4", "UserID": "S-1-5-18"}
{"EventID": "42", "Channel": "Microsoft-Windows-TerminalServices-LocalSessionManager/Operational", "Provider_Name": "Microsoft-Windows-TerminalServices-LocalSessionManager", "Computer": "DESKTOP-OFJ6N53", "TimeCreated": "2025-04-03 06:59:40.740643+00:00", "RecordID": "7499", "Level": "4", "UserID": "S-1-5-18"}
{"EventID": "40", "Channel": "Microsoft-Windows-TerminalServices-LocalSessionManager/Operational", "Provider_Name": "Microsoft-Windows-TerminalServices-LocalSessionManager", "Computer": "DESKTOP-OFJ6N53", "TimeCreated": "2025-04-06 12:19:46.789600+00:00", "RecordID": "7500", "Level": "4", "UserID": "S-1-5-18"}
{"EventID": "24", "Channel": "Microsoft-Windows-TerminalServices-LocalSessionManager/Operational", "Provider_Name": "Microsoft-Windows-TerminalServices-LocalSessionManager", "Computer": "DESKTOP-OFJ6N53", "TimeCreated": "2025-04-06 12:19:47.053606+00:00", "RecordID": "7501", "Level": "4", "UserID": "S-1-5-18"}
{"EventID": "25", "Channel": "Microsoft-Windows-TerminalServices-LocalSessionManager/Operational", "Provider_Name": "Microsoft-Windows-TerminalServices-LocalSessionManager", "Computer": "DESKTOP-OFJ6N53", "TimeCreated": "2025-04-06 12:19:50.163292+00:00", "RecordID": "7502", "Level": "4", "UserID": "S-1-5-18"}
{"EventID": "40", "Channel": "Microsoft-Windows-TerminalServices-LocalSessionManager/Operational", "Provider_Name": "Microsoft-Windows-TerminalServices-LocalSessionManager", "Computer": "DESKTOP-OFJ6N53", "TimeCreated": "2025-04-06 16:58:14.832188+00:00", "RecordID": "7503", "Level": "4", "UserID": "S-1-5-18"}
{"EventID": "24", "Channel": "Microsoft-Windows-TerminalServices-LocalSessionManager/Operational", "Provider_Name": "Microsoft-Windows-TerminalServices-LocalSessionManager", "Computer": "DESKTOP-OFJ6N53", "TimeCreated": "2025-04-06 16:58:15.511240+00:00", "RecordID": "7504", "Level": "4", "UserID": "S-1-5-18"}
{"EventID": "40", "Channel": "Microsoft-Windows-TerminalServices-LocalSessionManager/Operational", "Provider_Name": "Microsoft-Windows-TerminalServices-LocalSessionManager", "Computer": "DESKTOP-OFJ6N53", "TimeCreated": "2025-04-06 16:58:31.165373+00:00", "RecordID": "7505", "Level": "4", "UserID": "S-1-5-18"}
{"EventID": "40", "Channel": "Microsoft-Windows-TerminalServices-LocalSessionManager/Operational", "Provider_Name": "Microsoft-Windows-TerminalServices-LocalSessionManager", "Computer": "DESKTOP-OFJ6N53", "TimeCreated": "2025-04-06 16:58:31.165604+00:00", "RecordID": "7506", "Level": "4", "UserID": "S-1-5-18"}
{"EventID": "25", "Channel": "Microsoft-Windows-TerminalServices-LocalSessionManager/Operational", "Provider_Name": "Microsoft-Windows-TerminalServices-LocalSessionManager", "Computer": "DESKTOP-OFJ6N53", "TimeCreated": "2025-04-06 16:58:32.158636+00:00", "RecordID": "7507", "Level": "4", "UserID": "S-1-5-18"}
{"EventID": "40", "Channel": "Microsoft-Windows-TerminalServices-LocalSessionManager/Operational", "Provider_Name": "Microsoft-Windows-TerminalServices-LocalSessionManager", "Computer": "DESKTOP-OFJ6N53", "TimeCreated": "2025-04-06 16:59:10.221941+00:00", "RecordID": "7508", "Level": "4", "UserID": "S-1-5-18"}
{"EventID": "24", "Channel": "Microsoft-Windows-TerminalServices-LocalSessionManager/Operational", "Provider_Name": "Microsoft-Windows-TerminalServices-LocalSessionManager", "Computer": "DESKTOP-OFJ6N53", "TimeCreated": "2025-04-06 16:59:11.517010+00:00", "RecordID": "7509", "Level": "4", "UserID": "S-1-5-18"}
{"EventID": "40", "Channel": "Microsoft-Windows-TerminalServices-LocalSessionManager/Operational", "Provider_Name": "Microsoft-Windows-TerminalServices-LocalSessionManager", "Computer": "DESKTOP-OFJ6N53", "TimeCreated": "2025-04-07 05:36:51.460720+00:00", "RecordID": "7510", "Level": "4", "UserID": "S-1-5-18"}
{"EventID": "25", "Channel": "Microsoft-Windows-TerminalServices-LocalSessionManager/Operational", "Provider_Name": "Microsoft-Windows-TerminalServices-LocalSessionManager", "Computer": "DESKTOP-OFJ6N53", "TimeCreated": "2025-04-07 05:36:52.899080+00:00", "RecordID": "7511", "Level": "4", "UserID": "S-1-5-18"}
{"EventID": "40", "Channel": "Microsoft-Windows-TerminalServices-LocalSessionManager/Operational", "Provider_Name": "Microsoft-Windows-TerminalServices-LocalSessionManager", "Computer": "DESKTOP-OFJ6N53", "TimeCreated": "2025-04-07 13:01:32.859800+00:00", "RecordID": "7512", "Level": "4", "UserID": "S-1-5-18"}
{"EventID": "24", "Channel": "Microsoft-Windows-TerminalServices-LocalSessionManager/Operational", "Provider_Name": "Microsoft-Windows-TerminalServices-LocalSessionManager", "Computer": "DESKTOP-OFJ6N53", "TimeCreated": "2025-04-07 13:01:40.043608+00:00", "RecordID": "7513", "Level": "4", "UserID": "S-1-5-18"}
{"EventID": "40", "Channel": "Microsoft-Windows-TerminalServices-LocalSessionManager/Operational", "Provider_Name": "Microsoft-Windows-TerminalServices-LocalSessionManager", "Computer": "DESKTOP-OFJ6N53", "TimeCreated": "2025-04-08 21:26:39.379560+00:00", "RecordID": "7514", "Level": "4", "UserID": "S-1-5-18"}
{"EventID": "25", "Channel": "Microsoft-Windows-TerminalServices-LocalSessionManager/Operational", "Provider_Name": "Microsoft-Windows-TerminalServices-LocalSessionManager", "Computer": "DESKTOP-OFJ6N53", "TimeCreated": "2025-04-08 21:26:40.915600+00:00", "RecordID": "7515", "Level": "4", "UserID": "S-1-5-18"}
{"EventID": "40", "Channel": "Microsoft-Windows-TerminalServices-LocalSessionManager/Operational", "Provider_Name": "Microsoft-Windows-TerminalServices-LocalSessionManager", "Computer": "DESKTOP-OFJ6N53", "TimeCreated": "2025-04-08 22:37:51.469330+00:00", "RecordID": "7516", "Level": "4", "UserID": "S-1-5-18"}
{"EventID": "24", "Channel": "Microsoft-Windows-TerminalServices-LocalSessionManager/Operational", "Provider_Name": "Microsoft-Windows-TerminalServices-LocalSessionManager", "Computer": "DESKTOP-OFJ6N53", "TimeCreated": "2025-04-08 22:37:52.942352+00:00", "RecordID": "7517", "Level": "4", "UserID": "S-1-5-18"}
{"EventID": "54", "Channel": "Microsoft-Windows-TerminalServices-LocalSessionManager/Operational", "Provider_Name": "Microsoft-Windows-TerminalServices-LocalSessionManager", "Computer": "DESKTOP-OFJ6N53", "TimeCreated": "2025-04-09 14:33:05.885498+00:00", "RecordID": "7518", "Level": "4", "UserID": "S-1-5-18"}
{"EventID": "23", "Channel": "Microsoft-Windows-TerminalServices-LocalSessionManager/Operational", "Provider_Name": "Microsoft-Windows-TerminalServices-LocalSessionManager", "Computer": "DESKTOP-OFJ6N53", "TimeCreated": "2025-04-09 14:33:09.002644+00:00", "RecordID": "7519", "Level": "4", "UserID": "S-1-5-18"}
{"EventID": "32", "Channel": "Microsoft-Windows-TerminalServices-LocalSessionManager/Operational", "Provider_Name": "Microsoft-Windows-TerminalServices-LocalSessionManager", "Computer": "DESKTOP-OFJ6N53", "TimeCreated": "2025-04-09 14:35:39.125147+00:00", "RecordID": "7520", "Level": "4", "UserID": "S-1-5-18"}
{"EventID": "41", "Channel": "Microsoft-Windows-TerminalServices-LocalSessionManager/Operational", "Provider_Name": "Microsoft-Windows-TerminalServices-LocalSessionManager", "Computer": "DESKTOP-OFJ6N53", "TimeCreated": "2025-04-10 05:53:05.411123+00:00", "RecordID": "7521", "Level": "4", "UserID": "S-1-5-18"}
{"EventID": "42", "Channel": "Microsoft-Windows-TerminalServices-LocalSessionManager/Operational", "Provider_Name": "Microsoft-Windows-TerminalServices-LocalSessionManager", "Computer": "DESKTOP-OFJ6N53", "TimeCreated": "2025-04-10 05:53:05.417585+00:00", "RecordID": "7522", "Level": "4", "UserID": "S-1-5-18"}
{"EventID": "21", "Channel": "Microsoft-Windows-TerminalServices-LocalSessionManager/Operational", "Provider_Name": "Microsoft-Windows-TerminalServices-LocalSessionManager", "Computer": "DESKTOP-OFJ6N53", "TimeCreated": "2025-04-10 05:53:07.202032+00:00", "RecordID": "7523", "Level": "4", "UserID": "S-1-5-18"}
{"EventID": "22", "Channel": "Microsoft-Windows-TerminalServices-LocalSessionManager/Operational", "Provider_Name": "Microsoft-Windows-TerminalServices-LocalSessionManager", "Computer": "DESKTOP-OFJ6N53", "TimeCreated": "2025-04-10 05:53:07.387968+00:00", "RecordID": "7524", "Level": "4", "UserID": "S-1-5-18"}
{"EventID": "40", "Channel": "Microsoft-Windows-TerminalServices-LocalSessionManager/Operational", "Provider_Name": "Microsoft-Windows-TerminalServices-LocalSessionManager", "Computer": "DESKTOP-OFJ6N53", "TimeCreated": "2025-04-10 06:07:55.043869+00:00", "RecordID": "7525", "Level": "4", "UserID": "S-1-5-18"}
{"EventID": "24", "Channel": "Microsoft-Windows-TerminalServices-LocalSessionManager/Operational", "Provider_Name": "Microsoft-Windows-TerminalServices-LocalSessionManager", "Computer": "DESKTOP-OFJ6N53", "TimeCreated": "2025-04-10 06:07:55.762493+00:00", "RecordID": "7526", "Level": "4", "UserID": "S-1-5-18"}
{"EventID": "40", "Channel": "Microsoft-Windows-TerminalServices-LocalSessionManager/Operational", "Provider_Name": "Microsoft-Windows-TerminalServices-LocalSessionManager", "Computer": "DESKTOP-OFJ6N53", "TimeCreated": "2025-04-14 11:38:15.455061+00:00", "RecordID": "7527", "Level": "4", "UserID": "S-1-5-18"}
{"EventID": "25", "Channel": "Microsoft-Windows-TerminalServices-LocalSessionManager/Operational", "Provider_Name": "Microsoft-Windows-TerminalServices-LocalSessionManager", "Computer": "DESKTOP-OFJ6N53", "TimeCreated": "2025-04-14 11:38:16.208906+00:00", "RecordID": "7528", "Level": "4", "UserID": "S-1-5-18"}
{"EventID": "40", "Channel": "Microsoft-Windows-TerminalServices-LocalSessionManager/Operational", "Provider_Name": "Microsoft-Windows-TerminalServices-LocalSessionManager", "Computer": "DESKTOP-OFJ6N53", "TimeCreated": "2025-04-14 19:56:57.603804+00:00", "RecordID": "7529", "Level": "4", "UserID": "S-1-5-18"}
{"EventID": "24", "Channel": "Microsoft-Windows-TerminalServices-LocalSessionManager/Operational", "Provider_Name": "Microsoft-Windows-TerminalServices-LocalSessionManager", "Computer": "DESKTOP-OFJ6N53", "TimeCreated": "2025-04-14 19:56:58.339804+00:00", "RecordID": "7530", "Level": "4", "UserID": "S-1-5-18"}
{"EventID": "40", "Channel": "Microsoft-Windows-TerminalServices-LocalSessionManager/Operational", "Provider_Name": "Microsoft-Windows-TerminalServices-LocalSessionManager", "Computer": "DESKTOP-OFJ6N53", "TimeCreated": "2025-04-16 15:09:27.897141+00:00", "RecordID": "7531", "Level": "4", "UserID": "S-1-5-18"}
{"EventID": "25", "Channel": "Microsoft-Windows-TerminalServices-LocalSessionManager/Operational", "Provider_Name": "Microsoft-Windows-TerminalServices-LocalSessionManager", "Computer": "DESKTOP-OFJ6N53", "TimeCreated": "2025-04-16 15:09:28.664730+00:00", "RecordID": "7532", "Level": "4", "UserID": "S-1-5-18"}
{"EventID": "40", "Channel": "Microsoft-Windows-TerminalServices-LocalSessionManager/Operational", "Provider_Name": "Microsoft-Windows-TerminalServices-LocalSessionManager", "Computer": "DESKTOP-OFJ6N53", "TimeCreated": "2025-04-16 16:00:34.479715+00:00", "RecordID": "7533", "Level": "4", "UserID": "S-1-5-18"}
{"EventID": "24", "Channel": "Microsoft-Windows-TerminalServices-LocalSessionManager/Operational", "Provider_Name": "Microsoft-Windows-TerminalServices-LocalSessionManager", "Computer": "DESKTOP-OFJ6N53", "TimeCreated": "2025-04-16 16:00:35.012592+00:00", "RecordID": "7534", "Level": "4", "UserID": "S-1-5-18"}
{"EventID": "40", "Channel": "Microsoft-Windows-TerminalServices-LocalSessionManager/Operational", "Provider_Name": "Microsoft-Windows-TerminalServices-LocalSessionManager", "Computer": "DESKTOP-OFJ6N53", "TimeCreated": "2025-04-18 13:44:51.822639+00:00", "RecordID": "7535", "Level": "4", "UserID": "S-1-5-18"}
{"EventID": "25", "Channel": "Microsoft-Windows-TerminalServices-LocalSessionManager/Operational", "Provider_Name": "Microsoft-Windows-TerminalServices-LocalSessionManager", "Computer": "DESKTOP-OFJ6N53", "TimeCreated": "2025-04-18 13:44:53.231068+00:00", "RecordID": "7536", "Level": "4", "UserID": "S-1-5-18"}
{"EventID": "40", "Channel": "Microsoft-Windows-TerminalServices-LocalSessionManager/Operational", "Provider_Name": "Microsoft-Windows-TerminalServices-LocalSessionManager", "Computer": "DESKTOP-OFJ6N53", "TimeCreated": "2025-04-18 17:09:09.366470+00:00", "RecordID": "7537", "Level": "4", "UserID": "S-1-5-18"}
{"EventID": "24", "Channel": "Microsoft-Windows-TerminalServices-LocalSessionManager/Operational", "Provider_Name": "Microsoft-Windows-TerminalServices-LocalSessionManager", "Computer": "DESKTOP-OFJ6N53", "TimeCreated": "2025-04-18 17:09:10.322456+00:00", "RecordID": "7538", "Level": "4", "UserID": "S-1-5-18"}
{"EventID": "40", "Channel": "Microsoft-Windows-TerminalServices-LocalSessionManager/Operational", "Provider_Name": "Microsoft-Windows-TerminalServices-LocalSessionManager", "Computer": "DESKTOP-OFJ6N53", "TimeCreated": "2025-04-21 12:47:09.663010+00:00", "RecordID": "7539", "Level": "4", "UserID": "S-1-5-18"}
{"EventID": "25", "Channel": "Microsoft-Windows-TerminalServices-LocalSessionManager/Operational", "Provider_Name": "Microsoft-Windows-TerminalServices-LocalSessionManager", "Computer": "DESKTOP-OFJ6N53", "TimeCreated": "2025-04-21 12:47:10.648870+00:00", "RecordID": "7540", "Level": "4", "UserID": "S-1-5-18"}
{"EventID": "40", "Channel": "Microsoft-Windows-TerminalServices-LocalSessionManager/Operational", "Provider_Name": "Microsoft-Windows-TerminalServices-LocalSessionManager", "Computer": "DESKTOP-OFJ6N53", "TimeCreated": "2025-04-22 07:19:47.087160+00:00", "RecordID": "7541", "Level": "4", "UserID": "S-1-5-18"}
{"EventID": "24", "Channel": "Microsoft-Windows-TerminalServices-LocalSessionManager/Operational", "Provider_Name": "Microsoft-Windows-TerminalServices-LocalSessionManager", "Computer": "DESKTOP-OFJ6N53", "TimeCreated": "2025-04-22 07:19:47.601913+00:00", "RecordID": "7542", "Level": "4", "UserID": "S-1-5-18"}
{"EventID": "40", "Channel": "Microsoft-Windows-TerminalServices-LocalSessionManager/Operational", "Provider_Name": "Microsoft-Windows-TerminalServices-LocalSessionManager", "Computer": "DESKTOP-OFJ6N53", "TimeCreated": "2025-04-22 14:33:16.100660+00:00", "RecordID": "7543", "Level": "4", "UserID": "S-1-5-18"}
{"EventID": "25", "Channel": "Microsoft-Windows-TerminalServices-LocalSessionManager/Operational", "Provider_Name": "Microsoft-Windows-TerminalServices-LocalSessionManager", "Computer": "DESKTOP-OFJ6N53", "TimeCreated": "2025-04-22 14:33:17.350225+00:00", "RecordID": "7544", "Level": "4", "UserID": "S-1-5-18"}
{"EventID": "40", "Channel": "Microsoft-Windows-TerminalServices-LocalSessionManager/Operational", "Provider_Name": "Microsoft-Windows-TerminalServices-LocalSessionManager", "Computer": "DESKTOP-OFJ6N53", "TimeCreated": "2025-04-22 15:18:08.960642+00:00", "RecordID": "7545", "Level": "4", "UserID": "S-1-5-18"}
{"EventID": "24", "Channel": "Microsoft-Windows-TerminalServices-LocalSessionManager/Operational", "Provider_Name": "Microsoft-Windows-TerminalServices-LocalSessionManager", "Computer": "DESKTOP-OFJ6N53", "TimeCreated": "2025-04-22 15:18:09.749851+00:00", "RecordID": "7546", "Level": "4", "UserID": "S-1-5-18"}
{"EventID": "40", "Channel": "Microsoft-Windows-TerminalServices-LocalSessionManager/Operational", "Provider_Name": "Microsoft-Windows-TerminalServices-LocalSessionManager", "Computer": "DESKTOP-OFJ6N53", "TimeCreated": "2025-04-22 16:00:10.734262+00:00", "RecordID": "7547", "Level": "4", "UserID": "S-1-5-18"}
{"EventID": "25", "Channel": "Microsoft-Windows-TerminalServices-LocalSessionManager/Operational", "Provider_Name": "Microsoft-Windows-TerminalServices-LocalSessionManager", "Computer": "DESKTOP-OFJ6N53", "TimeCreated": "2025-04-22 16:00:11.563618+00:00", "RecordID": "7548", "Level": "4", "UserID": "S-1-5-18"}
{"EventID": "40", "Channel": "Microsoft-Windows-TerminalServices-LocalSessionManager/Operational", "Provider_Name": "Microsoft-Windows-TerminalServices-LocalSessionManager", "Computer": "DESKTOP-OFJ6N53", "TimeCreated": "2025-04-22 16:16:31.347002+00:00", "RecordID": "7549", "Level": "4", "UserID": "S-1-5-18"}
{"EventID": "24", "Channel": "Microsoft-Windows-TerminalServices-LocalSessionManager/Operational", "Provider_Name": "Microsoft-Windows-TerminalServices-LocalSessionManager", "Computer": "DESKTOP-OFJ6N53", "TimeCreated": "2025-04-22 16:16:32.056574+00:00", "RecordID": "7550", "Level": "4", "UserID": "S-1-5-18"}
{"EventID": "54", "Channel": "Microsoft-Windows-TerminalServices-LocalSessionManager/Operational", "Provider_Name": "Microsoft-Windows-TerminalServices-LocalSessionManager", "Computer": "DESKTOP-OFJ6N53", "TimeCreated": "2025-04-23 00:39:02.174370+00:00", "RecordID": "7551", "Level": "4", "UserID": "S-1-5-18"}
{"EventID": "23", "Channel": "Microsoft-Windows-TerminalServices-LocalSessionManager/Operational", "Provider_Name": "Microsoft-Windows-TerminalServices-LocalSessionManager", "Computer": "DESKTOP-OFJ6N53", "TimeCreated": "2025-04-23 00:39:05.043594+00:00", "RecordID": "7552", "Level": "4", "UserID": "S-1-5-18"}
{"EventID": "32", "Channel": "Microsoft-Windows-TerminalServices-LocalSessionManager/Operational", "Provider_Name": "Microsoft-Windows-TerminalServices-LocalSessionManager", "Computer": "DESKTOP-OFJ6N53", "TimeCreated": "2025-04-23 00:40:21.383997+00:00", "RecordID": "7553", "Level": "4", "UserID": "S-1-5-18"}
{"EventID": "41", "Channel": "Microsoft-Windows-TerminalServices-LocalSessionManager/Operational", "Provider_Name": "Microsoft-Windows-TerminalServices-LocalSessionManager", "Computer": "DESKTOP-OFJ6N53", "TimeCreated": "2025-04-24 11:02:02.523325+00:00", "RecordID": "7554", "Level": "4", "UserID": "S-1-5-18"}
{"EventID": "42", "Channel": "Microsoft-Windows-TerminalServices-LocalSessionManager/Operational", "Provider_Name": "Microsoft-Windows-TerminalServices-LocalSessionManager", "Computer": "DESKTOP-OFJ6N53", "TimeCreated": "2025-04-24 11:02:02.556047+00:00", "RecordID": "7555", "Level": "4", "UserID": "S-1-5-18"}
{"EventID": "21", "Channel": "Microsoft-Windows-TerminalServices-LocalSessionManager/Operational", "Provider_Name": "Microsoft-Windows-TerminalServices-LocalSessionManager", "Computer": "DESKTOP-OFJ6N53", "TimeCreated": "2025-04-24 11:02:03.655182+00:00", "RecordID": "7556", "Level": "4", "UserID": "S-1-5-18"}
{"EventID": "22", "Channel": "Microsoft-Windows-TerminalServices-LocalSessionManager/Operational", "Provider_Name": "Microsoft-Windows-TerminalServices-LocalSessionManager", "Computer": "DESKTOP-OFJ6N53", "TimeCreated": "2025-04-24 11:02:04.548943+00:00", "RecordID": "7557", "Level": "4", "UserID": "S-1-5-18"}
{"EventID": "40", "Channel": "Microsoft-Windows-TerminalServices-LocalSessionManager/Operational", "Provider_Name": "Microsoft-Windows-TerminalServices-LocalSessionManager", "Computer": "DESKTOP-OFJ6N53", "TimeCreated": "2025-04-24 11:35:17.521479+00:00", "RecordID": "7558", "Level": "4", "UserID": "S-1-5-18"}
{"EventID": "24", "Channel": "Microsoft-Windows-TerminalServices-LocalSessionManager/Operational", "Provider_Name": "Microsoft-Windows-TerminalServices-LocalSessionManager", "Computer": "DESKTOP-OFJ6N53", "TimeCreated": "2025-04-24 11:35:18.478354+00:00", "RecordID": "7559", "Level": "4", "UserID": "S-1-5-18"}
{"EventID": "40", "Channel": "Microsoft-Windows-TerminalServices-LocalSessionManager/Operational", "Provider_Name": "Microsoft-Windows-TerminalServices-LocalSessionManager", "Computer": "DESKTOP-OFJ6N53", "TimeCreated": "2025-04-28 13:31:25.821146+00:00", "RecordID": "7560", "Level": "4", "UserID": "S-1-5-18"}
{"EventID": "25", "Channel": "Microsoft-Windows-TerminalServices-LocalSessionManager/Operational", "Provider_Name": "Microsoft-Windows-TerminalServices-LocalSessionManager", "Computer": "DESKTOP-OFJ6N53", "TimeCreated": "2025-04-28 13:31:26.542925+00:00", "RecordID": "7561", "Level": "4", "UserID": "S-1-5-18"}
{"EventID": "40", "Channel": "Microsoft-Windows-TerminalServices-LocalSessionManager/Operational", "Provider_Name": "Microsoft-Windows-TerminalServices-LocalSessionManager", "Computer": "DESKTOP-OFJ6N53", "TimeCreated": "2025-04-28 17:03:23.917130+00:00", "RecordID": "7562", "Level": "4", "UserID": "S-1-5-18"}
{"EventID": "24", "Channel": "Microsoft-Windows-TerminalServices-LocalSessionManager/Operational", "Provider_Name": "Microsoft-Windows-TerminalServices-LocalSessionManager", "Computer": "DESKTOP-OFJ6N53", "TimeCreated": "2025-04-28 17:03:24.739208+00:00", "RecordID": "7563", "Level": "4", "UserID": "S-1-5-18"}
{"EventID": "40", "Channel": "Microsoft-Windows-TerminalServices-LocalSessionManager/Operational", "Provider_Name": "Microsoft-Windows-TerminalServices-LocalSessionManager", "Computer": "DESKTOP-OFJ6N53", "TimeCreated": "2025-04-28 17:23:16.727201+00:00", "RecordID": "7564", "Level": "4", "UserID": "S-1-5-18"}
