{"EventID": "1108", "Channel": "Microsoft-Windows-Biometrics/Operational", "Provider_Name": "Microsoft-Windows-Biometrics", "Computer": "DESKTOP-OFJ6N53", "TimeCreated": "2024-08-22 01:47:57.576500+00:00", "RecordID": "136", "Level": "5", "UserID": "S-1-5-18", "EventData.BiometricSensor": "Analog NUI Voice Virtual Sensor (\\Voice\\Virtual Sensors\\{F25AB4A2-593A-4A89-B9FF-8144BEA81E15})", "EventData.SensorAdapter": "NUIVoiceWBSAdapters.dll", "EventData.EngineAdapter": "NUIVoiceWBSAdapters.dll", "EventData.StorageAdapter": "WinBioStorageAdapter.dll", "EventData.DatabaseID": "{51f39552-1075-4199-b513-0c10ea185db0}", "EventData.SensorMode": "1", "EventData.SensorPool": "1", "EventData.IsolationLevel": "0", "EventData.IsolationSensorAdapter": "-", "EventData.IsolationEngineAdapter": "-", "EventData.IsolationStorageAdapter": "-"}
{"EventID": "1600", "Channel": "Microsoft-Windows-Biometrics/Operational", "Provider_Name": "Microsoft-Windows-Biometrics", "Computer": "DESKTOP-OFJ6N53", "TimeCreated": "2024-09-20 01:22:04.381683+00:00", "RecordID": "137", "Level": "4", "UserID": "S-1-5-18", "EventData.ErrorCode": "0x80070032"}
{"EventID": "1105", "Channel": "Microsoft-Windows-Biometrics/Operational", "Provider_Name": "Microsoft-Windows-Biometrics", "Computer": "DESKTOP-OFJ6N53", "TimeCreated": "2024-09-20 01:22:04.439478+00:00", "RecordID": "138", "Level": "4", "UserID": "S-1-5-18", "EventData.BiometricSensor": "Windows Hello Face Virtual Software Device (\\Bootstrap\\Virtual Sensors\\{0527b250-7514-4321-8b68-41c65f956998})", "EventData.SensorAdapter": "FaceBootstrapAdapter.dll", "EventData.EngineAdapter": "FaceBootstrapAdapter.dll", "EventData.StorageAdapter": "FaceBootstrapAdapter.dll", "EventData.DatabaseID": "{dc576da6-d676-4a15-906d-c0ceaf949543}", "EventData.SensorMode": "1", "EventData.SensorPool": "1", "EventData.IsolationLevel": "0", "EventData.IsolationSensorAdapter": "-", "EventData.IsolationEngineAdapter": "-", "EventData.IsolationStorageAdapter": "-", "EventData.Component": "1", "EventData.ErrorCode": "0x80004001"}
{"EventID": "1109", "Channel": "Microsoft-Windows-Biometrics/Operational", "Provider_Name": "Microsoft-Windows-Biometrics", "Computer": "DESKTOP-OFJ6N53", "TimeCreated": "2024-09-20 01:22:04.439486+00:00", "RecordID": "139", "Level": "4", "UserID": "S-1-5-18", "EventData.BiometricSensor": "Windows Hello Face Virtual Software Device (\\Bootstrap\\Virtual Sensors\\{0527b250-7514-4321-8b68-41c65f956998})", "EventData.SensorAdapter": "FaceBootstrapAdapter.dll", "EventData.EngineAdapter": "FaceBootstrapAdapter.dll", "EventData.StorageAdapter": "FaceBootstrapAdapter.dll", "EventData.DatabaseID": "{dc576da6-d676-4a15-906d-c0ceaf949543}", "EventData.SensorMode": "1", "EventData.SensorPool": "1", "EventData.IsolationLevel": "0", "EventData.IsolationSensorAdapter": "-", "EventData.IsolationEngineAdapter": "-", "EventData.IsolationStorageAdapter": "-", "EventData.ErrorCode": "0x80004001"}
{"EventID": "1108", "Channel": "Microsoft-Windows-Biometrics/Operational", "Provider_Name": "Microsoft-Windows-Biometrics", "Computer": "DESKTOP-OFJ6N53", "TimeCreated": "2024-09-20 01:22:04.460697+00:00", "RecordID": "140", "Level": "5", "UserID": "S-1-5-18", "EventData.BiometricSensor": "Analog NUI Voice Virtual Sensor (\\Voice\\Virtual Sensors\\{F25AB4A2-593A-4A89-B9FF-8144BEA81E15})", "EventData.SensorAdapter": "NUIVoiceWBSAdapters.dll", "EventData.EngineAdapter": "NUIVoiceWBSAdapters.dll", "EventData.StorageAdapter": "WinBioStorageAdapter.dll", "EventData.DatabaseID": "{51f39552-1075-4199-b513-0c10ea185db0}", "EventData.SensorMode": "1", "EventData.SensorPool": "1", "EventData.IsolationLevel": "0", "EventData.IsolationSensorAdapter": "-", "EventData.IsolationEngineAdapter": "-", "EventData.IsolationStorageAdapter": "-"}
{"EventID": "1600", "Channel": "Microsoft-Windows-Biometrics/Operational", "Provider_Name": "Microsoft-Windows-Biometrics", "Computer": "DESKTOP-OFJ6N53", "TimeCreated": "2024-10-18 01:23:38.754871+00:00", "RecordID": "141", "Level": "4", "UserID": "S-1-5-18", "EventData.ErrorCode": "0x80070032"}
{"EventID": "1105", "Channel": "Microsoft-Windows-Biometrics/Operational", "Provider_Name": "Microsoft-Windows-Biometrics", "Computer": "DESKTOP-OFJ6N53", "TimeCreated": "2024-10-18 01:23:38.797371+00:00", "RecordID": "142", "Level": "4", "UserID": "S-1-5-18", "EventData.BiometricSensor": "Windows Hello Face Virtual Software Device (\\Bootstrap\\Virtual Sensors\\{0527b250-7514-4321-8b68-41c65f956998})", "EventData.SensorAdapter": "FaceBootstrapAdapter.dll", "EventData.EngineAdapter": "FaceBootstrapAdapter.dll", "EventData.StorageAdapter": "FaceBootstrapAdapter.dll", "EventData.DatabaseID": "{dc576da6-d676-4a15-906d-c0ceaf949543}", "EventData.SensorMode": "1", "EventData.SensorPool": "1", "EventData.IsolationLevel": "0", "EventData.IsolationSensorAdapter": "-", "EventData.IsolationEngineAdapter": "-", "EventData.IsolationStorageAdapter": "-", "EventData.Component": "1", "EventData.ErrorCode": "0x80004001"}
{"EventID": "1109", "Channel": "Microsoft-Windows-Biometrics/Operational", "Provider_Name": "Microsoft-Windows-Biometrics", "Computer": "DESKTOP-OFJ6N53", "TimeCreated": "2024-10-18 01:23:38.797379+00:00", "RecordID": "143", "Level": "4", "UserID": "S-1-5-18", "EventData.BiometricSensor": "Windows Hello Face Virtual Software Device (\\Bootstrap\\Virtual Sensors\\{0527b250-7514-4321-8b68-41c65f956998})", "EventData.SensorAdapter": "FaceBootstrapAdapter.dll", "EventData.EngineAdapter": "FaceBootstrapAdapter.dll", "EventData.StorageAdapter": "FaceBootstrapAdapter.dll", "EventData.DatabaseID": "{dc576da6-d676-4a15-906d-c0ceaf949543}", "EventData.SensorMode": "1", "EventData.SensorPool": "1", "EventData.IsolationLevel": "0", "EventData.IsolationSensorAdapter": "-", "EventData.IsolationEngineAdapter": "-", "EventData.IsolationStorageAdapter": "-", "EventData.ErrorCode": "0x80004001"}
{"EventID": "1108", "Channel": "Microsoft-Windows-Biometrics/Operational", "Provider_Name": "Microsoft-Windows-Biometrics", "Computer": "DESKTOP-OFJ6N53", "TimeCreated": "2024-10-18 01:23:38.827719+00:00", "RecordID": "144", "Level": "5", "UserID": "S-1-5-18", "EventData.BiometricSensor": "Analog NUI Voice Virtual Sensor (\\Voice\\Virtual Sensors\\{F25AB4A2-593A-4A89-B9FF-8144BEA81E15})", "EventData.SensorAdapter": "NUIVoiceWBSAdapters.dll", "EventData.EngineAdapter": "NUIVoiceWBSAdapters.dll", "EventData.StorageAdapter": "WinBioStorageAdapter.dll", "EventData.DatabaseID": "{51f39552-1075-4199-b513-0c10ea185db0}", "EventData.SensorMode": "1", "EventData.SensorPool": "1", "EventData.IsolationLevel": "0", "EventData.IsolationSensorAdapter": "-", "EventData.IsolationEngineAdapter": "-", "EventData.IsolationStorageAdapter": "-"}
{"EventID": "1600", "Channel": "Microsoft-Windows-Biometrics/Operational", "Provider_Name": "Microsoft-Windows-Biometrics", "Computer": "DESKTOP-OFJ6N53", "TimeCreated": "2024-11-16 00:20:16.450006+00:00", "RecordID": "145", "Level": "4", "UserID": "S-1-5-18", "EventData.ErrorCode": "0x80070032"}
{"EventID": "1105", "Channel": "Microsoft-Windows-Biometrics/Operational", "Provider_Name": "Microsoft-Windows-Biometrics", "Computer": "DESKTOP-OFJ6N53", "TimeCreated": "2024-11-16 00:20:16.497011+00:00", "RecordID": "146", "Level": "4", "UserID": "S-1-5-18", "EventData.BiometricSensor": "Windows Hello Face Virtual Software Device (\\Bootstrap\\Virtual Sensors\\{0527b250-7514-4321-8b68-41c65f956998})", "EventData.SensorAdapter": "FaceBootstrapAdapter.dll", "EventData.EngineAdapter": "FaceBootstrapAdapter.dll", "EventData.StorageAdapter": "FaceBootstrapAdapter.dll", "EventData.DatabaseID": "{dc576da6-d676-4a15-906d-c0ceaf949543}", "EventData.SensorMode": "1", "EventData.SensorPool": "1", "EventData.IsolationLevel": "0", "EventData.IsolationSensorAdapter": "-", "EventData.IsolationEngineAdapter": "-", "EventData.IsolationStorageAdapter": "-", "EventData.Component": "1", "EventData.ErrorCode": "0x80004001"}
{"EventID": "1109", "Channel": "Microsoft-Windows-Biometrics/Operational", "Provider_Name": "Microsoft-Windows-Biometrics", "Computer": "DESKTOP-OFJ6N53", "TimeCreated": "2024-11-16 00:20:16.497017+00:00", "RecordID": "147", "Level": "4", "UserID": "S-1-5-18", "EventData.BiometricSensor": "Windows Hello Face Virtual Software Device (\\Bootstrap\\Virtual Sensors\\{0527b250-7514-4321-8b68-41c65f956998})", "EventData.SensorAdapter": "FaceBootstrapAdapter.dll", "EventData.EngineAdapter": "FaceBootstrapAdapter.dll", "EventData.StorageAdapter": "FaceBootstrapAdapter.dll", "EventData.DatabaseID": "{dc576da6-d676-4a15-906d-c0ceaf949543}", "EventData.SensorMode": "1", "EventData.SensorPool": "1", "EventData.IsolationLevel": "0", "EventData.IsolationSensorAdapter": "-", "EventData.IsolationEngineAdapter": "-", "EventData.IsolationStorageAdapter": "-", "EventData.ErrorCode": "0x80004001"}
{"EventID": "1108", "Channel": "Microsoft-Windows-Biometrics/Operational", "Provider_Name": "Microsoft-Windows-Biometrics", "Computer": "DESKTOP-OFJ6N53", "TimeCreated": "2024-11-16 00:20:16.519266+00:00", "RecordID": "148", "Level": "5", "UserID": "S-1-5-18", "EventData.BiometricSensor": "Analog NUI Voice Virtual Sensor (\\Voice\\Virtual Sensors\\{F25AB4A2-593A-4A89-B9FF-8144BEA81E15})", "EventData.SensorAdapter": "NUIVoiceWBSAdapters.dll", "EventData.EngineAdapter": "NUIVoiceWBSAdapters.dll", "EventData.StorageAdapter": "WinBioStorageAdapter.dll", "EventData.DatabaseID": "{51f39552-1075-4199-b513-0c10ea185db0}", "EventData.SensorMode": "1", "EventData.SensorPool": "1", "EventData.IsolationLevel": "0", "EventData.IsolationSensorAdapter": "-", "EventData.IsolationEngineAdapter": "-", "EventData.IsolationStorageAdapter": "-"}
{"EventID": "1600", "Channel": "Microsoft-Windows-Biometrics/Operational", "Provider_Name": "Microsoft-Windows-Biometrics", "Computer": "DESKTOP-OFJ6N53", "TimeCreated": "2024-12-14 00:30:38.477531+00:00", "RecordID": "149", "Level": "4", "UserID": "S-1-5-18", "EventData.ErrorCode": "0x80070032"}
{"EventID": "1105", "Channel": "Microsoft-Windows-Biometrics/Operational", "Provider_Name": "Microsoft-Windows-Biometrics", "Computer": "DESKTOP-OFJ6N53", "TimeCreated": "2024-12-14 00:30:38.557253+00:00", "RecordID": "150", "Level": "4", "UserID": "S-1-5-18", "EventData.BiometricSensor": "Windows Hello Face Virtual Software Device (\\Bootstrap\\Virtual Sensors\\{0527b250-7514-4321-8b68-41c65f956998})", "EventData.SensorAdapter": "FaceBootstrapAdapter.dll", "EventData.EngineAdapter": "FaceBootstrapAdapter.dll", "EventData.StorageAdapter": "FaceBootstrapAdapter.dll", "EventData.DatabaseID": "{dc576da6-d676-4a15-906d-c0ceaf949543}", "EventData.SensorMode": "1", "EventData.SensorPool": "1", "EventData.IsolationLevel": "0", "EventData.IsolationSensorAdapter": "-", "EventData.IsolationEngineAdapter": "-", "EventData.IsolationStorageAdapter": "-", "EventData.Component": "1", "EventData.ErrorCode": "0x80004001"}
{"EventID": "1109", "Channel": "Microsoft-Windows-Biometrics/Operational", "Provider_Name": "Microsoft-Windows-Biometrics", "Computer": "DESKTOP-OFJ6N53", "TimeCreated": "2024-12-14 00:30:38.557261+00:00", "RecordID": "151", "Level": "4", "UserID": "S-1-5-18", "EventData.BiometricSensor": "Windows Hello Face Virtual Software Device (\\Bootstrap\\Virtual Sensors\\{0527b250-7514-4321-8b68-41c65f956998})", "EventData.SensorAdapter": "FaceBootstrapAdapter.dll", "EventData.EngineAdapter": "FaceBootstrapAdapter.dll", "EventData.StorageAdapter": "FaceBootstrapAdapter.dll", "EventData.DatabaseID": "{dc576da6-d676-4a15-906d-c0ceaf949543}", "EventData.SensorMode": "1", "EventData.SensorPool": "1", "EventData.IsolationLevel": "0", "EventData.IsolationSensorAdapter": "-", "EventData.IsolationEngineAdapter": "-", "EventData.IsolationStorageAdapter": "-", "EventData.ErrorCode": "0x80004001"}
{"EventID": "1108", "Channel": "Microsoft-Windows-Biometrics/Operational", "Provider_Name": "Microsoft-Windows-Biometrics", "Computer": "DESKTOP-OFJ6N53", "TimeCreated": "2024-12-14 00:30:38.591114+00:00", "RecordID": "152", "Level": "5", "UserID": "S-1-5-18", "EventData.BiometricSensor": "Analog NUI Voice Virtual Sensor (\\Voice\\Virtual Sensors\\{F25AB4A2-593A-4A89-B9FF-8144BEA81E15})", "EventData.SensorAdapter": "NUIVoiceWBSAdapters.dll", "EventData.EngineAdapter": "NUIVoiceWBSAdapters.dll", "EventData.StorageAdapter": "WinBioStorageAdapter.dll", "EventData.DatabaseID": "{51f39552-1075-4199-b513-0c10ea185db0}", "EventData.SensorMode": "1", "EventData.SensorPool": "1", "EventData.IsolationLevel": "0", "EventData.IsolationSensorAdapter": "-", "EventData.IsolationEngineAdapter": "-", "EventData.IsolationStorageAdapter": "-"}
{"EventID": "1600", "Channel": "Microsoft-Windows-Biometrics/Operational", "Provider_Name": "Microsoft-Windows-Biometrics", "Computer": "DESKTOP-OFJ6N53", "TimeCreated": "2025-01-12 01:44:54.411005+00:00", "RecordID": "153", "Level": "4", "UserID": "S-1-5-18", "EventData.ErrorCode": "0x80070032"}
{"EventID": "1105", "Channel": "Microsoft-Windows-Biometrics/Operational", "Provider_Name": "Microsoft-Windows-Biometrics", "Computer": "DESKTOP-OFJ6N53", "TimeCreated": "2025-01-12 01:44:54.455698+00:00", "RecordID": "154", "Level": "4", "UserID": "S-1-5-18", "EventData.BiometricSensor": "Windows Hello Face Virtual Software Device (\\Bootstrap\\Virtual Sensors\\{0527b250-7514-4321-8b68-41c65f956998})", "EventData.SensorAdapter": "FaceBootstrapAdapter.dll", "EventData.EngineAdapter": "FaceBootstrapAdapter.dll", "EventData.StorageAdapter": "FaceBootstrapAdapter.dll", "EventData.DatabaseID": "{dc576da6-d676-4a15-906d-c0ceaf949543}", "EventData.SensorMode": "1", "EventData.SensorPool": "1", "EventData.IsolationLevel": "0", "EventData.IsolationSensorAdapter": "-", "EventData.IsolationEngineAdapter": "-", "EventData.IsolationStorageAdapter": "-", "EventData.Component": "1", "EventData.ErrorCode": "0x80004001"}
{"EventID": "1109", "Channel": "Microsoft-Windows-Biometrics/Operational", "Provider_Name": "Microsoft-Windows-Biometrics", "Computer": "DESKTOP-OFJ6N53", "TimeCreated": "2025-01-12 01:44:54.455708+00:00", "RecordID": "155", "Level": "4", "UserID": "S-1-5-18", "EventData.BiometricSensor": "Windows Hello Face Virtual Software Device (\\Bootstrap\\Virtual Sensors\\{0527b250-7514-4321-8b68-41c65f956998})", "EventData.SensorAdapter": "FaceBootstrapAdapter.dll", "EventData.EngineAdapter": "FaceBootstrapAdapter.dll", "EventData.StorageAdapter": "FaceBootstrapAdapter.dll", "EventData.DatabaseID": "{dc576da6-d676-4a15-906d-c0ceaf949543}", "EventData.SensorMode": "1", "EventData.SensorPool": "1", "EventData.IsolationLevel": "0", "EventData.IsolationSensorAdapter": "-", "EventData.IsolationEngineAdapter": "-", "EventData.IsolationStorageAdapter": "-", "EventData.ErrorCode": "0x80004001"}
{"EventID": "1108", "Channel": "Microsoft-Windows-Biometrics/Operational", "Provider_Name": "Microsoft-Windows-Biometrics", "Computer": "DESKTOP-OFJ6N53", "TimeCreated": "2025-01-12 01:44:54.476280+00:00", "RecordID": "156", "Level": "5", "UserID": "S-1-5-18", "EventData.BiometricSensor": "Analog NUI Voice Virtual Sensor (\\Voice\\Virtual Sensors\\{F25AB4A2-593A-4A89-B9FF-8144BEA81E15})", "EventData.SensorAdapter": "NUIVoiceWBSAdapters.dll", "EventData.EngineAdapter": "NUIVoiceWBSAdapters.dll", "EventData.StorageAdapter": "WinBioStorageAdapter.dll", "EventData.DatabaseID": "{51f39552-1075-4199-b513-0c10ea185db0}", "EventData.SensorMode": "1", "EventData.SensorPool": "1", "EventData.IsolationLevel": "0", "EventData.IsolationSensorAdapter": "-", "EventData.IsolationEngineAdapter": "-", "EventData.IsolationStorageAdapter": "-"}
{"EventID": "1600", "Channel": "Microsoft-Windows-Biometrics/Operational", "Provider_Name": "Microsoft-Windows-Biometrics", "Computer": "DESKTOP-OFJ6N53", "TimeCreated": "2025-02-10 01:40:26.286242+00:00", "RecordID": "157", "Level": "4", "UserID": "S-1-5-18", "EventData.ErrorCode": "0x80070032"}
{"EventID": "1105", "Channel": "Microsoft-Windows-Biometrics/Operational", "Provider_Name": "Microsoft-Windows-Biometrics", "Computer": "DESKTOP-OFJ6N53", "TimeCreated": "2025-02-10 01:40:26.447256+00:00", "RecordID": "158", "Level": "4", "UserID": "S-1-5-18", "EventData.BiometricSensor": "Windows Hello Face Virtual Software Device (\\Bootstrap\\Virtual Sensors\\{0527b250-7514-4321-8b68-41c65f956998})", "EventData.SensorAdapter": "FaceBootstrapAdapter.dll", "EventData.EngineAdapter": "FaceBootstrapAdapter.dll", "EventData.StorageAdapter": "FaceBootstrapAdapter.dll", "EventData.DatabaseID": "{dc576da6-d676-4a15-906d-c0ceaf949543}", "EventData.SensorMode": "1", "EventData.SensorPool": "1", "EventData.IsolationLevel": "0", "EventData.IsolationSensorAdapter": "-", "EventData.IsolationEngineAdapter": "-", "EventData.IsolationStorageAdapter": "-", "EventData.Component": "1", "EventData.ErrorCode": "0x80004001"}
{"EventID": "1109", "Channel": "Microsoft-Windows-Biometrics/Operational", "Provider_Name": "Microsoft-Windows-Biometrics", "Computer": "DESKTOP-OFJ6N53", "TimeCreated": "2025-02-10 01:40:26.447268+00:00", "RecordID": "159", "Level": "4", "UserID": "S-1-5-18", "EventData.BiometricSensor": "Windows Hello Face Virtual Software Device (\\Bootstrap\\Virtual Sensors\\{0527b250-7514-4321-8b68-41c65f956998})", "EventData.SensorAdapter": "FaceBootstrapAdapter.dll", "EventData.EngineAdapter": "FaceBootstrapAdapter.dll", "EventData.StorageAdapter": "FaceBootstrapAdapter.dll", "EventData.DatabaseID": "{dc576da6-d676-4a15-906d-c0ceaf949543}", "EventData.SensorMode": "1", "EventData.SensorPool": "1", "EventData.IsolationLevel": "0", "EventData.IsolationSensorAdapter": "-", "EventData.IsolationEngineAdapter": "-", "EventData.IsolationStorageAdapter": "-", "EventData.ErrorCode": "0x80004001"}
{"EventID": "1108", "Channel": "Microsoft-Windows-Biometrics/Operational", "Provider_Name": "Microsoft-Windows-Biometrics", "Computer": "DESKTOP-OFJ6N53", "TimeCreated": "2025-02-10 01:40:26.609867+00:00", "RecordID": "160", "Level": "5", "UserID": "S-1-5-18", "EventData.BiometricSensor": "Analog NUI Voice Virtual Sensor (\\Voice\\Virtual Sensors\\{F25AB4A2-593A-4A89-B9FF-8144BEA81E15})", "EventData.SensorAdapter": "NUIVoiceWBSAdapters.dll", "EventData.EngineAdapter": "NUIVoiceWBSAdapters.dll", "EventData.StorageAdapter": "WinBioStorageAdapter.dll", "EventData.DatabaseID": "{51f39552-1075-4199-b513-0c10ea185db0}", "EventData.SensorMode": "1", "EventData.SensorPool": "1", "EventData.IsolationLevel": "0", "EventData.IsolationSensorAdapter": "-", "EventData.IsolationEngineAdapter": "-", "EventData.IsolationStorageAdapter": "-"}
{"EventID": "1600", "Channel": "Microsoft-Windows-Biometrics/Operational", "Provider_Name": "Microsoft-Windows-Biometrics", "Computer": "DESKTOP-OFJ6N53", "TimeCreated": "2025-03-10 01:49:28.642050+00:00", "RecordID": "161", "Level": "4", "UserID": "S-1-5-18", "EventData.ErrorCode": "0x80070032"}
{"EventID": "1105", "Channel": "Microsoft-Windows-Biometrics/Operational", "Provider_Name": "Microsoft-Windows-Biometrics", "Computer": "DESKTOP-OFJ6N53", "TimeCreated": "2025-03-10 01:49:28.931820+00:00", "RecordID": "162", "Level": "4", "UserID": "S-1-5-18", "EventData.BiometricSensor": "Windows Hello Face Virtual Software Device (\\Bootstrap\\Virtual Sensors\\{0527b250-7514-4321-8b68-41c65f956998})", "EventData.SensorAdapter": "FaceBootstrapAdapter.dll", "EventData.EngineAdapter": "FaceBootstrapAdapter.dll", "EventData.StorageAdapter": "FaceBootstrapAdapter.dll", "EventData.DatabaseID": "{dc576da6-d676-4a15-906d-c0ceaf949543}", "EventData.SensorMode": "1", "EventData.SensorPool": "1", "EventData.IsolationLevel": "0", "EventData.IsolationSensorAdapter": "-", "EventData.IsolationEngineAdapter": "-", "EventData.IsolationStorageAdapter": "-", "EventData.Component": "1", "EventData.ErrorCode": "0x80004001"}
{"EventID": "1109", "Channel": "Microsoft-Windows-Biometrics/Operational", "Provider_Name": "Microsoft-Windows-Biometrics", "Computer": "DESKTOP-OFJ6N53", "TimeCreated": "2025-03-10 01:49:28.931833+00:00", "RecordID": "163", "Level": "4", "UserID": "S-1-5-18", "EventData.BiometricSensor": "Windows Hello Face Virtual Software Device (\\Bootstrap\\Virtual Sensors\\{0527b250-7514-4321-8b68-41c65f956998})", "EventData.SensorAdapter": "FaceBootstrapAdapter.dll", "EventData.EngineAdapter": "FaceBootstrapAdapter.dll", "EventData.StorageAdapter": "FaceBootstrapAdapter.dll", "EventData.DatabaseID": "{dc576da6-d676-4a15-906d-c0ceaf949543}", "EventData.SensorMode": "1", "EventData.SensorPool": "1", "EventData.IsolationLevel": "0", "EventData.IsolationSensorAdapter": "-", "EventData.IsolationEngineAdapter": "-", "EventData.IsolationStorageAdapter": "-", "EventData.ErrorCode": "0x80004001"}
{"EventID": "1108", "Channel": "Microsoft-Windows-Biometrics/Operational", "Provider_Name": "Microsoft-Windows-Biometrics", "Computer": "DESKTOP-OFJ6N53", "TimeCreated": "2025-03-10 01:49:28.964838+00:00", "RecordID": "164", "Level": "5", "UserID": "S-1-5-18", "EventData.BiometricSensor": "Analog NUI Voice Virtual Sensor (\\Voice\\Virtual Sensors\\{F25AB4A2-593A-4A89-B9FF-8144BEA81E15})", "EventData.SensorAdapter": "NUIVoiceWBSAdapters.dll", "EventData.EngineAdapter": "NUIVoiceWBSAdapters.dll", "EventData.StorageAdapter": "WinBioStorageAdapter.dll", "EventData.DatabaseID": "{51f39552-1075-4199-b513-0c10ea185db0}", "EventData.SensorMode": "1", "EventData.SensorPool": "1", "EventData.IsolationLevel": "0", "EventData.IsolationSensorAdapter": "-", "EventData.IsolationEngineAdapter": "-", "EventData.IsolationStorageAdapter": "-"}
{"EventID": "1600", "Channel": "Microsoft-Windows-Biometrics/Operational", "Provider_Name": "Microsoft-Windows-Biometrics", "Computer": "DESKTOP-OFJ6N53", "TimeCreated": "2025-04-08 00:18:03.463221+00:00", "RecordID": "165", "Level": "4", "UserID": "S-1-5-18", "EventData.ErrorCode": "0x80070032"}
{"EventID": "1105", "Channel": "Microsoft-Windows-Biometrics/Operational", "Provider_Name": "Microsoft-Windows-Biometrics", "Computer": "DESKTOP-OFJ6N53", "TimeCreated": "2025-04-08 00:18:03.788908+00:00", "RecordID": "166", "Level": "4", "UserID": "S-1-5-18", "EventData.BiometricSensor": "Windows Hello Face Virtual Software Device (\\Bootstrap\\Virtual Sensors\\{0527b250-7514-4321-8b68-41c65f956998})", "EventData.SensorAdapter": "FaceBootstrapAdapter.dll", "EventData.EngineAdapter": "FaceBootstrapAdapter.dll", "EventData.StorageAdapter": "FaceBootstrapAdapter.dll", "EventData.DatabaseID": "{dc576da6-d676-4a15-906d-c0ceaf949543}", "EventData.SensorMode": "1", "EventData.SensorPool": "1", "EventData.IsolationLevel": "0", "EventData.IsolationSensorAdapter": "-", "EventData.IsolationEngineAdapter": "-", "EventData.IsolationStorageAdapter": "-", "EventData.Component": "1", "EventData.ErrorCode": "0x80004001"}
{"EventID": "1109", "Channel": "Microsoft-Windows-Biometrics/Operational", "Provider_Name": "Microsoft-Windows-Biometrics", "Computer": "DESKTOP-OFJ6N53", "TimeCreated": "2025-04-08 00:18:03.788916+00:00", "RecordID": "167", "Level": "4", "UserID": "S-1-5-18", "EventData.BiometricSensor": "Windows Hello Face Virtual Software Device (\\Bootstrap\\Virtual Sensors\\{0527b250-7514-4321-8b68-41c65f956998})", "EventData.SensorAdapter": "FaceBootstrapAdapter.dll", "EventData.EngineAdapter": "FaceBootstrapAdapter.dll", "EventData.StorageAdapter": "FaceBootstrapAdapter.dll", "EventData.DatabaseID": "{dc576da6-d676-4a15-906d-c0ceaf949543}", "EventData.SensorMode": "1", "EventData.SensorPool": "1", "EventData.IsolationLevel": "0", "EventData.IsolationSensorAdapter": "-", "EventData.IsolationEngineAdapter": "-", "EventData.IsolationStorageAdapter": "-", "EventData.ErrorCode": "0x80004001"}
{"EventID": "1108", "Channel": "Microsoft-Windows-Biometrics/Operational", "Provider_Name": "Microsoft-Windows-Biometrics", "Computer": "DESKTOP-OFJ6N53", "TimeCreated": "2025-04-08 00:18:04.087326+00:00", "RecordID": "168", "Level": "5", "UserID": "S-1-5-18", "EventData.BiometricSensor": "Analog NUI Voice Virtual Sensor (\\Voice\\Virtual Sensors\\{F25AB4A2-593A-4A89-B9FF-8144BEA81E15})", "EventData.SensorAdapter": "NUIVoiceWBSAdapters.dll", "EventData.EngineAdapter": "NUIVoiceWBSAdapters.dll", "EventData.StorageAdapter": "WinBioStorageAdapter.dll", "EventData.DatabaseID": "{51f39552-1075-4199-b513-0c10ea185db0}", "EventData.SensorMode": "1", "EventData.SensorPool": "1", "EventData.IsolationLevel": "0", "EventData.IsolationSensorAdapter": "-", "EventData.IsolationEngineAdapter": "-", "EventData.IsolationStorageAdapter": "-"}
{"EventID": "1600", "Channel": "Microsoft-Windows-Biometrics/Operational", "Provider_Name": "Microsoft-Windows-Biometrics", "Computer": "DESKTOP-OFJ6N53", "TimeCreated": "2025-05-07 01:21:00.005453+00:00", "RecordID": "169", "Level": "4", "UserID": "S-1-5-18", "EventData.ErrorCode": "0x80070032"}
{"EventID": "1105", "Channel": "Microsoft-Windows-Biometrics/Operational", "Provider_Name": "Microsoft-Windows-Biometrics", "Computer": "DESKTOP-OFJ6N53", "TimeCreated": "2025-05-07 01:21:00.360674+00:00", "RecordID": "170", "Level": "4", "UserID": "S-1-5-18", "EventData.BiometricSensor": "Windows Hello Face Virtual Software Device (\\Bootstrap\\Virtual Sensors\\{0527b250-7514-4321-8b68-41c65f956998})", "EventData.SensorAdapter": "FaceBootstrapAdapter.dll", "EventData.EngineAdapter": "FaceBootstrapAdapter.dll", "EventData.StorageAdapter": "FaceBootstrapAdapter.dll", "EventData.DatabaseID": "{dc576da6-d676-4a15-906d-c0ceaf949543}", "EventData.SensorMode": "1", "EventData.SensorPool": "1", "EventData.IsolationLevel": "0", "EventData.IsolationSensorAdapter": "-", "EventData.IsolationEngineAdapter": "-", "EventData.IsolationStorageAdapter": "-", "EventData.Component": "1", "EventData.ErrorCode": "0x80004001"}
{"EventID": "1109", "Channel": "Microsoft-Windows-Biometrics/Operational", "Provider_Name": "Microsoft-Windows-Biometrics", "Computer": "DESKTOP-OFJ6N53", "TimeCreated": "2025-05-07 01:21:00.360683+00:00", "RecordID": "171", "Level": "4", "UserID": "S-1-5-18", "EventData.BiometricSensor": "Windows Hello Face Virtual Software Device (\\Bootstrap\\Virtual Sensors\\{0527b250-7514-4321-8b68-41c65f956998})", "EventData.SensorAdapter": "FaceBootstrapAdapter.dll", "EventData.EngineAdapter": "FaceBootstrapAdapter.dll", "EventData.StorageAdapter": "FaceBootstrapAdapter.dll", "EventData.DatabaseID": "{dc576da6-d676-4a15-906d-c0ceaf949543}", "EventData.SensorMode": "1", "EventData.SensorPool": "1", "EventData.IsolationLevel": "0", "EventData.IsolationSensorAdapter": "-", "EventData.IsolationEngineAdapter": "-", "EventData.IsolationStorageAdapter": "-", "EventData.ErrorCode": "0x80004001"}
{"EventID": "1108", "Channel": "Microsoft-Windows-Biometrics/Operational", "Provider_Name": "Microsoft-Windows-Biometrics", "Computer": "DESKTOP-OFJ6N53", "TimeCreated": "2025-05-07 01:21:00.403683+00:00", "RecordID": "172", "Level": "5", "UserID": "S-1-5-18", "EventData.BiometricSensor": "Analog NUI Voice Virtual Sensor (\\Voice\\Virtual Sensors\\{F25AB4A2-593A-4A89-B9FF-8144BEA81E15})", "EventData.SensorAdapter": "NUIVoiceWBSAdapters.dll", "EventData.EngineAdapter": "NUIVoiceWBSAdapters.dll", "EventData.StorageAdapter": "WinBioStorageAdapter.dll", "EventData.DatabaseID": "{51f39552-1075-4199-b513-0c10ea185db0}", "EventData.SensorMode": "1", "EventData.SensorPool": "1", "EventData.IsolationLevel": "0", "EventData.IsolationSensorAdapter": "-", "EventData.IsolationEngineAdapter": "-", "EventData.IsolationStorageAdapter": "-"}
{"EventID": "1600", "Channel": "Microsoft-Windows-Biometrics/Operational", "Provider_Name": "Microsoft-Windows-Biometrics", "Computer": "DESKTOP-OFJ6N53", "TimeCreated": "2025-06-05 01:05:59.592422+00:00", "RecordID": "173", "Level": "4", "UserID": "S-1-5-18", "EventData.ErrorCode": "0x80070032"}
{"EventID": "1105", "Channel": "Microsoft-Windows-Biometrics/Operational", "Provider_Name": "Microsoft-Windows-Biometrics", "Computer": "DESKTOP-OFJ6N53", "TimeCreated": "2025-06-05 01:05:59.940020+00:00", "RecordID": "174", "Level": "4", "UserID": "S-1-5-18", "EventData.BiometricSensor": "Windows Hello Face Virtual Software Device (\\Bootstrap\\Virtual Sensors\\{0527b250-7514-4321-8b68-41c65f956998})", "EventData.SensorAdapter": "FaceBootstrapAdapter.dll", "EventData.EngineAdapter": "FaceBootstrapAdapter.dll", "EventData.StorageAdapter": "FaceBootstrapAdapter.dll", "EventData.DatabaseID": "{dc576da6-d676-4a15-906d-c0ceaf949543}", "EventData.SensorMode": "1", "EventData.SensorPool": "1", "EventData.IsolationLevel": "0", "EventData.IsolationSensorAdapter": "-", "EventData.IsolationEngineAdapter": "-", "EventData.IsolationStorageAdapter": "-", "EventData.Component": "1", "EventData.ErrorCode": "0x80004001"}
{"EventID": "1109", "Channel": "Microsoft-Windows-Biometrics/Operational", "Provider_Name": "Microsoft-Windows-Biometrics", "Computer": "DESKTOP-OFJ6N53", "TimeCreated": "2025-06-05 01:05:59.940031+00:00", "RecordID": "175", "Level": "4", "UserID": "S-1-5-18", "EventData.BiometricSensor": "Windows Hello Face Virtual Software Device (\\Bootstrap\\Virtual Sensors\\{0527b250-7514-4321-8b68-41c65f956998})", "EventData.SensorAdapter": "FaceBootstrapAdapter.dll", "EventData.EngineAdapter": "FaceBootstrapAdapter.dll", "EventData.StorageAdapter": "FaceBootstrapAdapter.dll", "EventData.DatabaseID": "{dc576da6-d676-4a15-906d-c0ceaf949543}", "EventData.SensorMode": "1", "EventData.SensorPool": "1", "EventData.IsolationLevel": "0", "EventData.IsolationSensorAdapter": "-", "EventData.IsolationEngineAdapter": "-", "EventData.IsolationStorageAdapter": "-", "EventData.ErrorCode": "0x80004001"}
{"EventID": "1108", "Channel": "Microsoft-Windows-Biometrics/Operational", "Provider_Name": "Microsoft-Windows-Biometrics", "Computer": "DESKTOP-OFJ6N53", "TimeCreated": "2025-06-05 01:06:00.070686+00:00", "RecordID": "176", "Level": "5", "UserID": "S-1-5-18", "EventData.BiometricSensor": "Analog NUI Voice Virtual Sensor (\\Voice\\Virtual Sensors\\{F25AB4A2-593A-4A89-B9FF-8144BEA81E15})", "EventData.SensorAdapter": "NUIVoiceWBSAdapters.dll", "EventData.EngineAdapter": "NUIVoiceWBSAdapters.dll", "EventData.StorageAdapter": "WinBioStorageAdapter.dll", "EventData.DatabaseID": "{51f39552-1075-4199-b513-0c10ea185db0}", "EventData.SensorMode": "1", "EventData.SensorPool": "1", "EventData.IsolationLevel": "0", "EventData.IsolationSensorAdapter": "-", "EventData.IsolationEngineAdapter": "-", "EventData.IsolationStorageAdapter": "-"}
{"EventID": "1600", "Channel": "Microsoft-Windows-Biometrics/Operational", "Provider_Name": "Microsoft-Windows-Biometrics", "Computer": "DESKTOP-OFJ6N53", "TimeCreated": "2025-07-04 00:48:44.992117+00:00", "RecordID": "177", "Level": "4", "UserID": "S-1-5-18", "EventData.ErrorCode": "0x80070032"}
{"EventID": "1105", "Channel": "Microsoft-Windows-Biometrics/Operational", "Provider_Name": "Microsoft-Windows-Biometrics", "Computer": "DESKTOP-OFJ6N53", "TimeCreated": "2025-07-04 00:48:45.083595+00:00", "RecordID": "178", "Level": "4", "UserID": "S-1-5-18", "EventData.BiometricSensor": "Windows Hello Face Virtual Software Device (\\Bootstrap\\Virtual Sensors\\{0527b250-7514-4321-8b68-41c65f956998})", "EventData.SensorAdapter": "FaceBootstrapAdapter.dll", "EventData.EngineAdapter": "FaceBootstrapAdapter.dll", "EventData.StorageAdapter": "FaceBootstrapAdapter.dll", "EventData.DatabaseID": "{dc576da6-d676-4a15-906d-c0ceaf949543}", "EventData.SensorMode": "1", "EventData.SensorPool": "1", "EventData.IsolationLevel": "0", "EventData.IsolationSensorAdapter": "-", "EventData.IsolationEngineAdapter": "-", "EventData.IsolationStorageAdapter": "-", "EventData.Component": "1", "EventData.ErrorCode": "0x80004001"}
{"EventID": "1109", "Channel": "Microsoft-Windows-Biometrics/Operational", "Provider_Name": "Microsoft-Windows-Biometrics", "Computer": "DESKTOP-OFJ6N53", "TimeCreated": "2025-07-04 00:48:45.083612+00:00", "RecordID": "179", "Level": "4", "UserID": "S-1-5-18", "EventData.BiometricSensor": "Windows Hello Face Virtual Software Device (\\Bootstrap\\Virtual Sensors\\{0527b250-7514-4321-8b68-41c65f956998})", "EventData.SensorAdapter": "FaceBootstrapAdapter.dll", "EventData.EngineAdapter": "FaceBootstrapAdapter.dll", "EventData.StorageAdapter": "FaceBootstrapAdapter.dll", "EventData.DatabaseID": "{dc576da6-d676-4a15-906d-c0ceaf949543}", "EventData.SensorMode": "1", "EventData.SensorPool": "1", "EventData.IsolationLevel": "0", "EventData.IsolationSensorAdapter": "-", "EventData.IsolationEngineAdapter": "-", "EventData.IsolationStorageAdapter": "-", "EventData.ErrorCode": "0x80004001"}
{"EventID": "1108", "Channel": "Microsoft-Windows-Biometrics/Operational", "Provider_Name": "Microsoft-Windows-Biometrics", "Computer": "DESKTOP-OFJ6N53", "TimeCreated": "2025-07-04 00:48:45.120327+00:00", "RecordID": "180", "Level": "5", "UserID": "S-1-5-18", "EventData.BiometricSensor": "Analog NUI Voice Virtual Sensor (\\Voice\\Virtual Sensors\\{F25AB4A2-593A-4A89-B9FF-8144BEA81E15})", "EventData.SensorAdapter": "NUIVoiceWBSAdapters.dll", "EventData.EngineAdapter": "NUIVoiceWBSAdapters.dll", "EventData.StorageAdapter": "WinBioStorageAdapter.dll", "EventData.DatabaseID": "{51f39552-1075-4199-b513-0c10ea185db0}", "EventData.SensorMode": "1", "EventData.SensorPool": "1", "EventData.IsolationLevel": "0", "EventData.IsolationSensorAdapter": "-", "EventData.IsolationEngineAdapter": "-", "EventData.IsolationStorageAdapter": "-"}
{"EventID": "1600", "Channel": "Microsoft-Windows-Biometrics/Operational", "Provider_Name": "Microsoft-Windows-Biometrics", "Computer": "DESKTOP-OFJ6N53", "TimeCreated": "2025-08-01 01:35:11.930197+00:00", "RecordID": "181", "Level": "4", "UserID": "S-1-5-18", "EventData.ErrorCode": "0x80070032"}
{"EventID": "1105", "Channel": "Microsoft-Windows-Biometrics/Operational", "Provider_Name": "Microsoft-Windows-Biometrics", "Computer": "DESKTOP-OFJ6N53", "TimeCreated": "2025-08-01 01:35:11.998085+00:00", "RecordID": "182", "Level": "4", "UserID": "S-1-5-18", "EventData.BiometricSensor": "Windows Hello Face Virtual Software Device (\\Bootstrap\\Virtual Sensors\\{0527b250-7514-4321-8b68-41c65f956998})", "EventData.SensorAdapter": "FaceBootstrapAdapter.dll", "EventData.EngineAdapter": "FaceBootstrapAdapter.dll", "EventData.StorageAdapter": "FaceBootstrapAdapter.dll", "EventData.DatabaseID": "{dc576da6-d676-4a15-906d-c0ceaf949543}", "EventData.SensorMode": "1", "EventData.SensorPool": "1", "EventData.IsolationLevel": "0", "EventData.IsolationSensorAdapter": "-", "EventData.IsolationEngineAdapter": "-", "EventData.IsolationStorageAdapter": "-", "EventData.Component": "1", "EventData.ErrorCode": "0x80004001"}
{"EventID": "1109", "Channel": "Microsoft-Windows-Biometrics/Operational", "Provider_Name": "Microsoft-Windows-Biometrics", "Computer": "DESKTOP-OFJ6N53", "TimeCreated": "2025-08-01 01:35:11.998095+00:00", "RecordID": "183", "Level": "4", "UserID": "S-1-5-18", "EventData.BiometricSensor": "Windows Hello Face Virtual Software Device (\\Bootstrap\\Virtual Sensors\\{0527b250-7514-4321-8b68-41c65f956998})", "EventData.SensorAdapter": "FaceBootstrapAdapter.dll", "EventData.EngineAdapter": "FaceBootstrapAdapter.dll", "EventData.StorageAdapter": "FaceBootstrapAdapter.dll", "EventData.DatabaseID": "{dc576da6-d676-4a15-906d-c0ceaf949543}", "EventData.SensorMode": "1", "EventData.SensorPool": "1", "EventData.IsolationLevel": "0", "EventData.IsolationSensorAdapter": "-", "EventData.IsolationEngineAdapter": "-", "EventData.IsolationStorageAdapter": "-", "EventData.ErrorCode": "0x80004001"}
{"EventID": "1108", "Channel": "Microsoft-Windows-Biometrics/Operational", "Provider_Name": "Microsoft-Windows-Biometrics", "Computer": "DESKTOP-OFJ6N53", "TimeCreated": "2025-08-01 01:35:12.062729+00:00", "RecordID": "184", "Level": "5", "UserID": "S-1-5-18", "EventData.BiometricSensor": "Analog NUI Voice Virtual Sensor (\\Voice\\Virtual Sensors\\{F25AB4A2-593A-4A89-B9FF-8144BEA81E15})", "EventData.SensorAdapter": "NUIVoiceWBSAdapters.dll", "EventData.EngineAdapter": "NUIVoiceWBSAdapters.dll", "EventData.StorageAdapter": "WinBioStorageAdapter.dll", "EventData.DatabaseID": "{51f39552-1075-4199-b513-0c10ea185db0}", "EventData.SensorMode": "1", "EventData.SensorPool": "1", "EventData.IsolationLevel": "0", "EventData.IsolationSensorAdapter": "-", "EventData.IsolationEngineAdapter": "-", "EventData.IsolationStorageAdapter": "-"}
{"EventID": "1600", "Channel": "Microsoft-Windows-Biometrics/Operational", "Provider_Name": "Microsoft-Windows-Biometrics", "Computer": "DESKTOP-OFJ6N53", "TimeCreated": "2025-08-15 13:36:00.496040+00:00", "RecordID": "185", "Level": "4", "UserID": "S-1-5-18", "EventData.ErrorCode": "0x80070032"}
{"EventID": "1105", "Channel": "Microsoft-Windows-Biometrics/Operational", "Provider_Name": "Microsoft-Windows-Biometrics", "Computer": "DESKTOP-OFJ6N53", "TimeCreated": "2025-08-15 13:36:00.569328+00:00", "RecordID": "186", "Level": "4", "UserID": "S-1-5-18", "EventData.BiometricSensor": "Windows Hello Face Virtual Software Device (\\Bootstrap\\Virtual Sensors\\{0527b250-7514-4321-8b68-41c65f956998})", "EventData.SensorAdapter": "FaceBootstrapAdapter.dll", "EventData.EngineAdapter": "FaceBootstrapAdapter.dll", "EventData.StorageAdapter": "FaceBootstrapAdapter.dll", "EventData.DatabaseID": "{dc576da6-d676-4a15-906d-c0ceaf949543}", "EventData.SensorMode": "1", "EventData.SensorPool": "1", "EventData.IsolationLevel": "0", "EventData.IsolationSensorAdapter": "-", "EventData.IsolationEngineAdapter": "-", "EventData.IsolationStorageAdapter": "-", "EventData.Component": "1", "EventData.ErrorCode": "0x80004001"}
{"EventID": "1109", "Channel": "Microsoft-Windows-Biometrics/Operational", "Provider_Name": "Microsoft-Windows-Biometrics", "Computer": "DESKTOP-OFJ6N53", "TimeCreated": "2025-08-15 13:36:00.569338+00:00", "RecordID": "187", "Level": "4", "UserID": "S-1-5-18", "EventData.BiometricSensor": "Windows Hello Face Virtual Software Device (\\Bootstrap\\Virtual Sensors\\{0527b250-7514-4321-8b68-41c65f956998})", "EventData.SensorAdapter": "FaceBootstrapAdapter.dll", "EventData.EngineAdapter": "FaceBootstrapAdapter.dll", "EventData.StorageAdapter": "FaceBootstrapAdapter.dll", "EventData.DatabaseID": "{dc576da6-d676-4a15-906d-c0ceaf949543}", "EventData.SensorMode": "1", "EventData.SensorPool": "1", "EventData.IsolationLevel": "0", "EventData.IsolationSensorAdapter": "-", "EventData.IsolationEngineAdapter": "-", "EventData.IsolationStorageAdapter": "-", "EventData.ErrorCode": "0x80004001"}
{"EventID": "1108", "Channel": "Microsoft-Windows-Biometrics/Operational", "Provider_Name": "Microsoft-Windows-Biometrics", "Computer": "DESKTOP-OFJ6N53", "TimeCreated": "2025-08-15 13:36:00.605799+00:00", "RecordID": "188", "Level": "5", "UserID": "S-1-5-18", "EventData.BiometricSensor": "Analog NUI Voice Virtual Sensor (\\Voice\\Virtual Sensors\\{F25AB4A2-593A-4A89-B9FF-8144BEA81E15})", "EventData.SensorAdapter": "NUIVoiceWBSAdapters.dll", "EventData.EngineAdapter": "NUIVoiceWBSAdapters.dll", "EventData.StorageAdapter": "WinBioStorageAdapter.dll", "EventData.DatabaseID": "{51f39552-1075-4199-b513-0c10ea185db0}", "EventData.SensorMode": "1", "EventData.SensorPool": "1", "EventData.IsolationLevel": "0", "EventData.IsolationSensorAdapter": "-", "EventData.IsolationEngineAdapter": "-", "EventData.IsolationStorageAdapter": "-"}
{"EventID": "1600", "Channel": "Microsoft-Windows-Biometrics/Operational", "Provider_Name": "Microsoft-Windows-Biometrics", "Computer": "DESKTOP-OFJ6N53", "TimeCreated": "2025-08-22 11:55:29.903093+00:00", "RecordID": "189", "Level": "4", "UserID": "S-1-5-18", "EventData.ErrorCode": "0x80070032"}
{"EventID": "1105", "Channel": "Microsoft-Windows-Biometrics/Operational", "Provider_Name": "Microsoft-Windows-Biometrics", "Computer": "DESKTOP-OFJ6N53", "TimeCreated": "2025-08-22 11:55:30.128014+00:00", "RecordID": "190", "Level": "4", "UserID": "S-1-5-18", "EventData.BiometricSensor": "Windows Hello Face Virtual Software Device (\\Bootstrap\\Virtual Sensors\\{0527b250-7514-4321-8b68-41c65f956998})", "EventData.SensorAdapter": "FaceBootstrapAdapter.dll", "EventData.EngineAdapter": "FaceBootstrapAdapter.dll", "EventData.StorageAdapter": "FaceBootstrapAdapter.dll", "EventData.DatabaseID": "{dc576da6-d676-4a15-906d-c0ceaf949543}", "EventData.SensorMode": "1", "EventData.SensorPool": "1", "EventData.IsolationLevel": "0", "EventData.IsolationSensorAdapter": "-", "EventData.IsolationEngineAdapter": "-", "EventData.IsolationStorageAdapter": "-", "EventData.Component": "1", "EventData.ErrorCode": "0x80004001"}
{"EventID": "1109", "Channel": "Microsoft-Windows-Biometrics/Operational", "Provider_Name": "Microsoft-Windows-Biometrics", "Computer": "DESKTOP-OFJ6N53", "TimeCreated": "2025-08-22 11:55:30.128023+00:00", "RecordID": "191", "Level": "4", "UserID": "S-1-5-18", "EventData.BiometricSensor": "Windows Hello Face Virtual Software Device (\\Bootstrap\\Virtual Sensors\\{0527b250-7514-4321-8b68-41c65f956998})", "EventData.SensorAdapter": "FaceBootstrapAdapter.dll", "EventData.EngineAdapter": "FaceBootstrapAdapter.dll", "EventData.StorageAdapter": "FaceBootstrapAdapter.dll", "EventData.DatabaseID": "{dc576da6-d676-4a15-906d-c0ceaf949543}", "EventData.SensorMode": "1", "EventData.SensorPool": "1", "EventData.IsolationLevel": "0", "EventData.IsolationSensorAdapter": "-", "EventData.IsolationEngineAdapter": "-", "EventData.IsolationStorageAdapter": "-", "EventData.ErrorCode": "0x80004001"}
{"EventID": "1108", "Channel": "Microsoft-Windows-Biometrics/Operational", "Provider_Name": "Microsoft-Windows-Biometrics", "Computer": "DESKTOP-OFJ6N53", "TimeCreated": "2025-08-22 11:55:30.351723+00:00", "RecordID": "192", "Level": "5", "UserID": "S-1-5-18", "EventData.BiometricSensor": "Analog NUI Voice Virtual Sensor (\\Voice\\Virtual Sensors\\{F25AB4A2-593A-4A89-B9FF-8144BEA81E15})", "EventData.SensorAdapter": "NUIVoiceWBSAdapters.dll", "EventData.EngineAdapter": "NUIVoiceWBSAdapters.dll", "EventData.StorageAdapter": "WinBioStorageAdapter.dll", "EventData.DatabaseID": "{51f39552-1075-4199-b513-0c10ea185db0}", "EventData.SensorMode": "1", "EventData.SensorPool": "1", "EventData.IsolationLevel": "0", "EventData.IsolationSensorAdapter": "-", "EventData.IsolationEngineAdapter": "-", "EventData.IsolationStorageAdapter": "-"}
