{"EventID": "310", "Channel": "Microsoft-Windows-Bits-Client/Operational", "Provider_Name": "Microsoft-Windows-Bits-Client", "Computer": "DESKTOP-OFJ6N53", "TimeCreated": "2025-08-24 16:36:22.483276+00:00", "RecordID": "85437", "Level": "3", "UserID": "S-1-5-18", "EventData.ErrorCode": "2147942450"}
{"EventID": "59", "Channel": "Microsoft-Windows-Bits-Client/Operational", "Provider_Name": "Microsoft-Windows-Bits-Client", "Computer": "DESKTOP-OFJ6N53", "TimeCreated": "2025-08-24 16:36:22.515034+00:00", "RecordID": "85438", "Level": "4", "UserID": "S-1-5-18", "EventData.transferId": "{9eaba045-039c-439d-8f80-036560414fc3}", "EventData.name": "Edge Component Updater", "EventData.Id": "{3a223fd3-e81d-4ff8-bcbb-65b8320b4802}", "EventData.url": "http://msedge.b.tlu.dl.delivery.mp.microsoft.com/filestreamingservice/files/d850f9fc-17cc-4f35-965a-55292b403861?P1=1756628967&P2=404&P3=2&P4=KbNMi8cbKNgKcVXXkoJ8y6L%2b%2fvSmoJf1d7ozPGqnbZ64JDKfHYcAdrvsUgUpbR6Z6B%2bYTS5%2bizvX3GIwNgDBxw%3d%3d", "EventData.peer": null, "EventData.fileTime": "2025-08-24 07:47:09+00:00", "EventData.fileLength": "218110", "EventData.bytesTotal": "218110", "EventData.bytesTransferred": "0", "EventData.bytesTransferredFromPeer": "0"}
{"EventID": "60", "Channel": "Microsoft-Windows-Bits-Client/Operational", "Provider_Name": "Microsoft-Windows-Bits-Client", "Computer": "DESKTOP-OFJ6N53", "TimeCreated": "2025-08-24 16:36:40.676535+00:00", "RecordID": "85439", "Level": "4", "UserID": "S-1-5-18", "EventData.transferId": "{9eaba045-039c-439d-8f80-036560414fc3}", "EventData.name": "Edge Component Updater", "EventData.Id": "{3a223fd3-e81d-4ff8-bcbb-65b8320b4802}", "EventData.url": "http://msedge.b.tlu.dl.delivery.mp.microsoft.com/filestreamingservice/files/d850f9fc-17cc-4f35-965a-55292b403861?P1=1756628967&P2=404&P3=2&P4=KbNMi8cbKNgKcVXXkoJ8y6L%2b%2fvSmoJf1d7ozPGqnbZ64JDKfHYcAdrvsUgUpbR6Z6B%2bYTS5%2bizvX3GIwNgDBxw%3d%3d", "EventData.peer": null, "EventData.hr": "0", "EventData.fileTime": "2025-08-24 07:47:09+00:00", "EventData.fileLength": "218110", "EventData.bytesTotal": "218110", "EventData.bytesTransferred": "218110", "EventData.proxy": null, "EventData.peerProtocolFlags": "0", "EventData.bytesTransferredFromPeer": "0", "EventData.AdditionalInfoHr": "0", "EventData.PeerContextInfo": "0", "EventData.bandwidthLimit": "18446744073709551615", "EventData.ignoreBandwidthLimitsOnLan": "False"}
{"EventID": "4", "Channel": "Microsoft-Windows-Bits-Client/Operational", "Provider_Name": "Microsoft-Windows-Bits-Client", "Computer": "DESKTOP-OFJ6N53", "TimeCreated": "2025-08-24 16:36:42.385317+00:00", "RecordID": "85440", "Level": "4", "UserID": "S-1-5-18", "EventData.User": "DESKTOP-OFJ6N53\\sk.batsiev", "EventData.jobTitle": "Edge Component Updater", "EventData.jobId": "{3a223fd3-e81d-4ff8-bcbb-65b8320b4802}", "EventData.jobOwner": "DESKTOP-OFJ6N53\\sk.batsiev", "EventData.fileCount": "1", "EventData.bytesTransferred": "218110", "EventData.bytesTransferredFromPeer": "0"}
{"EventID": "306", "Channel": "Microsoft-Windows-Bits-Client/Operational", "Provider_Name": "Microsoft-Windows-Bits-Client", "Computer": "DESKTOP-OFJ6N53", "TimeCreated": "2025-08-24 16:55:12.206570+00:00", "RecordID": "85441", "Level": "5", "UserID": "S-1-5-18"}
{"EventID": "3", "Channel": "Microsoft-Windows-Bits-Client/Operational", "Provider_Name": "Microsoft-Windows-Bits-Client", "Computer": "DESKTOP-OFJ6N53", "TimeCreated": "2025-08-24 16:55:16.453888+00:00", "RecordID": "85442", "Level": "4", "UserID": "S-1-5-18", "EventData.jobTitle": "PreSignInSettingsConfigJSON", "EventData.jobId": "{6ad9e05a-dd15-4dd0-8e87-f247fb7357a8}", "EventData.jobOwner": "DESKTOP-OFJ6N53\\sk.batsiev", "EventData.processPath": "C:\\Users\\sk.batsiev\\AppData\\Local\\Microsoft\\OneDrive\\OneDriveStandaloneUpdater.exe", "EventData.processId": "13264", "EventData.ClientProcessStartKey": "50384020831210930"}
{"EventID": "16403", "Channel": "Microsoft-Windows-Bits-Client/Operational", "Provider_Name": "Microsoft-Windows-Bits-Client", "Computer": "DESKTOP-OFJ6N53", "TimeCreated": "2025-08-24 16:55:16.464886+00:00", "RecordID": "85443", "Level": "4", "UserID": "S-1-5-21-963789628-1060504924-4285088085-1001", "EventData.User": "DESKTOP-OFJ6N53\\sk.batsiev", "EventData.jobTitle": "PreSignInSettingsConfigJSON", "EventData.jobId": "{6ad9e05a-dd15-4dd0-8e87-f247fb7357a8}", "EventData.jobOwner": "DESKTOP-OFJ6N53\\sk.batsiev", "EventData.fileCount": "1", "EventData.RemoteName": "https://g.live.com/odclientsettings/ProdV2", "EventData.LocalName": "C:\\Users\\SKA580~1.BAT\\AppData\\Local\\Temp\\wct859.tmp", "EventData.processId": "13264", "EventData.ClientProcessStartKey": "50384020831210930"}
{"EventID": "310", "Channel": "Microsoft-Windows-Bits-Client/Operational", "Provider_Name": "Microsoft-Windows-Bits-Client", "Computer": "DESKTOP-OFJ6N53", "TimeCreated": "2025-08-24 16:55:17.494747+00:00", "RecordID": "85444", "Level": "3", "UserID": "S-1-5-18", "EventData.ErrorCode": "2147942450"}
{"EventID": "59", "Channel": "Microsoft-Windows-Bits-Client/Operational", "Provider_Name": "Microsoft-Windows-Bits-Client", "Computer": "DESKTOP-OFJ6N53", "TimeCreated": "2025-08-24 16:55:17.498644+00:00", "RecordID": "85445", "Level": "4", "UserID": "S-1-5-18", "EventData.transferId": "{43307208-9995-4455-98fb-fd4fac071721}", "EventData.name": "PreSignInSettingsConfigJSON", "EventData.Id": "{6ad9e05a-dd15-4dd0-8e87-f247fb7357a8}", "EventData.url": "https://g.live.com/odclientsettings/ProdV2", "EventData.peer": null, "EventData.fileTime": "2025-08-22 23:46:45+00:00", "EventData.fileLength": "97641", "EventData.bytesTotal": "97641", "EventData.bytesTransferred": "0", "EventData.bytesTransferredFromPeer": "0"}
{"EventID": "60", "Channel": "Microsoft-Windows-Bits-Client/Operational", "Provider_Name": "Microsoft-Windows-Bits-Client", "Computer": "DESKTOP-OFJ6N53", "TimeCreated": "2025-08-24 16:55:17.914276+00:00", "RecordID": "85446", "Level": "4", "UserID": "S-1-5-18", "EventData.transferId": "{43307208-9995-4455-98fb-fd4fac071721}", "EventData.name": "PreSignInSettingsConfigJSON", "EventData.Id": "{6ad9e05a-dd15-4dd0-8e87-f247fb7357a8}", "EventData.url": "https://g.live.com/odclientsettings/ProdV2", "EventData.peer": null, "EventData.hr": "0", "EventData.fileTime": "2025-08-22 23:46:45+00:00", "EventData.fileLength": "97641", "EventData.bytesTotal": "97641", "EventData.bytesTransferred": "97641", "EventData.proxy": null, "EventData.peerProtocolFlags": "0", "EventData.bytesTransferredFromPeer": "0", "EventData.AdditionalInfoHr": "0", "EventData.PeerContextInfo": "0", "EventData.bandwidthLimit": "18446744073709551615", "EventData.ignoreBandwidthLimitsOnLan": "False"}
{"EventID": "4", "Channel": "Microsoft-Windows-Bits-Client/Operational", "Provider_Name": "Microsoft-Windows-Bits-Client", "Computer": "DESKTOP-OFJ6N53", "TimeCreated": "2025-08-24 16:55:17.917364+00:00", "RecordID": "85447", "Level": "4", "UserID": "S-1-5-18", "EventData.User": "DESKTOP-OFJ6N53\\sk.batsiev", "EventData.jobTitle": "PreSignInSettingsConfigJSON", "EventData.jobId": "{6ad9e05a-dd15-4dd0-8e87-f247fb7357a8}", "EventData.jobOwner": "DESKTOP-OFJ6N53\\sk.batsiev", "EventData.fileCount": "1", "EventData.bytesTransferred": "97641", "EventData.bytesTransferredFromPeer": "0"}
{"EventID": "3", "Channel": "Microsoft-Windows-Bits-Client/Operational", "Provider_Name": "Microsoft-Windows-Bits-Client", "Computer": "DESKTOP-OFJ6N53", "TimeCreated": "2025-08-24 16:55:19.376841+00:00", "RecordID": "85448", "Level": "4", "UserID": "S-1-5-18", "EventData.jobTitle": "UpdateDescriptionXml", "EventData.jobId": "{dbb3b3ba-2d7a-4f0c-9bda-3a1132bd9ce9}", "EventData.jobOwner": "DESKTOP-OFJ6N53\\sk.batsiev", "EventData.processPath": "C:\\Users\\sk.batsiev\\AppData\\Local\\Microsoft\\OneDrive\\OneDriveStandaloneUpdater.exe", "EventData.processId": "13264", "EventData.ClientProcessStartKey": "50384020831210930"}
{"EventID": "16403", "Channel": "Microsoft-Windows-Bits-Client/Operational", "Provider_Name": "Microsoft-Windows-Bits-Client", "Computer": "DESKTOP-OFJ6N53", "TimeCreated": "2025-08-24 16:55:19.382133+00:00", "RecordID": "85449", "Level": "4", "UserID": "S-1-5-21-963789628-1060504924-4285088085-1001", "EventData.User": "DESKTOP-OFJ6N53\\sk.batsiev", "EventData.jobTitle": "UpdateDescriptionXml", "EventData.jobId": "{dbb3b3ba-2d7a-4f0c-9bda-3a1132bd9ce9}", "EventData.jobOwner": "DESKTOP-OFJ6N53\\sk.batsiev", "EventData.fileCount": "1", "EventData.RemoteName": "https://g.live.com/1rewlive5skydrive/ODSUProductionV2", "EventData.LocalName": "C:\\Users\\SKA580~1.BAT\\AppData\\Local\\Temp\\wct13C5.tmp", "EventData.processId": "13264", "EventData.ClientProcessStartKey": "50384020831210930"}
{"EventID": "59", "Channel": "Microsoft-Windows-Bits-Client/Operational", "Provider_Name": "Microsoft-Windows-Bits-Client", "Computer": "DESKTOP-OFJ6N53", "TimeCreated": "2025-08-24 16:55:19.703299+00:00", "RecordID": "85450", "Level": "4", "UserID": "S-1-5-18", "EventData.transferId": "{1490b76f-6792-41d5-b4ec-d2f0564bc0aa}", "EventData.name": "UpdateDescriptionXml", "EventData.Id": "{dbb3b3ba-2d7a-4f0c-9bda-3a1132bd9ce9}", "EventData.url": "https://g.live.com/1rewlive5skydrive/ODSUProductionV2", "EventData.peer": null, "EventData.fileTime": "2025-08-18 20:12:58+00:00", "EventData.fileLength": "899", "EventData.bytesTotal": "899", "EventData.bytesTransferred": "0", "EventData.bytesTransferredFromPeer": "0"}
{"EventID": "60", "Channel": "Microsoft-Windows-Bits-Client/Operational", "Provider_Name": "Microsoft-Windows-Bits-Client", "Computer": "DESKTOP-OFJ6N53", "TimeCreated": "2025-08-24 16:55:20.053585+00:00", "RecordID": "85451", "Level": "4", "UserID": "S-1-5-18", "EventData.transferId": "{1490b76f-6792-41d5-b4ec-d2f0564bc0aa}", "EventData.name": "UpdateDescriptionXml", "EventData.Id": "{dbb3b3ba-2d7a-4f0c-9bda-3a1132bd9ce9}", "EventData.url": "https://g.live.com/1rewlive5skydrive/ODSUProductionV2", "EventData.peer": null, "EventData.hr": "0", "EventData.fileTime": "2025-08-18 20:12:58+00:00", "EventData.fileLength": "899", "EventData.bytesTotal": "899", "EventData.bytesTransferred": "899", "EventData.proxy": null, "EventData.peerProtocolFlags": "0", "EventData.bytesTransferredFromPeer": "0", "EventData.AdditionalInfoHr": "0", "EventData.PeerContextInfo": "0", "EventData.bandwidthLimit": "18446744073709551615", "EventData.ignoreBandwidthLimitsOnLan": "False"}
{"EventID": "4", "Channel": "Microsoft-Windows-Bits-Client/Operational", "Provider_Name": "Microsoft-Windows-Bits-Client", "Computer": "DESKTOP-OFJ6N53", "TimeCreated": "2025-08-24 16:55:20.056206+00:00", "RecordID": "85452", "Level": "4", "UserID": "S-1-5-18", "EventData.User": "DESKTOP-OFJ6N53\\sk.batsiev", "EventData.jobTitle": "UpdateDescriptionXml", "EventData.jobId": "{dbb3b3ba-2d7a-4f0c-9bda-3a1132bd9ce9}", "EventData.jobOwner": "DESKTOP-OFJ6N53\\sk.batsiev", "EventData.fileCount": "1", "EventData.bytesTransferred": "899", "EventData.bytesTransferredFromPeer": "0"}
{"EventID": "3", "Channel": "Microsoft-Windows-Bits-Client/Operational", "Provider_Name": "Microsoft-Windows-Bits-Client", "Computer": "DESKTOP-OFJ6N53", "TimeCreated": "2025-08-24 16:55:26.380730+00:00", "RecordID": "85453", "Level": "4", "UserID": "S-1-5-18", "EventData.jobTitle": "NucleusUpdateRingConfigJSON", "EventData.jobId": "{2daeb0e9-80aa-4666-a7dd-15595006fa56}", "EventData.jobOwner": "DESKTOP-OFJ6N53\\sk.batsiev", "EventData.processPath": "C:\\Users\\sk.batsiev\\AppData\\Local\\Microsoft\\OneDrive\\25.140.0720.0001\\Microsoft.SharePoint.exe", "EventData.processId": "8372", "EventData.ClientProcessStartKey": "50384020831210932"}
{"EventID": "16403", "Channel": "Microsoft-Windows-Bits-Client/Operational", "Provider_Name": "Microsoft-Windows-Bits-Client", "Computer": "DESKTOP-OFJ6N53", "TimeCreated": "2025-08-24 16:55:26.387341+00:00", "RecordID": "85454", "Level": "4", "UserID": "S-1-5-21-963789628-1060504924-4285088085-1001", "EventData.User": "DESKTOP-OFJ6N53\\sk.batsiev", "EventData.jobTitle": "NucleusUpdateRingConfigJSON", "EventData.jobId": "{2daeb0e9-80aa-4666-a7dd-15595006fa56}", "EventData.jobOwner": "DESKTOP-OFJ6N53\\sk.batsiev", "EventData.fileCount": "1", "EventData.RemoteName": "https://g.live.com/odclientsettings/ProdV2?OneDriveUpdate=96a931e39be29e1dc6d7827e11ad", "EventData.LocalName": "C:\\Users\\SKA580~1.BAT\\AppData\\Local\\Temp\\wct2F1B.tmp", "EventData.processId": "8372", "EventData.ClientProcessStartKey": "50384020831210932"}
{"EventID": "59", "Channel": "Microsoft-Windows-Bits-Client/Operational", "Provider_Name": "Microsoft-Windows-Bits-Client", "Computer": "DESKTOP-OFJ6N53", "TimeCreated": "2025-08-24 16:55:26.664904+00:00", "RecordID": "85455", "Level": "4", "UserID": "S-1-5-18", "EventData.transferId": "{d4347a3a-8a9d-4bff-ab59-11c882b2d5f8}", "EventData.name": "NucleusUpdateRingConfigJSON", "EventData.Id": "{2daeb0e9-80aa-4666-a7dd-15595006fa56}", "EventData.url": "https://g.live.com/odclientsettings/ProdV2?OneDriveUpdate=96a931e39be29e1dc6d7827e11ad", "EventData.peer": null, "EventData.fileTime": "2025-08-22 23:46:45+00:00", "EventData.fileLength": "97641", "EventData.bytesTotal": "97641", "EventData.bytesTransferred": "0", "EventData.bytesTransferredFromPeer": "0"}
{"EventID": "60", "Channel": "Microsoft-Windows-Bits-Client/Operational", "Provider_Name": "Microsoft-Windows-Bits-Client", "Computer": "DESKTOP-OFJ6N53", "TimeCreated": "2025-08-24 16:55:27.123362+00:00", "RecordID": "85456", "Level": "4", "UserID": "S-1-5-18", "EventData.transferId": "{d4347a3a-8a9d-4bff-ab59-11c882b2d5f8}", "EventData.name": "NucleusUpdateRingConfigJSON", "EventData.Id": "{2daeb0e9-80aa-4666-a7dd-15595006fa56}", "EventData.url": "https://g.live.com/odclientsettings/ProdV2?OneDriveUpdate=96a931e39be29e1dc6d7827e11ad", "EventData.peer": null, "EventData.hr": "0", "EventData.fileTime": "2025-08-22 23:46:45+00:00", "EventData.fileLength": "97641", "EventData.bytesTotal": "97641", "EventData.bytesTransferred": "97641", "EventData.proxy": null, "EventData.peerProtocolFlags": "0", "EventData.bytesTransferredFromPeer": "0", "EventData.AdditionalInfoHr": "0", "EventData.PeerContextInfo": "0", "EventData.bandwidthLimit": "18446744073709551615", "EventData.ignoreBandwidthLimitsOnLan": "False"}
{"EventID": "4", "Channel": "Microsoft-Windows-Bits-Client/Operational", "Provider_Name": "Microsoft-Windows-Bits-Client", "Computer": "DESKTOP-OFJ6N53", "TimeCreated": "2025-08-24 16:55:27.126007+00:00", "RecordID": "85457", "Level": "4", "UserID": "S-1-5-18", "EventData.User": "DESKTOP-OFJ6N53\\sk.batsiev", "EventData.jobTitle": "NucleusUpdateRingConfigJSON", "EventData.jobId": "{2daeb0e9-80aa-4666-a7dd-15595006fa56}", "EventData.jobOwner": "DESKTOP-OFJ6N53\\sk.batsiev", "EventData.fileCount": "1", "EventData.bytesTransferred": "97641", "EventData.bytesTransferredFromPeer": "0"}
{"EventID": "306", "Channel": "Microsoft-Windows-Bits-Client/Operational", "Provider_Name": "Microsoft-Windows-Bits-Client", "Computer": "DESKTOP-OFJ6N53", "TimeCreated": "2025-08-25 10:11:31.184845+00:00", "RecordID": "85458", "Level": "5", "UserID": "S-1-5-18"}
{"EventID": "3", "Channel": "Microsoft-Windows-Bits-Client/Operational", "Provider_Name": "Microsoft-Windows-Bits-Client", "Computer": "DESKTOP-OFJ6N53", "TimeCreated": "2025-08-25 10:11:35.501072+00:00", "RecordID": "85459", "Level": "4", "UserID": "S-1-5-18", "EventData.jobTitle": "PreSignInSettingsConfigJSON", "EventData.jobId": "{959bd54b-364a-4fca-a251-0754cd4240e5}", "EventData.jobOwner": "DESKTOP-OFJ6N53\\sk.batsiev", "EventData.processPath": "C:\\Users\\sk.batsiev\\AppData\\Local\\Microsoft\\OneDrive\\OneDrive.exe", "EventData.processId": "8600", "EventData.ClientProcessStartKey": "50384020831207807"}
{"EventID": "16403", "Channel": "Microsoft-Windows-Bits-Client/Operational", "Provider_Name": "Microsoft-Windows-Bits-Client", "Computer": "DESKTOP-OFJ6N53", "TimeCreated": "2025-08-25 10:11:35.519125+00:00", "RecordID": "85460", "Level": "4", "UserID": "S-1-5-21-963789628-1060504924-4285088085-1001", "EventData.User": "DESKTOP-OFJ6N53\\sk.batsiev", "EventData.jobTitle": "PreSignInSettingsConfigJSON", "EventData.jobId": "{959bd54b-364a-4fca-a251-0754cd4240e5}", "EventData.jobOwner": "DESKTOP-OFJ6N53\\sk.batsiev", "EventData.fileCount": "1", "EventData.RemoteName": "https://g.live.com/odclientsettings/ProdV2?OneDriveUpdate=f2de7d9fa6f892e12bb1073cb8d", "EventData.LocalName": "C:\\Users\\SKA580~1.BAT\\AppData\\Local\\Temp\\wctC997.tmp", "EventData.processId": "8600", "EventData.ClientProcessStartKey": "50384020831207807"}
{"EventID": "310", "Channel": "Microsoft-Windows-Bits-Client/Operational", "Provider_Name": "Microsoft-Windows-Bits-Client", "Computer": "DESKTOP-OFJ6N53", "TimeCreated": "2025-08-25 10:11:36.421991+00:00", "RecordID": "85461", "Level": "3", "UserID": "S-1-5-18", "EventData.ErrorCode": "2147942450"}
{"EventID": "59", "Channel": "Microsoft-Windows-Bits-Client/Operational", "Provider_Name": "Microsoft-Windows-Bits-Client", "Computer": "DESKTOP-OFJ6N53", "TimeCreated": "2025-08-25 10:11:36.424906+00:00", "RecordID": "85462", "Level": "4", "UserID": "S-1-5-18", "EventData.transferId": "{aa67ea47-ca30-4a7a-b72e-e0df0b2ec3a8}", "EventData.name": "PreSignInSettingsConfigJSON", "EventData.Id": "{959bd54b-364a-4fca-a251-0754cd4240e5}", "EventData.url": "https://g.live.com/odclientsettings/ProdV2?OneDriveUpdate=f2de7d9fa6f892e12bb1073cb8d", "EventData.peer": null, "EventData.fileTime": "2025-08-22 23:46:45+00:00", "EventData.fileLength": "97641", "EventData.bytesTotal": "97641", "EventData.bytesTransferred": "0", "EventData.bytesTransferredFromPeer": "0"}
{"EventID": "60", "Channel": "Microsoft-Windows-Bits-Client/Operational", "Provider_Name": "Microsoft-Windows-Bits-Client", "Computer": "DESKTOP-OFJ6N53", "TimeCreated": "2025-08-25 10:11:36.849985+00:00", "RecordID": "85463", "Level": "4", "UserID": "S-1-5-18", "EventData.transferId": "{aa67ea47-ca30-4a7a-b72e-e0df0b2ec3a8}", "EventData.name": "PreSignInSettingsConfigJSON", "EventData.Id": "{959bd54b-364a-4fca-a251-0754cd4240e5}", "EventData.url": "https://g.live.com/odclientsettings/ProdV2?OneDriveUpdate=f2de7d9fa6f892e12bb1073cb8d", "EventData.peer": null, "EventData.hr": "0", "EventData.fileTime": "2025-08-22 23:46:45+00:00", "EventData.fileLength": "97641", "EventData.bytesTotal": "97641", "EventData.bytesTransferred": "97641", "EventData.proxy": null, "EventData.peerProtocolFlags": "0", "EventData.bytesTransferredFromPeer": "0", "EventData.AdditionalInfoHr": "0", "EventData.PeerContextInfo": "0", "EventData.bandwidthLimit": "18446744073709551615", "EventData.ignoreBandwidthLimitsOnLan": "False"}
{"EventID": "4", "Channel": "Microsoft-Windows-Bits-Client/Operational", "Provider_Name": "Microsoft-Windows-Bits-Client", "Computer": "DESKTOP-OFJ6N53", "TimeCreated": "2025-08-25 10:11:36.853645+00:00", "RecordID": "85464", "Level": "4", "UserID": "S-1-5-18", "EventData.User": "DESKTOP-OFJ6N53\\sk.batsiev", "EventData.jobTitle": "PreSignInSettingsConfigJSON", "EventData.jobId": "{959bd54b-364a-4fca-a251-0754cd4240e5}", "EventData.jobOwner": "DESKTOP-OFJ6N53\\sk.batsiev", "EventData.fileCount": "1", "EventData.bytesTransferred": "97641", "EventData.bytesTransferredFromPeer": "0"}
{"EventID": "306", "Channel": "Microsoft-Windows-Bits-Client/Operational", "Provider_Name": "Microsoft-Windows-Bits-Client", "Computer": "DESKTOP-OFJ6N53", "TimeCreated": "2025-08-25 12:36:18.606371+00:00", "RecordID": "85465", "Level": "5", "UserID": "S-1-5-18"}
{"EventID": "3", "Channel": "Microsoft-Windows-Bits-Client/Operational", "Provider_Name": "Microsoft-Windows-Bits-Client", "Computer": "DESKTOP-OFJ6N53", "TimeCreated": "2025-08-25 12:36:23.388067+00:00", "RecordID": "85466", "Level": "4", "UserID": "S-1-5-18", "EventData.jobTitle": "Edge Component Updater", "EventData.jobId": "{9c17ab87-8627-4df6-9d30-73ffdcb5f64c}", "EventData.jobOwner": "DESKTOP-OFJ6N53\\sk.batsiev", "EventData.processPath": "C:\\Program Files (x86)\\Microsoft\\Edge\\Application\\msedge.exe", "EventData.processId": "11824", "EventData.ClientProcessStartKey": "50384020831207813"}
{"EventID": "16403", "Channel": "Microsoft-Windows-Bits-Client/Operational", "Provider_Name": "Microsoft-Windows-Bits-Client", "Computer": "DESKTOP-OFJ6N53", "TimeCreated": "2025-08-25 12:36:23.450882+00:00", "RecordID": "85467", "Level": "4", "UserID": "S-1-5-21-963789628-1060504924-4285088085-1001", "EventData.User": "DESKTOP-OFJ6N53\\sk.batsiev", "EventData.jobTitle": "Edge Component Updater", "EventData.jobId": "{9c17ab87-8627-4df6-9d30-73ffdcb5f64c}", "EventData.jobOwner": "DESKTOP-OFJ6N53\\sk.batsiev", "EventData.fileCount": "1", "EventData.RemoteName": "http://msedge.b.tlu.dl.delivery.mp.microsoft.com/filestreamingservice/files/e9f96ac6-c0d6-480c-858e-73421a80f237?P1=1756714708&P2=404&P3=2&P4=AyF4ZWQ1RZotxoifdoe1aysw2qWMp59TfKKjI6WF4CKeC685hd7U%2f5fpSUwFODYcKjOxX%2f9UrlsRwf4eIFaQQA%3d%3d", "EventData.LocalName": "C:\\Users\\SKA580~1.BAT\\AppData\\Local\\Temp\\edge_BITS_11824_159950200\\e9f96ac6-c0d6-480c-858e-73421a80f237", "EventData.processId": "11824", "EventData.ClientProcessStartKey": "50384020831207813"}
{"EventID": "310", "Channel": "Microsoft-Windows-Bits-Client/Operational", "Provider_Name": "Microsoft-Windows-Bits-Client", "Computer": "DESKTOP-OFJ6N53", "TimeCreated": "2025-08-25 12:36:23.743551+00:00", "RecordID": "85468", "Level": "3", "UserID": "S-1-5-18", "EventData.ErrorCode": "2147942450"}
{"EventID": "59", "Channel": "Microsoft-Windows-Bits-Client/Operational", "Provider_Name": "Microsoft-Windows-Bits-Client", "Computer": "DESKTOP-OFJ6N53", "TimeCreated": "2025-08-25 12:36:23.751280+00:00", "RecordID": "85469", "Level": "4", "UserID": "S-1-5-18", "EventData.transferId": "{d7a3b501-260b-461e-90cd-7c3deb395633}", "EventData.name": "Edge Component Updater", "EventData.Id": "{9c17ab87-8627-4df6-9d30-73ffdcb5f64c}", "EventData.url": "http://msedge.b.tlu.dl.delivery.mp.microsoft.com/filestreamingservice/files/e9f96ac6-c0d6-480c-858e-73421a80f237?P1=1756714708&P2=404&P3=2&P4=AyF4ZWQ1RZotxoifdoe1aysw2qWMp59TfKKjI6WF4CKeC685hd7U%2f5fpSUwFODYcKjOxX%2f9UrlsRwf4eIFaQQA%3d%3d", "EventData.peer": null, "EventData.fileTime": "2025-08-25 07:42:37+00:00", "EventData.fileLength": "218107", "EventData.bytesTotal": "218107", "EventData.bytesTransferred": "0", "EventData.bytesTransferredFromPeer": "0"}
{"EventID": "60", "Channel": "Microsoft-Windows-Bits-Client/Operational", "Provider_Name": "Microsoft-Windows-Bits-Client", "Computer": "DESKTOP-OFJ6N53", "TimeCreated": "2025-08-25 12:36:49.392546+00:00", "RecordID": "85470", "Level": "4", "UserID": "S-1-5-18", "EventData.transferId": "{d7a3b501-260b-461e-90cd-7c3deb395633}", "EventData.name": "Edge Component Updater", "EventData.Id": "{9c17ab87-8627-4df6-9d30-73ffdcb5f64c}", "EventData.url": "http://msedge.b.tlu.dl.delivery.mp.microsoft.com/filestreamingservice/files/e9f96ac6-c0d6-480c-858e-73421a80f237?P1=1756714708&P2=404&P3=2&P4=AyF4ZWQ1RZotxoifdoe1aysw2qWMp59TfKKjI6WF4CKeC685hd7U%2f5fpSUwFODYcKjOxX%2f9UrlsRwf4eIFaQQA%3d%3d", "EventData.peer": null, "EventData.hr": "0", "EventData.fileTime": "2025-08-25 07:42:37+00:00", "EventData.fileLength": "218107", "EventData.bytesTotal": "218107", "EventData.bytesTransferred": "218107", "EventData.proxy": null, "EventData.peerProtocolFlags": "0", "EventData.bytesTransferredFromPeer": "0", "EventData.AdditionalInfoHr": "0", "EventData.PeerContextInfo": "0", "EventData.bandwidthLimit": "18446744073709551615", "EventData.ignoreBandwidthLimitsOnLan": "False"}
{"EventID": "4", "Channel": "Microsoft-Windows-Bits-Client/Operational", "Provider_Name": "Microsoft-Windows-Bits-Client", "Computer": "DESKTOP-OFJ6N53", "TimeCreated": "2025-08-25 12:36:51.911951+00:00", "RecordID": "85471", "Level": "4", "UserID": "S-1-5-18", "EventData.User": "DESKTOP-OFJ6N53\\sk.batsiev", "EventData.jobTitle": "Edge Component Updater", "EventData.jobId": "{9c17ab87-8627-4df6-9d30-73ffdcb5f64c}", "EventData.jobOwner": "DESKTOP-OFJ6N53\\sk.batsiev", "EventData.fileCount": "1", "EventData.bytesTransferred": "218107", "EventData.bytesTransferredFromPeer": "0"}
{"EventID": "306", "Channel": "Microsoft-Windows-Bits-Client/Operational", "Provider_Name": "Microsoft-Windows-Bits-Client", "Computer": "DESKTOP-OFJ6N53", "TimeCreated": "2025-08-25 15:41:14.935005+00:00", "RecordID": "85472", "Level": "5", "UserID": "S-1-5-18"}
{"EventID": "3", "Channel": "Microsoft-Windows-Bits-Client/Operational", "Provider_Name": "Microsoft-Windows-Bits-Client", "Computer": "DESKTOP-OFJ6N53", "TimeCreated": "2025-08-25 15:41:19.173677+00:00", "RecordID": "85473", "Level": "4", "UserID": "S-1-5-18", "EventData.jobTitle": "PreSignInSettingsConfigJSON", "EventData.jobId": "{f27bbc63-fd4d-468f-a36d-524cfe9a1628}", "EventData.jobOwner": "DESKTOP-OFJ6N53\\sk.batsiev", "EventData.processPath": "C:\\Users\\sk.batsiev\\AppData\\Local\\Microsoft\\OneDrive\\OneDriveStandaloneUpdater.exe", "EventData.processId": "4416", "EventData.ClientProcessStartKey": "50384020831215341"}
{"EventID": "16403", "Channel": "Microsoft-Windows-Bits-Client/Operational", "Provider_Name": "Microsoft-Windows-Bits-Client", "Computer": "DESKTOP-OFJ6N53", "TimeCreated": "2025-08-25 15:41:19.184435+00:00", "RecordID": "85474", "Level": "4", "UserID": "S-1-5-21-963789628-1060504924-4285088085-1001", "EventData.User": "DESKTOP-OFJ6N53\\sk.batsiev", "EventData.jobTitle": "PreSignInSettingsConfigJSON", "EventData.jobId": "{f27bbc63-fd4d-468f-a36d-524cfe9a1628}", "EventData.jobOwner": "DESKTOP-OFJ6N53\\sk.batsiev", "EventData.fileCount": "1", "EventData.RemoteName": "https://g.live.com/odclientsettings/ProdV2", "EventData.LocalName": "C:\\Users\\SKA580~1.BAT\\AppData\\Local\\Temp\\wctA98B.tmp", "EventData.processId": "4416", "EventData.ClientProcessStartKey": "50384020831215341"}
{"EventID": "310", "Channel": "Microsoft-Windows-Bits-Client/Operational", "Provider_Name": "Microsoft-Windows-Bits-Client", "Computer": "DESKTOP-OFJ6N53", "TimeCreated": "2025-08-25 15:41:20.792416+00:00", "RecordID": "85475", "Level": "3", "UserID": "S-1-5-18", "EventData.ErrorCode": "2147942450"}
{"EventID": "59", "Channel": "Microsoft-Windows-Bits-Client/Operational", "Provider_Name": "Microsoft-Windows-Bits-Client", "Computer": "DESKTOP-OFJ6N53", "TimeCreated": "2025-08-25 15:41:20.801750+00:00", "RecordID": "85476", "Level": "4", "UserID": "S-1-5-18", "EventData.transferId": "{7fdd6ebe-a0c4-40f8-977c-77f78b93c8df}", "EventData.name": "PreSignInSettingsConfigJSON", "EventData.Id": "{f27bbc63-fd4d-468f-a36d-524cfe9a1628}", "EventData.url": "https://g.live.com/odclientsettings/ProdV2", "EventData.peer": null, "EventData.fileTime": "2025-08-22 23:46:45+00:00", "EventData.fileLength": "97641", "EventData.bytesTotal": "97641", "EventData.bytesTransferred": "0", "EventData.bytesTransferredFromPeer": "0"}
{"EventID": "60", "Channel": "Microsoft-Windows-Bits-Client/Operational", "Provider_Name": "Microsoft-Windows-Bits-Client", "Computer": "DESKTOP-OFJ6N53", "TimeCreated": "2025-08-25 15:41:21.304817+00:00", "RecordID": "85477", "Level": "4", "UserID": "S-1-5-18", "EventData.transferId": "{7fdd6ebe-a0c4-40f8-977c-77f78b93c8df}", "EventData.name": "PreSignInSettingsConfigJSON", "EventData.Id": "{f27bbc63-fd4d-468f-a36d-524cfe9a1628}", "EventData.url": "https://g.live.com/odclientsettings/ProdV2", "EventData.peer": null, "EventData.hr": "0", "EventData.fileTime": "2025-08-22 23:46:45+00:00", "EventData.fileLength": "97641", "EventData.bytesTotal": "97641", "EventData.bytesTransferred": "97641", "EventData.proxy": null, "EventData.peerProtocolFlags": "0", "EventData.bytesTransferredFromPeer": "0", "EventData.AdditionalInfoHr": "0", "EventData.PeerContextInfo": "0", "EventData.bandwidthLimit": "18446744073709551615", "EventData.ignoreBandwidthLimitsOnLan": "False"}
{"EventID": "4", "Channel": "Microsoft-Windows-Bits-Client/Operational", "Provider_Name": "Microsoft-Windows-Bits-Client", "Computer": "DESKTOP-OFJ6N53", "TimeCreated": "2025-08-25 15:41:21.307915+00:00", "RecordID": "85478", "Level": "4", "UserID": "S-1-5-18", "EventData.User": "DESKTOP-OFJ6N53\\sk.batsiev", "EventData.jobTitle": "PreSignInSettingsConfigJSON", "EventData.jobId": "{f27bbc63-fd4d-468f-a36d-524cfe9a1628}", "EventData.jobOwner": "DESKTOP-OFJ6N53\\sk.batsiev", "EventData.fileCount": "1", "EventData.bytesTransferred": "97641", "EventData.bytesTransferredFromPeer": "0"}
{"EventID": "3", "Channel": "Microsoft-Windows-Bits-Client/Operational", "Provider_Name": "Microsoft-Windows-Bits-Client", "Computer": "DESKTOP-OFJ6N53", "TimeCreated": "2025-08-25 15:41:21.968388+00:00", "RecordID": "85479", "Level": "4", "UserID": "S-1-5-18", "EventData.jobTitle": "UpdateDescriptionXml", "EventData.jobId": "{3556758d-def1-43ca-9347-16437f88309a}", "EventData.jobOwner": "DESKTOP-OFJ6N53\\sk.batsiev", "EventData.processPath": "C:\\Users\\sk.batsiev\\AppData\\Local\\Microsoft\\OneDrive\\OneDriveStandaloneUpdater.exe", "EventData.processId": "4416", "EventData.ClientProcessStartKey": "50384020831215341"}
{"EventID": "16403", "Channel": "Microsoft-Windows-Bits-Client/Operational", "Provider_Name": "Microsoft-Windows-Bits-Client", "Computer": "DESKTOP-OFJ6N53", "TimeCreated": "2025-08-25 15:41:21.975393+00:00", "RecordID": "85480", "Level": "4", "UserID": "S-1-5-21-963789628-1060504924-4285088085-1001", "EventData.User": "DESKTOP-OFJ6N53\\sk.batsiev", "EventData.jobTitle": "UpdateDescriptionXml", "EventData.jobId": "{3556758d-def1-43ca-9347-16437f88309a}", "EventData.jobOwner": "DESKTOP-OFJ6N53\\sk.batsiev", "EventData.fileCount": "1", "EventData.RemoteName": "https://g.live.com/1rewlive5skydrive/ODSUProductionV2", "EventData.LocalName": "C:\\Users\\SKA580~1.BAT\\AppData\\Local\\Temp\\wctB47A.tmp", "EventData.processId": "4416", "EventData.ClientProcessStartKey": "50384020831215341"}
{"EventID": "59", "Channel": "Microsoft-Windows-Bits-Client/Operational", "Provider_Name": "Microsoft-Windows-Bits-Client", "Computer": "DESKTOP-OFJ6N53", "TimeCreated": "2025-08-25 15:41:22.229620+00:00", "RecordID": "85481", "Level": "4", "UserID": "S-1-5-18", "EventData.transferId": "{34c4d637-1607-4434-a3ce-160bbe0f2a44}", "EventData.name": "UpdateDescriptionXml", "EventData.Id": "{3556758d-def1-43ca-9347-16437f88309a}", "EventData.url": "https://g.live.com/1rewlive5skydrive/ODSUProductionV2", "EventData.peer": null, "EventData.fileTime": "2025-08-18 20:12:58+00:00", "EventData.fileLength": "899", "EventData.bytesTotal": "899", "EventData.bytesTransferred": "0", "EventData.bytesTransferredFromPeer": "0"}
{"EventID": "60", "Channel": "Microsoft-Windows-Bits-Client/Operational", "Provider_Name": "Microsoft-Windows-Bits-Client", "Computer": "DESKTOP-OFJ6N53", "TimeCreated": "2025-08-25 15:41:22.363340+00:00", "RecordID": "85482", "Level": "4", "UserID": "S-1-5-18", "EventData.transferId": "{34c4d637-1607-4434-a3ce-160bbe0f2a44}", "EventData.name": "UpdateDescriptionXml", "EventData.Id": "{3556758d-def1-43ca-9347-16437f88309a}", "EventData.url": "https://g.live.com/1rewlive5skydrive/ODSUProductionV2", "EventData.peer": null, "EventData.hr": "0", "EventData.fileTime": "2025-08-18 20:12:58+00:00", "EventData.fileLength": "899", "EventData.bytesTotal": "899", "EventData.bytesTransferred": "899", "EventData.proxy": null, "EventData.peerProtocolFlags": "0", "EventData.bytesTransferredFromPeer": "0", "EventData.AdditionalInfoHr": "0", "EventData.PeerContextInfo": "0", "EventData.bandwidthLimit": "18446744073709551615", "EventData.ignoreBandwidthLimitsOnLan": "False"}
{"EventID": "4", "Channel": "Microsoft-Windows-Bits-Client/Operational", "Provider_Name": "Microsoft-Windows-Bits-Client", "Computer": "DESKTOP-OFJ6N53", "TimeCreated": "2025-08-25 15:41:22.366268+00:00", "RecordID": "85483", "Level": "4", "UserID": "S-1-5-18", "EventData.User": "DESKTOP-OFJ6N53\\sk.batsiev", "EventData.jobTitle": "UpdateDescriptionXml", "EventData.jobId": "{3556758d-def1-43ca-9347-16437f88309a}", "EventData.jobOwner": "DESKTOP-OFJ6N53\\sk.batsiev", "EventData.fileCount": "1", "EventData.bytesTransferred": "899", "EventData.bytesTransferredFromPeer": "0"}
{"EventID": "3", "Channel": "Microsoft-Windows-Bits-Client/Operational", "Provider_Name": "Microsoft-Windows-Bits-Client", "Computer": "DESKTOP-OFJ6N53", "TimeCreated": "2025-08-25 15:41:28.948240+00:00", "RecordID": "85484", "Level": "4", "UserID": "S-1-5-18", "EventData.jobTitle": "NucleusUpdateRingConfigJSON", "EventData.jobId": "{dbf99307-ded9-404a-8e1f-675bb5bd3ccb}", "EventData.jobOwner": "DESKTOP-OFJ6N53\\sk.batsiev", "EventData.processPath": "C:\\Users\\sk.batsiev\\AppData\\Local\\Microsoft\\OneDrive\\25.140.0720.0001\\Microsoft.SharePoint.exe", "EventData.processId": "10088", "EventData.ClientProcessStartKey": "50384020831215343"}
{"EventID": "16403", "Channel": "Microsoft-Windows-Bits-Client/Operational", "Provider_Name": "Microsoft-Windows-Bits-Client", "Computer": "DESKTOP-OFJ6N53", "TimeCreated": "2025-08-25 15:41:28.953493+00:00", "RecordID": "85485", "Level": "4", "UserID": "S-1-5-21-963789628-1060504924-4285088085-1001", "EventData.User": "DESKTOP-OFJ6N53\\sk.batsiev", "EventData.jobTitle": "NucleusUpdateRingConfigJSON", "EventData.jobId": "{dbf99307-ded9-404a-8e1f-675bb5bd3ccb}", "EventData.jobOwner": "DESKTOP-OFJ6N53\\sk.batsiev", "EventData.fileCount": "1", "EventData.RemoteName": "https://g.live.com/odclientsettings/ProdV2?OneDriveUpdate=421538eb97aa9d31c2a34beb53ff", "EventData.LocalName": "C:\\Users\\SKA580~1.BAT\\AppData\\Local\\Temp\\wctCFB1.tmp", "EventData.processId": "10088", "EventData.ClientProcessStartKey": "50384020831215343"}
{"EventID": "59", "Channel": "Microsoft-Windows-Bits-Client/Operational", "Provider_Name": "Microsoft-Windows-Bits-Client", "Computer": "DESKTOP-OFJ6N53", "TimeCreated": "2025-08-25 15:41:29.094706+00:00", "RecordID": "85486", "Level": "4", "UserID": "S-1-5-18", "EventData.transferId": "{1decab38-c46d-4a3f-8063-f1597543f990}", "EventData.name": "NucleusUpdateRingConfigJSON", "EventData.Id": "{dbf99307-ded9-404a-8e1f-675bb5bd3ccb}", "EventData.url": "https://g.live.com/odclientsettings/ProdV2?OneDriveUpdate=421538eb97aa9d31c2a34beb53ff", "EventData.peer": null, "EventData.fileTime": "2025-08-22 23:46:45+00:00", "EventData.fileLength": "97641", "EventData.bytesTotal": "97641", "EventData.bytesTransferred": "0", "EventData.bytesTransferredFromPeer": "0"}
{"EventID": "60", "Channel": "Microsoft-Windows-Bits-Client/Operational", "Provider_Name": "Microsoft-Windows-Bits-Client", "Computer": "DESKTOP-OFJ6N53", "TimeCreated": "2025-08-25 15:41:29.283947+00:00", "RecordID": "85487", "Level": "4", "UserID": "S-1-5-18", "EventData.transferId": "{1decab38-c46d-4a3f-8063-f1597543f990}", "EventData.name": "NucleusUpdateRingConfigJSON", "EventData.Id": "{dbf99307-ded9-404a-8e1f-675bb5bd3ccb}", "EventData.url": "https://g.live.com/odclientsettings/ProdV2?OneDriveUpdate=421538eb97aa9d31c2a34beb53ff", "EventData.peer": null, "EventData.hr": "0", "EventData.fileTime": "2025-08-22 23:46:45+00:00", "EventData.fileLength": "97641", "EventData.bytesTotal": "97641", "EventData.bytesTransferred": "97641", "EventData.proxy": null, "EventData.peerProtocolFlags": "0", "EventData.bytesTransferredFromPeer": "0", "EventData.AdditionalInfoHr": "0", "EventData.PeerContextInfo": "0", "EventData.bandwidthLimit": "18446744073709551615", "EventData.ignoreBandwidthLimitsOnLan": "False"}
{"EventID": "4", "Channel": "Microsoft-Windows-Bits-Client/Operational", "Provider_Name": "Microsoft-Windows-Bits-Client", "Computer": "DESKTOP-OFJ6N53", "TimeCreated": "2025-08-25 15:41:29.286407+00:00", "RecordID": "85488", "Level": "4", "UserID": "S-1-5-18", "EventData.User": "DESKTOP-OFJ6N53\\sk.batsiev", "EventData.jobTitle": "NucleusUpdateRingConfigJSON", "EventData.jobId": "{dbf99307-ded9-404a-8e1f-675bb5bd3ccb}", "EventData.jobOwner": "DESKTOP-OFJ6N53\\sk.batsiev", "EventData.fileCount": "1", "EventData.bytesTransferred": "97641", "EventData.bytesTransferredFromPeer": "0"}
{"EventID": "306", "Channel": "Microsoft-Windows-Bits-Client/Operational", "Provider_Name": "Microsoft-Windows-Bits-Client", "Computer": "DESKTOP-OFJ6N53", "TimeCreated": "2025-08-25 16:09:30.581564+00:00", "RecordID": "85489", "Level": "5", "UserID": "S-1-5-18"}
{"EventID": "3", "Channel": "Microsoft-Windows-Bits-Client/Operational", "Provider_Name": "Microsoft-Windows-Bits-Client", "Computer": "DESKTOP-OFJ6N53", "TimeCreated": "2025-08-25 16:09:34.881227+00:00", "RecordID": "85490", "Level": "4", "UserID": "S-1-5-18", "EventData.jobTitle": "PreSignInSettingsConfigJSON", "EventData.jobId": "{000d57db-aefa-441e-ad34-8c870cee6acd}", "EventData.jobOwner": "DESKTOP-OFJ6N53\\sk.batsiev", "EventData.processPath": "C:\\Users\\sk.batsiev\\AppData\\Local\\Microsoft\\OneDrive\\OneDriveStandaloneUpdater.exe", "EventData.processId": "13656", "EventData.ClientProcessStartKey": "50384020831215534"}
{"EventID": "16403", "Channel": "Microsoft-Windows-Bits-Client/Operational", "Provider_Name": "Microsoft-Windows-Bits-Client", "Computer": "DESKTOP-OFJ6N53", "TimeCreated": "2025-08-25 16:09:34.957169+00:00", "RecordID": "85491", "Level": "4", "UserID": "S-1-5-21-963789628-1060504924-4285088085-1001", "EventData.User": "DESKTOP-OFJ6N53\\sk.batsiev", "EventData.jobTitle": "PreSignInSettingsConfigJSON", "EventData.jobId": "{000d57db-aefa-441e-ad34-8c870cee6acd}", "EventData.jobOwner": "DESKTOP-OFJ6N53\\sk.batsiev", "EventData.fileCount": "1", "EventData.RemoteName": "https://g.live.com/odclientsettings/ProdV2", "EventData.LocalName": "C:\\Users\\SKA580~1.BAT\\AppData\\Local\\Temp\\wct8962.tmp", "EventData.processId": "13656", "EventData.ClientProcessStartKey": "50384020831215534"}
{"EventID": "310", "Channel": "Microsoft-Windows-Bits-Client/Operational", "Provider_Name": "Microsoft-Windows-Bits-Client", "Computer": "DESKTOP-OFJ6N53", "TimeCreated": "2025-08-25 16:09:36.601665+00:00", "RecordID": "85492", "Level": "3", "UserID": "S-1-5-18", "EventData.ErrorCode": "2147942450"}
{"EventID": "59", "Channel": "Microsoft-Windows-Bits-Client/Operational", "Provider_Name": "Microsoft-Windows-Bits-Client", "Computer": "DESKTOP-OFJ6N53", "TimeCreated": "2025-08-25 16:09:36.611078+00:00", "RecordID": "85493", "Level": "4", "UserID": "S-1-5-18", "EventData.transferId": "{1499f932-b234-43d5-ab5b-e11fe0d4f67e}", "EventData.name": "PreSignInSettingsConfigJSON", "EventData.Id": "{000d57db-aefa-441e-ad34-8c870cee6acd}", "EventData.url": "https://g.live.com/odclientsettings/ProdV2", "EventData.peer": null, "EventData.fileTime": "2025-08-25 14:45:29+00:00", "EventData.fileLength": "97719", "EventData.bytesTotal": "97719", "EventData.bytesTransferred": "0", "EventData.bytesTransferredFromPeer": "0"}
{"EventID": "60", "Channel": "Microsoft-Windows-Bits-Client/Operational", "Provider_Name": "Microsoft-Windows-Bits-Client", "Computer": "DESKTOP-OFJ6N53", "TimeCreated": "2025-08-25 16:09:36.890970+00:00", "RecordID": "85494", "Level": "4", "UserID": "S-1-5-18", "EventData.transferId": "{1499f932-b234-43d5-ab5b-e11fe0d4f67e}", "EventData.name": "PreSignInSettingsConfigJSON", "EventData.Id": "{000d57db-aefa-441e-ad34-8c870cee6acd}", "EventData.url": "https://g.live.com/odclientsettings/ProdV2", "EventData.peer": null, "EventData.hr": "0", "EventData.fileTime": "2025-08-25 14:45:29+00:00", "EventData.fileLength": "97719", "EventData.bytesTotal": "97719", "EventData.bytesTransferred": "97719", "EventData.proxy": null, "EventData.peerProtocolFlags": "0", "EventData.bytesTransferredFromPeer": "0", "EventData.AdditionalInfoHr": "0", "EventData.PeerContextInfo": "0", "EventData.bandwidthLimit": "18446744073709551615", "EventData.ignoreBandwidthLimitsOnLan": "False"}
{"EventID": "4", "Channel": "Microsoft-Windows-Bits-Client/Operational", "Provider_Name": "Microsoft-Windows-Bits-Client", "Computer": "DESKTOP-OFJ6N53", "TimeCreated": "2025-08-25 16:09:36.894007+00:00", "RecordID": "85495", "Level": "4", "UserID": "S-1-5-18", "EventData.User": "DESKTOP-OFJ6N53\\sk.batsiev", "EventData.jobTitle": "PreSignInSettingsConfigJSON", "EventData.jobId": "{000d57db-aefa-441e-ad34-8c870cee6acd}", "EventData.jobOwner": "DESKTOP-OFJ6N53\\sk.batsiev", "EventData.fileCount": "1", "EventData.bytesTransferred": "97719", "EventData.bytesTransferredFromPeer": "0"}
{"EventID": "306", "Channel": "Microsoft-Windows-Bits-Client/Operational", "Provider_Name": "Microsoft-Windows-Bits-Client", "Computer": "DESKTOP-OFJ6N53", "TimeCreated": "2025-08-25 22:58:59.156942+00:00", "RecordID": "85496", "Level": "5", "UserID": "S-1-5-18"}
{"EventID": "3", "Channel": "Microsoft-Windows-Bits-Client/Operational", "Provider_Name": "Microsoft-Windows-Bits-Client", "Computer": "DESKTOP-OFJ6N53", "TimeCreated": "2025-08-25 22:59:03.738884+00:00", "RecordID": "85497", "Level": "4", "UserID": "S-1-5-18", "EventData.jobTitle": "Edge Component Updater", "EventData.jobId": "{c87400aa-5b94-4255-a4de-b0e3612a8cdb}", "EventData.jobOwner": "DESKTOP-OFJ6N53\\sk.batsiev", "EventData.processPath": "C:\\Program Files (x86)\\Microsoft\\Edge\\Application\\msedge.exe", "EventData.processId": "6380", "EventData.ClientProcessStartKey": "50384020831216989"}
{"EventID": "16403", "Channel": "Microsoft-Windows-Bits-Client/Operational", "Provider_Name": "Microsoft-Windows-Bits-Client", "Computer": "DESKTOP-OFJ6N53", "TimeCreated": "2025-08-25 22:59:03.773804+00:00", "RecordID": "85498", "Level": "4", "UserID": "S-1-5-21-963789628-1060504924-4285088085-1001", "EventData.User": "DESKTOP-OFJ6N53\\sk.batsiev", "EventData.jobTitle": "Edge Component Updater", "EventData.jobId": "{c87400aa-5b94-4255-a4de-b0e3612a8cdb}", "EventData.jobOwner": "DESKTOP-OFJ6N53\\sk.batsiev", "EventData.fileCount": "1", "EventData.RemoteName": "http://msedge.b.tlu.dl.delivery.mp.microsoft.com/filestreamingservice/files/f7ede631-e6de-4fa6-910c-92cbb1105ad8?P1=1756754103&P2=404&P3=2&P4=FdArx3VEgYxDAcl80NgHCBsTE000XvGHekAe7JSESEh7mhcA2yd56gZ3%2fUhNI%2bpyAcPhgkhX%2b0f0YBcCVZu%2fBg%3d%3d", "EventData.LocalName": "C:\\Users\\SKA580~1.BAT\\AppData\\Local\\Temp\\edge_BITS_6380_1584697222\\f7ede631-e6de-4fa6-910c-92cbb1105ad8", "EventData.processId": "6380", "EventData.ClientProcessStartKey": "50384020831216989"}
{"EventID": "310", "Channel": "Microsoft-Windows-Bits-Client/Operational", "Provider_Name": "Microsoft-Windows-Bits-Client", "Computer": "DESKTOP-OFJ6N53", "TimeCreated": "2025-08-25 22:59:03.948080+00:00", "RecordID": "85499", "Level": "3", "UserID": "S-1-5-18", "EventData.ErrorCode": "2147942450"}
{"EventID": "59", "Channel": "Microsoft-Windows-Bits-Client/Operational", "Provider_Name": "Microsoft-Windows-Bits-Client", "Computer": "DESKTOP-OFJ6N53", "TimeCreated": "2025-08-25 22:59:03.983208+00:00", "RecordID": "85500", "Level": "4", "UserID": "S-1-5-18", "EventData.transferId": "{f7c43ce9-cc14-4ca1-b580-3ef01b98a914}", "EventData.name": "Edge Component Updater", "EventData.Id": "{c87400aa-5b94-4255-a4de-b0e3612a8cdb}", "EventData.url": "http://msedge.b.tlu.dl.delivery.mp.microsoft.com/filestreamingservice/files/f7ede631-e6de-4fa6-910c-92cbb1105ad8?P1=1756754103&P2=404&P3=2&P4=FdArx3VEgYxDAcl80NgHCBsTE000XvGHekAe7JSESEh7mhcA2yd56gZ3%2fUhNI%2bpyAcPhgkhX%2b0f0YBcCVZu%2fBg%3d%3d", "EventData.peer": null, "EventData.fileTime": "2025-08-25 18:26:12+00:00", "EventData.fileLength": "7755", "EventData.bytesTotal": "7755", "EventData.bytesTransferred": "0", "EventData.bytesTransferredFromPeer": "0"}
{"EventID": "60", "Channel": "Microsoft-Windows-Bits-Client/Operational", "Provider_Name": "Microsoft-Windows-Bits-Client", "Computer": "DESKTOP-OFJ6N53", "TimeCreated": "2025-08-25 22:59:22.067970+00:00", "RecordID": "85501", "Level": "4", "UserID": "S-1-5-18", "EventData.transferId": "{f7c43ce9-cc14-4ca1-b580-3ef01b98a914}", "EventData.name": "Edge Component Updater", "EventData.Id": "{c87400aa-5b94-4255-a4de-b0e3612a8cdb}", "EventData.url": "http://msedge.b.tlu.dl.delivery.mp.microsoft.com/filestreamingservice/files/f7ede631-e6de-4fa6-910c-92cbb1105ad8?P1=1756754103&P2=404&P3=2&P4=FdArx3VEgYxDAcl80NgHCBsTE000XvGHekAe7JSESEh7mhcA2yd56gZ3%2fUhNI%2bpyAcPhgkhX%2b0f0YBcCVZu%2fBg%3d%3d", "EventData.peer": null, "EventData.hr": "0", "EventData.fileTime": "2025-08-25 18:26:12+00:00", "EventData.fileLength": "7755", "EventData.bytesTotal": "7755", "EventData.bytesTransferred": "7755", "EventData.proxy": null, "EventData.peerProtocolFlags": "0", "EventData.bytesTransferredFromPeer": "0", "EventData.AdditionalInfoHr": "0", "EventData.PeerContextInfo": "0", "EventData.bandwidthLimit": "18446744073709551615", "EventData.ignoreBandwidthLimitsOnLan": "False"}
{"EventID": "4", "Channel": "Microsoft-Windows-Bits-Client/Operational", "Provider_Name": "Microsoft-Windows-Bits-Client", "Computer": "DESKTOP-OFJ6N53", "TimeCreated": "2025-08-25 22:59:23.977598+00:00", "RecordID": "85502", "Level": "4", "UserID": "S-1-5-18", "EventData.User": "DESKTOP-OFJ6N53\\sk.batsiev", "EventData.jobTitle": "Edge Component Updater", "EventData.jobId": "{c87400aa-5b94-4255-a4de-b0e3612a8cdb}", "EventData.jobOwner": "DESKTOP-OFJ6N53\\sk.batsiev", "EventData.fileCount": "1", "EventData.bytesTransferred": "7755", "EventData.bytesTransferredFromPeer": "0"}
{"EventID": "3", "Channel": "Microsoft-Windows-Bits-Client/Operational", "Provider_Name": "Microsoft-Windows-Bits-Client", "Computer": "DESKTOP-OFJ6N53", "TimeCreated": "2025-08-25 22:59:50.824665+00:00", "RecordID": "85503", "Level": "4", "UserID": "S-1-5-18", "EventData.jobTitle": "Edge Component Updater", "EventData.jobId": "{4610f5e8-99a6-4def-a6bc-67d18494f838}", "EventData.jobOwner": "DESKTOP-OFJ6N53\\sk.batsiev", "EventData.processPath": "C:\\Program Files (x86)\\Microsoft\\Edge\\Application\\msedge.exe", "EventData.processId": "6380", "EventData.ClientProcessStartKey": "50384020831216989"}
{"EventID": "16403", "Channel": "Microsoft-Windows-Bits-Client/Operational", "Provider_Name": "Microsoft-Windows-Bits-Client", "Computer": "DESKTOP-OFJ6N53", "TimeCreated": "2025-08-25 22:59:50.831017+00:00", "RecordID": "85504", "Level": "4", "UserID": "S-1-5-21-963789628-1060504924-4285088085-1001", "EventData.User": "DESKTOP-OFJ6N53\\sk.batsiev", "EventData.jobTitle": "Edge Component Updater", "EventData.jobId": "{4610f5e8-99a6-4def-a6bc-67d18494f838}", "EventData.jobOwner": "DESKTOP-OFJ6N53\\sk.batsiev", "EventData.fileCount": "1", "EventData.RemoteName": "http://msedge.b.tlu.dl.delivery.mp.microsoft.com/filestreamingservice/files/654e75cd-5440-4e32-a0c2-92c090b098b4?P1=1756761193&P2=404&P3=2&P4=Q41vPmeW6Hz%2b3hiCOccBRa1Ub%2fvS%2frh1y116sJtx6Ta4CVgYf%2fy%2bl%2faJ6IBlSFKs1rOY0ilvauhdJE58OEpS9Q%3d%3d", "EventData.LocalName": "C:\\Users\\SKA580~1.BAT\\AppData\\Local\\Temp\\edge_BITS_6380_1449388272\\654e75cd-5440-4e32-a0c2-92c090b098b4", "EventData.processId": "6380", "EventData.ClientProcessStartKey": "50384020831216989"}
{"EventID": "59", "Channel": "Microsoft-Windows-Bits-Client/Operational", "Provider_Name": "Microsoft-Windows-Bits-Client", "Computer": "DESKTOP-OFJ6N53", "TimeCreated": "2025-08-25 22:59:50.897392+00:00", "RecordID": "85505", "Level": "4", "UserID": "S-1-5-18", "EventData.transferId": "{74515363-4f09-41e9-a08a-8cc2ddc0d51b}", "EventData.name": "Edge Component Updater", "EventData.Id": "{4610f5e8-99a6-4def-a6bc-67d18494f838}", "EventData.url": "http://msedge.b.tlu.dl.delivery.mp.microsoft.com/filestreamingservice/files/654e75cd-5440-4e32-a0c2-92c090b098b4?P1=1756761193&P2=404&P3=2&P4=Q41vPmeW6Hz%2b3hiCOccBRa1Ub%2fvS%2frh1y116sJtx6Ta4CVgYf%2fy%2bl%2faJ6IBlSFKs1rOY0ilvauhdJE58OEpS9Q%3d%3d", "EventData.peer": null, "EventData.fileTime": "2025-08-21 22:11:03+00:00", "EventData.fileLength": "1617981", "EventData.bytesTotal": "1617981", "EventData.bytesTransferred": "0", "EventData.bytesTransferredFromPeer": "0"}
{"EventID": "60", "Channel": "Microsoft-Windows-Bits-Client/Operational", "Provider_Name": "Microsoft-Windows-Bits-Client", "Computer": "DESKTOP-OFJ6N53", "TimeCreated": "2025-08-25 22:59:56.624336+00:00", "RecordID": "85506", "Level": "4", "UserID": "S-1-5-18", "EventData.transferId": "{74515363-4f09-41e9-a08a-8cc2ddc0d51b}", "EventData.name": "Edge Component Updater", "EventData.Id": "{4610f5e8-99a6-4def-a6bc-67d18494f838}", "EventData.url": "http://msedge.b.tlu.dl.delivery.mp.microsoft.com/filestreamingservice/files/654e75cd-5440-4e32-a0c2-92c090b098b4?P1=1756761193&P2=404&P3=2&P4=Q41vPmeW6Hz%2b3hiCOccBRa1Ub%2fvS%2frh1y116sJtx6Ta4CVgYf%2fy%2bl%2faJ6IBlSFKs1rOY0ilvauhdJE58OEpS9Q%3d%3d", "EventData.peer": null, "EventData.hr": "0", "EventData.fileTime": "2025-08-21 22:11:03+00:00", "EventData.fileLength": "1617981", "EventData.bytesTotal": "1617981", "EventData.bytesTransferred": "1617981", "EventData.proxy": null, "EventData.peerProtocolFlags": "0", "EventData.bytesTransferredFromPeer": "0", "EventData.AdditionalInfoHr": "0", "EventData.PeerContextInfo": "0", "EventData.bandwidthLimit": "18446744073709551615", "EventData.ignoreBandwidthLimitsOnLan": "False"}
{"EventID": "4", "Channel": "Microsoft-Windows-Bits-Client/Operational", "Provider_Name": "Microsoft-Windows-Bits-Client", "Computer": "DESKTOP-OFJ6N53", "TimeCreated": "2025-08-25 22:59:58.843632+00:00", "RecordID": "85507", "Level": "4", "UserID": "S-1-5-18", "EventData.User": "DESKTOP-OFJ6N53\\sk.batsiev", "EventData.jobTitle": "Edge Component Updater", "EventData.jobId": "{4610f5e8-99a6-4def-a6bc-67d18494f838}", "EventData.jobOwner": "DESKTOP-OFJ6N53\\sk.batsiev", "EventData.fileCount": "1", "EventData.bytesTransferred": "1617981", "EventData.bytesTransferredFromPeer": "0"}
{"EventID": "306", "Channel": "Microsoft-Windows-Bits-Client/Operational", "Provider_Name": "Microsoft-Windows-Bits-Client", "Computer": "DESKTOP-OFJ6N53", "TimeCreated": "2025-08-26 00:11:02.962399+00:00", "RecordID": "85508", "Level": "5", "UserID": "S-1-5-18"}
