{"EventID": "100", "Channel": "Microsoft-Windows-Diagnostics-Performance/Operational", "Provider_Name": "Microsoft-Windows-Diagnostics-Performance", "Computer": "DESKTOP-OFJ6N53", "TimeCreated": "2022-09-14 17:20:27.192371+00:00", "RecordID": "93", "Level": "1", "UserID": "S-1-5-19", "EventData.BootTsVersion": "2", "EventData.BootStartTime": "2022-09-14 17:16:57.957106+00:00", "EventData.BootEndTime": "2022-09-14 17:20:23.557014+00:00", "EventData.SystemBootInstance": "11", "EventData.UserBootInstance": "11", "EventData.BootTime": "166117", "EventData.MainPathBootTime": "124817", "EventData.BootKernelInitTime": "130", "EventData.BootDriverInitTime": "5977", "EventData.BootDevicesInitTime": "7271", "EventData.BootPrefetchInitTime": "0", "EventData.BootPrefetchBytes": "0", "EventData.BootAutoChkTime": "0", "EventData.BootSmssInitTime": "7206", "EventData.BootCriticalServicesInitTime": "1100", "EventData.BootUserProfileProcessingTime": "630", "EventData.BootMachineProfileProcessingTime": "1", "EventData.BootExplorerInitTime": "11056", "EventData.BootNumStartupApps": "17", "EventData.BootPostBootTime": "41300", "EventData.BootIsRebootAfterInstall": "False", "EventData.BootRootCauseStepImprovementBits": "0", "EventData.BootRootCauseGradualImprovementBits": "0", "EventData.BootRootCauseStepDegradationBits": "0", "EventData.BootRootCauseGradualDegradationBits": "0", "EventData.BootIsDegradation": "False", "EventData.BootIsStepDegradation": "False", "EventData.BootIsGradualDegradation": "False", "EventData.BootImprovementDelta": "0", "EventData.BootDegradationDelta": "0", "EventData.BootIsRootCauseIdentified": "False", "EventData.OSLoaderDuration": "5651", "EventData.BootPNPInitStartTimeMS": "130", "EventData.BootPNPInitDuration": "7906", "EventData.OtherKernelInitDuration": "623", "EventData.SystemPNPInitStartTimeMS": "8423", "EventData.SystemPNPInitDuration": "3085", "EventData.SessionInitStartTimeMS": "11616", "EventData.Session0InitDuration": "1263", "EventData.Session1InitDuration": "201", "EventData.SessionInitOtherDuration": "5741", "EventData.WinLogonStartTimeMS": "18822", "EventData.OtherLogonInitActivityDuration": "94307", "EventData.UserLogonWaitDuration": "114"}
{"EventID": "101", "Channel": "Microsoft-Windows-Diagnostics-Performance/Operational", "Provider_Name": "Microsoft-Windows-Diagnostics-Performance", "Computer": "DESKTOP-OFJ6N53", "TimeCreated": "2022-09-14 17:20:27.192387+00:00", "RecordID": "94", "Level": "3", "UserID": "S-1-5-19", "EventData.StartTime": "2022-09-14 17:16:57.957106+00:00", "EventData.NameLength": "24", "EventData.Name": "PhoneExperienceHost.exe", "EventData.FriendlyNameLength": "20", "EventData.FriendlyName": "PhoneExperienceHost", "EventData.VersionLength": "14", "EventData.Version": "1.22062.543.0", "EventData.TotalTime": "5358", "EventData.DegradationTime": "358", "EventData.PathLength": "106", "EventData.Path": "C:\\Program Files\\WindowsApps\\Microsoft.YourPhone_1.22062.543.0_x64__8wekyb3d8bbwe\\PhoneExperienceHost.exe", "EventData.ProductNameLength": "21", "EventData.ProductName": "Microsoft Your Phone", "EventData.CompanyNameLength": "22", "EventData.CompanyName": "Microsoft Corporation"}
{"EventID": "200", "Channel": "Microsoft-Windows-Diagnostics-Performance/Operational", "Provider_Name": "Microsoft-Windows-Diagnostics-Performance", "Computer": "DESKTOP-OFJ6N53", "TimeCreated": "2022-09-22 12:42:07.249006+00:00", "RecordID": "95", "Level": "3", "UserID": "S-1-5-19", "EventData.ShutdownTsVersion": "1", "EventData.ShutdownStartTime": "2022-09-22 12:39:22.821688+00:00", "EventData.ShutdownEndTime": "2022-09-22 12:39:56.624010+00:00", "EventData.ShutdownTime": "33802", "EventData.ShutdownUserSessionTime": "6945", "EventData.ShutdownUserPolicyTime": "14", "EventData.ShutdownUserProfilesTime": "120", "EventData.ShutdownSystemSessionsTime": "6750", "EventData.ShutdownPreShutdownNotificationsTime": "1467", "EventData.ShutdownServicesTime": "5020", "EventData.ShutdownKernelTime": "20106", "EventData.ShutdownRootCauseStepImprovementBits": "0", "EventData.ShutdownRootCauseGradualImprovementBits": "72", "EventData.ShutdownRootCauseStepDegradationBits": "0", "EventData.ShutdownRootCauseGradualDegradationBits": "0", "EventData.ShutdownIsDegradation": "False", "EventData.ShutdownTimeChange": "0"}
{"EventID": "100", "Channel": "Microsoft-Windows-Diagnostics-Performance/Operational", "Provider_Name": "Microsoft-Windows-Diagnostics-Performance", "Computer": "DESKTOP-OFJ6N53", "TimeCreated": "2022-09-22 12:42:08.286474+00:00", "RecordID": "96", "Level": "2", "UserID": "S-1-5-19", "EventData.BootTsVersion": "2", "EventData.BootStartTime": "2022-09-22 12:40:15.919888+00:00", "EventData.BootEndTime": "2022-09-22 12:42:05.786106+00:00", "EventData.SystemBootInstance": "12", "EventData.UserBootInstance": "12", "EventData.BootTime": "62460", "EventData.MainPathBootTime": "24660", "EventData.BootKernelInitTime": "149", "EventData.BootDriverInitTime": "5069", "EventData.BootDevicesInitTime": "5686", "EventData.BootPrefetchInitTime": "0", "EventData.BootPrefetchBytes": "0", "EventData.BootAutoChkTime": "0", "EventData.BootSmssInitTime": "4046", "EventData.BootCriticalServicesInitTime": "372", "EventData.BootUserProfileProcessingTime": "3630", "EventData.BootMachineProfileProcessingTime": "54", "EventData.BootExplorerInitTime": "6545", "EventData.BootNumStartupApps": "18", "EventData.BootPostBootTime": "37800", "EventData.BootIsRebootAfterInstall": "False", "EventData.BootRootCauseStepImprovementBits": "0", "EventData.BootRootCauseGradualImprovementBits": "0", "EventData.BootRootCauseStepDegradationBits": "2052", "EventData.BootRootCauseGradualDegradationBits": "0", "EventData.BootIsDegradation": "False", "EventData.BootIsStepDegradation": "False", "EventData.BootIsGradualDegradation": "False", "EventData.BootImprovementDelta": "0", "EventData.BootDegradationDelta": "0", "EventData.BootIsRootCauseIdentified": "True", "EventData.OSLoaderDuration": "3652", "EventData.BootPNPInitStartTimeMS": "149", "EventData.BootPNPInitDuration": "5052", "EventData.OtherKernelInitDuration": "480", "EventData.SystemPNPInitStartTimeMS": "5516", "EventData.SystemPNPInitDuration": "3157", "EventData.SessionInitStartTimeMS": "8690", "EventData.Session0InitDuration": "559", "EventData.Session1InitDuration": "50", "EventData.SessionInitOtherDuration": "3437", "EventData.WinLogonStartTimeMS": "12737", "EventData.OtherLogonInitActivityDuration": "1692", "EventData.UserLogonWaitDuration": "866"}
{"EventID": "101", "Channel": "Microsoft-Windows-Diagnostics-Performance/Operational", "Provider_Name": "Microsoft-Windows-Diagnostics-Performance", "Computer": "DESKTOP-OFJ6N53", "TimeCreated": "2022-09-22 12:42:08.286486+00:00", "RecordID": "97", "Level": "3", "UserID": "S-1-5-19", "EventData.StartTime": "2022-09-22 12:40:15.919888+00:00", "EventData.NameLength": "16", "EventData.Name": "update_task.exe", "EventData.FriendlyNameLength": "12", "EventData.FriendlyName": "update_task", "EventData.VersionLength": "11", "EventData.Version": "7.0.1.0083", "EventData.TotalTime": "5936", "EventData.DegradationTime": "936", "EventData.PathLength": "54", "EventData.Path": "C:\\Program Files\\Fortinet\\FortiClient\\update_task.exe", "EventData.ProductNameLength": "30", "EventData.ProductName": "FortiClient Auto-update Agent", "EventData.CompanyNameLength": "14", "EventData.CompanyName": "Fortinet Inc."}
{"EventID": "101", "Channel": "Microsoft-Windows-Diagnostics-Performance/Operational", "Provider_Name": "Microsoft-Windows-Diagnostics-Performance", "Computer": "DESKTOP-OFJ6N53", "TimeCreated": "2022-09-22 12:42:08.286493+00:00", "RecordID": "98", "Level": "3", "UserID": "S-1-5-19", "EventData.StartTime": "2022-09-22 12:40:15.919888+00:00", "EventData.NameLength": "13", "EventData.Name": "vpnagent.exe", "EventData.FriendlyNameLength": "18", "EventData.FriendlyName": "VPN Agent Service", "EventData.VersionLength": "13", "EventData.Version": "4, 10, 01075", "EventData.TotalTime": "1810", "EventData.DegradationTime": "810", "EventData.PathLength": "82", "EventData.Path": "C:\\Program Files (x86)\\Cisco\\Cisco AnyConnect Secure Mobility Client\\vpnagent.exe", "EventData.ProductNameLength": "40", "EventData.ProductName": "Cisco AnyConnect Secure Mobility Client", "EventData.CompanyNameLength": "20", "EventData.CompanyName": "Cisco Systems, Inc."}
{"EventID": "101", "Channel": "Microsoft-Windows-Diagnostics-Performance/Operational", "Provider_Name": "Microsoft-Windows-Diagnostics-Performance", "Computer": "DESKTOP-OFJ6N53", "TimeCreated": "2022-09-22 12:42:08.286501+00:00", "RecordID": "99", "Level": "3", "UserID": "S-1-5-19", "EventData.StartTime": "2022-09-22 12:40:15.919888+00:00", "EventData.NameLength": "21", "EventData.Name": "IntegrityService.exe", "EventData.FriendlyNameLength": "1", "EventData.FriendlyName": null, "EventData.VersionLength": "1", "EventData.Version": null, "EventData.TotalTime": "1252", "EventData.DegradationTime": "252", "EventData.PathLength": "73", "EventData.Path": "C:\\Program Files\\Security Code\\Continent VPN Client\\IntegrityService.exe", "EventData.ProductNameLength": "1", "EventData.ProductName": null, "EventData.CompanyNameLength": "1", "EventData.CompanyName": null}
{"EventID": "200", "Channel": "Microsoft-Windows-Diagnostics-Performance/Operational", "Provider_Name": "Microsoft-Windows-Diagnostics-Performance", "Computer": "DESKTOP-OFJ6N53", "TimeCreated": "2022-09-29 11:34:23.481651+00:00", "RecordID": "100", "Level": "3", "UserID": "S-1-5-19", "EventData.ShutdownTsVersion": "1", "EventData.ShutdownStartTime": "2022-09-29 11:31:20.643480+00:00", "EventData.ShutdownEndTime": "2022-09-29 11:31:56.950356+00:00", "EventData.ShutdownTime": "36306", "EventData.ShutdownUserSessionTime": "12329", "EventData.ShutdownUserPolicyTime": "514", "EventData.ShutdownUserProfilesTime": "82", "EventData.ShutdownSystemSessionsTime": "7166", "EventData.ShutdownPreShutdownNotificationsTime": "1433", "EventData.ShutdownServicesTime": "5016", "EventData.ShutdownKernelTime": "16811", "EventData.ShutdownRootCauseStepImprovementBits": "1", "EventData.ShutdownRootCauseGradualImprovementBits": "1", "EventData.ShutdownRootCauseStepDegradationBits": "0", "EventData.ShutdownRootCauseGradualDegradationBits": "0", "EventData.ShutdownIsDegradation": "False", "EventData.ShutdownTimeChange": "-95635"}
{"EventID": "203", "Channel": "Microsoft-Windows-Diagnostics-Performance/Operational", "Provider_Name": "Microsoft-Windows-Diagnostics-Performance", "Computer": "DESKTOP-OFJ6N53", "TimeCreated": "2022-09-29 11:34:23.486637+00:00", "RecordID": "101", "Level": "3", "UserID": "S-1-5-19", "EventData.StartTime": "2022-09-29 11:31:20.643480+00:00", "EventData.NameLength": "9", "EventData.Name": "Schedule", "EventData.FriendlyNameLength": "28", "EventData.FriendlyName": "Служба планировщика заданий", "EventData.VersionLength": "39", "EventData.Version": "10.0.19041.1889 (WinBuild.160101.0800)", "EventData.TotalTime": "2413", "EventData.DegradationTime": "1736", "EventData.PathLength": "33", "EventData.Path": "C:\\Windows\\system32\\schedsvc.dll", "EventData.ProductNameLength": "41", "EventData.ProductName": "Операционная система Microsoft® Windows®", "EventData.CompanyNameLength": "22", "EventData.CompanyName": "Microsoft Corporation"}
{"EventID": "203", "Channel": "Microsoft-Windows-Diagnostics-Performance/Operational", "Provider_Name": "Microsoft-Windows-Diagnostics-Performance", "Computer": "DESKTOP-OFJ6N53", "TimeCreated": "2022-09-29 11:34:23.486656+00:00", "RecordID": "102", "Level": "3", "UserID": "S-1-5-19", "EventData.StartTime": "2022-09-29 11:31:20.643480+00:00", "EventData.NameLength": "4", "EventData.Name": "DPS", "EventData.FriendlyNameLength": "32", "EventData.FriendlyName": "Служба политики диагностики WDI", "EventData.VersionLength": "39", "EventData.Version": "10.0.19041.1889 (WinBuild.160101.0800)", "EventData.TotalTime": "2690", "EventData.DegradationTime": "1452", "EventData.PathLength": "28", "EventData.Path": "C:\\Windows\\system32\\dps.dll", "EventData.ProductNameLength": "41", "EventData.ProductName": "Операционная система Microsoft® Windows®", "EventData.CompanyNameLength": "22", "EventData.CompanyName": "Microsoft Corporation"}
{"EventID": "203", "Channel": "Microsoft-Windows-Diagnostics-Performance/Operational", "Provider_Name": "Microsoft-Windows-Diagnostics-Performance", "Computer": "DESKTOP-OFJ6N53", "TimeCreated": "2022-09-29 11:34:23.486675+00:00", "RecordID": "103", "Level": "3", "UserID": "S-1-5-19", "EventData.StartTime": "2022-09-29 11:31:20.643480+00:00", "EventData.NameLength": "8", "EventData.Name": "WSearch", "EventData.FriendlyNameLength": "0", "EventData.FriendlyName": null, "EventData.VersionLength": "0", "EventData.Version": null, "EventData.TotalTime": "1569", "EventData.DegradationTime": "1092", "EventData.PathLength": "49", "EventData.Path": "C:\\Windows\\system32\\searchindexer.exe /embedding", "EventData.ProductNameLength": "0", "EventData.ProductName": null, "EventData.CompanyNameLength": "0", "EventData.CompanyName": null}
{"EventID": "100", "Channel": "Microsoft-Windows-Diagnostics-Performance/Operational", "Provider_Name": "Microsoft-Windows-Diagnostics-Performance", "Computer": "DESKTOP-OFJ6N53", "TimeCreated": "2022-09-29 11:34:24.728386+00:00", "RecordID": "104", "Level": "2", "UserID": "S-1-5-19", "EventData.BootTsVersion": "2", "EventData.BootStartTime": "2022-09-29 11:32:16.330526+00:00", "EventData.BootEndTime": "2022-09-29 11:34:21.522902+00:00", "EventData.SystemBootInstance": "13", "EventData.UserBootInstance": "13", "EventData.BootTime": "89347", "EventData.MainPathBootTime": "50247", "EventData.BootKernelInitTime": "107", "EventData.BootDriverInitTime": "6350", "EventData.BootDevicesInitTime": "7484", "EventData.BootPrefetchInitTime": "0", "EventData.BootPrefetchBytes": "0", "EventData.BootAutoChkTime": "0", "EventData.BootSmssInitTime": "5145", "EventData.BootCriticalServicesInitTime": "1329", "EventData.BootUserProfileProcessingTime": "3329", "EventData.BootMachineProfileProcessingTime": "463", "EventData.BootExplorerInitTime": "20205", "EventData.BootNumStartupApps": "18", "EventData.BootPostBootTime": "39100", "EventData.BootIsRebootAfterInstall": "False", "EventData.BootRootCauseStepImprovementBits": "0", "EventData.BootRootCauseGradualImprovementBits": "0", "EventData.BootRootCauseStepDegradationBits": "0", "EventData.BootRootCauseGradualDegradationBits": "0", "EventData.BootIsDegradation": "False", "EventData.BootIsStepDegradation": "False", "EventData.BootIsGradualDegradation": "False", "EventData.BootImprovementDelta": "0", "EventData.BootDegradationDelta": "0", "EventData.BootIsRootCauseIdentified": "False", "EventData.OSLoaderDuration": "3891", "EventData.BootPNPInitStartTimeMS": "107", "EventData.BootPNPInitDuration": "8744", "EventData.OtherKernelInitDuration": "1209", "EventData.SystemPNPInitStartTimeMS": "9859", "EventData.SystemPNPInitDuration": "2913", "EventData.SessionInitStartTimeMS": "12867", "EventData.Session0InitDuration": "1158", "EventData.Session1InitDuration": "277", "EventData.SessionInitOtherDuration": "3709", "EventData.WinLogonStartTimeMS": "18013", "EventData.OtherLogonInitActivityDuration": "8236", "EventData.UserLogonWaitDuration": "1896"}
{"EventID": "101", "Channel": "Microsoft-Windows-Diagnostics-Performance/Operational", "Provider_Name": "Microsoft-Windows-Diagnostics-Performance", "Computer": "DESKTOP-OFJ6N53", "TimeCreated": "2022-09-29 11:34:24.728401+00:00", "RecordID": "105", "Level": "3", "UserID": "S-1-5-19", "EventData.StartTime": "2022-09-29 11:32:16.330526+00:00", "EventData.NameLength": "13", "EventData.Name": "vpnagent.exe", "EventData.FriendlyNameLength": "18", "EventData.FriendlyName": "VPN Agent Service", "EventData.VersionLength": "13", "EventData.Version": "4, 10, 01075", "EventData.TotalTime": "1669", "EventData.DegradationTime": "669", "EventData.PathLength": "82", "EventData.Path": "C:\\Program Files (x86)\\Cisco\\Cisco AnyConnect Secure Mobility Client\\vpnagent.exe", "EventData.ProductNameLength": "40", "EventData.ProductName": "Cisco AnyConnect Secure Mobility Client", "EventData.CompanyNameLength": "20", "EventData.CompanyName": "Cisco Systems, Inc."}
{"EventID": "101", "Channel": "Microsoft-Windows-Diagnostics-Performance/Operational", "Provider_Name": "Microsoft-Windows-Diagnostics-Performance", "Computer": "DESKTOP-OFJ6N53", "TimeCreated": "2022-09-29 11:34:24.728411+00:00", "RecordID": "106", "Level": "3", "UserID": "S-1-5-19", "EventData.StartTime": "2022-09-29 11:32:16.330526+00:00", "EventData.NameLength": "13", "EventData.Name": "services.exe", "EventData.FriendlyNameLength": "32", "EventData.FriendlyName": "Приложение служб и контроллеров", "EventData.VersionLength": "39", "EventData.Version": "10.0.19041.1889 (WinBuild.160101.0800)", "EventData.TotalTime": "2556", "EventData.DegradationTime": "56", "EventData.PathLength": "33", "EventData.Path": "C:\\Windows\\System32\\services.exe", "EventData.ProductNameLength": "41", "EventData.ProductName": "Операционная система Microsoft® Windows®", "EventData.CompanyNameLength": "22", "EventData.CompanyName": "Microsoft Corporation"}
{"EventID": "200", "Channel": "Microsoft-Windows-Diagnostics-Performance/Operational", "Provider_Name": "Microsoft-Windows-Diagnostics-Performance", "Computer": "DESKTOP-OFJ6N53", "TimeCreated": "2022-10-04 08:36:32.451490+00:00", "RecordID": "107", "Level": "3", "UserID": "S-1-5-19", "EventData.ShutdownTsVersion": "1", "EventData.ShutdownStartTime": "2022-10-04 08:33:51.299433+00:00", "EventData.ShutdownEndTime": "2022-10-04 08:34:18.492558+00:00", "EventData.ShutdownTime": "27193", "EventData.ShutdownUserSessionTime": "5312", "EventData.ShutdownUserPolicyTime": "177", "EventData.ShutdownUserProfilesTime": "229", "EventData.ShutdownSystemSessionsTime": "6459", "EventData.ShutdownPreShutdownNotificationsTime": "1311", "EventData.ShutdownServicesTime": "5008", "EventData.ShutdownKernelTime": "15421", "EventData.ShutdownRootCauseStepImprovementBits": "0", "EventData.ShutdownRootCauseGradualImprovementBits": "0", "EventData.ShutdownRootCauseStepDegradationBits": "0", "EventData.ShutdownRootCauseGradualDegradationBits": "0", "EventData.ShutdownIsDegradation": "False", "EventData.ShutdownTimeChange": "0"}
{"EventID": "203", "Channel": "Microsoft-Windows-Diagnostics-Performance/Operational", "Provider_Name": "Microsoft-Windows-Diagnostics-Performance", "Computer": "DESKTOP-OFJ6N53", "TimeCreated": "2022-10-04 08:36:32.452480+00:00", "RecordID": "108", "Level": "3", "UserID": "S-1-5-19", "EventData.StartTime": "2022-10-04 08:33:51.299433+00:00", "EventData.NameLength": "11", "EventData.Name": "SgrmBroker", "EventData.FriendlyNameLength": "57", "EventData.FriendlyName": "Служба брокера мониторинга среды выполнения System Guard", "EventData.VersionLength": "39", "EventData.Version": "10.0.19041.1889 (WinBuild.160101.0800)", "EventData.TotalTime": "1221", "EventData.DegradationTime": "883", "EventData.PathLength": "35", "EventData.Path": "C:\\Windows\\system32\\sgrmbroker.exe", "EventData.ProductNameLength": "41", "EventData.ProductName": "Операционная система Microsoft® Windows®", "EventData.CompanyNameLength": "22", "EventData.CompanyName": "Microsoft Corporation"}
{"EventID": "100", "Channel": "Microsoft-Windows-Diagnostics-Performance/Operational", "Provider_Name": "Microsoft-Windows-Diagnostics-Performance", "Computer": "DESKTOP-OFJ6N53", "TimeCreated": "2022-10-04 08:36:33.666922+00:00", "RecordID": "109", "Level": "2", "UserID": "S-1-5-19", "EventData.BootTsVersion": "2", "EventData.BootStartTime": "2022-10-04 08:34:37.947723+00:00", "EventData.BootEndTime": "2022-10-04 08:36:31.179831+00:00", "EventData.SystemBootInstance": "14", "EventData.UserBootInstance": "14", "EventData.BootTime": "94011", "EventData.MainPathBootTime": "36811", "EventData.BootKernelInitTime": "82", "EventData.BootDriverInitTime": "4717", "EventData.BootDevicesInitTime": "5339", "EventData.BootPrefetchInitTime": "0", "EventData.BootPrefetchBytes": "0", "EventData.BootAutoChkTime": "0", "EventData.BootSmssInitTime": "4441", "EventData.BootCriticalServicesInitTime": "408", "EventData.BootUserProfileProcessingTime": "4681", "EventData.BootMachineProfileProcessingTime": "58", "EventData.BootExplorerInitTime": "17636", "EventData.BootNumStartupApps": "15", "EventData.BootPostBootTime": "57200", "EventData.BootIsRebootAfterInstall": "False", "EventData.BootRootCauseStepImprovementBits": "1", "EventData.BootRootCauseGradualImprovementBits": "0", "EventData.BootRootCauseStepDegradationBits": "2097152", "EventData.BootRootCauseGradualDegradationBits": "0", "EventData.BootIsDegradation": "False", "EventData.BootIsStepDegradation": "False", "EventData.BootIsGradualDegradation": "False", "EventData.BootImprovementDelta": "24355", "EventData.BootDegradationDelta": "0", "EventData.BootIsRootCauseIdentified": "True", "EventData.OSLoaderDuration": "6438", "EventData.BootPNPInitStartTimeMS": "82", "EventData.BootPNPInitDuration": "5012", "EventData.OtherKernelInitDuration": "189", "EventData.SystemPNPInitStartTimeMS": "5182", "EventData.SystemPNPInitDuration": "3089", "EventData.SessionInitStartTimeMS": "8291", "EventData.Session0InitDuration": "666", "EventData.Session1InitDuration": "84", "EventData.SessionInitOtherDuration": "3690", "EventData.WinLogonStartTimeMS": "12733", "EventData.OtherLogonInitActivityDuration": "1702", "EventData.UserLogonWaitDuration": "923"}
{"EventID": "101", "Channel": "Microsoft-Windows-Diagnostics-Performance/Operational", "Provider_Name": "Microsoft-Windows-Diagnostics-Performance", "Computer": "DESKTOP-OFJ6N53", "TimeCreated": "2022-10-04 08:36:33.667061+00:00", "RecordID": "110", "Level": "3", "UserID": "S-1-5-19", "EventData.StartTime": "2022-10-04 08:34:37.947723+00:00", "EventData.NameLength": "10", "EventData.Name": "avpui.exe", "EventData.FriendlyNameLength": "21", "EventData.FriendlyName": "Kaspersky Anti-Virus", "EventData.VersionLength": "12", "EventData.Version": "21.3.12.434", "EventData.TotalTime": "28966", "EventData.DegradationTime": "23966", "EventData.PathLength": "77", "EventData.Path": "C:\\Program Files (x86)\\Kaspersky Lab\\Kaspersky Security Cloud 21.3\\avpui.exe", "EventData.ProductNameLength": "21", "EventData.ProductName": "Kaspersky Anti-Virus", "EventData.CompanyNameLength": "17", "EventData.CompanyName": "AO Kaspersky Lab"}
{"EventID": "101", "Channel": "Microsoft-Windows-Diagnostics-Performance/Operational", "Provider_Name": "Microsoft-Windows-Diagnostics-Performance", "Computer": "DESKTOP-OFJ6N53", "TimeCreated": "2022-10-04 08:36:33.667072+00:00", "RecordID": "111", "Level": "3", "UserID": "S-1-5-19", "EventData.StartTime": "2022-10-04 08:34:37.947723+00:00", "EventData.NameLength": "16", "EventData.Name": "update_task.exe", "EventData.FriendlyNameLength": "12", "EventData.FriendlyName": "update_task", "EventData.VersionLength": "11", "EventData.Version": "7.0.1.0083", "EventData.TotalTime": "14431", "EventData.DegradationTime": "6931", "EventData.PathLength": "54", "EventData.Path": "C:\\Program Files\\Fortinet\\FortiClient\\update_task.exe", "EventData.ProductNameLength": "30", "EventData.ProductName": "FortiClient Auto-update Agent", "EventData.CompanyNameLength": "14", "EventData.CompanyName": "Fortinet Inc."}
{"EventID": "101", "Channel": "Microsoft-Windows-Diagnostics-Performance/Operational", "Provider_Name": "Microsoft-Windows-Diagnostics-Performance", "Computer": "DESKTOP-OFJ6N53", "TimeCreated": "2022-10-04 08:36:33.667082+00:00", "RecordID": "112", "Level": "3", "UserID": "S-1-5-19", "EventData.StartTime": "2022-10-04 08:34:37.947723+00:00", "EventData.NameLength": "12", "EventData.Name": "svchost.exe", "EventData.FriendlyNameLength": "31", "EventData.FriendlyName": "Хост-процесс для служб Windows", "EventData.VersionLength": "39", "EventData.Version": "10.0.19041.1889 (WinBuild.160101.0800)", "EventData.TotalTime": "5250", "EventData.DegradationTime": "3435", "EventData.PathLength": "32", "EventData.Path": "C:\\Windows\\System32\\svchost.exe", "EventData.ProductNameLength": "41", "EventData.ProductName": "Операционная система Microsoft® Windows®", "EventData.CompanyNameLength": "22", "EventData.CompanyName": "Microsoft Corporation"}
{"EventID": "101", "Channel": "Microsoft-Windows-Diagnostics-Performance/Operational", "Provider_Name": "Microsoft-Windows-Diagnostics-Performance", "Computer": "DESKTOP-OFJ6N53", "TimeCreated": "2022-10-04 08:36:33.667093+00:00", "RecordID": "113", "Level": "3", "UserID": "S-1-5-19", "EventData.StartTime": "2022-10-04 08:34:37.947723+00:00", "EventData.NameLength": "24", "EventData.Name": "PhoneExperienceHost.exe", "EventData.FriendlyNameLength": "20", "EventData.FriendlyName": "PhoneExperienceHost", "EventData.VersionLength": "14", "EventData.Version": "1.22072.207.0", "EventData.TotalTime": "8156", "EventData.DegradationTime": "3156", "EventData.PathLength": "106", "EventData.Path": "C:\\Program Files\\WindowsApps\\Microsoft.YourPhone_1.22072.207.0_x64__8wekyb3d8bbwe\\PhoneExperienceHost.exe", "EventData.ProductNameLength": "21", "EventData.ProductName": "Microsoft Your Phone", "EventData.CompanyNameLength": "22", "EventData.CompanyName": "Microsoft Corporation"}
{"EventID": "101", "Channel": "Microsoft-Windows-Diagnostics-Performance/Operational", "Provider_Name": "Microsoft-Windows-Diagnostics-Performance", "Computer": "DESKTOP-OFJ6N53", "TimeCreated": "2022-10-04 08:36:33.667101+00:00", "RecordID": "114", "Level": "3", "UserID": "S-1-5-19", "EventData.StartTime": "2022-10-04 08:34:37.947723+00:00", "EventData.NameLength": "14", "EventData.Name": "SearchApp.exe", "EventData.FriendlyNameLength": "19", "EventData.FriendlyName": "Search application", "EventData.VersionLength": "39", "EventData.Version": "10.0.19041.1949 (WinBuild.160101.0800)", "EventData.TotalTime": "3473", "EventData.DegradationTime": "973", "EventData.PathLength": "75", "EventData.Path": "C:\\Windows\\SystemApps\\Microsoft.Windows.Search_cw5n1h2txyewy\\SearchApp.exe", "EventData.ProductNameLength": "37", "EventData.ProductName": "Microsoft® Windows® Operating System", "EventData.CompanyNameLength": "22", "EventData.CompanyName": "Microsoft Corporation"}
{"EventID": "101", "Channel": "Microsoft-Windows-Diagnostics-Performance/Operational", "Provider_Name": "Microsoft-Windows-Diagnostics-Performance", "Computer": "DESKTOP-OFJ6N53", "TimeCreated": "2022-10-04 08:36:33.667110+00:00", "RecordID": "115", "Level": "3", "UserID": "S-1-5-19", "EventData.StartTime": "2022-10-04 08:34:37.947723+00:00", "EventData.NameLength": "21", "EventData.Name": "IntegrityService.exe", "EventData.FriendlyNameLength": "1", "EventData.FriendlyName": null, "EventData.VersionLength": "1", "EventData.Version": null, "EventData.TotalTime": "1388", "EventData.DegradationTime": "388", "EventData.PathLength": "73", "EventData.Path": "C:\\Program Files\\Security Code\\Continent VPN Client\\IntegrityService.exe", "EventData.ProductNameLength": "1", "EventData.ProductName": null, "EventData.CompanyNameLength": "1", "EventData.CompanyName": null}
{"EventID": "101", "Channel": "Microsoft-Windows-Diagnostics-Performance/Operational", "Provider_Name": "Microsoft-Windows-Diagnostics-Performance", "Computer": "DESKTOP-OFJ6N53", "TimeCreated": "2022-10-04 08:36:33.667116+00:00", "RecordID": "116", "Level": "3", "UserID": "S-1-5-19", "EventData.StartTime": "2022-10-04 08:34:37.947723+00:00", "EventData.NameLength": "11", "EventData.Name": "vpnsvc.exe", "EventData.FriendlyNameLength": "1", "EventData.FriendlyName": null, "EventData.VersionLength": "10", "EventData.Version": "4.3.20949", "EventData.TotalTime": "2658", "EventData.DegradationTime": "158", "EventData.PathLength": "49", "EventData.Path": "C:\\Program Files (x86)\\S-Terra Client\\vpnsvc.exe", "EventData.ProductNameLength": "15", "EventData.ProductName": "S-Terra Client", "EventData.CompanyNameLength": "12", "EventData.CompanyName": "S-Terra CSP"}
{"EventID": "102", "Channel": "Microsoft-Windows-Diagnostics-Performance/Operational", "Provider_Name": "Microsoft-Windows-Diagnostics-Performance", "Computer": "DESKTOP-OFJ6N53", "TimeCreated": "2022-10-04 08:36:33.667126+00:00", "RecordID": "117", "Level": "3", "UserID": "S-1-5-19", "EventData.StartTime": "2022-10-04 08:34:37.947723+00:00", "EventData.NameLength": "5", "EventData.Name": "KLIF", "EventData.FriendlyNameLength": "40", "EventData.FriendlyName": "Core System Interceptors [fre_win7_x64]", "EventData.VersionLength": "14", "EventData.Version": "30.587.0.2440", "EventData.TotalTime": "625", "EventData.DegradationTime": "447", "EventData.PathLength": "37", "EventData.Path": "C:\\Windows\\system32\\DRIVERS\\klif.sys", "EventData.ProductNameLength": "18", "EventData.ProductName": "Coretech Delivery", "EventData.CompanyNameLength": "17", "EventData.CompanyName": "AO Kaspersky Lab"}
{"EventID": "108", "Channel": "Microsoft-Windows-Diagnostics-Performance/Operational", "Provider_Name": "Microsoft-Windows-Diagnostics-Performance", "Computer": "DESKTOP-OFJ6N53", "TimeCreated": "2022-10-04 08:36:33.668095+00:00", "RecordID": "118", "Level": "3", "UserID": "S-1-5-19", "EventData.StartTime": "2022-10-04 08:34:37.947723+00:00", "EventData.NameLength": "13", "EventData.Name": "PreShellInit", "EventData.TotalTime": "4681", "EventData.DegradationTime": "3000"}
{"EventID": "200", "Channel": "Microsoft-Windows-Diagnostics-Performance/Operational", "Provider_Name": "Microsoft-Windows-Diagnostics-Performance", "Computer": "DESKTOP-OFJ6N53", "TimeCreated": "2022-10-05 14:38:43.759621+00:00", "RecordID": "119", "Level": "3", "UserID": "S-1-5-19", "EventData.ShutdownTsVersion": "1", "EventData.ShutdownStartTime": "2022-10-05 14:35:54.765926+00:00", "EventData.ShutdownEndTime": "2022-10-05 14:36:35.105206+00:00", "EventData.ShutdownTime": "40339", "EventData.ShutdownUserSessionTime": "13207", "EventData.ShutdownUserPolicyTime": "11", "EventData.ShutdownUserProfilesTime": "400", "EventData.ShutdownSystemSessionsTime": "7793", "EventData.ShutdownPreShutdownNotificationsTime": "1745", "EventData.ShutdownServicesTime": "5013", "EventData.ShutdownKernelTime": "19338", "EventData.ShutdownRootCauseStepImprovementBits": "0", "EventData.ShutdownRootCauseGradualImprovementBits": "0", "EventData.ShutdownRootCauseStepDegradationBits": "0", "EventData.ShutdownRootCauseGradualDegradationBits": "0", "EventData.ShutdownIsDegradation": "False", "EventData.ShutdownTimeChange": "0"}
{"EventID": "100", "Channel": "Microsoft-Windows-Diagnostics-Performance/Operational", "Provider_Name": "Microsoft-Windows-Diagnostics-Performance", "Computer": "DESKTOP-OFJ6N53", "TimeCreated": "2022-10-05 14:38:44.595522+00:00", "RecordID": "120", "Level": "2", "UserID": "S-1-5-19", "EventData.BootTsVersion": "2", "EventData.BootStartTime": "2022-10-05 14:36:53.353107+00:00", "EventData.BootEndTime": "2022-10-05 14:38:42.106405+00:00", "EventData.SystemBootInstance": "15", "EventData.UserBootInstance": "15", "EventData.BootTime": "79544", "EventData.MainPathBootTime": "29744", "EventData.BootKernelInitTime": "104", "EventData.BootDriverInitTime": "2596", "EventData.BootDevicesInitTime": "4692", "EventData.BootPrefetchInitTime": "0", "EventData.BootPrefetchBytes": "0", "EventData.BootAutoChkTime": "0", "EventData.BootSmssInitTime": "2087", "EventData.BootCriticalServicesInitTime": "443", "EventData.BootUserProfileProcessingTime": "4327", "EventData.BootMachineProfileProcessingTime": "62", "EventData.BootExplorerInitTime": "14704", "EventData.BootNumStartupApps": "18", "EventData.BootPostBootTime": "49800", "EventData.BootIsRebootAfterInstall": "False", "EventData.BootRootCauseStepImprovementBits": "0", "EventData.BootRootCauseGradualImprovementBits": "0", "EventData.BootRootCauseStepDegradationBits": "0", "EventData.BootRootCauseGradualDegradationBits": "2097152", "EventData.BootIsDegradation": "False", "EventData.BootIsStepDegradation": "False", "EventData.BootIsGradualDegradation": "False", "EventData.BootImprovementDelta": "0", "EventData.BootDegradationDelta": "0", "EventData.BootIsRootCauseIdentified": "True", "EventData.OSLoaderDuration": "6042", "EventData.BootPNPInitStartTimeMS": "104", "EventData.BootPNPInitDuration": "4981", "EventData.OtherKernelInitDuration": "413", "EventData.SystemPNPInitStartTimeMS": "5374", "EventData.SystemPNPInitDuration": "1220", "EventData.SessionInitStartTimeMS": "6616", "EventData.Session0InitDuration": "450", "EventData.Session1InitDuration": "97", "EventData.SessionInitOtherDuration": "1539", "EventData.WinLogonStartTimeMS": "8703", "EventData.OtherLogonInitActivityDuration": "1946", "EventData.UserLogonWaitDuration": "979"}
{"EventID": "101", "Channel": "Microsoft-Windows-Diagnostics-Performance/Operational", "Provider_Name": "Microsoft-Windows-Diagnostics-Performance", "Computer": "DESKTOP-OFJ6N53", "TimeCreated": "2022-10-05 14:38:44.595535+00:00", "RecordID": "121", "Level": "3", "UserID": "S-1-5-19", "EventData.StartTime": "2022-10-05 14:36:53.353107+00:00", "EventData.NameLength": "16", "EventData.Name": "update_task.exe", "EventData.FriendlyNameLength": "12", "EventData.FriendlyName": "update_task", "EventData.VersionLength": "11", "EventData.Version": "7.0.1.0083", "EventData.TotalTime": "11589", "EventData.DegradationTime": "4089", "EventData.PathLength": "54", "EventData.Path": "C:\\Program Files\\Fortinet\\FortiClient\\update_task.exe", "EventData.ProductNameLength": "30", "EventData.ProductName": "FortiClient Auto-update Agent", "EventData.CompanyNameLength": "14", "EventData.CompanyName": "Fortinet Inc."}
{"EventID": "101", "Channel": "Microsoft-Windows-Diagnostics-Performance/Operational", "Provider_Name": "Microsoft-Windows-Diagnostics-Performance", "Computer": "DESKTOP-OFJ6N53", "TimeCreated": "2022-10-05 14:38:44.595545+00:00", "RecordID": "122", "Level": "3", "UserID": "S-1-5-19", "EventData.StartTime": "2022-10-05 14:36:53.353107+00:00", "EventData.NameLength": "8", "EventData.Name": "avp.exe", "EventData.FriendlyNameLength": "23", "EventData.FriendlyName": "Kaspersky Lab launcher", "EventData.VersionLength": "9", "EventData.Version": "21.3.0.1", "EventData.TotalTime": "1115", "EventData.DegradationTime": "814", "EventData.PathLength": "75", "EventData.Path": "C:\\Program Files (x86)\\Kaspersky Lab\\Kaspersky Security Cloud 21.3\\avp.exe", "EventData.ProductNameLength": "23", "EventData.ProductName": "Kaspersky Lab launcher", "EventData.CompanyNameLength": "17", "EventData.CompanyName": "AO Kaspersky Lab"}
{"EventID": "101", "Channel": "Microsoft-Windows-Diagnostics-Performance/Operational", "Provider_Name": "Microsoft-Windows-Diagnostics-Performance", "Computer": "DESKTOP-OFJ6N53", "TimeCreated": "2022-10-05 14:38:44.595566+00:00", "RecordID": "123", "Level": "3", "UserID": "S-1-5-19", "EventData.StartTime": "2022-10-05 14:36:53.353107+00:00", "EventData.NameLength": "13", "EventData.Name": "vpnagent.exe", "EventData.FriendlyNameLength": "18", "EventData.FriendlyName": "VPN Agent Service", "EventData.VersionLength": "13", "EventData.Version": "4, 10, 01075", "EventData.TotalTime": "1130", "EventData.DegradationTime": "130", "EventData.PathLength": "82", "EventData.Path": "C:\\Program Files (x86)\\Cisco\\Cisco AnyConnect Secure Mobility Client\\vpnagent.exe", "EventData.ProductNameLength": "40", "EventData.ProductName": "Cisco AnyConnect Secure Mobility Client", "EventData.CompanyNameLength": "20", "EventData.CompanyName": "Cisco Systems, Inc."}
{"EventID": "108", "Channel": "Microsoft-Windows-Diagnostics-Performance/Operational", "Provider_Name": "Microsoft-Windows-Diagnostics-Performance", "Computer": "DESKTOP-OFJ6N53", "TimeCreated": "2022-10-05 14:38:44.603197+00:00", "RecordID": "124", "Level": "3", "UserID": "S-1-5-19", "EventData.StartTime": "2022-10-05 14:36:53.353107+00:00", "EventData.NameLength": "13", "EventData.Name": "PreShellInit", "EventData.TotalTime": "4327", "EventData.DegradationTime": "2599"}
{"EventID": "200", "Channel": "Microsoft-Windows-Diagnostics-Performance/Operational", "Provider_Name": "Microsoft-Windows-Diagnostics-Performance", "Computer": "DESKTOP-OFJ6N53", "TimeCreated": "2022-10-06 08:22:38.674784+00:00", "RecordID": "125", "Level": "3", "UserID": "S-1-5-19", "EventData.ShutdownTsVersion": "1", "EventData.ShutdownStartTime": "2022-10-06 08:19:33.367821+00:00", "EventData.ShutdownEndTime": "2022-10-06 08:20:27.008638+00:00", "EventData.ShutdownTime": "53640", "EventData.ShutdownUserSessionTime": "22706", "EventData.ShutdownUserPolicyTime": "7", "EventData.ShutdownUserProfilesTime": "1462", "EventData.ShutdownSystemSessionsTime": "10408", "EventData.ShutdownPreShutdownNotificationsTime": "4564", "EventData.ShutdownServicesTime": "5062", "EventData.ShutdownKernelTime": "20525", "EventData.ShutdownRootCauseStepImprovementBits": "0", "EventData.ShutdownRootCauseGradualImprovementBits": "0", "EventData.ShutdownRootCauseStepDegradationBits": "0", "EventData.ShutdownRootCauseGradualDegradationBits": "4", "EventData.ShutdownIsDegradation": "True", "EventData.ShutdownTimeChange": "0"}
{"EventID": "203", "Channel": "Microsoft-Windows-Diagnostics-Performance/Operational", "Provider_Name": "Microsoft-Windows-Diagnostics-Performance", "Computer": "DESKTOP-OFJ6N53", "TimeCreated": "2022-10-06 08:22:38.674797+00:00", "RecordID": "126", "Level": "3", "UserID": "S-1-5-19", "EventData.StartTime": "2022-10-06 08:19:33.367821+00:00", "EventData.NameLength": "8", "EventData.Name": "KSDE5.7", "EventData.FriendlyNameLength": "0", "EventData.FriendlyName": null, "EventData.VersionLength": "0", "EventData.Version": null, "EventData.TotalTime": "8231", "EventData.DegradationTime": "4231", "EventData.PathLength": "83", "EventData.Path": "\"c:\\program files (x86)\\kaspersky lab\\kaspersky secure connection 5.7\\ksde.exe\" -r", "EventData.ProductNameLength": "0", "EventData.ProductName": null, "EventData.CompanyNameLength": "0", "EventData.CompanyName": null}
{"EventID": "203", "Channel": "Microsoft-Windows-Diagnostics-Performance/Operational", "Provider_Name": "Microsoft-Windows-Diagnostics-Performance", "Computer": "DESKTOP-OFJ6N53", "TimeCreated": "2022-10-06 08:22:38.674809+00:00", "RecordID": "127", "Level": "3", "UserID": "S-1-5-19", "EventData.StartTime": "2022-10-06 08:19:33.367821+00:00", "EventData.NameLength": "25", "EventData.Name": "DeviceAssociationService", "EventData.FriendlyNameLength": "31", "EventData.FriendlyName": "Служба сопоставления устройств", "EventData.VersionLength": "39", "EventData.Version": "10.0.19041.1889 (WinBuild.160101.0800)", "EventData.TotalTime": "5662", "EventData.DegradationTime": "964", "EventData.PathLength": "28", "EventData.Path": "C:\\Windows\\system32\\das.dll", "EventData.ProductNameLength": "41", "EventData.ProductName": "Операционная система Microsoft® Windows®", "EventData.CompanyNameLength": "22", "EventData.CompanyName": "Microsoft Corporation"}
{"EventID": "100", "Channel": "Microsoft-Windows-Diagnostics-Performance/Operational", "Provider_Name": "Microsoft-Windows-Diagnostics-Performance", "Computer": "DESKTOP-OFJ6N53", "TimeCreated": "2022-10-06 08:22:39.355539+00:00", "RecordID": "128", "Level": "2", "UserID": "S-1-5-19", "EventData.BootTsVersion": "2", "EventData.BootStartTime": "2022-10-06 08:20:45.819448+00:00", "EventData.BootEndTime": "2022-10-06 08:22:37.271776+00:00", "EventData.SystemBootInstance": "16", "EventData.UserBootInstance": "16", "EventData.BootTime": "61732", "EventData.MainPathBootTime": "25832", "EventData.BootKernelInitTime": "1180", "EventData.BootDriverInitTime": "2689", "EventData.BootDevicesInitTime": "7953", "EventData.BootPrefetchInitTime": "0", "EventData.BootPrefetchBytes": "0", "EventData.BootAutoChkTime": "0", "EventData.BootSmssInitTime": "1984", "EventData.BootCriticalServicesInitTime": "328", "EventData.BootUserProfileProcessingTime": "3421", "EventData.BootMachineProfileProcessingTime": "135", "EventData.BootExplorerInitTime": "6576", "EventData.BootNumStartupApps": "15", "EventData.BootPostBootTime": "35900", "EventData.BootIsRebootAfterInstall": "False", "EventData.BootRootCauseStepImprovementBits": "0", "EventData.BootRootCauseGradualImprovementBits": "0", "EventData.BootRootCauseStepDegradationBits": "0", "EventData.BootRootCauseGradualDegradationBits": "0", "EventData.BootIsDegradation": "False", "EventData.BootIsStepDegradation": "False", "EventData.BootIsGradualDegradation": "False", "EventData.BootImprovementDelta": "0", "EventData.BootDegradationDelta": "0", "EventData.BootIsRootCauseIdentified": "False", "EventData.OSLoaderDuration": "3124", "EventData.BootPNPInitStartTimeMS": "1180", "EventData.BootPNPInitDuration": "7797", "EventData.OtherKernelInitDuration": "1315", "EventData.SystemPNPInitStartTimeMS": "9087", "EventData.SystemPNPInitDuration": "2068", "EventData.SessionInitStartTimeMS": "11181", "EventData.Session0InitDuration": "396", "EventData.Session1InitDuration": "79", "EventData.SessionInitOtherDuration": "1507", "EventData.WinLogonStartTimeMS": "13165", "EventData.OtherLogonInitActivityDuration": "2534", "EventData.UserLogonWaitDuration": "1222"}
{"EventID": "101", "Channel": "Microsoft-Windows-Diagnostics-Performance/Operational", "Provider_Name": "Microsoft-Windows-Diagnostics-Performance", "Computer": "DESKTOP-OFJ6N53", "TimeCreated": "2022-10-06 08:22:39.355549+00:00", "RecordID": "129", "Level": "3", "UserID": "S-1-5-19", "EventData.StartTime": "2022-10-06 08:20:45.819448+00:00", "EventData.NameLength": "13", "EventData.Name": "OneDrive.exe", "EventData.FriendlyNameLength": "0", "EventData.FriendlyName": null, "EventData.VersionLength": "0", "EventData.Version": null, "EventData.TotalTime": "8402", "EventData.DegradationTime": "2488", "EventData.PathLength": "66", "EventData.Path": "C:\\Users\\sk.batsiev\\AppData\\Local\\Microsoft\\OneDrive\\OneDrive.exe", "EventData.ProductNameLength": "0", "EventData.ProductName": null, "EventData.CompanyNameLength": "0", "EventData.CompanyName": null}
{"EventID": "200", "Channel": "Microsoft-Windows-Diagnostics-Performance/Operational", "Provider_Name": "Microsoft-Windows-Diagnostics-Performance", "Computer": "DESKTOP-OFJ6N53", "TimeCreated": "2022-10-06 09:17:37.878784+00:00", "RecordID": "130", "Level": "3", "UserID": "S-1-5-19", "EventData.ShutdownTsVersion": "1", "EventData.ShutdownStartTime": "2022-10-06 09:15:33.415737+00:00", "EventData.ShutdownEndTime": "2022-10-06 09:15:42.069588+00:00", "EventData.ShutdownTime": "8653", "EventData.ShutdownUserSessionTime": "1345", "EventData.ShutdownUserPolicyTime": "5", "EventData.ShutdownUserProfilesTime": "54", "EventData.ShutdownSystemSessionsTime": "5083", "EventData.ShutdownPreShutdownNotificationsTime": "32", "EventData.ShutdownServicesTime": "4991", "EventData.ShutdownKernelTime": "2225", "EventData.ShutdownRootCauseStepImprovementBits": "0", "EventData.ShutdownRootCauseGradualImprovementBits": "0", "EventData.ShutdownRootCauseStepDegradationBits": "0", "EventData.ShutdownRootCauseGradualDegradationBits": "0", "EventData.ShutdownIsDegradation": "False", "EventData.ShutdownTimeChange": "0"}
{"EventID": "100", "Channel": "Microsoft-Windows-Diagnostics-Performance/Operational", "Provider_Name": "Microsoft-Windows-Diagnostics-Performance", "Computer": "DESKTOP-OFJ6N53", "TimeCreated": "2022-10-06 09:17:38.773991+00:00", "RecordID": "131", "Level": "2", "UserID": "S-1-5-19", "EventData.BootTsVersion": "2", "EventData.BootStartTime": "2022-10-06 09:15:51.695023+00:00", "EventData.BootEndTime": "2022-10-06 09:17:36.348862+00:00", "EventData.SystemBootInstance": "17", "EventData.UserBootInstance": "17", "EventData.BootTime": "54863", "EventData.MainPathBootTime": "19463", "EventData.BootKernelInitTime": "69", "EventData.BootDriverInitTime": "1712", "EventData.BootDevicesInitTime": "3983", "EventData.BootPrefetchInitTime": "0", "EventData.BootPrefetchBytes": "0", "EventData.BootAutoChkTime": "0", "EventData.BootSmssInitTime": "2134", "EventData.BootCriticalServicesInitTime": "234", "EventData.BootUserProfileProcessingTime": "3517", "EventData.BootMachineProfileProcessingTime": "58", "EventData.BootExplorerInitTime": "6777", "EventData.BootNumStartupApps": "15", "EventData.BootPostBootTime": "35400", "EventData.BootIsRebootAfterInstall": "False", "EventData.BootRootCauseStepImprovementBits": "0", "EventData.BootRootCauseGradualImprovementBits": "0", "EventData.BootRootCauseStepDegradationBits": "0", "EventData.BootRootCauseGradualDegradationBits": "0", "EventData.BootIsDegradation": "False", "EventData.BootIsStepDegradation": "False", "EventData.BootIsGradualDegradation": "False", "EventData.BootImprovementDelta": "0", "EventData.BootDegradationDelta": "0", "EventData.BootIsRootCauseIdentified": "False", "EventData.OSLoaderDuration": "1126", "EventData.BootPNPInitStartTimeMS": "69", "EventData.BootPNPInitDuration": "3940", "EventData.OtherKernelInitDuration": "196", "EventData.SystemPNPInitStartTimeMS": "4113", "EventData.SystemPNPInitDuration": "973", "EventData.SessionInitStartTimeMS": "5110", "EventData.Session0InitDuration": "430", "EventData.Session1InitDuration": "55", "EventData.SessionInitOtherDuration": "1648", "EventData.WinLogonStartTimeMS": "7244", "EventData.OtherLogonInitActivityDuration": "1865", "EventData.UserLogonWaitDuration": "949"}
{"EventID": "200", "Channel": "Microsoft-Windows-Diagnostics-Performance/Operational", "Provider_Name": "Microsoft-Windows-Diagnostics-Performance", "Computer": "DESKTOP-OFJ6N53", "TimeCreated": "2022-10-11 22:45:19.318165+00:00", "RecordID": "132", "Level": "2", "UserID": "S-1-5-19", "EventData.ShutdownTsVersion": "1", "EventData.ShutdownStartTime": "2022-10-11 22:40:59.277149+00:00", "EventData.ShutdownEndTime": "2022-10-11 22:42:35.940193+00:00", "EventData.ShutdownTime": "96663", "EventData.ShutdownUserSessionTime": "10153", "EventData.ShutdownUserPolicyTime": "100", "EventData.ShutdownUserProfilesTime": "138", "EventData.ShutdownSystemSessionsTime": "80276", "EventData.ShutdownPreShutdownNotificationsTime": "75131", "EventData.ShutdownServicesTime": "4988", "EventData.ShutdownKernelTime": "6233", "EventData.ShutdownRootCauseStepImprovementBits": "0", "EventData.ShutdownRootCauseGradualImprovementBits": "0", "EventData.ShutdownRootCauseStepDegradationBits": "0", "EventData.ShutdownRootCauseGradualDegradationBits": "0", "EventData.ShutdownIsDegradation": "False", "EventData.ShutdownTimeChange": "0"}
{"EventID": "100", "Channel": "Microsoft-Windows-Diagnostics-Performance/Operational", "Provider_Name": "Microsoft-Windows-Diagnostics-Performance", "Computer": "DESKTOP-OFJ6N53", "TimeCreated": "2022-10-11 22:45:20.744797+00:00", "RecordID": "133", "Level": "2", "UserID": "S-1-5-19", "EventData.BootTsVersion": "2", "EventData.BootStartTime": "2022-10-11 22:42:51.110415+00:00", "EventData.BootEndTime": "2022-10-11 22:45:17.568630+00:00", "EventData.SystemBootInstance": "18", "EventData.UserBootInstance": "18", "EventData.BootTime": "108198", "EventData.MainPathBootTime": "62398", "EventData.BootKernelInitTime": "72", "EventData.BootDriverInitTime": "2511", "EventData.BootDevicesInitTime": "4308", "EventData.BootPrefetchInitTime": "0", "EventData.BootPrefetchBytes": "0", "EventData.BootAutoChkTime": "0", "EventData.BootSmssInitTime": "4977", "EventData.BootCriticalServicesInitTime": "697", "EventData.BootUserProfileProcessingTime": "1071", "EventData.BootMachineProfileProcessingTime": "0", "EventData.BootExplorerInitTime": "8134", "EventData.BootNumStartupApps": "21", "EventData.BootPostBootTime": "45800", "EventData.BootIsRebootAfterInstall": "False", "EventData.BootRootCauseStepImprovementBits": "260", "EventData.BootRootCauseGradualImprovementBits": "0", "EventData.BootRootCauseStepDegradationBits": "0", "EventData.BootRootCauseGradualDegradationBits": "0", "EventData.BootIsDegradation": "False", "EventData.BootIsStepDegradation": "False", "EventData.BootIsGradualDegradation": "False", "EventData.BootImprovementDelta": "0", "EventData.BootDegradationDelta": "0", "EventData.BootIsRootCauseIdentified": "True", "EventData.OSLoaderDuration": "3483", "EventData.BootPNPInitStartTimeMS": "72", "EventData.BootPNPInitDuration": "5164", "EventData.OtherKernelInitDuration": "382", "EventData.SystemPNPInitStartTimeMS": "5528", "EventData.SystemPNPInitDuration": "1210", "EventData.SessionInitStartTimeMS": "6757", "EventData.Session0InitDuration": "1023", "EventData.Session1InitDuration": "59", "EventData.SessionInitOtherDuration": "3894", "EventData.WinLogonStartTimeMS": "11735", "EventData.OtherLogonInitActivityDuration": "41457", "EventData.UserLogonWaitDuration": "132"}
{"EventID": "101", "Channel": "Microsoft-Windows-Diagnostics-Performance/Operational", "Provider_Name": "Microsoft-Windows-Diagnostics-Performance", "Computer": "DESKTOP-OFJ6N53", "TimeCreated": "2022-10-11 22:45:20.744810+00:00", "RecordID": "134", "Level": "3", "UserID": "S-1-5-19", "EventData.StartTime": "2022-10-11 22:42:51.110415+00:00", "EventData.NameLength": "12", "EventData.Name": "spoolsv.exe", "EventData.FriendlyNameLength": "25", "EventData.FriendlyName": "Диспетчер очереди печати", "EventData.VersionLength": "39", "EventData.Version": "10.0.19041.1889 (WinBuild.160101.0800)", "EventData.TotalTime": "7666", "EventData.DegradationTime": "2666", "EventData.PathLength": "32", "EventData.Path": "C:\\Windows\\System32\\spoolsv.exe", "EventData.ProductNameLength": "41", "EventData.ProductName": "Операционная система Microsoft® Windows®", "EventData.CompanyNameLength": "22", "EventData.CompanyName": "Microsoft Corporation"}
