{"EventID": "2", "Channel": "Microsoft-Windows-Kernel-EventTracing/Admin", "Provider_Name": "Microsoft-Windows-Kernel-EventTracing", "Computer": "DESKTOP-OFJ6N53", "TimeCreated": "2024-03-13 03:05:35.407982+00:00", "RecordID": "574", "Level": "2", "UserID": "S-1-5-18", "EventData.SessionName": "Microsoft.Windows.WindowsUpdate.RUXIMLog", "EventData.FileName": null, "EventData.ErrorCode": "3221225525", "EventData.LoggingMode": "268460034"}
{"EventID": "2", "Channel": "Microsoft-Windows-Kernel-EventTracing/Admin", "Provider_Name": "Microsoft-Windows-Kernel-EventTracing", "Computer": "DESKTOP-OFJ6N53", "TimeCreated": "2024-03-14 06:06:26.053291+00:00", "RecordID": "575", "Level": "2", "UserID": "S-1-5-18", "EventData.SessionName": "Microsoft.Windows.WindowsUpdate.RUXIMLog", "EventData.FileName": null, "EventData.ErrorCode": "3221225525", "EventData.LoggingMode": "268460034"}
{"EventID": "2", "Channel": "Microsoft-Windows-Kernel-EventTracing/Admin", "Provider_Name": "Microsoft-Windows-Kernel-EventTracing", "Computer": "DESKTOP-OFJ6N53", "TimeCreated": "2024-03-15 06:06:31.471598+00:00", "RecordID": "576", "Level": "2", "UserID": "S-1-5-18", "EventData.SessionName": "Microsoft.Windows.WindowsUpdate.RUXIMLog", "EventData.FileName": null, "EventData.ErrorCode": "3221225525", "EventData.LoggingMode": "268460034"}
{"EventID": "4", "Channel": "Microsoft-Windows-Kernel-EventTracing/Admin", "Provider_Name": "Microsoft-Windows-Kernel-EventTracing", "Computer": "DESKTOP-OFJ6N53", "TimeCreated": "2024-03-15 11:20:57.992382+00:00", "RecordID": "577", "Level": "3", "UserID": "S-1-5-18", "EventData.SessionName": "Diagtrack-Listener", "EventData.FileName": "C:\\Windows\\System32\\LogFiles\\WMI\\Diagtrack-Listener.etl.004", "EventData.ErrorCode": "3221225864", "EventData.LoggingMode": "142606353", "EventData.MaxFileSize": "33554432"}
{"EventID": "3", "Channel": "Microsoft-Windows-Kernel-EventTracing/Admin", "Provider_Name": "Microsoft-Windows-Kernel-EventTracing", "Computer": "DESKTOP-OFJ6N53", "TimeCreated": "2024-03-15 11:20:57.992384+00:00", "RecordID": "578", "Level": "2", "UserID": "S-1-5-18", "EventData.SessionName": "Diagtrack-Listener", "EventData.FileName": "C:\\Windows\\System32\\LogFiles\\WMI\\Diagtrack-Listener.etl.004", "EventData.ErrorCode": "3221225864", "EventData.LoggingMode": "142606353", "EventData.FailureReason": "0"}
{"EventID": "2", "Channel": "Microsoft-Windows-Kernel-EventTracing/Admin", "Provider_Name": "Microsoft-Windows-Kernel-EventTracing", "Computer": "DESKTOP-OFJ6N53", "TimeCreated": "2024-03-16 10:01:14.457483+00:00", "RecordID": "579", "Level": "2", "UserID": "S-1-5-18", "EventData.SessionName": "Microsoft.Windows.WindowsUpdate.RUXIMLog", "EventData.FileName": null, "EventData.ErrorCode": "3221225525", "EventData.LoggingMode": "268460034"}
{"EventID": "2", "Channel": "Microsoft-Windows-Kernel-EventTracing/Admin", "Provider_Name": "Microsoft-Windows-Kernel-EventTracing", "Computer": "DESKTOP-OFJ6N53", "TimeCreated": "2024-03-17 03:07:03.870298+00:00", "RecordID": "580", "Level": "2", "UserID": "S-1-5-18", "EventData.SessionName": "Microsoft.Windows.Remediation", "EventData.FileName": null, "EventData.ErrorCode": "3221225525", "EventData.LoggingMode": "268460034"}
{"EventID": "2", "Channel": "Microsoft-Windows-Kernel-EventTracing/Admin", "Provider_Name": "Microsoft-Windows-Kernel-EventTracing", "Computer": "DESKTOP-OFJ6N53", "TimeCreated": "2024-03-17 10:01:24.216362+00:00", "RecordID": "581", "Level": "2", "UserID": "S-1-5-18", "EventData.SessionName": "Microsoft.Windows.WindowsUpdate.RUXIMLog", "EventData.FileName": null, "EventData.ErrorCode": "3221225525", "EventData.LoggingMode": "268460034"}
{"EventID": "2", "Channel": "Microsoft-Windows-Kernel-EventTracing/Admin", "Provider_Name": "Microsoft-Windows-Kernel-EventTracing", "Computer": "DESKTOP-OFJ6N53", "TimeCreated": "2024-03-18 10:01:31.209946+00:00", "RecordID": "582", "Level": "2", "UserID": "S-1-5-18", "EventData.SessionName": "Microsoft.Windows.WindowsUpdate.RUXIMLog", "EventData.FileName": null, "EventData.ErrorCode": "3221225525", "EventData.LoggingMode": "268460034"}
{"EventID": "2", "Channel": "Microsoft-Windows-Kernel-EventTracing/Admin", "Provider_Name": "Microsoft-Windows-Kernel-EventTracing", "Computer": "DESKTOP-OFJ6N53", "TimeCreated": "2024-03-19 05:04:53.594994+00:00", "RecordID": "583", "Level": "2", "UserID": "S-1-5-18", "EventData.SessionName": "Microsoft.Windows.Remediation", "EventData.FileName": null, "EventData.ErrorCode": "3221225525", "EventData.LoggingMode": "268460034"}
{"EventID": "2", "Channel": "Microsoft-Windows-Kernel-EventTracing/Admin", "Provider_Name": "Microsoft-Windows-Kernel-EventTracing", "Computer": "DESKTOP-OFJ6N53", "TimeCreated": "2024-03-19 10:01:42.294792+00:00", "RecordID": "584", "Level": "2", "UserID": "S-1-5-18", "EventData.SessionName": "Microsoft.Windows.WindowsUpdate.RUXIMLog", "EventData.FileName": null, "EventData.ErrorCode": "3221225525", "EventData.LoggingMode": "268460034"}
{"EventID": "2", "Channel": "Microsoft-Windows-Kernel-EventTracing/Admin", "Provider_Name": "Microsoft-Windows-Kernel-EventTracing", "Computer": "DESKTOP-OFJ6N53", "TimeCreated": "2024-03-20 13:45:13.881231+00:00", "RecordID": "585", "Level": "2", "UserID": "S-1-5-18", "EventData.SessionName": "Microsoft.Windows.WindowsUpdate.RUXIMLog", "EventData.FileName": null, "EventData.ErrorCode": "3221225525", "EventData.LoggingMode": "268460034"}
{"EventID": "2", "Channel": "Microsoft-Windows-Kernel-EventTracing/Admin", "Provider_Name": "Microsoft-Windows-Kernel-EventTracing", "Computer": "DESKTOP-OFJ6N53", "TimeCreated": "2024-03-21 13:45:21.783649+00:00", "RecordID": "586", "Level": "2", "UserID": "S-1-5-18", "EventData.SessionName": "Microsoft.Windows.WindowsUpdate.RUXIMLog", "EventData.FileName": null, "EventData.ErrorCode": "3221225525", "EventData.LoggingMode": "268460034"}
{"EventID": "2", "Channel": "Microsoft-Windows-Kernel-EventTracing/Admin", "Provider_Name": "Microsoft-Windows-Kernel-EventTracing", "Computer": "DESKTOP-OFJ6N53", "TimeCreated": "2024-03-22 13:45:37.579098+00:00", "RecordID": "587", "Level": "2", "UserID": "S-1-5-18", "EventData.SessionName": "Microsoft.Windows.WindowsUpdate.RUXIMLog", "EventData.FileName": null, "EventData.ErrorCode": "3221225525", "EventData.LoggingMode": "268460034"}
{"EventID": "2", "Channel": "Microsoft-Windows-Kernel-EventTracing/Admin", "Provider_Name": "Microsoft-Windows-Kernel-EventTracing", "Computer": "DESKTOP-OFJ6N53", "TimeCreated": "2024-03-23 13:45:44.900558+00:00", "RecordID": "588", "Level": "2", "UserID": "S-1-5-18", "EventData.SessionName": "Microsoft.Windows.WindowsUpdate.RUXIMLog", "EventData.FileName": null, "EventData.ErrorCode": "3221225525", "EventData.LoggingMode": "268460034"}
{"EventID": "2", "Channel": "Microsoft-Windows-Kernel-EventTracing/Admin", "Provider_Name": "Microsoft-Windows-Kernel-EventTracing", "Computer": "DESKTOP-OFJ6N53", "TimeCreated": "2024-03-24 00:39:38.036798+00:00", "RecordID": "589", "Level": "2", "UserID": "S-1-5-18", "EventData.SessionName": "Microsoft.Windows.Remediation", "EventData.FileName": null, "EventData.ErrorCode": "3221225525", "EventData.LoggingMode": "268460034"}
{"EventID": "2", "Channel": "Microsoft-Windows-Kernel-EventTracing/Admin", "Provider_Name": "Microsoft-Windows-Kernel-EventTracing", "Computer": "DESKTOP-OFJ6N53", "TimeCreated": "2024-03-24 13:45:51.512999+00:00", "RecordID": "590", "Level": "2", "UserID": "S-1-5-18", "EventData.SessionName": "Microsoft.Windows.WindowsUpdate.RUXIMLog", "EventData.FileName": null, "EventData.ErrorCode": "3221225525", "EventData.LoggingMode": "268460034"}
{"EventID": "2", "Channel": "Microsoft-Windows-Kernel-EventTracing/Admin", "Provider_Name": "Microsoft-Windows-Kernel-EventTracing", "Computer": "DESKTOP-OFJ6N53", "TimeCreated": "2024-03-25 13:45:58.650543+00:00", "RecordID": "591", "Level": "2", "UserID": "S-1-5-18", "EventData.SessionName": "Microsoft.Windows.WindowsUpdate.RUXIMLog", "EventData.FileName": null, "EventData.ErrorCode": "3221225525", "EventData.LoggingMode": "268460034"}
{"EventID": "2", "Channel": "Microsoft-Windows-Kernel-EventTracing/Admin", "Provider_Name": "Microsoft-Windows-Kernel-EventTracing", "Computer": "DESKTOP-OFJ6N53", "TimeCreated": "2024-03-26 13:46:05.376797+00:00", "RecordID": "592", "Level": "2", "UserID": "S-1-5-18", "EventData.SessionName": "Microsoft.Windows.WindowsUpdate.RUXIMLog", "EventData.FileName": null, "EventData.ErrorCode": "3221225525", "EventData.LoggingMode": "268460034"}
{"EventID": "2", "Channel": "Microsoft-Windows-Kernel-EventTracing/Admin", "Provider_Name": "Microsoft-Windows-Kernel-EventTracing", "Computer": "DESKTOP-OFJ6N53", "TimeCreated": "2024-03-26 17:04:51.441200+00:00", "RecordID": "593", "Level": "2", "UserID": "S-1-5-18", "EventData.SessionName": "Microsoft.Windows.Remediation", "EventData.FileName": null, "EventData.ErrorCode": "3221225525", "EventData.LoggingMode": "268460034"}
{"EventID": "2", "Channel": "Microsoft-Windows-Kernel-EventTracing/Admin", "Provider_Name": "Microsoft-Windows-Kernel-EventTracing", "Computer": "DESKTOP-OFJ6N53", "TimeCreated": "2024-03-27 13:46:12.664557+00:00", "RecordID": "594", "Level": "2", "UserID": "S-1-5-18", "EventData.SessionName": "Microsoft.Windows.WindowsUpdate.RUXIMLog", "EventData.FileName": null, "EventData.ErrorCode": "3221225525", "EventData.LoggingMode": "268460034"}
{"EventID": "2", "Channel": "Microsoft-Windows-Kernel-EventTracing/Admin", "Provider_Name": "Microsoft-Windows-Kernel-EventTracing", "Computer": "DESKTOP-OFJ6N53", "TimeCreated": "2024-03-28 13:46:20.221962+00:00", "RecordID": "595", "Level": "2", "UserID": "S-1-5-18", "EventData.SessionName": "Microsoft.Windows.WindowsUpdate.RUXIMLog", "EventData.FileName": null, "EventData.ErrorCode": "3221225525", "EventData.LoggingMode": "268460034"}
{"EventID": "2", "Channel": "Microsoft-Windows-Kernel-EventTracing/Admin", "Provider_Name": "Microsoft-Windows-Kernel-EventTracing", "Computer": "DESKTOP-OFJ6N53", "TimeCreated": "2024-03-29 13:46:27.494677+00:00", "RecordID": "596", "Level": "2", "UserID": "S-1-5-18", "EventData.SessionName": "Microsoft.Windows.WindowsUpdate.RUXIMLog", "EventData.FileName": null, "EventData.ErrorCode": "3221225525", "EventData.LoggingMode": "268460034"}
{"EventID": "2", "Channel": "Microsoft-Windows-Kernel-EventTracing/Admin", "Provider_Name": "Microsoft-Windows-Kernel-EventTracing", "Computer": "DESKTOP-OFJ6N53", "TimeCreated": "2024-03-30 13:46:36.266346+00:00", "RecordID": "597", "Level": "2", "UserID": "S-1-5-18", "EventData.SessionName": "Microsoft.Windows.WindowsUpdate.RUXIMLog", "EventData.FileName": null, "EventData.ErrorCode": "3221225525", "EventData.LoggingMode": "268460034"}
{"EventID": "2", "Channel": "Microsoft-Windows-Kernel-EventTracing/Admin", "Provider_Name": "Microsoft-Windows-Kernel-EventTracing", "Computer": "DESKTOP-OFJ6N53", "TimeCreated": "2024-03-31 03:54:08.748171+00:00", "RecordID": "598", "Level": "2", "UserID": "S-1-5-18", "EventData.SessionName": "Microsoft.Windows.Remediation", "EventData.FileName": null, "EventData.ErrorCode": "3221225525", "EventData.LoggingMode": "268460034"}
{"EventID": "2", "Channel": "Microsoft-Windows-Kernel-EventTracing/Admin", "Provider_Name": "Microsoft-Windows-Kernel-EventTracing", "Computer": "DESKTOP-OFJ6N53", "TimeCreated": "2024-03-31 13:46:43.638472+00:00", "RecordID": "599", "Level": "2", "UserID": "S-1-5-18", "EventData.SessionName": "Microsoft.Windows.WindowsUpdate.RUXIMLog", "EventData.FileName": null, "EventData.ErrorCode": "3221225525", "EventData.LoggingMode": "268460034"}
{"EventID": "2", "Channel": "Microsoft-Windows-Kernel-EventTracing/Admin", "Provider_Name": "Microsoft-Windows-Kernel-EventTracing", "Computer": "DESKTOP-OFJ6N53", "TimeCreated": "2024-04-01 13:46:51.944216+00:00", "RecordID": "600", "Level": "2", "UserID": "S-1-5-18", "EventData.SessionName": "Microsoft.Windows.WindowsUpdate.RUXIMLog", "EventData.FileName": null, "EventData.ErrorCode": "3221225525", "EventData.LoggingMode": "268460034"}
{"EventID": "2", "Channel": "Microsoft-Windows-Kernel-EventTracing/Admin", "Provider_Name": "Microsoft-Windows-Kernel-EventTracing", "Computer": "DESKTOP-OFJ6N53", "TimeCreated": "2024-04-02 13:47:03.934866+00:00", "RecordID": "601", "Level": "2", "UserID": "S-1-5-18", "EventData.SessionName": "Microsoft.Windows.WindowsUpdate.RUXIMLog", "EventData.FileName": null, "EventData.ErrorCode": "3221225525", "EventData.LoggingMode": "268460034"}
{"EventID": "2", "Channel": "Microsoft-Windows-Kernel-EventTracing/Admin", "Provider_Name": "Microsoft-Windows-Kernel-EventTracing", "Computer": "DESKTOP-OFJ6N53", "TimeCreated": "2024-04-03 05:04:56.829363+00:00", "RecordID": "602", "Level": "2", "UserID": "S-1-5-18", "EventData.SessionName": "Microsoft.Windows.Remediation", "EventData.FileName": null, "EventData.ErrorCode": "3221225525", "EventData.LoggingMode": "268460034"}
{"EventID": "2", "Channel": "Microsoft-Windows-Kernel-EventTracing/Admin", "Provider_Name": "Microsoft-Windows-Kernel-EventTracing", "Computer": "DESKTOP-OFJ6N53", "TimeCreated": "2024-04-03 13:47:19.167191+00:00", "RecordID": "603", "Level": "2", "UserID": "S-1-5-18", "EventData.SessionName": "Microsoft.Windows.WindowsUpdate.RUXIMLog", "EventData.FileName": null, "EventData.ErrorCode": "3221225525", "EventData.LoggingMode": "268460034"}
{"EventID": "2", "Channel": "Microsoft-Windows-Kernel-EventTracing/Admin", "Provider_Name": "Microsoft-Windows-Kernel-EventTracing", "Computer": "DESKTOP-OFJ6N53", "TimeCreated": "2024-04-04 13:47:27.367077+00:00", "RecordID": "604", "Level": "2", "UserID": "S-1-5-18", "EventData.SessionName": "Microsoft.Windows.WindowsUpdate.RUXIMLog", "EventData.FileName": null, "EventData.ErrorCode": "3221225525", "EventData.LoggingMode": "268460034"}
{"EventID": "2", "Channel": "Microsoft-Windows-Kernel-EventTracing/Admin", "Provider_Name": "Microsoft-Windows-Kernel-EventTracing", "Computer": "DESKTOP-OFJ6N53", "TimeCreated": "2024-04-05 13:47:36.070599+00:00", "RecordID": "605", "Level": "2", "UserID": "S-1-5-18", "EventData.SessionName": "Microsoft.Windows.WindowsUpdate.RUXIMLog", "EventData.FileName": null, "EventData.ErrorCode": "3221225525", "EventData.LoggingMode": "268460034"}
{"EventID": "2", "Channel": "Microsoft-Windows-Kernel-EventTracing/Admin", "Provider_Name": "Microsoft-Windows-Kernel-EventTracing", "Computer": "DESKTOP-OFJ6N53", "TimeCreated": "2024-04-06 13:47:46.046667+00:00", "RecordID": "606", "Level": "2", "UserID": "S-1-5-18", "EventData.SessionName": "Microsoft.Windows.WindowsUpdate.RUXIMLog", "EventData.FileName": null, "EventData.ErrorCode": "3221225525", "EventData.LoggingMode": "268460034"}
{"EventID": "2", "Channel": "Microsoft-Windows-Kernel-EventTracing/Admin", "Provider_Name": "Microsoft-Windows-Kernel-EventTracing", "Computer": "DESKTOP-OFJ6N53", "TimeCreated": "2024-04-07 01:39:50.613525+00:00", "RecordID": "607", "Level": "2", "UserID": "S-1-5-18", "EventData.SessionName": "Microsoft.Windows.Remediation", "EventData.FileName": null, "EventData.ErrorCode": "3221225525", "EventData.LoggingMode": "268460034"}
{"EventID": "2", "Channel": "Microsoft-Windows-Kernel-EventTracing/Admin", "Provider_Name": "Microsoft-Windows-Kernel-EventTracing", "Computer": "DESKTOP-OFJ6N53", "TimeCreated": "2024-04-07 13:47:54.723001+00:00", "RecordID": "608", "Level": "2", "UserID": "S-1-5-18", "EventData.SessionName": "Microsoft.Windows.WindowsUpdate.RUXIMLog", "EventData.FileName": null, "EventData.ErrorCode": "3221225525", "EventData.LoggingMode": "268460034"}
{"EventID": "2", "Channel": "Microsoft-Windows-Kernel-EventTracing/Admin", "Provider_Name": "Microsoft-Windows-Kernel-EventTracing", "Computer": "DESKTOP-OFJ6N53", "TimeCreated": "2024-04-08 13:48:01.177568+00:00", "RecordID": "609", "Level": "2", "UserID": "S-1-5-18", "EventData.SessionName": "Microsoft.Windows.WindowsUpdate.RUXIMLog", "EventData.FileName": null, "EventData.ErrorCode": "3221225525", "EventData.LoggingMode": "268460034"}
{"EventID": "2", "Channel": "Microsoft-Windows-Kernel-EventTracing/Admin", "Provider_Name": "Microsoft-Windows-Kernel-EventTracing", "Computer": "DESKTOP-OFJ6N53", "TimeCreated": "2024-04-09 13:48:07.489090+00:00", "RecordID": "610", "Level": "2", "UserID": "S-1-5-18", "EventData.SessionName": "Microsoft.Windows.WindowsUpdate.RUXIMLog", "EventData.FileName": null, "EventData.ErrorCode": "3221225525", "EventData.LoggingMode": "268460034"}
{"EventID": "2", "Channel": "Microsoft-Windows-Kernel-EventTracing/Admin", "Provider_Name": "Microsoft-Windows-Kernel-EventTracing", "Computer": "DESKTOP-OFJ6N53", "TimeCreated": "2024-04-10 13:48:18.875231+00:00", "RecordID": "611", "Level": "2", "UserID": "S-1-5-18", "EventData.SessionName": "Microsoft.Windows.WindowsUpdate.RUXIMLog", "EventData.FileName": null, "EventData.ErrorCode": "3221225525", "EventData.LoggingMode": "268460034"}
{"EventID": "2", "Channel": "Microsoft-Windows-Kernel-EventTracing/Admin", "Provider_Name": "Microsoft-Windows-Kernel-EventTracing", "Computer": "DESKTOP-OFJ6N53", "TimeCreated": "2024-04-10 17:04:56.843906+00:00", "RecordID": "612", "Level": "2", "UserID": "S-1-5-18", "EventData.SessionName": "Microsoft.Windows.Remediation", "EventData.FileName": null, "EventData.ErrorCode": "3221225525", "EventData.LoggingMode": "268460034"}
{"EventID": "2", "Channel": "Microsoft-Windows-Kernel-EventTracing/Admin", "Provider_Name": "Microsoft-Windows-Kernel-EventTracing", "Computer": "DESKTOP-OFJ6N53", "TimeCreated": "2024-04-11 13:48:28.205984+00:00", "RecordID": "613", "Level": "2", "UserID": "S-1-5-18", "EventData.SessionName": "Microsoft.Windows.WindowsUpdate.RUXIMLog", "EventData.FileName": null, "EventData.ErrorCode": "3221225525", "EventData.LoggingMode": "268460034"}
{"EventID": "2", "Channel": "Microsoft-Windows-Kernel-EventTracing/Admin", "Provider_Name": "Microsoft-Windows-Kernel-EventTracing", "Computer": "DESKTOP-OFJ6N53", "TimeCreated": "2024-04-12 14:56:54.098816+00:00", "RecordID": "614", "Level": "2", "UserID": "S-1-5-18", "EventData.SessionName": "Microsoft.Windows.WindowsUpdate.RUXIMLog", "EventData.FileName": null, "EventData.ErrorCode": "3221225525", "EventData.LoggingMode": "268460034"}
{"EventID": "2", "Channel": "Microsoft-Windows-Kernel-EventTracing/Admin", "Provider_Name": "Microsoft-Windows-Kernel-EventTracing", "Computer": "DESKTOP-OFJ6N53", "TimeCreated": "2024-04-13 17:45:22.957497+00:00", "RecordID": "615", "Level": "2", "UserID": "S-1-5-18", "EventData.SessionName": "Microsoft.Windows.WindowsUpdate.RUXIMLog", "EventData.FileName": null, "EventData.ErrorCode": "3221225525", "EventData.LoggingMode": "268460034"}
{"EventID": "2", "Channel": "Microsoft-Windows-Kernel-EventTracing/Admin", "Provider_Name": "Microsoft-Windows-Kernel-EventTracing", "Computer": "DESKTOP-OFJ6N53", "TimeCreated": "2024-04-14 02:12:11.688599+00:00", "RecordID": "616", "Level": "2", "UserID": "S-1-5-18", "EventData.SessionName": "Microsoft.Windows.Remediation", "EventData.FileName": null, "EventData.ErrorCode": "3221225525", "EventData.LoggingMode": "268460034"}
{"EventID": "2", "Channel": "Microsoft-Windows-Kernel-EventTracing/Admin", "Provider_Name": "Microsoft-Windows-Kernel-EventTracing", "Computer": "DESKTOP-OFJ6N53", "TimeCreated": "2024-04-14 17:45:32.228270+00:00", "RecordID": "617", "Level": "2", "UserID": "S-1-5-18", "EventData.SessionName": "Microsoft.Windows.WindowsUpdate.RUXIMLog", "EventData.FileName": null, "EventData.ErrorCode": "3221225525", "EventData.LoggingMode": "268460034"}
{"EventID": "2", "Channel": "Microsoft-Windows-Kernel-EventTracing/Admin", "Provider_Name": "Microsoft-Windows-Kernel-EventTracing", "Computer": "DESKTOP-OFJ6N53", "TimeCreated": "2024-04-15 17:45:40.988707+00:00", "RecordID": "618", "Level": "2", "UserID": "S-1-5-18", "EventData.SessionName": "Microsoft.Windows.WindowsUpdate.RUXIMLog", "EventData.FileName": null, "EventData.ErrorCode": "3221225525", "EventData.LoggingMode": "268460034"}
{"EventID": "2", "Channel": "Microsoft-Windows-Kernel-EventTracing/Admin", "Provider_Name": "Microsoft-Windows-Kernel-EventTracing", "Computer": "DESKTOP-OFJ6N53", "TimeCreated": "2024-04-16 17:45:50.529188+00:00", "RecordID": "619", "Level": "2", "UserID": "S-1-5-18", "EventData.SessionName": "Microsoft.Windows.WindowsUpdate.RUXIMLog", "EventData.FileName": null, "EventData.ErrorCode": "3221225525", "EventData.LoggingMode": "268460034"}
{"EventID": "2", "Channel": "Microsoft-Windows-Kernel-EventTracing/Admin", "Provider_Name": "Microsoft-Windows-Kernel-EventTracing", "Computer": "DESKTOP-OFJ6N53", "TimeCreated": "2024-04-17 17:45:58.878023+00:00", "RecordID": "620", "Level": "2", "UserID": "S-1-5-18", "EventData.SessionName": "Microsoft.Windows.WindowsUpdate.RUXIMLog", "EventData.FileName": null, "EventData.ErrorCode": "3221225525", "EventData.LoggingMode": "268460034"}
{"EventID": "2", "Channel": "Microsoft-Windows-Kernel-EventTracing/Admin", "Provider_Name": "Microsoft-Windows-Kernel-EventTracing", "Computer": "DESKTOP-OFJ6N53", "TimeCreated": "2024-04-18 02:53:17.190128+00:00", "RecordID": "621", "Level": "2", "UserID": "S-1-5-18", "EventData.SessionName": "Microsoft.Windows.Remediation", "EventData.FileName": null, "EventData.ErrorCode": "3221225525", "EventData.LoggingMode": "268460034"}
{"EventID": "2", "Channel": "Microsoft-Windows-Kernel-EventTracing/Admin", "Provider_Name": "Microsoft-Windows-Kernel-EventTracing", "Computer": "DESKTOP-OFJ6N53", "TimeCreated": "2024-04-18 17:46:07.131664+00:00", "RecordID": "622", "Level": "2", "UserID": "S-1-5-18", "EventData.SessionName": "Microsoft.Windows.WindowsUpdate.RUXIMLog", "EventData.FileName": null, "EventData.ErrorCode": "3221225525", "EventData.LoggingMode": "268460034"}
{"EventID": "4", "Channel": "Microsoft-Windows-Kernel-EventTracing/Admin", "Provider_Name": "Microsoft-Windows-Kernel-EventTracing", "Computer": "DESKTOP-OFJ6N53", "TimeCreated": "2024-04-18 21:31:02.919174+00:00", "RecordID": "623", "Level": "3", "UserID": "S-1-5-18", "EventData.SessionName": "Diagtrack-Listener", "EventData.FileName": "C:\\Windows\\System32\\LogFiles\\WMI\\Diagtrack-Listener.etl.005", "EventData.ErrorCode": "3221225864", "EventData.LoggingMode": "142606353", "EventData.MaxFileSize": "33554432"}
{"EventID": "3", "Channel": "Microsoft-Windows-Kernel-EventTracing/Admin", "Provider_Name": "Microsoft-Windows-Kernel-EventTracing", "Computer": "DESKTOP-OFJ6N53", "TimeCreated": "2024-04-18 21:31:02.919176+00:00", "RecordID": "624", "Level": "2", "UserID": "S-1-5-18", "EventData.SessionName": "Diagtrack-Listener", "EventData.FileName": "C:\\Windows\\System32\\LogFiles\\WMI\\Diagtrack-Listener.etl.005", "EventData.ErrorCode": "3221225864", "EventData.LoggingMode": "142606353", "EventData.FailureReason": "0"}
{"EventID": "2", "Channel": "Microsoft-Windows-Kernel-EventTracing/Admin", "Provider_Name": "Microsoft-Windows-Kernel-EventTracing", "Computer": "DESKTOP-OFJ6N53", "TimeCreated": "2024-04-19 17:46:31.379843+00:00", "RecordID": "625", "Level": "2", "UserID": "S-1-5-18", "EventData.SessionName": "Microsoft.Windows.WindowsUpdate.RUXIMLog", "EventData.FileName": null, "EventData.ErrorCode": "3221225525", "EventData.LoggingMode": "268460034"}
{"EventID": "2", "Channel": "Microsoft-Windows-Kernel-EventTracing/Admin", "Provider_Name": "Microsoft-Windows-Kernel-EventTracing", "Computer": "DESKTOP-OFJ6N53", "TimeCreated": "2024-04-20 17:46:48.847837+00:00", "RecordID": "626", "Level": "2", "UserID": "S-1-5-18", "EventData.SessionName": "Microsoft.Windows.WindowsUpdate.RUXIMLog", "EventData.FileName": null, "EventData.ErrorCode": "3221225525", "EventData.LoggingMode": "268460034"}
{"EventID": "2", "Channel": "Microsoft-Windows-Kernel-EventTracing/Admin", "Provider_Name": "Microsoft-Windows-Kernel-EventTracing", "Computer": "DESKTOP-OFJ6N53", "TimeCreated": "2024-04-21 01:09:00.275377+00:00", "RecordID": "627", "Level": "2", "UserID": "S-1-5-18", "EventData.SessionName": "Microsoft.Windows.Remediation", "EventData.FileName": null, "EventData.ErrorCode": "3221225525", "EventData.LoggingMode": "268460034"}
{"EventID": "2", "Channel": "Microsoft-Windows-Kernel-EventTracing/Admin", "Provider_Name": "Microsoft-Windows-Kernel-EventTracing", "Computer": "DESKTOP-OFJ6N53", "TimeCreated": "2024-04-21 17:46:59.243637+00:00", "RecordID": "628", "Level": "2", "UserID": "S-1-5-18", "EventData.SessionName": "Microsoft.Windows.WindowsUpdate.RUXIMLog", "EventData.FileName": null, "EventData.ErrorCode": "3221225525", "EventData.LoggingMode": "268460034"}
{"EventID": "2", "Channel": "Microsoft-Windows-Kernel-EventTracing/Admin", "Provider_Name": "Microsoft-Windows-Kernel-EventTracing", "Computer": "DESKTOP-OFJ6N53", "TimeCreated": "2024-04-22 17:47:10.127947+00:00", "RecordID": "629", "Level": "2", "UserID": "S-1-5-18", "EventData.SessionName": "Microsoft.Windows.WindowsUpdate.RUXIMLog", "EventData.FileName": null, "EventData.ErrorCode": "3221225525", "EventData.LoggingMode": "268460034"}
{"EventID": "2", "Channel": "Microsoft-Windows-Kernel-EventTracing/Admin", "Provider_Name": "Microsoft-Windows-Kernel-EventTracing", "Computer": "DESKTOP-OFJ6N53", "TimeCreated": "2024-04-23 19:45:31.606424+00:00", "RecordID": "630", "Level": "2", "UserID": "S-1-5-18", "EventData.SessionName": "Microsoft.Windows.WindowsUpdate.RUXIMLog", "EventData.FileName": null, "EventData.ErrorCode": "3221225525", "EventData.LoggingMode": "268460034"}
{"EventID": "2", "Channel": "Microsoft-Windows-Kernel-EventTracing/Admin", "Provider_Name": "Microsoft-Windows-Kernel-EventTracing", "Computer": "DESKTOP-OFJ6N53", "TimeCreated": "2024-04-24 19:45:44.492722+00:00", "RecordID": "631", "Level": "2", "UserID": "S-1-5-18", "EventData.SessionName": "Microsoft.Windows.WindowsUpdate.RUXIMLog", "EventData.FileName": null, "EventData.ErrorCode": "3221225525", "EventData.LoggingMode": "268460034"}
{"EventID": "2", "Channel": "Microsoft-Windows-Kernel-EventTracing/Admin", "Provider_Name": "Microsoft-Windows-Kernel-EventTracing", "Computer": "DESKTOP-OFJ6N53", "TimeCreated": "2024-04-25 03:40:04.080906+00:00", "RecordID": "632", "Level": "2", "UserID": "S-1-5-18", "EventData.SessionName": "Microsoft.Windows.Remediation", "EventData.FileName": null, "EventData.ErrorCode": "3221225525", "EventData.LoggingMode": "268460034"}
{"EventID": "2", "Channel": "Microsoft-Windows-Kernel-EventTracing/Admin", "Provider_Name": "Microsoft-Windows-Kernel-EventTracing", "Computer": "DESKTOP-OFJ6N53", "TimeCreated": "2024-04-25 21:46:02.712200+00:00", "RecordID": "633", "Level": "2", "UserID": "S-1-5-18", "EventData.SessionName": "Microsoft.Windows.WindowsUpdate.RUXIMLog", "EventData.FileName": null, "EventData.ErrorCode": "3221225525", "EventData.LoggingMode": "268460034"}
{"EventID": "4", "Channel": "Microsoft-Windows-Kernel-EventTracing/Admin", "Provider_Name": "Microsoft-Windows-Kernel-EventTracing", "Computer": "DESKTOP-OFJ6N53", "TimeCreated": "2024-04-26 15:06:03.515537+00:00", "RecordID": "634", "Level": "3", "UserID": "S-1-5-18", "EventData.SessionName": "Diagtrack-Listener", "EventData.FileName": "C:\\Windows\\System32\\LogFiles\\WMI\\Diagtrack-Listener.etl.006", "EventData.ErrorCode": "3221225864", "EventData.LoggingMode": "142606353", "EventData.MaxFileSize": "33554432"}
{"EventID": "3", "Channel": "Microsoft-Windows-Kernel-EventTracing/Admin", "Provider_Name": "Microsoft-Windows-Kernel-EventTracing", "Computer": "DESKTOP-OFJ6N53", "TimeCreated": "2024-04-26 15:06:03.515541+00:00", "RecordID": "635", "Level": "2", "UserID": "S-1-5-18", "EventData.SessionName": "Diagtrack-Listener", "EventData.FileName": "C:\\Windows\\System32\\LogFiles\\WMI\\Diagtrack-Listener.etl.006", "EventData.ErrorCode": "3221225864", "EventData.LoggingMode": "142606353", "EventData.FailureReason": "0"}
{"EventID": "2", "Channel": "Microsoft-Windows-Kernel-EventTracing/Admin", "Provider_Name": "Microsoft-Windows-Kernel-EventTracing", "Computer": "DESKTOP-OFJ6N53", "TimeCreated": "2024-04-26 21:46:13.153812+00:00", "RecordID": "636", "Level": "2", "UserID": "S-1-5-18", "EventData.SessionName": "Microsoft.Windows.WindowsUpdate.RUXIMLog", "EventData.FileName": null, "EventData.ErrorCode": "3221225525", "EventData.LoggingMode": "268460034"}
{"EventID": "2", "Channel": "Microsoft-Windows-Kernel-EventTracing/Admin", "Provider_Name": "Microsoft-Windows-Kernel-EventTracing", "Computer": "DESKTOP-OFJ6N53", "TimeCreated": "2024-04-27 21:46:20.725763+00:00", "RecordID": "637", "Level": "2", "UserID": "S-1-5-18", "EventData.SessionName": "Microsoft.Windows.WindowsUpdate.RUXIMLog", "EventData.FileName": null, "EventData.ErrorCode": "3221225525", "EventData.LoggingMode": "268460034"}
{"EventID": "2", "Channel": "Microsoft-Windows-Kernel-EventTracing/Admin", "Provider_Name": "Microsoft-Windows-Kernel-EventTracing", "Computer": "DESKTOP-OFJ6N53", "TimeCreated": "2024-04-28 02:32:22.111895+00:00", "RecordID": "638", "Level": "2", "UserID": "S-1-5-18", "EventData.SessionName": "Microsoft.Windows.Remediation", "EventData.FileName": null, "EventData.ErrorCode": "3221225525", "EventData.LoggingMode": "268460034"}
{"EventID": "2", "Channel": "Microsoft-Windows-Kernel-EventTracing/Admin", "Provider_Name": "Microsoft-Windows-Kernel-EventTracing", "Computer": "DESKTOP-OFJ6N53", "TimeCreated": "2024-04-28 21:46:26.879707+00:00", "RecordID": "639", "Level": "2", "UserID": "S-1-5-18", "EventData.SessionName": "Microsoft.Windows.WindowsUpdate.RUXIMLog", "EventData.FileName": null, "EventData.ErrorCode": "3221225525", "EventData.LoggingMode": "268460034"}
{"EventID": "2", "Channel": "Microsoft-Windows-Kernel-EventTracing/Admin", "Provider_Name": "Microsoft-Windows-Kernel-EventTracing", "Computer": "DESKTOP-OFJ6N53", "TimeCreated": "2024-04-29 23:11:09.057034+00:00", "RecordID": "640", "Level": "2", "UserID": "S-1-5-18", "EventData.SessionName": "Microsoft.Windows.WindowsUpdate.RUXIMLog", "EventData.FileName": null, "EventData.ErrorCode": "3221225525", "EventData.LoggingMode": "268460034"}
{"EventID": "2", "Channel": "Microsoft-Windows-Kernel-EventTracing/Admin", "Provider_Name": "Microsoft-Windows-Kernel-EventTracing", "Computer": "DESKTOP-OFJ6N53", "TimeCreated": "2024-04-30 23:13:43.152664+00:00", "RecordID": "641", "Level": "2", "UserID": "S-1-5-18", "EventData.SessionName": "Microsoft.Windows.WindowsUpdate.RUXIMLog", "EventData.FileName": null, "EventData.ErrorCode": "3221225525", "EventData.LoggingMode": "268460034"}
{"EventID": "2", "Channel": "Microsoft-Windows-Kernel-EventTracing/Admin", "Provider_Name": "Microsoft-Windows-Kernel-EventTracing", "Computer": "DESKTOP-OFJ6N53", "TimeCreated": "2024-05-01 23:13:50.505487+00:00", "RecordID": "642", "Level": "2", "UserID": "S-1-5-18", "EventData.SessionName": "Microsoft.Windows.WindowsUpdate.RUXIMLog", "EventData.FileName": null, "EventData.ErrorCode": "3221225525", "EventData.LoggingMode": "268460034"}
{"EventID": "4", "Channel": "Microsoft-Windows-Kernel-EventTracing/Admin", "Provider_Name": "Microsoft-Windows-Kernel-EventTracing", "Computer": "DESKTOP-OFJ6N53", "TimeCreated": "2024-05-02 13:57:13.495867+00:00", "RecordID": "643", "Level": "3", "UserID": "S-1-5-18", "EventData.SessionName": "Diagtrack-Listener", "EventData.FileName": "C:\\Windows\\System32\\LogFiles\\WMI\\Diagtrack-Listener.etl.007", "EventData.ErrorCode": "3221225864", "EventData.LoggingMode": "142606353", "EventData.MaxFileSize": "33554432"}
{"EventID": "3", "Channel": "Microsoft-Windows-Kernel-EventTracing/Admin", "Provider_Name": "Microsoft-Windows-Kernel-EventTracing", "Computer": "DESKTOP-OFJ6N53", "TimeCreated": "2024-05-02 13:57:13.495871+00:00", "RecordID": "644", "Level": "2", "UserID": "S-1-5-18", "EventData.SessionName": "Diagtrack-Listener", "EventData.FileName": "C:\\Windows\\System32\\LogFiles\\WMI\\Diagtrack-Listener.etl.007", "EventData.ErrorCode": "3221225864", "EventData.LoggingMode": "142606353", "EventData.FailureReason": "0"}
{"EventID": "2", "Channel": "Microsoft-Windows-Kernel-EventTracing/Admin", "Provider_Name": "Microsoft-Windows-Kernel-EventTracing", "Computer": "DESKTOP-OFJ6N53", "TimeCreated": "2024-05-02 23:13:58.388260+00:00", "RecordID": "645", "Level": "2", "UserID": "S-1-5-18", "EventData.SessionName": "Microsoft.Windows.WindowsUpdate.RUXIMLog", "EventData.FileName": null, "EventData.ErrorCode": "3221225525", "EventData.LoggingMode": "268460034"}
{"EventID": "2", "Channel": "Microsoft-Windows-Kernel-EventTracing/Admin", "Provider_Name": "Microsoft-Windows-Kernel-EventTracing", "Computer": "DESKTOP-OFJ6N53", "TimeCreated": "2024-05-03 23:14:26.379190+00:00", "RecordID": "646", "Level": "2", "UserID": "S-1-5-18", "EventData.SessionName": "Microsoft.Windows.WindowsUpdate.RUXIMLog", "EventData.FileName": null, "EventData.ErrorCode": "3221225525", "EventData.LoggingMode": "268460034"}
{"EventID": "2", "Channel": "Microsoft-Windows-Kernel-EventTracing/Admin", "Provider_Name": "Microsoft-Windows-Kernel-EventTracing", "Computer": "DESKTOP-OFJ6N53", "TimeCreated": "2024-05-05 02:09:01.694677+00:00", "RecordID": "647", "Level": "2", "UserID": "S-1-5-18", "EventData.SessionName": "Microsoft.Windows.WindowsUpdate.RUXIMLog", "EventData.FileName": null, "EventData.ErrorCode": "3221225525", "EventData.LoggingMode": "268460034"}
{"EventID": "2", "Channel": "Microsoft-Windows-Kernel-EventTracing/Admin", "Provider_Name": "Microsoft-Windows-Kernel-EventTracing", "Computer": "DESKTOP-OFJ6N53", "TimeCreated": "2024-05-06 02:09:29.866240+00:00", "RecordID": "648", "Level": "2", "UserID": "S-1-5-18", "EventData.SessionName": "Microsoft.Windows.WindowsUpdate.RUXIMLog", "EventData.FileName": null, "EventData.ErrorCode": "3221225525", "EventData.LoggingMode": "268460034"}
{"EventID": "2", "Channel": "Microsoft-Windows-Kernel-EventTracing/Admin", "Provider_Name": "Microsoft-Windows-Kernel-EventTracing", "Computer": "DESKTOP-OFJ6N53", "TimeCreated": "2024-05-07 02:09:57.221067+00:00", "RecordID": "649", "Level": "2", "UserID": "S-1-5-18", "EventData.SessionName": "Microsoft.Windows.WindowsUpdate.RUXIMLog", "EventData.FileName": null, "EventData.ErrorCode": "3221225525", "EventData.LoggingMode": "268460034"}
{"EventID": "2", "Channel": "Microsoft-Windows-Kernel-EventTracing/Admin", "Provider_Name": "Microsoft-Windows-Kernel-EventTracing", "Computer": "DESKTOP-OFJ6N53", "TimeCreated": "2024-05-08 02:10:24.749989+00:00", "RecordID": "650", "Level": "2", "UserID": "S-1-5-18", "EventData.SessionName": "Microsoft.Windows.WindowsUpdate.RUXIMLog", "EventData.FileName": null, "EventData.ErrorCode": "3221225525", "EventData.LoggingMode": "268460034"}
{"EventID": "2", "Channel": "Microsoft-Windows-Kernel-EventTracing/Admin", "Provider_Name": "Microsoft-Windows-Kernel-EventTracing", "Computer": "DESKTOP-OFJ6N53", "TimeCreated": "2024-05-09 02:10:53.512779+00:00", "RecordID": "651", "Level": "2", "UserID": "S-1-5-18", "EventData.SessionName": "Microsoft.Windows.WindowsUpdate.RUXIMLog", "EventData.FileName": null, "EventData.ErrorCode": "3221225525", "EventData.LoggingMode": "268460034"}
{"EventID": "2", "Channel": "Microsoft-Windows-Kernel-EventTracing/Admin", "Provider_Name": "Microsoft-Windows-Kernel-EventTracing", "Computer": "DESKTOP-OFJ6N53", "TimeCreated": "2024-05-10 03:10:35.275402+00:00", "RecordID": "652", "Level": "2", "UserID": "S-1-5-18", "EventData.SessionName": "Microsoft.Windows.Remediation", "EventData.FileName": null, "EventData.ErrorCode": "3221225525", "EventData.LoggingMode": "268460034"}
{"EventID": "2", "Channel": "Microsoft-Windows-Kernel-EventTracing/Admin", "Provider_Name": "Microsoft-Windows-Kernel-EventTracing", "Computer": "DESKTOP-OFJ6N53", "TimeCreated": "2024-05-10 05:54:37.703934+00:00", "RecordID": "653", "Level": "2", "UserID": "S-1-5-18", "EventData.SessionName": "Microsoft.Windows.WindowsUpdate.RUXIMLog", "EventData.FileName": null, "EventData.ErrorCode": "3221225525", "EventData.LoggingMode": "268460034"}
{"EventID": "2", "Channel": "Microsoft-Windows-Kernel-EventTracing/Admin", "Provider_Name": "Microsoft-Windows-Kernel-EventTracing", "Computer": "DESKTOP-OFJ6N53", "TimeCreated": "2024-05-11 05:54:46.094053+00:00", "RecordID": "654", "Level": "2", "UserID": "S-1-5-18", "EventData.SessionName": "Microsoft.Windows.WindowsUpdate.RUXIMLog", "EventData.FileName": null, "EventData.ErrorCode": "3221225525", "EventData.LoggingMode": "268460034"}
{"EventID": "2", "Channel": "Microsoft-Windows-Kernel-EventTracing/Admin", "Provider_Name": "Microsoft-Windows-Kernel-EventTracing", "Computer": "DESKTOP-OFJ6N53", "TimeCreated": "2024-05-12 02:00:22.068676+00:00", "RecordID": "655", "Level": "2", "UserID": "S-1-5-18", "EventData.SessionName": "Microsoft.Windows.Remediation", "EventData.FileName": null, "EventData.ErrorCode": "3221225525", "EventData.LoggingMode": "268460034"}
{"EventID": "2", "Channel": "Microsoft-Windows-Kernel-EventTracing/Admin", "Provider_Name": "Microsoft-Windows-Kernel-EventTracing", "Computer": "DESKTOP-OFJ6N53", "TimeCreated": "2024-05-12 05:54:53.168036+00:00", "RecordID": "656", "Level": "2", "UserID": "S-1-5-18", "EventData.SessionName": "Microsoft.Windows.WindowsUpdate.RUXIMLog", "EventData.FileName": null, "EventData.ErrorCode": "3221225525", "EventData.LoggingMode": "268460034"}
{"EventID": "2", "Channel": "Microsoft-Windows-Kernel-EventTracing/Admin", "Provider_Name": "Microsoft-Windows-Kernel-EventTracing", "Computer": "DESKTOP-OFJ6N53", "TimeCreated": "2024-05-13 09:45:25.415899+00:00", "RecordID": "657", "Level": "2", "UserID": "S-1-5-18", "EventData.SessionName": "Microsoft.Windows.WindowsUpdate.RUXIMLog", "EventData.FileName": null, "EventData.ErrorCode": "3221225525", "EventData.LoggingMode": "268460034"}
{"EventID": "2", "Channel": "Microsoft-Windows-Kernel-EventTracing/Admin", "Provider_Name": "Microsoft-Windows-Kernel-EventTracing", "Computer": "DESKTOP-OFJ6N53", "TimeCreated": "2024-05-14 13:16:33.997107+00:00", "RecordID": "658", "Level": "2", "UserID": "S-1-5-18", "EventData.SessionName": "Microsoft.Windows.WindowsUpdate.RUXIMLog", "EventData.FileName": null, "EventData.ErrorCode": "3221225525", "EventData.LoggingMode": "268460034"}
{"EventID": "2", "Channel": "Microsoft-Windows-Kernel-EventTracing/Admin", "Provider_Name": "Microsoft-Windows-Kernel-EventTracing", "Computer": "DESKTOP-OFJ6N53", "TimeCreated": "2024-05-15 13:47:49.569647+00:00", "RecordID": "659", "Level": "2", "UserID": "S-1-5-18", "EventData.SessionName": "Microsoft.Windows.WindowsUpdate.RUXIMLog", "EventData.FileName": null, "EventData.ErrorCode": "3221225525", "EventData.LoggingMode": "268460034"}
{"EventID": "2", "Channel": "Microsoft-Windows-Kernel-EventTracing/Admin", "Provider_Name": "Microsoft-Windows-Kernel-EventTracing", "Computer": "DESKTOP-OFJ6N53", "TimeCreated": "2024-05-16 13:48:15.955034+00:00", "RecordID": "660", "Level": "2", "UserID": "S-1-5-18", "EventData.SessionName": "Microsoft.Windows.WindowsUpdate.RUXIMLog", "EventData.FileName": null, "EventData.ErrorCode": "3221225525", "EventData.LoggingMode": "268460034"}
{"EventID": "2", "Channel": "Microsoft-Windows-Kernel-EventTracing/Admin", "Provider_Name": "Microsoft-Windows-Kernel-EventTracing", "Computer": "DESKTOP-OFJ6N53", "TimeCreated": "2024-05-17 13:48:25.177696+00:00", "RecordID": "661", "Level": "2", "UserID": "S-1-5-18", "EventData.SessionName": "Microsoft.Windows.WindowsUpdate.RUXIMLog", "EventData.FileName": null, "EventData.ErrorCode": "3221225525", "EventData.LoggingMode": "268460034"}
{"EventID": "2", "Channel": "Microsoft-Windows-Kernel-EventTracing/Admin", "Provider_Name": "Microsoft-Windows-Kernel-EventTracing", "Computer": "DESKTOP-OFJ6N53", "TimeCreated": "2024-05-17 19:36:49.960939+00:00", "RecordID": "662", "Level": "2", "UserID": "S-1-5-18", "EventData.SessionName": "Microsoft.Windows.Remediation", "EventData.FileName": null, "EventData.ErrorCode": "3221225525", "EventData.LoggingMode": "268460034"}
{"EventID": "2", "Channel": "Microsoft-Windows-Kernel-EventTracing/Admin", "Provider_Name": "Microsoft-Windows-Kernel-EventTracing", "Computer": "DESKTOP-OFJ6N53", "TimeCreated": "2024-05-18 13:48:34.195419+00:00", "RecordID": "663", "Level": "2", "UserID": "S-1-5-18", "EventData.SessionName": "Microsoft.Windows.WindowsUpdate.RUXIMLog", "EventData.FileName": null, "EventData.ErrorCode": "3221225525", "EventData.LoggingMode": "268460034"}
{"EventID": "2", "Channel": "Microsoft-Windows-Kernel-EventTracing/Admin", "Provider_Name": "Microsoft-Windows-Kernel-EventTracing", "Computer": "DESKTOP-OFJ6N53", "TimeCreated": "2024-05-19 02:05:18.735956+00:00", "RecordID": "664", "Level": "2", "UserID": "S-1-5-18", "EventData.SessionName": "Microsoft.Windows.Remediation", "EventData.FileName": null, "EventData.ErrorCode": "3221225525", "EventData.LoggingMode": "268460034"}
{"EventID": "2", "Channel": "Microsoft-Windows-Kernel-EventTracing/Admin", "Provider_Name": "Microsoft-Windows-Kernel-EventTracing", "Computer": "DESKTOP-OFJ6N53", "TimeCreated": "2024-05-19 13:48:52.914820+00:00", "RecordID": "665", "Level": "2", "UserID": "S-1-5-18", "EventData.SessionName": "Microsoft.Windows.WindowsUpdate.RUXIMLog", "EventData.FileName": null, "EventData.ErrorCode": "3221225525", "EventData.LoggingMode": "268460034"}
{"EventID": "2", "Channel": "Microsoft-Windows-Kernel-EventTracing/Admin", "Provider_Name": "Microsoft-Windows-Kernel-EventTracing", "Computer": "DESKTOP-OFJ6N53", "TimeCreated": "2024-05-20 13:49:12.826393+00:00", "RecordID": "666", "Level": "2", "UserID": "S-1-5-18", "EventData.SessionName": "Microsoft.Windows.WindowsUpdate.RUXIMLog", "EventData.FileName": null, "EventData.ErrorCode": "3221225525", "EventData.LoggingMode": "268460034"}
{"EventID": "4", "Channel": "Microsoft-Windows-Kernel-EventTracing/Admin", "Provider_Name": "Microsoft-Windows-Kernel-EventTracing", "Computer": "DESKTOP-OFJ6N53", "TimeCreated": "2024-05-21 10:07:51.931187+00:00", "RecordID": "667", "Level": "3", "UserID": "S-1-5-18", "EventData.SessionName": "Diagtrack-Listener", "EventData.FileName": "C:\\Windows\\System32\\LogFiles\\WMI\\Diagtrack-Listener.etl.002", "EventData.ErrorCode": "3221225864", "EventData.LoggingMode": "142606353", "EventData.MaxFileSize": "33554432"}
{"EventID": "3", "Channel": "Microsoft-Windows-Kernel-EventTracing/Admin", "Provider_Name": "Microsoft-Windows-Kernel-EventTracing", "Computer": "DESKTOP-OFJ6N53", "TimeCreated": "2024-05-21 10:07:51.931190+00:00", "RecordID": "668", "Level": "2", "UserID": "S-1-5-18", "EventData.SessionName": "Diagtrack-Listener", "EventData.FileName": "C:\\Windows\\System32\\LogFiles\\WMI\\Diagtrack-Listener.etl.002", "EventData.ErrorCode": "3221225864", "EventData.LoggingMode": "142606353", "EventData.FailureReason": "0"}
{"EventID": "2", "Channel": "Microsoft-Windows-Kernel-EventTracing/Admin", "Provider_Name": "Microsoft-Windows-Kernel-EventTracing", "Computer": "DESKTOP-OFJ6N53", "TimeCreated": "2024-05-21 13:49:35.496290+00:00", "RecordID": "669", "Level": "2", "UserID": "S-1-5-18", "EventData.SessionName": "Microsoft.Windows.WindowsUpdate.RUXIMLog", "EventData.FileName": null, "EventData.ErrorCode": "3221225525", "EventData.LoggingMode": "268460034"}
{"EventID": "2", "Channel": "Microsoft-Windows-Kernel-EventTracing/Admin", "Provider_Name": "Microsoft-Windows-Kernel-EventTracing", "Computer": "DESKTOP-OFJ6N53", "TimeCreated": "2024-05-22 13:49:53.301250+00:00", "RecordID": "670", "Level": "2", "UserID": "S-1-5-18", "EventData.SessionName": "Microsoft.Windows.WindowsUpdate.RUXIMLog", "EventData.FileName": null, "EventData.ErrorCode": "3221225525", "EventData.LoggingMode": "268460034"}
{"EventID": "2", "Channel": "Microsoft-Windows-Kernel-EventTracing/Admin", "Provider_Name": "Microsoft-Windows-Kernel-EventTracing", "Computer": "DESKTOP-OFJ6N53", "TimeCreated": "2024-05-23 17:21:01.199127+00:00", "RecordID": "671", "Level": "2", "UserID": "S-1-5-18", "EventData.SessionName": "Microsoft.Windows.WindowsUpdate.RUXIMLog", "EventData.FileName": null, "EventData.ErrorCode": "3221225525", "EventData.LoggingMode": "268460034"}
{"EventID": "2", "Channel": "Microsoft-Windows-Kernel-EventTracing/Admin", "Provider_Name": "Microsoft-Windows-Kernel-EventTracing", "Computer": "DESKTOP-OFJ6N53", "TimeCreated": "2024-05-24 17:21:13.855015+00:00", "RecordID": "672", "Level": "2", "UserID": "S-1-5-18", "EventData.SessionName": "Microsoft.Windows.WindowsUpdate.RUXIMLog", "EventData.FileName": null, "EventData.ErrorCode": "3221225525", "EventData.LoggingMode": "268460034"}
{"EventID": "2", "Channel": "Microsoft-Windows-Kernel-EventTracing/Admin", "Provider_Name": "Microsoft-Windows-Kernel-EventTracing", "Computer": "DESKTOP-OFJ6N53", "TimeCreated": "2024-05-25 07:36:53.713650+00:00", "RecordID": "673", "Level": "2", "UserID": "S-1-5-18", "EventData.SessionName": "Microsoft.Windows.Remediation", "EventData.FileName": null, "EventData.ErrorCode": "3221225525", "EventData.LoggingMode": "268460034"}
{"EventID": "2", "Channel": "Microsoft-Windows-Kernel-EventTracing/Admin", "Provider_Name": "Microsoft-Windows-Kernel-EventTracing", "Computer": "DESKTOP-OFJ6N53", "TimeCreated": "2024-05-25 17:21:21.958475+00:00", "RecordID": "674", "Level": "2", "UserID": "S-1-5-18", "EventData.SessionName": "Microsoft.Windows.WindowsUpdate.RUXIMLog", "EventData.FileName": null, "EventData.ErrorCode": "3221225525", "EventData.LoggingMode": "268460034"}
{"EventID": "2", "Channel": "Microsoft-Windows-Kernel-EventTracing/Admin", "Provider_Name": "Microsoft-Windows-Kernel-EventTracing", "Computer": "DESKTOP-OFJ6N53", "TimeCreated": "2024-05-26 17:21:29.818140+00:00", "RecordID": "675", "Level": "2", "UserID": "S-1-5-18", "EventData.SessionName": "Microsoft.Windows.WindowsUpdate.RUXIMLog", "EventData.FileName": null, "EventData.ErrorCode": "3221225525", "EventData.LoggingMode": "268460034"}
{"EventID": "2", "Channel": "Microsoft-Windows-Kernel-EventTracing/Admin", "Provider_Name": "Microsoft-Windows-Kernel-EventTracing", "Computer": "DESKTOP-OFJ6N53", "TimeCreated": "2024-05-27 17:21:38.202354+00:00", "RecordID": "676", "Level": "2", "UserID": "S-1-5-18", "EventData.SessionName": "Microsoft.Windows.WindowsUpdate.RUXIMLog", "EventData.FileName": null, "EventData.ErrorCode": "3221225525", "EventData.LoggingMode": "268460034"}
{"EventID": "2", "Channel": "Microsoft-Windows-Kernel-EventTracing/Admin", "Provider_Name": "Microsoft-Windows-Kernel-EventTracing", "Computer": "DESKTOP-OFJ6N53", "TimeCreated": "2024-05-28 17:21:45.990225+00:00", "RecordID": "677", "Level": "2", "UserID": "S-1-5-18", "EventData.SessionName": "Microsoft.Windows.WindowsUpdate.RUXIMLog", "EventData.FileName": null, "EventData.ErrorCode": "3221225525", "EventData.LoggingMode": "268460034"}
{"EventID": "2", "Channel": "Microsoft-Windows-Kernel-EventTracing/Admin", "Provider_Name": "Microsoft-Windows-Kernel-EventTracing", "Computer": "DESKTOP-OFJ6N53", "TimeCreated": "2024-05-29 17:21:53.281853+00:00", "RecordID": "678", "Level": "2", "UserID": "S-1-5-18", "EventData.SessionName": "Microsoft.Windows.WindowsUpdate.RUXIMLog", "EventData.FileName": null, "EventData.ErrorCode": "3221225525", "EventData.LoggingMode": "268460034"}
{"EventID": "2", "Channel": "Microsoft-Windows-Kernel-EventTracing/Admin", "Provider_Name": "Microsoft-Windows-Kernel-EventTracing", "Computer": "DESKTOP-OFJ6N53", "TimeCreated": "2024-05-30 17:22:01.534603+00:00", "RecordID": "679", "Level": "2", "UserID": "S-1-5-18", "EventData.SessionName": "Microsoft.Windows.WindowsUpdate.RUXIMLog", "EventData.FileName": null, "EventData.ErrorCode": "3221225525", "EventData.LoggingMode": "268460034"}
{"EventID": "2", "Channel": "Microsoft-Windows-Kernel-EventTracing/Admin", "Provider_Name": "Microsoft-Windows-Kernel-EventTracing", "Computer": "DESKTOP-OFJ6N53", "TimeCreated": "2024-05-31 18:50:08.858938+00:00", "RecordID": "680", "Level": "2", "UserID": "S-1-5-18", "EventData.SessionName": "Microsoft.Windows.WindowsUpdate.RUXIMLog", "EventData.FileName": null, "EventData.ErrorCode": "3221225525", "EventData.LoggingMode": "268460034"}
{"EventID": "2", "Channel": "Microsoft-Windows-Kernel-EventTracing/Admin", "Provider_Name": "Microsoft-Windows-Kernel-EventTracing", "Computer": "DESKTOP-OFJ6N53", "TimeCreated": "2024-06-01 18:50:17.911251+00:00", "RecordID": "681", "Level": "2", "UserID": "S-1-5-18", "EventData.SessionName": "Microsoft.Windows.WindowsUpdate.RUXIMLog", "EventData.FileName": null, "EventData.ErrorCode": "3221225525", "EventData.LoggingMode": "268460034"}
{"EventID": "2", "Channel": "Microsoft-Windows-Kernel-EventTracing/Admin", "Provider_Name": "Microsoft-Windows-Kernel-EventTracing", "Computer": "DESKTOP-OFJ6N53", "TimeCreated": "2024-06-01 22:41:10.809952+00:00", "RecordID": "682", "Level": "2", "UserID": "S-1-5-18", "EventData.SessionName": "Microsoft.Windows.Remediation", "EventData.FileName": null, "EventData.ErrorCode": "3221225525", "EventData.LoggingMode": "268460034"}
{"EventID": "2", "Channel": "Microsoft-Windows-Kernel-EventTracing/Admin", "Provider_Name": "Microsoft-Windows-Kernel-EventTracing", "Computer": "DESKTOP-OFJ6N53", "TimeCreated": "2024-06-02 18:50:24.716520+00:00", "RecordID": "683", "Level": "2", "UserID": "S-1-5-18", "EventData.SessionName": "Microsoft.Windows.WindowsUpdate.RUXIMLog", "EventData.FileName": null, "EventData.ErrorCode": "3221225525", "EventData.LoggingMode": "268460034"}
{"EventID": "2", "Channel": "Microsoft-Windows-Kernel-EventTracing/Admin", "Provider_Name": "Microsoft-Windows-Kernel-EventTracing", "Computer": "DESKTOP-OFJ6N53", "TimeCreated": "2024-06-03 18:50:31.911949+00:00", "RecordID": "684", "Level": "2", "UserID": "S-1-5-18", "EventData.SessionName": "Microsoft.Windows.WindowsUpdate.RUXIMLog", "EventData.FileName": null, "EventData.ErrorCode": "3221225525", "EventData.LoggingMode": "268460034"}
