{"EventID": "301", "Channel": "Microsoft-Windows-DeviceSetupManager/Operational", "Provider_Name": "Microsoft-Windows-DeviceSetupManager", "Computer": "DESKTOP-OFJ6N53", "TimeCreated": "2023-07-15 08:41:00.232994+00:00", "RecordID": "9819", "Level": "4", "UserID": "S-1-5-18", "EventData.Prop_ContainerId": "{00000000-0000-0000-FFFF-FFFFFFFFFFFF}"}
{"EventID": "300", "Channel": "Microsoft-Windows-DeviceSetupManager/Operational", "Provider_Name": "Microsoft-Windows-DeviceSetupManager", "Computer": "DESKTOP-OFJ6N53", "TimeCreated": "2023-07-18 14:51:48.387386+00:00", "RecordID": "9820", "Level": "4", "UserID": "S-1-5-18", "EventData.Prop_ContainerId": "{F65DC1DA-9BB8-4412-A907-481C1767FF2F}"}
{"EventID": "301", "Channel": "Microsoft-Windows-DeviceSetupManager/Operational", "Provider_Name": "Microsoft-Windows-DeviceSetupManager", "Computer": "DESKTOP-OFJ6N53", "TimeCreated": "2023-07-18 14:51:48.643456+00:00", "RecordID": "9821", "Level": "4", "UserID": "S-1-5-18", "EventData.Prop_ContainerId": "{4DF4D30C-95BA-11EC-A6BC-00059A3C7A00}"}
{"EventID": "301", "Channel": "Microsoft-Windows-DeviceSetupManager/Operational", "Provider_Name": "Microsoft-Windows-DeviceSetupManager", "Computer": "DESKTOP-OFJ6N53", "TimeCreated": "2023-07-18 14:51:48.995245+00:00", "RecordID": "9822", "Level": "4", "UserID": "S-1-5-18", "EventData.Prop_ContainerId": "{F65DC1DA-9BB8-4412-A907-481C1767FF2F}"}
{"EventID": "301", "Channel": "Microsoft-Windows-DeviceSetupManager/Operational", "Provider_Name": "Microsoft-Windows-DeviceSetupManager", "Computer": "DESKTOP-OFJ6N53", "TimeCreated": "2023-07-18 14:51:49.437193+00:00", "RecordID": "9823", "Level": "4", "UserID": "S-1-5-18", "EventData.Prop_ContainerId": "{00000000-0000-0000-FFFF-FFFFFFFFFFFF}"}
{"EventID": "301", "Channel": "Microsoft-Windows-DeviceSetupManager/Operational", "Provider_Name": "Microsoft-Windows-DeviceSetupManager", "Computer": "DESKTOP-OFJ6N53", "TimeCreated": "2023-07-18 14:51:50.514791+00:00", "RecordID": "9824", "Level": "4", "UserID": "S-1-5-18", "EventData.Prop_ContainerId": "{9255C28B-421B-FD2A-4CA7-D7BAC659C1BD}"}
{"EventID": "301", "Channel": "Microsoft-Windows-DeviceSetupManager/Operational", "Provider_Name": "Microsoft-Windows-DeviceSetupManager", "Computer": "DESKTOP-OFJ6N53", "TimeCreated": "2023-07-18 14:51:52.042803+00:00", "RecordID": "9825", "Level": "4", "UserID": "S-1-5-18", "EventData.Prop_ContainerId": "{ECC1E499-5EFD-039D-5887-23C2BD87E9A7}"}
{"EventID": "301", "Channel": "Microsoft-Windows-DeviceSetupManager/Operational", "Provider_Name": "Microsoft-Windows-DeviceSetupManager", "Computer": "DESKTOP-OFJ6N53", "TimeCreated": "2023-07-18 14:51:52.735933+00:00", "RecordID": "9826", "Level": "4", "UserID": "S-1-5-18", "EventData.Prop_ContainerId": "{F12ED10B-DE75-2C0C-5FA7-C264A3B6CB55}"}
{"EventID": "301", "Channel": "Microsoft-Windows-DeviceSetupManager/Operational", "Provider_Name": "Microsoft-Windows-DeviceSetupManager", "Computer": "DESKTOP-OFJ6N53", "TimeCreated": "2023-07-18 14:51:53.602293+00:00", "RecordID": "9827", "Level": "4", "UserID": "S-1-5-18", "EventData.Prop_ContainerId": "{C641391B-F276-0E02-33FF-F4A08F4AF52E}"}
{"EventID": "301", "Channel": "Microsoft-Windows-DeviceSetupManager/Operational", "Provider_Name": "Microsoft-Windows-DeviceSetupManager", "Computer": "DESKTOP-OFJ6N53", "TimeCreated": "2023-07-18 14:51:55.447737+00:00", "RecordID": "9828", "Level": "4", "UserID": "S-1-5-18", "EventData.Prop_ContainerId": "{C8BA3767-041C-707A-48E3-B5E7FCFD8653}"}
{"EventID": "301", "Channel": "Microsoft-Windows-DeviceSetupManager/Operational", "Provider_Name": "Microsoft-Windows-DeviceSetupManager", "Computer": "DESKTOP-OFJ6N53", "TimeCreated": "2023-07-18 14:51:57.268925+00:00", "RecordID": "9829", "Level": "4", "UserID": "S-1-5-18", "EventData.Prop_ContainerId": "{C2AFB711-E01D-B859-69EE-8DFDB945EBF1}"}
{"EventID": "301", "Channel": "Microsoft-Windows-DeviceSetupManager/Operational", "Provider_Name": "Microsoft-Windows-DeviceSetupManager", "Computer": "DESKTOP-OFJ6N53", "TimeCreated": "2023-07-18 14:51:59.144812+00:00", "RecordID": "9830", "Level": "4", "UserID": "S-1-5-18", "EventData.Prop_ContainerId": "{9FDB06AE-3C11-C5C2-6F79-B527957711B5}"}
{"EventID": "301", "Channel": "Microsoft-Windows-DeviceSetupManager/Operational", "Provider_Name": "Microsoft-Windows-DeviceSetupManager", "Computer": "DESKTOP-OFJ6N53", "TimeCreated": "2023-07-18 14:52:01.451948+00:00", "RecordID": "9831", "Level": "4", "UserID": "S-1-5-18", "EventData.Prop_ContainerId": "{54F0286C-EA13-0B79-04AC-ED9E98FB1596}"}
{"EventID": "300", "Channel": "Microsoft-Windows-DeviceSetupManager/Operational", "Provider_Name": "Microsoft-Windows-DeviceSetupManager", "Computer": "DESKTOP-OFJ6N53", "TimeCreated": "2023-07-18 14:55:45.423958+00:00", "RecordID": "9832", "Level": "4", "UserID": "S-1-5-18", "EventData.Prop_ContainerId": "{037CF590-DCBA-4581-BAF8-AAA4DE154F95}"}
{"EventID": "301", "Channel": "Microsoft-Windows-DeviceSetupManager/Operational", "Provider_Name": "Microsoft-Windows-DeviceSetupManager", "Computer": "DESKTOP-OFJ6N53", "TimeCreated": "2023-07-18 14:55:46.594906+00:00", "RecordID": "9833", "Level": "4", "UserID": "S-1-5-18", "EventData.Prop_ContainerId": "{037CF590-DCBA-4581-BAF8-AAA4DE154F95}"}
{"EventID": "301", "Channel": "Microsoft-Windows-DeviceSetupManager/Operational", "Provider_Name": "Microsoft-Windows-DeviceSetupManager", "Computer": "DESKTOP-OFJ6N53", "TimeCreated": "2023-07-18 14:55:46.998665+00:00", "RecordID": "9834", "Level": "4", "UserID": "S-1-5-18", "EventData.Prop_ContainerId": "{00000000-0000-0000-FFFF-FFFFFFFFFFFF}"}
{"EventID": "301", "Channel": "Microsoft-Windows-DeviceSetupManager/Operational", "Provider_Name": "Microsoft-Windows-DeviceSetupManager", "Computer": "DESKTOP-OFJ6N53", "TimeCreated": "2023-07-18 14:55:47.858528+00:00", "RecordID": "9835", "Level": "4", "UserID": "S-1-5-18", "EventData.Prop_ContainerId": "{9255C28B-421B-FD2A-4CA7-D7BAC659C1BD}"}
{"EventID": "301", "Channel": "Microsoft-Windows-DeviceSetupManager/Operational", "Provider_Name": "Microsoft-Windows-DeviceSetupManager", "Computer": "DESKTOP-OFJ6N53", "TimeCreated": "2023-07-18 14:55:48.478470+00:00", "RecordID": "9836", "Level": "4", "UserID": "S-1-5-18", "EventData.Prop_ContainerId": "{C2AFB711-E01D-B859-69EE-8DFDB945EBF1}"}
{"EventID": "301", "Channel": "Microsoft-Windows-DeviceSetupManager/Operational", "Provider_Name": "Microsoft-Windows-DeviceSetupManager", "Computer": "DESKTOP-OFJ6N53", "TimeCreated": "2023-07-18 14:55:48.864235+00:00", "RecordID": "9837", "Level": "4", "UserID": "S-1-5-18", "EventData.Prop_ContainerId": "{ECC1E499-5EFD-039D-5887-23C2BD87E9A7}"}
{"EventID": "301", "Channel": "Microsoft-Windows-DeviceSetupManager/Operational", "Provider_Name": "Microsoft-Windows-DeviceSetupManager", "Computer": "DESKTOP-OFJ6N53", "TimeCreated": "2023-07-18 14:55:50.509275+00:00", "RecordID": "9838", "Level": "4", "UserID": "S-1-5-18", "EventData.Prop_ContainerId": "{F12ED10B-DE75-2C0C-5FA7-C264A3B6CB55}"}
{"EventID": "301", "Channel": "Microsoft-Windows-DeviceSetupManager/Operational", "Provider_Name": "Microsoft-Windows-DeviceSetupManager", "Computer": "DESKTOP-OFJ6N53", "TimeCreated": "2023-07-18 14:55:51.493828+00:00", "RecordID": "9839", "Level": "4", "UserID": "S-1-5-18", "EventData.Prop_ContainerId": "{C641391B-F276-0E02-33FF-F4A08F4AF52E}"}
{"EventID": "301", "Channel": "Microsoft-Windows-DeviceSetupManager/Operational", "Provider_Name": "Microsoft-Windows-DeviceSetupManager", "Computer": "DESKTOP-OFJ6N53", "TimeCreated": "2023-07-18 14:55:53.780624+00:00", "RecordID": "9840", "Level": "4", "UserID": "S-1-5-18", "EventData.Prop_ContainerId": "{C8BA3767-041C-707A-48E3-B5E7FCFD8653}"}
{"EventID": "301", "Channel": "Microsoft-Windows-DeviceSetupManager/Operational", "Provider_Name": "Microsoft-Windows-DeviceSetupManager", "Computer": "DESKTOP-OFJ6N53", "TimeCreated": "2023-07-18 14:55:54.838728+00:00", "RecordID": "9841", "Level": "4", "UserID": "S-1-5-18", "EventData.Prop_ContainerId": "{9FDB06AE-3C11-C5C2-6F79-B527957711B5}"}
{"EventID": "301", "Channel": "Microsoft-Windows-DeviceSetupManager/Operational", "Provider_Name": "Microsoft-Windows-DeviceSetupManager", "Computer": "DESKTOP-OFJ6N53", "TimeCreated": "2023-07-18 14:55:55.504940+00:00", "RecordID": "9842", "Level": "4", "UserID": "S-1-5-18", "EventData.Prop_ContainerId": "{54F0286C-EA13-0B79-04AC-ED9E98FB1596}"}
{"EventID": "300", "Channel": "Microsoft-Windows-DeviceSetupManager/Operational", "Provider_Name": "Microsoft-Windows-DeviceSetupManager", "Computer": "DESKTOP-OFJ6N53", "TimeCreated": "2023-07-18 16:21:16.573898+00:00", "RecordID": "9843", "Level": "4", "UserID": "S-1-5-18", "EventData.Prop_ContainerId": "{AA3FFAC9-E0F7-4234-8949-20F6E2E703AE}"}
{"EventID": "301", "Channel": "Microsoft-Windows-DeviceSetupManager/Operational", "Provider_Name": "Microsoft-Windows-DeviceSetupManager", "Computer": "DESKTOP-OFJ6N53", "TimeCreated": "2023-07-18 16:21:17.468416+00:00", "RecordID": "9844", "Level": "4", "UserID": "S-1-5-18", "EventData.Prop_ContainerId": "{AA3FFAC9-E0F7-4234-8949-20F6E2E703AE}"}
{"EventID": "301", "Channel": "Microsoft-Windows-DeviceSetupManager/Operational", "Provider_Name": "Microsoft-Windows-DeviceSetupManager", "Computer": "DESKTOP-OFJ6N53", "TimeCreated": "2023-07-18 16:21:17.660076+00:00", "RecordID": "9845", "Level": "4", "UserID": "S-1-5-18", "EventData.Prop_ContainerId": "{9255C28B-421B-FD2A-4CA7-D7BAC659C1BD}"}
{"EventID": "301", "Channel": "Microsoft-Windows-DeviceSetupManager/Operational", "Provider_Name": "Microsoft-Windows-DeviceSetupManager", "Computer": "DESKTOP-OFJ6N53", "TimeCreated": "2023-07-18 16:21:17.840971+00:00", "RecordID": "9846", "Level": "4", "UserID": "S-1-5-18", "EventData.Prop_ContainerId": "{00000000-0000-0000-FFFF-FFFFFFFFFFFF}"}
{"EventID": "301", "Channel": "Microsoft-Windows-DeviceSetupManager/Operational", "Provider_Name": "Microsoft-Windows-DeviceSetupManager", "Computer": "DESKTOP-OFJ6N53", "TimeCreated": "2023-07-18 16:21:18.351360+00:00", "RecordID": "9847", "Level": "4", "UserID": "S-1-5-18", "EventData.Prop_ContainerId": "{C2AFB711-E01D-B859-69EE-8DFDB945EBF1}"}
{"EventID": "301", "Channel": "Microsoft-Windows-DeviceSetupManager/Operational", "Provider_Name": "Microsoft-Windows-DeviceSetupManager", "Computer": "DESKTOP-OFJ6N53", "TimeCreated": "2023-07-18 16:21:19.936249+00:00", "RecordID": "9848", "Level": "4", "UserID": "S-1-5-18", "EventData.Prop_ContainerId": "{ECC1E499-5EFD-039D-5887-23C2BD87E9A7}"}
{"EventID": "301", "Channel": "Microsoft-Windows-DeviceSetupManager/Operational", "Provider_Name": "Microsoft-Windows-DeviceSetupManager", "Computer": "DESKTOP-OFJ6N53", "TimeCreated": "2023-07-18 16:21:21.971779+00:00", "RecordID": "9849", "Level": "4", "UserID": "S-1-5-18", "EventData.Prop_ContainerId": "{F12ED10B-DE75-2C0C-5FA7-C264A3B6CB55}"}
{"EventID": "301", "Channel": "Microsoft-Windows-DeviceSetupManager/Operational", "Provider_Name": "Microsoft-Windows-DeviceSetupManager", "Computer": "DESKTOP-OFJ6N53", "TimeCreated": "2023-07-18 16:21:22.679497+00:00", "RecordID": "9850", "Level": "4", "UserID": "S-1-5-18", "EventData.Prop_ContainerId": "{9FDB06AE-3C11-C5C2-6F79-B527957711B5}"}
{"EventID": "301", "Channel": "Microsoft-Windows-DeviceSetupManager/Operational", "Provider_Name": "Microsoft-Windows-DeviceSetupManager", "Computer": "DESKTOP-OFJ6N53", "TimeCreated": "2023-07-18 16:21:23.733135+00:00", "RecordID": "9851", "Level": "4", "UserID": "S-1-5-18", "EventData.Prop_ContainerId": "{C641391B-F276-0E02-33FF-F4A08F4AF52E}"}
{"EventID": "301", "Channel": "Microsoft-Windows-DeviceSetupManager/Operational", "Provider_Name": "Microsoft-Windows-DeviceSetupManager", "Computer": "DESKTOP-OFJ6N53", "TimeCreated": "2023-07-18 16:21:24.445740+00:00", "RecordID": "9852", "Level": "4", "UserID": "S-1-5-18", "EventData.Prop_ContainerId": "{54F0286C-EA13-0B79-04AC-ED9E98FB1596}"}
{"EventID": "301", "Channel": "Microsoft-Windows-DeviceSetupManager/Operational", "Provider_Name": "Microsoft-Windows-DeviceSetupManager", "Computer": "DESKTOP-OFJ6N53", "TimeCreated": "2023-07-18 16:21:25.213650+00:00", "RecordID": "9853", "Level": "4", "UserID": "S-1-5-18", "EventData.Prop_ContainerId": "{C8BA3767-041C-707A-48E3-B5E7FCFD8653}"}
{"EventID": "300", "Channel": "Microsoft-Windows-DeviceSetupManager/Operational", "Provider_Name": "Microsoft-Windows-DeviceSetupManager", "Computer": "DESKTOP-OFJ6N53", "TimeCreated": "2023-07-23 19:23:36.066927+00:00", "RecordID": "9854", "Level": "4", "UserID": "S-1-5-18", "EventData.Prop_ContainerId": "{E501B25A-E31B-4C78-B761-5CFA734078F9}"}
{"EventID": "301", "Channel": "Microsoft-Windows-DeviceSetupManager/Operational", "Provider_Name": "Microsoft-Windows-DeviceSetupManager", "Computer": "DESKTOP-OFJ6N53", "TimeCreated": "2023-07-23 19:23:37.555996+00:00", "RecordID": "9855", "Level": "4", "UserID": "S-1-5-18", "EventData.Prop_ContainerId": "{E501B25A-E31B-4C78-B761-5CFA734078F9}"}
{"EventID": "301", "Channel": "Microsoft-Windows-DeviceSetupManager/Operational", "Provider_Name": "Microsoft-Windows-DeviceSetupManager", "Computer": "DESKTOP-OFJ6N53", "TimeCreated": "2023-07-23 19:23:37.750940+00:00", "RecordID": "9856", "Level": "4", "UserID": "S-1-5-18", "EventData.Prop_ContainerId": "{9FDB06AE-3C11-C5C2-6F79-B527957711B5}"}
{"EventID": "301", "Channel": "Microsoft-Windows-DeviceSetupManager/Operational", "Provider_Name": "Microsoft-Windows-DeviceSetupManager", "Computer": "DESKTOP-OFJ6N53", "TimeCreated": "2023-07-23 19:23:37.971252+00:00", "RecordID": "9857", "Level": "4", "UserID": "S-1-5-18", "EventData.Prop_ContainerId": "{00000000-0000-0000-FFFF-FFFFFFFFFFFF}"}
{"EventID": "301", "Channel": "Microsoft-Windows-DeviceSetupManager/Operational", "Provider_Name": "Microsoft-Windows-DeviceSetupManager", "Computer": "DESKTOP-OFJ6N53", "TimeCreated": "2023-07-23 19:23:38.208454+00:00", "RecordID": "9858", "Level": "4", "UserID": "S-1-5-18", "EventData.Prop_ContainerId": "{ECC1E499-5EFD-039D-5887-23C2BD87E9A7}"}
{"EventID": "301", "Channel": "Microsoft-Windows-DeviceSetupManager/Operational", "Provider_Name": "Microsoft-Windows-DeviceSetupManager", "Computer": "DESKTOP-OFJ6N53", "TimeCreated": "2023-07-23 19:23:39.040205+00:00", "RecordID": "9859", "Level": "4", "UserID": "S-1-5-18", "EventData.Prop_ContainerId": "{C8BA3767-041C-707A-48E3-B5E7FCFD8653}"}
{"EventID": "301", "Channel": "Microsoft-Windows-DeviceSetupManager/Operational", "Provider_Name": "Microsoft-Windows-DeviceSetupManager", "Computer": "DESKTOP-OFJ6N53", "TimeCreated": "2023-07-23 19:23:40.767546+00:00", "RecordID": "9860", "Level": "4", "UserID": "S-1-5-18", "EventData.Prop_ContainerId": "{54F0286C-EA13-0B79-04AC-ED9E98FB1596}"}
{"EventID": "301", "Channel": "Microsoft-Windows-DeviceSetupManager/Operational", "Provider_Name": "Microsoft-Windows-DeviceSetupManager", "Computer": "DESKTOP-OFJ6N53", "TimeCreated": "2023-07-23 19:23:41.824377+00:00", "RecordID": "9861", "Level": "4", "UserID": "S-1-5-18", "EventData.Prop_ContainerId": "{C2AFB711-E01D-B859-69EE-8DFDB945EBF1}"}
{"EventID": "301", "Channel": "Microsoft-Windows-DeviceSetupManager/Operational", "Provider_Name": "Microsoft-Windows-DeviceSetupManager", "Computer": "DESKTOP-OFJ6N53", "TimeCreated": "2023-07-23 19:23:42.532242+00:00", "RecordID": "9862", "Level": "4", "UserID": "S-1-5-18", "EventData.Prop_ContainerId": "{9255C28B-421B-FD2A-4CA7-D7BAC659C1BD}"}
{"EventID": "301", "Channel": "Microsoft-Windows-DeviceSetupManager/Operational", "Provider_Name": "Microsoft-Windows-DeviceSetupManager", "Computer": "DESKTOP-OFJ6N53", "TimeCreated": "2023-07-23 19:23:43.415939+00:00", "RecordID": "9863", "Level": "4", "UserID": "S-1-5-18", "EventData.Prop_ContainerId": "{F12ED10B-DE75-2C0C-5FA7-C264A3B6CB55}"}
{"EventID": "301", "Channel": "Microsoft-Windows-DeviceSetupManager/Operational", "Provider_Name": "Microsoft-Windows-DeviceSetupManager", "Computer": "DESKTOP-OFJ6N53", "TimeCreated": "2023-07-23 19:23:44.425039+00:00", "RecordID": "9864", "Level": "4", "UserID": "S-1-5-18", "EventData.Prop_ContainerId": "{C641391B-F276-0E02-33FF-F4A08F4AF52E}"}
{"EventID": "300", "Channel": "Microsoft-Windows-DeviceSetupManager/Operational", "Provider_Name": "Microsoft-Windows-DeviceSetupManager", "Computer": "DESKTOP-OFJ6N53", "TimeCreated": "2023-07-24 07:22:30.374517+00:00", "RecordID": "9865", "Level": "4", "UserID": "S-1-5-18", "EventData.Prop_ContainerId": "{713806FF-7E91-4D28-8D9E-CDB077B292D6}"}
{"EventID": "301", "Channel": "Microsoft-Windows-DeviceSetupManager/Operational", "Provider_Name": "Microsoft-Windows-DeviceSetupManager", "Computer": "DESKTOP-OFJ6N53", "TimeCreated": "2023-07-24 07:22:31.112808+00:00", "RecordID": "9866", "Level": "4", "UserID": "S-1-5-18", "EventData.Prop_ContainerId": "{713806FF-7E91-4D28-8D9E-CDB077B292D6}"}
{"EventID": "301", "Channel": "Microsoft-Windows-DeviceSetupManager/Operational", "Provider_Name": "Microsoft-Windows-DeviceSetupManager", "Computer": "DESKTOP-OFJ6N53", "TimeCreated": "2023-07-24 07:22:31.373377+00:00", "RecordID": "9867", "Level": "4", "UserID": "S-1-5-18", "EventData.Prop_ContainerId": "{00000000-0000-0000-FFFF-FFFFFFFFFFFF}"}
{"EventID": "301", "Channel": "Microsoft-Windows-DeviceSetupManager/Operational", "Provider_Name": "Microsoft-Windows-DeviceSetupManager", "Computer": "DESKTOP-OFJ6N53", "TimeCreated": "2023-07-24 07:22:32.193586+00:00", "RecordID": "9868", "Level": "4", "UserID": "S-1-5-18", "EventData.Prop_ContainerId": "{9255C28B-421B-FD2A-4CA7-D7BAC659C1BD}"}
{"EventID": "301", "Channel": "Microsoft-Windows-DeviceSetupManager/Operational", "Provider_Name": "Microsoft-Windows-DeviceSetupManager", "Computer": "DESKTOP-OFJ6N53", "TimeCreated": "2023-07-24 07:22:32.817060+00:00", "RecordID": "9869", "Level": "4", "UserID": "S-1-5-18", "EventData.Prop_ContainerId": "{ECC1E499-5EFD-039D-5887-23C2BD87E9A7}"}
{"EventID": "301", "Channel": "Microsoft-Windows-DeviceSetupManager/Operational", "Provider_Name": "Microsoft-Windows-DeviceSetupManager", "Computer": "DESKTOP-OFJ6N53", "TimeCreated": "2023-07-24 07:22:33.111269+00:00", "RecordID": "9870", "Level": "4", "UserID": "S-1-5-18", "EventData.Prop_ContainerId": "{9FDB06AE-3C11-C5C2-6F79-B527957711B5}"}
{"EventID": "301", "Channel": "Microsoft-Windows-DeviceSetupManager/Operational", "Provider_Name": "Microsoft-Windows-DeviceSetupManager", "Computer": "DESKTOP-OFJ6N53", "TimeCreated": "2023-07-24 07:22:35.267815+00:00", "RecordID": "9871", "Level": "4", "UserID": "S-1-5-18", "EventData.Prop_ContainerId": "{54F0286C-EA13-0B79-04AC-ED9E98FB1596}"}
{"EventID": "301", "Channel": "Microsoft-Windows-DeviceSetupManager/Operational", "Provider_Name": "Microsoft-Windows-DeviceSetupManager", "Computer": "DESKTOP-OFJ6N53", "TimeCreated": "2023-07-24 07:22:37.808187+00:00", "RecordID": "9872", "Level": "4", "UserID": "S-1-5-18", "EventData.Prop_ContainerId": "{C8BA3767-041C-707A-48E3-B5E7FCFD8653}"}
{"EventID": "301", "Channel": "Microsoft-Windows-DeviceSetupManager/Operational", "Provider_Name": "Microsoft-Windows-DeviceSetupManager", "Computer": "DESKTOP-OFJ6N53", "TimeCreated": "2023-07-24 07:22:38.407127+00:00", "RecordID": "9873", "Level": "4", "UserID": "S-1-5-18", "EventData.Prop_ContainerId": "{C2AFB711-E01D-B859-69EE-8DFDB945EBF1}"}
{"EventID": "301", "Channel": "Microsoft-Windows-DeviceSetupManager/Operational", "Provider_Name": "Microsoft-Windows-DeviceSetupManager", "Computer": "DESKTOP-OFJ6N53", "TimeCreated": "2023-07-24 07:22:39.010279+00:00", "RecordID": "9874", "Level": "4", "UserID": "S-1-5-18", "EventData.Prop_ContainerId": "{F12ED10B-DE75-2C0C-5FA7-C264A3B6CB55}"}
{"EventID": "301", "Channel": "Microsoft-Windows-DeviceSetupManager/Operational", "Provider_Name": "Microsoft-Windows-DeviceSetupManager", "Computer": "DESKTOP-OFJ6N53", "TimeCreated": "2023-07-24 07:22:39.509619+00:00", "RecordID": "9875", "Level": "4", "UserID": "S-1-5-18", "EventData.Prop_ContainerId": "{C641391B-F276-0E02-33FF-F4A08F4AF52E}"}
{"EventID": "300", "Channel": "Microsoft-Windows-DeviceSetupManager/Operational", "Provider_Name": "Microsoft-Windows-DeviceSetupManager", "Computer": "DESKTOP-OFJ6N53", "TimeCreated": "2023-07-25 08:58:44.095766+00:00", "RecordID": "9876", "Level": "4", "UserID": "S-1-5-18", "EventData.Prop_ContainerId": "{E50493CF-4578-4074-8A8E-E258FE2BFB4F}"}
{"EventID": "301", "Channel": "Microsoft-Windows-DeviceSetupManager/Operational", "Provider_Name": "Microsoft-Windows-DeviceSetupManager", "Computer": "DESKTOP-OFJ6N53", "TimeCreated": "2023-07-25 08:58:45.010099+00:00", "RecordID": "9877", "Level": "4", "UserID": "S-1-5-18", "EventData.Prop_ContainerId": "{E50493CF-4578-4074-8A8E-E258FE2BFB4F}"}
{"EventID": "301", "Channel": "Microsoft-Windows-DeviceSetupManager/Operational", "Provider_Name": "Microsoft-Windows-DeviceSetupManager", "Computer": "DESKTOP-OFJ6N53", "TimeCreated": "2023-07-25 08:58:45.421368+00:00", "RecordID": "9878", "Level": "4", "UserID": "S-1-5-18", "EventData.Prop_ContainerId": "{9255C28B-421B-FD2A-4CA7-D7BAC659C1BD}"}
{"EventID": "301", "Channel": "Microsoft-Windows-DeviceSetupManager/Operational", "Provider_Name": "Microsoft-Windows-DeviceSetupManager", "Computer": "DESKTOP-OFJ6N53", "TimeCreated": "2023-07-25 08:58:45.575392+00:00", "RecordID": "9879", "Level": "4", "UserID": "S-1-5-18", "EventData.Prop_ContainerId": "{00000000-0000-0000-FFFF-FFFFFFFFFFFF}"}
{"EventID": "301", "Channel": "Microsoft-Windows-DeviceSetupManager/Operational", "Provider_Name": "Microsoft-Windows-DeviceSetupManager", "Computer": "DESKTOP-OFJ6N53", "TimeCreated": "2023-07-25 08:58:47.631359+00:00", "RecordID": "9880", "Level": "4", "UserID": "S-1-5-18", "EventData.Prop_ContainerId": "{C8BA3767-041C-707A-48E3-B5E7FCFD8653}"}
{"EventID": "301", "Channel": "Microsoft-Windows-DeviceSetupManager/Operational", "Provider_Name": "Microsoft-Windows-DeviceSetupManager", "Computer": "DESKTOP-OFJ6N53", "TimeCreated": "2023-07-25 08:58:48.426437+00:00", "RecordID": "9881", "Level": "4", "UserID": "S-1-5-18", "EventData.Prop_ContainerId": "{C2AFB711-E01D-B859-69EE-8DFDB945EBF1}"}
{"EventID": "301", "Channel": "Microsoft-Windows-DeviceSetupManager/Operational", "Provider_Name": "Microsoft-Windows-DeviceSetupManager", "Computer": "DESKTOP-OFJ6N53", "TimeCreated": "2023-07-25 08:58:49.731367+00:00", "RecordID": "9882", "Level": "4", "UserID": "S-1-5-18", "EventData.Prop_ContainerId": "{ECC1E499-5EFD-039D-5887-23C2BD87E9A7}"}
{"EventID": "301", "Channel": "Microsoft-Windows-DeviceSetupManager/Operational", "Provider_Name": "Microsoft-Windows-DeviceSetupManager", "Computer": "DESKTOP-OFJ6N53", "TimeCreated": "2023-07-25 08:58:50.531199+00:00", "RecordID": "9883", "Level": "4", "UserID": "S-1-5-18", "EventData.Prop_ContainerId": "{F12ED10B-DE75-2C0C-5FA7-C264A3B6CB55}"}
{"EventID": "300", "Channel": "Microsoft-Windows-DeviceSetupManager/Operational", "Provider_Name": "Microsoft-Windows-DeviceSetupManager", "Computer": "DESKTOP-OFJ6N53", "TimeCreated": "2023-07-25 10:38:53.860928+00:00", "RecordID": "9884", "Level": "4", "UserID": "S-1-5-18", "EventData.Prop_ContainerId": "{523CDD43-8B6B-4D59-A9C8-DA494BB7AF22}"}
{"EventID": "301", "Channel": "Microsoft-Windows-DeviceSetupManager/Operational", "Provider_Name": "Microsoft-Windows-DeviceSetupManager", "Computer": "DESKTOP-OFJ6N53", "TimeCreated": "2023-07-25 10:38:54.634672+00:00", "RecordID": "9885", "Level": "4", "UserID": "S-1-5-18", "EventData.Prop_ContainerId": "{523CDD43-8B6B-4D59-A9C8-DA494BB7AF22}"}
{"EventID": "301", "Channel": "Microsoft-Windows-DeviceSetupManager/Operational", "Provider_Name": "Microsoft-Windows-DeviceSetupManager", "Computer": "DESKTOP-OFJ6N53", "TimeCreated": "2023-07-25 10:38:54.876585+00:00", "RecordID": "9886", "Level": "4", "UserID": "S-1-5-18", "EventData.Prop_ContainerId": "{00000000-0000-0000-FFFF-FFFFFFFFFFFF}"}
{"EventID": "301", "Channel": "Microsoft-Windows-DeviceSetupManager/Operational", "Provider_Name": "Microsoft-Windows-DeviceSetupManager", "Computer": "DESKTOP-OFJ6N53", "TimeCreated": "2023-07-25 10:38:59.018045+00:00", "RecordID": "9887", "Level": "4", "UserID": "S-1-5-18", "EventData.Prop_ContainerId": "{9255C28B-421B-FD2A-4CA7-D7BAC659C1BD}"}
{"EventID": "301", "Channel": "Microsoft-Windows-DeviceSetupManager/Operational", "Provider_Name": "Microsoft-Windows-DeviceSetupManager", "Computer": "DESKTOP-OFJ6N53", "TimeCreated": "2023-07-25 10:38:59.672056+00:00", "RecordID": "9888", "Level": "4", "UserID": "S-1-5-18", "EventData.Prop_ContainerId": "{ECC1E499-5EFD-039D-5887-23C2BD87E9A7}"}
{"EventID": "301", "Channel": "Microsoft-Windows-DeviceSetupManager/Operational", "Provider_Name": "Microsoft-Windows-DeviceSetupManager", "Computer": "DESKTOP-OFJ6N53", "TimeCreated": "2023-07-25 10:39:01.865364+00:00", "RecordID": "9889", "Level": "4", "UserID": "S-1-5-18", "EventData.Prop_ContainerId": "{F12ED10B-DE75-2C0C-5FA7-C264A3B6CB55}"}
{"EventID": "301", "Channel": "Microsoft-Windows-DeviceSetupManager/Operational", "Provider_Name": "Microsoft-Windows-DeviceSetupManager", "Computer": "DESKTOP-OFJ6N53", "TimeCreated": "2023-07-25 10:39:03.226286+00:00", "RecordID": "9890", "Level": "4", "UserID": "S-1-5-18", "EventData.Prop_ContainerId": "{C641391B-F276-0E02-33FF-F4A08F4AF52E}"}
{"EventID": "301", "Channel": "Microsoft-Windows-DeviceSetupManager/Operational", "Provider_Name": "Microsoft-Windows-DeviceSetupManager", "Computer": "DESKTOP-OFJ6N53", "TimeCreated": "2023-07-25 10:39:05.134201+00:00", "RecordID": "9891", "Level": "4", "UserID": "S-1-5-18", "EventData.Prop_ContainerId": "{C2AFB711-E01D-B859-69EE-8DFDB945EBF1}"}
{"EventID": "301", "Channel": "Microsoft-Windows-DeviceSetupManager/Operational", "Provider_Name": "Microsoft-Windows-DeviceSetupManager", "Computer": "DESKTOP-OFJ6N53", "TimeCreated": "2023-07-25 10:39:07.356432+00:00", "RecordID": "9892", "Level": "4", "UserID": "S-1-5-18", "EventData.Prop_ContainerId": "{C8BA3767-041C-707A-48E3-B5E7FCFD8653}"}
{"EventID": "301", "Channel": "Microsoft-Windows-DeviceSetupManager/Operational", "Provider_Name": "Microsoft-Windows-DeviceSetupManager", "Computer": "DESKTOP-OFJ6N53", "TimeCreated": "2023-07-25 10:39:09.183945+00:00", "RecordID": "9893", "Level": "4", "UserID": "S-1-5-18", "EventData.Prop_ContainerId": "{54F0286C-EA13-0B79-04AC-ED9E98FB1596}"}
{"EventID": "301", "Channel": "Microsoft-Windows-DeviceSetupManager/Operational", "Provider_Name": "Microsoft-Windows-DeviceSetupManager", "Computer": "DESKTOP-OFJ6N53", "TimeCreated": "2023-07-25 10:39:09.919086+00:00", "RecordID": "9894", "Level": "4", "UserID": "S-1-5-18", "EventData.Prop_ContainerId": "{9FDB06AE-3C11-C5C2-6F79-B527957711B5}"}
{"EventID": "300", "Channel": "Microsoft-Windows-DeviceSetupManager/Operational", "Provider_Name": "Microsoft-Windows-DeviceSetupManager", "Computer": "DESKTOP-OFJ6N53", "TimeCreated": "2023-07-26 16:04:13.441898+00:00", "RecordID": "9895", "Level": "4", "UserID": "S-1-5-18", "EventData.Prop_ContainerId": "{B7E549CD-028B-471C-9C4C-D22CB49F1348}"}
{"EventID": "301", "Channel": "Microsoft-Windows-DeviceSetupManager/Operational", "Provider_Name": "Microsoft-Windows-DeviceSetupManager", "Computer": "DESKTOP-OFJ6N53", "TimeCreated": "2023-07-26 16:04:14.483004+00:00", "RecordID": "9896", "Level": "4", "UserID": "S-1-5-18", "EventData.Prop_ContainerId": "{B7E549CD-028B-471C-9C4C-D22CB49F1348}"}
{"EventID": "301", "Channel": "Microsoft-Windows-DeviceSetupManager/Operational", "Provider_Name": "Microsoft-Windows-DeviceSetupManager", "Computer": "DESKTOP-OFJ6N53", "TimeCreated": "2023-07-26 16:04:14.744108+00:00", "RecordID": "9897", "Level": "4", "UserID": "S-1-5-18", "EventData.Prop_ContainerId": "{00000000-0000-0000-FFFF-FFFFFFFFFFFF}"}
{"EventID": "301", "Channel": "Microsoft-Windows-DeviceSetupManager/Operational", "Provider_Name": "Microsoft-Windows-DeviceSetupManager", "Computer": "DESKTOP-OFJ6N53", "TimeCreated": "2023-07-26 16:04:14.995644+00:00", "RecordID": "9898", "Level": "4", "UserID": "S-1-5-18", "EventData.Prop_ContainerId": "{C2AFB711-E01D-B859-69EE-8DFDB945EBF1}"}
{"EventID": "301", "Channel": "Microsoft-Windows-DeviceSetupManager/Operational", "Provider_Name": "Microsoft-Windows-DeviceSetupManager", "Computer": "DESKTOP-OFJ6N53", "TimeCreated": "2023-07-26 16:04:15.946115+00:00", "RecordID": "9899", "Level": "4", "UserID": "S-1-5-18", "EventData.Prop_ContainerId": "{9255C28B-421B-FD2A-4CA7-D7BAC659C1BD}"}
{"EventID": "301", "Channel": "Microsoft-Windows-DeviceSetupManager/Operational", "Provider_Name": "Microsoft-Windows-DeviceSetupManager", "Computer": "DESKTOP-OFJ6N53", "TimeCreated": "2023-07-26 16:04:16.626722+00:00", "RecordID": "9900", "Level": "4", "UserID": "S-1-5-18", "EventData.Prop_ContainerId": "{ECC1E499-5EFD-039D-5887-23C2BD87E9A7}"}
{"EventID": "301", "Channel": "Microsoft-Windows-DeviceSetupManager/Operational", "Provider_Name": "Microsoft-Windows-DeviceSetupManager", "Computer": "DESKTOP-OFJ6N53", "TimeCreated": "2023-07-26 16:04:17.416159+00:00", "RecordID": "9901", "Level": "4", "UserID": "S-1-5-18", "EventData.Prop_ContainerId": "{F12ED10B-DE75-2C0C-5FA7-C264A3B6CB55}"}
{"EventID": "301", "Channel": "Microsoft-Windows-DeviceSetupManager/Operational", "Provider_Name": "Microsoft-Windows-DeviceSetupManager", "Computer": "DESKTOP-OFJ6N53", "TimeCreated": "2023-07-26 16:04:18.780655+00:00", "RecordID": "9902", "Level": "4", "UserID": "S-1-5-18", "EventData.Prop_ContainerId": "{C8BA3767-041C-707A-48E3-B5E7FCFD8653}"}
{"EventID": "301", "Channel": "Microsoft-Windows-DeviceSetupManager/Operational", "Provider_Name": "Microsoft-Windows-DeviceSetupManager", "Computer": "DESKTOP-OFJ6N53", "TimeCreated": "2023-07-26 16:04:20.489605+00:00", "RecordID": "9903", "Level": "4", "UserID": "S-1-5-18", "EventData.Prop_ContainerId": "{9FDB06AE-3C11-C5C2-6F79-B527957711B5}"}
{"EventID": "301", "Channel": "Microsoft-Windows-DeviceSetupManager/Operational", "Provider_Name": "Microsoft-Windows-DeviceSetupManager", "Computer": "DESKTOP-OFJ6N53", "TimeCreated": "2023-07-26 16:04:22.068155+00:00", "RecordID": "9904", "Level": "4", "UserID": "S-1-5-18", "EventData.Prop_ContainerId": "{54F0286C-EA13-0B79-04AC-ED9E98FB1596}"}
{"EventID": "301", "Channel": "Microsoft-Windows-DeviceSetupManager/Operational", "Provider_Name": "Microsoft-Windows-DeviceSetupManager", "Computer": "DESKTOP-OFJ6N53", "TimeCreated": "2023-07-26 16:04:22.503056+00:00", "RecordID": "9905", "Level": "4", "UserID": "S-1-5-18", "EventData.Prop_ContainerId": "{C641391B-F276-0E02-33FF-F4A08F4AF52E}"}
{"EventID": "300", "Channel": "Microsoft-Windows-DeviceSetupManager/Operational", "Provider_Name": "Microsoft-Windows-DeviceSetupManager", "Computer": "DESKTOP-OFJ6N53", "TimeCreated": "2023-07-27 07:41:47.688156+00:00", "RecordID": "9906", "Level": "4", "UserID": "S-1-5-18", "EventData.Prop_ContainerId": "{F1622209-DB26-4B39-9ABF-57F987CC4D16}"}
{"EventID": "301", "Channel": "Microsoft-Windows-DeviceSetupManager/Operational", "Provider_Name": "Microsoft-Windows-DeviceSetupManager", "Computer": "DESKTOP-OFJ6N53", "TimeCreated": "2023-07-27 07:41:48.507915+00:00", "RecordID": "9907", "Level": "4", "UserID": "S-1-5-18", "EventData.Prop_ContainerId": "{F1622209-DB26-4B39-9ABF-57F987CC4D16}"}
{"EventID": "301", "Channel": "Microsoft-Windows-DeviceSetupManager/Operational", "Provider_Name": "Microsoft-Windows-DeviceSetupManager", "Computer": "DESKTOP-OFJ6N53", "TimeCreated": "2023-07-27 07:41:48.768885+00:00", "RecordID": "9908", "Level": "4", "UserID": "S-1-5-18", "EventData.Prop_ContainerId": "{00000000-0000-0000-FFFF-FFFFFFFFFFFF}"}
{"EventID": "301", "Channel": "Microsoft-Windows-DeviceSetupManager/Operational", "Provider_Name": "Microsoft-Windows-DeviceSetupManager", "Computer": "DESKTOP-OFJ6N53", "TimeCreated": "2023-07-27 07:41:49.694086+00:00", "RecordID": "9909", "Level": "4", "UserID": "S-1-5-18", "EventData.Prop_ContainerId": "{9FDB06AE-3C11-C5C2-6F79-B527957711B5}"}
{"EventID": "301", "Channel": "Microsoft-Windows-DeviceSetupManager/Operational", "Provider_Name": "Microsoft-Windows-DeviceSetupManager", "Computer": "DESKTOP-OFJ6N53", "TimeCreated": "2023-07-27 07:41:51.472065+00:00", "RecordID": "9910", "Level": "4", "UserID": "S-1-5-18", "EventData.Prop_ContainerId": "{ECC1E499-5EFD-039D-5887-23C2BD87E9A7}"}
{"EventID": "301", "Channel": "Microsoft-Windows-DeviceSetupManager/Operational", "Provider_Name": "Microsoft-Windows-DeviceSetupManager", "Computer": "DESKTOP-OFJ6N53", "TimeCreated": "2023-07-27 07:41:52.883032+00:00", "RecordID": "9911", "Level": "4", "UserID": "S-1-5-18", "EventData.Prop_ContainerId": "{F12ED10B-DE75-2C0C-5FA7-C264A3B6CB55}"}
{"EventID": "301", "Channel": "Microsoft-Windows-DeviceSetupManager/Operational", "Provider_Name": "Microsoft-Windows-DeviceSetupManager", "Computer": "DESKTOP-OFJ6N53", "TimeCreated": "2023-07-27 07:41:54.174881+00:00", "RecordID": "9912", "Level": "4", "UserID": "S-1-5-18", "EventData.Prop_ContainerId": "{C641391B-F276-0E02-33FF-F4A08F4AF52E}"}
{"EventID": "301", "Channel": "Microsoft-Windows-DeviceSetupManager/Operational", "Provider_Name": "Microsoft-Windows-DeviceSetupManager", "Computer": "DESKTOP-OFJ6N53", "TimeCreated": "2023-07-27 07:41:55.753029+00:00", "RecordID": "9913", "Level": "4", "UserID": "S-1-5-18", "EventData.Prop_ContainerId": "{C2AFB711-E01D-B859-69EE-8DFDB945EBF1}"}
{"EventID": "301", "Channel": "Microsoft-Windows-DeviceSetupManager/Operational", "Provider_Name": "Microsoft-Windows-DeviceSetupManager", "Computer": "DESKTOP-OFJ6N53", "TimeCreated": "2023-07-27 07:41:56.565407+00:00", "RecordID": "9914", "Level": "4", "UserID": "S-1-5-18", "EventData.Prop_ContainerId": "{9255C28B-421B-FD2A-4CA7-D7BAC659C1BD}"}
{"EventID": "301", "Channel": "Microsoft-Windows-DeviceSetupManager/Operational", "Provider_Name": "Microsoft-Windows-DeviceSetupManager", "Computer": "DESKTOP-OFJ6N53", "TimeCreated": "2023-07-27 07:41:58.409641+00:00", "RecordID": "9915", "Level": "4", "UserID": "S-1-5-18", "EventData.Prop_ContainerId": "{54F0286C-EA13-0B79-04AC-ED9E98FB1596}"}
{"EventID": "301", "Channel": "Microsoft-Windows-DeviceSetupManager/Operational", "Provider_Name": "Microsoft-Windows-DeviceSetupManager", "Computer": "DESKTOP-OFJ6N53", "TimeCreated": "2023-07-27 07:41:59.986101+00:00", "RecordID": "9916", "Level": "4", "UserID": "S-1-5-18", "EventData.Prop_ContainerId": "{C8BA3767-041C-707A-48E3-B5E7FCFD8653}"}
{"EventID": "300", "Channel": "Microsoft-Windows-DeviceSetupManager/Operational", "Provider_Name": "Microsoft-Windows-DeviceSetupManager", "Computer": "DESKTOP-OFJ6N53", "TimeCreated": "2023-07-27 12:14:33.527813+00:00", "RecordID": "9917", "Level": "4", "UserID": "S-1-5-18", "EventData.Prop_ContainerId": "{2744EEB5-0ECF-4804-BE8E-C12E3204D8A3}"}
{"EventID": "301", "Channel": "Microsoft-Windows-DeviceSetupManager/Operational", "Provider_Name": "Microsoft-Windows-DeviceSetupManager", "Computer": "DESKTOP-OFJ6N53", "TimeCreated": "2023-07-27 12:14:33.865192+00:00", "RecordID": "9918", "Level": "4", "UserID": "S-1-5-18", "EventData.Prop_ContainerId": "{2744EEB5-0ECF-4804-BE8E-C12E3204D8A3}"}
{"EventID": "301", "Channel": "Microsoft-Windows-DeviceSetupManager/Operational", "Provider_Name": "Microsoft-Windows-DeviceSetupManager", "Computer": "DESKTOP-OFJ6N53", "TimeCreated": "2023-07-27 12:14:34.361212+00:00", "RecordID": "9919", "Level": "4", "UserID": "S-1-5-18", "EventData.Prop_ContainerId": "{00000000-0000-0000-FFFF-FFFFFFFFFFFF}"}
{"EventID": "301", "Channel": "Microsoft-Windows-DeviceSetupManager/Operational", "Provider_Name": "Microsoft-Windows-DeviceSetupManager", "Computer": "DESKTOP-OFJ6N53", "TimeCreated": "2023-07-27 12:14:34.983427+00:00", "RecordID": "9920", "Level": "4", "UserID": "S-1-5-18", "EventData.Prop_ContainerId": "{9255C28B-421B-FD2A-4CA7-D7BAC659C1BD}"}
{"EventID": "301", "Channel": "Microsoft-Windows-DeviceSetupManager/Operational", "Provider_Name": "Microsoft-Windows-DeviceSetupManager", "Computer": "DESKTOP-OFJ6N53", "TimeCreated": "2023-07-27 12:14:36.957970+00:00", "RecordID": "9921", "Level": "4", "UserID": "S-1-5-18", "EventData.Prop_ContainerId": "{ECC1E499-5EFD-039D-5887-23C2BD87E9A7}"}
{"EventID": "301", "Channel": "Microsoft-Windows-DeviceSetupManager/Operational", "Provider_Name": "Microsoft-Windows-DeviceSetupManager", "Computer": "DESKTOP-OFJ6N53", "TimeCreated": "2023-07-27 12:14:39.376015+00:00", "RecordID": "9922", "Level": "4", "UserID": "S-1-5-18", "EventData.Prop_ContainerId": "{F12ED10B-DE75-2C0C-5FA7-C264A3B6CB55}"}
{"EventID": "301", "Channel": "Microsoft-Windows-DeviceSetupManager/Operational", "Provider_Name": "Microsoft-Windows-DeviceSetupManager", "Computer": "DESKTOP-OFJ6N53", "TimeCreated": "2023-07-27 12:14:41.044271+00:00", "RecordID": "9923", "Level": "4", "UserID": "S-1-5-18", "EventData.Prop_ContainerId": "{C641391B-F276-0E02-33FF-F4A08F4AF52E}"}
{"EventID": "301", "Channel": "Microsoft-Windows-DeviceSetupManager/Operational", "Provider_Name": "Microsoft-Windows-DeviceSetupManager", "Computer": "DESKTOP-OFJ6N53", "TimeCreated": "2023-07-27 12:14:43.169058+00:00", "RecordID": "9924", "Level": "4", "UserID": "S-1-5-18", "EventData.Prop_ContainerId": "{9FDB06AE-3C11-C5C2-6F79-B527957711B5}"}
{"EventID": "301", "Channel": "Microsoft-Windows-DeviceSetupManager/Operational", "Provider_Name": "Microsoft-Windows-DeviceSetupManager", "Computer": "DESKTOP-OFJ6N53", "TimeCreated": "2023-07-27 12:14:45.364450+00:00", "RecordID": "9925", "Level": "4", "UserID": "S-1-5-18", "EventData.Prop_ContainerId": "{54F0286C-EA13-0B79-04AC-ED9E98FB1596}"}
{"EventID": "301", "Channel": "Microsoft-Windows-DeviceSetupManager/Operational", "Provider_Name": "Microsoft-Windows-DeviceSetupManager", "Computer": "DESKTOP-OFJ6N53", "TimeCreated": "2023-07-27 12:14:46.603186+00:00", "RecordID": "9926", "Level": "4", "UserID": "S-1-5-18", "EventData.Prop_ContainerId": "{C8BA3767-041C-707A-48E3-B5E7FCFD8653}"}
{"EventID": "301", "Channel": "Microsoft-Windows-DeviceSetupManager/Operational", "Provider_Name": "Microsoft-Windows-DeviceSetupManager", "Computer": "DESKTOP-OFJ6N53", "TimeCreated": "2023-07-27 12:14:48.286432+00:00", "RecordID": "9927", "Level": "4", "UserID": "S-1-5-18", "EventData.Prop_ContainerId": "{C2AFB711-E01D-B859-69EE-8DFDB945EBF1}"}
{"EventID": "301", "Channel": "Microsoft-Windows-DeviceSetupManager/Operational", "Provider_Name": "Microsoft-Windows-DeviceSetupManager", "Computer": "DESKTOP-OFJ6N53", "TimeCreated": "2023-07-30 17:53:28.888445+00:00", "RecordID": "9928", "Level": "4", "UserID": "S-1-5-18", "EventData.Prop_ContainerId": "{CE0FA189-B34B-408B-912A-0A3BC6D602AD}"}
{"EventID": "300", "Channel": "Microsoft-Windows-DeviceSetupManager/Operational", "Provider_Name": "Microsoft-Windows-DeviceSetupManager", "Computer": "DESKTOP-OFJ6N53", "TimeCreated": "2023-07-30 17:53:28.890589+00:00", "RecordID": "9929", "Level": "4", "UserID": "S-1-5-18", "EventData.Prop_ContainerId": "{CE0FA189-B34B-408B-912A-0A3BC6D602AD}"}
{"EventID": "300", "Channel": "Microsoft-Windows-DeviceSetupManager/Operational", "Provider_Name": "Microsoft-Windows-DeviceSetupManager", "Computer": "DESKTOP-OFJ6N53", "TimeCreated": "2023-07-31 12:58:42.202291+00:00", "RecordID": "9930", "Level": "4", "UserID": "S-1-5-18", "EventData.Prop_ContainerId": "{1907CDFB-0846-474F-808C-A0B30E37697F}"}
{"EventID": "301", "Channel": "Microsoft-Windows-DeviceSetupManager/Operational", "Provider_Name": "Microsoft-Windows-DeviceSetupManager", "Computer": "DESKTOP-OFJ6N53", "TimeCreated": "2023-07-31 12:58:42.796764+00:00", "RecordID": "9931", "Level": "4", "UserID": "S-1-5-18", "EventData.Prop_ContainerId": "{1907CDFB-0846-474F-808C-A0B30E37697F}"}
{"EventID": "301", "Channel": "Microsoft-Windows-DeviceSetupManager/Operational", "Provider_Name": "Microsoft-Windows-DeviceSetupManager", "Computer": "DESKTOP-OFJ6N53", "TimeCreated": "2023-07-31 12:58:43.664663+00:00", "RecordID": "9932", "Level": "4", "UserID": "S-1-5-18", "EventData.Prop_ContainerId": "{9FDB06AE-3C11-C5C2-6F79-B527957711B5}"}
{"EventID": "301", "Channel": "Microsoft-Windows-DeviceSetupManager/Operational", "Provider_Name": "Microsoft-Windows-DeviceSetupManager", "Computer": "DESKTOP-OFJ6N53", "TimeCreated": "2023-07-31 12:58:45.047152+00:00", "RecordID": "9933", "Level": "4", "UserID": "S-1-5-18", "EventData.Prop_ContainerId": "{ECC1E499-5EFD-039D-5887-23C2BD87E9A7}"}
{"EventID": "301", "Channel": "Microsoft-Windows-DeviceSetupManager/Operational", "Provider_Name": "Microsoft-Windows-DeviceSetupManager", "Computer": "DESKTOP-OFJ6N53", "TimeCreated": "2023-07-31 12:58:46.959288+00:00", "RecordID": "9934", "Level": "4", "UserID": "S-1-5-18", "EventData.Prop_ContainerId": "{C2AFB711-E01D-B859-69EE-8DFDB945EBF1}"}
{"EventID": "301", "Channel": "Microsoft-Windows-DeviceSetupManager/Operational", "Provider_Name": "Microsoft-Windows-DeviceSetupManager", "Computer": "DESKTOP-OFJ6N53", "TimeCreated": "2023-07-31 12:58:49.121050+00:00", "RecordID": "9935", "Level": "4", "UserID": "S-1-5-18", "EventData.Prop_ContainerId": "{9255C28B-421B-FD2A-4CA7-D7BAC659C1BD}"}
{"EventID": "301", "Channel": "Microsoft-Windows-DeviceSetupManager/Operational", "Provider_Name": "Microsoft-Windows-DeviceSetupManager", "Computer": "DESKTOP-OFJ6N53", "TimeCreated": "2023-07-31 12:58:49.627329+00:00", "RecordID": "9936", "Level": "4", "UserID": "S-1-5-18", "EventData.Prop_ContainerId": "{C8BA3767-041C-707A-48E3-B5E7FCFD8653}"}
{"EventID": "301", "Channel": "Microsoft-Windows-DeviceSetupManager/Operational", "Provider_Name": "Microsoft-Windows-DeviceSetupManager", "Computer": "DESKTOP-OFJ6N53", "TimeCreated": "2023-07-31 12:58:51.837990+00:00", "RecordID": "9937", "Level": "4", "UserID": "S-1-5-18", "EventData.Prop_ContainerId": "{54F0286C-EA13-0B79-04AC-ED9E98FB1596}"}
{"EventID": "301", "Channel": "Microsoft-Windows-DeviceSetupManager/Operational", "Provider_Name": "Microsoft-Windows-DeviceSetupManager", "Computer": "DESKTOP-OFJ6N53", "TimeCreated": "2023-07-31 13:01:38.153723+00:00", "RecordID": "9938", "Level": "4", "UserID": "S-1-5-18", "EventData.Prop_ContainerId": "{2BD7B41B-A47F-11EC-A6C3-005056B2BA71}"}
{"EventID": "300", "Channel": "Microsoft-Windows-DeviceSetupManager/Operational", "Provider_Name": "Microsoft-Windows-DeviceSetupManager", "Computer": "DESKTOP-OFJ6N53", "TimeCreated": "2023-07-31 13:01:38.563156+00:00", "RecordID": "9939", "Level": "4", "UserID": "S-1-5-18", "EventData.Prop_ContainerId": "{1BB8B866-D639-46CE-B7A2-A0294AEF0179}"}
{"EventID": "301", "Channel": "Microsoft-Windows-DeviceSetupManager/Operational", "Provider_Name": "Microsoft-Windows-DeviceSetupManager", "Computer": "DESKTOP-OFJ6N53", "TimeCreated": "2023-07-31 13:01:38.814688+00:00", "RecordID": "9940", "Level": "4", "UserID": "S-1-5-18", "EventData.Prop_ContainerId": "{1BB8B866-D639-46CE-B7A2-A0294AEF0179}"}
{"EventID": "300", "Channel": "Microsoft-Windows-DeviceSetupManager/Operational", "Provider_Name": "Microsoft-Windows-DeviceSetupManager", "Computer": "DESKTOP-OFJ6N53", "TimeCreated": "2023-07-31 13:02:00.745262+00:00", "RecordID": "9941", "Level": "4", "UserID": "S-1-5-18", "EventData.Prop_ContainerId": "{E51C53C8-94BB-4A1F-B2B8-B8095F4111AE}"}
{"EventID": "301", "Channel": "Microsoft-Windows-DeviceSetupManager/Operational", "Provider_Name": "Microsoft-Windows-DeviceSetupManager", "Computer": "DESKTOP-OFJ6N53", "TimeCreated": "2023-07-31 13:02:01.340378+00:00", "RecordID": "9942", "Level": "4", "UserID": "S-1-5-18", "EventData.Prop_ContainerId": "{E51C53C8-94BB-4A1F-B2B8-B8095F4111AE}"}
{"EventID": "301", "Channel": "Microsoft-Windows-DeviceSetupManager/Operational", "Provider_Name": "Microsoft-Windows-DeviceSetupManager", "Computer": "DESKTOP-OFJ6N53", "TimeCreated": "2023-07-31 13:02:01.819723+00:00", "RecordID": "9943", "Level": "4", "UserID": "S-1-5-18", "EventData.Prop_ContainerId": "{9255C28B-421B-FD2A-4CA7-D7BAC659C1BD}"}
{"EventID": "301", "Channel": "Microsoft-Windows-DeviceSetupManager/Operational", "Provider_Name": "Microsoft-Windows-DeviceSetupManager", "Computer": "DESKTOP-OFJ6N53", "TimeCreated": "2023-07-31 13:02:04.147715+00:00", "RecordID": "9944", "Level": "4", "UserID": "S-1-5-18", "EventData.Prop_ContainerId": "{9FDB06AE-3C11-C5C2-6F79-B527957711B5}"}
{"EventID": "301", "Channel": "Microsoft-Windows-DeviceSetupManager/Operational", "Provider_Name": "Microsoft-Windows-DeviceSetupManager", "Computer": "DESKTOP-OFJ6N53", "TimeCreated": "2023-07-31 13:02:05.045082+00:00", "RecordID": "9945", "Level": "4", "UserID": "S-1-5-18", "EventData.Prop_ContainerId": "{54F0286C-EA13-0B79-04AC-ED9E98FB1596}"}
{"EventID": "301", "Channel": "Microsoft-Windows-DeviceSetupManager/Operational", "Provider_Name": "Microsoft-Windows-DeviceSetupManager", "Computer": "DESKTOP-OFJ6N53", "TimeCreated": "2023-07-31 13:02:06.758814+00:00", "RecordID": "9946", "Level": "4", "UserID": "S-1-5-18", "EventData.Prop_ContainerId": "{C8BA3767-041C-707A-48E3-B5E7FCFD8653}"}
{"EventID": "301", "Channel": "Microsoft-Windows-DeviceSetupManager/Operational", "Provider_Name": "Microsoft-Windows-DeviceSetupManager", "Computer": "DESKTOP-OFJ6N53", "TimeCreated": "2023-07-31 13:02:07.437355+00:00", "RecordID": "9947", "Level": "4", "UserID": "S-1-5-18", "EventData.Prop_ContainerId": "{ECC1E499-5EFD-039D-5887-23C2BD87E9A7}"}
{"EventID": "301", "Channel": "Microsoft-Windows-DeviceSetupManager/Operational", "Provider_Name": "Microsoft-Windows-DeviceSetupManager", "Computer": "DESKTOP-OFJ6N53", "TimeCreated": "2023-07-31 13:02:09.041552+00:00", "RecordID": "9948", "Level": "4", "UserID": "S-1-5-18", "EventData.Prop_ContainerId": "{C2AFB711-E01D-B859-69EE-8DFDB945EBF1}"}
{"EventID": "301", "Channel": "Microsoft-Windows-DeviceSetupManager/Operational", "Provider_Name": "Microsoft-Windows-DeviceSetupManager", "Computer": "DESKTOP-OFJ6N53", "TimeCreated": "2023-08-01 09:01:36.085632+00:00", "RecordID": "9949", "Level": "4", "UserID": "S-1-5-18", "EventData.Prop_ContainerId": "{2572A948-954B-11EC-A6B8-806E6F6E6963}"}
{"EventID": "301", "Channel": "Microsoft-Windows-DeviceSetupManager/Operational", "Provider_Name": "Microsoft-Windows-DeviceSetupManager", "Computer": "DESKTOP-OFJ6N53", "TimeCreated": "2023-08-01 09:01:36.283642+00:00", "RecordID": "9950", "Level": "4", "UserID": "S-1-5-18", "EventData.Prop_ContainerId": "{B01CB9B2-9E9C-11EC-A6BD-00059A3C7A00}"}
{"EventID": "301", "Channel": "Microsoft-Windows-DeviceSetupManager/Operational", "Provider_Name": "Microsoft-Windows-DeviceSetupManager", "Computer": "DESKTOP-OFJ6N53", "TimeCreated": "2023-08-01 09:01:36.470543+00:00", "RecordID": "9951", "Level": "4", "UserID": "S-1-5-18", "EventData.Prop_ContainerId": "{CA0E9E80-3E97-FCAC-730A-8CB080FA2581}"}
{"EventID": "301", "Channel": "Microsoft-Windows-DeviceSetupManager/Operational", "Provider_Name": "Microsoft-Windows-DeviceSetupManager", "Computer": "DESKTOP-OFJ6N53", "TimeCreated": "2023-08-01 09:01:36.665857+00:00", "RecordID": "9952", "Level": "4", "UserID": "S-1-5-18", "EventData.Prop_ContainerId": "{00000000-0000-0000-FFFF-FFFFFFFFFFFF}"}
{"EventID": "301", "Channel": "Microsoft-Windows-DeviceSetupManager/Operational", "Provider_Name": "Microsoft-Windows-DeviceSetupManager", "Computer": "DESKTOP-OFJ6N53", "TimeCreated": "2023-08-01 09:01:36.908072+00:00", "RecordID": "9953", "Level": "4", "UserID": "S-1-5-18", "EventData.Prop_ContainerId": "{2572A968-954B-11EC-A6B8-806E6F6E6963}"}
{"EventID": "301", "Channel": "Microsoft-Windows-DeviceSetupManager/Operational", "Provider_Name": "Microsoft-Windows-DeviceSetupManager", "Computer": "DESKTOP-OFJ6N53", "TimeCreated": "2023-08-01 09:01:37.083445+00:00", "RecordID": "9954", "Level": "4", "UserID": "S-1-5-18", "EventData.Prop_ContainerId": "{0A568158-2954-F19C-89F3-03ACAEE1F85E}"}
{"EventID": "301", "Channel": "Microsoft-Windows-DeviceSetupManager/Operational", "Provider_Name": "Microsoft-Windows-DeviceSetupManager", "Computer": "DESKTOP-OFJ6N53", "TimeCreated": "2023-08-01 09:01:37.259935+00:00", "RecordID": "9955", "Level": "4", "UserID": "S-1-5-18", "EventData.Prop_ContainerId": "{EB3E824A-9B15-11EC-A6BD-00059A3C7A00}"}
{"EventID": "301", "Channel": "Microsoft-Windows-DeviceSetupManager/Operational", "Provider_Name": "Microsoft-Windows-DeviceSetupManager", "Computer": "DESKTOP-OFJ6N53", "TimeCreated": "2023-08-01 09:01:37.443581+00:00", "RecordID": "9956", "Level": "4", "UserID": "S-1-5-18", "EventData.Prop_ContainerId": "{2572A954-954B-11EC-A6B8-806E6F6E6963}"}
{"EventID": "301", "Channel": "Microsoft-Windows-DeviceSetupManager/Operational", "Provider_Name": "Microsoft-Windows-DeviceSetupManager", "Computer": "DESKTOP-OFJ6N53", "TimeCreated": "2023-08-01 09:01:37.616028+00:00", "RecordID": "9957", "Level": "4", "UserID": "S-1-5-18", "EventData.Prop_ContainerId": "{EB3E8249-9B15-11EC-A6BD-00059A3C7A00}"}
{"EventID": "301", "Channel": "Microsoft-Windows-DeviceSetupManager/Operational", "Provider_Name": "Microsoft-Windows-DeviceSetupManager", "Computer": "DESKTOP-OFJ6N53", "TimeCreated": "2023-08-01 09:01:37.794165+00:00", "RecordID": "9958", "Level": "4", "UserID": "S-1-5-18", "EventData.Prop_ContainerId": "{2572A949-954B-11EC-A6B8-806E6F6E6963}"}
{"EventID": "301", "Channel": "Microsoft-Windows-DeviceSetupManager/Operational", "Provider_Name": "Microsoft-Windows-DeviceSetupManager", "Computer": "DESKTOP-OFJ6N53", "TimeCreated": "2023-08-01 09:01:37.974491+00:00", "RecordID": "9959", "Level": "4", "UserID": "S-1-5-18", "EventData.Prop_ContainerId": "{298580E3-E0E9-5B21-9699-52225753EF2E}"}
{"EventID": "301", "Channel": "Microsoft-Windows-DeviceSetupManager/Operational", "Provider_Name": "Microsoft-Windows-DeviceSetupManager", "Computer": "DESKTOP-OFJ6N53", "TimeCreated": "2023-08-01 09:01:38.154905+00:00", "RecordID": "9960", "Level": "4", "UserID": "S-1-5-18", "EventData.Prop_ContainerId": "{2572A947-954B-11EC-A6B8-806E6F6E6963}"}
{"EventID": "301", "Channel": "Microsoft-Windows-DeviceSetupManager/Operational", "Provider_Name": "Microsoft-Windows-DeviceSetupManager", "Computer": "DESKTOP-OFJ6N53", "TimeCreated": "2023-08-01 09:01:38.332508+00:00", "RecordID": "9961", "Level": "4", "UserID": "S-1-5-18", "EventData.Prop_ContainerId": "{D48384F2-EA6A-1C60-7C38-8B496974A0A5}"}
