{"EventID": "4009", "Channel": "Microsoft-Windows-DeviceManagement-Enterprise-Diagnostics-Provider/Operational", "Provider_Name": "Microsoft-Windows-DeviceManagement-Enterprise-Diagnostics-Provider", "Computer": "DESKTOP-OFJ6N53", "TimeCreated": "2025-07-31 08:26:11.675070+00:00", "RecordID": "1672", "Level": "4", "UserID": "S-1-5-18", "EventData.HexInt1": "0x00000001", "EventData.HexInt2": "0x00000000", "EventData.HexInt3": "0x00000000"}
{"EventID": "4019", "Channel": "Microsoft-Windows-DeviceManagement-Enterprise-Diagnostics-Provider/Operational", "Provider_Name": "Microsoft-Windows-DeviceManagement-Enterprise-Diagnostics-Provider", "Computer": "DESKTOP-OFJ6N53", "TimeCreated": "2025-08-12 12:35:27.987347+00:00", "RecordID": "1673", "Level": "4", "UserID": "S-1-5-18"}
{"EventID": "4009", "Channel": "Microsoft-Windows-DeviceManagement-Enterprise-Diagnostics-Provider/Operational", "Provider_Name": "Microsoft-Windows-DeviceManagement-Enterprise-Diagnostics-Provider", "Computer": "DESKTOP-OFJ6N53", "TimeCreated": "2025-08-12 12:35:27.987352+00:00", "RecordID": "1674", "Level": "4", "UserID": "S-1-5-18", "EventData.HexInt1": "0x00000002", "EventData.HexInt2": "0x00000000", "EventData.HexInt3": "0x00000064"}
{"EventID": "4000", "Channel": "Microsoft-Windows-DeviceManagement-Enterprise-Diagnostics-Provider/Operational", "Provider_Name": "Microsoft-Windows-DeviceManagement-Enterprise-Diagnostics-Provider", "Computer": "DESKTOP-OFJ6N53", "TimeCreated": "2025-08-12 12:35:27.987600+00:00", "RecordID": "1675", "Level": "4", "UserID": "S-1-5-18", "EventData.HRESULT": "0x00000000"}
{"EventID": "4009", "Channel": "Microsoft-Windows-DeviceManagement-Enterprise-Diagnostics-Provider/Operational", "Provider_Name": "Microsoft-Windows-DeviceManagement-Enterprise-Diagnostics-Provider", "Computer": "DESKTOP-OFJ6N53", "TimeCreated": "2025-08-12 12:35:28.098074+00:00", "RecordID": "1676", "Level": "4", "UserID": "S-1-5-18", "EventData.HexInt1": "0x00000004", "EventData.HexInt2": "0x00000000", "EventData.HexInt3": "0x00000000"}
{"EventID": "4009", "Channel": "Microsoft-Windows-DeviceManagement-Enterprise-Diagnostics-Provider/Operational", "Provider_Name": "Microsoft-Windows-DeviceManagement-Enterprise-Diagnostics-Provider", "Computer": "DESKTOP-OFJ6N53", "TimeCreated": "2025-08-12 12:37:27.988228+00:00", "RecordID": "1677", "Level": "4", "UserID": "S-1-5-18", "EventData.HexInt1": "0x00000003", "EventData.HexInt2": "0x00000000", "EventData.HexInt3": "0x00000000"}
{"EventID": "4009", "Channel": "Microsoft-Windows-DeviceManagement-Enterprise-Diagnostics-Provider/Operational", "Provider_Name": "Microsoft-Windows-DeviceManagement-Enterprise-Diagnostics-Provider", "Computer": "DESKTOP-OFJ6N53", "TimeCreated": "2025-08-12 12:37:27.991495+00:00", "RecordID": "1678", "Level": "4", "UserID": "S-1-5-18", "EventData.HexInt1": "0x00000001", "EventData.HexInt2": "0x00000000", "EventData.HexInt3": "0x00000000"}
{"EventID": "4019", "Channel": "Microsoft-Windows-DeviceManagement-Enterprise-Diagnostics-Provider/Operational", "Provider_Name": "Microsoft-Windows-DeviceManagement-Enterprise-Diagnostics-Provider", "Computer": "DESKTOP-OFJ6N53", "TimeCreated": "2025-08-13 14:50:59.292524+00:00", "RecordID": "1679", "Level": "4", "UserID": "S-1-5-18"}
{"EventID": "4009", "Channel": "Microsoft-Windows-DeviceManagement-Enterprise-Diagnostics-Provider/Operational", "Provider_Name": "Microsoft-Windows-DeviceManagement-Enterprise-Diagnostics-Provider", "Computer": "DESKTOP-OFJ6N53", "TimeCreated": "2025-08-13 14:50:59.292528+00:00", "RecordID": "1680", "Level": "4", "UserID": "S-1-5-18", "EventData.HexInt1": "0x00000002", "EventData.HexInt2": "0x00000000", "EventData.HexInt3": "0x00000064"}
{"EventID": "4000", "Channel": "Microsoft-Windows-DeviceManagement-Enterprise-Diagnostics-Provider/Operational", "Provider_Name": "Microsoft-Windows-DeviceManagement-Enterprise-Diagnostics-Provider", "Computer": "DESKTOP-OFJ6N53", "TimeCreated": "2025-08-13 14:50:59.292747+00:00", "RecordID": "1681", "Level": "4", "UserID": "S-1-5-18", "EventData.HRESULT": "0x00000000"}
{"EventID": "4009", "Channel": "Microsoft-Windows-DeviceManagement-Enterprise-Diagnostics-Provider/Operational", "Provider_Name": "Microsoft-Windows-DeviceManagement-Enterprise-Diagnostics-Provider", "Computer": "DESKTOP-OFJ6N53", "TimeCreated": "2025-08-13 14:50:59.293859+00:00", "RecordID": "1682", "Level": "4", "UserID": "S-1-5-18", "EventData.HexInt1": "0x00000004", "EventData.HexInt2": "0x00000000", "EventData.HexInt3": "0x00000000"}
{"EventID": "4009", "Channel": "Microsoft-Windows-DeviceManagement-Enterprise-Diagnostics-Provider/Operational", "Provider_Name": "Microsoft-Windows-DeviceManagement-Enterprise-Diagnostics-Provider", "Computer": "DESKTOP-OFJ6N53", "TimeCreated": "2025-08-13 14:52:59.397299+00:00", "RecordID": "1683", "Level": "4", "UserID": "S-1-5-18", "EventData.HexInt1": "0x00000003", "EventData.HexInt2": "0x00000000", "EventData.HexInt3": "0x00000000"}
{"EventID": "4009", "Channel": "Microsoft-Windows-DeviceManagement-Enterprise-Diagnostics-Provider/Operational", "Provider_Name": "Microsoft-Windows-DeviceManagement-Enterprise-Diagnostics-Provider", "Computer": "DESKTOP-OFJ6N53", "TimeCreated": "2025-08-13 14:52:59.398092+00:00", "RecordID": "1684", "Level": "4", "UserID": "S-1-5-18", "EventData.HexInt1": "0x00000001", "EventData.HexInt2": "0x00000000", "EventData.HexInt3": "0x00000000"}
{"EventID": "4019", "Channel": "Microsoft-Windows-DeviceManagement-Enterprise-Diagnostics-Provider/Operational", "Provider_Name": "Microsoft-Windows-DeviceManagement-Enterprise-Diagnostics-Provider", "Computer": "DESKTOP-OFJ6N53", "TimeCreated": "2025-08-19 08:20:09.269623+00:00", "RecordID": "1685", "Level": "4", "UserID": "S-1-5-18"}
{"EventID": "4009", "Channel": "Microsoft-Windows-DeviceManagement-Enterprise-Diagnostics-Provider/Operational", "Provider_Name": "Microsoft-Windows-DeviceManagement-Enterprise-Diagnostics-Provider", "Computer": "DESKTOP-OFJ6N53", "TimeCreated": "2025-08-19 08:20:09.269632+00:00", "RecordID": "1686", "Level": "4", "UserID": "S-1-5-18", "EventData.HexInt1": "0x00000002", "EventData.HexInt2": "0x00000000", "EventData.HexInt3": "0x00000064"}
{"EventID": "4000", "Channel": "Microsoft-Windows-DeviceManagement-Enterprise-Diagnostics-Provider/Operational", "Provider_Name": "Microsoft-Windows-DeviceManagement-Enterprise-Diagnostics-Provider", "Computer": "DESKTOP-OFJ6N53", "TimeCreated": "2025-08-19 08:20:09.269930+00:00", "RecordID": "1687", "Level": "4", "UserID": "S-1-5-18", "EventData.HRESULT": "0x00000000"}
{"EventID": "4009", "Channel": "Microsoft-Windows-DeviceManagement-Enterprise-Diagnostics-Provider/Operational", "Provider_Name": "Microsoft-Windows-DeviceManagement-Enterprise-Diagnostics-Provider", "Computer": "DESKTOP-OFJ6N53", "TimeCreated": "2025-08-19 08:20:09.275425+00:00", "RecordID": "1688", "Level": "4", "UserID": "S-1-5-18", "EventData.HexInt1": "0x00000004", "EventData.HexInt2": "0x00000000", "EventData.HexInt3": "0x00000000"}
{"EventID": "4009", "Channel": "Microsoft-Windows-DeviceManagement-Enterprise-Diagnostics-Provider/Operational", "Provider_Name": "Microsoft-Windows-DeviceManagement-Enterprise-Diagnostics-Provider", "Computer": "DESKTOP-OFJ6N53", "TimeCreated": "2025-08-19 08:22:09.276169+00:00", "RecordID": "1689", "Level": "4", "UserID": "S-1-5-18", "EventData.HexInt1": "0x00000003", "EventData.HexInt2": "0x00000000", "EventData.HexInt3": "0x00000000"}
{"EventID": "4009", "Channel": "Microsoft-Windows-DeviceManagement-Enterprise-Diagnostics-Provider/Operational", "Provider_Name": "Microsoft-Windows-DeviceManagement-Enterprise-Diagnostics-Provider", "Computer": "DESKTOP-OFJ6N53", "TimeCreated": "2025-08-19 08:22:09.276682+00:00", "RecordID": "1690", "Level": "4", "UserID": "S-1-5-18", "EventData.HexInt1": "0x00000001", "EventData.HexInt2": "0x00000000", "EventData.HexInt3": "0x00000000"}
{"EventID": "4019", "Channel": "Microsoft-Windows-DeviceManagement-Enterprise-Diagnostics-Provider/Operational", "Provider_Name": "Microsoft-Windows-DeviceManagement-Enterprise-Diagnostics-Provider", "Computer": "DESKTOP-OFJ6N53", "TimeCreated": "2025-08-22 13:09:03.571777+00:00", "RecordID": "1691", "Level": "4", "UserID": "S-1-5-18"}
{"EventID": "4009", "Channel": "Microsoft-Windows-DeviceManagement-Enterprise-Diagnostics-Provider/Operational", "Provider_Name": "Microsoft-Windows-DeviceManagement-Enterprise-Diagnostics-Provider", "Computer": "DESKTOP-OFJ6N53", "TimeCreated": "2025-08-22 13:09:03.571781+00:00", "RecordID": "1692", "Level": "4", "UserID": "S-1-5-18", "EventData.HexInt1": "0x00000002", "EventData.HexInt2": "0x00000000", "EventData.HexInt3": "0x00000064"}
{"EventID": "4000", "Channel": "Microsoft-Windows-DeviceManagement-Enterprise-Diagnostics-Provider/Operational", "Provider_Name": "Microsoft-Windows-DeviceManagement-Enterprise-Diagnostics-Provider", "Computer": "DESKTOP-OFJ6N53", "TimeCreated": "2025-08-22 13:09:03.571980+00:00", "RecordID": "1693", "Level": "4", "UserID": "S-1-5-18", "EventData.HRESULT": "0x00000000"}
{"EventID": "4009", "Channel": "Microsoft-Windows-DeviceManagement-Enterprise-Diagnostics-Provider/Operational", "Provider_Name": "Microsoft-Windows-DeviceManagement-Enterprise-Diagnostics-Provider", "Computer": "DESKTOP-OFJ6N53", "TimeCreated": "2025-08-22 13:09:03.576666+00:00", "RecordID": "1694", "Level": "4", "UserID": "S-1-5-18", "EventData.HexInt1": "0x00000004", "EventData.HexInt2": "0x00000000", "EventData.HexInt3": "0x00000000"}
{"EventID": "4009", "Channel": "Microsoft-Windows-DeviceManagement-Enterprise-Diagnostics-Provider/Operational", "Provider_Name": "Microsoft-Windows-DeviceManagement-Enterprise-Diagnostics-Provider", "Computer": "DESKTOP-OFJ6N53", "TimeCreated": "2025-08-22 13:11:03.574314+00:00", "RecordID": "1695", "Level": "4", "UserID": "S-1-5-18", "EventData.HexInt1": "0x00000003", "EventData.HexInt2": "0x00000000", "EventData.HexInt3": "0x00000000"}
{"EventID": "4009", "Channel": "Microsoft-Windows-DeviceManagement-Enterprise-Diagnostics-Provider/Operational", "Provider_Name": "Microsoft-Windows-DeviceManagement-Enterprise-Diagnostics-Provider", "Computer": "DESKTOP-OFJ6N53", "TimeCreated": "2025-08-22 13:11:03.574848+00:00", "RecordID": "1696", "Level": "4", "UserID": "S-1-5-18", "EventData.HexInt1": "0x00000001", "EventData.HexInt2": "0x00000000", "EventData.HexInt3": "0x00000000"}
{"EventID": "4019", "Channel": "Microsoft-Windows-DeviceManagement-Enterprise-Diagnostics-Provider/Operational", "Provider_Name": "Microsoft-Windows-DeviceManagement-Enterprise-Diagnostics-Provider", "Computer": "DESKTOP-OFJ6N53", "TimeCreated": "2025-08-23 20:54:09.826704+00:00", "RecordID": "1697", "Level": "4", "UserID": "S-1-5-18"}
{"EventID": "4009", "Channel": "Microsoft-Windows-DeviceManagement-Enterprise-Diagnostics-Provider/Operational", "Provider_Name": "Microsoft-Windows-DeviceManagement-Enterprise-Diagnostics-Provider", "Computer": "DESKTOP-OFJ6N53", "TimeCreated": "2025-08-23 20:54:09.826708+00:00", "RecordID": "1698", "Level": "4", "UserID": "S-1-5-18", "EventData.HexInt1": "0x00000002", "EventData.HexInt2": "0x00000000", "EventData.HexInt3": "0x00000064"}
{"EventID": "4000", "Channel": "Microsoft-Windows-DeviceManagement-Enterprise-Diagnostics-Provider/Operational", "Provider_Name": "Microsoft-Windows-DeviceManagement-Enterprise-Diagnostics-Provider", "Computer": "DESKTOP-OFJ6N53", "TimeCreated": "2025-08-23 20:54:09.826880+00:00", "RecordID": "1699", "Level": "4", "UserID": "S-1-5-18", "EventData.HRESULT": "0x00000000"}
{"EventID": "4009", "Channel": "Microsoft-Windows-DeviceManagement-Enterprise-Diagnostics-Provider/Operational", "Provider_Name": "Microsoft-Windows-DeviceManagement-Enterprise-Diagnostics-Provider", "Computer": "DESKTOP-OFJ6N53", "TimeCreated": "2025-08-23 20:54:09.828817+00:00", "RecordID": "1700", "Level": "4", "UserID": "S-1-5-18", "EventData.HexInt1": "0x00000004", "EventData.HexInt2": "0x00000000", "EventData.HexInt3": "0x00000000"}
{"EventID": "4009", "Channel": "Microsoft-Windows-DeviceManagement-Enterprise-Diagnostics-Provider/Operational", "Provider_Name": "Microsoft-Windows-DeviceManagement-Enterprise-Diagnostics-Provider", "Computer": "DESKTOP-OFJ6N53", "TimeCreated": "2025-08-23 20:56:09.833525+00:00", "RecordID": "1701", "Level": "4", "UserID": "S-1-5-18", "EventData.HexInt1": "0x00000003", "EventData.HexInt2": "0x00000000", "EventData.HexInt3": "0x00000000"}
{"EventID": "4009", "Channel": "Microsoft-Windows-DeviceManagement-Enterprise-Diagnostics-Provider/Operational", "Provider_Name": "Microsoft-Windows-DeviceManagement-Enterprise-Diagnostics-Provider", "Computer": "DESKTOP-OFJ6N53", "TimeCreated": "2025-08-23 20:56:09.834131+00:00", "RecordID": "1702", "Level": "4", "UserID": "S-1-5-18", "EventData.HexInt1": "0x00000001", "EventData.HexInt2": "0x00000000", "EventData.HexInt3": "0x00000000"}
