{"EventID": "17", "Channel": "Microsoft-Windows-Application-Experience/Program-Compatibility-Assistant", "Provider_Name": "Microsoft-Windows-Program-Compatibility-Assistant", "Computer": "DESKTOP-OFJ6N53", "TimeCreated": "2022-02-24 12:33:14.803877+00:00", "RecordID": "1", "Level": "4", "UserID": "S-1-5-18"}
{"EventID": "17", "Channel": "Microsoft-Windows-Application-Experience/Program-Compatibility-Assistant", "Provider_Name": "Microsoft-Windows-Program-Compatibility-Assistant", "Computer": "DESKTOP-OFJ6N53", "TimeCreated": "2022-02-24 12:50:32.027004+00:00", "RecordID": "2", "Level": "4", "UserID": "S-1-5-18"}
{"EventID": "17", "Channel": "Microsoft-Windows-Application-Experience/Program-Compatibility-Assistant", "Provider_Name": "Microsoft-Windows-Program-Compatibility-Assistant", "Computer": "DESKTOP-OFJ6N53", "TimeCreated": "2022-02-24 16:17:25.986719+00:00", "RecordID": "3", "Level": "4", "UserID": "S-1-5-18"}
{"EventID": "17", "Channel": "Microsoft-Windows-Application-Experience/Program-Compatibility-Assistant", "Provider_Name": "Microsoft-Windows-Program-Compatibility-Assistant", "Computer": "DESKTOP-OFJ6N53", "TimeCreated": "2022-02-24 17:01:14.834583+00:00", "RecordID": "4", "Level": "4", "UserID": "S-1-5-18"}
{"EventID": "17", "Channel": "Microsoft-Windows-Application-Experience/Program-Compatibility-Assistant", "Provider_Name": "Microsoft-Windows-Program-Compatibility-Assistant", "Computer": "DESKTOP-OFJ6N53", "TimeCreated": "2022-03-02 12:55:57.743004+00:00", "RecordID": "5", "Level": "4", "UserID": "S-1-5-18"}
{"EventID": "17", "Channel": "Microsoft-Windows-Application-Experience/Program-Compatibility-Assistant", "Provider_Name": "Microsoft-Windows-Program-Compatibility-Assistant", "Computer": "DESKTOP-OFJ6N53", "TimeCreated": "2022-05-08 12:00:21.740236+00:00", "RecordID": "6", "Level": "4", "UserID": "S-1-5-18"}
{"EventID": "17", "Channel": "Microsoft-Windows-Application-Experience/Program-Compatibility-Assistant", "Provider_Name": "Microsoft-Windows-Program-Compatibility-Assistant", "Computer": "DESKTOP-OFJ6N53", "TimeCreated": "2022-06-12 19:03:17.246172+00:00", "RecordID": "7", "Level": "4", "UserID": "S-1-5-18"}
{"EventID": "17", "Channel": "Microsoft-Windows-Application-Experience/Program-Compatibility-Assistant", "Provider_Name": "Microsoft-Windows-Program-Compatibility-Assistant", "Computer": "DESKTOP-OFJ6N53", "TimeCreated": "2022-08-04 13:12:18.195751+00:00", "RecordID": "8", "Level": "4", "UserID": "S-1-5-18"}
{"EventID": "17", "Channel": "Microsoft-Windows-Application-Experience/Program-Compatibility-Assistant", "Provider_Name": "Microsoft-Windows-Program-Compatibility-Assistant", "Computer": "DESKTOP-OFJ6N53", "TimeCreated": "2022-11-09 21:24:46.634066+00:00", "RecordID": "9", "Level": "4", "UserID": "S-1-5-18"}
{"EventID": "17", "Channel": "Microsoft-Windows-Application-Experience/Program-Compatibility-Assistant", "Provider_Name": "Microsoft-Windows-Program-Compatibility-Assistant", "Computer": "DESKTOP-OFJ6N53", "TimeCreated": "2022-11-17 19:36:47.318136+00:00", "RecordID": "10", "Level": "4", "UserID": "S-1-5-18"}
{"EventID": "17", "Channel": "Microsoft-Windows-Application-Experience/Program-Compatibility-Assistant", "Provider_Name": "Microsoft-Windows-Program-Compatibility-Assistant", "Computer": "DESKTOP-OFJ6N53", "TimeCreated": "2022-12-27 15:54:54.506706+00:00", "RecordID": "11", "Level": "4", "UserID": "S-1-5-18"}
{"EventID": "17", "Channel": "Microsoft-Windows-Application-Experience/Program-Compatibility-Assistant", "Provider_Name": "Microsoft-Windows-Program-Compatibility-Assistant", "Computer": "DESKTOP-OFJ6N53", "TimeCreated": "2023-03-17 14:13:07.451841+00:00", "RecordID": "12", "Level": "4", "UserID": "S-1-5-18"}
{"EventID": "17", "Channel": "Microsoft-Windows-Application-Experience/Program-Compatibility-Assistant", "Provider_Name": "Microsoft-Windows-Program-Compatibility-Assistant", "Computer": "DESKTOP-OFJ6N53", "TimeCreated": "2023-10-06 09:16:49.153191+00:00", "RecordID": "13", "Level": "4", "UserID": "S-1-5-18"}
{"EventID": "17", "Channel": "Microsoft-Windows-Application-Experience/Program-Compatibility-Assistant", "Provider_Name": "Microsoft-Windows-Program-Compatibility-Assistant", "Computer": "DESKTOP-OFJ6N53", "TimeCreated": "2023-10-10 16:14:52.272272+00:00", "RecordID": "14", "Level": "4", "UserID": "S-1-5-18"}
{"EventID": "17", "Channel": "Microsoft-Windows-Application-Experience/Program-Compatibility-Assistant", "Provider_Name": "Microsoft-Windows-Program-Compatibility-Assistant", "Computer": "DESKTOP-OFJ6N53", "TimeCreated": "2023-11-13 08:37:11.172371+00:00", "RecordID": "15", "Level": "4", "UserID": "S-1-5-18"}
{"EventID": "17", "Channel": "Microsoft-Windows-Application-Experience/Program-Compatibility-Assistant", "Provider_Name": "Microsoft-Windows-Program-Compatibility-Assistant", "Computer": "DESKTOP-OFJ6N53", "TimeCreated": "2023-11-29 22:51:24.040806+00:00", "RecordID": "16", "Level": "4", "UserID": "S-1-5-18"}
{"EventID": "17", "Channel": "Microsoft-Windows-Application-Experience/Program-Compatibility-Assistant", "Provider_Name": "Microsoft-Windows-Program-Compatibility-Assistant", "Computer": "DESKTOP-OFJ6N53", "TimeCreated": "2024-01-23 12:45:12.973761+00:00", "RecordID": "17", "Level": "4", "UserID": "S-1-5-18"}
{"EventID": "17", "Channel": "Microsoft-Windows-Application-Experience/Program-Compatibility-Assistant", "Provider_Name": "Microsoft-Windows-Program-Compatibility-Assistant", "Computer": "DESKTOP-OFJ6N53", "TimeCreated": "2024-02-16 11:40:15.690966+00:00", "RecordID": "18", "Level": "4", "UserID": "S-1-5-18"}
{"EventID": "17", "Channel": "Microsoft-Windows-Application-Experience/Program-Compatibility-Assistant", "Provider_Name": "Microsoft-Windows-Program-Compatibility-Assistant", "Computer": "DESKTOP-OFJ6N53", "TimeCreated": "2024-10-04 22:35:41.123672+00:00", "RecordID": "19", "Level": "4", "UserID": "S-1-5-18"}
{"EventID": "17", "Channel": "Microsoft-Windows-Application-Experience/Program-Compatibility-Assistant", "Provider_Name": "Microsoft-Windows-Program-Compatibility-Assistant", "Computer": "DESKTOP-OFJ6N53", "TimeCreated": "2024-11-01 00:40:55.097744+00:00", "RecordID": "20", "Level": "4", "UserID": "S-1-5-18"}
{"EventID": "17", "Channel": "Microsoft-Windows-Application-Experience/Program-Compatibility-Assistant", "Provider_Name": "Microsoft-Windows-Program-Compatibility-Assistant", "Computer": "DESKTOP-OFJ6N53", "TimeCreated": "2024-12-03 11:37:47.734423+00:00", "RecordID": "21", "Level": "4", "UserID": "S-1-5-18"}
{"EventID": "17", "Channel": "Microsoft-Windows-Application-Experience/Program-Compatibility-Assistant", "Provider_Name": "Microsoft-Windows-Program-Compatibility-Assistant", "Computer": "DESKTOP-OFJ6N53", "TimeCreated": "2024-12-09 10:53:58.615023+00:00", "RecordID": "22", "Level": "4", "UserID": "S-1-5-18"}
{"EventID": "17", "Channel": "Microsoft-Windows-Application-Experience/Program-Compatibility-Assistant", "Provider_Name": "Microsoft-Windows-Program-Compatibility-Assistant", "Computer": "DESKTOP-OFJ6N53", "TimeCreated": "2024-12-19 09:49:51.455618+00:00", "RecordID": "23", "Level": "4", "UserID": "S-1-5-18"}
{"EventID": "17", "Channel": "Microsoft-Windows-Application-Experience/Program-Compatibility-Assistant", "Provider_Name": "Microsoft-Windows-Program-Compatibility-Assistant", "Computer": "DESKTOP-OFJ6N53", "TimeCreated": "2024-12-24 10:24:35.220455+00:00", "RecordID": "24", "Level": "4", "UserID": "S-1-5-18"}
{"EventID": "17", "Channel": "Microsoft-Windows-Application-Experience/Program-Compatibility-Assistant", "Provider_Name": "Microsoft-Windows-Program-Compatibility-Assistant", "Computer": "DESKTOP-OFJ6N53", "TimeCreated": "2025-01-10 07:43:50.696304+00:00", "RecordID": "25", "Level": "4", "UserID": "S-1-5-18"}
{"EventID": "17", "Channel": "Microsoft-Windows-Application-Experience/Program-Compatibility-Assistant", "Provider_Name": "Microsoft-Windows-Program-Compatibility-Assistant", "Computer": "DESKTOP-OFJ6N53", "TimeCreated": "2025-01-24 12:05:51.077250+00:00", "RecordID": "26", "Level": "4", "UserID": "S-1-5-18"}
{"EventID": "17", "Channel": "Microsoft-Windows-Application-Experience/Program-Compatibility-Assistant", "Provider_Name": "Microsoft-Windows-Program-Compatibility-Assistant", "Computer": "DESKTOP-OFJ6N53", "TimeCreated": "2025-01-27 12:44:25.278137+00:00", "RecordID": "27", "Level": "4", "UserID": "S-1-5-18"}
{"EventID": "17", "Channel": "Microsoft-Windows-Application-Experience/Program-Compatibility-Assistant", "Provider_Name": "Microsoft-Windows-Program-Compatibility-Assistant", "Computer": "DESKTOP-OFJ6N53", "TimeCreated": "2025-01-27 12:45:15.098967+00:00", "RecordID": "28", "Level": "4", "UserID": "S-1-5-18"}
{"EventID": "17", "Channel": "Microsoft-Windows-Application-Experience/Program-Compatibility-Assistant", "Provider_Name": "Microsoft-Windows-Program-Compatibility-Assistant", "Computer": "DESKTOP-OFJ6N53", "TimeCreated": "2025-02-05 13:52:18.066219+00:00", "RecordID": "29", "Level": "4", "UserID": "S-1-5-18"}
{"EventID": "17", "Channel": "Microsoft-Windows-Application-Experience/Program-Compatibility-Assistant", "Provider_Name": "Microsoft-Windows-Program-Compatibility-Assistant", "Computer": "DESKTOP-OFJ6N53", "TimeCreated": "2025-02-06 15:43:38.819687+00:00", "RecordID": "30", "Level": "4", "UserID": "S-1-5-18"}
{"EventID": "17", "Channel": "Microsoft-Windows-Application-Experience/Program-Compatibility-Assistant", "Provider_Name": "Microsoft-Windows-Program-Compatibility-Assistant", "Computer": "DESKTOP-OFJ6N53", "TimeCreated": "2025-03-10 14:11:30.429625+00:00", "RecordID": "31", "Level": "4", "UserID": "S-1-5-18"}
{"EventID": "17", "Channel": "Microsoft-Windows-Application-Experience/Program-Compatibility-Assistant", "Provider_Name": "Microsoft-Windows-Program-Compatibility-Assistant", "Computer": "DESKTOP-OFJ6N53", "TimeCreated": "2025-03-15 19:06:57.646467+00:00", "RecordID": "32", "Level": "4", "UserID": "S-1-5-18"}
{"EventID": "17", "Channel": "Microsoft-Windows-Application-Experience/Program-Compatibility-Assistant", "Provider_Name": "Microsoft-Windows-Program-Compatibility-Assistant", "Computer": "DESKTOP-OFJ6N53", "TimeCreated": "2025-03-26 00:23:23.463137+00:00", "RecordID": "33", "Level": "4", "UserID": "S-1-5-18"}
{"EventID": "17", "Channel": "Microsoft-Windows-Application-Experience/Program-Compatibility-Assistant", "Provider_Name": "Microsoft-Windows-Program-Compatibility-Assistant", "Computer": "DESKTOP-OFJ6N53", "TimeCreated": "2025-04-14 11:40:16.445505+00:00", "RecordID": "34", "Level": "4", "UserID": "S-1-5-18"}
{"EventID": "17", "Channel": "Microsoft-Windows-Application-Experience/Program-Compatibility-Assistant", "Provider_Name": "Microsoft-Windows-Program-Compatibility-Assistant", "Computer": "DESKTOP-OFJ6N53", "TimeCreated": "2025-04-18 13:45:09.415512+00:00", "RecordID": "35", "Level": "4", "UserID": "S-1-5-18"}
{"EventID": "17", "Channel": "Microsoft-Windows-Application-Experience/Program-Compatibility-Assistant", "Provider_Name": "Microsoft-Windows-Program-Compatibility-Assistant", "Computer": "DESKTOP-OFJ6N53", "TimeCreated": "2025-05-07 09:26:55.878223+00:00", "RecordID": "36", "Level": "4", "UserID": "S-1-5-18"}
{"EventID": "17", "Channel": "Microsoft-Windows-Application-Experience/Program-Compatibility-Assistant", "Provider_Name": "Microsoft-Windows-Program-Compatibility-Assistant", "Computer": "DESKTOP-OFJ6N53", "TimeCreated": "2025-05-21 15:13:17.408953+00:00", "RecordID": "37", "Level": "4", "UserID": "S-1-5-18"}
{"EventID": "17", "Channel": "Microsoft-Windows-Application-Experience/Program-Compatibility-Assistant", "Provider_Name": "Microsoft-Windows-Program-Compatibility-Assistant", "Computer": "DESKTOP-OFJ6N53", "TimeCreated": "2025-06-04 11:29:29.091251+00:00", "RecordID": "38", "Level": "4", "UserID": "S-1-5-18"}
{"EventID": "17", "Channel": "Microsoft-Windows-Application-Experience/Program-Compatibility-Assistant", "Provider_Name": "Microsoft-Windows-Program-Compatibility-Assistant", "Computer": "DESKTOP-OFJ6N53", "TimeCreated": "2025-08-18 08:13:55.303131+00:00", "RecordID": "39", "Level": "4", "UserID": "S-1-5-18"}
