{"EventID": "4042", "Channel": "Microsoft-Windows-NCSI/Operational", "Provider_Name": "Microsoft-Windows-NCSI", "Computer": "DESKTOP-OFJ6N53", "TimeCreated": "2024-07-29 07:30:44.372047+00:00", "RecordID": "7087", "Level": "4", "UserID": "S-1-5-20", "EventData.InterfaceGuid": "{36107176-2631-40d4-9a54-9e8046067dc5}", "EventData.IfLuid": "1689399834181632", "EventData.Family": "0", "EventData.Capability": "1", "EventData.CapabilityChangeReason": "6", "EventData.PreviousCapability": "1"}
{"EventID": "4042", "Channel": "Microsoft-Windows-NCSI/Operational", "Provider_Name": "Microsoft-Windows-NCSI", "Computer": "DESKTOP-OFJ6N53", "TimeCreated": "2024-07-29 07:31:43.992931+00:00", "RecordID": "7088", "Level": "4", "UserID": "S-1-5-20", "EventData.InterfaceGuid": "{36107176-2631-40d4-9a54-9e8046067dc5}", "EventData.IfLuid": "1689399834181632", "EventData.Family": "0", "EventData.Capability": "1", "EventData.CapabilityChangeReason": "6", "EventData.PreviousCapability": "1"}
{"EventID": "4042", "Channel": "Microsoft-Windows-NCSI/Operational", "Provider_Name": "Microsoft-Windows-NCSI", "Computer": "DESKTOP-OFJ6N53", "TimeCreated": "2024-07-29 12:10:20.300749+00:00", "RecordID": "7089", "Level": "4", "UserID": "S-1-5-20", "EventData.InterfaceGuid": "{36107176-2631-40d4-9a54-9e8046067dc5}", "EventData.IfLuid": "1689399834181632", "EventData.Family": "0", "EventData.Capability": "0", "EventData.CapabilityChangeReason": "14", "EventData.PreviousCapability": "1"}
{"EventID": "4042", "Channel": "Microsoft-Windows-NCSI/Operational", "Provider_Name": "Microsoft-Windows-NCSI", "Computer": "DESKTOP-OFJ6N53", "TimeCreated": "2024-07-29 12:10:21.157621+00:00", "RecordID": "7090", "Level": "4", "UserID": "S-1-5-20", "EventData.InterfaceGuid": "{bed2c4be-ec11-4cc8-aafc-f0fd7a5e3a02}", "EventData.IfLuid": "1689399632855040", "EventData.Family": "1", "EventData.Capability": "1", "EventData.CapabilityChangeReason": "5", "EventData.PreviousCapability": "1"}
{"EventID": "4042", "Channel": "Microsoft-Windows-NCSI/Operational", "Provider_Name": "Microsoft-Windows-NCSI", "Computer": "DESKTOP-OFJ6N53", "TimeCreated": "2024-07-29 12:10:37.530123+00:00", "RecordID": "7091", "Level": "4", "UserID": "S-1-5-20", "EventData.InterfaceGuid": "{0172e17a-3456-4bc7-bb55-da15689cd0b2}", "EventData.IfLuid": "1689399716741120", "EventData.Family": "0", "EventData.Capability": "0", "EventData.CapabilityChangeReason": "5", "EventData.PreviousCapability": "0"}
{"EventID": "4042", "Channel": "Microsoft-Windows-NCSI/Operational", "Provider_Name": "Microsoft-Windows-NCSI", "Computer": "DESKTOP-OFJ6N53", "TimeCreated": "2024-07-29 12:10:39.217577+00:00", "RecordID": "7092", "Level": "4", "UserID": "S-1-5-20", "EventData.InterfaceGuid": "{0172e17a-3456-4bc7-bb55-da15689cd0b2}", "EventData.IfLuid": "1689399716741120", "EventData.Family": "0", "EventData.Capability": "1", "EventData.CapabilityChangeReason": "13", "EventData.PreviousCapability": "0"}
{"EventID": "4042", "Channel": "Microsoft-Windows-NCSI/Operational", "Provider_Name": "Microsoft-Windows-NCSI", "Computer": "DESKTOP-OFJ6N53", "TimeCreated": "2024-07-29 12:11:12.928232+00:00", "RecordID": "7093", "Level": "4", "UserID": "S-1-5-20", "EventData.InterfaceGuid": "{0172e17a-3456-4bc7-bb55-da15689cd0b2}", "EventData.IfLuid": "1689399716741120", "EventData.Family": "0", "EventData.Capability": "1", "EventData.CapabilityChangeReason": "5", "EventData.PreviousCapability": "1"}
{"EventID": "4042", "Channel": "Microsoft-Windows-NCSI/Operational", "Provider_Name": "Microsoft-Windows-NCSI", "Computer": "DESKTOP-OFJ6N53", "TimeCreated": "2024-07-29 15:22:57.740946+00:00", "RecordID": "7094", "Level": "4", "UserID": "S-1-5-20", "EventData.InterfaceGuid": "{0172e17a-3456-4bc7-bb55-da15689cd0b2}", "EventData.IfLuid": "1689399716741120", "EventData.Family": "0", "EventData.Capability": "0", "EventData.CapabilityChangeReason": "14", "EventData.PreviousCapability": "1"}
{"EventID": "4042", "Channel": "Microsoft-Windows-NCSI/Operational", "Provider_Name": "Microsoft-Windows-NCSI", "Computer": "DESKTOP-OFJ6N53", "TimeCreated": "2024-07-29 15:22:58.598167+00:00", "RecordID": "7095", "Level": "4", "UserID": "S-1-5-20", "EventData.InterfaceGuid": "{bed2c4be-ec11-4cc8-aafc-f0fd7a5e3a02}", "EventData.IfLuid": "1689399632855040", "EventData.Family": "1", "EventData.Capability": "1", "EventData.CapabilityChangeReason": "5", "EventData.PreviousCapability": "1"}
{"EventID": "4042", "Channel": "Microsoft-Windows-NCSI/Operational", "Provider_Name": "Microsoft-Windows-NCSI", "Computer": "DESKTOP-OFJ6N53", "TimeCreated": "2024-07-29 15:23:24.519005+00:00", "RecordID": "7096", "Level": "4", "UserID": "S-1-5-20", "EventData.InterfaceGuid": "{36107176-2631-40d4-9a54-9e8046067dc5}", "EventData.IfLuid": "1689399834181632", "EventData.Family": "0", "EventData.Capability": "1", "EventData.CapabilityChangeReason": "13", "EventData.PreviousCapability": "0"}
{"EventID": "4042", "Channel": "Microsoft-Windows-NCSI/Operational", "Provider_Name": "Microsoft-Windows-NCSI", "Computer": "DESKTOP-OFJ6N53", "TimeCreated": "2024-07-29 15:23:44.866735+00:00", "RecordID": "7097", "Level": "4", "UserID": "S-1-5-20", "EventData.InterfaceGuid": "{36107176-2631-40d4-9a54-9e8046067dc5}", "EventData.IfLuid": "1689399834181632", "EventData.Family": "0", "EventData.Capability": "1", "EventData.CapabilityChangeReason": "6", "EventData.PreviousCapability": "1"}
{"EventID": "4042", "Channel": "Microsoft-Windows-NCSI/Operational", "Provider_Name": "Microsoft-Windows-NCSI", "Computer": "DESKTOP-OFJ6N53", "TimeCreated": "2024-07-29 15:24:45.253492+00:00", "RecordID": "7098", "Level": "4", "UserID": "S-1-5-20", "EventData.InterfaceGuid": "{36107176-2631-40d4-9a54-9e8046067dc5}", "EventData.IfLuid": "1689399834181632", "EventData.Family": "0", "EventData.Capability": "1", "EventData.CapabilityChangeReason": "6", "EventData.PreviousCapability": "1"}
{"EventID": "4042", "Channel": "Microsoft-Windows-NCSI/Operational", "Provider_Name": "Microsoft-Windows-NCSI", "Computer": "DESKTOP-OFJ6N53", "TimeCreated": "2024-07-29 17:42:35.181002+00:00", "RecordID": "7099", "Level": "4", "UserID": "S-1-5-20", "EventData.InterfaceGuid": "{36107176-2631-40d4-9a54-9e8046067dc5}", "EventData.IfLuid": "1689399834181632", "EventData.Family": "0", "EventData.Capability": "0", "EventData.CapabilityChangeReason": "14", "EventData.PreviousCapability": "1"}
{"EventID": "4042", "Channel": "Microsoft-Windows-NCSI/Operational", "Provider_Name": "Microsoft-Windows-NCSI", "Computer": "DESKTOP-OFJ6N53", "TimeCreated": "2024-07-29 17:42:36.084454+00:00", "RecordID": "7100", "Level": "4", "UserID": "S-1-5-20", "EventData.InterfaceGuid": "{bed2c4be-ec11-4cc8-aafc-f0fd7a5e3a02}", "EventData.IfLuid": "1689399632855040", "EventData.Family": "1", "EventData.Capability": "1", "EventData.CapabilityChangeReason": "5", "EventData.PreviousCapability": "1"}
{"EventID": "4042", "Channel": "Microsoft-Windows-NCSI/Operational", "Provider_Name": "Microsoft-Windows-NCSI", "Computer": "DESKTOP-OFJ6N53", "TimeCreated": "2024-07-29 17:42:56.930788+00:00", "RecordID": "7101", "Level": "4", "UserID": "S-1-5-20", "EventData.InterfaceGuid": "{bed2c4be-ec11-4cc8-aafc-f0fd7a5e3a02}", "EventData.IfLuid": "1689399632855040", "EventData.Family": "0", "EventData.Capability": "1", "EventData.CapabilityChangeReason": "3", "EventData.PreviousCapability": "2"}
{"EventID": "4042", "Channel": "Microsoft-Windows-NCSI/Operational", "Provider_Name": "Microsoft-Windows-NCSI", "Computer": "DESKTOP-OFJ6N53", "TimeCreated": "2024-07-29 17:43:03.377773+00:00", "RecordID": "7102", "Level": "4", "UserID": "S-1-5-20", "EventData.InterfaceGuid": "{eb0948ce-2c9d-4bb1-b013-d4771779b95b}", "EventData.IfLuid": "1689399767072768", "EventData.Family": "0", "EventData.Capability": "2", "EventData.CapabilityChangeReason": "8", "EventData.PreviousCapability": "0"}
{"EventID": "4042", "Channel": "Microsoft-Windows-NCSI/Operational", "Provider_Name": "Microsoft-Windows-NCSI", "Computer": "DESKTOP-OFJ6N53", "TimeCreated": "2024-07-29 17:43:09.259800+00:00", "RecordID": "7103", "Level": "4", "UserID": "S-1-5-20", "EventData.InterfaceGuid": "{bed2c4be-ec11-4cc8-aafc-f0fd7a5e3a02}", "EventData.IfLuid": "1689399632855040", "EventData.Family": "0", "EventData.Capability": "2", "EventData.CapabilityChangeReason": "13", "EventData.PreviousCapability": "1"}
{"EventID": "4042", "Channel": "Microsoft-Windows-NCSI/Operational", "Provider_Name": "Microsoft-Windows-NCSI", "Computer": "DESKTOP-OFJ6N53", "TimeCreated": "2024-07-29 17:43:15.058319+00:00", "RecordID": "7104", "Level": "4", "UserID": "S-1-5-20", "EventData.InterfaceGuid": "{bed2c4be-ec11-4cc8-aafc-f0fd7a5e3a02}", "EventData.IfLuid": "1689399632855040", "EventData.Family": "0", "EventData.Capability": "2", "EventData.CapabilityChangeReason": "10", "EventData.PreviousCapability": "2"}
{"EventID": "4042", "Channel": "Microsoft-Windows-NCSI/Operational", "Provider_Name": "Microsoft-Windows-NCSI", "Computer": "DESKTOP-OFJ6N53", "TimeCreated": "2024-07-30 05:42:56.853220+00:00", "RecordID": "7105", "Level": "4", "UserID": "S-1-5-20", "EventData.InterfaceGuid": "{eb0948ce-2c9d-4bb1-b013-d4771779b95b}", "EventData.IfLuid": "1689399767072768", "EventData.Family": "0", "EventData.Capability": "0", "EventData.CapabilityChangeReason": "14", "EventData.PreviousCapability": "2"}
{"EventID": "4042", "Channel": "Microsoft-Windows-NCSI/Operational", "Provider_Name": "Microsoft-Windows-NCSI", "Computer": "DESKTOP-OFJ6N53", "TimeCreated": "2024-07-30 05:42:59.013603+00:00", "RecordID": "7106", "Level": "4", "UserID": "S-1-5-20", "EventData.InterfaceGuid": "{bed2c4be-ec11-4cc8-aafc-f0fd7a5e3a02}", "EventData.IfLuid": "1689399632855040", "EventData.Family": "1", "EventData.Capability": "1", "EventData.CapabilityChangeReason": "5", "EventData.PreviousCapability": "1"}
{"EventID": "4042", "Channel": "Microsoft-Windows-NCSI/Operational", "Provider_Name": "Microsoft-Windows-NCSI", "Computer": "DESKTOP-OFJ6N53", "TimeCreated": "2024-07-30 08:02:45.128605+00:00", "RecordID": "7107", "Level": "4", "UserID": "S-1-5-20", "EventData.InterfaceGuid": "{0172e17a-3456-4bc7-bb55-da15689cd0b2}", "EventData.IfLuid": "1689399716741120", "EventData.Family": "0", "EventData.Capability": "0", "EventData.CapabilityChangeReason": "5", "EventData.PreviousCapability": "0"}
{"EventID": "4042", "Channel": "Microsoft-Windows-NCSI/Operational", "Provider_Name": "Microsoft-Windows-NCSI", "Computer": "DESKTOP-OFJ6N53", "TimeCreated": "2024-07-30 08:02:54.224150+00:00", "RecordID": "7108", "Level": "4", "UserID": "S-1-5-20", "EventData.InterfaceGuid": "{0172e17a-3456-4bc7-bb55-da15689cd0b2}", "EventData.IfLuid": "1689399716741120", "EventData.Family": "0", "EventData.Capability": "1", "EventData.CapabilityChangeReason": "13", "EventData.PreviousCapability": "0"}
{"EventID": "4042", "Channel": "Microsoft-Windows-NCSI/Operational", "Provider_Name": "Microsoft-Windows-NCSI", "Computer": "DESKTOP-OFJ6N53", "TimeCreated": "2024-07-30 08:03:00.138784+00:00", "RecordID": "7109", "Level": "4", "UserID": "S-1-5-20", "EventData.InterfaceGuid": "{bed2c4be-ec11-4cc8-aafc-f0fd7a5e3a02}", "EventData.IfLuid": "1689399632855040", "EventData.Family": "0", "EventData.Capability": "1", "EventData.CapabilityChangeReason": "3", "EventData.PreviousCapability": "2"}
{"EventID": "4042", "Channel": "Microsoft-Windows-NCSI/Operational", "Provider_Name": "Microsoft-Windows-NCSI", "Computer": "DESKTOP-OFJ6N53", "TimeCreated": "2024-07-30 08:03:04.341839+00:00", "RecordID": "7110", "Level": "4", "UserID": "S-1-5-20", "EventData.InterfaceGuid": "{0172e17a-3456-4bc7-bb55-da15689cd0b2}", "EventData.IfLuid": "1689399716741120", "EventData.Family": "0", "EventData.Capability": "0", "EventData.CapabilityChangeReason": "14", "EventData.PreviousCapability": "1"}
{"EventID": "4042", "Channel": "Microsoft-Windows-NCSI/Operational", "Provider_Name": "Microsoft-Windows-NCSI", "Computer": "DESKTOP-OFJ6N53", "TimeCreated": "2024-07-30 08:03:08.533573+00:00", "RecordID": "7111", "Level": "4", "UserID": "S-1-5-20", "EventData.InterfaceGuid": "{eb0948ce-2c9d-4bb1-b013-d4771779b95b}", "EventData.IfLuid": "1689399767072768", "EventData.Family": "0", "EventData.Capability": "0", "EventData.CapabilityChangeReason": "10", "EventData.PreviousCapability": "0"}
{"EventID": "4042", "Channel": "Microsoft-Windows-NCSI/Operational", "Provider_Name": "Microsoft-Windows-NCSI", "Computer": "DESKTOP-OFJ6N53", "TimeCreated": "2024-07-30 08:03:08.534887+00:00", "RecordID": "7112", "Level": "4", "UserID": "S-1-5-20", "EventData.InterfaceGuid": "{bed2c4be-ec11-4cc8-aafc-f0fd7a5e3a02}", "EventData.IfLuid": "1689399632855040", "EventData.Family": "0", "EventData.Capability": "1", "EventData.CapabilityChangeReason": "10", "EventData.PreviousCapability": "1"}
{"EventID": "4042", "Channel": "Microsoft-Windows-NCSI/Operational", "Provider_Name": "Microsoft-Windows-NCSI", "Computer": "DESKTOP-OFJ6N53", "TimeCreated": "2024-07-30 08:03:08.536057+00:00", "RecordID": "7113", "Level": "4", "UserID": "S-1-5-20", "EventData.InterfaceGuid": "{eb0948ce-2c9d-4bb1-b013-d4771779b95b}", "EventData.IfLuid": "1689399767072768", "EventData.Family": "1", "EventData.Capability": "0", "EventData.CapabilityChangeReason": "5", "EventData.PreviousCapability": "0"}
{"EventID": "4042", "Channel": "Microsoft-Windows-NCSI/Operational", "Provider_Name": "Microsoft-Windows-NCSI", "Computer": "DESKTOP-OFJ6N53", "TimeCreated": "2024-07-30 08:03:08.536133+00:00", "RecordID": "7114", "Level": "4", "UserID": "S-1-5-20", "EventData.InterfaceGuid": "{bed2c4be-ec11-4cc8-aafc-f0fd7a5e3a02}", "EventData.IfLuid": "1689399632855040", "EventData.Family": "1", "EventData.Capability": "1", "EventData.CapabilityChangeReason": "5", "EventData.PreviousCapability": "1"}
{"EventID": "4042", "Channel": "Microsoft-Windows-NCSI/Operational", "Provider_Name": "Microsoft-Windows-NCSI", "Computer": "DESKTOP-OFJ6N53", "TimeCreated": "2024-07-30 08:03:08.536392+00:00", "RecordID": "7115", "Level": "4", "UserID": "S-1-5-20", "EventData.InterfaceGuid": "{eb0948ce-2c9d-4bb1-b013-d4771779b95b}", "EventData.IfLuid": "1689399767072768", "EventData.Family": "0", "EventData.Capability": "0", "EventData.CapabilityChangeReason": "10", "EventData.PreviousCapability": "0"}
{"EventID": "4042", "Channel": "Microsoft-Windows-NCSI/Operational", "Provider_Name": "Microsoft-Windows-NCSI", "Computer": "DESKTOP-OFJ6N53", "TimeCreated": "2024-07-30 08:03:08.536978+00:00", "RecordID": "7116", "Level": "4", "UserID": "S-1-5-20", "EventData.InterfaceGuid": "{bed2c4be-ec11-4cc8-aafc-f0fd7a5e3a02}", "EventData.IfLuid": "1689399632855040", "EventData.Family": "0", "EventData.Capability": "1", "EventData.CapabilityChangeReason": "10", "EventData.PreviousCapability": "1"}
{"EventID": "4042", "Channel": "Microsoft-Windows-NCSI/Operational", "Provider_Name": "Microsoft-Windows-NCSI", "Computer": "DESKTOP-OFJ6N53", "TimeCreated": "2024-07-30 08:03:13.594110+00:00", "RecordID": "7117", "Level": "4", "UserID": "S-1-5-20", "EventData.InterfaceGuid": "{bed2c4be-ec11-4cc8-aafc-f0fd7a5e3a02}", "EventData.IfLuid": "1689399632855040", "EventData.Family": "0", "EventData.Capability": "2", "EventData.CapabilityChangeReason": "8", "EventData.PreviousCapability": "1"}
{"EventID": "4042", "Channel": "Microsoft-Windows-NCSI/Operational", "Provider_Name": "Microsoft-Windows-NCSI", "Computer": "DESKTOP-OFJ6N53", "TimeCreated": "2024-07-30 08:03:14.614740+00:00", "RecordID": "7118", "Level": "4", "UserID": "S-1-5-20", "EventData.InterfaceGuid": "{bed2c4be-ec11-4cc8-aafc-f0fd7a5e3a02}", "EventData.IfLuid": "1689399632855040", "EventData.Family": "1", "EventData.Capability": "1", "EventData.CapabilityChangeReason": "5", "EventData.PreviousCapability": "1"}
{"EventID": "4042", "Channel": "Microsoft-Windows-NCSI/Operational", "Provider_Name": "Microsoft-Windows-NCSI", "Computer": "DESKTOP-OFJ6N53", "TimeCreated": "2024-07-30 08:03:23.134613+00:00", "RecordID": "7119", "Level": "4", "UserID": "S-1-5-20", "EventData.InterfaceGuid": "{0172e17a-3456-4bc7-bb55-da15689cd0b2}", "EventData.IfLuid": "1689399716741120", "EventData.Family": "0", "EventData.Capability": "0", "EventData.CapabilityChangeReason": "5", "EventData.PreviousCapability": "0"}
{"EventID": "4042", "Channel": "Microsoft-Windows-NCSI/Operational", "Provider_Name": "Microsoft-Windows-NCSI", "Computer": "DESKTOP-OFJ6N53", "TimeCreated": "2024-07-30 08:03:27.322382+00:00", "RecordID": "7120", "Level": "4", "UserID": "S-1-5-20", "EventData.InterfaceGuid": "{bed2c4be-ec11-4cc8-aafc-f0fd7a5e3a02}", "EventData.IfLuid": "1689399632855040", "EventData.Family": "1", "EventData.Capability": "1", "EventData.CapabilityChangeReason": "5", "EventData.PreviousCapability": "1"}
{"EventID": "4042", "Channel": "Microsoft-Windows-NCSI/Operational", "Provider_Name": "Microsoft-Windows-NCSI", "Computer": "DESKTOP-OFJ6N53", "TimeCreated": "2024-07-30 08:03:31.752005+00:00", "RecordID": "7121", "Level": "4", "UserID": "S-1-5-20", "EventData.InterfaceGuid": "{0172e17a-3456-4bc7-bb55-da15689cd0b2}", "EventData.IfLuid": "1689399716741120", "EventData.Family": "0", "EventData.Capability": "0", "EventData.CapabilityChangeReason": "5", "EventData.PreviousCapability": "0"}
{"EventID": "4042", "Channel": "Microsoft-Windows-NCSI/Operational", "Provider_Name": "Microsoft-Windows-NCSI", "Computer": "DESKTOP-OFJ6N53", "TimeCreated": "2024-07-30 08:04:09.220562+00:00", "RecordID": "7122", "Level": "4", "UserID": "S-1-5-20", "EventData.InterfaceGuid": "{0172e17a-3456-4bc7-bb55-da15689cd0b2}", "EventData.IfLuid": "1689399716741120", "EventData.Family": "0", "EventData.Capability": "1", "EventData.CapabilityChangeReason": "13", "EventData.PreviousCapability": "0"}
{"EventID": "4042", "Channel": "Microsoft-Windows-NCSI/Operational", "Provider_Name": "Microsoft-Windows-NCSI", "Computer": "DESKTOP-OFJ6N53", "TimeCreated": "2024-07-30 08:04:10.316013+00:00", "RecordID": "7123", "Level": "4", "UserID": "S-1-5-20", "EventData.InterfaceGuid": "{0172e17a-3456-4bc7-bb55-da15689cd0b2}", "EventData.IfLuid": "1689399716741120", "EventData.Family": "0", "EventData.Capability": "1", "EventData.CapabilityChangeReason": "5", "EventData.PreviousCapability": "1"}
{"EventID": "4042", "Channel": "Microsoft-Windows-NCSI/Operational", "Provider_Name": "Microsoft-Windows-NCSI", "Computer": "DESKTOP-OFJ6N53", "TimeCreated": "2024-08-01 20:34:52.550879+00:00", "RecordID": "7124", "Level": "4", "UserID": "S-1-5-20", "EventData.InterfaceGuid": "{0172e17a-3456-4bc7-bb55-da15689cd0b2}", "EventData.IfLuid": "1689399716741120", "EventData.Family": "0", "EventData.Capability": "0", "EventData.CapabilityChangeReason": "14", "EventData.PreviousCapability": "1"}
{"EventID": "4042", "Channel": "Microsoft-Windows-NCSI/Operational", "Provider_Name": "Microsoft-Windows-NCSI", "Computer": "DESKTOP-OFJ6N53", "TimeCreated": "2024-08-01 20:34:53.061167+00:00", "RecordID": "7125", "Level": "4", "UserID": "S-1-5-20", "EventData.InterfaceGuid": "{bed2c4be-ec11-4cc8-aafc-f0fd7a5e3a02}", "EventData.IfLuid": "1689399632855040", "EventData.Family": "1", "EventData.Capability": "1", "EventData.CapabilityChangeReason": "5", "EventData.PreviousCapability": "1"}
{"EventID": "4042", "Channel": "Microsoft-Windows-NCSI/Operational", "Provider_Name": "Microsoft-Windows-NCSI", "Computer": "DESKTOP-OFJ6N53", "TimeCreated": "2024-08-01 20:35:21.568861+00:00", "RecordID": "7126", "Level": "4", "UserID": "S-1-5-20", "EventData.InterfaceGuid": "{36107176-2631-40d4-9a54-9e8046067dc5}", "EventData.IfLuid": "1689399834181632", "EventData.Family": "0", "EventData.Capability": "1", "EventData.CapabilityChangeReason": "13", "EventData.PreviousCapability": "0"}
{"EventID": "4042", "Channel": "Microsoft-Windows-NCSI/Operational", "Provider_Name": "Microsoft-Windows-NCSI", "Computer": "DESKTOP-OFJ6N53", "TimeCreated": "2024-08-01 20:35:32.850426+00:00", "RecordID": "7127", "Level": "4", "UserID": "S-1-5-20", "EventData.InterfaceGuid": "{36107176-2631-40d4-9a54-9e8046067dc5}", "EventData.IfLuid": "1689399834181632", "EventData.Family": "0", "EventData.Capability": "1", "EventData.CapabilityChangeReason": "6", "EventData.PreviousCapability": "1"}
{"EventID": "4042", "Channel": "Microsoft-Windows-NCSI/Operational", "Provider_Name": "Microsoft-Windows-NCSI", "Computer": "DESKTOP-OFJ6N53", "TimeCreated": "2024-08-01 20:36:27.686647+00:00", "RecordID": "7128", "Level": "4", "UserID": "S-1-5-20", "EventData.InterfaceGuid": "{36107176-2631-40d4-9a54-9e8046067dc5}", "EventData.IfLuid": "1689399834181632", "EventData.Family": "0", "EventData.Capability": "1", "EventData.CapabilityChangeReason": "6", "EventData.PreviousCapability": "1"}
{"EventID": "4042", "Channel": "Microsoft-Windows-NCSI/Operational", "Provider_Name": "Microsoft-Windows-NCSI", "Computer": "DESKTOP-OFJ6N53", "TimeCreated": "2024-08-02 04:34:51.540186+00:00", "RecordID": "7129", "Level": "4", "UserID": "S-1-5-20", "EventData.InterfaceGuid": "{36107176-2631-40d4-9a54-9e8046067dc5}", "EventData.IfLuid": "1689399834181632", "EventData.Family": "0", "EventData.Capability": "0", "EventData.CapabilityChangeReason": "14", "EventData.PreviousCapability": "1"}
{"EventID": "4042", "Channel": "Microsoft-Windows-NCSI/Operational", "Provider_Name": "Microsoft-Windows-NCSI", "Computer": "DESKTOP-OFJ6N53", "TimeCreated": "2024-08-02 04:34:51.910315+00:00", "RecordID": "7130", "Level": "4", "UserID": "S-1-5-20", "EventData.InterfaceGuid": "{bed2c4be-ec11-4cc8-aafc-f0fd7a5e3a02}", "EventData.IfLuid": "1689399632855040", "EventData.Family": "1", "EventData.Capability": "1", "EventData.CapabilityChangeReason": "5", "EventData.PreviousCapability": "1"}
{"EventID": "4042", "Channel": "Microsoft-Windows-NCSI/Operational", "Provider_Name": "Microsoft-Windows-NCSI", "Computer": "DESKTOP-OFJ6N53", "TimeCreated": "2024-08-02 08:18:06.560555+00:00", "RecordID": "7131", "Level": "4", "UserID": "S-1-5-20", "EventData.InterfaceGuid": "{36107176-2631-40d4-9a54-9e8046067dc5}", "EventData.IfLuid": "1689399834181632", "EventData.Family": "0", "EventData.Capability": "1", "EventData.CapabilityChangeReason": "13", "EventData.PreviousCapability": "0"}
{"EventID": "4042", "Channel": "Microsoft-Windows-NCSI/Operational", "Provider_Name": "Microsoft-Windows-NCSI", "Computer": "DESKTOP-OFJ6N53", "TimeCreated": "2024-08-02 08:18:28.794445+00:00", "RecordID": "7132", "Level": "4", "UserID": "S-1-5-20", "EventData.InterfaceGuid": "{36107176-2631-40d4-9a54-9e8046067dc5}", "EventData.IfLuid": "1689399834181632", "EventData.Family": "0", "EventData.Capability": "1", "EventData.CapabilityChangeReason": "6", "EventData.PreviousCapability": "1"}
{"EventID": "4042", "Channel": "Microsoft-Windows-NCSI/Operational", "Provider_Name": "Microsoft-Windows-NCSI", "Computer": "DESKTOP-OFJ6N53", "TimeCreated": "2024-08-02 08:19:27.640112+00:00", "RecordID": "7133", "Level": "4", "UserID": "S-1-5-20", "EventData.InterfaceGuid": "{36107176-2631-40d4-9a54-9e8046067dc5}", "EventData.IfLuid": "1689399834181632", "EventData.Family": "0", "EventData.Capability": "1", "EventData.CapabilityChangeReason": "6", "EventData.PreviousCapability": "1"}
{"EventID": "4042", "Channel": "Microsoft-Windows-NCSI/Operational", "Provider_Name": "Microsoft-Windows-NCSI", "Computer": "DESKTOP-OFJ6N53", "TimeCreated": "2024-08-02 16:17:48.593351+00:00", "RecordID": "7134", "Level": "4", "UserID": "S-1-5-20", "EventData.InterfaceGuid": "{36107176-2631-40d4-9a54-9e8046067dc5}", "EventData.IfLuid": "1689399834181632", "EventData.Family": "0", "EventData.Capability": "0", "EventData.CapabilityChangeReason": "14", "EventData.PreviousCapability": "1"}
{"EventID": "4042", "Channel": "Microsoft-Windows-NCSI/Operational", "Provider_Name": "Microsoft-Windows-NCSI", "Computer": "DESKTOP-OFJ6N53", "TimeCreated": "2024-08-02 16:17:49.601191+00:00", "RecordID": "7135", "Level": "4", "UserID": "S-1-5-20", "EventData.InterfaceGuid": "{bed2c4be-ec11-4cc8-aafc-f0fd7a5e3a02}", "EventData.IfLuid": "1689399632855040", "EventData.Family": "1", "EventData.Capability": "1", "EventData.CapabilityChangeReason": "5", "EventData.PreviousCapability": "1"}
{"EventID": "4042", "Channel": "Microsoft-Windows-NCSI/Operational", "Provider_Name": "Microsoft-Windows-NCSI", "Computer": "DESKTOP-OFJ6N53", "TimeCreated": "2024-08-06 11:55:38.054661+00:00", "RecordID": "7136", "Level": "4", "UserID": "S-1-5-20", "EventData.InterfaceGuid": "{0172e17a-3456-4bc7-bb55-da15689cd0b2}", "EventData.IfLuid": "1689399716741120", "EventData.Family": "0", "EventData.Capability": "1", "EventData.CapabilityChangeReason": "13", "EventData.PreviousCapability": "0"}
{"EventID": "4042", "Channel": "Microsoft-Windows-NCSI/Operational", "Provider_Name": "Microsoft-Windows-NCSI", "Computer": "DESKTOP-OFJ6N53", "TimeCreated": "2024-08-06 11:55:44.817839+00:00", "RecordID": "7137", "Level": "4", "UserID": "S-1-5-20", "EventData.InterfaceGuid": "{0172e17a-3456-4bc7-bb55-da15689cd0b2}", "EventData.IfLuid": "1689399716741120", "EventData.Family": "0", "EventData.Capability": "1", "EventData.CapabilityChangeReason": "5", "EventData.PreviousCapability": "1"}
{"EventID": "4042", "Channel": "Microsoft-Windows-NCSI/Operational", "Provider_Name": "Microsoft-Windows-NCSI", "Computer": "DESKTOP-OFJ6N53", "TimeCreated": "2024-08-06 11:56:23.987116+00:00", "RecordID": "7138", "Level": "4", "UserID": "S-1-5-20", "EventData.InterfaceGuid": "{0172e17a-3456-4bc7-bb55-da15689cd0b2}", "EventData.IfLuid": "1689399716741120", "EventData.Family": "0", "EventData.Capability": "1", "EventData.CapabilityChangeReason": "5", "EventData.PreviousCapability": "1"}
{"EventID": "4042", "Channel": "Microsoft-Windows-NCSI/Operational", "Provider_Name": "Microsoft-Windows-NCSI", "Computer": "DESKTOP-OFJ6N53", "TimeCreated": "2024-08-14 00:10:14.850389+00:00", "RecordID": "7139", "Level": "4", "UserID": "S-1-5-20", "EventData.InterfaceGuid": "{bed2c4be-ec11-4cc8-aafc-f0fd7a5e3a02}", "EventData.IfLuid": "1689399632855040", "EventData.Family": "0", "EventData.Capability": "2", "EventData.CapabilityChangeReason": "8", "EventData.PreviousCapability": "0"}
{"EventID": "4042", "Channel": "Microsoft-Windows-NCSI/Operational", "Provider_Name": "Microsoft-Windows-NCSI", "Computer": "DESKTOP-OFJ6N53", "TimeCreated": "2024-08-14 00:10:15.464336+00:00", "RecordID": "7140", "Level": "4", "UserID": "S-1-5-20", "EventData.InterfaceGuid": "{0172e17a-3456-4bc7-bb55-da15689cd0b2}", "EventData.IfLuid": "1689399716741120", "EventData.Family": "0", "EventData.Capability": "1", "EventData.CapabilityChangeReason": "13", "EventData.PreviousCapability": "0"}
{"EventID": "4042", "Channel": "Microsoft-Windows-NCSI/Operational", "Provider_Name": "Microsoft-Windows-NCSI", "Computer": "DESKTOP-OFJ6N53", "TimeCreated": "2024-08-14 00:10:35.815516+00:00", "RecordID": "7141", "Level": "4", "UserID": "S-1-5-20", "EventData.InterfaceGuid": "{0172e17a-3456-4bc7-bb55-da15689cd0b2}", "EventData.IfLuid": "1689399716741120", "EventData.Family": "0", "EventData.Capability": "0", "EventData.CapabilityChangeReason": "14", "EventData.PreviousCapability": "1"}
{"EventID": "4042", "Channel": "Microsoft-Windows-NCSI/Operational", "Provider_Name": "Microsoft-Windows-NCSI", "Computer": "DESKTOP-OFJ6N53", "TimeCreated": "2024-08-14 00:10:36.856514+00:00", "RecordID": "7142", "Level": "4", "UserID": "S-1-5-20", "EventData.InterfaceGuid": "{bed2c4be-ec11-4cc8-aafc-f0fd7a5e3a02}", "EventData.IfLuid": "1689399632855040", "EventData.Family": "1", "EventData.Capability": "0", "EventData.CapabilityChangeReason": "5", "EventData.PreviousCapability": "0"}
{"EventID": "4042", "Channel": "Microsoft-Windows-NCSI/Operational", "Provider_Name": "Microsoft-Windows-NCSI", "Computer": "DESKTOP-OFJ6N53", "TimeCreated": "2024-08-28 09:32:40.298159+00:00", "RecordID": "7143", "Level": "4", "UserID": "S-1-5-20", "EventData.InterfaceGuid": "{bed2c4be-ec11-4cc8-aafc-f0fd7a5e3a02}", "EventData.IfLuid": "1689399632855040", "EventData.Family": "0", "EventData.Capability": "1", "EventData.CapabilityChangeReason": "3", "EventData.PreviousCapability": "2"}
{"EventID": "4042", "Channel": "Microsoft-Windows-NCSI/Operational", "Provider_Name": "Microsoft-Windows-NCSI", "Computer": "DESKTOP-OFJ6N53", "TimeCreated": "2024-08-28 09:32:54.037584+00:00", "RecordID": "7144", "Level": "4", "UserID": "S-1-5-20", "EventData.InterfaceGuid": "{bed2c4be-ec11-4cc8-aafc-f0fd7a5e3a02}", "EventData.IfLuid": "1689399632855040", "EventData.Family": "1", "EventData.Capability": "1", "EventData.CapabilityChangeReason": "13", "EventData.PreviousCapability": "0"}
{"EventID": "4042", "Channel": "Microsoft-Windows-NCSI/Operational", "Provider_Name": "Microsoft-Windows-NCSI", "Computer": "DESKTOP-OFJ6N53", "TimeCreated": "2024-08-28 09:32:54.052200+00:00", "RecordID": "7145", "Level": "4", "UserID": "S-1-5-20", "EventData.InterfaceGuid": "{4ce1134c-e059-4f27-a6df-bafcb007188c}", "EventData.IfLuid": "1689399699963904", "EventData.Family": "0", "EventData.Capability": "1", "EventData.CapabilityChangeReason": "13", "EventData.PreviousCapability": "0"}
{"EventID": "4042", "Channel": "Microsoft-Windows-NCSI/Operational", "Provider_Name": "Microsoft-Windows-NCSI", "Computer": "DESKTOP-OFJ6N53", "TimeCreated": "2024-08-28 09:33:27.445351+00:00", "RecordID": "7146", "Level": "4", "UserID": "S-1-5-20", "EventData.InterfaceGuid": "{4ce1134c-e059-4f27-a6df-bafcb007188c}", "EventData.IfLuid": "1689399699963904", "EventData.Family": "0", "EventData.Capability": "1", "EventData.CapabilityChangeReason": "6", "EventData.PreviousCapability": "1"}
{"EventID": "4042", "Channel": "Microsoft-Windows-NCSI/Operational", "Provider_Name": "Microsoft-Windows-NCSI", "Computer": "DESKTOP-OFJ6N53", "TimeCreated": "2024-08-28 09:34:51.602669+00:00", "RecordID": "7147", "Level": "4", "UserID": "S-1-5-20", "EventData.InterfaceGuid": "{4ce1134c-e059-4f27-a6df-bafcb007188c}", "EventData.IfLuid": "1689399699963904", "EventData.Family": "0", "EventData.Capability": "1", "EventData.CapabilityChangeReason": "6", "EventData.PreviousCapability": "1"}
{"EventID": "4042", "Channel": "Microsoft-Windows-NCSI/Operational", "Provider_Name": "Microsoft-Windows-NCSI", "Computer": "DESKTOP-OFJ6N53", "TimeCreated": "2024-08-28 10:19:09.244410+00:00", "RecordID": "7148", "Level": "4", "UserID": "S-1-5-20", "EventData.InterfaceGuid": "{4ce1134c-e059-4f27-a6df-bafcb007188c}", "EventData.IfLuid": "1689399699963904", "EventData.Family": "0", "EventData.Capability": "0", "EventData.CapabilityChangeReason": "1", "EventData.PreviousCapability": "1"}
{"EventID": "4042", "Channel": "Microsoft-Windows-NCSI/Operational", "Provider_Name": "Microsoft-Windows-NCSI", "Computer": "DESKTOP-OFJ6N53", "TimeCreated": "2024-08-28 10:19:10.404200+00:00", "RecordID": "7149", "Level": "4", "UserID": "S-1-5-20", "EventData.InterfaceGuid": "{bed2c4be-ec11-4cc8-aafc-f0fd7a5e3a02}", "EventData.IfLuid": "1689399632855040", "EventData.Family": "0", "EventData.Capability": "2", "EventData.CapabilityChangeReason": "4", "EventData.PreviousCapability": "1"}
{"EventID": "4042", "Channel": "Microsoft-Windows-NCSI/Operational", "Provider_Name": "Microsoft-Windows-NCSI", "Computer": "DESKTOP-OFJ6N53", "TimeCreated": "2024-08-28 10:19:12.637779+00:00", "RecordID": "7150", "Level": "4", "UserID": "S-1-5-20", "EventData.InterfaceGuid": "{bed2c4be-ec11-4cc8-aafc-f0fd7a5e3a02}", "EventData.IfLuid": "1689399632855040", "EventData.Family": "1", "EventData.Capability": "1", "EventData.CapabilityChangeReason": "5", "EventData.PreviousCapability": "1"}
{"EventID": "4042", "Channel": "Microsoft-Windows-NCSI/Operational", "Provider_Name": "Microsoft-Windows-NCSI", "Computer": "DESKTOP-OFJ6N53", "TimeCreated": "2024-08-28 10:20:26.345970+00:00", "RecordID": "7151", "Level": "4", "UserID": "S-1-5-20", "EventData.InterfaceGuid": "{bed2c4be-ec11-4cc8-aafc-f0fd7a5e3a02}", "EventData.IfLuid": "1689399632855040", "EventData.Family": "0", "EventData.Capability": "1", "EventData.CapabilityChangeReason": "3", "EventData.PreviousCapability": "2"}
{"EventID": "4042", "Channel": "Microsoft-Windows-NCSI/Operational", "Provider_Name": "Microsoft-Windows-NCSI", "Computer": "DESKTOP-OFJ6N53", "TimeCreated": "2024-08-28 10:20:40.291063+00:00", "RecordID": "7152", "Level": "4", "UserID": "S-1-5-20", "EventData.InterfaceGuid": "{4ce1134c-e059-4f27-a6df-bafcb007188c}", "EventData.IfLuid": "1689399699963904", "EventData.Family": "0", "EventData.Capability": "1", "EventData.CapabilityChangeReason": "13", "EventData.PreviousCapability": "0"}
{"EventID": "4042", "Channel": "Microsoft-Windows-NCSI/Operational", "Provider_Name": "Microsoft-Windows-NCSI", "Computer": "DESKTOP-OFJ6N53", "TimeCreated": "2024-08-28 10:21:08.769209+00:00", "RecordID": "7153", "Level": "4", "UserID": "S-1-5-20", "EventData.InterfaceGuid": "{4ce1134c-e059-4f27-a6df-bafcb007188c}", "EventData.IfLuid": "1689399699963904", "EventData.Family": "0", "EventData.Capability": "1", "EventData.CapabilityChangeReason": "6", "EventData.PreviousCapability": "1"}
{"EventID": "4042", "Channel": "Microsoft-Windows-NCSI/Operational", "Provider_Name": "Microsoft-Windows-NCSI", "Computer": "DESKTOP-OFJ6N53", "TimeCreated": "2024-08-28 10:22:22.443832+00:00", "RecordID": "7154", "Level": "4", "UserID": "S-1-5-20", "EventData.InterfaceGuid": "{4ce1134c-e059-4f27-a6df-bafcb007188c}", "EventData.IfLuid": "1689399699963904", "EventData.Family": "0", "EventData.Capability": "1", "EventData.CapabilityChangeReason": "6", "EventData.PreviousCapability": "1"}
{"EventID": "4042", "Channel": "Microsoft-Windows-NCSI/Operational", "Provider_Name": "Microsoft-Windows-NCSI", "Computer": "DESKTOP-OFJ6N53", "TimeCreated": "2024-08-28 16:20:47.083435+00:00", "RecordID": "7155", "Level": "4", "UserID": "S-1-5-20", "EventData.InterfaceGuid": "{4ce1134c-e059-4f27-a6df-bafcb007188c}", "EventData.IfLuid": "1689399699963904", "EventData.Family": "0", "EventData.Capability": "0", "EventData.CapabilityChangeReason": "1", "EventData.PreviousCapability": "1"}
{"EventID": "4042", "Channel": "Microsoft-Windows-NCSI/Operational", "Provider_Name": "Microsoft-Windows-NCSI", "Computer": "DESKTOP-OFJ6N53", "TimeCreated": "2024-08-28 16:20:48.269945+00:00", "RecordID": "7156", "Level": "4", "UserID": "S-1-5-20", "EventData.InterfaceGuid": "{bed2c4be-ec11-4cc8-aafc-f0fd7a5e3a02}", "EventData.IfLuid": "1689399632855040", "EventData.Family": "0", "EventData.Capability": "2", "EventData.CapabilityChangeReason": "8", "EventData.PreviousCapability": "1"}
{"EventID": "4042", "Channel": "Microsoft-Windows-NCSI/Operational", "Provider_Name": "Microsoft-Windows-NCSI", "Computer": "DESKTOP-OFJ6N53", "TimeCreated": "2024-08-28 16:20:49.291389+00:00", "RecordID": "7157", "Level": "4", "UserID": "S-1-5-20", "EventData.InterfaceGuid": "{bed2c4be-ec11-4cc8-aafc-f0fd7a5e3a02}", "EventData.IfLuid": "1689399632855040", "EventData.Family": "1", "EventData.Capability": "1", "EventData.CapabilityChangeReason": "5", "EventData.PreviousCapability": "1"}
{"EventID": "4042", "Channel": "Microsoft-Windows-NCSI/Operational", "Provider_Name": "Microsoft-Windows-NCSI", "Computer": "DESKTOP-OFJ6N53", "TimeCreated": "2024-08-30 11:03:25.328190+00:00", "RecordID": "7158", "Level": "4", "UserID": "S-1-5-20", "EventData.InterfaceGuid": "{36107176-2631-40d4-9a54-9e8046067dc5}", "EventData.IfLuid": "1689399834181632", "EventData.Family": "0", "EventData.Capability": "1", "EventData.CapabilityChangeReason": "13", "EventData.PreviousCapability": "0"}
{"EventID": "4042", "Channel": "Microsoft-Windows-NCSI/Operational", "Provider_Name": "Microsoft-Windows-NCSI", "Computer": "DESKTOP-OFJ6N53", "TimeCreated": "2024-08-30 19:02:50.161623+00:00", "RecordID": "7159", "Level": "4", "UserID": "S-1-5-20", "EventData.InterfaceGuid": "{36107176-2631-40d4-9a54-9e8046067dc5}", "EventData.IfLuid": "1689399834181632", "EventData.Family": "0", "EventData.Capability": "0", "EventData.CapabilityChangeReason": "14", "EventData.PreviousCapability": "1"}
{"EventID": "4042", "Channel": "Microsoft-Windows-NCSI/Operational", "Provider_Name": "Microsoft-Windows-NCSI", "Computer": "DESKTOP-OFJ6N53", "TimeCreated": "2024-08-30 19:02:52.011450+00:00", "RecordID": "7160", "Level": "4", "UserID": "S-1-5-20", "EventData.InterfaceGuid": "{bed2c4be-ec11-4cc8-aafc-f0fd7a5e3a02}", "EventData.IfLuid": "1689399632855040", "EventData.Family": "1", "EventData.Capability": "1", "EventData.CapabilityChangeReason": "5", "EventData.PreviousCapability": "1"}
{"EventID": "4042", "Channel": "Microsoft-Windows-NCSI/Operational", "Provider_Name": "Microsoft-Windows-NCSI", "Computer": "DESKTOP-OFJ6N53", "TimeCreated": "2024-09-04 10:29:01.564167+00:00", "RecordID": "7161", "Level": "4", "UserID": "S-1-5-20", "EventData.InterfaceGuid": "{36107176-2631-40d4-9a54-9e8046067dc5}", "EventData.IfLuid": "1689399834181632", "EventData.Family": "0", "EventData.Capability": "1", "EventData.CapabilityChangeReason": "13", "EventData.PreviousCapability": "0"}
{"EventID": "4042", "Channel": "Microsoft-Windows-NCSI/Operational", "Provider_Name": "Microsoft-Windows-NCSI", "Computer": "DESKTOP-OFJ6N53", "TimeCreated": "2024-09-04 10:55:36.967661+00:00", "RecordID": "7162", "Level": "4", "UserID": "S-1-5-20", "EventData.InterfaceGuid": "{36107176-2631-40d4-9a54-9e8046067dc5}", "EventData.IfLuid": "1689399834181632", "EventData.Family": "0", "EventData.Capability": "0", "EventData.CapabilityChangeReason": "14", "EventData.PreviousCapability": "1"}
{"EventID": "4042", "Channel": "Microsoft-Windows-NCSI/Operational", "Provider_Name": "Microsoft-Windows-NCSI", "Computer": "DESKTOP-OFJ6N53", "TimeCreated": "2024-09-04 10:55:37.841490+00:00", "RecordID": "7163", "Level": "4", "UserID": "S-1-5-20", "EventData.InterfaceGuid": "{bed2c4be-ec11-4cc8-aafc-f0fd7a5e3a02}", "EventData.IfLuid": "1689399632855040", "EventData.Family": "1", "EventData.Capability": "1", "EventData.CapabilityChangeReason": "5", "EventData.PreviousCapability": "1"}
{"EventID": "4042", "Channel": "Microsoft-Windows-NCSI/Operational", "Provider_Name": "Microsoft-Windows-NCSI", "Computer": "DESKTOP-OFJ6N53", "TimeCreated": "2024-09-06 13:35:53.300907+00:00", "RecordID": "7164", "Level": "4", "UserID": "S-1-5-20", "EventData.InterfaceGuid": "{36107176-2631-40d4-9a54-9e8046067dc5}", "EventData.IfLuid": "1689399834181632", "EventData.Family": "0", "EventData.Capability": "1", "EventData.CapabilityChangeReason": "13", "EventData.PreviousCapability": "0"}
{"EventID": "4042", "Channel": "Microsoft-Windows-NCSI/Operational", "Provider_Name": "Microsoft-Windows-NCSI", "Computer": "DESKTOP-OFJ6N53", "TimeCreated": "2024-09-06 13:39:28.814230+00:00", "RecordID": "7165", "Level": "4", "UserID": "S-1-5-20", "EventData.InterfaceGuid": "{36107176-2631-40d4-9a54-9e8046067dc5}", "EventData.IfLuid": "1689399834181632", "EventData.Family": "0", "EventData.Capability": "0", "EventData.CapabilityChangeReason": "14", "EventData.PreviousCapability": "1"}
{"EventID": "4042", "Channel": "Microsoft-Windows-NCSI/Operational", "Provider_Name": "Microsoft-Windows-NCSI", "Computer": "DESKTOP-OFJ6N53", "TimeCreated": "2024-09-06 13:39:29.686085+00:00", "RecordID": "7166", "Level": "4", "UserID": "S-1-5-20", "EventData.InterfaceGuid": "{bed2c4be-ec11-4cc8-aafc-f0fd7a5e3a02}", "EventData.IfLuid": "1689399632855040", "EventData.Family": "1", "EventData.Capability": "1", "EventData.CapabilityChangeReason": "5", "EventData.PreviousCapability": "1"}
{"EventID": "4042", "Channel": "Microsoft-Windows-NCSI/Operational", "Provider_Name": "Microsoft-Windows-NCSI", "Computer": "DESKTOP-OFJ6N53", "TimeCreated": "2024-09-06 13:40:15.745094+00:00", "RecordID": "7167", "Level": "4", "UserID": "S-1-5-20", "EventData.InterfaceGuid": "{bed2c4be-ec11-4cc8-aafc-f0fd7a5e3a02}", "EventData.IfLuid": "1689399632855040", "EventData.Family": "0", "EventData.Capability": "2", "EventData.CapabilityChangeReason": "8", "EventData.PreviousCapability": "0"}
{"EventID": "4042", "Channel": "Microsoft-Windows-NCSI/Operational", "Provider_Name": "Microsoft-Windows-NCSI", "Computer": "DESKTOP-OFJ6N53", "TimeCreated": "2024-09-06 13:42:46.431396+00:00", "RecordID": "7168", "Level": "4", "UserID": "S-1-5-20", "EventData.InterfaceGuid": "{36107176-2631-40d4-9a54-9e8046067dc5}", "EventData.IfLuid": "1689399834181632", "EventData.Family": "0", "EventData.Capability": "1", "EventData.CapabilityChangeReason": "13", "EventData.PreviousCapability": "0"}
{"EventID": "4042", "Channel": "Microsoft-Windows-NCSI/Operational", "Provider_Name": "Microsoft-Windows-NCSI", "Computer": "DESKTOP-OFJ6N53", "TimeCreated": "2024-09-06 15:35:11.698925+00:00", "RecordID": "7169", "Level": "4", "UserID": "S-1-5-20", "EventData.InterfaceGuid": "{36107176-2631-40d4-9a54-9e8046067dc5}", "EventData.IfLuid": "1689399834181632", "EventData.Family": "0", "EventData.Capability": "0", "EventData.CapabilityChangeReason": "14", "EventData.PreviousCapability": "1"}
{"EventID": "4042", "Channel": "Microsoft-Windows-NCSI/Operational", "Provider_Name": "Microsoft-Windows-NCSI", "Computer": "DESKTOP-OFJ6N53", "TimeCreated": "2024-09-06 15:35:12.573755+00:00", "RecordID": "7170", "Level": "4", "UserID": "S-1-5-20", "EventData.InterfaceGuid": "{bed2c4be-ec11-4cc8-aafc-f0fd7a5e3a02}", "EventData.IfLuid": "1689399632855040", "EventData.Family": "1", "EventData.Capability": "0", "EventData.CapabilityChangeReason": "5", "EventData.PreviousCapability": "0"}
{"EventID": "4042", "Channel": "Microsoft-Windows-NCSI/Operational", "Provider_Name": "Microsoft-Windows-NCSI", "Computer": "DESKTOP-OFJ6N53", "TimeCreated": "2024-09-06 15:37:13.180920+00:00", "RecordID": "7171", "Level": "4", "UserID": "S-1-5-20", "EventData.InterfaceGuid": "{4ce1134c-e059-4f27-a6df-bafcb007188c}", "EventData.IfLuid": "1689399699963904", "EventData.Family": "0", "EventData.Capability": "1", "EventData.CapabilityChangeReason": "13", "EventData.PreviousCapability": "0"}
{"EventID": "4042", "Channel": "Microsoft-Windows-NCSI/Operational", "Provider_Name": "Microsoft-Windows-NCSI", "Computer": "DESKTOP-OFJ6N53", "TimeCreated": "2024-09-10 16:34:21.772282+00:00", "RecordID": "7172", "Level": "4", "UserID": "S-1-5-20", "EventData.InterfaceGuid": "{4ce1134c-e059-4f27-a6df-bafcb007188c}", "EventData.IfLuid": "1689399699963904", "EventData.Family": "0", "EventData.Capability": "0", "EventData.CapabilityChangeReason": "14", "EventData.PreviousCapability": "1"}
{"EventID": "4042", "Channel": "Microsoft-Windows-NCSI/Operational", "Provider_Name": "Microsoft-Windows-NCSI", "Computer": "DESKTOP-OFJ6N53", "TimeCreated": "2024-09-10 16:34:22.614834+00:00", "RecordID": "7173", "Level": "4", "UserID": "S-1-5-20", "EventData.InterfaceGuid": "{bed2c4be-ec11-4cc8-aafc-f0fd7a5e3a02}", "EventData.IfLuid": "1689399632855040", "EventData.Family": "1", "EventData.Capability": "0", "EventData.CapabilityChangeReason": "5", "EventData.PreviousCapability": "0"}
{"EventID": "4042", "Channel": "Microsoft-Windows-NCSI/Operational", "Provider_Name": "Microsoft-Windows-NCSI", "Computer": "DESKTOP-OFJ6N53", "TimeCreated": "2024-09-10 16:34:36.174677+00:00", "RecordID": "7174", "Level": "4", "UserID": "S-1-5-20", "EventData.InterfaceGuid": "{0172e17a-3456-4bc7-bb55-da15689cd0b2}", "EventData.IfLuid": "1689399716741120", "EventData.Family": "0", "EventData.Capability": "0", "EventData.CapabilityChangeReason": "5", "EventData.PreviousCapability": "0"}
{"EventID": "4042", "Channel": "Microsoft-Windows-NCSI/Operational", "Provider_Name": "Microsoft-Windows-NCSI", "Computer": "DESKTOP-OFJ6N53", "TimeCreated": "2024-09-10 16:35:19.956200+00:00", "RecordID": "7175", "Level": "4", "UserID": "S-1-5-20", "EventData.InterfaceGuid": "{0172e17a-3456-4bc7-bb55-da15689cd0b2}", "EventData.IfLuid": "1689399716741120", "EventData.Family": "0", "EventData.Capability": "1", "EventData.CapabilityChangeReason": "13", "EventData.PreviousCapability": "0"}
{"EventID": "4042", "Channel": "Microsoft-Windows-NCSI/Operational", "Provider_Name": "Microsoft-Windows-NCSI", "Computer": "DESKTOP-OFJ6N53", "TimeCreated": "2024-09-10 16:35:20.785686+00:00", "RecordID": "7176", "Level": "4", "UserID": "S-1-5-20", "EventData.InterfaceGuid": "{0172e17a-3456-4bc7-bb55-da15689cd0b2}", "EventData.IfLuid": "1689399716741120", "EventData.Family": "0", "EventData.Capability": "1", "EventData.CapabilityChangeReason": "5", "EventData.PreviousCapability": "1"}
{"EventID": "4042", "Channel": "Microsoft-Windows-NCSI/Operational", "Provider_Name": "Microsoft-Windows-NCSI", "Computer": "DESKTOP-OFJ6N53", "TimeCreated": "2024-09-11 09:22:16.570795+00:00", "RecordID": "7177", "Level": "4", "UserID": "S-1-5-20", "EventData.InterfaceGuid": "{0172e17a-3456-4bc7-bb55-da15689cd0b2}", "EventData.IfLuid": "1689399716741120", "EventData.Family": "0", "EventData.Capability": "0", "EventData.CapabilityChangeReason": "14", "EventData.PreviousCapability": "1"}
{"EventID": "4042", "Channel": "Microsoft-Windows-NCSI/Operational", "Provider_Name": "Microsoft-Windows-NCSI", "Computer": "DESKTOP-OFJ6N53", "TimeCreated": "2024-09-11 09:22:17.427080+00:00", "RecordID": "7178", "Level": "4", "UserID": "S-1-5-20", "EventData.InterfaceGuid": "{bed2c4be-ec11-4cc8-aafc-f0fd7a5e3a02}", "EventData.IfLuid": "1689399632855040", "EventData.Family": "1", "EventData.Capability": "0", "EventData.CapabilityChangeReason": "5", "EventData.PreviousCapability": "0"}
{"EventID": "4042", "Channel": "Microsoft-Windows-NCSI/Operational", "Provider_Name": "Microsoft-Windows-NCSI", "Computer": "DESKTOP-OFJ6N53", "TimeCreated": "2024-09-11 09:22:34.969706+00:00", "RecordID": "7179", "Level": "4", "UserID": "S-1-5-20", "EventData.InterfaceGuid": "{36107176-2631-40d4-9a54-9e8046067dc5}", "EventData.IfLuid": "1689399834181632", "EventData.Family": "0", "EventData.Capability": "1", "EventData.CapabilityChangeReason": "13", "EventData.PreviousCapability": "0"}
{"EventID": "4042", "Channel": "Microsoft-Windows-NCSI/Operational", "Provider_Name": "Microsoft-Windows-NCSI", "Computer": "DESKTOP-OFJ6N53", "TimeCreated": "2024-09-11 14:49:05.570900+00:00", "RecordID": "7180", "Level": "4", "UserID": "S-1-5-20", "EventData.InterfaceGuid": "{36107176-2631-40d4-9a54-9e8046067dc5}", "EventData.IfLuid": "1689399834181632", "EventData.Family": "0", "EventData.Capability": "0", "EventData.CapabilityChangeReason": "14", "EventData.PreviousCapability": "1"}
{"EventID": "4042", "Channel": "Microsoft-Windows-NCSI/Operational", "Provider_Name": "Microsoft-Windows-NCSI", "Computer": "DESKTOP-OFJ6N53", "TimeCreated": "2024-09-11 14:49:06.444437+00:00", "RecordID": "7181", "Level": "4", "UserID": "S-1-5-20", "EventData.InterfaceGuid": "{bed2c4be-ec11-4cc8-aafc-f0fd7a5e3a02}", "EventData.IfLuid": "1689399632855040", "EventData.Family": "1", "EventData.Capability": "0", "EventData.CapabilityChangeReason": "5", "EventData.PreviousCapability": "0"}
{"EventID": "4042", "Channel": "Microsoft-Windows-NCSI/Operational", "Provider_Name": "Microsoft-Windows-NCSI", "Computer": "DESKTOP-OFJ6N53", "TimeCreated": "2024-09-11 14:51:04.746241+00:00", "RecordID": "7182", "Level": "4", "UserID": "S-1-5-20", "EventData.InterfaceGuid": "{bed2c4be-ec11-4cc8-aafc-f0fd7a5e3a02}", "EventData.IfLuid": "1689399632855040", "EventData.Family": "0", "EventData.Capability": "2", "EventData.CapabilityChangeReason": "8", "EventData.PreviousCapability": "0"}
{"EventID": "4042", "Channel": "Microsoft-Windows-NCSI/Operational", "Provider_Name": "Microsoft-Windows-NCSI", "Computer": "DESKTOP-OFJ6N53", "TimeCreated": "2024-09-12 20:16:03.823528+00:00", "RecordID": "7183", "Level": "4", "UserID": "S-1-5-20", "EventData.InterfaceGuid": "{bed2c4be-ec11-4cc8-aafc-f0fd7a5e3a02}", "EventData.IfLuid": "1689399632855040", "EventData.Family": "0", "EventData.Capability": "2", "EventData.CapabilityChangeReason": "5", "EventData.PreviousCapability": "2"}
{"EventID": "4042", "Channel": "Microsoft-Windows-NCSI/Operational", "Provider_Name": "Microsoft-Windows-NCSI", "Computer": "DESKTOP-OFJ6N53", "TimeCreated": "2024-09-12 20:16:20.772661+00:00", "RecordID": "7184", "Level": "4", "UserID": "S-1-5-20", "EventData.InterfaceGuid": "{bed2c4be-ec11-4cc8-aafc-f0fd7a5e3a02}", "EventData.IfLuid": "1689399632855040", "EventData.Family": "0", "EventData.Capability": "2", "EventData.CapabilityChangeReason": "5", "EventData.PreviousCapability": "2"}
{"EventID": "4042", "Channel": "Microsoft-Windows-NCSI/Operational", "Provider_Name": "Microsoft-Windows-NCSI", "Computer": "DESKTOP-OFJ6N53", "TimeCreated": "2024-09-12 20:19:14.457066+00:00", "RecordID": "7185", "Level": "4", "UserID": "S-1-5-20", "EventData.InterfaceGuid": "{bed2c4be-ec11-4cc8-aafc-f0fd7a5e3a02}", "EventData.IfLuid": "1689399632855040", "EventData.Family": "0", "EventData.Capability": "2", "EventData.CapabilityChangeReason": "6", "EventData.PreviousCapability": "2"}
{"EventID": "4042", "Channel": "Microsoft-Windows-NCSI/Operational", "Provider_Name": "Microsoft-Windows-NCSI", "Computer": "DESKTOP-OFJ6N53", "TimeCreated": "2024-09-16 12:53:22.457542+00:00", "RecordID": "7186", "Level": "4", "UserID": "S-1-5-20", "EventData.InterfaceGuid": "{36107176-2631-40d4-9a54-9e8046067dc5}", "EventData.IfLuid": "1689399834181632", "EventData.Family": "0", "EventData.Capability": "1", "EventData.CapabilityChangeReason": "13", "EventData.PreviousCapability": "0"}
{"EventID": "4042", "Channel": "Microsoft-Windows-NCSI/Operational", "Provider_Name": "Microsoft-Windows-NCSI", "Computer": "DESKTOP-OFJ6N53", "TimeCreated": "2024-09-16 20:52:50.465939+00:00", "RecordID": "7187", "Level": "4", "UserID": "S-1-5-20", "EventData.InterfaceGuid": "{36107176-2631-40d4-9a54-9e8046067dc5}", "EventData.IfLuid": "1689399834181632", "EventData.Family": "0", "EventData.Capability": "0", "EventData.CapabilityChangeReason": "14", "EventData.PreviousCapability": "1"}
