{"EventID": "478", "Channel": "Microsoft-Windows-AppXDeploymentServer/Operational", "Provider_Name": "Microsoft-Windows-AppXDeployment-Server", "Computer": "DESKTOP-OFJ6N53", "TimeCreated": "2025-07-24 21:46:43.237959+00:00", "RecordID": "114471", "Level": "5", "UserID": "S-1-5-18", "EventData.DeploymentOperation": "4", "EventData.PackageFullName": "Microsoft.MicrosoftSolitaireCollection_4.23.7100.0_x64__8wekyb3d8bbwe", "EventData.Path": "(93c3c9affee8d9a0f95a950acc82bf8036dea2d7)", "EventData.MountPoint": "C:", "EventData.TargetPlatform": "0x00000003", "EventData.SystemVolume": "True", "EventData.StorageId": "\\\\?\\Volume{c33a8663-71a2-4031-8cec-c21914fe12ad}", "EventData.IsCentennial": "False", "EventData.PackageType": "0x00000001", "EventData.IsPackageEncrypted": "False", "EventData.DeploymentOptions": "0x0100008004000000", "EventData.IsStreamingPackage": "False", "EventData.IsInRelatedSet": "False", "EventData.IsPackageUsingBDC": "False", "EventData.MainPackageFamilyName": "NULL", "EventData.CallingProcess": "svchost.exe,wuauserv", "EventData.IsOptional": "False", "EventData.PackageFlags": "0x00000008", "EventData.PackageFlags2": "0x00000800", "EventData.HasWin32alacarte": "False", "EventData.HasFullTrust": "False", "EventData.ExternalLocation": null, "EventData.PackageSourceUri": "x-windowsupdate://D7C8B86A-2EB3-498C-B402-9A6CD3028663/1A36FD17-5161-4651-AE2D-13384E427EA8/93c3c9affee8d9a0f95a950acc82bf8036dea2d7"}
{"EventID": "649", "Channel": "Microsoft-Windows-AppXDeploymentServer/Operational", "Provider_Name": "Microsoft-Windows-AppXDeployment-Server", "Computer": "DESKTOP-OFJ6N53", "TimeCreated": "2025-07-24 21:46:43.537775+00:00", "RecordID": "114472", "Level": "4", "UserID": "S-1-5-18", "EventData.DeploymentOperation": "4", "EventData.PackageFullName": "Microsoft.MicrosoftSolitaireCollection_4.23.7100.0_neutral_~_8wekyb3d8bbwe", "EventData.Summary": "PostDeploymentOperationCheck cost: 0 ms"}
{"EventID": "400", "Channel": "Microsoft-Windows-AppXDeploymentServer/Operational", "Provider_Name": "Microsoft-Windows-AppXDeployment-Server", "Computer": "DESKTOP-OFJ6N53", "TimeCreated": "2025-07-24 21:46:43.538731+00:00", "RecordID": "114473", "Level": "4", "UserID": "S-1-5-21-963789628-1060504924-4285088085-1001", "EventData.DeploymentOperation": "6", "EventData.PackageFullName": "Microsoft.WindowsSoundRecorder_2021.2103.28.0_neutral_~_8wekyb3d8bbwe", "EventData.Path": "(AppxBundleManifest.xml)", "EventData.MountPoint": "C:", "EventData.TargetPlatform": "0x00000000", "EventData.SystemVolume": "True", "EventData.StorageId": "\\\\?\\Volume{c33a8663-71a2-4031-8cec-c21914fe12ad}", "EventData.IsCentennial": "False", "EventData.PackageType": "0x00000008", "EventData.IsPackageEncrypted": "False", "EventData.DeploymentOptions": "0x0004000004044800", "EventData.IsStreamingPackage": "False", "EventData.IsInRelatedSet": "False", "EventData.IsPackageUsingBDC": "False", "EventData.MainPackageFamilyName": "NULL", "EventData.CallingProcess": "svchost.exe,wuauserv", "EventData.IsOptional": "False", "EventData.PackageFlags": "0x00000400", "EventData.PackageFlags2": "0x00000800", "EventData.HasWin32alacarte": "False", "EventData.HasFullTrust": "False", "EventData.ExternalLocation": null, "EventData.PackageSourceUri": "x-windowsupdate://3A354F8B-FB02-44D8-944C-92D11C21ACDF/9F03273F-FE0B-4ED8-9BC8-C2F256375490/f93b65fad216d2fdc80e6ab1da5386d1317ab95b"}
{"EventID": "478", "Channel": "Microsoft-Windows-AppXDeploymentServer/Operational", "Provider_Name": "Microsoft-Windows-AppXDeployment-Server", "Computer": "DESKTOP-OFJ6N53", "TimeCreated": "2025-07-24 21:46:43.539576+00:00", "RecordID": "114474", "Level": "5", "UserID": "S-1-5-21-963789628-1060504924-4285088085-1001", "EventData.DeploymentOperation": "6", "EventData.PackageFullName": "Microsoft.WindowsSoundRecorder_10.2103.28.0_x64__8wekyb3d8bbwe", "EventData.Path": "(AppxBundleManifest.xml)", "EventData.MountPoint": "C:", "EventData.TargetPlatform": "0x00000000", "EventData.SystemVolume": "True", "EventData.StorageId": "\\\\?\\Volume{c33a8663-71a2-4031-8cec-c21914fe12ad}", "EventData.IsCentennial": "False", "EventData.PackageType": "0x00000001", "EventData.IsPackageEncrypted": "False", "EventData.DeploymentOptions": "0x0004000004044800", "EventData.IsStreamingPackage": "False", "EventData.IsInRelatedSet": "False", "EventData.IsPackageUsingBDC": "False", "EventData.MainPackageFamilyName": "NULL", "EventData.CallingProcess": "svchost.exe,wuauserv", "EventData.IsOptional": "False", "EventData.PackageFlags": "0x00000008", "EventData.PackageFlags2": "0x00000800", "EventData.HasWin32alacarte": "False", "EventData.HasFullTrust": "False", "EventData.ExternalLocation": null, "EventData.PackageSourceUri": "x-windowsupdate://3A354F8B-FB02-44D8-944C-92D11C21ACDF/9F03273F-FE0B-4ED8-9BC8-C2F256375490/f93b65fad216d2fdc80e6ab1da5386d1317ab95b"}
{"EventID": "472", "Channel": "Microsoft-Windows-AppXDeploymentServer/Operational", "Provider_Name": "Microsoft-Windows-AppXDeployment-Server", "Computer": "DESKTOP-OFJ6N53", "TimeCreated": "2025-07-24 21:46:43.627020+00:00", "RecordID": "114475", "Level": "5", "UserID": "S-1-5-18", "EventData.SourceFolderPath": "\\\\?\\C:\\Program Files\\WindowsApps\\Microsoft.WindowsSoundRecorder_10.2103.28.0_neutral_split.scale-200_8wekyb3d8bbwe", "EventData.DestinationFolderPath": "\\\\?\\C:\\Program Files\\WindowsApps\\Deleted\\Microsoft.WindowsSoundRecorder_10.2103.28.0_neutral_split.scale-200_8wekyb3d8bbwe22f27de2-55a2-45ae-a538-59acd3b96059", "EventData.ErrorCode": "0x00000000"}
{"EventID": "613", "Channel": "Microsoft-Windows-AppXDeploymentServer/Operational", "Provider_Name": "Microsoft-Windows-AppXDeployment-Server", "Computer": "DESKTOP-OFJ6N53", "TimeCreated": "2025-07-24 21:46:43.661303+00:00", "RecordID": "114476", "Level": "4", "UserID": "S-1-5-18", "EventData.DeploymentOperation": "4", "EventData.PackageFullName": "Microsoft.MicrosoftSolitaireCollection_4.23.7100.0_neutral_~_8wekyb3d8bbwe", "EventData.Summary": "Overall time: 9297 ms\nEnqueue cost: 1859 ms\nDequeue delay: 0 ms\nGap: 16 ms\nBundle processing cost: 5469 ms\nIndexing cost: 47 ms\nResolve dependency cost: 0 ms\nGap: 46 ms\nCheck approval cost: 16 ms\nEvaluation cost: 266 ms\nHardlinking evaluation cost: 0 ms\nStage required cost: 156 ms\nFlushing and closing files cost: 0 ms\nMachine register cost: 0 ms\nStage user data cost: 0 ms\nRegistration cost: 0 ms\nRepository commit transaction cost: 984 ms\nGap: 313 ms\nData flush cost: 0 ms\nPost DeStage repository commit transaction cost: 0 ms\nRemaining cost: 125 ms"}
{"EventID": "649", "Channel": "Microsoft-Windows-AppXDeploymentServer/Operational", "Provider_Name": "Microsoft-Windows-AppXDeployment-Server", "Computer": "DESKTOP-OFJ6N53", "TimeCreated": "2025-07-24 21:46:44.241508+00:00", "RecordID": "114477", "Level": "4", "UserID": "S-1-5-21-963789628-1060504924-4285088085-1001", "EventData.DeploymentOperation": "6", "EventData.PackageFullName": "Microsoft.WindowsSoundRecorder_2021.2103.28.0_neutral_~_8wekyb3d8bbwe", "EventData.Summary": "PostDeploymentOperationCheck cost: 0 ms"}
{"EventID": "613", "Channel": "Microsoft-Windows-AppXDeploymentServer/Operational", "Provider_Name": "Microsoft-Windows-AppXDeployment-Server", "Computer": "DESKTOP-OFJ6N53", "TimeCreated": "2025-07-24 21:46:44.637289+00:00", "RecordID": "114478", "Level": "4", "UserID": "S-1-5-21-963789628-1060504924-4285088085-1001", "EventData.DeploymentOperation": "6", "EventData.PackageFullName": "Microsoft.WindowsSoundRecorder_2021.2103.28.0_neutral_~_8wekyb3d8bbwe", "EventData.Summary": "Overall time: 3688 ms\nEnqueue cost: 16 ms\nDequeue delay: 0 ms\nBundle processing cost: 15 ms\nIndexing cost: 47 ms\nResolve dependency cost: 266 ms\nGap: 15 ms\nCheck approval cost: 16 ms\nEvaluation cost: 0 ms\nHardlinking evaluation cost: 0 ms\nStage required cost: 16 ms\nFlushing and closing files cost: 0 ms\nMachine register cost: 0 ms\nStage user data cost: 15 ms\nGap: 16 ms\nRegistration cost: 1344 ms\nGap: 203 ms\nRepository commit transaction cost: 312 ms\nGap: 391 ms\nData flush cost: 625 ms\nPost DeStage repository commit transaction cost: 0 ms\nRemaining cost: 391 ms"}
{"EventID": "603", "Channel": "Microsoft-Windows-AppXDeploymentServer/Operational", "Provider_Name": "Microsoft-Windows-AppXDeployment-Server", "Computer": "DESKTOP-OFJ6N53", "TimeCreated": "2025-07-24 21:46:49.931795+00:00", "RecordID": "114479", "Level": "4", "UserID": "S-1-5-21-963789628-1060504924-4285088085-1001", "EventData.DeploymentOperation": "20", "EventData.Path": "Microsoft.MicrosoftSolitaireCollection_8wekyb3d8bbwe", "EventData.Flags": "67127296", "EventData.FlagsHigh": "262144", "EventData.CallingProcess": "svchost.exe,wuauserv", "EventData.ExternalLocation": null}
{"EventID": "10002", "Channel": "Microsoft-Windows-AppXDeploymentServer/Operational", "Provider_Name": "Microsoft-Windows-AppXDeployment-Server", "Computer": "DESKTOP-OFJ6N53", "TimeCreated": "2025-07-24 21:46:49.949484+00:00", "RecordID": "114480", "Level": "5", "UserID": "S-1-5-18", "EventData.DeploymentOperation": "6", "EventData.MainPackageMoniker": "Microsoft.MicrosoftSolitaireCollection_4.23.7100.0_neutral_~_8wekyb3d8bbwe", "EventData.ResiliencyFilePath": "C:\\ProgramData\\Microsoft\\Windows\\AppRepository\\1dcd5e57-3e4d-43b5-9ff6-de398e075c95_S-1-5-21-963789628-1060504924-4285088085-1001_15.rslc"}
{"EventID": "607", "Channel": "Microsoft-Windows-AppXDeploymentServer/Operational", "Provider_Name": "Microsoft-Windows-AppXDeployment-Server", "Computer": "DESKTOP-OFJ6N53", "TimeCreated": "2025-07-24 21:46:49.950275+00:00", "RecordID": "114481", "Level": "4", "UserID": "S-1-5-21-963789628-1060504924-4285088085-1001", "EventData.DeploymentOperation": "6", "EventData.PackageFullName": "Microsoft.MicrosoftSolitaireCollection_4.23.7100.0_neutral_~_8wekyb3d8bbwe", "EventData.UserSid": "S-1-5-21-963789628-1060504924-4285088085-1001", "EventData.CallingProcess": "svchost.exe,wuauserv"}
{"EventID": "614", "Channel": "Microsoft-Windows-AppXDeploymentServer/Operational", "Provider_Name": "Microsoft-Windows-AppXDeployment-Server", "Computer": "DESKTOP-OFJ6N53", "TimeCreated": "2025-07-24 21:46:49.953571+00:00", "RecordID": "114482", "Level": "5", "UserID": "S-1-5-21-963789628-1060504924-4285088085-1001", "EventData.PathOne": "C:\\Program Files\\WindowsApps\\Microsoft.MicrosoftSolitaireCollection_4.23.7100.0_neutral_~_8wekyb3d8bbwe\\AppxMetadata\\AppxBundleManifest.xml", "EventData.PathTwo": "\"AppxMetadata\\Stub\\SolitaireCasualGamesStub_4.23.7099.0_ARM64.msix\": Microsoft.MicrosoftSolitaireCollection_4.23.7099.0_arm64__8wekyb3d8bbwe \"AppxMetadata\\Stub\\SolitaireCasualGamesStub_4.23.7099.0_Win32.msix\": Microsoft.MicrosoftSolitaireCollection_4.23.7099.0_x86__8wekyb3d8bbwe \"AppxMetadata\\Stub\\SolitaireCasualGamesStub_4.23.7099.0_x64.msix\": Microsoft.MicrosoftSolitaireCollection_4.23.7099.0_x64__8wekyb3d8bbwe \"Solitaire_4.23.7100.0_ARM64_Win10_Shipping.msix\": Microsoft.MicrosoftSolitaireCollection_4.23.7100.0_arm64__8wekyb3d8bbwe \"Solitaire_4.23.7100.0_Win32_Win10_Shipping.msix\": Microsoft.MicrosoftSolitaireCollection_4.23.7100.0_x86__8wekyb3d8bbwe \"Solitaire_4.23.7100.0_x64_Win10_Shipping.msix\": Microsoft.MicrosoftSolitaireCollection_4.23.7100.0_x64__8wekyb3d8bbwe \"Solitaire_4.23.7100.0_scale-125.msix\": Microsoft.MicrosoftSolitaireCollection_4.23.7100.0_neutral_split.scale-125_8wekyb3d8bbwe \"Solitaire_4.23.7100.0_scale-150.msix\": Microsoft.MicrosoftSolitaireCollection_4.23.7100.0_neutral_split.scale-150_8wekyb3d8bbwe \"Solitaire_4.23.7100.0_scale-200.msix\": Microsoft.MicrosoftSolitaireCollection_4.23.7100.0_neutral_split.scale-200_8wekyb3d8bbwe \"Solitaire_4.23.7100.0_scale-400.msix\": Microsoft.MicrosoftSolitaireCollection_4.23.7100.0_neutral_split.scale-400_8wekyb3d8bbwe"}
{"EventID": "854", "Channel": "Microsoft-Windows-AppXDeploymentServer/Operational", "Provider_Name": "Microsoft-Windows-AppXDeployment-Server", "Computer": "DESKTOP-OFJ6N53", "TimeCreated": "2025-07-24 21:46:49.959526+00:00", "RecordID": "114483", "Level": "4", "UserID": "S-1-5-21-963789628-1060504924-4285088085-1001", "EventData.Path": "C:\\Program Files\\WindowsApps\\Microsoft.MicrosoftSolitaireCollection_4.23.7100.0_neutral_~_8wekyb3d8bbwe\\AppxMetadata\\AppxBundleManifest.xml C:\\Program Files\\WindowsApps\\Microsoft.MicrosoftSolitaireCollection_4.23.7100.0_x64__8wekyb3d8bbwe\\AppxManifest.xml C:\\Program Files\\WindowsApps\\Microsoft.MicrosoftSolitaireCollection_4.23.7100.0_neutral_split.scale-125_8wekyb3d8bbwe\\AppxManifest.xml"}
{"EventID": "854", "Channel": "Microsoft-Windows-AppXDeploymentServer/Operational", "Provider_Name": "Microsoft-Windows-AppXDeployment-Server", "Computer": "DESKTOP-OFJ6N53", "TimeCreated": "2025-07-24 21:46:50.252663+00:00", "RecordID": "114484", "Level": "4", "UserID": "S-1-5-18", "EventData.Path": "x-windowsupdate://6672A8BD-0E8D-4682-A4B0-9B550A510158/EAAC6C6B-10A4-4659-815B-44F151ECA61A/22d4dd8c622657fc3fa42bef1e2b253028aa0dd6 x-windowsupdate://6672A8BD-0E8D-4682-A4B0-9B550A510158/EAAC6C6B-10A4-4659-815B-44F151ECA61A/22d4dd8c622657fc3fa42bef1e2b253028aa0dd6\\OfficeApp_19.2507.51101.0_x64.msix x-windowsupdate://6672A8BD-0E8D-4682-A4B0-9B550A510158/EAAC6C6B-10A4-4659-815B-44F151ECA61A/22d4dd8c622657fc3fa42bef1e2b253028aa0dd6\\OfficeApp_19.2507.51101.0_language-ru.msix x-windowsupdate://6672A8BD-0E8D-4682-A4B0-9B550A510158/EAAC6C6B-10A4-4659-815B-44F151ECA61A/22d4dd8c622657fc3fa42bef1e2b253028aa0dd6\\OfficeApp_19.2507.51101.0_scale-100.msix x-windowsupdate://6672A8BD-0E8D-4682-A4B0-9B550A510158/EAAC6C6B-10A4-4659-815B-44F151ECA61A/22d4dd8c622657fc3fa42bef1e2b253028aa0dd6\\OfficeApp_19.2507.51101.0_scale-125.msix"}
{"EventID": "855", "Channel": "Microsoft-Windows-AppXDeploymentServer/Operational", "Provider_Name": "Microsoft-Windows-AppXDeployment-Server", "Computer": "DESKTOP-OFJ6N53", "TimeCreated": "2025-07-24 21:46:50.298759+00:00", "RecordID": "114485", "Level": "4", "UserID": "S-1-5-21-963789628-1060504924-4285088085-1001", "EventData.PackageMoniker": "addPackageList: Microsoft.MicrosoftSolitaireCollection_4.23.7100.0_neutral_split.scale-125_8wekyb3d8bbwe Microsoft.MicrosoftSolitaireCollection_4.23.7100.0_x64__8wekyb3d8bbwe Microsoft.MicrosoftSolitaireCollection_4.23.7100.0_neutral_~_8wekyb3d8bbwe removePackageList: Microsoft.MicrosoftSolitaireCollection_4.23.7100.0_neutral_split.scale-200_8wekyb3d8bbwe"}
{"EventID": "573", "Channel": "Microsoft-Windows-AppXDeploymentServer/Operational", "Provider_Name": "Microsoft-Windows-AppXDeployment-Server", "Computer": "DESKTOP-OFJ6N53", "TimeCreated": "2025-07-24 21:46:50.923042+00:00", "RecordID": "114486", "Level": "4", "UserID": "S-1-5-21-963789628-1060504924-4285088085-1001", "EventData.PackageFamilyName": "Microsoft.MicrosoftSolitaireCollection_8wekyb3d8bbwe", "EventData.SettingSyncEnabled": "False"}
{"EventID": "10000", "Channel": "Microsoft-Windows-AppXDeploymentServer/Operational", "Provider_Name": "Microsoft-Windows-AppXDeployment-Server", "Computer": "DESKTOP-OFJ6N53", "TimeCreated": "2025-07-24 21:46:50.948071+00:00", "RecordID": "114487", "Level": "5", "UserID": "S-1-5-18", "EventData.PackageFullName": "Microsoft.MicrosoftSolitaireCollection_4.23.7100.0_x64__8wekyb3d8bbwe", "EventData.ErrorCode": "0x00000000"}
{"EventID": "5506", "Channel": "Microsoft-Windows-AppXDeploymentServer/Operational", "Provider_Name": "Microsoft-Windows-AppXDeployment-Server", "Computer": "DESKTOP-OFJ6N53", "TimeCreated": "2025-07-24 21:46:51.387726+00:00", "RecordID": "114488", "Level": "5", "UserID": "S-1-5-18", "EventData.PackageName": "Microsoft.MicrosoftSolitaireCollection_4.23.7100.0_x64__8wekyb3d8bbwe", "EventData.FilePath": "C:\\Program Files\\WindowsApps\\Microsoft.MicrosoftSolitaireCollection_4.23.7100.0_x64__8wekyb3d8bbwe\\microsoft.system.package.metadata\\resources.6c5fe507.pri", "EventData.Message": "Created shared merged PRI file"}
{"EventID": "5505", "Channel": "Microsoft-Windows-AppXDeploymentServer/Operational", "Provider_Name": "Microsoft-Windows-AppXDeployment-Server", "Computer": "DESKTOP-OFJ6N53", "TimeCreated": "2025-07-24 21:46:51.388350+00:00", "RecordID": "114489", "Level": "5", "UserID": "S-1-5-18", "EventData.PackageName": "Microsoft.MicrosoftSolitaireCollection_4.23.7100.0_x64__8wekyb3d8bbwe", "EventData.FilePath": "C:\\Program Files\\WindowsApps\\Microsoft.MicrosoftSolitaireCollection_4.23.7100.0_x64__8wekyb3d8bbwe\\microsoft.system.package.metadata\\S-1-5-21-963789628-1060504924-4285088085-1001-MergedResources-43.pri", "EventData.Message": "Linked user-specific merged PRI file"}
{"EventID": "8100", "Channel": "Microsoft-Windows-AppXDeploymentServer/Operational", "Provider_Name": "Microsoft-Windows-AppXDeployment-Server", "Computer": "DESKTOP-OFJ6N53", "TimeCreated": "2025-07-24 21:46:51.395903+00:00", "RecordID": "114490", "Level": "5", "UserID": "S-1-5-18", "EventData.PackageFullName": "Microsoft.MicrosoftSolitaireCollection_4.23.7100.0_neutral_split.scale-125_8wekyb3d8bbwe", "EventData.Flags": "0x00000009"}
{"EventID": "8106", "Channel": "Microsoft-Windows-AppXDeploymentServer/Operational", "Provider_Name": "Microsoft-Windows-AppXDeployment-Server", "Computer": "DESKTOP-OFJ6N53", "TimeCreated": "2025-07-24 21:46:51.397551+00:00", "RecordID": "114491", "Level": "5", "UserID": "S-1-5-18", "EventData.PackageFullName": "Microsoft.MicrosoftSolitaireCollection_4.23.7100.0_neutral_split.scale-125_8wekyb3d8bbwe", "EventData.Flags": "0x00000009"}
{"EventID": "8101", "Channel": "Microsoft-Windows-AppXDeploymentServer/Operational", "Provider_Name": "Microsoft-Windows-AppXDeployment-Server", "Computer": "DESKTOP-OFJ6N53", "TimeCreated": "2025-07-24 21:46:51.397566+00:00", "RecordID": "114492", "Level": "5", "UserID": "S-1-5-18", "EventData.PackageFullName": "Microsoft.MicrosoftSolitaireCollection_4.23.7100.0_neutral_split.scale-125_8wekyb3d8bbwe", "EventData.Flags": "0x00000009"}
{"EventID": "8100", "Channel": "Microsoft-Windows-AppXDeploymentServer/Operational", "Provider_Name": "Microsoft-Windows-AppXDeployment-Server", "Computer": "DESKTOP-OFJ6N53", "TimeCreated": "2025-07-24 21:46:51.397568+00:00", "RecordID": "114493", "Level": "5", "UserID": "S-1-5-18", "EventData.PackageFullName": "Microsoft.MicrosoftSolitaireCollection_4.23.7100.0_x64__8wekyb3d8bbwe", "EventData.Flags": "0x00000009"}
{"EventID": "8106", "Channel": "Microsoft-Windows-AppXDeploymentServer/Operational", "Provider_Name": "Microsoft-Windows-AppXDeployment-Server", "Computer": "DESKTOP-OFJ6N53", "TimeCreated": "2025-07-24 21:46:51.442364+00:00", "RecordID": "114494", "Level": "5", "UserID": "S-1-5-18", "EventData.PackageFullName": "Microsoft.MicrosoftSolitaireCollection_4.23.7100.0_x64__8wekyb3d8bbwe", "EventData.Flags": "0x00000009"}
{"EventID": "8101", "Channel": "Microsoft-Windows-AppXDeploymentServer/Operational", "Provider_Name": "Microsoft-Windows-AppXDeployment-Server", "Computer": "DESKTOP-OFJ6N53", "TimeCreated": "2025-07-24 21:46:51.442385+00:00", "RecordID": "114495", "Level": "5", "UserID": "S-1-5-18", "EventData.PackageFullName": "Microsoft.MicrosoftSolitaireCollection_4.23.7100.0_x64__8wekyb3d8bbwe", "EventData.Flags": "0x00000009"}
{"EventID": "5507", "Channel": "Microsoft-Windows-AppXDeploymentServer/Operational", "Provider_Name": "Microsoft-Windows-AppXDeployment-Server", "Computer": "DESKTOP-OFJ6N53", "TimeCreated": "2025-07-24 21:46:51.776522+00:00", "RecordID": "114496", "Level": "5", "UserID": "S-1-5-21-963789628-1060504924-4285088085-1001", "EventData.PackageName": "Microsoft.MicrosoftSolitaireCollection_4.23.7100.0_x64__8wekyb3d8bbwe", "EventData.FilePath": "S-1-5-21-963789628-1060504924-4285088085-1001-MergedResources-43.pri", "EventData.Message": "Current user-specific merged PRI file ignored"}
{"EventID": "5507", "Channel": "Microsoft-Windows-AppXDeploymentServer/Operational", "Provider_Name": "Microsoft-Windows-AppXDeployment-Server", "Computer": "DESKTOP-OFJ6N53", "TimeCreated": "2025-07-24 21:46:51.777082+00:00", "RecordID": "114497", "Level": "5", "UserID": "S-1-5-21-963789628-1060504924-4285088085-1001", "EventData.PackageName": "Microsoft.MicrosoftSolitaireCollection_4.23.7100.0_x64__8wekyb3d8bbwe", "EventData.FilePath": "C:\\Program Files\\WindowsApps\\Microsoft.MicrosoftSolitaireCollection_4.23.7100.0_x64__8wekyb3d8bbwe\\microsoft.system.package.metadata\\resources.62d0655d.pri", "EventData.Message": "Shared merged file still in use"}
{"EventID": "5507", "Channel": "Microsoft-Windows-AppXDeploymentServer/Operational", "Provider_Name": "Microsoft-Windows-AppXDeployment-Server", "Computer": "DESKTOP-OFJ6N53", "TimeCreated": "2025-07-24 21:46:51.777170+00:00", "RecordID": "114498", "Level": "5", "UserID": "S-1-5-21-963789628-1060504924-4285088085-1001", "EventData.PackageName": "Microsoft.MicrosoftSolitaireCollection_4.23.7100.0_x64__8wekyb3d8bbwe", "EventData.FilePath": "resources.6c5fe507.pri", "EventData.Message": "Current shared merged PRI file ignored"}
{"EventID": "5508", "Channel": "Microsoft-Windows-AppXDeploymentServer/Operational", "Provider_Name": "Microsoft-Windows-AppXDeployment-Server", "Computer": "DESKTOP-OFJ6N53", "TimeCreated": "2025-07-24 21:46:51.777723+00:00", "RecordID": "114499", "Level": "5", "UserID": "S-1-5-18", "EventData.PackageName": "Microsoft.MicrosoftSolitaireCollection_4.23.7100.0_x64__8wekyb3d8bbwe", "EventData.FilePath": "C:\\Program Files\\WindowsApps\\Microsoft.MicrosoftSolitaireCollection_4.23.7100.0_x64__8wekyb3d8bbwe\\microsoft.system.package.metadata\\S-1-5-21-963789628-1060504924-4285088085-1001-MergedResources-42.pri", "EventData.Message": "Deleted"}
{"EventID": "5507", "Channel": "Microsoft-Windows-AppXDeploymentServer/Operational", "Provider_Name": "Microsoft-Windows-AppXDeployment-Server", "Computer": "DESKTOP-OFJ6N53", "TimeCreated": "2025-07-24 21:46:51.777868+00:00", "RecordID": "114500", "Level": "5", "UserID": "S-1-5-21-963789628-1060504924-4285088085-1001", "EventData.PackageName": "Microsoft.MicrosoftSolitaireCollection_4.23.7100.0_x64__8wekyb3d8bbwe", "EventData.FilePath": "S-1-5-21-963789628-1060504924-4285088085-1001-MergedResources-43.pri", "EventData.Message": "Current user-specific merged PRI file ignored"}
{"EventID": "5507", "Channel": "Microsoft-Windows-AppXDeploymentServer/Operational", "Provider_Name": "Microsoft-Windows-AppXDeployment-Server", "Computer": "DESKTOP-OFJ6N53", "TimeCreated": "2025-07-24 21:46:51.778353+00:00", "RecordID": "114501", "Level": "5", "UserID": "S-1-5-21-963789628-1060504924-4285088085-1001", "EventData.PackageName": "Microsoft.MicrosoftSolitaireCollection_4.23.7100.0_x64__8wekyb3d8bbwe", "EventData.FilePath": "resources.6c5fe507.pri", "EventData.Message": "Current shared merged PRI file ignored"}
{"EventID": "5508", "Channel": "Microsoft-Windows-AppXDeploymentServer/Operational", "Provider_Name": "Microsoft-Windows-AppXDeployment-Server", "Computer": "DESKTOP-OFJ6N53", "TimeCreated": "2025-07-24 21:46:51.779043+00:00", "RecordID": "114502", "Level": "5", "UserID": "S-1-5-18", "EventData.PackageName": "Microsoft.MicrosoftSolitaireCollection_4.23.7100.0_x64__8wekyb3d8bbwe", "EventData.FilePath": "C:\\Program Files\\WindowsApps\\Microsoft.MicrosoftSolitaireCollection_4.23.7100.0_x64__8wekyb3d8bbwe\\microsoft.system.package.metadata\\resources.62d0655d.pri", "EventData.Message": "Deleted"}
{"EventID": "813", "Channel": "Microsoft-Windows-AppXDeploymentServer/Operational", "Provider_Name": "Microsoft-Windows-AppXDeployment-Server", "Computer": "DESKTOP-OFJ6N53", "TimeCreated": "2025-07-24 21:46:51.849470+00:00", "RecordID": "114503", "Level": "5", "UserID": "S-1-5-18", "EventData.PackageMoniker": "Microsoft.MicrosoftSolitaireCollection_4.23.7100.0_neutral_~_8wekyb3d8bbwe"}
{"EventID": "10001", "Channel": "Microsoft-Windows-AppXDeploymentServer/Operational", "Provider_Name": "Microsoft-Windows-AppXDeployment-Server", "Computer": "DESKTOP-OFJ6N53", "TimeCreated": "2025-07-24 21:46:52.343344+00:00", "RecordID": "114504", "Level": "5", "UserID": "S-1-5-18", "EventData.PackageFullName": "Microsoft.MicrosoftSolitaireCollection_4.23.7100.0_x64__8wekyb3d8bbwe", "EventData.ErrorCode": "0x00000000"}
{"EventID": "10001", "Channel": "Microsoft-Windows-AppXDeploymentServer/Operational", "Provider_Name": "Microsoft-Windows-AppXDeployment-Server", "Computer": "DESKTOP-OFJ6N53", "TimeCreated": "2025-07-24 21:46:52.343874+00:00", "RecordID": "114505", "Level": "5", "UserID": "S-1-5-18", "EventData.PackageFullName": "Microsoft.MicrosoftSolitaireCollection_4.23.7100.0_x64__8wekyb3d8bbwe", "EventData.ErrorCode": "0x00000000"}
{"EventID": "10001", "Channel": "Microsoft-Windows-AppXDeploymentServer/Operational", "Provider_Name": "Microsoft-Windows-AppXDeployment-Server", "Computer": "DESKTOP-OFJ6N53", "TimeCreated": "2025-07-24 21:46:52.344076+00:00", "RecordID": "114506", "Level": "5", "UserID": "S-1-5-18", "EventData.PackageFullName": "Microsoft.MicrosoftSolitaireCollection_4.23.7100.0_neutral_split.scale-125_8wekyb3d8bbwe", "EventData.ErrorCode": "0x00000000"}
{"EventID": "10001", "Channel": "Microsoft-Windows-AppXDeploymentServer/Operational", "Provider_Name": "Microsoft-Windows-AppXDeployment-Server", "Computer": "DESKTOP-OFJ6N53", "TimeCreated": "2025-07-24 21:46:52.344231+00:00", "RecordID": "114507", "Level": "5", "UserID": "S-1-5-18", "EventData.PackageFullName": "Microsoft.MicrosoftSolitaireCollection_4.23.7100.0_neutral_split.scale-125_8wekyb3d8bbwe", "EventData.ErrorCode": "0x00000000"}
{"EventID": "10001", "Channel": "Microsoft-Windows-AppXDeploymentServer/Operational", "Provider_Name": "Microsoft-Windows-AppXDeployment-Server", "Computer": "DESKTOP-OFJ6N53", "TimeCreated": "2025-07-24 21:46:52.344355+00:00", "RecordID": "114508", "Level": "5", "UserID": "S-1-5-18", "EventData.PackageFullName": "Microsoft.MicrosoftSolitaireCollection_4.23.7100.0_x64__8wekyb3d8bbwe", "EventData.ErrorCode": "0x00000000"}
{"EventID": "10001", "Channel": "Microsoft-Windows-AppXDeploymentServer/Operational", "Provider_Name": "Microsoft-Windows-AppXDeployment-Server", "Computer": "DESKTOP-OFJ6N53", "TimeCreated": "2025-07-24 21:46:52.344519+00:00", "RecordID": "114509", "Level": "5", "UserID": "S-1-5-18", "EventData.PackageFullName": "Microsoft.MicrosoftSolitaireCollection_4.23.7100.0_x64__8wekyb3d8bbwe", "EventData.ErrorCode": "0x00000000"}
{"EventID": "10001", "Channel": "Microsoft-Windows-AppXDeploymentServer/Operational", "Provider_Name": "Microsoft-Windows-AppXDeployment-Server", "Computer": "DESKTOP-OFJ6N53", "TimeCreated": "2025-07-24 21:46:52.344650+00:00", "RecordID": "114510", "Level": "5", "UserID": "S-1-5-18", "EventData.PackageFullName": "Microsoft.MicrosoftSolitaireCollection_4.23.7100.0_neutral_~_8wekyb3d8bbwe", "EventData.ErrorCode": "0x00000000"}
{"EventID": "10001", "Channel": "Microsoft-Windows-AppXDeploymentServer/Operational", "Provider_Name": "Microsoft-Windows-AppXDeployment-Server", "Computer": "DESKTOP-OFJ6N53", "TimeCreated": "2025-07-24 21:46:52.344805+00:00", "RecordID": "114511", "Level": "5", "UserID": "S-1-5-18", "EventData.PackageFullName": "Microsoft.MicrosoftSolitaireCollection_4.23.7100.0_neutral_~_8wekyb3d8bbwe", "EventData.ErrorCode": "0x00000000"}
{"EventID": "400", "Channel": "Microsoft-Windows-AppXDeploymentServer/Operational", "Provider_Name": "Microsoft-Windows-AppXDeployment-Server", "Computer": "DESKTOP-OFJ6N53", "TimeCreated": "2025-07-24 21:46:52.402134+00:00", "RecordID": "114512", "Level": "4", "UserID": "S-1-5-21-963789628-1060504924-4285088085-1001", "EventData.DeploymentOperation": "6", "EventData.PackageFullName": "Microsoft.MicrosoftSolitaireCollection_4.23.7100.0_neutral_~_8wekyb3d8bbwe", "EventData.Path": "(AppxBundleManifest.xml)", "EventData.MountPoint": "C:", "EventData.TargetPlatform": "0x00000003", "EventData.SystemVolume": "True", "EventData.StorageId": "\\\\?\\Volume{c33a8663-71a2-4031-8cec-c21914fe12ad}", "EventData.IsCentennial": "False", "EventData.PackageType": "0x00000008", "EventData.IsPackageEncrypted": "False", "EventData.DeploymentOptions": "0x0004000004044800", "EventData.IsStreamingPackage": "False", "EventData.IsInRelatedSet": "False", "EventData.IsPackageUsingBDC": "False", "EventData.MainPackageFamilyName": "NULL", "EventData.CallingProcess": "svchost.exe,wuauserv", "EventData.IsOptional": "False", "EventData.PackageFlags": "0x00000400", "EventData.PackageFlags2": "0x00000800", "EventData.HasWin32alacarte": "False", "EventData.HasFullTrust": "False", "EventData.ExternalLocation": null, "EventData.PackageSourceUri": "x-windowsupdate://9C4611F3-42B8-4A30-B994-D852DE969398/1A36FD17-5161-4651-AE2D-13384E427EA8/93c3c9affee8d9a0f95a950acc82bf8036dea2d7"}
{"EventID": "478", "Channel": "Microsoft-Windows-AppXDeploymentServer/Operational", "Provider_Name": "Microsoft-Windows-AppXDeployment-Server", "Computer": "DESKTOP-OFJ6N53", "TimeCreated": "2025-07-24 21:46:52.402264+00:00", "RecordID": "114513", "Level": "5", "UserID": "S-1-5-21-963789628-1060504924-4285088085-1001", "EventData.DeploymentOperation": "6", "EventData.PackageFullName": "Microsoft.MicrosoftSolitaireCollection_4.23.7100.0_x64__8wekyb3d8bbwe", "EventData.Path": "(AppxBundleManifest.xml)", "EventData.MountPoint": "C:", "EventData.TargetPlatform": "0x00000003", "EventData.SystemVolume": "True", "EventData.StorageId": "\\\\?\\Volume{c33a8663-71a2-4031-8cec-c21914fe12ad}", "EventData.IsCentennial": "False", "EventData.PackageType": "0x00000001", "EventData.IsPackageEncrypted": "False", "EventData.DeploymentOptions": "0x0004000004044800", "EventData.IsStreamingPackage": "False", "EventData.IsInRelatedSet": "False", "EventData.IsPackageUsingBDC": "False", "EventData.MainPackageFamilyName": "NULL", "EventData.CallingProcess": "svchost.exe,wuauserv", "EventData.IsOptional": "False", "EventData.PackageFlags": "0x00000008", "EventData.PackageFlags2": "0x00000800", "EventData.HasWin32alacarte": "False", "EventData.HasFullTrust": "False", "EventData.ExternalLocation": null, "EventData.PackageSourceUri": "x-windowsupdate://9C4611F3-42B8-4A30-B994-D852DE969398/1A36FD17-5161-4651-AE2D-13384E427EA8/93c3c9affee8d9a0f95a950acc82bf8036dea2d7"}
{"EventID": "472", "Channel": "Microsoft-Windows-AppXDeploymentServer/Operational", "Provider_Name": "Microsoft-Windows-AppXDeployment-Server", "Computer": "DESKTOP-OFJ6N53", "TimeCreated": "2025-07-24 21:46:52.414431+00:00", "RecordID": "114514", "Level": "5", "UserID": "S-1-5-18", "EventData.SourceFolderPath": "\\\\?\\C:\\Program Files\\WindowsApps\\Microsoft.MicrosoftSolitaireCollection_4.23.7100.0_neutral_split.scale-200_8wekyb3d8bbwe", "EventData.DestinationFolderPath": "\\\\?\\C:\\Program Files\\WindowsApps\\Deleted\\Microsoft.MicrosoftSolitaireCollection_4.23.7100.0_neutral_split.scale-200_8wekyb3d8bbwe8a6d4044-f7e3-4c17-afd8-fb308b97896d", "EventData.ErrorCode": "0x00000000"}
{"EventID": "649", "Channel": "Microsoft-Windows-AppXDeploymentServer/Operational", "Provider_Name": "Microsoft-Windows-AppXDeployment-Server", "Computer": "DESKTOP-OFJ6N53", "TimeCreated": "2025-07-24 21:46:52.450697+00:00", "RecordID": "114515", "Level": "4", "UserID": "S-1-5-21-963789628-1060504924-4285088085-1001", "EventData.DeploymentOperation": "6", "EventData.PackageFullName": "Microsoft.MicrosoftSolitaireCollection_4.23.7100.0_neutral_~_8wekyb3d8bbwe", "EventData.Summary": "PostDeploymentOperationCheck cost: 0 ms"}
{"EventID": "613", "Channel": "Microsoft-Windows-AppXDeploymentServer/Operational", "Provider_Name": "Microsoft-Windows-AppXDeployment-Server", "Computer": "DESKTOP-OFJ6N53", "TimeCreated": "2025-07-24 21:46:52.580738+00:00", "RecordID": "114516", "Level": "4", "UserID": "S-1-5-21-963789628-1060504924-4285088085-1001", "EventData.DeploymentOperation": "6", "EventData.PackageFullName": "Microsoft.MicrosoftSolitaireCollection_4.23.7100.0_neutral_~_8wekyb3d8bbwe", "EventData.Summary": "Overall time: 2641 ms\nEnqueue cost: 16 ms\nDequeue delay: 0 ms\nBundle processing cost: 16 ms\nIndexing cost: 297 ms\nResolve dependency cost: 31 ms\nGap: 15 ms\nCheck approval cost: 16 ms\nEvaluation cost: 0 ms\nHardlinking evaluation cost: 0 ms\nStage required cost: 16 ms\nFlushing and closing files cost: 0 ms\nGap: 593 ms\nMachine register cost: 0 ms\nStage user data cost: 0 ms\nGap: 32 ms\nRegistration cost: 890 ms\nGap: 16 ms\nRepository commit transaction cost: 469 ms\nGap: 78 ms\nData flush cost: 31 ms\nPost DeStage repository commit transaction cost: 0 ms\nRemaining cost: 125 ms"}
{"EventID": "1230", "Channel": "Microsoft-Windows-AppXDeploymentServer/Operational", "Provider_Name": "Microsoft-Windows-AppXDeployment-Server", "Computer": "DESKTOP-OFJ6N53", "TimeCreated": "2025-07-24 21:46:56.638666+00:00", "RecordID": "114517", "Level": "3", "UserID": "S-1-5-18", "EventData.Path": "\\Program Files\\WindowsApps\\MicrosoftWindows.CrossDevice_1.25032.52.0_x64__cw5n1h2txyewy\\Microsoft.DiaSymReader.Native.amd64.dll;\\Program Files\\WindowsApps\\MicrosoftWindows.CrossDevice_1.25032.52.0_x64__cw5n1h2txyewy\\msquic.dll;"}
{"EventID": "400", "Channel": "Microsoft-Windows-AppXDeploymentServer/Operational", "Provider_Name": "Microsoft-Windows-AppXDeployment-Server", "Computer": "DESKTOP-OFJ6N53", "TimeCreated": "2025-07-24 21:47:06.153311+00:00", "RecordID": "114518", "Level": "4", "UserID": "S-1-5-18", "EventData.DeploymentOperation": "4", "EventData.PackageFullName": "Microsoft.MicrosoftOfficeHub_19.2507.51101.0_neutral_~_8wekyb3d8bbwe", "EventData.Path": "(22d4dd8c622657fc3fa42bef1e2b253028aa0dd6)", "EventData.MountPoint": "C:", "EventData.TargetPlatform": "0x00000003", "EventData.SystemVolume": "True", "EventData.StorageId": "\\\\?\\Volume{c33a8663-71a2-4031-8cec-c21914fe12ad}", "EventData.IsCentennial": "False", "EventData.PackageType": "0x00000008", "EventData.IsPackageEncrypted": "False", "EventData.DeploymentOptions": "0x0040008004000000", "EventData.IsStreamingPackage": "False", "EventData.IsInRelatedSet": "False", "EventData.IsPackageUsingBDC": "False", "EventData.MainPackageFamilyName": "NULL", "EventData.CallingProcess": "svchost.exe,wuauserv", "EventData.IsOptional": "False", "EventData.PackageFlags": "0x00000000", "EventData.PackageFlags2": "0x00000800", "EventData.HasWin32alacarte": "False", "EventData.HasFullTrust": "False", "EventData.ExternalLocation": null, "EventData.PackageSourceUri": "x-windowsupdate://6672A8BD-0E8D-4682-A4B0-9B550A510158/EAAC6C6B-10A4-4659-815B-44F151ECA61A/22d4dd8c622657fc3fa42bef1e2b253028aa0dd6"}
{"EventID": "478", "Channel": "Microsoft-Windows-AppXDeploymentServer/Operational", "Provider_Name": "Microsoft-Windows-AppXDeployment-Server", "Computer": "DESKTOP-OFJ6N53", "TimeCreated": "2025-07-24 21:47:06.153423+00:00", "RecordID": "114519", "Level": "5", "UserID": "S-1-5-18", "EventData.DeploymentOperation": "4", "EventData.PackageFullName": "Microsoft.MicrosoftOfficeHub_19.2507.51101.0_x64__8wekyb3d8bbwe", "EventData.Path": "(22d4dd8c622657fc3fa42bef1e2b253028aa0dd6)", "EventData.MountPoint": "C:", "EventData.TargetPlatform": "0x00000003", "EventData.SystemVolume": "True", "EventData.StorageId": "\\\\?\\Volume{c33a8663-71a2-4031-8cec-c21914fe12ad}", "EventData.IsCentennial": "True", "EventData.PackageType": "0x00000001", "EventData.IsPackageEncrypted": "False", "EventData.DeploymentOptions": "0x0040008004000000", "EventData.IsStreamingPackage": "False", "EventData.IsInRelatedSet": "False", "EventData.IsPackageUsingBDC": "False", "EventData.MainPackageFamilyName": "NULL", "EventData.CallingProcess": "svchost.exe,wuauserv", "EventData.IsOptional": "False", "EventData.PackageFlags": "0x0080804c", "EventData.PackageFlags2": "0x00000800", "EventData.HasWin32alacarte": "False", "EventData.HasFullTrust": "True", "EventData.ExternalLocation": null, "EventData.PackageSourceUri": "x-windowsupdate://6672A8BD-0E8D-4682-A4B0-9B550A510158/EAAC6C6B-10A4-4659-815B-44F151ECA61A/22d4dd8c622657fc3fa42bef1e2b253028aa0dd6"}
{"EventID": "649", "Channel": "Microsoft-Windows-AppXDeploymentServer/Operational", "Provider_Name": "Microsoft-Windows-AppXDeployment-Server", "Computer": "DESKTOP-OFJ6N53", "TimeCreated": "2025-07-24 21:47:06.170734+00:00", "RecordID": "114520", "Level": "4", "UserID": "S-1-5-18", "EventData.DeploymentOperation": "4", "EventData.PackageFullName": "Microsoft.MicrosoftOfficeHub_19.2507.51101.0_neutral_~_8wekyb3d8bbwe", "EventData.Summary": "PostDeploymentOperationCheck cost: 0 ms"}
{"EventID": "613", "Channel": "Microsoft-Windows-AppXDeploymentServer/Operational", "Provider_Name": "Microsoft-Windows-AppXDeployment-Server", "Computer": "DESKTOP-OFJ6N53", "TimeCreated": "2025-07-24 21:47:06.492836+00:00", "RecordID": "114521", "Level": "4", "UserID": "S-1-5-18", "EventData.DeploymentOperation": "4", "EventData.PackageFullName": "Microsoft.MicrosoftOfficeHub_19.2507.51101.0_neutral_~_8wekyb3d8bbwe", "EventData.Summary": "Overall time: 25563 ms\nEnqueue cost: 1297 ms\nDequeue delay: 0 ms\nGap: 16 ms\nBundle processing cost: 8000 ms\nIndexing cost: 703 ms\nResolve dependency cost: 0 ms\nGap: 31 ms\nCheck approval cost: 16 ms\nEvaluation cost: 6812 ms\nHardlinking evaluation cost: 343 ms\nStage required cost: 6844 ms\nFlushing and closing files cost: 16 ms\nGap: 63 ms\nMachine register cost: 62 ms\nStage user data cost: 0 ms\nRegistration cost: 0 ms\nRepository commit transaction cost: 1360 ms\nGap: 31 ms\nData flush cost: 0 ms\nPost DeStage repository commit transaction cost: 0 ms\nRemaining cost: 328 ms"}
{"EventID": "603", "Channel": "Microsoft-Windows-AppXDeploymentServer/Operational", "Provider_Name": "Microsoft-Windows-AppXDeployment-Server", "Computer": "DESKTOP-OFJ6N53", "TimeCreated": "2025-07-24 21:47:10.247555+00:00", "RecordID": "114522", "Level": "4", "UserID": "S-1-5-21-963789628-1060504924-4285088085-1001", "EventData.DeploymentOperation": "20", "EventData.Path": "Microsoft.MicrosoftOfficeHub_8wekyb3d8bbwe", "EventData.Flags": "67127296", "EventData.FlagsHigh": "262144", "EventData.CallingProcess": "svchost.exe,wuauserv", "EventData.ExternalLocation": null}
{"EventID": "10002", "Channel": "Microsoft-Windows-AppXDeploymentServer/Operational", "Provider_Name": "Microsoft-Windows-AppXDeployment-Server", "Computer": "DESKTOP-OFJ6N53", "TimeCreated": "2025-07-24 21:47:10.271696+00:00", "RecordID": "114523", "Level": "5", "UserID": "S-1-5-18", "EventData.DeploymentOperation": "6", "EventData.MainPackageMoniker": "Microsoft.MicrosoftOfficeHub_19.2507.51101.0_neutral_~_8wekyb3d8bbwe", "EventData.ResiliencyFilePath": "C:\\ProgramData\\Microsoft\\Windows\\AppRepository\\1dcd5e57-3e4d-43b5-9ff6-de398e075c95_S-1-5-21-963789628-1060504924-4285088085-1001_16.rslc"}
{"EventID": "607", "Channel": "Microsoft-Windows-AppXDeploymentServer/Operational", "Provider_Name": "Microsoft-Windows-AppXDeployment-Server", "Computer": "DESKTOP-OFJ6N53", "TimeCreated": "2025-07-24 21:47:10.272312+00:00", "RecordID": "114524", "Level": "4", "UserID": "S-1-5-21-963789628-1060504924-4285088085-1001", "EventData.DeploymentOperation": "6", "EventData.PackageFullName": "Microsoft.MicrosoftOfficeHub_19.2507.51101.0_neutral_~_8wekyb3d8bbwe", "EventData.UserSid": "S-1-5-21-963789628-1060504924-4285088085-1001", "EventData.CallingProcess": "svchost.exe,wuauserv"}
