{"EventID": "62170", "Channel": "Microsoft-Windows-Shell-Core/Operational", "Provider_Name": "Microsoft-Windows-Shell-Core", "Computer": "DESKTOP-OFJ6N53", "TimeCreated": "2025-08-13 14:43:46.681265+00:00", "RecordID": "34617", "Level": "4", "UserID": "S-1-5-21-963789628-1060504924-4285088085-1001", "EventData.LogonType": "1024", "EventData.TaskName": "LaunchExplorerDestListMigrationPostStart"}
{"EventID": "62171", "Channel": "Microsoft-Windows-Shell-Core/Operational", "Provider_Name": "Microsoft-Windows-Shell-Core", "Computer": "DESKTOP-OFJ6N53", "TimeCreated": "2025-08-13 14:43:46.681267+00:00", "RecordID": "34618", "Level": "4", "UserID": "S-1-5-21-963789628-1060504924-4285088085-1001", "EventData.LogonType": "1024", "EventData.TaskName": "LaunchExplorerDestListMigrationPostStart"}
{"EventID": "62170", "Channel": "Microsoft-Windows-Shell-Core/Operational", "Provider_Name": "Microsoft-Windows-Shell-Core", "Computer": "DESKTOP-OFJ6N53", "TimeCreated": "2025-08-13 14:43:46.681284+00:00", "RecordID": "34619", "Level": "4", "UserID": "S-1-5-21-963789628-1060504924-4285088085-1001", "EventData.LogonType": "1024", "EventData.TaskName": "LaunchCustomShell"}
{"EventID": "62171", "Channel": "Microsoft-Windows-Shell-Core/Operational", "Provider_Name": "Microsoft-Windows-Shell-Core", "Computer": "DESKTOP-OFJ6N53", "TimeCreated": "2025-08-13 14:43:46.681370+00:00", "RecordID": "34620", "Level": "4", "UserID": "S-1-5-21-963789628-1060504924-4285088085-1001", "EventData.LogonType": "1024", "EventData.TaskName": "CreateEdgeIconIfNeededPostStart"}
{"EventID": "62170", "Channel": "Microsoft-Windows-Shell-Core/Operational", "Provider_Name": "Microsoft-Windows-Shell-Core", "Computer": "DESKTOP-OFJ6N53", "TimeCreated": "2025-08-13 14:43:46.681429+00:00", "RecordID": "34621", "Level": "4", "UserID": "S-1-5-21-963789628-1060504924-4285088085-1001", "EventData.LogonType": "1024", "EventData.TaskName": "FamilySync"}
{"EventID": "62171", "Channel": "Microsoft-Windows-Shell-Core/Operational", "Provider_Name": "Microsoft-Windows-Shell-Core", "Computer": "DESKTOP-OFJ6N53", "TimeCreated": "2025-08-13 14:43:46.681437+00:00", "RecordID": "34622", "Level": "4", "UserID": "S-1-5-21-963789628-1060504924-4285088085-1001", "EventData.LogonType": "1024", "EventData.TaskName": "FamilySync"}
{"EventID": "62171", "Channel": "Microsoft-Windows-Shell-Core/Operational", "Provider_Name": "Microsoft-Windows-Shell-Core", "Computer": "DESKTOP-OFJ6N53", "TimeCreated": "2025-08-13 14:43:46.681559+00:00", "RecordID": "34623", "Level": "4", "UserID": "S-1-5-21-963789628-1060504924-4285088085-1001", "EventData.LogonType": "1024", "EventData.TaskName": "PostStartTasks"}
{"EventID": "62170", "Channel": "Microsoft-Windows-Shell-Core/Operational", "Provider_Name": "Microsoft-Windows-Shell-Core", "Computer": "DESKTOP-OFJ6N53", "TimeCreated": "2025-08-13 14:43:46.681993+00:00", "RecordID": "34624", "Level": "4", "UserID": "S-1-5-21-963789628-1060504924-4285088085-1001", "EventData.LogonType": "1024", "EventData.TaskName": "StartSkydriveSync"}
{"EventID": "62171", "Channel": "Microsoft-Windows-Shell-Core/Operational", "Provider_Name": "Microsoft-Windows-Shell-Core", "Computer": "DESKTOP-OFJ6N53", "TimeCreated": "2025-08-13 14:43:46.682566+00:00", "RecordID": "34625", "Level": "4", "UserID": "S-1-5-21-963789628-1060504924-4285088085-1001", "EventData.LogonType": "1024", "EventData.TaskName": "LaunchCustomShell"}
{"EventID": "62170", "Channel": "Microsoft-Windows-Shell-Core/Operational", "Provider_Name": "Microsoft-Windows-Shell-Core", "Computer": "DESKTOP-OFJ6N53", "TimeCreated": "2025-08-13 14:43:46.683310+00:00", "RecordID": "34626", "Level": "4", "UserID": "S-1-5-21-963789628-1060504924-4285088085-1001", "EventData.LogonType": "1024", "EventData.TaskName": "LaunchLockScreenCacheImageRestorePostStart"}
{"EventID": "62171", "Channel": "Microsoft-Windows-Shell-Core/Operational", "Provider_Name": "Microsoft-Windows-Shell-Core", "Computer": "DESKTOP-OFJ6N53", "TimeCreated": "2025-08-13 14:43:46.683311+00:00", "RecordID": "34627", "Level": "4", "UserID": "S-1-5-21-963789628-1060504924-4285088085-1001", "EventData.LogonType": "1024", "EventData.TaskName": "LaunchLockScreenCacheImageRestorePostStart"}
{"EventID": "62170", "Channel": "Microsoft-Windows-Shell-Core/Operational", "Provider_Name": "Microsoft-Windows-Shell-Core", "Computer": "DESKTOP-OFJ6N53", "TimeCreated": "2025-08-13 14:43:46.683731+00:00", "RecordID": "34628", "Level": "4", "UserID": "S-1-5-21-963789628-1060504924-4285088085-1001", "EventData.LogonType": "1024", "EventData.TaskName": "FamilyMembersNotification"}
{"EventID": "62171", "Channel": "Microsoft-Windows-Shell-Core/Operational", "Provider_Name": "Microsoft-Windows-Shell-Core", "Computer": "DESKTOP-OFJ6N53", "TimeCreated": "2025-08-13 14:43:46.683773+00:00", "RecordID": "34629", "Level": "4", "UserID": "S-1-5-21-963789628-1060504924-4285088085-1001", "EventData.LogonType": "1024", "EventData.TaskName": "FamilyMembersNotification"}
{"EventID": "62170", "Channel": "Microsoft-Windows-Shell-Core/Operational", "Provider_Name": "Microsoft-Windows-Shell-Core", "Computer": "DESKTOP-OFJ6N53", "TimeCreated": "2025-08-13 14:43:46.683844+00:00", "RecordID": "34630", "Level": "4", "UserID": "S-1-5-21-963789628-1060504924-4285088085-1001", "EventData.LogonType": "1024", "EventData.TaskName": "CDSDataMigration"}
{"EventID": "62171", "Channel": "Microsoft-Windows-Shell-Core/Operational", "Provider_Name": "Microsoft-Windows-Shell-Core", "Computer": "DESKTOP-OFJ6N53", "TimeCreated": "2025-08-13 14:43:46.684237+00:00", "RecordID": "34631", "Level": "4", "UserID": "S-1-5-21-963789628-1060504924-4285088085-1001", "EventData.LogonType": "1024", "EventData.TaskName": "AssignedAccessAutoLaunch"}
{"EventID": "62171", "Channel": "Microsoft-Windows-Shell-Core/Operational", "Provider_Name": "Microsoft-Windows-Shell-Core", "Computer": "DESKTOP-OFJ6N53", "TimeCreated": "2025-08-13 14:43:46.685169+00:00", "RecordID": "34632", "Level": "4", "UserID": "S-1-5-21-963789628-1060504924-4285088085-1001", "EventData.LogonType": "1024", "EventData.TaskName": "CDSDataMigration"}
{"EventID": "62171", "Channel": "Microsoft-Windows-Shell-Core/Operational", "Provider_Name": "Microsoft-Windows-Shell-Core", "Computer": "DESKTOP-OFJ6N53", "TimeCreated": "2025-08-13 14:43:46.686464+00:00", "RecordID": "34633", "Level": "4", "UserID": "S-1-5-21-963789628-1060504924-4285088085-1001", "EventData.LogonType": "1024", "EventData.TaskName": "StartSkydriveSync"}
{"EventID": "62171", "Channel": "Microsoft-Windows-Shell-Core/Operational", "Provider_Name": "Microsoft-Windows-Shell-Core", "Computer": "DESKTOP-OFJ6N53", "TimeCreated": "2025-08-13 14:43:46.692371+00:00", "RecordID": "34634", "Level": "4", "UserID": "S-1-5-21-963789628-1060504924-4285088085-1001", "EventData.LogonType": "1024", "EventData.TaskName": "LaunchInputDialListenerPostStart"}
{"EventID": "62171", "Channel": "Microsoft-Windows-Shell-Core/Operational", "Provider_Name": "Microsoft-Windows-Shell-Core", "Computer": "DESKTOP-OFJ6N53", "TimeCreated": "2025-08-13 14:43:46.933207+00:00", "RecordID": "34635", "Level": "4", "UserID": "S-1-5-21-963789628-1060504924-4285088085-1001", "EventData.LogonType": "1024", "EventData.TaskName": "ARSFirstRunTelemetry"}
{"EventID": "62171", "Channel": "Microsoft-Windows-Shell-Core/Operational", "Provider_Name": "Microsoft-Windows-Shell-Core", "Computer": "DESKTOP-OFJ6N53", "TimeCreated": "2025-08-13 14:43:47.131241+00:00", "RecordID": "34636", "Level": "4", "UserID": "S-1-5-21-963789628-1060504924-4285088085-1001", "EventData.LogonType": "1024", "EventData.TaskName": "AppReadinessNotifyLogonComplete"}
{"EventID": "28017", "Channel": "Microsoft-Windows-Shell-Core/Operational", "Provider_Name": "Microsoft-Windows-Shell-Core", "Computer": "DESKTOP-OFJ6N53", "TimeCreated": "2025-08-13 14:43:48.324295+00:00", "RecordID": "34637", "Level": "4", "UserID": "S-1-5-21-963789628-1060504924-4285088085-1001"}
{"EventID": "28018", "Channel": "Microsoft-Windows-Shell-Core/Operational", "Provider_Name": "Microsoft-Windows-Shell-Core", "Computer": "DESKTOP-OFJ6N53", "TimeCreated": "2025-08-13 14:43:48.347454+00:00", "RecordID": "34638", "Level": "4", "UserID": "S-1-5-21-963789628-1060504924-4285088085-1001"}
{"EventID": "28019", "Channel": "Microsoft-Windows-Shell-Core/Operational", "Provider_Name": "Microsoft-Windows-Shell-Core", "Computer": "DESKTOP-OFJ6N53", "TimeCreated": "2025-08-13 14:43:48.354567+00:00", "RecordID": "34639", "Level": "4", "UserID": "S-1-5-21-963789628-1060504924-4285088085-1001"}
{"EventID": "9705", "Channel": "Microsoft-Windows-Shell-Core/Operational", "Provider_Name": "Microsoft-Windows-Shell-Core", "Computer": "DESKTOP-OFJ6N53", "TimeCreated": "2025-08-13 14:43:57.861111+00:00", "RecordID": "34640", "Level": "4", "UserID": "S-1-5-21-963789628-1060504924-4285088085-1001", "EventData.KeyName": "Software\\Microsoft\\Windows\\CurrentVersion\\Run"}
{"EventID": "9707", "Channel": "Microsoft-Windows-Shell-Core/Operational", "Provider_Name": "Microsoft-Windows-Shell-Core", "Computer": "DESKTOP-OFJ6N53", "TimeCreated": "2025-08-13 14:43:57.861420+00:00", "RecordID": "34641", "Level": "4", "UserID": "S-1-5-21-963789628-1060504924-4285088085-1001", "EventData.Command": "SecurityHealthSystray.exe"}
{"EventID": "9708", "Channel": "Microsoft-Windows-Shell-Core/Operational", "Provider_Name": "Microsoft-Windows-Shell-Core", "Computer": "DESKTOP-OFJ6N53", "TimeCreated": "2025-08-13 14:44:00.079088+00:00", "RecordID": "34642", "Level": "4", "UserID": "S-1-5-21-963789628-1060504924-4285088085-1001", "EventData.PID": "10892", "EventData.Command": "SecurityHealthSystray.exe"}
{"EventID": "9707", "Channel": "Microsoft-Windows-Shell-Core/Operational", "Provider_Name": "Microsoft-Windows-Shell-Core", "Computer": "DESKTOP-OFJ6N53", "TimeCreated": "2025-08-13 14:44:00.081842+00:00", "RecordID": "34643", "Level": "4", "UserID": "S-1-5-21-963789628-1060504924-4285088085-1001", "EventData.Command": "JaCartaUC.exe\" -s"}
{"EventID": "9708", "Channel": "Microsoft-Windows-Shell-Core/Operational", "Provider_Name": "Microsoft-Windows-Shell-Core", "Computer": "DESKTOP-OFJ6N53", "TimeCreated": "2025-08-13 14:44:00.990459+00:00", "RecordID": "34644", "Level": "4", "UserID": "S-1-5-21-963789628-1060504924-4285088085-1001", "EventData.PID": "10932", "EventData.Command": "JaCartaUC.exe\" -s"}
{"EventID": "9707", "Channel": "Microsoft-Windows-Shell-Core/Operational", "Provider_Name": "Microsoft-Windows-Shell-Core", "Computer": "DESKTOP-OFJ6N53", "TimeCreated": "2025-08-13 14:44:00.990614+00:00", "RecordID": "34645", "Level": "4", "UserID": "S-1-5-21-963789628-1060504924-4285088085-1001", "EventData.Command": "vpnclient_x64.exe\" /uihelp"}
{"EventID": "9708", "Channel": "Microsoft-Windows-Shell-Core/Operational", "Provider_Name": "Microsoft-Windows-Shell-Core", "Computer": "DESKTOP-OFJ6N53", "TimeCreated": "2025-08-13 14:44:01.782272+00:00", "RecordID": "34646", "Level": "4", "UserID": "S-1-5-21-963789628-1060504924-4285088085-1001", "EventData.PID": "11044", "EventData.Command": "vpnclient_x64.exe\" /uihelp"}
{"EventID": "9706", "Channel": "Microsoft-Windows-Shell-Core/Operational", "Provider_Name": "Microsoft-Windows-Shell-Core", "Computer": "DESKTOP-OFJ6N53", "TimeCreated": "2025-08-13 14:44:01.782291+00:00", "RecordID": "34647", "Level": "4", "UserID": "S-1-5-21-963789628-1060504924-4285088085-1001", "EventData.KeyName": "Software\\Microsoft\\Windows\\CurrentVersion\\Run"}
{"EventID": "9705", "Channel": "Microsoft-Windows-Shell-Core/Operational", "Provider_Name": "Microsoft-Windows-Shell-Core", "Computer": "DESKTOP-OFJ6N53", "TimeCreated": "2025-08-13 14:44:01.782539+00:00", "RecordID": "34648", "Level": "4", "UserID": "S-1-5-21-963789628-1060504924-4285088085-1001", "EventData.KeyName": "Software\\Microsoft\\Windows\\CurrentVersion\\Run"}
{"EventID": "9707", "Channel": "Microsoft-Windows-Shell-Core/Operational", "Provider_Name": "Microsoft-Windows-Shell-Core", "Computer": "DESKTOP-OFJ6N53", "TimeCreated": "2025-08-13 14:44:01.782795+00:00", "RecordID": "34649", "Level": "4", "UserID": "S-1-5-21-963789628-1060504924-4285088085-1001", "EventData.Command": "OneDrive.exe\" /background"}
{"EventID": "9708", "Channel": "Microsoft-Windows-Shell-Core/Operational", "Provider_Name": "Microsoft-Windows-Shell-Core", "Computer": "DESKTOP-OFJ6N53", "TimeCreated": "2025-08-13 14:44:02.372196+00:00", "RecordID": "34650", "Level": "4", "UserID": "S-1-5-21-963789628-1060504924-4285088085-1001", "EventData.PID": "11132", "EventData.Command": "OneDrive.exe\" /background"}
{"EventID": "9707", "Channel": "Microsoft-Windows-Shell-Core/Operational", "Provider_Name": "Microsoft-Windows-Shell-Core", "Computer": "DESKTOP-OFJ6N53", "TimeCreated": "2025-08-13 14:44:02.372400+00:00", "RecordID": "34651", "Level": "4", "UserID": "S-1-5-21-963789628-1060504924-4285088085-1001", "EventData.Command": "CShellJavaLauncher.exe\""}
{"EventID": "9708", "Channel": "Microsoft-Windows-Shell-Core/Operational", "Provider_Name": "Microsoft-Windows-Shell-Core", "Computer": "DESKTOP-OFJ6N53", "TimeCreated": "2025-08-13 14:44:03.239380+00:00", "RecordID": "34652", "Level": "4", "UserID": "S-1-5-21-963789628-1060504924-4285088085-1001", "EventData.PID": "11152", "EventData.Command": "CShellJavaLauncher.exe\""}
{"EventID": "9707", "Channel": "Microsoft-Windows-Shell-Core/Operational", "Provider_Name": "Microsoft-Windows-Shell-Core", "Computer": "DESKTOP-OFJ6N53", "TimeCreated": "2025-08-13 14:44:03.239544+00:00", "RecordID": "34653", "Level": "4", "UserID": "S-1-5-21-963789628-1060504924-4285088085-1001", "EventData.Command": "ZtnClient.exe\""}
{"EventID": "9708", "Channel": "Microsoft-Windows-Shell-Core/Operational", "Provider_Name": "Microsoft-Windows-Shell-Core", "Computer": "DESKTOP-OFJ6N53", "TimeCreated": "2025-08-13 14:44:06.589247+00:00", "RecordID": "34654", "Level": "4", "UserID": "S-1-5-21-963789628-1060504924-4285088085-1001", "EventData.PID": "8912", "EventData.Command": "ZtnClient.exe\""}
{"EventID": "9707", "Channel": "Microsoft-Windows-Shell-Core/Operational", "Provider_Name": "Microsoft-Windows-Shell-Core", "Computer": "DESKTOP-OFJ6N53", "TimeCreated": "2025-08-13 14:44:06.589346+00:00", "RecordID": "34655", "Level": "4", "UserID": "S-1-5-21-963789628-1060504924-4285088085-1001", "EventData.Command": "msedge.exe\" --no-startup-window --win-session-start"}
{"EventID": "9708", "Channel": "Microsoft-Windows-Shell-Core/Operational", "Provider_Name": "Microsoft-Windows-Shell-Core", "Computer": "DESKTOP-OFJ6N53", "TimeCreated": "2025-08-13 14:44:07.465826+00:00", "RecordID": "34656", "Level": "4", "UserID": "S-1-5-21-963789628-1060504924-4285088085-1001", "EventData.PID": "10516", "EventData.Command": "msedge.exe\" --no-startup-window --win-session-start"}
{"EventID": "9706", "Channel": "Microsoft-Windows-Shell-Core/Operational", "Provider_Name": "Microsoft-Windows-Shell-Core", "Computer": "DESKTOP-OFJ6N53", "TimeCreated": "2025-08-13 14:44:07.465837+00:00", "RecordID": "34657", "Level": "4", "UserID": "S-1-5-21-963789628-1060504924-4285088085-1001", "EventData.KeyName": "Software\\Microsoft\\Windows\\CurrentVersion\\Run"}
{"EventID": "9705", "Channel": "Microsoft-Windows-Shell-Core/Operational", "Provider_Name": "Microsoft-Windows-Shell-Core", "Computer": "DESKTOP-OFJ6N53", "TimeCreated": "2025-08-13 14:44:08.213980+00:00", "RecordID": "34658", "Level": "4", "UserID": "S-1-5-21-963789628-1060504924-4285088085-1001", "EventData.KeyName": "Software\\Microsoft\\Windows\\CurrentVersion\\Run"}
{"EventID": "9707", "Channel": "Microsoft-Windows-Shell-Core/Operational", "Provider_Name": "Microsoft-Windows-Shell-Core", "Computer": "DESKTOP-OFJ6N53", "TimeCreated": "2025-08-13 14:44:08.221092+00:00", "RecordID": "34659", "Level": "4", "UserID": "S-1-5-21-963789628-1060504924-4285088085-1001", "EventData.Command": "concentr.exe\" /startup"}
{"EventID": "9705", "Channel": "Microsoft-Windows-Shell-Core/Operational", "Provider_Name": "Microsoft-Windows-Shell-Core", "Computer": "DESKTOP-OFJ6N53", "TimeCreated": "2025-08-13 14:44:10.806931+00:00", "RecordID": "34660", "Level": "4", "UserID": "S-1-5-21-963789628-1060504924-4285088085-1001", "EventData.KeyName": "Software\\Microsoft\\Windows\\CurrentVersion\\RunOnce"}
{"EventID": "9706", "Channel": "Microsoft-Windows-Shell-Core/Operational", "Provider_Name": "Microsoft-Windows-Shell-Core", "Computer": "DESKTOP-OFJ6N53", "TimeCreated": "2025-08-13 14:44:10.806938+00:00", "RecordID": "34661", "Level": "4", "UserID": "S-1-5-21-963789628-1060504924-4285088085-1001", "EventData.KeyName": "Software\\Microsoft\\Windows\\CurrentVersion\\RunOnce"}
{"EventID": "9708", "Channel": "Microsoft-Windows-Shell-Core/Operational", "Provider_Name": "Microsoft-Windows-Shell-Core", "Computer": "DESKTOP-OFJ6N53", "TimeCreated": "2025-08-13 14:44:12.475296+00:00", "RecordID": "34662", "Level": "4", "UserID": "S-1-5-21-963789628-1060504924-4285088085-1001", "EventData.PID": "9164", "EventData.Command": "concentr.exe\" /startup"}
{"EventID": "9707", "Channel": "Microsoft-Windows-Shell-Core/Operational", "Provider_Name": "Microsoft-Windows-Shell-Core", "Computer": "DESKTOP-OFJ6N53", "TimeCreated": "2025-08-13 14:44:12.475498+00:00", "RecordID": "34663", "Level": "4", "UserID": "S-1-5-21-963789628-1060504924-4285088085-1001", "EventData.Command": "redirector.exe\" /startup"}
{"EventID": "9708", "Channel": "Microsoft-Windows-Shell-Core/Operational", "Provider_Name": "Microsoft-Windows-Shell-Core", "Computer": "DESKTOP-OFJ6N53", "TimeCreated": "2025-08-13 14:44:14.257620+00:00", "RecordID": "34664", "Level": "4", "UserID": "S-1-5-21-963789628-1060504924-4285088085-1001", "EventData.PID": "10488", "EventData.Command": "redirector.exe\" /startup"}
{"EventID": "9707", "Channel": "Microsoft-Windows-Shell-Core/Operational", "Provider_Name": "Microsoft-Windows-Shell-Core", "Computer": "DESKTOP-OFJ6N53", "TimeCreated": "2025-08-13 14:44:14.257795+00:00", "RecordID": "34665", "Level": "4", "UserID": "S-1-5-21-963789628-1060504924-4285088085-1001", "EventData.Command": "vpnui.exe\" -minimized"}
{"EventID": "9708", "Channel": "Microsoft-Windows-Shell-Core/Operational", "Provider_Name": "Microsoft-Windows-Shell-Core", "Computer": "DESKTOP-OFJ6N53", "TimeCreated": "2025-08-13 14:44:15.136202+00:00", "RecordID": "34666", "Level": "4", "UserID": "S-1-5-21-963789628-1060504924-4285088085-1001", "EventData.PID": "8588", "EventData.Command": "vpnui.exe\" -minimized"}
{"EventID": "9707", "Channel": "Microsoft-Windows-Shell-Core/Operational", "Provider_Name": "Microsoft-Windows-Shell-Core", "Computer": "DESKTOP-OFJ6N53", "TimeCreated": "2025-08-13 14:44:15.136341+00:00", "RecordID": "34667", "Level": "4", "UserID": "S-1-5-21-963789628-1060504924-4285088085-1001", "EventData.Command": "STerraCSPTray.exe\""}
{"EventID": "9708", "Channel": "Microsoft-Windows-Shell-Core/Operational", "Provider_Name": "Microsoft-Windows-Shell-Core", "Computer": "DESKTOP-OFJ6N53", "TimeCreated": "2025-08-13 14:44:16.771870+00:00", "RecordID": "34668", "Level": "4", "UserID": "S-1-5-21-963789628-1060504924-4285088085-1001", "EventData.PID": "8488", "EventData.Command": "STerraCSPTray.exe\""}
{"EventID": "9707", "Channel": "Microsoft-Windows-Shell-Core/Operational", "Provider_Name": "Microsoft-Windows-Shell-Core", "Computer": "DESKTOP-OFJ6N53", "TimeCreated": "2025-08-13 14:44:16.771975+00:00", "RecordID": "34669", "Level": "4", "UserID": "S-1-5-21-963789628-1060504924-4285088085-1001", "EventData.Command": "cptrayUI.exe\""}
{"EventID": "9708", "Channel": "Microsoft-Windows-Shell-Core/Operational", "Provider_Name": "Microsoft-Windows-Shell-Core", "Computer": "DESKTOP-OFJ6N53", "TimeCreated": "2025-08-13 14:44:18.089661+00:00", "RecordID": "34670", "Level": "4", "UserID": "S-1-5-21-963789628-1060504924-4285088085-1001", "EventData.PID": "11400", "EventData.Command": "cptrayUI.exe\""}
{"EventID": "9707", "Channel": "Microsoft-Windows-Shell-Core/Operational", "Provider_Name": "Microsoft-Windows-Shell-Core", "Computer": "DESKTOP-OFJ6N53", "TimeCreated": "2025-08-13 14:44:18.089857+00:00", "RecordID": "34671", "Level": "4", "UserID": "S-1-5-21-963789628-1060504924-4285088085-1001", "EventData.Command": "cptrayWUI.exe\" 2"}
{"EventID": "9708", "Channel": "Microsoft-Windows-Shell-Core/Operational", "Provider_Name": "Microsoft-Windows-Shell-Core", "Computer": "DESKTOP-OFJ6N53", "TimeCreated": "2025-08-13 14:44:19.208157+00:00", "RecordID": "34672", "Level": "4", "UserID": "S-1-5-21-963789628-1060504924-4285088085-1001", "EventData.PID": "11608", "EventData.Command": "cptrayWUI.exe\" 2"}
{"EventID": "9707", "Channel": "Microsoft-Windows-Shell-Core/Operational", "Provider_Name": "Microsoft-Windows-Shell-Core", "Computer": "DESKTOP-OFJ6N53", "TimeCreated": "2025-08-13 14:44:19.208288+00:00", "RecordID": "34673", "Level": "4", "UserID": "S-1-5-21-963789628-1060504924-4285088085-1001", "EventData.Command": "TrGUI.exe\""}
{"EventID": "9708", "Channel": "Microsoft-Windows-Shell-Core/Operational", "Provider_Name": "Microsoft-Windows-Shell-Core", "Computer": "DESKTOP-OFJ6N53", "TimeCreated": "2025-08-13 14:44:20.148935+00:00", "RecordID": "34674", "Level": "4", "UserID": "S-1-5-21-963789628-1060504924-4285088085-1001", "EventData.PID": "11784", "EventData.Command": "TrGUI.exe\""}
{"EventID": "9707", "Channel": "Microsoft-Windows-Shell-Core/Operational", "Provider_Name": "Microsoft-Windows-Shell-Core", "Computer": "DESKTOP-OFJ6N53", "TimeCreated": "2025-08-13 14:44:20.352592+00:00", "RecordID": "34675", "Level": "4", "UserID": "S-1-5-21-963789628-1060504924-4285088085-1001", "EventData.Command": "jusched.exe\""}
{"EventID": "9708", "Channel": "Microsoft-Windows-Shell-Core/Operational", "Provider_Name": "Microsoft-Windows-Shell-Core", "Computer": "DESKTOP-OFJ6N53", "TimeCreated": "2025-08-13 14:44:21.709509+00:00", "RecordID": "34676", "Level": "4", "UserID": "S-1-5-21-963789628-1060504924-4285088085-1001", "EventData.PID": "11920", "EventData.Command": "jusched.exe\""}
{"EventID": "9706", "Channel": "Microsoft-Windows-Shell-Core/Operational", "Provider_Name": "Microsoft-Windows-Shell-Core", "Computer": "DESKTOP-OFJ6N53", "TimeCreated": "2025-08-13 14:44:21.709526+00:00", "RecordID": "34677", "Level": "4", "UserID": "S-1-5-21-963789628-1060504924-4285088085-1001", "EventData.KeyName": "Software\\Microsoft\\Windows\\CurrentVersion\\Run"}
{"EventID": "28017", "Channel": "Microsoft-Windows-Shell-Core/Operational", "Provider_Name": "Microsoft-Windows-Shell-Core", "Computer": "DESKTOP-OFJ6N53", "TimeCreated": "2025-08-16 10:28:55.347960+00:00", "RecordID": "34678", "Level": "4", "UserID": "S-1-5-21-963789628-1060504924-4285088085-1001"}
{"EventID": "28032", "Channel": "Microsoft-Windows-Shell-Core/Operational", "Provider_Name": "Microsoft-Windows-Shell-Core", "Computer": "DESKTOP-OFJ6N53", "TimeCreated": "2025-08-16 10:28:55.410875+00:00", "RecordID": "34679", "Level": "4", "UserID": "S-1-5-21-963789628-1060504924-4285088085-1001", "EventData.Filename": "C:\\Program Files\\Google\\Chrome\\Application\\chrome.VisualElementsManifest.xml", "EventData.SchemaType": "2", "EventData.ErrorCode": "0", "EventData.Failure reason": "NULL"}
{"EventID": "28117", "Channel": "Microsoft-Windows-Shell-Core/Operational", "Provider_Name": "Microsoft-Windows-Shell-Core", "Computer": "DESKTOP-OFJ6N53", "TimeCreated": "2025-08-16 10:28:55.422750+00:00", "RecordID": "34680", "Level": "4", "UserID": "S-1-5-21-963789628-1060504924-4285088085-1001", "EventData.Name": "Google Chrome", "EventData.AppID": "Chrome", "EventData.Flags": "49"}
{"EventID": "28032", "Channel": "Microsoft-Windows-Shell-Core/Operational", "Provider_Name": "Microsoft-Windows-Shell-Core", "Computer": "DESKTOP-OFJ6N53", "TimeCreated": "2025-08-16 10:28:55.468624+00:00", "RecordID": "34681", "Level": "4", "UserID": "S-1-5-21-963789628-1060504924-4285088085-1001", "EventData.Filename": "C:\\Program Files\\Google\\Chrome\\Application\\chrome.VisualElementsManifest.xml", "EventData.SchemaType": "2", "EventData.ErrorCode": "0", "EventData.Failure reason": "NULL"}
{"EventID": "28117", "Channel": "Microsoft-Windows-Shell-Core/Operational", "Provider_Name": "Microsoft-Windows-Shell-Core", "Computer": "DESKTOP-OFJ6N53", "TimeCreated": "2025-08-16 10:28:55.470343+00:00", "RecordID": "34682", "Level": "4", "UserID": "S-1-5-21-963789628-1060504924-4285088085-1001", "EventData.Name": "Google Chrome", "EventData.AppID": "Chrome", "EventData.Flags": "17"}
{"EventID": "28018", "Channel": "Microsoft-Windows-Shell-Core/Operational", "Provider_Name": "Microsoft-Windows-Shell-Core", "Computer": "DESKTOP-OFJ6N53", "TimeCreated": "2025-08-16 10:28:55.476048+00:00", "RecordID": "34683", "Level": "4", "UserID": "S-1-5-21-963789628-1060504924-4285088085-1001"}
{"EventID": "28019", "Channel": "Microsoft-Windows-Shell-Core/Operational", "Provider_Name": "Microsoft-Windows-Shell-Core", "Computer": "DESKTOP-OFJ6N53", "TimeCreated": "2025-08-16 10:28:55.486731+00:00", "RecordID": "34684", "Level": "4", "UserID": "S-1-5-21-963789628-1060504924-4285088085-1001"}
{"EventID": "28017", "Channel": "Microsoft-Windows-Shell-Core/Operational", "Provider_Name": "Microsoft-Windows-Shell-Core", "Computer": "DESKTOP-OFJ6N53", "TimeCreated": "2025-08-16 15:09:31.200365+00:00", "RecordID": "34685", "Level": "4", "UserID": "S-1-5-21-963789628-1060504924-4285088085-1001"}
{"EventID": "28032", "Channel": "Microsoft-Windows-Shell-Core/Operational", "Provider_Name": "Microsoft-Windows-Shell-Core", "Computer": "DESKTOP-OFJ6N53", "TimeCreated": "2025-08-16 15:09:31.230253+00:00", "RecordID": "34686", "Level": "4", "UserID": "S-1-5-21-963789628-1060504924-4285088085-1001", "EventData.Filename": "C:\\Users\\sk.batsiev\\AppData\\Local\\Microsoft\\OneDrive\\OneDrive.VisualElementsManifest.xml", "EventData.SchemaType": "2", "EventData.ErrorCode": "0", "EventData.Failure reason": "NULL"}
{"EventID": "28117", "Channel": "Microsoft-Windows-Shell-Core/Operational", "Provider_Name": "Microsoft-Windows-Shell-Core", "Computer": "DESKTOP-OFJ6N53", "TimeCreated": "2025-08-16 15:09:31.236097+00:00", "RecordID": "34687", "Level": "4", "UserID": "S-1-5-21-963789628-1060504924-4285088085-1001", "EventData.Name": "OneDrive", "EventData.AppID": "Microsoft.SkyDrive.Desktop", "EventData.Flags": "49"}
{"EventID": "28018", "Channel": "Microsoft-Windows-Shell-Core/Operational", "Provider_Name": "Microsoft-Windows-Shell-Core", "Computer": "DESKTOP-OFJ6N53", "TimeCreated": "2025-08-16 15:09:31.250278+00:00", "RecordID": "34688", "Level": "4", "UserID": "S-1-5-21-963789628-1060504924-4285088085-1001"}
{"EventID": "28019", "Channel": "Microsoft-Windows-Shell-Core/Operational", "Provider_Name": "Microsoft-Windows-Shell-Core", "Computer": "DESKTOP-OFJ6N53", "TimeCreated": "2025-08-16 15:09:31.284866+00:00", "RecordID": "34689", "Level": "4", "UserID": "S-1-5-21-963789628-1060504924-4285088085-1001"}
{"EventID": "28017", "Channel": "Microsoft-Windows-Shell-Core/Operational", "Provider_Name": "Microsoft-Windows-Shell-Core", "Computer": "DESKTOP-OFJ6N53", "TimeCreated": "2025-08-17 08:11:14.639576+00:00", "RecordID": "34690", "Level": "4", "UserID": "S-1-5-21-963789628-1060504924-4285088085-1001"}
{"EventID": "28032", "Channel": "Microsoft-Windows-Shell-Core/Operational", "Provider_Name": "Microsoft-Windows-Shell-Core", "Computer": "DESKTOP-OFJ6N53", "TimeCreated": "2025-08-17 08:11:14.776134+00:00", "RecordID": "34691", "Level": "4", "UserID": "S-1-5-21-963789628-1060504924-4285088085-1001", "EventData.Filename": "C:\\Program Files (x86)\\Microsoft\\Edge\\Application\\msedge.VisualElementsManifest.xml", "EventData.SchemaType": "2", "EventData.ErrorCode": "0", "EventData.Failure reason": "NULL"}
{"EventID": "28117", "Channel": "Microsoft-Windows-Shell-Core/Operational", "Provider_Name": "Microsoft-Windows-Shell-Core", "Computer": "DESKTOP-OFJ6N53", "TimeCreated": "2025-08-17 08:11:14.780128+00:00", "RecordID": "34692", "Level": "4", "UserID": "S-1-5-21-963789628-1060504924-4285088085-1001", "EventData.Name": "Microsoft Edge", "EventData.AppID": "MSEdge", "EventData.Flags": "57"}
{"EventID": "28032", "Channel": "Microsoft-Windows-Shell-Core/Operational", "Provider_Name": "Microsoft-Windows-Shell-Core", "Computer": "DESKTOP-OFJ6N53", "TimeCreated": "2025-08-17 08:11:14.833050+00:00", "RecordID": "34693", "Level": "4", "UserID": "S-1-5-21-963789628-1060504924-4285088085-1001", "EventData.Filename": "C:\\Program Files (x86)\\Microsoft\\Edge\\Application\\msedge.VisualElementsManifest.xml", "EventData.SchemaType": "2", "EventData.ErrorCode": "0", "EventData.Failure reason": "NULL"}
{"EventID": "28117", "Channel": "Microsoft-Windows-Shell-Core/Operational", "Provider_Name": "Microsoft-Windows-Shell-Core", "Computer": "DESKTOP-OFJ6N53", "TimeCreated": "2025-08-17 08:11:14.834736+00:00", "RecordID": "34694", "Level": "4", "UserID": "S-1-5-21-963789628-1060504924-4285088085-1001", "EventData.Name": "Microsoft Edge", "EventData.AppID": "MSEdge", "EventData.Flags": "25"}
{"EventID": "28018", "Channel": "Microsoft-Windows-Shell-Core/Operational", "Provider_Name": "Microsoft-Windows-Shell-Core", "Computer": "DESKTOP-OFJ6N53", "TimeCreated": "2025-08-17 08:11:14.836744+00:00", "RecordID": "34695", "Level": "4", "UserID": "S-1-5-21-963789628-1060504924-4285088085-1001"}
{"EventID": "28019", "Channel": "Microsoft-Windows-Shell-Core/Operational", "Provider_Name": "Microsoft-Windows-Shell-Core", "Computer": "DESKTOP-OFJ6N53", "TimeCreated": "2025-08-17 08:11:14.845049+00:00", "RecordID": "34696", "Level": "4", "UserID": "S-1-5-21-963789628-1060504924-4285088085-1001"}
{"EventID": "28017", "Channel": "Microsoft-Windows-Shell-Core/Operational", "Provider_Name": "Microsoft-Windows-Shell-Core", "Computer": "DESKTOP-OFJ6N53", "TimeCreated": "2025-08-18 08:05:06.556917+00:00", "RecordID": "34697", "Level": "4", "UserID": "S-1-5-21-963789628-1060504924-4285088085-1001"}
{"EventID": "28032", "Channel": "Microsoft-Windows-Shell-Core/Operational", "Provider_Name": "Microsoft-Windows-Shell-Core", "Computer": "DESKTOP-OFJ6N53", "TimeCreated": "2025-08-18 08:05:06.637260+00:00", "RecordID": "34698", "Level": "4", "UserID": "S-1-5-21-963789628-1060504924-4285088085-1001", "EventData.Filename": "C:\\Users\\sk.batsiev\\AppData\\Local\\Programs\\cursor\\Cursor.VisualElementsManifest.xml", "EventData.SchemaType": "2", "EventData.ErrorCode": "0", "EventData.Failure reason": "NULL"}
{"EventID": "28115", "Channel": "Microsoft-Windows-Shell-Core/Operational", "Provider_Name": "Microsoft-Windows-Shell-Core", "Computer": "DESKTOP-OFJ6N53", "TimeCreated": "2025-08-18 08:05:06.647043+00:00", "RecordID": "34699", "Level": "4", "UserID": "S-1-5-21-963789628-1060504924-4285088085-1001", "EventData.Name": "Cursor", "EventData.AppID": "Anysphere.Cursor", "EventData.Flags": "49"}
{"EventID": "28032", "Channel": "Microsoft-Windows-Shell-Core/Operational", "Provider_Name": "Microsoft-Windows-Shell-Core", "Computer": "DESKTOP-OFJ6N53", "TimeCreated": "2025-08-18 08:05:06.669127+00:00", "RecordID": "34700", "Level": "4", "UserID": "S-1-5-21-963789628-1060504924-4285088085-1001", "EventData.Filename": "C:\\Users\\sk.batsiev\\AppData\\Local\\Programs\\cursor\\Cursor.VisualElementsManifest.xml", "EventData.SchemaType": "2", "EventData.ErrorCode": "0", "EventData.Failure reason": "NULL"}
{"EventID": "28115", "Channel": "Microsoft-Windows-Shell-Core/Operational", "Provider_Name": "Microsoft-Windows-Shell-Core", "Computer": "DESKTOP-OFJ6N53", "TimeCreated": "2025-08-18 08:05:06.670925+00:00", "RecordID": "34701", "Level": "4", "UserID": "S-1-5-21-963789628-1060504924-4285088085-1001", "EventData.Name": "Cursor", "EventData.AppID": "Anysphere.Cursor", "EventData.Flags": "17"}
{"EventID": "28018", "Channel": "Microsoft-Windows-Shell-Core/Operational", "Provider_Name": "Microsoft-Windows-Shell-Core", "Computer": "DESKTOP-OFJ6N53", "TimeCreated": "2025-08-18 08:05:06.673201+00:00", "RecordID": "34702", "Level": "4", "UserID": "S-1-5-21-963789628-1060504924-4285088085-1001"}
{"EventID": "28019", "Channel": "Microsoft-Windows-Shell-Core/Operational", "Provider_Name": "Microsoft-Windows-Shell-Core", "Computer": "DESKTOP-OFJ6N53", "TimeCreated": "2025-08-18 08:05:06.682993+00:00", "RecordID": "34703", "Level": "4", "UserID": "S-1-5-21-963789628-1060504924-4285088085-1001"}
{"EventID": "28017", "Channel": "Microsoft-Windows-Shell-Core/Operational", "Provider_Name": "Microsoft-Windows-Shell-Core", "Computer": "DESKTOP-OFJ6N53", "TimeCreated": "2025-08-18 08:05:09.584669+00:00", "RecordID": "34704", "Level": "4", "UserID": "S-1-5-21-963789628-1060504924-4285088085-1001"}
{"EventID": "28018", "Channel": "Microsoft-Windows-Shell-Core/Operational", "Provider_Name": "Microsoft-Windows-Shell-Core", "Computer": "DESKTOP-OFJ6N53", "TimeCreated": "2025-08-18 08:05:09.598911+00:00", "RecordID": "34705", "Level": "4", "UserID": "S-1-5-21-963789628-1060504924-4285088085-1001"}
{"EventID": "28019", "Channel": "Microsoft-Windows-Shell-Core/Operational", "Provider_Name": "Microsoft-Windows-Shell-Core", "Computer": "DESKTOP-OFJ6N53", "TimeCreated": "2025-08-18 08:05:09.607014+00:00", "RecordID": "34706", "Level": "4", "UserID": "S-1-5-21-963789628-1060504924-4285088085-1001"}
{"EventID": "62170", "Channel": "Microsoft-Windows-Shell-Core/Operational", "Provider_Name": "Microsoft-Windows-Shell-Core", "Computer": "DESKTOP-OFJ6N53", "TimeCreated": "2025-08-19 07:19:16.072008+00:00", "RecordID": "34707", "Level": "4", "UserID": "S-1-5-21-963789628-1060504924-4285088085-1001", "EventData.LogonType": "1024", "EventData.TaskName": "AllLogonTasks"}
{"EventID": "62170", "Channel": "Microsoft-Windows-Shell-Core/Operational", "Provider_Name": "Microsoft-Windows-Shell-Core", "Computer": "DESKTOP-OFJ6N53", "TimeCreated": "2025-08-19 07:19:16.073353+00:00", "RecordID": "34708", "Level": "4", "UserID": "S-1-5-21-963789628-1060504924-4285088085-1001", "EventData.LogonType": "1024", "EventData.TaskName": "PreRoamingTasks"}
{"EventID": "62170", "Channel": "Microsoft-Windows-Shell-Core/Operational", "Provider_Name": "Microsoft-Windows-Shell-Core", "Computer": "DESKTOP-OFJ6N53", "TimeCreated": "2025-08-19 07:19:16.073862+00:00", "RecordID": "34709", "Level": "4", "UserID": "S-1-5-21-963789628-1060504924-4285088085-1001", "EventData.LogonType": "1024", "EventData.TaskName": "UndockedShellUpdate"}
{"EventID": "62171", "Channel": "Microsoft-Windows-Shell-Core/Operational", "Provider_Name": "Microsoft-Windows-Shell-Core", "Computer": "DESKTOP-OFJ6N53", "TimeCreated": "2025-08-19 07:19:16.073925+00:00", "RecordID": "34710", "Level": "4", "UserID": "S-1-5-21-963789628-1060504924-4285088085-1001", "EventData.LogonType": "1024", "EventData.TaskName": "UndockedShellUpdate"}
{"EventID": "62170", "Channel": "Microsoft-Windows-Shell-Core/Operational", "Provider_Name": "Microsoft-Windows-Shell-Core", "Computer": "DESKTOP-OFJ6N53", "TimeCreated": "2025-08-19 07:19:16.073982+00:00", "RecordID": "34711", "Level": "4", "UserID": "S-1-5-21-963789628-1060504924-4285088085-1001", "EventData.LogonType": "1024", "EventData.TaskName": "ShellPrep"}
{"EventID": "62171", "Channel": "Microsoft-Windows-Shell-Core/Operational", "Provider_Name": "Microsoft-Windows-Shell-Core", "Computer": "DESKTOP-OFJ6N53", "TimeCreated": "2025-08-19 07:19:16.074183+00:00", "RecordID": "34712", "Level": "4", "UserID": "S-1-5-21-963789628-1060504924-4285088085-1001", "EventData.LogonType": "1024", "EventData.TaskName": "ShellPrep"}
{"EventID": "62170", "Channel": "Microsoft-Windows-Shell-Core/Operational", "Provider_Name": "Microsoft-Windows-Shell-Core", "Computer": "DESKTOP-OFJ6N53", "TimeCreated": "2025-08-19 07:19:16.074274+00:00", "RecordID": "34713", "Level": "4", "UserID": "S-1-5-21-963789628-1060504924-4285088085-1001", "EventData.LogonType": "1024", "EventData.TaskName": "AppReadinessPreRoamingGroup"}
{"EventID": "62170", "Channel": "Microsoft-Windows-Shell-Core/Operational", "Provider_Name": "Microsoft-Windows-Shell-Core", "Computer": "DESKTOP-OFJ6N53", "TimeCreated": "2025-08-19 07:19:16.074308+00:00", "RecordID": "34714", "Level": "4", "UserID": "S-1-5-21-963789628-1060504924-4285088085-1001", "EventData.LogonType": "1024", "EventData.TaskName": "DefaultAssociations"}
{"EventID": "62170", "Channel": "Microsoft-Windows-Shell-Core/Operational", "Provider_Name": "Microsoft-Windows-Shell-Core", "Computer": "DESKTOP-OFJ6N53", "TimeCreated": "2025-08-19 07:19:16.074331+00:00", "RecordID": "34715", "Level": "4", "UserID": "S-1-5-21-963789628-1060504924-4285088085-1001", "EventData.LogonType": "1024", "EventData.TaskName": "AppReadinessPreShellGroup"}
{"EventID": "62171", "Channel": "Microsoft-Windows-Shell-Core/Operational", "Provider_Name": "Microsoft-Windows-Shell-Core", "Computer": "DESKTOP-OFJ6N53", "TimeCreated": "2025-08-19 07:19:16.078804+00:00", "RecordID": "34716", "Level": "4", "UserID": "S-1-5-21-963789628-1060504924-4285088085-1001", "EventData.LogonType": "1024", "EventData.TaskName": "DefaultAssociations"}
{"EventID": "62170", "Channel": "Microsoft-Windows-Shell-Core/Operational", "Provider_Name": "Microsoft-Windows-Shell-Core", "Computer": "DESKTOP-OFJ6N53", "TimeCreated": "2025-08-19 07:19:16.900812+00:00", "RecordID": "34717", "Level": "4", "UserID": "S-1-5-21-963789628-1060504924-4285088085-1001", "EventData.LogonType": "1024", "EventData.TaskName": "AppResolver"}
{"EventID": "62170", "Channel": "Microsoft-Windows-Shell-Core/Operational", "Provider_Name": "Microsoft-Windows-Shell-Core", "Computer": "DESKTOP-OFJ6N53", "TimeCreated": "2025-08-19 07:19:16.900856+00:00", "RecordID": "34718", "Level": "4", "UserID": "S-1-5-21-963789628-1060504924-4285088085-1001", "EventData.LogonType": "1024", "EventData.TaskName": "SkydrivePrep"}
{"EventID": "62171", "Channel": "Microsoft-Windows-Shell-Core/Operational", "Provider_Name": "Microsoft-Windows-Shell-Core", "Computer": "DESKTOP-OFJ6N53", "TimeCreated": "2025-08-19 07:19:16.900858+00:00", "RecordID": "34719", "Level": "4", "UserID": "S-1-5-21-963789628-1060504924-4285088085-1001", "EventData.LogonType": "1024", "EventData.TaskName": "SkydrivePrep"}
{"EventID": "62170", "Channel": "Microsoft-Windows-Shell-Core/Operational", "Provider_Name": "Microsoft-Windows-Shell-Core", "Computer": "DESKTOP-OFJ6N53", "TimeCreated": "2025-08-19 07:19:16.900858+00:00", "RecordID": "34720", "Level": "4", "UserID": "S-1-5-21-963789628-1060504924-4285088085-1001", "EventData.LogonType": "1024", "EventData.TaskName": "RunOnce"}
{"EventID": "62170", "Channel": "Microsoft-Windows-Shell-Core/Operational", "Provider_Name": "Microsoft-Windows-Shell-Core", "Computer": "DESKTOP-OFJ6N53", "TimeCreated": "2025-08-19 07:19:16.901014+00:00", "RecordID": "34721", "Level": "4", "UserID": "S-1-5-21-963789628-1060504924-4285088085-1001", "EventData.LogonType": "1024", "EventData.TaskName": "GetLanguageOverlayPackage"}
{"EventID": "62171", "Channel": "Microsoft-Windows-Shell-Core/Operational", "Provider_Name": "Microsoft-Windows-Shell-Core", "Computer": "DESKTOP-OFJ6N53", "TimeCreated": "2025-08-19 07:19:16.901016+00:00", "RecordID": "34722", "Level": "4", "UserID": "S-1-5-21-963789628-1060504924-4285088085-1001", "EventData.LogonType": "1024", "EventData.TaskName": "GetLanguageOverlayPackage"}
{"EventID": "62171", "Channel": "Microsoft-Windows-Shell-Core/Operational", "Provider_Name": "Microsoft-Windows-Shell-Core", "Computer": "DESKTOP-OFJ6N53", "TimeCreated": "2025-08-19 07:19:16.901463+00:00", "RecordID": "34723", "Level": "4", "UserID": "S-1-5-21-963789628-1060504924-4285088085-1001", "EventData.LogonType": "1024", "EventData.TaskName": "RunOnce"}
{"EventID": "62170", "Channel": "Microsoft-Windows-Shell-Core/Operational", "Provider_Name": "Microsoft-Windows-Shell-Core", "Computer": "DESKTOP-OFJ6N53", "TimeCreated": "2025-08-19 07:19:16.901468+00:00", "RecordID": "34724", "Level": "4", "UserID": "S-1-5-21-963789628-1060504924-4285088085-1001", "EventData.LogonType": "1024", "EventData.TaskName": "ActiveSetup"}
{"EventID": "28125", "Channel": "Microsoft-Windows-Shell-Core/Operational", "Provider_Name": "Microsoft-Windows-Shell-Core", "Computer": "DESKTOP-OFJ6N53", "TimeCreated": "2025-08-19 07:19:16.903616+00:00", "RecordID": "34725", "Level": "4", "UserID": "S-1-5-21-963789628-1060504924-4285088085-1001", "EventData.Scenario": "1", "EventData.Flags": "268"}
{"EventID": "62171", "Channel": "Microsoft-Windows-Shell-Core/Operational", "Provider_Name": "Microsoft-Windows-Shell-Core", "Computer": "DESKTOP-OFJ6N53", "TimeCreated": "2025-08-19 07:19:16.912067+00:00", "RecordID": "34726", "Level": "4", "UserID": "S-1-5-21-963789628-1060504924-4285088085-1001", "EventData.LogonType": "1024", "EventData.TaskName": "ActiveSetup"}
{"EventID": "62170", "Channel": "Microsoft-Windows-Shell-Core/Operational", "Provider_Name": "Microsoft-Windows-Shell-Core", "Computer": "DESKTOP-OFJ6N53", "TimeCreated": "2025-08-19 07:19:16.912092+00:00", "RecordID": "34727", "Level": "4", "UserID": "S-1-5-21-963789628-1060504924-4285088085-1001", "EventData.LogonType": "1024", "EventData.TaskName": "WaitForMSAConnected"}
{"EventID": "62171", "Channel": "Microsoft-Windows-Shell-Core/Operational", "Provider_Name": "Microsoft-Windows-Shell-Core", "Computer": "DESKTOP-OFJ6N53", "TimeCreated": "2025-08-19 07:19:16.912094+00:00", "RecordID": "34728", "Level": "4", "UserID": "S-1-5-21-963789628-1060504924-4285088085-1001", "EventData.LogonType": "1024", "EventData.TaskName": "WaitForMSAConnected"}
{"EventID": "62170", "Channel": "Microsoft-Windows-Shell-Core/Operational", "Provider_Name": "Microsoft-Windows-Shell-Core", "Computer": "DESKTOP-OFJ6N53", "TimeCreated": "2025-08-19 07:19:16.912117+00:00", "RecordID": "34729", "Level": "4", "UserID": "S-1-5-21-963789628-1060504924-4285088085-1001", "EventData.LogonType": "1024", "EventData.TaskName": "RefreshOneSettingsFeatureConfigurations"}
{"EventID": "62171", "Channel": "Microsoft-Windows-Shell-Core/Operational", "Provider_Name": "Microsoft-Windows-Shell-Core", "Computer": "DESKTOP-OFJ6N53", "TimeCreated": "2025-08-19 07:19:16.912128+00:00", "RecordID": "34730", "Level": "4", "UserID": "S-1-5-21-963789628-1060504924-4285088085-1001", "EventData.LogonType": "1024", "EventData.TaskName": "RefreshOneSettingsFeatureConfigurations"}
{"EventID": "62171", "Channel": "Microsoft-Windows-Shell-Core/Operational", "Provider_Name": "Microsoft-Windows-Shell-Core", "Computer": "DESKTOP-OFJ6N53", "TimeCreated": "2025-08-19 07:19:16.912273+00:00", "RecordID": "34731", "Level": "4", "UserID": "S-1-5-21-963789628-1060504924-4285088085-1001", "EventData.LogonType": "1024", "EventData.TaskName": "AppReadinessPreRoamingGroup"}
{"EventID": "62171", "Channel": "Microsoft-Windows-Shell-Core/Operational", "Provider_Name": "Microsoft-Windows-Shell-Core", "Computer": "DESKTOP-OFJ6N53", "TimeCreated": "2025-08-19 07:19:16.912277+00:00", "RecordID": "34732", "Level": "4", "UserID": "S-1-5-21-963789628-1060504924-4285088085-1001", "EventData.LogonType": "1024", "EventData.TaskName": "PreRoamingTasks"}
{"EventID": "62170", "Channel": "Microsoft-Windows-Shell-Core/Operational", "Provider_Name": "Microsoft-Windows-Shell-Core", "Computer": "DESKTOP-OFJ6N53", "TimeCreated": "2025-08-19 07:19:16.912279+00:00", "RecordID": "34733", "Level": "4", "UserID": "S-1-5-21-963789628-1060504924-4285088085-1001", "EventData.LogonType": "1024", "EventData.TaskName": "PreShellTasks"}
{"EventID": "62170", "Channel": "Microsoft-Windows-Shell-Core/Operational", "Provider_Name": "Microsoft-Windows-Shell-Core", "Computer": "DESKTOP-OFJ6N53", "TimeCreated": "2025-08-19 07:19:16.912437+00:00", "RecordID": "34734", "Level": "4", "UserID": "S-1-5-21-963789628-1060504924-4285088085-1001", "EventData.LogonType": "1024", "EventData.TaskName": "RoamingBootstrapAndPayloads"}
{"EventID": "62171", "Channel": "Microsoft-Windows-Shell-Core/Operational", "Provider_Name": "Microsoft-Windows-Shell-Core", "Computer": "DESKTOP-OFJ6N53", "TimeCreated": "2025-08-19 07:19:16.912941+00:00", "RecordID": "34735", "Level": "4", "UserID": "S-1-5-21-963789628-1060504924-4285088085-1001", "EventData.LogonType": "1024", "EventData.TaskName": "RoamingBootstrapAndPayloads"}
{"EventID": "62170", "Channel": "Microsoft-Windows-Shell-Core/Operational", "Provider_Name": "Microsoft-Windows-Shell-Core", "Computer": "DESKTOP-OFJ6N53", "TimeCreated": "2025-08-19 07:19:16.912947+00:00", "RecordID": "34736", "Level": "4", "UserID": "S-1-5-21-963789628-1060504924-4285088085-1001", "EventData.LogonType": "1024", "EventData.TaskName": "AppResolverUsageReconcilerInit"}
{"EventID": "62171", "Channel": "Microsoft-Windows-Shell-Core/Operational", "Provider_Name": "Microsoft-Windows-Shell-Core", "Computer": "DESKTOP-OFJ6N53", "TimeCreated": "2025-08-19 07:19:16.912956+00:00", "RecordID": "34737", "Level": "4", "UserID": "S-1-5-21-963789628-1060504924-4285088085-1001", "EventData.LogonType": "1024", "EventData.TaskName": "AppResolverUsageReconcilerInit"}
{"EventID": "62170", "Channel": "Microsoft-Windows-Shell-Core/Operational", "Provider_Name": "Microsoft-Windows-Shell-Core", "Computer": "DESKTOP-OFJ6N53", "TimeCreated": "2025-08-19 07:19:16.912958+00:00", "RecordID": "34738", "Level": "4", "UserID": "S-1-5-21-963789628-1060504924-4285088085-1001", "EventData.LogonType": "1024", "EventData.TaskName": "StartLayoutInit"}
{"EventID": "62170", "Channel": "Microsoft-Windows-Shell-Core/Operational", "Provider_Name": "Microsoft-Windows-Shell-Core", "Computer": "DESKTOP-OFJ6N53", "TimeCreated": "2025-08-19 07:19:16.913004+00:00", "RecordID": "34739", "Level": "4", "UserID": "S-1-5-21-963789628-1060504924-4285088085-1001", "EventData.LogonType": "1024", "EventData.TaskName": "UgradeTaskFlowPolicy"}
{"EventID": "62171", "Channel": "Microsoft-Windows-Shell-Core/Operational", "Provider_Name": "Microsoft-Windows-Shell-Core", "Computer": "DESKTOP-OFJ6N53", "TimeCreated": "2025-08-19 07:19:16.913006+00:00", "RecordID": "34740", "Level": "4", "UserID": "S-1-5-21-963789628-1060504924-4285088085-1001", "EventData.LogonType": "1024", "EventData.TaskName": "UgradeTaskFlowPolicy"}
{"EventID": "62170", "Channel": "Microsoft-Windows-Shell-Core/Operational", "Provider_Name": "Microsoft-Windows-Shell-Core", "Computer": "DESKTOP-OFJ6N53", "TimeCreated": "2025-08-19 07:19:16.913223+00:00", "RecordID": "34741", "Level": "4", "UserID": "S-1-5-21-963789628-1060504924-4285088085-1001", "EventData.LogonType": "1024", "EventData.TaskName": "LaunchProgrammableTaskbarCloudManager"}
{"EventID": "62171", "Channel": "Microsoft-Windows-Shell-Core/Operational", "Provider_Name": "Microsoft-Windows-Shell-Core", "Computer": "DESKTOP-OFJ6N53", "TimeCreated": "2025-08-19 07:19:16.913548+00:00", "RecordID": "34742", "Level": "4", "UserID": "S-1-5-21-963789628-1060504924-4285088085-1001", "EventData.LogonType": "1024", "EventData.TaskName": "LaunchProgrammableTaskbarCloudManager"}
{"EventID": "62144", "Channel": "Microsoft-Windows-Shell-Core/Operational", "Provider_Name": "Microsoft-Windows-Shell-Core", "Computer": "DESKTOP-OFJ6N53", "TimeCreated": "2025-08-19 07:19:23.823219+00:00", "RecordID": "34743", "Level": "4", "UserID": "S-1-5-21-963789628-1060504924-4285088085-1001", "EventData.PackageFamilyName": "Microsoft.MicrosoftEdge.Stable_8wekyb3d8bbwe", "EventData.InstallState": "", "EventData.ErrorCode": "0"}
{"EventID": "28017", "Channel": "Microsoft-Windows-Shell-Core/Operational", "Provider_Name": "Microsoft-Windows-Shell-Core", "Computer": "DESKTOP-OFJ6N53", "TimeCreated": "2025-08-19 07:19:26.926386+00:00", "RecordID": "34744", "Level": "4", "UserID": "S-1-5-21-963789628-1060504924-4285088085-1001"}
{"EventID": "28018", "Channel": "Microsoft-Windows-Shell-Core/Operational", "Provider_Name": "Microsoft-Windows-Shell-Core", "Computer": "DESKTOP-OFJ6N53", "TimeCreated": "2025-08-19 07:19:27.227015+00:00", "RecordID": "34745", "Level": "4", "UserID": "S-1-5-21-963789628-1060504924-4285088085-1001"}
{"EventID": "28019", "Channel": "Microsoft-Windows-Shell-Core/Operational", "Provider_Name": "Microsoft-Windows-Shell-Core", "Computer": "DESKTOP-OFJ6N53", "TimeCreated": "2025-08-19 07:19:27.240257+00:00", "RecordID": "34746", "Level": "4", "UserID": "S-1-5-21-963789628-1060504924-4285088085-1001"}
{"EventID": "62144", "Channel": "Microsoft-Windows-Shell-Core/Operational", "Provider_Name": "Microsoft-Windows-Shell-Core", "Computer": "DESKTOP-OFJ6N53", "TimeCreated": "2025-08-19 07:19:30.173897+00:00", "RecordID": "34747", "Level": "4", "UserID": "S-1-5-21-963789628-1060504924-4285088085-1001", "EventData.PackageFamilyName": "Microsoft.MicrosoftEdge.Stable_8wekyb3d8bbwe", "EventData.InstallState": "", "EventData.ErrorCode": "0"}
{"EventID": "62171", "Channel": "Microsoft-Windows-Shell-Core/Operational", "Provider_Name": "Microsoft-Windows-Shell-Core", "Computer": "DESKTOP-OFJ6N53", "TimeCreated": "2025-08-19 07:19:30.180021+00:00", "RecordID": "34748", "Level": "4", "UserID": "S-1-5-21-963789628-1060504924-4285088085-1001", "EventData.LogonType": "1024", "EventData.TaskName": "AppReadinessPreShellGroup"}
{"EventID": "62171", "Channel": "Microsoft-Windows-Shell-Core/Operational", "Provider_Name": "Microsoft-Windows-Shell-Core", "Computer": "DESKTOP-OFJ6N53", "TimeCreated": "2025-08-19 07:19:30.180077+00:00", "RecordID": "34749", "Level": "4", "UserID": "S-1-5-21-963789628-1060504924-4285088085-1001", "EventData.LogonType": "1024", "EventData.TaskName": "AppResolver"}
{"EventID": "62171", "Channel": "Microsoft-Windows-Shell-Core/Operational", "Provider_Name": "Microsoft-Windows-Shell-Core", "Computer": "DESKTOP-OFJ6N53", "TimeCreated": "2025-08-19 07:19:30.180084+00:00", "RecordID": "34750", "Level": "4", "UserID": "S-1-5-21-963789628-1060504924-4285088085-1001", "EventData.LogonType": "1024", "EventData.TaskName": "PreShellTasks"}
