{"EventID": "12", "Channel": "Microsoft-Windows-Security-Mitigations/KernelMode", "Provider_Name": "Microsoft-Windows-Security-Mitigations", "Computer": "DESKTOP-OFJ6N53", "TimeCreated": "2025-03-25 12:24:52.045198+00:00", "RecordID": "8722", "Level": "3", "UserID": "S-1-5-21-963789628-1060504924-4285088085-1001", "EventData.ProcessPathLength": "74", "EventData.ProcessPath": "\\Device\\HarddiskVolume3\\Program Files\\Google\\Chrome\\Application\\chrome.exe", "EventData.ProcessCommandLineLength": "512", "EventData.ProcessCommandLine": "\"C:\\Program Files\\Google\\Chrome\\Application\\chrome.exe\" --type=renderer --no-pre-read-main-dll --disable-gpu-compositing --video-capture-use-gpu-memory-buffer --lang=ru --device-scale-factor=1.25 --num-raster-threads=2 --enable-main-frame-before-activation --renderer-client-id=208 --time-ticks-at-unix-epoch=-1741724218162957 --launch-time-ticks=1181250286903 --field-trial-handle=1980,i,6669920802819667351,7466261766539494605,262144 --variations-seed-version=20250313-182214.581000 --mojo-platform-channel-han", "EventData.ProcessId": "14344", "EventData.ProcessCreateTime": "2025-03-25 12:24:51.952269+00:00", "EventData.ProcessStartKey": "44191571343590150", "EventData.ProcessSignatureLevel": "8", "EventData.ProcessSectionSignatureLevel": "8", "EventData.ProcessProtection": "0", "EventData.TargetThreadId": "1788", "EventData.TargetThreadCreateTime": "2025-03-25 12:24:51.952271+00:00", "EventData.RequiredSignatureLevel": "8", "EventData.SignatureLevel": "0", "EventData.ImageNameLength": "60", "EventData.ImageName": "\\Program Files\\Common Files\\Crypto Pro\\AppCompat\\cpcrypt.dll"}
{"EventID": "12", "Channel": "Microsoft-Windows-Security-Mitigations/KernelMode", "Provider_Name": "Microsoft-Windows-Security-Mitigations", "Computer": "DESKTOP-OFJ6N53", "TimeCreated": "2025-03-25 12:24:52.288229+00:00", "RecordID": "8723", "Level": "3", "UserID": "S-1-5-21-963789628-1060504924-4285088085-1001", "EventData.ProcessPathLength": "74", "EventData.ProcessPath": "\\Device\\HarddiskVolume3\\Program Files\\Google\\Chrome\\Application\\chrome.exe", "EventData.ProcessCommandLineLength": "512", "EventData.ProcessCommandLine": "\"C:\\Program Files\\Google\\Chrome\\Application\\chrome.exe\" --type=renderer --no-pre-read-main-dll --disable-gpu-compositing --video-capture-use-gpu-memory-buffer --lang=ru --device-scale-factor=1.25 --num-raster-threads=2 --enable-main-frame-before-activation --renderer-client-id=209 --time-ticks-at-unix-epoch=-1741724218162957 --launch-time-ticks=1181250549764 --field-trial-handle=1980,i,6669920802819667351,7466261766539494605,262144 --variations-seed-version=20250313-182214.581000 --mojo-platform-channel-han", "EventData.ProcessId": "12336", "EventData.ProcessCreateTime": "2025-03-25 12:24:52.215134+00:00", "EventData.ProcessStartKey": "44191571343590151", "EventData.ProcessSignatureLevel": "8", "EventData.ProcessSectionSignatureLevel": "8", "EventData.ProcessProtection": "0", "EventData.TargetThreadId": "14548", "EventData.TargetThreadCreateTime": "2025-03-25 12:24:52.215137+00:00", "EventData.RequiredSignatureLevel": "8", "EventData.SignatureLevel": "0", "EventData.ImageNameLength": "60", "EventData.ImageName": "\\Program Files\\Common Files\\Crypto Pro\\AppCompat\\cpcrypt.dll"}
{"EventID": "12", "Channel": "Microsoft-Windows-Security-Mitigations/KernelMode", "Provider_Name": "Microsoft-Windows-Security-Mitigations", "Computer": "DESKTOP-OFJ6N53", "TimeCreated": "2025-03-25 12:24:52.868748+00:00", "RecordID": "8724", "Level": "3", "UserID": "S-1-5-21-963789628-1060504924-4285088085-1001", "EventData.ProcessPathLength": "74", "EventData.ProcessPath": "\\Device\\HarddiskVolume3\\Program Files\\Google\\Chrome\\Application\\chrome.exe", "EventData.ProcessCommandLineLength": "512", "EventData.ProcessCommandLine": "\"C:\\Program Files\\Google\\Chrome\\Application\\chrome.exe\" --type=renderer --no-pre-read-main-dll --disable-gpu-compositing --video-capture-use-gpu-memory-buffer --lang=ru --device-scale-factor=1.25 --num-raster-threads=2 --enable-main-frame-before-activation --renderer-client-id=210 --time-ticks-at-unix-epoch=-1741724218162957 --launch-time-ticks=1181251148918 --field-trial-handle=1980,i,6669920802819667351,7466261766539494605,262144 --variations-seed-version=20250313-182214.581000 --mojo-platform-channel-han", "EventData.ProcessId": "15284", "EventData.ProcessCreateTime": "2025-03-25 12:24:52.814541+00:00", "EventData.ProcessStartKey": "44191571343590152", "EventData.ProcessSignatureLevel": "8", "EventData.ProcessSectionSignatureLevel": "8", "EventData.ProcessProtection": "0", "EventData.TargetThreadId": "14680", "EventData.TargetThreadCreateTime": "2025-03-25 12:24:52.814543+00:00", "EventData.RequiredSignatureLevel": "8", "EventData.SignatureLevel": "0", "EventData.ImageNameLength": "60", "EventData.ImageName": "\\Program Files\\Common Files\\Crypto Pro\\AppCompat\\cpcrypt.dll"}
{"EventID": "12", "Channel": "Microsoft-Windows-Security-Mitigations/KernelMode", "Provider_Name": "Microsoft-Windows-Security-Mitigations", "Computer": "DESKTOP-OFJ6N53", "TimeCreated": "2025-03-25 12:24:52.897448+00:00", "RecordID": "8725", "Level": "3", "UserID": "S-1-5-21-963789628-1060504924-4285088085-1001", "EventData.ProcessPathLength": "74", "EventData.ProcessPath": "\\Device\\HarddiskVolume3\\Program Files\\Google\\Chrome\\Application\\chrome.exe", "EventData.ProcessCommandLineLength": "512", "EventData.ProcessCommandLine": "\"C:\\Program Files\\Google\\Chrome\\Application\\chrome.exe\" --type=renderer --no-pre-read-main-dll --disable-gpu-compositing --video-capture-use-gpu-memory-buffer --lang=ru --device-scale-factor=1.25 --num-raster-threads=2 --enable-main-frame-before-activation --renderer-client-id=211 --time-ticks-at-unix-epoch=-1741724218162957 --launch-time-ticks=1181251197663 --field-trial-handle=1980,i,6669920802819667351,7466261766539494605,262144 --variations-seed-version=20250313-182214.581000 --mojo-platform-channel-han", "EventData.ProcessId": "15164", "EventData.ProcessCreateTime": "2025-03-25 12:24:52.862925+00:00", "EventData.ProcessStartKey": "44191571343590153", "EventData.ProcessSignatureLevel": "8", "EventData.ProcessSectionSignatureLevel": "8", "EventData.ProcessProtection": "0", "EventData.TargetThreadId": "10872", "EventData.TargetThreadCreateTime": "2025-03-25 12:24:52.862926+00:00", "EventData.RequiredSignatureLevel": "8", "EventData.SignatureLevel": "0", "EventData.ImageNameLength": "60", "EventData.ImageName": "\\Program Files\\Common Files\\Crypto Pro\\AppCompat\\cpcrypt.dll"}
{"EventID": "12", "Channel": "Microsoft-Windows-Security-Mitigations/KernelMode", "Provider_Name": "Microsoft-Windows-Security-Mitigations", "Computer": "DESKTOP-OFJ6N53", "TimeCreated": "2025-03-25 12:24:55.916763+00:00", "RecordID": "8726", "Level": "3", "UserID": "S-1-5-21-963789628-1060504924-4285088085-1001", "EventData.ProcessPathLength": "74", "EventData.ProcessPath": "\\Device\\HarddiskVolume3\\Program Files\\Google\\Chrome\\Application\\chrome.exe", "EventData.ProcessCommandLineLength": "512", "EventData.ProcessCommandLine": "\"C:\\Program Files\\Google\\Chrome\\Application\\chrome.exe\" --type=renderer --no-pre-read-main-dll --disable-gpu-compositing --video-capture-use-gpu-memory-buffer --lang=ru --device-scale-factor=1.25 --num-raster-threads=2 --enable-main-frame-before-activation --renderer-client-id=212 --time-ticks-at-unix-epoch=-1741724218162957 --launch-time-ticks=1181254203475 --field-trial-handle=1980,i,6669920802819667351,7466261766539494605,262144 --variations-seed-version=20250313-182214.581000 --mojo-platform-channel-han", "EventData.ProcessId": "7228", "EventData.ProcessCreateTime": "2025-03-25 12:24:55.868828+00:00", "EventData.ProcessStartKey": "44191571343590154", "EventData.ProcessSignatureLevel": "8", "EventData.ProcessSectionSignatureLevel": "8", "EventData.ProcessProtection": "0", "EventData.TargetThreadId": "15048", "EventData.TargetThreadCreateTime": "2025-03-25 12:24:55.868832+00:00", "EventData.RequiredSignatureLevel": "8", "EventData.SignatureLevel": "0", "EventData.ImageNameLength": "60", "EventData.ImageName": "\\Program Files\\Common Files\\Crypto Pro\\AppCompat\\cpcrypt.dll"}
{"EventID": "12", "Channel": "Microsoft-Windows-Security-Mitigations/KernelMode", "Provider_Name": "Microsoft-Windows-Security-Mitigations", "Computer": "DESKTOP-OFJ6N53", "TimeCreated": "2025-03-25 12:24:58.565941+00:00", "RecordID": "8727", "Level": "3", "UserID": "S-1-5-21-963789628-1060504924-4285088085-1001", "EventData.ProcessPathLength": "74", "EventData.ProcessPath": "\\Device\\HarddiskVolume3\\Program Files\\Google\\Chrome\\Application\\chrome.exe", "EventData.ProcessCommandLineLength": "512", "EventData.ProcessCommandLine": "\"C:\\Program Files\\Google\\Chrome\\Application\\chrome.exe\" --type=renderer --no-pre-read-main-dll --disable-gpu-compositing --video-capture-use-gpu-memory-buffer --lang=ru --device-scale-factor=1.25 --num-raster-threads=2 --enable-main-frame-before-activation --renderer-client-id=213 --time-ticks-at-unix-epoch=-1741724218162957 --launch-time-ticks=1181256854472 --field-trial-handle=1980,i,6669920802819667351,7466261766539494605,262144 --variations-seed-version=20250313-182214.581000 --mojo-platform-channel-han", "EventData.ProcessId": "13612", "EventData.ProcessCreateTime": "2025-03-25 12:24:58.519987+00:00", "EventData.ProcessStartKey": "44191571343590155", "EventData.ProcessSignatureLevel": "8", "EventData.ProcessSectionSignatureLevel": "8", "EventData.ProcessProtection": "0", "EventData.TargetThreadId": "340", "EventData.TargetThreadCreateTime": "2025-03-25 12:24:58.519989+00:00", "EventData.RequiredSignatureLevel": "8", "EventData.SignatureLevel": "0", "EventData.ImageNameLength": "60", "EventData.ImageName": "\\Program Files\\Common Files\\Crypto Pro\\AppCompat\\cpcrypt.dll"}
{"EventID": "12", "Channel": "Microsoft-Windows-Security-Mitigations/KernelMode", "Provider_Name": "Microsoft-Windows-Security-Mitigations", "Computer": "DESKTOP-OFJ6N53", "TimeCreated": "2025-03-25 12:25:03.549326+00:00", "RecordID": "8728", "Level": "3", "UserID": "S-1-5-21-963789628-1060504924-4285088085-1001", "EventData.ProcessPathLength": "74", "EventData.ProcessPath": "\\Device\\HarddiskVolume3\\Program Files\\Google\\Chrome\\Application\\chrome.exe", "EventData.ProcessCommandLineLength": "512", "EventData.ProcessCommandLine": "\"C:\\Program Files\\Google\\Chrome\\Application\\chrome.exe\" --type=renderer --no-pre-read-main-dll --disable-gpu-compositing --video-capture-use-gpu-memory-buffer --lang=ru --device-scale-factor=1.25 --num-raster-threads=2 --enable-main-frame-before-activation --renderer-client-id=214 --time-ticks-at-unix-epoch=-1741724218162957 --launch-time-ticks=1181261835632 --field-trial-handle=1980,i,6669920802819667351,7466261766539494605,262144 --variations-seed-version=20250313-182214.581000 --mojo-platform-channel-han", "EventData.ProcessId": "10284", "EventData.ProcessCreateTime": "2025-03-25 12:25:03.500820+00:00", "EventData.ProcessStartKey": "44191571343590156", "EventData.ProcessSignatureLevel": "8", "EventData.ProcessSectionSignatureLevel": "8", "EventData.ProcessProtection": "0", "EventData.TargetThreadId": "11800", "EventData.TargetThreadCreateTime": "2025-03-25 12:25:03.500822+00:00", "EventData.RequiredSignatureLevel": "8", "EventData.SignatureLevel": "0", "EventData.ImageNameLength": "60", "EventData.ImageName": "\\Program Files\\Common Files\\Crypto Pro\\AppCompat\\cpcrypt.dll"}
{"EventID": "12", "Channel": "Microsoft-Windows-Security-Mitigations/KernelMode", "Provider_Name": "Microsoft-Windows-Security-Mitigations", "Computer": "DESKTOP-OFJ6N53", "TimeCreated": "2025-03-25 20:29:13.258324+00:00", "RecordID": "8729", "Level": "3", "UserID": "S-1-5-18", "EventData.ProcessPathLength": "100", "EventData.ProcessPath": "\\Device\\HarddiskVolume3\\ProgramData\\Microsoft\\Windows Defender\\Platform\\4.18.25010.11-0\\MpCmdRun.exe", "EventData.ProcessCommandLineLength": "135", "EventData.ProcessCommandLine": "\"C:\\ProgramData\\Microsoft\\Windows Defender\\Platform\\4.18.25010.11-0\\MpCmdRun.exe\" SignaturesUpdateService -ScheduleJob -UnmanagedUpdate", "EventData.ProcessId": "15240", "EventData.ProcessCreateTime": "2025-03-25 20:29:03.876663+00:00", "EventData.ProcessStartKey": "44191571343590654", "EventData.ProcessSignatureLevel": "8", "EventData.ProcessSectionSignatureLevel": "8", "EventData.ProcessProtection": "0", "EventData.TargetThreadId": "13348", "EventData.TargetThreadCreateTime": "2025-03-25 20:29:04.015501+00:00", "EventData.RequiredSignatureLevel": "8", "EventData.SignatureLevel": "0", "EventData.ImageNameLength": "60", "EventData.ImageName": "\\Program Files\\Common Files\\Crypto Pro\\AppCompat\\cpadvai.dll"}
{"EventID": "12", "Channel": "Microsoft-Windows-Security-Mitigations/KernelMode", "Provider_Name": "Microsoft-Windows-Security-Mitigations", "Computer": "DESKTOP-OFJ6N53", "TimeCreated": "2025-03-26 20:29:36.116104+00:00", "RecordID": "8730", "Level": "3", "UserID": "S-1-5-18", "EventData.ProcessPathLength": "100", "EventData.ProcessPath": "\\Device\\HarddiskVolume3\\ProgramData\\Microsoft\\Windows Defender\\Platform\\4.18.25010.11-0\\MpCmdRun.exe", "EventData.ProcessCommandLineLength": "135", "EventData.ProcessCommandLine": "\"C:\\ProgramData\\Microsoft\\Windows Defender\\Platform\\4.18.25010.11-0\\MpCmdRun.exe\" SignaturesUpdateService -ScheduleJob -UnmanagedUpdate", "EventData.ProcessId": "15036", "EventData.ProcessCreateTime": "2025-03-26 20:29:05.169386+00:00", "EventData.ProcessStartKey": "44191571343591982", "EventData.ProcessSignatureLevel": "8", "EventData.ProcessSectionSignatureLevel": "8", "EventData.ProcessProtection": "0", "EventData.TargetThreadId": "10856", "EventData.TargetThreadCreateTime": "2025-03-26 20:29:05.302778+00:00", "EventData.RequiredSignatureLevel": "8", "EventData.SignatureLevel": "0", "EventData.ImageNameLength": "60", "EventData.ImageName": "\\Program Files\\Common Files\\Crypto Pro\\AppCompat\\cpadvai.dll"}
{"EventID": "12", "Channel": "Microsoft-Windows-Security-Mitigations/KernelMode", "Provider_Name": "Microsoft-Windows-Security-Mitigations", "Computer": "DESKTOP-OFJ6N53", "TimeCreated": "2025-03-27 20:29:17.824673+00:00", "RecordID": "8731", "Level": "3", "UserID": "S-1-5-18", "EventData.ProcessPathLength": "100", "EventData.ProcessPath": "\\Device\\HarddiskVolume3\\ProgramData\\Microsoft\\Windows Defender\\Platform\\4.18.25010.11-0\\MpCmdRun.exe", "EventData.ProcessCommandLineLength": "135", "EventData.ProcessCommandLine": "\"C:\\ProgramData\\Microsoft\\Windows Defender\\Platform\\4.18.25010.11-0\\MpCmdRun.exe\" SignaturesUpdateService -ScheduleJob -UnmanagedUpdate", "EventData.ProcessId": "9548", "EventData.ProcessCreateTime": "2025-03-27 20:29:06.620920+00:00", "EventData.ProcessStartKey": "44191571343593203", "EventData.ProcessSignatureLevel": "8", "EventData.ProcessSectionSignatureLevel": "8", "EventData.ProcessProtection": "0", "EventData.TargetThreadId": "12104", "EventData.TargetThreadCreateTime": "2025-03-27 20:29:06.757212+00:00", "EventData.RequiredSignatureLevel": "8", "EventData.SignatureLevel": "0", "EventData.ImageNameLength": "60", "EventData.ImageName": "\\Program Files\\Common Files\\Crypto Pro\\AppCompat\\cpadvai.dll"}
{"EventID": "12", "Channel": "Microsoft-Windows-Security-Mitigations/KernelMode", "Provider_Name": "Microsoft-Windows-Security-Mitigations", "Computer": "DESKTOP-OFJ6N53", "TimeCreated": "2025-03-28 20:29:18.242601+00:00", "RecordID": "8732", "Level": "3", "UserID": "S-1-5-18", "EventData.ProcessPathLength": "100", "EventData.ProcessPath": "\\Device\\HarddiskVolume3\\ProgramData\\Microsoft\\Windows Defender\\Platform\\4.18.25010.11-0\\MpCmdRun.exe", "EventData.ProcessCommandLineLength": "135", "EventData.ProcessCommandLine": "\"C:\\ProgramData\\Microsoft\\Windows Defender\\Platform\\4.18.25010.11-0\\MpCmdRun.exe\" SignaturesUpdateService -ScheduleJob -UnmanagedUpdate", "EventData.ProcessId": "3600", "EventData.ProcessCreateTime": "2025-03-28 20:29:07.970804+00:00", "EventData.ProcessStartKey": "44191571343594475", "EventData.ProcessSignatureLevel": "8", "EventData.ProcessSectionSignatureLevel": "8", "EventData.ProcessProtection": "0", "EventData.TargetThreadId": "14228", "EventData.TargetThreadCreateTime": "2025-03-28 20:29:08.108423+00:00", "EventData.RequiredSignatureLevel": "8", "EventData.SignatureLevel": "0", "EventData.ImageNameLength": "60", "EventData.ImageName": "\\Program Files\\Common Files\\Crypto Pro\\AppCompat\\cpadvai.dll"}
{"EventID": "12", "Channel": "Microsoft-Windows-Security-Mitigations/KernelMode", "Provider_Name": "Microsoft-Windows-Security-Mitigations", "Computer": "DESKTOP-OFJ6N53", "TimeCreated": "2025-03-29 20:17:11.013374+00:00", "RecordID": "8733", "Level": "3", "UserID": "S-1-5-18", "EventData.ProcessPathLength": "59", "EventData.ProcessPath": "\\Device\\HarddiskVolume3\\Windows\\System32\\WaaSMedicAgent.exe", "EventData.ProcessCommandLineLength": "104", "EventData.ProcessCommandLine": "C:\\Windows\\System32\\WaaSMedicAgent.exe acfa1ff104f51086222a0d933fcfe163 rX+Wez4DYkCuEf4OyqSQ0g.0.1.0.0.0", "EventData.ProcessId": "13192", "EventData.ProcessCreateTime": "2025-03-29 20:17:09.995094+00:00", "EventData.ProcessStartKey": "44191571343595594", "EventData.ProcessSignatureLevel": "8", "EventData.ProcessSectionSignatureLevel": "8", "EventData.ProcessProtection": "0", "EventData.TargetThreadId": "8616", "EventData.TargetThreadCreateTime": "2025-03-29 20:17:11.001209+00:00", "EventData.RequiredSignatureLevel": "8", "EventData.SignatureLevel": "0", "EventData.ImageNameLength": "60", "EventData.ImageName": "\\Program Files\\Common Files\\Crypto Pro\\AppCompat\\cpadvai.dll"}
{"EventID": "12", "Channel": "Microsoft-Windows-Security-Mitigations/KernelMode", "Provider_Name": "Microsoft-Windows-Security-Mitigations", "Computer": "DESKTOP-OFJ6N53", "TimeCreated": "2025-03-29 20:17:17.056387+00:00", "RecordID": "8734", "Level": "3", "UserID": "S-1-5-18", "EventData.ProcessPathLength": "59", "EventData.ProcessPath": "\\Device\\HarddiskVolume3\\Windows\\System32\\WaaSMedicAgent.exe", "EventData.ProcessCommandLineLength": "104", "EventData.ProcessCommandLine": "C:\\Windows\\System32\\WaaSMedicAgent.exe 6d04a96d266c6be9a74a2b00f46c1ddd rX+Wez4DYkCuEf4OyqSQ0g.0.1.0.0.0", "EventData.ProcessId": "10604", "EventData.ProcessCreateTime": "2025-03-29 20:17:16.045290+00:00", "EventData.ProcessStartKey": "44191571343595600", "EventData.ProcessSignatureLevel": "8", "EventData.ProcessSectionSignatureLevel": "8", "EventData.ProcessProtection": "0", "EventData.TargetThreadId": "1932", "EventData.TargetThreadCreateTime": "2025-03-29 20:17:17.050005+00:00", "EventData.RequiredSignatureLevel": "8", "EventData.SignatureLevel": "0", "EventData.ImageNameLength": "60", "EventData.ImageName": "\\Program Files\\Common Files\\Crypto Pro\\AppCompat\\cpadvai.dll"}
{"EventID": "12", "Channel": "Microsoft-Windows-Security-Mitigations/KernelMode", "Provider_Name": "Microsoft-Windows-Security-Mitigations", "Computer": "DESKTOP-OFJ6N53", "TimeCreated": "2025-03-29 20:17:17.179964+00:00", "RecordID": "8735", "Level": "3", "UserID": "S-1-5-18", "EventData.ProcessPathLength": "59", "EventData.ProcessPath": "\\Device\\HarddiskVolume3\\Windows\\System32\\WaaSMedicAgent.exe", "EventData.ProcessCommandLineLength": "104", "EventData.ProcessCommandLine": "C:\\Windows\\System32\\WaaSMedicAgent.exe 6d04a96d266c6be9a74a2b00f46c1ddd rX+Wez4DYkCuEf4OyqSQ0g.0.1.0.0.0", "EventData.ProcessId": "10604", "EventData.ProcessCreateTime": "2025-03-29 20:17:16.045290+00:00", "EventData.ProcessStartKey": "44191571343595600", "EventData.ProcessSignatureLevel": "8", "EventData.ProcessSectionSignatureLevel": "8", "EventData.ProcessProtection": "0", "EventData.TargetThreadId": "1932", "EventData.TargetThreadCreateTime": "2025-03-29 20:17:17.050005+00:00", "EventData.RequiredSignatureLevel": "8", "EventData.SignatureLevel": "0", "EventData.ImageNameLength": "60", "EventData.ImageName": "\\Program Files\\Common Files\\Crypto Pro\\AppCompat\\cpwinet.dll"}
{"EventID": "12", "Channel": "Microsoft-Windows-Security-Mitigations/KernelMode", "Provider_Name": "Microsoft-Windows-Security-Mitigations", "Computer": "DESKTOP-OFJ6N53", "TimeCreated": "2025-03-29 20:17:17.256599+00:00", "RecordID": "8736", "Level": "3", "UserID": "S-1-5-18", "EventData.ProcessPathLength": "59", "EventData.ProcessPath": "\\Device\\HarddiskVolume3\\Windows\\System32\\WaaSMedicAgent.exe", "EventData.ProcessCommandLineLength": "104", "EventData.ProcessCommandLine": "C:\\Windows\\System32\\WaaSMedicAgent.exe 6d04a96d266c6be9a74a2b00f46c1ddd rX+Wez4DYkCuEf4OyqSQ0g.0.1.0.0.0", "EventData.ProcessId": "10604", "EventData.ProcessCreateTime": "2025-03-29 20:17:16.045290+00:00", "EventData.ProcessStartKey": "44191571343595600", "EventData.ProcessSignatureLevel": "8", "EventData.ProcessSectionSignatureLevel": "8", "EventData.ProcessProtection": "0", "EventData.TargetThreadId": "1932", "EventData.TargetThreadCreateTime": "2025-03-29 20:17:17.050005+00:00", "EventData.RequiredSignatureLevel": "8", "EventData.SignatureLevel": "0", "EventData.ImageNameLength": "58", "EventData.ImageName": "\\Program Files\\Common Files\\Crypto Pro\\AppCompat\\cpmsi.dll"}
{"EventID": "12", "Channel": "Microsoft-Windows-Security-Mitigations/KernelMode", "Provider_Name": "Microsoft-Windows-Security-Mitigations", "Computer": "DESKTOP-OFJ6N53", "TimeCreated": "2025-03-29 20:17:17.434786+00:00", "RecordID": "8737", "Level": "3", "UserID": "S-1-5-18", "EventData.ProcessPathLength": "59", "EventData.ProcessPath": "\\Device\\HarddiskVolume3\\Windows\\System32\\WaaSMedicAgent.exe", "EventData.ProcessCommandLineLength": "104", "EventData.ProcessCommandLine": "C:\\Windows\\System32\\WaaSMedicAgent.exe 6d04a96d266c6be9a74a2b00f46c1ddd rX+Wez4DYkCuEf4OyqSQ0g.0.1.0.0.0", "EventData.ProcessId": "10604", "EventData.ProcessCreateTime": "2025-03-29 20:17:16.045290+00:00", "EventData.ProcessStartKey": "44191571343595600", "EventData.ProcessSignatureLevel": "8", "EventData.ProcessSectionSignatureLevel": "8", "EventData.ProcessProtection": "0", "EventData.TargetThreadId": "1932", "EventData.TargetThreadCreateTime": "2025-03-29 20:17:17.050005+00:00", "EventData.RequiredSignatureLevel": "8", "EventData.SignatureLevel": "0", "EventData.ImageNameLength": "61", "EventData.ImageName": "\\Program Files\\Common Files\\Crypto Pro\\AppCompat\\cpenroll.dll"}
{"EventID": "12", "Channel": "Microsoft-Windows-Security-Mitigations/KernelMode", "Provider_Name": "Microsoft-Windows-Security-Mitigations", "Computer": "DESKTOP-OFJ6N53", "TimeCreated": "2025-03-29 20:17:17.658810+00:00", "RecordID": "8738", "Level": "3", "UserID": "S-1-5-18", "EventData.ProcessPathLength": "59", "EventData.ProcessPath": "\\Device\\HarddiskVolume3\\Windows\\System32\\WaaSMedicAgent.exe", "EventData.ProcessCommandLineLength": "104", "EventData.ProcessCommandLine": "C:\\Windows\\System32\\WaaSMedicAgent.exe 6d04a96d266c6be9a74a2b00f46c1ddd rX+Wez4DYkCuEf4OyqSQ0g.0.1.0.0.0", "EventData.ProcessId": "10604", "EventData.ProcessCreateTime": "2025-03-29 20:17:16.045290+00:00", "EventData.ProcessStartKey": "44191571343595600", "EventData.ProcessSignatureLevel": "8", "EventData.ProcessSectionSignatureLevel": "8", "EventData.ProcessProtection": "0", "EventData.TargetThreadId": "2608", "EventData.TargetThreadCreateTime": "2025-03-29 20:17:17.050354+00:00", "EventData.RequiredSignatureLevel": "8", "EventData.SignatureLevel": "0", "EventData.ImageNameLength": "60", "EventData.ImageName": "\\Program Files\\Common Files\\Crypto Pro\\AppCompat\\cpschan.dll"}
{"EventID": "12", "Channel": "Microsoft-Windows-Security-Mitigations/KernelMode", "Provider_Name": "Microsoft-Windows-Security-Mitigations", "Computer": "DESKTOP-OFJ6N53", "TimeCreated": "2025-03-29 20:29:25.245375+00:00", "RecordID": "8739", "Level": "3", "UserID": "S-1-5-18", "EventData.ProcessPathLength": "100", "EventData.ProcessPath": "\\Device\\HarddiskVolume3\\ProgramData\\Microsoft\\Windows Defender\\Platform\\4.18.25010.11-0\\MpCmdRun.exe", "EventData.ProcessCommandLineLength": "135", "EventData.ProcessCommandLine": "\"C:\\ProgramData\\Microsoft\\Windows Defender\\Platform\\4.18.25010.11-0\\MpCmdRun.exe\" SignaturesUpdateService -ScheduleJob -UnmanagedUpdate", "EventData.ProcessId": "11948", "EventData.ProcessCreateTime": "2025-03-29 20:29:09.420767+00:00", "EventData.ProcessStartKey": "44191571343595620", "EventData.ProcessSignatureLevel": "8", "EventData.ProcessSectionSignatureLevel": "8", "EventData.ProcessProtection": "0", "EventData.TargetThreadId": "11552", "EventData.TargetThreadCreateTime": "2025-03-29 20:29:09.554502+00:00", "EventData.RequiredSignatureLevel": "8", "EventData.SignatureLevel": "0", "EventData.ImageNameLength": "60", "EventData.ImageName": "\\Program Files\\Common Files\\Crypto Pro\\AppCompat\\cpadvai.dll"}
{"EventID": "12", "Channel": "Microsoft-Windows-Security-Mitigations/KernelMode", "Provider_Name": "Microsoft-Windows-Security-Mitigations", "Computer": "DESKTOP-OFJ6N53", "TimeCreated": "2025-03-30 20:29:18.854227+00:00", "RecordID": "8740", "Level": "3", "UserID": "S-1-5-18", "EventData.ProcessPathLength": "100", "EventData.ProcessPath": "\\Device\\HarddiskVolume3\\ProgramData\\Microsoft\\Windows Defender\\Platform\\4.18.25010.11-0\\MpCmdRun.exe", "EventData.ProcessCommandLineLength": "135", "EventData.ProcessCommandLine": "\"C:\\ProgramData\\Microsoft\\Windows Defender\\Platform\\4.18.25010.11-0\\MpCmdRun.exe\" SignaturesUpdateService -ScheduleJob -UnmanagedUpdate", "EventData.ProcessId": "11220", "EventData.ProcessCreateTime": "2025-03-30 20:29:10.752106+00:00", "EventData.ProcessStartKey": "44191571343596934", "EventData.ProcessSignatureLevel": "8", "EventData.ProcessSectionSignatureLevel": "8", "EventData.ProcessProtection": "0", "EventData.TargetThreadId": "14496", "EventData.TargetThreadCreateTime": "2025-03-30 20:29:10.891886+00:00", "EventData.RequiredSignatureLevel": "8", "EventData.SignatureLevel": "0", "EventData.ImageNameLength": "60", "EventData.ImageName": "\\Program Files\\Common Files\\Crypto Pro\\AppCompat\\cpadvai.dll"}
{"EventID": "12", "Channel": "Microsoft-Windows-Security-Mitigations/KernelMode", "Provider_Name": "Microsoft-Windows-Security-Mitigations", "Computer": "DESKTOP-OFJ6N53", "TimeCreated": "2025-04-01 00:46:22.715387+00:00", "RecordID": "8741", "Level": "3", "UserID": "S-1-5-18", "EventData.ProcessPathLength": "102", "EventData.ProcessPath": "\\Device\\HarddiskVolume3\\ProgramData\\Microsoft\\Windows Defender\\Platform\\4.18.25020.1009-0\\MpCmdRun.exe", "EventData.ProcessCommandLineLength": "137", "EventData.ProcessCommandLine": "\"C:\\ProgramData\\Microsoft\\Windows Defender\\Platform\\4.18.25020.1009-0\\MpCmdRun.exe\" SignaturesUpdateService -ScheduleJob -UnmanagedUpdate", "EventData.ProcessId": "8640", "EventData.ProcessCreateTime": "2025-04-01 00:46:15.760946+00:00", "EventData.ProcessStartKey": "44191571343598357", "EventData.ProcessSignatureLevel": "8", "EventData.ProcessSectionSignatureLevel": "8", "EventData.ProcessProtection": "0", "EventData.TargetThreadId": "13912", "EventData.TargetThreadCreateTime": "2025-04-01 00:46:15.884686+00:00", "EventData.RequiredSignatureLevel": "8", "EventData.SignatureLevel": "0", "EventData.ImageNameLength": "60", "EventData.ImageName": "\\Program Files\\Common Files\\Crypto Pro\\AppCompat\\cpadvai.dll"}
{"EventID": "12", "Channel": "Microsoft-Windows-Security-Mitigations/KernelMode", "Provider_Name": "Microsoft-Windows-Security-Mitigations", "Computer": "DESKTOP-OFJ6N53", "TimeCreated": "2025-04-01 05:02:05.813305+00:00", "RecordID": "8742", "Level": "3", "UserID": "S-1-5-21-963789628-1060504924-4285088085-1001", "EventData.ProcessPathLength": "74", "EventData.ProcessPath": "\\Device\\HarddiskVolume3\\Program Files\\Google\\Chrome\\Application\\chrome.exe", "EventData.ProcessCommandLineLength": "501", "EventData.ProcessCommandLine": "\"C:\\Program Files\\Google\\Chrome\\Application\\chrome.exe\" --type=renderer --no-pre-read-main-dll --video-capture-use-gpu-memory-buffer --lang=ru --device-scale-factor=1 --num-raster-threads=2 --enable-main-frame-before-activation --renderer-client-id=5 --time-ticks-at-unix-epoch=-1741724249910233 --launch-time-ticks=1759475441948 --field-trial-handle=2052,i,6028318212529743855,1962968117211733486,262144 --variations-seed-version=20250325-050110.329000 --mojo-platform-channel-handle=3424 /prefetch:1", "EventData.ProcessId": "5300", "EventData.ProcessCreateTime": "2025-04-01 05:02:05.355299+00:00", "EventData.ProcessStartKey": "44191571343598606", "EventData.ProcessSignatureLevel": "8", "EventData.ProcessSectionSignatureLevel": "8", "EventData.ProcessProtection": "0", "EventData.TargetThreadId": "2796", "EventData.TargetThreadCreateTime": "2025-04-01 05:02:05.355301+00:00", "EventData.RequiredSignatureLevel": "8", "EventData.SignatureLevel": "0", "EventData.ImageNameLength": "60", "EventData.ImageName": "\\Program Files\\Common Files\\Crypto Pro\\AppCompat\\cpcrypt.dll"}
{"EventID": "12", "Channel": "Microsoft-Windows-Security-Mitigations/KernelMode", "Provider_Name": "Microsoft-Windows-Security-Mitigations", "Computer": "DESKTOP-OFJ6N53", "TimeCreated": "2025-04-01 05:02:06.483608+00:00", "RecordID": "8743", "Level": "3", "UserID": "S-1-5-21-963789628-1060504924-4285088085-1001", "EventData.ProcessPathLength": "74", "EventData.ProcessPath": "\\Device\\HarddiskVolume3\\Program Files\\Google\\Chrome\\Application\\chrome.exe", "EventData.ProcessCommandLineLength": "501", "EventData.ProcessCommandLine": "\"C:\\Program Files\\Google\\Chrome\\Application\\chrome.exe\" --type=renderer --no-pre-read-main-dll --video-capture-use-gpu-memory-buffer --lang=ru --device-scale-factor=1 --num-raster-threads=2 --enable-main-frame-before-activation --renderer-client-id=6 --time-ticks-at-unix-epoch=-1741724249910233 --launch-time-ticks=1759475439551 --field-trial-handle=2052,i,6028318212529743855,1962968117211733486,262144 --variations-seed-version=20250325-050110.329000 --mojo-platform-channel-handle=3388 /prefetch:1", "EventData.ProcessId": "5344", "EventData.ProcessCreateTime": "2025-04-01 05:02:05.354311+00:00", "EventData.ProcessStartKey": "44191571343598605", "EventData.ProcessSignatureLevel": "8", "EventData.ProcessSectionSignatureLevel": "8", "EventData.ProcessProtection": "0", "EventData.TargetThreadId": "8936", "EventData.TargetThreadCreateTime": "2025-04-01 05:02:05.354313+00:00", "EventData.RequiredSignatureLevel": "8", "EventData.SignatureLevel": "0", "EventData.ImageNameLength": "60", "EventData.ImageName": "\\Program Files\\Common Files\\Crypto Pro\\AppCompat\\cpcrypt.dll"}
{"EventID": "12", "Channel": "Microsoft-Windows-Security-Mitigations/KernelMode", "Provider_Name": "Microsoft-Windows-Security-Mitigations", "Computer": "DESKTOP-OFJ6N53", "TimeCreated": "2025-04-01 05:02:08.504406+00:00", "RecordID": "8744", "Level": "3", "UserID": "S-1-5-21-963789628-1060504924-4285088085-1001", "EventData.ProcessPathLength": "74", "EventData.ProcessPath": "\\Device\\HarddiskVolume3\\Program Files\\Google\\Chrome\\Application\\chrome.exe", "EventData.ProcessCommandLineLength": "512", "EventData.ProcessCommandLine": "\"C:\\Program Files\\Google\\Chrome\\Application\\chrome.exe\" --type=renderer --no-pre-read-main-dll --disable-gpu-compositing --video-capture-use-gpu-memory-buffer --lang=ru --device-scale-factor=1 --num-raster-threads=2 --enable-main-frame-before-activation --renderer-client-id=8 --time-ticks-at-unix-epoch=-1741724249910233 --launch-time-ticks=1759476293396 --field-trial-handle=2052,i,6028318212529743855,1962968117211733486,262144 --variations-seed-version=20250325-050110.329000 --mojo-platform-channel-handle=3", "EventData.ProcessId": "9972", "EventData.ProcessCreateTime": "2025-04-01 05:02:06.204954+00:00", "EventData.ProcessStartKey": "44191571343598608", "EventData.ProcessSignatureLevel": "8", "EventData.ProcessSectionSignatureLevel": "8", "EventData.ProcessProtection": "0", "EventData.TargetThreadId": "8060", "EventData.TargetThreadCreateTime": "2025-04-01 05:02:06.204956+00:00", "EventData.RequiredSignatureLevel": "8", "EventData.SignatureLevel": "0", "EventData.ImageNameLength": "60", "EventData.ImageName": "\\Program Files\\Common Files\\Crypto Pro\\AppCompat\\cpcrypt.dll"}
{"EventID": "12", "Channel": "Microsoft-Windows-Security-Mitigations/KernelMode", "Provider_Name": "Microsoft-Windows-Security-Mitigations", "Computer": "DESKTOP-OFJ6N53", "TimeCreated": "2025-04-01 05:02:11.030338+00:00", "RecordID": "8745", "Level": "3", "UserID": "S-1-5-21-963789628-1060504924-4285088085-1001", "EventData.ProcessPathLength": "74", "EventData.ProcessPath": "\\Device\\HarddiskVolume3\\Program Files\\Google\\Chrome\\Application\\chrome.exe", "EventData.ProcessCommandLineLength": "512", "EventData.ProcessCommandLine": "\"C:\\Program Files\\Google\\Chrome\\Application\\chrome.exe\" --type=renderer --no-pre-read-main-dll --disable-gpu-compositing --video-capture-use-gpu-memory-buffer --lang=ru --device-scale-factor=1 --num-raster-threads=2 --enable-main-frame-before-activation --renderer-client-id=9 --time-ticks-at-unix-epoch=-1741724249910233 --launch-time-ticks=1759478146776 --field-trial-handle=2052,i,6028318212529743855,1962968117211733486,262144 --variations-seed-version=20250325-050110.329000 --mojo-platform-channel-handle=5", "EventData.ProcessId": "7716", "EventData.ProcessCreateTime": "2025-04-01 05:02:08.058226+00:00", "EventData.ProcessStartKey": "44191571343598610", "EventData.ProcessSignatureLevel": "8", "EventData.ProcessSectionSignatureLevel": "8", "EventData.ProcessProtection": "0", "EventData.TargetThreadId": "12916", "EventData.TargetThreadCreateTime": "2025-04-01 05:02:08.058228+00:00", "EventData.RequiredSignatureLevel": "8", "EventData.SignatureLevel": "0", "EventData.ImageNameLength": "60", "EventData.ImageName": "\\Program Files\\Common Files\\Crypto Pro\\AppCompat\\cpcrypt.dll"}
{"EventID": "12", "Channel": "Microsoft-Windows-Security-Mitigations/KernelMode", "Provider_Name": "Microsoft-Windows-Security-Mitigations", "Computer": "DESKTOP-OFJ6N53", "TimeCreated": "2025-04-01 05:02:11.034983+00:00", "RecordID": "8746", "Level": "3", "UserID": "S-1-5-21-963789628-1060504924-4285088085-1001", "EventData.ProcessPathLength": "74", "EventData.ProcessPath": "\\Device\\HarddiskVolume3\\Program Files\\Google\\Chrome\\Application\\chrome.exe", "EventData.ProcessCommandLineLength": "512", "EventData.ProcessCommandLine": "\"C:\\Program Files\\Google\\Chrome\\Application\\chrome.exe\" --type=renderer --extension-process --no-pre-read-main-dll --video-capture-use-gpu-memory-buffer --lang=ru --device-scale-factor=1 --num-raster-threads=2 --enable-main-frame-before-activation --renderer-client-id=7 --time-ticks-at-unix-epoch=-1741724249910233 --launch-time-ticks=1759475615397 --field-trial-handle=2052,i,6028318212529743855,1962968117211733486,262144 --variations-seed-version=20250325-050110.329000 --mojo-platform-channel-handle=4404 /p", "EventData.ProcessId": "14016", "EventData.ProcessCreateTime": "2025-04-01 05:02:05.527750+00:00", "EventData.ProcessStartKey": "44191571343598607", "EventData.ProcessSignatureLevel": "8", "EventData.ProcessSectionSignatureLevel": "8", "EventData.ProcessProtection": "0", "EventData.TargetThreadId": "9424", "EventData.TargetThreadCreateTime": "2025-04-01 05:02:05.527754+00:00", "EventData.RequiredSignatureLevel": "8", "EventData.SignatureLevel": "0", "EventData.ImageNameLength": "60", "EventData.ImageName": "\\Program Files\\Common Files\\Crypto Pro\\AppCompat\\cpcrypt.dll"}
{"EventID": "12", "Channel": "Microsoft-Windows-Security-Mitigations/KernelMode", "Provider_Name": "Microsoft-Windows-Security-Mitigations", "Computer": "DESKTOP-OFJ6N53", "TimeCreated": "2025-04-01 05:02:14.651810+00:00", "RecordID": "8747", "Level": "3", "UserID": "S-1-5-21-963789628-1060504924-4285088085-1001", "EventData.ProcessPathLength": "74", "EventData.ProcessPath": "\\Device\\HarddiskVolume3\\Program Files\\Google\\Chrome\\Application\\chrome.exe", "EventData.ProcessCommandLineLength": "512", "EventData.ProcessCommandLine": "\"C:\\Program Files\\Google\\Chrome\\Application\\chrome.exe\" --type=renderer --extension-process --no-pre-read-main-dll --disable-gpu-compositing --video-capture-use-gpu-memory-buffer --lang=ru --device-scale-factor=1 --num-raster-threads=2 --enable-main-frame-before-activation --renderer-client-id=14 --time-ticks-at-unix-epoch=-1741724249910233 --launch-time-ticks=1759484704917 --field-trial-handle=2052,i,6028318212529743855,1962968117211733486,262144 --variations-seed-version=20250325-050110.329000 --mojo-plat", "EventData.ProcessId": "14696", "EventData.ProcessCreateTime": "2025-04-01 05:02:14.616203+00:00", "EventData.ProcessStartKey": "44191571343598617", "EventData.ProcessSignatureLevel": "8", "EventData.ProcessSectionSignatureLevel": "8", "EventData.ProcessProtection": "0", "EventData.TargetThreadId": "2472", "EventData.TargetThreadCreateTime": "2025-04-01 05:02:14.616207+00:00", "EventData.RequiredSignatureLevel": "8", "EventData.SignatureLevel": "0", "EventData.ImageNameLength": "60", "EventData.ImageName": "\\Program Files\\Common Files\\Crypto Pro\\AppCompat\\cpcrypt.dll"}
{"EventID": "12", "Channel": "Microsoft-Windows-Security-Mitigations/KernelMode", "Provider_Name": "Microsoft-Windows-Security-Mitigations", "Computer": "DESKTOP-OFJ6N53", "TimeCreated": "2025-04-01 05:05:14.749498+00:00", "RecordID": "8748", "Level": "3", "UserID": "S-1-5-21-963789628-1060504924-4285088085-1001", "EventData.ProcessPathLength": "74", "EventData.ProcessPath": "\\Device\\HarddiskVolume3\\Program Files\\Google\\Chrome\\Application\\chrome.exe", "EventData.ProcessCommandLineLength": "386", "EventData.ProcessCommandLine": "\"C:\\Program Files\\Google\\Chrome\\Application\\chrome.exe\" --type=utility --utility-sub-type=on_device_model.mojom.OnDeviceModelService --lang=ru --service-sandbox-type=on_device_model_execution --no-pre-read-main-dll --field-trial-handle=2052,i,6028318212529743855,1962968117211733486,262144 --variations-seed-version=20250325-050110.329000 --mojo-platform-channel-handle=3688 /prefetch:8", "EventData.ProcessId": "6164", "EventData.ProcessCreateTime": "2025-04-01 05:05:05.182989+00:00", "EventData.ProcessStartKey": "44191571343598776", "EventData.ProcessSignatureLevel": "8", "EventData.ProcessSectionSignatureLevel": "8", "EventData.ProcessProtection": "0", "EventData.TargetThreadId": "7176", "EventData.TargetThreadCreateTime": "2025-04-01 05:05:05.182991+00:00", "EventData.RequiredSignatureLevel": "8", "EventData.SignatureLevel": "0", "EventData.ImageNameLength": "60", "EventData.ImageName": "\\Program Files\\Common Files\\Crypto Pro\\AppCompat\\cpadvai.dll"}
{"EventID": "2", "Channel": "Microsoft-Windows-Security-Mitigations/KernelMode", "Provider_Name": "Microsoft-Windows-Security-Mitigations", "Computer": "DESKTOP-OFJ6N53", "TimeCreated": "2025-04-01 16:03:45.410730+00:00", "RecordID": "8749", "Level": "3", "UserID": "S-1-5-18", "EventData.ProcessPathLength": "52", "EventData.ProcessPath": "\\Device\\HarddiskVolume3\\Windows\\System32\\dllhost.exe", "EventData.ProcessCommandLineLength": "81", "EventData.ProcessCommandLine": "C:\\Windows\\system32\\DllHost.exe /Processid:{3EB3C877-1F16-487C-9050-104DBCD66683}", "EventData.CallingProcessId": "5720", "EventData.CallingProcessCreateTime": "2025-04-01 16:03:45.385233+00:00", "EventData.CallingProcessStartKey": "44473046320283807", "EventData.CallingProcessSignatureLevel": "8", "EventData.CallingProcessSectionSignatureLevel": "8", "EventData.CallingProcessProtection": "0", "EventData.CallingThreadId": "5632", "EventData.CallingThreadCreateTime": "2025-04-01 16:03:45.385235+00:00"}
{"EventID": "1", "Channel": "Microsoft-Windows-Security-Mitigations/KernelMode", "Provider_Name": "Microsoft-Windows-Security-Mitigations", "Computer": "DESKTOP-OFJ6N53", "TimeCreated": "2025-04-01 16:03:49.004532+00:00", "RecordID": "8750", "Level": "0", "UserID": "S-1-5-18", "EventData.ProcessPathLength": "52", "EventData.ProcessPath": "\\Device\\HarddiskVolume3\\Windows\\System32\\spoolsv.exe", "EventData.ProcessCommandLineLength": "31", "EventData.ProcessCommandLine": "C:\\Windows\\System32\\spoolsv.exe", "EventData.CallingProcessId": "4120", "EventData.CallingProcessCreateTime": "2025-04-01 16:03:33.704403+00:00", "EventData.CallingProcessStartKey": "44473046320283730", "EventData.CallingProcessSignatureLevel": "0", "EventData.CallingProcessSectionSignatureLevel": "0", "EventData.CallingProcessProtection": "0", "EventData.CallingThreadId": "4184", "EventData.CallingThreadCreateTime": "2025-04-01 16:03:33.793600+00:00"}
{"EventID": "12", "Channel": "Microsoft-Windows-Security-Mitigations/KernelMode", "Provider_Name": "Microsoft-Windows-Security-Mitigations", "Computer": "DESKTOP-OFJ6N53", "TimeCreated": "2025-04-01 16:14:13.210957+00:00", "RecordID": "8751", "Level": "3", "UserID": "S-1-5-18", "EventData.ProcessPathLength": "102", "EventData.ProcessPath": "\\Device\\HarddiskVolume3\\ProgramData\\Microsoft\\Windows Defender\\Platform\\4.18.25020.1009-0\\MpCmdRun.exe", "EventData.ProcessCommandLineLength": "137", "EventData.ProcessCommandLine": "\"C:\\ProgramData\\Microsoft\\Windows Defender\\Platform\\4.18.25020.1009-0\\MpCmdRun.exe\" SignaturesUpdateService -ScheduleJob -UnmanagedUpdate", "EventData.ProcessId": "11636", "EventData.ProcessCreateTime": "2025-04-01 16:14:08.110935+00:00", "EventData.ProcessStartKey": "44473046320284181", "EventData.ProcessSignatureLevel": "8", "EventData.ProcessSectionSignatureLevel": "8", "EventData.ProcessProtection": "0", "EventData.TargetThreadId": "8976", "EventData.TargetThreadCreateTime": "2025-04-01 16:14:08.246883+00:00", "EventData.RequiredSignatureLevel": "8", "EventData.SignatureLevel": "0", "EventData.ImageNameLength": "60", "EventData.ImageName": "\\Program Files\\Common Files\\Crypto Pro\\AppCompat\\cpadvai.dll"}
{"EventID": "2", "Channel": "Microsoft-Windows-Security-Mitigations/KernelMode", "Provider_Name": "Microsoft-Windows-Security-Mitigations", "Computer": "DESKTOP-OFJ6N53", "TimeCreated": "2025-04-02 09:16:01.089437+00:00", "RecordID": "8752", "Level": "3", "UserID": "S-1-5-21-963789628-1060504924-4285088085-1001", "EventData.ProcessPathLength": "52", "EventData.ProcessPath": "\\Device\\HarddiskVolume3\\Windows\\System32\\dllhost.exe", "EventData.ProcessCommandLineLength": "81", "EventData.ProcessCommandLine": "C:\\Windows\\system32\\DllHost.exe /Processid:{7966B4D8-4FDC-4126-A10B-39A3209AD251}", "EventData.CallingProcessId": "4548", "EventData.CallingProcessCreateTime": "2025-04-02 09:16:01.085978+00:00", "EventData.CallingProcessStartKey": "44473046320284910", "EventData.CallingProcessSignatureLevel": "8", "EventData.CallingProcessSectionSignatureLevel": "8", "EventData.CallingProcessProtection": "0", "EventData.CallingThreadId": "12424", "EventData.CallingThreadCreateTime": "2025-04-02 09:16:01.085979+00:00"}
{"EventID": "2", "Channel": "Microsoft-Windows-Security-Mitigations/KernelMode", "Provider_Name": "Microsoft-Windows-Security-Mitigations", "Computer": "DESKTOP-OFJ6N53", "TimeCreated": "2025-04-02 09:16:01.137283+00:00", "RecordID": "8753", "Level": "3", "UserID": "S-1-5-21-963789628-1060504924-4285088085-1001", "EventData.ProcessPathLength": "52", "EventData.ProcessPath": "\\Device\\HarddiskVolume3\\Windows\\System32\\dllhost.exe", "EventData.ProcessCommandLineLength": "81", "EventData.ProcessCommandLine": "C:\\Windows\\system32\\DllHost.exe /Processid:{973D20D7-562D-44B9-B70B-5A0F49CCDF3F}", "EventData.CallingProcessId": "2848", "EventData.CallingProcessCreateTime": "2025-04-02 09:16:01.133848+00:00", "EventData.CallingProcessStartKey": "44473046320284911", "EventData.CallingProcessSignatureLevel": "8", "EventData.CallingProcessSectionSignatureLevel": "8", "EventData.CallingProcessProtection": "0", "EventData.CallingThreadId": "2244", "EventData.CallingThreadCreateTime": "2025-04-02 09:16:01.133850+00:00"}
{"EventID": "2", "Channel": "Microsoft-Windows-Security-Mitigations/KernelMode", "Provider_Name": "Microsoft-Windows-Security-Mitigations", "Computer": "DESKTOP-OFJ6N53", "TimeCreated": "2025-04-02 09:18:33.409084+00:00", "RecordID": "8754", "Level": "3", "UserID": "S-1-5-18", "EventData.ProcessPathLength": "52", "EventData.ProcessPath": "\\Device\\HarddiskVolume3\\Windows\\System32\\dllhost.exe", "EventData.ProcessCommandLineLength": "81", "EventData.ProcessCommandLine": "C:\\Windows\\system32\\DllHost.exe /Processid:{3EB3C877-1F16-487C-9050-104DBCD66683}", "EventData.CallingProcessId": "7676", "EventData.CallingProcessCreateTime": "2025-04-02 09:18:33.374615+00:00", "EventData.CallingProcessStartKey": "44754521296994452", "EventData.CallingProcessSignatureLevel": "8", "EventData.CallingProcessSectionSignatureLevel": "8", "EventData.CallingProcessProtection": "0", "EventData.CallingThreadId": "7680", "EventData.CallingThreadCreateTime": "2025-04-02 09:18:33.374617+00:00"}
{"EventID": "1", "Channel": "Microsoft-Windows-Security-Mitigations/KernelMode", "Provider_Name": "Microsoft-Windows-Security-Mitigations", "Computer": "DESKTOP-OFJ6N53", "TimeCreated": "2025-04-02 09:18:41.948561+00:00", "RecordID": "8755", "Level": "0", "UserID": "S-1-5-18", "EventData.ProcessPathLength": "52", "EventData.ProcessPath": "\\Device\\HarddiskVolume3\\Windows\\System32\\spoolsv.exe", "EventData.ProcessCommandLineLength": "31", "EventData.ProcessCommandLine": "C:\\Windows\\System32\\spoolsv.exe", "EventData.CallingProcessId": "2692", "EventData.CallingProcessCreateTime": "2025-04-02 09:18:23.968435+00:00", "EventData.CallingProcessStartKey": "44754521296994384", "EventData.CallingProcessSignatureLevel": "0", "EventData.CallingProcessSectionSignatureLevel": "0", "EventData.CallingProcessProtection": "0", "EventData.CallingThreadId": "4116", "EventData.CallingThreadCreateTime": "2025-04-02 09:18:24.034584+00:00"}
{"EventID": "12", "Channel": "Microsoft-Windows-Security-Mitigations/KernelMode", "Provider_Name": "Microsoft-Windows-Security-Mitigations", "Computer": "DESKTOP-OFJ6N53", "TimeCreated": "2025-04-02 09:29:06.428310+00:00", "RecordID": "8756", "Level": "3", "UserID": "S-1-5-18", "EventData.ProcessPathLength": "102", "EventData.ProcessPath": "\\Device\\HarddiskVolume3\\ProgramData\\Microsoft\\Windows Defender\\Platform\\4.18.25020.1009-0\\MpCmdRun.exe", "EventData.ProcessCommandLineLength": "137", "EventData.ProcessCommandLine": "\"C:\\ProgramData\\Microsoft\\Windows Defender\\Platform\\4.18.25020.1009-0\\MpCmdRun.exe\" SignaturesUpdateService -ScheduleJob -UnmanagedUpdate", "EventData.ProcessId": "5324", "EventData.ProcessCreateTime": "2025-04-02 09:28:55.414486+00:00", "EventData.ProcessStartKey": "44754521296994852", "EventData.ProcessSignatureLevel": "8", "EventData.ProcessSectionSignatureLevel": "8", "EventData.ProcessProtection": "0", "EventData.TargetThreadId": "2676", "EventData.TargetThreadCreateTime": "2025-04-02 09:28:55.543348+00:00", "EventData.RequiredSignatureLevel": "8", "EventData.SignatureLevel": "0", "EventData.ImageNameLength": "60", "EventData.ImageName": "\\Program Files\\Common Files\\Crypto Pro\\AppCompat\\cpadvai.dll"}
{"EventID": "2", "Channel": "Microsoft-Windows-Security-Mitigations/KernelMode", "Provider_Name": "Microsoft-Windows-Security-Mitigations", "Computer": "DESKTOP-OFJ6N53", "TimeCreated": "2025-04-02 09:31:44.291523+00:00", "RecordID": "8757", "Level": "3", "UserID": "S-1-5-18", "EventData.ProcessPathLength": "52", "EventData.ProcessPath": "\\Device\\HarddiskVolume3\\Windows\\System32\\dllhost.exe", "EventData.ProcessCommandLineLength": "81", "EventData.ProcessCommandLine": "C:\\Windows\\system32\\DllHost.exe /Processid:{3EB3C877-1F16-487C-9050-104DBCD66683}", "EventData.CallingProcessId": "5268", "EventData.CallingProcessCreateTime": "2025-04-02 09:31:44.260038+00:00", "EventData.CallingProcessStartKey": "45035996273705100", "EventData.CallingProcessSignatureLevel": "8", "EventData.CallingProcessSectionSignatureLevel": "8", "EventData.CallingProcessProtection": "0", "EventData.CallingThreadId": "5388", "EventData.CallingThreadCreateTime": "2025-04-02 09:31:44.260040+00:00"}
{"EventID": "1", "Channel": "Microsoft-Windows-Security-Mitigations/KernelMode", "Provider_Name": "Microsoft-Windows-Security-Mitigations", "Computer": "DESKTOP-OFJ6N53", "TimeCreated": "2025-04-02 09:33:35.078075+00:00", "RecordID": "8758", "Level": "0", "UserID": "S-1-5-18", "EventData.ProcessPathLength": "52", "EventData.ProcessPath": "\\Device\\HarddiskVolume3\\Windows\\System32\\spoolsv.exe", "EventData.ProcessCommandLineLength": "31", "EventData.ProcessCommandLine": "C:\\Windows\\System32\\spoolsv.exe", "EventData.CallingProcessId": "3628", "EventData.CallingProcessCreateTime": "2025-04-02 09:31:34.973726+00:00", "EventData.CallingProcessStartKey": "45035996273705041", "EventData.CallingProcessSignatureLevel": "0", "EventData.CallingProcessSectionSignatureLevel": "0", "EventData.CallingProcessProtection": "0", "EventData.CallingThreadId": "4128", "EventData.CallingThreadCreateTime": "2025-04-02 09:31:35.060312+00:00"}
