{"EventID": "1", "Channel": "Microsoft-Windows-WER-PayloadHealth/Operational", "Provider_Name": "Microsoft-Windows-WER-PayloadHealth", "Computer": "DESKTOP-OFJ6N53", "TimeCreated": "2022-02-24 12:40:29.721148+00:00", "RecordID": "1", "Level": "4", "UserID": "S-1-5-21-963789628-1060504924-4285088085-1001", "EventData.UploadDuration": "12109", "EventData.PayloadSize": "5175", "EventData.Protocol": "Watson", "EventData.Stage": "s1event", "EventData.BytesUploaded": "5175", "EventData.ServerName": "watson.telemetry.microsoft.com"}
{"EventID": "1", "Channel": "Microsoft-Windows-WER-PayloadHealth/Operational", "Provider_Name": "Microsoft-Windows-WER-PayloadHealth", "Computer": "DESKTOP-OFJ6N53", "TimeCreated": "2022-02-24 15:19:14.330212+00:00", "RecordID": "2", "Level": "4", "UserID": "S-1-5-21-963789628-1060504924-4285088085-1001", "EventData.UploadDuration": "907", "EventData.PayloadSize": "4692", "EventData.Protocol": "Watson", "EventData.Stage": "s1event", "EventData.BytesUploaded": "4692", "EventData.ServerName": "watson.telemetry.microsoft.com"}
{"EventID": "1", "Channel": "Microsoft-Windows-WER-PayloadHealth/Operational", "Provider_Name": "Microsoft-Windows-WER-PayloadHealth", "Computer": "DESKTOP-OFJ6N53", "TimeCreated": "2022-02-24 15:22:15.595331+00:00", "RecordID": "3", "Level": "4", "UserID": "S-1-5-21-963789628-1060504924-4285088085-1001", "EventData.UploadDuration": "859", "EventData.PayloadSize": "4276", "EventData.Protocol": "Watson", "EventData.Stage": "s1event", "EventData.BytesUploaded": "4276", "EventData.ServerName": "watson.telemetry.microsoft.com"}
{"EventID": "2", "Channel": "Microsoft-Windows-WER-PayloadHealth/Operational", "Provider_Name": "Microsoft-Windows-WER-PayloadHealth", "Computer": "DESKTOP-OFJ6N53", "TimeCreated": "2022-03-03 09:43:23.070908+00:00", "RecordID": "4", "Level": "4", "UserID": "S-1-5-21-963789628-1060504924-4285088085-1001", "EventData.HttpExchangeResult": "2147954407", "EventData.UploadDuration": "922", "EventData.PayloadSize": "4437", "EventData.Protocol": "Watson", "EventData.Stage": "s1event", "EventData.RequestStatusCode": "0", "EventData.BytesUploaded": "0", "EventData.ServerName": "umwatson.events.data.microsoft.com", "EventData.TransportHr": "2147954407"}
{"EventID": "2", "Channel": "Microsoft-Windows-WER-PayloadHealth/Operational", "Provider_Name": "Microsoft-Windows-WER-PayloadHealth", "Computer": "DESKTOP-OFJ6N53", "TimeCreated": "2022-03-03 12:19:10.966356+00:00", "RecordID": "5", "Level": "4", "UserID": "S-1-5-21-963789628-1060504924-4285088085-1001", "EventData.HttpExchangeResult": "2147954407", "EventData.UploadDuration": "15", "EventData.PayloadSize": "4437", "EventData.Protocol": "Watson", "EventData.Stage": "s1event", "EventData.RequestStatusCode": "0", "EventData.BytesUploaded": "0", "EventData.ServerName": "umwatson.events.data.microsoft.com", "EventData.TransportHr": "2147954407"}
{"EventID": "1", "Channel": "Microsoft-Windows-WER-PayloadHealth/Operational", "Provider_Name": "Microsoft-Windows-WER-PayloadHealth", "Computer": "DESKTOP-OFJ6N53", "TimeCreated": "2022-03-03 16:42:27.368061+00:00", "RecordID": "6", "Level": "4", "UserID": "S-1-5-21-963789628-1060504924-4285088085-1001", "EventData.UploadDuration": "3250", "EventData.PayloadSize": "4437", "EventData.Protocol": "Watson", "EventData.Stage": "s1event", "EventData.BytesUploaded": "4437", "EventData.ServerName": "umwatson.events.data.microsoft.com"}
{"EventID": "2", "Channel": "Microsoft-Windows-WER-PayloadHealth/Operational", "Provider_Name": "Microsoft-Windows-WER-PayloadHealth", "Computer": "DESKTOP-OFJ6N53", "TimeCreated": "2022-03-03 17:21:30.645523+00:00", "RecordID": "7", "Level": "4", "UserID": "S-1-5-21-963789628-1060504924-4285088085-1001", "EventData.HttpExchangeResult": "2147954407", "EventData.UploadDuration": "16", "EventData.PayloadSize": "4437", "EventData.Protocol": "Watson", "EventData.Stage": "s1event", "EventData.RequestStatusCode": "0", "EventData.BytesUploaded": "0", "EventData.ServerName": "umwatson.events.data.microsoft.com", "EventData.TransportHr": "2147954407"}
{"EventID": "2", "Channel": "Microsoft-Windows-WER-PayloadHealth/Operational", "Provider_Name": "Microsoft-Windows-WER-PayloadHealth", "Computer": "DESKTOP-OFJ6N53", "TimeCreated": "2022-03-03 17:21:30.814260+00:00", "RecordID": "8", "Level": "4", "UserID": "S-1-5-21-963789628-1060504924-4285088085-1001", "EventData.HttpExchangeResult": "2147954407", "EventData.UploadDuration": "16", "EventData.PayloadSize": "4437", "EventData.Protocol": "Watson", "EventData.Stage": "s1event", "EventData.RequestStatusCode": "0", "EventData.BytesUploaded": "0", "EventData.ServerName": "umwatson.events.data.microsoft.com", "EventData.TransportHr": "2147954407"}
{"EventID": "1", "Channel": "Microsoft-Windows-WER-PayloadHealth/Operational", "Provider_Name": "Microsoft-Windows-WER-PayloadHealth", "Computer": "DESKTOP-OFJ6N53", "TimeCreated": "2022-03-03 20:11:33.918144+00:00", "RecordID": "9", "Level": "4", "UserID": "S-1-5-21-963789628-1060504924-4285088085-1001", "EventData.UploadDuration": "843", "EventData.PayloadSize": "4437", "EventData.Protocol": "Watson", "EventData.Stage": "s1event", "EventData.BytesUploaded": "4437", "EventData.ServerName": "umwatson.events.data.microsoft.com"}
{"EventID": "2", "Channel": "Microsoft-Windows-WER-PayloadHealth/Operational", "Provider_Name": "Microsoft-Windows-WER-PayloadHealth", "Computer": "DESKTOP-OFJ6N53", "TimeCreated": "2022-03-05 08:45:49.733431+00:00", "RecordID": "10", "Level": "4", "UserID": "S-1-5-21-963789628-1060504924-4285088085-1001", "EventData.HttpExchangeResult": "2147954407", "EventData.UploadDuration": "78", "EventData.PayloadSize": "4437", "EventData.Protocol": "Watson", "EventData.Stage": "s1event", "EventData.RequestStatusCode": "0", "EventData.BytesUploaded": "0", "EventData.ServerName": "umwatson.events.data.microsoft.com", "EventData.TransportHr": "2147954407"}
{"EventID": "2", "Channel": "Microsoft-Windows-WER-PayloadHealth/Operational", "Provider_Name": "Microsoft-Windows-WER-PayloadHealth", "Computer": "DESKTOP-OFJ6N53", "TimeCreated": "2022-03-05 12:02:45.741026+00:00", "RecordID": "11", "Level": "4", "UserID": "S-1-5-21-963789628-1060504924-4285088085-1001", "EventData.HttpExchangeResult": "2147954407", "EventData.UploadDuration": "16", "EventData.PayloadSize": "4437", "EventData.Protocol": "Watson", "EventData.Stage": "s1event", "EventData.RequestStatusCode": "0", "EventData.BytesUploaded": "0", "EventData.ServerName": "umwatson.events.data.microsoft.com", "EventData.TransportHr": "2147954407"}
{"EventID": "2", "Channel": "Microsoft-Windows-WER-PayloadHealth/Operational", "Provider_Name": "Microsoft-Windows-WER-PayloadHealth", "Computer": "DESKTOP-OFJ6N53", "TimeCreated": "2022-03-05 16:32:30.736248+00:00", "RecordID": "12", "Level": "4", "UserID": "S-1-5-21-963789628-1060504924-4285088085-1001", "EventData.HttpExchangeResult": "2147954407", "EventData.UploadDuration": "47", "EventData.PayloadSize": "4437", "EventData.Protocol": "Watson", "EventData.Stage": "s1event", "EventData.RequestStatusCode": "0", "EventData.BytesUploaded": "0", "EventData.ServerName": "umwatson.events.data.microsoft.com", "EventData.TransportHr": "2147954407"}
{"EventID": "2", "Channel": "Microsoft-Windows-WER-PayloadHealth/Operational", "Provider_Name": "Microsoft-Windows-WER-PayloadHealth", "Computer": "DESKTOP-OFJ6N53", "TimeCreated": "2022-03-05 20:12:14.225603+00:00", "RecordID": "13", "Level": "4", "UserID": "S-1-5-21-963789628-1060504924-4285088085-1001", "EventData.HttpExchangeResult": "2147954407", "EventData.UploadDuration": "109", "EventData.PayloadSize": "4437", "EventData.Protocol": "Watson", "EventData.Stage": "s1event", "EventData.RequestStatusCode": "0", "EventData.BytesUploaded": "0", "EventData.ServerName": "umwatson.events.data.microsoft.com", "EventData.TransportHr": "2147954407"}
{"EventID": "2", "Channel": "Microsoft-Windows-WER-PayloadHealth/Operational", "Provider_Name": "Microsoft-Windows-WER-PayloadHealth", "Computer": "DESKTOP-OFJ6N53", "TimeCreated": "2022-03-06 00:23:12.215927+00:00", "RecordID": "14", "Level": "4", "UserID": "S-1-5-21-963789628-1060504924-4285088085-1001", "EventData.HttpExchangeResult": "2147954407", "EventData.UploadDuration": "15", "EventData.PayloadSize": "4437", "EventData.Protocol": "Watson", "EventData.Stage": "s1event", "EventData.RequestStatusCode": "0", "EventData.BytesUploaded": "0", "EventData.ServerName": "umwatson.events.data.microsoft.com", "EventData.TransportHr": "2147954407"}
{"EventID": "2", "Channel": "Microsoft-Windows-WER-PayloadHealth/Operational", "Provider_Name": "Microsoft-Windows-WER-PayloadHealth", "Computer": "DESKTOP-OFJ6N53", "TimeCreated": "2022-03-06 04:25:15.782976+00:00", "RecordID": "15", "Level": "4", "UserID": "S-1-5-21-963789628-1060504924-4285088085-1001", "EventData.HttpExchangeResult": "2147954407", "EventData.UploadDuration": "953", "EventData.PayloadSize": "4437", "EventData.Protocol": "Watson", "EventData.Stage": "s1event", "EventData.RequestStatusCode": "0", "EventData.BytesUploaded": "0", "EventData.ServerName": "umwatson.events.data.microsoft.com", "EventData.TransportHr": "2147954407"}
{"EventID": "2", "Channel": "Microsoft-Windows-WER-PayloadHealth/Operational", "Provider_Name": "Microsoft-Windows-WER-PayloadHealth", "Computer": "DESKTOP-OFJ6N53", "TimeCreated": "2022-03-06 08:59:56.655209+00:00", "RecordID": "16", "Level": "4", "UserID": "S-1-5-21-963789628-1060504924-4285088085-1001", "EventData.HttpExchangeResult": "2147954407", "EventData.UploadDuration": "0", "EventData.PayloadSize": "4437", "EventData.Protocol": "Watson", "EventData.Stage": "s1event", "EventData.RequestStatusCode": "0", "EventData.BytesUploaded": "0", "EventData.ServerName": "umwatson.events.data.microsoft.com", "EventData.TransportHr": "2147954407"}
{"EventID": "2", "Channel": "Microsoft-Windows-WER-PayloadHealth/Operational", "Provider_Name": "Microsoft-Windows-WER-PayloadHealth", "Computer": "DESKTOP-OFJ6N53", "TimeCreated": "2022-03-06 12:58:23.882864+00:00", "RecordID": "17", "Level": "4", "UserID": "S-1-5-21-963789628-1060504924-4285088085-1001", "EventData.HttpExchangeResult": "2147954407", "EventData.UploadDuration": "31", "EventData.PayloadSize": "4437", "EventData.Protocol": "Watson", "EventData.Stage": "s1event", "EventData.RequestStatusCode": "0", "EventData.BytesUploaded": "0", "EventData.ServerName": "umwatson.events.data.microsoft.com", "EventData.TransportHr": "2147954407"}
{"EventID": "2", "Channel": "Microsoft-Windows-WER-PayloadHealth/Operational", "Provider_Name": "Microsoft-Windows-WER-PayloadHealth", "Computer": "DESKTOP-OFJ6N53", "TimeCreated": "2022-03-06 16:27:20.772173+00:00", "RecordID": "18", "Level": "4", "UserID": "S-1-5-21-963789628-1060504924-4285088085-1001", "EventData.HttpExchangeResult": "2147954407", "EventData.UploadDuration": "16", "EventData.PayloadSize": "4437", "EventData.Protocol": "Watson", "EventData.Stage": "s1event", "EventData.RequestStatusCode": "0", "EventData.BytesUploaded": "0", "EventData.ServerName": "umwatson.events.data.microsoft.com", "EventData.TransportHr": "2147954407"}
{"EventID": "2", "Channel": "Microsoft-Windows-WER-PayloadHealth/Operational", "Provider_Name": "Microsoft-Windows-WER-PayloadHealth", "Computer": "DESKTOP-OFJ6N53", "TimeCreated": "2022-03-06 20:20:46.797565+00:00", "RecordID": "19", "Level": "4", "UserID": "S-1-5-21-963789628-1060504924-4285088085-1001", "EventData.HttpExchangeResult": "2147954407", "EventData.UploadDuration": "15", "EventData.PayloadSize": "4437", "EventData.Protocol": "Watson", "EventData.Stage": "s1event", "EventData.RequestStatusCode": "0", "EventData.BytesUploaded": "0", "EventData.ServerName": "umwatson.events.data.microsoft.com", "EventData.TransportHr": "2147954407"}
{"EventID": "2", "Channel": "Microsoft-Windows-WER-PayloadHealth/Operational", "Provider_Name": "Microsoft-Windows-WER-PayloadHealth", "Computer": "DESKTOP-OFJ6N53", "TimeCreated": "2022-03-07 00:44:35.749714+00:00", "RecordID": "20", "Level": "4", "UserID": "S-1-5-21-963789628-1060504924-4285088085-1001", "EventData.HttpExchangeResult": "2147954407", "EventData.UploadDuration": "16", "EventData.PayloadSize": "4437", "EventData.Protocol": "Watson", "EventData.Stage": "s1event", "EventData.RequestStatusCode": "0", "EventData.BytesUploaded": "0", "EventData.ServerName": "umwatson.events.data.microsoft.com", "EventData.TransportHr": "2147954407"}
{"EventID": "2", "Channel": "Microsoft-Windows-WER-PayloadHealth/Operational", "Provider_Name": "Microsoft-Windows-WER-PayloadHealth", "Computer": "DESKTOP-OFJ6N53", "TimeCreated": "2022-03-07 04:28:17.741898+00:00", "RecordID": "21", "Level": "4", "UserID": "S-1-5-21-963789628-1060504924-4285088085-1001", "EventData.HttpExchangeResult": "2147954407", "EventData.UploadDuration": "16", "EventData.PayloadSize": "4437", "EventData.Protocol": "Watson", "EventData.Stage": "s1event", "EventData.RequestStatusCode": "0", "EventData.BytesUploaded": "0", "EventData.ServerName": "umwatson.events.data.microsoft.com", "EventData.TransportHr": "2147954407"}
{"EventID": "2", "Channel": "Microsoft-Windows-WER-PayloadHealth/Operational", "Provider_Name": "Microsoft-Windows-WER-PayloadHealth", "Computer": "DESKTOP-OFJ6N53", "TimeCreated": "2022-03-07 08:18:36.744417+00:00", "RecordID": "22", "Level": "4", "UserID": "S-1-5-21-963789628-1060504924-4285088085-1001", "EventData.HttpExchangeResult": "2147954407", "EventData.UploadDuration": "16", "EventData.PayloadSize": "4437", "EventData.Protocol": "Watson", "EventData.Stage": "s1event", "EventData.RequestStatusCode": "0", "EventData.BytesUploaded": "0", "EventData.ServerName": "umwatson.events.data.microsoft.com", "EventData.TransportHr": "2147954407"}
{"EventID": "2", "Channel": "Microsoft-Windows-WER-PayloadHealth/Operational", "Provider_Name": "Microsoft-Windows-WER-PayloadHealth", "Computer": "DESKTOP-OFJ6N53", "TimeCreated": "2022-03-07 09:18:39.913486+00:00", "RecordID": "23", "Level": "4", "UserID": "S-1-5-21-963789628-1060504924-4285088085-1001", "EventData.HttpExchangeResult": "2147954407", "EventData.UploadDuration": "125", "EventData.PayloadSize": "4437", "EventData.Protocol": "Watson", "EventData.Stage": "s1event", "EventData.RequestStatusCode": "0", "EventData.BytesUploaded": "0", "EventData.ServerName": "umwatson.events.data.microsoft.com", "EventData.TransportHr": "2147954407"}
{"EventID": "2", "Channel": "Microsoft-Windows-WER-PayloadHealth/Operational", "Provider_Name": "Microsoft-Windows-WER-PayloadHealth", "Computer": "DESKTOP-OFJ6N53", "TimeCreated": "2022-03-07 09:18:40.739664+00:00", "RecordID": "24", "Level": "4", "UserID": "S-1-5-21-963789628-1060504924-4285088085-1001", "EventData.HttpExchangeResult": "2147954407", "EventData.UploadDuration": "172", "EventData.PayloadSize": "4437", "EventData.Protocol": "Watson", "EventData.Stage": "s1event", "EventData.RequestStatusCode": "0", "EventData.BytesUploaded": "0", "EventData.ServerName": "umwatson.events.data.microsoft.com", "EventData.TransportHr": "2147954407"}
{"EventID": "2", "Channel": "Microsoft-Windows-WER-PayloadHealth/Operational", "Provider_Name": "Microsoft-Windows-WER-PayloadHealth", "Computer": "DESKTOP-OFJ6N53", "TimeCreated": "2022-03-07 12:55:16.703627+00:00", "RecordID": "25", "Level": "4", "UserID": "S-1-5-21-963789628-1060504924-4285088085-1001", "EventData.HttpExchangeResult": "2147954407", "EventData.UploadDuration": "0", "EventData.PayloadSize": "4437", "EventData.Protocol": "Watson", "EventData.Stage": "s1event", "EventData.RequestStatusCode": "0", "EventData.BytesUploaded": "0", "EventData.ServerName": "umwatson.events.data.microsoft.com", "EventData.TransportHr": "2147954407"}
{"EventID": "2", "Channel": "Microsoft-Windows-WER-PayloadHealth/Operational", "Provider_Name": "Microsoft-Windows-WER-PayloadHealth", "Computer": "DESKTOP-OFJ6N53", "TimeCreated": "2022-03-07 12:55:16.750570+00:00", "RecordID": "26", "Level": "4", "UserID": "S-1-5-21-963789628-1060504924-4285088085-1001", "EventData.HttpExchangeResult": "2147954407", "EventData.UploadDuration": "0", "EventData.PayloadSize": "4437", "EventData.Protocol": "Watson", "EventData.Stage": "s1event", "EventData.RequestStatusCode": "0", "EventData.BytesUploaded": "0", "EventData.ServerName": "umwatson.events.data.microsoft.com", "EventData.TransportHr": "2147954407"}
{"EventID": "2", "Channel": "Microsoft-Windows-WER-PayloadHealth/Operational", "Provider_Name": "Microsoft-Windows-WER-PayloadHealth", "Computer": "DESKTOP-OFJ6N53", "TimeCreated": "2022-03-07 16:15:11.738129+00:00", "RecordID": "27", "Level": "4", "UserID": "S-1-5-21-963789628-1060504924-4285088085-1001", "EventData.HttpExchangeResult": "2147954407", "EventData.UploadDuration": "16", "EventData.PayloadSize": "4437", "EventData.Protocol": "Watson", "EventData.Stage": "s1event", "EventData.RequestStatusCode": "0", "EventData.BytesUploaded": "0", "EventData.ServerName": "umwatson.events.data.microsoft.com", "EventData.TransportHr": "2147954407"}
{"EventID": "2", "Channel": "Microsoft-Windows-WER-PayloadHealth/Operational", "Provider_Name": "Microsoft-Windows-WER-PayloadHealth", "Computer": "DESKTOP-OFJ6N53", "TimeCreated": "2022-03-07 16:15:11.783882+00:00", "RecordID": "28", "Level": "4", "UserID": "S-1-5-21-963789628-1060504924-4285088085-1001", "EventData.HttpExchangeResult": "2147954407", "EventData.UploadDuration": "15", "EventData.PayloadSize": "4437", "EventData.Protocol": "Watson", "EventData.Stage": "s1event", "EventData.RequestStatusCode": "0", "EventData.BytesUploaded": "0", "EventData.ServerName": "umwatson.events.data.microsoft.com", "EventData.TransportHr": "2147954407"}
{"EventID": "2", "Channel": "Microsoft-Windows-WER-PayloadHealth/Operational", "Provider_Name": "Microsoft-Windows-WER-PayloadHealth", "Computer": "DESKTOP-OFJ6N53", "TimeCreated": "2022-03-07 20:13:35.927860+00:00", "RecordID": "29", "Level": "4", "UserID": "S-1-5-21-963789628-1060504924-4285088085-1001", "EventData.HttpExchangeResult": "2147954407", "EventData.UploadDuration": "0", "EventData.PayloadSize": "4437", "EventData.Protocol": "Watson", "EventData.Stage": "s1event", "EventData.RequestStatusCode": "0", "EventData.BytesUploaded": "0", "EventData.ServerName": "umwatson.events.data.microsoft.com", "EventData.TransportHr": "2147954407"}
{"EventID": "2", "Channel": "Microsoft-Windows-WER-PayloadHealth/Operational", "Provider_Name": "Microsoft-Windows-WER-PayloadHealth", "Computer": "DESKTOP-OFJ6N53", "TimeCreated": "2022-03-07 20:13:35.972422+00:00", "RecordID": "30", "Level": "4", "UserID": "S-1-5-21-963789628-1060504924-4285088085-1001", "EventData.HttpExchangeResult": "2147954407", "EventData.UploadDuration": "0", "EventData.PayloadSize": "4437", "EventData.Protocol": "Watson", "EventData.Stage": "s1event", "EventData.RequestStatusCode": "0", "EventData.BytesUploaded": "0", "EventData.ServerName": "umwatson.events.data.microsoft.com", "EventData.TransportHr": "2147954407"}
{"EventID": "2", "Channel": "Microsoft-Windows-WER-PayloadHealth/Operational", "Provider_Name": "Microsoft-Windows-WER-PayloadHealth", "Computer": "DESKTOP-OFJ6N53", "TimeCreated": "2022-03-07 20:13:36.028698+00:00", "RecordID": "31", "Level": "4", "UserID": "S-1-5-21-963789628-1060504924-4285088085-1001", "EventData.HttpExchangeResult": "2147954407", "EventData.UploadDuration": "0", "EventData.PayloadSize": "4437", "EventData.Protocol": "Watson", "EventData.Stage": "s1event", "EventData.RequestStatusCode": "0", "EventData.BytesUploaded": "0", "EventData.ServerName": "umwatson.events.data.microsoft.com", "EventData.TransportHr": "2147954407"}
{"EventID": "2", "Channel": "Microsoft-Windows-WER-PayloadHealth/Operational", "Provider_Name": "Microsoft-Windows-WER-PayloadHealth", "Computer": "DESKTOP-OFJ6N53", "TimeCreated": "2022-03-07 20:36:56.750290+00:00", "RecordID": "32", "Level": "4", "UserID": "S-1-5-21-963789628-1060504924-4285088085-1001", "EventData.HttpExchangeResult": "2147954407", "EventData.UploadDuration": "16", "EventData.PayloadSize": "4437", "EventData.Protocol": "Watson", "EventData.Stage": "s1event", "EventData.RequestStatusCode": "0", "EventData.BytesUploaded": "0", "EventData.ServerName": "umwatson.events.data.microsoft.com", "EventData.TransportHr": "2147954407"}
{"EventID": "2", "Channel": "Microsoft-Windows-WER-PayloadHealth/Operational", "Provider_Name": "Microsoft-Windows-WER-PayloadHealth", "Computer": "DESKTOP-OFJ6N53", "TimeCreated": "2022-03-07 20:36:56.800621+00:00", "RecordID": "33", "Level": "4", "UserID": "S-1-5-21-963789628-1060504924-4285088085-1001", "EventData.HttpExchangeResult": "2147954407", "EventData.UploadDuration": "0", "EventData.PayloadSize": "4437", "EventData.Protocol": "Watson", "EventData.Stage": "s1event", "EventData.RequestStatusCode": "0", "EventData.BytesUploaded": "0", "EventData.ServerName": "umwatson.events.data.microsoft.com", "EventData.TransportHr": "2147954407"}
{"EventID": "2", "Channel": "Microsoft-Windows-WER-PayloadHealth/Operational", "Provider_Name": "Microsoft-Windows-WER-PayloadHealth", "Computer": "DESKTOP-OFJ6N53", "TimeCreated": "2022-03-07 20:36:56.848789+00:00", "RecordID": "34", "Level": "4", "UserID": "S-1-5-21-963789628-1060504924-4285088085-1001", "EventData.HttpExchangeResult": "2147954407", "EventData.UploadDuration": "0", "EventData.PayloadSize": "4437", "EventData.Protocol": "Watson", "EventData.Stage": "s1event", "EventData.RequestStatusCode": "0", "EventData.BytesUploaded": "0", "EventData.ServerName": "umwatson.events.data.microsoft.com", "EventData.TransportHr": "2147954407"}
{"EventID": "2", "Channel": "Microsoft-Windows-WER-PayloadHealth/Operational", "Provider_Name": "Microsoft-Windows-WER-PayloadHealth", "Computer": "DESKTOP-OFJ6N53", "TimeCreated": "2022-03-08 00:21:43.733473+00:00", "RecordID": "35", "Level": "4", "UserID": "S-1-5-21-963789628-1060504924-4285088085-1001", "EventData.HttpExchangeResult": "2147954407", "EventData.UploadDuration": "16", "EventData.PayloadSize": "4437", "EventData.Protocol": "Watson", "EventData.Stage": "s1event", "EventData.RequestStatusCode": "0", "EventData.BytesUploaded": "0", "EventData.ServerName": "umwatson.events.data.microsoft.com", "EventData.TransportHr": "2147954407"}
{"EventID": "2", "Channel": "Microsoft-Windows-WER-PayloadHealth/Operational", "Provider_Name": "Microsoft-Windows-WER-PayloadHealth", "Computer": "DESKTOP-OFJ6N53", "TimeCreated": "2022-03-08 00:21:43.781910+00:00", "RecordID": "36", "Level": "4", "UserID": "S-1-5-21-963789628-1060504924-4285088085-1001", "EventData.HttpExchangeResult": "2147954407", "EventData.UploadDuration": "15", "EventData.PayloadSize": "4437", "EventData.Protocol": "Watson", "EventData.Stage": "s1event", "EventData.RequestStatusCode": "0", "EventData.BytesUploaded": "0", "EventData.ServerName": "umwatson.events.data.microsoft.com", "EventData.TransportHr": "2147954407"}
{"EventID": "2", "Channel": "Microsoft-Windows-WER-PayloadHealth/Operational", "Provider_Name": "Microsoft-Windows-WER-PayloadHealth", "Computer": "DESKTOP-OFJ6N53", "TimeCreated": "2022-03-08 00:21:43.837971+00:00", "RecordID": "37", "Level": "4", "UserID": "S-1-5-21-963789628-1060504924-4285088085-1001", "EventData.HttpExchangeResult": "2147954407", "EventData.UploadDuration": "0", "EventData.PayloadSize": "4437", "EventData.Protocol": "Watson", "EventData.Stage": "s1event", "EventData.RequestStatusCode": "0", "EventData.BytesUploaded": "0", "EventData.ServerName": "umwatson.events.data.microsoft.com", "EventData.TransportHr": "2147954407"}
{"EventID": "2", "Channel": "Microsoft-Windows-WER-PayloadHealth/Operational", "Provider_Name": "Microsoft-Windows-WER-PayloadHealth", "Computer": "DESKTOP-OFJ6N53", "TimeCreated": "2022-03-08 04:16:51.932455+00:00", "RecordID": "38", "Level": "4", "UserID": "S-1-5-21-963789628-1060504924-4285088085-1001", "EventData.HttpExchangeResult": "2147954407", "EventData.UploadDuration": "47", "EventData.PayloadSize": "4437", "EventData.Protocol": "Watson", "EventData.Stage": "s1event", "EventData.RequestStatusCode": "0", "EventData.BytesUploaded": "0", "EventData.ServerName": "umwatson.events.data.microsoft.com", "EventData.TransportHr": "2147954407"}
{"EventID": "2", "Channel": "Microsoft-Windows-WER-PayloadHealth/Operational", "Provider_Name": "Microsoft-Windows-WER-PayloadHealth", "Computer": "DESKTOP-OFJ6N53", "TimeCreated": "2022-03-08 04:16:52.168131+00:00", "RecordID": "39", "Level": "4", "UserID": "S-1-5-21-963789628-1060504924-4285088085-1001", "EventData.HttpExchangeResult": "2147954407", "EventData.UploadDuration": "31", "EventData.PayloadSize": "4437", "EventData.Protocol": "Watson", "EventData.Stage": "s1event", "EventData.RequestStatusCode": "0", "EventData.BytesUploaded": "0", "EventData.ServerName": "umwatson.events.data.microsoft.com", "EventData.TransportHr": "2147954407"}
{"EventID": "2", "Channel": "Microsoft-Windows-WER-PayloadHealth/Operational", "Provider_Name": "Microsoft-Windows-WER-PayloadHealth", "Computer": "DESKTOP-OFJ6N53", "TimeCreated": "2022-03-08 04:16:52.421207+00:00", "RecordID": "40", "Level": "4", "UserID": "S-1-5-21-963789628-1060504924-4285088085-1001", "EventData.HttpExchangeResult": "2147954407", "EventData.UploadDuration": "0", "EventData.PayloadSize": "4437", "EventData.Protocol": "Watson", "EventData.Stage": "s1event", "EventData.RequestStatusCode": "0", "EventData.BytesUploaded": "0", "EventData.ServerName": "umwatson.events.data.microsoft.com", "EventData.TransportHr": "2147954407"}
{"EventID": "2", "Channel": "Microsoft-Windows-WER-PayloadHealth/Operational", "Provider_Name": "Microsoft-Windows-WER-PayloadHealth", "Computer": "DESKTOP-OFJ6N53", "TimeCreated": "2022-03-08 08:02:47.474640+00:00", "RecordID": "41", "Level": "4", "UserID": "S-1-5-21-963789628-1060504924-4285088085-1001", "EventData.HttpExchangeResult": "2147954407", "EventData.UploadDuration": "94", "EventData.PayloadSize": "4437", "EventData.Protocol": "Watson", "EventData.Stage": "s1event", "EventData.RequestStatusCode": "0", "EventData.BytesUploaded": "0", "EventData.ServerName": "umwatson.events.data.microsoft.com", "EventData.TransportHr": "2147954407"}
{"EventID": "2", "Channel": "Microsoft-Windows-WER-PayloadHealth/Operational", "Provider_Name": "Microsoft-Windows-WER-PayloadHealth", "Computer": "DESKTOP-OFJ6N53", "TimeCreated": "2022-03-08 08:02:47.615049+00:00", "RecordID": "42", "Level": "4", "UserID": "S-1-5-21-963789628-1060504924-4285088085-1001", "EventData.HttpExchangeResult": "2147954407", "EventData.UploadDuration": "31", "EventData.PayloadSize": "4437", "EventData.Protocol": "Watson", "EventData.Stage": "s1event", "EventData.RequestStatusCode": "0", "EventData.BytesUploaded": "0", "EventData.ServerName": "umwatson.events.data.microsoft.com", "EventData.TransportHr": "2147954407"}
{"EventID": "2", "Channel": "Microsoft-Windows-WER-PayloadHealth/Operational", "Provider_Name": "Microsoft-Windows-WER-PayloadHealth", "Computer": "DESKTOP-OFJ6N53", "TimeCreated": "2022-03-08 08:02:47.980904+00:00", "RecordID": "43", "Level": "4", "UserID": "S-1-5-21-963789628-1060504924-4285088085-1001", "EventData.HttpExchangeResult": "2147954407", "EventData.UploadDuration": "125", "EventData.PayloadSize": "4437", "EventData.Protocol": "Watson", "EventData.Stage": "s1event", "EventData.RequestStatusCode": "0", "EventData.BytesUploaded": "0", "EventData.ServerName": "umwatson.events.data.microsoft.com", "EventData.TransportHr": "2147954407"}
{"EventID": "2", "Channel": "Microsoft-Windows-WER-PayloadHealth/Operational", "Provider_Name": "Microsoft-Windows-WER-PayloadHealth", "Computer": "DESKTOP-OFJ6N53", "TimeCreated": "2022-03-08 12:27:48.831450+00:00", "RecordID": "44", "Level": "4", "UserID": "S-1-5-21-963789628-1060504924-4285088085-1001", "EventData.HttpExchangeResult": "2147954407", "EventData.UploadDuration": "15", "EventData.PayloadSize": "4437", "EventData.Protocol": "Watson", "EventData.Stage": "s1event", "EventData.RequestStatusCode": "0", "EventData.BytesUploaded": "0", "EventData.ServerName": "umwatson.events.data.microsoft.com", "EventData.TransportHr": "2147954407"}
{"EventID": "2", "Channel": "Microsoft-Windows-WER-PayloadHealth/Operational", "Provider_Name": "Microsoft-Windows-WER-PayloadHealth", "Computer": "DESKTOP-OFJ6N53", "TimeCreated": "2022-03-08 12:27:48.874706+00:00", "RecordID": "45", "Level": "4", "UserID": "S-1-5-21-963789628-1060504924-4285088085-1001", "EventData.HttpExchangeResult": "2147954407", "EventData.UploadDuration": "15", "EventData.PayloadSize": "4437", "EventData.Protocol": "Watson", "EventData.Stage": "s1event", "EventData.RequestStatusCode": "0", "EventData.BytesUploaded": "0", "EventData.ServerName": "umwatson.events.data.microsoft.com", "EventData.TransportHr": "2147954407"}
{"EventID": "2", "Channel": "Microsoft-Windows-WER-PayloadHealth/Operational", "Provider_Name": "Microsoft-Windows-WER-PayloadHealth", "Computer": "DESKTOP-OFJ6N53", "TimeCreated": "2022-03-08 12:27:48.917379+00:00", "RecordID": "46", "Level": "4", "UserID": "S-1-5-21-963789628-1060504924-4285088085-1001", "EventData.HttpExchangeResult": "2147954407", "EventData.UploadDuration": "0", "EventData.PayloadSize": "4437", "EventData.Protocol": "Watson", "EventData.Stage": "s1event", "EventData.RequestStatusCode": "0", "EventData.BytesUploaded": "0", "EventData.ServerName": "umwatson.events.data.microsoft.com", "EventData.TransportHr": "2147954407"}
{"EventID": "2", "Channel": "Microsoft-Windows-WER-PayloadHealth/Operational", "Provider_Name": "Microsoft-Windows-WER-PayloadHealth", "Computer": "DESKTOP-OFJ6N53", "TimeCreated": "2022-03-08 16:15:14.794847+00:00", "RecordID": "47", "Level": "4", "UserID": "S-1-5-21-963789628-1060504924-4285088085-1001", "EventData.HttpExchangeResult": "2147954407", "EventData.UploadDuration": "0", "EventData.PayloadSize": "4437", "EventData.Protocol": "Watson", "EventData.Stage": "s1event", "EventData.RequestStatusCode": "0", "EventData.BytesUploaded": "0", "EventData.ServerName": "umwatson.events.data.microsoft.com", "EventData.TransportHr": "2147954407"}
{"EventID": "2", "Channel": "Microsoft-Windows-WER-PayloadHealth/Operational", "Provider_Name": "Microsoft-Windows-WER-PayloadHealth", "Computer": "DESKTOP-OFJ6N53", "TimeCreated": "2022-03-08 16:15:14.854179+00:00", "RecordID": "48", "Level": "4", "UserID": "S-1-5-21-963789628-1060504924-4285088085-1001", "EventData.HttpExchangeResult": "2147954407", "EventData.UploadDuration": "16", "EventData.PayloadSize": "4437", "EventData.Protocol": "Watson", "EventData.Stage": "s1event", "EventData.RequestStatusCode": "0", "EventData.BytesUploaded": "0", "EventData.ServerName": "umwatson.events.data.microsoft.com", "EventData.TransportHr": "2147954407"}
{"EventID": "2", "Channel": "Microsoft-Windows-WER-PayloadHealth/Operational", "Provider_Name": "Microsoft-Windows-WER-PayloadHealth", "Computer": "DESKTOP-OFJ6N53", "TimeCreated": "2022-03-08 16:15:14.900797+00:00", "RecordID": "49", "Level": "4", "UserID": "S-1-5-21-963789628-1060504924-4285088085-1001", "EventData.HttpExchangeResult": "2147954407", "EventData.UploadDuration": "16", "EventData.PayloadSize": "4437", "EventData.Protocol": "Watson", "EventData.Stage": "s1event", "EventData.RequestStatusCode": "0", "EventData.BytesUploaded": "0", "EventData.ServerName": "umwatson.events.data.microsoft.com", "EventData.TransportHr": "2147954407"}
{"EventID": "2", "Channel": "Microsoft-Windows-WER-PayloadHealth/Operational", "Provider_Name": "Microsoft-Windows-WER-PayloadHealth", "Computer": "DESKTOP-OFJ6N53", "TimeCreated": "2022-03-08 20:02:36.769768+00:00", "RecordID": "50", "Level": "4", "UserID": "S-1-5-21-963789628-1060504924-4285088085-1001", "EventData.HttpExchangeResult": "2147954407", "EventData.UploadDuration": "0", "EventData.PayloadSize": "4437", "EventData.Protocol": "Watson", "EventData.Stage": "s1event", "EventData.RequestStatusCode": "0", "EventData.BytesUploaded": "0", "EventData.ServerName": "umwatson.events.data.microsoft.com", "EventData.TransportHr": "2147954407"}
{"EventID": "2", "Channel": "Microsoft-Windows-WER-PayloadHealth/Operational", "Provider_Name": "Microsoft-Windows-WER-PayloadHealth", "Computer": "DESKTOP-OFJ6N53", "TimeCreated": "2022-03-08 20:02:36.815100+00:00", "RecordID": "51", "Level": "4", "UserID": "S-1-5-21-963789628-1060504924-4285088085-1001", "EventData.HttpExchangeResult": "2147954407", "EventData.UploadDuration": "0", "EventData.PayloadSize": "4437", "EventData.Protocol": "Watson", "EventData.Stage": "s1event", "EventData.RequestStatusCode": "0", "EventData.BytesUploaded": "0", "EventData.ServerName": "umwatson.events.data.microsoft.com", "EventData.TransportHr": "2147954407"}
{"EventID": "2", "Channel": "Microsoft-Windows-WER-PayloadHealth/Operational", "Provider_Name": "Microsoft-Windows-WER-PayloadHealth", "Computer": "DESKTOP-OFJ6N53", "TimeCreated": "2022-03-08 20:02:36.865211+00:00", "RecordID": "52", "Level": "4", "UserID": "S-1-5-21-963789628-1060504924-4285088085-1001", "EventData.HttpExchangeResult": "2147954407", "EventData.UploadDuration": "16", "EventData.PayloadSize": "4437", "EventData.Protocol": "Watson", "EventData.Stage": "s1event", "EventData.RequestStatusCode": "0", "EventData.BytesUploaded": "0", "EventData.ServerName": "umwatson.events.data.microsoft.com", "EventData.TransportHr": "2147954407"}
{"EventID": "2", "Channel": "Microsoft-Windows-WER-PayloadHealth/Operational", "Provider_Name": "Microsoft-Windows-WER-PayloadHealth", "Computer": "DESKTOP-OFJ6N53", "TimeCreated": "2022-03-09 00:21:48.773289+00:00", "RecordID": "53", "Level": "4", "UserID": "S-1-5-21-963789628-1060504924-4285088085-1001", "EventData.HttpExchangeResult": "2147954407", "EventData.UploadDuration": "16", "EventData.PayloadSize": "4437", "EventData.Protocol": "Watson", "EventData.Stage": "s1event", "EventData.RequestStatusCode": "0", "EventData.BytesUploaded": "0", "EventData.ServerName": "umwatson.events.data.microsoft.com", "EventData.TransportHr": "2147954407"}
{"EventID": "2", "Channel": "Microsoft-Windows-WER-PayloadHealth/Operational", "Provider_Name": "Microsoft-Windows-WER-PayloadHealth", "Computer": "DESKTOP-OFJ6N53", "TimeCreated": "2022-03-09 00:21:48.819887+00:00", "RecordID": "54", "Level": "4", "UserID": "S-1-5-21-963789628-1060504924-4285088085-1001", "EventData.HttpExchangeResult": "2147954407", "EventData.UploadDuration": "16", "EventData.PayloadSize": "4437", "EventData.Protocol": "Watson", "EventData.Stage": "s1event", "EventData.RequestStatusCode": "0", "EventData.BytesUploaded": "0", "EventData.ServerName": "umwatson.events.data.microsoft.com", "EventData.TransportHr": "2147954407"}
{"EventID": "2", "Channel": "Microsoft-Windows-WER-PayloadHealth/Operational", "Provider_Name": "Microsoft-Windows-WER-PayloadHealth", "Computer": "DESKTOP-OFJ6N53", "TimeCreated": "2022-03-09 00:21:48.863897+00:00", "RecordID": "55", "Level": "4", "UserID": "S-1-5-21-963789628-1060504924-4285088085-1001", "EventData.HttpExchangeResult": "2147954407", "EventData.UploadDuration": "0", "EventData.PayloadSize": "4437", "EventData.Protocol": "Watson", "EventData.Stage": "s1event", "EventData.RequestStatusCode": "0", "EventData.BytesUploaded": "0", "EventData.ServerName": "umwatson.events.data.microsoft.com", "EventData.TransportHr": "2147954407"}
{"EventID": "2", "Channel": "Microsoft-Windows-WER-PayloadHealth/Operational", "Provider_Name": "Microsoft-Windows-WER-PayloadHealth", "Computer": "DESKTOP-OFJ6N53", "TimeCreated": "2022-03-09 04:09:10.776812+00:00", "RecordID": "56", "Level": "4", "UserID": "S-1-5-21-963789628-1060504924-4285088085-1001", "EventData.HttpExchangeResult": "2147954407", "EventData.UploadDuration": "16", "EventData.PayloadSize": "4437", "EventData.Protocol": "Watson", "EventData.Stage": "s1event", "EventData.RequestStatusCode": "0", "EventData.BytesUploaded": "0", "EventData.ServerName": "umwatson.events.data.microsoft.com", "EventData.TransportHr": "2147954407"}
{"EventID": "2", "Channel": "Microsoft-Windows-WER-PayloadHealth/Operational", "Provider_Name": "Microsoft-Windows-WER-PayloadHealth", "Computer": "DESKTOP-OFJ6N53", "TimeCreated": "2022-03-09 04:09:10.824377+00:00", "RecordID": "57", "Level": "4", "UserID": "S-1-5-21-963789628-1060504924-4285088085-1001", "EventData.HttpExchangeResult": "2147954407", "EventData.UploadDuration": "16", "EventData.PayloadSize": "4437", "EventData.Protocol": "Watson", "EventData.Stage": "s1event", "EventData.RequestStatusCode": "0", "EventData.BytesUploaded": "0", "EventData.ServerName": "umwatson.events.data.microsoft.com", "EventData.TransportHr": "2147954407"}
{"EventID": "2", "Channel": "Microsoft-Windows-WER-PayloadHealth/Operational", "Provider_Name": "Microsoft-Windows-WER-PayloadHealth", "Computer": "DESKTOP-OFJ6N53", "TimeCreated": "2022-03-09 04:09:10.866840+00:00", "RecordID": "58", "Level": "4", "UserID": "S-1-5-21-963789628-1060504924-4285088085-1001", "EventData.HttpExchangeResult": "2147954407", "EventData.UploadDuration": "0", "EventData.PayloadSize": "4437", "EventData.Protocol": "Watson", "EventData.Stage": "s1event", "EventData.RequestStatusCode": "0", "EventData.BytesUploaded": "0", "EventData.ServerName": "umwatson.events.data.microsoft.com", "EventData.TransportHr": "2147954407"}
{"EventID": "2", "Channel": "Microsoft-Windows-WER-PayloadHealth/Operational", "Provider_Name": "Microsoft-Windows-WER-PayloadHealth", "Computer": "DESKTOP-OFJ6N53", "TimeCreated": "2022-03-09 07:32:00.504875+00:00", "RecordID": "59", "Level": "4", "UserID": "S-1-5-21-963789628-1060504924-4285088085-1001", "EventData.HttpExchangeResult": "2147954407", "EventData.UploadDuration": "2532", "EventData.PayloadSize": "4437", "EventData.Protocol": "Watson", "EventData.Stage": "s1event", "EventData.RequestStatusCode": "0", "EventData.BytesUploaded": "0", "EventData.ServerName": "umwatson.events.data.microsoft.com", "EventData.TransportHr": "2147954407"}
{"EventID": "2", "Channel": "Microsoft-Windows-WER-PayloadHealth/Operational", "Provider_Name": "Microsoft-Windows-WER-PayloadHealth", "Computer": "DESKTOP-OFJ6N53", "TimeCreated": "2022-03-09 07:32:09.326515+00:00", "RecordID": "60", "Level": "4", "UserID": "S-1-5-21-963789628-1060504924-4285088085-1001", "EventData.HttpExchangeResult": "2147954407", "EventData.UploadDuration": "2281", "EventData.PayloadSize": "4437", "EventData.Protocol": "Watson", "EventData.Stage": "s1event", "EventData.RequestStatusCode": "0", "EventData.BytesUploaded": "0", "EventData.ServerName": "umwatson.events.data.microsoft.com", "EventData.TransportHr": "2147954407"}
{"EventID": "2", "Channel": "Microsoft-Windows-WER-PayloadHealth/Operational", "Provider_Name": "Microsoft-Windows-WER-PayloadHealth", "Computer": "DESKTOP-OFJ6N53", "TimeCreated": "2022-03-09 07:32:12.232443+00:00", "RecordID": "61", "Level": "4", "UserID": "S-1-5-21-963789628-1060504924-4285088085-1001", "EventData.HttpExchangeResult": "2147954407", "EventData.UploadDuration": "2312", "EventData.PayloadSize": "4437", "EventData.Protocol": "Watson", "EventData.Stage": "s1event", "EventData.RequestStatusCode": "0", "EventData.BytesUploaded": "0", "EventData.ServerName": "umwatson.events.data.microsoft.com", "EventData.TransportHr": "2147954407"}
{"EventID": "2", "Channel": "Microsoft-Windows-WER-PayloadHealth/Operational", "Provider_Name": "Microsoft-Windows-WER-PayloadHealth", "Computer": "DESKTOP-OFJ6N53", "TimeCreated": "2022-03-09 07:34:48.902992+00:00", "RecordID": "62", "Level": "4", "UserID": "S-1-5-21-963789628-1060504924-4285088085-1001", "EventData.HttpExchangeResult": "2147954407", "EventData.UploadDuration": "2297", "EventData.PayloadSize": "4437", "EventData.Protocol": "Watson", "EventData.Stage": "s1event", "EventData.RequestStatusCode": "0", "EventData.BytesUploaded": "0", "EventData.ServerName": "umwatson.events.data.microsoft.com", "EventData.TransportHr": "2147954407"}
{"EventID": "2", "Channel": "Microsoft-Windows-WER-PayloadHealth/Operational", "Provider_Name": "Microsoft-Windows-WER-PayloadHealth", "Computer": "DESKTOP-OFJ6N53", "TimeCreated": "2022-03-09 07:34:51.200571+00:00", "RecordID": "63", "Level": "4", "UserID": "S-1-5-21-963789628-1060504924-4285088085-1001", "EventData.HttpExchangeResult": "2147954407", "EventData.UploadDuration": "2266", "EventData.PayloadSize": "4437", "EventData.Protocol": "Watson", "EventData.Stage": "s1event", "EventData.RequestStatusCode": "0", "EventData.BytesUploaded": "0", "EventData.ServerName": "umwatson.events.data.microsoft.com", "EventData.TransportHr": "2147954407"}
{"EventID": "2", "Channel": "Microsoft-Windows-WER-PayloadHealth/Operational", "Provider_Name": "Microsoft-Windows-WER-PayloadHealth", "Computer": "DESKTOP-OFJ6N53", "TimeCreated": "2022-03-09 07:34:53.512100+00:00", "RecordID": "64", "Level": "4", "UserID": "S-1-5-21-963789628-1060504924-4285088085-1001", "EventData.HttpExchangeResult": "2147954407", "EventData.UploadDuration": "2266", "EventData.PayloadSize": "4437", "EventData.Protocol": "Watson", "EventData.Stage": "s1event", "EventData.RequestStatusCode": "0", "EventData.BytesUploaded": "0", "EventData.ServerName": "umwatson.events.data.microsoft.com", "EventData.TransportHr": "2147954407"}
{"EventID": "2", "Channel": "Microsoft-Windows-WER-PayloadHealth/Operational", "Provider_Name": "Microsoft-Windows-WER-PayloadHealth", "Computer": "DESKTOP-OFJ6N53", "TimeCreated": "2022-03-09 08:19:25.117952+00:00", "RecordID": "65", "Level": "4", "UserID": "S-1-5-21-963789628-1060504924-4285088085-1001", "EventData.HttpExchangeResult": "2147954407", "EventData.UploadDuration": "2313", "EventData.PayloadSize": "4437", "EventData.Protocol": "Watson", "EventData.Stage": "s1event", "EventData.RequestStatusCode": "0", "EventData.BytesUploaded": "0", "EventData.ServerName": "umwatson.events.data.microsoft.com", "EventData.TransportHr": "2147954407"}
{"EventID": "2", "Channel": "Microsoft-Windows-WER-PayloadHealth/Operational", "Provider_Name": "Microsoft-Windows-WER-PayloadHealth", "Computer": "DESKTOP-OFJ6N53", "TimeCreated": "2022-03-09 08:19:27.405506+00:00", "RecordID": "66", "Level": "4", "UserID": "S-1-5-21-963789628-1060504924-4285088085-1001", "EventData.HttpExchangeResult": "2147954407", "EventData.UploadDuration": "2250", "EventData.PayloadSize": "4437", "EventData.Protocol": "Watson", "EventData.Stage": "s1event", "EventData.RequestStatusCode": "0", "EventData.BytesUploaded": "0", "EventData.ServerName": "umwatson.events.data.microsoft.com", "EventData.TransportHr": "2147954407"}
{"EventID": "2", "Channel": "Microsoft-Windows-WER-PayloadHealth/Operational", "Provider_Name": "Microsoft-Windows-WER-PayloadHealth", "Computer": "DESKTOP-OFJ6N53", "TimeCreated": "2022-03-09 08:19:29.714680+00:00", "RecordID": "67", "Level": "4", "UserID": "S-1-5-21-963789628-1060504924-4285088085-1001", "EventData.HttpExchangeResult": "2147954407", "EventData.UploadDuration": "2282", "EventData.PayloadSize": "4437", "EventData.Protocol": "Watson", "EventData.Stage": "s1event", "EventData.RequestStatusCode": "0", "EventData.BytesUploaded": "0", "EventData.ServerName": "umwatson.events.data.microsoft.com", "EventData.TransportHr": "2147954407"}
{"EventID": "1", "Channel": "Microsoft-Windows-WER-PayloadHealth/Operational", "Provider_Name": "Microsoft-Windows-WER-PayloadHealth", "Computer": "DESKTOP-OFJ6N53", "TimeCreated": "2022-03-09 08:30:01.246130+00:00", "RecordID": "68", "Level": "4", "UserID": "S-1-5-18", "EventData.UploadDuration": "1203", "EventData.PayloadSize": "4528", "EventData.Protocol": "Watson", "EventData.Stage": "s1event", "EventData.BytesUploaded": "4528", "EventData.ServerName": "umwatson.events.data.microsoft.com"}
{"EventID": "2", "Channel": "Microsoft-Windows-WER-PayloadHealth/Operational", "Provider_Name": "Microsoft-Windows-WER-PayloadHealth", "Computer": "DESKTOP-OFJ6N53", "TimeCreated": "2022-03-09 08:32:49.226353+00:00", "RecordID": "69", "Level": "4", "UserID": "S-1-5-21-963789628-1060504924-4285088085-1001", "EventData.HttpExchangeResult": "2147954407", "EventData.UploadDuration": "2297", "EventData.PayloadSize": "4642", "EventData.Protocol": "Watson", "EventData.Stage": "s1event", "EventData.RequestStatusCode": "0", "EventData.BytesUploaded": "0", "EventData.ServerName": "umwatson.events.data.microsoft.com", "EventData.TransportHr": "2147954407"}
{"EventID": "2", "Channel": "Microsoft-Windows-WER-PayloadHealth/Operational", "Provider_Name": "Microsoft-Windows-WER-PayloadHealth", "Computer": "DESKTOP-OFJ6N53", "TimeCreated": "2022-03-09 08:32:54.913626+00:00", "RecordID": "70", "Level": "4", "UserID": "S-1-5-21-963789628-1060504924-4285088085-1001", "EventData.HttpExchangeResult": "2147954407", "EventData.UploadDuration": "2281", "EventData.PayloadSize": "4437", "EventData.Protocol": "Watson", "EventData.Stage": "s1event", "EventData.RequestStatusCode": "0", "EventData.BytesUploaded": "0", "EventData.ServerName": "umwatson.events.data.microsoft.com", "EventData.TransportHr": "2147954407"}
{"EventID": "2", "Channel": "Microsoft-Windows-WER-PayloadHealth/Operational", "Provider_Name": "Microsoft-Windows-WER-PayloadHealth", "Computer": "DESKTOP-OFJ6N53", "TimeCreated": "2022-03-09 08:32:57.210749+00:00", "RecordID": "71", "Level": "4", "UserID": "S-1-5-21-963789628-1060504924-4285088085-1001", "EventData.HttpExchangeResult": "2147954407", "EventData.UploadDuration": "2266", "EventData.PayloadSize": "4437", "EventData.Protocol": "Watson", "EventData.Stage": "s1event", "EventData.RequestStatusCode": "0", "EventData.BytesUploaded": "0", "EventData.ServerName": "umwatson.events.data.microsoft.com", "EventData.TransportHr": "2147954407"}
{"EventID": "2", "Channel": "Microsoft-Windows-WER-PayloadHealth/Operational", "Provider_Name": "Microsoft-Windows-WER-PayloadHealth", "Computer": "DESKTOP-OFJ6N53", "TimeCreated": "2022-03-09 08:32:59.491991+00:00", "RecordID": "72", "Level": "4", "UserID": "S-1-5-21-963789628-1060504924-4285088085-1001", "EventData.HttpExchangeResult": "2147954407", "EventData.UploadDuration": "2250", "EventData.PayloadSize": "4437", "EventData.Protocol": "Watson", "EventData.Stage": "s1event", "EventData.RequestStatusCode": "0", "EventData.BytesUploaded": "0", "EventData.ServerName": "umwatson.events.data.microsoft.com", "EventData.TransportHr": "2147954407"}
{"EventID": "2", "Channel": "Microsoft-Windows-WER-PayloadHealth/Operational", "Provider_Name": "Microsoft-Windows-WER-PayloadHealth", "Computer": "DESKTOP-OFJ6N53", "TimeCreated": "2022-03-09 08:33:01.789801+00:00", "RecordID": "73", "Level": "4", "UserID": "S-1-5-21-963789628-1060504924-4285088085-1001", "EventData.HttpExchangeResult": "2147954407", "EventData.UploadDuration": "2266", "EventData.PayloadSize": "4642", "EventData.Protocol": "Watson", "EventData.Stage": "s1event", "EventData.RequestStatusCode": "0", "EventData.BytesUploaded": "0", "EventData.ServerName": "umwatson.events.data.microsoft.com", "EventData.TransportHr": "2147954407"}
{"EventID": "2", "Channel": "Microsoft-Windows-WER-PayloadHealth/Operational", "Provider_Name": "Microsoft-Windows-WER-PayloadHealth", "Computer": "DESKTOP-OFJ6N53", "TimeCreated": "2022-03-09 09:15:31.894030+00:00", "RecordID": "74", "Level": "4", "UserID": "S-1-5-21-963789628-1060504924-4285088085-1001", "EventData.HttpExchangeResult": "2147954407", "EventData.UploadDuration": "2297", "EventData.PayloadSize": "4437", "EventData.Protocol": "Watson", "EventData.Stage": "s1event", "EventData.RequestStatusCode": "0", "EventData.BytesUploaded": "0", "EventData.ServerName": "umwatson.events.data.microsoft.com", "EventData.TransportHr": "2147954407"}
{"EventID": "2", "Channel": "Microsoft-Windows-WER-PayloadHealth/Operational", "Provider_Name": "Microsoft-Windows-WER-PayloadHealth", "Computer": "DESKTOP-OFJ6N53", "TimeCreated": "2022-03-09 09:15:34.225773+00:00", "RecordID": "75", "Level": "4", "UserID": "S-1-5-21-963789628-1060504924-4285088085-1001", "EventData.HttpExchangeResult": "2147954407", "EventData.UploadDuration": "2297", "EventData.PayloadSize": "4437", "EventData.Protocol": "Watson", "EventData.Stage": "s1event", "EventData.RequestStatusCode": "0", "EventData.BytesUploaded": "0", "EventData.ServerName": "umwatson.events.data.microsoft.com", "EventData.TransportHr": "2147954407"}
{"EventID": "2", "Channel": "Microsoft-Windows-WER-PayloadHealth/Operational", "Provider_Name": "Microsoft-Windows-WER-PayloadHealth", "Computer": "DESKTOP-OFJ6N53", "TimeCreated": "2022-03-09 09:15:36.530472+00:00", "RecordID": "76", "Level": "4", "UserID": "S-1-5-21-963789628-1060504924-4285088085-1001", "EventData.HttpExchangeResult": "2147954407", "EventData.UploadDuration": "2265", "EventData.PayloadSize": "4437", "EventData.Protocol": "Watson", "EventData.Stage": "s1event", "EventData.RequestStatusCode": "0", "EventData.BytesUploaded": "0", "EventData.ServerName": "umwatson.events.data.microsoft.com", "EventData.TransportHr": "2147954407"}
{"EventID": "2", "Channel": "Microsoft-Windows-WER-PayloadHealth/Operational", "Provider_Name": "Microsoft-Windows-WER-PayloadHealth", "Computer": "DESKTOP-OFJ6N53", "TimeCreated": "2022-03-09 09:15:38.824501+00:00", "RecordID": "77", "Level": "4", "UserID": "S-1-5-21-963789628-1060504924-4285088085-1001", "EventData.HttpExchangeResult": "2147954407", "EventData.UploadDuration": "2266", "EventData.PayloadSize": "4642", "EventData.Protocol": "Watson", "EventData.Stage": "s1event", "EventData.RequestStatusCode": "0", "EventData.BytesUploaded": "0", "EventData.ServerName": "umwatson.events.data.microsoft.com", "EventData.TransportHr": "2147954407"}
