{"EventID": "4042", "Channel": "Microsoft-Windows-NCSI/Operational", "Provider_Name": "Microsoft-Windows-NCSI", "Computer": "DESKTOP-OFJ6N53", "TimeCreated": "2023-11-20 14:30:24.518003+00:00", "RecordID": "6380", "Level": "4", "UserID": "S-1-5-20", "EventData.InterfaceGuid": "{bed2c4be-ec11-4cc8-aafc-f0fd7a5e3a02}", "EventData.IfLuid": "1689399632855040", "EventData.Family": "0", "EventData.Capability": "1", "EventData.CapabilityChangeReason": "3", "EventData.PreviousCapability": "2"}
{"EventID": "4042", "Channel": "Microsoft-Windows-NCSI/Operational", "Provider_Name": "Microsoft-Windows-NCSI", "Computer": "DESKTOP-OFJ6N53", "TimeCreated": "2023-11-20 14:30:26.076208+00:00", "RecordID": "6381", "Level": "4", "UserID": "S-1-5-20", "EventData.InterfaceGuid": "{bed2c4be-ec11-4cc8-aafc-f0fd7a5e3a02}", "EventData.IfLuid": "1689399632855040", "EventData.Family": "0", "EventData.Capability": "2", "EventData.CapabilityChangeReason": "4", "EventData.PreviousCapability": "1"}
{"EventID": "4042", "Channel": "Microsoft-Windows-NCSI/Operational", "Provider_Name": "Microsoft-Windows-NCSI", "Computer": "DESKTOP-OFJ6N53", "TimeCreated": "2023-11-20 14:30:27.591143+00:00", "RecordID": "6382", "Level": "4", "UserID": "S-1-5-20", "EventData.InterfaceGuid": "{bed2c4be-ec11-4cc8-aafc-f0fd7a5e3a02}", "EventData.IfLuid": "1689399632855040", "EventData.Family": "1", "EventData.Capability": "1", "EventData.CapabilityChangeReason": "5", "EventData.PreviousCapability": "1"}
{"EventID": "4042", "Channel": "Microsoft-Windows-NCSI/Operational", "Provider_Name": "Microsoft-Windows-NCSI", "Computer": "DESKTOP-OFJ6N53", "TimeCreated": "2023-11-20 15:05:38.352474+00:00", "RecordID": "6383", "Level": "4", "UserID": "S-1-5-20", "EventData.InterfaceGuid": "{bed2c4be-ec11-4cc8-aafc-f0fd7a5e3a02}", "EventData.IfLuid": "1689399632855040", "EventData.Family": "0", "EventData.Capability": "2", "EventData.CapabilityChangeReason": "8", "EventData.PreviousCapability": "0"}
{"EventID": "4042", "Channel": "Microsoft-Windows-NCSI/Operational", "Provider_Name": "Microsoft-Windows-NCSI", "Computer": "DESKTOP-OFJ6N53", "TimeCreated": "2023-11-22 10:47:04.045187+00:00", "RecordID": "6384", "Level": "4", "UserID": "S-1-5-20", "EventData.InterfaceGuid": "{f0a4b64b-5f44-4099-89fc-d31fcf49d8f0}", "EventData.IfLuid": "1689399699963904", "EventData.Family": "0", "EventData.Capability": "1", "EventData.CapabilityChangeReason": "13", "EventData.PreviousCapability": "0"}
{"EventID": "4042", "Channel": "Microsoft-Windows-NCSI/Operational", "Provider_Name": "Microsoft-Windows-NCSI", "Computer": "DESKTOP-OFJ6N53", "TimeCreated": "2023-11-22 12:47:00.206514+00:00", "RecordID": "6385", "Level": "4", "UserID": "S-1-5-20", "EventData.InterfaceGuid": "{f0a4b64b-5f44-4099-89fc-d31fcf49d8f0}", "EventData.IfLuid": "1689399699963904", "EventData.Family": "0", "EventData.Capability": "0", "EventData.CapabilityChangeReason": "14", "EventData.PreviousCapability": "1"}
{"EventID": "4042", "Channel": "Microsoft-Windows-NCSI/Operational", "Provider_Name": "Microsoft-Windows-NCSI", "Computer": "DESKTOP-OFJ6N53", "TimeCreated": "2023-11-22 12:47:01.085939+00:00", "RecordID": "6386", "Level": "4", "UserID": "S-1-5-20", "EventData.InterfaceGuid": "{bed2c4be-ec11-4cc8-aafc-f0fd7a5e3a02}", "EventData.IfLuid": "1689399632855040", "EventData.Family": "1", "EventData.Capability": "0", "EventData.CapabilityChangeReason": "5", "EventData.PreviousCapability": "0"}
{"EventID": "4042", "Channel": "Microsoft-Windows-NCSI/Operational", "Provider_Name": "Microsoft-Windows-NCSI", "Computer": "DESKTOP-OFJ6N53", "TimeCreated": "2023-11-23 11:55:37.693859+00:00", "RecordID": "6387", "Level": "4", "UserID": "S-1-5-20", "EventData.InterfaceGuid": "{f9f70b1b-066b-49d6-94ae-a2d25033b214}", "EventData.IfLuid": "1689399716741120", "EventData.Family": "0", "EventData.Capability": "0", "EventData.CapabilityChangeReason": "5", "EventData.PreviousCapability": "0"}
{"EventID": "4042", "Channel": "Microsoft-Windows-NCSI/Operational", "Provider_Name": "Microsoft-Windows-NCSI", "Computer": "DESKTOP-OFJ6N53", "TimeCreated": "2023-11-23 11:55:50.598879+00:00", "RecordID": "6388", "Level": "4", "UserID": "S-1-5-20", "EventData.InterfaceGuid": "{f9f70b1b-066b-49d6-94ae-a2d25033b214}", "EventData.IfLuid": "1689399716741120", "EventData.Family": "0", "EventData.Capability": "1", "EventData.CapabilityChangeReason": "13", "EventData.PreviousCapability": "0"}
{"EventID": "4042", "Channel": "Microsoft-Windows-NCSI/Operational", "Provider_Name": "Microsoft-Windows-NCSI", "Computer": "DESKTOP-OFJ6N53", "TimeCreated": "2023-11-23 11:56:21.455170+00:00", "RecordID": "6389", "Level": "4", "UserID": "S-1-5-20", "EventData.InterfaceGuid": "{f9f70b1b-066b-49d6-94ae-a2d25033b214}", "EventData.IfLuid": "1689399716741120", "EventData.Family": "0", "EventData.Capability": "1", "EventData.CapabilityChangeReason": "5", "EventData.PreviousCapability": "1"}
{"EventID": "4042", "Channel": "Microsoft-Windows-NCSI/Operational", "Provider_Name": "Microsoft-Windows-NCSI", "Computer": "DESKTOP-OFJ6N53", "TimeCreated": "2023-11-23 11:57:24.573509+00:00", "RecordID": "6390", "Level": "4", "UserID": "S-1-5-20", "EventData.InterfaceGuid": "{f9f70b1b-066b-49d6-94ae-a2d25033b214}", "EventData.IfLuid": "1689399716741120", "EventData.Family": "0", "EventData.Capability": "0", "EventData.CapabilityChangeReason": "14", "EventData.PreviousCapability": "1"}
{"EventID": "4042", "Channel": "Microsoft-Windows-NCSI/Operational", "Provider_Name": "Microsoft-Windows-NCSI", "Computer": "DESKTOP-OFJ6N53", "TimeCreated": "2023-11-23 11:57:25.455402+00:00", "RecordID": "6391", "Level": "4", "UserID": "S-1-5-20", "EventData.InterfaceGuid": "{bed2c4be-ec11-4cc8-aafc-f0fd7a5e3a02}", "EventData.IfLuid": "1689399632855040", "EventData.Family": "1", "EventData.Capability": "0", "EventData.CapabilityChangeReason": "5", "EventData.PreviousCapability": "0"}
{"EventID": "4042", "Channel": "Microsoft-Windows-NCSI/Operational", "Provider_Name": "Microsoft-Windows-NCSI", "Computer": "DESKTOP-OFJ6N53", "TimeCreated": "2023-11-29 23:34:36.426136+00:00", "RecordID": "6392", "Level": "4", "UserID": "S-1-5-20", "EventData.InterfaceGuid": "{f9f70b1b-066b-49d6-94ae-a2d25033b214}", "EventData.IfLuid": "1689399716741120", "EventData.Family": "0", "EventData.Capability": "1", "EventData.CapabilityChangeReason": "13", "EventData.PreviousCapability": "0"}
{"EventID": "4042", "Channel": "Microsoft-Windows-NCSI/Operational", "Provider_Name": "Microsoft-Windows-NCSI", "Computer": "DESKTOP-OFJ6N53", "TimeCreated": "2023-11-29 23:34:39.048616+00:00", "RecordID": "6393", "Level": "4", "UserID": "S-1-5-20", "EventData.InterfaceGuid": "{f9f70b1b-066b-49d6-94ae-a2d25033b214}", "EventData.IfLuid": "1689399716741120", "EventData.Family": "0", "EventData.Capability": "1", "EventData.CapabilityChangeReason": "5", "EventData.PreviousCapability": "1"}
{"EventID": "4042", "Channel": "Microsoft-Windows-NCSI/Operational", "Provider_Name": "Microsoft-Windows-NCSI", "Computer": "DESKTOP-OFJ6N53", "TimeCreated": "2023-11-29 23:35:22.288576+00:00", "RecordID": "6394", "Level": "4", "UserID": "S-1-5-20", "EventData.InterfaceGuid": "{f9f70b1b-066b-49d6-94ae-a2d25033b214}", "EventData.IfLuid": "1689399716741120", "EventData.Family": "0", "EventData.Capability": "1", "EventData.CapabilityChangeReason": "5", "EventData.PreviousCapability": "1"}
{"EventID": "4042", "Channel": "Microsoft-Windows-NCSI/Operational", "Provider_Name": "Microsoft-Windows-NCSI", "Computer": "DESKTOP-OFJ6N53", "TimeCreated": "2023-12-01 07:43:09.182444+00:00", "RecordID": "6395", "Level": "4", "UserID": "S-1-5-20", "EventData.InterfaceGuid": "{f9f70b1b-066b-49d6-94ae-a2d25033b214}", "EventData.IfLuid": "1689399716741120", "EventData.Family": "0", "EventData.Capability": "0", "EventData.CapabilityChangeReason": "14", "EventData.PreviousCapability": "1"}
{"EventID": "4042", "Channel": "Microsoft-Windows-NCSI/Operational", "Provider_Name": "Microsoft-Windows-NCSI", "Computer": "DESKTOP-OFJ6N53", "TimeCreated": "2023-12-01 07:43:10.091064+00:00", "RecordID": "6396", "Level": "4", "UserID": "S-1-5-20", "EventData.InterfaceGuid": "{bed2c4be-ec11-4cc8-aafc-f0fd7a5e3a02}", "EventData.IfLuid": "1689399632855040", "EventData.Family": "1", "EventData.Capability": "0", "EventData.CapabilityChangeReason": "5", "EventData.PreviousCapability": "0"}
{"EventID": "4042", "Channel": "Microsoft-Windows-NCSI/Operational", "Provider_Name": "Microsoft-Windows-NCSI", "Computer": "DESKTOP-OFJ6N53", "TimeCreated": "2023-12-01 07:45:59.023148+00:00", "RecordID": "6397", "Level": "4", "UserID": "S-1-5-20", "EventData.InterfaceGuid": "{bed2c4be-ec11-4cc8-aafc-f0fd7a5e3a02}", "EventData.IfLuid": "1689399632855040", "EventData.Family": "0", "EventData.Capability": "1", "EventData.CapabilityChangeReason": "3", "EventData.PreviousCapability": "2"}
{"EventID": "4042", "Channel": "Microsoft-Windows-NCSI/Operational", "Provider_Name": "Microsoft-Windows-NCSI", "Computer": "DESKTOP-OFJ6N53", "TimeCreated": "2023-12-01 07:46:03.618452+00:00", "RecordID": "6398", "Level": "4", "UserID": "S-1-5-20", "EventData.InterfaceGuid": "{eb0948ce-2c9d-4bb1-b013-d4771779b95b}", "EventData.IfLuid": "1689399767072768", "EventData.Family": "0", "EventData.Capability": "2", "EventData.CapabilityChangeReason": "4", "EventData.PreviousCapability": "0"}
{"EventID": "4042", "Channel": "Microsoft-Windows-NCSI/Operational", "Provider_Name": "Microsoft-Windows-NCSI", "Computer": "DESKTOP-OFJ6N53", "TimeCreated": "2023-12-01 19:46:05.594852+00:00", "RecordID": "6399", "Level": "4", "UserID": "S-1-5-20", "EventData.InterfaceGuid": "{eb0948ce-2c9d-4bb1-b013-d4771779b95b}", "EventData.IfLuid": "1689399767072768", "EventData.Family": "0", "EventData.Capability": "0", "EventData.CapabilityChangeReason": "14", "EventData.PreviousCapability": "2"}
{"EventID": "4042", "Channel": "Microsoft-Windows-NCSI/Operational", "Provider_Name": "Microsoft-Windows-NCSI", "Computer": "DESKTOP-OFJ6N53", "TimeCreated": "2023-12-01 19:46:05.609003+00:00", "RecordID": "6400", "Level": "4", "UserID": "S-1-5-20", "EventData.InterfaceGuid": "{bed2c4be-ec11-4cc8-aafc-f0fd7a5e3a02}", "EventData.IfLuid": "1689399632855040", "EventData.Family": "0", "EventData.Capability": "1", "EventData.CapabilityChangeReason": "10", "EventData.PreviousCapability": "1"}
{"EventID": "4042", "Channel": "Microsoft-Windows-NCSI/Operational", "Provider_Name": "Microsoft-Windows-NCSI", "Computer": "DESKTOP-OFJ6N53", "TimeCreated": "2023-12-01 19:46:06.529150+00:00", "RecordID": "6401", "Level": "4", "UserID": "S-1-5-20", "EventData.InterfaceGuid": "{bed2c4be-ec11-4cc8-aafc-f0fd7a5e3a02}", "EventData.IfLuid": "1689399632855040", "EventData.Family": "1", "EventData.Capability": "0", "EventData.CapabilityChangeReason": "5", "EventData.PreviousCapability": "0"}
{"EventID": "4042", "Channel": "Microsoft-Windows-NCSI/Operational", "Provider_Name": "Microsoft-Windows-NCSI", "Computer": "DESKTOP-OFJ6N53", "TimeCreated": "2023-12-01 19:46:06.830120+00:00", "RecordID": "6402", "Level": "4", "UserID": "S-1-5-20", "EventData.InterfaceGuid": "{bed2c4be-ec11-4cc8-aafc-f0fd7a5e3a02}", "EventData.IfLuid": "1689399632855040", "EventData.Family": "0", "EventData.Capability": "2", "EventData.CapabilityChangeReason": "8", "EventData.PreviousCapability": "1"}
{"EventID": "4042", "Channel": "Microsoft-Windows-NCSI/Operational", "Provider_Name": "Microsoft-Windows-NCSI", "Computer": "DESKTOP-OFJ6N53", "TimeCreated": "2023-12-02 02:12:01.711641+00:00", "RecordID": "6403", "Level": "4", "UserID": "S-1-5-20", "EventData.InterfaceGuid": "{bed2c4be-ec11-4cc8-aafc-f0fd7a5e3a02}", "EventData.IfLuid": "1689399632855040", "EventData.Family": "0", "EventData.Capability": "1", "EventData.CapabilityChangeReason": "3", "EventData.PreviousCapability": "2"}
{"EventID": "4042", "Channel": "Microsoft-Windows-NCSI/Operational", "Provider_Name": "Microsoft-Windows-NCSI", "Computer": "DESKTOP-OFJ6N53", "TimeCreated": "2023-12-02 02:12:06.636995+00:00", "RecordID": "6404", "Level": "4", "UserID": "S-1-5-20", "EventData.InterfaceGuid": "{eb0948ce-2c9d-4bb1-b013-d4771779b95b}", "EventData.IfLuid": "1689399767072768", "EventData.Family": "0", "EventData.Capability": "2", "EventData.CapabilityChangeReason": "8", "EventData.PreviousCapability": "0"}
{"EventID": "4042", "Channel": "Microsoft-Windows-NCSI/Operational", "Provider_Name": "Microsoft-Windows-NCSI", "Computer": "DESKTOP-OFJ6N53", "TimeCreated": "2023-12-02 14:12:04.597069+00:00", "RecordID": "6405", "Level": "4", "UserID": "S-1-5-20", "EventData.InterfaceGuid": "{eb0948ce-2c9d-4bb1-b013-d4771779b95b}", "EventData.IfLuid": "1689399767072768", "EventData.Family": "0", "EventData.Capability": "0", "EventData.CapabilityChangeReason": "14", "EventData.PreviousCapability": "2"}
{"EventID": "4042", "Channel": "Microsoft-Windows-NCSI/Operational", "Provider_Name": "Microsoft-Windows-NCSI", "Computer": "DESKTOP-OFJ6N53", "TimeCreated": "2023-12-02 14:12:04.606117+00:00", "RecordID": "6406", "Level": "4", "UserID": "S-1-5-20", "EventData.InterfaceGuid": "{bed2c4be-ec11-4cc8-aafc-f0fd7a5e3a02}", "EventData.IfLuid": "1689399632855040", "EventData.Family": "0", "EventData.Capability": "1", "EventData.CapabilityChangeReason": "10", "EventData.PreviousCapability": "1"}
{"EventID": "4042", "Channel": "Microsoft-Windows-NCSI/Operational", "Provider_Name": "Microsoft-Windows-NCSI", "Computer": "DESKTOP-OFJ6N53", "TimeCreated": "2023-12-02 14:12:05.552752+00:00", "RecordID": "6407", "Level": "4", "UserID": "S-1-5-20", "EventData.InterfaceGuid": "{bed2c4be-ec11-4cc8-aafc-f0fd7a5e3a02}", "EventData.IfLuid": "1689399632855040", "EventData.Family": "1", "EventData.Capability": "0", "EventData.CapabilityChangeReason": "5", "EventData.PreviousCapability": "0"}
{"EventID": "4042", "Channel": "Microsoft-Windows-NCSI/Operational", "Provider_Name": "Microsoft-Windows-NCSI", "Computer": "DESKTOP-OFJ6N53", "TimeCreated": "2023-12-02 14:12:05.859009+00:00", "RecordID": "6408", "Level": "4", "UserID": "S-1-5-20", "EventData.InterfaceGuid": "{bed2c4be-ec11-4cc8-aafc-f0fd7a5e3a02}", "EventData.IfLuid": "1689399632855040", "EventData.Family": "0", "EventData.Capability": "2", "EventData.CapabilityChangeReason": "8", "EventData.PreviousCapability": "1"}
{"EventID": "4042", "Channel": "Microsoft-Windows-NCSI/Operational", "Provider_Name": "Microsoft-Windows-NCSI", "Computer": "DESKTOP-OFJ6N53", "TimeCreated": "2023-12-05 07:40:34.928625+00:00", "RecordID": "6409", "Level": "4", "UserID": "S-1-5-20", "EventData.InterfaceGuid": "{f9f70b1b-066b-49d6-94ae-a2d25033b214}", "EventData.IfLuid": "1689399716741120", "EventData.Family": "0", "EventData.Capability": "0", "EventData.CapabilityChangeReason": "5", "EventData.PreviousCapability": "0"}
{"EventID": "4042", "Channel": "Microsoft-Windows-NCSI/Operational", "Provider_Name": "Microsoft-Windows-NCSI", "Computer": "DESKTOP-OFJ6N53", "TimeCreated": "2023-12-05 07:40:40.834579+00:00", "RecordID": "6410", "Level": "4", "UserID": "S-1-5-20", "EventData.InterfaceGuid": "{f9f70b1b-066b-49d6-94ae-a2d25033b214}", "EventData.IfLuid": "1689399716741120", "EventData.Family": "0", "EventData.Capability": "1", "EventData.CapabilityChangeReason": "13", "EventData.PreviousCapability": "0"}
{"EventID": "4042", "Channel": "Microsoft-Windows-NCSI/Operational", "Provider_Name": "Microsoft-Windows-NCSI", "Computer": "DESKTOP-OFJ6N53", "TimeCreated": "2023-12-05 07:41:11.663952+00:00", "RecordID": "6411", "Level": "4", "UserID": "S-1-5-20", "EventData.InterfaceGuid": "{f9f70b1b-066b-49d6-94ae-a2d25033b214}", "EventData.IfLuid": "1689399716741120", "EventData.Family": "0", "EventData.Capability": "1", "EventData.CapabilityChangeReason": "5", "EventData.PreviousCapability": "1"}
{"EventID": "4042", "Channel": "Microsoft-Windows-NCSI/Operational", "Provider_Name": "Microsoft-Windows-NCSI", "Computer": "DESKTOP-OFJ6N53", "TimeCreated": "2023-12-08 10:49:08.088383+00:00", "RecordID": "6412", "Level": "4", "UserID": "S-1-5-20", "EventData.InterfaceGuid": "{f9f70b1b-066b-49d6-94ae-a2d25033b214}", "EventData.IfLuid": "1689399716741120", "EventData.Family": "0", "EventData.Capability": "0", "EventData.CapabilityChangeReason": "14", "EventData.PreviousCapability": "1"}
{"EventID": "4042", "Channel": "Microsoft-Windows-NCSI/Operational", "Provider_Name": "Microsoft-Windows-NCSI", "Computer": "DESKTOP-OFJ6N53", "TimeCreated": "2023-12-08 10:49:08.985615+00:00", "RecordID": "6413", "Level": "4", "UserID": "S-1-5-20", "EventData.InterfaceGuid": "{bed2c4be-ec11-4cc8-aafc-f0fd7a5e3a02}", "EventData.IfLuid": "1689399632855040", "EventData.Family": "1", "EventData.Capability": "0", "EventData.CapabilityChangeReason": "5", "EventData.PreviousCapability": "0"}
{"EventID": "4042", "Channel": "Microsoft-Windows-NCSI/Operational", "Provider_Name": "Microsoft-Windows-NCSI", "Computer": "DESKTOP-OFJ6N53", "TimeCreated": "2023-12-11 13:36:53.743587+00:00", "RecordID": "6414", "Level": "4", "UserID": "S-1-5-20", "EventData.InterfaceGuid": "{eb0948ce-2c9d-4bb1-b013-d4771779b95b}", "EventData.IfLuid": "1689399767072768", "EventData.Family": "0", "EventData.Capability": "1", "EventData.CapabilityChangeReason": "13", "EventData.PreviousCapability": "0"}
{"EventID": "4042", "Channel": "Microsoft-Windows-NCSI/Operational", "Provider_Name": "Microsoft-Windows-NCSI", "Computer": "DESKTOP-OFJ6N53", "TimeCreated": "2023-12-11 21:37:03.339165+00:00", "RecordID": "6415", "Level": "4", "UserID": "S-1-5-20", "EventData.InterfaceGuid": "{eb0948ce-2c9d-4bb1-b013-d4771779b95b}", "EventData.IfLuid": "1689399767072768", "EventData.Family": "0", "EventData.Capability": "0", "EventData.CapabilityChangeReason": "14", "EventData.PreviousCapability": "1"}
{"EventID": "4042", "Channel": "Microsoft-Windows-NCSI/Operational", "Provider_Name": "Microsoft-Windows-NCSI", "Computer": "DESKTOP-OFJ6N53", "TimeCreated": "2023-12-11 21:37:05.391293+00:00", "RecordID": "6416", "Level": "4", "UserID": "S-1-5-20", "EventData.InterfaceGuid": "{bed2c4be-ec11-4cc8-aafc-f0fd7a5e3a02}", "EventData.IfLuid": "1689399632855040", "EventData.Family": "1", "EventData.Capability": "0", "EventData.CapabilityChangeReason": "5", "EventData.PreviousCapability": "0"}
{"EventID": "4042", "Channel": "Microsoft-Windows-NCSI/Operational", "Provider_Name": "Microsoft-Windows-NCSI", "Computer": "DESKTOP-OFJ6N53", "TimeCreated": "2023-12-12 07:22:42.700880+00:00", "RecordID": "6417", "Level": "4", "UserID": "S-1-5-20", "EventData.InterfaceGuid": "{bed2c4be-ec11-4cc8-aafc-f0fd7a5e3a02}", "EventData.IfLuid": "1689399632855040", "EventData.Family": "0", "EventData.Capability": "1", "EventData.CapabilityChangeReason": "10", "EventData.PreviousCapability": "2"}
{"EventID": "4042", "Channel": "Microsoft-Windows-NCSI/Operational", "Provider_Name": "Microsoft-Windows-NCSI", "Computer": "DESKTOP-OFJ6N53", "TimeCreated": "2023-12-12 07:22:46.685471+00:00", "RecordID": "6418", "Level": "4", "UserID": "S-1-5-20", "EventData.InterfaceGuid": "{bed2c4be-ec11-4cc8-aafc-f0fd7a5e3a02}", "EventData.IfLuid": "1689399632855040", "EventData.Family": "0", "EventData.Capability": "2", "EventData.CapabilityChangeReason": "13", "EventData.PreviousCapability": "1"}
{"EventID": "4042", "Channel": "Microsoft-Windows-NCSI/Operational", "Provider_Name": "Microsoft-Windows-NCSI", "Computer": "DESKTOP-OFJ6N53", "TimeCreated": "2023-12-12 07:25:23.399269+00:00", "RecordID": "6419", "Level": "4", "UserID": "S-1-5-20", "EventData.InterfaceGuid": "{bed2c4be-ec11-4cc8-aafc-f0fd7a5e3a02}", "EventData.IfLuid": "1689399632855040", "EventData.Family": "0", "EventData.Capability": "2", "EventData.CapabilityChangeReason": "8", "EventData.PreviousCapability": "0"}
{"EventID": "4042", "Channel": "Microsoft-Windows-NCSI/Operational", "Provider_Name": "Microsoft-Windows-NCSI", "Computer": "DESKTOP-OFJ6N53", "TimeCreated": "2023-12-12 07:28:24.112967+00:00", "RecordID": "6420", "Level": "4", "UserID": "S-1-5-20", "EventData.InterfaceGuid": "{eb0948ce-2c9d-4bb1-b013-d4771779b95b}", "EventData.IfLuid": "1689399767072768", "EventData.Family": "0", "EventData.Capability": "1", "EventData.CapabilityChangeReason": "13", "EventData.PreviousCapability": "0"}
{"EventID": "4042", "Channel": "Microsoft-Windows-NCSI/Operational", "Provider_Name": "Microsoft-Windows-NCSI", "Computer": "DESKTOP-OFJ6N53", "TimeCreated": "2023-12-12 15:28:35.952490+00:00", "RecordID": "6421", "Level": "4", "UserID": "S-1-5-20", "EventData.InterfaceGuid": "{eb0948ce-2c9d-4bb1-b013-d4771779b95b}", "EventData.IfLuid": "1689399767072768", "EventData.Family": "0", "EventData.Capability": "0", "EventData.CapabilityChangeReason": "14", "EventData.PreviousCapability": "1"}
{"EventID": "4042", "Channel": "Microsoft-Windows-NCSI/Operational", "Provider_Name": "Microsoft-Windows-NCSI", "Computer": "DESKTOP-OFJ6N53", "TimeCreated": "2023-12-12 15:28:38.045855+00:00", "RecordID": "6422", "Level": "4", "UserID": "S-1-5-20", "EventData.InterfaceGuid": "{bed2c4be-ec11-4cc8-aafc-f0fd7a5e3a02}", "EventData.IfLuid": "1689399632855040", "EventData.Family": "1", "EventData.Capability": "0", "EventData.CapabilityChangeReason": "5", "EventData.PreviousCapability": "0"}
{"EventID": "4042", "Channel": "Microsoft-Windows-NCSI/Operational", "Provider_Name": "Microsoft-Windows-NCSI", "Computer": "DESKTOP-OFJ6N53", "TimeCreated": "2023-12-12 16:15:08.935848+00:00", "RecordID": "6423", "Level": "4", "UserID": "S-1-5-20", "EventData.InterfaceGuid": "{bed2c4be-ec11-4cc8-aafc-f0fd7a5e3a02}", "EventData.IfLuid": "1689399632855040", "EventData.Family": "0", "EventData.Capability": "1", "EventData.CapabilityChangeReason": "3", "EventData.PreviousCapability": "2"}
{"EventID": "4042", "Channel": "Microsoft-Windows-NCSI/Operational", "Provider_Name": "Microsoft-Windows-NCSI", "Computer": "DESKTOP-OFJ6N53", "TimeCreated": "2023-12-12 16:15:13.891434+00:00", "RecordID": "6424", "Level": "4", "UserID": "S-1-5-20", "EventData.InterfaceGuid": "{eb0948ce-2c9d-4bb1-b013-d4771779b95b}", "EventData.IfLuid": "1689399767072768", "EventData.Family": "0", "EventData.Capability": "2", "EventData.CapabilityChangeReason": "8", "EventData.PreviousCapability": "0"}
{"EventID": "4042", "Channel": "Microsoft-Windows-NCSI/Operational", "Provider_Name": "Microsoft-Windows-NCSI", "Computer": "DESKTOP-OFJ6N53", "TimeCreated": "2023-12-12 16:18:43.106688+00:00", "RecordID": "6425", "Level": "4", "UserID": "S-1-5-20", "EventData.InterfaceGuid": "{eb0948ce-2c9d-4bb1-b013-d4771779b95b}", "EventData.IfLuid": "1689399767072768", "EventData.Family": "0", "EventData.Capability": "0", "EventData.CapabilityChangeReason": "1", "EventData.PreviousCapability": "2"}
{"EventID": "4042", "Channel": "Microsoft-Windows-NCSI/Operational", "Provider_Name": "Microsoft-Windows-NCSI", "Computer": "DESKTOP-OFJ6N53", "TimeCreated": "2023-12-12 16:18:43.579962+00:00", "RecordID": "6426", "Level": "4", "UserID": "S-1-5-20", "EventData.InterfaceGuid": "{bed2c4be-ec11-4cc8-aafc-f0fd7a5e3a02}", "EventData.IfLuid": "1689399632855040", "EventData.Family": "0", "EventData.Capability": "1", "EventData.CapabilityChangeReason": "10", "EventData.PreviousCapability": "1"}
{"EventID": "4042", "Channel": "Microsoft-Windows-NCSI/Operational", "Provider_Name": "Microsoft-Windows-NCSI", "Computer": "DESKTOP-OFJ6N53", "TimeCreated": "2023-12-12 16:18:44.409416+00:00", "RecordID": "6427", "Level": "4", "UserID": "S-1-5-20", "EventData.InterfaceGuid": "{bed2c4be-ec11-4cc8-aafc-f0fd7a5e3a02}", "EventData.IfLuid": "1689399632855040", "EventData.Family": "1", "EventData.Capability": "0", "EventData.CapabilityChangeReason": "5", "EventData.PreviousCapability": "0"}
{"EventID": "4042", "Channel": "Microsoft-Windows-NCSI/Operational", "Provider_Name": "Microsoft-Windows-NCSI", "Computer": "DESKTOP-OFJ6N53", "TimeCreated": "2023-12-12 16:18:45.657618+00:00", "RecordID": "6428", "Level": "4", "UserID": "S-1-5-20", "EventData.InterfaceGuid": "{bed2c4be-ec11-4cc8-aafc-f0fd7a5e3a02}", "EventData.IfLuid": "1689399632855040", "EventData.Family": "0", "EventData.Capability": "2", "EventData.CapabilityChangeReason": "8", "EventData.PreviousCapability": "1"}
{"EventID": "4042", "Channel": "Microsoft-Windows-NCSI/Operational", "Provider_Name": "Microsoft-Windows-NCSI", "Computer": "DESKTOP-OFJ6N53", "TimeCreated": "2023-12-12 16:18:59.363470+00:00", "RecordID": "6429", "Level": "4", "UserID": "S-1-5-20", "EventData.InterfaceGuid": "{f9f70b1b-066b-49d6-94ae-a2d25033b214}", "EventData.IfLuid": "1689399716741120", "EventData.Family": "0", "EventData.Capability": "0", "EventData.CapabilityChangeReason": "5", "EventData.PreviousCapability": "0"}
{"EventID": "4042", "Channel": "Microsoft-Windows-NCSI/Operational", "Provider_Name": "Microsoft-Windows-NCSI", "Computer": "DESKTOP-OFJ6N53", "TimeCreated": "2023-12-12 16:19:09.097984+00:00", "RecordID": "6430", "Level": "4", "UserID": "S-1-5-20", "EventData.InterfaceGuid": "{f9f70b1b-066b-49d6-94ae-a2d25033b214}", "EventData.IfLuid": "1689399716741120", "EventData.Family": "0", "EventData.Capability": "1", "EventData.CapabilityChangeReason": "13", "EventData.PreviousCapability": "0"}
{"EventID": "4042", "Channel": "Microsoft-Windows-NCSI/Operational", "Provider_Name": "Microsoft-Windows-NCSI", "Computer": "DESKTOP-OFJ6N53", "TimeCreated": "2023-12-12 16:19:39.951668+00:00", "RecordID": "6431", "Level": "4", "UserID": "S-1-5-20", "EventData.InterfaceGuid": "{f9f70b1b-066b-49d6-94ae-a2d25033b214}", "EventData.IfLuid": "1689399716741120", "EventData.Family": "0", "EventData.Capability": "1", "EventData.CapabilityChangeReason": "5", "EventData.PreviousCapability": "1"}
{"EventID": "4042", "Channel": "Microsoft-Windows-NCSI/Operational", "Provider_Name": "Microsoft-Windows-NCSI", "Computer": "DESKTOP-OFJ6N53", "TimeCreated": "2023-12-13 10:18:35.049578+00:00", "RecordID": "6432", "Level": "4", "UserID": "S-1-5-20", "EventData.InterfaceGuid": "{f9f70b1b-066b-49d6-94ae-a2d25033b214}", "EventData.IfLuid": "1689399716741120", "EventData.Family": "0", "EventData.Capability": "0", "EventData.CapabilityChangeReason": "14", "EventData.PreviousCapability": "1"}
{"EventID": "4042", "Channel": "Microsoft-Windows-NCSI/Operational", "Provider_Name": "Microsoft-Windows-NCSI", "Computer": "DESKTOP-OFJ6N53", "TimeCreated": "2023-12-13 10:18:36.191204+00:00", "RecordID": "6433", "Level": "4", "UserID": "S-1-5-20", "EventData.InterfaceGuid": "{bed2c4be-ec11-4cc8-aafc-f0fd7a5e3a02}", "EventData.IfLuid": "1689399632855040", "EventData.Family": "1", "EventData.Capability": "0", "EventData.CapabilityChangeReason": "5", "EventData.PreviousCapability": "0"}
{"EventID": "4042", "Channel": "Microsoft-Windows-NCSI/Operational", "Provider_Name": "Microsoft-Windows-NCSI", "Computer": "DESKTOP-OFJ6N53", "TimeCreated": "2023-12-13 11:05:11.025137+00:00", "RecordID": "6434", "Level": "4", "UserID": "S-1-5-20", "EventData.InterfaceGuid": "{eb0948ce-2c9d-4bb1-b013-d4771779b95b}", "EventData.IfLuid": "1689399767072768", "EventData.Family": "0", "EventData.Capability": "1", "EventData.CapabilityChangeReason": "13", "EventData.PreviousCapability": "0"}
{"EventID": "4042", "Channel": "Microsoft-Windows-NCSI/Operational", "Provider_Name": "Microsoft-Windows-NCSI", "Computer": "DESKTOP-OFJ6N53", "TimeCreated": "2023-12-13 14:33:03.351709+00:00", "RecordID": "6435", "Level": "4", "UserID": "S-1-5-20", "EventData.InterfaceGuid": "{eb0948ce-2c9d-4bb1-b013-d4771779b95b}", "EventData.IfLuid": "1689399767072768", "EventData.Family": "0", "EventData.Capability": "0", "EventData.CapabilityChangeReason": "1", "EventData.PreviousCapability": "1"}
{"EventID": "4042", "Channel": "Microsoft-Windows-NCSI/Operational", "Provider_Name": "Microsoft-Windows-NCSI", "Computer": "DESKTOP-OFJ6N53", "TimeCreated": "2023-12-13 14:33:05.910521+00:00", "RecordID": "6436", "Level": "4", "UserID": "S-1-5-20", "EventData.InterfaceGuid": "{bed2c4be-ec11-4cc8-aafc-f0fd7a5e3a02}", "EventData.IfLuid": "1689399632855040", "EventData.Family": "1", "EventData.Capability": "0", "EventData.CapabilityChangeReason": "5", "EventData.PreviousCapability": "0"}
{"EventID": "4042", "Channel": "Microsoft-Windows-NCSI/Operational", "Provider_Name": "Microsoft-Windows-NCSI", "Computer": "DESKTOP-OFJ6N53", "TimeCreated": "2023-12-13 14:34:15.072035+00:00", "RecordID": "6437", "Level": "4", "UserID": "S-1-5-20", "EventData.InterfaceGuid": "{bed2c4be-ec11-4cc8-aafc-f0fd7a5e3a02}", "EventData.IfLuid": "1689399632855040", "EventData.Family": "0", "EventData.Capability": "2", "EventData.CapabilityChangeReason": "8", "EventData.PreviousCapability": "0"}
{"EventID": "4042", "Channel": "Microsoft-Windows-NCSI/Operational", "Provider_Name": "Microsoft-Windows-NCSI", "Computer": "DESKTOP-OFJ6N53", "TimeCreated": "2023-12-14 08:20:53.977404+00:00", "RecordID": "6438", "Level": "4", "UserID": "S-1-5-20", "EventData.InterfaceGuid": "{f9f70b1b-066b-49d6-94ae-a2d25033b214}", "EventData.IfLuid": "1689399716741120", "EventData.Family": "0", "EventData.Capability": "0", "EventData.CapabilityChangeReason": "5", "EventData.PreviousCapability": "0"}
{"EventID": "4042", "Channel": "Microsoft-Windows-NCSI/Operational", "Provider_Name": "Microsoft-Windows-NCSI", "Computer": "DESKTOP-OFJ6N53", "TimeCreated": "2023-12-14 08:21:22.989220+00:00", "RecordID": "6439", "Level": "4", "UserID": "S-1-5-20", "EventData.InterfaceGuid": "{f9f70b1b-066b-49d6-94ae-a2d25033b214}", "EventData.IfLuid": "1689399716741120", "EventData.Family": "0", "EventData.Capability": "1", "EventData.CapabilityChangeReason": "13", "EventData.PreviousCapability": "0"}
{"EventID": "4042", "Channel": "Microsoft-Windows-NCSI/Operational", "Provider_Name": "Microsoft-Windows-NCSI", "Computer": "DESKTOP-OFJ6N53", "TimeCreated": "2023-12-14 08:21:38.847700+00:00", "RecordID": "6440", "Level": "4", "UserID": "S-1-5-20", "EventData.InterfaceGuid": "{f9f70b1b-066b-49d6-94ae-a2d25033b214}", "EventData.IfLuid": "1689399716741120", "EventData.Family": "0", "EventData.Capability": "1", "EventData.CapabilityChangeReason": "5", "EventData.PreviousCapability": "1"}
{"EventID": "4042", "Channel": "Microsoft-Windows-NCSI/Operational", "Provider_Name": "Microsoft-Windows-NCSI", "Computer": "DESKTOP-OFJ6N53", "TimeCreated": "2023-12-14 09:53:54.773670+00:00", "RecordID": "6441", "Level": "4", "UserID": "S-1-5-20", "EventData.InterfaceGuid": "{f9f70b1b-066b-49d6-94ae-a2d25033b214}", "EventData.IfLuid": "1689399716741120", "EventData.Family": "0", "EventData.Capability": "0", "EventData.CapabilityChangeReason": "14", "EventData.PreviousCapability": "1"}
{"EventID": "4042", "Channel": "Microsoft-Windows-NCSI/Operational", "Provider_Name": "Microsoft-Windows-NCSI", "Computer": "DESKTOP-OFJ6N53", "TimeCreated": "2023-12-14 09:53:55.655506+00:00", "RecordID": "6442", "Level": "4", "UserID": "S-1-5-20", "EventData.InterfaceGuid": "{bed2c4be-ec11-4cc8-aafc-f0fd7a5e3a02}", "EventData.IfLuid": "1689399632855040", "EventData.Family": "1", "EventData.Capability": "0", "EventData.CapabilityChangeReason": "5", "EventData.PreviousCapability": "0"}
{"EventID": "4042", "Channel": "Microsoft-Windows-NCSI/Operational", "Provider_Name": "Microsoft-Windows-NCSI", "Computer": "DESKTOP-OFJ6N53", "TimeCreated": "2023-12-14 10:01:07.494701+00:00", "RecordID": "6443", "Level": "4", "UserID": "S-1-5-20", "EventData.InterfaceGuid": "{bed2c4be-ec11-4cc8-aafc-f0fd7a5e3a02}", "EventData.IfLuid": "1689399632855040", "EventData.Family": "0", "EventData.Capability": "1", "EventData.CapabilityChangeReason": "3", "EventData.PreviousCapability": "2"}
{"EventID": "4042", "Channel": "Microsoft-Windows-NCSI/Operational", "Provider_Name": "Microsoft-Windows-NCSI", "Computer": "DESKTOP-OFJ6N53", "TimeCreated": "2023-12-14 10:01:07.979902+00:00", "RecordID": "6444", "Level": "4", "UserID": "S-1-5-20", "EventData.InterfaceGuid": "{bed2c4be-ec11-4cc8-aafc-f0fd7a5e3a02}", "EventData.IfLuid": "1689399632855040", "EventData.Family": "1", "EventData.Capability": "1", "EventData.CapabilityChangeReason": "13", "EventData.PreviousCapability": "0"}
{"EventID": "4042", "Channel": "Microsoft-Windows-NCSI/Operational", "Provider_Name": "Microsoft-Windows-NCSI", "Computer": "DESKTOP-OFJ6N53", "TimeCreated": "2023-12-14 10:01:07.995441+00:00", "RecordID": "6445", "Level": "4", "UserID": "S-1-5-20", "EventData.InterfaceGuid": "{f0a4b64b-5f44-4099-89fc-d31fcf49d8f0}", "EventData.IfLuid": "1689399699963904", "EventData.Family": "0", "EventData.Capability": "1", "EventData.CapabilityChangeReason": "13", "EventData.PreviousCapability": "0"}
{"EventID": "4042", "Channel": "Microsoft-Windows-NCSI/Operational", "Provider_Name": "Microsoft-Windows-NCSI", "Computer": "DESKTOP-OFJ6N53", "TimeCreated": "2023-12-14 10:01:50.081480+00:00", "RecordID": "6446", "Level": "4", "UserID": "S-1-5-20", "EventData.InterfaceGuid": "{f0a4b64b-5f44-4099-89fc-d31fcf49d8f0}", "EventData.IfLuid": "1689399699963904", "EventData.Family": "0", "EventData.Capability": "1", "EventData.CapabilityChangeReason": "6", "EventData.PreviousCapability": "1"}
{"EventID": "4042", "Channel": "Microsoft-Windows-NCSI/Operational", "Provider_Name": "Microsoft-Windows-NCSI", "Computer": "DESKTOP-OFJ6N53", "TimeCreated": "2023-12-14 10:03:05.144661+00:00", "RecordID": "6447", "Level": "4", "UserID": "S-1-5-20", "EventData.InterfaceGuid": "{f0a4b64b-5f44-4099-89fc-d31fcf49d8f0}", "EventData.IfLuid": "1689399699963904", "EventData.Family": "0", "EventData.Capability": "1", "EventData.CapabilityChangeReason": "6", "EventData.PreviousCapability": "1"}
{"EventID": "4042", "Channel": "Microsoft-Windows-NCSI/Operational", "Provider_Name": "Microsoft-Windows-NCSI", "Computer": "DESKTOP-OFJ6N53", "TimeCreated": "2023-12-14 13:34:49.381773+00:00", "RecordID": "6448", "Level": "4", "UserID": "S-1-5-20", "EventData.InterfaceGuid": "{f0a4b64b-5f44-4099-89fc-d31fcf49d8f0}", "EventData.IfLuid": "1689399699963904", "EventData.Family": "0", "EventData.Capability": "0", "EventData.CapabilityChangeReason": "14", "EventData.PreviousCapability": "1"}
{"EventID": "4042", "Channel": "Microsoft-Windows-NCSI/Operational", "Provider_Name": "Microsoft-Windows-NCSI", "Computer": "DESKTOP-OFJ6N53", "TimeCreated": "2023-12-14 13:34:49.394869+00:00", "RecordID": "6449", "Level": "4", "UserID": "S-1-5-20", "EventData.InterfaceGuid": "{bed2c4be-ec11-4cc8-aafc-f0fd7a5e3a02}", "EventData.IfLuid": "1689399632855040", "EventData.Family": "0", "EventData.Capability": "2", "EventData.CapabilityChangeReason": "8", "EventData.PreviousCapability": "1"}
{"EventID": "4042", "Channel": "Microsoft-Windows-NCSI/Operational", "Provider_Name": "Microsoft-Windows-NCSI", "Computer": "DESKTOP-OFJ6N53", "TimeCreated": "2023-12-14 13:34:50.286129+00:00", "RecordID": "6450", "Level": "4", "UserID": "S-1-5-20", "EventData.InterfaceGuid": "{bed2c4be-ec11-4cc8-aafc-f0fd7a5e3a02}", "EventData.IfLuid": "1689399632855040", "EventData.Family": "1", "EventData.Capability": "1", "EventData.CapabilityChangeReason": "5", "EventData.PreviousCapability": "1"}
{"EventID": "4042", "Channel": "Microsoft-Windows-NCSI/Operational", "Provider_Name": "Microsoft-Windows-NCSI", "Computer": "DESKTOP-OFJ6N53", "TimeCreated": "2023-12-14 13:37:22.999453+00:00", "RecordID": "6451", "Level": "4", "UserID": "S-1-5-20", "EventData.InterfaceGuid": "{eb0948ce-2c9d-4bb1-b013-d4771779b95b}", "EventData.IfLuid": "1689399767072768", "EventData.Family": "0", "EventData.Capability": "1", "EventData.CapabilityChangeReason": "13", "EventData.PreviousCapability": "0"}
{"EventID": "4042", "Channel": "Microsoft-Windows-NCSI/Operational", "Provider_Name": "Microsoft-Windows-NCSI", "Computer": "DESKTOP-OFJ6N53", "TimeCreated": "2023-12-14 21:36:40.794846+00:00", "RecordID": "6452", "Level": "4", "UserID": "S-1-5-20", "EventData.InterfaceGuid": "{eb0948ce-2c9d-4bb1-b013-d4771779b95b}", "EventData.IfLuid": "1689399767072768", "EventData.Family": "0", "EventData.Capability": "0", "EventData.CapabilityChangeReason": "14", "EventData.PreviousCapability": "1"}
{"EventID": "4042", "Channel": "Microsoft-Windows-NCSI/Operational", "Provider_Name": "Microsoft-Windows-NCSI", "Computer": "DESKTOP-OFJ6N53", "TimeCreated": "2023-12-14 21:36:42.856251+00:00", "RecordID": "6453", "Level": "4", "UserID": "S-1-5-20", "EventData.InterfaceGuid": "{bed2c4be-ec11-4cc8-aafc-f0fd7a5e3a02}", "EventData.IfLuid": "1689399632855040", "EventData.Family": "1", "EventData.Capability": "1", "EventData.CapabilityChangeReason": "5", "EventData.PreviousCapability": "1"}
{"EventID": "4042", "Channel": "Microsoft-Windows-NCSI/Operational", "Provider_Name": "Microsoft-Windows-NCSI", "Computer": "DESKTOP-OFJ6N53", "TimeCreated": "2023-12-15 14:32:36.143282+00:00", "RecordID": "6454", "Level": "4", "UserID": "S-1-5-20", "EventData.InterfaceGuid": "{eb0948ce-2c9d-4bb1-b013-d4771779b95b}", "EventData.IfLuid": "1689399767072768", "EventData.Family": "0", "EventData.Capability": "1", "EventData.CapabilityChangeReason": "13", "EventData.PreviousCapability": "0"}
{"EventID": "4042", "Channel": "Microsoft-Windows-NCSI/Operational", "Provider_Name": "Microsoft-Windows-NCSI", "Computer": "DESKTOP-OFJ6N53", "TimeCreated": "2023-12-15 14:45:27.269398+00:00", "RecordID": "6455", "Level": "4", "UserID": "S-1-5-20", "EventData.InterfaceGuid": "{eb0948ce-2c9d-4bb1-b013-d4771779b95b}", "EventData.IfLuid": "1689399767072768", "EventData.Family": "0", "EventData.Capability": "0", "EventData.CapabilityChangeReason": "1", "EventData.PreviousCapability": "1"}
{"EventID": "4042", "Channel": "Microsoft-Windows-NCSI/Operational", "Provider_Name": "Microsoft-Windows-NCSI", "Computer": "DESKTOP-OFJ6N53", "TimeCreated": "2023-12-15 14:45:29.820141+00:00", "RecordID": "6456", "Level": "4", "UserID": "S-1-5-20", "EventData.InterfaceGuid": "{bed2c4be-ec11-4cc8-aafc-f0fd7a5e3a02}", "EventData.IfLuid": "1689399632855040", "EventData.Family": "1", "EventData.Capability": "1", "EventData.CapabilityChangeReason": "5", "EventData.PreviousCapability": "1"}
{"EventID": "4042", "Channel": "Microsoft-Windows-NCSI/Operational", "Provider_Name": "Microsoft-Windows-NCSI", "Computer": "DESKTOP-OFJ6N53", "TimeCreated": "2023-12-17 19:34:54.007275+00:00", "RecordID": "6457", "Level": "4", "UserID": "S-1-5-20", "EventData.InterfaceGuid": "{bed2c4be-ec11-4cc8-aafc-f0fd7a5e3a02}", "EventData.IfLuid": "1689399632855040", "EventData.Family": "0", "EventData.Capability": "1", "EventData.CapabilityChangeReason": "3", "EventData.PreviousCapability": "2"}
{"EventID": "4042", "Channel": "Microsoft-Windows-NCSI/Operational", "Provider_Name": "Microsoft-Windows-NCSI", "Computer": "DESKTOP-OFJ6N53", "TimeCreated": "2023-12-17 19:35:02.423162+00:00", "RecordID": "6458", "Level": "4", "UserID": "S-1-5-20", "EventData.InterfaceGuid": "{eb0948ce-2c9d-4bb1-b013-d4771779b95b}", "EventData.IfLuid": "1689399767072768", "EventData.Family": "0", "EventData.Capability": "2", "EventData.CapabilityChangeReason": "8", "EventData.PreviousCapability": "0"}
{"EventID": "4042", "Channel": "Microsoft-Windows-NCSI/Operational", "Provider_Name": "Microsoft-Windows-NCSI", "Computer": "DESKTOP-OFJ6N53", "TimeCreated": "2023-12-17 20:01:36.988186+00:00", "RecordID": "6459", "Level": "4", "UserID": "S-1-5-20", "EventData.InterfaceGuid": "{eb0948ce-2c9d-4bb1-b013-d4771779b95b}", "EventData.IfLuid": "1689399767072768", "EventData.Family": "0", "EventData.Capability": "0", "EventData.CapabilityChangeReason": "14", "EventData.PreviousCapability": "2"}
{"EventID": "4042", "Channel": "Microsoft-Windows-NCSI/Operational", "Provider_Name": "Microsoft-Windows-NCSI", "Computer": "DESKTOP-OFJ6N53", "TimeCreated": "2023-12-17 20:01:36.989506+00:00", "RecordID": "6460", "Level": "4", "UserID": "S-1-5-20", "EventData.InterfaceGuid": "{bed2c4be-ec11-4cc8-aafc-f0fd7a5e3a02}", "EventData.IfLuid": "1689399632855040", "EventData.Family": "0", "EventData.Capability": "1", "EventData.CapabilityChangeReason": "10", "EventData.PreviousCapability": "1"}
{"EventID": "4042", "Channel": "Microsoft-Windows-NCSI/Operational", "Provider_Name": "Microsoft-Windows-NCSI", "Computer": "DESKTOP-OFJ6N53", "TimeCreated": "2023-12-17 20:01:37.818275+00:00", "RecordID": "6461", "Level": "4", "UserID": "S-1-5-20", "EventData.InterfaceGuid": "{bed2c4be-ec11-4cc8-aafc-f0fd7a5e3a02}", "EventData.IfLuid": "1689399632855040", "EventData.Family": "1", "EventData.Capability": "1", "EventData.CapabilityChangeReason": "5", "EventData.PreviousCapability": "1"}
{"EventID": "4042", "Channel": "Microsoft-Windows-NCSI/Operational", "Provider_Name": "Microsoft-Windows-NCSI", "Computer": "DESKTOP-OFJ6N53", "TimeCreated": "2023-12-17 20:01:38.237839+00:00", "RecordID": "6462", "Level": "4", "UserID": "S-1-5-20", "EventData.InterfaceGuid": "{bed2c4be-ec11-4cc8-aafc-f0fd7a5e3a02}", "EventData.IfLuid": "1689399632855040", "EventData.Family": "0", "EventData.Capability": "2", "EventData.CapabilityChangeReason": "8", "EventData.PreviousCapability": "1"}
{"EventID": "4042", "Channel": "Microsoft-Windows-NCSI/Operational", "Provider_Name": "Microsoft-Windows-NCSI", "Computer": "DESKTOP-OFJ6N53", "TimeCreated": "2023-12-17 20:02:01.200001+00:00", "RecordID": "6463", "Level": "4", "UserID": "S-1-5-20", "EventData.InterfaceGuid": "{bed2c4be-ec11-4cc8-aafc-f0fd7a5e3a02}", "EventData.IfLuid": "1689399632855040", "EventData.Family": "0", "EventData.Capability": "1", "EventData.CapabilityChangeReason": "3", "EventData.PreviousCapability": "2"}
{"EventID": "4042", "Channel": "Microsoft-Windows-NCSI/Operational", "Provider_Name": "Microsoft-Windows-NCSI", "Computer": "DESKTOP-OFJ6N53", "TimeCreated": "2023-12-17 20:02:03.225040+00:00", "RecordID": "6464", "Level": "4", "UserID": "S-1-5-20", "EventData.InterfaceGuid": "{eb0948ce-2c9d-4bb1-b013-d4771779b95b}", "EventData.IfLuid": "1689399767072768", "EventData.Family": "0", "EventData.Capability": "1", "EventData.CapabilityChangeReason": "13", "EventData.PreviousCapability": "0"}
{"EventID": "4042", "Channel": "Microsoft-Windows-NCSI/Operational", "Provider_Name": "Microsoft-Windows-NCSI", "Computer": "DESKTOP-OFJ6N53", "TimeCreated": "2023-12-17 20:02:06.069365+00:00", "RecordID": "6465", "Level": "4", "UserID": "S-1-5-20", "EventData.InterfaceGuid": "{eb0948ce-2c9d-4bb1-b013-d4771779b95b}", "EventData.IfLuid": "1689399767072768", "EventData.Family": "0", "EventData.Capability": "2", "EventData.CapabilityChangeReason": "8", "EventData.PreviousCapability": "1"}
{"EventID": "4042", "Channel": "Microsoft-Windows-NCSI/Operational", "Provider_Name": "Microsoft-Windows-NCSI", "Computer": "DESKTOP-OFJ6N53", "TimeCreated": "2023-12-17 20:03:02.567497+00:00", "RecordID": "6466", "Level": "4", "UserID": "S-1-5-20", "EventData.InterfaceGuid": "{eb0948ce-2c9d-4bb1-b013-d4771779b95b}", "EventData.IfLuid": "1689399767072768", "EventData.Family": "0", "EventData.Capability": "0", "EventData.CapabilityChangeReason": "14", "EventData.PreviousCapability": "2"}
{"EventID": "4042", "Channel": "Microsoft-Windows-NCSI/Operational", "Provider_Name": "Microsoft-Windows-NCSI", "Computer": "DESKTOP-OFJ6N53", "TimeCreated": "2023-12-17 20:03:02.569094+00:00", "RecordID": "6467", "Level": "4", "UserID": "S-1-5-20", "EventData.InterfaceGuid": "{bed2c4be-ec11-4cc8-aafc-f0fd7a5e3a02}", "EventData.IfLuid": "1689399632855040", "EventData.Family": "0", "EventData.Capability": "1", "EventData.CapabilityChangeReason": "10", "EventData.PreviousCapability": "1"}
{"EventID": "4042", "Channel": "Microsoft-Windows-NCSI/Operational", "Provider_Name": "Microsoft-Windows-NCSI", "Computer": "DESKTOP-OFJ6N53", "TimeCreated": "2023-12-17 20:03:03.519455+00:00", "RecordID": "6468", "Level": "4", "UserID": "S-1-5-20", "EventData.InterfaceGuid": "{bed2c4be-ec11-4cc8-aafc-f0fd7a5e3a02}", "EventData.IfLuid": "1689399632855040", "EventData.Family": "1", "EventData.Capability": "1", "EventData.CapabilityChangeReason": "5", "EventData.PreviousCapability": "1"}
{"EventID": "4042", "Channel": "Microsoft-Windows-NCSI/Operational", "Provider_Name": "Microsoft-Windows-NCSI", "Computer": "DESKTOP-OFJ6N53", "TimeCreated": "2023-12-17 20:03:03.848106+00:00", "RecordID": "6469", "Level": "4", "UserID": "S-1-5-20", "EventData.InterfaceGuid": "{bed2c4be-ec11-4cc8-aafc-f0fd7a5e3a02}", "EventData.IfLuid": "1689399632855040", "EventData.Family": "0", "EventData.Capability": "2", "EventData.CapabilityChangeReason": "8", "EventData.PreviousCapability": "1"}
{"EventID": "4042", "Channel": "Microsoft-Windows-NCSI/Operational", "Provider_Name": "Microsoft-Windows-NCSI", "Computer": "DESKTOP-OFJ6N53", "TimeCreated": "2023-12-17 20:06:09.552332+00:00", "RecordID": "6470", "Level": "4", "UserID": "S-1-5-20", "EventData.InterfaceGuid": "{bed2c4be-ec11-4cc8-aafc-f0fd7a5e3a02}", "EventData.IfLuid": "1689399632855040", "EventData.Family": "0", "EventData.Capability": "1", "EventData.CapabilityChangeReason": "3", "EventData.PreviousCapability": "2"}
{"EventID": "4042", "Channel": "Microsoft-Windows-NCSI/Operational", "Provider_Name": "Microsoft-Windows-NCSI", "Computer": "DESKTOP-OFJ6N53", "TimeCreated": "2023-12-17 20:06:14.600010+00:00", "RecordID": "6471", "Level": "4", "UserID": "S-1-5-20", "EventData.InterfaceGuid": "{eb0948ce-2c9d-4bb1-b013-d4771779b95b}", "EventData.IfLuid": "1689399767072768", "EventData.Family": "0", "EventData.Capability": "2", "EventData.CapabilityChangeReason": "8", "EventData.PreviousCapability": "0"}
{"EventID": "4042", "Channel": "Microsoft-Windows-NCSI/Operational", "Provider_Name": "Microsoft-Windows-NCSI", "Computer": "DESKTOP-OFJ6N53", "TimeCreated": "2023-12-18 08:06:12.165174+00:00", "RecordID": "6472", "Level": "4", "UserID": "S-1-5-20", "EventData.InterfaceGuid": "{eb0948ce-2c9d-4bb1-b013-d4771779b95b}", "EventData.IfLuid": "1689399767072768", "EventData.Family": "0", "EventData.Capability": "0", "EventData.CapabilityChangeReason": "14", "EventData.PreviousCapability": "2"}
{"EventID": "4042", "Channel": "Microsoft-Windows-NCSI/Operational", "Provider_Name": "Microsoft-Windows-NCSI", "Computer": "DESKTOP-OFJ6N53", "TimeCreated": "2023-12-18 08:06:12.169004+00:00", "RecordID": "6473", "Level": "4", "UserID": "S-1-5-20", "EventData.InterfaceGuid": "{bed2c4be-ec11-4cc8-aafc-f0fd7a5e3a02}", "EventData.IfLuid": "1689399632855040", "EventData.Family": "0", "EventData.Capability": "1", "EventData.CapabilityChangeReason": "10", "EventData.PreviousCapability": "1"}
{"EventID": "4042", "Channel": "Microsoft-Windows-NCSI/Operational", "Provider_Name": "Microsoft-Windows-NCSI", "Computer": "DESKTOP-OFJ6N53", "TimeCreated": "2023-12-18 08:06:13.052835+00:00", "RecordID": "6474", "Level": "4", "UserID": "S-1-5-20", "EventData.InterfaceGuid": "{bed2c4be-ec11-4cc8-aafc-f0fd7a5e3a02}", "EventData.IfLuid": "1689399632855040", "EventData.Family": "1", "EventData.Capability": "1", "EventData.CapabilityChangeReason": "5", "EventData.PreviousCapability": "1"}
{"EventID": "4042", "Channel": "Microsoft-Windows-NCSI/Operational", "Provider_Name": "Microsoft-Windows-NCSI", "Computer": "DESKTOP-OFJ6N53", "TimeCreated": "2023-12-18 08:06:13.408279+00:00", "RecordID": "6475", "Level": "4", "UserID": "S-1-5-20", "EventData.InterfaceGuid": "{bed2c4be-ec11-4cc8-aafc-f0fd7a5e3a02}", "EventData.IfLuid": "1689399632855040", "EventData.Family": "0", "EventData.Capability": "2", "EventData.CapabilityChangeReason": "8", "EventData.PreviousCapability": "1"}
{"EventID": "4042", "Channel": "Microsoft-Windows-NCSI/Operational", "Provider_Name": "Microsoft-Windows-NCSI", "Computer": "DESKTOP-OFJ6N53", "TimeCreated": "2023-12-18 15:53:24.117094+00:00", "RecordID": "6476", "Level": "4", "UserID": "S-1-5-20", "EventData.InterfaceGuid": "{bed2c4be-ec11-4cc8-aafc-f0fd7a5e3a02}", "EventData.IfLuid": "1689399632855040", "EventData.Family": "0", "EventData.Capability": "1", "EventData.CapabilityChangeReason": "3", "EventData.PreviousCapability": "2"}
{"EventID": "4042", "Channel": "Microsoft-Windows-NCSI/Operational", "Provider_Name": "Microsoft-Windows-NCSI", "Computer": "DESKTOP-OFJ6N53", "TimeCreated": "2023-12-18 15:53:29.524141+00:00", "RecordID": "6477", "Level": "4", "UserID": "S-1-5-20", "EventData.InterfaceGuid": "{eb0948ce-2c9d-4bb1-b013-d4771779b95b}", "EventData.IfLuid": "1689399767072768", "EventData.Family": "0", "EventData.Capability": "2", "EventData.CapabilityChangeReason": "8", "EventData.PreviousCapability": "0"}
{"EventID": "4042", "Channel": "Microsoft-Windows-NCSI/Operational", "Provider_Name": "Microsoft-Windows-NCSI", "Computer": "DESKTOP-OFJ6N53", "TimeCreated": "2023-12-19 03:53:27.204306+00:00", "RecordID": "6478", "Level": "4", "UserID": "S-1-5-20", "EventData.InterfaceGuid": "{eb0948ce-2c9d-4bb1-b013-d4771779b95b}", "EventData.IfLuid": "1689399767072768", "EventData.Family": "0", "EventData.Capability": "0", "EventData.CapabilityChangeReason": "14", "EventData.PreviousCapability": "2"}
{"EventID": "4042", "Channel": "Microsoft-Windows-NCSI/Operational", "Provider_Name": "Microsoft-Windows-NCSI", "Computer": "DESKTOP-OFJ6N53", "TimeCreated": "2023-12-19 03:53:27.205536+00:00", "RecordID": "6479", "Level": "4", "UserID": "S-1-5-20", "EventData.InterfaceGuid": "{bed2c4be-ec11-4cc8-aafc-f0fd7a5e3a02}", "EventData.IfLuid": "1689399632855040", "EventData.Family": "0", "EventData.Capability": "1", "EventData.CapabilityChangeReason": "10", "EventData.PreviousCapability": "1"}
{"EventID": "4042", "Channel": "Microsoft-Windows-NCSI/Operational", "Provider_Name": "Microsoft-Windows-NCSI", "Computer": "DESKTOP-OFJ6N53", "TimeCreated": "2023-12-19 03:53:28.106796+00:00", "RecordID": "6480", "Level": "4", "UserID": "S-1-5-20", "EventData.InterfaceGuid": "{bed2c4be-ec11-4cc8-aafc-f0fd7a5e3a02}", "EventData.IfLuid": "1689399632855040", "EventData.Family": "1", "EventData.Capability": "1", "EventData.CapabilityChangeReason": "5", "EventData.PreviousCapability": "1"}
