{"EventID": "2006", "Channel": "Microsoft-Windows-Windows Firewall With Advanced Security/Firewall", "Provider_Name": "Microsoft-Windows-Windows Firewall With Advanced Security", "Computer": "DESKTOP-OFJ6N53", "TimeCreated": "2025-07-14 09:53:29.947632+00:00", "RecordID": "30819", "Level": "4", "UserID": "S-1-5-19", "EventData.RuleId": "{6E0952A6-81CB-4A8D-9914-6C7A9683F9C8}", "EventData.RuleName": "@{Microsoft.Microsoft3DViewer_7.2502.5012.0_x64__8wekyb3d8bbwe?ms-resource://Microsoft.Microsoft3DViewer/Common.View.UWP/Resources/StoreAppName}", "EventData.ModifyingUser": "S-1-5-80-3088073201-1464728630-1879813800-1107566885-823218052", "EventData.ModifyingApplication": "C:\\Windows\\System32\\svchost.exe"}
{"EventID": "2006", "Channel": "Microsoft-Windows-Windows Firewall With Advanced Security/Firewall", "Provider_Name": "Microsoft-Windows-Windows Firewall With Advanced Security", "Computer": "DESKTOP-OFJ6N53", "TimeCreated": "2025-07-14 09:53:29.980013+00:00", "RecordID": "30820", "Level": "4", "UserID": "S-1-5-19", "EventData.RuleId": "{4BF9D594-11E5-489A-A321-07004BC2F3C4}", "EventData.RuleName": "@{Microsoft.Microsoft3DViewer_7.2502.5012.0_x64__8wekyb3d8bbwe?ms-resource://Microsoft.Microsoft3DViewer/Common.View.UWP/Resources/StoreAppName}", "EventData.ModifyingUser": "S-1-5-80-3088073201-1464728630-1879813800-1107566885-823218052", "EventData.ModifyingApplication": "C:\\Windows\\System32\\svchost.exe"}
{"EventID": "2006", "Channel": "Microsoft-Windows-Windows Firewall With Advanced Security/Firewall", "Provider_Name": "Microsoft-Windows-Windows Firewall With Advanced Security", "Computer": "DESKTOP-OFJ6N53", "TimeCreated": "2025-07-14 09:53:29.981394+00:00", "RecordID": "30821", "Level": "4", "UserID": "S-1-5-19", "EventData.RuleId": "{9FDE63D5-FA8F-4CDF-9588-2D8CDA618BBC}", "EventData.RuleName": "@{Microsoft.Microsoft3DViewer_7.2502.5012.0_x64__8wekyb3d8bbwe?ms-resource://Microsoft.Microsoft3DViewer/Common.View.UWP/Resources/StoreAppName}", "EventData.ModifyingUser": "S-1-5-80-3088073201-1464728630-1879813800-1107566885-823218052", "EventData.ModifyingApplication": "C:\\Windows\\System32\\svchost.exe"}
{"EventID": "2006", "Channel": "Microsoft-Windows-Windows Firewall With Advanced Security/Firewall", "Provider_Name": "Microsoft-Windows-Windows Firewall With Advanced Security", "Computer": "DESKTOP-OFJ6N53", "TimeCreated": "2025-07-14 09:53:29.982759+00:00", "RecordID": "30822", "Level": "4", "UserID": "S-1-5-19", "EventData.RuleId": "{A85F893F-CCF1-4F88-A9B6-81873161BCB9}", "EventData.RuleName": "@{Microsoft.Microsoft3DViewer_7.2502.5012.0_x64__8wekyb3d8bbwe?ms-resource://Microsoft.Microsoft3DViewer/Common.View.UWP/Resources/StoreAppName}", "EventData.ModifyingUser": "S-1-5-80-3088073201-1464728630-1879813800-1107566885-823218052", "EventData.ModifyingApplication": "C:\\Windows\\System32\\svchost.exe"}
{"EventID": "2097", "Channel": "Microsoft-Windows-Windows Firewall With Advanced Security/Firewall", "Provider_Name": "Microsoft-Windows-Windows Firewall With Advanced Security", "Computer": "DESKTOP-OFJ6N53", "TimeCreated": "2025-07-14 09:53:30.032394+00:00", "RecordID": "30823", "Level": "4", "UserID": "S-1-5-19", "EventData.RuleId": "{F53B4569-AB8C-4145-B401-1C61BC575CBB}", "EventData.RuleName": "@{Microsoft.Microsoft3DViewer_7.2506.10022.0_x64__8wekyb3d8bbwe?ms-resource://Microsoft.Microsoft3DViewer/Common.View.UWP/Resources/StoreAppName}", "EventData.Origin": "1", "EventData.ApplicationPath": null, "EventData.ServiceName": null, "EventData.Direction": "1", "EventData.Protocol": "256", "EventData.LocalPorts": null, "EventData.RemotePorts": null, "EventData.Action": "2", "EventData.Profiles": "2147483647", "EventData.LocalAddresses": "*", "EventData.RemoteAddresses": "*", "EventData.RemoteMachineAuthorizationList": null, "EventData.RemoteUserAuthorizationList": null, "EventData.EmbeddedContext": "@{Microsoft.Microsoft3DViewer_7.2506.10022.0_x64__8wekyb3d8bbwe?ms-resource://Microsoft.Microsoft3DViewer/Common.View.UWP/Resources/StoreAppName}", "EventData.Flags": "1", "EventData.Active": "1", "EventData.EdgeTraversal": "0", "EventData.LooseSourceMapped": "0", "EventData.SecurityOptions": "0", "EventData.ModifyingUser": "S-1-5-80-3088073201-1464728630-1879813800-1107566885-823218052", "EventData.ModifyingApplication": "C:\\Windows\\System32\\svchost.exe", "EventData.SchemaVersion": "542", "EventData.RuleStatus": "65536", "EventData.LocalOnlyMapped": "0", "EventData.PolicyAppId": null}
{"EventID": "2097", "Channel": "Microsoft-Windows-Windows Firewall With Advanced Security/Firewall", "Provider_Name": "Microsoft-Windows-Windows Firewall With Advanced Security", "Computer": "DESKTOP-OFJ6N53", "TimeCreated": "2025-07-14 09:53:30.035238+00:00", "RecordID": "30824", "Level": "4", "UserID": "S-1-5-19", "EventData.RuleId": "{53EF7994-F24D-4BE7-B419-66357FC50C92}", "EventData.RuleName": "@{Microsoft.Microsoft3DViewer_7.2506.10022.0_x64__8wekyb3d8bbwe?ms-resource://Microsoft.Microsoft3DViewer/Common.View.UWP/Resources/StoreAppName}", "EventData.Origin": "1", "EventData.ApplicationPath": null, "EventData.ServiceName": null, "EventData.Direction": "2", "EventData.Protocol": "256", "EventData.LocalPorts": null, "EventData.RemotePorts": null, "EventData.Action": "2", "EventData.Profiles": "2147483647", "EventData.LocalAddresses": "*", "EventData.RemoteAddresses": "*", "EventData.RemoteMachineAuthorizationList": null, "EventData.RemoteUserAuthorizationList": null, "EventData.EmbeddedContext": "@{Microsoft.Microsoft3DViewer_7.2506.10022.0_x64__8wekyb3d8bbwe?ms-resource://Microsoft.Microsoft3DViewer/Common.View.UWP/Resources/StoreAppName}", "EventData.Flags": "1", "EventData.Active": "1", "EventData.EdgeTraversal": "0", "EventData.LooseSourceMapped": "0", "EventData.SecurityOptions": "0", "EventData.ModifyingUser": "S-1-5-80-3088073201-1464728630-1879813800-1107566885-823218052", "EventData.ModifyingApplication": "C:\\Windows\\System32\\svchost.exe", "EventData.SchemaVersion": "542", "EventData.RuleStatus": "65536", "EventData.LocalOnlyMapped": "0", "EventData.PolicyAppId": null}
{"EventID": "2097", "Channel": "Microsoft-Windows-Windows Firewall With Advanced Security/Firewall", "Provider_Name": "Microsoft-Windows-Windows Firewall With Advanced Security", "Computer": "DESKTOP-OFJ6N53", "TimeCreated": "2025-07-14 09:53:30.037891+00:00", "RecordID": "30825", "Level": "4", "UserID": "S-1-5-19", "EventData.RuleId": "{99699C43-F0AC-43EF-8A1C-4C4D42A17F91}", "EventData.RuleName": "@{Microsoft.Microsoft3DViewer_7.2506.10022.0_x64__8wekyb3d8bbwe?ms-resource://Microsoft.Microsoft3DViewer/Common.View.UWP/Resources/StoreAppName}", "EventData.Origin": "1", "EventData.ApplicationPath": null, "EventData.ServiceName": null, "EventData.Direction": "2", "EventData.Protocol": "256", "EventData.LocalPorts": null, "EventData.RemotePorts": null, "EventData.Action": "3", "EventData.Profiles": "7", "EventData.LocalAddresses": "*", "EventData.RemoteAddresses": "*", "EventData.RemoteMachineAuthorizationList": null, "EventData.RemoteUserAuthorizationList": null, "EventData.EmbeddedContext": "@{Microsoft.Microsoft3DViewer_7.2506.10022.0_x64__8wekyb3d8bbwe?ms-resource://Microsoft.Microsoft3DViewer/Common.View.UWP/Resources/StoreAppName}", "EventData.Flags": "1", "EventData.Active": "1", "EventData.EdgeTraversal": "0", "EventData.LooseSourceMapped": "0", "EventData.SecurityOptions": "0", "EventData.ModifyingUser": "S-1-5-80-3088073201-1464728630-1879813800-1107566885-823218052", "EventData.ModifyingApplication": "C:\\Windows\\System32\\svchost.exe", "EventData.SchemaVersion": "542", "EventData.RuleStatus": "65536", "EventData.LocalOnlyMapped": "0", "EventData.PolicyAppId": null}
{"EventID": "2097", "Channel": "Microsoft-Windows-Windows Firewall With Advanced Security/Firewall", "Provider_Name": "Microsoft-Windows-Windows Firewall With Advanced Security", "Computer": "DESKTOP-OFJ6N53", "TimeCreated": "2025-07-14 09:53:30.052668+00:00", "RecordID": "30826", "Level": "4", "UserID": "S-1-5-19", "EventData.RuleId": "{9F8C9C24-7ABE-4F05-8176-651EDA1C4FFC}", "EventData.RuleName": "@{Microsoft.Microsoft3DViewer_7.2506.10022.0_x64__8wekyb3d8bbwe?ms-resource://Microsoft.Microsoft3DViewer/Common.View.UWP/Resources/StoreAppName}", "EventData.Origin": "1", "EventData.ApplicationPath": null, "EventData.ServiceName": null, "EventData.Direction": "2", "EventData.Protocol": "256", "EventData.LocalPorts": null, "EventData.RemotePorts": null, "EventData.Action": "3", "EventData.Profiles": "7", "EventData.LocalAddresses": "*", "EventData.RemoteAddresses": "*", "EventData.RemoteMachineAuthorizationList": null, "EventData.RemoteUserAuthorizationList": null, "EventData.EmbeddedContext": "@{Microsoft.Microsoft3DViewer_7.2506.10022.0_x64__8wekyb3d8bbwe?ms-resource://Microsoft.Microsoft3DViewer/Common.View.UWP/Resources/StoreAppName}", "EventData.Flags": "1", "EventData.Active": "1", "EventData.EdgeTraversal": "0", "EventData.LooseSourceMapped": "0", "EventData.SecurityOptions": "0", "EventData.ModifyingUser": "S-1-5-80-3088073201-1464728630-1879813800-1107566885-823218052", "EventData.ModifyingApplication": "C:\\Windows\\System32\\svchost.exe", "EventData.SchemaVersion": "542", "EventData.RuleStatus": "65536", "EventData.LocalOnlyMapped": "0", "EventData.PolicyAppId": null}
{"EventID": "2097", "Channel": "Microsoft-Windows-Windows Firewall With Advanced Security/Firewall", "Provider_Name": "Microsoft-Windows-Windows Firewall With Advanced Security", "Computer": "DESKTOP-OFJ6N53", "TimeCreated": "2025-07-14 09:53:44.643261+00:00", "RecordID": "30827", "Level": "4", "UserID": "S-1-5-19", "EventData.RuleId": "{B92A16BF-8DE5-4776-BD0B-54ADA70D4565}", "EventData.RuleName": "@{Microsoft.BingSearch_1.1.33.0_x64__8wekyb3d8bbwe?ms-resource://Microsoft.BingSearch/Resources/PackageDisplayName}", "EventData.Origin": "1", "EventData.ApplicationPath": null, "EventData.ServiceName": null, "EventData.Direction": "1", "EventData.Protocol": "256", "EventData.LocalPorts": null, "EventData.RemotePorts": null, "EventData.Action": "2", "EventData.Profiles": "2147483647", "EventData.LocalAddresses": "*", "EventData.RemoteAddresses": "*", "EventData.RemoteMachineAuthorizationList": null, "EventData.RemoteUserAuthorizationList": null, "EventData.EmbeddedContext": "@{Microsoft.BingSearch_1.1.33.0_x64__8wekyb3d8bbwe?ms-resource://Microsoft.BingSearch/Resources/PackageDisplayName}", "EventData.Flags": "1", "EventData.Active": "1", "EventData.EdgeTraversal": "0", "EventData.LooseSourceMapped": "0", "EventData.SecurityOptions": "0", "EventData.ModifyingUser": "S-1-5-80-3088073201-1464728630-1879813800-1107566885-823218052", "EventData.ModifyingApplication": "C:\\Windows\\System32\\svchost.exe", "EventData.SchemaVersion": "542", "EventData.RuleStatus": "65536", "EventData.LocalOnlyMapped": "0", "EventData.PolicyAppId": null}
{"EventID": "2097", "Channel": "Microsoft-Windows-Windows Firewall With Advanced Security/Firewall", "Provider_Name": "Microsoft-Windows-Windows Firewall With Advanced Security", "Computer": "DESKTOP-OFJ6N53", "TimeCreated": "2025-07-14 09:53:44.648067+00:00", "RecordID": "30828", "Level": "4", "UserID": "S-1-5-19", "EventData.RuleId": "{0BC48CAC-1332-4EF1-A5A6-43EBA8895787}", "EventData.RuleName": "@{Microsoft.BingSearch_1.1.33.0_x64__8wekyb3d8bbwe?ms-resource://Microsoft.BingSearch/Resources/PackageDisplayName}", "EventData.Origin": "1", "EventData.ApplicationPath": null, "EventData.ServiceName": null, "EventData.Direction": "2", "EventData.Protocol": "256", "EventData.LocalPorts": null, "EventData.RemotePorts": null, "EventData.Action": "2", "EventData.Profiles": "2147483647", "EventData.LocalAddresses": "*", "EventData.RemoteAddresses": "*", "EventData.RemoteMachineAuthorizationList": null, "EventData.RemoteUserAuthorizationList": null, "EventData.EmbeddedContext": "@{Microsoft.BingSearch_1.1.33.0_x64__8wekyb3d8bbwe?ms-resource://Microsoft.BingSearch/Resources/PackageDisplayName}", "EventData.Flags": "1", "EventData.Active": "1", "EventData.EdgeTraversal": "0", "EventData.LooseSourceMapped": "0", "EventData.SecurityOptions": "0", "EventData.ModifyingUser": "S-1-5-80-3088073201-1464728630-1879813800-1107566885-823218052", "EventData.ModifyingApplication": "C:\\Windows\\System32\\svchost.exe", "EventData.SchemaVersion": "542", "EventData.RuleStatus": "65536", "EventData.LocalOnlyMapped": "0", "EventData.PolicyAppId": null}
{"EventID": "2006", "Channel": "Microsoft-Windows-Windows Firewall With Advanced Security/Firewall", "Provider_Name": "Microsoft-Windows-Windows Firewall With Advanced Security", "Computer": "DESKTOP-OFJ6N53", "TimeCreated": "2025-07-14 09:55:56.199318+00:00", "RecordID": "30829", "Level": "4", "UserID": "S-1-5-19", "EventData.RuleId": "{0B9FA63D-9315-4455-B5B9-E1456CCF6B73}", "EventData.RuleName": "Chrome Sandbox", "EventData.ModifyingUser": "S-1-5-80-3088073201-1464728630-1879813800-1107566885-823218052", "EventData.ModifyingApplication": "C:\\Windows\\System32\\svchost.exe"}
{"EventID": "2006", "Channel": "Microsoft-Windows-Windows Firewall With Advanced Security/Firewall", "Provider_Name": "Microsoft-Windows-Windows Firewall With Advanced Security", "Computer": "DESKTOP-OFJ6N53", "TimeCreated": "2025-07-14 09:55:56.200092+00:00", "RecordID": "30830", "Level": "4", "UserID": "S-1-5-19", "EventData.RuleId": "{A2B4DA3E-0934-4271-805A-9B4B16D5AFC2}", "EventData.RuleName": "Chrome Sandbox", "EventData.ModifyingUser": "S-1-5-80-3088073201-1464728630-1879813800-1107566885-823218052", "EventData.ModifyingApplication": "C:\\Windows\\System32\\svchost.exe"}
{"EventID": "2097", "Channel": "Microsoft-Windows-Windows Firewall With Advanced Security/Firewall", "Provider_Name": "Microsoft-Windows-Windows Firewall With Advanced Security", "Computer": "DESKTOP-OFJ6N53", "TimeCreated": "2025-07-14 09:55:56.205194+00:00", "RecordID": "30831", "Level": "4", "UserID": "S-1-5-19", "EventData.RuleId": "{C25289D1-AE23-4A7E-8F9B-3EC0427E8443}", "EventData.RuleName": "Chrome Sandbox", "EventData.Origin": "1", "EventData.ApplicationPath": null, "EventData.ServiceName": null, "EventData.Direction": "1", "EventData.Protocol": "256", "EventData.LocalPorts": null, "EventData.RemotePorts": null, "EventData.Action": "2", "EventData.Profiles": "2147483647", "EventData.LocalAddresses": "*", "EventData.RemoteAddresses": "*", "EventData.RemoteMachineAuthorizationList": null, "EventData.RemoteUserAuthorizationList": null, "EventData.EmbeddedContext": "Chrome Sandbox", "EventData.Flags": "1", "EventData.Active": "1", "EventData.EdgeTraversal": "0", "EventData.LooseSourceMapped": "0", "EventData.SecurityOptions": "0", "EventData.ModifyingUser": "S-1-5-80-3088073201-1464728630-1879813800-1107566885-823218052", "EventData.ModifyingApplication": "C:\\Windows\\System32\\svchost.exe", "EventData.SchemaVersion": "542", "EventData.RuleStatus": "65536", "EventData.LocalOnlyMapped": "0", "EventData.PolicyAppId": null}
{"EventID": "2097", "Channel": "Microsoft-Windows-Windows Firewall With Advanced Security/Firewall", "Provider_Name": "Microsoft-Windows-Windows Firewall With Advanced Security", "Computer": "DESKTOP-OFJ6N53", "TimeCreated": "2025-07-14 09:55:56.206936+00:00", "RecordID": "30832", "Level": "4", "UserID": "S-1-5-19", "EventData.RuleId": "{1A0A8984-A540-40EA-A651-CCAC798FFB5D}", "EventData.RuleName": "Chrome Sandbox", "EventData.Origin": "1", "EventData.ApplicationPath": null, "EventData.ServiceName": null, "EventData.Direction": "2", "EventData.Protocol": "256", "EventData.LocalPorts": null, "EventData.RemotePorts": null, "EventData.Action": "2", "EventData.Profiles": "2147483647", "EventData.LocalAddresses": "*", "EventData.RemoteAddresses": "*", "EventData.RemoteMachineAuthorizationList": null, "EventData.RemoteUserAuthorizationList": null, "EventData.EmbeddedContext": "Chrome Sandbox", "EventData.Flags": "1", "EventData.Active": "1", "EventData.EdgeTraversal": "0", "EventData.LooseSourceMapped": "0", "EventData.SecurityOptions": "0", "EventData.ModifyingUser": "S-1-5-80-3088073201-1464728630-1879813800-1107566885-823218052", "EventData.ModifyingApplication": "C:\\Windows\\System32\\svchost.exe", "EventData.SchemaVersion": "542", "EventData.RuleStatus": "65536", "EventData.LocalOnlyMapped": "0", "EventData.PolicyAppId": null}
{"EventID": "2006", "Channel": "Microsoft-Windows-Windows Firewall With Advanced Security/Firewall", "Provider_Name": "Microsoft-Windows-Windows Firewall With Advanced Security", "Computer": "DESKTOP-OFJ6N53", "TimeCreated": "2025-07-15 08:40:47.352249+00:00", "RecordID": "30833", "Level": "4", "UserID": "S-1-5-19", "EventData.RuleId": "{BD2C013C-E763-4E04-B610-02AD33CE3B41}", "EventData.RuleName": "@{Microsoft.StorePurchaseApp_22505.1401.0.0_x64__8wekyb3d8bbwe?ms-resource://Microsoft.StorePurchaseApp/Resources/DisplayTitle}", "EventData.ModifyingUser": "S-1-5-80-3088073201-1464728630-1879813800-1107566885-823218052", "EventData.ModifyingApplication": "C:\\Windows\\System32\\svchost.exe"}
{"EventID": "2006", "Channel": "Microsoft-Windows-Windows Firewall With Advanced Security/Firewall", "Provider_Name": "Microsoft-Windows-Windows Firewall With Advanced Security", "Computer": "DESKTOP-OFJ6N53", "TimeCreated": "2025-07-15 08:40:47.352892+00:00", "RecordID": "30834", "Level": "4", "UserID": "S-1-5-19", "EventData.RuleId": "{BD9BC1D9-ED5E-41F9-AD4B-ED3F22B36A27}", "EventData.RuleName": "@{Microsoft.StorePurchaseApp_22505.1401.0.0_x64__8wekyb3d8bbwe?ms-resource://Microsoft.StorePurchaseApp/Resources/DisplayTitle}", "EventData.ModifyingUser": "S-1-5-80-3088073201-1464728630-1879813800-1107566885-823218052", "EventData.ModifyingApplication": "C:\\Windows\\System32\\svchost.exe"}
{"EventID": "2006", "Channel": "Microsoft-Windows-Windows Firewall With Advanced Security/Firewall", "Provider_Name": "Microsoft-Windows-Windows Firewall With Advanced Security", "Computer": "DESKTOP-OFJ6N53", "TimeCreated": "2025-07-15 08:40:47.353380+00:00", "RecordID": "30835", "Level": "4", "UserID": "S-1-5-19", "EventData.RuleId": "{E1806379-56D8-4381-AF6A-597400C9E3DE}", "EventData.RuleName": "@{Microsoft.StorePurchaseApp_22505.1401.0.0_x64__8wekyb3d8bbwe?ms-resource://Microsoft.StorePurchaseApp/Resources/DisplayTitle}", "EventData.ModifyingUser": "S-1-5-80-3088073201-1464728630-1879813800-1107566885-823218052", "EventData.ModifyingApplication": "C:\\Windows\\System32\\svchost.exe"}
{"EventID": "2006", "Channel": "Microsoft-Windows-Windows Firewall With Advanced Security/Firewall", "Provider_Name": "Microsoft-Windows-Windows Firewall With Advanced Security", "Computer": "DESKTOP-OFJ6N53", "TimeCreated": "2025-07-15 08:40:47.353931+00:00", "RecordID": "30836", "Level": "4", "UserID": "S-1-5-19", "EventData.RuleId": "{A04D9749-6DCD-4CF9-86CA-7DB62B624616}", "EventData.RuleName": "@{Microsoft.StorePurchaseApp_22505.1401.0.0_x64__8wekyb3d8bbwe?ms-resource://Microsoft.StorePurchaseApp/Resources/DisplayTitle}", "EventData.ModifyingUser": "S-1-5-80-3088073201-1464728630-1879813800-1107566885-823218052", "EventData.ModifyingApplication": "C:\\Windows\\System32\\svchost.exe"}
{"EventID": "2006", "Channel": "Microsoft-Windows-Windows Firewall With Advanced Security/Firewall", "Provider_Name": "Microsoft-Windows-Windows Firewall With Advanced Security", "Computer": "DESKTOP-OFJ6N53", "TimeCreated": "2025-07-15 08:40:47.354527+00:00", "RecordID": "30837", "Level": "4", "UserID": "S-1-5-19", "EventData.RuleId": "{CE80EA9B-1C0A-42BA-AFCB-76A9EA9980F1}", "EventData.RuleName": "@{Microsoft.StorePurchaseApp_22505.1401.0.0_x64__8wekyb3d8bbwe?ms-resource://Microsoft.StorePurchaseApp/Resources/DisplayTitle}", "EventData.ModifyingUser": "S-1-5-80-3088073201-1464728630-1879813800-1107566885-823218052", "EventData.ModifyingApplication": "C:\\Windows\\System32\\svchost.exe"}
{"EventID": "2006", "Channel": "Microsoft-Windows-Windows Firewall With Advanced Security/Firewall", "Provider_Name": "Microsoft-Windows-Windows Firewall With Advanced Security", "Computer": "DESKTOP-OFJ6N53", "TimeCreated": "2025-07-15 08:40:47.355156+00:00", "RecordID": "30838", "Level": "4", "UserID": "S-1-5-19", "EventData.RuleId": "{B51957B5-F520-455F-BD68-A5F66479BCBD}", "EventData.RuleName": "@{Microsoft.StorePurchaseApp_22505.1401.0.0_x64__8wekyb3d8bbwe?ms-resource://Microsoft.StorePurchaseApp/Resources/DisplayTitle}", "EventData.ModifyingUser": "S-1-5-80-3088073201-1464728630-1879813800-1107566885-823218052", "EventData.ModifyingApplication": "C:\\Windows\\System32\\svchost.exe"}
{"EventID": "2006", "Channel": "Microsoft-Windows-Windows Firewall With Advanced Security/Firewall", "Provider_Name": "Microsoft-Windows-Windows Firewall With Advanced Security", "Computer": "DESKTOP-OFJ6N53", "TimeCreated": "2025-07-15 08:40:47.355848+00:00", "RecordID": "30839", "Level": "4", "UserID": "S-1-5-19", "EventData.RuleId": "{B106CD60-4F16-4E4B-90A3-C97D7F3F9716}", "EventData.RuleName": "@{Microsoft.StorePurchaseApp_22505.1401.0.0_x64__8wekyb3d8bbwe?ms-resource://Microsoft.StorePurchaseApp/Resources/DisplayTitle}", "EventData.ModifyingUser": "S-1-5-80-3088073201-1464728630-1879813800-1107566885-823218052", "EventData.ModifyingApplication": "C:\\Windows\\System32\\svchost.exe"}
{"EventID": "2006", "Channel": "Microsoft-Windows-Windows Firewall With Advanced Security/Firewall", "Provider_Name": "Microsoft-Windows-Windows Firewall With Advanced Security", "Computer": "DESKTOP-OFJ6N53", "TimeCreated": "2025-07-15 08:40:47.357775+00:00", "RecordID": "30840", "Level": "4", "UserID": "S-1-5-19", "EventData.RuleId": "{8EA26BE8-0857-4333-9BCC-330ACB21A3E3}", "EventData.RuleName": "@{Microsoft.StorePurchaseApp_22505.1401.0.0_x64__8wekyb3d8bbwe?ms-resource://Microsoft.StorePurchaseApp/Resources/DisplayTitle}", "EventData.ModifyingUser": "S-1-5-80-3088073201-1464728630-1879813800-1107566885-823218052", "EventData.ModifyingApplication": "C:\\Windows\\System32\\svchost.exe"}
{"EventID": "2006", "Channel": "Microsoft-Windows-Windows Firewall With Advanced Security/Firewall", "Provider_Name": "Microsoft-Windows-Windows Firewall With Advanced Security", "Computer": "DESKTOP-OFJ6N53", "TimeCreated": "2025-07-15 08:40:47.358822+00:00", "RecordID": "30841", "Level": "4", "UserID": "S-1-5-19", "EventData.RuleId": "{DF32F8A9-1E6C-4036-ACDA-1E27561468D5}", "EventData.RuleName": "@{Microsoft.StorePurchaseApp_22505.1401.0.0_x64__8wekyb3d8bbwe?ms-resource://Microsoft.StorePurchaseApp/Resources/DisplayTitle}", "EventData.ModifyingUser": "S-1-5-80-3088073201-1464728630-1879813800-1107566885-823218052", "EventData.ModifyingApplication": "C:\\Windows\\System32\\svchost.exe"}
{"EventID": "2097", "Channel": "Microsoft-Windows-Windows Firewall With Advanced Security/Firewall", "Provider_Name": "Microsoft-Windows-Windows Firewall With Advanced Security", "Computer": "DESKTOP-OFJ6N53", "TimeCreated": "2025-07-15 08:40:47.364235+00:00", "RecordID": "30842", "Level": "4", "UserID": "S-1-5-19", "EventData.RuleId": "{09B208B2-EECE-402E-89DF-990AA8F06EC9}", "EventData.RuleName": "@{Microsoft.StorePurchaseApp_22505.1401.1.0_x64__8wekyb3d8bbwe?ms-resource://Microsoft.StorePurchaseApp/Resources/DisplayTitle}", "EventData.Origin": "1", "EventData.ApplicationPath": null, "EventData.ServiceName": null, "EventData.Direction": "1", "EventData.Protocol": "256", "EventData.LocalPorts": null, "EventData.RemotePorts": null, "EventData.Action": "2", "EventData.Profiles": "2147483647", "EventData.LocalAddresses": "*", "EventData.RemoteAddresses": "*", "EventData.RemoteMachineAuthorizationList": null, "EventData.RemoteUserAuthorizationList": null, "EventData.EmbeddedContext": "@{Microsoft.StorePurchaseApp_22505.1401.1.0_x64__8wekyb3d8bbwe?ms-resource://Microsoft.StorePurchaseApp/Resources/DisplayTitle}", "EventData.Flags": "1", "EventData.Active": "1", "EventData.EdgeTraversal": "0", "EventData.LooseSourceMapped": "0", "EventData.SecurityOptions": "0", "EventData.ModifyingUser": "S-1-5-80-3088073201-1464728630-1879813800-1107566885-823218052", "EventData.ModifyingApplication": "C:\\Windows\\System32\\svchost.exe", "EventData.SchemaVersion": "542", "EventData.RuleStatus": "65536", "EventData.LocalOnlyMapped": "0", "EventData.PolicyAppId": null}
{"EventID": "2097", "Channel": "Microsoft-Windows-Windows Firewall With Advanced Security/Firewall", "Provider_Name": "Microsoft-Windows-Windows Firewall With Advanced Security", "Computer": "DESKTOP-OFJ6N53", "TimeCreated": "2025-07-15 08:40:47.367449+00:00", "RecordID": "30843", "Level": "4", "UserID": "S-1-5-19", "EventData.RuleId": "{AEA13330-B671-4A13-988B-C25999035409}", "EventData.RuleName": "@{Microsoft.StorePurchaseApp_22505.1401.1.0_x64__8wekyb3d8bbwe?ms-resource://Microsoft.StorePurchaseApp/Resources/DisplayTitle}", "EventData.Origin": "1", "EventData.ApplicationPath": null, "EventData.ServiceName": null, "EventData.Direction": "2", "EventData.Protocol": "256", "EventData.LocalPorts": null, "EventData.RemotePorts": null, "EventData.Action": "2", "EventData.Profiles": "2147483647", "EventData.LocalAddresses": "*", "EventData.RemoteAddresses": "*", "EventData.RemoteMachineAuthorizationList": null, "EventData.RemoteUserAuthorizationList": null, "EventData.EmbeddedContext": "@{Microsoft.StorePurchaseApp_22505.1401.1.0_x64__8wekyb3d8bbwe?ms-resource://Microsoft.StorePurchaseApp/Resources/DisplayTitle}", "EventData.Flags": "1", "EventData.Active": "1", "EventData.EdgeTraversal": "0", "EventData.LooseSourceMapped": "0", "EventData.SecurityOptions": "0", "EventData.ModifyingUser": "S-1-5-80-3088073201-1464728630-1879813800-1107566885-823218052", "EventData.ModifyingApplication": "C:\\Windows\\System32\\svchost.exe", "EventData.SchemaVersion": "542", "EventData.RuleStatus": "65536", "EventData.LocalOnlyMapped": "0", "EventData.PolicyAppId": null}
{"EventID": "2097", "Channel": "Microsoft-Windows-Windows Firewall With Advanced Security/Firewall", "Provider_Name": "Microsoft-Windows-Windows Firewall With Advanced Security", "Computer": "DESKTOP-OFJ6N53", "TimeCreated": "2025-07-15 08:40:47.370493+00:00", "RecordID": "30844", "Level": "4", "UserID": "S-1-5-19", "EventData.RuleId": "{B1945349-1DB3-4319-9207-87A64CAA0DA5}", "EventData.RuleName": "@{Microsoft.StorePurchaseApp_22505.1401.1.0_x64__8wekyb3d8bbwe?ms-resource://Microsoft.StorePurchaseApp/Resources/DisplayTitle}", "EventData.Origin": "1", "EventData.ApplicationPath": null, "EventData.ServiceName": null, "EventData.Direction": "1", "EventData.Protocol": "256", "EventData.LocalPorts": null, "EventData.RemotePorts": null, "EventData.Action": "3", "EventData.Profiles": "7", "EventData.LocalAddresses": "*", "EventData.RemoteAddresses": "*", "EventData.RemoteMachineAuthorizationList": null, "EventData.RemoteUserAuthorizationList": null, "EventData.EmbeddedContext": "@{Microsoft.StorePurchaseApp_22505.1401.1.0_x64__8wekyb3d8bbwe?ms-resource://Microsoft.StorePurchaseApp/Resources/DisplayTitle}", "EventData.Flags": "1", "EventData.Active": "1", "EventData.EdgeTraversal": "0", "EventData.LooseSourceMapped": "0", "EventData.SecurityOptions": "0", "EventData.ModifyingUser": "S-1-5-80-3088073201-1464728630-1879813800-1107566885-823218052", "EventData.ModifyingApplication": "C:\\Windows\\System32\\svchost.exe", "EventData.SchemaVersion": "542", "EventData.RuleStatus": "65536", "EventData.LocalOnlyMapped": "0", "EventData.PolicyAppId": null}
{"EventID": "2097", "Channel": "Microsoft-Windows-Windows Firewall With Advanced Security/Firewall", "Provider_Name": "Microsoft-Windows-Windows Firewall With Advanced Security", "Computer": "DESKTOP-OFJ6N53", "TimeCreated": "2025-07-15 08:40:47.372768+00:00", "RecordID": "30845", "Level": "4", "UserID": "S-1-5-19", "EventData.RuleId": "{AC0A5F77-EB6D-401D-868A-69D62477653E}", "EventData.RuleName": "@{Microsoft.StorePurchaseApp_22505.1401.1.0_x64__8wekyb3d8bbwe?ms-resource://Microsoft.StorePurchaseApp/Resources/DisplayTitle}", "EventData.Origin": "1", "EventData.ApplicationPath": null, "EventData.ServiceName": null, "EventData.Direction": "2", "EventData.Protocol": "256", "EventData.LocalPorts": null, "EventData.RemotePorts": null, "EventData.Action": "3", "EventData.Profiles": "7", "EventData.LocalAddresses": "*", "EventData.RemoteAddresses": "*", "EventData.RemoteMachineAuthorizationList": null, "EventData.RemoteUserAuthorizationList": null, "EventData.EmbeddedContext": "@{Microsoft.StorePurchaseApp_22505.1401.1.0_x64__8wekyb3d8bbwe?ms-resource://Microsoft.StorePurchaseApp/Resources/DisplayTitle}", "EventData.Flags": "1", "EventData.Active": "1", "EventData.EdgeTraversal": "0", "EventData.LooseSourceMapped": "0", "EventData.SecurityOptions": "0", "EventData.ModifyingUser": "S-1-5-80-3088073201-1464728630-1879813800-1107566885-823218052", "EventData.ModifyingApplication": "C:\\Windows\\System32\\svchost.exe", "EventData.SchemaVersion": "542", "EventData.RuleStatus": "65536", "EventData.LocalOnlyMapped": "0", "EventData.PolicyAppId": null}
{"EventID": "2097", "Channel": "Microsoft-Windows-Windows Firewall With Advanced Security/Firewall", "Provider_Name": "Microsoft-Windows-Windows Firewall With Advanced Security", "Computer": "DESKTOP-OFJ6N53", "TimeCreated": "2025-07-15 08:40:47.374775+00:00", "RecordID": "30846", "Level": "4", "UserID": "S-1-5-19", "EventData.RuleId": "{D27C15A9-0B58-438C-A9B6-9CF3AB25862F}", "EventData.RuleName": "@{Microsoft.StorePurchaseApp_22505.1401.1.0_x64__8wekyb3d8bbwe?ms-resource://Microsoft.StorePurchaseApp/Resources/DisplayTitle}", "EventData.Origin": "1", "EventData.ApplicationPath": null, "EventData.ServiceName": null, "EventData.Direction": "1", "EventData.Protocol": "256", "EventData.LocalPorts": null, "EventData.RemotePorts": null, "EventData.Action": "3", "EventData.Profiles": "6", "EventData.LocalAddresses": "*", "EventData.RemoteAddresses": "*", "EventData.RemoteMachineAuthorizationList": null, "EventData.RemoteUserAuthorizationList": null, "EventData.EmbeddedContext": "@{Microsoft.StorePurchaseApp_22505.1401.1.0_x64__8wekyb3d8bbwe?ms-resource://Microsoft.StorePurchaseApp/Resources/DisplayTitle}", "EventData.Flags": "3", "EventData.Active": "1", "EventData.EdgeTraversal": "0", "EventData.LooseSourceMapped": "0", "EventData.SecurityOptions": "1", "EventData.ModifyingUser": "S-1-5-80-3088073201-1464728630-1879813800-1107566885-823218052", "EventData.ModifyingApplication": "C:\\Windows\\System32\\svchost.exe", "EventData.SchemaVersion": "542", "EventData.RuleStatus": "65536", "EventData.LocalOnlyMapped": "0", "EventData.PolicyAppId": null}
{"EventID": "2097", "Channel": "Microsoft-Windows-Windows Firewall With Advanced Security/Firewall", "Provider_Name": "Microsoft-Windows-Windows Firewall With Advanced Security", "Computer": "DESKTOP-OFJ6N53", "TimeCreated": "2025-07-15 08:40:47.376759+00:00", "RecordID": "30847", "Level": "4", "UserID": "S-1-5-19", "EventData.RuleId": "{F0AA9898-CF0B-4C8F-9857-CF1A80437CCF}", "EventData.RuleName": "@{Microsoft.StorePurchaseApp_22505.1401.1.0_x64__8wekyb3d8bbwe?ms-resource://Microsoft.StorePurchaseApp/Resources/DisplayTitle}", "EventData.Origin": "1", "EventData.ApplicationPath": null, "EventData.ServiceName": null, "EventData.Direction": "2", "EventData.Protocol": "256", "EventData.LocalPorts": null, "EventData.RemotePorts": null, "EventData.Action": "3", "EventData.Profiles": "6", "EventData.LocalAddresses": "*", "EventData.RemoteAddresses": "*", "EventData.RemoteMachineAuthorizationList": null, "EventData.RemoteUserAuthorizationList": null, "EventData.EmbeddedContext": "@{Microsoft.StorePurchaseApp_22505.1401.1.0_x64__8wekyb3d8bbwe?ms-resource://Microsoft.StorePurchaseApp/Resources/DisplayTitle}", "EventData.Flags": "3", "EventData.Active": "1", "EventData.EdgeTraversal": "0", "EventData.LooseSourceMapped": "0", "EventData.SecurityOptions": "1", "EventData.ModifyingUser": "S-1-5-80-3088073201-1464728630-1879813800-1107566885-823218052", "EventData.ModifyingApplication": "C:\\Windows\\System32\\svchost.exe", "EventData.SchemaVersion": "542", "EventData.RuleStatus": "65536", "EventData.LocalOnlyMapped": "0", "EventData.PolicyAppId": null}
{"EventID": "2097", "Channel": "Microsoft-Windows-Windows Firewall With Advanced Security/Firewall", "Provider_Name": "Microsoft-Windows-Windows Firewall With Advanced Security", "Computer": "DESKTOP-OFJ6N53", "TimeCreated": "2025-07-15 08:40:47.379183+00:00", "RecordID": "30848", "Level": "4", "UserID": "S-1-5-19", "EventData.RuleId": "{AA509639-FB9A-4BE7-8853-214D3EFCA6D8}", "EventData.RuleName": "@{Microsoft.StorePurchaseApp_22505.1401.1.0_x64__8wekyb3d8bbwe?ms-resource://Microsoft.StorePurchaseApp/Resources/DisplayTitle}", "EventData.Origin": "1", "EventData.ApplicationPath": null, "EventData.ServiceName": null, "EventData.Direction": "2", "EventData.Protocol": "256", "EventData.LocalPorts": null, "EventData.RemotePorts": null, "EventData.Action": "3", "EventData.Profiles": "7", "EventData.LocalAddresses": "*", "EventData.RemoteAddresses": "*", "EventData.RemoteMachineAuthorizationList": null, "EventData.RemoteUserAuthorizationList": null, "EventData.EmbeddedContext": "@{Microsoft.StorePurchaseApp_22505.1401.1.0_x64__8wekyb3d8bbwe?ms-resource://Microsoft.StorePurchaseApp/Resources/DisplayTitle}", "EventData.Flags": "1", "EventData.Active": "1", "EventData.EdgeTraversal": "0", "EventData.LooseSourceMapped": "0", "EventData.SecurityOptions": "0", "EventData.ModifyingUser": "S-1-5-80-3088073201-1464728630-1879813800-1107566885-823218052", "EventData.ModifyingApplication": "C:\\Windows\\System32\\svchost.exe", "EventData.SchemaVersion": "542", "EventData.RuleStatus": "65536", "EventData.LocalOnlyMapped": "0", "EventData.PolicyAppId": null}
{"EventID": "2097", "Channel": "Microsoft-Windows-Windows Firewall With Advanced Security/Firewall", "Provider_Name": "Microsoft-Windows-Windows Firewall With Advanced Security", "Computer": "DESKTOP-OFJ6N53", "TimeCreated": "2025-07-15 08:40:47.382181+00:00", "RecordID": "30849", "Level": "4", "UserID": "S-1-5-19", "EventData.RuleId": "{C4D45E6B-4F74-4809-9360-E72F2D4DDF29}", "EventData.RuleName": "@{Microsoft.StorePurchaseApp_22505.1401.1.0_x64__8wekyb3d8bbwe?ms-resource://Microsoft.StorePurchaseApp/Resources/DisplayTitle}", "EventData.Origin": "1", "EventData.ApplicationPath": null, "EventData.ServiceName": null, "EventData.Direction": "2", "EventData.Protocol": "256", "EventData.LocalPorts": null, "EventData.RemotePorts": null, "EventData.Action": "3", "EventData.Profiles": "7", "EventData.LocalAddresses": "*", "EventData.RemoteAddresses": "*", "EventData.RemoteMachineAuthorizationList": null, "EventData.RemoteUserAuthorizationList": null, "EventData.EmbeddedContext": "@{Microsoft.StorePurchaseApp_22505.1401.1.0_x64__8wekyb3d8bbwe?ms-resource://Microsoft.StorePurchaseApp/Resources/DisplayTitle}", "EventData.Flags": "1", "EventData.Active": "1", "EventData.EdgeTraversal": "0", "EventData.LooseSourceMapped": "0", "EventData.SecurityOptions": "0", "EventData.ModifyingUser": "S-1-5-80-3088073201-1464728630-1879813800-1107566885-823218052", "EventData.ModifyingApplication": "C:\\Windows\\System32\\svchost.exe", "EventData.SchemaVersion": "542", "EventData.RuleStatus": "65536", "EventData.LocalOnlyMapped": "0", "EventData.PolicyAppId": null}
{"EventID": "2097", "Channel": "Microsoft-Windows-Windows Firewall With Advanced Security/Firewall", "Provider_Name": "Microsoft-Windows-Windows Firewall With Advanced Security", "Computer": "DESKTOP-OFJ6N53", "TimeCreated": "2025-07-15 08:40:47.384796+00:00", "RecordID": "30850", "Level": "4", "UserID": "S-1-5-19", "EventData.RuleId": "{10AF5F2F-0A22-4C69-8A1B-937BFD83E65D}", "EventData.RuleName": "@{Microsoft.StorePurchaseApp_22505.1401.1.0_x64__8wekyb3d8bbwe?ms-resource://Microsoft.StorePurchaseApp/Resources/DisplayTitle}", "EventData.Origin": "1", "EventData.ApplicationPath": null, "EventData.ServiceName": null, "EventData.Direction": "1", "EventData.Protocol": "256", "EventData.LocalPorts": null, "EventData.RemotePorts": null, "EventData.Action": "3", "EventData.Profiles": "3", "EventData.LocalAddresses": "*", "EventData.RemoteAddresses": "*", "EventData.RemoteMachineAuthorizationList": null, "EventData.RemoteUserAuthorizationList": null, "EventData.EmbeddedContext": "@{Microsoft.StorePurchaseApp_22505.1401.1.0_x64__8wekyb3d8bbwe?ms-resource://Microsoft.StorePurchaseApp/Resources/DisplayTitle}", "EventData.Flags": "1", "EventData.Active": "1", "EventData.EdgeTraversal": "0", "EventData.LooseSourceMapped": "0", "EventData.SecurityOptions": "0", "EventData.ModifyingUser": "S-1-5-80-3088073201-1464728630-1879813800-1107566885-823218052", "EventData.ModifyingApplication": "C:\\Windows\\System32\\svchost.exe", "EventData.SchemaVersion": "542", "EventData.RuleStatus": "65536", "EventData.LocalOnlyMapped": "0", "EventData.PolicyAppId": null}
{"EventID": "2006", "Channel": "Microsoft-Windows-Windows Firewall With Advanced Security/Firewall", "Provider_Name": "Microsoft-Windows-Windows Firewall With Advanced Security", "Computer": "DESKTOP-OFJ6N53", "TimeCreated": "2025-07-15 08:40:49.712673+00:00", "RecordID": "30851", "Level": "4", "UserID": "S-1-5-19", "EventData.RuleId": "{B1E22A27-EC61-4998-B8D9-37665190FF72}", "EventData.RuleName": "Microsoft Store", "EventData.ModifyingUser": "S-1-5-80-3088073201-1464728630-1879813800-1107566885-823218052", "EventData.ModifyingApplication": "C:\\Windows\\System32\\svchost.exe"}
{"EventID": "2006", "Channel": "Microsoft-Windows-Windows Firewall With Advanced Security/Firewall", "Provider_Name": "Microsoft-Windows-Windows Firewall With Advanced Security", "Computer": "DESKTOP-OFJ6N53", "TimeCreated": "2025-07-15 08:40:49.713648+00:00", "RecordID": "30852", "Level": "4", "UserID": "S-1-5-19", "EventData.RuleId": "{859689E9-BFF6-4C3B-BB10-093F49803BD6}", "EventData.RuleName": "Microsoft Store", "EventData.ModifyingUser": "S-1-5-80-3088073201-1464728630-1879813800-1107566885-823218052", "EventData.ModifyingApplication": "C:\\Windows\\System32\\svchost.exe"}
{"EventID": "2006", "Channel": "Microsoft-Windows-Windows Firewall With Advanced Security/Firewall", "Provider_Name": "Microsoft-Windows-Windows Firewall With Advanced Security", "Computer": "DESKTOP-OFJ6N53", "TimeCreated": "2025-07-15 08:40:49.714445+00:00", "RecordID": "30853", "Level": "4", "UserID": "S-1-5-19", "EventData.RuleId": "{A6060DB2-376E-40DE-9EBF-18C9988A8DE0}", "EventData.RuleName": "Microsoft Store", "EventData.ModifyingUser": "S-1-5-80-3088073201-1464728630-1879813800-1107566885-823218052", "EventData.ModifyingApplication": "C:\\Windows\\System32\\svchost.exe"}
{"EventID": "2006", "Channel": "Microsoft-Windows-Windows Firewall With Advanced Security/Firewall", "Provider_Name": "Microsoft-Windows-Windows Firewall With Advanced Security", "Computer": "DESKTOP-OFJ6N53", "TimeCreated": "2025-07-15 08:40:49.715479+00:00", "RecordID": "30854", "Level": "4", "UserID": "S-1-5-19", "EventData.RuleId": "{1FEC1EE3-60A8-455D-94FA-41B791157851}", "EventData.RuleName": "Microsoft Store", "EventData.ModifyingUser": "S-1-5-80-3088073201-1464728630-1879813800-1107566885-823218052", "EventData.ModifyingApplication": "C:\\Windows\\System32\\svchost.exe"}
{"EventID": "2006", "Channel": "Microsoft-Windows-Windows Firewall With Advanced Security/Firewall", "Provider_Name": "Microsoft-Windows-Windows Firewall With Advanced Security", "Computer": "DESKTOP-OFJ6N53", "TimeCreated": "2025-07-15 08:40:49.716431+00:00", "RecordID": "30855", "Level": "4", "UserID": "S-1-5-19", "EventData.RuleId": "{48371533-6368-4BAE-AFB6-90AE9B282B1C}", "EventData.RuleName": "Microsoft Store", "EventData.ModifyingUser": "S-1-5-80-3088073201-1464728630-1879813800-1107566885-823218052", "EventData.ModifyingApplication": "C:\\Windows\\System32\\svchost.exe"}
{"EventID": "2006", "Channel": "Microsoft-Windows-Windows Firewall With Advanced Security/Firewall", "Provider_Name": "Microsoft-Windows-Windows Firewall With Advanced Security", "Computer": "DESKTOP-OFJ6N53", "TimeCreated": "2025-07-15 08:40:49.717684+00:00", "RecordID": "30856", "Level": "4", "UserID": "S-1-5-19", "EventData.RuleId": "{5D101CDA-8E73-4B3F-ACFC-CC8B6F7A0935}", "EventData.RuleName": "Microsoft Store", "EventData.ModifyingUser": "S-1-5-80-3088073201-1464728630-1879813800-1107566885-823218052", "EventData.ModifyingApplication": "C:\\Windows\\System32\\svchost.exe"}
{"EventID": "2006", "Channel": "Microsoft-Windows-Windows Firewall With Advanced Security/Firewall", "Provider_Name": "Microsoft-Windows-Windows Firewall With Advanced Security", "Computer": "DESKTOP-OFJ6N53", "TimeCreated": "2025-07-15 08:40:49.718613+00:00", "RecordID": "30857", "Level": "4", "UserID": "S-1-5-19", "EventData.RuleId": "{31416B06-84B0-4612-AA48-44FBD94ADC11}", "EventData.RuleName": "Microsoft Store", "EventData.ModifyingUser": "S-1-5-80-3088073201-1464728630-1879813800-1107566885-823218052", "EventData.ModifyingApplication": "C:\\Windows\\System32\\svchost.exe"}
{"EventID": "2006", "Channel": "Microsoft-Windows-Windows Firewall With Advanced Security/Firewall", "Provider_Name": "Microsoft-Windows-Windows Firewall With Advanced Security", "Computer": "DESKTOP-OFJ6N53", "TimeCreated": "2025-07-15 08:40:49.719719+00:00", "RecordID": "30858", "Level": "4", "UserID": "S-1-5-19", "EventData.RuleId": "{A50486EE-CB0F-4CEF-AD0C-9A3958023F92}", "EventData.RuleName": "Microsoft Store", "EventData.ModifyingUser": "S-1-5-80-3088073201-1464728630-1879813800-1107566885-823218052", "EventData.ModifyingApplication": "C:\\Windows\\System32\\svchost.exe"}
{"EventID": "2006", "Channel": "Microsoft-Windows-Windows Firewall With Advanced Security/Firewall", "Provider_Name": "Microsoft-Windows-Windows Firewall With Advanced Security", "Computer": "DESKTOP-OFJ6N53", "TimeCreated": "2025-07-15 08:40:49.721853+00:00", "RecordID": "30859", "Level": "4", "UserID": "S-1-5-19", "EventData.RuleId": "{B3FC577F-DA17-4856-B658-022737410E0C}", "EventData.RuleName": "Microsoft Store", "EventData.ModifyingUser": "S-1-5-80-3088073201-1464728630-1879813800-1107566885-823218052", "EventData.ModifyingApplication": "C:\\Windows\\System32\\svchost.exe"}
{"EventID": "2006", "Channel": "Microsoft-Windows-Windows Firewall With Advanced Security/Firewall", "Provider_Name": "Microsoft-Windows-Windows Firewall With Advanced Security", "Computer": "DESKTOP-OFJ6N53", "TimeCreated": "2025-07-15 08:40:49.723995+00:00", "RecordID": "30860", "Level": "4", "UserID": "S-1-5-19", "EventData.RuleId": "{542EED70-EF98-4E2E-8ECD-A2B037516793}", "EventData.RuleName": "Microsoft Store", "EventData.ModifyingUser": "S-1-5-80-3088073201-1464728630-1879813800-1107566885-823218052", "EventData.ModifyingApplication": "C:\\Windows\\System32\\svchost.exe"}
{"EventID": "2097", "Channel": "Microsoft-Windows-Windows Firewall With Advanced Security/Firewall", "Provider_Name": "Microsoft-Windows-Windows Firewall With Advanced Security", "Computer": "DESKTOP-OFJ6N53", "TimeCreated": "2025-07-15 08:40:49.727270+00:00", "RecordID": "30861", "Level": "4", "UserID": "S-1-5-19", "EventData.RuleId": "{151FD41D-9E14-42D6-B00E-2D537124CD44}", "EventData.RuleName": "Microsoft Store", "EventData.Origin": "1", "EventData.ApplicationPath": null, "EventData.ServiceName": null, "EventData.Direction": "1", "EventData.Protocol": "256", "EventData.LocalPorts": null, "EventData.RemotePorts": null, "EventData.Action": "2", "EventData.Profiles": "2147483647", "EventData.LocalAddresses": "*", "EventData.RemoteAddresses": "*", "EventData.RemoteMachineAuthorizationList": null, "EventData.RemoteUserAuthorizationList": null, "EventData.EmbeddedContext": "Microsoft Store", "EventData.Flags": "1", "EventData.Active": "1", "EventData.EdgeTraversal": "0", "EventData.LooseSourceMapped": "0", "EventData.SecurityOptions": "0", "EventData.ModifyingUser": "S-1-5-80-3088073201-1464728630-1879813800-1107566885-823218052", "EventData.ModifyingApplication": "C:\\Windows\\System32\\svchost.exe", "EventData.SchemaVersion": "542", "EventData.RuleStatus": "65536", "EventData.LocalOnlyMapped": "0", "EventData.PolicyAppId": null}
{"EventID": "2097", "Channel": "Microsoft-Windows-Windows Firewall With Advanced Security/Firewall", "Provider_Name": "Microsoft-Windows-Windows Firewall With Advanced Security", "Computer": "DESKTOP-OFJ6N53", "TimeCreated": "2025-07-15 08:40:49.728973+00:00", "RecordID": "30862", "Level": "4", "UserID": "S-1-5-19", "EventData.RuleId": "{F2F2C3BA-5EA0-4FDA-BBC5-D31AAE33D4EB}", "EventData.RuleName": "Microsoft Store", "EventData.Origin": "1", "EventData.ApplicationPath": null, "EventData.ServiceName": null, "EventData.Direction": "2", "EventData.Protocol": "256", "EventData.LocalPorts": null, "EventData.RemotePorts": null, "EventData.Action": "2", "EventData.Profiles": "2147483647", "EventData.LocalAddresses": "*", "EventData.RemoteAddresses": "*", "EventData.RemoteMachineAuthorizationList": null, "EventData.RemoteUserAuthorizationList": null, "EventData.EmbeddedContext": "Microsoft Store", "EventData.Flags": "1", "EventData.Active": "1", "EventData.EdgeTraversal": "0", "EventData.LooseSourceMapped": "0", "EventData.SecurityOptions": "0", "EventData.ModifyingUser": "S-1-5-80-3088073201-1464728630-1879813800-1107566885-823218052", "EventData.ModifyingApplication": "C:\\Windows\\System32\\svchost.exe", "EventData.SchemaVersion": "542", "EventData.RuleStatus": "65536", "EventData.LocalOnlyMapped": "0", "EventData.PolicyAppId": null}
{"EventID": "2097", "Channel": "Microsoft-Windows-Windows Firewall With Advanced Security/Firewall", "Provider_Name": "Microsoft-Windows-Windows Firewall With Advanced Security", "Computer": "DESKTOP-OFJ6N53", "TimeCreated": "2025-07-15 08:40:49.730736+00:00", "RecordID": "30863", "Level": "4", "UserID": "S-1-5-19", "EventData.RuleId": "{A4C64F2E-7B83-43E6-B3CD-B20421B8E85E}", "EventData.RuleName": "Microsoft Store", "EventData.Origin": "1", "EventData.ApplicationPath": null, "EventData.ServiceName": null, "EventData.Direction": "1", "EventData.Protocol": "256", "EventData.LocalPorts": null, "EventData.RemotePorts": null, "EventData.Action": "3", "EventData.Profiles": "7", "EventData.LocalAddresses": "*", "EventData.RemoteAddresses": "*", "EventData.RemoteMachineAuthorizationList": null, "EventData.RemoteUserAuthorizationList": null, "EventData.EmbeddedContext": "Microsoft Store", "EventData.Flags": "1", "EventData.Active": "1", "EventData.EdgeTraversal": "0", "EventData.LooseSourceMapped": "0", "EventData.SecurityOptions": "0", "EventData.ModifyingUser": "S-1-5-80-3088073201-1464728630-1879813800-1107566885-823218052", "EventData.ModifyingApplication": "C:\\Windows\\System32\\svchost.exe", "EventData.SchemaVersion": "542", "EventData.RuleStatus": "65536", "EventData.LocalOnlyMapped": "0", "EventData.PolicyAppId": null}
{"EventID": "2097", "Channel": "Microsoft-Windows-Windows Firewall With Advanced Security/Firewall", "Provider_Name": "Microsoft-Windows-Windows Firewall With Advanced Security", "Computer": "DESKTOP-OFJ6N53", "TimeCreated": "2025-07-15 08:40:49.732513+00:00", "RecordID": "30864", "Level": "4", "UserID": "S-1-5-19", "EventData.RuleId": "{6EDAC79E-278B-4C27-B498-AD9F2D62273F}", "EventData.RuleName": "Microsoft Store", "EventData.Origin": "1", "EventData.ApplicationPath": null, "EventData.ServiceName": null, "EventData.Direction": "2", "EventData.Protocol": "256", "EventData.LocalPorts": null, "EventData.RemotePorts": null, "EventData.Action": "3", "EventData.Profiles": "7", "EventData.LocalAddresses": "*", "EventData.RemoteAddresses": "*", "EventData.RemoteMachineAuthorizationList": null, "EventData.RemoteUserAuthorizationList": null, "EventData.EmbeddedContext": "Microsoft Store", "EventData.Flags": "1", "EventData.Active": "1", "EventData.EdgeTraversal": "0", "EventData.LooseSourceMapped": "0", "EventData.SecurityOptions": "0", "EventData.ModifyingUser": "S-1-5-80-3088073201-1464728630-1879813800-1107566885-823218052", "EventData.ModifyingApplication": "C:\\Windows\\System32\\svchost.exe", "EventData.SchemaVersion": "542", "EventData.RuleStatus": "65536", "EventData.LocalOnlyMapped": "0", "EventData.PolicyAppId": null}
{"EventID": "2097", "Channel": "Microsoft-Windows-Windows Firewall With Advanced Security/Firewall", "Provider_Name": "Microsoft-Windows-Windows Firewall With Advanced Security", "Computer": "DESKTOP-OFJ6N53", "TimeCreated": "2025-07-15 08:40:49.734339+00:00", "RecordID": "30865", "Level": "4", "UserID": "S-1-5-19", "EventData.RuleId": "{7654CCA5-4DC4-49C6-9230-B209EFB8016E}", "EventData.RuleName": "Microsoft Store", "EventData.Origin": "1", "EventData.ApplicationPath": null, "EventData.ServiceName": null, "EventData.Direction": "1", "EventData.Protocol": "256", "EventData.LocalPorts": null, "EventData.RemotePorts": null, "EventData.Action": "3", "EventData.Profiles": "6", "EventData.LocalAddresses": "*", "EventData.RemoteAddresses": "*", "EventData.RemoteMachineAuthorizationList": null, "EventData.RemoteUserAuthorizationList": null, "EventData.EmbeddedContext": "Microsoft Store", "EventData.Flags": "3", "EventData.Active": "1", "EventData.EdgeTraversal": "0", "EventData.LooseSourceMapped": "0", "EventData.SecurityOptions": "1", "EventData.ModifyingUser": "S-1-5-80-3088073201-1464728630-1879813800-1107566885-823218052", "EventData.ModifyingApplication": "C:\\Windows\\System32\\svchost.exe", "EventData.SchemaVersion": "542", "EventData.RuleStatus": "65536", "EventData.LocalOnlyMapped": "0", "EventData.PolicyAppId": null}
