{"EventID": "4", "Channel": "Microsoft-Windows-Kernel-ShimEngine/Operational", "Provider_Name": "Microsoft-Windows-Kernel-ShimEngine", "Computer": "DESKTOP-OFJ6N53", "TimeCreated": "2025-04-01 16:03:16.650976+00:00", "RecordID": "473", "Level": "4", "UserID": "S-1-5-18", "EventData.DeviceName": "USBXHCI:ALL", "EventData.DeviceClass": "USBXHCI", "EventData.FlagSource": "1", "EventData.Flags": "1126037345796100"}
{"EventID": "4", "Channel": "Microsoft-Windows-Kernel-ShimEngine/Operational", "Provider_Name": "Microsoft-Windows-Kernel-ShimEngine", "Computer": "DESKTOP-OFJ6N53", "TimeCreated": "2025-04-01 16:03:16.698200+00:00", "RecordID": "474", "Level": "4", "UserID": "S-1-5-18", "EventData.DeviceName": "USBXHCI:ALL", "EventData.DeviceClass": "USBXHCI", "EventData.FlagSource": "1", "EventData.Flags": "1126037345796100"}
{"EventID": "3", "Channel": "Microsoft-Windows-Kernel-ShimEngine/Operational", "Provider_Name": "Microsoft-Windows-Kernel-ShimEngine", "Computer": "DESKTOP-OFJ6N53", "TimeCreated": "2025-04-02 09:18:12.469023+00:00", "RecordID": "475", "Level": "4", "UserID": "S-1-5-18", "EventData.DriverName": "storahci.sys", "EventData.ShimSource": "0", "EventData.ShimCount": "1", "EventData.AppliedGuids": "{434abafd-08fa-4c3d-a88d-d09a88e2ab17}"}
{"EventID": "4", "Channel": "Microsoft-Windows-Kernel-ShimEngine/Operational", "Provider_Name": "Microsoft-Windows-Kernel-ShimEngine", "Computer": "DESKTOP-OFJ6N53", "TimeCreated": "2025-04-02 09:18:14.360662+00:00", "RecordID": "476", "Level": "4", "UserID": "S-1-5-18", "EventData.DeviceName": "USBXHCI:ALL", "EventData.DeviceClass": "USBXHCI", "EventData.FlagSource": "1", "EventData.Flags": "1126037345796100"}
{"EventID": "4", "Channel": "Microsoft-Windows-Kernel-ShimEngine/Operational", "Provider_Name": "Microsoft-Windows-Kernel-ShimEngine", "Computer": "DESKTOP-OFJ6N53", "TimeCreated": "2025-04-02 09:18:14.417397+00:00", "RecordID": "477", "Level": "4", "UserID": "S-1-5-18", "EventData.DeviceName": "USBXHCI:ALL", "EventData.DeviceClass": "USBXHCI", "EventData.FlagSource": "1", "EventData.Flags": "1126037345796100"}
{"EventID": "3", "Channel": "Microsoft-Windows-Kernel-ShimEngine/Operational", "Provider_Name": "Microsoft-Windows-Kernel-ShimEngine", "Computer": "DESKTOP-OFJ6N53", "TimeCreated": "2025-04-02 09:31:23.827625+00:00", "RecordID": "478", "Level": "4", "UserID": "S-1-5-18", "EventData.DriverName": "storahci.sys", "EventData.ShimSource": "0", "EventData.ShimCount": "1", "EventData.AppliedGuids": "{434abafd-08fa-4c3d-a88d-d09a88e2ab17}"}
{"EventID": "4", "Channel": "Microsoft-Windows-Kernel-ShimEngine/Operational", "Provider_Name": "Microsoft-Windows-Kernel-ShimEngine", "Computer": "DESKTOP-OFJ6N53", "TimeCreated": "2025-04-02 09:31:25.748367+00:00", "RecordID": "479", "Level": "4", "UserID": "S-1-5-18", "EventData.DeviceName": "USBXHCI:ALL", "EventData.DeviceClass": "USBXHCI", "EventData.FlagSource": "1", "EventData.Flags": "1126037345796100"}
{"EventID": "4", "Channel": "Microsoft-Windows-Kernel-ShimEngine/Operational", "Provider_Name": "Microsoft-Windows-Kernel-ShimEngine", "Computer": "DESKTOP-OFJ6N53", "TimeCreated": "2025-04-02 09:31:25.791973+00:00", "RecordID": "480", "Level": "4", "UserID": "S-1-5-18", "EventData.DeviceName": "USBXHCI:ALL", "EventData.DeviceClass": "USBXHCI", "EventData.FlagSource": "1", "EventData.Flags": "1126037345796100"}
{"EventID": "3", "Channel": "Microsoft-Windows-Kernel-ShimEngine/Operational", "Provider_Name": "Microsoft-Windows-Kernel-ShimEngine", "Computer": "DESKTOP-OFJ6N53", "TimeCreated": "2025-04-02 09:57:32.466164+00:00", "RecordID": "481", "Level": "4", "UserID": "S-1-5-18", "EventData.DriverName": "storahci.sys", "EventData.ShimSource": "0", "EventData.ShimCount": "1", "EventData.AppliedGuids": "{434abafd-08fa-4c3d-a88d-d09a88e2ab17}"}
{"EventID": "4", "Channel": "Microsoft-Windows-Kernel-ShimEngine/Operational", "Provider_Name": "Microsoft-Windows-Kernel-ShimEngine", "Computer": "DESKTOP-OFJ6N53", "TimeCreated": "2025-04-02 09:57:34.359612+00:00", "RecordID": "482", "Level": "4", "UserID": "S-1-5-18", "EventData.DeviceName": "USBXHCI:ALL", "EventData.DeviceClass": "USBXHCI", "EventData.FlagSource": "1", "EventData.Flags": "1126037345796100"}
{"EventID": "4", "Channel": "Microsoft-Windows-Kernel-ShimEngine/Operational", "Provider_Name": "Microsoft-Windows-Kernel-ShimEngine", "Computer": "DESKTOP-OFJ6N53", "TimeCreated": "2025-04-02 09:57:34.415329+00:00", "RecordID": "483", "Level": "4", "UserID": "S-1-5-18", "EventData.DeviceName": "USBXHCI:ALL", "EventData.DeviceClass": "USBXHCI", "EventData.FlagSource": "1", "EventData.Flags": "1126037345796100"}
{"EventID": "3", "Channel": "Microsoft-Windows-Kernel-ShimEngine/Operational", "Provider_Name": "Microsoft-Windows-Kernel-ShimEngine", "Computer": "DESKTOP-OFJ6N53", "TimeCreated": "2025-04-02 10:08:17.468252+00:00", "RecordID": "484", "Level": "4", "UserID": "S-1-5-18", "EventData.DriverName": "storahci.sys", "EventData.ShimSource": "0", "EventData.ShimCount": "1", "EventData.AppliedGuids": "{434abafd-08fa-4c3d-a88d-d09a88e2ab17}"}
{"EventID": "4", "Channel": "Microsoft-Windows-Kernel-ShimEngine/Operational", "Provider_Name": "Microsoft-Windows-Kernel-ShimEngine", "Computer": "DESKTOP-OFJ6N53", "TimeCreated": "2025-04-02 10:08:19.362312+00:00", "RecordID": "485", "Level": "4", "UserID": "S-1-5-18", "EventData.DeviceName": "USBXHCI:ALL", "EventData.DeviceClass": "USBXHCI", "EventData.FlagSource": "1", "EventData.Flags": "1126037345796100"}
{"EventID": "4", "Channel": "Microsoft-Windows-Kernel-ShimEngine/Operational", "Provider_Name": "Microsoft-Windows-Kernel-ShimEngine", "Computer": "DESKTOP-OFJ6N53", "TimeCreated": "2025-04-02 10:08:19.417118+00:00", "RecordID": "486", "Level": "4", "UserID": "S-1-5-18", "EventData.DeviceName": "USBXHCI:ALL", "EventData.DeviceClass": "USBXHCI", "EventData.FlagSource": "1", "EventData.Flags": "1126037345796100"}
{"EventID": "3", "Channel": "Microsoft-Windows-Kernel-ShimEngine/Operational", "Provider_Name": "Microsoft-Windows-Kernel-ShimEngine", "Computer": "DESKTOP-OFJ6N53", "TimeCreated": "2025-04-02 10:11:45.467834+00:00", "RecordID": "487", "Level": "4", "UserID": "S-1-5-18", "EventData.DriverName": "storahci.sys", "EventData.ShimSource": "0", "EventData.ShimCount": "1", "EventData.AppliedGuids": "{434abafd-08fa-4c3d-a88d-d09a88e2ab17}"}
{"EventID": "4", "Channel": "Microsoft-Windows-Kernel-ShimEngine/Operational", "Provider_Name": "Microsoft-Windows-Kernel-ShimEngine", "Computer": "DESKTOP-OFJ6N53", "TimeCreated": "2025-04-02 10:11:47.353592+00:00", "RecordID": "488", "Level": "4", "UserID": "S-1-5-18", "EventData.DeviceName": "USBXHCI:ALL", "EventData.DeviceClass": "USBXHCI", "EventData.FlagSource": "1", "EventData.Flags": "1126037345796100"}
{"EventID": "4", "Channel": "Microsoft-Windows-Kernel-ShimEngine/Operational", "Provider_Name": "Microsoft-Windows-Kernel-ShimEngine", "Computer": "DESKTOP-OFJ6N53", "TimeCreated": "2025-04-02 10:11:47.401115+00:00", "RecordID": "489", "Level": "4", "UserID": "S-1-5-18", "EventData.DeviceName": "USBXHCI:ALL", "EventData.DeviceClass": "USBXHCI", "EventData.FlagSource": "1", "EventData.Flags": "1126037345796100"}
{"EventID": "3", "Channel": "Microsoft-Windows-Kernel-ShimEngine/Operational", "Provider_Name": "Microsoft-Windows-Kernel-ShimEngine", "Computer": "DESKTOP-OFJ6N53", "TimeCreated": "2025-04-02 10:16:09.484184+00:00", "RecordID": "490", "Level": "4", "UserID": "S-1-5-18", "EventData.DriverName": "storahci.sys", "EventData.ShimSource": "0", "EventData.ShimCount": "1", "EventData.AppliedGuids": "{434abafd-08fa-4c3d-a88d-d09a88e2ab17}"}
{"EventID": "4", "Channel": "Microsoft-Windows-Kernel-ShimEngine/Operational", "Provider_Name": "Microsoft-Windows-Kernel-ShimEngine", "Computer": "DESKTOP-OFJ6N53", "TimeCreated": "2025-04-02 10:16:11.370697+00:00", "RecordID": "491", "Level": "4", "UserID": "S-1-5-18", "EventData.DeviceName": "USBXHCI:ALL", "EventData.DeviceClass": "USBXHCI", "EventData.FlagSource": "1", "EventData.Flags": "1126037345796100"}
{"EventID": "4", "Channel": "Microsoft-Windows-Kernel-ShimEngine/Operational", "Provider_Name": "Microsoft-Windows-Kernel-ShimEngine", "Computer": "DESKTOP-OFJ6N53", "TimeCreated": "2025-04-02 10:16:11.416740+00:00", "RecordID": "492", "Level": "4", "UserID": "S-1-5-18", "EventData.DeviceName": "USBXHCI:ALL", "EventData.DeviceClass": "USBXHCI", "EventData.FlagSource": "1", "EventData.Flags": "1126037345796100"}
{"EventID": "3", "Channel": "Microsoft-Windows-Kernel-ShimEngine/Operational", "Provider_Name": "Microsoft-Windows-Kernel-ShimEngine", "Computer": "DESKTOP-OFJ6N53", "TimeCreated": "2025-04-02 10:33:57.468842+00:00", "RecordID": "493", "Level": "4", "UserID": "S-1-5-18", "EventData.DriverName": "storahci.sys", "EventData.ShimSource": "0", "EventData.ShimCount": "1", "EventData.AppliedGuids": "{434abafd-08fa-4c3d-a88d-d09a88e2ab17}"}
{"EventID": "4", "Channel": "Microsoft-Windows-Kernel-ShimEngine/Operational", "Provider_Name": "Microsoft-Windows-Kernel-ShimEngine", "Computer": "DESKTOP-OFJ6N53", "TimeCreated": "2025-04-02 10:33:59.354454+00:00", "RecordID": "494", "Level": "4", "UserID": "S-1-5-18", "EventData.DeviceName": "USBXHCI:ALL", "EventData.DeviceClass": "USBXHCI", "EventData.FlagSource": "1", "EventData.Flags": "1126037345796100"}
{"EventID": "4", "Channel": "Microsoft-Windows-Kernel-ShimEngine/Operational", "Provider_Name": "Microsoft-Windows-Kernel-ShimEngine", "Computer": "DESKTOP-OFJ6N53", "TimeCreated": "2025-04-02 10:33:59.402519+00:00", "RecordID": "495", "Level": "4", "UserID": "S-1-5-18", "EventData.DeviceName": "USBXHCI:ALL", "EventData.DeviceClass": "USBXHCI", "EventData.FlagSource": "1", "EventData.Flags": "1126037345796100"}
{"EventID": "3", "Channel": "Microsoft-Windows-Kernel-ShimEngine/Operational", "Provider_Name": "Microsoft-Windows-Kernel-ShimEngine", "Computer": "DESKTOP-OFJ6N53", "TimeCreated": "2025-04-09 14:35:26.174330+00:00", "RecordID": "496", "Level": "4", "UserID": "S-1-5-18", "EventData.DriverName": "storahci.sys", "EventData.ShimSource": "0", "EventData.ShimCount": "1", "EventData.AppliedGuids": "{434abafd-08fa-4c3d-a88d-d09a88e2ab17}"}
{"EventID": "4", "Channel": "Microsoft-Windows-Kernel-ShimEngine/Operational", "Provider_Name": "Microsoft-Windows-Kernel-ShimEngine", "Computer": "DESKTOP-OFJ6N53", "TimeCreated": "2025-04-09 14:35:28.057131+00:00", "RecordID": "497", "Level": "4", "UserID": "S-1-5-18", "EventData.DeviceName": "USBXHCI:ALL", "EventData.DeviceClass": "USBXHCI", "EventData.FlagSource": "1", "EventData.Flags": "1126037345796100"}
{"EventID": "4", "Channel": "Microsoft-Windows-Kernel-ShimEngine/Operational", "Provider_Name": "Microsoft-Windows-Kernel-ShimEngine", "Computer": "DESKTOP-OFJ6N53", "TimeCreated": "2025-04-09 14:35:28.105463+00:00", "RecordID": "498", "Level": "4", "UserID": "S-1-5-18", "EventData.DeviceName": "USBXHCI:ALL", "EventData.DeviceClass": "USBXHCI", "EventData.FlagSource": "1", "EventData.Flags": "1126037345796100"}
{"EventID": "3", "Channel": "Microsoft-Windows-Kernel-ShimEngine/Operational", "Provider_Name": "Microsoft-Windows-Kernel-ShimEngine", "Computer": "DESKTOP-OFJ6N53", "TimeCreated": "2025-04-23 00:40:05.751003+00:00", "RecordID": "499", "Level": "4", "UserID": "S-1-5-18", "EventData.DriverName": "storahci.sys", "EventData.ShimSource": "0", "EventData.ShimCount": "1", "EventData.AppliedGuids": "{434abafd-08fa-4c3d-a88d-d09a88e2ab17}"}
{"EventID": "4", "Channel": "Microsoft-Windows-Kernel-ShimEngine/Operational", "Provider_Name": "Microsoft-Windows-Kernel-ShimEngine", "Computer": "DESKTOP-OFJ6N53", "TimeCreated": "2025-04-23 00:40:07.635910+00:00", "RecordID": "500", "Level": "4", "UserID": "S-1-5-18", "EventData.DeviceName": "USBXHCI:ALL", "EventData.DeviceClass": "USBXHCI", "EventData.FlagSource": "1", "EventData.Flags": "1126037345796100"}
{"EventID": "4", "Channel": "Microsoft-Windows-Kernel-ShimEngine/Operational", "Provider_Name": "Microsoft-Windows-Kernel-ShimEngine", "Computer": "DESKTOP-OFJ6N53", "TimeCreated": "2025-04-23 00:40:07.682695+00:00", "RecordID": "501", "Level": "4", "UserID": "S-1-5-18", "EventData.DeviceName": "USBXHCI:ALL", "EventData.DeviceClass": "USBXHCI", "EventData.FlagSource": "1", "EventData.Flags": "1126037345796100"}
{"EventID": "3", "Channel": "Microsoft-Windows-Kernel-ShimEngine/Operational", "Provider_Name": "Microsoft-Windows-Kernel-ShimEngine", "Computer": "DESKTOP-OFJ6N53", "TimeCreated": "2025-05-14 14:41:53.844353+00:00", "RecordID": "502", "Level": "4", "UserID": "S-1-5-18", "EventData.DriverName": "storahci.sys", "EventData.ShimSource": "0", "EventData.ShimCount": "1", "EventData.AppliedGuids": "{434abafd-08fa-4c3d-a88d-d09a88e2ab17}"}
{"EventID": "4", "Channel": "Microsoft-Windows-Kernel-ShimEngine/Operational", "Provider_Name": "Microsoft-Windows-Kernel-ShimEngine", "Computer": "DESKTOP-OFJ6N53", "TimeCreated": "2025-05-14 14:41:55.728230+00:00", "RecordID": "503", "Level": "4", "UserID": "S-1-5-18", "EventData.DeviceName": "USBXHCI:ALL", "EventData.DeviceClass": "USBXHCI", "EventData.FlagSource": "1", "EventData.Flags": "1126037345796100"}
{"EventID": "4", "Channel": "Microsoft-Windows-Kernel-ShimEngine/Operational", "Provider_Name": "Microsoft-Windows-Kernel-ShimEngine", "Computer": "DESKTOP-OFJ6N53", "TimeCreated": "2025-05-14 14:41:55.776033+00:00", "RecordID": "504", "Level": "4", "UserID": "S-1-5-18", "EventData.DeviceName": "USBXHCI:ALL", "EventData.DeviceClass": "USBXHCI", "EventData.FlagSource": "1", "EventData.Flags": "1126037345796100"}
{"EventID": "3", "Channel": "Microsoft-Windows-Kernel-ShimEngine/Operational", "Provider_Name": "Microsoft-Windows-Kernel-ShimEngine", "Computer": "DESKTOP-OFJ6N53", "TimeCreated": "2025-06-11 14:45:28.171118+00:00", "RecordID": "505", "Level": "4", "UserID": "S-1-5-18", "EventData.DriverName": "storahci.sys", "EventData.ShimSource": "0", "EventData.ShimCount": "1", "EventData.AppliedGuids": "{434abafd-08fa-4c3d-a88d-d09a88e2ab17}"}
{"EventID": "4", "Channel": "Microsoft-Windows-Kernel-ShimEngine/Operational", "Provider_Name": "Microsoft-Windows-Kernel-ShimEngine", "Computer": "DESKTOP-OFJ6N53", "TimeCreated": "2025-06-11 14:45:30.129419+00:00", "RecordID": "506", "Level": "4", "UserID": "S-1-5-18", "EventData.DeviceName": "USBXHCI:ALL", "EventData.DeviceClass": "USBXHCI", "EventData.FlagSource": "1", "EventData.Flags": "1126037345796100"}
{"EventID": "4", "Channel": "Microsoft-Windows-Kernel-ShimEngine/Operational", "Provider_Name": "Microsoft-Windows-Kernel-ShimEngine", "Computer": "DESKTOP-OFJ6N53", "TimeCreated": "2025-06-11 14:45:30.184851+00:00", "RecordID": "507", "Level": "4", "UserID": "S-1-5-18", "EventData.DeviceName": "USBXHCI:ALL", "EventData.DeviceClass": "USBXHCI", "EventData.FlagSource": "1", "EventData.Flags": "1126037345796100"}
{"EventID": "3", "Channel": "Microsoft-Windows-Kernel-ShimEngine/Operational", "Provider_Name": "Microsoft-Windows-Kernel-ShimEngine", "Computer": "DESKTOP-OFJ6N53", "TimeCreated": "2025-07-07 12:49:10.387764+00:00", "RecordID": "508", "Level": "4", "UserID": "S-1-5-18", "EventData.DriverName": "storahci.sys", "EventData.ShimSource": "0", "EventData.ShimCount": "1", "EventData.AppliedGuids": "{434abafd-08fa-4c3d-a88d-d09a88e2ab17}"}
{"EventID": "4", "Channel": "Microsoft-Windows-Kernel-ShimEngine/Operational", "Provider_Name": "Microsoft-Windows-Kernel-ShimEngine", "Computer": "DESKTOP-OFJ6N53", "TimeCreated": "2025-07-07 12:49:12.328894+00:00", "RecordID": "509", "Level": "4", "UserID": "S-1-5-18", "EventData.DeviceName": "USBXHCI:ALL", "EventData.DeviceClass": "USBXHCI", "EventData.FlagSource": "1", "EventData.Flags": "1126037345796100"}
{"EventID": "4", "Channel": "Microsoft-Windows-Kernel-ShimEngine/Operational", "Provider_Name": "Microsoft-Windows-Kernel-ShimEngine", "Computer": "DESKTOP-OFJ6N53", "TimeCreated": "2025-07-07 12:49:12.391644+00:00", "RecordID": "510", "Level": "4", "UserID": "S-1-5-18", "EventData.DeviceName": "USBXHCI:ALL", "EventData.DeviceClass": "USBXHCI", "EventData.FlagSource": "1", "EventData.Flags": "1126037345796100"}
{"EventID": "3", "Channel": "Microsoft-Windows-Kernel-ShimEngine/Operational", "Provider_Name": "Microsoft-Windows-Kernel-ShimEngine", "Computer": "DESKTOP-OFJ6N53", "TimeCreated": "2025-07-09 14:39:41.536537+00:00", "RecordID": "511", "Level": "4", "UserID": "S-1-5-18", "EventData.DriverName": "storahci.sys", "EventData.ShimSource": "0", "EventData.ShimCount": "1", "EventData.AppliedGuids": "{434abafd-08fa-4c3d-a88d-d09a88e2ab17}"}
{"EventID": "4", "Channel": "Microsoft-Windows-Kernel-ShimEngine/Operational", "Provider_Name": "Microsoft-Windows-Kernel-ShimEngine", "Computer": "DESKTOP-OFJ6N53", "TimeCreated": "2025-07-09 14:39:43.420746+00:00", "RecordID": "512", "Level": "4", "UserID": "S-1-5-18", "EventData.DeviceName": "USBXHCI:ALL", "EventData.DeviceClass": "USBXHCI", "EventData.FlagSource": "1", "EventData.Flags": "1126037345796100"}
{"EventID": "4", "Channel": "Microsoft-Windows-Kernel-ShimEngine/Operational", "Provider_Name": "Microsoft-Windows-Kernel-ShimEngine", "Computer": "DESKTOP-OFJ6N53", "TimeCreated": "2025-07-09 14:39:43.465425+00:00", "RecordID": "513", "Level": "4", "UserID": "S-1-5-18", "EventData.DeviceName": "USBXHCI:ALL", "EventData.DeviceClass": "USBXHCI", "EventData.FlagSource": "1", "EventData.Flags": "1126037345796100"}
{"EventID": "3", "Channel": "Microsoft-Windows-Kernel-ShimEngine/Operational", "Provider_Name": "Microsoft-Windows-Kernel-ShimEngine", "Computer": "DESKTOP-OFJ6N53", "TimeCreated": "2025-07-24 21:29:28.894077+00:00", "RecordID": "514", "Level": "4", "UserID": "S-1-5-18", "EventData.DriverName": "storahci.sys", "EventData.ShimSource": "0", "EventData.ShimCount": "1", "EventData.AppliedGuids": "{434abafd-08fa-4c3d-a88d-d09a88e2ab17}"}
{"EventID": "4", "Channel": "Microsoft-Windows-Kernel-ShimEngine/Operational", "Provider_Name": "Microsoft-Windows-Kernel-ShimEngine", "Computer": "DESKTOP-OFJ6N53", "TimeCreated": "2025-07-24 21:29:30.796425+00:00", "RecordID": "515", "Level": "4", "UserID": "S-1-5-18", "EventData.DeviceName": "USBXHCI:ALL", "EventData.DeviceClass": "USBXHCI", "EventData.FlagSource": "1", "EventData.Flags": "1126037345796100"}
{"EventID": "4", "Channel": "Microsoft-Windows-Kernel-ShimEngine/Operational", "Provider_Name": "Microsoft-Windows-Kernel-ShimEngine", "Computer": "DESKTOP-OFJ6N53", "TimeCreated": "2025-07-24 21:29:30.840149+00:00", "RecordID": "516", "Level": "4", "UserID": "S-1-5-18", "EventData.DeviceName": "USBXHCI:ALL", "EventData.DeviceClass": "USBXHCI", "EventData.FlagSource": "1", "EventData.Flags": "1126037345796100"}
{"EventID": "3", "Channel": "Microsoft-Windows-Kernel-ShimEngine/Operational", "Provider_Name": "Microsoft-Windows-Kernel-ShimEngine", "Computer": "DESKTOP-OFJ6N53", "TimeCreated": "2025-07-31 08:03:24.517593+00:00", "RecordID": "517", "Level": "4", "UserID": "S-1-5-18", "EventData.DriverName": "storahci.sys", "EventData.ShimSource": "0", "EventData.ShimCount": "1", "EventData.AppliedGuids": "{434abafd-08fa-4c3d-a88d-d09a88e2ab17}"}
{"EventID": "4", "Channel": "Microsoft-Windows-Kernel-ShimEngine/Operational", "Provider_Name": "Microsoft-Windows-Kernel-ShimEngine", "Computer": "DESKTOP-OFJ6N53", "TimeCreated": "2025-07-31 08:03:26.410294+00:00", "RecordID": "518", "Level": "4", "UserID": "S-1-5-18", "EventData.DeviceName": "USBXHCI:ALL", "EventData.DeviceClass": "USBXHCI", "EventData.FlagSource": "1", "EventData.Flags": "1126037345796100"}
{"EventID": "4", "Channel": "Microsoft-Windows-Kernel-ShimEngine/Operational", "Provider_Name": "Microsoft-Windows-Kernel-ShimEngine", "Computer": "DESKTOP-OFJ6N53", "TimeCreated": "2025-07-31 08:03:26.465357+00:00", "RecordID": "519", "Level": "4", "UserID": "S-1-5-18", "EventData.DeviceName": "USBXHCI:ALL", "EventData.DeviceClass": "USBXHCI", "EventData.FlagSource": "1", "EventData.Flags": "1126037345796100"}
{"EventID": "3", "Channel": "Microsoft-Windows-Kernel-ShimEngine/Operational", "Provider_Name": "Microsoft-Windows-Kernel-ShimEngine", "Computer": "DESKTOP-OFJ6N53", "TimeCreated": "2025-08-12 12:17:22.375088+00:00", "RecordID": "520", "Level": "4", "UserID": "S-1-5-18", "EventData.DriverName": "storahci.sys", "EventData.ShimSource": "0", "EventData.ShimCount": "1", "EventData.AppliedGuids": "{434abafd-08fa-4c3d-a88d-d09a88e2ab17}"}
{"EventID": "4", "Channel": "Microsoft-Windows-Kernel-ShimEngine/Operational", "Provider_Name": "Microsoft-Windows-Kernel-ShimEngine", "Computer": "DESKTOP-OFJ6N53", "TimeCreated": "2025-08-12 12:17:24.262732+00:00", "RecordID": "521", "Level": "4", "UserID": "S-1-5-18", "EventData.DeviceName": "USBXHCI:ALL", "EventData.DeviceClass": "USBXHCI", "EventData.FlagSource": "1", "EventData.Flags": "1126037345796100"}
{"EventID": "4", "Channel": "Microsoft-Windows-Kernel-ShimEngine/Operational", "Provider_Name": "Microsoft-Windows-Kernel-ShimEngine", "Computer": "DESKTOP-OFJ6N53", "TimeCreated": "2025-08-12 12:17:24.306042+00:00", "RecordID": "522", "Level": "4", "UserID": "S-1-5-18", "EventData.DeviceName": "USBXHCI:ALL", "EventData.DeviceClass": "USBXHCI", "EventData.FlagSource": "1", "EventData.Flags": "1126037345796100"}
{"EventID": "3", "Channel": "Microsoft-Windows-Kernel-ShimEngine/Operational", "Provider_Name": "Microsoft-Windows-Kernel-ShimEngine", "Computer": "DESKTOP-OFJ6N53", "TimeCreated": "2025-08-13 14:39:42.871475+00:00", "RecordID": "523", "Level": "4", "UserID": "S-1-5-18", "EventData.DriverName": "storahci.sys", "EventData.ShimSource": "0", "EventData.ShimCount": "1", "EventData.AppliedGuids": "{434abafd-08fa-4c3d-a88d-d09a88e2ab17}"}
{"EventID": "4", "Channel": "Microsoft-Windows-Kernel-ShimEngine/Operational", "Provider_Name": "Microsoft-Windows-Kernel-ShimEngine", "Computer": "DESKTOP-OFJ6N53", "TimeCreated": "2025-08-13 14:39:45.263538+00:00", "RecordID": "524", "Level": "4", "UserID": "S-1-5-18", "EventData.DeviceName": "USBXHCI:ALL", "EventData.DeviceClass": "USBXHCI", "EventData.FlagSource": "1", "EventData.Flags": "1126037345796100"}
{"EventID": "4", "Channel": "Microsoft-Windows-Kernel-ShimEngine/Operational", "Provider_Name": "Microsoft-Windows-Kernel-ShimEngine", "Computer": "DESKTOP-OFJ6N53", "TimeCreated": "2025-08-13 14:39:45.308409+00:00", "RecordID": "525", "Level": "4", "UserID": "S-1-5-18", "EventData.DeviceName": "USBXHCI:ALL", "EventData.DeviceClass": "USBXHCI", "EventData.FlagSource": "1", "EventData.Flags": "1126037345796100"}
{"EventID": "3", "Channel": "Microsoft-Windows-Kernel-ShimEngine/Operational", "Provider_Name": "Microsoft-Windows-Kernel-ShimEngine", "Computer": "DESKTOP-OFJ6N53", "TimeCreated": "2025-08-19 07:18:43.108349+00:00", "RecordID": "526", "Level": "4", "UserID": "S-1-5-18", "EventData.DriverName": "storahci.sys", "EventData.ShimSource": "0", "EventData.ShimCount": "1", "EventData.AppliedGuids": "{434abafd-08fa-4c3d-a88d-d09a88e2ab17}"}
{"EventID": "4", "Channel": "Microsoft-Windows-Kernel-ShimEngine/Operational", "Provider_Name": "Microsoft-Windows-Kernel-ShimEngine", "Computer": "DESKTOP-OFJ6N53", "TimeCreated": "2025-08-19 07:18:45.057539+00:00", "RecordID": "527", "Level": "4", "UserID": "S-1-5-18", "EventData.DeviceName": "USBXHCI:ALL", "EventData.DeviceClass": "USBXHCI", "EventData.FlagSource": "1", "EventData.Flags": "1126037345796100"}
{"EventID": "4", "Channel": "Microsoft-Windows-Kernel-ShimEngine/Operational", "Provider_Name": "Microsoft-Windows-Kernel-ShimEngine", "Computer": "DESKTOP-OFJ6N53", "TimeCreated": "2025-08-19 07:18:45.117250+00:00", "RecordID": "528", "Level": "4", "UserID": "S-1-5-18", "EventData.DeviceName": "USBXHCI:ALL", "EventData.DeviceClass": "USBXHCI", "EventData.FlagSource": "1", "EventData.Flags": "1126037345796100"}
{"EventID": "3", "Channel": "Microsoft-Windows-Kernel-ShimEngine/Operational", "Provider_Name": "Microsoft-Windows-Kernel-ShimEngine", "Computer": "DESKTOP-OFJ6N53", "TimeCreated": "2025-08-19 07:44:09.298773+00:00", "RecordID": "529", "Level": "4", "UserID": "S-1-5-18", "EventData.DriverName": "storahci.sys", "EventData.ShimSource": "0", "EventData.ShimCount": "1", "EventData.AppliedGuids": "{434abafd-08fa-4c3d-a88d-d09a88e2ab17}"}
{"EventID": "4", "Channel": "Microsoft-Windows-Kernel-ShimEngine/Operational", "Provider_Name": "Microsoft-Windows-Kernel-ShimEngine", "Computer": "DESKTOP-OFJ6N53", "TimeCreated": "2025-08-19 07:44:11.831081+00:00", "RecordID": "530", "Level": "4", "UserID": "S-1-5-18", "EventData.DeviceName": "USBXHCI:ALL", "EventData.DeviceClass": "USBXHCI", "EventData.FlagSource": "1", "EventData.Flags": "1126037345796100"}
{"EventID": "4", "Channel": "Microsoft-Windows-Kernel-ShimEngine/Operational", "Provider_Name": "Microsoft-Windows-Kernel-ShimEngine", "Computer": "DESKTOP-OFJ6N53", "TimeCreated": "2025-08-19 07:44:11.883383+00:00", "RecordID": "531", "Level": "4", "UserID": "S-1-5-18", "EventData.DeviceName": "USBXHCI:ALL", "EventData.DeviceClass": "USBXHCI", "EventData.FlagSource": "1", "EventData.Flags": "1126037345796100"}
{"EventID": "3", "Channel": "Microsoft-Windows-Kernel-ShimEngine/Operational", "Provider_Name": "Microsoft-Windows-Kernel-ShimEngine", "Computer": "DESKTOP-OFJ6N53", "TimeCreated": "2025-08-22 12:58:02.781298+00:00", "RecordID": "532", "Level": "4", "UserID": "S-1-5-18", "EventData.DriverName": "storahci.sys", "EventData.ShimSource": "0", "EventData.ShimCount": "1", "EventData.AppliedGuids": "{434abafd-08fa-4c3d-a88d-d09a88e2ab17}"}
{"EventID": "4", "Channel": "Microsoft-Windows-Kernel-ShimEngine/Operational", "Provider_Name": "Microsoft-Windows-Kernel-ShimEngine", "Computer": "DESKTOP-OFJ6N53", "TimeCreated": "2025-08-22 12:58:07.725163+00:00", "RecordID": "533", "Level": "4", "UserID": "S-1-5-18", "EventData.DeviceName": "USBXHCI:ALL", "EventData.DeviceClass": "USBXHCI", "EventData.FlagSource": "1", "EventData.Flags": "1126037345796100"}
{"EventID": "4", "Channel": "Microsoft-Windows-Kernel-ShimEngine/Operational", "Provider_Name": "Microsoft-Windows-Kernel-ShimEngine", "Computer": "DESKTOP-OFJ6N53", "TimeCreated": "2025-08-22 12:58:07.775486+00:00", "RecordID": "534", "Level": "4", "UserID": "S-1-5-18", "EventData.DeviceName": "USBXHCI:ALL", "EventData.DeviceClass": "USBXHCI", "EventData.FlagSource": "1", "EventData.Flags": "1126037345796100"}
{"EventID": "3", "Channel": "Microsoft-Windows-Kernel-ShimEngine/Operational", "Provider_Name": "Microsoft-Windows-Kernel-ShimEngine", "Computer": "DESKTOP-OFJ6N53", "TimeCreated": "2025-08-23 20:33:03.683201+00:00", "RecordID": "535", "Level": "4", "UserID": "S-1-5-18", "EventData.DriverName": "storahci.sys", "EventData.ShimSource": "0", "EventData.ShimCount": "1", "EventData.AppliedGuids": "{434abafd-08fa-4c3d-a88d-d09a88e2ab17}"}
{"EventID": "4", "Channel": "Microsoft-Windows-Kernel-ShimEngine/Operational", "Provider_Name": "Microsoft-Windows-Kernel-ShimEngine", "Computer": "DESKTOP-OFJ6N53", "TimeCreated": "2025-08-23 20:33:07.580223+00:00", "RecordID": "536", "Level": "4", "UserID": "S-1-5-18", "EventData.DeviceName": "USBXHCI:ALL", "EventData.DeviceClass": "USBXHCI", "EventData.FlagSource": "1", "EventData.Flags": "1126037345796100"}
{"EventID": "4", "Channel": "Microsoft-Windows-Kernel-ShimEngine/Operational", "Provider_Name": "Microsoft-Windows-Kernel-ShimEngine", "Computer": "DESKTOP-OFJ6N53", "TimeCreated": "2025-08-23 20:33:07.709225+00:00", "RecordID": "537", "Level": "4", "UserID": "S-1-5-18", "EventData.DeviceName": "USBXHCI:ALL", "EventData.DeviceClass": "USBXHCI", "EventData.FlagSource": "1", "EventData.Flags": "1126037345796100"}
