{"EventID": "1002", "Channel": "Microsoft-Windows-Known Folders API Service", "Provider_Name": "Microsoft-Windows-KnownFolders", "Computer": "DESKTOP-OFJ6N53", "TimeCreated": "2025-05-14 14:42:51.176674+00:00", "RecordID": "140505", "Level": "3", "UserID": "S-1-5-18", "EventData.hrError": "0x80070002", "EventData.FolderId": "{b4bfcc3a-db2c-424c-b029-7fe99a87c641}", "EventData.Path": "C:\\Windows\\system32\\config\\systemprofile\\Desktop"}
{"EventID": "1002", "Channel": "Microsoft-Windows-Known Folders API Service", "Provider_Name": "Microsoft-Windows-KnownFolders", "Computer": "DESKTOP-OFJ6N53", "TimeCreated": "2025-05-14 14:42:51.479860+00:00", "RecordID": "140506", "Level": "3", "UserID": "S-1-5-18", "EventData.hrError": "0x80070002", "EventData.FolderId": "{b4bfcc3a-db2c-424c-b029-7fe99a87c641}", "EventData.Path": "C:\\Windows\\system32\\config\\systemprofile\\Desktop"}
{"EventID": "1002", "Channel": "Microsoft-Windows-Known Folders API Service", "Provider_Name": "Microsoft-Windows-KnownFolders", "Computer": "DESKTOP-OFJ6N53", "TimeCreated": "2025-05-14 14:43:58.082428+00:00", "RecordID": "140507", "Level": "3", "UserID": "S-1-5-18", "EventData.hrError": "0x80070002", "EventData.FolderId": "{fdd39ad0-238f-46af-adb4-6c85480369c7}", "EventData.Path": "C:\\Windows\\system32\\config\\systemprofile\\Documents"}
{"EventID": "1002", "Channel": "Microsoft-Windows-Known Folders API Service", "Provider_Name": "Microsoft-Windows-KnownFolders", "Computer": "DESKTOP-OFJ6N53", "TimeCreated": "2025-05-14 14:44:13.199966+00:00", "RecordID": "140508", "Level": "3", "UserID": "S-1-5-18", "EventData.hrError": "0x80070002", "EventData.FolderId": "{fdd39ad0-238f-46af-adb4-6c85480369c7}", "EventData.Path": "C:\\Windows\\system32\\config\\systemprofile\\Documents"}
{"EventID": "1002", "Channel": "Microsoft-Windows-Known Folders API Service", "Provider_Name": "Microsoft-Windows-KnownFolders", "Computer": "DESKTOP-OFJ6N53", "TimeCreated": "2025-05-14 14:44:26.889540+00:00", "RecordID": "140509", "Level": "3", "UserID": "S-1-5-18", "EventData.hrError": "0x80070002", "EventData.FolderId": "{fdd39ad0-238f-46af-adb4-6c85480369c7}", "EventData.Path": "C:\\Windows\\system32\\config\\systemprofile\\Documents"}
{"EventID": "1002", "Channel": "Microsoft-Windows-Known Folders API Service", "Provider_Name": "Microsoft-Windows-KnownFolders", "Computer": "DESKTOP-OFJ6N53", "TimeCreated": "2025-05-14 14:44:36.420444+00:00", "RecordID": "140510", "Level": "3", "UserID": "S-1-5-18", "EventData.hrError": "0x80070002", "EventData.FolderId": "{fdd39ad0-238f-46af-adb4-6c85480369c7}", "EventData.Path": "C:\\Windows\\system32\\config\\systemprofile\\Documents"}
{"EventID": "1002", "Channel": "Microsoft-Windows-Known Folders API Service", "Provider_Name": "Microsoft-Windows-KnownFolders", "Computer": "DESKTOP-OFJ6N53", "TimeCreated": "2025-05-15 01:06:48.165276+00:00", "RecordID": "140511", "Level": "3", "UserID": "S-1-5-18", "EventData.hrError": "0x80070002", "EventData.FolderId": "{fdd39ad0-238f-46af-adb4-6c85480369c7}", "EventData.Path": "C:\\Windows\\system32\\config\\systemprofile\\Documents"}
{"EventID": "1002", "Channel": "Microsoft-Windows-Known Folders API Service", "Provider_Name": "Microsoft-Windows-KnownFolders", "Computer": "DESKTOP-OFJ6N53", "TimeCreated": "2025-05-15 01:06:52.095745+00:00", "RecordID": "140512", "Level": "3", "UserID": "S-1-5-18", "EventData.hrError": "0x80070002", "EventData.FolderId": "{fdd39ad0-238f-46af-adb4-6c85480369c7}", "EventData.Path": "C:\\Windows\\system32\\config\\systemprofile\\Documents"}
{"EventID": "1002", "Channel": "Microsoft-Windows-Known Folders API Service", "Provider_Name": "Microsoft-Windows-KnownFolders", "Computer": "DESKTOP-OFJ6N53", "TimeCreated": "2025-05-15 01:06:59.011589+00:00", "RecordID": "140513", "Level": "3", "UserID": "S-1-5-18", "EventData.hrError": "0x80070002", "EventData.FolderId": "{fdd39ad0-238f-46af-adb4-6c85480369c7}", "EventData.Path": "C:\\Windows\\system32\\config\\systemprofile\\Documents"}
{"EventID": "1002", "Channel": "Microsoft-Windows-Known Folders API Service", "Provider_Name": "Microsoft-Windows-KnownFolders", "Computer": "DESKTOP-OFJ6N53", "TimeCreated": "2025-05-15 01:07:05.665462+00:00", "RecordID": "140514", "Level": "3", "UserID": "S-1-5-18", "EventData.hrError": "0x80070002", "EventData.FolderId": "{fdd39ad0-238f-46af-adb4-6c85480369c7}", "EventData.Path": "C:\\Windows\\system32\\config\\systemprofile\\Documents"}
{"EventID": "1002", "Channel": "Microsoft-Windows-Known Folders API Service", "Provider_Name": "Microsoft-Windows-KnownFolders", "Computer": "DESKTOP-OFJ6N53", "TimeCreated": "2025-05-16 01:48:59.232237+00:00", "RecordID": "140515", "Level": "3", "UserID": "S-1-5-18", "EventData.hrError": "0x80070002", "EventData.FolderId": "{fdd39ad0-238f-46af-adb4-6c85480369c7}", "EventData.Path": "C:\\Windows\\system32\\config\\systemprofile\\Documents"}
{"EventID": "1002", "Channel": "Microsoft-Windows-Known Folders API Service", "Provider_Name": "Microsoft-Windows-KnownFolders", "Computer": "DESKTOP-OFJ6N53", "TimeCreated": "2025-05-16 01:48:59.232399+00:00", "RecordID": "140516", "Level": "3", "UserID": "S-1-5-18", "EventData.hrError": "0x80070002", "EventData.FolderId": "{fdd39ad0-238f-46af-adb4-6c85480369c7}", "EventData.Path": "C:\\Windows\\system32\\config\\systemprofile\\Documents"}
{"EventID": "1002", "Channel": "Microsoft-Windows-Known Folders API Service", "Provider_Name": "Microsoft-Windows-KnownFolders", "Computer": "DESKTOP-OFJ6N53", "TimeCreated": "2025-05-16 01:49:05.617825+00:00", "RecordID": "140517", "Level": "3", "UserID": "S-1-5-18", "EventData.hrError": "0x80070002", "EventData.FolderId": "{fdd39ad0-238f-46af-adb4-6c85480369c7}", "EventData.Path": "C:\\Windows\\system32\\config\\systemprofile\\Documents"}
{"EventID": "1002", "Channel": "Microsoft-Windows-Known Folders API Service", "Provider_Name": "Microsoft-Windows-KnownFolders", "Computer": "DESKTOP-OFJ6N53", "TimeCreated": "2025-05-16 01:49:08.975073+00:00", "RecordID": "140518", "Level": "3", "UserID": "S-1-5-18", "EventData.hrError": "0x80070002", "EventData.FolderId": "{fdd39ad0-238f-46af-adb4-6c85480369c7}", "EventData.Path": "C:\\Windows\\system32\\config\\systemprofile\\Documents"}
{"EventID": "1002", "Channel": "Microsoft-Windows-Known Folders API Service", "Provider_Name": "Microsoft-Windows-KnownFolders", "Computer": "DESKTOP-OFJ6N53", "TimeCreated": "2025-05-17 01:42:26.545662+00:00", "RecordID": "140519", "Level": "3", "UserID": "S-1-5-18", "EventData.hrError": "0x80070002", "EventData.FolderId": "{fdd39ad0-238f-46af-adb4-6c85480369c7}", "EventData.Path": "C:\\Windows\\system32\\config\\systemprofile\\Documents"}
{"EventID": "1002", "Channel": "Microsoft-Windows-Known Folders API Service", "Provider_Name": "Microsoft-Windows-KnownFolders", "Computer": "DESKTOP-OFJ6N53", "TimeCreated": "2025-05-17 01:42:26.545664+00:00", "RecordID": "140520", "Level": "3", "UserID": "S-1-5-18", "EventData.hrError": "0x80070002", "EventData.FolderId": "{fdd39ad0-238f-46af-adb4-6c85480369c7}", "EventData.Path": "C:\\Windows\\system32\\config\\systemprofile\\Documents"}
{"EventID": "1002", "Channel": "Microsoft-Windows-Known Folders API Service", "Provider_Name": "Microsoft-Windows-KnownFolders", "Computer": "DESKTOP-OFJ6N53", "TimeCreated": "2025-05-17 01:42:33.569874+00:00", "RecordID": "140521", "Level": "3", "UserID": "S-1-5-18", "EventData.hrError": "0x80070002", "EventData.FolderId": "{fdd39ad0-238f-46af-adb4-6c85480369c7}", "EventData.Path": "C:\\Windows\\system32\\config\\systemprofile\\Documents"}
{"EventID": "1002", "Channel": "Microsoft-Windows-Known Folders API Service", "Provider_Name": "Microsoft-Windows-KnownFolders", "Computer": "DESKTOP-OFJ6N53", "TimeCreated": "2025-05-17 01:42:35.275553+00:00", "RecordID": "140522", "Level": "3", "UserID": "S-1-5-18", "EventData.hrError": "0x80070002", "EventData.FolderId": "{fdd39ad0-238f-46af-adb4-6c85480369c7}", "EventData.Path": "C:\\Windows\\system32\\config\\systemprofile\\Documents"}
{"EventID": "1002", "Channel": "Microsoft-Windows-Known Folders API Service", "Provider_Name": "Microsoft-Windows-KnownFolders", "Computer": "DESKTOP-OFJ6N53", "TimeCreated": "2025-05-18 00:34:31.553719+00:00", "RecordID": "140523", "Level": "3", "UserID": "S-1-5-18", "EventData.hrError": "0x80070002", "EventData.FolderId": "{fdd39ad0-238f-46af-adb4-6c85480369c7}", "EventData.Path": "C:\\Windows\\system32\\config\\systemprofile\\Documents"}
{"EventID": "1002", "Channel": "Microsoft-Windows-Known Folders API Service", "Provider_Name": "Microsoft-Windows-KnownFolders", "Computer": "DESKTOP-OFJ6N53", "TimeCreated": "2025-05-18 00:34:35.097383+00:00", "RecordID": "140524", "Level": "3", "UserID": "S-1-5-18", "EventData.hrError": "0x80070002", "EventData.FolderId": "{fdd39ad0-238f-46af-adb4-6c85480369c7}", "EventData.Path": "C:\\Windows\\system32\\config\\systemprofile\\Documents"}
{"EventID": "1002", "Channel": "Microsoft-Windows-Known Folders API Service", "Provider_Name": "Microsoft-Windows-KnownFolders", "Computer": "DESKTOP-OFJ6N53", "TimeCreated": "2025-05-18 00:34:37.850636+00:00", "RecordID": "140525", "Level": "3", "UserID": "S-1-5-18", "EventData.hrError": "0x80070002", "EventData.FolderId": "{fdd39ad0-238f-46af-adb4-6c85480369c7}", "EventData.Path": "C:\\Windows\\system32\\config\\systemprofile\\Documents"}
{"EventID": "1002", "Channel": "Microsoft-Windows-Known Folders API Service", "Provider_Name": "Microsoft-Windows-KnownFolders", "Computer": "DESKTOP-OFJ6N53", "TimeCreated": "2025-05-18 00:34:38.386597+00:00", "RecordID": "140526", "Level": "3", "UserID": "S-1-5-18", "EventData.hrError": "0x80070002", "EventData.FolderId": "{fdd39ad0-238f-46af-adb4-6c85480369c7}", "EventData.Path": "C:\\Windows\\system32\\config\\systemprofile\\Documents"}
{"EventID": "1002", "Channel": "Microsoft-Windows-Known Folders API Service", "Provider_Name": "Microsoft-Windows-KnownFolders", "Computer": "DESKTOP-OFJ6N53", "TimeCreated": "2025-05-19 00:08:47.621819+00:00", "RecordID": "140527", "Level": "3", "UserID": "S-1-5-18", "EventData.hrError": "0x80070002", "EventData.FolderId": "{fdd39ad0-238f-46af-adb4-6c85480369c7}", "EventData.Path": "C:\\Windows\\system32\\config\\systemprofile\\Documents"}
{"EventID": "1002", "Channel": "Microsoft-Windows-Known Folders API Service", "Provider_Name": "Microsoft-Windows-KnownFolders", "Computer": "DESKTOP-OFJ6N53", "TimeCreated": "2025-05-19 00:08:51.518127+00:00", "RecordID": "140528", "Level": "3", "UserID": "S-1-5-18", "EventData.hrError": "0x80070002", "EventData.FolderId": "{fdd39ad0-238f-46af-adb4-6c85480369c7}", "EventData.Path": "C:\\Windows\\system32\\config\\systemprofile\\Documents"}
{"EventID": "1002", "Channel": "Microsoft-Windows-Known Folders API Service", "Provider_Name": "Microsoft-Windows-KnownFolders", "Computer": "DESKTOP-OFJ6N53", "TimeCreated": "2025-05-19 00:08:54.026300+00:00", "RecordID": "140529", "Level": "3", "UserID": "S-1-5-18", "EventData.hrError": "0x80070002", "EventData.FolderId": "{fdd39ad0-238f-46af-adb4-6c85480369c7}", "EventData.Path": "C:\\Windows\\system32\\config\\systemprofile\\Documents"}
{"EventID": "1002", "Channel": "Microsoft-Windows-Known Folders API Service", "Provider_Name": "Microsoft-Windows-KnownFolders", "Computer": "DESKTOP-OFJ6N53", "TimeCreated": "2025-05-19 00:08:54.504484+00:00", "RecordID": "140530", "Level": "3", "UserID": "S-1-5-18", "EventData.hrError": "0x80070002", "EventData.FolderId": "{fdd39ad0-238f-46af-adb4-6c85480369c7}", "EventData.Path": "C:\\Windows\\system32\\config\\systemprofile\\Documents"}
{"EventID": "1002", "Channel": "Microsoft-Windows-Known Folders API Service", "Provider_Name": "Microsoft-Windows-KnownFolders", "Computer": "DESKTOP-OFJ6N53", "TimeCreated": "2025-05-20 00:10:29.407331+00:00", "RecordID": "140531", "Level": "3", "UserID": "S-1-5-18", "EventData.hrError": "0x80070002", "EventData.FolderId": "{fdd39ad0-238f-46af-adb4-6c85480369c7}", "EventData.Path": "C:\\Windows\\system32\\config\\systemprofile\\Documents"}
{"EventID": "1002", "Channel": "Microsoft-Windows-Known Folders API Service", "Provider_Name": "Microsoft-Windows-KnownFolders", "Computer": "DESKTOP-OFJ6N53", "TimeCreated": "2025-05-20 00:10:31.922718+00:00", "RecordID": "140532", "Level": "3", "UserID": "S-1-5-18", "EventData.hrError": "0x80070002", "EventData.FolderId": "{fdd39ad0-238f-46af-adb4-6c85480369c7}", "EventData.Path": "C:\\Windows\\system32\\config\\systemprofile\\Documents"}
{"EventID": "1002", "Channel": "Microsoft-Windows-Known Folders API Service", "Provider_Name": "Microsoft-Windows-KnownFolders", "Computer": "DESKTOP-OFJ6N53", "TimeCreated": "2025-05-20 00:10:37.512115+00:00", "RecordID": "140533", "Level": "3", "UserID": "S-1-5-18", "EventData.hrError": "0x80070002", "EventData.FolderId": "{fdd39ad0-238f-46af-adb4-6c85480369c7}", "EventData.Path": "C:\\Windows\\system32\\config\\systemprofile\\Documents"}
{"EventID": "1002", "Channel": "Microsoft-Windows-Known Folders API Service", "Provider_Name": "Microsoft-Windows-KnownFolders", "Computer": "DESKTOP-OFJ6N53", "TimeCreated": "2025-05-20 00:10:38.055670+00:00", "RecordID": "140534", "Level": "3", "UserID": "S-1-5-18", "EventData.hrError": "0x80070002", "EventData.FolderId": "{fdd39ad0-238f-46af-adb4-6c85480369c7}", "EventData.Path": "C:\\Windows\\system32\\config\\systemprofile\\Documents"}
{"EventID": "1002", "Channel": "Microsoft-Windows-Known Folders API Service", "Provider_Name": "Microsoft-Windows-KnownFolders", "Computer": "DESKTOP-OFJ6N53", "TimeCreated": "2025-05-21 00:45:20.602688+00:00", "RecordID": "140535", "Level": "3", "UserID": "S-1-5-18", "EventData.hrError": "0x80070002", "EventData.FolderId": "{fdd39ad0-238f-46af-adb4-6c85480369c7}", "EventData.Path": "C:\\Windows\\system32\\config\\systemprofile\\Documents"}
{"EventID": "1002", "Channel": "Microsoft-Windows-Known Folders API Service", "Provider_Name": "Microsoft-Windows-KnownFolders", "Computer": "DESKTOP-OFJ6N53", "TimeCreated": "2025-05-21 00:45:24.559450+00:00", "RecordID": "140536", "Level": "3", "UserID": "S-1-5-18", "EventData.hrError": "0x80070002", "EventData.FolderId": "{fdd39ad0-238f-46af-adb4-6c85480369c7}", "EventData.Path": "C:\\Windows\\system32\\config\\systemprofile\\Documents"}
{"EventID": "1002", "Channel": "Microsoft-Windows-Known Folders API Service", "Provider_Name": "Microsoft-Windows-KnownFolders", "Computer": "DESKTOP-OFJ6N53", "TimeCreated": "2025-05-21 00:45:29.611389+00:00", "RecordID": "140537", "Level": "3", "UserID": "S-1-5-18", "EventData.hrError": "0x80070002", "EventData.FolderId": "{fdd39ad0-238f-46af-adb4-6c85480369c7}", "EventData.Path": "C:\\Windows\\system32\\config\\systemprofile\\Documents"}
{"EventID": "1002", "Channel": "Microsoft-Windows-Known Folders API Service", "Provider_Name": "Microsoft-Windows-KnownFolders", "Computer": "DESKTOP-OFJ6N53", "TimeCreated": "2025-05-21 00:45:30.082552+00:00", "RecordID": "140538", "Level": "3", "UserID": "S-1-5-18", "EventData.hrError": "0x80070002", "EventData.FolderId": "{fdd39ad0-238f-46af-adb4-6c85480369c7}", "EventData.Path": "C:\\Windows\\system32\\config\\systemprofile\\Documents"}
{"EventID": "1002", "Channel": "Microsoft-Windows-Known Folders API Service", "Provider_Name": "Microsoft-Windows-KnownFolders", "Computer": "DESKTOP-OFJ6N53", "TimeCreated": "2025-05-21 14:12:03.616938+00:00", "RecordID": "140539", "Level": "3", "UserID": "S-1-5-18", "EventData.hrError": "0x80070002", "EventData.FolderId": "{fdd39ad0-238f-46af-adb4-6c85480369c7}", "EventData.Path": "C:\\Windows\\system32\\config\\systemprofile\\Documents"}
{"EventID": "1002", "Channel": "Microsoft-Windows-Known Folders API Service", "Provider_Name": "Microsoft-Windows-KnownFolders", "Computer": "DESKTOP-OFJ6N53", "TimeCreated": "2025-05-21 14:14:47.338369+00:00", "RecordID": "140540", "Level": "3", "UserID": "S-1-5-18", "EventData.hrError": "0x80070002", "EventData.FolderId": "{1777f761-68ad-4d8a-87bd-30b759fa33dd}", "EventData.Path": "C:\\Windows\\system32\\config\\systemprofile\\Favorites"}
{"EventID": "1002", "Channel": "Microsoft-Windows-Known Folders API Service", "Provider_Name": "Microsoft-Windows-KnownFolders", "Computer": "DESKTOP-OFJ6N53", "TimeCreated": "2025-05-21 14:14:47.338854+00:00", "RecordID": "140541", "Level": "3", "UserID": "S-1-5-18", "EventData.hrError": "0x80070003", "EventData.FolderId": "{625b53c3-ab48-4ec1-ba1f-a1ef4146fc19}", "EventData.Path": "C:\\Windows\\system32\\config\\systemprofile\\AppData\\Roaming\\Microsoft\\Windows\\Start Menu"}
{"EventID": "1002", "Channel": "Microsoft-Windows-Known Folders API Service", "Provider_Name": "Microsoft-Windows-KnownFolders", "Computer": "DESKTOP-OFJ6N53", "TimeCreated": "2025-05-21 14:14:47.339560+00:00", "RecordID": "140542", "Level": "3", "UserID": "S-1-5-18", "EventData.hrError": "0x80070002", "EventData.FolderId": "{fdd39ad0-238f-46af-adb4-6c85480369c7}", "EventData.Path": "C:\\Windows\\system32\\config\\systemprofile\\Documents"}
{"EventID": "1002", "Channel": "Microsoft-Windows-Known Folders API Service", "Provider_Name": "Microsoft-Windows-KnownFolders", "Computer": "DESKTOP-OFJ6N53", "TimeCreated": "2025-05-21 14:14:47.340162+00:00", "RecordID": "140543", "Level": "3", "UserID": "S-1-5-18", "EventData.hrError": "0x80070002", "EventData.FolderId": "{b4bfcc3a-db2c-424c-b029-7fe99a87c641}", "EventData.Path": "C:\\Windows\\system32\\config\\systemprofile\\Desktop"}
{"EventID": "1002", "Channel": "Microsoft-Windows-Known Folders API Service", "Provider_Name": "Microsoft-Windows-KnownFolders", "Computer": "DESKTOP-OFJ6N53", "TimeCreated": "2025-05-22 01:58:06.981833+00:00", "RecordID": "140544", "Level": "3", "UserID": "S-1-5-18", "EventData.hrError": "0x80070002", "EventData.FolderId": "{fdd39ad0-238f-46af-adb4-6c85480369c7}", "EventData.Path": "C:\\Windows\\system32\\config\\systemprofile\\Documents"}
{"EventID": "1002", "Channel": "Microsoft-Windows-Known Folders API Service", "Provider_Name": "Microsoft-Windows-KnownFolders", "Computer": "DESKTOP-OFJ6N53", "TimeCreated": "2025-05-22 01:58:14.009487+00:00", "RecordID": "140545", "Level": "3", "UserID": "S-1-5-18", "EventData.hrError": "0x80070002", "EventData.FolderId": "{fdd39ad0-238f-46af-adb4-6c85480369c7}", "EventData.Path": "C:\\Windows\\system32\\config\\systemprofile\\Documents"}
{"EventID": "1002", "Channel": "Microsoft-Windows-Known Folders API Service", "Provider_Name": "Microsoft-Windows-KnownFolders", "Computer": "DESKTOP-OFJ6N53", "TimeCreated": "2025-05-22 01:58:18.209476+00:00", "RecordID": "140546", "Level": "3", "UserID": "S-1-5-18", "EventData.hrError": "0x80070002", "EventData.FolderId": "{fdd39ad0-238f-46af-adb4-6c85480369c7}", "EventData.Path": "C:\\Windows\\system32\\config\\systemprofile\\Documents"}
{"EventID": "1002", "Channel": "Microsoft-Windows-Known Folders API Service", "Provider_Name": "Microsoft-Windows-KnownFolders", "Computer": "DESKTOP-OFJ6N53", "TimeCreated": "2025-05-22 01:58:18.885202+00:00", "RecordID": "140547", "Level": "3", "UserID": "S-1-5-18", "EventData.hrError": "0x80070002", "EventData.FolderId": "{fdd39ad0-238f-46af-adb4-6c85480369c7}", "EventData.Path": "C:\\Windows\\system32\\config\\systemprofile\\Documents"}
{"EventID": "1002", "Channel": "Microsoft-Windows-Known Folders API Service", "Provider_Name": "Microsoft-Windows-KnownFolders", "Computer": "DESKTOP-OFJ6N53", "TimeCreated": "2025-05-23 01:14:09.365444+00:00", "RecordID": "140548", "Level": "3", "UserID": "S-1-5-18", "EventData.hrError": "0x80070002", "EventData.FolderId": "{fdd39ad0-238f-46af-adb4-6c85480369c7}", "EventData.Path": "C:\\Windows\\system32\\config\\systemprofile\\Documents"}
{"EventID": "1002", "Channel": "Microsoft-Windows-Known Folders API Service", "Provider_Name": "Microsoft-Windows-KnownFolders", "Computer": "DESKTOP-OFJ6N53", "TimeCreated": "2025-05-23 01:14:12.159258+00:00", "RecordID": "140549", "Level": "3", "UserID": "S-1-5-18", "EventData.hrError": "0x80070002", "EventData.FolderId": "{fdd39ad0-238f-46af-adb4-6c85480369c7}", "EventData.Path": "C:\\Windows\\system32\\config\\systemprofile\\Documents"}
{"EventID": "1002", "Channel": "Microsoft-Windows-Known Folders API Service", "Provider_Name": "Microsoft-Windows-KnownFolders", "Computer": "DESKTOP-OFJ6N53", "TimeCreated": "2025-05-23 01:14:17.736818+00:00", "RecordID": "140550", "Level": "3", "UserID": "S-1-5-18", "EventData.hrError": "0x80070002", "EventData.FolderId": "{fdd39ad0-238f-46af-adb4-6c85480369c7}", "EventData.Path": "C:\\Windows\\system32\\config\\systemprofile\\Documents"}
{"EventID": "1002", "Channel": "Microsoft-Windows-Known Folders API Service", "Provider_Name": "Microsoft-Windows-KnownFolders", "Computer": "DESKTOP-OFJ6N53", "TimeCreated": "2025-05-23 01:14:18.311464+00:00", "RecordID": "140551", "Level": "3", "UserID": "S-1-5-18", "EventData.hrError": "0x80070002", "EventData.FolderId": "{fdd39ad0-238f-46af-adb4-6c85480369c7}", "EventData.Path": "C:\\Windows\\system32\\config\\systemprofile\\Documents"}
{"EventID": "1002", "Channel": "Microsoft-Windows-Known Folders API Service", "Provider_Name": "Microsoft-Windows-KnownFolders", "Computer": "DESKTOP-OFJ6N53", "TimeCreated": "2025-05-24 00:44:52.633503+00:00", "RecordID": "140552", "Level": "3", "UserID": "S-1-5-18", "EventData.hrError": "0x80070002", "EventData.FolderId": "{fdd39ad0-238f-46af-adb4-6c85480369c7}", "EventData.Path": "C:\\Windows\\system32\\config\\systemprofile\\Documents"}
{"EventID": "1002", "Channel": "Microsoft-Windows-Known Folders API Service", "Provider_Name": "Microsoft-Windows-KnownFolders", "Computer": "DESKTOP-OFJ6N53", "TimeCreated": "2025-05-24 00:44:52.633629+00:00", "RecordID": "140553", "Level": "3", "UserID": "S-1-5-18", "EventData.hrError": "0x80070002", "EventData.FolderId": "{fdd39ad0-238f-46af-adb4-6c85480369c7}", "EventData.Path": "C:\\Windows\\system32\\config\\systemprofile\\Documents"}
{"EventID": "1002", "Channel": "Microsoft-Windows-Known Folders API Service", "Provider_Name": "Microsoft-Windows-KnownFolders", "Computer": "DESKTOP-OFJ6N53", "TimeCreated": "2025-05-24 00:44:56.479315+00:00", "RecordID": "140554", "Level": "3", "UserID": "S-1-5-18", "EventData.hrError": "0x80070002", "EventData.FolderId": "{fdd39ad0-238f-46af-adb4-6c85480369c7}", "EventData.Path": "C:\\Windows\\system32\\config\\systemprofile\\Documents"}
{"EventID": "1002", "Channel": "Microsoft-Windows-Known Folders API Service", "Provider_Name": "Microsoft-Windows-KnownFolders", "Computer": "DESKTOP-OFJ6N53", "TimeCreated": "2025-05-24 00:44:58.571127+00:00", "RecordID": "140555", "Level": "3", "UserID": "S-1-5-18", "EventData.hrError": "0x80070002", "EventData.FolderId": "{fdd39ad0-238f-46af-adb4-6c85480369c7}", "EventData.Path": "C:\\Windows\\system32\\config\\systemprofile\\Documents"}
{"EventID": "1002", "Channel": "Microsoft-Windows-Known Folders API Service", "Provider_Name": "Microsoft-Windows-KnownFolders", "Computer": "DESKTOP-OFJ6N53", "TimeCreated": "2025-05-25 01:56:51.121269+00:00", "RecordID": "140556", "Level": "3", "UserID": "S-1-5-18", "EventData.hrError": "0x80070002", "EventData.FolderId": "{fdd39ad0-238f-46af-adb4-6c85480369c7}", "EventData.Path": "C:\\Windows\\system32\\config\\systemprofile\\Documents"}
{"EventID": "1002", "Channel": "Microsoft-Windows-Known Folders API Service", "Provider_Name": "Microsoft-Windows-KnownFolders", "Computer": "DESKTOP-OFJ6N53", "TimeCreated": "2025-05-25 01:56:52.637976+00:00", "RecordID": "140557", "Level": "3", "UserID": "S-1-5-18", "EventData.hrError": "0x80070002", "EventData.FolderId": "{fdd39ad0-238f-46af-adb4-6c85480369c7}", "EventData.Path": "C:\\Windows\\system32\\config\\systemprofile\\Documents"}
{"EventID": "1002", "Channel": "Microsoft-Windows-Known Folders API Service", "Provider_Name": "Microsoft-Windows-KnownFolders", "Computer": "DESKTOP-OFJ6N53", "TimeCreated": "2025-05-25 01:56:59.916704+00:00", "RecordID": "140558", "Level": "3", "UserID": "S-1-5-18", "EventData.hrError": "0x80070002", "EventData.FolderId": "{fdd39ad0-238f-46af-adb4-6c85480369c7}", "EventData.Path": "C:\\Windows\\system32\\config\\systemprofile\\Documents"}
{"EventID": "1002", "Channel": "Microsoft-Windows-Known Folders API Service", "Provider_Name": "Microsoft-Windows-KnownFolders", "Computer": "DESKTOP-OFJ6N53", "TimeCreated": "2025-05-25 01:57:00.936226+00:00", "RecordID": "140559", "Level": "3", "UserID": "S-1-5-18", "EventData.hrError": "0x80070002", "EventData.FolderId": "{fdd39ad0-238f-46af-adb4-6c85480369c7}", "EventData.Path": "C:\\Windows\\system32\\config\\systemprofile\\Documents"}
{"EventID": "1002", "Channel": "Microsoft-Windows-Known Folders API Service", "Provider_Name": "Microsoft-Windows-KnownFolders", "Computer": "DESKTOP-OFJ6N53", "TimeCreated": "2025-05-26 00:22:37.452976+00:00", "RecordID": "140560", "Level": "3", "UserID": "S-1-5-18", "EventData.hrError": "0x80070002", "EventData.FolderId": "{fdd39ad0-238f-46af-adb4-6c85480369c7}", "EventData.Path": "C:\\Windows\\system32\\config\\systemprofile\\Documents"}
{"EventID": "1002", "Channel": "Microsoft-Windows-Known Folders API Service", "Provider_Name": "Microsoft-Windows-KnownFolders", "Computer": "DESKTOP-OFJ6N53", "TimeCreated": "2025-05-26 00:22:42.503635+00:00", "RecordID": "140561", "Level": "3", "UserID": "S-1-5-18", "EventData.hrError": "0x80070002", "EventData.FolderId": "{fdd39ad0-238f-46af-adb4-6c85480369c7}", "EventData.Path": "C:\\Windows\\system32\\config\\systemprofile\\Documents"}
{"EventID": "1002", "Channel": "Microsoft-Windows-Known Folders API Service", "Provider_Name": "Microsoft-Windows-KnownFolders", "Computer": "DESKTOP-OFJ6N53", "TimeCreated": "2025-05-26 00:22:48.673412+00:00", "RecordID": "140562", "Level": "3", "UserID": "S-1-5-18", "EventData.hrError": "0x80070002", "EventData.FolderId": "{fdd39ad0-238f-46af-adb4-6c85480369c7}", "EventData.Path": "C:\\Windows\\system32\\config\\systemprofile\\Documents"}
{"EventID": "1002", "Channel": "Microsoft-Windows-Known Folders API Service", "Provider_Name": "Microsoft-Windows-KnownFolders", "Computer": "DESKTOP-OFJ6N53", "TimeCreated": "2025-05-26 00:22:49.618313+00:00", "RecordID": "140563", "Level": "3", "UserID": "S-1-5-18", "EventData.hrError": "0x80070002", "EventData.FolderId": "{fdd39ad0-238f-46af-adb4-6c85480369c7}", "EventData.Path": "C:\\Windows\\system32\\config\\systemprofile\\Documents"}
{"EventID": "1002", "Channel": "Microsoft-Windows-Known Folders API Service", "Provider_Name": "Microsoft-Windows-KnownFolders", "Computer": "DESKTOP-OFJ6N53", "TimeCreated": "2025-05-27 00:42:31.507061+00:00", "RecordID": "140564", "Level": "3", "UserID": "S-1-5-18", "EventData.hrError": "0x80070002", "EventData.FolderId": "{fdd39ad0-238f-46af-adb4-6c85480369c7}", "EventData.Path": "C:\\Windows\\system32\\config\\systemprofile\\Documents"}
{"EventID": "1002", "Channel": "Microsoft-Windows-Known Folders API Service", "Provider_Name": "Microsoft-Windows-KnownFolders", "Computer": "DESKTOP-OFJ6N53", "TimeCreated": "2025-05-27 00:42:33.003519+00:00", "RecordID": "140565", "Level": "3", "UserID": "S-1-5-18", "EventData.hrError": "0x80070002", "EventData.FolderId": "{fdd39ad0-238f-46af-adb4-6c85480369c7}", "EventData.Path": "C:\\Windows\\system32\\config\\systemprofile\\Documents"}
{"EventID": "1002", "Channel": "Microsoft-Windows-Known Folders API Service", "Provider_Name": "Microsoft-Windows-KnownFolders", "Computer": "DESKTOP-OFJ6N53", "TimeCreated": "2025-05-27 00:42:39.761627+00:00", "RecordID": "140566", "Level": "3", "UserID": "S-1-5-18", "EventData.hrError": "0x80070002", "EventData.FolderId": "{fdd39ad0-238f-46af-adb4-6c85480369c7}", "EventData.Path": "C:\\Windows\\system32\\config\\systemprofile\\Documents"}
{"EventID": "1002", "Channel": "Microsoft-Windows-Known Folders API Service", "Provider_Name": "Microsoft-Windows-KnownFolders", "Computer": "DESKTOP-OFJ6N53", "TimeCreated": "2025-05-27 00:42:42.349094+00:00", "RecordID": "140567", "Level": "3", "UserID": "S-1-5-18", "EventData.hrError": "0x80070002", "EventData.FolderId": "{fdd39ad0-238f-46af-adb4-6c85480369c7}", "EventData.Path": "C:\\Windows\\system32\\config\\systemprofile\\Documents"}
{"EventID": "1002", "Channel": "Microsoft-Windows-Known Folders API Service", "Provider_Name": "Microsoft-Windows-KnownFolders", "Computer": "DESKTOP-OFJ6N53", "TimeCreated": "2025-05-28 00:48:37.509356+00:00", "RecordID": "140568", "Level": "3", "UserID": "S-1-5-18", "EventData.hrError": "0x80070002", "EventData.FolderId": "{fdd39ad0-238f-46af-adb4-6c85480369c7}", "EventData.Path": "C:\\Windows\\system32\\config\\systemprofile\\Documents"}
{"EventID": "1002", "Channel": "Microsoft-Windows-Known Folders API Service", "Provider_Name": "Microsoft-Windows-KnownFolders", "Computer": "DESKTOP-OFJ6N53", "TimeCreated": "2025-05-28 00:48:37.509356+00:00", "RecordID": "140569", "Level": "3", "UserID": "S-1-5-18", "EventData.hrError": "0x80070002", "EventData.FolderId": "{fdd39ad0-238f-46af-adb4-6c85480369c7}", "EventData.Path": "C:\\Windows\\system32\\config\\systemprofile\\Documents"}
{"EventID": "1002", "Channel": "Microsoft-Windows-Known Folders API Service", "Provider_Name": "Microsoft-Windows-KnownFolders", "Computer": "DESKTOP-OFJ6N53", "TimeCreated": "2025-05-28 00:48:41.810890+00:00", "RecordID": "140570", "Level": "3", "UserID": "S-1-5-18", "EventData.hrError": "0x80070002", "EventData.FolderId": "{fdd39ad0-238f-46af-adb4-6c85480369c7}", "EventData.Path": "C:\\Windows\\system32\\config\\systemprofile\\Documents"}
{"EventID": "1002", "Channel": "Microsoft-Windows-Known Folders API Service", "Provider_Name": "Microsoft-Windows-KnownFolders", "Computer": "DESKTOP-OFJ6N53", "TimeCreated": "2025-05-28 00:48:43.013550+00:00", "RecordID": "140571", "Level": "3", "UserID": "S-1-5-18", "EventData.hrError": "0x80070002", "EventData.FolderId": "{fdd39ad0-238f-46af-adb4-6c85480369c7}", "EventData.Path": "C:\\Windows\\system32\\config\\systemprofile\\Documents"}
{"EventID": "1002", "Channel": "Microsoft-Windows-Known Folders API Service", "Provider_Name": "Microsoft-Windows-KnownFolders", "Computer": "DESKTOP-OFJ6N53", "TimeCreated": "2025-05-29 01:55:26.633242+00:00", "RecordID": "140572", "Level": "3", "UserID": "S-1-5-18", "EventData.hrError": "0x80070002", "EventData.FolderId": "{fdd39ad0-238f-46af-adb4-6c85480369c7}", "EventData.Path": "C:\\Windows\\system32\\config\\systemprofile\\Documents"}
{"EventID": "1002", "Channel": "Microsoft-Windows-Known Folders API Service", "Provider_Name": "Microsoft-Windows-KnownFolders", "Computer": "DESKTOP-OFJ6N53", "TimeCreated": "2025-05-29 01:55:29.899748+00:00", "RecordID": "140573", "Level": "3", "UserID": "S-1-5-18", "EventData.hrError": "0x80070002", "EventData.FolderId": "{fdd39ad0-238f-46af-adb4-6c85480369c7}", "EventData.Path": "C:\\Windows\\system32\\config\\systemprofile\\Documents"}
{"EventID": "1002", "Channel": "Microsoft-Windows-Known Folders API Service", "Provider_Name": "Microsoft-Windows-KnownFolders", "Computer": "DESKTOP-OFJ6N53", "TimeCreated": "2025-05-29 01:55:36.169781+00:00", "RecordID": "140574", "Level": "3", "UserID": "S-1-5-18", "EventData.hrError": "0x80070002", "EventData.FolderId": "{fdd39ad0-238f-46af-adb4-6c85480369c7}", "EventData.Path": "C:\\Windows\\system32\\config\\systemprofile\\Documents"}
{"EventID": "1002", "Channel": "Microsoft-Windows-Known Folders API Service", "Provider_Name": "Microsoft-Windows-KnownFolders", "Computer": "DESKTOP-OFJ6N53", "TimeCreated": "2025-05-29 01:55:37.417772+00:00", "RecordID": "140575", "Level": "3", "UserID": "S-1-5-18", "EventData.hrError": "0x80070002", "EventData.FolderId": "{fdd39ad0-238f-46af-adb4-6c85480369c7}", "EventData.Path": "C:\\Windows\\system32\\config\\systemprofile\\Documents"}
{"EventID": "1002", "Channel": "Microsoft-Windows-Known Folders API Service", "Provider_Name": "Microsoft-Windows-KnownFolders", "Computer": "DESKTOP-OFJ6N53", "TimeCreated": "2025-05-30 01:27:33.153599+00:00", "RecordID": "140576", "Level": "3", "UserID": "S-1-5-18", "EventData.hrError": "0x80070002", "EventData.FolderId": "{fdd39ad0-238f-46af-adb4-6c85480369c7}", "EventData.Path": "C:\\Windows\\system32\\config\\systemprofile\\Documents"}
{"EventID": "1002", "Channel": "Microsoft-Windows-Known Folders API Service", "Provider_Name": "Microsoft-Windows-KnownFolders", "Computer": "DESKTOP-OFJ6N53", "TimeCreated": "2025-05-30 01:27:34.456514+00:00", "RecordID": "140577", "Level": "3", "UserID": "S-1-5-18", "EventData.hrError": "0x80070002", "EventData.FolderId": "{fdd39ad0-238f-46af-adb4-6c85480369c7}", "EventData.Path": "C:\\Windows\\system32\\config\\systemprofile\\Documents"}
{"EventID": "1002", "Channel": "Microsoft-Windows-Known Folders API Service", "Provider_Name": "Microsoft-Windows-KnownFolders", "Computer": "DESKTOP-OFJ6N53", "TimeCreated": "2025-05-31 00:15:02.928492+00:00", "RecordID": "140578", "Level": "3", "UserID": "S-1-5-18", "EventData.hrError": "0x80070002", "EventData.FolderId": "{fdd39ad0-238f-46af-adb4-6c85480369c7}", "EventData.Path": "C:\\Windows\\system32\\config\\systemprofile\\Documents"}
{"EventID": "1002", "Channel": "Microsoft-Windows-Known Folders API Service", "Provider_Name": "Microsoft-Windows-KnownFolders", "Computer": "DESKTOP-OFJ6N53", "TimeCreated": "2025-05-31 00:15:04.558825+00:00", "RecordID": "140579", "Level": "3", "UserID": "S-1-5-18", "EventData.hrError": "0x80070002", "EventData.FolderId": "{fdd39ad0-238f-46af-adb4-6c85480369c7}", "EventData.Path": "C:\\Windows\\system32\\config\\systemprofile\\Documents"}
{"EventID": "1002", "Channel": "Microsoft-Windows-Known Folders API Service", "Provider_Name": "Microsoft-Windows-KnownFolders", "Computer": "DESKTOP-OFJ6N53", "TimeCreated": "2025-06-01 01:58:17.535280+00:00", "RecordID": "140580", "Level": "3", "UserID": "S-1-5-18", "EventData.hrError": "0x80070002", "EventData.FolderId": "{fdd39ad0-238f-46af-adb4-6c85480369c7}", "EventData.Path": "C:\\Windows\\system32\\config\\systemprofile\\Documents"}
{"EventID": "1002", "Channel": "Microsoft-Windows-Known Folders API Service", "Provider_Name": "Microsoft-Windows-KnownFolders", "Computer": "DESKTOP-OFJ6N53", "TimeCreated": "2025-06-01 01:58:19.049484+00:00", "RecordID": "140581", "Level": "3", "UserID": "S-1-5-18", "EventData.hrError": "0x80070002", "EventData.FolderId": "{fdd39ad0-238f-46af-adb4-6c85480369c7}", "EventData.Path": "C:\\Windows\\system32\\config\\systemprofile\\Documents"}
{"EventID": "1002", "Channel": "Microsoft-Windows-Known Folders API Service", "Provider_Name": "Microsoft-Windows-KnownFolders", "Computer": "DESKTOP-OFJ6N53", "TimeCreated": "2025-06-02 01:56:32.704624+00:00", "RecordID": "140582", "Level": "3", "UserID": "S-1-5-18", "EventData.hrError": "0x80070002", "EventData.FolderId": "{fdd39ad0-238f-46af-adb4-6c85480369c7}", "EventData.Path": "C:\\Windows\\system32\\config\\systemprofile\\Documents"}
{"EventID": "1002", "Channel": "Microsoft-Windows-Known Folders API Service", "Provider_Name": "Microsoft-Windows-KnownFolders", "Computer": "DESKTOP-OFJ6N53", "TimeCreated": "2025-06-02 01:56:32.704844+00:00", "RecordID": "140583", "Level": "3", "UserID": "S-1-5-18", "EventData.hrError": "0x80070002", "EventData.FolderId": "{fdd39ad0-238f-46af-adb4-6c85480369c7}", "EventData.Path": "C:\\Windows\\system32\\config\\systemprofile\\Documents"}
{"EventID": "1002", "Channel": "Microsoft-Windows-Known Folders API Service", "Provider_Name": "Microsoft-Windows-KnownFolders", "Computer": "DESKTOP-OFJ6N53", "TimeCreated": "2025-06-03 00:23:59.728306+00:00", "RecordID": "140584", "Level": "3", "UserID": "S-1-5-18", "EventData.hrError": "0x80070002", "EventData.FolderId": "{fdd39ad0-238f-46af-adb4-6c85480369c7}", "EventData.Path": "C:\\Windows\\system32\\config\\systemprofile\\Documents"}
{"EventID": "1002", "Channel": "Microsoft-Windows-Known Folders API Service", "Provider_Name": "Microsoft-Windows-KnownFolders", "Computer": "DESKTOP-OFJ6N53", "TimeCreated": "2025-06-03 00:23:59.728352+00:00", "RecordID": "140585", "Level": "3", "UserID": "S-1-5-18", "EventData.hrError": "0x80070002", "EventData.FolderId": "{fdd39ad0-238f-46af-adb4-6c85480369c7}", "EventData.Path": "C:\\Windows\\system32\\config\\systemprofile\\Documents"}
{"EventID": "1002", "Channel": "Microsoft-Windows-Known Folders API Service", "Provider_Name": "Microsoft-Windows-KnownFolders", "Computer": "DESKTOP-OFJ6N53", "TimeCreated": "2025-06-04 00:19:08.685144+00:00", "RecordID": "140586", "Level": "3", "UserID": "S-1-5-18", "EventData.hrError": "0x80070002", "EventData.FolderId": "{fdd39ad0-238f-46af-adb4-6c85480369c7}", "EventData.Path": "C:\\Windows\\system32\\config\\systemprofile\\Documents"}
{"EventID": "1002", "Channel": "Microsoft-Windows-Known Folders API Service", "Provider_Name": "Microsoft-Windows-KnownFolders", "Computer": "DESKTOP-OFJ6N53", "TimeCreated": "2025-06-04 00:19:08.685171+00:00", "RecordID": "140587", "Level": "3", "UserID": "S-1-5-18", "EventData.hrError": "0x80070002", "EventData.FolderId": "{fdd39ad0-238f-46af-adb4-6c85480369c7}", "EventData.Path": "C:\\Windows\\system32\\config\\systemprofile\\Documents"}
{"EventID": "1002", "Channel": "Microsoft-Windows-Known Folders API Service", "Provider_Name": "Microsoft-Windows-KnownFolders", "Computer": "DESKTOP-OFJ6N53", "TimeCreated": "2025-06-05 01:06:44.408173+00:00", "RecordID": "140588", "Level": "3", "UserID": "S-1-5-18", "EventData.hrError": "0x80070002", "EventData.FolderId": "{fdd39ad0-238f-46af-adb4-6c85480369c7}", "EventData.Path": "C:\\Windows\\system32\\config\\systemprofile\\Documents"}
{"EventID": "1002", "Channel": "Microsoft-Windows-Known Folders API Service", "Provider_Name": "Microsoft-Windows-KnownFolders", "Computer": "DESKTOP-OFJ6N53", "TimeCreated": "2025-06-05 01:06:44.408237+00:00", "RecordID": "140589", "Level": "3", "UserID": "S-1-5-18", "EventData.hrError": "0x80070002", "EventData.FolderId": "{fdd39ad0-238f-46af-adb4-6c85480369c7}", "EventData.Path": "C:\\Windows\\system32\\config\\systemprofile\\Documents"}
{"EventID": "1002", "Channel": "Microsoft-Windows-Known Folders API Service", "Provider_Name": "Microsoft-Windows-KnownFolders", "Computer": "DESKTOP-OFJ6N53", "TimeCreated": "2025-06-06 01:03:37.417072+00:00", "RecordID": "140590", "Level": "3", "UserID": "S-1-5-18", "EventData.hrError": "0x80070002", "EventData.FolderId": "{fdd39ad0-238f-46af-adb4-6c85480369c7}", "EventData.Path": "C:\\Windows\\system32\\config\\systemprofile\\Documents"}
{"EventID": "1002", "Channel": "Microsoft-Windows-Known Folders API Service", "Provider_Name": "Microsoft-Windows-KnownFolders", "Computer": "DESKTOP-OFJ6N53", "TimeCreated": "2025-06-06 01:03:38.635944+00:00", "RecordID": "140591", "Level": "3", "UserID": "S-1-5-18", "EventData.hrError": "0x80070002", "EventData.FolderId": "{fdd39ad0-238f-46af-adb4-6c85480369c7}", "EventData.Path": "C:\\Windows\\system32\\config\\systemprofile\\Documents"}
{"EventID": "1002", "Channel": "Microsoft-Windows-Known Folders API Service", "Provider_Name": "Microsoft-Windows-KnownFolders", "Computer": "DESKTOP-OFJ6N53", "TimeCreated": "2025-06-07 00:22:40.250257+00:00", "RecordID": "140592", "Level": "3", "UserID": "S-1-5-18", "EventData.hrError": "0x80070002", "EventData.FolderId": "{fdd39ad0-238f-46af-adb4-6c85480369c7}", "EventData.Path": "C:\\Windows\\system32\\config\\systemprofile\\Documents"}
{"EventID": "1002", "Channel": "Microsoft-Windows-Known Folders API Service", "Provider_Name": "Microsoft-Windows-KnownFolders", "Computer": "DESKTOP-OFJ6N53", "TimeCreated": "2025-06-07 00:22:41.450039+00:00", "RecordID": "140593", "Level": "3", "UserID": "S-1-5-18", "EventData.hrError": "0x80070002", "EventData.FolderId": "{fdd39ad0-238f-46af-adb4-6c85480369c7}", "EventData.Path": "C:\\Windows\\system32\\config\\systemprofile\\Documents"}
{"EventID": "1002", "Channel": "Microsoft-Windows-Known Folders API Service", "Provider_Name": "Microsoft-Windows-KnownFolders", "Computer": "DESKTOP-OFJ6N53", "TimeCreated": "2025-06-08 01:13:30.629946+00:00", "RecordID": "140594", "Level": "3", "UserID": "S-1-5-18", "EventData.hrError": "0x80070002", "EventData.FolderId": "{fdd39ad0-238f-46af-adb4-6c85480369c7}", "EventData.Path": "C:\\Windows\\system32\\config\\systemprofile\\Documents"}
{"EventID": "1002", "Channel": "Microsoft-Windows-Known Folders API Service", "Provider_Name": "Microsoft-Windows-KnownFolders", "Computer": "DESKTOP-OFJ6N53", "TimeCreated": "2025-06-08 01:13:30.629974+00:00", "RecordID": "140595", "Level": "3", "UserID": "S-1-5-18", "EventData.hrError": "0x80070002", "EventData.FolderId": "{fdd39ad0-238f-46af-adb4-6c85480369c7}", "EventData.Path": "C:\\Windows\\system32\\config\\systemprofile\\Documents"}
{"EventID": "1002", "Channel": "Microsoft-Windows-Known Folders API Service", "Provider_Name": "Microsoft-Windows-KnownFolders", "Computer": "DESKTOP-OFJ6N53", "TimeCreated": "2025-06-09 01:21:52.182339+00:00", "RecordID": "140596", "Level": "3", "UserID": "S-1-5-18", "EventData.hrError": "0x80070002", "EventData.FolderId": "{fdd39ad0-238f-46af-adb4-6c85480369c7}", "EventData.Path": "C:\\Windows\\system32\\config\\systemprofile\\Documents"}
{"EventID": "1002", "Channel": "Microsoft-Windows-Known Folders API Service", "Provider_Name": "Microsoft-Windows-KnownFolders", "Computer": "DESKTOP-OFJ6N53", "TimeCreated": "2025-06-09 01:21:54.303499+00:00", "RecordID": "140597", "Level": "3", "UserID": "S-1-5-18", "EventData.hrError": "0x80070002", "EventData.FolderId": "{fdd39ad0-238f-46af-adb4-6c85480369c7}", "EventData.Path": "C:\\Windows\\system32\\config\\systemprofile\\Documents"}
{"EventID": "1002", "Channel": "Microsoft-Windows-Known Folders API Service", "Provider_Name": "Microsoft-Windows-KnownFolders", "Computer": "DESKTOP-OFJ6N53", "TimeCreated": "2025-06-10 00:20:15.861055+00:00", "RecordID": "140598", "Level": "3", "UserID": "S-1-5-18", "EventData.hrError": "0x80070002", "EventData.FolderId": "{fdd39ad0-238f-46af-adb4-6c85480369c7}", "EventData.Path": "C:\\Windows\\system32\\config\\systemprofile\\Documents"}
{"EventID": "1002", "Channel": "Microsoft-Windows-Known Folders API Service", "Provider_Name": "Microsoft-Windows-KnownFolders", "Computer": "DESKTOP-OFJ6N53", "TimeCreated": "2025-06-10 00:20:18.045975+00:00", "RecordID": "140599", "Level": "3", "UserID": "S-1-5-18", "EventData.hrError": "0x80070002", "EventData.FolderId": "{fdd39ad0-238f-46af-adb4-6c85480369c7}", "EventData.Path": "C:\\Windows\\system32\\config\\systemprofile\\Documents"}
{"EventID": "1002", "Channel": "Microsoft-Windows-Known Folders API Service", "Provider_Name": "Microsoft-Windows-KnownFolders", "Computer": "DESKTOP-OFJ6N53", "TimeCreated": "2025-06-11 01:41:16.432220+00:00", "RecordID": "140600", "Level": "3", "UserID": "S-1-5-18", "EventData.hrError": "0x80070002", "EventData.FolderId": "{fdd39ad0-238f-46af-adb4-6c85480369c7}", "EventData.Path": "C:\\Windows\\system32\\config\\systemprofile\\Documents"}
{"EventID": "1002", "Channel": "Microsoft-Windows-Known Folders API Service", "Provider_Name": "Microsoft-Windows-KnownFolders", "Computer": "DESKTOP-OFJ6N53", "TimeCreated": "2025-06-11 01:41:18.521746+00:00", "RecordID": "140601", "Level": "3", "UserID": "S-1-5-18", "EventData.hrError": "0x80070002", "EventData.FolderId": "{fdd39ad0-238f-46af-adb4-6c85480369c7}", "EventData.Path": "C:\\Windows\\system32\\config\\systemprofile\\Documents"}
{"EventID": "1002", "Channel": "Microsoft-Windows-Known Folders API Service", "Provider_Name": "Microsoft-Windows-KnownFolders", "Computer": "DESKTOP-OFJ6N53", "TimeCreated": "2025-06-11 14:46:08.250856+00:00", "RecordID": "140602", "Level": "3", "UserID": "S-1-5-18", "EventData.hrError": "0x80070002", "EventData.FolderId": "{b4bfcc3a-db2c-424c-b029-7fe99a87c641}", "EventData.Path": "C:\\Windows\\system32\\config\\systemprofile\\Desktop"}
{"EventID": "1002", "Channel": "Microsoft-Windows-Known Folders API Service", "Provider_Name": "Microsoft-Windows-KnownFolders", "Computer": "DESKTOP-OFJ6N53", "TimeCreated": "2025-06-11 14:46:08.658539+00:00", "RecordID": "140603", "Level": "3", "UserID": "S-1-5-18", "EventData.hrError": "0x80070002", "EventData.FolderId": "{b4bfcc3a-db2c-424c-b029-7fe99a87c641}", "EventData.Path": "C:\\Windows\\system32\\config\\systemprofile\\Desktop"}
{"EventID": "1002", "Channel": "Microsoft-Windows-Known Folders API Service", "Provider_Name": "Microsoft-Windows-KnownFolders", "Computer": "DESKTOP-OFJ6N53", "TimeCreated": "2025-06-11 14:46:10.842995+00:00", "RecordID": "140604", "Level": "3", "UserID": "S-1-5-18", "EventData.hrError": "0x80070002", "EventData.FolderId": "{b4bfcc3a-db2c-424c-b029-7fe99a87c641}", "EventData.Path": "C:\\Windows\\system32\\config\\systemprofile\\Desktop"}
{"EventID": "1002", "Channel": "Microsoft-Windows-Known Folders API Service", "Provider_Name": "Microsoft-Windows-KnownFolders", "Computer": "DESKTOP-OFJ6N53", "TimeCreated": "2025-06-11 14:46:11.211466+00:00", "RecordID": "140605", "Level": "3", "UserID": "S-1-5-18", "EventData.hrError": "0x80070002", "EventData.FolderId": "{b4bfcc3a-db2c-424c-b029-7fe99a87c641}", "EventData.Path": "C:\\Windows\\system32\\config\\systemprofile\\Desktop"}
{"EventID": "1002", "Channel": "Microsoft-Windows-Known Folders API Service", "Provider_Name": "Microsoft-Windows-KnownFolders", "Computer": "DESKTOP-OFJ6N53", "TimeCreated": "2025-06-11 14:46:54.350883+00:00", "RecordID": "140606", "Level": "3", "UserID": "S-1-5-18", "EventData.hrError": "0x80070003", "EventData.FolderId": "{b97d20bb-f46a-4c97-ba10-5e3608430854}", "EventData.Path": "C:\\Windows\\system32\\config\\systemprofile\\AppData\\Roaming\\Microsoft\\Windows\\Start Menu\\Programs\\Startup"}
{"EventID": "1002", "Channel": "Microsoft-Windows-Known Folders API Service", "Provider_Name": "Microsoft-Windows-KnownFolders", "Computer": "DESKTOP-OFJ6N53", "TimeCreated": "2025-06-11 14:46:54.351261+00:00", "RecordID": "140607", "Level": "3", "UserID": "S-1-5-18", "EventData.hrError": "0x80070002", "EventData.FolderId": "{1777f761-68ad-4d8a-87bd-30b759fa33dd}", "EventData.Path": "C:\\Windows\\system32\\config\\systemprofile\\Favorites"}
{"EventID": "1002", "Channel": "Microsoft-Windows-Known Folders API Service", "Provider_Name": "Microsoft-Windows-KnownFolders", "Computer": "DESKTOP-OFJ6N53", "TimeCreated": "2025-06-11 14:47:06.605259+00:00", "RecordID": "140608", "Level": "3", "UserID": "S-1-5-18", "EventData.hrError": "0x80070002", "EventData.FolderId": "{fdd39ad0-238f-46af-adb4-6c85480369c7}", "EventData.Path": "C:\\Windows\\system32\\config\\systemprofile\\Documents"}
{"EventID": "1002", "Channel": "Microsoft-Windows-Known Folders API Service", "Provider_Name": "Microsoft-Windows-KnownFolders", "Computer": "DESKTOP-OFJ6N53", "TimeCreated": "2025-06-11 14:47:33.378569+00:00", "RecordID": "140609", "Level": "3", "UserID": "S-1-5-18", "EventData.hrError": "0x80070002", "EventData.FolderId": "{fdd39ad0-238f-46af-adb4-6c85480369c7}", "EventData.Path": "C:\\Windows\\system32\\config\\systemprofile\\Documents"}
{"EventID": "1002", "Channel": "Microsoft-Windows-Known Folders API Service", "Provider_Name": "Microsoft-Windows-KnownFolders", "Computer": "DESKTOP-OFJ6N53", "TimeCreated": "2025-06-11 14:47:37.839270+00:00", "RecordID": "140610", "Level": "3", "UserID": "S-1-5-18", "EventData.hrError": "0x80070002", "EventData.FolderId": "{fdd39ad0-238f-46af-adb4-6c85480369c7}", "EventData.Path": "C:\\Windows\\system32\\config\\systemprofile\\Documents"}
{"EventID": "1002", "Channel": "Microsoft-Windows-Known Folders API Service", "Provider_Name": "Microsoft-Windows-KnownFolders", "Computer": "DESKTOP-OFJ6N53", "TimeCreated": "2025-06-11 14:47:44.625803+00:00", "RecordID": "140611", "Level": "3", "UserID": "S-1-5-18", "EventData.hrError": "0x80070002", "EventData.FolderId": "{fdd39ad0-238f-46af-adb4-6c85480369c7}", "EventData.Path": "C:\\Windows\\system32\\config\\systemprofile\\Documents"}
{"EventID": "1002", "Channel": "Microsoft-Windows-Known Folders API Service", "Provider_Name": "Microsoft-Windows-KnownFolders", "Computer": "DESKTOP-OFJ6N53", "TimeCreated": "2025-06-12 00:40:30.204706+00:00", "RecordID": "140612", "Level": "3", "UserID": "S-1-5-18", "EventData.hrError": "0x80070002", "EventData.FolderId": "{fdd39ad0-238f-46af-adb4-6c85480369c7}", "EventData.Path": "C:\\Windows\\system32\\config\\systemprofile\\Documents"}
{"EventID": "1002", "Channel": "Microsoft-Windows-Known Folders API Service", "Provider_Name": "Microsoft-Windows-KnownFolders", "Computer": "DESKTOP-OFJ6N53", "TimeCreated": "2025-06-12 00:40:32.444496+00:00", "RecordID": "140613", "Level": "3", "UserID": "S-1-5-18", "EventData.hrError": "0x80070002", "EventData.FolderId": "{fdd39ad0-238f-46af-adb4-6c85480369c7}", "EventData.Path": "C:\\Windows\\system32\\config\\systemprofile\\Documents"}
{"EventID": "1002", "Channel": "Microsoft-Windows-Known Folders API Service", "Provider_Name": "Microsoft-Windows-KnownFolders", "Computer": "DESKTOP-OFJ6N53", "TimeCreated": "2025-06-13 01:34:26.267269+00:00", "RecordID": "140614", "Level": "3", "UserID": "S-1-5-18", "EventData.hrError": "0x80070002", "EventData.FolderId": "{fdd39ad0-238f-46af-adb4-6c85480369c7}", "EventData.Path": "C:\\Windows\\system32\\config\\systemprofile\\Documents"}
{"EventID": "1002", "Channel": "Microsoft-Windows-Known Folders API Service", "Provider_Name": "Microsoft-Windows-KnownFolders", "Computer": "DESKTOP-OFJ6N53", "TimeCreated": "2025-06-13 01:34:27.579405+00:00", "RecordID": "140615", "Level": "3", "UserID": "S-1-5-18", "EventData.hrError": "0x80070002", "EventData.FolderId": "{fdd39ad0-238f-46af-adb4-6c85480369c7}", "EventData.Path": "C:\\Windows\\system32\\config\\systemprofile\\Documents"}
{"EventID": "1002", "Channel": "Microsoft-Windows-Known Folders API Service", "Provider_Name": "Microsoft-Windows-KnownFolders", "Computer": "DESKTOP-OFJ6N53", "TimeCreated": "2025-06-14 00:08:19.316034+00:00", "RecordID": "140616", "Level": "3", "UserID": "S-1-5-18", "EventData.hrError": "0x80070002", "EventData.FolderId": "{fdd39ad0-238f-46af-adb4-6c85480369c7}", "EventData.Path": "C:\\Windows\\system32\\config\\systemprofile\\Documents"}
