{"EventID": "4042", "Channel": "Microsoft-Windows-NCSI/Operational", "Provider_Name": "Microsoft-Windows-NCSI", "Computer": "DESKTOP-OFJ6N53", "TimeCreated": "2024-09-16 20:52:51.370461+00:00", "RecordID": "7188", "Level": "4", "UserID": "S-1-5-20", "EventData.InterfaceGuid": "{bed2c4be-ec11-4cc8-aafc-f0fd7a5e3a02}", "EventData.IfLuid": "1689399632855040", "EventData.Family": "1", "EventData.Capability": "0", "EventData.CapabilityChangeReason": "5", "EventData.PreviousCapability": "0"}
{"EventID": "4042", "Channel": "Microsoft-Windows-NCSI/Operational", "Provider_Name": "Microsoft-Windows-NCSI", "Computer": "DESKTOP-OFJ6N53", "TimeCreated": "2024-09-17 12:05:57.972757+00:00", "RecordID": "7189", "Level": "4", "UserID": "S-1-5-20", "EventData.InterfaceGuid": "{bed2c4be-ec11-4cc8-aafc-f0fd7a5e3a02}", "EventData.IfLuid": "1689399632855040", "EventData.Family": "0", "EventData.Capability": "1", "EventData.CapabilityChangeReason": "3", "EventData.PreviousCapability": "2"}
{"EventID": "4042", "Channel": "Microsoft-Windows-NCSI/Operational", "Provider_Name": "Microsoft-Windows-NCSI", "Computer": "DESKTOP-OFJ6N53", "TimeCreated": "2024-09-17 12:06:10.566509+00:00", "RecordID": "7190", "Level": "4", "UserID": "S-1-5-20", "EventData.InterfaceGuid": "{bed2c4be-ec11-4cc8-aafc-f0fd7a5e3a02}", "EventData.IfLuid": "1689399632855040", "EventData.Family": "1", "EventData.Capability": "1", "EventData.CapabilityChangeReason": "13", "EventData.PreviousCapability": "0"}
{"EventID": "4042", "Channel": "Microsoft-Windows-NCSI/Operational", "Provider_Name": "Microsoft-Windows-NCSI", "Computer": "DESKTOP-OFJ6N53", "TimeCreated": "2024-09-17 12:06:10.581615+00:00", "RecordID": "7191", "Level": "4", "UserID": "S-1-5-20", "EventData.InterfaceGuid": "{4ce1134c-e059-4f27-a6df-bafcb007188c}", "EventData.IfLuid": "1689399699963904", "EventData.Family": "0", "EventData.Capability": "1", "EventData.CapabilityChangeReason": "13", "EventData.PreviousCapability": "0"}
{"EventID": "4042", "Channel": "Microsoft-Windows-NCSI/Operational", "Provider_Name": "Microsoft-Windows-NCSI", "Computer": "DESKTOP-OFJ6N53", "TimeCreated": "2024-09-17 12:06:44.592424+00:00", "RecordID": "7192", "Level": "4", "UserID": "S-1-5-20", "EventData.InterfaceGuid": "{4ce1134c-e059-4f27-a6df-bafcb007188c}", "EventData.IfLuid": "1689399699963904", "EventData.Family": "0", "EventData.Capability": "1", "EventData.CapabilityChangeReason": "6", "EventData.PreviousCapability": "1"}
{"EventID": "4042", "Channel": "Microsoft-Windows-NCSI/Operational", "Provider_Name": "Microsoft-Windows-NCSI", "Computer": "DESKTOP-OFJ6N53", "TimeCreated": "2024-09-17 12:08:07.709078+00:00", "RecordID": "7193", "Level": "4", "UserID": "S-1-5-20", "EventData.InterfaceGuid": "{4ce1134c-e059-4f27-a6df-bafcb007188c}", "EventData.IfLuid": "1689399699963904", "EventData.Family": "0", "EventData.Capability": "1", "EventData.CapabilityChangeReason": "6", "EventData.PreviousCapability": "1"}
{"EventID": "4042", "Channel": "Microsoft-Windows-NCSI/Operational", "Provider_Name": "Microsoft-Windows-NCSI", "Computer": "DESKTOP-OFJ6N53", "TimeCreated": "2024-09-17 18:06:05.861040+00:00", "RecordID": "7194", "Level": "4", "UserID": "S-1-5-20", "EventData.InterfaceGuid": "{4ce1134c-e059-4f27-a6df-bafcb007188c}", "EventData.IfLuid": "1689399699963904", "EventData.Family": "0", "EventData.Capability": "0", "EventData.CapabilityChangeReason": "14", "EventData.PreviousCapability": "1"}
{"EventID": "4042", "Channel": "Microsoft-Windows-NCSI/Operational", "Provider_Name": "Microsoft-Windows-NCSI", "Computer": "DESKTOP-OFJ6N53", "TimeCreated": "2024-09-17 18:06:05.869827+00:00", "RecordID": "7195", "Level": "4", "UserID": "S-1-5-20", "EventData.InterfaceGuid": "{bed2c4be-ec11-4cc8-aafc-f0fd7a5e3a02}", "EventData.IfLuid": "1689399632855040", "EventData.Family": "0", "EventData.Capability": "2", "EventData.CapabilityChangeReason": "8", "EventData.PreviousCapability": "1"}
{"EventID": "4042", "Channel": "Microsoft-Windows-NCSI/Operational", "Provider_Name": "Microsoft-Windows-NCSI", "Computer": "DESKTOP-OFJ6N53", "TimeCreated": "2024-09-17 18:06:06.720364+00:00", "RecordID": "7196", "Level": "4", "UserID": "S-1-5-20", "EventData.InterfaceGuid": "{bed2c4be-ec11-4cc8-aafc-f0fd7a5e3a02}", "EventData.IfLuid": "1689399632855040", "EventData.Family": "1", "EventData.Capability": "1", "EventData.CapabilityChangeReason": "5", "EventData.PreviousCapability": "1"}
{"EventID": "4042", "Channel": "Microsoft-Windows-NCSI/Operational", "Provider_Name": "Microsoft-Windows-NCSI", "Computer": "DESKTOP-OFJ6N53", "TimeCreated": "2024-09-19 07:41:50.116426+00:00", "RecordID": "7197", "Level": "4", "UserID": "S-1-5-20", "EventData.InterfaceGuid": "{0172e17a-3456-4bc7-bb55-da15689cd0b2}", "EventData.IfLuid": "1689399716741120", "EventData.Family": "0", "EventData.Capability": "0", "EventData.CapabilityChangeReason": "5", "EventData.PreviousCapability": "0"}
{"EventID": "4042", "Channel": "Microsoft-Windows-NCSI/Operational", "Provider_Name": "Microsoft-Windows-NCSI", "Computer": "DESKTOP-OFJ6N53", "TimeCreated": "2024-09-19 07:42:12.225172+00:00", "RecordID": "7198", "Level": "4", "UserID": "S-1-5-20", "EventData.InterfaceGuid": "{0172e17a-3456-4bc7-bb55-da15689cd0b2}", "EventData.IfLuid": "1689399716741120", "EventData.Family": "0", "EventData.Capability": "1", "EventData.CapabilityChangeReason": "13", "EventData.PreviousCapability": "0"}
{"EventID": "4042", "Channel": "Microsoft-Windows-NCSI/Operational", "Provider_Name": "Microsoft-Windows-NCSI", "Computer": "DESKTOP-OFJ6N53", "TimeCreated": "2024-09-19 07:42:28.052809+00:00", "RecordID": "7199", "Level": "4", "UserID": "S-1-5-20", "EventData.InterfaceGuid": "{0172e17a-3456-4bc7-bb55-da15689cd0b2}", "EventData.IfLuid": "1689399716741120", "EventData.Family": "0", "EventData.Capability": "1", "EventData.CapabilityChangeReason": "5", "EventData.PreviousCapability": "1"}
{"EventID": "4042", "Channel": "Microsoft-Windows-NCSI/Operational", "Provider_Name": "Microsoft-Windows-NCSI", "Computer": "DESKTOP-OFJ6N53", "TimeCreated": "2024-09-19 17:24:30.600245+00:00", "RecordID": "7200", "Level": "4", "UserID": "S-1-5-20", "EventData.InterfaceGuid": "{0172e17a-3456-4bc7-bb55-da15689cd0b2}", "EventData.IfLuid": "1689399716741120", "EventData.Family": "0", "EventData.Capability": "0", "EventData.CapabilityChangeReason": "14", "EventData.PreviousCapability": "1"}
{"EventID": "4042", "Channel": "Microsoft-Windows-NCSI/Operational", "Provider_Name": "Microsoft-Windows-NCSI", "Computer": "DESKTOP-OFJ6N53", "TimeCreated": "2024-09-19 17:24:31.472694+00:00", "RecordID": "7201", "Level": "4", "UserID": "S-1-5-20", "EventData.InterfaceGuid": "{bed2c4be-ec11-4cc8-aafc-f0fd7a5e3a02}", "EventData.IfLuid": "1689399632855040", "EventData.Family": "1", "EventData.Capability": "1", "EventData.CapabilityChangeReason": "5", "EventData.PreviousCapability": "1"}
{"EventID": "4042", "Channel": "Microsoft-Windows-NCSI/Operational", "Provider_Name": "Microsoft-Windows-NCSI", "Computer": "DESKTOP-OFJ6N53", "TimeCreated": "2024-09-19 17:25:27.594448+00:00", "RecordID": "7202", "Level": "4", "UserID": "S-1-5-20", "EventData.InterfaceGuid": "{bed2c4be-ec11-4cc8-aafc-f0fd7a5e3a02}", "EventData.IfLuid": "1689399632855040", "EventData.Family": "0", "EventData.Capability": "2", "EventData.CapabilityChangeReason": "8", "EventData.PreviousCapability": "0"}
{"EventID": "4042", "Channel": "Microsoft-Windows-NCSI/Operational", "Provider_Name": "Microsoft-Windows-NCSI", "Computer": "DESKTOP-OFJ6N53", "TimeCreated": "2024-09-19 17:26:43.241827+00:00", "RecordID": "7203", "Level": "4", "UserID": "S-1-5-20", "EventData.InterfaceGuid": "{f1ef13e0-fbec-4ee4-9746-6f2e5ceab223}", "EventData.IfLuid": "1689399817404416", "EventData.Family": "0", "EventData.Capability": "1", "EventData.CapabilityChangeReason": "13", "EventData.PreviousCapability": "0"}
{"EventID": "4042", "Channel": "Microsoft-Windows-NCSI/Operational", "Provider_Name": "Microsoft-Windows-NCSI", "Computer": "DESKTOP-OFJ6N53", "TimeCreated": "2024-09-20 07:12:05.044136+00:00", "RecordID": "7204", "Level": "4", "UserID": "S-1-5-20", "EventData.InterfaceGuid": "{f1ef13e0-fbec-4ee4-9746-6f2e5ceab223}", "EventData.IfLuid": "1689399817404416", "EventData.Family": "0", "EventData.Capability": "0", "EventData.CapabilityChangeReason": "14", "EventData.PreviousCapability": "1"}
{"EventID": "4042", "Channel": "Microsoft-Windows-NCSI/Operational", "Provider_Name": "Microsoft-Windows-NCSI", "Computer": "DESKTOP-OFJ6N53", "TimeCreated": "2024-09-20 07:12:05.932924+00:00", "RecordID": "7205", "Level": "4", "UserID": "S-1-5-20", "EventData.InterfaceGuid": "{bed2c4be-ec11-4cc8-aafc-f0fd7a5e3a02}", "EventData.IfLuid": "1689399632855040", "EventData.Family": "1", "EventData.Capability": "0", "EventData.CapabilityChangeReason": "5", "EventData.PreviousCapability": "0"}
{"EventID": "4042", "Channel": "Microsoft-Windows-NCSI/Operational", "Provider_Name": "Microsoft-Windows-NCSI", "Computer": "DESKTOP-OFJ6N53", "TimeCreated": "2024-09-22 14:20:47.488640+00:00", "RecordID": "7206", "Level": "4", "UserID": "S-1-5-20", "EventData.InterfaceGuid": "{bed2c4be-ec11-4cc8-aafc-f0fd7a5e3a02}", "EventData.IfLuid": "1689399632855040", "EventData.Family": "0", "EventData.Capability": "1", "EventData.CapabilityChangeReason": "3", "EventData.PreviousCapability": "2"}
{"EventID": "4042", "Channel": "Microsoft-Windows-NCSI/Operational", "Provider_Name": "Microsoft-Windows-NCSI", "Computer": "DESKTOP-OFJ6N53", "TimeCreated": "2024-09-22 14:20:55.495588+00:00", "RecordID": "7207", "Level": "4", "UserID": "S-1-5-20", "EventData.InterfaceGuid": "{eb0948ce-2c9d-4bb1-b013-d4771779b95b}", "EventData.IfLuid": "1689399767072768", "EventData.Family": "0", "EventData.Capability": "2", "EventData.CapabilityChangeReason": "4", "EventData.PreviousCapability": "0"}
{"EventID": "4042", "Channel": "Microsoft-Windows-NCSI/Operational", "Provider_Name": "Microsoft-Windows-NCSI", "Computer": "DESKTOP-OFJ6N53", "TimeCreated": "2024-09-22 17:52:57.845007+00:00", "RecordID": "7208", "Level": "4", "UserID": "S-1-5-20", "EventData.InterfaceGuid": "{eb0948ce-2c9d-4bb1-b013-d4771779b95b}", "EventData.IfLuid": "1689399767072768", "EventData.Family": "0", "EventData.Capability": "0", "EventData.CapabilityChangeReason": "14", "EventData.PreviousCapability": "2"}
{"EventID": "4042", "Channel": "Microsoft-Windows-NCSI/Operational", "Provider_Name": "Microsoft-Windows-NCSI", "Computer": "DESKTOP-OFJ6N53", "TimeCreated": "2024-09-22 17:52:57.852278+00:00", "RecordID": "7209", "Level": "4", "UserID": "S-1-5-20", "EventData.InterfaceGuid": "{bed2c4be-ec11-4cc8-aafc-f0fd7a5e3a02}", "EventData.IfLuid": "1689399632855040", "EventData.Family": "0", "EventData.Capability": "1", "EventData.CapabilityChangeReason": "10", "EventData.PreviousCapability": "1"}
{"EventID": "4042", "Channel": "Microsoft-Windows-NCSI/Operational", "Provider_Name": "Microsoft-Windows-NCSI", "Computer": "DESKTOP-OFJ6N53", "TimeCreated": "2024-09-22 17:52:58.684246+00:00", "RecordID": "7210", "Level": "4", "UserID": "S-1-5-20", "EventData.InterfaceGuid": "{bed2c4be-ec11-4cc8-aafc-f0fd7a5e3a02}", "EventData.IfLuid": "1689399632855040", "EventData.Family": "1", "EventData.Capability": "0", "EventData.CapabilityChangeReason": "5", "EventData.PreviousCapability": "0"}
{"EventID": "4042", "Channel": "Microsoft-Windows-NCSI/Operational", "Provider_Name": "Microsoft-Windows-NCSI", "Computer": "DESKTOP-OFJ6N53", "TimeCreated": "2024-09-22 17:52:59.103930+00:00", "RecordID": "7211", "Level": "4", "UserID": "S-1-5-20", "EventData.InterfaceGuid": "{bed2c4be-ec11-4cc8-aafc-f0fd7a5e3a02}", "EventData.IfLuid": "1689399632855040", "EventData.Family": "0", "EventData.Capability": "2", "EventData.CapabilityChangeReason": "8", "EventData.PreviousCapability": "1"}
{"EventID": "4042", "Channel": "Microsoft-Windows-NCSI/Operational", "Provider_Name": "Microsoft-Windows-NCSI", "Computer": "DESKTOP-OFJ6N53", "TimeCreated": "2024-09-22 20:15:49.021610+00:00", "RecordID": "7212", "Level": "4", "UserID": "S-1-5-20", "EventData.InterfaceGuid": "{bed2c4be-ec11-4cc8-aafc-f0fd7a5e3a02}", "EventData.IfLuid": "1689399632855040", "EventData.Family": "0", "EventData.Capability": "1", "EventData.CapabilityChangeReason": "3", "EventData.PreviousCapability": "2"}
{"EventID": "4042", "Channel": "Microsoft-Windows-NCSI/Operational", "Provider_Name": "Microsoft-Windows-NCSI", "Computer": "DESKTOP-OFJ6N53", "TimeCreated": "2024-09-22 20:15:53.884378+00:00", "RecordID": "7213", "Level": "4", "UserID": "S-1-5-20", "EventData.InterfaceGuid": "{eb0948ce-2c9d-4bb1-b013-d4771779b95b}", "EventData.IfLuid": "1689399767072768", "EventData.Family": "0", "EventData.Capability": "2", "EventData.CapabilityChangeReason": "8", "EventData.PreviousCapability": "0"}
{"EventID": "4042", "Channel": "Microsoft-Windows-NCSI/Operational", "Provider_Name": "Microsoft-Windows-NCSI", "Computer": "DESKTOP-OFJ6N53", "TimeCreated": "2024-09-23 00:49:34.513813+00:00", "RecordID": "7214", "Level": "4", "UserID": "S-1-5-20", "EventData.InterfaceGuid": "{eb0948ce-2c9d-4bb1-b013-d4771779b95b}", "EventData.IfLuid": "1689399767072768", "EventData.Family": "0", "EventData.Capability": "0", "EventData.CapabilityChangeReason": "14", "EventData.PreviousCapability": "2"}
{"EventID": "4042", "Channel": "Microsoft-Windows-NCSI/Operational", "Provider_Name": "Microsoft-Windows-NCSI", "Computer": "DESKTOP-OFJ6N53", "TimeCreated": "2024-09-23 00:49:34.515324+00:00", "RecordID": "7215", "Level": "4", "UserID": "S-1-5-20", "EventData.InterfaceGuid": "{bed2c4be-ec11-4cc8-aafc-f0fd7a5e3a02}", "EventData.IfLuid": "1689399632855040", "EventData.Family": "0", "EventData.Capability": "1", "EventData.CapabilityChangeReason": "10", "EventData.PreviousCapability": "1"}
{"EventID": "4042", "Channel": "Microsoft-Windows-NCSI/Operational", "Provider_Name": "Microsoft-Windows-NCSI", "Computer": "DESKTOP-OFJ6N53", "TimeCreated": "2024-09-23 00:49:35.342817+00:00", "RecordID": "7216", "Level": "4", "UserID": "S-1-5-20", "EventData.InterfaceGuid": "{bed2c4be-ec11-4cc8-aafc-f0fd7a5e3a02}", "EventData.IfLuid": "1689399632855040", "EventData.Family": "1", "EventData.Capability": "0", "EventData.CapabilityChangeReason": "5", "EventData.PreviousCapability": "0"}
{"EventID": "4042", "Channel": "Microsoft-Windows-NCSI/Operational", "Provider_Name": "Microsoft-Windows-NCSI", "Computer": "DESKTOP-OFJ6N53", "TimeCreated": "2024-09-23 00:49:35.763845+00:00", "RecordID": "7217", "Level": "4", "UserID": "S-1-5-20", "EventData.InterfaceGuid": "{bed2c4be-ec11-4cc8-aafc-f0fd7a5e3a02}", "EventData.IfLuid": "1689399632855040", "EventData.Family": "0", "EventData.Capability": "2", "EventData.CapabilityChangeReason": "8", "EventData.PreviousCapability": "1"}
{"EventID": "4042", "Channel": "Microsoft-Windows-NCSI/Operational", "Provider_Name": "Microsoft-Windows-NCSI", "Computer": "DESKTOP-OFJ6N53", "TimeCreated": "2024-09-24 10:57:33.159204+00:00", "RecordID": "7218", "Level": "4", "UserID": "S-1-5-20", "EventData.InterfaceGuid": "{bed2c4be-ec11-4cc8-aafc-f0fd7a5e3a02}", "EventData.IfLuid": "1689399632855040", "EventData.Family": "0", "EventData.Capability": "2", "EventData.CapabilityChangeReason": "8", "EventData.PreviousCapability": "0"}
{"EventID": "4042", "Channel": "Microsoft-Windows-NCSI/Operational", "Provider_Name": "Microsoft-Windows-NCSI", "Computer": "DESKTOP-OFJ6N53", "TimeCreated": "2024-09-24 12:13:52.367392+00:00", "RecordID": "7219", "Level": "4", "UserID": "S-1-5-20", "EventData.InterfaceGuid": "{bed2c4be-ec11-4cc8-aafc-f0fd7a5e3a02}", "EventData.IfLuid": "1689399632855040", "EventData.Family": "0", "EventData.Capability": "1", "EventData.CapabilityChangeReason": "3", "EventData.PreviousCapability": "2"}
{"EventID": "4042", "Channel": "Microsoft-Windows-NCSI/Operational", "Provider_Name": "Microsoft-Windows-NCSI", "Computer": "DESKTOP-OFJ6N53", "TimeCreated": "2024-09-24 12:13:57.377567+00:00", "RecordID": "7220", "Level": "4", "UserID": "S-1-5-20", "EventData.InterfaceGuid": "{eb0948ce-2c9d-4bb1-b013-d4771779b95b}", "EventData.IfLuid": "1689399767072768", "EventData.Family": "0", "EventData.Capability": "2", "EventData.CapabilityChangeReason": "8", "EventData.PreviousCapability": "0"}
{"EventID": "4042", "Channel": "Microsoft-Windows-NCSI/Operational", "Provider_Name": "Microsoft-Windows-NCSI", "Computer": "DESKTOP-OFJ6N53", "TimeCreated": "2024-09-24 12:15:24.503445+00:00", "RecordID": "7221", "Level": "4", "UserID": "S-1-5-20", "EventData.InterfaceGuid": "{eb0948ce-2c9d-4bb1-b013-d4771779b95b}", "EventData.IfLuid": "1689399767072768", "EventData.Family": "0", "EventData.Capability": "0", "EventData.CapabilityChangeReason": "1", "EventData.PreviousCapability": "2"}
{"EventID": "4042", "Channel": "Microsoft-Windows-NCSI/Operational", "Provider_Name": "Microsoft-Windows-NCSI", "Computer": "DESKTOP-OFJ6N53", "TimeCreated": "2024-09-24 12:15:24.949440+00:00", "RecordID": "7222", "Level": "4", "UserID": "S-1-5-20", "EventData.InterfaceGuid": "{bed2c4be-ec11-4cc8-aafc-f0fd7a5e3a02}", "EventData.IfLuid": "1689399632855040", "EventData.Family": "0", "EventData.Capability": "1", "EventData.CapabilityChangeReason": "10", "EventData.PreviousCapability": "1"}
{"EventID": "4042", "Channel": "Microsoft-Windows-NCSI/Operational", "Provider_Name": "Microsoft-Windows-NCSI", "Computer": "DESKTOP-OFJ6N53", "TimeCreated": "2024-09-24 12:15:25.767895+00:00", "RecordID": "7223", "Level": "4", "UserID": "S-1-5-20", "EventData.InterfaceGuid": "{bed2c4be-ec11-4cc8-aafc-f0fd7a5e3a02}", "EventData.IfLuid": "1689399632855040", "EventData.Family": "1", "EventData.Capability": "0", "EventData.CapabilityChangeReason": "5", "EventData.PreviousCapability": "0"}
{"EventID": "4042", "Channel": "Microsoft-Windows-NCSI/Operational", "Provider_Name": "Microsoft-Windows-NCSI", "Computer": "DESKTOP-OFJ6N53", "TimeCreated": "2024-09-24 12:15:27.031282+00:00", "RecordID": "7224", "Level": "4", "UserID": "S-1-5-20", "EventData.InterfaceGuid": "{bed2c4be-ec11-4cc8-aafc-f0fd7a5e3a02}", "EventData.IfLuid": "1689399632855040", "EventData.Family": "0", "EventData.Capability": "2", "EventData.CapabilityChangeReason": "8", "EventData.PreviousCapability": "1"}
{"EventID": "4042", "Channel": "Microsoft-Windows-NCSI/Operational", "Provider_Name": "Microsoft-Windows-NCSI", "Computer": "DESKTOP-OFJ6N53", "TimeCreated": "2024-09-24 12:15:46.150291+00:00", "RecordID": "7225", "Level": "4", "UserID": "S-1-5-20", "EventData.InterfaceGuid": "{36107176-2631-40d4-9a54-9e8046067dc5}", "EventData.IfLuid": "1689399834181632", "EventData.Family": "0", "EventData.Capability": "1", "EventData.CapabilityChangeReason": "13", "EventData.PreviousCapability": "0"}
{"EventID": "4042", "Channel": "Microsoft-Windows-NCSI/Operational", "Provider_Name": "Microsoft-Windows-NCSI", "Computer": "DESKTOP-OFJ6N53", "TimeCreated": "2024-09-24 13:56:48.112957+00:00", "RecordID": "7226", "Level": "4", "UserID": "S-1-5-20", "EventData.InterfaceGuid": "{36107176-2631-40d4-9a54-9e8046067dc5}", "EventData.IfLuid": "1689399834181632", "EventData.Family": "0", "EventData.Capability": "0", "EventData.CapabilityChangeReason": "14", "EventData.PreviousCapability": "1"}
{"EventID": "4042", "Channel": "Microsoft-Windows-NCSI/Operational", "Provider_Name": "Microsoft-Windows-NCSI", "Computer": "DESKTOP-OFJ6N53", "TimeCreated": "2024-09-24 13:56:48.972904+00:00", "RecordID": "7227", "Level": "4", "UserID": "S-1-5-20", "EventData.InterfaceGuid": "{bed2c4be-ec11-4cc8-aafc-f0fd7a5e3a02}", "EventData.IfLuid": "1689399632855040", "EventData.Family": "1", "EventData.Capability": "0", "EventData.CapabilityChangeReason": "5", "EventData.PreviousCapability": "0"}
{"EventID": "4042", "Channel": "Microsoft-Windows-NCSI/Operational", "Provider_Name": "Microsoft-Windows-NCSI", "Computer": "DESKTOP-OFJ6N53", "TimeCreated": "2024-09-24 15:14:31.128950+00:00", "RecordID": "7228", "Level": "4", "UserID": "S-1-5-20", "EventData.InterfaceGuid": "{36107176-2631-40d4-9a54-9e8046067dc5}", "EventData.IfLuid": "1689399834181632", "EventData.Family": "0", "EventData.Capability": "1", "EventData.CapabilityChangeReason": "13", "EventData.PreviousCapability": "0"}
{"EventID": "4042", "Channel": "Microsoft-Windows-NCSI/Operational", "Provider_Name": "Microsoft-Windows-NCSI", "Computer": "DESKTOP-OFJ6N53", "TimeCreated": "2024-09-24 23:14:17.318539+00:00", "RecordID": "7229", "Level": "4", "UserID": "S-1-5-20", "EventData.InterfaceGuid": "{36107176-2631-40d4-9a54-9e8046067dc5}", "EventData.IfLuid": "1689399834181632", "EventData.Family": "0", "EventData.Capability": "0", "EventData.CapabilityChangeReason": "14", "EventData.PreviousCapability": "1"}
{"EventID": "4042", "Channel": "Microsoft-Windows-NCSI/Operational", "Provider_Name": "Microsoft-Windows-NCSI", "Computer": "DESKTOP-OFJ6N53", "TimeCreated": "2024-09-24 23:14:18.176847+00:00", "RecordID": "7230", "Level": "4", "UserID": "S-1-5-20", "EventData.InterfaceGuid": "{bed2c4be-ec11-4cc8-aafc-f0fd7a5e3a02}", "EventData.IfLuid": "1689399632855040", "EventData.Family": "1", "EventData.Capability": "0", "EventData.CapabilityChangeReason": "5", "EventData.PreviousCapability": "0"}
{"EventID": "4042", "Channel": "Microsoft-Windows-NCSI/Operational", "Provider_Name": "Microsoft-Windows-NCSI", "Computer": "DESKTOP-OFJ6N53", "TimeCreated": "2024-09-25 13:38:58.437696+00:00", "RecordID": "7231", "Level": "4", "UserID": "S-1-5-20", "EventData.InterfaceGuid": "{bed2c4be-ec11-4cc8-aafc-f0fd7a5e3a02}", "EventData.IfLuid": "1689399632855040", "EventData.Family": "0", "EventData.Capability": "2", "EventData.CapabilityChangeReason": "8", "EventData.PreviousCapability": "0"}
{"EventID": "4042", "Channel": "Microsoft-Windows-NCSI/Operational", "Provider_Name": "Microsoft-Windows-NCSI", "Computer": "DESKTOP-OFJ6N53", "TimeCreated": "2024-09-25 14:37:53.392641+00:00", "RecordID": "7232", "Level": "4", "UserID": "S-1-5-20", "EventData.InterfaceGuid": "{bed2c4be-ec11-4cc8-aafc-f0fd7a5e3a02}", "EventData.IfLuid": "1689399632855040", "EventData.Family": "0", "EventData.Capability": "1", "EventData.CapabilityChangeReason": "3", "EventData.PreviousCapability": "2"}
{"EventID": "4042", "Channel": "Microsoft-Windows-NCSI/Operational", "Provider_Name": "Microsoft-Windows-NCSI", "Computer": "DESKTOP-OFJ6N53", "TimeCreated": "2024-09-25 14:37:59.151482+00:00", "RecordID": "7233", "Level": "4", "UserID": "S-1-5-20", "EventData.InterfaceGuid": "{bed2c4be-ec11-4cc8-aafc-f0fd7a5e3a02}", "EventData.IfLuid": "1689399632855040", "EventData.Family": "1", "EventData.Capability": "1", "EventData.CapabilityChangeReason": "13", "EventData.PreviousCapability": "0"}
{"EventID": "4042", "Channel": "Microsoft-Windows-NCSI/Operational", "Provider_Name": "Microsoft-Windows-NCSI", "Computer": "DESKTOP-OFJ6N53", "TimeCreated": "2024-09-25 14:37:59.174141+00:00", "RecordID": "7234", "Level": "4", "UserID": "S-1-5-20", "EventData.InterfaceGuid": "{4ce1134c-e059-4f27-a6df-bafcb007188c}", "EventData.IfLuid": "1689399699963904", "EventData.Family": "0", "EventData.Capability": "1", "EventData.CapabilityChangeReason": "13", "EventData.PreviousCapability": "0"}
{"EventID": "4042", "Channel": "Microsoft-Windows-NCSI/Operational", "Provider_Name": "Microsoft-Windows-NCSI", "Computer": "DESKTOP-OFJ6N53", "TimeCreated": "2024-09-25 14:38:35.816019+00:00", "RecordID": "7235", "Level": "4", "UserID": "S-1-5-20", "EventData.InterfaceGuid": "{4ce1134c-e059-4f27-a6df-bafcb007188c}", "EventData.IfLuid": "1689399699963904", "EventData.Family": "0", "EventData.Capability": "1", "EventData.CapabilityChangeReason": "6", "EventData.PreviousCapability": "1"}
{"EventID": "4042", "Channel": "Microsoft-Windows-NCSI/Operational", "Provider_Name": "Microsoft-Windows-NCSI", "Computer": "DESKTOP-OFJ6N53", "TimeCreated": "2024-09-25 14:39:56.247080+00:00", "RecordID": "7236", "Level": "4", "UserID": "S-1-5-20", "EventData.InterfaceGuid": "{4ce1134c-e059-4f27-a6df-bafcb007188c}", "EventData.IfLuid": "1689399699963904", "EventData.Family": "0", "EventData.Capability": "1", "EventData.CapabilityChangeReason": "6", "EventData.PreviousCapability": "1"}
{"EventID": "4042", "Channel": "Microsoft-Windows-NCSI/Operational", "Provider_Name": "Microsoft-Windows-NCSI", "Computer": "DESKTOP-OFJ6N53", "TimeCreated": "2024-09-27 03:12:50.884541+00:00", "RecordID": "7237", "Level": "4", "UserID": "S-1-5-20", "EventData.InterfaceGuid": "{4ce1134c-e059-4f27-a6df-bafcb007188c}", "EventData.IfLuid": "1689399699963904", "EventData.Family": "0", "EventData.Capability": "0", "EventData.CapabilityChangeReason": "14", "EventData.PreviousCapability": "1"}
{"EventID": "4042", "Channel": "Microsoft-Windows-NCSI/Operational", "Provider_Name": "Microsoft-Windows-NCSI", "Computer": "DESKTOP-OFJ6N53", "TimeCreated": "2024-09-27 03:12:50.909065+00:00", "RecordID": "7238", "Level": "4", "UserID": "S-1-5-20", "EventData.InterfaceGuid": "{bed2c4be-ec11-4cc8-aafc-f0fd7a5e3a02}", "EventData.IfLuid": "1689399632855040", "EventData.Family": "0", "EventData.Capability": "2", "EventData.CapabilityChangeReason": "8", "EventData.PreviousCapability": "1"}
{"EventID": "4042", "Channel": "Microsoft-Windows-NCSI/Operational", "Provider_Name": "Microsoft-Windows-NCSI", "Computer": "DESKTOP-OFJ6N53", "TimeCreated": "2024-09-27 03:12:51.759014+00:00", "RecordID": "7239", "Level": "4", "UserID": "S-1-5-20", "EventData.InterfaceGuid": "{bed2c4be-ec11-4cc8-aafc-f0fd7a5e3a02}", "EventData.IfLuid": "1689399632855040", "EventData.Family": "1", "EventData.Capability": "1", "EventData.CapabilityChangeReason": "5", "EventData.PreviousCapability": "1"}
{"EventID": "4042", "Channel": "Microsoft-Windows-NCSI/Operational", "Provider_Name": "Microsoft-Windows-NCSI", "Computer": "DESKTOP-OFJ6N53", "TimeCreated": "2024-09-27 03:16:02.839016+00:00", "RecordID": "7240", "Level": "4", "UserID": "S-1-5-20", "EventData.InterfaceGuid": "{bed2c4be-ec11-4cc8-aafc-f0fd7a5e3a02}", "EventData.IfLuid": "1689399632855040", "EventData.Family": "0", "EventData.Capability": "1", "EventData.CapabilityChangeReason": "3", "EventData.PreviousCapability": "2"}
{"EventID": "4042", "Channel": "Microsoft-Windows-NCSI/Operational", "Provider_Name": "Microsoft-Windows-NCSI", "Computer": "DESKTOP-OFJ6N53", "TimeCreated": "2024-09-27 03:16:08.015532+00:00", "RecordID": "7241", "Level": "4", "UserID": "S-1-5-20", "EventData.InterfaceGuid": "{eb0948ce-2c9d-4bb1-b013-d4771779b95b}", "EventData.IfLuid": "1689399767072768", "EventData.Family": "0", "EventData.Capability": "2", "EventData.CapabilityChangeReason": "8", "EventData.PreviousCapability": "0"}
{"EventID": "4042", "Channel": "Microsoft-Windows-NCSI/Operational", "Provider_Name": "Microsoft-Windows-NCSI", "Computer": "DESKTOP-OFJ6N53", "TimeCreated": "2024-09-27 08:54:47.740955+00:00", "RecordID": "7242", "Level": "4", "UserID": "S-1-5-20", "EventData.InterfaceGuid": "{eb0948ce-2c9d-4bb1-b013-d4771779b95b}", "EventData.IfLuid": "1689399767072768", "EventData.Family": "0", "EventData.Capability": "0", "EventData.CapabilityChangeReason": "14", "EventData.PreviousCapability": "2"}
{"EventID": "4042", "Channel": "Microsoft-Windows-NCSI/Operational", "Provider_Name": "Microsoft-Windows-NCSI", "Computer": "DESKTOP-OFJ6N53", "TimeCreated": "2024-09-27 08:54:47.755314+00:00", "RecordID": "7243", "Level": "4", "UserID": "S-1-5-20", "EventData.InterfaceGuid": "{bed2c4be-ec11-4cc8-aafc-f0fd7a5e3a02}", "EventData.IfLuid": "1689399632855040", "EventData.Family": "0", "EventData.Capability": "1", "EventData.CapabilityChangeReason": "10", "EventData.PreviousCapability": "1"}
{"EventID": "4042", "Channel": "Microsoft-Windows-NCSI/Operational", "Provider_Name": "Microsoft-Windows-NCSI", "Computer": "DESKTOP-OFJ6N53", "TimeCreated": "2024-09-27 08:54:48.581814+00:00", "RecordID": "7244", "Level": "4", "UserID": "S-1-5-20", "EventData.InterfaceGuid": "{bed2c4be-ec11-4cc8-aafc-f0fd7a5e3a02}", "EventData.IfLuid": "1689399632855040", "EventData.Family": "1", "EventData.Capability": "1", "EventData.CapabilityChangeReason": "5", "EventData.PreviousCapability": "1"}
{"EventID": "4042", "Channel": "Microsoft-Windows-NCSI/Operational", "Provider_Name": "Microsoft-Windows-NCSI", "Computer": "DESKTOP-OFJ6N53", "TimeCreated": "2024-09-27 08:54:48.984987+00:00", "RecordID": "7245", "Level": "4", "UserID": "S-1-5-20", "EventData.InterfaceGuid": "{bed2c4be-ec11-4cc8-aafc-f0fd7a5e3a02}", "EventData.IfLuid": "1689399632855040", "EventData.Family": "0", "EventData.Capability": "2", "EventData.CapabilityChangeReason": "8", "EventData.PreviousCapability": "1"}
{"EventID": "4042", "Channel": "Microsoft-Windows-NCSI/Operational", "Provider_Name": "Microsoft-Windows-NCSI", "Computer": "DESKTOP-OFJ6N53", "TimeCreated": "2024-09-28 06:07:00.187767+00:00", "RecordID": "7246", "Level": "4", "UserID": "S-1-5-20", "EventData.InterfaceGuid": "{bed2c4be-ec11-4cc8-aafc-f0fd7a5e3a02}", "EventData.IfLuid": "1689399632855040", "EventData.Family": "0", "EventData.Capability": "1", "EventData.CapabilityChangeReason": "3", "EventData.PreviousCapability": "2"}
{"EventID": "4042", "Channel": "Microsoft-Windows-NCSI/Operational", "Provider_Name": "Microsoft-Windows-NCSI", "Computer": "DESKTOP-OFJ6N53", "TimeCreated": "2024-09-28 06:07:01.277948+00:00", "RecordID": "7247", "Level": "4", "UserID": "S-1-5-20", "EventData.InterfaceGuid": "{eb0948ce-2c9d-4bb1-b013-d4771779b95b}", "EventData.IfLuid": "1689399767072768", "EventData.Family": "0", "EventData.Capability": "1", "EventData.CapabilityChangeReason": "13", "EventData.PreviousCapability": "0"}
{"EventID": "4042", "Channel": "Microsoft-Windows-NCSI/Operational", "Provider_Name": "Microsoft-Windows-NCSI", "Computer": "DESKTOP-OFJ6N53", "TimeCreated": "2024-09-28 06:07:05.077484+00:00", "RecordID": "7248", "Level": "4", "UserID": "S-1-5-20", "EventData.InterfaceGuid": "{eb0948ce-2c9d-4bb1-b013-d4771779b95b}", "EventData.IfLuid": "1689399767072768", "EventData.Family": "0", "EventData.Capability": "2", "EventData.CapabilityChangeReason": "8", "EventData.PreviousCapability": "1"}
{"EventID": "4042", "Channel": "Microsoft-Windows-NCSI/Operational", "Provider_Name": "Microsoft-Windows-NCSI", "Computer": "DESKTOP-OFJ6N53", "TimeCreated": "2024-09-28 06:21:30.582945+00:00", "RecordID": "7249", "Level": "4", "UserID": "S-1-5-20", "EventData.InterfaceGuid": "{eb0948ce-2c9d-4bb1-b013-d4771779b95b}", "EventData.IfLuid": "1689399767072768", "EventData.Family": "0", "EventData.Capability": "0", "EventData.CapabilityChangeReason": "14", "EventData.PreviousCapability": "2"}
{"EventID": "4042", "Channel": "Microsoft-Windows-NCSI/Operational", "Provider_Name": "Microsoft-Windows-NCSI", "Computer": "DESKTOP-OFJ6N53", "TimeCreated": "2024-09-28 06:21:30.584276+00:00", "RecordID": "7250", "Level": "4", "UserID": "S-1-5-20", "EventData.InterfaceGuid": "{bed2c4be-ec11-4cc8-aafc-f0fd7a5e3a02}", "EventData.IfLuid": "1689399632855040", "EventData.Family": "0", "EventData.Capability": "1", "EventData.CapabilityChangeReason": "10", "EventData.PreviousCapability": "1"}
{"EventID": "4042", "Channel": "Microsoft-Windows-NCSI/Operational", "Provider_Name": "Microsoft-Windows-NCSI", "Computer": "DESKTOP-OFJ6N53", "TimeCreated": "2024-09-28 06:21:31.406054+00:00", "RecordID": "7251", "Level": "4", "UserID": "S-1-5-20", "EventData.InterfaceGuid": "{bed2c4be-ec11-4cc8-aafc-f0fd7a5e3a02}", "EventData.IfLuid": "1689399632855040", "EventData.Family": "1", "EventData.Capability": "1", "EventData.CapabilityChangeReason": "5", "EventData.PreviousCapability": "1"}
{"EventID": "4042", "Channel": "Microsoft-Windows-NCSI/Operational", "Provider_Name": "Microsoft-Windows-NCSI", "Computer": "DESKTOP-OFJ6N53", "TimeCreated": "2024-09-28 06:21:32.902790+00:00", "RecordID": "7252", "Level": "4", "UserID": "S-1-5-20", "EventData.InterfaceGuid": "{bed2c4be-ec11-4cc8-aafc-f0fd7a5e3a02}", "EventData.IfLuid": "1689399632855040", "EventData.Family": "0", "EventData.Capability": "2", "EventData.CapabilityChangeReason": "4", "EventData.PreviousCapability": "1"}
{"EventID": "4042", "Channel": "Microsoft-Windows-NCSI/Operational", "Provider_Name": "Microsoft-Windows-NCSI", "Computer": "DESKTOP-OFJ6N53", "TimeCreated": "2024-09-28 06:25:02.889877+00:00", "RecordID": "7253", "Level": "4", "UserID": "S-1-5-20", "EventData.InterfaceGuid": "{bed2c4be-ec11-4cc8-aafc-f0fd7a5e3a02}", "EventData.IfLuid": "1689399632855040", "EventData.Family": "0", "EventData.Capability": "1", "EventData.CapabilityChangeReason": "3", "EventData.PreviousCapability": "2"}
{"EventID": "4042", "Channel": "Microsoft-Windows-NCSI/Operational", "Provider_Name": "Microsoft-Windows-NCSI", "Computer": "DESKTOP-OFJ6N53", "TimeCreated": "2024-09-28 06:25:07.548687+00:00", "RecordID": "7254", "Level": "4", "UserID": "S-1-5-20", "EventData.InterfaceGuid": "{eb0948ce-2c9d-4bb1-b013-d4771779b95b}", "EventData.IfLuid": "1689399767072768", "EventData.Family": "0", "EventData.Capability": "2", "EventData.CapabilityChangeReason": "8", "EventData.PreviousCapability": "0"}
{"EventID": "4042", "Channel": "Microsoft-Windows-NCSI/Operational", "Provider_Name": "Microsoft-Windows-NCSI", "Computer": "DESKTOP-OFJ6N53", "TimeCreated": "2024-09-28 12:28:34.436543+00:00", "RecordID": "7255", "Level": "4", "UserID": "S-1-5-20", "EventData.InterfaceGuid": "{eb0948ce-2c9d-4bb1-b013-d4771779b95b}", "EventData.IfLuid": "1689399767072768", "EventData.Family": "0", "EventData.Capability": "0", "EventData.CapabilityChangeReason": "1", "EventData.PreviousCapability": "2"}
{"EventID": "4042", "Channel": "Microsoft-Windows-NCSI/Operational", "Provider_Name": "Microsoft-Windows-NCSI", "Computer": "DESKTOP-OFJ6N53", "TimeCreated": "2024-09-28 12:28:34.978247+00:00", "RecordID": "7256", "Level": "4", "UserID": "S-1-5-20", "EventData.InterfaceGuid": "{bed2c4be-ec11-4cc8-aafc-f0fd7a5e3a02}", "EventData.IfLuid": "1689399632855040", "EventData.Family": "0", "EventData.Capability": "1", "EventData.CapabilityChangeReason": "10", "EventData.PreviousCapability": "1"}
{"EventID": "4042", "Channel": "Microsoft-Windows-NCSI/Operational", "Provider_Name": "Microsoft-Windows-NCSI", "Computer": "DESKTOP-OFJ6N53", "TimeCreated": "2024-09-28 12:28:35.798595+00:00", "RecordID": "7257", "Level": "4", "UserID": "S-1-5-20", "EventData.InterfaceGuid": "{bed2c4be-ec11-4cc8-aafc-f0fd7a5e3a02}", "EventData.IfLuid": "1689399632855040", "EventData.Family": "1", "EventData.Capability": "1", "EventData.CapabilityChangeReason": "5", "EventData.PreviousCapability": "1"}
{"EventID": "4042", "Channel": "Microsoft-Windows-NCSI/Operational", "Provider_Name": "Microsoft-Windows-NCSI", "Computer": "DESKTOP-OFJ6N53", "TimeCreated": "2024-09-28 12:28:37.034288+00:00", "RecordID": "7258", "Level": "4", "UserID": "S-1-5-20", "EventData.InterfaceGuid": "{bed2c4be-ec11-4cc8-aafc-f0fd7a5e3a02}", "EventData.IfLuid": "1689399632855040", "EventData.Family": "0", "EventData.Capability": "2", "EventData.CapabilityChangeReason": "8", "EventData.PreviousCapability": "1"}
{"EventID": "4042", "Channel": "Microsoft-Windows-NCSI/Operational", "Provider_Name": "Microsoft-Windows-NCSI", "Computer": "DESKTOP-OFJ6N53", "TimeCreated": "2024-09-28 12:29:08.427671+00:00", "RecordID": "7259", "Level": "4", "UserID": "S-1-5-20", "EventData.InterfaceGuid": "{bed2c4be-ec11-4cc8-aafc-f0fd7a5e3a02}", "EventData.IfLuid": "1689399632855040", "EventData.Family": "0", "EventData.Capability": "2", "EventData.CapabilityChangeReason": "8", "EventData.PreviousCapability": "0"}
{"EventID": "4042", "Channel": "Microsoft-Windows-NCSI/Operational", "Provider_Name": "Microsoft-Windows-NCSI", "Computer": "DESKTOP-OFJ6N53", "TimeCreated": "2024-09-28 12:34:39.122393+00:00", "RecordID": "7260", "Level": "4", "UserID": "S-1-5-20", "EventData.InterfaceGuid": "{f1ef13e0-fbec-4ee4-9746-6f2e5ceab223}", "EventData.IfLuid": "1689399817404416", "EventData.Family": "0", "EventData.Capability": "1", "EventData.CapabilityChangeReason": "13", "EventData.PreviousCapability": "0"}
{"EventID": "4042", "Channel": "Microsoft-Windows-NCSI/Operational", "Provider_Name": "Microsoft-Windows-NCSI", "Computer": "DESKTOP-OFJ6N53", "TimeCreated": "2024-09-28 12:46:05.691439+00:00", "RecordID": "7261", "Level": "4", "UserID": "S-1-5-20", "EventData.InterfaceGuid": "{f1ef13e0-fbec-4ee4-9746-6f2e5ceab223}", "EventData.IfLuid": "1689399817404416", "EventData.Family": "0", "EventData.Capability": "0", "EventData.CapabilityChangeReason": "14", "EventData.PreviousCapability": "1"}
{"EventID": "4042", "Channel": "Microsoft-Windows-NCSI/Operational", "Provider_Name": "Microsoft-Windows-NCSI", "Computer": "DESKTOP-OFJ6N53", "TimeCreated": "2024-09-28 12:46:06.589643+00:00", "RecordID": "7262", "Level": "4", "UserID": "S-1-5-20", "EventData.InterfaceGuid": "{bed2c4be-ec11-4cc8-aafc-f0fd7a5e3a02}", "EventData.IfLuid": "1689399632855040", "EventData.Family": "1", "EventData.Capability": "0", "EventData.CapabilityChangeReason": "5", "EventData.PreviousCapability": "0"}
{"EventID": "4042", "Channel": "Microsoft-Windows-NCSI/Operational", "Provider_Name": "Microsoft-Windows-NCSI", "Computer": "DESKTOP-OFJ6N53", "TimeCreated": "2024-09-28 12:46:25.390442+00:00", "RecordID": "7263", "Level": "4", "UserID": "S-1-5-20", "EventData.InterfaceGuid": "{bed2c4be-ec11-4cc8-aafc-f0fd7a5e3a02}", "EventData.IfLuid": "1689399632855040", "EventData.Family": "0", "EventData.Capability": "1", "EventData.CapabilityChangeReason": "3", "EventData.PreviousCapability": "2"}
{"EventID": "4042", "Channel": "Microsoft-Windows-NCSI/Operational", "Provider_Name": "Microsoft-Windows-NCSI", "Computer": "DESKTOP-OFJ6N53", "TimeCreated": "2024-09-28 12:46:30.352678+00:00", "RecordID": "7264", "Level": "4", "UserID": "S-1-5-20", "EventData.InterfaceGuid": "{eb0948ce-2c9d-4bb1-b013-d4771779b95b}", "EventData.IfLuid": "1689399767072768", "EventData.Family": "0", "EventData.Capability": "2", "EventData.CapabilityChangeReason": "8", "EventData.PreviousCapability": "0"}
{"EventID": "4042", "Channel": "Microsoft-Windows-NCSI/Operational", "Provider_Name": "Microsoft-Windows-NCSI", "Computer": "DESKTOP-OFJ6N53", "TimeCreated": "2024-09-28 15:02:13.819723+00:00", "RecordID": "7265", "Level": "4", "UserID": "S-1-5-20", "EventData.InterfaceGuid": "{eb0948ce-2c9d-4bb1-b013-d4771779b95b}", "EventData.IfLuid": "1689399767072768", "EventData.Family": "0", "EventData.Capability": "0", "EventData.CapabilityChangeReason": "14", "EventData.PreviousCapability": "2"}
{"EventID": "4042", "Channel": "Microsoft-Windows-NCSI/Operational", "Provider_Name": "Microsoft-Windows-NCSI", "Computer": "DESKTOP-OFJ6N53", "TimeCreated": "2024-09-28 15:02:13.820808+00:00", "RecordID": "7266", "Level": "4", "UserID": "S-1-5-20", "EventData.InterfaceGuid": "{bed2c4be-ec11-4cc8-aafc-f0fd7a5e3a02}", "EventData.IfLuid": "1689399632855040", "EventData.Family": "0", "EventData.Capability": "1", "EventData.CapabilityChangeReason": "10", "EventData.PreviousCapability": "1"}
{"EventID": "4042", "Channel": "Microsoft-Windows-NCSI/Operational", "Provider_Name": "Microsoft-Windows-NCSI", "Computer": "DESKTOP-OFJ6N53", "TimeCreated": "2024-09-28 15:02:14.762440+00:00", "RecordID": "7267", "Level": "4", "UserID": "S-1-5-20", "EventData.InterfaceGuid": "{bed2c4be-ec11-4cc8-aafc-f0fd7a5e3a02}", "EventData.IfLuid": "1689399632855040", "EventData.Family": "1", "EventData.Capability": "0", "EventData.CapabilityChangeReason": "5", "EventData.PreviousCapability": "0"}
{"EventID": "4042", "Channel": "Microsoft-Windows-NCSI/Operational", "Provider_Name": "Microsoft-Windows-NCSI", "Computer": "DESKTOP-OFJ6N53", "TimeCreated": "2024-09-28 15:02:15.044624+00:00", "RecordID": "7268", "Level": "4", "UserID": "S-1-5-20", "EventData.InterfaceGuid": "{bed2c4be-ec11-4cc8-aafc-f0fd7a5e3a02}", "EventData.IfLuid": "1689399632855040", "EventData.Family": "0", "EventData.Capability": "2", "EventData.CapabilityChangeReason": "8", "EventData.PreviousCapability": "1"}
{"EventID": "4042", "Channel": "Microsoft-Windows-NCSI/Operational", "Provider_Name": "Microsoft-Windows-NCSI", "Computer": "DESKTOP-OFJ6N53", "TimeCreated": "2024-09-28 15:06:39.929886+00:00", "RecordID": "7269", "Level": "4", "UserID": "S-1-5-20", "EventData.InterfaceGuid": "{bed2c4be-ec11-4cc8-aafc-f0fd7a5e3a02}", "EventData.IfLuid": "1689399632855040", "EventData.Family": "0", "EventData.Capability": "1", "EventData.CapabilityChangeReason": "3", "EventData.PreviousCapability": "2"}
{"EventID": "4042", "Channel": "Microsoft-Windows-NCSI/Operational", "Provider_Name": "Microsoft-Windows-NCSI", "Computer": "DESKTOP-OFJ6N53", "TimeCreated": "2024-09-28 15:06:44.854553+00:00", "RecordID": "7270", "Level": "4", "UserID": "S-1-5-20", "EventData.InterfaceGuid": "{eb0948ce-2c9d-4bb1-b013-d4771779b95b}", "EventData.IfLuid": "1689399767072768", "EventData.Family": "0", "EventData.Capability": "2", "EventData.CapabilityChangeReason": "8", "EventData.PreviousCapability": "0"}
{"EventID": "4042", "Channel": "Microsoft-Windows-NCSI/Operational", "Provider_Name": "Microsoft-Windows-NCSI", "Computer": "DESKTOP-OFJ6N53", "TimeCreated": "2024-09-29 03:06:39.383091+00:00", "RecordID": "7271", "Level": "4", "UserID": "S-1-5-20", "EventData.InterfaceGuid": "{eb0948ce-2c9d-4bb1-b013-d4771779b95b}", "EventData.IfLuid": "1689399767072768", "EventData.Family": "0", "EventData.Capability": "0", "EventData.CapabilityChangeReason": "14", "EventData.PreviousCapability": "2"}
{"EventID": "4042", "Channel": "Microsoft-Windows-NCSI/Operational", "Provider_Name": "Microsoft-Windows-NCSI", "Computer": "DESKTOP-OFJ6N53", "TimeCreated": "2024-09-29 03:06:39.384140+00:00", "RecordID": "7272", "Level": "4", "UserID": "S-1-5-20", "EventData.InterfaceGuid": "{bed2c4be-ec11-4cc8-aafc-f0fd7a5e3a02}", "EventData.IfLuid": "1689399632855040", "EventData.Family": "0", "EventData.Capability": "1", "EventData.CapabilityChangeReason": "10", "EventData.PreviousCapability": "1"}
{"EventID": "4042", "Channel": "Microsoft-Windows-NCSI/Operational", "Provider_Name": "Microsoft-Windows-NCSI", "Computer": "DESKTOP-OFJ6N53", "TimeCreated": "2024-09-29 03:06:40.375170+00:00", "RecordID": "7273", "Level": "4", "UserID": "S-1-5-20", "EventData.InterfaceGuid": "{bed2c4be-ec11-4cc8-aafc-f0fd7a5e3a02}", "EventData.IfLuid": "1689399632855040", "EventData.Family": "1", "EventData.Capability": "0", "EventData.CapabilityChangeReason": "5", "EventData.PreviousCapability": "0"}
{"EventID": "4042", "Channel": "Microsoft-Windows-NCSI/Operational", "Provider_Name": "Microsoft-Windows-NCSI", "Computer": "DESKTOP-OFJ6N53", "TimeCreated": "2024-09-29 03:06:40.542740+00:00", "RecordID": "7274", "Level": "4", "UserID": "S-1-5-20", "EventData.InterfaceGuid": "{bed2c4be-ec11-4cc8-aafc-f0fd7a5e3a02}", "EventData.IfLuid": "1689399632855040", "EventData.Family": "0", "EventData.Capability": "2", "EventData.CapabilityChangeReason": "8", "EventData.PreviousCapability": "1"}
{"EventID": "4042", "Channel": "Microsoft-Windows-NCSI/Operational", "Provider_Name": "Microsoft-Windows-NCSI", "Computer": "DESKTOP-OFJ6N53", "TimeCreated": "2024-09-30 22:32:54.007816+00:00", "RecordID": "7275", "Level": "4", "UserID": "S-1-5-20", "EventData.InterfaceGuid": "{bed2c4be-ec11-4cc8-aafc-f0fd7a5e3a02}", "EventData.IfLuid": "1689399632855040", "EventData.Family": "0", "EventData.Capability": "1", "EventData.CapabilityChangeReason": "3", "EventData.PreviousCapability": "2"}
{"EventID": "4042", "Channel": "Microsoft-Windows-NCSI/Operational", "Provider_Name": "Microsoft-Windows-NCSI", "Computer": "DESKTOP-OFJ6N53", "TimeCreated": "2024-09-30 22:32:57.618259+00:00", "RecordID": "7276", "Level": "4", "UserID": "S-1-5-20", "EventData.InterfaceGuid": "{eb0948ce-2c9d-4bb1-b013-d4771779b95b}", "EventData.IfLuid": "1689399767072768", "EventData.Family": "0", "EventData.Capability": "1", "EventData.CapabilityChangeReason": "13", "EventData.PreviousCapability": "0"}
{"EventID": "4042", "Channel": "Microsoft-Windows-NCSI/Operational", "Provider_Name": "Microsoft-Windows-NCSI", "Computer": "DESKTOP-OFJ6N53", "TimeCreated": "2024-09-30 22:33:02.123224+00:00", "RecordID": "7277", "Level": "4", "UserID": "S-1-5-20", "EventData.InterfaceGuid": "{eb0948ce-2c9d-4bb1-b013-d4771779b95b}", "EventData.IfLuid": "1689399767072768", "EventData.Family": "0", "EventData.Capability": "2", "EventData.CapabilityChangeReason": "8", "EventData.PreviousCapability": "1"}
{"EventID": "4042", "Channel": "Microsoft-Windows-NCSI/Operational", "Provider_Name": "Microsoft-Windows-NCSI", "Computer": "DESKTOP-OFJ6N53", "TimeCreated": "2024-10-01 10:22:32.304476+00:00", "RecordID": "7278", "Level": "4", "UserID": "S-1-5-20", "EventData.InterfaceGuid": "{eb0948ce-2c9d-4bb1-b013-d4771779b95b}", "EventData.IfLuid": "1689399767072768", "EventData.Family": "0", "EventData.Capability": "0", "EventData.CapabilityChangeReason": "14", "EventData.PreviousCapability": "2"}
{"EventID": "4042", "Channel": "Microsoft-Windows-NCSI/Operational", "Provider_Name": "Microsoft-Windows-NCSI", "Computer": "DESKTOP-OFJ6N53", "TimeCreated": "2024-10-01 10:22:32.305811+00:00", "RecordID": "7279", "Level": "4", "UserID": "S-1-5-20", "EventData.InterfaceGuid": "{bed2c4be-ec11-4cc8-aafc-f0fd7a5e3a02}", "EventData.IfLuid": "1689399632855040", "EventData.Family": "0", "EventData.Capability": "1", "EventData.CapabilityChangeReason": "10", "EventData.PreviousCapability": "1"}
{"EventID": "4042", "Channel": "Microsoft-Windows-NCSI/Operational", "Provider_Name": "Microsoft-Windows-NCSI", "Computer": "DESKTOP-OFJ6N53", "TimeCreated": "2024-10-01 10:22:33.159395+00:00", "RecordID": "7280", "Level": "4", "UserID": "S-1-5-20", "EventData.InterfaceGuid": "{bed2c4be-ec11-4cc8-aafc-f0fd7a5e3a02}", "EventData.IfLuid": "1689399632855040", "EventData.Family": "1", "EventData.Capability": "0", "EventData.CapabilityChangeReason": "5", "EventData.PreviousCapability": "0"}
{"EventID": "4042", "Channel": "Microsoft-Windows-NCSI/Operational", "Provider_Name": "Microsoft-Windows-NCSI", "Computer": "DESKTOP-OFJ6N53", "TimeCreated": "2024-10-01 10:22:33.501530+00:00", "RecordID": "7281", "Level": "4", "UserID": "S-1-5-20", "EventData.InterfaceGuid": "{bed2c4be-ec11-4cc8-aafc-f0fd7a5e3a02}", "EventData.IfLuid": "1689399632855040", "EventData.Family": "0", "EventData.Capability": "2", "EventData.CapabilityChangeReason": "8", "EventData.PreviousCapability": "1"}
{"EventID": "4042", "Channel": "Microsoft-Windows-NCSI/Operational", "Provider_Name": "Microsoft-Windows-NCSI", "Computer": "DESKTOP-OFJ6N53", "TimeCreated": "2024-10-01 12:56:32.210642+00:00", "RecordID": "7282", "Level": "4", "UserID": "S-1-5-20", "EventData.InterfaceGuid": "{bed2c4be-ec11-4cc8-aafc-f0fd7a5e3a02}", "EventData.IfLuid": "1689399632855040", "EventData.Family": "0", "EventData.Capability": "1", "EventData.CapabilityChangeReason": "3", "EventData.PreviousCapability": "2"}
{"EventID": "4042", "Channel": "Microsoft-Windows-NCSI/Operational", "Provider_Name": "Microsoft-Windows-NCSI", "Computer": "DESKTOP-OFJ6N53", "TimeCreated": "2024-10-01 12:56:35.833773+00:00", "RecordID": "7283", "Level": "4", "UserID": "S-1-5-20", "EventData.InterfaceGuid": "{eb0948ce-2c9d-4bb1-b013-d4771779b95b}", "EventData.IfLuid": "1689399767072768", "EventData.Family": "0", "EventData.Capability": "1", "EventData.CapabilityChangeReason": "13", "EventData.PreviousCapability": "0"}
{"EventID": "4042", "Channel": "Microsoft-Windows-NCSI/Operational", "Provider_Name": "Microsoft-Windows-NCSI", "Computer": "DESKTOP-OFJ6N53", "TimeCreated": "2024-10-01 12:56:37.080513+00:00", "RecordID": "7284", "Level": "4", "UserID": "S-1-5-20", "EventData.InterfaceGuid": "{eb0948ce-2c9d-4bb1-b013-d4771779b95b}", "EventData.IfLuid": "1689399767072768", "EventData.Family": "0", "EventData.Capability": "2", "EventData.CapabilityChangeReason": "8", "EventData.PreviousCapability": "1"}
{"EventID": "4042", "Channel": "Microsoft-Windows-NCSI/Operational", "Provider_Name": "Microsoft-Windows-NCSI", "Computer": "DESKTOP-OFJ6N53", "TimeCreated": "2024-10-01 12:57:20.020233+00:00", "RecordID": "7285", "Level": "4", "UserID": "S-1-5-20", "EventData.InterfaceGuid": "{eb0948ce-2c9d-4bb1-b013-d4771779b95b}", "EventData.IfLuid": "1689399767072768", "EventData.Family": "0", "EventData.Capability": "0", "EventData.CapabilityChangeReason": "1", "EventData.PreviousCapability": "2"}
{"EventID": "4042", "Channel": "Microsoft-Windows-NCSI/Operational", "Provider_Name": "Microsoft-Windows-NCSI", "Computer": "DESKTOP-OFJ6N53", "TimeCreated": "2024-10-01 12:57:20.529459+00:00", "RecordID": "7286", "Level": "4", "UserID": "S-1-5-20", "EventData.InterfaceGuid": "{bed2c4be-ec11-4cc8-aafc-f0fd7a5e3a02}", "EventData.IfLuid": "1689399632855040", "EventData.Family": "0", "EventData.Capability": "1", "EventData.CapabilityChangeReason": "10", "EventData.PreviousCapability": "1"}
{"EventID": "4042", "Channel": "Microsoft-Windows-NCSI/Operational", "Provider_Name": "Microsoft-Windows-NCSI", "Computer": "DESKTOP-OFJ6N53", "TimeCreated": "2024-10-01 12:57:21.348858+00:00", "RecordID": "7287", "Level": "4", "UserID": "S-1-5-20", "EventData.InterfaceGuid": "{bed2c4be-ec11-4cc8-aafc-f0fd7a5e3a02}", "EventData.IfLuid": "1689399632855040", "EventData.Family": "1", "EventData.Capability": "0", "EventData.CapabilityChangeReason": "5", "EventData.PreviousCapability": "0"}
{"EventID": "4042", "Channel": "Microsoft-Windows-NCSI/Operational", "Provider_Name": "Microsoft-Windows-NCSI", "Computer": "DESKTOP-OFJ6N53", "TimeCreated": "2024-10-01 12:57:22.556669+00:00", "RecordID": "7288", "Level": "4", "UserID": "S-1-5-20", "EventData.InterfaceGuid": "{bed2c4be-ec11-4cc8-aafc-f0fd7a5e3a02}", "EventData.IfLuid": "1689399632855040", "EventData.Family": "0", "EventData.Capability": "2", "EventData.CapabilityChangeReason": "8", "EventData.PreviousCapability": "1"}
