{"EventID": "2", "Channel": "Microsoft-Windows-WER-PayloadHealth/Operational", "Provider_Name": "Microsoft-Windows-WER-PayloadHealth", "Computer": "DESKTOP-OFJ6N53", "TimeCreated": "2024-05-08 04:32:33.204931+00:00", "RecordID": "1420", "Level": "4", "UserID": "S-1-5-21-963789628-1060504924-4285088085-1001", "EventData.HttpExchangeResult": "2147954402", "EventData.UploadDuration": "21062", "EventData.PayloadSize": "4438", "EventData.Protocol": "Watson", "EventData.Stage": "s1event", "EventData.RequestStatusCode": "0", "EventData.BytesUploaded": "0", "EventData.ServerName": "watson.events.data.microsoft.com", "EventData.TransportHr": "2147954402"}
{"EventID": "2", "Channel": "Microsoft-Windows-WER-PayloadHealth/Operational", "Provider_Name": "Microsoft-Windows-WER-PayloadHealth", "Computer": "DESKTOP-OFJ6N53", "TimeCreated": "2024-05-08 04:32:54.345518+00:00", "RecordID": "1421", "Level": "4", "UserID": "S-1-5-21-963789628-1060504924-4285088085-1001", "EventData.HttpExchangeResult": "2147954402", "EventData.UploadDuration": "21110", "EventData.PayloadSize": "4438", "EventData.Protocol": "Watson", "EventData.Stage": "s1event", "EventData.RequestStatusCode": "0", "EventData.BytesUploaded": "0", "EventData.ServerName": "watson.events.data.microsoft.com", "EventData.TransportHr": "2147954402"}
{"EventID": "2", "Channel": "Microsoft-Windows-WER-PayloadHealth/Operational", "Provider_Name": "Microsoft-Windows-WER-PayloadHealth", "Computer": "DESKTOP-OFJ6N53", "TimeCreated": "2024-05-08 04:33:15.455151+00:00", "RecordID": "1422", "Level": "4", "UserID": "S-1-5-21-963789628-1060504924-4285088085-1001", "EventData.HttpExchangeResult": "2147954402", "EventData.UploadDuration": "21078", "EventData.PayloadSize": "4438", "EventData.Protocol": "Watson", "EventData.Stage": "s1event", "EventData.RequestStatusCode": "0", "EventData.BytesUploaded": "0", "EventData.ServerName": "watson.events.data.microsoft.com", "EventData.TransportHr": "2147954402"}
{"EventID": "2", "Channel": "Microsoft-Windows-WER-PayloadHealth/Operational", "Provider_Name": "Microsoft-Windows-WER-PayloadHealth", "Computer": "DESKTOP-OFJ6N53", "TimeCreated": "2024-05-08 04:33:36.533112+00:00", "RecordID": "1423", "Level": "4", "UserID": "S-1-5-21-963789628-1060504924-4285088085-1001", "EventData.HttpExchangeResult": "2147954402", "EventData.UploadDuration": "21047", "EventData.PayloadSize": "4438", "EventData.Protocol": "Watson", "EventData.Stage": "s1event", "EventData.RequestStatusCode": "0", "EventData.BytesUploaded": "0", "EventData.ServerName": "watson.events.data.microsoft.com", "EventData.TransportHr": "2147954402"}
{"EventID": "2", "Channel": "Microsoft-Windows-WER-PayloadHealth/Operational", "Provider_Name": "Microsoft-Windows-WER-PayloadHealth", "Computer": "DESKTOP-OFJ6N53", "TimeCreated": "2024-05-08 08:19:04.111317+00:00", "RecordID": "1424", "Level": "4", "UserID": "S-1-5-21-963789628-1060504924-4285088085-1001", "EventData.HttpExchangeResult": "2147954402", "EventData.UploadDuration": "21093", "EventData.PayloadSize": "4438", "EventData.Protocol": "Watson", "EventData.Stage": "s1event", "EventData.RequestStatusCode": "0", "EventData.BytesUploaded": "0", "EventData.ServerName": "watson.events.data.microsoft.com", "EventData.TransportHr": "2147954402"}
{"EventID": "2", "Channel": "Microsoft-Windows-WER-PayloadHealth/Operational", "Provider_Name": "Microsoft-Windows-WER-PayloadHealth", "Computer": "DESKTOP-OFJ6N53", "TimeCreated": "2024-05-08 08:19:25.204796+00:00", "RecordID": "1425", "Level": "4", "UserID": "S-1-5-21-963789628-1060504924-4285088085-1001", "EventData.HttpExchangeResult": "2147954402", "EventData.UploadDuration": "21062", "EventData.PayloadSize": "4438", "EventData.Protocol": "Watson", "EventData.Stage": "s1event", "EventData.RequestStatusCode": "0", "EventData.BytesUploaded": "0", "EventData.ServerName": "watson.events.data.microsoft.com", "EventData.TransportHr": "2147954402"}
{"EventID": "2", "Channel": "Microsoft-Windows-WER-PayloadHealth/Operational", "Provider_Name": "Microsoft-Windows-WER-PayloadHealth", "Computer": "DESKTOP-OFJ6N53", "TimeCreated": "2024-05-08 08:19:46.298655+00:00", "RecordID": "1426", "Level": "4", "UserID": "S-1-5-21-963789628-1060504924-4285088085-1001", "EventData.HttpExchangeResult": "2147954402", "EventData.UploadDuration": "21063", "EventData.PayloadSize": "4438", "EventData.Protocol": "Watson", "EventData.Stage": "s1event", "EventData.RequestStatusCode": "0", "EventData.BytesUploaded": "0", "EventData.ServerName": "watson.events.data.microsoft.com", "EventData.TransportHr": "2147954402"}
{"EventID": "2", "Channel": "Microsoft-Windows-WER-PayloadHealth/Operational", "Provider_Name": "Microsoft-Windows-WER-PayloadHealth", "Computer": "DESKTOP-OFJ6N53", "TimeCreated": "2024-05-08 08:20:07.408060+00:00", "RecordID": "1427", "Level": "4", "UserID": "S-1-5-21-963789628-1060504924-4285088085-1001", "EventData.HttpExchangeResult": "2147954402", "EventData.UploadDuration": "21078", "EventData.PayloadSize": "4438", "EventData.Protocol": "Watson", "EventData.Stage": "s1event", "EventData.RequestStatusCode": "0", "EventData.BytesUploaded": "0", "EventData.ServerName": "watson.events.data.microsoft.com", "EventData.TransportHr": "2147954402"}
{"EventID": "2", "Channel": "Microsoft-Windows-WER-PayloadHealth/Operational", "Provider_Name": "Microsoft-Windows-WER-PayloadHealth", "Computer": "DESKTOP-OFJ6N53", "TimeCreated": "2024-05-08 08:20:28.501926+00:00", "RecordID": "1428", "Level": "4", "UserID": "S-1-5-21-963789628-1060504924-4285088085-1001", "EventData.HttpExchangeResult": "2147954402", "EventData.UploadDuration": "21047", "EventData.PayloadSize": "4438", "EventData.Protocol": "Watson", "EventData.Stage": "s1event", "EventData.RequestStatusCode": "0", "EventData.BytesUploaded": "0", "EventData.ServerName": "watson.events.data.microsoft.com", "EventData.TransportHr": "2147954402"}
{"EventID": "1", "Channel": "Microsoft-Windows-WER-PayloadHealth/Operational", "Provider_Name": "Microsoft-Windows-WER-PayloadHealth", "Computer": "DESKTOP-OFJ6N53", "TimeCreated": "2024-05-08 08:54:15.224062+00:00", "RecordID": "1429", "Level": "4", "UserID": "S-1-5-21-963789628-1060504924-4285088085-1001", "EventData.UploadDuration": "1265", "EventData.PayloadSize": "4438", "EventData.Protocol": "Watson", "EventData.Stage": "s1event", "EventData.BytesUploaded": "4438", "EventData.ServerName": "watson.events.data.microsoft.com"}
{"EventID": "1", "Channel": "Microsoft-Windows-WER-PayloadHealth/Operational", "Provider_Name": "Microsoft-Windows-WER-PayloadHealth", "Computer": "DESKTOP-OFJ6N53", "TimeCreated": "2024-05-08 08:54:16.659424+00:00", "RecordID": "1430", "Level": "4", "UserID": "S-1-5-21-963789628-1060504924-4285088085-1001", "EventData.UploadDuration": "1000", "EventData.PayloadSize": "4438", "EventData.Protocol": "Watson", "EventData.Stage": "s1event", "EventData.BytesUploaded": "4438", "EventData.ServerName": "watson.events.data.microsoft.com"}
{"EventID": "1", "Channel": "Microsoft-Windows-WER-PayloadHealth/Operational", "Provider_Name": "Microsoft-Windows-WER-PayloadHealth", "Computer": "DESKTOP-OFJ6N53", "TimeCreated": "2024-05-08 08:54:18.096895+00:00", "RecordID": "1431", "Level": "4", "UserID": "S-1-5-21-963789628-1060504924-4285088085-1001", "EventData.UploadDuration": "1172", "EventData.PayloadSize": "4438", "EventData.Protocol": "Watson", "EventData.Stage": "s1event", "EventData.BytesUploaded": "4438", "EventData.ServerName": "watson.events.data.microsoft.com"}
{"EventID": "1", "Channel": "Microsoft-Windows-WER-PayloadHealth/Operational", "Provider_Name": "Microsoft-Windows-WER-PayloadHealth", "Computer": "DESKTOP-OFJ6N53", "TimeCreated": "2024-05-08 08:54:19.311571+00:00", "RecordID": "1432", "Level": "4", "UserID": "S-1-5-21-963789628-1060504924-4285088085-1001", "EventData.UploadDuration": "1000", "EventData.PayloadSize": "4438", "EventData.Protocol": "Watson", "EventData.Stage": "s1event", "EventData.BytesUploaded": "4438", "EventData.ServerName": "watson.events.data.microsoft.com"}
{"EventID": "1", "Channel": "Microsoft-Windows-WER-PayloadHealth/Operational", "Provider_Name": "Microsoft-Windows-WER-PayloadHealth", "Computer": "DESKTOP-OFJ6N53", "TimeCreated": "2024-05-08 08:54:20.480316+00:00", "RecordID": "1433", "Level": "4", "UserID": "S-1-5-21-963789628-1060504924-4285088085-1001", "EventData.UploadDuration": "1063", "EventData.PayloadSize": "4438", "EventData.Protocol": "Watson", "EventData.Stage": "s1event", "EventData.BytesUploaded": "4438", "EventData.ServerName": "watson.events.data.microsoft.com"}
{"EventID": "1", "Channel": "Microsoft-Windows-WER-PayloadHealth/Operational", "Provider_Name": "Microsoft-Windows-WER-PayloadHealth", "Computer": "DESKTOP-OFJ6N53", "TimeCreated": "2024-05-10 09:12:37.212442+00:00", "RecordID": "1434", "Level": "4", "UserID": "S-1-5-21-963789628-1060504924-4285088085-1001", "EventData.UploadDuration": "1000", "EventData.PayloadSize": "4536", "EventData.Protocol": "Watson", "EventData.Stage": "s1event", "EventData.BytesUploaded": "4536", "EventData.ServerName": "watson.events.data.microsoft.com"}
{"EventID": "1", "Channel": "Microsoft-Windows-WER-PayloadHealth/Operational", "Provider_Name": "Microsoft-Windows-WER-PayloadHealth", "Computer": "DESKTOP-OFJ6N53", "TimeCreated": "2024-05-13 16:03:28.298174+00:00", "RecordID": "1435", "Level": "4", "UserID": "S-1-5-21-963789628-1060504924-4285088085-1001", "EventData.UploadDuration": "1922", "EventData.PayloadSize": "4967", "EventData.Protocol": "Watson", "EventData.Stage": "s1event", "EventData.BytesUploaded": "4967", "EventData.ServerName": "watson.events.data.microsoft.com"}
{"EventID": "1", "Channel": "Microsoft-Windows-WER-PayloadHealth/Operational", "Provider_Name": "Microsoft-Windows-WER-PayloadHealth", "Computer": "DESKTOP-OFJ6N53", "TimeCreated": "2024-05-14 09:39:17.853083+00:00", "RecordID": "1436", "Level": "4", "UserID": "S-1-5-18", "EventData.UploadDuration": "2062", "EventData.PayloadSize": "4714", "EventData.Protocol": "Watson", "EventData.Stage": "s1event", "EventData.BytesUploaded": "4714", "EventData.ServerName": "watson.events.data.microsoft.com"}
{"EventID": "1", "Channel": "Microsoft-Windows-WER-PayloadHealth/Operational", "Provider_Name": "Microsoft-Windows-WER-PayloadHealth", "Computer": "DESKTOP-OFJ6N53", "TimeCreated": "2024-05-15 08:09:18.644302+00:00", "RecordID": "1437", "Level": "4", "UserID": "S-1-5-21-963789628-1060504924-4285088085-1001", "EventData.UploadDuration": "3125", "EventData.PayloadSize": "4816", "EventData.Protocol": "Watson", "EventData.Stage": "s1event", "EventData.BytesUploaded": "4816", "EventData.ServerName": "watson.events.data.microsoft.com"}
{"EventID": "1", "Channel": "Microsoft-Windows-WER-PayloadHealth/Operational", "Provider_Name": "Microsoft-Windows-WER-PayloadHealth", "Computer": "DESKTOP-OFJ6N53", "TimeCreated": "2024-05-15 12:58:52.404894+00:00", "RecordID": "1438", "Level": "4", "UserID": "S-1-5-21-963789628-1060504924-4285088085-1001", "EventData.UploadDuration": "5469", "EventData.PayloadSize": "4966", "EventData.Protocol": "Watson", "EventData.Stage": "s1event", "EventData.BytesUploaded": "4966", "EventData.ServerName": "watson.events.data.microsoft.com"}
{"EventID": "1", "Channel": "Microsoft-Windows-WER-PayloadHealth/Operational", "Provider_Name": "Microsoft-Windows-WER-PayloadHealth", "Computer": "DESKTOP-OFJ6N53", "TimeCreated": "2024-05-15 12:59:29.679070+00:00", "RecordID": "1439", "Level": "4", "UserID": "S-1-5-21-963789628-1060504924-4285088085-1001", "EventData.UploadDuration": "2875", "EventData.PayloadSize": "4644", "EventData.Protocol": "Watson", "EventData.Stage": "s1event", "EventData.BytesUploaded": "4644", "EventData.ServerName": "watson.events.data.microsoft.com"}
{"EventID": "1", "Channel": "Microsoft-Windows-WER-PayloadHealth/Operational", "Provider_Name": "Microsoft-Windows-WER-PayloadHealth", "Computer": "DESKTOP-OFJ6N53", "TimeCreated": "2024-05-15 13:50:38.545328+00:00", "RecordID": "1440", "Level": "4", "UserID": "S-1-5-18", "EventData.UploadDuration": "2719", "EventData.PayloadSize": "4884", "EventData.Protocol": "Watson", "EventData.Stage": "s1event", "EventData.BytesUploaded": "4884", "EventData.ServerName": "watson.events.data.microsoft.com"}
{"EventID": "2", "Channel": "Microsoft-Windows-WER-PayloadHealth/Operational", "Provider_Name": "Microsoft-Windows-WER-PayloadHealth", "Computer": "DESKTOP-OFJ6N53", "TimeCreated": "2024-05-15 14:20:21.977253+00:00", "RecordID": "1441", "Level": "4", "UserID": "S-1-5-19", "EventData.HttpExchangeResult": "2147954429", "EventData.UploadDuration": "1125", "EventData.PayloadSize": "4461", "EventData.Protocol": "Watson", "EventData.Stage": "s1event", "EventData.RequestStatusCode": "0", "EventData.BytesUploaded": "0", "EventData.ServerName": "watson.events.data.microsoft.com", "EventData.TransportHr": "2147954429"}
{"EventID": "1", "Channel": "Microsoft-Windows-WER-PayloadHealth/Operational", "Provider_Name": "Microsoft-Windows-WER-PayloadHealth", "Computer": "DESKTOP-OFJ6N53", "TimeCreated": "2024-05-15 14:20:41.235430+00:00", "RecordID": "1442", "Level": "4", "UserID": "S-1-5-21-963789628-1060504924-4285088085-1001", "EventData.UploadDuration": "2968", "EventData.PayloadSize": "4965", "EventData.Protocol": "Watson", "EventData.Stage": "s1event", "EventData.BytesUploaded": "4965", "EventData.ServerName": "watson.events.data.microsoft.com"}
{"EventID": "1", "Channel": "Microsoft-Windows-WER-PayloadHealth/Operational", "Provider_Name": "Microsoft-Windows-WER-PayloadHealth", "Computer": "DESKTOP-OFJ6N53", "TimeCreated": "2024-05-15 14:21:15.538197+00:00", "RecordID": "1443", "Level": "4", "UserID": "S-1-5-21-963789628-1060504924-4285088085-1001", "EventData.UploadDuration": "6000", "EventData.PayloadSize": "4461", "EventData.Protocol": "Watson", "EventData.Stage": "s1event", "EventData.BytesUploaded": "4461", "EventData.ServerName": "watson.events.data.microsoft.com"}
{"EventID": "1", "Channel": "Microsoft-Windows-WER-PayloadHealth/Operational", "Provider_Name": "Microsoft-Windows-WER-PayloadHealth", "Computer": "DESKTOP-OFJ6N53", "TimeCreated": "2024-05-16 23:20:05.274155+00:00", "RecordID": "1444", "Level": "4", "UserID": "S-1-5-21-963789628-1060504924-4285088085-1001", "EventData.UploadDuration": "1860", "EventData.PayloadSize": "4966", "EventData.Protocol": "Watson", "EventData.Stage": "s1event", "EventData.BytesUploaded": "4966", "EventData.ServerName": "watson.events.data.microsoft.com"}
{"EventID": "1", "Channel": "Microsoft-Windows-WER-PayloadHealth/Operational", "Provider_Name": "Microsoft-Windows-WER-PayloadHealth", "Computer": "DESKTOP-OFJ6N53", "TimeCreated": "2024-05-21 10:09:11.408421+00:00", "RecordID": "1445", "Level": "4", "UserID": "S-1-5-21-963789628-1060504924-4285088085-1001", "EventData.UploadDuration": "2875", "EventData.PayloadSize": "4677", "EventData.Protocol": "Watson", "EventData.Stage": "s1event", "EventData.BytesUploaded": "4677", "EventData.ServerName": "watson.events.data.microsoft.com"}
{"EventID": "1", "Channel": "Microsoft-Windows-WER-PayloadHealth/Operational", "Provider_Name": "Microsoft-Windows-WER-PayloadHealth", "Computer": "DESKTOP-OFJ6N53", "TimeCreated": "2024-05-25 09:42:53.635920+00:00", "RecordID": "1446", "Level": "4", "UserID": "S-1-5-21-963789628-1060504924-4285088085-1001", "EventData.UploadDuration": "1297", "EventData.PayloadSize": "4536", "EventData.Protocol": "Watson", "EventData.Stage": "s1event", "EventData.BytesUploaded": "4536", "EventData.ServerName": "watson.events.data.microsoft.com"}
{"EventID": "1", "Channel": "Microsoft-Windows-WER-PayloadHealth/Operational", "Provider_Name": "Microsoft-Windows-WER-PayloadHealth", "Computer": "DESKTOP-OFJ6N53", "TimeCreated": "2024-05-31 11:21:59.975756+00:00", "RecordID": "1447", "Level": "4", "UserID": "S-1-5-21-963789628-1060504924-4285088085-1001", "EventData.UploadDuration": "2812", "EventData.PayloadSize": "4965", "EventData.Protocol": "Watson", "EventData.Stage": "s1event", "EventData.BytesUploaded": "4965", "EventData.ServerName": "watson.events.data.microsoft.com"}
{"EventID": "1", "Channel": "Microsoft-Windows-WER-PayloadHealth/Operational", "Provider_Name": "Microsoft-Windows-WER-PayloadHealth", "Computer": "DESKTOP-OFJ6N53", "TimeCreated": "2024-06-05 08:44:14.514832+00:00", "RecordID": "1448", "Level": "4", "UserID": "S-1-5-21-963789628-1060504924-4285088085-1001", "EventData.UploadDuration": "1203", "EventData.PayloadSize": "4536", "EventData.Protocol": "Watson", "EventData.Stage": "s1event", "EventData.BytesUploaded": "4536", "EventData.ServerName": "watson.events.data.microsoft.com"}
{"EventID": "1", "Channel": "Microsoft-Windows-WER-PayloadHealth/Operational", "Provider_Name": "Microsoft-Windows-WER-PayloadHealth", "Computer": "DESKTOP-OFJ6N53", "TimeCreated": "2024-06-05 15:39:10.705475+00:00", "RecordID": "1449", "Level": "4", "UserID": "S-1-5-21-963789628-1060504924-4285088085-1001", "EventData.UploadDuration": "17625", "EventData.PayloadSize": "4966", "EventData.Protocol": "Watson", "EventData.Stage": "s1event", "EventData.BytesUploaded": "4966", "EventData.ServerName": "watson.events.data.microsoft.com"}
{"EventID": "1", "Channel": "Microsoft-Windows-WER-PayloadHealth/Operational", "Provider_Name": "Microsoft-Windows-WER-PayloadHealth", "Computer": "DESKTOP-OFJ6N53", "TimeCreated": "2024-06-07 11:24:56.707365+00:00", "RecordID": "1450", "Level": "4", "UserID": "S-1-5-21-963789628-1060504924-4285088085-1001", "EventData.UploadDuration": "16062", "EventData.PayloadSize": "4966", "EventData.Protocol": "Watson", "EventData.Stage": "s1event", "EventData.BytesUploaded": "4966", "EventData.ServerName": "watson.events.data.microsoft.com"}
{"EventID": "1", "Channel": "Microsoft-Windows-WER-PayloadHealth/Operational", "Provider_Name": "Microsoft-Windows-WER-PayloadHealth", "Computer": "DESKTOP-OFJ6N53", "TimeCreated": "2024-06-11 17:39:55.068615+00:00", "RecordID": "1451", "Level": "4", "UserID": "S-1-5-21-963789628-1060504924-4285088085-1001", "EventData.UploadDuration": "1000", "EventData.PayloadSize": "4804", "EventData.Protocol": "Watson", "EventData.Stage": "s1event", "EventData.BytesUploaded": "4804", "EventData.ServerName": "watson.events.data.microsoft.com"}
{"EventID": "1", "Channel": "Microsoft-Windows-WER-PayloadHealth/Operational", "Provider_Name": "Microsoft-Windows-WER-PayloadHealth", "Computer": "DESKTOP-OFJ6N53", "TimeCreated": "2024-06-27 20:11:08.589825+00:00", "RecordID": "1452", "Level": "4", "UserID": "S-1-5-21-963789628-1060504924-4285088085-1001", "EventData.UploadDuration": "1828", "EventData.PayloadSize": "4967", "EventData.Protocol": "Watson", "EventData.Stage": "s1event", "EventData.BytesUploaded": "4967", "EventData.ServerName": "watson.events.data.microsoft.com"}
{"EventID": "1", "Channel": "Microsoft-Windows-WER-PayloadHealth/Operational", "Provider_Name": "Microsoft-Windows-WER-PayloadHealth", "Computer": "DESKTOP-OFJ6N53", "TimeCreated": "2024-06-30 04:29:49.355333+00:00", "RecordID": "1453", "Level": "4", "UserID": "S-1-5-21-963789628-1060504924-4285088085-1001", "EventData.UploadDuration": "1547", "EventData.PayloadSize": "4644", "EventData.Protocol": "Watson", "EventData.Stage": "s1event", "EventData.BytesUploaded": "4644", "EventData.ServerName": "watson.events.data.microsoft.com"}
{"EventID": "1", "Channel": "Microsoft-Windows-WER-PayloadHealth/Operational", "Provider_Name": "Microsoft-Windows-WER-PayloadHealth", "Computer": "DESKTOP-OFJ6N53", "TimeCreated": "2024-07-02 10:41:11.186502+00:00", "RecordID": "1454", "Level": "4", "UserID": "S-1-5-18", "EventData.UploadDuration": "3390", "EventData.PayloadSize": "4668", "EventData.Protocol": "Watson", "EventData.Stage": "s1event", "EventData.BytesUploaded": "4668", "EventData.ServerName": "watson.events.data.microsoft.com"}
{"EventID": "1", "Channel": "Microsoft-Windows-WER-PayloadHealth/Operational", "Provider_Name": "Microsoft-Windows-WER-PayloadHealth", "Computer": "DESKTOP-OFJ6N53", "TimeCreated": "2024-07-02 17:36:21.299875+00:00", "RecordID": "1455", "Level": "4", "UserID": "S-1-5-18", "EventData.UploadDuration": "4719", "EventData.PayloadSize": "4668", "EventData.Protocol": "Watson", "EventData.Stage": "s1event", "EventData.BytesUploaded": "4668", "EventData.ServerName": "watson.events.data.microsoft.com"}
{"EventID": "1", "Channel": "Microsoft-Windows-WER-PayloadHealth/Operational", "Provider_Name": "Microsoft-Windows-WER-PayloadHealth", "Computer": "DESKTOP-OFJ6N53", "TimeCreated": "2024-07-02 20:29:18.408791+00:00", "RecordID": "1456", "Level": "4", "UserID": "S-1-5-18", "EventData.UploadDuration": "6172", "EventData.PayloadSize": "4668", "EventData.Protocol": "Watson", "EventData.Stage": "s1event", "EventData.BytesUploaded": "4668", "EventData.ServerName": "watson.events.data.microsoft.com"}
{"EventID": "1", "Channel": "Microsoft-Windows-WER-PayloadHealth/Operational", "Provider_Name": "Microsoft-Windows-WER-PayloadHealth", "Computer": "DESKTOP-OFJ6N53", "TimeCreated": "2024-07-03 05:33:17.179056+00:00", "RecordID": "1457", "Level": "4", "UserID": "S-1-5-18", "EventData.UploadDuration": "5297", "EventData.PayloadSize": "4668", "EventData.Protocol": "Watson", "EventData.Stage": "s1event", "EventData.BytesUploaded": "4668", "EventData.ServerName": "watson.events.data.microsoft.com"}
{"EventID": "1", "Channel": "Microsoft-Windows-WER-PayloadHealth/Operational", "Provider_Name": "Microsoft-Windows-WER-PayloadHealth", "Computer": "DESKTOP-OFJ6N53", "TimeCreated": "2024-07-10 02:13:43.377586+00:00", "RecordID": "1458", "Level": "4", "UserID": "S-1-5-21-963789628-1060504924-4285088085-1001", "EventData.UploadDuration": "968", "EventData.PayloadSize": "4288", "EventData.Protocol": "Watson", "EventData.Stage": "s1event", "EventData.BytesUploaded": "4288", "EventData.ServerName": "watson.events.data.microsoft.com"}
{"EventID": "1", "Channel": "Microsoft-Windows-WER-PayloadHealth/Operational", "Provider_Name": "Microsoft-Windows-WER-PayloadHealth", "Computer": "DESKTOP-OFJ6N53", "TimeCreated": "2024-07-10 02:14:33.119913+00:00", "RecordID": "1459", "Level": "4", "UserID": "S-1-5-21-963789628-1060504924-4285088085-1001", "EventData.UploadDuration": "687", "EventData.PayloadSize": "4822", "EventData.Protocol": "Watson", "EventData.Stage": "s1event", "EventData.BytesUploaded": "4822", "EventData.ServerName": "watson.events.data.microsoft.com"}
{"EventID": "1", "Channel": "Microsoft-Windows-WER-PayloadHealth/Operational", "Provider_Name": "Microsoft-Windows-WER-PayloadHealth", "Computer": "DESKTOP-OFJ6N53", "TimeCreated": "2024-07-18 08:34:23.230772+00:00", "RecordID": "1460", "Level": "4", "UserID": "S-1-5-21-963789628-1060504924-4285088085-1001", "EventData.UploadDuration": "703", "EventData.PayloadSize": "4619", "EventData.Protocol": "Watson", "EventData.Stage": "s1event", "EventData.BytesUploaded": "4619", "EventData.ServerName": "watson.events.data.microsoft.com"}
{"EventID": "1", "Channel": "Microsoft-Windows-WER-PayloadHealth/Operational", "Provider_Name": "Microsoft-Windows-WER-PayloadHealth", "Computer": "DESKTOP-OFJ6N53", "TimeCreated": "2024-07-20 08:34:28.610655+00:00", "RecordID": "1461", "Level": "4", "UserID": "S-1-5-21-963789628-1060504924-4285088085-1001", "EventData.UploadDuration": "1125", "EventData.PayloadSize": "4619", "EventData.Protocol": "Watson", "EventData.Stage": "s1event", "EventData.BytesUploaded": "4619", "EventData.ServerName": "watson.events.data.microsoft.com"}
{"EventID": "2", "Channel": "Microsoft-Windows-WER-PayloadHealth/Operational", "Provider_Name": "Microsoft-Windows-WER-PayloadHealth", "Computer": "DESKTOP-OFJ6N53", "TimeCreated": "2024-08-05 16:19:48.258760+00:00", "RecordID": "1462", "Level": "4", "UserID": "S-1-5-21-963789628-1060504924-4285088085-1001", "EventData.HttpExchangeResult": "0", "EventData.UploadDuration": "984", "EventData.PayloadSize": "4361", "EventData.Protocol": "Watson", "EventData.Stage": "s1event", "EventData.RequestStatusCode": "200", "EventData.BytesUploaded": "4361", "EventData.ServerName": "watson.events.data.microsoft.com", "EventData.TransportHr": "3222072890"}
{"EventID": "1", "Channel": "Microsoft-Windows-WER-PayloadHealth/Operational", "Provider_Name": "Microsoft-Windows-WER-PayloadHealth", "Computer": "DESKTOP-OFJ6N53", "TimeCreated": "2024-08-05 16:42:03.283489+00:00", "RecordID": "1463", "Level": "4", "UserID": "S-1-5-21-963789628-1060504924-4285088085-1001", "EventData.UploadDuration": "1547", "EventData.PayloadSize": "4361", "EventData.Protocol": "Watson", "EventData.Stage": "s1event", "EventData.BytesUploaded": "4361", "EventData.ServerName": "watson.events.data.microsoft.com"}
{"EventID": "1", "Channel": "Microsoft-Windows-WER-PayloadHealth/Operational", "Provider_Name": "Microsoft-Windows-WER-PayloadHealth", "Computer": "DESKTOP-OFJ6N53", "TimeCreated": "2024-08-05 16:56:28.321600+00:00", "RecordID": "1464", "Level": "4", "UserID": "S-1-5-21-963789628-1060504924-4285088085-1001", "EventData.UploadDuration": "1266", "EventData.PayloadSize": "4361", "EventData.Protocol": "Watson", "EventData.Stage": "s1event", "EventData.BytesUploaded": "4361", "EventData.ServerName": "watson.events.data.microsoft.com"}
{"EventID": "1", "Channel": "Microsoft-Windows-WER-PayloadHealth/Operational", "Provider_Name": "Microsoft-Windows-WER-PayloadHealth", "Computer": "DESKTOP-OFJ6N53", "TimeCreated": "2024-08-06 01:03:40.144131+00:00", "RecordID": "1465", "Level": "4", "UserID": "S-1-5-21-963789628-1060504924-4285088085-1001", "EventData.UploadDuration": "921", "EventData.PayloadSize": "4662", "EventData.Protocol": "Watson", "EventData.Stage": "s1event", "EventData.BytesUploaded": "4662", "EventData.ServerName": "watson.events.data.microsoft.com"}
{"EventID": "1", "Channel": "Microsoft-Windows-WER-PayloadHealth/Operational", "Provider_Name": "Microsoft-Windows-WER-PayloadHealth", "Computer": "DESKTOP-OFJ6N53", "TimeCreated": "2024-08-06 01:03:43.561371+00:00", "RecordID": "1466", "Level": "4", "UserID": "S-1-5-21-963789628-1060504924-4285088085-1001", "EventData.UploadDuration": "782", "EventData.PayloadSize": "4662", "EventData.Protocol": "Watson", "EventData.Stage": "s1event", "EventData.BytesUploaded": "4662", "EventData.ServerName": "watson.events.data.microsoft.com"}
{"EventID": "1", "Channel": "Microsoft-Windows-WER-PayloadHealth/Operational", "Provider_Name": "Microsoft-Windows-WER-PayloadHealth", "Computer": "DESKTOP-OFJ6N53", "TimeCreated": "2024-08-09 08:58:09.065725+00:00", "RecordID": "1467", "Level": "4", "UserID": "S-1-5-21-963789628-1060504924-4285088085-1001", "EventData.UploadDuration": "1297", "EventData.PayloadSize": "4618", "EventData.Protocol": "Watson", "EventData.Stage": "s1event", "EventData.BytesUploaded": "4618", "EventData.ServerName": "watson.events.data.microsoft.com"}
{"EventID": "1", "Channel": "Microsoft-Windows-WER-PayloadHealth/Operational", "Provider_Name": "Microsoft-Windows-WER-PayloadHealth", "Computer": "DESKTOP-OFJ6N53", "TimeCreated": "2024-08-11 09:28:32.178431+00:00", "RecordID": "1468", "Level": "4", "UserID": "S-1-5-21-963789628-1060504924-4285088085-1001", "EventData.UploadDuration": "1500", "EventData.PayloadSize": "4692", "EventData.Protocol": "Watson", "EventData.Stage": "s1event", "EventData.BytesUploaded": "4692", "EventData.ServerName": "watson.events.data.microsoft.com"}
{"EventID": "1", "Channel": "Microsoft-Windows-WER-PayloadHealth/Operational", "Provider_Name": "Microsoft-Windows-WER-PayloadHealth", "Computer": "DESKTOP-OFJ6N53", "TimeCreated": "2024-08-13 23:45:32.331902+00:00", "RecordID": "1469", "Level": "4", "UserID": "S-1-5-21-963789628-1060504924-4285088085-1001", "EventData.UploadDuration": "1156", "EventData.PayloadSize": "4905", "EventData.Protocol": "Watson", "EventData.Stage": "s1event", "EventData.BytesUploaded": "4905", "EventData.ServerName": "watson.events.data.microsoft.com"}
{"EventID": "2", "Channel": "Microsoft-Windows-WER-PayloadHealth/Operational", "Provider_Name": "Microsoft-Windows-WER-PayloadHealth", "Computer": "DESKTOP-OFJ6N53", "TimeCreated": "2024-08-28 10:13:04.366861+00:00", "RecordID": "1470", "Level": "4", "UserID": "S-1-5-21-963789628-1060504924-4285088085-1001", "EventData.HttpExchangeResult": "2147954402", "EventData.UploadDuration": "21266", "EventData.PayloadSize": "4531", "EventData.Protocol": "Watson", "EventData.Stage": "s1event", "EventData.RequestStatusCode": "0", "EventData.BytesUploaded": "0", "EventData.ServerName": "watson.events.data.microsoft.com", "EventData.TransportHr": "2147954402"}
{"EventID": "1", "Channel": "Microsoft-Windows-WER-PayloadHealth/Operational", "Provider_Name": "Microsoft-Windows-WER-PayloadHealth", "Computer": "DESKTOP-OFJ6N53", "TimeCreated": "2024-08-28 10:19:14.606445+00:00", "RecordID": "1471", "Level": "4", "UserID": "S-1-5-21-963789628-1060504924-4285088085-1001", "EventData.UploadDuration": "1672", "EventData.PayloadSize": "4531", "EventData.Protocol": "Watson", "EventData.Stage": "s1event", "EventData.BytesUploaded": "4531", "EventData.ServerName": "watson.events.data.microsoft.com"}
{"EventID": "2", "Channel": "Microsoft-Windows-WER-PayloadHealth/Operational", "Provider_Name": "Microsoft-Windows-WER-PayloadHealth", "Computer": "DESKTOP-OFJ6N53", "TimeCreated": "2024-08-28 10:28:51.857536+00:00", "RecordID": "1472", "Level": "4", "UserID": "S-1-5-21-963789628-1060504924-4285088085-1001", "EventData.HttpExchangeResult": "2147954402", "EventData.UploadDuration": "21375", "EventData.PayloadSize": "4531", "EventData.Protocol": "Watson", "EventData.Stage": "s1event", "EventData.RequestStatusCode": "0", "EventData.BytesUploaded": "0", "EventData.ServerName": "watson.events.data.microsoft.com", "EventData.TransportHr": "2147954402"}
{"EventID": "2", "Channel": "Microsoft-Windows-WER-PayloadHealth/Operational", "Provider_Name": "Microsoft-Windows-WER-PayloadHealth", "Computer": "DESKTOP-OFJ6N53", "TimeCreated": "2024-08-28 10:34:47.522642+00:00", "RecordID": "1473", "Level": "4", "UserID": "S-1-5-21-963789628-1060504924-4285088085-1001", "EventData.HttpExchangeResult": "2147954402", "EventData.UploadDuration": "21390", "EventData.PayloadSize": "4531", "EventData.Protocol": "Watson", "EventData.Stage": "s1event", "EventData.RequestStatusCode": "0", "EventData.BytesUploaded": "0", "EventData.ServerName": "watson.events.data.microsoft.com", "EventData.TransportHr": "2147954402"}
{"EventID": "2", "Channel": "Microsoft-Windows-WER-PayloadHealth/Operational", "Provider_Name": "Microsoft-Windows-WER-PayloadHealth", "Computer": "DESKTOP-OFJ6N53", "TimeCreated": "2024-08-28 10:35:08.759007+00:00", "RecordID": "1474", "Level": "4", "UserID": "S-1-5-21-963789628-1060504924-4285088085-1001", "EventData.HttpExchangeResult": "2147954402", "EventData.UploadDuration": "21203", "EventData.PayloadSize": "4531", "EventData.Protocol": "Watson", "EventData.Stage": "s1event", "EventData.RequestStatusCode": "0", "EventData.BytesUploaded": "0", "EventData.ServerName": "watson.events.data.microsoft.com", "EventData.TransportHr": "2147954402"}
{"EventID": "2", "Channel": "Microsoft-Windows-WER-PayloadHealth/Operational", "Provider_Name": "Microsoft-Windows-WER-PayloadHealth", "Computer": "DESKTOP-OFJ6N53", "TimeCreated": "2024-08-28 12:03:19.206640+00:00", "RecordID": "1475", "Level": "4", "UserID": "S-1-5-21-963789628-1060504924-4285088085-1001", "EventData.HttpExchangeResult": "2147954402", "EventData.UploadDuration": "21172", "EventData.PayloadSize": "4531", "EventData.Protocol": "Watson", "EventData.Stage": "s1event", "EventData.RequestStatusCode": "0", "EventData.BytesUploaded": "0", "EventData.ServerName": "watson.events.data.microsoft.com", "EventData.TransportHr": "2147954402"}
{"EventID": "2", "Channel": "Microsoft-Windows-WER-PayloadHealth/Operational", "Provider_Name": "Microsoft-Windows-WER-PayloadHealth", "Computer": "DESKTOP-OFJ6N53", "TimeCreated": "2024-08-28 12:03:40.543573+00:00", "RecordID": "1476", "Level": "4", "UserID": "S-1-5-21-963789628-1060504924-4285088085-1001", "EventData.HttpExchangeResult": "2147954402", "EventData.UploadDuration": "21297", "EventData.PayloadSize": "4531", "EventData.Protocol": "Watson", "EventData.Stage": "s1event", "EventData.RequestStatusCode": "0", "EventData.BytesUploaded": "0", "EventData.ServerName": "watson.events.data.microsoft.com", "EventData.TransportHr": "2147954402"}
{"EventID": "2", "Channel": "Microsoft-Windows-WER-PayloadHealth/Operational", "Provider_Name": "Microsoft-Windows-WER-PayloadHealth", "Computer": "DESKTOP-OFJ6N53", "TimeCreated": "2024-08-28 12:04:01.664192+00:00", "RecordID": "1477", "Level": "4", "UserID": "S-1-5-21-963789628-1060504924-4285088085-1001", "EventData.HttpExchangeResult": "2147954402", "EventData.UploadDuration": "21094", "EventData.PayloadSize": "4531", "EventData.Protocol": "Watson", "EventData.Stage": "s1event", "EventData.RequestStatusCode": "0", "EventData.BytesUploaded": "0", "EventData.ServerName": "watson.events.data.microsoft.com", "EventData.TransportHr": "2147954402"}
{"EventID": "2", "Channel": "Microsoft-Windows-WER-PayloadHealth/Operational", "Provider_Name": "Microsoft-Windows-WER-PayloadHealth", "Computer": "DESKTOP-OFJ6N53", "TimeCreated": "2024-08-28 12:25:54.970798+00:00", "RecordID": "1478", "Level": "4", "UserID": "S-1-5-21-963789628-1060504924-4285088085-1001", "EventData.HttpExchangeResult": "2147954402", "EventData.UploadDuration": "21219", "EventData.PayloadSize": "4531", "EventData.Protocol": "Watson", "EventData.Stage": "s1event", "EventData.RequestStatusCode": "0", "EventData.BytesUploaded": "0", "EventData.ServerName": "watson.events.data.microsoft.com", "EventData.TransportHr": "2147954402"}
{"EventID": "2", "Channel": "Microsoft-Windows-WER-PayloadHealth/Operational", "Provider_Name": "Microsoft-Windows-WER-PayloadHealth", "Computer": "DESKTOP-OFJ6N53", "TimeCreated": "2024-08-28 12:26:16.268530+00:00", "RecordID": "1479", "Level": "4", "UserID": "S-1-5-21-963789628-1060504924-4285088085-1001", "EventData.HttpExchangeResult": "2147954402", "EventData.UploadDuration": "21281", "EventData.PayloadSize": "4531", "EventData.Protocol": "Watson", "EventData.Stage": "s1event", "EventData.RequestStatusCode": "0", "EventData.BytesUploaded": "0", "EventData.ServerName": "watson.events.data.microsoft.com", "EventData.TransportHr": "2147954402"}
{"EventID": "2", "Channel": "Microsoft-Windows-WER-PayloadHealth/Operational", "Provider_Name": "Microsoft-Windows-WER-PayloadHealth", "Computer": "DESKTOP-OFJ6N53", "TimeCreated": "2024-08-28 12:26:37.743093+00:00", "RecordID": "1480", "Level": "4", "UserID": "S-1-5-21-963789628-1060504924-4285088085-1001", "EventData.HttpExchangeResult": "2147954402", "EventData.UploadDuration": "21437", "EventData.PayloadSize": "4531", "EventData.Protocol": "Watson", "EventData.Stage": "s1event", "EventData.RequestStatusCode": "0", "EventData.BytesUploaded": "0", "EventData.ServerName": "watson.events.data.microsoft.com", "EventData.TransportHr": "2147954402"}
{"EventID": "2", "Channel": "Microsoft-Windows-WER-PayloadHealth/Operational", "Provider_Name": "Microsoft-Windows-WER-PayloadHealth", "Computer": "DESKTOP-OFJ6N53", "TimeCreated": "2024-08-28 16:19:09.170240+00:00", "RecordID": "1481", "Level": "4", "UserID": "S-1-5-21-963789628-1060504924-4285088085-1001", "EventData.HttpExchangeResult": "2147954402", "EventData.UploadDuration": "21219", "EventData.PayloadSize": "4531", "EventData.Protocol": "Watson", "EventData.Stage": "s1event", "EventData.RequestStatusCode": "0", "EventData.BytesUploaded": "0", "EventData.ServerName": "watson.events.data.microsoft.com", "EventData.TransportHr": "2147954402"}
{"EventID": "2", "Channel": "Microsoft-Windows-WER-PayloadHealth/Operational", "Provider_Name": "Microsoft-Windows-WER-PayloadHealth", "Computer": "DESKTOP-OFJ6N53", "TimeCreated": "2024-08-28 16:19:30.440002+00:00", "RecordID": "1482", "Level": "4", "UserID": "S-1-5-21-963789628-1060504924-4285088085-1001", "EventData.HttpExchangeResult": "2147954402", "EventData.UploadDuration": "21250", "EventData.PayloadSize": "4531", "EventData.Protocol": "Watson", "EventData.Stage": "s1event", "EventData.RequestStatusCode": "0", "EventData.BytesUploaded": "0", "EventData.ServerName": "watson.events.data.microsoft.com", "EventData.TransportHr": "2147954402"}
{"EventID": "2", "Channel": "Microsoft-Windows-WER-PayloadHealth/Operational", "Provider_Name": "Microsoft-Windows-WER-PayloadHealth", "Computer": "DESKTOP-OFJ6N53", "TimeCreated": "2024-08-28 16:19:51.727777+00:00", "RecordID": "1483", "Level": "4", "UserID": "S-1-5-21-963789628-1060504924-4285088085-1001", "EventData.HttpExchangeResult": "2147954402", "EventData.UploadDuration": "21250", "EventData.PayloadSize": "4531", "EventData.Protocol": "Watson", "EventData.Stage": "s1event", "EventData.RequestStatusCode": "0", "EventData.BytesUploaded": "0", "EventData.ServerName": "watson.events.data.microsoft.com", "EventData.TransportHr": "2147954402"}
{"EventID": "1", "Channel": "Microsoft-Windows-WER-PayloadHealth/Operational", "Provider_Name": "Microsoft-Windows-WER-PayloadHealth", "Computer": "DESKTOP-OFJ6N53", "TimeCreated": "2024-08-28 16:20:49.723045+00:00", "RecordID": "1484", "Level": "4", "UserID": "S-1-5-21-963789628-1060504924-4285088085-1001", "EventData.UploadDuration": "922", "EventData.PayloadSize": "4531", "EventData.Protocol": "Watson", "EventData.Stage": "s1event", "EventData.BytesUploaded": "4531", "EventData.ServerName": "watson.events.data.microsoft.com"}
{"EventID": "1", "Channel": "Microsoft-Windows-WER-PayloadHealth/Operational", "Provider_Name": "Microsoft-Windows-WER-PayloadHealth", "Computer": "DESKTOP-OFJ6N53", "TimeCreated": "2024-08-28 16:20:50.941914+00:00", "RecordID": "1485", "Level": "4", "UserID": "S-1-5-21-963789628-1060504924-4285088085-1001", "EventData.UploadDuration": "812", "EventData.PayloadSize": "4531", "EventData.Protocol": "Watson", "EventData.Stage": "s1event", "EventData.BytesUploaded": "4531", "EventData.ServerName": "watson.events.data.microsoft.com"}
{"EventID": "1", "Channel": "Microsoft-Windows-WER-PayloadHealth/Operational", "Provider_Name": "Microsoft-Windows-WER-PayloadHealth", "Computer": "DESKTOP-OFJ6N53", "TimeCreated": "2024-08-28 16:20:51.778471+00:00", "RecordID": "1486", "Level": "4", "UserID": "S-1-5-21-963789628-1060504924-4285088085-1001", "EventData.UploadDuration": "671", "EventData.PayloadSize": "4531", "EventData.Protocol": "Watson", "EventData.Stage": "s1event", "EventData.BytesUploaded": "4531", "EventData.ServerName": "watson.events.data.microsoft.com"}
{"EventID": "1", "Channel": "Microsoft-Windows-WER-PayloadHealth/Operational", "Provider_Name": "Microsoft-Windows-WER-PayloadHealth", "Computer": "DESKTOP-OFJ6N53", "TimeCreated": "2024-08-30 10:12:10.042608+00:00", "RecordID": "1487", "Level": "4", "UserID": "S-1-5-21-963789628-1060504924-4285088085-1001", "EventData.UploadDuration": "953", "EventData.PayloadSize": "4629", "EventData.Protocol": "Watson", "EventData.Stage": "s1event", "EventData.BytesUploaded": "4629", "EventData.ServerName": "watson.events.data.microsoft.com"}
{"EventID": "1", "Channel": "Microsoft-Windows-WER-PayloadHealth/Operational", "Provider_Name": "Microsoft-Windows-WER-PayloadHealth", "Computer": "DESKTOP-OFJ6N53", "TimeCreated": "2024-08-30 11:24:29.568771+00:00", "RecordID": "1488", "Level": "4", "UserID": "S-1-5-21-963789628-1060504924-4285088085-1001", "EventData.UploadDuration": "875", "EventData.PayloadSize": "4629", "EventData.Protocol": "Watson", "EventData.Stage": "s1event", "EventData.BytesUploaded": "4629", "EventData.ServerName": "watson.events.data.microsoft.com"}
{"EventID": "1", "Channel": "Microsoft-Windows-WER-PayloadHealth/Operational", "Provider_Name": "Microsoft-Windows-WER-PayloadHealth", "Computer": "DESKTOP-OFJ6N53", "TimeCreated": "2024-08-30 13:52:03.594782+00:00", "RecordID": "1489", "Level": "4", "UserID": "S-1-5-21-963789628-1060504924-4285088085-1001", "EventData.UploadDuration": "688", "EventData.PayloadSize": "4373", "EventData.Protocol": "Watson", "EventData.Stage": "s1event", "EventData.BytesUploaded": "4373", "EventData.ServerName": "watson.events.data.microsoft.com"}
{"EventID": "1", "Channel": "Microsoft-Windows-WER-PayloadHealth/Operational", "Provider_Name": "Microsoft-Windows-WER-PayloadHealth", "Computer": "DESKTOP-OFJ6N53", "TimeCreated": "2024-08-30 16:18:37.291599+00:00", "RecordID": "1490", "Level": "4", "UserID": "S-1-5-21-963789628-1060504924-4285088085-1001", "EventData.UploadDuration": "1172", "EventData.PayloadSize": "4629", "EventData.Protocol": "Watson", "EventData.Stage": "s1event", "EventData.BytesUploaded": "4629", "EventData.ServerName": "watson.events.data.microsoft.com"}
{"EventID": "1", "Channel": "Microsoft-Windows-WER-PayloadHealth/Operational", "Provider_Name": "Microsoft-Windows-WER-PayloadHealth", "Computer": "DESKTOP-OFJ6N53", "TimeCreated": "2024-09-02 10:11:09.164007+00:00", "RecordID": "1491", "Level": "4", "UserID": "S-1-5-21-963789628-1060504924-4285088085-1001", "EventData.UploadDuration": "1141", "EventData.PayloadSize": "4629", "EventData.Protocol": "Watson", "EventData.Stage": "s1event", "EventData.BytesUploaded": "4629", "EventData.ServerName": "watson.events.data.microsoft.com"}
{"EventID": "1", "Channel": "Microsoft-Windows-WER-PayloadHealth/Operational", "Provider_Name": "Microsoft-Windows-WER-PayloadHealth", "Computer": "DESKTOP-OFJ6N53", "TimeCreated": "2024-09-05 10:11:26.790245+00:00", "RecordID": "1492", "Level": "4", "UserID": "S-1-5-21-963789628-1060504924-4285088085-1001", "EventData.UploadDuration": "781", "EventData.PayloadSize": "4629", "EventData.Protocol": "Watson", "EventData.Stage": "s1event", "EventData.BytesUploaded": "4629", "EventData.ServerName": "watson.events.data.microsoft.com"}
{"EventID": "1", "Channel": "Microsoft-Windows-WER-PayloadHealth/Operational", "Provider_Name": "Microsoft-Windows-WER-PayloadHealth", "Computer": "DESKTOP-OFJ6N53", "TimeCreated": "2024-09-06 13:40:45.740707+00:00", "RecordID": "1493", "Level": "4", "UserID": "S-1-5-21-963789628-1060504924-4285088085-1001", "EventData.UploadDuration": "938", "EventData.PayloadSize": "5065", "EventData.Protocol": "Watson", "EventData.Stage": "s1event", "EventData.BytesUploaded": "5065", "EventData.ServerName": "watson.events.data.microsoft.com"}
{"EventID": "1", "Channel": "Microsoft-Windows-WER-PayloadHealth/Operational", "Provider_Name": "Microsoft-Windows-WER-PayloadHealth", "Computer": "DESKTOP-OFJ6N53", "TimeCreated": "2024-09-11 09:39:35.421486+00:00", "RecordID": "1494", "Level": "4", "UserID": "S-1-5-21-963789628-1060504924-4285088085-1001", "EventData.UploadDuration": "891", "EventData.PayloadSize": "4919", "EventData.Protocol": "Watson", "EventData.Stage": "s1event", "EventData.BytesUploaded": "4919", "EventData.ServerName": "watson.events.data.microsoft.com"}
{"EventID": "1", "Channel": "Microsoft-Windows-WER-PayloadHealth/Operational", "Provider_Name": "Microsoft-Windows-WER-PayloadHealth", "Computer": "DESKTOP-OFJ6N53", "TimeCreated": "2024-09-16 05:51:33.897095+00:00", "RecordID": "1495", "Level": "4", "UserID": "S-1-5-21-963789628-1060504924-4285088085-1001", "EventData.UploadDuration": "1140", "EventData.PayloadSize": "4695", "EventData.Protocol": "Watson", "EventData.Stage": "s1event", "EventData.BytesUploaded": "4695", "EventData.ServerName": "watson.events.data.microsoft.com"}
{"EventID": "2", "Channel": "Microsoft-Windows-WER-PayloadHealth/Operational", "Provider_Name": "Microsoft-Windows-WER-PayloadHealth", "Computer": "DESKTOP-OFJ6N53", "TimeCreated": "2024-09-26 14:35:15.701414+00:00", "RecordID": "1496", "Level": "4", "UserID": "S-1-5-21-963789628-1060504924-4285088085-1001", "EventData.HttpExchangeResult": "2147954402", "EventData.UploadDuration": "21047", "EventData.PayloadSize": "4531", "EventData.Protocol": "Watson", "EventData.Stage": "s1event", "EventData.RequestStatusCode": "0", "EventData.BytesUploaded": "0", "EventData.ServerName": "watson.events.data.microsoft.com", "EventData.TransportHr": "2147954402"}
{"EventID": "2", "Channel": "Microsoft-Windows-WER-PayloadHealth/Operational", "Provider_Name": "Microsoft-Windows-WER-PayloadHealth", "Computer": "DESKTOP-OFJ6N53", "TimeCreated": "2024-09-26 16:47:18.357651+00:00", "RecordID": "1497", "Level": "4", "UserID": "S-1-5-21-963789628-1060504924-4285088085-1001", "EventData.HttpExchangeResult": "2147954402", "EventData.UploadDuration": "21094", "EventData.PayloadSize": "4531", "EventData.Protocol": "Watson", "EventData.Stage": "s1event", "EventData.RequestStatusCode": "0", "EventData.BytesUploaded": "0", "EventData.ServerName": "watson.events.data.microsoft.com", "EventData.TransportHr": "2147954402"}
{"EventID": "2", "Channel": "Microsoft-Windows-WER-PayloadHealth/Operational", "Provider_Name": "Microsoft-Windows-WER-PayloadHealth", "Computer": "DESKTOP-OFJ6N53", "TimeCreated": "2024-09-26 20:10:42.311127+00:00", "RecordID": "1498", "Level": "4", "UserID": "S-1-5-21-963789628-1060504924-4285088085-1001", "EventData.HttpExchangeResult": "2147954402", "EventData.UploadDuration": "21047", "EventData.PayloadSize": "4531", "EventData.Protocol": "Watson", "EventData.Stage": "s1event", "EventData.RequestStatusCode": "0", "EventData.BytesUploaded": "0", "EventData.ServerName": "watson.events.data.microsoft.com", "EventData.TransportHr": "2147954402"}
{"EventID": "2", "Channel": "Microsoft-Windows-WER-PayloadHealth/Operational", "Provider_Name": "Microsoft-Windows-WER-PayloadHealth", "Computer": "DESKTOP-OFJ6N53", "TimeCreated": "2024-09-27 00:40:14.310732+00:00", "RecordID": "1499", "Level": "4", "UserID": "S-1-5-21-963789628-1060504924-4285088085-1001", "EventData.HttpExchangeResult": "2147954402", "EventData.UploadDuration": "21062", "EventData.PayloadSize": "4531", "EventData.Protocol": "Watson", "EventData.Stage": "s1event", "EventData.RequestStatusCode": "0", "EventData.BytesUploaded": "0", "EventData.ServerName": "watson.events.data.microsoft.com", "EventData.TransportHr": "2147954402"}
{"EventID": "1", "Channel": "Microsoft-Windows-WER-PayloadHealth/Operational", "Provider_Name": "Microsoft-Windows-WER-PayloadHealth", "Computer": "DESKTOP-OFJ6N53", "TimeCreated": "2024-09-27 03:12:55.326387+00:00", "RecordID": "1500", "Level": "4", "UserID": "S-1-5-21-963789628-1060504924-4285088085-1001", "EventData.UploadDuration": "1094", "EventData.PayloadSize": "4531", "EventData.Protocol": "Watson", "EventData.Stage": "s1event", "EventData.BytesUploaded": "4531", "EventData.ServerName": "watson.events.data.microsoft.com"}
{"EventID": "1", "Channel": "Microsoft-Windows-WER-PayloadHealth/Operational", "Provider_Name": "Microsoft-Windows-WER-PayloadHealth", "Computer": "DESKTOP-OFJ6N53", "TimeCreated": "2024-10-04 13:37:02.618439+00:00", "RecordID": "1501", "Level": "4", "UserID": "S-1-5-21-963789628-1060504924-4285088085-1001", "EventData.UploadDuration": "688", "EventData.PayloadSize": "4371", "EventData.Protocol": "Watson", "EventData.Stage": "s1event", "EventData.BytesUploaded": "4371", "EventData.ServerName": "watson.events.data.microsoft.com"}
{"EventID": "1", "Channel": "Microsoft-Windows-WER-PayloadHealth/Operational", "Provider_Name": "Microsoft-Windows-WER-PayloadHealth", "Computer": "DESKTOP-OFJ6N53", "TimeCreated": "2024-10-08 19:43:49.060024+00:00", "RecordID": "1502", "Level": "4", "UserID": "S-1-5-21-963789628-1060504924-4285088085-1001", "EventData.UploadDuration": "1422", "EventData.PayloadSize": "4907", "EventData.Protocol": "Watson", "EventData.Stage": "s1event", "EventData.BytesUploaded": "4907", "EventData.ServerName": "watson.events.data.microsoft.com"}
{"EventID": "1", "Channel": "Microsoft-Windows-WER-PayloadHealth/Operational", "Provider_Name": "Microsoft-Windows-WER-PayloadHealth", "Computer": "DESKTOP-OFJ6N53", "TimeCreated": "2024-10-08 19:43:59.655371+00:00", "RecordID": "1503", "Level": "4", "UserID": "S-1-5-21-963789628-1060504924-4285088085-1001", "EventData.UploadDuration": "1281", "EventData.PayloadSize": "4381", "EventData.Protocol": "Watson", "EventData.Stage": "s1event", "EventData.BytesUploaded": "4381", "EventData.ServerName": "watson.events.data.microsoft.com"}
{"EventID": "1", "Channel": "Microsoft-Windows-WER-PayloadHealth/Operational", "Provider_Name": "Microsoft-Windows-WER-PayloadHealth", "Computer": "DESKTOP-OFJ6N53", "TimeCreated": "2024-10-18 08:35:17.410185+00:00", "RecordID": "1504", "Level": "4", "UserID": "S-1-5-21-963789628-1060504924-4285088085-1001", "EventData.UploadDuration": "734", "EventData.PayloadSize": "4629", "EventData.Protocol": "Watson", "EventData.Stage": "s1event", "EventData.BytesUploaded": "4629", "EventData.ServerName": "watson.events.data.microsoft.com"}
{"EventID": "1", "Channel": "Microsoft-Windows-WER-PayloadHealth/Operational", "Provider_Name": "Microsoft-Windows-WER-PayloadHealth", "Computer": "DESKTOP-OFJ6N53", "TimeCreated": "2024-10-18 13:41:03.556145+00:00", "RecordID": "1505", "Level": "4", "UserID": "S-1-5-21-963789628-1060504924-4285088085-1001", "EventData.UploadDuration": "844", "EventData.PayloadSize": "4629", "EventData.Protocol": "Watson", "EventData.Stage": "s1event", "EventData.BytesUploaded": "4629", "EventData.ServerName": "watson.events.data.microsoft.com"}
{"EventID": "1", "Channel": "Microsoft-Windows-WER-PayloadHealth/Operational", "Provider_Name": "Microsoft-Windows-WER-PayloadHealth", "Computer": "DESKTOP-OFJ6N53", "TimeCreated": "2024-10-21 08:26:23.023163+00:00", "RecordID": "1506", "Level": "4", "UserID": "S-1-5-21-963789628-1060504924-4285088085-1001", "EventData.UploadDuration": "1047", "EventData.PayloadSize": "4629", "EventData.Protocol": "Watson", "EventData.Stage": "s1event", "EventData.BytesUploaded": "4629", "EventData.ServerName": "watson.events.data.microsoft.com"}
