{"EventID": "2545", "Channel": "Microsoft-Windows-DeviceManagement-Enterprise-Diagnostics-Provider/Admin", "Provider_Name": "Microsoft-Windows-DeviceManagement-Enterprise-Diagnostics-Provider", "Computer": "DESKTOP-OFJ6N53", "TimeCreated": "2022-11-24 11:39:04.396130+00:00", "RecordID": "100", "Level": "2", "UserID": "S-1-5-18", "EventData.Message1": "checkNewInstanceData", "EventData.Message2": "Read isNewInstanceData", "EventData.HRESULT": "0x80070057"}
{"EventID": "2545", "Channel": "Microsoft-Windows-DeviceManagement-Enterprise-Diagnostics-Provider/Admin", "Provider_Name": "Microsoft-Windows-DeviceManagement-Enterprise-Diagnostics-Provider", "Computer": "DESKTOP-OFJ6N53", "TimeCreated": "2022-11-28 11:42:04.214504+00:00", "RecordID": "101", "Level": "2", "UserID": "S-1-5-18", "EventData.Message1": "checkNewInstanceData", "EventData.Message2": "Read isNewInstanceData", "EventData.HRESULT": "0x80070057"}
{"EventID": "2545", "Channel": "Microsoft-Windows-DeviceManagement-Enterprise-Diagnostics-Provider/Admin", "Provider_Name": "Microsoft-Windows-DeviceManagement-Enterprise-Diagnostics-Provider", "Computer": "DESKTOP-OFJ6N53", "TimeCreated": "2022-11-30 10:23:23.251520+00:00", "RecordID": "102", "Level": "2", "UserID": "S-1-5-18", "EventData.Message1": "checkNewInstanceData", "EventData.Message2": "Read isNewInstanceData", "EventData.HRESULT": "0x80070057"}
{"EventID": "2545", "Channel": "Microsoft-Windows-DeviceManagement-Enterprise-Diagnostics-Provider/Admin", "Provider_Name": "Microsoft-Windows-DeviceManagement-Enterprise-Diagnostics-Provider", "Computer": "DESKTOP-OFJ6N53", "TimeCreated": "2022-12-06 12:08:38.547924+00:00", "RecordID": "103", "Level": "2", "UserID": "S-1-5-18", "EventData.Message1": "checkNewInstanceData", "EventData.Message2": "Read isNewInstanceData", "EventData.HRESULT": "0x80070057"}
{"EventID": "2545", "Channel": "Microsoft-Windows-DeviceManagement-Enterprise-Diagnostics-Provider/Admin", "Provider_Name": "Microsoft-Windows-DeviceManagement-Enterprise-Diagnostics-Provider", "Computer": "DESKTOP-OFJ6N53", "TimeCreated": "2022-12-09 12:10:52.715710+00:00", "RecordID": "104", "Level": "2", "UserID": "S-1-5-18", "EventData.Message1": "checkNewInstanceData", "EventData.Message2": "Read isNewInstanceData", "EventData.HRESULT": "0x80070057"}
{"EventID": "2545", "Channel": "Microsoft-Windows-DeviceManagement-Enterprise-Diagnostics-Provider/Admin", "Provider_Name": "Microsoft-Windows-DeviceManagement-Enterprise-Diagnostics-Provider", "Computer": "DESKTOP-OFJ6N53", "TimeCreated": "2022-12-14 13:01:40.174788+00:00", "RecordID": "105", "Level": "2", "UserID": "S-1-5-18", "EventData.Message1": "checkNewInstanceData", "EventData.Message2": "Read isNewInstanceData", "EventData.HRESULT": "0x80070057"}
{"EventID": "2545", "Channel": "Microsoft-Windows-DeviceManagement-Enterprise-Diagnostics-Provider/Admin", "Provider_Name": "Microsoft-Windows-DeviceManagement-Enterprise-Diagnostics-Provider", "Computer": "DESKTOP-OFJ6N53", "TimeCreated": "2022-12-15 08:52:21.781626+00:00", "RecordID": "106", "Level": "2", "UserID": "S-1-5-18", "EventData.Message1": "checkNewInstanceData", "EventData.Message2": "Read isNewInstanceData", "EventData.HRESULT": "0x80070057"}
{"EventID": "2545", "Channel": "Microsoft-Windows-DeviceManagement-Enterprise-Diagnostics-Provider/Admin", "Provider_Name": "Microsoft-Windows-DeviceManagement-Enterprise-Diagnostics-Provider", "Computer": "DESKTOP-OFJ6N53", "TimeCreated": "2022-12-21 10:23:32.517416+00:00", "RecordID": "107", "Level": "2", "UserID": "S-1-5-18", "EventData.Message1": "checkNewInstanceData", "EventData.Message2": "Read isNewInstanceData", "EventData.HRESULT": "0x80070057"}
{"EventID": "2545", "Channel": "Microsoft-Windows-DeviceManagement-Enterprise-Diagnostics-Provider/Admin", "Provider_Name": "Microsoft-Windows-DeviceManagement-Enterprise-Diagnostics-Provider", "Computer": "DESKTOP-OFJ6N53", "TimeCreated": "2022-12-27 11:14:42.738768+00:00", "RecordID": "108", "Level": "2", "UserID": "S-1-5-18", "EventData.Message1": "checkNewInstanceData", "EventData.Message2": "Read isNewInstanceData", "EventData.HRESULT": "0x80070057"}
{"EventID": "2545", "Channel": "Microsoft-Windows-DeviceManagement-Enterprise-Diagnostics-Provider/Admin", "Provider_Name": "Microsoft-Windows-DeviceManagement-Enterprise-Diagnostics-Provider", "Computer": "DESKTOP-OFJ6N53", "TimeCreated": "2022-12-30 09:31:26.714458+00:00", "RecordID": "109", "Level": "2", "UserID": "S-1-5-18", "EventData.Message1": "checkNewInstanceData", "EventData.Message2": "Read isNewInstanceData", "EventData.HRESULT": "0x80070057"}
{"EventID": "2545", "Channel": "Microsoft-Windows-DeviceManagement-Enterprise-Diagnostics-Provider/Admin", "Provider_Name": "Microsoft-Windows-DeviceManagement-Enterprise-Diagnostics-Provider", "Computer": "DESKTOP-OFJ6N53", "TimeCreated": "2023-01-10 08:04:15.398077+00:00", "RecordID": "110", "Level": "2", "UserID": "S-1-5-18", "EventData.Message1": "checkNewInstanceData", "EventData.Message2": "Read isNewInstanceData", "EventData.HRESULT": "0x80070057"}
{"EventID": "2545", "Channel": "Microsoft-Windows-DeviceManagement-Enterprise-Diagnostics-Provider/Admin", "Provider_Name": "Microsoft-Windows-DeviceManagement-Enterprise-Diagnostics-Provider", "Computer": "DESKTOP-OFJ6N53", "TimeCreated": "2023-01-13 14:11:54.135315+00:00", "RecordID": "111", "Level": "2", "UserID": "S-1-5-18", "EventData.Message1": "checkNewInstanceData", "EventData.Message2": "Read isNewInstanceData", "EventData.HRESULT": "0x80070057"}
{"EventID": "2545", "Channel": "Microsoft-Windows-DeviceManagement-Enterprise-Diagnostics-Provider/Admin", "Provider_Name": "Microsoft-Windows-DeviceManagement-Enterprise-Diagnostics-Provider", "Computer": "DESKTOP-OFJ6N53", "TimeCreated": "2023-01-16 08:25:31.941818+00:00", "RecordID": "112", "Level": "2", "UserID": "S-1-5-18", "EventData.Message1": "checkNewInstanceData", "EventData.Message2": "Read isNewInstanceData", "EventData.HRESULT": "0x80070057"}
{"EventID": "2545", "Channel": "Microsoft-Windows-DeviceManagement-Enterprise-Diagnostics-Provider/Admin", "Provider_Name": "Microsoft-Windows-DeviceManagement-Enterprise-Diagnostics-Provider", "Computer": "DESKTOP-OFJ6N53", "TimeCreated": "2023-01-17 12:46:33.471937+00:00", "RecordID": "113", "Level": "2", "UserID": "S-1-5-18", "EventData.Message1": "checkNewInstanceData", "EventData.Message2": "Read isNewInstanceData", "EventData.HRESULT": "0x80070057"}
{"EventID": "2545", "Channel": "Microsoft-Windows-DeviceManagement-Enterprise-Diagnostics-Provider/Admin", "Provider_Name": "Microsoft-Windows-DeviceManagement-Enterprise-Diagnostics-Provider", "Computer": "DESKTOP-OFJ6N53", "TimeCreated": "2023-01-19 08:51:32.384758+00:00", "RecordID": "114", "Level": "2", "UserID": "S-1-5-18", "EventData.Message1": "checkNewInstanceData", "EventData.Message2": "Read isNewInstanceData", "EventData.HRESULT": "0x80070057"}
{"EventID": "2545", "Channel": "Microsoft-Windows-DeviceManagement-Enterprise-Diagnostics-Provider/Admin", "Provider_Name": "Microsoft-Windows-DeviceManagement-Enterprise-Diagnostics-Provider", "Computer": "DESKTOP-OFJ6N53", "TimeCreated": "2023-01-19 12:44:23.620737+00:00", "RecordID": "115", "Level": "2", "UserID": "S-1-5-18", "EventData.Message1": "checkNewInstanceData", "EventData.Message2": "Read isNewInstanceData", "EventData.HRESULT": "0x80070057"}
{"EventID": "2545", "Channel": "Microsoft-Windows-DeviceManagement-Enterprise-Diagnostics-Provider/Admin", "Provider_Name": "Microsoft-Windows-DeviceManagement-Enterprise-Diagnostics-Provider", "Computer": "DESKTOP-OFJ6N53", "TimeCreated": "2023-01-23 10:10:40.357975+00:00", "RecordID": "116", "Level": "2", "UserID": "S-1-5-18", "EventData.Message1": "checkNewInstanceData", "EventData.Message2": "Read isNewInstanceData", "EventData.HRESULT": "0x80070057"}
{"EventID": "2545", "Channel": "Microsoft-Windows-DeviceManagement-Enterprise-Diagnostics-Provider/Admin", "Provider_Name": "Microsoft-Windows-DeviceManagement-Enterprise-Diagnostics-Provider", "Computer": "DESKTOP-OFJ6N53", "TimeCreated": "2023-01-23 13:12:12.344728+00:00", "RecordID": "117", "Level": "2", "UserID": "S-1-5-18", "EventData.Message1": "checkNewInstanceData", "EventData.Message2": "Read isNewInstanceData", "EventData.HRESULT": "0x80070057"}
{"EventID": "2545", "Channel": "Microsoft-Windows-DeviceManagement-Enterprise-Diagnostics-Provider/Admin", "Provider_Name": "Microsoft-Windows-DeviceManagement-Enterprise-Diagnostics-Provider", "Computer": "DESKTOP-OFJ6N53", "TimeCreated": "2023-01-25 10:09:29.926664+00:00", "RecordID": "118", "Level": "2", "UserID": "S-1-5-18", "EventData.Message1": "checkNewInstanceData", "EventData.Message2": "Read isNewInstanceData", "EventData.HRESULT": "0x80070057"}
{"EventID": "2545", "Channel": "Microsoft-Windows-DeviceManagement-Enterprise-Diagnostics-Provider/Admin", "Provider_Name": "Microsoft-Windows-DeviceManagement-Enterprise-Diagnostics-Provider", "Computer": "DESKTOP-OFJ6N53", "TimeCreated": "2023-01-28 09:58:21.211760+00:00", "RecordID": "119", "Level": "2", "UserID": "S-1-5-18", "EventData.Message1": "checkNewInstanceData", "EventData.Message2": "Read isNewInstanceData", "EventData.HRESULT": "0x80070057"}
{"EventID": "2545", "Channel": "Microsoft-Windows-DeviceManagement-Enterprise-Diagnostics-Provider/Admin", "Provider_Name": "Microsoft-Windows-DeviceManagement-Enterprise-Diagnostics-Provider", "Computer": "DESKTOP-OFJ6N53", "TimeCreated": "2023-01-30 08:17:21.816900+00:00", "RecordID": "120", "Level": "2", "UserID": "S-1-5-18", "EventData.Message1": "checkNewInstanceData", "EventData.Message2": "Read isNewInstanceData", "EventData.HRESULT": "0x80070057"}
{"EventID": "2545", "Channel": "Microsoft-Windows-DeviceManagement-Enterprise-Diagnostics-Provider/Admin", "Provider_Name": "Microsoft-Windows-DeviceManagement-Enterprise-Diagnostics-Provider", "Computer": "DESKTOP-OFJ6N53", "TimeCreated": "2023-02-09 11:00:56.721573+00:00", "RecordID": "121", "Level": "2", "UserID": "S-1-5-18", "EventData.Message1": "checkNewInstanceData", "EventData.Message2": "Read isNewInstanceData", "EventData.HRESULT": "0x80070057"}
{"EventID": "2545", "Channel": "Microsoft-Windows-DeviceManagement-Enterprise-Diagnostics-Provider/Admin", "Provider_Name": "Microsoft-Windows-DeviceManagement-Enterprise-Diagnostics-Provider", "Computer": "DESKTOP-OFJ6N53", "TimeCreated": "2023-02-14 14:37:57.648989+00:00", "RecordID": "122", "Level": "2", "UserID": "S-1-5-18", "EventData.Message1": "checkNewInstanceData", "EventData.Message2": "Read isNewInstanceData", "EventData.HRESULT": "0x80070057"}
{"EventID": "2545", "Channel": "Microsoft-Windows-DeviceManagement-Enterprise-Diagnostics-Provider/Admin", "Provider_Name": "Microsoft-Windows-DeviceManagement-Enterprise-Diagnostics-Provider", "Computer": "DESKTOP-OFJ6N53", "TimeCreated": "2023-02-15 13:00:13.722027+00:00", "RecordID": "123", "Level": "2", "UserID": "S-1-5-18", "EventData.Message1": "checkNewInstanceData", "EventData.Message2": "Read isNewInstanceData", "EventData.HRESULT": "0x80070057"}
{"EventID": "2545", "Channel": "Microsoft-Windows-DeviceManagement-Enterprise-Diagnostics-Provider/Admin", "Provider_Name": "Microsoft-Windows-DeviceManagement-Enterprise-Diagnostics-Provider", "Computer": "DESKTOP-OFJ6N53", "TimeCreated": "2023-02-27 13:08:34.628601+00:00", "RecordID": "124", "Level": "2", "UserID": "S-1-5-18", "EventData.Message1": "checkNewInstanceData", "EventData.Message2": "Read isNewInstanceData", "EventData.HRESULT": "0x80070057"}
{"EventID": "2545", "Channel": "Microsoft-Windows-DeviceManagement-Enterprise-Diagnostics-Provider/Admin", "Provider_Name": "Microsoft-Windows-DeviceManagement-Enterprise-Diagnostics-Provider", "Computer": "DESKTOP-OFJ6N53", "TimeCreated": "2023-02-27 19:25:12.910172+00:00", "RecordID": "125", "Level": "2", "UserID": "S-1-5-18", "EventData.Message1": "checkNewInstanceData", "EventData.Message2": "Read isNewInstanceData", "EventData.HRESULT": "0x80070057"}
{"EventID": "2545", "Channel": "Microsoft-Windows-DeviceManagement-Enterprise-Diagnostics-Provider/Admin", "Provider_Name": "Microsoft-Windows-DeviceManagement-Enterprise-Diagnostics-Provider", "Computer": "DESKTOP-OFJ6N53", "TimeCreated": "2023-03-06 09:17:52.506315+00:00", "RecordID": "126", "Level": "2", "UserID": "S-1-5-18", "EventData.Message1": "checkNewInstanceData", "EventData.Message2": "Read isNewInstanceData", "EventData.HRESULT": "0x80070057"}
{"EventID": "2545", "Channel": "Microsoft-Windows-DeviceManagement-Enterprise-Diagnostics-Provider/Admin", "Provider_Name": "Microsoft-Windows-DeviceManagement-Enterprise-Diagnostics-Provider", "Computer": "DESKTOP-OFJ6N53", "TimeCreated": "2023-03-10 12:29:34.051476+00:00", "RecordID": "127", "Level": "2", "UserID": "S-1-5-18", "EventData.Message1": "checkNewInstanceData", "EventData.Message2": "Read isNewInstanceData", "EventData.HRESULT": "0x80070057"}
{"EventID": "2545", "Channel": "Microsoft-Windows-DeviceManagement-Enterprise-Diagnostics-Provider/Admin", "Provider_Name": "Microsoft-Windows-DeviceManagement-Enterprise-Diagnostics-Provider", "Computer": "DESKTOP-OFJ6N53", "TimeCreated": "2023-03-13 11:44:24.473299+00:00", "RecordID": "128", "Level": "2", "UserID": "S-1-5-18", "EventData.Message1": "checkNewInstanceData", "EventData.Message2": "Read isNewInstanceData", "EventData.HRESULT": "0x80070057"}
{"EventID": "2545", "Channel": "Microsoft-Windows-DeviceManagement-Enterprise-Diagnostics-Provider/Admin", "Provider_Name": "Microsoft-Windows-DeviceManagement-Enterprise-Diagnostics-Provider", "Computer": "DESKTOP-OFJ6N53", "TimeCreated": "2023-03-16 15:10:13.431955+00:00", "RecordID": "129", "Level": "2", "UserID": "S-1-5-18", "EventData.Message1": "checkNewInstanceData", "EventData.Message2": "Read isNewInstanceData", "EventData.HRESULT": "0x80070057"}
{"EventID": "2545", "Channel": "Microsoft-Windows-DeviceManagement-Enterprise-Diagnostics-Provider/Admin", "Provider_Name": "Microsoft-Windows-DeviceManagement-Enterprise-Diagnostics-Provider", "Computer": "DESKTOP-OFJ6N53", "TimeCreated": "2023-03-19 01:22:50.211395+00:00", "RecordID": "130", "Level": "2", "UserID": "S-1-5-18", "EventData.Message1": "checkNewInstanceData", "EventData.Message2": "Read isNewInstanceData", "EventData.HRESULT": "0x80070057"}
{"EventID": "2545", "Channel": "Microsoft-Windows-DeviceManagement-Enterprise-Diagnostics-Provider/Admin", "Provider_Name": "Microsoft-Windows-DeviceManagement-Enterprise-Diagnostics-Provider", "Computer": "DESKTOP-OFJ6N53", "TimeCreated": "2023-03-20 08:56:10.046797+00:00", "RecordID": "131", "Level": "2", "UserID": "S-1-5-18", "EventData.Message1": "checkNewInstanceData", "EventData.Message2": "Read isNewInstanceData", "EventData.HRESULT": "0x80070057"}
{"EventID": "2545", "Channel": "Microsoft-Windows-DeviceManagement-Enterprise-Diagnostics-Provider/Admin", "Provider_Name": "Microsoft-Windows-DeviceManagement-Enterprise-Diagnostics-Provider", "Computer": "DESKTOP-OFJ6N53", "TimeCreated": "2023-03-23 10:37:43.323149+00:00", "RecordID": "132", "Level": "2", "UserID": "S-1-5-18", "EventData.Message1": "checkNewInstanceData", "EventData.Message2": "Read isNewInstanceData", "EventData.HRESULT": "0x80070057"}
{"EventID": "2545", "Channel": "Microsoft-Windows-DeviceManagement-Enterprise-Diagnostics-Provider/Admin", "Provider_Name": "Microsoft-Windows-DeviceManagement-Enterprise-Diagnostics-Provider", "Computer": "DESKTOP-OFJ6N53", "TimeCreated": "2023-03-29 11:58:39.326002+00:00", "RecordID": "133", "Level": "2", "UserID": "S-1-5-18", "EventData.Message1": "checkNewInstanceData", "EventData.Message2": "Read isNewInstanceData", "EventData.HRESULT": "0x80070057"}
{"EventID": "2545", "Channel": "Microsoft-Windows-DeviceManagement-Enterprise-Diagnostics-Provider/Admin", "Provider_Name": "Microsoft-Windows-DeviceManagement-Enterprise-Diagnostics-Provider", "Computer": "DESKTOP-OFJ6N53", "TimeCreated": "2023-04-03 13:58:20.130022+00:00", "RecordID": "134", "Level": "2", "UserID": "S-1-5-18", "EventData.Message1": "checkNewInstanceData", "EventData.Message2": "Read isNewInstanceData", "EventData.HRESULT": "0x80070057"}
{"EventID": "2545", "Channel": "Microsoft-Windows-DeviceManagement-Enterprise-Diagnostics-Provider/Admin", "Provider_Name": "Microsoft-Windows-DeviceManagement-Enterprise-Diagnostics-Provider", "Computer": "DESKTOP-OFJ6N53", "TimeCreated": "2023-04-03 15:33:48.134884+00:00", "RecordID": "135", "Level": "2", "UserID": "S-1-5-18", "EventData.Message1": "checkNewInstanceData", "EventData.Message2": "Read isNewInstanceData", "EventData.HRESULT": "0x80070057"}
{"EventID": "2545", "Channel": "Microsoft-Windows-DeviceManagement-Enterprise-Diagnostics-Provider/Admin", "Provider_Name": "Microsoft-Windows-DeviceManagement-Enterprise-Diagnostics-Provider", "Computer": "DESKTOP-OFJ6N53", "TimeCreated": "2023-04-04 06:49:28.042892+00:00", "RecordID": "136", "Level": "2", "UserID": "S-1-5-18", "EventData.Message1": "checkNewInstanceData", "EventData.Message2": "Read isNewInstanceData", "EventData.HRESULT": "0x80070057"}
{"EventID": "2545", "Channel": "Microsoft-Windows-DeviceManagement-Enterprise-Diagnostics-Provider/Admin", "Provider_Name": "Microsoft-Windows-DeviceManagement-Enterprise-Diagnostics-Provider", "Computer": "DESKTOP-OFJ6N53", "TimeCreated": "2023-04-05 07:40:26.763178+00:00", "RecordID": "137", "Level": "2", "UserID": "S-1-5-18", "EventData.Message1": "checkNewInstanceData", "EventData.Message2": "Read isNewInstanceData", "EventData.HRESULT": "0x80070057"}
{"EventID": "2545", "Channel": "Microsoft-Windows-DeviceManagement-Enterprise-Diagnostics-Provider/Admin", "Provider_Name": "Microsoft-Windows-DeviceManagement-Enterprise-Diagnostics-Provider", "Computer": "DESKTOP-OFJ6N53", "TimeCreated": "2023-04-05 15:42:03.655670+00:00", "RecordID": "138", "Level": "2", "UserID": "S-1-5-18", "EventData.Message1": "checkNewInstanceData", "EventData.Message2": "Read isNewInstanceData", "EventData.HRESULT": "0x80070057"}
{"EventID": "2545", "Channel": "Microsoft-Windows-DeviceManagement-Enterprise-Diagnostics-Provider/Admin", "Provider_Name": "Microsoft-Windows-DeviceManagement-Enterprise-Diagnostics-Provider", "Computer": "DESKTOP-OFJ6N53", "TimeCreated": "2023-04-11 20:20:43.515263+00:00", "RecordID": "139", "Level": "2", "UserID": "S-1-5-18", "EventData.Message1": "checkNewInstanceData", "EventData.Message2": "Read isNewInstanceData", "EventData.HRESULT": "0x80070057"}
{"EventID": "2545", "Channel": "Microsoft-Windows-DeviceManagement-Enterprise-Diagnostics-Provider/Admin", "Provider_Name": "Microsoft-Windows-DeviceManagement-Enterprise-Diagnostics-Provider", "Computer": "DESKTOP-OFJ6N53", "TimeCreated": "2023-04-13 11:03:05.918987+00:00", "RecordID": "140", "Level": "2", "UserID": "S-1-5-18", "EventData.Message1": "checkNewInstanceData", "EventData.Message2": "Read isNewInstanceData", "EventData.HRESULT": "0x80070057"}
{"EventID": "2545", "Channel": "Microsoft-Windows-DeviceManagement-Enterprise-Diagnostics-Provider/Admin", "Provider_Name": "Microsoft-Windows-DeviceManagement-Enterprise-Diagnostics-Provider", "Computer": "DESKTOP-OFJ6N53", "TimeCreated": "2023-04-22 12:40:05.249046+00:00", "RecordID": "141", "Level": "2", "UserID": "S-1-5-18", "EventData.Message1": "checkNewInstanceData", "EventData.Message2": "Read isNewInstanceData", "EventData.HRESULT": "0x80070057"}
{"EventID": "2545", "Channel": "Microsoft-Windows-DeviceManagement-Enterprise-Diagnostics-Provider/Admin", "Provider_Name": "Microsoft-Windows-DeviceManagement-Enterprise-Diagnostics-Provider", "Computer": "DESKTOP-OFJ6N53", "TimeCreated": "2023-05-02 20:39:08.886944+00:00", "RecordID": "142", "Level": "2", "UserID": "S-1-5-18", "EventData.Message1": "checkNewInstanceData", "EventData.Message2": "Read isNewInstanceData", "EventData.HRESULT": "0x80070057"}
{"EventID": "2545", "Channel": "Microsoft-Windows-DeviceManagement-Enterprise-Diagnostics-Provider/Admin", "Provider_Name": "Microsoft-Windows-DeviceManagement-Enterprise-Diagnostics-Provider", "Computer": "DESKTOP-OFJ6N53", "TimeCreated": "2023-05-03 08:27:37.680531+00:00", "RecordID": "143", "Level": "2", "UserID": "S-1-5-18", "EventData.Message1": "checkNewInstanceData", "EventData.Message2": "Read isNewInstanceData", "EventData.HRESULT": "0x80070057"}
{"EventID": "2545", "Channel": "Microsoft-Windows-DeviceManagement-Enterprise-Diagnostics-Provider/Admin", "Provider_Name": "Microsoft-Windows-DeviceManagement-Enterprise-Diagnostics-Provider", "Computer": "DESKTOP-OFJ6N53", "TimeCreated": "2023-05-10 00:56:44.585239+00:00", "RecordID": "144", "Level": "2", "UserID": "S-1-5-18", "EventData.Message1": "checkNewInstanceData", "EventData.Message2": "Read isNewInstanceData", "EventData.HRESULT": "0x80070057"}
{"EventID": "2545", "Channel": "Microsoft-Windows-DeviceManagement-Enterprise-Diagnostics-Provider/Admin", "Provider_Name": "Microsoft-Windows-DeviceManagement-Enterprise-Diagnostics-Provider", "Computer": "DESKTOP-OFJ6N53", "TimeCreated": "2023-05-15 12:35:31.615702+00:00", "RecordID": "145", "Level": "2", "UserID": "S-1-5-18", "EventData.Message1": "checkNewInstanceData", "EventData.Message2": "Read isNewInstanceData", "EventData.HRESULT": "0x80070057"}
{"EventID": "2545", "Channel": "Microsoft-Windows-DeviceManagement-Enterprise-Diagnostics-Provider/Admin", "Provider_Name": "Microsoft-Windows-DeviceManagement-Enterprise-Diagnostics-Provider", "Computer": "DESKTOP-OFJ6N53", "TimeCreated": "2023-05-16 15:25:35.732748+00:00", "RecordID": "146", "Level": "2", "UserID": "S-1-5-18", "EventData.Message1": "checkNewInstanceData", "EventData.Message2": "Read isNewInstanceData", "EventData.HRESULT": "0x80070057"}
{"EventID": "2545", "Channel": "Microsoft-Windows-DeviceManagement-Enterprise-Diagnostics-Provider/Admin", "Provider_Name": "Microsoft-Windows-DeviceManagement-Enterprise-Diagnostics-Provider", "Computer": "DESKTOP-OFJ6N53", "TimeCreated": "2023-06-09 09:03:45.140060+00:00", "RecordID": "147", "Level": "2", "UserID": "S-1-5-18", "EventData.Message1": "checkNewInstanceData", "EventData.Message2": "Read isNewInstanceData", "EventData.HRESULT": "0x80070057"}
{"EventID": "2545", "Channel": "Microsoft-Windows-DeviceManagement-Enterprise-Diagnostics-Provider/Admin", "Provider_Name": "Microsoft-Windows-DeviceManagement-Enterprise-Diagnostics-Provider", "Computer": "DESKTOP-OFJ6N53", "TimeCreated": "2023-06-11 21:33:48.342422+00:00", "RecordID": "148", "Level": "2", "UserID": "S-1-5-18", "EventData.Message1": "checkNewInstanceData", "EventData.Message2": "Read isNewInstanceData", "EventData.HRESULT": "0x80070057"}
{"EventID": "2545", "Channel": "Microsoft-Windows-DeviceManagement-Enterprise-Diagnostics-Provider/Admin", "Provider_Name": "Microsoft-Windows-DeviceManagement-Enterprise-Diagnostics-Provider", "Computer": "DESKTOP-OFJ6N53", "TimeCreated": "2023-06-14 13:45:56.278240+00:00", "RecordID": "149", "Level": "2", "UserID": "S-1-5-18", "EventData.Message1": "checkNewInstanceData", "EventData.Message2": "Read isNewInstanceData", "EventData.HRESULT": "0x80070057"}
{"EventID": "2545", "Channel": "Microsoft-Windows-DeviceManagement-Enterprise-Diagnostics-Provider/Admin", "Provider_Name": "Microsoft-Windows-DeviceManagement-Enterprise-Diagnostics-Provider", "Computer": "DESKTOP-OFJ6N53", "TimeCreated": "2023-06-27 10:13:21.432690+00:00", "RecordID": "150", "Level": "2", "UserID": "S-1-5-18", "EventData.Message1": "checkNewInstanceData", "EventData.Message2": "Read isNewInstanceData", "EventData.HRESULT": "0x80070057"}
{"EventID": "2545", "Channel": "Microsoft-Windows-DeviceManagement-Enterprise-Diagnostics-Provider/Admin", "Provider_Name": "Microsoft-Windows-DeviceManagement-Enterprise-Diagnostics-Provider", "Computer": "DESKTOP-OFJ6N53", "TimeCreated": "2023-07-03 08:00:01.006781+00:00", "RecordID": "151", "Level": "2", "UserID": "S-1-5-18", "EventData.Message1": "checkNewInstanceData", "EventData.Message2": "Read isNewInstanceData", "EventData.HRESULT": "0x80070057"}
{"EventID": "2545", "Channel": "Microsoft-Windows-DeviceManagement-Enterprise-Diagnostics-Provider/Admin", "Provider_Name": "Microsoft-Windows-DeviceManagement-Enterprise-Diagnostics-Provider", "Computer": "DESKTOP-OFJ6N53", "TimeCreated": "2023-07-06 12:56:21.209030+00:00", "RecordID": "152", "Level": "2", "UserID": "S-1-5-18", "EventData.Message1": "checkNewInstanceData", "EventData.Message2": "Read isNewInstanceData", "EventData.HRESULT": "0x80070057"}
{"EventID": "2545", "Channel": "Microsoft-Windows-DeviceManagement-Enterprise-Diagnostics-Provider/Admin", "Provider_Name": "Microsoft-Windows-DeviceManagement-Enterprise-Diagnostics-Provider", "Computer": "DESKTOP-OFJ6N53", "TimeCreated": "2023-07-12 14:52:10.859035+00:00", "RecordID": "153", "Level": "2", "UserID": "S-1-5-18", "EventData.Message1": "checkNewInstanceData", "EventData.Message2": "Read isNewInstanceData", "EventData.HRESULT": "0x80070057"}
{"EventID": "2545", "Channel": "Microsoft-Windows-DeviceManagement-Enterprise-Diagnostics-Provider/Admin", "Provider_Name": "Microsoft-Windows-DeviceManagement-Enterprise-Diagnostics-Provider", "Computer": "DESKTOP-OFJ6N53", "TimeCreated": "2023-07-18 15:24:19.542686+00:00", "RecordID": "154", "Level": "2", "UserID": "S-1-5-18", "EventData.Message1": "checkNewInstanceData", "EventData.Message2": "Read isNewInstanceData", "EventData.HRESULT": "0x80070057"}
{"EventID": "2545", "Channel": "Microsoft-Windows-DeviceManagement-Enterprise-Diagnostics-Provider/Admin", "Provider_Name": "Microsoft-Windows-DeviceManagement-Enterprise-Diagnostics-Provider", "Computer": "DESKTOP-OFJ6N53", "TimeCreated": "2023-07-25 09:09:54.868332+00:00", "RecordID": "155", "Level": "2", "UserID": "S-1-5-18", "EventData.Message1": "checkNewInstanceData", "EventData.Message2": "Read isNewInstanceData", "EventData.HRESULT": "0x80070057"}
{"EventID": "2545", "Channel": "Microsoft-Windows-DeviceManagement-Enterprise-Diagnostics-Provider/Admin", "Provider_Name": "Microsoft-Windows-DeviceManagement-Enterprise-Diagnostics-Provider", "Computer": "DESKTOP-OFJ6N53", "TimeCreated": "2023-07-26 16:16:13.370323+00:00", "RecordID": "156", "Level": "2", "UserID": "S-1-5-18", "EventData.Message1": "checkNewInstanceData", "EventData.Message2": "Read isNewInstanceData", "EventData.HRESULT": "0x80070057"}
{"EventID": "2545", "Channel": "Microsoft-Windows-DeviceManagement-Enterprise-Diagnostics-Provider/Admin", "Provider_Name": "Microsoft-Windows-DeviceManagement-Enterprise-Diagnostics-Provider", "Computer": "DESKTOP-OFJ6N53", "TimeCreated": "2023-07-31 13:27:35.832022+00:00", "RecordID": "157", "Level": "2", "UserID": "S-1-5-18", "EventData.Message1": "checkNewInstanceData", "EventData.Message2": "Read isNewInstanceData", "EventData.HRESULT": "0x80070057"}
{"EventID": "2545", "Channel": "Microsoft-Windows-DeviceManagement-Enterprise-Diagnostics-Provider/Admin", "Provider_Name": "Microsoft-Windows-DeviceManagement-Enterprise-Diagnostics-Provider", "Computer": "DESKTOP-OFJ6N53", "TimeCreated": "2023-08-02 10:48:26.768246+00:00", "RecordID": "158", "Level": "2", "UserID": "S-1-5-18", "EventData.Message1": "checkNewInstanceData", "EventData.Message2": "Read isNewInstanceData", "EventData.HRESULT": "0x80070057"}
{"EventID": "2545", "Channel": "Microsoft-Windows-DeviceManagement-Enterprise-Diagnostics-Provider/Admin", "Provider_Name": "Microsoft-Windows-DeviceManagement-Enterprise-Diagnostics-Provider", "Computer": "DESKTOP-OFJ6N53", "TimeCreated": "2023-08-10 08:01:20.301159+00:00", "RecordID": "159", "Level": "2", "UserID": "S-1-5-18", "EventData.Message1": "checkNewInstanceData", "EventData.Message2": "Read isNewInstanceData", "EventData.HRESULT": "0x80070057"}
{"EventID": "2545", "Channel": "Microsoft-Windows-DeviceManagement-Enterprise-Diagnostics-Provider/Admin", "Provider_Name": "Microsoft-Windows-DeviceManagement-Enterprise-Diagnostics-Provider", "Computer": "DESKTOP-OFJ6N53", "TimeCreated": "2023-08-16 10:11:06.384874+00:00", "RecordID": "160", "Level": "2", "UserID": "S-1-5-18", "EventData.Message1": "checkNewInstanceData", "EventData.Message2": "Read isNewInstanceData", "EventData.HRESULT": "0x80070057"}
{"EventID": "2545", "Channel": "Microsoft-Windows-DeviceManagement-Enterprise-Diagnostics-Provider/Admin", "Provider_Name": "Microsoft-Windows-DeviceManagement-Enterprise-Diagnostics-Provider", "Computer": "DESKTOP-OFJ6N53", "TimeCreated": "2023-08-29 22:56:07.326006+00:00", "RecordID": "161", "Level": "2", "UserID": "S-1-5-18", "EventData.Message1": "checkNewInstanceData", "EventData.Message2": "Read isNewInstanceData", "EventData.HRESULT": "0x80070057"}
{"EventID": "2545", "Channel": "Microsoft-Windows-DeviceManagement-Enterprise-Diagnostics-Provider/Admin", "Provider_Name": "Microsoft-Windows-DeviceManagement-Enterprise-Diagnostics-Provider", "Computer": "DESKTOP-OFJ6N53", "TimeCreated": "2023-09-04 14:47:49.521845+00:00", "RecordID": "162", "Level": "2", "UserID": "S-1-5-18", "EventData.Message1": "checkNewInstanceData", "EventData.Message2": "Read isNewInstanceData", "EventData.HRESULT": "0x80070057"}
{"EventID": "2545", "Channel": "Microsoft-Windows-DeviceManagement-Enterprise-Diagnostics-Provider/Admin", "Provider_Name": "Microsoft-Windows-DeviceManagement-Enterprise-Diagnostics-Provider", "Computer": "DESKTOP-OFJ6N53", "TimeCreated": "2023-09-13 14:47:51.424803+00:00", "RecordID": "163", "Level": "2", "UserID": "S-1-5-18", "EventData.Message1": "checkNewInstanceData", "EventData.Message2": "Read isNewInstanceData", "EventData.HRESULT": "0x80070057"}
{"EventID": "2545", "Channel": "Microsoft-Windows-DeviceManagement-Enterprise-Diagnostics-Provider/Admin", "Provider_Name": "Microsoft-Windows-DeviceManagement-Enterprise-Diagnostics-Provider", "Computer": "DESKTOP-OFJ6N53", "TimeCreated": "2023-09-29 16:22:06.373781+00:00", "RecordID": "164", "Level": "2", "UserID": "S-1-5-18", "EventData.Message1": "checkNewInstanceData", "EventData.Message2": "Read isNewInstanceData", "EventData.HRESULT": "0x80070057"}
{"EventID": "2545", "Channel": "Microsoft-Windows-DeviceManagement-Enterprise-Diagnostics-Provider/Admin", "Provider_Name": "Microsoft-Windows-DeviceManagement-Enterprise-Diagnostics-Provider", "Computer": "DESKTOP-OFJ6N53", "TimeCreated": "2023-10-12 17:06:33.273495+00:00", "RecordID": "165", "Level": "2", "UserID": "S-1-5-18", "EventData.Message1": "checkNewInstanceData", "EventData.Message2": "Read isNewInstanceData", "EventData.HRESULT": "0x80070057"}
{"EventID": "2545", "Channel": "Microsoft-Windows-DeviceManagement-Enterprise-Diagnostics-Provider/Admin", "Provider_Name": "Microsoft-Windows-DeviceManagement-Enterprise-Diagnostics-Provider", "Computer": "DESKTOP-OFJ6N53", "TimeCreated": "2023-10-27 14:51:52.270037+00:00", "RecordID": "166", "Level": "2", "UserID": "S-1-5-18", "EventData.Message1": "checkNewInstanceData", "EventData.Message2": "Read isNewInstanceData", "EventData.HRESULT": "0x80070057"}
{"EventID": "2545", "Channel": "Microsoft-Windows-DeviceManagement-Enterprise-Diagnostics-Provider/Admin", "Provider_Name": "Microsoft-Windows-DeviceManagement-Enterprise-Diagnostics-Provider", "Computer": "DESKTOP-OFJ6N53", "TimeCreated": "2024-04-29 15:24:59.430401+00:00", "RecordID": "167", "Level": "2", "UserID": "S-1-5-18", "EventData.Message1": "DeletePerEnrollmentScenario:GetAllRequestsPerEnrollment failed", "EventData.Message2": "enrollmentId: C8A326E4-F518-4F14-B543-97A57E1A975E", "EventData.HRESULT": "0x80070002"}
{"EventID": "2545", "Channel": "Microsoft-Windows-DeviceManagement-Enterprise-Diagnostics-Provider/Admin", "Provider_Name": "Microsoft-Windows-DeviceManagement-Enterprise-Diagnostics-Provider", "Computer": "DESKTOP-OFJ6N53", "TimeCreated": "2024-04-29 15:25:03.367460+00:00", "RecordID": "168", "Level": "2", "UserID": "S-1-5-18", "EventData.Message1": "DeletePerEnrollmentScenario:GetAllRequestsPerEnrollment failed", "EventData.Message2": "enrollmentId: C8A326E4-F518-4F14-B543-97A57E1A975E", "EventData.HRESULT": "0x80070002"}
{"EventID": "2545", "Channel": "Microsoft-Windows-DeviceManagement-Enterprise-Diagnostics-Provider/Admin", "Provider_Name": "Microsoft-Windows-DeviceManagement-Enterprise-Diagnostics-Provider", "Computer": "DESKTOP-OFJ6N53", "TimeCreated": "2024-05-15 14:32:05.217728+00:00", "RecordID": "169", "Level": "2", "UserID": "S-1-5-18", "EventData.Message1": "DeletePerEnrollmentScenario:GetAllRequestsPerEnrollment failed", "EventData.Message2": "enrollmentId: C8A326E4-F518-4F14-B543-97A57E1A975E", "EventData.HRESULT": "0x80070002"}
{"EventID": "2545", "Channel": "Microsoft-Windows-DeviceManagement-Enterprise-Diagnostics-Provider/Admin", "Provider_Name": "Microsoft-Windows-DeviceManagement-Enterprise-Diagnostics-Provider", "Computer": "DESKTOP-OFJ6N53", "TimeCreated": "2024-05-15 14:32:05.290648+00:00", "RecordID": "170", "Level": "2", "UserID": "S-1-5-18", "EventData.Message1": "DeletePerEnrollmentScenario:GetAllRequestsPerEnrollment failed", "EventData.Message2": "enrollmentId: C8A326E4-F518-4F14-B543-97A57E1A975E", "EventData.HRESULT": "0x80070002"}
{"EventID": "2545", "Channel": "Microsoft-Windows-DeviceManagement-Enterprise-Diagnostics-Provider/Admin", "Provider_Name": "Microsoft-Windows-DeviceManagement-Enterprise-Diagnostics-Provider", "Computer": "DESKTOP-OFJ6N53", "TimeCreated": "2024-06-13 10:10:59.668591+00:00", "RecordID": "171", "Level": "2", "UserID": "S-1-5-18", "EventData.Message1": "DeletePerEnrollmentScenario:GetAllRequestsPerEnrollment failed", "EventData.Message2": "enrollmentId: C8A326E4-F518-4F14-B543-97A57E1A975E", "EventData.HRESULT": "0x80070002"}
{"EventID": "2545", "Channel": "Microsoft-Windows-DeviceManagement-Enterprise-Diagnostics-Provider/Admin", "Provider_Name": "Microsoft-Windows-DeviceManagement-Enterprise-Diagnostics-Provider", "Computer": "DESKTOP-OFJ6N53", "TimeCreated": "2024-07-11 10:34:46.586004+00:00", "RecordID": "172", "Level": "2", "UserID": "S-1-5-18", "EventData.Message1": "DeletePerEnrollmentScenario:GetAllRequestsPerEnrollment failed", "EventData.Message2": "enrollmentId: C8A326E4-F518-4F14-B543-97A57E1A975E", "EventData.HRESULT": "0x80070002"}
{"EventID": "2545", "Channel": "Microsoft-Windows-DeviceManagement-Enterprise-Diagnostics-Provider/Admin", "Provider_Name": "Microsoft-Windows-DeviceManagement-Enterprise-Diagnostics-Provider", "Computer": "DESKTOP-OFJ6N53", "TimeCreated": "2024-07-11 10:34:46.601875+00:00", "RecordID": "173", "Level": "2", "UserID": "S-1-5-18", "EventData.Message1": "DeletePerEnrollmentScenario:GetAllRequestsPerEnrollment failed", "EventData.Message2": "enrollmentId: C8A326E4-F518-4F14-B543-97A57E1A975E", "EventData.HRESULT": "0x80070002"}
{"EventID": "2545", "Channel": "Microsoft-Windows-DeviceManagement-Enterprise-Diagnostics-Provider/Admin", "Provider_Name": "Microsoft-Windows-DeviceManagement-Enterprise-Diagnostics-Provider", "Computer": "DESKTOP-OFJ6N53", "TimeCreated": "2024-09-11 15:01:09.164291+00:00", "RecordID": "174", "Level": "2", "UserID": "S-1-5-18", "EventData.Message1": "DeletePerEnrollmentScenario:GetAllRequestsPerEnrollment failed", "EventData.Message2": "enrollmentId: C8A326E4-F518-4F14-B543-97A57E1A975E", "EventData.HRESULT": "0x80070002"}
{"EventID": "2545", "Channel": "Microsoft-Windows-DeviceManagement-Enterprise-Diagnostics-Provider/Admin", "Provider_Name": "Microsoft-Windows-DeviceManagement-Enterprise-Diagnostics-Provider", "Computer": "DESKTOP-OFJ6N53", "TimeCreated": "2024-09-11 15:01:09.180016+00:00", "RecordID": "175", "Level": "2", "UserID": "S-1-5-18", "EventData.Message1": "DeletePerEnrollmentScenario:GetAllRequestsPerEnrollment failed", "EventData.Message2": "enrollmentId: C8A326E4-F518-4F14-B543-97A57E1A975E", "EventData.HRESULT": "0x80070002"}
{"EventID": "2545", "Channel": "Microsoft-Windows-DeviceManagement-Enterprise-Diagnostics-Provider/Admin", "Provider_Name": "Microsoft-Windows-DeviceManagement-Enterprise-Diagnostics-Provider", "Computer": "DESKTOP-OFJ6N53", "TimeCreated": "2024-10-16 22:57:52.747059+00:00", "RecordID": "176", "Level": "2", "UserID": "S-1-5-18", "EventData.Message1": "DeletePerEnrollmentScenario:GetAllRequestsPerEnrollment failed", "EventData.Message2": "enrollmentId: C8A326E4-F518-4F14-B543-97A57E1A975E", "EventData.HRESULT": "0x80070002"}
{"EventID": "2545", "Channel": "Microsoft-Windows-DeviceManagement-Enterprise-Diagnostics-Provider/Admin", "Provider_Name": "Microsoft-Windows-DeviceManagement-Enterprise-Diagnostics-Provider", "Computer": "DESKTOP-OFJ6N53", "TimeCreated": "2024-10-16 22:57:52.751410+00:00", "RecordID": "177", "Level": "2", "UserID": "S-1-5-18", "EventData.Message1": "DeletePerEnrollmentScenario:GetAllRequestsPerEnrollment failed", "EventData.Message2": "enrollmentId: C8A326E4-F518-4F14-B543-97A57E1A975E", "EventData.HRESULT": "0x80070002"}
{"EventID": "2545", "Channel": "Microsoft-Windows-DeviceManagement-Enterprise-Diagnostics-Provider/Admin", "Provider_Name": "Microsoft-Windows-DeviceManagement-Enterprise-Diagnostics-Provider", "Computer": "DESKTOP-OFJ6N53", "TimeCreated": "2024-12-03 10:34:02.295937+00:00", "RecordID": "178", "Level": "2", "UserID": "S-1-5-18", "EventData.Message1": "DeletePerEnrollmentScenario:GetAllRequestsPerEnrollment failed", "EventData.Message2": "enrollmentId: C8A326E4-F518-4F14-B543-97A57E1A975E", "EventData.HRESULT": "0x80070002"}
{"EventID": "2545", "Channel": "Microsoft-Windows-DeviceManagement-Enterprise-Diagnostics-Provider/Admin", "Provider_Name": "Microsoft-Windows-DeviceManagement-Enterprise-Diagnostics-Provider", "Computer": "DESKTOP-OFJ6N53", "TimeCreated": "2024-12-03 10:34:02.307402+00:00", "RecordID": "179", "Level": "2", "UserID": "S-1-5-18", "EventData.Message1": "DeletePerEnrollmentScenario:GetAllRequestsPerEnrollment failed", "EventData.Message2": "enrollmentId: C8A326E4-F518-4F14-B543-97A57E1A975E", "EventData.HRESULT": "0x80070002"}
{"EventID": "2545", "Channel": "Microsoft-Windows-DeviceManagement-Enterprise-Diagnostics-Provider/Admin", "Provider_Name": "Microsoft-Windows-DeviceManagement-Enterprise-Diagnostics-Provider", "Computer": "DESKTOP-OFJ6N53", "TimeCreated": "2024-12-11 15:16:21.866827+00:00", "RecordID": "180", "Level": "2", "UserID": "S-1-5-18", "EventData.Message1": "DeletePerEnrollmentScenario:GetAllRequestsPerEnrollment failed", "EventData.Message2": "enrollmentId: C8A326E4-F518-4F14-B543-97A57E1A975E", "EventData.HRESULT": "0x80070002"}
{"EventID": "2545", "Channel": "Microsoft-Windows-DeviceManagement-Enterprise-Diagnostics-Provider/Admin", "Provider_Name": "Microsoft-Windows-DeviceManagement-Enterprise-Diagnostics-Provider", "Computer": "DESKTOP-OFJ6N53", "TimeCreated": "2024-12-11 15:16:21.876120+00:00", "RecordID": "181", "Level": "2", "UserID": "S-1-5-18", "EventData.Message1": "DeletePerEnrollmentScenario:GetAllRequestsPerEnrollment failed", "EventData.Message2": "enrollmentId: C8A326E4-F518-4F14-B543-97A57E1A975E", "EventData.HRESULT": "0x80070002"}
{"EventID": "2545", "Channel": "Microsoft-Windows-DeviceManagement-Enterprise-Diagnostics-Provider/Admin", "Provider_Name": "Microsoft-Windows-DeviceManagement-Enterprise-Diagnostics-Provider", "Computer": "DESKTOP-OFJ6N53", "TimeCreated": "2025-03-11 20:32:56.177404+00:00", "RecordID": "182", "Level": "2", "UserID": "S-1-5-18", "EventData.Message1": "DeletePerEnrollmentScenario:GetAllRequestsPerEnrollment failed", "EventData.Message2": "enrollmentId: C8A326E4-F518-4F14-B543-97A57E1A975E", "EventData.HRESULT": "0x80070002"}
{"EventID": "2545", "Channel": "Microsoft-Windows-DeviceManagement-Enterprise-Diagnostics-Provider/Admin", "Provider_Name": "Microsoft-Windows-DeviceManagement-Enterprise-Diagnostics-Provider", "Computer": "DESKTOP-OFJ6N53", "TimeCreated": "2025-03-11 20:32:56.324396+00:00", "RecordID": "183", "Level": "2", "UserID": "S-1-5-18", "EventData.Message1": "DeletePerEnrollmentScenario:GetAllRequestsPerEnrollment failed", "EventData.Message2": "enrollmentId: C8A326E4-F518-4F14-B543-97A57E1A975E", "EventData.HRESULT": "0x80070002"}
{"EventID": "2545", "Channel": "Microsoft-Windows-DeviceManagement-Enterprise-Diagnostics-Provider/Admin", "Provider_Name": "Microsoft-Windows-DeviceManagement-Enterprise-Diagnostics-Provider", "Computer": "DESKTOP-OFJ6N53", "TimeCreated": "2025-04-10 06:07:58.497923+00:00", "RecordID": "184", "Level": "2", "UserID": "S-1-5-18", "EventData.Message1": "DeletePerEnrollmentScenario:GetAllRequestsPerEnrollment failed", "EventData.Message2": "enrollmentId: C8A326E4-F518-4F14-B543-97A57E1A975E", "EventData.HRESULT": "0x80070002"}
{"EventID": "2545", "Channel": "Microsoft-Windows-DeviceManagement-Enterprise-Diagnostics-Provider/Admin", "Provider_Name": "Microsoft-Windows-DeviceManagement-Enterprise-Diagnostics-Provider", "Computer": "DESKTOP-OFJ6N53", "TimeCreated": "2025-04-10 06:07:58.505901+00:00", "RecordID": "185", "Level": "2", "UserID": "S-1-5-18", "EventData.Message1": "DeletePerEnrollmentScenario:GetAllRequestsPerEnrollment failed", "EventData.Message2": "enrollmentId: C8A326E4-F518-4F14-B543-97A57E1A975E", "EventData.HRESULT": "0x80070002"}
{"EventID": "2545", "Channel": "Microsoft-Windows-DeviceManagement-Enterprise-Diagnostics-Provider/Admin", "Provider_Name": "Microsoft-Windows-DeviceManagement-Enterprise-Diagnostics-Provider", "Computer": "DESKTOP-OFJ6N53", "TimeCreated": "2025-06-18 13:28:51.281956+00:00", "RecordID": "186", "Level": "2", "UserID": "S-1-5-18", "EventData.Message1": "DeletePerEnrollmentScenario:GetAllRequestsPerEnrollment failed", "EventData.Message2": "enrollmentId: C8A326E4-F518-4F14-B543-97A57E1A975E", "EventData.HRESULT": "0x80070002"}
{"EventID": "2545", "Channel": "Microsoft-Windows-DeviceManagement-Enterprise-Diagnostics-Provider/Admin", "Provider_Name": "Microsoft-Windows-DeviceManagement-Enterprise-Diagnostics-Provider", "Computer": "DESKTOP-OFJ6N53", "TimeCreated": "2025-06-18 13:28:51.308992+00:00", "RecordID": "187", "Level": "2", "UserID": "S-1-5-18", "EventData.Message1": "DeletePerEnrollmentScenario:GetAllRequestsPerEnrollment failed", "EventData.Message2": "enrollmentId: C8A326E4-F518-4F14-B543-97A57E1A975E", "EventData.HRESULT": "0x80070002"}
{"EventID": "2545", "Channel": "Microsoft-Windows-DeviceManagement-Enterprise-Diagnostics-Provider/Admin", "Provider_Name": "Microsoft-Windows-DeviceManagement-Enterprise-Diagnostics-Provider", "Computer": "DESKTOP-OFJ6N53", "TimeCreated": "2025-07-14 09:57:29.768490+00:00", "RecordID": "188", "Level": "2", "UserID": "S-1-5-18", "EventData.Message1": "DeletePerEnrollmentScenario:GetAllRequestsPerEnrollment failed", "EventData.Message2": "enrollmentId: C8A326E4-F518-4F14-B543-97A57E1A975E", "EventData.HRESULT": "0x80070002"}
{"EventID": "2545", "Channel": "Microsoft-Windows-DeviceManagement-Enterprise-Diagnostics-Provider/Admin", "Provider_Name": "Microsoft-Windows-DeviceManagement-Enterprise-Diagnostics-Provider", "Computer": "DESKTOP-OFJ6N53", "TimeCreated": "2025-07-14 09:57:29.782152+00:00", "RecordID": "189", "Level": "2", "UserID": "S-1-5-18", "EventData.Message1": "DeletePerEnrollmentScenario:GetAllRequestsPerEnrollment failed", "EventData.Message2": "enrollmentId: C8A326E4-F518-4F14-B543-97A57E1A975E", "EventData.HRESULT": "0x80070002"}
{"EventID": "2545", "Channel": "Microsoft-Windows-DeviceManagement-Enterprise-Diagnostics-Provider/Admin", "Provider_Name": "Microsoft-Windows-DeviceManagement-Enterprise-Diagnostics-Provider", "Computer": "DESKTOP-OFJ6N53", "TimeCreated": "2025-08-13 14:51:05.407436+00:00", "RecordID": "190", "Level": "2", "UserID": "S-1-5-18", "EventData.Message1": "DeletePerEnrollmentScenario:GetAllRequestsPerEnrollment failed", "EventData.Message2": "enrollmentId: C8A326E4-F518-4F14-B543-97A57E1A975E", "EventData.HRESULT": "0x80070002"}
{"EventID": "2545", "Channel": "Microsoft-Windows-DeviceManagement-Enterprise-Diagnostics-Provider/Admin", "Provider_Name": "Microsoft-Windows-DeviceManagement-Enterprise-Diagnostics-Provider", "Computer": "DESKTOP-OFJ6N53", "TimeCreated": "2025-08-13 14:51:05.420717+00:00", "RecordID": "191", "Level": "2", "UserID": "S-1-5-18", "EventData.Message1": "DeletePerEnrollmentScenario:GetAllRequestsPerEnrollment failed", "EventData.Message2": "enrollmentId: C8A326E4-F518-4F14-B543-97A57E1A975E", "EventData.HRESULT": "0x80070002"}
