{"EventID": "1002", "Channel": "Microsoft-Windows-Known Folders API Service", "Provider_Name": "Microsoft-Windows-KnownFolders", "Computer": "DESKTOP-OFJ6N53", "TimeCreated": "2025-07-21 01:19:07.959248+00:00", "RecordID": "140728", "Level": "3", "UserID": "S-1-5-18", "EventData.hrError": "0x80070002", "EventData.FolderId": "{fdd39ad0-238f-46af-adb4-6c85480369c7}", "EventData.Path": "C:\\Windows\\system32\\config\\systemprofile\\Documents"}
{"EventID": "1002", "Channel": "Microsoft-Windows-Known Folders API Service", "Provider_Name": "Microsoft-Windows-KnownFolders", "Computer": "DESKTOP-OFJ6N53", "TimeCreated": "2025-07-22 01:31:39.264906+00:00", "RecordID": "140729", "Level": "3", "UserID": "S-1-5-18", "EventData.hrError": "0x80070002", "EventData.FolderId": "{fdd39ad0-238f-46af-adb4-6c85480369c7}", "EventData.Path": "C:\\Windows\\system32\\config\\systemprofile\\Documents"}
{"EventID": "1002", "Channel": "Microsoft-Windows-Known Folders API Service", "Provider_Name": "Microsoft-Windows-KnownFolders", "Computer": "DESKTOP-OFJ6N53", "TimeCreated": "2025-07-22 01:31:42.573933+00:00", "RecordID": "140730", "Level": "3", "UserID": "S-1-5-18", "EventData.hrError": "0x80070002", "EventData.FolderId": "{fdd39ad0-238f-46af-adb4-6c85480369c7}", "EventData.Path": "C:\\Windows\\system32\\config\\systemprofile\\Documents"}
{"EventID": "1002", "Channel": "Microsoft-Windows-Known Folders API Service", "Provider_Name": "Microsoft-Windows-KnownFolders", "Computer": "DESKTOP-OFJ6N53", "TimeCreated": "2025-07-23 00:40:21.928444+00:00", "RecordID": "140731", "Level": "3", "UserID": "S-1-5-18", "EventData.hrError": "0x80070002", "EventData.FolderId": "{fdd39ad0-238f-46af-adb4-6c85480369c7}", "EventData.Path": "C:\\Windows\\system32\\config\\systemprofile\\Documents"}
{"EventID": "1002", "Channel": "Microsoft-Windows-Known Folders API Service", "Provider_Name": "Microsoft-Windows-KnownFolders", "Computer": "DESKTOP-OFJ6N53", "TimeCreated": "2025-07-23 00:40:21.928501+00:00", "RecordID": "140732", "Level": "3", "UserID": "S-1-5-18", "EventData.hrError": "0x80070002", "EventData.FolderId": "{fdd39ad0-238f-46af-adb4-6c85480369c7}", "EventData.Path": "C:\\Windows\\system32\\config\\systemprofile\\Documents"}
{"EventID": "1002", "Channel": "Microsoft-Windows-Known Folders API Service", "Provider_Name": "Microsoft-Windows-KnownFolders", "Computer": "DESKTOP-OFJ6N53", "TimeCreated": "2025-07-24 00:01:13.244015+00:00", "RecordID": "140733", "Level": "3", "UserID": "S-1-5-18", "EventData.hrError": "0x80070002", "EventData.FolderId": "{fdd39ad0-238f-46af-adb4-6c85480369c7}", "EventData.Path": "C:\\Windows\\system32\\config\\systemprofile\\Documents"}
{"EventID": "1002", "Channel": "Microsoft-Windows-Known Folders API Service", "Provider_Name": "Microsoft-Windows-KnownFolders", "Computer": "DESKTOP-OFJ6N53", "TimeCreated": "2025-07-24 00:01:17.674946+00:00", "RecordID": "140734", "Level": "3", "UserID": "S-1-5-18", "EventData.hrError": "0x80070002", "EventData.FolderId": "{fdd39ad0-238f-46af-adb4-6c85480369c7}", "EventData.Path": "C:\\Windows\\system32\\config\\systemprofile\\Documents"}
{"EventID": "1002", "Channel": "Microsoft-Windows-Known Folders API Service", "Provider_Name": "Microsoft-Windows-KnownFolders", "Computer": "DESKTOP-OFJ6N53", "TimeCreated": "2025-07-24 21:30:12.166822+00:00", "RecordID": "140735", "Level": "3", "UserID": "S-1-5-18", "EventData.hrError": "0x80070002", "EventData.FolderId": "{b4bfcc3a-db2c-424c-b029-7fe99a87c641}", "EventData.Path": "C:\\Windows\\system32\\config\\systemprofile\\Desktop"}
{"EventID": "1002", "Channel": "Microsoft-Windows-Known Folders API Service", "Provider_Name": "Microsoft-Windows-KnownFolders", "Computer": "DESKTOP-OFJ6N53", "TimeCreated": "2025-07-24 21:30:12.701790+00:00", "RecordID": "140736", "Level": "3", "UserID": "S-1-5-18", "EventData.hrError": "0x80070002", "EventData.FolderId": "{b4bfcc3a-db2c-424c-b029-7fe99a87c641}", "EventData.Path": "C:\\Windows\\system32\\config\\systemprofile\\Desktop"}
{"EventID": "1002", "Channel": "Microsoft-Windows-Known Folders API Service", "Provider_Name": "Microsoft-Windows-KnownFolders", "Computer": "DESKTOP-OFJ6N53", "TimeCreated": "2025-07-24 21:30:14.773842+00:00", "RecordID": "140737", "Level": "3", "UserID": "S-1-5-18", "EventData.hrError": "0x80070002", "EventData.FolderId": "{b4bfcc3a-db2c-424c-b029-7fe99a87c641}", "EventData.Path": "C:\\Windows\\system32\\config\\systemprofile\\Desktop"}
{"EventID": "1002", "Channel": "Microsoft-Windows-Known Folders API Service", "Provider_Name": "Microsoft-Windows-KnownFolders", "Computer": "DESKTOP-OFJ6N53", "TimeCreated": "2025-07-24 21:30:14.879568+00:00", "RecordID": "140738", "Level": "3", "UserID": "S-1-5-18", "EventData.hrError": "0x80070002", "EventData.FolderId": "{b4bfcc3a-db2c-424c-b029-7fe99a87c641}", "EventData.Path": "C:\\Windows\\system32\\config\\systemprofile\\Desktop"}
{"EventID": "1002", "Channel": "Microsoft-Windows-Known Folders API Service", "Provider_Name": "Microsoft-Windows-KnownFolders", "Computer": "DESKTOP-OFJ6N53", "TimeCreated": "2025-07-24 21:30:56.185663+00:00", "RecordID": "140739", "Level": "3", "UserID": "S-1-5-18", "EventData.hrError": "0x80070003", "EventData.FolderId": "{b97d20bb-f46a-4c97-ba10-5e3608430854}", "EventData.Path": "C:\\Windows\\system32\\config\\systemprofile\\AppData\\Roaming\\Microsoft\\Windows\\Start Menu\\Programs\\Startup"}
{"EventID": "1002", "Channel": "Microsoft-Windows-Known Folders API Service", "Provider_Name": "Microsoft-Windows-KnownFolders", "Computer": "DESKTOP-OFJ6N53", "TimeCreated": "2025-07-24 21:30:56.189617+00:00", "RecordID": "140740", "Level": "3", "UserID": "S-1-5-18", "EventData.hrError": "0x80070002", "EventData.FolderId": "{1777f761-68ad-4d8a-87bd-30b759fa33dd}", "EventData.Path": "C:\\Windows\\system32\\config\\systemprofile\\Favorites"}
{"EventID": "1002", "Channel": "Microsoft-Windows-Known Folders API Service", "Provider_Name": "Microsoft-Windows-KnownFolders", "Computer": "DESKTOP-OFJ6N53", "TimeCreated": "2025-07-24 21:31:02.320143+00:00", "RecordID": "140741", "Level": "3", "UserID": "S-1-5-18", "EventData.hrError": "0x80070002", "EventData.FolderId": "{fdd39ad0-238f-46af-adb4-6c85480369c7}", "EventData.Path": "C:\\Windows\\system32\\config\\systemprofile\\Documents"}
{"EventID": "1002", "Channel": "Microsoft-Windows-Known Folders API Service", "Provider_Name": "Microsoft-Windows-KnownFolders", "Computer": "DESKTOP-OFJ6N53", "TimeCreated": "2025-07-24 21:31:23.705568+00:00", "RecordID": "140742", "Level": "3", "UserID": "S-1-5-18", "EventData.hrError": "0x80070002", "EventData.FolderId": "{fdd39ad0-238f-46af-adb4-6c85480369c7}", "EventData.Path": "C:\\Windows\\system32\\config\\systemprofile\\Documents"}
{"EventID": "1002", "Channel": "Microsoft-Windows-Known Folders API Service", "Provider_Name": "Microsoft-Windows-KnownFolders", "Computer": "DESKTOP-OFJ6N53", "TimeCreated": "2025-07-24 21:31:34.269503+00:00", "RecordID": "140743", "Level": "3", "UserID": "S-1-5-18", "EventData.hrError": "0x80070002", "EventData.FolderId": "{1777f761-68ad-4d8a-87bd-30b759fa33dd}", "EventData.Path": "C:\\Windows\\system32\\config\\systemprofile\\Favorites"}
{"EventID": "1002", "Channel": "Microsoft-Windows-Known Folders API Service", "Provider_Name": "Microsoft-Windows-KnownFolders", "Computer": "DESKTOP-OFJ6N53", "TimeCreated": "2025-07-24 21:31:34.269911+00:00", "RecordID": "140744", "Level": "3", "UserID": "S-1-5-18", "EventData.hrError": "0x80070003", "EventData.FolderId": "{625b53c3-ab48-4ec1-ba1f-a1ef4146fc19}", "EventData.Path": "C:\\Windows\\system32\\config\\systemprofile\\AppData\\Roaming\\Microsoft\\Windows\\Start Menu"}
{"EventID": "1002", "Channel": "Microsoft-Windows-Known Folders API Service", "Provider_Name": "Microsoft-Windows-KnownFolders", "Computer": "DESKTOP-OFJ6N53", "TimeCreated": "2025-07-24 21:31:34.270552+00:00", "RecordID": "140745", "Level": "3", "UserID": "S-1-5-18", "EventData.hrError": "0x80070002", "EventData.FolderId": "{fdd39ad0-238f-46af-adb4-6c85480369c7}", "EventData.Path": "C:\\Windows\\system32\\config\\systemprofile\\Documents"}
{"EventID": "1002", "Channel": "Microsoft-Windows-Known Folders API Service", "Provider_Name": "Microsoft-Windows-KnownFolders", "Computer": "DESKTOP-OFJ6N53", "TimeCreated": "2025-07-24 21:31:34.271063+00:00", "RecordID": "140746", "Level": "3", "UserID": "S-1-5-18", "EventData.hrError": "0x80070002", "EventData.FolderId": "{b4bfcc3a-db2c-424c-b029-7fe99a87c641}", "EventData.Path": "C:\\Windows\\system32\\config\\systemprofile\\Desktop"}
{"EventID": "1002", "Channel": "Microsoft-Windows-Known Folders API Service", "Provider_Name": "Microsoft-Windows-KnownFolders", "Computer": "DESKTOP-OFJ6N53", "TimeCreated": "2025-07-24 21:31:38.329634+00:00", "RecordID": "140747", "Level": "3", "UserID": "S-1-5-18", "EventData.hrError": "0x80070002", "EventData.FolderId": "{fdd39ad0-238f-46af-adb4-6c85480369c7}", "EventData.Path": "C:\\Windows\\system32\\config\\systemprofile\\Documents"}
{"EventID": "1002", "Channel": "Microsoft-Windows-Known Folders API Service", "Provider_Name": "Microsoft-Windows-KnownFolders", "Computer": "DESKTOP-OFJ6N53", "TimeCreated": "2025-07-24 21:51:50.342888+00:00", "RecordID": "140748", "Level": "3", "UserID": "S-1-5-18", "EventData.hrError": "0x80070002", "EventData.FolderId": "{fdd39ad0-238f-46af-adb4-6c85480369c7}", "EventData.Path": "C:\\Windows\\system32\\config\\systemprofile\\Documents"}
{"EventID": "1002", "Channel": "Microsoft-Windows-Known Folders API Service", "Provider_Name": "Microsoft-Windows-KnownFolders", "Computer": "DESKTOP-OFJ6N53", "TimeCreated": "2025-07-25 01:07:56.616751+00:00", "RecordID": "140749", "Level": "3", "UserID": "S-1-5-18", "EventData.hrError": "0x80070002", "EventData.FolderId": "{fdd39ad0-238f-46af-adb4-6c85480369c7}", "EventData.Path": "C:\\Windows\\system32\\config\\systemprofile\\Documents"}
{"EventID": "1002", "Channel": "Microsoft-Windows-Known Folders API Service", "Provider_Name": "Microsoft-Windows-KnownFolders", "Computer": "DESKTOP-OFJ6N53", "TimeCreated": "2025-07-25 01:08:00.169104+00:00", "RecordID": "140750", "Level": "3", "UserID": "S-1-5-18", "EventData.hrError": "0x80070002", "EventData.FolderId": "{fdd39ad0-238f-46af-adb4-6c85480369c7}", "EventData.Path": "C:\\Windows\\system32\\config\\systemprofile\\Documents"}
{"EventID": "1002", "Channel": "Microsoft-Windows-Known Folders API Service", "Provider_Name": "Microsoft-Windows-KnownFolders", "Computer": "DESKTOP-OFJ6N53", "TimeCreated": "2025-07-26 00:10:50.835096+00:00", "RecordID": "140751", "Level": "3", "UserID": "S-1-5-18", "EventData.hrError": "0x80070002", "EventData.FolderId": "{fdd39ad0-238f-46af-adb4-6c85480369c7}", "EventData.Path": "C:\\Windows\\system32\\config\\systemprofile\\Documents"}
{"EventID": "1002", "Channel": "Microsoft-Windows-Known Folders API Service", "Provider_Name": "Microsoft-Windows-KnownFolders", "Computer": "DESKTOP-OFJ6N53", "TimeCreated": "2025-07-26 00:10:54.268471+00:00", "RecordID": "140752", "Level": "3", "UserID": "S-1-5-18", "EventData.hrError": "0x80070002", "EventData.FolderId": "{fdd39ad0-238f-46af-adb4-6c85480369c7}", "EventData.Path": "C:\\Windows\\system32\\config\\systemprofile\\Documents"}
{"EventID": "1002", "Channel": "Microsoft-Windows-Known Folders API Service", "Provider_Name": "Microsoft-Windows-KnownFolders", "Computer": "DESKTOP-OFJ6N53", "TimeCreated": "2025-07-27 01:54:02.715746+00:00", "RecordID": "140753", "Level": "3", "UserID": "S-1-5-18", "EventData.hrError": "0x80070002", "EventData.FolderId": "{fdd39ad0-238f-46af-adb4-6c85480369c7}", "EventData.Path": "C:\\Windows\\system32\\config\\systemprofile\\Documents"}
{"EventID": "1002", "Channel": "Microsoft-Windows-Known Folders API Service", "Provider_Name": "Microsoft-Windows-KnownFolders", "Computer": "DESKTOP-OFJ6N53", "TimeCreated": "2025-07-27 01:54:05.292847+00:00", "RecordID": "140754", "Level": "3", "UserID": "S-1-5-18", "EventData.hrError": "0x80070002", "EventData.FolderId": "{fdd39ad0-238f-46af-adb4-6c85480369c7}", "EventData.Path": "C:\\Windows\\system32\\config\\systemprofile\\Documents"}
{"EventID": "1002", "Channel": "Microsoft-Windows-Known Folders API Service", "Provider_Name": "Microsoft-Windows-KnownFolders", "Computer": "DESKTOP-OFJ6N53", "TimeCreated": "2025-07-28 01:18:33.053196+00:00", "RecordID": "140755", "Level": "3", "UserID": "S-1-5-18", "EventData.hrError": "0x80070002", "EventData.FolderId": "{fdd39ad0-238f-46af-adb4-6c85480369c7}", "EventData.Path": "C:\\Windows\\system32\\config\\systemprofile\\Documents"}
{"EventID": "1002", "Channel": "Microsoft-Windows-Known Folders API Service", "Provider_Name": "Microsoft-Windows-KnownFolders", "Computer": "DESKTOP-OFJ6N53", "TimeCreated": "2025-07-28 01:18:37.197001+00:00", "RecordID": "140756", "Level": "3", "UserID": "S-1-5-18", "EventData.hrError": "0x80070002", "EventData.FolderId": "{fdd39ad0-238f-46af-adb4-6c85480369c7}", "EventData.Path": "C:\\Windows\\system32\\config\\systemprofile\\Documents"}
{"EventID": "1002", "Channel": "Microsoft-Windows-Known Folders API Service", "Provider_Name": "Microsoft-Windows-KnownFolders", "Computer": "DESKTOP-OFJ6N53", "TimeCreated": "2025-07-29 00:09:27.392677+00:00", "RecordID": "140757", "Level": "3", "UserID": "S-1-5-18", "EventData.hrError": "0x80070002", "EventData.FolderId": "{fdd39ad0-238f-46af-adb4-6c85480369c7}", "EventData.Path": "C:\\Windows\\system32\\config\\systemprofile\\Documents"}
{"EventID": "1002", "Channel": "Microsoft-Windows-Known Folders API Service", "Provider_Name": "Microsoft-Windows-KnownFolders", "Computer": "DESKTOP-OFJ6N53", "TimeCreated": "2025-07-29 00:09:30.904999+00:00", "RecordID": "140758", "Level": "3", "UserID": "S-1-5-18", "EventData.hrError": "0x80070002", "EventData.FolderId": "{fdd39ad0-238f-46af-adb4-6c85480369c7}", "EventData.Path": "C:\\Windows\\system32\\config\\systemprofile\\Documents"}
{"EventID": "1002", "Channel": "Microsoft-Windows-Known Folders API Service", "Provider_Name": "Microsoft-Windows-KnownFolders", "Computer": "DESKTOP-OFJ6N53", "TimeCreated": "2025-07-30 00:01:22.470419+00:00", "RecordID": "140759", "Level": "3", "UserID": "S-1-5-18", "EventData.hrError": "0x80070002", "EventData.FolderId": "{fdd39ad0-238f-46af-adb4-6c85480369c7}", "EventData.Path": "C:\\Windows\\system32\\config\\systemprofile\\Documents"}
{"EventID": "1002", "Channel": "Microsoft-Windows-Known Folders API Service", "Provider_Name": "Microsoft-Windows-KnownFolders", "Computer": "DESKTOP-OFJ6N53", "TimeCreated": "2025-07-30 00:01:26.585670+00:00", "RecordID": "140760", "Level": "3", "UserID": "S-1-5-18", "EventData.hrError": "0x80070002", "EventData.FolderId": "{fdd39ad0-238f-46af-adb4-6c85480369c7}", "EventData.Path": "C:\\Windows\\system32\\config\\systemprofile\\Documents"}
{"EventID": "1002", "Channel": "Microsoft-Windows-Known Folders API Service", "Provider_Name": "Microsoft-Windows-KnownFolders", "Computer": "DESKTOP-OFJ6N53", "TimeCreated": "2025-07-31 00:33:05.890308+00:00", "RecordID": "140761", "Level": "3", "UserID": "S-1-5-18", "EventData.hrError": "0x80070002", "EventData.FolderId": "{fdd39ad0-238f-46af-adb4-6c85480369c7}", "EventData.Path": "C:\\Windows\\system32\\config\\systemprofile\\Documents"}
{"EventID": "1002", "Channel": "Microsoft-Windows-Known Folders API Service", "Provider_Name": "Microsoft-Windows-KnownFolders", "Computer": "DESKTOP-OFJ6N53", "TimeCreated": "2025-07-31 00:33:09.369480+00:00", "RecordID": "140762", "Level": "3", "UserID": "S-1-5-18", "EventData.hrError": "0x80070002", "EventData.FolderId": "{fdd39ad0-238f-46af-adb4-6c85480369c7}", "EventData.Path": "C:\\Windows\\system32\\config\\systemprofile\\Documents"}
{"EventID": "1002", "Channel": "Microsoft-Windows-Known Folders API Service", "Provider_Name": "Microsoft-Windows-KnownFolders", "Computer": "DESKTOP-OFJ6N53", "TimeCreated": "2025-07-31 08:03:54.917118+00:00", "RecordID": "140763", "Level": "3", "UserID": "S-1-5-18", "EventData.hrError": "0x80070003", "EventData.FolderId": "{b97d20bb-f46a-4c97-ba10-5e3608430854}", "EventData.Path": "C:\\Windows\\system32\\config\\systemprofile\\AppData\\Roaming\\Microsoft\\Windows\\Start Menu\\Programs\\Startup"}
{"EventID": "1002", "Channel": "Microsoft-Windows-Known Folders API Service", "Provider_Name": "Microsoft-Windows-KnownFolders", "Computer": "DESKTOP-OFJ6N53", "TimeCreated": "2025-07-31 08:03:54.917816+00:00", "RecordID": "140764", "Level": "3", "UserID": "S-1-5-18", "EventData.hrError": "0x80070002", "EventData.FolderId": "{1777f761-68ad-4d8a-87bd-30b759fa33dd}", "EventData.Path": "C:\\Windows\\system32\\config\\systemprofile\\Favorites"}
{"EventID": "1002", "Channel": "Microsoft-Windows-Known Folders API Service", "Provider_Name": "Microsoft-Windows-KnownFolders", "Computer": "DESKTOP-OFJ6N53", "TimeCreated": "2025-07-31 08:04:00.304996+00:00", "RecordID": "140765", "Level": "3", "UserID": "S-1-5-18", "EventData.hrError": "0x80070002", "EventData.FolderId": "{b4bfcc3a-db2c-424c-b029-7fe99a87c641}", "EventData.Path": "C:\\Windows\\system32\\config\\systemprofile\\Desktop"}
{"EventID": "1002", "Channel": "Microsoft-Windows-Known Folders API Service", "Provider_Name": "Microsoft-Windows-KnownFolders", "Computer": "DESKTOP-OFJ6N53", "TimeCreated": "2025-07-31 08:04:00.715517+00:00", "RecordID": "140766", "Level": "3", "UserID": "S-1-5-18", "EventData.hrError": "0x80070002", "EventData.FolderId": "{b4bfcc3a-db2c-424c-b029-7fe99a87c641}", "EventData.Path": "C:\\Windows\\system32\\config\\systemprofile\\Desktop"}
{"EventID": "1002", "Channel": "Microsoft-Windows-Known Folders API Service", "Provider_Name": "Microsoft-Windows-KnownFolders", "Computer": "DESKTOP-OFJ6N53", "TimeCreated": "2025-07-31 08:04:02.723778+00:00", "RecordID": "140767", "Level": "3", "UserID": "S-1-5-18", "EventData.hrError": "0x80070002", "EventData.FolderId": "{b4bfcc3a-db2c-424c-b029-7fe99a87c641}", "EventData.Path": "C:\\Windows\\system32\\config\\systemprofile\\Desktop"}
{"EventID": "1002", "Channel": "Microsoft-Windows-Known Folders API Service", "Provider_Name": "Microsoft-Windows-KnownFolders", "Computer": "DESKTOP-OFJ6N53", "TimeCreated": "2025-07-31 08:04:03.113586+00:00", "RecordID": "140768", "Level": "3", "UserID": "S-1-5-18", "EventData.hrError": "0x80070002", "EventData.FolderId": "{b4bfcc3a-db2c-424c-b029-7fe99a87c641}", "EventData.Path": "C:\\Windows\\system32\\config\\systemprofile\\Desktop"}
{"EventID": "1002", "Channel": "Microsoft-Windows-Known Folders API Service", "Provider_Name": "Microsoft-Windows-KnownFolders", "Computer": "DESKTOP-OFJ6N53", "TimeCreated": "2025-07-31 08:14:04.076033+00:00", "RecordID": "140769", "Level": "3", "UserID": "S-1-5-18", "EventData.hrError": "0x80070002", "EventData.FolderId": "{b4bfcc3a-db2c-424c-b029-7fe99a87c641}", "EventData.Path": "C:\\Windows\\system32\\config\\systemprofile\\Desktop"}
{"EventID": "1002", "Channel": "Microsoft-Windows-Known Folders API Service", "Provider_Name": "Microsoft-Windows-KnownFolders", "Computer": "DESKTOP-OFJ6N53", "TimeCreated": "2025-07-31 08:14:04.977823+00:00", "RecordID": "140770", "Level": "3", "UserID": "S-1-5-18", "EventData.hrError": "0x80070002", "EventData.FolderId": "{b4bfcc3a-db2c-424c-b029-7fe99a87c641}", "EventData.Path": "C:\\Windows\\system32\\config\\systemprofile\\Desktop"}
{"EventID": "1002", "Channel": "Microsoft-Windows-Known Folders API Service", "Provider_Name": "Microsoft-Windows-KnownFolders", "Computer": "DESKTOP-OFJ6N53", "TimeCreated": "2025-07-31 08:16:23.257679+00:00", "RecordID": "140771", "Level": "3", "UserID": "S-1-5-18", "EventData.hrError": "0x80070002", "EventData.FolderId": "{b4bfcc3a-db2c-424c-b029-7fe99a87c641}", "EventData.Path": "C:\\Windows\\system32\\config\\systemprofile\\Desktop"}
{"EventID": "1002", "Channel": "Microsoft-Windows-Known Folders API Service", "Provider_Name": "Microsoft-Windows-KnownFolders", "Computer": "DESKTOP-OFJ6N53", "TimeCreated": "2025-07-31 08:16:24.069168+00:00", "RecordID": "140772", "Level": "3", "UserID": "S-1-5-18", "EventData.hrError": "0x80070002", "EventData.FolderId": "{b4bfcc3a-db2c-424c-b029-7fe99a87c641}", "EventData.Path": "C:\\Windows\\system32\\config\\systemprofile\\Desktop"}
{"EventID": "1002", "Channel": "Microsoft-Windows-Known Folders API Service", "Provider_Name": "Microsoft-Windows-KnownFolders", "Computer": "DESKTOP-OFJ6N53", "TimeCreated": "2025-07-31 08:16:25.149746+00:00", "RecordID": "140773", "Level": "3", "UserID": "S-1-5-18", "EventData.hrError": "0x80070002", "EventData.FolderId": "{b4bfcc3a-db2c-424c-b029-7fe99a87c641}", "EventData.Path": "C:\\Windows\\system32\\config\\systemprofile\\Desktop"}
{"EventID": "1002", "Channel": "Microsoft-Windows-Known Folders API Service", "Provider_Name": "Microsoft-Windows-KnownFolders", "Computer": "DESKTOP-OFJ6N53", "TimeCreated": "2025-07-31 08:16:25.870783+00:00", "RecordID": "140774", "Level": "3", "UserID": "S-1-5-18", "EventData.hrError": "0x80070002", "EventData.FolderId": "{b4bfcc3a-db2c-424c-b029-7fe99a87c641}", "EventData.Path": "C:\\Windows\\system32\\config\\systemprofile\\Desktop"}
{"EventID": "1002", "Channel": "Microsoft-Windows-Known Folders API Service", "Provider_Name": "Microsoft-Windows-KnownFolders", "Computer": "DESKTOP-OFJ6N53", "TimeCreated": "2025-07-31 08:17:09.888918+00:00", "RecordID": "140775", "Level": "3", "UserID": "S-1-5-18", "EventData.hrError": "0x80070002", "EventData.FolderId": "{1777f761-68ad-4d8a-87bd-30b759fa33dd}", "EventData.Path": "C:\\Windows\\system32\\config\\systemprofile\\Favorites"}
{"EventID": "1002", "Channel": "Microsoft-Windows-Known Folders API Service", "Provider_Name": "Microsoft-Windows-KnownFolders", "Computer": "DESKTOP-OFJ6N53", "TimeCreated": "2025-07-31 08:17:09.889404+00:00", "RecordID": "140776", "Level": "3", "UserID": "S-1-5-18", "EventData.hrError": "0x80070003", "EventData.FolderId": "{625b53c3-ab48-4ec1-ba1f-a1ef4146fc19}", "EventData.Path": "C:\\Windows\\system32\\config\\systemprofile\\AppData\\Roaming\\Microsoft\\Windows\\Start Menu"}
{"EventID": "1002", "Channel": "Microsoft-Windows-Known Folders API Service", "Provider_Name": "Microsoft-Windows-KnownFolders", "Computer": "DESKTOP-OFJ6N53", "TimeCreated": "2025-07-31 08:17:09.890278+00:00", "RecordID": "140777", "Level": "3", "UserID": "S-1-5-18", "EventData.hrError": "0x80070002", "EventData.FolderId": "{fdd39ad0-238f-46af-adb4-6c85480369c7}", "EventData.Path": "C:\\Windows\\system32\\config\\systemprofile\\Documents"}
{"EventID": "1002", "Channel": "Microsoft-Windows-Known Folders API Service", "Provider_Name": "Microsoft-Windows-KnownFolders", "Computer": "DESKTOP-OFJ6N53", "TimeCreated": "2025-07-31 08:17:09.890951+00:00", "RecordID": "140778", "Level": "3", "UserID": "S-1-5-18", "EventData.hrError": "0x80070002", "EventData.FolderId": "{b4bfcc3a-db2c-424c-b029-7fe99a87c641}", "EventData.Path": "C:\\Windows\\system32\\config\\systemprofile\\Desktop"}
{"EventID": "1002", "Channel": "Microsoft-Windows-Known Folders API Service", "Provider_Name": "Microsoft-Windows-KnownFolders", "Computer": "DESKTOP-OFJ6N53", "TimeCreated": "2025-08-01 01:35:19.275976+00:00", "RecordID": "140779", "Level": "3", "UserID": "S-1-5-18", "EventData.hrError": "0x80070002", "EventData.FolderId": "{fdd39ad0-238f-46af-adb4-6c85480369c7}", "EventData.Path": "C:\\Windows\\system32\\config\\systemprofile\\Documents"}
{"EventID": "1002", "Channel": "Microsoft-Windows-Known Folders API Service", "Provider_Name": "Microsoft-Windows-KnownFolders", "Computer": "DESKTOP-OFJ6N53", "TimeCreated": "2025-08-01 01:35:22.882359+00:00", "RecordID": "140780", "Level": "3", "UserID": "S-1-5-18", "EventData.hrError": "0x80070002", "EventData.FolderId": "{fdd39ad0-238f-46af-adb4-6c85480369c7}", "EventData.Path": "C:\\Windows\\system32\\config\\systemprofile\\Documents"}
{"EventID": "1002", "Channel": "Microsoft-Windows-Known Folders API Service", "Provider_Name": "Microsoft-Windows-KnownFolders", "Computer": "DESKTOP-OFJ6N53", "TimeCreated": "2025-08-02 00:34:23.084312+00:00", "RecordID": "140781", "Level": "3", "UserID": "S-1-5-18", "EventData.hrError": "0x80070002", "EventData.FolderId": "{fdd39ad0-238f-46af-adb4-6c85480369c7}", "EventData.Path": "C:\\Windows\\system32\\config\\systemprofile\\Documents"}
{"EventID": "1002", "Channel": "Microsoft-Windows-Known Folders API Service", "Provider_Name": "Microsoft-Windows-KnownFolders", "Computer": "DESKTOP-OFJ6N53", "TimeCreated": "2025-08-02 00:34:25.551338+00:00", "RecordID": "140782", "Level": "3", "UserID": "S-1-5-18", "EventData.hrError": "0x80070002", "EventData.FolderId": "{fdd39ad0-238f-46af-adb4-6c85480369c7}", "EventData.Path": "C:\\Windows\\system32\\config\\systemprofile\\Documents"}
{"EventID": "1002", "Channel": "Microsoft-Windows-Known Folders API Service", "Provider_Name": "Microsoft-Windows-KnownFolders", "Computer": "DESKTOP-OFJ6N53", "TimeCreated": "2025-08-03 01:35:44.039427+00:00", "RecordID": "140783", "Level": "3", "UserID": "S-1-5-18", "EventData.hrError": "0x80070002", "EventData.FolderId": "{fdd39ad0-238f-46af-adb4-6c85480369c7}", "EventData.Path": "C:\\Windows\\system32\\config\\systemprofile\\Documents"}
{"EventID": "1002", "Channel": "Microsoft-Windows-Known Folders API Service", "Provider_Name": "Microsoft-Windows-KnownFolders", "Computer": "DESKTOP-OFJ6N53", "TimeCreated": "2025-08-03 01:35:48.893476+00:00", "RecordID": "140784", "Level": "3", "UserID": "S-1-5-18", "EventData.hrError": "0x80070002", "EventData.FolderId": "{fdd39ad0-238f-46af-adb4-6c85480369c7}", "EventData.Path": "C:\\Windows\\system32\\config\\systemprofile\\Documents"}
{"EventID": "1002", "Channel": "Microsoft-Windows-Known Folders API Service", "Provider_Name": "Microsoft-Windows-KnownFolders", "Computer": "DESKTOP-OFJ6N53", "TimeCreated": "2025-08-04 01:37:20.017595+00:00", "RecordID": "140785", "Level": "3", "UserID": "S-1-5-18", "EventData.hrError": "0x80070002", "EventData.FolderId": "{fdd39ad0-238f-46af-adb4-6c85480369c7}", "EventData.Path": "C:\\Windows\\system32\\config\\systemprofile\\Documents"}
{"EventID": "1002", "Channel": "Microsoft-Windows-Known Folders API Service", "Provider_Name": "Microsoft-Windows-KnownFolders", "Computer": "DESKTOP-OFJ6N53", "TimeCreated": "2025-08-04 01:37:25.236917+00:00", "RecordID": "140786", "Level": "3", "UserID": "S-1-5-18", "EventData.hrError": "0x80070002", "EventData.FolderId": "{fdd39ad0-238f-46af-adb4-6c85480369c7}", "EventData.Path": "C:\\Windows\\system32\\config\\systemprofile\\Documents"}
{"EventID": "1002", "Channel": "Microsoft-Windows-Known Folders API Service", "Provider_Name": "Microsoft-Windows-KnownFolders", "Computer": "DESKTOP-OFJ6N53", "TimeCreated": "2025-08-05 01:29:21.220324+00:00", "RecordID": "140787", "Level": "3", "UserID": "S-1-5-18", "EventData.hrError": "0x80070002", "EventData.FolderId": "{fdd39ad0-238f-46af-adb4-6c85480369c7}", "EventData.Path": "C:\\Windows\\system32\\config\\systemprofile\\Documents"}
{"EventID": "1002", "Channel": "Microsoft-Windows-Known Folders API Service", "Provider_Name": "Microsoft-Windows-KnownFolders", "Computer": "DESKTOP-OFJ6N53", "TimeCreated": "2025-08-05 01:29:26.586485+00:00", "RecordID": "140788", "Level": "3", "UserID": "S-1-5-18", "EventData.hrError": "0x80070002", "EventData.FolderId": "{fdd39ad0-238f-46af-adb4-6c85480369c7}", "EventData.Path": "C:\\Windows\\system32\\config\\systemprofile\\Documents"}
{"EventID": "1002", "Channel": "Microsoft-Windows-Known Folders API Service", "Provider_Name": "Microsoft-Windows-KnownFolders", "Computer": "DESKTOP-OFJ6N53", "TimeCreated": "2025-08-06 00:05:12.043907+00:00", "RecordID": "140789", "Level": "3", "UserID": "S-1-5-18", "EventData.hrError": "0x80070002", "EventData.FolderId": "{fdd39ad0-238f-46af-adb4-6c85480369c7}", "EventData.Path": "C:\\Windows\\system32\\config\\systemprofile\\Documents"}
{"EventID": "1002", "Channel": "Microsoft-Windows-Known Folders API Service", "Provider_Name": "Microsoft-Windows-KnownFolders", "Computer": "DESKTOP-OFJ6N53", "TimeCreated": "2025-08-06 00:05:12.048635+00:00", "RecordID": "140790", "Level": "3", "UserID": "S-1-5-18", "EventData.hrError": "0x80070002", "EventData.FolderId": "{fdd39ad0-238f-46af-adb4-6c85480369c7}", "EventData.Path": "C:\\Windows\\system32\\config\\systemprofile\\Documents"}
{"EventID": "1002", "Channel": "Microsoft-Windows-Known Folders API Service", "Provider_Name": "Microsoft-Windows-KnownFolders", "Computer": "DESKTOP-OFJ6N53", "TimeCreated": "2025-08-07 00:29:26.624378+00:00", "RecordID": "140791", "Level": "3", "UserID": "S-1-5-18", "EventData.hrError": "0x80070002", "EventData.FolderId": "{fdd39ad0-238f-46af-adb4-6c85480369c7}", "EventData.Path": "C:\\Windows\\system32\\config\\systemprofile\\Documents"}
{"EventID": "1002", "Channel": "Microsoft-Windows-Known Folders API Service", "Provider_Name": "Microsoft-Windows-KnownFolders", "Computer": "DESKTOP-OFJ6N53", "TimeCreated": "2025-08-07 00:29:29.815285+00:00", "RecordID": "140792", "Level": "3", "UserID": "S-1-5-18", "EventData.hrError": "0x80070002", "EventData.FolderId": "{fdd39ad0-238f-46af-adb4-6c85480369c7}", "EventData.Path": "C:\\Windows\\system32\\config\\systemprofile\\Documents"}
{"EventID": "1002", "Channel": "Microsoft-Windows-Known Folders API Service", "Provider_Name": "Microsoft-Windows-KnownFolders", "Computer": "DESKTOP-OFJ6N53", "TimeCreated": "2025-08-08 01:36:43.149427+00:00", "RecordID": "140793", "Level": "3", "UserID": "S-1-5-18", "EventData.hrError": "0x80070002", "EventData.FolderId": "{fdd39ad0-238f-46af-adb4-6c85480369c7}", "EventData.Path": "C:\\Windows\\system32\\config\\systemprofile\\Documents"}
{"EventID": "1002", "Channel": "Microsoft-Windows-Known Folders API Service", "Provider_Name": "Microsoft-Windows-KnownFolders", "Computer": "DESKTOP-OFJ6N53", "TimeCreated": "2025-08-08 01:36:43.150408+00:00", "RecordID": "140794", "Level": "3", "UserID": "S-1-5-18", "EventData.hrError": "0x80070002", "EventData.FolderId": "{fdd39ad0-238f-46af-adb4-6c85480369c7}", "EventData.Path": "C:\\Windows\\system32\\config\\systemprofile\\Documents"}
{"EventID": "1002", "Channel": "Microsoft-Windows-Known Folders API Service", "Provider_Name": "Microsoft-Windows-KnownFolders", "Computer": "DESKTOP-OFJ6N53", "TimeCreated": "2025-08-09 02:00:46.305132+00:00", "RecordID": "140795", "Level": "3", "UserID": "S-1-5-18", "EventData.hrError": "0x80070002", "EventData.FolderId": "{fdd39ad0-238f-46af-adb4-6c85480369c7}", "EventData.Path": "C:\\Windows\\system32\\config\\systemprofile\\Documents"}
{"EventID": "1002", "Channel": "Microsoft-Windows-Known Folders API Service", "Provider_Name": "Microsoft-Windows-KnownFolders", "Computer": "DESKTOP-OFJ6N53", "TimeCreated": "2025-08-09 02:00:46.305136+00:00", "RecordID": "140796", "Level": "3", "UserID": "S-1-5-18", "EventData.hrError": "0x80070002", "EventData.FolderId": "{fdd39ad0-238f-46af-adb4-6c85480369c7}", "EventData.Path": "C:\\Windows\\system32\\config\\systemprofile\\Documents"}
{"EventID": "1002", "Channel": "Microsoft-Windows-Known Folders API Service", "Provider_Name": "Microsoft-Windows-KnownFolders", "Computer": "DESKTOP-OFJ6N53", "TimeCreated": "2025-08-10 01:08:38.786566+00:00", "RecordID": "140797", "Level": "3", "UserID": "S-1-5-18", "EventData.hrError": "0x80070002", "EventData.FolderId": "{fdd39ad0-238f-46af-adb4-6c85480369c7}", "EventData.Path": "C:\\Windows\\system32\\config\\systemprofile\\Documents"}
{"EventID": "1002", "Channel": "Microsoft-Windows-Known Folders API Service", "Provider_Name": "Microsoft-Windows-KnownFolders", "Computer": "DESKTOP-OFJ6N53", "TimeCreated": "2025-08-10 01:08:38.786684+00:00", "RecordID": "140798", "Level": "3", "UserID": "S-1-5-18", "EventData.hrError": "0x80070002", "EventData.FolderId": "{fdd39ad0-238f-46af-adb4-6c85480369c7}", "EventData.Path": "C:\\Windows\\system32\\config\\systemprofile\\Documents"}
{"EventID": "1002", "Channel": "Microsoft-Windows-Known Folders API Service", "Provider_Name": "Microsoft-Windows-KnownFolders", "Computer": "DESKTOP-OFJ6N53", "TimeCreated": "2025-08-11 01:08:08.650099+00:00", "RecordID": "140799", "Level": "3", "UserID": "S-1-5-18", "EventData.hrError": "0x80070002", "EventData.FolderId": "{fdd39ad0-238f-46af-adb4-6c85480369c7}", "EventData.Path": "C:\\Windows\\system32\\config\\systemprofile\\Documents"}
{"EventID": "1002", "Channel": "Microsoft-Windows-Known Folders API Service", "Provider_Name": "Microsoft-Windows-KnownFolders", "Computer": "DESKTOP-OFJ6N53", "TimeCreated": "2025-08-11 01:08:08.651314+00:00", "RecordID": "140800", "Level": "3", "UserID": "S-1-5-18", "EventData.hrError": "0x80070002", "EventData.FolderId": "{fdd39ad0-238f-46af-adb4-6c85480369c7}", "EventData.Path": "C:\\Windows\\system32\\config\\systemprofile\\Documents"}
{"EventID": "1002", "Channel": "Microsoft-Windows-Known Folders API Service", "Provider_Name": "Microsoft-Windows-KnownFolders", "Computer": "DESKTOP-OFJ6N53", "TimeCreated": "2025-08-12 00:01:45.957718+00:00", "RecordID": "140801", "Level": "3", "UserID": "S-1-5-18", "EventData.hrError": "0x80070002", "EventData.FolderId": "{fdd39ad0-238f-46af-adb4-6c85480369c7}", "EventData.Path": "C:\\Windows\\system32\\config\\systemprofile\\Documents"}
{"EventID": "1002", "Channel": "Microsoft-Windows-Known Folders API Service", "Provider_Name": "Microsoft-Windows-KnownFolders", "Computer": "DESKTOP-OFJ6N53", "TimeCreated": "2025-08-12 00:01:46.000326+00:00", "RecordID": "140802", "Level": "3", "UserID": "S-1-5-18", "EventData.hrError": "0x80070002", "EventData.FolderId": "{fdd39ad0-238f-46af-adb4-6c85480369c7}", "EventData.Path": "C:\\Windows\\system32\\config\\systemprofile\\Documents"}
{"EventID": "1002", "Channel": "Microsoft-Windows-Known Folders API Service", "Provider_Name": "Microsoft-Windows-KnownFolders", "Computer": "DESKTOP-OFJ6N53", "TimeCreated": "2025-08-12 12:18:45.031141+00:00", "RecordID": "140803", "Level": "3", "UserID": "S-1-5-18", "EventData.hrError": "0x80070002", "EventData.FolderId": "{b4bfcc3a-db2c-424c-b029-7fe99a87c641}", "EventData.Path": "C:\\Windows\\system32\\config\\systemprofile\\Desktop"}
{"EventID": "1002", "Channel": "Microsoft-Windows-Known Folders API Service", "Provider_Name": "Microsoft-Windows-KnownFolders", "Computer": "DESKTOP-OFJ6N53", "TimeCreated": "2025-08-12 12:18:45.766743+00:00", "RecordID": "140804", "Level": "3", "UserID": "S-1-5-18", "EventData.hrError": "0x80070002", "EventData.FolderId": "{fdd39ad0-238f-46af-adb4-6c85480369c7}", "EventData.Path": "C:\\Windows\\system32\\config\\systemprofile\\Documents"}
{"EventID": "1002", "Channel": "Microsoft-Windows-Known Folders API Service", "Provider_Name": "Microsoft-Windows-KnownFolders", "Computer": "DESKTOP-OFJ6N53", "TimeCreated": "2025-08-12 12:18:47.205549+00:00", "RecordID": "140805", "Level": "3", "UserID": "S-1-5-18", "EventData.hrError": "0x80070002", "EventData.FolderId": "{b4bfcc3a-db2c-424c-b029-7fe99a87c641}", "EventData.Path": "C:\\Windows\\system32\\config\\systemprofile\\Desktop"}
{"EventID": "1002", "Channel": "Microsoft-Windows-Known Folders API Service", "Provider_Name": "Microsoft-Windows-KnownFolders", "Computer": "DESKTOP-OFJ6N53", "TimeCreated": "2025-08-12 12:18:48.103670+00:00", "RecordID": "140806", "Level": "3", "UserID": "S-1-5-18", "EventData.hrError": "0x80070002", "EventData.FolderId": "{b4bfcc3a-db2c-424c-b029-7fe99a87c641}", "EventData.Path": "C:\\Windows\\system32\\config\\systemprofile\\Desktop"}
{"EventID": "1002", "Channel": "Microsoft-Windows-Known Folders API Service", "Provider_Name": "Microsoft-Windows-KnownFolders", "Computer": "DESKTOP-OFJ6N53", "TimeCreated": "2025-08-12 12:18:52.354551+00:00", "RecordID": "140807", "Level": "3", "UserID": "S-1-5-18", "EventData.hrError": "0x80070002", "EventData.FolderId": "{b4bfcc3a-db2c-424c-b029-7fe99a87c641}", "EventData.Path": "C:\\Windows\\system32\\config\\systemprofile\\Desktop"}
{"EventID": "1002", "Channel": "Microsoft-Windows-Known Folders API Service", "Provider_Name": "Microsoft-Windows-KnownFolders", "Computer": "DESKTOP-OFJ6N53", "TimeCreated": "2025-08-12 12:18:53.148733+00:00", "RecordID": "140808", "Level": "3", "UserID": "S-1-5-18", "EventData.hrError": "0x80070002", "EventData.FolderId": "{b4bfcc3a-db2c-424c-b029-7fe99a87c641}", "EventData.Path": "C:\\Windows\\system32\\config\\systemprofile\\Desktop"}
{"EventID": "1002", "Channel": "Microsoft-Windows-Known Folders API Service", "Provider_Name": "Microsoft-Windows-KnownFolders", "Computer": "DESKTOP-OFJ6N53", "TimeCreated": "2025-08-12 12:18:56.642015+00:00", "RecordID": "140809", "Level": "3", "UserID": "S-1-5-18", "EventData.hrError": "0x80070003", "EventData.FolderId": "{b97d20bb-f46a-4c97-ba10-5e3608430854}", "EventData.Path": "C:\\Windows\\system32\\config\\systemprofile\\AppData\\Roaming\\Microsoft\\Windows\\Start Menu\\Programs\\Startup"}
{"EventID": "1002", "Channel": "Microsoft-Windows-Known Folders API Service", "Provider_Name": "Microsoft-Windows-KnownFolders", "Computer": "DESKTOP-OFJ6N53", "TimeCreated": "2025-08-12 12:18:56.642456+00:00", "RecordID": "140810", "Level": "3", "UserID": "S-1-5-18", "EventData.hrError": "0x80070002", "EventData.FolderId": "{1777f761-68ad-4d8a-87bd-30b759fa33dd}", "EventData.Path": "C:\\Windows\\system32\\config\\systemprofile\\Favorites"}
{"EventID": "1002", "Channel": "Microsoft-Windows-Known Folders API Service", "Provider_Name": "Microsoft-Windows-KnownFolders", "Computer": "DESKTOP-OFJ6N53", "TimeCreated": "2025-08-12 12:19:13.984478+00:00", "RecordID": "140811", "Level": "3", "UserID": "S-1-5-18", "EventData.hrError": "0x80070002", "EventData.FolderId": "{b4bfcc3a-db2c-424c-b029-7fe99a87c641}", "EventData.Path": "C:\\Windows\\system32\\config\\systemprofile\\Desktop"}
{"EventID": "1002", "Channel": "Microsoft-Windows-Known Folders API Service", "Provider_Name": "Microsoft-Windows-KnownFolders", "Computer": "DESKTOP-OFJ6N53", "TimeCreated": "2025-08-12 12:19:14.496367+00:00", "RecordID": "140812", "Level": "3", "UserID": "S-1-5-18", "EventData.hrError": "0x80070002", "EventData.FolderId": "{fdd39ad0-238f-46af-adb4-6c85480369c7}", "EventData.Path": "C:\\Windows\\system32\\config\\systemprofile\\Documents"}
{"EventID": "1002", "Channel": "Microsoft-Windows-Known Folders API Service", "Provider_Name": "Microsoft-Windows-KnownFolders", "Computer": "DESKTOP-OFJ6N53", "TimeCreated": "2025-08-12 12:19:45.640228+00:00", "RecordID": "140813", "Level": "3", "UserID": "S-1-5-18", "EventData.hrError": "0x80070002", "EventData.FolderId": "{b4bfcc3a-db2c-424c-b029-7fe99a87c641}", "EventData.Path": "C:\\Windows\\system32\\config\\systemprofile\\Desktop"}
{"EventID": "1002", "Channel": "Microsoft-Windows-Known Folders API Service", "Provider_Name": "Microsoft-Windows-KnownFolders", "Computer": "DESKTOP-OFJ6N53", "TimeCreated": "2025-08-12 12:19:47.350571+00:00", "RecordID": "140814", "Level": "3", "UserID": "S-1-5-18", "EventData.hrError": "0x80070002", "EventData.FolderId": "{fdd39ad0-238f-46af-adb4-6c85480369c7}", "EventData.Path": "C:\\Windows\\system32\\config\\systemprofile\\Documents"}
{"EventID": "1002", "Channel": "Microsoft-Windows-Known Folders API Service", "Provider_Name": "Microsoft-Windows-KnownFolders", "Computer": "DESKTOP-OFJ6N53", "TimeCreated": "2025-08-12 12:20:20.118076+00:00", "RecordID": "140815", "Level": "3", "UserID": "S-1-5-18", "EventData.hrError": "0x80070002", "EventData.FolderId": "{b4bfcc3a-db2c-424c-b029-7fe99a87c641}", "EventData.Path": "C:\\Windows\\system32\\config\\systemprofile\\Desktop"}
{"EventID": "1002", "Channel": "Microsoft-Windows-Known Folders API Service", "Provider_Name": "Microsoft-Windows-KnownFolders", "Computer": "DESKTOP-OFJ6N53", "TimeCreated": "2025-08-12 12:21:00.649340+00:00", "RecordID": "140816", "Level": "3", "UserID": "S-1-5-18", "EventData.hrError": "0x80070002", "EventData.FolderId": "{b4bfcc3a-db2c-424c-b029-7fe99a87c641}", "EventData.Path": "C:\\Windows\\system32\\config\\systemprofile\\Desktop"}
{"EventID": "1002", "Channel": "Microsoft-Windows-Known Folders API Service", "Provider_Name": "Microsoft-Windows-KnownFolders", "Computer": "DESKTOP-OFJ6N53", "TimeCreated": "2025-08-12 12:21:01.103176+00:00", "RecordID": "140817", "Level": "3", "UserID": "S-1-5-18", "EventData.hrError": "0x80070002", "EventData.FolderId": "{fdd39ad0-238f-46af-adb4-6c85480369c7}", "EventData.Path": "C:\\Windows\\system32\\config\\systemprofile\\Documents"}
{"EventID": "1002", "Channel": "Microsoft-Windows-Known Folders API Service", "Provider_Name": "Microsoft-Windows-KnownFolders", "Computer": "DESKTOP-OFJ6N53", "TimeCreated": "2025-08-12 12:21:31.107906+00:00", "RecordID": "140818", "Level": "3", "UserID": "S-1-5-18", "EventData.hrError": "0x80070002", "EventData.FolderId": "{b4bfcc3a-db2c-424c-b029-7fe99a87c641}", "EventData.Path": "C:\\Windows\\system32\\config\\systemprofile\\Desktop"}
{"EventID": "1002", "Channel": "Microsoft-Windows-Known Folders API Service", "Provider_Name": "Microsoft-Windows-KnownFolders", "Computer": "DESKTOP-OFJ6N53", "TimeCreated": "2025-08-12 12:21:31.343342+00:00", "RecordID": "140819", "Level": "3", "UserID": "S-1-5-18", "EventData.hrError": "0x80070002", "EventData.FolderId": "{fdd39ad0-238f-46af-adb4-6c85480369c7}", "EventData.Path": "C:\\Windows\\system32\\config\\systemprofile\\Documents"}
{"EventID": "1002", "Channel": "Microsoft-Windows-Known Folders API Service", "Provider_Name": "Microsoft-Windows-KnownFolders", "Computer": "DESKTOP-OFJ6N53", "TimeCreated": "2025-08-12 12:21:43.567396+00:00", "RecordID": "140820", "Level": "3", "UserID": "S-1-5-18", "EventData.hrError": "0x80070002", "EventData.FolderId": "{fdd39ad0-238f-46af-adb4-6c85480369c7}", "EventData.Path": "C:\\Windows\\system32\\config\\systemprofile\\Documents"}
{"EventID": "1002", "Channel": "Microsoft-Windows-Known Folders API Service", "Provider_Name": "Microsoft-Windows-KnownFolders", "Computer": "DESKTOP-OFJ6N53", "TimeCreated": "2025-08-12 12:22:02.193129+00:00", "RecordID": "140821", "Level": "3", "UserID": "S-1-5-18", "EventData.hrError": "0x80070002", "EventData.FolderId": "{b4bfcc3a-db2c-424c-b029-7fe99a87c641}", "EventData.Path": "C:\\Windows\\system32\\config\\systemprofile\\Desktop"}
{"EventID": "1002", "Channel": "Microsoft-Windows-Known Folders API Service", "Provider_Name": "Microsoft-Windows-KnownFolders", "Computer": "DESKTOP-OFJ6N53", "TimeCreated": "2025-08-12 12:22:02.495028+00:00", "RecordID": "140822", "Level": "3", "UserID": "S-1-5-18", "EventData.hrError": "0x80070002", "EventData.FolderId": "{fdd39ad0-238f-46af-adb4-6c85480369c7}", "EventData.Path": "C:\\Windows\\system32\\config\\systemprofile\\Documents"}
{"EventID": "1002", "Channel": "Microsoft-Windows-Known Folders API Service", "Provider_Name": "Microsoft-Windows-KnownFolders", "Computer": "DESKTOP-OFJ6N53", "TimeCreated": "2025-08-12 12:22:21.137316+00:00", "RecordID": "140823", "Level": "3", "UserID": "S-1-5-18", "EventData.hrError": "0x80070002", "EventData.FolderId": "{fdd39ad0-238f-46af-adb4-6c85480369c7}", "EventData.Path": "C:\\Windows\\system32\\config\\systemprofile\\Documents"}
{"EventID": "1002", "Channel": "Microsoft-Windows-Known Folders API Service", "Provider_Name": "Microsoft-Windows-KnownFolders", "Computer": "DESKTOP-OFJ6N53", "TimeCreated": "2025-08-12 12:22:33.325903+00:00", "RecordID": "140824", "Level": "3", "UserID": "S-1-5-18", "EventData.hrError": "0x80070002", "EventData.FolderId": "{b4bfcc3a-db2c-424c-b029-7fe99a87c641}", "EventData.Path": "C:\\Windows\\system32\\config\\systemprofile\\Desktop"}
{"EventID": "1002", "Channel": "Microsoft-Windows-Known Folders API Service", "Provider_Name": "Microsoft-Windows-KnownFolders", "Computer": "DESKTOP-OFJ6N53", "TimeCreated": "2025-08-12 12:22:33.627800+00:00", "RecordID": "140825", "Level": "3", "UserID": "S-1-5-18", "EventData.hrError": "0x80070002", "EventData.FolderId": "{fdd39ad0-238f-46af-adb4-6c85480369c7}", "EventData.Path": "C:\\Windows\\system32\\config\\systemprofile\\Documents"}
{"EventID": "1002", "Channel": "Microsoft-Windows-Known Folders API Service", "Provider_Name": "Microsoft-Windows-KnownFolders", "Computer": "DESKTOP-OFJ6N53", "TimeCreated": "2025-08-12 12:23:04.591394+00:00", "RecordID": "140826", "Level": "3", "UserID": "S-1-5-18", "EventData.hrError": "0x80070002", "EventData.FolderId": "{b4bfcc3a-db2c-424c-b029-7fe99a87c641}", "EventData.Path": "C:\\Windows\\system32\\config\\systemprofile\\Desktop"}
{"EventID": "1002", "Channel": "Microsoft-Windows-Known Folders API Service", "Provider_Name": "Microsoft-Windows-KnownFolders", "Computer": "DESKTOP-OFJ6N53", "TimeCreated": "2025-08-12 12:23:04.940350+00:00", "RecordID": "140827", "Level": "3", "UserID": "S-1-5-18", "EventData.hrError": "0x80070002", "EventData.FolderId": "{fdd39ad0-238f-46af-adb4-6c85480369c7}", "EventData.Path": "C:\\Windows\\system32\\config\\systemprofile\\Documents"}
{"EventID": "1002", "Channel": "Microsoft-Windows-Known Folders API Service", "Provider_Name": "Microsoft-Windows-KnownFolders", "Computer": "DESKTOP-OFJ6N53", "TimeCreated": "2025-08-12 12:23:35.434692+00:00", "RecordID": "140828", "Level": "3", "UserID": "S-1-5-18", "EventData.hrError": "0x80070002", "EventData.FolderId": "{b4bfcc3a-db2c-424c-b029-7fe99a87c641}", "EventData.Path": "C:\\Windows\\system32\\config\\systemprofile\\Desktop"}
{"EventID": "1002", "Channel": "Microsoft-Windows-Known Folders API Service", "Provider_Name": "Microsoft-Windows-KnownFolders", "Computer": "DESKTOP-OFJ6N53", "TimeCreated": "2025-08-12 12:23:35.893269+00:00", "RecordID": "140829", "Level": "3", "UserID": "S-1-5-18", "EventData.hrError": "0x80070002", "EventData.FolderId": "{fdd39ad0-238f-46af-adb4-6c85480369c7}", "EventData.Path": "C:\\Windows\\system32\\config\\systemprofile\\Documents"}
{"EventID": "1002", "Channel": "Microsoft-Windows-Known Folders API Service", "Provider_Name": "Microsoft-Windows-KnownFolders", "Computer": "DESKTOP-OFJ6N53", "TimeCreated": "2025-08-12 12:24:05.813837+00:00", "RecordID": "140830", "Level": "3", "UserID": "S-1-5-18", "EventData.hrError": "0x80070002", "EventData.FolderId": "{b4bfcc3a-db2c-424c-b029-7fe99a87c641}", "EventData.Path": "C:\\Windows\\system32\\config\\systemprofile\\Desktop"}
{"EventID": "1002", "Channel": "Microsoft-Windows-Known Folders API Service", "Provider_Name": "Microsoft-Windows-KnownFolders", "Computer": "DESKTOP-OFJ6N53", "TimeCreated": "2025-08-12 12:24:06.233791+00:00", "RecordID": "140831", "Level": "3", "UserID": "S-1-5-18", "EventData.hrError": "0x80070002", "EventData.FolderId": "{b4bfcc3a-db2c-424c-b029-7fe99a87c641}", "EventData.Path": "C:\\Windows\\system32\\config\\systemprofile\\Desktop"}
{"EventID": "1002", "Channel": "Microsoft-Windows-Known Folders API Service", "Provider_Name": "Microsoft-Windows-KnownFolders", "Computer": "DESKTOP-OFJ6N53", "TimeCreated": "2025-08-12 12:24:23.786591+00:00", "RecordID": "140832", "Level": "3", "UserID": "S-1-5-18", "EventData.hrError": "0x80070002", "EventData.FolderId": "{b4bfcc3a-db2c-424c-b029-7fe99a87c641}", "EventData.Path": "C:\\Windows\\system32\\config\\systemprofile\\Desktop"}
{"EventID": "1002", "Channel": "Microsoft-Windows-Known Folders API Service", "Provider_Name": "Microsoft-Windows-KnownFolders", "Computer": "DESKTOP-OFJ6N53", "TimeCreated": "2025-08-12 12:24:24.201923+00:00", "RecordID": "140833", "Level": "3", "UserID": "S-1-5-18", "EventData.hrError": "0x80070002", "EventData.FolderId": "{b4bfcc3a-db2c-424c-b029-7fe99a87c641}", "EventData.Path": "C:\\Windows\\system32\\config\\systemprofile\\Desktop"}
{"EventID": "1002", "Channel": "Microsoft-Windows-Known Folders API Service", "Provider_Name": "Microsoft-Windows-KnownFolders", "Computer": "DESKTOP-OFJ6N53", "TimeCreated": "2025-08-12 12:24:25.867826+00:00", "RecordID": "140834", "Level": "3", "UserID": "S-1-5-18", "EventData.hrError": "0x80070002", "EventData.FolderId": "{b4bfcc3a-db2c-424c-b029-7fe99a87c641}", "EventData.Path": "C:\\Windows\\system32\\config\\systemprofile\\Desktop"}
{"EventID": "1002", "Channel": "Microsoft-Windows-Known Folders API Service", "Provider_Name": "Microsoft-Windows-KnownFolders", "Computer": "DESKTOP-OFJ6N53", "TimeCreated": "2025-08-12 12:24:26.238472+00:00", "RecordID": "140835", "Level": "3", "UserID": "S-1-5-18", "EventData.hrError": "0x80070002", "EventData.FolderId": "{b4bfcc3a-db2c-424c-b029-7fe99a87c641}", "EventData.Path": "C:\\Windows\\system32\\config\\systemprofile\\Desktop"}
{"EventID": "1002", "Channel": "Microsoft-Windows-Known Folders API Service", "Provider_Name": "Microsoft-Windows-KnownFolders", "Computer": "DESKTOP-OFJ6N53", "TimeCreated": "2025-08-12 12:34:45.067205+00:00", "RecordID": "140836", "Level": "3", "UserID": "S-1-5-18", "EventData.hrError": "0x80070002", "EventData.FolderId": "{fdd39ad0-238f-46af-adb4-6c85480369c7}", "EventData.Path": "C:\\Windows\\system32\\config\\systemprofile\\Documents"}
{"EventID": "1002", "Channel": "Microsoft-Windows-Known Folders API Service", "Provider_Name": "Microsoft-Windows-KnownFolders", "Computer": "DESKTOP-OFJ6N53", "TimeCreated": "2025-08-12 14:03:28.197727+00:00", "RecordID": "140837", "Level": "3", "UserID": "S-1-5-18", "EventData.hrError": "0x80070002", "EventData.FolderId": "{1777f761-68ad-4d8a-87bd-30b759fa33dd}", "EventData.Path": "C:\\Windows\\system32\\config\\systemprofile\\Favorites"}
{"EventID": "1002", "Channel": "Microsoft-Windows-Known Folders API Service", "Provider_Name": "Microsoft-Windows-KnownFolders", "Computer": "DESKTOP-OFJ6N53", "TimeCreated": "2025-08-12 14:03:28.198315+00:00", "RecordID": "140838", "Level": "3", "UserID": "S-1-5-18", "EventData.hrError": "0x80070003", "EventData.FolderId": "{625b53c3-ab48-4ec1-ba1f-a1ef4146fc19}", "EventData.Path": "C:\\Windows\\system32\\config\\systemprofile\\AppData\\Roaming\\Microsoft\\Windows\\Start Menu"}
