{"EventID": "6", "Channel": "Microsoft-Windows-BackgroundTaskInfrastructure/Operational", "Provider_Name": "Microsoft-Windows-BrokerInfrastructure", "Computer": "DESKTOP-OFJ6N53", "TimeCreated": "2024-04-12 02:57:13.582941+00:00", "RecordID": "180", "Level": "4", "UserID": "S-1-5-18", "EventData.PackageFullName": "Microsoft.Windows.Search_1.14.13.19041_neutral_neutral_cw5n1h2txyewy", "EventData.EntryPointLength": "57", "EventData.EntryPoint": "Windows.ApplicationModel.Core.DefaultInProcBackgroundTask", "EventData.UserSid": "S-1-5-21-963789628-1060504924-4285088085-1001"}
{"EventID": "6", "Channel": "Microsoft-Windows-BackgroundTaskInfrastructure/Operational", "Provider_Name": "Microsoft-Windows-BrokerInfrastructure", "Computer": "DESKTOP-OFJ6N53", "TimeCreated": "2024-04-12 02:57:13.583775+00:00", "RecordID": "181", "Level": "4", "UserID": "S-1-5-18", "EventData.PackageFullName": "Microsoft.Windows.Search_1.14.13.19041_neutral_neutral_cw5n1h2txyewy", "EventData.EntryPointLength": "57", "EventData.EntryPoint": "Windows.ApplicationModel.Core.DefaultInProcBackgroundTask", "EventData.UserSid": "S-1-5-21-963789628-1060504924-4285088085-1001"}
{"EventID": "6", "Channel": "Microsoft-Windows-BackgroundTaskInfrastructure/Operational", "Provider_Name": "Microsoft-Windows-BrokerInfrastructure", "Computer": "DESKTOP-OFJ6N53", "TimeCreated": "2024-04-12 02:57:13.584345+00:00", "RecordID": "182", "Level": "4", "UserID": "S-1-5-18", "EventData.PackageFullName": "Microsoft.Windows.Search_1.14.13.19041_neutral_neutral_cw5n1h2txyewy", "EventData.EntryPointLength": "57", "EventData.EntryPoint": "Windows.ApplicationModel.Core.DefaultInProcBackgroundTask", "EventData.UserSid": "S-1-5-21-963789628-1060504924-4285088085-1001"}
{"EventID": "6", "Channel": "Microsoft-Windows-BackgroundTaskInfrastructure/Operational", "Provider_Name": "Microsoft-Windows-BrokerInfrastructure", "Computer": "DESKTOP-OFJ6N53", "TimeCreated": "2024-04-12 02:57:13.584768+00:00", "RecordID": "183", "Level": "4", "UserID": "S-1-5-18", "EventData.PackageFullName": "Microsoft.Windows.Search_1.14.13.19041_neutral_neutral_cw5n1h2txyewy", "EventData.EntryPointLength": "57", "EventData.EntryPoint": "Windows.ApplicationModel.Core.DefaultInProcBackgroundTask", "EventData.UserSid": "S-1-5-21-963789628-1060504924-4285088085-1001"}
{"EventID": "6", "Channel": "Microsoft-Windows-BackgroundTaskInfrastructure/Operational", "Provider_Name": "Microsoft-Windows-BrokerInfrastructure", "Computer": "DESKTOP-OFJ6N53", "TimeCreated": "2024-04-12 02:57:13.585135+00:00", "RecordID": "184", "Level": "4", "UserID": "S-1-5-18", "EventData.PackageFullName": "Microsoft.Windows.Search_1.14.13.19041_neutral_neutral_cw5n1h2txyewy", "EventData.EntryPointLength": "57", "EventData.EntryPoint": "Windows.ApplicationModel.Core.DefaultInProcBackgroundTask", "EventData.UserSid": "S-1-5-21-963789628-1060504924-4285088085-1001"}
{"EventID": "21", "Channel": "Microsoft-Windows-BackgroundTaskInfrastructure/Operational", "Provider_Name": "Microsoft-Windows-BrokerInfrastructure", "Computer": "DESKTOP-OFJ6N53", "TimeCreated": "2024-04-12 02:57:13.920443+00:00", "RecordID": "185", "Level": "4", "UserID": "S-1-5-18", "EventData.EntryPointLength": "57", "EventData.TaskEntryPoint": "Windows.ApplicationModel.Core.DefaultInProcBackgroundTask", "EventData.NameLength": "26", "EventData.TaskName": "AppProviderMaintenanceTask", "EventData.Result": "2147944126"}
{"EventID": "21", "Channel": "Microsoft-Windows-BackgroundTaskInfrastructure/Operational", "Provider_Name": "Microsoft-Windows-BrokerInfrastructure", "Computer": "DESKTOP-OFJ6N53", "TimeCreated": "2024-04-12 02:57:14.063345+00:00", "RecordID": "186", "Level": "4", "UserID": "S-1-5-18", "EventData.EntryPointLength": "57", "EventData.TaskEntryPoint": "Windows.ApplicationModel.Core.DefaultInProcBackgroundTask", "EventData.NameLength": "55", "EventData.TaskName": "DynamicSearchBoxRefresherBackgroundTaskSessionConnected", "EventData.Result": "2147748101"}
{"EventID": "21", "Channel": "Microsoft-Windows-BackgroundTaskInfrastructure/Operational", "Provider_Name": "Microsoft-Windows-BrokerInfrastructure", "Computer": "DESKTOP-OFJ6N53", "TimeCreated": "2024-04-12 02:57:14.313986+00:00", "RecordID": "187", "Level": "4", "UserID": "S-1-5-18", "EventData.EntryPointLength": "57", "EventData.TaskEntryPoint": "Windows.ApplicationModel.Core.DefaultInProcBackgroundTask", "EventData.NameLength": "43", "EventData.TaskName": "AppProviderAppResolverNotificationsTaskName", "EventData.Result": "2147945463"}
{"EventID": "21", "Channel": "Microsoft-Windows-BackgroundTaskInfrastructure/Operational", "Provider_Name": "Microsoft-Windows-BrokerInfrastructure", "Computer": "DESKTOP-OFJ6N53", "TimeCreated": "2024-04-12 02:57:14.329123+00:00", "RecordID": "188", "Level": "4", "UserID": "S-1-5-18", "EventData.EntryPointLength": "57", "EventData.TaskEntryPoint": "Windows.ApplicationModel.Core.DefaultInProcBackgroundTask", "EventData.NameLength": "43", "EventData.TaskName": "AppProviderAppResolverNotificationsTaskName", "EventData.Result": "2147945463"}
{"EventID": "21", "Channel": "Microsoft-Windows-BackgroundTaskInfrastructure/Operational", "Provider_Name": "Microsoft-Windows-BrokerInfrastructure", "Computer": "DESKTOP-OFJ6N53", "TimeCreated": "2024-04-12 02:57:14.368227+00:00", "RecordID": "189", "Level": "4", "UserID": "S-1-5-18", "EventData.EntryPointLength": "57", "EventData.TaskEntryPoint": "Windows.ApplicationModel.Core.DefaultInProcBackgroundTask", "EventData.NameLength": "43", "EventData.TaskName": "AppProviderAppResolverNotificationsTaskName", "EventData.Result": "2147945463"}
{"EventID": "21", "Channel": "Microsoft-Windows-BackgroundTaskInfrastructure/Operational", "Provider_Name": "Microsoft-Windows-BrokerInfrastructure", "Computer": "DESKTOP-OFJ6N53", "TimeCreated": "2024-04-12 02:57:14.395651+00:00", "RecordID": "190", "Level": "4", "UserID": "S-1-5-18", "EventData.EntryPointLength": "57", "EventData.TaskEntryPoint": "Windows.ApplicationModel.Core.DefaultInProcBackgroundTask", "EventData.NameLength": "43", "EventData.TaskName": "AppProviderAppResolverNotificationsTaskName", "EventData.Result": "2147945463"}
{"EventID": "6", "Channel": "Microsoft-Windows-BackgroundTaskInfrastructure/Operational", "Provider_Name": "Microsoft-Windows-BrokerInfrastructure", "Computer": "DESKTOP-OFJ6N53", "TimeCreated": "2024-04-16 14:15:56.096802+00:00", "RecordID": "191", "Level": "4", "UserID": "S-1-5-18", "EventData.PackageFullName": "Microsoft.YourPhone_1.24022.87.0_x64__8wekyb3d8bbwe", "EventData.EntryPointLength": "41", "EventData.EntryPoint": "YourPhone.Background.Tasks.BackgroundTask", "EventData.UserSid": "S-1-5-21-963789628-1060504924-4285088085-1001"}
{"EventID": "6", "Channel": "Microsoft-Windows-BackgroundTaskInfrastructure/Operational", "Provider_Name": "Microsoft-Windows-BrokerInfrastructure", "Computer": "DESKTOP-OFJ6N53", "TimeCreated": "2024-04-19 02:17:30.417150+00:00", "RecordID": "192", "Level": "4", "UserID": "S-1-5-18", "EventData.PackageFullName": "Microsoft.YourPhone_1.24032.123.0_x64__8wekyb3d8bbwe", "EventData.EntryPointLength": "41", "EventData.EntryPoint": "YourPhone.Background.Tasks.BackgroundTask", "EventData.UserSid": "S-1-5-21-963789628-1060504924-4285088085-1001"}
{"EventID": "6", "Channel": "Microsoft-Windows-BackgroundTaskInfrastructure/Operational", "Provider_Name": "Microsoft-Windows-BrokerInfrastructure", "Computer": "DESKTOP-OFJ6N53", "TimeCreated": "2024-04-23 15:46:13.509254+00:00", "RecordID": "193", "Level": "4", "UserID": "S-1-5-18", "EventData.PackageFullName": "Microsoft.Windows.Search_1.14.14.19041_neutral_neutral_cw5n1h2txyewy", "EventData.EntryPointLength": "57", "EventData.EntryPoint": "Windows.ApplicationModel.Core.DefaultInProcBackgroundTask", "EventData.UserSid": "S-1-5-21-963789628-1060504924-4285088085-1001"}
{"EventID": "6", "Channel": "Microsoft-Windows-BackgroundTaskInfrastructure/Operational", "Provider_Name": "Microsoft-Windows-BrokerInfrastructure", "Computer": "DESKTOP-OFJ6N53", "TimeCreated": "2024-04-23 15:46:15.798506+00:00", "RecordID": "194", "Level": "4", "UserID": "S-1-5-18", "EventData.PackageFullName": "Microsoft.Windows.Search_1.14.14.19041_neutral_neutral_cw5n1h2txyewy", "EventData.EntryPointLength": "57", "EventData.EntryPoint": "Windows.ApplicationModel.Core.DefaultInProcBackgroundTask", "EventData.UserSid": "S-1-5-21-963789628-1060504924-4285088085-1001"}
{"EventID": "6", "Channel": "Microsoft-Windows-BackgroundTaskInfrastructure/Operational", "Provider_Name": "Microsoft-Windows-BrokerInfrastructure", "Computer": "DESKTOP-OFJ6N53", "TimeCreated": "2024-04-29 08:29:48.238718+00:00", "RecordID": "195", "Level": "4", "UserID": "S-1-5-18", "EventData.PackageFullName": "Microsoft.Windows.Search_1.14.14.19041_neutral_neutral_cw5n1h2txyewy", "EventData.EntryPointLength": "50", "EventData.EntryPoint": "Cortana.Internal.Search.ConfigPollerBackgroundTask", "EventData.UserSid": "S-1-5-21-963789628-1060504924-4285088085-1001"}
{"EventID": "6", "Channel": "Microsoft-Windows-BackgroundTaskInfrastructure/Operational", "Provider_Name": "Microsoft-Windows-BrokerInfrastructure", "Computer": "DESKTOP-OFJ6N53", "TimeCreated": "2024-04-29 08:55:24.251789+00:00", "RecordID": "196", "Level": "4", "UserID": "S-1-5-18", "EventData.PackageFullName": "MicrosoftWindows.Client.CBS_1000.19056.1000.0_x64__cw5n1h2txyewy", "EventData.EntryPointLength": "38", "EventData.EntryPoint": "IrisService.BackgroundTask.UpdateTimer", "EventData.UserSid": "S-1-5-21-963789628-1060504924-4285088085-1001"}
{"EventID": "6", "Channel": "Microsoft-Windows-BackgroundTaskInfrastructure/Operational", "Provider_Name": "Microsoft-Windows-BrokerInfrastructure", "Computer": "DESKTOP-OFJ6N53", "TimeCreated": "2024-04-29 09:10:24.256466+00:00", "RecordID": "197", "Level": "4", "UserID": "S-1-5-18", "EventData.PackageFullName": "MicrosoftWindows.Client.CBS_1000.19056.1000.0_x64__cw5n1h2txyewy", "EventData.EntryPointLength": "38", "EventData.EntryPoint": "IrisService.BackgroundTask.UpdateTimer", "EventData.UserSid": "S-1-5-21-963789628-1060504924-4285088085-1001"}
{"EventID": "6", "Channel": "Microsoft-Windows-BackgroundTaskInfrastructure/Operational", "Provider_Name": "Microsoft-Windows-BrokerInfrastructure", "Computer": "DESKTOP-OFJ6N53", "TimeCreated": "2024-04-29 09:25:24.535353+00:00", "RecordID": "198", "Level": "4", "UserID": "S-1-5-18", "EventData.PackageFullName": "MicrosoftWindows.Client.CBS_1000.19056.1000.0_x64__cw5n1h2txyewy", "EventData.EntryPointLength": "38", "EventData.EntryPoint": "IrisService.BackgroundTask.UpdateTimer", "EventData.UserSid": "S-1-5-21-963789628-1060504924-4285088085-1001"}
{"EventID": "6", "Channel": "Microsoft-Windows-BackgroundTaskInfrastructure/Operational", "Provider_Name": "Microsoft-Windows-BrokerInfrastructure", "Computer": "DESKTOP-OFJ6N53", "TimeCreated": "2024-04-29 09:40:24.403521+00:00", "RecordID": "199", "Level": "4", "UserID": "S-1-5-18", "EventData.PackageFullName": "MicrosoftWindows.Client.CBS_1000.19056.1000.0_x64__cw5n1h2txyewy", "EventData.EntryPointLength": "38", "EventData.EntryPoint": "IrisService.BackgroundTask.UpdateTimer", "EventData.UserSid": "S-1-5-21-963789628-1060504924-4285088085-1001"}
{"EventID": "6", "Channel": "Microsoft-Windows-BackgroundTaskInfrastructure/Operational", "Provider_Name": "Microsoft-Windows-BrokerInfrastructure", "Computer": "DESKTOP-OFJ6N53", "TimeCreated": "2024-04-29 09:55:24.385269+00:00", "RecordID": "200", "Level": "4", "UserID": "S-1-5-18", "EventData.PackageFullName": "MicrosoftWindows.Client.CBS_1000.19056.1000.0_x64__cw5n1h2txyewy", "EventData.EntryPointLength": "38", "EventData.EntryPoint": "IrisService.BackgroundTask.UpdateTimer", "EventData.UserSid": "S-1-5-21-963789628-1060504924-4285088085-1001"}
{"EventID": "6", "Channel": "Microsoft-Windows-BackgroundTaskInfrastructure/Operational", "Provider_Name": "Microsoft-Windows-BrokerInfrastructure", "Computer": "DESKTOP-OFJ6N53", "TimeCreated": "2024-04-29 10:10:24.462568+00:00", "RecordID": "201", "Level": "4", "UserID": "S-1-5-18", "EventData.PackageFullName": "MicrosoftWindows.Client.CBS_1000.19056.1000.0_x64__cw5n1h2txyewy", "EventData.EntryPointLength": "38", "EventData.EntryPoint": "IrisService.BackgroundTask.UpdateTimer", "EventData.UserSid": "S-1-5-21-963789628-1060504924-4285088085-1001"}
{"EventID": "6", "Channel": "Microsoft-Windows-BackgroundTaskInfrastructure/Operational", "Provider_Name": "Microsoft-Windows-BrokerInfrastructure", "Computer": "DESKTOP-OFJ6N53", "TimeCreated": "2024-04-29 10:25:24.372330+00:00", "RecordID": "202", "Level": "4", "UserID": "S-1-5-18", "EventData.PackageFullName": "MicrosoftWindows.Client.CBS_1000.19056.1000.0_x64__cw5n1h2txyewy", "EventData.EntryPointLength": "38", "EventData.EntryPoint": "IrisService.BackgroundTask.UpdateTimer", "EventData.UserSid": "S-1-5-21-963789628-1060504924-4285088085-1001"}
{"EventID": "6", "Channel": "Microsoft-Windows-BackgroundTaskInfrastructure/Operational", "Provider_Name": "Microsoft-Windows-BrokerInfrastructure", "Computer": "DESKTOP-OFJ6N53", "TimeCreated": "2024-04-29 10:40:24.700054+00:00", "RecordID": "203", "Level": "4", "UserID": "S-1-5-18", "EventData.PackageFullName": "MicrosoftWindows.Client.CBS_1000.19056.1000.0_x64__cw5n1h2txyewy", "EventData.EntryPointLength": "38", "EventData.EntryPoint": "IrisService.BackgroundTask.UpdateTimer", "EventData.UserSid": "S-1-5-21-963789628-1060504924-4285088085-1001"}
{"EventID": "6", "Channel": "Microsoft-Windows-BackgroundTaskInfrastructure/Operational", "Provider_Name": "Microsoft-Windows-BrokerInfrastructure", "Computer": "DESKTOP-OFJ6N53", "TimeCreated": "2024-04-29 10:55:24.340736+00:00", "RecordID": "204", "Level": "4", "UserID": "S-1-5-18", "EventData.PackageFullName": "MicrosoftWindows.Client.CBS_1000.19056.1000.0_x64__cw5n1h2txyewy", "EventData.EntryPointLength": "38", "EventData.EntryPoint": "IrisService.BackgroundTask.UpdateTimer", "EventData.UserSid": "S-1-5-21-963789628-1060504924-4285088085-1001"}
{"EventID": "6", "Channel": "Microsoft-Windows-BackgroundTaskInfrastructure/Operational", "Provider_Name": "Microsoft-Windows-BrokerInfrastructure", "Computer": "DESKTOP-OFJ6N53", "TimeCreated": "2024-04-29 11:10:34.908863+00:00", "RecordID": "205", "Level": "4", "UserID": "S-1-5-18", "EventData.PackageFullName": "MicrosoftWindows.Client.CBS_1000.19056.1000.0_x64__cw5n1h2txyewy", "EventData.EntryPointLength": "38", "EventData.EntryPoint": "IrisService.BackgroundTask.UpdateTimer", "EventData.UserSid": "S-1-5-21-963789628-1060504924-4285088085-1001"}
{"EventID": "6", "Channel": "Microsoft-Windows-BackgroundTaskInfrastructure/Operational", "Provider_Name": "Microsoft-Windows-BrokerInfrastructure", "Computer": "DESKTOP-OFJ6N53", "TimeCreated": "2024-04-29 11:25:24.374901+00:00", "RecordID": "206", "Level": "4", "UserID": "S-1-5-18", "EventData.PackageFullName": "MicrosoftWindows.Client.CBS_1000.19056.1000.0_x64__cw5n1h2txyewy", "EventData.EntryPointLength": "38", "EventData.EntryPoint": "IrisService.BackgroundTask.UpdateTimer", "EventData.UserSid": "S-1-5-21-963789628-1060504924-4285088085-1001"}
{"EventID": "6", "Channel": "Microsoft-Windows-BackgroundTaskInfrastructure/Operational", "Provider_Name": "Microsoft-Windows-BrokerInfrastructure", "Computer": "DESKTOP-OFJ6N53", "TimeCreated": "2024-04-29 11:29:48.296530+00:00", "RecordID": "207", "Level": "4", "UserID": "S-1-5-18", "EventData.PackageFullName": "Microsoft.Windows.Search_1.14.14.19041_neutral_neutral_cw5n1h2txyewy", "EventData.EntryPointLength": "50", "EventData.EntryPoint": "Cortana.Internal.Search.ConfigPollerBackgroundTask", "EventData.UserSid": "S-1-5-21-963789628-1060504924-4285088085-1001"}
{"EventID": "6", "Channel": "Microsoft-Windows-BackgroundTaskInfrastructure/Operational", "Provider_Name": "Microsoft-Windows-BrokerInfrastructure", "Computer": "DESKTOP-OFJ6N53", "TimeCreated": "2024-04-29 11:40:24.388739+00:00", "RecordID": "208", "Level": "4", "UserID": "S-1-5-18", "EventData.PackageFullName": "MicrosoftWindows.Client.CBS_1000.19056.1000.0_x64__cw5n1h2txyewy", "EventData.EntryPointLength": "38", "EventData.EntryPoint": "IrisService.BackgroundTask.UpdateTimer", "EventData.UserSid": "S-1-5-21-963789628-1060504924-4285088085-1001"}
{"EventID": "6", "Channel": "Microsoft-Windows-BackgroundTaskInfrastructure/Operational", "Provider_Name": "Microsoft-Windows-BrokerInfrastructure", "Computer": "DESKTOP-OFJ6N53", "TimeCreated": "2024-04-29 11:55:24.529356+00:00", "RecordID": "209", "Level": "4", "UserID": "S-1-5-18", "EventData.PackageFullName": "MicrosoftWindows.Client.CBS_1000.19056.1000.0_x64__cw5n1h2txyewy", "EventData.EntryPointLength": "38", "EventData.EntryPoint": "IrisService.BackgroundTask.UpdateTimer", "EventData.UserSid": "S-1-5-21-963789628-1060504924-4285088085-1001"}
{"EventID": "6", "Channel": "Microsoft-Windows-BackgroundTaskInfrastructure/Operational", "Provider_Name": "Microsoft-Windows-BrokerInfrastructure", "Computer": "DESKTOP-OFJ6N53", "TimeCreated": "2024-04-29 12:10:24.438557+00:00", "RecordID": "210", "Level": "4", "UserID": "S-1-5-18", "EventData.PackageFullName": "MicrosoftWindows.Client.CBS_1000.19056.1000.0_x64__cw5n1h2txyewy", "EventData.EntryPointLength": "38", "EventData.EntryPoint": "IrisService.BackgroundTask.UpdateTimer", "EventData.UserSid": "S-1-5-21-963789628-1060504924-4285088085-1001"}
{"EventID": "6", "Channel": "Microsoft-Windows-BackgroundTaskInfrastructure/Operational", "Provider_Name": "Microsoft-Windows-BrokerInfrastructure", "Computer": "DESKTOP-OFJ6N53", "TimeCreated": "2024-04-29 12:25:24.410461+00:00", "RecordID": "211", "Level": "4", "UserID": "S-1-5-18", "EventData.PackageFullName": "MicrosoftWindows.Client.CBS_1000.19056.1000.0_x64__cw5n1h2txyewy", "EventData.EntryPointLength": "38", "EventData.EntryPoint": "IrisService.BackgroundTask.UpdateTimer", "EventData.UserSid": "S-1-5-21-963789628-1060504924-4285088085-1001"}
{"EventID": "6", "Channel": "Microsoft-Windows-BackgroundTaskInfrastructure/Operational", "Provider_Name": "Microsoft-Windows-BrokerInfrastructure", "Computer": "DESKTOP-OFJ6N53", "TimeCreated": "2024-04-29 12:40:24.458784+00:00", "RecordID": "212", "Level": "4", "UserID": "S-1-5-18", "EventData.PackageFullName": "MicrosoftWindows.Client.CBS_1000.19056.1000.0_x64__cw5n1h2txyewy", "EventData.EntryPointLength": "38", "EventData.EntryPoint": "IrisService.BackgroundTask.UpdateTimer", "EventData.UserSid": "S-1-5-21-963789628-1060504924-4285088085-1001"}
{"EventID": "6", "Channel": "Microsoft-Windows-BackgroundTaskInfrastructure/Operational", "Provider_Name": "Microsoft-Windows-BrokerInfrastructure", "Computer": "DESKTOP-OFJ6N53", "TimeCreated": "2024-04-29 12:55:24.459047+00:00", "RecordID": "213", "Level": "4", "UserID": "S-1-5-18", "EventData.PackageFullName": "MicrosoftWindows.Client.CBS_1000.19056.1000.0_x64__cw5n1h2txyewy", "EventData.EntryPointLength": "38", "EventData.EntryPoint": "IrisService.BackgroundTask.UpdateTimer", "EventData.UserSid": "S-1-5-21-963789628-1060504924-4285088085-1001"}
{"EventID": "6", "Channel": "Microsoft-Windows-BackgroundTaskInfrastructure/Operational", "Provider_Name": "Microsoft-Windows-BrokerInfrastructure", "Computer": "DESKTOP-OFJ6N53", "TimeCreated": "2024-04-29 13:10:24.446745+00:00", "RecordID": "214", "Level": "4", "UserID": "S-1-5-18", "EventData.PackageFullName": "MicrosoftWindows.Client.CBS_1000.19056.1000.0_x64__cw5n1h2txyewy", "EventData.EntryPointLength": "38", "EventData.EntryPoint": "IrisService.BackgroundTask.UpdateTimer", "EventData.UserSid": "S-1-5-21-963789628-1060504924-4285088085-1001"}
{"EventID": "6", "Channel": "Microsoft-Windows-BackgroundTaskInfrastructure/Operational", "Provider_Name": "Microsoft-Windows-BrokerInfrastructure", "Computer": "DESKTOP-OFJ6N53", "TimeCreated": "2024-04-29 13:25:24.480122+00:00", "RecordID": "215", "Level": "4", "UserID": "S-1-5-18", "EventData.PackageFullName": "MicrosoftWindows.Client.CBS_1000.19056.1000.0_x64__cw5n1h2txyewy", "EventData.EntryPointLength": "38", "EventData.EntryPoint": "IrisService.BackgroundTask.UpdateTimer", "EventData.UserSid": "S-1-5-21-963789628-1060504924-4285088085-1001"}
{"EventID": "6", "Channel": "Microsoft-Windows-BackgroundTaskInfrastructure/Operational", "Provider_Name": "Microsoft-Windows-BrokerInfrastructure", "Computer": "DESKTOP-OFJ6N53", "TimeCreated": "2024-04-29 13:40:24.483473+00:00", "RecordID": "216", "Level": "4", "UserID": "S-1-5-18", "EventData.PackageFullName": "MicrosoftWindows.Client.CBS_1000.19056.1000.0_x64__cw5n1h2txyewy", "EventData.EntryPointLength": "38", "EventData.EntryPoint": "IrisService.BackgroundTask.UpdateTimer", "EventData.UserSid": "S-1-5-21-963789628-1060504924-4285088085-1001"}
{"EventID": "6", "Channel": "Microsoft-Windows-BackgroundTaskInfrastructure/Operational", "Provider_Name": "Microsoft-Windows-BrokerInfrastructure", "Computer": "DESKTOP-OFJ6N53", "TimeCreated": "2024-04-29 13:55:24.467857+00:00", "RecordID": "217", "Level": "4", "UserID": "S-1-5-18", "EventData.PackageFullName": "MicrosoftWindows.Client.CBS_1000.19056.1000.0_x64__cw5n1h2txyewy", "EventData.EntryPointLength": "38", "EventData.EntryPoint": "IrisService.BackgroundTask.UpdateTimer", "EventData.UserSid": "S-1-5-21-963789628-1060504924-4285088085-1001"}
{"EventID": "6", "Channel": "Microsoft-Windows-BackgroundTaskInfrastructure/Operational", "Provider_Name": "Microsoft-Windows-BrokerInfrastructure", "Computer": "DESKTOP-OFJ6N53", "TimeCreated": "2024-04-29 14:10:24.517218+00:00", "RecordID": "218", "Level": "4", "UserID": "S-1-5-18", "EventData.PackageFullName": "MicrosoftWindows.Client.CBS_1000.19056.1000.0_x64__cw5n1h2txyewy", "EventData.EntryPointLength": "38", "EventData.EntryPoint": "IrisService.BackgroundTask.UpdateTimer", "EventData.UserSid": "S-1-5-21-963789628-1060504924-4285088085-1001"}
{"EventID": "6", "Channel": "Microsoft-Windows-BackgroundTaskInfrastructure/Operational", "Provider_Name": "Microsoft-Windows-BrokerInfrastructure", "Computer": "DESKTOP-OFJ6N53", "TimeCreated": "2024-04-29 14:25:24.458261+00:00", "RecordID": "219", "Level": "4", "UserID": "S-1-5-18", "EventData.PackageFullName": "MicrosoftWindows.Client.CBS_1000.19056.1000.0_x64__cw5n1h2txyewy", "EventData.EntryPointLength": "38", "EventData.EntryPoint": "IrisService.BackgroundTask.UpdateTimer", "EventData.UserSid": "S-1-5-21-963789628-1060504924-4285088085-1001"}
{"EventID": "6", "Channel": "Microsoft-Windows-BackgroundTaskInfrastructure/Operational", "Provider_Name": "Microsoft-Windows-BrokerInfrastructure", "Computer": "DESKTOP-OFJ6N53", "TimeCreated": "2024-04-29 14:29:48.302048+00:00", "RecordID": "220", "Level": "4", "UserID": "S-1-5-18", "EventData.PackageFullName": "Microsoft.Windows.Search_1.14.14.19041_neutral_neutral_cw5n1h2txyewy", "EventData.EntryPointLength": "50", "EventData.EntryPoint": "Cortana.Internal.Search.ConfigPollerBackgroundTask", "EventData.UserSid": "S-1-5-21-963789628-1060504924-4285088085-1001"}
{"EventID": "6", "Channel": "Microsoft-Windows-BackgroundTaskInfrastructure/Operational", "Provider_Name": "Microsoft-Windows-BrokerInfrastructure", "Computer": "DESKTOP-OFJ6N53", "TimeCreated": "2024-04-29 14:40:24.476252+00:00", "RecordID": "221", "Level": "4", "UserID": "S-1-5-18", "EventData.PackageFullName": "MicrosoftWindows.Client.CBS_1000.19056.1000.0_x64__cw5n1h2txyewy", "EventData.EntryPointLength": "38", "EventData.EntryPoint": "IrisService.BackgroundTask.UpdateTimer", "EventData.UserSid": "S-1-5-21-963789628-1060504924-4285088085-1001"}
{"EventID": "6", "Channel": "Microsoft-Windows-BackgroundTaskInfrastructure/Operational", "Provider_Name": "Microsoft-Windows-BrokerInfrastructure", "Computer": "DESKTOP-OFJ6N53", "TimeCreated": "2024-04-29 14:55:24.523241+00:00", "RecordID": "222", "Level": "4", "UserID": "S-1-5-18", "EventData.PackageFullName": "MicrosoftWindows.Client.CBS_1000.19056.1000.0_x64__cw5n1h2txyewy", "EventData.EntryPointLength": "38", "EventData.EntryPoint": "IrisService.BackgroundTask.UpdateTimer", "EventData.UserSid": "S-1-5-21-963789628-1060504924-4285088085-1001"}
{"EventID": "6", "Channel": "Microsoft-Windows-BackgroundTaskInfrastructure/Operational", "Provider_Name": "Microsoft-Windows-BrokerInfrastructure", "Computer": "DESKTOP-OFJ6N53", "TimeCreated": "2024-04-29 15:13:58.190716+00:00", "RecordID": "223", "Level": "4", "UserID": "S-1-5-18", "EventData.PackageFullName": "Microsoft.Windows.Search_1.14.14.19041_neutral_neutral_cw5n1h2txyewy", "EventData.EntryPointLength": "50", "EventData.EntryPoint": "Cortana.Internal.Search.ConfigPollerBackgroundTask", "EventData.UserSid": "S-1-5-21-963789628-1060504924-4285088085-1001"}
{"EventID": "6", "Channel": "Microsoft-Windows-BackgroundTaskInfrastructure/Operational", "Provider_Name": "Microsoft-Windows-BrokerInfrastructure", "Computer": "DESKTOP-OFJ6N53", "TimeCreated": "2024-04-29 15:13:58.360710+00:00", "RecordID": "224", "Level": "4", "UserID": "S-1-5-18", "EventData.PackageFullName": "MicrosoftWindows.Client.CBS_1000.19056.1000.0_x64__cw5n1h2txyewy", "EventData.EntryPointLength": "38", "EventData.EntryPoint": "IrisService.BackgroundTask.UpdateTimer", "EventData.UserSid": "S-1-5-21-963789628-1060504924-4285088085-1001"}
{"EventID": "6", "Channel": "Microsoft-Windows-BackgroundTaskInfrastructure/Operational", "Provider_Name": "Microsoft-Windows-BrokerInfrastructure", "Computer": "DESKTOP-OFJ6N53", "TimeCreated": "2024-04-29 15:25:54.007965+00:00", "RecordID": "225", "Level": "4", "UserID": "S-1-5-18", "EventData.PackageFullName": "MicrosoftWindows.Client.CBS_1000.19056.1000.0_x64__cw5n1h2txyewy", "EventData.EntryPointLength": "38", "EventData.EntryPoint": "IrisService.BackgroundTask.UpdateTimer", "EventData.UserSid": "S-1-5-21-963789628-1060504924-4285088085-1001"}
{"EventID": "6", "Channel": "Microsoft-Windows-BackgroundTaskInfrastructure/Operational", "Provider_Name": "Microsoft-Windows-BrokerInfrastructure", "Computer": "DESKTOP-OFJ6N53", "TimeCreated": "2024-04-29 15:40:47.938881+00:00", "RecordID": "226", "Level": "4", "UserID": "S-1-5-18", "EventData.PackageFullName": "MicrosoftWindows.Client.CBS_1000.19056.1000.0_x64__cw5n1h2txyewy", "EventData.EntryPointLength": "38", "EventData.EntryPoint": "IrisService.BackgroundTask.UpdateTimer", "EventData.UserSid": "S-1-5-21-963789628-1060504924-4285088085-1001"}
{"EventID": "6", "Channel": "Microsoft-Windows-BackgroundTaskInfrastructure/Operational", "Provider_Name": "Microsoft-Windows-BrokerInfrastructure", "Computer": "DESKTOP-OFJ6N53", "TimeCreated": "2024-04-29 15:55:47.973003+00:00", "RecordID": "227", "Level": "4", "UserID": "S-1-5-18", "EventData.PackageFullName": "MicrosoftWindows.Client.CBS_1000.19056.1000.0_x64__cw5n1h2txyewy", "EventData.EntryPointLength": "38", "EventData.EntryPoint": "IrisService.BackgroundTask.UpdateTimer", "EventData.UserSid": "S-1-5-21-963789628-1060504924-4285088085-1001"}
{"EventID": "6", "Channel": "Microsoft-Windows-BackgroundTaskInfrastructure/Operational", "Provider_Name": "Microsoft-Windows-BrokerInfrastructure", "Computer": "DESKTOP-OFJ6N53", "TimeCreated": "2024-04-29 16:10:47.920137+00:00", "RecordID": "228", "Level": "4", "UserID": "S-1-5-18", "EventData.PackageFullName": "MicrosoftWindows.Client.CBS_1000.19056.1000.0_x64__cw5n1h2txyewy", "EventData.EntryPointLength": "38", "EventData.EntryPoint": "IrisService.BackgroundTask.UpdateTimer", "EventData.UserSid": "S-1-5-21-963789628-1060504924-4285088085-1001"}
{"EventID": "6", "Channel": "Microsoft-Windows-BackgroundTaskInfrastructure/Operational", "Provider_Name": "Microsoft-Windows-BrokerInfrastructure", "Computer": "DESKTOP-OFJ6N53", "TimeCreated": "2024-04-29 16:25:29.862501+00:00", "RecordID": "229", "Level": "4", "UserID": "S-1-5-18", "EventData.PackageFullName": "MicrosoftWindows.Client.CBS_1000.19056.1000.0_x64__cw5n1h2txyewy", "EventData.EntryPointLength": "38", "EventData.EntryPoint": "IrisService.BackgroundTask.UpdateTimer", "EventData.UserSid": "S-1-5-21-963789628-1060504924-4285088085-1001"}
{"EventID": "6", "Channel": "Microsoft-Windows-BackgroundTaskInfrastructure/Operational", "Provider_Name": "Microsoft-Windows-BrokerInfrastructure", "Computer": "DESKTOP-OFJ6N53", "TimeCreated": "2024-04-29 16:40:47.920738+00:00", "RecordID": "230", "Level": "4", "UserID": "S-1-5-18", "EventData.PackageFullName": "MicrosoftWindows.Client.CBS_1000.19056.1000.0_x64__cw5n1h2txyewy", "EventData.EntryPointLength": "38", "EventData.EntryPoint": "IrisService.BackgroundTask.UpdateTimer", "EventData.UserSid": "S-1-5-21-963789628-1060504924-4285088085-1001"}
{"EventID": "6", "Channel": "Microsoft-Windows-BackgroundTaskInfrastructure/Operational", "Provider_Name": "Microsoft-Windows-BrokerInfrastructure", "Computer": "DESKTOP-OFJ6N53", "TimeCreated": "2024-04-29 17:29:47.658030+00:00", "RecordID": "231", "Level": "4", "UserID": "S-1-5-18", "EventData.PackageFullName": "Microsoft.Windows.Search_1.14.14.19041_neutral_neutral_cw5n1h2txyewy", "EventData.EntryPointLength": "50", "EventData.EntryPoint": "Cortana.Internal.Search.ConfigPollerBackgroundTask", "EventData.UserSid": "S-1-5-21-963789628-1060504924-4285088085-1001"}
{"EventID": "6", "Channel": "Microsoft-Windows-BackgroundTaskInfrastructure/Operational", "Provider_Name": "Microsoft-Windows-BrokerInfrastructure", "Computer": "DESKTOP-OFJ6N53", "TimeCreated": "2024-04-29 20:29:24.030554+00:00", "RecordID": "232", "Level": "4", "UserID": "S-1-5-18", "EventData.PackageFullName": "Microsoft.Windows.Search_1.14.14.19041_neutral_neutral_cw5n1h2txyewy", "EventData.EntryPointLength": "50", "EventData.EntryPoint": "Cortana.Internal.Search.ConfigPollerBackgroundTask", "EventData.UserSid": "S-1-5-21-963789628-1060504924-4285088085-1001"}
{"EventID": "6", "Channel": "Microsoft-Windows-BackgroundTaskInfrastructure/Operational", "Provider_Name": "Microsoft-Windows-BrokerInfrastructure", "Computer": "DESKTOP-OFJ6N53", "TimeCreated": "2024-05-14 04:42:43.838619+00:00", "RecordID": "233", "Level": "4", "UserID": "S-1-5-18", "EventData.PackageFullName": "Microsoft.YourPhone_1.24041.108.0_x64__8wekyb3d8bbwe", "EventData.EntryPointLength": "41", "EventData.EntryPoint": "YourPhone.Background.Tasks.BackgroundTask", "EventData.UserSid": "S-1-5-21-963789628-1060504924-4285088085-1001"}
{"EventID": "6", "Channel": "Microsoft-Windows-BackgroundTaskInfrastructure/Operational", "Provider_Name": "Microsoft-Windows-BrokerInfrastructure", "Computer": "DESKTOP-OFJ6N53", "TimeCreated": "2024-05-14 09:15:48.887070+00:00", "RecordID": "234", "Level": "4", "UserID": "S-1-5-18", "EventData.PackageFullName": "Microsoft.Windows.Search_1.14.14.19041_neutral_neutral_cw5n1h2txyewy", "EventData.EntryPointLength": "57", "EventData.EntryPoint": "Windows.ApplicationModel.Core.DefaultInProcBackgroundTask", "EventData.UserSid": "S-1-5-21-963789628-1060504924-4285088085-1001"}
{"EventID": "6", "Channel": "Microsoft-Windows-BackgroundTaskInfrastructure/Operational", "Provider_Name": "Microsoft-Windows-BrokerInfrastructure", "Computer": "DESKTOP-OFJ6N53", "TimeCreated": "2024-05-14 09:15:59.542959+00:00", "RecordID": "235", "Level": "4", "UserID": "S-1-5-18", "EventData.PackageFullName": "Microsoft.Windows.Search_1.14.14.19041_neutral_neutral_cw5n1h2txyewy", "EventData.EntryPointLength": "57", "EventData.EntryPoint": "Windows.ApplicationModel.Core.DefaultInProcBackgroundTask", "EventData.UserSid": "S-1-5-21-963789628-1060504924-4285088085-1001"}
{"EventID": "6", "Channel": "Microsoft-Windows-BackgroundTaskInfrastructure/Operational", "Provider_Name": "Microsoft-Windows-BrokerInfrastructure", "Computer": "DESKTOP-OFJ6N53", "TimeCreated": "2024-05-14 09:15:59.583565+00:00", "RecordID": "236", "Level": "4", "UserID": "S-1-5-18", "EventData.PackageFullName": "Microsoft.Windows.Search_1.14.14.19041_neutral_neutral_cw5n1h2txyewy", "EventData.EntryPointLength": "57", "EventData.EntryPoint": "Windows.ApplicationModel.Core.DefaultInProcBackgroundTask", "EventData.UserSid": "S-1-5-21-963789628-1060504924-4285088085-1001"}
{"EventID": "6", "Channel": "Microsoft-Windows-BackgroundTaskInfrastructure/Operational", "Provider_Name": "Microsoft-Windows-BrokerInfrastructure", "Computer": "DESKTOP-OFJ6N53", "TimeCreated": "2024-05-14 09:15:59.610455+00:00", "RecordID": "237", "Level": "4", "UserID": "S-1-5-18", "EventData.PackageFullName": "Microsoft.Windows.Search_1.14.14.19041_neutral_neutral_cw5n1h2txyewy", "EventData.EntryPointLength": "57", "EventData.EntryPoint": "Windows.ApplicationModel.Core.DefaultInProcBackgroundTask", "EventData.UserSid": "S-1-5-21-963789628-1060504924-4285088085-1001"}
{"EventID": "21", "Channel": "Microsoft-Windows-BackgroundTaskInfrastructure/Operational", "Provider_Name": "Microsoft-Windows-BrokerInfrastructure", "Computer": "DESKTOP-OFJ6N53", "TimeCreated": "2024-05-15 12:57:59.071234+00:00", "RecordID": "238", "Level": "4", "UserID": "S-1-5-18", "EventData.EntryPointLength": "41", "EventData.TaskEntryPoint": "YourPhone.Background.Tasks.BackgroundTask", "EventData.NameLength": "39", "EventData.TaskName": "FreIncompleteNotificationBackgroundTask", "EventData.Result": "2150040154"}
{"EventID": "21", "Channel": "Microsoft-Windows-BackgroundTaskInfrastructure/Operational", "Provider_Name": "Microsoft-Windows-BrokerInfrastructure", "Computer": "DESKTOP-OFJ6N53", "TimeCreated": "2024-05-15 12:58:48.278822+00:00", "RecordID": "239", "Level": "4", "UserID": "S-1-5-18", "EventData.EntryPointLength": "41", "EventData.TaskEntryPoint": "YourPhone.Background.Tasks.BackgroundTask", "EventData.NameLength": "39", "EventData.TaskName": "FreDeviceWatcherSchedulerBackgroundTask", "EventData.Result": "2150040154"}
{"EventID": "6", "Channel": "Microsoft-Windows-BackgroundTaskInfrastructure/Operational", "Provider_Name": "Microsoft-Windows-BrokerInfrastructure", "Computer": "DESKTOP-OFJ6N53", "TimeCreated": "2024-05-15 13:49:36.431623+00:00", "RecordID": "240", "Level": "4", "UserID": "S-1-5-18", "EventData.PackageFullName": "Microsoft.Windows.Search_1.14.15.19041_neutral_neutral_cw5n1h2txyewy", "EventData.EntryPointLength": "57", "EventData.EntryPoint": "Windows.ApplicationModel.Core.DefaultInProcBackgroundTask", "EventData.UserSid": "S-1-5-21-963789628-1060504924-4285088085-1001"}
{"EventID": "6", "Channel": "Microsoft-Windows-BackgroundTaskInfrastructure/Operational", "Provider_Name": "Microsoft-Windows-BrokerInfrastructure", "Computer": "DESKTOP-OFJ6N53", "TimeCreated": "2024-05-15 13:51:48.111626+00:00", "RecordID": "241", "Level": "4", "UserID": "S-1-5-18", "EventData.PackageFullName": "Microsoft.YourPhone_1.24041.108.0_x64__8wekyb3d8bbwe", "EventData.EntryPointLength": "41", "EventData.EntryPoint": "YourPhone.Background.Tasks.BackgroundTask", "EventData.UserSid": "S-1-5-21-963789628-1060504924-4285088085-1001"}
{"EventID": "6", "Channel": "Microsoft-Windows-BackgroundTaskInfrastructure/Operational", "Provider_Name": "Microsoft-Windows-BrokerInfrastructure", "Computer": "DESKTOP-OFJ6N53", "TimeCreated": "2024-05-15 13:51:48.800571+00:00", "RecordID": "242", "Level": "4", "UserID": "S-1-5-18", "EventData.PackageFullName": "Microsoft.YourPhone_1.24041.108.0_x64__8wekyb3d8bbwe", "EventData.EntryPointLength": "41", "EventData.EntryPoint": "YourPhone.Background.Tasks.BackgroundTask", "EventData.UserSid": "S-1-5-21-963789628-1060504924-4285088085-1001"}
{"EventID": "6", "Channel": "Microsoft-Windows-BackgroundTaskInfrastructure/Operational", "Provider_Name": "Microsoft-Windows-BrokerInfrastructure", "Computer": "DESKTOP-OFJ6N53", "TimeCreated": "2024-05-15 13:57:05.313480+00:00", "RecordID": "243", "Level": "4", "UserID": "S-1-5-18", "EventData.PackageFullName": "Microsoft.Windows.Search_1.14.15.19041_neutral_neutral_cw5n1h2txyewy", "EventData.EntryPointLength": "57", "EventData.EntryPoint": "Windows.ApplicationModel.Core.DefaultInProcBackgroundTask", "EventData.UserSid": "S-1-5-21-963789628-1060504924-4285088085-1001"}
{"EventID": "6", "Channel": "Microsoft-Windows-BackgroundTaskInfrastructure/Operational", "Provider_Name": "Microsoft-Windows-BrokerInfrastructure", "Computer": "DESKTOP-OFJ6N53", "TimeCreated": "2024-05-16 23:19:59.920120+00:00", "RecordID": "244", "Level": "4", "UserID": "S-1-5-18", "EventData.PackageFullName": "Microsoft.Windows.Search_1.14.15.19041_neutral_neutral_cw5n1h2txyewy", "EventData.EntryPointLength": "57", "EventData.EntryPoint": "Windows.ApplicationModel.Core.DefaultInProcBackgroundTask", "EventData.UserSid": "S-1-5-21-963789628-1060504924-4285088085-1001"}
{"EventID": "6", "Channel": "Microsoft-Windows-BackgroundTaskInfrastructure/Operational", "Provider_Name": "Microsoft-Windows-BrokerInfrastructure", "Computer": "DESKTOP-OFJ6N53", "TimeCreated": "2024-05-21 10:07:23.853193+00:00", "RecordID": "245", "Level": "4", "UserID": "S-1-5-18", "EventData.PackageFullName": "Microsoft.Windows.Search_1.14.15.19041_neutral_neutral_cw5n1h2txyewy", "EventData.EntryPointLength": "57", "EventData.EntryPoint": "Windows.ApplicationModel.Core.DefaultInProcBackgroundTask", "EventData.UserSid": "S-1-5-21-963789628-1060504924-4285088085-1001"}
{"EventID": "6", "Channel": "Microsoft-Windows-BackgroundTaskInfrastructure/Operational", "Provider_Name": "Microsoft-Windows-BrokerInfrastructure", "Computer": "DESKTOP-OFJ6N53", "TimeCreated": "2024-05-21 10:08:11.641638+00:00", "RecordID": "246", "Level": "4", "UserID": "S-1-5-18", "EventData.PackageFullName": "Microsoft.Windows.Search_1.14.15.19041_neutral_neutral_cw5n1h2txyewy", "EventData.EntryPointLength": "57", "EventData.EntryPoint": "Windows.ApplicationModel.Core.DefaultInProcBackgroundTask", "EventData.UserSid": "S-1-5-21-963789628-1060504924-4285088085-1001"}
{"EventID": "6", "Channel": "Microsoft-Windows-BackgroundTaskInfrastructure/Operational", "Provider_Name": "Microsoft-Windows-BrokerInfrastructure", "Computer": "DESKTOP-OFJ6N53", "TimeCreated": "2024-05-23 14:29:53.057114+00:00", "RecordID": "247", "Level": "4", "UserID": "S-1-5-18", "EventData.PackageFullName": "Microsoft.Windows.Search_1.14.15.19041_neutral_neutral_cw5n1h2txyewy", "EventData.EntryPointLength": "50", "EventData.EntryPoint": "Cortana.Internal.Search.ConfigPollerBackgroundTask", "EventData.UserSid": "S-1-5-21-963789628-1060504924-4285088085-1001"}
{"EventID": "6", "Channel": "Microsoft-Windows-BackgroundTaskInfrastructure/Operational", "Provider_Name": "Microsoft-Windows-BrokerInfrastructure", "Computer": "DESKTOP-OFJ6N53", "TimeCreated": "2024-05-28 03:40:22.712107+00:00", "RecordID": "248", "Level": "4", "UserID": "S-1-5-18", "EventData.PackageFullName": "Microsoft.YourPhone_1.24042.107.0_x64__8wekyb3d8bbwe", "EventData.EntryPointLength": "41", "EventData.EntryPoint": "YourPhone.Background.Tasks.BackgroundTask", "EventData.UserSid": "S-1-5-21-963789628-1060504924-4285088085-1001"}
{"EventID": "6", "Channel": "Microsoft-Windows-BackgroundTaskInfrastructure/Operational", "Provider_Name": "Microsoft-Windows-BrokerInfrastructure", "Computer": "DESKTOP-OFJ6N53", "TimeCreated": "2024-05-28 12:32:25.009020+00:00", "RecordID": "249", "Level": "4", "UserID": "S-1-5-18", "EventData.PackageFullName": "Microsoft.Windows.Search_1.14.15.19041_neutral_neutral_cw5n1h2txyewy", "EventData.EntryPointLength": "57", "EventData.EntryPoint": "Windows.ApplicationModel.Core.DefaultInProcBackgroundTask", "EventData.UserSid": "S-1-5-21-963789628-1060504924-4285088085-1001"}
{"EventID": "6", "Channel": "Microsoft-Windows-BackgroundTaskInfrastructure/Operational", "Provider_Name": "Microsoft-Windows-BrokerInfrastructure", "Computer": "DESKTOP-OFJ6N53", "TimeCreated": "2024-05-31 10:50:37.418243+00:00", "RecordID": "250", "Level": "4", "UserID": "S-1-5-18", "EventData.PackageFullName": "Microsoft.Windows.Search_1.14.15.19041_neutral_neutral_cw5n1h2txyewy", "EventData.EntryPointLength": "57", "EventData.EntryPoint": "Windows.ApplicationModel.Core.DefaultInProcBackgroundTask", "EventData.UserSid": "S-1-5-21-963789628-1060504924-4285088085-1001"}
{"EventID": "6", "Channel": "Microsoft-Windows-BackgroundTaskInfrastructure/Operational", "Provider_Name": "Microsoft-Windows-BrokerInfrastructure", "Computer": "DESKTOP-OFJ6N53", "TimeCreated": "2024-06-05 15:28:16.191967+00:00", "RecordID": "251", "Level": "4", "UserID": "S-1-5-18", "EventData.PackageFullName": "Microsoft.YourPhone_1.24051.101.0_x64__8wekyb3d8bbwe", "EventData.EntryPointLength": "37", "EventData.EntryPoint": "YourPhone.Background.Tasks.UpdateTask", "EventData.UserSid": "S-1-5-21-963789628-1060504924-4285088085-1001"}
{"EventID": "6", "Channel": "Microsoft-Windows-BackgroundTaskInfrastructure/Operational", "Provider_Name": "Microsoft-Windows-BrokerInfrastructure", "Computer": "DESKTOP-OFJ6N53", "TimeCreated": "2024-06-05 15:28:17.258780+00:00", "RecordID": "252", "Level": "4", "UserID": "S-1-5-18", "EventData.PackageFullName": "Microsoft.YourPhone_1.24051.101.0_x64__8wekyb3d8bbwe", "EventData.EntryPointLength": "41", "EventData.EntryPoint": "YourPhone.Background.Tasks.BackgroundTask", "EventData.UserSid": "S-1-5-21-963789628-1060504924-4285088085-1001"}
{"EventID": "6", "Channel": "Microsoft-Windows-BackgroundTaskInfrastructure/Operational", "Provider_Name": "Microsoft-Windows-BrokerInfrastructure", "Computer": "DESKTOP-OFJ6N53", "TimeCreated": "2024-06-07 11:24:36.202158+00:00", "RecordID": "253", "Level": "4", "UserID": "S-1-5-18", "EventData.PackageFullName": "Microsoft.Windows.Search_1.14.15.19041_neutral_neutral_cw5n1h2txyewy", "EventData.EntryPointLength": "57", "EventData.EntryPoint": "Windows.ApplicationModel.Core.DefaultInProcBackgroundTask", "EventData.UserSid": "S-1-5-21-963789628-1060504924-4285088085-1001"}
{"EventID": "6", "Channel": "Microsoft-Windows-BackgroundTaskInfrastructure/Operational", "Provider_Name": "Microsoft-Windows-BrokerInfrastructure", "Computer": "DESKTOP-OFJ6N53", "TimeCreated": "2024-06-13 10:04:24.562431+00:00", "RecordID": "254", "Level": "4", "UserID": "S-1-5-18", "EventData.PackageFullName": "Microsoft.Windows.Search_1.14.15.19041_neutral_neutral_cw5n1h2txyewy", "EventData.EntryPointLength": "57", "EventData.EntryPoint": "Windows.ApplicationModel.Core.DefaultInProcBackgroundTask", "EventData.UserSid": "S-1-5-21-963789628-1060504924-4285088085-1001"}
{"EventID": "6", "Channel": "Microsoft-Windows-BackgroundTaskInfrastructure/Operational", "Provider_Name": "Microsoft-Windows-BrokerInfrastructure", "Computer": "DESKTOP-OFJ6N53", "TimeCreated": "2024-07-01 23:21:11.267693+00:00", "RecordID": "255", "Level": "4", "UserID": "S-1-5-18", "EventData.PackageFullName": "Microsoft.YourPhone_1.24052.124.0_x64__8wekyb3d8bbwe", "EventData.EntryPointLength": "41", "EventData.EntryPoint": "YourPhone.Background.Tasks.BackgroundTask", "EventData.UserSid": "S-1-5-21-963789628-1060504924-4285088085-1001"}
{"EventID": "6", "Channel": "Microsoft-Windows-BackgroundTaskInfrastructure/Operational", "Provider_Name": "Microsoft-Windows-BrokerInfrastructure", "Computer": "DESKTOP-OFJ6N53", "TimeCreated": "2024-07-02 10:43:34.069340+00:00", "RecordID": "256", "Level": "4", "UserID": "S-1-5-18", "EventData.PackageFullName": "Microsoft.YourPhone_1.24061.93.0_x64__8wekyb3d8bbwe", "EventData.EntryPointLength": "37", "EventData.EntryPoint": "YourPhone.Background.Tasks.UpdateTask", "EventData.UserSid": "S-1-5-21-963789628-1060504924-4285088085-1001"}
{"EventID": "6", "Channel": "Microsoft-Windows-BackgroundTaskInfrastructure/Operational", "Provider_Name": "Microsoft-Windows-BrokerInfrastructure", "Computer": "DESKTOP-OFJ6N53", "TimeCreated": "2024-07-02 22:38:30.246710+00:00", "RecordID": "257", "Level": "4", "UserID": "S-1-5-18", "EventData.PackageFullName": "Microsoft.YourPhone_1.24061.93.0_x64__8wekyb3d8bbwe", "EventData.EntryPointLength": "41", "EventData.EntryPoint": "YourPhone.Background.Tasks.BackgroundTask", "EventData.UserSid": "S-1-5-21-963789628-1060504924-4285088085-1001"}
{"EventID": "6", "Channel": "Microsoft-Windows-BackgroundTaskInfrastructure/Operational", "Provider_Name": "Microsoft-Windows-BrokerInfrastructure", "Computer": "DESKTOP-OFJ6N53", "TimeCreated": "2024-07-04 10:13:20.679960+00:00", "RecordID": "258", "Level": "4", "UserID": "S-1-5-18", "EventData.PackageFullName": "Microsoft.Windows.Search_1.14.15.19041_neutral_neutral_cw5n1h2txyewy", "EventData.EntryPointLength": "57", "EventData.EntryPoint": "Windows.ApplicationModel.Core.DefaultInProcBackgroundTask", "EventData.UserSid": "S-1-5-21-963789628-1060504924-4285088085-1001"}
{"EventID": "6", "Channel": "Microsoft-Windows-BackgroundTaskInfrastructure/Operational", "Provider_Name": "Microsoft-Windows-BrokerInfrastructure", "Computer": "DESKTOP-OFJ6N53", "TimeCreated": "2024-07-04 10:13:51.003445+00:00", "RecordID": "259", "Level": "4", "UserID": "S-1-5-18", "EventData.PackageFullName": "Microsoft.Windows.Search_1.14.15.19041_neutral_neutral_cw5n1h2txyewy", "EventData.EntryPointLength": "57", "EventData.EntryPoint": "Windows.ApplicationModel.Core.DefaultInProcBackgroundTask", "EventData.UserSid": "S-1-5-21-963789628-1060504924-4285088085-1001"}
{"EventID": "6", "Channel": "Microsoft-Windows-BackgroundTaskInfrastructure/Operational", "Provider_Name": "Microsoft-Windows-BrokerInfrastructure", "Computer": "DESKTOP-OFJ6N53", "TimeCreated": "2024-07-04 10:13:58.591579+00:00", "RecordID": "260", "Level": "4", "UserID": "S-1-5-18", "EventData.PackageFullName": "Microsoft.Windows.Search_1.14.15.19041_neutral_neutral_cw5n1h2txyewy", "EventData.EntryPointLength": "57", "EventData.EntryPoint": "Windows.ApplicationModel.Core.DefaultInProcBackgroundTask", "EventData.UserSid": "S-1-5-21-963789628-1060504924-4285088085-1001"}
{"EventID": "6", "Channel": "Microsoft-Windows-BackgroundTaskInfrastructure/Operational", "Provider_Name": "Microsoft-Windows-BrokerInfrastructure", "Computer": "DESKTOP-OFJ6N53", "TimeCreated": "2024-07-04 10:13:58.595701+00:00", "RecordID": "261", "Level": "4", "UserID": "S-1-5-18", "EventData.PackageFullName": "Microsoft.Windows.Search_1.14.15.19041_neutral_neutral_cw5n1h2txyewy", "EventData.EntryPointLength": "57", "EventData.EntryPoint": "Windows.ApplicationModel.Core.DefaultInProcBackgroundTask", "EventData.UserSid": "S-1-5-21-963789628-1060504924-4285088085-1001"}
{"EventID": "6", "Channel": "Microsoft-Windows-BackgroundTaskInfrastructure/Operational", "Provider_Name": "Microsoft-Windows-BrokerInfrastructure", "Computer": "DESKTOP-OFJ6N53", "TimeCreated": "2024-07-04 10:13:58.596802+00:00", "RecordID": "262", "Level": "4", "UserID": "S-1-5-18", "EventData.PackageFullName": "Microsoft.Windows.Search_1.14.15.19041_neutral_neutral_cw5n1h2txyewy", "EventData.EntryPointLength": "57", "EventData.EntryPoint": "Windows.ApplicationModel.Core.DefaultInProcBackgroundTask", "EventData.UserSid": "S-1-5-21-963789628-1060504924-4285088085-1001"}
{"EventID": "21", "Channel": "Microsoft-Windows-BackgroundTaskInfrastructure/Operational", "Provider_Name": "Microsoft-Windows-BrokerInfrastructure", "Computer": "DESKTOP-OFJ6N53", "TimeCreated": "2024-07-22 07:25:54.738632+00:00", "RecordID": "263", "Level": "4", "UserID": "S-1-5-18", "EventData.EntryPointLength": "54", "EventData.TaskEntryPoint": "ContentDeliveryManager.Background.RemediateContentTask", "EventData.NameLength": "54", "EventData.TaskName": "ContentDeliveryManager.Background.RemediateContentTask", "EventData.Result": "2150040155"}
{"EventID": "21", "Channel": "Microsoft-Windows-BackgroundTaskInfrastructure/Operational", "Provider_Name": "Microsoft-Windows-BrokerInfrastructure", "Computer": "DESKTOP-OFJ6N53", "TimeCreated": "2024-07-22 07:25:55.448589+00:00", "RecordID": "264", "Level": "4", "UserID": "S-1-5-18", "EventData.EntryPointLength": "54", "EventData.TaskEntryPoint": "ContentDeliveryManager.Background.RemediateContentTask", "EventData.NameLength": "54", "EventData.TaskName": "ContentDeliveryManager.Background.RemediateContentTask", "EventData.Result": "2150040155"}
{"EventID": "21", "Channel": "Microsoft-Windows-BackgroundTaskInfrastructure/Operational", "Provider_Name": "Microsoft-Windows-BrokerInfrastructure", "Computer": "DESKTOP-OFJ6N53", "TimeCreated": "2024-07-22 07:25:56.529474+00:00", "RecordID": "265", "Level": "4", "UserID": "S-1-5-18", "EventData.EntryPointLength": "54", "EventData.TaskEntryPoint": "ContentDeliveryManager.Background.RemediateContentTask", "EventData.NameLength": "54", "EventData.TaskName": "ContentDeliveryManager.Background.RemediateContentTask", "EventData.Result": "2150040155"}
{"EventID": "21", "Channel": "Microsoft-Windows-BackgroundTaskInfrastructure/Operational", "Provider_Name": "Microsoft-Windows-BrokerInfrastructure", "Computer": "DESKTOP-OFJ6N53", "TimeCreated": "2024-07-22 07:25:57.297586+00:00", "RecordID": "266", "Level": "4", "UserID": "S-1-5-18", "EventData.EntryPointLength": "54", "EventData.TaskEntryPoint": "ContentDeliveryManager.Background.RemediateContentTask", "EventData.NameLength": "54", "EventData.TaskName": "ContentDeliveryManager.Background.RemediateContentTask", "EventData.Result": "2150040155"}
{"EventID": "21", "Channel": "Microsoft-Windows-BackgroundTaskInfrastructure/Operational", "Provider_Name": "Microsoft-Windows-BrokerInfrastructure", "Computer": "DESKTOP-OFJ6N53", "TimeCreated": "2024-07-22 07:25:58.286367+00:00", "RecordID": "267", "Level": "4", "UserID": "S-1-5-18", "EventData.EntryPointLength": "54", "EventData.TaskEntryPoint": "ContentDeliveryManager.Background.RemediateContentTask", "EventData.NameLength": "54", "EventData.TaskName": "ContentDeliveryManager.Background.RemediateContentTask", "EventData.Result": "2150040155"}
{"EventID": "6", "Channel": "Microsoft-Windows-BackgroundTaskInfrastructure/Operational", "Provider_Name": "Microsoft-Windows-BrokerInfrastructure", "Computer": "DESKTOP-OFJ6N53", "TimeCreated": "2024-08-28 09:29:05.924936+00:00", "RecordID": "268", "Level": "4", "UserID": "S-1-5-18", "EventData.PackageFullName": "Microsoft.Windows.Search_1.14.15.19041_neutral_neutral_cw5n1h2txyewy", "EventData.EntryPointLength": "57", "EventData.EntryPoint": "Windows.ApplicationModel.Core.DefaultInProcBackgroundTask", "EventData.UserSid": "S-1-5-21-963789628-1060504924-4285088085-1001"}
