{"EventID": "100", "Channel": "Microsoft-Windows-Security-SPP-UX-Notifications/ActionCenter", "Provider_Name": "Microsoft-Windows-Security-SPP-UX-Notifications", "Computer": "DESKTOP-OFJ6N53", "TimeCreated": "2023-02-14 14:08:40.884558+00:00", "RecordID": "761", "Level": "3", "UserID": "S-1-5-20", "EventData.hc_stateid": "2"}
{"EventID": "100", "Channel": "Microsoft-Windows-Security-SPP-UX-Notifications/ActionCenter", "Provider_Name": "Microsoft-Windows-Security-SPP-UX-Notifications", "Computer": "DESKTOP-OFJ6N53", "TimeCreated": "2023-02-14 14:13:47.576757+00:00", "RecordID": "762", "Level": "3", "UserID": "S-1-5-20", "EventData.hc_stateid": "2"}
{"EventID": "100", "Channel": "Microsoft-Windows-Security-SPP-UX-Notifications/ActionCenter", "Provider_Name": "Microsoft-Windows-Security-SPP-UX-Notifications", "Computer": "DESKTOP-OFJ6N53", "TimeCreated": "2023-02-14 14:14:02.091022+00:00", "RecordID": "763", "Level": "3", "UserID": "S-1-5-20", "EventData.hc_stateid": "2"}
{"EventID": "100", "Channel": "Microsoft-Windows-Security-SPP-UX-Notifications/ActionCenter", "Provider_Name": "Microsoft-Windows-Security-SPP-UX-Notifications", "Computer": "DESKTOP-OFJ6N53", "TimeCreated": "2023-02-14 14:19:27.075085+00:00", "RecordID": "764", "Level": "3", "UserID": "S-1-5-20", "EventData.hc_stateid": "2"}
{"EventID": "100", "Channel": "Microsoft-Windows-Security-SPP-UX-Notifications/ActionCenter", "Provider_Name": "Microsoft-Windows-Security-SPP-UX-Notifications", "Computer": "DESKTOP-OFJ6N53", "TimeCreated": "2023-02-14 14:22:24.420238+00:00", "RecordID": "765", "Level": "3", "UserID": "S-1-5-20", "EventData.hc_stateid": "2"}
{"EventID": "100", "Channel": "Microsoft-Windows-Security-SPP-UX-Notifications/ActionCenter", "Provider_Name": "Microsoft-Windows-Security-SPP-UX-Notifications", "Computer": "DESKTOP-OFJ6N53", "TimeCreated": "2023-02-14 14:25:06.982580+00:00", "RecordID": "766", "Level": "3", "UserID": "S-1-5-20", "EventData.hc_stateid": "2"}
{"EventID": "100", "Channel": "Microsoft-Windows-Security-SPP-UX-Notifications/ActionCenter", "Provider_Name": "Microsoft-Windows-Security-SPP-UX-Notifications", "Computer": "DESKTOP-OFJ6N53", "TimeCreated": "2023-02-14 14:28:58.034956+00:00", "RecordID": "767", "Level": "3", "UserID": "S-1-5-20", "EventData.hc_stateid": "2"}
{"EventID": "100", "Channel": "Microsoft-Windows-Security-SPP-UX-Notifications/ActionCenter", "Provider_Name": "Microsoft-Windows-Security-SPP-UX-Notifications", "Computer": "DESKTOP-OFJ6N53", "TimeCreated": "2023-02-14 14:31:38.446693+00:00", "RecordID": "768", "Level": "3", "UserID": "S-1-5-20", "EventData.hc_stateid": "2"}
{"EventID": "100", "Channel": "Microsoft-Windows-Security-SPP-UX-Notifications/ActionCenter", "Provider_Name": "Microsoft-Windows-Security-SPP-UX-Notifications", "Computer": "DESKTOP-OFJ6N53", "TimeCreated": "2023-02-14 14:50:14.005011+00:00", "RecordID": "769", "Level": "3", "UserID": "S-1-5-20", "EventData.hc_stateid": "2"}
{"EventID": "100", "Channel": "Microsoft-Windows-Security-SPP-UX-Notifications/ActionCenter", "Provider_Name": "Microsoft-Windows-Security-SPP-UX-Notifications", "Computer": "DESKTOP-OFJ6N53", "TimeCreated": "2023-02-14 14:56:28.590109+00:00", "RecordID": "770", "Level": "3", "UserID": "S-1-5-20", "EventData.hc_stateid": "2"}
{"EventID": "100", "Channel": "Microsoft-Windows-Security-SPP-UX-Notifications/ActionCenter", "Provider_Name": "Microsoft-Windows-Security-SPP-UX-Notifications", "Computer": "DESKTOP-OFJ6N53", "TimeCreated": "2023-02-14 15:16:03.695805+00:00", "RecordID": "771", "Level": "3", "UserID": "S-1-5-20", "EventData.hc_stateid": "2"}
{"EventID": "100", "Channel": "Microsoft-Windows-Security-SPP-UX-Notifications/ActionCenter", "Provider_Name": "Microsoft-Windows-Security-SPP-UX-Notifications", "Computer": "DESKTOP-OFJ6N53", "TimeCreated": "2023-02-14 16:04:53.268425+00:00", "RecordID": "772", "Level": "3", "UserID": "S-1-5-20", "EventData.hc_stateid": "2"}
{"EventID": "100", "Channel": "Microsoft-Windows-Security-SPP-UX-Notifications/ActionCenter", "Provider_Name": "Microsoft-Windows-Security-SPP-UX-Notifications", "Computer": "DESKTOP-OFJ6N53", "TimeCreated": "2023-02-14 16:23:53.919680+00:00", "RecordID": "773", "Level": "3", "UserID": "S-1-5-20", "EventData.hc_stateid": "2"}
{"EventID": "100", "Channel": "Microsoft-Windows-Security-SPP-UX-Notifications/ActionCenter", "Provider_Name": "Microsoft-Windows-Security-SPP-UX-Notifications", "Computer": "DESKTOP-OFJ6N53", "TimeCreated": "2023-02-14 17:48:12.414597+00:00", "RecordID": "774", "Level": "3", "UserID": "S-1-5-20", "EventData.hc_stateid": "2"}
{"EventID": "100", "Channel": "Microsoft-Windows-Security-SPP-UX-Notifications/ActionCenter", "Provider_Name": "Microsoft-Windows-Security-SPP-UX-Notifications", "Computer": "DESKTOP-OFJ6N53", "TimeCreated": "2023-02-14 18:27:13.481945+00:00", "RecordID": "775", "Level": "3", "UserID": "S-1-5-20", "EventData.hc_stateid": "2"}
{"EventID": "100", "Channel": "Microsoft-Windows-Security-SPP-UX-Notifications/ActionCenter", "Provider_Name": "Microsoft-Windows-Security-SPP-UX-Notifications", "Computer": "DESKTOP-OFJ6N53", "TimeCreated": "2023-02-14 19:25:04.704206+00:00", "RecordID": "776", "Level": "3", "UserID": "S-1-5-20", "EventData.hc_stateid": "2"}
{"EventID": "100", "Channel": "Microsoft-Windows-Security-SPP-UX-Notifications/ActionCenter", "Provider_Name": "Microsoft-Windows-Security-SPP-UX-Notifications", "Computer": "DESKTOP-OFJ6N53", "TimeCreated": "2023-02-15 12:52:46.034269+00:00", "RecordID": "777", "Level": "3", "UserID": "S-1-5-20", "EventData.hc_stateid": "2"}
{"EventID": "100", "Channel": "Microsoft-Windows-Security-SPP-UX-Notifications/ActionCenter", "Provider_Name": "Microsoft-Windows-Security-SPP-UX-Notifications", "Computer": "DESKTOP-OFJ6N53", "TimeCreated": "2023-02-15 12:53:42.068663+00:00", "RecordID": "778", "Level": "3", "UserID": "S-1-5-20", "EventData.hc_stateid": "2"}
{"EventID": "100", "Channel": "Microsoft-Windows-Security-SPP-UX-Notifications/ActionCenter", "Provider_Name": "Microsoft-Windows-Security-SPP-UX-Notifications", "Computer": "DESKTOP-OFJ6N53", "TimeCreated": "2023-02-27 12:53:40.090305+00:00", "RecordID": "779", "Level": "3", "UserID": "S-1-5-20", "EventData.hc_stateid": "2"}
{"EventID": "100", "Channel": "Microsoft-Windows-Security-SPP-UX-Notifications/ActionCenter", "Provider_Name": "Microsoft-Windows-Security-SPP-UX-Notifications", "Computer": "DESKTOP-OFJ6N53", "TimeCreated": "2023-02-27 12:58:34.182135+00:00", "RecordID": "780", "Level": "3", "UserID": "S-1-5-20", "EventData.hc_stateid": "2"}
{"EventID": "100", "Channel": "Microsoft-Windows-Security-SPP-UX-Notifications/ActionCenter", "Provider_Name": "Microsoft-Windows-Security-SPP-UX-Notifications", "Computer": "DESKTOP-OFJ6N53", "TimeCreated": "2023-02-27 12:59:51.851873+00:00", "RecordID": "781", "Level": "3", "UserID": "S-1-5-20", "EventData.hc_stateid": "2"}
{"EventID": "100", "Channel": "Microsoft-Windows-Security-SPP-UX-Notifications/ActionCenter", "Provider_Name": "Microsoft-Windows-Security-SPP-UX-Notifications", "Computer": "DESKTOP-OFJ6N53", "TimeCreated": "2023-02-27 13:23:00.475628+00:00", "RecordID": "782", "Level": "3", "UserID": "S-1-5-20", "EventData.hc_stateid": "2"}
{"EventID": "100", "Channel": "Microsoft-Windows-Security-SPP-UX-Notifications/ActionCenter", "Provider_Name": "Microsoft-Windows-Security-SPP-UX-Notifications", "Computer": "DESKTOP-OFJ6N53", "TimeCreated": "2023-02-27 14:39:35.603760+00:00", "RecordID": "783", "Level": "3", "UserID": "S-1-5-20", "EventData.hc_stateid": "2"}
{"EventID": "100", "Channel": "Microsoft-Windows-Security-SPP-UX-Notifications/ActionCenter", "Provider_Name": "Microsoft-Windows-Security-SPP-UX-Notifications", "Computer": "DESKTOP-OFJ6N53", "TimeCreated": "2023-02-27 15:12:02.806988+00:00", "RecordID": "784", "Level": "3", "UserID": "S-1-5-20", "EventData.hc_stateid": "2"}
{"EventID": "100", "Channel": "Microsoft-Windows-Security-SPP-UX-Notifications/ActionCenter", "Provider_Name": "Microsoft-Windows-Security-SPP-UX-Notifications", "Computer": "DESKTOP-OFJ6N53", "TimeCreated": "2023-02-27 16:10:29.344616+00:00", "RecordID": "785", "Level": "3", "UserID": "S-1-5-20", "EventData.hc_stateid": "2"}
{"EventID": "100", "Channel": "Microsoft-Windows-Security-SPP-UX-Notifications/ActionCenter", "Provider_Name": "Microsoft-Windows-Security-SPP-UX-Notifications", "Computer": "DESKTOP-OFJ6N53", "TimeCreated": "2023-02-27 16:41:40.713789+00:00", "RecordID": "786", "Level": "3", "UserID": "S-1-5-20", "EventData.hc_stateid": "2"}
{"EventID": "100", "Channel": "Microsoft-Windows-Security-SPP-UX-Notifications/ActionCenter", "Provider_Name": "Microsoft-Windows-Security-SPP-UX-Notifications", "Computer": "DESKTOP-OFJ6N53", "TimeCreated": "2023-02-27 19:07:11.508440+00:00", "RecordID": "787", "Level": "3", "UserID": "S-1-5-20", "EventData.hc_stateid": "2"}
{"EventID": "100", "Channel": "Microsoft-Windows-Security-SPP-UX-Notifications/ActionCenter", "Provider_Name": "Microsoft-Windows-Security-SPP-UX-Notifications", "Computer": "DESKTOP-OFJ6N53", "TimeCreated": "2023-03-01 10:20:07.787037+00:00", "RecordID": "788", "Level": "3", "UserID": "S-1-5-20", "EventData.hc_stateid": "2"}
{"EventID": "100", "Channel": "Microsoft-Windows-Security-SPP-UX-Notifications/ActionCenter", "Provider_Name": "Microsoft-Windows-Security-SPP-UX-Notifications", "Computer": "DESKTOP-OFJ6N53", "TimeCreated": "2023-03-02 15:22:34.141958+00:00", "RecordID": "789", "Level": "3", "UserID": "S-1-5-20", "EventData.hc_stateid": "2"}
{"EventID": "100", "Channel": "Microsoft-Windows-Security-SPP-UX-Notifications/ActionCenter", "Provider_Name": "Microsoft-Windows-Security-SPP-UX-Notifications", "Computer": "DESKTOP-OFJ6N53", "TimeCreated": "2023-03-02 15:22:35.343376+00:00", "RecordID": "790", "Level": "3", "UserID": "S-1-5-20", "EventData.hc_stateid": "2"}
{"EventID": "100", "Channel": "Microsoft-Windows-Security-SPP-UX-Notifications/ActionCenter", "Provider_Name": "Microsoft-Windows-Security-SPP-UX-Notifications", "Computer": "DESKTOP-OFJ6N53", "TimeCreated": "2023-03-02 15:27:37.453197+00:00", "RecordID": "791", "Level": "3", "UserID": "S-1-5-20", "EventData.hc_stateid": "2"}
{"EventID": "100", "Channel": "Microsoft-Windows-Security-SPP-UX-Notifications/ActionCenter", "Provider_Name": "Microsoft-Windows-Security-SPP-UX-Notifications", "Computer": "DESKTOP-OFJ6N53", "TimeCreated": "2023-03-02 15:27:38.566658+00:00", "RecordID": "792", "Level": "3", "UserID": "S-1-5-20", "EventData.hc_stateid": "2"}
{"EventID": "100", "Channel": "Microsoft-Windows-Security-SPP-UX-Notifications/ActionCenter", "Provider_Name": "Microsoft-Windows-Security-SPP-UX-Notifications", "Computer": "DESKTOP-OFJ6N53", "TimeCreated": "2023-03-02 15:29:31.137016+00:00", "RecordID": "793", "Level": "3", "UserID": "S-1-5-20", "EventData.hc_stateid": "2"}
{"EventID": "100", "Channel": "Microsoft-Windows-Security-SPP-UX-Notifications/ActionCenter", "Provider_Name": "Microsoft-Windows-Security-SPP-UX-Notifications", "Computer": "DESKTOP-OFJ6N53", "TimeCreated": "2023-03-02 15:29:32.306959+00:00", "RecordID": "794", "Level": "3", "UserID": "S-1-5-20", "EventData.hc_stateid": "2"}
{"EventID": "100", "Channel": "Microsoft-Windows-Security-SPP-UX-Notifications/ActionCenter", "Provider_Name": "Microsoft-Windows-Security-SPP-UX-Notifications", "Computer": "DESKTOP-OFJ6N53", "TimeCreated": "2023-03-03 11:30:31.049301+00:00", "RecordID": "795", "Level": "3", "UserID": "S-1-5-20", "EventData.hc_stateid": "2"}
{"EventID": "100", "Channel": "Microsoft-Windows-Security-SPP-UX-Notifications/ActionCenter", "Provider_Name": "Microsoft-Windows-Security-SPP-UX-Notifications", "Computer": "DESKTOP-OFJ6N53", "TimeCreated": "2023-03-03 13:22:14.083588+00:00", "RecordID": "796", "Level": "3", "UserID": "S-1-5-20", "EventData.hc_stateid": "2"}
{"EventID": "100", "Channel": "Microsoft-Windows-Security-SPP-UX-Notifications/ActionCenter", "Provider_Name": "Microsoft-Windows-Security-SPP-UX-Notifications", "Computer": "DESKTOP-OFJ6N53", "TimeCreated": "2023-03-03 13:23:21.921276+00:00", "RecordID": "797", "Level": "3", "UserID": "S-1-5-20", "EventData.hc_stateid": "2"}
{"EventID": "100", "Channel": "Microsoft-Windows-Security-SPP-UX-Notifications/ActionCenter", "Provider_Name": "Microsoft-Windows-Security-SPP-UX-Notifications", "Computer": "DESKTOP-OFJ6N53", "TimeCreated": "2023-03-03 13:23:22.978569+00:00", "RecordID": "798", "Level": "3", "UserID": "S-1-5-20", "EventData.hc_stateid": "2"}
{"EventID": "100", "Channel": "Microsoft-Windows-Security-SPP-UX-Notifications/ActionCenter", "Provider_Name": "Microsoft-Windows-Security-SPP-UX-Notifications", "Computer": "DESKTOP-OFJ6N53", "TimeCreated": "2023-03-04 13:23:24.728579+00:00", "RecordID": "799", "Level": "3", "UserID": "S-1-5-20", "EventData.hc_stateid": "2"}
{"EventID": "100", "Channel": "Microsoft-Windows-Security-SPP-UX-Notifications/ActionCenter", "Provider_Name": "Microsoft-Windows-Security-SPP-UX-Notifications", "Computer": "DESKTOP-OFJ6N53", "TimeCreated": "2023-03-04 21:48:05.266504+00:00", "RecordID": "800", "Level": "3", "UserID": "S-1-5-20", "EventData.hc_stateid": "2"}
{"EventID": "100", "Channel": "Microsoft-Windows-Security-SPP-UX-Notifications/ActionCenter", "Provider_Name": "Microsoft-Windows-Security-SPP-UX-Notifications", "Computer": "DESKTOP-OFJ6N53", "TimeCreated": "2023-03-04 21:48:05.753658+00:00", "RecordID": "801", "Level": "3", "UserID": "S-1-5-20", "EventData.hc_stateid": "2"}
{"EventID": "100", "Channel": "Microsoft-Windows-Security-SPP-UX-Notifications/ActionCenter", "Provider_Name": "Microsoft-Windows-Security-SPP-UX-Notifications", "Computer": "DESKTOP-OFJ6N53", "TimeCreated": "2023-03-05 21:48:06.942713+00:00", "RecordID": "802", "Level": "3", "UserID": "S-1-5-20", "EventData.hc_stateid": "2"}
{"EventID": "100", "Channel": "Microsoft-Windows-Security-SPP-UX-Notifications/ActionCenter", "Provider_Name": "Microsoft-Windows-Security-SPP-UX-Notifications", "Computer": "DESKTOP-OFJ6N53", "TimeCreated": "2023-03-06 09:09:15.183794+00:00", "RecordID": "803", "Level": "3", "UserID": "S-1-5-20", "EventData.hc_stateid": "2"}
{"EventID": "100", "Channel": "Microsoft-Windows-Security-SPP-UX-Notifications/ActionCenter", "Provider_Name": "Microsoft-Windows-Security-SPP-UX-Notifications", "Computer": "DESKTOP-OFJ6N53", "TimeCreated": "2023-03-06 12:17:39.544930+00:00", "RecordID": "804", "Level": "3", "UserID": "S-1-5-20", "EventData.hc_stateid": "2"}
{"EventID": "100", "Channel": "Microsoft-Windows-Security-SPP-UX-Notifications/ActionCenter", "Provider_Name": "Microsoft-Windows-Security-SPP-UX-Notifications", "Computer": "DESKTOP-OFJ6N53", "TimeCreated": "2023-03-07 10:46:34.605974+00:00", "RecordID": "805", "Level": "3", "UserID": "S-1-5-20", "EventData.hc_stateid": "2"}
{"EventID": "100", "Channel": "Microsoft-Windows-Security-SPP-UX-Notifications/ActionCenter", "Provider_Name": "Microsoft-Windows-Security-SPP-UX-Notifications", "Computer": "DESKTOP-OFJ6N53", "TimeCreated": "2023-03-07 16:43:08.778536+00:00", "RecordID": "806", "Level": "3", "UserID": "S-1-5-20", "EventData.hc_stateid": "2"}
{"EventID": "100", "Channel": "Microsoft-Windows-Security-SPP-UX-Notifications/ActionCenter", "Provider_Name": "Microsoft-Windows-Security-SPP-UX-Notifications", "Computer": "DESKTOP-OFJ6N53", "TimeCreated": "2023-03-07 17:09:09.333893+00:00", "RecordID": "807", "Level": "3", "UserID": "S-1-5-20", "EventData.hc_stateid": "2"}
{"EventID": "100", "Channel": "Microsoft-Windows-Security-SPP-UX-Notifications/ActionCenter", "Provider_Name": "Microsoft-Windows-Security-SPP-UX-Notifications", "Computer": "DESKTOP-OFJ6N53", "TimeCreated": "2023-03-10 10:27:53.388218+00:00", "RecordID": "808", "Level": "3", "UserID": "S-1-5-20", "EventData.hc_stateid": "2"}
{"EventID": "100", "Channel": "Microsoft-Windows-Security-SPP-UX-Notifications/ActionCenter", "Provider_Name": "Microsoft-Windows-Security-SPP-UX-Notifications", "Computer": "DESKTOP-OFJ6N53", "TimeCreated": "2023-03-10 10:28:10.117029+00:00", "RecordID": "809", "Level": "3", "UserID": "S-1-5-20", "EventData.hc_stateid": "2"}
{"EventID": "100", "Channel": "Microsoft-Windows-Security-SPP-UX-Notifications/ActionCenter", "Provider_Name": "Microsoft-Windows-Security-SPP-UX-Notifications", "Computer": "DESKTOP-OFJ6N53", "TimeCreated": "2023-03-10 10:42:38.581444+00:00", "RecordID": "810", "Level": "3", "UserID": "S-1-5-20", "EventData.hc_stateid": "2"}
{"EventID": "100", "Channel": "Microsoft-Windows-Security-SPP-UX-Notifications/ActionCenter", "Provider_Name": "Microsoft-Windows-Security-SPP-UX-Notifications", "Computer": "DESKTOP-OFJ6N53", "TimeCreated": "2023-03-10 10:47:00.394194+00:00", "RecordID": "811", "Level": "3", "UserID": "S-1-5-20", "EventData.hc_stateid": "2"}
{"EventID": "100", "Channel": "Microsoft-Windows-Security-SPP-UX-Notifications/ActionCenter", "Provider_Name": "Microsoft-Windows-Security-SPP-UX-Notifications", "Computer": "DESKTOP-OFJ6N53", "TimeCreated": "2023-03-10 10:59:52.997910+00:00", "RecordID": "812", "Level": "3", "UserID": "S-1-5-20", "EventData.hc_stateid": "2"}
{"EventID": "100", "Channel": "Microsoft-Windows-Security-SPP-UX-Notifications/ActionCenter", "Provider_Name": "Microsoft-Windows-Security-SPP-UX-Notifications", "Computer": "DESKTOP-OFJ6N53", "TimeCreated": "2023-03-10 11:08:27.615452+00:00", "RecordID": "813", "Level": "3", "UserID": "S-1-5-20", "EventData.hc_stateid": "2"}
{"EventID": "100", "Channel": "Microsoft-Windows-Security-SPP-UX-Notifications/ActionCenter", "Provider_Name": "Microsoft-Windows-Security-SPP-UX-Notifications", "Computer": "DESKTOP-OFJ6N53", "TimeCreated": "2023-03-10 11:16:30.600607+00:00", "RecordID": "814", "Level": "3", "UserID": "S-1-5-20", "EventData.hc_stateid": "2"}
{"EventID": "100", "Channel": "Microsoft-Windows-Security-SPP-UX-Notifications/ActionCenter", "Provider_Name": "Microsoft-Windows-Security-SPP-UX-Notifications", "Computer": "DESKTOP-OFJ6N53", "TimeCreated": "2023-03-10 11:36:58.220818+00:00", "RecordID": "815", "Level": "3", "UserID": "S-1-5-20", "EventData.hc_stateid": "2"}
{"EventID": "100", "Channel": "Microsoft-Windows-Security-SPP-UX-Notifications/ActionCenter", "Provider_Name": "Microsoft-Windows-Security-SPP-UX-Notifications", "Computer": "DESKTOP-OFJ6N53", "TimeCreated": "2023-03-10 11:53:54.836031+00:00", "RecordID": "816", "Level": "3", "UserID": "S-1-5-20", "EventData.hc_stateid": "2"}
{"EventID": "100", "Channel": "Microsoft-Windows-Security-SPP-UX-Notifications/ActionCenter", "Provider_Name": "Microsoft-Windows-Security-SPP-UX-Notifications", "Computer": "DESKTOP-OFJ6N53", "TimeCreated": "2023-03-10 11:57:55.964121+00:00", "RecordID": "817", "Level": "3", "UserID": "S-1-5-20", "EventData.hc_stateid": "2"}
{"EventID": "100", "Channel": "Microsoft-Windows-Security-SPP-UX-Notifications/ActionCenter", "Provider_Name": "Microsoft-Windows-Security-SPP-UX-Notifications", "Computer": "DESKTOP-OFJ6N53", "TimeCreated": "2023-03-10 12:21:12.930309+00:00", "RecordID": "818", "Level": "3", "UserID": "S-1-5-20", "EventData.hc_stateid": "2"}
{"EventID": "100", "Channel": "Microsoft-Windows-Security-SPP-UX-Notifications/ActionCenter", "Provider_Name": "Microsoft-Windows-Security-SPP-UX-Notifications", "Computer": "DESKTOP-OFJ6N53", "TimeCreated": "2023-03-10 12:22:10.598509+00:00", "RecordID": "819", "Level": "3", "UserID": "S-1-5-20", "EventData.hc_stateid": "2"}
{"EventID": "100", "Channel": "Microsoft-Windows-Security-SPP-UX-Notifications/ActionCenter", "Provider_Name": "Microsoft-Windows-Security-SPP-UX-Notifications", "Computer": "DESKTOP-OFJ6N53", "TimeCreated": "2023-03-13 11:27:50.042610+00:00", "RecordID": "820", "Level": "3", "UserID": "S-1-5-20", "EventData.hc_stateid": "2"}
{"EventID": "100", "Channel": "Microsoft-Windows-Security-SPP-UX-Notifications/ActionCenter", "Provider_Name": "Microsoft-Windows-Security-SPP-UX-Notifications", "Computer": "DESKTOP-OFJ6N53", "TimeCreated": "2023-03-13 12:45:54.538761+00:00", "RecordID": "821", "Level": "3", "UserID": "S-1-5-20", "EventData.hc_stateid": "2"}
{"EventID": "100", "Channel": "Microsoft-Windows-Security-SPP-UX-Notifications/ActionCenter", "Provider_Name": "Microsoft-Windows-Security-SPP-UX-Notifications", "Computer": "DESKTOP-OFJ6N53", "TimeCreated": "2023-03-14 10:00:21.492250+00:00", "RecordID": "822", "Level": "3", "UserID": "S-1-5-20", "EventData.hc_stateid": "2"}
{"EventID": "100", "Channel": "Microsoft-Windows-Security-SPP-UX-Notifications/ActionCenter", "Provider_Name": "Microsoft-Windows-Security-SPP-UX-Notifications", "Computer": "DESKTOP-OFJ6N53", "TimeCreated": "2023-03-14 10:49:03.759186+00:00", "RecordID": "823", "Level": "3", "UserID": "S-1-5-20", "EventData.hc_stateid": "2"}
{"EventID": "100", "Channel": "Microsoft-Windows-Security-SPP-UX-Notifications/ActionCenter", "Provider_Name": "Microsoft-Windows-Security-SPP-UX-Notifications", "Computer": "DESKTOP-OFJ6N53", "TimeCreated": "2023-03-14 11:34:46.703016+00:00", "RecordID": "824", "Level": "3", "UserID": "S-1-5-20", "EventData.hc_stateid": "2"}
{"EventID": "100", "Channel": "Microsoft-Windows-Security-SPP-UX-Notifications/ActionCenter", "Provider_Name": "Microsoft-Windows-Security-SPP-UX-Notifications", "Computer": "DESKTOP-OFJ6N53", "TimeCreated": "2023-03-14 12:04:39.608280+00:00", "RecordID": "825", "Level": "3", "UserID": "S-1-5-20", "EventData.hc_stateid": "2"}
{"EventID": "100", "Channel": "Microsoft-Windows-Security-SPP-UX-Notifications/ActionCenter", "Provider_Name": "Microsoft-Windows-Security-SPP-UX-Notifications", "Computer": "DESKTOP-OFJ6N53", "TimeCreated": "2023-03-14 12:37:51.314384+00:00", "RecordID": "826", "Level": "3", "UserID": "S-1-5-20", "EventData.hc_stateid": "2"}
{"EventID": "100", "Channel": "Microsoft-Windows-Security-SPP-UX-Notifications/ActionCenter", "Provider_Name": "Microsoft-Windows-Security-SPP-UX-Notifications", "Computer": "DESKTOP-OFJ6N53", "TimeCreated": "2023-03-14 13:11:38.920927+00:00", "RecordID": "827", "Level": "3", "UserID": "S-1-5-20", "EventData.hc_stateid": "2"}
{"EventID": "100", "Channel": "Microsoft-Windows-Security-SPP-UX-Notifications/ActionCenter", "Provider_Name": "Microsoft-Windows-Security-SPP-UX-Notifications", "Computer": "DESKTOP-OFJ6N53", "TimeCreated": "2023-03-14 13:57:16.801971+00:00", "RecordID": "828", "Level": "3", "UserID": "S-1-5-20", "EventData.hc_stateid": "2"}
{"EventID": "100", "Channel": "Microsoft-Windows-Security-SPP-UX-Notifications/ActionCenter", "Provider_Name": "Microsoft-Windows-Security-SPP-UX-Notifications", "Computer": "DESKTOP-OFJ6N53", "TimeCreated": "2023-03-14 14:52:46.783836+00:00", "RecordID": "829", "Level": "3", "UserID": "S-1-5-20", "EventData.hc_stateid": "2"}
{"EventID": "100", "Channel": "Microsoft-Windows-Security-SPP-UX-Notifications/ActionCenter", "Provider_Name": "Microsoft-Windows-Security-SPP-UX-Notifications", "Computer": "DESKTOP-OFJ6N53", "TimeCreated": "2023-03-14 15:48:16.501205+00:00", "RecordID": "830", "Level": "3", "UserID": "S-1-5-20", "EventData.hc_stateid": "2"}
{"EventID": "100", "Channel": "Microsoft-Windows-Security-SPP-UX-Notifications/ActionCenter", "Provider_Name": "Microsoft-Windows-Security-SPP-UX-Notifications", "Computer": "DESKTOP-OFJ6N53", "TimeCreated": "2023-03-14 16:38:49.831572+00:00", "RecordID": "831", "Level": "3", "UserID": "S-1-5-20", "EventData.hc_stateid": "2"}
{"EventID": "100", "Channel": "Microsoft-Windows-Security-SPP-UX-Notifications/ActionCenter", "Provider_Name": "Microsoft-Windows-Security-SPP-UX-Notifications", "Computer": "DESKTOP-OFJ6N53", "TimeCreated": "2023-03-14 17:11:30.787365+00:00", "RecordID": "832", "Level": "3", "UserID": "S-1-5-20", "EventData.hc_stateid": "2"}
{"EventID": "100", "Channel": "Microsoft-Windows-Security-SPP-UX-Notifications/ActionCenter", "Provider_Name": "Microsoft-Windows-Security-SPP-UX-Notifications", "Computer": "DESKTOP-OFJ6N53", "TimeCreated": "2023-03-14 17:44:13.746487+00:00", "RecordID": "833", "Level": "3", "UserID": "S-1-5-20", "EventData.hc_stateid": "2"}
{"EventID": "100", "Channel": "Microsoft-Windows-Security-SPP-UX-Notifications/ActionCenter", "Provider_Name": "Microsoft-Windows-Security-SPP-UX-Notifications", "Computer": "DESKTOP-OFJ6N53", "TimeCreated": "2023-03-14 18:38:12.659910+00:00", "RecordID": "834", "Level": "3", "UserID": "S-1-5-20", "EventData.hc_stateid": "2"}
{"EventID": "100", "Channel": "Microsoft-Windows-Security-SPP-UX-Notifications/ActionCenter", "Provider_Name": "Microsoft-Windows-Security-SPP-UX-Notifications", "Computer": "DESKTOP-OFJ6N53", "TimeCreated": "2023-03-14 19:09:15.283493+00:00", "RecordID": "835", "Level": "3", "UserID": "S-1-5-20", "EventData.hc_stateid": "2"}
{"EventID": "100", "Channel": "Microsoft-Windows-Security-SPP-UX-Notifications/ActionCenter", "Provider_Name": "Microsoft-Windows-Security-SPP-UX-Notifications", "Computer": "DESKTOP-OFJ6N53", "TimeCreated": "2023-03-14 19:53:13.307110+00:00", "RecordID": "836", "Level": "3", "UserID": "S-1-5-20", "EventData.hc_stateid": "2"}
{"EventID": "100", "Channel": "Microsoft-Windows-Security-SPP-UX-Notifications/ActionCenter", "Provider_Name": "Microsoft-Windows-Security-SPP-UX-Notifications", "Computer": "DESKTOP-OFJ6N53", "TimeCreated": "2023-03-14 20:40:22.002575+00:00", "RecordID": "837", "Level": "3", "UserID": "S-1-5-20", "EventData.hc_stateid": "2"}
{"EventID": "100", "Channel": "Microsoft-Windows-Security-SPP-UX-Notifications/ActionCenter", "Provider_Name": "Microsoft-Windows-Security-SPP-UX-Notifications", "Computer": "DESKTOP-OFJ6N53", "TimeCreated": "2023-03-14 21:21:50.091005+00:00", "RecordID": "838", "Level": "3", "UserID": "S-1-5-20", "EventData.hc_stateid": "2"}
{"EventID": "100", "Channel": "Microsoft-Windows-Security-SPP-UX-Notifications/ActionCenter", "Provider_Name": "Microsoft-Windows-Security-SPP-UX-Notifications", "Computer": "DESKTOP-OFJ6N53", "TimeCreated": "2023-03-14 22:09:22.706823+00:00", "RecordID": "839", "Level": "3", "UserID": "S-1-5-20", "EventData.hc_stateid": "2"}
{"EventID": "100", "Channel": "Microsoft-Windows-Security-SPP-UX-Notifications/ActionCenter", "Provider_Name": "Microsoft-Windows-Security-SPP-UX-Notifications", "Computer": "DESKTOP-OFJ6N53", "TimeCreated": "2023-03-14 22:52:09.121756+00:00", "RecordID": "840", "Level": "3", "UserID": "S-1-5-20", "EventData.hc_stateid": "2"}
{"EventID": "100", "Channel": "Microsoft-Windows-Security-SPP-UX-Notifications/ActionCenter", "Provider_Name": "Microsoft-Windows-Security-SPP-UX-Notifications", "Computer": "DESKTOP-OFJ6N53", "TimeCreated": "2023-03-14 23:29:07.784508+00:00", "RecordID": "841", "Level": "3", "UserID": "S-1-5-20", "EventData.hc_stateid": "2"}
{"EventID": "100", "Channel": "Microsoft-Windows-Security-SPP-UX-Notifications/ActionCenter", "Provider_Name": "Microsoft-Windows-Security-SPP-UX-Notifications", "Computer": "DESKTOP-OFJ6N53", "TimeCreated": "2023-03-15 00:15:18.936344+00:00", "RecordID": "842", "Level": "3", "UserID": "S-1-5-20", "EventData.hc_stateid": "2"}
{"EventID": "100", "Channel": "Microsoft-Windows-Security-SPP-UX-Notifications/ActionCenter", "Provider_Name": "Microsoft-Windows-Security-SPP-UX-Notifications", "Computer": "DESKTOP-OFJ6N53", "TimeCreated": "2023-03-16 15:00:47.776155+00:00", "RecordID": "843", "Level": "3", "UserID": "S-1-5-20", "EventData.hc_stateid": "2"}
{"EventID": "100", "Channel": "Microsoft-Windows-Security-SPP-UX-Notifications/ActionCenter", "Provider_Name": "Microsoft-Windows-Security-SPP-UX-Notifications", "Computer": "DESKTOP-OFJ6N53", "TimeCreated": "2023-03-16 15:05:05.516584+00:00", "RecordID": "844", "Level": "3", "UserID": "S-1-5-20", "EventData.hc_stateid": "2"}
{"EventID": "100", "Channel": "Microsoft-Windows-Security-SPP-UX-Notifications/ActionCenter", "Provider_Name": "Microsoft-Windows-Security-SPP-UX-Notifications", "Computer": "DESKTOP-OFJ6N53", "TimeCreated": "2023-03-17 11:17:59.352942+00:00", "RecordID": "845", "Level": "3", "UserID": "S-1-5-20", "EventData.hc_stateid": "2"}
{"EventID": "100", "Channel": "Microsoft-Windows-Security-SPP-UX-Notifications/ActionCenter", "Provider_Name": "Microsoft-Windows-Security-SPP-UX-Notifications", "Computer": "DESKTOP-OFJ6N53", "TimeCreated": "2023-03-17 11:24:30.103464+00:00", "RecordID": "846", "Level": "3", "UserID": "S-1-5-20", "EventData.hc_stateid": "2"}
{"EventID": "100", "Channel": "Microsoft-Windows-Security-SPP-UX-Notifications/ActionCenter", "Provider_Name": "Microsoft-Windows-Security-SPP-UX-Notifications", "Computer": "DESKTOP-OFJ6N53", "TimeCreated": "2023-03-17 13:07:21.207289+00:00", "RecordID": "847", "Level": "3", "UserID": "S-1-5-20", "EventData.hc_stateid": "2"}
{"EventID": "100", "Channel": "Microsoft-Windows-Security-SPP-UX-Notifications/ActionCenter", "Provider_Name": "Microsoft-Windows-Security-SPP-UX-Notifications", "Computer": "DESKTOP-OFJ6N53", "TimeCreated": "2023-03-17 14:10:59.825809+00:00", "RecordID": "848", "Level": "3", "UserID": "S-1-5-20", "EventData.hc_stateid": "2"}
{"EventID": "100", "Channel": "Microsoft-Windows-Security-SPP-UX-Notifications/ActionCenter", "Provider_Name": "Microsoft-Windows-Security-SPP-UX-Notifications", "Computer": "DESKTOP-OFJ6N53", "TimeCreated": "2023-03-18 14:11:01.095200+00:00", "RecordID": "849", "Level": "3", "UserID": "S-1-5-20", "EventData.hc_stateid": "2"}
{"EventID": "100", "Channel": "Microsoft-Windows-Security-SPP-UX-Notifications/ActionCenter", "Provider_Name": "Microsoft-Windows-Security-SPP-UX-Notifications", "Computer": "DESKTOP-OFJ6N53", "TimeCreated": "2023-03-19 01:11:19.636490+00:00", "RecordID": "850", "Level": "3", "UserID": "S-1-5-20", "EventData.hc_stateid": "2"}
{"EventID": "100", "Channel": "Microsoft-Windows-Security-SPP-UX-Notifications/ActionCenter", "Provider_Name": "Microsoft-Windows-Security-SPP-UX-Notifications", "Computer": "DESKTOP-OFJ6N53", "TimeCreated": "2023-03-19 01:15:06.142612+00:00", "RecordID": "851", "Level": "3", "UserID": "S-1-5-20", "EventData.hc_stateid": "2"}
{"EventID": "100", "Channel": "Microsoft-Windows-Security-SPP-UX-Notifications/ActionCenter", "Provider_Name": "Microsoft-Windows-Security-SPP-UX-Notifications", "Computer": "DESKTOP-OFJ6N53", "TimeCreated": "2023-03-20 08:34:33.895784+00:00", "RecordID": "852", "Level": "3", "UserID": "S-1-5-20", "EventData.hc_stateid": "2"}
{"EventID": "100", "Channel": "Microsoft-Windows-Security-SPP-UX-Notifications/ActionCenter", "Provider_Name": "Microsoft-Windows-Security-SPP-UX-Notifications", "Computer": "DESKTOP-OFJ6N53", "TimeCreated": "2023-03-21 09:18:09.088327+00:00", "RecordID": "853", "Level": "3", "UserID": "S-1-5-20", "EventData.hc_stateid": "2"}
{"EventID": "100", "Channel": "Microsoft-Windows-Security-SPP-UX-Notifications/ActionCenter", "Provider_Name": "Microsoft-Windows-Security-SPP-UX-Notifications", "Computer": "DESKTOP-OFJ6N53", "TimeCreated": "2023-03-21 09:18:10.187197+00:00", "RecordID": "854", "Level": "3", "UserID": "S-1-5-20", "EventData.hc_stateid": "2"}
{"EventID": "100", "Channel": "Microsoft-Windows-Security-SPP-UX-Notifications/ActionCenter", "Provider_Name": "Microsoft-Windows-Security-SPP-UX-Notifications", "Computer": "DESKTOP-OFJ6N53", "TimeCreated": "2023-03-22 09:18:03.111834+00:00", "RecordID": "855", "Level": "3", "UserID": "S-1-5-20", "EventData.hc_stateid": "2"}
{"EventID": "100", "Channel": "Microsoft-Windows-Security-SPP-UX-Notifications/ActionCenter", "Provider_Name": "Microsoft-Windows-Security-SPP-UX-Notifications", "Computer": "DESKTOP-OFJ6N53", "TimeCreated": "2023-03-23 09:18:01.620975+00:00", "RecordID": "856", "Level": "3", "UserID": "S-1-5-20", "EventData.hc_stateid": "2"}
{"EventID": "100", "Channel": "Microsoft-Windows-Security-SPP-UX-Notifications/ActionCenter", "Provider_Name": "Microsoft-Windows-Security-SPP-UX-Notifications", "Computer": "DESKTOP-OFJ6N53", "TimeCreated": "2023-03-23 10:12:24.888491+00:00", "RecordID": "857", "Level": "3", "UserID": "S-1-5-20", "EventData.hc_stateid": "2"}
{"EventID": "100", "Channel": "Microsoft-Windows-Security-SPP-UX-Notifications/ActionCenter", "Provider_Name": "Microsoft-Windows-Security-SPP-UX-Notifications", "Computer": "DESKTOP-OFJ6N53", "TimeCreated": "2023-03-23 10:16:20.309597+00:00", "RecordID": "858", "Level": "3", "UserID": "S-1-5-20", "EventData.hc_stateid": "2"}
{"EventID": "100", "Channel": "Microsoft-Windows-Security-SPP-UX-Notifications/ActionCenter", "Provider_Name": "Microsoft-Windows-Security-SPP-UX-Notifications", "Computer": "DESKTOP-OFJ6N53", "TimeCreated": "2023-03-23 10:16:42.097500+00:00", "RecordID": "859", "Level": "3", "UserID": "S-1-5-20", "EventData.hc_stateid": "2"}
{"EventID": "100", "Channel": "Microsoft-Windows-Security-SPP-UX-Notifications/ActionCenter", "Provider_Name": "Microsoft-Windows-Security-SPP-UX-Notifications", "Computer": "DESKTOP-OFJ6N53", "TimeCreated": "2023-03-24 11:05:39.231890+00:00", "RecordID": "860", "Level": "3", "UserID": "S-1-5-20", "EventData.hc_stateid": "2"}
{"EventID": "100", "Channel": "Microsoft-Windows-Security-SPP-UX-Notifications/ActionCenter", "Provider_Name": "Microsoft-Windows-Security-SPP-UX-Notifications", "Computer": "DESKTOP-OFJ6N53", "TimeCreated": "2023-03-24 11:07:16.178926+00:00", "RecordID": "861", "Level": "3", "UserID": "S-1-5-20", "EventData.hc_stateid": "2"}
{"EventID": "100", "Channel": "Microsoft-Windows-Security-SPP-UX-Notifications/ActionCenter", "Provider_Name": "Microsoft-Windows-Security-SPP-UX-Notifications", "Computer": "DESKTOP-OFJ6N53", "TimeCreated": "2023-03-24 12:10:10.046341+00:00", "RecordID": "862", "Level": "3", "UserID": "S-1-5-20", "EventData.hc_stateid": "2"}
{"EventID": "100", "Channel": "Microsoft-Windows-Security-SPP-UX-Notifications/ActionCenter", "Provider_Name": "Microsoft-Windows-Security-SPP-UX-Notifications", "Computer": "DESKTOP-OFJ6N53", "TimeCreated": "2023-03-24 12:10:57.377054+00:00", "RecordID": "863", "Level": "3", "UserID": "S-1-5-20", "EventData.hc_stateid": "2"}
{"EventID": "100", "Channel": "Microsoft-Windows-Security-SPP-UX-Notifications/ActionCenter", "Provider_Name": "Microsoft-Windows-Security-SPP-UX-Notifications", "Computer": "DESKTOP-OFJ6N53", "TimeCreated": "2023-03-24 12:14:46.205175+00:00", "RecordID": "864", "Level": "3", "UserID": "S-1-5-20", "EventData.hc_stateid": "2"}
{"EventID": "100", "Channel": "Microsoft-Windows-Security-SPP-UX-Notifications/ActionCenter", "Provider_Name": "Microsoft-Windows-Security-SPP-UX-Notifications", "Computer": "DESKTOP-OFJ6N53", "TimeCreated": "2023-03-24 12:17:40.120808+00:00", "RecordID": "865", "Level": "3", "UserID": "S-1-5-20", "EventData.hc_stateid": "2"}
{"EventID": "100", "Channel": "Microsoft-Windows-Security-SPP-UX-Notifications/ActionCenter", "Provider_Name": "Microsoft-Windows-Security-SPP-UX-Notifications", "Computer": "DESKTOP-OFJ6N53", "TimeCreated": "2023-03-24 12:21:23.478354+00:00", "RecordID": "866", "Level": "3", "UserID": "S-1-5-20", "EventData.hc_stateid": "2"}
{"EventID": "100", "Channel": "Microsoft-Windows-Security-SPP-UX-Notifications/ActionCenter", "Provider_Name": "Microsoft-Windows-Security-SPP-UX-Notifications", "Computer": "DESKTOP-OFJ6N53", "TimeCreated": "2023-03-24 12:47:35.202869+00:00", "RecordID": "867", "Level": "3", "UserID": "S-1-5-20", "EventData.hc_stateid": "2"}
{"EventID": "100", "Channel": "Microsoft-Windows-Security-SPP-UX-Notifications/ActionCenter", "Provider_Name": "Microsoft-Windows-Security-SPP-UX-Notifications", "Computer": "DESKTOP-OFJ6N53", "TimeCreated": "2023-03-24 13:23:16.299753+00:00", "RecordID": "868", "Level": "3", "UserID": "S-1-5-20", "EventData.hc_stateid": "2"}
{"EventID": "100", "Channel": "Microsoft-Windows-Security-SPP-UX-Notifications/ActionCenter", "Provider_Name": "Microsoft-Windows-Security-SPP-UX-Notifications", "Computer": "DESKTOP-OFJ6N53", "TimeCreated": "2023-03-24 13:36:13.844816+00:00", "RecordID": "869", "Level": "3", "UserID": "S-1-5-20", "EventData.hc_stateid": "2"}
{"EventID": "100", "Channel": "Microsoft-Windows-Security-SPP-UX-Notifications/ActionCenter", "Provider_Name": "Microsoft-Windows-Security-SPP-UX-Notifications", "Computer": "DESKTOP-OFJ6N53", "TimeCreated": "2023-03-24 14:09:12.703398+00:00", "RecordID": "870", "Level": "3", "UserID": "S-1-5-20", "EventData.hc_stateid": "2"}
{"EventID": "100", "Channel": "Microsoft-Windows-Security-SPP-UX-Notifications/ActionCenter", "Provider_Name": "Microsoft-Windows-Security-SPP-UX-Notifications", "Computer": "DESKTOP-OFJ6N53", "TimeCreated": "2023-03-24 14:25:55.778912+00:00", "RecordID": "871", "Level": "3", "UserID": "S-1-5-20", "EventData.hc_stateid": "2"}
{"EventID": "100", "Channel": "Microsoft-Windows-Security-SPP-UX-Notifications/ActionCenter", "Provider_Name": "Microsoft-Windows-Security-SPP-UX-Notifications", "Computer": "DESKTOP-OFJ6N53", "TimeCreated": "2023-03-24 14:38:55.446012+00:00", "RecordID": "872", "Level": "3", "UserID": "S-1-5-20", "EventData.hc_stateid": "2"}
{"EventID": "100", "Channel": "Microsoft-Windows-Security-SPP-UX-Notifications/ActionCenter", "Provider_Name": "Microsoft-Windows-Security-SPP-UX-Notifications", "Computer": "DESKTOP-OFJ6N53", "TimeCreated": "2023-03-28 07:27:32.748362+00:00", "RecordID": "873", "Level": "3", "UserID": "S-1-5-20", "EventData.hc_stateid": "2"}
{"EventID": "100", "Channel": "Microsoft-Windows-Security-SPP-UX-Notifications/ActionCenter", "Provider_Name": "Microsoft-Windows-Security-SPP-UX-Notifications", "Computer": "DESKTOP-OFJ6N53", "TimeCreated": "2023-03-28 14:06:27.593002+00:00", "RecordID": "874", "Level": "3", "UserID": "S-1-5-20", "EventData.hc_stateid": "2"}
{"EventID": "100", "Channel": "Microsoft-Windows-Security-SPP-UX-Notifications/ActionCenter", "Provider_Name": "Microsoft-Windows-Security-SPP-UX-Notifications", "Computer": "DESKTOP-OFJ6N53", "TimeCreated": "2023-03-28 14:39:15.677155+00:00", "RecordID": "875", "Level": "3", "UserID": "S-1-5-20", "EventData.hc_stateid": "2"}
{"EventID": "100", "Channel": "Microsoft-Windows-Security-SPP-UX-Notifications/ActionCenter", "Provider_Name": "Microsoft-Windows-Security-SPP-UX-Notifications", "Computer": "DESKTOP-OFJ6N53", "TimeCreated": "2023-03-28 14:55:52.501385+00:00", "RecordID": "876", "Level": "3", "UserID": "S-1-5-20", "EventData.hc_stateid": "2"}
{"EventID": "100", "Channel": "Microsoft-Windows-Security-SPP-UX-Notifications/ActionCenter", "Provider_Name": "Microsoft-Windows-Security-SPP-UX-Notifications", "Computer": "DESKTOP-OFJ6N53", "TimeCreated": "2023-03-28 15:44:53.335905+00:00", "RecordID": "877", "Level": "3", "UserID": "S-1-5-20", "EventData.hc_stateid": "2"}
{"EventID": "100", "Channel": "Microsoft-Windows-Security-SPP-UX-Notifications/ActionCenter", "Provider_Name": "Microsoft-Windows-Security-SPP-UX-Notifications", "Computer": "DESKTOP-OFJ6N53", "TimeCreated": "2023-03-28 15:44:54.005037+00:00", "RecordID": "878", "Level": "3", "UserID": "S-1-5-20", "EventData.hc_stateid": "2"}
{"EventID": "100", "Channel": "Microsoft-Windows-Security-SPP-UX-Notifications/ActionCenter", "Provider_Name": "Microsoft-Windows-Security-SPP-UX-Notifications", "Computer": "DESKTOP-OFJ6N53", "TimeCreated": "2023-03-29 10:50:48.919907+00:00", "RecordID": "879", "Level": "3", "UserID": "S-1-5-20", "EventData.hc_stateid": "2"}
{"EventID": "100", "Channel": "Microsoft-Windows-Security-SPP-UX-Notifications/ActionCenter", "Provider_Name": "Microsoft-Windows-Security-SPP-UX-Notifications", "Computer": "DESKTOP-OFJ6N53", "TimeCreated": "2023-03-29 11:28:39.286129+00:00", "RecordID": "880", "Level": "3", "UserID": "S-1-5-20", "EventData.hc_stateid": "2"}
{"EventID": "100", "Channel": "Microsoft-Windows-Security-SPP-UX-Notifications/ActionCenter", "Provider_Name": "Microsoft-Windows-Security-SPP-UX-Notifications", "Computer": "DESKTOP-OFJ6N53", "TimeCreated": "2023-03-29 11:33:56.051517+00:00", "RecordID": "881", "Level": "3", "UserID": "S-1-5-20", "EventData.hc_stateid": "2"}
{"EventID": "100", "Channel": "Microsoft-Windows-Security-SPP-UX-Notifications/ActionCenter", "Provider_Name": "Microsoft-Windows-Security-SPP-UX-Notifications", "Computer": "DESKTOP-OFJ6N53", "TimeCreated": "2023-03-30 14:14:30.373043+00:00", "RecordID": "882", "Level": "3", "UserID": "S-1-5-20", "EventData.hc_stateid": "2"}
{"EventID": "100", "Channel": "Microsoft-Windows-Security-SPP-UX-Notifications/ActionCenter", "Provider_Name": "Microsoft-Windows-Security-SPP-UX-Notifications", "Computer": "DESKTOP-OFJ6N53", "TimeCreated": "2023-03-30 15:15:07.092581+00:00", "RecordID": "883", "Level": "3", "UserID": "S-1-5-20", "EventData.hc_stateid": "2"}
{"EventID": "100", "Channel": "Microsoft-Windows-Security-SPP-UX-Notifications/ActionCenter", "Provider_Name": "Microsoft-Windows-Security-SPP-UX-Notifications", "Computer": "DESKTOP-OFJ6N53", "TimeCreated": "2023-03-30 15:48:39.327763+00:00", "RecordID": "884", "Level": "3", "UserID": "S-1-5-20", "EventData.hc_stateid": "2"}
{"EventID": "100", "Channel": "Microsoft-Windows-Security-SPP-UX-Notifications/ActionCenter", "Provider_Name": "Microsoft-Windows-Security-SPP-UX-Notifications", "Computer": "DESKTOP-OFJ6N53", "TimeCreated": "2023-04-03 13:39:56.268864+00:00", "RecordID": "885", "Level": "3", "UserID": "S-1-5-20", "EventData.hc_stateid": "2"}
{"EventID": "100", "Channel": "Microsoft-Windows-Security-SPP-UX-Notifications/ActionCenter", "Provider_Name": "Microsoft-Windows-Security-SPP-UX-Notifications", "Computer": "DESKTOP-OFJ6N53", "TimeCreated": "2023-04-03 13:43:18.090021+00:00", "RecordID": "886", "Level": "3", "UserID": "S-1-5-20", "EventData.hc_stateid": "2"}
{"EventID": "100", "Channel": "Microsoft-Windows-Security-SPP-UX-Notifications/ActionCenter", "Provider_Name": "Microsoft-Windows-Security-SPP-UX-Notifications", "Computer": "DESKTOP-OFJ6N53", "TimeCreated": "2023-04-03 14:05:51.750925+00:00", "RecordID": "887", "Level": "3", "UserID": "S-1-5-20", "EventData.hc_stateid": "2"}
{"EventID": "100", "Channel": "Microsoft-Windows-Security-SPP-UX-Notifications/ActionCenter", "Provider_Name": "Microsoft-Windows-Security-SPP-UX-Notifications", "Computer": "DESKTOP-OFJ6N53", "TimeCreated": "2023-04-03 15:17:01.886173+00:00", "RecordID": "888", "Level": "3", "UserID": "S-1-5-20", "EventData.hc_stateid": "2"}
{"EventID": "100", "Channel": "Microsoft-Windows-Security-SPP-UX-Notifications/ActionCenter", "Provider_Name": "Microsoft-Windows-Security-SPP-UX-Notifications", "Computer": "DESKTOP-OFJ6N53", "TimeCreated": "2023-04-03 15:28:57.343159+00:00", "RecordID": "889", "Level": "3", "UserID": "S-1-5-20", "EventData.hc_stateid": "2"}
{"EventID": "100", "Channel": "Microsoft-Windows-Security-SPP-UX-Notifications/ActionCenter", "Provider_Name": "Microsoft-Windows-Security-SPP-UX-Notifications", "Computer": "DESKTOP-OFJ6N53", "TimeCreated": "2023-04-03 15:29:12.085680+00:00", "RecordID": "890", "Level": "3", "UserID": "S-1-5-20", "EventData.hc_stateid": "2"}
{"EventID": "100", "Channel": "Microsoft-Windows-Security-SPP-UX-Notifications/ActionCenter", "Provider_Name": "Microsoft-Windows-Security-SPP-UX-Notifications", "Computer": "DESKTOP-OFJ6N53", "TimeCreated": "2023-04-04 06:33:13.401632+00:00", "RecordID": "891", "Level": "3", "UserID": "S-1-5-20", "EventData.hc_stateid": "2"}
{"EventID": "100", "Channel": "Microsoft-Windows-Security-SPP-UX-Notifications/ActionCenter", "Provider_Name": "Microsoft-Windows-Security-SPP-UX-Notifications", "Computer": "DESKTOP-OFJ6N53", "TimeCreated": "2023-04-04 06:37:06.445614+00:00", "RecordID": "892", "Level": "3", "UserID": "S-1-5-20", "EventData.hc_stateid": "2"}
{"EventID": "100", "Channel": "Microsoft-Windows-Security-SPP-UX-Notifications/ActionCenter", "Provider_Name": "Microsoft-Windows-Security-SPP-UX-Notifications", "Computer": "DESKTOP-OFJ6N53", "TimeCreated": "2023-04-05 07:29:44.222189+00:00", "RecordID": "893", "Level": "3", "UserID": "S-1-5-20", "EventData.hc_stateid": "2"}
{"EventID": "100", "Channel": "Microsoft-Windows-Security-SPP-UX-Notifications/ActionCenter", "Provider_Name": "Microsoft-Windows-Security-SPP-UX-Notifications", "Computer": "DESKTOP-OFJ6N53", "TimeCreated": "2023-04-05 07:32:35.374063+00:00", "RecordID": "894", "Level": "3", "UserID": "S-1-5-20", "EventData.hc_stateid": "2"}
{"EventID": "100", "Channel": "Microsoft-Windows-Security-SPP-UX-Notifications/ActionCenter", "Provider_Name": "Microsoft-Windows-Security-SPP-UX-Notifications", "Computer": "DESKTOP-OFJ6N53", "TimeCreated": "2023-04-05 08:06:02.107206+00:00", "RecordID": "895", "Level": "3", "UserID": "S-1-5-20", "EventData.hc_stateid": "2"}
{"EventID": "100", "Channel": "Microsoft-Windows-Security-SPP-UX-Notifications/ActionCenter", "Provider_Name": "Microsoft-Windows-Security-SPP-UX-Notifications", "Computer": "DESKTOP-OFJ6N53", "TimeCreated": "2023-04-05 11:12:52.913506+00:00", "RecordID": "896", "Level": "3", "UserID": "S-1-5-20", "EventData.hc_stateid": "2"}
{"EventID": "100", "Channel": "Microsoft-Windows-Security-SPP-UX-Notifications/ActionCenter", "Provider_Name": "Microsoft-Windows-Security-SPP-UX-Notifications", "Computer": "DESKTOP-OFJ6N53", "TimeCreated": "2023-04-05 11:40:42.552309+00:00", "RecordID": "897", "Level": "3", "UserID": "S-1-5-20", "EventData.hc_stateid": "2"}
{"EventID": "100", "Channel": "Microsoft-Windows-Security-SPP-UX-Notifications/ActionCenter", "Provider_Name": "Microsoft-Windows-Security-SPP-UX-Notifications", "Computer": "DESKTOP-OFJ6N53", "TimeCreated": "2023-04-05 12:19:27.348360+00:00", "RecordID": "898", "Level": "3", "UserID": "S-1-5-20", "EventData.hc_stateid": "2"}
{"EventID": "100", "Channel": "Microsoft-Windows-Security-SPP-UX-Notifications/ActionCenter", "Provider_Name": "Microsoft-Windows-Security-SPP-UX-Notifications", "Computer": "DESKTOP-OFJ6N53", "TimeCreated": "2023-04-05 12:19:27.883112+00:00", "RecordID": "899", "Level": "3", "UserID": "S-1-5-20", "EventData.hc_stateid": "2"}
{"EventID": "100", "Channel": "Microsoft-Windows-Security-SPP-UX-Notifications/ActionCenter", "Provider_Name": "Microsoft-Windows-Security-SPP-UX-Notifications", "Computer": "DESKTOP-OFJ6N53", "TimeCreated": "2023-04-05 15:21:13.541895+00:00", "RecordID": "900", "Level": "3", "UserID": "S-1-5-20", "EventData.hc_stateid": "2"}
{"EventID": "100", "Channel": "Microsoft-Windows-Security-SPP-UX-Notifications/ActionCenter", "Provider_Name": "Microsoft-Windows-Security-SPP-UX-Notifications", "Computer": "DESKTOP-OFJ6N53", "TimeCreated": "2023-04-05 15:24:30.696619+00:00", "RecordID": "901", "Level": "3", "UserID": "S-1-5-20", "EventData.hc_stateid": "2"}
{"EventID": "100", "Channel": "Microsoft-Windows-Security-SPP-UX-Notifications/ActionCenter", "Provider_Name": "Microsoft-Windows-Security-SPP-UX-Notifications", "Computer": "DESKTOP-OFJ6N53", "TimeCreated": "2023-04-06 14:34:46.549438+00:00", "RecordID": "902", "Level": "3", "UserID": "S-1-5-20", "EventData.hc_stateid": "2"}
{"EventID": "100", "Channel": "Microsoft-Windows-Security-SPP-UX-Notifications/ActionCenter", "Provider_Name": "Microsoft-Windows-Security-SPP-UX-Notifications", "Computer": "DESKTOP-OFJ6N53", "TimeCreated": "2023-04-06 15:31:03.043491+00:00", "RecordID": "903", "Level": "3", "UserID": "S-1-5-20", "EventData.hc_stateid": "2"}
{"EventID": "100", "Channel": "Microsoft-Windows-Security-SPP-UX-Notifications/ActionCenter", "Provider_Name": "Microsoft-Windows-Security-SPP-UX-Notifications", "Computer": "DESKTOP-OFJ6N53", "TimeCreated": "2023-04-06 16:06:04.060230+00:00", "RecordID": "904", "Level": "3", "UserID": "S-1-5-20", "EventData.hc_stateid": "2"}
{"EventID": "100", "Channel": "Microsoft-Windows-Security-SPP-UX-Notifications/ActionCenter", "Provider_Name": "Microsoft-Windows-Security-SPP-UX-Notifications", "Computer": "DESKTOP-OFJ6N53", "TimeCreated": "2023-04-06 18:20:53.643339+00:00", "RecordID": "905", "Level": "3", "UserID": "S-1-5-20", "EventData.hc_stateid": "2"}
{"EventID": "100", "Channel": "Microsoft-Windows-Security-SPP-UX-Notifications/ActionCenter", "Provider_Name": "Microsoft-Windows-Security-SPP-UX-Notifications", "Computer": "DESKTOP-OFJ6N53", "TimeCreated": "2023-04-06 19:14:09.913725+00:00", "RecordID": "906", "Level": "3", "UserID": "S-1-5-20", "EventData.hc_stateid": "2"}
{"EventID": "100", "Channel": "Microsoft-Windows-Security-SPP-UX-Notifications/ActionCenter", "Provider_Name": "Microsoft-Windows-Security-SPP-UX-Notifications", "Computer": "DESKTOP-OFJ6N53", "TimeCreated": "2023-04-06 20:10:13.475805+00:00", "RecordID": "907", "Level": "3", "UserID": "S-1-5-20", "EventData.hc_stateid": "2"}
{"EventID": "100", "Channel": "Microsoft-Windows-Security-SPP-UX-Notifications/ActionCenter", "Provider_Name": "Microsoft-Windows-Security-SPP-UX-Notifications", "Computer": "DESKTOP-OFJ6N53", "TimeCreated": "2023-04-07 12:32:24.389261+00:00", "RecordID": "908", "Level": "3", "UserID": "S-1-5-20", "EventData.hc_stateid": "2"}
{"EventID": "100", "Channel": "Microsoft-Windows-Security-SPP-UX-Notifications/ActionCenter", "Provider_Name": "Microsoft-Windows-Security-SPP-UX-Notifications", "Computer": "DESKTOP-OFJ6N53", "TimeCreated": "2023-04-07 14:33:04.046326+00:00", "RecordID": "909", "Level": "3", "UserID": "S-1-5-20", "EventData.hc_stateid": "2"}
{"EventID": "100", "Channel": "Microsoft-Windows-Security-SPP-UX-Notifications/ActionCenter", "Provider_Name": "Microsoft-Windows-Security-SPP-UX-Notifications", "Computer": "DESKTOP-OFJ6N53", "TimeCreated": "2023-04-07 14:35:29.403610+00:00", "RecordID": "910", "Level": "3", "UserID": "S-1-5-20", "EventData.hc_stateid": "2"}
{"EventID": "100", "Channel": "Microsoft-Windows-Security-SPP-UX-Notifications/ActionCenter", "Provider_Name": "Microsoft-Windows-Security-SPP-UX-Notifications", "Computer": "DESKTOP-OFJ6N53", "TimeCreated": "2023-04-07 14:39:26.718119+00:00", "RecordID": "911", "Level": "3", "UserID": "S-1-5-20", "EventData.hc_stateid": "2"}
{"EventID": "100", "Channel": "Microsoft-Windows-Security-SPP-UX-Notifications/ActionCenter", "Provider_Name": "Microsoft-Windows-Security-SPP-UX-Notifications", "Computer": "DESKTOP-OFJ6N53", "TimeCreated": "2023-04-07 14:50:07.632879+00:00", "RecordID": "912", "Level": "3", "UserID": "S-1-5-20", "EventData.hc_stateid": "2"}
