{"EventID": "62440", "Channel": "Microsoft-Windows-Shell-Core/AppDefaults", "Provider_Name": "Microsoft-Windows-Shell-Core", "Computer": "DESKTOP-OFJ6N53", "TimeCreated": "2025-08-16 08:38:20.818563+00:00", "RecordID": "2902", "Level": "4", "UserID": "S-1-5-18", "EventData.ExtOrUriScheme": ".json", "EventData.ProgId": "Applications\\notepad++.exe"}
{"EventID": "62443", "Channel": "Microsoft-Windows-Shell-Core/AppDefaults", "Provider_Name": "Microsoft-Windows-Shell-Core", "Computer": "DESKTOP-OFJ6N53", "TimeCreated": "2025-08-16 08:38:20.818579+00:00", "RecordID": "2903", "Level": "4", "UserID": "S-1-5-18", "EventData.Info": "QueryDefault-Mismatch: Association=.json, ProgId=Applications\\notepad++.exe, S=S-1-5-18, T:2023:06:04:29:13:01, RH=soLOKttHIMs=, CH=PJihzcegvF8="}
{"EventID": "62440", "Channel": "Microsoft-Windows-Shell-Core/AppDefaults", "Provider_Name": "Microsoft-Windows-Shell-Core", "Computer": "DESKTOP-OFJ6N53", "TimeCreated": "2025-08-16 08:38:20.826977+00:00", "RecordID": "2904", "Level": "4", "UserID": "S-1-5-18", "EventData.ExtOrUriScheme": ".json", "EventData.ProgId": "Applications\\notepad++.exe"}
{"EventID": "62443", "Channel": "Microsoft-Windows-Shell-Core/AppDefaults", "Provider_Name": "Microsoft-Windows-Shell-Core", "Computer": "DESKTOP-OFJ6N53", "TimeCreated": "2025-08-16 08:38:20.826988+00:00", "RecordID": "2905", "Level": "4", "UserID": "S-1-5-18", "EventData.Info": "QueryDefault-Mismatch: Association=.json, ProgId=Applications\\notepad++.exe, S=S-1-5-18, T:2023:06:04:29:13:01, RH=soLOKttHIMs=, CH=PJihzcegvF8="}
{"EventID": "62440", "Channel": "Microsoft-Windows-Shell-Core/AppDefaults", "Provider_Name": "Microsoft-Windows-Shell-Core", "Computer": "DESKTOP-OFJ6N53", "TimeCreated": "2025-08-16 08:38:20.828182+00:00", "RecordID": "2906", "Level": "4", "UserID": "S-1-5-18", "EventData.ExtOrUriScheme": ".json", "EventData.ProgId": "Applications\\notepad++.exe"}
{"EventID": "62443", "Channel": "Microsoft-Windows-Shell-Core/AppDefaults", "Provider_Name": "Microsoft-Windows-Shell-Core", "Computer": "DESKTOP-OFJ6N53", "TimeCreated": "2025-08-16 08:38:20.828194+00:00", "RecordID": "2907", "Level": "4", "UserID": "S-1-5-18", "EventData.Info": "QueryDefault-Mismatch: Association=.json, ProgId=Applications\\notepad++.exe, S=S-1-5-18, T:2023:06:04:29:13:01, RH=soLOKttHIMs=, CH=PJihzcegvF8="}
{"EventID": "62440", "Channel": "Microsoft-Windows-Shell-Core/AppDefaults", "Provider_Name": "Microsoft-Windows-Shell-Core", "Computer": "DESKTOP-OFJ6N53", "TimeCreated": "2025-08-16 08:38:20.850784+00:00", "RecordID": "2908", "Level": "4", "UserID": "S-1-5-18", "EventData.ExtOrUriScheme": ".json", "EventData.ProgId": "Applications\\notepad++.exe"}
{"EventID": "62443", "Channel": "Microsoft-Windows-Shell-Core/AppDefaults", "Provider_Name": "Microsoft-Windows-Shell-Core", "Computer": "DESKTOP-OFJ6N53", "TimeCreated": "2025-08-16 08:38:20.850800+00:00", "RecordID": "2909", "Level": "4", "UserID": "S-1-5-18", "EventData.Info": "QueryDefault-Mismatch: Association=.json, ProgId=Applications\\notepad++.exe, S=S-1-5-18, T:2023:06:04:29:13:01, RH=soLOKttHIMs=, CH=PJihzcegvF8="}
{"EventID": "62440", "Channel": "Microsoft-Windows-Shell-Core/AppDefaults", "Provider_Name": "Microsoft-Windows-Shell-Core", "Computer": "DESKTOP-OFJ6N53", "TimeCreated": "2025-08-16 08:38:20.851713+00:00", "RecordID": "2910", "Level": "4", "UserID": "S-1-5-18", "EventData.ExtOrUriScheme": ".json", "EventData.ProgId": "Applications\\notepad++.exe"}
{"EventID": "62443", "Channel": "Microsoft-Windows-Shell-Core/AppDefaults", "Provider_Name": "Microsoft-Windows-Shell-Core", "Computer": "DESKTOP-OFJ6N53", "TimeCreated": "2025-08-16 08:38:20.851723+00:00", "RecordID": "2911", "Level": "4", "UserID": "S-1-5-18", "EventData.Info": "QueryDefault-Mismatch: Association=.json, ProgId=Applications\\notepad++.exe, S=S-1-5-18, T:2023:06:04:29:13:01, RH=soLOKttHIMs=, CH=PJihzcegvF8="}
{"EventID": "62440", "Channel": "Microsoft-Windows-Shell-Core/AppDefaults", "Provider_Name": "Microsoft-Windows-Shell-Core", "Computer": "DESKTOP-OFJ6N53", "TimeCreated": "2025-08-16 08:38:20.860315+00:00", "RecordID": "2912", "Level": "4", "UserID": "S-1-5-18", "EventData.ExtOrUriScheme": ".json", "EventData.ProgId": "Applications\\notepad++.exe"}
{"EventID": "62443", "Channel": "Microsoft-Windows-Shell-Core/AppDefaults", "Provider_Name": "Microsoft-Windows-Shell-Core", "Computer": "DESKTOP-OFJ6N53", "TimeCreated": "2025-08-16 08:38:20.860331+00:00", "RecordID": "2913", "Level": "4", "UserID": "S-1-5-18", "EventData.Info": "QueryDefault-Mismatch: Association=.json, ProgId=Applications\\notepad++.exe, S=S-1-5-18, T:2023:06:04:29:13:01, RH=soLOKttHIMs=, CH=PJihzcegvF8="}
{"EventID": "62440", "Channel": "Microsoft-Windows-Shell-Core/AppDefaults", "Provider_Name": "Microsoft-Windows-Shell-Core", "Computer": "DESKTOP-OFJ6N53", "TimeCreated": "2025-08-16 08:38:20.861246+00:00", "RecordID": "2914", "Level": "4", "UserID": "S-1-5-18", "EventData.ExtOrUriScheme": ".json", "EventData.ProgId": "Applications\\notepad++.exe"}
{"EventID": "62443", "Channel": "Microsoft-Windows-Shell-Core/AppDefaults", "Provider_Name": "Microsoft-Windows-Shell-Core", "Computer": "DESKTOP-OFJ6N53", "TimeCreated": "2025-08-16 08:38:20.861259+00:00", "RecordID": "2915", "Level": "4", "UserID": "S-1-5-18", "EventData.Info": "QueryDefault-Mismatch: Association=.json, ProgId=Applications\\notepad++.exe, S=S-1-5-18, T:2023:06:04:29:13:01, RH=soLOKttHIMs=, CH=PJihzcegvF8="}
{"EventID": "62440", "Channel": "Microsoft-Windows-Shell-Core/AppDefaults", "Provider_Name": "Microsoft-Windows-Shell-Core", "Computer": "DESKTOP-OFJ6N53", "TimeCreated": "2025-08-17 11:47:24.273703+00:00", "RecordID": "2916", "Level": "4", "UserID": "S-1-5-18", "EventData.ExtOrUriScheme": ".json", "EventData.ProgId": "Applications\\notepad++.exe"}
{"EventID": "62443", "Channel": "Microsoft-Windows-Shell-Core/AppDefaults", "Provider_Name": "Microsoft-Windows-Shell-Core", "Computer": "DESKTOP-OFJ6N53", "TimeCreated": "2025-08-17 11:47:24.273760+00:00", "RecordID": "2917", "Level": "4", "UserID": "S-1-5-18", "EventData.Info": "QueryDefault-Mismatch: Association=.json, ProgId=Applications\\notepad++.exe, S=S-1-5-18, T:2023:06:04:29:13:01, RH=soLOKttHIMs=, CH=PJihzcegvF8="}
{"EventID": "62440", "Channel": "Microsoft-Windows-Shell-Core/AppDefaults", "Provider_Name": "Microsoft-Windows-Shell-Core", "Computer": "DESKTOP-OFJ6N53", "TimeCreated": "2025-08-17 11:47:24.275026+00:00", "RecordID": "2918", "Level": "4", "UserID": "S-1-5-18", "EventData.ExtOrUriScheme": ".json", "EventData.ProgId": "Applications\\notepad++.exe"}
{"EventID": "62443", "Channel": "Microsoft-Windows-Shell-Core/AppDefaults", "Provider_Name": "Microsoft-Windows-Shell-Core", "Computer": "DESKTOP-OFJ6N53", "TimeCreated": "2025-08-17 11:47:24.275036+00:00", "RecordID": "2919", "Level": "4", "UserID": "S-1-5-18", "EventData.Info": "QueryDefault-Mismatch: Association=.json, ProgId=Applications\\notepad++.exe, S=S-1-5-18, T:2023:06:04:29:13:01, RH=soLOKttHIMs=, CH=PJihzcegvF8="}
{"EventID": "62440", "Channel": "Microsoft-Windows-Shell-Core/AppDefaults", "Provider_Name": "Microsoft-Windows-Shell-Core", "Computer": "DESKTOP-OFJ6N53", "TimeCreated": "2025-08-17 11:47:24.278078+00:00", "RecordID": "2920", "Level": "4", "UserID": "S-1-5-18", "EventData.ExtOrUriScheme": ".json", "EventData.ProgId": "Applications\\notepad++.exe"}
{"EventID": "62443", "Channel": "Microsoft-Windows-Shell-Core/AppDefaults", "Provider_Name": "Microsoft-Windows-Shell-Core", "Computer": "DESKTOP-OFJ6N53", "TimeCreated": "2025-08-17 11:47:24.278088+00:00", "RecordID": "2921", "Level": "4", "UserID": "S-1-5-18", "EventData.Info": "QueryDefault-Mismatch: Association=.json, ProgId=Applications\\notepad++.exe, S=S-1-5-18, T:2023:06:04:29:13:01, RH=soLOKttHIMs=, CH=PJihzcegvF8="}
{"EventID": "62440", "Channel": "Microsoft-Windows-Shell-Core/AppDefaults", "Provider_Name": "Microsoft-Windows-Shell-Core", "Computer": "DESKTOP-OFJ6N53", "TimeCreated": "2025-08-17 11:47:24.282963+00:00", "RecordID": "2922", "Level": "4", "UserID": "S-1-5-18", "EventData.ExtOrUriScheme": ".json", "EventData.ProgId": "Applications\\notepad++.exe"}
{"EventID": "62443", "Channel": "Microsoft-Windows-Shell-Core/AppDefaults", "Provider_Name": "Microsoft-Windows-Shell-Core", "Computer": "DESKTOP-OFJ6N53", "TimeCreated": "2025-08-17 11:47:24.282970+00:00", "RecordID": "2923", "Level": "4", "UserID": "S-1-5-18", "EventData.Info": "QueryDefault-Mismatch: Association=.json, ProgId=Applications\\notepad++.exe, S=S-1-5-18, T:2023:06:04:29:13:01, RH=soLOKttHIMs=, CH=PJihzcegvF8="}
{"EventID": "62440", "Channel": "Microsoft-Windows-Shell-Core/AppDefaults", "Provider_Name": "Microsoft-Windows-Shell-Core", "Computer": "DESKTOP-OFJ6N53", "TimeCreated": "2025-08-17 11:47:24.283529+00:00", "RecordID": "2924", "Level": "4", "UserID": "S-1-5-18", "EventData.ExtOrUriScheme": ".json", "EventData.ProgId": "Applications\\notepad++.exe"}
{"EventID": "62443", "Channel": "Microsoft-Windows-Shell-Core/AppDefaults", "Provider_Name": "Microsoft-Windows-Shell-Core", "Computer": "DESKTOP-OFJ6N53", "TimeCreated": "2025-08-17 11:47:24.283535+00:00", "RecordID": "2925", "Level": "4", "UserID": "S-1-5-18", "EventData.Info": "QueryDefault-Mismatch: Association=.json, ProgId=Applications\\notepad++.exe, S=S-1-5-18, T:2023:06:04:29:13:01, RH=soLOKttHIMs=, CH=PJihzcegvF8="}
{"EventID": "62440", "Channel": "Microsoft-Windows-Shell-Core/AppDefaults", "Provider_Name": "Microsoft-Windows-Shell-Core", "Computer": "DESKTOP-OFJ6N53", "TimeCreated": "2025-08-17 11:47:24.298595+00:00", "RecordID": "2926", "Level": "4", "UserID": "S-1-5-18", "EventData.ExtOrUriScheme": ".json", "EventData.ProgId": "Applications\\notepad++.exe"}
{"EventID": "62443", "Channel": "Microsoft-Windows-Shell-Core/AppDefaults", "Provider_Name": "Microsoft-Windows-Shell-Core", "Computer": "DESKTOP-OFJ6N53", "TimeCreated": "2025-08-17 11:47:24.298605+00:00", "RecordID": "2927", "Level": "4", "UserID": "S-1-5-18", "EventData.Info": "QueryDefault-Mismatch: Association=.json, ProgId=Applications\\notepad++.exe, S=S-1-5-18, T:2023:06:04:29:13:01, RH=soLOKttHIMs=, CH=PJihzcegvF8="}
{"EventID": "62440", "Channel": "Microsoft-Windows-Shell-Core/AppDefaults", "Provider_Name": "Microsoft-Windows-Shell-Core", "Computer": "DESKTOP-OFJ6N53", "TimeCreated": "2025-08-17 11:47:24.299189+00:00", "RecordID": "2928", "Level": "4", "UserID": "S-1-5-18", "EventData.ExtOrUriScheme": ".json", "EventData.ProgId": "Applications\\notepad++.exe"}
{"EventID": "62443", "Channel": "Microsoft-Windows-Shell-Core/AppDefaults", "Provider_Name": "Microsoft-Windows-Shell-Core", "Computer": "DESKTOP-OFJ6N53", "TimeCreated": "2025-08-17 11:47:24.299194+00:00", "RecordID": "2929", "Level": "4", "UserID": "S-1-5-18", "EventData.Info": "QueryDefault-Mismatch: Association=.json, ProgId=Applications\\notepad++.exe, S=S-1-5-18, T:2023:06:04:29:13:01, RH=soLOKttHIMs=, CH=PJihzcegvF8="}
{"EventID": "62440", "Channel": "Microsoft-Windows-Shell-Core/AppDefaults", "Provider_Name": "Microsoft-Windows-Shell-Core", "Computer": "DESKTOP-OFJ6N53", "TimeCreated": "2025-08-17 11:47:24.304844+00:00", "RecordID": "2930", "Level": "4", "UserID": "S-1-5-18", "EventData.ExtOrUriScheme": ".json", "EventData.ProgId": "Applications\\notepad++.exe"}
{"EventID": "62443", "Channel": "Microsoft-Windows-Shell-Core/AppDefaults", "Provider_Name": "Microsoft-Windows-Shell-Core", "Computer": "DESKTOP-OFJ6N53", "TimeCreated": "2025-08-17 11:47:24.304853+00:00", "RecordID": "2931", "Level": "4", "UserID": "S-1-5-18", "EventData.Info": "QueryDefault-Mismatch: Association=.json, ProgId=Applications\\notepad++.exe, S=S-1-5-18, T:2023:06:04:29:13:01, RH=soLOKttHIMs=, CH=PJihzcegvF8="}
{"EventID": "62440", "Channel": "Microsoft-Windows-Shell-Core/AppDefaults", "Provider_Name": "Microsoft-Windows-Shell-Core", "Computer": "DESKTOP-OFJ6N53", "TimeCreated": "2025-08-17 11:47:24.305487+00:00", "RecordID": "2932", "Level": "4", "UserID": "S-1-5-18", "EventData.ExtOrUriScheme": ".json", "EventData.ProgId": "Applications\\notepad++.exe"}
{"EventID": "62443", "Channel": "Microsoft-Windows-Shell-Core/AppDefaults", "Provider_Name": "Microsoft-Windows-Shell-Core", "Computer": "DESKTOP-OFJ6N53", "TimeCreated": "2025-08-17 11:47:24.305492+00:00", "RecordID": "2933", "Level": "4", "UserID": "S-1-5-18", "EventData.Info": "QueryDefault-Mismatch: Association=.json, ProgId=Applications\\notepad++.exe, S=S-1-5-18, T:2023:06:04:29:13:01, RH=soLOKttHIMs=, CH=PJihzcegvF8="}
{"EventID": "62440", "Channel": "Microsoft-Windows-Shell-Core/AppDefaults", "Provider_Name": "Microsoft-Windows-Shell-Core", "Computer": "DESKTOP-OFJ6N53", "TimeCreated": "2025-08-18 20:38:26.024792+00:00", "RecordID": "2934", "Level": "4", "UserID": "S-1-5-18", "EventData.ExtOrUriScheme": ".json", "EventData.ProgId": "Applications\\notepad++.exe"}
{"EventID": "62443", "Channel": "Microsoft-Windows-Shell-Core/AppDefaults", "Provider_Name": "Microsoft-Windows-Shell-Core", "Computer": "DESKTOP-OFJ6N53", "TimeCreated": "2025-08-18 20:38:26.024893+00:00", "RecordID": "2935", "Level": "4", "UserID": "S-1-5-18", "EventData.Info": "QueryDefault-Mismatch: Association=.json, ProgId=Applications\\notepad++.exe, S=S-1-5-18, T:2023:06:04:29:13:01, RH=soLOKttHIMs=, CH=PJihzcegvF8="}
{"EventID": "62440", "Channel": "Microsoft-Windows-Shell-Core/AppDefaults", "Provider_Name": "Microsoft-Windows-Shell-Core", "Computer": "DESKTOP-OFJ6N53", "TimeCreated": "2025-08-18 20:38:26.025923+00:00", "RecordID": "2936", "Level": "4", "UserID": "S-1-5-18", "EventData.ExtOrUriScheme": ".json", "EventData.ProgId": "Applications\\notepad++.exe"}
{"EventID": "62443", "Channel": "Microsoft-Windows-Shell-Core/AppDefaults", "Provider_Name": "Microsoft-Windows-Shell-Core", "Computer": "DESKTOP-OFJ6N53", "TimeCreated": "2025-08-18 20:38:26.025934+00:00", "RecordID": "2937", "Level": "4", "UserID": "S-1-5-18", "EventData.Info": "QueryDefault-Mismatch: Association=.json, ProgId=Applications\\notepad++.exe, S=S-1-5-18, T:2023:06:04:29:13:01, RH=soLOKttHIMs=, CH=PJihzcegvF8="}
{"EventID": "62440", "Channel": "Microsoft-Windows-Shell-Core/AppDefaults", "Provider_Name": "Microsoft-Windows-Shell-Core", "Computer": "DESKTOP-OFJ6N53", "TimeCreated": "2025-08-18 20:38:26.029341+00:00", "RecordID": "2938", "Level": "4", "UserID": "S-1-5-18", "EventData.ExtOrUriScheme": ".json", "EventData.ProgId": "Applications\\notepad++.exe"}
{"EventID": "62443", "Channel": "Microsoft-Windows-Shell-Core/AppDefaults", "Provider_Name": "Microsoft-Windows-Shell-Core", "Computer": "DESKTOP-OFJ6N53", "TimeCreated": "2025-08-18 20:38:26.029350+00:00", "RecordID": "2939", "Level": "4", "UserID": "S-1-5-18", "EventData.Info": "QueryDefault-Mismatch: Association=.json, ProgId=Applications\\notepad++.exe, S=S-1-5-18, T:2023:06:04:29:13:01, RH=soLOKttHIMs=, CH=PJihzcegvF8="}
{"EventID": "62440", "Channel": "Microsoft-Windows-Shell-Core/AppDefaults", "Provider_Name": "Microsoft-Windows-Shell-Core", "Computer": "DESKTOP-OFJ6N53", "TimeCreated": "2025-08-18 20:38:26.034512+00:00", "RecordID": "2940", "Level": "4", "UserID": "S-1-5-18", "EventData.ExtOrUriScheme": ".json", "EventData.ProgId": "Applications\\notepad++.exe"}
{"EventID": "62443", "Channel": "Microsoft-Windows-Shell-Core/AppDefaults", "Provider_Name": "Microsoft-Windows-Shell-Core", "Computer": "DESKTOP-OFJ6N53", "TimeCreated": "2025-08-18 20:38:26.034517+00:00", "RecordID": "2941", "Level": "4", "UserID": "S-1-5-18", "EventData.Info": "QueryDefault-Mismatch: Association=.json, ProgId=Applications\\notepad++.exe, S=S-1-5-18, T:2023:06:04:29:13:01, RH=soLOKttHIMs=, CH=PJihzcegvF8="}
{"EventID": "62440", "Channel": "Microsoft-Windows-Shell-Core/AppDefaults", "Provider_Name": "Microsoft-Windows-Shell-Core", "Computer": "DESKTOP-OFJ6N53", "TimeCreated": "2025-08-18 20:38:26.035191+00:00", "RecordID": "2942", "Level": "4", "UserID": "S-1-5-18", "EventData.ExtOrUriScheme": ".json", "EventData.ProgId": "Applications\\notepad++.exe"}
{"EventID": "62443", "Channel": "Microsoft-Windows-Shell-Core/AppDefaults", "Provider_Name": "Microsoft-Windows-Shell-Core", "Computer": "DESKTOP-OFJ6N53", "TimeCreated": "2025-08-18 20:38:26.035198+00:00", "RecordID": "2943", "Level": "4", "UserID": "S-1-5-18", "EventData.Info": "QueryDefault-Mismatch: Association=.json, ProgId=Applications\\notepad++.exe, S=S-1-5-18, T:2023:06:04:29:13:01, RH=soLOKttHIMs=, CH=PJihzcegvF8="}
{"EventID": "62440", "Channel": "Microsoft-Windows-Shell-Core/AppDefaults", "Provider_Name": "Microsoft-Windows-Shell-Core", "Computer": "DESKTOP-OFJ6N53", "TimeCreated": "2025-08-18 20:38:26.052355+00:00", "RecordID": "2944", "Level": "4", "UserID": "S-1-5-18", "EventData.ExtOrUriScheme": ".json", "EventData.ProgId": "Applications\\notepad++.exe"}
{"EventID": "62443", "Channel": "Microsoft-Windows-Shell-Core/AppDefaults", "Provider_Name": "Microsoft-Windows-Shell-Core", "Computer": "DESKTOP-OFJ6N53", "TimeCreated": "2025-08-18 20:38:26.052368+00:00", "RecordID": "2945", "Level": "4", "UserID": "S-1-5-18", "EventData.Info": "QueryDefault-Mismatch: Association=.json, ProgId=Applications\\notepad++.exe, S=S-1-5-18, T:2023:06:04:29:13:01, RH=soLOKttHIMs=, CH=PJihzcegvF8="}
{"EventID": "62440", "Channel": "Microsoft-Windows-Shell-Core/AppDefaults", "Provider_Name": "Microsoft-Windows-Shell-Core", "Computer": "DESKTOP-OFJ6N53", "TimeCreated": "2025-08-18 20:38:26.053352+00:00", "RecordID": "2946", "Level": "4", "UserID": "S-1-5-18", "EventData.ExtOrUriScheme": ".json", "EventData.ProgId": "Applications\\notepad++.exe"}
{"EventID": "62443", "Channel": "Microsoft-Windows-Shell-Core/AppDefaults", "Provider_Name": "Microsoft-Windows-Shell-Core", "Computer": "DESKTOP-OFJ6N53", "TimeCreated": "2025-08-18 20:38:26.053364+00:00", "RecordID": "2947", "Level": "4", "UserID": "S-1-5-18", "EventData.Info": "QueryDefault-Mismatch: Association=.json, ProgId=Applications\\notepad++.exe, S=S-1-5-18, T:2023:06:04:29:13:01, RH=soLOKttHIMs=, CH=PJihzcegvF8="}
{"EventID": "62440", "Channel": "Microsoft-Windows-Shell-Core/AppDefaults", "Provider_Name": "Microsoft-Windows-Shell-Core", "Computer": "DESKTOP-OFJ6N53", "TimeCreated": "2025-08-18 20:38:26.061621+00:00", "RecordID": "2948", "Level": "4", "UserID": "S-1-5-18", "EventData.ExtOrUriScheme": ".json", "EventData.ProgId": "Applications\\notepad++.exe"}
{"EventID": "62443", "Channel": "Microsoft-Windows-Shell-Core/AppDefaults", "Provider_Name": "Microsoft-Windows-Shell-Core", "Computer": "DESKTOP-OFJ6N53", "TimeCreated": "2025-08-18 20:38:26.061632+00:00", "RecordID": "2949", "Level": "4", "UserID": "S-1-5-18", "EventData.Info": "QueryDefault-Mismatch: Association=.json, ProgId=Applications\\notepad++.exe, S=S-1-5-18, T:2023:06:04:29:13:01, RH=soLOKttHIMs=, CH=PJihzcegvF8="}
{"EventID": "62440", "Channel": "Microsoft-Windows-Shell-Core/AppDefaults", "Provider_Name": "Microsoft-Windows-Shell-Core", "Computer": "DESKTOP-OFJ6N53", "TimeCreated": "2025-08-18 20:38:26.062645+00:00", "RecordID": "2950", "Level": "4", "UserID": "S-1-5-18", "EventData.ExtOrUriScheme": ".json", "EventData.ProgId": "Applications\\notepad++.exe"}
{"EventID": "62443", "Channel": "Microsoft-Windows-Shell-Core/AppDefaults", "Provider_Name": "Microsoft-Windows-Shell-Core", "Computer": "DESKTOP-OFJ6N53", "TimeCreated": "2025-08-18 20:38:26.062654+00:00", "RecordID": "2951", "Level": "4", "UserID": "S-1-5-18", "EventData.Info": "QueryDefault-Mismatch: Association=.json, ProgId=Applications\\notepad++.exe, S=S-1-5-18, T:2023:06:04:29:13:01, RH=soLOKttHIMs=, CH=PJihzcegvF8="}
{"EventID": "62443", "Channel": "Microsoft-Windows-Shell-Core/AppDefaults", "Provider_Name": "Microsoft-Windows-Shell-Core", "Computer": "DESKTOP-OFJ6N53", "TimeCreated": "2025-08-19 07:19:16.074160+00:00", "RecordID": "2952", "Level": "4", "UserID": "S-1-5-21-963789628-1060504924-4285088085-1001", "EventData.Info": "File Association hash version is still the same"}
{"EventID": "62443", "Channel": "Microsoft-Windows-Shell-Core/AppDefaults", "Provider_Name": "Microsoft-Windows-Shell-Core", "Computer": "DESKTOP-OFJ6N53", "TimeCreated": "2025-08-19 07:19:16.076054+00:00", "RecordID": "2953", "Level": "4", "UserID": "S-1-5-21-963789628-1060504924-4285088085-1001", "EventData.Info": "AppDefaults-Logon-UserProfileLoaded"}
{"EventID": "62443", "Channel": "Microsoft-Windows-Shell-Core/AppDefaults", "Provider_Name": "Microsoft-Windows-Shell-Core", "Computer": "DESKTOP-OFJ6N53", "TimeCreated": "2025-08-19 07:19:59.040152+00:00", "RecordID": "2954", "Level": "4", "UserID": "S-1-5-21-963789628-1060504924-4285088085-1001", "EventData.Info": "Querying default browser info"}
{"EventID": "62443", "Channel": "Microsoft-Windows-Shell-Core/AppDefaults", "Provider_Name": "Microsoft-Windows-Shell-Core", "Computer": "DESKTOP-OFJ6N53", "TimeCreated": "2025-08-19 07:34:12.447495+00:00", "RecordID": "2955", "Level": "4", "UserID": "S-1-5-21-963789628-1060504924-4285088085-1001", "EventData.Info": "Querying default browser info"}
{"EventID": "62443", "Channel": "Microsoft-Windows-Shell-Core/AppDefaults", "Provider_Name": "Microsoft-Windows-Shell-Core", "Computer": "DESKTOP-OFJ6N53", "TimeCreated": "2025-08-19 07:42:49.334888+00:00", "RecordID": "2956", "Level": "4", "UserID": "S-1-5-21-963789628-1060504924-4285088085-1001", "EventData.Info": "SetDefault: Association=.yaml, ProgId=yaml_auto_file"}
{"EventID": "62443", "Channel": "Microsoft-Windows-Shell-Core/AppDefaults", "Provider_Name": "Microsoft-Windows-Shell-Core", "Computer": "DESKTOP-OFJ6N53", "TimeCreated": "2025-08-19 07:42:49.336466+00:00", "RecordID": "2957", "Level": "4", "UserID": "S-1-5-21-963789628-1060504924-4285088085-1001", "EventData.Info": "SetDefault-Info: Association=.yaml, ProgId=yaml_auto_file, U=S-1-5-21-963789628-1060504924-4285088085-1001, T=2025:08:02:19:07:42, H=nijzohEtqGU="}
{"EventID": "62443", "Channel": "Microsoft-Windows-Shell-Core/AppDefaults", "Provider_Name": "Microsoft-Windows-Shell-Core", "Computer": "DESKTOP-OFJ6N53", "TimeCreated": "2025-08-19 07:44:43.097240+00:00", "RecordID": "2958", "Level": "4", "UserID": "S-1-5-21-963789628-1060504924-4285088085-1001", "EventData.Info": "File Association hash version is still the same"}
{"EventID": "62443", "Channel": "Microsoft-Windows-Shell-Core/AppDefaults", "Provider_Name": "Microsoft-Windows-Shell-Core", "Computer": "DESKTOP-OFJ6N53", "TimeCreated": "2025-08-19 07:44:43.098900+00:00", "RecordID": "2959", "Level": "4", "UserID": "S-1-5-21-963789628-1060504924-4285088085-1001", "EventData.Info": "AppDefaults-Logon-UserProfileLoaded"}
{"EventID": "62443", "Channel": "Microsoft-Windows-Shell-Core/AppDefaults", "Provider_Name": "Microsoft-Windows-Shell-Core", "Computer": "DESKTOP-OFJ6N53", "TimeCreated": "2025-08-19 07:45:04.186937+00:00", "RecordID": "2960", "Level": "4", "UserID": "S-1-5-21-963789628-1060504924-4285088085-1001", "EventData.Info": "Querying default browser info"}
{"EventID": "62443", "Channel": "Microsoft-Windows-Shell-Core/AppDefaults", "Provider_Name": "Microsoft-Windows-Shell-Core", "Computer": "DESKTOP-OFJ6N53", "TimeCreated": "2025-08-19 07:59:40.524946+00:00", "RecordID": "2961", "Level": "4", "UserID": "S-1-5-21-963789628-1060504924-4285088085-1001", "EventData.Info": "Querying default browser info"}
{"EventID": "62440", "Channel": "Microsoft-Windows-Shell-Core/AppDefaults", "Provider_Name": "Microsoft-Windows-Shell-Core", "Computer": "DESKTOP-OFJ6N53", "TimeCreated": "2025-08-19 12:24:19.117792+00:00", "RecordID": "2962", "Level": "4", "UserID": "S-1-5-18", "EventData.ExtOrUriScheme": ".json", "EventData.ProgId": "Applications\\notepad++.exe"}
{"EventID": "62443", "Channel": "Microsoft-Windows-Shell-Core/AppDefaults", "Provider_Name": "Microsoft-Windows-Shell-Core", "Computer": "DESKTOP-OFJ6N53", "TimeCreated": "2025-08-19 12:24:19.117832+00:00", "RecordID": "2963", "Level": "4", "UserID": "S-1-5-18", "EventData.Info": "QueryDefault-Mismatch: Association=.json, ProgId=Applications\\notepad++.exe, S=S-1-5-18, T:2023:06:04:29:13:01, RH=soLOKttHIMs=, CH=PJihzcegvF8="}
{"EventID": "62440", "Channel": "Microsoft-Windows-Shell-Core/AppDefaults", "Provider_Name": "Microsoft-Windows-Shell-Core", "Computer": "DESKTOP-OFJ6N53", "TimeCreated": "2025-08-19 12:24:19.118835+00:00", "RecordID": "2964", "Level": "4", "UserID": "S-1-5-18", "EventData.ExtOrUriScheme": ".json", "EventData.ProgId": "Applications\\notepad++.exe"}
{"EventID": "62443", "Channel": "Microsoft-Windows-Shell-Core/AppDefaults", "Provider_Name": "Microsoft-Windows-Shell-Core", "Computer": "DESKTOP-OFJ6N53", "TimeCreated": "2025-08-19 12:24:19.118845+00:00", "RecordID": "2965", "Level": "4", "UserID": "S-1-5-18", "EventData.Info": "QueryDefault-Mismatch: Association=.json, ProgId=Applications\\notepad++.exe, S=S-1-5-18, T:2023:06:04:29:13:01, RH=soLOKttHIMs=, CH=PJihzcegvF8="}
{"EventID": "62440", "Channel": "Microsoft-Windows-Shell-Core/AppDefaults", "Provider_Name": "Microsoft-Windows-Shell-Core", "Computer": "DESKTOP-OFJ6N53", "TimeCreated": "2025-08-19 12:24:19.123369+00:00", "RecordID": "2966", "Level": "4", "UserID": "S-1-5-18", "EventData.ExtOrUriScheme": ".json", "EventData.ProgId": "Applications\\notepad++.exe"}
{"EventID": "62443", "Channel": "Microsoft-Windows-Shell-Core/AppDefaults", "Provider_Name": "Microsoft-Windows-Shell-Core", "Computer": "DESKTOP-OFJ6N53", "TimeCreated": "2025-08-19 12:24:19.123383+00:00", "RecordID": "2967", "Level": "4", "UserID": "S-1-5-18", "EventData.Info": "QueryDefault-Mismatch: Association=.json, ProgId=Applications\\notepad++.exe, S=S-1-5-18, T:2023:06:04:29:13:01, RH=soLOKttHIMs=, CH=PJihzcegvF8="}
{"EventID": "62440", "Channel": "Microsoft-Windows-Shell-Core/AppDefaults", "Provider_Name": "Microsoft-Windows-Shell-Core", "Computer": "DESKTOP-OFJ6N53", "TimeCreated": "2025-08-19 12:24:19.131615+00:00", "RecordID": "2968", "Level": "4", "UserID": "S-1-5-18", "EventData.ExtOrUriScheme": ".json", "EventData.ProgId": "Applications\\notepad++.exe"}
{"EventID": "62443", "Channel": "Microsoft-Windows-Shell-Core/AppDefaults", "Provider_Name": "Microsoft-Windows-Shell-Core", "Computer": "DESKTOP-OFJ6N53", "TimeCreated": "2025-08-19 12:24:19.131624+00:00", "RecordID": "2969", "Level": "4", "UserID": "S-1-5-18", "EventData.Info": "QueryDefault-Mismatch: Association=.json, ProgId=Applications\\notepad++.exe, S=S-1-5-18, T:2023:06:04:29:13:01, RH=soLOKttHIMs=, CH=PJihzcegvF8="}
{"EventID": "62440", "Channel": "Microsoft-Windows-Shell-Core/AppDefaults", "Provider_Name": "Microsoft-Windows-Shell-Core", "Computer": "DESKTOP-OFJ6N53", "TimeCreated": "2025-08-19 12:24:19.132627+00:00", "RecordID": "2970", "Level": "4", "UserID": "S-1-5-18", "EventData.ExtOrUriScheme": ".json", "EventData.ProgId": "Applications\\notepad++.exe"}
{"EventID": "62443", "Channel": "Microsoft-Windows-Shell-Core/AppDefaults", "Provider_Name": "Microsoft-Windows-Shell-Core", "Computer": "DESKTOP-OFJ6N53", "TimeCreated": "2025-08-19 12:24:19.132641+00:00", "RecordID": "2971", "Level": "4", "UserID": "S-1-5-18", "EventData.Info": "QueryDefault-Mismatch: Association=.json, ProgId=Applications\\notepad++.exe, S=S-1-5-18, T:2023:06:04:29:13:01, RH=soLOKttHIMs=, CH=PJihzcegvF8="}
{"EventID": "62440", "Channel": "Microsoft-Windows-Shell-Core/AppDefaults", "Provider_Name": "Microsoft-Windows-Shell-Core", "Computer": "DESKTOP-OFJ6N53", "TimeCreated": "2025-08-19 12:24:19.156878+00:00", "RecordID": "2972", "Level": "4", "UserID": "S-1-5-18", "EventData.ExtOrUriScheme": ".json", "EventData.ProgId": "Applications\\notepad++.exe"}
{"EventID": "62443", "Channel": "Microsoft-Windows-Shell-Core/AppDefaults", "Provider_Name": "Microsoft-Windows-Shell-Core", "Computer": "DESKTOP-OFJ6N53", "TimeCreated": "2025-08-19 12:24:19.156889+00:00", "RecordID": "2973", "Level": "4", "UserID": "S-1-5-18", "EventData.Info": "QueryDefault-Mismatch: Association=.json, ProgId=Applications\\notepad++.exe, S=S-1-5-18, T:2023:06:04:29:13:01, RH=soLOKttHIMs=, CH=PJihzcegvF8="}
{"EventID": "62440", "Channel": "Microsoft-Windows-Shell-Core/AppDefaults", "Provider_Name": "Microsoft-Windows-Shell-Core", "Computer": "DESKTOP-OFJ6N53", "TimeCreated": "2025-08-19 12:24:19.157598+00:00", "RecordID": "2974", "Level": "4", "UserID": "S-1-5-18", "EventData.ExtOrUriScheme": ".json", "EventData.ProgId": "Applications\\notepad++.exe"}
{"EventID": "62443", "Channel": "Microsoft-Windows-Shell-Core/AppDefaults", "Provider_Name": "Microsoft-Windows-Shell-Core", "Computer": "DESKTOP-OFJ6N53", "TimeCreated": "2025-08-19 12:24:19.157608+00:00", "RecordID": "2975", "Level": "4", "UserID": "S-1-5-18", "EventData.Info": "QueryDefault-Mismatch: Association=.json, ProgId=Applications\\notepad++.exe, S=S-1-5-18, T:2023:06:04:29:13:01, RH=soLOKttHIMs=, CH=PJihzcegvF8="}
{"EventID": "62440", "Channel": "Microsoft-Windows-Shell-Core/AppDefaults", "Provider_Name": "Microsoft-Windows-Shell-Core", "Computer": "DESKTOP-OFJ6N53", "TimeCreated": "2025-08-19 12:24:19.166292+00:00", "RecordID": "2976", "Level": "4", "UserID": "S-1-5-18", "EventData.ExtOrUriScheme": ".json", "EventData.ProgId": "Applications\\notepad++.exe"}
{"EventID": "62443", "Channel": "Microsoft-Windows-Shell-Core/AppDefaults", "Provider_Name": "Microsoft-Windows-Shell-Core", "Computer": "DESKTOP-OFJ6N53", "TimeCreated": "2025-08-19 12:24:19.166307+00:00", "RecordID": "2977", "Level": "4", "UserID": "S-1-5-18", "EventData.Info": "QueryDefault-Mismatch: Association=.json, ProgId=Applications\\notepad++.exe, S=S-1-5-18, T:2023:06:04:29:13:01, RH=soLOKttHIMs=, CH=PJihzcegvF8="}
{"EventID": "62440", "Channel": "Microsoft-Windows-Shell-Core/AppDefaults", "Provider_Name": "Microsoft-Windows-Shell-Core", "Computer": "DESKTOP-OFJ6N53", "TimeCreated": "2025-08-19 12:24:19.167816+00:00", "RecordID": "2978", "Level": "4", "UserID": "S-1-5-18", "EventData.ExtOrUriScheme": ".json", "EventData.ProgId": "Applications\\notepad++.exe"}
{"EventID": "62443", "Channel": "Microsoft-Windows-Shell-Core/AppDefaults", "Provider_Name": "Microsoft-Windows-Shell-Core", "Computer": "DESKTOP-OFJ6N53", "TimeCreated": "2025-08-19 12:24:19.167830+00:00", "RecordID": "2979", "Level": "4", "UserID": "S-1-5-18", "EventData.Info": "QueryDefault-Mismatch: Association=.json, ProgId=Applications\\notepad++.exe, S=S-1-5-18, T:2023:06:04:29:13:01, RH=soLOKttHIMs=, CH=PJihzcegvF8="}
{"EventID": "62440", "Channel": "Microsoft-Windows-Shell-Core/AppDefaults", "Provider_Name": "Microsoft-Windows-Shell-Core", "Computer": "DESKTOP-OFJ6N53", "TimeCreated": "2025-08-20 05:44:36.521126+00:00", "RecordID": "2980", "Level": "4", "UserID": "S-1-5-18", "EventData.ExtOrUriScheme": ".json", "EventData.ProgId": "Applications\\notepad++.exe"}
{"EventID": "62443", "Channel": "Microsoft-Windows-Shell-Core/AppDefaults", "Provider_Name": "Microsoft-Windows-Shell-Core", "Computer": "DESKTOP-OFJ6N53", "TimeCreated": "2025-08-20 05:44:36.521166+00:00", "RecordID": "2981", "Level": "4", "UserID": "S-1-5-18", "EventData.Info": "QueryDefault-Mismatch: Association=.json, ProgId=Applications\\notepad++.exe, S=S-1-5-18, T:2023:06:04:29:13:01, RH=soLOKttHIMs=, CH=PJihzcegvF8="}
{"EventID": "62440", "Channel": "Microsoft-Windows-Shell-Core/AppDefaults", "Provider_Name": "Microsoft-Windows-Shell-Core", "Computer": "DESKTOP-OFJ6N53", "TimeCreated": "2025-08-20 05:44:36.522142+00:00", "RecordID": "2982", "Level": "4", "UserID": "S-1-5-18", "EventData.ExtOrUriScheme": ".json", "EventData.ProgId": "Applications\\notepad++.exe"}
{"EventID": "62443", "Channel": "Microsoft-Windows-Shell-Core/AppDefaults", "Provider_Name": "Microsoft-Windows-Shell-Core", "Computer": "DESKTOP-OFJ6N53", "TimeCreated": "2025-08-20 05:44:36.522154+00:00", "RecordID": "2983", "Level": "4", "UserID": "S-1-5-18", "EventData.Info": "QueryDefault-Mismatch: Association=.json, ProgId=Applications\\notepad++.exe, S=S-1-5-18, T:2023:06:04:29:13:01, RH=soLOKttHIMs=, CH=PJihzcegvF8="}
{"EventID": "62440", "Channel": "Microsoft-Windows-Shell-Core/AppDefaults", "Provider_Name": "Microsoft-Windows-Shell-Core", "Computer": "DESKTOP-OFJ6N53", "TimeCreated": "2025-08-20 05:44:36.524748+00:00", "RecordID": "2984", "Level": "4", "UserID": "S-1-5-18", "EventData.ExtOrUriScheme": ".json", "EventData.ProgId": "Applications\\notepad++.exe"}
{"EventID": "62443", "Channel": "Microsoft-Windows-Shell-Core/AppDefaults", "Provider_Name": "Microsoft-Windows-Shell-Core", "Computer": "DESKTOP-OFJ6N53", "TimeCreated": "2025-08-20 05:44:36.524757+00:00", "RecordID": "2985", "Level": "4", "UserID": "S-1-5-18", "EventData.Info": "QueryDefault-Mismatch: Association=.json, ProgId=Applications\\notepad++.exe, S=S-1-5-18, T:2023:06:04:29:13:01, RH=soLOKttHIMs=, CH=PJihzcegvF8="}
{"EventID": "62440", "Channel": "Microsoft-Windows-Shell-Core/AppDefaults", "Provider_Name": "Microsoft-Windows-Shell-Core", "Computer": "DESKTOP-OFJ6N53", "TimeCreated": "2025-08-20 05:44:36.530664+00:00", "RecordID": "2986", "Level": "4", "UserID": "S-1-5-18", "EventData.ExtOrUriScheme": ".json", "EventData.ProgId": "Applications\\notepad++.exe"}
{"EventID": "62443", "Channel": "Microsoft-Windows-Shell-Core/AppDefaults", "Provider_Name": "Microsoft-Windows-Shell-Core", "Computer": "DESKTOP-OFJ6N53", "TimeCreated": "2025-08-20 05:44:36.530678+00:00", "RecordID": "2987", "Level": "4", "UserID": "S-1-5-18", "EventData.Info": "QueryDefault-Mismatch: Association=.json, ProgId=Applications\\notepad++.exe, S=S-1-5-18, T:2023:06:04:29:13:01, RH=soLOKttHIMs=, CH=PJihzcegvF8="}
{"EventID": "62440", "Channel": "Microsoft-Windows-Shell-Core/AppDefaults", "Provider_Name": "Microsoft-Windows-Shell-Core", "Computer": "DESKTOP-OFJ6N53", "TimeCreated": "2025-08-20 05:44:36.531399+00:00", "RecordID": "2988", "Level": "4", "UserID": "S-1-5-18", "EventData.ExtOrUriScheme": ".json", "EventData.ProgId": "Applications\\notepad++.exe"}
{"EventID": "62443", "Channel": "Microsoft-Windows-Shell-Core/AppDefaults", "Provider_Name": "Microsoft-Windows-Shell-Core", "Computer": "DESKTOP-OFJ6N53", "TimeCreated": "2025-08-20 05:44:36.531408+00:00", "RecordID": "2989", "Level": "4", "UserID": "S-1-5-18", "EventData.Info": "QueryDefault-Mismatch: Association=.json, ProgId=Applications\\notepad++.exe, S=S-1-5-18, T:2023:06:04:29:13:01, RH=soLOKttHIMs=, CH=PJihzcegvF8="}
{"EventID": "62440", "Channel": "Microsoft-Windows-Shell-Core/AppDefaults", "Provider_Name": "Microsoft-Windows-Shell-Core", "Computer": "DESKTOP-OFJ6N53", "TimeCreated": "2025-08-20 05:44:36.546251+00:00", "RecordID": "2990", "Level": "4", "UserID": "S-1-5-18", "EventData.ExtOrUriScheme": ".json", "EventData.ProgId": "Applications\\notepad++.exe"}
{"EventID": "62443", "Channel": "Microsoft-Windows-Shell-Core/AppDefaults", "Provider_Name": "Microsoft-Windows-Shell-Core", "Computer": "DESKTOP-OFJ6N53", "TimeCreated": "2025-08-20 05:44:36.546263+00:00", "RecordID": "2991", "Level": "4", "UserID": "S-1-5-18", "EventData.Info": "QueryDefault-Mismatch: Association=.json, ProgId=Applications\\notepad++.exe, S=S-1-5-18, T:2023:06:04:29:13:01, RH=soLOKttHIMs=, CH=PJihzcegvF8="}
{"EventID": "62440", "Channel": "Microsoft-Windows-Shell-Core/AppDefaults", "Provider_Name": "Microsoft-Windows-Shell-Core", "Computer": "DESKTOP-OFJ6N53", "TimeCreated": "2025-08-20 05:44:36.546862+00:00", "RecordID": "2992", "Level": "4", "UserID": "S-1-5-18", "EventData.ExtOrUriScheme": ".json", "EventData.ProgId": "Applications\\notepad++.exe"}
{"EventID": "62443", "Channel": "Microsoft-Windows-Shell-Core/AppDefaults", "Provider_Name": "Microsoft-Windows-Shell-Core", "Computer": "DESKTOP-OFJ6N53", "TimeCreated": "2025-08-20 05:44:36.546873+00:00", "RecordID": "2993", "Level": "4", "UserID": "S-1-5-18", "EventData.Info": "QueryDefault-Mismatch: Association=.json, ProgId=Applications\\notepad++.exe, S=S-1-5-18, T:2023:06:04:29:13:01, RH=soLOKttHIMs=, CH=PJihzcegvF8="}
{"EventID": "62440", "Channel": "Microsoft-Windows-Shell-Core/AppDefaults", "Provider_Name": "Microsoft-Windows-Shell-Core", "Computer": "DESKTOP-OFJ6N53", "TimeCreated": "2025-08-20 05:44:36.552343+00:00", "RecordID": "2994", "Level": "4", "UserID": "S-1-5-18", "EventData.ExtOrUriScheme": ".json", "EventData.ProgId": "Applications\\notepad++.exe"}
{"EventID": "62443", "Channel": "Microsoft-Windows-Shell-Core/AppDefaults", "Provider_Name": "Microsoft-Windows-Shell-Core", "Computer": "DESKTOP-OFJ6N53", "TimeCreated": "2025-08-20 05:44:36.552362+00:00", "RecordID": "2995", "Level": "4", "UserID": "S-1-5-18", "EventData.Info": "QueryDefault-Mismatch: Association=.json, ProgId=Applications\\notepad++.exe, S=S-1-5-18, T:2023:06:04:29:13:01, RH=soLOKttHIMs=, CH=PJihzcegvF8="}
{"EventID": "62440", "Channel": "Microsoft-Windows-Shell-Core/AppDefaults", "Provider_Name": "Microsoft-Windows-Shell-Core", "Computer": "DESKTOP-OFJ6N53", "TimeCreated": "2025-08-20 05:44:36.553003+00:00", "RecordID": "2996", "Level": "4", "UserID": "S-1-5-18", "EventData.ExtOrUriScheme": ".json", "EventData.ProgId": "Applications\\notepad++.exe"}
{"EventID": "62443", "Channel": "Microsoft-Windows-Shell-Core/AppDefaults", "Provider_Name": "Microsoft-Windows-Shell-Core", "Computer": "DESKTOP-OFJ6N53", "TimeCreated": "2025-08-20 05:44:36.553013+00:00", "RecordID": "2997", "Level": "4", "UserID": "S-1-5-18", "EventData.Info": "QueryDefault-Mismatch: Association=.json, ProgId=Applications\\notepad++.exe, S=S-1-5-18, T:2023:06:04:29:13:01, RH=soLOKttHIMs=, CH=PJihzcegvF8="}
{"EventID": "62440", "Channel": "Microsoft-Windows-Shell-Core/AppDefaults", "Provider_Name": "Microsoft-Windows-Shell-Core", "Computer": "DESKTOP-OFJ6N53", "TimeCreated": "2025-08-21 09:33:15.922466+00:00", "RecordID": "2998", "Level": "4", "UserID": "S-1-5-18", "EventData.ExtOrUriScheme": ".json", "EventData.ProgId": "Applications\\notepad++.exe"}
{"EventID": "62443", "Channel": "Microsoft-Windows-Shell-Core/AppDefaults", "Provider_Name": "Microsoft-Windows-Shell-Core", "Computer": "DESKTOP-OFJ6N53", "TimeCreated": "2025-08-21 09:33:15.922501+00:00", "RecordID": "2999", "Level": "4", "UserID": "S-1-5-18", "EventData.Info": "QueryDefault-Mismatch: Association=.json, ProgId=Applications\\notepad++.exe, S=S-1-5-18, T:2023:06:04:29:13:01, RH=soLOKttHIMs=, CH=PJihzcegvF8="}
{"EventID": "62440", "Channel": "Microsoft-Windows-Shell-Core/AppDefaults", "Provider_Name": "Microsoft-Windows-Shell-Core", "Computer": "DESKTOP-OFJ6N53", "TimeCreated": "2025-08-21 09:33:15.923529+00:00", "RecordID": "3000", "Level": "4", "UserID": "S-1-5-18", "EventData.ExtOrUriScheme": ".json", "EventData.ProgId": "Applications\\notepad++.exe"}
{"EventID": "62443", "Channel": "Microsoft-Windows-Shell-Core/AppDefaults", "Provider_Name": "Microsoft-Windows-Shell-Core", "Computer": "DESKTOP-OFJ6N53", "TimeCreated": "2025-08-21 09:33:15.923536+00:00", "RecordID": "3001", "Level": "4", "UserID": "S-1-5-18", "EventData.Info": "QueryDefault-Mismatch: Association=.json, ProgId=Applications\\notepad++.exe, S=S-1-5-18, T:2023:06:04:29:13:01, RH=soLOKttHIMs=, CH=PJihzcegvF8="}
{"EventID": "62440", "Channel": "Microsoft-Windows-Shell-Core/AppDefaults", "Provider_Name": "Microsoft-Windows-Shell-Core", "Computer": "DESKTOP-OFJ6N53", "TimeCreated": "2025-08-21 09:33:15.927059+00:00", "RecordID": "3002", "Level": "4", "UserID": "S-1-5-18", "EventData.ExtOrUriScheme": ".json", "EventData.ProgId": "Applications\\notepad++.exe"}
{"EventID": "62443", "Channel": "Microsoft-Windows-Shell-Core/AppDefaults", "Provider_Name": "Microsoft-Windows-Shell-Core", "Computer": "DESKTOP-OFJ6N53", "TimeCreated": "2025-08-21 09:33:15.927067+00:00", "RecordID": "3003", "Level": "4", "UserID": "S-1-5-18", "EventData.Info": "QueryDefault-Mismatch: Association=.json, ProgId=Applications\\notepad++.exe, S=S-1-5-18, T:2023:06:04:29:13:01, RH=soLOKttHIMs=, CH=PJihzcegvF8="}
{"EventID": "62440", "Channel": "Microsoft-Windows-Shell-Core/AppDefaults", "Provider_Name": "Microsoft-Windows-Shell-Core", "Computer": "DESKTOP-OFJ6N53", "TimeCreated": "2025-08-21 09:33:15.934977+00:00", "RecordID": "3004", "Level": "4", "UserID": "S-1-5-18", "EventData.ExtOrUriScheme": ".json", "EventData.ProgId": "Applications\\notepad++.exe"}
{"EventID": "62443", "Channel": "Microsoft-Windows-Shell-Core/AppDefaults", "Provider_Name": "Microsoft-Windows-Shell-Core", "Computer": "DESKTOP-OFJ6N53", "TimeCreated": "2025-08-21 09:33:15.934988+00:00", "RecordID": "3005", "Level": "4", "UserID": "S-1-5-18", "EventData.Info": "QueryDefault-Mismatch: Association=.json, ProgId=Applications\\notepad++.exe, S=S-1-5-18, T:2023:06:04:29:13:01, RH=soLOKttHIMs=, CH=PJihzcegvF8="}
{"EventID": "62440", "Channel": "Microsoft-Windows-Shell-Core/AppDefaults", "Provider_Name": "Microsoft-Windows-Shell-Core", "Computer": "DESKTOP-OFJ6N53", "TimeCreated": "2025-08-21 09:33:15.935852+00:00", "RecordID": "3006", "Level": "4", "UserID": "S-1-5-18", "EventData.ExtOrUriScheme": ".json", "EventData.ProgId": "Applications\\notepad++.exe"}
{"EventID": "62443", "Channel": "Microsoft-Windows-Shell-Core/AppDefaults", "Provider_Name": "Microsoft-Windows-Shell-Core", "Computer": "DESKTOP-OFJ6N53", "TimeCreated": "2025-08-21 09:33:15.935860+00:00", "RecordID": "3007", "Level": "4", "UserID": "S-1-5-18", "EventData.Info": "QueryDefault-Mismatch: Association=.json, ProgId=Applications\\notepad++.exe, S=S-1-5-18, T:2023:06:04:29:13:01, RH=soLOKttHIMs=, CH=PJihzcegvF8="}
{"EventID": "62440", "Channel": "Microsoft-Windows-Shell-Core/AppDefaults", "Provider_Name": "Microsoft-Windows-Shell-Core", "Computer": "DESKTOP-OFJ6N53", "TimeCreated": "2025-08-21 09:33:15.954905+00:00", "RecordID": "3008", "Level": "4", "UserID": "S-1-5-18", "EventData.ExtOrUriScheme": ".json", "EventData.ProgId": "Applications\\notepad++.exe"}
{"EventID": "62443", "Channel": "Microsoft-Windows-Shell-Core/AppDefaults", "Provider_Name": "Microsoft-Windows-Shell-Core", "Computer": "DESKTOP-OFJ6N53", "TimeCreated": "2025-08-21 09:33:15.954916+00:00", "RecordID": "3009", "Level": "4", "UserID": "S-1-5-18", "EventData.Info": "QueryDefault-Mismatch: Association=.json, ProgId=Applications\\notepad++.exe, S=S-1-5-18, T:2023:06:04:29:13:01, RH=soLOKttHIMs=, CH=PJihzcegvF8="}
{"EventID": "62440", "Channel": "Microsoft-Windows-Shell-Core/AppDefaults", "Provider_Name": "Microsoft-Windows-Shell-Core", "Computer": "DESKTOP-OFJ6N53", "TimeCreated": "2025-08-21 09:33:15.955631+00:00", "RecordID": "3010", "Level": "4", "UserID": "S-1-5-18", "EventData.ExtOrUriScheme": ".json", "EventData.ProgId": "Applications\\notepad++.exe"}
{"EventID": "62443", "Channel": "Microsoft-Windows-Shell-Core/AppDefaults", "Provider_Name": "Microsoft-Windows-Shell-Core", "Computer": "DESKTOP-OFJ6N53", "TimeCreated": "2025-08-21 09:33:15.955637+00:00", "RecordID": "3011", "Level": "4", "UserID": "S-1-5-18", "EventData.Info": "QueryDefault-Mismatch: Association=.json, ProgId=Applications\\notepad++.exe, S=S-1-5-18, T:2023:06:04:29:13:01, RH=soLOKttHIMs=, CH=PJihzcegvF8="}
{"EventID": "62440", "Channel": "Microsoft-Windows-Shell-Core/AppDefaults", "Provider_Name": "Microsoft-Windows-Shell-Core", "Computer": "DESKTOP-OFJ6N53", "TimeCreated": "2025-08-21 09:33:15.963482+00:00", "RecordID": "3012", "Level": "4", "UserID": "S-1-5-18", "EventData.ExtOrUriScheme": ".json", "EventData.ProgId": "Applications\\notepad++.exe"}
{"EventID": "62443", "Channel": "Microsoft-Windows-Shell-Core/AppDefaults", "Provider_Name": "Microsoft-Windows-Shell-Core", "Computer": "DESKTOP-OFJ6N53", "TimeCreated": "2025-08-21 09:33:15.963509+00:00", "RecordID": "3013", "Level": "4", "UserID": "S-1-5-18", "EventData.Info": "QueryDefault-Mismatch: Association=.json, ProgId=Applications\\notepad++.exe, S=S-1-5-18, T:2023:06:04:29:13:01, RH=soLOKttHIMs=, CH=PJihzcegvF8="}
{"EventID": "62440", "Channel": "Microsoft-Windows-Shell-Core/AppDefaults", "Provider_Name": "Microsoft-Windows-Shell-Core", "Computer": "DESKTOP-OFJ6N53", "TimeCreated": "2025-08-21 09:33:15.964327+00:00", "RecordID": "3014", "Level": "4", "UserID": "S-1-5-18", "EventData.ExtOrUriScheme": ".json", "EventData.ProgId": "Applications\\notepad++.exe"}
{"EventID": "62443", "Channel": "Microsoft-Windows-Shell-Core/AppDefaults", "Provider_Name": "Microsoft-Windows-Shell-Core", "Computer": "DESKTOP-OFJ6N53", "TimeCreated": "2025-08-21 09:33:15.964334+00:00", "RecordID": "3015", "Level": "4", "UserID": "S-1-5-18", "EventData.Info": "QueryDefault-Mismatch: Association=.json, ProgId=Applications\\notepad++.exe, S=S-1-5-18, T:2023:06:04:29:13:01, RH=soLOKttHIMs=, CH=PJihzcegvF8="}
{"EventID": "62443", "Channel": "Microsoft-Windows-Shell-Core/AppDefaults", "Provider_Name": "Microsoft-Windows-Shell-Core", "Computer": "DESKTOP-OFJ6N53", "TimeCreated": "2025-08-22 12:59:16.753218+00:00", "RecordID": "3016", "Level": "4", "UserID": "S-1-5-21-963789628-1060504924-4285088085-1001", "EventData.Info": "File Association hash version is still the same"}
{"EventID": "62443", "Channel": "Microsoft-Windows-Shell-Core/AppDefaults", "Provider_Name": "Microsoft-Windows-Shell-Core", "Computer": "DESKTOP-OFJ6N53", "TimeCreated": "2025-08-22 12:59:16.754759+00:00", "RecordID": "3017", "Level": "4", "UserID": "S-1-5-21-963789628-1060504924-4285088085-1001", "EventData.Info": "AppDefaults-Logon-UserProfileLoaded"}
{"EventID": "62443", "Channel": "Microsoft-Windows-Shell-Core/AppDefaults", "Provider_Name": "Microsoft-Windows-Shell-Core", "Computer": "DESKTOP-OFJ6N53", "TimeCreated": "2025-08-22 13:00:19.184273+00:00", "RecordID": "3018", "Level": "4", "UserID": "S-1-5-21-963789628-1060504924-4285088085-1001", "EventData.Info": "Querying default browser info"}
{"EventID": "62443", "Channel": "Microsoft-Windows-Shell-Core/AppDefaults", "Provider_Name": "Microsoft-Windows-Shell-Core", "Computer": "DESKTOP-OFJ6N53", "TimeCreated": "2025-08-22 13:14:08.558922+00:00", "RecordID": "3019", "Level": "4", "UserID": "S-1-5-21-963789628-1060504924-4285088085-1001", "EventData.Info": "Querying default browser info"}
{"EventID": "62440", "Channel": "Microsoft-Windows-Shell-Core/AppDefaults", "Provider_Name": "Microsoft-Windows-Shell-Core", "Computer": "DESKTOP-OFJ6N53", "TimeCreated": "2025-08-22 15:17:06.070366+00:00", "RecordID": "3020", "Level": "4", "UserID": "S-1-5-18", "EventData.ExtOrUriScheme": ".json", "EventData.ProgId": "Applications\\notepad++.exe"}
{"EventID": "62443", "Channel": "Microsoft-Windows-Shell-Core/AppDefaults", "Provider_Name": "Microsoft-Windows-Shell-Core", "Computer": "DESKTOP-OFJ6N53", "TimeCreated": "2025-08-22 15:17:06.070389+00:00", "RecordID": "3021", "Level": "4", "UserID": "S-1-5-18", "EventData.Info": "QueryDefault-Mismatch: Association=.json, ProgId=Applications\\notepad++.exe, S=S-1-5-18, T:2023:06:04:29:13:01, RH=soLOKttHIMs=, CH=PJihzcegvF8="}
{"EventID": "62440", "Channel": "Microsoft-Windows-Shell-Core/AppDefaults", "Provider_Name": "Microsoft-Windows-Shell-Core", "Computer": "DESKTOP-OFJ6N53", "TimeCreated": "2025-08-22 15:17:06.071161+00:00", "RecordID": "3022", "Level": "4", "UserID": "S-1-5-18", "EventData.ExtOrUriScheme": ".json", "EventData.ProgId": "Applications\\notepad++.exe"}
{"EventID": "62443", "Channel": "Microsoft-Windows-Shell-Core/AppDefaults", "Provider_Name": "Microsoft-Windows-Shell-Core", "Computer": "DESKTOP-OFJ6N53", "TimeCreated": "2025-08-22 15:17:06.071167+00:00", "RecordID": "3023", "Level": "4", "UserID": "S-1-5-18", "EventData.Info": "QueryDefault-Mismatch: Association=.json, ProgId=Applications\\notepad++.exe, S=S-1-5-18, T:2023:06:04:29:13:01, RH=soLOKttHIMs=, CH=PJihzcegvF8="}
{"EventID": "62440", "Channel": "Microsoft-Windows-Shell-Core/AppDefaults", "Provider_Name": "Microsoft-Windows-Shell-Core", "Computer": "DESKTOP-OFJ6N53", "TimeCreated": "2025-08-22 15:17:06.073351+00:00", "RecordID": "3024", "Level": "4", "UserID": "S-1-5-18", "EventData.ExtOrUriScheme": ".json", "EventData.ProgId": "Applications\\notepad++.exe"}
{"EventID": "62443", "Channel": "Microsoft-Windows-Shell-Core/AppDefaults", "Provider_Name": "Microsoft-Windows-Shell-Core", "Computer": "DESKTOP-OFJ6N53", "TimeCreated": "2025-08-22 15:17:06.073359+00:00", "RecordID": "3025", "Level": "4", "UserID": "S-1-5-18", "EventData.Info": "QueryDefault-Mismatch: Association=.json, ProgId=Applications\\notepad++.exe, S=S-1-5-18, T:2023:06:04:29:13:01, RH=soLOKttHIMs=, CH=PJihzcegvF8="}
{"EventID": "62440", "Channel": "Microsoft-Windows-Shell-Core/AppDefaults", "Provider_Name": "Microsoft-Windows-Shell-Core", "Computer": "DESKTOP-OFJ6N53", "TimeCreated": "2025-08-22 15:17:06.077778+00:00", "RecordID": "3026", "Level": "4", "UserID": "S-1-5-18", "EventData.ExtOrUriScheme": ".json", "EventData.ProgId": "Applications\\notepad++.exe"}
{"EventID": "62443", "Channel": "Microsoft-Windows-Shell-Core/AppDefaults", "Provider_Name": "Microsoft-Windows-Shell-Core", "Computer": "DESKTOP-OFJ6N53", "TimeCreated": "2025-08-22 15:17:06.077785+00:00", "RecordID": "3027", "Level": "4", "UserID": "S-1-5-18", "EventData.Info": "QueryDefault-Mismatch: Association=.json, ProgId=Applications\\notepad++.exe, S=S-1-5-18, T:2023:06:04:29:13:01, RH=soLOKttHIMs=, CH=PJihzcegvF8="}
{"EventID": "62440", "Channel": "Microsoft-Windows-Shell-Core/AppDefaults", "Provider_Name": "Microsoft-Windows-Shell-Core", "Computer": "DESKTOP-OFJ6N53", "TimeCreated": "2025-08-22 15:17:06.078413+00:00", "RecordID": "3028", "Level": "4", "UserID": "S-1-5-18", "EventData.ExtOrUriScheme": ".json", "EventData.ProgId": "Applications\\notepad++.exe"}
{"EventID": "62443", "Channel": "Microsoft-Windows-Shell-Core/AppDefaults", "Provider_Name": "Microsoft-Windows-Shell-Core", "Computer": "DESKTOP-OFJ6N53", "TimeCreated": "2025-08-22 15:17:06.078421+00:00", "RecordID": "3029", "Level": "4", "UserID": "S-1-5-18", "EventData.Info": "QueryDefault-Mismatch: Association=.json, ProgId=Applications\\notepad++.exe, S=S-1-5-18, T:2023:06:04:29:13:01, RH=soLOKttHIMs=, CH=PJihzcegvF8="}
{"EventID": "62440", "Channel": "Microsoft-Windows-Shell-Core/AppDefaults", "Provider_Name": "Microsoft-Windows-Shell-Core", "Computer": "DESKTOP-OFJ6N53", "TimeCreated": "2025-08-22 15:17:06.087618+00:00", "RecordID": "3030", "Level": "4", "UserID": "S-1-5-18", "EventData.ExtOrUriScheme": ".json", "EventData.ProgId": "Applications\\notepad++.exe"}
