{"EventID": "101", "Channel": "Microsoft-Windows-Diagnostics-Performance/Operational", "Provider_Name": "Microsoft-Windows-Diagnostics-Performance", "Computer": "DESKTOP-OFJ6N53", "TimeCreated": "2022-10-11 22:45:20.744823+00:00", "RecordID": "135", "Level": "3", "UserID": "S-1-5-19", "EventData.StartTime": "2022-10-11 22:42:51.110415+00:00", "EventData.NameLength": "24", "EventData.Name": "PhoneExperienceHost.exe", "EventData.FriendlyNameLength": "20", "EventData.FriendlyName": "PhoneExperienceHost", "EventData.VersionLength": "14", "EventData.Version": "1.22072.207.0", "EventData.TotalTime": "5972", "EventData.DegradationTime": "972", "EventData.PathLength": "106", "EventData.Path": "C:\\Program Files\\WindowsApps\\Microsoft.YourPhone_1.22072.207.0_x64__8wekyb3d8bbwe\\PhoneExperienceHost.exe", "EventData.ProductNameLength": "21", "EventData.ProductName": "Microsoft Your Phone", "EventData.CompanyNameLength": "22", "EventData.CompanyName": "Microsoft Corporation"}
{"EventID": "200", "Channel": "Microsoft-Windows-Diagnostics-Performance/Operational", "Provider_Name": "Microsoft-Windows-Diagnostics-Performance", "Computer": "DESKTOP-OFJ6N53", "TimeCreated": "2022-10-17 12:11:04.492550+00:00", "RecordID": "136", "Level": "3", "UserID": "S-1-5-19", "EventData.ShutdownTsVersion": "1", "EventData.ShutdownStartTime": "2022-10-17 12:08:08.361126+00:00", "EventData.ShutdownEndTime": "2022-10-17 12:08:54.699167+00:00", "EventData.ShutdownTime": "46338", "EventData.ShutdownUserSessionTime": "17203", "EventData.ShutdownUserPolicyTime": "10", "EventData.ShutdownUserProfilesTime": "206", "EventData.ShutdownSystemSessionsTime": "6407", "EventData.ShutdownPreShutdownNotificationsTime": "1256", "EventData.ShutdownServicesTime": "4998", "EventData.ShutdownKernelTime": "22726", "EventData.ShutdownRootCauseStepImprovementBits": "0", "EventData.ShutdownRootCauseGradualImprovementBits": "0", "EventData.ShutdownRootCauseStepDegradationBits": "0", "EventData.ShutdownRootCauseGradualDegradationBits": "0", "EventData.ShutdownIsDegradation": "False", "EventData.ShutdownTimeChange": "0"}
{"EventID": "100", "Channel": "Microsoft-Windows-Diagnostics-Performance/Operational", "Provider_Name": "Microsoft-Windows-Diagnostics-Performance", "Computer": "DESKTOP-OFJ6N53", "TimeCreated": "2022-10-17 12:11:05.421824+00:00", "RecordID": "137", "Level": "2", "UserID": "S-1-5-19", "EventData.BootTsVersion": "2", "EventData.BootStartTime": "2022-10-17 12:09:13.721861+00:00", "EventData.BootEndTime": "2022-10-17 12:11:02.803465+00:00", "EventData.SystemBootInstance": "19", "EventData.UserBootInstance": "19", "EventData.BootTime": "65103", "EventData.MainPathBootTime": "24903", "EventData.BootKernelInitTime": "150", "EventData.BootDriverInitTime": "1869", "EventData.BootDevicesInitTime": "5794", "EventData.BootPrefetchInitTime": "0", "EventData.BootPrefetchBytes": "0", "EventData.BootAutoChkTime": "0", "EventData.BootSmssInitTime": "1957", "EventData.BootCriticalServicesInitTime": "286", "EventData.BootUserProfileProcessingTime": "4281", "EventData.BootMachineProfileProcessingTime": "84", "EventData.BootExplorerInitTime": "8593", "EventData.BootNumStartupApps": "15", "EventData.BootPostBootTime": "40200", "EventData.BootIsRebootAfterInstall": "False", "EventData.BootRootCauseStepImprovementBits": "0", "EventData.BootRootCauseGradualImprovementBits": "256", "EventData.BootRootCauseStepDegradationBits": "0", "EventData.BootRootCauseGradualDegradationBits": "0", "EventData.BootIsDegradation": "False", "EventData.BootIsStepDegradation": "False", "EventData.BootIsGradualDegradation": "False", "EventData.BootImprovementDelta": "0", "EventData.BootDegradationDelta": "0", "EventData.BootIsRootCauseIdentified": "True", "EventData.OSLoaderDuration": "5757", "EventData.BootPNPInitStartTimeMS": "150", "EventData.BootPNPInitDuration": "6805", "EventData.OtherKernelInitDuration": "265", "EventData.SystemPNPInitStartTimeMS": "7049", "EventData.SystemPNPInitDuration": "898", "EventData.SessionInitStartTimeMS": "7969", "EventData.Session0InitDuration": "438", "EventData.Session1InitDuration": "87", "EventData.SessionInitOtherDuration": "1431", "EventData.WinLogonStartTimeMS": "9926", "EventData.OtherLogonInitActivityDuration": "2018", "EventData.UserLogonWaitDuration": "866"}
{"EventID": "200", "Channel": "Microsoft-Windows-Diagnostics-Performance/Operational", "Provider_Name": "Microsoft-Windows-Diagnostics-Performance", "Computer": "DESKTOP-OFJ6N53", "TimeCreated": "2022-10-19 13:49:45.137764+00:00", "RecordID": "138", "Level": "3", "UserID": "S-1-5-19", "EventData.ShutdownTsVersion": "1", "EventData.ShutdownStartTime": "2022-10-19 13:46:47.383459+00:00", "EventData.ShutdownEndTime": "2022-10-19 13:47:30.528366+00:00", "EventData.ShutdownTime": "43144", "EventData.ShutdownUserSessionTime": "9732", "EventData.ShutdownUserPolicyTime": "26", "EventData.ShutdownUserProfilesTime": "473", "EventData.ShutdownSystemSessionsTime": "6823", "EventData.ShutdownPreShutdownNotificationsTime": "1543", "EventData.ShutdownServicesTime": "5015", "EventData.ShutdownKernelTime": "26589", "EventData.ShutdownRootCauseStepImprovementBits": "0", "EventData.ShutdownRootCauseGradualImprovementBits": "0", "EventData.ShutdownRootCauseStepDegradationBits": "0", "EventData.ShutdownRootCauseGradualDegradationBits": "0", "EventData.ShutdownIsDegradation": "False", "EventData.ShutdownTimeChange": "0"}
{"EventID": "100", "Channel": "Microsoft-Windows-Diagnostics-Performance/Operational", "Provider_Name": "Microsoft-Windows-Diagnostics-Performance", "Computer": "DESKTOP-OFJ6N53", "TimeCreated": "2022-10-19 13:49:46.002056+00:00", "RecordID": "139", "Level": "2", "UserID": "S-1-5-19", "EventData.BootTsVersion": "2", "EventData.BootStartTime": "2022-10-19 13:47:53.005369+00:00", "EventData.BootEndTime": "2022-10-19 13:49:43.345470+00:00", "EventData.SystemBootInstance": "20", "EventData.UserBootInstance": "20", "EventData.BootTime": "64111", "EventData.MainPathBootTime": "24711", "EventData.BootKernelInitTime": "72", "EventData.BootDriverInitTime": "1710", "EventData.BootDevicesInitTime": "4332", "EventData.BootPrefetchInitTime": "0", "EventData.BootPrefetchBytes": "0", "EventData.BootAutoChkTime": "0", "EventData.BootSmssInitTime": "4956", "EventData.BootCriticalServicesInitTime": "251", "EventData.BootUserProfileProcessingTime": "4067", "EventData.BootMachineProfileProcessingTime": "92", "EventData.BootExplorerInitTime": "7347", "EventData.BootNumStartupApps": "15", "EventData.BootPostBootTime": "39400", "EventData.BootIsRebootAfterInstall": "False", "EventData.BootRootCauseStepImprovementBits": "4194304", "EventData.BootRootCauseGradualImprovementBits": "0", "EventData.BootRootCauseStepDegradationBits": "0", "EventData.BootRootCauseGradualDegradationBits": "0", "EventData.BootIsDegradation": "False", "EventData.BootIsStepDegradation": "False", "EventData.BootIsGradualDegradation": "False", "EventData.BootImprovementDelta": "0", "EventData.BootDegradationDelta": "0", "EventData.BootIsRootCauseIdentified": "True", "EventData.OSLoaderDuration": "5070", "EventData.BootPNPInitStartTimeMS": "72", "EventData.BootPNPInitDuration": "4431", "EventData.OtherKernelInitDuration": "189", "EventData.SystemPNPInitStartTimeMS": "4604", "EventData.SystemPNPInitDuration": "909", "EventData.SessionInitStartTimeMS": "5529", "EventData.Session0InitDuration": "907", "EventData.Session1InitDuration": "77", "EventData.SessionInitOtherDuration": "3971", "EventData.WinLogonStartTimeMS": "10486", "EventData.OtherLogonInitActivityDuration": "2717", "EventData.UserLogonWaitDuration": "1039"}
{"EventID": "101", "Channel": "Microsoft-Windows-Diagnostics-Performance/Operational", "Provider_Name": "Microsoft-Windows-Diagnostics-Performance", "Computer": "DESKTOP-OFJ6N53", "TimeCreated": "2022-10-19 13:49:46.002068+00:00", "RecordID": "140", "Level": "3", "UserID": "S-1-5-19", "EventData.StartTime": "2022-10-19 13:47:53.005369+00:00", "EventData.NameLength": "24", "EventData.Name": "PhoneExperienceHost.exe", "EventData.FriendlyNameLength": "20", "EventData.FriendlyName": "PhoneExperienceHost", "EventData.VersionLength": "14", "EventData.Version": "1.22082.117.0", "EventData.TotalTime": "5389", "EventData.DegradationTime": "389", "EventData.PathLength": "106", "EventData.Path": "C:\\Program Files\\WindowsApps\\Microsoft.YourPhone_1.22082.117.0_x64__8wekyb3d8bbwe\\PhoneExperienceHost.exe", "EventData.ProductNameLength": "21", "EventData.ProductName": "Microsoft Your Phone", "EventData.CompanyNameLength": "22", "EventData.CompanyName": "Microsoft Corporation"}
{"EventID": "200", "Channel": "Microsoft-Windows-Diagnostics-Performance/Operational", "Provider_Name": "Microsoft-Windows-Diagnostics-Performance", "Computer": "DESKTOP-OFJ6N53", "TimeCreated": "2022-10-27 11:50:01.898321+00:00", "RecordID": "141", "Level": "3", "UserID": "S-1-5-19", "EventData.ShutdownTsVersion": "1", "EventData.ShutdownStartTime": "2022-10-27 11:46:30.766861+00:00", "EventData.ShutdownEndTime": "2022-10-27 11:47:30.303532+00:00", "EventData.ShutdownTime": "59536", "EventData.ShutdownUserSessionTime": "11567", "EventData.ShutdownUserPolicyTime": "94", "EventData.ShutdownUserProfilesTime": "264", "EventData.ShutdownSystemSessionsTime": "6487", "EventData.ShutdownPreShutdownNotificationsTime": "1175", "EventData.ShutdownServicesTime": "5004", "EventData.ShutdownKernelTime": "41481", "EventData.ShutdownRootCauseStepImprovementBits": "0", "EventData.ShutdownRootCauseGradualImprovementBits": "0", "EventData.ShutdownRootCauseStepDegradationBits": "0", "EventData.ShutdownRootCauseGradualDegradationBits": "0", "EventData.ShutdownIsDegradation": "False", "EventData.ShutdownTimeChange": "0"}
{"EventID": "100", "Channel": "Microsoft-Windows-Diagnostics-Performance/Operational", "Provider_Name": "Microsoft-Windows-Diagnostics-Performance", "Computer": "DESKTOP-OFJ6N53", "TimeCreated": "2022-10-27 11:50:03.059092+00:00", "RecordID": "142", "Level": "2", "UserID": "S-1-5-19", "EventData.BootTsVersion": "2", "EventData.BootStartTime": "2022-10-27 11:47:57.134464+00:00", "EventData.BootEndTime": "2022-10-27 11:50:00.522373+00:00", "EventData.SystemBootInstance": "21", "EventData.UserBootInstance": "21", "EventData.BootTime": "78670", "EventData.MainPathBootTime": "39970", "EventData.BootKernelInitTime": "100", "EventData.BootDriverInitTime": "13051", "EventData.BootDevicesInitTime": "8075", "EventData.BootPrefetchInitTime": "0", "EventData.BootPrefetchBytes": "0", "EventData.BootAutoChkTime": "0", "EventData.BootSmssInitTime": "4701", "EventData.BootCriticalServicesInitTime": "410", "EventData.BootUserProfileProcessingTime": "2108", "EventData.BootMachineProfileProcessingTime": "67", "EventData.BootExplorerInitTime": "10277", "EventData.BootNumStartupApps": "17", "EventData.BootPostBootTime": "38700", "EventData.BootIsRebootAfterInstall": "False", "EventData.BootRootCauseStepImprovementBits": "0", "EventData.BootRootCauseGradualImprovementBits": "0", "EventData.BootRootCauseStepDegradationBits": "0", "EventData.BootRootCauseGradualDegradationBits": "0", "EventData.BootIsDegradation": "False", "EventData.BootIsStepDegradation": "False", "EventData.BootIsGradualDegradation": "False", "EventData.BootImprovementDelta": "0", "EventData.BootDegradationDelta": "0", "EventData.BootIsRootCauseIdentified": "False", "EventData.OSLoaderDuration": "7475", "EventData.BootPNPInitStartTimeMS": "100", "EventData.BootPNPInitDuration": "12162", "EventData.OtherKernelInitDuration": "1108", "EventData.SystemPNPInitStartTimeMS": "13208", "EventData.SystemPNPInitDuration": "7383", "EventData.SessionInitStartTimeMS": "20654", "EventData.Session0InitDuration": "752", "EventData.Session1InitDuration": "92", "EventData.SessionInitOtherDuration": "3857", "EventData.WinLogonStartTimeMS": "25355", "EventData.OtherLogonInitActivityDuration": "2162", "EventData.UserLogonWaitDuration": "901"}
{"EventID": "200", "Channel": "Microsoft-Windows-Diagnostics-Performance/Operational", "Provider_Name": "Microsoft-Windows-Diagnostics-Performance", "Computer": "DESKTOP-OFJ6N53", "TimeCreated": "2022-11-09 14:46:28.840704+00:00", "RecordID": "143", "Level": "1", "UserID": "S-1-5-19", "EventData.ShutdownTsVersion": "1", "EventData.ShutdownStartTime": "2022-11-09 14:34:51.578751+00:00", "EventData.ShutdownEndTime": "2022-11-09 14:40:21.945490+00:00", "EventData.ShutdownTime": "330366", "EventData.ShutdownUserSessionTime": "27926", "EventData.ShutdownUserPolicyTime": "299", "EventData.ShutdownUserProfilesTime": "548", "EventData.ShutdownSystemSessionsTime": "283847", "EventData.ShutdownPreShutdownNotificationsTime": "277633", "EventData.ShutdownServicesTime": "5011", "EventData.ShutdownKernelTime": "18592", "EventData.ShutdownRootCauseStepImprovementBits": "0", "EventData.ShutdownRootCauseGradualImprovementBits": "0", "EventData.ShutdownRootCauseStepDegradationBits": "0", "EventData.ShutdownRootCauseGradualDegradationBits": "0", "EventData.ShutdownIsDegradation": "False", "EventData.ShutdownTimeChange": "0"}
{"EventID": "203", "Channel": "Microsoft-Windows-Diagnostics-Performance/Operational", "Provider_Name": "Microsoft-Windows-Diagnostics-Performance", "Computer": "DESKTOP-OFJ6N53", "TimeCreated": "2022-11-09 14:46:28.846010+00:00", "RecordID": "144", "Level": "3", "UserID": "S-1-5-19", "EventData.StartTime": "2022-11-09 14:34:51.578751+00:00", "EventData.NameLength": "5", "EventData.Name": "Dhcp", "EventData.FriendlyNameLength": "20", "EventData.FriendlyName": "Служба DHCP-клиента", "EventData.VersionLength": "39", "EventData.Version": "10.0.19041.2130 (WinBuild.160101.0800)", "EventData.TotalTime": "1208", "EventData.DegradationTime": "576", "EventData.PathLength": "33", "EventData.Path": "C:\\Windows\\system32\\dhcpcore.dll", "EventData.ProductNameLength": "41", "EventData.ProductName": "Операционная система Microsoft® Windows®", "EventData.CompanyNameLength": "22", "EventData.CompanyName": "Microsoft Corporation"}
{"EventID": "100", "Channel": "Microsoft-Windows-Diagnostics-Performance/Operational", "Provider_Name": "Microsoft-Windows-Diagnostics-Performance", "Computer": "DESKTOP-OFJ6N53", "TimeCreated": "2022-11-09 14:46:31.992010+00:00", "RecordID": "145", "Level": "1", "UserID": "S-1-5-19", "EventData.BootTsVersion": "2", "EventData.BootStartTime": "2022-11-09 14:40:47.665989+00:00", "EventData.BootEndTime": "2022-11-09 14:46:26.851519+00:00", "EventData.SystemBootInstance": "22", "EventData.UserBootInstance": "22", "EventData.BootTime": "333877", "EventData.MainPathBootTime": "263777", "EventData.BootKernelInitTime": "280", "EventData.BootDriverInitTime": "9848", "EventData.BootDevicesInitTime": "7559", "EventData.BootPrefetchInitTime": "0", "EventData.BootPrefetchBytes": "0", "EventData.BootAutoChkTime": "0", "EventData.BootSmssInitTime": "21505", "EventData.BootCriticalServicesInitTime": "1991", "EventData.BootUserProfileProcessingTime": "1344", "EventData.BootMachineProfileProcessingTime": "1", "EventData.BootExplorerInitTime": "19029", "EventData.BootNumStartupApps": "19", "EventData.BootPostBootTime": "70100", "EventData.BootIsRebootAfterInstall": "False", "EventData.BootRootCauseStepImprovementBits": "0", "EventData.BootRootCauseGradualImprovementBits": "0", "EventData.BootRootCauseStepDegradationBits": "256", "EventData.BootRootCauseGradualDegradationBits": "256", "EventData.BootIsDegradation": "False", "EventData.BootIsStepDegradation": "False", "EventData.BootIsGradualDegradation": "False", "EventData.BootImprovementDelta": "0", "EventData.BootDegradationDelta": "0", "EventData.BootIsRootCauseIdentified": "True", "EventData.OSLoaderDuration": "6157", "EventData.BootPNPInitStartTimeMS": "280", "EventData.BootPNPInitDuration": "9736", "EventData.OtherKernelInitDuration": "1139", "EventData.SystemPNPInitStartTimeMS": "10738", "EventData.SystemPNPInitDuration": "5255", "EventData.SessionInitStartTimeMS": "16131", "EventData.Session0InitDuration": "4904", "EventData.Session1InitDuration": "421", "EventData.SessionInitOtherDuration": "16178", "EventData.WinLogonStartTimeMS": "37636", "EventData.OtherLogonInitActivityDuration": "205766", "EventData.UserLogonWaitDuration": "175"}
{"EventID": "101", "Channel": "Microsoft-Windows-Diagnostics-Performance/Operational", "Provider_Name": "Microsoft-Windows-Diagnostics-Performance", "Computer": "DESKTOP-OFJ6N53", "TimeCreated": "2022-11-09 14:46:31.992020+00:00", "RecordID": "146", "Level": "3", "UserID": "S-1-5-19", "EventData.StartTime": "2022-11-09 14:40:47.665989+00:00", "EventData.NameLength": "24", "EventData.Name": "PhoneExperienceHost.exe", "EventData.FriendlyNameLength": "20", "EventData.FriendlyName": "PhoneExperienceHost", "EventData.VersionLength": "14", "EventData.Version": "1.22082.119.0", "EventData.TotalTime": "12546", "EventData.DegradationTime": "7546", "EventData.PathLength": "106", "EventData.Path": "C:\\Program Files\\WindowsApps\\Microsoft.YourPhone_1.22082.119.0_x64__8wekyb3d8bbwe\\PhoneExperienceHost.exe", "EventData.ProductNameLength": "21", "EventData.ProductName": "Microsoft Your Phone", "EventData.CompanyNameLength": "22", "EventData.CompanyName": "Microsoft Corporation"}
{"EventID": "101", "Channel": "Microsoft-Windows-Diagnostics-Performance/Operational", "Provider_Name": "Microsoft-Windows-Diagnostics-Performance", "Computer": "DESKTOP-OFJ6N53", "TimeCreated": "2022-11-09 14:46:31.992027+00:00", "RecordID": "147", "Level": "3", "UserID": "S-1-5-19", "EventData.StartTime": "2022-11-09 14:40:47.665989+00:00", "EventData.NameLength": "11", "EventData.Name": "chrome.exe", "EventData.FriendlyNameLength": "14", "EventData.FriendlyName": "Google Chrome", "EventData.VersionLength": "15", "EventData.Version": "107.0.5304.106", "EventData.TotalTime": "8385", "EventData.DegradationTime": "3385", "EventData.PathLength": "54", "EventData.Path": "C:\\Program Files\\Google\\Chrome\\Application\\chrome.exe", "EventData.ProductNameLength": "14", "EventData.ProductName": "Google Chrome", "EventData.CompanyNameLength": "11", "EventData.CompanyName": "Google LLC"}
{"EventID": "110", "Channel": "Microsoft-Windows-Diagnostics-Performance/Operational", "Provider_Name": "Microsoft-Windows-Diagnostics-Performance", "Computer": "DESKTOP-OFJ6N53", "TimeCreated": "2022-11-09 14:46:31.993965+00:00", "RecordID": "148", "Level": "3", "UserID": "S-1-5-19", "EventData.StartTime": "2022-11-09 14:40:47.665989+00:00", "EventData.NameLength": "9", "EventData.Name": "SMSSInit", "EventData.TotalTime": "21505", "EventData.DegradationTime": "2869"}
{"EventID": "200", "Channel": "Microsoft-Windows-Diagnostics-Performance/Operational", "Provider_Name": "Microsoft-Windows-Diagnostics-Performance", "Computer": "DESKTOP-OFJ6N53", "TimeCreated": "2022-11-10 09:30:10.893572+00:00", "RecordID": "149", "Level": "3", "UserID": "S-1-5-19", "EventData.ShutdownTsVersion": "1", "EventData.ShutdownStartTime": "2022-11-10 09:27:41.621506+00:00", "EventData.ShutdownEndTime": "2022-11-10 09:28:04.906281+00:00", "EventData.ShutdownTime": "23284", "EventData.ShutdownUserSessionTime": "9287", "EventData.ShutdownUserPolicyTime": "49", "EventData.ShutdownUserProfilesTime": "312", "EventData.ShutdownSystemSessionsTime": "5423", "EventData.ShutdownPreShutdownNotificationsTime": "167", "EventData.ShutdownServicesTime": "4991", "EventData.ShutdownKernelTime": "8573", "EventData.ShutdownRootCauseStepImprovementBits": "0", "EventData.ShutdownRootCauseGradualImprovementBits": "0", "EventData.ShutdownRootCauseStepDegradationBits": "0", "EventData.ShutdownRootCauseGradualDegradationBits": "0", "EventData.ShutdownIsDegradation": "False", "EventData.ShutdownTimeChange": "0"}
{"EventID": "203", "Channel": "Microsoft-Windows-Diagnostics-Performance/Operational", "Provider_Name": "Microsoft-Windows-Diagnostics-Performance", "Computer": "DESKTOP-OFJ6N53", "TimeCreated": "2022-11-10 09:30:10.894760+00:00", "RecordID": "150", "Level": "3", "UserID": "S-1-5-19", "EventData.StartTime": "2022-11-10 09:27:41.621506+00:00", "EventData.NameLength": "8", "EventData.Name": "KSDE5.7", "EventData.FriendlyNameLength": "0", "EventData.FriendlyName": null, "EventData.VersionLength": "0", "EventData.Version": null, "EventData.TotalTime": "2346", "EventData.DegradationTime": "1740", "EventData.PathLength": "83", "EventData.Path": "\"c:\\program files (x86)\\kaspersky lab\\kaspersky secure connection 5.7\\ksde.exe\" -r", "EventData.ProductNameLength": "0", "EventData.ProductName": null, "EventData.CompanyNameLength": "0", "EventData.CompanyName": null}
{"EventID": "203", "Channel": "Microsoft-Windows-Diagnostics-Performance/Operational", "Provider_Name": "Microsoft-Windows-Diagnostics-Performance", "Computer": "DESKTOP-OFJ6N53", "TimeCreated": "2022-11-10 09:30:10.894775+00:00", "RecordID": "151", "Level": "3", "UserID": "S-1-5-19", "EventData.StartTime": "2022-11-10 09:27:41.621506+00:00", "EventData.NameLength": "7", "EventData.Name": "wscsvc", "EventData.FriendlyNameLength": "47", "EventData.FriendlyName": "Служба центра обеспечения безопасности Windows", "EventData.VersionLength": "39", "EventData.Version": "10.0.19041.2130 (WinBuild.160101.0800)", "EventData.TotalTime": "590", "EventData.DegradationTime": "961", "EventData.PathLength": "31", "EventData.Path": "C:\\Windows\\System32\\wscsvc.dll", "EventData.ProductNameLength": "41", "EventData.ProductName": "Операционная система Microsoft® Windows®", "EventData.CompanyNameLength": "22", "EventData.CompanyName": "Microsoft Corporation"}
{"EventID": "100", "Channel": "Microsoft-Windows-Diagnostics-Performance/Operational", "Provider_Name": "Microsoft-Windows-Diagnostics-Performance", "Computer": "DESKTOP-OFJ6N53", "TimeCreated": "2022-11-10 09:30:12.033010+00:00", "RecordID": "152", "Level": "2", "UserID": "S-1-5-19", "EventData.BootTsVersion": "2", "EventData.BootStartTime": "2022-11-10 09:28:21.419758+00:00", "EventData.BootEndTime": "2022-11-10 09:30:09.267626+00:00", "EventData.SystemBootInstance": "23", "EventData.UserBootInstance": "23", "EventData.BootTime": "57055", "EventData.MainPathBootTime": "22055", "EventData.BootKernelInitTime": "145", "EventData.BootDriverInitTime": "1677", "EventData.BootDevicesInitTime": "6047", "EventData.BootPrefetchInitTime": "0", "EventData.BootPrefetchBytes": "0", "EventData.BootAutoChkTime": "0", "EventData.BootSmssInitTime": "2028", "EventData.BootCriticalServicesInitTime": "477", "EventData.BootUserProfileProcessingTime": "3716", "EventData.BootMachineProfileProcessingTime": "116", "EventData.BootExplorerInitTime": "6959", "EventData.BootNumStartupApps": "13", "EventData.BootPostBootTime": "35000", "EventData.BootIsRebootAfterInstall": "False", "EventData.BootRootCauseStepImprovementBits": "0", "EventData.BootRootCauseGradualImprovementBits": "0", "EventData.BootRootCauseStepDegradationBits": "0", "EventData.BootRootCauseGradualDegradationBits": "0", "EventData.BootIsDegradation": "False", "EventData.BootIsStepDegradation": "False", "EventData.BootIsGradualDegradation": "False", "EventData.BootImprovementDelta": "0", "EventData.BootDegradationDelta": "0", "EventData.BootIsRootCauseIdentified": "False", "EventData.OSLoaderDuration": "4591", "EventData.BootPNPInitStartTimeMS": "145", "EventData.BootPNPInitDuration": "6170", "EventData.OtherKernelInitDuration": "269", "EventData.SystemPNPInitStartTimeMS": "6419", "EventData.SystemPNPInitDuration": "847", "EventData.SessionInitStartTimeMS": "7286", "EventData.Session0InitDuration": "420", "EventData.Session1InitDuration": "72", "EventData.SessionInitOtherDuration": "1535", "EventData.WinLogonStartTimeMS": "9314", "EventData.OtherLogonInitActivityDuration": "1948", "EventData.UserLogonWaitDuration": "867"}
{"EventID": "200", "Channel": "Microsoft-Windows-Diagnostics-Performance/Operational", "Provider_Name": "Microsoft-Windows-Diagnostics-Performance", "Computer": "DESKTOP-OFJ6N53", "TimeCreated": "2022-11-21 07:56:56.894632+00:00", "RecordID": "153", "Level": "3", "UserID": "S-1-5-19", "EventData.ShutdownTsVersion": "1", "EventData.ShutdownStartTime": "2022-11-21 07:55:21.459995+00:00", "EventData.ShutdownEndTime": "2022-11-21 07:55:47.024645+00:00", "EventData.ShutdownTime": "25564", "EventData.ShutdownUserSessionTime": "9102", "EventData.ShutdownUserPolicyTime": "229", "EventData.ShutdownUserProfilesTime": "229", "EventData.ShutdownSystemSessionsTime": "6447", "EventData.ShutdownPreShutdownNotificationsTime": "1206", "EventData.ShutdownServicesTime": "4990", "EventData.ShutdownKernelTime": "10014", "EventData.ShutdownRootCauseStepImprovementBits": "0", "EventData.ShutdownRootCauseGradualImprovementBits": "0", "EventData.ShutdownRootCauseStepDegradationBits": "4", "EventData.ShutdownRootCauseGradualDegradationBits": "0", "EventData.ShutdownIsDegradation": "True", "EventData.ShutdownTimeChange": "0"}
{"EventID": "203", "Channel": "Microsoft-Windows-Diagnostics-Performance/Operational", "Provider_Name": "Microsoft-Windows-Diagnostics-Performance", "Computer": "DESKTOP-OFJ6N53", "TimeCreated": "2022-11-21 07:56:56.902491+00:00", "RecordID": "154", "Level": "3", "UserID": "S-1-5-19", "EventData.StartTime": "2022-11-21 07:55:21.459995+00:00", "EventData.NameLength": "7", "EventData.Name": "Wcmsvc", "EventData.FriendlyNameLength": "53", "EventData.FriendlyName": "Библиотека DLL службы диспетчера подключений Windows", "EventData.VersionLength": "39", "EventData.Version": "10.0.19041.2248 (WinBuild.160101.0800)", "EventData.TotalTime": "2073", "EventData.DegradationTime": "1420", "EventData.PathLength": "31", "EventData.Path": "C:\\Windows\\System32\\wcmsvc.dll", "EventData.ProductNameLength": "41", "EventData.ProductName": "Операционная система Microsoft® Windows®", "EventData.CompanyNameLength": "22", "EventData.CompanyName": "Microsoft Corporation"}
{"EventID": "203", "Channel": "Microsoft-Windows-Diagnostics-Performance/Operational", "Provider_Name": "Microsoft-Windows-Diagnostics-Performance", "Computer": "DESKTOP-OFJ6N53", "TimeCreated": "2022-11-21 07:56:56.902502+00:00", "RecordID": "155", "Level": "3", "UserID": "S-1-5-19", "EventData.StartTime": "2022-11-21 07:55:21.459995+00:00", "EventData.NameLength": "7", "EventData.Name": "wscsvc", "EventData.FriendlyNameLength": "47", "EventData.FriendlyName": "Служба центра обеспечения безопасности Windows", "EventData.VersionLength": "39", "EventData.Version": "10.0.19041.2248 (WinBuild.160101.0800)", "EventData.TotalTime": "885", "EventData.DegradationTime": "824", "EventData.PathLength": "31", "EventData.Path": "C:\\Windows\\System32\\wscsvc.dll", "EventData.ProductNameLength": "41", "EventData.ProductName": "Операционная система Microsoft® Windows®", "EventData.CompanyNameLength": "22", "EventData.CompanyName": "Microsoft Corporation"}
{"EventID": "200", "Channel": "Microsoft-Windows-Diagnostics-Performance/Operational", "Provider_Name": "Microsoft-Windows-Diagnostics-Performance", "Computer": "DESKTOP-OFJ6N53", "TimeCreated": "2022-11-24 10:54:19.821827+00:00", "RecordID": "156", "Level": "3", "UserID": "S-1-5-19", "EventData.ShutdownTsVersion": "1", "EventData.ShutdownStartTime": "2022-11-24 10:51:16.028017+00:00", "EventData.ShutdownEndTime": "2022-11-24 10:51:34.748701+00:00", "EventData.ShutdownTime": "18720", "EventData.ShutdownUserSessionTime": "8135", "EventData.ShutdownUserPolicyTime": "97", "EventData.ShutdownUserProfilesTime": "214", "EventData.ShutdownSystemSessionsTime": "5451", "EventData.ShutdownPreShutdownNotificationsTime": "158", "EventData.ShutdownServicesTime": "5001", "EventData.ShutdownKernelTime": "5133", "EventData.ShutdownRootCauseStepImprovementBits": "0", "EventData.ShutdownRootCauseGradualImprovementBits": "0", "EventData.ShutdownRootCauseStepDegradationBits": "0", "EventData.ShutdownRootCauseGradualDegradationBits": "0", "EventData.ShutdownIsDegradation": "False", "EventData.ShutdownTimeChange": "0"}
{"EventID": "200", "Channel": "Microsoft-Windows-Diagnostics-Performance/Operational", "Provider_Name": "Microsoft-Windows-Diagnostics-Performance", "Computer": "DESKTOP-OFJ6N53", "TimeCreated": "2022-11-28 11:26:21.672146+00:00", "RecordID": "157", "Level": "2", "UserID": "S-1-5-19", "EventData.ShutdownTsVersion": "1", "EventData.ShutdownStartTime": "2022-11-28 11:03:37.985306+00:00", "EventData.ShutdownEndTime": "2022-11-28 11:05:14.146273+00:00", "EventData.ShutdownTime": "96160", "EventData.ShutdownUserSessionTime": "25688", "EventData.ShutdownUserPolicyTime": "1445", "EventData.ShutdownUserProfilesTime": "1163", "EventData.ShutdownSystemSessionsTime": "8426", "EventData.ShutdownPreShutdownNotificationsTime": "1827", "EventData.ShutdownServicesTime": "5006", "EventData.ShutdownKernelTime": "62046", "EventData.ShutdownRootCauseStepImprovementBits": "0", "EventData.ShutdownRootCauseGradualImprovementBits": "0", "EventData.ShutdownRootCauseStepDegradationBits": "0", "EventData.ShutdownRootCauseGradualDegradationBits": "0", "EventData.ShutdownIsDegradation": "False", "EventData.ShutdownTimeChange": "0"}
{"EventID": "203", "Channel": "Microsoft-Windows-Diagnostics-Performance/Operational", "Provider_Name": "Microsoft-Windows-Diagnostics-Performance", "Computer": "DESKTOP-OFJ6N53", "TimeCreated": "2022-11-28 11:26:21.673458+00:00", "RecordID": "158", "Level": "3", "UserID": "S-1-5-19", "EventData.StartTime": "2022-11-28 11:03:37.985306+00:00", "EventData.NameLength": "8", "EventData.Name": "KSDE5.8", "EventData.FriendlyNameLength": "0", "EventData.FriendlyName": null, "EventData.VersionLength": "0", "EventData.Version": null, "EventData.TotalTime": "4456", "EventData.DegradationTime": "456", "EventData.PathLength": "83", "EventData.Path": "\"c:\\program files (x86)\\kaspersky lab\\kaspersky secure connection 5.8\\ksde.exe\" -r", "EventData.ProductNameLength": "0", "EventData.ProductName": null, "EventData.CompanyNameLength": "0", "EventData.CompanyName": null}
{"EventID": "200", "Channel": "Microsoft-Windows-Diagnostics-Performance/Operational", "Provider_Name": "Microsoft-Windows-Diagnostics-Performance", "Computer": "DESKTOP-OFJ6N53", "TimeCreated": "2022-11-30 10:10:30.565382+00:00", "RecordID": "159", "Level": "2", "UserID": "S-1-5-19", "EventData.ShutdownTsVersion": "1", "EventData.ShutdownStartTime": "2022-11-30 10:03:44.484777+00:00", "EventData.ShutdownEndTime": "2022-11-30 10:04:44.942072+00:00", "EventData.ShutdownTime": "60457", "EventData.ShutdownUserSessionTime": "15470", "EventData.ShutdownUserPolicyTime": "7", "EventData.ShutdownUserProfilesTime": "355", "EventData.ShutdownSystemSessionsTime": "6511", "EventData.ShutdownPreShutdownNotificationsTime": "174", "EventData.ShutdownServicesTime": "5244", "EventData.ShutdownKernelTime": "38475", "EventData.ShutdownRootCauseStepImprovementBits": "0", "EventData.ShutdownRootCauseGradualImprovementBits": "0", "EventData.ShutdownRootCauseStepDegradationBits": "0", "EventData.ShutdownRootCauseGradualDegradationBits": "0", "EventData.ShutdownIsDegradation": "False", "EventData.ShutdownTimeChange": "0"}
{"EventID": "203", "Channel": "Microsoft-Windows-Diagnostics-Performance/Operational", "Provider_Name": "Microsoft-Windows-Diagnostics-Performance", "Computer": "DESKTOP-OFJ6N53", "TimeCreated": "2022-11-30 10:10:30.568317+00:00", "RecordID": "160", "Level": "3", "UserID": "S-1-5-19", "EventData.StartTime": "2022-11-30 10:03:44.484777+00:00", "EventData.NameLength": "8", "EventData.Name": "KSDE5.8", "EventData.FriendlyNameLength": "0", "EventData.FriendlyName": null, "EventData.VersionLength": "0", "EventData.Version": null, "EventData.TotalTime": "4422", "EventData.DegradationTime": "422", "EventData.PathLength": "83", "EventData.Path": "\"c:\\program files (x86)\\kaspersky lab\\kaspersky secure connection 5.8\\ksde.exe\" -r", "EventData.ProductNameLength": "0", "EventData.ProductName": null, "EventData.CompanyNameLength": "0", "EventData.CompanyName": null}
{"EventID": "200", "Channel": "Microsoft-Windows-Diagnostics-Performance/Operational", "Provider_Name": "Microsoft-Windows-Diagnostics-Performance", "Computer": "DESKTOP-OFJ6N53", "TimeCreated": "2022-12-09 11:52:48.183247+00:00", "RecordID": "161", "Level": "3", "UserID": "S-1-5-19", "EventData.ShutdownTsVersion": "1", "EventData.ShutdownStartTime": "2022-12-09 11:50:50.420139+00:00", "EventData.ShutdownEndTime": "2022-12-09 11:51:11.603363+00:00", "EventData.ShutdownTime": "21183", "EventData.ShutdownUserSessionTime": "5673", "EventData.ShutdownUserPolicyTime": "159", "EventData.ShutdownUserProfilesTime": "417", "EventData.ShutdownSystemSessionsTime": "5880", "EventData.ShutdownPreShutdownNotificationsTime": "327", "EventData.ShutdownServicesTime": "5013", "EventData.ShutdownKernelTime": "9628", "EventData.ShutdownRootCauseStepImprovementBits": "0", "EventData.ShutdownRootCauseGradualImprovementBits": "0", "EventData.ShutdownRootCauseStepDegradationBits": "0", "EventData.ShutdownRootCauseGradualDegradationBits": "0", "EventData.ShutdownIsDegradation": "False", "EventData.ShutdownTimeChange": "0"}
{"EventID": "203", "Channel": "Microsoft-Windows-Diagnostics-Performance/Operational", "Provider_Name": "Microsoft-Windows-Diagnostics-Performance", "Computer": "DESKTOP-OFJ6N53", "TimeCreated": "2022-12-09 11:52:48.188450+00:00", "RecordID": "162", "Level": "2", "UserID": "S-1-5-19", "EventData.StartTime": "2022-12-09 11:50:50.420139+00:00", "EventData.NameLength": "8", "EventData.Name": "KSDE5.8", "EventData.FriendlyNameLength": "0", "EventData.FriendlyName": null, "EventData.VersionLength": "0", "EventData.Version": null, "EventData.TotalTime": "9697", "EventData.DegradationTime": "5697", "EventData.PathLength": "83", "EventData.Path": "\"c:\\program files (x86)\\kaspersky lab\\kaspersky secure connection 5.8\\ksde.exe\" -r", "EventData.ProductNameLength": "0", "EventData.ProductName": null, "EventData.CompanyNameLength": "0", "EventData.CompanyName": null}
{"EventID": "203", "Channel": "Microsoft-Windows-Diagnostics-Performance/Operational", "Provider_Name": "Microsoft-Windows-Diagnostics-Performance", "Computer": "DESKTOP-OFJ6N53", "TimeCreated": "2022-12-09 11:52:48.188461+00:00", "RecordID": "163", "Level": "3", "UserID": "S-1-5-19", "EventData.StartTime": "2022-12-09 11:50:50.420139+00:00", "EventData.NameLength": "7", "EventData.Name": "UsoSvc", "EventData.FriendlyNameLength": "38", "EventData.FriendlyName": "Обновление службы сеанса оркестратора", "EventData.VersionLength": "39", "EventData.Version": "10.0.19041.2248 (WinBuild.160101.0800)", "EventData.TotalTime": "3056", "EventData.DegradationTime": "2498", "EventData.PathLength": "31", "EventData.Path": "C:\\Windows\\system32\\usosvc.dll", "EventData.ProductNameLength": "41", "EventData.ProductName": "Microsoft® Windows® Операционная система", "EventData.CompanyNameLength": "22", "EventData.CompanyName": "Microsoft Corporation"}
{"EventID": "203", "Channel": "Microsoft-Windows-Diagnostics-Performance/Operational", "Provider_Name": "Microsoft-Windows-Diagnostics-Performance", "Computer": "DESKTOP-OFJ6N53", "TimeCreated": "2022-12-09 11:52:48.188469+00:00", "RecordID": "164", "Level": "3", "UserID": "S-1-5-19", "EventData.StartTime": "2022-12-09 11:50:50.420139+00:00", "EventData.NameLength": "9", "EventData.Name": "FDResPub", "EventData.FriendlyNameLength": "47", "EventData.FriendlyName": "Служба публикации ресурсов обнаружения функции", "EventData.VersionLength": "39", "EventData.Version": "10.0.19041.2248 (WinBuild.160101.0800)", "EventData.TotalTime": "3143", "EventData.DegradationTime": "2023", "EventData.PathLength": "33", "EventData.Path": "C:\\Windows\\system32\\fdrespub.dll", "EventData.ProductNameLength": "41", "EventData.ProductName": "Операционная система Microsoft® Windows®", "EventData.CompanyNameLength": "22", "EventData.CompanyName": "Microsoft Corporation"}
{"EventID": "200", "Channel": "Microsoft-Windows-Diagnostics-Performance/Operational", "Provider_Name": "Microsoft-Windows-Diagnostics-Performance", "Computer": "DESKTOP-OFJ6N53", "TimeCreated": "2022-12-12 15:21:58.586521+00:00", "RecordID": "165", "Level": "3", "UserID": "S-1-5-19", "EventData.ShutdownTsVersion": "1", "EventData.ShutdownStartTime": "2022-12-12 15:19:01.068319+00:00", "EventData.ShutdownEndTime": "2022-12-12 15:19:41.534641+00:00", "EventData.ShutdownTime": "40466", "EventData.ShutdownUserSessionTime": "8968", "EventData.ShutdownUserPolicyTime": "161", "EventData.ShutdownUserProfilesTime": "414", "EventData.ShutdownSystemSessionsTime": "7157", "EventData.ShutdownPreShutdownNotificationsTime": "1437", "EventData.ShutdownServicesTime": "5060", "EventData.ShutdownKernelTime": "24339", "EventData.ShutdownRootCauseStepImprovementBits": "0", "EventData.ShutdownRootCauseGradualImprovementBits": "0", "EventData.ShutdownRootCauseStepDegradationBits": "0", "EventData.ShutdownRootCauseGradualDegradationBits": "0", "EventData.ShutdownIsDegradation": "False", "EventData.ShutdownTimeChange": "0"}
{"EventID": "203", "Channel": "Microsoft-Windows-Diagnostics-Performance/Operational", "Provider_Name": "Microsoft-Windows-Diagnostics-Performance", "Computer": "DESKTOP-OFJ6N53", "TimeCreated": "2022-12-12 15:21:58.588610+00:00", "RecordID": "166", "Level": "3", "UserID": "S-1-5-19", "EventData.StartTime": "2022-12-12 15:19:01.068319+00:00", "EventData.NameLength": "16", "EventData.Name": "StateRepository", "EventData.FriendlyNameLength": "42", "EventData.FriendlyName": "Сервер Windows StateRepository API Server", "EventData.VersionLength": "39", "EventData.Version": "10.0.19041.2248 (WinBuild.160101.0800)", "EventData.TotalTime": "1696", "EventData.DegradationTime": "2357", "EventData.PathLength": "48", "EventData.Path": "C:\\Windows\\system32\\windows.staterepository.dll", "EventData.ProductNameLength": "41", "EventData.ProductName": "Операционная система Microsoft® Windows®", "EventData.CompanyNameLength": "22", "EventData.CompanyName": "Microsoft Corporation"}
{"EventID": "203", "Channel": "Microsoft-Windows-Diagnostics-Performance/Operational", "Provider_Name": "Microsoft-Windows-Diagnostics-Performance", "Computer": "DESKTOP-OFJ6N53", "TimeCreated": "2022-12-12 15:21:58.588623+00:00", "RecordID": "167", "Level": "3", "UserID": "S-1-5-19", "EventData.StartTime": "2022-12-12 15:19:01.068319+00:00", "EventData.NameLength": "7", "EventData.Name": "RasMan", "EventData.FriendlyNameLength": "41", "EventData.FriendlyName": "Диспетчер подключений удаленного доступа", "EventData.VersionLength": "39", "EventData.Version": "10.0.19041.2248 (WinBuild.160101.0800)", "EventData.TotalTime": "2365", "EventData.DegradationTime": "1830", "EventData.PathLength": "32", "EventData.Path": "C:\\Windows\\System32\\rasmans.dll", "EventData.ProductNameLength": "41", "EventData.ProductName": "Операционная система Microsoft® Windows®", "EventData.CompanyNameLength": "22", "EventData.CompanyName": "Microsoft Corporation"}
{"EventID": "203", "Channel": "Microsoft-Windows-Diagnostics-Performance/Operational", "Provider_Name": "Microsoft-Windows-Diagnostics-Performance", "Computer": "DESKTOP-OFJ6N53", "TimeCreated": "2022-12-12 15:21:58.588634+00:00", "RecordID": "168", "Level": "3", "UserID": "S-1-5-19", "EventData.StartTime": "2022-12-12 15:19:01.068319+00:00", "EventData.NameLength": "8", "EventData.Name": "AVP21.3", "EventData.FriendlyNameLength": "0", "EventData.FriendlyName": null, "EventData.VersionLength": "0", "EventData.Version": null, "EventData.TotalTime": "1380", "EventData.DegradationTime": "1462", "EventData.PathLength": "80", "EventData.Path": "\"c:\\program files (x86)\\kaspersky lab\\kaspersky security cloud 21.3\\avp.exe\" -r", "EventData.ProductNameLength": "0", "EventData.ProductName": null, "EventData.CompanyNameLength": "0", "EventData.CompanyName": null}
{"EventID": "203", "Channel": "Microsoft-Windows-Diagnostics-Performance/Operational", "Provider_Name": "Microsoft-Windows-Diagnostics-Performance", "Computer": "DESKTOP-OFJ6N53", "TimeCreated": "2022-12-12 15:21:58.588642+00:00", "RecordID": "169", "Level": "3", "UserID": "S-1-5-19", "EventData.StartTime": "2022-12-12 15:19:01.068319+00:00", "EventData.NameLength": "9", "EventData.Name": "FDResPub", "EventData.FriendlyNameLength": "47", "EventData.FriendlyName": "Служба публикации ресурсов обнаружения функции", "EventData.VersionLength": "39", "EventData.Version": "10.0.19041.2248 (WinBuild.160101.0800)", "EventData.TotalTime": "2203", "EventData.DegradationTime": "1233", "EventData.PathLength": "33", "EventData.Path": "C:\\Windows\\system32\\fdrespub.dll", "EventData.ProductNameLength": "41", "EventData.ProductName": "Операционная система Microsoft® Windows®", "EventData.CompanyNameLength": "22", "EventData.CompanyName": "Microsoft Corporation"}
{"EventID": "200", "Channel": "Microsoft-Windows-Diagnostics-Performance/Operational", "Provider_Name": "Microsoft-Windows-Diagnostics-Performance", "Computer": "DESKTOP-OFJ6N53", "TimeCreated": "2022-12-14 12:51:17.779205+00:00", "RecordID": "170", "Level": "1", "UserID": "S-1-5-19", "EventData.ShutdownTsVersion": "1", "EventData.ShutdownStartTime": "2022-12-14 12:40:15.336550+00:00", "EventData.ShutdownEndTime": "2022-12-14 12:45:53.704193+00:00", "EventData.ShutdownTime": "338367", "EventData.ShutdownUserSessionTime": "9461", "EventData.ShutdownUserPolicyTime": "14", "EventData.ShutdownUserProfilesTime": "306", "EventData.ShutdownSystemSessionsTime": "324203", "EventData.ShutdownPreShutdownNotificationsTime": "318928", "EventData.ShutdownServicesTime": "4987", "EventData.ShutdownKernelTime": "4702", "EventData.ShutdownRootCauseStepImprovementBits": "0", "EventData.ShutdownRootCauseGradualImprovementBits": "0", "EventData.ShutdownRootCauseStepDegradationBits": "0", "EventData.ShutdownRootCauseGradualDegradationBits": "0", "EventData.ShutdownIsDegradation": "False", "EventData.ShutdownTimeChange": "0"}
{"EventID": "203", "Channel": "Microsoft-Windows-Diagnostics-Performance/Operational", "Provider_Name": "Microsoft-Windows-Diagnostics-Performance", "Computer": "DESKTOP-OFJ6N53", "TimeCreated": "2022-12-14 12:51:17.780506+00:00", "RecordID": "171", "Level": "3", "UserID": "S-1-5-19", "EventData.StartTime": "2022-12-14 12:40:15.336550+00:00", "EventData.NameLength": "8", "EventData.Name": "WSearch", "EventData.FriendlyNameLength": "0", "EventData.FriendlyName": null, "EventData.VersionLength": "0", "EventData.Version": null, "EventData.TotalTime": "2527", "EventData.DegradationTime": "1932", "EventData.PathLength": "49", "EventData.Path": "C:\\Windows\\system32\\searchindexer.exe /embedding", "EventData.ProductNameLength": "0", "EventData.ProductName": null, "EventData.CompanyNameLength": "0", "EventData.CompanyName": null}
{"EventID": "203", "Channel": "Microsoft-Windows-Diagnostics-Performance/Operational", "Provider_Name": "Microsoft-Windows-Diagnostics-Performance", "Computer": "DESKTOP-OFJ6N53", "TimeCreated": "2022-12-14 12:51:17.780521+00:00", "RecordID": "172", "Level": "3", "UserID": "S-1-5-19", "EventData.StartTime": "2022-12-14 12:40:15.336550+00:00", "EventData.NameLength": "9", "EventData.Name": "EventLog", "EventData.FriendlyNameLength": "32", "EventData.FriendlyName": "Служба протоколирования событий", "EventData.VersionLength": "39", "EventData.Version": "10.0.19041.2248 (WinBuild.160101.0800)", "EventData.TotalTime": "1501", "EventData.DegradationTime": "1488", "EventData.PathLength": "32", "EventData.Path": "C:\\Windows\\System32\\wevtsvc.dll", "EventData.ProductNameLength": "41", "EventData.ProductName": "Операционная система Microsoft® Windows®", "EventData.CompanyNameLength": "22", "EventData.CompanyName": "Microsoft Corporation"}
{"EventID": "200", "Channel": "Microsoft-Windows-Diagnostics-Performance/Operational", "Provider_Name": "Microsoft-Windows-Diagnostics-Performance", "Computer": "DESKTOP-OFJ6N53", "TimeCreated": "2022-12-15 08:37:18.151285+00:00", "RecordID": "173", "Level": "3", "UserID": "S-1-5-19", "EventData.ShutdownTsVersion": "1", "EventData.ShutdownStartTime": "2022-12-15 08:28:02.473913+00:00", "EventData.ShutdownEndTime": "2022-12-15 08:28:20.749931+00:00", "EventData.ShutdownTime": "18276", "EventData.ShutdownUserSessionTime": "9133", "EventData.ShutdownUserPolicyTime": "352", "EventData.ShutdownUserProfilesTime": "322", "EventData.ShutdownSystemSessionsTime": "5611", "EventData.ShutdownPreShutdownNotificationsTime": "125", "EventData.ShutdownServicesTime": "4994", "EventData.ShutdownKernelTime": "3531", "EventData.ShutdownRootCauseStepImprovementBits": "0", "EventData.ShutdownRootCauseGradualImprovementBits": "0", "EventData.ShutdownRootCauseStepDegradationBits": "0", "EventData.ShutdownRootCauseGradualDegradationBits": "0", "EventData.ShutdownIsDegradation": "False", "EventData.ShutdownTimeChange": "0"}
{"EventID": "203", "Channel": "Microsoft-Windows-Diagnostics-Performance/Operational", "Provider_Name": "Microsoft-Windows-Diagnostics-Performance", "Computer": "DESKTOP-OFJ6N53", "TimeCreated": "2022-12-15 08:37:18.153965+00:00", "RecordID": "174", "Level": "3", "UserID": "S-1-5-19", "EventData.StartTime": "2022-12-15 08:28:02.473913+00:00", "EventData.NameLength": "7", "EventData.Name": "Wcmsvc", "EventData.FriendlyNameLength": "53", "EventData.FriendlyName": "Библиотека DLL службы диспетчера подключений Windows", "EventData.VersionLength": "39", "EventData.Version": "10.0.19041.2364 (WinBuild.160101.0800)", "EventData.TotalTime": "1884", "EventData.DegradationTime": "1466", "EventData.PathLength": "31", "EventData.Path": "C:\\Windows\\System32\\wcmsvc.dll", "EventData.ProductNameLength": "41", "EventData.ProductName": "Операционная система Microsoft® Windows®", "EventData.CompanyNameLength": "22", "EventData.CompanyName": "Microsoft Corporation"}
{"EventID": "200", "Channel": "Microsoft-Windows-Diagnostics-Performance/Operational", "Provider_Name": "Microsoft-Windows-Diagnostics-Performance", "Computer": "DESKTOP-OFJ6N53", "TimeCreated": "2022-12-21 10:00:34.469795+00:00", "RecordID": "175", "Level": "3", "UserID": "S-1-5-19", "EventData.ShutdownTsVersion": "1", "EventData.ShutdownStartTime": "2022-12-21 09:53:59.724583+00:00", "EventData.ShutdownEndTime": "2022-12-21 09:54:41.540442+00:00", "EventData.ShutdownTime": "41815", "EventData.ShutdownUserSessionTime": "12248", "EventData.ShutdownUserPolicyTime": "206", "EventData.ShutdownUserProfilesTime": "242", "EventData.ShutdownSystemSessionsTime": "5815", "EventData.ShutdownPreShutdownNotificationsTime": "163", "EventData.ShutdownServicesTime": "5001", "EventData.ShutdownKernelTime": "23751", "EventData.ShutdownRootCauseStepImprovementBits": "0", "EventData.ShutdownRootCauseGradualImprovementBits": "0", "EventData.ShutdownRootCauseStepDegradationBits": "0", "EventData.ShutdownRootCauseGradualDegradationBits": "0", "EventData.ShutdownIsDegradation": "False", "EventData.ShutdownTimeChange": "0"}
{"EventID": "200", "Channel": "Microsoft-Windows-Diagnostics-Performance/Operational", "Provider_Name": "Microsoft-Windows-Diagnostics-Performance", "Computer": "DESKTOP-OFJ6N53", "TimeCreated": "2023-01-10 07:59:31.193356+00:00", "RecordID": "176", "Level": "3", "UserID": "S-1-5-19", "EventData.ShutdownTsVersion": "1", "EventData.ShutdownStartTime": "2023-01-10 07:48:08.484859+00:00", "EventData.ShutdownEndTime": "2023-01-10 07:48:46.994001+00:00", "EventData.ShutdownTime": "38509", "EventData.ShutdownUserSessionTime": "8189", "EventData.ShutdownUserPolicyTime": "4", "EventData.ShutdownUserProfilesTime": "220", "EventData.ShutdownSystemSessionsTime": "5384", "EventData.ShutdownPreShutdownNotificationsTime": "142", "EventData.ShutdownServicesTime": "5007", "EventData.ShutdownKernelTime": "24934", "EventData.ShutdownRootCauseStepImprovementBits": "0", "EventData.ShutdownRootCauseGradualImprovementBits": "0", "EventData.ShutdownRootCauseStepDegradationBits": "0", "EventData.ShutdownRootCauseGradualDegradationBits": "0", "EventData.ShutdownIsDegradation": "False", "EventData.ShutdownTimeChange": "0"}
{"EventID": "200", "Channel": "Microsoft-Windows-Diagnostics-Performance/Operational", "Provider_Name": "Microsoft-Windows-Diagnostics-Performance", "Computer": "DESKTOP-OFJ6N53", "TimeCreated": "2023-01-13 13:32:19.314165+00:00", "RecordID": "177", "Level": "3", "UserID": "S-1-5-19", "EventData.ShutdownTsVersion": "1", "EventData.ShutdownStartTime": "2023-01-13 13:30:57.438301+00:00", "EventData.ShutdownEndTime": "2023-01-13 13:31:09.941990+00:00", "EventData.ShutdownTime": "12503", "EventData.ShutdownUserSessionTime": "2424", "EventData.ShutdownUserPolicyTime": "1", "EventData.ShutdownUserProfilesTime": "61", "EventData.ShutdownSystemSessionsTime": "6243", "EventData.ShutdownPreShutdownNotificationsTime": "1149", "EventData.ShutdownServicesTime": "4998", "EventData.ShutdownKernelTime": "3836", "EventData.ShutdownRootCauseStepImprovementBits": "0", "EventData.ShutdownRootCauseGradualImprovementBits": "0", "EventData.ShutdownRootCauseStepDegradationBits": "0", "EventData.ShutdownRootCauseGradualDegradationBits": "0", "EventData.ShutdownIsDegradation": "False", "EventData.ShutdownTimeChange": "0"}
