{"EventID": "1223", "Channel": "Microsoft-Windows-PushNotification-Platform/Operational", "Provider_Name": "Microsoft-Windows-PushNotifications-Platform", "Computer": "DESKTOP-OFJ6N53", "TimeCreated": "2025-08-26 08:48:58.312611+00:00", "RecordID": "3705682", "Level": "5", "UserID": "S-1-5-18", "EventData.Verb": "ATH", "EventData.TrID": "2", "EventData.Namespace": "CON\\DEVICE", "EventData.CorrelationVector": "gPGhu2Nmu0CTZcDY.2", "EventData.Bytes": "1334", "EventData.Payload": "Q29udGV4dDogZDExYzcwYmFiOTg2OWZiZQ0KDQo8ZGV2aWNlPjxjb21wYWN0LXRpY2tldD50PUV3Q1lBK3BJQkFBVTFiREdmZGF6aURmWHBqTjVONmNZaFQxd2JtUUFBZDRIN29lSVlZLzBKRk81RVpKaDBkeXJ2ZXNpRFdBalgwa2pWWUt0dzNWTklEZnhoV1NhQjdFa0tCdGxRbUcrakpIY3ExSXp3UWZPSisyLzM3UXE0NldPKzBPUGZmM3lqUzRjL0hsdnZrd0Y3R3FyRFAyaHcxTmNUajJvOTU0WTV0S3IwUWgydTg4V3d6bGtNaVRSVmRISXZNT2RMSTNBNnBaVlhBdDZWbUJjZGRtVDZGc0FtbVpYeVVWRVZJUnluMDF6SjBxZFJzcEVPcmRRRkJtODM5NzhSU2hYTG96Ly9Wc3h0dkpFOFAzblhOQlFpMnlySVZ2Wk9rUG4wTTFGU3FQcld6SERMTkgvTmR3cjJOWE5VT0I0UG9VOEl3Y3kraGNoRkZNb0dERkJMa2lCMGo5TThBbG5SL1lnUEc3WTNtOXBYaGNlLy9rbHBNcFNTQ2hpVnpJUVpnQUFFQjZFd2ZLRGd6ZjNldXJpbDFpeERwVmdBdEhNanh3d3ZtZmZVMzFlWjBxWkRxVHVOWGJaYTIvb2haMytPakVRbm9GcVBZMDdoY29qRENzNW03NVlTaXhRbS9BS0lidkc5M0JKQy9aeXhLRkN5amlrVHZ6Wk9YMS9YTnk1UytlMWhxYlFJN3lZRmtTNzVucmE5MGNrMExMVEt6b1lqaEJYNTU4ZTdraHdNY3ZXV1REbStNOURpeDhzZ285YUwrL2NnRThtc1VwL1g4SEpQdE94R0ZFaEFTOVNNcy8ySm5EZE9jQ3Q0b0xUQVkxRjdsRmxVN2pIdjhFYzNrNlZrZ2svOWZCa1ZMVHRMZzNEbzRzSnFhWmkzWVU4ZTdKRk04NXV6VlNyR1FSYm14QUV1bEo2TVFHSXN1aHdxSlU2WkRWRHMzLzVrTUNjQnJ0Y1NBa3UveHJBZVpkZ2I0elJ0VU9pR05Wc2N3SEQ4QUErUjlwM0xSNk45WmhSZFR6M1kzQVVEVmM1aGlDRzFHa2tIYm03b2FMRThzMXdoZ2ZmRW9tcGl2bmJCZ0lsdlhwZDN2RHBFVlUreUNabDlvcjEzS2s0L2FtZTVsbmpOTGFudjd4ZDBCSVFDUUxKT3F6dXF2cFpkUFVyaU5BWHZGNXNQN0o0dkVWZUhaMDBMR0JobkRIbVJ2MXJ3c0hWeVFsdDMwZlVlcCsrWXdpWGZ3ZTlqdFpIcXVEa2FNQ0lXSW0rUk5pSVZVOTAzbkNZMjQ1OW1vR1QxbW85M0MzZVNoOG5wbUNzcmd1THpVWFdINldQeDNIaTJKZXR0d2pYNTBqS2szWGVucGx2dlhWRlRjcE5nMXZQamFzcVJDaytKKzBLVG9nMEw2MmFaMDc0N3ZLUkJOZWsrcWJTNkRNYXk2RGRxRVVIYWozMXZ1dXlYaEVvV0txWjluTTZleVdWN0VmUkhSNExsNEZsRjNsMis0cytKMVJpVms2R3dXakxsRTE4ZEQrR0I2QjRteXRBMndSQkt0THpLaXIveUptL0FqNjh4US9ndlpHa0FNQzVXS2FtL0k4TUhGSDBpTFByL2Znb0M2ZlVuQ1pVV3IrdVhxdkJBcmdGOG0vamtnST08L2NvbXBhY3QtdGlja2V0PjxpZD4wMDE4MDAwQjQzMkIyRTc2PC9pZD48L2RldmljZT4=", "EventData.ConnectionType": "1"}
{"EventID": "1267", "Channel": "Microsoft-Windows-PushNotification-Platform/Operational", "Provider_Name": "Microsoft-Windows-PushNotifications-Platform", "Computer": "DESKTOP-OFJ6N53", "TimeCreated": "2025-08-26 08:48:58.312613+00:00", "RecordID": "3705683", "Level": "5", "UserID": "S-1-5-18", "EventData.Verb": "ATH", "EventData.TrID": "2", "EventData.Namespace": "CON\\DEVICE", "EventData.CorrelationVector": "gPGhu2Nmu0CTZcDY.2", "EventData.Bytes": "1384", "EventData.Payload": "QVRIIDIgQ09OXERFVklDRSAxMzYxDQpNUy1DVjogZ1BHaHUyTm11MENUWmNEWS4yDQpDb250ZXh0OiBkMTFjNzBiYWI5ODY5ZmJlDQoNCjxkZXZpY2U+PGNvbXBhY3QtdGlja2V0PnQ9RXdDWUErcElCQUFVMWJER2ZkYXppRGZYcGpONU42Y1loVDF3Ym1RQUFkNEg3b2VJWVkvMEpGTzVFWkpoMGR5cnZlc2lEV0FqWDBralZZS3R3M1ZOSURmeGhXU2FCN0VrS0J0bFFtRytqSkhjcTFJendRZk9KKzIvMzdRcTQ2V08rME9QZmYzeWpTNGMvSGx2dmt3RjdHcXJEUDJodzFOY1RqMm85NTRZNXRLcjBRaDJ1ODhXd3psa01pVFJWZEhJdk1PZExJM0E2cFpWWEF0NlZtQmNkZG1UNkZzQW1tWlh5VVZFVklSeW4wMXpKMHFkUnNwRU9yZFFGQm04Mzk3OFJTaFhMb3ovL1ZzeHR2SkU4UDNuWE5CUWkyeXJJVnZaT2tQbjBNMUZTcVByV3pIRExOSC9OZHdyMk5YTlVPQjRQb1U4SXdjeStoY2hGRk1vR0RGQkxraUIwajlNOEFsblIvWWdQRzdZM205cFhoY2UvL2tscE1wU1NDaGlWeklRWmdBQUVCNkV3ZktEZ3pmM2V1cmlsMWl4RHBWZ0F0SE1qeHd3dm1mZlUzMWVaMHFaRHFUdU5YYlphMi9vaFozK09qRVFub0ZxUFkwN2hjb2pEQ3M1bTc1WVNpeFFtL0FLSWJ2RzkzQkpDL1p5eEtGQ3lqaWtUdnpaT1gxL1hOeTVTK2UxaHFiUUk3eVlGa1M3NW5yYTkwY2swTExUS3pvWWpoQlg1NThlN2tod01jdldXVERtK005RGl4OHNnbzlhTCsvY2dFOG1zVXAvWDhISlB0T3hHRkVoQVM5U01zLzJKbkRkT2NDdDRvTFRBWTFGN2xGbFU3akh2OEVjM2s2Vmtnay85ZkJrVkxUdExnM0RvNHNKcWFaaTNZVThlN0pGTTg1dXpWU3JHUVJibXhBRXVsSjZNUUdJc3Vod3FKVTZaRFZEczMvNWtNQ2NCcnRjU0FrdS94ckFlWmRnYjR6UnRVT2lHTlZzY3dIRDhBQStSOXAzTFI2TjlaaFJkVHozWTNBVURWYzVoaUNHMUdra0hibTdvYUxFOHMxd2hnZmZFb21waXZuYkJnSWx2WHBkM3ZEcEVWVSt5Q1psOW9yMTNLazQvYW1lNWxuak5MYW52N3hkMEJJUUNRTEpPcXp1cXZwWmRQVXJpTkFYdkY1c1A3SjR2RVZlSFowMExHQmhuREhtUnYxcndzSFZ5UWx0MzBmVWVwKytZd2lYZndlOWp0WkhxdURrYU1DSVdJbStSTmlJVlU5MDNuQ1kyNDU5bW9HVDFtbzkzQzNlU2g4bnBtQ3NyZ3VMelVYV0g2V1B4M0hpMkpldHR3alg1MGpLazNYZW5wbHZ2WFZGVGNwTmcxdlBqYXNxUkNrK0orMEtUb2cwTDYyYVowNzQ3dktSQk5laytxYlM2RE1heTZEZHFFVUhhajMxdnV1eVhoRW9XS3FaOW5NNmV5V1Y3RWZSSFI0TGw0RmxGM2wyKzRzK0oxUmlWazZHd1dqTGxFMThkRCtHQjZCNG15dEEyd1JCS3RMektpci95Sm0vQWo2OHhRL2d2WkdrQU1DNVdLYW0vSThNSEZIMGlMUHIvZmdvQzZmVW5DWlVXcit1WHF2QkFyZ0Y4bS9qa2dJPTwvY29tcGFjdC10aWNrZXQ+PGlkPjAwMTgwMDBCNDMyQjJFNzY8L2lkPjwvZGV2aWNlPg==", "EventData.ConnectionType": "1"}
{"EventID": "1223", "Channel": "Microsoft-Windows-PushNotification-Platform/Operational", "Provider_Name": "Microsoft-Windows-PushNotifications-Platform", "Computer": "DESKTOP-OFJ6N53", "TimeCreated": "2025-08-26 08:48:58.312847+00:00", "RecordID": "3705684", "Level": "5", "UserID": "S-1-5-18", "EventData.Verb": "BND", "EventData.TrID": "3", "EventData.Namespace": "CON\\WNS 0", "EventData.CorrelationVector": "gPGhu2Nmu0CTZcDY.3", "EventData.Bytes": "170", "EventData.Payload": "Q29udGV4dDogZDExYzcwYmFiOTg2OWZiZQ0KDQo8d25zPjx2ZXI+MTwvdmVyPjxjbGllbnQ+PG5hbWU+V1BOPC9uYW1lPjx2ZXI+MS4wPC92ZXI+PC9jbGllbnQ+PG9wdGlvbnM+PHB3cm1vZGUgbW9kZT0iMCI+PC9wd3Jtb2RlPjwvb3B0aW9ucz48bGFzdE1zZ0lkPjA8L2xhc3RNc2dJZD48L3ducz4=", "EventData.ConnectionType": "1"}
{"EventID": "1267", "Channel": "Microsoft-Windows-PushNotification-Platform/Operational", "Provider_Name": "Microsoft-Windows-PushNotifications-Platform", "Computer": "DESKTOP-OFJ6N53", "TimeCreated": "2025-08-26 08:48:58.312849+00:00", "RecordID": "3705685", "Level": "5", "UserID": "S-1-5-18", "EventData.Verb": "BND", "EventData.TrID": "3", "EventData.Namespace": "CON\\WNS 0", "EventData.CorrelationVector": "gPGhu2Nmu0CTZcDY.3", "EventData.Bytes": "218", "EventData.Payload": "Qk5EIDMgQ09OXFdOUyAwIDE5Nw0KTVMtQ1Y6IGdQR2h1Mk5tdTBDVFpjRFkuMw0KQ29udGV4dDogZDExYzcwYmFiOTg2OWZiZQ0KDQo8d25zPjx2ZXI+MTwvdmVyPjxjbGllbnQ+PG5hbWU+V1BOPC9uYW1lPjx2ZXI+MS4wPC92ZXI+PC9jbGllbnQ+PG9wdGlvbnM+PHB3cm1vZGUgbW9kZT0iMCI+PC9wd3Jtb2RlPjwvb3B0aW9ucz48bGFzdE1zZ0lkPjA8L2xhc3RNc2dJZD48L3ducz4=", "EventData.ConnectionType": "1"}
{"EventID": "1225", "Channel": "Microsoft-Windows-PushNotification-Platform/Operational", "Provider_Name": "Microsoft-Windows-PushNotifications-Platform", "Computer": "DESKTOP-OFJ6N53", "TimeCreated": "2025-08-26 08:48:58.375118+00:00", "RecordID": "3705686", "Level": "5", "UserID": "S-1-5-18", "EventData.Verb": "CNT", "EventData.TrID": "1", "EventData.Namespace": "CON", "EventData.CorrelationVector": "gPGhu2Nmu0CTZcDY.1.0", "EventData.Bytes": "236", "EventData.Payload": "Q29udGV4dDogZDExYzcwYmFiOTg2OWZiZQ0KTVMtQ1Y6IGdQR2h1Mk5tdTBDVFpjRFkuMS4wDQoNCjxjb25uZWN0LXJlc3BvbnNlPjx2ZXI+MTwvdmVyPjxzZXNzaW9uPjxpZD5NdHAxLjQ4MS82NzgyMjczMC42OTM1NTM1NC1mNTlhLWI0YzEtNmZiNS02YWNiMzc4OTc5ZmI8L2lkPjx0aW1lb3V0PjIwMDA8L3RpbWVvdXQ+PC9zZXNzaW9uPjxxb3N0ZXN0PmZhbHNlPC9xb3N0ZXN0PjwvY29ubmVjdC1yZXNwb25zZT4=", "EventData.ConnectionType": "1"}
{"EventID": "1268", "Channel": "Microsoft-Windows-PushNotification-Platform/Operational", "Provider_Name": "Microsoft-Windows-PushNotifications-Platform", "Computer": "DESKTOP-OFJ6N53", "TimeCreated": "2025-08-26 08:48:58.375120+00:00", "RecordID": "3705687", "Level": "5", "UserID": "S-1-5-18", "EventData.Verb": "CNT", "EventData.TrID": "1", "EventData.Namespace": "CON", "EventData.CorrelationVector": "gPGhu2Nmu0CTZcDY.1.0", "EventData.Bytes": "236", "EventData.Payload": "Q05UIDEgQ09OADIzNg0KQ29udGV4dDogZDExYzcwYmFiOTg2OWZiZQ0KTVMtQ1Y6IGdQR2h1Mk5tdTBDVFpjRFkuMS4wDQoNCjxjb25uZWN0LXJlc3BvbnNlPjx2ZXI+MTwvdmVyPjxzZXNzaW9uPjxpZD5NdHAxLjQ4MS82NzgyMjczMC42OTM1NTM1NC1mNTlhLWI0YzEtNmZiNS02YWNiMzc4OTc5ZmI8L2lkPjx0aW1lb3V0PjIwMDA8L3RpbWVvdXQ+PC9zZXNzaW9uPjxxb3N0ZXN0PmZhbHNlPC9xb3N0ZXN0PjwvY28=", "EventData.ConnectionType": "1"}
{"EventID": "1225", "Channel": "Microsoft-Windows-PushNotification-Platform/Operational", "Provider_Name": "Microsoft-Windows-PushNotifications-Platform", "Computer": "DESKTOP-OFJ6N53", "TimeCreated": "2025-08-26 08:48:58.378172+00:00", "RecordID": "3705688", "Level": "5", "UserID": "S-1-5-18", "EventData.Verb": "911", "EventData.TrID": "2", "EventData.Namespace": "CON", "EventData.CorrelationVector": "gPGhu2Nmu0CTZcDY.2.0", "EventData.Bytes": "52", "EventData.Payload": "TVMtQ1Y6IGdQR2h1Mk5tdTBDVFpjRFkuMi4wDQoNCkF1dGhlbnRpY2F0aW9uIGZhaWxlZA==", "EventData.ConnectionType": "1"}
{"EventID": "1268", "Channel": "Microsoft-Windows-PushNotification-Platform/Operational", "Provider_Name": "Microsoft-Windows-PushNotifications-Platform", "Computer": "DESKTOP-OFJ6N53", "TimeCreated": "2025-08-26 08:48:58.378174+00:00", "RecordID": "3705689", "Level": "5", "UserID": "S-1-5-18", "EventData.Verb": "911", "EventData.TrID": "2", "EventData.Namespace": "CON", "EventData.CorrelationVector": "gPGhu2Nmu0CTZcDY.2.0", "EventData.Bytes": "52", "EventData.Payload": "OTExIDIgQ09OADUyDQpNUy1DVjogZ1BHaHUyTm11MENUWmNEWS4yLjANCg0KQXV0aGVudA==", "EventData.ConnectionType": "1"}
{"EventID": "1258", "Channel": "Microsoft-Windows-PushNotification-Platform/Operational", "Provider_Name": "Microsoft-Windows-PushNotifications-Platform", "Computer": "DESKTOP-OFJ6N53", "TimeCreated": "2025-08-26 08:48:58.378239+00:00", "RecordID": "3705690", "Level": "4", "UserID": "S-1-5-18", "EventData.ConnectionType": "1", "EventData.SocketError": "0"}
{"EventID": "1264", "Channel": "Microsoft-Windows-PushNotification-Platform/Operational", "Provider_Name": "Microsoft-Windows-PushNotifications-Platform", "Computer": "DESKTOP-OFJ6N53", "TimeCreated": "2025-08-26 08:48:58.379242+00:00", "RecordID": "3705691", "Level": "4", "UserID": "S-1-5-18", "EventData.DeviceId": "0018000B432B2E76", "EventData.UserId": "0", "EventData.Error": "2281964431"}
{"EventID": "1005", "Channel": "Microsoft-Windows-PushNotification-Platform/Operational", "Provider_Name": "Microsoft-Windows-PushNotifications-Platform", "Computer": "DESKTOP-OFJ6N53", "TimeCreated": "2025-08-26 08:48:58.379429+00:00", "RecordID": "3705692", "Level": "4", "UserID": "S-1-5-18", "EventData.Status": "7"}
{"EventID": "42", "Channel": "Microsoft-Windows-PushNotification-Platform/Operational", "Provider_Name": "Microsoft-Windows-PushNotifications-Platform", "Computer": "DESKTOP-OFJ6N53", "TimeCreated": "2025-08-26 08:48:58.379456+00:00", "RecordID": "3705693", "Level": "4", "UserID": "S-1-5-18", "EventData.GroupPolicyValue": "True", "EventData.MDMPolicyValue": "True"}
{"EventID": "37", "Channel": "Microsoft-Windows-PushNotification-Platform/Operational", "Provider_Name": "Microsoft-Windows-PushNotifications-Platform", "Computer": "DESKTOP-OFJ6N53", "TimeCreated": "2025-08-26 08:48:58.379597+00:00", "RecordID": "3705694", "Level": "4", "UserID": "S-1-5-18", "EventData.ChannelsExist": "True"}
{"EventID": "1005", "Channel": "Microsoft-Windows-PushNotification-Platform/Operational", "Provider_Name": "Microsoft-Windows-PushNotifications-Platform", "Computer": "DESKTOP-OFJ6N53", "TimeCreated": "2025-08-26 08:48:58.380064+00:00", "RecordID": "3705695", "Level": "4", "UserID": "S-1-5-18", "EventData.Status": "7"}
{"EventID": "42", "Channel": "Microsoft-Windows-PushNotification-Platform/Operational", "Provider_Name": "Microsoft-Windows-PushNotifications-Platform", "Computer": "DESKTOP-OFJ6N53", "TimeCreated": "2025-08-26 08:48:58.380116+00:00", "RecordID": "3705696", "Level": "4", "UserID": "S-1-5-18", "EventData.GroupPolicyValue": "True", "EventData.MDMPolicyValue": "True"}
{"EventID": "37", "Channel": "Microsoft-Windows-PushNotification-Platform/Operational", "Provider_Name": "Microsoft-Windows-PushNotifications-Platform", "Computer": "DESKTOP-OFJ6N53", "TimeCreated": "2025-08-26 08:48:58.380157+00:00", "RecordID": "3705697", "Level": "4", "UserID": "S-1-5-18", "EventData.ChannelsExist": "True"}
{"EventID": "1005", "Channel": "Microsoft-Windows-PushNotification-Platform/Operational", "Provider_Name": "Microsoft-Windows-PushNotifications-Platform", "Computer": "DESKTOP-OFJ6N53", "TimeCreated": "2025-08-26 08:48:58.381556+00:00", "RecordID": "3705698", "Level": "4", "UserID": "S-1-5-21-963789628-1060504924-4285088085-1001", "EventData.Status": "7"}
{"EventID": "42", "Channel": "Microsoft-Windows-PushNotification-Platform/Operational", "Provider_Name": "Microsoft-Windows-PushNotifications-Platform", "Computer": "DESKTOP-OFJ6N53", "TimeCreated": "2025-08-26 08:48:58.381615+00:00", "RecordID": "3705699", "Level": "4", "UserID": "S-1-5-21-963789628-1060504924-4285088085-1001", "EventData.GroupPolicyValue": "True", "EventData.MDMPolicyValue": "True"}
{"EventID": "37", "Channel": "Microsoft-Windows-PushNotification-Platform/Operational", "Provider_Name": "Microsoft-Windows-PushNotifications-Platform", "Computer": "DESKTOP-OFJ6N53", "TimeCreated": "2025-08-26 08:48:58.381716+00:00", "RecordID": "3705700", "Level": "4", "UserID": "S-1-5-21-963789628-1060504924-4285088085-1001", "EventData.ChannelsExist": "True"}
{"EventID": "1022", "Channel": "Microsoft-Windows-PushNotification-Platform/Operational", "Provider_Name": "Microsoft-Windows-PushNotifications-Platform", "Computer": "DESKTOP-OFJ6N53", "TimeCreated": "2025-08-26 08:48:58.391104+00:00", "RecordID": "3705701", "Level": "4", "UserID": "S-1-5-18"}
{"EventID": "1022", "Channel": "Microsoft-Windows-PushNotification-Platform/Operational", "Provider_Name": "Microsoft-Windows-PushNotifications-Platform", "Computer": "DESKTOP-OFJ6N53", "TimeCreated": "2025-08-26 08:48:58.391155+00:00", "RecordID": "3705702", "Level": "4", "UserID": "S-1-5-18"}
{"EventID": "1022", "Channel": "Microsoft-Windows-PushNotification-Platform/Operational", "Provider_Name": "Microsoft-Windows-PushNotifications-Platform", "Computer": "DESKTOP-OFJ6N53", "TimeCreated": "2025-08-26 08:48:58.395649+00:00", "RecordID": "3705703", "Level": "4", "UserID": "S-1-5-21-963789628-1060504924-4285088085-1001"}
{"EventID": "1113", "Channel": "Microsoft-Windows-PushNotification-Platform/Operational", "Provider_Name": "Microsoft-Windows-PushNotifications-Platform", "Computer": "DESKTOP-OFJ6N53", "TimeCreated": "2025-08-26 08:48:59.082069+00:00", "RecordID": "3705704", "Level": "4", "UserID": "S-1-5-18", "EventData.DeviceId": "0018000B432B2E76", "EventData.ConnectionType": "1"}
{"EventID": "1207", "Channel": "Microsoft-Windows-PushNotification-Platform/Operational", "Provider_Name": "Microsoft-Windows-PushNotifications-Platform", "Computer": "DESKTOP-OFJ6N53", "TimeCreated": "2025-08-26 08:48:59.092323+00:00", "RecordID": "3705705", "Level": "4", "UserID": "S-1-5-18", "EventData.ConnectionType": "1", "EventData.HostName": "client.wns.windows.com"}
{"EventID": "1208", "Channel": "Microsoft-Windows-PushNotification-Platform/Operational", "Provider_Name": "Microsoft-Windows-PushNotifications-Platform", "Computer": "DESKTOP-OFJ6N53", "TimeCreated": "2025-08-26 08:48:59.093346+00:00", "RecordID": "3705706", "Level": "4", "UserID": "S-1-5-18", "EventData.ConnectionType": "1", "EventData.ErrorCode": "0"}
{"EventID": "1211", "Channel": "Microsoft-Windows-PushNotification-Platform/Operational", "Provider_Name": "Microsoft-Windows-PushNotifications-Platform", "Computer": "DESKTOP-OFJ6N53", "TimeCreated": "2025-08-26 08:48:59.093351+00:00", "RecordID": "3705707", "Level": "4", "UserID": "S-1-5-18", "EventData.ConnectionType": "1", "EventData.HostName": "client.wns.windows.com", "EventData.Port": "443"}
