{"EventID": "61", "Channel": "Microsoft-Windows-Bits-Client/Operational", "Provider_Name": "Microsoft-Windows-Bits-Client", "Computer": "DESKTOP-OFJ6N53", "TimeCreated": "2025-08-26 01:43:37.888674+00:00", "RecordID": "85611", "Level": "3", "UserID": "S-1-5-18", "EventData.transferId": "{2fa76d5d-1dbb-4fda-b3f9-244ec7c97a00}", "EventData.name": "Chrome Component Updater", "EventData.Id": "{f45defb6-a731-4ce8-9eec-ce2adf9cb5d4}", "EventData.url": "http://edgedl.me.gvt1.com/edgedl/diffgen-puffin/kiabhabjdbkjdpjbpigfodbdjmbglcoo/2f9ff0a6bc5f1b3fb9a93f3d0c0292f000d2a2aa5c101c0b7bc1cc98d4374bd3", "EventData.peer": null, "EventData.hr": "2147954402", "EventData.fileTime": "0001-01-01 00:00:00", "EventData.fileLength": "18446744073709551615", "EventData.bytesTotal": "18446744073709551615", "EventData.bytesTransferred": "0", "EventData.proxy": null, "EventData.peerProtocolFlags": "0", "EventData.bytesTransferredFromPeer": "0", "EventData.AdditionalInfoHr": "0", "EventData.PeerContextInfo": "0", "EventData.bandwidthLimit": "18446744073709551615", "EventData.ignoreBandwidthLimitsOnLan": "False"}
{"EventID": "61", "Channel": "Microsoft-Windows-Bits-Client/Operational", "Provider_Name": "Microsoft-Windows-Bits-Client", "Computer": "DESKTOP-OFJ6N53", "TimeCreated": "2025-08-26 01:44:59.122187+00:00", "RecordID": "85612", "Level": "3", "UserID": "S-1-5-18", "EventData.transferId": "{0bc1d2a0-f5a4-4d1b-9bab-e3a5a36d3819}", "EventData.name": "Chrome Component Updater", "EventData.Id": "{f45defb6-a731-4ce8-9eec-ce2adf9cb5d4}", "EventData.url": "http://edgedl.me.gvt1.com/edgedl/diffgen-puffin/kiabhabjdbkjdpjbpigfodbdjmbglcoo/2f9ff0a6bc5f1b3fb9a93f3d0c0292f000d2a2aa5c101c0b7bc1cc98d4374bd3", "EventData.peer": null, "EventData.hr": "2147954402", "EventData.fileTime": "0001-01-01 00:00:00", "EventData.fileLength": "18446744073709551615", "EventData.bytesTotal": "18446744073709551615", "EventData.bytesTransferred": "0", "EventData.proxy": null, "EventData.peerProtocolFlags": "0", "EventData.bytesTransferredFromPeer": "0", "EventData.AdditionalInfoHr": "0", "EventData.PeerContextInfo": "0", "EventData.bandwidthLimit": "18446744073709551615", "EventData.ignoreBandwidthLimitsOnLan": "False"}
{"EventID": "61", "Channel": "Microsoft-Windows-Bits-Client/Operational", "Provider_Name": "Microsoft-Windows-Bits-Client", "Computer": "DESKTOP-OFJ6N53", "TimeCreated": "2025-08-26 01:46:20.172523+00:00", "RecordID": "85613", "Level": "3", "UserID": "S-1-5-18", "EventData.transferId": "{622d45c2-4c9b-450f-bf1b-62ddb929e6b8}", "EventData.name": "Chrome Component Updater", "EventData.Id": "{f45defb6-a731-4ce8-9eec-ce2adf9cb5d4}", "EventData.url": "http://edgedl.me.gvt1.com/edgedl/diffgen-puffin/kiabhabjdbkjdpjbpigfodbdjmbglcoo/2f9ff0a6bc5f1b3fb9a93f3d0c0292f000d2a2aa5c101c0b7bc1cc98d4374bd3", "EventData.peer": null, "EventData.hr": "2147954402", "EventData.fileTime": "0001-01-01 00:00:00", "EventData.fileLength": "18446744073709551615", "EventData.bytesTotal": "18446744073709551615", "EventData.bytesTransferred": "0", "EventData.proxy": null, "EventData.peerProtocolFlags": "0", "EventData.bytesTransferredFromPeer": "0", "EventData.AdditionalInfoHr": "0", "EventData.PeerContextInfo": "0", "EventData.bandwidthLimit": "18446744073709551615", "EventData.ignoreBandwidthLimitsOnLan": "False"}
{"EventID": "61", "Channel": "Microsoft-Windows-Bits-Client/Operational", "Provider_Name": "Microsoft-Windows-Bits-Client", "Computer": "DESKTOP-OFJ6N53", "TimeCreated": "2025-08-26 01:47:41.562244+00:00", "RecordID": "85614", "Level": "3", "UserID": "S-1-5-18", "EventData.transferId": "{b2951332-caf2-4bbc-9999-1a280dd19933}", "EventData.name": "Chrome Component Updater", "EventData.Id": "{f45defb6-a731-4ce8-9eec-ce2adf9cb5d4}", "EventData.url": "http://edgedl.me.gvt1.com/edgedl/diffgen-puffin/kiabhabjdbkjdpjbpigfodbdjmbglcoo/2f9ff0a6bc5f1b3fb9a93f3d0c0292f000d2a2aa5c101c0b7bc1cc98d4374bd3", "EventData.peer": null, "EventData.hr": "2147954402", "EventData.fileTime": "0001-01-01 00:00:00", "EventData.fileLength": "18446744073709551615", "EventData.bytesTotal": "18446744073709551615", "EventData.bytesTransferred": "0", "EventData.proxy": null, "EventData.peerProtocolFlags": "0", "EventData.bytesTransferredFromPeer": "0", "EventData.AdditionalInfoHr": "0", "EventData.PeerContextInfo": "0", "EventData.bandwidthLimit": "18446744073709551615", "EventData.ignoreBandwidthLimitsOnLan": "False"}
{"EventID": "61", "Channel": "Microsoft-Windows-Bits-Client/Operational", "Provider_Name": "Microsoft-Windows-Bits-Client", "Computer": "DESKTOP-OFJ6N53", "TimeCreated": "2025-08-26 01:49:02.646246+00:00", "RecordID": "85615", "Level": "3", "UserID": "S-1-5-18", "EventData.transferId": "{27faf39a-6562-4cca-ae0e-e5e650b2aace}", "EventData.name": "Chrome Component Updater", "EventData.Id": "{f45defb6-a731-4ce8-9eec-ce2adf9cb5d4}", "EventData.url": "http://edgedl.me.gvt1.com/edgedl/diffgen-puffin/kiabhabjdbkjdpjbpigfodbdjmbglcoo/2f9ff0a6bc5f1b3fb9a93f3d0c0292f000d2a2aa5c101c0b7bc1cc98d4374bd3", "EventData.peer": null, "EventData.hr": "2147954402", "EventData.fileTime": "0001-01-01 00:00:00", "EventData.fileLength": "18446744073709551615", "EventData.bytesTotal": "18446744073709551615", "EventData.bytesTransferred": "0", "EventData.proxy": null, "EventData.peerProtocolFlags": "0", "EventData.bytesTransferredFromPeer": "0", "EventData.AdditionalInfoHr": "0", "EventData.PeerContextInfo": "0", "EventData.bandwidthLimit": "18446744073709551615", "EventData.ignoreBandwidthLimitsOnLan": "False"}
{"EventID": "61", "Channel": "Microsoft-Windows-Bits-Client/Operational", "Provider_Name": "Microsoft-Windows-Bits-Client", "Computer": "DESKTOP-OFJ6N53", "TimeCreated": "2025-08-26 01:50:23.961071+00:00", "RecordID": "85616", "Level": "3", "UserID": "S-1-5-18", "EventData.transferId": "{5badc707-0181-457b-89ce-7b14789346ad}", "EventData.name": "Chrome Component Updater", "EventData.Id": "{f45defb6-a731-4ce8-9eec-ce2adf9cb5d4}", "EventData.url": "http://edgedl.me.gvt1.com/edgedl/diffgen-puffin/kiabhabjdbkjdpjbpigfodbdjmbglcoo/2f9ff0a6bc5f1b3fb9a93f3d0c0292f000d2a2aa5c101c0b7bc1cc98d4374bd3", "EventData.peer": null, "EventData.hr": "2147954402", "EventData.fileTime": "0001-01-01 00:00:00", "EventData.fileLength": "18446744073709551615", "EventData.bytesTotal": "18446744073709551615", "EventData.bytesTransferred": "0", "EventData.proxy": null, "EventData.peerProtocolFlags": "0", "EventData.bytesTransferredFromPeer": "0", "EventData.AdditionalInfoHr": "0", "EventData.PeerContextInfo": "0", "EventData.bandwidthLimit": "18446744073709551615", "EventData.ignoreBandwidthLimitsOnLan": "False"}
{"EventID": "61", "Channel": "Microsoft-Windows-Bits-Client/Operational", "Provider_Name": "Microsoft-Windows-Bits-Client", "Computer": "DESKTOP-OFJ6N53", "TimeCreated": "2025-08-26 01:51:45.086926+00:00", "RecordID": "85617", "Level": "3", "UserID": "S-1-5-18", "EventData.transferId": "{df54baa5-ed1b-400c-b337-223030eae13e}", "EventData.name": "Chrome Component Updater", "EventData.Id": "{f45defb6-a731-4ce8-9eec-ce2adf9cb5d4}", "EventData.url": "http://edgedl.me.gvt1.com/edgedl/diffgen-puffin/kiabhabjdbkjdpjbpigfodbdjmbglcoo/2f9ff0a6bc5f1b3fb9a93f3d0c0292f000d2a2aa5c101c0b7bc1cc98d4374bd3", "EventData.peer": null, "EventData.hr": "2147954402", "EventData.fileTime": "0001-01-01 00:00:00", "EventData.fileLength": "18446744073709551615", "EventData.bytesTotal": "18446744073709551615", "EventData.bytesTransferred": "0", "EventData.proxy": null, "EventData.peerProtocolFlags": "0", "EventData.bytesTransferredFromPeer": "0", "EventData.AdditionalInfoHr": "0", "EventData.PeerContextInfo": "0", "EventData.bandwidthLimit": "18446744073709551615", "EventData.ignoreBandwidthLimitsOnLan": "False"}
{"EventID": "61", "Channel": "Microsoft-Windows-Bits-Client/Operational", "Provider_Name": "Microsoft-Windows-Bits-Client", "Computer": "DESKTOP-OFJ6N53", "TimeCreated": "2025-08-26 01:53:06.682482+00:00", "RecordID": "85618", "Level": "3", "UserID": "S-1-5-18", "EventData.transferId": "{98982cb1-118a-47c6-8c45-0d05363b9c33}", "EventData.name": "Chrome Component Updater", "EventData.Id": "{f45defb6-a731-4ce8-9eec-ce2adf9cb5d4}", "EventData.url": "http://edgedl.me.gvt1.com/edgedl/diffgen-puffin/kiabhabjdbkjdpjbpigfodbdjmbglcoo/2f9ff0a6bc5f1b3fb9a93f3d0c0292f000d2a2aa5c101c0b7bc1cc98d4374bd3", "EventData.peer": null, "EventData.hr": "2147954402", "EventData.fileTime": "0001-01-01 00:00:00", "EventData.fileLength": "18446744073709551615", "EventData.bytesTotal": "18446744073709551615", "EventData.bytesTransferred": "0", "EventData.proxy": null, "EventData.peerProtocolFlags": "0", "EventData.bytesTransferredFromPeer": "0", "EventData.AdditionalInfoHr": "0", "EventData.PeerContextInfo": "0", "EventData.bandwidthLimit": "18446744073709551615", "EventData.ignoreBandwidthLimitsOnLan": "False"}
{"EventID": "61", "Channel": "Microsoft-Windows-Bits-Client/Operational", "Provider_Name": "Microsoft-Windows-Bits-Client", "Computer": "DESKTOP-OFJ6N53", "TimeCreated": "2025-08-26 01:54:27.854334+00:00", "RecordID": "85619", "Level": "3", "UserID": "S-1-5-18", "EventData.transferId": "{1d3a0023-1c02-45a3-8f8a-0818ec6bd737}", "EventData.name": "Chrome Component Updater", "EventData.Id": "{f45defb6-a731-4ce8-9eec-ce2adf9cb5d4}", "EventData.url": "http://edgedl.me.gvt1.com/edgedl/diffgen-puffin/kiabhabjdbkjdpjbpigfodbdjmbglcoo/2f9ff0a6bc5f1b3fb9a93f3d0c0292f000d2a2aa5c101c0b7bc1cc98d4374bd3", "EventData.peer": null, "EventData.hr": "2147954402", "EventData.fileTime": "0001-01-01 00:00:00", "EventData.fileLength": "18446744073709551615", "EventData.bytesTotal": "18446744073709551615", "EventData.bytesTransferred": "0", "EventData.proxy": null, "EventData.peerProtocolFlags": "0", "EventData.bytesTransferredFromPeer": "0", "EventData.AdditionalInfoHr": "0", "EventData.PeerContextInfo": "0", "EventData.bandwidthLimit": "18446744073709551615", "EventData.ignoreBandwidthLimitsOnLan": "False"}
{"EventID": "61", "Channel": "Microsoft-Windows-Bits-Client/Operational", "Provider_Name": "Microsoft-Windows-Bits-Client", "Computer": "DESKTOP-OFJ6N53", "TimeCreated": "2025-08-26 01:55:48.955046+00:00", "RecordID": "85620", "Level": "3", "UserID": "S-1-5-18", "EventData.transferId": "{eba13e99-2023-4d21-8c54-3f62055b17da}", "EventData.name": "Chrome Component Updater", "EventData.Id": "{f45defb6-a731-4ce8-9eec-ce2adf9cb5d4}", "EventData.url": "http://edgedl.me.gvt1.com/edgedl/diffgen-puffin/kiabhabjdbkjdpjbpigfodbdjmbglcoo/2f9ff0a6bc5f1b3fb9a93f3d0c0292f000d2a2aa5c101c0b7bc1cc98d4374bd3", "EventData.peer": null, "EventData.hr": "2147954402", "EventData.fileTime": "0001-01-01 00:00:00", "EventData.fileLength": "18446744073709551615", "EventData.bytesTotal": "18446744073709551615", "EventData.bytesTransferred": "0", "EventData.proxy": null, "EventData.peerProtocolFlags": "0", "EventData.bytesTransferredFromPeer": "0", "EventData.AdditionalInfoHr": "0", "EventData.PeerContextInfo": "0", "EventData.bandwidthLimit": "18446744073709551615", "EventData.ignoreBandwidthLimitsOnLan": "False"}
{"EventID": "61", "Channel": "Microsoft-Windows-Bits-Client/Operational", "Provider_Name": "Microsoft-Windows-Bits-Client", "Computer": "DESKTOP-OFJ6N53", "TimeCreated": "2025-08-26 01:57:10.125151+00:00", "RecordID": "85621", "Level": "3", "UserID": "S-1-5-18", "EventData.transferId": "{3b946783-b3f4-4509-8714-cdebde048071}", "EventData.name": "Chrome Component Updater", "EventData.Id": "{f45defb6-a731-4ce8-9eec-ce2adf9cb5d4}", "EventData.url": "http://edgedl.me.gvt1.com/edgedl/diffgen-puffin/kiabhabjdbkjdpjbpigfodbdjmbglcoo/2f9ff0a6bc5f1b3fb9a93f3d0c0292f000d2a2aa5c101c0b7bc1cc98d4374bd3", "EventData.peer": null, "EventData.hr": "2147954402", "EventData.fileTime": "0001-01-01 00:00:00", "EventData.fileLength": "18446744073709551615", "EventData.bytesTotal": "18446744073709551615", "EventData.bytesTransferred": "0", "EventData.proxy": null, "EventData.peerProtocolFlags": "0", "EventData.bytesTransferredFromPeer": "0", "EventData.AdditionalInfoHr": "0", "EventData.PeerContextInfo": "0", "EventData.bandwidthLimit": "18446744073709551615", "EventData.ignoreBandwidthLimitsOnLan": "False"}
{"EventID": "5", "Channel": "Microsoft-Windows-Bits-Client/Operational", "Provider_Name": "Microsoft-Windows-Bits-Client", "Computer": "DESKTOP-OFJ6N53", "TimeCreated": "2025-08-26 01:58:13.206282+00:00", "RecordID": "85622", "Level": "4", "UserID": "S-1-5-21-963789628-1060504924-4285088085-1001", "EventData.User": "DESKTOP-OFJ6N53\\sk.batsiev", "EventData.jobTitle": "Chrome Component Updater", "EventData.jobId": "{f45defb6-a731-4ce8-9eec-ce2adf9cb5d4}", "EventData.jobOwner": "DESKTOP-OFJ6N53\\sk.batsiev", "EventData.fileCount": "1"}
{"EventID": "3", "Channel": "Microsoft-Windows-Bits-Client/Operational", "Provider_Name": "Microsoft-Windows-Bits-Client", "Computer": "DESKTOP-OFJ6N53", "TimeCreated": "2025-08-26 01:58:13.212240+00:00", "RecordID": "85623", "Level": "4", "UserID": "S-1-5-18", "EventData.jobTitle": "Chrome Component Updater", "EventData.jobId": "{5522b987-f2ea-4654-aa89-309202c4a88a}", "EventData.jobOwner": "DESKTOP-OFJ6N53\\sk.batsiev", "EventData.processPath": "C:\\Program Files\\Google\\Chrome\\Application\\chrome.exe", "EventData.processId": "10884", "EventData.ClientProcessStartKey": "50384020831213050"}
{"EventID": "16403", "Channel": "Microsoft-Windows-Bits-Client/Operational", "Provider_Name": "Microsoft-Windows-Bits-Client", "Computer": "DESKTOP-OFJ6N53", "TimeCreated": "2025-08-26 01:58:13.218475+00:00", "RecordID": "85624", "Level": "4", "UserID": "S-1-5-21-963789628-1060504924-4285088085-1001", "EventData.User": "DESKTOP-OFJ6N53\\sk.batsiev", "EventData.jobTitle": "Chrome Component Updater", "EventData.jobId": "{5522b987-f2ea-4654-aa89-309202c4a88a}", "EventData.jobOwner": "DESKTOP-OFJ6N53\\sk.batsiev", "EventData.fileCount": "1", "EventData.RemoteName": "https://edgedl.me.gvt1.com/edgedl/diffgen-puffin/kiabhabjdbkjdpjbpigfodbdjmbglcoo/2f9ff0a6bc5f1b3fb9a93f3d0c0292f000d2a2aa5c101c0b7bc1cc98d4374bd3", "EventData.LocalName": "C:\\Users\\SKA580~1.BAT\\AppData\\Local\\Temp\\chrome_BITS_10884_284333171\\2f9ff0a6bc5f1b3fb9a93f3d0c0292f000d2a2aa5c101c0b7bc1cc98d4374bd3", "EventData.processId": "10884", "EventData.ClientProcessStartKey": "50384020831213050"}
{"EventID": "61", "Channel": "Microsoft-Windows-Bits-Client/Operational", "Provider_Name": "Microsoft-Windows-Bits-Client", "Computer": "DESKTOP-OFJ6N53", "TimeCreated": "2025-08-26 01:58:55.451027+00:00", "RecordID": "85625", "Level": "3", "UserID": "S-1-5-18", "EventData.transferId": "{8c4b64a7-dc0c-4223-96c9-1a7d990fe2af}", "EventData.name": "Chrome Component Updater", "EventData.Id": "{5522b987-f2ea-4654-aa89-309202c4a88a}", "EventData.url": "https://edgedl.me.gvt1.com/edgedl/diffgen-puffin/kiabhabjdbkjdpjbpigfodbdjmbglcoo/2f9ff0a6bc5f1b3fb9a93f3d0c0292f000d2a2aa5c101c0b7bc1cc98d4374bd3", "EventData.peer": null, "EventData.hr": "2147954402", "EventData.fileTime": "0001-01-01 00:00:00", "EventData.fileLength": "18446744073709551615", "EventData.bytesTotal": "18446744073709551615", "EventData.bytesTransferred": "0", "EventData.proxy": null, "EventData.peerProtocolFlags": "0", "EventData.bytesTransferredFromPeer": "0", "EventData.AdditionalInfoHr": "0", "EventData.PeerContextInfo": "0", "EventData.bandwidthLimit": "18446744073709551615", "EventData.ignoreBandwidthLimitsOnLan": "False"}
{"EventID": "61", "Channel": "Microsoft-Windows-Bits-Client/Operational", "Provider_Name": "Microsoft-Windows-Bits-Client", "Computer": "DESKTOP-OFJ6N53", "TimeCreated": "2025-08-26 02:00:16.860189+00:00", "RecordID": "85626", "Level": "3", "UserID": "S-1-5-18", "EventData.transferId": "{7e4fa9fb-e2ab-4890-a5df-1beb909da0e0}", "EventData.name": "Chrome Component Updater", "EventData.Id": "{5522b987-f2ea-4654-aa89-309202c4a88a}", "EventData.url": "https://edgedl.me.gvt1.com/edgedl/diffgen-puffin/kiabhabjdbkjdpjbpigfodbdjmbglcoo/2f9ff0a6bc5f1b3fb9a93f3d0c0292f000d2a2aa5c101c0b7bc1cc98d4374bd3", "EventData.peer": null, "EventData.hr": "2147954402", "EventData.fileTime": "0001-01-01 00:00:00", "EventData.fileLength": "18446744073709551615", "EventData.bytesTotal": "18446744073709551615", "EventData.bytesTransferred": "0", "EventData.proxy": null, "EventData.peerProtocolFlags": "0", "EventData.bytesTransferredFromPeer": "0", "EventData.AdditionalInfoHr": "0", "EventData.PeerContextInfo": "0", "EventData.bandwidthLimit": "18446744073709551615", "EventData.ignoreBandwidthLimitsOnLan": "False"}
{"EventID": "61", "Channel": "Microsoft-Windows-Bits-Client/Operational", "Provider_Name": "Microsoft-Windows-Bits-Client", "Computer": "DESKTOP-OFJ6N53", "TimeCreated": "2025-08-26 02:01:38.165571+00:00", "RecordID": "85627", "Level": "3", "UserID": "S-1-5-18", "EventData.transferId": "{fb74da7a-8bdb-4452-a91b-7a260f9a0bf4}", "EventData.name": "Chrome Component Updater", "EventData.Id": "{5522b987-f2ea-4654-aa89-309202c4a88a}", "EventData.url": "https://edgedl.me.gvt1.com/edgedl/diffgen-puffin/kiabhabjdbkjdpjbpigfodbdjmbglcoo/2f9ff0a6bc5f1b3fb9a93f3d0c0292f000d2a2aa5c101c0b7bc1cc98d4374bd3", "EventData.peer": null, "EventData.hr": "2147954402", "EventData.fileTime": "0001-01-01 00:00:00", "EventData.fileLength": "18446744073709551615", "EventData.bytesTotal": "18446744073709551615", "EventData.bytesTransferred": "0", "EventData.proxy": null, "EventData.peerProtocolFlags": "0", "EventData.bytesTransferredFromPeer": "0", "EventData.AdditionalInfoHr": "0", "EventData.PeerContextInfo": "0", "EventData.bandwidthLimit": "18446744073709551615", "EventData.ignoreBandwidthLimitsOnLan": "False"}
{"EventID": "61", "Channel": "Microsoft-Windows-Bits-Client/Operational", "Provider_Name": "Microsoft-Windows-Bits-Client", "Computer": "DESKTOP-OFJ6N53", "TimeCreated": "2025-08-26 02:02:59.853405+00:00", "RecordID": "85628", "Level": "3", "UserID": "S-1-5-18", "EventData.transferId": "{389700e2-3ac5-45f6-8daf-66f4a54d7e9f}", "EventData.name": "Chrome Component Updater", "EventData.Id": "{5522b987-f2ea-4654-aa89-309202c4a88a}", "EventData.url": "https://edgedl.me.gvt1.com/edgedl/diffgen-puffin/kiabhabjdbkjdpjbpigfodbdjmbglcoo/2f9ff0a6bc5f1b3fb9a93f3d0c0292f000d2a2aa5c101c0b7bc1cc98d4374bd3", "EventData.peer": null, "EventData.hr": "2147954402", "EventData.fileTime": "0001-01-01 00:00:00", "EventData.fileLength": "18446744073709551615", "EventData.bytesTotal": "18446744073709551615", "EventData.bytesTransferred": "0", "EventData.proxy": null, "EventData.peerProtocolFlags": "0", "EventData.bytesTransferredFromPeer": "0", "EventData.AdditionalInfoHr": "0", "EventData.PeerContextInfo": "0", "EventData.bandwidthLimit": "18446744073709551615", "EventData.ignoreBandwidthLimitsOnLan": "False"}
{"EventID": "61", "Channel": "Microsoft-Windows-Bits-Client/Operational", "Provider_Name": "Microsoft-Windows-Bits-Client", "Computer": "DESKTOP-OFJ6N53", "TimeCreated": "2025-08-26 02:04:20.960173+00:00", "RecordID": "85629", "Level": "3", "UserID": "S-1-5-18", "EventData.transferId": "{db343f6c-bb71-47f3-8e64-b153d57e6151}", "EventData.name": "Chrome Component Updater", "EventData.Id": "{5522b987-f2ea-4654-aa89-309202c4a88a}", "EventData.url": "https://edgedl.me.gvt1.com/edgedl/diffgen-puffin/kiabhabjdbkjdpjbpigfodbdjmbglcoo/2f9ff0a6bc5f1b3fb9a93f3d0c0292f000d2a2aa5c101c0b7bc1cc98d4374bd3", "EventData.peer": null, "EventData.hr": "2147954402", "EventData.fileTime": "0001-01-01 00:00:00", "EventData.fileLength": "18446744073709551615", "EventData.bytesTotal": "18446744073709551615", "EventData.bytesTransferred": "0", "EventData.proxy": null, "EventData.peerProtocolFlags": "0", "EventData.bytesTransferredFromPeer": "0", "EventData.AdditionalInfoHr": "0", "EventData.PeerContextInfo": "0", "EventData.bandwidthLimit": "18446744073709551615", "EventData.ignoreBandwidthLimitsOnLan": "False"}
{"EventID": "61", "Channel": "Microsoft-Windows-Bits-Client/Operational", "Provider_Name": "Microsoft-Windows-Bits-Client", "Computer": "DESKTOP-OFJ6N53", "TimeCreated": "2025-08-26 02:05:42.107038+00:00", "RecordID": "85630", "Level": "3", "UserID": "S-1-5-18", "EventData.transferId": "{794d103a-13fd-4cb6-9b54-120e7d77dc6c}", "EventData.name": "Chrome Component Updater", "EventData.Id": "{5522b987-f2ea-4654-aa89-309202c4a88a}", "EventData.url": "https://edgedl.me.gvt1.com/edgedl/diffgen-puffin/kiabhabjdbkjdpjbpigfodbdjmbglcoo/2f9ff0a6bc5f1b3fb9a93f3d0c0292f000d2a2aa5c101c0b7bc1cc98d4374bd3", "EventData.peer": null, "EventData.hr": "2147954402", "EventData.fileTime": "0001-01-01 00:00:00", "EventData.fileLength": "18446744073709551615", "EventData.bytesTotal": "18446744073709551615", "EventData.bytesTransferred": "0", "EventData.proxy": null, "EventData.peerProtocolFlags": "0", "EventData.bytesTransferredFromPeer": "0", "EventData.AdditionalInfoHr": "0", "EventData.PeerContextInfo": "0", "EventData.bandwidthLimit": "18446744073709551615", "EventData.ignoreBandwidthLimitsOnLan": "False"}
{"EventID": "61", "Channel": "Microsoft-Windows-Bits-Client/Operational", "Provider_Name": "Microsoft-Windows-Bits-Client", "Computer": "DESKTOP-OFJ6N53", "TimeCreated": "2025-08-26 02:07:03.151199+00:00", "RecordID": "85631", "Level": "3", "UserID": "S-1-5-18", "EventData.transferId": "{ff34c450-db3d-43d2-89f3-b1ce0b01cb9d}", "EventData.name": "Chrome Component Updater", "EventData.Id": "{5522b987-f2ea-4654-aa89-309202c4a88a}", "EventData.url": "https://edgedl.me.gvt1.com/edgedl/diffgen-puffin/kiabhabjdbkjdpjbpigfodbdjmbglcoo/2f9ff0a6bc5f1b3fb9a93f3d0c0292f000d2a2aa5c101c0b7bc1cc98d4374bd3", "EventData.peer": null, "EventData.hr": "2147954402", "EventData.fileTime": "0001-01-01 00:00:00", "EventData.fileLength": "18446744073709551615", "EventData.bytesTotal": "18446744073709551615", "EventData.bytesTransferred": "0", "EventData.proxy": null, "EventData.peerProtocolFlags": "0", "EventData.bytesTransferredFromPeer": "0", "EventData.AdditionalInfoHr": "0", "EventData.PeerContextInfo": "0", "EventData.bandwidthLimit": "18446744073709551615", "EventData.ignoreBandwidthLimitsOnLan": "False"}
{"EventID": "61", "Channel": "Microsoft-Windows-Bits-Client/Operational", "Provider_Name": "Microsoft-Windows-Bits-Client", "Computer": "DESKTOP-OFJ6N53", "TimeCreated": "2025-08-26 02:08:24.323221+00:00", "RecordID": "85632", "Level": "3", "UserID": "S-1-5-18", "EventData.transferId": "{ea2e4d2d-cdf8-4c74-94b4-b334de8388b3}", "EventData.name": "Chrome Component Updater", "EventData.Id": "{5522b987-f2ea-4654-aa89-309202c4a88a}", "EventData.url": "https://edgedl.me.gvt1.com/edgedl/diffgen-puffin/kiabhabjdbkjdpjbpigfodbdjmbglcoo/2f9ff0a6bc5f1b3fb9a93f3d0c0292f000d2a2aa5c101c0b7bc1cc98d4374bd3", "EventData.peer": null, "EventData.hr": "2147954402", "EventData.fileTime": "0001-01-01 00:00:00", "EventData.fileLength": "18446744073709551615", "EventData.bytesTotal": "18446744073709551615", "EventData.bytesTransferred": "0", "EventData.proxy": null, "EventData.peerProtocolFlags": "0", "EventData.bytesTransferredFromPeer": "0", "EventData.AdditionalInfoHr": "0", "EventData.PeerContextInfo": "0", "EventData.bandwidthLimit": "18446744073709551615", "EventData.ignoreBandwidthLimitsOnLan": "False"}
{"EventID": "61", "Channel": "Microsoft-Windows-Bits-Client/Operational", "Provider_Name": "Microsoft-Windows-Bits-Client", "Computer": "DESKTOP-OFJ6N53", "TimeCreated": "2025-08-26 02:09:45.474325+00:00", "RecordID": "85633", "Level": "3", "UserID": "S-1-5-18", "EventData.transferId": "{b961f3c8-6d6c-4a5a-987a-904948cd39d1}", "EventData.name": "Chrome Component Updater", "EventData.Id": "{5522b987-f2ea-4654-aa89-309202c4a88a}", "EventData.url": "https://edgedl.me.gvt1.com/edgedl/diffgen-puffin/kiabhabjdbkjdpjbpigfodbdjmbglcoo/2f9ff0a6bc5f1b3fb9a93f3d0c0292f000d2a2aa5c101c0b7bc1cc98d4374bd3", "EventData.peer": null, "EventData.hr": "2147954402", "EventData.fileTime": "0001-01-01 00:00:00", "EventData.fileLength": "18446744073709551615", "EventData.bytesTotal": "18446744073709551615", "EventData.bytesTransferred": "0", "EventData.proxy": null, "EventData.peerProtocolFlags": "0", "EventData.bytesTransferredFromPeer": "0", "EventData.AdditionalInfoHr": "0", "EventData.PeerContextInfo": "0", "EventData.bandwidthLimit": "18446744073709551615", "EventData.ignoreBandwidthLimitsOnLan": "False"}
{"EventID": "61", "Channel": "Microsoft-Windows-Bits-Client/Operational", "Provider_Name": "Microsoft-Windows-Bits-Client", "Computer": "DESKTOP-OFJ6N53", "TimeCreated": "2025-08-26 02:11:06.705299+00:00", "RecordID": "85634", "Level": "3", "UserID": "S-1-5-18", "EventData.transferId": "{e5284bb1-5acd-4799-8f8d-096e2dbefaee}", "EventData.name": "Chrome Component Updater", "EventData.Id": "{5522b987-f2ea-4654-aa89-309202c4a88a}", "EventData.url": "https://edgedl.me.gvt1.com/edgedl/diffgen-puffin/kiabhabjdbkjdpjbpigfodbdjmbglcoo/2f9ff0a6bc5f1b3fb9a93f3d0c0292f000d2a2aa5c101c0b7bc1cc98d4374bd3", "EventData.peer": null, "EventData.hr": "2147954402", "EventData.fileTime": "0001-01-01 00:00:00", "EventData.fileLength": "18446744073709551615", "EventData.bytesTotal": "18446744073709551615", "EventData.bytesTransferred": "0", "EventData.proxy": null, "EventData.peerProtocolFlags": "0", "EventData.bytesTransferredFromPeer": "0", "EventData.AdditionalInfoHr": "0", "EventData.PeerContextInfo": "0", "EventData.bandwidthLimit": "18446744073709551615", "EventData.ignoreBandwidthLimitsOnLan": "False"}
{"EventID": "61", "Channel": "Microsoft-Windows-Bits-Client/Operational", "Provider_Name": "Microsoft-Windows-Bits-Client", "Computer": "DESKTOP-OFJ6N53", "TimeCreated": "2025-08-26 02:12:27.828978+00:00", "RecordID": "85635", "Level": "3", "UserID": "S-1-5-18", "EventData.transferId": "{8e787d9a-e5ad-4ba0-a636-441142e269f6}", "EventData.name": "Chrome Component Updater", "EventData.Id": "{5522b987-f2ea-4654-aa89-309202c4a88a}", "EventData.url": "https://edgedl.me.gvt1.com/edgedl/diffgen-puffin/kiabhabjdbkjdpjbpigfodbdjmbglcoo/2f9ff0a6bc5f1b3fb9a93f3d0c0292f000d2a2aa5c101c0b7bc1cc98d4374bd3", "EventData.peer": null, "EventData.hr": "2147954402", "EventData.fileTime": "0001-01-01 00:00:00", "EventData.fileLength": "18446744073709551615", "EventData.bytesTotal": "18446744073709551615", "EventData.bytesTransferred": "0", "EventData.proxy": null, "EventData.peerProtocolFlags": "0", "EventData.bytesTransferredFromPeer": "0", "EventData.AdditionalInfoHr": "0", "EventData.PeerContextInfo": "0", "EventData.bandwidthLimit": "18446744073709551615", "EventData.ignoreBandwidthLimitsOnLan": "False"}
{"EventID": "5", "Channel": "Microsoft-Windows-Bits-Client/Operational", "Provider_Name": "Microsoft-Windows-Bits-Client", "Computer": "DESKTOP-OFJ6N53", "TimeCreated": "2025-08-26 02:13:29.957815+00:00", "RecordID": "85636", "Level": "4", "UserID": "S-1-5-21-963789628-1060504924-4285088085-1001", "EventData.User": "DESKTOP-OFJ6N53\\sk.batsiev", "EventData.jobTitle": "Chrome Component Updater", "EventData.jobId": "{5522b987-f2ea-4654-aa89-309202c4a88a}", "EventData.jobOwner": "DESKTOP-OFJ6N53\\sk.batsiev", "EventData.fileCount": "1"}
{"EventID": "3", "Channel": "Microsoft-Windows-Bits-Client/Operational", "Provider_Name": "Microsoft-Windows-Bits-Client", "Computer": "DESKTOP-OFJ6N53", "TimeCreated": "2025-08-26 02:13:29.964733+00:00", "RecordID": "85637", "Level": "4", "UserID": "S-1-5-18", "EventData.jobTitle": "Chrome Component Updater", "EventData.jobId": "{db68bdfc-16fb-4faf-a17b-b0352a2af200}", "EventData.jobOwner": "DESKTOP-OFJ6N53\\sk.batsiev", "EventData.processPath": "C:\\Program Files\\Google\\Chrome\\Application\\chrome.exe", "EventData.processId": "10884", "EventData.ClientProcessStartKey": "50384020831213050"}
{"EventID": "16403", "Channel": "Microsoft-Windows-Bits-Client/Operational", "Provider_Name": "Microsoft-Windows-Bits-Client", "Computer": "DESKTOP-OFJ6N53", "TimeCreated": "2025-08-26 02:13:29.974043+00:00", "RecordID": "85638", "Level": "4", "UserID": "S-1-5-21-963789628-1060504924-4285088085-1001", "EventData.User": "DESKTOP-OFJ6N53\\sk.batsiev", "EventData.jobTitle": "Chrome Component Updater", "EventData.jobId": "{db68bdfc-16fb-4faf-a17b-b0352a2af200}", "EventData.jobOwner": "DESKTOP-OFJ6N53\\sk.batsiev", "EventData.fileCount": "1", "EventData.RemoteName": "http://dl.google.com/diffgen-puffin/kiabhabjdbkjdpjbpigfodbdjmbglcoo/2f9ff0a6bc5f1b3fb9a93f3d0c0292f000d2a2aa5c101c0b7bc1cc98d4374bd3", "EventData.LocalName": "C:\\Users\\SKA580~1.BAT\\AppData\\Local\\Temp\\chrome_BITS_10884_1340403933\\2f9ff0a6bc5f1b3fb9a93f3d0c0292f000d2a2aa5c101c0b7bc1cc98d4374bd3", "EventData.processId": "10884", "EventData.ClientProcessStartKey": "50384020831213050"}
{"EventID": "59", "Channel": "Microsoft-Windows-Bits-Client/Operational", "Provider_Name": "Microsoft-Windows-Bits-Client", "Computer": "DESKTOP-OFJ6N53", "TimeCreated": "2025-08-26 02:13:30.079557+00:00", "RecordID": "85639", "Level": "4", "UserID": "S-1-5-18", "EventData.transferId": "{3e227769-0cc6-499d-a4c0-1c0ed96dd15a}", "EventData.name": "Chrome Component Updater", "EventData.Id": "{db68bdfc-16fb-4faf-a17b-b0352a2af200}", "EventData.url": "http://dl.google.com/diffgen-puffin/kiabhabjdbkjdpjbpigfodbdjmbglcoo/2f9ff0a6bc5f1b3fb9a93f3d0c0292f000d2a2aa5c101c0b7bc1cc98d4374bd3", "EventData.peer": null, "EventData.fileTime": "2025-08-25 17:16:48+00:00", "EventData.fileLength": "5108", "EventData.bytesTotal": "5108", "EventData.bytesTransferred": "0", "EventData.bytesTransferredFromPeer": "0"}
{"EventID": "60", "Channel": "Microsoft-Windows-Bits-Client/Operational", "Provider_Name": "Microsoft-Windows-Bits-Client", "Computer": "DESKTOP-OFJ6N53", "TimeCreated": "2025-08-26 02:13:30.248451+00:00", "RecordID": "85640", "Level": "4", "UserID": "S-1-5-18", "EventData.transferId": "{3e227769-0cc6-499d-a4c0-1c0ed96dd15a}", "EventData.name": "Chrome Component Updater", "EventData.Id": "{db68bdfc-16fb-4faf-a17b-b0352a2af200}", "EventData.url": "http://dl.google.com/diffgen-puffin/kiabhabjdbkjdpjbpigfodbdjmbglcoo/2f9ff0a6bc5f1b3fb9a93f3d0c0292f000d2a2aa5c101c0b7bc1cc98d4374bd3", "EventData.peer": null, "EventData.hr": "0", "EventData.fileTime": "2025-08-25 17:16:48+00:00", "EventData.fileLength": "5108", "EventData.bytesTotal": "5108", "EventData.bytesTransferred": "5108", "EventData.proxy": null, "EventData.peerProtocolFlags": "0", "EventData.bytesTransferredFromPeer": "0", "EventData.AdditionalInfoHr": "0", "EventData.PeerContextInfo": "0", "EventData.bandwidthLimit": "18446744073709551615", "EventData.ignoreBandwidthLimitsOnLan": "False"}
{"EventID": "4", "Channel": "Microsoft-Windows-Bits-Client/Operational", "Provider_Name": "Microsoft-Windows-Bits-Client", "Computer": "DESKTOP-OFJ6N53", "TimeCreated": "2025-08-26 02:13:34.031954+00:00", "RecordID": "85641", "Level": "4", "UserID": "S-1-5-18", "EventData.User": "DESKTOP-OFJ6N53\\sk.batsiev", "EventData.jobTitle": "Chrome Component Updater", "EventData.jobId": "{db68bdfc-16fb-4faf-a17b-b0352a2af200}", "EventData.jobOwner": "DESKTOP-OFJ6N53\\sk.batsiev", "EventData.fileCount": "1", "EventData.bytesTransferred": "5108", "EventData.bytesTransferredFromPeer": "0"}
{"EventID": "306", "Channel": "Microsoft-Windows-Bits-Client/Operational", "Provider_Name": "Microsoft-Windows-Bits-Client", "Computer": "DESKTOP-OFJ6N53", "TimeCreated": "2025-08-26 07:57:11.683891+00:00", "RecordID": "85642", "Level": "5", "UserID": "S-1-5-18"}
{"EventID": "3", "Channel": "Microsoft-Windows-Bits-Client/Operational", "Provider_Name": "Microsoft-Windows-Bits-Client", "Computer": "DESKTOP-OFJ6N53", "TimeCreated": "2025-08-26 07:57:16.190084+00:00", "RecordID": "85643", "Level": "4", "UserID": "S-1-5-18", "EventData.jobTitle": "Chrome Component Updater", "EventData.jobId": "{95126f50-c995-488e-8a65-109c68148aef}", "EventData.jobOwner": "DESKTOP-OFJ6N53\\sk.batsiev", "EventData.processPath": "C:\\Program Files\\Google\\Chrome\\Application\\chrome.exe", "EventData.processId": "12116", "EventData.ClientProcessStartKey": "50384020831218287"}
{"EventID": "16403", "Channel": "Microsoft-Windows-Bits-Client/Operational", "Provider_Name": "Microsoft-Windows-Bits-Client", "Computer": "DESKTOP-OFJ6N53", "TimeCreated": "2025-08-26 07:57:16.321863+00:00", "RecordID": "85644", "Level": "4", "UserID": "S-1-5-21-963789628-1060504924-4285088085-1001", "EventData.User": "DESKTOP-OFJ6N53\\sk.batsiev", "EventData.jobTitle": "Chrome Component Updater", "EventData.jobId": "{95126f50-c995-488e-8a65-109c68148aef}", "EventData.jobOwner": "DESKTOP-OFJ6N53\\sk.batsiev", "EventData.fileCount": "1", "EventData.RemoteName": "http://edgedl.me.gvt1.com/edgedl/diffgen-puffin/lmelglejhemejginpboagddgdfbepgmp/b2fa760630b29233474270c3e3fb5066a514d3f228e292a9ec78bb31b151f64f", "EventData.LocalName": "C:\\Users\\SKA580~1.BAT\\AppData\\Local\\Temp\\chrome_BITS_12116_123885119\\b2fa760630b29233474270c3e3fb5066a514d3f228e292a9ec78bb31b151f64f", "EventData.processId": "12116", "EventData.ClientProcessStartKey": "50384020831218287"}
{"EventID": "61", "Channel": "Microsoft-Windows-Bits-Client/Operational", "Provider_Name": "Microsoft-Windows-Bits-Client", "Computer": "DESKTOP-OFJ6N53", "TimeCreated": "2025-08-26 07:57:37.494680+00:00", "RecordID": "85645", "Level": "3", "UserID": "S-1-5-18", "EventData.transferId": "{b008388f-3f0d-46c6-8eaf-1890a0dbb276}", "EventData.name": "Chrome Component Updater", "EventData.Id": "{95126f50-c995-488e-8a65-109c68148aef}", "EventData.url": "http://edgedl.me.gvt1.com/edgedl/diffgen-puffin/lmelglejhemejginpboagddgdfbepgmp/b2fa760630b29233474270c3e3fb5066a514d3f228e292a9ec78bb31b151f64f", "EventData.peer": null, "EventData.hr": "2147954402", "EventData.fileTime": "0001-01-01 00:00:00", "EventData.fileLength": "18446744073709551615", "EventData.bytesTotal": "18446744073709551615", "EventData.bytesTransferred": "0", "EventData.proxy": null, "EventData.peerProtocolFlags": "0", "EventData.bytesTransferredFromPeer": "0", "EventData.AdditionalInfoHr": "0", "EventData.PeerContextInfo": "0", "EventData.bandwidthLimit": "18446744073709551615", "EventData.ignoreBandwidthLimitsOnLan": "False"}
{"EventID": "61", "Channel": "Microsoft-Windows-Bits-Client/Operational", "Provider_Name": "Microsoft-Windows-Bits-Client", "Computer": "DESKTOP-OFJ6N53", "TimeCreated": "2025-08-26 07:58:58.622869+00:00", "RecordID": "85646", "Level": "3", "UserID": "S-1-5-18", "EventData.transferId": "{ba1b41bf-b046-4672-a50b-29b651ccf6f2}", "EventData.name": "Chrome Component Updater", "EventData.Id": "{95126f50-c995-488e-8a65-109c68148aef}", "EventData.url": "http://edgedl.me.gvt1.com/edgedl/diffgen-puffin/lmelglejhemejginpboagddgdfbepgmp/b2fa760630b29233474270c3e3fb5066a514d3f228e292a9ec78bb31b151f64f", "EventData.peer": null, "EventData.hr": "2147954402", "EventData.fileTime": "0001-01-01 00:00:00", "EventData.fileLength": "18446744073709551615", "EventData.bytesTotal": "18446744073709551615", "EventData.bytesTransferred": "0", "EventData.proxy": null, "EventData.peerProtocolFlags": "0", "EventData.bytesTransferredFromPeer": "0", "EventData.AdditionalInfoHr": "0", "EventData.PeerContextInfo": "0", "EventData.bandwidthLimit": "18446744073709551615", "EventData.ignoreBandwidthLimitsOnLan": "False"}
{"EventID": "61", "Channel": "Microsoft-Windows-Bits-Client/Operational", "Provider_Name": "Microsoft-Windows-Bits-Client", "Computer": "DESKTOP-OFJ6N53", "TimeCreated": "2025-08-26 08:00:19.800375+00:00", "RecordID": "85647", "Level": "3", "UserID": "S-1-5-18", "EventData.transferId": "{39544a42-1dfc-4d56-b229-37b6478b06fa}", "EventData.name": "Chrome Component Updater", "EventData.Id": "{95126f50-c995-488e-8a65-109c68148aef}", "EventData.url": "http://edgedl.me.gvt1.com/edgedl/diffgen-puffin/lmelglejhemejginpboagddgdfbepgmp/b2fa760630b29233474270c3e3fb5066a514d3f228e292a9ec78bb31b151f64f", "EventData.peer": null, "EventData.hr": "2147954402", "EventData.fileTime": "0001-01-01 00:00:00", "EventData.fileLength": "18446744073709551615", "EventData.bytesTotal": "18446744073709551615", "EventData.bytesTransferred": "0", "EventData.proxy": null, "EventData.peerProtocolFlags": "0", "EventData.bytesTransferredFromPeer": "0", "EventData.AdditionalInfoHr": "0", "EventData.PeerContextInfo": "0", "EventData.bandwidthLimit": "18446744073709551615", "EventData.ignoreBandwidthLimitsOnLan": "False"}
{"EventID": "61", "Channel": "Microsoft-Windows-Bits-Client/Operational", "Provider_Name": "Microsoft-Windows-Bits-Client", "Computer": "DESKTOP-OFJ6N53", "TimeCreated": "2025-08-26 08:01:40.893576+00:00", "RecordID": "85648", "Level": "3", "UserID": "S-1-5-18", "EventData.transferId": "{6539a2be-af2c-4b44-8e2c-cb3ed6fa3d62}", "EventData.name": "Chrome Component Updater", "EventData.Id": "{95126f50-c995-488e-8a65-109c68148aef}", "EventData.url": "http://edgedl.me.gvt1.com/edgedl/diffgen-puffin/lmelglejhemejginpboagddgdfbepgmp/b2fa760630b29233474270c3e3fb5066a514d3f228e292a9ec78bb31b151f64f", "EventData.peer": null, "EventData.hr": "2147954402", "EventData.fileTime": "0001-01-01 00:00:00", "EventData.fileLength": "18446744073709551615", "EventData.bytesTotal": "18446744073709551615", "EventData.bytesTransferred": "0", "EventData.proxy": null, "EventData.peerProtocolFlags": "0", "EventData.bytesTransferredFromPeer": "0", "EventData.AdditionalInfoHr": "0", "EventData.PeerContextInfo": "0", "EventData.bandwidthLimit": "18446744073709551615", "EventData.ignoreBandwidthLimitsOnLan": "False"}
{"EventID": "61", "Channel": "Microsoft-Windows-Bits-Client/Operational", "Provider_Name": "Microsoft-Windows-Bits-Client", "Computer": "DESKTOP-OFJ6N53", "TimeCreated": "2025-08-26 08:03:02.295874+00:00", "RecordID": "85649", "Level": "3", "UserID": "S-1-5-18", "EventData.transferId": "{5f2702f2-af9b-4ab5-af7b-47c36251c6e1}", "EventData.name": "Chrome Component Updater", "EventData.Id": "{95126f50-c995-488e-8a65-109c68148aef}", "EventData.url": "http://edgedl.me.gvt1.com/edgedl/diffgen-puffin/lmelglejhemejginpboagddgdfbepgmp/b2fa760630b29233474270c3e3fb5066a514d3f228e292a9ec78bb31b151f64f", "EventData.peer": null, "EventData.hr": "2147954402", "EventData.fileTime": "0001-01-01 00:00:00", "EventData.fileLength": "18446744073709551615", "EventData.bytesTotal": "18446744073709551615", "EventData.bytesTransferred": "0", "EventData.proxy": null, "EventData.peerProtocolFlags": "0", "EventData.bytesTransferredFromPeer": "0", "EventData.AdditionalInfoHr": "0", "EventData.PeerContextInfo": "0", "EventData.bandwidthLimit": "18446744073709551615", "EventData.ignoreBandwidthLimitsOnLan": "False"}
{"EventID": "61", "Channel": "Microsoft-Windows-Bits-Client/Operational", "Provider_Name": "Microsoft-Windows-Bits-Client", "Computer": "DESKTOP-OFJ6N53", "TimeCreated": "2025-08-26 08:04:23.373688+00:00", "RecordID": "85650", "Level": "3", "UserID": "S-1-5-18", "EventData.transferId": "{2c29c8d6-5a80-4c64-b54b-6071aa6724fd}", "EventData.name": "Chrome Component Updater", "EventData.Id": "{95126f50-c995-488e-8a65-109c68148aef}", "EventData.url": "http://edgedl.me.gvt1.com/edgedl/diffgen-puffin/lmelglejhemejginpboagddgdfbepgmp/b2fa760630b29233474270c3e3fb5066a514d3f228e292a9ec78bb31b151f64f", "EventData.peer": null, "EventData.hr": "2147954402", "EventData.fileTime": "0001-01-01 00:00:00", "EventData.fileLength": "18446744073709551615", "EventData.bytesTotal": "18446744073709551615", "EventData.bytesTransferred": "0", "EventData.proxy": null, "EventData.peerProtocolFlags": "0", "EventData.bytesTransferredFromPeer": "0", "EventData.AdditionalInfoHr": "0", "EventData.PeerContextInfo": "0", "EventData.bandwidthLimit": "18446744073709551615", "EventData.ignoreBandwidthLimitsOnLan": "False"}
{"EventID": "61", "Channel": "Microsoft-Windows-Bits-Client/Operational", "Provider_Name": "Microsoft-Windows-Bits-Client", "Computer": "DESKTOP-OFJ6N53", "TimeCreated": "2025-08-26 08:05:44.742144+00:00", "RecordID": "85651", "Level": "3", "UserID": "S-1-5-18", "EventData.transferId": "{f3371ef9-a834-43f7-8374-9b6fea1d14a0}", "EventData.name": "Chrome Component Updater", "EventData.Id": "{95126f50-c995-488e-8a65-109c68148aef}", "EventData.url": "http://edgedl.me.gvt1.com/edgedl/diffgen-puffin/lmelglejhemejginpboagddgdfbepgmp/b2fa760630b29233474270c3e3fb5066a514d3f228e292a9ec78bb31b151f64f", "EventData.peer": null, "EventData.hr": "2147954402", "EventData.fileTime": "0001-01-01 00:00:00", "EventData.fileLength": "18446744073709551615", "EventData.bytesTotal": "18446744073709551615", "EventData.bytesTransferred": "0", "EventData.proxy": null, "EventData.peerProtocolFlags": "0", "EventData.bytesTransferredFromPeer": "0", "EventData.AdditionalInfoHr": "0", "EventData.PeerContextInfo": "0", "EventData.bandwidthLimit": "18446744073709551615", "EventData.ignoreBandwidthLimitsOnLan": "False"}
{"EventID": "61", "Channel": "Microsoft-Windows-Bits-Client/Operational", "Provider_Name": "Microsoft-Windows-Bits-Client", "Computer": "DESKTOP-OFJ6N53", "TimeCreated": "2025-08-26 08:07:05.772375+00:00", "RecordID": "85652", "Level": "3", "UserID": "S-1-5-18", "EventData.transferId": "{acc19e06-e90f-4e78-90af-9668e7c79d20}", "EventData.name": "Chrome Component Updater", "EventData.Id": "{95126f50-c995-488e-8a65-109c68148aef}", "EventData.url": "http://edgedl.me.gvt1.com/edgedl/diffgen-puffin/lmelglejhemejginpboagddgdfbepgmp/b2fa760630b29233474270c3e3fb5066a514d3f228e292a9ec78bb31b151f64f", "EventData.peer": null, "EventData.hr": "2147954402", "EventData.fileTime": "0001-01-01 00:00:00", "EventData.fileLength": "18446744073709551615", "EventData.bytesTotal": "18446744073709551615", "EventData.bytesTransferred": "0", "EventData.proxy": null, "EventData.peerProtocolFlags": "0", "EventData.bytesTransferredFromPeer": "0", "EventData.AdditionalInfoHr": "0", "EventData.PeerContextInfo": "0", "EventData.bandwidthLimit": "18446744073709551615", "EventData.ignoreBandwidthLimitsOnLan": "False"}
{"EventID": "61", "Channel": "Microsoft-Windows-Bits-Client/Operational", "Provider_Name": "Microsoft-Windows-Bits-Client", "Computer": "DESKTOP-OFJ6N53", "TimeCreated": "2025-08-26 08:08:26.828876+00:00", "RecordID": "85653", "Level": "3", "UserID": "S-1-5-18", "EventData.transferId": "{e10d7118-bcf1-4dcb-9dce-5cd7ed0e9e2f}", "EventData.name": "Chrome Component Updater", "EventData.Id": "{95126f50-c995-488e-8a65-109c68148aef}", "EventData.url": "http://edgedl.me.gvt1.com/edgedl/diffgen-puffin/lmelglejhemejginpboagddgdfbepgmp/b2fa760630b29233474270c3e3fb5066a514d3f228e292a9ec78bb31b151f64f", "EventData.peer": null, "EventData.hr": "2147954402", "EventData.fileTime": "0001-01-01 00:00:00", "EventData.fileLength": "18446744073709551615", "EventData.bytesTotal": "18446744073709551615", "EventData.bytesTransferred": "0", "EventData.proxy": null, "EventData.peerProtocolFlags": "0", "EventData.bytesTransferredFromPeer": "0", "EventData.AdditionalInfoHr": "0", "EventData.PeerContextInfo": "0", "EventData.bandwidthLimit": "18446744073709551615", "EventData.ignoreBandwidthLimitsOnLan": "False"}
{"EventID": "61", "Channel": "Microsoft-Windows-Bits-Client/Operational", "Provider_Name": "Microsoft-Windows-Bits-Client", "Computer": "DESKTOP-OFJ6N53", "TimeCreated": "2025-08-26 08:09:47.869806+00:00", "RecordID": "85654", "Level": "3", "UserID": "S-1-5-18", "EventData.transferId": "{acc5bf2b-94ad-413f-abae-36f585d46654}", "EventData.name": "Chrome Component Updater", "EventData.Id": "{95126f50-c995-488e-8a65-109c68148aef}", "EventData.url": "http://edgedl.me.gvt1.com/edgedl/diffgen-puffin/lmelglejhemejginpboagddgdfbepgmp/b2fa760630b29233474270c3e3fb5066a514d3f228e292a9ec78bb31b151f64f", "EventData.peer": null, "EventData.hr": "2147954402", "EventData.fileTime": "0001-01-01 00:00:00", "EventData.fileLength": "18446744073709551615", "EventData.bytesTotal": "18446744073709551615", "EventData.bytesTransferred": "0", "EventData.proxy": null, "EventData.peerProtocolFlags": "0", "EventData.bytesTransferredFromPeer": "0", "EventData.AdditionalInfoHr": "0", "EventData.PeerContextInfo": "0", "EventData.bandwidthLimit": "18446744073709551615", "EventData.ignoreBandwidthLimitsOnLan": "False"}
{"EventID": "61", "Channel": "Microsoft-Windows-Bits-Client/Operational", "Provider_Name": "Microsoft-Windows-Bits-Client", "Computer": "DESKTOP-OFJ6N53", "TimeCreated": "2025-08-26 08:11:08.913622+00:00", "RecordID": "85655", "Level": "3", "UserID": "S-1-5-18", "EventData.transferId": "{bf0dc7cb-a4c5-4f09-a0ec-5d4d016c9073}", "EventData.name": "Chrome Component Updater", "EventData.Id": "{95126f50-c995-488e-8a65-109c68148aef}", "EventData.url": "http://edgedl.me.gvt1.com/edgedl/diffgen-puffin/lmelglejhemejginpboagddgdfbepgmp/b2fa760630b29233474270c3e3fb5066a514d3f228e292a9ec78bb31b151f64f", "EventData.peer": null, "EventData.hr": "2147954402", "EventData.fileTime": "0001-01-01 00:00:00", "EventData.fileLength": "18446744073709551615", "EventData.bytesTotal": "18446744073709551615", "EventData.bytesTransferred": "0", "EventData.proxy": null, "EventData.peerProtocolFlags": "0", "EventData.bytesTransferredFromPeer": "0", "EventData.AdditionalInfoHr": "0", "EventData.PeerContextInfo": "0", "EventData.bandwidthLimit": "18446744073709551615", "EventData.ignoreBandwidthLimitsOnLan": "False"}
{"EventID": "5", "Channel": "Microsoft-Windows-Bits-Client/Operational", "Provider_Name": "Microsoft-Windows-Bits-Client", "Computer": "DESKTOP-OFJ6N53", "TimeCreated": "2025-08-26 08:12:14.770643+00:00", "RecordID": "85656", "Level": "4", "UserID": "S-1-5-21-963789628-1060504924-4285088085-1001", "EventData.User": "DESKTOP-OFJ6N53\\sk.batsiev", "EventData.jobTitle": "Chrome Component Updater", "EventData.jobId": "{95126f50-c995-488e-8a65-109c68148aef}", "EventData.jobOwner": "DESKTOP-OFJ6N53\\sk.batsiev", "EventData.fileCount": "1"}
{"EventID": "3", "Channel": "Microsoft-Windows-Bits-Client/Operational", "Provider_Name": "Microsoft-Windows-Bits-Client", "Computer": "DESKTOP-OFJ6N53", "TimeCreated": "2025-08-26 08:12:14.776854+00:00", "RecordID": "85657", "Level": "4", "UserID": "S-1-5-18", "EventData.jobTitle": "Chrome Component Updater", "EventData.jobId": "{5d72497a-9f6f-4f72-8add-fbf49325714a}", "EventData.jobOwner": "DESKTOP-OFJ6N53\\sk.batsiev", "EventData.processPath": "C:\\Program Files\\Google\\Chrome\\Application\\chrome.exe", "EventData.processId": "12116", "EventData.ClientProcessStartKey": "50384020831218287"}
{"EventID": "16403", "Channel": "Microsoft-Windows-Bits-Client/Operational", "Provider_Name": "Microsoft-Windows-Bits-Client", "Computer": "DESKTOP-OFJ6N53", "TimeCreated": "2025-08-26 08:12:14.782803+00:00", "RecordID": "85658", "Level": "4", "UserID": "S-1-5-21-963789628-1060504924-4285088085-1001", "EventData.User": "DESKTOP-OFJ6N53\\sk.batsiev", "EventData.jobTitle": "Chrome Component Updater", "EventData.jobId": "{5d72497a-9f6f-4f72-8add-fbf49325714a}", "EventData.jobOwner": "DESKTOP-OFJ6N53\\sk.batsiev", "EventData.fileCount": "1", "EventData.RemoteName": "https://edgedl.me.gvt1.com/edgedl/diffgen-puffin/lmelglejhemejginpboagddgdfbepgmp/b2fa760630b29233474270c3e3fb5066a514d3f228e292a9ec78bb31b151f64f", "EventData.LocalName": "C:\\Users\\SKA580~1.BAT\\AppData\\Local\\Temp\\chrome_BITS_12116_534460690\\b2fa760630b29233474270c3e3fb5066a514d3f228e292a9ec78bb31b151f64f", "EventData.processId": "12116", "EventData.ClientProcessStartKey": "50384020831218287"}
{"EventID": "61", "Channel": "Microsoft-Windows-Bits-Client/Operational", "Provider_Name": "Microsoft-Windows-Bits-Client", "Computer": "DESKTOP-OFJ6N53", "TimeCreated": "2025-08-26 08:12:57.068377+00:00", "RecordID": "85659", "Level": "3", "UserID": "S-1-5-18", "EventData.transferId": "{4a920218-caa1-4567-81d4-2c3db78b1d34}", "EventData.name": "Chrome Component Updater", "EventData.Id": "{5d72497a-9f6f-4f72-8add-fbf49325714a}", "EventData.url": "https://edgedl.me.gvt1.com/edgedl/diffgen-puffin/lmelglejhemejginpboagddgdfbepgmp/b2fa760630b29233474270c3e3fb5066a514d3f228e292a9ec78bb31b151f64f", "EventData.peer": null, "EventData.hr": "2147954402", "EventData.fileTime": "0001-01-01 00:00:00", "EventData.fileLength": "18446744073709551615", "EventData.bytesTotal": "18446744073709551615", "EventData.bytesTransferred": "0", "EventData.proxy": null, "EventData.peerProtocolFlags": "0", "EventData.bytesTransferredFromPeer": "0", "EventData.AdditionalInfoHr": "0", "EventData.PeerContextInfo": "0", "EventData.bandwidthLimit": "18446744073709551615", "EventData.ignoreBandwidthLimitsOnLan": "False"}
{"EventID": "61", "Channel": "Microsoft-Windows-Bits-Client/Operational", "Provider_Name": "Microsoft-Windows-Bits-Client", "Computer": "DESKTOP-OFJ6N53", "TimeCreated": "2025-08-26 08:14:18.162586+00:00", "RecordID": "85660", "Level": "3", "UserID": "S-1-5-18", "EventData.transferId": "{31f13634-cc4a-486e-ad06-b5fd808cf244}", "EventData.name": "Chrome Component Updater", "EventData.Id": "{5d72497a-9f6f-4f72-8add-fbf49325714a}", "EventData.url": "https://edgedl.me.gvt1.com/edgedl/diffgen-puffin/lmelglejhemejginpboagddgdfbepgmp/b2fa760630b29233474270c3e3fb5066a514d3f228e292a9ec78bb31b151f64f", "EventData.peer": null, "EventData.hr": "2147954402", "EventData.fileTime": "0001-01-01 00:00:00", "EventData.fileLength": "18446744073709551615", "EventData.bytesTotal": "18446744073709551615", "EventData.bytesTransferred": "0", "EventData.proxy": null, "EventData.peerProtocolFlags": "0", "EventData.bytesTransferredFromPeer": "0", "EventData.AdditionalInfoHr": "0", "EventData.PeerContextInfo": "0", "EventData.bandwidthLimit": "18446744073709551615", "EventData.ignoreBandwidthLimitsOnLan": "False"}
