{"EventID": "207", "Channel": "Microsoft-Windows-StorageSpaces-Driver/Operational", "Provider_Name": "Microsoft-Windows-StorageSpaces-Driver", "Computer": "WIN-E725EAE32MJ", "TimeCreated": "2022-02-24 08:24:16.400396+00:00", "RecordID": "1", "Level": "4", "UserID": "S-1-5-18", "EventData.DriveId": "{2572a960-954b-11ec-a6b8-806e6f6e6963}", "EventData.PoolId": "{00000000-0000-0000-0000-000000000000}", "EventData.DeviceNumber": "0", "EventData.DriveManufacturer": "VMware", "EventData.DriveModel": "Virtual disk", "EventData.DriveSerial": "NULL"}
{"EventID": "207", "Channel": "Microsoft-Windows-StorageSpaces-Driver/Operational", "Provider_Name": "Microsoft-Windows-StorageSpaces-Driver", "Computer": "DESKTOP-OFJ6N53", "TimeCreated": "2022-02-24 08:27:03.305225+00:00", "RecordID": "2", "Level": "4", "UserID": "S-1-5-18", "EventData.DriveId": "{88fcd6cf-954b-11ec-a6b9-806e6f6e6963}", "EventData.PoolId": "{00000000-0000-0000-0000-000000000000}", "EventData.DeviceNumber": "0", "EventData.DriveManufacturer": "VMware", "EventData.DriveModel": "Virtual disk", "EventData.DriveSerial": "NULL"}
{"EventID": "207", "Channel": "Microsoft-Windows-StorageSpaces-Driver/Operational", "Provider_Name": "Microsoft-Windows-StorageSpaces-Driver", "Computer": "DESKTOP-OFJ6N53", "TimeCreated": "2022-02-24 12:38:00.598961+00:00", "RecordID": "3", "Level": "4", "UserID": "S-1-5-18", "EventData.DriveId": "{97a8b54f-956e-11ec-a6ba-806e6f6e6963}", "EventData.PoolId": "{00000000-0000-0000-0000-000000000000}", "EventData.DeviceNumber": "0", "EventData.DriveManufacturer": "VMware", "EventData.DriveModel": "Virtual disk", "EventData.DriveSerial": "NULL"}
{"EventID": "207", "Channel": "Microsoft-Windows-StorageSpaces-Driver/Operational", "Provider_Name": "Microsoft-Windows-StorageSpaces-Driver", "Computer": "DESKTOP-OFJ6N53", "TimeCreated": "2022-02-24 12:51:59.351334+00:00", "RecordID": "4", "Level": "4", "UserID": "S-1-5-18", "EventData.DriveId": "{8bbdf2cf-9570-11ec-a6bb-806e6f6e6963}", "EventData.PoolId": "{00000000-0000-0000-0000-000000000000}", "EventData.DeviceNumber": "0", "EventData.DriveManufacturer": "VMware", "EventData.DriveModel": "Virtual disk", "EventData.DriveSerial": "NULL"}
{"EventID": "207", "Channel": "Microsoft-Windows-StorageSpaces-Driver/Operational", "Provider_Name": "Microsoft-Windows-StorageSpaces-Driver", "Computer": "DESKTOP-OFJ6N53", "TimeCreated": "2022-02-24 21:40:09.628914+00:00", "RecordID": "5", "Level": "4", "UserID": "S-1-5-18", "EventData.DriveId": "{4df4bdb0-95ba-11ec-a6bc-806e6f6e6963}", "EventData.PoolId": "{00000000-0000-0000-0000-000000000000}", "EventData.DeviceNumber": "0", "EventData.DriveManufacturer": "VMware", "EventData.DriveModel": "Virtual disk", "EventData.DriveSerial": "NULL"}
{"EventID": "207", "Channel": "Microsoft-Windows-StorageSpaces-Driver/Operational", "Provider_Name": "Microsoft-Windows-StorageSpaces-Driver", "Computer": "DESKTOP-OFJ6N53", "TimeCreated": "2022-03-03 17:18:22.947655+00:00", "RecordID": "6", "Level": "4", "UserID": "S-1-5-18", "EventData.DriveId": "{eb3e744f-9b15-11ec-a6bd-806e6f6e6963}", "EventData.PoolId": "{00000000-0000-0000-0000-000000000000}", "EventData.DeviceNumber": "0", "EventData.DriveManufacturer": "VMware", "EventData.DriveModel": "Virtual disk", "EventData.DriveSerial": "NULL"}
{"EventID": "207", "Channel": "Microsoft-Windows-StorageSpaces-Driver/Operational", "Provider_Name": "Microsoft-Windows-StorageSpaces-Driver", "Computer": "DESKTOP-OFJ6N53", "TimeCreated": "2022-03-09 07:31:39.210085+00:00", "RecordID": "7", "Level": "4", "UserID": "S-1-5-18", "EventData.DriveId": "{f280da4f-9f7a-11ec-a6be-806e6f6e6963}", "EventData.PoolId": "{00000000-0000-0000-0000-000000000000}", "EventData.DeviceNumber": "0", "EventData.DriveManufacturer": "VMware", "EventData.DriveModel": "Virtual disk", "EventData.DriveSerial": "NULL"}
{"EventID": "207", "Channel": "Microsoft-Windows-StorageSpaces-Driver/Operational", "Provider_Name": "Microsoft-Windows-StorageSpaces-Driver", "Computer": "DESKTOP-OFJ6N53", "TimeCreated": "2022-03-09 10:16:37.396290+00:00", "RecordID": "8", "Level": "4", "UserID": "S-1-5-18", "EventData.DriveId": "{fec461cf-9f91-11ec-a6bf-806e6f6e6963}", "EventData.PoolId": "{00000000-0000-0000-0000-000000000000}", "EventData.DeviceNumber": "0", "EventData.DriveManufacturer": "VMware", "EventData.DriveModel": "Virtual disk", "EventData.DriveSerial": "NULL"}
{"EventID": "207", "Channel": "Microsoft-Windows-StorageSpaces-Driver/Operational", "Provider_Name": "Microsoft-Windows-StorageSpaces-Driver", "Computer": "DESKTOP-OFJ6N53", "TimeCreated": "2022-03-09 11:07:43.338337+00:00", "RecordID": "9", "Level": "4", "UserID": "S-1-5-18", "EventData.DriveId": "{223edacf-9f99-11ec-a6c0-806e6f6e6963}", "EventData.PoolId": "{00000000-0000-0000-0000-000000000000}", "EventData.DeviceNumber": "0", "EventData.DriveManufacturer": "VMware", "EventData.DriveModel": "Virtual disk", "EventData.DriveSerial": "NULL"}
{"EventID": "207", "Channel": "Microsoft-Windows-StorageSpaces-Driver/Operational", "Provider_Name": "Microsoft-Windows-StorageSpaces-Driver", "Computer": "DESKTOP-OFJ6N53", "TimeCreated": "2022-03-10 14:20:09.505819+00:00", "RecordID": "10", "Level": "4", "UserID": "S-1-5-18", "EventData.DriveId": "{2e03cd4f-a07d-11ec-a6c1-806e6f6e6963}", "EventData.PoolId": "{00000000-0000-0000-0000-000000000000}", "EventData.DeviceNumber": "0", "EventData.DriveManufacturer": "VMware", "EventData.DriveModel": "Virtual disk", "EventData.DriveSerial": "NULL"}
{"EventID": "207", "Channel": "Microsoft-Windows-StorageSpaces-Driver/Operational", "Provider_Name": "Microsoft-Windows-StorageSpaces-Driver", "Computer": "DESKTOP-OFJ6N53", "TimeCreated": "2022-03-10 16:25:05.321337+00:00", "RecordID": "11", "Level": "4", "UserID": "S-1-5-18", "EventData.DriveId": "{a29337cf-a08e-11ec-a6c2-806e6f6e6963}", "EventData.PoolId": "{00000000-0000-0000-0000-000000000000}", "EventData.DeviceNumber": "0", "EventData.DriveManufacturer": "VMware", "EventData.DriveModel": "Virtual disk", "EventData.DriveSerial": "NULL"}
{"EventID": "207", "Channel": "Microsoft-Windows-StorageSpaces-Driver/Operational", "Provider_Name": "Microsoft-Windows-StorageSpaces-Driver", "Computer": "DESKTOP-OFJ6N53", "TimeCreated": "2022-03-15 16:44:31.239044+00:00", "RecordID": "12", "Level": "4", "UserID": "S-1-5-18", "EventData.DriveId": "{2bd7af4f-a47f-11ec-a6c3-806e6f6e6963}", "EventData.PoolId": "{00000000-0000-0000-0000-000000000000}", "EventData.DeviceNumber": "0", "EventData.DriveManufacturer": "VMware", "EventData.DriveModel": "Virtual disk", "EventData.DriveSerial": "NULL"}
{"EventID": "207", "Channel": "Microsoft-Windows-StorageSpaces-Driver/Operational", "Provider_Name": "Microsoft-Windows-StorageSpaces-Driver", "Computer": "DESKTOP-OFJ6N53", "TimeCreated": "2022-04-13 14:34:18.778114+00:00", "RecordID": "13", "Level": "4", "UserID": "S-1-5-18", "EventData.DriveId": "{ca5fc0aa-bb36-11ec-a6c4-806e6f6e6963}", "EventData.PoolId": "{00000000-0000-0000-0000-000000000000}", "EventData.DeviceNumber": "0", "EventData.DriveManufacturer": "VMware", "EventData.DriveModel": "Virtual disk", "EventData.DriveSerial": "NULL"}
{"EventID": "207", "Channel": "Microsoft-Windows-StorageSpaces-Driver/Operational", "Provider_Name": "Microsoft-Windows-StorageSpaces-Driver", "Computer": "DESKTOP-OFJ6N53", "TimeCreated": "2022-04-28 21:42:52.088089+00:00", "RecordID": "14", "Level": "4", "UserID": "S-1-5-18", "EventData.DriveId": "{23405396-c73c-11ec-a6c5-806e6f6e6963}", "EventData.PoolId": "{00000000-0000-0000-0000-000000000000}", "EventData.DeviceNumber": "0", "EventData.DriveManufacturer": "VMware", "EventData.DriveModel": "Virtual disk", "EventData.DriveSerial": "NULL"}
{"EventID": "207", "Channel": "Microsoft-Windows-StorageSpaces-Driver/Operational", "Provider_Name": "Microsoft-Windows-StorageSpaces-Driver", "Computer": "DESKTOP-OFJ6N53", "TimeCreated": "2022-05-05 09:59:48.495766+00:00", "RecordID": "15", "Level": "4", "UserID": "S-1-5-18", "EventData.DriveId": "{01bfcb33-cc5a-11ec-a6c6-806e6f6e6963}", "EventData.PoolId": "{00000000-0000-0000-0000-000000000000}", "EventData.DeviceNumber": "0", "EventData.DriveManufacturer": "VMware", "EventData.DriveModel": "Virtual disk", "EventData.DriveSerial": "NULL"}
{"EventID": "207", "Channel": "Microsoft-Windows-StorageSpaces-Driver/Operational", "Provider_Name": "Microsoft-Windows-StorageSpaces-Driver", "Computer": "DESKTOP-OFJ6N53", "TimeCreated": "2022-05-10 23:32:55.690138+00:00", "RecordID": "16", "Level": "4", "UserID": "S-1-5-18", "EventData.DriveId": "{81d4a448-d0b9-11ec-a6c7-806e6f6e6963}", "EventData.PoolId": "{00000000-0000-0000-0000-000000000000}", "EventData.DeviceNumber": "0", "EventData.DriveManufacturer": "VMware", "EventData.DriveModel": "Virtual disk", "EventData.DriveSerial": "NULL"}
{"EventID": "207", "Channel": "Microsoft-Windows-StorageSpaces-Driver/Operational", "Provider_Name": "Microsoft-Windows-StorageSpaces-Driver", "Computer": "DESKTOP-OFJ6N53", "TimeCreated": "2022-06-06 07:33:53.741219+00:00", "RecordID": "17", "Level": "4", "UserID": "S-1-5-18", "EventData.DriveId": "{fec2f764-e56a-11ec-a6c8-806e6f6e6963}", "EventData.PoolId": "{00000000-0000-0000-0000-000000000000}", "EventData.DeviceNumber": "0", "EventData.DriveManufacturer": "VMware", "EventData.DriveModel": "Virtual disk", "EventData.DriveSerial": "NULL"}
{"EventID": "207", "Channel": "Microsoft-Windows-StorageSpaces-Driver/Operational", "Provider_Name": "Microsoft-Windows-StorageSpaces-Driver", "Computer": "DESKTOP-OFJ6N53", "TimeCreated": "2022-06-06 07:37:12.343790+00:00", "RecordID": "18", "Level": "4", "UserID": "S-1-5-18", "EventData.DriveId": "{7858f54f-e56b-11ec-a6c9-806e6f6e6963}", "EventData.PoolId": "{00000000-0000-0000-0000-000000000000}", "EventData.DeviceNumber": "0", "EventData.DriveManufacturer": "VMware", "EventData.DriveModel": "Virtual disk", "EventData.DriveSerial": "NULL"}
{"EventID": "207", "Channel": "Microsoft-Windows-StorageSpaces-Driver/Operational", "Provider_Name": "Microsoft-Windows-StorageSpaces-Driver", "Computer": "DESKTOP-OFJ6N53", "TimeCreated": "2022-06-14 18:01:24.056473+00:00", "RecordID": "19", "Level": "4", "UserID": "S-1-5-18", "EventData.DriveId": "{fdab6a14-ec0b-11ec-a6ca-806e6f6e6963}", "EventData.PoolId": "{00000000-0000-0000-0000-000000000000}", "EventData.DeviceNumber": "0", "EventData.DriveManufacturer": "VMware", "EventData.DriveModel": "Virtual disk", "EventData.DriveSerial": "NULL"}
{"EventID": "207", "Channel": "Microsoft-Windows-StorageSpaces-Driver/Operational", "Provider_Name": "Microsoft-Windows-StorageSpaces-Driver", "Computer": "DESKTOP-OFJ6N53", "TimeCreated": "2022-07-13 14:42:16.660208+00:00", "RecordID": "20", "Level": "4", "UserID": "S-1-5-18", "EventData.DriveId": "{fad19460-02b9-11ed-a6cb-806e6f6e6963}", "EventData.PoolId": "{00000000-0000-0000-0000-000000000000}", "EventData.DeviceNumber": "0", "EventData.DriveManufacturer": "VMware", "EventData.DriveModel": "Virtual disk", "EventData.DriveSerial": "NULL"}
{"EventID": "207", "Channel": "Microsoft-Windows-StorageSpaces-Driver/Operational", "Provider_Name": "Microsoft-Windows-StorageSpaces-Driver", "Computer": "DESKTOP-OFJ6N53", "TimeCreated": "2022-08-04 17:04:29.651463+00:00", "RecordID": "21", "Level": "4", "UserID": "S-1-5-18", "EventData.DriveId": "{783b7f74-1417-11ed-a6cc-806e6f6e6963}", "EventData.PoolId": "{00000000-0000-0000-0000-000000000000}", "EventData.DeviceNumber": "0", "EventData.DriveManufacturer": "VMware", "EventData.DriveModel": "Virtual disk", "EventData.DriveSerial": "NULL"}
{"EventID": "207", "Channel": "Microsoft-Windows-StorageSpaces-Driver/Operational", "Provider_Name": "Microsoft-Windows-StorageSpaces-Driver", "Computer": "DESKTOP-OFJ6N53", "TimeCreated": "2022-08-09 19:08:35.640757+00:00", "RecordID": "22", "Level": "4", "UserID": "S-1-5-18", "EventData.DriveId": "{a7fc59db-1816-11ed-a6cd-806e6f6e6963}", "EventData.PoolId": "{00000000-0000-0000-0000-000000000000}", "EventData.DeviceNumber": "0", "EventData.DriveManufacturer": "VMware", "EventData.DriveModel": "Virtual disk", "EventData.DriveSerial": "NULL"}
{"EventID": "207", "Channel": "Microsoft-Windows-StorageSpaces-Driver/Operational", "Provider_Name": "Microsoft-Windows-StorageSpaces-Driver", "Computer": "DESKTOP-OFJ6N53", "TimeCreated": "2022-09-06 09:01:37.509638+00:00", "RecordID": "23", "Level": "4", "UserID": "S-1-5-18", "EventData.DriveId": "{806d7f1e-2dc2-11ed-a6ce-806e6f6e6963}", "EventData.PoolId": "{00000000-0000-0000-0000-000000000000}", "EventData.DeviceNumber": "0", "EventData.DriveManufacturer": "VMware", "EventData.DriveModel": "Virtual disk", "EventData.DriveSerial": "NULL"}
{"EventID": "207", "Channel": "Microsoft-Windows-StorageSpaces-Driver/Operational", "Provider_Name": "Microsoft-Windows-StorageSpaces-Driver", "Computer": "DESKTOP-OFJ6N53", "TimeCreated": "2022-09-06 13:01:12.710337+00:00", "RecordID": "24", "Level": "4", "UserID": "S-1-5-18", "EventData.DriveId": "{f1c33403-2de3-11ed-a6cf-806e6f6e6963}", "EventData.PoolId": "{00000000-0000-0000-0000-000000000000}", "EventData.DeviceNumber": "0", "EventData.DriveManufacturer": "VMware", "EventData.DriveModel": "Virtual disk", "EventData.DriveSerial": "NULL"}
{"EventID": "207", "Channel": "Microsoft-Windows-StorageSpaces-Driver/Operational", "Provider_Name": "Microsoft-Windows-StorageSpaces-Driver", "Computer": "DESKTOP-OFJ6N53", "TimeCreated": "2022-09-13 14:05:25.237906+00:00", "RecordID": "25", "Level": "4", "UserID": "S-1-5-18", "EventData.DriveId": "{1a17238e-336d-11ed-a6d0-806e6f6e6963}", "EventData.PoolId": "{00000000-0000-0000-0000-000000000000}", "EventData.DeviceNumber": "0", "EventData.DriveManufacturer": "VMware", "EventData.DriveModel": "Virtual disk", "EventData.DriveSerial": "NULL"}
{"EventID": "207", "Channel": "Microsoft-Windows-StorageSpaces-Driver/Operational", "Provider_Name": "Microsoft-Windows-StorageSpaces-Driver", "Computer": "DESKTOP-OFJ6N53", "TimeCreated": "2022-09-14 17:17:05.385595+00:00", "RecordID": "26", "Level": "4", "UserID": "S-1-5-18", "EventData.DriveId": "{0946b89b-3451-11ed-a6d1-806e6f6e6963}", "EventData.PoolId": "{00000000-0000-0000-0000-000000000000}", "EventData.DeviceNumber": "0", "EventData.DriveManufacturer": "VMware", "EventData.DriveModel": "Virtual disk", "EventData.DriveSerial": "NULL"}
{"EventID": "207", "Channel": "Microsoft-Windows-StorageSpaces-Driver/Operational", "Provider_Name": "Microsoft-Windows-StorageSpaces-Driver", "Computer": "DESKTOP-OFJ6N53", "TimeCreated": "2022-09-22 12:40:20.862867+00:00", "RecordID": "27", "Level": "4", "UserID": "S-1-5-18", "EventData.DriveId": "{b501a8aa-3a73-11ed-a6d2-806e6f6e6963}", "EventData.PoolId": "{00000000-0000-0000-0000-000000000000}", "EventData.DeviceNumber": "0", "EventData.DriveManufacturer": "VMware", "EventData.DriveModel": "Virtual disk", "EventData.DriveSerial": "NULL"}
{"EventID": "207", "Channel": "Microsoft-Windows-StorageSpaces-Driver/Operational", "Provider_Name": "Microsoft-Windows-StorageSpaces-Driver", "Computer": "DESKTOP-OFJ6N53", "TimeCreated": "2022-09-29 11:32:23.191000+00:00", "RecordID": "28", "Level": "4", "UserID": "S-1-5-18", "EventData.DriveId": "{5e480e53-3fea-11ed-a6d3-806e6f6e6963}", "EventData.PoolId": "{00000000-0000-0000-0000-000000000000}", "EventData.DeviceNumber": "0", "EventData.DriveManufacturer": "VMware", "EventData.DriveModel": "Virtual disk", "EventData.DriveSerial": "NULL"}
{"EventID": "207", "Channel": "Microsoft-Windows-StorageSpaces-Driver/Operational", "Provider_Name": "Microsoft-Windows-StorageSpaces-Driver", "Computer": "DESKTOP-OFJ6N53", "TimeCreated": "2022-10-04 08:34:42.490623+00:00", "RecordID": "29", "Level": "4", "UserID": "S-1-5-18", "EventData.DriveId": "{61667b51-43bf-11ed-a6d4-806e6f6e6963}", "EventData.PoolId": "{00000000-0000-0000-0000-000000000000}", "EventData.DeviceNumber": "0", "EventData.DriveManufacturer": "VMware", "EventData.DriveModel": "Virtual disk", "EventData.DriveSerial": "NULL"}
{"EventID": "207", "Channel": "Microsoft-Windows-StorageSpaces-Driver/Operational", "Provider_Name": "Microsoft-Windows-StorageSpaces-Driver", "Computer": "DESKTOP-OFJ6N53", "TimeCreated": "2022-10-05 14:36:58.122751+00:00", "RecordID": "30", "Level": "4", "UserID": "S-1-5-18", "EventData.DriveId": "{272b91aa-44bb-11ed-a6d5-806e6f6e6963}", "EventData.PoolId": "{00000000-0000-0000-0000-000000000000}", "EventData.DeviceNumber": "0", "EventData.DriveManufacturer": "VMware", "EventData.DriveModel": "Virtual disk", "EventData.DriveSerial": "NULL"}
{"EventID": "207", "Channel": "Microsoft-Windows-StorageSpaces-Driver/Operational", "Provider_Name": "Microsoft-Windows-StorageSpaces-Driver", "Computer": "DESKTOP-OFJ6N53", "TimeCreated": "2022-10-06 08:20:54.634634+00:00", "RecordID": "31", "Level": "4", "UserID": "S-1-5-18", "EventData.DriveId": "{c6e65263-454f-11ed-a6d6-806e6f6e6963}", "EventData.PoolId": "{00000000-0000-0000-0000-000000000000}", "EventData.DeviceNumber": "0", "EventData.DriveManufacturer": "VMware", "EventData.DriveModel": "Virtual disk", "EventData.DriveSerial": "NULL"}
{"EventID": "207", "Channel": "Microsoft-Windows-StorageSpaces-Driver/Operational", "Provider_Name": "Microsoft-Windows-StorageSpaces-Driver", "Computer": "DESKTOP-OFJ6N53", "TimeCreated": "2022-10-06 09:15:55.494038+00:00", "RecordID": "32", "Level": "4", "UserID": "S-1-5-18", "EventData.DriveId": "{792088cf-4557-11ed-a6d7-806e6f6e6963}", "EventData.PoolId": "{00000000-0000-0000-0000-000000000000}", "EventData.DeviceNumber": "0", "EventData.DriveManufacturer": "VMware", "EventData.DriveModel": "Virtual disk", "EventData.DriveSerial": "NULL"}
{"EventID": "207", "Channel": "Microsoft-Windows-StorageSpaces-Driver/Operational", "Provider_Name": "Microsoft-Windows-StorageSpaces-Driver", "Computer": "DESKTOP-OFJ6N53", "TimeCreated": "2022-10-11 22:42:55.306032+00:00", "RecordID": "33", "Level": "4", "UserID": "S-1-5-18", "EventData.DriveId": "{08fad46b-49b6-11ed-a6d8-806e6f6e6963}", "EventData.PoolId": "{00000000-0000-0000-0000-000000000000}", "EventData.DeviceNumber": "0", "EventData.DriveManufacturer": "VMware", "EventData.DriveModel": "Virtual disk", "EventData.DriveSerial": "NULL"}
{"EventID": "207", "Channel": "Microsoft-Windows-StorageSpaces-Driver/Operational", "Provider_Name": "Microsoft-Windows-StorageSpaces-Driver", "Computer": "DESKTOP-OFJ6N53", "TimeCreated": "2022-10-17 12:09:20.129169+00:00", "RecordID": "34", "Level": "4", "UserID": "S-1-5-18", "EventData.DriveId": "{835dc52f-4e14-11ed-a6d9-806e6f6e6963}", "EventData.PoolId": "{00000000-0000-0000-0000-000000000000}", "EventData.DeviceNumber": "0", "EventData.DriveManufacturer": "VMware", "EventData.DriveModel": "Virtual disk", "EventData.DriveSerial": "NULL"}
{"EventID": "207", "Channel": "Microsoft-Windows-StorageSpaces-Driver/Operational", "Provider_Name": "Microsoft-Windows-StorageSpaces-Driver", "Computer": "DESKTOP-OFJ6N53", "TimeCreated": "2022-10-19 13:47:57.240728+00:00", "RecordID": "35", "Level": "4", "UserID": "S-1-5-18", "EventData.DriveId": "{a0504eec-4fb4-11ed-a6da-806e6f6e6963}", "EventData.PoolId": "{00000000-0000-0000-0000-000000000000}", "EventData.DeviceNumber": "0", "EventData.DriveManufacturer": "VMware", "EventData.DriveModel": "Virtual disk", "EventData.DriveSerial": "NULL"}
{"EventID": "207", "Channel": "Microsoft-Windows-StorageSpaces-Driver/Operational", "Provider_Name": "Microsoft-Windows-StorageSpaces-Driver", "Computer": "DESKTOP-OFJ6N53", "TimeCreated": "2022-10-27 11:48:04.457842+00:00", "RecordID": "36", "Level": "4", "UserID": "S-1-5-18", "EventData.DriveId": "{32904fa1-55ed-11ed-a6db-806e6f6e6963}", "EventData.PoolId": "{00000000-0000-0000-0000-000000000000}", "EventData.DeviceNumber": "0", "EventData.DriveManufacturer": "VMware", "EventData.DriveModel": "Virtual disk", "EventData.DriveSerial": "NULL"}
{"EventID": "207", "Channel": "Microsoft-Windows-StorageSpaces-Driver/Operational", "Provider_Name": "Microsoft-Windows-StorageSpaces-Driver", "Computer": "DESKTOP-OFJ6N53", "TimeCreated": "2022-11-09 14:40:56.023073+00:00", "RecordID": "37", "Level": "4", "UserID": "S-1-5-18", "EventData.DriveId": "{7f5adc93-603c-11ed-a6dc-806e6f6e6963}", "EventData.PoolId": "{00000000-0000-0000-0000-000000000000}", "EventData.DeviceNumber": "0", "EventData.DriveManufacturer": "VMware", "EventData.DriveModel": "Virtual disk", "EventData.DriveSerial": "NULL"}
{"EventID": "207", "Channel": "Microsoft-Windows-StorageSpaces-Driver/Operational", "Provider_Name": "Microsoft-Windows-StorageSpaces-Driver", "Computer": "DESKTOP-OFJ6N53", "TimeCreated": "2022-11-10 09:28:27.517248+00:00", "RecordID": "38", "Level": "4", "UserID": "S-1-5-18", "EventData.DriveId": "{040f5815-60da-11ed-a6dd-806e6f6e6963}", "EventData.PoolId": "{00000000-0000-0000-0000-000000000000}", "EventData.DeviceNumber": "0", "EventData.DriveManufacturer": "VMware", "EventData.DriveModel": "Virtual disk", "EventData.DriveSerial": "NULL"}
{"EventID": "207", "Channel": "Microsoft-Windows-StorageSpaces-Driver/Operational", "Provider_Name": "Microsoft-Windows-StorageSpaces-Driver", "Computer": "DESKTOP-OFJ6N53", "TimeCreated": "2022-11-17 17:39:18.509995+00:00", "RecordID": "39", "Level": "4", "UserID": "S-1-5-18", "EventData.DriveId": "{c0de184f-669e-11ed-a6de-806e6f6e6963}", "EventData.PoolId": "{00000000-0000-0000-0000-000000000000}", "EventData.DeviceNumber": "0", "EventData.DriveManufacturer": "VMware", "EventData.DriveModel": "Virtual disk", "EventData.DriveSerial": "NULL"}
{"EventID": "207", "Channel": "Microsoft-Windows-StorageSpaces-Driver/Operational", "Provider_Name": "Microsoft-Windows-StorageSpaces-Driver", "Computer": "DESKTOP-OFJ6N53", "TimeCreated": "2022-11-18 00:56:25.990952+00:00", "RecordID": "40", "Level": "4", "UserID": "S-1-5-18", "EventData.DriveId": "{ccffed3a-66db-11ed-a6df-806e6f6e6963}", "EventData.PoolId": "{00000000-0000-0000-0000-000000000000}", "EventData.DeviceNumber": "0", "EventData.DriveManufacturer": "VMware", "EventData.DriveModel": "Virtual disk", "EventData.DriveSerial": "NULL"}
{"EventID": "207", "Channel": "Microsoft-Windows-StorageSpaces-Driver/Operational", "Provider_Name": "Microsoft-Windows-StorageSpaces-Driver", "Computer": "DESKTOP-OFJ6N53", "TimeCreated": "2022-11-19 20:55:53.919836+00:00", "RecordID": "41", "Level": "4", "UserID": "S-1-5-18", "EventData.DriveId": "{86d2c253-684c-11ed-a6e0-806e6f6e6963}", "EventData.PoolId": "{00000000-0000-0000-0000-000000000000}", "EventData.DeviceNumber": "0", "EventData.DriveManufacturer": "VMware", "EventData.DriveModel": "Virtual disk", "EventData.DriveSerial": "NULL"}
{"EventID": "207", "Channel": "Microsoft-Windows-StorageSpaces-Driver/Operational", "Provider_Name": "Microsoft-Windows-StorageSpaces-Driver", "Computer": "DESKTOP-OFJ6N53", "TimeCreated": "2022-11-21 07:56:19.156759+00:00", "RecordID": "42", "Level": "4", "UserID": "S-1-5-18", "EventData.DriveId": "{f5e160a0-6971-11ed-a6e1-806e6f6e6963}", "EventData.PoolId": "{00000000-0000-0000-0000-000000000000}", "EventData.DeviceNumber": "0", "EventData.DriveManufacturer": "VMware", "EventData.DriveModel": "Virtual disk", "EventData.DriveSerial": "NULL"}
{"EventID": "207", "Channel": "Microsoft-Windows-StorageSpaces-Driver/Operational", "Provider_Name": "Microsoft-Windows-StorageSpaces-Driver", "Computer": "DESKTOP-OFJ6N53", "TimeCreated": "2022-11-22 07:19:43.928888+00:00", "RecordID": "43", "Level": "4", "UserID": "S-1-5-18", "EventData.DriveId": "{040ef313-6a36-11ed-a6e2-806e6f6e6963}", "EventData.PoolId": "{00000000-0000-0000-0000-000000000000}", "EventData.DeviceNumber": "0", "EventData.DriveManufacturer": "VMware", "EventData.DriveModel": "Virtual disk", "EventData.DriveSerial": "NULL"}
{"EventID": "207", "Channel": "Microsoft-Windows-StorageSpaces-Driver/Operational", "Provider_Name": "Microsoft-Windows-StorageSpaces-Driver", "Computer": "DESKTOP-OFJ6N53", "TimeCreated": "2022-11-22 11:56:54.433731+00:00", "RecordID": "44", "Level": "4", "UserID": "S-1-5-18", "EventData.DriveId": "{bcfe3a27-6a5c-11ed-a6e3-806e6f6e6963}", "EventData.PoolId": "{00000000-0000-0000-0000-000000000000}", "EventData.DeviceNumber": "0", "EventData.DriveManufacturer": "VMware", "EventData.DriveModel": "Virtual disk", "EventData.DriveSerial": "NULL"}
{"EventID": "207", "Channel": "Microsoft-Windows-StorageSpaces-Driver/Operational", "Provider_Name": "Microsoft-Windows-StorageSpaces-Driver", "Computer": "DESKTOP-OFJ6N53", "TimeCreated": "2022-11-24 10:51:57.823198+00:00", "RecordID": "45", "Level": "4", "UserID": "S-1-5-18", "EventData.DriveId": "{013ba547-6be6-11ed-a6e4-806e6f6e6963}", "EventData.PoolId": "{00000000-0000-0000-0000-000000000000}", "EventData.DeviceNumber": "0", "EventData.DriveManufacturer": "VMware", "EventData.DriveModel": "Virtual disk", "EventData.DriveSerial": "NULL"}
{"EventID": "207", "Channel": "Microsoft-Windows-StorageSpaces-Driver/Operational", "Provider_Name": "Microsoft-Windows-StorageSpaces-Driver", "Computer": "DESKTOP-OFJ6N53", "TimeCreated": "2022-11-28 11:06:35.060858+00:00", "RecordID": "46", "Level": "4", "UserID": "S-1-5-18", "EventData.DriveId": "{a9ae0146-6f0c-11ed-a6e5-806e6f6e6963}", "EventData.PoolId": "{00000000-0000-0000-0000-000000000000}", "EventData.DeviceNumber": "0", "EventData.DriveManufacturer": "VMware", "EventData.DriveModel": "Virtual disk", "EventData.DriveSerial": "NULL"}
{"EventID": "207", "Channel": "Microsoft-Windows-StorageSpaces-Driver/Operational", "Provider_Name": "Microsoft-Windows-StorageSpaces-Driver", "Computer": "DESKTOP-OFJ6N53", "TimeCreated": "2022-11-30 10:05:23.031212+00:00", "RecordID": "47", "Level": "4", "UserID": "S-1-5-18", "EventData.DriveId": "{7aba88d4-7096-11ed-a6e6-806e6f6e6963}", "EventData.PoolId": "{00000000-0000-0000-0000-000000000000}", "EventData.DeviceNumber": "0", "EventData.DriveManufacturer": "VMware", "EventData.DriveModel": "Virtual disk", "EventData.DriveSerial": "NULL"}
{"EventID": "207", "Channel": "Microsoft-Windows-StorageSpaces-Driver/Operational", "Provider_Name": "Microsoft-Windows-StorageSpaces-Driver", "Computer": "DESKTOP-OFJ6N53", "TimeCreated": "2022-12-06 11:57:00.344658+00:00", "RecordID": "48", "Level": "4", "UserID": "S-1-5-18", "EventData.DriveId": "{12df9ca9-755d-11ed-a6e7-806e6f6e6963}", "EventData.PoolId": "{00000000-0000-0000-0000-000000000000}", "EventData.DeviceNumber": "0", "EventData.DriveManufacturer": "VMware", "EventData.DriveModel": "Virtual disk", "EventData.DriveSerial": "NULL"}
{"EventID": "207", "Channel": "Microsoft-Windows-StorageSpaces-Driver/Operational", "Provider_Name": "Microsoft-Windows-StorageSpaces-Driver", "Computer": "DESKTOP-OFJ6N53", "TimeCreated": "2022-12-09 11:51:40.167562+00:00", "RecordID": "49", "Level": "4", "UserID": "S-1-5-18", "EventData.DriveId": "{d383cfc6-77b7-11ed-a6e8-806e6f6e6963}", "EventData.PoolId": "{00000000-0000-0000-0000-000000000000}", "EventData.DeviceNumber": "0", "EventData.DriveManufacturer": "VMware", "EventData.DriveModel": "Virtual disk", "EventData.DriveSerial": "NULL"}
{"EventID": "207", "Channel": "Microsoft-Windows-StorageSpaces-Driver/Operational", "Provider_Name": "Microsoft-Windows-StorageSpaces-Driver", "Computer": "DESKTOP-OFJ6N53", "TimeCreated": "2022-12-12 15:20:17.835806+00:00", "RecordID": "50", "Level": "4", "UserID": "S-1-5-18", "EventData.DriveId": "{78268de9-7a30-11ed-a6e9-806e6f6e6963}", "EventData.PoolId": "{00000000-0000-0000-0000-000000000000}", "EventData.DeviceNumber": "0", "EventData.DriveManufacturer": "VMware", "EventData.DriveModel": "Virtual disk", "EventData.DriveSerial": "NULL"}
{"EventID": "207", "Channel": "Microsoft-Windows-StorageSpaces-Driver/Operational", "Provider_Name": "Microsoft-Windows-StorageSpaces-Driver", "Computer": "DESKTOP-OFJ6N53", "TimeCreated": "2022-12-14 12:46:22.586584+00:00", "RecordID": "51", "Level": "4", "UserID": "S-1-5-18", "EventData.DriveId": "{4c2fc6f2-7bad-11ed-a6ea-806e6f6e6963}", "EventData.PoolId": "{00000000-0000-0000-0000-000000000000}", "EventData.DeviceNumber": "0", "EventData.DriveManufacturer": "VMware", "EventData.DriveModel": "Virtual disk", "EventData.DriveSerial": "NULL"}
{"EventID": "207", "Channel": "Microsoft-Windows-StorageSpaces-Driver/Operational", "Provider_Name": "Microsoft-Windows-StorageSpaces-Driver", "Computer": "DESKTOP-OFJ6N53", "TimeCreated": "2022-12-15 08:28:47.959990+00:00", "RecordID": "52", "Level": "4", "UserID": "S-1-5-18", "EventData.DriveId": "{79263c1e-7c52-11ed-a6eb-806e6f6e6963}", "EventData.PoolId": "{00000000-0000-0000-0000-000000000000}", "EventData.DeviceNumber": "0", "EventData.DriveManufacturer": "VMware", "EventData.DriveModel": "Virtual disk", "EventData.DriveSerial": "NULL"}
{"EventID": "207", "Channel": "Microsoft-Windows-StorageSpaces-Driver/Operational", "Provider_Name": "Microsoft-Windows-StorageSpaces-Driver", "Computer": "DESKTOP-OFJ6N53", "TimeCreated": "2022-12-21 09:55:15.608515+00:00", "RecordID": "53", "Level": "4", "UserID": "S-1-5-18", "EventData.DriveId": "{8df9265f-8115-11ed-a6ec-806e6f6e6963}", "EventData.PoolId": "{00000000-0000-0000-0000-000000000000}", "EventData.DeviceNumber": "0", "EventData.DriveManufacturer": "VMware", "EventData.DriveModel": "Virtual disk", "EventData.DriveSerial": "NULL"}
{"EventID": "207", "Channel": "Microsoft-Windows-StorageSpaces-Driver/Operational", "Provider_Name": "Microsoft-Windows-StorageSpaces-Driver", "Computer": "DESKTOP-OFJ6N53", "TimeCreated": "2022-12-27 09:34:34.894917+00:00", "RecordID": "54", "Level": "4", "UserID": "S-1-5-18", "EventData.DriveId": "{a4410e25-85c9-11ed-a6ed-806e6f6e6963}", "EventData.PoolId": "{00000000-0000-0000-0000-000000000000}", "EventData.DeviceNumber": "0", "EventData.DriveManufacturer": "VMware", "EventData.DriveModel": "Virtual disk", "EventData.DriveSerial": "NULL"}
{"EventID": "207", "Channel": "Microsoft-Windows-StorageSpaces-Driver/Operational", "Provider_Name": "Microsoft-Windows-StorageSpaces-Driver", "Computer": "DESKTOP-OFJ6N53", "TimeCreated": "2022-12-29 12:41:30.239199+00:00", "RecordID": "55", "Level": "4", "UserID": "S-1-5-18", "EventData.DriveId": "{1a025d57-8776-11ed-a6ee-806e6f6e6963}", "EventData.PoolId": "{00000000-0000-0000-0000-000000000000}", "EventData.DeviceNumber": "0", "EventData.DriveManufacturer": "VMware", "EventData.DriveModel": "Virtual disk", "EventData.DriveSerial": "NULL"}
{"EventID": "207", "Channel": "Microsoft-Windows-StorageSpaces-Driver/Operational", "Provider_Name": "Microsoft-Windows-StorageSpaces-Driver", "Computer": "DESKTOP-OFJ6N53", "TimeCreated": "2023-01-10 07:49:14.864927+00:00", "RecordID": "56", "Level": "4", "UserID": "S-1-5-18", "EventData.DriveId": "{43527e94-90bb-11ed-a6ef-806e6f6e6963}", "EventData.PoolId": "{00000000-0000-0000-0000-000000000000}", "EventData.DeviceNumber": "0", "EventData.DriveManufacturer": "VMware", "EventData.DriveModel": "Virtual disk", "EventData.DriveSerial": "NULL"}
{"EventID": "207", "Channel": "Microsoft-Windows-StorageSpaces-Driver/Operational", "Provider_Name": "Microsoft-Windows-StorageSpaces-Driver", "Computer": "DESKTOP-OFJ6N53", "TimeCreated": "2023-01-11 14:45:29.982290+00:00", "RecordID": "57", "Level": "4", "UserID": "S-1-5-18", "EventData.DriveId": "{9333ce42-91be-11ed-a6f0-806e6f6e6963}", "EventData.PoolId": "{00000000-0000-0000-0000-000000000000}", "EventData.DeviceNumber": "0", "EventData.DriveManufacturer": "VMware", "EventData.DriveModel": "Virtual disk", "EventData.DriveSerial": "NULL"}
{"EventID": "207", "Channel": "Microsoft-Windows-StorageSpaces-Driver/Operational", "Provider_Name": "Microsoft-Windows-StorageSpaces-Driver", "Computer": "DESKTOP-OFJ6N53", "TimeCreated": "2023-01-13 13:31:26.309992+00:00", "RecordID": "58", "Level": "4", "UserID": "S-1-5-18", "EventData.DriveId": "{90d18f4f-9346-11ed-a6f1-806e6f6e6963}", "EventData.PoolId": "{00000000-0000-0000-0000-000000000000}", "EventData.DeviceNumber": "0", "EventData.DriveManufacturer": "VMware", "EventData.DriveModel": "Virtual disk", "EventData.DriveSerial": "NULL"}
{"EventID": "207", "Channel": "Microsoft-Windows-StorageSpaces-Driver/Operational", "Provider_Name": "Microsoft-Windows-StorageSpaces-Driver", "Computer": "DESKTOP-OFJ6N53", "TimeCreated": "2023-01-16 08:14:23.484749+00:00", "RecordID": "59", "Level": "4", "UserID": "S-1-5-18", "EventData.DriveId": "{c46a0d6d-9575-11ed-a6f2-806e6f6e6963}", "EventData.PoolId": "{00000000-0000-0000-0000-000000000000}", "EventData.DeviceNumber": "0", "EventData.DriveManufacturer": "VMware", "EventData.DriveModel": "Virtual disk", "EventData.DriveSerial": "NULL"}
{"EventID": "207", "Channel": "Microsoft-Windows-StorageSpaces-Driver/Operational", "Provider_Name": "Microsoft-Windows-StorageSpaces-Driver", "Computer": "DESKTOP-OFJ6N53", "TimeCreated": "2023-01-17 12:30:09.972042+00:00", "RecordID": "60", "Level": "4", "UserID": "S-1-5-18", "EventData.DriveId": "{a8270939-9662-11ed-a6f3-806e6f6e6963}", "EventData.PoolId": "{00000000-0000-0000-0000-000000000000}", "EventData.DeviceNumber": "0", "EventData.DriveManufacturer": "VMware", "EventData.DriveModel": "Virtual disk", "EventData.DriveSerial": "NULL"}
{"EventID": "207", "Channel": "Microsoft-Windows-StorageSpaces-Driver/Operational", "Provider_Name": "Microsoft-Windows-StorageSpaces-Driver", "Computer": "DESKTOP-OFJ6N53", "TimeCreated": "2023-01-19 08:00:08.625254+00:00", "RecordID": "61", "Level": "4", "UserID": "S-1-5-18", "EventData.DriveId": "{4565dd5b-97cf-11ed-a6f4-806e6f6e6963}", "EventData.PoolId": "{00000000-0000-0000-0000-000000000000}", "EventData.DeviceNumber": "0", "EventData.DriveManufacturer": "VMware", "EventData.DriveModel": "Virtual disk", "EventData.DriveSerial": "NULL"}
{"EventID": "207", "Channel": "Microsoft-Windows-StorageSpaces-Driver/Operational", "Provider_Name": "Microsoft-Windows-StorageSpaces-Driver", "Computer": "DESKTOP-OFJ6N53", "TimeCreated": "2023-01-19 11:54:55.720753+00:00", "RecordID": "62", "Level": "4", "UserID": "S-1-5-18", "EventData.DriveId": "{13987472-97f0-11ed-a6f5-806e6f6e6963}", "EventData.PoolId": "{00000000-0000-0000-0000-000000000000}", "EventData.DeviceNumber": "0", "EventData.DriveManufacturer": "VMware", "EventData.DriveModel": "Virtual disk", "EventData.DriveSerial": "NULL"}
{"EventID": "207", "Channel": "Microsoft-Windows-StorageSpaces-Driver/Operational", "Provider_Name": "Microsoft-Windows-StorageSpaces-Driver", "Computer": "DESKTOP-OFJ6N53", "TimeCreated": "2023-01-20 14:30:56.485502+00:00", "RecordID": "63", "Level": "4", "UserID": "S-1-5-18", "EventData.DriveId": "{0a1a837c-98cf-11ed-a6f6-806e6f6e6963}", "EventData.PoolId": "{00000000-0000-0000-0000-000000000000}", "EventData.DeviceNumber": "0", "EventData.DriveManufacturer": "VMware", "EventData.DriveModel": "Virtual disk", "EventData.DriveSerial": "NULL"}
{"EventID": "207", "Channel": "Microsoft-Windows-StorageSpaces-Driver/Operational", "Provider_Name": "Microsoft-Windows-StorageSpaces-Driver", "Computer": "DESKTOP-OFJ6N53", "TimeCreated": "2023-01-23 10:19:14.702959+00:00", "RecordID": "64", "Level": "4", "UserID": "S-1-5-18", "EventData.DriveId": "{5f30da3a-9b07-11ed-a6f7-806e6f6e6963}", "EventData.PoolId": "{00000000-0000-0000-0000-000000000000}", "EventData.DeviceNumber": "0", "EventData.DriveManufacturer": "VMware", "EventData.DriveModel": "Virtual disk", "EventData.DriveSerial": "NULL"}
{"EventID": "207", "Channel": "Microsoft-Windows-StorageSpaces-Driver/Operational", "Provider_Name": "Microsoft-Windows-StorageSpaces-Driver", "Computer": "DESKTOP-OFJ6N53", "TimeCreated": "2023-01-23 12:40:54.873510+00:00", "RecordID": "65", "Level": "4", "UserID": "S-1-5-18", "EventData.DriveId": "{29b96f26-9b1b-11ed-a6f8-806e6f6e6963}", "EventData.PoolId": "{00000000-0000-0000-0000-000000000000}", "EventData.DeviceNumber": "0", "EventData.DriveManufacturer": "VMware", "EventData.DriveModel": "Virtual disk", "EventData.DriveSerial": "NULL"}
{"EventID": "207", "Channel": "Microsoft-Windows-StorageSpaces-Driver/Operational", "Provider_Name": "Microsoft-Windows-StorageSpaces-Driver", "Computer": "DESKTOP-OFJ6N53", "TimeCreated": "2023-01-25 08:56:46.352432+00:00", "RecordID": "66", "Level": "4", "UserID": "S-1-5-18", "EventData.DriveId": "{2a90e0eb-9c8e-11ed-a6f9-806e6f6e6963}", "EventData.PoolId": "{00000000-0000-0000-0000-000000000000}", "EventData.DeviceNumber": "0", "EventData.DriveManufacturer": "VMware", "EventData.DriveModel": "Virtual disk", "EventData.DriveSerial": "NULL"}
{"EventID": "207", "Channel": "Microsoft-Windows-StorageSpaces-Driver/Operational", "Provider_Name": "Microsoft-Windows-StorageSpaces-Driver", "Computer": "DESKTOP-OFJ6N53", "TimeCreated": "2023-01-27 15:03:59.378841+00:00", "RecordID": "67", "Level": "4", "UserID": "S-1-5-18", "EventData.DriveId": "{cfdda762-9e53-11ed-a6fa-806e6f6e6963}", "EventData.PoolId": "{00000000-0000-0000-0000-000000000000}", "EventData.DeviceNumber": "0", "EventData.DriveManufacturer": "VMware", "EventData.DriveModel": "Virtual disk", "EventData.DriveSerial": "NULL"}
{"EventID": "207", "Channel": "Microsoft-Windows-StorageSpaces-Driver/Operational", "Provider_Name": "Microsoft-Windows-StorageSpaces-Driver", "Computer": "DESKTOP-OFJ6N53", "TimeCreated": "2023-01-30 08:02:20.065941+00:00", "RecordID": "68", "Level": "4", "UserID": "S-1-5-18", "EventData.DriveId": "{6388b37b-a074-11ed-a6fb-806e6f6e6963}", "EventData.PoolId": "{00000000-0000-0000-0000-000000000000}", "EventData.DeviceNumber": "0", "EventData.DriveManufacturer": "VMware", "EventData.DriveModel": "Virtual disk", "EventData.DriveSerial": "NULL"}
{"EventID": "207", "Channel": "Microsoft-Windows-StorageSpaces-Driver/Operational", "Provider_Name": "Microsoft-Windows-StorageSpaces-Driver", "Computer": "DESKTOP-OFJ6N53", "TimeCreated": "2023-02-09 10:49:44.360130+00:00", "RecordID": "69", "Level": "4", "UserID": "S-1-5-18", "EventData.DriveId": "{6fe5f79c-a867-11ed-a6fc-806e6f6e6963}", "EventData.PoolId": "{00000000-0000-0000-0000-000000000000}", "EventData.DeviceNumber": "0", "EventData.DriveManufacturer": "VMware", "EventData.DriveModel": "Virtual disk", "EventData.DriveSerial": "NULL"}
{"EventID": "207", "Channel": "Microsoft-Windows-StorageSpaces-Driver/Operational", "Provider_Name": "Microsoft-Windows-StorageSpaces-Driver", "Computer": "DESKTOP-OFJ6N53", "TimeCreated": "2023-02-14 14:07:29.888515+00:00", "RecordID": "70", "Level": "4", "UserID": "S-1-5-18", "EventData.DriveId": "{e5b61b3a-ac70-11ed-a6fd-806e6f6e6963}", "EventData.PoolId": "{00000000-0000-0000-0000-000000000000}", "EventData.DeviceNumber": "0", "EventData.DriveManufacturer": "VMware", "EventData.DriveModel": "Virtual disk", "EventData.DriveSerial": "NULL"}
{"EventID": "207", "Channel": "Microsoft-Windows-StorageSpaces-Driver/Operational", "Provider_Name": "Microsoft-Windows-StorageSpaces-Driver", "Computer": "DESKTOP-OFJ6N53", "TimeCreated": "2023-02-15 12:29:55.517895+00:00", "RecordID": "71", "Level": "4", "UserID": "S-1-5-18", "EventData.DriveId": "{6bf8b9db-ad2c-11ed-a6fe-806e6f6e6963}", "EventData.PoolId": "{00000000-0000-0000-0000-000000000000}", "EventData.DeviceNumber": "0", "EventData.DriveManufacturer": "VMware", "EventData.DriveModel": "Virtual disk", "EventData.DriveSerial": "NULL"}
{"EventID": "207", "Channel": "Microsoft-Windows-StorageSpaces-Driver/Operational", "Provider_Name": "Microsoft-Windows-StorageSpaces-Driver", "Computer": "DESKTOP-OFJ6N53", "TimeCreated": "2023-02-15 19:09:42.983809+00:00", "RecordID": "72", "Level": "4", "UserID": "S-1-5-18", "EventData.DriveId": "{48e49ddf-ad64-11ed-a6ff-806e6f6e6963}", "EventData.PoolId": "{00000000-0000-0000-0000-000000000000}", "EventData.DeviceNumber": "0", "EventData.DriveManufacturer": "VMware", "EventData.DriveModel": "Virtual disk", "EventData.DriveSerial": "NULL"}
{"EventID": "207", "Channel": "Microsoft-Windows-StorageSpaces-Driver/Operational", "Provider_Name": "Microsoft-Windows-StorageSpaces-Driver", "Computer": "DESKTOP-OFJ6N53", "TimeCreated": "2023-02-16 01:24:08.912395+00:00", "RecordID": "73", "Level": "4", "UserID": "S-1-5-18", "EventData.DriveId": "{9839792c-ad98-11ed-a700-806e6f6e6963}", "EventData.PoolId": "{00000000-0000-0000-0000-000000000000}", "EventData.DeviceNumber": "0", "EventData.DriveManufacturer": "VMware", "EventData.DriveModel": "Virtual disk", "EventData.DriveSerial": "NULL"}
{"EventID": "207", "Channel": "Microsoft-Windows-StorageSpaces-Driver/Operational", "Provider_Name": "Microsoft-Windows-StorageSpaces-Driver", "Computer": "DESKTOP-OFJ6N53", "TimeCreated": "2023-02-27 19:06:15.408224+00:00", "RecordID": "74", "Level": "4", "UserID": "S-1-5-18", "EventData.DriveId": "{cb2dde62-b6d1-11ed-a701-806e6f6e6963}", "EventData.PoolId": "{00000000-0000-0000-0000-000000000000}", "EventData.DeviceNumber": "0", "EventData.DriveManufacturer": "VMware", "EventData.DriveModel": "Virtual disk", "EventData.DriveSerial": "NULL"}
{"EventID": "207", "Channel": "Microsoft-Windows-StorageSpaces-Driver/Operational", "Provider_Name": "Microsoft-Windows-StorageSpaces-Driver", "Computer": "DESKTOP-OFJ6N53", "TimeCreated": "2023-03-06 08:59:12.997171+00:00", "RecordID": "75", "Level": "4", "UserID": "S-1-5-18", "EventData.DriveId": "{241cf2c2-bbfd-11ed-a702-806e6f6e6963}", "EventData.PoolId": "{00000000-0000-0000-0000-000000000000}", "EventData.DeviceNumber": "0", "EventData.DriveManufacturer": "VMware", "EventData.DriveModel": "Virtual disk", "EventData.DriveSerial": "NULL"}
{"EventID": "207", "Channel": "Microsoft-Windows-StorageSpaces-Driver/Operational", "Provider_Name": "Microsoft-Windows-StorageSpaces-Driver", "Computer": "DESKTOP-OFJ6N53", "TimeCreated": "2023-03-10 12:03:01.095446+00:00", "RecordID": "76", "Level": "4", "UserID": "S-1-5-18", "EventData.DriveId": "{7ab75083-bf3b-11ed-a703-806e6f6e6963}", "EventData.PoolId": "{00000000-0000-0000-0000-000000000000}", "EventData.DeviceNumber": "0", "EventData.DriveManufacturer": "VMware", "EventData.DriveModel": "Virtual disk", "EventData.DriveSerial": "NULL"}
{"EventID": "207", "Channel": "Microsoft-Windows-StorageSpaces-Driver/Operational", "Provider_Name": "Microsoft-Windows-StorageSpaces-Driver", "Computer": "DESKTOP-OFJ6N53", "TimeCreated": "2023-03-13 11:07:47.720104+00:00", "RecordID": "77", "Level": "4", "UserID": "S-1-5-18", "EventData.DriveId": "{416abc4b-c18f-11ed-a704-806e6f6e6963}", "EventData.PoolId": "{00000000-0000-0000-0000-000000000000}", "EventData.DeviceNumber": "0", "EventData.DriveManufacturer": "VMware", "EventData.DriveModel": "Virtual disk", "EventData.DriveSerial": "NULL"}
{"EventID": "207", "Channel": "Microsoft-Windows-StorageSpaces-Driver/Operational", "Provider_Name": "Microsoft-Windows-StorageSpaces-Driver", "Computer": "DESKTOP-OFJ6N53", "TimeCreated": "2023-03-15 22:02:27.679129+00:00", "RecordID": "78", "Level": "4", "UserID": "S-1-5-18", "EventData.DriveId": "{0a10a654-c37d-11ed-a705-806e6f6e6963}", "EventData.PoolId": "{00000000-0000-0000-0000-000000000000}", "EventData.DeviceNumber": "0", "EventData.DriveManufacturer": "VMware", "EventData.DriveModel": "Virtual disk", "EventData.DriveSerial": "NULL"}
{"EventID": "207", "Channel": "Microsoft-Windows-StorageSpaces-Driver/Operational", "Provider_Name": "Microsoft-Windows-StorageSpaces-Driver", "Computer": "DESKTOP-OFJ6N53", "TimeCreated": "2023-03-19 01:06:43.458199+00:00", "RecordID": "79", "Level": "4", "UserID": "S-1-5-18", "EventData.DriveId": "{46d92b15-c5f2-11ed-a706-806e6f6e6963}", "EventData.PoolId": "{00000000-0000-0000-0000-000000000000}", "EventData.DeviceNumber": "0", "EventData.DriveManufacturer": "VMware", "EventData.DriveModel": "Virtual disk", "EventData.DriveSerial": "NULL"}
{"EventID": "207", "Channel": "Microsoft-Windows-StorageSpaces-Driver/Operational", "Provider_Name": "Microsoft-Windows-StorageSpaces-Driver", "Computer": "DESKTOP-OFJ6N53", "TimeCreated": "2023-03-20 08:29:22.433636+00:00", "RecordID": "80", "Level": "4", "UserID": "S-1-5-18", "EventData.DriveId": "{42bab2fa-c6f9-11ed-a707-806e6f6e6963}", "EventData.PoolId": "{00000000-0000-0000-0000-000000000000}", "EventData.DeviceNumber": "0", "EventData.DriveManufacturer": "VMware", "EventData.DriveModel": "Virtual disk", "EventData.DriveSerial": "NULL"}
{"EventID": "207", "Channel": "Microsoft-Windows-StorageSpaces-Driver/Operational", "Provider_Name": "Microsoft-Windows-StorageSpaces-Driver", "Computer": "DESKTOP-OFJ6N53", "TimeCreated": "2023-03-23 09:59:43.695990+00:00", "RecordID": "81", "Level": "4", "UserID": "S-1-5-18", "EventData.DriveId": "{664bdaa7-c961-11ed-a708-806e6f6e6963}", "EventData.PoolId": "{00000000-0000-0000-0000-000000000000}", "EventData.DeviceNumber": "0", "EventData.DriveManufacturer": "VMware", "EventData.DriveModel": "Virtual disk", "EventData.DriveSerial": "NULL"}
{"EventID": "207", "Channel": "Microsoft-Windows-StorageSpaces-Driver/Operational", "Provider_Name": "Microsoft-Windows-StorageSpaces-Driver", "Computer": "DESKTOP-OFJ6N53", "TimeCreated": "2023-03-29 11:07:28.975443+00:00", "RecordID": "82", "Level": "4", "UserID": "S-1-5-18", "EventData.DriveId": "{dd1bebb8-ce21-11ed-a709-806e6f6e6963}", "EventData.PoolId": "{00000000-0000-0000-0000-000000000000}", "EventData.DeviceNumber": "0", "EventData.DriveManufacturer": "VMware", "EventData.DriveModel": "Virtual disk", "EventData.DriveSerial": "NULL"}
{"EventID": "207", "Channel": "Microsoft-Windows-StorageSpaces-Driver/Operational", "Provider_Name": "Microsoft-Windows-StorageSpaces-Driver", "Computer": "DESKTOP-OFJ6N53", "TimeCreated": "2023-04-03 12:06:07.849716+00:00", "RecordID": "83", "Level": "4", "UserID": "S-1-5-18", "EventData.DriveId": "{df3d4ad6-d217-11ed-a70a-806e6f6e6963}", "EventData.PoolId": "{00000000-0000-0000-0000-000000000000}", "EventData.DeviceNumber": "0", "EventData.DriveManufacturer": "VMware", "EventData.DriveModel": "Virtual disk", "EventData.DriveSerial": "NULL"}
{"EventID": "207", "Channel": "Microsoft-Windows-StorageSpaces-Driver/Operational", "Provider_Name": "Microsoft-Windows-StorageSpaces-Driver", "Computer": "DESKTOP-OFJ6N53", "TimeCreated": "2023-04-03 14:20:35.509525+00:00", "RecordID": "84", "Level": "4", "UserID": "S-1-5-18", "EventData.DriveId": "{abdf9d7d-d22a-11ed-a70b-806e6f6e6963}", "EventData.PoolId": "{00000000-0000-0000-0000-000000000000}", "EventData.DeviceNumber": "0", "EventData.DriveManufacturer": "VMware", "EventData.DriveModel": "Virtual disk", "EventData.DriveSerial": "NULL"}
{"EventID": "207", "Channel": "Microsoft-Windows-StorageSpaces-Driver/Operational", "Provider_Name": "Microsoft-Windows-StorageSpaces-Driver", "Computer": "DESKTOP-OFJ6N53", "TimeCreated": "2023-04-04 06:29:38.111696+00:00", "RecordID": "85", "Level": "4", "UserID": "S-1-5-18", "EventData.DriveId": "{069c9414-d2b2-11ed-a70c-806e6f6e6963}", "EventData.PoolId": "{00000000-0000-0000-0000-000000000000}", "EventData.DeviceNumber": "0", "EventData.DriveManufacturer": "VMware", "EventData.DriveModel": "Virtual disk", "EventData.DriveSerial": "NULL"}
{"EventID": "207", "Channel": "Microsoft-Windows-StorageSpaces-Driver/Operational", "Provider_Name": "Microsoft-Windows-StorageSpaces-Driver", "Computer": "DESKTOP-OFJ6N53", "TimeCreated": "2023-04-05 07:27:42.780970+00:00", "RecordID": "86", "Level": "4", "UserID": "S-1-5-18", "EventData.DriveId": "{521b3464-d383-11ed-a70d-806e6f6e6963}", "EventData.PoolId": "{00000000-0000-0000-0000-000000000000}", "EventData.DeviceNumber": "0", "EventData.DriveManufacturer": "VMware", "EventData.DriveModel": "Virtual disk", "EventData.DriveSerial": "NULL"}
{"EventID": "207", "Channel": "Microsoft-Windows-StorageSpaces-Driver/Operational", "Provider_Name": "Microsoft-Windows-StorageSpaces-Driver", "Computer": "DESKTOP-OFJ6N53", "TimeCreated": "2023-04-05 15:17:34.967375+00:00", "RecordID": "87", "Level": "4", "UserID": "S-1-5-18", "EventData.DriveId": "{f5ab74f1-d3c4-11ed-a70e-806e6f6e6963}", "EventData.PoolId": "{00000000-0000-0000-0000-000000000000}", "EventData.DeviceNumber": "0", "EventData.DriveManufacturer": "VMware", "EventData.DriveModel": "Virtual disk", "EventData.DriveSerial": "NULL"}
{"EventID": "207", "Channel": "Microsoft-Windows-StorageSpaces-Driver/Operational", "Provider_Name": "Microsoft-Windows-StorageSpaces-Driver", "Computer": "DESKTOP-OFJ6N53", "TimeCreated": "2023-04-11 19:40:33.659426+00:00", "RecordID": "88", "Level": "4", "UserID": "S-1-5-18", "EventData.DriveId": "{b284de7d-d8a0-11ed-a70f-806e6f6e6963}", "EventData.PoolId": "{00000000-0000-0000-0000-000000000000}", "EventData.DeviceNumber": "0", "EventData.DriveManufacturer": "VMware", "EventData.DriveModel": "Virtual disk", "EventData.DriveSerial": "NULL"}
{"EventID": "207", "Channel": "Microsoft-Windows-StorageSpaces-Driver/Operational", "Provider_Name": "Microsoft-Windows-StorageSpaces-Driver", "Computer": "DESKTOP-OFJ6N53", "TimeCreated": "2023-04-12 17:26:41.905504+00:00", "RecordID": "89", "Level": "4", "UserID": "S-1-5-18", "EventData.DriveId": "{2a6e3bfe-d957-11ed-a710-806e6f6e6963}", "EventData.PoolId": "{00000000-0000-0000-0000-000000000000}", "EventData.DeviceNumber": "0", "EventData.DriveManufacturer": "VMware", "EventData.DriveModel": "Virtual disk", "EventData.DriveSerial": "NULL"}
{"EventID": "207", "Channel": "Microsoft-Windows-StorageSpaces-Driver/Operational", "Provider_Name": "Microsoft-Windows-StorageSpaces-Driver", "Computer": "DESKTOP-OFJ6N53", "TimeCreated": "2023-04-22 12:24:12.008688+00:00", "RecordID": "90", "Level": "4", "UserID": "S-1-5-18", "EventData.DriveId": "{9097556f-e108-11ed-a711-806e6f6e6963}", "EventData.PoolId": "{00000000-0000-0000-0000-000000000000}", "EventData.DeviceNumber": "0", "EventData.DriveManufacturer": "VMware", "EventData.DriveModel": "Virtual disk", "EventData.DriveSerial": "NULL"}
{"EventID": "207", "Channel": "Microsoft-Windows-StorageSpaces-Driver/Operational", "Provider_Name": "Microsoft-Windows-StorageSpaces-Driver", "Computer": "DESKTOP-OFJ6N53", "TimeCreated": "2023-04-26 10:05:04.354824+00:00", "RecordID": "91", "Level": "4", "UserID": "S-1-5-18", "EventData.DriveId": "{ce4fb955-e419-11ed-a712-806e6f6e6963}", "EventData.PoolId": "{00000000-0000-0000-0000-000000000000}", "EventData.DeviceNumber": "0", "EventData.DriveManufacturer": "VMware", "EventData.DriveModel": "Virtual disk", "EventData.DriveSerial": "NULL"}
