{"EventID": "0", "Channel": "Microsoft-Windows-Hyper-V-VmSwitch-Operational", "Provider_Name": "Microsoft-Windows-Hyper-V-VmSwitch", "Computer": "DESKTOP-OFJ6N53", "TimeCreated": "2025-07-09 14:39:51.185549+00:00", "RecordID": "5193", "Level": "5", "UserID": "S-1-5-18", "EventData.ioctlCode": "0x00000d15"}
{"EventID": "0", "Channel": "Microsoft-Windows-Hyper-V-VmSwitch-Operational", "Provider_Name": "Microsoft-Windows-Hyper-V-VmSwitch", "Computer": "DESKTOP-OFJ6N53", "TimeCreated": "2025-07-09 14:39:51.185551+00:00", "RecordID": "5194", "Level": "5", "UserID": "S-1-5-18", "EventData.ioctlCode": "0x00000d15", "EventData.delta (100 ns)": "40", "EventData.ntStatus": "2147483653"}
{"EventID": "0", "Channel": "Microsoft-Windows-Hyper-V-VmSwitch-Operational", "Provider_Name": "Microsoft-Windows-Hyper-V-VmSwitch", "Computer": "DESKTOP-OFJ6N53", "TimeCreated": "2025-07-09 14:39:51.185555+00:00", "RecordID": "5195", "Level": "5", "UserID": "S-1-5-18", "EventData.ioctlCode": "0x00000d15"}
{"EventID": "0", "Channel": "Microsoft-Windows-Hyper-V-VmSwitch-Operational", "Provider_Name": "Microsoft-Windows-Hyper-V-VmSwitch", "Computer": "DESKTOP-OFJ6N53", "TimeCreated": "2025-07-09 14:39:51.185558+00:00", "RecordID": "5196", "Level": "5", "UserID": "S-1-5-18", "EventData.ioctlCode": "0x00000d15", "EventData.delta (100 ns)": "27", "EventData.ntStatus": "0"}
{"EventID": "0", "Channel": "Microsoft-Windows-Hyper-V-VmSwitch-Operational", "Provider_Name": "Microsoft-Windows-Hyper-V-VmSwitch", "Computer": "DESKTOP-OFJ6N53", "TimeCreated": "2025-07-09 14:39:51.353708+00:00", "RecordID": "5197", "Level": "5", "UserID": "S-1-5-18", "EventData.ioctlCode": "0x0000081f"}
{"EventID": "0", "Channel": "Microsoft-Windows-Hyper-V-VmSwitch-Operational", "Provider_Name": "Microsoft-Windows-Hyper-V-VmSwitch", "Computer": "DESKTOP-OFJ6N53", "TimeCreated": "2025-07-09 14:39:51.353718+00:00", "RecordID": "5198", "Level": "5", "UserID": "S-1-5-18", "EventData.ioctlCode": "0x0000081f", "EventData.delta (100 ns)": "115", "EventData.ntStatus": "0"}
{"EventID": "0", "Channel": "Microsoft-Windows-Hyper-V-VmSwitch-Operational", "Provider_Name": "Microsoft-Windows-Hyper-V-VmSwitch", "Computer": "DESKTOP-OFJ6N53", "TimeCreated": "2025-07-09 14:39:52.999823+00:00", "RecordID": "5199", "Level": "5", "UserID": "S-1-5-18", "EventData.ioctlCode": "0x0000081f"}
{"EventID": "0", "Channel": "Microsoft-Windows-Hyper-V-VmSwitch-Operational", "Provider_Name": "Microsoft-Windows-Hyper-V-VmSwitch", "Computer": "DESKTOP-OFJ6N53", "TimeCreated": "2025-07-09 14:39:52.999828+00:00", "RecordID": "5200", "Level": "5", "UserID": "S-1-5-18", "EventData.ioctlCode": "0x0000081f", "EventData.delta (100 ns)": "91", "EventData.ntStatus": "0"}
{"EventID": "0", "Channel": "Microsoft-Windows-Hyper-V-VmSwitch-Operational", "Provider_Name": "Microsoft-Windows-Hyper-V-VmSwitch", "Computer": "DESKTOP-OFJ6N53", "TimeCreated": "2025-07-09 14:39:53.000740+00:00", "RecordID": "5201", "Level": "5", "UserID": "S-1-5-18", "EventData.ioctlCode": "0x00000d12"}
{"EventID": "0", "Channel": "Microsoft-Windows-Hyper-V-VmSwitch-Operational", "Provider_Name": "Microsoft-Windows-Hyper-V-VmSwitch", "Computer": "DESKTOP-OFJ6N53", "TimeCreated": "2025-07-09 14:39:53.000750+00:00", "RecordID": "5202", "Level": "5", "UserID": "S-1-5-18", "EventData.ioctlCode": "0x00000d12", "EventData.delta (100 ns)": "129", "EventData.ntStatus": "2147483653"}
{"EventID": "0", "Channel": "Microsoft-Windows-Hyper-V-VmSwitch-Operational", "Provider_Name": "Microsoft-Windows-Hyper-V-VmSwitch", "Computer": "DESKTOP-OFJ6N53", "TimeCreated": "2025-07-09 14:39:53.000769+00:00", "RecordID": "5203", "Level": "5", "UserID": "S-1-5-18", "EventData.ioctlCode": "0x00000d12"}
{"EventID": "0", "Channel": "Microsoft-Windows-Hyper-V-VmSwitch-Operational", "Provider_Name": "Microsoft-Windows-Hyper-V-VmSwitch", "Computer": "DESKTOP-OFJ6N53", "TimeCreated": "2025-07-09 14:39:53.000803+00:00", "RecordID": "5204", "Level": "5", "UserID": "S-1-5-18", "EventData.ioctlCode": "0x00000d12", "EventData.delta (100 ns)": "325", "EventData.ntStatus": "3221225524"}
{"EventID": "0", "Channel": "Microsoft-Windows-Hyper-V-VmSwitch-Operational", "Provider_Name": "Microsoft-Windows-Hyper-V-VmSwitch", "Computer": "DESKTOP-OFJ6N53", "TimeCreated": "2025-07-09 14:39:53.007401+00:00", "RecordID": "5205", "Level": "5", "UserID": "S-1-5-18", "EventData.ioctlCode": "0x0000081f"}
{"EventID": "0", "Channel": "Microsoft-Windows-Hyper-V-VmSwitch-Operational", "Provider_Name": "Microsoft-Windows-Hyper-V-VmSwitch", "Computer": "DESKTOP-OFJ6N53", "TimeCreated": "2025-07-09 14:39:53.007408+00:00", "RecordID": "5206", "Level": "5", "UserID": "S-1-5-18", "EventData.ioctlCode": "0x0000081f", "EventData.delta (100 ns)": "109", "EventData.ntStatus": "0"}
{"EventID": "0", "Channel": "Microsoft-Windows-Hyper-V-VmSwitch-Operational", "Provider_Name": "Microsoft-Windows-Hyper-V-VmSwitch", "Computer": "DESKTOP-OFJ6N53", "TimeCreated": "2025-07-09 14:39:53.007591+00:00", "RecordID": "5207", "Level": "5", "UserID": "S-1-5-18", "EventData.ioctlCode": "0x0000081f"}
{"EventID": "0", "Channel": "Microsoft-Windows-Hyper-V-VmSwitch-Operational", "Provider_Name": "Microsoft-Windows-Hyper-V-VmSwitch", "Computer": "DESKTOP-OFJ6N53", "TimeCreated": "2025-07-09 14:39:53.007595+00:00", "RecordID": "5208", "Level": "5", "UserID": "S-1-5-18", "EventData.ioctlCode": "0x0000081f", "EventData.delta (100 ns)": "36", "EventData.ntStatus": "0"}
{"EventID": "0", "Channel": "Microsoft-Windows-Hyper-V-VmSwitch-Operational", "Provider_Name": "Microsoft-Windows-Hyper-V-VmSwitch", "Computer": "DESKTOP-OFJ6N53", "TimeCreated": "2025-07-09 14:39:53.007675+00:00", "RecordID": "5209", "Level": "5", "UserID": "S-1-5-18", "EventData.ioctlCode": "0x00000d35"}
{"EventID": "0", "Channel": "Microsoft-Windows-Hyper-V-VmSwitch-Operational", "Provider_Name": "Microsoft-Windows-Hyper-V-VmSwitch", "Computer": "DESKTOP-OFJ6N53", "TimeCreated": "2025-07-09 14:39:53.007681+00:00", "RecordID": "5210", "Level": "5", "UserID": "S-1-5-18", "EventData.ioctlCode": "0x00000d35", "EventData.delta (100 ns)": "86", "EventData.ntStatus": "2147483653"}
{"EventID": "0", "Channel": "Microsoft-Windows-Hyper-V-VmSwitch-Operational", "Provider_Name": "Microsoft-Windows-Hyper-V-VmSwitch", "Computer": "DESKTOP-OFJ6N53", "TimeCreated": "2025-07-09 14:39:53.007687+00:00", "RecordID": "5211", "Level": "5", "UserID": "S-1-5-18", "EventData.ioctlCode": "0x00000d35"}
{"EventID": "0", "Channel": "Microsoft-Windows-Hyper-V-VmSwitch-Operational", "Provider_Name": "Microsoft-Windows-Hyper-V-VmSwitch", "Computer": "DESKTOP-OFJ6N53", "TimeCreated": "2025-07-09 14:39:53.007689+00:00", "RecordID": "5212", "Level": "5", "UserID": "S-1-5-18", "EventData.ioctlCode": "0x00000d35", "EventData.delta (100 ns)": "34", "EventData.ntStatus": "0"}
{"EventID": "0", "Channel": "Microsoft-Windows-Hyper-V-VmSwitch-Operational", "Provider_Name": "Microsoft-Windows-Hyper-V-VmSwitch", "Computer": "DESKTOP-OFJ6N53", "TimeCreated": "2025-07-09 14:39:53.194067+00:00", "RecordID": "5213", "Level": "5", "UserID": "S-1-5-18", "EventData.ioctlCode": "0x0000081f"}
{"EventID": "0", "Channel": "Microsoft-Windows-Hyper-V-VmSwitch-Operational", "Provider_Name": "Microsoft-Windows-Hyper-V-VmSwitch", "Computer": "DESKTOP-OFJ6N53", "TimeCreated": "2025-07-09 14:39:53.194073+00:00", "RecordID": "5214", "Level": "5", "UserID": "S-1-5-18", "EventData.ioctlCode": "0x0000081f", "EventData.delta (100 ns)": "101", "EventData.ntStatus": "0"}
{"EventID": "0", "Channel": "Microsoft-Windows-Hyper-V-VmSwitch-Operational", "Provider_Name": "Microsoft-Windows-Hyper-V-VmSwitch", "Computer": "DESKTOP-OFJ6N53", "TimeCreated": "2025-07-09 14:39:55.023899+00:00", "RecordID": "5215", "Level": "5", "UserID": "S-1-5-18", "EventData.ioctlCode": "0x0000081f"}
{"EventID": "0", "Channel": "Microsoft-Windows-Hyper-V-VmSwitch-Operational", "Provider_Name": "Microsoft-Windows-Hyper-V-VmSwitch", "Computer": "DESKTOP-OFJ6N53", "TimeCreated": "2025-07-09 14:39:55.023907+00:00", "RecordID": "5216", "Level": "5", "UserID": "S-1-5-18", "EventData.ioctlCode": "0x0000081f", "EventData.delta (100 ns)": "93", "EventData.ntStatus": "0"}
{"EventID": "0", "Channel": "Microsoft-Windows-Hyper-V-VmSwitch-Operational", "Provider_Name": "Microsoft-Windows-Hyper-V-VmSwitch", "Computer": "DESKTOP-OFJ6N53", "TimeCreated": "2025-07-09 14:39:55.024019+00:00", "RecordID": "5217", "Level": "5", "UserID": "S-1-5-18", "EventData.ioctlCode": "0x00000d35"}
{"EventID": "0", "Channel": "Microsoft-Windows-Hyper-V-VmSwitch-Operational", "Provider_Name": "Microsoft-Windows-Hyper-V-VmSwitch", "Computer": "DESKTOP-OFJ6N53", "TimeCreated": "2025-07-09 14:39:55.024025+00:00", "RecordID": "5218", "Level": "5", "UserID": "S-1-5-18", "EventData.ioctlCode": "0x00000d35", "EventData.delta (100 ns)": "96", "EventData.ntStatus": "2147483653"}
{"EventID": "0", "Channel": "Microsoft-Windows-Hyper-V-VmSwitch-Operational", "Provider_Name": "Microsoft-Windows-Hyper-V-VmSwitch", "Computer": "DESKTOP-OFJ6N53", "TimeCreated": "2025-07-09 14:39:55.024031+00:00", "RecordID": "5219", "Level": "5", "UserID": "S-1-5-18", "EventData.ioctlCode": "0x00000d35"}
{"EventID": "0", "Channel": "Microsoft-Windows-Hyper-V-VmSwitch-Operational", "Provider_Name": "Microsoft-Windows-Hyper-V-VmSwitch", "Computer": "DESKTOP-OFJ6N53", "TimeCreated": "2025-07-09 14:39:55.024035+00:00", "RecordID": "5220", "Level": "5", "UserID": "S-1-5-18", "EventData.ioctlCode": "0x00000d35", "EventData.delta (100 ns)": "33", "EventData.ntStatus": "0"}
{"EventID": "0", "Channel": "Microsoft-Windows-Hyper-V-VmSwitch-Operational", "Provider_Name": "Microsoft-Windows-Hyper-V-VmSwitch", "Computer": "DESKTOP-OFJ6N53", "TimeCreated": "2025-07-09 14:39:55.207098+00:00", "RecordID": "5221", "Level": "5", "UserID": "S-1-5-18", "EventData.ioctlCode": "0x0000081f"}
{"EventID": "0", "Channel": "Microsoft-Windows-Hyper-V-VmSwitch-Operational", "Provider_Name": "Microsoft-Windows-Hyper-V-VmSwitch", "Computer": "DESKTOP-OFJ6N53", "TimeCreated": "2025-07-09 14:39:55.207106+00:00", "RecordID": "5222", "Level": "5", "UserID": "S-1-5-18", "EventData.ioctlCode": "0x0000081f", "EventData.delta (100 ns)": "115", "EventData.ntStatus": "0"}
{"EventID": "0", "Channel": "Microsoft-Windows-Hyper-V-VmSwitch-Operational", "Provider_Name": "Microsoft-Windows-Hyper-V-VmSwitch", "Computer": "DESKTOP-OFJ6N53", "TimeCreated": "2025-07-09 14:39:55.763462+00:00", "RecordID": "5223", "Level": "5", "UserID": "S-1-5-18", "EventData.ioctlCode": "0x0000081f"}
{"EventID": "0", "Channel": "Microsoft-Windows-Hyper-V-VmSwitch-Operational", "Provider_Name": "Microsoft-Windows-Hyper-V-VmSwitch", "Computer": "DESKTOP-OFJ6N53", "TimeCreated": "2025-07-09 14:39:55.763474+00:00", "RecordID": "5224", "Level": "5", "UserID": "S-1-5-18", "EventData.ioctlCode": "0x0000081f", "EventData.delta (100 ns)": "137", "EventData.ntStatus": "0"}
{"EventID": "0", "Channel": "Microsoft-Windows-Hyper-V-VmSwitch-Operational", "Provider_Name": "Microsoft-Windows-Hyper-V-VmSwitch", "Computer": "DESKTOP-OFJ6N53", "TimeCreated": "2025-07-09 14:39:55.763542+00:00", "RecordID": "5225", "Level": "5", "UserID": "S-1-5-18", "EventData.ioctlCode": "0x00000d15"}
{"EventID": "0", "Channel": "Microsoft-Windows-Hyper-V-VmSwitch-Operational", "Provider_Name": "Microsoft-Windows-Hyper-V-VmSwitch", "Computer": "DESKTOP-OFJ6N53", "TimeCreated": "2025-07-09 14:39:55.763548+00:00", "RecordID": "5226", "Level": "5", "UserID": "S-1-5-18", "EventData.ioctlCode": "0x00000d15", "EventData.delta (100 ns)": "73", "EventData.ntStatus": "2147483653"}
{"EventID": "0", "Channel": "Microsoft-Windows-Hyper-V-VmSwitch-Operational", "Provider_Name": "Microsoft-Windows-Hyper-V-VmSwitch", "Computer": "DESKTOP-OFJ6N53", "TimeCreated": "2025-07-09 14:39:55.763556+00:00", "RecordID": "5227", "Level": "5", "UserID": "S-1-5-18", "EventData.ioctlCode": "0x00000d15"}
{"EventID": "0", "Channel": "Microsoft-Windows-Hyper-V-VmSwitch-Operational", "Provider_Name": "Microsoft-Windows-Hyper-V-VmSwitch", "Computer": "DESKTOP-OFJ6N53", "TimeCreated": "2025-07-09 14:39:55.763559+00:00", "RecordID": "5228", "Level": "5", "UserID": "S-1-5-18", "EventData.ioctlCode": "0x00000d15", "EventData.delta (100 ns)": "52", "EventData.ntStatus": "0"}
{"EventID": "0", "Channel": "Microsoft-Windows-Hyper-V-VmSwitch-Operational", "Provider_Name": "Microsoft-Windows-Hyper-V-VmSwitch", "Computer": "DESKTOP-OFJ6N53", "TimeCreated": "2025-07-24 21:29:45.215714+00:00", "RecordID": "5229", "Level": "4", "UserID": "S-1-5-18", "EventData.State": "Started Loading", "EventData.Function": "DriverEntry"}
{"EventID": "0", "Channel": "Microsoft-Windows-Hyper-V-VmSwitch-Operational", "Provider_Name": "Microsoft-Windows-Hyper-V-VmSwitch", "Computer": "DESKTOP-OFJ6N53", "TimeCreated": "2025-07-24 21:29:45.217390+00:00", "RecordID": "5230", "Level": "4", "UserID": "S-1-5-18", "EventData.State": "Installed and Started.", "EventData.Function": "DriverEntry", "EventData.delta (100 ns)": "22343", "EventData.Status": "0"}
{"EventID": "0", "Channel": "Microsoft-Windows-Hyper-V-VmSwitch-Operational", "Provider_Name": "Microsoft-Windows-Hyper-V-VmSwitch", "Computer": "DESKTOP-OFJ6N53", "TimeCreated": "2025-07-24 21:29:45.223248+00:00", "RecordID": "5231", "Level": "4", "UserID": "S-1-5-18", "EventData.netPnpEvent": "NetEventBindsComplete", "EventData.nicName_Length": "0", "EventData.nicName": null, "EventData.nicFriendlyName_Length": "0", "EventData.nicFriendlyName": null, "EventData.switchName_Length": "0", "EventData.switchName": null, "EventData.switchFriendlyName_Length": "0", "EventData.switchFriendlyName": null}
{"EventID": "0", "Channel": "Microsoft-Windows-Hyper-V-VmSwitch-Operational", "Provider_Name": "Microsoft-Windows-Hyper-V-VmSwitch", "Computer": "DESKTOP-OFJ6N53", "TimeCreated": "2025-07-24 21:29:45.223251+00:00", "RecordID": "5232", "Level": "4", "UserID": "S-1-5-18", "EventData.netPnpEvent": "NetEventBindsComplete", "EventData.nicName_Length": "0", "EventData.nicName": null, "EventData.nicFriendlyName_Length": "0", "EventData.nicFriendlyName": null, "EventData.switchName_Length": "0", "EventData.switchName": null, "EventData.switchFriendlyName_Length": "0", "EventData.switchFriendlyName": null, "EventData.delta (100 ns)": "58", "EventData.Status": "0"}
{"EventID": "0", "Channel": "Microsoft-Windows-Hyper-V-VmSwitch-Operational", "Provider_Name": "Microsoft-Windows-Hyper-V-VmSwitch", "Computer": "DESKTOP-OFJ6N53", "TimeCreated": "2025-07-24 21:29:45.223259+00:00", "RecordID": "5233", "Level": "4", "UserID": "S-1-5-18", "EventData.netPnpEvent": "NetEventBindsComplete", "EventData.switchName_Length": "0", "EventData.switchName": null, "EventData.switchFriendlyName_Length": "0", "EventData.switchFriendlyName": null}
{"EventID": "0", "Channel": "Microsoft-Windows-Hyper-V-VmSwitch-Operational", "Provider_Name": "Microsoft-Windows-Hyper-V-VmSwitch", "Computer": "DESKTOP-OFJ6N53", "TimeCreated": "2025-07-24 21:29:45.223261+00:00", "RecordID": "5234", "Level": "4", "UserID": "S-1-5-18", "EventData.netPnpEvent": "NetEventBindsComplete", "EventData.switchName_Length": "0", "EventData.switchName": null, "EventData.switchFriendlyName_Length": "0", "EventData.switchFriendlyName": null, "EventData.delta (100 ns)": "26", "EventData.Status": "0"}
{"EventID": "0", "Channel": "Microsoft-Windows-Hyper-V-VmSwitch-Operational", "Provider_Name": "Microsoft-Windows-Hyper-V-VmSwitch", "Computer": "DESKTOP-OFJ6N53", "TimeCreated": "2025-07-24 21:29:45.506695+00:00", "RecordID": "5235", "Level": "5", "UserID": "S-1-5-18", "EventData.ioctlCode": "0x0000081f"}
{"EventID": "0", "Channel": "Microsoft-Windows-Hyper-V-VmSwitch-Operational", "Provider_Name": "Microsoft-Windows-Hyper-V-VmSwitch", "Computer": "DESKTOP-OFJ6N53", "TimeCreated": "2025-07-24 21:29:45.506704+00:00", "RecordID": "5236", "Level": "5", "UserID": "S-1-5-18", "EventData.ioctlCode": "0x0000081f", "EventData.delta (100 ns)": "95", "EventData.ntStatus": "0"}
{"EventID": "0", "Channel": "Microsoft-Windows-Hyper-V-VmSwitch-Operational", "Provider_Name": "Microsoft-Windows-Hyper-V-VmSwitch", "Computer": "DESKTOP-OFJ6N53", "TimeCreated": "2025-07-24 21:29:45.583403+00:00", "RecordID": "5237", "Level": "5", "UserID": "S-1-5-18", "EventData.ioctlCode": "0x0000081f"}
{"EventID": "0", "Channel": "Microsoft-Windows-Hyper-V-VmSwitch-Operational", "Provider_Name": "Microsoft-Windows-Hyper-V-VmSwitch", "Computer": "DESKTOP-OFJ6N53", "TimeCreated": "2025-07-24 21:29:45.583410+00:00", "RecordID": "5238", "Level": "5", "UserID": "S-1-5-18", "EventData.ioctlCode": "0x0000081f", "EventData.delta (100 ns)": "101", "EventData.ntStatus": "0"}
{"EventID": "0", "Channel": "Microsoft-Windows-Hyper-V-VmSwitch-Operational", "Provider_Name": "Microsoft-Windows-Hyper-V-VmSwitch", "Computer": "DESKTOP-OFJ6N53", "TimeCreated": "2025-07-24 21:29:45.583460+00:00", "RecordID": "5239", "Level": "5", "UserID": "S-1-5-18", "EventData.ioctlCode": "0x00000d35"}
{"EventID": "0", "Channel": "Microsoft-Windows-Hyper-V-VmSwitch-Operational", "Provider_Name": "Microsoft-Windows-Hyper-V-VmSwitch", "Computer": "DESKTOP-OFJ6N53", "TimeCreated": "2025-07-24 21:29:45.583464+00:00", "RecordID": "5240", "Level": "5", "UserID": "S-1-5-18", "EventData.ioctlCode": "0x00000d35", "EventData.delta (100 ns)": "35", "EventData.ntStatus": "2147483653"}
{"EventID": "0", "Channel": "Microsoft-Windows-Hyper-V-VmSwitch-Operational", "Provider_Name": "Microsoft-Windows-Hyper-V-VmSwitch", "Computer": "DESKTOP-OFJ6N53", "TimeCreated": "2025-07-24 21:29:45.583467+00:00", "RecordID": "5241", "Level": "5", "UserID": "S-1-5-18", "EventData.ioctlCode": "0x00000d35"}
{"EventID": "0", "Channel": "Microsoft-Windows-Hyper-V-VmSwitch-Operational", "Provider_Name": "Microsoft-Windows-Hyper-V-VmSwitch", "Computer": "DESKTOP-OFJ6N53", "TimeCreated": "2025-07-24 21:29:45.583469+00:00", "RecordID": "5242", "Level": "5", "UserID": "S-1-5-18", "EventData.ioctlCode": "0x00000d35", "EventData.delta (100 ns)": "29", "EventData.ntStatus": "0"}
{"EventID": "0", "Channel": "Microsoft-Windows-Hyper-V-VmSwitch-Operational", "Provider_Name": "Microsoft-Windows-Hyper-V-VmSwitch", "Computer": "DESKTOP-OFJ6N53", "TimeCreated": "2025-07-24 21:29:45.583942+00:00", "RecordID": "5243", "Level": "5", "UserID": "S-1-5-18", "EventData.ioctlCode": "0x0000081f"}
{"EventID": "0", "Channel": "Microsoft-Windows-Hyper-V-VmSwitch-Operational", "Provider_Name": "Microsoft-Windows-Hyper-V-VmSwitch", "Computer": "DESKTOP-OFJ6N53", "TimeCreated": "2025-07-24 21:29:45.583948+00:00", "RecordID": "5244", "Level": "5", "UserID": "S-1-5-18", "EventData.ioctlCode": "0x0000081f", "EventData.delta (100 ns)": "76", "EventData.ntStatus": "0"}
{"EventID": "0", "Channel": "Microsoft-Windows-Hyper-V-VmSwitch-Operational", "Provider_Name": "Microsoft-Windows-Hyper-V-VmSwitch", "Computer": "DESKTOP-OFJ6N53", "TimeCreated": "2025-07-24 21:29:45.584044+00:00", "RecordID": "5245", "Level": "5", "UserID": "S-1-5-18", "EventData.ioctlCode": "0x00000d15"}
{"EventID": "0", "Channel": "Microsoft-Windows-Hyper-V-VmSwitch-Operational", "Provider_Name": "Microsoft-Windows-Hyper-V-VmSwitch", "Computer": "DESKTOP-OFJ6N53", "TimeCreated": "2025-07-24 21:29:45.584049+00:00", "RecordID": "5246", "Level": "5", "UserID": "S-1-5-18", "EventData.ioctlCode": "0x00000d15", "EventData.delta (100 ns)": "42", "EventData.ntStatus": "2147483653"}
{"EventID": "0", "Channel": "Microsoft-Windows-Hyper-V-VmSwitch-Operational", "Provider_Name": "Microsoft-Windows-Hyper-V-VmSwitch", "Computer": "DESKTOP-OFJ6N53", "TimeCreated": "2025-07-24 21:29:45.584053+00:00", "RecordID": "5247", "Level": "5", "UserID": "S-1-5-18", "EventData.ioctlCode": "0x00000d15"}
{"EventID": "0", "Channel": "Microsoft-Windows-Hyper-V-VmSwitch-Operational", "Provider_Name": "Microsoft-Windows-Hyper-V-VmSwitch", "Computer": "DESKTOP-OFJ6N53", "TimeCreated": "2025-07-24 21:29:45.584055+00:00", "RecordID": "5248", "Level": "5", "UserID": "S-1-5-18", "EventData.ioctlCode": "0x00000d15", "EventData.delta (100 ns)": "34", "EventData.ntStatus": "0"}
{"EventID": "0", "Channel": "Microsoft-Windows-Hyper-V-VmSwitch-Operational", "Provider_Name": "Microsoft-Windows-Hyper-V-VmSwitch", "Computer": "DESKTOP-OFJ6N53", "TimeCreated": "2025-07-24 21:29:45.681927+00:00", "RecordID": "5249", "Level": "5", "UserID": "S-1-5-18", "EventData.ioctlCode": "0x0000081f"}
{"EventID": "0", "Channel": "Microsoft-Windows-Hyper-V-VmSwitch-Operational", "Provider_Name": "Microsoft-Windows-Hyper-V-VmSwitch", "Computer": "DESKTOP-OFJ6N53", "TimeCreated": "2025-07-24 21:29:45.681934+00:00", "RecordID": "5250", "Level": "5", "UserID": "S-1-5-18", "EventData.ioctlCode": "0x0000081f", "EventData.delta (100 ns)": "113", "EventData.ntStatus": "0"}
{"EventID": "0", "Channel": "Microsoft-Windows-Hyper-V-VmSwitch-Operational", "Provider_Name": "Microsoft-Windows-Hyper-V-VmSwitch", "Computer": "DESKTOP-OFJ6N53", "TimeCreated": "2025-07-24 21:29:46.142084+00:00", "RecordID": "5251", "Level": "5", "UserID": "S-1-5-18", "EventData.ioctlCode": "0x0000081f"}
{"EventID": "0", "Channel": "Microsoft-Windows-Hyper-V-VmSwitch-Operational", "Provider_Name": "Microsoft-Windows-Hyper-V-VmSwitch", "Computer": "DESKTOP-OFJ6N53", "TimeCreated": "2025-07-24 21:29:46.142090+00:00", "RecordID": "5252", "Level": "5", "UserID": "S-1-5-18", "EventData.ioctlCode": "0x0000081f", "EventData.delta (100 ns)": "96", "EventData.ntStatus": "0"}
{"EventID": "0", "Channel": "Microsoft-Windows-Hyper-V-VmSwitch-Operational", "Provider_Name": "Microsoft-Windows-Hyper-V-VmSwitch", "Computer": "DESKTOP-OFJ6N53", "TimeCreated": "2025-07-24 21:29:46.143892+00:00", "RecordID": "5253", "Level": "5", "UserID": "S-1-5-18", "EventData.ioctlCode": "0x00000d12"}
{"EventID": "0", "Channel": "Microsoft-Windows-Hyper-V-VmSwitch-Operational", "Provider_Name": "Microsoft-Windows-Hyper-V-VmSwitch", "Computer": "DESKTOP-OFJ6N53", "TimeCreated": "2025-07-24 21:29:46.143906+00:00", "RecordID": "5254", "Level": "5", "UserID": "S-1-5-18", "EventData.ioctlCode": "0x00000d12", "EventData.delta (100 ns)": "166", "EventData.ntStatus": "2147483653"}
{"EventID": "0", "Channel": "Microsoft-Windows-Hyper-V-VmSwitch-Operational", "Provider_Name": "Microsoft-Windows-Hyper-V-VmSwitch", "Computer": "DESKTOP-OFJ6N53", "TimeCreated": "2025-07-24 21:29:46.143923+00:00", "RecordID": "5255", "Level": "5", "UserID": "S-1-5-18", "EventData.ioctlCode": "0x00000d12"}
{"EventID": "0", "Channel": "Microsoft-Windows-Hyper-V-VmSwitch-Operational", "Provider_Name": "Microsoft-Windows-Hyper-V-VmSwitch", "Computer": "DESKTOP-OFJ6N53", "TimeCreated": "2025-07-24 21:29:46.143951+00:00", "RecordID": "5256", "Level": "5", "UserID": "S-1-5-18", "EventData.ioctlCode": "0x00000d12", "EventData.delta (100 ns)": "287", "EventData.ntStatus": "3221225524"}
{"EventID": "0", "Channel": "Microsoft-Windows-Hyper-V-VmSwitch-Operational", "Provider_Name": "Microsoft-Windows-Hyper-V-VmSwitch", "Computer": "DESKTOP-OFJ6N53", "TimeCreated": "2025-07-24 21:29:46.155062+00:00", "RecordID": "5257", "Level": "5", "UserID": "S-1-5-18", "EventData.ioctlCode": "0x0000081f"}
{"EventID": "0", "Channel": "Microsoft-Windows-Hyper-V-VmSwitch-Operational", "Provider_Name": "Microsoft-Windows-Hyper-V-VmSwitch", "Computer": "DESKTOP-OFJ6N53", "TimeCreated": "2025-07-24 21:29:46.155069+00:00", "RecordID": "5258", "Level": "5", "UserID": "S-1-5-18", "EventData.ioctlCode": "0x0000081f", "EventData.delta (100 ns)": "89", "EventData.ntStatus": "0"}
{"EventID": "0", "Channel": "Microsoft-Windows-Hyper-V-VmSwitch-Operational", "Provider_Name": "Microsoft-Windows-Hyper-V-VmSwitch", "Computer": "DESKTOP-OFJ6N53", "TimeCreated": "2025-07-24 21:29:46.155218+00:00", "RecordID": "5259", "Level": "5", "UserID": "S-1-5-18", "EventData.ioctlCode": "0x0000081f"}
{"EventID": "0", "Channel": "Microsoft-Windows-Hyper-V-VmSwitch-Operational", "Provider_Name": "Microsoft-Windows-Hyper-V-VmSwitch", "Computer": "DESKTOP-OFJ6N53", "TimeCreated": "2025-07-24 21:29:46.155226+00:00", "RecordID": "5260", "Level": "5", "UserID": "S-1-5-18", "EventData.ioctlCode": "0x0000081f", "EventData.delta (100 ns)": "60", "EventData.ntStatus": "0"}
{"EventID": "0", "Channel": "Microsoft-Windows-Hyper-V-VmSwitch-Operational", "Provider_Name": "Microsoft-Windows-Hyper-V-VmSwitch", "Computer": "DESKTOP-OFJ6N53", "TimeCreated": "2025-07-24 21:29:46.155256+00:00", "RecordID": "5261", "Level": "5", "UserID": "S-1-5-18", "EventData.ioctlCode": "0x00000d35"}
{"EventID": "0", "Channel": "Microsoft-Windows-Hyper-V-VmSwitch-Operational", "Provider_Name": "Microsoft-Windows-Hyper-V-VmSwitch", "Computer": "DESKTOP-OFJ6N53", "TimeCreated": "2025-07-24 21:29:46.155258+00:00", "RecordID": "5262", "Level": "5", "UserID": "S-1-5-18", "EventData.ioctlCode": "0x00000d35", "EventData.delta (100 ns)": "29", "EventData.ntStatus": "2147483653"}
{"EventID": "0", "Channel": "Microsoft-Windows-Hyper-V-VmSwitch-Operational", "Provider_Name": "Microsoft-Windows-Hyper-V-VmSwitch", "Computer": "DESKTOP-OFJ6N53", "TimeCreated": "2025-07-24 21:29:46.155260+00:00", "RecordID": "5263", "Level": "5", "UserID": "S-1-5-18", "EventData.ioctlCode": "0x00000d35"}
{"EventID": "0", "Channel": "Microsoft-Windows-Hyper-V-VmSwitch-Operational", "Provider_Name": "Microsoft-Windows-Hyper-V-VmSwitch", "Computer": "DESKTOP-OFJ6N53", "TimeCreated": "2025-07-24 21:29:46.155266+00:00", "RecordID": "5264", "Level": "5", "UserID": "S-1-5-18", "EventData.ioctlCode": "0x00000d35", "EventData.delta (100 ns)": "33", "EventData.ntStatus": "0"}
{"EventID": "0", "Channel": "Microsoft-Windows-Hyper-V-VmSwitch-Operational", "Provider_Name": "Microsoft-Windows-Hyper-V-VmSwitch", "Computer": "DESKTOP-OFJ6N53", "TimeCreated": "2025-07-24 21:29:46.308956+00:00", "RecordID": "5265", "Level": "5", "UserID": "S-1-5-18", "EventData.ioctlCode": "0x0000081f"}
{"EventID": "0", "Channel": "Microsoft-Windows-Hyper-V-VmSwitch-Operational", "Provider_Name": "Microsoft-Windows-Hyper-V-VmSwitch", "Computer": "DESKTOP-OFJ6N53", "TimeCreated": "2025-07-24 21:29:46.308964+00:00", "RecordID": "5266", "Level": "5", "UserID": "S-1-5-18", "EventData.ioctlCode": "0x0000081f", "EventData.delta (100 ns)": "106", "EventData.ntStatus": "0"}
{"EventID": "0", "Channel": "Microsoft-Windows-Hyper-V-VmSwitch-Operational", "Provider_Name": "Microsoft-Windows-Hyper-V-VmSwitch", "Computer": "DESKTOP-OFJ6N53", "TimeCreated": "2025-07-24 21:29:47.174007+00:00", "RecordID": "5267", "Level": "5", "UserID": "S-1-5-18", "EventData.ioctlCode": "0x0000081f"}
{"EventID": "0", "Channel": "Microsoft-Windows-Hyper-V-VmSwitch-Operational", "Provider_Name": "Microsoft-Windows-Hyper-V-VmSwitch", "Computer": "DESKTOP-OFJ6N53", "TimeCreated": "2025-07-24 21:29:47.174017+00:00", "RecordID": "5268", "Level": "5", "UserID": "S-1-5-18", "EventData.ioctlCode": "0x0000081f", "EventData.delta (100 ns)": "162", "EventData.ntStatus": "0"}
{"EventID": "0", "Channel": "Microsoft-Windows-Hyper-V-VmSwitch-Operational", "Provider_Name": "Microsoft-Windows-Hyper-V-VmSwitch", "Computer": "DESKTOP-OFJ6N53", "TimeCreated": "2025-07-24 21:29:47.174072+00:00", "RecordID": "5269", "Level": "5", "UserID": "S-1-5-18", "EventData.ioctlCode": "0x00000d35"}
{"EventID": "0", "Channel": "Microsoft-Windows-Hyper-V-VmSwitch-Operational", "Provider_Name": "Microsoft-Windows-Hyper-V-VmSwitch", "Computer": "DESKTOP-OFJ6N53", "TimeCreated": "2025-07-24 21:29:47.174076+00:00", "RecordID": "5270", "Level": "5", "UserID": "S-1-5-18", "EventData.ioctlCode": "0x00000d35", "EventData.delta (100 ns)": "35", "EventData.ntStatus": "2147483653"}
{"EventID": "0", "Channel": "Microsoft-Windows-Hyper-V-VmSwitch-Operational", "Provider_Name": "Microsoft-Windows-Hyper-V-VmSwitch", "Computer": "DESKTOP-OFJ6N53", "TimeCreated": "2025-07-24 21:29:47.174080+00:00", "RecordID": "5271", "Level": "5", "UserID": "S-1-5-18", "EventData.ioctlCode": "0x00000d35"}
{"EventID": "0", "Channel": "Microsoft-Windows-Hyper-V-VmSwitch-Operational", "Provider_Name": "Microsoft-Windows-Hyper-V-VmSwitch", "Computer": "DESKTOP-OFJ6N53", "TimeCreated": "2025-07-24 21:29:47.174082+00:00", "RecordID": "5272", "Level": "5", "UserID": "S-1-5-18", "EventData.ioctlCode": "0x00000d35", "EventData.delta (100 ns)": "28", "EventData.ntStatus": "0"}
{"EventID": "0", "Channel": "Microsoft-Windows-Hyper-V-VmSwitch-Operational", "Provider_Name": "Microsoft-Windows-Hyper-V-VmSwitch", "Computer": "DESKTOP-OFJ6N53", "TimeCreated": "2025-07-24 21:29:47.288876+00:00", "RecordID": "5273", "Level": "5", "UserID": "S-1-5-18", "EventData.ioctlCode": "0x0000081f"}
{"EventID": "0", "Channel": "Microsoft-Windows-Hyper-V-VmSwitch-Operational", "Provider_Name": "Microsoft-Windows-Hyper-V-VmSwitch", "Computer": "DESKTOP-OFJ6N53", "TimeCreated": "2025-07-24 21:29:47.288885+00:00", "RecordID": "5274", "Level": "5", "UserID": "S-1-5-18", "EventData.ioctlCode": "0x0000081f", "EventData.delta (100 ns)": "128", "EventData.ntStatus": "0"}
{"EventID": "0", "Channel": "Microsoft-Windows-Hyper-V-VmSwitch-Operational", "Provider_Name": "Microsoft-Windows-Hyper-V-VmSwitch", "Computer": "DESKTOP-OFJ6N53", "TimeCreated": "2025-07-24 21:29:47.498487+00:00", "RecordID": "5275", "Level": "5", "UserID": "S-1-5-18", "EventData.ioctlCode": "0x0000081f"}
{"EventID": "0", "Channel": "Microsoft-Windows-Hyper-V-VmSwitch-Operational", "Provider_Name": "Microsoft-Windows-Hyper-V-VmSwitch", "Computer": "DESKTOP-OFJ6N53", "TimeCreated": "2025-07-24 21:29:47.498493+00:00", "RecordID": "5276", "Level": "5", "UserID": "S-1-5-18", "EventData.ioctlCode": "0x0000081f", "EventData.delta (100 ns)": "83", "EventData.ntStatus": "0"}
{"EventID": "0", "Channel": "Microsoft-Windows-Hyper-V-VmSwitch-Operational", "Provider_Name": "Microsoft-Windows-Hyper-V-VmSwitch", "Computer": "DESKTOP-OFJ6N53", "TimeCreated": "2025-07-24 21:29:47.498541+00:00", "RecordID": "5277", "Level": "5", "UserID": "S-1-5-18", "EventData.ioctlCode": "0x00000d15"}
{"EventID": "0", "Channel": "Microsoft-Windows-Hyper-V-VmSwitch-Operational", "Provider_Name": "Microsoft-Windows-Hyper-V-VmSwitch", "Computer": "DESKTOP-OFJ6N53", "TimeCreated": "2025-07-24 21:29:47.498545+00:00", "RecordID": "5278", "Level": "5", "UserID": "S-1-5-18", "EventData.ioctlCode": "0x00000d15", "EventData.delta (100 ns)": "32", "EventData.ntStatus": "2147483653"}
{"EventID": "0", "Channel": "Microsoft-Windows-Hyper-V-VmSwitch-Operational", "Provider_Name": "Microsoft-Windows-Hyper-V-VmSwitch", "Computer": "DESKTOP-OFJ6N53", "TimeCreated": "2025-07-24 21:29:47.498549+00:00", "RecordID": "5279", "Level": "5", "UserID": "S-1-5-18", "EventData.ioctlCode": "0x00000d15"}
{"EventID": "0", "Channel": "Microsoft-Windows-Hyper-V-VmSwitch-Operational", "Provider_Name": "Microsoft-Windows-Hyper-V-VmSwitch", "Computer": "DESKTOP-OFJ6N53", "TimeCreated": "2025-07-24 21:29:47.498552+00:00", "RecordID": "5280", "Level": "5", "UserID": "S-1-5-18", "EventData.ioctlCode": "0x00000d15", "EventData.delta (100 ns)": "29", "EventData.ntStatus": "0"}
{"EventID": "0", "Channel": "Microsoft-Windows-Hyper-V-VmSwitch-Operational", "Provider_Name": "Microsoft-Windows-Hyper-V-VmSwitch", "Computer": "DESKTOP-OFJ6N53", "TimeCreated": "2025-07-31 08:03:33.920078+00:00", "RecordID": "5281", "Level": "4", "UserID": "S-1-5-18", "EventData.State": "Started Loading", "EventData.Function": "DriverEntry"}
{"EventID": "0", "Channel": "Microsoft-Windows-Hyper-V-VmSwitch-Operational", "Provider_Name": "Microsoft-Windows-Hyper-V-VmSwitch", "Computer": "DESKTOP-OFJ6N53", "TimeCreated": "2025-07-31 08:03:33.921251+00:00", "RecordID": "5282", "Level": "4", "UserID": "S-1-5-18", "EventData.State": "Installed and Started.", "EventData.Function": "DriverEntry", "EventData.delta (100 ns)": "17852", "EventData.Status": "0"}
{"EventID": "0", "Channel": "Microsoft-Windows-Hyper-V-VmSwitch-Operational", "Provider_Name": "Microsoft-Windows-Hyper-V-VmSwitch", "Computer": "DESKTOP-OFJ6N53", "TimeCreated": "2025-07-31 08:03:33.921587+00:00", "RecordID": "5283", "Level": "4", "UserID": "S-1-5-18", "EventData.netPnpEvent": "NetEventBindsComplete", "EventData.nicName_Length": "0", "EventData.nicName": null, "EventData.nicFriendlyName_Length": "0", "EventData.nicFriendlyName": null, "EventData.switchName_Length": "0", "EventData.switchName": null, "EventData.switchFriendlyName_Length": "0", "EventData.switchFriendlyName": null}
{"EventID": "0", "Channel": "Microsoft-Windows-Hyper-V-VmSwitch-Operational", "Provider_Name": "Microsoft-Windows-Hyper-V-VmSwitch", "Computer": "DESKTOP-OFJ6N53", "TimeCreated": "2025-07-31 08:03:33.921589+00:00", "RecordID": "5284", "Level": "4", "UserID": "S-1-5-18", "EventData.netPnpEvent": "NetEventBindsComplete", "EventData.nicName_Length": "0", "EventData.nicName": null, "EventData.nicFriendlyName_Length": "0", "EventData.nicFriendlyName": null, "EventData.switchName_Length": "0", "EventData.switchName": null, "EventData.switchFriendlyName_Length": "0", "EventData.switchFriendlyName": null, "EventData.delta (100 ns)": "50", "EventData.Status": "0"}
{"EventID": "0", "Channel": "Microsoft-Windows-Hyper-V-VmSwitch-Operational", "Provider_Name": "Microsoft-Windows-Hyper-V-VmSwitch", "Computer": "DESKTOP-OFJ6N53", "TimeCreated": "2025-07-31 08:03:33.921881+00:00", "RecordID": "5285", "Level": "4", "UserID": "S-1-5-18", "EventData.netPnpEvent": "NetEventBindsComplete", "EventData.switchName_Length": "0", "EventData.switchName": null, "EventData.switchFriendlyName_Length": "0", "EventData.switchFriendlyName": null}
{"EventID": "0", "Channel": "Microsoft-Windows-Hyper-V-VmSwitch-Operational", "Provider_Name": "Microsoft-Windows-Hyper-V-VmSwitch", "Computer": "DESKTOP-OFJ6N53", "TimeCreated": "2025-07-31 08:03:33.921885+00:00", "RecordID": "5286", "Level": "4", "UserID": "S-1-5-18", "EventData.netPnpEvent": "NetEventBindsComplete", "EventData.switchName_Length": "0", "EventData.switchName": null, "EventData.switchFriendlyName_Length": "0", "EventData.switchFriendlyName": null, "EventData.delta (100 ns)": "47", "EventData.Status": "0"}
{"EventID": "0", "Channel": "Microsoft-Windows-Hyper-V-VmSwitch-Operational", "Provider_Name": "Microsoft-Windows-Hyper-V-VmSwitch", "Computer": "DESKTOP-OFJ6N53", "TimeCreated": "2025-07-31 08:03:34.974964+00:00", "RecordID": "5287", "Level": "5", "UserID": "S-1-5-18", "EventData.ioctlCode": "0x0000081f"}
{"EventID": "0", "Channel": "Microsoft-Windows-Hyper-V-VmSwitch-Operational", "Provider_Name": "Microsoft-Windows-Hyper-V-VmSwitch", "Computer": "DESKTOP-OFJ6N53", "TimeCreated": "2025-07-31 08:03:34.974970+00:00", "RecordID": "5288", "Level": "5", "UserID": "S-1-5-18", "EventData.ioctlCode": "0x0000081f", "EventData.delta (100 ns)": "98", "EventData.ntStatus": "0"}
{"EventID": "0", "Channel": "Microsoft-Windows-Hyper-V-VmSwitch-Operational", "Provider_Name": "Microsoft-Windows-Hyper-V-VmSwitch", "Computer": "DESKTOP-OFJ6N53", "TimeCreated": "2025-07-31 08:03:35.035931+00:00", "RecordID": "5289", "Level": "5", "UserID": "S-1-5-18", "EventData.ioctlCode": "0x0000081f"}
{"EventID": "0", "Channel": "Microsoft-Windows-Hyper-V-VmSwitch-Operational", "Provider_Name": "Microsoft-Windows-Hyper-V-VmSwitch", "Computer": "DESKTOP-OFJ6N53", "TimeCreated": "2025-07-31 08:03:35.035936+00:00", "RecordID": "5290", "Level": "5", "UserID": "S-1-5-18", "EventData.ioctlCode": "0x0000081f", "EventData.delta (100 ns)": "94", "EventData.ntStatus": "0"}
{"EventID": "0", "Channel": "Microsoft-Windows-Hyper-V-VmSwitch-Operational", "Provider_Name": "Microsoft-Windows-Hyper-V-VmSwitch", "Computer": "DESKTOP-OFJ6N53", "TimeCreated": "2025-07-31 08:03:35.036015+00:00", "RecordID": "5291", "Level": "5", "UserID": "S-1-5-18", "EventData.ioctlCode": "0x00000d35"}
{"EventID": "0", "Channel": "Microsoft-Windows-Hyper-V-VmSwitch-Operational", "Provider_Name": "Microsoft-Windows-Hyper-V-VmSwitch", "Computer": "DESKTOP-OFJ6N53", "TimeCreated": "2025-07-31 08:03:35.036016+00:00", "RecordID": "5292", "Level": "5", "UserID": "S-1-5-18", "EventData.ioctlCode": "0x00000d35", "EventData.delta (100 ns)": "38", "EventData.ntStatus": "2147483653"}
{"EventID": "0", "Channel": "Microsoft-Windows-Hyper-V-VmSwitch-Operational", "Provider_Name": "Microsoft-Windows-Hyper-V-VmSwitch", "Computer": "DESKTOP-OFJ6N53", "TimeCreated": "2025-07-31 08:03:35.036022+00:00", "RecordID": "5293", "Level": "5", "UserID": "S-1-5-18", "EventData.ioctlCode": "0x00000d35"}
{"EventID": "0", "Channel": "Microsoft-Windows-Hyper-V-VmSwitch-Operational", "Provider_Name": "Microsoft-Windows-Hyper-V-VmSwitch", "Computer": "DESKTOP-OFJ6N53", "TimeCreated": "2025-07-31 08:03:35.036024+00:00", "RecordID": "5294", "Level": "5", "UserID": "S-1-5-18", "EventData.ioctlCode": "0x00000d35", "EventData.delta (100 ns)": "33", "EventData.ntStatus": "0"}
{"EventID": "0", "Channel": "Microsoft-Windows-Hyper-V-VmSwitch-Operational", "Provider_Name": "Microsoft-Windows-Hyper-V-VmSwitch", "Computer": "DESKTOP-OFJ6N53", "TimeCreated": "2025-07-31 08:03:35.036226+00:00", "RecordID": "5295", "Level": "5", "UserID": "S-1-5-18", "EventData.ioctlCode": "0x0000081f"}
{"EventID": "0", "Channel": "Microsoft-Windows-Hyper-V-VmSwitch-Operational", "Provider_Name": "Microsoft-Windows-Hyper-V-VmSwitch", "Computer": "DESKTOP-OFJ6N53", "TimeCreated": "2025-07-31 08:03:35.036230+00:00", "RecordID": "5296", "Level": "5", "UserID": "S-1-5-18", "EventData.ioctlCode": "0x0000081f", "EventData.delta (100 ns)": "39", "EventData.ntStatus": "0"}
{"EventID": "0", "Channel": "Microsoft-Windows-Hyper-V-VmSwitch-Operational", "Provider_Name": "Microsoft-Windows-Hyper-V-VmSwitch", "Computer": "DESKTOP-OFJ6N53", "TimeCreated": "2025-07-31 08:03:35.036264+00:00", "RecordID": "5297", "Level": "5", "UserID": "S-1-5-18", "EventData.ioctlCode": "0x00000d15"}
{"EventID": "0", "Channel": "Microsoft-Windows-Hyper-V-VmSwitch-Operational", "Provider_Name": "Microsoft-Windows-Hyper-V-VmSwitch", "Computer": "DESKTOP-OFJ6N53", "TimeCreated": "2025-07-31 08:03:35.036268+00:00", "RecordID": "5298", "Level": "5", "UserID": "S-1-5-18", "EventData.ioctlCode": "0x00000d15", "EventData.delta (100 ns)": "28", "EventData.ntStatus": "2147483653"}
{"EventID": "0", "Channel": "Microsoft-Windows-Hyper-V-VmSwitch-Operational", "Provider_Name": "Microsoft-Windows-Hyper-V-VmSwitch", "Computer": "DESKTOP-OFJ6N53", "TimeCreated": "2025-07-31 08:03:35.036272+00:00", "RecordID": "5299", "Level": "5", "UserID": "S-1-5-18", "EventData.ioctlCode": "0x00000d15"}
{"EventID": "0", "Channel": "Microsoft-Windows-Hyper-V-VmSwitch-Operational", "Provider_Name": "Microsoft-Windows-Hyper-V-VmSwitch", "Computer": "DESKTOP-OFJ6N53", "TimeCreated": "2025-07-31 08:03:35.036272+00:00", "RecordID": "5300", "Level": "5", "UserID": "S-1-5-18", "EventData.ioctlCode": "0x00000d15", "EventData.delta (100 ns)": "30", "EventData.ntStatus": "0"}
{"EventID": "0", "Channel": "Microsoft-Windows-Hyper-V-VmSwitch-Operational", "Provider_Name": "Microsoft-Windows-Hyper-V-VmSwitch", "Computer": "DESKTOP-OFJ6N53", "TimeCreated": "2025-07-31 08:03:35.117239+00:00", "RecordID": "5301", "Level": "5", "UserID": "S-1-5-18", "EventData.ioctlCode": "0x0000081f"}
{"EventID": "0", "Channel": "Microsoft-Windows-Hyper-V-VmSwitch-Operational", "Provider_Name": "Microsoft-Windows-Hyper-V-VmSwitch", "Computer": "DESKTOP-OFJ6N53", "TimeCreated": "2025-07-31 08:03:35.117247+00:00", "RecordID": "5302", "Level": "5", "UserID": "S-1-5-18", "EventData.ioctlCode": "0x0000081f", "EventData.delta (100 ns)": "109", "EventData.ntStatus": "0"}
{"EventID": "0", "Channel": "Microsoft-Windows-Hyper-V-VmSwitch-Operational", "Provider_Name": "Microsoft-Windows-Hyper-V-VmSwitch", "Computer": "DESKTOP-OFJ6N53", "TimeCreated": "2025-07-31 08:03:35.492867+00:00", "RecordID": "5303", "Level": "5", "UserID": "S-1-5-18", "EventData.ioctlCode": "0x0000081f"}
{"EventID": "0", "Channel": "Microsoft-Windows-Hyper-V-VmSwitch-Operational", "Provider_Name": "Microsoft-Windows-Hyper-V-VmSwitch", "Computer": "DESKTOP-OFJ6N53", "TimeCreated": "2025-07-31 08:03:35.492874+00:00", "RecordID": "5304", "Level": "5", "UserID": "S-1-5-18", "EventData.ioctlCode": "0x0000081f", "EventData.delta (100 ns)": "107", "EventData.ntStatus": "0"}
{"EventID": "0", "Channel": "Microsoft-Windows-Hyper-V-VmSwitch-Operational", "Provider_Name": "Microsoft-Windows-Hyper-V-VmSwitch", "Computer": "DESKTOP-OFJ6N53", "TimeCreated": "2025-07-31 08:03:35.493732+00:00", "RecordID": "5305", "Level": "5", "UserID": "S-1-5-18", "EventData.ioctlCode": "0x00000d12"}
{"EventID": "0", "Channel": "Microsoft-Windows-Hyper-V-VmSwitch-Operational", "Provider_Name": "Microsoft-Windows-Hyper-V-VmSwitch", "Computer": "DESKTOP-OFJ6N53", "TimeCreated": "2025-07-31 08:03:35.493742+00:00", "RecordID": "5306", "Level": "5", "UserID": "S-1-5-18", "EventData.ioctlCode": "0x00000d12", "EventData.delta (100 ns)": "123", "EventData.ntStatus": "2147483653"}
{"EventID": "0", "Channel": "Microsoft-Windows-Hyper-V-VmSwitch-Operational", "Provider_Name": "Microsoft-Windows-Hyper-V-VmSwitch", "Computer": "DESKTOP-OFJ6N53", "TimeCreated": "2025-07-31 08:03:35.493748+00:00", "RecordID": "5307", "Level": "5", "UserID": "S-1-5-18", "EventData.ioctlCode": "0x00000d12"}
{"EventID": "0", "Channel": "Microsoft-Windows-Hyper-V-VmSwitch-Operational", "Provider_Name": "Microsoft-Windows-Hyper-V-VmSwitch", "Computer": "DESKTOP-OFJ6N53", "TimeCreated": "2025-07-31 08:03:35.493780+00:00", "RecordID": "5308", "Level": "5", "UserID": "S-1-5-18", "EventData.ioctlCode": "0x00000d12", "EventData.delta (100 ns)": "319", "EventData.ntStatus": "3221225524"}
{"EventID": "0", "Channel": "Microsoft-Windows-Hyper-V-VmSwitch-Operational", "Provider_Name": "Microsoft-Windows-Hyper-V-VmSwitch", "Computer": "DESKTOP-OFJ6N53", "TimeCreated": "2025-07-31 08:03:35.501535+00:00", "RecordID": "5309", "Level": "5", "UserID": "S-1-5-18", "EventData.ioctlCode": "0x0000081f"}
{"EventID": "0", "Channel": "Microsoft-Windows-Hyper-V-VmSwitch-Operational", "Provider_Name": "Microsoft-Windows-Hyper-V-VmSwitch", "Computer": "DESKTOP-OFJ6N53", "TimeCreated": "2025-07-31 08:03:35.501543+00:00", "RecordID": "5310", "Level": "5", "UserID": "S-1-5-18", "EventData.ioctlCode": "0x0000081f", "EventData.delta (100 ns)": "89", "EventData.ntStatus": "0"}
{"EventID": "0", "Channel": "Microsoft-Windows-Hyper-V-VmSwitch-Operational", "Provider_Name": "Microsoft-Windows-Hyper-V-VmSwitch", "Computer": "DESKTOP-OFJ6N53", "TimeCreated": "2025-07-31 08:03:35.502392+00:00", "RecordID": "5311", "Level": "5", "UserID": "S-1-5-18", "EventData.ioctlCode": "0x0000081f"}
{"EventID": "0", "Channel": "Microsoft-Windows-Hyper-V-VmSwitch-Operational", "Provider_Name": "Microsoft-Windows-Hyper-V-VmSwitch", "Computer": "DESKTOP-OFJ6N53", "TimeCreated": "2025-07-31 08:03:35.502403+00:00", "RecordID": "5312", "Level": "5", "UserID": "S-1-5-18", "EventData.ioctlCode": "0x0000081f", "EventData.delta (100 ns)": "105", "EventData.ntStatus": "0"}
{"EventID": "0", "Channel": "Microsoft-Windows-Hyper-V-VmSwitch-Operational", "Provider_Name": "Microsoft-Windows-Hyper-V-VmSwitch", "Computer": "DESKTOP-OFJ6N53", "TimeCreated": "2025-07-31 08:03:35.502443+00:00", "RecordID": "5313", "Level": "5", "UserID": "S-1-5-18", "EventData.ioctlCode": "0x00000d35"}
{"EventID": "0", "Channel": "Microsoft-Windows-Hyper-V-VmSwitch-Operational", "Provider_Name": "Microsoft-Windows-Hyper-V-VmSwitch", "Computer": "DESKTOP-OFJ6N53", "TimeCreated": "2025-07-31 08:03:35.502445+00:00", "RecordID": "5314", "Level": "5", "UserID": "S-1-5-18", "EventData.ioctlCode": "0x00000d35", "EventData.delta (100 ns)": "31", "EventData.ntStatus": "2147483653"}
{"EventID": "0", "Channel": "Microsoft-Windows-Hyper-V-VmSwitch-Operational", "Provider_Name": "Microsoft-Windows-Hyper-V-VmSwitch", "Computer": "DESKTOP-OFJ6N53", "TimeCreated": "2025-07-31 08:03:35.502449+00:00", "RecordID": "5315", "Level": "5", "UserID": "S-1-5-18", "EventData.ioctlCode": "0x00000d35"}
{"EventID": "0", "Channel": "Microsoft-Windows-Hyper-V-VmSwitch-Operational", "Provider_Name": "Microsoft-Windows-Hyper-V-VmSwitch", "Computer": "DESKTOP-OFJ6N53", "TimeCreated": "2025-07-31 08:03:35.502453+00:00", "RecordID": "5316", "Level": "5", "UserID": "S-1-5-18", "EventData.ioctlCode": "0x00000d35", "EventData.delta (100 ns)": "31", "EventData.ntStatus": "0"}
{"EventID": "0", "Channel": "Microsoft-Windows-Hyper-V-VmSwitch-Operational", "Provider_Name": "Microsoft-Windows-Hyper-V-VmSwitch", "Computer": "DESKTOP-OFJ6N53", "TimeCreated": "2025-07-31 08:03:35.697048+00:00", "RecordID": "5317", "Level": "5", "UserID": "S-1-5-18", "EventData.ioctlCode": "0x0000081f"}
{"EventID": "0", "Channel": "Microsoft-Windows-Hyper-V-VmSwitch-Operational", "Provider_Name": "Microsoft-Windows-Hyper-V-VmSwitch", "Computer": "DESKTOP-OFJ6N53", "TimeCreated": "2025-07-31 08:03:35.697058+00:00", "RecordID": "5318", "Level": "5", "UserID": "S-1-5-18", "EventData.ioctlCode": "0x0000081f", "EventData.delta (100 ns)": "108", "EventData.ntStatus": "0"}
{"EventID": "0", "Channel": "Microsoft-Windows-Hyper-V-VmSwitch-Operational", "Provider_Name": "Microsoft-Windows-Hyper-V-VmSwitch", "Computer": "DESKTOP-OFJ6N53", "TimeCreated": "2025-07-31 08:03:36.271620+00:00", "RecordID": "5319", "Level": "5", "UserID": "S-1-5-18", "EventData.ioctlCode": "0x0000081f"}
{"EventID": "0", "Channel": "Microsoft-Windows-Hyper-V-VmSwitch-Operational", "Provider_Name": "Microsoft-Windows-Hyper-V-VmSwitch", "Computer": "DESKTOP-OFJ6N53", "TimeCreated": "2025-07-31 08:03:36.271627+00:00", "RecordID": "5320", "Level": "5", "UserID": "S-1-5-18", "EventData.ioctlCode": "0x0000081f", "EventData.delta (100 ns)": "112", "EventData.ntStatus": "0"}
{"EventID": "0", "Channel": "Microsoft-Windows-Hyper-V-VmSwitch-Operational", "Provider_Name": "Microsoft-Windows-Hyper-V-VmSwitch", "Computer": "DESKTOP-OFJ6N53", "TimeCreated": "2025-07-31 08:03:36.271667+00:00", "RecordID": "5321", "Level": "5", "UserID": "S-1-5-18", "EventData.ioctlCode": "0x00000d35"}
{"EventID": "0", "Channel": "Microsoft-Windows-Hyper-V-VmSwitch-Operational", "Provider_Name": "Microsoft-Windows-Hyper-V-VmSwitch", "Computer": "DESKTOP-OFJ6N53", "TimeCreated": "2025-07-31 08:03:36.271671+00:00", "RecordID": "5322", "Level": "5", "UserID": "S-1-5-18", "EventData.ioctlCode": "0x00000d35", "EventData.delta (100 ns)": "29", "EventData.ntStatus": "2147483653"}
{"EventID": "0", "Channel": "Microsoft-Windows-Hyper-V-VmSwitch-Operational", "Provider_Name": "Microsoft-Windows-Hyper-V-VmSwitch", "Computer": "DESKTOP-OFJ6N53", "TimeCreated": "2025-07-31 08:03:36.271675+00:00", "RecordID": "5323", "Level": "5", "UserID": "S-1-5-18", "EventData.ioctlCode": "0x00000d35"}
{"EventID": "0", "Channel": "Microsoft-Windows-Hyper-V-VmSwitch-Operational", "Provider_Name": "Microsoft-Windows-Hyper-V-VmSwitch", "Computer": "DESKTOP-OFJ6N53", "TimeCreated": "2025-07-31 08:03:36.271677+00:00", "RecordID": "5324", "Level": "5", "UserID": "S-1-5-18", "EventData.ioctlCode": "0x00000d35", "EventData.delta (100 ns)": "31", "EventData.ntStatus": "0"}
{"EventID": "0", "Channel": "Microsoft-Windows-Hyper-V-VmSwitch-Operational", "Provider_Name": "Microsoft-Windows-Hyper-V-VmSwitch", "Computer": "DESKTOP-OFJ6N53", "TimeCreated": "2025-07-31 08:03:36.367867+00:00", "RecordID": "5325", "Level": "5", "UserID": "S-1-5-18", "EventData.ioctlCode": "0x0000081f"}
{"EventID": "0", "Channel": "Microsoft-Windows-Hyper-V-VmSwitch-Operational", "Provider_Name": "Microsoft-Windows-Hyper-V-VmSwitch", "Computer": "DESKTOP-OFJ6N53", "TimeCreated": "2025-07-31 08:03:36.367874+00:00", "RecordID": "5326", "Level": "5", "UserID": "S-1-5-18", "EventData.ioctlCode": "0x0000081f", "EventData.delta (100 ns)": "100", "EventData.ntStatus": "0"}
{"EventID": "0", "Channel": "Microsoft-Windows-Hyper-V-VmSwitch-Operational", "Provider_Name": "Microsoft-Windows-Hyper-V-VmSwitch", "Computer": "DESKTOP-OFJ6N53", "TimeCreated": "2025-07-31 08:03:36.539192+00:00", "RecordID": "5327", "Level": "5", "UserID": "S-1-5-18", "EventData.ioctlCode": "0x0000081f"}
{"EventID": "0", "Channel": "Microsoft-Windows-Hyper-V-VmSwitch-Operational", "Provider_Name": "Microsoft-Windows-Hyper-V-VmSwitch", "Computer": "DESKTOP-OFJ6N53", "TimeCreated": "2025-07-31 08:03:36.539202+00:00", "RecordID": "5328", "Level": "5", "UserID": "S-1-5-18", "EventData.ioctlCode": "0x0000081f", "EventData.delta (100 ns)": "114", "EventData.ntStatus": "0"}
{"EventID": "0", "Channel": "Microsoft-Windows-Hyper-V-VmSwitch-Operational", "Provider_Name": "Microsoft-Windows-Hyper-V-VmSwitch", "Computer": "DESKTOP-OFJ6N53", "TimeCreated": "2025-07-31 08:03:36.539246+00:00", "RecordID": "5329", "Level": "5", "UserID": "S-1-5-18", "EventData.ioctlCode": "0x00000d15"}
{"EventID": "0", "Channel": "Microsoft-Windows-Hyper-V-VmSwitch-Operational", "Provider_Name": "Microsoft-Windows-Hyper-V-VmSwitch", "Computer": "DESKTOP-OFJ6N53", "TimeCreated": "2025-07-31 08:03:36.539249+00:00", "RecordID": "5330", "Level": "5", "UserID": "S-1-5-18", "EventData.ioctlCode": "0x00000d15", "EventData.delta (100 ns)": "30", "EventData.ntStatus": "2147483653"}
{"EventID": "0", "Channel": "Microsoft-Windows-Hyper-V-VmSwitch-Operational", "Provider_Name": "Microsoft-Windows-Hyper-V-VmSwitch", "Computer": "DESKTOP-OFJ6N53", "TimeCreated": "2025-07-31 08:03:36.539251+00:00", "RecordID": "5331", "Level": "5", "UserID": "S-1-5-18", "EventData.ioctlCode": "0x00000d15"}
{"EventID": "0", "Channel": "Microsoft-Windows-Hyper-V-VmSwitch-Operational", "Provider_Name": "Microsoft-Windows-Hyper-V-VmSwitch", "Computer": "DESKTOP-OFJ6N53", "TimeCreated": "2025-07-31 08:03:36.539253+00:00", "RecordID": "5332", "Level": "5", "UserID": "S-1-5-18", "EventData.ioctlCode": "0x00000d15", "EventData.delta (100 ns)": "27", "EventData.ntStatus": "0"}
{"EventID": "0", "Channel": "Microsoft-Windows-Hyper-V-VmSwitch-Operational", "Provider_Name": "Microsoft-Windows-Hyper-V-VmSwitch", "Computer": "DESKTOP-OFJ6N53", "TimeCreated": "2025-08-12 12:17:38.515814+00:00", "RecordID": "5333", "Level": "4", "UserID": "S-1-5-18", "EventData.State": "Started Loading", "EventData.Function": "DriverEntry"}
