{"EventID": "31018", "Channel": "Microsoft-Windows-SmbClient/Security", "Provider_Name": "Microsoft-Windows-SMBClient", "Computer": "DESKTOP-OFJ6N53", "TimeCreated": "2024-01-29 14:17:47.814215+00:00", "RecordID": "756", "Level": "3", "UserID": "S-1-5-18", "EventData.RegName": "AllowInsecureGuestAuth", "EventData.RegValue": "1"}
{"EventID": "31018", "Channel": "Microsoft-Windows-SmbClient/Security", "Provider_Name": "Microsoft-Windows-SMBClient", "Computer": "DESKTOP-OFJ6N53", "TimeCreated": "2024-01-30 09:38:53.543581+00:00", "RecordID": "757", "Level": "3", "UserID": "S-1-5-18", "EventData.RegName": "AllowInsecureGuestAuth", "EventData.RegValue": "1"}
{"EventID": "31018", "Channel": "Microsoft-Windows-SmbClient/Security", "Provider_Name": "Microsoft-Windows-SMBClient", "Computer": "DESKTOP-OFJ6N53", "TimeCreated": "2024-01-31 12:32:29.024672+00:00", "RecordID": "758", "Level": "3", "UserID": "S-1-5-18", "EventData.RegName": "AllowInsecureGuestAuth", "EventData.RegValue": "1"}
{"EventID": "31018", "Channel": "Microsoft-Windows-SmbClient/Security", "Provider_Name": "Microsoft-Windows-SMBClient", "Computer": "DESKTOP-OFJ6N53", "TimeCreated": "2024-02-05 07:38:39.270353+00:00", "RecordID": "759", "Level": "3", "UserID": "S-1-5-18", "EventData.RegName": "AllowInsecureGuestAuth", "EventData.RegValue": "1"}
{"EventID": "31018", "Channel": "Microsoft-Windows-SmbClient/Security", "Provider_Name": "Microsoft-Windows-SMBClient", "Computer": "DESKTOP-OFJ6N53", "TimeCreated": "2024-02-05 09:20:28.437445+00:00", "RecordID": "760", "Level": "3", "UserID": "S-1-5-18", "EventData.RegName": "AllowInsecureGuestAuth", "EventData.RegValue": "1"}
{"EventID": "31018", "Channel": "Microsoft-Windows-SmbClient/Security", "Provider_Name": "Microsoft-Windows-SMBClient", "Computer": "DESKTOP-OFJ6N53", "TimeCreated": "2024-02-06 12:26:53.903467+00:00", "RecordID": "761", "Level": "3", "UserID": "S-1-5-18", "EventData.RegName": "AllowInsecureGuestAuth", "EventData.RegValue": "1"}
{"EventID": "31018", "Channel": "Microsoft-Windows-SmbClient/Security", "Provider_Name": "Microsoft-Windows-SMBClient", "Computer": "DESKTOP-OFJ6N53", "TimeCreated": "2024-02-08 13:17:50.326834+00:00", "RecordID": "762", "Level": "3", "UserID": "S-1-5-18", "EventData.RegName": "AllowInsecureGuestAuth", "EventData.RegValue": "1"}
{"EventID": "31018", "Channel": "Microsoft-Windows-SmbClient/Security", "Provider_Name": "Microsoft-Windows-SMBClient", "Computer": "DESKTOP-OFJ6N53", "TimeCreated": "2024-02-12 12:19:55.859541+00:00", "RecordID": "763", "Level": "3", "UserID": "S-1-5-18", "EventData.RegName": "AllowInsecureGuestAuth", "EventData.RegValue": "1"}
{"EventID": "31018", "Channel": "Microsoft-Windows-SmbClient/Security", "Provider_Name": "Microsoft-Windows-SMBClient", "Computer": "DESKTOP-OFJ6N53", "TimeCreated": "2024-02-13 10:50:59.513363+00:00", "RecordID": "764", "Level": "3", "UserID": "S-1-5-18", "EventData.RegName": "AllowInsecureGuestAuth", "EventData.RegValue": "1"}
{"EventID": "31018", "Channel": "Microsoft-Windows-SmbClient/Security", "Provider_Name": "Microsoft-Windows-SMBClient", "Computer": "DESKTOP-OFJ6N53", "TimeCreated": "2024-02-13 18:36:11.421753+00:00", "RecordID": "765", "Level": "3", "UserID": "S-1-5-18", "EventData.RegName": "AllowInsecureGuestAuth", "EventData.RegValue": "1"}
{"EventID": "31018", "Channel": "Microsoft-Windows-SmbClient/Security", "Provider_Name": "Microsoft-Windows-SMBClient", "Computer": "DESKTOP-OFJ6N53", "TimeCreated": "2024-02-14 11:04:08.757345+00:00", "RecordID": "766", "Level": "3", "UserID": "S-1-5-18", "EventData.RegName": "AllowInsecureGuestAuth", "EventData.RegValue": "1"}
{"EventID": "31018", "Channel": "Microsoft-Windows-SmbClient/Security", "Provider_Name": "Microsoft-Windows-SMBClient", "Computer": "DESKTOP-OFJ6N53", "TimeCreated": "2024-02-14 23:18:26.250732+00:00", "RecordID": "767", "Level": "3", "UserID": "S-1-5-18", "EventData.RegName": "AllowInsecureGuestAuth", "EventData.RegValue": "1"}
{"EventID": "31018", "Channel": "Microsoft-Windows-SmbClient/Security", "Provider_Name": "Microsoft-Windows-SMBClient", "Computer": "DESKTOP-OFJ6N53", "TimeCreated": "2024-02-15 11:48:13.547239+00:00", "RecordID": "768", "Level": "3", "UserID": "S-1-5-18", "EventData.RegName": "AllowInsecureGuestAuth", "EventData.RegValue": "1"}
{"EventID": "31018", "Channel": "Microsoft-Windows-SmbClient/Security", "Provider_Name": "Microsoft-Windows-SMBClient", "Computer": "DESKTOP-OFJ6N53", "TimeCreated": "2024-02-15 15:26:51.975939+00:00", "RecordID": "769", "Level": "3", "UserID": "S-1-5-18", "EventData.RegName": "AllowInsecureGuestAuth", "EventData.RegValue": "1"}
{"EventID": "31018", "Channel": "Microsoft-Windows-SmbClient/Security", "Provider_Name": "Microsoft-Windows-SMBClient", "Computer": "DESKTOP-OFJ6N53", "TimeCreated": "2024-02-16 11:32:20.558754+00:00", "RecordID": "770", "Level": "3", "UserID": "S-1-5-18", "EventData.RegName": "AllowInsecureGuestAuth", "EventData.RegValue": "1"}
{"EventID": "31018", "Channel": "Microsoft-Windows-SmbClient/Security", "Provider_Name": "Microsoft-Windows-SMBClient", "Computer": "DESKTOP-OFJ6N53", "TimeCreated": "2024-02-16 13:33:12.226608+00:00", "RecordID": "771", "Level": "3", "UserID": "S-1-5-18", "EventData.RegName": "AllowInsecureGuestAuth", "EventData.RegValue": "1"}
{"EventID": "31018", "Channel": "Microsoft-Windows-SmbClient/Security", "Provider_Name": "Microsoft-Windows-SMBClient", "Computer": "DESKTOP-OFJ6N53", "TimeCreated": "2024-02-16 15:34:37.353743+00:00", "RecordID": "772", "Level": "3", "UserID": "S-1-5-18", "EventData.RegName": "AllowInsecureGuestAuth", "EventData.RegValue": "1"}
{"EventID": "31018", "Channel": "Microsoft-Windows-SmbClient/Security", "Provider_Name": "Microsoft-Windows-SMBClient", "Computer": "DESKTOP-OFJ6N53", "TimeCreated": "2024-02-16 17:35:53.615383+00:00", "RecordID": "773", "Level": "3", "UserID": "S-1-5-18", "EventData.RegName": "AllowInsecureGuestAuth", "EventData.RegValue": "1"}
{"EventID": "31018", "Channel": "Microsoft-Windows-SmbClient/Security", "Provider_Name": "Microsoft-Windows-SMBClient", "Computer": "DESKTOP-OFJ6N53", "TimeCreated": "2024-02-18 17:57:19.083458+00:00", "RecordID": "774", "Level": "3", "UserID": "S-1-5-18", "EventData.RegName": "AllowInsecureGuestAuth", "EventData.RegValue": "1"}
{"EventID": "31018", "Channel": "Microsoft-Windows-SmbClient/Security", "Provider_Name": "Microsoft-Windows-SMBClient", "Computer": "DESKTOP-OFJ6N53", "TimeCreated": "2024-02-18 20:01:15.852610+00:00", "RecordID": "775", "Level": "3", "UserID": "S-1-5-18", "EventData.RegName": "AllowInsecureGuestAuth", "EventData.RegValue": "1"}
{"EventID": "31018", "Channel": "Microsoft-Windows-SmbClient/Security", "Provider_Name": "Microsoft-Windows-SMBClient", "Computer": "DESKTOP-OFJ6N53", "TimeCreated": "2024-02-19 13:42:38.515425+00:00", "RecordID": "776", "Level": "3", "UserID": "S-1-5-18", "EventData.RegName": "AllowInsecureGuestAuth", "EventData.RegValue": "1"}
{"EventID": "31018", "Channel": "Microsoft-Windows-SmbClient/Security", "Provider_Name": "Microsoft-Windows-SMBClient", "Computer": "DESKTOP-OFJ6N53", "TimeCreated": "2024-02-20 11:27:53.632517+00:00", "RecordID": "777", "Level": "3", "UserID": "S-1-5-18", "EventData.RegName": "AllowInsecureGuestAuth", "EventData.RegValue": "1"}
{"EventID": "31018", "Channel": "Microsoft-Windows-SmbClient/Security", "Provider_Name": "Microsoft-Windows-SMBClient", "Computer": "DESKTOP-OFJ6N53", "TimeCreated": "2024-02-20 13:59:01.727825+00:00", "RecordID": "778", "Level": "3", "UserID": "S-1-5-18", "EventData.RegName": "AllowInsecureGuestAuth", "EventData.RegValue": "1"}
{"EventID": "31018", "Channel": "Microsoft-Windows-SmbClient/Security", "Provider_Name": "Microsoft-Windows-SMBClient", "Computer": "DESKTOP-OFJ6N53", "TimeCreated": "2024-02-20 16:00:56.151815+00:00", "RecordID": "779", "Level": "3", "UserID": "S-1-5-18", "EventData.RegName": "AllowInsecureGuestAuth", "EventData.RegValue": "1"}
{"EventID": "31018", "Channel": "Microsoft-Windows-SmbClient/Security", "Provider_Name": "Microsoft-Windows-SMBClient", "Computer": "DESKTOP-OFJ6N53", "TimeCreated": "2024-02-20 18:02:38.043165+00:00", "RecordID": "780", "Level": "3", "UserID": "S-1-5-18", "EventData.RegName": "AllowInsecureGuestAuth", "EventData.RegValue": "1"}
{"EventID": "31018", "Channel": "Microsoft-Windows-SmbClient/Security", "Provider_Name": "Microsoft-Windows-SMBClient", "Computer": "DESKTOP-OFJ6N53", "TimeCreated": "2024-02-20 22:36:25.181528+00:00", "RecordID": "781", "Level": "3", "UserID": "S-1-5-18", "EventData.RegName": "AllowInsecureGuestAuth", "EventData.RegValue": "1"}
{"EventID": "31018", "Channel": "Microsoft-Windows-SmbClient/Security", "Provider_Name": "Microsoft-Windows-SMBClient", "Computer": "DESKTOP-OFJ6N53", "TimeCreated": "2024-02-21 09:50:38.608042+00:00", "RecordID": "782", "Level": "3", "UserID": "S-1-5-18", "EventData.RegName": "AllowInsecureGuestAuth", "EventData.RegValue": "1"}
{"EventID": "31018", "Channel": "Microsoft-Windows-SmbClient/Security", "Provider_Name": "Microsoft-Windows-SMBClient", "Computer": "DESKTOP-OFJ6N53", "TimeCreated": "2024-02-21 11:53:13.710999+00:00", "RecordID": "783", "Level": "3", "UserID": "S-1-5-18", "EventData.RegName": "AllowInsecureGuestAuth", "EventData.RegValue": "1"}
{"EventID": "31018", "Channel": "Microsoft-Windows-SmbClient/Security", "Provider_Name": "Microsoft-Windows-SMBClient", "Computer": "DESKTOP-OFJ6N53", "TimeCreated": "2024-02-21 13:55:10.219286+00:00", "RecordID": "784", "Level": "3", "UserID": "S-1-5-18", "EventData.RegName": "AllowInsecureGuestAuth", "EventData.RegValue": "1"}
{"EventID": "31018", "Channel": "Microsoft-Windows-SmbClient/Security", "Provider_Name": "Microsoft-Windows-SMBClient", "Computer": "DESKTOP-OFJ6N53", "TimeCreated": "2024-02-21 15:55:51.243721+00:00", "RecordID": "785", "Level": "3", "UserID": "S-1-5-18", "EventData.RegName": "AllowInsecureGuestAuth", "EventData.RegValue": "1"}
{"EventID": "31018", "Channel": "Microsoft-Windows-SmbClient/Security", "Provider_Name": "Microsoft-Windows-SMBClient", "Computer": "DESKTOP-OFJ6N53", "TimeCreated": "2024-02-21 18:07:14.561384+00:00", "RecordID": "786", "Level": "3", "UserID": "S-1-5-18", "EventData.RegName": "AllowInsecureGuestAuth", "EventData.RegValue": "1"}
{"EventID": "31018", "Channel": "Microsoft-Windows-SmbClient/Security", "Provider_Name": "Microsoft-Windows-SMBClient", "Computer": "DESKTOP-OFJ6N53", "TimeCreated": "2024-03-11 11:40:31.010122+00:00", "RecordID": "787", "Level": "3", "UserID": "S-1-5-18", "EventData.RegName": "AllowInsecureGuestAuth", "EventData.RegValue": "1"}
{"EventID": "31018", "Channel": "Microsoft-Windows-SmbClient/Security", "Provider_Name": "Microsoft-Windows-SMBClient", "Computer": "DESKTOP-OFJ6N53", "TimeCreated": "2024-03-12 11:04:42.285799+00:00", "RecordID": "788", "Level": "3", "UserID": "S-1-5-18", "EventData.RegName": "AllowInsecureGuestAuth", "EventData.RegValue": "1"}
{"EventID": "31018", "Channel": "Microsoft-Windows-SmbClient/Security", "Provider_Name": "Microsoft-Windows-SMBClient", "Computer": "DESKTOP-OFJ6N53", "TimeCreated": "2024-03-12 14:04:31.392492+00:00", "RecordID": "789", "Level": "3", "UserID": "S-1-5-18", "EventData.RegName": "AllowInsecureGuestAuth", "EventData.RegValue": "1"}
{"EventID": "31018", "Channel": "Microsoft-Windows-SmbClient/Security", "Provider_Name": "Microsoft-Windows-SMBClient", "Computer": "DESKTOP-OFJ6N53", "TimeCreated": "2024-03-13 09:51:01.377651+00:00", "RecordID": "790", "Level": "3", "UserID": "S-1-5-18", "EventData.RegName": "AllowInsecureGuestAuth", "EventData.RegValue": "1"}
{"EventID": "31018", "Channel": "Microsoft-Windows-SmbClient/Security", "Provider_Name": "Microsoft-Windows-SMBClient", "Computer": "DESKTOP-OFJ6N53", "TimeCreated": "2024-03-14 11:18:31.174261+00:00", "RecordID": "791", "Level": "3", "UserID": "S-1-5-18", "EventData.RegName": "AllowInsecureGuestAuth", "EventData.RegValue": "1"}
{"EventID": "31018", "Channel": "Microsoft-Windows-SmbClient/Security", "Provider_Name": "Microsoft-Windows-SMBClient", "Computer": "DESKTOP-OFJ6N53", "TimeCreated": "2024-03-15 10:31:26.634176+00:00", "RecordID": "792", "Level": "3", "UserID": "S-1-5-18", "EventData.RegName": "AllowInsecureGuestAuth", "EventData.RegValue": "1"}
{"EventID": "31018", "Channel": "Microsoft-Windows-SmbClient/Security", "Provider_Name": "Microsoft-Windows-SMBClient", "Computer": "DESKTOP-OFJ6N53", "TimeCreated": "2024-03-18 07:41:02.213041+00:00", "RecordID": "793", "Level": "3", "UserID": "S-1-5-18", "EventData.RegName": "AllowInsecureGuestAuth", "EventData.RegValue": "1"}
{"EventID": "31018", "Channel": "Microsoft-Windows-SmbClient/Security", "Provider_Name": "Microsoft-Windows-SMBClient", "Computer": "DESKTOP-OFJ6N53", "TimeCreated": "2024-03-19 08:28:21.725847+00:00", "RecordID": "794", "Level": "3", "UserID": "S-1-5-18", "EventData.RegName": "AllowInsecureGuestAuth", "EventData.RegValue": "1"}
{"EventID": "31018", "Channel": "Microsoft-Windows-SmbClient/Security", "Provider_Name": "Microsoft-Windows-SMBClient", "Computer": "DESKTOP-OFJ6N53", "TimeCreated": "2024-03-20 11:52:09.351189+00:00", "RecordID": "795", "Level": "3", "UserID": "S-1-5-18", "EventData.RegName": "AllowInsecureGuestAuth", "EventData.RegValue": "1"}
{"EventID": "31018", "Channel": "Microsoft-Windows-SmbClient/Security", "Provider_Name": "Microsoft-Windows-SMBClient", "Computer": "DESKTOP-OFJ6N53", "TimeCreated": "2024-03-21 14:47:12.602789+00:00", "RecordID": "796", "Level": "3", "UserID": "S-1-5-18", "EventData.RegName": "AllowInsecureGuestAuth", "EventData.RegValue": "1"}
{"EventID": "31018", "Channel": "Microsoft-Windows-SmbClient/Security", "Provider_Name": "Microsoft-Windows-SMBClient", "Computer": "DESKTOP-OFJ6N53", "TimeCreated": "2024-03-25 07:33:37.960501+00:00", "RecordID": "797", "Level": "3", "UserID": "S-1-5-18", "EventData.RegName": "AllowInsecureGuestAuth", "EventData.RegValue": "1"}
{"EventID": "31018", "Channel": "Microsoft-Windows-SmbClient/Security", "Provider_Name": "Microsoft-Windows-SMBClient", "Computer": "DESKTOP-OFJ6N53", "TimeCreated": "2024-03-26 15:13:16.814938+00:00", "RecordID": "798", "Level": "3", "UserID": "S-1-5-18", "EventData.RegName": "AllowInsecureGuestAuth", "EventData.RegValue": "1"}
{"EventID": "31018", "Channel": "Microsoft-Windows-SmbClient/Security", "Provider_Name": "Microsoft-Windows-SMBClient", "Computer": "DESKTOP-OFJ6N53", "TimeCreated": "2024-03-28 18:54:40.220966+00:00", "RecordID": "799", "Level": "3", "UserID": "S-1-5-18", "EventData.RegName": "AllowInsecureGuestAuth", "EventData.RegValue": "1"}
{"EventID": "31018", "Channel": "Microsoft-Windows-SmbClient/Security", "Provider_Name": "Microsoft-Windows-SMBClient", "Computer": "DESKTOP-OFJ6N53", "TimeCreated": "2024-04-08 13:32:29.074751+00:00", "RecordID": "800", "Level": "3", "UserID": "S-1-5-18", "EventData.RegName": "AllowInsecureGuestAuth", "EventData.RegValue": "1"}
{"EventID": "31018", "Channel": "Microsoft-Windows-SmbClient/Security", "Provider_Name": "Microsoft-Windows-SMBClient", "Computer": "DESKTOP-OFJ6N53", "TimeCreated": "2024-04-09 15:29:01.979069+00:00", "RecordID": "801", "Level": "3", "UserID": "S-1-5-18", "EventData.RegName": "AllowInsecureGuestAuth", "EventData.RegValue": "1"}
{"EventID": "31018", "Channel": "Microsoft-Windows-SmbClient/Security", "Provider_Name": "Microsoft-Windows-SMBClient", "Computer": "DESKTOP-OFJ6N53", "TimeCreated": "2024-04-12 02:53:05.364552+00:00", "RecordID": "802", "Level": "3", "UserID": "S-1-5-18", "EventData.RegName": "AllowInsecureGuestAuth", "EventData.RegValue": "1"}
{"EventID": "31018", "Channel": "Microsoft-Windows-SmbClient/Security", "Provider_Name": "Microsoft-Windows-SMBClient", "Computer": "DESKTOP-OFJ6N53", "TimeCreated": "2024-04-21 18:41:07.898531+00:00", "RecordID": "803", "Level": "3", "UserID": "S-1-5-18", "EventData.RegName": "AllowInsecureGuestAuth", "EventData.RegValue": "1"}
{"EventID": "31018", "Channel": "Microsoft-Windows-SmbClient/Security", "Provider_Name": "Microsoft-Windows-SMBClient", "Computer": "DESKTOP-OFJ6N53", "TimeCreated": "2024-04-22 15:44:58.017735+00:00", "RecordID": "804", "Level": "3", "UserID": "S-1-5-18", "EventData.RegName": "AllowInsecureGuestAuth", "EventData.RegValue": "1"}
{"EventID": "31018", "Channel": "Microsoft-Windows-SmbClient/Security", "Provider_Name": "Microsoft-Windows-SMBClient", "Computer": "DESKTOP-OFJ6N53", "TimeCreated": "2024-04-23 10:46:17.783541+00:00", "RecordID": "805", "Level": "3", "UserID": "S-1-5-18", "EventData.RegName": "AllowInsecureGuestAuth", "EventData.RegValue": "1"}
{"EventID": "31018", "Channel": "Microsoft-Windows-SmbClient/Security", "Provider_Name": "Microsoft-Windows-SMBClient", "Computer": "DESKTOP-OFJ6N53", "TimeCreated": "2024-04-23 15:39:50.090508+00:00", "RecordID": "806", "Level": "3", "UserID": "S-1-5-18", "EventData.RegName": "AllowInsecureGuestAuth", "EventData.RegValue": "1"}
{"EventID": "31018", "Channel": "Microsoft-Windows-SmbClient/Security", "Provider_Name": "Microsoft-Windows-SMBClient", "Computer": "DESKTOP-OFJ6N53", "TimeCreated": "2024-04-24 13:13:03.737944+00:00", "RecordID": "807", "Level": "3", "UserID": "S-1-5-18", "EventData.RegName": "AllowInsecureGuestAuth", "EventData.RegValue": "1"}
{"EventID": "31018", "Channel": "Microsoft-Windows-SmbClient/Security", "Provider_Name": "Microsoft-Windows-SMBClient", "Computer": "DESKTOP-OFJ6N53", "TimeCreated": "2024-04-25 14:59:14.292393+00:00", "RecordID": "808", "Level": "3", "UserID": "S-1-5-18", "EventData.RegName": "AllowInsecureGuestAuth", "EventData.RegValue": "1"}
{"EventID": "31018", "Channel": "Microsoft-Windows-SmbClient/Security", "Provider_Name": "Microsoft-Windows-SMBClient", "Computer": "DESKTOP-OFJ6N53", "TimeCreated": "2024-04-26 10:40:06.060997+00:00", "RecordID": "809", "Level": "3", "UserID": "S-1-5-18", "EventData.RegName": "AllowInsecureGuestAuth", "EventData.RegValue": "1"}
{"EventID": "31018", "Channel": "Microsoft-Windows-SmbClient/Security", "Provider_Name": "Microsoft-Windows-SMBClient", "Computer": "DESKTOP-OFJ6N53", "TimeCreated": "2024-04-26 12:18:45.310339+00:00", "RecordID": "810", "Level": "3", "UserID": "S-1-5-18", "EventData.RegName": "AllowInsecureGuestAuth", "EventData.RegValue": "1"}
{"EventID": "31018", "Channel": "Microsoft-Windows-SmbClient/Security", "Provider_Name": "Microsoft-Windows-SMBClient", "Computer": "DESKTOP-OFJ6N53", "TimeCreated": "2024-04-26 15:05:10.248129+00:00", "RecordID": "811", "Level": "3", "UserID": "S-1-5-18", "EventData.RegName": "AllowInsecureGuestAuth", "EventData.RegValue": "1"}
{"EventID": "31018", "Channel": "Microsoft-Windows-SmbClient/Security", "Provider_Name": "Microsoft-Windows-SMBClient", "Computer": "DESKTOP-OFJ6N53", "TimeCreated": "2024-04-29 10:31:06.024002+00:00", "RecordID": "812", "Level": "3", "UserID": "S-1-5-18", "EventData.RegName": "AllowInsecureGuestAuth", "EventData.RegValue": "1"}
{"EventID": "31018", "Channel": "Microsoft-Windows-SmbClient/Security", "Provider_Name": "Microsoft-Windows-SMBClient", "Computer": "DESKTOP-OFJ6N53", "TimeCreated": "2024-04-29 15:10:19.808195+00:00", "RecordID": "813", "Level": "3", "UserID": "S-1-5-18", "EventData.RegName": "AllowInsecureGuestAuth", "EventData.RegValue": "1"}
{"EventID": "31018", "Channel": "Microsoft-Windows-SmbClient/Security", "Provider_Name": "Microsoft-Windows-SMBClient", "Computer": "DESKTOP-OFJ6N53", "TimeCreated": "2024-05-02 09:22:43.800457+00:00", "RecordID": "814", "Level": "3", "UserID": "S-1-5-18", "EventData.RegName": "AllowInsecureGuestAuth", "EventData.RegValue": "1"}
{"EventID": "31018", "Channel": "Microsoft-Windows-SmbClient/Security", "Provider_Name": "Microsoft-Windows-SMBClient", "Computer": "DESKTOP-OFJ6N53", "TimeCreated": "2024-05-02 13:58:32.564342+00:00", "RecordID": "815", "Level": "3", "UserID": "S-1-5-18", "EventData.RegName": "AllowInsecureGuestAuth", "EventData.RegValue": "1"}
{"EventID": "31018", "Channel": "Microsoft-Windows-SmbClient/Security", "Provider_Name": "Microsoft-Windows-SMBClient", "Computer": "DESKTOP-OFJ6N53", "TimeCreated": "2024-05-03 10:38:40.324926+00:00", "RecordID": "816", "Level": "3", "UserID": "S-1-5-18", "EventData.RegName": "AllowInsecureGuestAuth", "EventData.RegValue": "1"}
{"EventID": "31018", "Channel": "Microsoft-Windows-SmbClient/Security", "Provider_Name": "Microsoft-Windows-SMBClient", "Computer": "DESKTOP-OFJ6N53", "TimeCreated": "2024-05-08 08:58:21.699371+00:00", "RecordID": "817", "Level": "3", "UserID": "S-1-5-18", "EventData.RegName": "AllowInsecureGuestAuth", "EventData.RegValue": "1"}
{"EventID": "31018", "Channel": "Microsoft-Windows-SmbClient/Security", "Provider_Name": "Microsoft-Windows-SMBClient", "Computer": "DESKTOP-OFJ6N53", "TimeCreated": "2024-05-13 15:26:32.924688+00:00", "RecordID": "818", "Level": "3", "UserID": "S-1-5-18", "EventData.RegName": "AllowInsecureGuestAuth", "EventData.RegValue": "1"}
{"EventID": "31018", "Channel": "Microsoft-Windows-SmbClient/Security", "Provider_Name": "Microsoft-Windows-SMBClient", "Computer": "DESKTOP-OFJ6N53", "TimeCreated": "2024-05-14 09:13:28.498026+00:00", "RecordID": "819", "Level": "3", "UserID": "S-1-5-18", "EventData.RegName": "AllowInsecureGuestAuth", "EventData.RegValue": "1"}
{"EventID": "31018", "Channel": "Microsoft-Windows-SmbClient/Security", "Provider_Name": "Microsoft-Windows-SMBClient", "Computer": "DESKTOP-OFJ6N53", "TimeCreated": "2024-05-15 13:36:44.237415+00:00", "RecordID": "820", "Level": "3", "UserID": "S-1-5-18", "EventData.RegName": "AllowInsecureGuestAuth", "EventData.RegValue": "1"}
{"EventID": "31018", "Channel": "Microsoft-Windows-SmbClient/Security", "Provider_Name": "Microsoft-Windows-SMBClient", "Computer": "DESKTOP-OFJ6N53", "TimeCreated": "2024-05-16 23:53:42.442396+00:00", "RecordID": "821", "Level": "3", "UserID": "S-1-5-18", "EventData.RegName": "AllowInsecureGuestAuth", "EventData.RegValue": "1"}
{"EventID": "31018", "Channel": "Microsoft-Windows-SmbClient/Security", "Provider_Name": "Microsoft-Windows-SMBClient", "Computer": "DESKTOP-OFJ6N53", "TimeCreated": "2024-05-24 13:01:28.534655+00:00", "RecordID": "822", "Level": "3", "UserID": "S-1-5-18", "EventData.RegName": "AllowInsecureGuestAuth", "EventData.RegValue": "1"}
{"EventID": "31018", "Channel": "Microsoft-Windows-SmbClient/Security", "Provider_Name": "Microsoft-Windows-SMBClient", "Computer": "DESKTOP-OFJ6N53", "TimeCreated": "2024-05-29 08:10:03.170959+00:00", "RecordID": "823", "Level": "3", "UserID": "S-1-5-18", "EventData.RegName": "AllowInsecureGuestAuth", "EventData.RegValue": "1"}
{"EventID": "31018", "Channel": "Microsoft-Windows-SmbClient/Security", "Provider_Name": "Microsoft-Windows-SMBClient", "Computer": "DESKTOP-OFJ6N53", "TimeCreated": "2024-05-30 10:56:05.134192+00:00", "RecordID": "824", "Level": "3", "UserID": "S-1-5-18", "EventData.RegName": "AllowInsecureGuestAuth", "EventData.RegValue": "1"}
{"EventID": "31018", "Channel": "Microsoft-Windows-SmbClient/Security", "Provider_Name": "Microsoft-Windows-SMBClient", "Computer": "DESKTOP-OFJ6N53", "TimeCreated": "2024-05-30 14:02:15.457424+00:00", "RecordID": "825", "Level": "3", "UserID": "S-1-5-18", "EventData.RegName": "AllowInsecureGuestAuth", "EventData.RegValue": "1"}
{"EventID": "31018", "Channel": "Microsoft-Windows-SmbClient/Security", "Provider_Name": "Microsoft-Windows-SMBClient", "Computer": "DESKTOP-OFJ6N53", "TimeCreated": "2024-05-31 10:41:04.905846+00:00", "RecordID": "826", "Level": "3", "UserID": "S-1-5-18", "EventData.RegName": "AllowInsecureGuestAuth", "EventData.RegValue": "1"}
{"EventID": "31018", "Channel": "Microsoft-Windows-SmbClient/Security", "Provider_Name": "Microsoft-Windows-SMBClient", "Computer": "DESKTOP-OFJ6N53", "TimeCreated": "2024-06-06 12:15:16.965677+00:00", "RecordID": "827", "Level": "3", "UserID": "S-1-5-18", "EventData.RegName": "AllowInsecureGuestAuth", "EventData.RegValue": "1"}
{"EventID": "31018", "Channel": "Microsoft-Windows-SmbClient/Security", "Provider_Name": "Microsoft-Windows-SMBClient", "Computer": "DESKTOP-OFJ6N53", "TimeCreated": "2024-06-06 12:16:27.681759+00:00", "RecordID": "828", "Level": "3", "UserID": "S-1-5-18", "EventData.RegName": "AllowInsecureGuestAuth", "EventData.RegValue": "1"}
{"EventID": "31018", "Channel": "Microsoft-Windows-SmbClient/Security", "Provider_Name": "Microsoft-Windows-SMBClient", "Computer": "DESKTOP-OFJ6N53", "TimeCreated": "2024-06-11 17:56:45.028053+00:00", "RecordID": "829", "Level": "3", "UserID": "S-1-5-18", "EventData.RegName": "AllowInsecureGuestAuth", "EventData.RegValue": "1"}
{"EventID": "31018", "Channel": "Microsoft-Windows-SmbClient/Security", "Provider_Name": "Microsoft-Windows-SMBClient", "Computer": "DESKTOP-OFJ6N53", "TimeCreated": "2024-06-13 10:18:56.111387+00:00", "RecordID": "830", "Level": "3", "UserID": "S-1-5-18", "EventData.RegName": "AllowInsecureGuestAuth", "EventData.RegValue": "1"}
{"EventID": "31018", "Channel": "Microsoft-Windows-SmbClient/Security", "Provider_Name": "Microsoft-Windows-SMBClient", "Computer": "DESKTOP-OFJ6N53", "TimeCreated": "2024-06-18 22:00:59.981985+00:00", "RecordID": "831", "Level": "3", "UserID": "S-1-5-18", "EventData.RegName": "AllowInsecureGuestAuth", "EventData.RegValue": "1"}
{"EventID": "31018", "Channel": "Microsoft-Windows-SmbClient/Security", "Provider_Name": "Microsoft-Windows-SMBClient", "Computer": "DESKTOP-OFJ6N53", "TimeCreated": "2024-06-19 09:44:08.424112+00:00", "RecordID": "832", "Level": "3", "UserID": "S-1-5-18", "EventData.RegName": "AllowInsecureGuestAuth", "EventData.RegValue": "1"}
{"EventID": "31018", "Channel": "Microsoft-Windows-SmbClient/Security", "Provider_Name": "Microsoft-Windows-SMBClient", "Computer": "DESKTOP-OFJ6N53", "TimeCreated": "2024-06-19 15:06:02.942051+00:00", "RecordID": "833", "Level": "3", "UserID": "S-1-5-18", "EventData.RegName": "AllowInsecureGuestAuth", "EventData.RegValue": "1"}
{"EventID": "31018", "Channel": "Microsoft-Windows-SmbClient/Security", "Provider_Name": "Microsoft-Windows-SMBClient", "Computer": "DESKTOP-OFJ6N53", "TimeCreated": "2024-06-22 09:10:21.006792+00:00", "RecordID": "834", "Level": "3", "UserID": "S-1-5-18", "EventData.RegName": "AllowInsecureGuestAuth", "EventData.RegValue": "1"}
{"EventID": "31018", "Channel": "Microsoft-Windows-SmbClient/Security", "Provider_Name": "Microsoft-Windows-SMBClient", "Computer": "DESKTOP-OFJ6N53", "TimeCreated": "2024-06-27 15:22:08.868704+00:00", "RecordID": "835", "Level": "3", "UserID": "S-1-5-18", "EventData.RegName": "AllowInsecureGuestAuth", "EventData.RegValue": "1"}
{"EventID": "31018", "Channel": "Microsoft-Windows-SmbClient/Security", "Provider_Name": "Microsoft-Windows-SMBClient", "Computer": "DESKTOP-OFJ6N53", "TimeCreated": "2024-06-29 20:46:26.288229+00:00", "RecordID": "836", "Level": "3", "UserID": "S-1-5-18", "EventData.RegName": "AllowInsecureGuestAuth", "EventData.RegValue": "1"}
{"EventID": "31018", "Channel": "Microsoft-Windows-SmbClient/Security", "Provider_Name": "Microsoft-Windows-SMBClient", "Computer": "DESKTOP-OFJ6N53", "TimeCreated": "2024-07-03 13:21:56.130949+00:00", "RecordID": "837", "Level": "3", "UserID": "S-1-5-18", "EventData.RegName": "AllowInsecureGuestAuth", "EventData.RegValue": "1"}
{"EventID": "31018", "Channel": "Microsoft-Windows-SmbClient/Security", "Provider_Name": "Microsoft-Windows-SMBClient", "Computer": "DESKTOP-OFJ6N53", "TimeCreated": "2024-07-04 10:14:41.570469+00:00", "RecordID": "838", "Level": "3", "UserID": "S-1-5-18", "EventData.RegName": "AllowInsecureGuestAuth", "EventData.RegValue": "1"}
{"EventID": "31018", "Channel": "Microsoft-Windows-SmbClient/Security", "Provider_Name": "Microsoft-Windows-SMBClient", "Computer": "DESKTOP-OFJ6N53", "TimeCreated": "2024-07-05 14:24:26.704861+00:00", "RecordID": "839", "Level": "3", "UserID": "S-1-5-18", "EventData.RegName": "AllowInsecureGuestAuth", "EventData.RegValue": "1"}
{"EventID": "31018", "Channel": "Microsoft-Windows-SmbClient/Security", "Provider_Name": "Microsoft-Windows-SMBClient", "Computer": "DESKTOP-OFJ6N53", "TimeCreated": "2024-07-10 14:33:48.448269+00:00", "RecordID": "840", "Level": "3", "UserID": "S-1-5-18", "EventData.RegName": "AllowInsecureGuestAuth", "EventData.RegValue": "1"}
{"EventID": "31018", "Channel": "Microsoft-Windows-SmbClient/Security", "Provider_Name": "Microsoft-Windows-SMBClient", "Computer": "DESKTOP-OFJ6N53", "TimeCreated": "2024-07-11 10:33:52.847378+00:00", "RecordID": "841", "Level": "3", "UserID": "S-1-5-18", "EventData.RegName": "AllowInsecureGuestAuth", "EventData.RegValue": "1"}
{"EventID": "31018", "Channel": "Microsoft-Windows-SmbClient/Security", "Provider_Name": "Microsoft-Windows-SMBClient", "Computer": "DESKTOP-OFJ6N53", "TimeCreated": "2024-07-13 13:34:10.590513+00:00", "RecordID": "842", "Level": "3", "UserID": "S-1-5-18", "EventData.RegName": "AllowInsecureGuestAuth", "EventData.RegValue": "1"}
{"EventID": "31018", "Channel": "Microsoft-Windows-SmbClient/Security", "Provider_Name": "Microsoft-Windows-SMBClient", "Computer": "DESKTOP-OFJ6N53", "TimeCreated": "2024-07-16 12:22:30.855970+00:00", "RecordID": "843", "Level": "3", "UserID": "S-1-5-18", "EventData.RegName": "AllowInsecureGuestAuth", "EventData.RegValue": "1"}
{"EventID": "31018", "Channel": "Microsoft-Windows-SmbClient/Security", "Provider_Name": "Microsoft-Windows-SMBClient", "Computer": "DESKTOP-OFJ6N53", "TimeCreated": "2024-07-22 07:26:32.933323+00:00", "RecordID": "844", "Level": "3", "UserID": "S-1-5-18", "EventData.RegName": "AllowInsecureGuestAuth", "EventData.RegValue": "1"}
{"EventID": "31018", "Channel": "Microsoft-Windows-SmbClient/Security", "Provider_Name": "Microsoft-Windows-SMBClient", "Computer": "DESKTOP-OFJ6N53", "TimeCreated": "2024-07-23 18:16:57.134655+00:00", "RecordID": "845", "Level": "3", "UserID": "S-1-5-18", "EventData.RegName": "AllowInsecureGuestAuth", "EventData.RegValue": "1"}
{"EventID": "31018", "Channel": "Microsoft-Windows-SmbClient/Security", "Provider_Name": "Microsoft-Windows-SMBClient", "Computer": "DESKTOP-OFJ6N53", "TimeCreated": "2024-07-24 12:33:14.435049+00:00", "RecordID": "846", "Level": "3", "UserID": "S-1-5-18", "EventData.RegName": "AllowInsecureGuestAuth", "EventData.RegValue": "1"}
{"EventID": "31018", "Channel": "Microsoft-Windows-SmbClient/Security", "Provider_Name": "Microsoft-Windows-SMBClient", "Computer": "DESKTOP-OFJ6N53", "TimeCreated": "2024-07-24 14:10:56.188202+00:00", "RecordID": "847", "Level": "3", "UserID": "S-1-5-18", "EventData.RegName": "AllowInsecureGuestAuth", "EventData.RegValue": "1"}
{"EventID": "31018", "Channel": "Microsoft-Windows-SmbClient/Security", "Provider_Name": "Microsoft-Windows-SMBClient", "Computer": "DESKTOP-OFJ6N53", "TimeCreated": "2024-07-25 12:58:50.257421+00:00", "RecordID": "848", "Level": "3", "UserID": "S-1-5-18", "EventData.RegName": "AllowInsecureGuestAuth", "EventData.RegValue": "1"}
{"EventID": "31018", "Channel": "Microsoft-Windows-SmbClient/Security", "Provider_Name": "Microsoft-Windows-SMBClient", "Computer": "DESKTOP-OFJ6N53", "TimeCreated": "2024-07-25 14:57:07.918339+00:00", "RecordID": "849", "Level": "3", "UserID": "S-1-5-18", "EventData.RegName": "AllowInsecureGuestAuth", "EventData.RegValue": "1"}
{"EventID": "31018", "Channel": "Microsoft-Windows-SmbClient/Security", "Provider_Name": "Microsoft-Windows-SMBClient", "Computer": "DESKTOP-OFJ6N53", "TimeCreated": "2024-07-25 20:13:17.687632+00:00", "RecordID": "850", "Level": "3", "UserID": "S-1-5-18", "EventData.RegName": "AllowInsecureGuestAuth", "EventData.RegValue": "1"}
{"EventID": "31018", "Channel": "Microsoft-Windows-SmbClient/Security", "Provider_Name": "Microsoft-Windows-SMBClient", "Computer": "DESKTOP-OFJ6N53", "TimeCreated": "2024-07-26 10:22:52.965546+00:00", "RecordID": "851", "Level": "3", "UserID": "S-1-5-18", "EventData.RegName": "AllowInsecureGuestAuth", "EventData.RegValue": "1"}
{"EventID": "31018", "Channel": "Microsoft-Windows-SmbClient/Security", "Provider_Name": "Microsoft-Windows-SMBClient", "Computer": "DESKTOP-OFJ6N53", "TimeCreated": "2024-07-28 15:27:23.490950+00:00", "RecordID": "852", "Level": "3", "UserID": "S-1-5-18", "EventData.RegName": "AllowInsecureGuestAuth", "EventData.RegValue": "1"}
{"EventID": "31018", "Channel": "Microsoft-Windows-SmbClient/Security", "Provider_Name": "Microsoft-Windows-SMBClient", "Computer": "DESKTOP-OFJ6N53", "TimeCreated": "2024-07-29 07:30:19.045546+00:00", "RecordID": "853", "Level": "3", "UserID": "S-1-5-18", "EventData.RegName": "AllowInsecureGuestAuth", "EventData.RegValue": "1"}
{"EventID": "31018", "Channel": "Microsoft-Windows-SmbClient/Security", "Provider_Name": "Microsoft-Windows-SMBClient", "Computer": "DESKTOP-OFJ6N53", "TimeCreated": "2024-07-29 12:10:36.509266+00:00", "RecordID": "854", "Level": "3", "UserID": "S-1-5-18", "EventData.RegName": "AllowInsecureGuestAuth", "EventData.RegValue": "1"}
{"EventID": "31018", "Channel": "Microsoft-Windows-SmbClient/Security", "Provider_Name": "Microsoft-Windows-SMBClient", "Computer": "DESKTOP-OFJ6N53", "TimeCreated": "2024-07-29 15:23:20.672899+00:00", "RecordID": "855", "Level": "3", "UserID": "S-1-5-18", "EventData.RegName": "AllowInsecureGuestAuth", "EventData.RegValue": "1"}
{"EventID": "31018", "Channel": "Microsoft-Windows-SmbClient/Security", "Provider_Name": "Microsoft-Windows-SMBClient", "Computer": "DESKTOP-OFJ6N53", "TimeCreated": "2024-07-29 17:43:01.228558+00:00", "RecordID": "856", "Level": "3", "UserID": "S-1-5-18", "EventData.RegName": "AllowInsecureGuestAuth", "EventData.RegValue": "1"}
{"EventID": "31018", "Channel": "Microsoft-Windows-SmbClient/Security", "Provider_Name": "Microsoft-Windows-SMBClient", "Computer": "DESKTOP-OFJ6N53", "TimeCreated": "2024-07-30 08:02:43.234398+00:00", "RecordID": "857", "Level": "3", "UserID": "S-1-5-18", "EventData.RegName": "AllowInsecureGuestAuth", "EventData.RegValue": "1"}
{"EventID": "31018", "Channel": "Microsoft-Windows-SmbClient/Security", "Provider_Name": "Microsoft-Windows-SMBClient", "Computer": "DESKTOP-OFJ6N53", "TimeCreated": "2024-08-01 20:35:09.277592+00:00", "RecordID": "858", "Level": "3", "UserID": "S-1-5-18", "EventData.RegName": "AllowInsecureGuestAuth", "EventData.RegValue": "1"}
{"EventID": "31018", "Channel": "Microsoft-Windows-SmbClient/Security", "Provider_Name": "Microsoft-Windows-SMBClient", "Computer": "DESKTOP-OFJ6N53", "TimeCreated": "2024-08-02 08:18:05.327065+00:00", "RecordID": "859", "Level": "3", "UserID": "S-1-5-18", "EventData.RegName": "AllowInsecureGuestAuth", "EventData.RegValue": "1"}
{"EventID": "31018", "Channel": "Microsoft-Windows-SmbClient/Security", "Provider_Name": "Microsoft-Windows-SMBClient", "Computer": "DESKTOP-OFJ6N53", "TimeCreated": "2024-08-06 11:55:39.674763+00:00", "RecordID": "860", "Level": "3", "UserID": "S-1-5-18", "EventData.RegName": "AllowInsecureGuestAuth", "EventData.RegValue": "1"}
{"EventID": "31018", "Channel": "Microsoft-Windows-SmbClient/Security", "Provider_Name": "Microsoft-Windows-SMBClient", "Computer": "DESKTOP-OFJ6N53", "TimeCreated": "2024-08-14 00:10:14.588797+00:00", "RecordID": "861", "Level": "3", "UserID": "S-1-5-18", "EventData.RegName": "AllowInsecureGuestAuth", "EventData.RegValue": "1"}
{"EventID": "31018", "Channel": "Microsoft-Windows-SmbClient/Security", "Provider_Name": "Microsoft-Windows-SMBClient", "Computer": "DESKTOP-OFJ6N53", "TimeCreated": "2024-08-28 09:32:36.236494+00:00", "RecordID": "862", "Level": "3", "UserID": "S-1-5-18", "EventData.RegName": "AllowInsecureGuestAuth", "EventData.RegValue": "1"}
{"EventID": "31018", "Channel": "Microsoft-Windows-SmbClient/Security", "Provider_Name": "Microsoft-Windows-SMBClient", "Computer": "DESKTOP-OFJ6N53", "TimeCreated": "2024-08-30 11:03:15.100531+00:00", "RecordID": "863", "Level": "3", "UserID": "S-1-5-18", "EventData.RegName": "AllowInsecureGuestAuth", "EventData.RegValue": "1"}
{"EventID": "31018", "Channel": "Microsoft-Windows-SmbClient/Security", "Provider_Name": "Microsoft-Windows-SMBClient", "Computer": "DESKTOP-OFJ6N53", "TimeCreated": "2024-09-04 10:28:48.481247+00:00", "RecordID": "864", "Level": "3", "UserID": "S-1-5-18", "EventData.RegName": "AllowInsecureGuestAuth", "EventData.RegValue": "1"}
{"EventID": "31018", "Channel": "Microsoft-Windows-SmbClient/Security", "Provider_Name": "Microsoft-Windows-SMBClient", "Computer": "DESKTOP-OFJ6N53", "TimeCreated": "2024-09-06 13:35:40.785666+00:00", "RecordID": "865", "Level": "3", "UserID": "S-1-5-18", "EventData.RegName": "AllowInsecureGuestAuth", "EventData.RegValue": "1"}
{"EventID": "31018", "Channel": "Microsoft-Windows-SmbClient/Security", "Provider_Name": "Microsoft-Windows-SMBClient", "Computer": "DESKTOP-OFJ6N53", "TimeCreated": "2024-09-06 13:40:15.575356+00:00", "RecordID": "866", "Level": "3", "UserID": "S-1-5-18", "EventData.RegName": "AllowInsecureGuestAuth", "EventData.RegValue": "1"}
{"EventID": "31018", "Channel": "Microsoft-Windows-SmbClient/Security", "Provider_Name": "Microsoft-Windows-SMBClient", "Computer": "DESKTOP-OFJ6N53", "TimeCreated": "2024-09-06 15:37:04.883663+00:00", "RecordID": "867", "Level": "3", "UserID": "S-1-5-18", "EventData.RegName": "AllowInsecureGuestAuth", "EventData.RegValue": "1"}
{"EventID": "31018", "Channel": "Microsoft-Windows-SmbClient/Security", "Provider_Name": "Microsoft-Windows-SMBClient", "Computer": "DESKTOP-OFJ6N53", "TimeCreated": "2024-09-10 16:34:35.110960+00:00", "RecordID": "868", "Level": "3", "UserID": "S-1-5-18", "EventData.RegName": "AllowInsecureGuestAuth", "EventData.RegValue": "1"}
{"EventID": "31018", "Channel": "Microsoft-Windows-SmbClient/Security", "Provider_Name": "Microsoft-Windows-SMBClient", "Computer": "DESKTOP-OFJ6N53", "TimeCreated": "2024-09-11 09:22:29.767872+00:00", "RecordID": "869", "Level": "3", "UserID": "S-1-5-18", "EventData.RegName": "AllowInsecureGuestAuth", "EventData.RegValue": "1"}
{"EventID": "31018", "Channel": "Microsoft-Windows-SmbClient/Security", "Provider_Name": "Microsoft-Windows-SMBClient", "Computer": "DESKTOP-OFJ6N53", "TimeCreated": "2024-09-11 14:51:04.750994+00:00", "RecordID": "870", "Level": "3", "UserID": "S-1-5-18", "EventData.RegName": "AllowInsecureGuestAuth", "EventData.RegValue": "1"}
{"EventID": "31018", "Channel": "Microsoft-Windows-SmbClient/Security", "Provider_Name": "Microsoft-Windows-SMBClient", "Computer": "DESKTOP-OFJ6N53", "TimeCreated": "2024-09-16 12:53:10.143122+00:00", "RecordID": "871", "Level": "3", "UserID": "S-1-5-18", "EventData.RegName": "AllowInsecureGuestAuth", "EventData.RegValue": "1"}
{"EventID": "31018", "Channel": "Microsoft-Windows-SmbClient/Security", "Provider_Name": "Microsoft-Windows-SMBClient", "Computer": "DESKTOP-OFJ6N53", "TimeCreated": "2024-09-17 12:05:57.542448+00:00", "RecordID": "872", "Level": "3", "UserID": "S-1-5-18", "EventData.RegName": "AllowInsecureGuestAuth", "EventData.RegValue": "1"}
{"EventID": "31018", "Channel": "Microsoft-Windows-SmbClient/Security", "Provider_Name": "Microsoft-Windows-SMBClient", "Computer": "DESKTOP-OFJ6N53", "TimeCreated": "2024-09-19 07:41:45.990639+00:00", "RecordID": "873", "Level": "3", "UserID": "S-1-5-18", "EventData.RegName": "AllowInsecureGuestAuth", "EventData.RegValue": "1"}
{"EventID": "31018", "Channel": "Microsoft-Windows-SmbClient/Security", "Provider_Name": "Microsoft-Windows-SMBClient", "Computer": "DESKTOP-OFJ6N53", "TimeCreated": "2024-09-19 17:25:27.327301+00:00", "RecordID": "874", "Level": "3", "UserID": "S-1-5-18", "EventData.RegName": "AllowInsecureGuestAuth", "EventData.RegValue": "1"}
{"EventID": "31018", "Channel": "Microsoft-Windows-SmbClient/Security", "Provider_Name": "Microsoft-Windows-SMBClient", "Computer": "DESKTOP-OFJ6N53", "TimeCreated": "2024-09-22 14:20:51.830719+00:00", "RecordID": "875", "Level": "3", "UserID": "S-1-5-18", "EventData.RegName": "AllowInsecureGuestAuth", "EventData.RegValue": "1"}
{"EventID": "31018", "Channel": "Microsoft-Windows-SmbClient/Security", "Provider_Name": "Microsoft-Windows-SMBClient", "Computer": "DESKTOP-OFJ6N53", "TimeCreated": "2024-09-22 20:15:53.333040+00:00", "RecordID": "876", "Level": "3", "UserID": "S-1-5-18", "EventData.RegName": "AllowInsecureGuestAuth", "EventData.RegValue": "1"}
{"EventID": "31018", "Channel": "Microsoft-Windows-SmbClient/Security", "Provider_Name": "Microsoft-Windows-SMBClient", "Computer": "DESKTOP-OFJ6N53", "TimeCreated": "2024-09-24 10:57:32.954670+00:00", "RecordID": "877", "Level": "3", "UserID": "S-1-5-18", "EventData.RegName": "AllowInsecureGuestAuth", "EventData.RegValue": "1"}
{"EventID": "31018", "Channel": "Microsoft-Windows-SmbClient/Security", "Provider_Name": "Microsoft-Windows-SMBClient", "Computer": "DESKTOP-OFJ6N53", "TimeCreated": "2024-09-24 12:13:56.836048+00:00", "RecordID": "878", "Level": "3", "UserID": "S-1-5-18", "EventData.RegName": "AllowInsecureGuestAuth", "EventData.RegValue": "1"}
{"EventID": "31018", "Channel": "Microsoft-Windows-SmbClient/Security", "Provider_Name": "Microsoft-Windows-SMBClient", "Computer": "DESKTOP-OFJ6N53", "TimeCreated": "2024-09-24 15:14:23.204226+00:00", "RecordID": "879", "Level": "3", "UserID": "S-1-5-18", "EventData.RegName": "AllowInsecureGuestAuth", "EventData.RegValue": "1"}
{"EventID": "31018", "Channel": "Microsoft-Windows-SmbClient/Security", "Provider_Name": "Microsoft-Windows-SMBClient", "Computer": "DESKTOP-OFJ6N53", "TimeCreated": "2024-09-25 13:38:58.304403+00:00", "RecordID": "880", "Level": "3", "UserID": "S-1-5-18", "EventData.RegName": "AllowInsecureGuestAuth", "EventData.RegValue": "1"}
{"EventID": "31018", "Channel": "Microsoft-Windows-SmbClient/Security", "Provider_Name": "Microsoft-Windows-SMBClient", "Computer": "DESKTOP-OFJ6N53", "TimeCreated": "2024-09-27 03:16:07.459499+00:00", "RecordID": "881", "Level": "3", "UserID": "S-1-5-18", "EventData.RegName": "AllowInsecureGuestAuth", "EventData.RegValue": "1"}
{"EventID": "31018", "Channel": "Microsoft-Windows-SmbClient/Security", "Provider_Name": "Microsoft-Windows-SMBClient", "Computer": "DESKTOP-OFJ6N53", "TimeCreated": "2024-09-28 06:07:04.451099+00:00", "RecordID": "882", "Level": "3", "UserID": "S-1-5-18", "EventData.RegName": "AllowInsecureGuestAuth", "EventData.RegValue": "1"}
{"EventID": "31018", "Channel": "Microsoft-Windows-SmbClient/Security", "Provider_Name": "Microsoft-Windows-SMBClient", "Computer": "DESKTOP-OFJ6N53", "TimeCreated": "2024-09-28 12:29:08.267357+00:00", "RecordID": "883", "Level": "3", "UserID": "S-1-5-18", "EventData.RegName": "AllowInsecureGuestAuth", "EventData.RegValue": "1"}
{"EventID": "31018", "Channel": "Microsoft-Windows-SmbClient/Security", "Provider_Name": "Microsoft-Windows-SMBClient", "Computer": "DESKTOP-OFJ6N53", "TimeCreated": "2024-09-28 15:06:44.310118+00:00", "RecordID": "884", "Level": "3", "UserID": "S-1-5-18", "EventData.RegName": "AllowInsecureGuestAuth", "EventData.RegValue": "1"}
{"EventID": "31018", "Channel": "Microsoft-Windows-SmbClient/Security", "Provider_Name": "Microsoft-Windows-SMBClient", "Computer": "DESKTOP-OFJ6N53", "TimeCreated": "2024-09-30 22:32:58.335114+00:00", "RecordID": "885", "Level": "3", "UserID": "S-1-5-18", "EventData.RegName": "AllowInsecureGuestAuth", "EventData.RegValue": "1"}
{"EventID": "31018", "Channel": "Microsoft-Windows-SmbClient/Security", "Provider_Name": "Microsoft-Windows-SMBClient", "Computer": "DESKTOP-OFJ6N53", "TimeCreated": "2024-10-01 12:56:36.506872+00:00", "RecordID": "886", "Level": "3", "UserID": "S-1-5-18", "EventData.RegName": "AllowInsecureGuestAuth", "EventData.RegValue": "1"}
{"EventID": "31018", "Channel": "Microsoft-Windows-SmbClient/Security", "Provider_Name": "Microsoft-Windows-SMBClient", "Computer": "DESKTOP-OFJ6N53", "TimeCreated": "2024-10-03 16:33:01.384251+00:00", "RecordID": "887", "Level": "3", "UserID": "S-1-5-18", "EventData.RegName": "AllowInsecureGuestAuth", "EventData.RegValue": "1"}
{"EventID": "31018", "Channel": "Microsoft-Windows-SmbClient/Security", "Provider_Name": "Microsoft-Windows-SMBClient", "Computer": "DESKTOP-OFJ6N53", "TimeCreated": "2024-10-04 11:16:55.498043+00:00", "RecordID": "888", "Level": "3", "UserID": "S-1-5-18", "EventData.RegName": "AllowInsecureGuestAuth", "EventData.RegValue": "1"}
{"EventID": "31018", "Channel": "Microsoft-Windows-SmbClient/Security", "Provider_Name": "Microsoft-Windows-SMBClient", "Computer": "DESKTOP-OFJ6N53", "TimeCreated": "2024-10-04 12:29:53.115776+00:00", "RecordID": "889", "Level": "3", "UserID": "S-1-5-18", "EventData.RegName": "AllowInsecureGuestAuth", "EventData.RegValue": "1"}
{"EventID": "31018", "Channel": "Microsoft-Windows-SmbClient/Security", "Provider_Name": "Microsoft-Windows-SMBClient", "Computer": "DESKTOP-OFJ6N53", "TimeCreated": "2024-10-04 22:02:52.498064+00:00", "RecordID": "890", "Level": "3", "UserID": "S-1-5-18", "EventData.RegName": "AllowInsecureGuestAuth", "EventData.RegValue": "1"}
{"EventID": "31018", "Channel": "Microsoft-Windows-SmbClient/Security", "Provider_Name": "Microsoft-Windows-SMBClient", "Computer": "DESKTOP-OFJ6N53", "TimeCreated": "2024-10-08 20:25:30.381977+00:00", "RecordID": "891", "Level": "3", "UserID": "S-1-5-18", "EventData.RegName": "AllowInsecureGuestAuth", "EventData.RegValue": "1"}
{"EventID": "31018", "Channel": "Microsoft-Windows-SmbClient/Security", "Provider_Name": "Microsoft-Windows-SMBClient", "Computer": "DESKTOP-OFJ6N53", "TimeCreated": "2024-10-16 22:43:32.150122+00:00", "RecordID": "892", "Level": "3", "UserID": "S-1-5-18", "EventData.RegName": "AllowInsecureGuestAuth", "EventData.RegValue": "1"}
{"EventID": "31018", "Channel": "Microsoft-Windows-SmbClient/Security", "Provider_Name": "Microsoft-Windows-SMBClient", "Computer": "DESKTOP-OFJ6N53", "TimeCreated": "2024-10-17 17:54:56.316368+00:00", "RecordID": "893", "Level": "3", "UserID": "S-1-5-18", "EventData.RegName": "AllowInsecureGuestAuth", "EventData.RegValue": "1"}
{"EventID": "31018", "Channel": "Microsoft-Windows-SmbClient/Security", "Provider_Name": "Microsoft-Windows-SMBClient", "Computer": "DESKTOP-OFJ6N53", "TimeCreated": "2024-10-20 21:48:02.454969+00:00", "RecordID": "894", "Level": "3", "UserID": "S-1-5-18", "EventData.RegName": "AllowInsecureGuestAuth", "EventData.RegValue": "1"}
{"EventID": "31018", "Channel": "Microsoft-Windows-SmbClient/Security", "Provider_Name": "Microsoft-Windows-SMBClient", "Computer": "DESKTOP-OFJ6N53", "TimeCreated": "2024-10-24 22:46:19.741770+00:00", "RecordID": "895", "Level": "3", "UserID": "S-1-5-18", "EventData.RegName": "AllowInsecureGuestAuth", "EventData.RegValue": "1"}
{"EventID": "31018", "Channel": "Microsoft-Windows-SmbClient/Security", "Provider_Name": "Microsoft-Windows-SMBClient", "Computer": "DESKTOP-OFJ6N53", "TimeCreated": "2024-10-25 19:42:55.471804+00:00", "RecordID": "896", "Level": "3", "UserID": "S-1-5-18", "EventData.RegName": "AllowInsecureGuestAuth", "EventData.RegValue": "1"}
{"EventID": "31018", "Channel": "Microsoft-Windows-SmbClient/Security", "Provider_Name": "Microsoft-Windows-SMBClient", "Computer": "DESKTOP-OFJ6N53", "TimeCreated": "2024-10-31 14:21:19.114202+00:00", "RecordID": "897", "Level": "3", "UserID": "S-1-5-18", "EventData.RegName": "AllowInsecureGuestAuth", "EventData.RegValue": "1"}
{"EventID": "31018", "Channel": "Microsoft-Windows-SmbClient/Security", "Provider_Name": "Microsoft-Windows-SMBClient", "Computer": "DESKTOP-OFJ6N53", "TimeCreated": "2024-11-01 00:39:29.616640+00:00", "RecordID": "898", "Level": "3", "UserID": "S-1-5-18", "EventData.RegName": "AllowInsecureGuestAuth", "EventData.RegValue": "1"}
{"EventID": "31018", "Channel": "Microsoft-Windows-SmbClient/Security", "Provider_Name": "Microsoft-Windows-SMBClient", "Computer": "DESKTOP-OFJ6N53", "TimeCreated": "2024-11-01 15:20:53.362408+00:00", "RecordID": "899", "Level": "3", "UserID": "S-1-5-18", "EventData.RegName": "AllowInsecureGuestAuth", "EventData.RegValue": "1"}
{"EventID": "31018", "Channel": "Microsoft-Windows-SmbClient/Security", "Provider_Name": "Microsoft-Windows-SMBClient", "Computer": "DESKTOP-OFJ6N53", "TimeCreated": "2024-11-02 12:49:33.573311+00:00", "RecordID": "900", "Level": "3", "UserID": "S-1-5-18", "EventData.RegName": "AllowInsecureGuestAuth", "EventData.RegValue": "1"}
{"EventID": "31018", "Channel": "Microsoft-Windows-SmbClient/Security", "Provider_Name": "Microsoft-Windows-SMBClient", "Computer": "DESKTOP-OFJ6N53", "TimeCreated": "2024-11-02 23:21:21.072941+00:00", "RecordID": "901", "Level": "3", "UserID": "S-1-5-18", "EventData.RegName": "AllowInsecureGuestAuth", "EventData.RegValue": "1"}
{"EventID": "31018", "Channel": "Microsoft-Windows-SmbClient/Security", "Provider_Name": "Microsoft-Windows-SMBClient", "Computer": "DESKTOP-OFJ6N53", "TimeCreated": "2024-11-13 14:45:14.459400+00:00", "RecordID": "902", "Level": "3", "UserID": "S-1-5-18", "EventData.RegName": "AllowInsecureGuestAuth", "EventData.RegValue": "1"}
{"EventID": "31018", "Channel": "Microsoft-Windows-SmbClient/Security", "Provider_Name": "Microsoft-Windows-SMBClient", "Computer": "DESKTOP-OFJ6N53", "TimeCreated": "2024-11-18 12:14:11.411329+00:00", "RecordID": "903", "Level": "3", "UserID": "S-1-5-18", "EventData.RegName": "AllowInsecureGuestAuth", "EventData.RegValue": "1"}
{"EventID": "31018", "Channel": "Microsoft-Windows-SmbClient/Security", "Provider_Name": "Microsoft-Windows-SMBClient", "Computer": "DESKTOP-OFJ6N53", "TimeCreated": "2024-11-27 12:53:24.338221+00:00", "RecordID": "904", "Level": "3", "UserID": "S-1-5-18", "EventData.RegName": "AllowInsecureGuestAuth", "EventData.RegValue": "1"}
{"EventID": "31018", "Channel": "Microsoft-Windows-SmbClient/Security", "Provider_Name": "Microsoft-Windows-SMBClient", "Computer": "DESKTOP-OFJ6N53", "TimeCreated": "2024-12-03 10:23:58.886320+00:00", "RecordID": "905", "Level": "3", "UserID": "S-1-5-18", "EventData.RegName": "AllowInsecureGuestAuth", "EventData.RegValue": "1"}
{"EventID": "31018", "Channel": "Microsoft-Windows-SmbClient/Security", "Provider_Name": "Microsoft-Windows-SMBClient", "Computer": "DESKTOP-OFJ6N53", "TimeCreated": "2024-12-08 14:08:10.087305+00:00", "RecordID": "906", "Level": "3", "UserID": "S-1-5-18", "EventData.RegName": "AllowInsecureGuestAuth", "EventData.RegValue": "1"}
