{"EventID": "9", "Channel": "Microsoft-Windows-Crypto-NCrypt/Operational", "Provider_Name": "Microsoft-Windows-Crypto-NCrypt", "Computer": "DESKTOP-OFJ6N53", "TimeCreated": "2024-09-25 14:36:21.424210+00:00", "RecordID": "3605", "Level": "5", "UserID": "S-1-5-18", "EventData.ProviderName": "Microsoft Software Key Storage Provider", "EventData.KeyModificationType": "0x00000001", "EventData.Flags": "0x00000000", "EventData.KeyName": "822BF3FA1D1E9A01B277A1D987D49545FDE3C4B6", "EventData.KeyFileName": "c8d74d183517364a390dfbf23b300896_27707a90-922c-4012-a495-08c5f439c147", "EventData.ProcessName": "C:\\Program Files (x86)\\Cisco\\Cisco AnyConnect Secure Mobility Client\\vpnagent.exe", "EventData.ProcessId": "0x0000093c", "EventData.ThreadId": "0x00002b38", "EventData.UserId": "S-1-5-18", "EventData.ServiceTag": "vpnagent", "EventData.Status": "0x00000000"}
{"EventID": "11", "Channel": "Microsoft-Windows-Crypto-NCrypt/Operational", "Provider_Name": "Microsoft-Windows-Crypto-NCrypt", "Computer": "DESKTOP-OFJ6N53", "TimeCreated": "2024-09-25 14:36:21.976042+00:00", "RecordID": "3606", "Level": "5", "UserID": "S-1-5-18", "EventData.ProviderName": "Microsoft Software Key Storage Provider", "EventData.Flags": "0x00000040", "EventData.DeletionType": "0x00000000", "EventData.KeyName": "822BF3FA1D1E9A01B277A1D987D49545FDE3C4B6", "EventData.KeyFileName": "c8d74d183517364a390dfbf23b300896_27707a90-922c-4012-a495-08c5f439c147", "EventData.ProcessName": "C:\\Program Files (x86)\\Cisco\\Cisco AnyConnect Secure Mobility Client\\vpnagent.exe", "EventData.ProcessId": "0x0000093c", "EventData.ThreadId": "0x00002b38", "EventData.UserId": "S-1-5-18", "EventData.ServiceTag": "vpnagent", "EventData.Status": "0x00000000"}
{"EventID": "9", "Channel": "Microsoft-Windows-Crypto-NCrypt/Operational", "Provider_Name": "Microsoft-Windows-Crypto-NCrypt", "Computer": "DESKTOP-OFJ6N53", "TimeCreated": "2024-09-25 14:36:21.978134+00:00", "RecordID": "3607", "Level": "5", "UserID": "S-1-5-18", "EventData.ProviderName": "Microsoft Software Key Storage Provider", "EventData.KeyModificationType": "0x00000001", "EventData.Flags": "0x00000000", "EventData.KeyName": "822BF3FA1D1E9A01B277A1D987D49545FDE3C4B6", "EventData.KeyFileName": "c8d74d183517364a390dfbf23b300896_27707a90-922c-4012-a495-08c5f439c147", "EventData.ProcessName": "C:\\Program Files (x86)\\Cisco\\Cisco AnyConnect Secure Mobility Client\\vpnagent.exe", "EventData.ProcessId": "0x0000093c", "EventData.ThreadId": "0x00002b38", "EventData.UserId": "S-1-5-18", "EventData.ServiceTag": "vpnagent", "EventData.Status": "0x00000000"}
{"EventID": "11", "Channel": "Microsoft-Windows-Crypto-NCrypt/Operational", "Provider_Name": "Microsoft-Windows-Crypto-NCrypt", "Computer": "DESKTOP-OFJ6N53", "TimeCreated": "2024-09-25 14:36:47.354813+00:00", "RecordID": "3608", "Level": "5", "UserID": "S-1-5-18", "EventData.ProviderName": "Microsoft Software Key Storage Provider", "EventData.Flags": "0x00000040", "EventData.DeletionType": "0x00000000", "EventData.KeyName": "822BF3FA1D1E9A01B277A1D987D49545FDE3C4B6", "EventData.KeyFileName": "c8d74d183517364a390dfbf23b300896_27707a90-922c-4012-a495-08c5f439c147", "EventData.ProcessName": "C:\\Program Files (x86)\\Cisco\\Cisco AnyConnect Secure Mobility Client\\vpnagent.exe", "EventData.ProcessId": "0x0000093c", "EventData.ThreadId": "0x00002b38", "EventData.UserId": "S-1-5-18", "EventData.ServiceTag": "vpnagent", "EventData.Status": "0x00000000"}
{"EventID": "9", "Channel": "Microsoft-Windows-Crypto-NCrypt/Operational", "Provider_Name": "Microsoft-Windows-Crypto-NCrypt", "Computer": "DESKTOP-OFJ6N53", "TimeCreated": "2024-09-25 14:36:55.209003+00:00", "RecordID": "3609", "Level": "5", "UserID": "S-1-5-18", "EventData.ProviderName": "Microsoft Software Key Storage Provider", "EventData.KeyModificationType": "0x00000001", "EventData.Flags": "0x00000000", "EventData.KeyName": "822BF3FA1D1E9A01B277A1D987D49545FDE3C4B6", "EventData.KeyFileName": "c8d74d183517364a390dfbf23b300896_27707a90-922c-4012-a495-08c5f439c147", "EventData.ProcessName": "C:\\Program Files (x86)\\Cisco\\Cisco AnyConnect Secure Mobility Client\\vpnagent.exe", "EventData.ProcessId": "0x0000093c", "EventData.ThreadId": "0x00002b38", "EventData.UserId": "S-1-5-18", "EventData.ServiceTag": "vpnagent", "EventData.Status": "0x00000000"}
{"EventID": "11", "Channel": "Microsoft-Windows-Crypto-NCrypt/Operational", "Provider_Name": "Microsoft-Windows-Crypto-NCrypt", "Computer": "DESKTOP-OFJ6N53", "TimeCreated": "2024-09-25 14:36:55.387714+00:00", "RecordID": "3610", "Level": "5", "UserID": "S-1-5-18", "EventData.ProviderName": "Microsoft Software Key Storage Provider", "EventData.Flags": "0x00000040", "EventData.DeletionType": "0x00000000", "EventData.KeyName": "822BF3FA1D1E9A01B277A1D987D49545FDE3C4B6", "EventData.KeyFileName": "c8d74d183517364a390dfbf23b300896_27707a90-922c-4012-a495-08c5f439c147", "EventData.ProcessName": "C:\\Program Files (x86)\\Cisco\\Cisco AnyConnect Secure Mobility Client\\vpnagent.exe", "EventData.ProcessId": "0x0000093c", "EventData.ThreadId": "0x00002b38", "EventData.UserId": "S-1-5-18", "EventData.ServiceTag": "vpnagent", "EventData.Status": "0x00000000"}
{"EventID": "9", "Channel": "Microsoft-Windows-Crypto-NCrypt/Operational", "Provider_Name": "Microsoft-Windows-Crypto-NCrypt", "Computer": "DESKTOP-OFJ6N53", "TimeCreated": "2024-09-25 14:36:55.389965+00:00", "RecordID": "3611", "Level": "5", "UserID": "S-1-5-18", "EventData.ProviderName": "Microsoft Software Key Storage Provider", "EventData.KeyModificationType": "0x00000001", "EventData.Flags": "0x00000000", "EventData.KeyName": "822BF3FA1D1E9A01B277A1D987D49545FDE3C4B6", "EventData.KeyFileName": "c8d74d183517364a390dfbf23b300896_27707a90-922c-4012-a495-08c5f439c147", "EventData.ProcessName": "C:\\Program Files (x86)\\Cisco\\Cisco AnyConnect Secure Mobility Client\\vpnagent.exe", "EventData.ProcessId": "0x0000093c", "EventData.ThreadId": "0x00002b38", "EventData.UserId": "S-1-5-18", "EventData.ServiceTag": "vpnagent", "EventData.Status": "0x00000000"}
{"EventID": "11", "Channel": "Microsoft-Windows-Crypto-NCrypt/Operational", "Provider_Name": "Microsoft-Windows-Crypto-NCrypt", "Computer": "DESKTOP-OFJ6N53", "TimeCreated": "2024-09-25 14:37:17.054115+00:00", "RecordID": "3612", "Level": "5", "UserID": "S-1-5-18", "EventData.ProviderName": "Microsoft Software Key Storage Provider", "EventData.Flags": "0x00000040", "EventData.DeletionType": "0x00000000", "EventData.KeyName": "822BF3FA1D1E9A01B277A1D987D49545FDE3C4B6", "EventData.KeyFileName": "c8d74d183517364a390dfbf23b300896_27707a90-922c-4012-a495-08c5f439c147", "EventData.ProcessName": "C:\\Program Files (x86)\\Cisco\\Cisco AnyConnect Secure Mobility Client\\vpnagent.exe", "EventData.ProcessId": "0x0000093c", "EventData.ThreadId": "0x00002be0", "EventData.UserId": "S-1-5-18", "EventData.ServiceTag": "vpnagent", "EventData.Status": "0x00000000"}
{"EventID": "9", "Channel": "Microsoft-Windows-Crypto-NCrypt/Operational", "Provider_Name": "Microsoft-Windows-Crypto-NCrypt", "Computer": "DESKTOP-OFJ6N53", "TimeCreated": "2024-09-25 14:37:47.884958+00:00", "RecordID": "3613", "Level": "5", "UserID": "S-1-5-18", "EventData.ProviderName": "Microsoft Software Key Storage Provider", "EventData.KeyModificationType": "0x00000001", "EventData.Flags": "0x00000000", "EventData.KeyName": "822BF3FA1D1E9A01B277A1D987D49545FDE3C4B6", "EventData.KeyFileName": "c8d74d183517364a390dfbf23b300896_27707a90-922c-4012-a495-08c5f439c147", "EventData.ProcessName": "C:\\Program Files (x86)\\Cisco\\Cisco AnyConnect Secure Mobility Client\\vpnagent.exe", "EventData.ProcessId": "0x0000093c", "EventData.ThreadId": "0x00002b38", "EventData.UserId": "S-1-5-18", "EventData.ServiceTag": "vpnagent", "EventData.Status": "0x00000000"}
{"EventID": "11", "Channel": "Microsoft-Windows-Crypto-NCrypt/Operational", "Provider_Name": "Microsoft-Windows-Crypto-NCrypt", "Computer": "DESKTOP-OFJ6N53", "TimeCreated": "2024-09-25 14:37:48.121672+00:00", "RecordID": "3614", "Level": "5", "UserID": "S-1-5-18", "EventData.ProviderName": "Microsoft Software Key Storage Provider", "EventData.Flags": "0x00000040", "EventData.DeletionType": "0x00000000", "EventData.KeyName": "822BF3FA1D1E9A01B277A1D987D49545FDE3C4B6", "EventData.KeyFileName": "c8d74d183517364a390dfbf23b300896_27707a90-922c-4012-a495-08c5f439c147", "EventData.ProcessName": "C:\\Program Files (x86)\\Cisco\\Cisco AnyConnect Secure Mobility Client\\vpnagent.exe", "EventData.ProcessId": "0x0000093c", "EventData.ThreadId": "0x00002b38", "EventData.UserId": "S-1-5-18", "EventData.ServiceTag": "vpnagent", "EventData.Status": "0x00000000"}
{"EventID": "9", "Channel": "Microsoft-Windows-Crypto-NCrypt/Operational", "Provider_Name": "Microsoft-Windows-Crypto-NCrypt", "Computer": "DESKTOP-OFJ6N53", "TimeCreated": "2024-09-25 14:37:48.124565+00:00", "RecordID": "3615", "Level": "5", "UserID": "S-1-5-18", "EventData.ProviderName": "Microsoft Software Key Storage Provider", "EventData.KeyModificationType": "0x00000001", "EventData.Flags": "0x00000000", "EventData.KeyName": "822BF3FA1D1E9A01B277A1D987D49545FDE3C4B6", "EventData.KeyFileName": "c8d74d183517364a390dfbf23b300896_27707a90-922c-4012-a495-08c5f439c147", "EventData.ProcessName": "C:\\Program Files (x86)\\Cisco\\Cisco AnyConnect Secure Mobility Client\\vpnagent.exe", "EventData.ProcessId": "0x0000093c", "EventData.ThreadId": "0x00002b38", "EventData.UserId": "S-1-5-18", "EventData.ServiceTag": "vpnagent", "EventData.Status": "0x00000000"}
{"EventID": "11", "Channel": "Microsoft-Windows-Crypto-NCrypt/Operational", "Provider_Name": "Microsoft-Windows-Crypto-NCrypt", "Computer": "DESKTOP-OFJ6N53", "TimeCreated": "2024-09-25 14:37:52.576040+00:00", "RecordID": "3616", "Level": "5", "UserID": "S-1-5-18", "EventData.ProviderName": "Microsoft Software Key Storage Provider", "EventData.Flags": "0x00000040", "EventData.DeletionType": "0x00000000", "EventData.KeyName": "822BF3FA1D1E9A01B277A1D987D49545FDE3C4B6", "EventData.KeyFileName": "c8d74d183517364a390dfbf23b300896_27707a90-922c-4012-a495-08c5f439c147", "EventData.ProcessName": "C:\\Program Files (x86)\\Cisco\\Cisco AnyConnect Secure Mobility Client\\vpnagent.exe", "EventData.ProcessId": "0x0000093c", "EventData.ThreadId": "0x00000320", "EventData.UserId": "S-1-5-18", "EventData.ServiceTag": "vpnagent", "EventData.Status": "0x00000000"}
{"EventID": "2", "Channel": "Microsoft-Windows-Crypto-NCrypt/Operational", "Provider_Name": "Microsoft-Windows-Crypto-NCrypt", "Computer": "DESKTOP-OFJ6N53", "TimeCreated": "2024-09-25 14:38:11.947216+00:00", "RecordID": "3617", "Level": "2", "UserID": "S-1-5-21-963789628-1060504924-4285088085-1001", "EventData.ProviderName": "Microsoft Platform Crypto Provider", "EventData.Status": "0x80090030", "EventData.ProcessName": "chrome.exe"}
{"EventID": "4", "Channel": "Microsoft-Windows-Crypto-NCrypt/Operational", "Provider_Name": "Microsoft-Windows-Crypto-NCrypt", "Computer": "DESKTOP-OFJ6N53", "TimeCreated": "2024-09-25 14:38:11.949287+00:00", "RecordID": "3618", "Level": "2", "UserID": "S-1-5-21-963789628-1060504924-4285088085-1001", "EventData.ProviderName": "Microsoft Software Key Storage Provider", "EventData.KeyName": "ChromeMetricsTestKey", "EventData.AlgorithmName": "ECDSA_P256", "EventData.Flags": "0x00020000", "EventData.Status": "0x80090029", "EventData.ProcessName": "chrome.exe"}
{"EventID": "4", "Channel": "Microsoft-Windows-Crypto-NCrypt/Operational", "Provider_Name": "Microsoft-Windows-Crypto-NCrypt", "Computer": "DESKTOP-OFJ6N53", "TimeCreated": "2024-09-25 14:38:12.111359+00:00", "RecordID": "3619", "Level": "2", "UserID": "S-1-5-21-963789628-1060504924-4285088085-1001", "EventData.ProviderName": "Microsoft Passport Key Storage Provider", "EventData.KeyName": "S-1-5-21-963789628-1060504924-4285088085-1001//S-1-5-21-963789628-1060504924-4285088085-1001//MSTestAvailability-FF2FA111-E816-4D1B-BDDD-65F189969E50", "EventData.AlgorithmName": "RSA", "EventData.Flags": "0x00000000", "EventData.Status": "0x80090016", "EventData.ProcessName": "chrome.exe"}
{"EventID": "2", "Channel": "Microsoft-Windows-Crypto-NCrypt/Operational", "Provider_Name": "Microsoft-Windows-Crypto-NCrypt", "Computer": "DESKTOP-OFJ6N53", "TimeCreated": "2024-09-25 14:47:44.586206+00:00", "RecordID": "3620", "Level": "2", "UserID": "S-1-5-18", "EventData.ProviderName": "Microsoft Platform Crypto Provider", "EventData.Status": "0x80090030", "EventData.ProcessName": "taskhostw.exe"}
{"EventID": "2", "Channel": "Microsoft-Windows-Crypto-NCrypt/Operational", "Provider_Name": "Microsoft-Windows-Crypto-NCrypt", "Computer": "DESKTOP-OFJ6N53", "TimeCreated": "2024-09-27 03:23:33.130444+00:00", "RecordID": "3621", "Level": "2", "UserID": "S-1-5-18", "EventData.ProviderName": "Microsoft Platform Crypto Provider", "EventData.Status": "0x80090030", "EventData.ProcessName": "taskhostw.exe"}
{"EventID": "2", "Channel": "Microsoft-Windows-Crypto-NCrypt/Operational", "Provider_Name": "Microsoft-Windows-Crypto-NCrypt", "Computer": "DESKTOP-OFJ6N53", "TimeCreated": "2024-09-27 03:24:58.362320+00:00", "RecordID": "3622", "Level": "2", "UserID": "S-1-5-18", "EventData.ProviderName": "Microsoft Platform Crypto Provider", "EventData.Status": "0x80090030", "EventData.ProcessName": "taskhostw.exe"}
{"EventID": "2", "Channel": "Microsoft-Windows-Crypto-NCrypt/Operational", "Provider_Name": "Microsoft-Windows-Crypto-NCrypt", "Computer": "DESKTOP-OFJ6N53", "TimeCreated": "2024-09-28 12:29:08.013115+00:00", "RecordID": "3623", "Level": "2", "UserID": "S-1-5-19", "EventData.ProviderName": "Microsoft Platform Crypto Provider", "EventData.Status": "0x80090030", "EventData.ProcessName": "svchost.exe"}
{"EventID": "3", "Channel": "Microsoft-Windows-Crypto-NCrypt/Operational", "Provider_Name": "Microsoft-Windows-Crypto-NCrypt", "Computer": "DESKTOP-OFJ6N53", "TimeCreated": "2024-09-28 12:29:10.494274+00:00", "RecordID": "3624", "Level": "2", "UserID": "S-1-5-18", "EventData.ProviderName": "Microsoft Software Key Storage Provider", "EventData.KeyName": "822BF3FA1D1E9A01B277A1D987D49545FDE3C4B6", "EventData.Status": "0x80090016", "EventData.ProcessName": "vpnagent.exe"}
{"EventID": "2", "Channel": "Microsoft-Windows-Crypto-NCrypt/Operational", "Provider_Name": "Microsoft-Windows-Crypto-NCrypt", "Computer": "DESKTOP-OFJ6N53", "TimeCreated": "2024-09-28 12:29:23.433805+00:00", "RecordID": "3625", "Level": "2", "UserID": "S-1-5-21-963789628-1060504924-4285088085-1001", "EventData.ProviderName": "Microsoft Platform Crypto Provider", "EventData.Status": "0x80090030", "EventData.ProcessName": "wwahost.exe"}
{"EventID": "2", "Channel": "Microsoft-Windows-Crypto-NCrypt/Operational", "Provider_Name": "Microsoft-Windows-Crypto-NCrypt", "Computer": "DESKTOP-OFJ6N53", "TimeCreated": "2024-09-28 12:29:30.567719+00:00", "RecordID": "3626", "Level": "2", "UserID": "S-1-5-18", "EventData.ProviderName": "Microsoft Platform Crypto Provider", "EventData.Status": "0x80090030", "EventData.ProcessName": "lsass.exe"}
{"EventID": "2", "Channel": "Microsoft-Windows-Crypto-NCrypt/Operational", "Provider_Name": "Microsoft-Windows-Crypto-NCrypt", "Computer": "DESKTOP-OFJ6N53", "TimeCreated": "2024-09-28 12:31:33.695726+00:00", "RecordID": "3627", "Level": "2", "UserID": "S-1-5-21-963789628-1060504924-4285088085-1001", "EventData.ProviderName": "Microsoft Platform Crypto Provider", "EventData.Status": "0x80090030", "EventData.ProcessName": "TracSrvWrapper.exe"}
{"EventID": "2", "Channel": "Microsoft-Windows-Crypto-NCrypt/Operational", "Provider_Name": "Microsoft-Windows-Crypto-NCrypt", "Computer": "DESKTOP-OFJ6N53", "TimeCreated": "2024-09-28 12:31:36.542843+00:00", "RecordID": "3628", "Level": "2", "UserID": "S-1-5-21-963789628-1060504924-4285088085-1001", "EventData.ProviderName": "Microsoft Platform Crypto Provider", "EventData.Status": "0x80090030", "EventData.ProcessName": "TracCAPI.exe"}
{"EventID": "2", "Channel": "Microsoft-Windows-Crypto-NCrypt/Operational", "Provider_Name": "Microsoft-Windows-Crypto-NCrypt", "Computer": "DESKTOP-OFJ6N53", "TimeCreated": "2024-09-28 12:41:10.971960+00:00", "RecordID": "3629", "Level": "2", "UserID": "S-1-5-18", "EventData.ProviderName": "Microsoft Platform Crypto Provider", "EventData.Status": "0x80090030", "EventData.ProcessName": "taskhostw.exe"}
{"EventID": "2", "Channel": "Microsoft-Windows-Crypto-NCrypt/Operational", "Provider_Name": "Microsoft-Windows-Crypto-NCrypt", "Computer": "DESKTOP-OFJ6N53", "TimeCreated": "2024-09-28 15:05:29.008152+00:00", "RecordID": "3630", "Level": "2", "UserID": "S-1-5-21-963789628-1060504924-4285088085-1001", "EventData.ProviderName": "Microsoft Platform Crypto Provider", "EventData.Status": "0x80090030", "EventData.ProcessName": "chrome.exe"}
{"EventID": "4", "Channel": "Microsoft-Windows-Crypto-NCrypt/Operational", "Provider_Name": "Microsoft-Windows-Crypto-NCrypt", "Computer": "DESKTOP-OFJ6N53", "TimeCreated": "2024-09-28 15:05:29.011189+00:00", "RecordID": "3631", "Level": "2", "UserID": "S-1-5-21-963789628-1060504924-4285088085-1001", "EventData.ProviderName": "Microsoft Software Key Storage Provider", "EventData.KeyName": "ChromeMetricsTestKey", "EventData.AlgorithmName": "ECDSA_P256", "EventData.Flags": "0x00020000", "EventData.Status": "0x80090029", "EventData.ProcessName": "chrome.exe"}
{"EventID": "4", "Channel": "Microsoft-Windows-Crypto-NCrypt/Operational", "Provider_Name": "Microsoft-Windows-Crypto-NCrypt", "Computer": "DESKTOP-OFJ6N53", "TimeCreated": "2024-09-28 15:05:29.122261+00:00", "RecordID": "3632", "Level": "2", "UserID": "S-1-5-21-963789628-1060504924-4285088085-1001", "EventData.ProviderName": "Microsoft Passport Key Storage Provider", "EventData.KeyName": "S-1-5-21-963789628-1060504924-4285088085-1001//S-1-5-21-963789628-1060504924-4285088085-1001//MSTestAvailability-FF2FA111-E816-4D1B-BDDD-65F189969E50", "EventData.AlgorithmName": "RSA", "EventData.Flags": "0x00000000", "EventData.Status": "0x80090016", "EventData.ProcessName": "chrome.exe"}
{"EventID": "2", "Channel": "Microsoft-Windows-Crypto-NCrypt/Operational", "Provider_Name": "Microsoft-Windows-Crypto-NCrypt", "Computer": "DESKTOP-OFJ6N53", "TimeCreated": "2024-09-30 22:42:24.401651+00:00", "RecordID": "3633", "Level": "2", "UserID": "S-1-5-18", "EventData.ProviderName": "Microsoft Platform Crypto Provider", "EventData.Status": "0x80090030", "EventData.ProcessName": "taskhostw.exe"}
{"EventID": "2", "Channel": "Microsoft-Windows-Crypto-NCrypt/Operational", "Provider_Name": "Microsoft-Windows-Crypto-NCrypt", "Computer": "DESKTOP-OFJ6N53", "TimeCreated": "2024-09-30 22:44:04.235117+00:00", "RecordID": "3634", "Level": "2", "UserID": "S-1-5-18", "EventData.ProviderName": "Microsoft Platform Crypto Provider", "EventData.Status": "0x80090030", "EventData.ProcessName": "taskhostw.exe"}
{"EventID": "2", "Channel": "Microsoft-Windows-Crypto-NCrypt/Operational", "Provider_Name": "Microsoft-Windows-Crypto-NCrypt", "Computer": "DESKTOP-OFJ6N53", "TimeCreated": "2024-10-01 13:04:32.459921+00:00", "RecordID": "3635", "Level": "2", "UserID": "S-1-5-18", "EventData.ProviderName": "Microsoft Platform Crypto Provider", "EventData.Status": "0x80090030", "EventData.ProcessName": "taskhostw.exe"}
{"EventID": "2", "Channel": "Microsoft-Windows-Crypto-NCrypt/Operational", "Provider_Name": "Microsoft-Windows-Crypto-NCrypt", "Computer": "DESKTOP-OFJ6N53", "TimeCreated": "2024-10-01 13:06:06.228008+00:00", "RecordID": "3636", "Level": "2", "UserID": "S-1-5-18", "EventData.ProviderName": "Microsoft Platform Crypto Provider", "EventData.Status": "0x80090030", "EventData.ProcessName": "taskhostw.exe"}
{"EventID": "2", "Channel": "Microsoft-Windows-Crypto-NCrypt/Operational", "Provider_Name": "Microsoft-Windows-Crypto-NCrypt", "Computer": "DESKTOP-OFJ6N53", "TimeCreated": "2024-10-01 13:08:09.014101+00:00", "RecordID": "3637", "Level": "2", "UserID": "S-1-5-18", "EventData.ProviderName": "Microsoft Platform Crypto Provider", "EventData.Status": "0x80090030", "EventData.ProcessName": "taskhostw.exe"}
{"EventID": "2", "Channel": "Microsoft-Windows-Crypto-NCrypt/Operational", "Provider_Name": "Microsoft-Windows-Crypto-NCrypt", "Computer": "DESKTOP-OFJ6N53", "TimeCreated": "2024-10-03 16:42:15.818432+00:00", "RecordID": "3638", "Level": "2", "UserID": "S-1-5-18", "EventData.ProviderName": "Microsoft Platform Crypto Provider", "EventData.Status": "0x80090030", "EventData.ProcessName": "taskhostw.exe"}
{"EventID": "2", "Channel": "Microsoft-Windows-Crypto-NCrypt/Operational", "Provider_Name": "Microsoft-Windows-Crypto-NCrypt", "Computer": "DESKTOP-OFJ6N53", "TimeCreated": "2024-10-04 11:16:55.272406+00:00", "RecordID": "3639", "Level": "2", "UserID": "S-1-5-19", "EventData.ProviderName": "Microsoft Platform Crypto Provider", "EventData.Status": "0x80090030", "EventData.ProcessName": "svchost.exe"}
{"EventID": "3", "Channel": "Microsoft-Windows-Crypto-NCrypt/Operational", "Provider_Name": "Microsoft-Windows-Crypto-NCrypt", "Computer": "DESKTOP-OFJ6N53", "TimeCreated": "2024-10-04 11:16:58.344383+00:00", "RecordID": "3640", "Level": "2", "UserID": "S-1-5-18", "EventData.ProviderName": "Microsoft Software Key Storage Provider", "EventData.KeyName": "822BF3FA1D1E9A01B277A1D987D49545FDE3C4B6", "EventData.Status": "0x80090016", "EventData.ProcessName": "vpnagent.exe"}
{"EventID": "2", "Channel": "Microsoft-Windows-Crypto-NCrypt/Operational", "Provider_Name": "Microsoft-Windows-Crypto-NCrypt", "Computer": "DESKTOP-OFJ6N53", "TimeCreated": "2024-10-04 11:19:04.562347+00:00", "RecordID": "3641", "Level": "2", "UserID": "S-1-5-21-963789628-1060504924-4285088085-1001", "EventData.ProviderName": "Microsoft Platform Crypto Provider", "EventData.Status": "0x80090030", "EventData.ProcessName": "TracSrvWrapper.exe"}
{"EventID": "2", "Channel": "Microsoft-Windows-Crypto-NCrypt/Operational", "Provider_Name": "Microsoft-Windows-Crypto-NCrypt", "Computer": "DESKTOP-OFJ6N53", "TimeCreated": "2024-10-04 11:19:08.274706+00:00", "RecordID": "3642", "Level": "2", "UserID": "S-1-5-21-963789628-1060504924-4285088085-1001", "EventData.ProviderName": "Microsoft Platform Crypto Provider", "EventData.Status": "0x80090030", "EventData.ProcessName": "TracCAPI.exe"}
{"EventID": "2", "Channel": "Microsoft-Windows-Crypto-NCrypt/Operational", "Provider_Name": "Microsoft-Windows-Crypto-NCrypt", "Computer": "DESKTOP-OFJ6N53", "TimeCreated": "2024-10-04 11:22:58.390759+00:00", "RecordID": "3643", "Level": "2", "UserID": "S-1-5-18", "EventData.ProviderName": "Microsoft Platform Crypto Provider", "EventData.Status": "0x80090030", "EventData.ProcessName": "lsass.exe"}
{"EventID": "2", "Channel": "Microsoft-Windows-Crypto-NCrypt/Operational", "Provider_Name": "Microsoft-Windows-Crypto-NCrypt", "Computer": "DESKTOP-OFJ6N53", "TimeCreated": "2024-10-04 12:30:13.006285+00:00", "RecordID": "3644", "Level": "2", "UserID": "S-1-5-21-963789628-1060504924-4285088085-1001", "EventData.ProviderName": "Microsoft Platform Crypto Provider", "EventData.Status": "0x80090030", "EventData.ProcessName": "chrome.exe"}
{"EventID": "4", "Channel": "Microsoft-Windows-Crypto-NCrypt/Operational", "Provider_Name": "Microsoft-Windows-Crypto-NCrypt", "Computer": "DESKTOP-OFJ6N53", "TimeCreated": "2024-10-04 12:30:13.008648+00:00", "RecordID": "3645", "Level": "2", "UserID": "S-1-5-21-963789628-1060504924-4285088085-1001", "EventData.ProviderName": "Microsoft Software Key Storage Provider", "EventData.KeyName": "ChromeMetricsTestKey", "EventData.AlgorithmName": "ECDSA_P256", "EventData.Flags": "0x00020000", "EventData.Status": "0x80090029", "EventData.ProcessName": "chrome.exe"}
{"EventID": "4", "Channel": "Microsoft-Windows-Crypto-NCrypt/Operational", "Provider_Name": "Microsoft-Windows-Crypto-NCrypt", "Computer": "DESKTOP-OFJ6N53", "TimeCreated": "2024-10-04 12:30:13.055233+00:00", "RecordID": "3646", "Level": "2", "UserID": "S-1-5-21-963789628-1060504924-4285088085-1001", "EventData.ProviderName": "Microsoft Passport Key Storage Provider", "EventData.KeyName": "S-1-5-21-963789628-1060504924-4285088085-1001//S-1-5-21-963789628-1060504924-4285088085-1001//MSTestAvailability-FF2FA111-E816-4D1B-BDDD-65F189969E50", "EventData.AlgorithmName": "RSA", "EventData.Flags": "0x00000000", "EventData.Status": "0x80090010", "EventData.ProcessName": "chrome.exe"}
{"EventID": "2", "Channel": "Microsoft-Windows-Crypto-NCrypt/Operational", "Provider_Name": "Microsoft-Windows-Crypto-NCrypt", "Computer": "DESKTOP-OFJ6N53", "TimeCreated": "2024-10-04 22:02:52.202236+00:00", "RecordID": "3647", "Level": "2", "UserID": "S-1-5-19", "EventData.ProviderName": "Microsoft Platform Crypto Provider", "EventData.Status": "0x80090030", "EventData.ProcessName": "svchost.exe"}
{"EventID": "3", "Channel": "Microsoft-Windows-Crypto-NCrypt/Operational", "Provider_Name": "Microsoft-Windows-Crypto-NCrypt", "Computer": "DESKTOP-OFJ6N53", "TimeCreated": "2024-10-04 22:02:54.725830+00:00", "RecordID": "3648", "Level": "2", "UserID": "S-1-5-18", "EventData.ProviderName": "Microsoft Software Key Storage Provider", "EventData.KeyName": "822BF3FA1D1E9A01B277A1D987D49545FDE3C4B6", "EventData.Status": "0x80090016", "EventData.ProcessName": "vpnagent.exe"}
{"EventID": "2", "Channel": "Microsoft-Windows-Crypto-NCrypt/Operational", "Provider_Name": "Microsoft-Windows-Crypto-NCrypt", "Computer": "DESKTOP-OFJ6N53", "TimeCreated": "2024-10-04 22:03:50.793083+00:00", "RecordID": "3649", "Level": "2", "UserID": "S-1-5-18", "EventData.ProviderName": "Microsoft Platform Crypto Provider", "EventData.Status": "0x80090030", "EventData.ProcessName": "lsass.exe"}
{"EventID": "2", "Channel": "Microsoft-Windows-Crypto-NCrypt/Operational", "Provider_Name": "Microsoft-Windows-Crypto-NCrypt", "Computer": "DESKTOP-OFJ6N53", "TimeCreated": "2024-10-04 22:04:10.553093+00:00", "RecordID": "3650", "Level": "2", "UserID": "S-1-5-21-963789628-1060504924-4285088085-1001", "EventData.ProviderName": "Microsoft Platform Crypto Provider", "EventData.Status": "0x80090030", "EventData.ProcessName": "TracSrvWrapper.exe"}
{"EventID": "4", "Channel": "Microsoft-Windows-Crypto-NCrypt/Operational", "Provider_Name": "Microsoft-Windows-Crypto-NCrypt", "Computer": "DESKTOP-OFJ6N53", "TimeCreated": "2024-10-04 22:04:11.214275+00:00", "RecordID": "3651", "Level": "2", "UserID": "S-1-5-21-963789628-1060504924-4285088085-1001", "EventData.ProviderName": "Microsoft Passport Key Storage Provider", "EventData.KeyName": "S-1-5-21-963789628-1060504924-4285088085-1001//S-1-5-21-963789628-1060504924-4285088085-1001//MSTestAvailability-FF2FA111-E816-4D1B-BDDD-65F189969E50", "EventData.AlgorithmName": "RSA", "EventData.Flags": "0x00000000", "EventData.Status": "0x80090010", "EventData.ProcessName": "chrome.exe"}
{"EventID": "2", "Channel": "Microsoft-Windows-Crypto-NCrypt/Operational", "Provider_Name": "Microsoft-Windows-Crypto-NCrypt", "Computer": "DESKTOP-OFJ6N53", "TimeCreated": "2024-10-04 22:04:11.218493+00:00", "RecordID": "3652", "Level": "2", "UserID": "S-1-5-21-963789628-1060504924-4285088085-1001", "EventData.ProviderName": "Microsoft Platform Crypto Provider", "EventData.Status": "0x80090030", "EventData.ProcessName": "chrome.exe"}
{"EventID": "4", "Channel": "Microsoft-Windows-Crypto-NCrypt/Operational", "Provider_Name": "Microsoft-Windows-Crypto-NCrypt", "Computer": "DESKTOP-OFJ6N53", "TimeCreated": "2024-10-04 22:04:11.221325+00:00", "RecordID": "3653", "Level": "2", "UserID": "S-1-5-21-963789628-1060504924-4285088085-1001", "EventData.ProviderName": "Microsoft Software Key Storage Provider", "EventData.KeyName": "ChromeMetricsTestKey", "EventData.AlgorithmName": "ECDSA_P256", "EventData.Flags": "0x00020000", "EventData.Status": "0x80090029", "EventData.ProcessName": "chrome.exe"}
{"EventID": "2", "Channel": "Microsoft-Windows-Crypto-NCrypt/Operational", "Provider_Name": "Microsoft-Windows-Crypto-NCrypt", "Computer": "DESKTOP-OFJ6N53", "TimeCreated": "2024-10-04 22:04:14.100414+00:00", "RecordID": "3654", "Level": "2", "UserID": "S-1-5-21-963789628-1060504924-4285088085-1001", "EventData.ProviderName": "Microsoft Platform Crypto Provider", "EventData.Status": "0x80090030", "EventData.ProcessName": "TracCAPI.exe"}
{"EventID": "2", "Channel": "Microsoft-Windows-Crypto-NCrypt/Operational", "Provider_Name": "Microsoft-Windows-Crypto-NCrypt", "Computer": "DESKTOP-OFJ6N53", "TimeCreated": "2024-10-04 22:14:56.450766+00:00", "RecordID": "3655", "Level": "2", "UserID": "S-1-5-18", "EventData.ProviderName": "Microsoft Platform Crypto Provider", "EventData.Status": "0x80090030", "EventData.ProcessName": "taskhostw.exe"}
{"EventID": "9", "Channel": "Microsoft-Windows-Crypto-NCrypt/Operational", "Provider_Name": "Microsoft-Windows-Crypto-NCrypt", "Computer": "DESKTOP-OFJ6N53", "TimeCreated": "2024-10-05 06:55:38.392656+00:00", "RecordID": "3656", "Level": "5", "UserID": "S-1-5-18", "EventData.ProviderName": "Microsoft Software Key Storage Provider", "EventData.KeyModificationType": "0x00000001", "EventData.Flags": "0x00000000", "EventData.KeyName": "822BF3FA1D1E9A01B277A1D987D49545FDE3C4B6", "EventData.KeyFileName": "c8d74d183517364a390dfbf23b300896_27707a90-922c-4012-a495-08c5f439c147", "EventData.ProcessName": "C:\\Program Files (x86)\\Cisco\\Cisco AnyConnect Secure Mobility Client\\vpnagent.exe", "EventData.ProcessId": "0x00000968", "EventData.ThreadId": "0x0000028c", "EventData.UserId": "S-1-5-18", "EventData.ServiceTag": "vpnagent", "EventData.Status": "0x00000000"}
{"EventID": "11", "Channel": "Microsoft-Windows-Crypto-NCrypt/Operational", "Provider_Name": "Microsoft-Windows-Crypto-NCrypt", "Computer": "DESKTOP-OFJ6N53", "TimeCreated": "2024-10-05 07:00:46.180784+00:00", "RecordID": "3657", "Level": "5", "UserID": "S-1-5-18", "EventData.ProviderName": "Microsoft Software Key Storage Provider", "EventData.Flags": "0x00000040", "EventData.DeletionType": "0x00000000", "EventData.KeyName": "822BF3FA1D1E9A01B277A1D987D49545FDE3C4B6", "EventData.KeyFileName": "c8d74d183517364a390dfbf23b300896_27707a90-922c-4012-a495-08c5f439c147", "EventData.ProcessName": "C:\\Program Files (x86)\\Cisco\\Cisco AnyConnect Secure Mobility Client\\vpnagent.exe", "EventData.ProcessId": "0x00000968", "EventData.ThreadId": "0x00002d8c", "EventData.UserId": "S-1-5-18", "EventData.ServiceTag": "vpnagent", "EventData.Status": "0x00000000"}
{"EventID": "9", "Channel": "Microsoft-Windows-Crypto-NCrypt/Operational", "Provider_Name": "Microsoft-Windows-Crypto-NCrypt", "Computer": "DESKTOP-OFJ6N53", "TimeCreated": "2024-10-05 07:00:50.733868+00:00", "RecordID": "3658", "Level": "5", "UserID": "S-1-5-18", "EventData.ProviderName": "Microsoft Software Key Storage Provider", "EventData.KeyModificationType": "0x00000001", "EventData.Flags": "0x00000000", "EventData.KeyName": "822BF3FA1D1E9A01B277A1D987D49545FDE3C4B6", "EventData.KeyFileName": "c8d74d183517364a390dfbf23b300896_27707a90-922c-4012-a495-08c5f439c147", "EventData.ProcessName": "C:\\Program Files (x86)\\Cisco\\Cisco AnyConnect Secure Mobility Client\\vpnagent.exe", "EventData.ProcessId": "0x00000968", "EventData.ThreadId": "0x00001b18", "EventData.UserId": "S-1-5-18", "EventData.ServiceTag": "vpnagent", "EventData.Status": "0x00000000"}
{"EventID": "2", "Channel": "Microsoft-Windows-Crypto-NCrypt/Operational", "Provider_Name": "Microsoft-Windows-Crypto-NCrypt", "Computer": "DESKTOP-OFJ6N53", "TimeCreated": "2024-10-08 20:25:30.235012+00:00", "RecordID": "3659", "Level": "2", "UserID": "S-1-5-19", "EventData.ProviderName": "Microsoft Platform Crypto Provider", "EventData.Status": "0x80090030", "EventData.ProcessName": "svchost.exe"}
{"EventID": "2", "Channel": "Microsoft-Windows-Crypto-NCrypt/Operational", "Provider_Name": "Microsoft-Windows-Crypto-NCrypt", "Computer": "DESKTOP-OFJ6N53", "TimeCreated": "2024-10-08 20:32:30.795105+00:00", "RecordID": "3660", "Level": "2", "UserID": "S-1-5-18", "EventData.ProviderName": "Microsoft Platform Crypto Provider", "EventData.Status": "0x80090030", "EventData.ProcessName": "lsass.exe"}
{"EventID": "2", "Channel": "Microsoft-Windows-Crypto-NCrypt/Operational", "Provider_Name": "Microsoft-Windows-Crypto-NCrypt", "Computer": "DESKTOP-OFJ6N53", "TimeCreated": "2024-10-16 22:42:24.830492+00:00", "RecordID": "3661", "Level": "2", "UserID": "S-1-5-21-963789628-1060504924-4285088085-1001", "EventData.ProviderName": "Microsoft Platform Crypto Provider", "EventData.Status": "0x80090030", "EventData.ProcessName": "SearchApp.exe"}
{"EventID": "2", "Channel": "Microsoft-Windows-Crypto-NCrypt/Operational", "Provider_Name": "Microsoft-Windows-Crypto-NCrypt", "Computer": "DESKTOP-OFJ6N53", "TimeCreated": "2024-10-16 22:42:49.938993+00:00", "RecordID": "3662", "Level": "2", "UserID": "S-1-5-21-963789628-1060504924-4285088085-1001", "EventData.ProviderName": "Microsoft Platform Crypto Provider", "EventData.Status": "0x80090030", "EventData.ProcessName": "TracSrvWrapper.exe"}
{"EventID": "2", "Channel": "Microsoft-Windows-Crypto-NCrypt/Operational", "Provider_Name": "Microsoft-Windows-Crypto-NCrypt", "Computer": "DESKTOP-OFJ6N53", "TimeCreated": "2024-10-16 22:42:56.534636+00:00", "RecordID": "3663", "Level": "2", "UserID": "S-1-5-21-963789628-1060504924-4285088085-1001", "EventData.ProviderName": "Microsoft Platform Crypto Provider", "EventData.Status": "0x80090030", "EventData.ProcessName": "TracCAPI.exe"}
{"EventID": "4", "Channel": "Microsoft-Windows-Crypto-NCrypt/Operational", "Provider_Name": "Microsoft-Windows-Crypto-NCrypt", "Computer": "DESKTOP-OFJ6N53", "TimeCreated": "2024-10-16 22:43:13.202198+00:00", "RecordID": "3664", "Level": "2", "UserID": "S-1-5-21-963789628-1060504924-4285088085-1001", "EventData.ProviderName": "Microsoft Passport Key Storage Provider", "EventData.KeyName": "S-1-5-21-963789628-1060504924-4285088085-1001//S-1-5-21-963789628-1060504924-4285088085-1001//MSTestAvailability-FF2FA111-E816-4D1B-BDDD-65F189969E50", "EventData.AlgorithmName": "RSA", "EventData.Flags": "0x00000000", "EventData.Status": "0x80090010", "EventData.ProcessName": "chrome.exe"}
{"EventID": "2", "Channel": "Microsoft-Windows-Crypto-NCrypt/Operational", "Provider_Name": "Microsoft-Windows-Crypto-NCrypt", "Computer": "DESKTOP-OFJ6N53", "TimeCreated": "2024-10-16 22:43:13.202946+00:00", "RecordID": "3665", "Level": "2", "UserID": "S-1-5-21-963789628-1060504924-4285088085-1001", "EventData.ProviderName": "Microsoft Platform Crypto Provider", "EventData.Status": "0x80090030", "EventData.ProcessName": "chrome.exe"}
{"EventID": "4", "Channel": "Microsoft-Windows-Crypto-NCrypt/Operational", "Provider_Name": "Microsoft-Windows-Crypto-NCrypt", "Computer": "DESKTOP-OFJ6N53", "TimeCreated": "2024-10-16 22:43:13.209499+00:00", "RecordID": "3666", "Level": "2", "UserID": "S-1-5-21-963789628-1060504924-4285088085-1001", "EventData.ProviderName": "Microsoft Software Key Storage Provider", "EventData.KeyName": "ChromeMetricsTestKey", "EventData.AlgorithmName": "ECDSA_P256", "EventData.Flags": "0x00020000", "EventData.Status": "0x80090029", "EventData.ProcessName": "chrome.exe"}
{"EventID": "2", "Channel": "Microsoft-Windows-Crypto-NCrypt/Operational", "Provider_Name": "Microsoft-Windows-Crypto-NCrypt", "Computer": "DESKTOP-OFJ6N53", "TimeCreated": "2024-10-17 18:04:22.780632+00:00", "RecordID": "3667", "Level": "2", "UserID": "S-1-5-18", "EventData.ProviderName": "Microsoft Platform Crypto Provider", "EventData.Status": "0x80090030", "EventData.ProcessName": "taskhostw.exe"}
{"EventID": "2", "Channel": "Microsoft-Windows-Crypto-NCrypt/Operational", "Provider_Name": "Microsoft-Windows-Crypto-NCrypt", "Computer": "DESKTOP-OFJ6N53", "TimeCreated": "2024-10-17 18:13:08.374531+00:00", "RecordID": "3668", "Level": "2", "UserID": "S-1-5-18", "EventData.ProviderName": "Microsoft Platform Crypto Provider", "EventData.Status": "0x80090030", "EventData.ProcessName": "taskhostw.exe"}
{"EventID": "2", "Channel": "Microsoft-Windows-Crypto-NCrypt/Operational", "Provider_Name": "Microsoft-Windows-Crypto-NCrypt", "Computer": "DESKTOP-OFJ6N53", "TimeCreated": "2024-10-18 08:28:53.091103+00:00", "RecordID": "3669", "Level": "2", "UserID": "S-1-5-18", "EventData.ProviderName": "Microsoft Platform Crypto Provider", "EventData.Status": "0x80090030", "EventData.ProcessName": "taskhostw.exe"}
{"EventID": "2", "Channel": "Microsoft-Windows-Crypto-NCrypt/Operational", "Provider_Name": "Microsoft-Windows-Crypto-NCrypt", "Computer": "DESKTOP-OFJ6N53", "TimeCreated": "2024-10-20 21:57:14.030060+00:00", "RecordID": "3670", "Level": "2", "UserID": "S-1-5-18", "EventData.ProviderName": "Microsoft Platform Crypto Provider", "EventData.Status": "0x80090030", "EventData.ProcessName": "taskhostw.exe"}
{"EventID": "2", "Channel": "Microsoft-Windows-Crypto-NCrypt/Operational", "Provider_Name": "Microsoft-Windows-Crypto-NCrypt", "Computer": "DESKTOP-OFJ6N53", "TimeCreated": "2024-10-20 21:59:17.756216+00:00", "RecordID": "3671", "Level": "2", "UserID": "S-1-5-18", "EventData.ProviderName": "Microsoft Platform Crypto Provider", "EventData.Status": "0x80090030", "EventData.ProcessName": "taskhostw.exe"}
{"EventID": "2", "Channel": "Microsoft-Windows-Crypto-NCrypt/Operational", "Provider_Name": "Microsoft-Windows-Crypto-NCrypt", "Computer": "DESKTOP-OFJ6N53", "TimeCreated": "2024-10-24 03:02:09.504240+00:00", "RecordID": "3672", "Level": "2", "UserID": "S-1-5-21-963789628-1060504924-4285088085-1001", "EventData.ProviderName": "Microsoft Platform Crypto Provider", "EventData.Status": "0x80090030", "EventData.ProcessName": "TrGUI.exe"}
{"EventID": "2", "Channel": "Microsoft-Windows-Crypto-NCrypt/Operational", "Provider_Name": "Microsoft-Windows-Crypto-NCrypt", "Computer": "DESKTOP-OFJ6N53", "TimeCreated": "2024-10-24 03:09:28.248541+00:00", "RecordID": "3673", "Level": "2", "UserID": "S-1-5-18", "EventData.ProviderName": "Microsoft Platform Crypto Provider", "EventData.Status": "0x80090030", "EventData.ProcessName": "taskhostw.exe"}
{"EventID": "2", "Channel": "Microsoft-Windows-Crypto-NCrypt/Operational", "Provider_Name": "Microsoft-Windows-Crypto-NCrypt", "Computer": "DESKTOP-OFJ6N53", "TimeCreated": "2024-10-24 22:55:47.033983+00:00", "RecordID": "3674", "Level": "2", "UserID": "S-1-5-18", "EventData.ProviderName": "Microsoft Platform Crypto Provider", "EventData.Status": "0x80090030", "EventData.ProcessName": "taskhostw.exe"}
{"EventID": "2", "Channel": "Microsoft-Windows-Crypto-NCrypt/Operational", "Provider_Name": "Microsoft-Windows-Crypto-NCrypt", "Computer": "DESKTOP-OFJ6N53", "TimeCreated": "2024-10-24 23:00:12.773809+00:00", "RecordID": "3675", "Level": "2", "UserID": "S-1-5-18", "EventData.ProviderName": "Microsoft Platform Crypto Provider", "EventData.Status": "0x80090030", "EventData.ProcessName": "taskhostw.exe"}
{"EventID": "2", "Channel": "Microsoft-Windows-Crypto-NCrypt/Operational", "Provider_Name": "Microsoft-Windows-Crypto-NCrypt", "Computer": "DESKTOP-OFJ6N53", "TimeCreated": "2024-10-31 14:30:59.258461+00:00", "RecordID": "3676", "Level": "2", "UserID": "S-1-5-18", "EventData.ProviderName": "Microsoft Platform Crypto Provider", "EventData.Status": "0x80090030", "EventData.ProcessName": "taskhostw.exe"}
{"EventID": "2", "Channel": "Microsoft-Windows-Crypto-NCrypt/Operational", "Provider_Name": "Microsoft-Windows-Crypto-NCrypt", "Computer": "DESKTOP-OFJ6N53", "TimeCreated": "2024-11-01 00:40:59.892303+00:00", "RecordID": "3677", "Level": "2", "UserID": "S-1-5-21-963789628-1060504924-4285088085-1001", "EventData.ProviderName": "Microsoft Platform Crypto Provider", "EventData.Status": "0x80090030", "EventData.ProcessName": "msedge.exe"}
{"EventID": "4", "Channel": "Microsoft-Windows-Crypto-NCrypt/Operational", "Provider_Name": "Microsoft-Windows-Crypto-NCrypt", "Computer": "DESKTOP-OFJ6N53", "TimeCreated": "2024-11-01 00:40:59.895847+00:00", "RecordID": "3678", "Level": "2", "UserID": "S-1-5-21-963789628-1060504924-4285088085-1001", "EventData.ProviderName": "Microsoft Software Key Storage Provider", "EventData.KeyName": "ChromeMetricsTestKey", "EventData.AlgorithmName": "ECDSA_P256", "EventData.Flags": "0x00020000", "EventData.Status": "0x80090029", "EventData.ProcessName": "msedge.exe"}
{"EventID": "2", "Channel": "Microsoft-Windows-Crypto-NCrypt/Operational", "Provider_Name": "Microsoft-Windows-Crypto-NCrypt", "Computer": "DESKTOP-OFJ6N53", "TimeCreated": "2024-11-01 00:41:22.696135+00:00", "RecordID": "3679", "Level": "2", "UserID": "S-1-5-21-963789628-1060504924-4285088085-1001", "EventData.ProviderName": "Microsoft Platform Crypto Provider", "EventData.Status": "0x80090030", "EventData.ProcessName": "chrome.exe"}
{"EventID": "4", "Channel": "Microsoft-Windows-Crypto-NCrypt/Operational", "Provider_Name": "Microsoft-Windows-Crypto-NCrypt", "Computer": "DESKTOP-OFJ6N53", "TimeCreated": "2024-11-01 00:41:22.697882+00:00", "RecordID": "3680", "Level": "2", "UserID": "S-1-5-21-963789628-1060504924-4285088085-1001", "EventData.ProviderName": "Microsoft Software Key Storage Provider", "EventData.KeyName": "ChromeMetricsTestKey", "EventData.AlgorithmName": "ECDSA_P256", "EventData.Flags": "0x00020000", "EventData.Status": "0x80090029", "EventData.ProcessName": "chrome.exe"}
{"EventID": "4", "Channel": "Microsoft-Windows-Crypto-NCrypt/Operational", "Provider_Name": "Microsoft-Windows-Crypto-NCrypt", "Computer": "DESKTOP-OFJ6N53", "TimeCreated": "2024-11-01 00:41:22.875193+00:00", "RecordID": "3681", "Level": "2", "UserID": "S-1-5-21-963789628-1060504924-4285088085-1001", "EventData.ProviderName": "Microsoft Passport Key Storage Provider", "EventData.KeyName": "S-1-5-21-963789628-1060504924-4285088085-1001//S-1-5-21-963789628-1060504924-4285088085-1001//MSTestAvailability-FF2FA111-E816-4D1B-BDDD-65F189969E50", "EventData.AlgorithmName": "RSA", "EventData.Flags": "0x00000000", "EventData.Status": "0x80090016", "EventData.ProcessName": "chrome.exe"}
{"EventID": "2", "Channel": "Microsoft-Windows-Crypto-NCrypt/Operational", "Provider_Name": "Microsoft-Windows-Crypto-NCrypt", "Computer": "DESKTOP-OFJ6N53", "TimeCreated": "2024-11-01 00:48:54.004463+00:00", "RecordID": "3682", "Level": "2", "UserID": "S-1-5-18", "EventData.ProviderName": "Microsoft Platform Crypto Provider", "EventData.Status": "0x80090030", "EventData.ProcessName": "taskhostw.exe"}
{"EventID": "2", "Channel": "Microsoft-Windows-Crypto-NCrypt/Operational", "Provider_Name": "Microsoft-Windows-Crypto-NCrypt", "Computer": "DESKTOP-OFJ6N53", "TimeCreated": "2024-11-01 00:50:29.734646+00:00", "RecordID": "3683", "Level": "2", "UserID": "S-1-5-18", "EventData.ProviderName": "Microsoft Platform Crypto Provider", "EventData.Status": "0x80090030", "EventData.ProcessName": "taskhostw.exe"}
{"EventID": "2", "Channel": "Microsoft-Windows-Crypto-NCrypt/Operational", "Provider_Name": "Microsoft-Windows-Crypto-NCrypt", "Computer": "DESKTOP-OFJ6N53", "TimeCreated": "2024-11-02 12:56:47.244127+00:00", "RecordID": "3684", "Level": "2", "UserID": "S-1-5-18", "EventData.ProviderName": "Microsoft Platform Crypto Provider", "EventData.Status": "0x80090030", "EventData.ProcessName": "taskhostw.exe"}
{"EventID": "2", "Channel": "Microsoft-Windows-Crypto-NCrypt/Operational", "Provider_Name": "Microsoft-Windows-Crypto-NCrypt", "Computer": "DESKTOP-OFJ6N53", "TimeCreated": "2024-11-02 23:29:22.943626+00:00", "RecordID": "3685", "Level": "2", "UserID": "S-1-5-18", "EventData.ProviderName": "Microsoft Platform Crypto Provider", "EventData.Status": "0x80090030", "EventData.ProcessName": "taskhostw.exe"}
{"EventID": "2", "Channel": "Microsoft-Windows-Crypto-NCrypt/Operational", "Provider_Name": "Microsoft-Windows-Crypto-NCrypt", "Computer": "DESKTOP-OFJ6N53", "TimeCreated": "2024-11-02 23:29:42.482204+00:00", "RecordID": "3686", "Level": "2", "UserID": "S-1-5-18", "EventData.ProviderName": "Microsoft Platform Crypto Provider", "EventData.Status": "0x80090030", "EventData.ProcessName": "taskhostw.exe"}
{"EventID": "2", "Channel": "Microsoft-Windows-Crypto-NCrypt/Operational", "Provider_Name": "Microsoft-Windows-Crypto-NCrypt", "Computer": "DESKTOP-OFJ6N53", "TimeCreated": "2024-11-02 23:31:56.712357+00:00", "RecordID": "3687", "Level": "2", "UserID": "S-1-5-18", "EventData.ProviderName": "Microsoft Platform Crypto Provider", "EventData.Status": "0x80090030", "EventData.ProcessName": "taskhostw.exe"}
{"EventID": "2", "Channel": "Microsoft-Windows-Crypto-NCrypt/Operational", "Provider_Name": "Microsoft-Windows-Crypto-NCrypt", "Computer": "DESKTOP-OFJ6N53", "TimeCreated": "2024-11-13 14:45:13.792904+00:00", "RecordID": "3688", "Level": "2", "UserID": "S-1-5-19", "EventData.ProviderName": "Microsoft Platform Crypto Provider", "EventData.Status": "0x80090030", "EventData.ProcessName": "svchost.exe"}
{"EventID": "2", "Channel": "Microsoft-Windows-Crypto-NCrypt/Operational", "Provider_Name": "Microsoft-Windows-Crypto-NCrypt", "Computer": "DESKTOP-OFJ6N53", "TimeCreated": "2024-11-13 14:50:30.166288+00:00", "RecordID": "3689", "Level": "2", "UserID": "S-1-5-18", "EventData.ProviderName": "Microsoft Platform Crypto Provider", "EventData.Status": "0x80090030", "EventData.ProcessName": "lsass.exe"}
{"EventID": "2", "Channel": "Microsoft-Windows-Crypto-NCrypt/Operational", "Provider_Name": "Microsoft-Windows-Crypto-NCrypt", "Computer": "DESKTOP-OFJ6N53", "TimeCreated": "2024-11-18 12:12:46.939522+00:00", "RecordID": "3690", "Level": "2", "UserID": "S-1-5-21-963789628-1060504924-4285088085-1001", "EventData.ProviderName": "Microsoft Platform Crypto Provider", "EventData.Status": "0x80090030", "EventData.ProcessName": "wwahost.exe"}
{"EventID": "2", "Channel": "Microsoft-Windows-Crypto-NCrypt/Operational", "Provider_Name": "Microsoft-Windows-Crypto-NCrypt", "Computer": "DESKTOP-OFJ6N53", "TimeCreated": "2024-11-18 12:13:20.299788+00:00", "RecordID": "3691", "Level": "2", "UserID": "S-1-5-21-963789628-1060504924-4285088085-1001", "EventData.ProviderName": "Microsoft Platform Crypto Provider", "EventData.Status": "0x80090030", "EventData.ProcessName": "TracSrvWrapper.exe"}
{"EventID": "2", "Channel": "Microsoft-Windows-Crypto-NCrypt/Operational", "Provider_Name": "Microsoft-Windows-Crypto-NCrypt", "Computer": "DESKTOP-OFJ6N53", "TimeCreated": "2024-11-18 12:13:36.388960+00:00", "RecordID": "3692", "Level": "2", "UserID": "S-1-5-21-963789628-1060504924-4285088085-1001", "EventData.ProviderName": "Microsoft Platform Crypto Provider", "EventData.Status": "0x80090030", "EventData.ProcessName": "TracCAPI.exe"}
{"EventID": "2", "Channel": "Microsoft-Windows-Crypto-NCrypt/Operational", "Provider_Name": "Microsoft-Windows-Crypto-NCrypt", "Computer": "DESKTOP-OFJ6N53", "TimeCreated": "2024-11-18 12:13:39.406507+00:00", "RecordID": "3693", "Level": "2", "UserID": "S-1-5-21-963789628-1060504924-4285088085-1001", "EventData.ProviderName": "Microsoft Platform Crypto Provider", "EventData.Status": "0x80090030", "EventData.ProcessName": "chrome.exe"}
{"EventID": "4", "Channel": "Microsoft-Windows-Crypto-NCrypt/Operational", "Provider_Name": "Microsoft-Windows-Crypto-NCrypt", "Computer": "DESKTOP-OFJ6N53", "TimeCreated": "2024-11-18 12:13:39.411692+00:00", "RecordID": "3694", "Level": "2", "UserID": "S-1-5-21-963789628-1060504924-4285088085-1001", "EventData.ProviderName": "Microsoft Software Key Storage Provider", "EventData.KeyName": "ChromeMetricsTestKey", "EventData.AlgorithmName": "ECDSA_P256", "EventData.Flags": "0x00020000", "EventData.Status": "0x80090029", "EventData.ProcessName": "chrome.exe"}
{"EventID": "4", "Channel": "Microsoft-Windows-Crypto-NCrypt/Operational", "Provider_Name": "Microsoft-Windows-Crypto-NCrypt", "Computer": "DESKTOP-OFJ6N53", "TimeCreated": "2024-11-18 12:13:39.438974+00:00", "RecordID": "3695", "Level": "2", "UserID": "S-1-5-21-963789628-1060504924-4285088085-1001", "EventData.ProviderName": "Microsoft Passport Key Storage Provider", "EventData.KeyName": "S-1-5-21-963789628-1060504924-4285088085-1001//S-1-5-21-963789628-1060504924-4285088085-1001//MSTestAvailability-FF2FA111-E816-4D1B-BDDD-65F189969E50", "EventData.AlgorithmName": "RSA", "EventData.Flags": "0x00000000", "EventData.Status": "0x80090016", "EventData.ProcessName": "chrome.exe"}
{"EventID": "2", "Channel": "Microsoft-Windows-Crypto-NCrypt/Operational", "Provider_Name": "Microsoft-Windows-Crypto-NCrypt", "Computer": "DESKTOP-OFJ6N53", "TimeCreated": "2024-11-20 13:55:33.290445+00:00", "RecordID": "3696", "Level": "2", "UserID": "S-1-5-18", "EventData.ProviderName": "Microsoft Platform Crypto Provider", "EventData.Status": "0x80090030", "EventData.ProcessName": "taskhostw.exe"}
{"EventID": "2", "Channel": "Microsoft-Windows-Crypto-NCrypt/Operational", "Provider_Name": "Microsoft-Windows-Crypto-NCrypt", "Computer": "DESKTOP-OFJ6N53", "TimeCreated": "2024-11-20 14:12:33.339090+00:00", "RecordID": "3697", "Level": "2", "UserID": "S-1-5-18", "EventData.ProviderName": "Microsoft Platform Crypto Provider", "EventData.Status": "0x80090030", "EventData.ProcessName": "taskhostw.exe"}
{"EventID": "3", "Channel": "Microsoft-Windows-Crypto-NCrypt/Operational", "Provider_Name": "Microsoft-Windows-Crypto-NCrypt", "Computer": "DESKTOP-OFJ6N53", "TimeCreated": "2024-11-20 14:14:43.660080+00:00", "RecordID": "3698", "Level": "2", "UserID": "S-1-5-21-963789628-1060504924-4285088085-1001", "EventData.ProviderName": "Microsoft Smart Card Key Storage Provider", "EventData.KeyName": "\\\\.\\Aladdin Token JC 0\\", "EventData.Status": "0x80090016", "EventData.ProcessName": "svchost.exe"}
{"EventID": "2", "Channel": "Microsoft-Windows-Crypto-NCrypt/Operational", "Provider_Name": "Microsoft-Windows-Crypto-NCrypt", "Computer": "DESKTOP-OFJ6N53", "TimeCreated": "2024-11-20 15:03:28.808765+00:00", "RecordID": "3699", "Level": "2", "UserID": "S-1-5-18", "EventData.ProviderName": "Microsoft Platform Crypto Provider", "EventData.Status": "0x80090030", "EventData.ProcessName": "taskhostw.exe"}
