{"EventID": "1", "Channel": "Microsoft-Windows-WER-PayloadHealth/Operational", "Provider_Name": "Microsoft-Windows-WER-PayloadHealth", "Computer": "DESKTOP-OFJ6N53", "TimeCreated": "2023-12-14 08:20:28.656467+00:00", "RecordID": "1256", "Level": "4", "UserID": "S-1-5-18", "EventData.UploadDuration": "1469", "EventData.PayloadSize": "4756", "EventData.Protocol": "Watson", "EventData.Stage": "s1event", "EventData.BytesUploaded": "4756", "EventData.ServerName": "watson.events.data.microsoft.com"}
{"EventID": "1", "Channel": "Microsoft-Windows-WER-PayloadHealth/Operational", "Provider_Name": "Microsoft-Windows-WER-PayloadHealth", "Computer": "DESKTOP-OFJ6N53", "TimeCreated": "2024-01-01 19:34:02.720499+00:00", "RecordID": "1257", "Level": "4", "UserID": "S-1-5-21-963789628-1060504924-4285088085-1001", "EventData.UploadDuration": "1000", "EventData.PayloadSize": "3690", "EventData.Protocol": "OCA", "EventData.Stage": "request-upload/minidump", "EventData.BytesUploaded": "3690", "EventData.ServerName": "watson.events.data.microsoft.com"}
{"EventID": "1", "Channel": "Microsoft-Windows-WER-PayloadHealth/Operational", "Provider_Name": "Microsoft-Windows-WER-PayloadHealth", "Computer": "DESKTOP-OFJ6N53", "TimeCreated": "2024-01-01 19:34:16.497282+00:00", "RecordID": "1258", "Level": "4", "UserID": "S-1-5-21-963789628-1060504924-4285088085-1001", "EventData.UploadDuration": "13719", "EventData.PayloadSize": "170531", "EventData.Protocol": "OCA", "EventData.Stage": "data-upload/minidump", "EventData.BytesUploaded": "170531", "EventData.ServerName": "watson.events.data.microsoft.com"}
{"EventID": "1", "Channel": "Microsoft-Windows-WER-PayloadHealth/Operational", "Provider_Name": "Microsoft-Windows-WER-PayloadHealth", "Computer": "DESKTOP-OFJ6N53", "TimeCreated": "2024-01-10 14:59:53.395655+00:00", "RecordID": "1259", "Level": "4", "UserID": "S-1-5-18", "EventData.UploadDuration": "8953", "EventData.PayloadSize": "4893", "EventData.Protocol": "Watson", "EventData.Stage": "s1event", "EventData.BytesUploaded": "4893", "EventData.ServerName": "watson.events.data.microsoft.com"}
{"EventID": "1", "Channel": "Microsoft-Windows-WER-PayloadHealth/Operational", "Provider_Name": "Microsoft-Windows-WER-PayloadHealth", "Computer": "DESKTOP-OFJ6N53", "TimeCreated": "2024-01-10 15:00:07.510643+00:00", "RecordID": "1260", "Level": "4", "UserID": "S-1-5-21-963789628-1060504924-4285088085-1001", "EventData.UploadDuration": "3031", "EventData.PayloadSize": "4883", "EventData.Protocol": "Watson", "EventData.Stage": "s1event", "EventData.BytesUploaded": "4883", "EventData.ServerName": "watson.events.data.microsoft.com"}
{"EventID": "1", "Channel": "Microsoft-Windows-WER-PayloadHealth/Operational", "Provider_Name": "Microsoft-Windows-WER-PayloadHealth", "Computer": "DESKTOP-OFJ6N53", "TimeCreated": "2024-01-13 08:56:42.797113+00:00", "RecordID": "1261", "Level": "4", "UserID": "S-1-5-18", "EventData.UploadDuration": "953", "EventData.PayloadSize": "4928", "EventData.Protocol": "Watson", "EventData.Stage": "s1event", "EventData.BytesUploaded": "4928", "EventData.ServerName": "watson.events.data.microsoft.com"}
{"EventID": "1", "Channel": "Microsoft-Windows-WER-PayloadHealth/Operational", "Provider_Name": "Microsoft-Windows-WER-PayloadHealth", "Computer": "DESKTOP-OFJ6N53", "TimeCreated": "2024-01-16 11:11:27.780251+00:00", "RecordID": "1262", "Level": "4", "UserID": "S-1-5-18", "EventData.UploadDuration": "4047", "EventData.PayloadSize": "4756", "EventData.Protocol": "Watson", "EventData.Stage": "s1event", "EventData.BytesUploaded": "4756", "EventData.ServerName": "watson.events.data.microsoft.com"}
{"EventID": "2", "Channel": "Microsoft-Windows-WER-PayloadHealth/Operational", "Provider_Name": "Microsoft-Windows-WER-PayloadHealth", "Computer": "DESKTOP-OFJ6N53", "TimeCreated": "2024-01-18 10:03:09.925898+00:00", "RecordID": "1263", "Level": "4", "UserID": "S-1-5-18", "EventData.HttpExchangeResult": "2147954402", "EventData.UploadDuration": "21219", "EventData.PayloadSize": "4825", "EventData.Protocol": "Watson", "EventData.Stage": "s1event", "EventData.RequestStatusCode": "0", "EventData.BytesUploaded": "0", "EventData.ServerName": "watson.events.data.microsoft.com", "EventData.TransportHr": "2147954402"}
{"EventID": "2", "Channel": "Microsoft-Windows-WER-PayloadHealth/Operational", "Provider_Name": "Microsoft-Windows-WER-PayloadHealth", "Computer": "DESKTOP-OFJ6N53", "TimeCreated": "2024-01-18 10:03:31.666283+00:00", "RecordID": "1264", "Level": "4", "UserID": "S-1-5-21-963789628-1060504924-4285088085-1001", "EventData.HttpExchangeResult": "2147954402", "EventData.UploadDuration": "21188", "EventData.PayloadSize": "4825", "EventData.Protocol": "Watson", "EventData.Stage": "s1event", "EventData.RequestStatusCode": "0", "EventData.BytesUploaded": "0", "EventData.ServerName": "watson.events.data.microsoft.com", "EventData.TransportHr": "2147954402"}
{"EventID": "2", "Channel": "Microsoft-Windows-WER-PayloadHealth/Operational", "Provider_Name": "Microsoft-Windows-WER-PayloadHealth", "Computer": "DESKTOP-OFJ6N53", "TimeCreated": "2024-01-18 12:24:00.165165+00:00", "RecordID": "1265", "Level": "4", "UserID": "S-1-5-21-963789628-1060504924-4285088085-1001", "EventData.HttpExchangeResult": "2147954402", "EventData.UploadDuration": "21172", "EventData.PayloadSize": "4825", "EventData.Protocol": "Watson", "EventData.Stage": "s1event", "EventData.RequestStatusCode": "0", "EventData.BytesUploaded": "0", "EventData.ServerName": "watson.events.data.microsoft.com", "EventData.TransportHr": "2147954402"}
{"EventID": "1", "Channel": "Microsoft-Windows-WER-PayloadHealth/Operational", "Provider_Name": "Microsoft-Windows-WER-PayloadHealth", "Computer": "DESKTOP-OFJ6N53", "TimeCreated": "2024-01-18 15:48:12.127777+00:00", "RecordID": "1266", "Level": "4", "UserID": "S-1-5-21-963789628-1060504924-4285088085-1001", "EventData.UploadDuration": "1156", "EventData.PayloadSize": "4825", "EventData.Protocol": "Watson", "EventData.Stage": "s1event", "EventData.BytesUploaded": "4825", "EventData.ServerName": "watson.events.data.microsoft.com"}
{"EventID": "1", "Channel": "Microsoft-Windows-WER-PayloadHealth/Operational", "Provider_Name": "Microsoft-Windows-WER-PayloadHealth", "Computer": "DESKTOP-OFJ6N53", "TimeCreated": "2024-01-19 12:09:47.259205+00:00", "RecordID": "1267", "Level": "4", "UserID": "S-1-5-21-963789628-1060504924-4285088085-1001", "EventData.UploadDuration": "1485", "EventData.PayloadSize": "4705", "EventData.Protocol": "Watson", "EventData.Stage": "s1event", "EventData.BytesUploaded": "4705", "EventData.ServerName": "watson.events.data.microsoft.com"}
{"EventID": "1", "Channel": "Microsoft-Windows-WER-PayloadHealth/Operational", "Provider_Name": "Microsoft-Windows-WER-PayloadHealth", "Computer": "DESKTOP-OFJ6N53", "TimeCreated": "2024-02-07 10:30:40.069677+00:00", "RecordID": "1268", "Level": "4", "UserID": "S-1-5-21-963789628-1060504924-4285088085-1001", "EventData.UploadDuration": "1046", "EventData.PayloadSize": "4332", "EventData.Protocol": "Watson", "EventData.Stage": "s1event", "EventData.BytesUploaded": "4332", "EventData.ServerName": "watson.events.data.microsoft.com"}
{"EventID": "1", "Channel": "Microsoft-Windows-WER-PayloadHealth/Operational", "Provider_Name": "Microsoft-Windows-WER-PayloadHealth", "Computer": "DESKTOP-OFJ6N53", "TimeCreated": "2024-02-15 10:19:47.271980+00:00", "RecordID": "1269", "Level": "4", "UserID": "S-1-5-21-963789628-1060504924-4285088085-1001", "EventData.UploadDuration": "953", "EventData.PayloadSize": "4863", "EventData.Protocol": "Watson", "EventData.Stage": "s1event", "EventData.BytesUploaded": "4863", "EventData.ServerName": "watson.events.data.microsoft.com"}
{"EventID": "1", "Channel": "Microsoft-Windows-WER-PayloadHealth/Operational", "Provider_Name": "Microsoft-Windows-WER-PayloadHealth", "Computer": "DESKTOP-OFJ6N53", "TimeCreated": "2024-02-16 01:27:02.661114+00:00", "RecordID": "1270", "Level": "4", "UserID": "S-1-5-21-963789628-1060504924-4285088085-1001", "EventData.UploadDuration": "1187", "EventData.PayloadSize": "3646", "EventData.Protocol": "OCA", "EventData.Stage": "request-upload/minidump", "EventData.BytesUploaded": "3646", "EventData.ServerName": "watson.events.data.microsoft.com"}
{"EventID": "1", "Channel": "Microsoft-Windows-WER-PayloadHealth/Operational", "Provider_Name": "Microsoft-Windows-WER-PayloadHealth", "Computer": "DESKTOP-OFJ6N53", "TimeCreated": "2024-02-16 01:27:29.363171+00:00", "RecordID": "1271", "Level": "4", "UserID": "S-1-5-21-963789628-1060504924-4285088085-1001", "EventData.UploadDuration": "26640", "EventData.PayloadSize": "172866", "EventData.Protocol": "OCA", "EventData.Stage": "data-upload/minidump", "EventData.BytesUploaded": "172866", "EventData.ServerName": "watson.events.data.microsoft.com"}
{"EventID": "1", "Channel": "Microsoft-Windows-WER-PayloadHealth/Operational", "Provider_Name": "Microsoft-Windows-WER-PayloadHealth", "Computer": "DESKTOP-OFJ6N53", "TimeCreated": "2024-02-18 01:05:11.566021+00:00", "RecordID": "1272", "Level": "4", "UserID": "S-1-5-21-963789628-1060504924-4285088085-1001", "EventData.UploadDuration": "1328", "EventData.PayloadSize": "4360", "EventData.Protocol": "Watson", "EventData.Stage": "s1event", "EventData.BytesUploaded": "4360", "EventData.ServerName": "watson.events.data.microsoft.com"}
{"EventID": "1", "Channel": "Microsoft-Windows-WER-PayloadHealth/Operational", "Provider_Name": "Microsoft-Windows-WER-PayloadHealth", "Computer": "DESKTOP-OFJ6N53", "TimeCreated": "2024-02-18 01:05:12.731539+00:00", "RecordID": "1273", "Level": "4", "UserID": "S-1-5-21-963789628-1060504924-4285088085-1001", "EventData.UploadDuration": "1015", "EventData.PayloadSize": "4200", "EventData.Protocol": "Watson", "EventData.Stage": "getdestination", "EventData.BytesUploaded": "4200", "EventData.ServerName": "watson.events.data.microsoft.com"}
{"EventID": "3", "Channel": "Microsoft-Windows-WER-PayloadHealth/Operational", "Provider_Name": "Microsoft-Windows-WER-PayloadHealth", "Computer": "DESKTOP-OFJ6N53", "TimeCreated": "2024-02-18 01:05:15.587885+00:00", "RecordID": "1274", "Level": "4", "UserID": "S-1-5-18", "EventData.HttpExchangeResult": "0", "EventData.LastBlockId": "1", "EventData.TotalBytesUploaded": "1108429"}
{"EventID": "1", "Channel": "Microsoft-Windows-WER-PayloadHealth/Operational", "Provider_Name": "Microsoft-Windows-WER-PayloadHealth", "Computer": "DESKTOP-OFJ6N53", "TimeCreated": "2024-02-18 01:05:16.639385+00:00", "RecordID": "1275", "Level": "4", "UserID": "S-1-5-21-963789628-1060504924-4285088085-1001", "EventData.UploadDuration": "1047", "EventData.PayloadSize": "4910", "EventData.Protocol": "Watson", "EventData.Stage": "uploadcompleted", "EventData.BytesUploaded": "4910", "EventData.ServerName": "watson.events.data.microsoft.com"}
{"EventID": "1", "Channel": "Microsoft-Windows-WER-PayloadHealth/Operational", "Provider_Name": "Microsoft-Windows-WER-PayloadHealth", "Computer": "DESKTOP-OFJ6N53", "TimeCreated": "2024-02-18 01:20:18.851580+00:00", "RecordID": "1276", "Level": "4", "UserID": "S-1-5-21-963789628-1060504924-4285088085-1001", "EventData.UploadDuration": "1219", "EventData.PayloadSize": "4360", "EventData.Protocol": "Watson", "EventData.Stage": "s1event", "EventData.BytesUploaded": "4360", "EventData.ServerName": "watson.events.data.microsoft.com"}
{"EventID": "1", "Channel": "Microsoft-Windows-WER-PayloadHealth/Operational", "Provider_Name": "Microsoft-Windows-WER-PayloadHealth", "Computer": "DESKTOP-OFJ6N53", "TimeCreated": "2024-02-18 04:41:11.308363+00:00", "RecordID": "1277", "Level": "4", "UserID": "S-1-5-21-963789628-1060504924-4285088085-1001", "EventData.UploadDuration": "859", "EventData.PayloadSize": "4661", "EventData.Protocol": "Watson", "EventData.Stage": "s1event", "EventData.BytesUploaded": "4661", "EventData.ServerName": "watson.events.data.microsoft.com"}
{"EventID": "1", "Channel": "Microsoft-Windows-WER-PayloadHealth/Operational", "Provider_Name": "Microsoft-Windows-WER-PayloadHealth", "Computer": "DESKTOP-OFJ6N53", "TimeCreated": "2024-02-18 04:41:13.996992+00:00", "RecordID": "1278", "Level": "4", "UserID": "S-1-5-21-963789628-1060504924-4285088085-1001", "EventData.UploadDuration": "766", "EventData.PayloadSize": "4661", "EventData.Protocol": "Watson", "EventData.Stage": "s1event", "EventData.BytesUploaded": "4661", "EventData.ServerName": "watson.events.data.microsoft.com"}
{"EventID": "1", "Channel": "Microsoft-Windows-WER-PayloadHealth/Operational", "Provider_Name": "Microsoft-Windows-WER-PayloadHealth", "Computer": "DESKTOP-OFJ6N53", "TimeCreated": "2024-02-20 11:59:48.829029+00:00", "RecordID": "1279", "Level": "4", "UserID": "S-1-5-21-963789628-1060504924-4285088085-1001", "EventData.UploadDuration": "844", "EventData.PayloadSize": "4661", "EventData.Protocol": "Watson", "EventData.Stage": "s1event", "EventData.BytesUploaded": "4661", "EventData.ServerName": "watson.events.data.microsoft.com"}
{"EventID": "1", "Channel": "Microsoft-Windows-WER-PayloadHealth/Operational", "Provider_Name": "Microsoft-Windows-WER-PayloadHealth", "Computer": "DESKTOP-OFJ6N53", "TimeCreated": "2024-02-23 19:36:14.462900+00:00", "RecordID": "1280", "Level": "4", "UserID": "S-1-5-21-963789628-1060504924-4285088085-1001", "EventData.UploadDuration": "1594", "EventData.PayloadSize": "4360", "EventData.Protocol": "Watson", "EventData.Stage": "s1event", "EventData.BytesUploaded": "4360", "EventData.ServerName": "watson.events.data.microsoft.com"}
{"EventID": "1", "Channel": "Microsoft-Windows-WER-PayloadHealth/Operational", "Provider_Name": "Microsoft-Windows-WER-PayloadHealth", "Computer": "DESKTOP-OFJ6N53", "TimeCreated": "2024-02-23 19:36:15.761963+00:00", "RecordID": "1281", "Level": "4", "UserID": "S-1-5-21-963789628-1060504924-4285088085-1001", "EventData.UploadDuration": "1141", "EventData.PayloadSize": "4200", "EventData.Protocol": "Watson", "EventData.Stage": "getdestination", "EventData.BytesUploaded": "4200", "EventData.ServerName": "watson.events.data.microsoft.com"}
{"EventID": "3", "Channel": "Microsoft-Windows-WER-PayloadHealth/Operational", "Provider_Name": "Microsoft-Windows-WER-PayloadHealth", "Computer": "DESKTOP-OFJ6N53", "TimeCreated": "2024-02-23 19:36:54.394869+00:00", "RecordID": "1282", "Level": "4", "UserID": "S-1-5-18", "EventData.HttpExchangeResult": "0", "EventData.LastBlockId": "1", "EventData.TotalBytesUploaded": "1128101"}
{"EventID": "1", "Channel": "Microsoft-Windows-WER-PayloadHealth/Operational", "Provider_Name": "Microsoft-Windows-WER-PayloadHealth", "Computer": "DESKTOP-OFJ6N53", "TimeCreated": "2024-02-23 19:36:55.690889+00:00", "RecordID": "1283", "Level": "4", "UserID": "S-1-5-21-963789628-1060504924-4285088085-1001", "EventData.UploadDuration": "1282", "EventData.PayloadSize": "4910", "EventData.Protocol": "Watson", "EventData.Stage": "uploadcompleted", "EventData.BytesUploaded": "4910", "EventData.ServerName": "watson.events.data.microsoft.com"}
{"EventID": "1", "Channel": "Microsoft-Windows-WER-PayloadHealth/Operational", "Provider_Name": "Microsoft-Windows-WER-PayloadHealth", "Computer": "DESKTOP-OFJ6N53", "TimeCreated": "2024-02-23 20:12:45.898067+00:00", "RecordID": "1284", "Level": "4", "UserID": "S-1-5-21-963789628-1060504924-4285088085-1001", "EventData.UploadDuration": "1234", "EventData.PayloadSize": "4360", "EventData.Protocol": "Watson", "EventData.Stage": "s1event", "EventData.BytesUploaded": "4360", "EventData.ServerName": "watson.events.data.microsoft.com"}
{"EventID": "1", "Channel": "Microsoft-Windows-WER-PayloadHealth/Operational", "Provider_Name": "Microsoft-Windows-WER-PayloadHealth", "Computer": "DESKTOP-OFJ6N53", "TimeCreated": "2024-02-24 04:20:04.073555+00:00", "RecordID": "1285", "Level": "4", "UserID": "S-1-5-21-963789628-1060504924-4285088085-1001", "EventData.UploadDuration": "843", "EventData.PayloadSize": "4661", "EventData.Protocol": "Watson", "EventData.Stage": "s1event", "EventData.BytesUploaded": "4661", "EventData.ServerName": "watson.events.data.microsoft.com"}
{"EventID": "1", "Channel": "Microsoft-Windows-WER-PayloadHealth/Operational", "Provider_Name": "Microsoft-Windows-WER-PayloadHealth", "Computer": "DESKTOP-OFJ6N53", "TimeCreated": "2024-03-11 11:43:17.565754+00:00", "RecordID": "1286", "Level": "4", "UserID": "S-1-5-21-963789628-1060504924-4285088085-1001", "EventData.UploadDuration": "2188", "EventData.PayloadSize": "4678", "EventData.Protocol": "Watson", "EventData.Stage": "s1event", "EventData.BytesUploaded": "4678", "EventData.ServerName": "watson.events.data.microsoft.com"}
{"EventID": "1", "Channel": "Microsoft-Windows-WER-PayloadHealth/Operational", "Provider_Name": "Microsoft-Windows-WER-PayloadHealth", "Computer": "DESKTOP-OFJ6N53", "TimeCreated": "2024-03-12 10:56:03.645880+00:00", "RecordID": "1287", "Level": "4", "UserID": "S-1-5-21-963789628-1060504924-4285088085-1001", "EventData.UploadDuration": "1172", "EventData.PayloadSize": "3646", "EventData.Protocol": "OCA", "EventData.Stage": "request-upload/minidump", "EventData.BytesUploaded": "3646", "EventData.ServerName": "watson.events.data.microsoft.com"}
{"EventID": "1", "Channel": "Microsoft-Windows-WER-PayloadHealth/Operational", "Provider_Name": "Microsoft-Windows-WER-PayloadHealth", "Computer": "DESKTOP-OFJ6N53", "TimeCreated": "2024-03-12 10:56:23.777090+00:00", "RecordID": "1288", "Level": "4", "UserID": "S-1-5-21-963789628-1060504924-4285088085-1001", "EventData.UploadDuration": "20078", "EventData.PayloadSize": "182060", "EventData.Protocol": "OCA", "EventData.Stage": "data-upload/minidump", "EventData.BytesUploaded": "182060", "EventData.ServerName": "watson.events.data.microsoft.com"}
{"EventID": "1", "Channel": "Microsoft-Windows-WER-PayloadHealth/Operational", "Provider_Name": "Microsoft-Windows-WER-PayloadHealth", "Computer": "DESKTOP-OFJ6N53", "TimeCreated": "2024-03-13 12:00:12.746506+00:00", "RecordID": "1289", "Level": "4", "UserID": "S-1-5-21-963789628-1060504924-4285088085-1001", "EventData.UploadDuration": "1360", "EventData.PayloadSize": "4838", "EventData.Protocol": "Watson", "EventData.Stage": "s1event", "EventData.BytesUploaded": "4838", "EventData.ServerName": "watson.events.data.microsoft.com"}
{"EventID": "1", "Channel": "Microsoft-Windows-WER-PayloadHealth/Operational", "Provider_Name": "Microsoft-Windows-WER-PayloadHealth", "Computer": "DESKTOP-OFJ6N53", "TimeCreated": "2024-03-13 12:00:37.999298+00:00", "RecordID": "1290", "Level": "4", "UserID": "S-1-5-21-963789628-1060504924-4285088085-1001", "EventData.UploadDuration": "1078", "EventData.PayloadSize": "4288", "EventData.Protocol": "Watson", "EventData.Stage": "s1event", "EventData.BytesUploaded": "4288", "EventData.ServerName": "watson.events.data.microsoft.com"}
{"EventID": "1", "Channel": "Microsoft-Windows-WER-PayloadHealth/Operational", "Provider_Name": "Microsoft-Windows-WER-PayloadHealth", "Computer": "DESKTOP-OFJ6N53", "TimeCreated": "2024-03-15 11:25:24.828283+00:00", "RecordID": "1291", "Level": "4", "UserID": "S-1-5-21-963789628-1060504924-4285088085-1001", "EventData.UploadDuration": "1906", "EventData.PayloadSize": "4661", "EventData.Protocol": "Watson", "EventData.Stage": "s1event", "EventData.BytesUploaded": "4661", "EventData.ServerName": "watson.events.data.microsoft.com"}
{"EventID": "1", "Channel": "Microsoft-Windows-WER-PayloadHealth/Operational", "Provider_Name": "Microsoft-Windows-WER-PayloadHealth", "Computer": "DESKTOP-OFJ6N53", "TimeCreated": "2024-03-15 20:54:12.636631+00:00", "RecordID": "1292", "Level": "4", "UserID": "S-1-5-21-963789628-1060504924-4285088085-1001", "EventData.UploadDuration": "1343", "EventData.PayloadSize": "4360", "EventData.Protocol": "Watson", "EventData.Stage": "s1event", "EventData.BytesUploaded": "4360", "EventData.ServerName": "watson.events.data.microsoft.com"}
{"EventID": "1", "Channel": "Microsoft-Windows-WER-PayloadHealth/Operational", "Provider_Name": "Microsoft-Windows-WER-PayloadHealth", "Computer": "DESKTOP-OFJ6N53", "TimeCreated": "2024-03-15 20:54:13.787333+00:00", "RecordID": "1293", "Level": "4", "UserID": "S-1-5-21-963789628-1060504924-4285088085-1001", "EventData.UploadDuration": "1016", "EventData.PayloadSize": "4200", "EventData.Protocol": "Watson", "EventData.Stage": "getdestination", "EventData.BytesUploaded": "4200", "EventData.ServerName": "watson.events.data.microsoft.com"}
{"EventID": "3", "Channel": "Microsoft-Windows-WER-PayloadHealth/Operational", "Provider_Name": "Microsoft-Windows-WER-PayloadHealth", "Computer": "DESKTOP-OFJ6N53", "TimeCreated": "2024-03-15 20:54:16.405159+00:00", "RecordID": "1294", "Level": "4", "UserID": "S-1-5-18", "EventData.HttpExchangeResult": "0", "EventData.LastBlockId": "1", "EventData.TotalBytesUploaded": "1110992"}
{"EventID": "1", "Channel": "Microsoft-Windows-WER-PayloadHealth/Operational", "Provider_Name": "Microsoft-Windows-WER-PayloadHealth", "Computer": "DESKTOP-OFJ6N53", "TimeCreated": "2024-03-15 20:54:17.472097+00:00", "RecordID": "1295", "Level": "4", "UserID": "S-1-5-21-963789628-1060504924-4285088085-1001", "EventData.UploadDuration": "1062", "EventData.PayloadSize": "4910", "EventData.Protocol": "Watson", "EventData.Stage": "uploadcompleted", "EventData.BytesUploaded": "4910", "EventData.ServerName": "watson.events.data.microsoft.com"}
{"EventID": "1", "Channel": "Microsoft-Windows-WER-PayloadHealth/Operational", "Provider_Name": "Microsoft-Windows-WER-PayloadHealth", "Computer": "DESKTOP-OFJ6N53", "TimeCreated": "2024-03-15 21:09:20.909737+00:00", "RecordID": "1296", "Level": "4", "UserID": "S-1-5-21-963789628-1060504924-4285088085-1001", "EventData.UploadDuration": "1204", "EventData.PayloadSize": "4360", "EventData.Protocol": "Watson", "EventData.Stage": "s1event", "EventData.BytesUploaded": "4360", "EventData.ServerName": "watson.events.data.microsoft.com"}
{"EventID": "1", "Channel": "Microsoft-Windows-WER-PayloadHealth/Operational", "Provider_Name": "Microsoft-Windows-WER-PayloadHealth", "Computer": "DESKTOP-OFJ6N53", "TimeCreated": "2024-03-16 00:29:05.683460+00:00", "RecordID": "1297", "Level": "4", "UserID": "S-1-5-21-963789628-1060504924-4285088085-1001", "EventData.UploadDuration": "1203", "EventData.PayloadSize": "4661", "EventData.Protocol": "Watson", "EventData.Stage": "s1event", "EventData.BytesUploaded": "4661", "EventData.ServerName": "watson.events.data.microsoft.com"}
{"EventID": "1", "Channel": "Microsoft-Windows-WER-PayloadHealth/Operational", "Provider_Name": "Microsoft-Windows-WER-PayloadHealth", "Computer": "DESKTOP-OFJ6N53", "TimeCreated": "2024-03-19 23:49:55.340006+00:00", "RecordID": "1298", "Level": "4", "UserID": "S-1-5-21-963789628-1060504924-4285088085-1001", "EventData.UploadDuration": "750", "EventData.PayloadSize": "3646", "EventData.Protocol": "OCA", "EventData.Stage": "request-upload/minidump", "EventData.BytesUploaded": "3646", "EventData.ServerName": "watson.events.data.microsoft.com"}
{"EventID": "1", "Channel": "Microsoft-Windows-WER-PayloadHealth/Operational", "Provider_Name": "Microsoft-Windows-WER-PayloadHealth", "Computer": "DESKTOP-OFJ6N53", "TimeCreated": "2024-03-19 23:50:21.116770+00:00", "RecordID": "1299", "Level": "4", "UserID": "S-1-5-21-963789628-1060504924-4285088085-1001", "EventData.UploadDuration": "25718", "EventData.PayloadSize": "179329", "EventData.Protocol": "OCA", "EventData.Stage": "data-upload/minidump", "EventData.BytesUploaded": "179329", "EventData.ServerName": "watson.events.data.microsoft.com"}
{"EventID": "1", "Channel": "Microsoft-Windows-WER-PayloadHealth/Operational", "Provider_Name": "Microsoft-Windows-WER-PayloadHealth", "Computer": "DESKTOP-OFJ6N53", "TimeCreated": "2024-03-20 00:34:25.261803+00:00", "RecordID": "1300", "Level": "4", "UserID": "S-1-5-21-963789628-1060504924-4285088085-1001", "EventData.UploadDuration": "844", "EventData.PayloadSize": "4133", "EventData.Protocol": "OCA", "EventData.Stage": "data-upload/minidump", "EventData.BytesUploaded": "4133", "EventData.ServerName": "watson.events.data.microsoft.com"}
{"EventID": "1", "Channel": "Microsoft-Windows-WER-PayloadHealth/Operational", "Provider_Name": "Microsoft-Windows-WER-PayloadHealth", "Computer": "DESKTOP-OFJ6N53", "TimeCreated": "2024-03-20 04:18:19.188826+00:00", "RecordID": "1301", "Level": "4", "UserID": "S-1-5-21-963789628-1060504924-4285088085-1001", "EventData.UploadDuration": "765", "EventData.PayloadSize": "4133", "EventData.Protocol": "OCA", "EventData.Stage": "data-upload/minidump", "EventData.BytesUploaded": "4133", "EventData.ServerName": "watson.events.data.microsoft.com"}
{"EventID": "1", "Channel": "Microsoft-Windows-WER-PayloadHealth/Operational", "Provider_Name": "Microsoft-Windows-WER-PayloadHealth", "Computer": "DESKTOP-OFJ6N53", "TimeCreated": "2024-03-22 22:23:06.902651+00:00", "RecordID": "1302", "Level": "4", "UserID": "S-1-5-21-963789628-1060504924-4285088085-1001", "EventData.UploadDuration": "1141", "EventData.PayloadSize": "4361", "EventData.Protocol": "Watson", "EventData.Stage": "s1event", "EventData.BytesUploaded": "4361", "EventData.ServerName": "watson.events.data.microsoft.com"}
{"EventID": "1", "Channel": "Microsoft-Windows-WER-PayloadHealth/Operational", "Provider_Name": "Microsoft-Windows-WER-PayloadHealth", "Computer": "DESKTOP-OFJ6N53", "TimeCreated": "2024-03-22 22:23:08.182236+00:00", "RecordID": "1303", "Level": "4", "UserID": "S-1-5-21-963789628-1060504924-4285088085-1001", "EventData.UploadDuration": "703", "EventData.PayloadSize": "4200", "EventData.Protocol": "Watson", "EventData.Stage": "getdestination", "EventData.BytesUploaded": "4200", "EventData.ServerName": "watson.events.data.microsoft.com"}
{"EventID": "3", "Channel": "Microsoft-Windows-WER-PayloadHealth/Operational", "Provider_Name": "Microsoft-Windows-WER-PayloadHealth", "Computer": "DESKTOP-OFJ6N53", "TimeCreated": "2024-03-22 22:23:09.989023+00:00", "RecordID": "1304", "Level": "4", "UserID": "S-1-5-18", "EventData.HttpExchangeResult": "0", "EventData.LastBlockId": "1", "EventData.TotalBytesUploaded": "1111017"}
{"EventID": "1", "Channel": "Microsoft-Windows-WER-PayloadHealth/Operational", "Provider_Name": "Microsoft-Windows-WER-PayloadHealth", "Computer": "DESKTOP-OFJ6N53", "TimeCreated": "2024-03-22 22:23:10.795387+00:00", "RecordID": "1305", "Level": "4", "UserID": "S-1-5-21-963789628-1060504924-4285088085-1001", "EventData.UploadDuration": "797", "EventData.PayloadSize": "4910", "EventData.Protocol": "Watson", "EventData.Stage": "uploadcompleted", "EventData.BytesUploaded": "4910", "EventData.ServerName": "watson.events.data.microsoft.com"}
{"EventID": "1", "Channel": "Microsoft-Windows-WER-PayloadHealth/Operational", "Provider_Name": "Microsoft-Windows-WER-PayloadHealth", "Computer": "DESKTOP-OFJ6N53", "TimeCreated": "2024-03-22 22:38:02.571899+00:00", "RecordID": "1306", "Level": "4", "UserID": "S-1-5-21-963789628-1060504924-4285088085-1001", "EventData.UploadDuration": "1016", "EventData.PayloadSize": "4361", "EventData.Protocol": "Watson", "EventData.Stage": "s1event", "EventData.BytesUploaded": "4361", "EventData.ServerName": "watson.events.data.microsoft.com"}
{"EventID": "1", "Channel": "Microsoft-Windows-WER-PayloadHealth/Operational", "Provider_Name": "Microsoft-Windows-WER-PayloadHealth", "Computer": "DESKTOP-OFJ6N53", "TimeCreated": "2024-03-23 01:57:36.461214+00:00", "RecordID": "1307", "Level": "4", "UserID": "S-1-5-21-963789628-1060504924-4285088085-1001", "EventData.UploadDuration": "891", "EventData.PayloadSize": "4662", "EventData.Protocol": "Watson", "EventData.Stage": "s1event", "EventData.BytesUploaded": "4662", "EventData.ServerName": "watson.events.data.microsoft.com"}
{"EventID": "1", "Channel": "Microsoft-Windows-WER-PayloadHealth/Operational", "Provider_Name": "Microsoft-Windows-WER-PayloadHealth", "Computer": "DESKTOP-OFJ6N53", "TimeCreated": "2024-03-23 01:57:38.934370+00:00", "RecordID": "1308", "Level": "4", "UserID": "S-1-5-21-963789628-1060504924-4285088085-1001", "EventData.UploadDuration": "844", "EventData.PayloadSize": "4662", "EventData.Protocol": "Watson", "EventData.Stage": "s1event", "EventData.BytesUploaded": "4662", "EventData.ServerName": "watson.events.data.microsoft.com"}
{"EventID": "1", "Channel": "Microsoft-Windows-WER-PayloadHealth/Operational", "Provider_Name": "Microsoft-Windows-WER-PayloadHealth", "Computer": "DESKTOP-OFJ6N53", "TimeCreated": "2024-03-28 11:30:36.687160+00:00", "RecordID": "1309", "Level": "4", "UserID": "S-1-5-21-963789628-1060504924-4285088085-1001", "EventData.UploadDuration": "1344", "EventData.PayloadSize": "4361", "EventData.Protocol": "Watson", "EventData.Stage": "s1event", "EventData.BytesUploaded": "4361", "EventData.ServerName": "watson.events.data.microsoft.com"}
{"EventID": "1", "Channel": "Microsoft-Windows-WER-PayloadHealth/Operational", "Provider_Name": "Microsoft-Windows-WER-PayloadHealth", "Computer": "DESKTOP-OFJ6N53", "TimeCreated": "2024-03-28 12:07:19.251053+00:00", "RecordID": "1310", "Level": "4", "UserID": "S-1-5-21-963789628-1060504924-4285088085-1001", "EventData.UploadDuration": "1296", "EventData.PayloadSize": "4361", "EventData.Protocol": "Watson", "EventData.Stage": "s1event", "EventData.BytesUploaded": "4361", "EventData.ServerName": "watson.events.data.microsoft.com"}
{"EventID": "1", "Channel": "Microsoft-Windows-WER-PayloadHealth/Operational", "Provider_Name": "Microsoft-Windows-WER-PayloadHealth", "Computer": "DESKTOP-OFJ6N53", "TimeCreated": "2024-04-06 11:16:36.755291+00:00", "RecordID": "1311", "Level": "4", "UserID": "S-1-5-21-963789628-1060504924-4285088085-1001", "EventData.UploadDuration": "891", "EventData.PayloadSize": "4818", "EventData.Protocol": "Watson", "EventData.Stage": "s1event", "EventData.BytesUploaded": "4818", "EventData.ServerName": "watson.events.data.microsoft.com"}
{"EventID": "1", "Channel": "Microsoft-Windows-WER-PayloadHealth/Operational", "Provider_Name": "Microsoft-Windows-WER-PayloadHealth", "Computer": "DESKTOP-OFJ6N53", "TimeCreated": "2024-04-09 15:28:46.706182+00:00", "RecordID": "1312", "Level": "4", "UserID": "S-1-5-21-963789628-1060504924-4285088085-1001", "EventData.UploadDuration": "969", "EventData.PayloadSize": "4978", "EventData.Protocol": "Watson", "EventData.Stage": "s1event", "EventData.BytesUploaded": "4978", "EventData.ServerName": "watson.events.data.microsoft.com"}
{"EventID": "1", "Channel": "Microsoft-Windows-WER-PayloadHealth/Operational", "Provider_Name": "Microsoft-Windows-WER-PayloadHealth", "Computer": "DESKTOP-OFJ6N53", "TimeCreated": "2024-04-12 05:21:41.223568+00:00", "RecordID": "1313", "Level": "4", "UserID": "S-1-5-21-963789628-1060504924-4285088085-1001", "EventData.UploadDuration": "1109", "EventData.PayloadSize": "4819", "EventData.Protocol": "Watson", "EventData.Stage": "s1event", "EventData.BytesUploaded": "4819", "EventData.ServerName": "watson.events.data.microsoft.com"}
{"EventID": "1", "Channel": "Microsoft-Windows-WER-PayloadHealth/Operational", "Provider_Name": "Microsoft-Windows-WER-PayloadHealth", "Computer": "DESKTOP-OFJ6N53", "TimeCreated": "2024-04-15 08:29:10.177485+00:00", "RecordID": "1314", "Level": "4", "UserID": "S-1-5-21-963789628-1060504924-4285088085-1001", "EventData.UploadDuration": "1828", "EventData.PayloadSize": "4966", "EventData.Protocol": "Watson", "EventData.Stage": "s1event", "EventData.BytesUploaded": "4966", "EventData.ServerName": "watson.events.data.microsoft.com"}
{"EventID": "1", "Channel": "Microsoft-Windows-WER-PayloadHealth/Operational", "Provider_Name": "Microsoft-Windows-WER-PayloadHealth", "Computer": "DESKTOP-OFJ6N53", "TimeCreated": "2024-04-24 13:11:49.797474+00:00", "RecordID": "1315", "Level": "4", "UserID": "S-1-5-18", "EventData.UploadDuration": "1687", "EventData.PayloadSize": "4884", "EventData.Protocol": "Watson", "EventData.Stage": "s1event", "EventData.BytesUploaded": "4884", "EventData.ServerName": "watson.events.data.microsoft.com"}
{"EventID": "1", "Channel": "Microsoft-Windows-WER-PayloadHealth/Operational", "Provider_Name": "Microsoft-Windows-WER-PayloadHealth", "Computer": "DESKTOP-OFJ6N53", "TimeCreated": "2024-04-24 13:46:01.500927+00:00", "RecordID": "1316", "Level": "4", "UserID": "S-1-5-18", "EventData.UploadDuration": "13906", "EventData.PayloadSize": "4714", "EventData.Protocol": "Watson", "EventData.Stage": "s1event", "EventData.BytesUploaded": "4714", "EventData.ServerName": "watson.events.data.microsoft.com"}
{"EventID": "1", "Channel": "Microsoft-Windows-WER-PayloadHealth/Operational", "Provider_Name": "Microsoft-Windows-WER-PayloadHealth", "Computer": "DESKTOP-OFJ6N53", "TimeCreated": "2024-04-26 15:11:00.928747+00:00", "RecordID": "1317", "Level": "4", "UserID": "S-1-5-21-963789628-1060504924-4285088085-1001", "EventData.UploadDuration": "984", "EventData.PayloadSize": "4282", "EventData.Protocol": "Watson", "EventData.Stage": "s1event", "EventData.BytesUploaded": "4282", "EventData.ServerName": "watson.events.data.microsoft.com"}
{"EventID": "2", "Channel": "Microsoft-Windows-WER-PayloadHealth/Operational", "Provider_Name": "Microsoft-Windows-WER-PayloadHealth", "Computer": "DESKTOP-OFJ6N53", "TimeCreated": "2024-04-29 15:22:37.711439+00:00", "RecordID": "1318", "Level": "4", "UserID": "S-1-5-21-963789628-1060504924-4285088085-1001", "EventData.HttpExchangeResult": "2147954402", "EventData.UploadDuration": "21203", "EventData.PayloadSize": "4438", "EventData.Protocol": "Watson", "EventData.Stage": "s1event", "EventData.RequestStatusCode": "0", "EventData.BytesUploaded": "0", "EventData.ServerName": "watson.events.data.microsoft.com", "EventData.TransportHr": "2147954402"}
{"EventID": "2", "Channel": "Microsoft-Windows-WER-PayloadHealth/Operational", "Provider_Name": "Microsoft-Windows-WER-PayloadHealth", "Computer": "DESKTOP-OFJ6N53", "TimeCreated": "2024-04-29 15:32:11.315691+00:00", "RecordID": "1319", "Level": "4", "UserID": "S-1-5-21-963789628-1060504924-4285088085-1001", "EventData.HttpExchangeResult": "2147954402", "EventData.UploadDuration": "21094", "EventData.PayloadSize": "4438", "EventData.Protocol": "Watson", "EventData.Stage": "s1event", "EventData.RequestStatusCode": "0", "EventData.BytesUploaded": "0", "EventData.ServerName": "watson.events.data.microsoft.com", "EventData.TransportHr": "2147954402"}
{"EventID": "2", "Channel": "Microsoft-Windows-WER-PayloadHealth/Operational", "Provider_Name": "Microsoft-Windows-WER-PayloadHealth", "Computer": "DESKTOP-OFJ6N53", "TimeCreated": "2024-04-29 15:34:38.643835+00:00", "RecordID": "1320", "Level": "4", "UserID": "S-1-5-21-963789628-1060504924-4285088085-1001", "EventData.HttpExchangeResult": "2147954402", "EventData.UploadDuration": "21063", "EventData.PayloadSize": "4438", "EventData.Protocol": "Watson", "EventData.Stage": "s1event", "EventData.RequestStatusCode": "0", "EventData.BytesUploaded": "0", "EventData.ServerName": "watson.events.data.microsoft.com", "EventData.TransportHr": "2147954402"}
{"EventID": "2", "Channel": "Microsoft-Windows-WER-PayloadHealth/Operational", "Provider_Name": "Microsoft-Windows-WER-PayloadHealth", "Computer": "DESKTOP-OFJ6N53", "TimeCreated": "2024-04-29 15:35:03.314112+00:00", "RecordID": "1321", "Level": "4", "UserID": "S-1-5-21-963789628-1060504924-4285088085-1001", "EventData.HttpExchangeResult": "2147954402", "EventData.UploadDuration": "21203", "EventData.PayloadSize": "4438", "EventData.Protocol": "Watson", "EventData.Stage": "s1event", "EventData.RequestStatusCode": "0", "EventData.BytesUploaded": "0", "EventData.ServerName": "watson.events.data.microsoft.com", "EventData.TransportHr": "2147954402"}
{"EventID": "2", "Channel": "Microsoft-Windows-WER-PayloadHealth/Operational", "Provider_Name": "Microsoft-Windows-WER-PayloadHealth", "Computer": "DESKTOP-OFJ6N53", "TimeCreated": "2024-04-29 15:37:30.664654+00:00", "RecordID": "1322", "Level": "4", "UserID": "S-1-5-21-963789628-1060504924-4285088085-1001", "EventData.HttpExchangeResult": "2147954402", "EventData.UploadDuration": "21079", "EventData.PayloadSize": "4438", "EventData.Protocol": "Watson", "EventData.Stage": "s1event", "EventData.RequestStatusCode": "0", "EventData.BytesUploaded": "0", "EventData.ServerName": "watson.events.data.microsoft.com", "EventData.TransportHr": "2147954402"}
{"EventID": "2", "Channel": "Microsoft-Windows-WER-PayloadHealth/Operational", "Provider_Name": "Microsoft-Windows-WER-PayloadHealth", "Computer": "DESKTOP-OFJ6N53", "TimeCreated": "2024-04-29 15:39:58.155014+00:00", "RecordID": "1323", "Level": "4", "UserID": "S-1-5-21-963789628-1060504924-4285088085-1001", "EventData.HttpExchangeResult": "2147954402", "EventData.UploadDuration": "21266", "EventData.PayloadSize": "4438", "EventData.Protocol": "Watson", "EventData.Stage": "s1event", "EventData.RequestStatusCode": "0", "EventData.BytesUploaded": "0", "EventData.ServerName": "watson.events.data.microsoft.com", "EventData.TransportHr": "2147954402"}
{"EventID": "2", "Channel": "Microsoft-Windows-WER-PayloadHealth/Operational", "Provider_Name": "Microsoft-Windows-WER-PayloadHealth", "Computer": "DESKTOP-OFJ6N53", "TimeCreated": "2024-04-29 16:56:14.717226+00:00", "RecordID": "1324", "Level": "4", "UserID": "S-1-5-21-963789628-1060504924-4285088085-1001", "EventData.HttpExchangeResult": "2147954402", "EventData.UploadDuration": "21109", "EventData.PayloadSize": "4438", "EventData.Protocol": "Watson", "EventData.Stage": "s1event", "EventData.RequestStatusCode": "0", "EventData.BytesUploaded": "0", "EventData.ServerName": "watson.events.data.microsoft.com", "EventData.TransportHr": "2147954402"}
{"EventID": "2", "Channel": "Microsoft-Windows-WER-PayloadHealth/Operational", "Provider_Name": "Microsoft-Windows-WER-PayloadHealth", "Computer": "DESKTOP-OFJ6N53", "TimeCreated": "2024-04-29 16:56:36.675194+00:00", "RecordID": "1325", "Level": "4", "UserID": "S-1-5-21-963789628-1060504924-4285088085-1001", "EventData.HttpExchangeResult": "2147954402", "EventData.UploadDuration": "21047", "EventData.PayloadSize": "4438", "EventData.Protocol": "Watson", "EventData.Stage": "s1event", "EventData.RequestStatusCode": "0", "EventData.BytesUploaded": "0", "EventData.ServerName": "watson.events.data.microsoft.com", "EventData.TransportHr": "2147954402"}
{"EventID": "1", "Channel": "Microsoft-Windows-WER-PayloadHealth/Operational", "Provider_Name": "Microsoft-Windows-WER-PayloadHealth", "Computer": "DESKTOP-OFJ6N53", "TimeCreated": "2024-04-29 16:56:39.285231+00:00", "RecordID": "1326", "Level": "4", "UserID": "S-1-5-21-963789628-1060504924-4285088085-1001", "EventData.UploadDuration": "2579", "EventData.PayloadSize": "4438", "EventData.Protocol": "Watson", "EventData.Stage": "s1event", "EventData.BytesUploaded": "4438", "EventData.ServerName": "watson.events.data.microsoft.com"}
{"EventID": "2", "Channel": "Microsoft-Windows-WER-PayloadHealth/Operational", "Provider_Name": "Microsoft-Windows-WER-PayloadHealth", "Computer": "DESKTOP-OFJ6N53", "TimeCreated": "2024-04-29 20:30:48.428125+00:00", "RecordID": "1327", "Level": "4", "UserID": "S-1-5-21-963789628-1060504924-4285088085-1001", "EventData.HttpExchangeResult": "2147954402", "EventData.UploadDuration": "21078", "EventData.PayloadSize": "4438", "EventData.Protocol": "Watson", "EventData.Stage": "s1event", "EventData.RequestStatusCode": "0", "EventData.BytesUploaded": "0", "EventData.ServerName": "watson.events.data.microsoft.com", "EventData.TransportHr": "2147954402"}
{"EventID": "2", "Channel": "Microsoft-Windows-WER-PayloadHealth/Operational", "Provider_Name": "Microsoft-Windows-WER-PayloadHealth", "Computer": "DESKTOP-OFJ6N53", "TimeCreated": "2024-04-29 20:31:09.512066+00:00", "RecordID": "1328", "Level": "4", "UserID": "S-1-5-21-963789628-1060504924-4285088085-1001", "EventData.HttpExchangeResult": "2147954402", "EventData.UploadDuration": "21047", "EventData.PayloadSize": "4438", "EventData.Protocol": "Watson", "EventData.Stage": "s1event", "EventData.RequestStatusCode": "0", "EventData.BytesUploaded": "0", "EventData.ServerName": "watson.events.data.microsoft.com", "EventData.TransportHr": "2147954402"}
{"EventID": "2", "Channel": "Microsoft-Windows-WER-PayloadHealth/Operational", "Provider_Name": "Microsoft-Windows-WER-PayloadHealth", "Computer": "DESKTOP-OFJ6N53", "TimeCreated": "2024-04-30 00:49:45.526995+00:00", "RecordID": "1329", "Level": "4", "UserID": "S-1-5-21-963789628-1060504924-4285088085-1001", "EventData.HttpExchangeResult": "2147954402", "EventData.UploadDuration": "21125", "EventData.PayloadSize": "4438", "EventData.Protocol": "Watson", "EventData.Stage": "s1event", "EventData.RequestStatusCode": "0", "EventData.BytesUploaded": "0", "EventData.ServerName": "watson.events.data.microsoft.com", "EventData.TransportHr": "2147954402"}
{"EventID": "2", "Channel": "Microsoft-Windows-WER-PayloadHealth/Operational", "Provider_Name": "Microsoft-Windows-WER-PayloadHealth", "Computer": "DESKTOP-OFJ6N53", "TimeCreated": "2024-04-30 00:50:06.755880+00:00", "RecordID": "1330", "Level": "4", "UserID": "S-1-5-21-963789628-1060504924-4285088085-1001", "EventData.HttpExchangeResult": "2147954402", "EventData.UploadDuration": "21156", "EventData.PayloadSize": "4438", "EventData.Protocol": "Watson", "EventData.Stage": "s1event", "EventData.RequestStatusCode": "0", "EventData.BytesUploaded": "0", "EventData.ServerName": "watson.events.data.microsoft.com", "EventData.TransportHr": "2147954402"}
{"EventID": "2", "Channel": "Microsoft-Windows-WER-PayloadHealth/Operational", "Provider_Name": "Microsoft-Windows-WER-PayloadHealth", "Computer": "DESKTOP-OFJ6N53", "TimeCreated": "2024-04-30 04:06:21.411711+00:00", "RecordID": "1331", "Level": "4", "UserID": "S-1-5-21-963789628-1060504924-4285088085-1001", "EventData.HttpExchangeResult": "2147954402", "EventData.UploadDuration": "21063", "EventData.PayloadSize": "4438", "EventData.Protocol": "Watson", "EventData.Stage": "s1event", "EventData.RequestStatusCode": "0", "EventData.BytesUploaded": "0", "EventData.ServerName": "watson.events.data.microsoft.com", "EventData.TransportHr": "2147954402"}
{"EventID": "2", "Channel": "Microsoft-Windows-WER-PayloadHealth/Operational", "Provider_Name": "Microsoft-Windows-WER-PayloadHealth", "Computer": "DESKTOP-OFJ6N53", "TimeCreated": "2024-04-30 04:06:52.363026+00:00", "RecordID": "1332", "Level": "4", "UserID": "S-1-5-21-963789628-1060504924-4285088085-1001", "EventData.HttpExchangeResult": "2147954402", "EventData.UploadDuration": "30907", "EventData.PayloadSize": "4438", "EventData.Protocol": "Watson", "EventData.Stage": "s1event", "EventData.RequestStatusCode": "0", "EventData.BytesUploaded": "0", "EventData.ServerName": "watson.events.data.microsoft.com", "EventData.TransportHr": "2147954402"}
{"EventID": "1", "Channel": "Microsoft-Windows-WER-PayloadHealth/Operational", "Provider_Name": "Microsoft-Windows-WER-PayloadHealth", "Computer": "DESKTOP-OFJ6N53", "TimeCreated": "2024-04-30 08:58:33.275887+00:00", "RecordID": "1333", "Level": "4", "UserID": "S-1-5-21-963789628-1060504924-4285088085-1001", "EventData.UploadDuration": "875", "EventData.PayloadSize": "4438", "EventData.Protocol": "Watson", "EventData.Stage": "s1event", "EventData.BytesUploaded": "4438", "EventData.ServerName": "watson.events.data.microsoft.com"}
{"EventID": "1", "Channel": "Microsoft-Windows-WER-PayloadHealth/Operational", "Provider_Name": "Microsoft-Windows-WER-PayloadHealth", "Computer": "DESKTOP-OFJ6N53", "TimeCreated": "2024-04-30 08:58:34.365355+00:00", "RecordID": "1334", "Level": "4", "UserID": "S-1-5-21-963789628-1060504924-4285088085-1001", "EventData.UploadDuration": "860", "EventData.PayloadSize": "4438", "EventData.Protocol": "Watson", "EventData.Stage": "s1event", "EventData.BytesUploaded": "4438", "EventData.ServerName": "watson.events.data.microsoft.com"}
{"EventID": "2", "Channel": "Microsoft-Windows-WER-PayloadHealth/Operational", "Provider_Name": "Microsoft-Windows-WER-PayloadHealth", "Computer": "DESKTOP-OFJ6N53", "TimeCreated": "2024-05-02 16:24:47.322866+00:00", "RecordID": "1335", "Level": "4", "UserID": "S-1-5-21-963789628-1060504924-4285088085-1001", "EventData.HttpExchangeResult": "2147954402", "EventData.UploadDuration": "21078", "EventData.PayloadSize": "4438", "EventData.Protocol": "Watson", "EventData.Stage": "s1event", "EventData.RequestStatusCode": "0", "EventData.BytesUploaded": "0", "EventData.ServerName": "watson.events.data.microsoft.com", "EventData.TransportHr": "2147954402"}
{"EventID": "2", "Channel": "Microsoft-Windows-WER-PayloadHealth/Operational", "Provider_Name": "Microsoft-Windows-WER-PayloadHealth", "Computer": "DESKTOP-OFJ6N53", "TimeCreated": "2024-05-02 16:58:24.494965+00:00", "RecordID": "1336", "Level": "4", "UserID": "S-1-5-21-963789628-1060504924-4285088085-1001", "EventData.HttpExchangeResult": "2147954402", "EventData.UploadDuration": "21078", "EventData.PayloadSize": "4438", "EventData.Protocol": "Watson", "EventData.Stage": "s1event", "EventData.RequestStatusCode": "0", "EventData.BytesUploaded": "0", "EventData.ServerName": "watson.events.data.microsoft.com", "EventData.TransportHr": "2147954402"}
{"EventID": "2", "Channel": "Microsoft-Windows-WER-PayloadHealth/Operational", "Provider_Name": "Microsoft-Windows-WER-PayloadHealth", "Computer": "DESKTOP-OFJ6N53", "TimeCreated": "2024-05-02 20:19:54.151411+00:00", "RecordID": "1337", "Level": "4", "UserID": "S-1-5-21-963789628-1060504924-4285088085-1001", "EventData.HttpExchangeResult": "2147954402", "EventData.UploadDuration": "21094", "EventData.PayloadSize": "4438", "EventData.Protocol": "Watson", "EventData.Stage": "s1event", "EventData.RequestStatusCode": "0", "EventData.BytesUploaded": "0", "EventData.ServerName": "watson.events.data.microsoft.com", "EventData.TransportHr": "2147954402"}
{"EventID": "2", "Channel": "Microsoft-Windows-WER-PayloadHealth/Operational", "Provider_Name": "Microsoft-Windows-WER-PayloadHealth", "Computer": "DESKTOP-OFJ6N53", "TimeCreated": "2024-05-03 00:12:32.604401+00:00", "RecordID": "1338", "Level": "4", "UserID": "S-1-5-21-963789628-1060504924-4285088085-1001", "EventData.HttpExchangeResult": "2147954402", "EventData.UploadDuration": "21093", "EventData.PayloadSize": "4438", "EventData.Protocol": "Watson", "EventData.Stage": "s1event", "EventData.RequestStatusCode": "0", "EventData.BytesUploaded": "0", "EventData.ServerName": "watson.events.data.microsoft.com", "EventData.TransportHr": "2147954402"}
{"EventID": "2", "Channel": "Microsoft-Windows-WER-PayloadHealth/Operational", "Provider_Name": "Microsoft-Windows-WER-PayloadHealth", "Computer": "DESKTOP-OFJ6N53", "TimeCreated": "2024-05-03 04:26:15.615568+00:00", "RecordID": "1339", "Level": "4", "UserID": "S-1-5-21-963789628-1060504924-4285088085-1001", "EventData.HttpExchangeResult": "2147954402", "EventData.UploadDuration": "21109", "EventData.PayloadSize": "4438", "EventData.Protocol": "Watson", "EventData.Stage": "s1event", "EventData.RequestStatusCode": "0", "EventData.BytesUploaded": "0", "EventData.ServerName": "watson.events.data.microsoft.com", "EventData.TransportHr": "2147954402"}
{"EventID": "2", "Channel": "Microsoft-Windows-WER-PayloadHealth/Operational", "Provider_Name": "Microsoft-Windows-WER-PayloadHealth", "Computer": "DESKTOP-OFJ6N53", "TimeCreated": "2024-05-03 08:04:16.553917+00:00", "RecordID": "1340", "Level": "4", "UserID": "S-1-5-21-963789628-1060504924-4285088085-1001", "EventData.HttpExchangeResult": "2147954402", "EventData.UploadDuration": "21094", "EventData.PayloadSize": "4438", "EventData.Protocol": "Watson", "EventData.Stage": "s1event", "EventData.RequestStatusCode": "0", "EventData.BytesUploaded": "0", "EventData.ServerName": "watson.events.data.microsoft.com", "EventData.TransportHr": "2147954402"}
{"EventID": "1", "Channel": "Microsoft-Windows-WER-PayloadHealth/Operational", "Provider_Name": "Microsoft-Windows-WER-PayloadHealth", "Computer": "DESKTOP-OFJ6N53", "TimeCreated": "2024-05-03 10:38:22.668255+00:00", "RecordID": "1341", "Level": "4", "UserID": "S-1-5-21-963789628-1060504924-4285088085-1001", "EventData.UploadDuration": "1531", "EventData.PayloadSize": "4438", "EventData.Protocol": "Watson", "EventData.Stage": "s1event", "EventData.BytesUploaded": "4438", "EventData.ServerName": "watson.events.data.microsoft.com"}
{"EventID": "2", "Channel": "Microsoft-Windows-WER-PayloadHealth/Operational", "Provider_Name": "Microsoft-Windows-WER-PayloadHealth", "Computer": "DESKTOP-OFJ6N53", "TimeCreated": "2024-05-03 19:25:26.987640+00:00", "RecordID": "1342", "Level": "4", "UserID": "S-1-5-21-963789628-1060504924-4285088085-1001", "EventData.HttpExchangeResult": "2147954402", "EventData.UploadDuration": "21343", "EventData.PayloadSize": "4438", "EventData.Protocol": "Watson", "EventData.Stage": "s1event", "EventData.RequestStatusCode": "0", "EventData.BytesUploaded": "0", "EventData.ServerName": "watson.events.data.microsoft.com", "EventData.TransportHr": "2147954402"}
{"EventID": "2", "Channel": "Microsoft-Windows-WER-PayloadHealth/Operational", "Provider_Name": "Microsoft-Windows-WER-PayloadHealth", "Computer": "DESKTOP-OFJ6N53", "TimeCreated": "2024-05-03 20:22:54.679850+00:00", "RecordID": "1343", "Level": "4", "UserID": "S-1-5-21-963789628-1060504924-4285088085-1001", "EventData.HttpExchangeResult": "2147954402", "EventData.UploadDuration": "21078", "EventData.PayloadSize": "4438", "EventData.Protocol": "Watson", "EventData.Stage": "s1event", "EventData.RequestStatusCode": "0", "EventData.BytesUploaded": "0", "EventData.ServerName": "watson.events.data.microsoft.com", "EventData.TransportHr": "2147954402"}
