{"EventID": "110", "Channel": "Microsoft-Windows-Diagnosis-DPS/Operational", "Provider_Name": "Microsoft-Windows-Diagnosis-DPS", "Computer": "DESKTOP-OFJ6N53", "TimeCreated": "2024-12-03 10:25:36.777079+00:00", "RecordID": "3595", "Level": "4", "UserID": "S-1-5-19", "EventData.ScenarioId": "{2698178d-fdad-40ae-9d3c-1371703adc5b}", "EventData.InstanceId": "{d0aa6971-ca72-4537-8b46-bd9291cf9cbc}", "EventData.OriginalActivityId": "{2698178d-fdad-40ae-9d3c-1371703adc5b}", "EventData.DiagnosticModuleImageName": "%SystemRoot%\\system32\\diagperf.dll", "EventData.DiagnosticModuleId": "{15fba3b8-a37a-4f91-bdba-fbb98fe804bf}"}
{"EventID": "110", "Channel": "Microsoft-Windows-Diagnosis-DPS/Operational", "Provider_Name": "Microsoft-Windows-Diagnosis-DPS", "Computer": "DESKTOP-OFJ6N53", "TimeCreated": "2024-12-03 10:25:37.737041+00:00", "RecordID": "3596", "Level": "4", "UserID": "S-1-5-19", "EventData.ScenarioId": "{86432a0b-3c7d-4ddf-a89c-172faa90485d}", "EventData.InstanceId": "{f91aa0eb-c840-4a89-ae6c-ecef057411f8}", "EventData.OriginalActivityId": "{86432a0b-3c7d-4ddf-a89c-172faa90485d}", "EventData.DiagnosticModuleImageName": "%SystemRoot%\\system32\\diagperf.dll", "EventData.DiagnosticModuleId": "{c8544339-5be9-4f25-862e-485f1b1a6935}"}
{"EventID": "100", "Channel": "Microsoft-Windows-Diagnosis-DPS/Operational", "Provider_Name": "Microsoft-Windows-Diagnosis-DPS", "Computer": "DESKTOP-OFJ6N53", "TimeCreated": "2024-12-03 10:25:38.682178+00:00", "RecordID": "3597", "Level": "4", "UserID": "S-1-5-19", "EventData.ScenarioId": "{3a5d4378-9d2f-4393-b1e5-34f5fa9a1140}", "EventData.InstanceId": "{1bbe16ab-2456-4793-85f6-6a5e4527ed11}", "EventData.OriginalActivityId": "{f91aa0eb-c840-4a89-ae6c-ecef057411f8}", "EventData.DiagnosticModuleImageName": "%SystemRoot%\\system32\\diagperf.dll", "EventData.DiagnosticModuleId": "{b171ab1c-60e9-4301-a338-beab1c70b3e9}"}
{"EventID": "105", "Channel": "Microsoft-Windows-Diagnosis-DPS/Operational", "Provider_Name": "Microsoft-Windows-Diagnosis-DPS", "Computer": "DESKTOP-OFJ6N53", "TimeCreated": "2024-12-03 10:25:38.682180+00:00", "RecordID": "3598", "Level": "4", "UserID": "S-1-5-19", "EventData.ScenarioId": "{3a5d4378-9d2f-4393-b1e5-34f5fa9a1140}", "EventData.InstanceId": "{1bbe16ab-2456-4793-85f6-6a5e4527ed11}", "EventData.OriginalActivityId": "{f91aa0eb-c840-4a89-ae6c-ecef057411f8}", "EventData.DiagnosticModuleImageName": "%SystemRoot%\\system32\\diagperf.dll", "EventData.DiagnosticModuleId": "{b171ab1c-60e9-4301-a338-beab1c70b3e9}"}
{"EventID": "120", "Channel": "Microsoft-Windows-Diagnosis-DPS/Operational", "Provider_Name": "Microsoft-Windows-Diagnosis-DPS", "Computer": "DESKTOP-OFJ6N53", "TimeCreated": "2024-12-03 10:25:38.690159+00:00", "RecordID": "3599", "Level": "4", "UserID": "S-1-5-19", "EventData.ScenarioId": "{3a5d4378-9d2f-4393-b1e5-34f5fa9a1140}", "EventData.InstanceId": "{1bbe16ab-2456-4793-85f6-6a5e4527ed11}", "EventData.OriginalActivityId": "{f91aa0eb-c840-4a89-ae6c-ecef057411f8}", "EventData.DiagnosticModuleImageName": "%SystemRoot%\\system32\\diagperf.dll", "EventData.ResolutionId": "{b171ab1c-60e9-4301-a338-beab1c70b3e9}", "EventData.ResolutionSID": "S-1-1-0", "EventData.ResolutionSessionId": "0", "EventData.ResolutionExpirationDate": "2025-03-03 10:25:38.682556+00:00", "EventData.DiagnosticModuleId": "{b171ab1c-60e9-4301-a338-beab1c70b3e9}"}
{"EventID": "100", "Channel": "Microsoft-Windows-Diagnosis-DPS/Operational", "Provider_Name": "Microsoft-Windows-Diagnosis-DPS", "Computer": "DESKTOP-OFJ6N53", "TimeCreated": "2024-12-08 10:34:47.622473+00:00", "RecordID": "3600", "Level": "4", "UserID": "S-1-5-19", "EventData.ScenarioId": "{180b3a99-8c39-4f12-b631-2031998efe45}", "EventData.InstanceId": "{b33b8eab-7b65-4d00-a3a9-0bcf5c81cfba}", "EventData.OriginalActivityId": "{00000000-0000-0000-0000-000000000000}", "EventData.DiagnosticModuleImageName": "%windir%\\system32\\radardt.dll", "EventData.DiagnosticModuleId": "{45de1ea9-10bc-4f96-9b21-4b6b83dbf476}"}
{"EventID": "105", "Channel": "Microsoft-Windows-Diagnosis-DPS/Operational", "Provider_Name": "Microsoft-Windows-Diagnosis-DPS", "Computer": "DESKTOP-OFJ6N53", "TimeCreated": "2024-12-08 10:34:47.622477+00:00", "RecordID": "3601", "Level": "4", "UserID": "S-1-5-19", "EventData.ScenarioId": "{180b3a99-8c39-4f12-b631-2031998efe45}", "EventData.InstanceId": "{b33b8eab-7b65-4d00-a3a9-0bcf5c81cfba}", "EventData.OriginalActivityId": "{00000000-0000-0000-0000-000000000000}", "EventData.DiagnosticModuleImageName": "%windir%\\system32\\radardt.dll", "EventData.DiagnosticModuleId": "{45de1ea9-10bc-4f96-9b21-4b6b83dbf476}"}
{"EventID": "135", "Channel": "Microsoft-Windows-Diagnosis-DPS/Operational", "Provider_Name": "Microsoft-Windows-Diagnosis-DPS", "Computer": "DESKTOP-OFJ6N53", "TimeCreated": "2024-12-08 16:51:55.393417+00:00", "RecordID": "3602", "Level": "2", "UserID": "S-1-5-19", "EventData.ScenarioId": "{fd5aa730-b53f-4b39-84e5-cb4303621d74}", "EventData.InstanceId": "{3b2c8430-3593-4af0-8367-d6fc0cad7dc4}", "EventData.OriginalActivityId": "{00000000-0000-0000-0000-000000000000}", "EventData.StatusCode": "2147943515", "EventData.DiagnosticModuleImageName": "%SystemRoot%\\system32\\perftrack.dll", "EventData.DiagnosticModuleId": "{9c5a40da-b965-4fc3-8781-88dd50a6299d}"}
{"EventID": "100", "Channel": "Microsoft-Windows-Diagnosis-DPS/Operational", "Provider_Name": "Microsoft-Windows-Diagnosis-DPS", "Computer": "DESKTOP-OFJ6N53", "TimeCreated": "2024-12-08 16:52:24.583921+00:00", "RecordID": "3603", "Level": "4", "UserID": "S-1-5-19", "EventData.ScenarioId": "{2698178d-fdad-40ae-9d3c-1371703adc5b}", "EventData.InstanceId": "{aa135718-8e88-410e-bd65-d01dd3e49688}", "EventData.OriginalActivityId": "{2698178d-fdad-40ae-9d3c-1371703adc5b}", "EventData.DiagnosticModuleImageName": "%SystemRoot%\\system32\\diagperf.dll", "EventData.DiagnosticModuleId": "{15fba3b8-a37a-4f91-bdba-fbb98fe804bf}"}
{"EventID": "105", "Channel": "Microsoft-Windows-Diagnosis-DPS/Operational", "Provider_Name": "Microsoft-Windows-Diagnosis-DPS", "Computer": "DESKTOP-OFJ6N53", "TimeCreated": "2024-12-08 16:52:24.583923+00:00", "RecordID": "3604", "Level": "4", "UserID": "S-1-5-19", "EventData.ScenarioId": "{2698178d-fdad-40ae-9d3c-1371703adc5b}", "EventData.InstanceId": "{aa135718-8e88-410e-bd65-d01dd3e49688}", "EventData.OriginalActivityId": "{2698178d-fdad-40ae-9d3c-1371703adc5b}", "EventData.DiagnosticModuleImageName": "%SystemRoot%\\system32\\diagperf.dll", "EventData.DiagnosticModuleId": "{15fba3b8-a37a-4f91-bdba-fbb98fe804bf}"}
{"EventID": "100", "Channel": "Microsoft-Windows-Diagnosis-DPS/Operational", "Provider_Name": "Microsoft-Windows-Diagnosis-DPS", "Computer": "DESKTOP-OFJ6N53", "TimeCreated": "2024-12-08 16:54:04.997162+00:00", "RecordID": "3605", "Level": "4", "UserID": "S-1-5-19", "EventData.ScenarioId": "{86432a0b-3c7d-4ddf-a89c-172faa90485d}", "EventData.InstanceId": "{e094d09e-c56e-4ad7-becb-73ef05002bdb}", "EventData.OriginalActivityId": "{86432a0b-3c7d-4ddf-a89c-172faa90485d}", "EventData.DiagnosticModuleImageName": "%SystemRoot%\\system32\\diagperf.dll", "EventData.DiagnosticModuleId": "{c8544339-5be9-4f25-862e-485f1b1a6935}"}
{"EventID": "105", "Channel": "Microsoft-Windows-Diagnosis-DPS/Operational", "Provider_Name": "Microsoft-Windows-Diagnosis-DPS", "Computer": "DESKTOP-OFJ6N53", "TimeCreated": "2024-12-08 16:54:04.997168+00:00", "RecordID": "3606", "Level": "4", "UserID": "S-1-5-19", "EventData.ScenarioId": "{86432a0b-3c7d-4ddf-a89c-172faa90485d}", "EventData.InstanceId": "{e094d09e-c56e-4ad7-becb-73ef05002bdb}", "EventData.OriginalActivityId": "{86432a0b-3c7d-4ddf-a89c-172faa90485d}", "EventData.DiagnosticModuleImageName": "%SystemRoot%\\system32\\diagperf.dll", "EventData.DiagnosticModuleId": "{c8544339-5be9-4f25-862e-485f1b1a6935}"}
{"EventID": "110", "Channel": "Microsoft-Windows-Diagnosis-DPS/Operational", "Provider_Name": "Microsoft-Windows-Diagnosis-DPS", "Computer": "DESKTOP-OFJ6N53", "TimeCreated": "2024-12-08 16:54:05.647919+00:00", "RecordID": "3607", "Level": "4", "UserID": "S-1-5-19", "EventData.ScenarioId": "{2698178d-fdad-40ae-9d3c-1371703adc5b}", "EventData.InstanceId": "{aa135718-8e88-410e-bd65-d01dd3e49688}", "EventData.OriginalActivityId": "{2698178d-fdad-40ae-9d3c-1371703adc5b}", "EventData.DiagnosticModuleImageName": "%SystemRoot%\\system32\\diagperf.dll", "EventData.DiagnosticModuleId": "{15fba3b8-a37a-4f91-bdba-fbb98fe804bf}"}
{"EventID": "110", "Channel": "Microsoft-Windows-Diagnosis-DPS/Operational", "Provider_Name": "Microsoft-Windows-Diagnosis-DPS", "Computer": "DESKTOP-OFJ6N53", "TimeCreated": "2024-12-08 16:54:08.396244+00:00", "RecordID": "3608", "Level": "4", "UserID": "S-1-5-19", "EventData.ScenarioId": "{86432a0b-3c7d-4ddf-a89c-172faa90485d}", "EventData.InstanceId": "{e094d09e-c56e-4ad7-becb-73ef05002bdb}", "EventData.OriginalActivityId": "{86432a0b-3c7d-4ddf-a89c-172faa90485d}", "EventData.DiagnosticModuleImageName": "%SystemRoot%\\system32\\diagperf.dll", "EventData.DiagnosticModuleId": "{c8544339-5be9-4f25-862e-485f1b1a6935}"}
{"EventID": "100", "Channel": "Microsoft-Windows-Diagnosis-DPS/Operational", "Provider_Name": "Microsoft-Windows-Diagnosis-DPS", "Computer": "DESKTOP-OFJ6N53", "TimeCreated": "2024-12-08 16:54:09.237082+00:00", "RecordID": "3609", "Level": "4", "UserID": "S-1-5-19", "EventData.ScenarioId": "{3a5d4378-9d2f-4393-b1e5-34f5fa9a1140}", "EventData.InstanceId": "{8e0f88db-b8d4-47a9-8275-06d1ea1ebfda}", "EventData.OriginalActivityId": "{e094d09e-c56e-4ad7-becb-73ef05002bdb}", "EventData.DiagnosticModuleImageName": "%SystemRoot%\\system32\\diagperf.dll", "EventData.DiagnosticModuleId": "{b171ab1c-60e9-4301-a338-beab1c70b3e9}"}
{"EventID": "105", "Channel": "Microsoft-Windows-Diagnosis-DPS/Operational", "Provider_Name": "Microsoft-Windows-Diagnosis-DPS", "Computer": "DESKTOP-OFJ6N53", "TimeCreated": "2024-12-08 16:54:09.237083+00:00", "RecordID": "3610", "Level": "4", "UserID": "S-1-5-19", "EventData.ScenarioId": "{3a5d4378-9d2f-4393-b1e5-34f5fa9a1140}", "EventData.InstanceId": "{8e0f88db-b8d4-47a9-8275-06d1ea1ebfda}", "EventData.OriginalActivityId": "{e094d09e-c56e-4ad7-becb-73ef05002bdb}", "EventData.DiagnosticModuleImageName": "%SystemRoot%\\system32\\diagperf.dll", "EventData.DiagnosticModuleId": "{b171ab1c-60e9-4301-a338-beab1c70b3e9}"}
{"EventID": "120", "Channel": "Microsoft-Windows-Diagnosis-DPS/Operational", "Provider_Name": "Microsoft-Windows-Diagnosis-DPS", "Computer": "DESKTOP-OFJ6N53", "TimeCreated": "2024-12-08 16:54:09.244629+00:00", "RecordID": "3611", "Level": "4", "UserID": "S-1-5-19", "EventData.ScenarioId": "{3a5d4378-9d2f-4393-b1e5-34f5fa9a1140}", "EventData.InstanceId": "{8e0f88db-b8d4-47a9-8275-06d1ea1ebfda}", "EventData.OriginalActivityId": "{e094d09e-c56e-4ad7-becb-73ef05002bdb}", "EventData.DiagnosticModuleImageName": "%SystemRoot%\\system32\\diagperf.dll", "EventData.ResolutionId": "{b171ab1c-60e9-4301-a338-beab1c70b3e9}", "EventData.ResolutionSID": "S-1-1-0", "EventData.ResolutionSessionId": "0", "EventData.ResolutionExpirationDate": "2025-03-08 16:54:09.238304+00:00", "EventData.DiagnosticModuleId": "{b171ab1c-60e9-4301-a338-beab1c70b3e9}"}
{"EventID": "135", "Channel": "Microsoft-Windows-Diagnosis-DPS/Operational", "Provider_Name": "Microsoft-Windows-Diagnosis-DPS", "Computer": "DESKTOP-OFJ6N53", "TimeCreated": "2024-12-11 15:05:44.879766+00:00", "RecordID": "3612", "Level": "2", "UserID": "S-1-5-19", "EventData.ScenarioId": "{fd5aa730-b53f-4b39-84e5-cb4303621d74}", "EventData.InstanceId": "{5e272c39-652f-4da3-8fd4-38e7878211f0}", "EventData.OriginalActivityId": "{00000000-0000-0000-0000-000000000000}", "EventData.StatusCode": "2147943515", "EventData.DiagnosticModuleImageName": "%SystemRoot%\\system32\\perftrack.dll", "EventData.DiagnosticModuleId": "{9c5a40da-b965-4fc3-8781-88dd50a6299d}"}
{"EventID": "100", "Channel": "Microsoft-Windows-Diagnosis-DPS/Operational", "Provider_Name": "Microsoft-Windows-Diagnosis-DPS", "Computer": "DESKTOP-OFJ6N53", "TimeCreated": "2024-12-11 15:06:17.712963+00:00", "RecordID": "3613", "Level": "4", "UserID": "S-1-5-19", "EventData.ScenarioId": "{2698178d-fdad-40ae-9d3c-1371703adc5b}", "EventData.InstanceId": "{86c19f5d-315f-42f5-93db-61fe8345e30e}", "EventData.OriginalActivityId": "{2698178d-fdad-40ae-9d3c-1371703adc5b}", "EventData.DiagnosticModuleImageName": "%SystemRoot%\\system32\\diagperf.dll", "EventData.DiagnosticModuleId": "{15fba3b8-a37a-4f91-bdba-fbb98fe804bf}"}
{"EventID": "105", "Channel": "Microsoft-Windows-Diagnosis-DPS/Operational", "Provider_Name": "Microsoft-Windows-Diagnosis-DPS", "Computer": "DESKTOP-OFJ6N53", "TimeCreated": "2024-12-11 15:06:17.712965+00:00", "RecordID": "3614", "Level": "4", "UserID": "S-1-5-19", "EventData.ScenarioId": "{2698178d-fdad-40ae-9d3c-1371703adc5b}", "EventData.InstanceId": "{86c19f5d-315f-42f5-93db-61fe8345e30e}", "EventData.OriginalActivityId": "{2698178d-fdad-40ae-9d3c-1371703adc5b}", "EventData.DiagnosticModuleImageName": "%SystemRoot%\\system32\\diagperf.dll", "EventData.DiagnosticModuleId": "{15fba3b8-a37a-4f91-bdba-fbb98fe804bf}"}
{"EventID": "100", "Channel": "Microsoft-Windows-Diagnosis-DPS/Operational", "Provider_Name": "Microsoft-Windows-Diagnosis-DPS", "Computer": "DESKTOP-OFJ6N53", "TimeCreated": "2024-12-11 15:08:40.992048+00:00", "RecordID": "3615", "Level": "4", "UserID": "S-1-5-19", "EventData.ScenarioId": "{86432a0b-3c7d-4ddf-a89c-172faa90485d}", "EventData.InstanceId": "{214163d4-91e4-4ad0-83fd-ce6c571224e7}", "EventData.OriginalActivityId": "{86432a0b-3c7d-4ddf-a89c-172faa90485d}", "EventData.DiagnosticModuleImageName": "%SystemRoot%\\system32\\diagperf.dll", "EventData.DiagnosticModuleId": "{c8544339-5be9-4f25-862e-485f1b1a6935}"}
{"EventID": "105", "Channel": "Microsoft-Windows-Diagnosis-DPS/Operational", "Provider_Name": "Microsoft-Windows-Diagnosis-DPS", "Computer": "DESKTOP-OFJ6N53", "TimeCreated": "2024-12-11 15:08:40.992052+00:00", "RecordID": "3616", "Level": "4", "UserID": "S-1-5-19", "EventData.ScenarioId": "{86432a0b-3c7d-4ddf-a89c-172faa90485d}", "EventData.InstanceId": "{214163d4-91e4-4ad0-83fd-ce6c571224e7}", "EventData.OriginalActivityId": "{86432a0b-3c7d-4ddf-a89c-172faa90485d}", "EventData.DiagnosticModuleImageName": "%SystemRoot%\\system32\\diagperf.dll", "EventData.DiagnosticModuleId": "{c8544339-5be9-4f25-862e-485f1b1a6935}"}
{"EventID": "110", "Channel": "Microsoft-Windows-Diagnosis-DPS/Operational", "Provider_Name": "Microsoft-Windows-Diagnosis-DPS", "Computer": "DESKTOP-OFJ6N53", "TimeCreated": "2024-12-11 15:08:41.620687+00:00", "RecordID": "3617", "Level": "4", "UserID": "S-1-5-19", "EventData.ScenarioId": "{2698178d-fdad-40ae-9d3c-1371703adc5b}", "EventData.InstanceId": "{86c19f5d-315f-42f5-93db-61fe8345e30e}", "EventData.OriginalActivityId": "{2698178d-fdad-40ae-9d3c-1371703adc5b}", "EventData.DiagnosticModuleImageName": "%SystemRoot%\\system32\\diagperf.dll", "EventData.DiagnosticModuleId": "{15fba3b8-a37a-4f91-bdba-fbb98fe804bf}"}
{"EventID": "110", "Channel": "Microsoft-Windows-Diagnosis-DPS/Operational", "Provider_Name": "Microsoft-Windows-Diagnosis-DPS", "Computer": "DESKTOP-OFJ6N53", "TimeCreated": "2024-12-11 15:08:43.046143+00:00", "RecordID": "3618", "Level": "4", "UserID": "S-1-5-19", "EventData.ScenarioId": "{86432a0b-3c7d-4ddf-a89c-172faa90485d}", "EventData.InstanceId": "{214163d4-91e4-4ad0-83fd-ce6c571224e7}", "EventData.OriginalActivityId": "{86432a0b-3c7d-4ddf-a89c-172faa90485d}", "EventData.DiagnosticModuleImageName": "%SystemRoot%\\system32\\diagperf.dll", "EventData.DiagnosticModuleId": "{c8544339-5be9-4f25-862e-485f1b1a6935}"}
{"EventID": "100", "Channel": "Microsoft-Windows-Diagnosis-DPS/Operational", "Provider_Name": "Microsoft-Windows-Diagnosis-DPS", "Computer": "DESKTOP-OFJ6N53", "TimeCreated": "2024-12-11 15:08:43.976923+00:00", "RecordID": "3619", "Level": "4", "UserID": "S-1-5-19", "EventData.ScenarioId": "{3a5d4378-9d2f-4393-b1e5-34f5fa9a1140}", "EventData.InstanceId": "{e9fdbf79-9aec-4709-b2e1-eb3e55d8e4b9}", "EventData.OriginalActivityId": "{214163d4-91e4-4ad0-83fd-ce6c571224e7}", "EventData.DiagnosticModuleImageName": "%SystemRoot%\\system32\\diagperf.dll", "EventData.DiagnosticModuleId": "{b171ab1c-60e9-4301-a338-beab1c70b3e9}"}
{"EventID": "105", "Channel": "Microsoft-Windows-Diagnosis-DPS/Operational", "Provider_Name": "Microsoft-Windows-Diagnosis-DPS", "Computer": "DESKTOP-OFJ6N53", "TimeCreated": "2024-12-11 15:08:43.976925+00:00", "RecordID": "3620", "Level": "4", "UserID": "S-1-5-19", "EventData.ScenarioId": "{3a5d4378-9d2f-4393-b1e5-34f5fa9a1140}", "EventData.InstanceId": "{e9fdbf79-9aec-4709-b2e1-eb3e55d8e4b9}", "EventData.OriginalActivityId": "{214163d4-91e4-4ad0-83fd-ce6c571224e7}", "EventData.DiagnosticModuleImageName": "%SystemRoot%\\system32\\diagperf.dll", "EventData.DiagnosticModuleId": "{b171ab1c-60e9-4301-a338-beab1c70b3e9}"}
{"EventID": "120", "Channel": "Microsoft-Windows-Diagnosis-DPS/Operational", "Provider_Name": "Microsoft-Windows-Diagnosis-DPS", "Computer": "DESKTOP-OFJ6N53", "TimeCreated": "2024-12-11 15:08:43.985933+00:00", "RecordID": "3621", "Level": "4", "UserID": "S-1-5-19", "EventData.ScenarioId": "{3a5d4378-9d2f-4393-b1e5-34f5fa9a1140}", "EventData.InstanceId": "{e9fdbf79-9aec-4709-b2e1-eb3e55d8e4b9}", "EventData.OriginalActivityId": "{214163d4-91e4-4ad0-83fd-ce6c571224e7}", "EventData.DiagnosticModuleImageName": "%SystemRoot%\\system32\\diagperf.dll", "EventData.ResolutionId": "{b171ab1c-60e9-4301-a338-beab1c70b3e9}", "EventData.ResolutionSID": "S-1-1-0", "EventData.ResolutionSessionId": "0", "EventData.ResolutionExpirationDate": "2025-03-11 15:08:43.977501+00:00", "EventData.DiagnosticModuleId": "{b171ab1c-60e9-4301-a338-beab1c70b3e9}"}
{"EventID": "100", "Channel": "Microsoft-Windows-Diagnosis-DPS/Operational", "Provider_Name": "Microsoft-Windows-Diagnosis-DPS", "Computer": "DESKTOP-OFJ6N53", "TimeCreated": "2024-12-23 14:10:05.481678+00:00", "RecordID": "3622", "Level": "4", "UserID": "S-1-5-19", "EventData.ScenarioId": "{2698178d-fdad-40ae-9d3c-1371703adc5b}", "EventData.InstanceId": "{b4a65bdf-3a39-4777-b8bd-dc72c070d635}", "EventData.OriginalActivityId": "{2698178d-fdad-40ae-9d3c-1371703adc5b}", "EventData.DiagnosticModuleImageName": "%SystemRoot%\\system32\\diagperf.dll", "EventData.DiagnosticModuleId": "{15fba3b8-a37a-4f91-bdba-fbb98fe804bf}"}
{"EventID": "105", "Channel": "Microsoft-Windows-Diagnosis-DPS/Operational", "Provider_Name": "Microsoft-Windows-Diagnosis-DPS", "Computer": "DESKTOP-OFJ6N53", "TimeCreated": "2024-12-23 14:10:05.481682+00:00", "RecordID": "3623", "Level": "4", "UserID": "S-1-5-19", "EventData.ScenarioId": "{2698178d-fdad-40ae-9d3c-1371703adc5b}", "EventData.InstanceId": "{b4a65bdf-3a39-4777-b8bd-dc72c070d635}", "EventData.OriginalActivityId": "{2698178d-fdad-40ae-9d3c-1371703adc5b}", "EventData.DiagnosticModuleImageName": "%SystemRoot%\\system32\\diagperf.dll", "EventData.DiagnosticModuleId": "{15fba3b8-a37a-4f91-bdba-fbb98fe804bf}"}
{"EventID": "100", "Channel": "Microsoft-Windows-Diagnosis-DPS/Operational", "Provider_Name": "Microsoft-Windows-Diagnosis-DPS", "Computer": "DESKTOP-OFJ6N53", "TimeCreated": "2024-12-23 14:11:53.079498+00:00", "RecordID": "3624", "Level": "4", "UserID": "S-1-5-19", "EventData.ScenarioId": "{86432a0b-3c7d-4ddf-a89c-172faa90485d}", "EventData.InstanceId": "{14a472e0-ce11-4bca-a1a8-95b7fc75e412}", "EventData.OriginalActivityId": "{86432a0b-3c7d-4ddf-a89c-172faa90485d}", "EventData.DiagnosticModuleImageName": "%SystemRoot%\\system32\\diagperf.dll", "EventData.DiagnosticModuleId": "{c8544339-5be9-4f25-862e-485f1b1a6935}"}
{"EventID": "105", "Channel": "Microsoft-Windows-Diagnosis-DPS/Operational", "Provider_Name": "Microsoft-Windows-Diagnosis-DPS", "Computer": "DESKTOP-OFJ6N53", "TimeCreated": "2024-12-23 14:11:53.079502+00:00", "RecordID": "3625", "Level": "4", "UserID": "S-1-5-19", "EventData.ScenarioId": "{86432a0b-3c7d-4ddf-a89c-172faa90485d}", "EventData.InstanceId": "{14a472e0-ce11-4bca-a1a8-95b7fc75e412}", "EventData.OriginalActivityId": "{86432a0b-3c7d-4ddf-a89c-172faa90485d}", "EventData.DiagnosticModuleImageName": "%SystemRoot%\\system32\\diagperf.dll", "EventData.DiagnosticModuleId": "{c8544339-5be9-4f25-862e-485f1b1a6935}"}
{"EventID": "110", "Channel": "Microsoft-Windows-Diagnosis-DPS/Operational", "Provider_Name": "Microsoft-Windows-Diagnosis-DPS", "Computer": "DESKTOP-OFJ6N53", "TimeCreated": "2024-12-23 14:11:53.692602+00:00", "RecordID": "3626", "Level": "4", "UserID": "S-1-5-19", "EventData.ScenarioId": "{2698178d-fdad-40ae-9d3c-1371703adc5b}", "EventData.InstanceId": "{b4a65bdf-3a39-4777-b8bd-dc72c070d635}", "EventData.OriginalActivityId": "{2698178d-fdad-40ae-9d3c-1371703adc5b}", "EventData.DiagnosticModuleImageName": "%SystemRoot%\\system32\\diagperf.dll", "EventData.DiagnosticModuleId": "{15fba3b8-a37a-4f91-bdba-fbb98fe804bf}"}
{"EventID": "110", "Channel": "Microsoft-Windows-Diagnosis-DPS/Operational", "Provider_Name": "Microsoft-Windows-Diagnosis-DPS", "Computer": "DESKTOP-OFJ6N53", "TimeCreated": "2024-12-23 14:11:55.863977+00:00", "RecordID": "3627", "Level": "4", "UserID": "S-1-5-19", "EventData.ScenarioId": "{86432a0b-3c7d-4ddf-a89c-172faa90485d}", "EventData.InstanceId": "{14a472e0-ce11-4bca-a1a8-95b7fc75e412}", "EventData.OriginalActivityId": "{86432a0b-3c7d-4ddf-a89c-172faa90485d}", "EventData.DiagnosticModuleImageName": "%SystemRoot%\\system32\\diagperf.dll", "EventData.DiagnosticModuleId": "{c8544339-5be9-4f25-862e-485f1b1a6935}"}
{"EventID": "100", "Channel": "Microsoft-Windows-Diagnosis-DPS/Operational", "Provider_Name": "Microsoft-Windows-Diagnosis-DPS", "Computer": "DESKTOP-OFJ6N53", "TimeCreated": "2024-12-25 14:15:35.462158+00:00", "RecordID": "3628", "Level": "4", "UserID": "S-1-5-19", "EventData.ScenarioId": "{180b3a99-8c39-4f12-b631-2031998efe45}", "EventData.InstanceId": "{7970fb34-626b-473d-9ea6-2a0c730c315f}", "EventData.OriginalActivityId": "{00000000-0000-0000-0000-000000000000}", "EventData.DiagnosticModuleImageName": "%windir%\\system32\\radardt.dll", "EventData.DiagnosticModuleId": "{45de1ea9-10bc-4f96-9b21-4b6b83dbf476}"}
{"EventID": "105", "Channel": "Microsoft-Windows-Diagnosis-DPS/Operational", "Provider_Name": "Microsoft-Windows-Diagnosis-DPS", "Computer": "DESKTOP-OFJ6N53", "TimeCreated": "2024-12-25 14:15:35.462168+00:00", "RecordID": "3629", "Level": "4", "UserID": "S-1-5-19", "EventData.ScenarioId": "{180b3a99-8c39-4f12-b631-2031998efe45}", "EventData.InstanceId": "{7970fb34-626b-473d-9ea6-2a0c730c315f}", "EventData.OriginalActivityId": "{00000000-0000-0000-0000-000000000000}", "EventData.DiagnosticModuleImageName": "%windir%\\system32\\radardt.dll", "EventData.DiagnosticModuleId": "{45de1ea9-10bc-4f96-9b21-4b6b83dbf476}"}
{"EventID": "115", "Channel": "Microsoft-Windows-Diagnosis-DPS/Operational", "Provider_Name": "Microsoft-Windows-Diagnosis-DPS", "Computer": "DESKTOP-OFJ6N53", "TimeCreated": "2024-12-25 14:15:35.468719+00:00", "RecordID": "3630", "Level": "4", "UserID": "S-1-5-19", "EventData.ScenarioId": "{180b3a99-8c39-4f12-b631-2031998efe45}", "EventData.InstanceId": "{7970fb34-626b-473d-9ea6-2a0c730c315f}", "EventData.OriginalActivityId": "{00000000-0000-0000-0000-000000000000}", "EventData.DiagnosticModuleImageName": "%windir%\\system32\\radardt.dll", "EventData.ResolutionId": "{5ee64afb-398d-4edb-af71-3b830219abf7}", "EventData.ResolutionSID": "S-1-5-21-963789628-1060504924-4285088085-1001", "EventData.ResolutionSessionId": "1", "EventData.ResolutionExpirationDate": "0001-01-01 00:00:00", "EventData.DiagnosticModuleId": "{45de1ea9-10bc-4f96-9b21-4b6b83dbf476}"}
{"EventID": "125", "Channel": "Microsoft-Windows-Diagnosis-DPS/Operational", "Provider_Name": "Microsoft-Windows-Diagnosis-DPS", "Computer": "DESKTOP-OFJ6N53", "TimeCreated": "2024-12-25 14:15:35.514067+00:00", "RecordID": "3631", "Level": "4", "UserID": "S-1-5-19", "EventData.ScenarioId": "{180b3a99-8c39-4f12-b631-2031998efe45}", "EventData.InstanceId": "{7970fb34-626b-473d-9ea6-2a0c730c315f}", "EventData.OriginalActivityId": "{00000000-0000-0000-0000-000000000000}", "EventData.DiagnosticModuleImageName": "%windir%\\system32\\radarrs.dll", "EventData.DiagnosticModuleId": "{5ee64afb-398d-4edb-af71-3b830219abf7}"}
{"EventID": "130", "Channel": "Microsoft-Windows-Diagnosis-DPS/Operational", "Provider_Name": "Microsoft-Windows-Diagnosis-DPS", "Computer": "DESKTOP-OFJ6N53", "TimeCreated": "2024-12-25 14:15:39.629587+00:00", "RecordID": "3632", "Level": "4", "UserID": "S-1-5-19", "EventData.ScenarioId": "{180b3a99-8c39-4f12-b631-2031998efe45}", "EventData.InstanceId": "{7970fb34-626b-473d-9ea6-2a0c730c315f}", "EventData.OriginalActivityId": "{00000000-0000-0000-0000-000000000000}", "EventData.DiagnosticModuleImageName": "%windir%\\system32\\radarrs.dll", "EventData.DiagnosticModuleId": "{5ee64afb-398d-4edb-af71-3b830219abf7}"}
{"EventID": "100", "Channel": "Microsoft-Windows-Diagnosis-DPS/Operational", "Provider_Name": "Microsoft-Windows-Diagnosis-DPS", "Computer": "DESKTOP-OFJ6N53", "TimeCreated": "2024-12-27 14:21:19.877752+00:00", "RecordID": "3633", "Level": "4", "UserID": "S-1-5-19", "EventData.ScenarioId": "{180b3a99-8c39-4f12-b631-2031998efe45}", "EventData.InstanceId": "{0f3c3819-968a-44cc-86de-874ed8ab328a}", "EventData.OriginalActivityId": "{00000000-0000-0000-0000-000000000000}", "EventData.DiagnosticModuleImageName": "%windir%\\system32\\radardt.dll", "EventData.DiagnosticModuleId": "{45de1ea9-10bc-4f96-9b21-4b6b83dbf476}"}
{"EventID": "105", "Channel": "Microsoft-Windows-Diagnosis-DPS/Operational", "Provider_Name": "Microsoft-Windows-Diagnosis-DPS", "Computer": "DESKTOP-OFJ6N53", "TimeCreated": "2024-12-27 14:21:19.877762+00:00", "RecordID": "3634", "Level": "4", "UserID": "S-1-5-19", "EventData.ScenarioId": "{180b3a99-8c39-4f12-b631-2031998efe45}", "EventData.InstanceId": "{0f3c3819-968a-44cc-86de-874ed8ab328a}", "EventData.OriginalActivityId": "{00000000-0000-0000-0000-000000000000}", "EventData.DiagnosticModuleImageName": "%windir%\\system32\\radardt.dll", "EventData.DiagnosticModuleId": "{45de1ea9-10bc-4f96-9b21-4b6b83dbf476}"}
{"EventID": "100", "Channel": "Microsoft-Windows-Diagnosis-DPS/Operational", "Provider_Name": "Microsoft-Windows-Diagnosis-DPS", "Computer": "DESKTOP-OFJ6N53", "TimeCreated": "2024-12-28 14:21:36.634403+00:00", "RecordID": "3635", "Level": "4", "UserID": "S-1-5-19", "EventData.ScenarioId": "{180b3a99-8c39-4f12-b631-2031998efe45}", "EventData.InstanceId": "{95b59946-20c4-484f-ba83-8d1d70ad48b8}", "EventData.OriginalActivityId": "{00000000-0000-0000-0000-000000000000}", "EventData.DiagnosticModuleImageName": "%windir%\\system32\\radardt.dll", "EventData.DiagnosticModuleId": "{45de1ea9-10bc-4f96-9b21-4b6b83dbf476}"}
{"EventID": "105", "Channel": "Microsoft-Windows-Diagnosis-DPS/Operational", "Provider_Name": "Microsoft-Windows-Diagnosis-DPS", "Computer": "DESKTOP-OFJ6N53", "TimeCreated": "2024-12-28 14:21:36.634413+00:00", "RecordID": "3636", "Level": "4", "UserID": "S-1-5-19", "EventData.ScenarioId": "{180b3a99-8c39-4f12-b631-2031998efe45}", "EventData.InstanceId": "{95b59946-20c4-484f-ba83-8d1d70ad48b8}", "EventData.OriginalActivityId": "{00000000-0000-0000-0000-000000000000}", "EventData.DiagnosticModuleImageName": "%windir%\\system32\\radardt.dll", "EventData.DiagnosticModuleId": "{45de1ea9-10bc-4f96-9b21-4b6b83dbf476}"}
{"EventID": "100", "Channel": "Microsoft-Windows-Diagnosis-DPS/Operational", "Provider_Name": "Microsoft-Windows-Diagnosis-DPS", "Computer": "DESKTOP-OFJ6N53", "TimeCreated": "2024-12-30 13:46:51.619696+00:00", "RecordID": "3637", "Level": "4", "UserID": "S-1-5-19", "EventData.ScenarioId": "{180b3a99-8c39-4f12-b631-2031998efe45}", "EventData.InstanceId": "{fd526cd8-45e7-4668-8699-de2e00eb4e01}", "EventData.OriginalActivityId": "{00000000-0000-0000-0000-000000000000}", "EventData.DiagnosticModuleImageName": "%windir%\\system32\\radardt.dll", "EventData.DiagnosticModuleId": "{45de1ea9-10bc-4f96-9b21-4b6b83dbf476}"}
{"EventID": "105", "Channel": "Microsoft-Windows-Diagnosis-DPS/Operational", "Provider_Name": "Microsoft-Windows-Diagnosis-DPS", "Computer": "DESKTOP-OFJ6N53", "TimeCreated": "2024-12-30 13:46:51.619699+00:00", "RecordID": "3638", "Level": "4", "UserID": "S-1-5-19", "EventData.ScenarioId": "{180b3a99-8c39-4f12-b631-2031998efe45}", "EventData.InstanceId": "{fd526cd8-45e7-4668-8699-de2e00eb4e01}", "EventData.OriginalActivityId": "{00000000-0000-0000-0000-000000000000}", "EventData.DiagnosticModuleImageName": "%windir%\\system32\\radardt.dll", "EventData.DiagnosticModuleId": "{45de1ea9-10bc-4f96-9b21-4b6b83dbf476}"}
{"EventID": "115", "Channel": "Microsoft-Windows-Diagnosis-DPS/Operational", "Provider_Name": "Microsoft-Windows-Diagnosis-DPS", "Computer": "DESKTOP-OFJ6N53", "TimeCreated": "2024-12-30 13:46:51.622534+00:00", "RecordID": "3639", "Level": "4", "UserID": "S-1-5-19", "EventData.ScenarioId": "{180b3a99-8c39-4f12-b631-2031998efe45}", "EventData.InstanceId": "{fd526cd8-45e7-4668-8699-de2e00eb4e01}", "EventData.OriginalActivityId": "{00000000-0000-0000-0000-000000000000}", "EventData.DiagnosticModuleImageName": "%windir%\\system32\\radardt.dll", "EventData.ResolutionId": "{5ee64afb-398d-4edb-af71-3b830219abf7}", "EventData.ResolutionSID": "S-1-5-21-963789628-1060504924-4285088085-1001", "EventData.ResolutionSessionId": "1", "EventData.ResolutionExpirationDate": "0001-01-01 00:00:00", "EventData.DiagnosticModuleId": "{45de1ea9-10bc-4f96-9b21-4b6b83dbf476}"}
{"EventID": "125", "Channel": "Microsoft-Windows-Diagnosis-DPS/Operational", "Provider_Name": "Microsoft-Windows-Diagnosis-DPS", "Computer": "DESKTOP-OFJ6N53", "TimeCreated": "2024-12-30 13:46:51.622541+00:00", "RecordID": "3640", "Level": "4", "UserID": "S-1-5-19", "EventData.ScenarioId": "{180b3a99-8c39-4f12-b631-2031998efe45}", "EventData.InstanceId": "{fd526cd8-45e7-4668-8699-de2e00eb4e01}", "EventData.OriginalActivityId": "{00000000-0000-0000-0000-000000000000}", "EventData.DiagnosticModuleImageName": "%windir%\\system32\\radarrs.dll", "EventData.DiagnosticModuleId": "{5ee64afb-398d-4edb-af71-3b830219abf7}"}
{"EventID": "130", "Channel": "Microsoft-Windows-Diagnosis-DPS/Operational", "Provider_Name": "Microsoft-Windows-Diagnosis-DPS", "Computer": "DESKTOP-OFJ6N53", "TimeCreated": "2024-12-30 13:46:53.104923+00:00", "RecordID": "3641", "Level": "4", "UserID": "S-1-5-19", "EventData.ScenarioId": "{180b3a99-8c39-4f12-b631-2031998efe45}", "EventData.InstanceId": "{fd526cd8-45e7-4668-8699-de2e00eb4e01}", "EventData.OriginalActivityId": "{00000000-0000-0000-0000-000000000000}", "EventData.DiagnosticModuleImageName": "%windir%\\system32\\radarrs.dll", "EventData.DiagnosticModuleId": "{5ee64afb-398d-4edb-af71-3b830219abf7}"}
{"EventID": "100", "Channel": "Microsoft-Windows-Diagnosis-DPS/Operational", "Provider_Name": "Microsoft-Windows-Diagnosis-DPS", "Computer": "DESKTOP-OFJ6N53", "TimeCreated": "2025-01-09 11:32:24.625792+00:00", "RecordID": "3642", "Level": "4", "UserID": "S-1-5-19", "EventData.ScenarioId": "{180b3a99-8c39-4f12-b631-2031998efe45}", "EventData.InstanceId": "{6e32053b-4fa0-481d-9962-0ee90343c15d}", "EventData.OriginalActivityId": "{00000000-0000-0000-0000-000000000000}", "EventData.DiagnosticModuleImageName": "%windir%\\system32\\radardt.dll", "EventData.DiagnosticModuleId": "{45de1ea9-10bc-4f96-9b21-4b6b83dbf476}"}
{"EventID": "105", "Channel": "Microsoft-Windows-Diagnosis-DPS/Operational", "Provider_Name": "Microsoft-Windows-Diagnosis-DPS", "Computer": "DESKTOP-OFJ6N53", "TimeCreated": "2025-01-09 11:32:24.625795+00:00", "RecordID": "3643", "Level": "4", "UserID": "S-1-5-19", "EventData.ScenarioId": "{180b3a99-8c39-4f12-b631-2031998efe45}", "EventData.InstanceId": "{6e32053b-4fa0-481d-9962-0ee90343c15d}", "EventData.OriginalActivityId": "{00000000-0000-0000-0000-000000000000}", "EventData.DiagnosticModuleImageName": "%windir%\\system32\\radardt.dll", "EventData.DiagnosticModuleId": "{45de1ea9-10bc-4f96-9b21-4b6b83dbf476}"}
{"EventID": "115", "Channel": "Microsoft-Windows-Diagnosis-DPS/Operational", "Provider_Name": "Microsoft-Windows-Diagnosis-DPS", "Computer": "DESKTOP-OFJ6N53", "TimeCreated": "2025-01-09 11:32:24.630957+00:00", "RecordID": "3644", "Level": "4", "UserID": "S-1-5-19", "EventData.ScenarioId": "{180b3a99-8c39-4f12-b631-2031998efe45}", "EventData.InstanceId": "{6e32053b-4fa0-481d-9962-0ee90343c15d}", "EventData.OriginalActivityId": "{00000000-0000-0000-0000-000000000000}", "EventData.DiagnosticModuleImageName": "%windir%\\system32\\radardt.dll", "EventData.ResolutionId": "{5ee64afb-398d-4edb-af71-3b830219abf7}", "EventData.ResolutionSID": "S-1-5-21-963789628-1060504924-4285088085-1001", "EventData.ResolutionSessionId": "1", "EventData.ResolutionExpirationDate": "0001-01-01 00:00:00", "EventData.DiagnosticModuleId": "{45de1ea9-10bc-4f96-9b21-4b6b83dbf476}"}
{"EventID": "125", "Channel": "Microsoft-Windows-Diagnosis-DPS/Operational", "Provider_Name": "Microsoft-Windows-Diagnosis-DPS", "Computer": "DESKTOP-OFJ6N53", "TimeCreated": "2025-01-09 11:32:24.630968+00:00", "RecordID": "3645", "Level": "4", "UserID": "S-1-5-19", "EventData.ScenarioId": "{180b3a99-8c39-4f12-b631-2031998efe45}", "EventData.InstanceId": "{6e32053b-4fa0-481d-9962-0ee90343c15d}", "EventData.OriginalActivityId": "{00000000-0000-0000-0000-000000000000}", "EventData.DiagnosticModuleImageName": "%windir%\\system32\\radarrs.dll", "EventData.DiagnosticModuleId": "{5ee64afb-398d-4edb-af71-3b830219abf7}"}
{"EventID": "130", "Channel": "Microsoft-Windows-Diagnosis-DPS/Operational", "Provider_Name": "Microsoft-Windows-Diagnosis-DPS", "Computer": "DESKTOP-OFJ6N53", "TimeCreated": "2025-01-09 11:32:27.203434+00:00", "RecordID": "3646", "Level": "4", "UserID": "S-1-5-19", "EventData.ScenarioId": "{180b3a99-8c39-4f12-b631-2031998efe45}", "EventData.InstanceId": "{6e32053b-4fa0-481d-9962-0ee90343c15d}", "EventData.OriginalActivityId": "{00000000-0000-0000-0000-000000000000}", "EventData.DiagnosticModuleImageName": "%windir%\\system32\\radarrs.dll", "EventData.DiagnosticModuleId": "{5ee64afb-398d-4edb-af71-3b830219abf7}"}
{"EventID": "100", "Channel": "Microsoft-Windows-Diagnosis-DPS/Operational", "Provider_Name": "Microsoft-Windows-Diagnosis-DPS", "Computer": "DESKTOP-OFJ6N53", "TimeCreated": "2025-01-09 14:55:20.506441+00:00", "RecordID": "3647", "Level": "4", "UserID": "S-1-5-19", "EventData.ScenarioId": "{2698178d-fdad-40ae-9d3c-1371703adc5b}", "EventData.InstanceId": "{47db702b-4472-4973-8fe5-041dcfe2499e}", "EventData.OriginalActivityId": "{2698178d-fdad-40ae-9d3c-1371703adc5b}", "EventData.DiagnosticModuleImageName": "%SystemRoot%\\system32\\diagperf.dll", "EventData.DiagnosticModuleId": "{15fba3b8-a37a-4f91-bdba-fbb98fe804bf}"}
{"EventID": "105", "Channel": "Microsoft-Windows-Diagnosis-DPS/Operational", "Provider_Name": "Microsoft-Windows-Diagnosis-DPS", "Computer": "DESKTOP-OFJ6N53", "TimeCreated": "2025-01-09 14:55:20.506451+00:00", "RecordID": "3648", "Level": "4", "UserID": "S-1-5-19", "EventData.ScenarioId": "{2698178d-fdad-40ae-9d3c-1371703adc5b}", "EventData.InstanceId": "{47db702b-4472-4973-8fe5-041dcfe2499e}", "EventData.OriginalActivityId": "{2698178d-fdad-40ae-9d3c-1371703adc5b}", "EventData.DiagnosticModuleImageName": "%SystemRoot%\\system32\\diagperf.dll", "EventData.DiagnosticModuleId": "{15fba3b8-a37a-4f91-bdba-fbb98fe804bf}"}
{"EventID": "100", "Channel": "Microsoft-Windows-Diagnosis-DPS/Operational", "Provider_Name": "Microsoft-Windows-Diagnosis-DPS", "Computer": "DESKTOP-OFJ6N53", "TimeCreated": "2025-01-09 14:57:02.144064+00:00", "RecordID": "3649", "Level": "4", "UserID": "S-1-5-19", "EventData.ScenarioId": "{86432a0b-3c7d-4ddf-a89c-172faa90485d}", "EventData.InstanceId": "{fd9200a6-c5ea-4bd5-a29a-997196daa429}", "EventData.OriginalActivityId": "{86432a0b-3c7d-4ddf-a89c-172faa90485d}", "EventData.DiagnosticModuleImageName": "%SystemRoot%\\system32\\diagperf.dll", "EventData.DiagnosticModuleId": "{c8544339-5be9-4f25-862e-485f1b1a6935}"}
{"EventID": "105", "Channel": "Microsoft-Windows-Diagnosis-DPS/Operational", "Provider_Name": "Microsoft-Windows-Diagnosis-DPS", "Computer": "DESKTOP-OFJ6N53", "TimeCreated": "2025-01-09 14:57:02.144066+00:00", "RecordID": "3650", "Level": "4", "UserID": "S-1-5-19", "EventData.ScenarioId": "{86432a0b-3c7d-4ddf-a89c-172faa90485d}", "EventData.InstanceId": "{fd9200a6-c5ea-4bd5-a29a-997196daa429}", "EventData.OriginalActivityId": "{86432a0b-3c7d-4ddf-a89c-172faa90485d}", "EventData.DiagnosticModuleImageName": "%SystemRoot%\\system32\\diagperf.dll", "EventData.DiagnosticModuleId": "{c8544339-5be9-4f25-862e-485f1b1a6935}"}
{"EventID": "110", "Channel": "Microsoft-Windows-Diagnosis-DPS/Operational", "Provider_Name": "Microsoft-Windows-Diagnosis-DPS", "Computer": "DESKTOP-OFJ6N53", "TimeCreated": "2025-01-09 14:57:02.710541+00:00", "RecordID": "3651", "Level": "4", "UserID": "S-1-5-19", "EventData.ScenarioId": "{2698178d-fdad-40ae-9d3c-1371703adc5b}", "EventData.InstanceId": "{47db702b-4472-4973-8fe5-041dcfe2499e}", "EventData.OriginalActivityId": "{2698178d-fdad-40ae-9d3c-1371703adc5b}", "EventData.DiagnosticModuleImageName": "%SystemRoot%\\system32\\diagperf.dll", "EventData.DiagnosticModuleId": "{15fba3b8-a37a-4f91-bdba-fbb98fe804bf}"}
{"EventID": "110", "Channel": "Microsoft-Windows-Diagnosis-DPS/Operational", "Provider_Name": "Microsoft-Windows-Diagnosis-DPS", "Computer": "DESKTOP-OFJ6N53", "TimeCreated": "2025-01-09 14:57:03.454914+00:00", "RecordID": "3652", "Level": "4", "UserID": "S-1-5-19", "EventData.ScenarioId": "{86432a0b-3c7d-4ddf-a89c-172faa90485d}", "EventData.InstanceId": "{fd9200a6-c5ea-4bd5-a29a-997196daa429}", "EventData.OriginalActivityId": "{86432a0b-3c7d-4ddf-a89c-172faa90485d}", "EventData.DiagnosticModuleImageName": "%SystemRoot%\\system32\\diagperf.dll", "EventData.DiagnosticModuleId": "{c8544339-5be9-4f25-862e-485f1b1a6935}"}
{"EventID": "100", "Channel": "Microsoft-Windows-Diagnosis-DPS/Operational", "Provider_Name": "Microsoft-Windows-Diagnosis-DPS", "Computer": "DESKTOP-OFJ6N53", "TimeCreated": "2025-01-14 23:22:44.179359+00:00", "RecordID": "3653", "Level": "4", "UserID": "S-1-5-19", "EventData.ScenarioId": "{2698178d-fdad-40ae-9d3c-1371703adc5b}", "EventData.InstanceId": "{12d55251-0782-4c4c-89e1-fb2bdb5a3886}", "EventData.OriginalActivityId": "{2698178d-fdad-40ae-9d3c-1371703adc5b}", "EventData.DiagnosticModuleImageName": "%SystemRoot%\\system32\\diagperf.dll", "EventData.DiagnosticModuleId": "{15fba3b8-a37a-4f91-bdba-fbb98fe804bf}"}
{"EventID": "105", "Channel": "Microsoft-Windows-Diagnosis-DPS/Operational", "Provider_Name": "Microsoft-Windows-Diagnosis-DPS", "Computer": "DESKTOP-OFJ6N53", "TimeCreated": "2025-01-14 23:22:44.179363+00:00", "RecordID": "3654", "Level": "4", "UserID": "S-1-5-19", "EventData.ScenarioId": "{2698178d-fdad-40ae-9d3c-1371703adc5b}", "EventData.InstanceId": "{12d55251-0782-4c4c-89e1-fb2bdb5a3886}", "EventData.OriginalActivityId": "{2698178d-fdad-40ae-9d3c-1371703adc5b}", "EventData.DiagnosticModuleImageName": "%SystemRoot%\\system32\\diagperf.dll", "EventData.DiagnosticModuleId": "{15fba3b8-a37a-4f91-bdba-fbb98fe804bf}"}
{"EventID": "100", "Channel": "Microsoft-Windows-Diagnosis-DPS/Operational", "Provider_Name": "Microsoft-Windows-Diagnosis-DPS", "Computer": "DESKTOP-OFJ6N53", "TimeCreated": "2025-01-14 23:27:51.013369+00:00", "RecordID": "3655", "Level": "4", "UserID": "S-1-5-19", "EventData.ScenarioId": "{86432a0b-3c7d-4ddf-a89c-172faa90485d}", "EventData.InstanceId": "{1d6946f0-4435-460b-9984-426848926777}", "EventData.OriginalActivityId": "{86432a0b-3c7d-4ddf-a89c-172faa90485d}", "EventData.DiagnosticModuleImageName": "%SystemRoot%\\system32\\diagperf.dll", "EventData.DiagnosticModuleId": "{c8544339-5be9-4f25-862e-485f1b1a6935}"}
{"EventID": "105", "Channel": "Microsoft-Windows-Diagnosis-DPS/Operational", "Provider_Name": "Microsoft-Windows-Diagnosis-DPS", "Computer": "DESKTOP-OFJ6N53", "TimeCreated": "2025-01-14 23:27:51.013372+00:00", "RecordID": "3656", "Level": "4", "UserID": "S-1-5-19", "EventData.ScenarioId": "{86432a0b-3c7d-4ddf-a89c-172faa90485d}", "EventData.InstanceId": "{1d6946f0-4435-460b-9984-426848926777}", "EventData.OriginalActivityId": "{86432a0b-3c7d-4ddf-a89c-172faa90485d}", "EventData.DiagnosticModuleImageName": "%SystemRoot%\\system32\\diagperf.dll", "EventData.DiagnosticModuleId": "{c8544339-5be9-4f25-862e-485f1b1a6935}"}
{"EventID": "110", "Channel": "Microsoft-Windows-Diagnosis-DPS/Operational", "Provider_Name": "Microsoft-Windows-Diagnosis-DPS", "Computer": "DESKTOP-OFJ6N53", "TimeCreated": "2025-01-14 23:27:51.592716+00:00", "RecordID": "3657", "Level": "4", "UserID": "S-1-5-19", "EventData.ScenarioId": "{2698178d-fdad-40ae-9d3c-1371703adc5b}", "EventData.InstanceId": "{12d55251-0782-4c4c-89e1-fb2bdb5a3886}", "EventData.OriginalActivityId": "{2698178d-fdad-40ae-9d3c-1371703adc5b}", "EventData.DiagnosticModuleImageName": "%SystemRoot%\\system32\\diagperf.dll", "EventData.DiagnosticModuleId": "{15fba3b8-a37a-4f91-bdba-fbb98fe804bf}"}
{"EventID": "110", "Channel": "Microsoft-Windows-Diagnosis-DPS/Operational", "Provider_Name": "Microsoft-Windows-Diagnosis-DPS", "Computer": "DESKTOP-OFJ6N53", "TimeCreated": "2025-01-14 23:27:57.178192+00:00", "RecordID": "3658", "Level": "4", "UserID": "S-1-5-19", "EventData.ScenarioId": "{86432a0b-3c7d-4ddf-a89c-172faa90485d}", "EventData.InstanceId": "{1d6946f0-4435-460b-9984-426848926777}", "EventData.OriginalActivityId": "{86432a0b-3c7d-4ddf-a89c-172faa90485d}", "EventData.DiagnosticModuleImageName": "%SystemRoot%\\system32\\diagperf.dll", "EventData.DiagnosticModuleId": "{c8544339-5be9-4f25-862e-485f1b1a6935}"}
{"EventID": "100", "Channel": "Microsoft-Windows-Diagnosis-DPS/Operational", "Provider_Name": "Microsoft-Windows-Diagnosis-DPS", "Computer": "DESKTOP-OFJ6N53", "TimeCreated": "2025-01-21 23:34:06.138386+00:00", "RecordID": "3659", "Level": "4", "UserID": "S-1-5-19", "EventData.ScenarioId": "{180b3a99-8c39-4f12-b631-2031998efe45}", "EventData.InstanceId": "{6d9e0ec3-537d-43ad-ae6f-c0dceca99b45}", "EventData.OriginalActivityId": "{00000000-0000-0000-0000-000000000000}", "EventData.DiagnosticModuleImageName": "%windir%\\system32\\radardt.dll", "EventData.DiagnosticModuleId": "{45de1ea9-10bc-4f96-9b21-4b6b83dbf476}"}
{"EventID": "105", "Channel": "Microsoft-Windows-Diagnosis-DPS/Operational", "Provider_Name": "Microsoft-Windows-Diagnosis-DPS", "Computer": "DESKTOP-OFJ6N53", "TimeCreated": "2025-01-21 23:34:06.138395+00:00", "RecordID": "3660", "Level": "4", "UserID": "S-1-5-19", "EventData.ScenarioId": "{180b3a99-8c39-4f12-b631-2031998efe45}", "EventData.InstanceId": "{6d9e0ec3-537d-43ad-ae6f-c0dceca99b45}", "EventData.OriginalActivityId": "{00000000-0000-0000-0000-000000000000}", "EventData.DiagnosticModuleImageName": "%windir%\\system32\\radardt.dll", "EventData.DiagnosticModuleId": "{45de1ea9-10bc-4f96-9b21-4b6b83dbf476}"}
{"EventID": "100", "Channel": "Microsoft-Windows-Diagnosis-DPS/Operational", "Provider_Name": "Microsoft-Windows-Diagnosis-DPS", "Computer": "DESKTOP-OFJ6N53", "TimeCreated": "2025-01-24 12:03:26.862665+00:00", "RecordID": "3661", "Level": "4", "UserID": "S-1-5-19", "EventData.ScenarioId": "{2698178d-fdad-40ae-9d3c-1371703adc5b}", "EventData.InstanceId": "{7eab6eca-268d-48af-9d79-ad30caa4e75c}", "EventData.OriginalActivityId": "{2698178d-fdad-40ae-9d3c-1371703adc5b}", "EventData.DiagnosticModuleImageName": "%SystemRoot%\\system32\\diagperf.dll", "EventData.DiagnosticModuleId": "{15fba3b8-a37a-4f91-bdba-fbb98fe804bf}"}
{"EventID": "105", "Channel": "Microsoft-Windows-Diagnosis-DPS/Operational", "Provider_Name": "Microsoft-Windows-Diagnosis-DPS", "Computer": "DESKTOP-OFJ6N53", "TimeCreated": "2025-01-24 12:03:26.862669+00:00", "RecordID": "3662", "Level": "4", "UserID": "S-1-5-19", "EventData.ScenarioId": "{2698178d-fdad-40ae-9d3c-1371703adc5b}", "EventData.InstanceId": "{7eab6eca-268d-48af-9d79-ad30caa4e75c}", "EventData.OriginalActivityId": "{2698178d-fdad-40ae-9d3c-1371703adc5b}", "EventData.DiagnosticModuleImageName": "%SystemRoot%\\system32\\diagperf.dll", "EventData.DiagnosticModuleId": "{15fba3b8-a37a-4f91-bdba-fbb98fe804bf}"}
{"EventID": "100", "Channel": "Microsoft-Windows-Diagnosis-DPS/Operational", "Provider_Name": "Microsoft-Windows-Diagnosis-DPS", "Computer": "DESKTOP-OFJ6N53", "TimeCreated": "2025-01-24 12:05:06.131124+00:00", "RecordID": "3663", "Level": "4", "UserID": "S-1-5-19", "EventData.ScenarioId": "{86432a0b-3c7d-4ddf-a89c-172faa90485d}", "EventData.InstanceId": "{f05e19eb-333d-45bf-be23-6aa153a1c9a2}", "EventData.OriginalActivityId": "{86432a0b-3c7d-4ddf-a89c-172faa90485d}", "EventData.DiagnosticModuleImageName": "%SystemRoot%\\system32\\diagperf.dll", "EventData.DiagnosticModuleId": "{c8544339-5be9-4f25-862e-485f1b1a6935}"}
{"EventID": "105", "Channel": "Microsoft-Windows-Diagnosis-DPS/Operational", "Provider_Name": "Microsoft-Windows-Diagnosis-DPS", "Computer": "DESKTOP-OFJ6N53", "TimeCreated": "2025-01-24 12:05:06.131128+00:00", "RecordID": "3664", "Level": "4", "UserID": "S-1-5-19", "EventData.ScenarioId": "{86432a0b-3c7d-4ddf-a89c-172faa90485d}", "EventData.InstanceId": "{f05e19eb-333d-45bf-be23-6aa153a1c9a2}", "EventData.OriginalActivityId": "{86432a0b-3c7d-4ddf-a89c-172faa90485d}", "EventData.DiagnosticModuleImageName": "%SystemRoot%\\system32\\diagperf.dll", "EventData.DiagnosticModuleId": "{c8544339-5be9-4f25-862e-485f1b1a6935}"}
{"EventID": "110", "Channel": "Microsoft-Windows-Diagnosis-DPS/Operational", "Provider_Name": "Microsoft-Windows-Diagnosis-DPS", "Computer": "DESKTOP-OFJ6N53", "TimeCreated": "2025-01-24 12:05:30.958433+00:00", "RecordID": "3665", "Level": "4", "UserID": "S-1-5-19", "EventData.ScenarioId": "{2698178d-fdad-40ae-9d3c-1371703adc5b}", "EventData.InstanceId": "{7eab6eca-268d-48af-9d79-ad30caa4e75c}", "EventData.OriginalActivityId": "{2698178d-fdad-40ae-9d3c-1371703adc5b}", "EventData.DiagnosticModuleImageName": "%SystemRoot%\\system32\\diagperf.dll", "EventData.DiagnosticModuleId": "{15fba3b8-a37a-4f91-bdba-fbb98fe804bf}"}
{"EventID": "110", "Channel": "Microsoft-Windows-Diagnosis-DPS/Operational", "Provider_Name": "Microsoft-Windows-Diagnosis-DPS", "Computer": "DESKTOP-OFJ6N53", "TimeCreated": "2025-01-24 12:05:34.311857+00:00", "RecordID": "3666", "Level": "4", "UserID": "S-1-5-19", "EventData.ScenarioId": "{86432a0b-3c7d-4ddf-a89c-172faa90485d}", "EventData.InstanceId": "{f05e19eb-333d-45bf-be23-6aa153a1c9a2}", "EventData.OriginalActivityId": "{86432a0b-3c7d-4ddf-a89c-172faa90485d}", "EventData.DiagnosticModuleImageName": "%SystemRoot%\\system32\\diagperf.dll", "EventData.DiagnosticModuleId": "{c8544339-5be9-4f25-862e-485f1b1a6935}"}
{"EventID": "100", "Channel": "Microsoft-Windows-Diagnosis-DPS/Operational", "Provider_Name": "Microsoft-Windows-Diagnosis-DPS", "Computer": "DESKTOP-OFJ6N53", "TimeCreated": "2025-02-05 14:02:08.058868+00:00", "RecordID": "3667", "Level": "4", "UserID": "S-1-5-19", "EventData.ScenarioId": "{2698178d-fdad-40ae-9d3c-1371703adc5b}", "EventData.InstanceId": "{f6eb2765-3785-475d-b1e3-d3ea3158be74}", "EventData.OriginalActivityId": "{2698178d-fdad-40ae-9d3c-1371703adc5b}", "EventData.DiagnosticModuleImageName": "%SystemRoot%\\system32\\diagperf.dll", "EventData.DiagnosticModuleId": "{15fba3b8-a37a-4f91-bdba-fbb98fe804bf}"}
{"EventID": "105", "Channel": "Microsoft-Windows-Diagnosis-DPS/Operational", "Provider_Name": "Microsoft-Windows-Diagnosis-DPS", "Computer": "DESKTOP-OFJ6N53", "TimeCreated": "2025-02-05 14:02:08.058870+00:00", "RecordID": "3668", "Level": "4", "UserID": "S-1-5-19", "EventData.ScenarioId": "{2698178d-fdad-40ae-9d3c-1371703adc5b}", "EventData.InstanceId": "{f6eb2765-3785-475d-b1e3-d3ea3158be74}", "EventData.OriginalActivityId": "{2698178d-fdad-40ae-9d3c-1371703adc5b}", "EventData.DiagnosticModuleImageName": "%SystemRoot%\\system32\\diagperf.dll", "EventData.DiagnosticModuleId": "{15fba3b8-a37a-4f91-bdba-fbb98fe804bf}"}
{"EventID": "100", "Channel": "Microsoft-Windows-Diagnosis-DPS/Operational", "Provider_Name": "Microsoft-Windows-Diagnosis-DPS", "Computer": "DESKTOP-OFJ6N53", "TimeCreated": "2025-02-05 14:03:44.324091+00:00", "RecordID": "3669", "Level": "4", "UserID": "S-1-5-19", "EventData.ScenarioId": "{86432a0b-3c7d-4ddf-a89c-172faa90485d}", "EventData.InstanceId": "{127d94bb-08d3-4f57-830f-cf24af9735b9}", "EventData.OriginalActivityId": "{86432a0b-3c7d-4ddf-a89c-172faa90485d}", "EventData.DiagnosticModuleImageName": "%SystemRoot%\\system32\\diagperf.dll", "EventData.DiagnosticModuleId": "{c8544339-5be9-4f25-862e-485f1b1a6935}"}
{"EventID": "105", "Channel": "Microsoft-Windows-Diagnosis-DPS/Operational", "Provider_Name": "Microsoft-Windows-Diagnosis-DPS", "Computer": "DESKTOP-OFJ6N53", "TimeCreated": "2025-02-05 14:03:44.324095+00:00", "RecordID": "3670", "Level": "4", "UserID": "S-1-5-19", "EventData.ScenarioId": "{86432a0b-3c7d-4ddf-a89c-172faa90485d}", "EventData.InstanceId": "{127d94bb-08d3-4f57-830f-cf24af9735b9}", "EventData.OriginalActivityId": "{86432a0b-3c7d-4ddf-a89c-172faa90485d}", "EventData.DiagnosticModuleImageName": "%SystemRoot%\\system32\\diagperf.dll", "EventData.DiagnosticModuleId": "{c8544339-5be9-4f25-862e-485f1b1a6935}"}
{"EventID": "110", "Channel": "Microsoft-Windows-Diagnosis-DPS/Operational", "Provider_Name": "Microsoft-Windows-Diagnosis-DPS", "Computer": "DESKTOP-OFJ6N53", "TimeCreated": "2025-02-05 14:03:45.249535+00:00", "RecordID": "3671", "Level": "4", "UserID": "S-1-5-19", "EventData.ScenarioId": "{2698178d-fdad-40ae-9d3c-1371703adc5b}", "EventData.InstanceId": "{f6eb2765-3785-475d-b1e3-d3ea3158be74}", "EventData.OriginalActivityId": "{2698178d-fdad-40ae-9d3c-1371703adc5b}", "EventData.DiagnosticModuleImageName": "%SystemRoot%\\system32\\diagperf.dll", "EventData.DiagnosticModuleId": "{15fba3b8-a37a-4f91-bdba-fbb98fe804bf}"}
