{"EventID": "12", "Channel": "Microsoft-Windows-Security-Mitigations/KernelMode", "Provider_Name": "Microsoft-Windows-Security-Mitigations", "Computer": "DESKTOP-OFJ6N53", "TimeCreated": "2025-02-09 02:32:30.744877+00:00", "RecordID": "8314", "Level": "3", "UserID": "S-1-5-18", "EventData.ProcessPathLength": "59", "EventData.ProcessPath": "\\Device\\HarddiskVolume3\\Windows\\System32\\WaaSMedicAgent.exe", "EventData.ProcessCommandLineLength": "94", "EventData.ProcessCommandLine": "C:\\Windows\\System32\\WaaSMedicAgent.exe 96a4ae1c75770448efb80d8a0cbbe4bb FJH5qAGPJ0+7AG+1.0.0.0", "EventData.ProcessId": "2420", "EventData.ProcessCreateTime": "2025-02-09 02:32:29.727005+00:00", "EventData.ProcessStartKey": "43347146413445120", "EventData.ProcessSignatureLevel": "8", "EventData.ProcessSectionSignatureLevel": "8", "EventData.ProcessProtection": "0", "EventData.TargetThreadId": "11420", "EventData.TargetThreadCreateTime": "2025-02-09 02:32:30.739414+00:00", "EventData.RequiredSignatureLevel": "8", "EventData.SignatureLevel": "0", "EventData.ImageNameLength": "60", "EventData.ImageName": "\\Program Files\\Common Files\\Crypto Pro\\AppCompat\\cpadvai.dll"}
{"EventID": "12", "Channel": "Microsoft-Windows-Security-Mitigations/KernelMode", "Provider_Name": "Microsoft-Windows-Security-Mitigations", "Computer": "DESKTOP-OFJ6N53", "TimeCreated": "2025-02-09 02:32:30.862093+00:00", "RecordID": "8315", "Level": "3", "UserID": "S-1-5-18", "EventData.ProcessPathLength": "59", "EventData.ProcessPath": "\\Device\\HarddiskVolume3\\Windows\\System32\\WaaSMedicAgent.exe", "EventData.ProcessCommandLineLength": "94", "EventData.ProcessCommandLine": "C:\\Windows\\System32\\WaaSMedicAgent.exe 96a4ae1c75770448efb80d8a0cbbe4bb FJH5qAGPJ0+7AG+1.0.0.0", "EventData.ProcessId": "2420", "EventData.ProcessCreateTime": "2025-02-09 02:32:29.727005+00:00", "EventData.ProcessStartKey": "43347146413445120", "EventData.ProcessSignatureLevel": "8", "EventData.ProcessSectionSignatureLevel": "8", "EventData.ProcessProtection": "0", "EventData.TargetThreadId": "11420", "EventData.TargetThreadCreateTime": "2025-02-09 02:32:30.739414+00:00", "EventData.RequiredSignatureLevel": "8", "EventData.SignatureLevel": "0", "EventData.ImageNameLength": "60", "EventData.ImageName": "\\Program Files\\Common Files\\Crypto Pro\\AppCompat\\cpwinet.dll"}
{"EventID": "12", "Channel": "Microsoft-Windows-Security-Mitigations/KernelMode", "Provider_Name": "Microsoft-Windows-Security-Mitigations", "Computer": "DESKTOP-OFJ6N53", "TimeCreated": "2025-02-09 02:32:30.929413+00:00", "RecordID": "8316", "Level": "3", "UserID": "S-1-5-18", "EventData.ProcessPathLength": "59", "EventData.ProcessPath": "\\Device\\HarddiskVolume3\\Windows\\System32\\WaaSMedicAgent.exe", "EventData.ProcessCommandLineLength": "94", "EventData.ProcessCommandLine": "C:\\Windows\\System32\\WaaSMedicAgent.exe 96a4ae1c75770448efb80d8a0cbbe4bb FJH5qAGPJ0+7AG+1.0.0.0", "EventData.ProcessId": "2420", "EventData.ProcessCreateTime": "2025-02-09 02:32:29.727005+00:00", "EventData.ProcessStartKey": "43347146413445120", "EventData.ProcessSignatureLevel": "8", "EventData.ProcessSectionSignatureLevel": "8", "EventData.ProcessProtection": "0", "EventData.TargetThreadId": "11420", "EventData.TargetThreadCreateTime": "2025-02-09 02:32:30.739414+00:00", "EventData.RequiredSignatureLevel": "8", "EventData.SignatureLevel": "0", "EventData.ImageNameLength": "58", "EventData.ImageName": "\\Program Files\\Common Files\\Crypto Pro\\AppCompat\\cpmsi.dll"}
{"EventID": "12", "Channel": "Microsoft-Windows-Security-Mitigations/KernelMode", "Provider_Name": "Microsoft-Windows-Security-Mitigations", "Computer": "DESKTOP-OFJ6N53", "TimeCreated": "2025-02-09 02:32:31.115309+00:00", "RecordID": "8317", "Level": "3", "UserID": "S-1-5-18", "EventData.ProcessPathLength": "59", "EventData.ProcessPath": "\\Device\\HarddiskVolume3\\Windows\\System32\\WaaSMedicAgent.exe", "EventData.ProcessCommandLineLength": "94", "EventData.ProcessCommandLine": "C:\\Windows\\System32\\WaaSMedicAgent.exe 96a4ae1c75770448efb80d8a0cbbe4bb FJH5qAGPJ0+7AG+1.0.0.0", "EventData.ProcessId": "2420", "EventData.ProcessCreateTime": "2025-02-09 02:32:29.727005+00:00", "EventData.ProcessStartKey": "43347146413445120", "EventData.ProcessSignatureLevel": "8", "EventData.ProcessSectionSignatureLevel": "8", "EventData.ProcessProtection": "0", "EventData.TargetThreadId": "11420", "EventData.TargetThreadCreateTime": "2025-02-09 02:32:30.739414+00:00", "EventData.RequiredSignatureLevel": "8", "EventData.SignatureLevel": "0", "EventData.ImageNameLength": "61", "EventData.ImageName": "\\Program Files\\Common Files\\Crypto Pro\\AppCompat\\cpenroll.dll"}
{"EventID": "12", "Channel": "Microsoft-Windows-Security-Mitigations/KernelMode", "Provider_Name": "Microsoft-Windows-Security-Mitigations", "Computer": "DESKTOP-OFJ6N53", "TimeCreated": "2025-02-09 02:32:31.457998+00:00", "RecordID": "8318", "Level": "3", "UserID": "S-1-5-18", "EventData.ProcessPathLength": "59", "EventData.ProcessPath": "\\Device\\HarddiskVolume3\\Windows\\System32\\WaaSMedicAgent.exe", "EventData.ProcessCommandLineLength": "94", "EventData.ProcessCommandLine": "C:\\Windows\\System32\\WaaSMedicAgent.exe 96a4ae1c75770448efb80d8a0cbbe4bb FJH5qAGPJ0+7AG+1.0.0.0", "EventData.ProcessId": "2420", "EventData.ProcessCreateTime": "2025-02-09 02:32:29.727005+00:00", "EventData.ProcessStartKey": "43347146413445120", "EventData.ProcessSignatureLevel": "8", "EventData.ProcessSectionSignatureLevel": "8", "EventData.ProcessProtection": "0", "EventData.TargetThreadId": "1464", "EventData.TargetThreadCreateTime": "2025-02-09 02:32:31.244249+00:00", "EventData.RequiredSignatureLevel": "8", "EventData.SignatureLevel": "0", "EventData.ImageNameLength": "60", "EventData.ImageName": "\\Program Files\\Common Files\\Crypto Pro\\AppCompat\\cpschan.dll"}
{"EventID": "12", "Channel": "Microsoft-Windows-Security-Mitigations/KernelMode", "Provider_Name": "Microsoft-Windows-Security-Mitigations", "Computer": "DESKTOP-OFJ6N53", "TimeCreated": "2025-02-09 14:12:40.746719+00:00", "RecordID": "8319", "Level": "3", "UserID": "S-1-5-18", "EventData.ProcessPathLength": "100", "EventData.ProcessPath": "\\Device\\HarddiskVolume3\\ProgramData\\Microsoft\\Windows Defender\\Platform\\4.18.24090.11-0\\MpCmdRun.exe", "EventData.ProcessCommandLineLength": "135", "EventData.ProcessCommandLine": "\"C:\\ProgramData\\Microsoft\\Windows Defender\\Platform\\4.18.24090.11-0\\MpCmdRun.exe\" SignaturesUpdateService -ScheduleJob -UnmanagedUpdate", "EventData.ProcessId": "1944", "EventData.ProcessCreateTime": "2025-02-09 14:12:35.501177+00:00", "EventData.ProcessStartKey": "43347146413445527", "EventData.ProcessSignatureLevel": "8", "EventData.ProcessSectionSignatureLevel": "8", "EventData.ProcessProtection": "0", "EventData.TargetThreadId": "11064", "EventData.TargetThreadCreateTime": "2025-02-09 14:12:35.614702+00:00", "EventData.RequiredSignatureLevel": "8", "EventData.SignatureLevel": "0", "EventData.ImageNameLength": "60", "EventData.ImageName": "\\Program Files\\Common Files\\Crypto Pro\\AppCompat\\cpadvai.dll"}
{"EventID": "12", "Channel": "Microsoft-Windows-Security-Mitigations/KernelMode", "Provider_Name": "Microsoft-Windows-Security-Mitigations", "Computer": "DESKTOP-OFJ6N53", "TimeCreated": "2025-02-10 14:13:13.244385+00:00", "RecordID": "8320", "Level": "3", "UserID": "S-1-5-18", "EventData.ProcessPathLength": "100", "EventData.ProcessPath": "\\Device\\HarddiskVolume3\\ProgramData\\Microsoft\\Windows Defender\\Platform\\4.18.24090.11-0\\MpCmdRun.exe", "EventData.ProcessCommandLineLength": "135", "EventData.ProcessCommandLine": "\"C:\\ProgramData\\Microsoft\\Windows Defender\\Platform\\4.18.24090.11-0\\MpCmdRun.exe\" SignaturesUpdateService -ScheduleJob -UnmanagedUpdate", "EventData.ProcessId": "9440", "EventData.ProcessCreateTime": "2025-02-10 14:12:36.713074+00:00", "EventData.ProcessStartKey": "43347146413446393", "EventData.ProcessSignatureLevel": "8", "EventData.ProcessSectionSignatureLevel": "8", "EventData.ProcessProtection": "0", "EventData.TargetThreadId": "2408", "EventData.TargetThreadCreateTime": "2025-02-10 14:12:36.810535+00:00", "EventData.RequiredSignatureLevel": "8", "EventData.SignatureLevel": "0", "EventData.ImageNameLength": "60", "EventData.ImageName": "\\Program Files\\Common Files\\Crypto Pro\\AppCompat\\cpadvai.dll"}
{"EventID": "12", "Channel": "Microsoft-Windows-Security-Mitigations/KernelMode", "Provider_Name": "Microsoft-Windows-Security-Mitigations", "Computer": "DESKTOP-OFJ6N53", "TimeCreated": "2025-02-11 12:14:49.701105+00:00", "RecordID": "8321", "Level": "3", "UserID": "S-1-5-21-963789628-1060504924-4285088085-1001", "EventData.ProcessPathLength": "74", "EventData.ProcessPath": "\\Device\\HarddiskVolume3\\Program Files\\Google\\Chrome\\Application\\chrome.exe", "EventData.ProcessCommandLineLength": "512", "EventData.ProcessCommandLine": "\"C:\\Program Files\\Google\\Chrome\\Application\\chrome.exe\" --type=renderer --string-annotations --disable-gpu-compositing --video-capture-use-gpu-memory-buffer --lang=ru --device-scale-factor=1 --num-raster-threads=2 --enable-main-frame-before-activation --renderer-client-id=66 --time-ticks-at-unix-epoch=-1738764099107082 --launch-time-ticks=511983853347 --field-trial-handle=6724,i,16471904853709014786,1874728656746049761,262144 --variations-seed-version=20250204-185839.162000 --mojo-platform-channel-handle=54", "EventData.ProcessId": "9700", "EventData.ProcessCreateTime": "2025-02-11 12:14:49.600349+00:00", "EventData.ProcessStartKey": "43347146413447264", "EventData.ProcessSignatureLevel": "8", "EventData.ProcessSectionSignatureLevel": "8", "EventData.ProcessProtection": "0", "EventData.TargetThreadId": "6180", "EventData.TargetThreadCreateTime": "2025-02-11 12:14:49.600353+00:00", "EventData.RequiredSignatureLevel": "8", "EventData.SignatureLevel": "0", "EventData.ImageNameLength": "60", "EventData.ImageName": "\\Program Files\\Common Files\\Crypto Pro\\AppCompat\\cpcrypt.dll"}
{"EventID": "12", "Channel": "Microsoft-Windows-Security-Mitigations/KernelMode", "Provider_Name": "Microsoft-Windows-Security-Mitigations", "Computer": "DESKTOP-OFJ6N53", "TimeCreated": "2025-02-11 12:14:49.947414+00:00", "RecordID": "8322", "Level": "3", "UserID": "S-1-5-21-963789628-1060504924-4285088085-1001", "EventData.ProcessPathLength": "74", "EventData.ProcessPath": "\\Device\\HarddiskVolume3\\Program Files\\Google\\Chrome\\Application\\chrome.exe", "EventData.ProcessCommandLineLength": "512", "EventData.ProcessCommandLine": "\"C:\\Program Files\\Google\\Chrome\\Application\\chrome.exe\" --type=renderer --string-annotations --disable-gpu-compositing --video-capture-use-gpu-memory-buffer --lang=ru --device-scale-factor=1 --num-raster-threads=2 --enable-main-frame-before-activation --renderer-client-id=67 --time-ticks-at-unix-epoch=-1738764099107082 --launch-time-ticks=511984107424 --field-trial-handle=6608,i,16471904853709014786,1874728656746049761,262144 --variations-seed-version=20250204-185839.162000 --mojo-platform-channel-handle=48", "EventData.ProcessId": "2968", "EventData.ProcessCreateTime": "2025-02-11 12:14:49.854387+00:00", "EventData.ProcessStartKey": "43347146413447265", "EventData.ProcessSignatureLevel": "8", "EventData.ProcessSectionSignatureLevel": "8", "EventData.ProcessProtection": "0", "EventData.TargetThreadId": "5992", "EventData.TargetThreadCreateTime": "2025-02-11 12:14:49.854389+00:00", "EventData.RequiredSignatureLevel": "8", "EventData.SignatureLevel": "0", "EventData.ImageNameLength": "60", "EventData.ImageName": "\\Program Files\\Common Files\\Crypto Pro\\AppCompat\\cpcrypt.dll"}
{"EventID": "12", "Channel": "Microsoft-Windows-Security-Mitigations/KernelMode", "Provider_Name": "Microsoft-Windows-Security-Mitigations", "Computer": "DESKTOP-OFJ6N53", "TimeCreated": "2025-02-11 12:14:51.520132+00:00", "RecordID": "8323", "Level": "3", "UserID": "S-1-5-21-963789628-1060504924-4285088085-1001", "EventData.ProcessPathLength": "74", "EventData.ProcessPath": "\\Device\\HarddiskVolume3\\Program Files\\Google\\Chrome\\Application\\chrome.exe", "EventData.ProcessCommandLineLength": "512", "EventData.ProcessCommandLine": "\"C:\\Program Files\\Google\\Chrome\\Application\\chrome.exe\" --type=renderer --string-annotations --disable-gpu-compositing --video-capture-use-gpu-memory-buffer --lang=ru --device-scale-factor=1 --num-raster-threads=2 --enable-main-frame-before-activation --renderer-client-id=68 --time-ticks-at-unix-epoch=-1738764099107082 --launch-time-ticks=511985698904 --field-trial-handle=5192,i,16471904853709014786,1874728656746049761,262144 --variations-seed-version=20250204-185839.162000 --mojo-platform-channel-handle=66", "EventData.ProcessId": "8396", "EventData.ProcessCreateTime": "2025-02-11 12:14:51.445658+00:00", "EventData.ProcessStartKey": "43347146413447266", "EventData.ProcessSignatureLevel": "8", "EventData.ProcessSectionSignatureLevel": "8", "EventData.ProcessProtection": "0", "EventData.TargetThreadId": "7844", "EventData.TargetThreadCreateTime": "2025-02-11 12:14:51.445662+00:00", "EventData.RequiredSignatureLevel": "8", "EventData.SignatureLevel": "0", "EventData.ImageNameLength": "60", "EventData.ImageName": "\\Program Files\\Common Files\\Crypto Pro\\AppCompat\\cpcrypt.dll"}
{"EventID": "12", "Channel": "Microsoft-Windows-Security-Mitigations/KernelMode", "Provider_Name": "Microsoft-Windows-Security-Mitigations", "Computer": "DESKTOP-OFJ6N53", "TimeCreated": "2025-02-11 12:14:53.005911+00:00", "RecordID": "8324", "Level": "3", "UserID": "S-1-5-21-963789628-1060504924-4285088085-1001", "EventData.ProcessPathLength": "74", "EventData.ProcessPath": "\\Device\\HarddiskVolume3\\Program Files\\Google\\Chrome\\Application\\chrome.exe", "EventData.ProcessCommandLineLength": "512", "EventData.ProcessCommandLine": "\"C:\\Program Files\\Google\\Chrome\\Application\\chrome.exe\" --type=renderer --string-annotations --disable-gpu-compositing --video-capture-use-gpu-memory-buffer --lang=ru --device-scale-factor=1 --num-raster-threads=2 --enable-main-frame-before-activation --renderer-client-id=69 --time-ticks-at-unix-epoch=-1738764099107082 --launch-time-ticks=511987081929 --field-trial-handle=7024,i,16471904853709014786,1874728656746049761,262144 --variations-seed-version=20250204-185839.162000 --mojo-platform-channel-handle=52", "EventData.ProcessId": "6020", "EventData.ProcessCreateTime": "2025-02-11 12:14:52.828680+00:00", "EventData.ProcessStartKey": "43347146413447267", "EventData.ProcessSignatureLevel": "8", "EventData.ProcessSectionSignatureLevel": "8", "EventData.ProcessProtection": "0", "EventData.TargetThreadId": "4612", "EventData.TargetThreadCreateTime": "2025-02-11 12:14:52.828682+00:00", "EventData.RequiredSignatureLevel": "8", "EventData.SignatureLevel": "0", "EventData.ImageNameLength": "60", "EventData.ImageName": "\\Program Files\\Common Files\\Crypto Pro\\AppCompat\\cpcrypt.dll"}
{"EventID": "12", "Channel": "Microsoft-Windows-Security-Mitigations/KernelMode", "Provider_Name": "Microsoft-Windows-Security-Mitigations", "Computer": "DESKTOP-OFJ6N53", "TimeCreated": "2025-02-11 14:12:48.063200+00:00", "RecordID": "8325", "Level": "3", "UserID": "S-1-5-18", "EventData.ProcessPathLength": "100", "EventData.ProcessPath": "\\Device\\HarddiskVolume3\\ProgramData\\Microsoft\\Windows Defender\\Platform\\4.18.24090.11-0\\MpCmdRun.exe", "EventData.ProcessCommandLineLength": "135", "EventData.ProcessCommandLine": "\"C:\\ProgramData\\Microsoft\\Windows Defender\\Platform\\4.18.24090.11-0\\MpCmdRun.exe\" SignaturesUpdateService -ScheduleJob -UnmanagedUpdate", "EventData.ProcessId": "5504", "EventData.ProcessCreateTime": "2025-02-11 14:12:37.888340+00:00", "EventData.ProcessStartKey": "43347146413447363", "EventData.ProcessSignatureLevel": "8", "EventData.ProcessSectionSignatureLevel": "8", "EventData.ProcessProtection": "0", "EventData.TargetThreadId": "4016", "EventData.TargetThreadCreateTime": "2025-02-11 14:12:37.984697+00:00", "EventData.RequiredSignatureLevel": "8", "EventData.SignatureLevel": "0", "EventData.ImageNameLength": "60", "EventData.ImageName": "\\Program Files\\Common Files\\Crypto Pro\\AppCompat\\cpadvai.dll"}
{"EventID": "12", "Channel": "Microsoft-Windows-Security-Mitigations/KernelMode", "Provider_Name": "Microsoft-Windows-Security-Mitigations", "Computer": "DESKTOP-OFJ6N53", "TimeCreated": "2025-02-12 14:13:01.906225+00:00", "RecordID": "8326", "Level": "3", "UserID": "S-1-5-18", "EventData.ProcessPathLength": "100", "EventData.ProcessPath": "\\Device\\HarddiskVolume3\\ProgramData\\Microsoft\\Windows Defender\\Platform\\4.18.24090.11-0\\MpCmdRun.exe", "EventData.ProcessCommandLineLength": "135", "EventData.ProcessCommandLine": "\"C:\\ProgramData\\Microsoft\\Windows Defender\\Platform\\4.18.24090.11-0\\MpCmdRun.exe\" SignaturesUpdateService -ScheduleJob -UnmanagedUpdate", "EventData.ProcessId": "12012", "EventData.ProcessCreateTime": "2025-02-12 14:12:39.150566+00:00", "EventData.ProcessStartKey": "43347146413448357", "EventData.ProcessSignatureLevel": "8", "EventData.ProcessSectionSignatureLevel": "8", "EventData.ProcessProtection": "0", "EventData.TargetThreadId": "8364", "EventData.TargetThreadCreateTime": "2025-02-12 14:12:39.262997+00:00", "EventData.RequiredSignatureLevel": "8", "EventData.SignatureLevel": "0", "EventData.ImageNameLength": "60", "EventData.ImageName": "\\Program Files\\Common Files\\Crypto Pro\\AppCompat\\cpadvai.dll"}
{"EventID": "2", "Channel": "Microsoft-Windows-Security-Mitigations/KernelMode", "Provider_Name": "Microsoft-Windows-Security-Mitigations", "Computer": "DESKTOP-OFJ6N53", "TimeCreated": "2025-02-12 14:54:40.584028+00:00", "RecordID": "8327", "Level": "3", "UserID": "S-1-5-18", "EventData.ProcessPathLength": "52", "EventData.ProcessPath": "\\Device\\HarddiskVolume3\\Windows\\System32\\dllhost.exe", "EventData.ProcessCommandLineLength": "81", "EventData.ProcessCommandLine": "C:\\Windows\\system32\\DllHost.exe /Processid:{3EB3C877-1F16-487C-9050-104DBCD66683}", "EventData.CallingProcessId": "3924", "EventData.CallingProcessCreateTime": "2025-02-12 14:54:40.550268+00:00", "EventData.CallingProcessStartKey": "43628621390151809", "EventData.CallingProcessSignatureLevel": "8", "EventData.CallingProcessSectionSignatureLevel": "8", "EventData.CallingProcessProtection": "0", "EventData.CallingThreadId": "3908", "EventData.CallingThreadCreateTime": "2025-02-12 14:54:40.550274+00:00"}
{"EventID": "1", "Channel": "Microsoft-Windows-Security-Mitigations/KernelMode", "Provider_Name": "Microsoft-Windows-Security-Mitigations", "Computer": "DESKTOP-OFJ6N53", "TimeCreated": "2025-02-12 14:55:31.271257+00:00", "RecordID": "8328", "Level": "0", "UserID": "S-1-5-18", "EventData.ProcessPathLength": "52", "EventData.ProcessPath": "\\Device\\HarddiskVolume3\\Windows\\System32\\spoolsv.exe", "EventData.ProcessCommandLineLength": "31", "EventData.ProcessCommandLine": "C:\\Windows\\System32\\spoolsv.exe", "EventData.CallingProcessId": "3696", "EventData.CallingProcessCreateTime": "2025-02-12 14:54:33.906794+00:00", "EventData.CallingProcessStartKey": "43628621390151757", "EventData.CallingProcessSignatureLevel": "0", "EventData.CallingProcessSectionSignatureLevel": "0", "EventData.CallingProcessProtection": "0", "EventData.CallingThreadId": "3740", "EventData.CallingThreadCreateTime": "2025-02-12 14:54:34.013206+00:00"}
{"EventID": "3", "Channel": "Microsoft-Windows-Security-Mitigations/KernelMode", "Provider_Name": "Microsoft-Windows-Security-Mitigations", "Computer": "DESKTOP-OFJ6N53", "TimeCreated": "2025-02-12 14:55:31.616392+00:00", "RecordID": "8329", "Level": "0", "UserID": "S-1-5-18", "EventData.ProcessPathLength": "52", "EventData.ProcessPath": "\\Device\\HarddiskVolume3\\Windows\\System32\\spoolsv.exe", "EventData.ProcessCommandLineLength": "31", "EventData.ProcessCommandLine": "C:\\Windows\\System32\\spoolsv.exe", "EventData.CallingProcessId": "3696", "EventData.CallingProcessCreateTime": "2025-02-12 14:54:33.906794+00:00", "EventData.CallingProcessStartKey": "43628621390151757", "EventData.CallingProcessSignatureLevel": "0", "EventData.CallingProcessSectionSignatureLevel": "0", "EventData.CallingProcessProtection": "0", "EventData.CallingThreadId": "2020", "EventData.CallingThreadCreateTime": "2025-02-12 14:55:31.589415+00:00", "EventData.ChildImagePathNameLength": "32", "EventData.ChildImagePathName": "C:\\Windows\\system32\\regsvr32.exe", "EventData.ChildCommandLineLength": "93", "EventData.ChildCommandLine": "C:\\Windows\\system32\\regsvr32.exe /s \"C:\\Windows\\system32\\spool\\drivers\\x64\\3\\PrintConfig.dll\""}
{"EventID": "3", "Channel": "Microsoft-Windows-Security-Mitigations/KernelMode", "Provider_Name": "Microsoft-Windows-Security-Mitigations", "Computer": "DESKTOP-OFJ6N53", "TimeCreated": "2025-02-12 14:55:32.000349+00:00", "RecordID": "8330", "Level": "0", "UserID": "S-1-5-18", "EventData.ProcessPathLength": "52", "EventData.ProcessPath": "\\Device\\HarddiskVolume3\\Windows\\System32\\spoolsv.exe", "EventData.ProcessCommandLineLength": "31", "EventData.ProcessCommandLine": "C:\\Windows\\System32\\spoolsv.exe", "EventData.CallingProcessId": "3696", "EventData.CallingProcessCreateTime": "2025-02-12 14:54:33.906794+00:00", "EventData.CallingProcessStartKey": "43628621390151757", "EventData.CallingProcessSignatureLevel": "0", "EventData.CallingProcessSectionSignatureLevel": "0", "EventData.CallingProcessProtection": "0", "EventData.CallingThreadId": "2020", "EventData.CallingThreadCreateTime": "2025-02-12 14:55:31.589415+00:00", "EventData.ChildImagePathNameLength": "32", "EventData.ChildImagePathName": "C:\\Windows\\SysWOW64\\regsvr32.exe", "EventData.ChildCommandLineLength": "73", "EventData.ChildCommandLine": "C:\\Windows\\SysWOW64\\regsvr32.exe /s \"C:\\Windows\\SysWOW64\\PrintConfig.dll\""}
{"EventID": "12", "Channel": "Microsoft-Windows-Security-Mitigations/KernelMode", "Provider_Name": "Microsoft-Windows-Security-Mitigations", "Computer": "DESKTOP-OFJ6N53", "TimeCreated": "2025-02-12 14:56:21.652340+00:00", "RecordID": "8331", "Level": "3", "UserID": "S-1-5-21-963789628-1060504924-4285088085-1001", "EventData.ProcessPathLength": "74", "EventData.ProcessPath": "\\Device\\HarddiskVolume3\\Program Files\\Google\\Chrome\\Application\\chrome.exe", "EventData.ProcessCommandLineLength": "497", "EventData.ProcessCommandLine": "\"C:\\Program Files\\Google\\Chrome\\Application\\chrome.exe\" --type=renderer --string-annotations --video-capture-use-gpu-memory-buffer --lang=ru --device-scale-factor=1 --num-raster-threads=2 --enable-main-frame-before-activation --renderer-client-id=6 --time-ticks-at-unix-epoch=-1739372056190546 --launch-time-ticks=124999405 --field-trial-handle=3784,i,11733408027932219996,16652177763964427796,262144 --variations-seed-version=20250211-180335.527000 --mojo-platform-channel-handle=3804 /prefetch:1", "EventData.ProcessId": "11728", "EventData.ProcessCreateTime": "2025-02-12 14:56:21.191160+00:00", "EventData.ProcessStartKey": "43628621390152154", "EventData.ProcessSignatureLevel": "8", "EventData.ProcessSectionSignatureLevel": "8", "EventData.ProcessProtection": "0", "EventData.TargetThreadId": "12096", "EventData.TargetThreadCreateTime": "2025-02-12 14:56:21.191164+00:00", "EventData.RequiredSignatureLevel": "8", "EventData.SignatureLevel": "0", "EventData.ImageNameLength": "60", "EventData.ImageName": "\\Program Files\\Common Files\\Crypto Pro\\AppCompat\\cpcrypt.dll"}
{"EventID": "12", "Channel": "Microsoft-Windows-Security-Mitigations/KernelMode", "Provider_Name": "Microsoft-Windows-Security-Mitigations", "Computer": "DESKTOP-OFJ6N53", "TimeCreated": "2025-02-12 14:56:22.866268+00:00", "RecordID": "8332", "Level": "3", "UserID": "S-1-5-21-963789628-1060504924-4285088085-1001", "EventData.ProcessPathLength": "74", "EventData.ProcessPath": "\\Device\\HarddiskVolume3\\Program Files\\Google\\Chrome\\Application\\chrome.exe", "EventData.ProcessCommandLineLength": "497", "EventData.ProcessCommandLine": "\"C:\\Program Files\\Google\\Chrome\\Application\\chrome.exe\" --type=renderer --string-annotations --video-capture-use-gpu-memory-buffer --lang=ru --device-scale-factor=1 --num-raster-threads=2 --enable-main-frame-before-activation --renderer-client-id=7 --time-ticks-at-unix-epoch=-1739372056190546 --launch-time-ticks=124998425 --field-trial-handle=3772,i,11733408027932219996,16652177763964427796,262144 --variations-seed-version=20250211-180335.527000 --mojo-platform-channel-handle=3588 /prefetch:1", "EventData.ProcessId": "11968", "EventData.ProcessCreateTime": "2025-02-12 14:56:21.190912+00:00", "EventData.ProcessStartKey": "43628621390152153", "EventData.ProcessSignatureLevel": "8", "EventData.ProcessSectionSignatureLevel": "8", "EventData.ProcessProtection": "0", "EventData.TargetThreadId": "11960", "EventData.TargetThreadCreateTime": "2025-02-12 14:56:21.190912+00:00", "EventData.RequiredSignatureLevel": "8", "EventData.SignatureLevel": "0", "EventData.ImageNameLength": "60", "EventData.ImageName": "\\Program Files\\Common Files\\Crypto Pro\\AppCompat\\cpcrypt.dll"}
{"EventID": "12", "Channel": "Microsoft-Windows-Security-Mitigations/KernelMode", "Provider_Name": "Microsoft-Windows-Security-Mitigations", "Computer": "DESKTOP-OFJ6N53", "TimeCreated": "2025-02-12 14:56:23.194963+00:00", "RecordID": "8333", "Level": "3", "UserID": "S-1-5-21-963789628-1060504924-4285088085-1001", "EventData.ProcessPathLength": "74", "EventData.ProcessPath": "\\Device\\HarddiskVolume3\\Program Files\\Google\\Chrome\\Application\\chrome.exe", "EventData.ProcessCommandLineLength": "512", "EventData.ProcessCommandLine": "\"C:\\Program Files\\Google\\Chrome\\Application\\chrome.exe\" --type=renderer --string-annotations --disable-gpu-compositing --video-capture-use-gpu-memory-buffer --lang=ru --device-scale-factor=1 --num-raster-threads=2 --enable-main-frame-before-activation --renderer-client-id=8 --time-ticks-at-unix-epoch=-1739372056190546 --launch-time-ticks=126310112 --field-trial-handle=4644,i,11733408027932219996,16652177763964427796,262144 --variations-seed-version=20250211-180335.527000 --mojo-platform-channel-handle=4624", "EventData.ProcessId": "11992", "EventData.ProcessCreateTime": "2025-02-12 14:56:22.501646+00:00", "EventData.ProcessStartKey": "43628621390152155", "EventData.ProcessSignatureLevel": "8", "EventData.ProcessSectionSignatureLevel": "8", "EventData.ProcessProtection": "0", "EventData.TargetThreadId": "12008", "EventData.TargetThreadCreateTime": "2025-02-12 14:56:22.501650+00:00", "EventData.RequiredSignatureLevel": "8", "EventData.SignatureLevel": "0", "EventData.ImageNameLength": "60", "EventData.ImageName": "\\Program Files\\Common Files\\Crypto Pro\\AppCompat\\cpcrypt.dll"}
{"EventID": "12", "Channel": "Microsoft-Windows-Security-Mitigations/KernelMode", "Provider_Name": "Microsoft-Windows-Security-Mitigations", "Computer": "DESKTOP-OFJ6N53", "TimeCreated": "2025-02-12 14:56:49.088757+00:00", "RecordID": "8334", "Level": "3", "UserID": "S-1-5-21-963789628-1060504924-4285088085-1001", "EventData.ProcessPathLength": "74", "EventData.ProcessPath": "\\Device\\HarddiskVolume3\\Program Files\\Google\\Chrome\\Application\\chrome.exe", "EventData.ProcessCommandLineLength": "512", "EventData.ProcessCommandLine": "\"C:\\Program Files\\Google\\Chrome\\Application\\chrome.exe\" --type=renderer --string-annotations --disable-gpu-compositing --video-capture-use-gpu-memory-buffer --lang=ru --device-scale-factor=1 --num-raster-threads=2 --enable-main-frame-before-activation --renderer-client-id=9 --time-ticks-at-unix-epoch=-1739372056190546 --launch-time-ticks=152783145 --field-trial-handle=5240,i,11733408027932219996,16652177763964427796,262144 --variations-seed-version=20250211-180335.527000 --mojo-platform-channel-handle=5248", "EventData.ProcessId": "8356", "EventData.ProcessCreateTime": "2025-02-12 14:56:48.975796+00:00", "EventData.ProcessStartKey": "43628621390152171", "EventData.ProcessSignatureLevel": "8", "EventData.ProcessSectionSignatureLevel": "8", "EventData.ProcessProtection": "0", "EventData.TargetThreadId": "10508", "EventData.TargetThreadCreateTime": "2025-02-12 14:56:48.975800+00:00", "EventData.RequiredSignatureLevel": "8", "EventData.SignatureLevel": "0", "EventData.ImageNameLength": "60", "EventData.ImageName": "\\Program Files\\Common Files\\Crypto Pro\\AppCompat\\cpcrypt.dll"}
{"EventID": "12", "Channel": "Microsoft-Windows-Security-Mitigations/KernelMode", "Provider_Name": "Microsoft-Windows-Security-Mitigations", "Computer": "DESKTOP-OFJ6N53", "TimeCreated": "2025-02-12 14:56:49.092804+00:00", "RecordID": "8335", "Level": "3", "UserID": "S-1-5-21-963789628-1060504924-4285088085-1001", "EventData.ProcessPathLength": "74", "EventData.ProcessPath": "\\Device\\HarddiskVolume3\\Program Files\\Google\\Chrome\\Application\\chrome.exe", "EventData.ProcessCommandLineLength": "512", "EventData.ProcessCommandLine": "\"C:\\Program Files\\Google\\Chrome\\Application\\chrome.exe\" --type=renderer --string-annotations --disable-gpu-compositing --video-capture-use-gpu-memory-buffer --lang=ru --device-scale-factor=1 --num-raster-threads=2 --enable-main-frame-before-activation --renderer-client-id=5 --time-ticks-at-unix-epoch=-1739372056190546 --launch-time-ticks=152765042 --field-trial-handle=4996,i,11733408027932219996,16652177763964427796,262144 --variations-seed-version=20250211-180335.527000 --mojo-platform-channel-handle=4976", "EventData.ProcessId": "7360", "EventData.ProcessCreateTime": "2025-02-12 14:56:48.957228+00:00", "EventData.ProcessStartKey": "43628621390152170", "EventData.ProcessSignatureLevel": "8", "EventData.ProcessSectionSignatureLevel": "8", "EventData.ProcessProtection": "0", "EventData.TargetThreadId": "9772", "EventData.TargetThreadCreateTime": "2025-02-12 14:56:48.957232+00:00", "EventData.RequiredSignatureLevel": "8", "EventData.SignatureLevel": "0", "EventData.ImageNameLength": "60", "EventData.ImageName": "\\Program Files\\Common Files\\Crypto Pro\\AppCompat\\cpcrypt.dll"}
{"EventID": "12", "Channel": "Microsoft-Windows-Security-Mitigations/KernelMode", "Provider_Name": "Microsoft-Windows-Security-Mitigations", "Computer": "DESKTOP-OFJ6N53", "TimeCreated": "2025-02-12 14:59:28.909878+00:00", "RecordID": "8336", "Level": "3", "UserID": "S-1-5-21-963789628-1060504924-4285088085-1001", "EventData.ProcessPathLength": "74", "EventData.ProcessPath": "\\Device\\HarddiskVolume3\\Program Files\\Google\\Chrome\\Application\\chrome.exe", "EventData.ProcessCommandLineLength": "386", "EventData.ProcessCommandLine": "\"C:\\Program Files\\Google\\Chrome\\Application\\chrome.exe\" --type=utility --utility-sub-type=on_device_model.mojom.OnDeviceModelService --lang=ru --service-sandbox-type=on_device_model_execution --string-annotations --field-trial-handle=2900,i,11733408027932219996,16652177763964427796,262144 --variations-seed-version=20250211-180335.527000 --mojo-platform-channel-handle=3680 /prefetch:8", "EventData.ProcessId": "10784", "EventData.ProcessCreateTime": "2025-02-12 14:59:20.721149+00:00", "EventData.ProcessStartKey": "43628621390152199", "EventData.ProcessSignatureLevel": "8", "EventData.ProcessSectionSignatureLevel": "8", "EventData.ProcessProtection": "0", "EventData.TargetThreadId": "4728", "EventData.TargetThreadCreateTime": "2025-02-12 14:59:20.721153+00:00", "EventData.RequiredSignatureLevel": "8", "EventData.SignatureLevel": "0", "EventData.ImageNameLength": "60", "EventData.ImageName": "\\Program Files\\Common Files\\Crypto Pro\\AppCompat\\cpadvai.dll"}
{"EventID": "12", "Channel": "Microsoft-Windows-Security-Mitigations/KernelMode", "Provider_Name": "Microsoft-Windows-Security-Mitigations", "Computer": "DESKTOP-OFJ6N53", "TimeCreated": "2025-02-12 15:05:27.990356+00:00", "RecordID": "8337", "Level": "3", "UserID": "S-1-5-18", "EventData.ProcessPathLength": "100", "EventData.ProcessPath": "\\Device\\HarddiskVolume3\\ProgramData\\Microsoft\\Windows Defender\\Platform\\4.18.24090.11-0\\MpCmdRun.exe", "EventData.ProcessCommandLineLength": "135", "EventData.ProcessCommandLine": "\"C:\\ProgramData\\Microsoft\\Windows Defender\\Platform\\4.18.24090.11-0\\MpCmdRun.exe\" SignaturesUpdateService -ScheduleJob -UnmanagedUpdate", "EventData.ProcessId": "5152", "EventData.ProcessCreateTime": "2025-02-12 15:05:02.499750+00:00", "EventData.ProcessStartKey": "43628621390152250", "EventData.ProcessSignatureLevel": "8", "EventData.ProcessSectionSignatureLevel": "8", "EventData.ProcessProtection": "0", "EventData.TargetThreadId": "2488", "EventData.TargetThreadCreateTime": "2025-02-12 15:05:02.615311+00:00", "EventData.RequiredSignatureLevel": "8", "EventData.SignatureLevel": "0", "EventData.ImageNameLength": "60", "EventData.ImageName": "\\Program Files\\Common Files\\Crypto Pro\\AppCompat\\cpadvai.dll"}
{"EventID": "12", "Channel": "Microsoft-Windows-Security-Mitigations/KernelMode", "Provider_Name": "Microsoft-Windows-Security-Mitigations", "Computer": "DESKTOP-OFJ6N53", "TimeCreated": "2025-02-13 08:54:31.869600+00:00", "RecordID": "8338", "Level": "3", "UserID": "S-1-5-18", "EventData.ProcessPathLength": "59", "EventData.ProcessPath": "\\Device\\HarddiskVolume3\\Windows\\System32\\WaaSMedicAgent.exe", "EventData.ProcessCommandLineLength": "104", "EventData.ProcessCommandLine": "C:\\Windows\\System32\\WaaSMedicAgent.exe c859fde55d4d25da38db0b0dd263392c EsfQC3BMAkKDocK3OLzf3Q.0.1.0.0.0", "EventData.ProcessId": "9696", "EventData.ProcessCreateTime": "2025-02-13 08:54:30.865494+00:00", "EventData.ProcessStartKey": "43628621390153404", "EventData.ProcessSignatureLevel": "8", "EventData.ProcessSectionSignatureLevel": "8", "EventData.ProcessProtection": "0", "EventData.TargetThreadId": "2772", "EventData.TargetThreadCreateTime": "2025-02-13 08:54:31.858221+00:00", "EventData.RequiredSignatureLevel": "8", "EventData.SignatureLevel": "0", "EventData.ImageNameLength": "60", "EventData.ImageName": "\\Program Files\\Common Files\\Crypto Pro\\AppCompat\\cpadvai.dll"}
{"EventID": "12", "Channel": "Microsoft-Windows-Security-Mitigations/KernelMode", "Provider_Name": "Microsoft-Windows-Security-Mitigations", "Computer": "DESKTOP-OFJ6N53", "TimeCreated": "2025-02-13 08:54:38.819168+00:00", "RecordID": "8339", "Level": "3", "UserID": "S-1-5-18", "EventData.ProcessPathLength": "59", "EventData.ProcessPath": "\\Device\\HarddiskVolume3\\Windows\\System32\\WaaSMedicAgent.exe", "EventData.ProcessCommandLineLength": "104", "EventData.ProcessCommandLine": "C:\\Windows\\System32\\WaaSMedicAgent.exe 40794dddfced2a1bcd9ac187fc595ff1 EsfQC3BMAkKDocK3OLzf3Q.0.1.0.0.0", "EventData.ProcessId": "6128", "EventData.ProcessCreateTime": "2025-02-13 08:54:37.799854+00:00", "EventData.ProcessStartKey": "43628621390153418", "EventData.ProcessSignatureLevel": "8", "EventData.ProcessSectionSignatureLevel": "8", "EventData.ProcessProtection": "0", "EventData.TargetThreadId": "7360", "EventData.TargetThreadCreateTime": "2025-02-13 08:54:38.811731+00:00", "EventData.RequiredSignatureLevel": "8", "EventData.SignatureLevel": "0", "EventData.ImageNameLength": "60", "EventData.ImageName": "\\Program Files\\Common Files\\Crypto Pro\\AppCompat\\cpadvai.dll"}
{"EventID": "12", "Channel": "Microsoft-Windows-Security-Mitigations/KernelMode", "Provider_Name": "Microsoft-Windows-Security-Mitigations", "Computer": "DESKTOP-OFJ6N53", "TimeCreated": "2025-02-13 08:54:38.927067+00:00", "RecordID": "8340", "Level": "3", "UserID": "S-1-5-18", "EventData.ProcessPathLength": "59", "EventData.ProcessPath": "\\Device\\HarddiskVolume3\\Windows\\System32\\WaaSMedicAgent.exe", "EventData.ProcessCommandLineLength": "104", "EventData.ProcessCommandLine": "C:\\Windows\\System32\\WaaSMedicAgent.exe 40794dddfced2a1bcd9ac187fc595ff1 EsfQC3BMAkKDocK3OLzf3Q.0.1.0.0.0", "EventData.ProcessId": "6128", "EventData.ProcessCreateTime": "2025-02-13 08:54:37.799854+00:00", "EventData.ProcessStartKey": "43628621390153418", "EventData.ProcessSignatureLevel": "8", "EventData.ProcessSectionSignatureLevel": "8", "EventData.ProcessProtection": "0", "EventData.TargetThreadId": "7360", "EventData.TargetThreadCreateTime": "2025-02-13 08:54:38.811731+00:00", "EventData.RequiredSignatureLevel": "8", "EventData.SignatureLevel": "0", "EventData.ImageNameLength": "60", "EventData.ImageName": "\\Program Files\\Common Files\\Crypto Pro\\AppCompat\\cpwinet.dll"}
{"EventID": "12", "Channel": "Microsoft-Windows-Security-Mitigations/KernelMode", "Provider_Name": "Microsoft-Windows-Security-Mitigations", "Computer": "DESKTOP-OFJ6N53", "TimeCreated": "2025-02-13 08:54:39.000757+00:00", "RecordID": "8341", "Level": "3", "UserID": "S-1-5-18", "EventData.ProcessPathLength": "59", "EventData.ProcessPath": "\\Device\\HarddiskVolume3\\Windows\\System32\\WaaSMedicAgent.exe", "EventData.ProcessCommandLineLength": "104", "EventData.ProcessCommandLine": "C:\\Windows\\System32\\WaaSMedicAgent.exe 40794dddfced2a1bcd9ac187fc595ff1 EsfQC3BMAkKDocK3OLzf3Q.0.1.0.0.0", "EventData.ProcessId": "6128", "EventData.ProcessCreateTime": "2025-02-13 08:54:37.799854+00:00", "EventData.ProcessStartKey": "43628621390153418", "EventData.ProcessSignatureLevel": "8", "EventData.ProcessSectionSignatureLevel": "8", "EventData.ProcessProtection": "0", "EventData.TargetThreadId": "7360", "EventData.TargetThreadCreateTime": "2025-02-13 08:54:38.811731+00:00", "EventData.RequiredSignatureLevel": "8", "EventData.SignatureLevel": "0", "EventData.ImageNameLength": "58", "EventData.ImageName": "\\Program Files\\Common Files\\Crypto Pro\\AppCompat\\cpmsi.dll"}
{"EventID": "12", "Channel": "Microsoft-Windows-Security-Mitigations/KernelMode", "Provider_Name": "Microsoft-Windows-Security-Mitigations", "Computer": "DESKTOP-OFJ6N53", "TimeCreated": "2025-02-13 08:54:39.183685+00:00", "RecordID": "8342", "Level": "3", "UserID": "S-1-5-18", "EventData.ProcessPathLength": "59", "EventData.ProcessPath": "\\Device\\HarddiskVolume3\\Windows\\System32\\WaaSMedicAgent.exe", "EventData.ProcessCommandLineLength": "104", "EventData.ProcessCommandLine": "C:\\Windows\\System32\\WaaSMedicAgent.exe 40794dddfced2a1bcd9ac187fc595ff1 EsfQC3BMAkKDocK3OLzf3Q.0.1.0.0.0", "EventData.ProcessId": "6128", "EventData.ProcessCreateTime": "2025-02-13 08:54:37.799854+00:00", "EventData.ProcessStartKey": "43628621390153418", "EventData.ProcessSignatureLevel": "8", "EventData.ProcessSectionSignatureLevel": "8", "EventData.ProcessProtection": "0", "EventData.TargetThreadId": "7360", "EventData.TargetThreadCreateTime": "2025-02-13 08:54:38.811731+00:00", "EventData.RequiredSignatureLevel": "8", "EventData.SignatureLevel": "0", "EventData.ImageNameLength": "61", "EventData.ImageName": "\\Program Files\\Common Files\\Crypto Pro\\AppCompat\\cpenroll.dll"}
{"EventID": "12", "Channel": "Microsoft-Windows-Security-Mitigations/KernelMode", "Provider_Name": "Microsoft-Windows-Security-Mitigations", "Computer": "DESKTOP-OFJ6N53", "TimeCreated": "2025-02-13 08:54:39.489721+00:00", "RecordID": "8343", "Level": "3", "UserID": "S-1-5-18", "EventData.ProcessPathLength": "59", "EventData.ProcessPath": "\\Device\\HarddiskVolume3\\Windows\\System32\\WaaSMedicAgent.exe", "EventData.ProcessCommandLineLength": "104", "EventData.ProcessCommandLine": "C:\\Windows\\System32\\WaaSMedicAgent.exe 40794dddfced2a1bcd9ac187fc595ff1 EsfQC3BMAkKDocK3OLzf3Q.0.1.0.0.0", "EventData.ProcessId": "6128", "EventData.ProcessCreateTime": "2025-02-13 08:54:37.799854+00:00", "EventData.ProcessStartKey": "43628621390153418", "EventData.ProcessSignatureLevel": "8", "EventData.ProcessSectionSignatureLevel": "8", "EventData.ProcessProtection": "0", "EventData.TargetThreadId": "9188", "EventData.TargetThreadCreateTime": "2025-02-13 08:54:38.812263+00:00", "EventData.RequiredSignatureLevel": "8", "EventData.SignatureLevel": "0", "EventData.ImageNameLength": "60", "EventData.ImageName": "\\Program Files\\Common Files\\Crypto Pro\\AppCompat\\cpschan.dll"}
{"EventID": "12", "Channel": "Microsoft-Windows-Security-Mitigations/KernelMode", "Provider_Name": "Microsoft-Windows-Security-Mitigations", "Computer": "DESKTOP-OFJ6N53", "TimeCreated": "2025-02-13 15:05:16.662508+00:00", "RecordID": "8344", "Level": "3", "UserID": "S-1-5-18", "EventData.ProcessPathLength": "100", "EventData.ProcessPath": "\\Device\\HarddiskVolume3\\ProgramData\\Microsoft\\Windows Defender\\Platform\\4.18.24090.11-0\\MpCmdRun.exe", "EventData.ProcessCommandLineLength": "135", "EventData.ProcessCommandLine": "\"C:\\ProgramData\\Microsoft\\Windows Defender\\Platform\\4.18.24090.11-0\\MpCmdRun.exe\" SignaturesUpdateService -ScheduleJob -UnmanagedUpdate", "EventData.ProcessId": "6320", "EventData.ProcessCreateTime": "2025-02-13 15:05:04.005228+00:00", "EventData.ProcessStartKey": "43628621390153702", "EventData.ProcessSignatureLevel": "8", "EventData.ProcessSectionSignatureLevel": "8", "EventData.ProcessProtection": "0", "EventData.TargetThreadId": "7648", "EventData.TargetThreadCreateTime": "2025-02-13 15:05:04.159227+00:00", "EventData.RequiredSignatureLevel": "8", "EventData.SignatureLevel": "0", "EventData.ImageNameLength": "60", "EventData.ImageName": "\\Program Files\\Common Files\\Crypto Pro\\AppCompat\\cpadvai.dll"}
{"EventID": "12", "Channel": "Microsoft-Windows-Security-Mitigations/KernelMode", "Provider_Name": "Microsoft-Windows-Security-Mitigations", "Computer": "DESKTOP-OFJ6N53", "TimeCreated": "2025-02-14 08:54:32.506638+00:00", "RecordID": "8345", "Level": "3", "UserID": "S-1-5-21-963789628-1060504924-4285088085-1001", "EventData.ProcessPathLength": "74", "EventData.ProcessPath": "\\Device\\HarddiskVolume3\\Program Files\\Google\\Chrome\\Application\\chrome.exe", "EventData.ProcessCommandLineLength": "512", "EventData.ProcessCommandLine": "\"C:\\Program Files\\Google\\Chrome\\Application\\chrome.exe\" --type=renderer --string-annotations --disable-gpu-compositing --video-capture-use-gpu-memory-buffer --lang=ru --device-scale-factor=1 --num-raster-threads=2 --enable-main-frame-before-activation --renderer-client-id=30 --time-ticks-at-unix-epoch=-1739372056190546 --launch-time-ticks=151214718166 --field-trial-handle=6724,i,11733408027932219996,16652177763964427796,262144 --variations-seed-version=20250211-180335.527000 --mojo-platform-channel-handle=7", "EventData.ProcessId": "3264", "EventData.ProcessCreateTime": "2025-02-14 08:54:32.421238+00:00", "EventData.ProcessStartKey": "43628621390154467", "EventData.ProcessSignatureLevel": "8", "EventData.ProcessSectionSignatureLevel": "8", "EventData.ProcessProtection": "0", "EventData.TargetThreadId": "3536", "EventData.TargetThreadCreateTime": "2025-02-14 08:54:32.421242+00:00", "EventData.RequiredSignatureLevel": "8", "EventData.SignatureLevel": "0", "EventData.ImageNameLength": "60", "EventData.ImageName": "\\Program Files\\Common Files\\Crypto Pro\\AppCompat\\cpcrypt.dll"}
{"EventID": "12", "Channel": "Microsoft-Windows-Security-Mitigations/KernelMode", "Provider_Name": "Microsoft-Windows-Security-Mitigations", "Computer": "DESKTOP-OFJ6N53", "TimeCreated": "2025-02-14 08:54:40.164211+00:00", "RecordID": "8346", "Level": "3", "UserID": "S-1-5-21-963789628-1060504924-4285088085-1001", "EventData.ProcessPathLength": "74", "EventData.ProcessPath": "\\Device\\HarddiskVolume3\\Program Files\\Google\\Chrome\\Application\\chrome.exe", "EventData.ProcessCommandLineLength": "512", "EventData.ProcessCommandLine": "\"C:\\Program Files\\Google\\Chrome\\Application\\chrome.exe\" --type=renderer --string-annotations --disable-gpu-compositing --video-capture-use-gpu-memory-buffer --lang=ru --device-scale-factor=1 --num-raster-threads=2 --enable-main-frame-before-activation --renderer-client-id=31 --time-ticks-at-unix-epoch=-1739372056190546 --launch-time-ticks=151222154332 --field-trial-handle=6732,i,11733408027932219996,16652177763964427796,262144 --variations-seed-version=20250211-180335.527000 --mojo-platform-channel-handle=6", "EventData.ProcessId": "7928", "EventData.ProcessCreateTime": "2025-02-14 08:54:39.856920+00:00", "EventData.ProcessStartKey": "43628621390154468", "EventData.ProcessSignatureLevel": "8", "EventData.ProcessSectionSignatureLevel": "8", "EventData.ProcessProtection": "0", "EventData.TargetThreadId": "1076", "EventData.TargetThreadCreateTime": "2025-02-14 08:54:39.856922+00:00", "EventData.RequiredSignatureLevel": "8", "EventData.SignatureLevel": "0", "EventData.ImageNameLength": "60", "EventData.ImageName": "\\Program Files\\Common Files\\Crypto Pro\\AppCompat\\cpcrypt.dll"}
{"EventID": "12", "Channel": "Microsoft-Windows-Security-Mitigations/KernelMode", "Provider_Name": "Microsoft-Windows-Security-Mitigations", "Computer": "DESKTOP-OFJ6N53", "TimeCreated": "2025-02-14 15:05:23.509405+00:00", "RecordID": "8347", "Level": "3", "UserID": "S-1-5-18", "EventData.ProcessPathLength": "100", "EventData.ProcessPath": "\\Device\\HarddiskVolume3\\ProgramData\\Microsoft\\Windows Defender\\Platform\\4.18.24090.11-0\\MpCmdRun.exe", "EventData.ProcessCommandLineLength": "135", "EventData.ProcessCommandLine": "\"C:\\ProgramData\\Microsoft\\Windows Defender\\Platform\\4.18.24090.11-0\\MpCmdRun.exe\" SignaturesUpdateService -ScheduleJob -UnmanagedUpdate", "EventData.ProcessId": "1356", "EventData.ProcessCreateTime": "2025-02-14 15:05:05.180426+00:00", "EventData.ProcessStartKey": "43628621390154833", "EventData.ProcessSignatureLevel": "8", "EventData.ProcessSectionSignatureLevel": "8", "EventData.ProcessProtection": "0", "EventData.TargetThreadId": "9812", "EventData.TargetThreadCreateTime": "2025-02-14 15:05:05.283131+00:00", "EventData.RequiredSignatureLevel": "8", "EventData.SignatureLevel": "0", "EventData.ImageNameLength": "60", "EventData.ImageName": "\\Program Files\\Common Files\\Crypto Pro\\AppCompat\\cpadvai.dll"}
{"EventID": "12", "Channel": "Microsoft-Windows-Security-Mitigations/KernelMode", "Provider_Name": "Microsoft-Windows-Security-Mitigations", "Computer": "DESKTOP-OFJ6N53", "TimeCreated": "2025-02-14 18:45:17.816887+00:00", "RecordID": "8348", "Level": "3", "UserID": "S-1-5-21-963789628-1060504924-4285088085-1001", "EventData.ProcessPathLength": "74", "EventData.ProcessPath": "\\Device\\HarddiskVolume3\\Program Files\\Google\\Chrome\\Application\\chrome.exe", "EventData.ProcessCommandLineLength": "512", "EventData.ProcessCommandLine": "\"C:\\Program Files\\Google\\Chrome\\Application\\chrome.exe\" --type=renderer --string-annotations --disable-gpu-compositing --video-capture-use-gpu-memory-buffer --lang=ru --device-scale-factor=1 --num-raster-threads=2 --enable-main-frame-before-activation --renderer-client-id=32 --time-ticks-at-unix-epoch=-1739372056190546 --launch-time-ticks=186657774172 --field-trial-handle=6936,i,11733408027932219996,16652177763964427796,262144 --variations-seed-version=20250211-180335.527000 --mojo-platform-channel-handle=5", "EventData.ProcessId": "2040", "EventData.ProcessCreateTime": "2025-02-14 18:45:16.696184+00:00", "EventData.ProcessStartKey": "43628621390155011", "EventData.ProcessSignatureLevel": "8", "EventData.ProcessSectionSignatureLevel": "8", "EventData.ProcessProtection": "0", "EventData.TargetThreadId": "6588", "EventData.TargetThreadCreateTime": "2025-02-14 18:45:16.696186+00:00", "EventData.RequiredSignatureLevel": "8", "EventData.SignatureLevel": "0", "EventData.ImageNameLength": "60", "EventData.ImageName": "\\Program Files\\Common Files\\Crypto Pro\\AppCompat\\cpcrypt.dll"}
{"EventID": "12", "Channel": "Microsoft-Windows-Security-Mitigations/KernelMode", "Provider_Name": "Microsoft-Windows-Security-Mitigations", "Computer": "DESKTOP-OFJ6N53", "TimeCreated": "2025-02-14 18:45:21.583368+00:00", "RecordID": "8349", "Level": "3", "UserID": "S-1-5-21-963789628-1060504924-4285088085-1001", "EventData.ProcessPathLength": "74", "EventData.ProcessPath": "\\Device\\HarddiskVolume3\\Program Files\\Google\\Chrome\\Application\\chrome.exe", "EventData.ProcessCommandLineLength": "512", "EventData.ProcessCommandLine": "\"C:\\Program Files\\Google\\Chrome\\Application\\chrome.exe\" --type=renderer --string-annotations --disable-gpu-compositing --video-capture-use-gpu-memory-buffer --lang=ru --device-scale-factor=1 --num-raster-threads=2 --enable-main-frame-before-activation --renderer-client-id=33 --time-ticks-at-unix-epoch=-1739372056190546 --launch-time-ticks=186660084010 --field-trial-handle=3952,i,11733408027932219996,16652177763964427796,262144 --variations-seed-version=20250211-180335.527000 --mojo-platform-channel-handle=3", "EventData.ProcessId": "5400", "EventData.ProcessCreateTime": "2025-02-14 18:45:19.005920+00:00", "EventData.ProcessStartKey": "43628621390155013", "EventData.ProcessSignatureLevel": "8", "EventData.ProcessSectionSignatureLevel": "8", "EventData.ProcessProtection": "0", "EventData.TargetThreadId": "3068", "EventData.TargetThreadCreateTime": "2025-02-14 18:45:19.005924+00:00", "EventData.RequiredSignatureLevel": "8", "EventData.SignatureLevel": "0", "EventData.ImageNameLength": "60", "EventData.ImageName": "\\Program Files\\Common Files\\Crypto Pro\\AppCompat\\cpcrypt.dll"}
