{"EventID": "210", "Channel": "Microsoft-Windows-AppModel-Runtime/Admin", "Provider_Name": "Microsoft-Windows-AppModel-Runtime", "Computer": "DESKTOP-OFJ6N53", "TimeCreated": "2025-05-30 01:44:41.840233+00:00", "RecordID": "12205", "Level": "4", "UserID": "S-1-5-18", "EventData.PackageName": "Microsoft.YourPhone_1.25042.85.0_x64__8wekyb3d8bbwe", "EventData.ContainerName": "Microsoft.YourPhone_1.25042.85.0_x64__8wekyb3d8bbwe-S-1-5-21-963789628-1060504924-4285088085-1001", "EventData.ContainerId": "9b4f8450-3b59-11f0-a75f-005056b235ad"}
{"EventID": "211", "Channel": "Microsoft-Windows-AppModel-Runtime/Admin", "Provider_Name": "Microsoft-Windows-AppModel-Runtime", "Computer": "DESKTOP-OFJ6N53", "TimeCreated": "2025-05-30 01:44:41.840279+00:00", "RecordID": "12206", "Level": "4", "UserID": "S-1-5-18", "EventData.ProcessID": "10948", "EventData.PackageName": "Microsoft.YourPhone_1.25042.85.0_x64__8wekyb3d8bbwe", "EventData.ContainerId": "9b4f8450-3b59-11f0-a75f-005056b235ad"}
{"EventID": "70", "Channel": "Microsoft-Windows-AppModel-Runtime/Admin", "Provider_Name": "Microsoft-Windows-AppModel-Runtime", "Computer": "DESKTOP-OFJ6N53", "TimeCreated": "2025-05-30 07:15:55.958488+00:00", "RecordID": "12207", "Level": "4", "UserID": "S-1-5-18", "EventData.PackageFullName": "Microsoft.MicrosoftSolitaireCollection_4.22.4280.0_x64__8wekyb3d8bbwe", "EventData.User": "S-1-5-21-963789628-1060504924-4285088085-1001", "EventData.DesiredStatus": "32", "EventData.CurrentStatus": "0"}
{"EventID": "69", "Channel": "Microsoft-Windows-AppModel-Runtime/Admin", "Provider_Name": "Microsoft-Windows-AppModel-Runtime", "Computer": "DESKTOP-OFJ6N53", "TimeCreated": "2025-05-30 07:15:55.958725+00:00", "RecordID": "12208", "Level": "4", "UserID": "S-1-5-18", "EventData.ErrorCode": "1168", "EventData.PackageFullName": "Microsoft.MicrosoftSolitaireCollection_4.22.5200.0_x64__8wekyb3d8bbwe", "EventData.User": "S-1-5-21-963789628-1060504924-4285088085-1001", "EventData.DesiredStatus": "32", "EventData.CurrentStatus": "0"}
{"EventID": "42", "Channel": "Microsoft-Windows-AppModel-Runtime/Admin", "Provider_Name": "Microsoft-Windows-AppModel-Runtime", "Computer": "DESKTOP-OFJ6N53", "TimeCreated": "2025-05-30 07:15:56.609947+00:00", "RecordID": "12209", "Level": "4", "UserID": "S-1-5-21-963789628-1060504924-4285088085-1001", "EventData.AppContainerName": "Microsoft.MicrosoftSolitaireCollection_8wekyb3d8bbwe"}
{"EventID": "70", "Channel": "Microsoft-Windows-AppModel-Runtime/Admin", "Provider_Name": "Microsoft-Windows-AppModel-Runtime", "Computer": "DESKTOP-OFJ6N53", "TimeCreated": "2025-05-30 07:15:58.157366+00:00", "RecordID": "12210", "Level": "4", "UserID": "S-1-5-18", "EventData.PackageFullName": "Microsoft.MicrosoftSolitaireCollection_4.22.5200.0_x64__8wekyb3d8bbwe", "EventData.User": "S-1-5-21-963789628-1060504924-4285088085-1001", "EventData.DesiredStatus": "0", "EventData.CurrentStatus": "32"}
{"EventID": "70", "Channel": "Microsoft-Windows-AppModel-Runtime/Admin", "Provider_Name": "Microsoft-Windows-AppModel-Runtime", "Computer": "DESKTOP-OFJ6N53", "TimeCreated": "2025-05-30 07:15:59.368834+00:00", "RecordID": "12211", "Level": "4", "UserID": "S-1-5-18", "EventData.PackageFullName": "Microsoft.OutlookForWindows_1.2025.506.0_x64__8wekyb3d8bbwe", "EventData.User": "S-1-5-21-963789628-1060504924-4285088085-1001", "EventData.DesiredStatus": "32", "EventData.CurrentStatus": "0"}
{"EventID": "69", "Channel": "Microsoft-Windows-AppModel-Runtime/Admin", "Provider_Name": "Microsoft-Windows-AppModel-Runtime", "Computer": "DESKTOP-OFJ6N53", "TimeCreated": "2025-05-30 07:15:59.369102+00:00", "RecordID": "12212", "Level": "4", "UserID": "S-1-5-18", "EventData.ErrorCode": "1168", "EventData.PackageFullName": "Microsoft.OutlookForWindows_1.2025.522.0_x64__8wekyb3d8bbwe", "EventData.User": "S-1-5-21-963789628-1060504924-4285088085-1001", "EventData.DesiredStatus": "32", "EventData.CurrentStatus": "0"}
{"EventID": "42", "Channel": "Microsoft-Windows-AppModel-Runtime/Admin", "Provider_Name": "Microsoft-Windows-AppModel-Runtime", "Computer": "DESKTOP-OFJ6N53", "TimeCreated": "2025-05-30 07:15:59.547060+00:00", "RecordID": "12213", "Level": "4", "UserID": "S-1-5-21-963789628-1060504924-4285088085-1001", "EventData.AppContainerName": "Microsoft.OutlookForWindows_8wekyb3d8bbwe"}
{"EventID": "70", "Channel": "Microsoft-Windows-AppModel-Runtime/Admin", "Provider_Name": "Microsoft-Windows-AppModel-Runtime", "Computer": "DESKTOP-OFJ6N53", "TimeCreated": "2025-05-30 07:16:00.680315+00:00", "RecordID": "12214", "Level": "4", "UserID": "S-1-5-18", "EventData.PackageFullName": "Microsoft.OutlookForWindows_1.2025.522.0_x64__8wekyb3d8bbwe", "EventData.User": "S-1-5-21-963789628-1060504924-4285088085-1001", "EventData.DesiredStatus": "0", "EventData.CurrentStatus": "32"}
{"EventID": "70", "Channel": "Microsoft-Windows-AppModel-Runtime/Admin", "Provider_Name": "Microsoft-Windows-AppModel-Runtime", "Computer": "DESKTOP-OFJ6N53", "TimeCreated": "2025-05-30 07:16:01.803101+00:00", "RecordID": "12215", "Level": "4", "UserID": "S-1-5-18", "EventData.PackageFullName": "Microsoft.WindowsFeedbackHub_1.2503.11103.0_x64__8wekyb3d8bbwe", "EventData.User": "S-1-5-21-963789628-1060504924-4285088085-1001", "EventData.DesiredStatus": "32", "EventData.CurrentStatus": "0"}
{"EventID": "69", "Channel": "Microsoft-Windows-AppModel-Runtime/Admin", "Provider_Name": "Microsoft-Windows-AppModel-Runtime", "Computer": "DESKTOP-OFJ6N53", "TimeCreated": "2025-05-30 07:16:01.803335+00:00", "RecordID": "12216", "Level": "4", "UserID": "S-1-5-18", "EventData.ErrorCode": "1168", "EventData.PackageFullName": "Microsoft.WindowsFeedbackHub_1.2505.1101.0_x64__8wekyb3d8bbwe", "EventData.User": "S-1-5-21-963789628-1060504924-4285088085-1001", "EventData.DesiredStatus": "32", "EventData.CurrentStatus": "0"}
{"EventID": "42", "Channel": "Microsoft-Windows-AppModel-Runtime/Admin", "Provider_Name": "Microsoft-Windows-AppModel-Runtime", "Computer": "DESKTOP-OFJ6N53", "TimeCreated": "2025-05-30 07:16:02.082619+00:00", "RecordID": "12217", "Level": "4", "UserID": "S-1-5-21-963789628-1060504924-4285088085-1001", "EventData.AppContainerName": "Microsoft.WindowsFeedbackHub_8wekyb3d8bbwe"}
{"EventID": "70", "Channel": "Microsoft-Windows-AppModel-Runtime/Admin", "Provider_Name": "Microsoft-Windows-AppModel-Runtime", "Computer": "DESKTOP-OFJ6N53", "TimeCreated": "2025-05-30 07:16:03.749043+00:00", "RecordID": "12218", "Level": "4", "UserID": "S-1-5-18", "EventData.PackageFullName": "Microsoft.WindowsFeedbackHub_1.2505.1101.0_x64__8wekyb3d8bbwe", "EventData.User": "S-1-5-21-963789628-1060504924-4285088085-1001", "EventData.DesiredStatus": "0", "EventData.CurrentStatus": "32"}
{"EventID": "217", "Channel": "Microsoft-Windows-AppModel-Runtime/Admin", "Provider_Name": "Microsoft-Windows-AppModel-Runtime", "Computer": "DESKTOP-OFJ6N53", "TimeCreated": "2025-05-30 09:47:00.362061+00:00", "RecordID": "12219", "Level": "4", "UserID": "S-1-5-18", "EventData.PackageName": "Microsoft.YourPhone_1.25042.85.0_x64__8wekyb3d8bbwe", "EventData.ContainerId": "9b4f8450-3b59-11f0-a75f-005056b235ad"}
{"EventID": "210", "Channel": "Microsoft-Windows-AppModel-Runtime/Admin", "Provider_Name": "Microsoft-Windows-AppModel-Runtime", "Computer": "DESKTOP-OFJ6N53", "TimeCreated": "2025-05-30 13:44:36.474466+00:00", "RecordID": "12220", "Level": "4", "UserID": "S-1-5-18", "EventData.PackageName": "Microsoft.YourPhone_1.25042.85.0_x64__8wekyb3d8bbwe", "EventData.ContainerName": "Microsoft.YourPhone_1.25042.85.0_x64__8wekyb3d8bbwe-S-1-5-21-963789628-1060504924-4285088085-1001", "EventData.ContainerId": "9b4f8753-3b59-11f0-a75f-005056b235ad"}
{"EventID": "211", "Channel": "Microsoft-Windows-AppModel-Runtime/Admin", "Provider_Name": "Microsoft-Windows-AppModel-Runtime", "Computer": "DESKTOP-OFJ6N53", "TimeCreated": "2025-05-30 13:44:36.474514+00:00", "RecordID": "12221", "Level": "4", "UserID": "S-1-5-18", "EventData.ProcessID": "6228", "EventData.PackageName": "Microsoft.YourPhone_1.25042.85.0_x64__8wekyb3d8bbwe", "EventData.ContainerId": "9b4f8753-3b59-11f0-a75f-005056b235ad"}
{"EventID": "217", "Channel": "Microsoft-Windows-AppModel-Runtime/Admin", "Provider_Name": "Microsoft-Windows-AppModel-Runtime", "Computer": "DESKTOP-OFJ6N53", "TimeCreated": "2025-05-30 21:50:14.231733+00:00", "RecordID": "12222", "Level": "4", "UserID": "S-1-5-18", "EventData.PackageName": "Microsoft.YourPhone_1.25042.85.0_x64__8wekyb3d8bbwe", "EventData.ContainerId": "9b4f8753-3b59-11f0-a75f-005056b235ad"}
{"EventID": "210", "Channel": "Microsoft-Windows-AppModel-Runtime/Admin", "Provider_Name": "Microsoft-Windows-AppModel-Runtime", "Computer": "DESKTOP-OFJ6N53", "TimeCreated": "2025-05-31 01:45:06.754900+00:00", "RecordID": "12223", "Level": "4", "UserID": "S-1-5-18", "EventData.PackageName": "Microsoft.YourPhone_1.25042.85.0_x64__8wekyb3d8bbwe", "EventData.ContainerName": "Microsoft.YourPhone_1.25042.85.0_x64__8wekyb3d8bbwe-S-1-5-21-963789628-1060504924-4285088085-1001", "EventData.ContainerId": "9b4f8a22-3b59-11f0-a75f-005056b235ad"}
{"EventID": "211", "Channel": "Microsoft-Windows-AppModel-Runtime/Admin", "Provider_Name": "Microsoft-Windows-AppModel-Runtime", "Computer": "DESKTOP-OFJ6N53", "TimeCreated": "2025-05-31 01:45:06.754944+00:00", "RecordID": "12224", "Level": "4", "UserID": "S-1-5-18", "EventData.ProcessID": "11728", "EventData.PackageName": "Microsoft.YourPhone_1.25042.85.0_x64__8wekyb3d8bbwe", "EventData.ContainerId": "9b4f8a22-3b59-11f0-a75f-005056b235ad"}
{"EventID": "217", "Channel": "Microsoft-Windows-AppModel-Runtime/Admin", "Provider_Name": "Microsoft-Windows-AppModel-Runtime", "Computer": "DESKTOP-OFJ6N53", "TimeCreated": "2025-05-31 09:36:44.154781+00:00", "RecordID": "12225", "Level": "4", "UserID": "S-1-5-18", "EventData.PackageName": "Microsoft.YourPhone_1.25042.85.0_x64__8wekyb3d8bbwe", "EventData.ContainerId": "9b4f8a22-3b59-11f0-a75f-005056b235ad"}
{"EventID": "210", "Channel": "Microsoft-Windows-AppModel-Runtime/Admin", "Provider_Name": "Microsoft-Windows-AppModel-Runtime", "Computer": "DESKTOP-OFJ6N53", "TimeCreated": "2025-05-31 13:44:37.429283+00:00", "RecordID": "12226", "Level": "4", "UserID": "S-1-5-18", "EventData.PackageName": "Microsoft.YourPhone_1.25042.85.0_x64__8wekyb3d8bbwe", "EventData.ContainerName": "Microsoft.YourPhone_1.25042.85.0_x64__8wekyb3d8bbwe-S-1-5-21-963789628-1060504924-4285088085-1001", "EventData.ContainerId": "9b4f8c9c-3b59-11f0-a75f-005056b235ad"}
{"EventID": "211", "Channel": "Microsoft-Windows-AppModel-Runtime/Admin", "Provider_Name": "Microsoft-Windows-AppModel-Runtime", "Computer": "DESKTOP-OFJ6N53", "TimeCreated": "2025-05-31 13:44:37.429331+00:00", "RecordID": "12227", "Level": "4", "UserID": "S-1-5-18", "EventData.ProcessID": "380", "EventData.PackageName": "Microsoft.YourPhone_1.25042.85.0_x64__8wekyb3d8bbwe", "EventData.ContainerId": "9b4f8c9c-3b59-11f0-a75f-005056b235ad"}
{"EventID": "217", "Channel": "Microsoft-Windows-AppModel-Runtime/Admin", "Provider_Name": "Microsoft-Windows-AppModel-Runtime", "Computer": "DESKTOP-OFJ6N53", "TimeCreated": "2025-05-31 21:35:53.657469+00:00", "RecordID": "12228", "Level": "4", "UserID": "S-1-5-18", "EventData.PackageName": "Microsoft.YourPhone_1.25042.85.0_x64__8wekyb3d8bbwe", "EventData.ContainerId": "9b4f8c9c-3b59-11f0-a75f-005056b235ad"}
{"EventID": "70", "Channel": "Microsoft-Windows-AppModel-Runtime/Admin", "Provider_Name": "Microsoft-Windows-AppModel-Runtime", "Computer": "DESKTOP-OFJ6N53", "TimeCreated": "2025-06-01 01:39:52.678339+00:00", "RecordID": "12229", "Level": "4", "UserID": "S-1-5-18", "EventData.PackageFullName": "Microsoft.MicrosoftOfficeHub_19.2505.51095.0_x64__8wekyb3d8bbwe", "EventData.User": "S-1-5-21-963789628-1060504924-4285088085-1001", "EventData.DesiredStatus": "32", "EventData.CurrentStatus": "0"}
{"EventID": "69", "Channel": "Microsoft-Windows-AppModel-Runtime/Admin", "Provider_Name": "Microsoft-Windows-AppModel-Runtime", "Computer": "DESKTOP-OFJ6N53", "TimeCreated": "2025-06-01 01:39:52.678528+00:00", "RecordID": "12230", "Level": "4", "UserID": "S-1-5-18", "EventData.ErrorCode": "1168", "EventData.PackageFullName": "Microsoft.MicrosoftOfficeHub_19.2505.58111.0_x64__8wekyb3d8bbwe", "EventData.User": "S-1-5-21-963789628-1060504924-4285088085-1001", "EventData.DesiredStatus": "32", "EventData.CurrentStatus": "0"}
{"EventID": "42", "Channel": "Microsoft-Windows-AppModel-Runtime/Admin", "Provider_Name": "Microsoft-Windows-AppModel-Runtime", "Computer": "DESKTOP-OFJ6N53", "TimeCreated": "2025-06-01 01:39:53.022238+00:00", "RecordID": "12231", "Level": "4", "UserID": "S-1-5-21-963789628-1060504924-4285088085-1001", "EventData.AppContainerName": "Microsoft.MicrosoftOfficeHub_8wekyb3d8bbwe"}
{"EventID": "70", "Channel": "Microsoft-Windows-AppModel-Runtime/Admin", "Provider_Name": "Microsoft-Windows-AppModel-Runtime", "Computer": "DESKTOP-OFJ6N53", "TimeCreated": "2025-06-01 01:39:53.790604+00:00", "RecordID": "12232", "Level": "4", "UserID": "S-1-5-18", "EventData.PackageFullName": "Microsoft.MicrosoftOfficeHub_19.2505.58111.0_x64__8wekyb3d8bbwe", "EventData.User": "S-1-5-21-963789628-1060504924-4285088085-1001", "EventData.DesiredStatus": "0", "EventData.CurrentStatus": "32"}
{"EventID": "210", "Channel": "Microsoft-Windows-AppModel-Runtime/Admin", "Provider_Name": "Microsoft-Windows-AppModel-Runtime", "Computer": "DESKTOP-OFJ6N53", "TimeCreated": "2025-06-01 01:44:41.631941+00:00", "RecordID": "12233", "Level": "4", "UserID": "S-1-5-18", "EventData.PackageName": "Microsoft.YourPhone_1.25042.85.0_x64__8wekyb3d8bbwe", "EventData.ContainerName": "Microsoft.YourPhone_1.25042.85.0_x64__8wekyb3d8bbwe-S-1-5-21-963789628-1060504924-4285088085-1001", "EventData.ContainerId": "9b4f8f35-3b59-11f0-a75f-005056b235ad"}
{"EventID": "211", "Channel": "Microsoft-Windows-AppModel-Runtime/Admin", "Provider_Name": "Microsoft-Windows-AppModel-Runtime", "Computer": "DESKTOP-OFJ6N53", "TimeCreated": "2025-06-01 01:44:41.632000+00:00", "RecordID": "12234", "Level": "4", "UserID": "S-1-5-18", "EventData.ProcessID": "12216", "EventData.PackageName": "Microsoft.YourPhone_1.25042.85.0_x64__8wekyb3d8bbwe", "EventData.ContainerId": "9b4f8f35-3b59-11f0-a75f-005056b235ad"}
{"EventID": "210", "Channel": "Microsoft-Windows-AppModel-Runtime/Admin", "Provider_Name": "Microsoft-Windows-AppModel-Runtime", "Computer": "DESKTOP-OFJ6N53", "TimeCreated": "2025-06-01 08:21:55.163006+00:00", "RecordID": "12235", "Level": "4", "UserID": "S-1-5-18", "EventData.PackageName": "Microsoft.DesktopAppInstaller_1.25.390.0_x64__8wekyb3d8bbwe", "EventData.ContainerName": "Microsoft.DesktopAppInstaller_1.25.390.0_x64__8wekyb3d8bbwe-S-1-5-21-963789628-1060504924-4285088085-1001", "EventData.ContainerId": "9b4f90c9-3b59-11f0-a75f-005056b235ad"}
{"EventID": "211", "Channel": "Microsoft-Windows-AppModel-Runtime/Admin", "Provider_Name": "Microsoft-Windows-AppModel-Runtime", "Computer": "DESKTOP-OFJ6N53", "TimeCreated": "2025-06-01 08:21:55.163050+00:00", "RecordID": "12236", "Level": "4", "UserID": "S-1-5-18", "EventData.ProcessID": "9788", "EventData.PackageName": "Microsoft.DesktopAppInstaller_1.25.390.0_x64__8wekyb3d8bbwe", "EventData.ContainerId": "9b4f90c9-3b59-11f0-a75f-005056b235ad"}
{"EventID": "217", "Channel": "Microsoft-Windows-AppModel-Runtime/Admin", "Provider_Name": "Microsoft-Windows-AppModel-Runtime", "Computer": "DESKTOP-OFJ6N53", "TimeCreated": "2025-06-01 09:10:09.847116+00:00", "RecordID": "12237", "Level": "4", "UserID": "S-1-5-18", "EventData.PackageName": "Microsoft.YourPhone_1.25042.85.0_x64__8wekyb3d8bbwe", "EventData.ContainerId": "9b4f8f35-3b59-11f0-a75f-005056b235ad"}
{"EventID": "210", "Channel": "Microsoft-Windows-AppModel-Runtime/Admin", "Provider_Name": "Microsoft-Windows-AppModel-Runtime", "Computer": "DESKTOP-OFJ6N53", "TimeCreated": "2025-06-01 13:57:48.322018+00:00", "RecordID": "12238", "Level": "4", "UserID": "S-1-5-18", "EventData.PackageName": "Microsoft.YourPhone_1.25042.85.0_x64__8wekyb3d8bbwe", "EventData.ContainerName": "Microsoft.YourPhone_1.25042.85.0_x64__8wekyb3d8bbwe-S-1-5-21-963789628-1060504924-4285088085-1001", "EventData.ContainerId": "9b4f9304-3b59-11f0-a75f-005056b235ad"}
{"EventID": "211", "Channel": "Microsoft-Windows-AppModel-Runtime/Admin", "Provider_Name": "Microsoft-Windows-AppModel-Runtime", "Computer": "DESKTOP-OFJ6N53", "TimeCreated": "2025-06-01 13:57:48.322058+00:00", "RecordID": "12239", "Level": "4", "UserID": "S-1-5-18", "EventData.ProcessID": "14052", "EventData.PackageName": "Microsoft.YourPhone_1.25042.85.0_x64__8wekyb3d8bbwe", "EventData.ContainerId": "9b4f9304-3b59-11f0-a75f-005056b235ad"}
{"EventID": "217", "Channel": "Microsoft-Windows-AppModel-Runtime/Admin", "Provider_Name": "Microsoft-Windows-AppModel-Runtime", "Computer": "DESKTOP-OFJ6N53", "TimeCreated": "2025-06-01 22:04:14.853941+00:00", "RecordID": "12240", "Level": "4", "UserID": "S-1-5-18", "EventData.PackageName": "Microsoft.YourPhone_1.25042.85.0_x64__8wekyb3d8bbwe", "EventData.ContainerId": "9b4f9304-3b59-11f0-a75f-005056b235ad"}
{"EventID": "210", "Channel": "Microsoft-Windows-AppModel-Runtime/Admin", "Provider_Name": "Microsoft-Windows-AppModel-Runtime", "Computer": "DESKTOP-OFJ6N53", "TimeCreated": "2025-06-02 01:57:59.289436+00:00", "RecordID": "12241", "Level": "4", "UserID": "S-1-5-18", "EventData.PackageName": "Microsoft.YourPhone_1.25042.85.0_x64__8wekyb3d8bbwe", "EventData.ContainerName": "Microsoft.YourPhone_1.25042.85.0_x64__8wekyb3d8bbwe-S-1-5-21-963789628-1060504924-4285088085-1001", "EventData.ContainerId": "9b4f96a6-3b59-11f0-a75f-005056b235ad"}
{"EventID": "211", "Channel": "Microsoft-Windows-AppModel-Runtime/Admin", "Provider_Name": "Microsoft-Windows-AppModel-Runtime", "Computer": "DESKTOP-OFJ6N53", "TimeCreated": "2025-06-02 01:57:59.289478+00:00", "RecordID": "12242", "Level": "4", "UserID": "S-1-5-18", "EventData.ProcessID": "13928", "EventData.PackageName": "Microsoft.YourPhone_1.25042.85.0_x64__8wekyb3d8bbwe", "EventData.ContainerId": "9b4f96a6-3b59-11f0-a75f-005056b235ad"}
{"EventID": "217", "Channel": "Microsoft-Windows-AppModel-Runtime/Admin", "Provider_Name": "Microsoft-Windows-AppModel-Runtime", "Computer": "DESKTOP-OFJ6N53", "TimeCreated": "2025-06-02 10:00:08.335424+00:00", "RecordID": "12243", "Level": "4", "UserID": "S-1-5-18", "EventData.PackageName": "Microsoft.YourPhone_1.25042.85.0_x64__8wekyb3d8bbwe", "EventData.ContainerId": "9b4f96a6-3b59-11f0-a75f-005056b235ad"}
{"EventID": "210", "Channel": "Microsoft-Windows-AppModel-Runtime/Admin", "Provider_Name": "Microsoft-Windows-AppModel-Runtime", "Computer": "DESKTOP-OFJ6N53", "TimeCreated": "2025-06-02 13:57:50.166426+00:00", "RecordID": "12244", "Level": "4", "UserID": "S-1-5-18", "EventData.PackageName": "Microsoft.YourPhone_1.25042.85.0_x64__8wekyb3d8bbwe", "EventData.ContainerName": "Microsoft.YourPhone_1.25042.85.0_x64__8wekyb3d8bbwe-S-1-5-21-963789628-1060504924-4285088085-1001", "EventData.ContainerId": "9b4f9a0a-3b59-11f0-a75f-005056b235ad"}
{"EventID": "211", "Channel": "Microsoft-Windows-AppModel-Runtime/Admin", "Provider_Name": "Microsoft-Windows-AppModel-Runtime", "Computer": "DESKTOP-OFJ6N53", "TimeCreated": "2025-06-02 13:57:50.166466+00:00", "RecordID": "12245", "Level": "4", "UserID": "S-1-5-18", "EventData.ProcessID": "13968", "EventData.PackageName": "Microsoft.YourPhone_1.25042.85.0_x64__8wekyb3d8bbwe", "EventData.ContainerId": "9b4f9a0a-3b59-11f0-a75f-005056b235ad"}
{"EventID": "217", "Channel": "Microsoft-Windows-AppModel-Runtime/Admin", "Provider_Name": "Microsoft-Windows-AppModel-Runtime", "Computer": "DESKTOP-OFJ6N53", "TimeCreated": "2025-06-02 21:49:05.801796+00:00", "RecordID": "12246", "Level": "4", "UserID": "S-1-5-18", "EventData.PackageName": "Microsoft.YourPhone_1.25042.85.0_x64__8wekyb3d8bbwe", "EventData.ContainerId": "9b4f9a0a-3b59-11f0-a75f-005056b235ad"}
{"EventID": "210", "Channel": "Microsoft-Windows-AppModel-Runtime/Admin", "Provider_Name": "Microsoft-Windows-AppModel-Runtime", "Computer": "DESKTOP-OFJ6N53", "TimeCreated": "2025-06-03 01:48:26.563511+00:00", "RecordID": "12247", "Level": "4", "UserID": "S-1-5-18", "EventData.PackageName": "Microsoft.YourPhone_1.25042.85.0_x64__8wekyb3d8bbwe", "EventData.ContainerName": "Microsoft.YourPhone_1.25042.85.0_x64__8wekyb3d8bbwe-S-1-5-21-963789628-1060504924-4285088085-1001", "EventData.ContainerId": "9b4f9d80-3b59-11f0-a75f-005056b235ad"}
{"EventID": "211", "Channel": "Microsoft-Windows-AppModel-Runtime/Admin", "Provider_Name": "Microsoft-Windows-AppModel-Runtime", "Computer": "DESKTOP-OFJ6N53", "TimeCreated": "2025-06-03 01:48:26.563568+00:00", "RecordID": "12248", "Level": "4", "UserID": "S-1-5-18", "EventData.ProcessID": "924", "EventData.PackageName": "Microsoft.YourPhone_1.25042.85.0_x64__8wekyb3d8bbwe", "EventData.ContainerId": "9b4f9d80-3b59-11f0-a75f-005056b235ad"}
{"EventID": "217", "Channel": "Microsoft-Windows-AppModel-Runtime/Admin", "Provider_Name": "Microsoft-Windows-AppModel-Runtime", "Computer": "DESKTOP-OFJ6N53", "TimeCreated": "2025-06-03 09:50:33.485161+00:00", "RecordID": "12249", "Level": "4", "UserID": "S-1-5-18", "EventData.PackageName": "Microsoft.YourPhone_1.25042.85.0_x64__8wekyb3d8bbwe", "EventData.ContainerId": "9b4f9d80-3b59-11f0-a75f-005056b235ad"}
{"EventID": "210", "Channel": "Microsoft-Windows-AppModel-Runtime/Admin", "Provider_Name": "Microsoft-Windows-AppModel-Runtime", "Computer": "DESKTOP-OFJ6N53", "TimeCreated": "2025-06-03 13:45:01.179302+00:00", "RecordID": "12250", "Level": "4", "UserID": "S-1-5-18", "EventData.PackageName": "Microsoft.YourPhone_1.25042.85.0_x64__8wekyb3d8bbwe", "EventData.ContainerName": "Microsoft.YourPhone_1.25042.85.0_x64__8wekyb3d8bbwe-S-1-5-21-963789628-1060504924-4285088085-1001", "EventData.ContainerId": "94f9446b-4041-11f0-a75f-005056b235ad"}
{"EventID": "211", "Channel": "Microsoft-Windows-AppModel-Runtime/Admin", "Provider_Name": "Microsoft-Windows-AppModel-Runtime", "Computer": "DESKTOP-OFJ6N53", "TimeCreated": "2025-06-03 13:45:01.179358+00:00", "RecordID": "12251", "Level": "4", "UserID": "S-1-5-18", "EventData.ProcessID": "10924", "EventData.PackageName": "Microsoft.YourPhone_1.25042.85.0_x64__8wekyb3d8bbwe", "EventData.ContainerId": "94f9446b-4041-11f0-a75f-005056b235ad"}
{"EventID": "70", "Channel": "Microsoft-Windows-AppModel-Runtime/Admin", "Provider_Name": "Microsoft-Windows-AppModel-Runtime", "Computer": "DESKTOP-OFJ6N53", "TimeCreated": "2025-06-03 19:34:16.479168+00:00", "RecordID": "12252", "Level": "4", "UserID": "S-1-5-18", "EventData.PackageFullName": "Microsoft.VP9VideoExtensions_1.2.2.0_x64__8wekyb3d8bbwe", "EventData.User": "S-1-5-21-963789628-1060504924-4285088085-1001", "EventData.DesiredStatus": "32", "EventData.CurrentStatus": "0"}
{"EventID": "69", "Channel": "Microsoft-Windows-AppModel-Runtime/Admin", "Provider_Name": "Microsoft-Windows-AppModel-Runtime", "Computer": "DESKTOP-OFJ6N53", "TimeCreated": "2025-06-03 19:34:16.479328+00:00", "RecordID": "12253", "Level": "4", "UserID": "S-1-5-18", "EventData.ErrorCode": "1168", "EventData.PackageFullName": "Microsoft.VP9VideoExtensions_1.2.6.0_x64__8wekyb3d8bbwe", "EventData.User": "S-1-5-21-963789628-1060504924-4285088085-1001", "EventData.DesiredStatus": "32", "EventData.CurrentStatus": "0"}
{"EventID": "42", "Channel": "Microsoft-Windows-AppModel-Runtime/Admin", "Provider_Name": "Microsoft-Windows-AppModel-Runtime", "Computer": "DESKTOP-OFJ6N53", "TimeCreated": "2025-06-03 19:34:16.849930+00:00", "RecordID": "12254", "Level": "4", "UserID": "S-1-5-21-963789628-1060504924-4285088085-1001", "EventData.AppContainerName": "Microsoft.VP9VideoExtensions_8wekyb3d8bbwe"}
{"EventID": "70", "Channel": "Microsoft-Windows-AppModel-Runtime/Admin", "Provider_Name": "Microsoft-Windows-AppModel-Runtime", "Computer": "DESKTOP-OFJ6N53", "TimeCreated": "2025-06-03 19:34:17.802103+00:00", "RecordID": "12255", "Level": "4", "UserID": "S-1-5-18", "EventData.PackageFullName": "Microsoft.VP9VideoExtensions_1.2.6.0_x64__8wekyb3d8bbwe", "EventData.User": "S-1-5-21-963789628-1060504924-4285088085-1001", "EventData.DesiredStatus": "0", "EventData.CurrentStatus": "32"}
{"EventID": "70", "Channel": "Microsoft-Windows-AppModel-Runtime/Admin", "Provider_Name": "Microsoft-Windows-AppModel-Runtime", "Computer": "DESKTOP-OFJ6N53", "TimeCreated": "2025-06-03 19:34:19.459522+00:00", "RecordID": "12256", "Level": "4", "UserID": "S-1-5-18", "EventData.PackageFullName": "Microsoft.StorePurchaseApp_22504.1401.3.0_x64__8wekyb3d8bbwe", "EventData.User": "S-1-5-21-963789628-1060504924-4285088085-1001", "EventData.DesiredStatus": "32", "EventData.CurrentStatus": "0"}
{"EventID": "69", "Channel": "Microsoft-Windows-AppModel-Runtime/Admin", "Provider_Name": "Microsoft-Windows-AppModel-Runtime", "Computer": "DESKTOP-OFJ6N53", "TimeCreated": "2025-06-03 19:34:19.459730+00:00", "RecordID": "12257", "Level": "4", "UserID": "S-1-5-18", "EventData.ErrorCode": "1168", "EventData.PackageFullName": "Microsoft.StorePurchaseApp_22504.1401.4.0_x64__8wekyb3d8bbwe", "EventData.User": "S-1-5-21-963789628-1060504924-4285088085-1001", "EventData.DesiredStatus": "32", "EventData.CurrentStatus": "0"}
{"EventID": "42", "Channel": "Microsoft-Windows-AppModel-Runtime/Admin", "Provider_Name": "Microsoft-Windows-AppModel-Runtime", "Computer": "DESKTOP-OFJ6N53", "TimeCreated": "2025-06-03 19:34:19.728489+00:00", "RecordID": "12258", "Level": "4", "UserID": "S-1-5-21-963789628-1060504924-4285088085-1001", "EventData.AppContainerName": "Microsoft.StorePurchaseApp_8wekyb3d8bbwe"}
{"EventID": "70", "Channel": "Microsoft-Windows-AppModel-Runtime/Admin", "Provider_Name": "Microsoft-Windows-AppModel-Runtime", "Computer": "DESKTOP-OFJ6N53", "TimeCreated": "2025-06-03 19:34:20.541636+00:00", "RecordID": "12259", "Level": "4", "UserID": "S-1-5-18", "EventData.PackageFullName": "Microsoft.StorePurchaseApp_22504.1401.4.0_x64__8wekyb3d8bbwe", "EventData.User": "S-1-5-21-963789628-1060504924-4285088085-1001", "EventData.DesiredStatus": "0", "EventData.CurrentStatus": "32"}
{"EventID": "217", "Channel": "Microsoft-Windows-AppModel-Runtime/Admin", "Provider_Name": "Microsoft-Windows-AppModel-Runtime", "Computer": "DESKTOP-OFJ6N53", "TimeCreated": "2025-06-03 21:47:57.924358+00:00", "RecordID": "12260", "Level": "4", "UserID": "S-1-5-18", "EventData.PackageName": "Microsoft.YourPhone_1.25042.85.0_x64__8wekyb3d8bbwe", "EventData.ContainerId": "94f9446b-4041-11f0-a75f-005056b235ad"}
{"EventID": "210", "Channel": "Microsoft-Windows-AppModel-Runtime/Admin", "Provider_Name": "Microsoft-Windows-AppModel-Runtime", "Computer": "DESKTOP-OFJ6N53", "TimeCreated": "2025-06-04 01:44:58.618963+00:00", "RecordID": "12261", "Level": "4", "UserID": "S-1-5-18", "EventData.PackageName": "Microsoft.YourPhone_1.25042.85.0_x64__8wekyb3d8bbwe", "EventData.ContainerName": "Microsoft.YourPhone_1.25042.85.0_x64__8wekyb3d8bbwe-S-1-5-21-963789628-1060504924-4285088085-1001", "EventData.ContainerId": "94f9480d-4041-11f0-a75f-005056b235ad"}
{"EventID": "211", "Channel": "Microsoft-Windows-AppModel-Runtime/Admin", "Provider_Name": "Microsoft-Windows-AppModel-Runtime", "Computer": "DESKTOP-OFJ6N53", "TimeCreated": "2025-06-04 01:44:58.619003+00:00", "RecordID": "12262", "Level": "4", "UserID": "S-1-5-18", "EventData.ProcessID": "12976", "EventData.PackageName": "Microsoft.YourPhone_1.25042.85.0_x64__8wekyb3d8bbwe", "EventData.ContainerId": "94f9480d-4041-11f0-a75f-005056b235ad"}
{"EventID": "217", "Channel": "Microsoft-Windows-AppModel-Runtime/Admin", "Provider_Name": "Microsoft-Windows-AppModel-Runtime", "Computer": "DESKTOP-OFJ6N53", "TimeCreated": "2025-06-04 09:47:27.738729+00:00", "RecordID": "12263", "Level": "4", "UserID": "S-1-5-18", "EventData.PackageName": "Microsoft.YourPhone_1.25042.85.0_x64__8wekyb3d8bbwe", "EventData.ContainerId": "94f9480d-4041-11f0-a75f-005056b235ad"}
{"EventID": "210", "Channel": "Microsoft-Windows-AppModel-Runtime/Admin", "Provider_Name": "Microsoft-Windows-AppModel-Runtime", "Computer": "DESKTOP-OFJ6N53", "TimeCreated": "2025-06-04 10:28:30.305241+00:00", "RecordID": "12264", "Level": "4", "UserID": "S-1-5-18", "EventData.PackageName": "Microsoft.YourPhone_1.25042.85.0_x64__8wekyb3d8bbwe", "EventData.ContainerName": "Microsoft.YourPhone_1.25042.85.0_x64__8wekyb3d8bbwe-S-1-5-21-963789628-1060504924-4285088085-1001", "EventData.ContainerId": "94f94aa5-4041-11f0-a75f-005056b235ad"}
{"EventID": "211", "Channel": "Microsoft-Windows-AppModel-Runtime/Admin", "Provider_Name": "Microsoft-Windows-AppModel-Runtime", "Computer": "DESKTOP-OFJ6N53", "TimeCreated": "2025-06-04 10:28:30.305273+00:00", "RecordID": "12265", "Level": "4", "UserID": "S-1-5-18", "EventData.ProcessID": "8864", "EventData.PackageName": "Microsoft.YourPhone_1.25042.85.0_x64__8wekyb3d8bbwe", "EventData.ContainerId": "94f94aa5-4041-11f0-a75f-005056b235ad"}
{"EventID": "211", "Channel": "Microsoft-Windows-AppModel-Runtime/Admin", "Provider_Name": "Microsoft-Windows-AppModel-Runtime", "Computer": "DESKTOP-OFJ6N53", "TimeCreated": "2025-06-04 10:29:36.364491+00:00", "RecordID": "12266", "Level": "4", "UserID": "S-1-5-18", "EventData.ProcessID": "14328", "EventData.PackageName": "Microsoft.DesktopAppInstaller_1.25.390.0_x64__8wekyb3d8bbwe", "EventData.ContainerId": "9b4f90c9-3b59-11f0-a75f-005056b235ad"}
{"EventID": "201", "Channel": "Microsoft-Windows-AppModel-Runtime/Admin", "Provider_Name": "Microsoft-Windows-AppModel-Runtime", "Computer": "DESKTOP-OFJ6N53", "TimeCreated": "2025-06-04 10:29:36.365311+00:00", "RecordID": "12267", "Level": "4", "UserID": "S-1-5-18", "EventData.ProcessID": "14328", "EventData.PackageName": "Microsoft.DesktopAppInstaller_1.25.390.0_x64__8wekyb3d8bbwe", "EventData.ImageName": "AppInstallerPythonRedirector.exe", "EventData.ApplicationName": "Microsoft.DesktopAppInstaller_8wekyb3d8bbwe!PythonRedirector", "EventData.Message": "[FinishPackageActivation]"}
{"EventID": "211", "Channel": "Microsoft-Windows-AppModel-Runtime/Admin", "Provider_Name": "Microsoft-Windows-AppModel-Runtime", "Computer": "DESKTOP-OFJ6N53", "TimeCreated": "2025-06-04 10:29:47.479460+00:00", "RecordID": "12268", "Level": "4", "UserID": "S-1-5-18", "EventData.ProcessID": "7588", "EventData.PackageName": "Microsoft.DesktopAppInstaller_1.25.390.0_x64__8wekyb3d8bbwe", "EventData.ContainerId": "9b4f90c9-3b59-11f0-a75f-005056b235ad"}
{"EventID": "201", "Channel": "Microsoft-Windows-AppModel-Runtime/Admin", "Provider_Name": "Microsoft-Windows-AppModel-Runtime", "Computer": "DESKTOP-OFJ6N53", "TimeCreated": "2025-06-04 10:29:47.480312+00:00", "RecordID": "12269", "Level": "4", "UserID": "S-1-5-18", "EventData.ProcessID": "7588", "EventData.PackageName": "Microsoft.DesktopAppInstaller_1.25.390.0_x64__8wekyb3d8bbwe", "EventData.ImageName": "AppInstallerPythonRedirector.exe", "EventData.ApplicationName": "Microsoft.DesktopAppInstaller_8wekyb3d8bbwe!PythonRedirector", "EventData.Message": "[FinishPackageActivation]"}
{"EventID": "211", "Channel": "Microsoft-Windows-AppModel-Runtime/Admin", "Provider_Name": "Microsoft-Windows-AppModel-Runtime", "Computer": "DESKTOP-OFJ6N53", "TimeCreated": "2025-06-04 10:30:39.124172+00:00", "RecordID": "12270", "Level": "4", "UserID": "S-1-5-18", "EventData.ProcessID": "10840", "EventData.PackageName": "Microsoft.DesktopAppInstaller_1.25.390.0_x64__8wekyb3d8bbwe", "EventData.ContainerId": "9b4f90c9-3b59-11f0-a75f-005056b235ad"}
{"EventID": "201", "Channel": "Microsoft-Windows-AppModel-Runtime/Admin", "Provider_Name": "Microsoft-Windows-AppModel-Runtime", "Computer": "DESKTOP-OFJ6N53", "TimeCreated": "2025-06-04 10:30:39.125080+00:00", "RecordID": "12271", "Level": "4", "UserID": "S-1-5-18", "EventData.ProcessID": "10840", "EventData.PackageName": "Microsoft.DesktopAppInstaller_1.25.390.0_x64__8wekyb3d8bbwe", "EventData.ImageName": "AppInstallerPythonRedirector.exe", "EventData.ApplicationName": "Microsoft.DesktopAppInstaller_8wekyb3d8bbwe!PythonRedirector", "EventData.Message": "[FinishPackageActivation]"}
{"EventID": "211", "Channel": "Microsoft-Windows-AppModel-Runtime/Admin", "Provider_Name": "Microsoft-Windows-AppModel-Runtime", "Computer": "DESKTOP-OFJ6N53", "TimeCreated": "2025-06-04 10:31:01.212271+00:00", "RecordID": "12272", "Level": "4", "UserID": "S-1-5-18", "EventData.ProcessID": "10504", "EventData.PackageName": "Microsoft.DesktopAppInstaller_1.25.390.0_x64__8wekyb3d8bbwe", "EventData.ContainerId": "9b4f90c9-3b59-11f0-a75f-005056b235ad"}
{"EventID": "201", "Channel": "Microsoft-Windows-AppModel-Runtime/Admin", "Provider_Name": "Microsoft-Windows-AppModel-Runtime", "Computer": "DESKTOP-OFJ6N53", "TimeCreated": "2025-06-04 10:31:01.213188+00:00", "RecordID": "12273", "Level": "4", "UserID": "S-1-5-18", "EventData.ProcessID": "10504", "EventData.PackageName": "Microsoft.DesktopAppInstaller_1.25.390.0_x64__8wekyb3d8bbwe", "EventData.ImageName": "AppInstallerPythonRedirector.exe", "EventData.ApplicationName": "Microsoft.DesktopAppInstaller_8wekyb3d8bbwe!PythonRedirector", "EventData.Message": "[FinishPackageActivation]"}
{"EventID": "217", "Channel": "Microsoft-Windows-AppModel-Runtime/Admin", "Provider_Name": "Microsoft-Windows-AppModel-Runtime", "Computer": "DESKTOP-OFJ6N53", "TimeCreated": "2025-06-04 15:05:40.531031+00:00", "RecordID": "12274", "Level": "4", "UserID": "S-1-5-18", "EventData.PackageName": "Microsoft.YourPhone_1.25042.85.0_x64__8wekyb3d8bbwe", "EventData.ContainerId": "94f94aa5-4041-11f0-a75f-005056b235ad"}
{"EventID": "210", "Channel": "Microsoft-Windows-AppModel-Runtime/Admin", "Provider_Name": "Microsoft-Windows-AppModel-Runtime", "Computer": "DESKTOP-OFJ6N53", "TimeCreated": "2025-06-05 01:44:48.319468+00:00", "RecordID": "12275", "Level": "4", "UserID": "S-1-5-18", "EventData.PackageName": "Microsoft.YourPhone_1.25042.85.0_x64__8wekyb3d8bbwe", "EventData.ContainerName": "Microsoft.YourPhone_1.25042.85.0_x64__8wekyb3d8bbwe-S-1-5-21-963789628-1060504924-4285088085-1001", "EventData.ContainerId": "94f9507a-4041-11f0-a75f-005056b235ad"}
{"EventID": "211", "Channel": "Microsoft-Windows-AppModel-Runtime/Admin", "Provider_Name": "Microsoft-Windows-AppModel-Runtime", "Computer": "DESKTOP-OFJ6N53", "TimeCreated": "2025-06-05 01:44:48.319508+00:00", "RecordID": "12276", "Level": "4", "UserID": "S-1-5-18", "EventData.ProcessID": "11444", "EventData.PackageName": "Microsoft.YourPhone_1.25042.85.0_x64__8wekyb3d8bbwe", "EventData.ContainerId": "94f9507a-4041-11f0-a75f-005056b235ad"}
{"EventID": "217", "Channel": "Microsoft-Windows-AppModel-Runtime/Admin", "Provider_Name": "Microsoft-Windows-AppModel-Runtime", "Computer": "DESKTOP-OFJ6N53", "TimeCreated": "2025-06-05 09:50:55.070822+00:00", "RecordID": "12277", "Level": "4", "UserID": "S-1-5-18", "EventData.PackageName": "Microsoft.YourPhone_1.25042.85.0_x64__8wekyb3d8bbwe", "EventData.ContainerId": "94f9507a-4041-11f0-a75f-005056b235ad"}
{"EventID": "210", "Channel": "Microsoft-Windows-AppModel-Runtime/Admin", "Provider_Name": "Microsoft-Windows-AppModel-Runtime", "Computer": "DESKTOP-OFJ6N53", "TimeCreated": "2025-06-05 13:44:17.753756+00:00", "RecordID": "12278", "Level": "4", "UserID": "S-1-5-18", "EventData.PackageName": "Microsoft.YourPhone_1.25042.85.0_x64__8wekyb3d8bbwe", "EventData.ContainerName": "Microsoft.YourPhone_1.25042.85.0_x64__8wekyb3d8bbwe-S-1-5-21-963789628-1060504924-4285088085-1001", "EventData.ContainerId": "94f9534b-4041-11f0-a75f-005056b235ad"}
{"EventID": "211", "Channel": "Microsoft-Windows-AppModel-Runtime/Admin", "Provider_Name": "Microsoft-Windows-AppModel-Runtime", "Computer": "DESKTOP-OFJ6N53", "TimeCreated": "2025-06-05 13:44:17.753819+00:00", "RecordID": "12279", "Level": "4", "UserID": "S-1-5-18", "EventData.ProcessID": "12756", "EventData.PackageName": "Microsoft.YourPhone_1.25042.85.0_x64__8wekyb3d8bbwe", "EventData.ContainerId": "94f9534b-4041-11f0-a75f-005056b235ad"}
{"EventID": "70", "Channel": "Microsoft-Windows-AppModel-Runtime/Admin", "Provider_Name": "Microsoft-Windows-AppModel-Runtime", "Computer": "DESKTOP-OFJ6N53", "TimeCreated": "2025-06-05 20:33:44.269600+00:00", "RecordID": "12280", "Level": "4", "UserID": "S-1-5-18", "EventData.PackageFullName": "Microsoft.MicrosoftOfficeHub_19.2505.58111.0_x64__8wekyb3d8bbwe", "EventData.User": "S-1-5-21-963789628-1060504924-4285088085-1001", "EventData.DesiredStatus": "32", "EventData.CurrentStatus": "0"}
{"EventID": "69", "Channel": "Microsoft-Windows-AppModel-Runtime/Admin", "Provider_Name": "Microsoft-Windows-AppModel-Runtime", "Computer": "DESKTOP-OFJ6N53", "TimeCreated": "2025-06-05 20:33:44.269810+00:00", "RecordID": "12281", "Level": "4", "UserID": "S-1-5-18", "EventData.ErrorCode": "1168", "EventData.PackageFullName": "Microsoft.MicrosoftOfficeHub_19.2506.33061.0_x64__8wekyb3d8bbwe", "EventData.User": "S-1-5-21-963789628-1060504924-4285088085-1001", "EventData.DesiredStatus": "32", "EventData.CurrentStatus": "0"}
{"EventID": "42", "Channel": "Microsoft-Windows-AppModel-Runtime/Admin", "Provider_Name": "Microsoft-Windows-AppModel-Runtime", "Computer": "DESKTOP-OFJ6N53", "TimeCreated": "2025-06-05 20:33:44.762056+00:00", "RecordID": "12282", "Level": "4", "UserID": "S-1-5-21-963789628-1060504924-4285088085-1001", "EventData.AppContainerName": "Microsoft.MicrosoftOfficeHub_8wekyb3d8bbwe"}
{"EventID": "70", "Channel": "Microsoft-Windows-AppModel-Runtime/Admin", "Provider_Name": "Microsoft-Windows-AppModel-Runtime", "Computer": "DESKTOP-OFJ6N53", "TimeCreated": "2025-06-05 20:33:45.722319+00:00", "RecordID": "12283", "Level": "4", "UserID": "S-1-5-18", "EventData.PackageFullName": "Microsoft.MicrosoftOfficeHub_19.2506.33061.0_x64__8wekyb3d8bbwe", "EventData.User": "S-1-5-21-963789628-1060504924-4285088085-1001", "EventData.DesiredStatus": "0", "EventData.CurrentStatus": "32"}
{"EventID": "217", "Channel": "Microsoft-Windows-AppModel-Runtime/Admin", "Provider_Name": "Microsoft-Windows-AppModel-Runtime", "Computer": "DESKTOP-OFJ6N53", "TimeCreated": "2025-06-05 21:46:05.123169+00:00", "RecordID": "12284", "Level": "4", "UserID": "S-1-5-18", "EventData.PackageName": "Microsoft.YourPhone_1.25042.85.0_x64__8wekyb3d8bbwe", "EventData.ContainerId": "94f9534b-4041-11f0-a75f-005056b235ad"}
{"EventID": "210", "Channel": "Microsoft-Windows-AppModel-Runtime/Admin", "Provider_Name": "Microsoft-Windows-AppModel-Runtime", "Computer": "DESKTOP-OFJ6N53", "TimeCreated": "2025-06-06 01:44:24.901554+00:00", "RecordID": "12285", "Level": "4", "UserID": "S-1-5-18", "EventData.PackageName": "Microsoft.YourPhone_1.25042.85.0_x64__8wekyb3d8bbwe", "EventData.ContainerName": "Microsoft.YourPhone_1.25042.85.0_x64__8wekyb3d8bbwe-S-1-5-21-963789628-1060504924-4285088085-1001", "EventData.ContainerId": "94f95640-4041-11f0-a75f-005056b235ad"}
{"EventID": "211", "Channel": "Microsoft-Windows-AppModel-Runtime/Admin", "Provider_Name": "Microsoft-Windows-AppModel-Runtime", "Computer": "DESKTOP-OFJ6N53", "TimeCreated": "2025-06-06 01:44:24.901598+00:00", "RecordID": "12286", "Level": "4", "UserID": "S-1-5-18", "EventData.ProcessID": "1756", "EventData.PackageName": "Microsoft.YourPhone_1.25042.85.0_x64__8wekyb3d8bbwe", "EventData.ContainerId": "94f95640-4041-11f0-a75f-005056b235ad"}
{"EventID": "217", "Channel": "Microsoft-Windows-AppModel-Runtime/Admin", "Provider_Name": "Microsoft-Windows-AppModel-Runtime", "Computer": "DESKTOP-OFJ6N53", "TimeCreated": "2025-06-06 09:46:22.432661+00:00", "RecordID": "12287", "Level": "4", "UserID": "S-1-5-18", "EventData.PackageName": "Microsoft.YourPhone_1.25042.85.0_x64__8wekyb3d8bbwe", "EventData.ContainerId": "94f95640-4041-11f0-a75f-005056b235ad"}
{"EventID": "210", "Channel": "Microsoft-Windows-AppModel-Runtime/Admin", "Provider_Name": "Microsoft-Windows-AppModel-Runtime", "Computer": "DESKTOP-OFJ6N53", "TimeCreated": "2025-06-06 13:44:31.230881+00:00", "RecordID": "12288", "Level": "4", "UserID": "S-1-5-18", "EventData.PackageName": "Microsoft.YourPhone_1.25042.85.0_x64__8wekyb3d8bbwe", "EventData.ContainerName": "Microsoft.YourPhone_1.25042.85.0_x64__8wekyb3d8bbwe-S-1-5-21-963789628-1060504924-4285088085-1001", "EventData.ContainerId": "94f958fc-4041-11f0-a75f-005056b235ad"}
{"EventID": "211", "Channel": "Microsoft-Windows-AppModel-Runtime/Admin", "Provider_Name": "Microsoft-Windows-AppModel-Runtime", "Computer": "DESKTOP-OFJ6N53", "TimeCreated": "2025-06-06 13:44:31.230923+00:00", "RecordID": "12289", "Level": "4", "UserID": "S-1-5-18", "EventData.ProcessID": "5924", "EventData.PackageName": "Microsoft.YourPhone_1.25042.85.0_x64__8wekyb3d8bbwe", "EventData.ContainerId": "94f958fc-4041-11f0-a75f-005056b235ad"}
{"EventID": "217", "Channel": "Microsoft-Windows-AppModel-Runtime/Admin", "Provider_Name": "Microsoft-Windows-AppModel-Runtime", "Computer": "DESKTOP-OFJ6N53", "TimeCreated": "2025-06-06 21:08:26.892853+00:00", "RecordID": "12290", "Level": "4", "UserID": "S-1-5-18", "EventData.PackageName": "Microsoft.YourPhone_1.25042.85.0_x64__8wekyb3d8bbwe", "EventData.ContainerId": "94f958fc-4041-11f0-a75f-005056b235ad"}
{"EventID": "210", "Channel": "Microsoft-Windows-AppModel-Runtime/Admin", "Provider_Name": "Microsoft-Windows-AppModel-Runtime", "Computer": "DESKTOP-OFJ6N53", "TimeCreated": "2025-06-07 01:44:55.498669+00:00", "RecordID": "12291", "Level": "4", "UserID": "S-1-5-18", "EventData.PackageName": "Microsoft.YourPhone_1.25042.85.0_x64__8wekyb3d8bbwe", "EventData.ContainerName": "Microsoft.YourPhone_1.25042.85.0_x64__8wekyb3d8bbwe-S-1-5-21-963789628-1060504924-4285088085-1001", "EventData.ContainerId": "94f95c50-4041-11f0-a75f-005056b235ad"}
{"EventID": "211", "Channel": "Microsoft-Windows-AppModel-Runtime/Admin", "Provider_Name": "Microsoft-Windows-AppModel-Runtime", "Computer": "DESKTOP-OFJ6N53", "TimeCreated": "2025-06-07 01:44:55.498718+00:00", "RecordID": "12292", "Level": "4", "UserID": "S-1-5-18", "EventData.ProcessID": "12544", "EventData.PackageName": "Microsoft.YourPhone_1.25042.85.0_x64__8wekyb3d8bbwe", "EventData.ContainerId": "94f95c50-4041-11f0-a75f-005056b235ad"}
{"EventID": "70", "Channel": "Microsoft-Windows-AppModel-Runtime/Admin", "Provider_Name": "Microsoft-Windows-AppModel-Runtime", "Computer": "DESKTOP-OFJ6N53", "TimeCreated": "2025-06-07 08:42:55.702171+00:00", "RecordID": "12293", "Level": "4", "UserID": "S-1-5-18", "EventData.PackageFullName": "Microsoft.XboxGamingOverlay_7.225.4081.0_x64__8wekyb3d8bbwe", "EventData.User": "S-1-5-21-963789628-1060504924-4285088085-1001", "EventData.DesiredStatus": "32", "EventData.CurrentStatus": "0"}
{"EventID": "69", "Channel": "Microsoft-Windows-AppModel-Runtime/Admin", "Provider_Name": "Microsoft-Windows-AppModel-Runtime", "Computer": "DESKTOP-OFJ6N53", "TimeCreated": "2025-06-07 08:42:55.702324+00:00", "RecordID": "12294", "Level": "4", "UserID": "S-1-5-18", "EventData.ErrorCode": "1168", "EventData.PackageFullName": "Microsoft.XboxGamingOverlay_7.325.5191.0_x64__8wekyb3d8bbwe", "EventData.User": "S-1-5-21-963789628-1060504924-4285088085-1001", "EventData.DesiredStatus": "32", "EventData.CurrentStatus": "0"}
{"EventID": "42", "Channel": "Microsoft-Windows-AppModel-Runtime/Admin", "Provider_Name": "Microsoft-Windows-AppModel-Runtime", "Computer": "DESKTOP-OFJ6N53", "TimeCreated": "2025-06-07 08:42:56.068384+00:00", "RecordID": "12295", "Level": "4", "UserID": "S-1-5-21-963789628-1060504924-4285088085-1001", "EventData.AppContainerName": "Microsoft.XboxGamingOverlay_8wekyb3d8bbwe"}
{"EventID": "70", "Channel": "Microsoft-Windows-AppModel-Runtime/Admin", "Provider_Name": "Microsoft-Windows-AppModel-Runtime", "Computer": "DESKTOP-OFJ6N53", "TimeCreated": "2025-06-07 08:42:56.903431+00:00", "RecordID": "12296", "Level": "4", "UserID": "S-1-5-18", "EventData.PackageFullName": "Microsoft.XboxGamingOverlay_7.325.5191.0_x64__8wekyb3d8bbwe", "EventData.User": "S-1-5-21-963789628-1060504924-4285088085-1001", "EventData.DesiredStatus": "0", "EventData.CurrentStatus": "32"}
{"EventID": "217", "Channel": "Microsoft-Windows-AppModel-Runtime/Admin", "Provider_Name": "Microsoft-Windows-AppModel-Runtime", "Computer": "DESKTOP-OFJ6N53", "TimeCreated": "2025-06-07 09:47:22.348267+00:00", "RecordID": "12297", "Level": "4", "UserID": "S-1-5-18", "EventData.PackageName": "Microsoft.YourPhone_1.25042.85.0_x64__8wekyb3d8bbwe", "EventData.ContainerId": "94f95c50-4041-11f0-a75f-005056b235ad"}
{"EventID": "210", "Channel": "Microsoft-Windows-AppModel-Runtime/Admin", "Provider_Name": "Microsoft-Windows-AppModel-Runtime", "Computer": "DESKTOP-OFJ6N53", "TimeCreated": "2025-06-07 13:44:23.746681+00:00", "RecordID": "12298", "Level": "4", "UserID": "S-1-5-18", "EventData.PackageName": "Microsoft.YourPhone_1.25042.85.0_x64__8wekyb3d8bbwe", "EventData.ContainerName": "Microsoft.YourPhone_1.25042.85.0_x64__8wekyb3d8bbwe-S-1-5-21-963789628-1060504924-4285088085-1001", "EventData.ContainerId": "94f95ee7-4041-11f0-a75f-005056b235ad"}
{"EventID": "211", "Channel": "Microsoft-Windows-AppModel-Runtime/Admin", "Provider_Name": "Microsoft-Windows-AppModel-Runtime", "Computer": "DESKTOP-OFJ6N53", "TimeCreated": "2025-06-07 13:44:23.746731+00:00", "RecordID": "12299", "Level": "4", "UserID": "S-1-5-18", "EventData.ProcessID": "9092", "EventData.PackageName": "Microsoft.YourPhone_1.25042.85.0_x64__8wekyb3d8bbwe", "EventData.ContainerId": "94f95ee7-4041-11f0-a75f-005056b235ad"}
{"EventID": "217", "Channel": "Microsoft-Windows-AppModel-Runtime/Admin", "Provider_Name": "Microsoft-Windows-AppModel-Runtime", "Computer": "DESKTOP-OFJ6N53", "TimeCreated": "2025-06-07 21:46:10.628445+00:00", "RecordID": "12300", "Level": "4", "UserID": "S-1-5-18", "EventData.PackageName": "Microsoft.YourPhone_1.25042.85.0_x64__8wekyb3d8bbwe", "EventData.ContainerId": "94f95ee7-4041-11f0-a75f-005056b235ad"}
{"EventID": "210", "Channel": "Microsoft-Windows-AppModel-Runtime/Admin", "Provider_Name": "Microsoft-Windows-AppModel-Runtime", "Computer": "DESKTOP-OFJ6N53", "TimeCreated": "2025-06-08 01:44:28.560894+00:00", "RecordID": "12301", "Level": "4", "UserID": "S-1-5-18", "EventData.PackageName": "Microsoft.YourPhone_1.25042.85.0_x64__8wekyb3d8bbwe", "EventData.ContainerName": "Microsoft.YourPhone_1.25042.85.0_x64__8wekyb3d8bbwe-S-1-5-21-963789628-1060504924-4285088085-1001", "EventData.ContainerId": "94f961b8-4041-11f0-a75f-005056b235ad"}
{"EventID": "211", "Channel": "Microsoft-Windows-AppModel-Runtime/Admin", "Provider_Name": "Microsoft-Windows-AppModel-Runtime", "Computer": "DESKTOP-OFJ6N53", "TimeCreated": "2025-06-08 01:44:28.560934+00:00", "RecordID": "12302", "Level": "4", "UserID": "S-1-5-18", "EventData.ProcessID": "13084", "EventData.PackageName": "Microsoft.YourPhone_1.25042.85.0_x64__8wekyb3d8bbwe", "EventData.ContainerId": "94f961b8-4041-11f0-a75f-005056b235ad"}
{"EventID": "217", "Channel": "Microsoft-Windows-AppModel-Runtime/Admin", "Provider_Name": "Microsoft-Windows-AppModel-Runtime", "Computer": "DESKTOP-OFJ6N53", "TimeCreated": "2025-06-08 09:46:25.373070+00:00", "RecordID": "12303", "Level": "4", "UserID": "S-1-5-18", "EventData.PackageName": "Microsoft.YourPhone_1.25042.85.0_x64__8wekyb3d8bbwe", "EventData.ContainerId": "94f961b8-4041-11f0-a75f-005056b235ad"}
{"EventID": "210", "Channel": "Microsoft-Windows-AppModel-Runtime/Admin", "Provider_Name": "Microsoft-Windows-AppModel-Runtime", "Computer": "DESKTOP-OFJ6N53", "TimeCreated": "2025-06-08 13:45:01.856825+00:00", "RecordID": "12304", "Level": "4", "UserID": "S-1-5-18", "EventData.PackageName": "Microsoft.YourPhone_1.25042.85.0_x64__8wekyb3d8bbwe", "EventData.ContainerName": "Microsoft.YourPhone_1.25042.85.0_x64__8wekyb3d8bbwe-S-1-5-21-963789628-1060504924-4285088085-1001", "EventData.ContainerId": "94f9645c-4041-11f0-a75f-005056b235ad"}
{"EventID": "211", "Channel": "Microsoft-Windows-AppModel-Runtime/Admin", "Provider_Name": "Microsoft-Windows-AppModel-Runtime", "Computer": "DESKTOP-OFJ6N53", "TimeCreated": "2025-06-08 13:45:01.856884+00:00", "RecordID": "12305", "Level": "4", "UserID": "S-1-5-18", "EventData.ProcessID": "8360", "EventData.PackageName": "Microsoft.YourPhone_1.25042.85.0_x64__8wekyb3d8bbwe", "EventData.ContainerId": "94f9645c-4041-11f0-a75f-005056b235ad"}
{"EventID": "217", "Channel": "Microsoft-Windows-AppModel-Runtime/Admin", "Provider_Name": "Microsoft-Windows-AppModel-Runtime", "Computer": "DESKTOP-OFJ6N53", "TimeCreated": "2025-06-08 14:23:43.306314+00:00", "RecordID": "12306", "Level": "4", "UserID": "S-1-5-18", "EventData.PackageName": "Microsoft.YourPhone_1.25042.85.0_x64__8wekyb3d8bbwe", "EventData.ContainerId": "94f9645c-4041-11f0-a75f-005056b235ad"}
{"EventID": "210", "Channel": "Microsoft-Windows-AppModel-Runtime/Admin", "Provider_Name": "Microsoft-Windows-AppModel-Runtime", "Computer": "DESKTOP-OFJ6N53", "TimeCreated": "2025-06-09 01:45:08.688232+00:00", "RecordID": "12307", "Level": "4", "UserID": "S-1-5-18", "EventData.PackageName": "Microsoft.YourPhone_1.25042.85.0_x64__8wekyb3d8bbwe", "EventData.ContainerName": "Microsoft.YourPhone_1.25042.85.0_x64__8wekyb3d8bbwe-S-1-5-21-963789628-1060504924-4285088085-1001", "EventData.ContainerId": "94f9676d-4041-11f0-a75f-005056b235ad"}
{"EventID": "211", "Channel": "Microsoft-Windows-AppModel-Runtime/Admin", "Provider_Name": "Microsoft-Windows-AppModel-Runtime", "Computer": "DESKTOP-OFJ6N53", "TimeCreated": "2025-06-09 01:45:08.688274+00:00", "RecordID": "12308", "Level": "4", "UserID": "S-1-5-18", "EventData.ProcessID": "9096", "EventData.PackageName": "Microsoft.YourPhone_1.25042.85.0_x64__8wekyb3d8bbwe", "EventData.ContainerId": "94f9676d-4041-11f0-a75f-005056b235ad"}
{"EventID": "217", "Channel": "Microsoft-Windows-AppModel-Runtime/Admin", "Provider_Name": "Microsoft-Windows-AppModel-Runtime", "Computer": "DESKTOP-OFJ6N53", "TimeCreated": "2025-06-09 09:47:15.062687+00:00", "RecordID": "12309", "Level": "4", "UserID": "S-1-5-18", "EventData.PackageName": "Microsoft.YourPhone_1.25042.85.0_x64__8wekyb3d8bbwe", "EventData.ContainerId": "94f9676d-4041-11f0-a75f-005056b235ad"}
