{"EventID": "10", "Channel": "Microsoft-Windows-WindowsSystemAssessmentTool/Operational", "Provider_Name": "Microsoft-Windows-WindowsSystemAssessmentTool", "Computer": "DESKTOP-OFJ6N53", "TimeCreated": "2023-05-20 09:12:58.473072+00:00", "RecordID": "672", "Level": "4", "UserID": "S-1-5-18", "EventData.PhaseID": "150"}
{"EventID": "1", "Channel": "Microsoft-Windows-WindowsSystemAssessmentTool/Operational", "Provider_Name": "Microsoft-Windows-WindowsSystemAssessmentTool", "Computer": "DESKTOP-OFJ6N53", "TimeCreated": "2023-06-19 09:25:01.497515+00:00", "RecordID": "673", "Level": "0", "UserID": "S-1-5-18", "EventData.StartTimeOfDay": "2023-06-19 09:25:01.486464+00:00"}
{"EventID": "9", "Channel": "Microsoft-Windows-WindowsSystemAssessmentTool/Operational", "Provider_Name": "Microsoft-Windows-WindowsSystemAssessmentTool", "Computer": "DESKTOP-OFJ6N53", "TimeCreated": "2023-06-19 09:25:01.497517+00:00", "RecordID": "674", "Level": "4", "UserID": "S-1-5-18", "EventData.PhaseID": "10", "EventData.DescriptionSize": "25", "EventData.Description": "Application Intializaton"}
{"EventID": "2", "Channel": "Microsoft-Windows-WindowsSystemAssessmentTool/Operational", "Provider_Name": "Microsoft-Windows-WindowsSystemAssessmentTool", "Computer": "DESKTOP-OFJ6N53", "TimeCreated": "2023-06-19 09:25:01.508684+00:00", "RecordID": "675", "Level": "0", "UserID": "S-1-5-18", "EventData.CommandLineSize": "45", "EventData.CommandLine": "\"C:\\Windows\\system32\\winsat.exe\" disk -wsswap"}
{"EventID": "9", "Channel": "Microsoft-Windows-WindowsSystemAssessmentTool/Operational", "Provider_Name": "Microsoft-Windows-WindowsSystemAssessmentTool", "Computer": "DESKTOP-OFJ6N53", "TimeCreated": "2023-06-19 09:25:01.509056+00:00", "RecordID": "676", "Level": "4", "UserID": "S-1-5-18", "EventData.PhaseID": "20", "EventData.DescriptionSize": "23", "EventData.Description": "Modify system policies"}
{"EventID": "10", "Channel": "Microsoft-Windows-WindowsSystemAssessmentTool/Operational", "Provider_Name": "Microsoft-Windows-WindowsSystemAssessmentTool", "Computer": "DESKTOP-OFJ6N53", "TimeCreated": "2023-06-19 09:25:01.516644+00:00", "RecordID": "677", "Level": "4", "UserID": "S-1-5-18", "EventData.PhaseID": "20"}
{"EventID": "10", "Channel": "Microsoft-Windows-WindowsSystemAssessmentTool/Operational", "Provider_Name": "Microsoft-Windows-WindowsSystemAssessmentTool", "Computer": "DESKTOP-OFJ6N53", "TimeCreated": "2023-06-19 09:25:01.516644+00:00", "RecordID": "678", "Level": "4", "UserID": "S-1-5-18", "EventData.PhaseID": "10"}
{"EventID": "9", "Channel": "Microsoft-Windows-WindowsSystemAssessmentTool/Operational", "Provider_Name": "Microsoft-Windows-WindowsSystemAssessmentTool", "Computer": "DESKTOP-OFJ6N53", "TimeCreated": "2023-06-19 09:25:01.516647+00:00", "RecordID": "679", "Level": "4", "UserID": "S-1-5-18", "EventData.PhaseID": "30", "EventData.DescriptionSize": "19", "EventData.Description": "Gathering Key Info"}
{"EventID": "9", "Channel": "Microsoft-Windows-WindowsSystemAssessmentTool/Operational", "Provider_Name": "Microsoft-Windows-WindowsSystemAssessmentTool", "Computer": "DESKTOP-OFJ6N53", "TimeCreated": "2023-06-19 09:25:01.517357+00:00", "RecordID": "680", "Level": "4", "UserID": "S-1-5-18", "EventData.PhaseID": "40", "EventData.DescriptionSize": "23", "EventData.Description": "Gather CPU information"}
{"EventID": "10", "Channel": "Microsoft-Windows-WindowsSystemAssessmentTool/Operational", "Provider_Name": "Microsoft-Windows-WindowsSystemAssessmentTool", "Computer": "DESKTOP-OFJ6N53", "TimeCreated": "2023-06-19 09:25:01.517429+00:00", "RecordID": "681", "Level": "4", "UserID": "S-1-5-18", "EventData.PhaseID": "40"}
{"EventID": "10", "Channel": "Microsoft-Windows-WindowsSystemAssessmentTool/Operational", "Provider_Name": "Microsoft-Windows-WindowsSystemAssessmentTool", "Computer": "DESKTOP-OFJ6N53", "TimeCreated": "2023-06-19 09:25:01.517431+00:00", "RecordID": "682", "Level": "4", "UserID": "S-1-5-18", "EventData.PhaseID": "30"}
{"EventID": "9", "Channel": "Microsoft-Windows-WindowsSystemAssessmentTool/Operational", "Provider_Name": "Microsoft-Windows-WindowsSystemAssessmentTool", "Computer": "DESKTOP-OFJ6N53", "TimeCreated": "2023-06-19 09:25:01.520329+00:00", "RecordID": "683", "Level": "4", "UserID": "S-1-5-18", "EventData.PhaseID": "1004", "EventData.DescriptionSize": "40", "EventData.Description": "Run Assessment, disk, -wsswap -drive C:"}
{"EventID": "10", "Channel": "Microsoft-Windows-WindowsSystemAssessmentTool/Operational", "Provider_Name": "Microsoft-Windows-WindowsSystemAssessmentTool", "Computer": "DESKTOP-OFJ6N53", "TimeCreated": "2023-06-19 09:25:02.298409+00:00", "RecordID": "684", "Level": "4", "UserID": "S-1-5-18", "EventData.PhaseID": "1004"}
{"EventID": "9", "Channel": "Microsoft-Windows-WindowsSystemAssessmentTool/Operational", "Provider_Name": "Microsoft-Windows-WindowsSystemAssessmentTool", "Computer": "DESKTOP-OFJ6N53", "TimeCreated": "2023-06-19 09:25:02.298416+00:00", "RecordID": "685", "Level": "4", "UserID": "S-1-5-18", "EventData.PhaseID": "130", "EventData.DescriptionSize": "16", "EventData.Description": "Process Results"}
{"EventID": "10", "Channel": "Microsoft-Windows-WindowsSystemAssessmentTool/Operational", "Provider_Name": "Microsoft-Windows-WindowsSystemAssessmentTool", "Computer": "DESKTOP-OFJ6N53", "TimeCreated": "2023-06-19 09:25:02.376604+00:00", "RecordID": "686", "Level": "4", "UserID": "S-1-5-18", "EventData.PhaseID": "130"}
{"EventID": "9", "Channel": "Microsoft-Windows-WindowsSystemAssessmentTool/Operational", "Provider_Name": "Microsoft-Windows-WindowsSystemAssessmentTool", "Computer": "DESKTOP-OFJ6N53", "TimeCreated": "2023-06-19 09:25:02.376610+00:00", "RecordID": "687", "Level": "4", "UserID": "S-1-5-18", "EventData.PhaseID": "150", "EventData.DescriptionSize": "17", "EventData.Description": "Cleanup and exit"}
{"EventID": "9", "Channel": "Microsoft-Windows-WindowsSystemAssessmentTool/Operational", "Provider_Name": "Microsoft-Windows-WindowsSystemAssessmentTool", "Computer": "DESKTOP-OFJ6N53", "TimeCreated": "2023-06-19 09:25:02.378088+00:00", "RecordID": "688", "Level": "4", "UserID": "S-1-5-18", "EventData.PhaseID": "140", "EventData.DescriptionSize": "24", "EventData.Description": "Restore system policies"}
{"EventID": "10", "Channel": "Microsoft-Windows-WindowsSystemAssessmentTool/Operational", "Provider_Name": "Microsoft-Windows-WindowsSystemAssessmentTool", "Computer": "DESKTOP-OFJ6N53", "TimeCreated": "2023-06-19 09:25:02.379864+00:00", "RecordID": "689", "Level": "4", "UserID": "S-1-5-18", "EventData.PhaseID": "140"}
{"EventID": "3", "Channel": "Microsoft-Windows-WindowsSystemAssessmentTool/Operational", "Provider_Name": "Microsoft-Windows-WindowsSystemAssessmentTool", "Computer": "DESKTOP-OFJ6N53", "TimeCreated": "2023-06-19 09:25:02.385248+00:00", "RecordID": "690", "Level": "0", "UserID": "S-1-5-18", "EventData.ExitCode": "0"}
{"EventID": "10", "Channel": "Microsoft-Windows-WindowsSystemAssessmentTool/Operational", "Provider_Name": "Microsoft-Windows-WindowsSystemAssessmentTool", "Computer": "DESKTOP-OFJ6N53", "TimeCreated": "2023-06-19 09:25:02.385252+00:00", "RecordID": "691", "Level": "4", "UserID": "S-1-5-18", "EventData.PhaseID": "150"}
{"EventID": "1", "Channel": "Microsoft-Windows-WindowsSystemAssessmentTool/Operational", "Provider_Name": "Microsoft-Windows-WindowsSystemAssessmentTool", "Computer": "DESKTOP-OFJ6N53", "TimeCreated": "2023-06-19 09:27:50.913677+00:00", "RecordID": "692", "Level": "0", "UserID": "S-1-5-18", "EventData.StartTimeOfDay": "2023-06-19 09:27:50.899038+00:00"}
{"EventID": "9", "Channel": "Microsoft-Windows-WindowsSystemAssessmentTool/Operational", "Provider_Name": "Microsoft-Windows-WindowsSystemAssessmentTool", "Computer": "DESKTOP-OFJ6N53", "TimeCreated": "2023-06-19 09:27:50.913679+00:00", "RecordID": "693", "Level": "4", "UserID": "S-1-5-18", "EventData.PhaseID": "10", "EventData.DescriptionSize": "25", "EventData.Description": "Application Intializaton"}
{"EventID": "2", "Channel": "Microsoft-Windows-WindowsSystemAssessmentTool/Operational", "Provider_Name": "Microsoft-Windows-WindowsSystemAssessmentTool", "Computer": "DESKTOP-OFJ6N53", "TimeCreated": "2023-06-19 09:27:50.919310+00:00", "RecordID": "694", "Level": "0", "UserID": "S-1-5-18", "EventData.CommandLineSize": "45", "EventData.CommandLine": "\"C:\\Windows\\system32\\winsat.exe\" disk -wsswap"}
{"EventID": "9", "Channel": "Microsoft-Windows-WindowsSystemAssessmentTool/Operational", "Provider_Name": "Microsoft-Windows-WindowsSystemAssessmentTool", "Computer": "DESKTOP-OFJ6N53", "TimeCreated": "2023-06-19 09:27:50.919632+00:00", "RecordID": "695", "Level": "4", "UserID": "S-1-5-18", "EventData.PhaseID": "20", "EventData.DescriptionSize": "23", "EventData.Description": "Modify system policies"}
{"EventID": "10", "Channel": "Microsoft-Windows-WindowsSystemAssessmentTool/Operational", "Provider_Name": "Microsoft-Windows-WindowsSystemAssessmentTool", "Computer": "DESKTOP-OFJ6N53", "TimeCreated": "2023-06-19 09:27:50.922186+00:00", "RecordID": "696", "Level": "4", "UserID": "S-1-5-18", "EventData.PhaseID": "20"}
{"EventID": "10", "Channel": "Microsoft-Windows-WindowsSystemAssessmentTool/Operational", "Provider_Name": "Microsoft-Windows-WindowsSystemAssessmentTool", "Computer": "DESKTOP-OFJ6N53", "TimeCreated": "2023-06-19 09:27:50.922186+00:00", "RecordID": "697", "Level": "4", "UserID": "S-1-5-18", "EventData.PhaseID": "10"}
{"EventID": "9", "Channel": "Microsoft-Windows-WindowsSystemAssessmentTool/Operational", "Provider_Name": "Microsoft-Windows-WindowsSystemAssessmentTool", "Computer": "DESKTOP-OFJ6N53", "TimeCreated": "2023-06-19 09:27:50.922188+00:00", "RecordID": "698", "Level": "4", "UserID": "S-1-5-18", "EventData.PhaseID": "30", "EventData.DescriptionSize": "19", "EventData.Description": "Gathering Key Info"}
{"EventID": "9", "Channel": "Microsoft-Windows-WindowsSystemAssessmentTool/Operational", "Provider_Name": "Microsoft-Windows-WindowsSystemAssessmentTool", "Computer": "DESKTOP-OFJ6N53", "TimeCreated": "2023-06-19 09:27:50.922194+00:00", "RecordID": "699", "Level": "4", "UserID": "S-1-5-18", "EventData.PhaseID": "40", "EventData.DescriptionSize": "23", "EventData.Description": "Gather CPU information"}
{"EventID": "10", "Channel": "Microsoft-Windows-WindowsSystemAssessmentTool/Operational", "Provider_Name": "Microsoft-Windows-WindowsSystemAssessmentTool", "Computer": "DESKTOP-OFJ6N53", "TimeCreated": "2023-06-19 09:27:50.922255+00:00", "RecordID": "700", "Level": "4", "UserID": "S-1-5-18", "EventData.PhaseID": "40"}
{"EventID": "10", "Channel": "Microsoft-Windows-WindowsSystemAssessmentTool/Operational", "Provider_Name": "Microsoft-Windows-WindowsSystemAssessmentTool", "Computer": "DESKTOP-OFJ6N53", "TimeCreated": "2023-06-19 09:27:50.922256+00:00", "RecordID": "701", "Level": "4", "UserID": "S-1-5-18", "EventData.PhaseID": "30"}
{"EventID": "9", "Channel": "Microsoft-Windows-WindowsSystemAssessmentTool/Operational", "Provider_Name": "Microsoft-Windows-WindowsSystemAssessmentTool", "Computer": "DESKTOP-OFJ6N53", "TimeCreated": "2023-06-19 09:27:50.923983+00:00", "RecordID": "702", "Level": "4", "UserID": "S-1-5-18", "EventData.PhaseID": "1004", "EventData.DescriptionSize": "40", "EventData.Description": "Run Assessment, disk, -wsswap -drive C:"}
{"EventID": "10", "Channel": "Microsoft-Windows-WindowsSystemAssessmentTool/Operational", "Provider_Name": "Microsoft-Windows-WindowsSystemAssessmentTool", "Computer": "DESKTOP-OFJ6N53", "TimeCreated": "2023-06-19 09:27:51.360607+00:00", "RecordID": "703", "Level": "4", "UserID": "S-1-5-18", "EventData.PhaseID": "1004"}
{"EventID": "9", "Channel": "Microsoft-Windows-WindowsSystemAssessmentTool/Operational", "Provider_Name": "Microsoft-Windows-WindowsSystemAssessmentTool", "Computer": "DESKTOP-OFJ6N53", "TimeCreated": "2023-06-19 09:27:51.360613+00:00", "RecordID": "704", "Level": "4", "UserID": "S-1-5-18", "EventData.PhaseID": "130", "EventData.DescriptionSize": "16", "EventData.Description": "Process Results"}
{"EventID": "10", "Channel": "Microsoft-Windows-WindowsSystemAssessmentTool/Operational", "Provider_Name": "Microsoft-Windows-WindowsSystemAssessmentTool", "Computer": "DESKTOP-OFJ6N53", "TimeCreated": "2023-06-19 09:27:51.375597+00:00", "RecordID": "705", "Level": "4", "UserID": "S-1-5-18", "EventData.PhaseID": "130"}
{"EventID": "9", "Channel": "Microsoft-Windows-WindowsSystemAssessmentTool/Operational", "Provider_Name": "Microsoft-Windows-WindowsSystemAssessmentTool", "Computer": "DESKTOP-OFJ6N53", "TimeCreated": "2023-06-19 09:27:51.375597+00:00", "RecordID": "706", "Level": "4", "UserID": "S-1-5-18", "EventData.PhaseID": "150", "EventData.DescriptionSize": "17", "EventData.Description": "Cleanup and exit"}
{"EventID": "9", "Channel": "Microsoft-Windows-WindowsSystemAssessmentTool/Operational", "Provider_Name": "Microsoft-Windows-WindowsSystemAssessmentTool", "Computer": "DESKTOP-OFJ6N53", "TimeCreated": "2023-06-19 09:27:51.376312+00:00", "RecordID": "707", "Level": "4", "UserID": "S-1-5-18", "EventData.PhaseID": "140", "EventData.DescriptionSize": "24", "EventData.Description": "Restore system policies"}
{"EventID": "10", "Channel": "Microsoft-Windows-WindowsSystemAssessmentTool/Operational", "Provider_Name": "Microsoft-Windows-WindowsSystemAssessmentTool", "Computer": "DESKTOP-OFJ6N53", "TimeCreated": "2023-06-19 09:27:51.377581+00:00", "RecordID": "708", "Level": "4", "UserID": "S-1-5-18", "EventData.PhaseID": "140"}
{"EventID": "3", "Channel": "Microsoft-Windows-WindowsSystemAssessmentTool/Operational", "Provider_Name": "Microsoft-Windows-WindowsSystemAssessmentTool", "Computer": "DESKTOP-OFJ6N53", "TimeCreated": "2023-06-19 09:27:51.378923+00:00", "RecordID": "709", "Level": "0", "UserID": "S-1-5-18", "EventData.ExitCode": "0"}
{"EventID": "10", "Channel": "Microsoft-Windows-WindowsSystemAssessmentTool/Operational", "Provider_Name": "Microsoft-Windows-WindowsSystemAssessmentTool", "Computer": "DESKTOP-OFJ6N53", "TimeCreated": "2023-06-19 09:27:51.378925+00:00", "RecordID": "710", "Level": "4", "UserID": "S-1-5-18", "EventData.PhaseID": "150"}
{"EventID": "1", "Channel": "Microsoft-Windows-WindowsSystemAssessmentTool/Operational", "Provider_Name": "Microsoft-Windows-WindowsSystemAssessmentTool", "Computer": "DESKTOP-OFJ6N53", "TimeCreated": "2023-07-19 08:52:47.203661+00:00", "RecordID": "711", "Level": "0", "UserID": "S-1-5-18", "EventData.StartTimeOfDay": "2023-07-19 08:52:47.194624+00:00"}
{"EventID": "9", "Channel": "Microsoft-Windows-WindowsSystemAssessmentTool/Operational", "Provider_Name": "Microsoft-Windows-WindowsSystemAssessmentTool", "Computer": "DESKTOP-OFJ6N53", "TimeCreated": "2023-07-19 08:52:47.203665+00:00", "RecordID": "712", "Level": "4", "UserID": "S-1-5-18", "EventData.PhaseID": "10", "EventData.DescriptionSize": "25", "EventData.Description": "Application Intializaton"}
{"EventID": "2", "Channel": "Microsoft-Windows-WindowsSystemAssessmentTool/Operational", "Provider_Name": "Microsoft-Windows-WindowsSystemAssessmentTool", "Computer": "DESKTOP-OFJ6N53", "TimeCreated": "2023-07-19 08:52:47.212141+00:00", "RecordID": "713", "Level": "0", "UserID": "S-1-5-18", "EventData.CommandLineSize": "45", "EventData.CommandLine": "\"C:\\Windows\\system32\\winsat.exe\" disk -wsswap"}
{"EventID": "9", "Channel": "Microsoft-Windows-WindowsSystemAssessmentTool/Operational", "Provider_Name": "Microsoft-Windows-WindowsSystemAssessmentTool", "Computer": "DESKTOP-OFJ6N53", "TimeCreated": "2023-07-19 08:52:47.212524+00:00", "RecordID": "714", "Level": "4", "UserID": "S-1-5-18", "EventData.PhaseID": "20", "EventData.DescriptionSize": "23", "EventData.Description": "Modify system policies"}
{"EventID": "10", "Channel": "Microsoft-Windows-WindowsSystemAssessmentTool/Operational", "Provider_Name": "Microsoft-Windows-WindowsSystemAssessmentTool", "Computer": "DESKTOP-OFJ6N53", "TimeCreated": "2023-07-19 08:52:47.216314+00:00", "RecordID": "715", "Level": "4", "UserID": "S-1-5-18", "EventData.PhaseID": "20"}
{"EventID": "10", "Channel": "Microsoft-Windows-WindowsSystemAssessmentTool/Operational", "Provider_Name": "Microsoft-Windows-WindowsSystemAssessmentTool", "Computer": "DESKTOP-OFJ6N53", "TimeCreated": "2023-07-19 08:52:47.216316+00:00", "RecordID": "716", "Level": "4", "UserID": "S-1-5-18", "EventData.PhaseID": "10"}
{"EventID": "9", "Channel": "Microsoft-Windows-WindowsSystemAssessmentTool/Operational", "Provider_Name": "Microsoft-Windows-WindowsSystemAssessmentTool", "Computer": "DESKTOP-OFJ6N53", "TimeCreated": "2023-07-19 08:52:47.216320+00:00", "RecordID": "717", "Level": "4", "UserID": "S-1-5-18", "EventData.PhaseID": "30", "EventData.DescriptionSize": "19", "EventData.Description": "Gathering Key Info"}
{"EventID": "9", "Channel": "Microsoft-Windows-WindowsSystemAssessmentTool/Operational", "Provider_Name": "Microsoft-Windows-WindowsSystemAssessmentTool", "Computer": "DESKTOP-OFJ6N53", "TimeCreated": "2023-07-19 08:52:47.216497+00:00", "RecordID": "718", "Level": "4", "UserID": "S-1-5-18", "EventData.PhaseID": "40", "EventData.DescriptionSize": "23", "EventData.Description": "Gather CPU information"}
{"EventID": "10", "Channel": "Microsoft-Windows-WindowsSystemAssessmentTool/Operational", "Provider_Name": "Microsoft-Windows-WindowsSystemAssessmentTool", "Computer": "DESKTOP-OFJ6N53", "TimeCreated": "2023-07-19 08:52:47.216579+00:00", "RecordID": "719", "Level": "4", "UserID": "S-1-5-18", "EventData.PhaseID": "40"}
{"EventID": "10", "Channel": "Microsoft-Windows-WindowsSystemAssessmentTool/Operational", "Provider_Name": "Microsoft-Windows-WindowsSystemAssessmentTool", "Computer": "DESKTOP-OFJ6N53", "TimeCreated": "2023-07-19 08:52:47.216581+00:00", "RecordID": "720", "Level": "4", "UserID": "S-1-5-18", "EventData.PhaseID": "30"}
{"EventID": "9", "Channel": "Microsoft-Windows-WindowsSystemAssessmentTool/Operational", "Provider_Name": "Microsoft-Windows-WindowsSystemAssessmentTool", "Computer": "DESKTOP-OFJ6N53", "TimeCreated": "2023-07-19 08:52:47.219618+00:00", "RecordID": "721", "Level": "4", "UserID": "S-1-5-18", "EventData.PhaseID": "1004", "EventData.DescriptionSize": "40", "EventData.Description": "Run Assessment, disk, -wsswap -drive C:"}
{"EventID": "10", "Channel": "Microsoft-Windows-WindowsSystemAssessmentTool/Operational", "Provider_Name": "Microsoft-Windows-WindowsSystemAssessmentTool", "Computer": "DESKTOP-OFJ6N53", "TimeCreated": "2023-07-19 08:52:47.701738+00:00", "RecordID": "722", "Level": "4", "UserID": "S-1-5-18", "EventData.PhaseID": "1004"}
{"EventID": "9", "Channel": "Microsoft-Windows-WindowsSystemAssessmentTool/Operational", "Provider_Name": "Microsoft-Windows-WindowsSystemAssessmentTool", "Computer": "DESKTOP-OFJ6N53", "TimeCreated": "2023-07-19 08:52:47.701744+00:00", "RecordID": "723", "Level": "4", "UserID": "S-1-5-18", "EventData.PhaseID": "130", "EventData.DescriptionSize": "16", "EventData.Description": "Process Results"}
{"EventID": "10", "Channel": "Microsoft-Windows-WindowsSystemAssessmentTool/Operational", "Provider_Name": "Microsoft-Windows-WindowsSystemAssessmentTool", "Computer": "DESKTOP-OFJ6N53", "TimeCreated": "2023-07-19 08:52:47.733269+00:00", "RecordID": "724", "Level": "4", "UserID": "S-1-5-18", "EventData.PhaseID": "130"}
{"EventID": "9", "Channel": "Microsoft-Windows-WindowsSystemAssessmentTool/Operational", "Provider_Name": "Microsoft-Windows-WindowsSystemAssessmentTool", "Computer": "DESKTOP-OFJ6N53", "TimeCreated": "2023-07-19 08:52:47.733271+00:00", "RecordID": "725", "Level": "4", "UserID": "S-1-5-18", "EventData.PhaseID": "150", "EventData.DescriptionSize": "17", "EventData.Description": "Cleanup and exit"}
{"EventID": "9", "Channel": "Microsoft-Windows-WindowsSystemAssessmentTool/Operational", "Provider_Name": "Microsoft-Windows-WindowsSystemAssessmentTool", "Computer": "DESKTOP-OFJ6N53", "TimeCreated": "2023-07-19 08:52:47.733847+00:00", "RecordID": "726", "Level": "4", "UserID": "S-1-5-18", "EventData.PhaseID": "140", "EventData.DescriptionSize": "24", "EventData.Description": "Restore system policies"}
{"EventID": "10", "Channel": "Microsoft-Windows-WindowsSystemAssessmentTool/Operational", "Provider_Name": "Microsoft-Windows-WindowsSystemAssessmentTool", "Computer": "DESKTOP-OFJ6N53", "TimeCreated": "2023-07-19 08:52:47.735239+00:00", "RecordID": "727", "Level": "4", "UserID": "S-1-5-18", "EventData.PhaseID": "140"}
{"EventID": "3", "Channel": "Microsoft-Windows-WindowsSystemAssessmentTool/Operational", "Provider_Name": "Microsoft-Windows-WindowsSystemAssessmentTool", "Computer": "DESKTOP-OFJ6N53", "TimeCreated": "2023-07-19 08:52:47.736866+00:00", "RecordID": "728", "Level": "0", "UserID": "S-1-5-18", "EventData.ExitCode": "0"}
{"EventID": "10", "Channel": "Microsoft-Windows-WindowsSystemAssessmentTool/Operational", "Provider_Name": "Microsoft-Windows-WindowsSystemAssessmentTool", "Computer": "DESKTOP-OFJ6N53", "TimeCreated": "2023-07-19 08:52:47.736870+00:00", "RecordID": "729", "Level": "4", "UserID": "S-1-5-18", "EventData.PhaseID": "150"}
{"EventID": "1", "Channel": "Microsoft-Windows-WindowsSystemAssessmentTool/Operational", "Provider_Name": "Microsoft-Windows-WindowsSystemAssessmentTool", "Computer": "DESKTOP-OFJ6N53", "TimeCreated": "2023-07-19 08:59:15.967556+00:00", "RecordID": "730", "Level": "0", "UserID": "S-1-5-18", "EventData.StartTimeOfDay": "2023-07-19 08:59:15.959993+00:00"}
{"EventID": "9", "Channel": "Microsoft-Windows-WindowsSystemAssessmentTool/Operational", "Provider_Name": "Microsoft-Windows-WindowsSystemAssessmentTool", "Computer": "DESKTOP-OFJ6N53", "TimeCreated": "2023-07-19 08:59:15.967558+00:00", "RecordID": "731", "Level": "4", "UserID": "S-1-5-18", "EventData.PhaseID": "10", "EventData.DescriptionSize": "25", "EventData.Description": "Application Intializaton"}
{"EventID": "2", "Channel": "Microsoft-Windows-WindowsSystemAssessmentTool/Operational", "Provider_Name": "Microsoft-Windows-WindowsSystemAssessmentTool", "Computer": "DESKTOP-OFJ6N53", "TimeCreated": "2023-07-19 08:59:15.973625+00:00", "RecordID": "732", "Level": "0", "UserID": "S-1-5-18", "EventData.CommandLineSize": "45", "EventData.CommandLine": "\"C:\\Windows\\system32\\winsat.exe\" disk -wsswap"}
{"EventID": "9", "Channel": "Microsoft-Windows-WindowsSystemAssessmentTool/Operational", "Provider_Name": "Microsoft-Windows-WindowsSystemAssessmentTool", "Computer": "DESKTOP-OFJ6N53", "TimeCreated": "2023-07-19 08:59:15.973984+00:00", "RecordID": "733", "Level": "4", "UserID": "S-1-5-18", "EventData.PhaseID": "20", "EventData.DescriptionSize": "23", "EventData.Description": "Modify system policies"}
{"EventID": "10", "Channel": "Microsoft-Windows-WindowsSystemAssessmentTool/Operational", "Provider_Name": "Microsoft-Windows-WindowsSystemAssessmentTool", "Computer": "DESKTOP-OFJ6N53", "TimeCreated": "2023-07-19 08:59:15.976889+00:00", "RecordID": "734", "Level": "4", "UserID": "S-1-5-18", "EventData.PhaseID": "20"}
{"EventID": "10", "Channel": "Microsoft-Windows-WindowsSystemAssessmentTool/Operational", "Provider_Name": "Microsoft-Windows-WindowsSystemAssessmentTool", "Computer": "DESKTOP-OFJ6N53", "TimeCreated": "2023-07-19 08:59:15.976891+00:00", "RecordID": "735", "Level": "4", "UserID": "S-1-5-18", "EventData.PhaseID": "10"}
{"EventID": "9", "Channel": "Microsoft-Windows-WindowsSystemAssessmentTool/Operational", "Provider_Name": "Microsoft-Windows-WindowsSystemAssessmentTool", "Computer": "DESKTOP-OFJ6N53", "TimeCreated": "2023-07-19 08:59:15.976892+00:00", "RecordID": "736", "Level": "4", "UserID": "S-1-5-18", "EventData.PhaseID": "30", "EventData.DescriptionSize": "19", "EventData.Description": "Gathering Key Info"}
{"EventID": "9", "Channel": "Microsoft-Windows-WindowsSystemAssessmentTool/Operational", "Provider_Name": "Microsoft-Windows-WindowsSystemAssessmentTool", "Computer": "DESKTOP-OFJ6N53", "TimeCreated": "2023-07-19 08:59:15.976896+00:00", "RecordID": "737", "Level": "4", "UserID": "S-1-5-18", "EventData.PhaseID": "40", "EventData.DescriptionSize": "23", "EventData.Description": "Gather CPU information"}
{"EventID": "10", "Channel": "Microsoft-Windows-WindowsSystemAssessmentTool/Operational", "Provider_Name": "Microsoft-Windows-WindowsSystemAssessmentTool", "Computer": "DESKTOP-OFJ6N53", "TimeCreated": "2023-07-19 08:59:15.976963+00:00", "RecordID": "738", "Level": "4", "UserID": "S-1-5-18", "EventData.PhaseID": "40"}
{"EventID": "10", "Channel": "Microsoft-Windows-WindowsSystemAssessmentTool/Operational", "Provider_Name": "Microsoft-Windows-WindowsSystemAssessmentTool", "Computer": "DESKTOP-OFJ6N53", "TimeCreated": "2023-07-19 08:59:15.976965+00:00", "RecordID": "739", "Level": "4", "UserID": "S-1-5-18", "EventData.PhaseID": "30"}
{"EventID": "9", "Channel": "Microsoft-Windows-WindowsSystemAssessmentTool/Operational", "Provider_Name": "Microsoft-Windows-WindowsSystemAssessmentTool", "Computer": "DESKTOP-OFJ6N53", "TimeCreated": "2023-07-19 08:59:15.979748+00:00", "RecordID": "740", "Level": "4", "UserID": "S-1-5-18", "EventData.PhaseID": "1004", "EventData.DescriptionSize": "40", "EventData.Description": "Run Assessment, disk, -wsswap -drive C:"}
{"EventID": "10", "Channel": "Microsoft-Windows-WindowsSystemAssessmentTool/Operational", "Provider_Name": "Microsoft-Windows-WindowsSystemAssessmentTool", "Computer": "DESKTOP-OFJ6N53", "TimeCreated": "2023-07-19 08:59:16.437872+00:00", "RecordID": "741", "Level": "4", "UserID": "S-1-5-18", "EventData.PhaseID": "1004"}
{"EventID": "9", "Channel": "Microsoft-Windows-WindowsSystemAssessmentTool/Operational", "Provider_Name": "Microsoft-Windows-WindowsSystemAssessmentTool", "Computer": "DESKTOP-OFJ6N53", "TimeCreated": "2023-07-19 08:59:16.437874+00:00", "RecordID": "742", "Level": "4", "UserID": "S-1-5-18", "EventData.PhaseID": "130", "EventData.DescriptionSize": "16", "EventData.Description": "Process Results"}
{"EventID": "10", "Channel": "Microsoft-Windows-WindowsSystemAssessmentTool/Operational", "Provider_Name": "Microsoft-Windows-WindowsSystemAssessmentTool", "Computer": "DESKTOP-OFJ6N53", "TimeCreated": "2023-07-19 08:59:16.453512+00:00", "RecordID": "743", "Level": "4", "UserID": "S-1-5-18", "EventData.PhaseID": "130"}
{"EventID": "9", "Channel": "Microsoft-Windows-WindowsSystemAssessmentTool/Operational", "Provider_Name": "Microsoft-Windows-WindowsSystemAssessmentTool", "Computer": "DESKTOP-OFJ6N53", "TimeCreated": "2023-07-19 08:59:16.453516+00:00", "RecordID": "744", "Level": "4", "UserID": "S-1-5-18", "EventData.PhaseID": "150", "EventData.DescriptionSize": "17", "EventData.Description": "Cleanup and exit"}
{"EventID": "9", "Channel": "Microsoft-Windows-WindowsSystemAssessmentTool/Operational", "Provider_Name": "Microsoft-Windows-WindowsSystemAssessmentTool", "Computer": "DESKTOP-OFJ6N53", "TimeCreated": "2023-07-19 08:59:16.454214+00:00", "RecordID": "745", "Level": "4", "UserID": "S-1-5-18", "EventData.PhaseID": "140", "EventData.DescriptionSize": "24", "EventData.Description": "Restore system policies"}
{"EventID": "10", "Channel": "Microsoft-Windows-WindowsSystemAssessmentTool/Operational", "Provider_Name": "Microsoft-Windows-WindowsSystemAssessmentTool", "Computer": "DESKTOP-OFJ6N53", "TimeCreated": "2023-07-19 08:59:16.455425+00:00", "RecordID": "746", "Level": "4", "UserID": "S-1-5-18", "EventData.PhaseID": "140"}
{"EventID": "3", "Channel": "Microsoft-Windows-WindowsSystemAssessmentTool/Operational", "Provider_Name": "Microsoft-Windows-WindowsSystemAssessmentTool", "Computer": "DESKTOP-OFJ6N53", "TimeCreated": "2023-07-19 08:59:16.456976+00:00", "RecordID": "747", "Level": "0", "UserID": "S-1-5-18", "EventData.ExitCode": "0"}
{"EventID": "10", "Channel": "Microsoft-Windows-WindowsSystemAssessmentTool/Operational", "Provider_Name": "Microsoft-Windows-WindowsSystemAssessmentTool", "Computer": "DESKTOP-OFJ6N53", "TimeCreated": "2023-07-19 08:59:16.456978+00:00", "RecordID": "748", "Level": "4", "UserID": "S-1-5-18", "EventData.PhaseID": "150"}
{"EventID": "1", "Channel": "Microsoft-Windows-WindowsSystemAssessmentTool/Operational", "Provider_Name": "Microsoft-Windows-WindowsSystemAssessmentTool", "Computer": "DESKTOP-OFJ6N53", "TimeCreated": "2023-08-18 10:00:23.602219+00:00", "RecordID": "749", "Level": "0", "UserID": "S-1-5-18", "EventData.StartTimeOfDay": "2023-08-18 10:00:23.601265+00:00"}
{"EventID": "9", "Channel": "Microsoft-Windows-WindowsSystemAssessmentTool/Operational", "Provider_Name": "Microsoft-Windows-WindowsSystemAssessmentTool", "Computer": "DESKTOP-OFJ6N53", "TimeCreated": "2023-08-18 10:00:23.602221+00:00", "RecordID": "750", "Level": "4", "UserID": "S-1-5-18", "EventData.PhaseID": "10", "EventData.DescriptionSize": "25", "EventData.Description": "Application Intializaton"}
{"EventID": "2", "Channel": "Microsoft-Windows-WindowsSystemAssessmentTool/Operational", "Provider_Name": "Microsoft-Windows-WindowsSystemAssessmentTool", "Computer": "DESKTOP-OFJ6N53", "TimeCreated": "2023-08-18 10:00:23.608347+00:00", "RecordID": "751", "Level": "0", "UserID": "S-1-5-18", "EventData.CommandLineSize": "45", "EventData.CommandLine": "\"C:\\Windows\\system32\\winsat.exe\" disk -wsswap"}
{"EventID": "9", "Channel": "Microsoft-Windows-WindowsSystemAssessmentTool/Operational", "Provider_Name": "Microsoft-Windows-WindowsSystemAssessmentTool", "Computer": "DESKTOP-OFJ6N53", "TimeCreated": "2023-08-18 10:00:23.608717+00:00", "RecordID": "752", "Level": "4", "UserID": "S-1-5-18", "EventData.PhaseID": "20", "EventData.DescriptionSize": "23", "EventData.Description": "Modify system policies"}
{"EventID": "10", "Channel": "Microsoft-Windows-WindowsSystemAssessmentTool/Operational", "Provider_Name": "Microsoft-Windows-WindowsSystemAssessmentTool", "Computer": "DESKTOP-OFJ6N53", "TimeCreated": "2023-08-18 10:00:23.611774+00:00", "RecordID": "753", "Level": "4", "UserID": "S-1-5-18", "EventData.PhaseID": "20"}
{"EventID": "10", "Channel": "Microsoft-Windows-WindowsSystemAssessmentTool/Operational", "Provider_Name": "Microsoft-Windows-WindowsSystemAssessmentTool", "Computer": "DESKTOP-OFJ6N53", "TimeCreated": "2023-08-18 10:00:23.611774+00:00", "RecordID": "754", "Level": "4", "UserID": "S-1-5-18", "EventData.PhaseID": "10"}
{"EventID": "9", "Channel": "Microsoft-Windows-WindowsSystemAssessmentTool/Operational", "Provider_Name": "Microsoft-Windows-WindowsSystemAssessmentTool", "Computer": "DESKTOP-OFJ6N53", "TimeCreated": "2023-08-18 10:00:23.611776+00:00", "RecordID": "755", "Level": "4", "UserID": "S-1-5-18", "EventData.PhaseID": "30", "EventData.DescriptionSize": "19", "EventData.Description": "Gathering Key Info"}
{"EventID": "9", "Channel": "Microsoft-Windows-WindowsSystemAssessmentTool/Operational", "Provider_Name": "Microsoft-Windows-WindowsSystemAssessmentTool", "Computer": "DESKTOP-OFJ6N53", "TimeCreated": "2023-08-18 10:00:23.611803+00:00", "RecordID": "756", "Level": "4", "UserID": "S-1-5-18", "EventData.PhaseID": "40", "EventData.DescriptionSize": "23", "EventData.Description": "Gather CPU information"}
{"EventID": "10", "Channel": "Microsoft-Windows-WindowsSystemAssessmentTool/Operational", "Provider_Name": "Microsoft-Windows-WindowsSystemAssessmentTool", "Computer": "DESKTOP-OFJ6N53", "TimeCreated": "2023-08-18 10:00:23.611897+00:00", "RecordID": "757", "Level": "4", "UserID": "S-1-5-18", "EventData.PhaseID": "40"}
{"EventID": "10", "Channel": "Microsoft-Windows-WindowsSystemAssessmentTool/Operational", "Provider_Name": "Microsoft-Windows-WindowsSystemAssessmentTool", "Computer": "DESKTOP-OFJ6N53", "TimeCreated": "2023-08-18 10:00:23.611898+00:00", "RecordID": "758", "Level": "4", "UserID": "S-1-5-18", "EventData.PhaseID": "30"}
{"EventID": "9", "Channel": "Microsoft-Windows-WindowsSystemAssessmentTool/Operational", "Provider_Name": "Microsoft-Windows-WindowsSystemAssessmentTool", "Computer": "DESKTOP-OFJ6N53", "TimeCreated": "2023-08-18 10:00:23.614462+00:00", "RecordID": "759", "Level": "4", "UserID": "S-1-5-18", "EventData.PhaseID": "1004", "EventData.DescriptionSize": "40", "EventData.Description": "Run Assessment, disk, -wsswap -drive C:"}
{"EventID": "10", "Channel": "Microsoft-Windows-WindowsSystemAssessmentTool/Operational", "Provider_Name": "Microsoft-Windows-WindowsSystemAssessmentTool", "Computer": "DESKTOP-OFJ6N53", "TimeCreated": "2023-08-18 10:00:24.089453+00:00", "RecordID": "760", "Level": "4", "UserID": "S-1-5-18", "EventData.PhaseID": "1004"}
{"EventID": "9", "Channel": "Microsoft-Windows-WindowsSystemAssessmentTool/Operational", "Provider_Name": "Microsoft-Windows-WindowsSystemAssessmentTool", "Computer": "DESKTOP-OFJ6N53", "TimeCreated": "2023-08-18 10:00:24.089457+00:00", "RecordID": "761", "Level": "4", "UserID": "S-1-5-18", "EventData.PhaseID": "130", "EventData.DescriptionSize": "16", "EventData.Description": "Process Results"}
{"EventID": "10", "Channel": "Microsoft-Windows-WindowsSystemAssessmentTool/Operational", "Provider_Name": "Microsoft-Windows-WindowsSystemAssessmentTool", "Computer": "DESKTOP-OFJ6N53", "TimeCreated": "2023-08-18 10:00:24.143993+00:00", "RecordID": "762", "Level": "4", "UserID": "S-1-5-18", "EventData.PhaseID": "130"}
{"EventID": "9", "Channel": "Microsoft-Windows-WindowsSystemAssessmentTool/Operational", "Provider_Name": "Microsoft-Windows-WindowsSystemAssessmentTool", "Computer": "DESKTOP-OFJ6N53", "TimeCreated": "2023-08-18 10:00:24.143995+00:00", "RecordID": "763", "Level": "4", "UserID": "S-1-5-18", "EventData.PhaseID": "150", "EventData.DescriptionSize": "17", "EventData.Description": "Cleanup and exit"}
{"EventID": "9", "Channel": "Microsoft-Windows-WindowsSystemAssessmentTool/Operational", "Provider_Name": "Microsoft-Windows-WindowsSystemAssessmentTool", "Computer": "DESKTOP-OFJ6N53", "TimeCreated": "2023-08-18 10:00:24.145168+00:00", "RecordID": "764", "Level": "4", "UserID": "S-1-5-18", "EventData.PhaseID": "140", "EventData.DescriptionSize": "24", "EventData.Description": "Restore system policies"}
{"EventID": "10", "Channel": "Microsoft-Windows-WindowsSystemAssessmentTool/Operational", "Provider_Name": "Microsoft-Windows-WindowsSystemAssessmentTool", "Computer": "DESKTOP-OFJ6N53", "TimeCreated": "2023-08-18 10:00:24.146658+00:00", "RecordID": "765", "Level": "4", "UserID": "S-1-5-18", "EventData.PhaseID": "140"}
{"EventID": "3", "Channel": "Microsoft-Windows-WindowsSystemAssessmentTool/Operational", "Provider_Name": "Microsoft-Windows-WindowsSystemAssessmentTool", "Computer": "DESKTOP-OFJ6N53", "TimeCreated": "2023-08-18 10:00:24.149698+00:00", "RecordID": "766", "Level": "0", "UserID": "S-1-5-18", "EventData.ExitCode": "0"}
{"EventID": "10", "Channel": "Microsoft-Windows-WindowsSystemAssessmentTool/Operational", "Provider_Name": "Microsoft-Windows-WindowsSystemAssessmentTool", "Computer": "DESKTOP-OFJ6N53", "TimeCreated": "2023-08-18 10:00:24.149702+00:00", "RecordID": "767", "Level": "4", "UserID": "S-1-5-18", "EventData.PhaseID": "150"}
{"EventID": "1", "Channel": "Microsoft-Windows-WindowsSystemAssessmentTool/Operational", "Provider_Name": "Microsoft-Windows-WindowsSystemAssessmentTool", "Computer": "DESKTOP-OFJ6N53", "TimeCreated": "2023-08-18 10:00:25.278099+00:00", "RecordID": "768", "Level": "0", "UserID": "S-1-5-18", "EventData.StartTimeOfDay": "2023-08-18 10:00:25.277821+00:00"}
{"EventID": "9", "Channel": "Microsoft-Windows-WindowsSystemAssessmentTool/Operational", "Provider_Name": "Microsoft-Windows-WindowsSystemAssessmentTool", "Computer": "DESKTOP-OFJ6N53", "TimeCreated": "2023-08-18 10:00:25.278101+00:00", "RecordID": "769", "Level": "4", "UserID": "S-1-5-18", "EventData.PhaseID": "10", "EventData.DescriptionSize": "25", "EventData.Description": "Application Intializaton"}
{"EventID": "2", "Channel": "Microsoft-Windows-WindowsSystemAssessmentTool/Operational", "Provider_Name": "Microsoft-Windows-WindowsSystemAssessmentTool", "Computer": "DESKTOP-OFJ6N53", "TimeCreated": "2023-08-18 10:00:25.287554+00:00", "RecordID": "770", "Level": "0", "UserID": "S-1-5-18", "EventData.CommandLineSize": "45", "EventData.CommandLine": "\"C:\\Windows\\system32\\winsat.exe\" disk -wsswap"}
{"EventID": "9", "Channel": "Microsoft-Windows-WindowsSystemAssessmentTool/Operational", "Provider_Name": "Microsoft-Windows-WindowsSystemAssessmentTool", "Computer": "DESKTOP-OFJ6N53", "TimeCreated": "2023-08-18 10:00:25.287960+00:00", "RecordID": "771", "Level": "4", "UserID": "S-1-5-18", "EventData.PhaseID": "20", "EventData.DescriptionSize": "23", "EventData.Description": "Modify system policies"}
{"EventID": "10", "Channel": "Microsoft-Windows-WindowsSystemAssessmentTool/Operational", "Provider_Name": "Microsoft-Windows-WindowsSystemAssessmentTool", "Computer": "DESKTOP-OFJ6N53", "TimeCreated": "2023-08-18 10:00:25.291578+00:00", "RecordID": "772", "Level": "4", "UserID": "S-1-5-18", "EventData.PhaseID": "20"}
{"EventID": "10", "Channel": "Microsoft-Windows-WindowsSystemAssessmentTool/Operational", "Provider_Name": "Microsoft-Windows-WindowsSystemAssessmentTool", "Computer": "DESKTOP-OFJ6N53", "TimeCreated": "2023-08-18 10:00:25.291580+00:00", "RecordID": "773", "Level": "4", "UserID": "S-1-5-18", "EventData.PhaseID": "10"}
{"EventID": "9", "Channel": "Microsoft-Windows-WindowsSystemAssessmentTool/Operational", "Provider_Name": "Microsoft-Windows-WindowsSystemAssessmentTool", "Computer": "DESKTOP-OFJ6N53", "TimeCreated": "2023-08-18 10:00:25.291582+00:00", "RecordID": "774", "Level": "4", "UserID": "S-1-5-18", "EventData.PhaseID": "30", "EventData.DescriptionSize": "19", "EventData.Description": "Gathering Key Info"}
{"EventID": "9", "Channel": "Microsoft-Windows-WindowsSystemAssessmentTool/Operational", "Provider_Name": "Microsoft-Windows-WindowsSystemAssessmentTool", "Computer": "DESKTOP-OFJ6N53", "TimeCreated": "2023-08-18 10:00:25.291590+00:00", "RecordID": "775", "Level": "4", "UserID": "S-1-5-18", "EventData.PhaseID": "40", "EventData.DescriptionSize": "23", "EventData.Description": "Gather CPU information"}
{"EventID": "10", "Channel": "Microsoft-Windows-WindowsSystemAssessmentTool/Operational", "Provider_Name": "Microsoft-Windows-WindowsSystemAssessmentTool", "Computer": "DESKTOP-OFJ6N53", "TimeCreated": "2023-08-18 10:00:25.291685+00:00", "RecordID": "776", "Level": "4", "UserID": "S-1-5-18", "EventData.PhaseID": "40"}
{"EventID": "10", "Channel": "Microsoft-Windows-WindowsSystemAssessmentTool/Operational", "Provider_Name": "Microsoft-Windows-WindowsSystemAssessmentTool", "Computer": "DESKTOP-OFJ6N53", "TimeCreated": "2023-08-18 10:00:25.291697+00:00", "RecordID": "777", "Level": "4", "UserID": "S-1-5-18", "EventData.PhaseID": "30"}
{"EventID": "9", "Channel": "Microsoft-Windows-WindowsSystemAssessmentTool/Operational", "Provider_Name": "Microsoft-Windows-WindowsSystemAssessmentTool", "Computer": "DESKTOP-OFJ6N53", "TimeCreated": "2023-08-18 10:00:25.295174+00:00", "RecordID": "778", "Level": "4", "UserID": "S-1-5-18", "EventData.PhaseID": "1004", "EventData.DescriptionSize": "40", "EventData.Description": "Run Assessment, disk, -wsswap -drive C:"}
{"EventID": "10", "Channel": "Microsoft-Windows-WindowsSystemAssessmentTool/Operational", "Provider_Name": "Microsoft-Windows-WindowsSystemAssessmentTool", "Computer": "DESKTOP-OFJ6N53", "TimeCreated": "2023-08-18 10:00:25.842676+00:00", "RecordID": "779", "Level": "4", "UserID": "S-1-5-18", "EventData.PhaseID": "1004"}
{"EventID": "9", "Channel": "Microsoft-Windows-WindowsSystemAssessmentTool/Operational", "Provider_Name": "Microsoft-Windows-WindowsSystemAssessmentTool", "Computer": "DESKTOP-OFJ6N53", "TimeCreated": "2023-08-18 10:00:25.842682+00:00", "RecordID": "780", "Level": "4", "UserID": "S-1-5-18", "EventData.PhaseID": "130", "EventData.DescriptionSize": "16", "EventData.Description": "Process Results"}
{"EventID": "10", "Channel": "Microsoft-Windows-WindowsSystemAssessmentTool/Operational", "Provider_Name": "Microsoft-Windows-WindowsSystemAssessmentTool", "Computer": "DESKTOP-OFJ6N53", "TimeCreated": "2023-08-18 10:00:25.862350+00:00", "RecordID": "781", "Level": "4", "UserID": "S-1-5-18", "EventData.PhaseID": "130"}
{"EventID": "9", "Channel": "Microsoft-Windows-WindowsSystemAssessmentTool/Operational", "Provider_Name": "Microsoft-Windows-WindowsSystemAssessmentTool", "Computer": "DESKTOP-OFJ6N53", "TimeCreated": "2023-08-18 10:00:25.862352+00:00", "RecordID": "782", "Level": "4", "UserID": "S-1-5-18", "EventData.PhaseID": "150", "EventData.DescriptionSize": "17", "EventData.Description": "Cleanup and exit"}
{"EventID": "9", "Channel": "Microsoft-Windows-WindowsSystemAssessmentTool/Operational", "Provider_Name": "Microsoft-Windows-WindowsSystemAssessmentTool", "Computer": "DESKTOP-OFJ6N53", "TimeCreated": "2023-08-18 10:00:25.863167+00:00", "RecordID": "783", "Level": "4", "UserID": "S-1-5-18", "EventData.PhaseID": "140", "EventData.DescriptionSize": "24", "EventData.Description": "Restore system policies"}
{"EventID": "10", "Channel": "Microsoft-Windows-WindowsSystemAssessmentTool/Operational", "Provider_Name": "Microsoft-Windows-WindowsSystemAssessmentTool", "Computer": "DESKTOP-OFJ6N53", "TimeCreated": "2023-08-18 10:00:25.864408+00:00", "RecordID": "784", "Level": "4", "UserID": "S-1-5-18", "EventData.PhaseID": "140"}
{"EventID": "3", "Channel": "Microsoft-Windows-WindowsSystemAssessmentTool/Operational", "Provider_Name": "Microsoft-Windows-WindowsSystemAssessmentTool", "Computer": "DESKTOP-OFJ6N53", "TimeCreated": "2023-08-18 10:00:25.865978+00:00", "RecordID": "785", "Level": "0", "UserID": "S-1-5-18", "EventData.ExitCode": "0"}
{"EventID": "10", "Channel": "Microsoft-Windows-WindowsSystemAssessmentTool/Operational", "Provider_Name": "Microsoft-Windows-WindowsSystemAssessmentTool", "Computer": "DESKTOP-OFJ6N53", "TimeCreated": "2023-08-18 10:00:25.865980+00:00", "RecordID": "786", "Level": "4", "UserID": "S-1-5-18", "EventData.PhaseID": "150"}
{"EventID": "1", "Channel": "Microsoft-Windows-WindowsSystemAssessmentTool/Operational", "Provider_Name": "Microsoft-Windows-WindowsSystemAssessmentTool", "Computer": "DESKTOP-OFJ6N53", "TimeCreated": "2023-08-24 10:00:46.212368+00:00", "RecordID": "787", "Level": "0", "UserID": "S-1-5-18", "EventData.StartTimeOfDay": "2023-08-24 10:00:46.212233+00:00"}
{"EventID": "9", "Channel": "Microsoft-Windows-WindowsSystemAssessmentTool/Operational", "Provider_Name": "Microsoft-Windows-WindowsSystemAssessmentTool", "Computer": "DESKTOP-OFJ6N53", "TimeCreated": "2023-08-24 10:00:46.212370+00:00", "RecordID": "788", "Level": "4", "UserID": "S-1-5-18", "EventData.PhaseID": "10", "EventData.DescriptionSize": "25", "EventData.Description": "Application Intializaton"}
{"EventID": "2", "Channel": "Microsoft-Windows-WindowsSystemAssessmentTool/Operational", "Provider_Name": "Microsoft-Windows-WindowsSystemAssessmentTool", "Computer": "DESKTOP-OFJ6N53", "TimeCreated": "2023-08-24 10:00:46.221966+00:00", "RecordID": "789", "Level": "0", "UserID": "S-1-5-18", "EventData.CommandLineSize": "45", "EventData.CommandLine": "\"C:\\Windows\\system32\\winsat.exe\" disk -wsswap"}
{"EventID": "9", "Channel": "Microsoft-Windows-WindowsSystemAssessmentTool/Operational", "Provider_Name": "Microsoft-Windows-WindowsSystemAssessmentTool", "Computer": "DESKTOP-OFJ6N53", "TimeCreated": "2023-08-24 10:00:46.222315+00:00", "RecordID": "790", "Level": "4", "UserID": "S-1-5-18", "EventData.PhaseID": "20", "EventData.DescriptionSize": "23", "EventData.Description": "Modify system policies"}
{"EventID": "10", "Channel": "Microsoft-Windows-WindowsSystemAssessmentTool/Operational", "Provider_Name": "Microsoft-Windows-WindowsSystemAssessmentTool", "Computer": "DESKTOP-OFJ6N53", "TimeCreated": "2023-08-24 10:00:46.228191+00:00", "RecordID": "791", "Level": "4", "UserID": "S-1-5-18", "EventData.PhaseID": "20"}
{"EventID": "10", "Channel": "Microsoft-Windows-WindowsSystemAssessmentTool/Operational", "Provider_Name": "Microsoft-Windows-WindowsSystemAssessmentTool", "Computer": "DESKTOP-OFJ6N53", "TimeCreated": "2023-08-24 10:00:46.228191+00:00", "RecordID": "792", "Level": "4", "UserID": "S-1-5-18", "EventData.PhaseID": "10"}
{"EventID": "9", "Channel": "Microsoft-Windows-WindowsSystemAssessmentTool/Operational", "Provider_Name": "Microsoft-Windows-WindowsSystemAssessmentTool", "Computer": "DESKTOP-OFJ6N53", "TimeCreated": "2023-08-24 10:00:46.228193+00:00", "RecordID": "793", "Level": "4", "UserID": "S-1-5-18", "EventData.PhaseID": "30", "EventData.DescriptionSize": "19", "EventData.Description": "Gathering Key Info"}
{"EventID": "9", "Channel": "Microsoft-Windows-WindowsSystemAssessmentTool/Operational", "Provider_Name": "Microsoft-Windows-WindowsSystemAssessmentTool", "Computer": "DESKTOP-OFJ6N53", "TimeCreated": "2023-08-24 10:00:46.228424+00:00", "RecordID": "794", "Level": "4", "UserID": "S-1-5-18", "EventData.PhaseID": "40", "EventData.DescriptionSize": "23", "EventData.Description": "Gather CPU information"}
{"EventID": "10", "Channel": "Microsoft-Windows-WindowsSystemAssessmentTool/Operational", "Provider_Name": "Microsoft-Windows-WindowsSystemAssessmentTool", "Computer": "DESKTOP-OFJ6N53", "TimeCreated": "2023-08-24 10:00:46.228508+00:00", "RecordID": "795", "Level": "4", "UserID": "S-1-5-18", "EventData.PhaseID": "40"}
{"EventID": "10", "Channel": "Microsoft-Windows-WindowsSystemAssessmentTool/Operational", "Provider_Name": "Microsoft-Windows-WindowsSystemAssessmentTool", "Computer": "DESKTOP-OFJ6N53", "TimeCreated": "2023-08-24 10:00:46.228510+00:00", "RecordID": "796", "Level": "4", "UserID": "S-1-5-18", "EventData.PhaseID": "30"}
{"EventID": "9", "Channel": "Microsoft-Windows-WindowsSystemAssessmentTool/Operational", "Provider_Name": "Microsoft-Windows-WindowsSystemAssessmentTool", "Computer": "DESKTOP-OFJ6N53", "TimeCreated": "2023-08-24 10:00:46.231215+00:00", "RecordID": "797", "Level": "4", "UserID": "S-1-5-18", "EventData.PhaseID": "1004", "EventData.DescriptionSize": "40", "EventData.Description": "Run Assessment, disk, -wsswap -drive C:"}
{"EventID": "10", "Channel": "Microsoft-Windows-WindowsSystemAssessmentTool/Operational", "Provider_Name": "Microsoft-Windows-WindowsSystemAssessmentTool", "Computer": "DESKTOP-OFJ6N53", "TimeCreated": "2023-08-24 10:00:46.692110+00:00", "RecordID": "798", "Level": "4", "UserID": "S-1-5-18", "EventData.PhaseID": "1004"}
{"EventID": "9", "Channel": "Microsoft-Windows-WindowsSystemAssessmentTool/Operational", "Provider_Name": "Microsoft-Windows-WindowsSystemAssessmentTool", "Computer": "DESKTOP-OFJ6N53", "TimeCreated": "2023-08-24 10:00:46.692114+00:00", "RecordID": "799", "Level": "4", "UserID": "S-1-5-18", "EventData.PhaseID": "130", "EventData.DescriptionSize": "16", "EventData.Description": "Process Results"}
{"EventID": "10", "Channel": "Microsoft-Windows-WindowsSystemAssessmentTool/Operational", "Provider_Name": "Microsoft-Windows-WindowsSystemAssessmentTool", "Computer": "DESKTOP-OFJ6N53", "TimeCreated": "2023-08-24 10:00:46.750845+00:00", "RecordID": "800", "Level": "4", "UserID": "S-1-5-18", "EventData.PhaseID": "130"}
{"EventID": "9", "Channel": "Microsoft-Windows-WindowsSystemAssessmentTool/Operational", "Provider_Name": "Microsoft-Windows-WindowsSystemAssessmentTool", "Computer": "DESKTOP-OFJ6N53", "TimeCreated": "2023-08-24 10:00:46.750845+00:00", "RecordID": "801", "Level": "4", "UserID": "S-1-5-18", "EventData.PhaseID": "150", "EventData.DescriptionSize": "17", "EventData.Description": "Cleanup and exit"}
{"EventID": "9", "Channel": "Microsoft-Windows-WindowsSystemAssessmentTool/Operational", "Provider_Name": "Microsoft-Windows-WindowsSystemAssessmentTool", "Computer": "DESKTOP-OFJ6N53", "TimeCreated": "2023-08-24 10:00:46.751472+00:00", "RecordID": "802", "Level": "4", "UserID": "S-1-5-18", "EventData.PhaseID": "140", "EventData.DescriptionSize": "24", "EventData.Description": "Restore system policies"}
{"EventID": "10", "Channel": "Microsoft-Windows-WindowsSystemAssessmentTool/Operational", "Provider_Name": "Microsoft-Windows-WindowsSystemAssessmentTool", "Computer": "DESKTOP-OFJ6N53", "TimeCreated": "2023-08-24 10:00:46.752775+00:00", "RecordID": "803", "Level": "4", "UserID": "S-1-5-18", "EventData.PhaseID": "140"}
{"EventID": "3", "Channel": "Microsoft-Windows-WindowsSystemAssessmentTool/Operational", "Provider_Name": "Microsoft-Windows-WindowsSystemAssessmentTool", "Computer": "DESKTOP-OFJ6N53", "TimeCreated": "2023-08-24 10:00:46.754484+00:00", "RecordID": "804", "Level": "0", "UserID": "S-1-5-18", "EventData.ExitCode": "0"}
{"EventID": "10", "Channel": "Microsoft-Windows-WindowsSystemAssessmentTool/Operational", "Provider_Name": "Microsoft-Windows-WindowsSystemAssessmentTool", "Computer": "DESKTOP-OFJ6N53", "TimeCreated": "2023-08-24 10:00:46.754486+00:00", "RecordID": "805", "Level": "4", "UserID": "S-1-5-18", "EventData.PhaseID": "150"}
{"EventID": "1", "Channel": "Microsoft-Windows-WindowsSystemAssessmentTool/Operational", "Provider_Name": "Microsoft-Windows-WindowsSystemAssessmentTool", "Computer": "DESKTOP-OFJ6N53", "TimeCreated": "2023-09-17 08:36:43.203293+00:00", "RecordID": "806", "Level": "0", "UserID": "S-1-5-18", "EventData.StartTimeOfDay": "2023-09-17 08:36:43.203196+00:00"}
{"EventID": "9", "Channel": "Microsoft-Windows-WindowsSystemAssessmentTool/Operational", "Provider_Name": "Microsoft-Windows-WindowsSystemAssessmentTool", "Computer": "DESKTOP-OFJ6N53", "TimeCreated": "2023-09-17 08:36:43.203293+00:00", "RecordID": "807", "Level": "4", "UserID": "S-1-5-18", "EventData.PhaseID": "10", "EventData.DescriptionSize": "25", "EventData.Description": "Application Intializaton"}
{"EventID": "2", "Channel": "Microsoft-Windows-WindowsSystemAssessmentTool/Operational", "Provider_Name": "Microsoft-Windows-WindowsSystemAssessmentTool", "Computer": "DESKTOP-OFJ6N53", "TimeCreated": "2023-09-17 08:36:43.217417+00:00", "RecordID": "808", "Level": "0", "UserID": "S-1-5-18", "EventData.CommandLineSize": "45", "EventData.CommandLine": "\"C:\\Windows\\system32\\winsat.exe\" disk -wsswap"}
