{"EventID": "112", "Channel": "Microsoft-Windows-DeviceSetupManager/Admin", "Provider_Name": "Microsoft-Windows-DeviceSetupManager", "Computer": "DESKTOP-OFJ6N53", "TimeCreated": "2025-08-11 15:17:19.209278+00:00", "RecordID": "56959", "Level": "4", "UserID": "S-1-5-18", "EventData.Prop_DeviceName": "USB Root Hub (USB 3.0)", "EventData.Prop_ContainerId": "{2572a949-954b-11ec-a6b8-806e6f6e6963}", "EventData.Prop_TaskCount": "4", "EventData.Prop_PropertyCount": "0", "EventData.Prop_WorkTime_MilliSeconds": "2505"}
{"EventID": "131", "Channel": "Microsoft-Windows-DeviceSetupManager/Admin", "Provider_Name": "Microsoft-Windows-DeviceSetupManager", "Computer": "DESKTOP-OFJ6N53", "TimeCreated": "2025-08-11 15:17:19.736557+00:00", "RecordID": "56960", "Level": "2", "UserID": "S-1-5-18", "EventData.Prop_ContainerId": "{2572A947-954B-11EC-A6B8-806E6F6E6963}", "EventData.HRESULT": "2147943568"}
{"EventID": "112", "Channel": "Microsoft-Windows-DeviceSetupManager/Admin", "Provider_Name": "Microsoft-Windows-DeviceSetupManager", "Computer": "DESKTOP-OFJ6N53", "TimeCreated": "2025-08-11 15:17:19.737196+00:00", "RecordID": "56961", "Level": "4", "UserID": "S-1-5-18", "EventData.Prop_DeviceName": "SAS Controller", "EventData.Prop_ContainerId": "{2572a947-954b-11ec-a6b8-806e6f6e6963}", "EventData.Prop_TaskCount": "4", "EventData.Prop_PropertyCount": "0", "EventData.Prop_WorkTime_MilliSeconds": "1833"}
{"EventID": "131", "Channel": "Microsoft-Windows-DeviceSetupManager/Admin", "Provider_Name": "Microsoft-Windows-DeviceSetupManager", "Computer": "DESKTOP-OFJ6N53", "TimeCreated": "2025-08-11 15:17:20.199759+00:00", "RecordID": "56962", "Level": "2", "UserID": "S-1-5-18", "EventData.Prop_ContainerId": "{638A814A-9AB2-8042-7EC4-097E2614E753}", "EventData.HRESULT": "2147943568"}
{"EventID": "112", "Channel": "Microsoft-Windows-DeviceSetupManager/Admin", "Provider_Name": "Microsoft-Windows-DeviceSetupManager", "Computer": "DESKTOP-OFJ6N53", "TimeCreated": "2025-08-11 15:17:20.200594+00:00", "RecordID": "56963", "Level": "4", "UserID": "S-1-5-18", "EventData.Prop_DeviceName": "OneNote for Windows 10", "EventData.Prop_ContainerId": "{638a814a-9ab2-8042-7ec4-097e2614e753}", "EventData.Prop_TaskCount": "4", "EventData.Prop_PropertyCount": "0", "EventData.Prop_WorkTime_MilliSeconds": "1608"}
{"EventID": "131", "Channel": "Microsoft-Windows-DeviceSetupManager/Admin", "Provider_Name": "Microsoft-Windows-DeviceSetupManager", "Computer": "DESKTOP-OFJ6N53", "TimeCreated": "2025-08-11 15:17:20.667421+00:00", "RecordID": "56964", "Level": "2", "UserID": "S-1-5-18", "EventData.Prop_ContainerId": "{4DF4D30C-95BA-11EC-A6BC-00059A3C7A00}", "EventData.HRESULT": "2147943568"}
{"EventID": "112", "Channel": "Microsoft-Windows-DeviceSetupManager/Admin", "Provider_Name": "Microsoft-Windows-DeviceSetupManager", "Computer": "DESKTOP-OFJ6N53", "TimeCreated": "2025-08-11 15:17:20.671436+00:00", "RecordID": "56965", "Level": "4", "UserID": "S-1-5-18", "EventData.Prop_DeviceName": "Microsoft Remote Display Adapter", "EventData.Prop_ContainerId": "{4df4d30c-95ba-11ec-a6bc-00059a3c7a00}", "EventData.Prop_TaskCount": "4", "EventData.Prop_PropertyCount": "0", "EventData.Prop_WorkTime_MilliSeconds": "2328"}
{"EventID": "131", "Channel": "Microsoft-Windows-DeviceSetupManager/Admin", "Provider_Name": "Microsoft-Windows-DeviceSetupManager", "Computer": "DESKTOP-OFJ6N53", "TimeCreated": "2025-08-11 15:17:21.028019+00:00", "RecordID": "56966", "Level": "2", "UserID": "S-1-5-18", "EventData.Prop_ContainerId": "{F12ED10B-DE75-2C0C-5FA7-C264A3B6CB55}", "EventData.HRESULT": "2147943568"}
{"EventID": "112", "Channel": "Microsoft-Windows-DeviceSetupManager/Admin", "Provider_Name": "Microsoft-Windows-DeviceSetupManager", "Computer": "DESKTOP-OFJ6N53", "TimeCreated": "2025-08-11 15:17:21.034159+00:00", "RecordID": "56967", "Level": "4", "UserID": "S-1-5-18", "EventData.Prop_DeviceName": "  OneNote 16 ( 1)", "EventData.Prop_ContainerId": "{f12ed10b-de75-2c0c-5fa7-c264a3b6cb55}", "EventData.Prop_TaskCount": "4", "EventData.Prop_PropertyCount": "34", "EventData.Prop_WorkTime_MilliSeconds": "1287"}
{"EventID": "131", "Channel": "Microsoft-Windows-DeviceSetupManager/Admin", "Provider_Name": "Microsoft-Windows-DeviceSetupManager", "Computer": "DESKTOP-OFJ6N53", "TimeCreated": "2025-08-11 15:17:21.153942+00:00", "RecordID": "56968", "Level": "2", "UserID": "S-1-5-18", "EventData.Prop_ContainerId": "{D397268A-724C-B4EF-D641-C9234BA2948B}", "EventData.HRESULT": "2147943568"}
{"EventID": "112", "Channel": "Microsoft-Windows-DeviceSetupManager/Admin", "Provider_Name": "Microsoft-Windows-DeviceSetupManager", "Computer": "DESKTOP-OFJ6N53", "TimeCreated": "2025-08-11 15:17:21.154839+00:00", "RecordID": "56969", "Level": "4", "UserID": "S-1-5-18", "EventData.Prop_DeviceName": "Microsoft Print to PDF", "EventData.Prop_ContainerId": "{d397268a-724c-b4ef-d641-c9234ba2948b}", "EventData.Prop_TaskCount": "4", "EventData.Prop_PropertyCount": "0", "EventData.Prop_WorkTime_MilliSeconds": "949"}
{"EventID": "131", "Channel": "Microsoft-Windows-DeviceSetupManager/Admin", "Provider_Name": "Microsoft-Windows-DeviceSetupManager", "Computer": "DESKTOP-OFJ6N53", "TimeCreated": "2025-08-11 15:17:21.856483+00:00", "RecordID": "56970", "Level": "2", "UserID": "S-1-5-18", "EventData.Prop_ContainerId": "{00000000-0000-0000-FFFF-FFFFFFFFFFFF}", "EventData.HRESULT": "2147943568"}
{"EventID": "112", "Channel": "Microsoft-Windows-DeviceSetupManager/Admin", "Provider_Name": "Microsoft-Windows-DeviceSetupManager", "Computer": "DESKTOP-OFJ6N53", "TimeCreated": "2025-08-11 15:17:21.859591+00:00", "RecordID": "56971", "Level": "4", "UserID": "S-1-5-18", "EventData.Prop_DeviceName": "DESKTOP-OFJ6N53", "EventData.Prop_ContainerId": "{00000000-0000-0000-ffff-ffffffffffff}", "EventData.Prop_TaskCount": "4", "EventData.Prop_PropertyCount": "40", "EventData.Prop_WorkTime_MilliSeconds": "2634"}
{"EventID": "131", "Channel": "Microsoft-Windows-DeviceSetupManager/Admin", "Provider_Name": "Microsoft-Windows-DeviceSetupManager", "Computer": "DESKTOP-OFJ6N53", "TimeCreated": "2025-08-11 15:17:24.571695+00:00", "RecordID": "56972", "Level": "2", "UserID": "S-1-5-18", "EventData.Prop_ContainerId": "{C641391B-F276-0E02-33FF-F4A08F4AF52E}", "EventData.HRESULT": "2147943568"}
{"EventID": "112", "Channel": "Microsoft-Windows-DeviceSetupManager/Admin", "Provider_Name": "Microsoft-Windows-DeviceSetupManager", "Computer": "DESKTOP-OFJ6N53", "TimeCreated": "2025-08-11 15:17:24.574202+00:00", "RecordID": "56973", "Level": "4", "UserID": "S-1-5-18", "EventData.Prop_DeviceName": "OneNote for Windows 10 ( 1)", "EventData.Prop_ContainerId": "{c641391b-f276-0e02-33ff-f4a08f4af52e}", "EventData.Prop_TaskCount": "4", "EventData.Prop_PropertyCount": "34", "EventData.Prop_WorkTime_MilliSeconds": "1843"}
{"EventID": "131", "Channel": "Microsoft-Windows-DeviceSetupManager/Admin", "Provider_Name": "Microsoft-Windows-DeviceSetupManager", "Computer": "DESKTOP-OFJ6N53", "TimeCreated": "2025-08-11 15:17:26.976320+00:00", "RecordID": "56974", "Level": "2", "UserID": "S-1-5-18", "EventData.Prop_ContainerId": "{82CDF178-F779-8038-0F43-FD11768B89E3}", "EventData.HRESULT": "2147943568"}
{"EventID": "112", "Channel": "Microsoft-Windows-DeviceSetupManager/Admin", "Provider_Name": "Microsoft-Windows-DeviceSetupManager", "Computer": "DESKTOP-OFJ6N53", "TimeCreated": "2025-08-11 15:17:26.978975+00:00", "RecordID": "56975", "Level": "4", "UserID": "S-1-5-18", "EventData.Prop_DeviceName": "VersaLink C8000 ( 1)", "EventData.Prop_ContainerId": "{82cdf178-f779-8038-0f43-fd11768b89e3}", "EventData.Prop_TaskCount": "4", "EventData.Prop_PropertyCount": "34", "EventData.Prop_WorkTime_MilliSeconds": "291"}
{"EventID": "131", "Channel": "Microsoft-Windows-DeviceSetupManager/Admin", "Provider_Name": "Microsoft-Windows-DeviceSetupManager", "Computer": "DESKTOP-OFJ6N53", "TimeCreated": "2025-08-11 15:17:29.740061+00:00", "RecordID": "56976", "Level": "2", "UserID": "S-1-5-18", "EventData.Prop_ContainerId": "{7EFCBE4E-A3A2-0C99-EC8F-27D6801A396F}", "EventData.HRESULT": "2147943568"}
{"EventID": "112", "Channel": "Microsoft-Windows-DeviceSetupManager/Admin", "Provider_Name": "Microsoft-Windows-DeviceSetupManager", "Computer": "DESKTOP-OFJ6N53", "TimeCreated": "2025-08-11 15:17:29.748600+00:00", "RecordID": "56977", "Level": "4", "UserID": "S-1-5-18", "EventData.Prop_DeviceName": "OneNote for Windows 10 ( 1)", "EventData.Prop_ContainerId": "{7efcbe4e-a3a2-0c99-ec8f-27d6801a396f}", "EventData.Prop_TaskCount": "4", "EventData.Prop_PropertyCount": "42", "EventData.Prop_WorkTime_MilliSeconds": "500"}
{"EventID": "131", "Channel": "Microsoft-Windows-DeviceSetupManager/Admin", "Provider_Name": "Microsoft-Windows-DeviceSetupManager", "Computer": "DESKTOP-OFJ6N53", "TimeCreated": "2025-08-11 15:17:32.357208+00:00", "RecordID": "56978", "Level": "2", "UserID": "S-1-5-18", "EventData.Prop_ContainerId": "{9FDB06AE-3C11-C5C2-6F79-B527957711B5}", "EventData.HRESULT": "2147943568"}
{"EventID": "112", "Channel": "Microsoft-Windows-DeviceSetupManager/Admin", "Provider_Name": "Microsoft-Windows-DeviceSetupManager", "Computer": "DESKTOP-OFJ6N53", "TimeCreated": "2025-08-11 15:17:32.360687+00:00", "RecordID": "56979", "Level": "4", "UserID": "S-1-5-18", "EventData.Prop_DeviceName": "HP Color LaserJet Pro M479 PCL 6 (V3) ( 1)", "EventData.Prop_ContainerId": "{9fdb06ae-3c11-c5c2-6f79-b527957711b5}", "EventData.Prop_TaskCount": "4", "EventData.Prop_PropertyCount": "34", "EventData.Prop_WorkTime_MilliSeconds": "859"}
{"EventID": "131", "Channel": "Microsoft-Windows-DeviceSetupManager/Admin", "Provider_Name": "Microsoft-Windows-DeviceSetupManager", "Computer": "DESKTOP-OFJ6N53", "TimeCreated": "2025-08-11 15:17:35.236498+00:00", "RecordID": "56980", "Level": "2", "UserID": "S-1-5-18", "EventData.Prop_ContainerId": "{9255C28B-421B-FD2A-4CA7-D7BAC659C1BD}", "EventData.HRESULT": "2147943568"}
{"EventID": "112", "Channel": "Microsoft-Windows-DeviceSetupManager/Admin", "Provider_Name": "Microsoft-Windows-DeviceSetupManager", "Computer": "DESKTOP-OFJ6N53", "TimeCreated": "2025-08-11 15:17:35.239565+00:00", "RecordID": "56981", "Level": "4", "UserID": "S-1-5-18", "EventData.Prop_DeviceName": "VersaLink C8000 ( 1)", "EventData.Prop_ContainerId": "{9255c28b-421b-fd2a-4ca7-d7bac659c1bd}", "EventData.Prop_TaskCount": "4", "EventData.Prop_PropertyCount": "34", "EventData.Prop_WorkTime_MilliSeconds": "562"}
{"EventID": "131", "Channel": "Microsoft-Windows-DeviceSetupManager/Admin", "Provider_Name": "Microsoft-Windows-DeviceSetupManager", "Computer": "DESKTOP-OFJ6N53", "TimeCreated": "2025-08-11 15:17:37.464130+00:00", "RecordID": "56982", "Level": "2", "UserID": "S-1-5-18", "EventData.Prop_ContainerId": "{C2AFB711-E01D-B859-69EE-8DFDB945EBF1}", "EventData.HRESULT": "2147943568"}
{"EventID": "112", "Channel": "Microsoft-Windows-DeviceSetupManager/Admin", "Provider_Name": "Microsoft-Windows-DeviceSetupManager", "Computer": "DESKTOP-OFJ6N53", "TimeCreated": "2025-08-11 15:17:37.469309+00:00", "RecordID": "56983", "Level": "4", "UserID": "S-1-5-18", "EventData.Prop_DeviceName": "Microsoft Print to PDF ( 1)", "EventData.Prop_ContainerId": "{c2afb711-e01d-b859-69ee-8dfdb945ebf1}", "EventData.Prop_TaskCount": "4", "EventData.Prop_PropertyCount": "34", "EventData.Prop_WorkTime_MilliSeconds": "609"}
{"EventID": "131", "Channel": "Microsoft-Windows-DeviceSetupManager/Admin", "Provider_Name": "Microsoft-Windows-DeviceSetupManager", "Computer": "DESKTOP-OFJ6N53", "TimeCreated": "2025-08-11 15:17:42.357258+00:00", "RecordID": "56984", "Level": "2", "UserID": "S-1-5-18", "EventData.Prop_ContainerId": "{54F0286C-EA13-0B79-04AC-ED9E98FB1596}", "EventData.HRESULT": "2147943568"}
{"EventID": "112", "Channel": "Microsoft-Windows-DeviceSetupManager/Admin", "Provider_Name": "Microsoft-Windows-DeviceSetupManager", "Computer": "DESKTOP-OFJ6N53", "TimeCreated": "2025-08-11 15:17:42.359644+00:00", "RecordID": "56985", "Level": "4", "UserID": "S-1-5-18", "EventData.Prop_DeviceName": "HP Color LaserJet Pro M479 PCL 6 (V3) ( 1)", "EventData.Prop_ContainerId": "{54f0286c-ea13-0b79-04ac-ed9e98fb1596}", "EventData.Prop_TaskCount": "4", "EventData.Prop_PropertyCount": "34", "EventData.Prop_WorkTime_MilliSeconds": "484"}
{"EventID": "101", "Channel": "Microsoft-Windows-DeviceSetupManager/Admin", "Provider_Name": "Microsoft-Windows-DeviceSetupManager", "Computer": "DESKTOP-OFJ6N53", "TimeCreated": "2025-08-11 15:18:27.433445+00:00", "RecordID": "56986", "Level": "4", "UserID": "S-1-5-18", "EventData.Prop_UpTime_Seconds": "81", "EventData.Prop_WorkTime_MilliSeconds": "20655"}
{"EventID": "100", "Channel": "Microsoft-Windows-DeviceSetupManager/Admin", "Provider_Name": "Microsoft-Windows-DeviceSetupManager", "Computer": "DESKTOP-OFJ6N53", "TimeCreated": "2025-08-12 11:56:49.443726+00:00", "RecordID": "56987", "Level": "4", "UserID": "S-1-5-18", "EventData.Prop_CoreServiceMode": "0", "EventData.Prop_Event_Window_Seconds": "74301"}
{"EventID": "131", "Channel": "Microsoft-Windows-DeviceSetupManager/Admin", "Provider_Name": "Microsoft-Windows-DeviceSetupManager", "Computer": "DESKTOP-OFJ6N53", "TimeCreated": "2025-08-12 11:56:50.982447+00:00", "RecordID": "56988", "Level": "2", "UserID": "S-1-5-18", "EventData.Prop_ContainerId": "{2572A948-954B-11EC-A6B8-806E6F6E6963}", "EventData.HRESULT": "2147943568"}
{"EventID": "112", "Channel": "Microsoft-Windows-DeviceSetupManager/Admin", "Provider_Name": "Microsoft-Windows-DeviceSetupManager", "Computer": "DESKTOP-OFJ6N53", "TimeCreated": "2025-08-12 11:56:50.985216+00:00", "RecordID": "56989", "Level": "4", "UserID": "S-1-5-18", "EventData.Prop_DeviceName": "Intel(R) 82574L Gigabit Network Connection", "EventData.Prop_ContainerId": "{2572a948-954b-11ec-a6b8-806e6f6e6963}", "EventData.Prop_TaskCount": "4", "EventData.Prop_PropertyCount": "0", "EventData.Prop_WorkTime_MilliSeconds": "1441"}
{"EventID": "131", "Channel": "Microsoft-Windows-DeviceSetupManager/Admin", "Provider_Name": "Microsoft-Windows-DeviceSetupManager", "Computer": "DESKTOP-OFJ6N53", "TimeCreated": "2025-08-12 11:56:51.979525+00:00", "RecordID": "56990", "Level": "2", "UserID": "S-1-5-18", "EventData.Prop_ContainerId": "{EB3E824A-9B15-11EC-A6BD-00059A3C7A00}", "EventData.HRESULT": "2147943568"}
{"EventID": "112", "Channel": "Microsoft-Windows-DeviceSetupManager/Admin", "Provider_Name": "Microsoft-Windows-DeviceSetupManager", "Computer": "DESKTOP-OFJ6N53", "TimeCreated": "2025-08-12 11:56:51.980511+00:00", "RecordID": "56991", "Level": "4", "UserID": "S-1-5-18", "EventData.Prop_DeviceName": "VMware Virtual USB Hub", "EventData.Prop_ContainerId": "{eb3e824a-9b15-11ec-a6bd-00059a3c7a00}", "EventData.Prop_TaskCount": "4", "EventData.Prop_PropertyCount": "0", "EventData.Prop_WorkTime_MilliSeconds": "2472"}
{"EventID": "131", "Channel": "Microsoft-Windows-DeviceSetupManager/Admin", "Provider_Name": "Microsoft-Windows-DeviceSetupManager", "Computer": "DESKTOP-OFJ6N53", "TimeCreated": "2025-08-12 11:56:52.663671+00:00", "RecordID": "56992", "Level": "2", "UserID": "S-1-5-18", "EventData.Prop_ContainerId": "{B01CB9B2-9E9C-11EC-A6BD-00059A3C7A00}", "EventData.HRESULT": "2147943568"}
{"EventID": "112", "Channel": "Microsoft-Windows-DeviceSetupManager/Admin", "Provider_Name": "Microsoft-Windows-DeviceSetupManager", "Computer": "DESKTOP-OFJ6N53", "TimeCreated": "2025-08-12 11:56:52.664669+00:00", "RecordID": "56993", "Level": "4", "UserID": "S-1-5-18", "EventData.Prop_DeviceName": "Citrix Indirect Display Adapter", "EventData.Prop_ContainerId": "{b01cb9b2-9e9c-11ec-a6bd-00059a3c7a00}", "EventData.Prop_TaskCount": "4", "EventData.Prop_PropertyCount": "0", "EventData.Prop_WorkTime_MilliSeconds": "3103"}
{"EventID": "131", "Channel": "Microsoft-Windows-DeviceSetupManager/Admin", "Provider_Name": "Microsoft-Windows-DeviceSetupManager", "Computer": "DESKTOP-OFJ6N53", "TimeCreated": "2025-08-12 11:56:53.454988+00:00", "RecordID": "56994", "Level": "2", "UserID": "S-1-5-18", "EventData.Prop_ContainerId": "{CA0E9E80-3E97-FCAC-730A-8CB080FA2581}", "EventData.HRESULT": "2147943568"}
{"EventID": "112", "Channel": "Microsoft-Windows-DeviceSetupManager/Admin", "Provider_Name": "Microsoft-Windows-DeviceSetupManager", "Computer": "DESKTOP-OFJ6N53", "TimeCreated": "2025-08-12 11:56:53.455723+00:00", "RecordID": "56995", "Level": "4", "UserID": "S-1-5-18", "EventData.Prop_DeviceName": "Fax", "EventData.Prop_ContainerId": "{ca0e9e80-3e97-fcac-730a-8cb080fa2581}", "EventData.Prop_TaskCount": "4", "EventData.Prop_PropertyCount": "0", "EventData.Prop_WorkTime_MilliSeconds": "3884"}
{"EventID": "131", "Channel": "Microsoft-Windows-DeviceSetupManager/Admin", "Provider_Name": "Microsoft-Windows-DeviceSetupManager", "Computer": "DESKTOP-OFJ6N53", "TimeCreated": "2025-08-12 11:56:54.223232+00:00", "RecordID": "56996", "Level": "2", "UserID": "S-1-5-18", "EventData.Prop_ContainerId": "{DE091710-7C03-4930-9CF6-A8AEC12EB051}", "EventData.HRESULT": "2147943568"}
{"EventID": "112", "Channel": "Microsoft-Windows-DeviceSetupManager/Admin", "Provider_Name": "Microsoft-Windows-DeviceSetupManager", "Computer": "DESKTOP-OFJ6N53", "TimeCreated": "2025-08-12 11:56:54.487123+00:00", "RecordID": "56997", "Level": "4", "UserID": "S-1-5-18", "EventData.Prop_DeviceName": "Generic Non-PnP Monitor", "EventData.Prop_ContainerId": "{de091710-7c03-4930-9cf6-a8aec12eb051}", "EventData.Prop_TaskCount": "4", "EventData.Prop_PropertyCount": "42", "EventData.Prop_WorkTime_MilliSeconds": "3223"}
{"EventID": "131", "Channel": "Microsoft-Windows-DeviceSetupManager/Admin", "Provider_Name": "Microsoft-Windows-DeviceSetupManager", "Computer": "DESKTOP-OFJ6N53", "TimeCreated": "2025-08-12 11:56:54.863148+00:00", "RecordID": "56998", "Level": "2", "UserID": "S-1-5-18", "EventData.Prop_ContainerId": "{2572A968-954B-11EC-A6B8-806E6F6E6963}", "EventData.HRESULT": "2147943568"}
{"EventID": "112", "Channel": "Microsoft-Windows-DeviceSetupManager/Admin", "Provider_Name": "Microsoft-Windows-DeviceSetupManager", "Computer": "DESKTOP-OFJ6N53", "TimeCreated": "2025-08-12 11:56:54.864637+00:00", "RecordID": "56999", "Level": "4", "UserID": "S-1-5-18", "EventData.Prop_DeviceName": "VMware Virtual USB Mouse", "EventData.Prop_ContainerId": "{2572a968-954b-11ec-a6b8-806e6f6e6963}", "EventData.Prop_TaskCount": "4", "EventData.Prop_PropertyCount": "0", "EventData.Prop_WorkTime_MilliSeconds": "2869"}
{"EventID": "131", "Channel": "Microsoft-Windows-DeviceSetupManager/Admin", "Provider_Name": "Microsoft-Windows-DeviceSetupManager", "Computer": "DESKTOP-OFJ6N53", "TimeCreated": "2025-08-12 11:56:55.377480+00:00", "RecordID": "57000", "Level": "2", "UserID": "S-1-5-18", "EventData.Prop_ContainerId": "{0A568158-2954-F19C-89F3-03ACAEE1F85E}", "EventData.HRESULT": "2147943568"}
{"EventID": "112", "Channel": "Microsoft-Windows-DeviceSetupManager/Admin", "Provider_Name": "Microsoft-Windows-DeviceSetupManager", "Computer": "DESKTOP-OFJ6N53", "TimeCreated": "2025-08-12 11:56:55.382687+00:00", "RecordID": "57001", "Level": "4", "UserID": "S-1-5-18", "EventData.Prop_DeviceName": "Microsoft XPS Document Writer", "EventData.Prop_ContainerId": "{0a568158-2954-f19c-89f3-03acaee1f85e}", "EventData.Prop_TaskCount": "4", "EventData.Prop_PropertyCount": "0", "EventData.Prop_WorkTime_MilliSeconds": "2718"}
{"EventID": "131", "Channel": "Microsoft-Windows-DeviceSetupManager/Admin", "Provider_Name": "Microsoft-Windows-DeviceSetupManager", "Computer": "DESKTOP-OFJ6N53", "TimeCreated": "2025-08-12 11:56:55.715311+00:00", "RecordID": "57002", "Level": "2", "UserID": "S-1-5-18", "EventData.Prop_ContainerId": "{2572A954-954B-11EC-A6B8-806E6F6E6963}", "EventData.HRESULT": "2147943568"}
{"EventID": "112", "Channel": "Microsoft-Windows-DeviceSetupManager/Admin", "Provider_Name": "Microsoft-Windows-DeviceSetupManager", "Computer": "DESKTOP-OFJ6N53", "TimeCreated": "2025-08-12 11:56:55.716232+00:00", "RecordID": "57003", "Level": "4", "UserID": "S-1-5-18", "EventData.Prop_DeviceName": "VMware Virtual disk SCSI Disk Device", "EventData.Prop_ContainerId": "{2572a954-954b-11ec-a6b8-806e6f6e6963}", "EventData.Prop_TaskCount": "4", "EventData.Prop_PropertyCount": "0", "EventData.Prop_WorkTime_MilliSeconds": "2265"}
{"EventID": "131", "Channel": "Microsoft-Windows-DeviceSetupManager/Admin", "Provider_Name": "Microsoft-Windows-DeviceSetupManager", "Computer": "DESKTOP-OFJ6N53", "TimeCreated": "2025-08-12 11:56:56.271042+00:00", "RecordID": "57004", "Level": "2", "UserID": "S-1-5-18", "EventData.Prop_ContainerId": "{2572A949-954B-11EC-A6B8-806E6F6E6963}", "EventData.HRESULT": "2147943568"}
{"EventID": "112", "Channel": "Microsoft-Windows-DeviceSetupManager/Admin", "Provider_Name": "Microsoft-Windows-DeviceSetupManager", "Computer": "DESKTOP-OFJ6N53", "TimeCreated": "2025-08-12 11:56:56.278183+00:00", "RecordID": "57005", "Level": "4", "UserID": "S-1-5-18", "EventData.Prop_DeviceName": "USB Root Hub (USB 3.0)", "EventData.Prop_ContainerId": "{2572a949-954b-11ec-a6b8-806e6f6e6963}", "EventData.Prop_TaskCount": "4", "EventData.Prop_PropertyCount": "0", "EventData.Prop_WorkTime_MilliSeconds": "1421"}
{"EventID": "131", "Channel": "Microsoft-Windows-DeviceSetupManager/Admin", "Provider_Name": "Microsoft-Windows-DeviceSetupManager", "Computer": "DESKTOP-OFJ6N53", "TimeCreated": "2025-08-12 11:56:56.766783+00:00", "RecordID": "57006", "Level": "2", "UserID": "S-1-5-18", "EventData.Prop_ContainerId": "{EB3E8249-9B15-11EC-A6BD-00059A3C7A00}", "EventData.HRESULT": "2147943568"}
{"EventID": "112", "Channel": "Microsoft-Windows-DeviceSetupManager/Admin", "Provider_Name": "Microsoft-Windows-DeviceSetupManager", "Computer": "DESKTOP-OFJ6N53", "TimeCreated": "2025-08-12 11:56:56.772095+00:00", "RecordID": "57007", "Level": "4", "UserID": "S-1-5-18", "EventData.Prop_DeviceName": "VMware Virtual USB Hub", "EventData.Prop_ContainerId": "{eb3e8249-9b15-11ec-a6bd-00059a3c7a00}", "EventData.Prop_TaskCount": "4", "EventData.Prop_PropertyCount": "0", "EventData.Prop_WorkTime_MilliSeconds": "2291"}
{"EventID": "131", "Channel": "Microsoft-Windows-DeviceSetupManager/Admin", "Provider_Name": "Microsoft-Windows-DeviceSetupManager", "Computer": "DESKTOP-OFJ6N53", "TimeCreated": "2025-08-12 11:56:57.302593+00:00", "RecordID": "57008", "Level": "2", "UserID": "S-1-5-18", "EventData.Prop_ContainerId": "{298580E3-E0E9-5B21-9699-52225753EF2E}", "EventData.HRESULT": "2147943568"}
{"EventID": "112", "Channel": "Microsoft-Windows-DeviceSetupManager/Admin", "Provider_Name": "Microsoft-Windows-DeviceSetupManager", "Computer": "DESKTOP-OFJ6N53", "TimeCreated": "2025-08-12 11:56:57.302593+00:00", "RecordID": "57009", "Level": "4", "UserID": "S-1-5-18", "EventData.Prop_DeviceName": "Generic Non-PnP Monitor", "EventData.Prop_ContainerId": "{298580e3-e0e9-5b21-9699-52225753ef2e}", "EventData.Prop_TaskCount": "4", "EventData.Prop_PropertyCount": "0", "EventData.Prop_WorkTime_MilliSeconds": "1906"}
{"EventID": "131", "Channel": "Microsoft-Windows-DeviceSetupManager/Admin", "Provider_Name": "Microsoft-Windows-DeviceSetupManager", "Computer": "DESKTOP-OFJ6N53", "TimeCreated": "2025-08-12 11:56:57.921408+00:00", "RecordID": "57010", "Level": "2", "UserID": "S-1-5-18", "EventData.Prop_ContainerId": "{2572A947-954B-11EC-A6B8-806E6F6E6963}", "EventData.HRESULT": "2147943568"}
{"EventID": "112", "Channel": "Microsoft-Windows-DeviceSetupManager/Admin", "Provider_Name": "Microsoft-Windows-DeviceSetupManager", "Computer": "DESKTOP-OFJ6N53", "TimeCreated": "2025-08-12 11:56:58.039387+00:00", "RecordID": "57011", "Level": "4", "UserID": "S-1-5-18", "EventData.Prop_DeviceName": "SAS Controller", "EventData.Prop_ContainerId": "{2572a947-954b-11ec-a6b8-806e6f6e6963}", "EventData.Prop_TaskCount": "4", "EventData.Prop_PropertyCount": "0", "EventData.Prop_WorkTime_MilliSeconds": "2328"}
{"EventID": "131", "Channel": "Microsoft-Windows-DeviceSetupManager/Admin", "Provider_Name": "Microsoft-Windows-DeviceSetupManager", "Computer": "DESKTOP-OFJ6N53", "TimeCreated": "2025-08-12 11:56:58.474701+00:00", "RecordID": "57012", "Level": "2", "UserID": "S-1-5-18", "EventData.Prop_ContainerId": "{4DF4D30C-95BA-11EC-A6BC-00059A3C7A00}", "EventData.HRESULT": "2147943568"}
{"EventID": "112", "Channel": "Microsoft-Windows-DeviceSetupManager/Admin", "Provider_Name": "Microsoft-Windows-DeviceSetupManager", "Computer": "DESKTOP-OFJ6N53", "TimeCreated": "2025-08-12 11:56:58.475430+00:00", "RecordID": "57013", "Level": "4", "UserID": "S-1-5-18", "EventData.Prop_DeviceName": "Microsoft Remote Display Adapter", "EventData.Prop_ContainerId": "{4df4d30c-95ba-11ec-a6bc-00059a3c7a00}", "EventData.Prop_TaskCount": "4", "EventData.Prop_PropertyCount": "0", "EventData.Prop_WorkTime_MilliSeconds": "2203"}
{"EventID": "131", "Channel": "Microsoft-Windows-DeviceSetupManager/Admin", "Provider_Name": "Microsoft-Windows-DeviceSetupManager", "Computer": "DESKTOP-OFJ6N53", "TimeCreated": "2025-08-12 11:56:58.767620+00:00", "RecordID": "57014", "Level": "2", "UserID": "S-1-5-18", "EventData.Prop_ContainerId": "{638A814A-9AB2-8042-7EC4-097E2614E753}", "EventData.HRESULT": "2147943568"}
{"EventID": "112", "Channel": "Microsoft-Windows-DeviceSetupManager/Admin", "Provider_Name": "Microsoft-Windows-DeviceSetupManager", "Computer": "DESKTOP-OFJ6N53", "TimeCreated": "2025-08-12 11:56:59.019781+00:00", "RecordID": "57015", "Level": "4", "UserID": "S-1-5-18", "EventData.Prop_DeviceName": "OneNote for Windows 10", "EventData.Prop_ContainerId": "{638a814a-9ab2-8042-7ec4-097e2614e753}", "EventData.Prop_TaskCount": "4", "EventData.Prop_PropertyCount": "0", "EventData.Prop_WorkTime_MilliSeconds": "1984"}
{"EventID": "131", "Channel": "Microsoft-Windows-DeviceSetupManager/Admin", "Provider_Name": "Microsoft-Windows-DeviceSetupManager", "Computer": "DESKTOP-OFJ6N53", "TimeCreated": "2025-08-12 11:56:59.468498+00:00", "RecordID": "57016", "Level": "2", "UserID": "S-1-5-18", "EventData.Prop_ContainerId": "{D397268A-724C-B4EF-D641-C9234BA2948B}", "EventData.HRESULT": "2147943568"}
{"EventID": "112", "Channel": "Microsoft-Windows-DeviceSetupManager/Admin", "Provider_Name": "Microsoft-Windows-DeviceSetupManager", "Computer": "DESKTOP-OFJ6N53", "TimeCreated": "2025-08-12 11:56:59.473272+00:00", "RecordID": "57017", "Level": "4", "UserID": "S-1-5-18", "EventData.Prop_DeviceName": "Microsoft Print to PDF", "EventData.Prop_ContainerId": "{d397268a-724c-b4ef-d641-c9234ba2948b}", "EventData.Prop_TaskCount": "4", "EventData.Prop_PropertyCount": "0", "EventData.Prop_WorkTime_MilliSeconds": "1422"}
{"EventID": "131", "Channel": "Microsoft-Windows-DeviceSetupManager/Admin", "Provider_Name": "Microsoft-Windows-DeviceSetupManager", "Computer": "DESKTOP-OFJ6N53", "TimeCreated": "2025-08-12 11:56:59.777420+00:00", "RecordID": "57018", "Level": "2", "UserID": "S-1-5-18", "EventData.Prop_ContainerId": "{00000000-0000-0000-FFFF-FFFFFFFFFFFF}", "EventData.HRESULT": "2147943568"}
{"EventID": "112", "Channel": "Microsoft-Windows-DeviceSetupManager/Admin", "Provider_Name": "Microsoft-Windows-DeviceSetupManager", "Computer": "DESKTOP-OFJ6N53", "TimeCreated": "2025-08-12 11:56:59.779964+00:00", "RecordID": "57019", "Level": "4", "UserID": "S-1-5-18", "EventData.Prop_DeviceName": "DESKTOP-OFJ6N53", "EventData.Prop_ContainerId": "{00000000-0000-0000-ffff-ffffffffffff}", "EventData.Prop_TaskCount": "4", "EventData.Prop_PropertyCount": "40", "EventData.Prop_WorkTime_MilliSeconds": "2484"}
{"EventID": "101", "Channel": "Microsoft-Windows-DeviceSetupManager/Admin", "Provider_Name": "Microsoft-Windows-DeviceSetupManager", "Computer": "DESKTOP-OFJ6N53", "TimeCreated": "2025-08-12 11:57:44.774693+00:00", "RecordID": "57020", "Level": "4", "UserID": "S-1-5-18", "EventData.Prop_UpTime_Seconds": "55", "EventData.Prop_WorkTime_MilliSeconds": "10311"}
{"EventID": "100", "Channel": "Microsoft-Windows-DeviceSetupManager/Admin", "Provider_Name": "Microsoft-Windows-DeviceSetupManager", "Computer": "DESKTOP-OFJ6N53", "TimeCreated": "2025-08-12 12:10:15.969074+00:00", "RecordID": "57021", "Level": "4", "UserID": "S-1-5-18", "EventData.Prop_CoreServiceMode": "0", "EventData.Prop_Event_Window_Seconds": "751"}
{"EventID": "131", "Channel": "Microsoft-Windows-DeviceSetupManager/Admin", "Provider_Name": "Microsoft-Windows-DeviceSetupManager", "Computer": "DESKTOP-OFJ6N53", "TimeCreated": "2025-08-12 12:10:20.333635+00:00", "RecordID": "57022", "Level": "2", "UserID": "S-1-5-18", "EventData.Prop_ContainerId": "{638A814A-9AB2-8042-7EC4-097E2614E753}", "EventData.HRESULT": "2147943568"}
{"EventID": "112", "Channel": "Microsoft-Windows-DeviceSetupManager/Admin", "Provider_Name": "Microsoft-Windows-DeviceSetupManager", "Computer": "DESKTOP-OFJ6N53", "TimeCreated": "2025-08-12 12:10:20.334446+00:00", "RecordID": "57023", "Level": "4", "UserID": "S-1-5-18", "EventData.Prop_DeviceName": "OneNote for Windows 10", "EventData.Prop_ContainerId": "{638a814a-9ab2-8042-7ec4-097e2614e753}", "EventData.Prop_TaskCount": "4", "EventData.Prop_PropertyCount": "0", "EventData.Prop_WorkTime_MilliSeconds": "4175"}
{"EventID": "131", "Channel": "Microsoft-Windows-DeviceSetupManager/Admin", "Provider_Name": "Microsoft-Windows-DeviceSetupManager", "Computer": "DESKTOP-OFJ6N53", "TimeCreated": "2025-08-12 12:10:21.767145+00:00", "RecordID": "57024", "Level": "2", "UserID": "S-1-5-18", "EventData.Prop_ContainerId": "{2572A947-954B-11EC-A6B8-806E6F6E6963}", "EventData.HRESULT": "2147943568"}
{"EventID": "112", "Channel": "Microsoft-Windows-DeviceSetupManager/Admin", "Provider_Name": "Microsoft-Windows-DeviceSetupManager", "Computer": "DESKTOP-OFJ6N53", "TimeCreated": "2025-08-12 12:10:21.767864+00:00", "RecordID": "57025", "Level": "4", "UserID": "S-1-5-18", "EventData.Prop_DeviceName": "SAS Controller", "EventData.Prop_ContainerId": "{2572a947-954b-11ec-a6b8-806e6f6e6963}", "EventData.Prop_TaskCount": "4", "EventData.Prop_PropertyCount": "0", "EventData.Prop_WorkTime_MilliSeconds": "5157"}
{"EventID": "131", "Channel": "Microsoft-Windows-DeviceSetupManager/Admin", "Provider_Name": "Microsoft-Windows-DeviceSetupManager", "Computer": "DESKTOP-OFJ6N53", "TimeCreated": "2025-08-12 12:10:23.246864+00:00", "RecordID": "57026", "Level": "2", "UserID": "S-1-5-18", "EventData.Prop_ContainerId": "{2572A948-954B-11EC-A6B8-806E6F6E6963}", "EventData.HRESULT": "2147943568"}
{"EventID": "112", "Channel": "Microsoft-Windows-DeviceSetupManager/Admin", "Provider_Name": "Microsoft-Windows-DeviceSetupManager", "Computer": "DESKTOP-OFJ6N53", "TimeCreated": "2025-08-12 12:10:23.247507+00:00", "RecordID": "57027", "Level": "4", "UserID": "S-1-5-18", "EventData.Prop_DeviceName": "Intel(R) 82574L Gigabit Network Connection", "EventData.Prop_ContainerId": "{2572a948-954b-11ec-a6b8-806e6f6e6963}", "EventData.Prop_TaskCount": "4", "EventData.Prop_PropertyCount": "0", "EventData.Prop_WorkTime_MilliSeconds": "6619"}
{"EventID": "131", "Channel": "Microsoft-Windows-DeviceSetupManager/Admin", "Provider_Name": "Microsoft-Windows-DeviceSetupManager", "Computer": "DESKTOP-OFJ6N53", "TimeCreated": "2025-08-12 12:10:24.691345+00:00", "RecordID": "57028", "Level": "2", "UserID": "S-1-5-18", "EventData.Prop_ContainerId": "{4DF4D30C-95BA-11EC-A6BC-00059A3C7A00}", "EventData.HRESULT": "2147943568"}
{"EventID": "112", "Channel": "Microsoft-Windows-DeviceSetupManager/Admin", "Provider_Name": "Microsoft-Windows-DeviceSetupManager", "Computer": "DESKTOP-OFJ6N53", "TimeCreated": "2025-08-12 12:10:24.692631+00:00", "RecordID": "57029", "Level": "4", "UserID": "S-1-5-18", "EventData.Prop_DeviceName": "Microsoft Remote Display Adapter", "EventData.Prop_ContainerId": "{4df4d30c-95ba-11ec-a6bc-00059a3c7a00}", "EventData.Prop_TaskCount": "4", "EventData.Prop_PropertyCount": "0", "EventData.Prop_WorkTime_MilliSeconds": "8081"}
{"EventID": "131", "Channel": "Microsoft-Windows-DeviceSetupManager/Admin", "Provider_Name": "Microsoft-Windows-DeviceSetupManager", "Computer": "DESKTOP-OFJ6N53", "TimeCreated": "2025-08-12 12:10:25.917429+00:00", "RecordID": "57030", "Level": "2", "UserID": "S-1-5-18", "EventData.Prop_ContainerId": "{8DC6A601-6B97-4084-AA12-E6B7086D26E1}", "EventData.HRESULT": "2147943568"}
{"EventID": "112", "Channel": "Microsoft-Windows-DeviceSetupManager/Admin", "Provider_Name": "Microsoft-Windows-DeviceSetupManager", "Computer": "DESKTOP-OFJ6N53", "TimeCreated": "2025-08-12 12:10:25.921129+00:00", "RecordID": "57031", "Level": "4", "UserID": "S-1-5-18", "EventData.Prop_DeviceName": "Generic Non-PnP Monitor", "EventData.Prop_ContainerId": "{8dc6a601-6b97-4084-aa12-e6b7086d26e1}", "EventData.Prop_TaskCount": "4", "EventData.Prop_PropertyCount": "42", "EventData.Prop_WorkTime_MilliSeconds": "5582"}
{"EventID": "131", "Channel": "Microsoft-Windows-DeviceSetupManager/Admin", "Provider_Name": "Microsoft-Windows-DeviceSetupManager", "Computer": "DESKTOP-OFJ6N53", "TimeCreated": "2025-08-12 12:10:26.861328+00:00", "RecordID": "57032", "Level": "2", "UserID": "S-1-5-18", "EventData.Prop_ContainerId": "{B01CB9B2-9E9C-11EC-A6BD-00059A3C7A00}", "EventData.HRESULT": "2147943568"}
{"EventID": "112", "Channel": "Microsoft-Windows-DeviceSetupManager/Admin", "Provider_Name": "Microsoft-Windows-DeviceSetupManager", "Computer": "DESKTOP-OFJ6N53", "TimeCreated": "2025-08-12 12:10:26.864790+00:00", "RecordID": "57033", "Level": "4", "UserID": "S-1-5-18", "EventData.Prop_DeviceName": "Citrix Indirect Display Adapter", "EventData.Prop_ContainerId": "{b01cb9b2-9e9c-11ec-a6bd-00059a3c7a00}", "EventData.Prop_TaskCount": "4", "EventData.Prop_PropertyCount": "0", "EventData.Prop_WorkTime_MilliSeconds": "5082"}
{"EventID": "131", "Channel": "Microsoft-Windows-DeviceSetupManager/Admin", "Provider_Name": "Microsoft-Windows-DeviceSetupManager", "Computer": "DESKTOP-OFJ6N53", "TimeCreated": "2025-08-12 12:10:27.942154+00:00", "RecordID": "57034", "Level": "2", "UserID": "S-1-5-18", "EventData.Prop_ContainerId": "{CA0E9E80-3E97-FCAC-730A-8CB080FA2581}", "EventData.HRESULT": "2147943568"}
{"EventID": "112", "Channel": "Microsoft-Windows-DeviceSetupManager/Admin", "Provider_Name": "Microsoft-Windows-DeviceSetupManager", "Computer": "DESKTOP-OFJ6N53", "TimeCreated": "2025-08-12 12:10:27.943142+00:00", "RecordID": "57035", "Level": "4", "UserID": "S-1-5-18", "EventData.Prop_DeviceName": "Fax", "EventData.Prop_ContainerId": "{ca0e9e80-3e97-fcac-730a-8cb080fa2581}", "EventData.Prop_TaskCount": "4", "EventData.Prop_PropertyCount": "0", "EventData.Prop_WorkTime_MilliSeconds": "4694"}
{"EventID": "131", "Channel": "Microsoft-Windows-DeviceSetupManager/Admin", "Provider_Name": "Microsoft-Windows-DeviceSetupManager", "Computer": "DESKTOP-OFJ6N53", "TimeCreated": "2025-08-12 12:10:28.738914+00:00", "RecordID": "57036", "Level": "2", "UserID": "S-1-5-18", "EventData.Prop_ContainerId": "{2572A968-954B-11EC-A6B8-806E6F6E6963}", "EventData.HRESULT": "2147943568"}
{"EventID": "112", "Channel": "Microsoft-Windows-DeviceSetupManager/Admin", "Provider_Name": "Microsoft-Windows-DeviceSetupManager", "Computer": "DESKTOP-OFJ6N53", "TimeCreated": "2025-08-12 12:10:28.741423+00:00", "RecordID": "57037", "Level": "4", "UserID": "S-1-5-18", "EventData.Prop_DeviceName": "VMware Virtual USB Mouse", "EventData.Prop_ContainerId": "{2572a968-954b-11ec-a6b8-806e6f6e6963}", "EventData.Prop_TaskCount": "4", "EventData.Prop_PropertyCount": "0", "EventData.Prop_WorkTime_MilliSeconds": "4047"}
{"EventID": "131", "Channel": "Microsoft-Windows-DeviceSetupManager/Admin", "Provider_Name": "Microsoft-Windows-DeviceSetupManager", "Computer": "DESKTOP-OFJ6N53", "TimeCreated": "2025-08-12 12:10:29.404772+00:00", "RecordID": "57038", "Level": "2", "UserID": "S-1-5-18", "EventData.Prop_ContainerId": "{0A568158-2954-F19C-89F3-03ACAEE1F85E}", "EventData.HRESULT": "2147943568"}
{"EventID": "112", "Channel": "Microsoft-Windows-DeviceSetupManager/Admin", "Provider_Name": "Microsoft-Windows-DeviceSetupManager", "Computer": "DESKTOP-OFJ6N53", "TimeCreated": "2025-08-12 12:10:29.405668+00:00", "RecordID": "57039", "Level": "4", "UserID": "S-1-5-18", "EventData.Prop_DeviceName": "Microsoft XPS Document Writer", "EventData.Prop_ContainerId": "{0a568158-2954-f19c-89f3-03acaee1f85e}", "EventData.Prop_TaskCount": "4", "EventData.Prop_PropertyCount": "0", "EventData.Prop_WorkTime_MilliSeconds": "3483"}
{"EventID": "131", "Channel": "Microsoft-Windows-DeviceSetupManager/Admin", "Provider_Name": "Microsoft-Windows-DeviceSetupManager", "Computer": "DESKTOP-OFJ6N53", "TimeCreated": "2025-08-12 12:10:30.022997+00:00", "RecordID": "57040", "Level": "2", "UserID": "S-1-5-18", "EventData.Prop_ContainerId": "{EB3E824A-9B15-11EC-A6BD-00059A3C7A00}", "EventData.HRESULT": "2147943568"}
{"EventID": "112", "Channel": "Microsoft-Windows-DeviceSetupManager/Admin", "Provider_Name": "Microsoft-Windows-DeviceSetupManager", "Computer": "DESKTOP-OFJ6N53", "TimeCreated": "2025-08-12 12:10:30.260050+00:00", "RecordID": "57041", "Level": "4", "UserID": "S-1-5-18", "EventData.Prop_DeviceName": "VMware Virtual USB Hub", "EventData.Prop_ContainerId": "{eb3e824a-9b15-11ec-a6bd-00059a3c7a00}", "EventData.Prop_TaskCount": "4", "EventData.Prop_PropertyCount": "0", "EventData.Prop_WorkTime_MilliSeconds": "3212"}
{"EventID": "131", "Channel": "Microsoft-Windows-DeviceSetupManager/Admin", "Provider_Name": "Microsoft-Windows-DeviceSetupManager", "Computer": "DESKTOP-OFJ6N53", "TimeCreated": "2025-08-12 12:10:31.022982+00:00", "RecordID": "57042", "Level": "2", "UserID": "S-1-5-18", "EventData.Prop_ContainerId": "{2572A954-954B-11EC-A6B8-806E6F6E6963}", "EventData.HRESULT": "2147943568"}
{"EventID": "112", "Channel": "Microsoft-Windows-DeviceSetupManager/Admin", "Provider_Name": "Microsoft-Windows-DeviceSetupManager", "Computer": "DESKTOP-OFJ6N53", "TimeCreated": "2025-08-12 12:10:31.023663+00:00", "RecordID": "57043", "Level": "4", "UserID": "S-1-5-18", "EventData.Prop_DeviceName": "VMware Virtual disk SCSI Disk Device", "EventData.Prop_ContainerId": "{2572a954-954b-11ec-a6b8-806e6f6e6963}", "EventData.Prop_TaskCount": "4", "EventData.Prop_PropertyCount": "0", "EventData.Prop_WorkTime_MilliSeconds": "3076"}
{"EventID": "131", "Channel": "Microsoft-Windows-DeviceSetupManager/Admin", "Provider_Name": "Microsoft-Windows-DeviceSetupManager", "Computer": "DESKTOP-OFJ6N53", "TimeCreated": "2025-08-12 12:10:31.745853+00:00", "RecordID": "57044", "Level": "2", "UserID": "S-1-5-18", "EventData.Prop_ContainerId": "{EB3E8249-9B15-11EC-A6BD-00059A3C7A00}", "EventData.HRESULT": "2147943568"}
{"EventID": "112", "Channel": "Microsoft-Windows-DeviceSetupManager/Admin", "Provider_Name": "Microsoft-Windows-DeviceSetupManager", "Computer": "DESKTOP-OFJ6N53", "TimeCreated": "2025-08-12 12:10:31.746597+00:00", "RecordID": "57045", "Level": "4", "UserID": "S-1-5-18", "EventData.Prop_DeviceName": "VMware Virtual USB Hub", "EventData.Prop_ContainerId": "{eb3e8249-9b15-11ec-a6bd-00059a3c7a00}", "EventData.Prop_TaskCount": "4", "EventData.Prop_PropertyCount": "0", "EventData.Prop_WorkTime_MilliSeconds": "3004"}
{"EventID": "131", "Channel": "Microsoft-Windows-DeviceSetupManager/Admin", "Provider_Name": "Microsoft-Windows-DeviceSetupManager", "Computer": "DESKTOP-OFJ6N53", "TimeCreated": "2025-08-12 12:10:32.720240+00:00", "RecordID": "57046", "Level": "2", "UserID": "S-1-5-18", "EventData.Prop_ContainerId": "{2572A949-954B-11EC-A6B8-806E6F6E6963}", "EventData.HRESULT": "2147943568"}
{"EventID": "112", "Channel": "Microsoft-Windows-DeviceSetupManager/Admin", "Provider_Name": "Microsoft-Windows-DeviceSetupManager", "Computer": "DESKTOP-OFJ6N53", "TimeCreated": "2025-08-12 12:10:32.724838+00:00", "RecordID": "57047", "Level": "4", "UserID": "S-1-5-18", "EventData.Prop_DeviceName": "USB Root Hub (USB 3.0)", "EventData.Prop_ContainerId": "{2572a949-954b-11ec-a6b8-806e6f6e6963}", "EventData.Prop_TaskCount": "4", "EventData.Prop_PropertyCount": "0", "EventData.Prop_WorkTime_MilliSeconds": "3318"}
{"EventID": "131", "Channel": "Microsoft-Windows-DeviceSetupManager/Admin", "Provider_Name": "Microsoft-Windows-DeviceSetupManager", "Computer": "DESKTOP-OFJ6N53", "TimeCreated": "2025-08-12 12:10:33.545216+00:00", "RecordID": "57048", "Level": "2", "UserID": "S-1-5-18", "EventData.Prop_ContainerId": "{298580E3-E0E9-5B21-9699-52225753EF2E}", "EventData.HRESULT": "2147943568"}
{"EventID": "112", "Channel": "Microsoft-Windows-DeviceSetupManager/Admin", "Provider_Name": "Microsoft-Windows-DeviceSetupManager", "Computer": "DESKTOP-OFJ6N53", "TimeCreated": "2025-08-12 12:10:33.545834+00:00", "RecordID": "57049", "Level": "4", "UserID": "S-1-5-18", "EventData.Prop_DeviceName": "Generic Non-PnP Monitor", "EventData.Prop_ContainerId": "{298580e3-e0e9-5b21-9699-52225753ef2e}", "EventData.Prop_TaskCount": "4", "EventData.Prop_PropertyCount": "0", "EventData.Prop_WorkTime_MilliSeconds": "3284"}
{"EventID": "131", "Channel": "Microsoft-Windows-DeviceSetupManager/Admin", "Provider_Name": "Microsoft-Windows-DeviceSetupManager", "Computer": "DESKTOP-OFJ6N53", "TimeCreated": "2025-08-12 12:10:34.176823+00:00", "RecordID": "57050", "Level": "2", "UserID": "S-1-5-18", "EventData.Prop_ContainerId": "{D397268A-724C-B4EF-D641-C9234BA2948B}", "EventData.HRESULT": "2147943568"}
{"EventID": "112", "Channel": "Microsoft-Windows-DeviceSetupManager/Admin", "Provider_Name": "Microsoft-Windows-DeviceSetupManager", "Computer": "DESKTOP-OFJ6N53", "TimeCreated": "2025-08-12 12:10:34.177488+00:00", "RecordID": "57051", "Level": "4", "UserID": "S-1-5-18", "EventData.Prop_DeviceName": "Microsoft Print to PDF", "EventData.Prop_ContainerId": "{d397268a-724c-b4ef-d641-c9234ba2948b}", "EventData.Prop_TaskCount": "4", "EventData.Prop_PropertyCount": "0", "EventData.Prop_WorkTime_MilliSeconds": "2430"}
{"EventID": "131", "Channel": "Microsoft-Windows-DeviceSetupManager/Admin", "Provider_Name": "Microsoft-Windows-DeviceSetupManager", "Computer": "DESKTOP-OFJ6N53", "TimeCreated": "2025-08-12 12:10:35.365185+00:00", "RecordID": "57052", "Level": "2", "UserID": "S-1-5-18", "EventData.Prop_ContainerId": "{00000000-0000-0000-FFFF-FFFFFFFFFFFF}", "EventData.HRESULT": "2147943568"}
{"EventID": "112", "Channel": "Microsoft-Windows-DeviceSetupManager/Admin", "Provider_Name": "Microsoft-Windows-DeviceSetupManager", "Computer": "DESKTOP-OFJ6N53", "TimeCreated": "2025-08-12 12:10:35.367645+00:00", "RecordID": "57053", "Level": "4", "UserID": "S-1-5-18", "EventData.Prop_DeviceName": "DESKTOP-OFJ6N53", "EventData.Prop_ContainerId": "{00000000-0000-0000-ffff-ffffffffffff}", "EventData.Prop_TaskCount": "4", "EventData.Prop_PropertyCount": "40", "EventData.Prop_WorkTime_MilliSeconds": "4345"}
{"EventID": "101", "Channel": "Microsoft-Windows-DeviceSetupManager/Admin", "Provider_Name": "Microsoft-Windows-DeviceSetupManager", "Computer": "DESKTOP-OFJ6N53", "TimeCreated": "2025-08-12 12:11:20.375824+00:00", "RecordID": "57054", "Level": "4", "UserID": "S-1-5-18", "EventData.Prop_UpTime_Seconds": "64", "EventData.Prop_WorkTime_MilliSeconds": "19224"}
{"EventID": "100", "Channel": "Microsoft-Windows-DeviceSetupManager/Admin", "Provider_Name": "Microsoft-Windows-DeviceSetupManager", "Computer": "DESKTOP-OFJ6N53", "TimeCreated": "2025-08-12 12:15:18.884556+00:00", "RecordID": "57055", "Level": "4", "UserID": "S-1-5-18", "EventData.Prop_CoreServiceMode": "0", "EventData.Prop_Event_Window_Seconds": "238"}
{"EventID": "131", "Channel": "Microsoft-Windows-DeviceSetupManager/Admin", "Provider_Name": "Microsoft-Windows-DeviceSetupManager", "Computer": "DESKTOP-OFJ6N53", "TimeCreated": "2025-08-12 12:15:26.185686+00:00", "RecordID": "57056", "Level": "2", "UserID": "S-1-5-18", "EventData.Prop_ContainerId": "{2572A948-954B-11EC-A6B8-806E6F6E6963}", "EventData.HRESULT": "2147943568"}
{"EventID": "112", "Channel": "Microsoft-Windows-DeviceSetupManager/Admin", "Provider_Name": "Microsoft-Windows-DeviceSetupManager", "Computer": "DESKTOP-OFJ6N53", "TimeCreated": "2025-08-12 12:15:26.188972+00:00", "RecordID": "57057", "Level": "4", "UserID": "S-1-5-18", "EventData.Prop_DeviceName": "Intel(R) 82574L Gigabit Network Connection", "EventData.Prop_ContainerId": "{2572a948-954b-11ec-a6b8-806e6f6e6963}", "EventData.Prop_TaskCount": "4", "EventData.Prop_PropertyCount": "0", "EventData.Prop_WorkTime_MilliSeconds": "6604"}
{"EventID": "131", "Channel": "Microsoft-Windows-DeviceSetupManager/Admin", "Provider_Name": "Microsoft-Windows-DeviceSetupManager", "Computer": "DESKTOP-OFJ6N53", "TimeCreated": "2025-08-12 12:15:26.774517+00:00", "RecordID": "57058", "Level": "2", "UserID": "S-1-5-18", "EventData.Prop_ContainerId": "{2572A954-954B-11EC-A6B8-806E6F6E6963}", "EventData.HRESULT": "2147943568"}
{"EventID": "112", "Channel": "Microsoft-Windows-DeviceSetupManager/Admin", "Provider_Name": "Microsoft-Windows-DeviceSetupManager", "Computer": "DESKTOP-OFJ6N53", "TimeCreated": "2025-08-12 12:15:26.778522+00:00", "RecordID": "57059", "Level": "4", "UserID": "S-1-5-18", "EventData.Prop_DeviceName": "VMware Virtual disk SCSI Disk Device", "EventData.Prop_ContainerId": "{2572a954-954b-11ec-a6b8-806e6f6e6963}", "EventData.Prop_TaskCount": "4", "EventData.Prop_PropertyCount": "0", "EventData.Prop_WorkTime_MilliSeconds": "7304"}
{"EventID": "131", "Channel": "Microsoft-Windows-DeviceSetupManager/Admin", "Provider_Name": "Microsoft-Windows-DeviceSetupManager", "Computer": "DESKTOP-OFJ6N53", "TimeCreated": "2025-08-12 12:15:27.713636+00:00", "RecordID": "57060", "Level": "2", "UserID": "S-1-5-18", "EventData.Prop_ContainerId": "{52690868-E708-4226-92C9-60D399D328A8}", "EventData.HRESULT": "2147943568"}
{"EventID": "112", "Channel": "Microsoft-Windows-DeviceSetupManager/Admin", "Provider_Name": "Microsoft-Windows-DeviceSetupManager", "Computer": "DESKTOP-OFJ6N53", "TimeCreated": "2025-08-12 12:15:27.718357+00:00", "RecordID": "57061", "Level": "4", "UserID": "S-1-5-18", "EventData.Prop_DeviceName": "Generic Non-PnP Monitor", "EventData.Prop_ContainerId": "{52690868-e708-4226-92c9-60d399d328a8}", "EventData.Prop_TaskCount": "4", "EventData.Prop_PropertyCount": "42", "EventData.Prop_WorkTime_MilliSeconds": "1524"}
{"EventID": "131", "Channel": "Microsoft-Windows-DeviceSetupManager/Admin", "Provider_Name": "Microsoft-Windows-DeviceSetupManager", "Computer": "DESKTOP-OFJ6N53", "TimeCreated": "2025-08-12 12:15:28.643602+00:00", "RecordID": "57062", "Level": "2", "UserID": "S-1-5-18", "EventData.Prop_ContainerId": "{B01CB9B2-9E9C-11EC-A6BD-00059A3C7A00}", "EventData.HRESULT": "2147943568"}
{"EventID": "112", "Channel": "Microsoft-Windows-DeviceSetupManager/Admin", "Provider_Name": "Microsoft-Windows-DeviceSetupManager", "Computer": "DESKTOP-OFJ6N53", "TimeCreated": "2025-08-12 12:15:28.647362+00:00", "RecordID": "57063", "Level": "4", "UserID": "S-1-5-18", "EventData.Prop_DeviceName": "Citrix Indirect Display Adapter", "EventData.Prop_ContainerId": "{b01cb9b2-9e9c-11ec-a6bd-00059a3c7a00}", "EventData.Prop_TaskCount": "4", "EventData.Prop_PropertyCount": "0", "EventData.Prop_WorkTime_MilliSeconds": "9017"}
{"EventID": "131", "Channel": "Microsoft-Windows-DeviceSetupManager/Admin", "Provider_Name": "Microsoft-Windows-DeviceSetupManager", "Computer": "DESKTOP-OFJ6N53", "TimeCreated": "2025-08-12 12:15:29.367027+00:00", "RecordID": "57064", "Level": "2", "UserID": "S-1-5-18", "EventData.Prop_ContainerId": "{CA0E9E80-3E97-FCAC-730A-8CB080FA2581}", "EventData.HRESULT": "2147943568"}
{"EventID": "112", "Channel": "Microsoft-Windows-DeviceSetupManager/Admin", "Provider_Name": "Microsoft-Windows-DeviceSetupManager", "Computer": "DESKTOP-OFJ6N53", "TimeCreated": "2025-08-12 12:15:29.367821+00:00", "RecordID": "57065", "Level": "4", "UserID": "S-1-5-18", "EventData.Prop_DeviceName": "Fax", "EventData.Prop_ContainerId": "{ca0e9e80-3e97-fcac-730a-8cb080fa2581}", "EventData.Prop_TaskCount": "4", "EventData.Prop_PropertyCount": "0", "EventData.Prop_WorkTime_MilliSeconds": "9690"}
{"EventID": "131", "Channel": "Microsoft-Windows-DeviceSetupManager/Admin", "Provider_Name": "Microsoft-Windows-DeviceSetupManager", "Computer": "DESKTOP-OFJ6N53", "TimeCreated": "2025-08-12 12:15:29.681282+00:00", "RecordID": "57066", "Level": "2", "UserID": "S-1-5-18", "EventData.Prop_ContainerId": "{2572A968-954B-11EC-A6B8-806E6F6E6963}", "EventData.HRESULT": "2147943568"}
{"EventID": "112", "Channel": "Microsoft-Windows-DeviceSetupManager/Admin", "Provider_Name": "Microsoft-Windows-DeviceSetupManager", "Computer": "DESKTOP-OFJ6N53", "TimeCreated": "2025-08-12 12:15:29.681927+00:00", "RecordID": "57067", "Level": "4", "UserID": "S-1-5-18", "EventData.Prop_DeviceName": "VMware Virtual USB Mouse", "EventData.Prop_ContainerId": "{2572a968-954b-11ec-a6b8-806e6f6e6963}", "EventData.Prop_TaskCount": "4", "EventData.Prop_PropertyCount": "0", "EventData.Prop_WorkTime_MilliSeconds": "2901"}
{"EventID": "131", "Channel": "Microsoft-Windows-DeviceSetupManager/Admin", "Provider_Name": "Microsoft-Windows-DeviceSetupManager", "Computer": "DESKTOP-OFJ6N53", "TimeCreated": "2025-08-12 12:15:30.169138+00:00", "RecordID": "57068", "Level": "2", "UserID": "S-1-5-18", "EventData.Prop_ContainerId": "{0A568158-2954-F19C-89F3-03ACAEE1F85E}", "EventData.HRESULT": "2147943568"}
{"EventID": "112", "Channel": "Microsoft-Windows-DeviceSetupManager/Admin", "Provider_Name": "Microsoft-Windows-DeviceSetupManager", "Computer": "DESKTOP-OFJ6N53", "TimeCreated": "2025-08-12 12:15:30.170092+00:00", "RecordID": "57069", "Level": "4", "UserID": "S-1-5-18", "EventData.Prop_DeviceName": "Microsoft XPS Document Writer", "EventData.Prop_ContainerId": "{0a568158-2954-f19c-89f3-03acaee1f85e}", "EventData.Prop_TaskCount": "4", "EventData.Prop_PropertyCount": "0", "EventData.Prop_WorkTime_MilliSeconds": "2449"}
{"EventID": "131", "Channel": "Microsoft-Windows-DeviceSetupManager/Admin", "Provider_Name": "Microsoft-Windows-DeviceSetupManager", "Computer": "DESKTOP-OFJ6N53", "TimeCreated": "2025-08-12 12:15:30.548418+00:00", "RecordID": "57070", "Level": "2", "UserID": "S-1-5-18", "EventData.Prop_ContainerId": "{EB3E824A-9B15-11EC-A6BD-00059A3C7A00}", "EventData.HRESULT": "2147943568"}
