{"EventID": "161", "Channel": "Microsoft-Windows-WinRM/Operational", "Provider_Name": "Microsoft-Windows-WinRM", "Computer": "DESKTOP-OFJ6N53", "TimeCreated": "2025-06-07 14:16:34.265596+00:00", "RecordID": "48997", "Level": "2", "UserID": "S-1-5-18", "EventData.authFailureMessage": "Клиенту не удается подключиться к узлу назначения, указанному в запросе. Убедитесь, что служба на узле назначения работает и принимает запросы. Ознакомьтесь с журналами и документацией для определения запущенной на узле назначения службы WS-Management (чаще всего это IIS или WinRM). Если это служба WinRM, то для анализа состояния и настройки этой службы используйте на удаленном узле команду \"winrm quickconfig\"."}
{"EventID": "142", "Channel": "Microsoft-Windows-WinRM/Operational", "Provider_Name": "Microsoft-Windows-WinRM", "Computer": "DESKTOP-OFJ6N53", "TimeCreated": "2025-06-07 14:16:34.265659+00:00", "RecordID": "48998", "Level": "2", "UserID": "S-1-5-18", "EventData.operationName": "Enumeration", "EventData.errorCode": "2150858770"}
{"EventID": "145", "Channel": "Microsoft-Windows-WinRM/Operational", "Provider_Name": "Microsoft-Windows-WinRM", "Computer": "DESKTOP-OFJ6N53", "TimeCreated": "2025-06-08 00:25:52.481348+00:00", "RecordID": "48999", "Level": "4", "UserID": "S-1-5-18", "EventData.operationName": "Enumeration", "EventData.resourceUri": "http://schemas.microsoft.com/wbem/wsman/1/config/listener"}
{"EventID": "254", "Channel": "Microsoft-Windows-WinRM/Operational", "Provider_Name": "Microsoft-Windows-WinRM", "Computer": "DESKTOP-OFJ6N53", "TimeCreated": "2025-06-08 00:25:56.564594+00:00", "RecordID": "49000", "Level": "4", "UserID": "S-1-5-18"}
{"EventID": "161", "Channel": "Microsoft-Windows-WinRM/Operational", "Provider_Name": "Microsoft-Windows-WinRM", "Computer": "DESKTOP-OFJ6N53", "TimeCreated": "2025-06-08 00:25:56.564596+00:00", "RecordID": "49001", "Level": "2", "UserID": "S-1-5-18", "EventData.authFailureMessage": "Клиенту не удается подключиться к узлу назначения, указанному в запросе. Убедитесь, что служба на узле назначения работает и принимает запросы. Ознакомьтесь с журналами и документацией для определения запущенной на узле назначения службы WS-Management (чаще всего это IIS или WinRM). Если это служба WinRM, то для анализа состояния и настройки этой службы используйте на удаленном узле команду \"winrm quickconfig\"."}
{"EventID": "142", "Channel": "Microsoft-Windows-WinRM/Operational", "Provider_Name": "Microsoft-Windows-WinRM", "Computer": "DESKTOP-OFJ6N53", "TimeCreated": "2025-06-08 00:25:56.564672+00:00", "RecordID": "49002", "Level": "2", "UserID": "S-1-5-18", "EventData.operationName": "Enumeration", "EventData.errorCode": "2150858770"}
{"EventID": "145", "Channel": "Microsoft-Windows-WinRM/Operational", "Provider_Name": "Microsoft-Windows-WinRM", "Computer": "DESKTOP-OFJ6N53", "TimeCreated": "2025-06-08 01:46:44.308710+00:00", "RecordID": "49003", "Level": "4", "UserID": "S-1-5-18", "EventData.operationName": "Enumeration", "EventData.resourceUri": "http://schemas.microsoft.com/wbem/wsman/1/config/listener"}
{"EventID": "254", "Channel": "Microsoft-Windows-WinRM/Operational", "Provider_Name": "Microsoft-Windows-WinRM", "Computer": "DESKTOP-OFJ6N53", "TimeCreated": "2025-06-08 01:46:48.359163+00:00", "RecordID": "49004", "Level": "4", "UserID": "S-1-5-18"}
{"EventID": "161", "Channel": "Microsoft-Windows-WinRM/Operational", "Provider_Name": "Microsoft-Windows-WinRM", "Computer": "DESKTOP-OFJ6N53", "TimeCreated": "2025-06-08 01:46:48.359165+00:00", "RecordID": "49005", "Level": "2", "UserID": "S-1-5-18", "EventData.authFailureMessage": "Клиенту не удается подключиться к узлу назначения, указанному в запросе. Убедитесь, что служба на узле назначения работает и принимает запросы. Ознакомьтесь с журналами и документацией для определения запущенной на узле назначения службы WS-Management (чаще всего это IIS или WinRM). Если это служба WinRM, то для анализа состояния и настройки этой службы используйте на удаленном узле команду \"winrm quickconfig\"."}
{"EventID": "142", "Channel": "Microsoft-Windows-WinRM/Operational", "Provider_Name": "Microsoft-Windows-WinRM", "Computer": "DESKTOP-OFJ6N53", "TimeCreated": "2025-06-08 01:46:48.359224+00:00", "RecordID": "49006", "Level": "2", "UserID": "S-1-5-18", "EventData.operationName": "Enumeration", "EventData.errorCode": "2150858770"}
{"EventID": "145", "Channel": "Microsoft-Windows-WinRM/Operational", "Provider_Name": "Microsoft-Windows-WinRM", "Computer": "DESKTOP-OFJ6N53", "TimeCreated": "2025-06-08 14:16:35.004314+00:00", "RecordID": "49007", "Level": "4", "UserID": "S-1-5-18", "EventData.operationName": "Enumeration", "EventData.resourceUri": "http://schemas.microsoft.com/wbem/wsman/1/config/listener"}
{"EventID": "254", "Channel": "Microsoft-Windows-WinRM/Operational", "Provider_Name": "Microsoft-Windows-WinRM", "Computer": "DESKTOP-OFJ6N53", "TimeCreated": "2025-06-08 14:16:39.086113+00:00", "RecordID": "49008", "Level": "4", "UserID": "S-1-5-18"}
{"EventID": "161", "Channel": "Microsoft-Windows-WinRM/Operational", "Provider_Name": "Microsoft-Windows-WinRM", "Computer": "DESKTOP-OFJ6N53", "TimeCreated": "2025-06-08 14:16:39.086115+00:00", "RecordID": "49009", "Level": "2", "UserID": "S-1-5-18", "EventData.authFailureMessage": "Клиенту не удается подключиться к узлу назначения, указанному в запросе. Убедитесь, что служба на узле назначения работает и принимает запросы. Ознакомьтесь с журналами и документацией для определения запущенной на узле назначения службы WS-Management (чаще всего это IIS или WinRM). Если это служба WinRM, то для анализа состояния и настройки этой службы используйте на удаленном узле команду \"winrm quickconfig\"."}
{"EventID": "142", "Channel": "Microsoft-Windows-WinRM/Operational", "Provider_Name": "Microsoft-Windows-WinRM", "Computer": "DESKTOP-OFJ6N53", "TimeCreated": "2025-06-08 14:16:39.086168+00:00", "RecordID": "49010", "Level": "2", "UserID": "S-1-5-18", "EventData.operationName": "Enumeration", "EventData.errorCode": "2150858770"}
{"EventID": "145", "Channel": "Microsoft-Windows-WinRM/Operational", "Provider_Name": "Microsoft-Windows-WinRM", "Computer": "DESKTOP-OFJ6N53", "TimeCreated": "2025-06-09 00:25:52.410395+00:00", "RecordID": "49011", "Level": "4", "UserID": "S-1-5-18", "EventData.operationName": "Enumeration", "EventData.resourceUri": "http://schemas.microsoft.com/wbem/wsman/1/config/listener"}
{"EventID": "254", "Channel": "Microsoft-Windows-WinRM/Operational", "Provider_Name": "Microsoft-Windows-WinRM", "Computer": "DESKTOP-OFJ6N53", "TimeCreated": "2025-06-09 00:25:56.492613+00:00", "RecordID": "49012", "Level": "4", "UserID": "S-1-5-18"}
{"EventID": "161", "Channel": "Microsoft-Windows-WinRM/Operational", "Provider_Name": "Microsoft-Windows-WinRM", "Computer": "DESKTOP-OFJ6N53", "TimeCreated": "2025-06-09 00:25:56.492615+00:00", "RecordID": "49013", "Level": "2", "UserID": "S-1-5-18", "EventData.authFailureMessage": "Клиенту не удается подключиться к узлу назначения, указанному в запросе. Убедитесь, что служба на узле назначения работает и принимает запросы. Ознакомьтесь с журналами и документацией для определения запущенной на узле назначения службы WS-Management (чаще всего это IIS или WinRM). Если это служба WinRM, то для анализа состояния и настройки этой службы используйте на удаленном узле команду \"winrm quickconfig\"."}
{"EventID": "142", "Channel": "Microsoft-Windows-WinRM/Operational", "Provider_Name": "Microsoft-Windows-WinRM", "Computer": "DESKTOP-OFJ6N53", "TimeCreated": "2025-06-09 00:25:56.492668+00:00", "RecordID": "49014", "Level": "2", "UserID": "S-1-5-18", "EventData.operationName": "Enumeration", "EventData.errorCode": "2150858770"}
{"EventID": "145", "Channel": "Microsoft-Windows-WinRM/Operational", "Provider_Name": "Microsoft-Windows-WinRM", "Computer": "DESKTOP-OFJ6N53", "TimeCreated": "2025-06-09 02:28:32.315420+00:00", "RecordID": "49015", "Level": "4", "UserID": "S-1-5-18", "EventData.operationName": "Enumeration", "EventData.resourceUri": "http://schemas.microsoft.com/wbem/wsman/1/config/listener"}
{"EventID": "254", "Channel": "Microsoft-Windows-WinRM/Operational", "Provider_Name": "Microsoft-Windows-WinRM", "Computer": "DESKTOP-OFJ6N53", "TimeCreated": "2025-06-09 02:28:36.367392+00:00", "RecordID": "49016", "Level": "4", "UserID": "S-1-5-18"}
{"EventID": "161", "Channel": "Microsoft-Windows-WinRM/Operational", "Provider_Name": "Microsoft-Windows-WinRM", "Computer": "DESKTOP-OFJ6N53", "TimeCreated": "2025-06-09 02:28:36.367393+00:00", "RecordID": "49017", "Level": "2", "UserID": "S-1-5-18", "EventData.authFailureMessage": "Клиенту не удается подключиться к узлу назначения, указанному в запросе. Убедитесь, что служба на узле назначения работает и принимает запросы. Ознакомьтесь с журналами и документацией для определения запущенной на узле назначения службы WS-Management (чаще всего это IIS или WinRM). Если это служба WinRM, то для анализа состояния и настройки этой службы используйте на удаленном узле команду \"winrm quickconfig\"."}
{"EventID": "142", "Channel": "Microsoft-Windows-WinRM/Operational", "Provider_Name": "Microsoft-Windows-WinRM", "Computer": "DESKTOP-OFJ6N53", "TimeCreated": "2025-06-09 02:28:36.367456+00:00", "RecordID": "49018", "Level": "2", "UserID": "S-1-5-18", "EventData.operationName": "Enumeration", "EventData.errorCode": "2150858770"}
{"EventID": "145", "Channel": "Microsoft-Windows-WinRM/Operational", "Provider_Name": "Microsoft-Windows-WinRM", "Computer": "DESKTOP-OFJ6N53", "TimeCreated": "2025-06-09 14:16:40.082958+00:00", "RecordID": "49019", "Level": "4", "UserID": "S-1-5-18", "EventData.operationName": "Enumeration", "EventData.resourceUri": "http://schemas.microsoft.com/wbem/wsman/1/config/listener"}
{"EventID": "254", "Channel": "Microsoft-Windows-WinRM/Operational", "Provider_Name": "Microsoft-Windows-WinRM", "Computer": "DESKTOP-OFJ6N53", "TimeCreated": "2025-06-09 14:16:44.164730+00:00", "RecordID": "49020", "Level": "4", "UserID": "S-1-5-18"}
{"EventID": "161", "Channel": "Microsoft-Windows-WinRM/Operational", "Provider_Name": "Microsoft-Windows-WinRM", "Computer": "DESKTOP-OFJ6N53", "TimeCreated": "2025-06-09 14:16:44.164732+00:00", "RecordID": "49021", "Level": "2", "UserID": "S-1-5-18", "EventData.authFailureMessage": "Клиенту не удается подключиться к узлу назначения, указанному в запросе. Убедитесь, что служба на узле назначения работает и принимает запросы. Ознакомьтесь с журналами и документацией для определения запущенной на узле назначения службы WS-Management (чаще всего это IIS или WinRM). Если это служба WinRM, то для анализа состояния и настройки этой службы используйте на удаленном узле команду \"winrm quickconfig\"."}
{"EventID": "142", "Channel": "Microsoft-Windows-WinRM/Operational", "Provider_Name": "Microsoft-Windows-WinRM", "Computer": "DESKTOP-OFJ6N53", "TimeCreated": "2025-06-09 14:16:44.164827+00:00", "RecordID": "49022", "Level": "2", "UserID": "S-1-5-18", "EventData.operationName": "Enumeration", "EventData.errorCode": "2150858770"}
{"EventID": "145", "Channel": "Microsoft-Windows-WinRM/Operational", "Provider_Name": "Microsoft-Windows-WinRM", "Computer": "DESKTOP-OFJ6N53", "TimeCreated": "2025-06-10 00:25:52.539513+00:00", "RecordID": "49023", "Level": "4", "UserID": "S-1-5-18", "EventData.operationName": "Enumeration", "EventData.resourceUri": "http://schemas.microsoft.com/wbem/wsman/1/config/listener"}
{"EventID": "254", "Channel": "Microsoft-Windows-WinRM/Operational", "Provider_Name": "Microsoft-Windows-WinRM", "Computer": "DESKTOP-OFJ6N53", "TimeCreated": "2025-06-10 00:25:56.622826+00:00", "RecordID": "49024", "Level": "4", "UserID": "S-1-5-18"}
{"EventID": "161", "Channel": "Microsoft-Windows-WinRM/Operational", "Provider_Name": "Microsoft-Windows-WinRM", "Computer": "DESKTOP-OFJ6N53", "TimeCreated": "2025-06-10 00:25:56.622828+00:00", "RecordID": "49025", "Level": "2", "UserID": "S-1-5-18", "EventData.authFailureMessage": "Клиенту не удается подключиться к узлу назначения, указанному в запросе. Убедитесь, что служба на узле назначения работает и принимает запросы. Ознакомьтесь с журналами и документацией для определения запущенной на узле назначения службы WS-Management (чаще всего это IIS или WinRM). Если это служба WinRM, то для анализа состояния и настройки этой службы используйте на удаленном узле команду \"winrm quickconfig\"."}
{"EventID": "142", "Channel": "Microsoft-Windows-WinRM/Operational", "Provider_Name": "Microsoft-Windows-WinRM", "Computer": "DESKTOP-OFJ6N53", "TimeCreated": "2025-06-10 00:25:56.622919+00:00", "RecordID": "49026", "Level": "2", "UserID": "S-1-5-18", "EventData.operationName": "Enumeration", "EventData.errorCode": "2150858770"}
{"EventID": "145", "Channel": "Microsoft-Windows-WinRM/Operational", "Provider_Name": "Microsoft-Windows-WinRM", "Computer": "DESKTOP-OFJ6N53", "TimeCreated": "2025-06-10 01:56:43.351343+00:00", "RecordID": "49027", "Level": "4", "UserID": "S-1-5-18", "EventData.operationName": "Enumeration", "EventData.resourceUri": "http://schemas.microsoft.com/wbem/wsman/1/config/listener"}
{"EventID": "254", "Channel": "Microsoft-Windows-WinRM/Operational", "Provider_Name": "Microsoft-Windows-WinRM", "Computer": "DESKTOP-OFJ6N53", "TimeCreated": "2025-06-10 01:56:47.445509+00:00", "RecordID": "49028", "Level": "4", "UserID": "S-1-5-18"}
{"EventID": "161", "Channel": "Microsoft-Windows-WinRM/Operational", "Provider_Name": "Microsoft-Windows-WinRM", "Computer": "DESKTOP-OFJ6N53", "TimeCreated": "2025-06-10 01:56:47.445509+00:00", "RecordID": "49029", "Level": "2", "UserID": "S-1-5-18", "EventData.authFailureMessage": "Клиенту не удается подключиться к узлу назначения, указанному в запросе. Убедитесь, что служба на узле назначения работает и принимает запросы. Ознакомьтесь с журналами и документацией для определения запущенной на узле назначения службы WS-Management (чаще всего это IIS или WinRM). Если это служба WinRM, то для анализа состояния и настройки этой службы используйте на удаленном узле команду \"winrm quickconfig\"."}
{"EventID": "142", "Channel": "Microsoft-Windows-WinRM/Operational", "Provider_Name": "Microsoft-Windows-WinRM", "Computer": "DESKTOP-OFJ6N53", "TimeCreated": "2025-06-10 01:56:47.445566+00:00", "RecordID": "49030", "Level": "2", "UserID": "S-1-5-18", "EventData.operationName": "Enumeration", "EventData.errorCode": "2150858770"}
{"EventID": "145", "Channel": "Microsoft-Windows-WinRM/Operational", "Provider_Name": "Microsoft-Windows-WinRM", "Computer": "DESKTOP-OFJ6N53", "TimeCreated": "2025-06-10 14:16:44.919628+00:00", "RecordID": "49031", "Level": "4", "UserID": "S-1-5-18", "EventData.operationName": "Enumeration", "EventData.resourceUri": "http://schemas.microsoft.com/wbem/wsman/1/config/listener"}
{"EventID": "254", "Channel": "Microsoft-Windows-WinRM/Operational", "Provider_Name": "Microsoft-Windows-WinRM", "Computer": "DESKTOP-OFJ6N53", "TimeCreated": "2025-06-10 14:16:49.046095+00:00", "RecordID": "49032", "Level": "4", "UserID": "S-1-5-18"}
{"EventID": "161", "Channel": "Microsoft-Windows-WinRM/Operational", "Provider_Name": "Microsoft-Windows-WinRM", "Computer": "DESKTOP-OFJ6N53", "TimeCreated": "2025-06-10 14:16:49.046097+00:00", "RecordID": "49033", "Level": "2", "UserID": "S-1-5-18", "EventData.authFailureMessage": "Клиенту не удается подключиться к узлу назначения, указанному в запросе. Убедитесь, что служба на узле назначения работает и принимает запросы. Ознакомьтесь с журналами и документацией для определения запущенной на узле назначения службы WS-Management (чаще всего это IIS или WinRM). Если это служба WinRM, то для анализа состояния и настройки этой службы используйте на удаленном узле команду \"winrm quickconfig\"."}
{"EventID": "142", "Channel": "Microsoft-Windows-WinRM/Operational", "Provider_Name": "Microsoft-Windows-WinRM", "Computer": "DESKTOP-OFJ6N53", "TimeCreated": "2025-06-10 14:16:49.046160+00:00", "RecordID": "49034", "Level": "2", "UserID": "S-1-5-18", "EventData.operationName": "Enumeration", "EventData.errorCode": "2150858770"}
{"EventID": "145", "Channel": "Microsoft-Windows-WinRM/Operational", "Provider_Name": "Microsoft-Windows-WinRM", "Computer": "DESKTOP-OFJ6N53", "TimeCreated": "2025-06-11 00:25:52.561844+00:00", "RecordID": "49035", "Level": "4", "UserID": "S-1-5-18", "EventData.operationName": "Enumeration", "EventData.resourceUri": "http://schemas.microsoft.com/wbem/wsman/1/config/listener"}
{"EventID": "254", "Channel": "Microsoft-Windows-WinRM/Operational", "Provider_Name": "Microsoft-Windows-WinRM", "Computer": "DESKTOP-OFJ6N53", "TimeCreated": "2025-06-11 00:25:56.661835+00:00", "RecordID": "49036", "Level": "4", "UserID": "S-1-5-18"}
{"EventID": "161", "Channel": "Microsoft-Windows-WinRM/Operational", "Provider_Name": "Microsoft-Windows-WinRM", "Computer": "DESKTOP-OFJ6N53", "TimeCreated": "2025-06-11 00:25:56.661837+00:00", "RecordID": "49037", "Level": "2", "UserID": "S-1-5-18", "EventData.authFailureMessage": "Клиенту не удается подключиться к узлу назначения, указанному в запросе. Убедитесь, что служба на узле назначения работает и принимает запросы. Ознакомьтесь с журналами и документацией для определения запущенной на узле назначения службы WS-Management (чаще всего это IIS или WinRM). Если это служба WinRM, то для анализа состояния и настройки этой службы используйте на удаленном узле команду \"winrm quickconfig\"."}
{"EventID": "142", "Channel": "Microsoft-Windows-WinRM/Operational", "Provider_Name": "Microsoft-Windows-WinRM", "Computer": "DESKTOP-OFJ6N53", "TimeCreated": "2025-06-11 00:25:56.661919+00:00", "RecordID": "49038", "Level": "2", "UserID": "S-1-5-18", "EventData.operationName": "Enumeration", "EventData.errorCode": "2150858770"}
{"EventID": "145", "Channel": "Microsoft-Windows-WinRM/Operational", "Provider_Name": "Microsoft-Windows-WinRM", "Computer": "DESKTOP-OFJ6N53", "TimeCreated": "2025-06-11 01:57:54.340601+00:00", "RecordID": "49039", "Level": "4", "UserID": "S-1-5-18", "EventData.operationName": "Enumeration", "EventData.resourceUri": "http://schemas.microsoft.com/wbem/wsman/1/config/listener"}
{"EventID": "254", "Channel": "Microsoft-Windows-WinRM/Operational", "Provider_Name": "Microsoft-Windows-WinRM", "Computer": "DESKTOP-OFJ6N53", "TimeCreated": "2025-06-11 01:57:58.421005+00:00", "RecordID": "49040", "Level": "4", "UserID": "S-1-5-18"}
{"EventID": "161", "Channel": "Microsoft-Windows-WinRM/Operational", "Provider_Name": "Microsoft-Windows-WinRM", "Computer": "DESKTOP-OFJ6N53", "TimeCreated": "2025-06-11 01:57:58.421009+00:00", "RecordID": "49041", "Level": "2", "UserID": "S-1-5-18", "EventData.authFailureMessage": "Клиенту не удается подключиться к узлу назначения, указанному в запросе. Убедитесь, что служба на узле назначения работает и принимает запросы. Ознакомьтесь с журналами и документацией для определения запущенной на узле назначения службы WS-Management (чаще всего это IIS или WinRM). Если это служба WinRM, то для анализа состояния и настройки этой службы используйте на удаленном узле команду \"winrm quickconfig\"."}
{"EventID": "142", "Channel": "Microsoft-Windows-WinRM/Operational", "Provider_Name": "Microsoft-Windows-WinRM", "Computer": "DESKTOP-OFJ6N53", "TimeCreated": "2025-06-11 01:57:58.421076+00:00", "RecordID": "49042", "Level": "2", "UserID": "S-1-5-18", "EventData.operationName": "Enumeration", "EventData.errorCode": "2150858770"}
{"EventID": "145", "Channel": "Microsoft-Windows-WinRM/Operational", "Provider_Name": "Microsoft-Windows-WinRM", "Computer": "DESKTOP-OFJ6N53", "TimeCreated": "2025-06-11 04:54:44.792885+00:00", "RecordID": "49043", "Level": "4", "UserID": "S-1-5-18", "EventData.operationName": "Enumeration", "EventData.resourceUri": "http://schemas.microsoft.com/wbem/wsman/1/config/listener"}
{"EventID": "254", "Channel": "Microsoft-Windows-WinRM/Operational", "Provider_Name": "Microsoft-Windows-WinRM", "Computer": "DESKTOP-OFJ6N53", "TimeCreated": "2025-06-11 04:54:48.889591+00:00", "RecordID": "49044", "Level": "4", "UserID": "S-1-5-18"}
{"EventID": "161", "Channel": "Microsoft-Windows-WinRM/Operational", "Provider_Name": "Microsoft-Windows-WinRM", "Computer": "DESKTOP-OFJ6N53", "TimeCreated": "2025-06-11 04:54:48.889593+00:00", "RecordID": "49045", "Level": "2", "UserID": "S-1-5-18", "EventData.authFailureMessage": "Клиенту не удается подключиться к узлу назначения, указанному в запросе. Убедитесь, что служба на узле назначения работает и принимает запросы. Ознакомьтесь с журналами и документацией для определения запущенной на узле назначения службы WS-Management (чаще всего это IIS или WinRM). Если это служба WinRM, то для анализа состояния и настройки этой службы используйте на удаленном узле команду \"winrm quickconfig\"."}
{"EventID": "142", "Channel": "Microsoft-Windows-WinRM/Operational", "Provider_Name": "Microsoft-Windows-WinRM", "Computer": "DESKTOP-OFJ6N53", "TimeCreated": "2025-06-11 04:54:48.889650+00:00", "RecordID": "49046", "Level": "2", "UserID": "S-1-5-18", "EventData.operationName": "Enumeration", "EventData.errorCode": "2150858770"}
{"EventID": "145", "Channel": "Microsoft-Windows-WinRM/Operational", "Provider_Name": "Microsoft-Windows-WinRM", "Computer": "DESKTOP-OFJ6N53", "TimeCreated": "2025-06-11 10:08:24.083269+00:00", "RecordID": "49047", "Level": "4", "UserID": "S-1-5-18", "EventData.operationName": "Enumeration", "EventData.resourceUri": "http://schemas.microsoft.com/wbem/wsman/1/config/listener"}
{"EventID": "254", "Channel": "Microsoft-Windows-WinRM/Operational", "Provider_Name": "Microsoft-Windows-WinRM", "Computer": "DESKTOP-OFJ6N53", "TimeCreated": "2025-06-11 10:08:28.272198+00:00", "RecordID": "49048", "Level": "4", "UserID": "S-1-5-18"}
{"EventID": "161", "Channel": "Microsoft-Windows-WinRM/Operational", "Provider_Name": "Microsoft-Windows-WinRM", "Computer": "DESKTOP-OFJ6N53", "TimeCreated": "2025-06-11 10:08:28.272200+00:00", "RecordID": "49049", "Level": "2", "UserID": "S-1-5-18", "EventData.authFailureMessage": "Клиенту не удается подключиться к узлу назначения, указанному в запросе. Убедитесь, что служба на узле назначения работает и принимает запросы. Ознакомьтесь с журналами и документацией для определения запущенной на узле назначения службы WS-Management (чаще всего это IIS или WinRM). Если это служба WinRM, то для анализа состояния и настройки этой службы используйте на удаленном узле команду \"winrm quickconfig\"."}
{"EventID": "142", "Channel": "Microsoft-Windows-WinRM/Operational", "Provider_Name": "Microsoft-Windows-WinRM", "Computer": "DESKTOP-OFJ6N53", "TimeCreated": "2025-06-11 10:08:28.272272+00:00", "RecordID": "49050", "Level": "2", "UserID": "S-1-5-18", "EventData.operationName": "Enumeration", "EventData.errorCode": "2150858770"}
{"EventID": "145", "Channel": "Microsoft-Windows-WinRM/Operational", "Provider_Name": "Microsoft-Windows-WinRM", "Computer": "DESKTOP-OFJ6N53", "TimeCreated": "2025-06-11 14:16:49.824671+00:00", "RecordID": "49051", "Level": "4", "UserID": "S-1-5-18", "EventData.operationName": "Enumeration", "EventData.resourceUri": "http://schemas.microsoft.com/wbem/wsman/1/config/listener"}
{"EventID": "254", "Channel": "Microsoft-Windows-WinRM/Operational", "Provider_Name": "Microsoft-Windows-WinRM", "Computer": "DESKTOP-OFJ6N53", "TimeCreated": "2025-06-11 14:16:53.926414+00:00", "RecordID": "49052", "Level": "4", "UserID": "S-1-5-18"}
{"EventID": "161", "Channel": "Microsoft-Windows-WinRM/Operational", "Provider_Name": "Microsoft-Windows-WinRM", "Computer": "DESKTOP-OFJ6N53", "TimeCreated": "2025-06-11 14:16:53.926416+00:00", "RecordID": "49053", "Level": "2", "UserID": "S-1-5-18", "EventData.authFailureMessage": "Клиенту не удается подключиться к узлу назначения, указанному в запросе. Убедитесь, что служба на узле назначения работает и принимает запросы. Ознакомьтесь с журналами и документацией для определения запущенной на узле назначения службы WS-Management (чаще всего это IIS или WinRM). Если это служба WinRM, то для анализа состояния и настройки этой службы используйте на удаленном узле команду \"winrm quickconfig\"."}
{"EventID": "142", "Channel": "Microsoft-Windows-WinRM/Operational", "Provider_Name": "Microsoft-Windows-WinRM", "Computer": "DESKTOP-OFJ6N53", "TimeCreated": "2025-06-11 14:16:53.926479+00:00", "RecordID": "49054", "Level": "2", "UserID": "S-1-5-18", "EventData.operationName": "Enumeration", "EventData.errorCode": "2150858770"}
{"EventID": "145", "Channel": "Microsoft-Windows-WinRM/Operational", "Provider_Name": "Microsoft-Windows-WinRM", "Computer": "DESKTOP-OFJ6N53", "TimeCreated": "2025-06-11 16:48:52.604174+00:00", "RecordID": "49055", "Level": "4", "UserID": "S-1-5-18", "EventData.operationName": "Enumeration", "EventData.resourceUri": "http://schemas.microsoft.com/wbem/wsman/1/config/listener"}
{"EventID": "254", "Channel": "Microsoft-Windows-WinRM/Operational", "Provider_Name": "Microsoft-Windows-WinRM", "Computer": "DESKTOP-OFJ6N53", "TimeCreated": "2025-06-11 16:48:56.717360+00:00", "RecordID": "49056", "Level": "4", "UserID": "S-1-5-18"}
{"EventID": "161", "Channel": "Microsoft-Windows-WinRM/Operational", "Provider_Name": "Microsoft-Windows-WinRM", "Computer": "DESKTOP-OFJ6N53", "TimeCreated": "2025-06-11 16:48:56.717361+00:00", "RecordID": "49057", "Level": "2", "UserID": "S-1-5-18", "EventData.authFailureMessage": "Клиенту не удается подключиться к узлу назначения, указанному в запросе. Убедитесь, что служба на узле назначения работает и принимает запросы. Ознакомьтесь с журналами и документацией для определения запущенной на узле назначения службы WS-Management (чаще всего это IIS или WinRM). Если это служба WinRM, то для анализа состояния и настройки этой службы используйте на удаленном узле команду \"winrm quickconfig\"."}
{"EventID": "142", "Channel": "Microsoft-Windows-WinRM/Operational", "Provider_Name": "Microsoft-Windows-WinRM", "Computer": "DESKTOP-OFJ6N53", "TimeCreated": "2025-06-11 16:48:56.717417+00:00", "RecordID": "49058", "Level": "2", "UserID": "S-1-5-18", "EventData.operationName": "Enumeration", "EventData.errorCode": "2150858770"}
{"EventID": "145", "Channel": "Microsoft-Windows-WinRM/Operational", "Provider_Name": "Microsoft-Windows-WinRM", "Computer": "DESKTOP-OFJ6N53", "TimeCreated": "2025-06-13 15:09:06.337946+00:00", "RecordID": "49059", "Level": "4", "UserID": "S-1-5-18", "EventData.operationName": "Enumeration", "EventData.resourceUri": "http://schemas.microsoft.com/wbem/wsman/1/config/listener"}
{"EventID": "254", "Channel": "Microsoft-Windows-WinRM/Operational", "Provider_Name": "Microsoft-Windows-WinRM", "Computer": "DESKTOP-OFJ6N53", "TimeCreated": "2025-06-13 15:09:10.436117+00:00", "RecordID": "49060", "Level": "4", "UserID": "S-1-5-18"}
{"EventID": "161", "Channel": "Microsoft-Windows-WinRM/Operational", "Provider_Name": "Microsoft-Windows-WinRM", "Computer": "DESKTOP-OFJ6N53", "TimeCreated": "2025-06-13 15:09:10.436119+00:00", "RecordID": "49061", "Level": "2", "UserID": "S-1-5-18", "EventData.authFailureMessage": "Клиенту не удается подключиться к узлу назначения, указанному в запросе. Убедитесь, что служба на узле назначения работает и принимает запросы. Ознакомьтесь с журналами и документацией для определения запущенной на узле назначения службы WS-Management (чаще всего это IIS или WinRM). Если это служба WinRM, то для анализа состояния и настройки этой службы используйте на удаленном узле команду \"winrm quickconfig\"."}
{"EventID": "142", "Channel": "Microsoft-Windows-WinRM/Operational", "Provider_Name": "Microsoft-Windows-WinRM", "Computer": "DESKTOP-OFJ6N53", "TimeCreated": "2025-06-13 15:09:10.436190+00:00", "RecordID": "49062", "Level": "2", "UserID": "S-1-5-18", "EventData.operationName": "Enumeration", "EventData.errorCode": "2150858770"}
{"EventID": "145", "Channel": "Microsoft-Windows-WinRM/Operational", "Provider_Name": "Microsoft-Windows-WinRM", "Computer": "DESKTOP-OFJ6N53", "TimeCreated": "2025-06-18 04:55:16.015926+00:00", "RecordID": "49063", "Level": "4", "UserID": "S-1-5-18", "EventData.operationName": "Enumeration", "EventData.resourceUri": "http://schemas.microsoft.com/wbem/wsman/1/config/listener"}
{"EventID": "254", "Channel": "Microsoft-Windows-WinRM/Operational", "Provider_Name": "Microsoft-Windows-WinRM", "Computer": "DESKTOP-OFJ6N53", "TimeCreated": "2025-06-18 04:55:20.102402+00:00", "RecordID": "49064", "Level": "4", "UserID": "S-1-5-18"}
{"EventID": "161", "Channel": "Microsoft-Windows-WinRM/Operational", "Provider_Name": "Microsoft-Windows-WinRM", "Computer": "DESKTOP-OFJ6N53", "TimeCreated": "2025-06-18 04:55:20.102406+00:00", "RecordID": "49065", "Level": "2", "UserID": "S-1-5-18", "EventData.authFailureMessage": "Клиенту не удается подключиться к узлу назначения, указанному в запросе. Убедитесь, что служба на узле назначения работает и принимает запросы. Ознакомьтесь с журналами и документацией для определения запущенной на узле назначения службы WS-Management (чаще всего это IIS или WinRM). Если это служба WinRM, то для анализа состояния и настройки этой службы используйте на удаленном узле команду \"winrm quickconfig\"."}
{"EventID": "142", "Channel": "Microsoft-Windows-WinRM/Operational", "Provider_Name": "Microsoft-Windows-WinRM", "Computer": "DESKTOP-OFJ6N53", "TimeCreated": "2025-06-18 04:55:20.102528+00:00", "RecordID": "49066", "Level": "2", "UserID": "S-1-5-18", "EventData.operationName": "Enumeration", "EventData.errorCode": "2150858770"}
{"EventID": "145", "Channel": "Microsoft-Windows-WinRM/Operational", "Provider_Name": "Microsoft-Windows-WinRM", "Computer": "DESKTOP-OFJ6N53", "TimeCreated": "2025-06-18 13:22:40.582760+00:00", "RecordID": "49067", "Level": "4", "UserID": "S-1-5-18", "EventData.operationName": "Enumeration", "EventData.resourceUri": "http://schemas.microsoft.com/wbem/wsman/1/config/listener"}
{"EventID": "254", "Channel": "Microsoft-Windows-WinRM/Operational", "Provider_Name": "Microsoft-Windows-WinRM", "Computer": "DESKTOP-OFJ6N53", "TimeCreated": "2025-06-18 13:22:47.804264+00:00", "RecordID": "49068", "Level": "4", "UserID": "S-1-5-18"}
{"EventID": "161", "Channel": "Microsoft-Windows-WinRM/Operational", "Provider_Name": "Microsoft-Windows-WinRM", "Computer": "DESKTOP-OFJ6N53", "TimeCreated": "2025-06-18 13:22:47.804268+00:00", "RecordID": "49069", "Level": "2", "UserID": "S-1-5-18", "EventData.authFailureMessage": "Клиенту не удается подключиться к узлу назначения, указанному в запросе. Убедитесь, что служба на узле назначения работает и принимает запросы. Ознакомьтесь с журналами и документацией для определения запущенной на узле назначения службы WS-Management (чаще всего это IIS или WinRM). Если это служба WinRM, то для анализа состояния и настройки этой службы используйте на удаленном узле команду \"winrm quickconfig\"."}
{"EventID": "142", "Channel": "Microsoft-Windows-WinRM/Operational", "Provider_Name": "Microsoft-Windows-WinRM", "Computer": "DESKTOP-OFJ6N53", "TimeCreated": "2025-06-18 13:22:47.804340+00:00", "RecordID": "49070", "Level": "2", "UserID": "S-1-5-18", "EventData.operationName": "Enumeration", "EventData.errorCode": "2150858770"}
{"EventID": "145", "Channel": "Microsoft-Windows-WinRM/Operational", "Provider_Name": "Microsoft-Windows-WinRM", "Computer": "DESKTOP-OFJ6N53", "TimeCreated": "2025-06-18 14:24:00.908541+00:00", "RecordID": "49071", "Level": "4", "UserID": "S-1-5-18", "EventData.operationName": "Enumeration", "EventData.resourceUri": "http://schemas.microsoft.com/wbem/wsman/1/config/listener"}
{"EventID": "254", "Channel": "Microsoft-Windows-WinRM/Operational", "Provider_Name": "Microsoft-Windows-WinRM", "Computer": "DESKTOP-OFJ6N53", "TimeCreated": "2025-06-18 14:24:05.106462+00:00", "RecordID": "49072", "Level": "4", "UserID": "S-1-5-18"}
{"EventID": "161", "Channel": "Microsoft-Windows-WinRM/Operational", "Provider_Name": "Microsoft-Windows-WinRM", "Computer": "DESKTOP-OFJ6N53", "TimeCreated": "2025-06-18 14:24:05.106464+00:00", "RecordID": "49073", "Level": "2", "UserID": "S-1-5-18", "EventData.authFailureMessage": "Клиенту не удается подключиться к узлу назначения, указанному в запросе. Убедитесь, что служба на узле назначения работает и принимает запросы. Ознакомьтесь с журналами и документацией для определения запущенной на узле назначения службы WS-Management (чаще всего это IIS или WinRM). Если это служба WinRM, то для анализа состояния и настройки этой службы используйте на удаленном узле команду \"winrm quickconfig\"."}
{"EventID": "142", "Channel": "Microsoft-Windows-WinRM/Operational", "Provider_Name": "Microsoft-Windows-WinRM", "Computer": "DESKTOP-OFJ6N53", "TimeCreated": "2025-06-18 14:24:05.106562+00:00", "RecordID": "49074", "Level": "2", "UserID": "S-1-5-18", "EventData.operationName": "Enumeration", "EventData.errorCode": "2150858770"}
{"EventID": "145", "Channel": "Microsoft-Windows-WinRM/Operational", "Provider_Name": "Microsoft-Windows-WinRM", "Computer": "DESKTOP-OFJ6N53", "TimeCreated": "2025-06-19 13:22:54.676601+00:00", "RecordID": "49075", "Level": "4", "UserID": "S-1-5-18", "EventData.operationName": "Enumeration", "EventData.resourceUri": "http://schemas.microsoft.com/wbem/wsman/1/config/listener"}
{"EventID": "254", "Channel": "Microsoft-Windows-WinRM/Operational", "Provider_Name": "Microsoft-Windows-WinRM", "Computer": "DESKTOP-OFJ6N53", "TimeCreated": "2025-06-19 13:22:58.795210+00:00", "RecordID": "49076", "Level": "4", "UserID": "S-1-5-18"}
{"EventID": "161", "Channel": "Microsoft-Windows-WinRM/Operational", "Provider_Name": "Microsoft-Windows-WinRM", "Computer": "DESKTOP-OFJ6N53", "TimeCreated": "2025-06-19 13:22:58.795212+00:00", "RecordID": "49077", "Level": "2", "UserID": "S-1-5-18", "EventData.authFailureMessage": "Клиенту не удается подключиться к узлу назначения, указанному в запросе. Убедитесь, что служба на узле назначения работает и принимает запросы. Ознакомьтесь с журналами и документацией для определения запущенной на узле назначения службы WS-Management (чаще всего это IIS или WinRM). Если это служба WinRM, то для анализа состояния и настройки этой службы используйте на удаленном узле команду \"winrm quickconfig\"."}
{"EventID": "142", "Channel": "Microsoft-Windows-WinRM/Operational", "Provider_Name": "Microsoft-Windows-WinRM", "Computer": "DESKTOP-OFJ6N53", "TimeCreated": "2025-06-19 13:22:58.795336+00:00", "RecordID": "49078", "Level": "2", "UserID": "S-1-5-18", "EventData.operationName": "Enumeration", "EventData.errorCode": "2150858770"}
{"EventID": "145", "Channel": "Microsoft-Windows-WinRM/Operational", "Provider_Name": "Microsoft-Windows-WinRM", "Computer": "DESKTOP-OFJ6N53", "TimeCreated": "2025-06-19 14:23:59.324389+00:00", "RecordID": "49079", "Level": "4", "UserID": "S-1-5-18", "EventData.operationName": "Enumeration", "EventData.resourceUri": "http://schemas.microsoft.com/wbem/wsman/1/config/listener"}
{"EventID": "254", "Channel": "Microsoft-Windows-WinRM/Operational", "Provider_Name": "Microsoft-Windows-WinRM", "Computer": "DESKTOP-OFJ6N53", "TimeCreated": "2025-06-19 14:24:03.492451+00:00", "RecordID": "49080", "Level": "4", "UserID": "S-1-5-18"}
{"EventID": "161", "Channel": "Microsoft-Windows-WinRM/Operational", "Provider_Name": "Microsoft-Windows-WinRM", "Computer": "DESKTOP-OFJ6N53", "TimeCreated": "2025-06-19 14:24:03.492455+00:00", "RecordID": "49081", "Level": "2", "UserID": "S-1-5-18", "EventData.authFailureMessage": "Клиенту не удается подключиться к узлу назначения, указанному в запросе. Убедитесь, что служба на узле назначения работает и принимает запросы. Ознакомьтесь с журналами и документацией для определения запущенной на узле назначения службы WS-Management (чаще всего это IIS или WinRM). Если это служба WinRM, то для анализа состояния и настройки этой службы используйте на удаленном узле команду \"winrm quickconfig\"."}
{"EventID": "142", "Channel": "Microsoft-Windows-WinRM/Operational", "Provider_Name": "Microsoft-Windows-WinRM", "Computer": "DESKTOP-OFJ6N53", "TimeCreated": "2025-06-19 14:24:03.492537+00:00", "RecordID": "49082", "Level": "2", "UserID": "S-1-5-18", "EventData.operationName": "Enumeration", "EventData.errorCode": "2150858770"}
{"EventID": "145", "Channel": "Microsoft-Windows-WinRM/Operational", "Provider_Name": "Microsoft-Windows-WinRM", "Computer": "DESKTOP-OFJ6N53", "TimeCreated": "2025-06-19 16:26:42.133200+00:00", "RecordID": "49083", "Level": "4", "UserID": "S-1-5-18", "EventData.operationName": "Enumeration", "EventData.resourceUri": "http://schemas.microsoft.com/wbem/wsman/1/config/listener"}
{"EventID": "254", "Channel": "Microsoft-Windows-WinRM/Operational", "Provider_Name": "Microsoft-Windows-WinRM", "Computer": "DESKTOP-OFJ6N53", "TimeCreated": "2025-06-19 16:26:46.211639+00:00", "RecordID": "49084", "Level": "4", "UserID": "S-1-5-18"}
{"EventID": "161", "Channel": "Microsoft-Windows-WinRM/Operational", "Provider_Name": "Microsoft-Windows-WinRM", "Computer": "DESKTOP-OFJ6N53", "TimeCreated": "2025-06-19 16:26:46.211641+00:00", "RecordID": "49085", "Level": "2", "UserID": "S-1-5-18", "EventData.authFailureMessage": "Клиенту не удается подключиться к узлу назначения, указанному в запросе. Убедитесь, что служба на узле назначения работает и принимает запросы. Ознакомьтесь с журналами и документацией для определения запущенной на узле назначения службы WS-Management (чаще всего это IIS или WinRM). Если это служба WinRM, то для анализа состояния и настройки этой службы используйте на удаленном узле команду \"winrm quickconfig\"."}
{"EventID": "142", "Channel": "Microsoft-Windows-WinRM/Operational", "Provider_Name": "Microsoft-Windows-WinRM", "Computer": "DESKTOP-OFJ6N53", "TimeCreated": "2025-06-19 16:26:46.211803+00:00", "RecordID": "49086", "Level": "2", "UserID": "S-1-5-18", "EventData.operationName": "Enumeration", "EventData.errorCode": "2150858770"}
{"EventID": "145", "Channel": "Microsoft-Windows-WinRM/Operational", "Provider_Name": "Microsoft-Windows-WinRM", "Computer": "DESKTOP-OFJ6N53", "TimeCreated": "2025-06-20 13:22:59.688417+00:00", "RecordID": "49087", "Level": "4", "UserID": "S-1-5-18", "EventData.operationName": "Enumeration", "EventData.resourceUri": "http://schemas.microsoft.com/wbem/wsman/1/config/listener"}
{"EventID": "254", "Channel": "Microsoft-Windows-WinRM/Operational", "Provider_Name": "Microsoft-Windows-WinRM", "Computer": "DESKTOP-OFJ6N53", "TimeCreated": "2025-06-20 13:23:03.913960+00:00", "RecordID": "49088", "Level": "4", "UserID": "S-1-5-18"}
{"EventID": "161", "Channel": "Microsoft-Windows-WinRM/Operational", "Provider_Name": "Microsoft-Windows-WinRM", "Computer": "DESKTOP-OFJ6N53", "TimeCreated": "2025-06-20 13:23:03.913963+00:00", "RecordID": "49089", "Level": "2", "UserID": "S-1-5-18", "EventData.authFailureMessage": "Клиенту не удается подключиться к узлу назначения, указанному в запросе. Убедитесь, что служба на узле назначения работает и принимает запросы. Ознакомьтесь с журналами и документацией для определения запущенной на узле назначения службы WS-Management (чаще всего это IIS или WinRM). Если это служба WinRM, то для анализа состояния и настройки этой службы используйте на удаленном узле команду \"winrm quickconfig\"."}
{"EventID": "142", "Channel": "Microsoft-Windows-WinRM/Operational", "Provider_Name": "Microsoft-Windows-WinRM", "Computer": "DESKTOP-OFJ6N53", "TimeCreated": "2025-06-20 13:23:03.914143+00:00", "RecordID": "49090", "Level": "2", "UserID": "S-1-5-18", "EventData.operationName": "Enumeration", "EventData.errorCode": "2150858770"}
{"EventID": "145", "Channel": "Microsoft-Windows-WinRM/Operational", "Provider_Name": "Microsoft-Windows-WinRM", "Computer": "DESKTOP-OFJ6N53", "TimeCreated": "2025-06-20 13:57:05.352253+00:00", "RecordID": "49091", "Level": "4", "UserID": "S-1-5-18", "EventData.operationName": "Enumeration", "EventData.resourceUri": "http://schemas.microsoft.com/wbem/wsman/1/config/listener"}
{"EventID": "254", "Channel": "Microsoft-Windows-WinRM/Operational", "Provider_Name": "Microsoft-Windows-WinRM", "Computer": "DESKTOP-OFJ6N53", "TimeCreated": "2025-06-20 13:57:09.495672+00:00", "RecordID": "49092", "Level": "4", "UserID": "S-1-5-18"}
{"EventID": "161", "Channel": "Microsoft-Windows-WinRM/Operational", "Provider_Name": "Microsoft-Windows-WinRM", "Computer": "DESKTOP-OFJ6N53", "TimeCreated": "2025-06-20 13:57:09.495674+00:00", "RecordID": "49093", "Level": "2", "UserID": "S-1-5-18", "EventData.authFailureMessage": "Клиенту не удается подключиться к узлу назначения, указанному в запросе. Убедитесь, что служба на узле назначения работает и принимает запросы. Ознакомьтесь с журналами и документацией для определения запущенной на узле назначения службы WS-Management (чаще всего это IIS или WinRM). Если это служба WinRM, то для анализа состояния и настройки этой службы используйте на удаленном узле команду \"winrm quickconfig\"."}
{"EventID": "142", "Channel": "Microsoft-Windows-WinRM/Operational", "Provider_Name": "Microsoft-Windows-WinRM", "Computer": "DESKTOP-OFJ6N53", "TimeCreated": "2025-06-20 13:57:09.495773+00:00", "RecordID": "49094", "Level": "2", "UserID": "S-1-5-18", "EventData.operationName": "Enumeration", "EventData.errorCode": "2150858770"}
{"EventID": "145", "Channel": "Microsoft-Windows-WinRM/Operational", "Provider_Name": "Microsoft-Windows-WinRM", "Computer": "DESKTOP-OFJ6N53", "TimeCreated": "2025-06-20 14:23:59.221565+00:00", "RecordID": "49095", "Level": "4", "UserID": "S-1-5-18", "EventData.operationName": "Enumeration", "EventData.resourceUri": "http://schemas.microsoft.com/wbem/wsman/1/config/listener"}
{"EventID": "254", "Channel": "Microsoft-Windows-WinRM/Operational", "Provider_Name": "Microsoft-Windows-WinRM", "Computer": "DESKTOP-OFJ6N53", "TimeCreated": "2025-06-20 14:24:03.402023+00:00", "RecordID": "49096", "Level": "4", "UserID": "S-1-5-18"}
{"EventID": "161", "Channel": "Microsoft-Windows-WinRM/Operational", "Provider_Name": "Microsoft-Windows-WinRM", "Computer": "DESKTOP-OFJ6N53", "TimeCreated": "2025-06-20 14:24:03.402027+00:00", "RecordID": "49097", "Level": "2", "UserID": "S-1-5-18", "EventData.authFailureMessage": "Клиенту не удается подключиться к узлу назначения, указанному в запросе. Убедитесь, что служба на узле назначения работает и принимает запросы. Ознакомьтесь с журналами и документацией для определения запущенной на узле назначения службы WS-Management (чаще всего это IIS или WinRM). Если это служба WinRM, то для анализа состояния и настройки этой службы используйте на удаленном узле команду \"winrm quickconfig\"."}
{"EventID": "142", "Channel": "Microsoft-Windows-WinRM/Operational", "Provider_Name": "Microsoft-Windows-WinRM", "Computer": "DESKTOP-OFJ6N53", "TimeCreated": "2025-06-20 14:24:03.402121+00:00", "RecordID": "49098", "Level": "2", "UserID": "S-1-5-18", "EventData.operationName": "Enumeration", "EventData.errorCode": "2150858770"}
{"EventID": "145", "Channel": "Microsoft-Windows-WinRM/Operational", "Provider_Name": "Microsoft-Windows-WinRM", "Computer": "DESKTOP-OFJ6N53", "TimeCreated": "2025-06-20 16:47:31.181705+00:00", "RecordID": "49099", "Level": "4", "UserID": "S-1-5-18", "EventData.operationName": "Enumeration", "EventData.resourceUri": "http://schemas.microsoft.com/wbem/wsman/1/config/listener"}
{"EventID": "254", "Channel": "Microsoft-Windows-WinRM/Operational", "Provider_Name": "Microsoft-Windows-WinRM", "Computer": "DESKTOP-OFJ6N53", "TimeCreated": "2025-06-20 16:47:35.261379+00:00", "RecordID": "49100", "Level": "4", "UserID": "S-1-5-18"}
{"EventID": "161", "Channel": "Microsoft-Windows-WinRM/Operational", "Provider_Name": "Microsoft-Windows-WinRM", "Computer": "DESKTOP-OFJ6N53", "TimeCreated": "2025-06-20 16:47:35.261381+00:00", "RecordID": "49101", "Level": "2", "UserID": "S-1-5-18", "EventData.authFailureMessage": "Клиенту не удается подключиться к узлу назначения, указанному в запросе. Убедитесь, что служба на узле назначения работает и принимает запросы. Ознакомьтесь с журналами и документацией для определения запущенной на узле назначения службы WS-Management (чаще всего это IIS или WinRM). Если это служба WinRM, то для анализа состояния и настройки этой службы используйте на удаленном узле команду \"winrm quickconfig\"."}
{"EventID": "142", "Channel": "Microsoft-Windows-WinRM/Operational", "Provider_Name": "Microsoft-Windows-WinRM", "Computer": "DESKTOP-OFJ6N53", "TimeCreated": "2025-06-20 16:47:35.261446+00:00", "RecordID": "49102", "Level": "2", "UserID": "S-1-5-18", "EventData.operationName": "Enumeration", "EventData.errorCode": "2150858770"}
{"EventID": "145", "Channel": "Microsoft-Windows-WinRM/Operational", "Provider_Name": "Microsoft-Windows-WinRM", "Computer": "DESKTOP-OFJ6N53", "TimeCreated": "2025-06-21 13:23:05.167555+00:00", "RecordID": "49103", "Level": "4", "UserID": "S-1-5-18", "EventData.operationName": "Enumeration", "EventData.resourceUri": "http://schemas.microsoft.com/wbem/wsman/1/config/listener"}
{"EventID": "254", "Channel": "Microsoft-Windows-WinRM/Operational", "Provider_Name": "Microsoft-Windows-WinRM", "Computer": "DESKTOP-OFJ6N53", "TimeCreated": "2025-06-21 13:23:09.279827+00:00", "RecordID": "49104", "Level": "4", "UserID": "S-1-5-18"}
{"EventID": "161", "Channel": "Microsoft-Windows-WinRM/Operational", "Provider_Name": "Microsoft-Windows-WinRM", "Computer": "DESKTOP-OFJ6N53", "TimeCreated": "2025-06-21 13:23:09.279829+00:00", "RecordID": "49105", "Level": "2", "UserID": "S-1-5-18", "EventData.authFailureMessage": "Клиенту не удается подключиться к узлу назначения, указанному в запросе. Убедитесь, что служба на узле назначения работает и принимает запросы. Ознакомьтесь с журналами и документацией для определения запущенной на узле назначения службы WS-Management (чаще всего это IIS или WinRM). Если это служба WinRM, то для анализа состояния и настройки этой службы используйте на удаленном узле команду \"winrm quickconfig\"."}
{"EventID": "142", "Channel": "Microsoft-Windows-WinRM/Operational", "Provider_Name": "Microsoft-Windows-WinRM", "Computer": "DESKTOP-OFJ6N53", "TimeCreated": "2025-06-21 13:23:09.279898+00:00", "RecordID": "49106", "Level": "2", "UserID": "S-1-5-18", "EventData.operationName": "Enumeration", "EventData.errorCode": "2150858770"}
{"EventID": "145", "Channel": "Microsoft-Windows-WinRM/Operational", "Provider_Name": "Microsoft-Windows-WinRM", "Computer": "DESKTOP-OFJ6N53", "TimeCreated": "2025-06-21 14:23:59.183004+00:00", "RecordID": "49107", "Level": "4", "UserID": "S-1-5-18", "EventData.operationName": "Enumeration", "EventData.resourceUri": "http://schemas.microsoft.com/wbem/wsman/1/config/listener"}
{"EventID": "254", "Channel": "Microsoft-Windows-WinRM/Operational", "Provider_Name": "Microsoft-Windows-WinRM", "Computer": "DESKTOP-OFJ6N53", "TimeCreated": "2025-06-21 14:24:03.294893+00:00", "RecordID": "49108", "Level": "4", "UserID": "S-1-5-18"}
{"EventID": "161", "Channel": "Microsoft-Windows-WinRM/Operational", "Provider_Name": "Microsoft-Windows-WinRM", "Computer": "DESKTOP-OFJ6N53", "TimeCreated": "2025-06-21 14:24:03.294895+00:00", "RecordID": "49109", "Level": "2", "UserID": "S-1-5-18", "EventData.authFailureMessage": "Клиенту не удается подключиться к узлу назначения, указанному в запросе. Убедитесь, что служба на узле назначения работает и принимает запросы. Ознакомьтесь с журналами и документацией для определения запущенной на узле назначения службы WS-Management (чаще всего это IIS или WinRM). Если это служба WinRM, то для анализа состояния и настройки этой службы используйте на удаленном узле команду \"winrm quickconfig\"."}
{"EventID": "142", "Channel": "Microsoft-Windows-WinRM/Operational", "Provider_Name": "Microsoft-Windows-WinRM", "Computer": "DESKTOP-OFJ6N53", "TimeCreated": "2025-06-21 14:24:03.294989+00:00", "RecordID": "49110", "Level": "2", "UserID": "S-1-5-18", "EventData.operationName": "Enumeration", "EventData.errorCode": "2150858770"}
{"EventID": "145", "Channel": "Microsoft-Windows-WinRM/Operational", "Provider_Name": "Microsoft-Windows-WinRM", "Computer": "DESKTOP-OFJ6N53", "TimeCreated": "2025-06-21 16:04:02.607376+00:00", "RecordID": "49111", "Level": "4", "UserID": "S-1-5-18", "EventData.operationName": "Enumeration", "EventData.resourceUri": "http://schemas.microsoft.com/wbem/wsman/1/config/listener"}
{"EventID": "254", "Channel": "Microsoft-Windows-WinRM/Operational", "Provider_Name": "Microsoft-Windows-WinRM", "Computer": "DESKTOP-OFJ6N53", "TimeCreated": "2025-06-21 16:04:06.701300+00:00", "RecordID": "49112", "Level": "4", "UserID": "S-1-5-18"}
{"EventID": "161", "Channel": "Microsoft-Windows-WinRM/Operational", "Provider_Name": "Microsoft-Windows-WinRM", "Computer": "DESKTOP-OFJ6N53", "TimeCreated": "2025-06-21 16:04:06.701302+00:00", "RecordID": "49113", "Level": "2", "UserID": "S-1-5-18", "EventData.authFailureMessage": "Клиенту не удается подключиться к узлу назначения, указанному в запросе. Убедитесь, что служба на узле назначения работает и принимает запросы. Ознакомьтесь с журналами и документацией для определения запущенной на узле назначения службы WS-Management (чаще всего это IIS или WinRM). Если это служба WinRM, то для анализа состояния и настройки этой службы используйте на удаленном узле команду \"winrm quickconfig\"."}
{"EventID": "142", "Channel": "Microsoft-Windows-WinRM/Operational", "Provider_Name": "Microsoft-Windows-WinRM", "Computer": "DESKTOP-OFJ6N53", "TimeCreated": "2025-06-21 16:04:06.701370+00:00", "RecordID": "49114", "Level": "2", "UserID": "S-1-5-18", "EventData.operationName": "Enumeration", "EventData.errorCode": "2150858770"}
{"EventID": "145", "Channel": "Microsoft-Windows-WinRM/Operational", "Provider_Name": "Microsoft-Windows-WinRM", "Computer": "DESKTOP-OFJ6N53", "TimeCreated": "2025-06-22 13:23:11.199932+00:00", "RecordID": "49115", "Level": "4", "UserID": "S-1-5-18", "EventData.operationName": "Enumeration", "EventData.resourceUri": "http://schemas.microsoft.com/wbem/wsman/1/config/listener"}
