{"EventID": "36", "Channel": "Microsoft-Windows-TerminalServices-ServerUSBDevices/Admin", "Provider_Name": "Microsoft-Windows-TerminalServices-ServerUSBDevices", "Computer": "DESKTOP-OFJ6N53", "TimeCreated": "2025-08-19 07:45:58.489407+00:00", "RecordID": "168", "Level": "3", "UserID": "S-1-5-18"}
{"EventID": "36", "Channel": "Microsoft-Windows-TerminalServices-ServerUSBDevices/Admin", "Provider_Name": "Microsoft-Windows-TerminalServices-ServerUSBDevices", "Computer": "DESKTOP-OFJ6N53", "TimeCreated": "2025-08-22 13:13:20.247528+00:00", "RecordID": "169", "Level": "3", "UserID": "S-1-5-18"}
{"EventID": "36", "Channel": "Microsoft-Windows-TerminalServices-ServerUSBDevices/Admin", "Provider_Name": "Microsoft-Windows-TerminalServices-ServerUSBDevices", "Computer": "DESKTOP-OFJ6N53", "TimeCreated": "2025-08-23 20:33:41.142803+00:00", "RecordID": "170", "Level": "3", "UserID": "S-1-5-18"}
