{"EventID": "3", "Channel": "Microsoft-Windows-Kernel-ShimEngine/Operational", "Provider_Name": "Microsoft-Windows-Kernel-ShimEngine", "Computer": "DESKTOP-OFJ6N53", "TimeCreated": "2023-12-13 14:34:04.488106+00:00", "RecordID": "355", "Level": "4", "UserID": "S-1-5-18", "EventData.DriverName": "storahci.sys", "EventData.ShimSource": "0", "EventData.ShimCount": "1", "EventData.AppliedGuids": "{434abafd-08fa-4c3d-a88d-d09a88e2ab17}"}
{"EventID": "4", "Channel": "Microsoft-Windows-Kernel-ShimEngine/Operational", "Provider_Name": "Microsoft-Windows-Kernel-ShimEngine", "Computer": "DESKTOP-OFJ6N53", "TimeCreated": "2023-12-13 14:34:06.375015+00:00", "RecordID": "356", "Level": "4", "UserID": "S-1-5-18", "EventData.DeviceName": "USBXHCI:ALL", "EventData.DeviceClass": "USBXHCI", "EventData.FlagSource": "1", "EventData.Flags": "1126037345796100"}
{"EventID": "4", "Channel": "Microsoft-Windows-Kernel-ShimEngine/Operational", "Provider_Name": "Microsoft-Windows-Kernel-ShimEngine", "Computer": "DESKTOP-OFJ6N53", "TimeCreated": "2023-12-13 14:34:06.419178+00:00", "RecordID": "357", "Level": "4", "UserID": "S-1-5-18", "EventData.DeviceName": "USBXHCI:ALL", "EventData.DeviceClass": "USBXHCI", "EventData.FlagSource": "1", "EventData.Flags": "1126037345796100"}
{"EventID": "3", "Channel": "Microsoft-Windows-Kernel-ShimEngine/Operational", "Provider_Name": "Microsoft-Windows-Kernel-ShimEngine", "Computer": "DESKTOP-OFJ6N53", "TimeCreated": "2023-12-29 14:44:12.409286+00:00", "RecordID": "358", "Level": "4", "UserID": "S-1-5-18", "EventData.DriverName": "storahci.sys", "EventData.ShimSource": "0", "EventData.ShimCount": "1", "EventData.AppliedGuids": "{434abafd-08fa-4c3d-a88d-d09a88e2ab17}"}
{"EventID": "4", "Channel": "Microsoft-Windows-Kernel-ShimEngine/Operational", "Provider_Name": "Microsoft-Windows-Kernel-ShimEngine", "Computer": "DESKTOP-OFJ6N53", "TimeCreated": "2023-12-29 14:44:15.720484+00:00", "RecordID": "359", "Level": "4", "UserID": "S-1-5-18", "EventData.DeviceName": "USBXHCI:ALL", "EventData.DeviceClass": "USBXHCI", "EventData.FlagSource": "1", "EventData.Flags": "1126037345796100"}
{"EventID": "4", "Channel": "Microsoft-Windows-Kernel-ShimEngine/Operational", "Provider_Name": "Microsoft-Windows-Kernel-ShimEngine", "Computer": "DESKTOP-OFJ6N53", "TimeCreated": "2023-12-29 14:44:15.760777+00:00", "RecordID": "360", "Level": "4", "UserID": "S-1-5-18", "EventData.DeviceName": "USBXHCI:ALL", "EventData.DeviceClass": "USBXHCI", "EventData.FlagSource": "1", "EventData.Flags": "1126037345796100"}
{"EventID": "3", "Channel": "Microsoft-Windows-Kernel-ShimEngine/Operational", "Provider_Name": "Microsoft-Windows-Kernel-ShimEngine", "Computer": "DESKTOP-OFJ6N53", "TimeCreated": "2024-01-10 14:58:05.204271+00:00", "RecordID": "361", "Level": "4", "UserID": "S-1-5-18", "EventData.DriverName": "storahci.sys", "EventData.ShimSource": "0", "EventData.ShimCount": "1", "EventData.AppliedGuids": "{434abafd-08fa-4c3d-a88d-d09a88e2ab17}"}
{"EventID": "4", "Channel": "Microsoft-Windows-Kernel-ShimEngine/Operational", "Provider_Name": "Microsoft-Windows-Kernel-ShimEngine", "Computer": "DESKTOP-OFJ6N53", "TimeCreated": "2024-01-10 14:58:07.408085+00:00", "RecordID": "362", "Level": "4", "UserID": "S-1-5-18", "EventData.DeviceName": "USBXHCI:ALL", "EventData.DeviceClass": "USBXHCI", "EventData.FlagSource": "1", "EventData.Flags": "1126037345796100"}
{"EventID": "4", "Channel": "Microsoft-Windows-Kernel-ShimEngine/Operational", "Provider_Name": "Microsoft-Windows-Kernel-ShimEngine", "Computer": "DESKTOP-OFJ6N53", "TimeCreated": "2024-01-10 14:58:07.461014+00:00", "RecordID": "363", "Level": "4", "UserID": "S-1-5-18", "EventData.DeviceName": "USBXHCI:ALL", "EventData.DeviceClass": "USBXHCI", "EventData.FlagSource": "1", "EventData.Flags": "1126037345796100"}
{"EventID": "3", "Channel": "Microsoft-Windows-Kernel-ShimEngine/Operational", "Provider_Name": "Microsoft-Windows-Kernel-ShimEngine", "Computer": "DESKTOP-OFJ6N53", "TimeCreated": "2024-02-15 15:26:39.850639+00:00", "RecordID": "364", "Level": "4", "UserID": "S-1-5-18", "EventData.DriverName": "storahci.sys", "EventData.ShimSource": "0", "EventData.ShimCount": "1", "EventData.AppliedGuids": "{434abafd-08fa-4c3d-a88d-d09a88e2ab17}"}
{"EventID": "4", "Channel": "Microsoft-Windows-Kernel-ShimEngine/Operational", "Provider_Name": "Microsoft-Windows-Kernel-ShimEngine", "Computer": "DESKTOP-OFJ6N53", "TimeCreated": "2024-02-15 15:26:41.886978+00:00", "RecordID": "365", "Level": "4", "UserID": "S-1-5-18", "EventData.DeviceName": "USBXHCI:ALL", "EventData.DeviceClass": "USBXHCI", "EventData.FlagSource": "1", "EventData.Flags": "1126037345796100"}
{"EventID": "4", "Channel": "Microsoft-Windows-Kernel-ShimEngine/Operational", "Provider_Name": "Microsoft-Windows-Kernel-ShimEngine", "Computer": "DESKTOP-OFJ6N53", "TimeCreated": "2024-02-15 15:26:41.937368+00:00", "RecordID": "366", "Level": "4", "UserID": "S-1-5-18", "EventData.DeviceName": "USBXHCI:ALL", "EventData.DeviceClass": "USBXHCI", "EventData.FlagSource": "1", "EventData.Flags": "1126037345796100"}
{"EventID": "3", "Channel": "Microsoft-Windows-Kernel-ShimEngine/Operational", "Provider_Name": "Microsoft-Windows-Kernel-ShimEngine", "Computer": "DESKTOP-OFJ6N53", "TimeCreated": "2024-03-12 11:04:30.515766+00:00", "RecordID": "367", "Level": "4", "UserID": "S-1-5-18", "EventData.DriverName": "storahci.sys", "EventData.ShimSource": "0", "EventData.ShimCount": "1", "EventData.AppliedGuids": "{434abafd-08fa-4c3d-a88d-d09a88e2ab17}"}
{"EventID": "4", "Channel": "Microsoft-Windows-Kernel-ShimEngine/Operational", "Provider_Name": "Microsoft-Windows-Kernel-ShimEngine", "Computer": "DESKTOP-OFJ6N53", "TimeCreated": "2024-03-12 11:04:32.385069+00:00", "RecordID": "368", "Level": "4", "UserID": "S-1-5-18", "EventData.DeviceName": "USBXHCI:ALL", "EventData.DeviceClass": "USBXHCI", "EventData.FlagSource": "1", "EventData.Flags": "1126037345796100"}
{"EventID": "4", "Channel": "Microsoft-Windows-Kernel-ShimEngine/Operational", "Provider_Name": "Microsoft-Windows-Kernel-ShimEngine", "Computer": "DESKTOP-OFJ6N53", "TimeCreated": "2024-03-12 11:04:32.437553+00:00", "RecordID": "369", "Level": "4", "UserID": "S-1-5-18", "EventData.DeviceName": "USBXHCI:ALL", "EventData.DeviceClass": "USBXHCI", "EventData.FlagSource": "1", "EventData.Flags": "1126037345796100"}
{"EventID": "3", "Channel": "Microsoft-Windows-Kernel-ShimEngine/Operational", "Provider_Name": "Microsoft-Windows-Kernel-ShimEngine", "Computer": "DESKTOP-OFJ6N53", "TimeCreated": "2024-04-12 02:52:26.862188+00:00", "RecordID": "370", "Level": "4", "UserID": "S-1-5-18", "EventData.DriverName": "storahci.sys", "EventData.ShimSource": "0", "EventData.ShimCount": "1", "EventData.AppliedGuids": "{434abafd-08fa-4c3d-a88d-d09a88e2ab17}"}
{"EventID": "4", "Channel": "Microsoft-Windows-Kernel-ShimEngine/Operational", "Provider_Name": "Microsoft-Windows-Kernel-ShimEngine", "Computer": "DESKTOP-OFJ6N53", "TimeCreated": "2024-04-12 02:52:29.756575+00:00", "RecordID": "371", "Level": "4", "UserID": "S-1-5-18", "EventData.DeviceName": "USBXHCI:ALL", "EventData.DeviceClass": "USBXHCI", "EventData.FlagSource": "1", "EventData.Flags": "1126037345796100"}
{"EventID": "4", "Channel": "Microsoft-Windows-Kernel-ShimEngine/Operational", "Provider_Name": "Microsoft-Windows-Kernel-ShimEngine", "Computer": "DESKTOP-OFJ6N53", "TimeCreated": "2024-04-12 02:52:29.815414+00:00", "RecordID": "372", "Level": "4", "UserID": "S-1-5-18", "EventData.DeviceName": "USBXHCI:ALL", "EventData.DeviceClass": "USBXHCI", "EventData.FlagSource": "1", "EventData.Flags": "1126037345796100"}
{"EventID": "3", "Channel": "Microsoft-Windows-Kernel-ShimEngine/Operational", "Provider_Name": "Microsoft-Windows-Kernel-ShimEngine", "Computer": "DESKTOP-OFJ6N53", "TimeCreated": "2024-04-23 15:39:18.786036+00:00", "RecordID": "373", "Level": "4", "UserID": "S-1-5-18", "EventData.DriverName": "storahci.sys", "EventData.ShimSource": "0", "EventData.ShimCount": "1", "EventData.AppliedGuids": "{434abafd-08fa-4c3d-a88d-d09a88e2ab17}"}
{"EventID": "4", "Channel": "Microsoft-Windows-Kernel-ShimEngine/Operational", "Provider_Name": "Microsoft-Windows-Kernel-ShimEngine", "Computer": "DESKTOP-OFJ6N53", "TimeCreated": "2024-04-23 15:39:21.332962+00:00", "RecordID": "374", "Level": "4", "UserID": "S-1-5-18", "EventData.DeviceName": "USBXHCI:ALL", "EventData.DeviceClass": "USBXHCI", "EventData.FlagSource": "1", "EventData.Flags": "1126037345796100"}
{"EventID": "4", "Channel": "Microsoft-Windows-Kernel-ShimEngine/Operational", "Provider_Name": "Microsoft-Windows-Kernel-ShimEngine", "Computer": "DESKTOP-OFJ6N53", "TimeCreated": "2024-04-23 15:39:21.387751+00:00", "RecordID": "375", "Level": "4", "UserID": "S-1-5-18", "EventData.DeviceName": "USBXHCI:ALL", "EventData.DeviceClass": "USBXHCI", "EventData.FlagSource": "1", "EventData.Flags": "1126037345796100"}
{"EventID": "3", "Channel": "Microsoft-Windows-Kernel-ShimEngine/Operational", "Provider_Name": "Microsoft-Windows-Kernel-ShimEngine", "Computer": "DESKTOP-OFJ6N53", "TimeCreated": "2024-04-29 15:10:01.617739+00:00", "RecordID": "376", "Level": "4", "UserID": "S-1-5-18", "EventData.DriverName": "storahci.sys", "EventData.ShimSource": "0", "EventData.ShimCount": "1", "EventData.AppliedGuids": "{434abafd-08fa-4c3d-a88d-d09a88e2ab17}"}
{"EventID": "4", "Channel": "Microsoft-Windows-Kernel-ShimEngine/Operational", "Provider_Name": "Microsoft-Windows-Kernel-ShimEngine", "Computer": "DESKTOP-OFJ6N53", "TimeCreated": "2024-04-29 15:10:03.859241+00:00", "RecordID": "377", "Level": "4", "UserID": "S-1-5-18", "EventData.DeviceName": "USBXHCI:ALL", "EventData.DeviceClass": "USBXHCI", "EventData.FlagSource": "1", "EventData.Flags": "1126037345796100"}
{"EventID": "4", "Channel": "Microsoft-Windows-Kernel-ShimEngine/Operational", "Provider_Name": "Microsoft-Windows-Kernel-ShimEngine", "Computer": "DESKTOP-OFJ6N53", "TimeCreated": "2024-04-29 15:10:03.912693+00:00", "RecordID": "378", "Level": "4", "UserID": "S-1-5-18", "EventData.DeviceName": "USBXHCI:ALL", "EventData.DeviceClass": "USBXHCI", "EventData.FlagSource": "1", "EventData.Flags": "1126037345796100"}
{"EventID": "3", "Channel": "Microsoft-Windows-Kernel-ShimEngine/Operational", "Provider_Name": "Microsoft-Windows-Kernel-ShimEngine", "Computer": "DESKTOP-OFJ6N53", "TimeCreated": "2024-05-14 09:12:30.479359+00:00", "RecordID": "379", "Level": "4", "UserID": "S-1-5-18", "EventData.DriverName": "storahci.sys", "EventData.ShimSource": "0", "EventData.ShimCount": "1", "EventData.AppliedGuids": "{434abafd-08fa-4c3d-a88d-d09a88e2ab17}"}
{"EventID": "4", "Channel": "Microsoft-Windows-Kernel-ShimEngine/Operational", "Provider_Name": "Microsoft-Windows-Kernel-ShimEngine", "Computer": "DESKTOP-OFJ6N53", "TimeCreated": "2024-05-14 09:12:35.703150+00:00", "RecordID": "380", "Level": "4", "UserID": "S-1-5-18", "EventData.DeviceName": "USBXHCI:ALL", "EventData.DeviceClass": "USBXHCI", "EventData.FlagSource": "1", "EventData.Flags": "1126037345796100"}
{"EventID": "4", "Channel": "Microsoft-Windows-Kernel-ShimEngine/Operational", "Provider_Name": "Microsoft-Windows-Kernel-ShimEngine", "Computer": "DESKTOP-OFJ6N53", "TimeCreated": "2024-05-14 09:12:35.756176+00:00", "RecordID": "381", "Level": "4", "UserID": "S-1-5-18", "EventData.DeviceName": "USBXHCI:ALL", "EventData.DeviceClass": "USBXHCI", "EventData.FlagSource": "1", "EventData.Flags": "1126037345796100"}
{"EventID": "3", "Channel": "Microsoft-Windows-Kernel-ShimEngine/Operational", "Provider_Name": "Microsoft-Windows-Kernel-ShimEngine", "Computer": "DESKTOP-OFJ6N53", "TimeCreated": "2024-05-15 13:36:06.164402+00:00", "RecordID": "382", "Level": "4", "UserID": "S-1-5-18", "EventData.DriverName": "storahci.sys", "EventData.ShimSource": "0", "EventData.ShimCount": "1", "EventData.AppliedGuids": "{434abafd-08fa-4c3d-a88d-d09a88e2ab17}"}
{"EventID": "4", "Channel": "Microsoft-Windows-Kernel-ShimEngine/Operational", "Provider_Name": "Microsoft-Windows-Kernel-ShimEngine", "Computer": "DESKTOP-OFJ6N53", "TimeCreated": "2024-05-15 13:36:11.978832+00:00", "RecordID": "383", "Level": "4", "UserID": "S-1-5-18", "EventData.DeviceName": "USBXHCI:ALL", "EventData.DeviceClass": "USBXHCI", "EventData.FlagSource": "1", "EventData.Flags": "1126037345796100"}
{"EventID": "4", "Channel": "Microsoft-Windows-Kernel-ShimEngine/Operational", "Provider_Name": "Microsoft-Windows-Kernel-ShimEngine", "Computer": "DESKTOP-OFJ6N53", "TimeCreated": "2024-05-15 13:36:12.037745+00:00", "RecordID": "384", "Level": "4", "UserID": "S-1-5-18", "EventData.DeviceName": "USBXHCI:ALL", "EventData.DeviceClass": "USBXHCI", "EventData.FlagSource": "1", "EventData.Flags": "1126037345796100"}
{"EventID": "3", "Channel": "Microsoft-Windows-Kernel-ShimEngine/Operational", "Provider_Name": "Microsoft-Windows-Kernel-ShimEngine", "Computer": "DESKTOP-OFJ6N53", "TimeCreated": "2024-05-31 10:40:40.630379+00:00", "RecordID": "385", "Level": "4", "UserID": "S-1-5-18", "EventData.DriverName": "storahci.sys", "EventData.ShimSource": "0", "EventData.ShimCount": "1", "EventData.AppliedGuids": "{434abafd-08fa-4c3d-a88d-d09a88e2ab17}"}
{"EventID": "4", "Channel": "Microsoft-Windows-Kernel-ShimEngine/Operational", "Provider_Name": "Microsoft-Windows-Kernel-ShimEngine", "Computer": "DESKTOP-OFJ6N53", "TimeCreated": "2024-05-31 10:40:42.541195+00:00", "RecordID": "386", "Level": "4", "UserID": "S-1-5-18", "EventData.DeviceName": "USBXHCI:ALL", "EventData.DeviceClass": "USBXHCI", "EventData.FlagSource": "1", "EventData.Flags": "1126037345796100"}
{"EventID": "4", "Channel": "Microsoft-Windows-Kernel-ShimEngine/Operational", "Provider_Name": "Microsoft-Windows-Kernel-ShimEngine", "Computer": "DESKTOP-OFJ6N53", "TimeCreated": "2024-05-31 10:40:42.601791+00:00", "RecordID": "387", "Level": "4", "UserID": "S-1-5-18", "EventData.DeviceName": "USBXHCI:ALL", "EventData.DeviceClass": "USBXHCI", "EventData.FlagSource": "1", "EventData.Flags": "1126037345796100"}
{"EventID": "3", "Channel": "Microsoft-Windows-Kernel-ShimEngine/Operational", "Provider_Name": "Microsoft-Windows-Kernel-ShimEngine", "Computer": "DESKTOP-OFJ6N53", "TimeCreated": "2024-06-06 12:16:11.358866+00:00", "RecordID": "388", "Level": "4", "UserID": "S-1-5-18", "EventData.DriverName": "storahci.sys", "EventData.ShimSource": "0", "EventData.ShimCount": "1", "EventData.AppliedGuids": "{434abafd-08fa-4c3d-a88d-d09a88e2ab17}"}
{"EventID": "4", "Channel": "Microsoft-Windows-Kernel-ShimEngine/Operational", "Provider_Name": "Microsoft-Windows-Kernel-ShimEngine", "Computer": "DESKTOP-OFJ6N53", "TimeCreated": "2024-06-06 12:16:14.347414+00:00", "RecordID": "389", "Level": "4", "UserID": "S-1-5-18", "EventData.DeviceName": "USBXHCI:ALL", "EventData.DeviceClass": "USBXHCI", "EventData.FlagSource": "1", "EventData.Flags": "1126037345796100"}
{"EventID": "4", "Channel": "Microsoft-Windows-Kernel-ShimEngine/Operational", "Provider_Name": "Microsoft-Windows-Kernel-ShimEngine", "Computer": "DESKTOP-OFJ6N53", "TimeCreated": "2024-06-06 12:16:14.391085+00:00", "RecordID": "390", "Level": "4", "UserID": "S-1-5-18", "EventData.DeviceName": "USBXHCI:ALL", "EventData.DeviceClass": "USBXHCI", "EventData.FlagSource": "1", "EventData.Flags": "1126037345796100"}
{"EventID": "3", "Channel": "Microsoft-Windows-Kernel-ShimEngine/Operational", "Provider_Name": "Microsoft-Windows-Kernel-ShimEngine", "Computer": "DESKTOP-OFJ6N53", "TimeCreated": "2024-06-11 17:56:28.152111+00:00", "RecordID": "391", "Level": "4", "UserID": "S-1-5-18", "EventData.DriverName": "storahci.sys", "EventData.ShimSource": "0", "EventData.ShimCount": "1", "EventData.AppliedGuids": "{434abafd-08fa-4c3d-a88d-d09a88e2ab17}"}
{"EventID": "4", "Channel": "Microsoft-Windows-Kernel-ShimEngine/Operational", "Provider_Name": "Microsoft-Windows-Kernel-ShimEngine", "Computer": "DESKTOP-OFJ6N53", "TimeCreated": "2024-06-11 17:56:30.347445+00:00", "RecordID": "392", "Level": "4", "UserID": "S-1-5-18", "EventData.DeviceName": "USBXHCI:ALL", "EventData.DeviceClass": "USBXHCI", "EventData.FlagSource": "1", "EventData.Flags": "1126037345796100"}
{"EventID": "4", "Channel": "Microsoft-Windows-Kernel-ShimEngine/Operational", "Provider_Name": "Microsoft-Windows-Kernel-ShimEngine", "Computer": "DESKTOP-OFJ6N53", "TimeCreated": "2024-06-11 17:56:30.485407+00:00", "RecordID": "393", "Level": "4", "UserID": "S-1-5-18", "EventData.DeviceName": "USBXHCI:ALL", "EventData.DeviceClass": "USBXHCI", "EventData.FlagSource": "1", "EventData.Flags": "1126037345796100"}
{"EventID": "3", "Channel": "Microsoft-Windows-Kernel-ShimEngine/Operational", "Provider_Name": "Microsoft-Windows-Kernel-ShimEngine", "Computer": "DESKTOP-OFJ6N53", "TimeCreated": "2024-06-13 10:18:38.713970+00:00", "RecordID": "394", "Level": "4", "UserID": "S-1-5-18", "EventData.DriverName": "storahci.sys", "EventData.ShimSource": "0", "EventData.ShimCount": "1", "EventData.AppliedGuids": "{434abafd-08fa-4c3d-a88d-d09a88e2ab17}"}
{"EventID": "4", "Channel": "Microsoft-Windows-Kernel-ShimEngine/Operational", "Provider_Name": "Microsoft-Windows-Kernel-ShimEngine", "Computer": "DESKTOP-OFJ6N53", "TimeCreated": "2024-06-13 10:18:42.120567+00:00", "RecordID": "395", "Level": "4", "UserID": "S-1-5-18", "EventData.DeviceName": "USBXHCI:ALL", "EventData.DeviceClass": "USBXHCI", "EventData.FlagSource": "1", "EventData.Flags": "1126037345796100"}
{"EventID": "4", "Channel": "Microsoft-Windows-Kernel-ShimEngine/Operational", "Provider_Name": "Microsoft-Windows-Kernel-ShimEngine", "Computer": "DESKTOP-OFJ6N53", "TimeCreated": "2024-06-13 10:18:42.172268+00:00", "RecordID": "396", "Level": "4", "UserID": "S-1-5-18", "EventData.DeviceName": "USBXHCI:ALL", "EventData.DeviceClass": "USBXHCI", "EventData.FlagSource": "1", "EventData.Flags": "1126037345796100"}
{"EventID": "3", "Channel": "Microsoft-Windows-Kernel-ShimEngine/Operational", "Provider_Name": "Microsoft-Windows-Kernel-ShimEngine", "Computer": "DESKTOP-OFJ6N53", "TimeCreated": "2024-07-03 13:21:42.674191+00:00", "RecordID": "397", "Level": "4", "UserID": "S-1-5-18", "EventData.DriverName": "storahci.sys", "EventData.ShimSource": "0", "EventData.ShimCount": "1", "EventData.AppliedGuids": "{434abafd-08fa-4c3d-a88d-d09a88e2ab17}"}
{"EventID": "4", "Channel": "Microsoft-Windows-Kernel-ShimEngine/Operational", "Provider_Name": "Microsoft-Windows-Kernel-ShimEngine", "Computer": "DESKTOP-OFJ6N53", "TimeCreated": "2024-07-03 13:21:44.573011+00:00", "RecordID": "398", "Level": "4", "UserID": "S-1-5-18", "EventData.DeviceName": "USBXHCI:ALL", "EventData.DeviceClass": "USBXHCI", "EventData.FlagSource": "1", "EventData.Flags": "1126037345796100"}
{"EventID": "4", "Channel": "Microsoft-Windows-Kernel-ShimEngine/Operational", "Provider_Name": "Microsoft-Windows-Kernel-ShimEngine", "Computer": "DESKTOP-OFJ6N53", "TimeCreated": "2024-07-03 13:21:44.619247+00:00", "RecordID": "399", "Level": "4", "UserID": "S-1-5-18", "EventData.DeviceName": "USBXHCI:ALL", "EventData.DeviceClass": "USBXHCI", "EventData.FlagSource": "1", "EventData.Flags": "1126037345796100"}
{"EventID": "3", "Channel": "Microsoft-Windows-Kernel-ShimEngine/Operational", "Provider_Name": "Microsoft-Windows-Kernel-ShimEngine", "Computer": "DESKTOP-OFJ6N53", "TimeCreated": "2024-07-10 14:33:32.304848+00:00", "RecordID": "400", "Level": "4", "UserID": "S-1-5-18", "EventData.DriverName": "storahci.sys", "EventData.ShimSource": "0", "EventData.ShimCount": "1", "EventData.AppliedGuids": "{434abafd-08fa-4c3d-a88d-d09a88e2ab17}"}
{"EventID": "4", "Channel": "Microsoft-Windows-Kernel-ShimEngine/Operational", "Provider_Name": "Microsoft-Windows-Kernel-ShimEngine", "Computer": "DESKTOP-OFJ6N53", "TimeCreated": "2024-07-10 14:33:34.945261+00:00", "RecordID": "401", "Level": "4", "UserID": "S-1-5-18", "EventData.DeviceName": "USBXHCI:ALL", "EventData.DeviceClass": "USBXHCI", "EventData.FlagSource": "1", "EventData.Flags": "1126037345796100"}
{"EventID": "4", "Channel": "Microsoft-Windows-Kernel-ShimEngine/Operational", "Provider_Name": "Microsoft-Windows-Kernel-ShimEngine", "Computer": "DESKTOP-OFJ6N53", "TimeCreated": "2024-07-10 14:33:35.259508+00:00", "RecordID": "402", "Level": "4", "UserID": "S-1-5-18", "EventData.DeviceName": "USBXHCI:ALL", "EventData.DeviceClass": "USBXHCI", "EventData.FlagSource": "1", "EventData.Flags": "1126037345796100"}
{"EventID": "3", "Channel": "Microsoft-Windows-Kernel-ShimEngine/Operational", "Provider_Name": "Microsoft-Windows-Kernel-ShimEngine", "Computer": "DESKTOP-OFJ6N53", "TimeCreated": "2024-07-22 07:26:22.130911+00:00", "RecordID": "403", "Level": "4", "UserID": "S-1-5-18", "EventData.DriverName": "storahci.sys", "EventData.ShimSource": "0", "EventData.ShimCount": "1", "EventData.AppliedGuids": "{434abafd-08fa-4c3d-a88d-d09a88e2ab17}"}
{"EventID": "4", "Channel": "Microsoft-Windows-Kernel-ShimEngine/Operational", "Provider_Name": "Microsoft-Windows-Kernel-ShimEngine", "Computer": "DESKTOP-OFJ6N53", "TimeCreated": "2024-07-22 07:26:24.013758+00:00", "RecordID": "404", "Level": "4", "UserID": "S-1-5-18", "EventData.DeviceName": "USBXHCI:ALL", "EventData.DeviceClass": "USBXHCI", "EventData.FlagSource": "1", "EventData.Flags": "1126037345796100"}
{"EventID": "4", "Channel": "Microsoft-Windows-Kernel-ShimEngine/Operational", "Provider_Name": "Microsoft-Windows-Kernel-ShimEngine", "Computer": "DESKTOP-OFJ6N53", "TimeCreated": "2024-07-22 07:26:24.058022+00:00", "RecordID": "405", "Level": "4", "UserID": "S-1-5-18", "EventData.DeviceName": "USBXHCI:ALL", "EventData.DeviceClass": "USBXHCI", "EventData.FlagSource": "1", "EventData.Flags": "1126037345796100"}
{"EventID": "3", "Channel": "Microsoft-Windows-Kernel-ShimEngine/Operational", "Provider_Name": "Microsoft-Windows-Kernel-ShimEngine", "Computer": "DESKTOP-OFJ6N53", "TimeCreated": "2024-08-14 00:09:59.439125+00:00", "RecordID": "406", "Level": "4", "UserID": "S-1-5-18", "EventData.DriverName": "storahci.sys", "EventData.ShimSource": "0", "EventData.ShimCount": "1", "EventData.AppliedGuids": "{434abafd-08fa-4c3d-a88d-d09a88e2ab17}"}
{"EventID": "4", "Channel": "Microsoft-Windows-Kernel-ShimEngine/Operational", "Provider_Name": "Microsoft-Windows-Kernel-ShimEngine", "Computer": "DESKTOP-OFJ6N53", "TimeCreated": "2024-08-14 00:10:01.439756+00:00", "RecordID": "407", "Level": "4", "UserID": "S-1-5-18", "EventData.DeviceName": "USBXHCI:ALL", "EventData.DeviceClass": "USBXHCI", "EventData.FlagSource": "1", "EventData.Flags": "1126037345796100"}
{"EventID": "4", "Channel": "Microsoft-Windows-Kernel-ShimEngine/Operational", "Provider_Name": "Microsoft-Windows-Kernel-ShimEngine", "Computer": "DESKTOP-OFJ6N53", "TimeCreated": "2024-08-14 00:10:01.578554+00:00", "RecordID": "408", "Level": "4", "UserID": "S-1-5-18", "EventData.DeviceName": "USBXHCI:ALL", "EventData.DeviceClass": "USBXHCI", "EventData.FlagSource": "1", "EventData.Flags": "1126037345796100"}
{"EventID": "3", "Channel": "Microsoft-Windows-Kernel-ShimEngine/Operational", "Provider_Name": "Microsoft-Windows-Kernel-ShimEngine", "Computer": "DESKTOP-OFJ6N53", "TimeCreated": "2024-09-06 13:40:04.814976+00:00", "RecordID": "409", "Level": "4", "UserID": "S-1-5-18", "EventData.DriverName": "storahci.sys", "EventData.ShimSource": "0", "EventData.ShimCount": "1", "EventData.AppliedGuids": "{434abafd-08fa-4c3d-a88d-d09a88e2ab17}"}
{"EventID": "4", "Channel": "Microsoft-Windows-Kernel-ShimEngine/Operational", "Provider_Name": "Microsoft-Windows-Kernel-ShimEngine", "Computer": "DESKTOP-OFJ6N53", "TimeCreated": "2024-09-06 13:40:06.699297+00:00", "RecordID": "410", "Level": "4", "UserID": "S-1-5-18", "EventData.DeviceName": "USBXHCI:ALL", "EventData.DeviceClass": "USBXHCI", "EventData.FlagSource": "1", "EventData.Flags": "1126037345796100"}
{"EventID": "4", "Channel": "Microsoft-Windows-Kernel-ShimEngine/Operational", "Provider_Name": "Microsoft-Windows-Kernel-ShimEngine", "Computer": "DESKTOP-OFJ6N53", "TimeCreated": "2024-09-06 13:40:06.744648+00:00", "RecordID": "411", "Level": "4", "UserID": "S-1-5-18", "EventData.DeviceName": "USBXHCI:ALL", "EventData.DeviceClass": "USBXHCI", "EventData.FlagSource": "1", "EventData.Flags": "1126037345796100"}
{"EventID": "3", "Channel": "Microsoft-Windows-Kernel-ShimEngine/Operational", "Provider_Name": "Microsoft-Windows-Kernel-ShimEngine", "Computer": "DESKTOP-OFJ6N53", "TimeCreated": "2024-09-11 14:50:55.501740+00:00", "RecordID": "412", "Level": "4", "UserID": "S-1-5-18", "EventData.DriverName": "storahci.sys", "EventData.ShimSource": "0", "EventData.ShimCount": "1", "EventData.AppliedGuids": "{434abafd-08fa-4c3d-a88d-d09a88e2ab17}"}
{"EventID": "4", "Channel": "Microsoft-Windows-Kernel-ShimEngine/Operational", "Provider_Name": "Microsoft-Windows-Kernel-ShimEngine", "Computer": "DESKTOP-OFJ6N53", "TimeCreated": "2024-09-11 14:50:57.390551+00:00", "RecordID": "413", "Level": "4", "UserID": "S-1-5-18", "EventData.DeviceName": "USBXHCI:ALL", "EventData.DeviceClass": "USBXHCI", "EventData.FlagSource": "1", "EventData.Flags": "1126037345796100"}
{"EventID": "4", "Channel": "Microsoft-Windows-Kernel-ShimEngine/Operational", "Provider_Name": "Microsoft-Windows-Kernel-ShimEngine", "Computer": "DESKTOP-OFJ6N53", "TimeCreated": "2024-09-11 14:50:57.433147+00:00", "RecordID": "414", "Level": "4", "UserID": "S-1-5-18", "EventData.DeviceName": "USBXHCI:ALL", "EventData.DeviceClass": "USBXHCI", "EventData.FlagSource": "1", "EventData.Flags": "1126037345796100"}
{"EventID": "3", "Channel": "Microsoft-Windows-Kernel-ShimEngine/Operational", "Provider_Name": "Microsoft-Windows-Kernel-ShimEngine", "Computer": "DESKTOP-OFJ6N53", "TimeCreated": "2024-09-19 17:25:12.815395+00:00", "RecordID": "415", "Level": "4", "UserID": "S-1-5-18", "EventData.DriverName": "storahci.sys", "EventData.ShimSource": "0", "EventData.ShimCount": "1", "EventData.AppliedGuids": "{434abafd-08fa-4c3d-a88d-d09a88e2ab17}"}
{"EventID": "4", "Channel": "Microsoft-Windows-Kernel-ShimEngine/Operational", "Provider_Name": "Microsoft-Windows-Kernel-ShimEngine", "Computer": "DESKTOP-OFJ6N53", "TimeCreated": "2024-09-19 17:25:14.697458+00:00", "RecordID": "416", "Level": "4", "UserID": "S-1-5-18", "EventData.DeviceName": "USBXHCI:ALL", "EventData.DeviceClass": "USBXHCI", "EventData.FlagSource": "1", "EventData.Flags": "1126037345796100"}
{"EventID": "4", "Channel": "Microsoft-Windows-Kernel-ShimEngine/Operational", "Provider_Name": "Microsoft-Windows-Kernel-ShimEngine", "Computer": "DESKTOP-OFJ6N53", "TimeCreated": "2024-09-19 17:25:14.744272+00:00", "RecordID": "417", "Level": "4", "UserID": "S-1-5-18", "EventData.DeviceName": "USBXHCI:ALL", "EventData.DeviceClass": "USBXHCI", "EventData.FlagSource": "1", "EventData.Flags": "1126037345796100"}
{"EventID": "3", "Channel": "Microsoft-Windows-Kernel-ShimEngine/Operational", "Provider_Name": "Microsoft-Windows-Kernel-ShimEngine", "Computer": "DESKTOP-OFJ6N53", "TimeCreated": "2024-09-24 10:57:24.467541+00:00", "RecordID": "418", "Level": "4", "UserID": "S-1-5-18", "EventData.DriverName": "storahci.sys", "EventData.ShimSource": "0", "EventData.ShimCount": "1", "EventData.AppliedGuids": "{434abafd-08fa-4c3d-a88d-d09a88e2ab17}"}
{"EventID": "4", "Channel": "Microsoft-Windows-Kernel-ShimEngine/Operational", "Provider_Name": "Microsoft-Windows-Kernel-ShimEngine", "Computer": "DESKTOP-OFJ6N53", "TimeCreated": "2024-09-24 10:57:26.352898+00:00", "RecordID": "419", "Level": "4", "UserID": "S-1-5-18", "EventData.DeviceName": "USBXHCI:ALL", "EventData.DeviceClass": "USBXHCI", "EventData.FlagSource": "1", "EventData.Flags": "1126037345796100"}
{"EventID": "4", "Channel": "Microsoft-Windows-Kernel-ShimEngine/Operational", "Provider_Name": "Microsoft-Windows-Kernel-ShimEngine", "Computer": "DESKTOP-OFJ6N53", "TimeCreated": "2024-09-24 10:57:26.399998+00:00", "RecordID": "420", "Level": "4", "UserID": "S-1-5-18", "EventData.DeviceName": "USBXHCI:ALL", "EventData.DeviceClass": "USBXHCI", "EventData.FlagSource": "1", "EventData.Flags": "1126037345796100"}
{"EventID": "3", "Channel": "Microsoft-Windows-Kernel-ShimEngine/Operational", "Provider_Name": "Microsoft-Windows-Kernel-ShimEngine", "Computer": "DESKTOP-OFJ6N53", "TimeCreated": "2024-09-25 13:38:49.485264+00:00", "RecordID": "421", "Level": "4", "UserID": "S-1-5-18", "EventData.DriverName": "storahci.sys", "EventData.ShimSource": "0", "EventData.ShimCount": "1", "EventData.AppliedGuids": "{434abafd-08fa-4c3d-a88d-d09a88e2ab17}"}
{"EventID": "4", "Channel": "Microsoft-Windows-Kernel-ShimEngine/Operational", "Provider_Name": "Microsoft-Windows-Kernel-ShimEngine", "Computer": "DESKTOP-OFJ6N53", "TimeCreated": "2024-09-25 13:38:51.371433+00:00", "RecordID": "422", "Level": "4", "UserID": "S-1-5-18", "EventData.DeviceName": "USBXHCI:ALL", "EventData.DeviceClass": "USBXHCI", "EventData.FlagSource": "1", "EventData.Flags": "1126037345796100"}
{"EventID": "4", "Channel": "Microsoft-Windows-Kernel-ShimEngine/Operational", "Provider_Name": "Microsoft-Windows-Kernel-ShimEngine", "Computer": "DESKTOP-OFJ6N53", "TimeCreated": "2024-09-25 13:38:51.416664+00:00", "RecordID": "423", "Level": "4", "UserID": "S-1-5-18", "EventData.DeviceName": "USBXHCI:ALL", "EventData.DeviceClass": "USBXHCI", "EventData.FlagSource": "1", "EventData.Flags": "1126037345796100"}
{"EventID": "3", "Channel": "Microsoft-Windows-Kernel-ShimEngine/Operational", "Provider_Name": "Microsoft-Windows-Kernel-ShimEngine", "Computer": "DESKTOP-OFJ6N53", "TimeCreated": "2024-09-28 12:28:56.781458+00:00", "RecordID": "424", "Level": "4", "UserID": "S-1-5-18", "EventData.DriverName": "storahci.sys", "EventData.ShimSource": "0", "EventData.ShimCount": "1", "EventData.AppliedGuids": "{434abafd-08fa-4c3d-a88d-d09a88e2ab17}"}
{"EventID": "4", "Channel": "Microsoft-Windows-Kernel-ShimEngine/Operational", "Provider_Name": "Microsoft-Windows-Kernel-ShimEngine", "Computer": "DESKTOP-OFJ6N53", "TimeCreated": "2024-09-28 12:28:58.666601+00:00", "RecordID": "425", "Level": "4", "UserID": "S-1-5-18", "EventData.DeviceName": "USBXHCI:ALL", "EventData.DeviceClass": "USBXHCI", "EventData.FlagSource": "1", "EventData.Flags": "1126037345796100"}
{"EventID": "4", "Channel": "Microsoft-Windows-Kernel-ShimEngine/Operational", "Provider_Name": "Microsoft-Windows-Kernel-ShimEngine", "Computer": "DESKTOP-OFJ6N53", "TimeCreated": "2024-09-28 12:28:58.713024+00:00", "RecordID": "426", "Level": "4", "UserID": "S-1-5-18", "EventData.DeviceName": "USBXHCI:ALL", "EventData.DeviceClass": "USBXHCI", "EventData.FlagSource": "1", "EventData.Flags": "1126037345796100"}
{"EventID": "3", "Channel": "Microsoft-Windows-Kernel-ShimEngine/Operational", "Provider_Name": "Microsoft-Windows-Kernel-ShimEngine", "Computer": "DESKTOP-OFJ6N53", "TimeCreated": "2024-10-04 11:16:46.488239+00:00", "RecordID": "427", "Level": "4", "UserID": "S-1-5-18", "EventData.DriverName": "storahci.sys", "EventData.ShimSource": "0", "EventData.ShimCount": "1", "EventData.AppliedGuids": "{434abafd-08fa-4c3d-a88d-d09a88e2ab17}"}
{"EventID": "4", "Channel": "Microsoft-Windows-Kernel-ShimEngine/Operational", "Provider_Name": "Microsoft-Windows-Kernel-ShimEngine", "Computer": "DESKTOP-OFJ6N53", "TimeCreated": "2024-10-04 11:16:48.372120+00:00", "RecordID": "428", "Level": "4", "UserID": "S-1-5-18", "EventData.DeviceName": "USBXHCI:ALL", "EventData.DeviceClass": "USBXHCI", "EventData.FlagSource": "1", "EventData.Flags": "1126037345796100"}
{"EventID": "4", "Channel": "Microsoft-Windows-Kernel-ShimEngine/Operational", "Provider_Name": "Microsoft-Windows-Kernel-ShimEngine", "Computer": "DESKTOP-OFJ6N53", "TimeCreated": "2024-10-04 11:16:48.417290+00:00", "RecordID": "429", "Level": "4", "UserID": "S-1-5-18", "EventData.DeviceName": "USBXHCI:ALL", "EventData.DeviceClass": "USBXHCI", "EventData.FlagSource": "1", "EventData.Flags": "1126037345796100"}
{"EventID": "3", "Channel": "Microsoft-Windows-Kernel-ShimEngine/Operational", "Provider_Name": "Microsoft-Windows-Kernel-ShimEngine", "Computer": "DESKTOP-OFJ6N53", "TimeCreated": "2024-10-04 22:02:43.502058+00:00", "RecordID": "430", "Level": "4", "UserID": "S-1-5-18", "EventData.DriverName": "storahci.sys", "EventData.ShimSource": "0", "EventData.ShimCount": "1", "EventData.AppliedGuids": "{434abafd-08fa-4c3d-a88d-d09a88e2ab17}"}
{"EventID": "4", "Channel": "Microsoft-Windows-Kernel-ShimEngine/Operational", "Provider_Name": "Microsoft-Windows-Kernel-ShimEngine", "Computer": "DESKTOP-OFJ6N53", "TimeCreated": "2024-10-04 22:02:45.388100+00:00", "RecordID": "431", "Level": "4", "UserID": "S-1-5-18", "EventData.DeviceName": "USBXHCI:ALL", "EventData.DeviceClass": "USBXHCI", "EventData.FlagSource": "1", "EventData.Flags": "1126037345796100"}
{"EventID": "4", "Channel": "Microsoft-Windows-Kernel-ShimEngine/Operational", "Provider_Name": "Microsoft-Windows-Kernel-ShimEngine", "Computer": "DESKTOP-OFJ6N53", "TimeCreated": "2024-10-04 22:02:45.432531+00:00", "RecordID": "432", "Level": "4", "UserID": "S-1-5-18", "EventData.DeviceName": "USBXHCI:ALL", "EventData.DeviceClass": "USBXHCI", "EventData.FlagSource": "1", "EventData.Flags": "1126037345796100"}
{"EventID": "3", "Channel": "Microsoft-Windows-Kernel-ShimEngine/Operational", "Provider_Name": "Microsoft-Windows-Kernel-ShimEngine", "Computer": "DESKTOP-OFJ6N53", "TimeCreated": "2024-10-08 20:25:19.752911+00:00", "RecordID": "433", "Level": "4", "UserID": "S-1-5-18", "EventData.DriverName": "storahci.sys", "EventData.ShimSource": "0", "EventData.ShimCount": "1", "EventData.AppliedGuids": "{434abafd-08fa-4c3d-a88d-d09a88e2ab17}"}
{"EventID": "4", "Channel": "Microsoft-Windows-Kernel-ShimEngine/Operational", "Provider_Name": "Microsoft-Windows-Kernel-ShimEngine", "Computer": "DESKTOP-OFJ6N53", "TimeCreated": "2024-10-08 20:25:21.639154+00:00", "RecordID": "434", "Level": "4", "UserID": "S-1-5-18", "EventData.DeviceName": "USBXHCI:ALL", "EventData.DeviceClass": "USBXHCI", "EventData.FlagSource": "1", "EventData.Flags": "1126037345796100"}
{"EventID": "4", "Channel": "Microsoft-Windows-Kernel-ShimEngine/Operational", "Provider_Name": "Microsoft-Windows-Kernel-ShimEngine", "Computer": "DESKTOP-OFJ6N53", "TimeCreated": "2024-10-08 20:25:21.684738+00:00", "RecordID": "435", "Level": "4", "UserID": "S-1-5-18", "EventData.DeviceName": "USBXHCI:ALL", "EventData.DeviceClass": "USBXHCI", "EventData.FlagSource": "1", "EventData.Flags": "1126037345796100"}
{"EventID": "3", "Channel": "Microsoft-Windows-Kernel-ShimEngine/Operational", "Provider_Name": "Microsoft-Windows-Kernel-ShimEngine", "Computer": "DESKTOP-OFJ6N53", "TimeCreated": "2024-11-13 14:44:55.829153+00:00", "RecordID": "436", "Level": "4", "UserID": "S-1-5-18", "EventData.DriverName": "storahci.sys", "EventData.ShimSource": "0", "EventData.ShimCount": "1", "EventData.AppliedGuids": "{434abafd-08fa-4c3d-a88d-d09a88e2ab17}"}
{"EventID": "4", "Channel": "Microsoft-Windows-Kernel-ShimEngine/Operational", "Provider_Name": "Microsoft-Windows-Kernel-ShimEngine", "Computer": "DESKTOP-OFJ6N53", "TimeCreated": "2024-11-13 14:44:57.722761+00:00", "RecordID": "437", "Level": "4", "UserID": "S-1-5-18", "EventData.DeviceName": "USBXHCI:ALL", "EventData.DeviceClass": "USBXHCI", "EventData.FlagSource": "1", "EventData.Flags": "1126037345796100"}
{"EventID": "4", "Channel": "Microsoft-Windows-Kernel-ShimEngine/Operational", "Provider_Name": "Microsoft-Windows-Kernel-ShimEngine", "Computer": "DESKTOP-OFJ6N53", "TimeCreated": "2024-11-13 14:44:57.777411+00:00", "RecordID": "438", "Level": "4", "UserID": "S-1-5-18", "EventData.DeviceName": "USBXHCI:ALL", "EventData.DeviceClass": "USBXHCI", "EventData.FlagSource": "1", "EventData.Flags": "1126037345796100"}
{"EventID": "3", "Channel": "Microsoft-Windows-Kernel-ShimEngine/Operational", "Provider_Name": "Microsoft-Windows-Kernel-ShimEngine", "Computer": "DESKTOP-OFJ6N53", "TimeCreated": "2024-12-03 10:23:46.794304+00:00", "RecordID": "439", "Level": "4", "UserID": "S-1-5-18", "EventData.DriverName": "storahci.sys", "EventData.ShimSource": "0", "EventData.ShimCount": "1", "EventData.AppliedGuids": "{434abafd-08fa-4c3d-a88d-d09a88e2ab17}"}
{"EventID": "4", "Channel": "Microsoft-Windows-Kernel-ShimEngine/Operational", "Provider_Name": "Microsoft-Windows-Kernel-ShimEngine", "Computer": "DESKTOP-OFJ6N53", "TimeCreated": "2024-12-03 10:23:48.681280+00:00", "RecordID": "440", "Level": "4", "UserID": "S-1-5-18", "EventData.DeviceName": "USBXHCI:ALL", "EventData.DeviceClass": "USBXHCI", "EventData.FlagSource": "1", "EventData.Flags": "1126037345796100"}
{"EventID": "4", "Channel": "Microsoft-Windows-Kernel-ShimEngine/Operational", "Provider_Name": "Microsoft-Windows-Kernel-ShimEngine", "Computer": "DESKTOP-OFJ6N53", "TimeCreated": "2024-12-03 10:23:48.726595+00:00", "RecordID": "441", "Level": "4", "UserID": "S-1-5-18", "EventData.DeviceName": "USBXHCI:ALL", "EventData.DeviceClass": "USBXHCI", "EventData.FlagSource": "1", "EventData.Flags": "1126037345796100"}
{"EventID": "3", "Channel": "Microsoft-Windows-Kernel-ShimEngine/Operational", "Provider_Name": "Microsoft-Windows-Kernel-ShimEngine", "Computer": "DESKTOP-OFJ6N53", "TimeCreated": "2024-12-08 16:52:13.561924+00:00", "RecordID": "442", "Level": "4", "UserID": "S-1-5-18", "EventData.DriverName": "storahci.sys", "EventData.ShimSource": "0", "EventData.ShimCount": "1", "EventData.AppliedGuids": "{434abafd-08fa-4c3d-a88d-d09a88e2ab17}"}
{"EventID": "4", "Channel": "Microsoft-Windows-Kernel-ShimEngine/Operational", "Provider_Name": "Microsoft-Windows-Kernel-ShimEngine", "Computer": "DESKTOP-OFJ6N53", "TimeCreated": "2024-12-08 16:52:15.464911+00:00", "RecordID": "443", "Level": "4", "UserID": "S-1-5-18", "EventData.DeviceName": "USBXHCI:ALL", "EventData.DeviceClass": "USBXHCI", "EventData.FlagSource": "1", "EventData.Flags": "1126037345796100"}
{"EventID": "4", "Channel": "Microsoft-Windows-Kernel-ShimEngine/Operational", "Provider_Name": "Microsoft-Windows-Kernel-ShimEngine", "Computer": "DESKTOP-OFJ6N53", "TimeCreated": "2024-12-08 16:52:15.510172+00:00", "RecordID": "444", "Level": "4", "UserID": "S-1-5-18", "EventData.DeviceName": "USBXHCI:ALL", "EventData.DeviceClass": "USBXHCI", "EventData.FlagSource": "1", "EventData.Flags": "1126037345796100"}
{"EventID": "3", "Channel": "Microsoft-Windows-Kernel-ShimEngine/Operational", "Provider_Name": "Microsoft-Windows-Kernel-ShimEngine", "Computer": "DESKTOP-OFJ6N53", "TimeCreated": "2024-12-11 15:06:02.892570+00:00", "RecordID": "445", "Level": "4", "UserID": "S-1-5-18", "EventData.DriverName": "storahci.sys", "EventData.ShimSource": "0", "EventData.ShimCount": "1", "EventData.AppliedGuids": "{434abafd-08fa-4c3d-a88d-d09a88e2ab17}"}
{"EventID": "4", "Channel": "Microsoft-Windows-Kernel-ShimEngine/Operational", "Provider_Name": "Microsoft-Windows-Kernel-ShimEngine", "Computer": "DESKTOP-OFJ6N53", "TimeCreated": "2024-12-11 15:06:04.781441+00:00", "RecordID": "446", "Level": "4", "UserID": "S-1-5-18", "EventData.DeviceName": "USBXHCI:ALL", "EventData.DeviceClass": "USBXHCI", "EventData.FlagSource": "1", "EventData.Flags": "1126037345796100"}
{"EventID": "4", "Channel": "Microsoft-Windows-Kernel-ShimEngine/Operational", "Provider_Name": "Microsoft-Windows-Kernel-ShimEngine", "Computer": "DESKTOP-OFJ6N53", "TimeCreated": "2024-12-11 15:06:04.839808+00:00", "RecordID": "447", "Level": "4", "UserID": "S-1-5-18", "EventData.DeviceName": "USBXHCI:ALL", "EventData.DeviceClass": "USBXHCI", "EventData.FlagSource": "1", "EventData.Flags": "1126037345796100"}
{"EventID": "3", "Channel": "Microsoft-Windows-Kernel-ShimEngine/Operational", "Provider_Name": "Microsoft-Windows-Kernel-ShimEngine", "Computer": "DESKTOP-OFJ6N53", "TimeCreated": "2024-12-23 14:09:43.845522+00:00", "RecordID": "448", "Level": "4", "UserID": "S-1-5-18", "EventData.DriverName": "storahci.sys", "EventData.ShimSource": "0", "EventData.ShimCount": "1", "EventData.AppliedGuids": "{434abafd-08fa-4c3d-a88d-d09a88e2ab17}"}
{"EventID": "4", "Channel": "Microsoft-Windows-Kernel-ShimEngine/Operational", "Provider_Name": "Microsoft-Windows-Kernel-ShimEngine", "Computer": "DESKTOP-OFJ6N53", "TimeCreated": "2024-12-23 14:09:45.735771+00:00", "RecordID": "449", "Level": "4", "UserID": "S-1-5-18", "EventData.DeviceName": "USBXHCI:ALL", "EventData.DeviceClass": "USBXHCI", "EventData.FlagSource": "1", "EventData.Flags": "1126037345796100"}
{"EventID": "4", "Channel": "Microsoft-Windows-Kernel-ShimEngine/Operational", "Provider_Name": "Microsoft-Windows-Kernel-ShimEngine", "Computer": "DESKTOP-OFJ6N53", "TimeCreated": "2024-12-23 14:09:45.792217+00:00", "RecordID": "450", "Level": "4", "UserID": "S-1-5-18", "EventData.DeviceName": "USBXHCI:ALL", "EventData.DeviceClass": "USBXHCI", "EventData.FlagSource": "1", "EventData.Flags": "1126037345796100"}
{"EventID": "3", "Channel": "Microsoft-Windows-Kernel-ShimEngine/Operational", "Provider_Name": "Microsoft-Windows-Kernel-ShimEngine", "Computer": "DESKTOP-OFJ6N53", "TimeCreated": "2025-01-09 14:55:07.320738+00:00", "RecordID": "451", "Level": "4", "UserID": "S-1-5-18", "EventData.DriverName": "storahci.sys", "EventData.ShimSource": "0", "EventData.ShimCount": "1", "EventData.AppliedGuids": "{434abafd-08fa-4c3d-a88d-d09a88e2ab17}"}
{"EventID": "4", "Channel": "Microsoft-Windows-Kernel-ShimEngine/Operational", "Provider_Name": "Microsoft-Windows-Kernel-ShimEngine", "Computer": "DESKTOP-OFJ6N53", "TimeCreated": "2025-01-09 14:55:09.204491+00:00", "RecordID": "452", "Level": "4", "UserID": "S-1-5-18", "EventData.DeviceName": "USBXHCI:ALL", "EventData.DeviceClass": "USBXHCI", "EventData.FlagSource": "1", "EventData.Flags": "1126037345796100"}
{"EventID": "4", "Channel": "Microsoft-Windows-Kernel-ShimEngine/Operational", "Provider_Name": "Microsoft-Windows-Kernel-ShimEngine", "Computer": "DESKTOP-OFJ6N53", "TimeCreated": "2025-01-09 14:55:09.251139+00:00", "RecordID": "453", "Level": "4", "UserID": "S-1-5-18", "EventData.DeviceName": "USBXHCI:ALL", "EventData.DeviceClass": "USBXHCI", "EventData.FlagSource": "1", "EventData.Flags": "1126037345796100"}
{"EventID": "3", "Channel": "Microsoft-Windows-Kernel-ShimEngine/Operational", "Provider_Name": "Microsoft-Windows-Kernel-ShimEngine", "Computer": "DESKTOP-OFJ6N53", "TimeCreated": "2025-01-14 23:22:23.139885+00:00", "RecordID": "454", "Level": "4", "UserID": "S-1-5-18", "EventData.DriverName": "storahci.sys", "EventData.ShimSource": "0", "EventData.ShimCount": "1", "EventData.AppliedGuids": "{434abafd-08fa-4c3d-a88d-d09a88e2ab17}"}
{"EventID": "4", "Channel": "Microsoft-Windows-Kernel-ShimEngine/Operational", "Provider_Name": "Microsoft-Windows-Kernel-ShimEngine", "Computer": "DESKTOP-OFJ6N53", "TimeCreated": "2025-01-14 23:22:25.597960+00:00", "RecordID": "455", "Level": "4", "UserID": "S-1-5-18", "EventData.DeviceName": "USBXHCI:ALL", "EventData.DeviceClass": "USBXHCI", "EventData.FlagSource": "1", "EventData.Flags": "1126037345796100"}
{"EventID": "4", "Channel": "Microsoft-Windows-Kernel-ShimEngine/Operational", "Provider_Name": "Microsoft-Windows-Kernel-ShimEngine", "Computer": "DESKTOP-OFJ6N53", "TimeCreated": "2025-01-14 23:22:25.650442+00:00", "RecordID": "456", "Level": "4", "UserID": "S-1-5-18", "EventData.DeviceName": "USBXHCI:ALL", "EventData.DeviceClass": "USBXHCI", "EventData.FlagSource": "1", "EventData.Flags": "1126037345796100"}
{"EventID": "3", "Channel": "Microsoft-Windows-Kernel-ShimEngine/Operational", "Provider_Name": "Microsoft-Windows-Kernel-ShimEngine", "Computer": "DESKTOP-OFJ6N53", "TimeCreated": "2025-01-24 12:03:11.290098+00:00", "RecordID": "457", "Level": "4", "UserID": "S-1-5-18", "EventData.DriverName": "storahci.sys", "EventData.ShimSource": "0", "EventData.ShimCount": "1", "EventData.AppliedGuids": "{434abafd-08fa-4c3d-a88d-d09a88e2ab17}"}
{"EventID": "4", "Channel": "Microsoft-Windows-Kernel-ShimEngine/Operational", "Provider_Name": "Microsoft-Windows-Kernel-ShimEngine", "Computer": "DESKTOP-OFJ6N53", "TimeCreated": "2025-01-24 12:03:13.201126+00:00", "RecordID": "458", "Level": "4", "UserID": "S-1-5-18", "EventData.DeviceName": "USBXHCI:ALL", "EventData.DeviceClass": "USBXHCI", "EventData.FlagSource": "1", "EventData.Flags": "1126037345796100"}
{"EventID": "4", "Channel": "Microsoft-Windows-Kernel-ShimEngine/Operational", "Provider_Name": "Microsoft-Windows-Kernel-ShimEngine", "Computer": "DESKTOP-OFJ6N53", "TimeCreated": "2025-01-24 12:03:13.259476+00:00", "RecordID": "459", "Level": "4", "UserID": "S-1-5-18", "EventData.DeviceName": "USBXHCI:ALL", "EventData.DeviceClass": "USBXHCI", "EventData.FlagSource": "1", "EventData.Flags": "1126037345796100"}
{"EventID": "3", "Channel": "Microsoft-Windows-Kernel-ShimEngine/Operational", "Provider_Name": "Microsoft-Windows-Kernel-ShimEngine", "Computer": "DESKTOP-OFJ6N53", "TimeCreated": "2025-02-05 14:01:43.831253+00:00", "RecordID": "460", "Level": "4", "UserID": "S-1-5-18", "EventData.DriverName": "storahci.sys", "EventData.ShimSource": "0", "EventData.ShimCount": "1", "EventData.AppliedGuids": "{434abafd-08fa-4c3d-a88d-d09a88e2ab17}"}
{"EventID": "4", "Channel": "Microsoft-Windows-Kernel-ShimEngine/Operational", "Provider_Name": "Microsoft-Windows-Kernel-ShimEngine", "Computer": "DESKTOP-OFJ6N53", "TimeCreated": "2025-02-05 14:01:46.735197+00:00", "RecordID": "461", "Level": "4", "UserID": "S-1-5-18", "EventData.DeviceName": "USBXHCI:ALL", "EventData.DeviceClass": "USBXHCI", "EventData.FlagSource": "1", "EventData.Flags": "1126037345796100"}
{"EventID": "4", "Channel": "Microsoft-Windows-Kernel-ShimEngine/Operational", "Provider_Name": "Microsoft-Windows-Kernel-ShimEngine", "Computer": "DESKTOP-OFJ6N53", "TimeCreated": "2025-02-05 14:01:46.790785+00:00", "RecordID": "462", "Level": "4", "UserID": "S-1-5-18", "EventData.DeviceName": "USBXHCI:ALL", "EventData.DeviceClass": "USBXHCI", "EventData.FlagSource": "1", "EventData.Flags": "1126037345796100"}
{"EventID": "3", "Channel": "Microsoft-Windows-Kernel-ShimEngine/Operational", "Provider_Name": "Microsoft-Windows-Kernel-ShimEngine", "Computer": "DESKTOP-OFJ6N53", "TimeCreated": "2025-02-12 14:54:18.942888+00:00", "RecordID": "463", "Level": "4", "UserID": "S-1-5-18", "EventData.DriverName": "storahci.sys", "EventData.ShimSource": "0", "EventData.ShimCount": "1", "EventData.AppliedGuids": "{434abafd-08fa-4c3d-a88d-d09a88e2ab17}"}
{"EventID": "4", "Channel": "Microsoft-Windows-Kernel-ShimEngine/Operational", "Provider_Name": "Microsoft-Windows-Kernel-ShimEngine", "Computer": "DESKTOP-OFJ6N53", "TimeCreated": "2025-02-12 14:54:20.826851+00:00", "RecordID": "464", "Level": "4", "UserID": "S-1-5-18", "EventData.DeviceName": "USBXHCI:ALL", "EventData.DeviceClass": "USBXHCI", "EventData.FlagSource": "1", "EventData.Flags": "1126037345796100"}
{"EventID": "4", "Channel": "Microsoft-Windows-Kernel-ShimEngine/Operational", "Provider_Name": "Microsoft-Windows-Kernel-ShimEngine", "Computer": "DESKTOP-OFJ6N53", "TimeCreated": "2025-02-12 14:54:20.885056+00:00", "RecordID": "465", "Level": "4", "UserID": "S-1-5-18", "EventData.DeviceName": "USBXHCI:ALL", "EventData.DeviceClass": "USBXHCI", "EventData.FlagSource": "1", "EventData.Flags": "1126037345796100"}
{"EventID": "3", "Channel": "Microsoft-Windows-Kernel-ShimEngine/Operational", "Provider_Name": "Microsoft-Windows-Kernel-ShimEngine", "Computer": "DESKTOP-OFJ6N53", "TimeCreated": "2025-03-07 15:03:48.000769+00:00", "RecordID": "466", "Level": "4", "UserID": "S-1-5-18", "EventData.DriverName": "storahci.sys", "EventData.ShimSource": "0", "EventData.ShimCount": "1", "EventData.AppliedGuids": "{434abafd-08fa-4c3d-a88d-d09a88e2ab17}"}
{"EventID": "4", "Channel": "Microsoft-Windows-Kernel-ShimEngine/Operational", "Provider_Name": "Microsoft-Windows-Kernel-ShimEngine", "Computer": "DESKTOP-OFJ6N53", "TimeCreated": "2025-03-07 15:03:49.904497+00:00", "RecordID": "467", "Level": "4", "UserID": "S-1-5-18", "EventData.DeviceName": "USBXHCI:ALL", "EventData.DeviceClass": "USBXHCI", "EventData.FlagSource": "1", "EventData.Flags": "1126037345796100"}
{"EventID": "4", "Channel": "Microsoft-Windows-Kernel-ShimEngine/Operational", "Provider_Name": "Microsoft-Windows-Kernel-ShimEngine", "Computer": "DESKTOP-OFJ6N53", "TimeCreated": "2025-03-07 15:03:49.961922+00:00", "RecordID": "468", "Level": "4", "UserID": "S-1-5-18", "EventData.DeviceName": "USBXHCI:ALL", "EventData.DeviceClass": "USBXHCI", "EventData.FlagSource": "1", "EventData.Flags": "1126037345796100"}
{"EventID": "3", "Channel": "Microsoft-Windows-Kernel-ShimEngine/Operational", "Provider_Name": "Microsoft-Windows-Kernel-ShimEngine", "Computer": "DESKTOP-OFJ6N53", "TimeCreated": "2025-03-11 20:16:55.593830+00:00", "RecordID": "469", "Level": "4", "UserID": "S-1-5-18", "EventData.DriverName": "storahci.sys", "EventData.ShimSource": "0", "EventData.ShimCount": "1", "EventData.AppliedGuids": "{434abafd-08fa-4c3d-a88d-d09a88e2ab17}"}
{"EventID": "4", "Channel": "Microsoft-Windows-Kernel-ShimEngine/Operational", "Provider_Name": "Microsoft-Windows-Kernel-ShimEngine", "Computer": "DESKTOP-OFJ6N53", "TimeCreated": "2025-03-11 20:16:57.480074+00:00", "RecordID": "470", "Level": "4", "UserID": "S-1-5-18", "EventData.DeviceName": "USBXHCI:ALL", "EventData.DeviceClass": "USBXHCI", "EventData.FlagSource": "1", "EventData.Flags": "1126037345796100"}
{"EventID": "4", "Channel": "Microsoft-Windows-Kernel-ShimEngine/Operational", "Provider_Name": "Microsoft-Windows-Kernel-ShimEngine", "Computer": "DESKTOP-OFJ6N53", "TimeCreated": "2025-03-11 20:16:57.524130+00:00", "RecordID": "471", "Level": "4", "UserID": "S-1-5-18", "EventData.DeviceName": "USBXHCI:ALL", "EventData.DeviceClass": "USBXHCI", "EventData.FlagSource": "1", "EventData.Flags": "1126037345796100"}
{"EventID": "3", "Channel": "Microsoft-Windows-Kernel-ShimEngine/Operational", "Provider_Name": "Microsoft-Windows-Kernel-ShimEngine", "Computer": "DESKTOP-OFJ6N53", "TimeCreated": "2025-04-01 16:03:14.765053+00:00", "RecordID": "472", "Level": "4", "UserID": "S-1-5-18", "EventData.DriverName": "storahci.sys", "EventData.ShimSource": "0", "EventData.ShimCount": "1", "EventData.AppliedGuids": "{434abafd-08fa-4c3d-a88d-d09a88e2ab17}"}
