{"EventID": "261", "Channel": "Microsoft-Windows-Time-Service/Operational", "Provider_Name": "Microsoft-Windows-Time-Service", "Computer": "DESKTOP-OFJ6N53", "TimeCreated": "2025-06-02 08:43:07.170576+00:00", "RecordID": "12157", "Level": "4", "UserID": "S-1-5-19", "EventData.NewTime": "2025-06-02T08:43:07.168Z", "EventData.OldTime": "2025-06-02T08:43:05.936Z", "EventData.TickCount": "1620048531"}
{"EventID": "266", "Channel": "Microsoft-Windows-Time-Service/Operational", "Provider_Name": "Microsoft-Windows-Time-Service", "Computer": "DESKTOP-OFJ6N53", "TimeCreated": "2025-06-02 08:43:07.171494+00:00", "RecordID": "12158", "Level": "4", "UserID": "S-1-5-19", "EventData.ReasonCode": "3", "EventData.TickCount": "1620048531"}
{"EventID": "265", "Channel": "Microsoft-Windows-Time-Service/Operational", "Provider_Name": "Microsoft-Windows-Time-Service", "Computer": "DESKTOP-OFJ6N53", "TimeCreated": "2025-06-02 08:43:07.171509+00:00", "RecordID": "12159", "Level": "4", "UserID": "S-1-5-19", "EventData.TimeSource": "time.windows.com,0x9 (ntp.m|0x9|0.0.0.0:123->20.101.57.9:123)", "EventData.TimeSourceRefId": "0x14653909", "EventData.LocalStratumNumber": "4", "EventData.TickCount": "1620048531"}
{"EventID": "261", "Channel": "Microsoft-Windows-Time-Service/Operational", "Provider_Name": "Microsoft-Windows-Time-Service", "Computer": "DESKTOP-OFJ6N53", "TimeCreated": "2025-06-02 08:43:07.172033+00:00", "RecordID": "12160", "Level": "4", "UserID": "S-1-5-19", "EventData.NewTime": "2025-06-02T08:43:07.171Z", "EventData.OldTime": "2025-06-02T08:43:07.168Z", "EventData.TickCount": "1620048531"}
{"EventID": "261", "Channel": "Microsoft-Windows-Time-Service/Operational", "Provider_Name": "Microsoft-Windows-Time-Service", "Computer": "DESKTOP-OFJ6N53", "TimeCreated": "2025-06-02 08:43:07.177975+00:00", "RecordID": "12161", "Level": "4", "UserID": "S-1-5-19", "EventData.NewTime": "2025-06-02T08:43:07.177Z", "EventData.OldTime": "2025-06-02T08:43:07.171Z", "EventData.TickCount": "1620048531"}
{"EventID": "258", "Channel": "Microsoft-Windows-Time-Service/Operational", "Provider_Name": "Microsoft-Windows-Time-Service", "Computer": "DESKTOP-OFJ6N53", "TimeCreated": "2025-06-02 08:43:07.186258+00:00", "RecordID": "12162", "Level": "4", "UserID": "S-1-5-19", "EventData.CurrentTime(UTC)": "2025-06-02T08:43:07.186Z", "EventData.TickCount": "1620048546", "EventData.ErrorMessage": "0x00000000: Успешно."}
{"EventID": "272", "Channel": "Microsoft-Windows-Time-Service/Operational", "Provider_Name": "Microsoft-Windows-Time-Service", "Computer": "DESKTOP-OFJ6N53", "TimeCreated": "2025-06-03 08:42:51.445986+00:00", "RecordID": "12163", "Level": "4", "UserID": "S-1-5-19", "EventData.Enabled": "1", "EventData.LeapSecondCount": "0", "EventData.CurrentUtcOffset": "0", "EventData.RuntimeStateAndSettingsConsistent": "1", "EventData.NewestLeapSecondsList": null, "EventData.TickCount": "1706432812"}
{"EventID": "257", "Channel": "Microsoft-Windows-Time-Service/Operational", "Provider_Name": "Microsoft-Windows-Time-Service", "Computer": "DESKTOP-OFJ6N53", "TimeCreated": "2025-06-03 08:42:51.461496+00:00", "RecordID": "12164", "Level": "4", "UserID": "S-1-5-19", "EventData.CurrentTime(UTC)": "2025-06-03T08:42:51.461Z", "EventData.TickCount": "1706432812", "EventData.Configuration": "EventLogFlags: 2 (Локальный)\nAnnounceFlags: 10 (Локальный)\nTimeJumpAuditOffset: 28800 (Локальный)\nMinPollInterval: 10 (Локальный)\nMaxPollInterval: 15 (Локальный)\nMaxNegPhaseCorrection: 54000 (Локальный)\nMaxPosPhaseCorrection: 54000 (Локальный)\nMaxAllowedPhaseOffset: 1 (Локальный)\n\nFrequencyCorrectRate: 4 (Локальный)\nPollAdjustFactor: 5 (Локальный)\nLargePhaseOffset: 50000000 (Локальный)\nSpikeWatchPeriod: 900 (Локальный)\nLocalClockDispersion: 10 (Локальный)\nHoldPeriod: 5 (Локальный)\nPhaseCorrectRate: 1 (Локальный)\nUpdateInterval: 360000 (Локальный)\n\nFileLogName:  (Не определен или не используется)\nFileLogEntries:  (Не определен или не используется)\nFileLogSize: 0 (Не определен или не используется)\nFileLogFlags: 0 (Не определен или не используется)\n\nUtilizeSslTimeData: 1 (Локальный)\n\n[Leap Seconds]\nEnabled: 1 (Local)\nTotal Leap Seconds (after June 2018): 0 (Local)\nCurrent UTC offset: 0 (Local)", "EventData.TimeProviders": "NtpClient (Локальный)\nDllName: C:\\Windows\\system32\\w32time.dll (Локальный)\nEnabled: 1 (Локальный)\nInputProvider: 1 (Локальный)\nCrossSiteSyncFlags: 0 (Не определен или не используется)\nAllowNonstandardModeCombinations: 1 (Локальный)\nResolvePeerBackoffMinutes: 15 (Локальный)\nResolvePeerBackoffMaxTimes: 7 (Локальный)\nCompatibilityFlags: 2147483648 (Локальный)\nEventLogFlags: 1 (Локальный)\nLargeSampleSkew: 3 (Локальный)\nSpecialPollInterval: 32768 (Локальный)\nType: NTP (Локальный)\nNtpServer: time.windows.com,0x9 (Локальный)\n\nVMICTimeProvider (Локальный)\nDllName: C:\\Windows\\System32\\vmictimeprovider.dll (Локальный)\nEnabled: 1 (Локальный)\nInputProvider: 1 (Локальный)\n\nNtpServer (Локальный)\nDllName: C:\\Windows\\system32\\w32time.dll (Локальный)\nEnabled: 0 (Локальный)\nInputProvider: 0 (Локальный)", "EventData.ClockRate": "156250"}
{"EventID": "266", "Channel": "Microsoft-Windows-Time-Service/Operational", "Provider_Name": "Microsoft-Windows-Time-Service", "Computer": "DESKTOP-OFJ6N53", "TimeCreated": "2025-06-03 08:42:51.461813+00:00", "RecordID": "12165", "Level": "4", "UserID": "S-1-5-19", "EventData.ReasonCode": "2", "EventData.TickCount": "1706432828"}
{"EventID": "264", "Channel": "Microsoft-Windows-Time-Service/Operational", "Provider_Name": "Microsoft-Windows-Time-Service", "Computer": "DESKTOP-OFJ6N53", "TimeCreated": "2025-06-03 08:42:53.152813+00:00", "RecordID": "12166", "Level": "4", "UserID": "S-1-5-19", "EventData.AllNtpServers": "time.windows.com,0x9 (ntp.m|0x9|0.0.0.0:123->104.40.149.189:123);", "EventData.TickCount": "1706434531"}
{"EventID": "265", "Channel": "Microsoft-Windows-Time-Service/Operational", "Provider_Name": "Microsoft-Windows-Time-Service", "Computer": "DESKTOP-OFJ6N53", "TimeCreated": "2025-06-03 08:43:07.488953+00:00", "RecordID": "12167", "Level": "4", "UserID": "S-1-5-19", "EventData.TimeSource": "time.windows.com,0x9 (ntp.m|0x9|0.0.0.0:123->104.40.149.189:123)", "EventData.TimeSourceRefId": "0x682895BD", "EventData.LocalStratumNumber": "4", "EventData.TickCount": "1706448859"}
{"EventID": "261", "Channel": "Microsoft-Windows-Time-Service/Operational", "Provider_Name": "Microsoft-Windows-Time-Service", "Computer": "DESKTOP-OFJ6N53", "TimeCreated": "2025-06-03 08:43:07.490454+00:00", "RecordID": "12168", "Level": "4", "UserID": "S-1-5-19", "EventData.NewTime": "2025-06-03T08:43:07.489Z", "EventData.OldTime": "2025-06-03T08:43:07.488Z", "EventData.TickCount": "1706448859"}
{"EventID": "258", "Channel": "Microsoft-Windows-Time-Service/Operational", "Provider_Name": "Microsoft-Windows-Time-Service", "Computer": "DESKTOP-OFJ6N53", "TimeCreated": "2025-06-03 08:43:07.497438+00:00", "RecordID": "12169", "Level": "4", "UserID": "S-1-5-19", "EventData.CurrentTime(UTC)": "2025-06-03T08:43:07.497Z", "EventData.TickCount": "1706448859", "EventData.ErrorMessage": "0x00000000: Успешно."}
{"EventID": "272", "Channel": "Microsoft-Windows-Time-Service/Operational", "Provider_Name": "Microsoft-Windows-Time-Service", "Computer": "DESKTOP-OFJ6N53", "TimeCreated": "2025-06-04 08:42:52.472666+00:00", "RecordID": "12170", "Level": "4", "UserID": "S-1-5-19", "EventData.Enabled": "1", "EventData.LeapSecondCount": "0", "EventData.CurrentUtcOffset": "0", "EventData.RuntimeStateAndSettingsConsistent": "1", "EventData.NewestLeapSecondsList": null, "EventData.TickCount": "1792833843"}
{"EventID": "257", "Channel": "Microsoft-Windows-Time-Service/Operational", "Provider_Name": "Microsoft-Windows-Time-Service", "Computer": "DESKTOP-OFJ6N53", "TimeCreated": "2025-06-04 08:42:52.491117+00:00", "RecordID": "12171", "Level": "4", "UserID": "S-1-5-19", "EventData.CurrentTime(UTC)": "2025-06-04T08:42:52.491Z", "EventData.TickCount": "1792833843", "EventData.Configuration": "EventLogFlags: 2 (Локальный)\nAnnounceFlags: 10 (Локальный)\nTimeJumpAuditOffset: 28800 (Локальный)\nMinPollInterval: 10 (Локальный)\nMaxPollInterval: 15 (Локальный)\nMaxNegPhaseCorrection: 54000 (Локальный)\nMaxPosPhaseCorrection: 54000 (Локальный)\nMaxAllowedPhaseOffset: 1 (Локальный)\n\nFrequencyCorrectRate: 4 (Локальный)\nPollAdjustFactor: 5 (Локальный)\nLargePhaseOffset: 50000000 (Локальный)\nSpikeWatchPeriod: 900 (Локальный)\nLocalClockDispersion: 10 (Локальный)\nHoldPeriod: 5 (Локальный)\nPhaseCorrectRate: 1 (Локальный)\nUpdateInterval: 360000 (Локальный)\n\nFileLogName:  (Не определен или не используется)\nFileLogEntries:  (Не определен или не используется)\nFileLogSize: 0 (Не определен или не используется)\nFileLogFlags: 0 (Не определен или не используется)\n\nUtilizeSslTimeData: 1 (Локальный)\n\n[Leap Seconds]\nEnabled: 1 (Local)\nTotal Leap Seconds (after June 2018): 0 (Local)\nCurrent UTC offset: 0 (Local)", "EventData.TimeProviders": "NtpClient (Локальный)\nDllName: C:\\Windows\\system32\\w32time.dll (Локальный)\nEnabled: 1 (Локальный)\nInputProvider: 1 (Локальный)\nCrossSiteSyncFlags: 0 (Не определен или не используется)\nAllowNonstandardModeCombinations: 1 (Локальный)\nResolvePeerBackoffMinutes: 15 (Локальный)\nResolvePeerBackoffMaxTimes: 7 (Локальный)\nCompatibilityFlags: 2147483648 (Локальный)\nEventLogFlags: 1 (Локальный)\nLargeSampleSkew: 3 (Локальный)\nSpecialPollInterval: 32768 (Локальный)\nType: NTP (Локальный)\nNtpServer: time.windows.com,0x9 (Локальный)\n\nVMICTimeProvider (Локальный)\nDllName: C:\\Windows\\System32\\vmictimeprovider.dll (Локальный)\nEnabled: 1 (Локальный)\nInputProvider: 1 (Локальный)\n\nNtpServer (Локальный)\nDllName: C:\\Windows\\system32\\w32time.dll (Локальный)\nEnabled: 0 (Локальный)\nInputProvider: 0 (Локальный)", "EventData.ClockRate": "156250"}
{"EventID": "266", "Channel": "Microsoft-Windows-Time-Service/Operational", "Provider_Name": "Microsoft-Windows-Time-Service", "Computer": "DESKTOP-OFJ6N53", "TimeCreated": "2025-06-04 08:42:52.495094+00:00", "RecordID": "12172", "Level": "4", "UserID": "S-1-5-19", "EventData.ReasonCode": "2", "EventData.TickCount": "1792833859"}
{"EventID": "264", "Channel": "Microsoft-Windows-Time-Service/Operational", "Provider_Name": "Microsoft-Windows-Time-Service", "Computer": "DESKTOP-OFJ6N53", "TimeCreated": "2025-06-04 08:42:54.100489+00:00", "RecordID": "12173", "Level": "4", "UserID": "S-1-5-19", "EventData.AllNtpServers": "time.windows.com,0x9 (ntp.m|0x9|0.0.0.0:123->104.40.149.189:123);", "EventData.TickCount": "1792835468"}
{"EventID": "265", "Channel": "Microsoft-Windows-Time-Service/Operational", "Provider_Name": "Microsoft-Windows-Time-Service", "Computer": "DESKTOP-OFJ6N53", "TimeCreated": "2025-06-04 08:43:08.528742+00:00", "RecordID": "12174", "Level": "4", "UserID": "S-1-5-19", "EventData.TimeSource": "time.windows.com,0x9 (ntp.m|0x9|0.0.0.0:123->104.40.149.189:123)", "EventData.TimeSourceRefId": "0x682895BD", "EventData.LocalStratumNumber": "4", "EventData.TickCount": "1792849906"}
{"EventID": "261", "Channel": "Microsoft-Windows-Time-Service/Operational", "Provider_Name": "Microsoft-Windows-Time-Service", "Computer": "DESKTOP-OFJ6N53", "TimeCreated": "2025-06-04 08:43:08.529522+00:00", "RecordID": "12175", "Level": "4", "UserID": "S-1-5-19", "EventData.NewTime": "2025-06-04T08:43:08.529Z", "EventData.OldTime": "2025-06-04T08:43:08.528Z", "EventData.TickCount": "1792849906"}
{"EventID": "258", "Channel": "Microsoft-Windows-Time-Service/Operational", "Provider_Name": "Microsoft-Windows-Time-Service", "Computer": "DESKTOP-OFJ6N53", "TimeCreated": "2025-06-04 08:43:08.536522+00:00", "RecordID": "12176", "Level": "4", "UserID": "S-1-5-19", "EventData.CurrentTime(UTC)": "2025-06-04T08:43:08.536Z", "EventData.TickCount": "1792849906", "EventData.ErrorMessage": "0x00000000: Успешно."}
{"EventID": "272", "Channel": "Microsoft-Windows-Time-Service/Operational", "Provider_Name": "Microsoft-Windows-Time-Service", "Computer": "DESKTOP-OFJ6N53", "TimeCreated": "2025-06-05 08:42:49.100033+00:00", "RecordID": "12177", "Level": "4", "UserID": "S-1-5-19", "EventData.Enabled": "1", "EventData.LeapSecondCount": "0", "EventData.CurrentUtcOffset": "0", "EventData.RuntimeStateAndSettingsConsistent": "1", "EventData.NewestLeapSecondsList": null, "EventData.TickCount": "1879230453"}
{"EventID": "257", "Channel": "Microsoft-Windows-Time-Service/Operational", "Provider_Name": "Microsoft-Windows-Time-Service", "Computer": "DESKTOP-OFJ6N53", "TimeCreated": "2025-06-05 08:42:49.118427+00:00", "RecordID": "12178", "Level": "4", "UserID": "S-1-5-19", "EventData.CurrentTime(UTC)": "2025-06-05T08:42:49.118Z", "EventData.TickCount": "1879230453", "EventData.Configuration": "EventLogFlags: 2 (Локальный)\nAnnounceFlags: 10 (Локальный)\nTimeJumpAuditOffset: 28800 (Локальный)\nMinPollInterval: 10 (Локальный)\nMaxPollInterval: 15 (Локальный)\nMaxNegPhaseCorrection: 54000 (Локальный)\nMaxPosPhaseCorrection: 54000 (Локальный)\nMaxAllowedPhaseOffset: 1 (Локальный)\n\nFrequencyCorrectRate: 4 (Локальный)\nPollAdjustFactor: 5 (Локальный)\nLargePhaseOffset: 50000000 (Локальный)\nSpikeWatchPeriod: 900 (Локальный)\nLocalClockDispersion: 10 (Локальный)\nHoldPeriod: 5 (Локальный)\nPhaseCorrectRate: 1 (Локальный)\nUpdateInterval: 360000 (Локальный)\n\nFileLogName:  (Не определен или не используется)\nFileLogEntries:  (Не определен или не используется)\nFileLogSize: 0 (Не определен или не используется)\nFileLogFlags: 0 (Не определен или не используется)\n\nUtilizeSslTimeData: 1 (Локальный)\n\n[Leap Seconds]\nEnabled: 1 (Local)\nTotal Leap Seconds (after June 2018): 0 (Local)\nCurrent UTC offset: 0 (Local)", "EventData.TimeProviders": "NtpClient (Локальный)\nDllName: C:\\Windows\\system32\\w32time.dll (Локальный)\nEnabled: 1 (Локальный)\nInputProvider: 1 (Локальный)\nCrossSiteSyncFlags: 0 (Не определен или не используется)\nAllowNonstandardModeCombinations: 1 (Локальный)\nResolvePeerBackoffMinutes: 15 (Локальный)\nResolvePeerBackoffMaxTimes: 7 (Локальный)\nCompatibilityFlags: 2147483648 (Локальный)\nEventLogFlags: 1 (Локальный)\nLargeSampleSkew: 3 (Локальный)\nSpecialPollInterval: 32768 (Локальный)\nType: NTP (Локальный)\nNtpServer: time.windows.com,0x9 (Локальный)\n\nVMICTimeProvider (Локальный)\nDllName: C:\\Windows\\System32\\vmictimeprovider.dll (Локальный)\nEnabled: 1 (Локальный)\nInputProvider: 1 (Локальный)\n\nNtpServer (Локальный)\nDllName: C:\\Windows\\system32\\w32time.dll (Локальный)\nEnabled: 0 (Локальный)\nInputProvider: 0 (Локальный)", "EventData.ClockRate": "156250"}
{"EventID": "266", "Channel": "Microsoft-Windows-Time-Service/Operational", "Provider_Name": "Microsoft-Windows-Time-Service", "Computer": "DESKTOP-OFJ6N53", "TimeCreated": "2025-06-05 08:42:49.120642+00:00", "RecordID": "12179", "Level": "4", "UserID": "S-1-5-19", "EventData.ReasonCode": "2", "EventData.TickCount": "1879230484"}
{"EventID": "264", "Channel": "Microsoft-Windows-Time-Service/Operational", "Provider_Name": "Microsoft-Windows-Time-Service", "Computer": "DESKTOP-OFJ6N53", "TimeCreated": "2025-06-05 08:42:50.745392+00:00", "RecordID": "12180", "Level": "4", "UserID": "S-1-5-19", "EventData.AllNtpServers": "time.windows.com,0x9 (ntp.m|0x9|0.0.0.0:123->104.40.149.189:123);", "EventData.TickCount": "1879232109"}
{"EventID": "265", "Channel": "Microsoft-Windows-Time-Service/Operational", "Provider_Name": "Microsoft-Windows-Time-Service", "Computer": "DESKTOP-OFJ6N53", "TimeCreated": "2025-06-05 08:43:05.158920+00:00", "RecordID": "12181", "Level": "4", "UserID": "S-1-5-19", "EventData.TimeSource": "time.windows.com,0x9 (ntp.m|0x9|0.0.0.0:123->104.40.149.189:123)", "EventData.TimeSourceRefId": "0x682895BD", "EventData.LocalStratumNumber": "4", "EventData.TickCount": "1879246531"}
{"EventID": "261", "Channel": "Microsoft-Windows-Time-Service/Operational", "Provider_Name": "Microsoft-Windows-Time-Service", "Computer": "DESKTOP-OFJ6N53", "TimeCreated": "2025-06-05 08:43:05.159813+00:00", "RecordID": "12182", "Level": "4", "UserID": "S-1-5-19", "EventData.NewTime": "2025-06-05T08:43:05.159Z", "EventData.OldTime": "2025-06-05T08:43:05.158Z", "EventData.TickCount": "1879246531"}
{"EventID": "258", "Channel": "Microsoft-Windows-Time-Service/Operational", "Provider_Name": "Microsoft-Windows-Time-Service", "Computer": "DESKTOP-OFJ6N53", "TimeCreated": "2025-06-05 08:43:05.167166+00:00", "RecordID": "12183", "Level": "4", "UserID": "S-1-5-19", "EventData.CurrentTime(UTC)": "2025-06-05T08:43:05.167Z", "EventData.TickCount": "1879246531", "EventData.ErrorMessage": "0x00000000: Успешно."}
{"EventID": "272", "Channel": "Microsoft-Windows-Time-Service/Operational", "Provider_Name": "Microsoft-Windows-Time-Service", "Computer": "DESKTOP-OFJ6N53", "TimeCreated": "2025-06-06 08:42:29.385536+00:00", "RecordID": "12184", "Level": "4", "UserID": "S-1-5-19", "EventData.Enabled": "1", "EventData.LeapSecondCount": "0", "EventData.CurrentUtcOffset": "0", "EventData.RuntimeStateAndSettingsConsistent": "1", "EventData.NewestLeapSecondsList": null, "EventData.TickCount": "1965610750"}
{"EventID": "257", "Channel": "Microsoft-Windows-Time-Service/Operational", "Provider_Name": "Microsoft-Windows-Time-Service", "Computer": "DESKTOP-OFJ6N53", "TimeCreated": "2025-06-06 08:42:29.400541+00:00", "RecordID": "12185", "Level": "4", "UserID": "S-1-5-19", "EventData.CurrentTime(UTC)": "2025-06-06T08:42:29.400Z", "EventData.TickCount": "1965610750", "EventData.Configuration": "EventLogFlags: 2 (Локальный)\nAnnounceFlags: 10 (Локальный)\nTimeJumpAuditOffset: 28800 (Локальный)\nMinPollInterval: 10 (Локальный)\nMaxPollInterval: 15 (Локальный)\nMaxNegPhaseCorrection: 54000 (Локальный)\nMaxPosPhaseCorrection: 54000 (Локальный)\nMaxAllowedPhaseOffset: 1 (Локальный)\n\nFrequencyCorrectRate: 4 (Локальный)\nPollAdjustFactor: 5 (Локальный)\nLargePhaseOffset: 50000000 (Локальный)\nSpikeWatchPeriod: 900 (Локальный)\nLocalClockDispersion: 10 (Локальный)\nHoldPeriod: 5 (Локальный)\nPhaseCorrectRate: 1 (Локальный)\nUpdateInterval: 360000 (Локальный)\n\nFileLogName:  (Не определен или не используется)\nFileLogEntries:  (Не определен или не используется)\nFileLogSize: 0 (Не определен или не используется)\nFileLogFlags: 0 (Не определен или не используется)\n\nUtilizeSslTimeData: 1 (Локальный)\n\n[Leap Seconds]\nEnabled: 1 (Local)\nTotal Leap Seconds (after June 2018): 0 (Local)\nCurrent UTC offset: 0 (Local)", "EventData.TimeProviders": "NtpClient (Локальный)\nDllName: C:\\Windows\\system32\\w32time.dll (Локальный)\nEnabled: 1 (Локальный)\nInputProvider: 1 (Локальный)\nCrossSiteSyncFlags: 0 (Не определен или не используется)\nAllowNonstandardModeCombinations: 1 (Локальный)\nResolvePeerBackoffMinutes: 15 (Локальный)\nResolvePeerBackoffMaxTimes: 7 (Локальный)\nCompatibilityFlags: 2147483648 (Локальный)\nEventLogFlags: 1 (Локальный)\nLargeSampleSkew: 3 (Локальный)\nSpecialPollInterval: 32768 (Локальный)\nType: NTP (Локальный)\nNtpServer: time.windows.com,0x9 (Локальный)\n\nVMICTimeProvider (Локальный)\nDllName: C:\\Windows\\System32\\vmictimeprovider.dll (Локальный)\nEnabled: 1 (Локальный)\nInputProvider: 1 (Локальный)\n\nNtpServer (Локальный)\nDllName: C:\\Windows\\system32\\w32time.dll (Локальный)\nEnabled: 0 (Локальный)\nInputProvider: 0 (Локальный)", "EventData.ClockRate": "156250"}
{"EventID": "266", "Channel": "Microsoft-Windows-Time-Service/Operational", "Provider_Name": "Microsoft-Windows-Time-Service", "Computer": "DESKTOP-OFJ6N53", "TimeCreated": "2025-06-06 08:42:29.400917+00:00", "RecordID": "12186", "Level": "4", "UserID": "S-1-5-19", "EventData.ReasonCode": "2", "EventData.TickCount": "1965610765"}
{"EventID": "264", "Channel": "Microsoft-Windows-Time-Service/Operational", "Provider_Name": "Microsoft-Windows-Time-Service", "Computer": "DESKTOP-OFJ6N53", "TimeCreated": "2025-06-06 08:42:31.019310+00:00", "RecordID": "12187", "Level": "4", "UserID": "S-1-5-19", "EventData.AllNtpServers": "time.windows.com,0x9 (ntp.m|0x9|0.0.0.0:123->20.101.57.9:123);", "EventData.TickCount": "1965612375"}
{"EventID": "261", "Channel": "Microsoft-Windows-Time-Service/Operational", "Provider_Name": "Microsoft-Windows-Time-Service", "Computer": "DESKTOP-OFJ6N53", "TimeCreated": "2025-06-06 08:42:46.690830+00:00", "RecordID": "12188", "Level": "4", "UserID": "S-1-5-19", "EventData.NewTime": "2025-06-06T08:42:46.689Z", "EventData.OldTime": "2025-06-06T08:42:45.460Z", "EventData.TickCount": "1965626828"}
{"EventID": "266", "Channel": "Microsoft-Windows-Time-Service/Operational", "Provider_Name": "Microsoft-Windows-Time-Service", "Computer": "DESKTOP-OFJ6N53", "TimeCreated": "2025-06-06 08:42:46.692511+00:00", "RecordID": "12189", "Level": "4", "UserID": "S-1-5-19", "EventData.ReasonCode": "3", "EventData.TickCount": "1965626828"}
{"EventID": "265", "Channel": "Microsoft-Windows-Time-Service/Operational", "Provider_Name": "Microsoft-Windows-Time-Service", "Computer": "DESKTOP-OFJ6N53", "TimeCreated": "2025-06-06 08:42:46.692522+00:00", "RecordID": "12190", "Level": "4", "UserID": "S-1-5-19", "EventData.TimeSource": "time.windows.com,0x9 (ntp.m|0x9|0.0.0.0:123->20.101.57.9:123)", "EventData.TimeSourceRefId": "0x14653909", "EventData.LocalStratumNumber": "4", "EventData.TickCount": "1965626828"}
{"EventID": "261", "Channel": "Microsoft-Windows-Time-Service/Operational", "Provider_Name": "Microsoft-Windows-Time-Service", "Computer": "DESKTOP-OFJ6N53", "TimeCreated": "2025-06-06 08:42:46.693005+00:00", "RecordID": "12191", "Level": "4", "UserID": "S-1-5-19", "EventData.NewTime": "2025-06-06T08:42:46.692Z", "EventData.OldTime": "2025-06-06T08:42:46.689Z", "EventData.TickCount": "1965626828"}
{"EventID": "261", "Channel": "Microsoft-Windows-Time-Service/Operational", "Provider_Name": "Microsoft-Windows-Time-Service", "Computer": "DESKTOP-OFJ6N53", "TimeCreated": "2025-06-06 08:42:46.694267+00:00", "RecordID": "12192", "Level": "4", "UserID": "S-1-5-19", "EventData.NewTime": "2025-06-06T08:42:46.693Z", "EventData.OldTime": "2025-06-06T08:42:46.692Z", "EventData.TickCount": "1965626828"}
{"EventID": "258", "Channel": "Microsoft-Windows-Time-Service/Operational", "Provider_Name": "Microsoft-Windows-Time-Service", "Computer": "DESKTOP-OFJ6N53", "TimeCreated": "2025-06-06 08:42:46.697315+00:00", "RecordID": "12193", "Level": "4", "UserID": "S-1-5-19", "EventData.CurrentTime(UTC)": "2025-06-06T08:42:46.697Z", "EventData.TickCount": "1965626828", "EventData.ErrorMessage": "0x00000000: Успешно."}
{"EventID": "272", "Channel": "Microsoft-Windows-Time-Service/Operational", "Provider_Name": "Microsoft-Windows-Time-Service", "Computer": "DESKTOP-OFJ6N53", "TimeCreated": "2025-06-07 08:42:23.572948+00:00", "RecordID": "12194", "Level": "4", "UserID": "S-1-5-19", "EventData.Enabled": "1", "EventData.LeapSecondCount": "0", "EventData.CurrentUtcOffset": "0", "EventData.RuntimeStateAndSettingsConsistent": "1", "EventData.NewestLeapSecondsList": null, "EventData.TickCount": "2052003703"}
{"EventID": "257", "Channel": "Microsoft-Windows-Time-Service/Operational", "Provider_Name": "Microsoft-Windows-Time-Service", "Computer": "DESKTOP-OFJ6N53", "TimeCreated": "2025-06-07 08:42:23.588879+00:00", "RecordID": "12195", "Level": "4", "UserID": "S-1-5-19", "EventData.CurrentTime(UTC)": "2025-06-07T08:42:23.588Z", "EventData.TickCount": "2052003703", "EventData.Configuration": "EventLogFlags: 2 (Локальный)\nAnnounceFlags: 10 (Локальный)\nTimeJumpAuditOffset: 28800 (Локальный)\nMinPollInterval: 10 (Локальный)\nMaxPollInterval: 15 (Локальный)\nMaxNegPhaseCorrection: 54000 (Локальный)\nMaxPosPhaseCorrection: 54000 (Локальный)\nMaxAllowedPhaseOffset: 1 (Локальный)\n\nFrequencyCorrectRate: 4 (Локальный)\nPollAdjustFactor: 5 (Локальный)\nLargePhaseOffset: 50000000 (Локальный)\nSpikeWatchPeriod: 900 (Локальный)\nLocalClockDispersion: 10 (Локальный)\nHoldPeriod: 5 (Локальный)\nPhaseCorrectRate: 1 (Локальный)\nUpdateInterval: 360000 (Локальный)\n\nFileLogName:  (Не определен или не используется)\nFileLogEntries:  (Не определен или не используется)\nFileLogSize: 0 (Не определен или не используется)\nFileLogFlags: 0 (Не определен или не используется)\n\nUtilizeSslTimeData: 1 (Локальный)\n\n[Leap Seconds]\nEnabled: 1 (Local)\nTotal Leap Seconds (after June 2018): 0 (Local)\nCurrent UTC offset: 0 (Local)", "EventData.TimeProviders": "NtpClient (Локальный)\nDllName: C:\\Windows\\system32\\w32time.dll (Локальный)\nEnabled: 1 (Локальный)\nInputProvider: 1 (Локальный)\nCrossSiteSyncFlags: 0 (Не определен или не используется)\nAllowNonstandardModeCombinations: 1 (Локальный)\nResolvePeerBackoffMinutes: 15 (Локальный)\nResolvePeerBackoffMaxTimes: 7 (Локальный)\nCompatibilityFlags: 2147483648 (Локальный)\nEventLogFlags: 1 (Локальный)\nLargeSampleSkew: 3 (Локальный)\nSpecialPollInterval: 32768 (Локальный)\nType: NTP (Локальный)\nNtpServer: time.windows.com,0x9 (Локальный)\n\nVMICTimeProvider (Локальный)\nDllName: C:\\Windows\\System32\\vmictimeprovider.dll (Локальный)\nEnabled: 1 (Локальный)\nInputProvider: 1 (Локальный)\n\nNtpServer (Локальный)\nDllName: C:\\Windows\\system32\\w32time.dll (Локальный)\nEnabled: 0 (Локальный)\nInputProvider: 0 (Локальный)", "EventData.ClockRate": "156250"}
{"EventID": "266", "Channel": "Microsoft-Windows-Time-Service/Operational", "Provider_Name": "Microsoft-Windows-Time-Service", "Computer": "DESKTOP-OFJ6N53", "TimeCreated": "2025-06-07 08:42:23.590446+00:00", "RecordID": "12196", "Level": "4", "UserID": "S-1-5-19", "EventData.ReasonCode": "2", "EventData.TickCount": "2052003718"}
{"EventID": "264", "Channel": "Microsoft-Windows-Time-Service/Operational", "Provider_Name": "Microsoft-Windows-Time-Service", "Computer": "DESKTOP-OFJ6N53", "TimeCreated": "2025-06-07 08:42:25.159981+00:00", "RecordID": "12197", "Level": "4", "UserID": "S-1-5-19", "EventData.AllNtpServers": "time.windows.com,0x9 (ntp.m|0x9|0.0.0.0:123->104.40.149.189:123);", "EventData.TickCount": "2052005296"}
{"EventID": "265", "Channel": "Microsoft-Windows-Time-Service/Operational", "Provider_Name": "Microsoft-Windows-Time-Service", "Computer": "DESKTOP-OFJ6N53", "TimeCreated": "2025-06-07 08:42:39.610788+00:00", "RecordID": "12198", "Level": "4", "UserID": "S-1-5-19", "EventData.TimeSource": "time.windows.com,0x9 (ntp.m|0x9|0.0.0.0:123->104.40.149.189:123)", "EventData.TimeSourceRefId": "0x682895BD", "EventData.LocalStratumNumber": "4", "EventData.TickCount": "2052019750"}
{"EventID": "261", "Channel": "Microsoft-Windows-Time-Service/Operational", "Provider_Name": "Microsoft-Windows-Time-Service", "Computer": "DESKTOP-OFJ6N53", "TimeCreated": "2025-06-07 08:42:39.612650+00:00", "RecordID": "12199", "Level": "4", "UserID": "S-1-5-19", "EventData.NewTime": "2025-06-07T08:42:39.611Z", "EventData.OldTime": "2025-06-07T08:42:39.610Z", "EventData.TickCount": "2052019750"}
{"EventID": "258", "Channel": "Microsoft-Windows-Time-Service/Operational", "Provider_Name": "Microsoft-Windows-Time-Service", "Computer": "DESKTOP-OFJ6N53", "TimeCreated": "2025-06-07 08:42:39.617949+00:00", "RecordID": "12200", "Level": "4", "UserID": "S-1-5-19", "EventData.CurrentTime(UTC)": "2025-06-07T08:42:39.617Z", "EventData.TickCount": "2052019750", "EventData.ErrorMessage": "0x00000000: Успешно."}
{"EventID": "272", "Channel": "Microsoft-Windows-Time-Service/Operational", "Provider_Name": "Microsoft-Windows-Time-Service", "Computer": "DESKTOP-OFJ6N53", "TimeCreated": "2025-06-08 08:42:35.938873+00:00", "RecordID": "12201", "Level": "4", "UserID": "S-1-5-19", "EventData.Enabled": "1", "EventData.LeapSecondCount": "0", "EventData.CurrentUtcOffset": "0", "EventData.RuntimeStateAndSettingsConsistent": "1", "EventData.NewestLeapSecondsList": null, "EventData.TickCount": "2138416078"}
{"EventID": "257", "Channel": "Microsoft-Windows-Time-Service/Operational", "Provider_Name": "Microsoft-Windows-Time-Service", "Computer": "DESKTOP-OFJ6N53", "TimeCreated": "2025-06-08 08:42:35.953297+00:00", "RecordID": "12202", "Level": "4", "UserID": "S-1-5-19", "EventData.CurrentTime(UTC)": "2025-06-08T08:42:35.953Z", "EventData.TickCount": "2138416078", "EventData.Configuration": "EventLogFlags: 2 (Локальный)\nAnnounceFlags: 10 (Локальный)\nTimeJumpAuditOffset: 28800 (Локальный)\nMinPollInterval: 10 (Локальный)\nMaxPollInterval: 15 (Локальный)\nMaxNegPhaseCorrection: 54000 (Локальный)\nMaxPosPhaseCorrection: 54000 (Локальный)\nMaxAllowedPhaseOffset: 1 (Локальный)\n\nFrequencyCorrectRate: 4 (Локальный)\nPollAdjustFactor: 5 (Локальный)\nLargePhaseOffset: 50000000 (Локальный)\nSpikeWatchPeriod: 900 (Локальный)\nLocalClockDispersion: 10 (Локальный)\nHoldPeriod: 5 (Локальный)\nPhaseCorrectRate: 1 (Локальный)\nUpdateInterval: 360000 (Локальный)\n\nFileLogName:  (Не определен или не используется)\nFileLogEntries:  (Не определен или не используется)\nFileLogSize: 0 (Не определен или не используется)\nFileLogFlags: 0 (Не определен или не используется)\n\nUtilizeSslTimeData: 1 (Локальный)\n\n[Leap Seconds]\nEnabled: 1 (Local)\nTotal Leap Seconds (after June 2018): 0 (Local)\nCurrent UTC offset: 0 (Local)", "EventData.TimeProviders": "NtpClient (Локальный)\nDllName: C:\\Windows\\system32\\w32time.dll (Локальный)\nEnabled: 1 (Локальный)\nInputProvider: 1 (Локальный)\nCrossSiteSyncFlags: 0 (Не определен или не используется)\nAllowNonstandardModeCombinations: 1 (Локальный)\nResolvePeerBackoffMinutes: 15 (Локальный)\nResolvePeerBackoffMaxTimes: 7 (Локальный)\nCompatibilityFlags: 2147483648 (Локальный)\nEventLogFlags: 1 (Локальный)\nLargeSampleSkew: 3 (Локальный)\nSpecialPollInterval: 32768 (Локальный)\nType: NTP (Локальный)\nNtpServer: time.windows.com,0x9 (Локальный)\n\nVMICTimeProvider (Локальный)\nDllName: C:\\Windows\\System32\\vmictimeprovider.dll (Локальный)\nEnabled: 1 (Локальный)\nInputProvider: 1 (Локальный)\n\nNtpServer (Локальный)\nDllName: C:\\Windows\\system32\\w32time.dll (Локальный)\nEnabled: 0 (Локальный)\nInputProvider: 0 (Локальный)", "EventData.ClockRate": "156250"}
{"EventID": "266", "Channel": "Microsoft-Windows-Time-Service/Operational", "Provider_Name": "Microsoft-Windows-Time-Service", "Computer": "DESKTOP-OFJ6N53", "TimeCreated": "2025-06-08 08:42:35.954903+00:00", "RecordID": "12203", "Level": "4", "UserID": "S-1-5-19", "EventData.ReasonCode": "2", "EventData.TickCount": "2138416093"}
{"EventID": "264", "Channel": "Microsoft-Windows-Time-Service/Operational", "Provider_Name": "Microsoft-Windows-Time-Service", "Computer": "DESKTOP-OFJ6N53", "TimeCreated": "2025-06-08 08:42:37.524927+00:00", "RecordID": "12204", "Level": "4", "UserID": "S-1-5-19", "EventData.AllNtpServers": "time.windows.com,0x9 (ntp.m|0x9|0.0.0.0:123->104.40.149.189:123);", "EventData.TickCount": "2138417671"}
{"EventID": "265", "Channel": "Microsoft-Windows-Time-Service/Operational", "Provider_Name": "Microsoft-Windows-Time-Service", "Computer": "DESKTOP-OFJ6N53", "TimeCreated": "2025-06-08 08:42:51.977680+00:00", "RecordID": "12205", "Level": "4", "UserID": "S-1-5-19", "EventData.TimeSource": "time.windows.com,0x9 (ntp.m|0x9|0.0.0.0:123->104.40.149.189:123)", "EventData.TimeSourceRefId": "0x682895BD", "EventData.LocalStratumNumber": "4", "EventData.TickCount": "2138432125"}
{"EventID": "261", "Channel": "Microsoft-Windows-Time-Service/Operational", "Provider_Name": "Microsoft-Windows-Time-Service", "Computer": "DESKTOP-OFJ6N53", "TimeCreated": "2025-06-08 08:42:51.979660+00:00", "RecordID": "12206", "Level": "4", "UserID": "S-1-5-19", "EventData.NewTime": "2025-06-08T08:42:51.977Z", "EventData.OldTime": "2025-06-08T08:42:51.977Z", "EventData.TickCount": "2138432125"}
{"EventID": "258", "Channel": "Microsoft-Windows-Time-Service/Operational", "Provider_Name": "Microsoft-Windows-Time-Service", "Computer": "DESKTOP-OFJ6N53", "TimeCreated": "2025-06-08 08:42:51.983908+00:00", "RecordID": "12207", "Level": "4", "UserID": "S-1-5-19", "EventData.CurrentTime(UTC)": "2025-06-08T08:42:51.983Z", "EventData.TickCount": "2138432125", "EventData.ErrorMessage": "0x00000000: Успешно."}
{"EventID": "272", "Channel": "Microsoft-Windows-Time-Service/Operational", "Provider_Name": "Microsoft-Windows-Time-Service", "Computer": "DESKTOP-OFJ6N53", "TimeCreated": "2025-06-09 08:42:12.885069+00:00", "RecordID": "12208", "Level": "4", "UserID": "S-1-5-19", "EventData.Enabled": "1", "EventData.LeapSecondCount": "0", "EventData.CurrentUtcOffset": "0", "EventData.RuntimeStateAndSettingsConsistent": "1", "EventData.NewestLeapSecondsList": null, "EventData.TickCount": "2224793031"}
{"EventID": "257", "Channel": "Microsoft-Windows-Time-Service/Operational", "Provider_Name": "Microsoft-Windows-Time-Service", "Computer": "DESKTOP-OFJ6N53", "TimeCreated": "2025-06-09 08:42:12.898788+00:00", "RecordID": "12209", "Level": "4", "UserID": "S-1-5-19", "EventData.CurrentTime(UTC)": "2025-06-09T08:42:12.898Z", "EventData.TickCount": "2224793031", "EventData.Configuration": "EventLogFlags: 2 (Локальный)\nAnnounceFlags: 10 (Локальный)\nTimeJumpAuditOffset: 28800 (Локальный)\nMinPollInterval: 10 (Локальный)\nMaxPollInterval: 15 (Локальный)\nMaxNegPhaseCorrection: 54000 (Локальный)\nMaxPosPhaseCorrection: 54000 (Локальный)\nMaxAllowedPhaseOffset: 1 (Локальный)\n\nFrequencyCorrectRate: 4 (Локальный)\nPollAdjustFactor: 5 (Локальный)\nLargePhaseOffset: 50000000 (Локальный)\nSpikeWatchPeriod: 900 (Локальный)\nLocalClockDispersion: 10 (Локальный)\nHoldPeriod: 5 (Локальный)\nPhaseCorrectRate: 1 (Локальный)\nUpdateInterval: 360000 (Локальный)\n\nFileLogName:  (Не определен или не используется)\nFileLogEntries:  (Не определен или не используется)\nFileLogSize: 0 (Не определен или не используется)\nFileLogFlags: 0 (Не определен или не используется)\n\nUtilizeSslTimeData: 1 (Локальный)\n\n[Leap Seconds]\nEnabled: 1 (Local)\nTotal Leap Seconds (after June 2018): 0 (Local)\nCurrent UTC offset: 0 (Local)", "EventData.TimeProviders": "NtpClient (Локальный)\nDllName: C:\\Windows\\system32\\w32time.dll (Локальный)\nEnabled: 1 (Локальный)\nInputProvider: 1 (Локальный)\nCrossSiteSyncFlags: 0 (Не определен или не используется)\nAllowNonstandardModeCombinations: 1 (Локальный)\nResolvePeerBackoffMinutes: 15 (Локальный)\nResolvePeerBackoffMaxTimes: 7 (Локальный)\nCompatibilityFlags: 2147483648 (Локальный)\nEventLogFlags: 1 (Локальный)\nLargeSampleSkew: 3 (Локальный)\nSpecialPollInterval: 32768 (Локальный)\nType: NTP (Локальный)\nNtpServer: time.windows.com,0x9 (Локальный)\n\nVMICTimeProvider (Локальный)\nDllName: C:\\Windows\\System32\\vmictimeprovider.dll (Локальный)\nEnabled: 1 (Локальный)\nInputProvider: 1 (Локальный)\n\nNtpServer (Локальный)\nDllName: C:\\Windows\\system32\\w32time.dll (Локальный)\nEnabled: 0 (Локальный)\nInputProvider: 0 (Локальный)", "EventData.ClockRate": "156250"}
{"EventID": "266", "Channel": "Microsoft-Windows-Time-Service/Operational", "Provider_Name": "Microsoft-Windows-Time-Service", "Computer": "DESKTOP-OFJ6N53", "TimeCreated": "2025-06-09 08:42:12.899208+00:00", "RecordID": "12210", "Level": "4", "UserID": "S-1-5-19", "EventData.ReasonCode": "2", "EventData.TickCount": "2224793046"}
{"EventID": "264", "Channel": "Microsoft-Windows-Time-Service/Operational", "Provider_Name": "Microsoft-Windows-Time-Service", "Computer": "DESKTOP-OFJ6N53", "TimeCreated": "2025-06-09 08:42:14.477446+00:00", "RecordID": "12211", "Level": "4", "UserID": "S-1-5-19", "EventData.AllNtpServers": "time.windows.com,0x9 (ntp.m|0x9|0.0.0.0:123->20.101.57.9:123);", "EventData.TickCount": "2224794625"}
{"EventID": "265", "Channel": "Microsoft-Windows-Time-Service/Operational", "Provider_Name": "Microsoft-Windows-Time-Service", "Computer": "DESKTOP-OFJ6N53", "TimeCreated": "2025-06-09 08:42:28.929655+00:00", "RecordID": "12212", "Level": "4", "UserID": "S-1-5-19", "EventData.TimeSource": "time.windows.com,0x9 (ntp.m|0x9|0.0.0.0:123->20.101.57.9:123)", "EventData.TimeSourceRefId": "0x14653909", "EventData.LocalStratumNumber": "4", "EventData.TickCount": "2224809078"}
{"EventID": "261", "Channel": "Microsoft-Windows-Time-Service/Operational", "Provider_Name": "Microsoft-Windows-Time-Service", "Computer": "DESKTOP-OFJ6N53", "TimeCreated": "2025-06-09 08:42:28.930466+00:00", "RecordID": "12213", "Level": "4", "UserID": "S-1-5-19", "EventData.NewTime": "2025-06-09T08:42:28.929Z", "EventData.OldTime": "2025-06-09T08:42:28.929Z", "EventData.TickCount": "2224809078"}
{"EventID": "258", "Channel": "Microsoft-Windows-Time-Service/Operational", "Provider_Name": "Microsoft-Windows-Time-Service", "Computer": "DESKTOP-OFJ6N53", "TimeCreated": "2025-06-09 08:42:28.935852+00:00", "RecordID": "12214", "Level": "4", "UserID": "S-1-5-19", "EventData.CurrentTime(UTC)": "2025-06-09T08:42:28.935Z", "EventData.TickCount": "2224809078", "EventData.ErrorMessage": "0x00000000: Успешно."}
{"EventID": "272", "Channel": "Microsoft-Windows-Time-Service/Operational", "Provider_Name": "Microsoft-Windows-Time-Service", "Computer": "DESKTOP-OFJ6N53", "TimeCreated": "2025-06-10 08:42:59.034225+00:00", "RecordID": "12215", "Level": "4", "UserID": "S-1-5-19", "EventData.Enabled": "1", "EventData.LeapSecondCount": "0", "EventData.CurrentUtcOffset": "0", "EventData.RuntimeStateAndSettingsConsistent": "1", "EventData.NewestLeapSecondsList": null, "EventData.TickCount": "2311239171"}
{"EventID": "257", "Channel": "Microsoft-Windows-Time-Service/Operational", "Provider_Name": "Microsoft-Windows-Time-Service", "Computer": "DESKTOP-OFJ6N53", "TimeCreated": "2025-06-10 08:42:59.048588+00:00", "RecordID": "12216", "Level": "4", "UserID": "S-1-5-19", "EventData.CurrentTime(UTC)": "2025-06-10T08:42:59.48Z", "EventData.TickCount": "2311239171", "EventData.Configuration": "EventLogFlags: 2 (Локальный)\nAnnounceFlags: 10 (Локальный)\nTimeJumpAuditOffset: 28800 (Локальный)\nMinPollInterval: 10 (Локальный)\nMaxPollInterval: 15 (Локальный)\nMaxNegPhaseCorrection: 54000 (Локальный)\nMaxPosPhaseCorrection: 54000 (Локальный)\nMaxAllowedPhaseOffset: 1 (Локальный)\n\nFrequencyCorrectRate: 4 (Локальный)\nPollAdjustFactor: 5 (Локальный)\nLargePhaseOffset: 50000000 (Локальный)\nSpikeWatchPeriod: 900 (Локальный)\nLocalClockDispersion: 10 (Локальный)\nHoldPeriod: 5 (Локальный)\nPhaseCorrectRate: 1 (Локальный)\nUpdateInterval: 360000 (Локальный)\n\nFileLogName:  (Не определен или не используется)\nFileLogEntries:  (Не определен или не используется)\nFileLogSize: 0 (Не определен или не используется)\nFileLogFlags: 0 (Не определен или не используется)\n\nUtilizeSslTimeData: 1 (Локальный)\n\n[Leap Seconds]\nEnabled: 1 (Local)\nTotal Leap Seconds (after June 2018): 0 (Local)\nCurrent UTC offset: 0 (Local)", "EventData.TimeProviders": "NtpClient (Локальный)\nDllName: C:\\Windows\\system32\\w32time.dll (Локальный)\nEnabled: 1 (Локальный)\nInputProvider: 1 (Локальный)\nCrossSiteSyncFlags: 0 (Не определен или не используется)\nAllowNonstandardModeCombinations: 1 (Локальный)\nResolvePeerBackoffMinutes: 15 (Локальный)\nResolvePeerBackoffMaxTimes: 7 (Локальный)\nCompatibilityFlags: 2147483648 (Локальный)\nEventLogFlags: 1 (Локальный)\nLargeSampleSkew: 3 (Локальный)\nSpecialPollInterval: 32768 (Локальный)\nType: NTP (Локальный)\nNtpServer: time.windows.com,0x9 (Локальный)\n\nVMICTimeProvider (Локальный)\nDllName: C:\\Windows\\System32\\vmictimeprovider.dll (Локальный)\nEnabled: 1 (Локальный)\nInputProvider: 1 (Локальный)\n\nNtpServer (Локальный)\nDllName: C:\\Windows\\system32\\w32time.dll (Локальный)\nEnabled: 0 (Локальный)\nInputProvider: 0 (Локальный)", "EventData.ClockRate": "156250"}
{"EventID": "266", "Channel": "Microsoft-Windows-Time-Service/Operational", "Provider_Name": "Microsoft-Windows-Time-Service", "Computer": "DESKTOP-OFJ6N53", "TimeCreated": "2025-06-10 08:42:59.049759+00:00", "RecordID": "12217", "Level": "4", "UserID": "S-1-5-19", "EventData.ReasonCode": "2", "EventData.TickCount": "2311239187"}
{"EventID": "264", "Channel": "Microsoft-Windows-Time-Service/Operational", "Provider_Name": "Microsoft-Windows-Time-Service", "Computer": "DESKTOP-OFJ6N53", "TimeCreated": "2025-06-10 08:43:00.635155+00:00", "RecordID": "12218", "Level": "4", "UserID": "S-1-5-19", "EventData.AllNtpServers": "time.windows.com,0x9 (ntp.m|0x9|0.0.0.0:123->20.101.57.9:123);", "EventData.TickCount": "2311240781"}
{"EventID": "261", "Channel": "Microsoft-Windows-Time-Service/Operational", "Provider_Name": "Microsoft-Windows-Time-Service", "Computer": "DESKTOP-OFJ6N53", "TimeCreated": "2025-06-10 08:43:16.347591+00:00", "RecordID": "12219", "Level": "4", "UserID": "S-1-5-19", "EventData.NewTime": "2025-06-10T08:43:16.346Z", "EventData.OldTime": "2025-06-10T08:43:15.85Z", "EventData.TickCount": "2311255234"}
{"EventID": "266", "Channel": "Microsoft-Windows-Time-Service/Operational", "Provider_Name": "Microsoft-Windows-Time-Service", "Computer": "DESKTOP-OFJ6N53", "TimeCreated": "2025-06-10 08:43:16.349253+00:00", "RecordID": "12220", "Level": "4", "UserID": "S-1-5-19", "EventData.ReasonCode": "3", "EventData.TickCount": "2311255234"}
{"EventID": "265", "Channel": "Microsoft-Windows-Time-Service/Operational", "Provider_Name": "Microsoft-Windows-Time-Service", "Computer": "DESKTOP-OFJ6N53", "TimeCreated": "2025-06-10 08:43:16.349329+00:00", "RecordID": "12221", "Level": "4", "UserID": "S-1-5-19", "EventData.TimeSource": "time.windows.com,0x9 (ntp.m|0x9|0.0.0.0:123->20.101.57.9:123)", "EventData.TimeSourceRefId": "0x14653909", "EventData.LocalStratumNumber": "4", "EventData.TickCount": "2311255234"}
{"EventID": "261", "Channel": "Microsoft-Windows-Time-Service/Operational", "Provider_Name": "Microsoft-Windows-Time-Service", "Computer": "DESKTOP-OFJ6N53", "TimeCreated": "2025-06-10 08:43:16.349844+00:00", "RecordID": "12222", "Level": "4", "UserID": "S-1-5-19", "EventData.NewTime": "2025-06-10T08:43:16.349Z", "EventData.OldTime": "2025-06-10T08:43:16.346Z", "EventData.TickCount": "2311255234"}
{"EventID": "261", "Channel": "Microsoft-Windows-Time-Service/Operational", "Provider_Name": "Microsoft-Windows-Time-Service", "Computer": "DESKTOP-OFJ6N53", "TimeCreated": "2025-06-10 08:43:16.351568+00:00", "RecordID": "12223", "Level": "4", "UserID": "S-1-5-19", "EventData.NewTime": "2025-06-10T08:43:16.351Z", "EventData.OldTime": "2025-06-10T08:43:16.349Z", "EventData.TickCount": "2311255234"}
{"EventID": "258", "Channel": "Microsoft-Windows-Time-Service/Operational", "Provider_Name": "Microsoft-Windows-Time-Service", "Computer": "DESKTOP-OFJ6N53", "TimeCreated": "2025-06-10 08:43:16.354342+00:00", "RecordID": "12224", "Level": "4", "UserID": "S-1-5-19", "EventData.CurrentTime(UTC)": "2025-06-10T08:43:16.354Z", "EventData.TickCount": "2311255234", "EventData.ErrorMessage": "0x00000000: Успешно."}
{"EventID": "272", "Channel": "Microsoft-Windows-Time-Service/Operational", "Provider_Name": "Microsoft-Windows-Time-Service", "Computer": "DESKTOP-OFJ6N53", "TimeCreated": "2025-06-11 08:42:42.561243+00:00", "RecordID": "12225", "Level": "4", "UserID": "S-1-5-19", "EventData.Enabled": "1", "EventData.LeapSecondCount": "0", "EventData.CurrentUtcOffset": "0", "EventData.RuntimeStateAndSettingsConsistent": "1", "EventData.NewestLeapSecondsList": null, "EventData.TickCount": "2397621453"}
{"EventID": "257", "Channel": "Microsoft-Windows-Time-Service/Operational", "Provider_Name": "Microsoft-Windows-Time-Service", "Computer": "DESKTOP-OFJ6N53", "TimeCreated": "2025-06-11 08:42:42.575533+00:00", "RecordID": "12226", "Level": "4", "UserID": "S-1-5-19", "EventData.CurrentTime(UTC)": "2025-06-11T08:42:42.575Z", "EventData.TickCount": "2397621453", "EventData.Configuration": "EventLogFlags: 2 (Локальный)\nAnnounceFlags: 10 (Локальный)\nTimeJumpAuditOffset: 28800 (Локальный)\nMinPollInterval: 10 (Локальный)\nMaxPollInterval: 15 (Локальный)\nMaxNegPhaseCorrection: 54000 (Локальный)\nMaxPosPhaseCorrection: 54000 (Локальный)\nMaxAllowedPhaseOffset: 1 (Локальный)\n\nFrequencyCorrectRate: 4 (Локальный)\nPollAdjustFactor: 5 (Локальный)\nLargePhaseOffset: 50000000 (Локальный)\nSpikeWatchPeriod: 900 (Локальный)\nLocalClockDispersion: 10 (Локальный)\nHoldPeriod: 5 (Локальный)\nPhaseCorrectRate: 1 (Локальный)\nUpdateInterval: 360000 (Локальный)\n\nFileLogName:  (Не определен или не используется)\nFileLogEntries:  (Не определен или не используется)\nFileLogSize: 0 (Не определен или не используется)\nFileLogFlags: 0 (Не определен или не используется)\n\nUtilizeSslTimeData: 1 (Локальный)\n\n[Leap Seconds]\nEnabled: 1 (Local)\nTotal Leap Seconds (after June 2018): 0 (Local)\nCurrent UTC offset: 0 (Local)", "EventData.TimeProviders": "NtpClient (Локальный)\nDllName: C:\\Windows\\system32\\w32time.dll (Локальный)\nEnabled: 1 (Локальный)\nInputProvider: 1 (Локальный)\nCrossSiteSyncFlags: 0 (Не определен или не используется)\nAllowNonstandardModeCombinations: 1 (Локальный)\nResolvePeerBackoffMinutes: 15 (Локальный)\nResolvePeerBackoffMaxTimes: 7 (Локальный)\nCompatibilityFlags: 2147483648 (Локальный)\nEventLogFlags: 1 (Локальный)\nLargeSampleSkew: 3 (Локальный)\nSpecialPollInterval: 32768 (Локальный)\nType: NTP (Локальный)\nNtpServer: time.windows.com,0x9 (Локальный)\n\nVMICTimeProvider (Локальный)\nDllName: C:\\Windows\\System32\\vmictimeprovider.dll (Локальный)\nEnabled: 1 (Локальный)\nInputProvider: 1 (Локальный)\n\nNtpServer (Локальный)\nDllName: C:\\Windows\\system32\\w32time.dll (Локальный)\nEnabled: 0 (Локальный)\nInputProvider: 0 (Локальный)", "EventData.ClockRate": "156250"}
{"EventID": "266", "Channel": "Microsoft-Windows-Time-Service/Operational", "Provider_Name": "Microsoft-Windows-Time-Service", "Computer": "DESKTOP-OFJ6N53", "TimeCreated": "2025-06-11 08:42:42.576921+00:00", "RecordID": "12227", "Level": "4", "UserID": "S-1-5-19", "EventData.ReasonCode": "2", "EventData.TickCount": "2397621468"}
{"EventID": "264", "Channel": "Microsoft-Windows-Time-Service/Operational", "Provider_Name": "Microsoft-Windows-Time-Service", "Computer": "DESKTOP-OFJ6N53", "TimeCreated": "2025-06-11 08:42:44.142241+00:00", "RecordID": "12228", "Level": "4", "UserID": "S-1-5-19", "EventData.AllNtpServers": "time.windows.com,0x9 (ntp.m|0x9|0.0.0.0:123->20.101.57.9:123);", "EventData.TickCount": "2397623031"}
{"EventID": "265", "Channel": "Microsoft-Windows-Time-Service/Operational", "Provider_Name": "Microsoft-Windows-Time-Service", "Computer": "DESKTOP-OFJ6N53", "TimeCreated": "2025-06-11 08:42:58.594557+00:00", "RecordID": "12229", "Level": "4", "UserID": "S-1-5-19", "EventData.TimeSource": "time.windows.com,0x9 (ntp.m|0x9|0.0.0.0:123->20.101.57.9:123)", "EventData.TimeSourceRefId": "0x14653909", "EventData.LocalStratumNumber": "4", "EventData.TickCount": "2397637484"}
{"EventID": "261", "Channel": "Microsoft-Windows-Time-Service/Operational", "Provider_Name": "Microsoft-Windows-Time-Service", "Computer": "DESKTOP-OFJ6N53", "TimeCreated": "2025-06-11 08:42:58.596058+00:00", "RecordID": "12230", "Level": "4", "UserID": "S-1-5-19", "EventData.NewTime": "2025-06-11T08:42:58.594Z", "EventData.OldTime": "2025-06-11T08:42:58.594Z", "EventData.TickCount": "2397637484"}
{"EventID": "258", "Channel": "Microsoft-Windows-Time-Service/Operational", "Provider_Name": "Microsoft-Windows-Time-Service", "Computer": "DESKTOP-OFJ6N53", "TimeCreated": "2025-06-11 08:42:58.601339+00:00", "RecordID": "12231", "Level": "4", "UserID": "S-1-5-19", "EventData.CurrentTime(UTC)": "2025-06-11T08:42:58.601Z", "EventData.TickCount": "2397637484", "EventData.ErrorMessage": "0x00000000: Успешно."}
{"EventID": "272", "Channel": "Microsoft-Windows-Time-Service/Operational", "Provider_Name": "Microsoft-Windows-Time-Service", "Computer": "DESKTOP-OFJ6N53", "TimeCreated": "2025-06-12 08:45:42.646582+00:00", "RecordID": "12232", "Level": "4", "UserID": "S-1-5-19", "EventData.Enabled": "1", "EventData.LeapSecondCount": "0", "EventData.CurrentUtcOffset": "0", "EventData.RuntimeStateAndSettingsConsistent": "1", "EventData.NewestLeapSecondsList": null, "EventData.TickCount": "64817328"}
{"EventID": "257", "Channel": "Microsoft-Windows-Time-Service/Operational", "Provider_Name": "Microsoft-Windows-Time-Service", "Computer": "DESKTOP-OFJ6N53", "TimeCreated": "2025-06-12 08:45:42.668703+00:00", "RecordID": "12233", "Level": "4", "UserID": "S-1-5-19", "EventData.CurrentTime(UTC)": "2025-06-12T08:45:42.668Z", "EventData.TickCount": "64817328", "EventData.Configuration": "EventLogFlags: 2 (Локальный)\nAnnounceFlags: 10 (Локальный)\nTimeJumpAuditOffset: 28800 (Локальный)\nMinPollInterval: 10 (Локальный)\nMaxPollInterval: 15 (Локальный)\nMaxNegPhaseCorrection: 54000 (Локальный)\nMaxPosPhaseCorrection: 54000 (Локальный)\nMaxAllowedPhaseOffset: 1 (Локальный)\n\nFrequencyCorrectRate: 4 (Локальный)\nPollAdjustFactor: 5 (Локальный)\nLargePhaseOffset: 50000000 (Локальный)\nSpikeWatchPeriod: 900 (Локальный)\nLocalClockDispersion: 10 (Локальный)\nHoldPeriod: 5 (Локальный)\nPhaseCorrectRate: 1 (Локальный)\nUpdateInterval: 360000 (Локальный)\n\nFileLogName:  (Не определен или не используется)\nFileLogEntries:  (Не определен или не используется)\nFileLogSize: 0 (Не определен или не используется)\nFileLogFlags: 0 (Не определен или не используется)\n\nUtilizeSslTimeData: 1 (Локальный)\n\n[Leap Seconds]\nEnabled: 1 (Local)\nTotal Leap Seconds (after June 2018): 0 (Local)\nCurrent UTC offset: 0 (Local)", "EventData.TimeProviders": "NtpClient (Локальный)\nDllName: C:\\Windows\\system32\\w32time.dll (Локальный)\nEnabled: 1 (Локальный)\nInputProvider: 1 (Локальный)\nCrossSiteSyncFlags: 0 (Не определен или не используется)\nAllowNonstandardModeCombinations: 1 (Локальный)\nResolvePeerBackoffMinutes: 15 (Локальный)\nResolvePeerBackoffMaxTimes: 7 (Локальный)\nCompatibilityFlags: 2147483648 (Локальный)\nEventLogFlags: 1 (Локальный)\nLargeSampleSkew: 3 (Локальный)\nSpecialPollInterval: 32768 (Локальный)\nType: NTP (Локальный)\nNtpServer: time.windows.com,0x9 (Локальный)\n\nVMICTimeProvider (Локальный)\nDllName: C:\\Windows\\System32\\vmictimeprovider.dll (Локальный)\nEnabled: 1 (Локальный)\nInputProvider: 1 (Локальный)\n\nNtpServer (Локальный)\nDllName: C:\\Windows\\system32\\w32time.dll (Локальный)\nEnabled: 0 (Локальный)\nInputProvider: 0 (Локальный)", "EventData.ClockRate": "156250"}
