{"EventID": "2", "Channel": "Microsoft-Windows-Crypto-NCrypt/Operational", "Provider_Name": "Microsoft-Windows-Crypto-NCrypt", "Computer": "DESKTOP-OFJ6N53", "TimeCreated": "2024-05-09 09:12:04.847221+00:00", "RecordID": "2985", "Level": "2", "UserID": "S-1-5-21-963789628-1060504924-4285088085-1001", "EventData.ProviderName": "Microsoft Platform Crypto Provider", "EventData.Status": "0x80090030", "EventData.ProcessName": "msedge.exe"}
{"EventID": "4", "Channel": "Microsoft-Windows-Crypto-NCrypt/Operational", "Provider_Name": "Microsoft-Windows-Crypto-NCrypt", "Computer": "DESKTOP-OFJ6N53", "TimeCreated": "2024-05-09 09:12:04.850718+00:00", "RecordID": "2986", "Level": "2", "UserID": "S-1-5-21-963789628-1060504924-4285088085-1001", "EventData.ProviderName": "Microsoft Software Key Storage Provider", "EventData.KeyName": "ChromeMetricsTestKey", "EventData.AlgorithmName": "ECDSA_P256", "EventData.Flags": "0x00020000", "EventData.Status": "0x80090029", "EventData.ProcessName": "msedge.exe"}
{"EventID": "4", "Channel": "Microsoft-Windows-Crypto-NCrypt/Operational", "Provider_Name": "Microsoft-Windows-Crypto-NCrypt", "Computer": "DESKTOP-OFJ6N53", "TimeCreated": "2024-05-09 21:12:11.124516+00:00", "RecordID": "2987", "Level": "2", "UserID": "S-1-5-21-963789628-1060504924-4285088085-1001", "EventData.ProviderName": "Microsoft Software Key Storage Provider", "EventData.KeyName": "Microsoft-Edge-TB-test-key", "EventData.AlgorithmName": "ECDSA_P256", "EventData.Flags": "0x00020040", "EventData.Status": "0x80090029", "EventData.ProcessName": "msedge.exe"}
{"EventID": "2", "Channel": "Microsoft-Windows-Crypto-NCrypt/Operational", "Provider_Name": "Microsoft-Windows-Crypto-NCrypt", "Computer": "DESKTOP-OFJ6N53", "TimeCreated": "2024-05-09 21:12:12.815742+00:00", "RecordID": "2988", "Level": "2", "UserID": "S-1-5-21-963789628-1060504924-4285088085-1001", "EventData.ProviderName": "Microsoft Platform Crypto Provider", "EventData.Status": "0x80090030", "EventData.ProcessName": "msedge.exe"}
{"EventID": "4", "Channel": "Microsoft-Windows-Crypto-NCrypt/Operational", "Provider_Name": "Microsoft-Windows-Crypto-NCrypt", "Computer": "DESKTOP-OFJ6N53", "TimeCreated": "2024-05-09 21:12:12.820023+00:00", "RecordID": "2989", "Level": "2", "UserID": "S-1-5-21-963789628-1060504924-4285088085-1001", "EventData.ProviderName": "Microsoft Software Key Storage Provider", "EventData.KeyName": "ChromeMetricsTestKey", "EventData.AlgorithmName": "ECDSA_P256", "EventData.Flags": "0x00020000", "EventData.Status": "0x80090029", "EventData.ProcessName": "msedge.exe"}
{"EventID": "4", "Channel": "Microsoft-Windows-Crypto-NCrypt/Operational", "Provider_Name": "Microsoft-Windows-Crypto-NCrypt", "Computer": "DESKTOP-OFJ6N53", "TimeCreated": "2024-05-12 15:12:19.700232+00:00", "RecordID": "2990", "Level": "2", "UserID": "S-1-5-21-963789628-1060504924-4285088085-1001", "EventData.ProviderName": "Microsoft Software Key Storage Provider", "EventData.KeyName": "Microsoft-Edge-TB-test-key", "EventData.AlgorithmName": "ECDSA_P256", "EventData.Flags": "0x00020040", "EventData.Status": "0x80090029", "EventData.ProcessName": "msedge.exe"}
{"EventID": "2", "Channel": "Microsoft-Windows-Crypto-NCrypt/Operational", "Provider_Name": "Microsoft-Windows-Crypto-NCrypt", "Computer": "DESKTOP-OFJ6N53", "TimeCreated": "2024-05-12 15:12:23.571333+00:00", "RecordID": "2991", "Level": "2", "UserID": "S-1-5-21-963789628-1060504924-4285088085-1001", "EventData.ProviderName": "Microsoft Platform Crypto Provider", "EventData.Status": "0x80090030", "EventData.ProcessName": "msedge.exe"}
{"EventID": "4", "Channel": "Microsoft-Windows-Crypto-NCrypt/Operational", "Provider_Name": "Microsoft-Windows-Crypto-NCrypt", "Computer": "DESKTOP-OFJ6N53", "TimeCreated": "2024-05-12 15:12:23.573803+00:00", "RecordID": "2992", "Level": "2", "UserID": "S-1-5-21-963789628-1060504924-4285088085-1001", "EventData.ProviderName": "Microsoft Software Key Storage Provider", "EventData.KeyName": "ChromeMetricsTestKey", "EventData.AlgorithmName": "ECDSA_P256", "EventData.Flags": "0x00020000", "EventData.Status": "0x80090029", "EventData.ProcessName": "msedge.exe"}
{"EventID": "4", "Channel": "Microsoft-Windows-Crypto-NCrypt/Operational", "Provider_Name": "Microsoft-Windows-Crypto-NCrypt", "Computer": "DESKTOP-OFJ6N53", "TimeCreated": "2024-05-13 15:26:08.713030+00:00", "RecordID": "2993", "Level": "2", "UserID": "S-1-5-21-963789628-1060504924-4285088085-1001", "EventData.ProviderName": "Microsoft Software Key Storage Provider", "EventData.KeyName": "Microsoft-Edge-TB-test-key", "EventData.AlgorithmName": "ECDSA_P256", "EventData.Flags": "0x00020040", "EventData.Status": "0x80090029", "EventData.ProcessName": "msedgewebview2.exe"}
{"EventID": "2", "Channel": "Microsoft-Windows-Crypto-NCrypt/Operational", "Provider_Name": "Microsoft-Windows-Crypto-NCrypt", "Computer": "DESKTOP-OFJ6N53", "TimeCreated": "2024-05-13 15:31:31.374092+00:00", "RecordID": "2994", "Level": "2", "UserID": "S-1-5-18", "EventData.ProviderName": "Microsoft Platform Crypto Provider", "EventData.Status": "0x80090030", "EventData.ProcessName": "taskhostw.exe"}
{"EventID": "2", "Channel": "Microsoft-Windows-Crypto-NCrypt/Operational", "Provider_Name": "Microsoft-Windows-Crypto-NCrypt", "Computer": "DESKTOP-OFJ6N53", "TimeCreated": "2024-05-13 16:12:57.865376+00:00", "RecordID": "2995", "Level": "2", "UserID": "S-1-5-18", "EventData.ProviderName": "Microsoft Platform Crypto Provider", "EventData.Status": "0x80090030", "EventData.ProcessName": "taskhostw.exe"}
{"EventID": "2", "Channel": "Microsoft-Windows-Crypto-NCrypt/Operational", "Provider_Name": "Microsoft-Windows-Crypto-NCrypt", "Computer": "DESKTOP-OFJ6N53", "TimeCreated": "2024-05-14 09:13:27.473053+00:00", "RecordID": "2996", "Level": "2", "UserID": "S-1-5-19", "EventData.ProviderName": "Microsoft Platform Crypto Provider", "EventData.Status": "0x80090030", "EventData.ProcessName": "svchost.exe"}
{"EventID": "3", "Channel": "Microsoft-Windows-Crypto-NCrypt/Operational", "Provider_Name": "Microsoft-Windows-Crypto-NCrypt", "Computer": "DESKTOP-OFJ6N53", "TimeCreated": "2024-05-14 09:13:44.178606+00:00", "RecordID": "2997", "Level": "2", "UserID": "S-1-5-18", "EventData.ProviderName": "Microsoft Software Key Storage Provider", "EventData.KeyName": "822BF3FA1D1E9A01B277A1D987D49545FDE3C4B6", "EventData.Status": "0x80090016", "EventData.ProcessName": "vpnagent.exe"}
{"EventID": "2", "Channel": "Microsoft-Windows-Crypto-NCrypt/Operational", "Provider_Name": "Microsoft-Windows-Crypto-NCrypt", "Computer": "DESKTOP-OFJ6N53", "TimeCreated": "2024-05-14 09:14:33.905375+00:00", "RecordID": "2998", "Level": "2", "UserID": "S-1-5-18", "EventData.ProviderName": "Microsoft Platform Crypto Provider", "EventData.Status": "0x80090030", "EventData.ProcessName": "lsass.exe"}
{"EventID": "2", "Channel": "Microsoft-Windows-Crypto-NCrypt/Operational", "Provider_Name": "Microsoft-Windows-Crypto-NCrypt", "Computer": "DESKTOP-OFJ6N53", "TimeCreated": "2024-05-14 09:15:09.962839+00:00", "RecordID": "2999", "Level": "2", "UserID": "S-1-5-21-963789628-1060504924-4285088085-1001", "EventData.ProviderName": "Microsoft Platform Crypto Provider", "EventData.Status": "0x80090030", "EventData.ProcessName": "SearchApp.exe"}
{"EventID": "4", "Channel": "Microsoft-Windows-Crypto-NCrypt/Operational", "Provider_Name": "Microsoft-Windows-Crypto-NCrypt", "Computer": "DESKTOP-OFJ6N53", "TimeCreated": "2024-05-14 09:15:31.722073+00:00", "RecordID": "3000", "Level": "2", "UserID": "S-1-5-21-963789628-1060504924-4285088085-1001", "EventData.ProviderName": "Microsoft Software Key Storage Provider", "EventData.KeyName": "Microsoft-Edge-TB-test-key", "EventData.AlgorithmName": "ECDSA_P256", "EventData.Flags": "0x00020040", "EventData.Status": "0x80090029", "EventData.ProcessName": "msedge.exe"}
{"EventID": "2", "Channel": "Microsoft-Windows-Crypto-NCrypt/Operational", "Provider_Name": "Microsoft-Windows-Crypto-NCrypt", "Computer": "DESKTOP-OFJ6N53", "TimeCreated": "2024-05-14 09:16:38.365820+00:00", "RecordID": "3001", "Level": "2", "UserID": "S-1-5-21-963789628-1060504924-4285088085-1001", "EventData.ProviderName": "Microsoft Platform Crypto Provider", "EventData.Status": "0x80090030", "EventData.ProcessName": "msedge.exe"}
{"EventID": "4", "Channel": "Microsoft-Windows-Crypto-NCrypt/Operational", "Provider_Name": "Microsoft-Windows-Crypto-NCrypt", "Computer": "DESKTOP-OFJ6N53", "TimeCreated": "2024-05-14 09:16:38.367453+00:00", "RecordID": "3002", "Level": "2", "UserID": "S-1-5-21-963789628-1060504924-4285088085-1001", "EventData.ProviderName": "Microsoft Software Key Storage Provider", "EventData.KeyName": "ChromeMetricsTestKey", "EventData.AlgorithmName": "ECDSA_P256", "EventData.Flags": "0x00020000", "EventData.Status": "0x80090029", "EventData.ProcessName": "msedge.exe"}
{"EventID": "2", "Channel": "Microsoft-Windows-Crypto-NCrypt/Operational", "Provider_Name": "Microsoft-Windows-Crypto-NCrypt", "Computer": "DESKTOP-OFJ6N53", "TimeCreated": "2024-05-14 09:25:12.511580+00:00", "RecordID": "3003", "Level": "2", "UserID": "S-1-5-21-963789628-1060504924-4285088085-1001", "EventData.ProviderName": "Microsoft Platform Crypto Provider", "EventData.Status": "0x80090030", "EventData.ProcessName": "TracSrvWrapper.exe"}
{"EventID": "2", "Channel": "Microsoft-Windows-Crypto-NCrypt/Operational", "Provider_Name": "Microsoft-Windows-Crypto-NCrypt", "Computer": "DESKTOP-OFJ6N53", "TimeCreated": "2024-05-14 09:25:30.326958+00:00", "RecordID": "3004", "Level": "2", "UserID": "S-1-5-21-963789628-1060504924-4285088085-1001", "EventData.ProviderName": "Microsoft Platform Crypto Provider", "EventData.Status": "0x80090030", "EventData.ProcessName": "TracCAPI.exe"}
{"EventID": "2", "Channel": "Microsoft-Windows-Crypto-NCrypt/Operational", "Provider_Name": "Microsoft-Windows-Crypto-NCrypt", "Computer": "DESKTOP-OFJ6N53", "TimeCreated": "2024-05-14 09:35:06.082815+00:00", "RecordID": "3005", "Level": "2", "UserID": "S-1-5-18", "EventData.ProviderName": "Microsoft Platform Crypto Provider", "EventData.Status": "0x80090030", "EventData.ProcessName": "taskhostw.exe"}
{"EventID": "2", "Channel": "Microsoft-Windows-Crypto-NCrypt/Operational", "Provider_Name": "Microsoft-Windows-Crypto-NCrypt", "Computer": "DESKTOP-OFJ6N53", "TimeCreated": "2024-05-14 09:49:02.298574+00:00", "RecordID": "3006", "Level": "2", "UserID": "S-1-5-18", "EventData.ProviderName": "Microsoft Platform Crypto Provider", "EventData.Status": "0x80090030", "EventData.ProcessName": "taskhostw.exe"}
{"EventID": "4", "Channel": "Microsoft-Windows-Crypto-NCrypt/Operational", "Provider_Name": "Microsoft-Windows-Crypto-NCrypt", "Computer": "DESKTOP-OFJ6N53", "TimeCreated": "2024-05-15 10:15:58.491631+00:00", "RecordID": "3007", "Level": "2", "UserID": "S-1-5-21-963789628-1060504924-4285088085-1001", "EventData.ProviderName": "Microsoft Software Key Storage Provider", "EventData.KeyName": "Microsoft-Edge-TB-test-key", "EventData.AlgorithmName": "ECDSA_P256", "EventData.Flags": "0x00020040", "EventData.Status": "0x80090029", "EventData.ProcessName": "msedge.exe"}
{"EventID": "2", "Channel": "Microsoft-Windows-Crypto-NCrypt/Operational", "Provider_Name": "Microsoft-Windows-Crypto-NCrypt", "Computer": "DESKTOP-OFJ6N53", "TimeCreated": "2024-05-15 10:16:15.938696+00:00", "RecordID": "3008", "Level": "2", "UserID": "S-1-5-21-963789628-1060504924-4285088085-1001", "EventData.ProviderName": "Microsoft Platform Crypto Provider", "EventData.Status": "0x80090030", "EventData.ProcessName": "msedge.exe"}
{"EventID": "4", "Channel": "Microsoft-Windows-Crypto-NCrypt/Operational", "Provider_Name": "Microsoft-Windows-Crypto-NCrypt", "Computer": "DESKTOP-OFJ6N53", "TimeCreated": "2024-05-15 10:16:16.021866+00:00", "RecordID": "3009", "Level": "2", "UserID": "S-1-5-21-963789628-1060504924-4285088085-1001", "EventData.ProviderName": "Microsoft Software Key Storage Provider", "EventData.KeyName": "ChromeMetricsTestKey", "EventData.AlgorithmName": "ECDSA_P256", "EventData.Flags": "0x00020000", "EventData.Status": "0x80090029", "EventData.ProcessName": "msedge.exe"}
{"EventID": "2", "Channel": "Microsoft-Windows-Crypto-NCrypt/Operational", "Provider_Name": "Microsoft-Windows-Crypto-NCrypt", "Computer": "DESKTOP-OFJ6N53", "TimeCreated": "2024-05-15 13:07:54.243908+00:00", "RecordID": "3010", "Level": "2", "UserID": "S-1-5-18", "EventData.ProviderName": "Microsoft Platform Crypto Provider", "EventData.Status": "0x80090030", "EventData.ProcessName": "taskhostw.exe"}
{"EventID": "2", "Channel": "Microsoft-Windows-Crypto-NCrypt/Operational", "Provider_Name": "Microsoft-Windows-Crypto-NCrypt", "Computer": "DESKTOP-OFJ6N53", "TimeCreated": "2024-05-15 13:09:09.949617+00:00", "RecordID": "3011", "Level": "2", "UserID": "S-1-5-18", "EventData.ProviderName": "Microsoft Platform Crypto Provider", "EventData.Status": "0x80090030", "EventData.ProcessName": "taskhostw.exe"}
{"EventID": "2", "Channel": "Microsoft-Windows-Crypto-NCrypt/Operational", "Provider_Name": "Microsoft-Windows-Crypto-NCrypt", "Computer": "DESKTOP-OFJ6N53", "TimeCreated": "2024-05-15 13:36:41.505869+00:00", "RecordID": "3012", "Level": "2", "UserID": "S-1-5-19", "EventData.ProviderName": "Microsoft Platform Crypto Provider", "EventData.Status": "0x80090030", "EventData.ProcessName": "svchost.exe"}
{"EventID": "3", "Channel": "Microsoft-Windows-Crypto-NCrypt/Operational", "Provider_Name": "Microsoft-Windows-Crypto-NCrypt", "Computer": "DESKTOP-OFJ6N53", "TimeCreated": "2024-05-15 13:37:02.956282+00:00", "RecordID": "3013", "Level": "2", "UserID": "S-1-5-18", "EventData.ProviderName": "Microsoft Software Key Storage Provider", "EventData.KeyName": "822BF3FA1D1E9A01B277A1D987D49545FDE3C4B6", "EventData.Status": "0x80090016", "EventData.ProcessName": "vpnagent.exe"}
{"EventID": "2", "Channel": "Microsoft-Windows-Crypto-NCrypt/Operational", "Provider_Name": "Microsoft-Windows-Crypto-NCrypt", "Computer": "DESKTOP-OFJ6N53", "TimeCreated": "2024-05-15 13:47:55.254112+00:00", "RecordID": "3014", "Level": "2", "UserID": "S-1-5-18", "EventData.ProviderName": "Microsoft Platform Crypto Provider", "EventData.Status": "0x80090030", "EventData.ProcessName": "lsass.exe"}
{"EventID": "2", "Channel": "Microsoft-Windows-Crypto-NCrypt/Operational", "Provider_Name": "Microsoft-Windows-Crypto-NCrypt", "Computer": "DESKTOP-OFJ6N53", "TimeCreated": "2024-05-15 13:48:52.654902+00:00", "RecordID": "3015", "Level": "2", "UserID": "S-1-5-21-963789628-1060504924-4285088085-1001", "EventData.ProviderName": "Microsoft Platform Crypto Provider", "EventData.Status": "0x80090030", "EventData.ProcessName": "TracSrvWrapper.exe"}
{"EventID": "4", "Channel": "Microsoft-Windows-Crypto-NCrypt/Operational", "Provider_Name": "Microsoft-Windows-Crypto-NCrypt", "Computer": "DESKTOP-OFJ6N53", "TimeCreated": "2024-05-15 13:49:47.579603+00:00", "RecordID": "3016", "Level": "2", "UserID": "S-1-5-21-963789628-1060504924-4285088085-1001", "EventData.ProviderName": "Microsoft Software Key Storage Provider", "EventData.KeyName": "Microsoft-Edge-TB-test-key", "EventData.AlgorithmName": "ECDSA_P256", "EventData.Flags": "0x00020040", "EventData.Status": "0x80090029", "EventData.ProcessName": "msedge.exe"}
{"EventID": "2", "Channel": "Microsoft-Windows-Crypto-NCrypt/Operational", "Provider_Name": "Microsoft-Windows-Crypto-NCrypt", "Computer": "DESKTOP-OFJ6N53", "TimeCreated": "2024-05-15 13:49:49.882250+00:00", "RecordID": "3017", "Level": "2", "UserID": "S-1-5-21-963789628-1060504924-4285088085-1001", "EventData.ProviderName": "Microsoft Platform Crypto Provider", "EventData.Status": "0x80090030", "EventData.ProcessName": "TracCAPI.exe"}
{"EventID": "4", "Channel": "Microsoft-Windows-Crypto-NCrypt/Operational", "Provider_Name": "Microsoft-Windows-Crypto-NCrypt", "Computer": "DESKTOP-OFJ6N53", "TimeCreated": "2024-05-15 13:50:30.680342+00:00", "RecordID": "3018", "Level": "2", "UserID": "S-1-5-21-963789628-1060504924-4285088085-1001", "EventData.ProviderName": "Microsoft Software Key Storage Provider", "EventData.KeyName": "Microsoft-Edge-TB-test-key", "EventData.AlgorithmName": "ECDSA_P256", "EventData.Flags": "0x00020040", "EventData.Status": "0x80090029", "EventData.ProcessName": "msedge.exe"}
{"EventID": "2", "Channel": "Microsoft-Windows-Crypto-NCrypt/Operational", "Provider_Name": "Microsoft-Windows-Crypto-NCrypt", "Computer": "DESKTOP-OFJ6N53", "TimeCreated": "2024-05-15 13:50:53.016163+00:00", "RecordID": "3019", "Level": "2", "UserID": "S-1-5-21-963789628-1060504924-4285088085-1001", "EventData.ProviderName": "Microsoft Platform Crypto Provider", "EventData.Status": "0x80090030", "EventData.ProcessName": "msedge.exe"}
{"EventID": "4", "Channel": "Microsoft-Windows-Crypto-NCrypt/Operational", "Provider_Name": "Microsoft-Windows-Crypto-NCrypt", "Computer": "DESKTOP-OFJ6N53", "TimeCreated": "2024-05-15 13:50:53.178600+00:00", "RecordID": "3020", "Level": "2", "UserID": "S-1-5-21-963789628-1060504924-4285088085-1001", "EventData.ProviderName": "Microsoft Software Key Storage Provider", "EventData.KeyName": "ChromeMetricsTestKey", "EventData.AlgorithmName": "ECDSA_P256", "EventData.Flags": "0x00020000", "EventData.Status": "0x80090029", "EventData.ProcessName": "msedge.exe"}
{"EventID": "2", "Channel": "Microsoft-Windows-Crypto-NCrypt/Operational", "Provider_Name": "Microsoft-Windows-Crypto-NCrypt", "Computer": "DESKTOP-OFJ6N53", "TimeCreated": "2024-05-15 14:15:16.137978+00:00", "RecordID": "3021", "Level": "2", "UserID": "S-1-5-18", "EventData.ProviderName": "Microsoft Platform Crypto Provider", "EventData.Status": "0x80090030", "EventData.ProcessName": "taskhostw.exe"}
{"EventID": "3", "Channel": "Microsoft-Windows-Crypto-NCrypt/Operational", "Provider_Name": "Microsoft-Windows-Crypto-NCrypt", "Computer": "DESKTOP-OFJ6N53", "TimeCreated": "2024-05-15 14:19:40.308201+00:00", "RecordID": "3022", "Level": "2", "UserID": "S-1-5-21-963789628-1060504924-4285088085-1001", "EventData.ProviderName": "Microsoft Smart Card Key Storage Provider", "EventData.KeyName": "\\\\.\\Windows Hello for Business 1\\", "EventData.Status": "0x80100012", "EventData.ProcessName": "svchost.exe"}
{"EventID": "2", "Channel": "Microsoft-Windows-Crypto-NCrypt/Operational", "Provider_Name": "Microsoft-Windows-Crypto-NCrypt", "Computer": "DESKTOP-OFJ6N53", "TimeCreated": "2024-05-15 14:31:03.771692+00:00", "RecordID": "3023", "Level": "2", "UserID": "S-1-5-18", "EventData.ProviderName": "Microsoft Platform Crypto Provider", "EventData.Status": "0x80090030", "EventData.ProcessName": "taskhostw.exe"}
{"EventID": "2", "Channel": "Microsoft-Windows-Crypto-NCrypt/Operational", "Provider_Name": "Microsoft-Windows-Crypto-NCrypt", "Computer": "DESKTOP-OFJ6N53", "TimeCreated": "2024-05-15 14:31:04.746101+00:00", "RecordID": "3024", "Level": "2", "UserID": "S-1-5-18", "EventData.ProviderName": "Microsoft Platform Crypto Provider", "EventData.Status": "0x80090030", "EventData.ProcessName": "taskhostw.exe"}
{"EventID": "2", "Channel": "Microsoft-Windows-Crypto-NCrypt/Operational", "Provider_Name": "Microsoft-Windows-Crypto-NCrypt", "Computer": "DESKTOP-OFJ6N53", "TimeCreated": "2024-05-15 14:31:04.749956+00:00", "RecordID": "3025", "Level": "2", "UserID": "S-1-5-18", "EventData.ProviderName": "Microsoft Platform Crypto Provider", "EventData.Status": "0x80090030", "EventData.ProcessName": "taskhostw.exe"}
{"EventID": "4", "Channel": "Microsoft-Windows-Crypto-NCrypt/Operational", "Provider_Name": "Microsoft-Windows-Crypto-NCrypt", "Computer": "DESKTOP-OFJ6N53", "TimeCreated": "2024-05-16 10:50:38.416641+00:00", "RecordID": "3026", "Level": "2", "UserID": "S-1-5-21-963789628-1060504924-4285088085-1001", "EventData.ProviderName": "Microsoft Software Key Storage Provider", "EventData.KeyName": "Microsoft-Edge-TB-test-key", "EventData.AlgorithmName": "ECDSA_P256", "EventData.Flags": "0x00020040", "EventData.Status": "0x80090029", "EventData.ProcessName": "msedge.exe"}
{"EventID": "2", "Channel": "Microsoft-Windows-Crypto-NCrypt/Operational", "Provider_Name": "Microsoft-Windows-Crypto-NCrypt", "Computer": "DESKTOP-OFJ6N53", "TimeCreated": "2024-05-16 10:50:44.054127+00:00", "RecordID": "3027", "Level": "2", "UserID": "S-1-5-21-963789628-1060504924-4285088085-1001", "EventData.ProviderName": "Microsoft Platform Crypto Provider", "EventData.Status": "0x80090030", "EventData.ProcessName": "msedge.exe"}
{"EventID": "4", "Channel": "Microsoft-Windows-Crypto-NCrypt/Operational", "Provider_Name": "Microsoft-Windows-Crypto-NCrypt", "Computer": "DESKTOP-OFJ6N53", "TimeCreated": "2024-05-16 10:50:44.059479+00:00", "RecordID": "3028", "Level": "2", "UserID": "S-1-5-21-963789628-1060504924-4285088085-1001", "EventData.ProviderName": "Microsoft Software Key Storage Provider", "EventData.KeyName": "ChromeMetricsTestKey", "EventData.AlgorithmName": "ECDSA_P256", "EventData.Flags": "0x00020000", "EventData.Status": "0x80090029", "EventData.ProcessName": "msedge.exe"}
{"EventID": "2", "Channel": "Microsoft-Windows-Crypto-NCrypt/Operational", "Provider_Name": "Microsoft-Windows-Crypto-NCrypt", "Computer": "DESKTOP-OFJ6N53", "TimeCreated": "2024-05-16 23:29:39.490047+00:00", "RecordID": "3029", "Level": "2", "UserID": "S-1-5-18", "EventData.ProviderName": "Microsoft Platform Crypto Provider", "EventData.Status": "0x80090030", "EventData.ProcessName": "taskhostw.exe"}
{"EventID": "2", "Channel": "Microsoft-Windows-Crypto-NCrypt/Operational", "Provider_Name": "Microsoft-Windows-Crypto-NCrypt", "Computer": "DESKTOP-OFJ6N53", "TimeCreated": "2024-05-16 23:30:22.924490+00:00", "RecordID": "3030", "Level": "2", "UserID": "S-1-5-18", "EventData.ProviderName": "Microsoft Platform Crypto Provider", "EventData.Status": "0x80090030", "EventData.ProcessName": "taskhostw.exe"}
{"EventID": "4", "Channel": "Microsoft-Windows-Crypto-NCrypt/Operational", "Provider_Name": "Microsoft-Windows-Crypto-NCrypt", "Computer": "DESKTOP-OFJ6N53", "TimeCreated": "2024-05-17 19:50:42.786160+00:00", "RecordID": "3031", "Level": "2", "UserID": "S-1-5-21-963789628-1060504924-4285088085-1001", "EventData.ProviderName": "Microsoft Software Key Storage Provider", "EventData.KeyName": "Microsoft-Edge-TB-test-key", "EventData.AlgorithmName": "ECDSA_P256", "EventData.Flags": "0x00020040", "EventData.Status": "0x80090029", "EventData.ProcessName": "msedge.exe"}
{"EventID": "2", "Channel": "Microsoft-Windows-Crypto-NCrypt/Operational", "Provider_Name": "Microsoft-Windows-Crypto-NCrypt", "Computer": "DESKTOP-OFJ6N53", "TimeCreated": "2024-05-17 19:50:43.935961+00:00", "RecordID": "3032", "Level": "2", "UserID": "S-1-5-21-963789628-1060504924-4285088085-1001", "EventData.ProviderName": "Microsoft Platform Crypto Provider", "EventData.Status": "0x80090030", "EventData.ProcessName": "msedge.exe"}
{"EventID": "4", "Channel": "Microsoft-Windows-Crypto-NCrypt/Operational", "Provider_Name": "Microsoft-Windows-Crypto-NCrypt", "Computer": "DESKTOP-OFJ6N53", "TimeCreated": "2024-05-17 19:50:43.952883+00:00", "RecordID": "3033", "Level": "2", "UserID": "S-1-5-21-963789628-1060504924-4285088085-1001", "EventData.ProviderName": "Microsoft Software Key Storage Provider", "EventData.KeyName": "ChromeMetricsTestKey", "EventData.AlgorithmName": "ECDSA_P256", "EventData.Flags": "0x00020000", "EventData.Status": "0x80090029", "EventData.ProcessName": "msedge.exe"}
{"EventID": "4", "Channel": "Microsoft-Windows-Crypto-NCrypt/Operational", "Provider_Name": "Microsoft-Windows-Crypto-NCrypt", "Computer": "DESKTOP-OFJ6N53", "TimeCreated": "2024-05-18 01:51:09.297897+00:00", "RecordID": "3034", "Level": "2", "UserID": "S-1-5-21-963789628-1060504924-4285088085-1001", "EventData.ProviderName": "Microsoft Software Key Storage Provider", "EventData.KeyName": "Microsoft-Edge-TB-test-key", "EventData.AlgorithmName": "ECDSA_P256", "EventData.Flags": "0x00020040", "EventData.Status": "0x80090029", "EventData.ProcessName": "msedge.exe"}
{"EventID": "2", "Channel": "Microsoft-Windows-Crypto-NCrypt/Operational", "Provider_Name": "Microsoft-Windows-Crypto-NCrypt", "Computer": "DESKTOP-OFJ6N53", "TimeCreated": "2024-05-18 01:51:19.621199+00:00", "RecordID": "3035", "Level": "2", "UserID": "S-1-5-21-963789628-1060504924-4285088085-1001", "EventData.ProviderName": "Microsoft Platform Crypto Provider", "EventData.Status": "0x80090030", "EventData.ProcessName": "msedge.exe"}
{"EventID": "4", "Channel": "Microsoft-Windows-Crypto-NCrypt/Operational", "Provider_Name": "Microsoft-Windows-Crypto-NCrypt", "Computer": "DESKTOP-OFJ6N53", "TimeCreated": "2024-05-18 01:51:19.627831+00:00", "RecordID": "3036", "Level": "2", "UserID": "S-1-5-21-963789628-1060504924-4285088085-1001", "EventData.ProviderName": "Microsoft Software Key Storage Provider", "EventData.KeyName": "ChromeMetricsTestKey", "EventData.AlgorithmName": "ECDSA_P256", "EventData.Flags": "0x00020000", "EventData.Status": "0x80090029", "EventData.ProcessName": "msedge.exe"}
{"EventID": "4", "Channel": "Microsoft-Windows-Crypto-NCrypt/Operational", "Provider_Name": "Microsoft-Windows-Crypto-NCrypt", "Computer": "DESKTOP-OFJ6N53", "TimeCreated": "2024-05-18 07:51:21.350655+00:00", "RecordID": "3037", "Level": "2", "UserID": "S-1-5-21-963789628-1060504924-4285088085-1001", "EventData.ProviderName": "Microsoft Software Key Storage Provider", "EventData.KeyName": "Microsoft-Edge-TB-test-key", "EventData.AlgorithmName": "ECDSA_P256", "EventData.Flags": "0x00020040", "EventData.Status": "0x80090029", "EventData.ProcessName": "msedge.exe"}
{"EventID": "2", "Channel": "Microsoft-Windows-Crypto-NCrypt/Operational", "Provider_Name": "Microsoft-Windows-Crypto-NCrypt", "Computer": "DESKTOP-OFJ6N53", "TimeCreated": "2024-05-18 07:51:28.740147+00:00", "RecordID": "3038", "Level": "2", "UserID": "S-1-5-21-963789628-1060504924-4285088085-1001", "EventData.ProviderName": "Microsoft Platform Crypto Provider", "EventData.Status": "0x80090030", "EventData.ProcessName": "msedge.exe"}
{"EventID": "4", "Channel": "Microsoft-Windows-Crypto-NCrypt/Operational", "Provider_Name": "Microsoft-Windows-Crypto-NCrypt", "Computer": "DESKTOP-OFJ6N53", "TimeCreated": "2024-05-18 07:51:28.902773+00:00", "RecordID": "3039", "Level": "2", "UserID": "S-1-5-21-963789628-1060504924-4285088085-1001", "EventData.ProviderName": "Microsoft Software Key Storage Provider", "EventData.KeyName": "ChromeMetricsTestKey", "EventData.AlgorithmName": "ECDSA_P256", "EventData.Flags": "0x00020000", "EventData.Status": "0x80090029", "EventData.ProcessName": "msedge.exe"}
{"EventID": "4", "Channel": "Microsoft-Windows-Crypto-NCrypt/Operational", "Provider_Name": "Microsoft-Windows-Crypto-NCrypt", "Computer": "DESKTOP-OFJ6N53", "TimeCreated": "2024-05-19 18:53:32.927761+00:00", "RecordID": "3040", "Level": "2", "UserID": "S-1-5-21-963789628-1060504924-4285088085-1001", "EventData.ProviderName": "Microsoft Software Key Storage Provider", "EventData.KeyName": "Microsoft-Edge-TB-test-key", "EventData.AlgorithmName": "ECDSA_P256", "EventData.Flags": "0x00020040", "EventData.Status": "0x80090029", "EventData.ProcessName": "msedge.exe"}
{"EventID": "2", "Channel": "Microsoft-Windows-Crypto-NCrypt/Operational", "Provider_Name": "Microsoft-Windows-Crypto-NCrypt", "Computer": "DESKTOP-OFJ6N53", "TimeCreated": "2024-05-19 18:53:37.274759+00:00", "RecordID": "3041", "Level": "2", "UserID": "S-1-5-21-963789628-1060504924-4285088085-1001", "EventData.ProviderName": "Microsoft Platform Crypto Provider", "EventData.Status": "0x80090030", "EventData.ProcessName": "msedge.exe"}
{"EventID": "4", "Channel": "Microsoft-Windows-Crypto-NCrypt/Operational", "Provider_Name": "Microsoft-Windows-Crypto-NCrypt", "Computer": "DESKTOP-OFJ6N53", "TimeCreated": "2024-05-19 18:53:37.646580+00:00", "RecordID": "3042", "Level": "2", "UserID": "S-1-5-21-963789628-1060504924-4285088085-1001", "EventData.ProviderName": "Microsoft Software Key Storage Provider", "EventData.KeyName": "ChromeMetricsTestKey", "EventData.AlgorithmName": "ECDSA_P256", "EventData.Flags": "0x00020000", "EventData.Status": "0x80090029", "EventData.ProcessName": "msedge.exe"}
{"EventID": "4", "Channel": "Microsoft-Windows-Crypto-NCrypt/Operational", "Provider_Name": "Microsoft-Windows-Crypto-NCrypt", "Computer": "DESKTOP-OFJ6N53", "TimeCreated": "2024-05-19 19:53:38.900064+00:00", "RecordID": "3043", "Level": "2", "UserID": "S-1-5-21-963789628-1060504924-4285088085-1001", "EventData.ProviderName": "Microsoft Software Key Storage Provider", "EventData.KeyName": "Microsoft-Edge-TB-test-key", "EventData.AlgorithmName": "ECDSA_P256", "EventData.Flags": "0x00020040", "EventData.Status": "0x80090029", "EventData.ProcessName": "msedge.exe"}
{"EventID": "2", "Channel": "Microsoft-Windows-Crypto-NCrypt/Operational", "Provider_Name": "Microsoft-Windows-Crypto-NCrypt", "Computer": "DESKTOP-OFJ6N53", "TimeCreated": "2024-05-19 19:53:42.911192+00:00", "RecordID": "3044", "Level": "2", "UserID": "S-1-5-21-963789628-1060504924-4285088085-1001", "EventData.ProviderName": "Microsoft Platform Crypto Provider", "EventData.Status": "0x80090030", "EventData.ProcessName": "msedge.exe"}
{"EventID": "4", "Channel": "Microsoft-Windows-Crypto-NCrypt/Operational", "Provider_Name": "Microsoft-Windows-Crypto-NCrypt", "Computer": "DESKTOP-OFJ6N53", "TimeCreated": "2024-05-19 19:53:43.041576+00:00", "RecordID": "3045", "Level": "2", "UserID": "S-1-5-21-963789628-1060504924-4285088085-1001", "EventData.ProviderName": "Microsoft Software Key Storage Provider", "EventData.KeyName": "ChromeMetricsTestKey", "EventData.AlgorithmName": "ECDSA_P256", "EventData.Flags": "0x00020000", "EventData.Status": "0x80090029", "EventData.ProcessName": "msedge.exe"}
{"EventID": "4", "Channel": "Microsoft-Windows-Crypto-NCrypt/Operational", "Provider_Name": "Microsoft-Windows-Crypto-NCrypt", "Computer": "DESKTOP-OFJ6N53", "TimeCreated": "2024-05-21 01:54:01.211130+00:00", "RecordID": "3046", "Level": "2", "UserID": "S-1-5-21-963789628-1060504924-4285088085-1001", "EventData.ProviderName": "Microsoft Software Key Storage Provider", "EventData.KeyName": "Microsoft-Edge-TB-test-key", "EventData.AlgorithmName": "ECDSA_P256", "EventData.Flags": "0x00020040", "EventData.Status": "0x80090029", "EventData.ProcessName": "msedge.exe"}
{"EventID": "2", "Channel": "Microsoft-Windows-Crypto-NCrypt/Operational", "Provider_Name": "Microsoft-Windows-Crypto-NCrypt", "Computer": "DESKTOP-OFJ6N53", "TimeCreated": "2024-05-21 01:54:17.982237+00:00", "RecordID": "3047", "Level": "2", "UserID": "S-1-5-21-963789628-1060504924-4285088085-1001", "EventData.ProviderName": "Microsoft Platform Crypto Provider", "EventData.Status": "0x80090030", "EventData.ProcessName": "msedge.exe"}
{"EventID": "4", "Channel": "Microsoft-Windows-Crypto-NCrypt/Operational", "Provider_Name": "Microsoft-Windows-Crypto-NCrypt", "Computer": "DESKTOP-OFJ6N53", "TimeCreated": "2024-05-21 01:54:18.057667+00:00", "RecordID": "3048", "Level": "2", "UserID": "S-1-5-21-963789628-1060504924-4285088085-1001", "EventData.ProviderName": "Microsoft Software Key Storage Provider", "EventData.KeyName": "ChromeMetricsTestKey", "EventData.AlgorithmName": "ECDSA_P256", "EventData.Flags": "0x00020000", "EventData.Status": "0x80090029", "EventData.ProcessName": "msedge.exe"}
{"EventID": "3", "Channel": "Microsoft-Windows-Crypto-NCrypt/Operational", "Provider_Name": "Microsoft-Windows-Crypto-NCrypt", "Computer": "DESKTOP-OFJ6N53", "TimeCreated": "2024-05-21 10:07:14.554276+00:00", "RecordID": "3049", "Level": "2", "UserID": "S-1-5-21-963789628-1060504924-4285088085-1001", "EventData.ProviderName": "Microsoft Smart Card Key Storage Provider", "EventData.KeyName": "\\\\.\\Windows Hello for Business 1\\", "EventData.Status": "0x80100012", "EventData.ProcessName": "svchost.exe"}
{"EventID": "2", "Channel": "Microsoft-Windows-Crypto-NCrypt/Operational", "Provider_Name": "Microsoft-Windows-Crypto-NCrypt", "Computer": "DESKTOP-OFJ6N53", "TimeCreated": "2024-05-21 10:09:23.454943+00:00", "RecordID": "3050", "Level": "2", "UserID": "S-1-5-21-963789628-1060504924-4285088085-1001", "EventData.ProviderName": "Microsoft Platform Crypto Provider", "EventData.Status": "0x80090030", "EventData.ProcessName": "SearchApp.exe"}
{"EventID": "2", "Channel": "Microsoft-Windows-Crypto-NCrypt/Operational", "Provider_Name": "Microsoft-Windows-Crypto-NCrypt", "Computer": "DESKTOP-OFJ6N53", "TimeCreated": "2024-05-21 10:17:11.880135+00:00", "RecordID": "3051", "Level": "2", "UserID": "S-1-5-18", "EventData.ProviderName": "Microsoft Platform Crypto Provider", "EventData.Status": "0x80090030", "EventData.ProcessName": "taskhostw.exe"}
{"EventID": "2", "Channel": "Microsoft-Windows-Crypto-NCrypt/Operational", "Provider_Name": "Microsoft-Windows-Crypto-NCrypt", "Computer": "DESKTOP-OFJ6N53", "TimeCreated": "2024-05-21 10:17:38.542675+00:00", "RecordID": "3052", "Level": "2", "UserID": "S-1-5-18", "EventData.ProviderName": "Microsoft Platform Crypto Provider", "EventData.Status": "0x80090030", "EventData.ProcessName": "taskhostw.exe"}
{"EventID": "4", "Channel": "Microsoft-Windows-Crypto-NCrypt/Operational", "Provider_Name": "Microsoft-Windows-Crypto-NCrypt", "Computer": "DESKTOP-OFJ6N53", "TimeCreated": "2024-05-23 19:54:28.098293+00:00", "RecordID": "3053", "Level": "2", "UserID": "S-1-5-21-963789628-1060504924-4285088085-1001", "EventData.ProviderName": "Microsoft Software Key Storage Provider", "EventData.KeyName": "Microsoft-Edge-TB-test-key", "EventData.AlgorithmName": "ECDSA_P256", "EventData.Flags": "0x00020040", "EventData.Status": "0x80090029", "EventData.ProcessName": "msedge.exe"}
{"EventID": "2", "Channel": "Microsoft-Windows-Crypto-NCrypt/Operational", "Provider_Name": "Microsoft-Windows-Crypto-NCrypt", "Computer": "DESKTOP-OFJ6N53", "TimeCreated": "2024-05-23 19:54:31.705862+00:00", "RecordID": "3054", "Level": "2", "UserID": "S-1-5-21-963789628-1060504924-4285088085-1001", "EventData.ProviderName": "Microsoft Platform Crypto Provider", "EventData.Status": "0x80090030", "EventData.ProcessName": "msedge.exe"}
{"EventID": "4", "Channel": "Microsoft-Windows-Crypto-NCrypt/Operational", "Provider_Name": "Microsoft-Windows-Crypto-NCrypt", "Computer": "DESKTOP-OFJ6N53", "TimeCreated": "2024-05-23 19:54:32.037647+00:00", "RecordID": "3055", "Level": "2", "UserID": "S-1-5-21-963789628-1060504924-4285088085-1001", "EventData.ProviderName": "Microsoft Software Key Storage Provider", "EventData.KeyName": "ChromeMetricsTestKey", "EventData.AlgorithmName": "ECDSA_P256", "EventData.Flags": "0x00020000", "EventData.Status": "0x80090029", "EventData.ProcessName": "msedge.exe"}
{"EventID": "9", "Channel": "Microsoft-Windows-Crypto-NCrypt/Operational", "Provider_Name": "Microsoft-Windows-Crypto-NCrypt", "Computer": "DESKTOP-OFJ6N53", "TimeCreated": "2024-05-24 12:44:11.578045+00:00", "RecordID": "3056", "Level": "5", "UserID": "S-1-5-18", "EventData.ProviderName": "Microsoft Software Key Storage Provider", "EventData.KeyModificationType": "0x00000001", "EventData.Flags": "0x00000000", "EventData.KeyName": "822BF3FA1D1E9A01B277A1D987D49545FDE3C4B6", "EventData.KeyFileName": "c8d74d183517364a390dfbf23b300896_27707a90-922c-4012-a495-08c5f439c147", "EventData.ProcessName": "C:\\Program Files (x86)\\Cisco\\Cisco AnyConnect Secure Mobility Client\\vpnagent.exe", "EventData.ProcessId": "0x000008a8", "EventData.ThreadId": "0x00002e48", "EventData.UserId": "S-1-5-18", "EventData.ServiceTag": "vpnagent", "EventData.Status": "0x00000000"}
{"EventID": "11", "Channel": "Microsoft-Windows-Crypto-NCrypt/Operational", "Provider_Name": "Microsoft-Windows-Crypto-NCrypt", "Computer": "DESKTOP-OFJ6N53", "TimeCreated": "2024-05-24 12:45:36.090534+00:00", "RecordID": "3057", "Level": "5", "UserID": "S-1-5-18", "EventData.ProviderName": "Microsoft Software Key Storage Provider", "EventData.Flags": "0x00000040", "EventData.DeletionType": "0x00000000", "EventData.KeyName": "822BF3FA1D1E9A01B277A1D987D49545FDE3C4B6", "EventData.KeyFileName": "c8d74d183517364a390dfbf23b300896_27707a90-922c-4012-a495-08c5f439c147", "EventData.ProcessName": "C:\\Program Files (x86)\\Cisco\\Cisco AnyConnect Secure Mobility Client\\vpnagent.exe", "EventData.ProcessId": "0x000008a8", "EventData.ThreadId": "0x00000e58", "EventData.UserId": "S-1-5-18", "EventData.ServiceTag": "vpnagent", "EventData.Status": "0x00000000"}
{"EventID": "9", "Channel": "Microsoft-Windows-Crypto-NCrypt/Operational", "Provider_Name": "Microsoft-Windows-Crypto-NCrypt", "Computer": "DESKTOP-OFJ6N53", "TimeCreated": "2024-05-24 12:45:43.155668+00:00", "RecordID": "3058", "Level": "5", "UserID": "S-1-5-18", "EventData.ProviderName": "Microsoft Software Key Storage Provider", "EventData.KeyModificationType": "0x00000001", "EventData.Flags": "0x00000000", "EventData.KeyName": "822BF3FA1D1E9A01B277A1D987D49545FDE3C4B6", "EventData.KeyFileName": "c8d74d183517364a390dfbf23b300896_27707a90-922c-4012-a495-08c5f439c147", "EventData.ProcessName": "C:\\Program Files (x86)\\Cisco\\Cisco AnyConnect Secure Mobility Client\\vpnagent.exe", "EventData.ProcessId": "0x000008a8", "EventData.ThreadId": "0x00000ce4", "EventData.UserId": "S-1-5-18", "EventData.ServiceTag": "vpnagent", "EventData.Status": "0x00000000"}
{"EventID": "11", "Channel": "Microsoft-Windows-Crypto-NCrypt/Operational", "Provider_Name": "Microsoft-Windows-Crypto-NCrypt", "Computer": "DESKTOP-OFJ6N53", "TimeCreated": "2024-05-24 12:46:54.996656+00:00", "RecordID": "3059", "Level": "5", "UserID": "S-1-5-18", "EventData.ProviderName": "Microsoft Software Key Storage Provider", "EventData.Flags": "0x00000040", "EventData.DeletionType": "0x00000000", "EventData.KeyName": "822BF3FA1D1E9A01B277A1D987D49545FDE3C4B6", "EventData.KeyFileName": "c8d74d183517364a390dfbf23b300896_27707a90-922c-4012-a495-08c5f439c147", "EventData.ProcessName": "C:\\Program Files (x86)\\Cisco\\Cisco AnyConnect Secure Mobility Client\\vpnagent.exe", "EventData.ProcessId": "0x000008a8", "EventData.ThreadId": "0x00000ce4", "EventData.UserId": "S-1-5-18", "EventData.ServiceTag": "vpnagent", "EventData.Status": "0x00000000"}
{"EventID": "9", "Channel": "Microsoft-Windows-Crypto-NCrypt/Operational", "Provider_Name": "Microsoft-Windows-Crypto-NCrypt", "Computer": "DESKTOP-OFJ6N53", "TimeCreated": "2024-05-24 12:47:04.084255+00:00", "RecordID": "3060", "Level": "5", "UserID": "S-1-5-18", "EventData.ProviderName": "Microsoft Software Key Storage Provider", "EventData.KeyModificationType": "0x00000001", "EventData.Flags": "0x00000000", "EventData.KeyName": "822BF3FA1D1E9A01B277A1D987D49545FDE3C4B6", "EventData.KeyFileName": "c8d74d183517364a390dfbf23b300896_27707a90-922c-4012-a495-08c5f439c147", "EventData.ProcessName": "C:\\Program Files (x86)\\Cisco\\Cisco AnyConnect Secure Mobility Client\\vpnagent.exe", "EventData.ProcessId": "0x000008a8", "EventData.ThreadId": "0x00000ce4", "EventData.UserId": "S-1-5-18", "EventData.ServiceTag": "vpnagent", "EventData.Status": "0x00000000"}
{"EventID": "11", "Channel": "Microsoft-Windows-Crypto-NCrypt/Operational", "Provider_Name": "Microsoft-Windows-Crypto-NCrypt", "Computer": "DESKTOP-OFJ6N53", "TimeCreated": "2024-05-24 12:47:17.090622+00:00", "RecordID": "3061", "Level": "5", "UserID": "S-1-5-18", "EventData.ProviderName": "Microsoft Software Key Storage Provider", "EventData.Flags": "0x00000040", "EventData.DeletionType": "0x00000000", "EventData.KeyName": "822BF3FA1D1E9A01B277A1D987D49545FDE3C4B6", "EventData.KeyFileName": "c8d74d183517364a390dfbf23b300896_27707a90-922c-4012-a495-08c5f439c147", "EventData.ProcessName": "C:\\Program Files (x86)\\Cisco\\Cisco AnyConnect Secure Mobility Client\\vpnagent.exe", "EventData.ProcessId": "0x000008a8", "EventData.ThreadId": "0x00000ce4", "EventData.UserId": "S-1-5-18", "EventData.ServiceTag": "vpnagent", "EventData.Status": "0x00000000"}
{"EventID": "9", "Channel": "Microsoft-Windows-Crypto-NCrypt/Operational", "Provider_Name": "Microsoft-Windows-Crypto-NCrypt", "Computer": "DESKTOP-OFJ6N53", "TimeCreated": "2024-05-24 12:47:21.498096+00:00", "RecordID": "3062", "Level": "5", "UserID": "S-1-5-18", "EventData.ProviderName": "Microsoft Software Key Storage Provider", "EventData.KeyModificationType": "0x00000001", "EventData.Flags": "0x00000000", "EventData.KeyName": "822BF3FA1D1E9A01B277A1D987D49545FDE3C4B6", "EventData.KeyFileName": "c8d74d183517364a390dfbf23b300896_27707a90-922c-4012-a495-08c5f439c147", "EventData.ProcessName": "C:\\Program Files (x86)\\Cisco\\Cisco AnyConnect Secure Mobility Client\\vpnagent.exe", "EventData.ProcessId": "0x000008a8", "EventData.ThreadId": "0x00000ce4", "EventData.UserId": "S-1-5-18", "EventData.ServiceTag": "vpnagent", "EventData.Status": "0x00000000"}
{"EventID": "11", "Channel": "Microsoft-Windows-Crypto-NCrypt/Operational", "Provider_Name": "Microsoft-Windows-Crypto-NCrypt", "Computer": "DESKTOP-OFJ6N53", "TimeCreated": "2024-05-24 12:47:21.633074+00:00", "RecordID": "3063", "Level": "5", "UserID": "S-1-5-18", "EventData.ProviderName": "Microsoft Software Key Storage Provider", "EventData.Flags": "0x00000040", "EventData.DeletionType": "0x00000000", "EventData.KeyName": "822BF3FA1D1E9A01B277A1D987D49545FDE3C4B6", "EventData.KeyFileName": "c8d74d183517364a390dfbf23b300896_27707a90-922c-4012-a495-08c5f439c147", "EventData.ProcessName": "C:\\Program Files (x86)\\Cisco\\Cisco AnyConnect Secure Mobility Client\\vpnagent.exe", "EventData.ProcessId": "0x000008a8", "EventData.ThreadId": "0x00000ce4", "EventData.UserId": "S-1-5-18", "EventData.ServiceTag": "vpnagent", "EventData.Status": "0x00000000"}
{"EventID": "9", "Channel": "Microsoft-Windows-Crypto-NCrypt/Operational", "Provider_Name": "Microsoft-Windows-Crypto-NCrypt", "Computer": "DESKTOP-OFJ6N53", "TimeCreated": "2024-05-24 12:47:29.229681+00:00", "RecordID": "3064", "Level": "5", "UserID": "S-1-5-18", "EventData.ProviderName": "Microsoft Software Key Storage Provider", "EventData.KeyModificationType": "0x00000001", "EventData.Flags": "0x00000000", "EventData.KeyName": "822BF3FA1D1E9A01B277A1D987D49545FDE3C4B6", "EventData.KeyFileName": "c8d74d183517364a390dfbf23b300896_27707a90-922c-4012-a495-08c5f439c147", "EventData.ProcessName": "C:\\Program Files (x86)\\Cisco\\Cisco AnyConnect Secure Mobility Client\\vpnagent.exe", "EventData.ProcessId": "0x000008a8", "EventData.ThreadId": "0x00000ce4", "EventData.UserId": "S-1-5-18", "EventData.ServiceTag": "vpnagent", "EventData.Status": "0x00000000"}
{"EventID": "11", "Channel": "Microsoft-Windows-Crypto-NCrypt/Operational", "Provider_Name": "Microsoft-Windows-Crypto-NCrypt", "Computer": "DESKTOP-OFJ6N53", "TimeCreated": "2024-05-24 12:48:13.825542+00:00", "RecordID": "3065", "Level": "5", "UserID": "S-1-5-18", "EventData.ProviderName": "Microsoft Software Key Storage Provider", "EventData.Flags": "0x00000040", "EventData.DeletionType": "0x00000000", "EventData.KeyName": "822BF3FA1D1E9A01B277A1D987D49545FDE3C4B6", "EventData.KeyFileName": "c8d74d183517364a390dfbf23b300896_27707a90-922c-4012-a495-08c5f439c147", "EventData.ProcessName": "C:\\Program Files (x86)\\Cisco\\Cisco AnyConnect Secure Mobility Client\\vpnagent.exe", "EventData.ProcessId": "0x000008a8", "EventData.ThreadId": "0x00000e58", "EventData.UserId": "S-1-5-18", "EventData.ServiceTag": "vpnagent", "EventData.Status": "0x00000000"}
{"EventID": "9", "Channel": "Microsoft-Windows-Crypto-NCrypt/Operational", "Provider_Name": "Microsoft-Windows-Crypto-NCrypt", "Computer": "DESKTOP-OFJ6N53", "TimeCreated": "2024-05-24 12:49:19.907509+00:00", "RecordID": "3066", "Level": "5", "UserID": "S-1-5-18", "EventData.ProviderName": "Microsoft Software Key Storage Provider", "EventData.KeyModificationType": "0x00000001", "EventData.Flags": "0x00000000", "EventData.KeyName": "822BF3FA1D1E9A01B277A1D987D49545FDE3C4B6", "EventData.KeyFileName": "c8d74d183517364a390dfbf23b300896_27707a90-922c-4012-a495-08c5f439c147", "EventData.ProcessName": "C:\\Program Files (x86)\\Cisco\\Cisco AnyConnect Secure Mobility Client\\vpnagent.exe", "EventData.ProcessId": "0x000008a8", "EventData.ThreadId": "0x00000ce4", "EventData.UserId": "S-1-5-18", "EventData.ServiceTag": "vpnagent", "EventData.Status": "0x00000000"}
{"EventID": "2", "Channel": "Microsoft-Windows-Crypto-NCrypt/Operational", "Provider_Name": "Microsoft-Windows-Crypto-NCrypt", "Computer": "DESKTOP-OFJ6N53", "TimeCreated": "2024-05-24 12:52:39.748241+00:00", "RecordID": "3067", "Level": "2", "UserID": "S-1-5-18", "EventData.ProviderName": "Microsoft Platform Crypto Provider", "EventData.Status": "0x80090030", "EventData.ProcessName": "taskhostw.exe"}
{"EventID": "11", "Channel": "Microsoft-Windows-Crypto-NCrypt/Operational", "Provider_Name": "Microsoft-Windows-Crypto-NCrypt", "Computer": "DESKTOP-OFJ6N53", "TimeCreated": "2024-05-24 13:00:41.133186+00:00", "RecordID": "3068", "Level": "5", "UserID": "S-1-5-18", "EventData.ProviderName": "Microsoft Software Key Storage Provider", "EventData.Flags": "0x00000040", "EventData.DeletionType": "0x00000000", "EventData.KeyName": "822BF3FA1D1E9A01B277A1D987D49545FDE3C4B6", "EventData.KeyFileName": "c8d74d183517364a390dfbf23b300896_27707a90-922c-4012-a495-08c5f439c147", "EventData.ProcessName": "C:\\Program Files (x86)\\Cisco\\Cisco AnyConnect Secure Mobility Client\\vpnagent.exe", "EventData.ProcessId": "0x000008a8", "EventData.ThreadId": "0x00002e84", "EventData.UserId": "S-1-5-18", "EventData.ServiceTag": "vpnagent", "EventData.Status": "0x00000000"}
{"EventID": "9", "Channel": "Microsoft-Windows-Crypto-NCrypt/Operational", "Provider_Name": "Microsoft-Windows-Crypto-NCrypt", "Computer": "DESKTOP-OFJ6N53", "TimeCreated": "2024-05-24 13:00:44.935644+00:00", "RecordID": "3069", "Level": "5", "UserID": "S-1-5-18", "EventData.ProviderName": "Microsoft Software Key Storage Provider", "EventData.KeyModificationType": "0x00000001", "EventData.Flags": "0x00000000", "EventData.KeyName": "822BF3FA1D1E9A01B277A1D987D49545FDE3C4B6", "EventData.KeyFileName": "c8d74d183517364a390dfbf23b300896_27707a90-922c-4012-a495-08c5f439c147", "EventData.ProcessName": "C:\\Program Files (x86)\\Cisco\\Cisco AnyConnect Secure Mobility Client\\vpnagent.exe", "EventData.ProcessId": "0x000008a8", "EventData.ThreadId": "0x00000ce4", "EventData.UserId": "S-1-5-18", "EventData.ServiceTag": "vpnagent", "EventData.Status": "0x00000000"}
{"EventID": "11", "Channel": "Microsoft-Windows-Crypto-NCrypt/Operational", "Provider_Name": "Microsoft-Windows-Crypto-NCrypt", "Computer": "DESKTOP-OFJ6N53", "TimeCreated": "2024-05-24 13:01:27.908249+00:00", "RecordID": "3070", "Level": "5", "UserID": "S-1-5-18", "EventData.ProviderName": "Microsoft Software Key Storage Provider", "EventData.Flags": "0x00000040", "EventData.DeletionType": "0x00000000", "EventData.KeyName": "822BF3FA1D1E9A01B277A1D987D49545FDE3C4B6", "EventData.KeyFileName": "c8d74d183517364a390dfbf23b300896_27707a90-922c-4012-a495-08c5f439c147", "EventData.ProcessName": "C:\\Program Files (x86)\\Cisco\\Cisco AnyConnect Secure Mobility Client\\vpnagent.exe", "EventData.ProcessId": "0x000008a8", "EventData.ThreadId": "0x00002e84", "EventData.UserId": "S-1-5-18", "EventData.ServiceTag": "vpnagent", "EventData.Status": "0x00000000"}
{"EventID": "2", "Channel": "Microsoft-Windows-Crypto-NCrypt/Operational", "Provider_Name": "Microsoft-Windows-Crypto-NCrypt", "Computer": "DESKTOP-OFJ6N53", "TimeCreated": "2024-05-24 13:08:25.432072+00:00", "RecordID": "3071", "Level": "2", "UserID": "S-1-5-18", "EventData.ProviderName": "Microsoft Platform Crypto Provider", "EventData.Status": "0x80090030", "EventData.ProcessName": "taskhostw.exe"}
{"EventID": "2", "Channel": "Microsoft-Windows-Crypto-NCrypt/Operational", "Provider_Name": "Microsoft-Windows-Crypto-NCrypt", "Computer": "DESKTOP-OFJ6N53", "TimeCreated": "2024-05-24 13:09:24.055124+00:00", "RecordID": "3072", "Level": "2", "UserID": "S-1-5-18", "EventData.ProviderName": "Microsoft Platform Crypto Provider", "EventData.Status": "0x80090030", "EventData.ProcessName": "taskhostw.exe"}
{"EventID": "2", "Channel": "Microsoft-Windows-Crypto-NCrypt/Operational", "Provider_Name": "Microsoft-Windows-Crypto-NCrypt", "Computer": "DESKTOP-OFJ6N53", "TimeCreated": "2024-05-24 13:28:42.623104+00:00", "RecordID": "3073", "Level": "2", "UserID": "S-1-5-21-963789628-1060504924-4285088085-1001", "EventData.ProviderName": "Microsoft Platform Crypto Provider", "EventData.Status": "0x80090030", "EventData.ProcessName": "chrome.exe"}
{"EventID": "4", "Channel": "Microsoft-Windows-Crypto-NCrypt/Operational", "Provider_Name": "Microsoft-Windows-Crypto-NCrypt", "Computer": "DESKTOP-OFJ6N53", "TimeCreated": "2024-05-24 13:28:43.030313+00:00", "RecordID": "3074", "Level": "2", "UserID": "S-1-5-21-963789628-1060504924-4285088085-1001", "EventData.ProviderName": "Microsoft Software Key Storage Provider", "EventData.KeyName": "ChromeMetricsTestKey", "EventData.AlgorithmName": "ECDSA_P256", "EventData.Flags": "0x00020000", "EventData.Status": "0x80090029", "EventData.ProcessName": "chrome.exe"}
{"EventID": "4", "Channel": "Microsoft-Windows-Crypto-NCrypt/Operational", "Provider_Name": "Microsoft-Windows-Crypto-NCrypt", "Computer": "DESKTOP-OFJ6N53", "TimeCreated": "2024-05-24 13:28:43.419283+00:00", "RecordID": "3075", "Level": "2", "UserID": "S-1-5-21-963789628-1060504924-4285088085-1001", "EventData.ProviderName": "Microsoft Passport Key Storage Provider", "EventData.KeyName": "S-1-5-21-963789628-1060504924-4285088085-1001//S-1-5-21-963789628-1060504924-4285088085-1001//MSTestAvailability-FF2FA111-E816-4D1B-BDDD-65F189969E50", "EventData.AlgorithmName": "RSA", "EventData.Flags": "0x00000000", "EventData.Status": "0x80090016", "EventData.ProcessName": "chrome.exe"}
