{"EventID": "8198", "Channel": "Microsoft-Windows-Crypto-DPAPI/Operational", "Provider_Name": "Microsoft-Windows-Crypto-DPAPI", "Computer": "DESKTOP-OFJ6N53", "TimeCreated": "2025-05-30 22:53:27.415466+00:00", "RecordID": "16510", "Level": "2", "UserID": "S-1-5-18", "EventData.Status": "0x8009000b", "EventData.ReasonForFailure": "6"}
{"EventID": "3", "Channel": "Microsoft-Windows-Crypto-DPAPI/Operational", "Provider_Name": "Microsoft-Windows-Crypto-DPAPI", "Computer": "DESKTOP-OFJ6N53", "TimeCreated": "2025-05-30 22:53:27.540760+00:00", "RecordID": "16511", "Level": "4", "UserID": "S-1-5-18", "EventData.MasterKeyGUID": "{d948afd0-4605-4a10-84a0-37c90b19395e}", "EventData.Success": "False", "EventData.LastError": "0x00000000", "EventData.MasterKeyDisposition": "0x00000003"}
{"EventID": "8198", "Channel": "Microsoft-Windows-Crypto-DPAPI/Operational", "Provider_Name": "Microsoft-Windows-Crypto-DPAPI", "Computer": "DESKTOP-OFJ6N53", "TimeCreated": "2025-05-30 22:53:27.540766+00:00", "RecordID": "16512", "Level": "2", "UserID": "S-1-5-18", "EventData.Status": "0x8009000b", "EventData.ReasonForFailure": "6"}
{"EventID": "3", "Channel": "Microsoft-Windows-Crypto-DPAPI/Operational", "Provider_Name": "Microsoft-Windows-Crypto-DPAPI", "Computer": "DESKTOP-OFJ6N53", "TimeCreated": "2025-05-31 05:18:29.600452+00:00", "RecordID": "16513", "Level": "4", "UserID": "S-1-5-18", "EventData.MasterKeyGUID": "{d948afd0-4605-4a10-84a0-37c90b19395e}", "EventData.Success": "False", "EventData.LastError": "0x00000000", "EventData.MasterKeyDisposition": "0x00000003"}
{"EventID": "8198", "Channel": "Microsoft-Windows-Crypto-DPAPI/Operational", "Provider_Name": "Microsoft-Windows-Crypto-DPAPI", "Computer": "DESKTOP-OFJ6N53", "TimeCreated": "2025-05-31 05:18:29.600456+00:00", "RecordID": "16514", "Level": "2", "UserID": "S-1-5-18", "EventData.Status": "0x8009000b", "EventData.ReasonForFailure": "6"}
{"EventID": "3", "Channel": "Microsoft-Windows-Crypto-DPAPI/Operational", "Provider_Name": "Microsoft-Windows-Crypto-DPAPI", "Computer": "DESKTOP-OFJ6N53", "TimeCreated": "2025-05-31 05:18:29.725943+00:00", "RecordID": "16515", "Level": "4", "UserID": "S-1-5-18", "EventData.MasterKeyGUID": "{d948afd0-4605-4a10-84a0-37c90b19395e}", "EventData.Success": "False", "EventData.LastError": "0x00000000", "EventData.MasterKeyDisposition": "0x00000003"}
{"EventID": "8198", "Channel": "Microsoft-Windows-Crypto-DPAPI/Operational", "Provider_Name": "Microsoft-Windows-Crypto-DPAPI", "Computer": "DESKTOP-OFJ6N53", "TimeCreated": "2025-05-31 05:18:29.725946+00:00", "RecordID": "16516", "Level": "2", "UserID": "S-1-5-18", "EventData.Status": "0x8009000b", "EventData.ReasonForFailure": "6"}
{"EventID": "3", "Channel": "Microsoft-Windows-Crypto-DPAPI/Operational", "Provider_Name": "Microsoft-Windows-Crypto-DPAPI", "Computer": "DESKTOP-OFJ6N53", "TimeCreated": "2025-05-31 12:29:50.556927+00:00", "RecordID": "16517", "Level": "4", "UserID": "S-1-5-18", "EventData.MasterKeyGUID": "{d948afd0-4605-4a10-84a0-37c90b19395e}", "EventData.Success": "False", "EventData.LastError": "0x00000000", "EventData.MasterKeyDisposition": "0x00000003"}
{"EventID": "8198", "Channel": "Microsoft-Windows-Crypto-DPAPI/Operational", "Provider_Name": "Microsoft-Windows-Crypto-DPAPI", "Computer": "DESKTOP-OFJ6N53", "TimeCreated": "2025-05-31 12:29:50.556931+00:00", "RecordID": "16518", "Level": "2", "UserID": "S-1-5-18", "EventData.Status": "0x8009000b", "EventData.ReasonForFailure": "6"}
{"EventID": "3", "Channel": "Microsoft-Windows-Crypto-DPAPI/Operational", "Provider_Name": "Microsoft-Windows-Crypto-DPAPI", "Computer": "DESKTOP-OFJ6N53", "TimeCreated": "2025-05-31 12:29:50.685144+00:00", "RecordID": "16519", "Level": "4", "UserID": "S-1-5-18", "EventData.MasterKeyGUID": "{d948afd0-4605-4a10-84a0-37c90b19395e}", "EventData.Success": "False", "EventData.LastError": "0x00000000", "EventData.MasterKeyDisposition": "0x00000003"}
{"EventID": "8198", "Channel": "Microsoft-Windows-Crypto-DPAPI/Operational", "Provider_Name": "Microsoft-Windows-Crypto-DPAPI", "Computer": "DESKTOP-OFJ6N53", "TimeCreated": "2025-05-31 12:29:50.685150+00:00", "RecordID": "16520", "Level": "2", "UserID": "S-1-5-18", "EventData.Status": "0x8009000b", "EventData.ReasonForFailure": "6"}
{"EventID": "3", "Channel": "Microsoft-Windows-Crypto-DPAPI/Operational", "Provider_Name": "Microsoft-Windows-Crypto-DPAPI", "Computer": "DESKTOP-OFJ6N53", "TimeCreated": "2025-05-31 19:33:56.380314+00:00", "RecordID": "16521", "Level": "4", "UserID": "S-1-5-18", "EventData.MasterKeyGUID": "{d948afd0-4605-4a10-84a0-37c90b19395e}", "EventData.Success": "False", "EventData.LastError": "0x00000000", "EventData.MasterKeyDisposition": "0x00000003"}
{"EventID": "8198", "Channel": "Microsoft-Windows-Crypto-DPAPI/Operational", "Provider_Name": "Microsoft-Windows-Crypto-DPAPI", "Computer": "DESKTOP-OFJ6N53", "TimeCreated": "2025-05-31 19:33:56.380320+00:00", "RecordID": "16522", "Level": "2", "UserID": "S-1-5-18", "EventData.Status": "0x8009000b", "EventData.ReasonForFailure": "6"}
{"EventID": "3", "Channel": "Microsoft-Windows-Crypto-DPAPI/Operational", "Provider_Name": "Microsoft-Windows-Crypto-DPAPI", "Computer": "DESKTOP-OFJ6N53", "TimeCreated": "2025-05-31 19:33:56.504066+00:00", "RecordID": "16523", "Level": "4", "UserID": "S-1-5-18", "EventData.MasterKeyGUID": "{d948afd0-4605-4a10-84a0-37c90b19395e}", "EventData.Success": "False", "EventData.LastError": "0x00000000", "EventData.MasterKeyDisposition": "0x00000003"}
{"EventID": "8198", "Channel": "Microsoft-Windows-Crypto-DPAPI/Operational", "Provider_Name": "Microsoft-Windows-Crypto-DPAPI", "Computer": "DESKTOP-OFJ6N53", "TimeCreated": "2025-05-31 19:33:56.504072+00:00", "RecordID": "16524", "Level": "2", "UserID": "S-1-5-18", "EventData.Status": "0x8009000b", "EventData.ReasonForFailure": "6"}
{"EventID": "3", "Channel": "Microsoft-Windows-Crypto-DPAPI/Operational", "Provider_Name": "Microsoft-Windows-Crypto-DPAPI", "Computer": "DESKTOP-OFJ6N53", "TimeCreated": "2025-06-01 01:42:08.949532+00:00", "RecordID": "16525", "Level": "4", "UserID": "S-1-5-18", "EventData.MasterKeyGUID": "{d948afd0-4605-4a10-84a0-37c90b19395e}", "EventData.Success": "False", "EventData.LastError": "0x00000000", "EventData.MasterKeyDisposition": "0x00000003"}
{"EventID": "8198", "Channel": "Microsoft-Windows-Crypto-DPAPI/Operational", "Provider_Name": "Microsoft-Windows-Crypto-DPAPI", "Computer": "DESKTOP-OFJ6N53", "TimeCreated": "2025-06-01 01:42:08.949539+00:00", "RecordID": "16526", "Level": "2", "UserID": "S-1-5-18", "EventData.Status": "0x8009000b", "EventData.ReasonForFailure": "6"}
{"EventID": "3", "Channel": "Microsoft-Windows-Crypto-DPAPI/Operational", "Provider_Name": "Microsoft-Windows-Crypto-DPAPI", "Computer": "DESKTOP-OFJ6N53", "TimeCreated": "2025-06-01 01:42:09.085770+00:00", "RecordID": "16527", "Level": "4", "UserID": "S-1-5-18", "EventData.MasterKeyGUID": "{d948afd0-4605-4a10-84a0-37c90b19395e}", "EventData.Success": "False", "EventData.LastError": "0x00000000", "EventData.MasterKeyDisposition": "0x00000003"}
{"EventID": "8198", "Channel": "Microsoft-Windows-Crypto-DPAPI/Operational", "Provider_Name": "Microsoft-Windows-Crypto-DPAPI", "Computer": "DESKTOP-OFJ6N53", "TimeCreated": "2025-06-01 01:42:09.085775+00:00", "RecordID": "16528", "Level": "2", "UserID": "S-1-5-18", "EventData.Status": "0x8009000b", "EventData.ReasonForFailure": "6"}
{"EventID": "3", "Channel": "Microsoft-Windows-Crypto-DPAPI/Operational", "Provider_Name": "Microsoft-Windows-Crypto-DPAPI", "Computer": "DESKTOP-OFJ6N53", "TimeCreated": "2025-06-01 07:56:29.828300+00:00", "RecordID": "16529", "Level": "4", "UserID": "S-1-5-18", "EventData.MasterKeyGUID": "{d948afd0-4605-4a10-84a0-37c90b19395e}", "EventData.Success": "False", "EventData.LastError": "0x00000000", "EventData.MasterKeyDisposition": "0x00000003"}
{"EventID": "8198", "Channel": "Microsoft-Windows-Crypto-DPAPI/Operational", "Provider_Name": "Microsoft-Windows-Crypto-DPAPI", "Computer": "DESKTOP-OFJ6N53", "TimeCreated": "2025-06-01 07:56:29.828304+00:00", "RecordID": "16530", "Level": "2", "UserID": "S-1-5-18", "EventData.Status": "0x8009000b", "EventData.ReasonForFailure": "6"}
{"EventID": "3", "Channel": "Microsoft-Windows-Crypto-DPAPI/Operational", "Provider_Name": "Microsoft-Windows-Crypto-DPAPI", "Computer": "DESKTOP-OFJ6N53", "TimeCreated": "2025-06-01 07:56:29.952564+00:00", "RecordID": "16531", "Level": "4", "UserID": "S-1-5-18", "EventData.MasterKeyGUID": "{d948afd0-4605-4a10-84a0-37c90b19395e}", "EventData.Success": "False", "EventData.LastError": "0x00000000", "EventData.MasterKeyDisposition": "0x00000003"}
{"EventID": "8198", "Channel": "Microsoft-Windows-Crypto-DPAPI/Operational", "Provider_Name": "Microsoft-Windows-Crypto-DPAPI", "Computer": "DESKTOP-OFJ6N53", "TimeCreated": "2025-06-01 07:56:29.952568+00:00", "RecordID": "16532", "Level": "2", "UserID": "S-1-5-18", "EventData.Status": "0x8009000b", "EventData.ReasonForFailure": "6"}
{"EventID": "12289", "Channel": "Microsoft-Windows-Crypto-DPAPI/Operational", "Provider_Name": "Microsoft-Windows-Crypto-DPAPI", "Computer": "DESKTOP-OFJ6N53", "TimeCreated": "2025-06-01 08:21:50.077679+00:00", "RecordID": "16533", "Level": "4", "UserID": "S-1-5-18", "EventData.CredKeyIdentifier": "bDlzZcwRSiWEKLg5fSnmYP7NRrbjNtYbKhrW2ONnho0=", "EventData.UserName": "sk.batsiev", "EventData.UserSid": "S-1-5-21-963789628-1060504924-4285088085-1001"}
{"EventID": "12289", "Channel": "Microsoft-Windows-Crypto-DPAPI/Operational", "Provider_Name": "Microsoft-Windows-Crypto-DPAPI", "Computer": "DESKTOP-OFJ6N53", "TimeCreated": "2025-06-01 08:21:50.115351+00:00", "RecordID": "16534", "Level": "4", "UserID": "S-1-5-18", "EventData.CredKeyIdentifier": "bDlzZcwRSiWEKLg5fSnmYP7NRrbjNtYbKhrW2ONnho0=", "EventData.UserName": "sk.batsiev", "EventData.UserSid": "S-1-5-21-963789628-1060504924-4285088085-1001"}
{"EventID": "12289", "Channel": "Microsoft-Windows-Crypto-DPAPI/Operational", "Provider_Name": "Microsoft-Windows-Crypto-DPAPI", "Computer": "DESKTOP-OFJ6N53", "TimeCreated": "2025-06-01 08:21:50.115469+00:00", "RecordID": "16535", "Level": "4", "UserID": "S-1-5-18", "EventData.CredKeyIdentifier": "bDlzZcwRSiWEKLg5fSnmYP7NRrbjNtYbKhrW2ONnho0=", "EventData.UserName": "sk.batsiev", "EventData.UserSid": "S-1-5-21-963789628-1060504924-4285088085-1001"}
{"EventID": "12289", "Channel": "Microsoft-Windows-Crypto-DPAPI/Operational", "Provider_Name": "Microsoft-Windows-Crypto-DPAPI", "Computer": "DESKTOP-OFJ6N53", "TimeCreated": "2025-06-01 08:21:50.115606+00:00", "RecordID": "16536", "Level": "4", "UserID": "S-1-5-18", "EventData.CredKeyIdentifier": "bDlzZcwRSiWEKLg5fSnmYP7NRrbjNtYbKhrW2ONnho0=", "EventData.UserName": "sk.batsiev", "EventData.UserSid": "S-1-5-21-963789628-1060504924-4285088085-1001"}
{"EventID": "12289", "Channel": "Microsoft-Windows-Crypto-DPAPI/Operational", "Provider_Name": "Microsoft-Windows-Crypto-DPAPI", "Computer": "DESKTOP-OFJ6N53", "TimeCreated": "2025-06-01 08:21:50.115757+00:00", "RecordID": "16537", "Level": "4", "UserID": "S-1-5-18", "EventData.CredKeyIdentifier": "bDlzZcwRSiWEKLg5fSnmYP7NRrbjNtYbKhrW2ONnho0=", "EventData.UserName": "sk.batsiev", "EventData.UserSid": "S-1-5-21-963789628-1060504924-4285088085-1001"}
{"EventID": "3", "Channel": "Microsoft-Windows-Crypto-DPAPI/Operational", "Provider_Name": "Microsoft-Windows-Crypto-DPAPI", "Computer": "DESKTOP-OFJ6N53", "TimeCreated": "2025-06-01 14:17:58.907343+00:00", "RecordID": "16538", "Level": "4", "UserID": "S-1-5-18", "EventData.MasterKeyGUID": "{d948afd0-4605-4a10-84a0-37c90b19395e}", "EventData.Success": "False", "EventData.LastError": "0x00000000", "EventData.MasterKeyDisposition": "0x00000003"}
{"EventID": "8198", "Channel": "Microsoft-Windows-Crypto-DPAPI/Operational", "Provider_Name": "Microsoft-Windows-Crypto-DPAPI", "Computer": "DESKTOP-OFJ6N53", "TimeCreated": "2025-06-01 14:17:58.907349+00:00", "RecordID": "16539", "Level": "2", "UserID": "S-1-5-18", "EventData.Status": "0x8009000b", "EventData.ReasonForFailure": "6"}
{"EventID": "3", "Channel": "Microsoft-Windows-Crypto-DPAPI/Operational", "Provider_Name": "Microsoft-Windows-Crypto-DPAPI", "Computer": "DESKTOP-OFJ6N53", "TimeCreated": "2025-06-01 14:17:59.032732+00:00", "RecordID": "16540", "Level": "4", "UserID": "S-1-5-18", "EventData.MasterKeyGUID": "{d948afd0-4605-4a10-84a0-37c90b19395e}", "EventData.Success": "False", "EventData.LastError": "0x00000000", "EventData.MasterKeyDisposition": "0x00000003"}
{"EventID": "8198", "Channel": "Microsoft-Windows-Crypto-DPAPI/Operational", "Provider_Name": "Microsoft-Windows-Crypto-DPAPI", "Computer": "DESKTOP-OFJ6N53", "TimeCreated": "2025-06-01 14:17:59.032738+00:00", "RecordID": "16541", "Level": "2", "UserID": "S-1-5-18", "EventData.Status": "0x8009000b", "EventData.ReasonForFailure": "6"}
{"EventID": "3", "Channel": "Microsoft-Windows-Crypto-DPAPI/Operational", "Provider_Name": "Microsoft-Windows-Crypto-DPAPI", "Computer": "DESKTOP-OFJ6N53", "TimeCreated": "2025-06-01 20:24:02.466072+00:00", "RecordID": "16542", "Level": "4", "UserID": "S-1-5-18", "EventData.MasterKeyGUID": "{d948afd0-4605-4a10-84a0-37c90b19395e}", "EventData.Success": "False", "EventData.LastError": "0x00000000", "EventData.MasterKeyDisposition": "0x00000003"}
{"EventID": "8198", "Channel": "Microsoft-Windows-Crypto-DPAPI/Operational", "Provider_Name": "Microsoft-Windows-Crypto-DPAPI", "Computer": "DESKTOP-OFJ6N53", "TimeCreated": "2025-06-01 20:24:02.466080+00:00", "RecordID": "16543", "Level": "2", "UserID": "S-1-5-18", "EventData.Status": "0x8009000b", "EventData.ReasonForFailure": "6"}
{"EventID": "3", "Channel": "Microsoft-Windows-Crypto-DPAPI/Operational", "Provider_Name": "Microsoft-Windows-Crypto-DPAPI", "Computer": "DESKTOP-OFJ6N53", "TimeCreated": "2025-06-01 20:24:02.598295+00:00", "RecordID": "16544", "Level": "4", "UserID": "S-1-5-18", "EventData.MasterKeyGUID": "{d948afd0-4605-4a10-84a0-37c90b19395e}", "EventData.Success": "False", "EventData.LastError": "0x00000000", "EventData.MasterKeyDisposition": "0x00000003"}
{"EventID": "8198", "Channel": "Microsoft-Windows-Crypto-DPAPI/Operational", "Provider_Name": "Microsoft-Windows-Crypto-DPAPI", "Computer": "DESKTOP-OFJ6N53", "TimeCreated": "2025-06-01 20:24:02.598301+00:00", "RecordID": "16545", "Level": "2", "UserID": "S-1-5-18", "EventData.Status": "0x8009000b", "EventData.ReasonForFailure": "6"}
{"EventID": "3", "Channel": "Microsoft-Windows-Crypto-DPAPI/Operational", "Provider_Name": "Microsoft-Windows-Crypto-DPAPI", "Computer": "DESKTOP-OFJ6N53", "TimeCreated": "2025-06-02 02:46:14.714508+00:00", "RecordID": "16546", "Level": "4", "UserID": "S-1-5-18", "EventData.MasterKeyGUID": "{d948afd0-4605-4a10-84a0-37c90b19395e}", "EventData.Success": "False", "EventData.LastError": "0x00000000", "EventData.MasterKeyDisposition": "0x00000003"}
{"EventID": "8198", "Channel": "Microsoft-Windows-Crypto-DPAPI/Operational", "Provider_Name": "Microsoft-Windows-Crypto-DPAPI", "Computer": "DESKTOP-OFJ6N53", "TimeCreated": "2025-06-02 02:46:14.714514+00:00", "RecordID": "16547", "Level": "2", "UserID": "S-1-5-18", "EventData.Status": "0x8009000b", "EventData.ReasonForFailure": "6"}
{"EventID": "3", "Channel": "Microsoft-Windows-Crypto-DPAPI/Operational", "Provider_Name": "Microsoft-Windows-Crypto-DPAPI", "Computer": "DESKTOP-OFJ6N53", "TimeCreated": "2025-06-02 02:46:14.790295+00:00", "RecordID": "16548", "Level": "4", "UserID": "S-1-5-18", "EventData.MasterKeyGUID": "{d948afd0-4605-4a10-84a0-37c90b19395e}", "EventData.Success": "False", "EventData.LastError": "0x00000000", "EventData.MasterKeyDisposition": "0x00000003"}
{"EventID": "8198", "Channel": "Microsoft-Windows-Crypto-DPAPI/Operational", "Provider_Name": "Microsoft-Windows-Crypto-DPAPI", "Computer": "DESKTOP-OFJ6N53", "TimeCreated": "2025-06-02 02:46:14.790297+00:00", "RecordID": "16549", "Level": "2", "UserID": "S-1-5-18", "EventData.Status": "0x8009000b", "EventData.ReasonForFailure": "6"}
{"EventID": "3", "Channel": "Microsoft-Windows-Crypto-DPAPI/Operational", "Provider_Name": "Microsoft-Windows-Crypto-DPAPI", "Computer": "DESKTOP-OFJ6N53", "TimeCreated": "2025-06-02 09:24:39.169136+00:00", "RecordID": "16550", "Level": "4", "UserID": "S-1-5-18", "EventData.MasterKeyGUID": "{d948afd0-4605-4a10-84a0-37c90b19395e}", "EventData.Success": "False", "EventData.LastError": "0x00000000", "EventData.MasterKeyDisposition": "0x00000003"}
{"EventID": "8198", "Channel": "Microsoft-Windows-Crypto-DPAPI/Operational", "Provider_Name": "Microsoft-Windows-Crypto-DPAPI", "Computer": "DESKTOP-OFJ6N53", "TimeCreated": "2025-06-02 09:24:39.169142+00:00", "RecordID": "16551", "Level": "2", "UserID": "S-1-5-18", "EventData.Status": "0x8009000b", "EventData.ReasonForFailure": "6"}
{"EventID": "3", "Channel": "Microsoft-Windows-Crypto-DPAPI/Operational", "Provider_Name": "Microsoft-Windows-Crypto-DPAPI", "Computer": "DESKTOP-OFJ6N53", "TimeCreated": "2025-06-02 09:24:39.289797+00:00", "RecordID": "16552", "Level": "4", "UserID": "S-1-5-18", "EventData.MasterKeyGUID": "{d948afd0-4605-4a10-84a0-37c90b19395e}", "EventData.Success": "False", "EventData.LastError": "0x00000000", "EventData.MasterKeyDisposition": "0x00000003"}
{"EventID": "8198", "Channel": "Microsoft-Windows-Crypto-DPAPI/Operational", "Provider_Name": "Microsoft-Windows-Crypto-DPAPI", "Computer": "DESKTOP-OFJ6N53", "TimeCreated": "2025-06-02 09:24:39.289799+00:00", "RecordID": "16553", "Level": "2", "UserID": "S-1-5-18", "EventData.Status": "0x8009000b", "EventData.ReasonForFailure": "6"}
{"EventID": "3", "Channel": "Microsoft-Windows-Crypto-DPAPI/Operational", "Provider_Name": "Microsoft-Windows-Crypto-DPAPI", "Computer": "DESKTOP-OFJ6N53", "TimeCreated": "2025-06-02 15:46:40.831865+00:00", "RecordID": "16554", "Level": "4", "UserID": "S-1-5-18", "EventData.MasterKeyGUID": "{d948afd0-4605-4a10-84a0-37c90b19395e}", "EventData.Success": "False", "EventData.LastError": "0x00000000", "EventData.MasterKeyDisposition": "0x00000003"}
{"EventID": "8198", "Channel": "Microsoft-Windows-Crypto-DPAPI/Operational", "Provider_Name": "Microsoft-Windows-Crypto-DPAPI", "Computer": "DESKTOP-OFJ6N53", "TimeCreated": "2025-06-02 15:46:40.831873+00:00", "RecordID": "16555", "Level": "2", "UserID": "S-1-5-18", "EventData.Status": "0x8009000b", "EventData.ReasonForFailure": "6"}
{"EventID": "3", "Channel": "Microsoft-Windows-Crypto-DPAPI/Operational", "Provider_Name": "Microsoft-Windows-Crypto-DPAPI", "Computer": "DESKTOP-OFJ6N53", "TimeCreated": "2025-06-02 15:46:40.963348+00:00", "RecordID": "16556", "Level": "4", "UserID": "S-1-5-18", "EventData.MasterKeyGUID": "{d948afd0-4605-4a10-84a0-37c90b19395e}", "EventData.Success": "False", "EventData.LastError": "0x00000000", "EventData.MasterKeyDisposition": "0x00000003"}
{"EventID": "8198", "Channel": "Microsoft-Windows-Crypto-DPAPI/Operational", "Provider_Name": "Microsoft-Windows-Crypto-DPAPI", "Computer": "DESKTOP-OFJ6N53", "TimeCreated": "2025-06-02 15:46:40.963352+00:00", "RecordID": "16557", "Level": "2", "UserID": "S-1-5-18", "EventData.Status": "0x8009000b", "EventData.ReasonForFailure": "6"}
{"EventID": "3", "Channel": "Microsoft-Windows-Crypto-DPAPI/Operational", "Provider_Name": "Microsoft-Windows-Crypto-DPAPI", "Computer": "DESKTOP-OFJ6N53", "TimeCreated": "2025-06-02 22:06:50.779911+00:00", "RecordID": "16558", "Level": "4", "UserID": "S-1-5-18", "EventData.MasterKeyGUID": "{d948afd0-4605-4a10-84a0-37c90b19395e}", "EventData.Success": "False", "EventData.LastError": "0x00000000", "EventData.MasterKeyDisposition": "0x00000003"}
{"EventID": "8198", "Channel": "Microsoft-Windows-Crypto-DPAPI/Operational", "Provider_Name": "Microsoft-Windows-Crypto-DPAPI", "Computer": "DESKTOP-OFJ6N53", "TimeCreated": "2025-06-02 22:06:50.779917+00:00", "RecordID": "16559", "Level": "2", "UserID": "S-1-5-18", "EventData.Status": "0x8009000b", "EventData.ReasonForFailure": "6"}
{"EventID": "3", "Channel": "Microsoft-Windows-Crypto-DPAPI/Operational", "Provider_Name": "Microsoft-Windows-Crypto-DPAPI", "Computer": "DESKTOP-OFJ6N53", "TimeCreated": "2025-06-02 22:06:50.892849+00:00", "RecordID": "16560", "Level": "4", "UserID": "S-1-5-18", "EventData.MasterKeyGUID": "{d948afd0-4605-4a10-84a0-37c90b19395e}", "EventData.Success": "False", "EventData.LastError": "0x00000000", "EventData.MasterKeyDisposition": "0x00000003"}
{"EventID": "8198", "Channel": "Microsoft-Windows-Crypto-DPAPI/Operational", "Provider_Name": "Microsoft-Windows-Crypto-DPAPI", "Computer": "DESKTOP-OFJ6N53", "TimeCreated": "2025-06-02 22:06:50.892855+00:00", "RecordID": "16561", "Level": "2", "UserID": "S-1-5-18", "EventData.Status": "0x8009000b", "EventData.ReasonForFailure": "6"}
{"EventID": "3", "Channel": "Microsoft-Windows-Crypto-DPAPI/Operational", "Provider_Name": "Microsoft-Windows-Crypto-DPAPI", "Computer": "DESKTOP-OFJ6N53", "TimeCreated": "2025-06-03 04:36:11.476051+00:00", "RecordID": "16562", "Level": "4", "UserID": "S-1-5-18", "EventData.MasterKeyGUID": "{d948afd0-4605-4a10-84a0-37c90b19395e}", "EventData.Success": "False", "EventData.LastError": "0x00000000", "EventData.MasterKeyDisposition": "0x00000003"}
{"EventID": "8198", "Channel": "Microsoft-Windows-Crypto-DPAPI/Operational", "Provider_Name": "Microsoft-Windows-Crypto-DPAPI", "Computer": "DESKTOP-OFJ6N53", "TimeCreated": "2025-06-03 04:36:11.476057+00:00", "RecordID": "16563", "Level": "2", "UserID": "S-1-5-18", "EventData.Status": "0x8009000b", "EventData.ReasonForFailure": "6"}
{"EventID": "3", "Channel": "Microsoft-Windows-Crypto-DPAPI/Operational", "Provider_Name": "Microsoft-Windows-Crypto-DPAPI", "Computer": "DESKTOP-OFJ6N53", "TimeCreated": "2025-06-03 04:36:11.589546+00:00", "RecordID": "16564", "Level": "4", "UserID": "S-1-5-18", "EventData.MasterKeyGUID": "{d948afd0-4605-4a10-84a0-37c90b19395e}", "EventData.Success": "False", "EventData.LastError": "0x00000000", "EventData.MasterKeyDisposition": "0x00000003"}
{"EventID": "8198", "Channel": "Microsoft-Windows-Crypto-DPAPI/Operational", "Provider_Name": "Microsoft-Windows-Crypto-DPAPI", "Computer": "DESKTOP-OFJ6N53", "TimeCreated": "2025-06-03 04:36:11.589554+00:00", "RecordID": "16565", "Level": "2", "UserID": "S-1-5-18", "EventData.Status": "0x8009000b", "EventData.ReasonForFailure": "6"}
{"EventID": "3", "Channel": "Microsoft-Windows-Crypto-DPAPI/Operational", "Provider_Name": "Microsoft-Windows-Crypto-DPAPI", "Computer": "DESKTOP-OFJ6N53", "TimeCreated": "2025-06-03 11:34:16.084660+00:00", "RecordID": "16566", "Level": "4", "UserID": "S-1-5-18", "EventData.MasterKeyGUID": "{d948afd0-4605-4a10-84a0-37c90b19395e}", "EventData.Success": "False", "EventData.LastError": "0x00000000", "EventData.MasterKeyDisposition": "0x00000003"}
{"EventID": "8198", "Channel": "Microsoft-Windows-Crypto-DPAPI/Operational", "Provider_Name": "Microsoft-Windows-Crypto-DPAPI", "Computer": "DESKTOP-OFJ6N53", "TimeCreated": "2025-06-03 11:34:16.084665+00:00", "RecordID": "16567", "Level": "2", "UserID": "S-1-5-18", "EventData.Status": "0x8009000b", "EventData.ReasonForFailure": "6"}
{"EventID": "3", "Channel": "Microsoft-Windows-Crypto-DPAPI/Operational", "Provider_Name": "Microsoft-Windows-Crypto-DPAPI", "Computer": "DESKTOP-OFJ6N53", "TimeCreated": "2025-06-03 11:34:16.186996+00:00", "RecordID": "16568", "Level": "4", "UserID": "S-1-5-18", "EventData.MasterKeyGUID": "{d948afd0-4605-4a10-84a0-37c90b19395e}", "EventData.Success": "False", "EventData.LastError": "0x00000000", "EventData.MasterKeyDisposition": "0x00000003"}
{"EventID": "8198", "Channel": "Microsoft-Windows-Crypto-DPAPI/Operational", "Provider_Name": "Microsoft-Windows-Crypto-DPAPI", "Computer": "DESKTOP-OFJ6N53", "TimeCreated": "2025-06-03 11:34:16.187000+00:00", "RecordID": "16569", "Level": "2", "UserID": "S-1-5-18", "EventData.Status": "0x8009000b", "EventData.ReasonForFailure": "6"}
{"EventID": "3", "Channel": "Microsoft-Windows-Crypto-DPAPI/Operational", "Provider_Name": "Microsoft-Windows-Crypto-DPAPI", "Computer": "DESKTOP-OFJ6N53", "TimeCreated": "2025-06-03 17:42:27.791237+00:00", "RecordID": "16570", "Level": "4", "UserID": "S-1-5-18", "EventData.MasterKeyGUID": "{d948afd0-4605-4a10-84a0-37c90b19395e}", "EventData.Success": "False", "EventData.LastError": "0x00000000", "EventData.MasterKeyDisposition": "0x00000003"}
{"EventID": "8198", "Channel": "Microsoft-Windows-Crypto-DPAPI/Operational", "Provider_Name": "Microsoft-Windows-Crypto-DPAPI", "Computer": "DESKTOP-OFJ6N53", "TimeCreated": "2025-06-03 17:42:27.791245+00:00", "RecordID": "16571", "Level": "2", "UserID": "S-1-5-18", "EventData.Status": "0x8009000b", "EventData.ReasonForFailure": "6"}
{"EventID": "3", "Channel": "Microsoft-Windows-Crypto-DPAPI/Operational", "Provider_Name": "Microsoft-Windows-Crypto-DPAPI", "Computer": "DESKTOP-OFJ6N53", "TimeCreated": "2025-06-03 17:42:27.910885+00:00", "RecordID": "16572", "Level": "4", "UserID": "S-1-5-18", "EventData.MasterKeyGUID": "{d948afd0-4605-4a10-84a0-37c90b19395e}", "EventData.Success": "False", "EventData.LastError": "0x00000000", "EventData.MasterKeyDisposition": "0x00000003"}
{"EventID": "8198", "Channel": "Microsoft-Windows-Crypto-DPAPI/Operational", "Provider_Name": "Microsoft-Windows-Crypto-DPAPI", "Computer": "DESKTOP-OFJ6N53", "TimeCreated": "2025-06-03 17:42:27.910889+00:00", "RecordID": "16573", "Level": "2", "UserID": "S-1-5-18", "EventData.Status": "0x8009000b", "EventData.ReasonForFailure": "6"}
{"EventID": "3", "Channel": "Microsoft-Windows-Crypto-DPAPI/Operational", "Provider_Name": "Microsoft-Windows-Crypto-DPAPI", "Computer": "DESKTOP-OFJ6N53", "TimeCreated": "2025-06-04 00:19:53.607174+00:00", "RecordID": "16574", "Level": "4", "UserID": "S-1-5-18", "EventData.MasterKeyGUID": "{d948afd0-4605-4a10-84a0-37c90b19395e}", "EventData.Success": "False", "EventData.LastError": "0x00000000", "EventData.MasterKeyDisposition": "0x00000003"}
{"EventID": "8198", "Channel": "Microsoft-Windows-Crypto-DPAPI/Operational", "Provider_Name": "Microsoft-Windows-Crypto-DPAPI", "Computer": "DESKTOP-OFJ6N53", "TimeCreated": "2025-06-04 00:19:53.607178+00:00", "RecordID": "16575", "Level": "2", "UserID": "S-1-5-18", "EventData.Status": "0x8009000b", "EventData.ReasonForFailure": "6"}
{"EventID": "3", "Channel": "Microsoft-Windows-Crypto-DPAPI/Operational", "Provider_Name": "Microsoft-Windows-Crypto-DPAPI", "Computer": "DESKTOP-OFJ6N53", "TimeCreated": "2025-06-04 00:19:53.671291+00:00", "RecordID": "16576", "Level": "4", "UserID": "S-1-5-18", "EventData.MasterKeyGUID": "{d948afd0-4605-4a10-84a0-37c90b19395e}", "EventData.Success": "False", "EventData.LastError": "0x00000000", "EventData.MasterKeyDisposition": "0x00000003"}
{"EventID": "8198", "Channel": "Microsoft-Windows-Crypto-DPAPI/Operational", "Provider_Name": "Microsoft-Windows-Crypto-DPAPI", "Computer": "DESKTOP-OFJ6N53", "TimeCreated": "2025-06-04 00:19:53.671295+00:00", "RecordID": "16577", "Level": "2", "UserID": "S-1-5-18", "EventData.Status": "0x8009000b", "EventData.ReasonForFailure": "6"}
{"EventID": "3", "Channel": "Microsoft-Windows-Crypto-DPAPI/Operational", "Provider_Name": "Microsoft-Windows-Crypto-DPAPI", "Computer": "DESKTOP-OFJ6N53", "TimeCreated": "2025-06-04 06:52:55.743912+00:00", "RecordID": "16578", "Level": "4", "UserID": "S-1-5-18", "EventData.MasterKeyGUID": "{d948afd0-4605-4a10-84a0-37c90b19395e}", "EventData.Success": "False", "EventData.LastError": "0x00000000", "EventData.MasterKeyDisposition": "0x00000003"}
{"EventID": "8198", "Channel": "Microsoft-Windows-Crypto-DPAPI/Operational", "Provider_Name": "Microsoft-Windows-Crypto-DPAPI", "Computer": "DESKTOP-OFJ6N53", "TimeCreated": "2025-06-04 06:52:55.743916+00:00", "RecordID": "16579", "Level": "2", "UserID": "S-1-5-18", "EventData.Status": "0x8009000b", "EventData.ReasonForFailure": "6"}
{"EventID": "3", "Channel": "Microsoft-Windows-Crypto-DPAPI/Operational", "Provider_Name": "Microsoft-Windows-Crypto-DPAPI", "Computer": "DESKTOP-OFJ6N53", "TimeCreated": "2025-06-04 06:52:55.843184+00:00", "RecordID": "16580", "Level": "4", "UserID": "S-1-5-18", "EventData.MasterKeyGUID": "{d948afd0-4605-4a10-84a0-37c90b19395e}", "EventData.Success": "False", "EventData.LastError": "0x00000000", "EventData.MasterKeyDisposition": "0x00000003"}
{"EventID": "8198", "Channel": "Microsoft-Windows-Crypto-DPAPI/Operational", "Provider_Name": "Microsoft-Windows-Crypto-DPAPI", "Computer": "DESKTOP-OFJ6N53", "TimeCreated": "2025-06-04 06:52:55.843187+00:00", "RecordID": "16581", "Level": "2", "UserID": "S-1-5-18", "EventData.Status": "0x8009000b", "EventData.ReasonForFailure": "6"}
{"EventID": "12289", "Channel": "Microsoft-Windows-Crypto-DPAPI/Operational", "Provider_Name": "Microsoft-Windows-Crypto-DPAPI", "Computer": "DESKTOP-OFJ6N53", "TimeCreated": "2025-06-04 10:27:39.914648+00:00", "RecordID": "16582", "Level": "4", "UserID": "S-1-5-18", "EventData.CredKeyIdentifier": "bDlzZcwRSiWEKLg5fSnmYP7NRrbjNtYbKhrW2ONnho0=", "EventData.UserName": "sk.batsiev", "EventData.UserSid": "S-1-5-21-963789628-1060504924-4285088085-1001"}
{"EventID": "12289", "Channel": "Microsoft-Windows-Crypto-DPAPI/Operational", "Provider_Name": "Microsoft-Windows-Crypto-DPAPI", "Computer": "DESKTOP-OFJ6N53", "TimeCreated": "2025-06-04 10:27:39.934084+00:00", "RecordID": "16583", "Level": "4", "UserID": "S-1-5-18", "EventData.CredKeyIdentifier": "bDlzZcwRSiWEKLg5fSnmYP7NRrbjNtYbKhrW2ONnho0=", "EventData.UserName": "sk.batsiev", "EventData.UserSid": "S-1-5-21-963789628-1060504924-4285088085-1001"}
{"EventID": "12289", "Channel": "Microsoft-Windows-Crypto-DPAPI/Operational", "Provider_Name": "Microsoft-Windows-Crypto-DPAPI", "Computer": "DESKTOP-OFJ6N53", "TimeCreated": "2025-06-04 10:27:39.934200+00:00", "RecordID": "16584", "Level": "4", "UserID": "S-1-5-18", "EventData.CredKeyIdentifier": "bDlzZcwRSiWEKLg5fSnmYP7NRrbjNtYbKhrW2ONnho0=", "EventData.UserName": "sk.batsiev", "EventData.UserSid": "S-1-5-21-963789628-1060504924-4285088085-1001"}
{"EventID": "12289", "Channel": "Microsoft-Windows-Crypto-DPAPI/Operational", "Provider_Name": "Microsoft-Windows-Crypto-DPAPI", "Computer": "DESKTOP-OFJ6N53", "TimeCreated": "2025-06-04 10:27:39.934328+00:00", "RecordID": "16585", "Level": "4", "UserID": "S-1-5-18", "EventData.CredKeyIdentifier": "bDlzZcwRSiWEKLg5fSnmYP7NRrbjNtYbKhrW2ONnho0=", "EventData.UserName": "sk.batsiev", "EventData.UserSid": "S-1-5-21-963789628-1060504924-4285088085-1001"}
{"EventID": "12289", "Channel": "Microsoft-Windows-Crypto-DPAPI/Operational", "Provider_Name": "Microsoft-Windows-Crypto-DPAPI", "Computer": "DESKTOP-OFJ6N53", "TimeCreated": "2025-06-04 10:27:39.934433+00:00", "RecordID": "16586", "Level": "4", "UserID": "S-1-5-18", "EventData.CredKeyIdentifier": "bDlzZcwRSiWEKLg5fSnmYP7NRrbjNtYbKhrW2ONnho0=", "EventData.UserName": "sk.batsiev", "EventData.UserSid": "S-1-5-21-963789628-1060504924-4285088085-1001"}
{"EventID": "3", "Channel": "Microsoft-Windows-Crypto-DPAPI/Operational", "Provider_Name": "Microsoft-Windows-Crypto-DPAPI", "Computer": "DESKTOP-OFJ6N53", "TimeCreated": "2025-06-04 13:23:09.014610+00:00", "RecordID": "16587", "Level": "4", "UserID": "S-1-5-18", "EventData.MasterKeyGUID": "{d948afd0-4605-4a10-84a0-37c90b19395e}", "EventData.Success": "False", "EventData.LastError": "0x00000000", "EventData.MasterKeyDisposition": "0x00000003"}
{"EventID": "8198", "Channel": "Microsoft-Windows-Crypto-DPAPI/Operational", "Provider_Name": "Microsoft-Windows-Crypto-DPAPI", "Computer": "DESKTOP-OFJ6N53", "TimeCreated": "2025-06-04 13:23:09.014616+00:00", "RecordID": "16588", "Level": "2", "UserID": "S-1-5-18", "EventData.Status": "0x8009000b", "EventData.ReasonForFailure": "6"}
{"EventID": "3", "Channel": "Microsoft-Windows-Crypto-DPAPI/Operational", "Provider_Name": "Microsoft-Windows-Crypto-DPAPI", "Computer": "DESKTOP-OFJ6N53", "TimeCreated": "2025-06-04 13:23:09.606592+00:00", "RecordID": "16589", "Level": "4", "UserID": "S-1-5-18", "EventData.MasterKeyGUID": "{d948afd0-4605-4a10-84a0-37c90b19395e}", "EventData.Success": "False", "EventData.LastError": "0x00000000", "EventData.MasterKeyDisposition": "0x00000003"}
{"EventID": "8198", "Channel": "Microsoft-Windows-Crypto-DPAPI/Operational", "Provider_Name": "Microsoft-Windows-Crypto-DPAPI", "Computer": "DESKTOP-OFJ6N53", "TimeCreated": "2025-06-04 13:23:09.606596+00:00", "RecordID": "16590", "Level": "2", "UserID": "S-1-5-18", "EventData.Status": "0x8009000b", "EventData.ReasonForFailure": "6"}
{"EventID": "3", "Channel": "Microsoft-Windows-Crypto-DPAPI/Operational", "Provider_Name": "Microsoft-Windows-Crypto-DPAPI", "Computer": "DESKTOP-OFJ6N53", "TimeCreated": "2025-06-04 20:10:36.976849+00:00", "RecordID": "16591", "Level": "4", "UserID": "S-1-5-18", "EventData.MasterKeyGUID": "{d948afd0-4605-4a10-84a0-37c90b19395e}", "EventData.Success": "False", "EventData.LastError": "0x00000000", "EventData.MasterKeyDisposition": "0x00000003"}
{"EventID": "8198", "Channel": "Microsoft-Windows-Crypto-DPAPI/Operational", "Provider_Name": "Microsoft-Windows-Crypto-DPAPI", "Computer": "DESKTOP-OFJ6N53", "TimeCreated": "2025-06-04 20:10:36.976856+00:00", "RecordID": "16592", "Level": "2", "UserID": "S-1-5-18", "EventData.Status": "0x8009000b", "EventData.ReasonForFailure": "6"}
{"EventID": "3", "Channel": "Microsoft-Windows-Crypto-DPAPI/Operational", "Provider_Name": "Microsoft-Windows-Crypto-DPAPI", "Computer": "DESKTOP-OFJ6N53", "TimeCreated": "2025-06-04 20:10:37.086025+00:00", "RecordID": "16593", "Level": "4", "UserID": "S-1-5-18", "EventData.MasterKeyGUID": "{d948afd0-4605-4a10-84a0-37c90b19395e}", "EventData.Success": "False", "EventData.LastError": "0x00000000", "EventData.MasterKeyDisposition": "0x00000003"}
{"EventID": "8198", "Channel": "Microsoft-Windows-Crypto-DPAPI/Operational", "Provider_Name": "Microsoft-Windows-Crypto-DPAPI", "Computer": "DESKTOP-OFJ6N53", "TimeCreated": "2025-06-04 20:10:37.086029+00:00", "RecordID": "16594", "Level": "2", "UserID": "S-1-5-18", "EventData.Status": "0x8009000b", "EventData.ReasonForFailure": "6"}
{"EventID": "3", "Channel": "Microsoft-Windows-Crypto-DPAPI/Operational", "Provider_Name": "Microsoft-Windows-Crypto-DPAPI", "Computer": "DESKTOP-OFJ6N53", "TimeCreated": "2025-06-05 02:43:43.785860+00:00", "RecordID": "16595", "Level": "4", "UserID": "S-1-5-18", "EventData.MasterKeyGUID": "{d948afd0-4605-4a10-84a0-37c90b19395e}", "EventData.Success": "False", "EventData.LastError": "0x00000000", "EventData.MasterKeyDisposition": "0x00000003"}
{"EventID": "8198", "Channel": "Microsoft-Windows-Crypto-DPAPI/Operational", "Provider_Name": "Microsoft-Windows-Crypto-DPAPI", "Computer": "DESKTOP-OFJ6N53", "TimeCreated": "2025-06-05 02:43:43.785866+00:00", "RecordID": "16596", "Level": "2", "UserID": "S-1-5-18", "EventData.Status": "0x8009000b", "EventData.ReasonForFailure": "6"}
{"EventID": "3", "Channel": "Microsoft-Windows-Crypto-DPAPI/Operational", "Provider_Name": "Microsoft-Windows-Crypto-DPAPI", "Computer": "DESKTOP-OFJ6N53", "TimeCreated": "2025-06-05 02:43:43.903275+00:00", "RecordID": "16597", "Level": "4", "UserID": "S-1-5-18", "EventData.MasterKeyGUID": "{d948afd0-4605-4a10-84a0-37c90b19395e}", "EventData.Success": "False", "EventData.LastError": "0x00000000", "EventData.MasterKeyDisposition": "0x00000003"}
{"EventID": "8198", "Channel": "Microsoft-Windows-Crypto-DPAPI/Operational", "Provider_Name": "Microsoft-Windows-Crypto-DPAPI", "Computer": "DESKTOP-OFJ6N53", "TimeCreated": "2025-06-05 02:43:43.903278+00:00", "RecordID": "16598", "Level": "2", "UserID": "S-1-5-18", "EventData.Status": "0x8009000b", "EventData.ReasonForFailure": "6"}
{"EventID": "3", "Channel": "Microsoft-Windows-Crypto-DPAPI/Operational", "Provider_Name": "Microsoft-Windows-Crypto-DPAPI", "Computer": "DESKTOP-OFJ6N53", "TimeCreated": "2025-06-05 08:57:57.450590+00:00", "RecordID": "16599", "Level": "4", "UserID": "S-1-5-18", "EventData.MasterKeyGUID": "{d948afd0-4605-4a10-84a0-37c90b19395e}", "EventData.Success": "False", "EventData.LastError": "0x00000000", "EventData.MasterKeyDisposition": "0x00000003"}
{"EventID": "8198", "Channel": "Microsoft-Windows-Crypto-DPAPI/Operational", "Provider_Name": "Microsoft-Windows-Crypto-DPAPI", "Computer": "DESKTOP-OFJ6N53", "TimeCreated": "2025-06-05 08:57:57.450594+00:00", "RecordID": "16600", "Level": "2", "UserID": "S-1-5-18", "EventData.Status": "0x8009000b", "EventData.ReasonForFailure": "6"}
{"EventID": "3", "Channel": "Microsoft-Windows-Crypto-DPAPI/Operational", "Provider_Name": "Microsoft-Windows-Crypto-DPAPI", "Computer": "DESKTOP-OFJ6N53", "TimeCreated": "2025-06-05 08:57:57.562273+00:00", "RecordID": "16601", "Level": "4", "UserID": "S-1-5-18", "EventData.MasterKeyGUID": "{d948afd0-4605-4a10-84a0-37c90b19395e}", "EventData.Success": "False", "EventData.LastError": "0x00000000", "EventData.MasterKeyDisposition": "0x00000003"}
{"EventID": "8198", "Channel": "Microsoft-Windows-Crypto-DPAPI/Operational", "Provider_Name": "Microsoft-Windows-Crypto-DPAPI", "Computer": "DESKTOP-OFJ6N53", "TimeCreated": "2025-06-05 08:57:57.562279+00:00", "RecordID": "16602", "Level": "2", "UserID": "S-1-5-18", "EventData.Status": "0x8009000b", "EventData.ReasonForFailure": "6"}
{"EventID": "3", "Channel": "Microsoft-Windows-Crypto-DPAPI/Operational", "Provider_Name": "Microsoft-Windows-Crypto-DPAPI", "Computer": "DESKTOP-OFJ6N53", "TimeCreated": "2025-06-05 15:42:25.183975+00:00", "RecordID": "16603", "Level": "4", "UserID": "S-1-5-18", "EventData.MasterKeyGUID": "{d948afd0-4605-4a10-84a0-37c90b19395e}", "EventData.Success": "False", "EventData.LastError": "0x00000000", "EventData.MasterKeyDisposition": "0x00000003"}
{"EventID": "8198", "Channel": "Microsoft-Windows-Crypto-DPAPI/Operational", "Provider_Name": "Microsoft-Windows-Crypto-DPAPI", "Computer": "DESKTOP-OFJ6N53", "TimeCreated": "2025-06-05 15:42:25.183985+00:00", "RecordID": "16604", "Level": "2", "UserID": "S-1-5-18", "EventData.Status": "0x8009000b", "EventData.ReasonForFailure": "6"}
{"EventID": "3", "Channel": "Microsoft-Windows-Crypto-DPAPI/Operational", "Provider_Name": "Microsoft-Windows-Crypto-DPAPI", "Computer": "DESKTOP-OFJ6N53", "TimeCreated": "2025-06-05 15:42:25.249897+00:00", "RecordID": "16605", "Level": "4", "UserID": "S-1-5-18", "EventData.MasterKeyGUID": "{d948afd0-4605-4a10-84a0-37c90b19395e}", "EventData.Success": "False", "EventData.LastError": "0x00000000", "EventData.MasterKeyDisposition": "0x00000003"}
{"EventID": "8198", "Channel": "Microsoft-Windows-Crypto-DPAPI/Operational", "Provider_Name": "Microsoft-Windows-Crypto-DPAPI", "Computer": "DESKTOP-OFJ6N53", "TimeCreated": "2025-06-05 15:42:25.249903+00:00", "RecordID": "16606", "Level": "2", "UserID": "S-1-5-18", "EventData.Status": "0x8009000b", "EventData.ReasonForFailure": "6"}
{"EventID": "3", "Channel": "Microsoft-Windows-Crypto-DPAPI/Operational", "Provider_Name": "Microsoft-Windows-Crypto-DPAPI", "Computer": "DESKTOP-OFJ6N53", "TimeCreated": "2025-06-05 22:22:33.334877+00:00", "RecordID": "16607", "Level": "4", "UserID": "S-1-5-18", "EventData.MasterKeyGUID": "{d948afd0-4605-4a10-84a0-37c90b19395e}", "EventData.Success": "False", "EventData.LastError": "0x00000000", "EventData.MasterKeyDisposition": "0x00000003"}
{"EventID": "8198", "Channel": "Microsoft-Windows-Crypto-DPAPI/Operational", "Provider_Name": "Microsoft-Windows-Crypto-DPAPI", "Computer": "DESKTOP-OFJ6N53", "TimeCreated": "2025-06-05 22:22:33.334883+00:00", "RecordID": "16608", "Level": "2", "UserID": "S-1-5-18", "EventData.Status": "0x8009000b", "EventData.ReasonForFailure": "6"}
{"EventID": "3", "Channel": "Microsoft-Windows-Crypto-DPAPI/Operational", "Provider_Name": "Microsoft-Windows-Crypto-DPAPI", "Computer": "DESKTOP-OFJ6N53", "TimeCreated": "2025-06-05 22:22:33.444626+00:00", "RecordID": "16609", "Level": "4", "UserID": "S-1-5-18", "EventData.MasterKeyGUID": "{d948afd0-4605-4a10-84a0-37c90b19395e}", "EventData.Success": "False", "EventData.LastError": "0x00000000", "EventData.MasterKeyDisposition": "0x00000003"}
{"EventID": "8198", "Channel": "Microsoft-Windows-Crypto-DPAPI/Operational", "Provider_Name": "Microsoft-Windows-Crypto-DPAPI", "Computer": "DESKTOP-OFJ6N53", "TimeCreated": "2025-06-05 22:22:33.444628+00:00", "RecordID": "16610", "Level": "2", "UserID": "S-1-5-18", "EventData.Status": "0x8009000b", "EventData.ReasonForFailure": "6"}
{"EventID": "3", "Channel": "Microsoft-Windows-Crypto-DPAPI/Operational", "Provider_Name": "Microsoft-Windows-Crypto-DPAPI", "Computer": "DESKTOP-OFJ6N53", "TimeCreated": "2025-06-06 05:07:55.139381+00:00", "RecordID": "16611", "Level": "4", "UserID": "S-1-5-18", "EventData.MasterKeyGUID": "{d948afd0-4605-4a10-84a0-37c90b19395e}", "EventData.Success": "False", "EventData.LastError": "0x00000000", "EventData.MasterKeyDisposition": "0x00000003"}
{"EventID": "8198", "Channel": "Microsoft-Windows-Crypto-DPAPI/Operational", "Provider_Name": "Microsoft-Windows-Crypto-DPAPI", "Computer": "DESKTOP-OFJ6N53", "TimeCreated": "2025-06-06 05:07:55.139397+00:00", "RecordID": "16612", "Level": "2", "UserID": "S-1-5-18", "EventData.Status": "0x8009000b", "EventData.ReasonForFailure": "6"}
{"EventID": "3", "Channel": "Microsoft-Windows-Crypto-DPAPI/Operational", "Provider_Name": "Microsoft-Windows-Crypto-DPAPI", "Computer": "DESKTOP-OFJ6N53", "TimeCreated": "2025-06-06 05:07:55.246853+00:00", "RecordID": "16613", "Level": "4", "UserID": "S-1-5-18", "EventData.MasterKeyGUID": "{d948afd0-4605-4a10-84a0-37c90b19395e}", "EventData.Success": "False", "EventData.LastError": "0x00000000", "EventData.MasterKeyDisposition": "0x00000003"}
{"EventID": "8198", "Channel": "Microsoft-Windows-Crypto-DPAPI/Operational", "Provider_Name": "Microsoft-Windows-Crypto-DPAPI", "Computer": "DESKTOP-OFJ6N53", "TimeCreated": "2025-06-06 05:07:55.246855+00:00", "RecordID": "16614", "Level": "2", "UserID": "S-1-5-18", "EventData.Status": "0x8009000b", "EventData.ReasonForFailure": "6"}
{"EventID": "3", "Channel": "Microsoft-Windows-Crypto-DPAPI/Operational", "Provider_Name": "Microsoft-Windows-Crypto-DPAPI", "Computer": "DESKTOP-OFJ6N53", "TimeCreated": "2025-06-06 11:55:58.880642+00:00", "RecordID": "16615", "Level": "4", "UserID": "S-1-5-18", "EventData.MasterKeyGUID": "{d948afd0-4605-4a10-84a0-37c90b19395e}", "EventData.Success": "False", "EventData.LastError": "0x00000000", "EventData.MasterKeyDisposition": "0x00000003"}
{"EventID": "8198", "Channel": "Microsoft-Windows-Crypto-DPAPI/Operational", "Provider_Name": "Microsoft-Windows-Crypto-DPAPI", "Computer": "DESKTOP-OFJ6N53", "TimeCreated": "2025-06-06 11:55:58.880646+00:00", "RecordID": "16616", "Level": "2", "UserID": "S-1-5-18", "EventData.Status": "0x8009000b", "EventData.ReasonForFailure": "6"}
{"EventID": "3", "Channel": "Microsoft-Windows-Crypto-DPAPI/Operational", "Provider_Name": "Microsoft-Windows-Crypto-DPAPI", "Computer": "DESKTOP-OFJ6N53", "TimeCreated": "2025-06-06 11:55:58.993940+00:00", "RecordID": "16617", "Level": "4", "UserID": "S-1-5-18", "EventData.MasterKeyGUID": "{d948afd0-4605-4a10-84a0-37c90b19395e}", "EventData.Success": "False", "EventData.LastError": "0x00000000", "EventData.MasterKeyDisposition": "0x00000003"}
{"EventID": "8198", "Channel": "Microsoft-Windows-Crypto-DPAPI/Operational", "Provider_Name": "Microsoft-Windows-Crypto-DPAPI", "Computer": "DESKTOP-OFJ6N53", "TimeCreated": "2025-06-06 11:55:58.993944+00:00", "RecordID": "16618", "Level": "2", "UserID": "S-1-5-18", "EventData.Status": "0x8009000b", "EventData.ReasonForFailure": "6"}
{"EventID": "12289", "Channel": "Microsoft-Windows-Crypto-DPAPI/Operational", "Provider_Name": "Microsoft-Windows-Crypto-DPAPI", "Computer": "DESKTOP-OFJ6N53", "TimeCreated": "2025-06-06 15:54:59.916544+00:00", "RecordID": "16619", "Level": "4", "UserID": "S-1-5-18", "EventData.CredKeyIdentifier": "bDlzZcwRSiWEKLg5fSnmYP7NRrbjNtYbKhrW2ONnho0=", "EventData.UserName": "sk.batsiev", "EventData.UserSid": "S-1-5-21-963789628-1060504924-4285088085-1001"}
{"EventID": "12289", "Channel": "Microsoft-Windows-Crypto-DPAPI/Operational", "Provider_Name": "Microsoft-Windows-Crypto-DPAPI", "Computer": "DESKTOP-OFJ6N53", "TimeCreated": "2025-06-06 15:54:59.941021+00:00", "RecordID": "16620", "Level": "4", "UserID": "S-1-5-18", "EventData.CredKeyIdentifier": "bDlzZcwRSiWEKLg5fSnmYP7NRrbjNtYbKhrW2ONnho0=", "EventData.UserName": "sk.batsiev", "EventData.UserSid": "S-1-5-21-963789628-1060504924-4285088085-1001"}
{"EventID": "12289", "Channel": "Microsoft-Windows-Crypto-DPAPI/Operational", "Provider_Name": "Microsoft-Windows-Crypto-DPAPI", "Computer": "DESKTOP-OFJ6N53", "TimeCreated": "2025-06-06 15:54:59.941133+00:00", "RecordID": "16621", "Level": "4", "UserID": "S-1-5-18", "EventData.CredKeyIdentifier": "bDlzZcwRSiWEKLg5fSnmYP7NRrbjNtYbKhrW2ONnho0=", "EventData.UserName": "sk.batsiev", "EventData.UserSid": "S-1-5-21-963789628-1060504924-4285088085-1001"}
{"EventID": "12289", "Channel": "Microsoft-Windows-Crypto-DPAPI/Operational", "Provider_Name": "Microsoft-Windows-Crypto-DPAPI", "Computer": "DESKTOP-OFJ6N53", "TimeCreated": "2025-06-06 15:54:59.941257+00:00", "RecordID": "16622", "Level": "4", "UserID": "S-1-5-18", "EventData.CredKeyIdentifier": "bDlzZcwRSiWEKLg5fSnmYP7NRrbjNtYbKhrW2ONnho0=", "EventData.UserName": "sk.batsiev", "EventData.UserSid": "S-1-5-21-963789628-1060504924-4285088085-1001"}
{"EventID": "12289", "Channel": "Microsoft-Windows-Crypto-DPAPI/Operational", "Provider_Name": "Microsoft-Windows-Crypto-DPAPI", "Computer": "DESKTOP-OFJ6N53", "TimeCreated": "2025-06-06 15:54:59.941359+00:00", "RecordID": "16623", "Level": "4", "UserID": "S-1-5-18", "EventData.CredKeyIdentifier": "bDlzZcwRSiWEKLg5fSnmYP7NRrbjNtYbKhrW2ONnho0=", "EventData.UserName": "sk.batsiev", "EventData.UserSid": "S-1-5-21-963789628-1060504924-4285088085-1001"}
{"EventID": "3", "Channel": "Microsoft-Windows-Crypto-DPAPI/Operational", "Provider_Name": "Microsoft-Windows-Crypto-DPAPI", "Computer": "DESKTOP-OFJ6N53", "TimeCreated": "2025-06-06 18:57:18.902327+00:00", "RecordID": "16624", "Level": "4", "UserID": "S-1-5-18", "EventData.MasterKeyGUID": "{d948afd0-4605-4a10-84a0-37c90b19395e}", "EventData.Success": "False", "EventData.LastError": "0x00000000", "EventData.MasterKeyDisposition": "0x00000003"}
{"EventID": "8198", "Channel": "Microsoft-Windows-Crypto-DPAPI/Operational", "Provider_Name": "Microsoft-Windows-Crypto-DPAPI", "Computer": "DESKTOP-OFJ6N53", "TimeCreated": "2025-06-06 18:57:18.902328+00:00", "RecordID": "16625", "Level": "2", "UserID": "S-1-5-18", "EventData.Status": "0x8009000b", "EventData.ReasonForFailure": "6"}
{"EventID": "3", "Channel": "Microsoft-Windows-Crypto-DPAPI/Operational", "Provider_Name": "Microsoft-Windows-Crypto-DPAPI", "Computer": "DESKTOP-OFJ6N53", "TimeCreated": "2025-06-06 18:57:19.015888+00:00", "RecordID": "16626", "Level": "4", "UserID": "S-1-5-18", "EventData.MasterKeyGUID": "{d948afd0-4605-4a10-84a0-37c90b19395e}", "EventData.Success": "False", "EventData.LastError": "0x00000000", "EventData.MasterKeyDisposition": "0x00000003"}
{"EventID": "8198", "Channel": "Microsoft-Windows-Crypto-DPAPI/Operational", "Provider_Name": "Microsoft-Windows-Crypto-DPAPI", "Computer": "DESKTOP-OFJ6N53", "TimeCreated": "2025-06-06 18:57:19.015892+00:00", "RecordID": "16627", "Level": "2", "UserID": "S-1-5-18", "EventData.Status": "0x8009000b", "EventData.ReasonForFailure": "6"}
{"EventID": "3", "Channel": "Microsoft-Windows-Crypto-DPAPI/Operational", "Provider_Name": "Microsoft-Windows-Crypto-DPAPI", "Computer": "DESKTOP-OFJ6N53", "TimeCreated": "2025-06-07 01:42:20.903332+00:00", "RecordID": "16628", "Level": "4", "UserID": "S-1-5-18", "EventData.MasterKeyGUID": "{d948afd0-4605-4a10-84a0-37c90b19395e}", "EventData.Success": "False", "EventData.LastError": "0x00000000", "EventData.MasterKeyDisposition": "0x00000003"}
{"EventID": "8198", "Channel": "Microsoft-Windows-Crypto-DPAPI/Operational", "Provider_Name": "Microsoft-Windows-Crypto-DPAPI", "Computer": "DESKTOP-OFJ6N53", "TimeCreated": "2025-06-07 01:42:20.903343+00:00", "RecordID": "16629", "Level": "2", "UserID": "S-1-5-18", "EventData.Status": "0x8009000b", "EventData.ReasonForFailure": "6"}
{"EventID": "3", "Channel": "Microsoft-Windows-Crypto-DPAPI/Operational", "Provider_Name": "Microsoft-Windows-Crypto-DPAPI", "Computer": "DESKTOP-OFJ6N53", "TimeCreated": "2025-06-07 01:42:21.010832+00:00", "RecordID": "16630", "Level": "4", "UserID": "S-1-5-18", "EventData.MasterKeyGUID": "{d948afd0-4605-4a10-84a0-37c90b19395e}", "EventData.Success": "False", "EventData.LastError": "0x00000000", "EventData.MasterKeyDisposition": "0x00000003"}
{"EventID": "8198", "Channel": "Microsoft-Windows-Crypto-DPAPI/Operational", "Provider_Name": "Microsoft-Windows-Crypto-DPAPI", "Computer": "DESKTOP-OFJ6N53", "TimeCreated": "2025-06-07 01:42:21.010838+00:00", "RecordID": "16631", "Level": "2", "UserID": "S-1-5-18", "EventData.Status": "0x8009000b", "EventData.ReasonForFailure": "6"}
{"EventID": "3", "Channel": "Microsoft-Windows-Crypto-DPAPI/Operational", "Provider_Name": "Microsoft-Windows-Crypto-DPAPI", "Computer": "DESKTOP-OFJ6N53", "TimeCreated": "2025-06-07 08:45:39.250998+00:00", "RecordID": "16632", "Level": "4", "UserID": "S-1-5-18", "EventData.MasterKeyGUID": "{d948afd0-4605-4a10-84a0-37c90b19395e}", "EventData.Success": "False", "EventData.LastError": "0x00000000", "EventData.MasterKeyDisposition": "0x00000003"}
{"EventID": "8198", "Channel": "Microsoft-Windows-Crypto-DPAPI/Operational", "Provider_Name": "Microsoft-Windows-Crypto-DPAPI", "Computer": "DESKTOP-OFJ6N53", "TimeCreated": "2025-06-07 08:45:39.251003+00:00", "RecordID": "16633", "Level": "2", "UserID": "S-1-5-18", "EventData.Status": "0x8009000b", "EventData.ReasonForFailure": "6"}
{"EventID": "3", "Channel": "Microsoft-Windows-Crypto-DPAPI/Operational", "Provider_Name": "Microsoft-Windows-Crypto-DPAPI", "Computer": "DESKTOP-OFJ6N53", "TimeCreated": "2025-06-07 08:45:39.369123+00:00", "RecordID": "16634", "Level": "4", "UserID": "S-1-5-18", "EventData.MasterKeyGUID": "{d948afd0-4605-4a10-84a0-37c90b19395e}", "EventData.Success": "False", "EventData.LastError": "0x00000000", "EventData.MasterKeyDisposition": "0x00000003"}
