{"EventID": "9707", "Channel": "Microsoft-Windows-Shell-Core/Operational", "Provider_Name": "Microsoft-Windows-Shell-Core", "Computer": "DESKTOP-OFJ6N53", "TimeCreated": "2025-08-19 07:45:25.228300+00:00", "RecordID": "35019", "Level": "4", "UserID": "S-1-5-21-963789628-1060504924-4285088085-1001", "EventData.Command": "vpnui.exe\" -minimized"}
{"EventID": "9708", "Channel": "Microsoft-Windows-Shell-Core/Operational", "Provider_Name": "Microsoft-Windows-Shell-Core", "Computer": "DESKTOP-OFJ6N53", "TimeCreated": "2025-08-19 07:45:30.492813+00:00", "RecordID": "35020", "Level": "4", "UserID": "S-1-5-21-963789628-1060504924-4285088085-1001", "EventData.PID": "13112", "EventData.Command": "vpnui.exe\" -minimized"}
{"EventID": "9707", "Channel": "Microsoft-Windows-Shell-Core/Operational", "Provider_Name": "Microsoft-Windows-Shell-Core", "Computer": "DESKTOP-OFJ6N53", "TimeCreated": "2025-08-19 07:45:30.493053+00:00", "RecordID": "35021", "Level": "4", "UserID": "S-1-5-21-963789628-1060504924-4285088085-1001", "EventData.Command": "STerraCSPTray.exe\""}
{"EventID": "9708", "Channel": "Microsoft-Windows-Shell-Core/Operational", "Provider_Name": "Microsoft-Windows-Shell-Core", "Computer": "DESKTOP-OFJ6N53", "TimeCreated": "2025-08-19 07:45:31.414667+00:00", "RecordID": "35022", "Level": "4", "UserID": "S-1-5-21-963789628-1060504924-4285088085-1001", "EventData.PID": "9588", "EventData.Command": "STerraCSPTray.exe\""}
{"EventID": "9707", "Channel": "Microsoft-Windows-Shell-Core/Operational", "Provider_Name": "Microsoft-Windows-Shell-Core", "Computer": "DESKTOP-OFJ6N53", "TimeCreated": "2025-08-19 07:45:31.414825+00:00", "RecordID": "35023", "Level": "4", "UserID": "S-1-5-21-963789628-1060504924-4285088085-1001", "EventData.Command": "cptrayUI.exe\""}
{"EventID": "9708", "Channel": "Microsoft-Windows-Shell-Core/Operational", "Provider_Name": "Microsoft-Windows-Shell-Core", "Computer": "DESKTOP-OFJ6N53", "TimeCreated": "2025-08-19 07:45:32.157101+00:00", "RecordID": "35024", "Level": "4", "UserID": "S-1-5-21-963789628-1060504924-4285088085-1001", "EventData.PID": "11648", "EventData.Command": "cptrayUI.exe\""}
{"EventID": "9707", "Channel": "Microsoft-Windows-Shell-Core/Operational", "Provider_Name": "Microsoft-Windows-Shell-Core", "Computer": "DESKTOP-OFJ6N53", "TimeCreated": "2025-08-19 07:45:32.157326+00:00", "RecordID": "35025", "Level": "4", "UserID": "S-1-5-21-963789628-1060504924-4285088085-1001", "EventData.Command": "cptrayWUI.exe\" 2"}
{"EventID": "9708", "Channel": "Microsoft-Windows-Shell-Core/Operational", "Provider_Name": "Microsoft-Windows-Shell-Core", "Computer": "DESKTOP-OFJ6N53", "TimeCreated": "2025-08-19 07:45:32.277115+00:00", "RecordID": "35026", "Level": "4", "UserID": "S-1-5-21-963789628-1060504924-4285088085-1001", "EventData.PID": "11708", "EventData.Command": "cptrayWUI.exe\" 2"}
{"EventID": "9707", "Channel": "Microsoft-Windows-Shell-Core/Operational", "Provider_Name": "Microsoft-Windows-Shell-Core", "Computer": "DESKTOP-OFJ6N53", "TimeCreated": "2025-08-19 07:45:32.277334+00:00", "RecordID": "35027", "Level": "4", "UserID": "S-1-5-21-963789628-1060504924-4285088085-1001", "EventData.Command": "TrGUI.exe\""}
{"EventID": "9708", "Channel": "Microsoft-Windows-Shell-Core/Operational", "Provider_Name": "Microsoft-Windows-Shell-Core", "Computer": "DESKTOP-OFJ6N53", "TimeCreated": "2025-08-19 07:45:32.466700+00:00", "RecordID": "35028", "Level": "4", "UserID": "S-1-5-21-963789628-1060504924-4285088085-1001", "EventData.PID": "10364", "EventData.Command": "TrGUI.exe\""}
{"EventID": "9707", "Channel": "Microsoft-Windows-Shell-Core/Operational", "Provider_Name": "Microsoft-Windows-Shell-Core", "Computer": "DESKTOP-OFJ6N53", "TimeCreated": "2025-08-19 07:45:32.467649+00:00", "RecordID": "35029", "Level": "4", "UserID": "S-1-5-21-963789628-1060504924-4285088085-1001", "EventData.Command": "jusched.exe\""}
{"EventID": "9708", "Channel": "Microsoft-Windows-Shell-Core/Operational", "Provider_Name": "Microsoft-Windows-Shell-Core", "Computer": "DESKTOP-OFJ6N53", "TimeCreated": "2025-08-19 07:45:32.952604+00:00", "RecordID": "35030", "Level": "4", "UserID": "S-1-5-21-963789628-1060504924-4285088085-1001", "EventData.PID": "2752", "EventData.Command": "jusched.exe\""}
{"EventID": "9706", "Channel": "Microsoft-Windows-Shell-Core/Operational", "Provider_Name": "Microsoft-Windows-Shell-Core", "Computer": "DESKTOP-OFJ6N53", "TimeCreated": "2025-08-19 07:45:32.952625+00:00", "RecordID": "35031", "Level": "4", "UserID": "S-1-5-21-963789628-1060504924-4285088085-1001", "EventData.KeyName": "Software\\Microsoft\\Windows\\CurrentVersion\\Run"}
{"EventID": "28017", "Channel": "Microsoft-Windows-Shell-Core/Operational", "Provider_Name": "Microsoft-Windows-Shell-Core", "Computer": "DESKTOP-OFJ6N53", "TimeCreated": "2025-08-19 21:28:42.997629+00:00", "RecordID": "35032", "Level": "4", "UserID": "S-1-5-21-963789628-1060504924-4285088085-1001"}
{"EventID": "28032", "Channel": "Microsoft-Windows-Shell-Core/Operational", "Provider_Name": "Microsoft-Windows-Shell-Core", "Computer": "DESKTOP-OFJ6N53", "TimeCreated": "2025-08-19 21:28:43.059954+00:00", "RecordID": "35033", "Level": "4", "UserID": "S-1-5-21-963789628-1060504924-4285088085-1001", "EventData.Filename": "C:\\Program Files\\Google\\Chrome\\Application\\chrome.VisualElementsManifest.xml", "EventData.SchemaType": "2", "EventData.ErrorCode": "0", "EventData.Failure reason": "NULL"}
{"EventID": "28117", "Channel": "Microsoft-Windows-Shell-Core/Operational", "Provider_Name": "Microsoft-Windows-Shell-Core", "Computer": "DESKTOP-OFJ6N53", "TimeCreated": "2025-08-19 21:28:43.068668+00:00", "RecordID": "35034", "Level": "4", "UserID": "S-1-5-21-963789628-1060504924-4285088085-1001", "EventData.Name": "Google Chrome", "EventData.AppID": "Chrome", "EventData.Flags": "49"}
{"EventID": "28032", "Channel": "Microsoft-Windows-Shell-Core/Operational", "Provider_Name": "Microsoft-Windows-Shell-Core", "Computer": "DESKTOP-OFJ6N53", "TimeCreated": "2025-08-19 21:28:43.099377+00:00", "RecordID": "35035", "Level": "4", "UserID": "S-1-5-21-963789628-1060504924-4285088085-1001", "EventData.Filename": "C:\\Program Files\\Google\\Chrome\\Application\\chrome.VisualElementsManifest.xml", "EventData.SchemaType": "2", "EventData.ErrorCode": "0", "EventData.Failure reason": "NULL"}
{"EventID": "28117", "Channel": "Microsoft-Windows-Shell-Core/Operational", "Provider_Name": "Microsoft-Windows-Shell-Core", "Computer": "DESKTOP-OFJ6N53", "TimeCreated": "2025-08-19 21:28:43.100962+00:00", "RecordID": "35036", "Level": "4", "UserID": "S-1-5-21-963789628-1060504924-4285088085-1001", "EventData.Name": "Google Chrome", "EventData.AppID": "Chrome", "EventData.Flags": "17"}
{"EventID": "28018", "Channel": "Microsoft-Windows-Shell-Core/Operational", "Provider_Name": "Microsoft-Windows-Shell-Core", "Computer": "DESKTOP-OFJ6N53", "TimeCreated": "2025-08-19 21:28:43.102844+00:00", "RecordID": "35037", "Level": "4", "UserID": "S-1-5-21-963789628-1060504924-4285088085-1001"}
{"EventID": "28019", "Channel": "Microsoft-Windows-Shell-Core/Operational", "Provider_Name": "Microsoft-Windows-Shell-Core", "Computer": "DESKTOP-OFJ6N53", "TimeCreated": "2025-08-19 21:28:43.108692+00:00", "RecordID": "35038", "Level": "4", "UserID": "S-1-5-21-963789628-1060504924-4285088085-1001"}
{"EventID": "28017", "Channel": "Microsoft-Windows-Shell-Core/Operational", "Provider_Name": "Microsoft-Windows-Shell-Core", "Computer": "DESKTOP-OFJ6N53", "TimeCreated": "2025-08-22 09:46:57.591137+00:00", "RecordID": "35039", "Level": "4", "UserID": "S-1-5-21-963789628-1060504924-4285088085-1001"}
{"EventID": "28115", "Channel": "Microsoft-Windows-Shell-Core/Operational", "Provider_Name": "Microsoft-Windows-Shell-Core", "Computer": "DESKTOP-OFJ6N53", "TimeCreated": "2025-08-22 09:46:57.657738+00:00", "RecordID": "35040", "Level": "4", "UserID": "S-1-5-21-963789628-1060504924-4285088085-1001", "EventData.Name": "WinRAR", "EventData.AppID": "{6D809377-6AF0-444B-8957-A3773F02200E}\\WinRAR\\WinRAR.exe", "EventData.Flags": "32816"}
{"EventID": "28115", "Channel": "Microsoft-Windows-Shell-Core/Operational", "Provider_Name": "Microsoft-Windows-Shell-Core", "Computer": "DESKTOP-OFJ6N53", "TimeCreated": "2025-08-22 09:46:57.685532+00:00", "RecordID": "35041", "Level": "4", "UserID": "S-1-5-21-963789628-1060504924-4285088085-1001", "EventData.Name": "   ", "EventData.AppID": "{6D809377-6AF0-444B-8957-A3773F02200E}\\WinRAR\\WhatsNew.txt", "EventData.Flags": "544"}
{"EventID": "28115", "Channel": "Microsoft-Windows-Shell-Core/Operational", "Provider_Name": "Microsoft-Windows-Shell-Core", "Computer": "DESKTOP-OFJ6N53", "TimeCreated": "2025-08-22 09:46:57.707617+00:00", "RecordID": "35042", "Level": "4", "UserID": "S-1-5-21-963789628-1060504924-4285088085-1001", "EventData.Name": "    RAR", "EventData.AppID": "{6D809377-6AF0-444B-8957-A3773F02200E}\\WinRAR\\Rar.txt", "EventData.Flags": "544"}
{"EventID": "28115", "Channel": "Microsoft-Windows-Shell-Core/Operational", "Provider_Name": "Microsoft-Windows-Shell-Core", "Computer": "DESKTOP-OFJ6N53", "TimeCreated": "2025-08-22 09:46:57.731815+00:00", "RecordID": "35043", "Level": "4", "UserID": "S-1-5-21-963789628-1060504924-4285088085-1001", "EventData.Name": " WinRAR", "EventData.AppID": "{6D809377-6AF0-444B-8957-A3773F02200E}\\WinRAR\\WinRAR.chm", "EventData.Flags": "544"}
{"EventID": "28115", "Channel": "Microsoft-Windows-Shell-Core/Operational", "Provider_Name": "Microsoft-Windows-Shell-Core", "Computer": "DESKTOP-OFJ6N53", "TimeCreated": "2025-08-22 09:46:58.070372+00:00", "RecordID": "35044", "Level": "4", "UserID": "S-1-5-21-963789628-1060504924-4285088085-1001", "EventData.Name": "WinRAR", "EventData.AppID": "{6D809377-6AF0-444B-8957-A3773F02200E}\\WinRAR\\WinRAR.exe", "EventData.Flags": "32816"}
{"EventID": "28115", "Channel": "Microsoft-Windows-Shell-Core/Operational", "Provider_Name": "Microsoft-Windows-Shell-Core", "Computer": "DESKTOP-OFJ6N53", "TimeCreated": "2025-08-22 09:46:58.096384+00:00", "RecordID": "35045", "Level": "4", "UserID": "S-1-5-21-963789628-1060504924-4285088085-1001", "EventData.Name": "   ", "EventData.AppID": "{6D809377-6AF0-444B-8957-A3773F02200E}\\WinRAR\\WhatsNew.txt", "EventData.Flags": "544"}
{"EventID": "28115", "Channel": "Microsoft-Windows-Shell-Core/Operational", "Provider_Name": "Microsoft-Windows-Shell-Core", "Computer": "DESKTOP-OFJ6N53", "TimeCreated": "2025-08-22 09:46:58.121216+00:00", "RecordID": "35046", "Level": "4", "UserID": "S-1-5-21-963789628-1060504924-4285088085-1001", "EventData.Name": "    RAR", "EventData.AppID": "{6D809377-6AF0-444B-8957-A3773F02200E}\\WinRAR\\Rar.txt", "EventData.Flags": "544"}
{"EventID": "28115", "Channel": "Microsoft-Windows-Shell-Core/Operational", "Provider_Name": "Microsoft-Windows-Shell-Core", "Computer": "DESKTOP-OFJ6N53", "TimeCreated": "2025-08-22 09:46:58.145750+00:00", "RecordID": "35047", "Level": "4", "UserID": "S-1-5-21-963789628-1060504924-4285088085-1001", "EventData.Name": " WinRAR", "EventData.AppID": "{6D809377-6AF0-444B-8957-A3773F02200E}\\WinRAR\\WinRAR.chm", "EventData.Flags": "544"}
{"EventID": "28018", "Channel": "Microsoft-Windows-Shell-Core/Operational", "Provider_Name": "Microsoft-Windows-Shell-Core", "Computer": "DESKTOP-OFJ6N53", "TimeCreated": "2025-08-22 09:46:58.161123+00:00", "RecordID": "35048", "Level": "4", "UserID": "S-1-5-21-963789628-1060504924-4285088085-1001"}
{"EventID": "28019", "Channel": "Microsoft-Windows-Shell-Core/Operational", "Provider_Name": "Microsoft-Windows-Shell-Core", "Computer": "DESKTOP-OFJ6N53", "TimeCreated": "2025-08-22 09:46:58.173363+00:00", "RecordID": "35049", "Level": "4", "UserID": "S-1-5-21-963789628-1060504924-4285088085-1001"}
{"EventID": "62170", "Channel": "Microsoft-Windows-Shell-Core/Operational", "Provider_Name": "Microsoft-Windows-Shell-Core", "Computer": "DESKTOP-OFJ6N53", "TimeCreated": "2025-08-22 12:59:16.751551+00:00", "RecordID": "35050", "Level": "4", "UserID": "S-1-5-21-963789628-1060504924-4285088085-1001", "EventData.LogonType": "0", "EventData.TaskName": "AllLogonTasks"}
{"EventID": "62170", "Channel": "Microsoft-Windows-Shell-Core/Operational", "Provider_Name": "Microsoft-Windows-Shell-Core", "Computer": "DESKTOP-OFJ6N53", "TimeCreated": "2025-08-22 12:59:16.752466+00:00", "RecordID": "35051", "Level": "4", "UserID": "S-1-5-21-963789628-1060504924-4285088085-1001", "EventData.LogonType": "0", "EventData.TaskName": "PreRoamingTasks"}
{"EventID": "62170", "Channel": "Microsoft-Windows-Shell-Core/Operational", "Provider_Name": "Microsoft-Windows-Shell-Core", "Computer": "DESKTOP-OFJ6N53", "TimeCreated": "2025-08-22 12:59:16.752878+00:00", "RecordID": "35052", "Level": "4", "UserID": "S-1-5-21-963789628-1060504924-4285088085-1001", "EventData.LogonType": "0", "EventData.TaskName": "UndockedShellUpdate"}
{"EventID": "62171", "Channel": "Microsoft-Windows-Shell-Core/Operational", "Provider_Name": "Microsoft-Windows-Shell-Core", "Computer": "DESKTOP-OFJ6N53", "TimeCreated": "2025-08-22 12:59:16.752930+00:00", "RecordID": "35053", "Level": "4", "UserID": "S-1-5-21-963789628-1060504924-4285088085-1001", "EventData.LogonType": "0", "EventData.TaskName": "UndockedShellUpdate"}
{"EventID": "62170", "Channel": "Microsoft-Windows-Shell-Core/Operational", "Provider_Name": "Microsoft-Windows-Shell-Core", "Computer": "DESKTOP-OFJ6N53", "TimeCreated": "2025-08-22 12:59:16.752974+00:00", "RecordID": "35054", "Level": "4", "UserID": "S-1-5-21-963789628-1060504924-4285088085-1001", "EventData.LogonType": "0", "EventData.TaskName": "ShellPrep"}
{"EventID": "62171", "Channel": "Microsoft-Windows-Shell-Core/Operational", "Provider_Name": "Microsoft-Windows-Shell-Core", "Computer": "DESKTOP-OFJ6N53", "TimeCreated": "2025-08-22 12:59:16.753233+00:00", "RecordID": "35055", "Level": "4", "UserID": "S-1-5-21-963789628-1060504924-4285088085-1001", "EventData.LogonType": "0", "EventData.TaskName": "ShellPrep"}
{"EventID": "62170", "Channel": "Microsoft-Windows-Shell-Core/Operational", "Provider_Name": "Microsoft-Windows-Shell-Core", "Computer": "DESKTOP-OFJ6N53", "TimeCreated": "2025-08-22 12:59:16.753294+00:00", "RecordID": "35056", "Level": "4", "UserID": "S-1-5-21-963789628-1060504924-4285088085-1001", "EventData.LogonType": "0", "EventData.TaskName": "AppReadinessPreRoamingGroup"}
{"EventID": "62170", "Channel": "Microsoft-Windows-Shell-Core/Operational", "Provider_Name": "Microsoft-Windows-Shell-Core", "Computer": "DESKTOP-OFJ6N53", "TimeCreated": "2025-08-22 12:59:16.753319+00:00", "RecordID": "35057", "Level": "4", "UserID": "S-1-5-21-963789628-1060504924-4285088085-1001", "EventData.LogonType": "0", "EventData.TaskName": "DefaultAssociations"}
{"EventID": "62170", "Channel": "Microsoft-Windows-Shell-Core/Operational", "Provider_Name": "Microsoft-Windows-Shell-Core", "Computer": "DESKTOP-OFJ6N53", "TimeCreated": "2025-08-22 12:59:16.753330+00:00", "RecordID": "35058", "Level": "4", "UserID": "S-1-5-21-963789628-1060504924-4285088085-1001", "EventData.LogonType": "0", "EventData.TaskName": "AppReadinessPreShellGroup"}
{"EventID": "62170", "Channel": "Microsoft-Windows-Shell-Core/Operational", "Provider_Name": "Microsoft-Windows-Shell-Core", "Computer": "DESKTOP-OFJ6N53", "TimeCreated": "2025-08-22 12:59:16.753447+00:00", "RecordID": "35059", "Level": "4", "UserID": "S-1-5-21-963789628-1060504924-4285088085-1001", "EventData.LogonType": "0", "EventData.TaskName": "AppResolver"}
{"EventID": "62170", "Channel": "Microsoft-Windows-Shell-Core/Operational", "Provider_Name": "Microsoft-Windows-Shell-Core", "Computer": "DESKTOP-OFJ6N53", "TimeCreated": "2025-08-22 12:59:16.753515+00:00", "RecordID": "35060", "Level": "4", "UserID": "S-1-5-21-963789628-1060504924-4285088085-1001", "EventData.LogonType": "0", "EventData.TaskName": "SkydrivePrep"}
{"EventID": "62171", "Channel": "Microsoft-Windows-Shell-Core/Operational", "Provider_Name": "Microsoft-Windows-Shell-Core", "Computer": "DESKTOP-OFJ6N53", "TimeCreated": "2025-08-22 12:59:16.753517+00:00", "RecordID": "35061", "Level": "4", "UserID": "S-1-5-21-963789628-1060504924-4285088085-1001", "EventData.LogonType": "0", "EventData.TaskName": "SkydrivePrep"}
{"EventID": "62170", "Channel": "Microsoft-Windows-Shell-Core/Operational", "Provider_Name": "Microsoft-Windows-Shell-Core", "Computer": "DESKTOP-OFJ6N53", "TimeCreated": "2025-08-22 12:59:16.753519+00:00", "RecordID": "35062", "Level": "4", "UserID": "S-1-5-21-963789628-1060504924-4285088085-1001", "EventData.LogonType": "0", "EventData.TaskName": "RunOnce"}
{"EventID": "62171", "Channel": "Microsoft-Windows-Shell-Core/Operational", "Provider_Name": "Microsoft-Windows-Shell-Core", "Computer": "DESKTOP-OFJ6N53", "TimeCreated": "2025-08-22 12:59:16.753906+00:00", "RecordID": "35063", "Level": "4", "UserID": "S-1-5-21-963789628-1060504924-4285088085-1001", "EventData.LogonType": "0", "EventData.TaskName": "RunOnce"}
{"EventID": "62170", "Channel": "Microsoft-Windows-Shell-Core/Operational", "Provider_Name": "Microsoft-Windows-Shell-Core", "Computer": "DESKTOP-OFJ6N53", "TimeCreated": "2025-08-22 12:59:16.753912+00:00", "RecordID": "35064", "Level": "4", "UserID": "S-1-5-21-963789628-1060504924-4285088085-1001", "EventData.LogonType": "0", "EventData.TaskName": "ActiveSetup"}
{"EventID": "62170", "Channel": "Microsoft-Windows-Shell-Core/Operational", "Provider_Name": "Microsoft-Windows-Shell-Core", "Computer": "DESKTOP-OFJ6N53", "TimeCreated": "2025-08-22 12:59:16.754082+00:00", "RecordID": "35065", "Level": "4", "UserID": "S-1-5-21-963789628-1060504924-4285088085-1001", "EventData.LogonType": "0", "EventData.TaskName": "GetLanguageOverlayPackage"}
{"EventID": "62171", "Channel": "Microsoft-Windows-Shell-Core/Operational", "Provider_Name": "Microsoft-Windows-Shell-Core", "Computer": "DESKTOP-OFJ6N53", "TimeCreated": "2025-08-22 12:59:16.754082+00:00", "RecordID": "35066", "Level": "4", "UserID": "S-1-5-21-963789628-1060504924-4285088085-1001", "EventData.LogonType": "0", "EventData.TaskName": "GetLanguageOverlayPackage"}
{"EventID": "28125", "Channel": "Microsoft-Windows-Shell-Core/Operational", "Provider_Name": "Microsoft-Windows-Shell-Core", "Computer": "DESKTOP-OFJ6N53", "TimeCreated": "2025-08-22 12:59:16.754770+00:00", "RecordID": "35067", "Level": "4", "UserID": "S-1-5-21-963789628-1060504924-4285088085-1001", "EventData.Scenario": "1", "EventData.Flags": "268"}
{"EventID": "62171", "Channel": "Microsoft-Windows-Shell-Core/Operational", "Provider_Name": "Microsoft-Windows-Shell-Core", "Computer": "DESKTOP-OFJ6N53", "TimeCreated": "2025-08-22 12:59:16.756454+00:00", "RecordID": "35068", "Level": "4", "UserID": "S-1-5-21-963789628-1060504924-4285088085-1001", "EventData.LogonType": "0", "EventData.TaskName": "DefaultAssociations"}
{"EventID": "62171", "Channel": "Microsoft-Windows-Shell-Core/Operational", "Provider_Name": "Microsoft-Windows-Shell-Core", "Computer": "DESKTOP-OFJ6N53", "TimeCreated": "2025-08-22 12:59:16.761530+00:00", "RecordID": "35069", "Level": "4", "UserID": "S-1-5-21-963789628-1060504924-4285088085-1001", "EventData.LogonType": "0", "EventData.TaskName": "ActiveSetup"}
{"EventID": "62170", "Channel": "Microsoft-Windows-Shell-Core/Operational", "Provider_Name": "Microsoft-Windows-Shell-Core", "Computer": "DESKTOP-OFJ6N53", "TimeCreated": "2025-08-22 12:59:16.761553+00:00", "RecordID": "35070", "Level": "4", "UserID": "S-1-5-21-963789628-1060504924-4285088085-1001", "EventData.LogonType": "0", "EventData.TaskName": "WaitForMSAConnected"}
{"EventID": "62171", "Channel": "Microsoft-Windows-Shell-Core/Operational", "Provider_Name": "Microsoft-Windows-Shell-Core", "Computer": "DESKTOP-OFJ6N53", "TimeCreated": "2025-08-22 12:59:16.761555+00:00", "RecordID": "35071", "Level": "4", "UserID": "S-1-5-21-963789628-1060504924-4285088085-1001", "EventData.LogonType": "0", "EventData.TaskName": "WaitForMSAConnected"}
{"EventID": "62170", "Channel": "Microsoft-Windows-Shell-Core/Operational", "Provider_Name": "Microsoft-Windows-Shell-Core", "Computer": "DESKTOP-OFJ6N53", "TimeCreated": "2025-08-22 12:59:16.761589+00:00", "RecordID": "35072", "Level": "4", "UserID": "S-1-5-21-963789628-1060504924-4285088085-1001", "EventData.LogonType": "0", "EventData.TaskName": "RefreshOneSettingsFeatureConfigurations"}
{"EventID": "62171", "Channel": "Microsoft-Windows-Shell-Core/Operational", "Provider_Name": "Microsoft-Windows-Shell-Core", "Computer": "DESKTOP-OFJ6N53", "TimeCreated": "2025-08-22 12:59:16.761599+00:00", "RecordID": "35073", "Level": "4", "UserID": "S-1-5-21-963789628-1060504924-4285088085-1001", "EventData.LogonType": "0", "EventData.TaskName": "RefreshOneSettingsFeatureConfigurations"}
{"EventID": "62171", "Channel": "Microsoft-Windows-Shell-Core/Operational", "Provider_Name": "Microsoft-Windows-Shell-Core", "Computer": "DESKTOP-OFJ6N53", "TimeCreated": "2025-08-22 12:59:16.761683+00:00", "RecordID": "35074", "Level": "4", "UserID": "S-1-5-21-963789628-1060504924-4285088085-1001", "EventData.LogonType": "0", "EventData.TaskName": "AppReadinessPreRoamingGroup"}
{"EventID": "62171", "Channel": "Microsoft-Windows-Shell-Core/Operational", "Provider_Name": "Microsoft-Windows-Shell-Core", "Computer": "DESKTOP-OFJ6N53", "TimeCreated": "2025-08-22 12:59:16.761688+00:00", "RecordID": "35075", "Level": "4", "UserID": "S-1-5-21-963789628-1060504924-4285088085-1001", "EventData.LogonType": "0", "EventData.TaskName": "PreRoamingTasks"}
{"EventID": "62170", "Channel": "Microsoft-Windows-Shell-Core/Operational", "Provider_Name": "Microsoft-Windows-Shell-Core", "Computer": "DESKTOP-OFJ6N53", "TimeCreated": "2025-08-22 12:59:16.761688+00:00", "RecordID": "35076", "Level": "4", "UserID": "S-1-5-21-963789628-1060504924-4285088085-1001", "EventData.LogonType": "0", "EventData.TaskName": "PreShellTasks"}
{"EventID": "62170", "Channel": "Microsoft-Windows-Shell-Core/Operational", "Provider_Name": "Microsoft-Windows-Shell-Core", "Computer": "DESKTOP-OFJ6N53", "TimeCreated": "2025-08-22 12:59:16.761824+00:00", "RecordID": "35077", "Level": "4", "UserID": "S-1-5-21-963789628-1060504924-4285088085-1001", "EventData.LogonType": "0", "EventData.TaskName": "RoamingBootstrapAndPayloads"}
{"EventID": "62171", "Channel": "Microsoft-Windows-Shell-Core/Operational", "Provider_Name": "Microsoft-Windows-Shell-Core", "Computer": "DESKTOP-OFJ6N53", "TimeCreated": "2025-08-22 12:59:16.762110+00:00", "RecordID": "35078", "Level": "4", "UserID": "S-1-5-21-963789628-1060504924-4285088085-1001", "EventData.LogonType": "0", "EventData.TaskName": "RoamingBootstrapAndPayloads"}
{"EventID": "62170", "Channel": "Microsoft-Windows-Shell-Core/Operational", "Provider_Name": "Microsoft-Windows-Shell-Core", "Computer": "DESKTOP-OFJ6N53", "TimeCreated": "2025-08-22 12:59:16.762115+00:00", "RecordID": "35079", "Level": "4", "UserID": "S-1-5-21-963789628-1060504924-4285088085-1001", "EventData.LogonType": "0", "EventData.TaskName": "AppResolverUsageReconcilerInit"}
{"EventID": "62171", "Channel": "Microsoft-Windows-Shell-Core/Operational", "Provider_Name": "Microsoft-Windows-Shell-Core", "Computer": "DESKTOP-OFJ6N53", "TimeCreated": "2025-08-22 12:59:16.762123+00:00", "RecordID": "35080", "Level": "4", "UserID": "S-1-5-21-963789628-1060504924-4285088085-1001", "EventData.LogonType": "0", "EventData.TaskName": "AppResolverUsageReconcilerInit"}
{"EventID": "62170", "Channel": "Microsoft-Windows-Shell-Core/Operational", "Provider_Name": "Microsoft-Windows-Shell-Core", "Computer": "DESKTOP-OFJ6N53", "TimeCreated": "2025-08-22 12:59:16.762125+00:00", "RecordID": "35081", "Level": "4", "UserID": "S-1-5-21-963789628-1060504924-4285088085-1001", "EventData.LogonType": "0", "EventData.TaskName": "StartLayoutInit"}
{"EventID": "62170", "Channel": "Microsoft-Windows-Shell-Core/Operational", "Provider_Name": "Microsoft-Windows-Shell-Core", "Computer": "DESKTOP-OFJ6N53", "TimeCreated": "2025-08-22 12:59:16.762167+00:00", "RecordID": "35082", "Level": "4", "UserID": "S-1-5-21-963789628-1060504924-4285088085-1001", "EventData.LogonType": "0", "EventData.TaskName": "LaunchProgrammableTaskbarCloudManager"}
{"EventID": "62170", "Channel": "Microsoft-Windows-Shell-Core/Operational", "Provider_Name": "Microsoft-Windows-Shell-Core", "Computer": "DESKTOP-OFJ6N53", "TimeCreated": "2025-08-22 12:59:16.762175+00:00", "RecordID": "35083", "Level": "4", "UserID": "S-1-5-21-963789628-1060504924-4285088085-1001", "EventData.LogonType": "0", "EventData.TaskName": "UgradeTaskFlowPolicy"}
{"EventID": "62171", "Channel": "Microsoft-Windows-Shell-Core/Operational", "Provider_Name": "Microsoft-Windows-Shell-Core", "Computer": "DESKTOP-OFJ6N53", "TimeCreated": "2025-08-22 12:59:16.762175+00:00", "RecordID": "35084", "Level": "4", "UserID": "S-1-5-21-963789628-1060504924-4285088085-1001", "EventData.LogonType": "0", "EventData.TaskName": "UgradeTaskFlowPolicy"}
{"EventID": "62171", "Channel": "Microsoft-Windows-Shell-Core/Operational", "Provider_Name": "Microsoft-Windows-Shell-Core", "Computer": "DESKTOP-OFJ6N53", "TimeCreated": "2025-08-22 12:59:16.762266+00:00", "RecordID": "35085", "Level": "4", "UserID": "S-1-5-21-963789628-1060504924-4285088085-1001", "EventData.LogonType": "0", "EventData.TaskName": "LaunchProgrammableTaskbarCloudManager"}
{"EventID": "62171", "Channel": "Microsoft-Windows-Shell-Core/Operational", "Provider_Name": "Microsoft-Windows-Shell-Core", "Computer": "DESKTOP-OFJ6N53", "TimeCreated": "2025-08-22 12:59:16.762360+00:00", "RecordID": "35086", "Level": "4", "UserID": "S-1-5-21-963789628-1060504924-4285088085-1001", "EventData.LogonType": "0", "EventData.TaskName": "AppReadinessPreShellGroup"}
{"EventID": "62171", "Channel": "Microsoft-Windows-Shell-Core/Operational", "Provider_Name": "Microsoft-Windows-Shell-Core", "Computer": "DESKTOP-OFJ6N53", "TimeCreated": "2025-08-22 12:59:16.762602+00:00", "RecordID": "35087", "Level": "4", "UserID": "S-1-5-21-963789628-1060504924-4285088085-1001", "EventData.LogonType": "0", "EventData.TaskName": "AppResolver"}
{"EventID": "62171", "Channel": "Microsoft-Windows-Shell-Core/Operational", "Provider_Name": "Microsoft-Windows-Shell-Core", "Computer": "DESKTOP-OFJ6N53", "TimeCreated": "2025-08-22 12:59:16.762606+00:00", "RecordID": "35088", "Level": "4", "UserID": "S-1-5-21-963789628-1060504924-4285088085-1001", "EventData.LogonType": "0", "EventData.TaskName": "PreShellTasks"}
{"EventID": "62170", "Channel": "Microsoft-Windows-Shell-Core/Operational", "Provider_Name": "Microsoft-Windows-Shell-Core", "Computer": "DESKTOP-OFJ6N53", "TimeCreated": "2025-08-22 12:59:16.762627+00:00", "RecordID": "35089", "Level": "4", "UserID": "S-1-5-21-963789628-1060504924-4285088085-1001", "EventData.LogonType": "0", "EventData.TaskName": "ShellInitTasks"}
{"EventID": "62170", "Channel": "Microsoft-Windows-Shell-Core/Operational", "Provider_Name": "Microsoft-Windows-Shell-Core", "Computer": "DESKTOP-OFJ6N53", "TimeCreated": "2025-08-22 12:59:16.762800+00:00", "RecordID": "35090", "Level": "4", "UserID": "S-1-5-21-963789628-1060504924-4285088085-1001", "EventData.LogonType": "0", "EventData.TaskName": "AppReadinessLogonGroup"}
{"EventID": "62170", "Channel": "Microsoft-Windows-Shell-Core/Operational", "Provider_Name": "Microsoft-Windows-Shell-Core", "Computer": "DESKTOP-OFJ6N53", "TimeCreated": "2025-08-22 12:59:16.762802+00:00", "RecordID": "35091", "Level": "4", "UserID": "S-1-5-21-963789628-1060504924-4285088085-1001", "EventData.LogonType": "0", "EventData.TaskName": "UpdatePCSettingsShellInit"}
{"EventID": "62171", "Channel": "Microsoft-Windows-Shell-Core/Operational", "Provider_Name": "Microsoft-Windows-Shell-Core", "Computer": "DESKTOP-OFJ6N53", "TimeCreated": "2025-08-22 12:59:16.762859+00:00", "RecordID": "35092", "Level": "4", "UserID": "S-1-5-21-963789628-1060504924-4285088085-1001", "EventData.LogonType": "0", "EventData.TaskName": "UpdatePCSettingsShellInit"}
{"EventID": "62170", "Channel": "Microsoft-Windows-Shell-Core/Operational", "Provider_Name": "Microsoft-Windows-Shell-Core", "Computer": "DESKTOP-OFJ6N53", "TimeCreated": "2025-08-22 12:59:16.762859+00:00", "RecordID": "35093", "Level": "4", "UserID": "S-1-5-21-963789628-1060504924-4285088085-1001", "EventData.LogonType": "0", "EventData.TaskName": "InstallPWAs"}
{"EventID": "62171", "Channel": "Microsoft-Windows-Shell-Core/Operational", "Provider_Name": "Microsoft-Windows-Shell-Core", "Computer": "DESKTOP-OFJ6N53", "TimeCreated": "2025-08-22 12:59:17.728628+00:00", "RecordID": "35094", "Level": "4", "UserID": "S-1-5-21-963789628-1060504924-4285088085-1001", "EventData.LogonType": "0", "EventData.TaskName": "AppReadinessLogonGroup"}
{"EventID": "62171", "Channel": "Microsoft-Windows-Shell-Core/Operational", "Provider_Name": "Microsoft-Windows-Shell-Core", "Computer": "DESKTOP-OFJ6N53", "TimeCreated": "2025-08-22 12:59:17.729790+00:00", "RecordID": "35095", "Level": "4", "UserID": "S-1-5-21-963789628-1060504924-4285088085-1001", "EventData.LogonType": "0", "EventData.TaskName": "InstallPWAs"}
{"EventID": "62171", "Channel": "Microsoft-Windows-Shell-Core/Operational", "Provider_Name": "Microsoft-Windows-Shell-Core", "Computer": "DESKTOP-OFJ6N53", "TimeCreated": "2025-08-22 12:59:17.729803+00:00", "RecordID": "35096", "Level": "4", "UserID": "S-1-5-21-963789628-1060504924-4285088085-1001", "EventData.LogonType": "0", "EventData.TaskName": "ShellInitTasks"}
{"EventID": "28017", "Channel": "Microsoft-Windows-Shell-Core/Operational", "Provider_Name": "Microsoft-Windows-Shell-Core", "Computer": "DESKTOP-OFJ6N53", "TimeCreated": "2025-08-22 12:59:28.341860+00:00", "RecordID": "35097", "Level": "4", "UserID": "S-1-5-21-963789628-1060504924-4285088085-1001"}
{"EventID": "28018", "Channel": "Microsoft-Windows-Shell-Core/Operational", "Provider_Name": "Microsoft-Windows-Shell-Core", "Computer": "DESKTOP-OFJ6N53", "TimeCreated": "2025-08-22 12:59:28.907684+00:00", "RecordID": "35098", "Level": "4", "UserID": "S-1-5-21-963789628-1060504924-4285088085-1001"}
{"EventID": "28019", "Channel": "Microsoft-Windows-Shell-Core/Operational", "Provider_Name": "Microsoft-Windows-Shell-Core", "Computer": "DESKTOP-OFJ6N53", "TimeCreated": "2025-08-22 12:59:28.915558+00:00", "RecordID": "35099", "Level": "4", "UserID": "S-1-5-21-963789628-1060504924-4285088085-1001"}
{"EventID": "62170", "Channel": "Microsoft-Windows-Shell-Core/Operational", "Provider_Name": "Microsoft-Windows-Shell-Core", "Computer": "DESKTOP-OFJ6N53", "TimeCreated": "2025-08-22 12:59:40.668085+00:00", "RecordID": "35100", "Level": "4", "UserID": "S-1-5-21-963789628-1060504924-4285088085-1001", "EventData.LogonType": "0", "EventData.TaskName": "PreStartTasks"}
{"EventID": "62170", "Channel": "Microsoft-Windows-Shell-Core/Operational", "Provider_Name": "Microsoft-Windows-Shell-Core", "Computer": "DESKTOP-OFJ6N53", "TimeCreated": "2025-08-22 12:59:40.668325+00:00", "RecordID": "35101", "Level": "4", "UserID": "S-1-5-21-963789628-1060504924-4285088085-1001", "EventData.LogonType": "0", "EventData.TaskName": "LaunchExperienceHost"}
{"EventID": "28125", "Channel": "Microsoft-Windows-Shell-Core/Operational", "Provider_Name": "Microsoft-Windows-Shell-Core", "Computer": "DESKTOP-OFJ6N53", "TimeCreated": "2025-08-22 12:59:40.668392+00:00", "RecordID": "35102", "Level": "4", "UserID": "S-1-5-21-963789628-1060504924-4285088085-1001", "EventData.Scenario": "1", "EventData.Flags": "2316"}
{"EventID": "62170", "Channel": "Microsoft-Windows-Shell-Core/Operational", "Provider_Name": "Microsoft-Windows-Shell-Core", "Computer": "DESKTOP-OFJ6N53", "TimeCreated": "2025-08-22 12:59:40.685488+00:00", "RecordID": "35103", "Level": "4", "UserID": "S-1-5-21-963789628-1060504924-4285088085-1001", "EventData.LogonType": "0", "EventData.TaskName": "LaunchContentDeliveryManagerStart"}
{"EventID": "62171", "Channel": "Microsoft-Windows-Shell-Core/Operational", "Provider_Name": "Microsoft-Windows-Shell-Core", "Computer": "DESKTOP-OFJ6N53", "TimeCreated": "2025-08-22 12:59:40.862597+00:00", "RecordID": "35104", "Level": "4", "UserID": "S-1-5-21-963789628-1060504924-4285088085-1001", "EventData.LogonType": "0", "EventData.TaskName": "LaunchContentDeliveryManagerStart"}
{"EventID": "62170", "Channel": "Microsoft-Windows-Shell-Core/Operational", "Provider_Name": "Microsoft-Windows-Shell-Core", "Computer": "DESKTOP-OFJ6N53", "TimeCreated": "2025-08-22 12:59:40.862604+00:00", "RecordID": "35105", "Level": "4", "UserID": "S-1-5-21-963789628-1060504924-4285088085-1001", "EventData.LogonType": "0", "EventData.TaskName": "PerformSignInSuggestionsStart"}
{"EventID": "62171", "Channel": "Microsoft-Windows-Shell-Core/Operational", "Provider_Name": "Microsoft-Windows-Shell-Core", "Computer": "DESKTOP-OFJ6N53", "TimeCreated": "2025-08-22 12:59:40.862616+00:00", "RecordID": "35106", "Level": "4", "UserID": "S-1-5-21-963789628-1060504924-4285088085-1001", "EventData.LogonType": "0", "EventData.TaskName": "PerformSignInSuggestionsStart"}
{"EventID": "62170", "Channel": "Microsoft-Windows-Shell-Core/Operational", "Provider_Name": "Microsoft-Windows-Shell-Core", "Computer": "DESKTOP-OFJ6N53", "TimeCreated": "2025-08-22 12:59:40.862617+00:00", "RecordID": "35107", "Level": "4", "UserID": "S-1-5-21-963789628-1060504924-4285088085-1001", "EventData.LogonType": "0", "EventData.TaskName": "UpdatePCSettingsPreStart"}
{"EventID": "62171", "Channel": "Microsoft-Windows-Shell-Core/Operational", "Provider_Name": "Microsoft-Windows-Shell-Core", "Computer": "DESKTOP-OFJ6N53", "TimeCreated": "2025-08-22 12:59:40.862619+00:00", "RecordID": "35108", "Level": "4", "UserID": "S-1-5-21-963789628-1060504924-4285088085-1001", "EventData.LogonType": "0", "EventData.TaskName": "UpdatePCSettingsPreStart"}
{"EventID": "62170", "Channel": "Microsoft-Windows-Shell-Core/Operational", "Provider_Name": "Microsoft-Windows-Shell-Core", "Computer": "DESKTOP-OFJ6N53", "TimeCreated": "2025-08-22 12:59:40.862619+00:00", "RecordID": "35109", "Level": "4", "UserID": "S-1-5-21-963789628-1060504924-4285088085-1001", "EventData.LogonType": "0", "EventData.TaskName": "EnterpriseProvisioning"}
{"EventID": "62171", "Channel": "Microsoft-Windows-Shell-Core/Operational", "Provider_Name": "Microsoft-Windows-Shell-Core", "Computer": "DESKTOP-OFJ6N53", "TimeCreated": "2025-08-22 12:59:40.862619+00:00", "RecordID": "35110", "Level": "4", "UserID": "S-1-5-21-963789628-1060504924-4285088085-1001", "EventData.LogonType": "0", "EventData.TaskName": "EnterpriseProvisioning"}
{"EventID": "62170", "Channel": "Microsoft-Windows-Shell-Core/Operational", "Provider_Name": "Microsoft-Windows-Shell-Core", "Computer": "DESKTOP-OFJ6N53", "TimeCreated": "2025-08-22 12:59:40.862621+00:00", "RecordID": "35111", "Level": "4", "UserID": "S-1-5-21-963789628-1060504924-4285088085-1001", "EventData.LogonType": "0", "EventData.TaskName": "AssignedAccessLogonTaskAgentPreStart"}
{"EventID": "62170", "Channel": "Microsoft-Windows-Shell-Core/Operational", "Provider_Name": "Microsoft-Windows-Shell-Core", "Computer": "DESKTOP-OFJ6N53", "TimeCreated": "2025-08-22 12:59:40.862644+00:00", "RecordID": "35112", "Level": "4", "UserID": "S-1-5-21-963789628-1060504924-4285088085-1001", "EventData.LogonType": "0", "EventData.TaskName": "PerUserSetup"}
{"EventID": "62171", "Channel": "Microsoft-Windows-Shell-Core/Operational", "Provider_Name": "Microsoft-Windows-Shell-Core", "Computer": "DESKTOP-OFJ6N53", "TimeCreated": "2025-08-22 12:59:50.131014+00:00", "RecordID": "35113", "Level": "4", "UserID": "S-1-5-21-963789628-1060504924-4285088085-1001", "EventData.LogonType": "0", "EventData.TaskName": "StartLayoutInit"}
{"EventID": "62171", "Channel": "Microsoft-Windows-Shell-Core/Operational", "Provider_Name": "Microsoft-Windows-Shell-Core", "Computer": "DESKTOP-OFJ6N53", "TimeCreated": "2025-08-22 12:59:50.131027+00:00", "RecordID": "35114", "Level": "4", "UserID": "S-1-5-21-963789628-1060504924-4285088085-1001", "EventData.LogonType": "0", "EventData.TaskName": "LaunchExperienceHost"}
{"EventID": "62171", "Channel": "Microsoft-Windows-Shell-Core/Operational", "Provider_Name": "Microsoft-Windows-Shell-Core", "Computer": "DESKTOP-OFJ6N53", "TimeCreated": "2025-08-22 12:59:50.131033+00:00", "RecordID": "35115", "Level": "4", "UserID": "S-1-5-21-963789628-1060504924-4285088085-1001", "EventData.LogonType": "0", "EventData.TaskName": "AssignedAccessLogonTaskAgentPreStart"}
{"EventID": "62171", "Channel": "Microsoft-Windows-Shell-Core/Operational", "Provider_Name": "Microsoft-Windows-Shell-Core", "Computer": "DESKTOP-OFJ6N53", "TimeCreated": "2025-08-22 12:59:50.131035+00:00", "RecordID": "35116", "Level": "4", "UserID": "S-1-5-21-963789628-1060504924-4285088085-1001", "EventData.LogonType": "0", "EventData.TaskName": "PerformSignInSuggestions"}
{"EventID": "62171", "Channel": "Microsoft-Windows-Shell-Core/Operational", "Provider_Name": "Microsoft-Windows-Shell-Core", "Computer": "DESKTOP-OFJ6N53", "TimeCreated": "2025-08-22 12:59:50.131218+00:00", "RecordID": "35117", "Level": "4", "UserID": "S-1-5-21-963789628-1060504924-4285088085-1001", "EventData.LogonType": "0", "EventData.TaskName": "PerUserSetup"}
{"EventID": "62171", "Channel": "Microsoft-Windows-Shell-Core/Operational", "Provider_Name": "Microsoft-Windows-Shell-Core", "Computer": "DESKTOP-OFJ6N53", "TimeCreated": "2025-08-22 12:59:50.131227+00:00", "RecordID": "35118", "Level": "4", "UserID": "S-1-5-21-963789628-1060504924-4285088085-1001", "EventData.LogonType": "0", "EventData.TaskName": "PreStartTasks"}
{"EventID": "62171", "Channel": "Microsoft-Windows-Shell-Core/Operational", "Provider_Name": "Microsoft-Windows-Shell-Core", "Computer": "DESKTOP-OFJ6N53", "TimeCreated": "2025-08-22 12:59:50.624039+00:00", "RecordID": "35119", "Level": "4", "UserID": "S-1-5-21-963789628-1060504924-4285088085-1001", "EventData.LogonType": "0", "EventData.TaskName": "AllLogonTasks"}
{"EventID": "62170", "Channel": "Microsoft-Windows-Shell-Core/Operational", "Provider_Name": "Microsoft-Windows-Shell-Core", "Computer": "DESKTOP-OFJ6N53", "TimeCreated": "2025-08-22 12:59:50.624607+00:00", "RecordID": "35120", "Level": "4", "UserID": "S-1-5-21-963789628-1060504924-4285088085-1001", "EventData.LogonType": "0", "EventData.TaskName": "PostStartTasks"}
{"EventID": "62170", "Channel": "Microsoft-Windows-Shell-Core/Operational", "Provider_Name": "Microsoft-Windows-Shell-Core", "Computer": "DESKTOP-OFJ6N53", "TimeCreated": "2025-08-22 12:59:50.624763+00:00", "RecordID": "35121", "Level": "4", "UserID": "S-1-5-21-963789628-1060504924-4285088085-1001", "EventData.LogonType": "0", "EventData.TaskName": "LaunchExperienceHostPostStart"}
{"EventID": "62171", "Channel": "Microsoft-Windows-Shell-Core/Operational", "Provider_Name": "Microsoft-Windows-Shell-Core", "Computer": "DESKTOP-OFJ6N53", "TimeCreated": "2025-08-22 12:59:50.624763+00:00", "RecordID": "35122", "Level": "4", "UserID": "S-1-5-21-963789628-1060504924-4285088085-1001", "EventData.LogonType": "0", "EventData.TaskName": "LaunchExperienceHostPostStart"}
{"EventID": "62170", "Channel": "Microsoft-Windows-Shell-Core/Operational", "Provider_Name": "Microsoft-Windows-Shell-Core", "Computer": "DESKTOP-OFJ6N53", "TimeCreated": "2025-08-22 12:59:50.624771+00:00", "RecordID": "35123", "Level": "4", "UserID": "S-1-5-21-963789628-1060504924-4285088085-1001", "EventData.LogonType": "0", "EventData.TaskName": "PerUserSetupPostStart"}
{"EventID": "62171", "Channel": "Microsoft-Windows-Shell-Core/Operational", "Provider_Name": "Microsoft-Windows-Shell-Core", "Computer": "DESKTOP-OFJ6N53", "TimeCreated": "2025-08-22 12:59:50.624773+00:00", "RecordID": "35124", "Level": "4", "UserID": "S-1-5-21-963789628-1060504924-4285088085-1001", "EventData.LogonType": "0", "EventData.TaskName": "PerUserSetupPostStart"}
{"EventID": "62170", "Channel": "Microsoft-Windows-Shell-Core/Operational", "Provider_Name": "Microsoft-Windows-Shell-Core", "Computer": "DESKTOP-OFJ6N53", "TimeCreated": "2025-08-22 12:59:50.624777+00:00", "RecordID": "35125", "Level": "4", "UserID": "S-1-5-21-963789628-1060504924-4285088085-1001", "EventData.LogonType": "0", "EventData.TaskName": "LaunchPeopleExperiencePostStart"}
{"EventID": "62171", "Channel": "Microsoft-Windows-Shell-Core/Operational", "Provider_Name": "Microsoft-Windows-Shell-Core", "Computer": "DESKTOP-OFJ6N53", "TimeCreated": "2025-08-22 12:59:50.624825+00:00", "RecordID": "35126", "Level": "4", "UserID": "S-1-5-21-963789628-1060504924-4285088085-1001", "EventData.LogonType": "0", "EventData.TaskName": "LaunchPeopleExperiencePostStart"}
{"EventID": "62170", "Channel": "Microsoft-Windows-Shell-Core/Operational", "Provider_Name": "Microsoft-Windows-Shell-Core", "Computer": "DESKTOP-OFJ6N53", "TimeCreated": "2025-08-22 12:59:50.624840+00:00", "RecordID": "35127", "Level": "4", "UserID": "S-1-5-21-963789628-1060504924-4285088085-1001", "EventData.LogonType": "0", "EventData.TaskName": "LaunchInputDialListenerPostStart"}
{"EventID": "62170", "Channel": "Microsoft-Windows-Shell-Core/Operational", "Provider_Name": "Microsoft-Windows-Shell-Core", "Computer": "DESKTOP-OFJ6N53", "TimeCreated": "2025-08-22 12:59:50.624870+00:00", "RecordID": "35128", "Level": "4", "UserID": "S-1-5-21-963789628-1060504924-4285088085-1001", "EventData.LogonType": "0", "EventData.TaskName": "LaunchLockAppHostPostStart"}
{"EventID": "62170", "Channel": "Microsoft-Windows-Shell-Core/Operational", "Provider_Name": "Microsoft-Windows-Shell-Core", "Computer": "DESKTOP-OFJ6N53", "TimeCreated": "2025-08-22 12:59:50.624874+00:00", "RecordID": "35129", "Level": "4", "UserID": "S-1-5-21-963789628-1060504924-4285088085-1001", "EventData.LogonType": "0", "EventData.TaskName": "NotifyTrayStartIsReady"}
{"EventID": "62171", "Channel": "Microsoft-Windows-Shell-Core/Operational", "Provider_Name": "Microsoft-Windows-Shell-Core", "Computer": "DESKTOP-OFJ6N53", "TimeCreated": "2025-08-22 12:59:50.624882+00:00", "RecordID": "35130", "Level": "4", "UserID": "S-1-5-21-963789628-1060504924-4285088085-1001", "EventData.LogonType": "0", "EventData.TaskName": "LaunchLockAppHostPostStart"}
{"EventID": "62171", "Channel": "Microsoft-Windows-Shell-Core/Operational", "Provider_Name": "Microsoft-Windows-Shell-Core", "Computer": "DESKTOP-OFJ6N53", "TimeCreated": "2025-08-22 12:59:50.624949+00:00", "RecordID": "35131", "Level": "4", "UserID": "S-1-5-21-963789628-1060504924-4285088085-1001", "EventData.LogonType": "0", "EventData.TaskName": "NotifyTrayStartIsReady"}
{"EventID": "62170", "Channel": "Microsoft-Windows-Shell-Core/Operational", "Provider_Name": "Microsoft-Windows-Shell-Core", "Computer": "DESKTOP-OFJ6N53", "TimeCreated": "2025-08-22 12:59:50.624962+00:00", "RecordID": "35132", "Level": "4", "UserID": "S-1-5-21-963789628-1060504924-4285088085-1001", "EventData.LogonType": "0", "EventData.TaskName": "RoamingPayload3"}
{"EventID": "62170", "Channel": "Microsoft-Windows-Shell-Core/Operational", "Provider_Name": "Microsoft-Windows-Shell-Core", "Computer": "DESKTOP-OFJ6N53", "TimeCreated": "2025-08-22 12:59:50.624971+00:00", "RecordID": "35133", "Level": "4", "UserID": "S-1-5-21-963789628-1060504924-4285088085-1001", "EventData.LogonType": "0", "EventData.TaskName": "AssignedAccessAutoLaunch"}
{"EventID": "62170", "Channel": "Microsoft-Windows-Shell-Core/Operational", "Provider_Name": "Microsoft-Windows-Shell-Core", "Computer": "DESKTOP-OFJ6N53", "TimeCreated": "2025-08-22 12:59:50.624981+00:00", "RecordID": "35134", "Level": "4", "UserID": "S-1-5-21-963789628-1060504924-4285088085-1001", "EventData.LogonType": "0", "EventData.TaskName": "CameraCheck"}
{"EventID": "62171", "Channel": "Microsoft-Windows-Shell-Core/Operational", "Provider_Name": "Microsoft-Windows-Shell-Core", "Computer": "DESKTOP-OFJ6N53", "TimeCreated": "2025-08-22 12:59:50.624983+00:00", "RecordID": "35135", "Level": "4", "UserID": "S-1-5-21-963789628-1060504924-4285088085-1001", "EventData.LogonType": "0", "EventData.TaskName": "CameraCheck"}
{"EventID": "62171", "Channel": "Microsoft-Windows-Shell-Core/Operational", "Provider_Name": "Microsoft-Windows-Shell-Core", "Computer": "DESKTOP-OFJ6N53", "TimeCreated": "2025-08-22 12:59:50.625069+00:00", "RecordID": "35136", "Level": "4", "UserID": "S-1-5-21-963789628-1060504924-4285088085-1001", "EventData.LogonType": "0", "EventData.TaskName": "RoamingPayload3"}
{"EventID": "62170", "Channel": "Microsoft-Windows-Shell-Core/Operational", "Provider_Name": "Microsoft-Windows-Shell-Core", "Computer": "DESKTOP-OFJ6N53", "TimeCreated": "2025-08-22 12:59:50.625080+00:00", "RecordID": "35137", "Level": "4", "UserID": "S-1-5-21-963789628-1060504924-4285088085-1001", "EventData.LogonType": "0", "EventData.TaskName": "AppReadinessNotifyLogonComplete"}
{"EventID": "62171", "Channel": "Microsoft-Windows-Shell-Core/Operational", "Provider_Name": "Microsoft-Windows-Shell-Core", "Computer": "DESKTOP-OFJ6N53", "TimeCreated": "2025-08-22 12:59:50.625113+00:00", "RecordID": "35138", "Level": "4", "UserID": "S-1-5-21-963789628-1060504924-4285088085-1001", "EventData.LogonType": "0", "EventData.TaskName": "AppReadinessNotifyLogonComplete"}
{"EventID": "62170", "Channel": "Microsoft-Windows-Shell-Core/Operational", "Provider_Name": "Microsoft-Windows-Shell-Core", "Computer": "DESKTOP-OFJ6N53", "TimeCreated": "2025-08-22 12:59:50.625219+00:00", "RecordID": "35139", "Level": "4", "UserID": "S-1-5-21-963789628-1060504924-4285088085-1001", "EventData.LogonType": "0", "EventData.TaskName": "ARSFirstRunTelemetry"}
{"EventID": "62170", "Channel": "Microsoft-Windows-Shell-Core/Operational", "Provider_Name": "Microsoft-Windows-Shell-Core", "Computer": "DESKTOP-OFJ6N53", "TimeCreated": "2025-08-22 12:59:50.625702+00:00", "RecordID": "35140", "Level": "4", "UserID": "S-1-5-21-963789628-1060504924-4285088085-1001", "EventData.LogonType": "0", "EventData.TaskName": "RemoveTempOOBEUser"}
{"EventID": "62171", "Channel": "Microsoft-Windows-Shell-Core/Operational", "Provider_Name": "Microsoft-Windows-Shell-Core", "Computer": "DESKTOP-OFJ6N53", "TimeCreated": "2025-08-22 12:59:50.625994+00:00", "RecordID": "35141", "Level": "4", "UserID": "S-1-5-21-963789628-1060504924-4285088085-1001", "EventData.LogonType": "0", "EventData.TaskName": "RemoveTempOOBEUser"}
{"EventID": "62170", "Channel": "Microsoft-Windows-Shell-Core/Operational", "Provider_Name": "Microsoft-Windows-Shell-Core", "Computer": "DESKTOP-OFJ6N53", "TimeCreated": "2025-08-22 12:59:50.626024+00:00", "RecordID": "35142", "Level": "4", "UserID": "S-1-5-21-963789628-1060504924-4285088085-1001", "EventData.LogonType": "0", "EventData.TaskName": "OEMFirstRunTelemetry"}
{"EventID": "62171", "Channel": "Microsoft-Windows-Shell-Core/Operational", "Provider_Name": "Microsoft-Windows-Shell-Core", "Computer": "DESKTOP-OFJ6N53", "TimeCreated": "2025-08-22 12:59:50.626122+00:00", "RecordID": "35143", "Level": "4", "UserID": "S-1-5-21-963789628-1060504924-4285088085-1001", "EventData.LogonType": "0", "EventData.TaskName": "AssignedAccessAutoLaunch"}
{"EventID": "62171", "Channel": "Microsoft-Windows-Shell-Core/Operational", "Provider_Name": "Microsoft-Windows-Shell-Core", "Computer": "DESKTOP-OFJ6N53", "TimeCreated": "2025-08-22 12:59:50.626181+00:00", "RecordID": "35144", "Level": "4", "UserID": "S-1-5-21-963789628-1060504924-4285088085-1001", "EventData.LogonType": "0", "EventData.TaskName": "OEMFirstRunTelemetry"}
{"EventID": "62170", "Channel": "Microsoft-Windows-Shell-Core/Operational", "Provider_Name": "Microsoft-Windows-Shell-Core", "Computer": "DESKTOP-OFJ6N53", "TimeCreated": "2025-08-22 12:59:50.626200+00:00", "RecordID": "35145", "Level": "4", "UserID": "S-1-5-21-963789628-1060504924-4285088085-1001", "EventData.LogonType": "0", "EventData.TaskName": "InitializeBrowserSsoCookie"}
{"EventID": "62171", "Channel": "Microsoft-Windows-Shell-Core/Operational", "Provider_Name": "Microsoft-Windows-Shell-Core", "Computer": "DESKTOP-OFJ6N53", "TimeCreated": "2025-08-22 12:59:50.626371+00:00", "RecordID": "35146", "Level": "4", "UserID": "S-1-5-21-963789628-1060504924-4285088085-1001", "EventData.LogonType": "0", "EventData.TaskName": "InitializeBrowserSsoCookie"}
{"EventID": "62170", "Channel": "Microsoft-Windows-Shell-Core/Operational", "Provider_Name": "Microsoft-Windows-Shell-Core", "Computer": "DESKTOP-OFJ6N53", "TimeCreated": "2025-08-22 12:59:50.626390+00:00", "RecordID": "35147", "Level": "4", "UserID": "S-1-5-21-963789628-1060504924-4285088085-1001", "EventData.LogonType": "0", "EventData.TaskName": "CreateEdgeIconIfNeededPostStart"}
{"EventID": "62171", "Channel": "Microsoft-Windows-Shell-Core/Operational", "Provider_Name": "Microsoft-Windows-Shell-Core", "Computer": "DESKTOP-OFJ6N53", "TimeCreated": "2025-08-22 12:59:50.626610+00:00", "RecordID": "35148", "Level": "4", "UserID": "S-1-5-21-963789628-1060504924-4285088085-1001", "EventData.LogonType": "0", "EventData.TaskName": "CreateEdgeIconIfNeededPostStart"}
{"EventID": "62170", "Channel": "Microsoft-Windows-Shell-Core/Operational", "Provider_Name": "Microsoft-Windows-Shell-Core", "Computer": "DESKTOP-OFJ6N53", "TimeCreated": "2025-08-22 12:59:50.626646+00:00", "RecordID": "35149", "Level": "4", "UserID": "S-1-5-21-963789628-1060504924-4285088085-1001", "EventData.LogonType": "0", "EventData.TaskName": "CreateYourPhoneShortcutsIfNeededPostStart"}
{"EventID": "62171", "Channel": "Microsoft-Windows-Shell-Core/Operational", "Provider_Name": "Microsoft-Windows-Shell-Core", "Computer": "DESKTOP-OFJ6N53", "TimeCreated": "2025-08-22 12:59:50.626659+00:00", "RecordID": "35150", "Level": "4", "UserID": "S-1-5-21-963789628-1060504924-4285088085-1001", "EventData.LogonType": "0", "EventData.TaskName": "CreateYourPhoneShortcutsIfNeededPostStart"}
{"EventID": "62170", "Channel": "Microsoft-Windows-Shell-Core/Operational", "Provider_Name": "Microsoft-Windows-Shell-Core", "Computer": "DESKTOP-OFJ6N53", "TimeCreated": "2025-08-22 12:59:50.626678+00:00", "RecordID": "35151", "Level": "4", "UserID": "S-1-5-21-963789628-1060504924-4285088085-1001", "EventData.LogonType": "0", "EventData.TaskName": "LaunchLockScreenCacheImageRestorePostStart"}
