{"EventID": "41", "Channel": "Microsoft-Windows-TerminalServices-LocalSessionManager/Operational", "Provider_Name": "Microsoft-Windows-TerminalServices-LocalSessionManager", "Computer": "DESKTOP-OFJ6N53", "TimeCreated": "2024-10-04 11:18:34.176098+00:00", "RecordID": "6606", "Level": "4", "UserID": "S-1-5-18"}
{"EventID": "42", "Channel": "Microsoft-Windows-TerminalServices-LocalSessionManager/Operational", "Provider_Name": "Microsoft-Windows-TerminalServices-LocalSessionManager", "Computer": "DESKTOP-OFJ6N53", "TimeCreated": "2024-10-04 11:18:34.188799+00:00", "RecordID": "6607", "Level": "4", "UserID": "S-1-5-18"}
{"EventID": "21", "Channel": "Microsoft-Windows-TerminalServices-LocalSessionManager/Operational", "Provider_Name": "Microsoft-Windows-TerminalServices-LocalSessionManager", "Computer": "DESKTOP-OFJ6N53", "TimeCreated": "2024-10-04 11:18:35.535250+00:00", "RecordID": "6608", "Level": "4", "UserID": "S-1-5-18"}
{"EventID": "22", "Channel": "Microsoft-Windows-TerminalServices-LocalSessionManager/Operational", "Provider_Name": "Microsoft-Windows-TerminalServices-LocalSessionManager", "Computer": "DESKTOP-OFJ6N53", "TimeCreated": "2024-10-04 11:18:35.626755+00:00", "RecordID": "6609", "Level": "4", "UserID": "S-1-5-18"}
{"EventID": "23", "Channel": "Microsoft-Windows-TerminalServices-LocalSessionManager/Operational", "Provider_Name": "Microsoft-Windows-TerminalServices-LocalSessionManager", "Computer": "DESKTOP-OFJ6N53", "TimeCreated": "2024-10-04 22:02:25.951431+00:00", "RecordID": "6610", "Level": "4", "UserID": "S-1-5-18"}
{"EventID": "54", "Channel": "Microsoft-Windows-TerminalServices-LocalSessionManager/Operational", "Provider_Name": "Microsoft-Windows-TerminalServices-LocalSessionManager", "Computer": "DESKTOP-OFJ6N53", "TimeCreated": "2024-10-04 22:02:26.076242+00:00", "RecordID": "6611", "Level": "4", "UserID": "S-1-5-18"}
{"EventID": "40", "Channel": "Microsoft-Windows-TerminalServices-LocalSessionManager/Operational", "Provider_Name": "Microsoft-Windows-TerminalServices-LocalSessionManager", "Computer": "DESKTOP-OFJ6N53", "TimeCreated": "2024-10-04 22:02:26.415676+00:00", "RecordID": "6612", "Level": "4", "UserID": "S-1-5-18"}
{"EventID": "24", "Channel": "Microsoft-Windows-TerminalServices-LocalSessionManager/Operational", "Provider_Name": "Microsoft-Windows-TerminalServices-LocalSessionManager", "Computer": "DESKTOP-OFJ6N53", "TimeCreated": "2024-10-04 22:02:26.758064+00:00", "RecordID": "6613", "Level": "4", "UserID": "S-1-5-18"}
{"EventID": "32", "Channel": "Microsoft-Windows-TerminalServices-LocalSessionManager/Operational", "Provider_Name": "Microsoft-Windows-TerminalServices-LocalSessionManager", "Computer": "DESKTOP-OFJ6N53", "TimeCreated": "2024-10-04 22:02:51.683445+00:00", "RecordID": "6614", "Level": "4", "UserID": "S-1-5-18"}
{"EventID": "41", "Channel": "Microsoft-Windows-TerminalServices-LocalSessionManager/Operational", "Provider_Name": "Microsoft-Windows-TerminalServices-LocalSessionManager", "Computer": "DESKTOP-OFJ6N53", "TimeCreated": "2024-10-04 22:03:40.618773+00:00", "RecordID": "6615", "Level": "4", "UserID": "S-1-5-18"}
{"EventID": "42", "Channel": "Microsoft-Windows-TerminalServices-LocalSessionManager/Operational", "Provider_Name": "Microsoft-Windows-TerminalServices-LocalSessionManager", "Computer": "DESKTOP-OFJ6N53", "TimeCreated": "2024-10-04 22:03:40.624895+00:00", "RecordID": "6616", "Level": "4", "UserID": "S-1-5-18"}
{"EventID": "21", "Channel": "Microsoft-Windows-TerminalServices-LocalSessionManager/Operational", "Provider_Name": "Microsoft-Windows-TerminalServices-LocalSessionManager", "Computer": "DESKTOP-OFJ6N53", "TimeCreated": "2024-10-04 22:03:41.933922+00:00", "RecordID": "6617", "Level": "4", "UserID": "S-1-5-18"}
{"EventID": "22", "Channel": "Microsoft-Windows-TerminalServices-LocalSessionManager/Operational", "Provider_Name": "Microsoft-Windows-TerminalServices-LocalSessionManager", "Computer": "DESKTOP-OFJ6N53", "TimeCreated": "2024-10-04 22:03:42.151205+00:00", "RecordID": "6618", "Level": "4", "UserID": "S-1-5-18"}
{"EventID": "40", "Channel": "Microsoft-Windows-TerminalServices-LocalSessionManager/Operational", "Provider_Name": "Microsoft-Windows-TerminalServices-LocalSessionManager", "Computer": "DESKTOP-OFJ6N53", "TimeCreated": "2024-10-04 22:04:12.140005+00:00", "RecordID": "6619", "Level": "4", "UserID": "S-1-5-18"}
{"EventID": "24", "Channel": "Microsoft-Windows-TerminalServices-LocalSessionManager/Operational", "Provider_Name": "Microsoft-Windows-TerminalServices-LocalSessionManager", "Computer": "DESKTOP-OFJ6N53", "TimeCreated": "2024-10-04 22:04:12.762735+00:00", "RecordID": "6620", "Level": "4", "UserID": "S-1-5-18"}
{"EventID": "41", "Channel": "Microsoft-Windows-TerminalServices-LocalSessionManager/Operational", "Provider_Name": "Microsoft-Windows-TerminalServices-LocalSessionManager", "Computer": "DESKTOP-OFJ6N53", "TimeCreated": "2024-10-04 22:04:55.474503+00:00", "RecordID": "6621", "Level": "4", "UserID": "S-1-5-18"}
{"EventID": "40", "Channel": "Microsoft-Windows-TerminalServices-LocalSessionManager/Operational", "Provider_Name": "Microsoft-Windows-TerminalServices-LocalSessionManager", "Computer": "DESKTOP-OFJ6N53", "TimeCreated": "2024-10-04 22:04:55.478495+00:00", "RecordID": "6622", "Level": "4", "UserID": "S-1-5-18"}
{"EventID": "40", "Channel": "Microsoft-Windows-TerminalServices-LocalSessionManager/Operational", "Provider_Name": "Microsoft-Windows-TerminalServices-LocalSessionManager", "Computer": "DESKTOP-OFJ6N53", "TimeCreated": "2024-10-04 22:04:55.570087+00:00", "RecordID": "6623", "Level": "4", "UserID": "S-1-5-18"}
{"EventID": "25", "Channel": "Microsoft-Windows-TerminalServices-LocalSessionManager/Operational", "Provider_Name": "Microsoft-Windows-TerminalServices-LocalSessionManager", "Computer": "DESKTOP-OFJ6N53", "TimeCreated": "2024-10-04 22:04:55.810123+00:00", "RecordID": "6624", "Level": "4", "UserID": "S-1-5-18"}
{"EventID": "42", "Channel": "Microsoft-Windows-TerminalServices-LocalSessionManager/Operational", "Provider_Name": "Microsoft-Windows-TerminalServices-LocalSessionManager", "Computer": "DESKTOP-OFJ6N53", "TimeCreated": "2024-10-04 22:04:55.812523+00:00", "RecordID": "6625", "Level": "4", "UserID": "S-1-5-18"}
{"EventID": "54", "Channel": "Microsoft-Windows-TerminalServices-LocalSessionManager/Operational", "Provider_Name": "Microsoft-Windows-TerminalServices-LocalSessionManager", "Computer": "DESKTOP-OFJ6N53", "TimeCreated": "2024-10-08 20:24:02.536716+00:00", "RecordID": "6626", "Level": "4", "UserID": "S-1-5-18"}
{"EventID": "23", "Channel": "Microsoft-Windows-TerminalServices-LocalSessionManager/Operational", "Provider_Name": "Microsoft-Windows-TerminalServices-LocalSessionManager", "Computer": "DESKTOP-OFJ6N53", "TimeCreated": "2024-10-08 20:24:04.579086+00:00", "RecordID": "6627", "Level": "4", "UserID": "S-1-5-18"}
{"EventID": "32", "Channel": "Microsoft-Windows-TerminalServices-LocalSessionManager/Operational", "Provider_Name": "Microsoft-Windows-TerminalServices-LocalSessionManager", "Computer": "DESKTOP-OFJ6N53", "TimeCreated": "2024-10-08 20:25:29.670660+00:00", "RecordID": "6628", "Level": "4", "UserID": "S-1-5-18"}
{"EventID": "41", "Channel": "Microsoft-Windows-TerminalServices-LocalSessionManager/Operational", "Provider_Name": "Microsoft-Windows-TerminalServices-LocalSessionManager", "Computer": "DESKTOP-OFJ6N53", "TimeCreated": "2024-10-16 22:41:57.512129+00:00", "RecordID": "6629", "Level": "4", "UserID": "S-1-5-18"}
{"EventID": "42", "Channel": "Microsoft-Windows-TerminalServices-LocalSessionManager/Operational", "Provider_Name": "Microsoft-Windows-TerminalServices-LocalSessionManager", "Computer": "DESKTOP-OFJ6N53", "TimeCreated": "2024-10-16 22:41:57.521559+00:00", "RecordID": "6630", "Level": "4", "UserID": "S-1-5-18"}
{"EventID": "21", "Channel": "Microsoft-Windows-TerminalServices-LocalSessionManager/Operational", "Provider_Name": "Microsoft-Windows-TerminalServices-LocalSessionManager", "Computer": "DESKTOP-OFJ6N53", "TimeCreated": "2024-10-16 22:41:58.368406+00:00", "RecordID": "6631", "Level": "4", "UserID": "S-1-5-18"}
{"EventID": "22", "Channel": "Microsoft-Windows-TerminalServices-LocalSessionManager/Operational", "Provider_Name": "Microsoft-Windows-TerminalServices-LocalSessionManager", "Computer": "DESKTOP-OFJ6N53", "TimeCreated": "2024-10-16 22:41:58.676573+00:00", "RecordID": "6632", "Level": "4", "UserID": "S-1-5-18"}
{"EventID": "40", "Channel": "Microsoft-Windows-TerminalServices-LocalSessionManager/Operational", "Provider_Name": "Microsoft-Windows-TerminalServices-LocalSessionManager", "Computer": "DESKTOP-OFJ6N53", "TimeCreated": "2024-10-16 22:57:45.726721+00:00", "RecordID": "6633", "Level": "4", "UserID": "S-1-5-18"}
{"EventID": "24", "Channel": "Microsoft-Windows-TerminalServices-LocalSessionManager/Operational", "Provider_Name": "Microsoft-Windows-TerminalServices-LocalSessionManager", "Computer": "DESKTOP-OFJ6N53", "TimeCreated": "2024-10-16 22:57:46.380699+00:00", "RecordID": "6634", "Level": "4", "UserID": "S-1-5-18"}
{"EventID": "40", "Channel": "Microsoft-Windows-TerminalServices-LocalSessionManager/Operational", "Provider_Name": "Microsoft-Windows-TerminalServices-LocalSessionManager", "Computer": "DESKTOP-OFJ6N53", "TimeCreated": "2024-10-17 17:54:19.272161+00:00", "RecordID": "6635", "Level": "4", "UserID": "S-1-5-18"}
{"EventID": "25", "Channel": "Microsoft-Windows-TerminalServices-LocalSessionManager/Operational", "Provider_Name": "Microsoft-Windows-TerminalServices-LocalSessionManager", "Computer": "DESKTOP-OFJ6N53", "TimeCreated": "2024-10-17 17:54:19.746447+00:00", "RecordID": "6636", "Level": "4", "UserID": "S-1-5-18"}
{"EventID": "40", "Channel": "Microsoft-Windows-TerminalServices-LocalSessionManager/Operational", "Provider_Name": "Microsoft-Windows-TerminalServices-LocalSessionManager", "Computer": "DESKTOP-OFJ6N53", "TimeCreated": "2024-10-17 18:02:56.535707+00:00", "RecordID": "6637", "Level": "4", "UserID": "S-1-5-18"}
{"EventID": "24", "Channel": "Microsoft-Windows-TerminalServices-LocalSessionManager/Operational", "Provider_Name": "Microsoft-Windows-TerminalServices-LocalSessionManager", "Computer": "DESKTOP-OFJ6N53", "TimeCreated": "2024-10-17 18:02:57.112350+00:00", "RecordID": "6638", "Level": "4", "UserID": "S-1-5-18"}
{"EventID": "40", "Channel": "Microsoft-Windows-TerminalServices-LocalSessionManager/Operational", "Provider_Name": "Microsoft-Windows-TerminalServices-LocalSessionManager", "Computer": "DESKTOP-OFJ6N53", "TimeCreated": "2024-10-17 18:03:06.727730+00:00", "RecordID": "6639", "Level": "4", "UserID": "S-1-5-18"}
{"EventID": "40", "Channel": "Microsoft-Windows-TerminalServices-LocalSessionManager/Operational", "Provider_Name": "Microsoft-Windows-TerminalServices-LocalSessionManager", "Computer": "DESKTOP-OFJ6N53", "TimeCreated": "2024-10-17 18:03:06.728045+00:00", "RecordID": "6640", "Level": "4", "UserID": "S-1-5-18"}
{"EventID": "25", "Channel": "Microsoft-Windows-TerminalServices-LocalSessionManager/Operational", "Provider_Name": "Microsoft-Windows-TerminalServices-LocalSessionManager", "Computer": "DESKTOP-OFJ6N53", "TimeCreated": "2024-10-17 18:03:07.049742+00:00", "RecordID": "6641", "Level": "4", "UserID": "S-1-5-18"}
{"EventID": "40", "Channel": "Microsoft-Windows-TerminalServices-LocalSessionManager/Operational", "Provider_Name": "Microsoft-Windows-TerminalServices-LocalSessionManager", "Computer": "DESKTOP-OFJ6N53", "TimeCreated": "2024-10-17 20:09:17.738394+00:00", "RecordID": "6642", "Level": "4", "UserID": "S-1-5-18"}
{"EventID": "24", "Channel": "Microsoft-Windows-TerminalServices-LocalSessionManager/Operational", "Provider_Name": "Microsoft-Windows-TerminalServices-LocalSessionManager", "Computer": "DESKTOP-OFJ6N53", "TimeCreated": "2024-10-17 20:09:18.290760+00:00", "RecordID": "6643", "Level": "4", "UserID": "S-1-5-18"}
{"EventID": "40", "Channel": "Microsoft-Windows-TerminalServices-LocalSessionManager/Operational", "Provider_Name": "Microsoft-Windows-TerminalServices-LocalSessionManager", "Computer": "DESKTOP-OFJ6N53", "TimeCreated": "2024-10-18 08:18:50.384398+00:00", "RecordID": "6644", "Level": "4", "UserID": "S-1-5-18"}
{"EventID": "25", "Channel": "Microsoft-Windows-TerminalServices-LocalSessionManager/Operational", "Provider_Name": "Microsoft-Windows-TerminalServices-LocalSessionManager", "Computer": "DESKTOP-OFJ6N53", "TimeCreated": "2024-10-18 08:18:50.932760+00:00", "RecordID": "6645", "Level": "4", "UserID": "S-1-5-18"}
{"EventID": "40", "Channel": "Microsoft-Windows-TerminalServices-LocalSessionManager/Operational", "Provider_Name": "Microsoft-Windows-TerminalServices-LocalSessionManager", "Computer": "DESKTOP-OFJ6N53", "TimeCreated": "2024-10-18 13:40:58.599911+00:00", "RecordID": "6646", "Level": "4", "UserID": "S-1-5-18"}
{"EventID": "24", "Channel": "Microsoft-Windows-TerminalServices-LocalSessionManager/Operational", "Provider_Name": "Microsoft-Windows-TerminalServices-LocalSessionManager", "Computer": "DESKTOP-OFJ6N53", "TimeCreated": "2024-10-18 13:40:59.027822+00:00", "RecordID": "6647", "Level": "4", "UserID": "S-1-5-18"}
{"EventID": "40", "Channel": "Microsoft-Windows-TerminalServices-LocalSessionManager/Operational", "Provider_Name": "Microsoft-Windows-TerminalServices-LocalSessionManager", "Computer": "DESKTOP-OFJ6N53", "TimeCreated": "2024-10-20 21:47:10.285082+00:00", "RecordID": "6648", "Level": "4", "UserID": "S-1-5-18"}
{"EventID": "25", "Channel": "Microsoft-Windows-TerminalServices-LocalSessionManager/Operational", "Provider_Name": "Microsoft-Windows-TerminalServices-LocalSessionManager", "Computer": "DESKTOP-OFJ6N53", "TimeCreated": "2024-10-20 21:47:10.929255+00:00", "RecordID": "6649", "Level": "4", "UserID": "S-1-5-18"}
{"EventID": "40", "Channel": "Microsoft-Windows-TerminalServices-LocalSessionManager/Operational", "Provider_Name": "Microsoft-Windows-TerminalServices-LocalSessionManager", "Computer": "DESKTOP-OFJ6N53", "TimeCreated": "2024-10-20 21:48:15.601643+00:00", "RecordID": "6650", "Level": "4", "UserID": "S-1-5-18"}
{"EventID": "24", "Channel": "Microsoft-Windows-TerminalServices-LocalSessionManager/Operational", "Provider_Name": "Microsoft-Windows-TerminalServices-LocalSessionManager", "Computer": "DESKTOP-OFJ6N53", "TimeCreated": "2024-10-20 21:48:16.248745+00:00", "RecordID": "6651", "Level": "4", "UserID": "S-1-5-18"}
{"EventID": "41", "Channel": "Microsoft-Windows-TerminalServices-LocalSessionManager/Operational", "Provider_Name": "Microsoft-Windows-TerminalServices-LocalSessionManager", "Computer": "DESKTOP-OFJ6N53", "TimeCreated": "2024-10-20 21:49:16.787025+00:00", "RecordID": "6652", "Level": "4", "UserID": "S-1-5-18"}
{"EventID": "40", "Channel": "Microsoft-Windows-TerminalServices-LocalSessionManager/Operational", "Provider_Name": "Microsoft-Windows-TerminalServices-LocalSessionManager", "Computer": "DESKTOP-OFJ6N53", "TimeCreated": "2024-10-20 21:49:16.792118+00:00", "RecordID": "6653", "Level": "4", "UserID": "S-1-5-18"}
{"EventID": "40", "Channel": "Microsoft-Windows-TerminalServices-LocalSessionManager/Operational", "Provider_Name": "Microsoft-Windows-TerminalServices-LocalSessionManager", "Computer": "DESKTOP-OFJ6N53", "TimeCreated": "2024-10-20 21:49:16.914970+00:00", "RecordID": "6654", "Level": "4", "UserID": "S-1-5-18"}
{"EventID": "25", "Channel": "Microsoft-Windows-TerminalServices-LocalSessionManager/Operational", "Provider_Name": "Microsoft-Windows-TerminalServices-LocalSessionManager", "Computer": "DESKTOP-OFJ6N53", "TimeCreated": "2024-10-20 21:49:17.110556+00:00", "RecordID": "6655", "Level": "4", "UserID": "S-1-5-18"}
{"EventID": "42", "Channel": "Microsoft-Windows-TerminalServices-LocalSessionManager/Operational", "Provider_Name": "Microsoft-Windows-TerminalServices-LocalSessionManager", "Computer": "DESKTOP-OFJ6N53", "TimeCreated": "2024-10-20 21:49:17.125753+00:00", "RecordID": "6656", "Level": "4", "UserID": "S-1-5-18"}
{"EventID": "40", "Channel": "Microsoft-Windows-TerminalServices-LocalSessionManager/Operational", "Provider_Name": "Microsoft-Windows-TerminalServices-LocalSessionManager", "Computer": "DESKTOP-OFJ6N53", "TimeCreated": "2024-10-24 02:59:22.319838+00:00", "RecordID": "6657", "Level": "4", "UserID": "S-1-5-18"}
{"EventID": "24", "Channel": "Microsoft-Windows-TerminalServices-LocalSessionManager/Operational", "Provider_Name": "Microsoft-Windows-TerminalServices-LocalSessionManager", "Computer": "DESKTOP-OFJ6N53", "TimeCreated": "2024-10-24 02:59:22.592213+00:00", "RecordID": "6658", "Level": "4", "UserID": "S-1-5-18"}
{"EventID": "25", "Channel": "Microsoft-Windows-TerminalServices-LocalSessionManager/Operational", "Provider_Name": "Microsoft-Windows-TerminalServices-LocalSessionManager", "Computer": "DESKTOP-OFJ6N53", "TimeCreated": "2024-10-24 02:59:24.056751+00:00", "RecordID": "6659", "Level": "4", "UserID": "S-1-5-18"}
{"EventID": "40", "Channel": "Microsoft-Windows-TerminalServices-LocalSessionManager/Operational", "Provider_Name": "Microsoft-Windows-TerminalServices-LocalSessionManager", "Computer": "DESKTOP-OFJ6N53", "TimeCreated": "2024-10-24 06:13:30.275364+00:00", "RecordID": "6660", "Level": "4", "UserID": "S-1-5-18"}
{"EventID": "24", "Channel": "Microsoft-Windows-TerminalServices-LocalSessionManager/Operational", "Provider_Name": "Microsoft-Windows-TerminalServices-LocalSessionManager", "Computer": "DESKTOP-OFJ6N53", "TimeCreated": "2024-10-24 06:13:30.769722+00:00", "RecordID": "6661", "Level": "4", "UserID": "S-1-5-18"}
{"EventID": "40", "Channel": "Microsoft-Windows-TerminalServices-LocalSessionManager/Operational", "Provider_Name": "Microsoft-Windows-TerminalServices-LocalSessionManager", "Computer": "DESKTOP-OFJ6N53", "TimeCreated": "2024-10-24 10:33:40.290865+00:00", "RecordID": "6662", "Level": "4", "UserID": "S-1-5-18"}
{"EventID": "25", "Channel": "Microsoft-Windows-TerminalServices-LocalSessionManager/Operational", "Provider_Name": "Microsoft-Windows-TerminalServices-LocalSessionManager", "Computer": "DESKTOP-OFJ6N53", "TimeCreated": "2024-10-24 10:33:40.875240+00:00", "RecordID": "6663", "Level": "4", "UserID": "S-1-5-18"}
{"EventID": "40", "Channel": "Microsoft-Windows-TerminalServices-LocalSessionManager/Operational", "Provider_Name": "Microsoft-Windows-TerminalServices-LocalSessionManager", "Computer": "DESKTOP-OFJ6N53", "TimeCreated": "2024-10-24 12:56:19.901741+00:00", "RecordID": "6664", "Level": "4", "UserID": "S-1-5-18"}
{"EventID": "24", "Channel": "Microsoft-Windows-TerminalServices-LocalSessionManager/Operational", "Provider_Name": "Microsoft-Windows-TerminalServices-LocalSessionManager", "Computer": "DESKTOP-OFJ6N53", "TimeCreated": "2024-10-24 12:56:20.323498+00:00", "RecordID": "6665", "Level": "4", "UserID": "S-1-5-18"}
{"EventID": "40", "Channel": "Microsoft-Windows-TerminalServices-LocalSessionManager/Operational", "Provider_Name": "Microsoft-Windows-TerminalServices-LocalSessionManager", "Computer": "DESKTOP-OFJ6N53", "TimeCreated": "2024-10-24 22:45:44.320423+00:00", "RecordID": "6666", "Level": "4", "UserID": "S-1-5-18"}
{"EventID": "25", "Channel": "Microsoft-Windows-TerminalServices-LocalSessionManager/Operational", "Provider_Name": "Microsoft-Windows-TerminalServices-LocalSessionManager", "Computer": "DESKTOP-OFJ6N53", "TimeCreated": "2024-10-24 22:45:44.978226+00:00", "RecordID": "6667", "Level": "4", "UserID": "S-1-5-18"}
{"EventID": "40", "Channel": "Microsoft-Windows-TerminalServices-LocalSessionManager/Operational", "Provider_Name": "Microsoft-Windows-TerminalServices-LocalSessionManager", "Computer": "DESKTOP-OFJ6N53", "TimeCreated": "2024-10-24 22:46:28.404696+00:00", "RecordID": "6668", "Level": "4", "UserID": "S-1-5-18"}
{"EventID": "24", "Channel": "Microsoft-Windows-TerminalServices-LocalSessionManager/Operational", "Provider_Name": "Microsoft-Windows-TerminalServices-LocalSessionManager", "Computer": "DESKTOP-OFJ6N53", "TimeCreated": "2024-10-24 22:46:28.712801+00:00", "RecordID": "6669", "Level": "4", "UserID": "S-1-5-18"}
{"EventID": "41", "Channel": "Microsoft-Windows-TerminalServices-LocalSessionManager/Operational", "Provider_Name": "Microsoft-Windows-TerminalServices-LocalSessionManager", "Computer": "DESKTOP-OFJ6N53", "TimeCreated": "2024-10-24 22:50:11.827110+00:00", "RecordID": "6670", "Level": "4", "UserID": "S-1-5-18"}
{"EventID": "40", "Channel": "Microsoft-Windows-TerminalServices-LocalSessionManager/Operational", "Provider_Name": "Microsoft-Windows-TerminalServices-LocalSessionManager", "Computer": "DESKTOP-OFJ6N53", "TimeCreated": "2024-10-24 22:50:11.831165+00:00", "RecordID": "6671", "Level": "4", "UserID": "S-1-5-18"}
{"EventID": "40", "Channel": "Microsoft-Windows-TerminalServices-LocalSessionManager/Operational", "Provider_Name": "Microsoft-Windows-TerminalServices-LocalSessionManager", "Computer": "DESKTOP-OFJ6N53", "TimeCreated": "2024-10-24 22:50:11.886084+00:00", "RecordID": "6672", "Level": "4", "UserID": "S-1-5-18"}
{"EventID": "25", "Channel": "Microsoft-Windows-TerminalServices-LocalSessionManager/Operational", "Provider_Name": "Microsoft-Windows-TerminalServices-LocalSessionManager", "Computer": "DESKTOP-OFJ6N53", "TimeCreated": "2024-10-24 22:50:12.256729+00:00", "RecordID": "6673", "Level": "4", "UserID": "S-1-5-18"}
{"EventID": "42", "Channel": "Microsoft-Windows-TerminalServices-LocalSessionManager/Operational", "Provider_Name": "Microsoft-Windows-TerminalServices-LocalSessionManager", "Computer": "DESKTOP-OFJ6N53", "TimeCreated": "2024-10-24 22:50:12.269999+00:00", "RecordID": "6674", "Level": "4", "UserID": "S-1-5-18"}
{"EventID": "40", "Channel": "Microsoft-Windows-TerminalServices-LocalSessionManager/Operational", "Provider_Name": "Microsoft-Windows-TerminalServices-LocalSessionManager", "Computer": "DESKTOP-OFJ6N53", "TimeCreated": "2024-10-31 14:20:52.720833+00:00", "RecordID": "6675", "Level": "4", "UserID": "S-1-5-18"}
{"EventID": "24", "Channel": "Microsoft-Windows-TerminalServices-LocalSessionManager/Operational", "Provider_Name": "Microsoft-Windows-TerminalServices-LocalSessionManager", "Computer": "DESKTOP-OFJ6N53", "TimeCreated": "2024-10-31 14:20:52.980143+00:00", "RecordID": "6676", "Level": "4", "UserID": "S-1-5-18"}
{"EventID": "25", "Channel": "Microsoft-Windows-TerminalServices-LocalSessionManager/Operational", "Provider_Name": "Microsoft-Windows-TerminalServices-LocalSessionManager", "Computer": "DESKTOP-OFJ6N53", "TimeCreated": "2024-10-31 14:20:54.057484+00:00", "RecordID": "6677", "Level": "4", "UserID": "S-1-5-18"}
{"EventID": "40", "Channel": "Microsoft-Windows-TerminalServices-LocalSessionManager/Operational", "Provider_Name": "Microsoft-Windows-TerminalServices-LocalSessionManager", "Computer": "DESKTOP-OFJ6N53", "TimeCreated": "2024-10-31 16:02:03.911755+00:00", "RecordID": "6678", "Level": "4", "UserID": "S-1-5-18"}
{"EventID": "24", "Channel": "Microsoft-Windows-TerminalServices-LocalSessionManager/Operational", "Provider_Name": "Microsoft-Windows-TerminalServices-LocalSessionManager", "Computer": "DESKTOP-OFJ6N53", "TimeCreated": "2024-10-31 16:02:04.532572+00:00", "RecordID": "6679", "Level": "4", "UserID": "S-1-5-18"}
{"EventID": "40", "Channel": "Microsoft-Windows-TerminalServices-LocalSessionManager/Operational", "Provider_Name": "Microsoft-Windows-TerminalServices-LocalSessionManager", "Computer": "DESKTOP-OFJ6N53", "TimeCreated": "2024-11-01 00:37:25.004511+00:00", "RecordID": "6680", "Level": "4", "UserID": "S-1-5-18"}
{"EventID": "25", "Channel": "Microsoft-Windows-TerminalServices-LocalSessionManager/Operational", "Provider_Name": "Microsoft-Windows-TerminalServices-LocalSessionManager", "Computer": "DESKTOP-OFJ6N53", "TimeCreated": "2024-11-01 00:37:25.587858+00:00", "RecordID": "6681", "Level": "4", "UserID": "S-1-5-18"}
{"EventID": "40", "Channel": "Microsoft-Windows-TerminalServices-LocalSessionManager/Operational", "Provider_Name": "Microsoft-Windows-TerminalServices-LocalSessionManager", "Computer": "DESKTOP-OFJ6N53", "TimeCreated": "2024-11-01 00:38:50.173199+00:00", "RecordID": "6682", "Level": "4", "UserID": "S-1-5-18"}
{"EventID": "24", "Channel": "Microsoft-Windows-TerminalServices-LocalSessionManager/Operational", "Provider_Name": "Microsoft-Windows-TerminalServices-LocalSessionManager", "Computer": "DESKTOP-OFJ6N53", "TimeCreated": "2024-11-01 00:38:50.901785+00:00", "RecordID": "6683", "Level": "4", "UserID": "S-1-5-18"}
{"EventID": "25", "Channel": "Microsoft-Windows-TerminalServices-LocalSessionManager/Operational", "Provider_Name": "Microsoft-Windows-TerminalServices-LocalSessionManager", "Computer": "DESKTOP-OFJ6N53", "TimeCreated": "2024-11-01 00:38:51.709015+00:00", "RecordID": "6684", "Level": "4", "UserID": "S-1-5-18"}
{"EventID": "40", "Channel": "Microsoft-Windows-TerminalServices-LocalSessionManager/Operational", "Provider_Name": "Microsoft-Windows-TerminalServices-LocalSessionManager", "Computer": "DESKTOP-OFJ6N53", "TimeCreated": "2024-11-01 00:39:34.348513+00:00", "RecordID": "6685", "Level": "4", "UserID": "S-1-5-18"}
{"EventID": "24", "Channel": "Microsoft-Windows-TerminalServices-LocalSessionManager/Operational", "Provider_Name": "Microsoft-Windows-TerminalServices-LocalSessionManager", "Computer": "DESKTOP-OFJ6N53", "TimeCreated": "2024-11-01 00:39:35.101856+00:00", "RecordID": "6686", "Level": "4", "UserID": "S-1-5-18"}
{"EventID": "41", "Channel": "Microsoft-Windows-TerminalServices-LocalSessionManager/Operational", "Provider_Name": "Microsoft-Windows-TerminalServices-LocalSessionManager", "Computer": "DESKTOP-OFJ6N53", "TimeCreated": "2024-11-01 00:40:28.743944+00:00", "RecordID": "6687", "Level": "4", "UserID": "S-1-5-18"}
{"EventID": "40", "Channel": "Microsoft-Windows-TerminalServices-LocalSessionManager/Operational", "Provider_Name": "Microsoft-Windows-TerminalServices-LocalSessionManager", "Computer": "DESKTOP-OFJ6N53", "TimeCreated": "2024-11-01 00:40:28.747677+00:00", "RecordID": "6688", "Level": "4", "UserID": "S-1-5-18"}
{"EventID": "40", "Channel": "Microsoft-Windows-TerminalServices-LocalSessionManager/Operational", "Provider_Name": "Microsoft-Windows-TerminalServices-LocalSessionManager", "Computer": "DESKTOP-OFJ6N53", "TimeCreated": "2024-11-01 00:40:28.812540+00:00", "RecordID": "6689", "Level": "4", "UserID": "S-1-5-18"}
{"EventID": "25", "Channel": "Microsoft-Windows-TerminalServices-LocalSessionManager/Operational", "Provider_Name": "Microsoft-Windows-TerminalServices-LocalSessionManager", "Computer": "DESKTOP-OFJ6N53", "TimeCreated": "2024-11-01 00:40:28.977592+00:00", "RecordID": "6690", "Level": "4", "UserID": "S-1-5-18"}
{"EventID": "42", "Channel": "Microsoft-Windows-TerminalServices-LocalSessionManager/Operational", "Provider_Name": "Microsoft-Windows-TerminalServices-LocalSessionManager", "Computer": "DESKTOP-OFJ6N53", "TimeCreated": "2024-11-01 00:40:28.978029+00:00", "RecordID": "6691", "Level": "4", "UserID": "S-1-5-18"}
{"EventID": "40", "Channel": "Microsoft-Windows-TerminalServices-LocalSessionManager/Operational", "Provider_Name": "Microsoft-Windows-TerminalServices-LocalSessionManager", "Computer": "DESKTOP-OFJ6N53", "TimeCreated": "2024-11-02 12:46:42.484776+00:00", "RecordID": "6692", "Level": "4", "UserID": "S-1-5-18"}
{"EventID": "24", "Channel": "Microsoft-Windows-TerminalServices-LocalSessionManager/Operational", "Provider_Name": "Microsoft-Windows-TerminalServices-LocalSessionManager", "Computer": "DESKTOP-OFJ6N53", "TimeCreated": "2024-11-02 12:46:42.812771+00:00", "RecordID": "6693", "Level": "4", "UserID": "S-1-5-18"}
{"EventID": "25", "Channel": "Microsoft-Windows-TerminalServices-LocalSessionManager/Operational", "Provider_Name": "Microsoft-Windows-TerminalServices-LocalSessionManager", "Computer": "DESKTOP-OFJ6N53", "TimeCreated": "2024-11-02 12:46:44.013451+00:00", "RecordID": "6694", "Level": "4", "UserID": "S-1-5-18"}
{"EventID": "40", "Channel": "Microsoft-Windows-TerminalServices-LocalSessionManager/Operational", "Provider_Name": "Microsoft-Windows-TerminalServices-LocalSessionManager", "Computer": "DESKTOP-OFJ6N53", "TimeCreated": "2024-11-02 14:22:18.519138+00:00", "RecordID": "6695", "Level": "4", "UserID": "S-1-5-18"}
{"EventID": "24", "Channel": "Microsoft-Windows-TerminalServices-LocalSessionManager/Operational", "Provider_Name": "Microsoft-Windows-TerminalServices-LocalSessionManager", "Computer": "DESKTOP-OFJ6N53", "TimeCreated": "2024-11-02 14:22:18.939627+00:00", "RecordID": "6696", "Level": "4", "UserID": "S-1-5-18"}
{"EventID": "40", "Channel": "Microsoft-Windows-TerminalServices-LocalSessionManager/Operational", "Provider_Name": "Microsoft-Windows-TerminalServices-LocalSessionManager", "Computer": "DESKTOP-OFJ6N53", "TimeCreated": "2024-11-02 23:18:34.697687+00:00", "RecordID": "6697", "Level": "4", "UserID": "S-1-5-18"}
{"EventID": "25", "Channel": "Microsoft-Windows-TerminalServices-LocalSessionManager/Operational", "Provider_Name": "Microsoft-Windows-TerminalServices-LocalSessionManager", "Computer": "DESKTOP-OFJ6N53", "TimeCreated": "2024-11-02 23:18:35.239338+00:00", "RecordID": "6698", "Level": "4", "UserID": "S-1-5-18"}
{"EventID": "40", "Channel": "Microsoft-Windows-TerminalServices-LocalSessionManager/Operational", "Provider_Name": "Microsoft-Windows-TerminalServices-LocalSessionManager", "Computer": "DESKTOP-OFJ6N53", "TimeCreated": "2024-11-02 23:19:11.995111+00:00", "RecordID": "6699", "Level": "4", "UserID": "S-1-5-18"}
{"EventID": "24", "Channel": "Microsoft-Windows-TerminalServices-LocalSessionManager/Operational", "Provider_Name": "Microsoft-Windows-TerminalServices-LocalSessionManager", "Computer": "DESKTOP-OFJ6N53", "TimeCreated": "2024-11-02 23:19:12.515062+00:00", "RecordID": "6700", "Level": "4", "UserID": "S-1-5-18"}
{"EventID": "40", "Channel": "Microsoft-Windows-TerminalServices-LocalSessionManager/Operational", "Provider_Name": "Microsoft-Windows-TerminalServices-LocalSessionManager", "Computer": "DESKTOP-OFJ6N53", "TimeCreated": "2024-11-02 23:19:20.410122+00:00", "RecordID": "6701", "Level": "4", "UserID": "S-1-5-18"}
{"EventID": "25", "Channel": "Microsoft-Windows-TerminalServices-LocalSessionManager/Operational", "Provider_Name": "Microsoft-Windows-TerminalServices-LocalSessionManager", "Computer": "DESKTOP-OFJ6N53", "TimeCreated": "2024-11-02 23:19:20.852470+00:00", "RecordID": "6702", "Level": "4", "UserID": "S-1-5-18"}
{"EventID": "40", "Channel": "Microsoft-Windows-TerminalServices-LocalSessionManager/Operational", "Provider_Name": "Microsoft-Windows-TerminalServices-LocalSessionManager", "Computer": "DESKTOP-OFJ6N53", "TimeCreated": "2024-11-02 23:19:24.885595+00:00", "RecordID": "6703", "Level": "4", "UserID": "S-1-5-18"}
{"EventID": "24", "Channel": "Microsoft-Windows-TerminalServices-LocalSessionManager/Operational", "Provider_Name": "Microsoft-Windows-TerminalServices-LocalSessionManager", "Computer": "DESKTOP-OFJ6N53", "TimeCreated": "2024-11-02 23:19:25.515528+00:00", "RecordID": "6704", "Level": "4", "UserID": "S-1-5-18"}
{"EventID": "40", "Channel": "Microsoft-Windows-TerminalServices-LocalSessionManager/Operational", "Provider_Name": "Microsoft-Windows-TerminalServices-LocalSessionManager", "Computer": "DESKTOP-OFJ6N53", "TimeCreated": "2024-11-02 23:19:38.784882+00:00", "RecordID": "6705", "Level": "4", "UserID": "S-1-5-18"}
{"EventID": "25", "Channel": "Microsoft-Windows-TerminalServices-LocalSessionManager/Operational", "Provider_Name": "Microsoft-Windows-TerminalServices-LocalSessionManager", "Computer": "DESKTOP-OFJ6N53", "TimeCreated": "2024-11-02 23:19:39.273794+00:00", "RecordID": "6706", "Level": "4", "UserID": "S-1-5-18"}
{"EventID": "40", "Channel": "Microsoft-Windows-TerminalServices-LocalSessionManager/Operational", "Provider_Name": "Microsoft-Windows-TerminalServices-LocalSessionManager", "Computer": "DESKTOP-OFJ6N53", "TimeCreated": "2024-11-02 23:21:22.752707+00:00", "RecordID": "6707", "Level": "4", "UserID": "S-1-5-18"}
{"EventID": "24", "Channel": "Microsoft-Windows-TerminalServices-LocalSessionManager/Operational", "Provider_Name": "Microsoft-Windows-TerminalServices-LocalSessionManager", "Computer": "DESKTOP-OFJ6N53", "TimeCreated": "2024-11-02 23:21:23.659943+00:00", "RecordID": "6708", "Level": "4", "UserID": "S-1-5-18"}
{"EventID": "41", "Channel": "Microsoft-Windows-TerminalServices-LocalSessionManager/Operational", "Provider_Name": "Microsoft-Windows-TerminalServices-LocalSessionManager", "Computer": "DESKTOP-OFJ6N53", "TimeCreated": "2024-11-02 23:21:55.709023+00:00", "RecordID": "6709", "Level": "4", "UserID": "S-1-5-18"}
{"EventID": "40", "Channel": "Microsoft-Windows-TerminalServices-LocalSessionManager/Operational", "Provider_Name": "Microsoft-Windows-TerminalServices-LocalSessionManager", "Computer": "DESKTOP-OFJ6N53", "TimeCreated": "2024-11-02 23:21:55.713440+00:00", "RecordID": "6710", "Level": "4", "UserID": "S-1-5-18"}
{"EventID": "40", "Channel": "Microsoft-Windows-TerminalServices-LocalSessionManager/Operational", "Provider_Name": "Microsoft-Windows-TerminalServices-LocalSessionManager", "Computer": "DESKTOP-OFJ6N53", "TimeCreated": "2024-11-02 23:21:55.776873+00:00", "RecordID": "6711", "Level": "4", "UserID": "S-1-5-18"}
{"EventID": "25", "Channel": "Microsoft-Windows-TerminalServices-LocalSessionManager/Operational", "Provider_Name": "Microsoft-Windows-TerminalServices-LocalSessionManager", "Computer": "DESKTOP-OFJ6N53", "TimeCreated": "2024-11-02 23:21:56.071459+00:00", "RecordID": "6712", "Level": "4", "UserID": "S-1-5-18"}
{"EventID": "42", "Channel": "Microsoft-Windows-TerminalServices-LocalSessionManager/Operational", "Provider_Name": "Microsoft-Windows-TerminalServices-LocalSessionManager", "Computer": "DESKTOP-OFJ6N53", "TimeCreated": "2024-11-02 23:21:56.089842+00:00", "RecordID": "6713", "Level": "4", "UserID": "S-1-5-18"}
{"EventID": "54", "Channel": "Microsoft-Windows-TerminalServices-LocalSessionManager/Operational", "Provider_Name": "Microsoft-Windows-TerminalServices-LocalSessionManager", "Computer": "DESKTOP-OFJ6N53", "TimeCreated": "2024-11-13 14:43:03.087234+00:00", "RecordID": "6714", "Level": "4", "UserID": "S-1-5-18"}
{"EventID": "23", "Channel": "Microsoft-Windows-TerminalServices-LocalSessionManager/Operational", "Provider_Name": "Microsoft-Windows-TerminalServices-LocalSessionManager", "Computer": "DESKTOP-OFJ6N53", "TimeCreated": "2024-11-13 14:43:06.809830+00:00", "RecordID": "6715", "Level": "4", "UserID": "S-1-5-18"}
{"EventID": "32", "Channel": "Microsoft-Windows-TerminalServices-LocalSessionManager/Operational", "Provider_Name": "Microsoft-Windows-TerminalServices-LocalSessionManager", "Computer": "DESKTOP-OFJ6N53", "TimeCreated": "2024-11-13 14:45:12.806690+00:00", "RecordID": "6716", "Level": "4", "UserID": "S-1-5-18"}
{"EventID": "41", "Channel": "Microsoft-Windows-TerminalServices-LocalSessionManager/Operational", "Provider_Name": "Microsoft-Windows-TerminalServices-LocalSessionManager", "Computer": "DESKTOP-OFJ6N53", "TimeCreated": "2024-11-18 12:12:22.463326+00:00", "RecordID": "6717", "Level": "4", "UserID": "S-1-5-18"}
{"EventID": "42", "Channel": "Microsoft-Windows-TerminalServices-LocalSessionManager/Operational", "Provider_Name": "Microsoft-Windows-TerminalServices-LocalSessionManager", "Computer": "DESKTOP-OFJ6N53", "TimeCreated": "2024-11-18 12:12:22.475792+00:00", "RecordID": "6718", "Level": "4", "UserID": "S-1-5-18"}
{"EventID": "21", "Channel": "Microsoft-Windows-TerminalServices-LocalSessionManager/Operational", "Provider_Name": "Microsoft-Windows-TerminalServices-LocalSessionManager", "Computer": "DESKTOP-OFJ6N53", "TimeCreated": "2024-11-18 12:12:23.413826+00:00", "RecordID": "6719", "Level": "4", "UserID": "S-1-5-18"}
{"EventID": "22", "Channel": "Microsoft-Windows-TerminalServices-LocalSessionManager/Operational", "Provider_Name": "Microsoft-Windows-TerminalServices-LocalSessionManager", "Computer": "DESKTOP-OFJ6N53", "TimeCreated": "2024-11-18 12:12:23.681522+00:00", "RecordID": "6720", "Level": "4", "UserID": "S-1-5-18"}
{"EventID": "40", "Channel": "Microsoft-Windows-TerminalServices-LocalSessionManager/Operational", "Provider_Name": "Microsoft-Windows-TerminalServices-LocalSessionManager", "Computer": "DESKTOP-OFJ6N53", "TimeCreated": "2024-11-20 13:45:28.396038+00:00", "RecordID": "6721", "Level": "4", "UserID": "S-1-5-18"}
{"EventID": "24", "Channel": "Microsoft-Windows-TerminalServices-LocalSessionManager/Operational", "Provider_Name": "Microsoft-Windows-TerminalServices-LocalSessionManager", "Computer": "DESKTOP-OFJ6N53", "TimeCreated": "2024-11-20 13:45:28.605957+00:00", "RecordID": "6722", "Level": "4", "UserID": "S-1-5-18"}
{"EventID": "25", "Channel": "Microsoft-Windows-TerminalServices-LocalSessionManager/Operational", "Provider_Name": "Microsoft-Windows-TerminalServices-LocalSessionManager", "Computer": "DESKTOP-OFJ6N53", "TimeCreated": "2024-11-20 13:45:29.548943+00:00", "RecordID": "6723", "Level": "4", "UserID": "S-1-5-18"}
{"EventID": "40", "Channel": "Microsoft-Windows-TerminalServices-LocalSessionManager/Operational", "Provider_Name": "Microsoft-Windows-TerminalServices-LocalSessionManager", "Computer": "DESKTOP-OFJ6N53", "TimeCreated": "2024-11-20 13:55:37.873119+00:00", "RecordID": "6724", "Level": "4", "UserID": "S-1-5-18"}
{"EventID": "24", "Channel": "Microsoft-Windows-TerminalServices-LocalSessionManager/Operational", "Provider_Name": "Microsoft-Windows-TerminalServices-LocalSessionManager", "Computer": "DESKTOP-OFJ6N53", "TimeCreated": "2024-11-20 13:55:38.281467+00:00", "RecordID": "6725", "Level": "4", "UserID": "S-1-5-18"}
{"EventID": "40", "Channel": "Microsoft-Windows-TerminalServices-LocalSessionManager/Operational", "Provider_Name": "Microsoft-Windows-TerminalServices-LocalSessionManager", "Computer": "DESKTOP-OFJ6N53", "TimeCreated": "2024-11-20 14:02:30.365763+00:00", "RecordID": "6726", "Level": "4", "UserID": "S-1-5-18"}
{"EventID": "25", "Channel": "Microsoft-Windows-TerminalServices-LocalSessionManager/Operational", "Provider_Name": "Microsoft-Windows-TerminalServices-LocalSessionManager", "Computer": "DESKTOP-OFJ6N53", "TimeCreated": "2024-11-20 14:02:31.025326+00:00", "RecordID": "6727", "Level": "4", "UserID": "S-1-5-18"}
{"EventID": "40", "Channel": "Microsoft-Windows-TerminalServices-LocalSessionManager/Operational", "Provider_Name": "Microsoft-Windows-TerminalServices-LocalSessionManager", "Computer": "DESKTOP-OFJ6N53", "TimeCreated": "2024-11-20 14:44:54.461704+00:00", "RecordID": "6728", "Level": "4", "UserID": "S-1-5-18"}
{"EventID": "24", "Channel": "Microsoft-Windows-TerminalServices-LocalSessionManager/Operational", "Provider_Name": "Microsoft-Windows-TerminalServices-LocalSessionManager", "Computer": "DESKTOP-OFJ6N53", "TimeCreated": "2024-11-20 14:44:54.942450+00:00", "RecordID": "6729", "Level": "4", "UserID": "S-1-5-18"}
{"EventID": "40", "Channel": "Microsoft-Windows-TerminalServices-LocalSessionManager/Operational", "Provider_Name": "Microsoft-Windows-TerminalServices-LocalSessionManager", "Computer": "DESKTOP-OFJ6N53", "TimeCreated": "2024-11-20 14:53:26.813807+00:00", "RecordID": "6730", "Level": "4", "UserID": "S-1-5-18"}
{"EventID": "25", "Channel": "Microsoft-Windows-TerminalServices-LocalSessionManager/Operational", "Provider_Name": "Microsoft-Windows-TerminalServices-LocalSessionManager", "Computer": "DESKTOP-OFJ6N53", "TimeCreated": "2024-11-20 14:53:27.298563+00:00", "RecordID": "6731", "Level": "4", "UserID": "S-1-5-18"}
{"EventID": "40", "Channel": "Microsoft-Windows-TerminalServices-LocalSessionManager/Operational", "Provider_Name": "Microsoft-Windows-TerminalServices-LocalSessionManager", "Computer": "DESKTOP-OFJ6N53", "TimeCreated": "2024-11-21 07:12:26.493023+00:00", "RecordID": "6732", "Level": "4", "UserID": "S-1-5-18"}
{"EventID": "24", "Channel": "Microsoft-Windows-TerminalServices-LocalSessionManager/Operational", "Provider_Name": "Microsoft-Windows-TerminalServices-LocalSessionManager", "Computer": "DESKTOP-OFJ6N53", "TimeCreated": "2024-11-21 07:12:27.022179+00:00", "RecordID": "6733", "Level": "4", "UserID": "S-1-5-18"}
{"EventID": "40", "Channel": "Microsoft-Windows-TerminalServices-LocalSessionManager/Operational", "Provider_Name": "Microsoft-Windows-TerminalServices-LocalSessionManager", "Computer": "DESKTOP-OFJ6N53", "TimeCreated": "2024-11-21 07:12:37.492159+00:00", "RecordID": "6734", "Level": "4", "UserID": "S-1-5-18"}
{"EventID": "40", "Channel": "Microsoft-Windows-TerminalServices-LocalSessionManager/Operational", "Provider_Name": "Microsoft-Windows-TerminalServices-LocalSessionManager", "Computer": "DESKTOP-OFJ6N53", "TimeCreated": "2024-11-21 07:12:37.492626+00:00", "RecordID": "6735", "Level": "4", "UserID": "S-1-5-18"}
{"EventID": "25", "Channel": "Microsoft-Windows-TerminalServices-LocalSessionManager/Operational", "Provider_Name": "Microsoft-Windows-TerminalServices-LocalSessionManager", "Computer": "DESKTOP-OFJ6N53", "TimeCreated": "2024-11-21 07:12:38.020386+00:00", "RecordID": "6736", "Level": "4", "UserID": "S-1-5-18"}
{"EventID": "40", "Channel": "Microsoft-Windows-TerminalServices-LocalSessionManager/Operational", "Provider_Name": "Microsoft-Windows-TerminalServices-LocalSessionManager", "Computer": "DESKTOP-OFJ6N53", "TimeCreated": "2024-11-21 09:26:02.418221+00:00", "RecordID": "6737", "Level": "4", "UserID": "S-1-5-18"}
{"EventID": "24", "Channel": "Microsoft-Windows-TerminalServices-LocalSessionManager/Operational", "Provider_Name": "Microsoft-Windows-TerminalServices-LocalSessionManager", "Computer": "DESKTOP-OFJ6N53", "TimeCreated": "2024-11-21 09:26:02.850325+00:00", "RecordID": "6738", "Level": "4", "UserID": "S-1-5-18"}
{"EventID": "40", "Channel": "Microsoft-Windows-TerminalServices-LocalSessionManager/Operational", "Provider_Name": "Microsoft-Windows-TerminalServices-LocalSessionManager", "Computer": "DESKTOP-OFJ6N53", "TimeCreated": "2024-11-27 12:52:37.019878+00:00", "RecordID": "6739", "Level": "4", "UserID": "S-1-5-18"}
{"EventID": "25", "Channel": "Microsoft-Windows-TerminalServices-LocalSessionManager/Operational", "Provider_Name": "Microsoft-Windows-TerminalServices-LocalSessionManager", "Computer": "DESKTOP-OFJ6N53", "TimeCreated": "2024-11-27 12:52:37.500055+00:00", "RecordID": "6740", "Level": "4", "UserID": "S-1-5-18"}
{"EventID": "40", "Channel": "Microsoft-Windows-TerminalServices-LocalSessionManager/Operational", "Provider_Name": "Microsoft-Windows-TerminalServices-LocalSessionManager", "Computer": "DESKTOP-OFJ6N53", "TimeCreated": "2024-11-27 13:51:03.062424+00:00", "RecordID": "6741", "Level": "4", "UserID": "S-1-5-18"}
{"EventID": "24", "Channel": "Microsoft-Windows-TerminalServices-LocalSessionManager/Operational", "Provider_Name": "Microsoft-Windows-TerminalServices-LocalSessionManager", "Computer": "DESKTOP-OFJ6N53", "TimeCreated": "2024-11-27 13:51:03.636635+00:00", "RecordID": "6742", "Level": "4", "UserID": "S-1-5-18"}
{"EventID": "40", "Channel": "Microsoft-Windows-TerminalServices-LocalSessionManager/Operational", "Provider_Name": "Microsoft-Windows-TerminalServices-LocalSessionManager", "Computer": "DESKTOP-OFJ6N53", "TimeCreated": "2024-11-27 13:54:36.827782+00:00", "RecordID": "6743", "Level": "4", "UserID": "S-1-5-18"}
{"EventID": "25", "Channel": "Microsoft-Windows-TerminalServices-LocalSessionManager/Operational", "Provider_Name": "Microsoft-Windows-TerminalServices-LocalSessionManager", "Computer": "DESKTOP-OFJ6N53", "TimeCreated": "2024-11-27 13:54:37.423405+00:00", "RecordID": "6744", "Level": "4", "UserID": "S-1-5-18"}
{"EventID": "40", "Channel": "Microsoft-Windows-TerminalServices-LocalSessionManager/Operational", "Provider_Name": "Microsoft-Windows-TerminalServices-LocalSessionManager", "Computer": "DESKTOP-OFJ6N53", "TimeCreated": "2024-11-27 18:03:18.577948+00:00", "RecordID": "6745", "Level": "4", "UserID": "S-1-5-18"}
{"EventID": "24", "Channel": "Microsoft-Windows-TerminalServices-LocalSessionManager/Operational", "Provider_Name": "Microsoft-Windows-TerminalServices-LocalSessionManager", "Computer": "DESKTOP-OFJ6N53", "TimeCreated": "2024-11-27 18:03:19.168600+00:00", "RecordID": "6746", "Level": "4", "UserID": "S-1-5-18"}
{"EventID": "40", "Channel": "Microsoft-Windows-TerminalServices-LocalSessionManager/Operational", "Provider_Name": "Microsoft-Windows-TerminalServices-LocalSessionManager", "Computer": "DESKTOP-OFJ6N53", "TimeCreated": "2024-11-28 08:18:10.126453+00:00", "RecordID": "6747", "Level": "4", "UserID": "S-1-5-18"}
{"EventID": "25", "Channel": "Microsoft-Windows-TerminalServices-LocalSessionManager/Operational", "Provider_Name": "Microsoft-Windows-TerminalServices-LocalSessionManager", "Computer": "DESKTOP-OFJ6N53", "TimeCreated": "2024-11-28 08:18:11.561466+00:00", "RecordID": "6748", "Level": "4", "UserID": "S-1-5-18"}
{"EventID": "40", "Channel": "Microsoft-Windows-TerminalServices-LocalSessionManager/Operational", "Provider_Name": "Microsoft-Windows-TerminalServices-LocalSessionManager", "Computer": "DESKTOP-OFJ6N53", "TimeCreated": "2024-11-28 10:02:23.784195+00:00", "RecordID": "6749", "Level": "4", "UserID": "S-1-5-18"}
{"EventID": "24", "Channel": "Microsoft-Windows-TerminalServices-LocalSessionManager/Operational", "Provider_Name": "Microsoft-Windows-TerminalServices-LocalSessionManager", "Computer": "DESKTOP-OFJ6N53", "TimeCreated": "2024-11-28 10:02:24.425959+00:00", "RecordID": "6750", "Level": "4", "UserID": "S-1-5-18"}
{"EventID": "25", "Channel": "Microsoft-Windows-TerminalServices-LocalSessionManager/Operational", "Provider_Name": "Microsoft-Windows-TerminalServices-LocalSessionManager", "Computer": "DESKTOP-OFJ6N53", "TimeCreated": "2024-11-28 10:02:25.347921+00:00", "RecordID": "6751", "Level": "4", "UserID": "S-1-5-18"}
{"EventID": "40", "Channel": "Microsoft-Windows-TerminalServices-LocalSessionManager/Operational", "Provider_Name": "Microsoft-Windows-TerminalServices-LocalSessionManager", "Computer": "DESKTOP-OFJ6N53", "TimeCreated": "2024-11-28 17:56:52.947145+00:00", "RecordID": "6752", "Level": "4", "UserID": "S-1-5-18"}
{"EventID": "24", "Channel": "Microsoft-Windows-TerminalServices-LocalSessionManager/Operational", "Provider_Name": "Microsoft-Windows-TerminalServices-LocalSessionManager", "Computer": "DESKTOP-OFJ6N53", "TimeCreated": "2024-11-28 17:56:53.532185+00:00", "RecordID": "6753", "Level": "4", "UserID": "S-1-5-18"}
{"EventID": "40", "Channel": "Microsoft-Windows-TerminalServices-LocalSessionManager/Operational", "Provider_Name": "Microsoft-Windows-TerminalServices-LocalSessionManager", "Computer": "DESKTOP-OFJ6N53", "TimeCreated": "2024-11-28 17:57:03.501453+00:00", "RecordID": "6754", "Level": "4", "UserID": "S-1-5-18"}
{"EventID": "40", "Channel": "Microsoft-Windows-TerminalServices-LocalSessionManager/Operational", "Provider_Name": "Microsoft-Windows-TerminalServices-LocalSessionManager", "Computer": "DESKTOP-OFJ6N53", "TimeCreated": "2024-11-28 17:57:03.501833+00:00", "RecordID": "6755", "Level": "4", "UserID": "S-1-5-18"}
{"EventID": "25", "Channel": "Microsoft-Windows-TerminalServices-LocalSessionManager/Operational", "Provider_Name": "Microsoft-Windows-TerminalServices-LocalSessionManager", "Computer": "DESKTOP-OFJ6N53", "TimeCreated": "2024-11-28 17:57:04.338810+00:00", "RecordID": "6756", "Level": "4", "UserID": "S-1-5-18"}
{"EventID": "40", "Channel": "Microsoft-Windows-TerminalServices-LocalSessionManager/Operational", "Provider_Name": "Microsoft-Windows-TerminalServices-LocalSessionManager", "Computer": "DESKTOP-OFJ6N53", "TimeCreated": "2024-11-29 00:42:26.571894+00:00", "RecordID": "6757", "Level": "4", "UserID": "S-1-5-18"}
{"EventID": "24", "Channel": "Microsoft-Windows-TerminalServices-LocalSessionManager/Operational", "Provider_Name": "Microsoft-Windows-TerminalServices-LocalSessionManager", "Computer": "DESKTOP-OFJ6N53", "TimeCreated": "2024-11-29 00:42:27.101952+00:00", "RecordID": "6758", "Level": "4", "UserID": "S-1-5-18"}
{"EventID": "40", "Channel": "Microsoft-Windows-TerminalServices-LocalSessionManager/Operational", "Provider_Name": "Microsoft-Windows-TerminalServices-LocalSessionManager", "Computer": "DESKTOP-OFJ6N53", "TimeCreated": "2024-11-29 00:42:36.828711+00:00", "RecordID": "6759", "Level": "4", "UserID": "S-1-5-18"}
{"EventID": "40", "Channel": "Microsoft-Windows-TerminalServices-LocalSessionManager/Operational", "Provider_Name": "Microsoft-Windows-TerminalServices-LocalSessionManager", "Computer": "DESKTOP-OFJ6N53", "TimeCreated": "2024-11-29 00:42:36.829004+00:00", "RecordID": "6760", "Level": "4", "UserID": "S-1-5-18"}
{"EventID": "25", "Channel": "Microsoft-Windows-TerminalServices-LocalSessionManager/Operational", "Provider_Name": "Microsoft-Windows-TerminalServices-LocalSessionManager", "Computer": "DESKTOP-OFJ6N53", "TimeCreated": "2024-11-29 00:42:37.608374+00:00", "RecordID": "6761", "Level": "4", "UserID": "S-1-5-18"}
{"EventID": "40", "Channel": "Microsoft-Windows-TerminalServices-LocalSessionManager/Operational", "Provider_Name": "Microsoft-Windows-TerminalServices-LocalSessionManager", "Computer": "DESKTOP-OFJ6N53", "TimeCreated": "2024-11-29 04:17:56.915565+00:00", "RecordID": "6762", "Level": "4", "UserID": "S-1-5-18"}
{"EventID": "24", "Channel": "Microsoft-Windows-TerminalServices-LocalSessionManager/Operational", "Provider_Name": "Microsoft-Windows-TerminalServices-LocalSessionManager", "Computer": "DESKTOP-OFJ6N53", "TimeCreated": "2024-11-29 04:17:57.402159+00:00", "RecordID": "6763", "Level": "4", "UserID": "S-1-5-18"}
{"EventID": "40", "Channel": "Microsoft-Windows-TerminalServices-LocalSessionManager/Operational", "Provider_Name": "Microsoft-Windows-TerminalServices-LocalSessionManager", "Computer": "DESKTOP-OFJ6N53", "TimeCreated": "2024-12-02 14:21:56.886692+00:00", "RecordID": "6764", "Level": "4", "UserID": "S-1-5-18"}
{"EventID": "25", "Channel": "Microsoft-Windows-TerminalServices-LocalSessionManager/Operational", "Provider_Name": "Microsoft-Windows-TerminalServices-LocalSessionManager", "Computer": "DESKTOP-OFJ6N53", "TimeCreated": "2024-12-02 14:21:57.554205+00:00", "RecordID": "6765", "Level": "4", "UserID": "S-1-5-18"}
