{"EventID": "257", "Channel": "Microsoft-Windows-Time-Service/Operational", "Provider_Name": "Microsoft-Windows-Time-Service", "Computer": "DESKTOP-OFJ6N53", "TimeCreated": "2025-07-18 08:40:10.045469+00:00", "RecordID": "12562", "Level": "4", "UserID": "S-1-5-19", "EventData.CurrentTime(UTC)": "2025-07-18T08:40:10.45Z", "EventData.TickCount": "756024250", "EventData.Configuration": "EventLogFlags: 2 (Локальный)\nAnnounceFlags: 10 (Локальный)\nTimeJumpAuditOffset: 28800 (Локальный)\nMinPollInterval: 10 (Локальный)\nMaxPollInterval: 15 (Локальный)\nMaxNegPhaseCorrection: 54000 (Локальный)\nMaxPosPhaseCorrection: 54000 (Локальный)\nMaxAllowedPhaseOffset: 1 (Локальный)\n\nFrequencyCorrectRate: 4 (Локальный)\nPollAdjustFactor: 5 (Локальный)\nLargePhaseOffset: 50000000 (Локальный)\nSpikeWatchPeriod: 900 (Локальный)\nLocalClockDispersion: 10 (Локальный)\nHoldPeriod: 5 (Локальный)\nPhaseCorrectRate: 1 (Локальный)\nUpdateInterval: 360000 (Локальный)\n\nFileLogName:  (Не определен или не используется)\nFileLogEntries:  (Не определен или не используется)\nFileLogSize: 0 (Не определен или не используется)\nFileLogFlags: 0 (Не определен или не используется)\n\nUtilizeSslTimeData: 1 (Локальный)\n\n[Leap Seconds]\nEnabled: 1 (Local)\nTotal Leap Seconds (after June 2018): 0 (Local)\nCurrent UTC offset: 0 (Local)", "EventData.TimeProviders": "NtpClient (Локальный)\nDllName: C:\\Windows\\system32\\w32time.dll (Локальный)\nEnabled: 1 (Локальный)\nInputProvider: 1 (Локальный)\nCrossSiteSyncFlags: 0 (Не определен или не используется)\nAllowNonstandardModeCombinations: 1 (Локальный)\nResolvePeerBackoffMinutes: 15 (Локальный)\nResolvePeerBackoffMaxTimes: 7 (Локальный)\nCompatibilityFlags: 2147483648 (Локальный)\nEventLogFlags: 1 (Локальный)\nLargeSampleSkew: 3 (Локальный)\nSpecialPollInterval: 32768 (Локальный)\nType: NTP (Локальный)\nNtpServer: time.windows.com,0x9 (Локальный)\n\nVMICTimeProvider (Локальный)\nDllName: C:\\Windows\\System32\\vmictimeprovider.dll (Локальный)\nEnabled: 1 (Локальный)\nInputProvider: 1 (Локальный)\n\nNtpServer (Локальный)\nDllName: C:\\Windows\\system32\\w32time.dll (Локальный)\nEnabled: 0 (Локальный)\nInputProvider: 0 (Локальный)", "EventData.ClockRate": "156250"}
{"EventID": "266", "Channel": "Microsoft-Windows-Time-Service/Operational", "Provider_Name": "Microsoft-Windows-Time-Service", "Computer": "DESKTOP-OFJ6N53", "TimeCreated": "2025-07-18 08:40:10.045948+00:00", "RecordID": "12563", "Level": "4", "UserID": "S-1-5-19", "EventData.ReasonCode": "2", "EventData.TickCount": "756024281"}
{"EventID": "264", "Channel": "Microsoft-Windows-Time-Service/Operational", "Provider_Name": "Microsoft-Windows-Time-Service", "Computer": "DESKTOP-OFJ6N53", "TimeCreated": "2025-07-18 08:40:11.625868+00:00", "RecordID": "12564", "Level": "4", "UserID": "S-1-5-19", "EventData.AllNtpServers": "time.windows.com,0x9 (ntp.m|0x9|0.0.0.0:123->51.145.123.29:123);", "EventData.TickCount": "756025859"}
{"EventID": "261", "Channel": "Microsoft-Windows-Time-Service/Operational", "Provider_Name": "Microsoft-Windows-Time-Service", "Computer": "DESKTOP-OFJ6N53", "TimeCreated": "2025-07-18 08:40:27.761877+00:00", "RecordID": "12565", "Level": "4", "UserID": "S-1-5-19", "EventData.NewTime": "2025-07-18T08:40:27.761Z", "EventData.OldTime": "2025-07-18T08:40:26.71Z", "EventData.TickCount": "756040312"}
{"EventID": "266", "Channel": "Microsoft-Windows-Time-Service/Operational", "Provider_Name": "Microsoft-Windows-Time-Service", "Computer": "DESKTOP-OFJ6N53", "TimeCreated": "2025-07-18 08:40:27.764078+00:00", "RecordID": "12566", "Level": "4", "UserID": "S-1-5-19", "EventData.ReasonCode": "3", "EventData.TickCount": "756040312"}
{"EventID": "265", "Channel": "Microsoft-Windows-Time-Service/Operational", "Provider_Name": "Microsoft-Windows-Time-Service", "Computer": "DESKTOP-OFJ6N53", "TimeCreated": "2025-07-18 08:40:27.764128+00:00", "RecordID": "12567", "Level": "4", "UserID": "S-1-5-19", "EventData.TimeSource": "time.windows.com,0x9 (ntp.m|0x9|0.0.0.0:123->51.145.123.29:123)", "EventData.TimeSourceRefId": "0x33917B1D", "EventData.LocalStratumNumber": "4", "EventData.TickCount": "756040312"}
{"EventID": "261", "Channel": "Microsoft-Windows-Time-Service/Operational", "Provider_Name": "Microsoft-Windows-Time-Service", "Computer": "DESKTOP-OFJ6N53", "TimeCreated": "2025-07-18 08:40:27.764774+00:00", "RecordID": "12568", "Level": "4", "UserID": "S-1-5-19", "EventData.NewTime": "2025-07-18T08:40:27.764Z", "EventData.OldTime": "2025-07-18T08:40:27.761Z", "EventData.TickCount": "756040312"}
{"EventID": "261", "Channel": "Microsoft-Windows-Time-Service/Operational", "Provider_Name": "Microsoft-Windows-Time-Service", "Computer": "DESKTOP-OFJ6N53", "TimeCreated": "2025-07-18 08:40:27.766687+00:00", "RecordID": "12569", "Level": "4", "UserID": "S-1-5-19", "EventData.NewTime": "2025-07-18T08:40:27.766Z", "EventData.OldTime": "2025-07-18T08:40:27.764Z", "EventData.TickCount": "756040312"}
{"EventID": "258", "Channel": "Microsoft-Windows-Time-Service/Operational", "Provider_Name": "Microsoft-Windows-Time-Service", "Computer": "DESKTOP-OFJ6N53", "TimeCreated": "2025-07-18 08:40:27.772705+00:00", "RecordID": "12570", "Level": "4", "UserID": "S-1-5-19", "EventData.CurrentTime(UTC)": "2025-07-18T08:40:27.772Z", "EventData.TickCount": "756040312", "EventData.ErrorMessage": "0x00000000: Успешно."}
{"EventID": "272", "Channel": "Microsoft-Windows-Time-Service/Operational", "Provider_Name": "Microsoft-Windows-Time-Service", "Computer": "DESKTOP-OFJ6N53", "TimeCreated": "2025-07-19 08:40:12.415743+00:00", "RecordID": "12571", "Level": "4", "UserID": "S-1-5-19", "EventData.Enabled": "1", "EventData.LeapSecondCount": "0", "EventData.CurrentUtcOffset": "0", "EventData.RuntimeStateAndSettingsConsistent": "1", "EventData.NewestLeapSecondsList": null, "EventData.TickCount": "842424953"}
{"EventID": "257", "Channel": "Microsoft-Windows-Time-Service/Operational", "Provider_Name": "Microsoft-Windows-Time-Service", "Computer": "DESKTOP-OFJ6N53", "TimeCreated": "2025-07-19 08:40:12.441614+00:00", "RecordID": "12572", "Level": "4", "UserID": "S-1-5-19", "EventData.CurrentTime(UTC)": "2025-07-19T08:40:12.441Z", "EventData.TickCount": "842424953", "EventData.Configuration": "EventLogFlags: 2 (Локальный)\nAnnounceFlags: 10 (Локальный)\nTimeJumpAuditOffset: 28800 (Локальный)\nMinPollInterval: 10 (Локальный)\nMaxPollInterval: 15 (Локальный)\nMaxNegPhaseCorrection: 54000 (Локальный)\nMaxPosPhaseCorrection: 54000 (Локальный)\nMaxAllowedPhaseOffset: 1 (Локальный)\n\nFrequencyCorrectRate: 4 (Локальный)\nPollAdjustFactor: 5 (Локальный)\nLargePhaseOffset: 50000000 (Локальный)\nSpikeWatchPeriod: 900 (Локальный)\nLocalClockDispersion: 10 (Локальный)\nHoldPeriod: 5 (Локальный)\nPhaseCorrectRate: 1 (Локальный)\nUpdateInterval: 360000 (Локальный)\n\nFileLogName:  (Не определен или не используется)\nFileLogEntries:  (Не определен или не используется)\nFileLogSize: 0 (Не определен или не используется)\nFileLogFlags: 0 (Не определен или не используется)\n\nUtilizeSslTimeData: 1 (Локальный)\n\n[Leap Seconds]\nEnabled: 1 (Local)\nTotal Leap Seconds (after June 2018): 0 (Local)\nCurrent UTC offset: 0 (Local)", "EventData.TimeProviders": "NtpClient (Локальный)\nDllName: C:\\Windows\\system32\\w32time.dll (Локальный)\nEnabled: 1 (Локальный)\nInputProvider: 1 (Локальный)\nCrossSiteSyncFlags: 0 (Не определен или не используется)\nAllowNonstandardModeCombinations: 1 (Локальный)\nResolvePeerBackoffMinutes: 15 (Локальный)\nResolvePeerBackoffMaxTimes: 7 (Локальный)\nCompatibilityFlags: 2147483648 (Локальный)\nEventLogFlags: 1 (Локальный)\nLargeSampleSkew: 3 (Локальный)\nSpecialPollInterval: 32768 (Локальный)\nType: NTP (Локальный)\nNtpServer: time.windows.com,0x9 (Локальный)\n\nVMICTimeProvider (Локальный)\nDllName: C:\\Windows\\System32\\vmictimeprovider.dll (Локальный)\nEnabled: 1 (Локальный)\nInputProvider: 1 (Локальный)\n\nNtpServer (Локальный)\nDllName: C:\\Windows\\system32\\w32time.dll (Локальный)\nEnabled: 0 (Локальный)\nInputProvider: 0 (Локальный)", "EventData.ClockRate": "156250"}
{"EventID": "266", "Channel": "Microsoft-Windows-Time-Service/Operational", "Provider_Name": "Microsoft-Windows-Time-Service", "Computer": "DESKTOP-OFJ6N53", "TimeCreated": "2025-07-19 08:40:12.442339+00:00", "RecordID": "12573", "Level": "4", "UserID": "S-1-5-19", "EventData.ReasonCode": "2", "EventData.TickCount": "842424984"}
{"EventID": "264", "Channel": "Microsoft-Windows-Time-Service/Operational", "Provider_Name": "Microsoft-Windows-Time-Service", "Computer": "DESKTOP-OFJ6N53", "TimeCreated": "2025-07-19 08:40:14.038425+00:00", "RecordID": "12574", "Level": "4", "UserID": "S-1-5-19", "EventData.AllNtpServers": "time.windows.com,0x9 (ntp.m|0x9|0.0.0.0:123->51.145.123.29:123);", "EventData.TickCount": "842426578"}
{"EventID": "261", "Channel": "Microsoft-Windows-Time-Service/Operational", "Provider_Name": "Microsoft-Windows-Time-Service", "Computer": "DESKTOP-OFJ6N53", "TimeCreated": "2025-07-19 08:40:29.842613+00:00", "RecordID": "12575", "Level": "4", "UserID": "S-1-5-19", "EventData.NewTime": "2025-07-19T08:40:29.841Z", "EventData.OldTime": "2025-07-19T08:40:28.448Z", "EventData.TickCount": "842441000"}
{"EventID": "266", "Channel": "Microsoft-Windows-Time-Service/Operational", "Provider_Name": "Microsoft-Windows-Time-Service", "Computer": "DESKTOP-OFJ6N53", "TimeCreated": "2025-07-19 08:40:29.843510+00:00", "RecordID": "12576", "Level": "4", "UserID": "S-1-5-19", "EventData.ReasonCode": "3", "EventData.TickCount": "842441000"}
{"EventID": "265", "Channel": "Microsoft-Windows-Time-Service/Operational", "Provider_Name": "Microsoft-Windows-Time-Service", "Computer": "DESKTOP-OFJ6N53", "TimeCreated": "2025-07-19 08:40:29.843563+00:00", "RecordID": "12577", "Level": "4", "UserID": "S-1-5-19", "EventData.TimeSource": "time.windows.com,0x9 (ntp.m|0x9|0.0.0.0:123->51.145.123.29:123)", "EventData.TimeSourceRefId": "0x33917B1D", "EventData.LocalStratumNumber": "4", "EventData.TickCount": "842441000"}
{"EventID": "261", "Channel": "Microsoft-Windows-Time-Service/Operational", "Provider_Name": "Microsoft-Windows-Time-Service", "Computer": "DESKTOP-OFJ6N53", "TimeCreated": "2025-07-19 08:40:29.844122+00:00", "RecordID": "12578", "Level": "4", "UserID": "S-1-5-19", "EventData.NewTime": "2025-07-19T08:40:29.843Z", "EventData.OldTime": "2025-07-19T08:40:29.841Z", "EventData.TickCount": "842441000"}
{"EventID": "261", "Channel": "Microsoft-Windows-Time-Service/Operational", "Provider_Name": "Microsoft-Windows-Time-Service", "Computer": "DESKTOP-OFJ6N53", "TimeCreated": "2025-07-19 08:40:29.846399+00:00", "RecordID": "12579", "Level": "4", "UserID": "S-1-5-19", "EventData.NewTime": "2025-07-19T08:40:29.845Z", "EventData.OldTime": "2025-07-19T08:40:29.843Z", "EventData.TickCount": "842441000"}
{"EventID": "258", "Channel": "Microsoft-Windows-Time-Service/Operational", "Provider_Name": "Microsoft-Windows-Time-Service", "Computer": "DESKTOP-OFJ6N53", "TimeCreated": "2025-07-19 08:40:29.852711+00:00", "RecordID": "12580", "Level": "4", "UserID": "S-1-5-19", "EventData.CurrentTime(UTC)": "2025-07-19T08:40:29.852Z", "EventData.TickCount": "842441000", "EventData.ErrorMessage": "0x00000000: Успешно."}
{"EventID": "272", "Channel": "Microsoft-Windows-Time-Service/Operational", "Provider_Name": "Microsoft-Windows-Time-Service", "Computer": "DESKTOP-OFJ6N53", "TimeCreated": "2025-07-20 08:39:56.402037+00:00", "RecordID": "12581", "Level": "4", "UserID": "S-1-5-19", "EventData.Enabled": "1", "EventData.LeapSecondCount": "0", "EventData.CurrentUtcOffset": "0", "EventData.RuntimeStateAndSettingsConsistent": "1", "EventData.NewestLeapSecondsList": null, "EventData.TickCount": "928807562"}
{"EventID": "257", "Channel": "Microsoft-Windows-Time-Service/Operational", "Provider_Name": "Microsoft-Windows-Time-Service", "Computer": "DESKTOP-OFJ6N53", "TimeCreated": "2025-07-20 08:39:56.419525+00:00", "RecordID": "12582", "Level": "4", "UserID": "S-1-5-19", "EventData.CurrentTime(UTC)": "2025-07-20T08:39:56.419Z", "EventData.TickCount": "928807562", "EventData.Configuration": "EventLogFlags: 2 (Локальный)\nAnnounceFlags: 10 (Локальный)\nTimeJumpAuditOffset: 28800 (Локальный)\nMinPollInterval: 10 (Локальный)\nMaxPollInterval: 15 (Локальный)\nMaxNegPhaseCorrection: 54000 (Локальный)\nMaxPosPhaseCorrection: 54000 (Локальный)\nMaxAllowedPhaseOffset: 1 (Локальный)\n\nFrequencyCorrectRate: 4 (Локальный)\nPollAdjustFactor: 5 (Локальный)\nLargePhaseOffset: 50000000 (Локальный)\nSpikeWatchPeriod: 900 (Локальный)\nLocalClockDispersion: 10 (Локальный)\nHoldPeriod: 5 (Локальный)\nPhaseCorrectRate: 1 (Локальный)\nUpdateInterval: 360000 (Локальный)\n\nFileLogName:  (Не определен или не используется)\nFileLogEntries:  (Не определен или не используется)\nFileLogSize: 0 (Не определен или не используется)\nFileLogFlags: 0 (Не определен или не используется)\n\nUtilizeSslTimeData: 1 (Локальный)\n\n[Leap Seconds]\nEnabled: 1 (Local)\nTotal Leap Seconds (after June 2018): 0 (Local)\nCurrent UTC offset: 0 (Local)", "EventData.TimeProviders": "NtpClient (Локальный)\nDllName: C:\\Windows\\system32\\w32time.dll (Локальный)\nEnabled: 1 (Локальный)\nInputProvider: 1 (Локальный)\nCrossSiteSyncFlags: 0 (Не определен или не используется)\nAllowNonstandardModeCombinations: 1 (Локальный)\nResolvePeerBackoffMinutes: 15 (Локальный)\nResolvePeerBackoffMaxTimes: 7 (Локальный)\nCompatibilityFlags: 2147483648 (Локальный)\nEventLogFlags: 1 (Локальный)\nLargeSampleSkew: 3 (Локальный)\nSpecialPollInterval: 32768 (Локальный)\nType: NTP (Локальный)\nNtpServer: time.windows.com,0x9 (Локальный)\n\nVMICTimeProvider (Локальный)\nDllName: C:\\Windows\\System32\\vmictimeprovider.dll (Локальный)\nEnabled: 1 (Локальный)\nInputProvider: 1 (Локальный)\n\nNtpServer (Локальный)\nDllName: C:\\Windows\\system32\\w32time.dll (Локальный)\nEnabled: 0 (Локальный)\nInputProvider: 0 (Локальный)", "EventData.ClockRate": "156250"}
{"EventID": "266", "Channel": "Microsoft-Windows-Time-Service/Operational", "Provider_Name": "Microsoft-Windows-Time-Service", "Computer": "DESKTOP-OFJ6N53", "TimeCreated": "2025-07-20 08:39:56.420242+00:00", "RecordID": "12583", "Level": "4", "UserID": "S-1-5-19", "EventData.ReasonCode": "2", "EventData.TickCount": "928807578"}
{"EventID": "264", "Channel": "Microsoft-Windows-Time-Service/Operational", "Provider_Name": "Microsoft-Windows-Time-Service", "Computer": "DESKTOP-OFJ6N53", "TimeCreated": "2025-07-20 08:39:58.006693+00:00", "RecordID": "12584", "Level": "4", "UserID": "S-1-5-19", "EventData.AllNtpServers": "time.windows.com,0x9 (ntp.m|0x9|0.0.0.0:123->51.145.123.29:123);", "EventData.TickCount": "928809156"}
{"EventID": "261", "Channel": "Microsoft-Windows-Time-Service/Operational", "Provider_Name": "Microsoft-Windows-Time-Service", "Computer": "DESKTOP-OFJ6N53", "TimeCreated": "2025-07-20 08:40:13.834114+00:00", "RecordID": "12585", "Level": "4", "UserID": "S-1-5-19", "EventData.NewTime": "2025-07-20T08:40:13.832Z", "EventData.OldTime": "2025-07-20T08:40:12.432Z", "EventData.TickCount": "928823593"}
{"EventID": "266", "Channel": "Microsoft-Windows-Time-Service/Operational", "Provider_Name": "Microsoft-Windows-Time-Service", "Computer": "DESKTOP-OFJ6N53", "TimeCreated": "2025-07-20 08:40:13.835022+00:00", "RecordID": "12586", "Level": "4", "UserID": "S-1-5-19", "EventData.ReasonCode": "3", "EventData.TickCount": "928823593"}
{"EventID": "265", "Channel": "Microsoft-Windows-Time-Service/Operational", "Provider_Name": "Microsoft-Windows-Time-Service", "Computer": "DESKTOP-OFJ6N53", "TimeCreated": "2025-07-20 08:40:13.835035+00:00", "RecordID": "12587", "Level": "4", "UserID": "S-1-5-19", "EventData.TimeSource": "time.windows.com,0x9 (ntp.m|0x9|0.0.0.0:123->51.145.123.29:123)", "EventData.TimeSourceRefId": "0x33917B1D", "EventData.LocalStratumNumber": "4", "EventData.TickCount": "928823593"}
{"EventID": "261", "Channel": "Microsoft-Windows-Time-Service/Operational", "Provider_Name": "Microsoft-Windows-Time-Service", "Computer": "DESKTOP-OFJ6N53", "TimeCreated": "2025-07-20 08:40:13.835762+00:00", "RecordID": "12588", "Level": "4", "UserID": "S-1-5-19", "EventData.NewTime": "2025-07-20T08:40:13.835Z", "EventData.OldTime": "2025-07-20T08:40:13.832Z", "EventData.TickCount": "928823593"}
{"EventID": "261", "Channel": "Microsoft-Windows-Time-Service/Operational", "Provider_Name": "Microsoft-Windows-Time-Service", "Computer": "DESKTOP-OFJ6N53", "TimeCreated": "2025-07-20 08:40:13.838179+00:00", "RecordID": "12589", "Level": "4", "UserID": "S-1-5-19", "EventData.NewTime": "2025-07-20T08:40:13.837Z", "EventData.OldTime": "2025-07-20T08:40:13.835Z", "EventData.TickCount": "928823593"}
{"EventID": "258", "Channel": "Microsoft-Windows-Time-Service/Operational", "Provider_Name": "Microsoft-Windows-Time-Service", "Computer": "DESKTOP-OFJ6N53", "TimeCreated": "2025-07-20 08:40:13.848577+00:00", "RecordID": "12590", "Level": "4", "UserID": "S-1-5-19", "EventData.CurrentTime(UTC)": "2025-07-20T08:40:13.848Z", "EventData.TickCount": "928823609", "EventData.ErrorMessage": "0x00000000: Успешно."}
{"EventID": "272", "Channel": "Microsoft-Windows-Time-Service/Operational", "Provider_Name": "Microsoft-Windows-Time-Service", "Computer": "DESKTOP-OFJ6N53", "TimeCreated": "2025-07-21 08:40:03.075506+00:00", "RecordID": "12591", "Level": "4", "UserID": "S-1-5-19", "EventData.Enabled": "1", "EventData.LeapSecondCount": "0", "EventData.CurrentUtcOffset": "0", "EventData.RuntimeStateAndSettingsConsistent": "1", "EventData.NewestLeapSecondsList": null, "EventData.TickCount": "1015212828"}
{"EventID": "257", "Channel": "Microsoft-Windows-Time-Service/Operational", "Provider_Name": "Microsoft-Windows-Time-Service", "Computer": "DESKTOP-OFJ6N53", "TimeCreated": "2025-07-21 08:40:03.093987+00:00", "RecordID": "12592", "Level": "4", "UserID": "S-1-5-19", "EventData.CurrentTime(UTC)": "2025-07-21T08:40:03.93Z", "EventData.TickCount": "1015212828", "EventData.Configuration": "EventLogFlags: 2 (Локальный)\nAnnounceFlags: 10 (Локальный)\nTimeJumpAuditOffset: 28800 (Локальный)\nMinPollInterval: 10 (Локальный)\nMaxPollInterval: 15 (Локальный)\nMaxNegPhaseCorrection: 54000 (Локальный)\nMaxPosPhaseCorrection: 54000 (Локальный)\nMaxAllowedPhaseOffset: 1 (Локальный)\n\nFrequencyCorrectRate: 4 (Локальный)\nPollAdjustFactor: 5 (Локальный)\nLargePhaseOffset: 50000000 (Локальный)\nSpikeWatchPeriod: 900 (Локальный)\nLocalClockDispersion: 10 (Локальный)\nHoldPeriod: 5 (Локальный)\nPhaseCorrectRate: 1 (Локальный)\nUpdateInterval: 360000 (Локальный)\n\nFileLogName:  (Не определен или не используется)\nFileLogEntries:  (Не определен или не используется)\nFileLogSize: 0 (Не определен или не используется)\nFileLogFlags: 0 (Не определен или не используется)\n\nUtilizeSslTimeData: 1 (Локальный)\n\n[Leap Seconds]\nEnabled: 1 (Local)\nTotal Leap Seconds (after June 2018): 0 (Local)\nCurrent UTC offset: 0 (Local)", "EventData.TimeProviders": "NtpClient (Локальный)\nDllName: C:\\Windows\\system32\\w32time.dll (Локальный)\nEnabled: 1 (Локальный)\nInputProvider: 1 (Локальный)\nCrossSiteSyncFlags: 0 (Не определен или не используется)\nAllowNonstandardModeCombinations: 1 (Локальный)\nResolvePeerBackoffMinutes: 15 (Локальный)\nResolvePeerBackoffMaxTimes: 7 (Локальный)\nCompatibilityFlags: 2147483648 (Локальный)\nEventLogFlags: 1 (Локальный)\nLargeSampleSkew: 3 (Локальный)\nSpecialPollInterval: 32768 (Локальный)\nType: NTP (Локальный)\nNtpServer: time.windows.com,0x9 (Локальный)\n\nVMICTimeProvider (Локальный)\nDllName: C:\\Windows\\System32\\vmictimeprovider.dll (Локальный)\nEnabled: 1 (Локальный)\nInputProvider: 1 (Локальный)\n\nNtpServer (Локальный)\nDllName: C:\\Windows\\system32\\w32time.dll (Локальный)\nEnabled: 0 (Локальный)\nInputProvider: 0 (Локальный)", "EventData.ClockRate": "156250"}
{"EventID": "266", "Channel": "Microsoft-Windows-Time-Service/Operational", "Provider_Name": "Microsoft-Windows-Time-Service", "Computer": "DESKTOP-OFJ6N53", "TimeCreated": "2025-07-21 08:40:03.094463+00:00", "RecordID": "12593", "Level": "4", "UserID": "S-1-5-19", "EventData.ReasonCode": "2", "EventData.TickCount": "1015212843"}
{"EventID": "264", "Channel": "Microsoft-Windows-Time-Service/Operational", "Provider_Name": "Microsoft-Windows-Time-Service", "Computer": "DESKTOP-OFJ6N53", "TimeCreated": "2025-07-21 08:40:04.682104+00:00", "RecordID": "12594", "Level": "4", "UserID": "S-1-5-19", "EventData.AllNtpServers": "time.windows.com,0x9 (ntp.m|0x9|0.0.0.0:123->51.145.123.29:123);", "EventData.TickCount": "1015214437"}
{"EventID": "261", "Channel": "Microsoft-Windows-Time-Service/Operational", "Provider_Name": "Microsoft-Windows-Time-Service", "Computer": "DESKTOP-OFJ6N53", "TimeCreated": "2025-07-21 08:40:20.550005+00:00", "RecordID": "12595", "Level": "4", "UserID": "S-1-5-19", "EventData.NewTime": "2025-07-21T08:40:20.548Z", "EventData.OldTime": "2025-07-21T08:40:19.111Z", "EventData.TickCount": "1015228875"}
{"EventID": "266", "Channel": "Microsoft-Windows-Time-Service/Operational", "Provider_Name": "Microsoft-Windows-Time-Service", "Computer": "DESKTOP-OFJ6N53", "TimeCreated": "2025-07-21 08:40:20.550299+00:00", "RecordID": "12596", "Level": "4", "UserID": "S-1-5-19", "EventData.ReasonCode": "3", "EventData.TickCount": "1015228875"}
{"EventID": "265", "Channel": "Microsoft-Windows-Time-Service/Operational", "Provider_Name": "Microsoft-Windows-Time-Service", "Computer": "DESKTOP-OFJ6N53", "TimeCreated": "2025-07-21 08:40:20.550358+00:00", "RecordID": "12597", "Level": "4", "UserID": "S-1-5-19", "EventData.TimeSource": "time.windows.com,0x9 (ntp.m|0x9|0.0.0.0:123->51.145.123.29:123)", "EventData.TimeSourceRefId": "0x33917B1D", "EventData.LocalStratumNumber": "4", "EventData.TickCount": "1015228875"}
{"EventID": "261", "Channel": "Microsoft-Windows-Time-Service/Operational", "Provider_Name": "Microsoft-Windows-Time-Service", "Computer": "DESKTOP-OFJ6N53", "TimeCreated": "2025-07-21 08:40:20.550793+00:00", "RecordID": "12598", "Level": "4", "UserID": "S-1-5-19", "EventData.NewTime": "2025-07-21T08:40:20.550Z", "EventData.OldTime": "2025-07-21T08:40:20.548Z", "EventData.TickCount": "1015228875"}
{"EventID": "261", "Channel": "Microsoft-Windows-Time-Service/Operational", "Provider_Name": "Microsoft-Windows-Time-Service", "Computer": "DESKTOP-OFJ6N53", "TimeCreated": "2025-07-21 08:40:20.554276+00:00", "RecordID": "12599", "Level": "4", "UserID": "S-1-5-19", "EventData.NewTime": "2025-07-21T08:40:20.553Z", "EventData.OldTime": "2025-07-21T08:40:20.550Z", "EventData.TickCount": "1015228875"}
{"EventID": "258", "Channel": "Microsoft-Windows-Time-Service/Operational", "Provider_Name": "Microsoft-Windows-Time-Service", "Computer": "DESKTOP-OFJ6N53", "TimeCreated": "2025-07-21 08:40:20.563540+00:00", "RecordID": "12600", "Level": "4", "UserID": "S-1-5-19", "EventData.CurrentTime(UTC)": "2025-07-21T08:40:20.563Z", "EventData.TickCount": "1015228890", "EventData.ErrorMessage": "0x00000000: Успешно."}
{"EventID": "272", "Channel": "Microsoft-Windows-Time-Service/Operational", "Provider_Name": "Microsoft-Windows-Time-Service", "Computer": "DESKTOP-OFJ6N53", "TimeCreated": "2025-07-22 08:39:55.836300+00:00", "RecordID": "12601", "Level": "4", "UserID": "S-1-5-19", "EventData.Enabled": "1", "EventData.LeapSecondCount": "0", "EventData.CurrentUtcOffset": "0", "EventData.RuntimeStateAndSettingsConsistent": "1", "EventData.NewestLeapSecondsList": null, "EventData.TickCount": "1101604156"}
{"EventID": "257", "Channel": "Microsoft-Windows-Time-Service/Operational", "Provider_Name": "Microsoft-Windows-Time-Service", "Computer": "DESKTOP-OFJ6N53", "TimeCreated": "2025-07-22 08:39:55.865168+00:00", "RecordID": "12602", "Level": "4", "UserID": "S-1-5-19", "EventData.CurrentTime(UTC)": "2025-07-22T08:39:55.865Z", "EventData.TickCount": "1101604156", "EventData.Configuration": "EventLogFlags: 2 (Локальный)\nAnnounceFlags: 10 (Локальный)\nTimeJumpAuditOffset: 28800 (Локальный)\nMinPollInterval: 10 (Локальный)\nMaxPollInterval: 15 (Локальный)\nMaxNegPhaseCorrection: 54000 (Локальный)\nMaxPosPhaseCorrection: 54000 (Локальный)\nMaxAllowedPhaseOffset: 1 (Локальный)\n\nFrequencyCorrectRate: 4 (Локальный)\nPollAdjustFactor: 5 (Локальный)\nLargePhaseOffset: 50000000 (Локальный)\nSpikeWatchPeriod: 900 (Локальный)\nLocalClockDispersion: 10 (Локальный)\nHoldPeriod: 5 (Локальный)\nPhaseCorrectRate: 1 (Локальный)\nUpdateInterval: 360000 (Локальный)\n\nFileLogName:  (Не определен или не используется)\nFileLogEntries:  (Не определен или не используется)\nFileLogSize: 0 (Не определен или не используется)\nFileLogFlags: 0 (Не определен или не используется)\n\nUtilizeSslTimeData: 1 (Локальный)\n\n[Leap Seconds]\nEnabled: 1 (Local)\nTotal Leap Seconds (after June 2018): 0 (Local)\nCurrent UTC offset: 0 (Local)", "EventData.TimeProviders": "NtpClient (Локальный)\nDllName: C:\\Windows\\system32\\w32time.dll (Локальный)\nEnabled: 1 (Локальный)\nInputProvider: 1 (Локальный)\nCrossSiteSyncFlags: 0 (Не определен или не используется)\nAllowNonstandardModeCombinations: 1 (Локальный)\nResolvePeerBackoffMinutes: 15 (Локальный)\nResolvePeerBackoffMaxTimes: 7 (Локальный)\nCompatibilityFlags: 2147483648 (Локальный)\nEventLogFlags: 1 (Локальный)\nLargeSampleSkew: 3 (Локальный)\nSpecialPollInterval: 32768 (Локальный)\nType: NTP (Локальный)\nNtpServer: time.windows.com,0x9 (Локальный)\n\nVMICTimeProvider (Локальный)\nDllName: C:\\Windows\\System32\\vmictimeprovider.dll (Локальный)\nEnabled: 1 (Локальный)\nInputProvider: 1 (Локальный)\n\nNtpServer (Локальный)\nDllName: C:\\Windows\\system32\\w32time.dll (Локальный)\nEnabled: 0 (Локальный)\nInputProvider: 0 (Локальный)", "EventData.ClockRate": "156250"}
{"EventID": "266", "Channel": "Microsoft-Windows-Time-Service/Operational", "Provider_Name": "Microsoft-Windows-Time-Service", "Computer": "DESKTOP-OFJ6N53", "TimeCreated": "2025-07-22 08:39:55.871050+00:00", "RecordID": "12603", "Level": "4", "UserID": "S-1-5-19", "EventData.ReasonCode": "2", "EventData.TickCount": "1101604187"}
{"EventID": "264", "Channel": "Microsoft-Windows-Time-Service/Operational", "Provider_Name": "Microsoft-Windows-Time-Service", "Computer": "DESKTOP-OFJ6N53", "TimeCreated": "2025-07-22 08:39:57.462242+00:00", "RecordID": "12604", "Level": "4", "UserID": "S-1-5-19", "EventData.AllNtpServers": "time.windows.com,0x9 (ntp.m|0x9|0.0.0.0:123->51.145.123.29:123);", "EventData.TickCount": "1101605781"}
{"EventID": "261", "Channel": "Microsoft-Windows-Time-Service/Operational", "Provider_Name": "Microsoft-Windows-Time-Service", "Computer": "DESKTOP-OFJ6N53", "TimeCreated": "2025-07-22 08:40:13.267914+00:00", "RecordID": "12605", "Level": "4", "UserID": "S-1-5-19", "EventData.NewTime": "2025-07-22T08:40:13.267Z", "EventData.OldTime": "2025-07-22T08:40:11.889Z", "EventData.TickCount": "1101620218"}
{"EventID": "266", "Channel": "Microsoft-Windows-Time-Service/Operational", "Provider_Name": "Microsoft-Windows-Time-Service", "Computer": "DESKTOP-OFJ6N53", "TimeCreated": "2025-07-22 08:40:13.269781+00:00", "RecordID": "12606", "Level": "4", "UserID": "S-1-5-19", "EventData.ReasonCode": "3", "EventData.TickCount": "1101620218"}
{"EventID": "265", "Channel": "Microsoft-Windows-Time-Service/Operational", "Provider_Name": "Microsoft-Windows-Time-Service", "Computer": "DESKTOP-OFJ6N53", "TimeCreated": "2025-07-22 08:40:13.269838+00:00", "RecordID": "12607", "Level": "4", "UserID": "S-1-5-19", "EventData.TimeSource": "time.windows.com,0x9 (ntp.m|0x9|0.0.0.0:123->51.145.123.29:123)", "EventData.TimeSourceRefId": "0x33917B1D", "EventData.LocalStratumNumber": "4", "EventData.TickCount": "1101620218"}
{"EventID": "261", "Channel": "Microsoft-Windows-Time-Service/Operational", "Provider_Name": "Microsoft-Windows-Time-Service", "Computer": "DESKTOP-OFJ6N53", "TimeCreated": "2025-07-22 08:40:13.270456+00:00", "RecordID": "12608", "Level": "4", "UserID": "S-1-5-19", "EventData.NewTime": "2025-07-22T08:40:13.269Z", "EventData.OldTime": "2025-07-22T08:40:13.267Z", "EventData.TickCount": "1101620218"}
{"EventID": "261", "Channel": "Microsoft-Windows-Time-Service/Operational", "Provider_Name": "Microsoft-Windows-Time-Service", "Computer": "DESKTOP-OFJ6N53", "TimeCreated": "2025-07-22 08:40:13.272661+00:00", "RecordID": "12609", "Level": "4", "UserID": "S-1-5-19", "EventData.NewTime": "2025-07-22T08:40:13.272Z", "EventData.OldTime": "2025-07-22T08:40:13.269Z", "EventData.TickCount": "1101620218"}
{"EventID": "258", "Channel": "Microsoft-Windows-Time-Service/Operational", "Provider_Name": "Microsoft-Windows-Time-Service", "Computer": "DESKTOP-OFJ6N53", "TimeCreated": "2025-07-22 08:40:13.278362+00:00", "RecordID": "12610", "Level": "4", "UserID": "S-1-5-19", "EventData.CurrentTime(UTC)": "2025-07-22T08:40:13.278Z", "EventData.TickCount": "1101620218", "EventData.ErrorMessage": "0x00000000: Успешно."}
{"EventID": "272", "Channel": "Microsoft-Windows-Time-Service/Operational", "Provider_Name": "Microsoft-Windows-Time-Service", "Computer": "DESKTOP-OFJ6N53", "TimeCreated": "2025-07-23 08:40:21.837795+00:00", "RecordID": "12611", "Level": "4", "UserID": "S-1-5-19", "EventData.Enabled": "1", "EventData.LeapSecondCount": "0", "EventData.CurrentUtcOffset": "0", "EventData.RuntimeStateAndSettingsConsistent": "1", "EventData.NewestLeapSecondsList": null, "EventData.TickCount": "1188028781"}
{"EventID": "257", "Channel": "Microsoft-Windows-Time-Service/Operational", "Provider_Name": "Microsoft-Windows-Time-Service", "Computer": "DESKTOP-OFJ6N53", "TimeCreated": "2025-07-23 08:40:21.859812+00:00", "RecordID": "12612", "Level": "4", "UserID": "S-1-5-19", "EventData.CurrentTime(UTC)": "2025-07-23T08:40:21.859Z", "EventData.TickCount": "1188028781", "EventData.Configuration": "EventLogFlags: 2 (Локальный)\nAnnounceFlags: 10 (Локальный)\nTimeJumpAuditOffset: 28800 (Локальный)\nMinPollInterval: 10 (Локальный)\nMaxPollInterval: 15 (Локальный)\nMaxNegPhaseCorrection: 54000 (Локальный)\nMaxPosPhaseCorrection: 54000 (Локальный)\nMaxAllowedPhaseOffset: 1 (Локальный)\n\nFrequencyCorrectRate: 4 (Локальный)\nPollAdjustFactor: 5 (Локальный)\nLargePhaseOffset: 50000000 (Локальный)\nSpikeWatchPeriod: 900 (Локальный)\nLocalClockDispersion: 10 (Локальный)\nHoldPeriod: 5 (Локальный)\nPhaseCorrectRate: 1 (Локальный)\nUpdateInterval: 360000 (Локальный)\n\nFileLogName:  (Не определен или не используется)\nFileLogEntries:  (Не определен или не используется)\nFileLogSize: 0 (Не определен или не используется)\nFileLogFlags: 0 (Не определен или не используется)\n\nUtilizeSslTimeData: 1 (Локальный)\n\n[Leap Seconds]\nEnabled: 1 (Local)\nTotal Leap Seconds (after June 2018): 0 (Local)\nCurrent UTC offset: 0 (Local)", "EventData.TimeProviders": "NtpClient (Локальный)\nDllName: C:\\Windows\\system32\\w32time.dll (Локальный)\nEnabled: 1 (Локальный)\nInputProvider: 1 (Локальный)\nCrossSiteSyncFlags: 0 (Не определен или не используется)\nAllowNonstandardModeCombinations: 1 (Локальный)\nResolvePeerBackoffMinutes: 15 (Локальный)\nResolvePeerBackoffMaxTimes: 7 (Локальный)\nCompatibilityFlags: 2147483648 (Локальный)\nEventLogFlags: 1 (Локальный)\nLargeSampleSkew: 3 (Локальный)\nSpecialPollInterval: 32768 (Локальный)\nType: NTP (Локальный)\nNtpServer: time.windows.com,0x9 (Локальный)\n\nVMICTimeProvider (Локальный)\nDllName: C:\\Windows\\System32\\vmictimeprovider.dll (Локальный)\nEnabled: 1 (Локальный)\nInputProvider: 1 (Локальный)\n\nNtpServer (Локальный)\nDllName: C:\\Windows\\system32\\w32time.dll (Локальный)\nEnabled: 0 (Локальный)\nInputProvider: 0 (Локальный)", "EventData.ClockRate": "156250"}
{"EventID": "266", "Channel": "Microsoft-Windows-Time-Service/Operational", "Provider_Name": "Microsoft-Windows-Time-Service", "Computer": "DESKTOP-OFJ6N53", "TimeCreated": "2025-07-23 08:40:21.866550+00:00", "RecordID": "12613", "Level": "4", "UserID": "S-1-5-19", "EventData.ReasonCode": "2", "EventData.TickCount": "1188028812"}
{"EventID": "264", "Channel": "Microsoft-Windows-Time-Service/Operational", "Provider_Name": "Microsoft-Windows-Time-Service", "Computer": "DESKTOP-OFJ6N53", "TimeCreated": "2025-07-23 08:40:23.467163+00:00", "RecordID": "12614", "Level": "4", "UserID": "S-1-5-19", "EventData.AllNtpServers": "time.windows.com,0x9 (ntp.m|0x9|0.0.0.0:123->51.145.123.29:123);", "EventData.TickCount": "1188030406"}
{"EventID": "261", "Channel": "Microsoft-Windows-Time-Service/Operational", "Provider_Name": "Microsoft-Windows-Time-Service", "Computer": "DESKTOP-OFJ6N53", "TimeCreated": "2025-07-23 08:40:39.300135+00:00", "RecordID": "12615", "Level": "4", "UserID": "S-1-5-19", "EventData.NewTime": "2025-07-23T08:40:39.298Z", "EventData.OldTime": "2025-07-23T08:40:37.891Z", "EventData.TickCount": "1188044843"}
{"EventID": "266", "Channel": "Microsoft-Windows-Time-Service/Operational", "Provider_Name": "Microsoft-Windows-Time-Service", "Computer": "DESKTOP-OFJ6N53", "TimeCreated": "2025-07-23 08:40:39.301908+00:00", "RecordID": "12616", "Level": "4", "UserID": "S-1-5-19", "EventData.ReasonCode": "3", "EventData.TickCount": "1188044843"}
{"EventID": "265", "Channel": "Microsoft-Windows-Time-Service/Operational", "Provider_Name": "Microsoft-Windows-Time-Service", "Computer": "DESKTOP-OFJ6N53", "TimeCreated": "2025-07-23 08:40:39.301996+00:00", "RecordID": "12617", "Level": "4", "UserID": "S-1-5-19", "EventData.TimeSource": "time.windows.com,0x9 (ntp.m|0x9|0.0.0.0:123->51.145.123.29:123)", "EventData.TimeSourceRefId": "0x33917B1D", "EventData.LocalStratumNumber": "4", "EventData.TickCount": "1188044843"}
{"EventID": "261", "Channel": "Microsoft-Windows-Time-Service/Operational", "Provider_Name": "Microsoft-Windows-Time-Service", "Computer": "DESKTOP-OFJ6N53", "TimeCreated": "2025-07-23 08:40:39.302717+00:00", "RecordID": "12618", "Level": "4", "UserID": "S-1-5-19", "EventData.NewTime": "2025-07-23T08:40:39.302Z", "EventData.OldTime": "2025-07-23T08:40:39.298Z", "EventData.TickCount": "1188044843"}
{"EventID": "261", "Channel": "Microsoft-Windows-Time-Service/Operational", "Provider_Name": "Microsoft-Windows-Time-Service", "Computer": "DESKTOP-OFJ6N53", "TimeCreated": "2025-07-23 08:40:39.304605+00:00", "RecordID": "12619", "Level": "4", "UserID": "S-1-5-19", "EventData.NewTime": "2025-07-23T08:40:39.304Z", "EventData.OldTime": "2025-07-23T08:40:39.302Z", "EventData.TickCount": "1188044843"}
{"EventID": "258", "Channel": "Microsoft-Windows-Time-Service/Operational", "Provider_Name": "Microsoft-Windows-Time-Service", "Computer": "DESKTOP-OFJ6N53", "TimeCreated": "2025-07-23 08:40:39.312229+00:00", "RecordID": "12620", "Level": "4", "UserID": "S-1-5-19", "EventData.CurrentTime(UTC)": "2025-07-23T08:40:39.312Z", "EventData.TickCount": "1188044843", "EventData.ErrorMessage": "0x00000000: Успешно."}
{"EventID": "272", "Channel": "Microsoft-Windows-Time-Service/Operational", "Provider_Name": "Microsoft-Windows-Time-Service", "Computer": "DESKTOP-OFJ6N53", "TimeCreated": "2025-07-24 08:40:23.830675+00:00", "RecordID": "12621", "Level": "4", "UserID": "S-1-5-19", "EventData.Enabled": "1", "EventData.LeapSecondCount": "0", "EventData.CurrentUtcOffset": "0", "EventData.RuntimeStateAndSettingsConsistent": "1", "EventData.NewestLeapSecondsList": null, "EventData.TickCount": "1274429375"}
{"EventID": "257", "Channel": "Microsoft-Windows-Time-Service/Operational", "Provider_Name": "Microsoft-Windows-Time-Service", "Computer": "DESKTOP-OFJ6N53", "TimeCreated": "2025-07-24 08:40:23.848730+00:00", "RecordID": "12622", "Level": "4", "UserID": "S-1-5-19", "EventData.CurrentTime(UTC)": "2025-07-24T08:40:23.848Z", "EventData.TickCount": "1274429375", "EventData.Configuration": "EventLogFlags: 2 (Локальный)\nAnnounceFlags: 10 (Локальный)\nTimeJumpAuditOffset: 28800 (Локальный)\nMinPollInterval: 10 (Локальный)\nMaxPollInterval: 15 (Локальный)\nMaxNegPhaseCorrection: 54000 (Локальный)\nMaxPosPhaseCorrection: 54000 (Локальный)\nMaxAllowedPhaseOffset: 1 (Локальный)\n\nFrequencyCorrectRate: 4 (Локальный)\nPollAdjustFactor: 5 (Локальный)\nLargePhaseOffset: 50000000 (Локальный)\nSpikeWatchPeriod: 900 (Локальный)\nLocalClockDispersion: 10 (Локальный)\nHoldPeriod: 5 (Локальный)\nPhaseCorrectRate: 1 (Локальный)\nUpdateInterval: 360000 (Локальный)\n\nFileLogName:  (Не определен или не используется)\nFileLogEntries:  (Не определен или не используется)\nFileLogSize: 0 (Не определен или не используется)\nFileLogFlags: 0 (Не определен или не используется)\n\nUtilizeSslTimeData: 1 (Локальный)\n\n[Leap Seconds]\nEnabled: 1 (Local)\nTotal Leap Seconds (after June 2018): 0 (Local)\nCurrent UTC offset: 0 (Local)", "EventData.TimeProviders": "NtpClient (Локальный)\nDllName: C:\\Windows\\system32\\w32time.dll (Локальный)\nEnabled: 1 (Локальный)\nInputProvider: 1 (Локальный)\nCrossSiteSyncFlags: 0 (Не определен или не используется)\nAllowNonstandardModeCombinations: 1 (Локальный)\nResolvePeerBackoffMinutes: 15 (Локальный)\nResolvePeerBackoffMaxTimes: 7 (Локальный)\nCompatibilityFlags: 2147483648 (Локальный)\nEventLogFlags: 1 (Локальный)\nLargeSampleSkew: 3 (Локальный)\nSpecialPollInterval: 32768 (Локальный)\nType: NTP (Локальный)\nNtpServer: time.windows.com,0x9 (Локальный)\n\nVMICTimeProvider (Локальный)\nDllName: C:\\Windows\\System32\\vmictimeprovider.dll (Локальный)\nEnabled: 1 (Локальный)\nInputProvider: 1 (Локальный)\n\nNtpServer (Локальный)\nDllName: C:\\Windows\\system32\\w32time.dll (Локальный)\nEnabled: 0 (Локальный)\nInputProvider: 0 (Локальный)", "EventData.ClockRate": "156250"}
{"EventID": "266", "Channel": "Microsoft-Windows-Time-Service/Operational", "Provider_Name": "Microsoft-Windows-Time-Service", "Computer": "DESKTOP-OFJ6N53", "TimeCreated": "2025-07-24 08:40:23.849195+00:00", "RecordID": "12623", "Level": "4", "UserID": "S-1-5-19", "EventData.ReasonCode": "2", "EventData.TickCount": "1274429390"}
{"EventID": "264", "Channel": "Microsoft-Windows-Time-Service/Operational", "Provider_Name": "Microsoft-Windows-Time-Service", "Computer": "DESKTOP-OFJ6N53", "TimeCreated": "2025-07-24 08:40:25.433039+00:00", "RecordID": "12624", "Level": "4", "UserID": "S-1-5-19", "EventData.AllNtpServers": "time.windows.com,0x9 (ntp.m|0x9|0.0.0.0:123->51.145.123.29:123);", "EventData.TickCount": "1274430968"}
{"EventID": "261", "Channel": "Microsoft-Windows-Time-Service/Operational", "Provider_Name": "Microsoft-Windows-Time-Service", "Computer": "DESKTOP-OFJ6N53", "TimeCreated": "2025-07-24 08:40:41.305714+00:00", "RecordID": "12625", "Level": "4", "UserID": "S-1-5-19", "EventData.NewTime": "2025-07-24T08:40:41.305Z", "EventData.OldTime": "2025-07-24T08:40:39.874Z", "EventData.TickCount": "1274445421"}
{"EventID": "266", "Channel": "Microsoft-Windows-Time-Service/Operational", "Provider_Name": "Microsoft-Windows-Time-Service", "Computer": "DESKTOP-OFJ6N53", "TimeCreated": "2025-07-24 08:40:41.308147+00:00", "RecordID": "12626", "Level": "4", "UserID": "S-1-5-19", "EventData.ReasonCode": "3", "EventData.TickCount": "1274445421"}
{"EventID": "265", "Channel": "Microsoft-Windows-Time-Service/Operational", "Provider_Name": "Microsoft-Windows-Time-Service", "Computer": "DESKTOP-OFJ6N53", "TimeCreated": "2025-07-24 08:40:41.308237+00:00", "RecordID": "12627", "Level": "4", "UserID": "S-1-5-19", "EventData.TimeSource": "time.windows.com,0x9 (ntp.m|0x9|0.0.0.0:123->51.145.123.29:123)", "EventData.TimeSourceRefId": "0x33917B1D", "EventData.LocalStratumNumber": "4", "EventData.TickCount": "1274445421"}
{"EventID": "261", "Channel": "Microsoft-Windows-Time-Service/Operational", "Provider_Name": "Microsoft-Windows-Time-Service", "Computer": "DESKTOP-OFJ6N53", "TimeCreated": "2025-07-24 08:40:41.308876+00:00", "RecordID": "12628", "Level": "4", "UserID": "S-1-5-19", "EventData.NewTime": "2025-07-24T08:40:41.308Z", "EventData.OldTime": "2025-07-24T08:40:41.305Z", "EventData.TickCount": "1274445421"}
{"EventID": "261", "Channel": "Microsoft-Windows-Time-Service/Operational", "Provider_Name": "Microsoft-Windows-Time-Service", "Computer": "DESKTOP-OFJ6N53", "TimeCreated": "2025-07-24 08:40:41.310688+00:00", "RecordID": "12629", "Level": "4", "UserID": "S-1-5-19", "EventData.NewTime": "2025-07-24T08:40:41.310Z", "EventData.OldTime": "2025-07-24T08:40:41.308Z", "EventData.TickCount": "1274445421"}
{"EventID": "258", "Channel": "Microsoft-Windows-Time-Service/Operational", "Provider_Name": "Microsoft-Windows-Time-Service", "Computer": "DESKTOP-OFJ6N53", "TimeCreated": "2025-07-24 08:40:41.322107+00:00", "RecordID": "12630", "Level": "4", "UserID": "S-1-5-19", "EventData.CurrentTime(UTC)": "2025-07-24T08:40:41.322Z", "EventData.TickCount": "1274445437", "EventData.ErrorMessage": "0x00000000: Успешно."}
{"EventID": "272", "Channel": "Microsoft-Windows-Time-Service/Operational", "Provider_Name": "Microsoft-Windows-Time-Service", "Computer": "DESKTOP-OFJ6N53", "TimeCreated": "2025-07-25 09:29:46.290533+00:00", "RecordID": "12631", "Level": "4", "UserID": "S-1-5-19", "EventData.Enabled": "1", "EventData.LeapSecondCount": "0", "EventData.CurrentUtcOffset": "0", "EventData.RuntimeStateAndSettingsConsistent": "1", "EventData.NewestLeapSecondsList": null, "EventData.TickCount": "43220031"}
{"EventID": "257", "Channel": "Microsoft-Windows-Time-Service/Operational", "Provider_Name": "Microsoft-Windows-Time-Service", "Computer": "DESKTOP-OFJ6N53", "TimeCreated": "2025-07-25 09:29:46.311703+00:00", "RecordID": "12632", "Level": "4", "UserID": "S-1-5-19", "EventData.CurrentTime(UTC)": "2025-07-25T09:29:46.311Z", "EventData.TickCount": "43220031", "EventData.Configuration": "EventLogFlags: 2 (Локальный)\nAnnounceFlags: 10 (Локальный)\nTimeJumpAuditOffset: 28800 (Локальный)\nMinPollInterval: 10 (Локальный)\nMaxPollInterval: 15 (Локальный)\nMaxNegPhaseCorrection: 54000 (Локальный)\nMaxPosPhaseCorrection: 54000 (Локальный)\nMaxAllowedPhaseOffset: 1 (Локальный)\n\nFrequencyCorrectRate: 4 (Локальный)\nPollAdjustFactor: 5 (Локальный)\nLargePhaseOffset: 50000000 (Локальный)\nSpikeWatchPeriod: 900 (Локальный)\nLocalClockDispersion: 10 (Локальный)\nHoldPeriod: 5 (Локальный)\nPhaseCorrectRate: 1 (Локальный)\nUpdateInterval: 360000 (Локальный)\n\nFileLogName:  (Не определен или не используется)\nFileLogEntries:  (Не определен или не используется)\nFileLogSize: 0 (Не определен или не используется)\nFileLogFlags: 0 (Не определен или не используется)\n\nUtilizeSslTimeData: 1 (Локальный)\n\n[Leap Seconds]\nEnabled: 1 (Local)\nTotal Leap Seconds (after June 2018): 0 (Local)\nCurrent UTC offset: 0 (Local)", "EventData.TimeProviders": "NtpClient (Локальный)\nDllName: C:\\Windows\\system32\\w32time.dll (Локальный)\nEnabled: 1 (Локальный)\nInputProvider: 1 (Локальный)\nCrossSiteSyncFlags: 0 (Не определен или не используется)\nAllowNonstandardModeCombinations: 1 (Локальный)\nResolvePeerBackoffMinutes: 15 (Локальный)\nResolvePeerBackoffMaxTimes: 7 (Локальный)\nCompatibilityFlags: 2147483648 (Локальный)\nEventLogFlags: 1 (Локальный)\nLargeSampleSkew: 3 (Локальный)\nSpecialPollInterval: 32768 (Локальный)\nType: NTP (Локальный)\nNtpServer: time.windows.com,0x9 (Локальный)\n\nVMICTimeProvider (Локальный)\nDllName: C:\\Windows\\System32\\vmictimeprovider.dll (Локальный)\nEnabled: 1 (Локальный)\nInputProvider: 1 (Локальный)\n\nNtpServer (Локальный)\nDllName: C:\\Windows\\system32\\w32time.dll (Локальный)\nEnabled: 0 (Локальный)\nInputProvider: 0 (Локальный)", "EventData.ClockRate": "156250"}
{"EventID": "266", "Channel": "Microsoft-Windows-Time-Service/Operational", "Provider_Name": "Microsoft-Windows-Time-Service", "Computer": "DESKTOP-OFJ6N53", "TimeCreated": "2025-07-25 09:29:46.312241+00:00", "RecordID": "12633", "Level": "4", "UserID": "S-1-5-19", "EventData.ReasonCode": "2", "EventData.TickCount": "43220046"}
{"EventID": "264", "Channel": "Microsoft-Windows-Time-Service/Operational", "Provider_Name": "Microsoft-Windows-Time-Service", "Computer": "DESKTOP-OFJ6N53", "TimeCreated": "2025-07-25 09:29:47.881670+00:00", "RecordID": "12634", "Level": "4", "UserID": "S-1-5-19", "EventData.AllNtpServers": "time.windows.com,0x9 (ntp.m|0x9|0.0.0.0:123->20.101.57.9:123);", "EventData.TickCount": "43221625"}
{"EventID": "261", "Channel": "Microsoft-Windows-Time-Service/Operational", "Provider_Name": "Microsoft-Windows-Time-Service", "Computer": "DESKTOP-OFJ6N53", "TimeCreated": "2025-07-25 09:30:03.577181+00:00", "RecordID": "12635", "Level": "4", "UserID": "S-1-5-19", "EventData.NewTime": "2025-07-25T09:30:03.575Z", "EventData.OldTime": "2025-07-25T09:30:02.332Z", "EventData.TickCount": "43236078"}
{"EventID": "266", "Channel": "Microsoft-Windows-Time-Service/Operational", "Provider_Name": "Microsoft-Windows-Time-Service", "Computer": "DESKTOP-OFJ6N53", "TimeCreated": "2025-07-25 09:30:03.579288+00:00", "RecordID": "12636", "Level": "4", "UserID": "S-1-5-19", "EventData.ReasonCode": "3", "EventData.TickCount": "43236078"}
{"EventID": "265", "Channel": "Microsoft-Windows-Time-Service/Operational", "Provider_Name": "Microsoft-Windows-Time-Service", "Computer": "DESKTOP-OFJ6N53", "TimeCreated": "2025-07-25 09:30:03.579306+00:00", "RecordID": "12637", "Level": "4", "UserID": "S-1-5-19", "EventData.TimeSource": "time.windows.com,0x9 (ntp.m|0x9|0.0.0.0:123->20.101.57.9:123)", "EventData.TimeSourceRefId": "0x14653909", "EventData.LocalStratumNumber": "4", "EventData.TickCount": "43236078"}
{"EventID": "261", "Channel": "Microsoft-Windows-Time-Service/Operational", "Provider_Name": "Microsoft-Windows-Time-Service", "Computer": "DESKTOP-OFJ6N53", "TimeCreated": "2025-07-25 09:30:03.579975+00:00", "RecordID": "12638", "Level": "4", "UserID": "S-1-5-19", "EventData.NewTime": "2025-07-25T09:30:03.579Z", "EventData.OldTime": "2025-07-25T09:30:03.575Z", "EventData.TickCount": "43236078"}
{"EventID": "261", "Channel": "Microsoft-Windows-Time-Service/Operational", "Provider_Name": "Microsoft-Windows-Time-Service", "Computer": "DESKTOP-OFJ6N53", "TimeCreated": "2025-07-25 09:30:03.583107+00:00", "RecordID": "12639", "Level": "4", "UserID": "S-1-5-19", "EventData.NewTime": "2025-07-25T09:30:03.582Z", "EventData.OldTime": "2025-07-25T09:30:03.579Z", "EventData.TickCount": "43236078"}
{"EventID": "258", "Channel": "Microsoft-Windows-Time-Service/Operational", "Provider_Name": "Microsoft-Windows-Time-Service", "Computer": "DESKTOP-OFJ6N53", "TimeCreated": "2025-07-25 09:30:03.603168+00:00", "RecordID": "12640", "Level": "4", "UserID": "S-1-5-19", "EventData.CurrentTime(UTC)": "2025-07-25T09:30:03.603Z", "EventData.TickCount": "43236093", "EventData.ErrorMessage": "0x00000000: Успешно."}
{"EventID": "272", "Channel": "Microsoft-Windows-Time-Service/Operational", "Provider_Name": "Microsoft-Windows-Time-Service", "Computer": "DESKTOP-OFJ6N53", "TimeCreated": "2025-07-26 09:29:48.239590+00:00", "RecordID": "12641", "Level": "4", "UserID": "S-1-5-19", "EventData.Enabled": "1", "EventData.LeapSecondCount": "0", "EventData.CurrentUtcOffset": "0", "EventData.RuntimeStateAndSettingsConsistent": "1", "EventData.NewestLeapSecondsList": null, "EventData.TickCount": "129620734"}
{"EventID": "257", "Channel": "Microsoft-Windows-Time-Service/Operational", "Provider_Name": "Microsoft-Windows-Time-Service", "Computer": "DESKTOP-OFJ6N53", "TimeCreated": "2025-07-26 09:29:48.260626+00:00", "RecordID": "12642", "Level": "4", "UserID": "S-1-5-19", "EventData.CurrentTime(UTC)": "2025-07-26T09:29:48.260Z", "EventData.TickCount": "129620734", "EventData.Configuration": "EventLogFlags: 2 (Локальный)\nAnnounceFlags: 10 (Локальный)\nTimeJumpAuditOffset: 28800 (Локальный)\nMinPollInterval: 10 (Локальный)\nMaxPollInterval: 15 (Локальный)\nMaxNegPhaseCorrection: 54000 (Локальный)\nMaxPosPhaseCorrection: 54000 (Локальный)\nMaxAllowedPhaseOffset: 1 (Локальный)\n\nFrequencyCorrectRate: 4 (Локальный)\nPollAdjustFactor: 5 (Локальный)\nLargePhaseOffset: 50000000 (Локальный)\nSpikeWatchPeriod: 900 (Локальный)\nLocalClockDispersion: 10 (Локальный)\nHoldPeriod: 5 (Локальный)\nPhaseCorrectRate: 1 (Локальный)\nUpdateInterval: 360000 (Локальный)\n\nFileLogName:  (Не определен или не используется)\nFileLogEntries:  (Не определен или не используется)\nFileLogSize: 0 (Не определен или не используется)\nFileLogFlags: 0 (Не определен или не используется)\n\nUtilizeSslTimeData: 1 (Локальный)\n\n[Leap Seconds]\nEnabled: 1 (Local)\nTotal Leap Seconds (after June 2018): 0 (Local)\nCurrent UTC offset: 0 (Local)", "EventData.TimeProviders": "NtpClient (Локальный)\nDllName: C:\\Windows\\system32\\w32time.dll (Локальный)\nEnabled: 1 (Локальный)\nInputProvider: 1 (Локальный)\nCrossSiteSyncFlags: 0 (Не определен или не используется)\nAllowNonstandardModeCombinations: 1 (Локальный)\nResolvePeerBackoffMinutes: 15 (Локальный)\nResolvePeerBackoffMaxTimes: 7 (Локальный)\nCompatibilityFlags: 2147483648 (Локальный)\nEventLogFlags: 1 (Локальный)\nLargeSampleSkew: 3 (Локальный)\nSpecialPollInterval: 32768 (Локальный)\nType: NTP (Локальный)\nNtpServer: time.windows.com,0x9 (Локальный)\n\nVMICTimeProvider (Локальный)\nDllName: C:\\Windows\\System32\\vmictimeprovider.dll (Локальный)\nEnabled: 1 (Локальный)\nInputProvider: 1 (Локальный)\n\nNtpServer (Локальный)\nDllName: C:\\Windows\\system32\\w32time.dll (Локальный)\nEnabled: 0 (Локальный)\nInputProvider: 0 (Локальный)", "EventData.ClockRate": "156250"}
{"EventID": "266", "Channel": "Microsoft-Windows-Time-Service/Operational", "Provider_Name": "Microsoft-Windows-Time-Service", "Computer": "DESKTOP-OFJ6N53", "TimeCreated": "2025-07-26 09:29:48.262045+00:00", "RecordID": "12643", "Level": "4", "UserID": "S-1-5-19", "EventData.ReasonCode": "2", "EventData.TickCount": "129620765"}
{"EventID": "264", "Channel": "Microsoft-Windows-Time-Service/Operational", "Provider_Name": "Microsoft-Windows-Time-Service", "Computer": "DESKTOP-OFJ6N53", "TimeCreated": "2025-07-26 09:29:49.901518+00:00", "RecordID": "12644", "Level": "4", "UserID": "S-1-5-19", "EventData.AllNtpServers": "time.windows.com,0x9 (ntp.m|0x9|0.0.0.0:123->20.101.57.9:123);", "EventData.TickCount": "129622390"}
