{"EventID": "112", "Channel": "Microsoft-Windows-DeviceSetupManager/Admin", "Provider_Name": "Microsoft-Windows-DeviceSetupManager", "Computer": "DESKTOP-OFJ6N53", "TimeCreated": "2025-08-04 12:56:50.544035+00:00", "RecordID": "56399", "Level": "4", "UserID": "S-1-5-18", "EventData.Prop_DeviceName": "Generic Non-PnP Monitor", "EventData.Prop_ContainerId": "{298580e3-e0e9-5b21-9699-52225753ef2e}", "EventData.Prop_TaskCount": "4", "EventData.Prop_PropertyCount": "0", "EventData.Prop_WorkTime_MilliSeconds": "515"}
{"EventID": "131", "Channel": "Microsoft-Windows-DeviceSetupManager/Admin", "Provider_Name": "Microsoft-Windows-DeviceSetupManager", "Computer": "DESKTOP-OFJ6N53", "TimeCreated": "2025-08-04 12:56:50.662212+00:00", "RecordID": "56400", "Level": "2", "UserID": "S-1-5-18", "EventData.Prop_ContainerId": "{2572A947-954B-11EC-A6B8-806E6F6E6963}", "EventData.HRESULT": "2147943568"}
{"EventID": "112", "Channel": "Microsoft-Windows-DeviceSetupManager/Admin", "Provider_Name": "Microsoft-Windows-DeviceSetupManager", "Computer": "DESKTOP-OFJ6N53", "TimeCreated": "2025-08-04 12:56:50.663177+00:00", "RecordID": "56401", "Level": "4", "UserID": "S-1-5-18", "EventData.Prop_DeviceName": "SAS Controller", "EventData.Prop_ContainerId": "{2572a947-954b-11ec-a6b8-806e6f6e6963}", "EventData.Prop_TaskCount": "4", "EventData.Prop_PropertyCount": "0", "EventData.Prop_WorkTime_MilliSeconds": "468"}
{"EventID": "131", "Channel": "Microsoft-Windows-DeviceSetupManager/Admin", "Provider_Name": "Microsoft-Windows-DeviceSetupManager", "Computer": "DESKTOP-OFJ6N53", "TimeCreated": "2025-08-04 12:56:50.778538+00:00", "RecordID": "56402", "Level": "2", "UserID": "S-1-5-18", "EventData.Prop_ContainerId": "{638A814A-9AB2-8042-7EC4-097E2614E753}", "EventData.HRESULT": "2147943568"}
{"EventID": "112", "Channel": "Microsoft-Windows-DeviceSetupManager/Admin", "Provider_Name": "Microsoft-Windows-DeviceSetupManager", "Computer": "DESKTOP-OFJ6N53", "TimeCreated": "2025-08-04 12:56:50.779655+00:00", "RecordID": "56403", "Level": "4", "UserID": "S-1-5-18", "EventData.Prop_DeviceName": "OneNote for Windows 10", "EventData.Prop_ContainerId": "{638a814a-9ab2-8042-7ec4-097e2614e753}", "EventData.Prop_TaskCount": "4", "EventData.Prop_PropertyCount": "0", "EventData.Prop_WorkTime_MilliSeconds": "343"}
{"EventID": "131", "Channel": "Microsoft-Windows-DeviceSetupManager/Admin", "Provider_Name": "Microsoft-Windows-DeviceSetupManager", "Computer": "DESKTOP-OFJ6N53", "TimeCreated": "2025-08-04 12:56:50.903727+00:00", "RecordID": "56404", "Level": "2", "UserID": "S-1-5-18", "EventData.Prop_ContainerId": "{4DF4D30C-95BA-11EC-A6BC-00059A3C7A00}", "EventData.HRESULT": "2147943568"}
{"EventID": "112", "Channel": "Microsoft-Windows-DeviceSetupManager/Admin", "Provider_Name": "Microsoft-Windows-DeviceSetupManager", "Computer": "DESKTOP-OFJ6N53", "TimeCreated": "2025-08-04 12:56:50.904556+00:00", "RecordID": "56405", "Level": "4", "UserID": "S-1-5-18", "EventData.Prop_DeviceName": "Microsoft Remote Display Adapter", "EventData.Prop_ContainerId": "{4df4d30c-95ba-11ec-a6bc-00059a3c7a00}", "EventData.Prop_TaskCount": "4", "EventData.Prop_PropertyCount": "0", "EventData.Prop_WorkTime_MilliSeconds": "578"}
{"EventID": "131", "Channel": "Microsoft-Windows-DeviceSetupManager/Admin", "Provider_Name": "Microsoft-Windows-DeviceSetupManager", "Computer": "DESKTOP-OFJ6N53", "TimeCreated": "2025-08-04 12:56:51.022865+00:00", "RecordID": "56406", "Level": "2", "UserID": "S-1-5-18", "EventData.Prop_ContainerId": "{D397268A-724C-B4EF-D641-C9234BA2948B}", "EventData.HRESULT": "2147943568"}
{"EventID": "112", "Channel": "Microsoft-Windows-DeviceSetupManager/Admin", "Provider_Name": "Microsoft-Windows-DeviceSetupManager", "Computer": "DESKTOP-OFJ6N53", "TimeCreated": "2025-08-04 12:56:51.023638+00:00", "RecordID": "56407", "Level": "4", "UserID": "S-1-5-18", "EventData.Prop_DeviceName": "Microsoft Print to PDF", "EventData.Prop_ContainerId": "{d397268a-724c-b4ef-d641-c9234ba2948b}", "EventData.Prop_TaskCount": "4", "EventData.Prop_PropertyCount": "0", "EventData.Prop_WorkTime_MilliSeconds": "359"}
{"EventID": "131", "Channel": "Microsoft-Windows-DeviceSetupManager/Admin", "Provider_Name": "Microsoft-Windows-DeviceSetupManager", "Computer": "DESKTOP-OFJ6N53", "TimeCreated": "2025-08-04 12:56:51.144650+00:00", "RecordID": "56408", "Level": "2", "UserID": "S-1-5-18", "EventData.Prop_ContainerId": "{00000000-0000-0000-FFFF-FFFFFFFFFFFF}", "EventData.HRESULT": "2147943568"}
{"EventID": "112", "Channel": "Microsoft-Windows-DeviceSetupManager/Admin", "Provider_Name": "Microsoft-Windows-DeviceSetupManager", "Computer": "DESKTOP-OFJ6N53", "TimeCreated": "2025-08-04 12:56:51.146879+00:00", "RecordID": "56409", "Level": "4", "UserID": "S-1-5-18", "EventData.Prop_DeviceName": "DESKTOP-OFJ6N53", "EventData.Prop_ContainerId": "{00000000-0000-0000-ffff-ffffffffffff}", "EventData.Prop_TaskCount": "4", "EventData.Prop_PropertyCount": "40", "EventData.Prop_WorkTime_MilliSeconds": "597"}
{"EventID": "101", "Channel": "Microsoft-Windows-DeviceSetupManager/Admin", "Provider_Name": "Microsoft-Windows-DeviceSetupManager", "Computer": "DESKTOP-OFJ6N53", "TimeCreated": "2025-08-04 12:57:36.156897+00:00", "RecordID": "56410", "Level": "4", "UserID": "S-1-5-18", "EventData.Prop_UpTime_Seconds": "48", "EventData.Prop_WorkTime_MilliSeconds": "3347"}
{"EventID": "100", "Channel": "Microsoft-Windows-DeviceSetupManager/Admin", "Provider_Name": "Microsoft-Windows-DeviceSetupManager", "Computer": "DESKTOP-OFJ6N53", "TimeCreated": "2025-08-04 14:10:23.360435+00:00", "RecordID": "56411", "Level": "4", "UserID": "S-1-5-18", "EventData.Prop_CoreServiceMode": "0", "EventData.Prop_Event_Window_Seconds": "4367"}
{"EventID": "131", "Channel": "Microsoft-Windows-DeviceSetupManager/Admin", "Provider_Name": "Microsoft-Windows-DeviceSetupManager", "Computer": "DESKTOP-OFJ6N53", "TimeCreated": "2025-08-04 14:10:24.306940+00:00", "RecordID": "56412", "Level": "2", "UserID": "S-1-5-18", "EventData.Prop_ContainerId": "{638A814A-9AB2-8042-7EC4-097E2614E753}", "EventData.HRESULT": "2147943568"}
{"EventID": "112", "Channel": "Microsoft-Windows-DeviceSetupManager/Admin", "Provider_Name": "Microsoft-Windows-DeviceSetupManager", "Computer": "DESKTOP-OFJ6N53", "TimeCreated": "2025-08-04 14:10:24.308025+00:00", "RecordID": "56413", "Level": "4", "UserID": "S-1-5-18", "EventData.Prop_DeviceName": "OneNote for Windows 10", "EventData.Prop_ContainerId": "{638a814a-9ab2-8042-7ec4-097e2614e753}", "EventData.Prop_TaskCount": "4", "EventData.Prop_PropertyCount": "0", "EventData.Prop_WorkTime_MilliSeconds": "930"}
{"EventID": "131", "Channel": "Microsoft-Windows-DeviceSetupManager/Admin", "Provider_Name": "Microsoft-Windows-DeviceSetupManager", "Computer": "DESKTOP-OFJ6N53", "TimeCreated": "2025-08-04 14:10:24.522409+00:00", "RecordID": "56414", "Level": "2", "UserID": "S-1-5-18", "EventData.Prop_ContainerId": "{2572A948-954B-11EC-A6B8-806E6F6E6963}", "EventData.HRESULT": "2147943568"}
{"EventID": "112", "Channel": "Microsoft-Windows-DeviceSetupManager/Admin", "Provider_Name": "Microsoft-Windows-DeviceSetupManager", "Computer": "DESKTOP-OFJ6N53", "TimeCreated": "2025-08-04 14:10:24.527061+00:00", "RecordID": "56415", "Level": "4", "UserID": "S-1-5-18", "EventData.Prop_DeviceName": "Intel(R) 82574L Gigabit Network Connection", "EventData.Prop_ContainerId": "{2572a948-954b-11ec-a6b8-806e6f6e6963}", "EventData.Prop_TaskCount": "4", "EventData.Prop_PropertyCount": "0", "EventData.Prop_WorkTime_MilliSeconds": "1124"}
{"EventID": "131", "Channel": "Microsoft-Windows-DeviceSetupManager/Admin", "Provider_Name": "Microsoft-Windows-DeviceSetupManager", "Computer": "DESKTOP-OFJ6N53", "TimeCreated": "2025-08-04 14:10:24.724613+00:00", "RecordID": "56416", "Level": "2", "UserID": "S-1-5-18", "EventData.Prop_ContainerId": "{CA0E9E80-3E97-FCAC-730A-8CB080FA2581}", "EventData.HRESULT": "2147943568"}
{"EventID": "112", "Channel": "Microsoft-Windows-DeviceSetupManager/Admin", "Provider_Name": "Microsoft-Windows-DeviceSetupManager", "Computer": "DESKTOP-OFJ6N53", "TimeCreated": "2025-08-04 14:10:24.725389+00:00", "RecordID": "56417", "Level": "4", "UserID": "S-1-5-18", "EventData.Prop_DeviceName": "Fax", "EventData.Prop_ContainerId": "{ca0e9e80-3e97-fcac-730a-8cb080fa2581}", "EventData.Prop_TaskCount": "4", "EventData.Prop_PropertyCount": "0", "EventData.Prop_WorkTime_MilliSeconds": "1295"}
{"EventID": "131", "Channel": "Microsoft-Windows-DeviceSetupManager/Admin", "Provider_Name": "Microsoft-Windows-DeviceSetupManager", "Computer": "DESKTOP-OFJ6N53", "TimeCreated": "2025-08-04 14:10:24.851669+00:00", "RecordID": "56418", "Level": "2", "UserID": "S-1-5-18", "EventData.Prop_ContainerId": "{B01CB9B2-9E9C-11EC-A6BD-00059A3C7A00}", "EventData.HRESULT": "2147943568"}
{"EventID": "112", "Channel": "Microsoft-Windows-DeviceSetupManager/Admin", "Provider_Name": "Microsoft-Windows-DeviceSetupManager", "Computer": "DESKTOP-OFJ6N53", "TimeCreated": "2025-08-04 14:10:24.855446+00:00", "RecordID": "56419", "Level": "4", "UserID": "S-1-5-18", "EventData.Prop_DeviceName": "Citrix Indirect Display Adapter", "EventData.Prop_ContainerId": "{b01cb9b2-9e9c-11ec-a6bd-00059a3c7a00}", "EventData.Prop_TaskCount": "4", "EventData.Prop_PropertyCount": "0", "EventData.Prop_WorkTime_MilliSeconds": "1436"}
{"EventID": "131", "Channel": "Microsoft-Windows-DeviceSetupManager/Admin", "Provider_Name": "Microsoft-Windows-DeviceSetupManager", "Computer": "DESKTOP-OFJ6N53", "TimeCreated": "2025-08-04 14:10:24.992229+00:00", "RecordID": "56420", "Level": "2", "UserID": "S-1-5-18", "EventData.Prop_ContainerId": "{FC145136-414D-40DE-BE29-2BFD5C85EF92}", "EventData.HRESULT": "2147943568"}
{"EventID": "112", "Channel": "Microsoft-Windows-DeviceSetupManager/Admin", "Provider_Name": "Microsoft-Windows-DeviceSetupManager", "Computer": "DESKTOP-OFJ6N53", "TimeCreated": "2025-08-04 14:10:24.998049+00:00", "RecordID": "56421", "Level": "4", "UserID": "S-1-5-18", "EventData.Prop_DeviceName": "Generic Non-PnP Monitor", "EventData.Prop_ContainerId": "{fc145136-414d-40de-be29-2bfd5c85ef92}", "EventData.Prop_TaskCount": "4", "EventData.Prop_PropertyCount": "42", "EventData.Prop_WorkTime_MilliSeconds": "676"}
{"EventID": "131", "Channel": "Microsoft-Windows-DeviceSetupManager/Admin", "Provider_Name": "Microsoft-Windows-DeviceSetupManager", "Computer": "DESKTOP-OFJ6N53", "TimeCreated": "2025-08-04 14:10:25.145756+00:00", "RecordID": "56422", "Level": "2", "UserID": "S-1-5-18", "EventData.Prop_ContainerId": "{2572A968-954B-11EC-A6B8-806E6F6E6963}", "EventData.HRESULT": "2147943568"}
{"EventID": "112", "Channel": "Microsoft-Windows-DeviceSetupManager/Admin", "Provider_Name": "Microsoft-Windows-DeviceSetupManager", "Computer": "DESKTOP-OFJ6N53", "TimeCreated": "2025-08-04 14:10:25.149406+00:00", "RecordID": "56423", "Level": "4", "UserID": "S-1-5-18", "EventData.Prop_DeviceName": "VMware Virtual USB Mouse", "EventData.Prop_ContainerId": "{2572a968-954b-11ec-a6b8-806e6f6e6963}", "EventData.Prop_TaskCount": "4", "EventData.Prop_PropertyCount": "0", "EventData.Prop_WorkTime_MilliSeconds": "624"}
{"EventID": "131", "Channel": "Microsoft-Windows-DeviceSetupManager/Admin", "Provider_Name": "Microsoft-Windows-DeviceSetupManager", "Computer": "DESKTOP-OFJ6N53", "TimeCreated": "2025-08-04 14:10:25.293022+00:00", "RecordID": "56424", "Level": "2", "UserID": "S-1-5-18", "EventData.Prop_ContainerId": "{0A568158-2954-F19C-89F3-03ACAEE1F85E}", "EventData.HRESULT": "2147943568"}
{"EventID": "112", "Channel": "Microsoft-Windows-DeviceSetupManager/Admin", "Provider_Name": "Microsoft-Windows-DeviceSetupManager", "Computer": "DESKTOP-OFJ6N53", "TimeCreated": "2025-08-04 14:10:25.293938+00:00", "RecordID": "56425", "Level": "4", "UserID": "S-1-5-18", "EventData.Prop_DeviceName": "Microsoft XPS Document Writer", "EventData.Prop_ContainerId": "{0a568158-2954-f19c-89f3-03acaee1f85e}", "EventData.Prop_TaskCount": "4", "EventData.Prop_PropertyCount": "0", "EventData.Prop_WorkTime_MilliSeconds": "562"}
{"EventID": "131", "Channel": "Microsoft-Windows-DeviceSetupManager/Admin", "Provider_Name": "Microsoft-Windows-DeviceSetupManager", "Computer": "DESKTOP-OFJ6N53", "TimeCreated": "2025-08-04 14:10:25.450497+00:00", "RecordID": "56426", "Level": "2", "UserID": "S-1-5-18", "EventData.Prop_ContainerId": "{EB3E824A-9B15-11EC-A6BD-00059A3C7A00}", "EventData.HRESULT": "2147943568"}
{"EventID": "112", "Channel": "Microsoft-Windows-DeviceSetupManager/Admin", "Provider_Name": "Microsoft-Windows-DeviceSetupManager", "Computer": "DESKTOP-OFJ6N53", "TimeCreated": "2025-08-04 14:10:25.451218+00:00", "RecordID": "56427", "Level": "4", "UserID": "S-1-5-18", "EventData.Prop_DeviceName": "VMware Virtual USB Hub", "EventData.Prop_ContainerId": "{eb3e824a-9b15-11ec-a6bd-00059a3c7a00}", "EventData.Prop_TaskCount": "4", "EventData.Prop_PropertyCount": "0", "EventData.Prop_WorkTime_MilliSeconds": "593"}
{"EventID": "131", "Channel": "Microsoft-Windows-DeviceSetupManager/Admin", "Provider_Name": "Microsoft-Windows-DeviceSetupManager", "Computer": "DESKTOP-OFJ6N53", "TimeCreated": "2025-08-04 14:10:25.577927+00:00", "RecordID": "56428", "Level": "2", "UserID": "S-1-5-18", "EventData.Prop_ContainerId": "{2572A954-954B-11EC-A6B8-806E6F6E6963}", "EventData.HRESULT": "2147943568"}
{"EventID": "112", "Channel": "Microsoft-Windows-DeviceSetupManager/Admin", "Provider_Name": "Microsoft-Windows-DeviceSetupManager", "Computer": "DESKTOP-OFJ6N53", "TimeCreated": "2025-08-04 14:10:25.581221+00:00", "RecordID": "56429", "Level": "4", "UserID": "S-1-5-18", "EventData.Prop_DeviceName": "VMware Virtual disk SCSI Disk Device", "EventData.Prop_ContainerId": "{2572a954-954b-11ec-a6b8-806e6f6e6963}", "EventData.Prop_TaskCount": "4", "EventData.Prop_PropertyCount": "0", "EventData.Prop_WorkTime_MilliSeconds": "593"}
{"EventID": "131", "Channel": "Microsoft-Windows-DeviceSetupManager/Admin", "Provider_Name": "Microsoft-Windows-DeviceSetupManager", "Computer": "DESKTOP-OFJ6N53", "TimeCreated": "2025-08-04 14:10:25.691814+00:00", "RecordID": "56430", "Level": "2", "UserID": "S-1-5-18", "EventData.Prop_ContainerId": "{EB3E8249-9B15-11EC-A6BD-00059A3C7A00}", "EventData.HRESULT": "2147943568"}
{"EventID": "112", "Channel": "Microsoft-Windows-DeviceSetupManager/Admin", "Provider_Name": "Microsoft-Windows-DeviceSetupManager", "Computer": "DESKTOP-OFJ6N53", "TimeCreated": "2025-08-04 14:10:25.697229+00:00", "RecordID": "56431", "Level": "4", "UserID": "S-1-5-18", "EventData.Prop_DeviceName": "VMware Virtual USB Hub", "EventData.Prop_ContainerId": "{eb3e8249-9b15-11ec-a6bd-00059a3c7a00}", "EventData.Prop_TaskCount": "4", "EventData.Prop_PropertyCount": "0", "EventData.Prop_WorkTime_MilliSeconds": "546"}
{"EventID": "131", "Channel": "Microsoft-Windows-DeviceSetupManager/Admin", "Provider_Name": "Microsoft-Windows-DeviceSetupManager", "Computer": "DESKTOP-OFJ6N53", "TimeCreated": "2025-08-04 14:10:25.805590+00:00", "RecordID": "56432", "Level": "2", "UserID": "S-1-5-18", "EventData.Prop_ContainerId": "{2572A949-954B-11EC-A6B8-806E6F6E6963}", "EventData.HRESULT": "2147943568"}
{"EventID": "112", "Channel": "Microsoft-Windows-DeviceSetupManager/Admin", "Provider_Name": "Microsoft-Windows-DeviceSetupManager", "Computer": "DESKTOP-OFJ6N53", "TimeCreated": "2025-08-04 14:10:25.806526+00:00", "RecordID": "56433", "Level": "4", "UserID": "S-1-5-18", "EventData.Prop_DeviceName": "USB Root Hub (USB 3.0)", "EventData.Prop_ContainerId": "{2572a949-954b-11ec-a6b8-806e6f6e6963}", "EventData.Prop_TaskCount": "4", "EventData.Prop_PropertyCount": "0", "EventData.Prop_WorkTime_MilliSeconds": "515"}
{"EventID": "131", "Channel": "Microsoft-Windows-DeviceSetupManager/Admin", "Provider_Name": "Microsoft-Windows-DeviceSetupManager", "Computer": "DESKTOP-OFJ6N53", "TimeCreated": "2025-08-04 14:10:25.915352+00:00", "RecordID": "56434", "Level": "2", "UserID": "S-1-5-18", "EventData.Prop_ContainerId": "{298580E3-E0E9-5B21-9699-52225753EF2E}", "EventData.HRESULT": "2147943568"}
{"EventID": "112", "Channel": "Microsoft-Windows-DeviceSetupManager/Admin", "Provider_Name": "Microsoft-Windows-DeviceSetupManager", "Computer": "DESKTOP-OFJ6N53", "TimeCreated": "2025-08-04 14:10:25.919340+00:00", "RecordID": "56435", "Level": "4", "UserID": "S-1-5-18", "EventData.Prop_DeviceName": "Generic Non-PnP Monitor", "EventData.Prop_ContainerId": "{298580e3-e0e9-5b21-9699-52225753ef2e}", "EventData.Prop_TaskCount": "4", "EventData.Prop_PropertyCount": "0", "EventData.Prop_WorkTime_MilliSeconds": "468"}
{"EventID": "131", "Channel": "Microsoft-Windows-DeviceSetupManager/Admin", "Provider_Name": "Microsoft-Windows-DeviceSetupManager", "Computer": "DESKTOP-OFJ6N53", "TimeCreated": "2025-08-04 14:10:26.034296+00:00", "RecordID": "56436", "Level": "2", "UserID": "S-1-5-18", "EventData.Prop_ContainerId": "{2572A947-954B-11EC-A6B8-806E6F6E6963}", "EventData.HRESULT": "2147943568"}
{"EventID": "112", "Channel": "Microsoft-Windows-DeviceSetupManager/Admin", "Provider_Name": "Microsoft-Windows-DeviceSetupManager", "Computer": "DESKTOP-OFJ6N53", "TimeCreated": "2025-08-04 14:10:26.038408+00:00", "RecordID": "56437", "Level": "4", "UserID": "S-1-5-18", "EventData.Prop_DeviceName": "SAS Controller", "EventData.Prop_ContainerId": "{2572a947-954b-11ec-a6b8-806e6f6e6963}", "EventData.Prop_TaskCount": "4", "EventData.Prop_PropertyCount": "0", "EventData.Prop_WorkTime_MilliSeconds": "453"}
{"EventID": "131", "Channel": "Microsoft-Windows-DeviceSetupManager/Admin", "Provider_Name": "Microsoft-Windows-DeviceSetupManager", "Computer": "DESKTOP-OFJ6N53", "TimeCreated": "2025-08-04 14:10:26.147699+00:00", "RecordID": "56438", "Level": "2", "UserID": "S-1-5-18", "EventData.Prop_ContainerId": "{4DF4D30C-95BA-11EC-A6BC-00059A3C7A00}", "EventData.HRESULT": "2147943568"}
{"EventID": "112", "Channel": "Microsoft-Windows-DeviceSetupManager/Admin", "Provider_Name": "Microsoft-Windows-DeviceSetupManager", "Computer": "DESKTOP-OFJ6N53", "TimeCreated": "2025-08-04 14:10:26.148640+00:00", "RecordID": "56439", "Level": "4", "UserID": "S-1-5-18", "EventData.Prop_DeviceName": "Microsoft Remote Display Adapter", "EventData.Prop_ContainerId": "{4df4d30c-95ba-11ec-a6bc-00059a3c7a00}", "EventData.Prop_TaskCount": "4", "EventData.Prop_PropertyCount": "0", "EventData.Prop_WorkTime_MilliSeconds": "453"}
{"EventID": "131", "Channel": "Microsoft-Windows-DeviceSetupManager/Admin", "Provider_Name": "Microsoft-Windows-DeviceSetupManager", "Computer": "DESKTOP-OFJ6N53", "TimeCreated": "2025-08-04 14:10:26.256454+00:00", "RecordID": "56440", "Level": "2", "UserID": "S-1-5-18", "EventData.Prop_ContainerId": "{D397268A-724C-B4EF-D641-C9234BA2948B}", "EventData.HRESULT": "2147943568"}
{"EventID": "112", "Channel": "Microsoft-Windows-DeviceSetupManager/Admin", "Provider_Name": "Microsoft-Windows-DeviceSetupManager", "Computer": "DESKTOP-OFJ6N53", "TimeCreated": "2025-08-04 14:10:26.257311+00:00", "RecordID": "56441", "Level": "4", "UserID": "S-1-5-18", "EventData.Prop_DeviceName": "Microsoft Print to PDF", "EventData.Prop_ContainerId": "{d397268a-724c-b4ef-d641-c9234ba2948b}", "EventData.Prop_TaskCount": "4", "EventData.Prop_PropertyCount": "0", "EventData.Prop_WorkTime_MilliSeconds": "343"}
{"EventID": "131", "Channel": "Microsoft-Windows-DeviceSetupManager/Admin", "Provider_Name": "Microsoft-Windows-DeviceSetupManager", "Computer": "DESKTOP-OFJ6N53", "TimeCreated": "2025-08-04 14:10:26.371332+00:00", "RecordID": "56442", "Level": "2", "UserID": "S-1-5-18", "EventData.Prop_ContainerId": "{00000000-0000-0000-FFFF-FFFFFFFFFFFF}", "EventData.HRESULT": "2147943568"}
{"EventID": "112", "Channel": "Microsoft-Windows-DeviceSetupManager/Admin", "Provider_Name": "Microsoft-Windows-DeviceSetupManager", "Computer": "DESKTOP-OFJ6N53", "TimeCreated": "2025-08-04 14:10:26.373602+00:00", "RecordID": "56443", "Level": "4", "UserID": "S-1-5-18", "EventData.Prop_DeviceName": "DESKTOP-OFJ6N53", "EventData.Prop_ContainerId": "{00000000-0000-0000-ffff-ffffffffffff}", "EventData.Prop_TaskCount": "4", "EventData.Prop_PropertyCount": "40", "EventData.Prop_WorkTime_MilliSeconds": "562"}
{"EventID": "101", "Channel": "Microsoft-Windows-DeviceSetupManager/Admin", "Provider_Name": "Microsoft-Windows-DeviceSetupManager", "Computer": "DESKTOP-OFJ6N53", "TimeCreated": "2025-08-04 14:11:11.358894+00:00", "RecordID": "56444", "Level": "4", "UserID": "S-1-5-18", "EventData.Prop_UpTime_Seconds": "47", "EventData.Prop_WorkTime_MilliSeconds": "2999"}
{"EventID": "100", "Channel": "Microsoft-Windows-DeviceSetupManager/Admin", "Provider_Name": "Microsoft-Windows-DeviceSetupManager", "Computer": "DESKTOP-OFJ6N53", "TimeCreated": "2025-08-05 07:36:15.671396+00:00", "RecordID": "56445", "Level": "4", "UserID": "S-1-5-18", "EventData.Prop_CoreServiceMode": "0", "EventData.Prop_Event_Window_Seconds": "62704"}
{"EventID": "131", "Channel": "Microsoft-Windows-DeviceSetupManager/Admin", "Provider_Name": "Microsoft-Windows-DeviceSetupManager", "Computer": "DESKTOP-OFJ6N53", "TimeCreated": "2025-08-05 07:36:16.490211+00:00", "RecordID": "56446", "Level": "2", "UserID": "S-1-5-18", "EventData.Prop_ContainerId": "{B01CB9B2-9E9C-11EC-A6BD-00059A3C7A00}", "EventData.HRESULT": "2147943568"}
{"EventID": "112", "Channel": "Microsoft-Windows-DeviceSetupManager/Admin", "Provider_Name": "Microsoft-Windows-DeviceSetupManager", "Computer": "DESKTOP-OFJ6N53", "TimeCreated": "2025-08-05 07:36:16.497171+00:00", "RecordID": "56447", "Level": "4", "UserID": "S-1-5-18", "EventData.Prop_DeviceName": "Citrix Indirect Display Adapter", "EventData.Prop_ContainerId": "{b01cb9b2-9e9c-11ec-a6bd-00059a3c7a00}", "EventData.Prop_TaskCount": "4", "EventData.Prop_PropertyCount": "0", "EventData.Prop_WorkTime_MilliSeconds": "662"}
{"EventID": "131", "Channel": "Microsoft-Windows-DeviceSetupManager/Admin", "Provider_Name": "Microsoft-Windows-DeviceSetupManager", "Computer": "DESKTOP-OFJ6N53", "TimeCreated": "2025-08-05 07:36:16.752230+00:00", "RecordID": "56448", "Level": "2", "UserID": "S-1-5-18", "EventData.Prop_ContainerId": "{2572A948-954B-11EC-A6B8-806E6F6E6963}", "EventData.HRESULT": "2147943568"}
{"EventID": "112", "Channel": "Microsoft-Windows-DeviceSetupManager/Admin", "Provider_Name": "Microsoft-Windows-DeviceSetupManager", "Computer": "DESKTOP-OFJ6N53", "TimeCreated": "2025-08-05 07:36:16.752991+00:00", "RecordID": "56449", "Level": "4", "UserID": "S-1-5-18", "EventData.Prop_DeviceName": "Intel(R) 82574L Gigabit Network Connection", "EventData.Prop_ContainerId": "{2572a948-954b-11ec-a6b8-806e6f6e6963}", "EventData.Prop_TaskCount": "4", "EventData.Prop_PropertyCount": "0", "EventData.Prop_WorkTime_MilliSeconds": "947"}
{"EventID": "131", "Channel": "Microsoft-Windows-DeviceSetupManager/Admin", "Provider_Name": "Microsoft-Windows-DeviceSetupManager", "Computer": "DESKTOP-OFJ6N53", "TimeCreated": "2025-08-05 07:36:16.980064+00:00", "RecordID": "56450", "Level": "2", "UserID": "S-1-5-18", "EventData.Prop_ContainerId": "{298580E3-E0E9-5B21-9699-52225753EF2E}", "EventData.HRESULT": "2147943568"}
{"EventID": "112", "Channel": "Microsoft-Windows-DeviceSetupManager/Admin", "Provider_Name": "Microsoft-Windows-DeviceSetupManager", "Computer": "DESKTOP-OFJ6N53", "TimeCreated": "2025-08-05 07:36:16.980787+00:00", "RecordID": "56451", "Level": "4", "UserID": "S-1-5-18", "EventData.Prop_DeviceName": "Generic Non-PnP Monitor", "EventData.Prop_ContainerId": "{298580e3-e0e9-5b21-9699-52225753ef2e}", "EventData.Prop_TaskCount": "4", "EventData.Prop_PropertyCount": "0", "EventData.Prop_WorkTime_MilliSeconds": "1252"}
{"EventID": "131", "Channel": "Microsoft-Windows-DeviceSetupManager/Admin", "Provider_Name": "Microsoft-Windows-DeviceSetupManager", "Computer": "DESKTOP-OFJ6N53", "TimeCreated": "2025-08-05 07:36:17.250572+00:00", "RecordID": "56452", "Level": "2", "UserID": "S-1-5-18", "EventData.Prop_ContainerId": "{CA0E9E80-3E97-FCAC-730A-8CB080FA2581}", "EventData.HRESULT": "2147943568"}
{"EventID": "112", "Channel": "Microsoft-Windows-DeviceSetupManager/Admin", "Provider_Name": "Microsoft-Windows-DeviceSetupManager", "Computer": "DESKTOP-OFJ6N53", "TimeCreated": "2025-08-05 07:36:17.287434+00:00", "RecordID": "56453", "Level": "4", "UserID": "S-1-5-18", "EventData.Prop_DeviceName": "Fax", "EventData.Prop_ContainerId": "{ca0e9e80-3e97-fcac-730a-8cb080fa2581}", "EventData.Prop_TaskCount": "4", "EventData.Prop_PropertyCount": "0", "EventData.Prop_WorkTime_MilliSeconds": "1428"}
{"EventID": "131", "Channel": "Microsoft-Windows-DeviceSetupManager/Admin", "Provider_Name": "Microsoft-Windows-DeviceSetupManager", "Computer": "DESKTOP-OFJ6N53", "TimeCreated": "2025-08-05 07:36:17.547155+00:00", "RecordID": "56454", "Level": "2", "UserID": "S-1-5-18", "EventData.Prop_ContainerId": "{0A568158-2954-F19C-89F3-03ACAEE1F85E}", "EventData.HRESULT": "2147943568"}
{"EventID": "112", "Channel": "Microsoft-Windows-DeviceSetupManager/Admin", "Provider_Name": "Microsoft-Windows-DeviceSetupManager", "Computer": "DESKTOP-OFJ6N53", "TimeCreated": "2025-08-05 07:36:17.548178+00:00", "RecordID": "56455", "Level": "4", "UserID": "S-1-5-18", "EventData.Prop_DeviceName": "Microsoft XPS Document Writer", "EventData.Prop_ContainerId": "{0a568158-2954-f19c-89f3-03acaee1f85e}", "EventData.Prop_TaskCount": "4", "EventData.Prop_PropertyCount": "0", "EventData.Prop_WorkTime_MilliSeconds": "565"}
{"EventID": "131", "Channel": "Microsoft-Windows-DeviceSetupManager/Admin", "Provider_Name": "Microsoft-Windows-DeviceSetupManager", "Computer": "DESKTOP-OFJ6N53", "TimeCreated": "2025-08-05 07:36:17.705351+00:00", "RecordID": "56456", "Level": "2", "UserID": "S-1-5-18", "EventData.Prop_ContainerId": "{2572A968-954B-11EC-A6B8-806E6F6E6963}", "EventData.HRESULT": "2147943568"}
{"EventID": "112", "Channel": "Microsoft-Windows-DeviceSetupManager/Admin", "Provider_Name": "Microsoft-Windows-DeviceSetupManager", "Computer": "DESKTOP-OFJ6N53", "TimeCreated": "2025-08-05 07:36:17.705996+00:00", "RecordID": "56457", "Level": "4", "UserID": "S-1-5-18", "EventData.Prop_DeviceName": "VMware Virtual USB Mouse", "EventData.Prop_ContainerId": "{2572a968-954b-11ec-a6b8-806e6f6e6963}", "EventData.Prop_TaskCount": "4", "EventData.Prop_PropertyCount": "0", "EventData.Prop_WorkTime_MilliSeconds": "949"}
{"EventID": "131", "Channel": "Microsoft-Windows-DeviceSetupManager/Admin", "Provider_Name": "Microsoft-Windows-DeviceSetupManager", "Computer": "DESKTOP-OFJ6N53", "TimeCreated": "2025-08-05 07:36:17.840910+00:00", "RecordID": "56458", "Level": "2", "UserID": "S-1-5-18", "EventData.Prop_ContainerId": "{ED0BF06F-C3F2-4528-8AF1-96F3A2166E14}", "EventData.HRESULT": "2147943568"}
{"EventID": "112", "Channel": "Microsoft-Windows-DeviceSetupManager/Admin", "Provider_Name": "Microsoft-Windows-DeviceSetupManager", "Computer": "DESKTOP-OFJ6N53", "TimeCreated": "2025-08-05 07:36:17.848686+00:00", "RecordID": "56459", "Level": "4", "UserID": "S-1-5-18", "EventData.Prop_DeviceName": "Generic Non-PnP Monitor", "EventData.Prop_ContainerId": "{ed0bf06f-c3f2-4528-8af1-96f3a2166e14}", "EventData.Prop_TaskCount": "4", "EventData.Prop_PropertyCount": "42", "EventData.Prop_WorkTime_MilliSeconds": "1343"}
{"EventID": "131", "Channel": "Microsoft-Windows-DeviceSetupManager/Admin", "Provider_Name": "Microsoft-Windows-DeviceSetupManager", "Computer": "DESKTOP-OFJ6N53", "TimeCreated": "2025-08-05 07:36:17.978476+00:00", "RecordID": "56460", "Level": "2", "UserID": "S-1-5-18", "EventData.Prop_ContainerId": "{EB3E824A-9B15-11EC-A6BD-00059A3C7A00}", "EventData.HRESULT": "2147943568"}
{"EventID": "112", "Channel": "Microsoft-Windows-DeviceSetupManager/Admin", "Provider_Name": "Microsoft-Windows-DeviceSetupManager", "Computer": "DESKTOP-OFJ6N53", "TimeCreated": "2025-08-05 07:36:17.979174+00:00", "RecordID": "56461", "Level": "4", "UserID": "S-1-5-18", "EventData.Prop_DeviceName": "VMware Virtual USB Hub", "EventData.Prop_ContainerId": "{eb3e824a-9b15-11ec-a6bd-00059a3c7a00}", "EventData.Prop_TaskCount": "4", "EventData.Prop_PropertyCount": "0", "EventData.Prop_WorkTime_MilliSeconds": "687"}
{"EventID": "131", "Channel": "Microsoft-Windows-DeviceSetupManager/Admin", "Provider_Name": "Microsoft-Windows-DeviceSetupManager", "Computer": "DESKTOP-OFJ6N53", "TimeCreated": "2025-08-05 07:36:18.100983+00:00", "RecordID": "56462", "Level": "2", "UserID": "S-1-5-18", "EventData.Prop_ContainerId": "{2572A954-954B-11EC-A6B8-806E6F6E6963}", "EventData.HRESULT": "2147943568"}
{"EventID": "112", "Channel": "Microsoft-Windows-DeviceSetupManager/Admin", "Provider_Name": "Microsoft-Windows-DeviceSetupManager", "Computer": "DESKTOP-OFJ6N53", "TimeCreated": "2025-08-05 07:36:18.105227+00:00", "RecordID": "56463", "Level": "4", "UserID": "S-1-5-18", "EventData.Prop_DeviceName": "VMware Virtual disk SCSI Disk Device", "EventData.Prop_ContainerId": "{2572a954-954b-11ec-a6b8-806e6f6e6963}", "EventData.Prop_TaskCount": "4", "EventData.Prop_PropertyCount": "0", "EventData.Prop_WorkTime_MilliSeconds": "546"}
{"EventID": "131", "Channel": "Microsoft-Windows-DeviceSetupManager/Admin", "Provider_Name": "Microsoft-Windows-DeviceSetupManager", "Computer": "DESKTOP-OFJ6N53", "TimeCreated": "2025-08-05 07:36:18.221880+00:00", "RecordID": "56464", "Level": "2", "UserID": "S-1-5-18", "EventData.Prop_ContainerId": "{EB3E8249-9B15-11EC-A6BD-00059A3C7A00}", "EventData.HRESULT": "2147943568"}
{"EventID": "112", "Channel": "Microsoft-Windows-DeviceSetupManager/Admin", "Provider_Name": "Microsoft-Windows-DeviceSetupManager", "Computer": "DESKTOP-OFJ6N53", "TimeCreated": "2025-08-05 07:36:18.222824+00:00", "RecordID": "56465", "Level": "4", "UserID": "S-1-5-18", "EventData.Prop_DeviceName": "VMware Virtual USB Hub", "EventData.Prop_ContainerId": "{eb3e8249-9b15-11ec-a6bd-00059a3c7a00}", "EventData.Prop_TaskCount": "4", "EventData.Prop_PropertyCount": "0", "EventData.Prop_WorkTime_MilliSeconds": "515"}
{"EventID": "131", "Channel": "Microsoft-Windows-DeviceSetupManager/Admin", "Provider_Name": "Microsoft-Windows-DeviceSetupManager", "Computer": "DESKTOP-OFJ6N53", "TimeCreated": "2025-08-05 07:36:18.346344+00:00", "RecordID": "56466", "Level": "2", "UserID": "S-1-5-18", "EventData.Prop_ContainerId": "{2572A949-954B-11EC-A6B8-806E6F6E6963}", "EventData.HRESULT": "2147943568"}
{"EventID": "112", "Channel": "Microsoft-Windows-DeviceSetupManager/Admin", "Provider_Name": "Microsoft-Windows-DeviceSetupManager", "Computer": "DESKTOP-OFJ6N53", "TimeCreated": "2025-08-05 07:36:18.346966+00:00", "RecordID": "56467", "Level": "4", "UserID": "S-1-5-18", "EventData.Prop_DeviceName": "USB Root Hub (USB 3.0)", "EventData.Prop_ContainerId": "{2572a949-954b-11ec-a6b8-806e6f6e6963}", "EventData.Prop_TaskCount": "4", "EventData.Prop_PropertyCount": "0", "EventData.Prop_WorkTime_MilliSeconds": "499"}
{"EventID": "131", "Channel": "Microsoft-Windows-DeviceSetupManager/Admin", "Provider_Name": "Microsoft-Windows-DeviceSetupManager", "Computer": "DESKTOP-OFJ6N53", "TimeCreated": "2025-08-05 07:36:18.457500+00:00", "RecordID": "56468", "Level": "2", "UserID": "S-1-5-18", "EventData.Prop_ContainerId": "{2572A947-954B-11EC-A6B8-806E6F6E6963}", "EventData.HRESULT": "2147943568"}
{"EventID": "112", "Channel": "Microsoft-Windows-DeviceSetupManager/Admin", "Provider_Name": "Microsoft-Windows-DeviceSetupManager", "Computer": "DESKTOP-OFJ6N53", "TimeCreated": "2025-08-05 07:36:18.458145+00:00", "RecordID": "56469", "Level": "4", "UserID": "S-1-5-18", "EventData.Prop_DeviceName": "SAS Controller", "EventData.Prop_ContainerId": "{2572a947-954b-11ec-a6b8-806e6f6e6963}", "EventData.Prop_TaskCount": "4", "EventData.Prop_PropertyCount": "0", "EventData.Prop_WorkTime_MilliSeconds": "484"}
{"EventID": "131", "Channel": "Microsoft-Windows-DeviceSetupManager/Admin", "Provider_Name": "Microsoft-Windows-DeviceSetupManager", "Computer": "DESKTOP-OFJ6N53", "TimeCreated": "2025-08-05 07:36:18.570454+00:00", "RecordID": "56470", "Level": "2", "UserID": "S-1-5-18", "EventData.Prop_ContainerId": "{4DF4D30C-95BA-11EC-A6BC-00059A3C7A00}", "EventData.HRESULT": "2147943568"}
{"EventID": "112", "Channel": "Microsoft-Windows-DeviceSetupManager/Admin", "Provider_Name": "Microsoft-Windows-DeviceSetupManager", "Computer": "DESKTOP-OFJ6N53", "TimeCreated": "2025-08-05 07:36:18.582136+00:00", "RecordID": "56471", "Level": "4", "UserID": "S-1-5-18", "EventData.Prop_DeviceName": "Microsoft Remote Display Adapter", "EventData.Prop_ContainerId": "{4df4d30c-95ba-11ec-a6bc-00059a3c7a00}", "EventData.Prop_TaskCount": "4", "EventData.Prop_PropertyCount": "0", "EventData.Prop_WorkTime_MilliSeconds": "468"}
{"EventID": "131", "Channel": "Microsoft-Windows-DeviceSetupManager/Admin", "Provider_Name": "Microsoft-Windows-DeviceSetupManager", "Computer": "DESKTOP-OFJ6N53", "TimeCreated": "2025-08-05 07:36:18.698175+00:00", "RecordID": "56472", "Level": "2", "UserID": "S-1-5-18", "EventData.Prop_ContainerId": "{638A814A-9AB2-8042-7EC4-097E2614E753}", "EventData.HRESULT": "2147943568"}
{"EventID": "112", "Channel": "Microsoft-Windows-DeviceSetupManager/Admin", "Provider_Name": "Microsoft-Windows-DeviceSetupManager", "Computer": "DESKTOP-OFJ6N53", "TimeCreated": "2025-08-05 07:36:18.702232+00:00", "RecordID": "56473", "Level": "4", "UserID": "S-1-5-18", "EventData.Prop_DeviceName": "OneNote for Windows 10", "EventData.Prop_ContainerId": "{638a814a-9ab2-8042-7ec4-097e2614e753}", "EventData.Prop_TaskCount": "4", "EventData.Prop_PropertyCount": "0", "EventData.Prop_WorkTime_MilliSeconds": "468"}
{"EventID": "131", "Channel": "Microsoft-Windows-DeviceSetupManager/Admin", "Provider_Name": "Microsoft-Windows-DeviceSetupManager", "Computer": "DESKTOP-OFJ6N53", "TimeCreated": "2025-08-05 07:36:18.818594+00:00", "RecordID": "56474", "Level": "2", "UserID": "S-1-5-18", "EventData.Prop_ContainerId": "{D397268A-724C-B4EF-D641-C9234BA2948B}", "EventData.HRESULT": "2147943568"}
{"EventID": "112", "Channel": "Microsoft-Windows-DeviceSetupManager/Admin", "Provider_Name": "Microsoft-Windows-DeviceSetupManager", "Computer": "DESKTOP-OFJ6N53", "TimeCreated": "2025-08-05 07:36:18.819387+00:00", "RecordID": "56475", "Level": "4", "UserID": "S-1-5-18", "EventData.Prop_DeviceName": "Microsoft Print to PDF", "EventData.Prop_ContainerId": "{d397268a-724c-b4ef-d641-c9234ba2948b}", "EventData.Prop_TaskCount": "4", "EventData.Prop_PropertyCount": "0", "EventData.Prop_WorkTime_MilliSeconds": "359"}
{"EventID": "131", "Channel": "Microsoft-Windows-DeviceSetupManager/Admin", "Provider_Name": "Microsoft-Windows-DeviceSetupManager", "Computer": "DESKTOP-OFJ6N53", "TimeCreated": "2025-08-05 07:36:18.944489+00:00", "RecordID": "56476", "Level": "2", "UserID": "S-1-5-18", "EventData.Prop_ContainerId": "{00000000-0000-0000-FFFF-FFFFFFFFFFFF}", "EventData.HRESULT": "2147943568"}
{"EventID": "112", "Channel": "Microsoft-Windows-DeviceSetupManager/Admin", "Provider_Name": "Microsoft-Windows-DeviceSetupManager", "Computer": "DESKTOP-OFJ6N53", "TimeCreated": "2025-08-05 07:36:18.947256+00:00", "RecordID": "56477", "Level": "4", "UserID": "S-1-5-18", "EventData.Prop_DeviceName": "DESKTOP-OFJ6N53", "EventData.Prop_ContainerId": "{00000000-0000-0000-ffff-ffffffffffff}", "EventData.Prop_TaskCount": "4", "EventData.Prop_PropertyCount": "40", "EventData.Prop_WorkTime_MilliSeconds": "593"}
{"EventID": "101", "Channel": "Microsoft-Windows-DeviceSetupManager/Admin", "Provider_Name": "Microsoft-Windows-DeviceSetupManager", "Computer": "DESKTOP-OFJ6N53", "TimeCreated": "2025-08-05 07:37:03.937164+00:00", "RecordID": "56478", "Level": "4", "UserID": "S-1-5-18", "EventData.Prop_UpTime_Seconds": "48", "EventData.Prop_WorkTime_MilliSeconds": "3240"}
{"EventID": "100", "Channel": "Microsoft-Windows-DeviceSetupManager/Admin", "Provider_Name": "Microsoft-Windows-DeviceSetupManager", "Computer": "DESKTOP-OFJ6N53", "TimeCreated": "2025-08-05 07:56:50.847759+00:00", "RecordID": "56479", "Level": "4", "UserID": "S-1-5-18", "EventData.Prop_CoreServiceMode": "0", "EventData.Prop_Event_Window_Seconds": "1186"}
{"EventID": "131", "Channel": "Microsoft-Windows-DeviceSetupManager/Admin", "Provider_Name": "Microsoft-Windows-DeviceSetupManager", "Computer": "DESKTOP-OFJ6N53", "TimeCreated": "2025-08-05 07:56:51.588825+00:00", "RecordID": "56480", "Level": "2", "UserID": "S-1-5-18", "EventData.Prop_ContainerId": "{2572A948-954B-11EC-A6B8-806E6F6E6963}", "EventData.HRESULT": "2147943568"}
{"EventID": "112", "Channel": "Microsoft-Windows-DeviceSetupManager/Admin", "Provider_Name": "Microsoft-Windows-DeviceSetupManager", "Computer": "DESKTOP-OFJ6N53", "TimeCreated": "2025-08-05 07:56:51.589571+00:00", "RecordID": "56481", "Level": "4", "UserID": "S-1-5-18", "EventData.Prop_DeviceName": "Intel(R) 82574L Gigabit Network Connection", "EventData.Prop_ContainerId": "{2572a948-954b-11ec-a6b8-806e6f6e6963}", "EventData.Prop_TaskCount": "4", "EventData.Prop_PropertyCount": "0", "EventData.Prop_WorkTime_MilliSeconds": "612"}
{"EventID": "131", "Channel": "Microsoft-Windows-DeviceSetupManager/Admin", "Provider_Name": "Microsoft-Windows-DeviceSetupManager", "Computer": "DESKTOP-OFJ6N53", "TimeCreated": "2025-08-05 07:56:52.120884+00:00", "RecordID": "56482", "Level": "2", "UserID": "S-1-5-18", "EventData.Prop_ContainerId": "{B01CB9B2-9E9C-11EC-A6BD-00059A3C7A00}", "EventData.HRESULT": "2147943568"}
{"EventID": "112", "Channel": "Microsoft-Windows-DeviceSetupManager/Admin", "Provider_Name": "Microsoft-Windows-DeviceSetupManager", "Computer": "DESKTOP-OFJ6N53", "TimeCreated": "2025-08-05 07:56:52.122606+00:00", "RecordID": "56483", "Level": "4", "UserID": "S-1-5-18", "EventData.Prop_DeviceName": "Citrix Indirect Display Adapter", "EventData.Prop_ContainerId": "{b01cb9b2-9e9c-11ec-a6bd-00059a3c7a00}", "EventData.Prop_TaskCount": "4", "EventData.Prop_PropertyCount": "0", "EventData.Prop_WorkTime_MilliSeconds": "1127"}
{"EventID": "131", "Channel": "Microsoft-Windows-DeviceSetupManager/Admin", "Provider_Name": "Microsoft-Windows-DeviceSetupManager", "Computer": "DESKTOP-OFJ6N53", "TimeCreated": "2025-08-05 07:56:52.347904+00:00", "RecordID": "56484", "Level": "2", "UserID": "S-1-5-18", "EventData.Prop_ContainerId": "{2572A968-954B-11EC-A6B8-806E6F6E6963}", "EventData.HRESULT": "2147943568"}
{"EventID": "112", "Channel": "Microsoft-Windows-DeviceSetupManager/Admin", "Provider_Name": "Microsoft-Windows-DeviceSetupManager", "Computer": "DESKTOP-OFJ6N53", "TimeCreated": "2025-08-05 07:56:52.348583+00:00", "RecordID": "56485", "Level": "4", "UserID": "S-1-5-18", "EventData.Prop_DeviceName": "VMware Virtual USB Mouse", "EventData.Prop_ContainerId": "{2572a968-954b-11ec-a6b8-806e6f6e6963}", "EventData.Prop_TaskCount": "4", "EventData.Prop_PropertyCount": "0", "EventData.Prop_WorkTime_MilliSeconds": "1345"}
{"EventID": "131", "Channel": "Microsoft-Windows-DeviceSetupManager/Admin", "Provider_Name": "Microsoft-Windows-DeviceSetupManager", "Computer": "DESKTOP-OFJ6N53", "TimeCreated": "2025-08-05 07:56:52.482574+00:00", "RecordID": "56486", "Level": "2", "UserID": "S-1-5-18", "EventData.Prop_ContainerId": "{CA0E9E80-3E97-FCAC-730A-8CB080FA2581}", "EventData.HRESULT": "2147943568"}
{"EventID": "112", "Channel": "Microsoft-Windows-DeviceSetupManager/Admin", "Provider_Name": "Microsoft-Windows-DeviceSetupManager", "Computer": "DESKTOP-OFJ6N53", "TimeCreated": "2025-08-05 07:56:52.483368+00:00", "RecordID": "56487", "Level": "4", "UserID": "S-1-5-18", "EventData.Prop_DeviceName": "Fax", "EventData.Prop_ContainerId": "{ca0e9e80-3e97-fcac-730a-8cb080fa2581}", "EventData.Prop_TaskCount": "4", "EventData.Prop_PropertyCount": "0", "EventData.Prop_WorkTime_MilliSeconds": "1480"}
{"EventID": "131", "Channel": "Microsoft-Windows-DeviceSetupManager/Admin", "Provider_Name": "Microsoft-Windows-DeviceSetupManager", "Computer": "DESKTOP-OFJ6N53", "TimeCreated": "2025-08-05 07:56:52.635593+00:00", "RecordID": "56488", "Level": "2", "UserID": "S-1-5-18", "EventData.Prop_ContainerId": "{57C16D3E-C60D-42B4-B191-D964FD26F32F}", "EventData.HRESULT": "2147943568"}
{"EventID": "112", "Channel": "Microsoft-Windows-DeviceSetupManager/Admin", "Provider_Name": "Microsoft-Windows-DeviceSetupManager", "Computer": "DESKTOP-OFJ6N53", "TimeCreated": "2025-08-05 07:56:52.644119+00:00", "RecordID": "56489", "Level": "4", "UserID": "S-1-5-18", "EventData.Prop_DeviceName": "Generic Non-PnP Monitor", "EventData.Prop_ContainerId": "{57c16d3e-c60d-42b4-b191-d964fd26f32f}", "EventData.Prop_TaskCount": "4", "EventData.Prop_PropertyCount": "42", "EventData.Prop_WorkTime_MilliSeconds": "1034"}
{"EventID": "131", "Channel": "Microsoft-Windows-DeviceSetupManager/Admin", "Provider_Name": "Microsoft-Windows-DeviceSetupManager", "Computer": "DESKTOP-OFJ6N53", "TimeCreated": "2025-08-05 07:56:52.852026+00:00", "RecordID": "56490", "Level": "2", "UserID": "S-1-5-18", "EventData.Prop_ContainerId": "{0A568158-2954-F19C-89F3-03ACAEE1F85E}", "EventData.HRESULT": "2147943568"}
{"EventID": "112", "Channel": "Microsoft-Windows-DeviceSetupManager/Admin", "Provider_Name": "Microsoft-Windows-DeviceSetupManager", "Computer": "DESKTOP-OFJ6N53", "TimeCreated": "2025-08-05 07:56:52.852783+00:00", "RecordID": "56491", "Level": "4", "UserID": "S-1-5-18", "EventData.Prop_DeviceName": "Microsoft XPS Document Writer", "EventData.Prop_ContainerId": "{0a568158-2954-f19c-89f3-03acaee1f85e}", "EventData.Prop_TaskCount": "4", "EventData.Prop_PropertyCount": "0", "EventData.Prop_WorkTime_MilliSeconds": "743"}
{"EventID": "131", "Channel": "Microsoft-Windows-DeviceSetupManager/Admin", "Provider_Name": "Microsoft-Windows-DeviceSetupManager", "Computer": "DESKTOP-OFJ6N53", "TimeCreated": "2025-08-05 07:56:52.979168+00:00", "RecordID": "56492", "Level": "2", "UserID": "S-1-5-18", "EventData.Prop_ContainerId": "{EB3E824A-9B15-11EC-A6BD-00059A3C7A00}", "EventData.HRESULT": "2147943568"}
{"EventID": "112", "Channel": "Microsoft-Windows-DeviceSetupManager/Admin", "Provider_Name": "Microsoft-Windows-DeviceSetupManager", "Computer": "DESKTOP-OFJ6N53", "TimeCreated": "2025-08-05 07:56:52.983906+00:00", "RecordID": "56493", "Level": "4", "UserID": "S-1-5-18", "EventData.Prop_DeviceName": "VMware Virtual USB Hub", "EventData.Prop_ContainerId": "{eb3e824a-9b15-11ec-a6bd-00059a3c7a00}", "EventData.Prop_TaskCount": "4", "EventData.Prop_PropertyCount": "0", "EventData.Prop_WorkTime_MilliSeconds": "630"}
{"EventID": "131", "Channel": "Microsoft-Windows-DeviceSetupManager/Admin", "Provider_Name": "Microsoft-Windows-DeviceSetupManager", "Computer": "DESKTOP-OFJ6N53", "TimeCreated": "2025-08-05 07:56:53.116114+00:00", "RecordID": "56494", "Level": "2", "UserID": "S-1-5-18", "EventData.Prop_ContainerId": "{2572A954-954B-11EC-A6B8-806E6F6E6963}", "EventData.HRESULT": "2147943568"}
{"EventID": "112", "Channel": "Microsoft-Windows-DeviceSetupManager/Admin", "Provider_Name": "Microsoft-Windows-DeviceSetupManager", "Computer": "DESKTOP-OFJ6N53", "TimeCreated": "2025-08-05 07:56:53.116987+00:00", "RecordID": "56495", "Level": "4", "UserID": "S-1-5-18", "EventData.Prop_DeviceName": "VMware Virtual disk SCSI Disk Device", "EventData.Prop_ContainerId": "{2572a954-954b-11ec-a6b8-806e6f6e6963}", "EventData.Prop_TaskCount": "4", "EventData.Prop_PropertyCount": "0", "EventData.Prop_WorkTime_MilliSeconds": "632"}
{"EventID": "131", "Channel": "Microsoft-Windows-DeviceSetupManager/Admin", "Provider_Name": "Microsoft-Windows-DeviceSetupManager", "Computer": "DESKTOP-OFJ6N53", "TimeCreated": "2025-08-05 07:56:53.228596+00:00", "RecordID": "56496", "Level": "2", "UserID": "S-1-5-18", "EventData.Prop_ContainerId": "{2572A949-954B-11EC-A6B8-806E6F6E6963}", "EventData.HRESULT": "2147943568"}
{"EventID": "112", "Channel": "Microsoft-Windows-DeviceSetupManager/Admin", "Provider_Name": "Microsoft-Windows-DeviceSetupManager", "Computer": "DESKTOP-OFJ6N53", "TimeCreated": "2025-08-05 07:56:53.229317+00:00", "RecordID": "56497", "Level": "4", "UserID": "S-1-5-18", "EventData.Prop_DeviceName": "USB Root Hub (USB 3.0)", "EventData.Prop_ContainerId": "{2572a949-954b-11ec-a6b8-806e6f6e6963}", "EventData.Prop_TaskCount": "4", "EventData.Prop_PropertyCount": "0", "EventData.Prop_WorkTime_MilliSeconds": "366"}
{"EventID": "131", "Channel": "Microsoft-Windows-DeviceSetupManager/Admin", "Provider_Name": "Microsoft-Windows-DeviceSetupManager", "Computer": "DESKTOP-OFJ6N53", "TimeCreated": "2025-08-05 07:56:53.343721+00:00", "RecordID": "56498", "Level": "2", "UserID": "S-1-5-18", "EventData.Prop_ContainerId": "{EB3E8249-9B15-11EC-A6BD-00059A3C7A00}", "EventData.HRESULT": "2147943568"}
{"EventID": "112", "Channel": "Microsoft-Windows-DeviceSetupManager/Admin", "Provider_Name": "Microsoft-Windows-DeviceSetupManager", "Computer": "DESKTOP-OFJ6N53", "TimeCreated": "2025-08-05 07:56:53.344572+00:00", "RecordID": "56499", "Level": "4", "UserID": "S-1-5-18", "EventData.Prop_DeviceName": "VMware Virtual USB Hub", "EventData.Prop_ContainerId": "{eb3e8249-9b15-11ec-a6bd-00059a3c7a00}", "EventData.Prop_TaskCount": "4", "EventData.Prop_PropertyCount": "0", "EventData.Prop_WorkTime_MilliSeconds": "703"}
{"EventID": "131", "Channel": "Microsoft-Windows-DeviceSetupManager/Admin", "Provider_Name": "Microsoft-Windows-DeviceSetupManager", "Computer": "DESKTOP-OFJ6N53", "TimeCreated": "2025-08-05 07:56:53.455303+00:00", "RecordID": "56500", "Level": "2", "UserID": "S-1-5-18", "EventData.Prop_ContainerId": "{298580E3-E0E9-5B21-9699-52225753EF2E}", "EventData.HRESULT": "2147943568"}
{"EventID": "112", "Channel": "Microsoft-Windows-DeviceSetupManager/Admin", "Provider_Name": "Microsoft-Windows-DeviceSetupManager", "Computer": "DESKTOP-OFJ6N53", "TimeCreated": "2025-08-05 07:56:53.456202+00:00", "RecordID": "56501", "Level": "4", "UserID": "S-1-5-18", "EventData.Prop_DeviceName": "Generic Non-PnP Monitor", "EventData.Prop_ContainerId": "{298580e3-e0e9-5b21-9699-52225753ef2e}", "EventData.Prop_TaskCount": "4", "EventData.Prop_PropertyCount": "0", "EventData.Prop_WorkTime_MilliSeconds": "469"}
{"EventID": "131", "Channel": "Microsoft-Windows-DeviceSetupManager/Admin", "Provider_Name": "Microsoft-Windows-DeviceSetupManager", "Computer": "DESKTOP-OFJ6N53", "TimeCreated": "2025-08-05 07:56:53.564478+00:00", "RecordID": "56502", "Level": "2", "UserID": "S-1-5-18", "EventData.Prop_ContainerId": "{2572A947-954B-11EC-A6B8-806E6F6E6963}", "EventData.HRESULT": "2147943568"}
{"EventID": "112", "Channel": "Microsoft-Windows-DeviceSetupManager/Admin", "Provider_Name": "Microsoft-Windows-DeviceSetupManager", "Computer": "DESKTOP-OFJ6N53", "TimeCreated": "2025-08-05 07:56:53.565371+00:00", "RecordID": "56503", "Level": "4", "UserID": "S-1-5-18", "EventData.Prop_DeviceName": "SAS Controller", "EventData.Prop_ContainerId": "{2572a947-954b-11ec-a6b8-806e6f6e6963}", "EventData.Prop_TaskCount": "4", "EventData.Prop_PropertyCount": "0", "EventData.Prop_WorkTime_MilliSeconds": "445"}
{"EventID": "131", "Channel": "Microsoft-Windows-DeviceSetupManager/Admin", "Provider_Name": "Microsoft-Windows-DeviceSetupManager", "Computer": "DESKTOP-OFJ6N53", "TimeCreated": "2025-08-05 07:56:53.675541+00:00", "RecordID": "56504", "Level": "2", "UserID": "S-1-5-18", "EventData.Prop_ContainerId": "{4DF4D30C-95BA-11EC-A6BC-00059A3C7A00}", "EventData.HRESULT": "2147943568"}
{"EventID": "112", "Channel": "Microsoft-Windows-DeviceSetupManager/Admin", "Provider_Name": "Microsoft-Windows-DeviceSetupManager", "Computer": "DESKTOP-OFJ6N53", "TimeCreated": "2025-08-05 07:56:53.676254+00:00", "RecordID": "56505", "Level": "4", "UserID": "S-1-5-18", "EventData.Prop_DeviceName": "Microsoft Remote Display Adapter", "EventData.Prop_ContainerId": "{4df4d30c-95ba-11ec-a6bc-00059a3c7a00}", "EventData.Prop_TaskCount": "4", "EventData.Prop_PropertyCount": "0", "EventData.Prop_WorkTime_MilliSeconds": "452"}
{"EventID": "131", "Channel": "Microsoft-Windows-DeviceSetupManager/Admin", "Provider_Name": "Microsoft-Windows-DeviceSetupManager", "Computer": "DESKTOP-OFJ6N53", "TimeCreated": "2025-08-05 07:56:53.789787+00:00", "RecordID": "56506", "Level": "2", "UserID": "S-1-5-18", "EventData.Prop_ContainerId": "{638A814A-9AB2-8042-7EC4-097E2614E753}", "EventData.HRESULT": "2147943568"}
{"EventID": "112", "Channel": "Microsoft-Windows-DeviceSetupManager/Admin", "Provider_Name": "Microsoft-Windows-DeviceSetupManager", "Computer": "DESKTOP-OFJ6N53", "TimeCreated": "2025-08-05 07:56:53.791056+00:00", "RecordID": "56507", "Level": "4", "UserID": "S-1-5-18", "EventData.Prop_DeviceName": "OneNote for Windows 10", "EventData.Prop_ContainerId": "{638a814a-9ab2-8042-7ec4-097e2614e753}", "EventData.Prop_TaskCount": "4", "EventData.Prop_PropertyCount": "0", "EventData.Prop_WorkTime_MilliSeconds": "437"}
{"EventID": "131", "Channel": "Microsoft-Windows-DeviceSetupManager/Admin", "Provider_Name": "Microsoft-Windows-DeviceSetupManager", "Computer": "DESKTOP-OFJ6N53", "TimeCreated": "2025-08-05 07:56:53.910599+00:00", "RecordID": "56508", "Level": "2", "UserID": "S-1-5-18", "EventData.Prop_ContainerId": "{D397268A-724C-B4EF-D641-C9234BA2948B}", "EventData.HRESULT": "2147943568"}
{"EventID": "112", "Channel": "Microsoft-Windows-DeviceSetupManager/Admin", "Provider_Name": "Microsoft-Windows-DeviceSetupManager", "Computer": "DESKTOP-OFJ6N53", "TimeCreated": "2025-08-05 07:56:53.911360+00:00", "RecordID": "56509", "Level": "4", "UserID": "S-1-5-18", "EventData.Prop_DeviceName": "Microsoft Print to PDF", "EventData.Prop_ContainerId": "{d397268a-724c-b4ef-d641-c9234ba2948b}", "EventData.Prop_TaskCount": "4", "EventData.Prop_PropertyCount": "0", "EventData.Prop_WorkTime_MilliSeconds": "343"}
{"EventID": "131", "Channel": "Microsoft-Windows-DeviceSetupManager/Admin", "Provider_Name": "Microsoft-Windows-DeviceSetupManager", "Computer": "DESKTOP-OFJ6N53", "TimeCreated": "2025-08-05 07:56:54.021084+00:00", "RecordID": "56510", "Level": "2", "UserID": "S-1-5-18", "EventData.Prop_ContainerId": "{00000000-0000-0000-FFFF-FFFFFFFFFFFF}", "EventData.HRESULT": "2147943568"}
