{"EventID": "22", "Channel": "Microsoft-Windows-Audio/PlaybackManager", "Provider_Name": "Microsoft-Windows-Audio", "Computer": "DESKTOP-OFJ6N53", "TimeCreated": "2022-12-21 10:02:36.658541+00:00", "RecordID": "152", "Level": "4", "UserID": "S-1-5-21-963789628-1060504924-4285088085-1001", "EventData.bIsSuspended": "False"}
{"EventID": "22", "Channel": "Microsoft-Windows-Audio/PlaybackManager", "Provider_Name": "Microsoft-Windows-Audio", "Computer": "DESKTOP-OFJ6N53", "TimeCreated": "2022-12-27 11:18:40.361502+00:00", "RecordID": "153", "Level": "4", "UserID": "S-1-5-21-963789628-1060504924-4285088085-1001", "EventData.bIsSuspended": "True"}
{"EventID": "22", "Channel": "Microsoft-Windows-Audio/PlaybackManager", "Provider_Name": "Microsoft-Windows-Audio", "Computer": "DESKTOP-OFJ6N53", "TimeCreated": "2022-12-27 15:55:33.694277+00:00", "RecordID": "154", "Level": "4", "UserID": "S-1-5-21-963789628-1060504924-4285088085-1001", "EventData.bIsSuspended": "False"}
{"EventID": "23", "Channel": "Microsoft-Windows-Audio/PlaybackManager", "Provider_Name": "Microsoft-Windows-Audio", "Computer": "DESKTOP-OFJ6N53", "TimeCreated": "2022-12-27 15:55:33.726816+00:00", "RecordID": "155", "Level": "4", "UserID": "S-1-5-21-963789628-1060504924-4285088085-1001", "EventData.bExclusiveModeStream": "False", "EventData.bOffloadStream": "False"}
{"EventID": "22", "Channel": "Microsoft-Windows-Audio/PlaybackManager", "Provider_Name": "Microsoft-Windows-Audio", "Computer": "DESKTOP-OFJ6N53", "TimeCreated": "2022-12-30 09:23:26.988409+00:00", "RecordID": "156", "Level": "4", "UserID": "S-1-5-21-963789628-1060504924-4285088085-1001", "EventData.bIsSuspended": "True"}
{"EventID": "22", "Channel": "Microsoft-Windows-Audio/PlaybackManager", "Provider_Name": "Microsoft-Windows-Audio", "Computer": "DESKTOP-OFJ6N53", "TimeCreated": "2022-12-30 09:23:55.513865+00:00", "RecordID": "157", "Level": "4", "UserID": "S-1-5-21-963789628-1060504924-4285088085-1001", "EventData.bIsSuspended": "False"}
{"EventID": "22", "Channel": "Microsoft-Windows-Audio/PlaybackManager", "Provider_Name": "Microsoft-Windows-Audio", "Computer": "DESKTOP-OFJ6N53", "TimeCreated": "2023-01-13 13:26:55.322641+00:00", "RecordID": "158", "Level": "4", "UserID": "S-1-5-21-963789628-1060504924-4285088085-1001", "EventData.bIsSuspended": "True"}
{"EventID": "22", "Channel": "Microsoft-Windows-Audio/PlaybackManager", "Provider_Name": "Microsoft-Windows-Audio", "Computer": "DESKTOP-OFJ6N53", "TimeCreated": "2023-01-13 13:34:04.297947+00:00", "RecordID": "159", "Level": "4", "UserID": "S-1-5-21-963789628-1060504924-4285088085-1001", "EventData.bIsSuspended": "True"}
{"EventID": "22", "Channel": "Microsoft-Windows-Audio/PlaybackManager", "Provider_Name": "Microsoft-Windows-Audio", "Computer": "DESKTOP-OFJ6N53", "TimeCreated": "2023-01-13 13:34:14.313068+00:00", "RecordID": "160", "Level": "4", "UserID": "S-1-5-21-963789628-1060504924-4285088085-1001", "EventData.bIsSuspended": "False"}
{"EventID": "22", "Channel": "Microsoft-Windows-Audio/PlaybackManager", "Provider_Name": "Microsoft-Windows-Audio", "Computer": "DESKTOP-OFJ6N53", "TimeCreated": "2023-01-16 08:16:51.713919+00:00", "RecordID": "161", "Level": "4", "UserID": "S-1-5-21-963789628-1060504924-4285088085-1001", "EventData.bIsSuspended": "True"}
{"EventID": "22", "Channel": "Microsoft-Windows-Audio/PlaybackManager", "Provider_Name": "Microsoft-Windows-Audio", "Computer": "DESKTOP-OFJ6N53", "TimeCreated": "2023-01-16 08:17:04.456131+00:00", "RecordID": "162", "Level": "4", "UserID": "S-1-5-21-963789628-1060504924-4285088085-1001", "EventData.bIsSuspended": "False"}
{"EventID": "22", "Channel": "Microsoft-Windows-Audio/PlaybackManager", "Provider_Name": "Microsoft-Windows-Audio", "Computer": "DESKTOP-OFJ6N53", "TimeCreated": "2023-01-19 09:22:53.756958+00:00", "RecordID": "163", "Level": "4", "UserID": "S-1-5-21-963789628-1060504924-4285088085-1001", "EventData.bIsSuspended": "True"}
{"EventID": "22", "Channel": "Microsoft-Windows-Audio/PlaybackManager", "Provider_Name": "Microsoft-Windows-Audio", "Computer": "DESKTOP-OFJ6N53", "TimeCreated": "2023-01-23 10:06:04.215063+00:00", "RecordID": "164", "Level": "4", "UserID": "S-1-5-21-963789628-1060504924-4285088085-1001", "EventData.bIsSuspended": "True"}
{"EventID": "22", "Channel": "Microsoft-Windows-Audio/PlaybackManager", "Provider_Name": "Microsoft-Windows-Audio", "Computer": "DESKTOP-OFJ6N53", "TimeCreated": "2023-01-23 10:06:08.351667+00:00", "RecordID": "165", "Level": "4", "UserID": "S-1-5-21-963789628-1060504924-4285088085-1001", "EventData.bIsSuspended": "False"}
{"EventID": "22", "Channel": "Microsoft-Windows-Audio/PlaybackManager", "Provider_Name": "Microsoft-Windows-Audio", "Computer": "DESKTOP-OFJ6N53", "TimeCreated": "2023-01-25 09:00:15.213753+00:00", "RecordID": "166", "Level": "4", "UserID": "S-1-5-21-963789628-1060504924-4285088085-1001", "EventData.bIsSuspended": "True"}
{"EventID": "22", "Channel": "Microsoft-Windows-Audio/PlaybackManager", "Provider_Name": "Microsoft-Windows-Audio", "Computer": "DESKTOP-OFJ6N53", "TimeCreated": "2023-01-26 14:58:31.266960+00:00", "RecordID": "167", "Level": "4", "UserID": "S-1-5-21-963789628-1060504924-4285088085-1001", "EventData.bIsSuspended": "False"}
{"EventID": "23", "Channel": "Microsoft-Windows-Audio/PlaybackManager", "Provider_Name": "Microsoft-Windows-Audio", "Computer": "DESKTOP-OFJ6N53", "TimeCreated": "2023-01-26 14:58:31.268879+00:00", "RecordID": "168", "Level": "4", "UserID": "S-1-5-21-963789628-1060504924-4285088085-1001", "EventData.bExclusiveModeStream": "False", "EventData.bOffloadStream": "False"}
{"EventID": "22", "Channel": "Microsoft-Windows-Audio/PlaybackManager", "Provider_Name": "Microsoft-Windows-Audio", "Computer": "DESKTOP-OFJ6N53", "TimeCreated": "2023-02-14 14:10:43.656101+00:00", "RecordID": "169", "Level": "4", "UserID": "S-1-5-21-963789628-1060504924-4285088085-1001", "EventData.bIsSuspended": "True"}
{"EventID": "22", "Channel": "Microsoft-Windows-Audio/PlaybackManager", "Provider_Name": "Microsoft-Windows-Audio", "Computer": "DESKTOP-OFJ6N53", "TimeCreated": "2023-02-14 14:10:50.654411+00:00", "RecordID": "170", "Level": "4", "UserID": "S-1-5-21-963789628-1060504924-4285088085-1001", "EventData.bIsSuspended": "False"}
{"EventID": "22", "Channel": "Microsoft-Windows-Audio/PlaybackManager", "Provider_Name": "Microsoft-Windows-Audio", "Computer": "DESKTOP-OFJ6N53", "TimeCreated": "2023-02-14 14:12:55.209957+00:00", "RecordID": "171", "Level": "4", "UserID": "S-1-5-21-963789628-1060504924-4285088085-1001", "EventData.bIsSuspended": "True"}
{"EventID": "22", "Channel": "Microsoft-Windows-Audio/PlaybackManager", "Provider_Name": "Microsoft-Windows-Audio", "Computer": "DESKTOP-OFJ6N53", "TimeCreated": "2023-02-14 19:30:45.919935+00:00", "RecordID": "172", "Level": "4", "UserID": "S-1-5-21-963789628-1060504924-4285088085-1001", "EventData.bIsSuspended": "False"}
{"EventID": "23", "Channel": "Microsoft-Windows-Audio/PlaybackManager", "Provider_Name": "Microsoft-Windows-Audio", "Computer": "DESKTOP-OFJ6N53", "TimeCreated": "2023-02-14 19:30:45.945854+00:00", "RecordID": "173", "Level": "4", "UserID": "S-1-5-21-963789628-1060504924-4285088085-1001", "EventData.bExclusiveModeStream": "False", "EventData.bOffloadStream": "False"}
{"EventID": "22", "Channel": "Microsoft-Windows-Audio/PlaybackManager", "Provider_Name": "Microsoft-Windows-Audio", "Computer": "DESKTOP-OFJ6N53", "TimeCreated": "2023-02-15 17:08:31.878962+00:00", "RecordID": "174", "Level": "4", "UserID": "S-1-5-21-963789628-1060504924-4285088085-1001", "EventData.bIsSuspended": "True"}
{"EventID": "22", "Channel": "Microsoft-Windows-Audio/PlaybackManager", "Provider_Name": "Microsoft-Windows-Audio", "Computer": "DESKTOP-OFJ6N53", "TimeCreated": "2023-02-27 12:59:04.983797+00:00", "RecordID": "175", "Level": "4", "UserID": "S-1-5-21-963789628-1060504924-4285088085-1001", "EventData.bIsSuspended": "True"}
{"EventID": "22", "Channel": "Microsoft-Windows-Audio/PlaybackManager", "Provider_Name": "Microsoft-Windows-Audio", "Computer": "DESKTOP-OFJ6N53", "TimeCreated": "2023-02-27 19:09:12.035580+00:00", "RecordID": "176", "Level": "4", "UserID": "S-1-5-21-963789628-1060504924-4285088085-1001", "EventData.bIsSuspended": "True"}
{"EventID": "22", "Channel": "Microsoft-Windows-Audio/PlaybackManager", "Provider_Name": "Microsoft-Windows-Audio", "Computer": "DESKTOP-OFJ6N53", "TimeCreated": "2023-02-27 19:09:16.848326+00:00", "RecordID": "177", "Level": "4", "UserID": "S-1-5-21-963789628-1060504924-4285088085-1001", "EventData.bIsSuspended": "False"}
{"EventID": "22", "Channel": "Microsoft-Windows-Audio/PlaybackManager", "Provider_Name": "Microsoft-Windows-Audio", "Computer": "DESKTOP-OFJ6N53", "TimeCreated": "2023-03-16 15:07:31.815140+00:00", "RecordID": "178", "Level": "4", "UserID": "S-1-5-21-963789628-1060504924-4285088085-1001", "EventData.bIsSuspended": "True"}
{"EventID": "22", "Channel": "Microsoft-Windows-Audio/PlaybackManager", "Provider_Name": "Microsoft-Windows-Audio", "Computer": "DESKTOP-OFJ6N53", "TimeCreated": "2023-03-16 20:03:20.009811+00:00", "RecordID": "179", "Level": "4", "UserID": "S-1-5-21-963789628-1060504924-4285088085-1001", "EventData.bIsSuspended": "False"}
{"EventID": "23", "Channel": "Microsoft-Windows-Audio/PlaybackManager", "Provider_Name": "Microsoft-Windows-Audio", "Computer": "DESKTOP-OFJ6N53", "TimeCreated": "2023-03-16 20:03:20.071041+00:00", "RecordID": "180", "Level": "4", "UserID": "S-1-5-21-963789628-1060504924-4285088085-1001", "EventData.bExclusiveModeStream": "False", "EventData.bOffloadStream": "False"}
{"EventID": "22", "Channel": "Microsoft-Windows-Audio/PlaybackManager", "Provider_Name": "Microsoft-Windows-Audio", "Computer": "DESKTOP-OFJ6N53", "TimeCreated": "2023-03-17 13:05:41.007481+00:00", "RecordID": "181", "Level": "4", "UserID": "S-1-5-21-963789628-1060504924-4285088085-1001", "EventData.bIsSuspended": "True"}
{"EventID": "22", "Channel": "Microsoft-Windows-Audio/PlaybackManager", "Provider_Name": "Microsoft-Windows-Audio", "Computer": "DESKTOP-OFJ6N53", "TimeCreated": "2023-03-17 13:05:41.072704+00:00", "RecordID": "182", "Level": "4", "UserID": "S-1-5-21-963789628-1060504924-4285088085-1001", "EventData.bIsSuspended": "False"}
{"EventID": "22", "Channel": "Microsoft-Windows-Audio/PlaybackManager", "Provider_Name": "Microsoft-Windows-Audio", "Computer": "DESKTOP-OFJ6N53", "TimeCreated": "2023-03-17 13:05:48.661432+00:00", "RecordID": "183", "Level": "4", "UserID": "S-1-5-21-963789628-1060504924-4285088085-1001", "EventData.bIsSuspended": "True"}
{"EventID": "22", "Channel": "Microsoft-Windows-Audio/PlaybackManager", "Provider_Name": "Microsoft-Windows-Audio", "Computer": "DESKTOP-OFJ6N53", "TimeCreated": "2023-03-19 01:14:12.877155+00:00", "RecordID": "184", "Level": "4", "UserID": "S-1-5-21-963789628-1060504924-4285088085-1001", "EventData.bIsSuspended": "True"}
{"EventID": "22", "Channel": "Microsoft-Windows-Audio/PlaybackManager", "Provider_Name": "Microsoft-Windows-Audio", "Computer": "DESKTOP-OFJ6N53", "TimeCreated": "2023-03-20 08:41:17.549782+00:00", "RecordID": "185", "Level": "4", "UserID": "S-1-5-21-963789628-1060504924-4285088085-1001", "EventData.bIsSuspended": "True"}
{"EventID": "23", "Channel": "Microsoft-Windows-Audio/PlaybackManager", "Provider_Name": "Microsoft-Windows-Audio", "Computer": "DESKTOP-OFJ6N53", "TimeCreated": "2023-03-20 08:50:58.425615+00:00", "RecordID": "186", "Level": "4", "UserID": "S-1-5-21-963789628-1060504924-4285088085-1001", "EventData.bExclusiveModeStream": "False", "EventData.bOffloadStream": "False"}
{"EventID": "23", "Channel": "Microsoft-Windows-Audio/PlaybackManager", "Provider_Name": "Microsoft-Windows-Audio", "Computer": "DESKTOP-OFJ6N53", "TimeCreated": "2023-03-20 08:50:58.573935+00:00", "RecordID": "187", "Level": "4", "UserID": "S-1-5-21-963789628-1060504924-4285088085-1001", "EventData.bExclusiveModeStream": "False", "EventData.bOffloadStream": "False"}
{"EventID": "23", "Channel": "Microsoft-Windows-Audio/PlaybackManager", "Provider_Name": "Microsoft-Windows-Audio", "Computer": "DESKTOP-OFJ6N53", "TimeCreated": "2023-03-20 10:17:09.282122+00:00", "RecordID": "188", "Level": "4", "UserID": "S-1-5-21-963789628-1060504924-4285088085-1001", "EventData.bExclusiveModeStream": "False", "EventData.bOffloadStream": "False"}
{"EventID": "23", "Channel": "Microsoft-Windows-Audio/PlaybackManager", "Provider_Name": "Microsoft-Windows-Audio", "Computer": "DESKTOP-OFJ6N53", "TimeCreated": "2023-03-20 10:17:09.282846+00:00", "RecordID": "189", "Level": "4", "UserID": "S-1-5-21-963789628-1060504924-4285088085-1001", "EventData.bExclusiveModeStream": "False", "EventData.bOffloadStream": "False"}
{"EventID": "22", "Channel": "Microsoft-Windows-Audio/PlaybackManager", "Provider_Name": "Microsoft-Windows-Audio", "Computer": "DESKTOP-OFJ6N53", "TimeCreated": "2023-03-21 09:17:54.746857+00:00", "RecordID": "190", "Level": "4", "UserID": "S-1-5-21-963789628-1060504924-4285088085-1001", "EventData.bIsSuspended": "False"}
{"EventID": "23", "Channel": "Microsoft-Windows-Audio/PlaybackManager", "Provider_Name": "Microsoft-Windows-Audio", "Computer": "DESKTOP-OFJ6N53", "TimeCreated": "2023-03-21 09:17:54.779850+00:00", "RecordID": "191", "Level": "4", "UserID": "S-1-5-21-963789628-1060504924-4285088085-1001", "EventData.bExclusiveModeStream": "False", "EventData.bOffloadStream": "False"}
{"EventID": "22", "Channel": "Microsoft-Windows-Audio/PlaybackManager", "Provider_Name": "Microsoft-Windows-Audio", "Computer": "DESKTOP-OFJ6N53", "TimeCreated": "2023-03-23 10:16:09.059126+00:00", "RecordID": "192", "Level": "4", "UserID": "S-1-5-21-963789628-1060504924-4285088085-1001", "EventData.bIsSuspended": "True"}
{"EventID": "23", "Channel": "Microsoft-Windows-Audio/PlaybackManager", "Provider_Name": "Microsoft-Windows-Audio", "Computer": "DESKTOP-OFJ6N53", "TimeCreated": "2023-03-24 10:57:42.240767+00:00", "RecordID": "193", "Level": "4", "UserID": "S-1-5-21-963789628-1060504924-4285088085-1001", "EventData.bExclusiveModeStream": "False", "EventData.bOffloadStream": "False"}
{"EventID": "23", "Channel": "Microsoft-Windows-Audio/PlaybackManager", "Provider_Name": "Microsoft-Windows-Audio", "Computer": "DESKTOP-OFJ6N53", "TimeCreated": "2023-03-24 10:57:42.273684+00:00", "RecordID": "194", "Level": "4", "UserID": "S-1-5-21-963789628-1060504924-4285088085-1001", "EventData.bExclusiveModeStream": "False", "EventData.bOffloadStream": "False"}
{"EventID": "22", "Channel": "Microsoft-Windows-Audio/PlaybackManager", "Provider_Name": "Microsoft-Windows-Audio", "Computer": "DESKTOP-OFJ6N53", "TimeCreated": "2023-03-24 22:19:18.903370+00:00", "RecordID": "195", "Level": "4", "UserID": "S-1-5-21-963789628-1060504924-4285088085-1001", "EventData.bIsSuspended": "False"}
{"EventID": "23", "Channel": "Microsoft-Windows-Audio/PlaybackManager", "Provider_Name": "Microsoft-Windows-Audio", "Computer": "DESKTOP-OFJ6N53", "TimeCreated": "2023-03-24 22:19:18.976212+00:00", "RecordID": "196", "Level": "4", "UserID": "S-1-5-21-963789628-1060504924-4285088085-1001", "EventData.bExclusiveModeStream": "False", "EventData.bOffloadStream": "False"}
{"EventID": "22", "Channel": "Microsoft-Windows-Audio/PlaybackManager", "Provider_Name": "Microsoft-Windows-Audio", "Computer": "DESKTOP-OFJ6N53", "TimeCreated": "2023-03-29 11:33:27.361994+00:00", "RecordID": "197", "Level": "4", "UserID": "S-1-5-21-963789628-1060504924-4285088085-1001", "EventData.bIsSuspended": "True"}
{"EventID": "22", "Channel": "Microsoft-Windows-Audio/PlaybackManager", "Provider_Name": "Microsoft-Windows-Audio", "Computer": "DESKTOP-OFJ6N53", "TimeCreated": "2023-03-29 15:45:41.446796+00:00", "RecordID": "198", "Level": "4", "UserID": "S-1-5-21-963789628-1060504924-4285088085-1001", "EventData.bIsSuspended": "False"}
{"EventID": "23", "Channel": "Microsoft-Windows-Audio/PlaybackManager", "Provider_Name": "Microsoft-Windows-Audio", "Computer": "DESKTOP-OFJ6N53", "TimeCreated": "2023-03-29 15:45:41.477753+00:00", "RecordID": "199", "Level": "4", "UserID": "S-1-5-21-963789628-1060504924-4285088085-1001", "EventData.bExclusiveModeStream": "False", "EventData.bOffloadStream": "False"}
{"EventID": "22", "Channel": "Microsoft-Windows-Audio/PlaybackManager", "Provider_Name": "Microsoft-Windows-Audio", "Computer": "DESKTOP-OFJ6N53", "TimeCreated": "2023-04-03 13:44:19.698462+00:00", "RecordID": "200", "Level": "4", "UserID": "S-1-5-21-963789628-1060504924-4285088085-1001", "EventData.bIsSuspended": "True"}
{"EventID": "22", "Channel": "Microsoft-Windows-Audio/PlaybackManager", "Provider_Name": "Microsoft-Windows-Audio", "Computer": "DESKTOP-OFJ6N53", "TimeCreated": "2023-04-03 15:22:00.683868+00:00", "RecordID": "201", "Level": "4", "UserID": "S-1-5-21-963789628-1060504924-4285088085-1001", "EventData.bIsSuspended": "True"}
{"EventID": "22", "Channel": "Microsoft-Windows-Audio/PlaybackManager", "Provider_Name": "Microsoft-Windows-Audio", "Computer": "DESKTOP-OFJ6N53", "TimeCreated": "2023-04-03 15:37:29.721910+00:00", "RecordID": "202", "Level": "4", "UserID": "S-1-5-21-963789628-1060504924-4285088085-1001", "EventData.bIsSuspended": "False"}
{"EventID": "22", "Channel": "Microsoft-Windows-Audio/PlaybackManager", "Provider_Name": "Microsoft-Windows-Audio", "Computer": "DESKTOP-OFJ6N53", "TimeCreated": "2023-04-04 06:37:04.724436+00:00", "RecordID": "203", "Level": "4", "UserID": "S-1-5-21-963789628-1060504924-4285088085-1001", "EventData.bIsSuspended": "True"}
{"EventID": "22", "Channel": "Microsoft-Windows-Audio/PlaybackManager", "Provider_Name": "Microsoft-Windows-Audio", "Computer": "DESKTOP-OFJ6N53", "TimeCreated": "2023-04-05 07:33:24.284746+00:00", "RecordID": "204", "Level": "4", "UserID": "S-1-5-21-963789628-1060504924-4285088085-1001", "EventData.bIsSuspended": "True"}
{"EventID": "22", "Channel": "Microsoft-Windows-Audio/PlaybackManager", "Provider_Name": "Microsoft-Windows-Audio", "Computer": "DESKTOP-OFJ6N53", "TimeCreated": "2023-04-05 12:19:44.984570+00:00", "RecordID": "205", "Level": "4", "UserID": "S-1-5-21-963789628-1060504924-4285088085-1001", "EventData.bIsSuspended": "False"}
{"EventID": "23", "Channel": "Microsoft-Windows-Audio/PlaybackManager", "Provider_Name": "Microsoft-Windows-Audio", "Computer": "DESKTOP-OFJ6N53", "TimeCreated": "2023-04-05 12:19:45.212639+00:00", "RecordID": "206", "Level": "4", "UserID": "S-1-5-21-963789628-1060504924-4285088085-1001", "EventData.bExclusiveModeStream": "False", "EventData.bOffloadStream": "False"}
{"EventID": "22", "Channel": "Microsoft-Windows-Audio/PlaybackManager", "Provider_Name": "Microsoft-Windows-Audio", "Computer": "DESKTOP-OFJ6N53", "TimeCreated": "2023-04-05 15:25:31.503212+00:00", "RecordID": "207", "Level": "4", "UserID": "S-1-5-21-963789628-1060504924-4285088085-1001", "EventData.bIsSuspended": "True"}
{"EventID": "22", "Channel": "Microsoft-Windows-Audio/PlaybackManager", "Provider_Name": "Microsoft-Windows-Audio", "Computer": "DESKTOP-OFJ6N53", "TimeCreated": "2023-04-06 10:59:37.578453+00:00", "RecordID": "208", "Level": "4", "UserID": "S-1-5-21-963789628-1060504924-4285088085-1001", "EventData.bIsSuspended": "False"}
{"EventID": "23", "Channel": "Microsoft-Windows-Audio/PlaybackManager", "Provider_Name": "Microsoft-Windows-Audio", "Computer": "DESKTOP-OFJ6N53", "TimeCreated": "2023-04-06 10:59:37.618095+00:00", "RecordID": "209", "Level": "4", "UserID": "S-1-5-21-963789628-1060504924-4285088085-1001", "EventData.bExclusiveModeStream": "False", "EventData.bOffloadStream": "False"}
{"EventID": "22", "Channel": "Microsoft-Windows-Audio/PlaybackManager", "Provider_Name": "Microsoft-Windows-Audio", "Computer": "DESKTOP-OFJ6N53", "TimeCreated": "2023-04-10 12:35:04.646498+00:00", "RecordID": "210", "Level": "4", "UserID": "S-1-5-21-963789628-1060504924-4285088085-1001", "EventData.bIsSuspended": "True"}
{"EventID": "22", "Channel": "Microsoft-Windows-Audio/PlaybackManager", "Provider_Name": "Microsoft-Windows-Audio", "Computer": "DESKTOP-OFJ6N53", "TimeCreated": "2023-04-13 10:54:45.578835+00:00", "RecordID": "211", "Level": "4", "UserID": "S-1-5-21-963789628-1060504924-4285088085-1001", "EventData.bIsSuspended": "True"}
{"EventID": "22", "Channel": "Microsoft-Windows-Audio/PlaybackManager", "Provider_Name": "Microsoft-Windows-Audio", "Computer": "DESKTOP-OFJ6N53", "TimeCreated": "2023-04-13 10:54:51.547720+00:00", "RecordID": "212", "Level": "4", "UserID": "S-1-5-21-963789628-1060504924-4285088085-1001", "EventData.bIsSuspended": "False"}
{"EventID": "22", "Channel": "Microsoft-Windows-Audio/PlaybackManager", "Provider_Name": "Microsoft-Windows-Audio", "Computer": "DESKTOP-OFJ6N53", "TimeCreated": "2023-04-22 12:27:15.264498+00:00", "RecordID": "213", "Level": "4", "UserID": "S-1-5-21-963789628-1060504924-4285088085-1001", "EventData.bIsSuspended": "True"}
{"EventID": "22", "Channel": "Microsoft-Windows-Audio/PlaybackManager", "Provider_Name": "Microsoft-Windows-Audio", "Computer": "DESKTOP-OFJ6N53", "TimeCreated": "2023-04-22 12:27:36.410751+00:00", "RecordID": "214", "Level": "4", "UserID": "S-1-5-21-963789628-1060504924-4285088085-1001", "EventData.bIsSuspended": "False"}
{"EventID": "22", "Channel": "Microsoft-Windows-Audio/PlaybackManager", "Provider_Name": "Microsoft-Windows-Audio", "Computer": "DESKTOP-OFJ6N53", "TimeCreated": "2023-05-16 15:01:16.248697+00:00", "RecordID": "215", "Level": "4", "UserID": "S-1-5-21-963789628-1060504924-4285088085-1001", "EventData.bIsSuspended": "True"}
{"EventID": "22", "Channel": "Microsoft-Windows-Audio/PlaybackManager", "Provider_Name": "Microsoft-Windows-Audio", "Computer": "DESKTOP-OFJ6N53", "TimeCreated": "2023-05-16 15:01:18.828547+00:00", "RecordID": "216", "Level": "4", "UserID": "S-1-5-21-963789628-1060504924-4285088085-1001", "EventData.bIsSuspended": "False"}
{"EventID": "22", "Channel": "Microsoft-Windows-Audio/PlaybackManager", "Provider_Name": "Microsoft-Windows-Audio", "Computer": "DESKTOP-OFJ6N53", "TimeCreated": "2023-06-11 21:03:41.418123+00:00", "RecordID": "217", "Level": "4", "UserID": "S-1-5-21-963789628-1060504924-4285088085-1001", "EventData.bIsSuspended": "True"}
{"EventID": "22", "Channel": "Microsoft-Windows-Audio/PlaybackManager", "Provider_Name": "Microsoft-Windows-Audio", "Computer": "DESKTOP-OFJ6N53", "TimeCreated": "2023-06-11 21:04:01.912178+00:00", "RecordID": "218", "Level": "4", "UserID": "S-1-5-21-963789628-1060504924-4285088085-1001", "EventData.bIsSuspended": "False"}
{"EventID": "23", "Channel": "Microsoft-Windows-Audio/PlaybackManager", "Provider_Name": "Microsoft-Windows-Audio", "Computer": "DESKTOP-OFJ6N53", "TimeCreated": "2023-07-24 21:21:19.516956+00:00", "RecordID": "219", "Level": "4", "UserID": "S-1-5-21-963789628-1060504924-4285088085-1001", "EventData.bExclusiveModeStream": "False", "EventData.bOffloadStream": "False"}
{"EventID": "23", "Channel": "Microsoft-Windows-Audio/PlaybackManager", "Provider_Name": "Microsoft-Windows-Audio", "Computer": "DESKTOP-OFJ6N53", "TimeCreated": "2023-07-24 21:21:19.561131+00:00", "RecordID": "220", "Level": "4", "UserID": "S-1-5-21-963789628-1060504924-4285088085-1001", "EventData.bExclusiveModeStream": "False", "EventData.bOffloadStream": "False"}
{"EventID": "23", "Channel": "Microsoft-Windows-Audio/PlaybackManager", "Provider_Name": "Microsoft-Windows-Audio", "Computer": "DESKTOP-OFJ6N53", "TimeCreated": "2023-07-31 15:31:12.538176+00:00", "RecordID": "221", "Level": "4", "UserID": "S-1-5-21-963789628-1060504924-4285088085-1001", "EventData.bExclusiveModeStream": "False", "EventData.bOffloadStream": "False"}
{"EventID": "23", "Channel": "Microsoft-Windows-Audio/PlaybackManager", "Provider_Name": "Microsoft-Windows-Audio", "Computer": "DESKTOP-OFJ6N53", "TimeCreated": "2023-08-08 15:14:35.409029+00:00", "RecordID": "222", "Level": "4", "UserID": "S-1-5-21-963789628-1060504924-4285088085-1001", "EventData.bExclusiveModeStream": "False", "EventData.bOffloadStream": "False"}
{"EventID": "22", "Channel": "Microsoft-Windows-Audio/PlaybackManager", "Provider_Name": "Microsoft-Windows-Audio", "Computer": "DESKTOP-OFJ6N53", "TimeCreated": "2023-09-25 09:51:22.292194+00:00", "RecordID": "223", "Level": "4", "UserID": "S-1-5-21-963789628-1060504924-4285088085-1001", "EventData.bIsSuspended": "True"}
{"EventID": "22", "Channel": "Microsoft-Windows-Audio/PlaybackManager", "Provider_Name": "Microsoft-Windows-Audio", "Computer": "DESKTOP-OFJ6N53", "TimeCreated": "2023-09-27 00:37:08.406301+00:00", "RecordID": "224", "Level": "4", "UserID": "S-1-5-21-963789628-1060504924-4285088085-1001", "EventData.bIsSuspended": "False"}
{"EventID": "23", "Channel": "Microsoft-Windows-Audio/PlaybackManager", "Provider_Name": "Microsoft-Windows-Audio", "Computer": "DESKTOP-OFJ6N53", "TimeCreated": "2023-09-27 00:37:08.407499+00:00", "RecordID": "225", "Level": "4", "UserID": "S-1-5-21-963789628-1060504924-4285088085-1001", "EventData.bExclusiveModeStream": "False", "EventData.bOffloadStream": "False"}
{"EventID": "22", "Channel": "Microsoft-Windows-Audio/PlaybackManager", "Provider_Name": "Microsoft-Windows-Audio", "Computer": "DESKTOP-OFJ6N53", "TimeCreated": "2023-10-12 09:47:04.621773+00:00", "RecordID": "226", "Level": "4", "UserID": "S-1-5-21-963789628-1060504924-4285088085-1001", "EventData.bIsSuspended": "True"}
{"EventID": "22", "Channel": "Microsoft-Windows-Audio/PlaybackManager", "Provider_Name": "Microsoft-Windows-Audio", "Computer": "DESKTOP-OFJ6N53", "TimeCreated": "2023-10-12 13:53:23.995403+00:00", "RecordID": "227", "Level": "4", "UserID": "S-1-5-21-963789628-1060504924-4285088085-1001", "EventData.bIsSuspended": "False"}
{"EventID": "23", "Channel": "Microsoft-Windows-Audio/PlaybackManager", "Provider_Name": "Microsoft-Windows-Audio", "Computer": "DESKTOP-OFJ6N53", "TimeCreated": "2023-10-12 13:53:24.004665+00:00", "RecordID": "228", "Level": "4", "UserID": "S-1-5-21-963789628-1060504924-4285088085-1001", "EventData.bExclusiveModeStream": "False", "EventData.bOffloadStream": "False"}
{"EventID": "23", "Channel": "Microsoft-Windows-Audio/PlaybackManager", "Provider_Name": "Microsoft-Windows-Audio", "Computer": "DESKTOP-OFJ6N53", "TimeCreated": "2023-11-10 06:21:18.981295+00:00", "RecordID": "229", "Level": "4", "UserID": "S-1-5-21-963789628-1060504924-4285088085-1001", "EventData.bExclusiveModeStream": "False", "EventData.bOffloadStream": "False"}
{"EventID": "23", "Channel": "Microsoft-Windows-Audio/PlaybackManager", "Provider_Name": "Microsoft-Windows-Audio", "Computer": "DESKTOP-OFJ6N53", "TimeCreated": "2023-11-30 06:55:12.486742+00:00", "RecordID": "230", "Level": "4", "UserID": "S-1-5-21-963789628-1060504924-4285088085-1001", "EventData.bExclusiveModeStream": "False", "EventData.bOffloadStream": "False"}
{"EventID": "23", "Channel": "Microsoft-Windows-Audio/PlaybackManager", "Provider_Name": "Microsoft-Windows-Audio", "Computer": "DESKTOP-OFJ6N53", "TimeCreated": "2023-11-30 06:55:12.514412+00:00", "RecordID": "231", "Level": "4", "UserID": "S-1-5-21-963789628-1060504924-4285088085-1001", "EventData.bExclusiveModeStream": "False", "EventData.bOffloadStream": "False"}
{"EventID": "22", "Channel": "Microsoft-Windows-Audio/PlaybackManager", "Provider_Name": "Microsoft-Windows-Audio", "Computer": "DESKTOP-OFJ6N53", "TimeCreated": "2023-12-29 11:48:12.424484+00:00", "RecordID": "232", "Level": "4", "UserID": "S-1-5-21-963789628-1060504924-4285088085-1001", "EventData.bIsSuspended": "True"}
{"EventID": "22", "Channel": "Microsoft-Windows-Audio/PlaybackManager", "Provider_Name": "Microsoft-Windows-Audio", "Computer": "DESKTOP-OFJ6N53", "TimeCreated": "2023-12-29 11:51:33.628891+00:00", "RecordID": "233", "Level": "4", "UserID": "S-1-5-21-963789628-1060504924-4285088085-1001", "EventData.bIsSuspended": "False"}
{"EventID": "22", "Channel": "Microsoft-Windows-Audio/PlaybackManager", "Provider_Name": "Microsoft-Windows-Audio", "Computer": "DESKTOP-OFJ6N53", "TimeCreated": "2023-12-29 14:48:23.597115+00:00", "RecordID": "234", "Level": "4", "UserID": "S-1-5-21-963789628-1060504924-4285088085-1001", "EventData.bIsSuspended": "True"}
{"EventID": "22", "Channel": "Microsoft-Windows-Audio/PlaybackManager", "Provider_Name": "Microsoft-Windows-Audio", "Computer": "DESKTOP-OFJ6N53", "TimeCreated": "2023-12-29 14:49:28.202110+00:00", "RecordID": "235", "Level": "4", "UserID": "S-1-5-21-963789628-1060504924-4285088085-1001", "EventData.bIsSuspended": "False"}
{"EventID": "22", "Channel": "Microsoft-Windows-Audio/PlaybackManager", "Provider_Name": "Microsoft-Windows-Audio", "Computer": "DESKTOP-OFJ6N53", "TimeCreated": "2023-12-29 14:49:44.614227+00:00", "RecordID": "236", "Level": "4", "UserID": "S-1-5-21-963789628-1060504924-4285088085-1001", "EventData.bIsSuspended": "True"}
{"EventID": "22", "Channel": "Microsoft-Windows-Audio/PlaybackManager", "Provider_Name": "Microsoft-Windows-Audio", "Computer": "DESKTOP-OFJ6N53", "TimeCreated": "2023-12-29 14:51:48.509068+00:00", "RecordID": "237", "Level": "4", "UserID": "S-1-5-21-963789628-1060504924-4285088085-1001", "EventData.bIsSuspended": "False"}
{"EventID": "22", "Channel": "Microsoft-Windows-Audio/PlaybackManager", "Provider_Name": "Microsoft-Windows-Audio", "Computer": "DESKTOP-OFJ6N53", "TimeCreated": "2023-12-29 14:52:05.189640+00:00", "RecordID": "238", "Level": "4", "UserID": "S-1-5-21-963789628-1060504924-4285088085-1001", "EventData.bIsSuspended": "True"}
{"EventID": "22", "Channel": "Microsoft-Windows-Audio/PlaybackManager", "Provider_Name": "Microsoft-Windows-Audio", "Computer": "DESKTOP-OFJ6N53", "TimeCreated": "2023-12-29 14:52:30.029001+00:00", "RecordID": "239", "Level": "4", "UserID": "S-1-5-21-963789628-1060504924-4285088085-1001", "EventData.bIsSuspended": "False"}
{"EventID": "22", "Channel": "Microsoft-Windows-Audio/PlaybackManager", "Provider_Name": "Microsoft-Windows-Audio", "Computer": "DESKTOP-OFJ6N53", "TimeCreated": "2023-12-29 14:52:47.268461+00:00", "RecordID": "240", "Level": "4", "UserID": "S-1-5-21-963789628-1060504924-4285088085-1001", "EventData.bIsSuspended": "True"}
{"EventID": "22", "Channel": "Microsoft-Windows-Audio/PlaybackManager", "Provider_Name": "Microsoft-Windows-Audio", "Computer": "DESKTOP-OFJ6N53", "TimeCreated": "2023-12-29 14:54:14.318764+00:00", "RecordID": "241", "Level": "4", "UserID": "S-1-5-21-963789628-1060504924-4285088085-1001", "EventData.bIsSuspended": "False"}
{"EventID": "22", "Channel": "Microsoft-Windows-Audio/PlaybackManager", "Provider_Name": "Microsoft-Windows-Audio", "Computer": "DESKTOP-OFJ6N53", "TimeCreated": "2023-12-29 14:54:30.859413+00:00", "RecordID": "242", "Level": "4", "UserID": "S-1-5-21-963789628-1060504924-4285088085-1001", "EventData.bIsSuspended": "True"}
{"EventID": "22", "Channel": "Microsoft-Windows-Audio/PlaybackManager", "Provider_Name": "Microsoft-Windows-Audio", "Computer": "DESKTOP-OFJ6N53", "TimeCreated": "2023-12-29 14:56:33.516119+00:00", "RecordID": "243", "Level": "4", "UserID": "S-1-5-21-963789628-1060504924-4285088085-1001", "EventData.bIsSuspended": "False"}
{"EventID": "22", "Channel": "Microsoft-Windows-Audio/PlaybackManager", "Provider_Name": "Microsoft-Windows-Audio", "Computer": "DESKTOP-OFJ6N53", "TimeCreated": "2023-12-29 14:56:49.645397+00:00", "RecordID": "244", "Level": "4", "UserID": "S-1-5-21-963789628-1060504924-4285088085-1001", "EventData.bIsSuspended": "True"}
{"EventID": "22", "Channel": "Microsoft-Windows-Audio/PlaybackManager", "Provider_Name": "Microsoft-Windows-Audio", "Computer": "DESKTOP-OFJ6N53", "TimeCreated": "2024-02-06 12:27:18.328657+00:00", "RecordID": "245", "Level": "4", "UserID": "S-1-5-21-963789628-1060504924-4285088085-1001", "EventData.bIsSuspended": "True"}
{"EventID": "22", "Channel": "Microsoft-Windows-Audio/PlaybackManager", "Provider_Name": "Microsoft-Windows-Audio", "Computer": "DESKTOP-OFJ6N53", "TimeCreated": "2024-02-07 00:26:55.404261+00:00", "RecordID": "246", "Level": "4", "UserID": "S-1-5-21-963789628-1060504924-4285088085-1001", "EventData.bIsSuspended": "False"}
{"EventID": "23", "Channel": "Microsoft-Windows-Audio/PlaybackManager", "Provider_Name": "Microsoft-Windows-Audio", "Computer": "DESKTOP-OFJ6N53", "TimeCreated": "2024-02-07 00:26:55.456039+00:00", "RecordID": "247", "Level": "4", "UserID": "S-1-5-21-963789628-1060504924-4285088085-1001", "EventData.bExclusiveModeStream": "False", "EventData.bOffloadStream": "False"}
{"EventID": "22", "Channel": "Microsoft-Windows-Audio/PlaybackManager", "Provider_Name": "Microsoft-Windows-Audio", "Computer": "DESKTOP-OFJ6N53", "TimeCreated": "2024-04-08 12:52:28.037584+00:00", "RecordID": "248", "Level": "4", "UserID": "S-1-5-21-963789628-1060504924-4285088085-1001", "EventData.bIsSuspended": "True"}
{"EventID": "22", "Channel": "Microsoft-Windows-Audio/PlaybackManager", "Provider_Name": "Microsoft-Windows-Audio", "Computer": "DESKTOP-OFJ6N53", "TimeCreated": "2024-04-08 12:53:27.071779+00:00", "RecordID": "249", "Level": "4", "UserID": "S-1-5-21-963789628-1060504924-4285088085-1001", "EventData.bIsSuspended": "False"}
{"EventID": "22", "Channel": "Microsoft-Windows-Audio/PlaybackManager", "Provider_Name": "Microsoft-Windows-Audio", "Computer": "DESKTOP-OFJ6N53", "TimeCreated": "2024-04-10 00:22:45.931162+00:00", "RecordID": "250", "Level": "4", "UserID": "S-1-5-21-963789628-1060504924-4285088085-1001", "EventData.bIsSuspended": "True"}
{"EventID": "22", "Channel": "Microsoft-Windows-Audio/PlaybackManager", "Provider_Name": "Microsoft-Windows-Audio", "Computer": "DESKTOP-OFJ6N53", "TimeCreated": "2024-04-10 00:25:52.525434+00:00", "RecordID": "251", "Level": "4", "UserID": "S-1-5-21-963789628-1060504924-4285088085-1001", "EventData.bIsSuspended": "False"}
{"EventID": "22", "Channel": "Microsoft-Windows-Audio/PlaybackManager", "Provider_Name": "Microsoft-Windows-Audio", "Computer": "DESKTOP-OFJ6N53", "TimeCreated": "2024-04-29 10:31:25.163916+00:00", "RecordID": "252", "Level": "4", "UserID": "S-1-5-21-963789628-1060504924-4285088085-1001", "EventData.bIsSuspended": "True"}
{"EventID": "22", "Channel": "Microsoft-Windows-Audio/PlaybackManager", "Provider_Name": "Microsoft-Windows-Audio", "Computer": "DESKTOP-OFJ6N53", "TimeCreated": "2024-05-14 09:07:45.488922+00:00", "RecordID": "253", "Level": "4", "UserID": "S-1-5-21-963789628-1060504924-4285088085-1001", "EventData.bIsSuspended": "True"}
{"EventID": "22", "Channel": "Microsoft-Windows-Audio/PlaybackManager", "Provider_Name": "Microsoft-Windows-Audio", "Computer": "DESKTOP-OFJ6N53", "TimeCreated": "2024-05-15 13:51:23.404709+00:00", "RecordID": "254", "Level": "4", "UserID": "S-1-5-21-963789628-1060504924-4285088085-1001", "EventData.bIsSuspended": "True"}
{"EventID": "22", "Channel": "Microsoft-Windows-Audio/PlaybackManager", "Provider_Name": "Microsoft-Windows-Audio", "Computer": "DESKTOP-OFJ6N53", "TimeCreated": "2024-05-15 13:55:03.325762+00:00", "RecordID": "255", "Level": "4", "UserID": "S-1-5-21-963789628-1060504924-4285088085-1001", "EventData.bIsSuspended": "False"}
{"EventID": "22", "Channel": "Microsoft-Windows-Audio/PlaybackManager", "Provider_Name": "Microsoft-Windows-Audio", "Computer": "DESKTOP-OFJ6N53", "TimeCreated": "2024-05-15 13:55:19.576582+00:00", "RecordID": "256", "Level": "4", "UserID": "S-1-5-21-963789628-1060504924-4285088085-1001", "EventData.bIsSuspended": "True"}
{"EventID": "22", "Channel": "Microsoft-Windows-Audio/PlaybackManager", "Provider_Name": "Microsoft-Windows-Audio", "Computer": "DESKTOP-OFJ6N53", "TimeCreated": "2024-05-24 13:01:45.352173+00:00", "RecordID": "257", "Level": "4", "UserID": "S-1-5-21-963789628-1060504924-4285088085-1001", "EventData.bIsSuspended": "False"}
{"EventID": "23", "Channel": "Microsoft-Windows-Audio/PlaybackManager", "Provider_Name": "Microsoft-Windows-Audio", "Computer": "DESKTOP-OFJ6N53", "TimeCreated": "2024-05-24 13:01:45.382847+00:00", "RecordID": "258", "Level": "4", "UserID": "S-1-5-21-963789628-1060504924-4285088085-1001", "EventData.bExclusiveModeStream": "False", "EventData.bOffloadStream": "False"}
{"EventID": "22", "Channel": "Microsoft-Windows-Audio/PlaybackManager", "Provider_Name": "Microsoft-Windows-Audio", "Computer": "DESKTOP-OFJ6N53", "TimeCreated": "2024-06-06 12:21:38.742365+00:00", "RecordID": "259", "Level": "4", "UserID": "S-1-5-21-963789628-1060504924-4285088085-1001", "EventData.bIsSuspended": "True"}
{"EventID": "22", "Channel": "Microsoft-Windows-Audio/PlaybackManager", "Provider_Name": "Microsoft-Windows-Audio", "Computer": "DESKTOP-OFJ6N53", "TimeCreated": "2024-06-06 12:24:52.895676+00:00", "RecordID": "260", "Level": "4", "UserID": "S-1-5-21-963789628-1060504924-4285088085-1001", "EventData.bIsSuspended": "False"}
{"EventID": "23", "Channel": "Microsoft-Windows-Audio/PlaybackManager", "Provider_Name": "Microsoft-Windows-Audio", "Computer": "DESKTOP-OFJ6N53", "TimeCreated": "2024-06-14 05:06:01.761580+00:00", "RecordID": "261", "Level": "4", "UserID": "S-1-5-21-963789628-1060504924-4285088085-1001", "EventData.bExclusiveModeStream": "False", "EventData.bOffloadStream": "False"}
{"EventID": "22", "Channel": "Microsoft-Windows-Audio/PlaybackManager", "Provider_Name": "Microsoft-Windows-Audio", "Computer": "DESKTOP-OFJ6N53", "TimeCreated": "2024-06-29 20:46:51.234816+00:00", "RecordID": "262", "Level": "4", "UserID": "S-1-5-21-963789628-1060504924-4285088085-1001", "EventData.bIsSuspended": "True"}
{"EventID": "22", "Channel": "Microsoft-Windows-Audio/PlaybackManager", "Provider_Name": "Microsoft-Windows-Audio", "Computer": "DESKTOP-OFJ6N53", "TimeCreated": "2024-07-02 02:16:12.889692+00:00", "RecordID": "263", "Level": "4", "UserID": "S-1-5-21-963789628-1060504924-4285088085-1001", "EventData.bIsSuspended": "False"}
{"EventID": "23", "Channel": "Microsoft-Windows-Audio/PlaybackManager", "Provider_Name": "Microsoft-Windows-Audio", "Computer": "DESKTOP-OFJ6N53", "TimeCreated": "2024-07-02 02:16:14.124208+00:00", "RecordID": "264", "Level": "4", "UserID": "S-1-5-21-963789628-1060504924-4285088085-1001", "EventData.bExclusiveModeStream": "False", "EventData.bOffloadStream": "False"}
{"EventID": "22", "Channel": "Microsoft-Windows-Audio/PlaybackManager", "Provider_Name": "Microsoft-Windows-Audio", "Computer": "DESKTOP-OFJ6N53", "TimeCreated": "2024-07-04 10:15:29.276325+00:00", "RecordID": "265", "Level": "4", "UserID": "S-1-5-21-963789628-1060504924-4285088085-1001", "EventData.bIsSuspended": "True"}
{"EventID": "22", "Channel": "Microsoft-Windows-Audio/PlaybackManager", "Provider_Name": "Microsoft-Windows-Audio", "Computer": "DESKTOP-OFJ6N53", "TimeCreated": "2024-07-04 10:18:40.911926+00:00", "RecordID": "266", "Level": "4", "UserID": "S-1-5-21-963789628-1060504924-4285088085-1001", "EventData.bIsSuspended": "False"}
{"EventID": "23", "Channel": "Microsoft-Windows-Audio/PlaybackManager", "Provider_Name": "Microsoft-Windows-Audio", "Computer": "DESKTOP-OFJ6N53", "TimeCreated": "2024-07-22 17:57:05.506374+00:00", "RecordID": "267", "Level": "4", "UserID": "S-1-5-21-963789628-1060504924-4285088085-1001", "EventData.bExclusiveModeStream": "False", "EventData.bOffloadStream": "False"}
{"EventID": "22", "Channel": "Microsoft-Windows-Audio/PlaybackManager", "Provider_Name": "Microsoft-Windows-Audio", "Computer": "DESKTOP-OFJ6N53", "TimeCreated": "2024-07-24 09:02:32.527552+00:00", "RecordID": "268", "Level": "4", "UserID": "S-1-5-21-963789628-1060504924-4285088085-1001", "EventData.bIsSuspended": "True"}
{"EventID": "22", "Channel": "Microsoft-Windows-Audio/PlaybackManager", "Provider_Name": "Microsoft-Windows-Audio", "Computer": "DESKTOP-OFJ6N53", "TimeCreated": "2024-07-24 09:02:32.532108+00:00", "RecordID": "269", "Level": "4", "UserID": "S-1-5-21-963789628-1060504924-4285088085-1001", "EventData.bIsSuspended": "False"}
{"EventID": "22", "Channel": "Microsoft-Windows-Audio/PlaybackManager", "Provider_Name": "Microsoft-Windows-Audio", "Computer": "DESKTOP-OFJ6N53", "TimeCreated": "2024-07-24 09:02:48.554703+00:00", "RecordID": "270", "Level": "4", "UserID": "S-1-5-21-963789628-1060504924-4285088085-1001", "EventData.bIsSuspended": "True"}
{"EventID": "22", "Channel": "Microsoft-Windows-Audio/PlaybackManager", "Provider_Name": "Microsoft-Windows-Audio", "Computer": "DESKTOP-OFJ6N53", "TimeCreated": "2024-07-24 12:33:10.155107+00:00", "RecordID": "271", "Level": "4", "UserID": "S-1-5-21-963789628-1060504924-4285088085-1001", "EventData.bIsSuspended": "False"}
{"EventID": "23", "Channel": "Microsoft-Windows-Audio/PlaybackManager", "Provider_Name": "Microsoft-Windows-Audio", "Computer": "DESKTOP-OFJ6N53", "TimeCreated": "2024-07-24 12:33:10.156647+00:00", "RecordID": "272", "Level": "4", "UserID": "S-1-5-21-963789628-1060504924-4285088085-1001", "EventData.bExclusiveModeStream": "False", "EventData.bOffloadStream": "False"}
{"EventID": "22", "Channel": "Microsoft-Windows-Audio/PlaybackManager", "Provider_Name": "Microsoft-Windows-Audio", "Computer": "DESKTOP-OFJ6N53", "TimeCreated": "2024-08-30 11:02:13.825087+00:00", "RecordID": "273", "Level": "4", "UserID": "S-1-5-21-963789628-1060504924-4285088085-1001", "EventData.bIsSuspended": "True"}
{"EventID": "22", "Channel": "Microsoft-Windows-Audio/PlaybackManager", "Provider_Name": "Microsoft-Windows-Audio", "Computer": "DESKTOP-OFJ6N53", "TimeCreated": "2024-08-30 13:14:30.740728+00:00", "RecordID": "274", "Level": "4", "UserID": "S-1-5-21-963789628-1060504924-4285088085-1001", "EventData.bIsSuspended": "False"}
{"EventID": "23", "Channel": "Microsoft-Windows-Audio/PlaybackManager", "Provider_Name": "Microsoft-Windows-Audio", "Computer": "DESKTOP-OFJ6N53", "TimeCreated": "2024-08-30 16:18:31.414667+00:00", "RecordID": "275", "Level": "4", "UserID": "S-1-5-21-963789628-1060504924-4285088085-1001", "EventData.bExclusiveModeStream": "False", "EventData.bOffloadStream": "False"}
{"EventID": "22", "Channel": "Microsoft-Windows-Audio/PlaybackManager", "Provider_Name": "Microsoft-Windows-Audio", "Computer": "DESKTOP-OFJ6N53", "TimeCreated": "2024-09-30 22:32:26.345709+00:00", "RecordID": "276", "Level": "4", "UserID": "S-1-5-21-963789628-1060504924-4285088085-1001", "EventData.bIsSuspended": "True"}
{"EventID": "22", "Channel": "Microsoft-Windows-Audio/PlaybackManager", "Provider_Name": "Microsoft-Windows-Audio", "Computer": "DESKTOP-OFJ6N53", "TimeCreated": "2024-09-30 22:32:57.975876+00:00", "RecordID": "277", "Level": "4", "UserID": "S-1-5-21-963789628-1060504924-4285088085-1001", "EventData.bIsSuspended": "False"}
{"EventID": "23", "Channel": "Microsoft-Windows-Audio/PlaybackManager", "Provider_Name": "Microsoft-Windows-Audio", "Computer": "DESKTOP-OFJ6N53", "TimeCreated": "2024-09-30 22:33:01.679710+00:00", "RecordID": "278", "Level": "4", "UserID": "S-1-5-21-963789628-1060504924-4285088085-1001", "EventData.bExclusiveModeStream": "False", "EventData.bOffloadStream": "False"}
{"EventID": "23", "Channel": "Microsoft-Windows-Audio/PlaybackManager", "Provider_Name": "Microsoft-Windows-Audio", "Computer": "DESKTOP-OFJ6N53", "TimeCreated": "2024-12-24 14:12:40.714447+00:00", "RecordID": "279", "Level": "4", "UserID": "S-1-5-21-963789628-1060504924-4285088085-1001", "EventData.bExclusiveModeStream": "False", "EventData.bOffloadStream": "False"}
{"EventID": "23", "Channel": "Microsoft-Windows-Audio/PlaybackManager", "Provider_Name": "Microsoft-Windows-Audio", "Computer": "DESKTOP-OFJ6N53", "TimeCreated": "2024-12-24 14:12:40.739126+00:00", "RecordID": "280", "Level": "4", "UserID": "S-1-5-21-963789628-1060504924-4285088085-1001", "EventData.bExclusiveModeStream": "False", "EventData.bOffloadStream": "False"}
{"EventID": "22", "Channel": "Microsoft-Windows-Audio/PlaybackManager", "Provider_Name": "Microsoft-Windows-Audio", "Computer": "DESKTOP-OFJ6N53", "TimeCreated": "2025-04-01 05:00:27.786190+00:00", "RecordID": "281", "Level": "4", "UserID": "S-1-5-21-963789628-1060504924-4285088085-1001", "EventData.bIsSuspended": "True"}
{"EventID": "22", "Channel": "Microsoft-Windows-Audio/PlaybackManager", "Provider_Name": "Microsoft-Windows-Audio", "Computer": "DESKTOP-OFJ6N53", "TimeCreated": "2025-04-01 05:00:37.169731+00:00", "RecordID": "282", "Level": "4", "UserID": "S-1-5-21-963789628-1060504924-4285088085-1001", "EventData.bIsSuspended": "False"}
{"EventID": "23", "Channel": "Microsoft-Windows-Audio/PlaybackManager", "Provider_Name": "Microsoft-Windows-Audio", "Computer": "DESKTOP-OFJ6N53", "TimeCreated": "2025-04-08 22:37:52.083166+00:00", "RecordID": "283", "Level": "4", "UserID": "S-1-5-21-963789628-1060504924-4285088085-1001", "EventData.bExclusiveModeStream": "False", "EventData.bOffloadStream": "False"}
{"EventID": "23", "Channel": "Microsoft-Windows-Audio/PlaybackManager", "Provider_Name": "Microsoft-Windows-Audio", "Computer": "DESKTOP-OFJ6N53", "TimeCreated": "2025-04-08 22:37:52.093126+00:00", "RecordID": "284", "Level": "4", "UserID": "S-1-5-21-963789628-1060504924-4285088085-1001", "EventData.bExclusiveModeStream": "False", "EventData.bOffloadStream": "False"}
{"EventID": "23", "Channel": "Microsoft-Windows-Audio/PlaybackManager", "Provider_Name": "Microsoft-Windows-Audio", "Computer": "DESKTOP-OFJ6N53", "TimeCreated": "2025-04-30 07:30:35.537802+00:00", "RecordID": "285", "Level": "4", "UserID": "S-1-5-21-963789628-1060504924-4285088085-1001", "EventData.bExclusiveModeStream": "False", "EventData.bOffloadStream": "False"}
{"EventID": "23", "Channel": "Microsoft-Windows-Audio/PlaybackManager", "Provider_Name": "Microsoft-Windows-Audio", "Computer": "DESKTOP-OFJ6N53", "TimeCreated": "2025-04-30 07:30:35.563349+00:00", "RecordID": "286", "Level": "4", "UserID": "S-1-5-21-963789628-1060504924-4285088085-1001", "EventData.bExclusiveModeStream": "False", "EventData.bOffloadStream": "False"}
