{"EventID": "2", "Channel": "Microsoft-Windows-Diagnosis-Scheduled/Operational", "Provider_Name": "Microsoft-Windows-Diagnosis-Scheduled", "Computer": "DESKTOP-OFJ6N53", "TimeCreated": "2022-03-03 09:43:12.789822+00:00", "RecordID": "1", "Level": "4", "UserID": "S-1-5-21-963789628-1060504924-4285088085-1001"}
{"EventID": "5", "Channel": "Microsoft-Windows-Diagnosis-Scheduled/Operational", "Provider_Name": "Microsoft-Windows-Diagnosis-Scheduled", "Computer": "DESKTOP-OFJ6N53", "TimeCreated": "2022-03-03 09:43:12.798187+00:00", "RecordID": "2", "Level": "4", "UserID": "S-1-5-21-963789628-1060504924-4285088085-1001", "EventData.PackagePath": "C:\\Windows\\diagnostics\\scheduled\\Maintenance"}
{"EventID": "6", "Channel": "Microsoft-Windows-Diagnosis-Scheduled/Operational", "Provider_Name": "Microsoft-Windows-Diagnosis-Scheduled", "Computer": "DESKTOP-OFJ6N53", "TimeCreated": "2022-03-03 09:43:13.632086+00:00", "RecordID": "3", "Level": "4", "UserID": "S-1-5-21-963789628-1060504924-4285088085-1001", "EventData.PackageID": "MaintenanceDiagnostic"}
{"EventID": "7", "Channel": "Microsoft-Windows-Diagnosis-Scheduled/Operational", "Provider_Name": "Microsoft-Windows-Diagnosis-Scheduled", "Computer": "DESKTOP-OFJ6N53", "TimeCreated": "2022-03-03 09:43:13.632088+00:00", "RecordID": "4", "Level": "4", "UserID": "S-1-5-21-963789628-1060504924-4285088085-1001", "EventData.PackageID": "MaintenanceDiagnostic"}
{"EventID": "8", "Channel": "Microsoft-Windows-Diagnosis-Scheduled/Operational", "Provider_Name": "Microsoft-Windows-Diagnosis-Scheduled", "Computer": "DESKTOP-OFJ6N53", "TimeCreated": "2022-03-03 09:43:19.238165+00:00", "RecordID": "5", "Level": "4", "UserID": "S-1-5-21-963789628-1060504924-4285088085-1001", "EventData.PackageID": "MaintenanceDiagnostic", "EventData.RootCauseCount": "2"}
{"EventID": "100", "Channel": "Microsoft-Windows-Diagnosis-Scheduled/Operational", "Provider_Name": "Microsoft-Windows-Diagnosis-Scheduled", "Computer": "DESKTOP-OFJ6N53", "TimeCreated": "2022-03-03 09:43:19.238173+00:00", "RecordID": "6", "Level": "1", "UserID": "S-1-5-21-963789628-1060504924-4285088085-1001", "EventData.hc_stateid": "0"}
{"EventID": "3", "Channel": "Microsoft-Windows-Diagnosis-Scheduled/Operational", "Provider_Name": "Microsoft-Windows-Diagnosis-Scheduled", "Computer": "DESKTOP-OFJ6N53", "TimeCreated": "2022-03-03 09:43:24.654945+00:00", "RecordID": "7", "Level": "4", "UserID": "S-1-5-21-963789628-1060504924-4285088085-1001"}
{"EventID": "2", "Channel": "Microsoft-Windows-Diagnosis-Scheduled/Operational", "Provider_Name": "Microsoft-Windows-Diagnosis-Scheduled", "Computer": "DESKTOP-OFJ6N53", "TimeCreated": "2022-03-06 09:18:35.737732+00:00", "RecordID": "8", "Level": "4", "UserID": "S-1-5-21-963789628-1060504924-4285088085-1001"}
{"EventID": "5", "Channel": "Microsoft-Windows-Diagnosis-Scheduled/Operational", "Provider_Name": "Microsoft-Windows-Diagnosis-Scheduled", "Computer": "DESKTOP-OFJ6N53", "TimeCreated": "2022-03-06 09:18:35.749121+00:00", "RecordID": "9", "Level": "4", "UserID": "S-1-5-21-963789628-1060504924-4285088085-1001", "EventData.PackagePath": "C:\\Windows\\diagnostics\\scheduled\\Maintenance"}
{"EventID": "6", "Channel": "Microsoft-Windows-Diagnosis-Scheduled/Operational", "Provider_Name": "Microsoft-Windows-Diagnosis-Scheduled", "Computer": "DESKTOP-OFJ6N53", "TimeCreated": "2022-03-06 09:18:37.349720+00:00", "RecordID": "10", "Level": "4", "UserID": "S-1-5-21-963789628-1060504924-4285088085-1001", "EventData.PackageID": "MaintenanceDiagnostic"}
{"EventID": "7", "Channel": "Microsoft-Windows-Diagnosis-Scheduled/Operational", "Provider_Name": "Microsoft-Windows-Diagnosis-Scheduled", "Computer": "DESKTOP-OFJ6N53", "TimeCreated": "2022-03-06 09:18:37.349722+00:00", "RecordID": "11", "Level": "4", "UserID": "S-1-5-21-963789628-1060504924-4285088085-1001", "EventData.PackageID": "MaintenanceDiagnostic"}
{"EventID": "8", "Channel": "Microsoft-Windows-Diagnosis-Scheduled/Operational", "Provider_Name": "Microsoft-Windows-Diagnosis-Scheduled", "Computer": "DESKTOP-OFJ6N53", "TimeCreated": "2022-03-06 09:18:50.767374+00:00", "RecordID": "12", "Level": "4", "UserID": "S-1-5-21-963789628-1060504924-4285088085-1001", "EventData.PackageID": "MaintenanceDiagnostic", "EventData.RootCauseCount": "2"}
{"EventID": "100", "Channel": "Microsoft-Windows-Diagnosis-Scheduled/Operational", "Provider_Name": "Microsoft-Windows-Diagnosis-Scheduled", "Computer": "DESKTOP-OFJ6N53", "TimeCreated": "2022-03-06 09:18:50.767378+00:00", "RecordID": "13", "Level": "1", "UserID": "S-1-5-21-963789628-1060504924-4285088085-1001", "EventData.hc_stateid": "0"}
{"EventID": "3", "Channel": "Microsoft-Windows-Diagnosis-Scheduled/Operational", "Provider_Name": "Microsoft-Windows-Diagnosis-Scheduled", "Computer": "DESKTOP-OFJ6N53", "TimeCreated": "2022-03-06 09:18:50.778408+00:00", "RecordID": "14", "Level": "4", "UserID": "S-1-5-21-963789628-1060504924-4285088085-1001"}
{"EventID": "2", "Channel": "Microsoft-Windows-Diagnosis-Scheduled/Operational", "Provider_Name": "Microsoft-Windows-Diagnosis-Scheduled", "Computer": "DESKTOP-OFJ6N53", "TimeCreated": "2022-03-13 08:25:15.514933+00:00", "RecordID": "15", "Level": "4", "UserID": "S-1-5-21-963789628-1060504924-4285088085-1001"}
{"EventID": "5", "Channel": "Microsoft-Windows-Diagnosis-Scheduled/Operational", "Provider_Name": "Microsoft-Windows-Diagnosis-Scheduled", "Computer": "DESKTOP-OFJ6N53", "TimeCreated": "2022-03-13 08:25:15.516998+00:00", "RecordID": "16", "Level": "4", "UserID": "S-1-5-21-963789628-1060504924-4285088085-1001", "EventData.PackagePath": "C:\\Windows\\diagnostics\\scheduled\\Maintenance"}
{"EventID": "6", "Channel": "Microsoft-Windows-Diagnosis-Scheduled/Operational", "Provider_Name": "Microsoft-Windows-Diagnosis-Scheduled", "Computer": "DESKTOP-OFJ6N53", "TimeCreated": "2022-03-13 08:25:16.533516+00:00", "RecordID": "17", "Level": "4", "UserID": "S-1-5-21-963789628-1060504924-4285088085-1001", "EventData.PackageID": "MaintenanceDiagnostic"}
{"EventID": "7", "Channel": "Microsoft-Windows-Diagnosis-Scheduled/Operational", "Provider_Name": "Microsoft-Windows-Diagnosis-Scheduled", "Computer": "DESKTOP-OFJ6N53", "TimeCreated": "2022-03-13 08:25:16.533518+00:00", "RecordID": "18", "Level": "4", "UserID": "S-1-5-21-963789628-1060504924-4285088085-1001", "EventData.PackageID": "MaintenanceDiagnostic"}
{"EventID": "8", "Channel": "Microsoft-Windows-Diagnosis-Scheduled/Operational", "Provider_Name": "Microsoft-Windows-Diagnosis-Scheduled", "Computer": "DESKTOP-OFJ6N53", "TimeCreated": "2022-03-13 08:25:22.106190+00:00", "RecordID": "19", "Level": "4", "UserID": "S-1-5-21-963789628-1060504924-4285088085-1001", "EventData.PackageID": "MaintenanceDiagnostic", "EventData.RootCauseCount": "2"}
{"EventID": "100", "Channel": "Microsoft-Windows-Diagnosis-Scheduled/Operational", "Provider_Name": "Microsoft-Windows-Diagnosis-Scheduled", "Computer": "DESKTOP-OFJ6N53", "TimeCreated": "2022-03-13 08:25:22.106195+00:00", "RecordID": "20", "Level": "1", "UserID": "S-1-5-21-963789628-1060504924-4285088085-1001", "EventData.hc_stateid": "0"}
{"EventID": "3", "Channel": "Microsoft-Windows-Diagnosis-Scheduled/Operational", "Provider_Name": "Microsoft-Windows-Diagnosis-Scheduled", "Computer": "DESKTOP-OFJ6N53", "TimeCreated": "2022-03-13 08:25:25.182186+00:00", "RecordID": "21", "Level": "4", "UserID": "S-1-5-21-963789628-1060504924-4285088085-1001"}
{"EventID": "2", "Channel": "Microsoft-Windows-Diagnosis-Scheduled/Operational", "Provider_Name": "Microsoft-Windows-Diagnosis-Scheduled", "Computer": "DESKTOP-OFJ6N53", "TimeCreated": "2022-03-20 08:45:00.338213+00:00", "RecordID": "22", "Level": "4", "UserID": "S-1-5-21-963789628-1060504924-4285088085-1001"}
{"EventID": "5", "Channel": "Microsoft-Windows-Diagnosis-Scheduled/Operational", "Provider_Name": "Microsoft-Windows-Diagnosis-Scheduled", "Computer": "DESKTOP-OFJ6N53", "TimeCreated": "2022-03-20 08:45:00.530350+00:00", "RecordID": "23", "Level": "4", "UserID": "S-1-5-21-963789628-1060504924-4285088085-1001", "EventData.PackagePath": "C:\\Windows\\diagnostics\\scheduled\\Maintenance"}
{"EventID": "6", "Channel": "Microsoft-Windows-Diagnosis-Scheduled/Operational", "Provider_Name": "Microsoft-Windows-Diagnosis-Scheduled", "Computer": "DESKTOP-OFJ6N53", "TimeCreated": "2022-03-20 08:45:00.868694+00:00", "RecordID": "24", "Level": "4", "UserID": "S-1-5-21-963789628-1060504924-4285088085-1001", "EventData.PackageID": "MaintenanceDiagnostic"}
{"EventID": "7", "Channel": "Microsoft-Windows-Diagnosis-Scheduled/Operational", "Provider_Name": "Microsoft-Windows-Diagnosis-Scheduled", "Computer": "DESKTOP-OFJ6N53", "TimeCreated": "2022-03-20 08:45:00.868696+00:00", "RecordID": "25", "Level": "4", "UserID": "S-1-5-21-963789628-1060504924-4285088085-1001", "EventData.PackageID": "MaintenanceDiagnostic"}
{"EventID": "8", "Channel": "Microsoft-Windows-Diagnosis-Scheduled/Operational", "Provider_Name": "Microsoft-Windows-Diagnosis-Scheduled", "Computer": "DESKTOP-OFJ6N53", "TimeCreated": "2022-03-20 08:45:04.446159+00:00", "RecordID": "26", "Level": "4", "UserID": "S-1-5-21-963789628-1060504924-4285088085-1001", "EventData.PackageID": "MaintenanceDiagnostic", "EventData.RootCauseCount": "2"}
{"EventID": "100", "Channel": "Microsoft-Windows-Diagnosis-Scheduled/Operational", "Provider_Name": "Microsoft-Windows-Diagnosis-Scheduled", "Computer": "DESKTOP-OFJ6N53", "TimeCreated": "2022-03-20 08:45:04.446165+00:00", "RecordID": "27", "Level": "1", "UserID": "S-1-5-21-963789628-1060504924-4285088085-1001", "EventData.hc_stateid": "0"}
{"EventID": "3", "Channel": "Microsoft-Windows-Diagnosis-Scheduled/Operational", "Provider_Name": "Microsoft-Windows-Diagnosis-Scheduled", "Computer": "DESKTOP-OFJ6N53", "TimeCreated": "2022-03-20 08:45:04.449978+00:00", "RecordID": "28", "Level": "4", "UserID": "S-1-5-21-963789628-1060504924-4285088085-1001"}
{"EventID": "2", "Channel": "Microsoft-Windows-Diagnosis-Scheduled/Operational", "Provider_Name": "Microsoft-Windows-Diagnosis-Scheduled", "Computer": "DESKTOP-OFJ6N53", "TimeCreated": "2022-03-27 08:45:04.281080+00:00", "RecordID": "29", "Level": "4", "UserID": "S-1-5-21-963789628-1060504924-4285088085-1001"}
{"EventID": "5", "Channel": "Microsoft-Windows-Diagnosis-Scheduled/Operational", "Provider_Name": "Microsoft-Windows-Diagnosis-Scheduled", "Computer": "DESKTOP-OFJ6N53", "TimeCreated": "2022-03-27 08:45:04.282309+00:00", "RecordID": "30", "Level": "4", "UserID": "S-1-5-21-963789628-1060504924-4285088085-1001", "EventData.PackagePath": "C:\\Windows\\diagnostics\\scheduled\\Maintenance"}
{"EventID": "6", "Channel": "Microsoft-Windows-Diagnosis-Scheduled/Operational", "Provider_Name": "Microsoft-Windows-Diagnosis-Scheduled", "Computer": "DESKTOP-OFJ6N53", "TimeCreated": "2022-03-27 08:45:04.527624+00:00", "RecordID": "31", "Level": "4", "UserID": "S-1-5-21-963789628-1060504924-4285088085-1001", "EventData.PackageID": "MaintenanceDiagnostic"}
{"EventID": "7", "Channel": "Microsoft-Windows-Diagnosis-Scheduled/Operational", "Provider_Name": "Microsoft-Windows-Diagnosis-Scheduled", "Computer": "DESKTOP-OFJ6N53", "TimeCreated": "2022-03-27 08:45:04.527626+00:00", "RecordID": "32", "Level": "4", "UserID": "S-1-5-21-963789628-1060504924-4285088085-1001", "EventData.PackageID": "MaintenanceDiagnostic"}
{"EventID": "8", "Channel": "Microsoft-Windows-Diagnosis-Scheduled/Operational", "Provider_Name": "Microsoft-Windows-Diagnosis-Scheduled", "Computer": "DESKTOP-OFJ6N53", "TimeCreated": "2022-03-27 08:45:08.359341+00:00", "RecordID": "33", "Level": "4", "UserID": "S-1-5-21-963789628-1060504924-4285088085-1001", "EventData.PackageID": "MaintenanceDiagnostic", "EventData.RootCauseCount": "2"}
{"EventID": "100", "Channel": "Microsoft-Windows-Diagnosis-Scheduled/Operational", "Provider_Name": "Microsoft-Windows-Diagnosis-Scheduled", "Computer": "DESKTOP-OFJ6N53", "TimeCreated": "2022-03-27 08:45:08.359344+00:00", "RecordID": "34", "Level": "1", "UserID": "S-1-5-21-963789628-1060504924-4285088085-1001", "EventData.hc_stateid": "0"}
{"EventID": "3", "Channel": "Microsoft-Windows-Diagnosis-Scheduled/Operational", "Provider_Name": "Microsoft-Windows-Diagnosis-Scheduled", "Computer": "DESKTOP-OFJ6N53", "TimeCreated": "2022-03-27 08:45:10.512915+00:00", "RecordID": "35", "Level": "4", "UserID": "S-1-5-21-963789628-1060504924-4285088085-1001"}
{"EventID": "2", "Channel": "Microsoft-Windows-Diagnosis-Scheduled/Operational", "Provider_Name": "Microsoft-Windows-Diagnosis-Scheduled", "Computer": "DESKTOP-OFJ6N53", "TimeCreated": "2022-04-03 08:45:04.329967+00:00", "RecordID": "36", "Level": "4", "UserID": "S-1-5-21-963789628-1060504924-4285088085-1001"}
{"EventID": "5", "Channel": "Microsoft-Windows-Diagnosis-Scheduled/Operational", "Provider_Name": "Microsoft-Windows-Diagnosis-Scheduled", "Computer": "DESKTOP-OFJ6N53", "TimeCreated": "2022-04-03 08:45:04.355587+00:00", "RecordID": "37", "Level": "4", "UserID": "S-1-5-21-963789628-1060504924-4285088085-1001", "EventData.PackagePath": "C:\\Windows\\diagnostics\\scheduled\\Maintenance"}
{"EventID": "6", "Channel": "Microsoft-Windows-Diagnosis-Scheduled/Operational", "Provider_Name": "Microsoft-Windows-Diagnosis-Scheduled", "Computer": "DESKTOP-OFJ6N53", "TimeCreated": "2022-04-03 08:45:06.054724+00:00", "RecordID": "38", "Level": "4", "UserID": "S-1-5-21-963789628-1060504924-4285088085-1001", "EventData.PackageID": "MaintenanceDiagnostic"}
{"EventID": "7", "Channel": "Microsoft-Windows-Diagnosis-Scheduled/Operational", "Provider_Name": "Microsoft-Windows-Diagnosis-Scheduled", "Computer": "DESKTOP-OFJ6N53", "TimeCreated": "2022-04-03 08:45:06.054729+00:00", "RecordID": "39", "Level": "4", "UserID": "S-1-5-21-963789628-1060504924-4285088085-1001", "EventData.PackageID": "MaintenanceDiagnostic"}
{"EventID": "8", "Channel": "Microsoft-Windows-Diagnosis-Scheduled/Operational", "Provider_Name": "Microsoft-Windows-Diagnosis-Scheduled", "Computer": "DESKTOP-OFJ6N53", "TimeCreated": "2022-04-03 08:45:12.892458+00:00", "RecordID": "40", "Level": "4", "UserID": "S-1-5-21-963789628-1060504924-4285088085-1001", "EventData.PackageID": "MaintenanceDiagnostic", "EventData.RootCauseCount": "2"}
{"EventID": "100", "Channel": "Microsoft-Windows-Diagnosis-Scheduled/Operational", "Provider_Name": "Microsoft-Windows-Diagnosis-Scheduled", "Computer": "DESKTOP-OFJ6N53", "TimeCreated": "2022-04-03 08:45:12.892464+00:00", "RecordID": "41", "Level": "1", "UserID": "S-1-5-21-963789628-1060504924-4285088085-1001", "EventData.hc_stateid": "0"}
{"EventID": "3", "Channel": "Microsoft-Windows-Diagnosis-Scheduled/Operational", "Provider_Name": "Microsoft-Windows-Diagnosis-Scheduled", "Computer": "DESKTOP-OFJ6N53", "TimeCreated": "2022-04-03 08:45:13.176655+00:00", "RecordID": "42", "Level": "4", "UserID": "S-1-5-21-963789628-1060504924-4285088085-1001"}
{"EventID": "2", "Channel": "Microsoft-Windows-Diagnosis-Scheduled/Operational", "Provider_Name": "Microsoft-Windows-Diagnosis-Scheduled", "Computer": "DESKTOP-OFJ6N53", "TimeCreated": "2022-04-10 08:45:04.380909+00:00", "RecordID": "43", "Level": "4", "UserID": "S-1-5-21-963789628-1060504924-4285088085-1001"}
{"EventID": "5", "Channel": "Microsoft-Windows-Diagnosis-Scheduled/Operational", "Provider_Name": "Microsoft-Windows-Diagnosis-Scheduled", "Computer": "DESKTOP-OFJ6N53", "TimeCreated": "2022-04-10 08:45:04.382044+00:00", "RecordID": "44", "Level": "4", "UserID": "S-1-5-21-963789628-1060504924-4285088085-1001", "EventData.PackagePath": "C:\\Windows\\diagnostics\\scheduled\\Maintenance"}
{"EventID": "6", "Channel": "Microsoft-Windows-Diagnosis-Scheduled/Operational", "Provider_Name": "Microsoft-Windows-Diagnosis-Scheduled", "Computer": "DESKTOP-OFJ6N53", "TimeCreated": "2022-04-10 08:45:04.686941+00:00", "RecordID": "45", "Level": "4", "UserID": "S-1-5-21-963789628-1060504924-4285088085-1001", "EventData.PackageID": "MaintenanceDiagnostic"}
{"EventID": "7", "Channel": "Microsoft-Windows-Diagnosis-Scheduled/Operational", "Provider_Name": "Microsoft-Windows-Diagnosis-Scheduled", "Computer": "DESKTOP-OFJ6N53", "TimeCreated": "2022-04-10 08:45:04.686945+00:00", "RecordID": "46", "Level": "4", "UserID": "S-1-5-21-963789628-1060504924-4285088085-1001", "EventData.PackageID": "MaintenanceDiagnostic"}
{"EventID": "8", "Channel": "Microsoft-Windows-Diagnosis-Scheduled/Operational", "Provider_Name": "Microsoft-Windows-Diagnosis-Scheduled", "Computer": "DESKTOP-OFJ6N53", "TimeCreated": "2022-04-10 08:45:09.027832+00:00", "RecordID": "47", "Level": "4", "UserID": "S-1-5-21-963789628-1060504924-4285088085-1001", "EventData.PackageID": "MaintenanceDiagnostic", "EventData.RootCauseCount": "2"}
{"EventID": "100", "Channel": "Microsoft-Windows-Diagnosis-Scheduled/Operational", "Provider_Name": "Microsoft-Windows-Diagnosis-Scheduled", "Computer": "DESKTOP-OFJ6N53", "TimeCreated": "2022-04-10 08:45:09.027840+00:00", "RecordID": "48", "Level": "1", "UserID": "S-1-5-21-963789628-1060504924-4285088085-1001", "EventData.hc_stateid": "0"}
{"EventID": "3", "Channel": "Microsoft-Windows-Diagnosis-Scheduled/Operational", "Provider_Name": "Microsoft-Windows-Diagnosis-Scheduled", "Computer": "DESKTOP-OFJ6N53", "TimeCreated": "2022-04-10 08:45:12.904497+00:00", "RecordID": "49", "Level": "4", "UserID": "S-1-5-21-963789628-1060504924-4285088085-1001"}
{"EventID": "2", "Channel": "Microsoft-Windows-Diagnosis-Scheduled/Operational", "Provider_Name": "Microsoft-Windows-Diagnosis-Scheduled", "Computer": "DESKTOP-OFJ6N53", "TimeCreated": "2022-04-17 08:34:31.218185+00:00", "RecordID": "50", "Level": "4", "UserID": "S-1-5-21-963789628-1060504924-4285088085-1001"}
{"EventID": "5", "Channel": "Microsoft-Windows-Diagnosis-Scheduled/Operational", "Provider_Name": "Microsoft-Windows-Diagnosis-Scheduled", "Computer": "DESKTOP-OFJ6N53", "TimeCreated": "2022-04-17 08:34:31.218473+00:00", "RecordID": "51", "Level": "4", "UserID": "S-1-5-21-963789628-1060504924-4285088085-1001", "EventData.PackagePath": "C:\\Windows\\diagnostics\\scheduled\\Maintenance"}
{"EventID": "6", "Channel": "Microsoft-Windows-Diagnosis-Scheduled/Operational", "Provider_Name": "Microsoft-Windows-Diagnosis-Scheduled", "Computer": "DESKTOP-OFJ6N53", "TimeCreated": "2022-04-17 08:34:31.413414+00:00", "RecordID": "52", "Level": "4", "UserID": "S-1-5-21-963789628-1060504924-4285088085-1001", "EventData.PackageID": "MaintenanceDiagnostic"}
{"EventID": "7", "Channel": "Microsoft-Windows-Diagnosis-Scheduled/Operational", "Provider_Name": "Microsoft-Windows-Diagnosis-Scheduled", "Computer": "DESKTOP-OFJ6N53", "TimeCreated": "2022-04-17 08:34:31.413416+00:00", "RecordID": "53", "Level": "4", "UserID": "S-1-5-21-963789628-1060504924-4285088085-1001", "EventData.PackageID": "MaintenanceDiagnostic"}
{"EventID": "8", "Channel": "Microsoft-Windows-Diagnosis-Scheduled/Operational", "Provider_Name": "Microsoft-Windows-Diagnosis-Scheduled", "Computer": "DESKTOP-OFJ6N53", "TimeCreated": "2022-04-17 08:34:33.728048+00:00", "RecordID": "54", "Level": "4", "UserID": "S-1-5-21-963789628-1060504924-4285088085-1001", "EventData.PackageID": "MaintenanceDiagnostic", "EventData.RootCauseCount": "2"}
{"EventID": "100", "Channel": "Microsoft-Windows-Diagnosis-Scheduled/Operational", "Provider_Name": "Microsoft-Windows-Diagnosis-Scheduled", "Computer": "DESKTOP-OFJ6N53", "TimeCreated": "2022-04-17 08:34:33.728052+00:00", "RecordID": "55", "Level": "1", "UserID": "S-1-5-21-963789628-1060504924-4285088085-1001", "EventData.hc_stateid": "0"}
{"EventID": "3", "Channel": "Microsoft-Windows-Diagnosis-Scheduled/Operational", "Provider_Name": "Microsoft-Windows-Diagnosis-Scheduled", "Computer": "DESKTOP-OFJ6N53", "TimeCreated": "2022-04-17 08:34:33.758997+00:00", "RecordID": "56", "Level": "4", "UserID": "S-1-5-21-963789628-1060504924-4285088085-1001"}
{"EventID": "2", "Channel": "Microsoft-Windows-Diagnosis-Scheduled/Operational", "Provider_Name": "Microsoft-Windows-Diagnosis-Scheduled", "Computer": "DESKTOP-OFJ6N53", "TimeCreated": "2022-04-24 08:34:45.235687+00:00", "RecordID": "57", "Level": "4", "UserID": "S-1-5-21-963789628-1060504924-4285088085-1001"}
{"EventID": "5", "Channel": "Microsoft-Windows-Diagnosis-Scheduled/Operational", "Provider_Name": "Microsoft-Windows-Diagnosis-Scheduled", "Computer": "DESKTOP-OFJ6N53", "TimeCreated": "2022-04-24 08:34:45.235909+00:00", "RecordID": "58", "Level": "4", "UserID": "S-1-5-21-963789628-1060504924-4285088085-1001", "EventData.PackagePath": "C:\\Windows\\diagnostics\\scheduled\\Maintenance"}
{"EventID": "6", "Channel": "Microsoft-Windows-Diagnosis-Scheduled/Operational", "Provider_Name": "Microsoft-Windows-Diagnosis-Scheduled", "Computer": "DESKTOP-OFJ6N53", "TimeCreated": "2022-04-24 08:34:45.386292+00:00", "RecordID": "59", "Level": "4", "UserID": "S-1-5-21-963789628-1060504924-4285088085-1001", "EventData.PackageID": "MaintenanceDiagnostic"}
{"EventID": "7", "Channel": "Microsoft-Windows-Diagnosis-Scheduled/Operational", "Provider_Name": "Microsoft-Windows-Diagnosis-Scheduled", "Computer": "DESKTOP-OFJ6N53", "TimeCreated": "2022-04-24 08:34:45.386293+00:00", "RecordID": "60", "Level": "4", "UserID": "S-1-5-21-963789628-1060504924-4285088085-1001", "EventData.PackageID": "MaintenanceDiagnostic"}
{"EventID": "8", "Channel": "Microsoft-Windows-Diagnosis-Scheduled/Operational", "Provider_Name": "Microsoft-Windows-Diagnosis-Scheduled", "Computer": "DESKTOP-OFJ6N53", "TimeCreated": "2022-04-24 08:34:46.677448+00:00", "RecordID": "61", "Level": "4", "UserID": "S-1-5-21-963789628-1060504924-4285088085-1001", "EventData.PackageID": "MaintenanceDiagnostic", "EventData.RootCauseCount": "2"}
{"EventID": "100", "Channel": "Microsoft-Windows-Diagnosis-Scheduled/Operational", "Provider_Name": "Microsoft-Windows-Diagnosis-Scheduled", "Computer": "DESKTOP-OFJ6N53", "TimeCreated": "2022-04-24 08:34:46.677450+00:00", "RecordID": "62", "Level": "1", "UserID": "S-1-5-21-963789628-1060504924-4285088085-1001", "EventData.hc_stateid": "0"}
{"EventID": "3", "Channel": "Microsoft-Windows-Diagnosis-Scheduled/Operational", "Provider_Name": "Microsoft-Windows-Diagnosis-Scheduled", "Computer": "DESKTOP-OFJ6N53", "TimeCreated": "2022-04-24 08:34:47.258749+00:00", "RecordID": "63", "Level": "4", "UserID": "S-1-5-21-963789628-1060504924-4285088085-1001"}
{"EventID": "2", "Channel": "Microsoft-Windows-Diagnosis-Scheduled/Operational", "Provider_Name": "Microsoft-Windows-Diagnosis-Scheduled", "Computer": "DESKTOP-OFJ6N53", "TimeCreated": "2022-05-05 10:14:19.930168+00:00", "RecordID": "64", "Level": "4", "UserID": "S-1-5-21-963789628-1060504924-4285088085-1001"}
{"EventID": "5", "Channel": "Microsoft-Windows-Diagnosis-Scheduled/Operational", "Provider_Name": "Microsoft-Windows-Diagnosis-Scheduled", "Computer": "DESKTOP-OFJ6N53", "TimeCreated": "2022-05-05 10:14:19.932844+00:00", "RecordID": "65", "Level": "4", "UserID": "S-1-5-21-963789628-1060504924-4285088085-1001", "EventData.PackagePath": "C:\\Windows\\diagnostics\\scheduled\\Maintenance"}
{"EventID": "6", "Channel": "Microsoft-Windows-Diagnosis-Scheduled/Operational", "Provider_Name": "Microsoft-Windows-Diagnosis-Scheduled", "Computer": "DESKTOP-OFJ6N53", "TimeCreated": "2022-05-05 10:14:20.136625+00:00", "RecordID": "66", "Level": "4", "UserID": "S-1-5-21-963789628-1060504924-4285088085-1001", "EventData.PackageID": "MaintenanceDiagnostic"}
{"EventID": "7", "Channel": "Microsoft-Windows-Diagnosis-Scheduled/Operational", "Provider_Name": "Microsoft-Windows-Diagnosis-Scheduled", "Computer": "DESKTOP-OFJ6N53", "TimeCreated": "2022-05-05 10:14:20.136627+00:00", "RecordID": "67", "Level": "4", "UserID": "S-1-5-21-963789628-1060504924-4285088085-1001", "EventData.PackageID": "MaintenanceDiagnostic"}
{"EventID": "8", "Channel": "Microsoft-Windows-Diagnosis-Scheduled/Operational", "Provider_Name": "Microsoft-Windows-Diagnosis-Scheduled", "Computer": "DESKTOP-OFJ6N53", "TimeCreated": "2022-05-05 10:14:24.479593+00:00", "RecordID": "68", "Level": "4", "UserID": "S-1-5-21-963789628-1060504924-4285088085-1001", "EventData.PackageID": "MaintenanceDiagnostic", "EventData.RootCauseCount": "2"}
{"EventID": "100", "Channel": "Microsoft-Windows-Diagnosis-Scheduled/Operational", "Provider_Name": "Microsoft-Windows-Diagnosis-Scheduled", "Computer": "DESKTOP-OFJ6N53", "TimeCreated": "2022-05-05 10:14:24.479597+00:00", "RecordID": "69", "Level": "1", "UserID": "S-1-5-21-963789628-1060504924-4285088085-1001", "EventData.hc_stateid": "0"}
{"EventID": "3", "Channel": "Microsoft-Windows-Diagnosis-Scheduled/Operational", "Provider_Name": "Microsoft-Windows-Diagnosis-Scheduled", "Computer": "DESKTOP-OFJ6N53", "TimeCreated": "2022-05-05 10:14:24.483545+00:00", "RecordID": "70", "Level": "4", "UserID": "S-1-5-21-963789628-1060504924-4285088085-1001"}
{"EventID": "2", "Channel": "Microsoft-Windows-Diagnosis-Scheduled/Operational", "Provider_Name": "Microsoft-Windows-Diagnosis-Scheduled", "Computer": "DESKTOP-OFJ6N53", "TimeCreated": "2022-05-08 10:01:01.900387+00:00", "RecordID": "71", "Level": "4", "UserID": "S-1-5-21-963789628-1060504924-4285088085-1001"}
{"EventID": "5", "Channel": "Microsoft-Windows-Diagnosis-Scheduled/Operational", "Provider_Name": "Microsoft-Windows-Diagnosis-Scheduled", "Computer": "DESKTOP-OFJ6N53", "TimeCreated": "2022-05-08 10:01:01.902180+00:00", "RecordID": "72", "Level": "4", "UserID": "S-1-5-21-963789628-1060504924-4285088085-1001", "EventData.PackagePath": "C:\\Windows\\diagnostics\\scheduled\\Maintenance"}
{"EventID": "6", "Channel": "Microsoft-Windows-Diagnosis-Scheduled/Operational", "Provider_Name": "Microsoft-Windows-Diagnosis-Scheduled", "Computer": "DESKTOP-OFJ6N53", "TimeCreated": "2022-05-08 10:01:04.168617+00:00", "RecordID": "73", "Level": "4", "UserID": "S-1-5-21-963789628-1060504924-4285088085-1001", "EventData.PackageID": "MaintenanceDiagnostic"}
{"EventID": "7", "Channel": "Microsoft-Windows-Diagnosis-Scheduled/Operational", "Provider_Name": "Microsoft-Windows-Diagnosis-Scheduled", "Computer": "DESKTOP-OFJ6N53", "TimeCreated": "2022-05-08 10:01:04.168621+00:00", "RecordID": "74", "Level": "4", "UserID": "S-1-5-21-963789628-1060504924-4285088085-1001", "EventData.PackageID": "MaintenanceDiagnostic"}
{"EventID": "8", "Channel": "Microsoft-Windows-Diagnosis-Scheduled/Operational", "Provider_Name": "Microsoft-Windows-Diagnosis-Scheduled", "Computer": "DESKTOP-OFJ6N53", "TimeCreated": "2022-05-08 10:01:45.254606+00:00", "RecordID": "75", "Level": "4", "UserID": "S-1-5-21-963789628-1060504924-4285088085-1001", "EventData.PackageID": "MaintenanceDiagnostic", "EventData.RootCauseCount": "2"}
{"EventID": "100", "Channel": "Microsoft-Windows-Diagnosis-Scheduled/Operational", "Provider_Name": "Microsoft-Windows-Diagnosis-Scheduled", "Computer": "DESKTOP-OFJ6N53", "TimeCreated": "2022-05-08 10:01:45.254608+00:00", "RecordID": "76", "Level": "1", "UserID": "S-1-5-21-963789628-1060504924-4285088085-1001", "EventData.hc_stateid": "0"}
{"EventID": "3", "Channel": "Microsoft-Windows-Diagnosis-Scheduled/Operational", "Provider_Name": "Microsoft-Windows-Diagnosis-Scheduled", "Computer": "DESKTOP-OFJ6N53", "TimeCreated": "2022-05-08 10:01:45.258966+00:00", "RecordID": "77", "Level": "4", "UserID": "S-1-5-21-963789628-1060504924-4285088085-1001"}
{"EventID": "2", "Channel": "Microsoft-Windows-Diagnosis-Scheduled/Operational", "Provider_Name": "Microsoft-Windows-Diagnosis-Scheduled", "Computer": "DESKTOP-OFJ6N53", "TimeCreated": "2022-05-15 09:33:17.649710+00:00", "RecordID": "78", "Level": "4", "UserID": "S-1-5-21-963789628-1060504924-4285088085-1001"}
{"EventID": "5", "Channel": "Microsoft-Windows-Diagnosis-Scheduled/Operational", "Provider_Name": "Microsoft-Windows-Diagnosis-Scheduled", "Computer": "DESKTOP-OFJ6N53", "TimeCreated": "2022-05-15 09:33:17.656357+00:00", "RecordID": "79", "Level": "4", "UserID": "S-1-5-21-963789628-1060504924-4285088085-1001", "EventData.PackagePath": "C:\\Windows\\diagnostics\\scheduled\\Maintenance"}
{"EventID": "6", "Channel": "Microsoft-Windows-Diagnosis-Scheduled/Operational", "Provider_Name": "Microsoft-Windows-Diagnosis-Scheduled", "Computer": "DESKTOP-OFJ6N53", "TimeCreated": "2022-05-15 09:33:18.340355+00:00", "RecordID": "80", "Level": "4", "UserID": "S-1-5-21-963789628-1060504924-4285088085-1001", "EventData.PackageID": "MaintenanceDiagnostic"}
{"EventID": "7", "Channel": "Microsoft-Windows-Diagnosis-Scheduled/Operational", "Provider_Name": "Microsoft-Windows-Diagnosis-Scheduled", "Computer": "DESKTOP-OFJ6N53", "TimeCreated": "2022-05-15 09:33:18.340357+00:00", "RecordID": "81", "Level": "4", "UserID": "S-1-5-21-963789628-1060504924-4285088085-1001", "EventData.PackageID": "MaintenanceDiagnostic"}
{"EventID": "8", "Channel": "Microsoft-Windows-Diagnosis-Scheduled/Operational", "Provider_Name": "Microsoft-Windows-Diagnosis-Scheduled", "Computer": "DESKTOP-OFJ6N53", "TimeCreated": "2022-05-15 09:33:28.315842+00:00", "RecordID": "82", "Level": "4", "UserID": "S-1-5-21-963789628-1060504924-4285088085-1001", "EventData.PackageID": "MaintenanceDiagnostic", "EventData.RootCauseCount": "2"}
{"EventID": "100", "Channel": "Microsoft-Windows-Diagnosis-Scheduled/Operational", "Provider_Name": "Microsoft-Windows-Diagnosis-Scheduled", "Computer": "DESKTOP-OFJ6N53", "TimeCreated": "2022-05-15 09:33:28.315847+00:00", "RecordID": "83", "Level": "1", "UserID": "S-1-5-21-963789628-1060504924-4285088085-1001", "EventData.hc_stateid": "0"}
{"EventID": "3", "Channel": "Microsoft-Windows-Diagnosis-Scheduled/Operational", "Provider_Name": "Microsoft-Windows-Diagnosis-Scheduled", "Computer": "DESKTOP-OFJ6N53", "TimeCreated": "2022-05-15 09:33:28.320885+00:00", "RecordID": "84", "Level": "4", "UserID": "S-1-5-21-963789628-1060504924-4285088085-1001"}
{"EventID": "2", "Channel": "Microsoft-Windows-Diagnosis-Scheduled/Operational", "Provider_Name": "Microsoft-Windows-Diagnosis-Scheduled", "Computer": "DESKTOP-OFJ6N53", "TimeCreated": "2022-05-22 09:35:00.891541+00:00", "RecordID": "85", "Level": "4", "UserID": "S-1-5-21-963789628-1060504924-4285088085-1001"}
{"EventID": "5", "Channel": "Microsoft-Windows-Diagnosis-Scheduled/Operational", "Provider_Name": "Microsoft-Windows-Diagnosis-Scheduled", "Computer": "DESKTOP-OFJ6N53", "TimeCreated": "2022-05-22 09:35:00.894236+00:00", "RecordID": "86", "Level": "4", "UserID": "S-1-5-21-963789628-1060504924-4285088085-1001", "EventData.PackagePath": "C:\\Windows\\diagnostics\\scheduled\\Maintenance"}
{"EventID": "6", "Channel": "Microsoft-Windows-Diagnosis-Scheduled/Operational", "Provider_Name": "Microsoft-Windows-Diagnosis-Scheduled", "Computer": "DESKTOP-OFJ6N53", "TimeCreated": "2022-05-22 09:35:01.710732+00:00", "RecordID": "87", "Level": "4", "UserID": "S-1-5-21-963789628-1060504924-4285088085-1001", "EventData.PackageID": "MaintenanceDiagnostic"}
{"EventID": "7", "Channel": "Microsoft-Windows-Diagnosis-Scheduled/Operational", "Provider_Name": "Microsoft-Windows-Diagnosis-Scheduled", "Computer": "DESKTOP-OFJ6N53", "TimeCreated": "2022-05-22 09:35:01.710737+00:00", "RecordID": "88", "Level": "4", "UserID": "S-1-5-21-963789628-1060504924-4285088085-1001", "EventData.PackageID": "MaintenanceDiagnostic"}
{"EventID": "8", "Channel": "Microsoft-Windows-Diagnosis-Scheduled/Operational", "Provider_Name": "Microsoft-Windows-Diagnosis-Scheduled", "Computer": "DESKTOP-OFJ6N53", "TimeCreated": "2022-05-22 09:35:12.329292+00:00", "RecordID": "89", "Level": "4", "UserID": "S-1-5-21-963789628-1060504924-4285088085-1001", "EventData.PackageID": "MaintenanceDiagnostic", "EventData.RootCauseCount": "2"}
{"EventID": "100", "Channel": "Microsoft-Windows-Diagnosis-Scheduled/Operational", "Provider_Name": "Microsoft-Windows-Diagnosis-Scheduled", "Computer": "DESKTOP-OFJ6N53", "TimeCreated": "2022-05-22 09:35:12.329296+00:00", "RecordID": "90", "Level": "1", "UserID": "S-1-5-21-963789628-1060504924-4285088085-1001", "EventData.hc_stateid": "0"}
{"EventID": "3", "Channel": "Microsoft-Windows-Diagnosis-Scheduled/Operational", "Provider_Name": "Microsoft-Windows-Diagnosis-Scheduled", "Computer": "DESKTOP-OFJ6N53", "TimeCreated": "2022-05-22 09:35:13.047136+00:00", "RecordID": "91", "Level": "4", "UserID": "S-1-5-21-963789628-1060504924-4285088085-1001"}
{"EventID": "2", "Channel": "Microsoft-Windows-Diagnosis-Scheduled/Operational", "Provider_Name": "Microsoft-Windows-Diagnosis-Scheduled", "Computer": "DESKTOP-OFJ6N53", "TimeCreated": "2022-05-29 09:34:02.128666+00:00", "RecordID": "92", "Level": "4", "UserID": "S-1-5-21-963789628-1060504924-4285088085-1001"}
{"EventID": "5", "Channel": "Microsoft-Windows-Diagnosis-Scheduled/Operational", "Provider_Name": "Microsoft-Windows-Diagnosis-Scheduled", "Computer": "DESKTOP-OFJ6N53", "TimeCreated": "2022-05-29 09:34:02.129690+00:00", "RecordID": "93", "Level": "4", "UserID": "S-1-5-21-963789628-1060504924-4285088085-1001", "EventData.PackagePath": "C:\\Windows\\diagnostics\\scheduled\\Maintenance"}
{"EventID": "6", "Channel": "Microsoft-Windows-Diagnosis-Scheduled/Operational", "Provider_Name": "Microsoft-Windows-Diagnosis-Scheduled", "Computer": "DESKTOP-OFJ6N53", "TimeCreated": "2022-05-29 09:34:02.433680+00:00", "RecordID": "94", "Level": "4", "UserID": "S-1-5-21-963789628-1060504924-4285088085-1001", "EventData.PackageID": "MaintenanceDiagnostic"}
{"EventID": "7", "Channel": "Microsoft-Windows-Diagnosis-Scheduled/Operational", "Provider_Name": "Microsoft-Windows-Diagnosis-Scheduled", "Computer": "DESKTOP-OFJ6N53", "TimeCreated": "2022-05-29 09:34:02.433681+00:00", "RecordID": "95", "Level": "4", "UserID": "S-1-5-21-963789628-1060504924-4285088085-1001", "EventData.PackageID": "MaintenanceDiagnostic"}
{"EventID": "8", "Channel": "Microsoft-Windows-Diagnosis-Scheduled/Operational", "Provider_Name": "Microsoft-Windows-Diagnosis-Scheduled", "Computer": "DESKTOP-OFJ6N53", "TimeCreated": "2022-05-29 09:34:12.541475+00:00", "RecordID": "96", "Level": "4", "UserID": "S-1-5-21-963789628-1060504924-4285088085-1001", "EventData.PackageID": "MaintenanceDiagnostic", "EventData.RootCauseCount": "2"}
{"EventID": "100", "Channel": "Microsoft-Windows-Diagnosis-Scheduled/Operational", "Provider_Name": "Microsoft-Windows-Diagnosis-Scheduled", "Computer": "DESKTOP-OFJ6N53", "TimeCreated": "2022-05-29 09:34:12.541481+00:00", "RecordID": "97", "Level": "1", "UserID": "S-1-5-21-963789628-1060504924-4285088085-1001", "EventData.hc_stateid": "0"}
{"EventID": "3", "Channel": "Microsoft-Windows-Diagnosis-Scheduled/Operational", "Provider_Name": "Microsoft-Windows-Diagnosis-Scheduled", "Computer": "DESKTOP-OFJ6N53", "TimeCreated": "2022-05-29 09:34:12.547678+00:00", "RecordID": "98", "Level": "4", "UserID": "S-1-5-21-963789628-1060504924-4285088085-1001"}
{"EventID": "2", "Channel": "Microsoft-Windows-Diagnosis-Scheduled/Operational", "Provider_Name": "Microsoft-Windows-Diagnosis-Scheduled", "Computer": "DESKTOP-OFJ6N53", "TimeCreated": "2022-06-05 09:34:02.226515+00:00", "RecordID": "99", "Level": "4", "UserID": "S-1-5-21-963789628-1060504924-4285088085-1001"}
{"EventID": "5", "Channel": "Microsoft-Windows-Diagnosis-Scheduled/Operational", "Provider_Name": "Microsoft-Windows-Diagnosis-Scheduled", "Computer": "DESKTOP-OFJ6N53", "TimeCreated": "2022-06-05 09:34:02.236509+00:00", "RecordID": "100", "Level": "4", "UserID": "S-1-5-21-963789628-1060504924-4285088085-1001", "EventData.PackagePath": "C:\\Windows\\diagnostics\\scheduled\\Maintenance"}
{"EventID": "6", "Channel": "Microsoft-Windows-Diagnosis-Scheduled/Operational", "Provider_Name": "Microsoft-Windows-Diagnosis-Scheduled", "Computer": "DESKTOP-OFJ6N53", "TimeCreated": "2022-06-05 09:34:03.172274+00:00", "RecordID": "101", "Level": "4", "UserID": "S-1-5-21-963789628-1060504924-4285088085-1001", "EventData.PackageID": "MaintenanceDiagnostic"}
{"EventID": "7", "Channel": "Microsoft-Windows-Diagnosis-Scheduled/Operational", "Provider_Name": "Microsoft-Windows-Diagnosis-Scheduled", "Computer": "DESKTOP-OFJ6N53", "TimeCreated": "2022-06-05 09:34:03.172276+00:00", "RecordID": "102", "Level": "4", "UserID": "S-1-5-21-963789628-1060504924-4285088085-1001", "EventData.PackageID": "MaintenanceDiagnostic"}
{"EventID": "8", "Channel": "Microsoft-Windows-Diagnosis-Scheduled/Operational", "Provider_Name": "Microsoft-Windows-Diagnosis-Scheduled", "Computer": "DESKTOP-OFJ6N53", "TimeCreated": "2022-06-05 09:34:41.423216+00:00", "RecordID": "103", "Level": "4", "UserID": "S-1-5-21-963789628-1060504924-4285088085-1001", "EventData.PackageID": "MaintenanceDiagnostic", "EventData.RootCauseCount": "2"}
{"EventID": "100", "Channel": "Microsoft-Windows-Diagnosis-Scheduled/Operational", "Provider_Name": "Microsoft-Windows-Diagnosis-Scheduled", "Computer": "DESKTOP-OFJ6N53", "TimeCreated": "2022-06-05 09:34:41.423218+00:00", "RecordID": "104", "Level": "1", "UserID": "S-1-5-21-963789628-1060504924-4285088085-1001", "EventData.hc_stateid": "0"}
{"EventID": "3", "Channel": "Microsoft-Windows-Diagnosis-Scheduled/Operational", "Provider_Name": "Microsoft-Windows-Diagnosis-Scheduled", "Computer": "DESKTOP-OFJ6N53", "TimeCreated": "2022-06-05 09:34:41.763147+00:00", "RecordID": "105", "Level": "4", "UserID": "S-1-5-21-963789628-1060504924-4285088085-1001"}
{"EventID": "2", "Channel": "Microsoft-Windows-Diagnosis-Scheduled/Operational", "Provider_Name": "Microsoft-Windows-Diagnosis-Scheduled", "Computer": "DESKTOP-OFJ6N53", "TimeCreated": "2022-06-12 09:37:27.755917+00:00", "RecordID": "106", "Level": "4", "UserID": "S-1-5-21-963789628-1060504924-4285088085-1001"}
{"EventID": "5", "Channel": "Microsoft-Windows-Diagnosis-Scheduled/Operational", "Provider_Name": "Microsoft-Windows-Diagnosis-Scheduled", "Computer": "DESKTOP-OFJ6N53", "TimeCreated": "2022-06-12 09:37:27.761471+00:00", "RecordID": "107", "Level": "4", "UserID": "S-1-5-21-963789628-1060504924-4285088085-1001", "EventData.PackagePath": "C:\\Windows\\diagnostics\\scheduled\\Maintenance"}
{"EventID": "6", "Channel": "Microsoft-Windows-Diagnosis-Scheduled/Operational", "Provider_Name": "Microsoft-Windows-Diagnosis-Scheduled", "Computer": "DESKTOP-OFJ6N53", "TimeCreated": "2022-06-12 09:37:29.622108+00:00", "RecordID": "108", "Level": "4", "UserID": "S-1-5-21-963789628-1060504924-4285088085-1001", "EventData.PackageID": "MaintenanceDiagnostic"}
{"EventID": "7", "Channel": "Microsoft-Windows-Diagnosis-Scheduled/Operational", "Provider_Name": "Microsoft-Windows-Diagnosis-Scheduled", "Computer": "DESKTOP-OFJ6N53", "TimeCreated": "2022-06-12 09:37:29.622110+00:00", "RecordID": "109", "Level": "4", "UserID": "S-1-5-21-963789628-1060504924-4285088085-1001", "EventData.PackageID": "MaintenanceDiagnostic"}
{"EventID": "8", "Channel": "Microsoft-Windows-Diagnosis-Scheduled/Operational", "Provider_Name": "Microsoft-Windows-Diagnosis-Scheduled", "Computer": "DESKTOP-OFJ6N53", "TimeCreated": "2022-06-12 09:37:59.225657+00:00", "RecordID": "110", "Level": "4", "UserID": "S-1-5-21-963789628-1060504924-4285088085-1001", "EventData.PackageID": "MaintenanceDiagnostic", "EventData.RootCauseCount": "2"}
{"EventID": "100", "Channel": "Microsoft-Windows-Diagnosis-Scheduled/Operational", "Provider_Name": "Microsoft-Windows-Diagnosis-Scheduled", "Computer": "DESKTOP-OFJ6N53", "TimeCreated": "2022-06-12 09:37:59.225662+00:00", "RecordID": "111", "Level": "1", "UserID": "S-1-5-21-963789628-1060504924-4285088085-1001", "EventData.hc_stateid": "0"}
{"EventID": "3", "Channel": "Microsoft-Windows-Diagnosis-Scheduled/Operational", "Provider_Name": "Microsoft-Windows-Diagnosis-Scheduled", "Computer": "DESKTOP-OFJ6N53", "TimeCreated": "2022-06-12 09:37:59.233873+00:00", "RecordID": "112", "Level": "4", "UserID": "S-1-5-21-963789628-1060504924-4285088085-1001"}
{"EventID": "2", "Channel": "Microsoft-Windows-Diagnosis-Scheduled/Operational", "Provider_Name": "Microsoft-Windows-Diagnosis-Scheduled", "Computer": "DESKTOP-OFJ6N53", "TimeCreated": "2022-06-19 10:01:46.276747+00:00", "RecordID": "113", "Level": "4", "UserID": "S-1-5-21-963789628-1060504924-4285088085-1001"}
{"EventID": "5", "Channel": "Microsoft-Windows-Diagnosis-Scheduled/Operational", "Provider_Name": "Microsoft-Windows-Diagnosis-Scheduled", "Computer": "DESKTOP-OFJ6N53", "TimeCreated": "2022-06-19 10:01:46.284069+00:00", "RecordID": "114", "Level": "4", "UserID": "S-1-5-21-963789628-1060504924-4285088085-1001", "EventData.PackagePath": "C:\\Windows\\diagnostics\\scheduled\\Maintenance"}
{"EventID": "6", "Channel": "Microsoft-Windows-Diagnosis-Scheduled/Operational", "Provider_Name": "Microsoft-Windows-Diagnosis-Scheduled", "Computer": "DESKTOP-OFJ6N53", "TimeCreated": "2022-06-19 10:01:47.992054+00:00", "RecordID": "115", "Level": "4", "UserID": "S-1-5-21-963789628-1060504924-4285088085-1001", "EventData.PackageID": "MaintenanceDiagnostic"}
{"EventID": "7", "Channel": "Microsoft-Windows-Diagnosis-Scheduled/Operational", "Provider_Name": "Microsoft-Windows-Diagnosis-Scheduled", "Computer": "DESKTOP-OFJ6N53", "TimeCreated": "2022-06-19 10:01:47.992058+00:00", "RecordID": "116", "Level": "4", "UserID": "S-1-5-21-963789628-1060504924-4285088085-1001", "EventData.PackageID": "MaintenanceDiagnostic"}
{"EventID": "8", "Channel": "Microsoft-Windows-Diagnosis-Scheduled/Operational", "Provider_Name": "Microsoft-Windows-Diagnosis-Scheduled", "Computer": "DESKTOP-OFJ6N53", "TimeCreated": "2022-06-19 10:02:24.365656+00:00", "RecordID": "117", "Level": "4", "UserID": "S-1-5-21-963789628-1060504924-4285088085-1001", "EventData.PackageID": "MaintenanceDiagnostic", "EventData.RootCauseCount": "2"}
{"EventID": "100", "Channel": "Microsoft-Windows-Diagnosis-Scheduled/Operational", "Provider_Name": "Microsoft-Windows-Diagnosis-Scheduled", "Computer": "DESKTOP-OFJ6N53", "TimeCreated": "2022-06-19 10:02:24.365660+00:00", "RecordID": "118", "Level": "1", "UserID": "S-1-5-21-963789628-1060504924-4285088085-1001", "EventData.hc_stateid": "0"}
{"EventID": "3", "Channel": "Microsoft-Windows-Diagnosis-Scheduled/Operational", "Provider_Name": "Microsoft-Windows-Diagnosis-Scheduled", "Computer": "DESKTOP-OFJ6N53", "TimeCreated": "2022-06-19 10:02:24.372301+00:00", "RecordID": "119", "Level": "4", "UserID": "S-1-5-21-963789628-1060504924-4285088085-1001"}
{"EventID": "2", "Channel": "Microsoft-Windows-Diagnosis-Scheduled/Operational", "Provider_Name": "Microsoft-Windows-Diagnosis-Scheduled", "Computer": "DESKTOP-OFJ6N53", "TimeCreated": "2022-06-26 10:01:45.873201+00:00", "RecordID": "120", "Level": "4", "UserID": "S-1-5-21-963789628-1060504924-4285088085-1001"}
{"EventID": "5", "Channel": "Microsoft-Windows-Diagnosis-Scheduled/Operational", "Provider_Name": "Microsoft-Windows-Diagnosis-Scheduled", "Computer": "DESKTOP-OFJ6N53", "TimeCreated": "2022-06-26 10:01:45.879505+00:00", "RecordID": "121", "Level": "4", "UserID": "S-1-5-21-963789628-1060504924-4285088085-1001", "EventData.PackagePath": "C:\\Windows\\diagnostics\\scheduled\\Maintenance"}
{"EventID": "6", "Channel": "Microsoft-Windows-Diagnosis-Scheduled/Operational", "Provider_Name": "Microsoft-Windows-Diagnosis-Scheduled", "Computer": "DESKTOP-OFJ6N53", "TimeCreated": "2022-06-26 10:01:46.461548+00:00", "RecordID": "122", "Level": "4", "UserID": "S-1-5-21-963789628-1060504924-4285088085-1001", "EventData.PackageID": "MaintenanceDiagnostic"}
{"EventID": "7", "Channel": "Microsoft-Windows-Diagnosis-Scheduled/Operational", "Provider_Name": "Microsoft-Windows-Diagnosis-Scheduled", "Computer": "DESKTOP-OFJ6N53", "TimeCreated": "2022-06-26 10:01:46.461552+00:00", "RecordID": "123", "Level": "4", "UserID": "S-1-5-21-963789628-1060504924-4285088085-1001", "EventData.PackageID": "MaintenanceDiagnostic"}
{"EventID": "8", "Channel": "Microsoft-Windows-Diagnosis-Scheduled/Operational", "Provider_Name": "Microsoft-Windows-Diagnosis-Scheduled", "Computer": "DESKTOP-OFJ6N53", "TimeCreated": "2022-06-26 10:01:54.867580+00:00", "RecordID": "124", "Level": "4", "UserID": "S-1-5-21-963789628-1060504924-4285088085-1001", "EventData.PackageID": "MaintenanceDiagnostic", "EventData.RootCauseCount": "2"}
{"EventID": "100", "Channel": "Microsoft-Windows-Diagnosis-Scheduled/Operational", "Provider_Name": "Microsoft-Windows-Diagnosis-Scheduled", "Computer": "DESKTOP-OFJ6N53", "TimeCreated": "2022-06-26 10:01:54.867584+00:00", "RecordID": "125", "Level": "1", "UserID": "S-1-5-21-963789628-1060504924-4285088085-1001", "EventData.hc_stateid": "0"}
{"EventID": "3", "Channel": "Microsoft-Windows-Diagnosis-Scheduled/Operational", "Provider_Name": "Microsoft-Windows-Diagnosis-Scheduled", "Computer": "DESKTOP-OFJ6N53", "TimeCreated": "2022-06-26 10:01:54.873903+00:00", "RecordID": "126", "Level": "4", "UserID": "S-1-5-21-963789628-1060504924-4285088085-1001"}
{"EventID": "2", "Channel": "Microsoft-Windows-Diagnosis-Scheduled/Operational", "Provider_Name": "Microsoft-Windows-Diagnosis-Scheduled", "Computer": "DESKTOP-OFJ6N53", "TimeCreated": "2022-07-03 10:01:46.331848+00:00", "RecordID": "127", "Level": "4", "UserID": "S-1-5-21-963789628-1060504924-4285088085-1001"}
{"EventID": "5", "Channel": "Microsoft-Windows-Diagnosis-Scheduled/Operational", "Provider_Name": "Microsoft-Windows-Diagnosis-Scheduled", "Computer": "DESKTOP-OFJ6N53", "TimeCreated": "2022-07-03 10:01:46.333099+00:00", "RecordID": "128", "Level": "4", "UserID": "S-1-5-21-963789628-1060504924-4285088085-1001", "EventData.PackagePath": "C:\\Windows\\diagnostics\\scheduled\\Maintenance"}
{"EventID": "6", "Channel": "Microsoft-Windows-Diagnosis-Scheduled/Operational", "Provider_Name": "Microsoft-Windows-Diagnosis-Scheduled", "Computer": "DESKTOP-OFJ6N53", "TimeCreated": "2022-07-03 10:01:47.179960+00:00", "RecordID": "129", "Level": "4", "UserID": "S-1-5-21-963789628-1060504924-4285088085-1001", "EventData.PackageID": "MaintenanceDiagnostic"}
{"EventID": "7", "Channel": "Microsoft-Windows-Diagnosis-Scheduled/Operational", "Provider_Name": "Microsoft-Windows-Diagnosis-Scheduled", "Computer": "DESKTOP-OFJ6N53", "TimeCreated": "2022-07-03 10:01:47.179964+00:00", "RecordID": "130", "Level": "4", "UserID": "S-1-5-21-963789628-1060504924-4285088085-1001", "EventData.PackageID": "MaintenanceDiagnostic"}
{"EventID": "8", "Channel": "Microsoft-Windows-Diagnosis-Scheduled/Operational", "Provider_Name": "Microsoft-Windows-Diagnosis-Scheduled", "Computer": "DESKTOP-OFJ6N53", "TimeCreated": "2022-07-03 10:02:07.616829+00:00", "RecordID": "131", "Level": "4", "UserID": "S-1-5-21-963789628-1060504924-4285088085-1001", "EventData.PackageID": "MaintenanceDiagnostic", "EventData.RootCauseCount": "2"}
{"EventID": "100", "Channel": "Microsoft-Windows-Diagnosis-Scheduled/Operational", "Provider_Name": "Microsoft-Windows-Diagnosis-Scheduled", "Computer": "DESKTOP-OFJ6N53", "TimeCreated": "2022-07-03 10:02:07.616852+00:00", "RecordID": "132", "Level": "1", "UserID": "S-1-5-21-963789628-1060504924-4285088085-1001", "EventData.hc_stateid": "0"}
{"EventID": "3", "Channel": "Microsoft-Windows-Diagnosis-Scheduled/Operational", "Provider_Name": "Microsoft-Windows-Diagnosis-Scheduled", "Computer": "DESKTOP-OFJ6N53", "TimeCreated": "2022-07-03 10:02:07.627136+00:00", "RecordID": "133", "Level": "4", "UserID": "S-1-5-21-963789628-1060504924-4285088085-1001"}
{"EventID": "2", "Channel": "Microsoft-Windows-Diagnosis-Scheduled/Operational", "Provider_Name": "Microsoft-Windows-Diagnosis-Scheduled", "Computer": "DESKTOP-OFJ6N53", "TimeCreated": "2022-07-10 10:01:46.036287+00:00", "RecordID": "134", "Level": "4", "UserID": "S-1-5-21-963789628-1060504924-4285088085-1001"}
{"EventID": "5", "Channel": "Microsoft-Windows-Diagnosis-Scheduled/Operational", "Provider_Name": "Microsoft-Windows-Diagnosis-Scheduled", "Computer": "DESKTOP-OFJ6N53", "TimeCreated": "2022-07-10 10:01:46.036589+00:00", "RecordID": "135", "Level": "4", "UserID": "S-1-5-21-963789628-1060504924-4285088085-1001", "EventData.PackagePath": "C:\\Windows\\diagnostics\\scheduled\\Maintenance"}
{"EventID": "6", "Channel": "Microsoft-Windows-Diagnosis-Scheduled/Operational", "Provider_Name": "Microsoft-Windows-Diagnosis-Scheduled", "Computer": "DESKTOP-OFJ6N53", "TimeCreated": "2022-07-10 10:01:46.573330+00:00", "RecordID": "136", "Level": "4", "UserID": "S-1-5-21-963789628-1060504924-4285088085-1001", "EventData.PackageID": "MaintenanceDiagnostic"}
{"EventID": "7", "Channel": "Microsoft-Windows-Diagnosis-Scheduled/Operational", "Provider_Name": "Microsoft-Windows-Diagnosis-Scheduled", "Computer": "DESKTOP-OFJ6N53", "TimeCreated": "2022-07-10 10:01:46.573330+00:00", "RecordID": "137", "Level": "4", "UserID": "S-1-5-21-963789628-1060504924-4285088085-1001", "EventData.PackageID": "MaintenanceDiagnostic"}
{"EventID": "8", "Channel": "Microsoft-Windows-Diagnosis-Scheduled/Operational", "Provider_Name": "Microsoft-Windows-Diagnosis-Scheduled", "Computer": "DESKTOP-OFJ6N53", "TimeCreated": "2022-07-10 10:01:57.606087+00:00", "RecordID": "138", "Level": "4", "UserID": "S-1-5-21-963789628-1060504924-4285088085-1001", "EventData.PackageID": "MaintenanceDiagnostic", "EventData.RootCauseCount": "2"}
{"EventID": "100", "Channel": "Microsoft-Windows-Diagnosis-Scheduled/Operational", "Provider_Name": "Microsoft-Windows-Diagnosis-Scheduled", "Computer": "DESKTOP-OFJ6N53", "TimeCreated": "2022-07-10 10:01:57.606089+00:00", "RecordID": "139", "Level": "1", "UserID": "S-1-5-21-963789628-1060504924-4285088085-1001", "EventData.hc_stateid": "0"}
{"EventID": "3", "Channel": "Microsoft-Windows-Diagnosis-Scheduled/Operational", "Provider_Name": "Microsoft-Windows-Diagnosis-Scheduled", "Computer": "DESKTOP-OFJ6N53", "TimeCreated": "2022-07-10 10:01:57.665876+00:00", "RecordID": "140", "Level": "4", "UserID": "S-1-5-21-963789628-1060504924-4285088085-1001"}
{"EventID": "2", "Channel": "Microsoft-Windows-Diagnosis-Scheduled/Operational", "Provider_Name": "Microsoft-Windows-Diagnosis-Scheduled", "Computer": "DESKTOP-OFJ6N53", "TimeCreated": "2022-07-17 08:42:40.393877+00:00", "RecordID": "141", "Level": "4", "UserID": "S-1-5-21-963789628-1060504924-4285088085-1001"}
