{"EventID": "28018", "Channel": "Microsoft-Windows-Shell-Core/Operational", "Provider_Name": "Microsoft-Windows-Shell-Core", "Computer": "DESKTOP-OFJ6N53", "TimeCreated": "2025-07-24 21:07:00.502239+00:00", "RecordID": "33759", "Level": "4", "UserID": "S-1-5-21-963789628-1060504924-4285088085-1001"}
{"EventID": "28017", "Channel": "Microsoft-Windows-Shell-Core/Operational", "Provider_Name": "Microsoft-Windows-Shell-Core", "Computer": "DESKTOP-OFJ6N53", "TimeCreated": "2025-07-24 21:22:45.742630+00:00", "RecordID": "33760", "Level": "4", "UserID": "S-1-5-21-963789628-1060504924-4285088085-1001"}
{"EventID": "28018", "Channel": "Microsoft-Windows-Shell-Core/Operational", "Provider_Name": "Microsoft-Windows-Shell-Core", "Computer": "DESKTOP-OFJ6N53", "TimeCreated": "2025-07-24 21:22:45.755201+00:00", "RecordID": "33761", "Level": "4", "UserID": "S-1-5-21-963789628-1060504924-4285088085-1001"}
{"EventID": "62170", "Channel": "Microsoft-Windows-Shell-Core/Operational", "Provider_Name": "Microsoft-Windows-Shell-Core", "Computer": "DESKTOP-OFJ6N53", "TimeCreated": "2025-07-24 21:30:38.385395+00:00", "RecordID": "33762", "Level": "4", "UserID": "S-1-5-21-963789628-1060504924-4285088085-1001", "EventData.LogonType": "1024", "EventData.TaskName": "AllLogonTasks"}
{"EventID": "62170", "Channel": "Microsoft-Windows-Shell-Core/Operational", "Provider_Name": "Microsoft-Windows-Shell-Core", "Computer": "DESKTOP-OFJ6N53", "TimeCreated": "2025-07-24 21:30:38.386106+00:00", "RecordID": "33763", "Level": "4", "UserID": "S-1-5-21-963789628-1060504924-4285088085-1001", "EventData.LogonType": "1024", "EventData.TaskName": "PreRoamingTasks"}
{"EventID": "62170", "Channel": "Microsoft-Windows-Shell-Core/Operational", "Provider_Name": "Microsoft-Windows-Shell-Core", "Computer": "DESKTOP-OFJ6N53", "TimeCreated": "2025-07-24 21:30:38.386398+00:00", "RecordID": "33764", "Level": "4", "UserID": "S-1-5-21-963789628-1060504924-4285088085-1001", "EventData.LogonType": "1024", "EventData.TaskName": "UndockedShellUpdate"}
{"EventID": "62171", "Channel": "Microsoft-Windows-Shell-Core/Operational", "Provider_Name": "Microsoft-Windows-Shell-Core", "Computer": "DESKTOP-OFJ6N53", "TimeCreated": "2025-07-24 21:30:38.386410+00:00", "RecordID": "33765", "Level": "4", "UserID": "S-1-5-21-963789628-1060504924-4285088085-1001", "EventData.LogonType": "1024", "EventData.TaskName": "UndockedShellUpdate"}
{"EventID": "62170", "Channel": "Microsoft-Windows-Shell-Core/Operational", "Provider_Name": "Microsoft-Windows-Shell-Core", "Computer": "DESKTOP-OFJ6N53", "TimeCreated": "2025-07-24 21:30:38.386442+00:00", "RecordID": "33766", "Level": "4", "UserID": "S-1-5-21-963789628-1060504924-4285088085-1001", "EventData.LogonType": "1024", "EventData.TaskName": "ShellPrep"}
{"EventID": "62171", "Channel": "Microsoft-Windows-Shell-Core/Operational", "Provider_Name": "Microsoft-Windows-Shell-Core", "Computer": "DESKTOP-OFJ6N53", "TimeCreated": "2025-07-24 21:30:38.386541+00:00", "RecordID": "33767", "Level": "4", "UserID": "S-1-5-21-963789628-1060504924-4285088085-1001", "EventData.LogonType": "1024", "EventData.TaskName": "ShellPrep"}
{"EventID": "62170", "Channel": "Microsoft-Windows-Shell-Core/Operational", "Provider_Name": "Microsoft-Windows-Shell-Core", "Computer": "DESKTOP-OFJ6N53", "TimeCreated": "2025-07-24 21:30:38.386597+00:00", "RecordID": "33768", "Level": "4", "UserID": "S-1-5-21-963789628-1060504924-4285088085-1001", "EventData.LogonType": "1024", "EventData.TaskName": "AppReadinessPreRoamingGroup"}
{"EventID": "62170", "Channel": "Microsoft-Windows-Shell-Core/Operational", "Provider_Name": "Microsoft-Windows-Shell-Core", "Computer": "DESKTOP-OFJ6N53", "TimeCreated": "2025-07-24 21:30:38.386602+00:00", "RecordID": "33769", "Level": "4", "UserID": "S-1-5-21-963789628-1060504924-4285088085-1001", "EventData.LogonType": "1024", "EventData.TaskName": "AppReadinessPreShellGroup"}
{"EventID": "62170", "Channel": "Microsoft-Windows-Shell-Core/Operational", "Provider_Name": "Microsoft-Windows-Shell-Core", "Computer": "DESKTOP-OFJ6N53", "TimeCreated": "2025-07-24 21:30:38.386623+00:00", "RecordID": "33770", "Level": "4", "UserID": "S-1-5-21-963789628-1060504924-4285088085-1001", "EventData.LogonType": "1024", "EventData.TaskName": "DefaultAssociations"}
{"EventID": "62171", "Channel": "Microsoft-Windows-Shell-Core/Operational", "Provider_Name": "Microsoft-Windows-Shell-Core", "Computer": "DESKTOP-OFJ6N53", "TimeCreated": "2025-07-24 21:30:38.389374+00:00", "RecordID": "33771", "Level": "4", "UserID": "S-1-5-21-963789628-1060504924-4285088085-1001", "EventData.LogonType": "1024", "EventData.TaskName": "DefaultAssociations"}
{"EventID": "62170", "Channel": "Microsoft-Windows-Shell-Core/Operational", "Provider_Name": "Microsoft-Windows-Shell-Core", "Computer": "DESKTOP-OFJ6N53", "TimeCreated": "2025-07-24 21:30:38.796078+00:00", "RecordID": "33772", "Level": "4", "UserID": "S-1-5-21-963789628-1060504924-4285088085-1001", "EventData.LogonType": "1024", "EventData.TaskName": "AppResolver"}
{"EventID": "62170", "Channel": "Microsoft-Windows-Shell-Core/Operational", "Provider_Name": "Microsoft-Windows-Shell-Core", "Computer": "DESKTOP-OFJ6N53", "TimeCreated": "2025-07-24 21:30:38.796101+00:00", "RecordID": "33773", "Level": "4", "UserID": "S-1-5-21-963789628-1060504924-4285088085-1001", "EventData.LogonType": "1024", "EventData.TaskName": "SkydrivePrep"}
{"EventID": "62171", "Channel": "Microsoft-Windows-Shell-Core/Operational", "Provider_Name": "Microsoft-Windows-Shell-Core", "Computer": "DESKTOP-OFJ6N53", "TimeCreated": "2025-07-24 21:30:38.796103+00:00", "RecordID": "33774", "Level": "4", "UserID": "S-1-5-21-963789628-1060504924-4285088085-1001", "EventData.LogonType": "1024", "EventData.TaskName": "SkydrivePrep"}
{"EventID": "62170", "Channel": "Microsoft-Windows-Shell-Core/Operational", "Provider_Name": "Microsoft-Windows-Shell-Core", "Computer": "DESKTOP-OFJ6N53", "TimeCreated": "2025-07-24 21:30:38.796103+00:00", "RecordID": "33775", "Level": "4", "UserID": "S-1-5-21-963789628-1060504924-4285088085-1001", "EventData.LogonType": "1024", "EventData.TaskName": "RunOnce"}
{"EventID": "62170", "Channel": "Microsoft-Windows-Shell-Core/Operational", "Provider_Name": "Microsoft-Windows-Shell-Core", "Computer": "DESKTOP-OFJ6N53", "TimeCreated": "2025-07-24 21:30:38.796127+00:00", "RecordID": "33776", "Level": "4", "UserID": "S-1-5-21-963789628-1060504924-4285088085-1001", "EventData.LogonType": "1024", "EventData.TaskName": "GetLanguageOverlayPackage"}
{"EventID": "62171", "Channel": "Microsoft-Windows-Shell-Core/Operational", "Provider_Name": "Microsoft-Windows-Shell-Core", "Computer": "DESKTOP-OFJ6N53", "TimeCreated": "2025-07-24 21:30:38.796131+00:00", "RecordID": "33777", "Level": "4", "UserID": "S-1-5-21-963789628-1060504924-4285088085-1001", "EventData.LogonType": "1024", "EventData.TaskName": "GetLanguageOverlayPackage"}
{"EventID": "62171", "Channel": "Microsoft-Windows-Shell-Core/Operational", "Provider_Name": "Microsoft-Windows-Shell-Core", "Computer": "DESKTOP-OFJ6N53", "TimeCreated": "2025-07-24 21:30:38.796432+00:00", "RecordID": "33778", "Level": "4", "UserID": "S-1-5-21-963789628-1060504924-4285088085-1001", "EventData.LogonType": "1024", "EventData.TaskName": "RunOnce"}
{"EventID": "62170", "Channel": "Microsoft-Windows-Shell-Core/Operational", "Provider_Name": "Microsoft-Windows-Shell-Core", "Computer": "DESKTOP-OFJ6N53", "TimeCreated": "2025-07-24 21:30:38.796436+00:00", "RecordID": "33779", "Level": "4", "UserID": "S-1-5-21-963789628-1060504924-4285088085-1001", "EventData.LogonType": "1024", "EventData.TaskName": "ActiveSetup"}
{"EventID": "28125", "Channel": "Microsoft-Windows-Shell-Core/Operational", "Provider_Name": "Microsoft-Windows-Shell-Core", "Computer": "DESKTOP-OFJ6N53", "TimeCreated": "2025-07-24 21:30:38.797371+00:00", "RecordID": "33780", "Level": "4", "UserID": "S-1-5-21-963789628-1060504924-4285088085-1001", "EventData.Scenario": "1", "EventData.Flags": "268"}
{"EventID": "62171", "Channel": "Microsoft-Windows-Shell-Core/Operational", "Provider_Name": "Microsoft-Windows-Shell-Core", "Computer": "DESKTOP-OFJ6N53", "TimeCreated": "2025-07-24 21:30:38.870855+00:00", "RecordID": "33781", "Level": "4", "UserID": "S-1-5-21-963789628-1060504924-4285088085-1001", "EventData.LogonType": "1024", "EventData.TaskName": "ActiveSetup"}
{"EventID": "62170", "Channel": "Microsoft-Windows-Shell-Core/Operational", "Provider_Name": "Microsoft-Windows-Shell-Core", "Computer": "DESKTOP-OFJ6N53", "TimeCreated": "2025-07-24 21:30:38.870880+00:00", "RecordID": "33782", "Level": "4", "UserID": "S-1-5-21-963789628-1060504924-4285088085-1001", "EventData.LogonType": "1024", "EventData.TaskName": "WaitForMSAConnected"}
{"EventID": "62171", "Channel": "Microsoft-Windows-Shell-Core/Operational", "Provider_Name": "Microsoft-Windows-Shell-Core", "Computer": "DESKTOP-OFJ6N53", "TimeCreated": "2025-07-24 21:30:38.870880+00:00", "RecordID": "33783", "Level": "4", "UserID": "S-1-5-21-963789628-1060504924-4285088085-1001", "EventData.LogonType": "1024", "EventData.TaskName": "WaitForMSAConnected"}
{"EventID": "62170", "Channel": "Microsoft-Windows-Shell-Core/Operational", "Provider_Name": "Microsoft-Windows-Shell-Core", "Computer": "DESKTOP-OFJ6N53", "TimeCreated": "2025-07-24 21:30:38.870903+00:00", "RecordID": "33784", "Level": "4", "UserID": "S-1-5-21-963789628-1060504924-4285088085-1001", "EventData.LogonType": "1024", "EventData.TaskName": "RefreshOneSettingsFeatureConfigurations"}
{"EventID": "62171", "Channel": "Microsoft-Windows-Shell-Core/Operational", "Provider_Name": "Microsoft-Windows-Shell-Core", "Computer": "DESKTOP-OFJ6N53", "TimeCreated": "2025-07-24 21:30:38.870913+00:00", "RecordID": "33785", "Level": "4", "UserID": "S-1-5-21-963789628-1060504924-4285088085-1001", "EventData.LogonType": "1024", "EventData.TaskName": "RefreshOneSettingsFeatureConfigurations"}
{"EventID": "62171", "Channel": "Microsoft-Windows-Shell-Core/Operational", "Provider_Name": "Microsoft-Windows-Shell-Core", "Computer": "DESKTOP-OFJ6N53", "TimeCreated": "2025-07-24 21:30:38.870989+00:00", "RecordID": "33786", "Level": "4", "UserID": "S-1-5-21-963789628-1060504924-4285088085-1001", "EventData.LogonType": "1024", "EventData.TaskName": "AppReadinessPreRoamingGroup"}
{"EventID": "62171", "Channel": "Microsoft-Windows-Shell-Core/Operational", "Provider_Name": "Microsoft-Windows-Shell-Core", "Computer": "DESKTOP-OFJ6N53", "TimeCreated": "2025-07-24 21:30:38.870991+00:00", "RecordID": "33787", "Level": "4", "UserID": "S-1-5-21-963789628-1060504924-4285088085-1001", "EventData.LogonType": "1024", "EventData.TaskName": "PreRoamingTasks"}
{"EventID": "62170", "Channel": "Microsoft-Windows-Shell-Core/Operational", "Provider_Name": "Microsoft-Windows-Shell-Core", "Computer": "DESKTOP-OFJ6N53", "TimeCreated": "2025-07-24 21:30:38.870993+00:00", "RecordID": "33788", "Level": "4", "UserID": "S-1-5-21-963789628-1060504924-4285088085-1001", "EventData.LogonType": "1024", "EventData.TaskName": "PreShellTasks"}
{"EventID": "62170", "Channel": "Microsoft-Windows-Shell-Core/Operational", "Provider_Name": "Microsoft-Windows-Shell-Core", "Computer": "DESKTOP-OFJ6N53", "TimeCreated": "2025-07-24 21:30:38.871096+00:00", "RecordID": "33789", "Level": "4", "UserID": "S-1-5-21-963789628-1060504924-4285088085-1001", "EventData.LogonType": "1024", "EventData.TaskName": "RoamingBootstrapAndPayloads"}
{"EventID": "62171", "Channel": "Microsoft-Windows-Shell-Core/Operational", "Provider_Name": "Microsoft-Windows-Shell-Core", "Computer": "DESKTOP-OFJ6N53", "TimeCreated": "2025-07-24 21:30:38.871313+00:00", "RecordID": "33790", "Level": "4", "UserID": "S-1-5-21-963789628-1060504924-4285088085-1001", "EventData.LogonType": "1024", "EventData.TaskName": "RoamingBootstrapAndPayloads"}
{"EventID": "62170", "Channel": "Microsoft-Windows-Shell-Core/Operational", "Provider_Name": "Microsoft-Windows-Shell-Core", "Computer": "DESKTOP-OFJ6N53", "TimeCreated": "2025-07-24 21:30:38.871317+00:00", "RecordID": "33791", "Level": "4", "UserID": "S-1-5-21-963789628-1060504924-4285088085-1001", "EventData.LogonType": "1024", "EventData.TaskName": "AppResolverUsageReconcilerInit"}
{"EventID": "62171", "Channel": "Microsoft-Windows-Shell-Core/Operational", "Provider_Name": "Microsoft-Windows-Shell-Core", "Computer": "DESKTOP-OFJ6N53", "TimeCreated": "2025-07-24 21:30:38.871326+00:00", "RecordID": "33792", "Level": "4", "UserID": "S-1-5-21-963789628-1060504924-4285088085-1001", "EventData.LogonType": "1024", "EventData.TaskName": "AppResolverUsageReconcilerInit"}
{"EventID": "62170", "Channel": "Microsoft-Windows-Shell-Core/Operational", "Provider_Name": "Microsoft-Windows-Shell-Core", "Computer": "DESKTOP-OFJ6N53", "TimeCreated": "2025-07-24 21:30:38.871328+00:00", "RecordID": "33793", "Level": "4", "UserID": "S-1-5-21-963789628-1060504924-4285088085-1001", "EventData.LogonType": "1024", "EventData.TaskName": "StartLayoutInit"}
{"EventID": "62170", "Channel": "Microsoft-Windows-Shell-Core/Operational", "Provider_Name": "Microsoft-Windows-Shell-Core", "Computer": "DESKTOP-OFJ6N53", "TimeCreated": "2025-07-24 21:30:38.871384+00:00", "RecordID": "33794", "Level": "4", "UserID": "S-1-5-21-963789628-1060504924-4285088085-1001", "EventData.LogonType": "1024", "EventData.TaskName": "LaunchProgrammableTaskbarCloudManager"}
{"EventID": "62170", "Channel": "Microsoft-Windows-Shell-Core/Operational", "Provider_Name": "Microsoft-Windows-Shell-Core", "Computer": "DESKTOP-OFJ6N53", "TimeCreated": "2025-07-24 21:30:38.871391+00:00", "RecordID": "33795", "Level": "4", "UserID": "S-1-5-21-963789628-1060504924-4285088085-1001", "EventData.LogonType": "1024", "EventData.TaskName": "UgradeTaskFlowPolicy"}
{"EventID": "62171", "Channel": "Microsoft-Windows-Shell-Core/Operational", "Provider_Name": "Microsoft-Windows-Shell-Core", "Computer": "DESKTOP-OFJ6N53", "TimeCreated": "2025-07-24 21:30:38.871393+00:00", "RecordID": "33796", "Level": "4", "UserID": "S-1-5-21-963789628-1060504924-4285088085-1001", "EventData.LogonType": "1024", "EventData.TaskName": "UgradeTaskFlowPolicy"}
{"EventID": "62171", "Channel": "Microsoft-Windows-Shell-Core/Operational", "Provider_Name": "Microsoft-Windows-Shell-Core", "Computer": "DESKTOP-OFJ6N53", "TimeCreated": "2025-07-24 21:30:38.871481+00:00", "RecordID": "33797", "Level": "4", "UserID": "S-1-5-21-963789628-1060504924-4285088085-1001", "EventData.LogonType": "1024", "EventData.TaskName": "LaunchProgrammableTaskbarCloudManager"}
{"EventID": "62144", "Channel": "Microsoft-Windows-Shell-Core/Operational", "Provider_Name": "Microsoft-Windows-Shell-Core", "Computer": "DESKTOP-OFJ6N53", "TimeCreated": "2025-07-24 21:30:41.515623+00:00", "RecordID": "33798", "Level": "4", "UserID": "S-1-5-21-963789628-1060504924-4285088085-1001", "EventData.PackageFamilyName": "Microsoft.MicrosoftEdge.Stable_8wekyb3d8bbwe", "EventData.InstallState": "", "EventData.ErrorCode": "0"}
{"EventID": "62144", "Channel": "Microsoft-Windows-Shell-Core/Operational", "Provider_Name": "Microsoft-Windows-Shell-Core", "Computer": "DESKTOP-OFJ6N53", "TimeCreated": "2025-07-24 21:30:44.624758+00:00", "RecordID": "33799", "Level": "4", "UserID": "S-1-5-21-963789628-1060504924-4285088085-1001", "EventData.PackageFamilyName": "Microsoft.MicrosoftEdge.Stable_8wekyb3d8bbwe", "EventData.InstallState": "", "EventData.ErrorCode": "0"}
{"EventID": "62171", "Channel": "Microsoft-Windows-Shell-Core/Operational", "Provider_Name": "Microsoft-Windows-Shell-Core", "Computer": "DESKTOP-OFJ6N53", "TimeCreated": "2025-07-24 21:30:44.629183+00:00", "RecordID": "33800", "Level": "4", "UserID": "S-1-5-21-963789628-1060504924-4285088085-1001", "EventData.LogonType": "1024", "EventData.TaskName": "AppReadinessPreShellGroup"}
{"EventID": "62171", "Channel": "Microsoft-Windows-Shell-Core/Operational", "Provider_Name": "Microsoft-Windows-Shell-Core", "Computer": "DESKTOP-OFJ6N53", "TimeCreated": "2025-07-24 21:30:44.629211+00:00", "RecordID": "33801", "Level": "4", "UserID": "S-1-5-21-963789628-1060504924-4285088085-1001", "EventData.LogonType": "1024", "EventData.TaskName": "AppResolver"}
{"EventID": "62171", "Channel": "Microsoft-Windows-Shell-Core/Operational", "Provider_Name": "Microsoft-Windows-Shell-Core", "Computer": "DESKTOP-OFJ6N53", "TimeCreated": "2025-07-24 21:30:44.629215+00:00", "RecordID": "33802", "Level": "4", "UserID": "S-1-5-21-963789628-1060504924-4285088085-1001", "EventData.LogonType": "1024", "EventData.TaskName": "PreShellTasks"}
{"EventID": "62170", "Channel": "Microsoft-Windows-Shell-Core/Operational", "Provider_Name": "Microsoft-Windows-Shell-Core", "Computer": "DESKTOP-OFJ6N53", "TimeCreated": "2025-07-24 21:30:44.629261+00:00", "RecordID": "33803", "Level": "4", "UserID": "S-1-5-21-963789628-1060504924-4285088085-1001", "EventData.LogonType": "1024", "EventData.TaskName": "ShellInitTasks"}
{"EventID": "62170", "Channel": "Microsoft-Windows-Shell-Core/Operational", "Provider_Name": "Microsoft-Windows-Shell-Core", "Computer": "DESKTOP-OFJ6N53", "TimeCreated": "2025-07-24 21:30:44.629417+00:00", "RecordID": "33804", "Level": "4", "UserID": "S-1-5-21-963789628-1060504924-4285088085-1001", "EventData.LogonType": "1024", "EventData.TaskName": "AppReadinessLogonGroup"}
{"EventID": "62170", "Channel": "Microsoft-Windows-Shell-Core/Operational", "Provider_Name": "Microsoft-Windows-Shell-Core", "Computer": "DESKTOP-OFJ6N53", "TimeCreated": "2025-07-24 21:30:44.629475+00:00", "RecordID": "33805", "Level": "4", "UserID": "S-1-5-21-963789628-1060504924-4285088085-1001", "EventData.LogonType": "1024", "EventData.TaskName": "UpdatePCSettingsShellInit"}
{"EventID": "62171", "Channel": "Microsoft-Windows-Shell-Core/Operational", "Provider_Name": "Microsoft-Windows-Shell-Core", "Computer": "DESKTOP-OFJ6N53", "TimeCreated": "2025-07-24 21:30:44.629578+00:00", "RecordID": "33806", "Level": "4", "UserID": "S-1-5-21-963789628-1060504924-4285088085-1001", "EventData.LogonType": "1024", "EventData.TaskName": "UpdatePCSettingsShellInit"}
{"EventID": "62170", "Channel": "Microsoft-Windows-Shell-Core/Operational", "Provider_Name": "Microsoft-Windows-Shell-Core", "Computer": "DESKTOP-OFJ6N53", "TimeCreated": "2025-07-24 21:30:44.629580+00:00", "RecordID": "33807", "Level": "4", "UserID": "S-1-5-21-963789628-1060504924-4285088085-1001", "EventData.LogonType": "1024", "EventData.TaskName": "InstallPWAs"}
{"EventID": "62171", "Channel": "Microsoft-Windows-Shell-Core/Operational", "Provider_Name": "Microsoft-Windows-Shell-Core", "Computer": "DESKTOP-OFJ6N53", "TimeCreated": "2025-07-24 21:30:44.794453+00:00", "RecordID": "33808", "Level": "4", "UserID": "S-1-5-21-963789628-1060504924-4285088085-1001", "EventData.LogonType": "1024", "EventData.TaskName": "AppReadinessLogonGroup"}
{"EventID": "62171", "Channel": "Microsoft-Windows-Shell-Core/Operational", "Provider_Name": "Microsoft-Windows-Shell-Core", "Computer": "DESKTOP-OFJ6N53", "TimeCreated": "2025-07-24 21:30:44.795166+00:00", "RecordID": "33809", "Level": "4", "UserID": "S-1-5-21-963789628-1060504924-4285088085-1001", "EventData.LogonType": "1024", "EventData.TaskName": "InstallPWAs"}
{"EventID": "62171", "Channel": "Microsoft-Windows-Shell-Core/Operational", "Provider_Name": "Microsoft-Windows-Shell-Core", "Computer": "DESKTOP-OFJ6N53", "TimeCreated": "2025-07-24 21:30:44.795174+00:00", "RecordID": "33810", "Level": "4", "UserID": "S-1-5-21-963789628-1060504924-4285088085-1001", "EventData.LogonType": "1024", "EventData.TaskName": "ShellInitTasks"}
{"EventID": "62170", "Channel": "Microsoft-Windows-Shell-Core/Operational", "Provider_Name": "Microsoft-Windows-Shell-Core", "Computer": "DESKTOP-OFJ6N53", "TimeCreated": "2025-07-24 21:30:47.129768+00:00", "RecordID": "33811", "Level": "4", "UserID": "S-1-5-21-963789628-1060504924-4285088085-1001", "EventData.LogonType": "1024", "EventData.TaskName": "PreStartTasks"}
{"EventID": "62170", "Channel": "Microsoft-Windows-Shell-Core/Operational", "Provider_Name": "Microsoft-Windows-Shell-Core", "Computer": "DESKTOP-OFJ6N53", "TimeCreated": "2025-07-24 21:30:47.129997+00:00", "RecordID": "33812", "Level": "4", "UserID": "S-1-5-21-963789628-1060504924-4285088085-1001", "EventData.LogonType": "1024", "EventData.TaskName": "LaunchExperienceHost"}
{"EventID": "28125", "Channel": "Microsoft-Windows-Shell-Core/Operational", "Provider_Name": "Microsoft-Windows-Shell-Core", "Computer": "DESKTOP-OFJ6N53", "TimeCreated": "2025-07-24 21:30:47.130033+00:00", "RecordID": "33813", "Level": "4", "UserID": "S-1-5-21-963789628-1060504924-4285088085-1001", "EventData.Scenario": "1", "EventData.Flags": "2316"}
{"EventID": "62170", "Channel": "Microsoft-Windows-Shell-Core/Operational", "Provider_Name": "Microsoft-Windows-Shell-Core", "Computer": "DESKTOP-OFJ6N53", "TimeCreated": "2025-07-24 21:30:47.143599+00:00", "RecordID": "33814", "Level": "4", "UserID": "S-1-5-21-963789628-1060504924-4285088085-1001", "EventData.LogonType": "1024", "EventData.TaskName": "LaunchContentDeliveryManagerStart"}
{"EventID": "62171", "Channel": "Microsoft-Windows-Shell-Core/Operational", "Provider_Name": "Microsoft-Windows-Shell-Core", "Computer": "DESKTOP-OFJ6N53", "TimeCreated": "2025-07-24 21:30:47.175871+00:00", "RecordID": "33815", "Level": "4", "UserID": "S-1-5-21-963789628-1060504924-4285088085-1001", "EventData.LogonType": "1024", "EventData.TaskName": "LaunchContentDeliveryManagerStart"}
{"EventID": "62170", "Channel": "Microsoft-Windows-Shell-Core/Operational", "Provider_Name": "Microsoft-Windows-Shell-Core", "Computer": "DESKTOP-OFJ6N53", "TimeCreated": "2025-07-24 21:30:47.175879+00:00", "RecordID": "33816", "Level": "4", "UserID": "S-1-5-21-963789628-1060504924-4285088085-1001", "EventData.LogonType": "1024", "EventData.TaskName": "PerformSignInSuggestionsStart"}
{"EventID": "62171", "Channel": "Microsoft-Windows-Shell-Core/Operational", "Provider_Name": "Microsoft-Windows-Shell-Core", "Computer": "DESKTOP-OFJ6N53", "TimeCreated": "2025-07-24 21:30:47.175892+00:00", "RecordID": "33817", "Level": "4", "UserID": "S-1-5-21-963789628-1060504924-4285088085-1001", "EventData.LogonType": "1024", "EventData.TaskName": "PerformSignInSuggestionsStart"}
{"EventID": "62170", "Channel": "Microsoft-Windows-Shell-Core/Operational", "Provider_Name": "Microsoft-Windows-Shell-Core", "Computer": "DESKTOP-OFJ6N53", "TimeCreated": "2025-07-24 21:30:47.175894+00:00", "RecordID": "33818", "Level": "4", "UserID": "S-1-5-21-963789628-1060504924-4285088085-1001", "EventData.LogonType": "1024", "EventData.TaskName": "UpdatePCSettingsPreStart"}
{"EventID": "62171", "Channel": "Microsoft-Windows-Shell-Core/Operational", "Provider_Name": "Microsoft-Windows-Shell-Core", "Computer": "DESKTOP-OFJ6N53", "TimeCreated": "2025-07-24 21:30:47.175894+00:00", "RecordID": "33819", "Level": "4", "UserID": "S-1-5-21-963789628-1060504924-4285088085-1001", "EventData.LogonType": "1024", "EventData.TaskName": "UpdatePCSettingsPreStart"}
{"EventID": "62170", "Channel": "Microsoft-Windows-Shell-Core/Operational", "Provider_Name": "Microsoft-Windows-Shell-Core", "Computer": "DESKTOP-OFJ6N53", "TimeCreated": "2025-07-24 21:30:47.175896+00:00", "RecordID": "33820", "Level": "4", "UserID": "S-1-5-21-963789628-1060504924-4285088085-1001", "EventData.LogonType": "1024", "EventData.TaskName": "EnterpriseProvisioning"}
{"EventID": "62171", "Channel": "Microsoft-Windows-Shell-Core/Operational", "Provider_Name": "Microsoft-Windows-Shell-Core", "Computer": "DESKTOP-OFJ6N53", "TimeCreated": "2025-07-24 21:30:47.175896+00:00", "RecordID": "33821", "Level": "4", "UserID": "S-1-5-21-963789628-1060504924-4285088085-1001", "EventData.LogonType": "1024", "EventData.TaskName": "EnterpriseProvisioning"}
{"EventID": "62170", "Channel": "Microsoft-Windows-Shell-Core/Operational", "Provider_Name": "Microsoft-Windows-Shell-Core", "Computer": "DESKTOP-OFJ6N53", "TimeCreated": "2025-07-24 21:30:47.175898+00:00", "RecordID": "33822", "Level": "4", "UserID": "S-1-5-21-963789628-1060504924-4285088085-1001", "EventData.LogonType": "1024", "EventData.TaskName": "AssignedAccessLogonTaskAgentPreStart"}
{"EventID": "62170", "Channel": "Microsoft-Windows-Shell-Core/Operational", "Provider_Name": "Microsoft-Windows-Shell-Core", "Computer": "DESKTOP-OFJ6N53", "TimeCreated": "2025-07-24 21:30:47.175919+00:00", "RecordID": "33823", "Level": "4", "UserID": "S-1-5-21-963789628-1060504924-4285088085-1001", "EventData.LogonType": "1024", "EventData.TaskName": "PerUserSetup"}
{"EventID": "62403", "Channel": "Microsoft-Windows-Shell-Core/Operational", "Provider_Name": "Microsoft-Windows-Shell-Core", "Computer": "DESKTOP-OFJ6N53", "TimeCreated": "2025-07-24 21:30:55.569342+00:00", "RecordID": "33824", "Level": "4", "UserID": "S-1-5-21-963789628-1060504924-4285088085-1001", "EventData.Name": "AppActivated", "EventData.Value": "{\"Kind\":0,\"PreviousExecutionState\":0}"}
{"EventID": "62402", "Channel": "Microsoft-Windows-Shell-Core/Operational", "Provider_Name": "Microsoft-Windows-Shell-Core", "Computer": "DESKTOP-OFJ6N53", "TimeCreated": "2025-07-24 21:30:55.868063+00:00", "RecordID": "33825", "Level": "4", "UserID": "S-1-5-21-963789628-1060504924-4285088085-1001", "EventData.Name": "AddUdkPackageToProcessPackageGraphSucceeded"}
{"EventID": "62403", "Channel": "Microsoft-Windows-Shell-Core/Operational", "Provider_Name": "Microsoft-Windows-Shell-Core", "Computer": "DESKTOP-OFJ6N53", "TimeCreated": "2025-07-24 21:30:55.896151+00:00", "RecordID": "33826", "Level": "4", "UserID": "S-1-5-21-963789628-1060504924-4285088085-1001", "EventData.Name": "ExperienceDescription", "EventData.Value": "{\"source\":\"ms-cxh://scoobe/backup\",\"protocol\":\"ms-cxh\",\"host\":\"scoobe\",\"port\":\"\",\"params\":{\"surface\":\"mz\"},\"file\":\"backup\",\"hash\":\"\",\"path\":\"/backup\",\"segments\":[\"backup\"]}"}
{"EventID": "62403", "Channel": "Microsoft-Windows-Shell-Core/Operational", "Provider_Name": "Microsoft-Windows-Shell-Core", "Computer": "DESKTOP-OFJ6N53", "TimeCreated": "2025-07-24 21:30:55.896383+00:00", "RecordID": "33827", "Level": "4", "UserID": "S-1-5-21-963789628-1060504924-4285088085-1001", "EventData.Name": "Discovery_URL", "EventData.Value": "data\\prod"}
{"EventID": "62403", "Channel": "Microsoft-Windows-Shell-Core/Operational", "Provider_Name": "Microsoft-Windows-Shell-Core", "Computer": "DESKTOP-OFJ6N53", "TimeCreated": "2025-07-24 21:30:56.650425+00:00", "RecordID": "33828", "Level": "4", "UserID": "S-1-5-21-963789628-1060504924-4285088085-1001", "EventData.Name": "NavMeshPreReplace", "EventData.Value": "{\"cloudOverride\":{\"url\":\"https://sdx.microsoft.com/frx/navigation/scoobebackup\",\"urlInt\":\"https://sdx.microsoft-int.com/frx/navigation/scoobebackup\",\"retrievalTimeout\":10000},\"start\":\"PlaceholderSkipNode\",\"msaTicketContext\":\"OOBE\",\"notifyOnFirstVisible\":true,\"useBackstackForBackNavigation\":true,\"frameName\":\"oobe-frame\",\"personality\":\"CloudExperienceHost.Personality.InclusiveBlue\",\"PlaceholderSkipNode\":{\"cxid\":\"PlaceholderSkipNode\",\"launcher\":\"js:OobeSkipNode\",\"canExitCxh\":true,\"disableErrorPageOnFailure\":true,\"visibility\":false}}"}
{"EventID": "62403", "Channel": "Microsoft-Windows-Shell-Core/Operational", "Provider_Name": "Microsoft-Windows-Shell-Core", "Computer": "DESKTOP-OFJ6N53", "TimeCreated": "2025-07-24 21:30:56.650740+00:00", "RecordID": "33829", "Level": "4", "UserID": "S-1-5-21-963789628-1060504924-4285088085-1001", "EventData.Name": "TargetEnvironment", "EventData.Value": "CloudExperienceHost.Environment.PROD"}
{"EventID": "62403", "Channel": "Microsoft-Windows-Shell-Core/Operational", "Provider_Name": "Microsoft-Windows-Shell-Core", "Computer": "DESKTOP-OFJ6N53", "TimeCreated": "2025-07-24 21:30:56.650940+00:00", "RecordID": "33830", "Level": "4", "UserID": "S-1-5-21-963789628-1060504924-4285088085-1001", "EventData.Name": "RetrievingCloudNavmesh", "EventData.Value": "https://sdx.microsoft.com/frx/navigation/scoobebackup"}
{"EventID": "28017", "Channel": "Microsoft-Windows-Shell-Core/Operational", "Provider_Name": "Microsoft-Windows-Shell-Core", "Computer": "DESKTOP-OFJ6N53", "TimeCreated": "2025-07-24 21:30:57.180708+00:00", "RecordID": "33831", "Level": "4", "UserID": "S-1-5-21-963789628-1060504924-4285088085-1001"}
{"EventID": "28018", "Channel": "Microsoft-Windows-Shell-Core/Operational", "Provider_Name": "Microsoft-Windows-Shell-Core", "Computer": "DESKTOP-OFJ6N53", "TimeCreated": "2025-07-24 21:30:57.253742+00:00", "RecordID": "33832", "Level": "4", "UserID": "S-1-5-21-963789628-1060504924-4285088085-1001"}
{"EventID": "28019", "Channel": "Microsoft-Windows-Shell-Core/Operational", "Provider_Name": "Microsoft-Windows-Shell-Core", "Computer": "DESKTOP-OFJ6N53", "TimeCreated": "2025-07-24 21:30:57.258568+00:00", "RecordID": "33833", "Level": "4", "UserID": "S-1-5-21-963789628-1060504924-4285088085-1001"}
{"EventID": "62402", "Channel": "Microsoft-Windows-Shell-Core/Operational", "Provider_Name": "Microsoft-Windows-Shell-Core", "Computer": "DESKTOP-OFJ6N53", "TimeCreated": "2025-07-24 21:30:58.038254+00:00", "RecordID": "33834", "Level": "4", "UserID": "S-1-5-21-963789628-1060504924-4285088085-1001", "EventData.Name": "CloudNavmeshSuccess"}
{"EventID": "62403", "Channel": "Microsoft-Windows-Shell-Core/Operational", "Provider_Name": "Microsoft-Windows-Shell-Core", "Computer": "DESKTOP-OFJ6N53", "TimeCreated": "2025-07-24 21:30:58.042011+00:00", "RecordID": "33835", "Level": "4", "UserID": "S-1-5-21-963789628-1060504924-4285088085-1001", "EventData.Name": "NavMesh", "EventData.Value": "{\"start\":\"StartSelector\",\"error\":\"ErrorNode\",\"msaTicketContext\":\"OOBE\",\"notifyOnFirstVisible\":true,\"useBackstackForBackNavigation\":true,\"frameName\":\"oobe-frame\",\"personality\":\"CloudExperienceHost.Personality.InclusiveBlue\",\"speechCapable\":true,\"speechDisabled\":true,\"blockLateWebAppCalls\":true,\"blockEarlyExit\":true,\"scenarioCustomHeaders\":[\"cxh-daysSinceFirstLogon\",\"cxh-daysSinceFirstLogonOnCurrentInstallation\",\"cxh-oobeNetworkState\",\"cxh-scoobeLaunchInstance\"],\"StartSelector\":{\"cxid\":\"StartSelector\",\"launcher\":\"js:OOBEStartSelector\",\"successID\":\"RequestFilter\",\"visibility\":false},\"ErrorNode\":{\"cxid\":\"ErrorNode\",\"url\":\"ms-appx-web:///webapps/inclusiveOobe/view/oobeError-main.html\",\"visibility\":false},\"ScoobeInPlaceResume\":{\"cxid\":\"ScoobeInPlaceResume\",\"launcher\":\"js:InPlaceResume\",\"failID\":\"OutroBackup\",\"disableBackNavigationToNode\":true},\"RequestFilter\":{\"cxid\":\"RequestFilter\",\"url\":\"https://sdx.microsoft.com/frx/request-filter\",\"disableBackNavigationToNode\":true,\"ignoreResult\":true,\"internetRequired\":true,\"failID\":\"EarlyExitOnFailure\",\"cancelID\":\"SkipBackupODStartScan\",\"offlineID\":\"SkipBackupODStartScan\",\"abortID\":\"SkipBackupODStartScan\",\"visibility\":false,\"disableErrorPageOnFailure\":true,\"intraWebAppVisibility\":false},\"SkipBackupODStartScan\":{\"cxid\":\"SkipBackupODStartScan\",\"url\":\"https://sdx.microsoft.com/frx/skip-od-startscan-node\",\"timeout\":10000,\"disableBackNavigationToNode\":true,\"ignoreResult\":true,\"internetRequired\":true,\"successID\":\"BackupWelcome\",\"failID\":\"OneDriveStartScan\",\"cancelID\":\"OneDriveStartScan\",\"offlineID\":\"OneDriveStartScan\",\"abortID\":\"OneDriveStartScan\",\"visibility\":false,\"disableErrorPageOnFailure\":true},\"OneDriveStartScan\":{\"cxid\":\"OneDriveStartScan\",\"url\":\"https://oloobe.officeapps.live.com/officeoobe/onedrive?startscan=1\",\"timeout\":10000,\"preloadCheck\":\"CloudExperienceHost.OneDrive\",\"requiredFeatureName\":\"ScoobeOnedrive\",\"disableBackNavigationToNode\":true,\"ignoreResult\":true,\"internetRequired\":true,\"successID\":\"BackupWelcome\",\"failID\":\"BackupWelcome\",\"cancelID\":\"BackupWelcome\",\"offlineID\":\"BackupWelcome\",\"abortID\":\"BackupWelcome\",\"visibility\":false,\"disableErrorPageOnFailure\":true},\"BackupWelcome\":{\"cxid\":\"BackupWelcome\",\"url\":\"https://sdx.microsoft.com/frx/scoobebackup-intro\",\"requiredFeatureName\":\"ScoobeWelcome\",\"disableBackNavigationToNode\":true,\"ignoreResult\":true,\"internetRequired\":true,\"successID\":\"ScoobeAccountState\",\"action1ID\":\"IntroBackupLossAversion\",\"cancelID\":\"PCAndFilesBackupOutro\",\"offlineID\":\"PCAndFilesBackupOutro\",\"failID\":\"PCAndFilesBackupOutro\",\"abortID\":\"PCAndFilesBackupOutro\",\"canExitCxh\":true,\"disableErrorPageOnFailure\":true,\"visibility\":false},\"IntroBackupLossAversion\":{\"cxid\":\"IntroBackupLossAversion\",\"url\":\"https://sdx.microsoft.com/frx/scoobebackup-learnmore\",\"disableBackNavigationToNode\":true,\"ignoreResult\":true,\"internetRequired\":true,\"successID\":\"ScoobeAccountState\",\"cancelID\":\"EarlyExitOnFailure\",\"offlineID\":\"EarlyExitOnFailure\",\"failID\":\"EarlyExitOnFailure\",\"abortID\":\"EarlyExitOnFailure\",\"canExitCxh\":true,\"disableErrorPageOnFailure\":true,\"visibility\":false},\"EarlyExitOnFailure\":{\"cxid\":\"EarlyExitOnFailure\",\"launcher\":\"js:OobeSkipNode\",\"canExitCxh\":true,\"disableErrorPageOnFailure\":true,\"visibility\":false},\"ScoobeAccountState\":{\"cxid\":\"ScoobeAccountState\",\"launcher\":\"js:ScoobeAccountState\",\"requiredFeatureName\":\"ScoobeAccountState\",\"successID\":\"PCBackupConfig\",\"action1ID\":\"MSABenefits\",\"action2ID\":\"PCBackupConfig\",\"action3ID\":\"PCBackupConfig\",\"failID\":\"PCAndFilesBackupOutro\",\"cancelID\":\"PCAndFilesBackupOutro\",\"abortID\":\"PCAndFilesBackupOutro\",\"disableErrorPageOnFailure\":true,\"visibility\":false},\"MSABenefits\":{\"cxid\":\"MSABenefits\",\"url\":\"https://sdx.microsoft.com/frx/backup-msa-benefits\",\"disableBackNavigationToNode\":true,\"ignoreResult\":true,\"internetRequired\":true,\"successID\":\"MSA\",\"failID\":\"MSA\",\"cancelID\":\"MSA\",\"offlineID\":\"MSA\",\"abortID\":\"MSA\",\"action1ID\":\"EarlyExitOnFailure\",\"visibility\":false,\"canExitCxh\":true,\"disableErrorPageOnFailure\":true,\"intraWebAppVisibility\":false},\"MSA\":{\"cxid\":\"MSA\",\"url\":\"https://login.live.com/ppsecure/inlineconnect.srf?id=80600\",\"queryStringBuilder\":\"CloudExperienceHost.MSA.getContextParametersForLogin\",\"requiredFeatureName\":\"ScoobeMSA\",\"internetRequired\":true,\"successID\":\"PCBackupConfig\",\"offlineID\":\"PCAndFilesBackupOutro\",\"failID\":\"PCAndFilesBackupOutro\",\"cancelID\":\"PCAndFilesBackupOutro\",\"abortID\":\"MSALossAversion\",\"exitID\":\"MSALossAversion\",\"disableErrorPageOnFailure\":true,\"canExitCxh\":true,\"disableBackNavigationToNode\":true},\"MSALossAversion\":{\"cxid\":\"MSALossAversion\",\"url\":\"https://sdx.microsoft.com/frx/lav/scoobe\",\"requiredFeatureName\":\"OobeOfficeAsksFY22H1\",\"ignoreResult\":true,\"internetRequired\":true,\"successID\":\"MSA\",\"offlineID\":\"EarlyExitOnFailure\",\"failID\":\"EarlyExitOnFailure\",\"cancelID\":\"EarlyExitOnFailure\",\"abortID\":\"EarlyExitOnFailure\",\"visibility\":false,\"disableErrorPageOnFailure\":true,\"skipExitsCxh\":true,\"canExitCxh\":true,\"disableBackNavigationToNode\":true},\"PCBackupConfig\":{\"cxid\":\"PCBackupConfig\",\"url\":\"https://sdx.microsoft.com/frx/scoobe-pc-backup\",\"disableBackNavigationToNodeOnSuccess\":true,\"ignoreResult\":true,\"internetRequired\":true,\"successID\":\"OneDriveEligibility\",\"cancelID\":\"OneDriveEligibility\",\"offlineID\":\"PCAndFilesBackupOutro\",\"failID\":\"OneDriveEligibility\",\"abortID\":\"PCAndFilesBackupOutro\",\"needCustomHeaders\":[\"cxh-windowsTelemetryLevel\"],\"disableErrorPageOnFailure\":true,\"visibility\":false},\"OneDriveEligibility\":{\"cxid\":\"OneDriveEligibility\",\"url\":\"https://oloobe.officeapps.live.com/officeoobe/onedrive?checkeligibility=1\",\"timeout\":10000,\"disableBackNavigationToNode\":true,\"internetRequired\":true,\"successID\":\"OfficeBackup\",\"failID\":\"PCAndFilesBackupOutro\",\"cancelID\":\"PCAndFilesBackupOutro\",\"offlineID\":\"PCAndFilesBackupOutro\",\"abortID\":\"PCAndFilesBackupOutro\",\"visibility\":false,\"disableErrorPageOnFailure\":true,\"intraWebAppVisibility\":false},\"OfficeBackup\":{\"cxid\":\"OfficeBackup\",\"url\":\"https://oloobe.officeapps.live.com/officeoobe\",\"disableBackNavigationToNodeOnSuccess\":true,\"ignoreResult\":true,\"internetRequired\":true,\"successID\":\"OneDriveBackup\",\"failID\":\"PCAndFilesBackupOutro\",\"cancelID\":\"RedirectBackupNode\",\"offlineID\":\"PCAndFilesBackupOutro\",\"abortID\":\"PCAndFilesBackupOutro\",\"visibility\":false,\"needCustomHeaders\":[\"cxh-windowsTelemetryLevel\"],\"disableErrorPageOnFailure\":true,\"intraWebAppVisibility\":false},\"RedirectBackupNode\":{\"cxid\":\"RedirectBackupNode\",\"url\":\"https://sdx.microsoft.com/frx/scoobebackup-redirect\",\"disableBackNavigationToNode\":true,\"internetRequired\":true,\"successID\":\"OneDriveBackup\",\"offlineID\":\"PCAndFilesBackupOutro\",\"cancelID\":\"PCAndFilesBackupOutro\",\"failID\":\"PCAndFilesBackupOutro\",\"abortID\":\"PCAndFilesBackupOutro\",\"action1ID\":\"PCAndFilesBackupOutro\",\"canExitCxh\":true,\"disableErrorPageOnFailure\":true,\"visibility\":false,\"intraWebAppVisibility\":false},\"OneDriveBackup\":{\"cxid\":\"OneDriveBackup\",\"url\":\"https://oloobe.officeapps.live.com/officeoobe/onedrive\",\"requiredFeatureName\":\"ScoobeOnedrive\",\"disableBackNavigationToNodeOnSuccess\":true,\"preloadCheck\":\"CloudExperienceHost.OneDrive\",\"ignoreResult\":true,\"internetRequired\":true,\"successID\":\"FilesBackupOutroSuccess\",\"failID\":\"PCAndFilesBackupOutro\",\"cancelID\":\"PCAndFilesBackupOutro\",\"offlineID\":\"PCAndFilesBackupOutro\",\"abortID\":\"PCAndFilesBackupOutro\",\"visibility\":false,\"needCustomHeaders\":[\"cxh-windowsTelemetryLevel\"],\"disableErrorPageOnFailure\":true,\"intraWebAppVisibility\":false},\"FilesBackupOutroSuccess\":{\"cxid\":\"FilesOutroSuccess\",\"url\":\"https://sdx.microsoft.com/frx/scoobe-files-backup-success-outro\",\"disableBackNavigationFromNode\":true,\"internetRequired\":true,\"successID\":\"PCBackupConfirmation\",\"cancelID\":\"EarlyExitOnFailure\",\"failID\":\"EarlyExitOnFailure\",\"abortID\":\"EarlyExitOnFailure\",\"offlineID\":\"EarlyExitOnFailure\",\"disableErrorPageOnFailure\":true,\"visibility\":false,\"intraWebAppVisibility\":false,\"canExitCxh\":true},\"PCAndFilesBackupOutro\":{\"cxid\":\"PCAndFilesBackupOutro\",\"url\":\"https://sdx.microsoft.com/frx/scoobe-pc-files-backup-outro\",\"disableBackNavigationFromNode\":true,\"internetRequired\":true,\"successID\":\"PCBackupConfirmation\",\"cancelID\":\"EarlyExitOnFailure\",\"offlineID\":\"EarlyExitOnFailure\",\"failID\":\"EarlyExitOnFailure\",\"abortID\":\"EarlyExitOnFailure\",\"disableErrorPageOnFailure\":true,\"visibility\":false,\"canExitCxh\":true},\"PCBackupConfirmation\":{\"cxid\":\"PCBackupConfirmation\",\"url\":\"https://sdx.microsoft.com/frx/scoobe-pc-backup-confirmation\",\"disableBackNavigationToNodeOnSuccess\":true,\"ignoreResult\":true,\"internetRequired\":true,\"successID\":\"OEMUpSell\",\"cancelID\":\"EarlyExitOnFailure\",\"offlineID\":\"EarlyExitOnFailure\",\"failID\":\"EarlyExitOnFailure\",\"abortID\":\"EarlyExitOnFailure\",\"needCustomHeaders\":[\"cxh-windowsTelemetryLevel\"],\"disableErrorPageOnFailure\":true,\"visibility\":false,\"canExitCxh\":true},\"OEMUpSell\":{\"cxid\":\"OEMUpSell\",\"url\":\"https://sdx.microsoft.com/frx/scoobe-oem-upsell\",\"disableBackNavigationToNodeOnSuccess\":true,\"requiredFeatureName\":\"LaunchUriAsyncInCloudExperienceHost\",\"ignoreResult\":true,\"internetRequired\":true,\"skipExitsCxh\":true,\"canExitCxh\":true,\"cancelID\":\"EarlyExitOnFailure\",\"offlineID\":\"EarlyExitOnFailure\",\"failID\":\"EarlyExitOnFailure\",\"abortID\":\"EarlyExitOnFailure\",\"needCustomHeaders\":[\"cxh-windowsTelemetryLevel\"],\"disableErrorPageOnFailure\":true,\"visibility\":false,\"intraWebAppVisibility\":false},\"OutroBackup\":{\"cxid\":\"OutroBackup\",\"url\":\"ms-appx-web:///webapps/scoobe/view/scoobeoutro-main.html\",\"requiredFeatureName\":\"ScoobeOutro\",\"disableBackNavigationFromNode\":true,\"skipExitsCxh\":true,\"cancelID\":\"EarlyExitOnFailure\",\"failID\":\"EarlyExitOnFailure\",\"abortID\":\"EarlyExitOnFailure\",\"offlineID\":\"EarlyExitOnFailure\",\"canExitCxh\":true,\"disableErrorPageOnFailure\":true,\"visibility\":false}}"}
{"EventID": "62403", "Channel": "Microsoft-Windows-Shell-Core/Operational", "Provider_Name": "Microsoft-Windows-Shell-Core", "Computer": "DESKTOP-OFJ6N53", "TimeCreated": "2025-07-24 21:30:58.339550+00:00", "RecordID": "33836", "Level": "4", "UserID": "S-1-5-21-963789628-1060504924-4285088085-1001", "EventData.Name": "Discovery_URL", "EventData.Value": "data\\prod"}
{"EventID": "62171", "Channel": "Microsoft-Windows-Shell-Core/Operational", "Provider_Name": "Microsoft-Windows-Shell-Core", "Computer": "DESKTOP-OFJ6N53", "TimeCreated": "2025-07-24 21:30:58.370079+00:00", "RecordID": "33837", "Level": "4", "UserID": "S-1-5-21-963789628-1060504924-4285088085-1001", "EventData.LogonType": "1024", "EventData.TaskName": "StartLayoutInit"}
{"EventID": "62171", "Channel": "Microsoft-Windows-Shell-Core/Operational", "Provider_Name": "Microsoft-Windows-Shell-Core", "Computer": "DESKTOP-OFJ6N53", "TimeCreated": "2025-07-24 21:30:58.370096+00:00", "RecordID": "33838", "Level": "4", "UserID": "S-1-5-21-963789628-1060504924-4285088085-1001", "EventData.LogonType": "1024", "EventData.TaskName": "LaunchExperienceHost"}
