{"EventID": "6116", "Channel": "Microsoft-Windows-LiveId/Operational", "Provider_Name": "Microsoft-Windows-LiveId", "Computer": "DESKTOP-OFJ6N53", "TimeCreated": "2025-08-21 21:30:40.044491+00:00", "RecordID": "88002", "Level": "4", "UserID": "S-1-5-18", "EventData.Value": "<S:Envelope><S:Header><wsa:Action wsu:Id=\"Action\" S:mustUnderstand=\"1\">*</wsa:Action><wsa:To wsu:Id=\"To\" S:mustUnderstand=\"1\">*</wsa:To><wsse:Security><wsu:Timestamp wsu:Id=\"TS\"><wsu:Created>2025-08-21T21:30:40Z</wsu:Created><wsu:Expires>2025-08-21T21:35:40Z</wsu:Expires></wsu:Timestamp><wssc:DerivedKeyToken wsu:Id=\"SignKey\" Algorithm=\"urn:liveid:SP800108_CTR_HMAC_SHA256_DOUBLEDERIVED\"><wsse:SecurityTokenReference><wsse:Reference URI=\"BjqSnjIiAfqUtYMNT4mVXNvnf+Y=\"></wsse:Reference></wsse:SecurityTokenReference><wssc:Nonce>*</wssc:Nonce></wssc:DerivedKeyToken><wssc:DerivedKeyToken wsu:Id=\"EncKey\" Algorithm=\"urn:liveid:SP800108_CTR_HMAC_SHA256_DOUBLEDERIVED\"><wsse:SecurityTokenReference><wsse:Reference URI=\"BjqSnjIiAfqUtYMNT4mVXNvnf+Y=\"></wsse:Reference></wsse:SecurityTokenReference><wssc:Nonce>*</wssc:Nonce></wssc:DerivedKeyToken><Signature xmlns=\"http://www.w3.org/2000/09/xmldsig#\"><SignedInfo><CanonicalizationMethod Algorithm=\"http://www.w3.org/2001/10/xml-exc-c14n#\"></CanonicalizationMethod><SignatureMethod Algorithm=\"http://www.w3.org/2001/04/xmldsig-more#hmac-sha256\"></SignatureMethod><Reference URI=\"#EncPsf\"><Transforms><Transform Algorithm=\"http://www.w3.org/2001/10/xml-exc-c14n#\"></Transform></Transforms><DigestMethod Algorithm=\"http://www.w3.org/2001/04/xmlenc#sha256\"></DigestMethod><DigestValue>*</DigestValue></Reference><Reference URI=\"#Body\"><Transforms><Transform Algorithm=\"http://www.w3.org/2001/10/xml-exc-c14n#\"></Transform></Transforms><DigestMethod Algorithm=\"http://www.w3.org/2001/04/xmlenc#sha256\"></DigestMethod><DigestValue>*</DigestValue></Reference><Reference URI=\"#To\"><Transforms><Transform Algorithm=\"http://www.w3.org/2001/10/xml-exc-c14n#\"></Transform></Transforms><DigestMethod Algorithm=\"http://www.w3.org/2001/04/xmlenc#sha256\"></DigestMethod><DigestValue>*</DigestValue></Reference><Reference URI=\"#Action\"><Transforms><Transform Algorithm=\"http://www.w3.org/2001/10/xml-exc-c14n#\"></Transform></Transforms><DigestMethod Algorithm=\"http://www.w3.org/2001/04/xmlenc#sha256\"></DigestMethod><DigestValue>*</DigestValue></Reference><Reference URI=\"#TS\"><Transforms><Transform Algorithm=\"http://www.w3.org/2001/10/xml-exc-c14n#\"></Transform></Transforms><DigestMethod Algorithm=\"http://www.w3.org/2001/04/xmlenc#sha256\"></DigestMethod><DigestValue>*</DigestValue></Reference></SignedInfo><SignatureValue>*</SignatureValue><KeyInfo><wsse:SecurityTokenReference><wsse:Reference URI=\"#SignKey\"></wsse:Reference></wsse:SecurityTokenReference></KeyInfo></Signature><e:ReferenceList xmlns:e=\"http://www.w3.org/2001/04/xmlenc#\"><e:DataReference URI=\"#RSTR\"/><e:DataReference URI=\"#EncPsf\"/></e:ReferenceList></wsse:Security><psf:EncryptedPP><EncryptedData xmlns=\"http://www.w3.org/2001/04/xmlenc#\" Id=\"EncPsf\" Type=\"http://www.w3.org/2001/04/xmlenc#Element\"><EncryptionMethod Algorithm=\"http://www.w3.org/2001/04/xmlenc#aes256-cbc\"></EncryptionMethod><KeyInfo xmlns=\"http://www.w3.org/2000/09/xmldsig#\"><wsse:SecurityTokenReference><wsse:Reference URI=\"#EncKey\"></wsse:Reference></wsse:SecurityTokenReference></KeyInfo><CipherData><CipherValue>*</CipherValue></CipherData></EncryptedData></psf:EncryptedPP></S:Header><S:Body wsu:Id=\"Body\"><EncryptedData xmlns=\"http://www.w3.org/2001/04/xmlenc#\" Id=\"RSTR\" Type=\"http://www.w3.org/2001/04/xmlenc#Element\"><EncryptionMethod Algorithm=\"http://www.w3.org/2001/04/xmlenc#aes256-cbc\"></EncryptionMethod><KeyInfo xmlns=\"http://www.w3.org/2000/09/xmldsig#\"><wsse:SecurityTokenReference><wsse:Reference URI=\"#EncKey\"></wsse:Reference></wsse:SecurityTokenReference></KeyInfo><CipherData><CipherValue>*</CipherValue></CipherData></EncryptedData></S:Body></S:Envelope>"}
{"EventID": "6117", "Channel": "Microsoft-Windows-LiveId/Operational", "Provider_Name": "Microsoft-Windows-LiveId", "Computer": "DESKTOP-OFJ6N53", "TimeCreated": "2025-08-21 21:30:40.052122+00:00", "RecordID": "88003", "Level": "4", "UserID": "S-1-5-18", "EventData.ResourceURI": "settings-win.data.microsoft.com", "EventData.Created": "2025-08-22 00:30:40", "EventData.Expires": "2025-08-23 00:30:40", "EventData.TokenType": "urn:passport:compact", "EventData.AuthRequired": "0", "EventData.RequestStatus": "0", "EventData.HasFlowUrl": "False", "EventData.HasAuthUrl": "False", "EventData.HasEndAuthUrl": "False"}
{"EventID": "2024", "Channel": "Microsoft-Windows-LiveId/Operational", "Provider_Name": "Microsoft-Windows-LiveId", "Computer": "DESKTOP-OFJ6N53", "TimeCreated": "2025-08-21 21:33:40.137962+00:00", "RecordID": "88004", "Level": "4", "UserID": "S-1-5-18", "EventData.Operation": "Service stopped", "EventData.Details": "The service has stopped.", "EventData.Status": "0x00000000"}
{"EventID": "2024", "Channel": "Microsoft-Windows-LiveId/Operational", "Provider_Name": "Microsoft-Windows-LiveId", "Computer": "DESKTOP-OFJ6N53", "TimeCreated": "2025-08-22 00:01:45.056549+00:00", "RecordID": "88005", "Level": "4", "UserID": "S-1-5-18", "EventData.Operation": "Service started", "EventData.Details": "The service will auto stop if no requests received for some period of time.", "EventData.Status": "0x00000000"}
{"EventID": "6115", "Channel": "Microsoft-Windows-LiveId/Operational", "Provider_Name": "Microsoft-Windows-LiveId", "Computer": "DESKTOP-OFJ6N53", "TimeCreated": "2025-08-22 00:01:45.225506+00:00", "RecordID": "88006", "Level": "4", "UserID": "S-1-5-18", "EventData.Value": "<s:Envelope><s:Header><wsa:Action s:mustUnderstand=\"1\">*</wsa:Action><wsa:To s:mustUnderstand=\"1\">*</wsa:To><wsa:MessageID>*</wsa:MessageID><ps:AuthInfo Id=\"PPAuthInfo\"><ps:HostingApp>{A3D87918-9442-435E-9382-9B170962CAB4}</ps:HostingApp><ps:BinaryVersion>24</ps:BinaryVersion><ps:UIVersion>1</ps:UIVersion><ps:InlineUX>TokenBroker</ps:InlineUX><ps:IsAdmin>1</ps:IsAdmin><ps:Cookies></ps:Cookies><ps:RequestParams>AQAAAAIAAABsYwQAAAAxMDQ5</ps:RequestParams><ps:WindowsClientString>gkfodOJuvaWN7Khxeg1vNcHQNQrBSfkjx+90ZU2g55E=</ps:WindowsClientString><ps:LicenseSignatureKeyVersion>*</ps:LicenseSignatureKeyVersion><ps:ClientCapabilities>1</ps:ClientCapabilities></ps:AuthInfo><wsse:Security><EncryptedData xmlns=\"http://www.w3.org/2001/04/xmlenc#\" Id=\"devicesoftware\" Type=\"http://www.w3.org/2001/04/xmlenc#Element\"><EncryptionMethod Algorithm=\"http://www.w3.org/2001/04/xmlenc#tripledes-cbc\"></EncryptionMethod><ds:KeyInfo><ds:KeyName>http://Passport.NET/STS</ds:KeyName></ds:KeyInfo><CipherData><CipherValue>*</CipherValue></CipherData></EncryptedData><wssc:DerivedKeyToken wsu:Id=\"SignKey\" Algorithm=\"urn:liveid:SP800108_CTR_HMAC_SHA256_DOUBLEDERIVED\"><wsse:RequestedTokenReference><wsse:KeyIdentifier ValueType=\"http://docs.oasis-open.org/wss/2004/XX/oasis-2004XX-wss-saml-token-profile-1.0#SAMLAssertionID\"/><wsse:Reference URI=\"\"/></wsse:RequestedTokenReference><wssc:Nonce>*</wssc:Nonce></wssc:DerivedKeyToken><wsu:Timestamp wsu:Id=\"Timestamp\"><wsu:Created>2025-08-22T00:01:44Z</wsu:Created><wsu:Expires>2025-08-22T00:06:44Z</wsu:Expires></wsu:Timestamp><Signature xmlns=\"http://www.w3.org/2000/09/xmldsig#\"><SignedInfo><CanonicalizationMethod Algorithm=\"http://www.w3.org/2001/10/xml-exc-c14n#\"></CanonicalizationMethod><SignatureMethod Algorithm=\"http://www.w3.org/2001/04/xmldsig-more#hmac-sha256\"></SignatureMethod><Reference URI=\"#RST0\"><Transforms><Transform Algorithm=\"http://www.w3.org/2001/10/xml-exc-c14n#\"></Transform></Transforms><DigestMethod Algorithm=\"http://www.w3.org/2001/04/xmlenc#sha256\"></DigestMethod><DigestValue>*</DigestValue></Reference><Reference URI=\"#Timestamp\"><Transforms><Transform Algorithm=\"http://www.w3.org/2001/10/xml-exc-c14n#\"></Transform></Transforms><DigestMethod Algorithm=\"http://www.w3.org/2001/04/xmlenc#sha256\"></DigestMethod><DigestValue>*</DigestValue></Reference><Reference URI=\"#PPAuthInfo\"><Transforms><Transform Algorithm=\"http://www.w3.org/2001/10/xml-exc-c14n#\"></Transform></Transforms><DigestMethod Algorithm=\"http://www.w3.org/2001/04/xmlenc#sha256\"></DigestMethod><DigestValue>*</DigestValue></Reference></SignedInfo><SignatureValue>*</SignatureValue><KeyInfo><wsse:SecurityTokenReference><wsse:Reference URI=\"#SignKey\"/></wsse:SecurityTokenReference></KeyInfo></Signature></wsse:Security></s:Header><s:Body><wst:RequestSecurityToken Id=\"RST0\"><wst:RequestType>http://schemas.xmlsoap.org/ws/2005/02/trust/Issue</wst:RequestType><wsp:AppliesTo><wsa:EndpointReference><wsa:Address>settings-win.data.microsoft.com</wsa:Address></wsa:EndpointReference></wsp:AppliesTo><wsp:PolicyReference URI=\"MBI_SSL\"></wsp:PolicyReference></wst:RequestSecurityToken></s:Body></s:Envelope>"}
{"EventID": "6116", "Channel": "Microsoft-Windows-LiveId/Operational", "Provider_Name": "Microsoft-Windows-LiveId", "Computer": "DESKTOP-OFJ6N53", "TimeCreated": "2025-08-22 00:01:47.180595+00:00", "RecordID": "88007", "Level": "4", "UserID": "S-1-5-18", "EventData.Value": "<S:Envelope><S:Header><wsa:Action wsu:Id=\"Action\" S:mustUnderstand=\"1\">*</wsa:Action><wsa:To wsu:Id=\"To\" S:mustUnderstand=\"1\">*</wsa:To><wsse:Security><wsu:Timestamp wsu:Id=\"TS\"><wsu:Created>2025-08-22T00:01:48Z</wsu:Created><wsu:Expires>2025-08-22T00:06:48Z</wsu:Expires></wsu:Timestamp><wssc:DerivedKeyToken wsu:Id=\"SignKey\" Algorithm=\"urn:liveid:SP800108_CTR_HMAC_SHA256_DOUBLEDERIVED\"><wsse:SecurityTokenReference><wsse:Reference URI=\"BjqSnjIiAfqUtYMNT4mVXNvnf+Y=\"></wsse:Reference></wsse:SecurityTokenReference><wssc:Nonce>*</wssc:Nonce></wssc:DerivedKeyToken><wssc:DerivedKeyToken wsu:Id=\"EncKey\" Algorithm=\"urn:liveid:SP800108_CTR_HMAC_SHA256_DOUBLEDERIVED\"><wsse:SecurityTokenReference><wsse:Reference URI=\"BjqSnjIiAfqUtYMNT4mVXNvnf+Y=\"></wsse:Reference></wsse:SecurityTokenReference><wssc:Nonce>*</wssc:Nonce></wssc:DerivedKeyToken><Signature xmlns=\"http://www.w3.org/2000/09/xmldsig#\"><SignedInfo><CanonicalizationMethod Algorithm=\"http://www.w3.org/2001/10/xml-exc-c14n#\"></CanonicalizationMethod><SignatureMethod Algorithm=\"http://www.w3.org/2001/04/xmldsig-more#hmac-sha256\"></SignatureMethod><Reference URI=\"#EncPsf\"><Transforms><Transform Algorithm=\"http://www.w3.org/2001/10/xml-exc-c14n#\"></Transform></Transforms><DigestMethod Algorithm=\"http://www.w3.org/2001/04/xmlenc#sha256\"></DigestMethod><DigestValue>*</DigestValue></Reference><Reference URI=\"#Body\"><Transforms><Transform Algorithm=\"http://www.w3.org/2001/10/xml-exc-c14n#\"></Transform></Transforms><DigestMethod Algorithm=\"http://www.w3.org/2001/04/xmlenc#sha256\"></DigestMethod><DigestValue>*</DigestValue></Reference><Reference URI=\"#To\"><Transforms><Transform Algorithm=\"http://www.w3.org/2001/10/xml-exc-c14n#\"></Transform></Transforms><DigestMethod Algorithm=\"http://www.w3.org/2001/04/xmlenc#sha256\"></DigestMethod><DigestValue>*</DigestValue></Reference><Reference URI=\"#Action\"><Transforms><Transform Algorithm=\"http://www.w3.org/2001/10/xml-exc-c14n#\"></Transform></Transforms><DigestMethod Algorithm=\"http://www.w3.org/2001/04/xmlenc#sha256\"></DigestMethod><DigestValue>*</DigestValue></Reference><Reference URI=\"#TS\"><Transforms><Transform Algorithm=\"http://www.w3.org/2001/10/xml-exc-c14n#\"></Transform></Transforms><DigestMethod Algorithm=\"http://www.w3.org/2001/04/xmlenc#sha256\"></DigestMethod><DigestValue>*</DigestValue></Reference></SignedInfo><SignatureValue>*</SignatureValue><KeyInfo><wsse:SecurityTokenReference><wsse:Reference URI=\"#SignKey\"></wsse:Reference></wsse:SecurityTokenReference></KeyInfo></Signature><e:ReferenceList xmlns:e=\"http://www.w3.org/2001/04/xmlenc#\"><e:DataReference URI=\"#RSTR\"/><e:DataReference URI=\"#EncPsf\"/></e:ReferenceList></wsse:Security><psf:EncryptedPP><EncryptedData xmlns=\"http://www.w3.org/2001/04/xmlenc#\" Id=\"EncPsf\" Type=\"http://www.w3.org/2001/04/xmlenc#Element\"><EncryptionMethod Algorithm=\"http://www.w3.org/2001/04/xmlenc#aes256-cbc\"></EncryptionMethod><KeyInfo xmlns=\"http://www.w3.org/2000/09/xmldsig#\"><wsse:SecurityTokenReference><wsse:Reference URI=\"#EncKey\"></wsse:Reference></wsse:SecurityTokenReference></KeyInfo><CipherData><CipherValue>*</CipherValue></CipherData></EncryptedData></psf:EncryptedPP></S:Header><S:Body wsu:Id=\"Body\"><EncryptedData xmlns=\"http://www.w3.org/2001/04/xmlenc#\" Id=\"RSTR\" Type=\"http://www.w3.org/2001/04/xmlenc#Element\"><EncryptionMethod Algorithm=\"http://www.w3.org/2001/04/xmlenc#aes256-cbc\"></EncryptionMethod><KeyInfo xmlns=\"http://www.w3.org/2000/09/xmldsig#\"><wsse:SecurityTokenReference><wsse:Reference URI=\"#EncKey\"></wsse:Reference></wsse:SecurityTokenReference></KeyInfo><CipherData><CipherValue>*</CipherValue></CipherData></EncryptedData></S:Body></S:Envelope>"}
{"EventID": "6117", "Channel": "Microsoft-Windows-LiveId/Operational", "Provider_Name": "Microsoft-Windows-LiveId", "Computer": "DESKTOP-OFJ6N53", "TimeCreated": "2025-08-22 00:01:47.188652+00:00", "RecordID": "88008", "Level": "4", "UserID": "S-1-5-18", "EventData.ResourceURI": "settings-win.data.microsoft.com", "EventData.Created": "2025-08-22 03:01:48", "EventData.Expires": "2025-08-23 03:01:48", "EventData.TokenType": "urn:passport:compact", "EventData.AuthRequired": "0", "EventData.RequestStatus": "0", "EventData.HasFlowUrl": "False", "EventData.HasAuthUrl": "False", "EventData.HasEndAuthUrl": "False"}
{"EventID": "2024", "Channel": "Microsoft-Windows-LiveId/Operational", "Provider_Name": "Microsoft-Windows-LiveId", "Computer": "DESKTOP-OFJ6N53", "TimeCreated": "2025-08-22 00:04:47.281977+00:00", "RecordID": "88009", "Level": "4", "UserID": "S-1-5-18", "EventData.Operation": "Service stopped", "EventData.Details": "The service has stopped.", "EventData.Status": "0x00000000"}
{"EventID": "2024", "Channel": "Microsoft-Windows-LiveId/Operational", "Provider_Name": "Microsoft-Windows-LiveId", "Computer": "DESKTOP-OFJ6N53", "TimeCreated": "2025-08-22 06:13:55.480827+00:00", "RecordID": "88010", "Level": "4", "UserID": "S-1-5-18", "EventData.Operation": "Service started", "EventData.Details": "The service will auto stop if no requests received for some period of time.", "EventData.Status": "0x00000000"}
{"EventID": "6115", "Channel": "Microsoft-Windows-LiveId/Operational", "Provider_Name": "Microsoft-Windows-LiveId", "Computer": "DESKTOP-OFJ6N53", "TimeCreated": "2025-08-22 06:13:55.558256+00:00", "RecordID": "88011", "Level": "4", "UserID": "S-1-5-18", "EventData.Value": "<s:Envelope><s:Header><wsa:Action s:mustUnderstand=\"1\">*</wsa:Action><wsa:To s:mustUnderstand=\"1\">*</wsa:To><wsa:MessageID>*</wsa:MessageID><ps:AuthInfo Id=\"PPAuthInfo\"><ps:HostingApp>{AE2D81FB-C9EB-44A6-806C-F543D3FABF6C}</ps:HostingApp><ps:BinaryVersion>24</ps:BinaryVersion><ps:UIVersion>1</ps:UIVersion><ps:InlineUX>TokenBroker</ps:InlineUX><ps:IsAdmin>1</ps:IsAdmin><ps:Cookies></ps:Cookies><ps:RequestParams>AQAAAAIAAABsYwQAAAAxMDQ5</ps:RequestParams><ps:WindowsClientString>gkfodOJuvaWN7Khxeg1vNcHQNQrBSfkjx+90ZU2g55E=</ps:WindowsClientString><ps:LicenseSignatureKeyVersion>*</ps:LicenseSignatureKeyVersion><ps:ClientCapabilities>1</ps:ClientCapabilities></ps:AuthInfo><wsse:Security><EncryptedData xmlns=\"http://www.w3.org/2001/04/xmlenc#\" Id=\"devicesoftware\" Type=\"http://www.w3.org/2001/04/xmlenc#Element\"><EncryptionMethod Algorithm=\"http://www.w3.org/2001/04/xmlenc#tripledes-cbc\"></EncryptionMethod><ds:KeyInfo><ds:KeyName>http://Passport.NET/STS</ds:KeyName></ds:KeyInfo><CipherData><CipherValue>*</CipherValue></CipherData></EncryptedData><wssc:DerivedKeyToken wsu:Id=\"SignKey\" Algorithm=\"urn:liveid:SP800108_CTR_HMAC_SHA256_DOUBLEDERIVED\"><wsse:RequestedTokenReference><wsse:KeyIdentifier ValueType=\"http://docs.oasis-open.org/wss/2004/XX/oasis-2004XX-wss-saml-token-profile-1.0#SAMLAssertionID\"/><wsse:Reference URI=\"\"/></wsse:RequestedTokenReference><wssc:Nonce>*</wssc:Nonce></wssc:DerivedKeyToken><wsu:Timestamp wsu:Id=\"Timestamp\"><wsu:Created>2025-08-22T06:13:54Z</wsu:Created><wsu:Expires>2025-08-22T06:18:54Z</wsu:Expires></wsu:Timestamp><Signature xmlns=\"http://www.w3.org/2000/09/xmldsig#\"><SignedInfo><CanonicalizationMethod Algorithm=\"http://www.w3.org/2001/10/xml-exc-c14n#\"></CanonicalizationMethod><SignatureMethod Algorithm=\"http://www.w3.org/2001/04/xmldsig-more#hmac-sha256\"></SignatureMethod><Reference URI=\"#RST0\"><Transforms><Transform Algorithm=\"http://www.w3.org/2001/10/xml-exc-c14n#\"></Transform></Transforms><DigestMethod Algorithm=\"http://www.w3.org/2001/04/xmlenc#sha256\"></DigestMethod><DigestValue>*</DigestValue></Reference><Reference URI=\"#Timestamp\"><Transforms><Transform Algorithm=\"http://www.w3.org/2001/10/xml-exc-c14n#\"></Transform></Transforms><DigestMethod Algorithm=\"http://www.w3.org/2001/04/xmlenc#sha256\"></DigestMethod><DigestValue>*</DigestValue></Reference><Reference URI=\"#PPAuthInfo\"><Transforms><Transform Algorithm=\"http://www.w3.org/2001/10/xml-exc-c14n#\"></Transform></Transforms><DigestMethod Algorithm=\"http://www.w3.org/2001/04/xmlenc#sha256\"></DigestMethod><DigestValue>*</DigestValue></Reference></SignedInfo><SignatureValue>*</SignatureValue><KeyInfo><wsse:SecurityTokenReference><wsse:Reference URI=\"#SignKey\"/></wsse:SecurityTokenReference></KeyInfo></Signature></wsse:Security></s:Header><s:Body><wst:RequestSecurityToken Id=\"RST0\"><wst:RequestType>http://schemas.xmlsoap.org/ws/2005/02/trust/Issue</wst:RequestType><wsp:AppliesTo><wsa:EndpointReference><wsa:Address>settings-win.data.microsoft.com</wsa:Address></wsa:EndpointReference></wsp:AppliesTo><wsp:PolicyReference URI=\"MBI_SSL\"></wsp:PolicyReference></wst:RequestSecurityToken></s:Body></s:Envelope>"}
{"EventID": "6116", "Channel": "Microsoft-Windows-LiveId/Operational", "Provider_Name": "Microsoft-Windows-LiveId", "Computer": "DESKTOP-OFJ6N53", "TimeCreated": "2025-08-22 06:13:56.838114+00:00", "RecordID": "88012", "Level": "4", "UserID": "S-1-5-18", "EventData.Value": "<S:Envelope><S:Header><wsa:Action wsu:Id=\"Action\" S:mustUnderstand=\"1\">*</wsa:Action><wsa:To wsu:Id=\"To\" S:mustUnderstand=\"1\">*</wsa:To><wsse:Security><wsu:Timestamp wsu:Id=\"TS\"><wsu:Created>2025-08-22T06:13:57Z</wsu:Created><wsu:Expires>2025-08-22T06:18:57Z</wsu:Expires></wsu:Timestamp><wssc:DerivedKeyToken wsu:Id=\"SignKey\" Algorithm=\"urn:liveid:SP800108_CTR_HMAC_SHA256_DOUBLEDERIVED\"><wsse:SecurityTokenReference><wsse:Reference URI=\"BjqSnjIiAfqUtYMNT4mVXNvnf+Y=\"></wsse:Reference></wsse:SecurityTokenReference><wssc:Nonce>*</wssc:Nonce></wssc:DerivedKeyToken><wssc:DerivedKeyToken wsu:Id=\"EncKey\" Algorithm=\"urn:liveid:SP800108_CTR_HMAC_SHA256_DOUBLEDERIVED\"><wsse:SecurityTokenReference><wsse:Reference URI=\"BjqSnjIiAfqUtYMNT4mVXNvnf+Y=\"></wsse:Reference></wsse:SecurityTokenReference><wssc:Nonce>*</wssc:Nonce></wssc:DerivedKeyToken><Signature xmlns=\"http://www.w3.org/2000/09/xmldsig#\"><SignedInfo><CanonicalizationMethod Algorithm=\"http://www.w3.org/2001/10/xml-exc-c14n#\"></CanonicalizationMethod><SignatureMethod Algorithm=\"http://www.w3.org/2001/04/xmldsig-more#hmac-sha256\"></SignatureMethod><Reference URI=\"#EncPsf\"><Transforms><Transform Algorithm=\"http://www.w3.org/2001/10/xml-exc-c14n#\"></Transform></Transforms><DigestMethod Algorithm=\"http://www.w3.org/2001/04/xmlenc#sha256\"></DigestMethod><DigestValue>*</DigestValue></Reference><Reference URI=\"#Body\"><Transforms><Transform Algorithm=\"http://www.w3.org/2001/10/xml-exc-c14n#\"></Transform></Transforms><DigestMethod Algorithm=\"http://www.w3.org/2001/04/xmlenc#sha256\"></DigestMethod><DigestValue>*</DigestValue></Reference><Reference URI=\"#To\"><Transforms><Transform Algorithm=\"http://www.w3.org/2001/10/xml-exc-c14n#\"></Transform></Transforms><DigestMethod Algorithm=\"http://www.w3.org/2001/04/xmlenc#sha256\"></DigestMethod><DigestValue>*</DigestValue></Reference><Reference URI=\"#Action\"><Transforms><Transform Algorithm=\"http://www.w3.org/2001/10/xml-exc-c14n#\"></Transform></Transforms><DigestMethod Algorithm=\"http://www.w3.org/2001/04/xmlenc#sha256\"></DigestMethod><DigestValue>*</DigestValue></Reference><Reference URI=\"#TS\"><Transforms><Transform Algorithm=\"http://www.w3.org/2001/10/xml-exc-c14n#\"></Transform></Transforms><DigestMethod Algorithm=\"http://www.w3.org/2001/04/xmlenc#sha256\"></DigestMethod><DigestValue>*</DigestValue></Reference></SignedInfo><SignatureValue>*</SignatureValue><KeyInfo><wsse:SecurityTokenReference><wsse:Reference URI=\"#SignKey\"></wsse:Reference></wsse:SecurityTokenReference></KeyInfo></Signature><e:ReferenceList xmlns:e=\"http://www.w3.org/2001/04/xmlenc#\"><e:DataReference URI=\"#RSTR\"/><e:DataReference URI=\"#EncPsf\"/></e:ReferenceList></wsse:Security><psf:EncryptedPP><EncryptedData xmlns=\"http://www.w3.org/2001/04/xmlenc#\" Id=\"EncPsf\" Type=\"http://www.w3.org/2001/04/xmlenc#Element\"><EncryptionMethod Algorithm=\"http://www.w3.org/2001/04/xmlenc#aes256-cbc\"></EncryptionMethod><KeyInfo xmlns=\"http://www.w3.org/2000/09/xmldsig#\"><wsse:SecurityTokenReference><wsse:Reference URI=\"#EncKey\"></wsse:Reference></wsse:SecurityTokenReference></KeyInfo><CipherData><CipherValue>*</CipherValue></CipherData></EncryptedData></psf:EncryptedPP></S:Header><S:Body wsu:Id=\"Body\"><EncryptedData xmlns=\"http://www.w3.org/2001/04/xmlenc#\" Id=\"RSTR\" Type=\"http://www.w3.org/2001/04/xmlenc#Element\"><EncryptionMethod Algorithm=\"http://www.w3.org/2001/04/xmlenc#aes256-cbc\"></EncryptionMethod><KeyInfo xmlns=\"http://www.w3.org/2000/09/xmldsig#\"><wsse:SecurityTokenReference><wsse:Reference URI=\"#EncKey\"></wsse:Reference></wsse:SecurityTokenReference></KeyInfo><CipherData><CipherValue>*</CipherValue></CipherData></EncryptedData></S:Body></S:Envelope>"}
{"EventID": "6117", "Channel": "Microsoft-Windows-LiveId/Operational", "Provider_Name": "Microsoft-Windows-LiveId", "Computer": "DESKTOP-OFJ6N53", "TimeCreated": "2025-08-22 06:13:56.846537+00:00", "RecordID": "88013", "Level": "4", "UserID": "S-1-5-18", "EventData.ResourceURI": "settings-win.data.microsoft.com", "EventData.Created": "2025-08-22 09:13:57", "EventData.Expires": "2025-08-23 09:13:57", "EventData.TokenType": "urn:passport:compact", "EventData.AuthRequired": "0", "EventData.RequestStatus": "0", "EventData.HasFlowUrl": "False", "EventData.HasAuthUrl": "False", "EventData.HasEndAuthUrl": "False"}
{"EventID": "2024", "Channel": "Microsoft-Windows-LiveId/Operational", "Provider_Name": "Microsoft-Windows-LiveId", "Computer": "DESKTOP-OFJ6N53", "TimeCreated": "2025-08-22 06:17:05.950323+00:00", "RecordID": "88014", "Level": "4", "UserID": "S-1-5-18", "EventData.Operation": "Service stopped", "EventData.Details": "The service has stopped.", "EventData.Status": "0x00000000"}
{"EventID": "2024", "Channel": "Microsoft-Windows-LiveId/Operational", "Provider_Name": "Microsoft-Windows-LiveId", "Computer": "DESKTOP-OFJ6N53", "TimeCreated": "2025-08-22 07:44:55.677357+00:00", "RecordID": "88015", "Level": "4", "UserID": "S-1-5-18", "EventData.Operation": "Service started", "EventData.Details": "The service will auto stop if no requests received for some period of time.", "EventData.Status": "0x00000000"}
{"EventID": "6115", "Channel": "Microsoft-Windows-LiveId/Operational", "Provider_Name": "Microsoft-Windows-LiveId", "Computer": "DESKTOP-OFJ6N53", "TimeCreated": "2025-08-22 07:44:55.837845+00:00", "RecordID": "88016", "Level": "4", "UserID": "S-1-5-19", "EventData.Value": "<s:Envelope><s:Header><wsa:Action s:mustUnderstand=\"1\">*</wsa:Action><wsa:To s:mustUnderstand=\"1\">*</wsa:To><wsa:MessageID>*</wsa:MessageID><ps:AuthInfo Id=\"PPAuthInfo\"><ps:HostingApp>{F0C62012-2CEF-4831-B1F7-930682874C86}</ps:HostingApp><ps:BinaryVersion>24</ps:BinaryVersion><ps:UIVersion>1</ps:UIVersion><ps:InlineUX>TokenBroker</ps:InlineUX><ps:Cookies></ps:Cookies><ps:RequestParams>AQAAAAIAAABsYwQAAAAxMDQ5</ps:RequestParams><ps:WindowsClientString>gkfodOJuvaWN7Khxeg1vNcHQNQrBSfkjx+90ZU2g55E=</ps:WindowsClientString><ps:LicenseSignatureKeyVersion>*</ps:LicenseSignatureKeyVersion><ps:ClientCapabilities>1</ps:ClientCapabilities></ps:AuthInfo><wsse:Security><EncryptedData xmlns=\"http://www.w3.org/2001/04/xmlenc#\" Id=\"devicesoftware\" Type=\"http://www.w3.org/2001/04/xmlenc#Element\"><EncryptionMethod Algorithm=\"http://www.w3.org/2001/04/xmlenc#tripledes-cbc\"></EncryptionMethod><ds:KeyInfo><ds:KeyName>http://Passport.NET/STS</ds:KeyName></ds:KeyInfo><CipherData><CipherValue>*</CipherValue></CipherData></EncryptedData><wssc:DerivedKeyToken wsu:Id=\"SignKey\" Algorithm=\"urn:liveid:SP800108_CTR_HMAC_SHA256_DOUBLEDERIVED\"><wsse:RequestedTokenReference><wsse:KeyIdentifier ValueType=\"http://docs.oasis-open.org/wss/2004/XX/oasis-2004XX-wss-saml-token-profile-1.0#SAMLAssertionID\"/><wsse:Reference URI=\"\"/></wsse:RequestedTokenReference><wssc:Nonce>*</wssc:Nonce></wssc:DerivedKeyToken><wsu:Timestamp wsu:Id=\"Timestamp\"><wsu:Created>2025-08-22T07:44:54Z</wsu:Created><wsu:Expires>2025-08-22T07:49:54Z</wsu:Expires></wsu:Timestamp><Signature xmlns=\"http://www.w3.org/2000/09/xmldsig#\"><SignedInfo><CanonicalizationMethod Algorithm=\"http://www.w3.org/2001/10/xml-exc-c14n#\"></CanonicalizationMethod><SignatureMethod Algorithm=\"http://www.w3.org/2001/04/xmldsig-more#hmac-sha256\"></SignatureMethod><Reference URI=\"#RST0\"><Transforms><Transform Algorithm=\"http://www.w3.org/2001/10/xml-exc-c14n#\"></Transform></Transforms><DigestMethod Algorithm=\"http://www.w3.org/2001/04/xmlenc#sha256\"></DigestMethod><DigestValue>*</DigestValue></Reference><Reference URI=\"#Timestamp\"><Transforms><Transform Algorithm=\"http://www.w3.org/2001/10/xml-exc-c14n#\"></Transform></Transforms><DigestMethod Algorithm=\"http://www.w3.org/2001/04/xmlenc#sha256\"></DigestMethod><DigestValue>*</DigestValue></Reference><Reference URI=\"#PPAuthInfo\"><Transforms><Transform Algorithm=\"http://www.w3.org/2001/10/xml-exc-c14n#\"></Transform></Transforms><DigestMethod Algorithm=\"http://www.w3.org/2001/04/xmlenc#sha256\"></DigestMethod><DigestValue>*</DigestValue></Reference></SignedInfo><SignatureValue>*</SignatureValue><KeyInfo><wsse:SecurityTokenReference><wsse:Reference URI=\"#SignKey\"/></wsse:SecurityTokenReference></KeyInfo></Signature></wsse:Security></s:Header><s:Body><wst:RequestSecurityToken Id=\"RST0\"><wst:RequestType>http://schemas.xmlsoap.org/ws/2005/02/trust/Issue</wst:RequestType><wsp:AppliesTo><wsa:EndpointReference><wsa:Address>www.microsoft.com</wsa:Address></wsa:EndpointReference></wsp:AppliesTo><wsp:PolicyReference URI=\"mbi_ssl\"></wsp:PolicyReference></wst:RequestSecurityToken></s:Body></s:Envelope>"}
{"EventID": "6116", "Channel": "Microsoft-Windows-LiveId/Operational", "Provider_Name": "Microsoft-Windows-LiveId", "Computer": "DESKTOP-OFJ6N53", "TimeCreated": "2025-08-22 07:44:56.731394+00:00", "RecordID": "88017", "Level": "4", "UserID": "S-1-5-19", "EventData.Value": "<S:Envelope><S:Header><wsa:Action wsu:Id=\"Action\" S:mustUnderstand=\"1\">*</wsa:Action><wsa:To wsu:Id=\"To\" S:mustUnderstand=\"1\">*</wsa:To><wsse:Security><wsu:Timestamp wsu:Id=\"TS\"><wsu:Created>2025-08-22T07:44:58Z</wsu:Created><wsu:Expires>2025-08-22T07:49:58Z</wsu:Expires></wsu:Timestamp><wssc:DerivedKeyToken wsu:Id=\"SignKey\" Algorithm=\"urn:liveid:SP800108_CTR_HMAC_SHA256_DOUBLEDERIVED\"><wsse:SecurityTokenReference><wsse:Reference URI=\"6RyowASE6PPodIBGVvoNRLqKOoU=\"></wsse:Reference></wsse:SecurityTokenReference><wssc:Nonce>*</wssc:Nonce></wssc:DerivedKeyToken><wssc:DerivedKeyToken wsu:Id=\"EncKey\" Algorithm=\"urn:liveid:SP800108_CTR_HMAC_SHA256_DOUBLEDERIVED\"><wsse:SecurityTokenReference><wsse:Reference URI=\"6RyowASE6PPodIBGVvoNRLqKOoU=\"></wsse:Reference></wsse:SecurityTokenReference><wssc:Nonce>*</wssc:Nonce></wssc:DerivedKeyToken><Signature xmlns=\"http://www.w3.org/2000/09/xmldsig#\"><SignedInfo><CanonicalizationMethod Algorithm=\"http://www.w3.org/2001/10/xml-exc-c14n#\"></CanonicalizationMethod><SignatureMethod Algorithm=\"http://www.w3.org/2001/04/xmldsig-more#hmac-sha256\"></SignatureMethod><Reference URI=\"#EncPsf\"><Transforms><Transform Algorithm=\"http://www.w3.org/2001/10/xml-exc-c14n#\"></Transform></Transforms><DigestMethod Algorithm=\"http://www.w3.org/2001/04/xmlenc#sha256\"></DigestMethod><DigestValue>*</DigestValue></Reference><Reference URI=\"#Body\"><Transforms><Transform Algorithm=\"http://www.w3.org/2001/10/xml-exc-c14n#\"></Transform></Transforms><DigestMethod Algorithm=\"http://www.w3.org/2001/04/xmlenc#sha256\"></DigestMethod><DigestValue>*</DigestValue></Reference><Reference URI=\"#To\"><Transforms><Transform Algorithm=\"http://www.w3.org/2001/10/xml-exc-c14n#\"></Transform></Transforms><DigestMethod Algorithm=\"http://www.w3.org/2001/04/xmlenc#sha256\"></DigestMethod><DigestValue>*</DigestValue></Reference><Reference URI=\"#Action\"><Transforms><Transform Algorithm=\"http://www.w3.org/2001/10/xml-exc-c14n#\"></Transform></Transforms><DigestMethod Algorithm=\"http://www.w3.org/2001/04/xmlenc#sha256\"></DigestMethod><DigestValue>*</DigestValue></Reference><Reference URI=\"#TS\"><Transforms><Transform Algorithm=\"http://www.w3.org/2001/10/xml-exc-c14n#\"></Transform></Transforms><DigestMethod Algorithm=\"http://www.w3.org/2001/04/xmlenc#sha256\"></DigestMethod><DigestValue>*</DigestValue></Reference></SignedInfo><SignatureValue>*</SignatureValue><KeyInfo><wsse:SecurityTokenReference><wsse:Reference URI=\"#SignKey\"></wsse:Reference></wsse:SecurityTokenReference></KeyInfo></Signature><e:ReferenceList xmlns:e=\"http://www.w3.org/2001/04/xmlenc#\"><e:DataReference URI=\"#RSTR\"/><e:DataReference URI=\"#EncPsf\"/></e:ReferenceList></wsse:Security><psf:EncryptedPP><EncryptedData xmlns=\"http://www.w3.org/2001/04/xmlenc#\" Id=\"EncPsf\" Type=\"http://www.w3.org/2001/04/xmlenc#Element\"><EncryptionMethod Algorithm=\"http://www.w3.org/2001/04/xmlenc#aes256-cbc\"></EncryptionMethod><KeyInfo xmlns=\"http://www.w3.org/2000/09/xmldsig#\"><wsse:SecurityTokenReference><wsse:Reference URI=\"#EncKey\"></wsse:Reference></wsse:SecurityTokenReference></KeyInfo><CipherData><CipherValue>*</CipherValue></CipherData></EncryptedData></psf:EncryptedPP></S:Header><S:Body wsu:Id=\"Body\"><EncryptedData xmlns=\"http://www.w3.org/2001/04/xmlenc#\" Id=\"RSTR\" Type=\"http://www.w3.org/2001/04/xmlenc#Element\"><EncryptionMethod Algorithm=\"http://www.w3.org/2001/04/xmlenc#aes256-cbc\"></EncryptionMethod><KeyInfo xmlns=\"http://www.w3.org/2000/09/xmldsig#\"><wsse:SecurityTokenReference><wsse:Reference URI=\"#EncKey\"></wsse:Reference></wsse:SecurityTokenReference></KeyInfo><CipherData><CipherValue>*</CipherValue></CipherData></EncryptedData></S:Body></S:Envelope>"}
{"EventID": "6117", "Channel": "Microsoft-Windows-LiveId/Operational", "Provider_Name": "Microsoft-Windows-LiveId", "Computer": "DESKTOP-OFJ6N53", "TimeCreated": "2025-08-22 07:44:56.781277+00:00", "RecordID": "88018", "Level": "4", "UserID": "S-1-5-19", "EventData.ResourceURI": "www.microsoft.com", "EventData.Created": "2025-08-22 10:44:58", "EventData.Expires": "2025-08-23 10:44:58", "EventData.TokenType": "urn:passport:compact", "EventData.AuthRequired": "0", "EventData.RequestStatus": "0", "EventData.HasFlowUrl": "False", "EventData.HasAuthUrl": "False", "EventData.HasEndAuthUrl": "False"}
{"EventID": "2024", "Channel": "Microsoft-Windows-LiveId/Operational", "Provider_Name": "Microsoft-Windows-LiveId", "Computer": "DESKTOP-OFJ6N53", "TimeCreated": "2025-08-22 07:47:56.824560+00:00", "RecordID": "88019", "Level": "4", "UserID": "S-1-5-18", "EventData.Operation": "Service stopped", "EventData.Details": "The service has stopped.", "EventData.Status": "0x00000000"}
{"EventID": "2024", "Channel": "Microsoft-Windows-LiveId/Operational", "Provider_Name": "Microsoft-Windows-LiveId", "Computer": "DESKTOP-OFJ6N53", "TimeCreated": "2025-08-22 07:52:27.557461+00:00", "RecordID": "88020", "Level": "4", "UserID": "S-1-5-18", "EventData.Operation": "Service started", "EventData.Details": "The service will auto stop if no requests received for some period of time.", "EventData.Status": "0x00000000"}
{"EventID": "6115", "Channel": "Microsoft-Windows-LiveId/Operational", "Provider_Name": "Microsoft-Windows-LiveId", "Computer": "DESKTOP-OFJ6N53", "TimeCreated": "2025-08-22 07:52:27.723339+00:00", "RecordID": "88021", "Level": "4", "UserID": "S-1-5-18", "EventData.Value": "<s:Envelope><s:Header><wsa:Action s:mustUnderstand=\"1\">*</wsa:Action><wsa:To s:mustUnderstand=\"1\">*</wsa:To><wsa:MessageID>*</wsa:MessageID><ps:AuthInfo Id=\"PPAuthInfo\"><ps:HostingApp>{CA4948B9-35E5-4977-A64A-5C71AA2A26CB}</ps:HostingApp><ps:BinaryVersion>24</ps:BinaryVersion><ps:UIVersion>1</ps:UIVersion><ps:InlineUX>TokenBroker</ps:InlineUX><ps:IsAdmin>1</ps:IsAdmin><ps:Cookies></ps:Cookies><ps:RequestParams>AQAAAAIAAABsYwQAAAAxMDQ5</ps:RequestParams><ps:WindowsClientString>gkfodOJuvaWN7Khxeg1vNcHQNQrBSfkjx+90ZU2g55E=</ps:WindowsClientString><ps:LicenseSignatureKeyVersion>*</ps:LicenseSignatureKeyVersion><ps:ClientCapabilities>1</ps:ClientCapabilities></ps:AuthInfo><wsse:Security><EncryptedData xmlns=\"http://www.w3.org/2001/04/xmlenc#\" Id=\"devicesoftware\" Type=\"http://www.w3.org/2001/04/xmlenc#Element\"><EncryptionMethod Algorithm=\"http://www.w3.org/2001/04/xmlenc#tripledes-cbc\"></EncryptionMethod><ds:KeyInfo><ds:KeyName>http://Passport.NET/STS</ds:KeyName></ds:KeyInfo><CipherData><CipherValue>*</CipherValue></CipherData></EncryptedData><wssc:DerivedKeyToken wsu:Id=\"SignKey\" Algorithm=\"urn:liveid:SP800108_CTR_HMAC_SHA256_DOUBLEDERIVED\"><wsse:RequestedTokenReference><wsse:KeyIdentifier ValueType=\"http://docs.oasis-open.org/wss/2004/XX/oasis-2004XX-wss-saml-token-profile-1.0#SAMLAssertionID\"/><wsse:Reference URI=\"\"/></wsse:RequestedTokenReference><wssc:Nonce>*</wssc:Nonce></wssc:DerivedKeyToken><wsu:Timestamp wsu:Id=\"Timestamp\"><wsu:Created>2025-08-22T07:52:26Z</wsu:Created><wsu:Expires>2025-08-22T07:57:26Z</wsu:Expires></wsu:Timestamp><Signature xmlns=\"http://www.w3.org/2000/09/xmldsig#\"><SignedInfo><CanonicalizationMethod Algorithm=\"http://www.w3.org/2001/10/xml-exc-c14n#\"></CanonicalizationMethod><SignatureMethod Algorithm=\"http://www.w3.org/2001/04/xmldsig-more#hmac-sha256\"></SignatureMethod><Reference URI=\"#RST0\"><Transforms><Transform Algorithm=\"http://www.w3.org/2001/10/xml-exc-c14n#\"></Transform></Transforms><DigestMethod Algorithm=\"http://www.w3.org/2001/04/xmlenc#sha256\"></DigestMethod><DigestValue>*</DigestValue></Reference><Reference URI=\"#Timestamp\"><Transforms><Transform Algorithm=\"http://www.w3.org/2001/10/xml-exc-c14n#\"></Transform></Transforms><DigestMethod Algorithm=\"http://www.w3.org/2001/04/xmlenc#sha256\"></DigestMethod><DigestValue>*</DigestValue></Reference><Reference URI=\"#PPAuthInfo\"><Transforms><Transform Algorithm=\"http://www.w3.org/2001/10/xml-exc-c14n#\"></Transform></Transforms><DigestMethod Algorithm=\"http://www.w3.org/2001/04/xmlenc#sha256\"></DigestMethod><DigestValue>*</DigestValue></Reference></SignedInfo><SignatureValue>*</SignatureValue><KeyInfo><wsse:SecurityTokenReference><wsse:Reference URI=\"#SignKey\"/></wsse:SecurityTokenReference></KeyInfo></Signature></wsse:Security></s:Header><s:Body><wst:RequestSecurityToken Id=\"RST0\"><wst:RequestType>http://schemas.xmlsoap.org/ws/2005/02/trust/Issue</wst:RequestType><wsp:AppliesTo><wsa:EndpointReference><wsa:Address>www.microsoft.com</wsa:Address></wsa:EndpointReference></wsp:AppliesTo><wsp:PolicyReference URI=\"mbi_ssl\"></wsp:PolicyReference></wst:RequestSecurityToken></s:Body></s:Envelope>"}
{"EventID": "6116", "Channel": "Microsoft-Windows-LiveId/Operational", "Provider_Name": "Microsoft-Windows-LiveId", "Computer": "DESKTOP-OFJ6N53", "TimeCreated": "2025-08-22 07:52:28.210604+00:00", "RecordID": "88022", "Level": "4", "UserID": "S-1-5-18", "EventData.Value": "<S:Envelope><S:Header><wsa:Action wsu:Id=\"Action\" S:mustUnderstand=\"1\">*</wsa:Action><wsa:To wsu:Id=\"To\" S:mustUnderstand=\"1\">*</wsa:To><wsse:Security><wsu:Timestamp wsu:Id=\"TS\"><wsu:Created>2025-08-22T07:52:29Z</wsu:Created><wsu:Expires>2025-08-22T07:57:29Z</wsu:Expires></wsu:Timestamp><wssc:DerivedKeyToken wsu:Id=\"SignKey\" Algorithm=\"urn:liveid:SP800108_CTR_HMAC_SHA256_DOUBLEDERIVED\"><wsse:SecurityTokenReference><wsse:Reference URI=\"BjqSnjIiAfqUtYMNT4mVXNvnf+Y=\"></wsse:Reference></wsse:SecurityTokenReference><wssc:Nonce>*</wssc:Nonce></wssc:DerivedKeyToken><wssc:DerivedKeyToken wsu:Id=\"EncKey\" Algorithm=\"urn:liveid:SP800108_CTR_HMAC_SHA256_DOUBLEDERIVED\"><wsse:SecurityTokenReference><wsse:Reference URI=\"BjqSnjIiAfqUtYMNT4mVXNvnf+Y=\"></wsse:Reference></wsse:SecurityTokenReference><wssc:Nonce>*</wssc:Nonce></wssc:DerivedKeyToken><Signature xmlns=\"http://www.w3.org/2000/09/xmldsig#\"><SignedInfo><CanonicalizationMethod Algorithm=\"http://www.w3.org/2001/10/xml-exc-c14n#\"></CanonicalizationMethod><SignatureMethod Algorithm=\"http://www.w3.org/2001/04/xmldsig-more#hmac-sha256\"></SignatureMethod><Reference URI=\"#EncPsf\"><Transforms><Transform Algorithm=\"http://www.w3.org/2001/10/xml-exc-c14n#\"></Transform></Transforms><DigestMethod Algorithm=\"http://www.w3.org/2001/04/xmlenc#sha256\"></DigestMethod><DigestValue>*</DigestValue></Reference><Reference URI=\"#Body\"><Transforms><Transform Algorithm=\"http://www.w3.org/2001/10/xml-exc-c14n#\"></Transform></Transforms><DigestMethod Algorithm=\"http://www.w3.org/2001/04/xmlenc#sha256\"></DigestMethod><DigestValue>*</DigestValue></Reference><Reference URI=\"#To\"><Transforms><Transform Algorithm=\"http://www.w3.org/2001/10/xml-exc-c14n#\"></Transform></Transforms><DigestMethod Algorithm=\"http://www.w3.org/2001/04/xmlenc#sha256\"></DigestMethod><DigestValue>*</DigestValue></Reference><Reference URI=\"#Action\"><Transforms><Transform Algorithm=\"http://www.w3.org/2001/10/xml-exc-c14n#\"></Transform></Transforms><DigestMethod Algorithm=\"http://www.w3.org/2001/04/xmlenc#sha256\"></DigestMethod><DigestValue>*</DigestValue></Reference><Reference URI=\"#TS\"><Transforms><Transform Algorithm=\"http://www.w3.org/2001/10/xml-exc-c14n#\"></Transform></Transforms><DigestMethod Algorithm=\"http://www.w3.org/2001/04/xmlenc#sha256\"></DigestMethod><DigestValue>*</DigestValue></Reference></SignedInfo><SignatureValue>*</SignatureValue><KeyInfo><wsse:SecurityTokenReference><wsse:Reference URI=\"#SignKey\"></wsse:Reference></wsse:SecurityTokenReference></KeyInfo></Signature><e:ReferenceList xmlns:e=\"http://www.w3.org/2001/04/xmlenc#\"><e:DataReference URI=\"#RSTR\"/><e:DataReference URI=\"#EncPsf\"/></e:ReferenceList></wsse:Security><psf:EncryptedPP><EncryptedData xmlns=\"http://www.w3.org/2001/04/xmlenc#\" Id=\"EncPsf\" Type=\"http://www.w3.org/2001/04/xmlenc#Element\"><EncryptionMethod Algorithm=\"http://www.w3.org/2001/04/xmlenc#aes256-cbc\"></EncryptionMethod><KeyInfo xmlns=\"http://www.w3.org/2000/09/xmldsig#\"><wsse:SecurityTokenReference><wsse:Reference URI=\"#EncKey\"></wsse:Reference></wsse:SecurityTokenReference></KeyInfo><CipherData><CipherValue>*</CipherValue></CipherData></EncryptedData></psf:EncryptedPP></S:Header><S:Body wsu:Id=\"Body\"><EncryptedData xmlns=\"http://www.w3.org/2001/04/xmlenc#\" Id=\"RSTR\" Type=\"http://www.w3.org/2001/04/xmlenc#Element\"><EncryptionMethod Algorithm=\"http://www.w3.org/2001/04/xmlenc#aes256-cbc\"></EncryptionMethod><KeyInfo xmlns=\"http://www.w3.org/2000/09/xmldsig#\"><wsse:SecurityTokenReference><wsse:Reference URI=\"#EncKey\"></wsse:Reference></wsse:SecurityTokenReference></KeyInfo><CipherData><CipherValue>*</CipherValue></CipherData></EncryptedData></S:Body></S:Envelope>"}
{"EventID": "6117", "Channel": "Microsoft-Windows-LiveId/Operational", "Provider_Name": "Microsoft-Windows-LiveId", "Computer": "DESKTOP-OFJ6N53", "TimeCreated": "2025-08-22 07:52:28.218426+00:00", "RecordID": "88023", "Level": "4", "UserID": "S-1-5-18", "EventData.ResourceURI": "www.microsoft.com", "EventData.Created": "2025-08-22 10:52:29", "EventData.Expires": "2025-08-23 10:52:29", "EventData.TokenType": "urn:passport:compact", "EventData.AuthRequired": "0", "EventData.RequestStatus": "0", "EventData.HasFlowUrl": "False", "EventData.HasAuthUrl": "False", "EventData.HasEndAuthUrl": "False"}
{"EventID": "6115", "Channel": "Microsoft-Windows-LiveId/Operational", "Provider_Name": "Microsoft-Windows-LiveId", "Computer": "DESKTOP-OFJ6N53", "TimeCreated": "2025-08-22 07:55:01.295679+00:00", "RecordID": "88024", "Level": "4", "UserID": "S-1-5-20", "EventData.Value": "<s:Envelope><s:Header><wsa:Action s:mustUnderstand=\"1\">*</wsa:Action><wsa:To s:mustUnderstand=\"1\">*</wsa:To><wsa:MessageID>*</wsa:MessageID><ps:AuthInfo Id=\"PPAuthInfo\"><ps:HostingApp>{922DF99B-F4C3-4B57-B70A-AA696443101A}</ps:HostingApp><ps:BinaryVersion>24</ps:BinaryVersion><ps:UIVersion>1</ps:UIVersion><ps:InlineUX>TokenBroker</ps:InlineUX><ps:Cookies></ps:Cookies><ps:RequestParams>AQAAAAIAAABsYwQAAAAxMDQ5</ps:RequestParams><ps:WindowsClientString>gkfodOJuvaWN7Khxeg1vNcHQNQrBSfkjx+90ZU2g55E=</ps:WindowsClientString><ps:LicenseSignatureKeyVersion>*</ps:LicenseSignatureKeyVersion><ps:ClientCapabilities>1</ps:ClientCapabilities></ps:AuthInfo><wsse:Security><EncryptedData xmlns=\"http://www.w3.org/2001/04/xmlenc#\" Id=\"devicesoftware\" Type=\"http://www.w3.org/2001/04/xmlenc#Element\"><EncryptionMethod Algorithm=\"http://www.w3.org/2001/04/xmlenc#tripledes-cbc\"></EncryptionMethod><ds:KeyInfo><ds:KeyName>http://Passport.NET/STS</ds:KeyName></ds:KeyInfo><CipherData><CipherValue>*</CipherValue></CipherData></EncryptedData><wssc:DerivedKeyToken wsu:Id=\"SignKey\" Algorithm=\"urn:liveid:SP800108_CTR_HMAC_SHA256_DOUBLEDERIVED\"><wsse:RequestedTokenReference><wsse:KeyIdentifier ValueType=\"http://docs.oasis-open.org/wss/2004/XX/oasis-2004XX-wss-saml-token-profile-1.0#SAMLAssertionID\"/><wsse:Reference URI=\"\"/></wsse:RequestedTokenReference><wssc:Nonce>*</wssc:Nonce></wssc:DerivedKeyToken><wsu:Timestamp wsu:Id=\"Timestamp\"><wsu:Created>2025-08-22T07:55:02Z</wsu:Created><wsu:Expires>2025-08-22T08:00:02Z</wsu:Expires></wsu:Timestamp><Signature xmlns=\"http://www.w3.org/2000/09/xmldsig#\"><SignedInfo><CanonicalizationMethod Algorithm=\"http://www.w3.org/2001/10/xml-exc-c14n#\"></CanonicalizationMethod><SignatureMethod Algorithm=\"http://www.w3.org/2001/04/xmldsig-more#hmac-sha256\"></SignatureMethod><Reference URI=\"#RST0\"><Transforms><Transform Algorithm=\"http://www.w3.org/2001/10/xml-exc-c14n#\"></Transform></Transforms><DigestMethod Algorithm=\"http://www.w3.org/2001/04/xmlenc#sha256\"></DigestMethod><DigestValue>*</DigestValue></Reference><Reference URI=\"#Timestamp\"><Transforms><Transform Algorithm=\"http://www.w3.org/2001/10/xml-exc-c14n#\"></Transform></Transforms><DigestMethod Algorithm=\"http://www.w3.org/2001/04/xmlenc#sha256\"></DigestMethod><DigestValue>*</DigestValue></Reference><Reference URI=\"#PPAuthInfo\"><Transforms><Transform Algorithm=\"http://www.w3.org/2001/10/xml-exc-c14n#\"></Transform></Transforms><DigestMethod Algorithm=\"http://www.w3.org/2001/04/xmlenc#sha256\"></DigestMethod><DigestValue>*</DigestValue></Reference></SignedInfo><SignatureValue>*</SignatureValue><KeyInfo><wsse:SecurityTokenReference><wsse:Reference URI=\"#SignKey\"/></wsse:SecurityTokenReference></KeyInfo></Signature></wsse:Security></s:Header><s:Body><wst:RequestSecurityToken Id=\"RST0\"><wst:RequestType>http://schemas.xmlsoap.org/ws/2005/02/trust/Issue</wst:RequestType><wsp:AppliesTo><wsa:EndpointReference><wsa:Address>474a-87ad-2f9a87615fa3-dc1-tip.cloudapp.net</wsa:Address></wsa:EndpointReference></wsp:AppliesTo><wsp:PolicyReference URI=\"MBI_SSL\"></wsp:PolicyReference></wst:RequestSecurityToken></s:Body></s:Envelope>"}
{"EventID": "6116", "Channel": "Microsoft-Windows-LiveId/Operational", "Provider_Name": "Microsoft-Windows-LiveId", "Computer": "DESKTOP-OFJ6N53", "TimeCreated": "2025-08-22 07:55:01.830767+00:00", "RecordID": "88025", "Level": "4", "UserID": "S-1-5-20", "EventData.Value": "<S:Envelope><S:Header><wsa:Action wsu:Id=\"Action\" S:mustUnderstand=\"1\">*</wsa:Action><wsa:To wsu:Id=\"To\" S:mustUnderstand=\"1\">*</wsa:To><wsse:Security><wsu:Timestamp wsu:Id=\"TS\"><wsu:Created>2025-08-22T07:55:03Z</wsu:Created><wsu:Expires>2025-08-22T08:00:03Z</wsu:Expires></wsu:Timestamp><wssc:DerivedKeyToken wsu:Id=\"SignKey\" Algorithm=\"urn:liveid:SP800108_CTR_HMAC_SHA256_DOUBLEDERIVED\"><wsse:SecurityTokenReference><wsse:Reference URI=\"osi+YTQWroJasAbtlr0iEDecYEs=\"></wsse:Reference></wsse:SecurityTokenReference><wssc:Nonce>*</wssc:Nonce></wssc:DerivedKeyToken><wssc:DerivedKeyToken wsu:Id=\"EncKey\" Algorithm=\"urn:liveid:SP800108_CTR_HMAC_SHA256_DOUBLEDERIVED\"><wsse:SecurityTokenReference><wsse:Reference URI=\"osi+YTQWroJasAbtlr0iEDecYEs=\"></wsse:Reference></wsse:SecurityTokenReference><wssc:Nonce>*</wssc:Nonce></wssc:DerivedKeyToken><Signature xmlns=\"http://www.w3.org/2000/09/xmldsig#\"><SignedInfo><CanonicalizationMethod Algorithm=\"http://www.w3.org/2001/10/xml-exc-c14n#\"></CanonicalizationMethod><SignatureMethod Algorithm=\"http://www.w3.org/2001/04/xmldsig-more#hmac-sha256\"></SignatureMethod><Reference URI=\"#EncPsf\"><Transforms><Transform Algorithm=\"http://www.w3.org/2001/10/xml-exc-c14n#\"></Transform></Transforms><DigestMethod Algorithm=\"http://www.w3.org/2001/04/xmlenc#sha256\"></DigestMethod><DigestValue>*</DigestValue></Reference><Reference URI=\"#Body\"><Transforms><Transform Algorithm=\"http://www.w3.org/2001/10/xml-exc-c14n#\"></Transform></Transforms><DigestMethod Algorithm=\"http://www.w3.org/2001/04/xmlenc#sha256\"></DigestMethod><DigestValue>*</DigestValue></Reference><Reference URI=\"#To\"><Transforms><Transform Algorithm=\"http://www.w3.org/2001/10/xml-exc-c14n#\"></Transform></Transforms><DigestMethod Algorithm=\"http://www.w3.org/2001/04/xmlenc#sha256\"></DigestMethod><DigestValue>*</DigestValue></Reference><Reference URI=\"#Action\"><Transforms><Transform Algorithm=\"http://www.w3.org/2001/10/xml-exc-c14n#\"></Transform></Transforms><DigestMethod Algorithm=\"http://www.w3.org/2001/04/xmlenc#sha256\"></DigestMethod><DigestValue>*</DigestValue></Reference><Reference URI=\"#TS\"><Transforms><Transform Algorithm=\"http://www.w3.org/2001/10/xml-exc-c14n#\"></Transform></Transforms><DigestMethod Algorithm=\"http://www.w3.org/2001/04/xmlenc#sha256\"></DigestMethod><DigestValue>*</DigestValue></Reference></SignedInfo><SignatureValue>*</SignatureValue><KeyInfo><wsse:SecurityTokenReference><wsse:Reference URI=\"#SignKey\"></wsse:Reference></wsse:SecurityTokenReference></KeyInfo></Signature><e:ReferenceList xmlns:e=\"http://www.w3.org/2001/04/xmlenc#\"><e:DataReference URI=\"#RSTR\"/><e:DataReference URI=\"#EncPsf\"/></e:ReferenceList></wsse:Security><psf:EncryptedPP><EncryptedData xmlns=\"http://www.w3.org/2001/04/xmlenc#\" Id=\"EncPsf\" Type=\"http://www.w3.org/2001/04/xmlenc#Element\"><EncryptionMethod Algorithm=\"http://www.w3.org/2001/04/xmlenc#aes256-cbc\"></EncryptionMethod><KeyInfo xmlns=\"http://www.w3.org/2000/09/xmldsig#\"><wsse:SecurityTokenReference><wsse:Reference URI=\"#EncKey\"></wsse:Reference></wsse:SecurityTokenReference></KeyInfo><CipherData><CipherValue>*</CipherValue></CipherData></EncryptedData></psf:EncryptedPP></S:Header><S:Body wsu:Id=\"Body\"><EncryptedData xmlns=\"http://www.w3.org/2001/04/xmlenc#\" Id=\"RSTR\" Type=\"http://www.w3.org/2001/04/xmlenc#Element\"><EncryptionMethod Algorithm=\"http://www.w3.org/2001/04/xmlenc#aes256-cbc\"></EncryptionMethod><KeyInfo xmlns=\"http://www.w3.org/2000/09/xmldsig#\"><wsse:SecurityTokenReference><wsse:Reference URI=\"#EncKey\"></wsse:Reference></wsse:SecurityTokenReference></KeyInfo><CipherData><CipherValue>*</CipherValue></CipherData></EncryptedData></S:Body></S:Envelope>"}
{"EventID": "6117", "Channel": "Microsoft-Windows-LiveId/Operational", "Provider_Name": "Microsoft-Windows-LiveId", "Computer": "DESKTOP-OFJ6N53", "TimeCreated": "2025-08-22 07:55:01.831690+00:00", "RecordID": "88026", "Level": "4", "UserID": "S-1-5-20", "EventData.ResourceURI": "474a-87ad-2f9a87615fa3-dc1-tip.cloudapp.net", "EventData.Created": "2025-08-22 10:55:03", "EventData.Expires": "2025-08-23 10:55:03", "EventData.TokenType": "urn:passport:compact", "EventData.AuthRequired": "0", "EventData.RequestStatus": "0", "EventData.HasFlowUrl": "False", "EventData.HasAuthUrl": "False", "EventData.HasEndAuthUrl": "False"}
{"EventID": "2024", "Channel": "Microsoft-Windows-LiveId/Operational", "Provider_Name": "Microsoft-Windows-LiveId", "Computer": "DESKTOP-OFJ6N53", "TimeCreated": "2025-08-22 07:58:01.860235+00:00", "RecordID": "88027", "Level": "4", "UserID": "S-1-5-18", "EventData.Operation": "Service stopped", "EventData.Details": "The service has stopped.", "EventData.Status": "0x00000000"}
{"EventID": "2024", "Channel": "Microsoft-Windows-LiveId/Operational", "Provider_Name": "Microsoft-Windows-LiveId", "Computer": "DESKTOP-OFJ6N53", "TimeCreated": "2025-08-22 09:14:27.706303+00:00", "RecordID": "88028", "Level": "4", "UserID": "S-1-5-18", "EventData.Operation": "Service started", "EventData.Details": "The service will auto stop if no requests received for some period of time.", "EventData.Status": "0x00000000"}
