{"EventID": "101", "Channel": "Microsoft-Windows-Diagnostics-Performance/Operational", "Provider_Name": "Microsoft-Windows-Diagnostics-Performance", "Computer": "DESKTOP-OFJ6N53", "TimeCreated": "2025-08-12 12:21:33.798887+00:00", "RecordID": "566", "Level": "3", "UserID": "S-1-5-19", "EventData.StartTime": "2025-08-12 12:17:20.130009+00:00", "EventData.NameLength": "15", "EventData.Name": "EFRService.exe", "EventData.FriendlyNameLength": "47", "EventData.FriendlyName": "Check Point Endpoint Forensic Recorder service", "EventData.VersionLength": "10", "EventData.Version": "868731001", "EventData.TotalTime": "26430", "EventData.DegradationTime": "23930", "EventData.PathLength": "71", "EventData.Path": "C:\\Program Files (x86)\\CheckPoint\\Endpoint Security\\EFR\\EFRService.exe", "EventData.ProductNameLength": "19", "EventData.ProductName": "End Point Security", "EventData.CompanyNameLength": "39", "EventData.CompanyName": "Check Point Software Technologies Ltd."}
{"EventID": "101", "Channel": "Microsoft-Windows-Diagnostics-Performance/Operational", "Provider_Name": "Microsoft-Windows-Diagnostics-Performance", "Computer": "DESKTOP-OFJ6N53", "TimeCreated": "2025-08-12 12:21:33.798893+00:00", "RecordID": "567", "Level": "3", "UserID": "S-1-5-19", "EventData.StartTime": "2025-08-12 12:17:20.130009+00:00", "EventData.NameLength": "13", "EventData.Name": "epab_svc.exe", "EventData.FriendlyNameLength": "46", "EventData.FriendlyName": "Check Point Endpoint Security AntiBot Service", "EventData.VersionLength": "10", "EventData.Version": "868731001", "EventData.TotalTime": "22909", "EventData.DegradationTime": "20409", "EventData.PathLength": "73", "EventData.Path": "C:\\Program Files (x86)\\CheckPoint\\Endpoint Security\\AntiBot\\epab_svc.exe", "EventData.ProductNameLength": "19", "EventData.ProductName": "End Point Security", "EventData.CompanyNameLength": "39", "EventData.CompanyName": "Check Point Software Technologies Ltd."}
{"EventID": "101", "Channel": "Microsoft-Windows-Diagnostics-Performance/Operational", "Provider_Name": "Microsoft-Windows-Diagnostics-Performance", "Computer": "DESKTOP-OFJ6N53", "TimeCreated": "2025-08-12 12:21:33.798903+00:00", "RecordID": "568", "Level": "3", "UserID": "S-1-5-19", "EventData.StartTime": "2025-08-12 12:17:20.130009+00:00", "EventData.NameLength": "26", "EventData.Name": "IDAFServerHostService.exe", "EventData.FriendlyNameLength": "61", "EventData.FriendlyName": "Check Point Device Auxiliary Framework for Endpoint Security", "EventData.VersionLength": "10", "EventData.Version": "868731001", "EventData.TotalTime": "21866", "EventData.DegradationTime": "19366", "EventData.PathLength": "98", "EventData.Path": "C:\\Program Files (x86)\\CheckPoint\\Endpoint Security\\Endpoint Common\\bin\\IDAFServerHostService.exe", "EventData.ProductNameLength": "19", "EventData.ProductName": "End Point Security", "EventData.CompanyNameLength": "39", "EventData.CompanyName": "Check Point Software Technologies Ltd."}
{"EventID": "101", "Channel": "Microsoft-Windows-Diagnostics-Performance/Operational", "Provider_Name": "Microsoft-Windows-Diagnostics-Performance", "Computer": "DESKTOP-OFJ6N53", "TimeCreated": "2025-08-12 12:21:33.798908+00:00", "RecordID": "569", "Level": "3", "UserID": "S-1-5-19", "EventData.StartTime": "2025-08-12 12:17:20.130009+00:00", "EventData.NameLength": "12", "EventData.Name": "svchost.exe", "EventData.FriendlyNameLength": "31", "EventData.FriendlyName": "Хост-процесс для служб Windows", "EventData.VersionLength": "39", "EventData.Version": "10.0.19041.4522 (WinBuild.160101.0800)", "EventData.TotalTime": "14421", "EventData.DegradationTime": "9674", "EventData.PathLength": "32", "EventData.Path": "C:\\Windows\\System32\\svchost.exe", "EventData.ProductNameLength": "41", "EventData.ProductName": "Операционная система Microsoft® Windows®", "EventData.CompanyNameLength": "22", "EventData.CompanyName": "Microsoft Corporation"}
{"EventID": "101", "Channel": "Microsoft-Windows-Diagnostics-Performance/Operational", "Provider_Name": "Microsoft-Windows-Diagnostics-Performance", "Computer": "DESKTOP-OFJ6N53", "TimeCreated": "2025-08-12 12:21:33.798916+00:00", "RecordID": "570", "Level": "3", "UserID": "S-1-5-19", "EventData.StartTime": "2025-08-12 12:17:20.130009+00:00", "EventData.NameLength": "13", "EventData.Name": "cptrayUI.exe", "EventData.FriendlyNameLength": "30", "EventData.FriendlyName": "Check Point Endpoint Security", "EventData.VersionLength": "13", "EventData.Version": "8.68.73.0005", "EventData.TotalTime": "10581", "EventData.DegradationTime": "8081", "EventData.PathLength": "81", "EventData.Path": "C:\\Program Files (x86)\\CheckPoint\\Endpoint Security\\UIFramework\\Bin\\cptrayUI.exe", "EventData.ProductNameLength": "9", "EventData.ProductName": "cptrayUI", "EventData.CompanyNameLength": "39", "EventData.CompanyName": "Check Point Software Technologies Ltd."}
{"EventID": "101", "Channel": "Microsoft-Windows-Diagnostics-Performance/Operational", "Provider_Name": "Microsoft-Windows-Diagnostics-Performance", "Computer": "DESKTOP-OFJ6N53", "TimeCreated": "2025-08-12 12:21:33.798923+00:00", "RecordID": "571", "Level": "3", "UserID": "S-1-5-19", "EventData.StartTime": "2025-08-12 12:17:20.130009+00:00", "EventData.NameLength": "13", "EventData.Name": "vpnagent.exe", "EventData.FriendlyNameLength": "18", "EventData.FriendlyName": "VPN Agent Service", "EventData.VersionLength": "13", "EventData.Version": "4, 10, 08029", "EventData.TotalTime": "2600", "EventData.DegradationTime": "1193", "EventData.PathLength": "82", "EventData.Path": "C:\\Program Files (x86)\\Cisco\\Cisco AnyConnect Secure Mobility Client\\vpnagent.exe", "EventData.ProductNameLength": "40", "EventData.ProductName": "Cisco AnyConnect Secure Mobility Client", "EventData.CompanyNameLength": "20", "EventData.CompanyName": "Cisco Systems, Inc."}
{"EventID": "101", "Channel": "Microsoft-Windows-Diagnostics-Performance/Operational", "Provider_Name": "Microsoft-Windows-Diagnostics-Performance", "Computer": "DESKTOP-OFJ6N53", "TimeCreated": "2025-08-12 12:21:33.798929+00:00", "RecordID": "572", "Level": "3", "UserID": "S-1-5-19", "EventData.StartTime": "2025-08-12 12:17:20.130009+00:00", "EventData.NameLength": "13", "EventData.Name": "services.exe", "EventData.FriendlyNameLength": "32", "EventData.FriendlyName": "Приложение служб и контроллеров", "EventData.VersionLength": "39", "EventData.Version": "10.0.19041.4522 (WinBuild.160101.0800)", "EventData.TotalTime": "1310", "EventData.DegradationTime": "1047", "EventData.PathLength": "33", "EventData.Path": "C:\\Windows\\System32\\services.exe", "EventData.ProductNameLength": "41", "EventData.ProductName": "Операционная система Microsoft® Windows®", "EventData.CompanyNameLength": "22", "EventData.CompanyName": "Microsoft Corporation"}
{"EventID": "200", "Channel": "Microsoft-Windows-Diagnostics-Performance/Operational", "Provider_Name": "Microsoft-Windows-Diagnostics-Performance", "Computer": "DESKTOP-OFJ6N53", "TimeCreated": "2025-08-13 14:45:08.268299+00:00", "RecordID": "573", "Level": "1", "UserID": "S-1-5-19", "EventData.ShutdownTsVersion": "1", "EventData.ShutdownStartTime": "2025-08-13 14:36:06.304153+00:00", "EventData.ShutdownEndTime": "2025-08-13 14:39:30.877216+00:00", "EventData.ShutdownTime": "204573", "EventData.ShutdownUserSessionTime": "7977", "EventData.ShutdownUserPolicyTime": "5", "EventData.ShutdownUserProfilesTime": "419", "EventData.ShutdownSystemSessionsTime": "193282", "EventData.ShutdownPreShutdownNotificationsTime": "188065", "EventData.ShutdownServicesTime": "5039", "EventData.ShutdownKernelTime": "3312", "EventData.ShutdownRootCauseStepImprovementBits": "0", "EventData.ShutdownRootCauseGradualImprovementBits": "0", "EventData.ShutdownRootCauseStepDegradationBits": "1", "EventData.ShutdownRootCauseGradualDegradationBits": "0", "EventData.ShutdownIsDegradation": "True", "EventData.ShutdownTimeChange": "33769"}
{"EventID": "100", "Channel": "Microsoft-Windows-Diagnostics-Performance/Operational", "Provider_Name": "Microsoft-Windows-Diagnostics-Performance", "Computer": "DESKTOP-OFJ6N53", "TimeCreated": "2025-08-13 14:45:09.009661+00:00", "RecordID": "574", "Level": "1", "UserID": "S-1-5-19", "EventData.BootTsVersion": "2", "EventData.BootStartTime": "2025-08-13 14:39:40.803741+00:00", "EventData.BootEndTime": "2025-08-13 14:44:39.480907+00:00", "EventData.SystemBootInstance": "77", "EventData.UserBootInstance": "77", "EventData.BootTime": "298084", "EventData.MainPathBootTime": "246411", "EventData.BootKernelInitTime": "77", "EventData.BootDriverInitTime": "2453", "EventData.BootDevicesInitTime": "5673", "EventData.BootPrefetchInitTime": "0", "EventData.BootPrefetchBytes": "0", "EventData.BootAutoChkTime": "0", "EventData.BootSmssInitTime": "3432", "EventData.BootCriticalServicesInitTime": "4826", "EventData.BootUserProfileProcessingTime": "6268", "EventData.BootMachineProfileProcessingTime": "1", "EventData.BootExplorerInitTime": "44436", "EventData.BootNumStartupApps": "26", "EventData.BootPostBootTime": "51673", "EventData.BootIsRebootAfterInstall": "False", "EventData.BootRootCauseStepImprovementBits": "0", "EventData.BootRootCauseGradualImprovementBits": "0", "EventData.BootRootCauseStepDegradationBits": "0", "EventData.BootRootCauseGradualDegradationBits": "0", "EventData.BootIsDegradation": "False", "EventData.BootIsStepDegradation": "False", "EventData.BootIsGradualDegradation": "False", "EventData.BootImprovementDelta": "0", "EventData.BootDegradationDelta": "0", "EventData.BootIsRootCauseIdentified": "False", "EventData.OSLoaderDuration": "1410", "EventData.BootPNPInitStartTimeMS": "77", "EventData.BootPNPInitDuration": "4987", "EventData.OtherKernelInitDuration": "2175", "EventData.SystemPNPInitStartTimeMS": "7124", "EventData.SystemPNPInitDuration": "1657", "EventData.SessionInitStartTimeMS": "8820", "EventData.Session0InitDuration": "648", "EventData.Session1InitDuration": "145", "EventData.SessionInitOtherDuration": "2638", "EventData.WinLogonStartTimeMS": "12253", "EventData.OtherLogonInitActivityDuration": "183453", "EventData.UserLogonWaitDuration": "592"}
{"EventID": "101", "Channel": "Microsoft-Windows-Diagnostics-Performance/Operational", "Provider_Name": "Microsoft-Windows-Diagnostics-Performance", "Computer": "DESKTOP-OFJ6N53", "TimeCreated": "2025-08-13 14:45:09.009672+00:00", "RecordID": "575", "Level": "2", "UserID": "S-1-5-19", "EventData.StartTime": "2025-08-13 14:39:40.803741+00:00", "EventData.NameLength": "12", "EventData.Name": "MsMpEng.exe", "EventData.FriendlyNameLength": "31", "EventData.FriendlyName": "Antimalware Service Executable", "EventData.VersionLength": "56", "EventData.Version": "4.18.25070.5 (1bc206b886f4747b112648744606a95aff69f1cf)", "EventData.TotalTime": "112563", "EventData.DegradationTime": "104063", "EventData.PathLength": "78", "EventData.Path": "C:\\ProgramData\\Microsoft\\Windows Defender\\Platform\\4.18.25070.5-0\\MsMpEng.exe", "EventData.ProductNameLength": "37", "EventData.ProductName": "Microsoft® Windows® Operating System", "EventData.CompanyNameLength": "22", "EventData.CompanyName": "Microsoft Corporation"}
{"EventID": "101", "Channel": "Microsoft-Windows-Diagnostics-Performance/Operational", "Provider_Name": "Microsoft-Windows-Diagnostics-Performance", "Computer": "DESKTOP-OFJ6N53", "TimeCreated": "2025-08-13 14:45:09.009684+00:00", "RecordID": "576", "Level": "3", "UserID": "S-1-5-19", "EventData.StartTime": "2025-08-13 14:39:40.803741+00:00", "EventData.NameLength": "10", "EventData.Name": "vsmon.exe", "EventData.FriendlyNameLength": "49", "EventData.FriendlyName": "Check Point Endpoint Security Network Protection", "EventData.VersionLength": "10", "EventData.Version": "868731001", "EventData.TotalTime": "9434", "EventData.DegradationTime": "4434", "EventData.PathLength": "39", "EventData.Path": "C:\\Windows\\SysWOW64\\Zonelabs\\vsmon.exe", "EventData.ProductNameLength": "19", "EventData.ProductName": "End Point Security", "EventData.CompanyNameLength": "39", "EventData.CompanyName": "Check Point Software Technologies Ltd."}
{"EventID": "101", "Channel": "Microsoft-Windows-Diagnostics-Performance/Operational", "Provider_Name": "Microsoft-Windows-Diagnostics-Performance", "Computer": "DESKTOP-OFJ6N53", "TimeCreated": "2025-08-13 14:45:09.009693+00:00", "RecordID": "577", "Level": "3", "UserID": "S-1-5-19", "EventData.StartTime": "2025-08-13 14:39:40.803741+00:00", "EventData.NameLength": "21", "EventData.Name": "IntegrityService.exe", "EventData.FriendlyNameLength": "1", "EventData.FriendlyName": null, "EventData.VersionLength": "1", "EventData.Version": null, "EventData.TotalTime": "8652", "EventData.DegradationTime": "3652", "EventData.PathLength": "73", "EventData.Path": "C:\\Program Files\\Security Code\\Continent ZTN Client\\IntegrityService.exe", "EventData.ProductNameLength": "1", "EventData.ProductName": null, "EventData.CompanyNameLength": "1", "EventData.CompanyName": null}
{"EventID": "101", "Channel": "Microsoft-Windows-Diagnostics-Performance/Operational", "Provider_Name": "Microsoft-Windows-Diagnostics-Performance", "Computer": "DESKTOP-OFJ6N53", "TimeCreated": "2025-08-13 14:45:09.009701+00:00", "RecordID": "578", "Level": "3", "UserID": "S-1-5-19", "EventData.StartTime": "2025-08-13 14:39:40.803741+00:00", "EventData.NameLength": "10", "EventData.Name": "vpnui.exe", "EventData.FriendlyNameLength": "32", "EventData.FriendlyName": "Cisco AnyConnect User Interface", "EventData.VersionLength": "13", "EventData.Version": "4, 10, 08029", "EventData.TotalTime": "8537", "EventData.DegradationTime": "3537", "EventData.PathLength": "79", "EventData.Path": "C:\\Program Files (x86)\\Cisco\\Cisco AnyConnect Secure Mobility Client\\vpnui.exe", "EventData.ProductNameLength": "40", "EventData.ProductName": "Cisco AnyConnect Secure Mobility Client", "EventData.CompanyNameLength": "20", "EventData.CompanyName": "Cisco Systems, Inc."}
{"EventID": "101", "Channel": "Microsoft-Windows-Diagnostics-Performance/Operational", "Provider_Name": "Microsoft-Windows-Diagnostics-Performance", "Computer": "DESKTOP-OFJ6N53", "TimeCreated": "2025-08-13 14:45:09.009708+00:00", "RecordID": "579", "Level": "3", "UserID": "S-1-5-19", "EventData.StartTime": "2025-08-13 14:39:40.803741+00:00", "EventData.NameLength": "14", "EventData.Name": "assistant.exe", "EventData.FriendlyNameLength": "12", "EventData.FriendlyName": "Ассистент 5", "EventData.VersionLength": "13", "EventData.Version": "5.6.2408.601", "EventData.TotalTime": "4509", "EventData.DegradationTime": "1975", "EventData.PathLength": "47", "EventData.Path": "C:\\Program Files (x86)\\Ассистент\\assistant.exe", "EventData.ProductNameLength": "10", "EventData.ProductName": "Ассистент", "EventData.CompanyNameLength": "12", "EventData.CompanyName": "ООО «САФИБ»"}
{"EventID": "101", "Channel": "Microsoft-Windows-Diagnostics-Performance/Operational", "Provider_Name": "Microsoft-Windows-Diagnostics-Performance", "Computer": "DESKTOP-OFJ6N53", "TimeCreated": "2025-08-13 14:45:09.009716+00:00", "RecordID": "580", "Level": "3", "UserID": "S-1-5-19", "EventData.StartTime": "2025-08-13 14:39:40.803741+00:00", "EventData.NameLength": "9", "EventData.Name": "java.exe", "EventData.FriendlyNameLength": "28", "EventData.FriendlyName": "Java(TM) Platform SE binary", "EventData.VersionLength": "12", "EventData.Version": "8.0.4610.11", "EventData.TotalTime": "6741", "EventData.DegradationTime": "1741", "EventData.PathLength": "54", "EventData.Path": "C:\\Program Files (x86)\\Java\\jre1.8.0_461\\bin\\java.exe", "EventData.ProductNameLength": "23", "EventData.ProductName": "Java(TM) Platform SE 8", "EventData.CompanyNameLength": "19", "EventData.CompanyName": "Oracle Corporation"}
{"EventID": "101", "Channel": "Microsoft-Windows-Diagnostics-Performance/Operational", "Provider_Name": "Microsoft-Windows-Diagnostics-Performance", "Computer": "DESKTOP-OFJ6N53", "TimeCreated": "2025-08-13 14:45:09.009724+00:00", "RecordID": "581", "Level": "3", "UserID": "S-1-5-19", "EventData.StartTime": "2025-08-13 14:39:40.803741+00:00", "EventData.NameLength": "26", "EventData.Name": "IDAFServerHostService.exe", "EventData.FriendlyNameLength": "61", "EventData.FriendlyName": "Check Point Device Auxiliary Framework for Endpoint Security", "EventData.VersionLength": "10", "EventData.Version": "868731001", "EventData.TotalTime": "6362", "EventData.DegradationTime": "1362", "EventData.PathLength": "98", "EventData.Path": "C:\\Program Files (x86)\\CheckPoint\\Endpoint Security\\Endpoint Common\\bin\\IDAFServerHostService.exe", "EventData.ProductNameLength": "19", "EventData.ProductName": "End Point Security", "EventData.CompanyNameLength": "39", "EventData.CompanyName": "Check Point Software Technologies Ltd."}
{"EventID": "101", "Channel": "Microsoft-Windows-Diagnostics-Performance/Operational", "Provider_Name": "Microsoft-Windows-Diagnostics-Performance", "Computer": "DESKTOP-OFJ6N53", "TimeCreated": "2025-08-13 14:45:09.009731+00:00", "RecordID": "582", "Level": "3", "UserID": "S-1-5-19", "EventData.StartTime": "2025-08-13 14:39:40.803741+00:00", "EventData.NameLength": "20", "EventData.Name": "MoUsoCoreWorker.exe", "EventData.FriendlyNameLength": "26", "EventData.FriendlyName": "MoUSO Core Worker Process", "EventData.VersionLength": "39", "EventData.Version": "10.0.19041.5848 (WinBuild.160101.0800)", "EventData.TotalTime": "2113", "EventData.DegradationTime": "1113", "EventData.PathLength": "40", "EventData.Path": "C:\\Windows\\System32\\MoUsoCoreWorker.exe", "EventData.ProductNameLength": "37", "EventData.ProductName": "Microsoft® Windows® Operating System", "EventData.CompanyNameLength": "22", "EventData.CompanyName": "Microsoft Corporation"}
{"EventID": "101", "Channel": "Microsoft-Windows-Diagnostics-Performance/Operational", "Provider_Name": "Microsoft-Windows-Diagnostics-Performance", "Computer": "DESKTOP-OFJ6N53", "TimeCreated": "2025-08-13 14:45:09.009739+00:00", "RecordID": "583", "Level": "3", "UserID": "S-1-5-19", "EventData.StartTime": "2025-08-13 14:39:40.803741+00:00", "EventData.NameLength": "13", "EventData.Name": "TiWorker.exe", "EventData.FriendlyNameLength": "33", "EventData.FriendlyName": "Windows Modules Installer Worker", "EventData.VersionLength": "39", "EventData.Version": "10.0.19041.6151 (WinBuild.160101.0800)", "EventData.TotalTime": "1489", "EventData.DegradationTime": "489", "EventData.PathLength": "125", "EventData.Path": "C:\\Windows\\WinSxS\\amd64_microsoft-windows-servicingstack_31bf3856ad364e35_10.0.19041.6151_none_7e2f7fd67c740ce3\\TiWorker.exe", "EventData.ProductNameLength": "37", "EventData.ProductName": "Microsoft® Windows® Operating System", "EventData.CompanyNameLength": "22", "EventData.CompanyName": "Microsoft Corporation"}
{"EventID": "200", "Channel": "Microsoft-Windows-Diagnostics-Performance/Operational", "Provider_Name": "Microsoft-Windows-Diagnostics-Performance", "Computer": "DESKTOP-OFJ6N53", "TimeCreated": "2025-08-19 07:20:51.619102+00:00", "RecordID": "584", "Level": "3", "UserID": "S-1-5-19", "EventData.ShutdownTsVersion": "1", "EventData.ShutdownStartTime": "2025-08-19 07:17:46.791555+00:00", "EventData.ShutdownEndTime": "2025-08-19 07:18:29.111675+00:00", "EventData.ShutdownTime": "42320", "EventData.ShutdownUserSessionTime": "4325", "EventData.ShutdownUserPolicyTime": "72", "EventData.ShutdownUserProfilesTime": "141", "EventData.ShutdownSystemSessionsTime": "27684", "EventData.ShutdownPreShutdownNotificationsTime": "22568", "EventData.ShutdownServicesTime": "4986", "EventData.ShutdownKernelTime": "10310", "EventData.ShutdownRootCauseStepImprovementBits": "0", "EventData.ShutdownRootCauseGradualImprovementBits": "0", "EventData.ShutdownRootCauseStepDegradationBits": "32", "EventData.ShutdownRootCauseGradualDegradationBits": "32", "EventData.ShutdownIsDegradation": "True", "EventData.ShutdownTimeChange": "0"}
{"EventID": "203", "Channel": "Microsoft-Windows-Diagnostics-Performance/Operational", "Provider_Name": "Microsoft-Windows-Diagnostics-Performance", "Computer": "DESKTOP-OFJ6N53", "TimeCreated": "2025-08-19 07:20:51.620054+00:00", "RecordID": "585", "Level": "3", "UserID": "S-1-5-19", "EventData.StartTime": "2025-08-19 07:17:46.791555+00:00", "EventData.NameLength": "9", "EventData.Name": "vpnproxy", "EventData.FriendlyNameLength": "0", "EventData.FriendlyName": null, "EventData.VersionLength": "0", "EventData.Version": null, "EventData.TotalTime": "1172", "EventData.DegradationTime": "1322", "EventData.PathLength": "53", "EventData.Path": "\"c:\\program files (x86)\\s-terra client\\vpnproxy.exe\"", "EventData.ProductNameLength": "0", "EventData.ProductName": null, "EventData.CompanyNameLength": "0", "EventData.CompanyName": null}
{"EventID": "100", "Channel": "Microsoft-Windows-Diagnostics-Performance/Operational", "Provider_Name": "Microsoft-Windows-Diagnostics-Performance", "Computer": "DESKTOP-OFJ6N53", "TimeCreated": "2025-08-19 07:20:53.578993+00:00", "RecordID": "586", "Level": "2", "UserID": "S-1-5-19", "EventData.BootTsVersion": "2", "EventData.BootStartTime": "2025-08-19 07:18:40.906830+00:00", "EventData.BootEndTime": "2025-08-19 07:20:45.941265+00:00", "EventData.SystemBootInstance": "78", "EventData.UserBootInstance": "78", "EventData.BootTime": "124313", "EventData.MainPathBootTime": "68706", "EventData.BootKernelInitTime": "100", "EventData.BootDriverInitTime": "2126", "EventData.BootDevicesInitTime": "5225", "EventData.BootPrefetchInitTime": "0", "EventData.BootPrefetchBytes": "0", "EventData.BootAutoChkTime": "0", "EventData.BootSmssInitTime": "2380", "EventData.BootCriticalServicesInitTime": "2665", "EventData.BootUserProfileProcessingTime": "17364", "EventData.BootMachineProfileProcessingTime": "74", "EventData.BootExplorerInitTime": "38889", "EventData.BootNumStartupApps": "29", "EventData.BootPostBootTime": "55607", "EventData.BootIsRebootAfterInstall": "False", "EventData.BootRootCauseStepImprovementBits": "256", "EventData.BootRootCauseGradualImprovementBits": "256", "EventData.BootRootCauseStepDegradationBits": "0", "EventData.BootRootCauseGradualDegradationBits": "0", "EventData.BootIsDegradation": "False", "EventData.BootIsStepDegradation": "False", "EventData.BootIsGradualDegradation": "False", "EventData.BootImprovementDelta": "0", "EventData.BootDegradationDelta": "0", "EventData.BootIsRootCauseIdentified": "True", "EventData.OSLoaderDuration": "1377", "EventData.BootPNPInitStartTimeMS": "100", "EventData.BootPNPInitDuration": "4461", "EventData.OtherKernelInitDuration": "2257", "EventData.SystemPNPInitStartTimeMS": "6689", "EventData.SystemPNPInitDuration": "1380", "EventData.SessionInitStartTimeMS": "8099", "EventData.Session0InitDuration": "513", "EventData.Session1InitDuration": "105", "EventData.SessionInitOtherDuration": "1761", "EventData.WinLogonStartTimeMS": "10479", "EventData.OtherLogonInitActivityDuration": "1898", "EventData.UserLogonWaitDuration": "722"}
{"EventID": "101", "Channel": "Microsoft-Windows-Diagnostics-Performance/Operational", "Provider_Name": "Microsoft-Windows-Diagnostics-Performance", "Computer": "DESKTOP-OFJ6N53", "TimeCreated": "2025-08-19 07:20:53.579012+00:00", "RecordID": "587", "Level": "2", "UserID": "S-1-5-19", "EventData.StartTime": "2025-08-19 07:18:40.906830+00:00", "EventData.NameLength": "12", "EventData.Name": "MsMpEng.exe", "EventData.FriendlyNameLength": "31", "EventData.FriendlyName": "Antimalware Service Executable", "EventData.VersionLength": "56", "EventData.Version": "4.18.25070.5 (1bc206b886f4747b112648744606a95aff69f1cf)", "EventData.TotalTime": "73516", "EventData.DegradationTime": "66016", "EventData.PathLength": "78", "EventData.Path": "C:\\ProgramData\\Microsoft\\Windows Defender\\Platform\\4.18.25070.5-0\\MsMpEng.exe", "EventData.ProductNameLength": "37", "EventData.ProductName": "Microsoft® Windows® Operating System", "EventData.CompanyNameLength": "22", "EventData.CompanyName": "Microsoft Corporation"}
{"EventID": "101", "Channel": "Microsoft-Windows-Diagnostics-Performance/Operational", "Provider_Name": "Microsoft-Windows-Diagnostics-Performance", "Computer": "DESKTOP-OFJ6N53", "TimeCreated": "2025-08-19 07:20:53.579025+00:00", "RecordID": "588", "Level": "3", "UserID": "S-1-5-19", "EventData.StartTime": "2025-08-19 07:18:40.906830+00:00", "EventData.NameLength": "13", "EventData.Name": "explorer.exe", "EventData.FriendlyNameLength": "10", "EventData.FriendlyName": "Проводник", "EventData.VersionLength": "39", "EventData.Version": "10.0.19041.4522 (WinBuild.160101.0800)", "EventData.TotalTime": "8739", "EventData.DegradationTime": "6317", "EventData.PathLength": "24", "EventData.Path": "C:\\Windows\\explorer.exe", "EventData.ProductNameLength": "41", "EventData.ProductName": "Операционная система Microsoft® Windows®", "EventData.CompanyNameLength": "22", "EventData.CompanyName": "Microsoft Corporation"}
{"EventID": "101", "Channel": "Microsoft-Windows-Diagnostics-Performance/Operational", "Provider_Name": "Microsoft-Windows-Diagnostics-Performance", "Computer": "DESKTOP-OFJ6N53", "TimeCreated": "2025-08-19 07:20:53.579039+00:00", "RecordID": "589", "Level": "3", "UserID": "S-1-5-19", "EventData.StartTime": "2025-08-19 07:18:40.906830+00:00", "EventData.NameLength": "21", "EventData.Name": "IntegrityService.exe", "EventData.FriendlyNameLength": "1", "EventData.FriendlyName": null, "EventData.VersionLength": "1", "EventData.Version": null, "EventData.TotalTime": "10580", "EventData.DegradationTime": "4580", "EventData.PathLength": "73", "EventData.Path": "C:\\Program Files\\Security Code\\Continent ZTN Client\\IntegrityService.exe", "EventData.ProductNameLength": "1", "EventData.ProductName": null, "EventData.CompanyNameLength": "1", "EventData.CompanyName": null}
{"EventID": "101", "Channel": "Microsoft-Windows-Diagnostics-Performance/Operational", "Provider_Name": "Microsoft-Windows-Diagnostics-Performance", "Computer": "DESKTOP-OFJ6N53", "TimeCreated": "2025-08-19 07:20:53.579056+00:00", "RecordID": "590", "Level": "3", "UserID": "S-1-5-19", "EventData.StartTime": "2025-08-19 07:18:40.906830+00:00", "EventData.NameLength": "11", "EventData.Name": "sppsvc.exe", "EventData.FriendlyNameLength": "60", "EventData.FriendlyName": "Служба платформы защиты программного обеспечения Майкрософт", "EventData.VersionLength": "39", "EventData.Version": "10.0.19041.4522 (WinBuild.160101.0800)", "EventData.TotalTime": "5254", "EventData.DegradationTime": "2191", "EventData.PathLength": "31", "EventData.Path": "C:\\Windows\\System32\\sppsvc.exe", "EventData.ProductNameLength": "41", "EventData.ProductName": "Операционная система Microsoft® Windows®", "EventData.CompanyNameLength": "22", "EventData.CompanyName": "Microsoft Corporation"}
{"EventID": "101", "Channel": "Microsoft-Windows-Diagnostics-Performance/Operational", "Provider_Name": "Microsoft-Windows-Diagnostics-Performance", "Computer": "DESKTOP-OFJ6N53", "TimeCreated": "2025-08-19 07:20:53.579075+00:00", "RecordID": "591", "Level": "3", "UserID": "S-1-5-19", "EventData.StartTime": "2025-08-19 07:18:40.906830+00:00", "EventData.NameLength": "13", "EventData.Name": "cptrayUI.exe", "EventData.FriendlyNameLength": "30", "EventData.FriendlyName": "Check Point Endpoint Security", "EventData.VersionLength": "13", "EventData.Version": "8.68.73.0005", "EventData.TotalTime": "4376", "EventData.DegradationTime": "1876", "EventData.PathLength": "81", "EventData.Path": "C:\\Program Files (x86)\\CheckPoint\\Endpoint Security\\UIFramework\\Bin\\cptrayUI.exe", "EventData.ProductNameLength": "9", "EventData.ProductName": "cptrayUI", "EventData.CompanyNameLength": "39", "EventData.CompanyName": "Check Point Software Technologies Ltd."}
{"EventID": "101", "Channel": "Microsoft-Windows-Diagnostics-Performance/Operational", "Provider_Name": "Microsoft-Windows-Diagnostics-Performance", "Computer": "DESKTOP-OFJ6N53", "TimeCreated": "2025-08-19 07:20:53.579088+00:00", "RecordID": "592", "Level": "3", "UserID": "S-1-5-19", "EventData.StartTime": "2025-08-19 07:18:40.906830+00:00", "EventData.NameLength": "16", "EventData.Name": "cptrayLogic.exe", "EventData.FriendlyNameLength": "30", "EventData.FriendlyName": "Check Point Endpoint Security", "EventData.VersionLength": "13", "EventData.Version": "8.68.73.0005", "EventData.TotalTime": "2168", "EventData.DegradationTime": "1168", "EventData.PathLength": "84", "EventData.Path": "C:\\Program Files (x86)\\CheckPoint\\Endpoint Security\\UIFramework\\Bin\\cptrayLogic.exe", "EventData.ProductNameLength": "16", "EventData.ProductName": "EP.StarterLogic", "EventData.CompanyNameLength": "39", "EventData.CompanyName": "Check Point Software Technologies Ltd."}
{"EventID": "101", "Channel": "Microsoft-Windows-Diagnostics-Performance/Operational", "Provider_Name": "Microsoft-Windows-Diagnostics-Performance", "Computer": "DESKTOP-OFJ6N53", "TimeCreated": "2025-08-19 07:20:53.579103+00:00", "RecordID": "593", "Level": "3", "UserID": "S-1-5-19", "EventData.StartTime": "2025-08-19 07:18:40.906830+00:00", "EventData.NameLength": "9", "EventData.Name": "EPWD.exe", "EventData.FriendlyNameLength": "46", "EventData.FriendlyName": "Check Point Endpoint Security Client Watchdog", "EventData.VersionLength": "13", "EventData.Version": "86,8,7000,01", "EventData.TotalTime": "2134", "EventData.DegradationTime": "1134", "EventData.PathLength": "70", "EventData.Path": "C:\\Program Files (x86)\\CheckPoint\\Endpoint Security\\Watchdog\\EPWD.exe", "EventData.ProductNameLength": "23", "EventData.ProductName": "End Point Security R80", "EventData.CompanyNameLength": "39", "EventData.CompanyName": "Check Point Software Technologies Ltd."}
{"EventID": "200", "Channel": "Microsoft-Windows-Diagnostics-Performance/Operational", "Provider_Name": "Microsoft-Windows-Diagnostics-Performance", "Computer": "DESKTOP-OFJ6N53", "TimeCreated": "2025-08-19 07:46:15.320992+00:00", "RecordID": "594", "Level": "3", "UserID": "S-1-5-19", "EventData.ShutdownTsVersion": "1", "EventData.ShutdownStartTime": "2025-08-19 07:43:12.108250+00:00", "EventData.ShutdownEndTime": "2025-08-19 07:43:54.971510+00:00", "EventData.ShutdownTime": "42863", "EventData.ShutdownUserSessionTime": "3587", "EventData.ShutdownUserPolicyTime": "52", "EventData.ShutdownUserProfilesTime": "219", "EventData.ShutdownSystemSessionsTime": "33057", "EventData.ShutdownPreShutdownNotificationsTime": "27965", "EventData.ShutdownServicesTime": "4990", "EventData.ShutdownKernelTime": "6218", "EventData.ShutdownRootCauseStepImprovementBits": "0", "EventData.ShutdownRootCauseGradualImprovementBits": "0", "EventData.ShutdownRootCauseStepDegradationBits": "0", "EventData.ShutdownRootCauseGradualDegradationBits": "0", "EventData.ShutdownIsDegradation": "False", "EventData.ShutdownTimeChange": "0"}
{"EventID": "203", "Channel": "Microsoft-Windows-Diagnostics-Performance/Operational", "Provider_Name": "Microsoft-Windows-Diagnostics-Performance", "Computer": "DESKTOP-OFJ6N53", "TimeCreated": "2025-08-19 07:46:15.321775+00:00", "RecordID": "595", "Level": "3", "UserID": "S-1-5-19", "EventData.StartTime": "2025-08-19 07:43:12.108250+00:00", "EventData.NameLength": "4", "EventData.Name": "DPS", "EventData.FriendlyNameLength": "32", "EventData.FriendlyName": "Служба политики диагностики WDI", "EventData.VersionLength": "39", "EventData.Version": "10.0.19041.4522 (WinBuild.160101.0800)", "EventData.TotalTime": "1787", "EventData.DegradationTime": "960", "EventData.PathLength": "28", "EventData.Path": "C:\\Windows\\system32\\dps.dll", "EventData.ProductNameLength": "41", "EventData.ProductName": "Операционная система Microsoft® Windows®", "EventData.CompanyNameLength": "22", "EventData.CompanyName": "Microsoft Corporation"}
{"EventID": "203", "Channel": "Microsoft-Windows-Diagnostics-Performance/Operational", "Provider_Name": "Microsoft-Windows-Diagnostics-Performance", "Computer": "DESKTOP-OFJ6N53", "TimeCreated": "2025-08-19 07:46:15.321789+00:00", "RecordID": "596", "Level": "3", "UserID": "S-1-5-19", "EventData.StartTime": "2025-08-19 07:43:12.108250+00:00", "EventData.NameLength": "9", "EventData.Name": "Schedule", "EventData.FriendlyNameLength": "26", "EventData.FriendlyName": "Служба планировщика задач", "EventData.VersionLength": "39", "EventData.Version": "10.0.19041.4522 (WinBuild.160101.0800)", "EventData.TotalTime": "857", "EventData.DegradationTime": "685", "EventData.PathLength": "33", "EventData.Path": "C:\\Windows\\system32\\schedsvc.dll", "EventData.ProductNameLength": "41", "EventData.ProductName": "Операционная система Microsoft® Windows®", "EventData.CompanyNameLength": "22", "EventData.CompanyName": "Microsoft Corporation"}
{"EventID": "100", "Channel": "Microsoft-Windows-Diagnostics-Performance/Operational", "Provider_Name": "Microsoft-Windows-Diagnostics-Performance", "Computer": "DESKTOP-OFJ6N53", "TimeCreated": "2025-08-19 07:46:17.639818+00:00", "RecordID": "597", "Level": "1", "UserID": "S-1-5-19", "EventData.BootTsVersion": "2", "EventData.BootStartTime": "2025-08-19 07:44:06.940004+00:00", "EventData.BootEndTime": "2025-08-19 07:46:13.386379+00:00", "EventData.SystemBootInstance": "79", "EventData.UserBootInstance": "79", "EventData.BootTime": "125373", "EventData.MainPathBootTime": "50727", "EventData.BootKernelInitTime": "191", "EventData.BootDriverInitTime": "1562", "EventData.BootDevicesInitTime": "5855", "EventData.BootPrefetchInitTime": "0", "EventData.BootPrefetchBytes": "0", "EventData.BootAutoChkTime": "0", "EventData.BootSmssInitTime": "2571", "EventData.BootCriticalServicesInitTime": "3559", "EventData.BootUserProfileProcessingTime": "18347", "EventData.BootMachineProfileProcessingTime": "92", "EventData.BootExplorerInitTime": "19052", "EventData.BootNumStartupApps": "26", "EventData.BootPostBootTime": "74646", "EventData.BootIsRebootAfterInstall": "False", "EventData.BootRootCauseStepImprovementBits": "0", "EventData.BootRootCauseGradualImprovementBits": "0", "EventData.BootRootCauseStepDegradationBits": "0", "EventData.BootRootCauseGradualDegradationBits": "0", "EventData.BootIsDegradation": "False", "EventData.BootIsStepDegradation": "False", "EventData.BootIsGradualDegradation": "False", "EventData.BootImprovementDelta": "0", "EventData.BootDegradationDelta": "0", "EventData.BootIsRootCauseIdentified": "False", "EventData.OSLoaderDuration": "1244", "EventData.BootPNPInitStartTimeMS": "191", "EventData.BootPNPInitDuration": "5152", "EventData.OtherKernelInitDuration": "2096", "EventData.SystemPNPInitStartTimeMS": "7222", "EventData.SystemPNPInitDuration": "950", "EventData.SessionInitStartTimeMS": "8200", "EventData.Session0InitDuration": "753", "EventData.Session1InitDuration": "98", "EventData.SessionInitOtherDuration": "1719", "EventData.WinLogonStartTimeMS": "10772", "EventData.OtherLogonInitActivityDuration": "2463", "EventData.UserLogonWaitDuration": "1072"}
{"EventID": "101", "Channel": "Microsoft-Windows-Diagnostics-Performance/Operational", "Provider_Name": "Microsoft-Windows-Diagnostics-Performance", "Computer": "DESKTOP-OFJ6N53", "TimeCreated": "2025-08-19 07:46:17.639833+00:00", "RecordID": "598", "Level": "3", "UserID": "S-1-5-19", "EventData.StartTime": "2025-08-19 07:44:06.940004+00:00", "EventData.NameLength": "13", "EventData.Name": "explorer.exe", "EventData.FriendlyNameLength": "10", "EventData.FriendlyName": "Проводник", "EventData.VersionLength": "39", "EventData.Version": "10.0.19041.4522 (WinBuild.160101.0800)", "EventData.TotalTime": "8614", "EventData.DegradationTime": "6180", "EventData.PathLength": "24", "EventData.Path": "C:\\Windows\\explorer.exe", "EventData.ProductNameLength": "41", "EventData.ProductName": "Операционная система Microsoft® Windows®", "EventData.CompanyNameLength": "22", "EventData.CompanyName": "Microsoft Corporation"}
{"EventID": "101", "Channel": "Microsoft-Windows-Diagnostics-Performance/Operational", "Provider_Name": "Microsoft-Windows-Diagnostics-Performance", "Computer": "DESKTOP-OFJ6N53", "TimeCreated": "2025-08-19 07:46:17.639841+00:00", "RecordID": "599", "Level": "3", "UserID": "S-1-5-19", "EventData.StartTime": "2025-08-19 07:44:06.940004+00:00", "EventData.NameLength": "21", "EventData.Name": "IntegrityService.exe", "EventData.FriendlyNameLength": "1", "EventData.FriendlyName": null, "EventData.VersionLength": "1", "EventData.Version": null, "EventData.TotalTime": "3876", "EventData.DegradationTime": "2876", "EventData.PathLength": "73", "EventData.Path": "C:\\Program Files\\Security Code\\Continent ZTN Client\\IntegrityService.exe", "EventData.ProductNameLength": "1", "EventData.ProductName": null, "EventData.CompanyNameLength": "1", "EventData.CompanyName": null}
{"EventID": "101", "Channel": "Microsoft-Windows-Diagnostics-Performance/Operational", "Provider_Name": "Microsoft-Windows-Diagnostics-Performance", "Computer": "DESKTOP-OFJ6N53", "TimeCreated": "2025-08-19 07:46:17.639849+00:00", "RecordID": "600", "Level": "3", "UserID": "S-1-5-19", "EventData.StartTime": "2025-08-19 07:44:06.940004+00:00", "EventData.NameLength": "11", "EventData.Name": "sppsvc.exe", "EventData.FriendlyNameLength": "60", "EventData.FriendlyName": "Служба платформы защиты программного обеспечения Майкрософт", "EventData.VersionLength": "39", "EventData.Version": "10.0.19041.4522 (WinBuild.160101.0800)", "EventData.TotalTime": "3765", "EventData.DegradationTime": "2149", "EventData.PathLength": "31", "EventData.Path": "C:\\Windows\\System32\\sppsvc.exe", "EventData.ProductNameLength": "41", "EventData.ProductName": "Операционная система Microsoft® Windows®", "EventData.CompanyNameLength": "22", "EventData.CompanyName": "Microsoft Corporation"}
{"EventID": "101", "Channel": "Microsoft-Windows-Diagnostics-Performance/Operational", "Provider_Name": "Microsoft-Windows-Diagnostics-Performance", "Computer": "DESKTOP-OFJ6N53", "TimeCreated": "2025-08-19 07:46:17.639856+00:00", "RecordID": "601", "Level": "3", "UserID": "S-1-5-19", "EventData.StartTime": "2025-08-19 07:44:06.940004+00:00", "EventData.NameLength": "16", "EventData.Name": "cptrayLogic.exe", "EventData.FriendlyNameLength": "30", "EventData.FriendlyName": "Check Point Endpoint Security", "EventData.VersionLength": "13", "EventData.Version": "8.68.73.0005", "EventData.TotalTime": "2000", "EventData.DegradationTime": "1000", "EventData.PathLength": "84", "EventData.Path": "C:\\Program Files (x86)\\CheckPoint\\Endpoint Security\\UIFramework\\Bin\\cptrayLogic.exe", "EventData.ProductNameLength": "16", "EventData.ProductName": "EP.StarterLogic", "EventData.CompanyNameLength": "39", "EventData.CompanyName": "Check Point Software Technologies Ltd."}
{"EventID": "200", "Channel": "Microsoft-Windows-Diagnostics-Performance/Operational", "Provider_Name": "Microsoft-Windows-Diagnostics-Performance", "Computer": "DESKTOP-OFJ6N53", "TimeCreated": "2025-08-22 13:01:17.660299+00:00", "RecordID": "602", "Level": "2", "UserID": "S-1-5-19", "EventData.ShutdownTsVersion": "1", "EventData.ShutdownStartTime": "2025-08-22 12:56:26.494129+00:00", "EventData.ShutdownEndTime": "2025-08-22 12:57:42.180754+00:00", "EventData.ShutdownTime": "75686", "EventData.ShutdownUserSessionTime": "29263", "EventData.ShutdownUserPolicyTime": "3", "EventData.ShutdownUserProfilesTime": "196", "EventData.ShutdownSystemSessionsTime": "38624", "EventData.ShutdownPreShutdownNotificationsTime": "33317", "EventData.ShutdownServicesTime": "4998", "EventData.ShutdownKernelTime": "7798", "EventData.ShutdownRootCauseStepImprovementBits": "32", "EventData.ShutdownRootCauseGradualImprovementBits": "32", "EventData.ShutdownRootCauseStepDegradationBits": "2", "EventData.ShutdownRootCauseGradualDegradationBits": "0", "EventData.ShutdownIsDegradation": "True", "EventData.ShutdownTimeChange": "0"}
{"EventID": "203", "Channel": "Microsoft-Windows-Diagnostics-Performance/Operational", "Provider_Name": "Microsoft-Windows-Diagnostics-Performance", "Computer": "DESKTOP-OFJ6N53", "TimeCreated": "2025-08-22 13:01:17.661446+00:00", "RecordID": "603", "Level": "3", "UserID": "S-1-5-19", "EventData.StartTime": "2025-08-22 12:56:26.494129+00:00", "EventData.NameLength": "10", "EventData.Name": "WinDefend", "EventData.FriendlyNameLength": "0", "EventData.FriendlyName": null, "EventData.VersionLength": "0", "EventData.Version": null, "EventData.TotalTime": "3046", "EventData.DegradationTime": "1917", "EventData.PathLength": "80", "EventData.Path": "\"c:\\programdata\\microsoft\\windows defender\\platform\\4.18.25070.5-0\\msmpeng.exe\"", "EventData.ProductNameLength": "0", "EventData.ProductName": null, "EventData.CompanyNameLength": "0", "EventData.CompanyName": null}
{"EventID": "100", "Channel": "Microsoft-Windows-Diagnostics-Performance/Operational", "Provider_Name": "Microsoft-Windows-Diagnostics-Performance", "Computer": "DESKTOP-OFJ6N53", "TimeCreated": "2025-08-22 13:01:19.096935+00:00", "RecordID": "604", "Level": "2", "UserID": "S-1-5-19", "EventData.BootTsVersion": "2", "EventData.BootStartTime": "2025-08-22 12:57:57.222309+00:00", "EventData.BootEndTime": "2025-08-22 13:00:45.749428+00:00", "EventData.SystemBootInstance": "80", "EventData.UserBootInstance": "80", "EventData.BootTime": "166518", "EventData.MainPathBootTime": "114074", "EventData.BootKernelInitTime": "304", "EventData.BootDriverInitTime": "4278", "EventData.BootDevicesInitTime": "11092", "EventData.BootPrefetchInitTime": "0", "EventData.BootPrefetchBytes": "0", "EventData.BootAutoChkTime": "0", "EventData.BootSmssInitTime": "10944", "EventData.BootCriticalServicesInitTime": "3784", "EventData.BootUserProfileProcessingTime": "37502", "EventData.BootMachineProfileProcessingTime": "216", "EventData.BootExplorerInitTime": "45514", "EventData.BootNumStartupApps": "26", "EventData.BootPostBootTime": "52444", "EventData.BootIsRebootAfterInstall": "False", "EventData.BootRootCauseStepImprovementBits": "0", "EventData.BootRootCauseGradualImprovementBits": "0", "EventData.BootRootCauseStepDegradationBits": "4196352", "EventData.BootRootCauseGradualDegradationBits": "6291456", "EventData.BootIsDegradation": "False", "EventData.BootIsStepDegradation": "False", "EventData.BootIsGradualDegradation": "False", "EventData.BootImprovementDelta": "0", "EventData.BootDegradationDelta": "0", "EventData.BootIsRootCauseIdentified": "True", "EventData.OSLoaderDuration": "2253", "EventData.BootPNPInitStartTimeMS": "304", "EventData.BootPNPInitDuration": "11283", "EventData.OtherKernelInitDuration": "3178", "EventData.SystemPNPInitStartTimeMS": "14337", "EventData.SystemPNPInitDuration": "2535", "EventData.SessionInitStartTimeMS": "16997", "EventData.Session0InitDuration": "1325", "EventData.Session1InitDuration": "77", "EventData.SessionInitOtherDuration": "9542", "EventData.WinLogonStartTimeMS": "27941", "EventData.OtherLogonInitActivityDuration": "2899", "EventData.UserLogonWaitDuration": "2009"}
{"EventID": "101", "Channel": "Microsoft-Windows-Diagnostics-Performance/Operational", "Provider_Name": "Microsoft-Windows-Diagnostics-Performance", "Computer": "DESKTOP-OFJ6N53", "TimeCreated": "2025-08-22 13:01:19.096951+00:00", "RecordID": "605", "Level": "3", "UserID": "S-1-5-19", "EventData.StartTime": "2025-08-22 12:57:57.222309+00:00", "EventData.NameLength": "13", "EventData.Name": "OneDrive.exe", "EventData.FriendlyNameLength": "0", "EventData.FriendlyName": null, "EventData.VersionLength": "0", "EventData.Version": null, "EventData.TotalTime": "18405", "EventData.DegradationTime": "7800", "EventData.PathLength": "66", "EventData.Path": "C:\\Users\\sk.batsiev\\AppData\\Local\\Microsoft\\OneDrive\\OneDrive.exe", "EventData.ProductNameLength": "0", "EventData.ProductName": null, "EventData.CompanyNameLength": "0", "EventData.CompanyName": null}
{"EventID": "101", "Channel": "Microsoft-Windows-Diagnostics-Performance/Operational", "Provider_Name": "Microsoft-Windows-Diagnostics-Performance", "Computer": "DESKTOP-OFJ6N53", "TimeCreated": "2025-08-22 13:01:19.096968+00:00", "RecordID": "606", "Level": "3", "UserID": "S-1-5-19", "EventData.StartTime": "2025-08-22 12:57:57.222309+00:00", "EventData.NameLength": "16", "EventData.Name": "ast_service.exe", "EventData.FriendlyNameLength": "17", "EventData.FriendlyName": "Служба Ассистент", "EventData.VersionLength": "13", "EventData.Version": "5.6.2408.801", "EventData.TotalTime": "4708", "EventData.DegradationTime": "3723", "EventData.PathLength": "49", "EventData.Path": "C:\\Program Files (x86)\\Ассистент\\ast_service.exe", "EventData.ProductNameLength": "10", "EventData.ProductName": "Ассистент", "EventData.CompanyNameLength": "12", "EventData.CompanyName": "ООО \"САФИБ\""}
{"EventID": "101", "Channel": "Microsoft-Windows-Diagnostics-Performance/Operational", "Provider_Name": "Microsoft-Windows-Diagnostics-Performance", "Computer": "DESKTOP-OFJ6N53", "TimeCreated": "2025-08-22 13:01:19.096981+00:00", "RecordID": "607", "Level": "3", "UserID": "S-1-5-19", "EventData.StartTime": "2025-08-22 12:57:57.222309+00:00", "EventData.NameLength": "21", "EventData.Name": "IntegrityService.exe", "EventData.FriendlyNameLength": "1", "EventData.FriendlyName": null, "EventData.VersionLength": "1", "EventData.Version": null, "EventData.TotalTime": "4651", "EventData.DegradationTime": "3651", "EventData.PathLength": "73", "EventData.Path": "C:\\Program Files\\Security Code\\Continent ZTN Client\\IntegrityService.exe", "EventData.ProductNameLength": "1", "EventData.ProductName": null, "EventData.CompanyNameLength": "1", "EventData.CompanyName": null}
{"EventID": "102", "Channel": "Microsoft-Windows-Diagnostics-Performance/Operational", "Provider_Name": "Microsoft-Windows-Diagnostics-Performance", "Computer": "DESKTOP-OFJ6N53", "TimeCreated": "2025-08-22 13:01:19.096992+00:00", "RecordID": "608", "Level": "3", "UserID": "S-1-5-19", "EventData.StartTime": "2025-08-22 12:57:57.222309+00:00", "EventData.NameLength": "9", "EventData.Name": "vsdatant", "EventData.FriendlyNameLength": "29", "EventData.FriendlyName": "ZoneAlarm Firewalling Driver", "EventData.VersionLength": "10", "EventData.Version": "926006208", "EventData.TotalTime": "610", "EventData.DegradationTime": "219", "EventData.PathLength": "41", "EventData.Path": "C:\\Windows\\system32\\DRIVERS\\vsdatant.sys", "EventData.ProductNameLength": "19", "EventData.ProductName": "End Point Security", "EventData.CompanyNameLength": "39", "EventData.CompanyName": "Check Point Software Technologies Ltd."}
{"EventID": "103", "Channel": "Microsoft-Windows-Diagnostics-Performance/Operational", "Provider_Name": "Microsoft-Windows-Diagnostics-Performance", "Computer": "DESKTOP-OFJ6N53", "TimeCreated": "2025-08-22 13:01:19.097004+00:00", "RecordID": "609", "Level": "3", "UserID": "S-1-5-19", "EventData.StartTime": "2025-08-22 12:57:57.222309+00:00", "EventData.NameLength": "10", "EventData.Name": "windefend", "EventData.FriendlyNameLength": "0", "EventData.FriendlyName": null, "EventData.VersionLength": "0", "EventData.Version": null, "EventData.TotalTime": "3444", "EventData.DegradationTime": "1496", "EventData.PathLength": "80", "EventData.Path": "\"c:\\programdata\\microsoft\\windows defender\\platform\\4.18.25070.5-0\\msmpeng.exe\"", "EventData.ProductNameLength": "0", "EventData.ProductName": null, "EventData.CompanyNameLength": "0", "EventData.CompanyName": null}
{"EventID": "108", "Channel": "Microsoft-Windows-Diagnostics-Performance/Operational", "Provider_Name": "Microsoft-Windows-Diagnostics-Performance", "Computer": "DESKTOP-OFJ6N53", "TimeCreated": "2025-08-22 13:01:19.099888+00:00", "RecordID": "610", "Level": "3", "UserID": "S-1-5-19", "EventData.StartTime": "2025-08-22 12:57:57.222309+00:00", "EventData.NameLength": "13", "EventData.Name": "PreShellInit", "EventData.TotalTime": "37502", "EventData.DegradationTime": "12666"}
{"EventID": "200", "Channel": "Microsoft-Windows-Diagnostics-Performance/Operational", "Provider_Name": "Microsoft-Windows-Diagnostics-Performance", "Computer": "DESKTOP-OFJ6N53", "TimeCreated": "2025-08-23 20:35:58.833813+00:00", "RecordID": "611", "Level": "3", "UserID": "S-1-5-19", "EventData.ShutdownTsVersion": "1", "EventData.ShutdownStartTime": "2025-08-23 20:31:53.604620+00:00", "EventData.ShutdownEndTime": "2025-08-23 20:32:45.433882+00:00", "EventData.ShutdownTime": "51829", "EventData.ShutdownUserSessionTime": "6959", "EventData.ShutdownUserPolicyTime": "3", "EventData.ShutdownUserProfilesTime": "391", "EventData.ShutdownSystemSessionsTime": "37671", "EventData.ShutdownPreShutdownNotificationsTime": "32459", "EventData.ShutdownServicesTime": "5003", "EventData.ShutdownKernelTime": "7197", "EventData.ShutdownRootCauseStepImprovementBits": "0", "EventData.ShutdownRootCauseGradualImprovementBits": "0", "EventData.ShutdownRootCauseStepDegradationBits": "0", "EventData.ShutdownRootCauseGradualDegradationBits": "0", "EventData.ShutdownIsDegradation": "False", "EventData.ShutdownTimeChange": "0"}
{"EventID": "203", "Channel": "Microsoft-Windows-Diagnostics-Performance/Operational", "Provider_Name": "Microsoft-Windows-Diagnostics-Performance", "Computer": "DESKTOP-OFJ6N53", "TimeCreated": "2025-08-23 20:35:58.835836+00:00", "RecordID": "612", "Level": "3", "UserID": "S-1-5-19", "EventData.StartTime": "2025-08-23 20:31:53.604620+00:00", "EventData.NameLength": "6", "EventData.Name": "TESvc", "EventData.FriendlyNameLength": "0", "EventData.FriendlyName": null, "EventData.VersionLength": "0", "EventData.Version": null, "EventData.TotalTime": "1324", "EventData.DegradationTime": "881", "EventData.PathLength": "84", "EventData.Path": "\"c:\\program files (x86)\\checkpoint\\endpoint security\\threat emulation\\tesvc.exe\" -s", "EventData.ProductNameLength": "0", "EventData.ProductName": null, "EventData.CompanyNameLength": "0", "EventData.CompanyName": null}
