{"EventID": "100", "Channel": "Microsoft-Windows-Diagnostics-Performance/Operational", "Provider_Name": "Microsoft-Windows-Diagnostics-Performance", "Computer": "DESKTOP-OFJ6N53", "TimeCreated": "2023-07-06 12:47:52.024168+00:00", "RecordID": "271", "Level": "1", "UserID": "S-1-5-19", "EventData.BootTsVersion": "2", "EventData.BootStartTime": "2023-07-06 12:44:09.808392+00:00", "EventData.BootEndTime": "2023-07-06 12:47:41.172939+00:00", "EventData.SystemBootInstance": "30", "EventData.UserBootInstance": "30", "EventData.BootTime": "147005", "EventData.MainPathBootTime": "83258", "EventData.BootKernelInitTime": "374", "EventData.BootDriverInitTime": "5796", "EventData.BootDevicesInitTime": "8331", "EventData.BootPrefetchInitTime": "0", "EventData.BootPrefetchBytes": "0", "EventData.BootAutoChkTime": "0", "EventData.BootSmssInitTime": "23537", "EventData.BootCriticalServicesInitTime": "778", "EventData.BootUserProfileProcessingTime": "11098", "EventData.BootMachineProfileProcessingTime": "219", "EventData.BootExplorerInitTime": "30425", "EventData.BootNumStartupApps": "16", "EventData.BootPostBootTime": "63747", "EventData.BootIsRebootAfterInstall": "False", "EventData.BootRootCauseStepImprovementBits": "0", "EventData.BootRootCauseGradualImprovementBits": "0", "EventData.BootRootCauseStepDegradationBits": "0", "EventData.BootRootCauseGradualDegradationBits": "0", "EventData.BootIsDegradation": "False", "EventData.BootIsStepDegradation": "False", "EventData.BootIsGradualDegradation": "False", "EventData.BootImprovementDelta": "0", "EventData.BootDegradationDelta": "0", "EventData.BootIsRootCauseIdentified": "False", "EventData.OSLoaderDuration": "9166", "EventData.BootPNPInitStartTimeMS": "374", "EventData.BootPNPInitDuration": "8890", "EventData.OtherKernelInitDuration": "3620", "EventData.SystemPNPInitStartTimeMS": "12461", "EventData.SystemPNPInitDuration": "2940", "EventData.SessionInitStartTimeMS": "15451", "EventData.Session0InitDuration": "10891", "EventData.Session1InitDuration": "192", "EventData.SessionInitOtherDuration": "12453", "EventData.WinLogonStartTimeMS": "38989", "EventData.OtherLogonInitActivityDuration": "2527", "EventData.UserLogonWaitDuration": "64358"}
{"EventID": "101", "Channel": "Microsoft-Windows-Diagnostics-Performance/Operational", "Provider_Name": "Microsoft-Windows-Diagnostics-Performance", "Computer": "DESKTOP-OFJ6N53", "TimeCreated": "2023-07-06 12:47:52.024178+00:00", "RecordID": "272", "Level": "2", "UserID": "S-1-5-19", "EventData.StartTime": "2023-07-06 12:44:09.808392+00:00", "EventData.NameLength": "12", "EventData.Name": "MsMpEng.exe", "EventData.FriendlyNameLength": "31", "EventData.FriendlyName": "Antimalware Service Executable", "EventData.VersionLength": "56", "EventData.Version": "4.18.23050.5 (b79513656627928b5505482e6c59e640a77adba5)", "EventData.TotalTime": "104084", "EventData.DegradationTime": "95584", "EventData.PathLength": "78", "EventData.Path": "C:\\ProgramData\\Microsoft\\Windows Defender\\Platform\\4.18.23050.5-0\\MsMpEng.exe", "EventData.ProductNameLength": "37", "EventData.ProductName": "Microsoft® Windows® Operating System", "EventData.CompanyNameLength": "22", "EventData.CompanyName": "Microsoft Corporation"}
{"EventID": "101", "Channel": "Microsoft-Windows-Diagnostics-Performance/Operational", "Provider_Name": "Microsoft-Windows-Diagnostics-Performance", "Computer": "DESKTOP-OFJ6N53", "TimeCreated": "2023-07-06 12:47:52.024185+00:00", "RecordID": "273", "Level": "2", "UserID": "S-1-5-19", "EventData.StartTime": "2023-07-06 12:44:09.808392+00:00", "EventData.NameLength": "10", "EventData.Name": "avpui.exe", "EventData.FriendlyNameLength": "21", "EventData.FriendlyName": "Kaspersky Anti-Virus", "EventData.VersionLength": "12", "EventData.Version": "21.3.12.434", "EventData.TotalTime": "51422", "EventData.DegradationTime": "43922", "EventData.PathLength": "77", "EventData.Path": "C:\\Program Files (x86)\\Kaspersky Lab\\Kaspersky Security Cloud 21.3\\avpui.exe", "EventData.ProductNameLength": "21", "EventData.ProductName": "Kaspersky Anti-Virus", "EventData.CompanyNameLength": "17", "EventData.CompanyName": "AO Kaspersky Lab"}
{"EventID": "101", "Channel": "Microsoft-Windows-Diagnostics-Performance/Operational", "Provider_Name": "Microsoft-Windows-Diagnostics-Performance", "Computer": "DESKTOP-OFJ6N53", "TimeCreated": "2023-07-06 12:47:52.024191+00:00", "RecordID": "274", "Level": "3", "UserID": "S-1-5-19", "EventData.StartTime": "2023-07-06 12:44:09.808392+00:00", "EventData.NameLength": "15", "EventData.Name": "MemCompression", "EventData.FriendlyNameLength": "0", "EventData.FriendlyName": null, "EventData.VersionLength": "0", "EventData.Version": null, "EventData.TotalTime": "6768", "EventData.DegradationTime": "4268", "EventData.PathLength": "43", "EventData.Path": "C:\\Windows\\system32\\drivers\\MemCompression", "EventData.ProductNameLength": "0", "EventData.ProductName": null, "EventData.CompanyNameLength": "0", "EventData.CompanyName": null}
{"EventID": "101", "Channel": "Microsoft-Windows-Diagnostics-Performance/Operational", "Provider_Name": "Microsoft-Windows-Diagnostics-Performance", "Computer": "DESKTOP-OFJ6N53", "TimeCreated": "2023-07-06 12:47:52.024199+00:00", "RecordID": "275", "Level": "3", "UserID": "S-1-5-19", "EventData.StartTime": "2023-07-06 12:44:09.808392+00:00", "EventData.NameLength": "14", "EventData.Name": "JaCartaUC.exe", "EventData.FriendlyNameLength": "23", "EventData.FriendlyName": "JaCarta Unified Client", "EventData.VersionLength": "12", "EventData.Version": "2.13.9.3175", "EventData.TotalTime": "7592", "EventData.DegradationTime": "2592", "EventData.PathLength": "54", "EventData.Path": "C:\\Program Files\\JaCarta Unified Client\\JaCartaUC.exe", "EventData.ProductNameLength": "1", "EventData.ProductName": null, "EventData.CompanyNameLength": "13", "EventData.CompanyName": "Aladdin R.D."}
{"EventID": "101", "Channel": "Microsoft-Windows-Diagnostics-Performance/Operational", "Provider_Name": "Microsoft-Windows-Diagnostics-Performance", "Computer": "DESKTOP-OFJ6N53", "TimeCreated": "2023-07-06 12:47:52.024206+00:00", "RecordID": "276", "Level": "3", "UserID": "S-1-5-19", "EventData.StartTime": "2023-07-06 12:44:09.808392+00:00", "EventData.NameLength": "14", "EventData.Name": "Assistant.exe", "EventData.FriendlyNameLength": "12", "EventData.FriendlyName": "Ассистент 5", "EventData.VersionLength": "14", "EventData.Version": "5.4.2304.2501", "EventData.TotalTime": "4025", "EventData.DegradationTime": "1525", "EventData.PathLength": "47", "EventData.Path": "C:\\Program Files (x86)\\Ассистент\\Assistant.exe", "EventData.ProductNameLength": "10", "EventData.ProductName": "Ассистент", "EventData.CompanyNameLength": "12", "EventData.CompanyName": "ООО «САФИБ»"}
{"EventID": "101", "Channel": "Microsoft-Windows-Diagnostics-Performance/Operational", "Provider_Name": "Microsoft-Windows-Diagnostics-Performance", "Computer": "DESKTOP-OFJ6N53", "TimeCreated": "2023-07-06 12:47:52.024212+00:00", "RecordID": "277", "Level": "3", "UserID": "S-1-5-19", "EventData.StartTime": "2023-07-06 12:44:09.808392+00:00", "EventData.NameLength": "10", "EventData.Name": "vpnui.exe", "EventData.FriendlyNameLength": "32", "EventData.FriendlyName": "Cisco AnyConnect User Interface", "EventData.VersionLength": "13", "EventData.Version": "4, 10, 04071", "EventData.TotalTime": "6512", "EventData.DegradationTime": "1512", "EventData.PathLength": "79", "EventData.Path": "C:\\Program Files (x86)\\Cisco\\Cisco AnyConnect Secure Mobility Client\\vpnui.exe", "EventData.ProductNameLength": "40", "EventData.ProductName": "Cisco AnyConnect Secure Mobility Client", "EventData.CompanyNameLength": "20", "EventData.CompanyName": "Cisco Systems, Inc."}
{"EventID": "200", "Channel": "Microsoft-Windows-Diagnostics-Performance/Operational", "Provider_Name": "Microsoft-Windows-Diagnostics-Performance", "Computer": "DESKTOP-OFJ6N53", "TimeCreated": "2023-07-12 14:45:03.405735+00:00", "RecordID": "278", "Level": "1", "UserID": "S-1-5-19", "EventData.ShutdownTsVersion": "1", "EventData.ShutdownStartTime": "2023-07-12 14:34:53.749853+00:00", "EventData.ShutdownEndTime": "2023-07-12 14:39:56.010046+00:00", "EventData.ShutdownTime": "302260", "EventData.ShutdownUserSessionTime": "14732", "EventData.ShutdownUserPolicyTime": "102", "EventData.ShutdownUserProfilesTime": "548", "EventData.ShutdownSystemSessionsTime": "276082", "EventData.ShutdownPreShutdownNotificationsTime": "270417", "EventData.ShutdownServicesTime": "4994", "EventData.ShutdownKernelTime": "11445", "EventData.ShutdownRootCauseStepImprovementBits": "0", "EventData.ShutdownRootCauseGradualImprovementBits": "0", "EventData.ShutdownRootCauseStepDegradationBits": "0", "EventData.ShutdownRootCauseGradualDegradationBits": "0", "EventData.ShutdownIsDegradation": "False", "EventData.ShutdownTimeChange": "0"}
{"EventID": "100", "Channel": "Microsoft-Windows-Diagnostics-Performance/Operational", "Provider_Name": "Microsoft-Windows-Diagnostics-Performance", "Computer": "DESKTOP-OFJ6N53", "TimeCreated": "2023-07-12 14:45:13.533852+00:00", "RecordID": "279", "Level": "1", "UserID": "S-1-5-19", "EventData.BootTsVersion": "2", "EventData.BootStartTime": "2023-07-12 14:40:18.400658+00:00", "EventData.BootEndTime": "2023-07-12 14:45:01.779213+00:00", "EventData.SystemBootInstance": "31", "EventData.UserBootInstance": "31", "EventData.BootTime": "261206", "EventData.MainPathBootTime": "205906", "EventData.BootKernelInitTime": "371", "EventData.BootDriverInitTime": "9229", "EventData.BootDevicesInitTime": "7834", "EventData.BootPrefetchInitTime": "0", "EventData.BootPrefetchBytes": "0", "EventData.BootAutoChkTime": "0", "EventData.BootSmssInitTime": "8516", "EventData.BootCriticalServicesInitTime": "4446", "EventData.BootUserProfileProcessingTime": "2491", "EventData.BootMachineProfileProcessingTime": "4", "EventData.BootExplorerInitTime": "17694", "EventData.BootNumStartupApps": "19", "EventData.BootPostBootTime": "55300", "EventData.BootIsRebootAfterInstall": "False", "EventData.BootRootCauseStepImprovementBits": "0", "EventData.BootRootCauseGradualImprovementBits": "0", "EventData.BootRootCauseStepDegradationBits": "0", "EventData.BootRootCauseGradualDegradationBits": "0", "EventData.BootIsDegradation": "False", "EventData.BootIsStepDegradation": "False", "EventData.BootIsGradualDegradation": "False", "EventData.BootImprovementDelta": "0", "EventData.BootDegradationDelta": "0", "EventData.BootIsRootCauseIdentified": "False", "EventData.OSLoaderDuration": "6539", "EventData.BootPNPInitStartTimeMS": "371", "EventData.BootPNPInitDuration": "10026", "EventData.OtherKernelInitDuration": "5479", "EventData.SystemPNPInitStartTimeMS": "15468", "EventData.SystemPNPInitDuration": "4754", "EventData.SessionInitStartTimeMS": "20259", "EventData.Session0InitDuration": "761", "EventData.Session1InitDuration": "135", "EventData.SessionInitOtherDuration": "7620", "EventData.WinLogonStartTimeMS": "28776", "EventData.OtherLogonInitActivityDuration": "156939", "EventData.UserLogonWaitDuration": "132"}
{"EventID": "101", "Channel": "Microsoft-Windows-Diagnostics-Performance/Operational", "Provider_Name": "Microsoft-Windows-Diagnostics-Performance", "Computer": "DESKTOP-OFJ6N53", "TimeCreated": "2023-07-12 14:45:13.533863+00:00", "RecordID": "280", "Level": "3", "UserID": "S-1-5-19", "EventData.StartTime": "2023-07-12 14:40:18.400658+00:00", "EventData.NameLength": "12", "EventData.Name": "MsMpEng.exe", "EventData.FriendlyNameLength": "31", "EventData.FriendlyName": "Antimalware Service Executable", "EventData.VersionLength": "56", "EventData.Version": "4.18.23050.5 (b79513656627928b5505482e6c59e640a77adba5)", "EventData.TotalTime": "45751", "EventData.DegradationTime": "37251", "EventData.PathLength": "78", "EventData.Path": "C:\\ProgramData\\Microsoft\\Windows Defender\\Platform\\4.18.23050.5-0\\MsMpEng.exe", "EventData.ProductNameLength": "37", "EventData.ProductName": "Microsoft® Windows® Operating System", "EventData.CompanyNameLength": "22", "EventData.CompanyName": "Microsoft Corporation"}
{"EventID": "101", "Channel": "Microsoft-Windows-Diagnostics-Performance/Operational", "Provider_Name": "Microsoft-Windows-Diagnostics-Performance", "Computer": "DESKTOP-OFJ6N53", "TimeCreated": "2023-07-12 14:45:13.533871+00:00", "RecordID": "281", "Level": "3", "UserID": "S-1-5-19", "EventData.StartTime": "2023-07-12 14:40:18.400658+00:00", "EventData.NameLength": "10", "EventData.Name": "avpui.exe", "EventData.FriendlyNameLength": "21", "EventData.FriendlyName": "Kaspersky Anti-Virus", "EventData.VersionLength": "12", "EventData.Version": "21.3.12.434", "EventData.TotalTime": "32049", "EventData.DegradationTime": "24549", "EventData.PathLength": "77", "EventData.Path": "C:\\Program Files (x86)\\Kaspersky Lab\\Kaspersky Security Cloud 21.3\\avpui.exe", "EventData.ProductNameLength": "21", "EventData.ProductName": "Kaspersky Anti-Virus", "EventData.CompanyNameLength": "17", "EventData.CompanyName": "AO Kaspersky Lab"}
{"EventID": "101", "Channel": "Microsoft-Windows-Diagnostics-Performance/Operational", "Provider_Name": "Microsoft-Windows-Diagnostics-Performance", "Computer": "DESKTOP-OFJ6N53", "TimeCreated": "2023-07-12 14:45:13.533878+00:00", "RecordID": "282", "Level": "3", "UserID": "S-1-5-19", "EventData.StartTime": "2023-07-12 14:40:18.400658+00:00", "EventData.NameLength": "20", "EventData.Name": "MoUsoCoreWorker.exe", "EventData.FriendlyNameLength": "26", "EventData.FriendlyName": "MoUSO Core Worker Process", "EventData.VersionLength": "39", "EventData.Version": "10.0.19041.3031 (WinBuild.160101.0800)", "EventData.TotalTime": "6151", "EventData.DegradationTime": "5374", "EventData.PathLength": "40", "EventData.Path": "C:\\Windows\\System32\\MoUsoCoreWorker.exe", "EventData.ProductNameLength": "37", "EventData.ProductName": "Microsoft® Windows® Operating System", "EventData.CompanyNameLength": "22", "EventData.CompanyName": "Microsoft Corporation"}
{"EventID": "101", "Channel": "Microsoft-Windows-Diagnostics-Performance/Operational", "Provider_Name": "Microsoft-Windows-Diagnostics-Performance", "Computer": "DESKTOP-OFJ6N53", "TimeCreated": "2023-07-12 14:45:13.533886+00:00", "RecordID": "283", "Level": "3", "UserID": "S-1-5-19", "EventData.StartTime": "2023-07-12 14:40:18.400658+00:00", "EventData.NameLength": "24", "EventData.Name": "PhoneExperienceHost.exe", "EventData.FriendlyNameLength": "21", "EventData.FriendlyName": "Microsoft Phone Link", "EventData.VersionLength": "14", "EventData.Version": "1.23052.121.0", "EventData.TotalTime": "6450", "EventData.DegradationTime": "1450", "EventData.PathLength": "106", "EventData.Path": "C:\\Program Files\\WindowsApps\\Microsoft.YourPhone_1.23052.121.0_x64__8wekyb3d8bbwe\\PhoneExperienceHost.exe", "EventData.ProductNameLength": "21", "EventData.ProductName": "Microsoft Your Phone", "EventData.CompanyNameLength": "22", "EventData.CompanyName": "Microsoft Corporation"}
{"EventID": "101", "Channel": "Microsoft-Windows-Diagnostics-Performance/Operational", "Provider_Name": "Microsoft-Windows-Diagnostics-Performance", "Computer": "DESKTOP-OFJ6N53", "TimeCreated": "2023-07-12 14:45:13.533894+00:00", "RecordID": "284", "Level": "3", "UserID": "S-1-5-19", "EventData.StartTime": "2023-07-12 14:40:18.400658+00:00", "EventData.NameLength": "12", "EventData.Name": "Cortana.exe", "EventData.FriendlyNameLength": "8", "EventData.FriendlyName": "Cortana", "EventData.VersionLength": "15", "EventData.Version": "4.2204.13303.0", "EventData.TotalTime": "6350", "EventData.DegradationTime": "1350", "EventData.PathLength": "99", "EventData.Path": "C:\\Program Files\\WindowsApps\\Microsoft.549981C3F5F10_4.2204.13303.0_x64__8wekyb3d8bbwe\\Cortana.exe", "EventData.ProductNameLength": "8", "EventData.ProductName": "Cortana", "EventData.CompanyNameLength": "22", "EventData.CompanyName": "Microsoft Corporation"}
{"EventID": "101", "Channel": "Microsoft-Windows-Diagnostics-Performance/Operational", "Provider_Name": "Microsoft-Windows-Diagnostics-Performance", "Computer": "DESKTOP-OFJ6N53", "TimeCreated": "2023-07-12 14:45:13.533901+00:00", "RecordID": "285", "Level": "3", "UserID": "S-1-5-19", "EventData.StartTime": "2023-07-12 14:40:18.400658+00:00", "EventData.NameLength": "14", "EventData.Name": "JaCartaUC.exe", "EventData.FriendlyNameLength": "23", "EventData.FriendlyName": "JaCarta Unified Client", "EventData.VersionLength": "12", "EventData.Version": "2.13.9.3175", "EventData.TotalTime": "6262", "EventData.DegradationTime": "1262", "EventData.PathLength": "54", "EventData.Path": "C:\\Program Files\\JaCarta Unified Client\\JaCartaUC.exe", "EventData.ProductNameLength": "1", "EventData.ProductName": null, "EventData.CompanyNameLength": "13", "EventData.CompanyName": "Aladdin R.D."}
{"EventID": "101", "Channel": "Microsoft-Windows-Diagnostics-Performance/Operational", "Provider_Name": "Microsoft-Windows-Diagnostics-Performance", "Computer": "DESKTOP-OFJ6N53", "TimeCreated": "2023-07-12 14:45:13.533909+00:00", "RecordID": "286", "Level": "3", "UserID": "S-1-5-19", "EventData.StartTime": "2023-07-12 14:40:18.400658+00:00", "EventData.NameLength": "23", "EventData.Name": "backgroundTaskHost.exe", "EventData.FriendlyNameLength": "21", "EventData.FriendlyName": "Background Task Host", "EventData.VersionLength": "38", "EventData.Version": "10.0.19041.546 (WinBuild.160101.0800)", "EventData.TotalTime": "5888", "EventData.DegradationTime": "888", "EventData.PathLength": "43", "EventData.Path": "C:\\Windows\\System32\\backgroundTaskHost.exe", "EventData.ProductNameLength": "37", "EventData.ProductName": "Microsoft® Windows® Operating System", "EventData.CompanyNameLength": "22", "EventData.CompanyName": "Microsoft Corporation"}
{"EventID": "200", "Channel": "Microsoft-Windows-Diagnostics-Performance/Operational", "Provider_Name": "Microsoft-Windows-Diagnostics-Performance", "Computer": "DESKTOP-OFJ6N53", "TimeCreated": "2023-07-18 14:54:28.099771+00:00", "RecordID": "287", "Level": "3", "UserID": "S-1-5-19", "EventData.ShutdownTsVersion": "1", "EventData.ShutdownStartTime": "2023-07-18 14:51:55.778255+00:00", "EventData.ShutdownEndTime": "2023-07-18 14:52:20.732841+00:00", "EventData.ShutdownTime": "24954", "EventData.ShutdownUserSessionTime": "7542", "EventData.ShutdownUserPolicyTime": "4", "EventData.ShutdownUserProfilesTime": "103", "EventData.ShutdownSystemSessionsTime": "6732", "EventData.ShutdownPreShutdownNotificationsTime": "1654", "EventData.ShutdownServicesTime": "4991", "EventData.ShutdownKernelTime": "10679", "EventData.ShutdownRootCauseStepImprovementBits": "0", "EventData.ShutdownRootCauseGradualImprovementBits": "0", "EventData.ShutdownRootCauseStepDegradationBits": "64", "EventData.ShutdownRootCauseGradualDegradationBits": "0", "EventData.ShutdownIsDegradation": "True", "EventData.ShutdownTimeChange": "0"}
{"EventID": "100", "Channel": "Microsoft-Windows-Diagnostics-Performance/Operational", "Provider_Name": "Microsoft-Windows-Diagnostics-Performance", "Computer": "DESKTOP-OFJ6N53", "TimeCreated": "2023-07-18 14:54:29.098648+00:00", "RecordID": "288", "Level": "2", "UserID": "S-1-5-19", "EventData.BootTsVersion": "2", "EventData.BootStartTime": "2023-07-18 14:52:32.777266+00:00", "EventData.BootEndTime": "2023-07-18 14:54:25.483097+00:00", "EventData.SystemBootInstance": "32", "EventData.UserBootInstance": "32", "EventData.BootTime": "68106", "EventData.MainPathBootTime": "29206", "EventData.BootKernelInitTime": "158", "EventData.BootDriverInitTime": "1186", "EventData.BootDevicesInitTime": "5044", "EventData.BootPrefetchInitTime": "0", "EventData.BootPrefetchBytes": "0", "EventData.BootAutoChkTime": "0", "EventData.BootSmssInitTime": "4137", "EventData.BootCriticalServicesInitTime": "567", "EventData.BootUserProfileProcessingTime": "6619", "EventData.BootMachineProfileProcessingTime": "86", "EventData.BootExplorerInitTime": "9090", "EventData.BootNumStartupApps": "19", "EventData.BootPostBootTime": "38900", "EventData.BootIsRebootAfterInstall": "False", "EventData.BootRootCauseStepImprovementBits": "0", "EventData.BootRootCauseGradualImprovementBits": "0", "EventData.BootRootCauseStepDegradationBits": "0", "EventData.BootRootCauseGradualDegradationBits": "0", "EventData.BootIsDegradation": "False", "EventData.BootIsStepDegradation": "False", "EventData.BootIsGradualDegradation": "False", "EventData.BootImprovementDelta": "0", "EventData.BootDegradationDelta": "0", "EventData.BootIsRootCauseIdentified": "False", "EventData.OSLoaderDuration": "2455", "EventData.BootPNPInitStartTimeMS": "158", "EventData.BootPNPInitDuration": "4750", "EventData.OtherKernelInitDuration": "1945", "EventData.SystemPNPInitStartTimeMS": "6679", "EventData.SystemPNPInitDuration": "634", "EventData.SessionInitStartTimeMS": "7330", "EventData.Session0InitDuration": "562", "EventData.Session1InitDuration": "46", "EventData.SessionInitOtherDuration": "3528", "EventData.WinLogonStartTimeMS": "11467", "EventData.OtherLogonInitActivityDuration": "1943", "EventData.UserLogonWaitDuration": "854"}
{"EventID": "101", "Channel": "Microsoft-Windows-Diagnostics-Performance/Operational", "Provider_Name": "Microsoft-Windows-Diagnostics-Performance", "Computer": "DESKTOP-OFJ6N53", "TimeCreated": "2023-07-18 14:54:29.098660+00:00", "RecordID": "289", "Level": "3", "UserID": "S-1-5-19", "EventData.StartTime": "2023-07-18 14:52:32.777266+00:00", "EventData.NameLength": "12", "EventData.Name": "MsMpEng.exe", "EventData.FriendlyNameLength": "31", "EventData.FriendlyName": "Antimalware Service Executable", "EventData.VersionLength": "56", "EventData.Version": "4.18.23050.5 (b79513656627928b5505482e6c59e640a77adba5)", "EventData.TotalTime": "22292", "EventData.DegradationTime": "14792", "EventData.PathLength": "78", "EventData.Path": "C:\\ProgramData\\Microsoft\\Windows Defender\\Platform\\4.18.23050.5-0\\MsMpEng.exe", "EventData.ProductNameLength": "37", "EventData.ProductName": "Microsoft® Windows® Operating System", "EventData.CompanyNameLength": "22", "EventData.CompanyName": "Microsoft Corporation"}
{"EventID": "101", "Channel": "Microsoft-Windows-Diagnostics-Performance/Operational", "Provider_Name": "Microsoft-Windows-Diagnostics-Performance", "Computer": "DESKTOP-OFJ6N53", "TimeCreated": "2023-07-18 14:54:29.098669+00:00", "RecordID": "290", "Level": "3", "UserID": "S-1-5-19", "EventData.StartTime": "2023-07-18 14:52:32.777266+00:00", "EventData.NameLength": "11", "EventData.Name": "vpnsvc.exe", "EventData.FriendlyNameLength": "1", "EventData.FriendlyName": null, "EventData.VersionLength": "10", "EventData.Version": "4.3.20949", "EventData.TotalTime": "2078", "EventData.DegradationTime": "1103", "EventData.PathLength": "49", "EventData.Path": "C:\\Program Files (x86)\\S-Terra Client\\vpnsvc.exe", "EventData.ProductNameLength": "15", "EventData.ProductName": "S-Terra Client", "EventData.CompanyNameLength": "12", "EventData.CompanyName": "S-Terra CSP"}
{"EventID": "101", "Channel": "Microsoft-Windows-Diagnostics-Performance/Operational", "Provider_Name": "Microsoft-Windows-Diagnostics-Performance", "Computer": "DESKTOP-OFJ6N53", "TimeCreated": "2023-07-18 14:54:29.098679+00:00", "RecordID": "291", "Level": "3", "UserID": "S-1-5-19", "EventData.StartTime": "2023-07-18 14:52:32.777266+00:00", "EventData.NameLength": "16", "EventData.Name": "Ast_Service.exe", "EventData.FriendlyNameLength": "17", "EventData.FriendlyName": "Служба Ассистент", "EventData.VersionLength": "14", "EventData.Version": "5.4.2305.2601", "EventData.TotalTime": "1827", "EventData.DegradationTime": "827", "EventData.PathLength": "49", "EventData.Path": "C:\\Program Files (x86)\\Ассистент\\Ast_Service.exe", "EventData.ProductNameLength": "10", "EventData.ProductName": "Ассистент", "EventData.CompanyNameLength": "12", "EventData.CompanyName": "ООО \"САФИБ\""}
{"EventID": "200", "Channel": "Microsoft-Windows-Diagnostics-Performance/Operational", "Provider_Name": "Microsoft-Windows-Diagnostics-Performance", "Computer": "DESKTOP-OFJ6N53", "TimeCreated": "2023-07-25 09:01:01.669256+00:00", "RecordID": "292", "Level": "3", "UserID": "S-1-5-19", "EventData.ShutdownTsVersion": "1", "EventData.ShutdownStartTime": "2023-07-25 08:58:38.457066+00:00", "EventData.ShutdownEndTime": "2023-07-25 08:58:59.485157+00:00", "EventData.ShutdownTime": "21028", "EventData.ShutdownUserSessionTime": "2702", "EventData.ShutdownUserPolicyTime": "41", "EventData.ShutdownUserProfilesTime": "88", "EventData.ShutdownSystemSessionsTime": "6295", "EventData.ShutdownPreShutdownNotificationsTime": "1129", "EventData.ShutdownServicesTime": "4998", "EventData.ShutdownKernelTime": "12029", "EventData.ShutdownRootCauseStepImprovementBits": "0", "EventData.ShutdownRootCauseGradualImprovementBits": "0", "EventData.ShutdownRootCauseStepDegradationBits": "0", "EventData.ShutdownRootCauseGradualDegradationBits": "0", "EventData.ShutdownIsDegradation": "False", "EventData.ShutdownTimeChange": "0"}
{"EventID": "100", "Channel": "Microsoft-Windows-Diagnostics-Performance/Operational", "Provider_Name": "Microsoft-Windows-Diagnostics-Performance", "Computer": "DESKTOP-OFJ6N53", "TimeCreated": "2023-07-25 09:01:02.799200+00:00", "RecordID": "293", "Level": "2", "UserID": "S-1-5-19", "EventData.BootTsVersion": "2", "EventData.BootStartTime": "2023-07-25 08:59:07.789919+00:00", "EventData.BootEndTime": "2023-07-25 09:01:00.231482+00:00", "EventData.SystemBootInstance": "33", "EventData.UserBootInstance": "33", "EventData.BootTime": "62703", "EventData.MainPathBootTime": "26803", "EventData.BootKernelInitTime": "60", "EventData.BootDriverInitTime": "5399", "EventData.BootDevicesInitTime": "4725", "EventData.BootPrefetchInitTime": "0", "EventData.BootPrefetchBytes": "0", "EventData.BootAutoChkTime": "0", "EventData.BootSmssInitTime": "1923", "EventData.BootCriticalServicesInitTime": "388", "EventData.BootUserProfileProcessingTime": "4760", "EventData.BootMachineProfileProcessingTime": "105", "EventData.BootExplorerInitTime": "7171", "EventData.BootNumStartupApps": "19", "EventData.BootPostBootTime": "35900", "EventData.BootIsRebootAfterInstall": "False", "EventData.BootRootCauseStepImprovementBits": "0", "EventData.BootRootCauseGradualImprovementBits": "0", "EventData.BootRootCauseStepDegradationBits": "0", "EventData.BootRootCauseGradualDegradationBits": "0", "EventData.BootIsDegradation": "False", "EventData.BootIsStepDegradation": "False", "EventData.BootIsGradualDegradation": "False", "EventData.BootImprovementDelta": "0", "EventData.BootDegradationDelta": "0", "EventData.BootIsRootCauseIdentified": "False", "EventData.OSLoaderDuration": "1178", "EventData.BootPNPInitStartTimeMS": "60", "EventData.BootPNPInitDuration": "4113", "EventData.OtherKernelInitDuration": "1851", "EventData.SystemPNPInitStartTimeMS": "5944", "EventData.SystemPNPInitDuration": "4836", "EventData.SessionInitStartTimeMS": "10802", "EventData.Session0InitDuration": "401", "EventData.Session1InitDuration": "49", "EventData.SessionInitOtherDuration": "1472", "EventData.WinLogonStartTimeMS": "12726", "EventData.OtherLogonInitActivityDuration": "2040", "EventData.UserLogonWaitDuration": "804"}
{"EventID": "101", "Channel": "Microsoft-Windows-Diagnostics-Performance/Operational", "Provider_Name": "Microsoft-Windows-Diagnostics-Performance", "Computer": "DESKTOP-OFJ6N53", "TimeCreated": "2023-07-25 09:01:02.799213+00:00", "RecordID": "294", "Level": "3", "UserID": "S-1-5-19", "EventData.StartTime": "2023-07-25 08:59:07.789919+00:00", "EventData.NameLength": "12", "EventData.Name": "MsMpEng.exe", "EventData.FriendlyNameLength": "31", "EventData.FriendlyName": "Antimalware Service Executable", "EventData.VersionLength": "56", "EventData.Version": "4.18.23050.9 (18bf1f2590bbc7e0256a02153591e722bb971707)", "EventData.TotalTime": "20733", "EventData.DegradationTime": "13233", "EventData.PathLength": "78", "EventData.Path": "C:\\ProgramData\\Microsoft\\Windows Defender\\Platform\\4.18.23050.9-0\\MsMpEng.exe", "EventData.ProductNameLength": "37", "EventData.ProductName": "Microsoft® Windows® Operating System", "EventData.CompanyNameLength": "22", "EventData.CompanyName": "Microsoft Corporation"}
{"EventID": "200", "Channel": "Microsoft-Windows-Diagnostics-Performance/Operational", "Provider_Name": "Microsoft-Windows-Diagnostics-Performance", "Computer": "DESKTOP-OFJ6N53", "TimeCreated": "2023-07-26 16:06:51.798050+00:00", "RecordID": "295", "Level": "3", "UserID": "S-1-5-19", "EventData.ShutdownTsVersion": "1", "EventData.ShutdownStartTime": "2023-07-26 16:04:35.755688+00:00", "EventData.ShutdownEndTime": "2023-07-26 16:04:50.672552+00:00", "EventData.ShutdownTime": "14916", "EventData.ShutdownUserSessionTime": "6942", "EventData.ShutdownUserPolicyTime": "38", "EventData.ShutdownUserProfilesTime": "55", "EventData.ShutdownSystemSessionsTime": "5121", "EventData.ShutdownPreShutdownNotificationsTime": "59", "EventData.ShutdownServicesTime": "5000", "EventData.ShutdownKernelTime": "2853", "EventData.ShutdownRootCauseStepImprovementBits": "32", "EventData.ShutdownRootCauseGradualImprovementBits": "0", "EventData.ShutdownRootCauseStepDegradationBits": "0", "EventData.ShutdownRootCauseGradualDegradationBits": "0", "EventData.ShutdownIsDegradation": "False", "EventData.ShutdownTimeChange": "0"}
{"EventID": "100", "Channel": "Microsoft-Windows-Diagnostics-Performance/Operational", "Provider_Name": "Microsoft-Windows-Diagnostics-Performance", "Computer": "DESKTOP-OFJ6N53", "TimeCreated": "2023-07-26 16:06:52.973927+00:00", "RecordID": "296", "Level": "2", "UserID": "S-1-5-19", "EventData.BootTsVersion": "2", "EventData.BootStartTime": "2023-07-26 16:05:00.071026+00:00", "EventData.BootEndTime": "2023-07-26 16:06:50.441807+00:00", "EventData.SystemBootInstance": "34", "EventData.UserBootInstance": "34", "EventData.BootTime": "73825", "EventData.MainPathBootTime": "25425", "EventData.BootKernelInitTime": "81", "EventData.BootDriverInitTime": "1279", "EventData.BootDevicesInitTime": "4772", "EventData.BootPrefetchInitTime": "0", "EventData.BootPrefetchBytes": "0", "EventData.BootAutoChkTime": "0", "EventData.BootSmssInitTime": "4062", "EventData.BootCriticalServicesInitTime": "695", "EventData.BootUserProfileProcessingTime": "5124", "EventData.BootMachineProfileProcessingTime": "60", "EventData.BootExplorerInitTime": "7650", "EventData.BootNumStartupApps": "16", "EventData.BootPostBootTime": "48400", "EventData.BootIsRebootAfterInstall": "False", "EventData.BootRootCauseStepImprovementBits": "0", "EventData.BootRootCauseGradualImprovementBits": "0", "EventData.BootRootCauseStepDegradationBits": "0", "EventData.BootRootCauseGradualDegradationBits": "0", "EventData.BootIsDegradation": "False", "EventData.BootIsStepDegradation": "False", "EventData.BootIsGradualDegradation": "False", "EventData.BootImprovementDelta": "0", "EventData.BootDegradationDelta": "0", "EventData.BootIsRootCauseIdentified": "False", "EventData.OSLoaderDuration": "1067", "EventData.BootPNPInitStartTimeMS": "81", "EventData.BootPNPInitDuration": "3989", "EventData.OtherKernelInitDuration": "1891", "EventData.SystemPNPInitStartTimeMS": "5856", "EventData.SystemPNPInitDuration": "689", "EventData.SessionInitStartTimeMS": "6569", "EventData.Session0InitDuration": "523", "EventData.Session1InitDuration": "44", "EventData.SessionInitOtherDuration": "3494", "EventData.WinLogonStartTimeMS": "10632", "EventData.OtherLogonInitActivityDuration": "1958", "EventData.UserLogonWaitDuration": "821"}
{"EventID": "101", "Channel": "Microsoft-Windows-Diagnostics-Performance/Operational", "Provider_Name": "Microsoft-Windows-Diagnostics-Performance", "Computer": "DESKTOP-OFJ6N53", "TimeCreated": "2023-07-26 16:06:52.973936+00:00", "RecordID": "297", "Level": "2", "UserID": "S-1-5-19", "EventData.StartTime": "2023-07-26 16:05:00.071026+00:00", "EventData.NameLength": "12", "EventData.Name": "MsMpEng.exe", "EventData.FriendlyNameLength": "31", "EventData.FriendlyName": "Antimalware Service Executable", "EventData.VersionLength": "56", "EventData.Version": "4.18.23050.9 (18bf1f2590bbc7e0256a02153591e722bb971707)", "EventData.TotalTime": "29262", "EventData.DegradationTime": "21762", "EventData.PathLength": "78", "EventData.Path": "C:\\ProgramData\\Microsoft\\Windows Defender\\Platform\\4.18.23050.9-0\\MsMpEng.exe", "EventData.ProductNameLength": "37", "EventData.ProductName": "Microsoft® Windows® Operating System", "EventData.CompanyNameLength": "22", "EventData.CompanyName": "Microsoft Corporation"}
{"EventID": "200", "Channel": "Microsoft-Windows-Diagnostics-Performance/Operational", "Provider_Name": "Microsoft-Windows-Diagnostics-Performance", "Computer": "DESKTOP-OFJ6N53", "TimeCreated": "2023-07-31 13:03:13.502583+00:00", "RecordID": "298", "Level": "3", "UserID": "S-1-5-19", "EventData.ShutdownTsVersion": "1", "EventData.ShutdownStartTime": "2023-07-31 13:00:57.962101+00:00", "EventData.ShutdownEndTime": "2023-07-31 13:01:15.245932+00:00", "EventData.ShutdownTime": "17283", "EventData.ShutdownUserSessionTime": "2605", "EventData.ShutdownUserPolicyTime": "38", "EventData.ShutdownUserProfilesTime": "81", "EventData.ShutdownSystemSessionsTime": "6156", "EventData.ShutdownPreShutdownNotificationsTime": "1112", "EventData.ShutdownServicesTime": "4999", "EventData.ShutdownKernelTime": "8521", "EventData.ShutdownRootCauseStepImprovementBits": "1", "EventData.ShutdownRootCauseGradualImprovementBits": "0", "EventData.ShutdownRootCauseStepDegradationBits": "0", "EventData.ShutdownRootCauseGradualDegradationBits": "0", "EventData.ShutdownIsDegradation": "False", "EventData.ShutdownTimeChange": "0"}
{"EventID": "100", "Channel": "Microsoft-Windows-Diagnostics-Performance/Operational", "Provider_Name": "Microsoft-Windows-Diagnostics-Performance", "Computer": "DESKTOP-OFJ6N53", "TimeCreated": "2023-07-31 13:03:15.014179+00:00", "RecordID": "299", "Level": "2", "UserID": "S-1-5-19", "EventData.BootTsVersion": "2", "EventData.BootStartTime": "2023-07-31 13:01:23.759138+00:00", "EventData.BootEndTime": "2023-07-31 13:03:12.112980+00:00", "EventData.SystemBootInstance": "35", "EventData.UserBootInstance": "35", "EventData.BootTime": "73491", "EventData.MainPathBootTime": "23391", "EventData.BootKernelInitTime": "73", "EventData.BootDriverInitTime": "1191", "EventData.BootDevicesInitTime": "4771", "EventData.BootPrefetchInitTime": "0", "EventData.BootPrefetchBytes": "0", "EventData.BootAutoChkTime": "0", "EventData.BootSmssInitTime": "2035", "EventData.BootCriticalServicesInitTime": "609", "EventData.BootUserProfileProcessingTime": "5455", "EventData.BootMachineProfileProcessingTime": "53", "EventData.BootExplorerInitTime": "7714", "EventData.BootNumStartupApps": "19", "EventData.BootPostBootTime": "50100", "EventData.BootIsRebootAfterInstall": "False", "EventData.BootRootCauseStepImprovementBits": "2051", "EventData.BootRootCauseGradualImprovementBits": "2", "EventData.BootRootCauseStepDegradationBits": "0", "EventData.BootRootCauseGradualDegradationBits": "0", "EventData.BootIsDegradation": "False", "EventData.BootIsStepDegradation": "False", "EventData.BootIsGradualDegradation": "False", "EventData.BootImprovementDelta": "28237", "EventData.BootDegradationDelta": "0", "EventData.BootIsRootCauseIdentified": "True", "EventData.OSLoaderDuration": "992", "EventData.BootPNPInitStartTimeMS": "73", "EventData.BootPNPInitDuration": "4024", "EventData.OtherKernelInitDuration": "1844", "EventData.SystemPNPInitStartTimeMS": "5842", "EventData.SystemPNPInitDuration": "646", "EventData.SessionInitStartTimeMS": "6515", "EventData.Session0InitDuration": "363", "EventData.Session1InitDuration": "46", "EventData.SessionInitOtherDuration": "1625", "EventData.WinLogonStartTimeMS": "8550", "EventData.OtherLogonInitActivityDuration": "1617", "EventData.UserLogonWaitDuration": "784"}
{"EventID": "101", "Channel": "Microsoft-Windows-Diagnostics-Performance/Operational", "Provider_Name": "Microsoft-Windows-Diagnostics-Performance", "Computer": "DESKTOP-OFJ6N53", "TimeCreated": "2023-07-31 13:03:15.014191+00:00", "RecordID": "300", "Level": "3", "UserID": "S-1-5-19", "EventData.StartTime": "2023-07-31 13:01:23.759138+00:00", "EventData.NameLength": "12", "EventData.Name": "MsMpEng.exe", "EventData.FriendlyNameLength": "31", "EventData.FriendlyName": "Antimalware Service Executable", "EventData.VersionLength": "56", "EventData.Version": "4.18.23050.9 (18bf1f2590bbc7e0256a02153591e722bb971707)", "EventData.TotalTime": "23037", "EventData.DegradationTime": "15537", "EventData.PathLength": "78", "EventData.Path": "C:\\ProgramData\\Microsoft\\Windows Defender\\Platform\\4.18.23050.9-0\\MsMpEng.exe", "EventData.ProductNameLength": "37", "EventData.ProductName": "Microsoft® Windows® Operating System", "EventData.CompanyNameLength": "22", "EventData.CompanyName": "Microsoft Corporation"}
{"EventID": "101", "Channel": "Microsoft-Windows-Diagnostics-Performance/Operational", "Provider_Name": "Microsoft-Windows-Diagnostics-Performance", "Computer": "DESKTOP-OFJ6N53", "TimeCreated": "2023-07-31 13:03:15.014198+00:00", "RecordID": "301", "Level": "3", "UserID": "S-1-5-19", "EventData.StartTime": "2023-07-31 13:01:23.759138+00:00", "EventData.NameLength": "15", "EventData.Name": "VpnService.exe", "EventData.FriendlyNameLength": "1", "EventData.FriendlyName": null, "EventData.VersionLength": "1", "EventData.Version": null, "EventData.TotalTime": "5252", "EventData.DegradationTime": "252", "EventData.PathLength": "67", "EventData.Path": "C:\\Program Files\\Security Code\\Continent VPN Client\\VpnService.exe", "EventData.ProductNameLength": "1", "EventData.ProductName": null, "EventData.CompanyNameLength": "1", "EventData.CompanyName": null}
{"EventID": "200", "Channel": "Microsoft-Windows-Diagnostics-Performance/Operational", "Provider_Name": "Microsoft-Windows-Diagnostics-Performance", "Computer": "DESKTOP-OFJ6N53", "TimeCreated": "2023-08-02 10:04:54.171768+00:00", "RecordID": "302", "Level": "3", "UserID": "S-1-5-19", "EventData.ShutdownTsVersion": "1", "EventData.ShutdownStartTime": "2023-08-02 10:02:33.528662+00:00", "EventData.ShutdownEndTime": "2023-08-02 10:02:54.007822+00:00", "EventData.ShutdownTime": "20479", "EventData.ShutdownUserSessionTime": "8213", "EventData.ShutdownUserPolicyTime": "137", "EventData.ShutdownUserProfilesTime": "61", "EventData.ShutdownSystemSessionsTime": "6473", "EventData.ShutdownPreShutdownNotificationsTime": "1421", "EventData.ShutdownServicesTime": "5004", "EventData.ShutdownKernelTime": "5792", "EventData.ShutdownRootCauseStepImprovementBits": "64", "EventData.ShutdownRootCauseGradualImprovementBits": "0", "EventData.ShutdownRootCauseStepDegradationBits": "0", "EventData.ShutdownRootCauseGradualDegradationBits": "0", "EventData.ShutdownIsDegradation": "False", "EventData.ShutdownTimeChange": "0"}
{"EventID": "100", "Channel": "Microsoft-Windows-Diagnostics-Performance/Operational", "Provider_Name": "Microsoft-Windows-Diagnostics-Performance", "Computer": "DESKTOP-OFJ6N53", "TimeCreated": "2023-08-02 10:04:54.459887+00:00", "RecordID": "303", "Level": "2", "UserID": "S-1-5-19", "EventData.BootTsVersion": "2", "EventData.BootStartTime": "2023-08-02 10:03:02.758978+00:00", "EventData.BootEndTime": "2023-08-02 10:04:51.476685+00:00", "EventData.SystemBootInstance": "36", "EventData.UserBootInstance": "36", "EventData.BootTime": "71116", "EventData.MainPathBootTime": "26016", "EventData.BootKernelInitTime": "72", "EventData.BootDriverInitTime": "1241", "EventData.BootDevicesInitTime": "4735", "EventData.BootPrefetchInitTime": "0", "EventData.BootPrefetchBytes": "0", "EventData.BootAutoChkTime": "0", "EventData.BootSmssInitTime": "1767", "EventData.BootCriticalServicesInitTime": "558", "EventData.BootUserProfileProcessingTime": "5694", "EventData.BootMachineProfileProcessingTime": "66", "EventData.BootExplorerInitTime": "10502", "EventData.BootNumStartupApps": "16", "EventData.BootPostBootTime": "45100", "EventData.BootIsRebootAfterInstall": "False", "EventData.BootRootCauseStepImprovementBits": "8", "EventData.BootRootCauseGradualImprovementBits": "256", "EventData.BootRootCauseStepDegradationBits": "0", "EventData.BootRootCauseGradualDegradationBits": "0", "EventData.BootIsDegradation": "False", "EventData.BootIsStepDegradation": "False", "EventData.BootIsGradualDegradation": "False", "EventData.BootImprovementDelta": "0", "EventData.BootDegradationDelta": "0", "EventData.BootIsRootCauseIdentified": "True", "EventData.OSLoaderDuration": "1019", "EventData.BootPNPInitStartTimeMS": "72", "EventData.BootPNPInitDuration": "3925", "EventData.OtherKernelInitDuration": "1940", "EventData.SystemPNPInitStartTimeMS": "5849", "EventData.SystemPNPInitDuration": "610", "EventData.SessionInitStartTimeMS": "6477", "EventData.Session0InitDuration": "367", "EventData.Session1InitDuration": "47", "EventData.SessionInitOtherDuration": "1352", "EventData.WinLogonStartTimeMS": "8244", "EventData.OtherLogonInitActivityDuration": "1509", "EventData.UserLogonWaitDuration": "858"}
{"EventID": "200", "Channel": "Microsoft-Windows-Diagnostics-Performance/Operational", "Provider_Name": "Microsoft-Windows-Diagnostics-Performance", "Computer": "DESKTOP-OFJ6N53", "TimeCreated": "2023-08-10 07:41:48.033245+00:00", "RecordID": "304", "Level": "2", "UserID": "S-1-5-19", "EventData.ShutdownTsVersion": "1", "EventData.ShutdownStartTime": "2023-08-10 07:37:19.380543+00:00", "EventData.ShutdownEndTime": "2023-08-10 07:38:43.848158+00:00", "EventData.ShutdownTime": "84467", "EventData.ShutdownUserSessionTime": "2299", "EventData.ShutdownUserPolicyTime": "3", "EventData.ShutdownUserProfilesTime": "104", "EventData.ShutdownSystemSessionsTime": "71124", "EventData.ShutdownPreShutdownNotificationsTime": "66066", "EventData.ShutdownServicesTime": "4999", "EventData.ShutdownKernelTime": "11043", "EventData.ShutdownRootCauseStepImprovementBits": "2", "EventData.ShutdownRootCauseGradualImprovementBits": "0", "EventData.ShutdownRootCauseStepDegradationBits": "0", "EventData.ShutdownRootCauseGradualDegradationBits": "0", "EventData.ShutdownIsDegradation": "False", "EventData.ShutdownTimeChange": "0"}
{"EventID": "100", "Channel": "Microsoft-Windows-Diagnostics-Performance/Operational", "Provider_Name": "Microsoft-Windows-Diagnostics-Performance", "Computer": "DESKTOP-OFJ6N53", "TimeCreated": "2023-08-10 07:41:52.000208+00:00", "RecordID": "305", "Level": "2", "UserID": "S-1-5-19", "EventData.BootTsVersion": "2", "EventData.BootStartTime": "2023-08-10 07:38:54.068415+00:00", "EventData.BootEndTime": "2023-08-10 07:41:45.635645+00:00", "EventData.SystemBootInstance": "37", "EventData.UserBootInstance": "37", "EventData.BootTime": "127000", "EventData.MainPathBootTime": "92500", "EventData.BootKernelInitTime": "76", "EventData.BootDriverInitTime": "1118", "EventData.BootDevicesInitTime": "4781", "EventData.BootPrefetchInitTime": "0", "EventData.BootPrefetchBytes": "0", "EventData.BootAutoChkTime": "0", "EventData.BootSmssInitTime": "4746", "EventData.BootCriticalServicesInitTime": "561", "EventData.BootUserProfileProcessingTime": "1509", "EventData.BootMachineProfileProcessingTime": "0", "EventData.BootExplorerInitTime": "14000", "EventData.BootNumStartupApps": "19", "EventData.BootPostBootTime": "34500", "EventData.BootIsRebootAfterInstall": "False", "EventData.BootRootCauseStepImprovementBits": "256", "EventData.BootRootCauseGradualImprovementBits": "0", "EventData.BootRootCauseStepDegradationBits": "0", "EventData.BootRootCauseGradualDegradationBits": "0", "EventData.BootIsDegradation": "False", "EventData.BootIsStepDegradation": "False", "EventData.BootIsGradualDegradation": "False", "EventData.BootImprovementDelta": "0", "EventData.BootDegradationDelta": "0", "EventData.BootIsRootCauseIdentified": "True", "EventData.OSLoaderDuration": "939", "EventData.BootPNPInitStartTimeMS": "76", "EventData.BootPNPInitDuration": "3994", "EventData.OtherKernelInitDuration": "1842", "EventData.SystemPNPInitStartTimeMS": "5820", "EventData.SystemPNPInitDuration": "598", "EventData.SessionInitStartTimeMS": "6435", "EventData.Session0InitDuration": "698", "EventData.Session1InitDuration": "49", "EventData.SessionInitOtherDuration": "3998", "EventData.WinLogonStartTimeMS": "11181", "EventData.OtherLogonInitActivityDuration": "65809", "EventData.UserLogonWaitDuration": "154"}
{"EventID": "101", "Channel": "Microsoft-Windows-Diagnostics-Performance/Operational", "Provider_Name": "Microsoft-Windows-Diagnostics-Performance", "Computer": "DESKTOP-OFJ6N53", "TimeCreated": "2023-08-10 07:41:52.000219+00:00", "RecordID": "306", "Level": "3", "UserID": "S-1-5-19", "EventData.StartTime": "2023-08-10 07:38:54.068415+00:00", "EventData.NameLength": "12", "EventData.Name": "MsMpEng.exe", "EventData.FriendlyNameLength": "31", "EventData.FriendlyName": "Antimalware Service Executable", "EventData.VersionLength": "56", "EventData.Version": "4.18.23050.9 (18bf1f2590bbc7e0256a02153591e722bb971707)", "EventData.TotalTime": "1878", "EventData.DegradationTime": "878", "EventData.PathLength": "78", "EventData.Path": "C:\\ProgramData\\Microsoft\\Windows Defender\\Platform\\4.18.23050.9-0\\MsMpEng.exe", "EventData.ProductNameLength": "37", "EventData.ProductName": "Microsoft® Windows® Operating System", "EventData.CompanyNameLength": "22", "EventData.CompanyName": "Microsoft Corporation"}
{"EventID": "200", "Channel": "Microsoft-Windows-Diagnostics-Performance/Operational", "Provider_Name": "Microsoft-Windows-Diagnostics-Performance", "Computer": "DESKTOP-OFJ6N53", "TimeCreated": "2023-08-16 10:02:00.641880+00:00", "RecordID": "307", "Level": "3", "UserID": "S-1-5-19", "EventData.ShutdownTsVersion": "1", "EventData.ShutdownStartTime": "2023-08-16 09:59:37.938444+00:00", "EventData.ShutdownEndTime": "2023-08-16 09:59:56.931654+00:00", "EventData.ShutdownTime": "18993", "EventData.ShutdownUserSessionTime": "2078", "EventData.ShutdownUserPolicyTime": "8", "EventData.ShutdownUserProfilesTime": "88", "EventData.ShutdownSystemSessionsTime": "6206", "EventData.ShutdownPreShutdownNotificationsTime": "1129", "EventData.ShutdownServicesTime": "5002", "EventData.ShutdownKernelTime": "10707", "EventData.ShutdownRootCauseStepImprovementBits": "0", "EventData.ShutdownRootCauseGradualImprovementBits": "0", "EventData.ShutdownRootCauseStepDegradationBits": "0", "EventData.ShutdownRootCauseGradualDegradationBits": "0", "EventData.ShutdownIsDegradation": "False", "EventData.ShutdownTimeChange": "0"}
{"EventID": "100", "Channel": "Microsoft-Windows-Diagnostics-Performance/Operational", "Provider_Name": "Microsoft-Windows-Diagnostics-Performance", "Computer": "DESKTOP-OFJ6N53", "TimeCreated": "2023-08-16 10:02:02.174919+00:00", "RecordID": "308", "Level": "2", "UserID": "S-1-5-19", "EventData.BootTsVersion": "2", "EventData.BootStartTime": "2023-08-16 10:00:04.757507+00:00", "EventData.BootEndTime": "2023-08-16 10:01:58.392803+00:00", "EventData.SystemBootInstance": "38", "EventData.UserBootInstance": "38", "EventData.BootTime": "70325", "EventData.MainPathBootTime": "28225", "EventData.BootKernelInitTime": "75", "EventData.BootDriverInitTime": "5432", "EventData.BootDevicesInitTime": "4933", "EventData.BootPrefetchInitTime": "0", "EventData.BootPrefetchBytes": "0", "EventData.BootAutoChkTime": "0", "EventData.BootSmssInitTime": "2010", "EventData.BootCriticalServicesInitTime": "728", "EventData.BootUserProfileProcessingTime": "5846", "EventData.BootMachineProfileProcessingTime": "70", "EventData.BootExplorerInitTime": "7401", "EventData.BootNumStartupApps": "18", "EventData.BootPostBootTime": "42100", "EventData.BootIsRebootAfterInstall": "False", "EventData.BootRootCauseStepImprovementBits": "0", "EventData.BootRootCauseGradualImprovementBits": "0", "EventData.BootRootCauseStepDegradationBits": "0", "EventData.BootRootCauseGradualDegradationBits": "0", "EventData.BootIsDegradation": "False", "EventData.BootIsStepDegradation": "False", "EventData.BootIsGradualDegradation": "False", "EventData.BootImprovementDelta": "0", "EventData.BootDegradationDelta": "0", "EventData.BootIsRootCauseIdentified": "False", "EventData.OSLoaderDuration": "1064", "EventData.BootPNPInitStartTimeMS": "75", "EventData.BootPNPInitDuration": "4268", "EventData.OtherKernelInitDuration": "1874", "EventData.SystemPNPInitStartTimeMS": "6126", "EventData.SystemPNPInitDuration": "4861", "EventData.SessionInitStartTimeMS": "11004", "EventData.Session0InitDuration": "366", "EventData.Session1InitDuration": "46", "EventData.SessionInitOtherDuration": "1597", "EventData.WinLogonStartTimeMS": "13015", "EventData.OtherLogonInitActivityDuration": "1892", "EventData.UserLogonWaitDuration": "983"}
{"EventID": "101", "Channel": "Microsoft-Windows-Diagnostics-Performance/Operational", "Provider_Name": "Microsoft-Windows-Diagnostics-Performance", "Computer": "DESKTOP-OFJ6N53", "TimeCreated": "2023-08-16 10:02:02.174929+00:00", "RecordID": "309", "Level": "2", "UserID": "S-1-5-19", "EventData.StartTime": "2023-08-16 10:00:04.757507+00:00", "EventData.NameLength": "12", "EventData.Name": "MsMpEng.exe", "EventData.FriendlyNameLength": "31", "EventData.FriendlyName": "Antimalware Service Executable", "EventData.VersionLength": "59", "EventData.Version": "4.18.23070.1004 (bb9bcf4b5a81795c3d7eff6d093b19bf6dc550ed)", "EventData.TotalTime": "30645", "EventData.DegradationTime": "22145", "EventData.PathLength": "81", "EventData.Path": "C:\\ProgramData\\Microsoft\\Windows Defender\\Platform\\4.18.23070.1004-0\\MsMpEng.exe", "EventData.ProductNameLength": "37", "EventData.ProductName": "Microsoft® Windows® Operating System", "EventData.CompanyNameLength": "22", "EventData.CompanyName": "Microsoft Corporation"}
