{"EventID": "6065", "Channel": "Microsoft-Windows-SettingSync/Debug", "Provider_Name": "Microsoft-Windows-SettingSync", "Computer": "DESKTOP-OFJ6N53", "TimeCreated": "2024-12-29 10:10:18.683628+00:00", "RecordID": "4940", "Level": "2", "UserID": "S-1-5-21-963789628-1060504924-4285088085-1001", "EventData.Message": "onecoreuap\\shell\\roaming\\settingsynccore\\settingsyncreporting\\settingsyncreporting.cpp(29)\\SettingSyncCore.dll!00007FF83A8A65B7: (caller: 00007FF849348902) ReturnHr(12) tid(2af0) 800708CA Сетевое подключение не существует."}
{"EventID": "6524", "Channel": "Microsoft-Windows-SettingSync/Debug", "Provider_Name": "Microsoft-Windows-SettingSync", "Computer": "DESKTOP-OFJ6N53", "TimeCreated": "2024-12-29 10:10:18.743170+00:00", "RecordID": "4941", "Level": "4", "UserID": "S-1-5-21-963789628-1060504924-4285088085-1001"}
{"EventID": "6065", "Channel": "Microsoft-Windows-SettingSync/Debug", "Provider_Name": "Microsoft-Windows-SettingSync", "Computer": "DESKTOP-OFJ6N53", "TimeCreated": "2024-12-30 10:10:20.166098+00:00", "RecordID": "4942", "Level": "2", "UserID": "S-1-5-21-963789628-1060504924-4285088085-1001", "EventData.Message": "onecoreuap\\shell\\roaming\\settingsynccore\\settingsyncreporting\\settingsyncreporting.cpp(146)\\SettingSyncCore.dll!00007FF83A8A6484: (caller: 00007FF83A8A6046) ReturnHr(13) tid(2f2c) 800708CA Сетевое подключение не существует."}
{"EventID": "6065", "Channel": "Microsoft-Windows-SettingSync/Debug", "Provider_Name": "Microsoft-Windows-SettingSync", "Computer": "DESKTOP-OFJ6N53", "TimeCreated": "2024-12-30 10:10:20.166113+00:00", "RecordID": "4943", "Level": "2", "UserID": "S-1-5-21-963789628-1060504924-4285088085-1001", "EventData.Message": "onecoreuap\\shell\\roaming\\settingsynccore\\settingsyncreporting\\settingsyncreporting.cpp(55)\\SettingSyncCore.dll!00007FF83A8A6063: (caller: 00007FF83A8A6536) ReturnHr(14) tid(2f2c) 800708CA Сетевое подключение не существует."}
{"EventID": "6065", "Channel": "Microsoft-Windows-SettingSync/Debug", "Provider_Name": "Microsoft-Windows-SettingSync", "Computer": "DESKTOP-OFJ6N53", "TimeCreated": "2024-12-30 10:10:20.166121+00:00", "RecordID": "4944", "Level": "2", "UserID": "S-1-5-21-963789628-1060504924-4285088085-1001", "EventData.Message": "onecoreuap\\shell\\roaming\\settingsynccore\\settingsyncreporting\\settingsyncreporting.cpp(29)\\SettingSyncCore.dll!00007FF83A8A65B7: (caller: 00007FF849348902) ReturnHr(15) tid(2f2c) 800708CA Сетевое подключение не существует."}
{"EventID": "6524", "Channel": "Microsoft-Windows-SettingSync/Debug", "Provider_Name": "Microsoft-Windows-SettingSync", "Computer": "DESKTOP-OFJ6N53", "TimeCreated": "2024-12-30 10:10:20.207010+00:00", "RecordID": "4945", "Level": "4", "UserID": "S-1-5-21-963789628-1060504924-4285088085-1001"}
{"EventID": "6065", "Channel": "Microsoft-Windows-SettingSync/Debug", "Provider_Name": "Microsoft-Windows-SettingSync", "Computer": "DESKTOP-OFJ6N53", "TimeCreated": "2024-12-31 10:10:21.203613+00:00", "RecordID": "4946", "Level": "2", "UserID": "S-1-5-21-963789628-1060504924-4285088085-1001", "EventData.Message": "onecoreuap\\shell\\roaming\\settingsynccore\\settingsyncreporting\\settingsyncreporting.cpp(146)\\SettingSyncCore.dll!00007FF83A8A6484: (caller: 00007FF83A8A6046) ReturnHr(16) tid(3ac) 800708CA Сетевое подключение не существует."}
{"EventID": "6065", "Channel": "Microsoft-Windows-SettingSync/Debug", "Provider_Name": "Microsoft-Windows-SettingSync", "Computer": "DESKTOP-OFJ6N53", "TimeCreated": "2024-12-31 10:10:21.203627+00:00", "RecordID": "4947", "Level": "2", "UserID": "S-1-5-21-963789628-1060504924-4285088085-1001", "EventData.Message": "onecoreuap\\shell\\roaming\\settingsynccore\\settingsyncreporting\\settingsyncreporting.cpp(55)\\SettingSyncCore.dll!00007FF83A8A6063: (caller: 00007FF83A8A6536) ReturnHr(17) tid(3ac) 800708CA Сетевое подключение не существует."}
{"EventID": "6065", "Channel": "Microsoft-Windows-SettingSync/Debug", "Provider_Name": "Microsoft-Windows-SettingSync", "Computer": "DESKTOP-OFJ6N53", "TimeCreated": "2024-12-31 10:10:21.203634+00:00", "RecordID": "4948", "Level": "2", "UserID": "S-1-5-21-963789628-1060504924-4285088085-1001", "EventData.Message": "onecoreuap\\shell\\roaming\\settingsynccore\\settingsyncreporting\\settingsyncreporting.cpp(29)\\SettingSyncCore.dll!00007FF83A8A65B7: (caller: 00007FF849348902) ReturnHr(18) tid(3ac) 800708CA Сетевое подключение не существует."}
{"EventID": "6524", "Channel": "Microsoft-Windows-SettingSync/Debug", "Provider_Name": "Microsoft-Windows-SettingSync", "Computer": "DESKTOP-OFJ6N53", "TimeCreated": "2024-12-31 10:10:21.238958+00:00", "RecordID": "4949", "Level": "4", "UserID": "S-1-5-21-963789628-1060504924-4285088085-1001"}
{"EventID": "6065", "Channel": "Microsoft-Windows-SettingSync/Debug", "Provider_Name": "Microsoft-Windows-SettingSync", "Computer": "DESKTOP-OFJ6N53", "TimeCreated": "2025-01-01 10:10:22.041367+00:00", "RecordID": "4950", "Level": "2", "UserID": "S-1-5-21-963789628-1060504924-4285088085-1001", "EventData.Message": "onecoreuap\\shell\\roaming\\settingsynccore\\settingsyncreporting\\settingsyncreporting.cpp(146)\\SettingSyncCore.dll!00007FF83A8A6484: (caller: 00007FF83A8A6046) ReturnHr(19) tid(f30) 800708CA Сетевое подключение не существует."}
{"EventID": "6065", "Channel": "Microsoft-Windows-SettingSync/Debug", "Provider_Name": "Microsoft-Windows-SettingSync", "Computer": "DESKTOP-OFJ6N53", "TimeCreated": "2025-01-01 10:10:22.041376+00:00", "RecordID": "4951", "Level": "2", "UserID": "S-1-5-21-963789628-1060504924-4285088085-1001", "EventData.Message": "onecoreuap\\shell\\roaming\\settingsynccore\\settingsyncreporting\\settingsyncreporting.cpp(55)\\SettingSyncCore.dll!00007FF83A8A6063: (caller: 00007FF83A8A6536) ReturnHr(20) tid(f30) 800708CA Сетевое подключение не существует."}
{"EventID": "6065", "Channel": "Microsoft-Windows-SettingSync/Debug", "Provider_Name": "Microsoft-Windows-SettingSync", "Computer": "DESKTOP-OFJ6N53", "TimeCreated": "2025-01-01 10:10:22.041384+00:00", "RecordID": "4952", "Level": "2", "UserID": "S-1-5-21-963789628-1060504924-4285088085-1001", "EventData.Message": "onecoreuap\\shell\\roaming\\settingsynccore\\settingsyncreporting\\settingsyncreporting.cpp(29)\\SettingSyncCore.dll!00007FF83A8A65B7: (caller: 00007FF849348902) ReturnHr(21) tid(f30) 800708CA Сетевое подключение не существует."}
{"EventID": "6524", "Channel": "Microsoft-Windows-SettingSync/Debug", "Provider_Name": "Microsoft-Windows-SettingSync", "Computer": "DESKTOP-OFJ6N53", "TimeCreated": "2025-01-01 10:10:22.054419+00:00", "RecordID": "4953", "Level": "4", "UserID": "S-1-5-21-963789628-1060504924-4285088085-1001"}
{"EventID": "6065", "Channel": "Microsoft-Windows-SettingSync/Debug", "Provider_Name": "Microsoft-Windows-SettingSync", "Computer": "DESKTOP-OFJ6N53", "TimeCreated": "2025-01-02 10:10:24.140467+00:00", "RecordID": "4954", "Level": "2", "UserID": "S-1-5-21-963789628-1060504924-4285088085-1001", "EventData.Message": "onecoreuap\\shell\\roaming\\settingsynccore\\settingsyncreporting\\settingsyncreporting.cpp(146)\\SettingSyncCore.dll!00007FF83A8A6484: (caller: 00007FF83A8A6046) ReturnHr(22) tid(1d58) 800708CA Сетевое подключение не существует."}
{"EventID": "6065", "Channel": "Microsoft-Windows-SettingSync/Debug", "Provider_Name": "Microsoft-Windows-SettingSync", "Computer": "DESKTOP-OFJ6N53", "TimeCreated": "2025-01-02 10:10:24.140476+00:00", "RecordID": "4955", "Level": "2", "UserID": "S-1-5-21-963789628-1060504924-4285088085-1001", "EventData.Message": "onecoreuap\\shell\\roaming\\settingsynccore\\settingsyncreporting\\settingsyncreporting.cpp(55)\\SettingSyncCore.dll!00007FF83A8A6063: (caller: 00007FF83A8A6536) ReturnHr(23) tid(1d58) 800708CA Сетевое подключение не существует."}
{"EventID": "6065", "Channel": "Microsoft-Windows-SettingSync/Debug", "Provider_Name": "Microsoft-Windows-SettingSync", "Computer": "DESKTOP-OFJ6N53", "TimeCreated": "2025-01-02 10:10:24.140482+00:00", "RecordID": "4956", "Level": "2", "UserID": "S-1-5-21-963789628-1060504924-4285088085-1001", "EventData.Message": "onecoreuap\\shell\\roaming\\settingsynccore\\settingsyncreporting\\settingsyncreporting.cpp(29)\\SettingSyncCore.dll!00007FF83A8A65B7: (caller: 00007FF849348902) ReturnHr(24) tid(1d58) 800708CA Сетевое подключение не существует."}
{"EventID": "6524", "Channel": "Microsoft-Windows-SettingSync/Debug", "Provider_Name": "Microsoft-Windows-SettingSync", "Computer": "DESKTOP-OFJ6N53", "TimeCreated": "2025-01-02 10:10:24.195612+00:00", "RecordID": "4957", "Level": "4", "UserID": "S-1-5-21-963789628-1060504924-4285088085-1001"}
{"EventID": "6065", "Channel": "Microsoft-Windows-SettingSync/Debug", "Provider_Name": "Microsoft-Windows-SettingSync", "Computer": "DESKTOP-OFJ6N53", "TimeCreated": "2025-01-03 10:10:25.061029+00:00", "RecordID": "4958", "Level": "2", "UserID": "S-1-5-21-963789628-1060504924-4285088085-1001", "EventData.Message": "onecoreuap\\shell\\roaming\\settingsynccore\\settingsyncreporting\\settingsyncreporting.cpp(146)\\SettingSyncCore.dll!00007FF83A8A6484: (caller: 00007FF83A8A6046) ReturnHr(25) tid(2c34) 800708CA Сетевое подключение не существует."}
{"EventID": "6065", "Channel": "Microsoft-Windows-SettingSync/Debug", "Provider_Name": "Microsoft-Windows-SettingSync", "Computer": "DESKTOP-OFJ6N53", "TimeCreated": "2025-01-03 10:10:25.061039+00:00", "RecordID": "4959", "Level": "2", "UserID": "S-1-5-21-963789628-1060504924-4285088085-1001", "EventData.Message": "onecoreuap\\shell\\roaming\\settingsynccore\\settingsyncreporting\\settingsyncreporting.cpp(55)\\SettingSyncCore.dll!00007FF83A8A6063: (caller: 00007FF83A8A6536) ReturnHr(26) tid(2c34) 800708CA Сетевое подключение не существует."}
{"EventID": "6065", "Channel": "Microsoft-Windows-SettingSync/Debug", "Provider_Name": "Microsoft-Windows-SettingSync", "Computer": "DESKTOP-OFJ6N53", "TimeCreated": "2025-01-03 10:10:25.061047+00:00", "RecordID": "4960", "Level": "2", "UserID": "S-1-5-21-963789628-1060504924-4285088085-1001", "EventData.Message": "onecoreuap\\shell\\roaming\\settingsynccore\\settingsyncreporting\\settingsyncreporting.cpp(29)\\SettingSyncCore.dll!00007FF83A8A65B7: (caller: 00007FF849348902) ReturnHr(27) tid(2c34) 800708CA Сетевое подключение не существует."}
{"EventID": "6524", "Channel": "Microsoft-Windows-SettingSync/Debug", "Provider_Name": "Microsoft-Windows-SettingSync", "Computer": "DESKTOP-OFJ6N53", "TimeCreated": "2025-01-03 10:10:25.106804+00:00", "RecordID": "4961", "Level": "4", "UserID": "S-1-5-21-963789628-1060504924-4285088085-1001"}
{"EventID": "6065", "Channel": "Microsoft-Windows-SettingSync/Debug", "Provider_Name": "Microsoft-Windows-SettingSync", "Computer": "DESKTOP-OFJ6N53", "TimeCreated": "2025-01-04 10:10:25.990459+00:00", "RecordID": "4962", "Level": "2", "UserID": "S-1-5-21-963789628-1060504924-4285088085-1001", "EventData.Message": "onecoreuap\\shell\\roaming\\settingsynccore\\settingsyncreporting\\settingsyncreporting.cpp(146)\\SettingSyncCore.dll!00007FF83A8A6484: (caller: 00007FF83A8A6046) ReturnHr(28) tid(143c) 800708CA Сетевое подключение не существует."}
{"EventID": "6065", "Channel": "Microsoft-Windows-SettingSync/Debug", "Provider_Name": "Microsoft-Windows-SettingSync", "Computer": "DESKTOP-OFJ6N53", "TimeCreated": "2025-01-04 10:10:25.990475+00:00", "RecordID": "4963", "Level": "2", "UserID": "S-1-5-21-963789628-1060504924-4285088085-1001", "EventData.Message": "onecoreuap\\shell\\roaming\\settingsynccore\\settingsyncreporting\\settingsyncreporting.cpp(55)\\SettingSyncCore.dll!00007FF83A8A6063: (caller: 00007FF83A8A6536) ReturnHr(29) tid(143c) 800708CA Сетевое подключение не существует."}
{"EventID": "6065", "Channel": "Microsoft-Windows-SettingSync/Debug", "Provider_Name": "Microsoft-Windows-SettingSync", "Computer": "DESKTOP-OFJ6N53", "TimeCreated": "2025-01-04 10:10:25.990486+00:00", "RecordID": "4964", "Level": "2", "UserID": "S-1-5-21-963789628-1060504924-4285088085-1001", "EventData.Message": "onecoreuap\\shell\\roaming\\settingsynccore\\settingsyncreporting\\settingsyncreporting.cpp(29)\\SettingSyncCore.dll!00007FF83A8A65B7: (caller: 00007FF849348902) ReturnHr(30) tid(143c) 800708CA Сетевое подключение не существует."}
{"EventID": "6524", "Channel": "Microsoft-Windows-SettingSync/Debug", "Provider_Name": "Microsoft-Windows-SettingSync", "Computer": "DESKTOP-OFJ6N53", "TimeCreated": "2025-01-04 10:10:26.046930+00:00", "RecordID": "4965", "Level": "4", "UserID": "S-1-5-21-963789628-1060504924-4285088085-1001"}
{"EventID": "6065", "Channel": "Microsoft-Windows-SettingSync/Debug", "Provider_Name": "Microsoft-Windows-SettingSync", "Computer": "DESKTOP-OFJ6N53", "TimeCreated": "2025-01-05 10:10:28.133945+00:00", "RecordID": "4966", "Level": "2", "UserID": "S-1-5-21-963789628-1060504924-4285088085-1001", "EventData.Message": "onecoreuap\\shell\\roaming\\settingsynccore\\settingsyncreporting\\settingsyncreporting.cpp(146)\\SettingSyncCore.dll!00007FF83A8A6484: (caller: 00007FF83A8A6046) ReturnHr(31) tid(186c) 800708CA Сетевое подключение не существует."}
{"EventID": "6065", "Channel": "Microsoft-Windows-SettingSync/Debug", "Provider_Name": "Microsoft-Windows-SettingSync", "Computer": "DESKTOP-OFJ6N53", "TimeCreated": "2025-01-05 10:10:28.133955+00:00", "RecordID": "4967", "Level": "2", "UserID": "S-1-5-21-963789628-1060504924-4285088085-1001", "EventData.Message": "onecoreuap\\shell\\roaming\\settingsynccore\\settingsyncreporting\\settingsyncreporting.cpp(55)\\SettingSyncCore.dll!00007FF83A8A6063: (caller: 00007FF83A8A6536) ReturnHr(32) tid(186c) 800708CA Сетевое подключение не существует."}
{"EventID": "6065", "Channel": "Microsoft-Windows-SettingSync/Debug", "Provider_Name": "Microsoft-Windows-SettingSync", "Computer": "DESKTOP-OFJ6N53", "TimeCreated": "2025-01-05 10:10:28.133963+00:00", "RecordID": "4968", "Level": "2", "UserID": "S-1-5-21-963789628-1060504924-4285088085-1001", "EventData.Message": "onecoreuap\\shell\\roaming\\settingsynccore\\settingsyncreporting\\settingsyncreporting.cpp(29)\\SettingSyncCore.dll!00007FF83A8A65B7: (caller: 00007FF849348902) ReturnHr(33) tid(186c) 800708CA Сетевое подключение не существует."}
{"EventID": "6524", "Channel": "Microsoft-Windows-SettingSync/Debug", "Provider_Name": "Microsoft-Windows-SettingSync", "Computer": "DESKTOP-OFJ6N53", "TimeCreated": "2025-01-05 10:10:28.182558+00:00", "RecordID": "4969", "Level": "4", "UserID": "S-1-5-21-963789628-1060504924-4285088085-1001"}
{"EventID": "6065", "Channel": "Microsoft-Windows-SettingSync/Debug", "Provider_Name": "Microsoft-Windows-SettingSync", "Computer": "DESKTOP-OFJ6N53", "TimeCreated": "2025-01-06 10:10:28.998953+00:00", "RecordID": "4970", "Level": "2", "UserID": "S-1-5-21-963789628-1060504924-4285088085-1001", "EventData.Message": "onecoreuap\\shell\\roaming\\settingsynccore\\settingsyncreporting\\settingsyncreporting.cpp(146)\\SettingSyncCore.dll!00007FF83A8A6484: (caller: 00007FF83A8A6046) ReturnHr(34) tid(34e8) 800708CA Сетевое подключение не существует."}
{"EventID": "6065", "Channel": "Microsoft-Windows-SettingSync/Debug", "Provider_Name": "Microsoft-Windows-SettingSync", "Computer": "DESKTOP-OFJ6N53", "TimeCreated": "2025-01-06 10:10:28.998966+00:00", "RecordID": "4971", "Level": "2", "UserID": "S-1-5-21-963789628-1060504924-4285088085-1001", "EventData.Message": "onecoreuap\\shell\\roaming\\settingsynccore\\settingsyncreporting\\settingsyncreporting.cpp(55)\\SettingSyncCore.dll!00007FF83A8A6063: (caller: 00007FF83A8A6536) ReturnHr(35) tid(34e8) 800708CA Сетевое подключение не существует."}
{"EventID": "6065", "Channel": "Microsoft-Windows-SettingSync/Debug", "Provider_Name": "Microsoft-Windows-SettingSync", "Computer": "DESKTOP-OFJ6N53", "TimeCreated": "2025-01-06 10:10:28.998972+00:00", "RecordID": "4972", "Level": "2", "UserID": "S-1-5-21-963789628-1060504924-4285088085-1001", "EventData.Message": "onecoreuap\\shell\\roaming\\settingsynccore\\settingsyncreporting\\settingsyncreporting.cpp(29)\\SettingSyncCore.dll!00007FF83A8A65B7: (caller: 00007FF849348902) ReturnHr(36) tid(34e8) 800708CA Сетевое подключение не существует."}
{"EventID": "6524", "Channel": "Microsoft-Windows-SettingSync/Debug", "Provider_Name": "Microsoft-Windows-SettingSync", "Computer": "DESKTOP-OFJ6N53", "TimeCreated": "2025-01-06 10:10:29.057220+00:00", "RecordID": "4973", "Level": "4", "UserID": "S-1-5-21-963789628-1060504924-4285088085-1001"}
{"EventID": "6065", "Channel": "Microsoft-Windows-SettingSync/Debug", "Provider_Name": "Microsoft-Windows-SettingSync", "Computer": "DESKTOP-OFJ6N53", "TimeCreated": "2025-01-07 10:10:29.844444+00:00", "RecordID": "4974", "Level": "2", "UserID": "S-1-5-21-963789628-1060504924-4285088085-1001", "EventData.Message": "onecoreuap\\shell\\roaming\\settingsynccore\\settingsyncreporting\\settingsyncreporting.cpp(146)\\SettingSyncCore.dll!00007FF83A8A6484: (caller: 00007FF83A8A6046) ReturnHr(37) tid(15bc) 800708CA Сетевое подключение не существует."}
{"EventID": "6065", "Channel": "Microsoft-Windows-SettingSync/Debug", "Provider_Name": "Microsoft-Windows-SettingSync", "Computer": "DESKTOP-OFJ6N53", "TimeCreated": "2025-01-07 10:10:29.844456+00:00", "RecordID": "4975", "Level": "2", "UserID": "S-1-5-21-963789628-1060504924-4285088085-1001", "EventData.Message": "onecoreuap\\shell\\roaming\\settingsynccore\\settingsyncreporting\\settingsyncreporting.cpp(55)\\SettingSyncCore.dll!00007FF83A8A6063: (caller: 00007FF83A8A6536) ReturnHr(38) tid(15bc) 800708CA Сетевое подключение не существует."}
{"EventID": "6065", "Channel": "Microsoft-Windows-SettingSync/Debug", "Provider_Name": "Microsoft-Windows-SettingSync", "Computer": "DESKTOP-OFJ6N53", "TimeCreated": "2025-01-07 10:10:29.844461+00:00", "RecordID": "4976", "Level": "2", "UserID": "S-1-5-21-963789628-1060504924-4285088085-1001", "EventData.Message": "onecoreuap\\shell\\roaming\\settingsynccore\\settingsyncreporting\\settingsyncreporting.cpp(29)\\SettingSyncCore.dll!00007FF83A8A65B7: (caller: 00007FF849348902) ReturnHr(39) tid(15bc) 800708CA Сетевое подключение не существует."}
{"EventID": "6524", "Channel": "Microsoft-Windows-SettingSync/Debug", "Provider_Name": "Microsoft-Windows-SettingSync", "Computer": "DESKTOP-OFJ6N53", "TimeCreated": "2025-01-07 10:10:29.890182+00:00", "RecordID": "4977", "Level": "4", "UserID": "S-1-5-21-963789628-1060504924-4285088085-1001"}
{"EventID": "6065", "Channel": "Microsoft-Windows-SettingSync/Debug", "Provider_Name": "Microsoft-Windows-SettingSync", "Computer": "DESKTOP-OFJ6N53", "TimeCreated": "2025-01-08 10:10:31.856407+00:00", "RecordID": "4978", "Level": "2", "UserID": "S-1-5-21-963789628-1060504924-4285088085-1001", "EventData.Message": "onecoreuap\\shell\\roaming\\settingsynccore\\settingsyncreporting\\settingsyncreporting.cpp(146)\\SettingSyncCore.dll!00007FF83A8A6484: (caller: 00007FF83A8A6046) ReturnHr(40) tid(7fc) 800708CA Сетевое подключение не существует."}
{"EventID": "6065", "Channel": "Microsoft-Windows-SettingSync/Debug", "Provider_Name": "Microsoft-Windows-SettingSync", "Computer": "DESKTOP-OFJ6N53", "TimeCreated": "2025-01-08 10:10:31.856419+00:00", "RecordID": "4979", "Level": "2", "UserID": "S-1-5-21-963789628-1060504924-4285088085-1001", "EventData.Message": "onecoreuap\\shell\\roaming\\settingsynccore\\settingsyncreporting\\settingsyncreporting.cpp(55)\\SettingSyncCore.dll!00007FF83A8A6063: (caller: 00007FF83A8A6536) ReturnHr(41) tid(7fc) 800708CA Сетевое подключение не существует."}
{"EventID": "6065", "Channel": "Microsoft-Windows-SettingSync/Debug", "Provider_Name": "Microsoft-Windows-SettingSync", "Computer": "DESKTOP-OFJ6N53", "TimeCreated": "2025-01-08 10:10:31.856424+00:00", "RecordID": "4980", "Level": "2", "UserID": "S-1-5-21-963789628-1060504924-4285088085-1001", "EventData.Message": "onecoreuap\\shell\\roaming\\settingsynccore\\settingsyncreporting\\settingsyncreporting.cpp(29)\\SettingSyncCore.dll!00007FF83A8A65B7: (caller: 00007FF849348902) ReturnHr(42) tid(7fc) 800708CA Сетевое подключение не существует."}
{"EventID": "6524", "Channel": "Microsoft-Windows-SettingSync/Debug", "Provider_Name": "Microsoft-Windows-SettingSync", "Computer": "DESKTOP-OFJ6N53", "TimeCreated": "2025-01-08 10:10:31.916243+00:00", "RecordID": "4981", "Level": "4", "UserID": "S-1-5-21-963789628-1060504924-4285088085-1001"}
{"EventID": "6065", "Channel": "Microsoft-Windows-SettingSync/Debug", "Provider_Name": "Microsoft-Windows-SettingSync", "Computer": "DESKTOP-OFJ6N53", "TimeCreated": "2025-01-09 10:10:34.572119+00:00", "RecordID": "4982", "Level": "2", "UserID": "S-1-5-21-963789628-1060504924-4285088085-1001", "EventData.Message": "onecoreuap\\shell\\roaming\\settingsynccore\\settingsyncreporting\\settingsyncreporting.cpp(146)\\SettingSyncCore.dll!00007FF83A8A6484: (caller: 00007FF83A8A6046) ReturnHr(43) tid(25a4) 800708CA Сетевое подключение не существует."}
{"EventID": "6065", "Channel": "Microsoft-Windows-SettingSync/Debug", "Provider_Name": "Microsoft-Windows-SettingSync", "Computer": "DESKTOP-OFJ6N53", "TimeCreated": "2025-01-09 10:10:34.572128+00:00", "RecordID": "4983", "Level": "2", "UserID": "S-1-5-21-963789628-1060504924-4285088085-1001", "EventData.Message": "onecoreuap\\shell\\roaming\\settingsynccore\\settingsyncreporting\\settingsyncreporting.cpp(55)\\SettingSyncCore.dll!00007FF83A8A6063: (caller: 00007FF83A8A6536) ReturnHr(44) tid(25a4) 800708CA Сетевое подключение не существует."}
{"EventID": "6065", "Channel": "Microsoft-Windows-SettingSync/Debug", "Provider_Name": "Microsoft-Windows-SettingSync", "Computer": "DESKTOP-OFJ6N53", "TimeCreated": "2025-01-09 10:10:34.572138+00:00", "RecordID": "4984", "Level": "2", "UserID": "S-1-5-21-963789628-1060504924-4285088085-1001", "EventData.Message": "onecoreuap\\shell\\roaming\\settingsynccore\\settingsyncreporting\\settingsyncreporting.cpp(29)\\SettingSyncCore.dll!00007FF83A8A65B7: (caller: 00007FF849348902) ReturnHr(45) tid(25a4) 800708CA Сетевое подключение не существует."}
{"EventID": "6524", "Channel": "Microsoft-Windows-SettingSync/Debug", "Provider_Name": "Microsoft-Windows-SettingSync", "Computer": "DESKTOP-OFJ6N53", "TimeCreated": "2025-01-09 10:10:34.656788+00:00", "RecordID": "4985", "Level": "4", "UserID": "S-1-5-21-963789628-1060504924-4285088085-1001"}
{"EventID": "6509", "Channel": "Microsoft-Windows-SettingSync/Debug", "Provider_Name": "Microsoft-Windows-SettingSync-Desktop", "Computer": "DESKTOP-OFJ6N53", "TimeCreated": "2025-01-09 14:55:20.207970+00:00", "RecordID": "4986", "Level": "2", "UserID": "S-1-5-21-963789628-1060504924-4285088085-1001", "EventData.Message": "shell\\roaming\\settingsync\\settingprofilehandler.cpp(89)\\SettingSync.dll!00007FF9451EAF9E: (caller: 00007FF9451D9CD5) LogHr(1) tid(6cc) 80070002 Не удается найти указанный файл."}
{"EventID": "6509", "Channel": "Microsoft-Windows-SettingSync/Debug", "Provider_Name": "Microsoft-Windows-SettingSync-Desktop", "Computer": "DESKTOP-OFJ6N53", "TimeCreated": "2025-01-09 14:55:20.207985+00:00", "RecordID": "4987", "Level": "2", "UserID": "S-1-5-21-963789628-1060504924-4285088085-1001", "EventData.Message": "shell\\roaming\\settingsync\\settingprofilehandler.cpp(24)\\SettingSync.dll!00007FF9451D9CF1: (caller: 00007FF94E52B46A) LogHr(2) tid(6cc) 800704EC Эта программа заблокирована групповой политикой. За дополнительными сведениями обращайтесь к системному администратору."}
{"EventID": "6509", "Channel": "Microsoft-Windows-SettingSync/Debug", "Provider_Name": "Microsoft-Windows-SettingSync-Desktop", "Computer": "DESKTOP-OFJ6N53", "TimeCreated": "2025-01-09 14:56:08.461771+00:00", "RecordID": "4988", "Level": "2", "UserID": "S-1-5-21-963789628-1060504924-4285088085-1001", "EventData.Message": "shell\\roaming\\settingsync\\explorersettinghandler.cpp(270)\\SettingSync.dll!00007FF9451D9BC9: (caller: 00007FF9451D98AC) ReturnHr(1) tid(1ebc) 80070002 Не удается найти указанный файл."}
{"EventID": "6509", "Channel": "Microsoft-Windows-SettingSync/Debug", "Provider_Name": "Microsoft-Windows-SettingSync-Desktop", "Computer": "DESKTOP-OFJ6N53", "TimeCreated": "2025-01-09 14:56:08.461779+00:00", "RecordID": "4989", "Level": "2", "UserID": "S-1-5-21-963789628-1060504924-4285088085-1001", "EventData.Message": "shell\\roaming\\settingsync\\explorersettinghandler.cpp(198)\\SettingSync.dll!00007FF9451D98C5: (caller: 00007FF6BE6C3549) ReturnHr(2) tid(1ebc) 80070002 Не удается найти указанный файл."}
{"EventID": "6509", "Channel": "Microsoft-Windows-SettingSync/Debug", "Provider_Name": "Microsoft-Windows-SettingSync-Desktop", "Computer": "DESKTOP-OFJ6N53", "TimeCreated": "2025-01-09 14:56:08.461784+00:00", "RecordID": "4990", "Level": "2", "UserID": "S-1-5-21-963789628-1060504924-4285088085-1001", "EventData.Message": "shell\\roaming\\settingsync\\explorersettinghandler.cpp(315)\\SettingSync.dll!00007FF9451D98DF: (caller: 00007FF6BE6C3549) ReturnHr(3) tid(1ebc) 80070002 Не удается найти указанный файл."}
{"EventID": "6509", "Channel": "Microsoft-Windows-SettingSync/Debug", "Provider_Name": "Microsoft-Windows-SettingSync-Desktop", "Computer": "DESKTOP-OFJ6N53", "TimeCreated": "2025-01-09 14:56:08.461803+00:00", "RecordID": "4991", "Level": "2", "UserID": "S-1-5-21-963789628-1060504924-4285088085-1001", "EventData.Message": "shell\\roaming\\settingsync\\explorersettinghandler.cpp(315)\\SettingSync.dll!00007FF9451D9920: (caller: 00007FF6BE6C3549) ReturnHr(4) tid(1ebc) 80070002 Не удается найти указанный файл."}
{"EventID": "6524", "Channel": "Microsoft-Windows-SettingSync/Debug", "Provider_Name": "Microsoft-Windows-SettingSync", "Computer": "DESKTOP-OFJ6N53", "TimeCreated": "2025-01-10 08:55:19.193497+00:00", "RecordID": "4992", "Level": "4", "UserID": "S-1-5-21-963789628-1060504924-4285088085-1001"}
{"EventID": "6065", "Channel": "Microsoft-Windows-SettingSync/Debug", "Provider_Name": "Microsoft-Windows-SettingSync", "Computer": "DESKTOP-OFJ6N53", "TimeCreated": "2025-01-10 08:55:19.206812+00:00", "RecordID": "4993", "Level": "2", "UserID": "S-1-5-21-963789628-1060504924-4285088085-1001", "EventData.Message": "onecoreuap\\shell\\roaming\\settingsynccore\\settingsyncreporting\\settingsyncreporting.cpp(146)\\SettingSyncCore.dll!00007FF9219F6484: (caller: 00007FF9219F6046) ReturnHr(1) tid(2210) 800708CA Сетевое подключение не существует."}
{"EventID": "6065", "Channel": "Microsoft-Windows-SettingSync/Debug", "Provider_Name": "Microsoft-Windows-SettingSync", "Computer": "DESKTOP-OFJ6N53", "TimeCreated": "2025-01-10 08:55:19.206829+00:00", "RecordID": "4994", "Level": "2", "UserID": "S-1-5-21-963789628-1060504924-4285088085-1001", "EventData.Message": "onecoreuap\\shell\\roaming\\settingsynccore\\settingsyncreporting\\settingsyncreporting.cpp(55)\\SettingSyncCore.dll!00007FF9219F6063: (caller: 00007FF9219F6536) ReturnHr(2) tid(2210) 800708CA Сетевое подключение не существует."}
{"EventID": "6065", "Channel": "Microsoft-Windows-SettingSync/Debug", "Provider_Name": "Microsoft-Windows-SettingSync", "Computer": "DESKTOP-OFJ6N53", "TimeCreated": "2025-01-10 08:55:19.206837+00:00", "RecordID": "4995", "Level": "2", "UserID": "S-1-5-21-963789628-1060504924-4285088085-1001", "EventData.Message": "onecoreuap\\shell\\roaming\\settingsynccore\\settingsyncreporting\\settingsyncreporting.cpp(29)\\SettingSyncCore.dll!00007FF9219F65B7: (caller: 00007FF946888902) ReturnHr(3) tid(2210) 800708CA Сетевое подключение не существует."}
{"EventID": "6524", "Channel": "Microsoft-Windows-SettingSync/Debug", "Provider_Name": "Microsoft-Windows-SettingSync", "Computer": "DESKTOP-OFJ6N53", "TimeCreated": "2025-01-11 08:55:20.018450+00:00", "RecordID": "4996", "Level": "4", "UserID": "S-1-5-21-963789628-1060504924-4285088085-1001"}
{"EventID": "6065", "Channel": "Microsoft-Windows-SettingSync/Debug", "Provider_Name": "Microsoft-Windows-SettingSync", "Computer": "DESKTOP-OFJ6N53", "TimeCreated": "2025-01-11 08:55:20.079298+00:00", "RecordID": "4997", "Level": "2", "UserID": "S-1-5-21-963789628-1060504924-4285088085-1001", "EventData.Message": "onecoreuap\\shell\\roaming\\settingsynccore\\settingsyncreporting\\settingsyncreporting.cpp(146)\\SettingSyncCore.dll!00007FF9219F6484: (caller: 00007FF9219F6046) ReturnHr(1) tid(21d0) 800708CA Сетевое подключение не существует."}
{"EventID": "6065", "Channel": "Microsoft-Windows-SettingSync/Debug", "Provider_Name": "Microsoft-Windows-SettingSync", "Computer": "DESKTOP-OFJ6N53", "TimeCreated": "2025-01-11 08:55:20.079311+00:00", "RecordID": "4998", "Level": "2", "UserID": "S-1-5-21-963789628-1060504924-4285088085-1001", "EventData.Message": "onecoreuap\\shell\\roaming\\settingsynccore\\settingsyncreporting\\settingsyncreporting.cpp(55)\\SettingSyncCore.dll!00007FF9219F6063: (caller: 00007FF9219F6536) ReturnHr(2) tid(21d0) 800708CA Сетевое подключение не существует."}
{"EventID": "6065", "Channel": "Microsoft-Windows-SettingSync/Debug", "Provider_Name": "Microsoft-Windows-SettingSync", "Computer": "DESKTOP-OFJ6N53", "TimeCreated": "2025-01-11 08:55:20.079317+00:00", "RecordID": "4999", "Level": "2", "UserID": "S-1-5-21-963789628-1060504924-4285088085-1001", "EventData.Message": "onecoreuap\\shell\\roaming\\settingsynccore\\settingsyncreporting\\settingsyncreporting.cpp(29)\\SettingSyncCore.dll!00007FF9219F65B7: (caller: 00007FF946888902) ReturnHr(3) tid(21d0) 800708CA Сетевое подключение не существует."}
{"EventID": "6065", "Channel": "Microsoft-Windows-SettingSync/Debug", "Provider_Name": "Microsoft-Windows-SettingSync", "Computer": "DESKTOP-OFJ6N53", "TimeCreated": "2025-01-12 08:55:20.843008+00:00", "RecordID": "5000", "Level": "2", "UserID": "S-1-5-21-963789628-1060504924-4285088085-1001", "EventData.Message": "onecoreuap\\shell\\roaming\\settingsynccore\\settingsyncreporting\\settingsyncreporting.cpp(146)\\SettingSyncCore.dll!00007FF9219F6484: (caller: 00007FF9219F6046) ReturnHr(1) tid(1508) 800708CA Сетевое подключение не существует."}
{"EventID": "6065", "Channel": "Microsoft-Windows-SettingSync/Debug", "Provider_Name": "Microsoft-Windows-SettingSync", "Computer": "DESKTOP-OFJ6N53", "TimeCreated": "2025-01-12 08:55:20.843029+00:00", "RecordID": "5001", "Level": "2", "UserID": "S-1-5-21-963789628-1060504924-4285088085-1001", "EventData.Message": "onecoreuap\\shell\\roaming\\settingsynccore\\settingsyncreporting\\settingsyncreporting.cpp(55)\\SettingSyncCore.dll!00007FF9219F6063: (caller: 00007FF9219F6536) ReturnHr(2) tid(1508) 800708CA Сетевое подключение не существует."}
{"EventID": "6065", "Channel": "Microsoft-Windows-SettingSync/Debug", "Provider_Name": "Microsoft-Windows-SettingSync", "Computer": "DESKTOP-OFJ6N53", "TimeCreated": "2025-01-12 08:55:20.843037+00:00", "RecordID": "5002", "Level": "2", "UserID": "S-1-5-21-963789628-1060504924-4285088085-1001", "EventData.Message": "onecoreuap\\shell\\roaming\\settingsynccore\\settingsyncreporting\\settingsyncreporting.cpp(29)\\SettingSyncCore.dll!00007FF9219F65B7: (caller: 00007FF946888902) ReturnHr(3) tid(1508) 800708CA Сетевое подключение не существует."}
{"EventID": "6524", "Channel": "Microsoft-Windows-SettingSync/Debug", "Provider_Name": "Microsoft-Windows-SettingSync", "Computer": "DESKTOP-OFJ6N53", "TimeCreated": "2025-01-12 08:55:20.867815+00:00", "RecordID": "5003", "Level": "4", "UserID": "S-1-5-21-963789628-1060504924-4285088085-1001"}
{"EventID": "6065", "Channel": "Microsoft-Windows-SettingSync/Debug", "Provider_Name": "Microsoft-Windows-SettingSync", "Computer": "DESKTOP-OFJ6N53", "TimeCreated": "2025-01-13 08:55:23.112976+00:00", "RecordID": "5004", "Level": "2", "UserID": "S-1-5-21-963789628-1060504924-4285088085-1001", "EventData.Message": "onecoreuap\\shell\\roaming\\settingsynccore\\settingsyncreporting\\settingsyncreporting.cpp(146)\\SettingSyncCore.dll!00007FF9219F6484: (caller: 00007FF9219F6046) ReturnHr(1) tid(2c34) 800708CA Сетевое подключение не существует."}
{"EventID": "6065", "Channel": "Microsoft-Windows-SettingSync/Debug", "Provider_Name": "Microsoft-Windows-SettingSync", "Computer": "DESKTOP-OFJ6N53", "TimeCreated": "2025-01-13 08:55:23.112989+00:00", "RecordID": "5005", "Level": "2", "UserID": "S-1-5-21-963789628-1060504924-4285088085-1001", "EventData.Message": "onecoreuap\\shell\\roaming\\settingsynccore\\settingsyncreporting\\settingsyncreporting.cpp(55)\\SettingSyncCore.dll!00007FF9219F6063: (caller: 00007FF9219F6536) ReturnHr(2) tid(2c34) 800708CA Сетевое подключение не существует."}
{"EventID": "6065", "Channel": "Microsoft-Windows-SettingSync/Debug", "Provider_Name": "Microsoft-Windows-SettingSync", "Computer": "DESKTOP-OFJ6N53", "TimeCreated": "2025-01-13 08:55:23.112997+00:00", "RecordID": "5006", "Level": "2", "UserID": "S-1-5-21-963789628-1060504924-4285088085-1001", "EventData.Message": "onecoreuap\\shell\\roaming\\settingsynccore\\settingsyncreporting\\settingsyncreporting.cpp(29)\\SettingSyncCore.dll!00007FF9219F65B7: (caller: 00007FF946888902) ReturnHr(3) tid(2c34) 800708CA Сетевое подключение не существует."}
{"EventID": "6524", "Channel": "Microsoft-Windows-SettingSync/Debug", "Provider_Name": "Microsoft-Windows-SettingSync", "Computer": "DESKTOP-OFJ6N53", "TimeCreated": "2025-01-13 08:55:23.130007+00:00", "RecordID": "5007", "Level": "4", "UserID": "S-1-5-21-963789628-1060504924-4285088085-1001"}
{"EventID": "6524", "Channel": "Microsoft-Windows-SettingSync/Debug", "Provider_Name": "Microsoft-Windows-SettingSync", "Computer": "DESKTOP-OFJ6N53", "TimeCreated": "2025-01-14 08:39:50.709686+00:00", "RecordID": "5008", "Level": "4", "UserID": "S-1-5-21-963789628-1060504924-4285088085-1001"}
{"EventID": "6065", "Channel": "Microsoft-Windows-SettingSync/Debug", "Provider_Name": "Microsoft-Windows-SettingSync", "Computer": "DESKTOP-OFJ6N53", "TimeCreated": "2025-01-14 08:39:50.720854+00:00", "RecordID": "5009", "Level": "2", "UserID": "S-1-5-21-963789628-1060504924-4285088085-1001", "EventData.Message": "onecoreuap\\shell\\roaming\\settingsynccore\\settingsyncreporting\\settingsyncreporting.cpp(146)\\SettingSyncCore.dll!00007FF9219F6484: (caller: 00007FF9219F6046) ReturnHr(1) tid(e0c) 800708CA Сетевое подключение не существует."}
{"EventID": "6065", "Channel": "Microsoft-Windows-SettingSync/Debug", "Provider_Name": "Microsoft-Windows-SettingSync", "Computer": "DESKTOP-OFJ6N53", "TimeCreated": "2025-01-14 08:39:50.720867+00:00", "RecordID": "5010", "Level": "2", "UserID": "S-1-5-21-963789628-1060504924-4285088085-1001", "EventData.Message": "onecoreuap\\shell\\roaming\\settingsynccore\\settingsyncreporting\\settingsyncreporting.cpp(55)\\SettingSyncCore.dll!00007FF9219F6063: (caller: 00007FF9219F6536) ReturnHr(2) tid(e0c) 800708CA Сетевое подключение не существует."}
{"EventID": "6065", "Channel": "Microsoft-Windows-SettingSync/Debug", "Provider_Name": "Microsoft-Windows-SettingSync", "Computer": "DESKTOP-OFJ6N53", "TimeCreated": "2025-01-14 08:39:50.720875+00:00", "RecordID": "5011", "Level": "2", "UserID": "S-1-5-21-963789628-1060504924-4285088085-1001", "EventData.Message": "onecoreuap\\shell\\roaming\\settingsynccore\\settingsyncreporting\\settingsyncreporting.cpp(29)\\SettingSyncCore.dll!00007FF9219F65B7: (caller: 00007FF946888902) ReturnHr(3) tid(e0c) 800708CA Сетевое подключение не существует."}
{"EventID": "6509", "Channel": "Microsoft-Windows-SettingSync/Debug", "Provider_Name": "Microsoft-Windows-SettingSync-Desktop", "Computer": "DESKTOP-OFJ6N53", "TimeCreated": "2025-01-14 23:26:15.520660+00:00", "RecordID": "5012", "Level": "2", "UserID": "S-1-5-21-963789628-1060504924-4285088085-1001", "EventData.Message": "shell\\roaming\\settingsync\\settingprofilehandler.cpp(89)\\SettingSync.dll!00007FFCE4E9AF9E: (caller: 00007FFCE4E89CD5) LogHr(1) tid(1b20) 80070002 Не удается найти указанный файл."}
{"EventID": "6509", "Channel": "Microsoft-Windows-SettingSync/Debug", "Provider_Name": "Microsoft-Windows-SettingSync-Desktop", "Computer": "DESKTOP-OFJ6N53", "TimeCreated": "2025-01-14 23:26:15.520679+00:00", "RecordID": "5013", "Level": "2", "UserID": "S-1-5-21-963789628-1060504924-4285088085-1001", "EventData.Message": "shell\\roaming\\settingsync\\settingprofilehandler.cpp(24)\\SettingSync.dll!00007FFCE4E89CF1: (caller: 00007FFCF481B46A) LogHr(2) tid(1b20) 800704EC Эта программа заблокирована групповой политикой. За дополнительными сведениями обращайтесь к системному администратору."}
{"EventID": "6509", "Channel": "Microsoft-Windows-SettingSync/Debug", "Provider_Name": "Microsoft-Windows-SettingSync-Desktop", "Computer": "DESKTOP-OFJ6N53", "TimeCreated": "2025-01-14 23:27:02.652916+00:00", "RecordID": "5014", "Level": "2", "UserID": "S-1-5-21-963789628-1060504924-4285088085-1001", "EventData.Message": "shell\\roaming\\settingsync\\explorersettinghandler.cpp(270)\\SettingSync.dll!00007FFCE4E89BC9: (caller: 00007FFCE4E898AC) ReturnHr(1) tid(1d88) 80070002 Не удается найти указанный файл."}
{"EventID": "6509", "Channel": "Microsoft-Windows-SettingSync/Debug", "Provider_Name": "Microsoft-Windows-SettingSync-Desktop", "Computer": "DESKTOP-OFJ6N53", "TimeCreated": "2025-01-14 23:27:02.652925+00:00", "RecordID": "5015", "Level": "2", "UserID": "S-1-5-21-963789628-1060504924-4285088085-1001", "EventData.Message": "shell\\roaming\\settingsync\\explorersettinghandler.cpp(198)\\SettingSync.dll!00007FFCE4E898C5: (caller: 00007FF7CDA63549) ReturnHr(2) tid(1d88) 80070002 Не удается найти указанный файл."}
{"EventID": "6509", "Channel": "Microsoft-Windows-SettingSync/Debug", "Provider_Name": "Microsoft-Windows-SettingSync-Desktop", "Computer": "DESKTOP-OFJ6N53", "TimeCreated": "2025-01-14 23:27:02.652935+00:00", "RecordID": "5016", "Level": "2", "UserID": "S-1-5-21-963789628-1060504924-4285088085-1001", "EventData.Message": "shell\\roaming\\settingsync\\explorersettinghandler.cpp(315)\\SettingSync.dll!00007FFCE4E898DF: (caller: 00007FF7CDA63549) ReturnHr(3) tid(1d88) 80070002 Не удается найти указанный файл."}
{"EventID": "6509", "Channel": "Microsoft-Windows-SettingSync/Debug", "Provider_Name": "Microsoft-Windows-SettingSync-Desktop", "Computer": "DESKTOP-OFJ6N53", "TimeCreated": "2025-01-14 23:27:02.652954+00:00", "RecordID": "5017", "Level": "2", "UserID": "S-1-5-21-963789628-1060504924-4285088085-1001", "EventData.Message": "shell\\roaming\\settingsync\\explorersettinghandler.cpp(315)\\SettingSync.dll!00007FFCE4E89920: (caller: 00007FF7CDA63549) ReturnHr(4) tid(1d88) 80070002 Не удается найти указанный файл."}
{"EventID": "6065", "Channel": "Microsoft-Windows-SettingSync/Debug", "Provider_Name": "Microsoft-Windows-SettingSync", "Computer": "DESKTOP-OFJ6N53", "TimeCreated": "2025-01-15 09:23:30.362875+00:00", "RecordID": "5018", "Level": "2", "UserID": "S-1-5-21-963789628-1060504924-4285088085-1001", "EventData.Message": "onecoreuap\\shell\\roaming\\settingsynccore\\settingsyncreporting\\settingsyncreporting.cpp(146)\\SettingSyncCore.dll!00007FFCD74D6484: (caller: 00007FFCD74D6046) ReturnHr(1) tid(1378) 800708CA Сетевое подключение не существует."}
{"EventID": "6065", "Channel": "Microsoft-Windows-SettingSync/Debug", "Provider_Name": "Microsoft-Windows-SettingSync", "Computer": "DESKTOP-OFJ6N53", "TimeCreated": "2025-01-15 09:23:30.362902+00:00", "RecordID": "5019", "Level": "2", "UserID": "S-1-5-21-963789628-1060504924-4285088085-1001", "EventData.Message": "onecoreuap\\shell\\roaming\\settingsynccore\\settingsyncreporting\\settingsyncreporting.cpp(55)\\SettingSyncCore.dll!00007FFCD74D6063: (caller: 00007FFCD74D6536) ReturnHr(2) tid(1378) 800708CA Сетевое подключение не существует."}
{"EventID": "6065", "Channel": "Microsoft-Windows-SettingSync/Debug", "Provider_Name": "Microsoft-Windows-SettingSync", "Computer": "DESKTOP-OFJ6N53", "TimeCreated": "2025-01-15 09:23:30.362911+00:00", "RecordID": "5020", "Level": "2", "UserID": "S-1-5-21-963789628-1060504924-4285088085-1001", "EventData.Message": "onecoreuap\\shell\\roaming\\settingsynccore\\settingsyncreporting\\settingsyncreporting.cpp(29)\\SettingSyncCore.dll!00007FFCD74D65B7: (caller: 00007FFCF2BC8902) ReturnHr(3) tid(1378) 800708CA Сетевое подключение не существует."}
{"EventID": "6524", "Channel": "Microsoft-Windows-SettingSync/Debug", "Provider_Name": "Microsoft-Windows-SettingSync", "Computer": "DESKTOP-OFJ6N53", "TimeCreated": "2025-01-15 09:23:31.088583+00:00", "RecordID": "5021", "Level": "4", "UserID": "S-1-5-21-963789628-1060504924-4285088085-1001"}
{"EventID": "6065", "Channel": "Microsoft-Windows-SettingSync/Debug", "Provider_Name": "Microsoft-Windows-SettingSync", "Computer": "DESKTOP-OFJ6N53", "TimeCreated": "2025-01-16 09:22:40.989674+00:00", "RecordID": "5022", "Level": "2", "UserID": "S-1-5-21-963789628-1060504924-4285088085-1001", "EventData.Message": "onecoreuap\\shell\\roaming\\settingsynccore\\settingsyncreporting\\settingsyncreporting.cpp(146)\\SettingSyncCore.dll!00007FFCD74D6484: (caller: 00007FFCD74D6046) ReturnHr(1) tid(1c90) 800708CA Сетевое подключение не существует."}
{"EventID": "6065", "Channel": "Microsoft-Windows-SettingSync/Debug", "Provider_Name": "Microsoft-Windows-SettingSync", "Computer": "DESKTOP-OFJ6N53", "TimeCreated": "2025-01-16 09:22:40.989697+00:00", "RecordID": "5023", "Level": "2", "UserID": "S-1-5-21-963789628-1060504924-4285088085-1001", "EventData.Message": "onecoreuap\\shell\\roaming\\settingsynccore\\settingsyncreporting\\settingsyncreporting.cpp(55)\\SettingSyncCore.dll!00007FFCD74D6063: (caller: 00007FFCD74D6536) ReturnHr(2) tid(1c90) 800708CA Сетевое подключение не существует."}
{"EventID": "6065", "Channel": "Microsoft-Windows-SettingSync/Debug", "Provider_Name": "Microsoft-Windows-SettingSync", "Computer": "DESKTOP-OFJ6N53", "TimeCreated": "2025-01-16 09:22:40.989706+00:00", "RecordID": "5024", "Level": "2", "UserID": "S-1-5-21-963789628-1060504924-4285088085-1001", "EventData.Message": "onecoreuap\\shell\\roaming\\settingsynccore\\settingsyncreporting\\settingsyncreporting.cpp(29)\\SettingSyncCore.dll!00007FFCD74D65B7: (caller: 00007FFCF2BC8902) ReturnHr(3) tid(1c90) 800708CA Сетевое подключение не существует."}
{"EventID": "6524", "Channel": "Microsoft-Windows-SettingSync/Debug", "Provider_Name": "Microsoft-Windows-SettingSync", "Computer": "DESKTOP-OFJ6N53", "TimeCreated": "2025-01-16 09:22:40.998985+00:00", "RecordID": "5025", "Level": "4", "UserID": "S-1-5-21-963789628-1060504924-4285088085-1001"}
{"EventID": "6524", "Channel": "Microsoft-Windows-SettingSync/Debug", "Provider_Name": "Microsoft-Windows-SettingSync", "Computer": "DESKTOP-OFJ6N53", "TimeCreated": "2025-01-17 09:22:43.043596+00:00", "RecordID": "5026", "Level": "4", "UserID": "S-1-5-21-963789628-1060504924-4285088085-1001"}
{"EventID": "6065", "Channel": "Microsoft-Windows-SettingSync/Debug", "Provider_Name": "Microsoft-Windows-SettingSync", "Computer": "DESKTOP-OFJ6N53", "TimeCreated": "2025-01-17 09:22:43.044395+00:00", "RecordID": "5027", "Level": "2", "UserID": "S-1-5-21-963789628-1060504924-4285088085-1001", "EventData.Message": "onecoreuap\\shell\\roaming\\settingsynccore\\settingsyncreporting\\settingsyncreporting.cpp(146)\\SettingSyncCore.dll!00007FFCD74D6484: (caller: 00007FFCD74D6046) ReturnHr(1) tid(1ecc) 800708CA Сетевое подключение не существует."}
{"EventID": "6065", "Channel": "Microsoft-Windows-SettingSync/Debug", "Provider_Name": "Microsoft-Windows-SettingSync", "Computer": "DESKTOP-OFJ6N53", "TimeCreated": "2025-01-17 09:22:43.044411+00:00", "RecordID": "5028", "Level": "2", "UserID": "S-1-5-21-963789628-1060504924-4285088085-1001", "EventData.Message": "onecoreuap\\shell\\roaming\\settingsynccore\\settingsyncreporting\\settingsyncreporting.cpp(55)\\SettingSyncCore.dll!00007FFCD74D6063: (caller: 00007FFCD74D6536) ReturnHr(2) tid(1ecc) 800708CA Сетевое подключение не существует."}
{"EventID": "6065", "Channel": "Microsoft-Windows-SettingSync/Debug", "Provider_Name": "Microsoft-Windows-SettingSync", "Computer": "DESKTOP-OFJ6N53", "TimeCreated": "2025-01-17 09:22:43.044418+00:00", "RecordID": "5029", "Level": "2", "UserID": "S-1-5-21-963789628-1060504924-4285088085-1001", "EventData.Message": "onecoreuap\\shell\\roaming\\settingsynccore\\settingsyncreporting\\settingsyncreporting.cpp(29)\\SettingSyncCore.dll!00007FFCD74D65B7: (caller: 00007FFCF2BC8902) ReturnHr(3) tid(1ecc) 800708CA Сетевое подключение не существует."}
{"EventID": "6065", "Channel": "Microsoft-Windows-SettingSync/Debug", "Provider_Name": "Microsoft-Windows-SettingSync", "Computer": "DESKTOP-OFJ6N53", "TimeCreated": "2025-01-18 09:22:45.012579+00:00", "RecordID": "5030", "Level": "2", "UserID": "S-1-5-21-963789628-1060504924-4285088085-1001", "EventData.Message": "onecoreuap\\shell\\roaming\\settingsynccore\\settingsyncreporting\\settingsyncreporting.cpp(146)\\SettingSyncCore.dll!00007FFCD74D6484: (caller: 00007FFCD74D6046) ReturnHr(1) tid(9c8) 800708CA Сетевое подключение не существует."}
{"EventID": "6065", "Channel": "Microsoft-Windows-SettingSync/Debug", "Provider_Name": "Microsoft-Windows-SettingSync", "Computer": "DESKTOP-OFJ6N53", "TimeCreated": "2025-01-18 09:22:45.012592+00:00", "RecordID": "5031", "Level": "2", "UserID": "S-1-5-21-963789628-1060504924-4285088085-1001", "EventData.Message": "onecoreuap\\shell\\roaming\\settingsynccore\\settingsyncreporting\\settingsyncreporting.cpp(55)\\SettingSyncCore.dll!00007FFCD74D6063: (caller: 00007FFCD74D6536) ReturnHr(2) tid(9c8) 800708CA Сетевое подключение не существует."}
{"EventID": "6065", "Channel": "Microsoft-Windows-SettingSync/Debug", "Provider_Name": "Microsoft-Windows-SettingSync", "Computer": "DESKTOP-OFJ6N53", "TimeCreated": "2025-01-18 09:22:45.012602+00:00", "RecordID": "5032", "Level": "2", "UserID": "S-1-5-21-963789628-1060504924-4285088085-1001", "EventData.Message": "onecoreuap\\shell\\roaming\\settingsynccore\\settingsyncreporting\\settingsyncreporting.cpp(29)\\SettingSyncCore.dll!00007FFCD74D65B7: (caller: 00007FFCF2BC8902) ReturnHr(3) tid(9c8) 800708CA Сетевое подключение не существует."}
{"EventID": "6524", "Channel": "Microsoft-Windows-SettingSync/Debug", "Provider_Name": "Microsoft-Windows-SettingSync", "Computer": "DESKTOP-OFJ6N53", "TimeCreated": "2025-01-18 09:22:45.030628+00:00", "RecordID": "5033", "Level": "4", "UserID": "S-1-5-21-963789628-1060504924-4285088085-1001"}
{"EventID": "6065", "Channel": "Microsoft-Windows-SettingSync/Debug", "Provider_Name": "Microsoft-Windows-SettingSync", "Computer": "DESKTOP-OFJ6N53", "TimeCreated": "2025-01-19 09:22:46.891266+00:00", "RecordID": "5034", "Level": "2", "UserID": "S-1-5-21-963789628-1060504924-4285088085-1001", "EventData.Message": "onecoreuap\\shell\\roaming\\settingsynccore\\settingsyncreporting\\settingsyncreporting.cpp(146)\\SettingSyncCore.dll!00007FFCD74D6484: (caller: 00007FFCD74D6046) ReturnHr(1) tid(2034) 800708CA Сетевое подключение не существует."}
{"EventID": "6065", "Channel": "Microsoft-Windows-SettingSync/Debug", "Provider_Name": "Microsoft-Windows-SettingSync", "Computer": "DESKTOP-OFJ6N53", "TimeCreated": "2025-01-19 09:22:46.891293+00:00", "RecordID": "5035", "Level": "2", "UserID": "S-1-5-21-963789628-1060504924-4285088085-1001", "EventData.Message": "onecoreuap\\shell\\roaming\\settingsynccore\\settingsyncreporting\\settingsyncreporting.cpp(55)\\SettingSyncCore.dll!00007FFCD74D6063: (caller: 00007FFCD74D6536) ReturnHr(2) tid(2034) 800708CA Сетевое подключение не существует."}
{"EventID": "6065", "Channel": "Microsoft-Windows-SettingSync/Debug", "Provider_Name": "Microsoft-Windows-SettingSync", "Computer": "DESKTOP-OFJ6N53", "TimeCreated": "2025-01-19 09:22:46.891302+00:00", "RecordID": "5036", "Level": "2", "UserID": "S-1-5-21-963789628-1060504924-4285088085-1001", "EventData.Message": "onecoreuap\\shell\\roaming\\settingsynccore\\settingsyncreporting\\settingsyncreporting.cpp(29)\\SettingSyncCore.dll!00007FFCD74D65B7: (caller: 00007FFCF2BC8902) ReturnHr(3) tid(2034) 800708CA Сетевое подключение не существует."}
{"EventID": "6524", "Channel": "Microsoft-Windows-SettingSync/Debug", "Provider_Name": "Microsoft-Windows-SettingSync", "Computer": "DESKTOP-OFJ6N53", "TimeCreated": "2025-01-19 09:22:46.899330+00:00", "RecordID": "5037", "Level": "4", "UserID": "S-1-5-21-963789628-1060504924-4285088085-1001"}
{"EventID": "6065", "Channel": "Microsoft-Windows-SettingSync/Debug", "Provider_Name": "Microsoft-Windows-SettingSync", "Computer": "DESKTOP-OFJ6N53", "TimeCreated": "2025-01-20 09:22:48.688410+00:00", "RecordID": "5038", "Level": "2", "UserID": "S-1-5-21-963789628-1060504924-4285088085-1001", "EventData.Message": "onecoreuap\\shell\\roaming\\settingsynccore\\settingsyncreporting\\settingsyncreporting.cpp(146)\\SettingSyncCore.dll!00007FFCD74D6484: (caller: 00007FFCD74D6046) ReturnHr(1) tid(23f4) 800708CA Сетевое подключение не существует."}
{"EventID": "6065", "Channel": "Microsoft-Windows-SettingSync/Debug", "Provider_Name": "Microsoft-Windows-SettingSync", "Computer": "DESKTOP-OFJ6N53", "TimeCreated": "2025-01-20 09:22:48.688433+00:00", "RecordID": "5039", "Level": "2", "UserID": "S-1-5-21-963789628-1060504924-4285088085-1001", "EventData.Message": "onecoreuap\\shell\\roaming\\settingsynccore\\settingsyncreporting\\settingsyncreporting.cpp(55)\\SettingSyncCore.dll!00007FFCD74D6063: (caller: 00007FFCD74D6536) ReturnHr(2) tid(23f4) 800708CA Сетевое подключение не существует."}
{"EventID": "6065", "Channel": "Microsoft-Windows-SettingSync/Debug", "Provider_Name": "Microsoft-Windows-SettingSync", "Computer": "DESKTOP-OFJ6N53", "TimeCreated": "2025-01-20 09:22:48.688440+00:00", "RecordID": "5040", "Level": "2", "UserID": "S-1-5-21-963789628-1060504924-4285088085-1001", "EventData.Message": "onecoreuap\\shell\\roaming\\settingsynccore\\settingsyncreporting\\settingsyncreporting.cpp(29)\\SettingSyncCore.dll!00007FFCD74D65B7: (caller: 00007FFCF2BC8902) ReturnHr(3) tid(23f4) 800708CA Сетевое подключение не существует."}
{"EventID": "6524", "Channel": "Microsoft-Windows-SettingSync/Debug", "Provider_Name": "Microsoft-Windows-SettingSync", "Computer": "DESKTOP-OFJ6N53", "TimeCreated": "2025-01-20 09:22:48.704306+00:00", "RecordID": "5041", "Level": "4", "UserID": "S-1-5-21-963789628-1060504924-4285088085-1001"}
