{"EventID": "360", "Channel": "Microsoft-Windows-User Device Registration/Admin", "Provider_Name": "Microsoft-Windows-User Device Registration", "Computer": "DESKTOP-OFJ6N53", "TimeCreated": "2024-04-12 02:56:44.595522+00:00", "RecordID": "123", "Level": "3", "UserID": "S-1-5-21-963789628-1060504924-4285088085-1001", "EventData.Message": "Подготовка Windows Hello для бизнеса не будет запущена.", "EventData.DeviceIsJoined": "Not Tested", "EventData.AADPrt": "No", "EventData.NgcPolicyEnabled": "Not Tested", "EventData.NgcPostLogonProvisioningEnabled": "Not Tested", "EventData.NgcHardwarePolicyMet": "Not Tested", "EventData.UserIsRemote": "Yes", "EventData.LogonCertRequired": "Not Tested", "EventData.MachinePolicySource": "none", "EventData.UseCloudTrust": "Not Tested", "EventData.CloudTgt": "Not Tested"}
{"EventID": "360", "Channel": "Microsoft-Windows-User Device Registration/Admin", "Provider_Name": "Microsoft-Windows-User Device Registration", "Computer": "DESKTOP-OFJ6N53", "TimeCreated": "2024-04-23 15:45:33.493118+00:00", "RecordID": "124", "Level": "3", "UserID": "S-1-5-21-963789628-1060504924-4285088085-1001", "EventData.Message": "Подготовка Windows Hello для бизнеса не будет запущена.", "EventData.DeviceIsJoined": "Not Tested", "EventData.AADPrt": "No", "EventData.NgcPolicyEnabled": "Not Tested", "EventData.NgcPostLogonProvisioningEnabled": "Not Tested", "EventData.NgcHardwarePolicyMet": "Not Tested", "EventData.UserIsRemote": "Yes", "EventData.LogonCertRequired": "Not Tested", "EventData.MachinePolicySource": "none", "EventData.UseCloudTrust": "Not Tested", "EventData.CloudTgt": "Not Tested"}
{"EventID": "360", "Channel": "Microsoft-Windows-User Device Registration/Admin", "Provider_Name": "Microsoft-Windows-User Device Registration", "Computer": "DESKTOP-OFJ6N53", "TimeCreated": "2024-04-29 15:10:37.290878+00:00", "RecordID": "125", "Level": "3", "UserID": "S-1-5-21-963789628-1060504924-4285088085-1001", "EventData.Message": "Подготовка Windows Hello для бизнеса не будет запущена.", "EventData.DeviceIsJoined": "Not Tested", "EventData.AADPrt": "No", "EventData.NgcPolicyEnabled": "Not Tested", "EventData.NgcPostLogonProvisioningEnabled": "Not Tested", "EventData.NgcHardwarePolicyMet": "Not Tested", "EventData.UserIsRemote": "Yes", "EventData.LogonCertRequired": "Not Tested", "EventData.MachinePolicySource": "none", "EventData.UseCloudTrust": "Not Tested", "EventData.CloudTgt": "Not Tested"}
{"EventID": "360", "Channel": "Microsoft-Windows-User Device Registration/Admin", "Provider_Name": "Microsoft-Windows-User Device Registration", "Computer": "DESKTOP-OFJ6N53", "TimeCreated": "2024-05-14 09:14:39.113367+00:00", "RecordID": "126", "Level": "3", "UserID": "S-1-5-21-963789628-1060504924-4285088085-1001", "EventData.Message": "Подготовка Windows Hello для бизнеса не будет запущена.", "EventData.DeviceIsJoined": "Not Tested", "EventData.AADPrt": "No", "EventData.NgcPolicyEnabled": "Not Tested", "EventData.NgcPostLogonProvisioningEnabled": "Not Tested", "EventData.NgcHardwarePolicyMet": "Not Tested", "EventData.UserIsRemote": "Yes", "EventData.LogonCertRequired": "Not Tested", "EventData.MachinePolicySource": "none", "EventData.UseCloudTrust": "Not Tested", "EventData.CloudTgt": "Not Tested"}
{"EventID": "360", "Channel": "Microsoft-Windows-User Device Registration/Admin", "Provider_Name": "Microsoft-Windows-User Device Registration", "Computer": "DESKTOP-OFJ6N53", "TimeCreated": "2024-05-15 13:48:50.803265+00:00", "RecordID": "127", "Level": "3", "UserID": "S-1-5-21-963789628-1060504924-4285088085-1001", "EventData.Message": "Подготовка Windows Hello для бизнеса не будет запущена.", "EventData.DeviceIsJoined": "Not Tested", "EventData.AADPrt": "Not Tested", "EventData.NgcPolicyEnabled": "Not Tested", "EventData.NgcPostLogonProvisioningEnabled": "Not Tested", "EventData.NgcHardwarePolicyMet": "Not Tested", "EventData.UserIsRemote": "No", "EventData.LogonCertRequired": "Not Tested", "EventData.MachinePolicySource": "none", "EventData.UseCloudTrust": "Not Tested", "EventData.CloudTgt": "Not Tested"}
{"EventID": "360", "Channel": "Microsoft-Windows-User Device Registration/Admin", "Provider_Name": "Microsoft-Windows-User Device Registration", "Computer": "DESKTOP-OFJ6N53", "TimeCreated": "2024-05-31 10:50:14.300741+00:00", "RecordID": "128", "Level": "3", "UserID": "S-1-5-21-963789628-1060504924-4285088085-1001", "EventData.Message": "Подготовка Windows Hello для бизнеса не будет запущена.", "EventData.DeviceIsJoined": "Not Tested", "EventData.AADPrt": "Not Tested", "EventData.NgcPolicyEnabled": "Not Tested", "EventData.NgcPostLogonProvisioningEnabled": "Not Tested", "EventData.NgcHardwarePolicyMet": "Not Tested", "EventData.UserIsRemote": "No", "EventData.LogonCertRequired": "Not Tested", "EventData.MachinePolicySource": "none", "EventData.UseCloudTrust": "Not Tested", "EventData.CloudTgt": "Not Tested"}
{"EventID": "360", "Channel": "Microsoft-Windows-User Device Registration/Admin", "Provider_Name": "Microsoft-Windows-User Device Registration", "Computer": "DESKTOP-OFJ6N53", "TimeCreated": "2024-06-06 12:19:19.747181+00:00", "RecordID": "129", "Level": "3", "UserID": "S-1-5-21-963789628-1060504924-4285088085-1001", "EventData.Message": "Подготовка Windows Hello для бизнеса не будет запущена.", "EventData.DeviceIsJoined": "Not Tested", "EventData.AADPrt": "Not Tested", "EventData.NgcPolicyEnabled": "Not Tested", "EventData.NgcPostLogonProvisioningEnabled": "Not Tested", "EventData.NgcHardwarePolicyMet": "Not Tested", "EventData.UserIsRemote": "No", "EventData.LogonCertRequired": "Not Tested", "EventData.MachinePolicySource": "none", "EventData.UseCloudTrust": "Not Tested", "EventData.CloudTgt": "Not Tested"}
{"EventID": "360", "Channel": "Microsoft-Windows-User Device Registration/Admin", "Provider_Name": "Microsoft-Windows-User Device Registration", "Computer": "DESKTOP-OFJ6N53", "TimeCreated": "2024-06-13 10:03:11.151932+00:00", "RecordID": "130", "Level": "3", "UserID": "S-1-5-21-963789628-1060504924-4285088085-1001", "EventData.Message": "Подготовка Windows Hello для бизнеса не будет запущена.", "EventData.DeviceIsJoined": "Not Tested", "EventData.AADPrt": "Not Tested", "EventData.NgcPolicyEnabled": "Not Tested", "EventData.NgcPostLogonProvisioningEnabled": "Not Tested", "EventData.NgcHardwarePolicyMet": "Not Tested", "EventData.UserIsRemote": "No", "EventData.LogonCertRequired": "Not Tested", "EventData.MachinePolicySource": "none", "EventData.UseCloudTrust": "Not Tested", "EventData.CloudTgt": "Not Tested"}
{"EventID": "360", "Channel": "Microsoft-Windows-User Device Registration/Admin", "Provider_Name": "Microsoft-Windows-User Device Registration", "Computer": "DESKTOP-OFJ6N53", "TimeCreated": "2024-06-13 10:21:39.886221+00:00", "RecordID": "131", "Level": "3", "UserID": "S-1-5-21-963789628-1060504924-4285088085-1001", "EventData.Message": "Подготовка Windows Hello для бизнеса не будет запущена.", "EventData.DeviceIsJoined": "Not Tested", "EventData.AADPrt": "Not Tested", "EventData.NgcPolicyEnabled": "Not Tested", "EventData.NgcPostLogonProvisioningEnabled": "Not Tested", "EventData.NgcHardwarePolicyMet": "Not Tested", "EventData.UserIsRemote": "No", "EventData.LogonCertRequired": "Not Tested", "EventData.MachinePolicySource": "none", "EventData.UseCloudTrust": "Not Tested", "EventData.CloudTgt": "Not Tested"}
{"EventID": "360", "Channel": "Microsoft-Windows-User Device Registration/Admin", "Provider_Name": "Microsoft-Windows-User Device Registration", "Computer": "DESKTOP-OFJ6N53", "TimeCreated": "2024-07-04 10:13:01.658688+00:00", "RecordID": "132", "Level": "3", "UserID": "S-1-5-21-963789628-1060504924-4285088085-1001", "EventData.Message": "Подготовка Windows Hello для бизнеса не будет запущена.", "EventData.DeviceIsJoined": "Not Tested", "EventData.AADPrt": "Not Tested", "EventData.NgcPolicyEnabled": "Not Tested", "EventData.NgcPostLogonProvisioningEnabled": "Not Tested", "EventData.NgcHardwarePolicyMet": "Not Tested", "EventData.UserIsRemote": "No", "EventData.LogonCertRequired": "Not Tested", "EventData.MachinePolicySource": "none", "EventData.UseCloudTrust": "Not Tested", "EventData.CloudTgt": "Not Tested"}
{"EventID": "360", "Channel": "Microsoft-Windows-User Device Registration/Admin", "Provider_Name": "Microsoft-Windows-User Device Registration", "Computer": "DESKTOP-OFJ6N53", "TimeCreated": "2024-07-11 10:32:27.398508+00:00", "RecordID": "133", "Level": "3", "UserID": "S-1-5-21-963789628-1060504924-4285088085-1001", "EventData.Message": "Подготовка Windows Hello для бизнеса не будет запущена.", "EventData.DeviceIsJoined": "Not Tested", "EventData.AADPrt": "Not Tested", "EventData.NgcPolicyEnabled": "Not Tested", "EventData.NgcPostLogonProvisioningEnabled": "Not Tested", "EventData.NgcHardwarePolicyMet": "Not Tested", "EventData.UserIsRemote": "No", "EventData.LogonCertRequired": "Not Tested", "EventData.MachinePolicySource": "none", "EventData.UseCloudTrust": "Not Tested", "EventData.CloudTgt": "Not Tested"}
{"EventID": "360", "Channel": "Microsoft-Windows-User Device Registration/Admin", "Provider_Name": "Microsoft-Windows-User Device Registration", "Computer": "DESKTOP-OFJ6N53", "TimeCreated": "2024-07-22 07:27:28.880051+00:00", "RecordID": "134", "Level": "3", "UserID": "S-1-5-21-963789628-1060504924-4285088085-1001", "EventData.Message": "Подготовка Windows Hello для бизнеса не будет запущена.", "EventData.DeviceIsJoined": "Not Tested", "EventData.AADPrt": "Not Tested", "EventData.NgcPolicyEnabled": "Not Tested", "EventData.NgcPostLogonProvisioningEnabled": "Not Tested", "EventData.NgcHardwarePolicyMet": "Not Tested", "EventData.UserIsRemote": "No", "EventData.LogonCertRequired": "Not Tested", "EventData.MachinePolicySource": "none", "EventData.UseCloudTrust": "Not Tested", "EventData.CloudTgt": "Not Tested"}
{"EventID": "360", "Channel": "Microsoft-Windows-User Device Registration/Admin", "Provider_Name": "Microsoft-Windows-User Device Registration", "Computer": "DESKTOP-OFJ6N53", "TimeCreated": "2024-08-28 09:28:40.756681+00:00", "RecordID": "135", "Level": "3", "UserID": "S-1-5-21-963789628-1060504924-4285088085-1001", "EventData.Message": "Подготовка Windows Hello для бизнеса не будет запущена.", "EventData.DeviceIsJoined": "Not Tested", "EventData.AADPrt": "No", "EventData.NgcPolicyEnabled": "Not Tested", "EventData.NgcPostLogonProvisioningEnabled": "Not Tested", "EventData.NgcHardwarePolicyMet": "Not Tested", "EventData.UserIsRemote": "Yes", "EventData.LogonCertRequired": "Not Tested", "EventData.MachinePolicySource": "none", "EventData.UseCloudTrust": "Not Tested", "EventData.CloudTgt": "Not Tested"}
{"EventID": "360", "Channel": "Microsoft-Windows-User Device Registration/Admin", "Provider_Name": "Microsoft-Windows-User Device Registration", "Computer": "DESKTOP-OFJ6N53", "TimeCreated": "2024-09-06 13:40:27.556435+00:00", "RecordID": "136", "Level": "3", "UserID": "S-1-5-21-963789628-1060504924-4285088085-1001", "EventData.Message": "Подготовка Windows Hello для бизнеса не будет запущена.", "EventData.DeviceIsJoined": "Not Tested", "EventData.AADPrt": "No", "EventData.NgcPolicyEnabled": "Not Tested", "EventData.NgcPostLogonProvisioningEnabled": "Not Tested", "EventData.NgcHardwarePolicyMet": "Not Tested", "EventData.UserIsRemote": "Yes", "EventData.LogonCertRequired": "Not Tested", "EventData.MachinePolicySource": "none", "EventData.UseCloudTrust": "Not Tested", "EventData.CloudTgt": "Not Tested"}
{"EventID": "360", "Channel": "Microsoft-Windows-User Device Registration/Admin", "Provider_Name": "Microsoft-Windows-User Device Registration", "Computer": "DESKTOP-OFJ6N53", "TimeCreated": "2024-09-11 14:52:11.231579+00:00", "RecordID": "137", "Level": "3", "UserID": "S-1-5-21-963789628-1060504924-4285088085-1001", "EventData.Message": "Подготовка Windows Hello для бизнеса не будет запущена.", "EventData.DeviceIsJoined": "Not Tested", "EventData.AADPrt": "No", "EventData.NgcPolicyEnabled": "Not Tested", "EventData.NgcPostLogonProvisioningEnabled": "Not Tested", "EventData.NgcHardwarePolicyMet": "Not Tested", "EventData.UserIsRemote": "Yes", "EventData.LogonCertRequired": "Not Tested", "EventData.MachinePolicySource": "none", "EventData.UseCloudTrust": "Not Tested", "EventData.CloudTgt": "Not Tested"}
{"EventID": "360", "Channel": "Microsoft-Windows-User Device Registration/Admin", "Provider_Name": "Microsoft-Windows-User Device Registration", "Computer": "DESKTOP-OFJ6N53", "TimeCreated": "2024-09-19 17:25:36.166420+00:00", "RecordID": "138", "Level": "3", "UserID": "S-1-5-21-963789628-1060504924-4285088085-1001", "EventData.Message": "Подготовка Windows Hello для бизнеса не будет запущена.", "EventData.DeviceIsJoined": "Not Tested", "EventData.AADPrt": "No", "EventData.NgcPolicyEnabled": "Not Tested", "EventData.NgcPostLogonProvisioningEnabled": "Not Tested", "EventData.NgcHardwarePolicyMet": "Not Tested", "EventData.UserIsRemote": "Yes", "EventData.LogonCertRequired": "Not Tested", "EventData.MachinePolicySource": "none", "EventData.UseCloudTrust": "Not Tested", "EventData.CloudTgt": "Not Tested"}
{"EventID": "360", "Channel": "Microsoft-Windows-User Device Registration/Admin", "Provider_Name": "Microsoft-Windows-User Device Registration", "Computer": "DESKTOP-OFJ6N53", "TimeCreated": "2024-09-24 10:57:42.974794+00:00", "RecordID": "139", "Level": "3", "UserID": "S-1-5-21-963789628-1060504924-4285088085-1001", "EventData.Message": "Подготовка Windows Hello для бизнеса не будет запущена.", "EventData.DeviceIsJoined": "Not Tested", "EventData.AADPrt": "No", "EventData.NgcPolicyEnabled": "Not Tested", "EventData.NgcPostLogonProvisioningEnabled": "Not Tested", "EventData.NgcHardwarePolicyMet": "Not Tested", "EventData.UserIsRemote": "Yes", "EventData.LogonCertRequired": "Not Tested", "EventData.MachinePolicySource": "none", "EventData.UseCloudTrust": "Not Tested", "EventData.CloudTgt": "Not Tested"}
{"EventID": "360", "Channel": "Microsoft-Windows-User Device Registration/Admin", "Provider_Name": "Microsoft-Windows-User Device Registration", "Computer": "DESKTOP-OFJ6N53", "TimeCreated": "2024-09-25 13:39:07.646542+00:00", "RecordID": "140", "Level": "3", "UserID": "S-1-5-21-963789628-1060504924-4285088085-1001", "EventData.Message": "Подготовка Windows Hello для бизнеса не будет запущена.", "EventData.DeviceIsJoined": "Not Tested", "EventData.AADPrt": "No", "EventData.NgcPolicyEnabled": "Not Tested", "EventData.NgcPostLogonProvisioningEnabled": "Not Tested", "EventData.NgcHardwarePolicyMet": "Not Tested", "EventData.UserIsRemote": "Yes", "EventData.LogonCertRequired": "Not Tested", "EventData.MachinePolicySource": "none", "EventData.UseCloudTrust": "Not Tested", "EventData.CloudTgt": "Not Tested"}
{"EventID": "360", "Channel": "Microsoft-Windows-User Device Registration/Admin", "Provider_Name": "Microsoft-Windows-User Device Registration", "Computer": "DESKTOP-OFJ6N53", "TimeCreated": "2024-09-28 12:29:17.660667+00:00", "RecordID": "141", "Level": "3", "UserID": "S-1-5-21-963789628-1060504924-4285088085-1001", "EventData.Message": "Подготовка Windows Hello для бизнеса не будет запущена.", "EventData.DeviceIsJoined": "Not Tested", "EventData.AADPrt": "No", "EventData.NgcPolicyEnabled": "Not Tested", "EventData.NgcPostLogonProvisioningEnabled": "Not Tested", "EventData.NgcHardwarePolicyMet": "Not Tested", "EventData.UserIsRemote": "Yes", "EventData.LogonCertRequired": "Not Tested", "EventData.MachinePolicySource": "none", "EventData.UseCloudTrust": "Not Tested", "EventData.CloudTgt": "Not Tested"}
{"EventID": "360", "Channel": "Microsoft-Windows-User Device Registration/Admin", "Provider_Name": "Microsoft-Windows-User Device Registration", "Computer": "DESKTOP-OFJ6N53", "TimeCreated": "2024-10-04 11:18:39.151220+00:00", "RecordID": "142", "Level": "3", "UserID": "S-1-5-21-963789628-1060504924-4285088085-1001", "EventData.Message": "Подготовка Windows Hello для бизнеса не будет запущена.", "EventData.DeviceIsJoined": "Not Tested", "EventData.AADPrt": "Not Tested", "EventData.NgcPolicyEnabled": "Not Tested", "EventData.NgcPostLogonProvisioningEnabled": "Not Tested", "EventData.NgcHardwarePolicyMet": "Not Tested", "EventData.UserIsRemote": "No", "EventData.LogonCertRequired": "Not Tested", "EventData.MachinePolicySource": "none", "EventData.UseCloudTrust": "Not Tested", "EventData.CloudTgt": "Not Tested"}
{"EventID": "360", "Channel": "Microsoft-Windows-User Device Registration/Admin", "Provider_Name": "Microsoft-Windows-User Device Registration", "Computer": "DESKTOP-OFJ6N53", "TimeCreated": "2024-10-04 22:03:46.241999+00:00", "RecordID": "143", "Level": "3", "UserID": "S-1-5-21-963789628-1060504924-4285088085-1001", "EventData.Message": "Подготовка Windows Hello для бизнеса не будет запущена.", "EventData.DeviceIsJoined": "Not Tested", "EventData.AADPrt": "Not Tested", "EventData.NgcPolicyEnabled": "Not Tested", "EventData.NgcPostLogonProvisioningEnabled": "Not Tested", "EventData.NgcHardwarePolicyMet": "Not Tested", "EventData.UserIsRemote": "No", "EventData.LogonCertRequired": "Not Tested", "EventData.MachinePolicySource": "none", "EventData.UseCloudTrust": "Not Tested", "EventData.CloudTgt": "Not Tested"}
{"EventID": "360", "Channel": "Microsoft-Windows-User Device Registration/Admin", "Provider_Name": "Microsoft-Windows-User Device Registration", "Computer": "DESKTOP-OFJ6N53", "TimeCreated": "2024-10-16 22:42:08.492546+00:00", "RecordID": "144", "Level": "3", "UserID": "S-1-5-21-963789628-1060504924-4285088085-1001", "EventData.Message": "Подготовка Windows Hello для бизнеса не будет запущена.", "EventData.DeviceIsJoined": "Not Tested", "EventData.AADPrt": "Not Tested", "EventData.NgcPolicyEnabled": "Not Tested", "EventData.NgcPostLogonProvisioningEnabled": "Not Tested", "EventData.NgcHardwarePolicyMet": "Not Tested", "EventData.UserIsRemote": "No", "EventData.LogonCertRequired": "Not Tested", "EventData.MachinePolicySource": "none", "EventData.UseCloudTrust": "Not Tested", "EventData.CloudTgt": "Not Tested"}
{"EventID": "360", "Channel": "Microsoft-Windows-User Device Registration/Admin", "Provider_Name": "Microsoft-Windows-User Device Registration", "Computer": "DESKTOP-OFJ6N53", "TimeCreated": "2024-11-18 12:12:33.904976+00:00", "RecordID": "145", "Level": "3", "UserID": "S-1-5-21-963789628-1060504924-4285088085-1001", "EventData.Message": "Подготовка Windows Hello для бизнеса не будет запущена.", "EventData.DeviceIsJoined": "Not Tested", "EventData.AADPrt": "No", "EventData.NgcPolicyEnabled": "Not Tested", "EventData.NgcPostLogonProvisioningEnabled": "Not Tested", "EventData.NgcHardwarePolicyMet": "Not Tested", "EventData.UserIsRemote": "Yes", "EventData.LogonCertRequired": "Not Tested", "EventData.MachinePolicySource": "none", "EventData.UseCloudTrust": "Not Tested", "EventData.CloudTgt": "Not Tested"}
{"EventID": "360", "Channel": "Microsoft-Windows-User Device Registration/Admin", "Provider_Name": "Microsoft-Windows-User Device Registration", "Computer": "DESKTOP-OFJ6N53", "TimeCreated": "2024-12-03 10:24:10.339756+00:00", "RecordID": "146", "Level": "3", "UserID": "S-1-5-21-963789628-1060504924-4285088085-1001", "EventData.Message": "Подготовка Windows Hello для бизнеса не будет запущена.", "EventData.DeviceIsJoined": "Not Tested", "EventData.AADPrt": "No", "EventData.NgcPolicyEnabled": "Not Tested", "EventData.NgcPostLogonProvisioningEnabled": "Not Tested", "EventData.NgcHardwarePolicyMet": "Not Tested", "EventData.UserIsRemote": "Yes", "EventData.LogonCertRequired": "Not Tested", "EventData.MachinePolicySource": "none", "EventData.UseCloudTrust": "Not Tested", "EventData.CloudTgt": "Not Tested"}
{"EventID": "360", "Channel": "Microsoft-Windows-User Device Registration/Admin", "Provider_Name": "Microsoft-Windows-User Device Registration", "Computer": "DESKTOP-OFJ6N53", "TimeCreated": "2024-12-08 16:52:37.901423+00:00", "RecordID": "147", "Level": "3", "UserID": "S-1-5-21-963789628-1060504924-4285088085-1001", "EventData.Message": "Подготовка Windows Hello для бизнеса не будет запущена.", "EventData.DeviceIsJoined": "Not Tested", "EventData.AADPrt": "No", "EventData.NgcPolicyEnabled": "Not Tested", "EventData.NgcPostLogonProvisioningEnabled": "Not Tested", "EventData.NgcHardwarePolicyMet": "Not Tested", "EventData.UserIsRemote": "Yes", "EventData.LogonCertRequired": "Not Tested", "EventData.MachinePolicySource": "none", "EventData.UseCloudTrust": "Not Tested", "EventData.CloudTgt": "Not Tested"}
{"EventID": "360", "Channel": "Microsoft-Windows-User Device Registration/Admin", "Provider_Name": "Microsoft-Windows-User Device Registration", "Computer": "DESKTOP-OFJ6N53", "TimeCreated": "2024-12-11 15:07:22.932413+00:00", "RecordID": "148", "Level": "3", "UserID": "S-1-5-21-963789628-1060504924-4285088085-1001", "EventData.Message": "Подготовка Windows Hello для бизнеса не будет запущена.", "EventData.DeviceIsJoined": "Not Tested", "EventData.AADPrt": "No", "EventData.NgcPolicyEnabled": "Not Tested", "EventData.NgcPostLogonProvisioningEnabled": "Not Tested", "EventData.NgcHardwarePolicyMet": "Not Tested", "EventData.UserIsRemote": "Yes", "EventData.LogonCertRequired": "Not Tested", "EventData.MachinePolicySource": "none", "EventData.UseCloudTrust": "Not Tested", "EventData.CloudTgt": "Not Tested"}
{"EventID": "360", "Channel": "Microsoft-Windows-User Device Registration/Admin", "Provider_Name": "Microsoft-Windows-User Device Registration", "Computer": "DESKTOP-OFJ6N53", "TimeCreated": "2024-12-23 14:10:38.983593+00:00", "RecordID": "149", "Level": "3", "UserID": "S-1-5-21-963789628-1060504924-4285088085-1001", "EventData.Message": "Подготовка Windows Hello для бизнеса не будет запущена.", "EventData.DeviceIsJoined": "Not Tested", "EventData.AADPrt": "No", "EventData.NgcPolicyEnabled": "Not Tested", "EventData.NgcPostLogonProvisioningEnabled": "Not Tested", "EventData.NgcHardwarePolicyMet": "Not Tested", "EventData.UserIsRemote": "Yes", "EventData.LogonCertRequired": "Not Tested", "EventData.MachinePolicySource": "none", "EventData.UseCloudTrust": "Not Tested", "EventData.CloudTgt": "Not Tested"}
{"EventID": "360", "Channel": "Microsoft-Windows-User Device Registration/Admin", "Provider_Name": "Microsoft-Windows-User Device Registration", "Computer": "DESKTOP-OFJ6N53", "TimeCreated": "2025-01-09 14:55:38.254639+00:00", "RecordID": "150", "Level": "3", "UserID": "S-1-5-21-963789628-1060504924-4285088085-1001", "EventData.Message": "Подготовка Windows Hello для бизнеса не будет запущена.", "EventData.DeviceIsJoined": "Not Tested", "EventData.AADPrt": "No", "EventData.NgcPolicyEnabled": "Not Tested", "EventData.NgcPostLogonProvisioningEnabled": "Not Tested", "EventData.NgcHardwarePolicyMet": "Not Tested", "EventData.UserIsRemote": "Yes", "EventData.LogonCertRequired": "Not Tested", "EventData.MachinePolicySource": "none", "EventData.UseCloudTrust": "Not Tested", "EventData.CloudTgt": "Not Tested"}
{"EventID": "360", "Channel": "Microsoft-Windows-User Device Registration/Admin", "Provider_Name": "Microsoft-Windows-User Device Registration", "Computer": "DESKTOP-OFJ6N53", "TimeCreated": "2025-01-14 23:26:33.437374+00:00", "RecordID": "151", "Level": "3", "UserID": "S-1-5-21-963789628-1060504924-4285088085-1001", "EventData.Message": "Подготовка Windows Hello для бизнеса не будет запущена.", "EventData.DeviceIsJoined": "Not Tested", "EventData.AADPrt": "No", "EventData.NgcPolicyEnabled": "Not Tested", "EventData.NgcPostLogonProvisioningEnabled": "Not Tested", "EventData.NgcHardwarePolicyMet": "Not Tested", "EventData.UserIsRemote": "Yes", "EventData.LogonCertRequired": "Not Tested", "EventData.MachinePolicySource": "none", "EventData.UseCloudTrust": "Not Tested", "EventData.CloudTgt": "Not Tested"}
{"EventID": "360", "Channel": "Microsoft-Windows-User Device Registration/Admin", "Provider_Name": "Microsoft-Windows-User Device Registration", "Computer": "DESKTOP-OFJ6N53", "TimeCreated": "2025-01-24 12:03:47.528280+00:00", "RecordID": "152", "Level": "3", "UserID": "S-1-5-21-963789628-1060504924-4285088085-1001", "EventData.Message": "Подготовка Windows Hello для бизнеса не будет запущена.", "EventData.DeviceIsJoined": "Not Tested", "EventData.AADPrt": "No", "EventData.NgcPolicyEnabled": "Not Tested", "EventData.NgcPostLogonProvisioningEnabled": "Not Tested", "EventData.NgcHardwarePolicyMet": "Not Tested", "EventData.UserIsRemote": "Yes", "EventData.LogonCertRequired": "Not Tested", "EventData.MachinePolicySource": "none", "EventData.UseCloudTrust": "Not Tested", "EventData.CloudTgt": "Not Tested"}
{"EventID": "360", "Channel": "Microsoft-Windows-User Device Registration/Admin", "Provider_Name": "Microsoft-Windows-User Device Registration", "Computer": "DESKTOP-OFJ6N53", "TimeCreated": "2025-02-05 14:02:25.495037+00:00", "RecordID": "153", "Level": "3", "UserID": "S-1-5-21-963789628-1060504924-4285088085-1001", "EventData.Message": "Подготовка Windows Hello для бизнеса не будет запущена.", "EventData.DeviceIsJoined": "Not Tested", "EventData.AADPrt": "No", "EventData.NgcPolicyEnabled": "Not Tested", "EventData.NgcPostLogonProvisioningEnabled": "Not Tested", "EventData.NgcHardwarePolicyMet": "Not Tested", "EventData.UserIsRemote": "Yes", "EventData.LogonCertRequired": "Not Tested", "EventData.MachinePolicySource": "none", "EventData.UseCloudTrust": "Not Tested", "EventData.CloudTgt": "Not Tested"}
{"EventID": "360", "Channel": "Microsoft-Windows-User Device Registration/Admin", "Provider_Name": "Microsoft-Windows-User Device Registration", "Computer": "DESKTOP-OFJ6N53", "TimeCreated": "2025-02-12 14:55:41.767954+00:00", "RecordID": "154", "Level": "3", "UserID": "S-1-5-21-963789628-1060504924-4285088085-1001", "EventData.Message": "Подготовка Windows Hello для бизнеса не будет запущена.", "EventData.DeviceIsJoined": "Not Tested", "EventData.AADPrt": "No", "EventData.NgcPolicyEnabled": "Not Tested", "EventData.NgcPostLogonProvisioningEnabled": "Not Tested", "EventData.NgcHardwarePolicyMet": "Not Tested", "EventData.UserIsRemote": "Yes", "EventData.LogonCertRequired": "Not Tested", "EventData.MachinePolicySource": "none", "EventData.UseCloudTrust": "Not Tested", "EventData.CloudTgt": "Not Tested"}
{"EventID": "360", "Channel": "Microsoft-Windows-User Device Registration/Admin", "Provider_Name": "Microsoft-Windows-User Device Registration", "Computer": "DESKTOP-OFJ6N53", "TimeCreated": "2025-03-07 15:05:47.958000+00:00", "RecordID": "155", "Level": "3", "UserID": "S-1-5-21-963789628-1060504924-4285088085-1001", "EventData.Message": "Подготовка Windows Hello для бизнеса не будет запущена.", "EventData.DeviceIsJoined": "Not Tested", "EventData.AADPrt": "No", "EventData.NgcPolicyEnabled": "Not Tested", "EventData.NgcPostLogonProvisioningEnabled": "Not Tested", "EventData.NgcHardwarePolicyMet": "Not Tested", "EventData.UserIsRemote": "Yes", "EventData.LogonCertRequired": "Not Tested", "EventData.MachinePolicySource": "none", "EventData.UseCloudTrust": "Not Tested", "EventData.CloudTgt": "Not Tested"}
{"EventID": "360", "Channel": "Microsoft-Windows-User Device Registration/Admin", "Provider_Name": "Microsoft-Windows-User Device Registration", "Computer": "DESKTOP-OFJ6N53", "TimeCreated": "2025-03-11 20:21:21.000126+00:00", "RecordID": "156", "Level": "3", "UserID": "S-1-5-21-963789628-1060504924-4285088085-1001", "EventData.Message": "Подготовка Windows Hello для бизнеса не будет запущена.", "EventData.DeviceIsJoined": "Not Tested", "EventData.AADPrt": "No", "EventData.NgcPolicyEnabled": "Not Tested", "EventData.NgcPostLogonProvisioningEnabled": "Not Tested", "EventData.NgcHardwarePolicyMet": "Not Tested", "EventData.UserIsRemote": "Yes", "EventData.LogonCertRequired": "Not Tested", "EventData.MachinePolicySource": "none", "EventData.UseCloudTrust": "Not Tested", "EventData.CloudTgt": "Not Tested"}
{"EventID": "360", "Channel": "Microsoft-Windows-User Device Registration/Admin", "Provider_Name": "Microsoft-Windows-User Device Registration", "Computer": "DESKTOP-OFJ6N53", "TimeCreated": "2025-04-01 16:04:07.512478+00:00", "RecordID": "157", "Level": "3", "UserID": "S-1-5-21-963789628-1060504924-4285088085-1001", "EventData.Message": "Подготовка Windows Hello для бизнеса не будет запущена.", "EventData.DeviceIsJoined": "Not Tested", "EventData.AADPrt": "No", "EventData.NgcPolicyEnabled": "Not Tested", "EventData.NgcPostLogonProvisioningEnabled": "Not Tested", "EventData.NgcHardwarePolicyMet": "Not Tested", "EventData.UserIsRemote": "Yes", "EventData.LogonCertRequired": "Not Tested", "EventData.MachinePolicySource": "none", "EventData.UseCloudTrust": "Not Tested", "EventData.CloudTgt": "Not Tested"}
{"EventID": "360", "Channel": "Microsoft-Windows-User Device Registration/Admin", "Provider_Name": "Microsoft-Windows-User Device Registration", "Computer": "DESKTOP-OFJ6N53", "TimeCreated": "2025-04-02 09:18:54.514011+00:00", "RecordID": "158", "Level": "3", "UserID": "S-1-5-21-963789628-1060504924-4285088085-1001", "EventData.Message": "Подготовка Windows Hello для бизнеса не будет запущена.", "EventData.DeviceIsJoined": "Not Tested", "EventData.AADPrt": "No", "EventData.NgcPolicyEnabled": "Not Tested", "EventData.NgcPostLogonProvisioningEnabled": "Not Tested", "EventData.NgcHardwarePolicyMet": "Not Tested", "EventData.UserIsRemote": "Yes", "EventData.LogonCertRequired": "Not Tested", "EventData.MachinePolicySource": "none", "EventData.UseCloudTrust": "Not Tested", "EventData.CloudTgt": "Not Tested"}
{"EventID": "360", "Channel": "Microsoft-Windows-User Device Registration/Admin", "Provider_Name": "Microsoft-Windows-User Device Registration", "Computer": "DESKTOP-OFJ6N53", "TimeCreated": "2025-04-02 09:54:03.308990+00:00", "RecordID": "159", "Level": "3", "UserID": "S-1-5-21-963789628-1060504924-4285088085-1001", "EventData.Message": "Подготовка Windows Hello для бизнеса не будет запущена.", "EventData.DeviceIsJoined": "Not Tested", "EventData.AADPrt": "Not Tested", "EventData.NgcPolicyEnabled": "Not Tested", "EventData.NgcPostLogonProvisioningEnabled": "Not Tested", "EventData.NgcHardwarePolicyMet": "Not Tested", "EventData.UserIsRemote": "No", "EventData.LogonCertRequired": "Not Tested", "EventData.MachinePolicySource": "none", "EventData.UseCloudTrust": "Not Tested", "EventData.CloudTgt": "Not Tested"}
{"EventID": "360", "Channel": "Microsoft-Windows-User Device Registration/Admin", "Provider_Name": "Microsoft-Windows-User Device Registration", "Computer": "DESKTOP-OFJ6N53", "TimeCreated": "2025-04-02 10:02:38.155588+00:00", "RecordID": "160", "Level": "3", "UserID": "S-1-5-21-963789628-1060504924-4285088085-1001", "EventData.Message": "Подготовка Windows Hello для бизнеса не будет запущена.", "EventData.DeviceIsJoined": "Not Tested", "EventData.AADPrt": "Not Tested", "EventData.NgcPolicyEnabled": "Not Tested", "EventData.NgcPostLogonProvisioningEnabled": "Not Tested", "EventData.NgcHardwarePolicyMet": "Not Tested", "EventData.UserIsRemote": "No", "EventData.LogonCertRequired": "Not Tested", "EventData.MachinePolicySource": "none", "EventData.UseCloudTrust": "Not Tested", "EventData.CloudTgt": "Not Tested"}
{"EventID": "360", "Channel": "Microsoft-Windows-User Device Registration/Admin", "Provider_Name": "Microsoft-Windows-User Device Registration", "Computer": "DESKTOP-OFJ6N53", "TimeCreated": "2025-04-02 10:08:58.535658+00:00", "RecordID": "161", "Level": "3", "UserID": "S-1-5-21-963789628-1060504924-4285088085-1001", "EventData.Message": "Подготовка Windows Hello для бизнеса не будет запущена.", "EventData.DeviceIsJoined": "Not Tested", "EventData.AADPrt": "Not Tested", "EventData.NgcPolicyEnabled": "Not Tested", "EventData.NgcPostLogonProvisioningEnabled": "Not Tested", "EventData.NgcHardwarePolicyMet": "Not Tested", "EventData.UserIsRemote": "No", "EventData.LogonCertRequired": "Not Tested", "EventData.MachinePolicySource": "none", "EventData.UseCloudTrust": "Not Tested", "EventData.CloudTgt": "Not Tested"}
{"EventID": "360", "Channel": "Microsoft-Windows-User Device Registration/Admin", "Provider_Name": "Microsoft-Windows-User Device Registration", "Computer": "DESKTOP-OFJ6N53", "TimeCreated": "2025-04-02 10:12:53.771042+00:00", "RecordID": "162", "Level": "3", "UserID": "S-1-5-21-963789628-1060504924-4285088085-1001", "EventData.Message": "Подготовка Windows Hello для бизнеса не будет запущена.", "EventData.DeviceIsJoined": "Not Tested", "EventData.AADPrt": "Not Tested", "EventData.NgcPolicyEnabled": "Not Tested", "EventData.NgcPostLogonProvisioningEnabled": "Not Tested", "EventData.NgcHardwarePolicyMet": "Not Tested", "EventData.UserIsRemote": "No", "EventData.LogonCertRequired": "Not Tested", "EventData.MachinePolicySource": "none", "EventData.UseCloudTrust": "Not Tested", "EventData.CloudTgt": "Not Tested"}
{"EventID": "360", "Channel": "Microsoft-Windows-User Device Registration/Admin", "Provider_Name": "Microsoft-Windows-User Device Registration", "Computer": "DESKTOP-OFJ6N53", "TimeCreated": "2025-04-02 10:31:04.823023+00:00", "RecordID": "163", "Level": "3", "UserID": "S-1-5-21-963789628-1060504924-4285088085-1001", "EventData.Message": "Подготовка Windows Hello для бизнеса не будет запущена.", "EventData.DeviceIsJoined": "Not Tested", "EventData.AADPrt": "Not Tested", "EventData.NgcPolicyEnabled": "Not Tested", "EventData.NgcPostLogonProvisioningEnabled": "Not Tested", "EventData.NgcHardwarePolicyMet": "Not Tested", "EventData.UserIsRemote": "No", "EventData.LogonCertRequired": "Not Tested", "EventData.MachinePolicySource": "none", "EventData.UseCloudTrust": "Not Tested", "EventData.CloudTgt": "Not Tested"}
{"EventID": "360", "Channel": "Microsoft-Windows-User Device Registration/Admin", "Provider_Name": "Microsoft-Windows-User Device Registration", "Computer": "DESKTOP-OFJ6N53", "TimeCreated": "2025-04-02 10:37:59.161045+00:00", "RecordID": "164", "Level": "3", "UserID": "S-1-5-21-963789628-1060504924-4285088085-1001", "EventData.Message": "Подготовка Windows Hello для бизнеса не будет запущена.", "EventData.DeviceIsJoined": "Not Tested", "EventData.AADPrt": "Not Tested", "EventData.NgcPolicyEnabled": "Not Tested", "EventData.NgcPostLogonProvisioningEnabled": "Not Tested", "EventData.NgcHardwarePolicyMet": "Not Tested", "EventData.UserIsRemote": "No", "EventData.LogonCertRequired": "Not Tested", "EventData.MachinePolicySource": "none", "EventData.UseCloudTrust": "Not Tested", "EventData.CloudTgt": "Not Tested"}
{"EventID": "360", "Channel": "Microsoft-Windows-User Device Registration/Admin", "Provider_Name": "Microsoft-Windows-User Device Registration", "Computer": "DESKTOP-OFJ6N53", "TimeCreated": "2025-04-10 05:53:21.451042+00:00", "RecordID": "165", "Level": "3", "UserID": "S-1-5-21-963789628-1060504924-4285088085-1001", "EventData.Message": "Подготовка Windows Hello для бизнеса не будет запущена.", "EventData.DeviceIsJoined": "Not Tested", "EventData.AADPrt": "Not Tested", "EventData.NgcPolicyEnabled": "Not Tested", "EventData.NgcPostLogonProvisioningEnabled": "Not Tested", "EventData.NgcHardwarePolicyMet": "Not Tested", "EventData.UserIsRemote": "No", "EventData.LogonCertRequired": "Not Tested", "EventData.MachinePolicySource": "none", "EventData.UseCloudTrust": "Not Tested", "EventData.CloudTgt": "Not Tested"}
{"EventID": "360", "Channel": "Microsoft-Windows-User Device Registration/Admin", "Provider_Name": "Microsoft-Windows-User Device Registration", "Computer": "DESKTOP-OFJ6N53", "TimeCreated": "2025-04-24 11:02:19.181158+00:00", "RecordID": "166", "Level": "3", "UserID": "S-1-5-21-963789628-1060504924-4285088085-1001", "EventData.Message": "Подготовка Windows Hello для бизнеса не будет запущена.", "EventData.DeviceIsJoined": "Not Tested", "EventData.AADPrt": "Not Tested", "EventData.NgcPolicyEnabled": "Not Tested", "EventData.NgcPostLogonProvisioningEnabled": "Not Tested", "EventData.NgcHardwarePolicyMet": "Not Tested", "EventData.UserIsRemote": "No", "EventData.LogonCertRequired": "Not Tested", "EventData.MachinePolicySource": "none", "EventData.UseCloudTrust": "Not Tested", "EventData.CloudTgt": "Not Tested"}
{"EventID": "360", "Channel": "Microsoft-Windows-User Device Registration/Admin", "Provider_Name": "Microsoft-Windows-User Device Registration", "Computer": "DESKTOP-OFJ6N53", "TimeCreated": "2025-05-21 14:11:44.153698+00:00", "RecordID": "167", "Level": "3", "UserID": "S-1-5-21-963789628-1060504924-4285088085-1001", "EventData.Message": "Подготовка Windows Hello для бизнеса не будет запущена.", "EventData.DeviceIsJoined": "Not Tested", "EventData.AADPrt": "Not Tested", "EventData.NgcPolicyEnabled": "Not Tested", "EventData.NgcPostLogonProvisioningEnabled": "Not Tested", "EventData.NgcHardwarePolicyMet": "Not Tested", "EventData.UserIsRemote": "No", "EventData.LogonCertRequired": "Not Tested", "EventData.MachinePolicySource": "none", "EventData.UseCloudTrust": "Not Tested", "EventData.CloudTgt": "Not Tested"}
{"EventID": "360", "Channel": "Microsoft-Windows-User Device Registration/Admin", "Provider_Name": "Microsoft-Windows-User Device Registration", "Computer": "DESKTOP-OFJ6N53", "TimeCreated": "2025-06-18 13:22:02.225441+00:00", "RecordID": "168", "Level": "3", "UserID": "S-1-5-21-963789628-1060504924-4285088085-1001", "EventData.Message": "Подготовка Windows Hello для бизнеса не будет запущена.", "EventData.DeviceIsJoined": "Not Tested", "EventData.AADPrt": "Not Tested", "EventData.NgcPolicyEnabled": "Not Tested", "EventData.NgcPostLogonProvisioningEnabled": "Not Tested", "EventData.NgcHardwarePolicyMet": "Not Tested", "EventData.UserIsRemote": "No", "EventData.LogonCertRequired": "Not Tested", "EventData.MachinePolicySource": "none", "EventData.UseCloudTrust": "Not Tested", "EventData.CloudTgt": "Not Tested"}
{"EventID": "360", "Channel": "Microsoft-Windows-User Device Registration/Admin", "Provider_Name": "Microsoft-Windows-User Device Registration", "Computer": "DESKTOP-OFJ6N53", "TimeCreated": "2025-07-07 13:12:17.405605+00:00", "RecordID": "169", "Level": "3", "UserID": "S-1-5-21-963789628-1060504924-4285088085-1001", "EventData.Message": "Подготовка Windows Hello для бизнеса не будет запущена.", "EventData.DeviceIsJoined": "Not Tested", "EventData.AADPrt": "Not Tested", "EventData.NgcPolicyEnabled": "Not Tested", "EventData.NgcPostLogonProvisioningEnabled": "Not Tested", "EventData.NgcHardwarePolicyMet": "Not Tested", "EventData.UserIsRemote": "No", "EventData.LogonCertRequired": "Not Tested", "EventData.MachinePolicySource": "none", "EventData.UseCloudTrust": "Not Tested", "EventData.CloudTgt": "Not Tested"}
{"EventID": "360", "Channel": "Microsoft-Windows-User Device Registration/Admin", "Provider_Name": "Microsoft-Windows-User Device Registration", "Computer": "DESKTOP-OFJ6N53", "TimeCreated": "2025-07-14 09:52:28.039574+00:00", "RecordID": "170", "Level": "3", "UserID": "S-1-5-21-963789628-1060504924-4285088085-1001", "EventData.Message": "Подготовка Windows Hello для бизнеса не будет запущена.", "EventData.DeviceIsJoined": "Not Tested", "EventData.AADPrt": "Not Tested", "EventData.NgcPolicyEnabled": "Not Tested", "EventData.NgcPostLogonProvisioningEnabled": "Not Tested", "EventData.NgcHardwarePolicyMet": "Not Tested", "EventData.UserIsRemote": "No", "EventData.LogonCertRequired": "Not Tested", "EventData.MachinePolicySource": "none", "EventData.UseCloudTrust": "Not Tested", "EventData.CloudTgt": "Not Tested"}
{"EventID": "360", "Channel": "Microsoft-Windows-User Device Registration/Admin", "Provider_Name": "Microsoft-Windows-User Device Registration", "Computer": "DESKTOP-OFJ6N53", "TimeCreated": "2025-07-24 21:30:47.394205+00:00", "RecordID": "171", "Level": "3", "UserID": "S-1-5-21-963789628-1060504924-4285088085-1001", "EventData.Message": "Подготовка Windows Hello для бизнеса не будет запущена.", "EventData.DeviceIsJoined": "Not Tested", "EventData.AADPrt": "Not Tested", "EventData.NgcPolicyEnabled": "Not Tested", "EventData.NgcPostLogonProvisioningEnabled": "Not Tested", "EventData.NgcHardwarePolicyMet": "Not Tested", "EventData.UserIsRemote": "No", "EventData.LogonCertRequired": "Not Tested", "EventData.MachinePolicySource": "none", "EventData.UseCloudTrust": "Not Tested", "EventData.CloudTgt": "Not Tested"}
{"EventID": "360", "Channel": "Microsoft-Windows-User Device Registration/Admin", "Provider_Name": "Microsoft-Windows-User Device Registration", "Computer": "DESKTOP-OFJ6N53", "TimeCreated": "2025-07-31 08:14:13.668978+00:00", "RecordID": "172", "Level": "3", "UserID": "S-1-5-21-963789628-1060504924-4285088085-1001", "EventData.Message": "Подготовка Windows Hello для бизнеса не будет запущена.", "EventData.DeviceIsJoined": "Not Tested", "EventData.AADPrt": "No", "EventData.NgcPolicyEnabled": "Not Tested", "EventData.NgcPostLogonProvisioningEnabled": "Not Tested", "EventData.NgcHardwarePolicyMet": "Not Tested", "EventData.UserIsRemote": "Yes", "EventData.LogonCertRequired": "Not Tested", "EventData.MachinePolicySource": "none", "EventData.UseCloudTrust": "Not Tested", "EventData.CloudTgt": "Not Tested"}
{"EventID": "360", "Channel": "Microsoft-Windows-User Device Registration/Admin", "Provider_Name": "Microsoft-Windows-User Device Registration", "Computer": "DESKTOP-OFJ6N53", "TimeCreated": "2025-08-12 12:19:18.371933+00:00", "RecordID": "173", "Level": "3", "UserID": "S-1-5-21-963789628-1060504924-4285088085-1001", "EventData.Message": "Подготовка Windows Hello для бизнеса не будет запущена.", "EventData.DeviceIsJoined": "Not Tested", "EventData.AADPrt": "Not Tested", "EventData.NgcPolicyEnabled": "Not Tested", "EventData.NgcPostLogonProvisioningEnabled": "Not Tested", "EventData.NgcHardwarePolicyMet": "Not Tested", "EventData.UserIsRemote": "No", "EventData.LogonCertRequired": "Not Tested", "EventData.MachinePolicySource": "none", "EventData.UseCloudTrust": "Not Tested", "EventData.CloudTgt": "Not Tested"}
{"EventID": "360", "Channel": "Microsoft-Windows-User Device Registration/Admin", "Provider_Name": "Microsoft-Windows-User Device Registration", "Computer": "DESKTOP-OFJ6N53", "TimeCreated": "2025-08-13 14:43:39.432619+00:00", "RecordID": "174", "Level": "3", "UserID": "S-1-5-21-963789628-1060504924-4285088085-1001", "EventData.Message": "Подготовка Windows Hello для бизнеса не будет запущена.", "EventData.DeviceIsJoined": "Not Tested", "EventData.AADPrt": "No", "EventData.NgcPolicyEnabled": "Not Tested", "EventData.NgcPostLogonProvisioningEnabled": "Not Tested", "EventData.NgcHardwarePolicyMet": "Not Tested", "EventData.UserIsRemote": "Yes", "EventData.LogonCertRequired": "Not Tested", "EventData.MachinePolicySource": "none", "EventData.UseCloudTrust": "Not Tested", "EventData.CloudTgt": "Not Tested"}
{"EventID": "360", "Channel": "Microsoft-Windows-User Device Registration/Admin", "Provider_Name": "Microsoft-Windows-User Device Registration", "Computer": "DESKTOP-OFJ6N53", "TimeCreated": "2025-08-19 07:19:45.319921+00:00", "RecordID": "175", "Level": "3", "UserID": "S-1-5-21-963789628-1060504924-4285088085-1001", "EventData.Message": "Подготовка Windows Hello для бизнеса не будет запущена.", "EventData.DeviceIsJoined": "Not Tested", "EventData.AADPrt": "No", "EventData.NgcPolicyEnabled": "Not Tested", "EventData.NgcPostLogonProvisioningEnabled": "Not Tested", "EventData.NgcHardwarePolicyMet": "Not Tested", "EventData.UserIsRemote": "Yes", "EventData.LogonCertRequired": "Not Tested", "EventData.MachinePolicySource": "none", "EventData.UseCloudTrust": "Not Tested", "EventData.CloudTgt": "Not Tested"}
{"EventID": "360", "Channel": "Microsoft-Windows-User Device Registration/Admin", "Provider_Name": "Microsoft-Windows-User Device Registration", "Computer": "DESKTOP-OFJ6N53", "TimeCreated": "2025-08-19 07:44:54.332552+00:00", "RecordID": "176", "Level": "3", "UserID": "S-1-5-21-963789628-1060504924-4285088085-1001", "EventData.Message": "Подготовка Windows Hello для бизнеса не будет запущена.", "EventData.DeviceIsJoined": "Not Tested", "EventData.AADPrt": "No", "EventData.NgcPolicyEnabled": "Not Tested", "EventData.NgcPostLogonProvisioningEnabled": "Not Tested", "EventData.NgcHardwarePolicyMet": "Not Tested", "EventData.UserIsRemote": "Yes", "EventData.LogonCertRequired": "Not Tested", "EventData.MachinePolicySource": "none", "EventData.UseCloudTrust": "Not Tested", "EventData.CloudTgt": "Not Tested"}
{"EventID": "360", "Channel": "Microsoft-Windows-User Device Registration/Admin", "Provider_Name": "Microsoft-Windows-User Device Registration", "Computer": "DESKTOP-OFJ6N53", "TimeCreated": "2025-08-22 12:59:41.060093+00:00", "RecordID": "177", "Level": "3", "UserID": "S-1-5-21-963789628-1060504924-4285088085-1001", "EventData.Message": "Подготовка Windows Hello для бизнеса не будет запущена.", "EventData.DeviceIsJoined": "Not Tested", "EventData.AADPrt": "No", "EventData.NgcPolicyEnabled": "Not Tested", "EventData.NgcPostLogonProvisioningEnabled": "Not Tested", "EventData.NgcHardwarePolicyMet": "Not Tested", "EventData.UserIsRemote": "Yes", "EventData.LogonCertRequired": "Not Tested", "EventData.MachinePolicySource": "none", "EventData.UseCloudTrust": "Not Tested", "EventData.CloudTgt": "Not Tested"}
{"EventID": "360", "Channel": "Microsoft-Windows-User Device Registration/Admin", "Provider_Name": "Microsoft-Windows-User Device Registration", "Computer": "DESKTOP-OFJ6N53", "TimeCreated": "2025-08-23 20:34:41.352400+00:00", "RecordID": "178", "Level": "3", "UserID": "S-1-5-21-963789628-1060504924-4285088085-1001", "EventData.Message": "Подготовка Windows Hello для бизнеса не будет запущена.", "EventData.DeviceIsJoined": "Not Tested", "EventData.AADPrt": "Not Tested", "EventData.NgcPolicyEnabled": "Not Tested", "EventData.NgcPostLogonProvisioningEnabled": "Not Tested", "EventData.NgcHardwarePolicyMet": "Not Tested", "EventData.UserIsRemote": "No", "EventData.LogonCertRequired": "Not Tested", "EventData.MachinePolicySource": "none", "EventData.UseCloudTrust": "Not Tested", "EventData.CloudTgt": "Not Tested"}
