{"EventID": "1009", "Channel": "Microsoft-Windows-SMBServer/Security", "Provider_Name": "Microsoft-Windows-SMBServer", "Computer": "DESKTOP-OFJ6N53", "TimeCreated": "2024-09-21 09:05:29.943598+00:00", "RecordID": "15515", "Level": "2", "UserID": "S-1-5-18"}
{"EventID": "551", "Channel": "Microsoft-Windows-SMBServer/Security", "Provider_Name": "Microsoft-Windows-SMBServer", "Computer": "DESKTOP-OFJ6N53", "TimeCreated": "2024-09-21 09:05:29.943602+00:00", "RecordID": "15516", "Level": "2", "UserID": "S-1-5-18"}
{"EventID": "1009", "Channel": "Microsoft-Windows-SMBServer/Security", "Provider_Name": "Microsoft-Windows-SMBServer", "Computer": "DESKTOP-OFJ6N53", "TimeCreated": "2024-09-21 09:42:46.849909+00:00", "RecordID": "15517", "Level": "2", "UserID": "S-1-5-18"}
{"EventID": "551", "Channel": "Microsoft-Windows-SMBServer/Security", "Provider_Name": "Microsoft-Windows-SMBServer", "Computer": "DESKTOP-OFJ6N53", "TimeCreated": "2024-09-21 09:42:46.849911+00:00", "RecordID": "15518", "Level": "2", "UserID": "S-1-5-18"}
{"EventID": "1009", "Channel": "Microsoft-Windows-SMBServer/Security", "Provider_Name": "Microsoft-Windows-SMBServer", "Computer": "DESKTOP-OFJ6N53", "TimeCreated": "2024-09-21 10:42:45.787910+00:00", "RecordID": "15519", "Level": "2", "UserID": "S-1-5-18"}
{"EventID": "551", "Channel": "Microsoft-Windows-SMBServer/Security", "Provider_Name": "Microsoft-Windows-SMBServer", "Computer": "DESKTOP-OFJ6N53", "TimeCreated": "2024-09-21 10:42:45.787916+00:00", "RecordID": "15520", "Level": "2", "UserID": "S-1-5-18"}
{"EventID": "1009", "Channel": "Microsoft-Windows-SMBServer/Security", "Provider_Name": "Microsoft-Windows-SMBServer", "Computer": "DESKTOP-OFJ6N53", "TimeCreated": "2024-09-21 11:42:47.184246+00:00", "RecordID": "15521", "Level": "2", "UserID": "S-1-5-18"}
{"EventID": "551", "Channel": "Microsoft-Windows-SMBServer/Security", "Provider_Name": "Microsoft-Windows-SMBServer", "Computer": "DESKTOP-OFJ6N53", "TimeCreated": "2024-09-21 11:42:47.184252+00:00", "RecordID": "15522", "Level": "2", "UserID": "S-1-5-18"}
{"EventID": "551", "Channel": "Microsoft-Windows-SMBServer/Security", "Provider_Name": "Microsoft-Windows-SMBServer", "Computer": "DESKTOP-OFJ6N53", "TimeCreated": "2024-09-21 12:02:25.596601+00:00", "RecordID": "15523", "Level": "2", "UserID": "S-1-5-18"}
{"EventID": "551", "Channel": "Microsoft-Windows-SMBServer/Security", "Provider_Name": "Microsoft-Windows-SMBServer", "Computer": "DESKTOP-OFJ6N53", "TimeCreated": "2024-09-21 12:02:25.601757+00:00", "RecordID": "15524", "Level": "2", "UserID": "S-1-5-18"}
{"EventID": "551", "Channel": "Microsoft-Windows-SMBServer/Security", "Provider_Name": "Microsoft-Windows-SMBServer", "Computer": "DESKTOP-OFJ6N53", "TimeCreated": "2024-09-21 12:02:25.606466+00:00", "RecordID": "15525", "Level": "2", "UserID": "S-1-5-18"}
{"EventID": "1009", "Channel": "Microsoft-Windows-SMBServer/Security", "Provider_Name": "Microsoft-Windows-SMBServer", "Computer": "DESKTOP-OFJ6N53", "TimeCreated": "2024-09-21 12:42:47.846079+00:00", "RecordID": "15526", "Level": "2", "UserID": "S-1-5-18"}
{"EventID": "551", "Channel": "Microsoft-Windows-SMBServer/Security", "Provider_Name": "Microsoft-Windows-SMBServer", "Computer": "DESKTOP-OFJ6N53", "TimeCreated": "2024-09-21 12:42:47.846083+00:00", "RecordID": "15527", "Level": "2", "UserID": "S-1-5-18"}
{"EventID": "1009", "Channel": "Microsoft-Windows-SMBServer/Security", "Provider_Name": "Microsoft-Windows-SMBServer", "Computer": "DESKTOP-OFJ6N53", "TimeCreated": "2024-09-21 13:42:47.296541+00:00", "RecordID": "15528", "Level": "2", "UserID": "S-1-5-18"}
{"EventID": "551", "Channel": "Microsoft-Windows-SMBServer/Security", "Provider_Name": "Microsoft-Windows-SMBServer", "Computer": "DESKTOP-OFJ6N53", "TimeCreated": "2024-09-21 13:42:47.296545+00:00", "RecordID": "15529", "Level": "2", "UserID": "S-1-5-18"}
{"EventID": "1009", "Channel": "Microsoft-Windows-SMBServer/Security", "Provider_Name": "Microsoft-Windows-SMBServer", "Computer": "DESKTOP-OFJ6N53", "TimeCreated": "2024-09-21 14:42:48.331242+00:00", "RecordID": "15530", "Level": "2", "UserID": "S-1-5-18"}
{"EventID": "551", "Channel": "Microsoft-Windows-SMBServer/Security", "Provider_Name": "Microsoft-Windows-SMBServer", "Computer": "DESKTOP-OFJ6N53", "TimeCreated": "2024-09-21 14:42:48.331244+00:00", "RecordID": "15531", "Level": "2", "UserID": "S-1-5-18"}
{"EventID": "551", "Channel": "Microsoft-Windows-SMBServer/Security", "Provider_Name": "Microsoft-Windows-SMBServer", "Computer": "DESKTOP-OFJ6N53", "TimeCreated": "2024-09-21 15:03:44.983103+00:00", "RecordID": "15532", "Level": "2", "UserID": "S-1-5-18"}
{"EventID": "551", "Channel": "Microsoft-Windows-SMBServer/Security", "Provider_Name": "Microsoft-Windows-SMBServer", "Computer": "DESKTOP-OFJ6N53", "TimeCreated": "2024-09-21 15:04:41.954494+00:00", "RecordID": "15533", "Level": "2", "UserID": "S-1-5-18"}
{"EventID": "1009", "Channel": "Microsoft-Windows-SMBServer/Security", "Provider_Name": "Microsoft-Windows-SMBServer", "Computer": "DESKTOP-OFJ6N53", "TimeCreated": "2024-09-21 15:42:49.469440+00:00", "RecordID": "15534", "Level": "2", "UserID": "S-1-5-18"}
{"EventID": "551", "Channel": "Microsoft-Windows-SMBServer/Security", "Provider_Name": "Microsoft-Windows-SMBServer", "Computer": "DESKTOP-OFJ6N53", "TimeCreated": "2024-09-21 15:42:49.469448+00:00", "RecordID": "15535", "Level": "2", "UserID": "S-1-5-18"}
{"EventID": "1009", "Channel": "Microsoft-Windows-SMBServer/Security", "Provider_Name": "Microsoft-Windows-SMBServer", "Computer": "DESKTOP-OFJ6N53", "TimeCreated": "2024-09-21 16:05:32.363432+00:00", "RecordID": "15536", "Level": "2", "UserID": "S-1-5-18"}
{"EventID": "551", "Channel": "Microsoft-Windows-SMBServer/Security", "Provider_Name": "Microsoft-Windows-SMBServer", "Computer": "DESKTOP-OFJ6N53", "TimeCreated": "2024-09-21 16:05:32.363434+00:00", "RecordID": "15537", "Level": "2", "UserID": "S-1-5-18"}
{"EventID": "1009", "Channel": "Microsoft-Windows-SMBServer/Security", "Provider_Name": "Microsoft-Windows-SMBServer", "Computer": "DESKTOP-OFJ6N53", "TimeCreated": "2024-09-21 16:42:50.060688+00:00", "RecordID": "15538", "Level": "2", "UserID": "S-1-5-18"}
{"EventID": "551", "Channel": "Microsoft-Windows-SMBServer/Security", "Provider_Name": "Microsoft-Windows-SMBServer", "Computer": "DESKTOP-OFJ6N53", "TimeCreated": "2024-09-21 16:42:50.060692+00:00", "RecordID": "15539", "Level": "2", "UserID": "S-1-5-18"}
{"EventID": "1009", "Channel": "Microsoft-Windows-SMBServer/Security", "Provider_Name": "Microsoft-Windows-SMBServer", "Computer": "DESKTOP-OFJ6N53", "TimeCreated": "2024-09-21 17:42:48.865629+00:00", "RecordID": "15540", "Level": "2", "UserID": "S-1-5-18"}
{"EventID": "551", "Channel": "Microsoft-Windows-SMBServer/Security", "Provider_Name": "Microsoft-Windows-SMBServer", "Computer": "DESKTOP-OFJ6N53", "TimeCreated": "2024-09-21 17:42:48.865631+00:00", "RecordID": "15541", "Level": "2", "UserID": "S-1-5-18"}
{"EventID": "1009", "Channel": "Microsoft-Windows-SMBServer/Security", "Provider_Name": "Microsoft-Windows-SMBServer", "Computer": "DESKTOP-OFJ6N53", "TimeCreated": "2024-09-21 18:42:50.155348+00:00", "RecordID": "15542", "Level": "2", "UserID": "S-1-5-18"}
{"EventID": "551", "Channel": "Microsoft-Windows-SMBServer/Security", "Provider_Name": "Microsoft-Windows-SMBServer", "Computer": "DESKTOP-OFJ6N53", "TimeCreated": "2024-09-21 18:42:50.155355+00:00", "RecordID": "15543", "Level": "2", "UserID": "S-1-5-18"}
{"EventID": "551", "Channel": "Microsoft-Windows-SMBServer/Security", "Provider_Name": "Microsoft-Windows-SMBServer", "Computer": "DESKTOP-OFJ6N53", "TimeCreated": "2024-09-21 19:03:29.558834+00:00", "RecordID": "15544", "Level": "2", "UserID": "S-1-5-18"}
{"EventID": "551", "Channel": "Microsoft-Windows-SMBServer/Security", "Provider_Name": "Microsoft-Windows-SMBServer", "Computer": "DESKTOP-OFJ6N53", "TimeCreated": "2024-09-21 19:03:29.564075+00:00", "RecordID": "15545", "Level": "2", "UserID": "S-1-5-18"}
{"EventID": "551", "Channel": "Microsoft-Windows-SMBServer/Security", "Provider_Name": "Microsoft-Windows-SMBServer", "Computer": "DESKTOP-OFJ6N53", "TimeCreated": "2024-09-21 19:03:29.569019+00:00", "RecordID": "15546", "Level": "2", "UserID": "S-1-5-18"}
{"EventID": "1009", "Channel": "Microsoft-Windows-SMBServer/Security", "Provider_Name": "Microsoft-Windows-SMBServer", "Computer": "DESKTOP-OFJ6N53", "TimeCreated": "2024-09-21 19:42:50.574011+00:00", "RecordID": "15547", "Level": "2", "UserID": "S-1-5-18"}
{"EventID": "551", "Channel": "Microsoft-Windows-SMBServer/Security", "Provider_Name": "Microsoft-Windows-SMBServer", "Computer": "DESKTOP-OFJ6N53", "TimeCreated": "2024-09-21 19:42:50.574015+00:00", "RecordID": "15548", "Level": "2", "UserID": "S-1-5-18"}
{"EventID": "1009", "Channel": "Microsoft-Windows-SMBServer/Security", "Provider_Name": "Microsoft-Windows-SMBServer", "Computer": "DESKTOP-OFJ6N53", "TimeCreated": "2024-09-21 20:42:50.884230+00:00", "RecordID": "15549", "Level": "2", "UserID": "S-1-5-18"}
{"EventID": "551", "Channel": "Microsoft-Windows-SMBServer/Security", "Provider_Name": "Microsoft-Windows-SMBServer", "Computer": "DESKTOP-OFJ6N53", "TimeCreated": "2024-09-21 20:42:50.884233+00:00", "RecordID": "15550", "Level": "2", "UserID": "S-1-5-18"}
{"EventID": "1009", "Channel": "Microsoft-Windows-SMBServer/Security", "Provider_Name": "Microsoft-Windows-SMBServer", "Computer": "DESKTOP-OFJ6N53", "TimeCreated": "2024-09-21 21:42:51.357897+00:00", "RecordID": "15551", "Level": "2", "UserID": "S-1-5-18"}
{"EventID": "551", "Channel": "Microsoft-Windows-SMBServer/Security", "Provider_Name": "Microsoft-Windows-SMBServer", "Computer": "DESKTOP-OFJ6N53", "TimeCreated": "2024-09-21 21:42:51.357903+00:00", "RecordID": "15552", "Level": "2", "UserID": "S-1-5-18"}
{"EventID": "551", "Channel": "Microsoft-Windows-SMBServer/Security", "Provider_Name": "Microsoft-Windows-SMBServer", "Computer": "DESKTOP-OFJ6N53", "TimeCreated": "2024-09-21 22:03:45.421238+00:00", "RecordID": "15553", "Level": "2", "UserID": "S-1-5-18"}
{"EventID": "551", "Channel": "Microsoft-Windows-SMBServer/Security", "Provider_Name": "Microsoft-Windows-SMBServer", "Computer": "DESKTOP-OFJ6N53", "TimeCreated": "2024-09-21 22:04:41.999716+00:00", "RecordID": "15554", "Level": "2", "UserID": "S-1-5-18"}
{"EventID": "1009", "Channel": "Microsoft-Windows-SMBServer/Security", "Provider_Name": "Microsoft-Windows-SMBServer", "Computer": "DESKTOP-OFJ6N53", "TimeCreated": "2024-09-21 22:42:51.171865+00:00", "RecordID": "15555", "Level": "2", "UserID": "S-1-5-18"}
{"EventID": "551", "Channel": "Microsoft-Windows-SMBServer/Security", "Provider_Name": "Microsoft-Windows-SMBServer", "Computer": "DESKTOP-OFJ6N53", "TimeCreated": "2024-09-21 22:42:51.171867+00:00", "RecordID": "15556", "Level": "2", "UserID": "S-1-5-18"}
{"EventID": "1009", "Channel": "Microsoft-Windows-SMBServer/Security", "Provider_Name": "Microsoft-Windows-SMBServer", "Computer": "DESKTOP-OFJ6N53", "TimeCreated": "2024-09-21 23:04:35.279526+00:00", "RecordID": "15557", "Level": "2", "UserID": "S-1-5-18"}
{"EventID": "551", "Channel": "Microsoft-Windows-SMBServer/Security", "Provider_Name": "Microsoft-Windows-SMBServer", "Computer": "DESKTOP-OFJ6N53", "TimeCreated": "2024-09-21 23:04:35.279531+00:00", "RecordID": "15558", "Level": "2", "UserID": "S-1-5-18"}
{"EventID": "1009", "Channel": "Microsoft-Windows-SMBServer/Security", "Provider_Name": "Microsoft-Windows-SMBServer", "Computer": "DESKTOP-OFJ6N53", "TimeCreated": "2024-09-21 23:05:31.620409+00:00", "RecordID": "15559", "Level": "2", "UserID": "S-1-5-18"}
{"EventID": "551", "Channel": "Microsoft-Windows-SMBServer/Security", "Provider_Name": "Microsoft-Windows-SMBServer", "Computer": "DESKTOP-OFJ6N53", "TimeCreated": "2024-09-21 23:05:31.620413+00:00", "RecordID": "15560", "Level": "2", "UserID": "S-1-5-18"}
{"EventID": "551", "Channel": "Microsoft-Windows-SMBServer/Security", "Provider_Name": "Microsoft-Windows-SMBServer", "Computer": "DESKTOP-OFJ6N53", "TimeCreated": "2024-09-21 23:18:51.635183+00:00", "RecordID": "15561", "Level": "2", "UserID": "S-1-5-18"}
{"EventID": "551", "Channel": "Microsoft-Windows-SMBServer/Security", "Provider_Name": "Microsoft-Windows-SMBServer", "Computer": "DESKTOP-OFJ6N53", "TimeCreated": "2024-09-21 23:18:51.640093+00:00", "RecordID": "15562", "Level": "2", "UserID": "S-1-5-18"}
{"EventID": "551", "Channel": "Microsoft-Windows-SMBServer/Security", "Provider_Name": "Microsoft-Windows-SMBServer", "Computer": "DESKTOP-OFJ6N53", "TimeCreated": "2024-09-21 23:18:51.644575+00:00", "RecordID": "15563", "Level": "2", "UserID": "S-1-5-18"}
{"EventID": "1009", "Channel": "Microsoft-Windows-SMBServer/Security", "Provider_Name": "Microsoft-Windows-SMBServer", "Computer": "DESKTOP-OFJ6N53", "TimeCreated": "2024-09-21 23:42:51.784203+00:00", "RecordID": "15564", "Level": "2", "UserID": "S-1-5-18"}
{"EventID": "551", "Channel": "Microsoft-Windows-SMBServer/Security", "Provider_Name": "Microsoft-Windows-SMBServer", "Computer": "DESKTOP-OFJ6N53", "TimeCreated": "2024-09-21 23:42:51.784208+00:00", "RecordID": "15565", "Level": "2", "UserID": "S-1-5-18"}
{"EventID": "1009", "Channel": "Microsoft-Windows-SMBServer/Security", "Provider_Name": "Microsoft-Windows-SMBServer", "Computer": "DESKTOP-OFJ6N53", "TimeCreated": "2024-09-22 00:42:50.932703+00:00", "RecordID": "15566", "Level": "2", "UserID": "S-1-5-18"}
{"EventID": "551", "Channel": "Microsoft-Windows-SMBServer/Security", "Provider_Name": "Microsoft-Windows-SMBServer", "Computer": "DESKTOP-OFJ6N53", "TimeCreated": "2024-09-22 00:42:50.932707+00:00", "RecordID": "15567", "Level": "2", "UserID": "S-1-5-18"}
{"EventID": "1009", "Channel": "Microsoft-Windows-SMBServer/Security", "Provider_Name": "Microsoft-Windows-SMBServer", "Computer": "DESKTOP-OFJ6N53", "TimeCreated": "2024-09-22 01:42:52.403280+00:00", "RecordID": "15568", "Level": "2", "UserID": "S-1-5-18"}
{"EventID": "551", "Channel": "Microsoft-Windows-SMBServer/Security", "Provider_Name": "Microsoft-Windows-SMBServer", "Computer": "DESKTOP-OFJ6N53", "TimeCreated": "2024-09-22 01:42:52.403282+00:00", "RecordID": "15569", "Level": "2", "UserID": "S-1-5-18"}
{"EventID": "1009", "Channel": "Microsoft-Windows-SMBServer/Security", "Provider_Name": "Microsoft-Windows-SMBServer", "Computer": "DESKTOP-OFJ6N53", "TimeCreated": "2024-09-22 04:42:51.952385+00:00", "RecordID": "15570", "Level": "2", "UserID": "S-1-5-18"}
{"EventID": "551", "Channel": "Microsoft-Windows-SMBServer/Security", "Provider_Name": "Microsoft-Windows-SMBServer", "Computer": "DESKTOP-OFJ6N53", "TimeCreated": "2024-09-22 04:42:51.952391+00:00", "RecordID": "15571", "Level": "2", "UserID": "S-1-5-18"}
{"EventID": "551", "Channel": "Microsoft-Windows-SMBServer/Security", "Provider_Name": "Microsoft-Windows-SMBServer", "Computer": "DESKTOP-OFJ6N53", "TimeCreated": "2024-09-22 05:04:41.611744+00:00", "RecordID": "15572", "Level": "2", "UserID": "S-1-5-18"}
{"EventID": "1009", "Channel": "Microsoft-Windows-SMBServer/Security", "Provider_Name": "Microsoft-Windows-SMBServer", "Computer": "DESKTOP-OFJ6N53", "TimeCreated": "2024-09-22 05:42:53.848602+00:00", "RecordID": "15573", "Level": "2", "UserID": "S-1-5-18"}
{"EventID": "551", "Channel": "Microsoft-Windows-SMBServer/Security", "Provider_Name": "Microsoft-Windows-SMBServer", "Computer": "DESKTOP-OFJ6N53", "TimeCreated": "2024-09-22 05:42:53.848610+00:00", "RecordID": "15574", "Level": "2", "UserID": "S-1-5-18"}
{"EventID": "1009", "Channel": "Microsoft-Windows-SMBServer/Security", "Provider_Name": "Microsoft-Windows-SMBServer", "Computer": "DESKTOP-OFJ6N53", "TimeCreated": "2024-09-22 06:04:36.774582+00:00", "RecordID": "15575", "Level": "2", "UserID": "S-1-5-18"}
{"EventID": "551", "Channel": "Microsoft-Windows-SMBServer/Security", "Provider_Name": "Microsoft-Windows-SMBServer", "Computer": "DESKTOP-OFJ6N53", "TimeCreated": "2024-09-22 06:04:36.774586+00:00", "RecordID": "15576", "Level": "2", "UserID": "S-1-5-18"}
{"EventID": "1009", "Channel": "Microsoft-Windows-SMBServer/Security", "Provider_Name": "Microsoft-Windows-SMBServer", "Computer": "DESKTOP-OFJ6N53", "TimeCreated": "2024-09-22 06:05:32.112595+00:00", "RecordID": "15577", "Level": "2", "UserID": "S-1-5-18"}
{"EventID": "551", "Channel": "Microsoft-Windows-SMBServer/Security", "Provider_Name": "Microsoft-Windows-SMBServer", "Computer": "DESKTOP-OFJ6N53", "TimeCreated": "2024-09-22 06:05:32.112602+00:00", "RecordID": "15578", "Level": "2", "UserID": "S-1-5-18"}
{"EventID": "1009", "Channel": "Microsoft-Windows-SMBServer/Security", "Provider_Name": "Microsoft-Windows-SMBServer", "Computer": "DESKTOP-OFJ6N53", "TimeCreated": "2024-09-22 06:42:53.427414+00:00", "RecordID": "15579", "Level": "2", "UserID": "S-1-5-18"}
{"EventID": "551", "Channel": "Microsoft-Windows-SMBServer/Security", "Provider_Name": "Microsoft-Windows-SMBServer", "Computer": "DESKTOP-OFJ6N53", "TimeCreated": "2024-09-22 06:42:53.427418+00:00", "RecordID": "15580", "Level": "2", "UserID": "S-1-5-18"}
{"EventID": "1009", "Channel": "Microsoft-Windows-SMBServer/Security", "Provider_Name": "Microsoft-Windows-SMBServer", "Computer": "DESKTOP-OFJ6N53", "TimeCreated": "2024-09-22 07:42:54.375824+00:00", "RecordID": "15581", "Level": "2", "UserID": "S-1-5-18"}
{"EventID": "551", "Channel": "Microsoft-Windows-SMBServer/Security", "Provider_Name": "Microsoft-Windows-SMBServer", "Computer": "DESKTOP-OFJ6N53", "TimeCreated": "2024-09-22 07:42:54.375826+00:00", "RecordID": "15582", "Level": "2", "UserID": "S-1-5-18"}
{"EventID": "1009", "Channel": "Microsoft-Windows-SMBServer/Security", "Provider_Name": "Microsoft-Windows-SMBServer", "Computer": "DESKTOP-OFJ6N53", "TimeCreated": "2024-09-22 10:42:57.513523+00:00", "RecordID": "15583", "Level": "2", "UserID": "S-1-5-18"}
{"EventID": "551", "Channel": "Microsoft-Windows-SMBServer/Security", "Provider_Name": "Microsoft-Windows-SMBServer", "Computer": "DESKTOP-OFJ6N53", "TimeCreated": "2024-09-22 10:42:57.513525+00:00", "RecordID": "15584", "Level": "2", "UserID": "S-1-5-18"}
{"EventID": "551", "Channel": "Microsoft-Windows-SMBServer/Security", "Provider_Name": "Microsoft-Windows-SMBServer", "Computer": "DESKTOP-OFJ6N53", "TimeCreated": "2024-09-22 12:04:44.125124+00:00", "RecordID": "15585", "Level": "2", "UserID": "S-1-5-18"}
{"EventID": "1009", "Channel": "Microsoft-Windows-SMBServer/Security", "Provider_Name": "Microsoft-Windows-SMBServer", "Computer": "DESKTOP-OFJ6N53", "TimeCreated": "2024-09-22 12:42:58.948980+00:00", "RecordID": "15586", "Level": "2", "UserID": "S-1-5-18"}
{"EventID": "551", "Channel": "Microsoft-Windows-SMBServer/Security", "Provider_Name": "Microsoft-Windows-SMBServer", "Computer": "DESKTOP-OFJ6N53", "TimeCreated": "2024-09-22 12:42:58.948984+00:00", "RecordID": "15587", "Level": "2", "UserID": "S-1-5-18"}
{"EventID": "1009", "Channel": "Microsoft-Windows-SMBServer/Security", "Provider_Name": "Microsoft-Windows-SMBServer", "Computer": "DESKTOP-OFJ6N53", "TimeCreated": "2024-09-22 13:04:38.264582+00:00", "RecordID": "15588", "Level": "2", "UserID": "S-1-5-18"}
{"EventID": "551", "Channel": "Microsoft-Windows-SMBServer/Security", "Provider_Name": "Microsoft-Windows-SMBServer", "Computer": "DESKTOP-OFJ6N53", "TimeCreated": "2024-09-22 13:04:38.264585+00:00", "RecordID": "15589", "Level": "2", "UserID": "S-1-5-18"}
{"EventID": "1009", "Channel": "Microsoft-Windows-SMBServer/Security", "Provider_Name": "Microsoft-Windows-SMBServer", "Computer": "DESKTOP-OFJ6N53", "TimeCreated": "2024-09-22 13:05:34.505341+00:00", "RecordID": "15590", "Level": "2", "UserID": "S-1-5-18"}
{"EventID": "551", "Channel": "Microsoft-Windows-SMBServer/Security", "Provider_Name": "Microsoft-Windows-SMBServer", "Computer": "DESKTOP-OFJ6N53", "TimeCreated": "2024-09-22 13:05:34.505342+00:00", "RecordID": "15591", "Level": "2", "UserID": "S-1-5-18"}
{"EventID": "1009", "Channel": "Microsoft-Windows-SMBServer/Security", "Provider_Name": "Microsoft-Windows-SMBServer", "Computer": "DESKTOP-OFJ6N53", "TimeCreated": "2024-09-22 14:43:00.173285+00:00", "RecordID": "15592", "Level": "2", "UserID": "S-1-5-18"}
{"EventID": "551", "Channel": "Microsoft-Windows-SMBServer/Security", "Provider_Name": "Microsoft-Windows-SMBServer", "Computer": "DESKTOP-OFJ6N53", "TimeCreated": "2024-09-22 14:43:00.173292+00:00", "RecordID": "15593", "Level": "2", "UserID": "S-1-5-18"}
{"EventID": "1009", "Channel": "Microsoft-Windows-SMBServer/Security", "Provider_Name": "Microsoft-Windows-SMBServer", "Computer": "DESKTOP-OFJ6N53", "TimeCreated": "2024-09-22 15:43:01.294464+00:00", "RecordID": "15594", "Level": "2", "UserID": "S-1-5-18"}
{"EventID": "551", "Channel": "Microsoft-Windows-SMBServer/Security", "Provider_Name": "Microsoft-Windows-SMBServer", "Computer": "DESKTOP-OFJ6N53", "TimeCreated": "2024-09-22 15:43:01.294470+00:00", "RecordID": "15595", "Level": "2", "UserID": "S-1-5-18"}
{"EventID": "1009", "Channel": "Microsoft-Windows-SMBServer/Security", "Provider_Name": "Microsoft-Windows-SMBServer", "Computer": "DESKTOP-OFJ6N53", "TimeCreated": "2024-09-22 16:43:01.840029+00:00", "RecordID": "15596", "Level": "2", "UserID": "S-1-5-18"}
{"EventID": "551", "Channel": "Microsoft-Windows-SMBServer/Security", "Provider_Name": "Microsoft-Windows-SMBServer", "Computer": "DESKTOP-OFJ6N53", "TimeCreated": "2024-09-22 16:43:01.840038+00:00", "RecordID": "15597", "Level": "2", "UserID": "S-1-5-18"}
{"EventID": "1009", "Channel": "Microsoft-Windows-SMBServer/Security", "Provider_Name": "Microsoft-Windows-SMBServer", "Computer": "DESKTOP-OFJ6N53", "TimeCreated": "2024-09-22 17:43:02.046700+00:00", "RecordID": "15598", "Level": "2", "UserID": "S-1-5-18"}
{"EventID": "551", "Channel": "Microsoft-Windows-SMBServer/Security", "Provider_Name": "Microsoft-Windows-SMBServer", "Computer": "DESKTOP-OFJ6N53", "TimeCreated": "2024-09-22 17:43:02.046705+00:00", "RecordID": "15599", "Level": "2", "UserID": "S-1-5-18"}
{"EventID": "1009", "Channel": "Microsoft-Windows-SMBServer/Security", "Provider_Name": "Microsoft-Windows-SMBServer", "Computer": "DESKTOP-OFJ6N53", "TimeCreated": "2024-09-22 18:43:02.665892+00:00", "RecordID": "15600", "Level": "2", "UserID": "S-1-5-18"}
{"EventID": "551", "Channel": "Microsoft-Windows-SMBServer/Security", "Provider_Name": "Microsoft-Windows-SMBServer", "Computer": "DESKTOP-OFJ6N53", "TimeCreated": "2024-09-22 18:43:02.665899+00:00", "RecordID": "15601", "Level": "2", "UserID": "S-1-5-18"}
{"EventID": "551", "Channel": "Microsoft-Windows-SMBServer/Security", "Provider_Name": "Microsoft-Windows-SMBServer", "Computer": "DESKTOP-OFJ6N53", "TimeCreated": "2024-09-22 19:03:47.217127+00:00", "RecordID": "15602", "Level": "2", "UserID": "S-1-5-18"}
{"EventID": "551", "Channel": "Microsoft-Windows-SMBServer/Security", "Provider_Name": "Microsoft-Windows-SMBServer", "Computer": "DESKTOP-OFJ6N53", "TimeCreated": "2024-09-22 19:04:44.224388+00:00", "RecordID": "15603", "Level": "2", "UserID": "S-1-5-18"}
{"EventID": "1009", "Channel": "Microsoft-Windows-SMBServer/Security", "Provider_Name": "Microsoft-Windows-SMBServer", "Computer": "DESKTOP-OFJ6N53", "TimeCreated": "2024-09-22 19:43:03.380880+00:00", "RecordID": "15604", "Level": "2", "UserID": "S-1-5-18"}
{"EventID": "551", "Channel": "Microsoft-Windows-SMBServer/Security", "Provider_Name": "Microsoft-Windows-SMBServer", "Computer": "DESKTOP-OFJ6N53", "TimeCreated": "2024-09-22 19:43:03.380884+00:00", "RecordID": "15605", "Level": "2", "UserID": "S-1-5-18"}
{"EventID": "1009", "Channel": "Microsoft-Windows-SMBServer/Security", "Provider_Name": "Microsoft-Windows-SMBServer", "Computer": "DESKTOP-OFJ6N53", "TimeCreated": "2024-09-22 20:04:37.371708+00:00", "RecordID": "15606", "Level": "2", "UserID": "S-1-5-18"}
{"EventID": "551", "Channel": "Microsoft-Windows-SMBServer/Security", "Provider_Name": "Microsoft-Windows-SMBServer", "Computer": "DESKTOP-OFJ6N53", "TimeCreated": "2024-09-22 20:04:37.371710+00:00", "RecordID": "15607", "Level": "2", "UserID": "S-1-5-18"}
{"EventID": "1009", "Channel": "Microsoft-Windows-SMBServer/Security", "Provider_Name": "Microsoft-Windows-SMBServer", "Computer": "DESKTOP-OFJ6N53", "TimeCreated": "2024-09-22 20:05:32.918993+00:00", "RecordID": "15608", "Level": "2", "UserID": "S-1-5-18"}
{"EventID": "551", "Channel": "Microsoft-Windows-SMBServer/Security", "Provider_Name": "Microsoft-Windows-SMBServer", "Computer": "DESKTOP-OFJ6N53", "TimeCreated": "2024-09-22 20:05:32.918997+00:00", "RecordID": "15609", "Level": "2", "UserID": "S-1-5-18"}
{"EventID": "1009", "Channel": "Microsoft-Windows-SMBServer/Security", "Provider_Name": "Microsoft-Windows-SMBServer", "Computer": "DESKTOP-OFJ6N53", "TimeCreated": "2024-09-22 20:43:03.868847+00:00", "RecordID": "15610", "Level": "2", "UserID": "S-1-5-18"}
{"EventID": "551", "Channel": "Microsoft-Windows-SMBServer/Security", "Provider_Name": "Microsoft-Windows-SMBServer", "Computer": "DESKTOP-OFJ6N53", "TimeCreated": "2024-09-22 20:43:03.868851+00:00", "RecordID": "15611", "Level": "2", "UserID": "S-1-5-18"}
{"EventID": "1009", "Channel": "Microsoft-Windows-SMBServer/Security", "Provider_Name": "Microsoft-Windows-SMBServer", "Computer": "DESKTOP-OFJ6N53", "TimeCreated": "2024-09-22 22:43:03.633827+00:00", "RecordID": "15612", "Level": "2", "UserID": "S-1-5-18"}
{"EventID": "551", "Channel": "Microsoft-Windows-SMBServer/Security", "Provider_Name": "Microsoft-Windows-SMBServer", "Computer": "DESKTOP-OFJ6N53", "TimeCreated": "2024-09-22 22:43:03.633829+00:00", "RecordID": "15613", "Level": "2", "UserID": "S-1-5-18"}
{"EventID": "1009", "Channel": "Microsoft-Windows-SMBServer/Security", "Provider_Name": "Microsoft-Windows-SMBServer", "Computer": "DESKTOP-OFJ6N53", "TimeCreated": "2024-09-23 01:43:07.317204+00:00", "RecordID": "15614", "Level": "2", "UserID": "S-1-5-18"}
{"EventID": "551", "Channel": "Microsoft-Windows-SMBServer/Security", "Provider_Name": "Microsoft-Windows-SMBServer", "Computer": "DESKTOP-OFJ6N53", "TimeCreated": "2024-09-23 01:43:07.317207+00:00", "RecordID": "15615", "Level": "2", "UserID": "S-1-5-18"}
{"EventID": "551", "Channel": "Microsoft-Windows-SMBServer/Security", "Provider_Name": "Microsoft-Windows-SMBServer", "Computer": "DESKTOP-OFJ6N53", "TimeCreated": "2024-09-23 02:04:43.886122+00:00", "RecordID": "15616", "Level": "2", "UserID": "S-1-5-18"}
{"EventID": "1009", "Channel": "Microsoft-Windows-SMBServer/Security", "Provider_Name": "Microsoft-Windows-SMBServer", "Computer": "DESKTOP-OFJ6N53", "TimeCreated": "2024-09-23 02:43:07.287174+00:00", "RecordID": "15617", "Level": "2", "UserID": "S-1-5-18"}
{"EventID": "551", "Channel": "Microsoft-Windows-SMBServer/Security", "Provider_Name": "Microsoft-Windows-SMBServer", "Computer": "DESKTOP-OFJ6N53", "TimeCreated": "2024-09-23 02:43:07.287176+00:00", "RecordID": "15618", "Level": "2", "UserID": "S-1-5-18"}
{"EventID": "1009", "Channel": "Microsoft-Windows-SMBServer/Security", "Provider_Name": "Microsoft-Windows-SMBServer", "Computer": "DESKTOP-OFJ6N53", "TimeCreated": "2024-09-23 03:05:35.003256+00:00", "RecordID": "15619", "Level": "2", "UserID": "S-1-5-18"}
{"EventID": "551", "Channel": "Microsoft-Windows-SMBServer/Security", "Provider_Name": "Microsoft-Windows-SMBServer", "Computer": "DESKTOP-OFJ6N53", "TimeCreated": "2024-09-23 03:05:35.003263+00:00", "RecordID": "15620", "Level": "2", "UserID": "S-1-5-18"}
{"EventID": "1009", "Channel": "Microsoft-Windows-SMBServer/Security", "Provider_Name": "Microsoft-Windows-SMBServer", "Computer": "DESKTOP-OFJ6N53", "TimeCreated": "2024-09-23 03:43:09.907059+00:00", "RecordID": "15621", "Level": "2", "UserID": "S-1-5-18"}
{"EventID": "551", "Channel": "Microsoft-Windows-SMBServer/Security", "Provider_Name": "Microsoft-Windows-SMBServer", "Computer": "DESKTOP-OFJ6N53", "TimeCreated": "2024-09-23 03:43:09.907061+00:00", "RecordID": "15622", "Level": "2", "UserID": "S-1-5-18"}
{"EventID": "1009", "Channel": "Microsoft-Windows-SMBServer/Security", "Provider_Name": "Microsoft-Windows-SMBServer", "Computer": "DESKTOP-OFJ6N53", "TimeCreated": "2024-09-23 04:43:08.844181+00:00", "RecordID": "15623", "Level": "2", "UserID": "S-1-5-18"}
{"EventID": "551", "Channel": "Microsoft-Windows-SMBServer/Security", "Provider_Name": "Microsoft-Windows-SMBServer", "Computer": "DESKTOP-OFJ6N53", "TimeCreated": "2024-09-23 04:43:08.844185+00:00", "RecordID": "15624", "Level": "2", "UserID": "S-1-5-18"}
{"EventID": "1009", "Channel": "Microsoft-Windows-SMBServer/Security", "Provider_Name": "Microsoft-Windows-SMBServer", "Computer": "DESKTOP-OFJ6N53", "TimeCreated": "2024-09-23 05:43:10.133780+00:00", "RecordID": "15625", "Level": "2", "UserID": "S-1-5-18"}
{"EventID": "551", "Channel": "Microsoft-Windows-SMBServer/Security", "Provider_Name": "Microsoft-Windows-SMBServer", "Computer": "DESKTOP-OFJ6N53", "TimeCreated": "2024-09-23 05:43:10.133780+00:00", "RecordID": "15626", "Level": "2", "UserID": "S-1-5-18"}
{"EventID": "1009", "Channel": "Microsoft-Windows-SMBServer/Security", "Provider_Name": "Microsoft-Windows-SMBServer", "Computer": "DESKTOP-OFJ6N53", "TimeCreated": "2024-09-23 07:43:09.875507+00:00", "RecordID": "15627", "Level": "2", "UserID": "S-1-5-18"}
{"EventID": "551", "Channel": "Microsoft-Windows-SMBServer/Security", "Provider_Name": "Microsoft-Windows-SMBServer", "Computer": "DESKTOP-OFJ6N53", "TimeCreated": "2024-09-23 07:43:09.875511+00:00", "RecordID": "15628", "Level": "2", "UserID": "S-1-5-18"}
{"EventID": "1009", "Channel": "Microsoft-Windows-SMBServer/Security", "Provider_Name": "Microsoft-Windows-SMBServer", "Computer": "DESKTOP-OFJ6N53", "TimeCreated": "2024-09-23 08:43:13.391125+00:00", "RecordID": "15629", "Level": "2", "UserID": "S-1-5-18"}
{"EventID": "551", "Channel": "Microsoft-Windows-SMBServer/Security", "Provider_Name": "Microsoft-Windows-SMBServer", "Computer": "DESKTOP-OFJ6N53", "TimeCreated": "2024-09-23 08:43:13.391127+00:00", "RecordID": "15630", "Level": "2", "UserID": "S-1-5-18"}
{"EventID": "551", "Channel": "Microsoft-Windows-SMBServer/Security", "Provider_Name": "Microsoft-Windows-SMBServer", "Computer": "DESKTOP-OFJ6N53", "TimeCreated": "2024-09-23 09:03:45.657911+00:00", "RecordID": "15631", "Level": "2", "UserID": "S-1-5-18"}
{"EventID": "551", "Channel": "Microsoft-Windows-SMBServer/Security", "Provider_Name": "Microsoft-Windows-SMBServer", "Computer": "DESKTOP-OFJ6N53", "TimeCreated": "2024-09-23 09:04:41.824690+00:00", "RecordID": "15632", "Level": "2", "UserID": "S-1-5-18"}
{"EventID": "1009", "Channel": "Microsoft-Windows-SMBServer/Security", "Provider_Name": "Microsoft-Windows-SMBServer", "Computer": "DESKTOP-OFJ6N53", "TimeCreated": "2024-09-23 09:43:14.094601+00:00", "RecordID": "15633", "Level": "2", "UserID": "S-1-5-18"}
{"EventID": "551", "Channel": "Microsoft-Windows-SMBServer/Security", "Provider_Name": "Microsoft-Windows-SMBServer", "Computer": "DESKTOP-OFJ6N53", "TimeCreated": "2024-09-23 09:43:14.094610+00:00", "RecordID": "15634", "Level": "2", "UserID": "S-1-5-18"}
{"EventID": "1009", "Channel": "Microsoft-Windows-SMBServer/Security", "Provider_Name": "Microsoft-Windows-SMBServer", "Computer": "DESKTOP-OFJ6N53", "TimeCreated": "2024-09-23 10:05:36.565363+00:00", "RecordID": "15635", "Level": "2", "UserID": "S-1-5-18"}
{"EventID": "551", "Channel": "Microsoft-Windows-SMBServer/Security", "Provider_Name": "Microsoft-Windows-SMBServer", "Computer": "DESKTOP-OFJ6N53", "TimeCreated": "2024-09-23 10:05:36.565371+00:00", "RecordID": "15636", "Level": "2", "UserID": "S-1-5-18"}
{"EventID": "1009", "Channel": "Microsoft-Windows-SMBServer/Security", "Provider_Name": "Microsoft-Windows-SMBServer", "Computer": "DESKTOP-OFJ6N53", "TimeCreated": "2024-09-23 10:43:44.464186+00:00", "RecordID": "15637", "Level": "2", "UserID": "S-1-5-18"}
{"EventID": "551", "Channel": "Microsoft-Windows-SMBServer/Security", "Provider_Name": "Microsoft-Windows-SMBServer", "Computer": "DESKTOP-OFJ6N53", "TimeCreated": "2024-09-23 10:43:44.464188+00:00", "RecordID": "15638", "Level": "2", "UserID": "S-1-5-18"}
{"EventID": "1009", "Channel": "Microsoft-Windows-SMBServer/Security", "Provider_Name": "Microsoft-Windows-SMBServer", "Computer": "DESKTOP-OFJ6N53", "TimeCreated": "2024-09-23 11:43:47.053301+00:00", "RecordID": "15639", "Level": "2", "UserID": "S-1-5-18"}
{"EventID": "551", "Channel": "Microsoft-Windows-SMBServer/Security", "Provider_Name": "Microsoft-Windows-SMBServer", "Computer": "DESKTOP-OFJ6N53", "TimeCreated": "2024-09-23 11:43:47.053305+00:00", "RecordID": "15640", "Level": "2", "UserID": "S-1-5-18"}
{"EventID": "1009", "Channel": "Microsoft-Windows-SMBServer/Security", "Provider_Name": "Microsoft-Windows-SMBServer", "Computer": "DESKTOP-OFJ6N53", "TimeCreated": "2024-09-23 15:43:47.617788+00:00", "RecordID": "15641", "Level": "2", "UserID": "S-1-5-18"}
{"EventID": "551", "Channel": "Microsoft-Windows-SMBServer/Security", "Provider_Name": "Microsoft-Windows-SMBServer", "Computer": "DESKTOP-OFJ6N53", "TimeCreated": "2024-09-23 15:43:47.617792+00:00", "RecordID": "15642", "Level": "2", "UserID": "S-1-5-18"}
{"EventID": "551", "Channel": "Microsoft-Windows-SMBServer/Security", "Provider_Name": "Microsoft-Windows-SMBServer", "Computer": "DESKTOP-OFJ6N53", "TimeCreated": "2024-09-23 16:03:48.926432+00:00", "RecordID": "15643", "Level": "2", "UserID": "S-1-5-18"}
{"EventID": "1009", "Channel": "Microsoft-Windows-SMBServer/Security", "Provider_Name": "Microsoft-Windows-SMBServer", "Computer": "DESKTOP-OFJ6N53", "TimeCreated": "2024-09-23 17:05:36.759989+00:00", "RecordID": "15644", "Level": "2", "UserID": "S-1-5-18"}
{"EventID": "551", "Channel": "Microsoft-Windows-SMBServer/Security", "Provider_Name": "Microsoft-Windows-SMBServer", "Computer": "DESKTOP-OFJ6N53", "TimeCreated": "2024-09-23 17:05:36.759993+00:00", "RecordID": "15645", "Level": "2", "UserID": "S-1-5-18"}
{"EventID": "551", "Channel": "Microsoft-Windows-SMBServer/Security", "Provider_Name": "Microsoft-Windows-SMBServer", "Computer": "DESKTOP-OFJ6N53", "TimeCreated": "2024-09-23 17:20:04.498203+00:00", "RecordID": "15646", "Level": "2", "UserID": "S-1-5-18"}
{"EventID": "551", "Channel": "Microsoft-Windows-SMBServer/Security", "Provider_Name": "Microsoft-Windows-SMBServer", "Computer": "DESKTOP-OFJ6N53", "TimeCreated": "2024-09-23 17:20:04.503315+00:00", "RecordID": "15647", "Level": "2", "UserID": "S-1-5-18"}
{"EventID": "551", "Channel": "Microsoft-Windows-SMBServer/Security", "Provider_Name": "Microsoft-Windows-SMBServer", "Computer": "DESKTOP-OFJ6N53", "TimeCreated": "2024-09-23 17:20:04.507921+00:00", "RecordID": "15648", "Level": "2", "UserID": "S-1-5-18"}
{"EventID": "1009", "Channel": "Microsoft-Windows-SMBServer/Security", "Provider_Name": "Microsoft-Windows-SMBServer", "Computer": "DESKTOP-OFJ6N53", "TimeCreated": "2024-09-23 17:43:47.730743+00:00", "RecordID": "15649", "Level": "2", "UserID": "S-1-5-18"}
{"EventID": "551", "Channel": "Microsoft-Windows-SMBServer/Security", "Provider_Name": "Microsoft-Windows-SMBServer", "Computer": "DESKTOP-OFJ6N53", "TimeCreated": "2024-09-23 17:43:47.730747+00:00", "RecordID": "15650", "Level": "2", "UserID": "S-1-5-18"}
{"EventID": "1009", "Channel": "Microsoft-Windows-SMBServer/Security", "Provider_Name": "Microsoft-Windows-SMBServer", "Computer": "DESKTOP-OFJ6N53", "TimeCreated": "2024-09-23 18:43:49.248835+00:00", "RecordID": "15651", "Level": "2", "UserID": "S-1-5-18"}
{"EventID": "551", "Channel": "Microsoft-Windows-SMBServer/Security", "Provider_Name": "Microsoft-Windows-SMBServer", "Computer": "DESKTOP-OFJ6N53", "TimeCreated": "2024-09-23 18:43:49.248842+00:00", "RecordID": "15652", "Level": "2", "UserID": "S-1-5-18"}
{"EventID": "1009", "Channel": "Microsoft-Windows-SMBServer/Security", "Provider_Name": "Microsoft-Windows-SMBServer", "Computer": "DESKTOP-OFJ6N53", "TimeCreated": "2024-09-23 19:43:48.799643+00:00", "RecordID": "15653", "Level": "2", "UserID": "S-1-5-18"}
{"EventID": "551", "Channel": "Microsoft-Windows-SMBServer/Security", "Provider_Name": "Microsoft-Windows-SMBServer", "Computer": "DESKTOP-OFJ6N53", "TimeCreated": "2024-09-23 19:43:48.799646+00:00", "RecordID": "15654", "Level": "2", "UserID": "S-1-5-18"}
{"EventID": "1009", "Channel": "Microsoft-Windows-SMBServer/Security", "Provider_Name": "Microsoft-Windows-SMBServer", "Computer": "DESKTOP-OFJ6N53", "TimeCreated": "2024-09-23 20:43:49.129381+00:00", "RecordID": "15655", "Level": "2", "UserID": "S-1-5-18"}
{"EventID": "551", "Channel": "Microsoft-Windows-SMBServer/Security", "Provider_Name": "Microsoft-Windows-SMBServer", "Computer": "DESKTOP-OFJ6N53", "TimeCreated": "2024-09-23 20:43:49.129385+00:00", "RecordID": "15656", "Level": "2", "UserID": "S-1-5-18"}
{"EventID": "1009", "Channel": "Microsoft-Windows-SMBServer/Security", "Provider_Name": "Microsoft-Windows-SMBServer", "Computer": "DESKTOP-OFJ6N53", "TimeCreated": "2024-09-23 21:43:47.770323+00:00", "RecordID": "15657", "Level": "2", "UserID": "S-1-5-18"}
{"EventID": "551", "Channel": "Microsoft-Windows-SMBServer/Security", "Provider_Name": "Microsoft-Windows-SMBServer", "Computer": "DESKTOP-OFJ6N53", "TimeCreated": "2024-09-23 21:43:47.770325+00:00", "RecordID": "15658", "Level": "2", "UserID": "S-1-5-18"}
{"EventID": "1009", "Channel": "Microsoft-Windows-SMBServer/Security", "Provider_Name": "Microsoft-Windows-SMBServer", "Computer": "DESKTOP-OFJ6N53", "TimeCreated": "2024-09-23 23:43:50.131441+00:00", "RecordID": "15659", "Level": "2", "UserID": "S-1-5-18"}
{"EventID": "551", "Channel": "Microsoft-Windows-SMBServer/Security", "Provider_Name": "Microsoft-Windows-SMBServer", "Computer": "DESKTOP-OFJ6N53", "TimeCreated": "2024-09-23 23:43:50.131445+00:00", "RecordID": "15660", "Level": "2", "UserID": "S-1-5-18"}
{"EventID": "1009", "Channel": "Microsoft-Windows-SMBServer/Security", "Provider_Name": "Microsoft-Windows-SMBServer", "Computer": "DESKTOP-OFJ6N53", "TimeCreated": "2024-09-24 00:05:35.580315+00:00", "RecordID": "15661", "Level": "2", "UserID": "S-1-5-18"}
{"EventID": "551", "Channel": "Microsoft-Windows-SMBServer/Security", "Provider_Name": "Microsoft-Windows-SMBServer", "Computer": "DESKTOP-OFJ6N53", "TimeCreated": "2024-09-24 00:05:35.580318+00:00", "RecordID": "15662", "Level": "2", "UserID": "S-1-5-18"}
{"EventID": "1009", "Channel": "Microsoft-Windows-SMBServer/Security", "Provider_Name": "Microsoft-Windows-SMBServer", "Computer": "DESKTOP-OFJ6N53", "TimeCreated": "2024-09-24 01:43:51.208851+00:00", "RecordID": "15663", "Level": "2", "UserID": "S-1-5-18"}
{"EventID": "551", "Channel": "Microsoft-Windows-SMBServer/Security", "Provider_Name": "Microsoft-Windows-SMBServer", "Computer": "DESKTOP-OFJ6N53", "TimeCreated": "2024-09-24 01:43:51.208860+00:00", "RecordID": "15664", "Level": "2", "UserID": "S-1-5-18"}
{"EventID": "1009", "Channel": "Microsoft-Windows-SMBServer/Security", "Provider_Name": "Microsoft-Windows-SMBServer", "Computer": "DESKTOP-OFJ6N53", "TimeCreated": "2024-09-24 03:43:52.308189+00:00", "RecordID": "15665", "Level": "2", "UserID": "S-1-5-18"}
{"EventID": "551", "Channel": "Microsoft-Windows-SMBServer/Security", "Provider_Name": "Microsoft-Windows-SMBServer", "Computer": "DESKTOP-OFJ6N53", "TimeCreated": "2024-09-24 03:43:52.308193+00:00", "RecordID": "15666", "Level": "2", "UserID": "S-1-5-18"}
{"EventID": "1009", "Channel": "Microsoft-Windows-SMBServer/Security", "Provider_Name": "Microsoft-Windows-SMBServer", "Computer": "DESKTOP-OFJ6N53", "TimeCreated": "2024-09-24 04:43:52.935390+00:00", "RecordID": "15667", "Level": "2", "UserID": "S-1-5-18"}
{"EventID": "551", "Channel": "Microsoft-Windows-SMBServer/Security", "Provider_Name": "Microsoft-Windows-SMBServer", "Computer": "DESKTOP-OFJ6N53", "TimeCreated": "2024-09-24 04:43:52.935398+00:00", "RecordID": "15668", "Level": "2", "UserID": "S-1-5-18"}
{"EventID": "1009", "Channel": "Microsoft-Windows-SMBServer/Security", "Provider_Name": "Microsoft-Windows-SMBServer", "Computer": "DESKTOP-OFJ6N53", "TimeCreated": "2024-09-24 07:04:40.903051+00:00", "RecordID": "15669", "Level": "2", "UserID": "S-1-5-18"}
{"EventID": "551", "Channel": "Microsoft-Windows-SMBServer/Security", "Provider_Name": "Microsoft-Windows-SMBServer", "Computer": "DESKTOP-OFJ6N53", "TimeCreated": "2024-09-24 07:04:40.903053+00:00", "RecordID": "15670", "Level": "2", "UserID": "S-1-5-18"}
{"EventID": "1009", "Channel": "Microsoft-Windows-SMBServer/Security", "Provider_Name": "Microsoft-Windows-SMBServer", "Computer": "DESKTOP-OFJ6N53", "TimeCreated": "2024-09-24 07:05:36.293034+00:00", "RecordID": "15671", "Level": "2", "UserID": "S-1-5-18"}
{"EventID": "551", "Channel": "Microsoft-Windows-SMBServer/Security", "Provider_Name": "Microsoft-Windows-SMBServer", "Computer": "DESKTOP-OFJ6N53", "TimeCreated": "2024-09-24 07:05:36.293036+00:00", "RecordID": "15672", "Level": "2", "UserID": "S-1-5-18"}
{"EventID": "1009", "Channel": "Microsoft-Windows-SMBServer/Security", "Provider_Name": "Microsoft-Windows-SMBServer", "Computer": "DESKTOP-OFJ6N53", "TimeCreated": "2024-09-24 07:43:53.935812+00:00", "RecordID": "15673", "Level": "2", "UserID": "S-1-5-18"}
{"EventID": "551", "Channel": "Microsoft-Windows-SMBServer/Security", "Provider_Name": "Microsoft-Windows-SMBServer", "Computer": "DESKTOP-OFJ6N53", "TimeCreated": "2024-09-24 07:43:53.935814+00:00", "RecordID": "15674", "Level": "2", "UserID": "S-1-5-18"}
{"EventID": "1009", "Channel": "Microsoft-Windows-SMBServer/Security", "Provider_Name": "Microsoft-Windows-SMBServer", "Computer": "DESKTOP-OFJ6N53", "TimeCreated": "2024-09-24 08:43:53.235157+00:00", "RecordID": "15675", "Level": "2", "UserID": "S-1-5-18"}
{"EventID": "551", "Channel": "Microsoft-Windows-SMBServer/Security", "Provider_Name": "Microsoft-Windows-SMBServer", "Computer": "DESKTOP-OFJ6N53", "TimeCreated": "2024-09-24 08:43:53.235161+00:00", "RecordID": "15676", "Level": "2", "UserID": "S-1-5-18"}
{"EventID": "1009", "Channel": "Microsoft-Windows-SMBServer/Security", "Provider_Name": "Microsoft-Windows-SMBServer", "Computer": "DESKTOP-OFJ6N53", "TimeCreated": "2024-09-24 09:43:58.350174+00:00", "RecordID": "15677", "Level": "2", "UserID": "S-1-5-18"}
{"EventID": "551", "Channel": "Microsoft-Windows-SMBServer/Security", "Provider_Name": "Microsoft-Windows-SMBServer", "Computer": "DESKTOP-OFJ6N53", "TimeCreated": "2024-09-24 09:43:58.350176+00:00", "RecordID": "15678", "Level": "2", "UserID": "S-1-5-18"}
{"EventID": "1009", "Channel": "Microsoft-Windows-SMBServer/Security", "Provider_Name": "Microsoft-Windows-SMBServer", "Computer": "DESKTOP-OFJ6N53", "TimeCreated": "2024-09-24 10:43:56.287386+00:00", "RecordID": "15679", "Level": "2", "UserID": "S-1-5-18"}
{"EventID": "551", "Channel": "Microsoft-Windows-SMBServer/Security", "Provider_Name": "Microsoft-Windows-SMBServer", "Computer": "DESKTOP-OFJ6N53", "TimeCreated": "2024-09-24 10:43:56.287392+00:00", "RecordID": "15680", "Level": "2", "UserID": "S-1-5-18"}
{"EventID": "1009", "Channel": "Microsoft-Windows-SMBServer/Security", "Provider_Name": "Microsoft-Windows-SMBServer", "Computer": "DESKTOP-OFJ6N53", "TimeCreated": "2024-09-24 11:43:56.184950+00:00", "RecordID": "15681", "Level": "2", "UserID": "S-1-5-18"}
{"EventID": "551", "Channel": "Microsoft-Windows-SMBServer/Security", "Provider_Name": "Microsoft-Windows-SMBServer", "Computer": "DESKTOP-OFJ6N53", "TimeCreated": "2024-09-24 11:43:56.184956+00:00", "RecordID": "15682", "Level": "2", "UserID": "S-1-5-18"}
{"EventID": "1009", "Channel": "Microsoft-Windows-SMBServer/Security", "Provider_Name": "Microsoft-Windows-SMBServer", "Computer": "DESKTOP-OFJ6N53", "TimeCreated": "2024-09-24 12:43:57.893028+00:00", "RecordID": "15683", "Level": "2", "UserID": "S-1-5-18"}
{"EventID": "551", "Channel": "Microsoft-Windows-SMBServer/Security", "Provider_Name": "Microsoft-Windows-SMBServer", "Computer": "DESKTOP-OFJ6N53", "TimeCreated": "2024-09-24 12:43:57.893032+00:00", "RecordID": "15684", "Level": "2", "UserID": "S-1-5-18"}
{"EventID": "1009", "Channel": "Microsoft-Windows-SMBServer/Security", "Provider_Name": "Microsoft-Windows-SMBServer", "Computer": "DESKTOP-OFJ6N53", "TimeCreated": "2024-09-24 13:43:57.119789+00:00", "RecordID": "15685", "Level": "2", "UserID": "S-1-5-18"}
{"EventID": "551", "Channel": "Microsoft-Windows-SMBServer/Security", "Provider_Name": "Microsoft-Windows-SMBServer", "Computer": "DESKTOP-OFJ6N53", "TimeCreated": "2024-09-24 13:43:57.119791+00:00", "RecordID": "15686", "Level": "2", "UserID": "S-1-5-18"}
{"EventID": "1009", "Channel": "Microsoft-Windows-SMBServer/Security", "Provider_Name": "Microsoft-Windows-SMBServer", "Computer": "DESKTOP-OFJ6N53", "TimeCreated": "2024-09-24 14:04:43.851736+00:00", "RecordID": "15687", "Level": "2", "UserID": "S-1-5-18"}
{"EventID": "551", "Channel": "Microsoft-Windows-SMBServer/Security", "Provider_Name": "Microsoft-Windows-SMBServer", "Computer": "DESKTOP-OFJ6N53", "TimeCreated": "2024-09-24 14:04:43.851738+00:00", "RecordID": "15688", "Level": "2", "UserID": "S-1-5-18"}
{"EventID": "1009", "Channel": "Microsoft-Windows-SMBServer/Security", "Provider_Name": "Microsoft-Windows-SMBServer", "Computer": "DESKTOP-OFJ6N53", "TimeCreated": "2024-09-24 14:05:39.253319+00:00", "RecordID": "15689", "Level": "2", "UserID": "S-1-5-18"}
{"EventID": "551", "Channel": "Microsoft-Windows-SMBServer/Security", "Provider_Name": "Microsoft-Windows-SMBServer", "Computer": "DESKTOP-OFJ6N53", "TimeCreated": "2024-09-24 14:05:39.253323+00:00", "RecordID": "15690", "Level": "2", "UserID": "S-1-5-18"}
{"EventID": "1009", "Channel": "Microsoft-Windows-SMBServer/Security", "Provider_Name": "Microsoft-Windows-SMBServer", "Computer": "DESKTOP-OFJ6N53", "TimeCreated": "2024-09-24 15:43:58.433216+00:00", "RecordID": "15691", "Level": "2", "UserID": "S-1-5-18"}
{"EventID": "551", "Channel": "Microsoft-Windows-SMBServer/Security", "Provider_Name": "Microsoft-Windows-SMBServer", "Computer": "DESKTOP-OFJ6N53", "TimeCreated": "2024-09-24 15:43:58.433222+00:00", "RecordID": "15692", "Level": "2", "UserID": "S-1-5-18"}
{"EventID": "1009", "Channel": "Microsoft-Windows-SMBServer/Security", "Provider_Name": "Microsoft-Windows-SMBServer", "Computer": "DESKTOP-OFJ6N53", "TimeCreated": "2024-09-24 16:44:28.631123+00:00", "RecordID": "15693", "Level": "2", "UserID": "S-1-5-18"}
{"EventID": "551", "Channel": "Microsoft-Windows-SMBServer/Security", "Provider_Name": "Microsoft-Windows-SMBServer", "Computer": "DESKTOP-OFJ6N53", "TimeCreated": "2024-09-24 16:44:28.631138+00:00", "RecordID": "15694", "Level": "2", "UserID": "S-1-5-18"}
{"EventID": "1009", "Channel": "Microsoft-Windows-SMBServer/Security", "Provider_Name": "Microsoft-Windows-SMBServer", "Computer": "DESKTOP-OFJ6N53", "TimeCreated": "2024-09-24 17:43:59.200768+00:00", "RecordID": "15695", "Level": "2", "UserID": "S-1-5-18"}
{"EventID": "551", "Channel": "Microsoft-Windows-SMBServer/Security", "Provider_Name": "Microsoft-Windows-SMBServer", "Computer": "DESKTOP-OFJ6N53", "TimeCreated": "2024-09-24 17:43:59.200771+00:00", "RecordID": "15696", "Level": "2", "UserID": "S-1-5-18"}
{"EventID": "1009", "Channel": "Microsoft-Windows-SMBServer/Security", "Provider_Name": "Microsoft-Windows-SMBServer", "Computer": "DESKTOP-OFJ6N53", "TimeCreated": "2024-09-24 18:43:59.486246+00:00", "RecordID": "15697", "Level": "2", "UserID": "S-1-5-18"}
{"EventID": "551", "Channel": "Microsoft-Windows-SMBServer/Security", "Provider_Name": "Microsoft-Windows-SMBServer", "Computer": "DESKTOP-OFJ6N53", "TimeCreated": "2024-09-24 18:43:59.486250+00:00", "RecordID": "15698", "Level": "2", "UserID": "S-1-5-18"}
{"EventID": "1009", "Channel": "Microsoft-Windows-SMBServer/Security", "Provider_Name": "Microsoft-Windows-SMBServer", "Computer": "DESKTOP-OFJ6N53", "TimeCreated": "2024-09-24 19:43:59.248314+00:00", "RecordID": "15699", "Level": "2", "UserID": "S-1-5-18"}
{"EventID": "551", "Channel": "Microsoft-Windows-SMBServer/Security", "Provider_Name": "Microsoft-Windows-SMBServer", "Computer": "DESKTOP-OFJ6N53", "TimeCreated": "2024-09-24 19:43:59.248318+00:00", "RecordID": "15700", "Level": "2", "UserID": "S-1-5-18"}
{"EventID": "1009", "Channel": "Microsoft-Windows-SMBServer/Security", "Provider_Name": "Microsoft-Windows-SMBServer", "Computer": "DESKTOP-OFJ6N53", "TimeCreated": "2024-09-24 20:43:59.457573+00:00", "RecordID": "15701", "Level": "2", "UserID": "S-1-5-18"}
{"EventID": "551", "Channel": "Microsoft-Windows-SMBServer/Security", "Provider_Name": "Microsoft-Windows-SMBServer", "Computer": "DESKTOP-OFJ6N53", "TimeCreated": "2024-09-24 20:43:59.457575+00:00", "RecordID": "15702", "Level": "2", "UserID": "S-1-5-18"}
{"EventID": "1009", "Channel": "Microsoft-Windows-SMBServer/Security", "Provider_Name": "Microsoft-Windows-SMBServer", "Computer": "DESKTOP-OFJ6N53", "TimeCreated": "2024-09-24 21:04:42.897902+00:00", "RecordID": "15703", "Level": "2", "UserID": "S-1-5-18"}
{"EventID": "551", "Channel": "Microsoft-Windows-SMBServer/Security", "Provider_Name": "Microsoft-Windows-SMBServer", "Computer": "DESKTOP-OFJ6N53", "TimeCreated": "2024-09-24 21:04:42.897905+00:00", "RecordID": "15704", "Level": "2", "UserID": "S-1-5-18"}
{"EventID": "1009", "Channel": "Microsoft-Windows-SMBServer/Security", "Provider_Name": "Microsoft-Windows-SMBServer", "Computer": "DESKTOP-OFJ6N53", "TimeCreated": "2024-09-24 21:05:38.418249+00:00", "RecordID": "15705", "Level": "2", "UserID": "S-1-5-18"}
{"EventID": "551", "Channel": "Microsoft-Windows-SMBServer/Security", "Provider_Name": "Microsoft-Windows-SMBServer", "Computer": "DESKTOP-OFJ6N53", "TimeCreated": "2024-09-24 21:05:38.418253+00:00", "RecordID": "15706", "Level": "2", "UserID": "S-1-5-18"}
{"EventID": "1009", "Channel": "Microsoft-Windows-SMBServer/Security", "Provider_Name": "Microsoft-Windows-SMBServer", "Computer": "DESKTOP-OFJ6N53", "TimeCreated": "2024-09-24 21:43:59.707317+00:00", "RecordID": "15707", "Level": "2", "UserID": "S-1-5-18"}
{"EventID": "551", "Channel": "Microsoft-Windows-SMBServer/Security", "Provider_Name": "Microsoft-Windows-SMBServer", "Computer": "DESKTOP-OFJ6N53", "TimeCreated": "2024-09-24 21:43:59.707319+00:00", "RecordID": "15708", "Level": "2", "UserID": "S-1-5-18"}
