{"EventID": "254", "Channel": "Microsoft-Windows-WinRM/Operational", "Provider_Name": "Microsoft-Windows-WinRM", "Computer": "DESKTOP-OFJ6N53", "TimeCreated": "2025-08-12 22:21:24.941238+00:00", "RecordID": "50064", "Level": "4", "UserID": "S-1-5-18"}
{"EventID": "161", "Channel": "Microsoft-Windows-WinRM/Operational", "Provider_Name": "Microsoft-Windows-WinRM", "Computer": "DESKTOP-OFJ6N53", "TimeCreated": "2025-08-12 22:21:24.941240+00:00", "RecordID": "50065", "Level": "2", "UserID": "S-1-5-18", "EventData.authFailureMessage": "Клиенту не удается подключиться к узлу назначения, указанному в запросе. Убедитесь, что служба на узле назначения работает и принимает запросы. Ознакомьтесь с журналами и документацией для определения запущенной на узле назначения службы WS-Management (чаще всего это IIS или WinRM). Если это служба WinRM, то для анализа состояния и настройки этой службы используйте на удаленном узле команду \"winrm quickconfig\"."}
{"EventID": "142", "Channel": "Microsoft-Windows-WinRM/Operational", "Provider_Name": "Microsoft-Windows-WinRM", "Computer": "DESKTOP-OFJ6N53", "TimeCreated": "2025-08-12 22:21:24.941313+00:00", "RecordID": "50066", "Level": "2", "UserID": "S-1-5-18", "EventData.operationName": "Enumeration", "EventData.errorCode": "2150858770"}
{"EventID": "145", "Channel": "Microsoft-Windows-WinRM/Operational", "Provider_Name": "Microsoft-Windows-WinRM", "Computer": "DESKTOP-OFJ6N53", "TimeCreated": "2025-08-13 00:51:45.750633+00:00", "RecordID": "50067", "Level": "4", "UserID": "S-1-5-18", "EventData.operationName": "Enumeration", "EventData.resourceUri": "http://schemas.microsoft.com/wbem/wsman/1/config/listener"}
{"EventID": "254", "Channel": "Microsoft-Windows-WinRM/Operational", "Provider_Name": "Microsoft-Windows-WinRM", "Computer": "DESKTOP-OFJ6N53", "TimeCreated": "2025-08-13 00:51:49.863155+00:00", "RecordID": "50068", "Level": "4", "UserID": "S-1-5-18"}
{"EventID": "161", "Channel": "Microsoft-Windows-WinRM/Operational", "Provider_Name": "Microsoft-Windows-WinRM", "Computer": "DESKTOP-OFJ6N53", "TimeCreated": "2025-08-13 00:51:49.863155+00:00", "RecordID": "50069", "Level": "2", "UserID": "S-1-5-18", "EventData.authFailureMessage": "Клиенту не удается подключиться к узлу назначения, указанному в запросе. Убедитесь, что служба на узле назначения работает и принимает запросы. Ознакомьтесь с журналами и документацией для определения запущенной на узле назначения службы WS-Management (чаще всего это IIS или WinRM). Если это служба WinRM, то для анализа состояния и настройки этой службы используйте на удаленном узле команду \"winrm quickconfig\"."}
{"EventID": "142", "Channel": "Microsoft-Windows-WinRM/Operational", "Provider_Name": "Microsoft-Windows-WinRM", "Computer": "DESKTOP-OFJ6N53", "TimeCreated": "2025-08-13 00:51:49.863235+00:00", "RecordID": "50070", "Level": "2", "UserID": "S-1-5-18", "EventData.operationName": "Enumeration", "EventData.errorCode": "2150858770"}
{"EventID": "145", "Channel": "Microsoft-Windows-WinRM/Operational", "Provider_Name": "Microsoft-Windows-WinRM", "Computer": "DESKTOP-OFJ6N53", "TimeCreated": "2025-08-13 05:04:52.147293+00:00", "RecordID": "50071", "Level": "4", "UserID": "S-1-5-18", "EventData.operationName": "Enumeration", "EventData.resourceUri": "http://schemas.microsoft.com/wbem/wsman/1/config/listener"}
{"EventID": "254", "Channel": "Microsoft-Windows-WinRM/Operational", "Provider_Name": "Microsoft-Windows-WinRM", "Computer": "DESKTOP-OFJ6N53", "TimeCreated": "2025-08-13 05:04:56.313309+00:00", "RecordID": "50072", "Level": "4", "UserID": "S-1-5-18"}
{"EventID": "161", "Channel": "Microsoft-Windows-WinRM/Operational", "Provider_Name": "Microsoft-Windows-WinRM", "Computer": "DESKTOP-OFJ6N53", "TimeCreated": "2025-08-13 05:04:56.313311+00:00", "RecordID": "50073", "Level": "2", "UserID": "S-1-5-18", "EventData.authFailureMessage": "Клиенту не удается подключиться к узлу назначения, указанному в запросе. Убедитесь, что служба на узле назначения работает и принимает запросы. Ознакомьтесь с журналами и документацией для определения запущенной на узле назначения службы WS-Management (чаще всего это IIS или WinRM). Если это служба WinRM, то для анализа состояния и настройки этой службы используйте на удаленном узле команду \"winrm quickconfig\"."}
{"EventID": "142", "Channel": "Microsoft-Windows-WinRM/Operational", "Provider_Name": "Microsoft-Windows-WinRM", "Computer": "DESKTOP-OFJ6N53", "TimeCreated": "2025-08-13 05:04:56.313372+00:00", "RecordID": "50074", "Level": "2", "UserID": "S-1-5-18", "EventData.operationName": "Enumeration", "EventData.errorCode": "2150858770"}
{"EventID": "145", "Channel": "Microsoft-Windows-WinRM/Operational", "Provider_Name": "Microsoft-Windows-WinRM", "Computer": "DESKTOP-OFJ6N53", "TimeCreated": "2025-08-13 09:49:22.155554+00:00", "RecordID": "50075", "Level": "4", "UserID": "S-1-5-18", "EventData.operationName": "Enumeration", "EventData.resourceUri": "http://schemas.microsoft.com/wbem/wsman/1/config/listener"}
{"EventID": "254", "Channel": "Microsoft-Windows-WinRM/Operational", "Provider_Name": "Microsoft-Windows-WinRM", "Computer": "DESKTOP-OFJ6N53", "TimeCreated": "2025-08-13 09:49:26.373058+00:00", "RecordID": "50076", "Level": "4", "UserID": "S-1-5-18"}
{"EventID": "161", "Channel": "Microsoft-Windows-WinRM/Operational", "Provider_Name": "Microsoft-Windows-WinRM", "Computer": "DESKTOP-OFJ6N53", "TimeCreated": "2025-08-13 09:49:26.373060+00:00", "RecordID": "50077", "Level": "2", "UserID": "S-1-5-18", "EventData.authFailureMessage": "Клиенту не удается подключиться к узлу назначения, указанному в запросе. Убедитесь, что служба на узле назначения работает и принимает запросы. Ознакомьтесь с журналами и документацией для определения запущенной на узле назначения службы WS-Management (чаще всего это IIS или WinRM). Если это служба WinRM, то для анализа состояния и настройки этой службы используйте на удаленном узле команду \"winrm quickconfig\"."}
{"EventID": "142", "Channel": "Microsoft-Windows-WinRM/Operational", "Provider_Name": "Microsoft-Windows-WinRM", "Computer": "DESKTOP-OFJ6N53", "TimeCreated": "2025-08-13 09:49:26.373129+00:00", "RecordID": "50078", "Level": "2", "UserID": "S-1-5-18", "EventData.operationName": "Enumeration", "EventData.errorCode": "2150858770"}
{"EventID": "145", "Channel": "Microsoft-Windows-WinRM/Operational", "Provider_Name": "Microsoft-Windows-WinRM", "Computer": "DESKTOP-OFJ6N53", "TimeCreated": "2025-08-13 09:56:27.241699+00:00", "RecordID": "50079", "Level": "4", "UserID": "S-1-5-18", "EventData.operationName": "Enumeration", "EventData.resourceUri": "http://schemas.microsoft.com/wbem/wsman/1/config/listener"}
{"EventID": "254", "Channel": "Microsoft-Windows-WinRM/Operational", "Provider_Name": "Microsoft-Windows-WinRM", "Computer": "DESKTOP-OFJ6N53", "TimeCreated": "2025-08-13 09:56:31.528959+00:00", "RecordID": "50080", "Level": "4", "UserID": "S-1-5-18"}
{"EventID": "161", "Channel": "Microsoft-Windows-WinRM/Operational", "Provider_Name": "Microsoft-Windows-WinRM", "Computer": "DESKTOP-OFJ6N53", "TimeCreated": "2025-08-13 09:56:31.528961+00:00", "RecordID": "50081", "Level": "2", "UserID": "S-1-5-18", "EventData.authFailureMessage": "Клиенту не удается подключиться к узлу назначения, указанному в запросе. Убедитесь, что служба на узле назначения работает и принимает запросы. Ознакомьтесь с журналами и документацией для определения запущенной на узле назначения службы WS-Management (чаще всего это IIS или WinRM). Если это служба WinRM, то для анализа состояния и настройки этой службы используйте на удаленном узле команду \"winrm quickconfig\"."}
{"EventID": "142", "Channel": "Microsoft-Windows-WinRM/Operational", "Provider_Name": "Microsoft-Windows-WinRM", "Computer": "DESKTOP-OFJ6N53", "TimeCreated": "2025-08-13 09:56:31.529020+00:00", "RecordID": "50082", "Level": "2", "UserID": "S-1-5-18", "EventData.operationName": "Enumeration", "EventData.errorCode": "2150858770"}
{"EventID": "145", "Channel": "Microsoft-Windows-WinRM/Operational", "Provider_Name": "Microsoft-Windows-WinRM", "Computer": "DESKTOP-OFJ6N53", "TimeCreated": "2025-08-13 11:22:33.867109+00:00", "RecordID": "50083", "Level": "4", "UserID": "S-1-5-18", "EventData.operationName": "Enumeration", "EventData.resourceUri": "http://schemas.microsoft.com/wbem/wsman/1/config/listener"}
{"EventID": "254", "Channel": "Microsoft-Windows-WinRM/Operational", "Provider_Name": "Microsoft-Windows-WinRM", "Computer": "DESKTOP-OFJ6N53", "TimeCreated": "2025-08-13 11:22:38.506365+00:00", "RecordID": "50084", "Level": "4", "UserID": "S-1-5-18"}
{"EventID": "161", "Channel": "Microsoft-Windows-WinRM/Operational", "Provider_Name": "Microsoft-Windows-WinRM", "Computer": "DESKTOP-OFJ6N53", "TimeCreated": "2025-08-13 11:22:38.506367+00:00", "RecordID": "50085", "Level": "2", "UserID": "S-1-5-18", "EventData.authFailureMessage": "Клиенту не удается подключиться к узлу назначения, указанному в запросе. Убедитесь, что служба на узле назначения работает и принимает запросы. Ознакомьтесь с журналами и документацией для определения запущенной на узле назначения службы WS-Management (чаще всего это IIS или WinRM). Если это служба WinRM, то для анализа состояния и настройки этой службы используйте на удаленном узле команду \"winrm quickconfig\"."}
{"EventID": "142", "Channel": "Microsoft-Windows-WinRM/Operational", "Provider_Name": "Microsoft-Windows-WinRM", "Computer": "DESKTOP-OFJ6N53", "TimeCreated": "2025-08-13 11:22:38.506594+00:00", "RecordID": "50086", "Level": "2", "UserID": "S-1-5-18", "EventData.operationName": "Enumeration", "EventData.errorCode": "2150858770"}
{"EventID": "145", "Channel": "Microsoft-Windows-WinRM/Operational", "Provider_Name": "Microsoft-Windows-WinRM", "Computer": "DESKTOP-OFJ6N53", "TimeCreated": "2025-08-13 12:50:30.478643+00:00", "RecordID": "50087", "Level": "4", "UserID": "S-1-5-18", "EventData.operationName": "Enumeration", "EventData.resourceUri": "http://schemas.microsoft.com/wbem/wsman/1/config/listener"}
{"EventID": "254", "Channel": "Microsoft-Windows-WinRM/Operational", "Provider_Name": "Microsoft-Windows-WinRM", "Computer": "DESKTOP-OFJ6N53", "TimeCreated": "2025-08-13 12:50:34.810678+00:00", "RecordID": "50088", "Level": "4", "UserID": "S-1-5-18"}
{"EventID": "161", "Channel": "Microsoft-Windows-WinRM/Operational", "Provider_Name": "Microsoft-Windows-WinRM", "Computer": "DESKTOP-OFJ6N53", "TimeCreated": "2025-08-13 12:50:34.810678+00:00", "RecordID": "50089", "Level": "2", "UserID": "S-1-5-18", "EventData.authFailureMessage": "Клиенту не удается подключиться к узлу назначения, указанному в запросе. Убедитесь, что служба на узле назначения работает и принимает запросы. Ознакомьтесь с журналами и документацией для определения запущенной на узле назначения службы WS-Management (чаще всего это IIS или WinRM). Если это служба WinRM, то для анализа состояния и настройки этой службы используйте на удаленном узле команду \"winrm quickconfig\"."}
{"EventID": "142", "Channel": "Microsoft-Windows-WinRM/Operational", "Provider_Name": "Microsoft-Windows-WinRM", "Computer": "DESKTOP-OFJ6N53", "TimeCreated": "2025-08-13 12:50:34.810678+00:00", "RecordID": "50090", "Level": "2", "UserID": "S-1-5-18", "EventData.operationName": "Enumeration", "EventData.errorCode": "2150858770"}
{"EventID": "145", "Channel": "Microsoft-Windows-WinRM/Operational", "Provider_Name": "Microsoft-Windows-WinRM", "Computer": "DESKTOP-OFJ6N53", "TimeCreated": "2025-08-13 15:55:35.800093+00:00", "RecordID": "50091", "Level": "4", "UserID": "S-1-5-18", "EventData.operationName": "Enumeration", "EventData.resourceUri": "http://schemas.microsoft.com/wbem/wsman/1/config/listener"}
{"EventID": "254", "Channel": "Microsoft-Windows-WinRM/Operational", "Provider_Name": "Microsoft-Windows-WinRM", "Computer": "DESKTOP-OFJ6N53", "TimeCreated": "2025-08-13 15:55:41.052952+00:00", "RecordID": "50092", "Level": "4", "UserID": "S-1-5-18"}
{"EventID": "161", "Channel": "Microsoft-Windows-WinRM/Operational", "Provider_Name": "Microsoft-Windows-WinRM", "Computer": "DESKTOP-OFJ6N53", "TimeCreated": "2025-08-13 15:55:41.052954+00:00", "RecordID": "50093", "Level": "2", "UserID": "S-1-5-18", "EventData.authFailureMessage": "Клиенту не удается подключиться к узлу назначения, указанному в запросе. Убедитесь, что служба на узле назначения работает и принимает запросы. Ознакомьтесь с журналами и документацией для определения запущенной на узле назначения службы WS-Management (чаще всего это IIS или WinRM). Если это служба WinRM, то для анализа состояния и настройки этой службы используйте на удаленном узле команду \"winrm quickconfig\"."}
{"EventID": "142", "Channel": "Microsoft-Windows-WinRM/Operational", "Provider_Name": "Microsoft-Windows-WinRM", "Computer": "DESKTOP-OFJ6N53", "TimeCreated": "2025-08-13 15:55:41.053074+00:00", "RecordID": "50094", "Level": "2", "UserID": "S-1-5-18", "EventData.operationName": "Enumeration", "EventData.errorCode": "2150858770"}
{"EventID": "145", "Channel": "Microsoft-Windows-WinRM/Operational", "Provider_Name": "Microsoft-Windows-WinRM", "Computer": "DESKTOP-OFJ6N53", "TimeCreated": "2025-08-13 23:40:29.880373+00:00", "RecordID": "50095", "Level": "4", "UserID": "S-1-5-18", "EventData.operationName": "Enumeration", "EventData.resourceUri": "http://schemas.microsoft.com/wbem/wsman/1/config/listener"}
{"EventID": "254", "Channel": "Microsoft-Windows-WinRM/Operational", "Provider_Name": "Microsoft-Windows-WinRM", "Computer": "DESKTOP-OFJ6N53", "TimeCreated": "2025-08-13 23:40:34.020948+00:00", "RecordID": "50096", "Level": "4", "UserID": "S-1-5-18"}
{"EventID": "161", "Channel": "Microsoft-Windows-WinRM/Operational", "Provider_Name": "Microsoft-Windows-WinRM", "Computer": "DESKTOP-OFJ6N53", "TimeCreated": "2025-08-13 23:40:34.020950+00:00", "RecordID": "50097", "Level": "2", "UserID": "S-1-5-18", "EventData.authFailureMessage": "Клиенту не удается подключиться к узлу назначения, указанному в запросе. Убедитесь, что служба на узле назначения работает и принимает запросы. Ознакомьтесь с журналами и документацией для определения запущенной на узле назначения службы WS-Management (чаще всего это IIS или WinRM). Если это служба WinRM, то для анализа состояния и настройки этой службы используйте на удаленном узле команду \"winrm quickconfig\"."}
{"EventID": "142", "Channel": "Microsoft-Windows-WinRM/Operational", "Provider_Name": "Microsoft-Windows-WinRM", "Computer": "DESKTOP-OFJ6N53", "TimeCreated": "2025-08-13 23:40:34.021070+00:00", "RecordID": "50098", "Level": "2", "UserID": "S-1-5-18", "EventData.operationName": "Enumeration", "EventData.errorCode": "2150858770"}
{"EventID": "145", "Channel": "Microsoft-Windows-WinRM/Operational", "Provider_Name": "Microsoft-Windows-WinRM", "Computer": "DESKTOP-OFJ6N53", "TimeCreated": "2025-08-14 08:45:20.616331+00:00", "RecordID": "50099", "Level": "4", "UserID": "S-1-5-18", "EventData.operationName": "Enumeration", "EventData.resourceUri": "http://schemas.microsoft.com/wbem/wsman/1/config/listener"}
{"EventID": "254", "Channel": "Microsoft-Windows-WinRM/Operational", "Provider_Name": "Microsoft-Windows-WinRM", "Computer": "DESKTOP-OFJ6N53", "TimeCreated": "2025-08-14 08:45:24.881023+00:00", "RecordID": "50100", "Level": "4", "UserID": "S-1-5-18"}
{"EventID": "161", "Channel": "Microsoft-Windows-WinRM/Operational", "Provider_Name": "Microsoft-Windows-WinRM", "Computer": "DESKTOP-OFJ6N53", "TimeCreated": "2025-08-14 08:45:24.881025+00:00", "RecordID": "50101", "Level": "2", "UserID": "S-1-5-18", "EventData.authFailureMessage": "Клиенту не удается подключиться к узлу назначения, указанному в запросе. Убедитесь, что служба на узле назначения работает и принимает запросы. Ознакомьтесь с журналами и документацией для определения запущенной на узле назначения службы WS-Management (чаще всего это IIS или WinRM). Если это служба WinRM, то для анализа состояния и настройки этой службы используйте на удаленном узле команду \"winrm quickconfig\"."}
{"EventID": "142", "Channel": "Microsoft-Windows-WinRM/Operational", "Provider_Name": "Microsoft-Windows-WinRM", "Computer": "DESKTOP-OFJ6N53", "TimeCreated": "2025-08-14 08:45:24.881142+00:00", "RecordID": "50102", "Level": "2", "UserID": "S-1-5-18", "EventData.operationName": "Enumeration", "EventData.errorCode": "2150858770"}
{"EventID": "145", "Channel": "Microsoft-Windows-WinRM/Operational", "Provider_Name": "Microsoft-Windows-WinRM", "Computer": "DESKTOP-OFJ6N53", "TimeCreated": "2025-08-14 09:30:24.057503+00:00", "RecordID": "50103", "Level": "4", "UserID": "S-1-5-18", "EventData.operationName": "Enumeration", "EventData.resourceUri": "http://schemas.microsoft.com/wbem/wsman/1/config/listener"}
{"EventID": "254", "Channel": "Microsoft-Windows-WinRM/Operational", "Provider_Name": "Microsoft-Windows-WinRM", "Computer": "DESKTOP-OFJ6N53", "TimeCreated": "2025-08-14 09:30:28.344973+00:00", "RecordID": "50104", "Level": "4", "UserID": "S-1-5-18"}
{"EventID": "161", "Channel": "Microsoft-Windows-WinRM/Operational", "Provider_Name": "Microsoft-Windows-WinRM", "Computer": "DESKTOP-OFJ6N53", "TimeCreated": "2025-08-14 09:30:28.344975+00:00", "RecordID": "50105", "Level": "2", "UserID": "S-1-5-18", "EventData.authFailureMessage": "Клиенту не удается подключиться к узлу назначения, указанному в запросе. Убедитесь, что служба на узле назначения работает и принимает запросы. Ознакомьтесь с журналами и документацией для определения запущенной на узле назначения службы WS-Management (чаще всего это IIS или WinRM). Если это служба WinRM, то для анализа состояния и настройки этой службы используйте на удаленном узле команду \"winrm quickconfig\"."}
{"EventID": "142", "Channel": "Microsoft-Windows-WinRM/Operational", "Provider_Name": "Microsoft-Windows-WinRM", "Computer": "DESKTOP-OFJ6N53", "TimeCreated": "2025-08-14 09:30:28.345070+00:00", "RecordID": "50106", "Level": "2", "UserID": "S-1-5-18", "EventData.operationName": "Enumeration", "EventData.errorCode": "2150858770"}
{"EventID": "145", "Channel": "Microsoft-Windows-WinRM/Operational", "Provider_Name": "Microsoft-Windows-WinRM", "Computer": "DESKTOP-OFJ6N53", "TimeCreated": "2025-08-14 09:41:22.292231+00:00", "RecordID": "50107", "Level": "4", "UserID": "S-1-5-18", "EventData.operationName": "Enumeration", "EventData.resourceUri": "http://schemas.microsoft.com/wbem/wsman/1/config/listener"}
{"EventID": "254", "Channel": "Microsoft-Windows-WinRM/Operational", "Provider_Name": "Microsoft-Windows-WinRM", "Computer": "DESKTOP-OFJ6N53", "TimeCreated": "2025-08-14 09:41:26.542358+00:00", "RecordID": "50108", "Level": "4", "UserID": "S-1-5-18"}
{"EventID": "161", "Channel": "Microsoft-Windows-WinRM/Operational", "Provider_Name": "Microsoft-Windows-WinRM", "Computer": "DESKTOP-OFJ6N53", "TimeCreated": "2025-08-14 09:41:26.542360+00:00", "RecordID": "50109", "Level": "2", "UserID": "S-1-5-18", "EventData.authFailureMessage": "Клиенту не удается подключиться к узлу назначения, указанному в запросе. Убедитесь, что служба на узле назначения работает и принимает запросы. Ознакомьтесь с журналами и документацией для определения запущенной на узле назначения службы WS-Management (чаще всего это IIS или WinRM). Если это служба WinRM, то для анализа состояния и настройки этой службы используйте на удаленном узле команду \"winrm quickconfig\"."}
{"EventID": "142", "Channel": "Microsoft-Windows-WinRM/Operational", "Provider_Name": "Microsoft-Windows-WinRM", "Computer": "DESKTOP-OFJ6N53", "TimeCreated": "2025-08-14 09:41:26.542433+00:00", "RecordID": "50110", "Level": "2", "UserID": "S-1-5-18", "EventData.operationName": "Enumeration", "EventData.errorCode": "2150858770"}
{"EventID": "145", "Channel": "Microsoft-Windows-WinRM/Operational", "Provider_Name": "Microsoft-Windows-WinRM", "Computer": "DESKTOP-OFJ6N53", "TimeCreated": "2025-08-14 15:55:02.502838+00:00", "RecordID": "50111", "Level": "4", "UserID": "S-1-5-18", "EventData.operationName": "Enumeration", "EventData.resourceUri": "http://schemas.microsoft.com/wbem/wsman/1/config/listener"}
{"EventID": "254", "Channel": "Microsoft-Windows-WinRM/Operational", "Provider_Name": "Microsoft-Windows-WinRM", "Computer": "DESKTOP-OFJ6N53", "TimeCreated": "2025-08-14 15:55:06.581152+00:00", "RecordID": "50112", "Level": "4", "UserID": "S-1-5-18"}
{"EventID": "161", "Channel": "Microsoft-Windows-WinRM/Operational", "Provider_Name": "Microsoft-Windows-WinRM", "Computer": "DESKTOP-OFJ6N53", "TimeCreated": "2025-08-14 15:55:06.581154+00:00", "RecordID": "50113", "Level": "2", "UserID": "S-1-5-18", "EventData.authFailureMessage": "Клиенту не удается подключиться к узлу назначения, указанному в запросе. Убедитесь, что служба на узле назначения работает и принимает запросы. Ознакомьтесь с журналами и документацией для определения запущенной на узле назначения службы WS-Management (чаще всего это IIS или WinRM). Если это служба WinRM, то для анализа состояния и настройки этой службы используйте на удаленном узле команду \"winrm quickconfig\"."}
{"EventID": "142", "Channel": "Microsoft-Windows-WinRM/Operational", "Provider_Name": "Microsoft-Windows-WinRM", "Computer": "DESKTOP-OFJ6N53", "TimeCreated": "2025-08-14 15:55:06.581232+00:00", "RecordID": "50114", "Level": "2", "UserID": "S-1-5-18", "EventData.operationName": "Enumeration", "EventData.errorCode": "2150858770"}
{"EventID": "145", "Channel": "Microsoft-Windows-WinRM/Operational", "Provider_Name": "Microsoft-Windows-WinRM", "Computer": "DESKTOP-OFJ6N53", "TimeCreated": "2025-08-14 17:26:50.962883+00:00", "RecordID": "50115", "Level": "4", "UserID": "S-1-5-18", "EventData.operationName": "Enumeration", "EventData.resourceUri": "http://schemas.microsoft.com/wbem/wsman/1/config/listener"}
{"EventID": "254", "Channel": "Microsoft-Windows-WinRM/Operational", "Provider_Name": "Microsoft-Windows-WinRM", "Computer": "DESKTOP-OFJ6N53", "TimeCreated": "2025-08-14 17:26:55.053736+00:00", "RecordID": "50116", "Level": "4", "UserID": "S-1-5-18"}
{"EventID": "161", "Channel": "Microsoft-Windows-WinRM/Operational", "Provider_Name": "Microsoft-Windows-WinRM", "Computer": "DESKTOP-OFJ6N53", "TimeCreated": "2025-08-14 17:26:55.053738+00:00", "RecordID": "50117", "Level": "2", "UserID": "S-1-5-18", "EventData.authFailureMessage": "Клиенту не удается подключиться к узлу назначения, указанному в запросе. Убедитесь, что служба на узле назначения работает и принимает запросы. Ознакомьтесь с журналами и документацией для определения запущенной на узле назначения службы WS-Management (чаще всего это IIS или WinRM). Если это служба WinRM, то для анализа состояния и настройки этой службы используйте на удаленном узле команду \"winrm quickconfig\"."}
{"EventID": "142", "Channel": "Microsoft-Windows-WinRM/Operational", "Provider_Name": "Microsoft-Windows-WinRM", "Computer": "DESKTOP-OFJ6N53", "TimeCreated": "2025-08-14 17:26:55.053888+00:00", "RecordID": "50118", "Level": "2", "UserID": "S-1-5-18", "EventData.operationName": "Enumeration", "EventData.errorCode": "2150858770"}
{"EventID": "145", "Channel": "Microsoft-Windows-WinRM/Operational", "Provider_Name": "Microsoft-Windows-WinRM", "Computer": "DESKTOP-OFJ6N53", "TimeCreated": "2025-08-14 19:41:21.519562+00:00", "RecordID": "50119", "Level": "4", "UserID": "S-1-5-18", "EventData.operationName": "Enumeration", "EventData.resourceUri": "http://schemas.microsoft.com/wbem/wsman/1/config/listener"}
{"EventID": "254", "Channel": "Microsoft-Windows-WinRM/Operational", "Provider_Name": "Microsoft-Windows-WinRM", "Computer": "DESKTOP-OFJ6N53", "TimeCreated": "2025-08-14 19:41:25.631832+00:00", "RecordID": "50120", "Level": "4", "UserID": "S-1-5-18"}
{"EventID": "161", "Channel": "Microsoft-Windows-WinRM/Operational", "Provider_Name": "Microsoft-Windows-WinRM", "Computer": "DESKTOP-OFJ6N53", "TimeCreated": "2025-08-14 19:41:25.631834+00:00", "RecordID": "50121", "Level": "2", "UserID": "S-1-5-18", "EventData.authFailureMessage": "Клиенту не удается подключиться к узлу назначения, указанному в запросе. Убедитесь, что служба на узле назначения работает и принимает запросы. Ознакомьтесь с журналами и документацией для определения запущенной на узле назначения службы WS-Management (чаще всего это IIS или WinRM). Если это служба WinRM, то для анализа состояния и настройки этой службы используйте на удаленном узле команду \"winrm quickconfig\"."}
{"EventID": "142", "Channel": "Microsoft-Windows-WinRM/Operational", "Provider_Name": "Microsoft-Windows-WinRM", "Computer": "DESKTOP-OFJ6N53", "TimeCreated": "2025-08-14 19:41:25.631916+00:00", "RecordID": "50122", "Level": "2", "UserID": "S-1-5-18", "EventData.operationName": "Enumeration", "EventData.errorCode": "2150858770"}
{"EventID": "145", "Channel": "Microsoft-Windows-WinRM/Operational", "Provider_Name": "Microsoft-Windows-WinRM", "Computer": "DESKTOP-OFJ6N53", "TimeCreated": "2025-08-15 00:41:21.534357+00:00", "RecordID": "50123", "Level": "4", "UserID": "S-1-5-18", "EventData.operationName": "Enumeration", "EventData.resourceUri": "http://schemas.microsoft.com/wbem/wsman/1/config/listener"}
{"EventID": "254", "Channel": "Microsoft-Windows-WinRM/Operational", "Provider_Name": "Microsoft-Windows-WinRM", "Computer": "DESKTOP-OFJ6N53", "TimeCreated": "2025-08-15 00:41:25.632010+00:00", "RecordID": "50124", "Level": "4", "UserID": "S-1-5-18"}
{"EventID": "161", "Channel": "Microsoft-Windows-WinRM/Operational", "Provider_Name": "Microsoft-Windows-WinRM", "Computer": "DESKTOP-OFJ6N53", "TimeCreated": "2025-08-15 00:41:25.632011+00:00", "RecordID": "50125", "Level": "2", "UserID": "S-1-5-18", "EventData.authFailureMessage": "Клиенту не удается подключиться к узлу назначения, указанному в запросе. Убедитесь, что служба на узле назначения работает и принимает запросы. Ознакомьтесь с журналами и документацией для определения запущенной на узле назначения службы WS-Management (чаще всего это IIS или WinRM). Если это служба WinRM, то для анализа состояния и настройки этой службы используйте на удаленном узле команду \"winrm quickconfig\"."}
{"EventID": "142", "Channel": "Microsoft-Windows-WinRM/Operational", "Provider_Name": "Microsoft-Windows-WinRM", "Computer": "DESKTOP-OFJ6N53", "TimeCreated": "2025-08-15 00:41:25.632088+00:00", "RecordID": "50126", "Level": "2", "UserID": "S-1-5-18", "EventData.operationName": "Enumeration", "EventData.errorCode": "2150858770"}
{"EventID": "145", "Channel": "Microsoft-Windows-WinRM/Operational", "Provider_Name": "Microsoft-Windows-WinRM", "Computer": "DESKTOP-OFJ6N53", "TimeCreated": "2025-08-15 09:56:37.594528+00:00", "RecordID": "50127", "Level": "4", "UserID": "S-1-5-18", "EventData.operationName": "Enumeration", "EventData.resourceUri": "http://schemas.microsoft.com/wbem/wsman/1/config/listener"}
{"EventID": "254", "Channel": "Microsoft-Windows-WinRM/Operational", "Provider_Name": "Microsoft-Windows-WinRM", "Computer": "DESKTOP-OFJ6N53", "TimeCreated": "2025-08-15 09:56:41.731718+00:00", "RecordID": "50128", "Level": "4", "UserID": "S-1-5-18"}
{"EventID": "161", "Channel": "Microsoft-Windows-WinRM/Operational", "Provider_Name": "Microsoft-Windows-WinRM", "Computer": "DESKTOP-OFJ6N53", "TimeCreated": "2025-08-15 09:56:41.731720+00:00", "RecordID": "50129", "Level": "2", "UserID": "S-1-5-18", "EventData.authFailureMessage": "Клиенту не удается подключиться к узлу назначения, указанному в запросе. Убедитесь, что служба на узле назначения работает и принимает запросы. Ознакомьтесь с журналами и документацией для определения запущенной на узле назначения службы WS-Management (чаще всего это IIS или WinRM). Если это служба WinRM, то для анализа состояния и настройки этой службы используйте на удаленном узле команду \"winrm quickconfig\"."}
{"EventID": "142", "Channel": "Microsoft-Windows-WinRM/Operational", "Provider_Name": "Microsoft-Windows-WinRM", "Computer": "DESKTOP-OFJ6N53", "TimeCreated": "2025-08-15 09:56:41.731815+00:00", "RecordID": "50130", "Level": "2", "UserID": "S-1-5-18", "EventData.operationName": "Enumeration", "EventData.errorCode": "2150858770"}
{"EventID": "145", "Channel": "Microsoft-Windows-WinRM/Operational", "Provider_Name": "Microsoft-Windows-WinRM", "Computer": "DESKTOP-OFJ6N53", "TimeCreated": "2025-08-15 13:42:54.571066+00:00", "RecordID": "50131", "Level": "4", "UserID": "S-1-5-18", "EventData.operationName": "Enumeration", "EventData.resourceUri": "http://schemas.microsoft.com/wbem/wsman/1/config/listener"}
{"EventID": "254", "Channel": "Microsoft-Windows-WinRM/Operational", "Provider_Name": "Microsoft-Windows-WinRM", "Computer": "DESKTOP-OFJ6N53", "TimeCreated": "2025-08-15 13:42:58.646973+00:00", "RecordID": "50132", "Level": "4", "UserID": "S-1-5-18"}
{"EventID": "161", "Channel": "Microsoft-Windows-WinRM/Operational", "Provider_Name": "Microsoft-Windows-WinRM", "Computer": "DESKTOP-OFJ6N53", "TimeCreated": "2025-08-15 13:42:58.646975+00:00", "RecordID": "50133", "Level": "2", "UserID": "S-1-5-18", "EventData.authFailureMessage": "Клиенту не удается подключиться к узлу назначения, указанному в запросе. Убедитесь, что служба на узле назначения работает и принимает запросы. Ознакомьтесь с журналами и документацией для определения запущенной на узле назначения службы WS-Management (чаще всего это IIS или WinRM). Если это служба WinRM, то для анализа состояния и настройки этой службы используйте на удаленном узле команду \"winrm quickconfig\"."}
{"EventID": "142", "Channel": "Microsoft-Windows-WinRM/Operational", "Provider_Name": "Microsoft-Windows-WinRM", "Computer": "DESKTOP-OFJ6N53", "TimeCreated": "2025-08-15 13:42:58.647049+00:00", "RecordID": "50134", "Level": "2", "UserID": "S-1-5-18", "EventData.operationName": "Enumeration", "EventData.errorCode": "2150858770"}
{"EventID": "145", "Channel": "Microsoft-Windows-WinRM/Operational", "Provider_Name": "Microsoft-Windows-WinRM", "Computer": "DESKTOP-OFJ6N53", "TimeCreated": "2025-08-15 15:55:02.407726+00:00", "RecordID": "50135", "Level": "4", "UserID": "S-1-5-18", "EventData.operationName": "Enumeration", "EventData.resourceUri": "http://schemas.microsoft.com/wbem/wsman/1/config/listener"}
{"EventID": "254", "Channel": "Microsoft-Windows-WinRM/Operational", "Provider_Name": "Microsoft-Windows-WinRM", "Computer": "DESKTOP-OFJ6N53", "TimeCreated": "2025-08-15 15:55:06.509871+00:00", "RecordID": "50136", "Level": "4", "UserID": "S-1-5-18"}
{"EventID": "161", "Channel": "Microsoft-Windows-WinRM/Operational", "Provider_Name": "Microsoft-Windows-WinRM", "Computer": "DESKTOP-OFJ6N53", "TimeCreated": "2025-08-15 15:55:06.509872+00:00", "RecordID": "50137", "Level": "2", "UserID": "S-1-5-18", "EventData.authFailureMessage": "Клиенту не удается подключиться к узлу назначения, указанному в запросе. Убедитесь, что служба на узле назначения работает и принимает запросы. Ознакомьтесь с журналами и документацией для определения запущенной на узле назначения службы WS-Management (чаще всего это IIS или WinRM). Если это служба WinRM, то для анализа состояния и настройки этой службы используйте на удаленном узле команду \"winrm quickconfig\"."}
{"EventID": "142", "Channel": "Microsoft-Windows-WinRM/Operational", "Provider_Name": "Microsoft-Windows-WinRM", "Computer": "DESKTOP-OFJ6N53", "TimeCreated": "2025-08-15 15:55:06.509960+00:00", "RecordID": "50138", "Level": "2", "UserID": "S-1-5-18", "EventData.operationName": "Enumeration", "EventData.errorCode": "2150858770"}
{"EventID": "145", "Channel": "Microsoft-Windows-WinRM/Operational", "Provider_Name": "Microsoft-Windows-WinRM", "Computer": "DESKTOP-OFJ6N53", "TimeCreated": "2025-08-15 23:42:54.670252+00:00", "RecordID": "50139", "Level": "4", "UserID": "S-1-5-18", "EventData.operationName": "Enumeration", "EventData.resourceUri": "http://schemas.microsoft.com/wbem/wsman/1/config/listener"}
{"EventID": "254", "Channel": "Microsoft-Windows-WinRM/Operational", "Provider_Name": "Microsoft-Windows-WinRM", "Computer": "DESKTOP-OFJ6N53", "TimeCreated": "2025-08-15 23:42:58.775427+00:00", "RecordID": "50140", "Level": "4", "UserID": "S-1-5-18"}
{"EventID": "161", "Channel": "Microsoft-Windows-WinRM/Operational", "Provider_Name": "Microsoft-Windows-WinRM", "Computer": "DESKTOP-OFJ6N53", "TimeCreated": "2025-08-15 23:42:58.775429+00:00", "RecordID": "50141", "Level": "2", "UserID": "S-1-5-18", "EventData.authFailureMessage": "Клиенту не удается подключиться к узлу назначения, указанному в запросе. Убедитесь, что служба на узле назначения работает и принимает запросы. Ознакомьтесь с журналами и документацией для определения запущенной на узле назначения службы WS-Management (чаще всего это IIS или WinRM). Если это служба WinRM, то для анализа состояния и настройки этой службы используйте на удаленном узле команду \"winrm quickconfig\"."}
{"EventID": "142", "Channel": "Microsoft-Windows-WinRM/Operational", "Provider_Name": "Microsoft-Windows-WinRM", "Computer": "DESKTOP-OFJ6N53", "TimeCreated": "2025-08-15 23:42:58.775501+00:00", "RecordID": "50142", "Level": "2", "UserID": "S-1-5-18", "EventData.operationName": "Enumeration", "EventData.errorCode": "2150858770"}
{"EventID": "145", "Channel": "Microsoft-Windows-WinRM/Operational", "Provider_Name": "Microsoft-Windows-WinRM", "Computer": "DESKTOP-OFJ6N53", "TimeCreated": "2025-08-16 09:42:56.409618+00:00", "RecordID": "50143", "Level": "4", "UserID": "S-1-5-18", "EventData.operationName": "Enumeration", "EventData.resourceUri": "http://schemas.microsoft.com/wbem/wsman/1/config/listener"}
{"EventID": "254", "Channel": "Microsoft-Windows-WinRM/Operational", "Provider_Name": "Microsoft-Windows-WinRM", "Computer": "DESKTOP-OFJ6N53", "TimeCreated": "2025-08-16 09:43:00.614155+00:00", "RecordID": "50144", "Level": "4", "UserID": "S-1-5-18"}
{"EventID": "161", "Channel": "Microsoft-Windows-WinRM/Operational", "Provider_Name": "Microsoft-Windows-WinRM", "Computer": "DESKTOP-OFJ6N53", "TimeCreated": "2025-08-16 09:43:00.614157+00:00", "RecordID": "50145", "Level": "2", "UserID": "S-1-5-18", "EventData.authFailureMessage": "Клиенту не удается подключиться к узлу назначения, указанному в запросе. Убедитесь, что служба на узле назначения работает и принимает запросы. Ознакомьтесь с журналами и документацией для определения запущенной на узле назначения службы WS-Management (чаще всего это IIS или WinRM). Если это служба WinRM, то для анализа состояния и настройки этой службы используйте на удаленном узле команду \"winrm quickconfig\"."}
{"EventID": "142", "Channel": "Microsoft-Windows-WinRM/Operational", "Provider_Name": "Microsoft-Windows-WinRM", "Computer": "DESKTOP-OFJ6N53", "TimeCreated": "2025-08-16 09:43:00.614269+00:00", "RecordID": "50146", "Level": "2", "UserID": "S-1-5-18", "EventData.operationName": "Enumeration", "EventData.errorCode": "2150858770"}
{"EventID": "145", "Channel": "Microsoft-Windows-WinRM/Operational", "Provider_Name": "Microsoft-Windows-WinRM", "Computer": "DESKTOP-OFJ6N53", "TimeCreated": "2025-08-16 14:03:32.756035+00:00", "RecordID": "50147", "Level": "4", "UserID": "S-1-5-18", "EventData.operationName": "Enumeration", "EventData.resourceUri": "http://schemas.microsoft.com/wbem/wsman/1/config/listener"}
{"EventID": "254", "Channel": "Microsoft-Windows-WinRM/Operational", "Provider_Name": "Microsoft-Windows-WinRM", "Computer": "DESKTOP-OFJ6N53", "TimeCreated": "2025-08-16 14:03:37.118458+00:00", "RecordID": "50148", "Level": "4", "UserID": "S-1-5-18"}
{"EventID": "161", "Channel": "Microsoft-Windows-WinRM/Operational", "Provider_Name": "Microsoft-Windows-WinRM", "Computer": "DESKTOP-OFJ6N53", "TimeCreated": "2025-08-16 14:03:37.118458+00:00", "RecordID": "50149", "Level": "2", "UserID": "S-1-5-18", "EventData.authFailureMessage": "Клиенту не удается подключиться к узлу назначения, указанному в запросе. Убедитесь, что служба на узле назначения работает и принимает запросы. Ознакомьтесь с журналами и документацией для определения запущенной на узле назначения службы WS-Management (чаще всего это IIS или WinRM). Если это служба WinRM, то для анализа состояния и настройки этой службы используйте на удаленном узле команду \"winrm quickconfig\"."}
{"EventID": "142", "Channel": "Microsoft-Windows-WinRM/Operational", "Provider_Name": "Microsoft-Windows-WinRM", "Computer": "DESKTOP-OFJ6N53", "TimeCreated": "2025-08-16 14:03:37.118681+00:00", "RecordID": "50150", "Level": "2", "UserID": "S-1-5-18", "EventData.operationName": "Enumeration", "EventData.errorCode": "2150858770"}
{"EventID": "145", "Channel": "Microsoft-Windows-WinRM/Operational", "Provider_Name": "Microsoft-Windows-WinRM", "Computer": "DESKTOP-OFJ6N53", "TimeCreated": "2025-08-16 14:42:56.278885+00:00", "RecordID": "50151", "Level": "4", "UserID": "S-1-5-18", "EventData.operationName": "Enumeration", "EventData.resourceUri": "http://schemas.microsoft.com/wbem/wsman/1/config/listener"}
{"EventID": "254", "Channel": "Microsoft-Windows-WinRM/Operational", "Provider_Name": "Microsoft-Windows-WinRM", "Computer": "DESKTOP-OFJ6N53", "TimeCreated": "2025-08-16 14:43:00.357533+00:00", "RecordID": "50152", "Level": "4", "UserID": "S-1-5-18"}
{"EventID": "161", "Channel": "Microsoft-Windows-WinRM/Operational", "Provider_Name": "Microsoft-Windows-WinRM", "Computer": "DESKTOP-OFJ6N53", "TimeCreated": "2025-08-16 14:43:00.357534+00:00", "RecordID": "50153", "Level": "2", "UserID": "S-1-5-18", "EventData.authFailureMessage": "Клиенту не удается подключиться к узлу назначения, указанному в запросе. Убедитесь, что служба на узле назначения работает и принимает запросы. Ознакомьтесь с журналами и документацией для определения запущенной на узле назначения службы WS-Management (чаще всего это IIS или WinRM). Если это служба WinRM, то для анализа состояния и настройки этой службы используйте на удаленном узле команду \"winrm quickconfig\"."}
{"EventID": "142", "Channel": "Microsoft-Windows-WinRM/Operational", "Provider_Name": "Microsoft-Windows-WinRM", "Computer": "DESKTOP-OFJ6N53", "TimeCreated": "2025-08-16 14:43:00.357620+00:00", "RecordID": "50154", "Level": "2", "UserID": "S-1-5-18", "EventData.operationName": "Enumeration", "EventData.errorCode": "2150858770"}
{"EventID": "145", "Channel": "Microsoft-Windows-WinRM/Operational", "Provider_Name": "Microsoft-Windows-WinRM", "Computer": "DESKTOP-OFJ6N53", "TimeCreated": "2025-08-16 16:09:30.915417+00:00", "RecordID": "50155", "Level": "4", "UserID": "S-1-5-18", "EventData.operationName": "Enumeration", "EventData.resourceUri": "http://schemas.microsoft.com/wbem/wsman/1/config/listener"}
{"EventID": "254", "Channel": "Microsoft-Windows-WinRM/Operational", "Provider_Name": "Microsoft-Windows-WinRM", "Computer": "DESKTOP-OFJ6N53", "TimeCreated": "2025-08-16 16:09:35.029762+00:00", "RecordID": "50156", "Level": "4", "UserID": "S-1-5-18"}
{"EventID": "161", "Channel": "Microsoft-Windows-WinRM/Operational", "Provider_Name": "Microsoft-Windows-WinRM", "Computer": "DESKTOP-OFJ6N53", "TimeCreated": "2025-08-16 16:09:35.029766+00:00", "RecordID": "50157", "Level": "2", "UserID": "S-1-5-18", "EventData.authFailureMessage": "Клиенту не удается подключиться к узлу назначения, указанному в запросе. Убедитесь, что служба на узле назначения работает и принимает запросы. Ознакомьтесь с журналами и документацией для определения запущенной на узле назначения службы WS-Management (чаще всего это IIS или WinRM). Если это служба WinRM, то для анализа состояния и настройки этой службы используйте на удаленном узле команду \"winrm quickconfig\"."}
{"EventID": "142", "Channel": "Microsoft-Windows-WinRM/Operational", "Provider_Name": "Microsoft-Windows-WinRM", "Computer": "DESKTOP-OFJ6N53", "TimeCreated": "2025-08-16 16:09:35.029861+00:00", "RecordID": "50158", "Level": "2", "UserID": "S-1-5-18", "EventData.operationName": "Enumeration", "EventData.errorCode": "2150858770"}
{"EventID": "145", "Channel": "Microsoft-Windows-WinRM/Operational", "Provider_Name": "Microsoft-Windows-WinRM", "Computer": "DESKTOP-OFJ6N53", "TimeCreated": "2025-08-17 00:42:56.231270+00:00", "RecordID": "50159", "Level": "4", "UserID": "S-1-5-18", "EventData.operationName": "Enumeration", "EventData.resourceUri": "http://schemas.microsoft.com/wbem/wsman/1/config/listener"}
{"EventID": "254", "Channel": "Microsoft-Windows-WinRM/Operational", "Provider_Name": "Microsoft-Windows-WinRM", "Computer": "DESKTOP-OFJ6N53", "TimeCreated": "2025-08-17 00:43:00.310987+00:00", "RecordID": "50160", "Level": "4", "UserID": "S-1-5-18"}
{"EventID": "161", "Channel": "Microsoft-Windows-WinRM/Operational", "Provider_Name": "Microsoft-Windows-WinRM", "Computer": "DESKTOP-OFJ6N53", "TimeCreated": "2025-08-17 00:43:00.310987+00:00", "RecordID": "50161", "Level": "2", "UserID": "S-1-5-18", "EventData.authFailureMessage": "Клиенту не удается подключиться к узлу назначения, указанному в запросе. Убедитесь, что служба на узле назначения работает и принимает запросы. Ознакомьтесь с журналами и документацией для определения запущенной на узле назначения службы WS-Management (чаще всего это IIS или WinRM). Если это служба WinRM, то для анализа состояния и настройки этой службы используйте на удаленном узле команду \"winrm quickconfig\"."}
{"EventID": "142", "Channel": "Microsoft-Windows-WinRM/Operational", "Provider_Name": "Microsoft-Windows-WinRM", "Computer": "DESKTOP-OFJ6N53", "TimeCreated": "2025-08-17 00:43:00.311176+00:00", "RecordID": "50162", "Level": "2", "UserID": "S-1-5-18", "EventData.operationName": "Enumeration", "EventData.errorCode": "2150858770"}
{"EventID": "145", "Channel": "Microsoft-Windows-WinRM/Operational", "Provider_Name": "Microsoft-Windows-WinRM", "Computer": "DESKTOP-OFJ6N53", "TimeCreated": "2025-08-17 08:45:31.861874+00:00", "RecordID": "50163", "Level": "4", "UserID": "S-1-5-18", "EventData.operationName": "Enumeration", "EventData.resourceUri": "http://schemas.microsoft.com/wbem/wsman/1/config/listener"}
{"EventID": "254", "Channel": "Microsoft-Windows-WinRM/Operational", "Provider_Name": "Microsoft-Windows-WinRM", "Computer": "DESKTOP-OFJ6N53", "TimeCreated": "2025-08-17 08:45:36.061930+00:00", "RecordID": "50164", "Level": "4", "UserID": "S-1-5-18"}
{"EventID": "161", "Channel": "Microsoft-Windows-WinRM/Operational", "Provider_Name": "Microsoft-Windows-WinRM", "Computer": "DESKTOP-OFJ6N53", "TimeCreated": "2025-08-17 08:45:36.061934+00:00", "RecordID": "50165", "Level": "2", "UserID": "S-1-5-18", "EventData.authFailureMessage": "Клиенту не удается подключиться к узлу назначения, указанному в запросе. Убедитесь, что служба на узле назначения работает и принимает запросы. Ознакомьтесь с журналами и документацией для определения запущенной на узле назначения службы WS-Management (чаще всего это IIS или WinRM). Если это служба WinRM, то для анализа состояния и настройки этой службы используйте на удаленном узле команду \"winrm quickconfig\"."}
{"EventID": "142", "Channel": "Microsoft-Windows-WinRM/Operational", "Provider_Name": "Microsoft-Windows-WinRM", "Computer": "DESKTOP-OFJ6N53", "TimeCreated": "2025-08-17 08:45:36.062094+00:00", "RecordID": "50166", "Level": "2", "UserID": "S-1-5-18", "EventData.operationName": "Enumeration", "EventData.errorCode": "2150858770"}
{"EventID": "145", "Channel": "Microsoft-Windows-WinRM/Operational", "Provider_Name": "Microsoft-Windows-WinRM", "Computer": "DESKTOP-OFJ6N53", "TimeCreated": "2025-08-17 09:56:45.031717+00:00", "RecordID": "50167", "Level": "4", "UserID": "S-1-5-18", "EventData.operationName": "Enumeration", "EventData.resourceUri": "http://schemas.microsoft.com/wbem/wsman/1/config/listener"}
{"EventID": "254", "Channel": "Microsoft-Windows-WinRM/Operational", "Provider_Name": "Microsoft-Windows-WinRM", "Computer": "DESKTOP-OFJ6N53", "TimeCreated": "2025-08-17 09:56:49.274435+00:00", "RecordID": "50168", "Level": "4", "UserID": "S-1-5-18"}
{"EventID": "161", "Channel": "Microsoft-Windows-WinRM/Operational", "Provider_Name": "Microsoft-Windows-WinRM", "Computer": "DESKTOP-OFJ6N53", "TimeCreated": "2025-08-17 09:56:49.274437+00:00", "RecordID": "50169", "Level": "2", "UserID": "S-1-5-18", "EventData.authFailureMessage": "Клиенту не удается подключиться к узлу назначения, указанному в запросе. Убедитесь, что служба на узле назначения работает и принимает запросы. Ознакомьтесь с журналами и документацией для определения запущенной на узле назначения службы WS-Management (чаще всего это IIS или WinRM). Если это служба WinRM, то для анализа состояния и настройки этой службы используйте на удаленном узле команду \"winrm quickconfig\"."}
{"EventID": "142", "Channel": "Microsoft-Windows-WinRM/Operational", "Provider_Name": "Microsoft-Windows-WinRM", "Computer": "DESKTOP-OFJ6N53", "TimeCreated": "2025-08-17 09:56:49.274519+00:00", "RecordID": "50170", "Level": "2", "UserID": "S-1-5-18", "EventData.operationName": "Enumeration", "EventData.errorCode": "2150858770"}
{"EventID": "145", "Channel": "Microsoft-Windows-WinRM/Operational", "Provider_Name": "Microsoft-Windows-WinRM", "Computer": "DESKTOP-OFJ6N53", "TimeCreated": "2025-08-17 15:09:41.491030+00:00", "RecordID": "50171", "Level": "4", "UserID": "S-1-5-18", "EventData.operationName": "Enumeration", "EventData.resourceUri": "http://schemas.microsoft.com/wbem/wsman/1/config/listener"}
{"EventID": "254", "Channel": "Microsoft-Windows-WinRM/Operational", "Provider_Name": "Microsoft-Windows-WinRM", "Computer": "DESKTOP-OFJ6N53", "TimeCreated": "2025-08-17 15:09:45.707912+00:00", "RecordID": "50172", "Level": "4", "UserID": "S-1-5-18"}
{"EventID": "161", "Channel": "Microsoft-Windows-WinRM/Operational", "Provider_Name": "Microsoft-Windows-WinRM", "Computer": "DESKTOP-OFJ6N53", "TimeCreated": "2025-08-17 15:09:45.707916+00:00", "RecordID": "50173", "Level": "2", "UserID": "S-1-5-18", "EventData.authFailureMessage": "Клиенту не удается подключиться к узлу назначения, указанному в запросе. Убедитесь, что служба на узле назначения работает и принимает запросы. Ознакомьтесь с журналами и документацией для определения запущенной на узле назначения службы WS-Management (чаще всего это IIS или WinRM). Если это служба WinRM, то для анализа состояния и настройки этой службы используйте на удаленном узле команду \"winrm quickconfig\"."}
{"EventID": "142", "Channel": "Microsoft-Windows-WinRM/Operational", "Provider_Name": "Microsoft-Windows-WinRM", "Computer": "DESKTOP-OFJ6N53", "TimeCreated": "2025-08-17 15:09:45.708006+00:00", "RecordID": "50174", "Level": "2", "UserID": "S-1-5-18", "EventData.operationName": "Enumeration", "EventData.errorCode": "2150858770"}
{"EventID": "145", "Channel": "Microsoft-Windows-WinRM/Operational", "Provider_Name": "Microsoft-Windows-WinRM", "Computer": "DESKTOP-OFJ6N53", "TimeCreated": "2025-08-17 16:09:29.208527+00:00", "RecordID": "50175", "Level": "4", "UserID": "S-1-5-18", "EventData.operationName": "Enumeration", "EventData.resourceUri": "http://schemas.microsoft.com/wbem/wsman/1/config/listener"}
{"EventID": "254", "Channel": "Microsoft-Windows-WinRM/Operational", "Provider_Name": "Microsoft-Windows-WinRM", "Computer": "DESKTOP-OFJ6N53", "TimeCreated": "2025-08-17 16:09:33.300835+00:00", "RecordID": "50176", "Level": "4", "UserID": "S-1-5-18"}
{"EventID": "161", "Channel": "Microsoft-Windows-WinRM/Operational", "Provider_Name": "Microsoft-Windows-WinRM", "Computer": "DESKTOP-OFJ6N53", "TimeCreated": "2025-08-17 16:09:33.300838+00:00", "RecordID": "50177", "Level": "2", "UserID": "S-1-5-18", "EventData.authFailureMessage": "Клиенту не удается подключиться к узлу назначения, указанному в запросе. Убедитесь, что служба на узле назначения работает и принимает запросы. Ознакомьтесь с журналами и документацией для определения запущенной на узле назначения службы WS-Management (чаще всего это IIS или WinRM). Если это служба WinRM, то для анализа состояния и настройки этой службы используйте на удаленном узле команду \"winrm quickconfig\"."}
{"EventID": "142", "Channel": "Microsoft-Windows-WinRM/Operational", "Provider_Name": "Microsoft-Windows-WinRM", "Computer": "DESKTOP-OFJ6N53", "TimeCreated": "2025-08-17 16:09:33.301029+00:00", "RecordID": "50178", "Level": "2", "UserID": "S-1-5-18", "EventData.operationName": "Enumeration", "EventData.errorCode": "2150858770"}
{"EventID": "145", "Channel": "Microsoft-Windows-WinRM/Operational", "Provider_Name": "Microsoft-Windows-WinRM", "Computer": "DESKTOP-OFJ6N53", "TimeCreated": "2025-08-17 20:42:57.930820+00:00", "RecordID": "50179", "Level": "4", "UserID": "S-1-5-18", "EventData.operationName": "Enumeration", "EventData.resourceUri": "http://schemas.microsoft.com/wbem/wsman/1/config/listener"}
{"EventID": "254", "Channel": "Microsoft-Windows-WinRM/Operational", "Provider_Name": "Microsoft-Windows-WinRM", "Computer": "DESKTOP-OFJ6N53", "TimeCreated": "2025-08-17 20:43:02.113657+00:00", "RecordID": "50180", "Level": "4", "UserID": "S-1-5-18"}
{"EventID": "161", "Channel": "Microsoft-Windows-WinRM/Operational", "Provider_Name": "Microsoft-Windows-WinRM", "Computer": "DESKTOP-OFJ6N53", "TimeCreated": "2025-08-17 20:43:02.113661+00:00", "RecordID": "50181", "Level": "2", "UserID": "S-1-5-18", "EventData.authFailureMessage": "Клиенту не удается подключиться к узлу назначения, указанному в запросе. Убедитесь, что служба на узле назначения работает и принимает запросы. Ознакомьтесь с журналами и документацией для определения запущенной на узле назначения службы WS-Management (чаще всего это IIS или WinRM). Если это служба WinRM, то для анализа состояния и настройки этой службы используйте на удаленном узле команду \"winrm quickconfig\"."}
{"EventID": "142", "Channel": "Microsoft-Windows-WinRM/Operational", "Provider_Name": "Microsoft-Windows-WinRM", "Computer": "DESKTOP-OFJ6N53", "TimeCreated": "2025-08-17 20:43:02.113842+00:00", "RecordID": "50182", "Level": "2", "UserID": "S-1-5-18", "EventData.operationName": "Enumeration", "EventData.errorCode": "2150858770"}
