{"EventID": "1030", "Channel": "Microsoft-Windows-WFP/Operational", "Provider_Name": "Microsoft-Windows-WFP", "Computer": "DESKTOP-OFJ6N53", "TimeCreated": "2022-02-24 21:39:18.492872+00:00", "RecordID": "1", "Level": "3", "UserID": "S-1-5-19", "EventData.ProcessId": "3124", "EventData.TxnTimeInMSec": "3172", "EventData.CommitTimeInMSec": "0", "EventData.WatchdogTimeoutInMSec": "500"}
{"EventID": "1030", "Channel": "Microsoft-Windows-WFP/Operational", "Provider_Name": "Microsoft-Windows-WFP", "Computer": "DESKTOP-OFJ6N53", "TimeCreated": "2022-03-01 03:14:45.523903+00:00", "RecordID": "2", "Level": "3", "UserID": "S-1-5-19", "EventData.ProcessId": "2432", "EventData.TxnTimeInMSec": "1312", "EventData.CommitTimeInMSec": "31", "EventData.WatchdogTimeoutInMSec": "500"}
{"EventID": "1030", "Channel": "Microsoft-Windows-WFP/Operational", "Provider_Name": "Microsoft-Windows-WFP", "Computer": "DESKTOP-OFJ6N53", "TimeCreated": "2022-03-01 03:14:50.099977+00:00", "RecordID": "3", "Level": "3", "UserID": "S-1-5-19", "EventData.ProcessId": "2432", "EventData.TxnTimeInMSec": "578", "EventData.CommitTimeInMSec": "562", "EventData.WatchdogTimeoutInMSec": "500"}
{"EventID": "1030", "Channel": "Microsoft-Windows-WFP/Operational", "Provider_Name": "Microsoft-Windows-WFP", "Computer": "DESKTOP-OFJ6N53", "TimeCreated": "2022-03-02 12:33:03.565277+00:00", "RecordID": "4", "Level": "3", "UserID": "S-1-5-19", "EventData.ProcessId": "2432", "EventData.TxnTimeInMSec": "500", "EventData.CommitTimeInMSec": "328", "EventData.WatchdogTimeoutInMSec": "500"}
{"EventID": "1030", "Channel": "Microsoft-Windows-WFP/Operational", "Provider_Name": "Microsoft-Windows-WFP", "Computer": "DESKTOP-OFJ6N53", "TimeCreated": "2022-03-03 16:03:34.938524+00:00", "RecordID": "5", "Level": "3", "UserID": "S-1-5-19", "EventData.ProcessId": "2432", "EventData.TxnTimeInMSec": "1219", "EventData.CommitTimeInMSec": "641", "EventData.WatchdogTimeoutInMSec": "500"}
{"EventID": "1030", "Channel": "Microsoft-Windows-WFP/Operational", "Provider_Name": "Microsoft-Windows-WFP", "Computer": "DESKTOP-OFJ6N53", "TimeCreated": "2022-03-03 16:03:40.969736+00:00", "RecordID": "6", "Level": "3", "UserID": "S-1-5-19", "EventData.ProcessId": "2432", "EventData.TxnTimeInMSec": "672", "EventData.CommitTimeInMSec": "16", "EventData.WatchdogTimeoutInMSec": "500"}
{"EventID": "1030", "Channel": "Microsoft-Windows-WFP/Operational", "Provider_Name": "Microsoft-Windows-WFP", "Computer": "DESKTOP-OFJ6N53", "TimeCreated": "2022-03-14 04:58:27.904940+00:00", "RecordID": "7", "Level": "3", "UserID": "S-1-5-19", "EventData.ProcessId": "3028", "EventData.TxnTimeInMSec": "532", "EventData.CommitTimeInMSec": "313", "EventData.WatchdogTimeoutInMSec": "500"}
{"EventID": "1030", "Channel": "Microsoft-Windows-WFP/Operational", "Provider_Name": "Microsoft-Windows-WFP", "Computer": "DESKTOP-OFJ6N53", "TimeCreated": "2022-03-29 10:03:52.423155+00:00", "RecordID": "8", "Level": "3", "UserID": "S-1-5-19", "EventData.ProcessId": "3120", "EventData.TxnTimeInMSec": "516", "EventData.CommitTimeInMSec": "188", "EventData.WatchdogTimeoutInMSec": "500"}
{"EventID": "1030", "Channel": "Microsoft-Windows-WFP/Operational", "Provider_Name": "Microsoft-Windows-WFP", "Computer": "DESKTOP-OFJ6N53", "TimeCreated": "2022-04-06 13:05:38.780117+00:00", "RecordID": "9", "Level": "3", "UserID": "S-1-5-19", "EventData.ProcessId": "3120", "EventData.TxnTimeInMSec": "813", "EventData.CommitTimeInMSec": "813", "EventData.WatchdogTimeoutInMSec": "500"}
{"EventID": "1030", "Channel": "Microsoft-Windows-WFP/Operational", "Provider_Name": "Microsoft-Windows-WFP", "Computer": "DESKTOP-OFJ6N53", "TimeCreated": "2022-04-06 13:05:42.801186+00:00", "RecordID": "10", "Level": "3", "UserID": "S-1-5-19", "EventData.ProcessId": "3120", "EventData.TxnTimeInMSec": "703", "EventData.CommitTimeInMSec": "63", "EventData.WatchdogTimeoutInMSec": "500"}
{"EventID": "1030", "Channel": "Microsoft-Windows-WFP/Operational", "Provider_Name": "Microsoft-Windows-WFP", "Computer": "DESKTOP-OFJ6N53", "TimeCreated": "2022-04-06 15:08:02.641027+00:00", "RecordID": "11", "Level": "3", "UserID": "S-1-5-19", "EventData.ProcessId": "3120", "EventData.TxnTimeInMSec": "516", "EventData.CommitTimeInMSec": "266", "EventData.WatchdogTimeoutInMSec": "500"}
{"EventID": "1030", "Channel": "Microsoft-Windows-WFP/Operational", "Provider_Name": "Microsoft-Windows-WFP", "Computer": "DESKTOP-OFJ6N53", "TimeCreated": "2022-04-20 08:27:51.362747+00:00", "RecordID": "12", "Level": "3", "UserID": "S-1-5-19", "EventData.ProcessId": "2136", "EventData.TxnTimeInMSec": "859", "EventData.CommitTimeInMSec": "609", "EventData.WatchdogTimeoutInMSec": "500"}
{"EventID": "1030", "Channel": "Microsoft-Windows-WFP/Operational", "Provider_Name": "Microsoft-Windows-WFP", "Computer": "DESKTOP-OFJ6N53", "TimeCreated": "2022-04-20 14:59:53.429218+00:00", "RecordID": "13", "Level": "3", "UserID": "S-1-5-19", "EventData.ProcessId": "2136", "EventData.TxnTimeInMSec": "578", "EventData.CommitTimeInMSec": "375", "EventData.WatchdogTimeoutInMSec": "500"}
{"EventID": "1030", "Channel": "Microsoft-Windows-WFP/Operational", "Provider_Name": "Microsoft-Windows-WFP", "Computer": "DESKTOP-OFJ6N53", "TimeCreated": "2022-05-05 10:01:03.035742+00:00", "RecordID": "14", "Level": "3", "UserID": "S-1-5-19", "EventData.ProcessId": "3016", "EventData.TxnTimeInMSec": "500", "EventData.CommitTimeInMSec": "15", "EventData.WatchdogTimeoutInMSec": "500"}
{"EventID": "1030", "Channel": "Microsoft-Windows-WFP/Operational", "Provider_Name": "Microsoft-Windows-WFP", "Computer": "DESKTOP-OFJ6N53", "TimeCreated": "2022-05-05 17:19:04.562399+00:00", "RecordID": "15", "Level": "3", "UserID": "S-1-5-19", "EventData.ProcessId": "3016", "EventData.TxnTimeInMSec": "953", "EventData.CommitTimeInMSec": "640", "EventData.WatchdogTimeoutInMSec": "500"}
{"EventID": "1030", "Channel": "Microsoft-Windows-WFP/Operational", "Provider_Name": "Microsoft-Windows-WFP", "Computer": "DESKTOP-OFJ6N53", "TimeCreated": "2022-05-13 15:06:23.131483+00:00", "RecordID": "16", "Level": "3", "UserID": "S-1-5-19", "EventData.ProcessId": "2860", "EventData.TxnTimeInMSec": "3063", "EventData.CommitTimeInMSec": "2984", "EventData.WatchdogTimeoutInMSec": "500"}
{"EventID": "1030", "Channel": "Microsoft-Windows-WFP/Operational", "Provider_Name": "Microsoft-Windows-WFP", "Computer": "DESKTOP-OFJ6N53", "TimeCreated": "2022-05-20 10:18:45.456182+00:00", "RecordID": "17", "Level": "3", "UserID": "S-1-5-19", "EventData.ProcessId": "2860", "EventData.TxnTimeInMSec": "1516", "EventData.CommitTimeInMSec": "1422", "EventData.WatchdogTimeoutInMSec": "500"}
{"EventID": "1030", "Channel": "Microsoft-Windows-WFP/Operational", "Provider_Name": "Microsoft-Windows-WFP", "Computer": "DESKTOP-OFJ6N53", "TimeCreated": "2022-05-23 07:36:48.134161+00:00", "RecordID": "18", "Level": "3", "UserID": "S-1-5-19", "EventData.ProcessId": "2860", "EventData.TxnTimeInMSec": "11453", "EventData.CommitTimeInMSec": "11266", "EventData.WatchdogTimeoutInMSec": "500"}
{"EventID": "1030", "Channel": "Microsoft-Windows-WFP/Operational", "Provider_Name": "Microsoft-Windows-WFP", "Computer": "DESKTOP-OFJ6N53", "TimeCreated": "2022-05-23 08:23:53.235792+00:00", "RecordID": "19", "Level": "3", "UserID": "S-1-5-19", "EventData.ProcessId": "2860", "EventData.TxnTimeInMSec": "578", "EventData.CommitTimeInMSec": "343", "EventData.WatchdogTimeoutInMSec": "500"}
{"EventID": "1030", "Channel": "Microsoft-Windows-WFP/Operational", "Provider_Name": "Microsoft-Windows-WFP", "Computer": "DESKTOP-OFJ6N53", "TimeCreated": "2022-05-25 08:17:44.448397+00:00", "RecordID": "20", "Level": "3", "UserID": "S-1-5-19", "EventData.ProcessId": "2860", "EventData.TxnTimeInMSec": "813", "EventData.CommitTimeInMSec": "156", "EventData.WatchdogTimeoutInMSec": "500"}
{"EventID": "1030", "Channel": "Microsoft-Windows-WFP/Operational", "Provider_Name": "Microsoft-Windows-WFP", "Computer": "DESKTOP-OFJ6N53", "TimeCreated": "2022-05-29 08:18:35.689415+00:00", "RecordID": "21", "Level": "3", "UserID": "S-1-5-19", "EventData.ProcessId": "2860", "EventData.TxnTimeInMSec": "6297", "EventData.CommitTimeInMSec": "6281", "EventData.WatchdogTimeoutInMSec": "500"}
{"EventID": "1030", "Channel": "Microsoft-Windows-WFP/Operational", "Provider_Name": "Microsoft-Windows-WFP", "Computer": "DESKTOP-OFJ6N53", "TimeCreated": "2022-05-29 15:16:02.885603+00:00", "RecordID": "22", "Level": "3", "UserID": "S-1-5-19", "EventData.ProcessId": "2860", "EventData.TxnTimeInMSec": "1234", "EventData.CommitTimeInMSec": "328", "EventData.WatchdogTimeoutInMSec": "500"}
{"EventID": "1030", "Channel": "Microsoft-Windows-WFP/Operational", "Provider_Name": "Microsoft-Windows-WFP", "Computer": "DESKTOP-OFJ6N53", "TimeCreated": "2022-05-30 10:53:29.757208+00:00", "RecordID": "23", "Level": "3", "UserID": "S-1-5-19", "EventData.ProcessId": "2860", "EventData.TxnTimeInMSec": "687", "EventData.CommitTimeInMSec": "609", "EventData.WatchdogTimeoutInMSec": "500"}
{"EventID": "1030", "Channel": "Microsoft-Windows-WFP/Operational", "Provider_Name": "Microsoft-Windows-WFP", "Computer": "DESKTOP-OFJ6N53", "TimeCreated": "2022-06-01 22:32:27.972179+00:00", "RecordID": "24", "Level": "3", "UserID": "S-1-5-19", "EventData.ProcessId": "2860", "EventData.TxnTimeInMSec": "2234", "EventData.CommitTimeInMSec": "1563", "EventData.WatchdogTimeoutInMSec": "500"}
{"EventID": "1030", "Channel": "Microsoft-Windows-WFP/Operational", "Provider_Name": "Microsoft-Windows-WFP", "Computer": "DESKTOP-OFJ6N53", "TimeCreated": "2022-06-02 08:10:33.554939+00:00", "RecordID": "25", "Level": "3", "UserID": "S-1-5-19", "EventData.ProcessId": "2860", "EventData.TxnTimeInMSec": "1063", "EventData.CommitTimeInMSec": "907", "EventData.WatchdogTimeoutInMSec": "500"}
{"EventID": "1030", "Channel": "Microsoft-Windows-WFP/Operational", "Provider_Name": "Microsoft-Windows-WFP", "Computer": "DESKTOP-OFJ6N53", "TimeCreated": "2022-06-02 08:12:13.964771+00:00", "RecordID": "26", "Level": "3", "UserID": "S-1-5-19", "EventData.ProcessId": "2860", "EventData.TxnTimeInMSec": "1844", "EventData.CommitTimeInMSec": "1829", "EventData.WatchdogTimeoutInMSec": "500"}
{"EventID": "1030", "Channel": "Microsoft-Windows-WFP/Operational", "Provider_Name": "Microsoft-Windows-WFP", "Computer": "DESKTOP-OFJ6N53", "TimeCreated": "2022-06-02 11:29:13.096254+00:00", "RecordID": "27", "Level": "3", "UserID": "S-1-5-19", "EventData.ProcessId": "2860", "EventData.TxnTimeInMSec": "859", "EventData.CommitTimeInMSec": "109", "EventData.WatchdogTimeoutInMSec": "500"}
{"EventID": "1030", "Channel": "Microsoft-Windows-WFP/Operational", "Provider_Name": "Microsoft-Windows-WFP", "Computer": "DESKTOP-OFJ6N53", "TimeCreated": "2022-06-02 12:29:30.413187+00:00", "RecordID": "28", "Level": "3", "UserID": "S-1-5-19", "EventData.ProcessId": "2860", "EventData.TxnTimeInMSec": "703", "EventData.CommitTimeInMSec": "0", "EventData.WatchdogTimeoutInMSec": "500"}
{"EventID": "1030", "Channel": "Microsoft-Windows-WFP/Operational", "Provider_Name": "Microsoft-Windows-WFP", "Computer": "DESKTOP-OFJ6N53", "TimeCreated": "2022-06-03 13:18:14.258789+00:00", "RecordID": "29", "Level": "3", "UserID": "S-1-5-19", "EventData.ProcessId": "2860", "EventData.TxnTimeInMSec": "1985", "EventData.CommitTimeInMSec": "313", "EventData.WatchdogTimeoutInMSec": "500"}
{"EventID": "1030", "Channel": "Microsoft-Windows-WFP/Operational", "Provider_Name": "Microsoft-Windows-WFP", "Computer": "DESKTOP-OFJ6N53", "TimeCreated": "2022-06-04 07:09:32.779659+00:00", "RecordID": "30", "Level": "3", "UserID": "S-1-5-19", "EventData.ProcessId": "2860", "EventData.TxnTimeInMSec": "2516", "EventData.CommitTimeInMSec": "2406", "EventData.WatchdogTimeoutInMSec": "500"}
{"EventID": "1030", "Channel": "Microsoft-Windows-WFP/Operational", "Provider_Name": "Microsoft-Windows-WFP", "Computer": "DESKTOP-OFJ6N53", "TimeCreated": "2022-06-11 10:50:07.762344+00:00", "RecordID": "31", "Level": "3", "UserID": "S-1-5-19", "EventData.ProcessId": "2464", "EventData.TxnTimeInMSec": "22594", "EventData.CommitTimeInMSec": "22547", "EventData.WatchdogTimeoutInMSec": "500"}
{"EventID": "1030", "Channel": "Microsoft-Windows-WFP/Operational", "Provider_Name": "Microsoft-Windows-WFP", "Computer": "DESKTOP-OFJ6N53", "TimeCreated": "2022-06-14 01:04:08.958971+00:00", "RecordID": "32", "Level": "3", "UserID": "S-1-5-19", "EventData.ProcessId": "2464", "EventData.TxnTimeInMSec": "14125", "EventData.CommitTimeInMSec": "13343", "EventData.WatchdogTimeoutInMSec": "500"}
{"EventID": "1030", "Channel": "Microsoft-Windows-WFP/Operational", "Provider_Name": "Microsoft-Windows-WFP", "Computer": "DESKTOP-OFJ6N53", "TimeCreated": "2022-06-15 12:41:25.978601+00:00", "RecordID": "33", "Level": "3", "UserID": "S-1-5-19", "EventData.ProcessId": "3396", "EventData.TxnTimeInMSec": "516", "EventData.CommitTimeInMSec": "469", "EventData.WatchdogTimeoutInMSec": "500"}
{"EventID": "1030", "Channel": "Microsoft-Windows-WFP/Operational", "Provider_Name": "Microsoft-Windows-WFP", "Computer": "DESKTOP-OFJ6N53", "TimeCreated": "2022-06-18 09:03:51.040493+00:00", "RecordID": "34", "Level": "3", "UserID": "S-1-5-19", "EventData.ProcessId": "3396", "EventData.TxnTimeInMSec": "5797", "EventData.CommitTimeInMSec": "5735", "EventData.WatchdogTimeoutInMSec": "500"}
{"EventID": "1030", "Channel": "Microsoft-Windows-WFP/Operational", "Provider_Name": "Microsoft-Windows-WFP", "Computer": "DESKTOP-OFJ6N53", "TimeCreated": "2022-06-21 09:38:20.142490+00:00", "RecordID": "35", "Level": "3", "UserID": "S-1-5-19", "EventData.ProcessId": "3396", "EventData.TxnTimeInMSec": "23266", "EventData.CommitTimeInMSec": "22875", "EventData.WatchdogTimeoutInMSec": "500"}
{"EventID": "1030", "Channel": "Microsoft-Windows-WFP/Operational", "Provider_Name": "Microsoft-Windows-WFP", "Computer": "DESKTOP-OFJ6N53", "TimeCreated": "2022-06-27 08:11:09.729012+00:00", "RecordID": "36", "Level": "3", "UserID": "S-1-5-19", "EventData.ProcessId": "3396", "EventData.TxnTimeInMSec": "719", "EventData.CommitTimeInMSec": "610", "EventData.WatchdogTimeoutInMSec": "500"}
{"EventID": "1030", "Channel": "Microsoft-Windows-WFP/Operational", "Provider_Name": "Microsoft-Windows-WFP", "Computer": "DESKTOP-OFJ6N53", "TimeCreated": "2022-07-01 12:26:07.414927+00:00", "RecordID": "37", "Level": "3", "UserID": "S-1-5-19", "EventData.ProcessId": "3396", "EventData.TxnTimeInMSec": "1172", "EventData.CommitTimeInMSec": "1078", "EventData.WatchdogTimeoutInMSec": "500"}
{"EventID": "1030", "Channel": "Microsoft-Windows-WFP/Operational", "Provider_Name": "Microsoft-Windows-WFP", "Computer": "DESKTOP-OFJ6N53", "TimeCreated": "2022-07-01 12:27:43.313480+00:00", "RecordID": "38", "Level": "3", "UserID": "S-1-5-19", "EventData.ProcessId": "3396", "EventData.TxnTimeInMSec": "546", "EventData.CommitTimeInMSec": "250", "EventData.WatchdogTimeoutInMSec": "500"}
{"EventID": "1030", "Channel": "Microsoft-Windows-WFP/Operational", "Provider_Name": "Microsoft-Windows-WFP", "Computer": "DESKTOP-OFJ6N53", "TimeCreated": "2022-07-01 12:28:40.742872+00:00", "RecordID": "39", "Level": "3", "UserID": "S-1-5-19", "EventData.ProcessId": "3396", "EventData.TxnTimeInMSec": "55750", "EventData.CommitTimeInMSec": "55734", "EventData.WatchdogTimeoutInMSec": "500"}
{"EventID": "1030", "Channel": "Microsoft-Windows-WFP/Operational", "Provider_Name": "Microsoft-Windows-WFP", "Computer": "DESKTOP-OFJ6N53", "TimeCreated": "2022-07-01 15:09:12.960522+00:00", "RecordID": "40", "Level": "3", "UserID": "S-1-5-19", "EventData.ProcessId": "3396", "EventData.TxnTimeInMSec": "2282", "EventData.CommitTimeInMSec": "1172", "EventData.WatchdogTimeoutInMSec": "500"}
{"EventID": "1030", "Channel": "Microsoft-Windows-WFP/Operational", "Provider_Name": "Microsoft-Windows-WFP", "Computer": "DESKTOP-OFJ6N53", "TimeCreated": "2022-07-01 15:09:14.175924+00:00", "RecordID": "41", "Level": "3", "UserID": "S-1-5-19", "EventData.ProcessId": "3396", "EventData.TxnTimeInMSec": "593", "EventData.CommitTimeInMSec": "296", "EventData.WatchdogTimeoutInMSec": "500"}
{"EventID": "1030", "Channel": "Microsoft-Windows-WFP/Operational", "Provider_Name": "Microsoft-Windows-WFP", "Computer": "DESKTOP-OFJ6N53", "TimeCreated": "2022-07-02 04:32:48.818514+00:00", "RecordID": "42", "Level": "3", "UserID": "S-1-5-19", "EventData.ProcessId": "3396", "EventData.TxnTimeInMSec": "906", "EventData.CommitTimeInMSec": "422", "EventData.WatchdogTimeoutInMSec": "500"}
{"EventID": "1030", "Channel": "Microsoft-Windows-WFP/Operational", "Provider_Name": "Microsoft-Windows-WFP", "Computer": "DESKTOP-OFJ6N53", "TimeCreated": "2022-07-04 07:50:32.441418+00:00", "RecordID": "43", "Level": "3", "UserID": "S-1-5-19", "EventData.ProcessId": "3396", "EventData.TxnTimeInMSec": "3109", "EventData.CommitTimeInMSec": "3094", "EventData.WatchdogTimeoutInMSec": "500"}
{"EventID": "1030", "Channel": "Microsoft-Windows-WFP/Operational", "Provider_Name": "Microsoft-Windows-WFP", "Computer": "DESKTOP-OFJ6N53", "TimeCreated": "2022-07-04 15:46:53.694544+00:00", "RecordID": "44", "Level": "3", "UserID": "S-1-5-19", "EventData.ProcessId": "3396", "EventData.TxnTimeInMSec": "890", "EventData.CommitTimeInMSec": "515", "EventData.WatchdogTimeoutInMSec": "500"}
{"EventID": "1030", "Channel": "Microsoft-Windows-WFP/Operational", "Provider_Name": "Microsoft-Windows-WFP", "Computer": "DESKTOP-OFJ6N53", "TimeCreated": "2022-07-04 15:47:20.266600+00:00", "RecordID": "45", "Level": "3", "UserID": "S-1-5-19", "EventData.ProcessId": "3396", "EventData.TxnTimeInMSec": "797", "EventData.CommitTimeInMSec": "343", "EventData.WatchdogTimeoutInMSec": "500"}
{"EventID": "1030", "Channel": "Microsoft-Windows-WFP/Operational", "Provider_Name": "Microsoft-Windows-WFP", "Computer": "DESKTOP-OFJ6N53", "TimeCreated": "2022-07-05 07:20:40.462708+00:00", "RecordID": "46", "Level": "3", "UserID": "S-1-5-19", "EventData.ProcessId": "3396", "EventData.TxnTimeInMSec": "515", "EventData.CommitTimeInMSec": "453", "EventData.WatchdogTimeoutInMSec": "500"}
{"EventID": "1030", "Channel": "Microsoft-Windows-WFP/Operational", "Provider_Name": "Microsoft-Windows-WFP", "Computer": "DESKTOP-OFJ6N53", "TimeCreated": "2022-07-06 01:30:40.826736+00:00", "RecordID": "47", "Level": "3", "UserID": "S-1-5-19", "EventData.ProcessId": "3396", "EventData.TxnTimeInMSec": "1204", "EventData.CommitTimeInMSec": "391", "EventData.WatchdogTimeoutInMSec": "500"}
{"EventID": "1030", "Channel": "Microsoft-Windows-WFP/Operational", "Provider_Name": "Microsoft-Windows-WFP", "Computer": "DESKTOP-OFJ6N53", "TimeCreated": "2022-07-06 11:42:42.508724+00:00", "RecordID": "48", "Level": "3", "UserID": "S-1-5-19", "EventData.ProcessId": "3396", "EventData.TxnTimeInMSec": "734", "EventData.CommitTimeInMSec": "390", "EventData.WatchdogTimeoutInMSec": "500"}
{"EventID": "1030", "Channel": "Microsoft-Windows-WFP/Operational", "Provider_Name": "Microsoft-Windows-WFP", "Computer": "DESKTOP-OFJ6N53", "TimeCreated": "2022-07-06 21:06:59.046322+00:00", "RecordID": "49", "Level": "3", "UserID": "S-1-5-19", "EventData.ProcessId": "3396", "EventData.TxnTimeInMSec": "2969", "EventData.CommitTimeInMSec": "735", "EventData.WatchdogTimeoutInMSec": "500"}
{"EventID": "1030", "Channel": "Microsoft-Windows-WFP/Operational", "Provider_Name": "Microsoft-Windows-WFP", "Computer": "DESKTOP-OFJ6N53", "TimeCreated": "2022-07-07 00:17:41.739433+00:00", "RecordID": "50", "Level": "3", "UserID": "S-1-5-19", "EventData.ProcessId": "3396", "EventData.TxnTimeInMSec": "1250", "EventData.CommitTimeInMSec": "203", "EventData.WatchdogTimeoutInMSec": "500"}
{"EventID": "1030", "Channel": "Microsoft-Windows-WFP/Operational", "Provider_Name": "Microsoft-Windows-WFP", "Computer": "DESKTOP-OFJ6N53", "TimeCreated": "2022-07-07 13:42:41.697376+00:00", "RecordID": "51", "Level": "3", "UserID": "S-1-5-19", "EventData.ProcessId": "3396", "EventData.TxnTimeInMSec": "1719", "EventData.CommitTimeInMSec": "1266", "EventData.WatchdogTimeoutInMSec": "500"}
{"EventID": "1030", "Channel": "Microsoft-Windows-WFP/Operational", "Provider_Name": "Microsoft-Windows-WFP", "Computer": "DESKTOP-OFJ6N53", "TimeCreated": "2022-07-08 23:41:56.188431+00:00", "RecordID": "52", "Level": "3", "UserID": "S-1-5-19", "EventData.ProcessId": "3396", "EventData.TxnTimeInMSec": "3281", "EventData.CommitTimeInMSec": "1422", "EventData.WatchdogTimeoutInMSec": "500"}
{"EventID": "1030", "Channel": "Microsoft-Windows-WFP/Operational", "Provider_Name": "Microsoft-Windows-WFP", "Computer": "DESKTOP-OFJ6N53", "TimeCreated": "2022-07-12 11:56:40.882179+00:00", "RecordID": "53", "Level": "3", "UserID": "S-1-5-19", "EventData.ProcessId": "3396", "EventData.TxnTimeInMSec": "2281", "EventData.CommitTimeInMSec": "2062", "EventData.WatchdogTimeoutInMSec": "500"}
{"EventID": "1030", "Channel": "Microsoft-Windows-WFP/Operational", "Provider_Name": "Microsoft-Windows-WFP", "Computer": "DESKTOP-OFJ6N53", "TimeCreated": "2022-07-15 19:16:52.216536+00:00", "RecordID": "54", "Level": "3", "UserID": "S-1-5-19", "EventData.ProcessId": "3396", "EventData.TxnTimeInMSec": "4063", "EventData.CommitTimeInMSec": "3360", "EventData.WatchdogTimeoutInMSec": "500"}
{"EventID": "1030", "Channel": "Microsoft-Windows-WFP/Operational", "Provider_Name": "Microsoft-Windows-WFP", "Computer": "DESKTOP-OFJ6N53", "TimeCreated": "2022-07-18 12:41:34.928062+00:00", "RecordID": "55", "Level": "3", "UserID": "S-1-5-19", "EventData.ProcessId": "3396", "EventData.TxnTimeInMSec": "703", "EventData.CommitTimeInMSec": "531", "EventData.WatchdogTimeoutInMSec": "500"}
{"EventID": "1030", "Channel": "Microsoft-Windows-WFP/Operational", "Provider_Name": "Microsoft-Windows-WFP", "Computer": "DESKTOP-OFJ6N53", "TimeCreated": "2022-07-19 15:08:25.005243+00:00", "RecordID": "56", "Level": "3", "UserID": "S-1-5-19", "EventData.ProcessId": "3396", "EventData.TxnTimeInMSec": "531", "EventData.CommitTimeInMSec": "516", "EventData.WatchdogTimeoutInMSec": "500"}
{"EventID": "1030", "Channel": "Microsoft-Windows-WFP/Operational", "Provider_Name": "Microsoft-Windows-WFP", "Computer": "DESKTOP-OFJ6N53", "TimeCreated": "2022-07-19 15:46:27.989246+00:00", "RecordID": "57", "Level": "3", "UserID": "S-1-5-19", "EventData.ProcessId": "3396", "EventData.TxnTimeInMSec": "812", "EventData.CommitTimeInMSec": "297", "EventData.WatchdogTimeoutInMSec": "500"}
{"EventID": "1030", "Channel": "Microsoft-Windows-WFP/Operational", "Provider_Name": "Microsoft-Windows-WFP", "Computer": "DESKTOP-OFJ6N53", "TimeCreated": "2022-07-19 15:46:29.537725+00:00", "RecordID": "58", "Level": "3", "UserID": "S-1-5-19", "EventData.ProcessId": "3396", "EventData.TxnTimeInMSec": "734", "EventData.CommitTimeInMSec": "15", "EventData.WatchdogTimeoutInMSec": "500"}
{"EventID": "1030", "Channel": "Microsoft-Windows-WFP/Operational", "Provider_Name": "Microsoft-Windows-WFP", "Computer": "DESKTOP-OFJ6N53", "TimeCreated": "2022-07-19 17:08:39.966461+00:00", "RecordID": "59", "Level": "3", "UserID": "S-1-5-19", "EventData.ProcessId": "3396", "EventData.TxnTimeInMSec": "531", "EventData.CommitTimeInMSec": "31", "EventData.WatchdogTimeoutInMSec": "500"}
{"EventID": "1030", "Channel": "Microsoft-Windows-WFP/Operational", "Provider_Name": "Microsoft-Windows-WFP", "Computer": "DESKTOP-OFJ6N53", "TimeCreated": "2022-07-19 18:21:21.456556+00:00", "RecordID": "60", "Level": "3", "UserID": "S-1-5-19", "EventData.ProcessId": "3396", "EventData.TxnTimeInMSec": "562", "EventData.CommitTimeInMSec": "547", "EventData.WatchdogTimeoutInMSec": "500"}
{"EventID": "1030", "Channel": "Microsoft-Windows-WFP/Operational", "Provider_Name": "Microsoft-Windows-WFP", "Computer": "DESKTOP-OFJ6N53", "TimeCreated": "2022-07-19 19:52:38.702887+00:00", "RecordID": "61", "Level": "3", "UserID": "S-1-5-19", "EventData.ProcessId": "3396", "EventData.TxnTimeInMSec": "516", "EventData.CommitTimeInMSec": "484", "EventData.WatchdogTimeoutInMSec": "500"}
{"EventID": "1030", "Channel": "Microsoft-Windows-WFP/Operational", "Provider_Name": "Microsoft-Windows-WFP", "Computer": "DESKTOP-OFJ6N53", "TimeCreated": "2022-07-20 09:45:18.864010+00:00", "RecordID": "62", "Level": "3", "UserID": "S-1-5-19", "EventData.ProcessId": "3396", "EventData.TxnTimeInMSec": "1312", "EventData.CommitTimeInMSec": "844", "EventData.WatchdogTimeoutInMSec": "500"}
{"EventID": "1030", "Channel": "Microsoft-Windows-WFP/Operational", "Provider_Name": "Microsoft-Windows-WFP", "Computer": "DESKTOP-OFJ6N53", "TimeCreated": "2022-07-21 17:46:13.559851+00:00", "RecordID": "63", "Level": "3", "UserID": "S-1-5-19", "EventData.ProcessId": "3396", "EventData.TxnTimeInMSec": "5594", "EventData.CommitTimeInMSec": "5516", "EventData.WatchdogTimeoutInMSec": "500"}
{"EventID": "1030", "Channel": "Microsoft-Windows-WFP/Operational", "Provider_Name": "Microsoft-Windows-WFP", "Computer": "DESKTOP-OFJ6N53", "TimeCreated": "2022-07-25 15:16:21.131552+00:00", "RecordID": "64", "Level": "3", "UserID": "S-1-5-19", "EventData.ProcessId": "3396", "EventData.TxnTimeInMSec": "14141", "EventData.CommitTimeInMSec": "14000", "EventData.WatchdogTimeoutInMSec": "500"}
{"EventID": "1030", "Channel": "Microsoft-Windows-WFP/Operational", "Provider_Name": "Microsoft-Windows-WFP", "Computer": "DESKTOP-OFJ6N53", "TimeCreated": "2022-07-26 15:50:30.640305+00:00", "RecordID": "65", "Level": "3", "UserID": "S-1-5-19", "EventData.ProcessId": "3396", "EventData.TxnTimeInMSec": "1578", "EventData.CommitTimeInMSec": "1500", "EventData.WatchdogTimeoutInMSec": "500"}
{"EventID": "1030", "Channel": "Microsoft-Windows-WFP/Operational", "Provider_Name": "Microsoft-Windows-WFP", "Computer": "DESKTOP-OFJ6N53", "TimeCreated": "2022-07-27 11:47:09.532490+00:00", "RecordID": "66", "Level": "3", "UserID": "S-1-5-19", "EventData.ProcessId": "3396", "EventData.TxnTimeInMSec": "1781", "EventData.CommitTimeInMSec": "1688", "EventData.WatchdogTimeoutInMSec": "500"}
{"EventID": "1030", "Channel": "Microsoft-Windows-WFP/Operational", "Provider_Name": "Microsoft-Windows-WFP", "Computer": "DESKTOP-OFJ6N53", "TimeCreated": "2022-07-28 08:59:31.277750+00:00", "RecordID": "67", "Level": "3", "UserID": "S-1-5-19", "EventData.ProcessId": "3396", "EventData.TxnTimeInMSec": "954", "EventData.CommitTimeInMSec": "922", "EventData.WatchdogTimeoutInMSec": "500"}
{"EventID": "1030", "Channel": "Microsoft-Windows-WFP/Operational", "Provider_Name": "Microsoft-Windows-WFP", "Computer": "DESKTOP-OFJ6N53", "TimeCreated": "2022-08-01 13:16:18.857456+00:00", "RecordID": "68", "Level": "3", "UserID": "S-1-5-19", "EventData.ProcessId": "3396", "EventData.TxnTimeInMSec": "781", "EventData.CommitTimeInMSec": "656", "EventData.WatchdogTimeoutInMSec": "500"}
{"EventID": "1030", "Channel": "Microsoft-Windows-WFP/Operational", "Provider_Name": "Microsoft-Windows-WFP", "Computer": "DESKTOP-OFJ6N53", "TimeCreated": "2022-08-01 23:54:40.395098+00:00", "RecordID": "69", "Level": "3", "UserID": "S-1-5-19", "EventData.ProcessId": "3396", "EventData.TxnTimeInMSec": "6578", "EventData.CommitTimeInMSec": "5328", "EventData.WatchdogTimeoutInMSec": "500"}
{"EventID": "1030", "Channel": "Microsoft-Windows-WFP/Operational", "Provider_Name": "Microsoft-Windows-WFP", "Computer": "DESKTOP-OFJ6N53", "TimeCreated": "2022-08-02 16:50:56.711395+00:00", "RecordID": "70", "Level": "3", "UserID": "S-1-5-19", "EventData.ProcessId": "3396", "EventData.TxnTimeInMSec": "625", "EventData.CommitTimeInMSec": "516", "EventData.WatchdogTimeoutInMSec": "500"}
{"EventID": "1030", "Channel": "Microsoft-Windows-WFP/Operational", "Provider_Name": "Microsoft-Windows-WFP", "Computer": "DESKTOP-OFJ6N53", "TimeCreated": "2022-08-03 06:09:01.208746+00:00", "RecordID": "71", "Level": "3", "UserID": "S-1-5-19", "EventData.ProcessId": "3396", "EventData.TxnTimeInMSec": "2063", "EventData.CommitTimeInMSec": "1782", "EventData.WatchdogTimeoutInMSec": "500"}
{"EventID": "1030", "Channel": "Microsoft-Windows-WFP/Operational", "Provider_Name": "Microsoft-Windows-WFP", "Computer": "DESKTOP-OFJ6N53", "TimeCreated": "2022-08-03 20:04:46.108131+00:00", "RecordID": "72", "Level": "3", "UserID": "S-1-5-19", "EventData.ProcessId": "3396", "EventData.TxnTimeInMSec": "1250", "EventData.CommitTimeInMSec": "1156", "EventData.WatchdogTimeoutInMSec": "500"}
{"EventID": "1030", "Channel": "Microsoft-Windows-WFP/Operational", "Provider_Name": "Microsoft-Windows-WFP", "Computer": "DESKTOP-OFJ6N53", "TimeCreated": "2022-08-12 12:52:17.858963+00:00", "RecordID": "73", "Level": "3", "UserID": "S-1-5-19", "EventData.ProcessId": "3272", "EventData.TxnTimeInMSec": "2031", "EventData.CommitTimeInMSec": "1797", "EventData.WatchdogTimeoutInMSec": "500"}
{"EventID": "1030", "Channel": "Microsoft-Windows-WFP/Operational", "Provider_Name": "Microsoft-Windows-WFP", "Computer": "DESKTOP-OFJ6N53", "TimeCreated": "2022-08-20 05:32:42.193987+00:00", "RecordID": "74", "Level": "3", "UserID": "S-1-5-19", "EventData.ProcessId": "3272", "EventData.TxnTimeInMSec": "1719", "EventData.CommitTimeInMSec": "1500", "EventData.WatchdogTimeoutInMSec": "500"}
{"EventID": "1030", "Channel": "Microsoft-Windows-WFP/Operational", "Provider_Name": "Microsoft-Windows-WFP", "Computer": "DESKTOP-OFJ6N53", "TimeCreated": "2022-08-20 17:33:42.794958+00:00", "RecordID": "75", "Level": "3", "UserID": "S-1-5-19", "EventData.ProcessId": "3272", "EventData.TxnTimeInMSec": "22360", "EventData.CommitTimeInMSec": "21328", "EventData.WatchdogTimeoutInMSec": "500"}
{"EventID": "1030", "Channel": "Microsoft-Windows-WFP/Operational", "Provider_Name": "Microsoft-Windows-WFP", "Computer": "DESKTOP-OFJ6N53", "TimeCreated": "2022-08-20 23:12:34.040501+00:00", "RecordID": "76", "Level": "3", "UserID": "S-1-5-19", "EventData.ProcessId": "3272", "EventData.TxnTimeInMSec": "3328", "EventData.CommitTimeInMSec": "3156", "EventData.WatchdogTimeoutInMSec": "500"}
{"EventID": "1030", "Channel": "Microsoft-Windows-WFP/Operational", "Provider_Name": "Microsoft-Windows-WFP", "Computer": "DESKTOP-OFJ6N53", "TimeCreated": "2022-08-20 23:12:37.299942+00:00", "RecordID": "77", "Level": "3", "UserID": "S-1-5-19", "EventData.ProcessId": "3272", "EventData.TxnTimeInMSec": "2578", "EventData.CommitTimeInMSec": "1016", "EventData.WatchdogTimeoutInMSec": "500"}
{"EventID": "1030", "Channel": "Microsoft-Windows-WFP/Operational", "Provider_Name": "Microsoft-Windows-WFP", "Computer": "DESKTOP-OFJ6N53", "TimeCreated": "2022-09-06 08:57:35.251860+00:00", "RecordID": "78", "Level": "3", "UserID": "S-1-5-19", "EventData.ProcessId": "3272", "EventData.TxnTimeInMSec": "88672", "EventData.CommitTimeInMSec": "88000", "EventData.WatchdogTimeoutInMSec": "500"}
{"EventID": "1030", "Channel": "Microsoft-Windows-WFP/Operational", "Provider_Name": "Microsoft-Windows-WFP", "Computer": "DESKTOP-OFJ6N53", "TimeCreated": "2022-09-06 08:57:53.326319+00:00", "RecordID": "79", "Level": "3", "UserID": "S-1-5-19", "EventData.ProcessId": "3272", "EventData.TxnTimeInMSec": "1422", "EventData.CommitTimeInMSec": "578", "EventData.WatchdogTimeoutInMSec": "500"}
{"EventID": "1030", "Channel": "Microsoft-Windows-WFP/Operational", "Provider_Name": "Microsoft-Windows-WFP", "Computer": "DESKTOP-OFJ6N53", "TimeCreated": "2022-09-06 08:58:16.295202+00:00", "RecordID": "80", "Level": "3", "UserID": "S-1-5-19", "EventData.ProcessId": "3272", "EventData.TxnTimeInMSec": "2062", "EventData.CommitTimeInMSec": "1484", "EventData.WatchdogTimeoutInMSec": "500"}
{"EventID": "1030", "Channel": "Microsoft-Windows-WFP/Operational", "Provider_Name": "Microsoft-Windows-WFP", "Computer": "DESKTOP-OFJ6N53", "TimeCreated": "2022-09-07 02:34:53.519413+00:00", "RecordID": "81", "Level": "3", "UserID": "S-1-5-19", "EventData.ProcessId": "2536", "EventData.TxnTimeInMSec": "5172", "EventData.CommitTimeInMSec": "4907", "EventData.WatchdogTimeoutInMSec": "500"}
{"EventID": "1030", "Channel": "Microsoft-Windows-WFP/Operational", "Provider_Name": "Microsoft-Windows-WFP", "Computer": "DESKTOP-OFJ6N53", "TimeCreated": "2022-09-11 16:46:25.654932+00:00", "RecordID": "82", "Level": "3", "UserID": "S-1-5-19", "EventData.ProcessId": "2536", "EventData.TxnTimeInMSec": "2203", "EventData.CommitTimeInMSec": "1703", "EventData.WatchdogTimeoutInMSec": "500"}
{"EventID": "1030", "Channel": "Microsoft-Windows-WFP/Operational", "Provider_Name": "Microsoft-Windows-WFP", "Computer": "DESKTOP-OFJ6N53", "TimeCreated": "2022-09-11 19:04:00.921871+00:00", "RecordID": "83", "Level": "3", "UserID": "S-1-5-19", "EventData.ProcessId": "2536", "EventData.TxnTimeInMSec": "8484", "EventData.CommitTimeInMSec": "8484", "EventData.WatchdogTimeoutInMSec": "500"}
{"EventID": "1030", "Channel": "Microsoft-Windows-WFP/Operational", "Provider_Name": "Microsoft-Windows-WFP", "Computer": "DESKTOP-OFJ6N53", "TimeCreated": "2022-09-12 13:53:39.484997+00:00", "RecordID": "84", "Level": "3", "UserID": "S-1-5-19", "EventData.ProcessId": "2536", "EventData.TxnTimeInMSec": "4468", "EventData.CommitTimeInMSec": "203", "EventData.WatchdogTimeoutInMSec": "500"}
{"EventID": "1030", "Channel": "Microsoft-Windows-WFP/Operational", "Provider_Name": "Microsoft-Windows-WFP", "Computer": "DESKTOP-OFJ6N53", "TimeCreated": "2022-09-12 23:57:25.735374+00:00", "RecordID": "85", "Level": "3", "UserID": "S-1-5-19", "EventData.ProcessId": "2536", "EventData.TxnTimeInMSec": "3875", "EventData.CommitTimeInMSec": "3860", "EventData.WatchdogTimeoutInMSec": "500"}
{"EventID": "1030", "Channel": "Microsoft-Windows-WFP/Operational", "Provider_Name": "Microsoft-Windows-WFP", "Computer": "DESKTOP-OFJ6N53", "TimeCreated": "2022-09-14 15:27:04.261597+00:00", "RecordID": "86", "Level": "3", "UserID": "S-1-5-19", "EventData.ProcessId": "2324", "EventData.TxnTimeInMSec": "3844", "EventData.CommitTimeInMSec": "3797", "EventData.WatchdogTimeoutInMSec": "500"}
{"EventID": "1030", "Channel": "Microsoft-Windows-WFP/Operational", "Provider_Name": "Microsoft-Windows-WFP", "Computer": "DESKTOP-OFJ6N53", "TimeCreated": "2022-09-18 21:35:02.456751+00:00", "RecordID": "87", "Level": "3", "UserID": "S-1-5-19", "EventData.ProcessId": "3332", "EventData.TxnTimeInMSec": "1437", "EventData.CommitTimeInMSec": "1437", "EventData.WatchdogTimeoutInMSec": "500"}
{"EventID": "1030", "Channel": "Microsoft-Windows-WFP/Operational", "Provider_Name": "Microsoft-Windows-WFP", "Computer": "DESKTOP-OFJ6N53", "TimeCreated": "2022-09-21 22:40:36.590776+00:00", "RecordID": "88", "Level": "3", "UserID": "S-1-5-19", "EventData.ProcessId": "3332", "EventData.TxnTimeInMSec": "906", "EventData.CommitTimeInMSec": "16", "EventData.WatchdogTimeoutInMSec": "500"}
{"EventID": "1030", "Channel": "Microsoft-Windows-WFP/Operational", "Provider_Name": "Microsoft-Windows-WFP", "Computer": "DESKTOP-OFJ6N53", "TimeCreated": "2022-09-27 12:19:14.584501+00:00", "RecordID": "89", "Level": "3", "UserID": "S-1-5-19", "EventData.ProcessId": "2400", "EventData.TxnTimeInMSec": "625", "EventData.CommitTimeInMSec": "375", "EventData.WatchdogTimeoutInMSec": "500"}
{"EventID": "1030", "Channel": "Microsoft-Windows-WFP/Operational", "Provider_Name": "Microsoft-Windows-WFP", "Computer": "DESKTOP-OFJ6N53", "TimeCreated": "2022-09-27 12:19:29.195314+00:00", "RecordID": "90", "Level": "3", "UserID": "S-1-5-19", "EventData.ProcessId": "2400", "EventData.TxnTimeInMSec": "14281", "EventData.CommitTimeInMSec": "14219", "EventData.WatchdogTimeoutInMSec": "500"}
{"EventID": "1030", "Channel": "Microsoft-Windows-WFP/Operational", "Provider_Name": "Microsoft-Windows-WFP", "Computer": "DESKTOP-OFJ6N53", "TimeCreated": "2022-09-27 20:17:33.393650+00:00", "RecordID": "91", "Level": "3", "UserID": "S-1-5-19", "EventData.ProcessId": "3212", "EventData.TxnTimeInMSec": "1953", "EventData.CommitTimeInMSec": "0", "EventData.WatchdogTimeoutInMSec": "500"}
{"EventID": "1030", "Channel": "Microsoft-Windows-WFP/Operational", "Provider_Name": "Microsoft-Windows-WFP", "Computer": "DESKTOP-OFJ6N53", "TimeCreated": "2022-10-05 09:22:58.094172+00:00", "RecordID": "92", "Level": "3", "UserID": "S-1-5-19", "EventData.ProcessId": "2472", "EventData.TxnTimeInMSec": "1109", "EventData.CommitTimeInMSec": "1031", "EventData.WatchdogTimeoutInMSec": "500"}
{"EventID": "1030", "Channel": "Microsoft-Windows-WFP/Operational", "Provider_Name": "Microsoft-Windows-WFP", "Computer": "DESKTOP-OFJ6N53", "TimeCreated": "2022-10-06 08:18:41.059616+00:00", "RecordID": "93", "Level": "3", "UserID": "S-1-5-19", "EventData.ProcessId": "2356", "EventData.TxnTimeInMSec": "4562", "EventData.CommitTimeInMSec": "4328", "EventData.WatchdogTimeoutInMSec": "500"}
{"EventID": "1030", "Channel": "Microsoft-Windows-WFP/Operational", "Provider_Name": "Microsoft-Windows-WFP", "Computer": "DESKTOP-OFJ6N53", "TimeCreated": "2022-10-08 11:52:15.305998+00:00", "RecordID": "94", "Level": "3", "UserID": "S-1-5-19", "EventData.ProcessId": "2412", "EventData.TxnTimeInMSec": "2125", "EventData.CommitTimeInMSec": "1953", "EventData.WatchdogTimeoutInMSec": "500"}
{"EventID": "1030", "Channel": "Microsoft-Windows-WFP/Operational", "Provider_Name": "Microsoft-Windows-WFP", "Computer": "DESKTOP-OFJ6N53", "TimeCreated": "2022-10-10 10:16:18.152096+00:00", "RecordID": "95", "Level": "3", "UserID": "S-1-5-19", "EventData.ProcessId": "2412", "EventData.TxnTimeInMSec": "1093", "EventData.CommitTimeInMSec": "1078", "EventData.WatchdogTimeoutInMSec": "500"}
{"EventID": "1030", "Channel": "Microsoft-Windows-WFP/Operational", "Provider_Name": "Microsoft-Windows-WFP", "Computer": "DESKTOP-OFJ6N53", "TimeCreated": "2022-10-17 11:48:23.435274+00:00", "RecordID": "96", "Level": "3", "UserID": "S-1-5-19", "EventData.ProcessId": "3496", "EventData.TxnTimeInMSec": "25688", "EventData.CommitTimeInMSec": "391", "EventData.WatchdogTimeoutInMSec": "500"}
{"EventID": "1030", "Channel": "Microsoft-Windows-WFP/Operational", "Provider_Name": "Microsoft-Windows-WFP", "Computer": "DESKTOP-OFJ6N53", "TimeCreated": "2022-10-18 13:06:02.754723+00:00", "RecordID": "97", "Level": "3", "UserID": "S-1-5-19", "EventData.ProcessId": "2476", "EventData.TxnTimeInMSec": "1281", "EventData.CommitTimeInMSec": "1203", "EventData.WatchdogTimeoutInMSec": "500"}
{"EventID": "1030", "Channel": "Microsoft-Windows-WFP/Operational", "Provider_Name": "Microsoft-Windows-WFP", "Computer": "DESKTOP-OFJ6N53", "TimeCreated": "2022-10-19 09:17:24.226507+00:00", "RecordID": "98", "Level": "3", "UserID": "S-1-5-19", "EventData.ProcessId": "2476", "EventData.TxnTimeInMSec": "2547", "EventData.CommitTimeInMSec": "2532", "EventData.WatchdogTimeoutInMSec": "500"}
{"EventID": "1030", "Channel": "Microsoft-Windows-WFP/Operational", "Provider_Name": "Microsoft-Windows-WFP", "Computer": "DESKTOP-OFJ6N53", "TimeCreated": "2022-10-21 14:04:16.952030+00:00", "RecordID": "99", "Level": "3", "UserID": "S-1-5-19", "EventData.ProcessId": "2420", "EventData.TxnTimeInMSec": "5125", "EventData.CommitTimeInMSec": "5047", "EventData.WatchdogTimeoutInMSec": "500"}
{"EventID": "1030", "Channel": "Microsoft-Windows-WFP/Operational", "Provider_Name": "Microsoft-Windows-WFP", "Computer": "DESKTOP-OFJ6N53", "TimeCreated": "2022-10-22 16:29:57.285410+00:00", "RecordID": "100", "Level": "3", "UserID": "S-1-5-19", "EventData.ProcessId": "2420", "EventData.TxnTimeInMSec": "859", "EventData.CommitTimeInMSec": "828", "EventData.WatchdogTimeoutInMSec": "500"}
{"EventID": "1030", "Channel": "Microsoft-Windows-WFP/Operational", "Provider_Name": "Microsoft-Windows-WFP", "Computer": "DESKTOP-OFJ6N53", "TimeCreated": "2022-10-26 09:48:11.000126+00:00", "RecordID": "101", "Level": "3", "UserID": "S-1-5-19", "EventData.ProcessId": "2420", "EventData.TxnTimeInMSec": "9843", "EventData.CommitTimeInMSec": "9828", "EventData.WatchdogTimeoutInMSec": "500"}
{"EventID": "1030", "Channel": "Microsoft-Windows-WFP/Operational", "Provider_Name": "Microsoft-Windows-WFP", "Computer": "DESKTOP-OFJ6N53", "TimeCreated": "2022-10-27 11:46:12.285824+00:00", "RecordID": "102", "Level": "3", "UserID": "S-1-5-19", "EventData.ProcessId": "2420", "EventData.TxnTimeInMSec": "844", "EventData.CommitTimeInMSec": "781", "EventData.WatchdogTimeoutInMSec": "500"}
{"EventID": "1030", "Channel": "Microsoft-Windows-WFP/Operational", "Provider_Name": "Microsoft-Windows-WFP", "Computer": "DESKTOP-OFJ6N53", "TimeCreated": "2022-10-29 12:55:45.994738+00:00", "RecordID": "103", "Level": "3", "UserID": "S-1-5-19", "EventData.ProcessId": "2404", "EventData.TxnTimeInMSec": "8438", "EventData.CommitTimeInMSec": "7828", "EventData.WatchdogTimeoutInMSec": "500"}
{"EventID": "1030", "Channel": "Microsoft-Windows-WFP/Operational", "Provider_Name": "Microsoft-Windows-WFP", "Computer": "DESKTOP-OFJ6N53", "TimeCreated": "2022-10-31 09:04:28.174799+00:00", "RecordID": "104", "Level": "3", "UserID": "S-1-5-19", "EventData.ProcessId": "2404", "EventData.TxnTimeInMSec": "7797", "EventData.CommitTimeInMSec": "7750", "EventData.WatchdogTimeoutInMSec": "500"}
{"EventID": "1030", "Channel": "Microsoft-Windows-WFP/Operational", "Provider_Name": "Microsoft-Windows-WFP", "Computer": "DESKTOP-OFJ6N53", "TimeCreated": "2022-10-31 09:24:13.402817+00:00", "RecordID": "105", "Level": "3", "UserID": "S-1-5-19", "EventData.ProcessId": "2404", "EventData.TxnTimeInMSec": "2703", "EventData.CommitTimeInMSec": "1625", "EventData.WatchdogTimeoutInMSec": "500"}
{"EventID": "1030", "Channel": "Microsoft-Windows-WFP/Operational", "Provider_Name": "Microsoft-Windows-WFP", "Computer": "DESKTOP-OFJ6N53", "TimeCreated": "2022-11-01 11:51:08.983267+00:00", "RecordID": "106", "Level": "3", "UserID": "S-1-5-19", "EventData.ProcessId": "2404", "EventData.TxnTimeInMSec": "1172", "EventData.CommitTimeInMSec": "1063", "EventData.WatchdogTimeoutInMSec": "500"}
{"EventID": "1030", "Channel": "Microsoft-Windows-WFP/Operational", "Provider_Name": "Microsoft-Windows-WFP", "Computer": "DESKTOP-OFJ6N53", "TimeCreated": "2022-11-07 13:57:03.772373+00:00", "RecordID": "107", "Level": "3", "UserID": "S-1-5-19", "EventData.ProcessId": "2404", "EventData.TxnTimeInMSec": "21344", "EventData.CommitTimeInMSec": "21297", "EventData.WatchdogTimeoutInMSec": "500"}
{"EventID": "1030", "Channel": "Microsoft-Windows-WFP/Operational", "Provider_Name": "Microsoft-Windows-WFP", "Computer": "DESKTOP-OFJ6N53", "TimeCreated": "2022-11-09 09:26:29.115921+00:00", "RecordID": "108", "Level": "3", "UserID": "S-1-5-19", "EventData.ProcessId": "2404", "EventData.TxnTimeInMSec": "4172", "EventData.CommitTimeInMSec": "3907", "EventData.WatchdogTimeoutInMSec": "500"}
{"EventID": "1030", "Channel": "Microsoft-Windows-WFP/Operational", "Provider_Name": "Microsoft-Windows-WFP", "Computer": "DESKTOP-OFJ6N53", "TimeCreated": "2022-11-10 09:25:54.522467+00:00", "RecordID": "109", "Level": "3", "UserID": "S-1-5-19", "EventData.ProcessId": "3492", "EventData.TxnTimeInMSec": "2125", "EventData.CommitTimeInMSec": "2078", "EventData.WatchdogTimeoutInMSec": "500"}
{"EventID": "1030", "Channel": "Microsoft-Windows-WFP/Operational", "Provider_Name": "Microsoft-Windows-WFP", "Computer": "DESKTOP-OFJ6N53", "TimeCreated": "2022-11-12 00:44:43.676218+00:00", "RecordID": "110", "Level": "3", "UserID": "S-1-5-19", "EventData.ProcessId": "2452", "EventData.TxnTimeInMSec": "15625", "EventData.CommitTimeInMSec": "15563", "EventData.WatchdogTimeoutInMSec": "500"}
{"EventID": "1030", "Channel": "Microsoft-Windows-WFP/Operational", "Provider_Name": "Microsoft-Windows-WFP", "Computer": "DESKTOP-OFJ6N53", "TimeCreated": "2022-11-17 12:06:20.973709+00:00", "RecordID": "111", "Level": "3", "UserID": "S-1-5-19", "EventData.ProcessId": "2452", "EventData.TxnTimeInMSec": "47734", "EventData.CommitTimeInMSec": "171", "EventData.WatchdogTimeoutInMSec": "500"}
{"EventID": "1030", "Channel": "Microsoft-Windows-WFP/Operational", "Provider_Name": "Microsoft-Windows-WFP", "Computer": "DESKTOP-OFJ6N53", "TimeCreated": "2022-11-17 13:17:09.329407+00:00", "RecordID": "112", "Level": "3", "UserID": "S-1-5-19", "EventData.ProcessId": "2452", "EventData.TxnTimeInMSec": "3469", "EventData.CommitTimeInMSec": "2328", "EventData.WatchdogTimeoutInMSec": "500"}
{"EventID": "1030", "Channel": "Microsoft-Windows-WFP/Operational", "Provider_Name": "Microsoft-Windows-WFP", "Computer": "DESKTOP-OFJ6N53", "TimeCreated": "2022-11-17 13:17:27.301004+00:00", "RecordID": "113", "Level": "3", "UserID": "S-1-5-19", "EventData.ProcessId": "2452", "EventData.TxnTimeInMSec": "2000", "EventData.CommitTimeInMSec": "1547", "EventData.WatchdogTimeoutInMSec": "500"}
{"EventID": "1030", "Channel": "Microsoft-Windows-WFP/Operational", "Provider_Name": "Microsoft-Windows-WFP", "Computer": "DESKTOP-OFJ6N53", "TimeCreated": "2022-11-18 00:57:25.790741+00:00", "RecordID": "114", "Level": "3", "UserID": "S-1-5-19", "EventData.ProcessId": "3680", "EventData.TxnTimeInMSec": "594", "EventData.CommitTimeInMSec": "250", "EventData.WatchdogTimeoutInMSec": "500"}
{"EventID": "1030", "Channel": "Microsoft-Windows-WFP/Operational", "Provider_Name": "Microsoft-Windows-WFP", "Computer": "DESKTOP-OFJ6N53", "TimeCreated": "2022-11-19 20:54:06.129004+00:00", "RecordID": "115", "Level": "3", "UserID": "S-1-5-19", "EventData.ProcessId": "3680", "EventData.TxnTimeInMSec": "6141", "EventData.CommitTimeInMSec": "6109", "EventData.WatchdogTimeoutInMSec": "500"}
{"EventID": "1030", "Channel": "Microsoft-Windows-WFP/Operational", "Provider_Name": "Microsoft-Windows-WFP", "Computer": "DESKTOP-OFJ6N53", "TimeCreated": "2022-11-19 20:56:44.790257+00:00", "RecordID": "116", "Level": "3", "UserID": "S-1-5-19", "EventData.ProcessId": "2292", "EventData.TxnTimeInMSec": "1016", "EventData.CommitTimeInMSec": "1016", "EventData.WatchdogTimeoutInMSec": "500"}
{"EventID": "1030", "Channel": "Microsoft-Windows-WFP/Operational", "Provider_Name": "Microsoft-Windows-WFP", "Computer": "DESKTOP-OFJ6N53", "TimeCreated": "2022-11-19 20:56:46.479717+00:00", "RecordID": "117", "Level": "3", "UserID": "S-1-5-19", "EventData.ProcessId": "2292", "EventData.TxnTimeInMSec": "1172", "EventData.CommitTimeInMSec": "281", "EventData.WatchdogTimeoutInMSec": "500"}
{"EventID": "1030", "Channel": "Microsoft-Windows-WFP/Operational", "Provider_Name": "Microsoft-Windows-WFP", "Computer": "DESKTOP-OFJ6N53", "TimeCreated": "2022-11-21 19:23:44.363773+00:00", "RecordID": "118", "Level": "3", "UserID": "S-1-5-19", "EventData.ProcessId": "2376", "EventData.TxnTimeInMSec": "1657", "EventData.CommitTimeInMSec": "1016", "EventData.WatchdogTimeoutInMSec": "500"}
{"EventID": "1030", "Channel": "Microsoft-Windows-WFP/Operational", "Provider_Name": "Microsoft-Windows-WFP", "Computer": "DESKTOP-OFJ6N53", "TimeCreated": "2022-11-23 10:14:35.882170+00:00", "RecordID": "119", "Level": "3", "UserID": "S-1-5-19", "EventData.ProcessId": "2320", "EventData.TxnTimeInMSec": "2859", "EventData.CommitTimeInMSec": "2734", "EventData.WatchdogTimeoutInMSec": "500"}
{"EventID": "1030", "Channel": "Microsoft-Windows-WFP/Operational", "Provider_Name": "Microsoft-Windows-WFP", "Computer": "DESKTOP-OFJ6N53", "TimeCreated": "2022-11-28 11:36:29.193995+00:00", "RecordID": "120", "Level": "3", "UserID": "S-1-5-19", "EventData.ProcessId": "2444", "EventData.TxnTimeInMSec": "609", "EventData.CommitTimeInMSec": "62", "EventData.WatchdogTimeoutInMSec": "500"}
{"EventID": "1030", "Channel": "Microsoft-Windows-WFP/Operational", "Provider_Name": "Microsoft-Windows-WFP", "Computer": "DESKTOP-OFJ6N53", "TimeCreated": "2022-11-29 09:41:33.062151+00:00", "RecordID": "121", "Level": "3", "UserID": "S-1-5-19", "EventData.ProcessId": "2444", "EventData.TxnTimeInMSec": "2313", "EventData.CommitTimeInMSec": "266", "EventData.WatchdogTimeoutInMSec": "500"}
{"EventID": "1030", "Channel": "Microsoft-Windows-WFP/Operational", "Provider_Name": "Microsoft-Windows-WFP", "Computer": "DESKTOP-OFJ6N53", "TimeCreated": "2022-11-30 09:40:32.292776+00:00", "RecordID": "122", "Level": "3", "UserID": "S-1-5-19", "EventData.ProcessId": "2444", "EventData.TxnTimeInMSec": "1297", "EventData.CommitTimeInMSec": "1250", "EventData.WatchdogTimeoutInMSec": "500"}
{"EventID": "1030", "Channel": "Microsoft-Windows-WFP/Operational", "Provider_Name": "Microsoft-Windows-WFP", "Computer": "DESKTOP-OFJ6N53", "TimeCreated": "2022-12-01 09:15:11.378105+00:00", "RecordID": "123", "Level": "3", "UserID": "S-1-5-19", "EventData.ProcessId": "2372", "EventData.TxnTimeInMSec": "1593", "EventData.CommitTimeInMSec": "1265", "EventData.WatchdogTimeoutInMSec": "500"}
{"EventID": "1030", "Channel": "Microsoft-Windows-WFP/Operational", "Provider_Name": "Microsoft-Windows-WFP", "Computer": "DESKTOP-OFJ6N53", "TimeCreated": "2022-12-02 07:45:33.972374+00:00", "RecordID": "124", "Level": "3", "UserID": "S-1-5-19", "EventData.ProcessId": "2372", "EventData.TxnTimeInMSec": "4032", "EventData.CommitTimeInMSec": "3953", "EventData.WatchdogTimeoutInMSec": "500"}
{"EventID": "1030", "Channel": "Microsoft-Windows-WFP/Operational", "Provider_Name": "Microsoft-Windows-WFP", "Computer": "DESKTOP-OFJ6N53", "TimeCreated": "2022-12-03 10:31:02.743698+00:00", "RecordID": "125", "Level": "3", "UserID": "S-1-5-19", "EventData.ProcessId": "2372", "EventData.TxnTimeInMSec": "719", "EventData.CommitTimeInMSec": "219", "EventData.WatchdogTimeoutInMSec": "500"}
{"EventID": "1030", "Channel": "Microsoft-Windows-WFP/Operational", "Provider_Name": "Microsoft-Windows-WFP", "Computer": "DESKTOP-OFJ6N53", "TimeCreated": "2022-12-05 14:44:13.463234+00:00", "RecordID": "126", "Level": "3", "UserID": "S-1-5-19", "EventData.ProcessId": "2372", "EventData.TxnTimeInMSec": "5672", "EventData.CommitTimeInMSec": "172", "EventData.WatchdogTimeoutInMSec": "500"}
{"EventID": "1030", "Channel": "Microsoft-Windows-WFP/Operational", "Provider_Name": "Microsoft-Windows-WFP", "Computer": "DESKTOP-OFJ6N53", "TimeCreated": "2022-12-06 11:52:06.385687+00:00", "RecordID": "127", "Level": "3", "UserID": "S-1-5-19", "EventData.ProcessId": "2372", "EventData.TxnTimeInMSec": "1157", "EventData.CommitTimeInMSec": "532", "EventData.WatchdogTimeoutInMSec": "500"}
