{"EventID": "142", "Channel": "Microsoft-Windows-WinRM/Operational", "Provider_Name": "Microsoft-Windows-WinRM", "Computer": "DESKTOP-OFJ6N53", "TimeCreated": "2025-08-23 20:41:45.984999+00:00", "RecordID": "50302", "Level": "2", "UserID": "S-1-5-18", "EventData.operationName": "Enumeration", "EventData.errorCode": "2150858770"}
{"EventID": "145", "Channel": "Microsoft-Windows-WinRM/Operational", "Provider_Name": "Microsoft-Windows-WinRM", "Computer": "DESKTOP-OFJ6N53", "TimeCreated": "2025-08-24 08:38:18.746490+00:00", "RecordID": "50303", "Level": "4", "UserID": "S-1-5-18", "EventData.operationName": "Enumeration", "EventData.resourceUri": "http://schemas.microsoft.com/wbem/wsman/1/config/listener"}
{"EventID": "254", "Channel": "Microsoft-Windows-WinRM/Operational", "Provider_Name": "Microsoft-Windows-WinRM", "Computer": "DESKTOP-OFJ6N53", "TimeCreated": "2025-08-24 08:38:22.821583+00:00", "RecordID": "50304", "Level": "4", "UserID": "S-1-5-18"}
{"EventID": "161", "Channel": "Microsoft-Windows-WinRM/Operational", "Provider_Name": "Microsoft-Windows-WinRM", "Computer": "DESKTOP-OFJ6N53", "TimeCreated": "2025-08-24 08:38:22.821585+00:00", "RecordID": "50305", "Level": "2", "UserID": "S-1-5-18", "EventData.authFailureMessage": "Клиенту не удается подключиться к узлу назначения, указанному в запросе. Убедитесь, что служба на узле назначения работает и принимает запросы. Ознакомьтесь с журналами и документацией для определения запущенной на узле назначения службы WS-Management (чаще всего это IIS или WinRM). Если это служба WinRM, то для анализа состояния и настройки этой службы используйте на удаленном узле команду \"winrm quickconfig\"."}
{"EventID": "142", "Channel": "Microsoft-Windows-WinRM/Operational", "Provider_Name": "Microsoft-Windows-WinRM", "Computer": "DESKTOP-OFJ6N53", "TimeCreated": "2025-08-24 08:38:22.821728+00:00", "RecordID": "50306", "Level": "2", "UserID": "S-1-5-18", "EventData.operationName": "Enumeration", "EventData.errorCode": "2150858770"}
{"EventID": "145", "Channel": "Microsoft-Windows-WinRM/Operational", "Provider_Name": "Microsoft-Windows-WinRM", "Computer": "DESKTOP-OFJ6N53", "TimeCreated": "2025-08-24 10:11:24.469587+00:00", "RecordID": "50307", "Level": "4", "UserID": "S-1-5-18", "EventData.operationName": "Enumeration", "EventData.resourceUri": "http://schemas.microsoft.com/wbem/wsman/1/config/listener"}
{"EventID": "254", "Channel": "Microsoft-Windows-WinRM/Operational", "Provider_Name": "Microsoft-Windows-WinRM", "Computer": "DESKTOP-OFJ6N53", "TimeCreated": "2025-08-24 10:11:28.665876+00:00", "RecordID": "50308", "Level": "4", "UserID": "S-1-5-18"}
{"EventID": "161", "Channel": "Microsoft-Windows-WinRM/Operational", "Provider_Name": "Microsoft-Windows-WinRM", "Computer": "DESKTOP-OFJ6N53", "TimeCreated": "2025-08-24 10:11:28.665878+00:00", "RecordID": "50309", "Level": "2", "UserID": "S-1-5-18", "EventData.authFailureMessage": "Клиенту не удается подключиться к узлу назначения, указанному в запросе. Убедитесь, что служба на узле назначения работает и принимает запросы. Ознакомьтесь с журналами и документацией для определения запущенной на узле назначения службы WS-Management (чаще всего это IIS или WinRM). Если это служба WinRM, то для анализа состояния и настройки этой службы используйте на удаленном узле команду \"winrm quickconfig\"."}
{"EventID": "142", "Channel": "Microsoft-Windows-WinRM/Operational", "Provider_Name": "Microsoft-Windows-WinRM", "Computer": "DESKTOP-OFJ6N53", "TimeCreated": "2025-08-24 10:11:28.665951+00:00", "RecordID": "50310", "Level": "2", "UserID": "S-1-5-18", "EventData.operationName": "Enumeration", "EventData.errorCode": "2150858770"}
{"EventID": "145", "Channel": "Microsoft-Windows-WinRM/Operational", "Provider_Name": "Microsoft-Windows-WinRM", "Computer": "DESKTOP-OFJ6N53", "TimeCreated": "2025-08-24 16:09:29.707850+00:00", "RecordID": "50311", "Level": "4", "UserID": "S-1-5-18", "EventData.operationName": "Enumeration", "EventData.resourceUri": "http://schemas.microsoft.com/wbem/wsman/1/config/listener"}
{"EventID": "254", "Channel": "Microsoft-Windows-WinRM/Operational", "Provider_Name": "Microsoft-Windows-WinRM", "Computer": "DESKTOP-OFJ6N53", "TimeCreated": "2025-08-24 16:09:33.798538+00:00", "RecordID": "50312", "Level": "4", "UserID": "S-1-5-18"}
{"EventID": "161", "Channel": "Microsoft-Windows-WinRM/Operational", "Provider_Name": "Microsoft-Windows-WinRM", "Computer": "DESKTOP-OFJ6N53", "TimeCreated": "2025-08-24 16:09:33.798544+00:00", "RecordID": "50313", "Level": "2", "UserID": "S-1-5-18", "EventData.authFailureMessage": "Клиенту не удается подключиться к узлу назначения, указанному в запросе. Убедитесь, что служба на узле назначения работает и принимает запросы. Ознакомьтесь с журналами и документацией для определения запущенной на узле назначения службы WS-Management (чаще всего это IIS или WinRM). Если это служба WinRM, то для анализа состояния и настройки этой службы используйте на удаленном узле команду \"winrm quickconfig\"."}
{"EventID": "142", "Channel": "Microsoft-Windows-WinRM/Operational", "Provider_Name": "Microsoft-Windows-WinRM", "Computer": "DESKTOP-OFJ6N53", "TimeCreated": "2025-08-24 16:09:33.798639+00:00", "RecordID": "50314", "Level": "2", "UserID": "S-1-5-18", "EventData.operationName": "Enumeration", "EventData.errorCode": "2150858770"}
{"EventID": "145", "Channel": "Microsoft-Windows-WinRM/Operational", "Provider_Name": "Microsoft-Windows-WinRM", "Computer": "DESKTOP-OFJ6N53", "TimeCreated": "2025-08-24 16:36:17.532921+00:00", "RecordID": "50315", "Level": "4", "UserID": "S-1-5-18", "EventData.operationName": "Enumeration", "EventData.resourceUri": "http://schemas.microsoft.com/wbem/wsman/1/config/listener"}
{"EventID": "254", "Channel": "Microsoft-Windows-WinRM/Operational", "Provider_Name": "Microsoft-Windows-WinRM", "Computer": "DESKTOP-OFJ6N53", "TimeCreated": "2025-08-24 16:36:22.126791+00:00", "RecordID": "50316", "Level": "4", "UserID": "S-1-5-18"}
{"EventID": "161", "Channel": "Microsoft-Windows-WinRM/Operational", "Provider_Name": "Microsoft-Windows-WinRM", "Computer": "DESKTOP-OFJ6N53", "TimeCreated": "2025-08-24 16:36:22.126793+00:00", "RecordID": "50317", "Level": "2", "UserID": "S-1-5-18", "EventData.authFailureMessage": "Клиенту не удается подключиться к узлу назначения, указанному в запросе. Убедитесь, что служба на узле назначения работает и принимает запросы. Ознакомьтесь с журналами и документацией для определения запущенной на узле назначения службы WS-Management (чаще всего это IIS или WinRM). Если это служба WinRM, то для анализа состояния и настройки этой службы используйте на удаленном узле команду \"winrm quickconfig\"."}
{"EventID": "142", "Channel": "Microsoft-Windows-WinRM/Operational", "Provider_Name": "Microsoft-Windows-WinRM", "Computer": "DESKTOP-OFJ6N53", "TimeCreated": "2025-08-24 16:36:22.126854+00:00", "RecordID": "50318", "Level": "2", "UserID": "S-1-5-18", "EventData.operationName": "Enumeration", "EventData.errorCode": "2150858770"}
{"EventID": "145", "Channel": "Microsoft-Windows-WinRM/Operational", "Provider_Name": "Microsoft-Windows-WinRM", "Computer": "DESKTOP-OFJ6N53", "TimeCreated": "2025-08-24 16:55:12.213888+00:00", "RecordID": "50319", "Level": "4", "UserID": "S-1-5-18", "EventData.operationName": "Enumeration", "EventData.resourceUri": "http://schemas.microsoft.com/wbem/wsman/1/config/listener"}
{"EventID": "254", "Channel": "Microsoft-Windows-WinRM/Operational", "Provider_Name": "Microsoft-Windows-WinRM", "Computer": "DESKTOP-OFJ6N53", "TimeCreated": "2025-08-24 16:55:16.403179+00:00", "RecordID": "50320", "Level": "4", "UserID": "S-1-5-18"}
{"EventID": "161", "Channel": "Microsoft-Windows-WinRM/Operational", "Provider_Name": "Microsoft-Windows-WinRM", "Computer": "DESKTOP-OFJ6N53", "TimeCreated": "2025-08-24 16:55:16.403181+00:00", "RecordID": "50321", "Level": "2", "UserID": "S-1-5-18", "EventData.authFailureMessage": "Клиенту не удается подключиться к узлу назначения, указанному в запросе. Убедитесь, что служба на узле назначения работает и принимает запросы. Ознакомьтесь с журналами и документацией для определения запущенной на узле назначения службы WS-Management (чаще всего это IIS или WinRM). Если это служба WinRM, то для анализа состояния и настройки этой службы используйте на удаленном узле команду \"winrm quickconfig\"."}
{"EventID": "142", "Channel": "Microsoft-Windows-WinRM/Operational", "Provider_Name": "Microsoft-Windows-WinRM", "Computer": "DESKTOP-OFJ6N53", "TimeCreated": "2025-08-24 16:55:16.403250+00:00", "RecordID": "50322", "Level": "2", "UserID": "S-1-5-18", "EventData.operationName": "Enumeration", "EventData.errorCode": "2150858770"}
{"EventID": "145", "Channel": "Microsoft-Windows-WinRM/Operational", "Provider_Name": "Microsoft-Windows-WinRM", "Computer": "DESKTOP-OFJ6N53", "TimeCreated": "2025-08-25 10:11:31.195375+00:00", "RecordID": "50323", "Level": "4", "UserID": "S-1-5-18", "EventData.operationName": "Enumeration", "EventData.resourceUri": "http://schemas.microsoft.com/wbem/wsman/1/config/listener"}
{"EventID": "254", "Channel": "Microsoft-Windows-WinRM/Operational", "Provider_Name": "Microsoft-Windows-WinRM", "Computer": "DESKTOP-OFJ6N53", "TimeCreated": "2025-08-25 10:11:35.416443+00:00", "RecordID": "50324", "Level": "4", "UserID": "S-1-5-18"}
{"EventID": "161", "Channel": "Microsoft-Windows-WinRM/Operational", "Provider_Name": "Microsoft-Windows-WinRM", "Computer": "DESKTOP-OFJ6N53", "TimeCreated": "2025-08-25 10:11:35.416447+00:00", "RecordID": "50325", "Level": "2", "UserID": "S-1-5-18", "EventData.authFailureMessage": "Клиенту не удается подключиться к узлу назначения, указанному в запросе. Убедитесь, что служба на узле назначения работает и принимает запросы. Ознакомьтесь с журналами и документацией для определения запущенной на узле назначения службы WS-Management (чаще всего это IIS или WinRM). Если это служба WinRM, то для анализа состояния и настройки этой службы используйте на удаленном узле команду \"winrm quickconfig\"."}
{"EventID": "142", "Channel": "Microsoft-Windows-WinRM/Operational", "Provider_Name": "Microsoft-Windows-WinRM", "Computer": "DESKTOP-OFJ6N53", "TimeCreated": "2025-08-25 10:11:35.416521+00:00", "RecordID": "50326", "Level": "2", "UserID": "S-1-5-18", "EventData.operationName": "Enumeration", "EventData.errorCode": "2150858770"}
{"EventID": "145", "Channel": "Microsoft-Windows-WinRM/Operational", "Provider_Name": "Microsoft-Windows-WinRM", "Computer": "DESKTOP-OFJ6N53", "TimeCreated": "2025-08-25 12:36:18.614874+00:00", "RecordID": "50327", "Level": "4", "UserID": "S-1-5-18", "EventData.operationName": "Enumeration", "EventData.resourceUri": "http://schemas.microsoft.com/wbem/wsman/1/config/listener"}
{"EventID": "254", "Channel": "Microsoft-Windows-WinRM/Operational", "Provider_Name": "Microsoft-Windows-WinRM", "Computer": "DESKTOP-OFJ6N53", "TimeCreated": "2025-08-25 12:36:23.126678+00:00", "RecordID": "50328", "Level": "4", "UserID": "S-1-5-18"}
{"EventID": "161", "Channel": "Microsoft-Windows-WinRM/Operational", "Provider_Name": "Microsoft-Windows-WinRM", "Computer": "DESKTOP-OFJ6N53", "TimeCreated": "2025-08-25 12:36:23.126682+00:00", "RecordID": "50329", "Level": "2", "UserID": "S-1-5-18", "EventData.authFailureMessage": "Клиенту не удается подключиться к узлу назначения, указанному в запросе. Убедитесь, что служба на узле назначения работает и принимает запросы. Ознакомьтесь с журналами и документацией для определения запущенной на узле назначения службы WS-Management (чаще всего это IIS или WinRM). Если это служба WinRM, то для анализа состояния и настройки этой службы используйте на удаленном узле команду \"winrm quickconfig\"."}
{"EventID": "142", "Channel": "Microsoft-Windows-WinRM/Operational", "Provider_Name": "Microsoft-Windows-WinRM", "Computer": "DESKTOP-OFJ6N53", "TimeCreated": "2025-08-25 12:36:23.126749+00:00", "RecordID": "50330", "Level": "2", "UserID": "S-1-5-18", "EventData.operationName": "Enumeration", "EventData.errorCode": "2150858770"}
{"EventID": "145", "Channel": "Microsoft-Windows-WinRM/Operational", "Provider_Name": "Microsoft-Windows-WinRM", "Computer": "DESKTOP-OFJ6N53", "TimeCreated": "2025-08-25 15:41:14.943575+00:00", "RecordID": "50331", "Level": "4", "UserID": "S-1-5-18", "EventData.operationName": "Enumeration", "EventData.resourceUri": "http://schemas.microsoft.com/wbem/wsman/1/config/listener"}
{"EventID": "254", "Channel": "Microsoft-Windows-WinRM/Operational", "Provider_Name": "Microsoft-Windows-WinRM", "Computer": "DESKTOP-OFJ6N53", "TimeCreated": "2025-08-25 15:41:19.127827+00:00", "RecordID": "50332", "Level": "4", "UserID": "S-1-5-18"}
{"EventID": "161", "Channel": "Microsoft-Windows-WinRM/Operational", "Provider_Name": "Microsoft-Windows-WinRM", "Computer": "DESKTOP-OFJ6N53", "TimeCreated": "2025-08-25 15:41:19.127831+00:00", "RecordID": "50333", "Level": "2", "UserID": "S-1-5-18", "EventData.authFailureMessage": "Клиенту не удается подключиться к узлу назначения, указанному в запросе. Убедитесь, что служба на узле назначения работает и принимает запросы. Ознакомьтесь с журналами и документацией для определения запущенной на узле назначения службы WS-Management (чаще всего это IIS или WinRM). Если это служба WinRM, то для анализа состояния и настройки этой службы используйте на удаленном узле команду \"winrm quickconfig\"."}
{"EventID": "142", "Channel": "Microsoft-Windows-WinRM/Operational", "Provider_Name": "Microsoft-Windows-WinRM", "Computer": "DESKTOP-OFJ6N53", "TimeCreated": "2025-08-25 15:41:19.127920+00:00", "RecordID": "50334", "Level": "2", "UserID": "S-1-5-18", "EventData.operationName": "Enumeration", "EventData.errorCode": "2150858770"}
{"EventID": "145", "Channel": "Microsoft-Windows-WinRM/Operational", "Provider_Name": "Microsoft-Windows-WinRM", "Computer": "DESKTOP-OFJ6N53", "TimeCreated": "2025-08-25 16:09:30.589779+00:00", "RecordID": "50335", "Level": "4", "UserID": "S-1-5-18", "EventData.operationName": "Enumeration", "EventData.resourceUri": "http://schemas.microsoft.com/wbem/wsman/1/config/listener"}
{"EventID": "254", "Channel": "Microsoft-Windows-WinRM/Operational", "Provider_Name": "Microsoft-Windows-WinRM", "Computer": "DESKTOP-OFJ6N53", "TimeCreated": "2025-08-25 16:09:34.819611+00:00", "RecordID": "50336", "Level": "4", "UserID": "S-1-5-18"}
{"EventID": "161", "Channel": "Microsoft-Windows-WinRM/Operational", "Provider_Name": "Microsoft-Windows-WinRM", "Computer": "DESKTOP-OFJ6N53", "TimeCreated": "2025-08-25 16:09:34.819613+00:00", "RecordID": "50337", "Level": "2", "UserID": "S-1-5-18", "EventData.authFailureMessage": "Клиенту не удается подключиться к узлу назначения, указанному в запросе. Убедитесь, что служба на узле назначения работает и принимает запросы. Ознакомьтесь с журналами и документацией для определения запущенной на узле назначения службы WS-Management (чаще всего это IIS или WinRM). Если это служба WinRM, то для анализа состояния и настройки этой службы используйте на удаленном узле команду \"winrm quickconfig\"."}
{"EventID": "142", "Channel": "Microsoft-Windows-WinRM/Operational", "Provider_Name": "Microsoft-Windows-WinRM", "Computer": "DESKTOP-OFJ6N53", "TimeCreated": "2025-08-25 16:09:34.820032+00:00", "RecordID": "50338", "Level": "2", "UserID": "S-1-5-18", "EventData.operationName": "Enumeration", "EventData.errorCode": "2150858770"}
{"EventID": "145", "Channel": "Microsoft-Windows-WinRM/Operational", "Provider_Name": "Microsoft-Windows-WinRM", "Computer": "DESKTOP-OFJ6N53", "TimeCreated": "2025-08-25 22:58:59.231075+00:00", "RecordID": "50339", "Level": "4", "UserID": "S-1-5-18", "EventData.operationName": "Enumeration", "EventData.resourceUri": "http://schemas.microsoft.com/wbem/wsman/1/config/listener"}
{"EventID": "254", "Channel": "Microsoft-Windows-WinRM/Operational", "Provider_Name": "Microsoft-Windows-WinRM", "Computer": "DESKTOP-OFJ6N53", "TimeCreated": "2025-08-25 22:59:03.595657+00:00", "RecordID": "50340", "Level": "4", "UserID": "S-1-5-18"}
{"EventID": "161", "Channel": "Microsoft-Windows-WinRM/Operational", "Provider_Name": "Microsoft-Windows-WinRM", "Computer": "DESKTOP-OFJ6N53", "TimeCreated": "2025-08-25 22:59:03.595659+00:00", "RecordID": "50341", "Level": "2", "UserID": "S-1-5-18", "EventData.authFailureMessage": "Клиенту не удается подключиться к узлу назначения, указанному в запросе. Убедитесь, что служба на узле назначения работает и принимает запросы. Ознакомьтесь с журналами и документацией для определения запущенной на узле назначения службы WS-Management (чаще всего это IIS или WinRM). Если это служба WinRM, то для анализа состояния и настройки этой службы используйте на удаленном узле команду \"winrm quickconfig\"."}
{"EventID": "142", "Channel": "Microsoft-Windows-WinRM/Operational", "Provider_Name": "Microsoft-Windows-WinRM", "Computer": "DESKTOP-OFJ6N53", "TimeCreated": "2025-08-25 22:59:03.595736+00:00", "RecordID": "50342", "Level": "2", "UserID": "S-1-5-18", "EventData.operationName": "Enumeration", "EventData.errorCode": "2150858770"}
{"EventID": "145", "Channel": "Microsoft-Windows-WinRM/Operational", "Provider_Name": "Microsoft-Windows-WinRM", "Computer": "DESKTOP-OFJ6N53", "TimeCreated": "2025-08-26 00:11:02.971653+00:00", "RecordID": "50343", "Level": "4", "UserID": "S-1-5-18", "EventData.operationName": "Enumeration", "EventData.resourceUri": "http://schemas.microsoft.com/wbem/wsman/1/config/listener"}
{"EventID": "254", "Channel": "Microsoft-Windows-WinRM/Operational", "Provider_Name": "Microsoft-Windows-WinRM", "Computer": "DESKTOP-OFJ6N53", "TimeCreated": "2025-08-26 00:11:07.763306+00:00", "RecordID": "50344", "Level": "4", "UserID": "S-1-5-18"}
{"EventID": "161", "Channel": "Microsoft-Windows-WinRM/Operational", "Provider_Name": "Microsoft-Windows-WinRM", "Computer": "DESKTOP-OFJ6N53", "TimeCreated": "2025-08-26 00:11:07.763308+00:00", "RecordID": "50345", "Level": "2", "UserID": "S-1-5-18", "EventData.authFailureMessage": "Клиенту не удается подключиться к узлу назначения, указанному в запросе. Убедитесь, что служба на узле назначения работает и принимает запросы. Ознакомьтесь с журналами и документацией для определения запущенной на узле назначения службы WS-Management (чаще всего это IIS или WinRM). Если это служба WinRM, то для анализа состояния и настройки этой службы используйте на удаленном узле команду \"winrm quickconfig\"."}
{"EventID": "142", "Channel": "Microsoft-Windows-WinRM/Operational", "Provider_Name": "Microsoft-Windows-WinRM", "Computer": "DESKTOP-OFJ6N53", "TimeCreated": "2025-08-26 00:11:07.763369+00:00", "RecordID": "50346", "Level": "2", "UserID": "S-1-5-18", "EventData.operationName": "Enumeration", "EventData.errorCode": "2150858770"}
{"EventID": "145", "Channel": "Microsoft-Windows-WinRM/Operational", "Provider_Name": "Microsoft-Windows-WinRM", "Computer": "DESKTOP-OFJ6N53", "TimeCreated": "2025-08-26 07:57:11.693968+00:00", "RecordID": "50347", "Level": "4", "UserID": "S-1-5-18", "EventData.operationName": "Enumeration", "EventData.resourceUri": "http://schemas.microsoft.com/wbem/wsman/1/config/listener"}
{"EventID": "254", "Channel": "Microsoft-Windows-WinRM/Operational", "Provider_Name": "Microsoft-Windows-WinRM", "Computer": "DESKTOP-OFJ6N53", "TimeCreated": "2025-08-26 07:57:16.127708+00:00", "RecordID": "50348", "Level": "4", "UserID": "S-1-5-18"}
{"EventID": "161", "Channel": "Microsoft-Windows-WinRM/Operational", "Provider_Name": "Microsoft-Windows-WinRM", "Computer": "DESKTOP-OFJ6N53", "TimeCreated": "2025-08-26 07:57:16.127712+00:00", "RecordID": "50349", "Level": "2", "UserID": "S-1-5-18", "EventData.authFailureMessage": "Клиенту не удается подключиться к узлу назначения, указанному в запросе. Убедитесь, что служба на узле назначения работает и принимает запросы. Ознакомьтесь с журналами и документацией для определения запущенной на узле назначения службы WS-Management (чаще всего это IIS или WinRM). Если это служба WinRM, то для анализа состояния и настройки этой службы используйте на удаленном узле команду \"winrm quickconfig\"."}
{"EventID": "142", "Channel": "Microsoft-Windows-WinRM/Operational", "Provider_Name": "Microsoft-Windows-WinRM", "Computer": "DESKTOP-OFJ6N53", "TimeCreated": "2025-08-26 07:57:16.127844+00:00", "RecordID": "50350", "Level": "2", "UserID": "S-1-5-18", "EventData.operationName": "Enumeration", "EventData.errorCode": "2150858770"}
{"EventID": "145", "Channel": "Microsoft-Windows-WinRM/Operational", "Provider_Name": "Microsoft-Windows-WinRM", "Computer": "DESKTOP-OFJ6N53", "TimeCreated": "2025-08-26 08:58:58.478537+00:00", "RecordID": "50351", "Level": "4", "UserID": "S-1-5-18", "EventData.operationName": "Enumeration", "EventData.resourceUri": "http://schemas.microsoft.com/wbem/wsman/1/config/listener"}
{"EventID": "254", "Channel": "Microsoft-Windows-WinRM/Operational", "Provider_Name": "Microsoft-Windows-WinRM", "Computer": "DESKTOP-OFJ6N53", "TimeCreated": "2025-08-26 08:59:02.580408+00:00", "RecordID": "50352", "Level": "4", "UserID": "S-1-5-18"}
{"EventID": "161", "Channel": "Microsoft-Windows-WinRM/Operational", "Provider_Name": "Microsoft-Windows-WinRM", "Computer": "DESKTOP-OFJ6N53", "TimeCreated": "2025-08-26 08:59:02.580408+00:00", "RecordID": "50353", "Level": "2", "UserID": "S-1-5-18", "EventData.authFailureMessage": "Клиенту не удается подключиться к узлу назначения, указанному в запросе. Убедитесь, что служба на узле назначения работает и принимает запросы. Ознакомьтесь с журналами и документацией для определения запущенной на узле назначения службы WS-Management (чаще всего это IIS или WinRM). Если это служба WinRM, то для анализа состояния и настройки этой службы используйте на удаленном узле команду \"winrm quickconfig\"."}
{"EventID": "142", "Channel": "Microsoft-Windows-WinRM/Operational", "Provider_Name": "Microsoft-Windows-WinRM", "Computer": "DESKTOP-OFJ6N53", "TimeCreated": "2025-08-26 08:59:02.580496+00:00", "RecordID": "50354", "Level": "2", "UserID": "S-1-5-18", "EventData.operationName": "Enumeration", "EventData.errorCode": "2150858770"}
{"EventID": "145", "Channel": "Microsoft-Windows-WinRM/Operational", "Provider_Name": "Microsoft-Windows-WinRM", "Computer": "DESKTOP-OFJ6N53", "TimeCreated": "2025-08-26 10:11:37.150345+00:00", "RecordID": "50355", "Level": "4", "UserID": "S-1-5-18", "EventData.operationName": "Enumeration", "EventData.resourceUri": "http://schemas.microsoft.com/wbem/wsman/1/config/listener"}
{"EventID": "254", "Channel": "Microsoft-Windows-WinRM/Operational", "Provider_Name": "Microsoft-Windows-WinRM", "Computer": "DESKTOP-OFJ6N53", "TimeCreated": "2025-08-26 10:11:41.403200+00:00", "RecordID": "50356", "Level": "4", "UserID": "S-1-5-18"}
{"EventID": "161", "Channel": "Microsoft-Windows-WinRM/Operational", "Provider_Name": "Microsoft-Windows-WinRM", "Computer": "DESKTOP-OFJ6N53", "TimeCreated": "2025-08-26 10:11:41.403200+00:00", "RecordID": "50357", "Level": "2", "UserID": "S-1-5-18", "EventData.authFailureMessage": "Клиенту не удается подключиться к узлу назначения, указанному в запросе. Убедитесь, что служба на узле назначения работает и принимает запросы. Ознакомьтесь с журналами и документацией для определения запущенной на узле назначения службы WS-Management (чаще всего это IIS или WinRM). Если это служба WinRM, то для анализа состояния и настройки этой службы используйте на удаленном узле команду \"winrm quickconfig\"."}
{"EventID": "142", "Channel": "Microsoft-Windows-WinRM/Operational", "Provider_Name": "Microsoft-Windows-WinRM", "Computer": "DESKTOP-OFJ6N53", "TimeCreated": "2025-08-26 10:11:41.403309+00:00", "RecordID": "50358", "Level": "2", "UserID": "S-1-5-18", "EventData.operationName": "Enumeration", "EventData.errorCode": "2150858770"}
{"EventID": "161", "Channel": "Microsoft-Windows-WinRM/Operational", "Provider_Name": "Microsoft-Windows-WinRM", "Computer": "DESKTOP-OFJ6N53", "TimeCreated": "2025-05-24 19:23:09.205051+00:00", "RecordID": "48697", "Level": "2", "UserID": "S-1-5-18", "EventData.authFailureMessage": "Клиенту не удается подключиться к узлу назначения, указанному в запросе. Убедитесь, что служба на узле назначения работает и принимает запросы. Ознакомьтесь с журналами и документацией для определения запущенной на узле назначения службы WS-Management (чаще всего это IIS или WinRM). Если это служба WinRM, то для анализа состояния и настройки этой службы используйте на удаленном узле команду \"winrm quickconfig\"."}
{"EventID": "142", "Channel": "Microsoft-Windows-WinRM/Operational", "Provider_Name": "Microsoft-Windows-WinRM", "Computer": "DESKTOP-OFJ6N53", "TimeCreated": "2025-05-24 19:23:09.205141+00:00", "RecordID": "48698", "Level": "2", "UserID": "S-1-5-18", "EventData.operationName": "Enumeration", "EventData.errorCode": "2150858770"}
{"EventID": "145", "Channel": "Microsoft-Windows-WinRM/Operational", "Provider_Name": "Microsoft-Windows-WinRM", "Computer": "DESKTOP-OFJ6N53", "TimeCreated": "2025-05-24 20:23:37.781170+00:00", "RecordID": "48699", "Level": "4", "UserID": "S-1-5-18", "EventData.operationName": "Enumeration", "EventData.resourceUri": "http://schemas.microsoft.com/wbem/wsman/1/config/listener"}
{"EventID": "254", "Channel": "Microsoft-Windows-WinRM/Operational", "Provider_Name": "Microsoft-Windows-WinRM", "Computer": "DESKTOP-OFJ6N53", "TimeCreated": "2025-05-24 20:23:41.877016+00:00", "RecordID": "48700", "Level": "4", "UserID": "S-1-5-18"}
{"EventID": "161", "Channel": "Microsoft-Windows-WinRM/Operational", "Provider_Name": "Microsoft-Windows-WinRM", "Computer": "DESKTOP-OFJ6N53", "TimeCreated": "2025-05-24 20:23:41.877020+00:00", "RecordID": "48701", "Level": "2", "UserID": "S-1-5-18", "EventData.authFailureMessage": "Клиенту не удается подключиться к узлу назначения, указанному в запросе. Убедитесь, что служба на узле назначения работает и принимает запросы. Ознакомьтесь с журналами и документацией для определения запущенной на узле назначения службы WS-Management (чаще всего это IIS или WinRM). Если это служба WinRM, то для анализа состояния и настройки этой службы используйте на удаленном узле команду \"winrm quickconfig\"."}
{"EventID": "142", "Channel": "Microsoft-Windows-WinRM/Operational", "Provider_Name": "Microsoft-Windows-WinRM", "Computer": "DESKTOP-OFJ6N53", "TimeCreated": "2025-05-24 20:23:41.877100+00:00", "RecordID": "48702", "Level": "2", "UserID": "S-1-5-18", "EventData.operationName": "Enumeration", "EventData.errorCode": "2150858770"}
{"EventID": "145", "Channel": "Microsoft-Windows-WinRM/Operational", "Provider_Name": "Microsoft-Windows-WinRM", "Computer": "DESKTOP-OFJ6N53", "TimeCreated": "2025-05-24 23:14:18.861765+00:00", "RecordID": "48703", "Level": "4", "UserID": "S-1-5-18", "EventData.operationName": "Enumeration", "EventData.resourceUri": "http://schemas.microsoft.com/wbem/wsman/1/config/listener"}
{"EventID": "254", "Channel": "Microsoft-Windows-WinRM/Operational", "Provider_Name": "Microsoft-Windows-WinRM", "Computer": "DESKTOP-OFJ6N53", "TimeCreated": "2025-05-24 23:14:22.955013+00:00", "RecordID": "48704", "Level": "4", "UserID": "S-1-5-18"}
{"EventID": "161", "Channel": "Microsoft-Windows-WinRM/Operational", "Provider_Name": "Microsoft-Windows-WinRM", "Computer": "DESKTOP-OFJ6N53", "TimeCreated": "2025-05-24 23:14:22.955015+00:00", "RecordID": "48705", "Level": "2", "UserID": "S-1-5-18", "EventData.authFailureMessage": "Клиенту не удается подключиться к узлу назначения, указанному в запросе. Убедитесь, что служба на узле назначения работает и принимает запросы. Ознакомьтесь с журналами и документацией для определения запущенной на узле назначения службы WS-Management (чаще всего это IIS или WinRM). Если это служба WinRM, то для анализа состояния и настройки этой службы используйте на удаленном узле команду \"winrm quickconfig\"."}
{"EventID": "142", "Channel": "Microsoft-Windows-WinRM/Operational", "Provider_Name": "Microsoft-Windows-WinRM", "Computer": "DESKTOP-OFJ6N53", "TimeCreated": "2025-05-24 23:14:22.955090+00:00", "RecordID": "48706", "Level": "2", "UserID": "S-1-5-18", "EventData.operationName": "Enumeration", "EventData.errorCode": "2150858770"}
{"EventID": "145", "Channel": "Microsoft-Windows-WinRM/Operational", "Provider_Name": "Microsoft-Windows-WinRM", "Computer": "DESKTOP-OFJ6N53", "TimeCreated": "2025-05-25 04:14:18.875181+00:00", "RecordID": "48707", "Level": "4", "UserID": "S-1-5-18", "EventData.operationName": "Enumeration", "EventData.resourceUri": "http://schemas.microsoft.com/wbem/wsman/1/config/listener"}
{"EventID": "254", "Channel": "Microsoft-Windows-WinRM/Operational", "Provider_Name": "Microsoft-Windows-WinRM", "Computer": "DESKTOP-OFJ6N53", "TimeCreated": "2025-05-25 04:14:22.955469+00:00", "RecordID": "48708", "Level": "4", "UserID": "S-1-5-18"}
{"EventID": "161", "Channel": "Microsoft-Windows-WinRM/Operational", "Provider_Name": "Microsoft-Windows-WinRM", "Computer": "DESKTOP-OFJ6N53", "TimeCreated": "2025-05-25 04:14:22.955469+00:00", "RecordID": "48709", "Level": "2", "UserID": "S-1-5-18", "EventData.authFailureMessage": "Клиенту не удается подключиться к узлу назначения, указанному в запросе. Убедитесь, что служба на узле назначения работает и принимает запросы. Ознакомьтесь с журналами и документацией для определения запущенной на узле назначения службы WS-Management (чаще всего это IIS или WinRM). Если это служба WinRM, то для анализа состояния и настройки этой службы используйте на удаленном узле команду \"winrm quickconfig\"."}
{"EventID": "142", "Channel": "Microsoft-Windows-WinRM/Operational", "Provider_Name": "Microsoft-Windows-WinRM", "Computer": "DESKTOP-OFJ6N53", "TimeCreated": "2025-05-25 04:14:22.955545+00:00", "RecordID": "48710", "Level": "2", "UserID": "S-1-5-18", "EventData.operationName": "Enumeration", "EventData.errorCode": "2150858770"}
{"EventID": "145", "Channel": "Microsoft-Windows-WinRM/Operational", "Provider_Name": "Microsoft-Windows-WinRM", "Computer": "DESKTOP-OFJ6N53", "TimeCreated": "2025-05-25 09:14:20.424713+00:00", "RecordID": "48711", "Level": "4", "UserID": "S-1-5-18", "EventData.operationName": "Enumeration", "EventData.resourceUri": "http://schemas.microsoft.com/wbem/wsman/1/config/listener"}
{"EventID": "254", "Channel": "Microsoft-Windows-WinRM/Operational", "Provider_Name": "Microsoft-Windows-WinRM", "Computer": "DESKTOP-OFJ6N53", "TimeCreated": "2025-05-25 09:14:24.528435+00:00", "RecordID": "48712", "Level": "4", "UserID": "S-1-5-18"}
{"EventID": "161", "Channel": "Microsoft-Windows-WinRM/Operational", "Provider_Name": "Microsoft-Windows-WinRM", "Computer": "DESKTOP-OFJ6N53", "TimeCreated": "2025-05-25 09:14:24.528439+00:00", "RecordID": "48713", "Level": "2", "UserID": "S-1-5-18", "EventData.authFailureMessage": "Клиенту не удается подключиться к узлу назначения, указанному в запросе. Убедитесь, что служба на узле назначения работает и принимает запросы. Ознакомьтесь с журналами и документацией для определения запущенной на узле назначения службы WS-Management (чаще всего это IIS или WinRM). Если это служба WinRM, то для анализа состояния и настройки этой службы используйте на удаленном узле команду \"winrm quickconfig\"."}
{"EventID": "142", "Channel": "Microsoft-Windows-WinRM/Operational", "Provider_Name": "Microsoft-Windows-WinRM", "Computer": "DESKTOP-OFJ6N53", "TimeCreated": "2025-05-25 09:14:24.528585+00:00", "RecordID": "48714", "Level": "2", "UserID": "S-1-5-18", "EventData.operationName": "Enumeration", "EventData.errorCode": "2150858770"}
{"EventID": "145", "Channel": "Microsoft-Windows-WinRM/Operational", "Provider_Name": "Microsoft-Windows-WinRM", "Computer": "DESKTOP-OFJ6N53", "TimeCreated": "2025-05-25 14:13:58.845533+00:00", "RecordID": "48715", "Level": "4", "UserID": "S-1-5-18", "EventData.operationName": "Enumeration", "EventData.resourceUri": "http://schemas.microsoft.com/wbem/wsman/1/config/listener"}
{"EventID": "254", "Channel": "Microsoft-Windows-WinRM/Operational", "Provider_Name": "Microsoft-Windows-WinRM", "Computer": "DESKTOP-OFJ6N53", "TimeCreated": "2025-05-25 14:14:02.942680+00:00", "RecordID": "48716", "Level": "4", "UserID": "S-1-5-18"}
{"EventID": "161", "Channel": "Microsoft-Windows-WinRM/Operational", "Provider_Name": "Microsoft-Windows-WinRM", "Computer": "DESKTOP-OFJ6N53", "TimeCreated": "2025-05-25 14:14:02.942682+00:00", "RecordID": "48717", "Level": "2", "UserID": "S-1-5-18", "EventData.authFailureMessage": "Клиенту не удается подключиться к узлу назначения, указанному в запросе. Убедитесь, что служба на узле назначения работает и принимает запросы. Ознакомьтесь с журналами и документацией для определения запущенной на узле назначения службы WS-Management (чаще всего это IIS или WinRM). Если это служба WinRM, то для анализа состояния и настройки этой службы используйте на удаленном узле команду \"winrm quickconfig\"."}
{"EventID": "142", "Channel": "Microsoft-Windows-WinRM/Operational", "Provider_Name": "Microsoft-Windows-WinRM", "Computer": "DESKTOP-OFJ6N53", "TimeCreated": "2025-05-25 14:14:02.942808+00:00", "RecordID": "48718", "Level": "2", "UserID": "S-1-5-18", "EventData.operationName": "Enumeration", "EventData.errorCode": "2150858770"}
{"EventID": "145", "Channel": "Microsoft-Windows-WinRM/Operational", "Provider_Name": "Microsoft-Windows-WinRM", "Computer": "DESKTOP-OFJ6N53", "TimeCreated": "2025-05-25 20:23:36.336473+00:00", "RecordID": "48719", "Level": "4", "UserID": "S-1-5-18", "EventData.operationName": "Enumeration", "EventData.resourceUri": "http://schemas.microsoft.com/wbem/wsman/1/config/listener"}
{"EventID": "254", "Channel": "Microsoft-Windows-WinRM/Operational", "Provider_Name": "Microsoft-Windows-WinRM", "Computer": "DESKTOP-OFJ6N53", "TimeCreated": "2025-05-25 20:23:40.396257+00:00", "RecordID": "48720", "Level": "4", "UserID": "S-1-5-18"}
{"EventID": "161", "Channel": "Microsoft-Windows-WinRM/Operational", "Provider_Name": "Microsoft-Windows-WinRM", "Computer": "DESKTOP-OFJ6N53", "TimeCreated": "2025-05-25 20:23:40.396259+00:00", "RecordID": "48721", "Level": "2", "UserID": "S-1-5-18", "EventData.authFailureMessage": "Клиенту не удается подключиться к узлу назначения, указанному в запросе. Убедитесь, что служба на узле назначения работает и принимает запросы. Ознакомьтесь с журналами и документацией для определения запущенной на узле назначения службы WS-Management (чаще всего это IIS или WinRM). Если это служба WinRM, то для анализа состояния и настройки этой службы используйте на удаленном узле команду \"winrm quickconfig\"."}
{"EventID": "142", "Channel": "Microsoft-Windows-WinRM/Operational", "Provider_Name": "Microsoft-Windows-WinRM", "Computer": "DESKTOP-OFJ6N53", "TimeCreated": "2025-05-25 20:23:40.396391+00:00", "RecordID": "48722", "Level": "2", "UserID": "S-1-5-18", "EventData.operationName": "Enumeration", "EventData.errorCode": "2150858770"}
{"EventID": "145", "Channel": "Microsoft-Windows-WinRM/Operational", "Provider_Name": "Microsoft-Windows-WinRM", "Computer": "DESKTOP-OFJ6N53", "TimeCreated": "2025-05-25 22:50:36.302855+00:00", "RecordID": "48723", "Level": "4", "UserID": "S-1-5-18", "EventData.operationName": "Enumeration", "EventData.resourceUri": "http://schemas.microsoft.com/wbem/wsman/1/config/listener"}
{"EventID": "254", "Channel": "Microsoft-Windows-WinRM/Operational", "Provider_Name": "Microsoft-Windows-WinRM", "Computer": "DESKTOP-OFJ6N53", "TimeCreated": "2025-05-25 22:50:40.411690+00:00", "RecordID": "48724", "Level": "4", "UserID": "S-1-5-18"}
{"EventID": "161", "Channel": "Microsoft-Windows-WinRM/Operational", "Provider_Name": "Microsoft-Windows-WinRM", "Computer": "DESKTOP-OFJ6N53", "TimeCreated": "2025-05-25 22:50:40.411692+00:00", "RecordID": "48725", "Level": "2", "UserID": "S-1-5-18", "EventData.authFailureMessage": "Клиенту не удается подключиться к узлу назначения, указанному в запросе. Убедитесь, что служба на узле назначения работает и принимает запросы. Ознакомьтесь с журналами и документацией для определения запущенной на узле назначения службы WS-Management (чаще всего это IIS или WinRM). Если это служба WinRM, то для анализа состояния и настройки этой службы используйте на удаленном узле команду \"winrm quickconfig\"."}
{"EventID": "142", "Channel": "Microsoft-Windows-WinRM/Operational", "Provider_Name": "Microsoft-Windows-WinRM", "Computer": "DESKTOP-OFJ6N53", "TimeCreated": "2025-05-25 22:50:40.411770+00:00", "RecordID": "48726", "Level": "2", "UserID": "S-1-5-18", "EventData.operationName": "Enumeration", "EventData.errorCode": "2150858770"}
{"EventID": "145", "Channel": "Microsoft-Windows-WinRM/Operational", "Provider_Name": "Microsoft-Windows-WinRM", "Computer": "DESKTOP-OFJ6N53", "TimeCreated": "2025-05-26 00:14:20.428102+00:00", "RecordID": "48727", "Level": "4", "UserID": "S-1-5-18", "EventData.operationName": "Enumeration", "EventData.resourceUri": "http://schemas.microsoft.com/wbem/wsman/1/config/listener"}
{"EventID": "254", "Channel": "Microsoft-Windows-WinRM/Operational", "Provider_Name": "Microsoft-Windows-WinRM", "Computer": "DESKTOP-OFJ6N53", "TimeCreated": "2025-05-26 00:14:24.521387+00:00", "RecordID": "48728", "Level": "4", "UserID": "S-1-5-18"}
{"EventID": "161", "Channel": "Microsoft-Windows-WinRM/Operational", "Provider_Name": "Microsoft-Windows-WinRM", "Computer": "DESKTOP-OFJ6N53", "TimeCreated": "2025-05-26 00:14:24.521389+00:00", "RecordID": "48729", "Level": "2", "UserID": "S-1-5-18", "EventData.authFailureMessage": "Клиенту не удается подключиться к узлу назначения, указанному в запросе. Убедитесь, что служба на узле назначения работает и принимает запросы. Ознакомьтесь с журналами и документацией для определения запущенной на узле назначения службы WS-Management (чаще всего это IIS или WinRM). Если это служба WinRM, то для анализа состояния и настройки этой службы используйте на удаленном узле команду \"winrm quickconfig\"."}
{"EventID": "142", "Channel": "Microsoft-Windows-WinRM/Operational", "Provider_Name": "Microsoft-Windows-WinRM", "Computer": "DESKTOP-OFJ6N53", "TimeCreated": "2025-05-26 00:14:24.521475+00:00", "RecordID": "48730", "Level": "2", "UserID": "S-1-5-18", "EventData.operationName": "Enumeration", "EventData.errorCode": "2150858770"}
{"EventID": "145", "Channel": "Microsoft-Windows-WinRM/Operational", "Provider_Name": "Microsoft-Windows-WinRM", "Computer": "DESKTOP-OFJ6N53", "TimeCreated": "2025-05-26 05:14:20.457636+00:00", "RecordID": "48731", "Level": "4", "UserID": "S-1-5-18", "EventData.operationName": "Enumeration", "EventData.resourceUri": "http://schemas.microsoft.com/wbem/wsman/1/config/listener"}
{"EventID": "254", "Channel": "Microsoft-Windows-WinRM/Operational", "Provider_Name": "Microsoft-Windows-WinRM", "Computer": "DESKTOP-OFJ6N53", "TimeCreated": "2025-05-26 05:14:24.568312+00:00", "RecordID": "48732", "Level": "4", "UserID": "S-1-5-18"}
{"EventID": "161", "Channel": "Microsoft-Windows-WinRM/Operational", "Provider_Name": "Microsoft-Windows-WinRM", "Computer": "DESKTOP-OFJ6N53", "TimeCreated": "2025-05-26 05:14:24.568314+00:00", "RecordID": "48733", "Level": "2", "UserID": "S-1-5-18", "EventData.authFailureMessage": "Клиенту не удается подключиться к узлу назначения, указанному в запросе. Убедитесь, что служба на узле назначения работает и принимает запросы. Ознакомьтесь с журналами и документацией для определения запущенной на узле назначения службы WS-Management (чаще всего это IIS или WinRM). Если это служба WinRM, то для анализа состояния и настройки этой службы используйте на удаленном узле команду \"winrm quickconfig\"."}
{"EventID": "142", "Channel": "Microsoft-Windows-WinRM/Operational", "Provider_Name": "Microsoft-Windows-WinRM", "Computer": "DESKTOP-OFJ6N53", "TimeCreated": "2025-05-26 05:14:24.568378+00:00", "RecordID": "48734", "Level": "2", "UserID": "S-1-5-18", "EventData.operationName": "Enumeration", "EventData.errorCode": "2150858770"}
{"EventID": "145", "Channel": "Microsoft-Windows-WinRM/Operational", "Provider_Name": "Microsoft-Windows-WinRM", "Computer": "DESKTOP-OFJ6N53", "TimeCreated": "2025-05-26 10:14:22.055510+00:00", "RecordID": "48735", "Level": "4", "UserID": "S-1-5-18", "EventData.operationName": "Enumeration", "EventData.resourceUri": "http://schemas.microsoft.com/wbem/wsman/1/config/listener"}
{"EventID": "254", "Channel": "Microsoft-Windows-WinRM/Operational", "Provider_Name": "Microsoft-Windows-WinRM", "Computer": "DESKTOP-OFJ6N53", "TimeCreated": "2025-05-26 10:14:26.191250+00:00", "RecordID": "48736", "Level": "4", "UserID": "S-1-5-18"}
{"EventID": "161", "Channel": "Microsoft-Windows-WinRM/Operational", "Provider_Name": "Microsoft-Windows-WinRM", "Computer": "DESKTOP-OFJ6N53", "TimeCreated": "2025-05-26 10:14:26.191254+00:00", "RecordID": "48737", "Level": "2", "UserID": "S-1-5-18", "EventData.authFailureMessage": "Клиенту не удается подключиться к узлу назначения, указанному в запросе. Убедитесь, что служба на узле назначения работает и принимает запросы. Ознакомьтесь с журналами и документацией для определения запущенной на узле назначения службы WS-Management (чаще всего это IIS или WinRM). Если это служба WinRM, то для анализа состояния и настройки этой службы используйте на удаленном узле команду \"winrm quickconfig\"."}
{"EventID": "142", "Channel": "Microsoft-Windows-WinRM/Operational", "Provider_Name": "Microsoft-Windows-WinRM", "Computer": "DESKTOP-OFJ6N53", "TimeCreated": "2025-05-26 10:14:26.191380+00:00", "RecordID": "48738", "Level": "2", "UserID": "S-1-5-18", "EventData.operationName": "Enumeration", "EventData.errorCode": "2150858770"}
{"EventID": "145", "Channel": "Microsoft-Windows-WinRM/Operational", "Provider_Name": "Microsoft-Windows-WinRM", "Computer": "DESKTOP-OFJ6N53", "TimeCreated": "2025-05-26 14:14:03.813707+00:00", "RecordID": "48739", "Level": "4", "UserID": "S-1-5-18", "EventData.operationName": "Enumeration", "EventData.resourceUri": "http://schemas.microsoft.com/wbem/wsman/1/config/listener"}
{"EventID": "254", "Channel": "Microsoft-Windows-WinRM/Operational", "Provider_Name": "Microsoft-Windows-WinRM", "Computer": "DESKTOP-OFJ6N53", "TimeCreated": "2025-05-26 14:14:07.924717+00:00", "RecordID": "48740", "Level": "4", "UserID": "S-1-5-18"}
{"EventID": "161", "Channel": "Microsoft-Windows-WinRM/Operational", "Provider_Name": "Microsoft-Windows-WinRM", "Computer": "DESKTOP-OFJ6N53", "TimeCreated": "2025-05-26 14:14:07.924721+00:00", "RecordID": "48741", "Level": "2", "UserID": "S-1-5-18", "EventData.authFailureMessage": "Клиенту не удается подключиться к узлу назначения, указанному в запросе. Убедитесь, что служба на узле назначения работает и принимает запросы. Ознакомьтесь с журналами и документацией для определения запущенной на узле назначения службы WS-Management (чаще всего это IIS или WinRM). Если это служба WinRM, то для анализа состояния и настройки этой службы используйте на удаленном узле команду \"winrm quickconfig\"."}
{"EventID": "142", "Channel": "Microsoft-Windows-WinRM/Operational", "Provider_Name": "Microsoft-Windows-WinRM", "Computer": "DESKTOP-OFJ6N53", "TimeCreated": "2025-05-26 14:14:07.924807+00:00", "RecordID": "48742", "Level": "2", "UserID": "S-1-5-18", "EventData.operationName": "Enumeration", "EventData.errorCode": "2150858770"}
{"EventID": "145", "Channel": "Microsoft-Windows-WinRM/Operational", "Provider_Name": "Microsoft-Windows-WinRM", "Computer": "DESKTOP-OFJ6N53", "TimeCreated": "2025-05-26 15:14:22.469652+00:00", "RecordID": "48743", "Level": "4", "UserID": "S-1-5-18", "EventData.operationName": "Enumeration", "EventData.resourceUri": "http://schemas.microsoft.com/wbem/wsman/1/config/listener"}
{"EventID": "254", "Channel": "Microsoft-Windows-WinRM/Operational", "Provider_Name": "Microsoft-Windows-WinRM", "Computer": "DESKTOP-OFJ6N53", "TimeCreated": "2025-05-26 15:14:26.581209+00:00", "RecordID": "48744", "Level": "4", "UserID": "S-1-5-18"}
{"EventID": "161", "Channel": "Microsoft-Windows-WinRM/Operational", "Provider_Name": "Microsoft-Windows-WinRM", "Computer": "DESKTOP-OFJ6N53", "TimeCreated": "2025-05-26 15:14:26.581213+00:00", "RecordID": "48745", "Level": "2", "UserID": "S-1-5-18", "EventData.authFailureMessage": "Клиенту не удается подключиться к узлу назначения, указанному в запросе. Убедитесь, что служба на узле назначения работает и принимает запросы. Ознакомьтесь с журналами и документацией для определения запущенной на узле назначения службы WS-Management (чаще всего это IIS или WinRM). Если это служба WinRM, то для анализа состояния и настройки этой службы используйте на удаленном узле команду \"winrm quickconfig\"."}
{"EventID": "142", "Channel": "Microsoft-Windows-WinRM/Operational", "Provider_Name": "Microsoft-Windows-WinRM", "Computer": "DESKTOP-OFJ6N53", "TimeCreated": "2025-05-26 15:14:26.581284+00:00", "RecordID": "48746", "Level": "2", "UserID": "S-1-5-18", "EventData.operationName": "Enumeration", "EventData.errorCode": "2150858770"}
{"EventID": "145", "Channel": "Microsoft-Windows-WinRM/Operational", "Provider_Name": "Microsoft-Windows-WinRM", "Computer": "DESKTOP-OFJ6N53", "TimeCreated": "2025-05-26 20:23:36.532747+00:00", "RecordID": "48747", "Level": "4", "UserID": "S-1-5-18", "EventData.operationName": "Enumeration", "EventData.resourceUri": "http://schemas.microsoft.com/wbem/wsman/1/config/listener"}
{"EventID": "254", "Channel": "Microsoft-Windows-WinRM/Operational", "Provider_Name": "Microsoft-Windows-WinRM", "Computer": "DESKTOP-OFJ6N53", "TimeCreated": "2025-05-26 20:23:40.643688+00:00", "RecordID": "48748", "Level": "4", "UserID": "S-1-5-18"}
{"EventID": "161", "Channel": "Microsoft-Windows-WinRM/Operational", "Provider_Name": "Microsoft-Windows-WinRM", "Computer": "DESKTOP-OFJ6N53", "TimeCreated": "2025-05-26 20:23:40.643692+00:00", "RecordID": "48749", "Level": "2", "UserID": "S-1-5-18", "EventData.authFailureMessage": "Клиенту не удается подключиться к узлу назначения, указанному в запросе. Убедитесь, что служба на узле назначения работает и принимает запросы. Ознакомьтесь с журналами и документацией для определения запущенной на узле назначения службы WS-Management (чаще всего это IIS или WinRM). Если это служба WinRM, то для анализа состояния и настройки этой службы используйте на удаленном узле команду \"winrm quickconfig\"."}
{"EventID": "142", "Channel": "Microsoft-Windows-WinRM/Operational", "Provider_Name": "Microsoft-Windows-WinRM", "Computer": "DESKTOP-OFJ6N53", "TimeCreated": "2025-05-26 20:23:40.643757+00:00", "RecordID": "48750", "Level": "2", "UserID": "S-1-5-18", "EventData.operationName": "Enumeration", "EventData.errorCode": "2150858770"}
{"EventID": "145", "Channel": "Microsoft-Windows-WinRM/Operational", "Provider_Name": "Microsoft-Windows-WinRM", "Computer": "DESKTOP-OFJ6N53", "TimeCreated": "2025-05-26 21:23:50.312719+00:00", "RecordID": "48751", "Level": "4", "UserID": "S-1-5-18", "EventData.operationName": "Enumeration", "EventData.resourceUri": "http://schemas.microsoft.com/wbem/wsman/1/config/listener"}
{"EventID": "254", "Channel": "Microsoft-Windows-WinRM/Operational", "Provider_Name": "Microsoft-Windows-WinRM", "Computer": "DESKTOP-OFJ6N53", "TimeCreated": "2025-05-26 21:23:54.424650+00:00", "RecordID": "48752", "Level": "4", "UserID": "S-1-5-18"}
{"EventID": "161", "Channel": "Microsoft-Windows-WinRM/Operational", "Provider_Name": "Microsoft-Windows-WinRM", "Computer": "DESKTOP-OFJ6N53", "TimeCreated": "2025-05-26 21:23:54.424654+00:00", "RecordID": "48753", "Level": "2", "UserID": "S-1-5-18", "EventData.authFailureMessage": "Клиенту не удается подключиться к узлу назначения, указанному в запросе. Убедитесь, что служба на узле назначения работает и принимает запросы. Ознакомьтесь с журналами и документацией для определения запущенной на узле назначения службы WS-Management (чаще всего это IIS или WinRM). Если это служба WinRM, то для анализа состояния и настройки этой службы используйте на удаленном узле команду \"winrm quickconfig\"."}
{"EventID": "142", "Channel": "Microsoft-Windows-WinRM/Operational", "Provider_Name": "Microsoft-Windows-WinRM", "Computer": "DESKTOP-OFJ6N53", "TimeCreated": "2025-05-26 21:23:54.424742+00:00", "RecordID": "48754", "Level": "2", "UserID": "S-1-5-18", "EventData.operationName": "Enumeration", "EventData.errorCode": "2150858770"}
{"EventID": "145", "Channel": "Microsoft-Windows-WinRM/Operational", "Provider_Name": "Microsoft-Windows-WinRM", "Computer": "DESKTOP-OFJ6N53", "TimeCreated": "2025-05-27 01:14:22.005314+00:00", "RecordID": "48755", "Level": "4", "UserID": "S-1-5-18", "EventData.operationName": "Enumeration", "EventData.resourceUri": "http://schemas.microsoft.com/wbem/wsman/1/config/listener"}
{"EventID": "254", "Channel": "Microsoft-Windows-WinRM/Operational", "Provider_Name": "Microsoft-Windows-WinRM", "Computer": "DESKTOP-OFJ6N53", "TimeCreated": "2025-05-27 01:14:26.096806+00:00", "RecordID": "48756", "Level": "4", "UserID": "S-1-5-18"}
{"EventID": "161", "Channel": "Microsoft-Windows-WinRM/Operational", "Provider_Name": "Microsoft-Windows-WinRM", "Computer": "DESKTOP-OFJ6N53", "TimeCreated": "2025-05-27 01:14:26.096807+00:00", "RecordID": "48757", "Level": "2", "UserID": "S-1-5-18", "EventData.authFailureMessage": "Клиенту не удается подключиться к узлу назначения, указанному в запросе. Убедитесь, что служба на узле назначения работает и принимает запросы. Ознакомьтесь с журналами и документацией для определения запущенной на узле назначения службы WS-Management (чаще всего это IIS или WinRM). Если это служба WinRM, то для анализа состояния и настройки этой службы используйте на удаленном узле команду \"winrm quickconfig\"."}
{"EventID": "142", "Channel": "Microsoft-Windows-WinRM/Operational", "Provider_Name": "Microsoft-Windows-WinRM", "Computer": "DESKTOP-OFJ6N53", "TimeCreated": "2025-05-27 01:14:26.096891+00:00", "RecordID": "48758", "Level": "2", "UserID": "S-1-5-18", "EventData.operationName": "Enumeration", "EventData.errorCode": "2150858770"}
