{"EventID": "62443", "Channel": "Microsoft-Windows-Shell-Core/AppDefaults", "Provider_Name": "Microsoft-Windows-Shell-Core", "Computer": "DESKTOP-OFJ6N53", "TimeCreated": "2024-05-26 01:36:31.271677+00:00", "RecordID": "1568", "Level": "4", "UserID": "S-1-5-18", "EventData.Info": "QueryDefault-Mismatch: Association=.html, ProgId=MSEdgeHTM, S=S-1-5-18, T:2022:02:04:24:09:08, RH=9HsWGZun8VE=, CH=GUg/ybGw00o="}
{"EventID": "62440", "Channel": "Microsoft-Windows-Shell-Core/AppDefaults", "Provider_Name": "Microsoft-Windows-Shell-Core", "Computer": "DESKTOP-OFJ6N53", "TimeCreated": "2024-05-28 00:14:31.189816+00:00", "RecordID": "1569", "Level": "4", "UserID": "S-1-5-18", "EventData.ExtOrUriScheme": ".url", "EventData.ProgId": "IE.AssocFile.URL"}
{"EventID": "62443", "Channel": "Microsoft-Windows-Shell-Core/AppDefaults", "Provider_Name": "Microsoft-Windows-Shell-Core", "Computer": "DESKTOP-OFJ6N53", "TimeCreated": "2024-05-28 00:14:31.191240+00:00", "RecordID": "1570", "Level": "4", "UserID": "S-1-5-18", "EventData.Info": "QueryDefault-Mismatch: Association=.url, ProgId=IE.AssocFile.URL, S=S-1-5-18, T:2022:02:04:24:09:08, RH=3gz22dmDZ9k=, CH=IjkkKOTxZ78="}
{"EventID": "62440", "Channel": "Microsoft-Windows-Shell-Core/AppDefaults", "Provider_Name": "Microsoft-Windows-Shell-Core", "Computer": "DESKTOP-OFJ6N53", "TimeCreated": "2024-05-28 00:14:31.442730+00:00", "RecordID": "1571", "Level": "4", "UserID": "S-1-5-18", "EventData.ExtOrUriScheme": ".html", "EventData.ProgId": "MSEdgeHTM"}
{"EventID": "62443", "Channel": "Microsoft-Windows-Shell-Core/AppDefaults", "Provider_Name": "Microsoft-Windows-Shell-Core", "Computer": "DESKTOP-OFJ6N53", "TimeCreated": "2024-05-28 00:14:31.442741+00:00", "RecordID": "1572", "Level": "4", "UserID": "S-1-5-18", "EventData.Info": "QueryDefault-Mismatch: Association=.html, ProgId=MSEdgeHTM, S=S-1-5-18, T:2022:02:04:24:09:08, RH=9HsWGZun8VE=, CH=GUg/ybGw00o="}
{"EventID": "62443", "Channel": "Microsoft-Windows-Shell-Core/AppDefaults", "Provider_Name": "Microsoft-Windows-Shell-Core", "Computer": "DESKTOP-OFJ6N53", "TimeCreated": "2024-05-28 12:34:28.689890+00:00", "RecordID": "1573", "Level": "4", "UserID": "S-1-5-21-963789628-1060504924-4285088085-1001", "EventData.Info": "Querying default browser info"}
{"EventID": "62440", "Channel": "Microsoft-Windows-Shell-Core/AppDefaults", "Provider_Name": "Microsoft-Windows-Shell-Core", "Computer": "DESKTOP-OFJ6N53", "TimeCreated": "2024-05-29 00:29:05.096046+00:00", "RecordID": "1574", "Level": "4", "UserID": "S-1-5-18", "EventData.ExtOrUriScheme": ".url", "EventData.ProgId": "IE.AssocFile.URL"}
{"EventID": "62443", "Channel": "Microsoft-Windows-Shell-Core/AppDefaults", "Provider_Name": "Microsoft-Windows-Shell-Core", "Computer": "DESKTOP-OFJ6N53", "TimeCreated": "2024-05-29 00:29:05.096167+00:00", "RecordID": "1575", "Level": "4", "UserID": "S-1-5-18", "EventData.Info": "QueryDefault-Mismatch: Association=.url, ProgId=IE.AssocFile.URL, S=S-1-5-18, T:2022:02:04:24:09:08, RH=3gz22dmDZ9k=, CH=IjkkKOTxZ78="}
{"EventID": "62440", "Channel": "Microsoft-Windows-Shell-Core/AppDefaults", "Provider_Name": "Microsoft-Windows-Shell-Core", "Computer": "DESKTOP-OFJ6N53", "TimeCreated": "2024-05-29 00:29:06.462177+00:00", "RecordID": "1576", "Level": "4", "UserID": "S-1-5-18", "EventData.ExtOrUriScheme": ".html", "EventData.ProgId": "MSEdgeHTM"}
{"EventID": "62443", "Channel": "Microsoft-Windows-Shell-Core/AppDefaults", "Provider_Name": "Microsoft-Windows-Shell-Core", "Computer": "DESKTOP-OFJ6N53", "TimeCreated": "2024-05-29 00:29:06.462208+00:00", "RecordID": "1577", "Level": "4", "UserID": "S-1-5-18", "EventData.Info": "QueryDefault-Mismatch: Association=.html, ProgId=MSEdgeHTM, S=S-1-5-18, T:2022:02:04:24:09:08, RH=9HsWGZun8VE=, CH=GUg/ybGw00o="}
{"EventID": "62440", "Channel": "Microsoft-Windows-Shell-Core/AppDefaults", "Provider_Name": "Microsoft-Windows-Shell-Core", "Computer": "DESKTOP-OFJ6N53", "TimeCreated": "2024-05-30 00:38:08.010813+00:00", "RecordID": "1578", "Level": "4", "UserID": "S-1-5-18", "EventData.ExtOrUriScheme": ".url", "EventData.ProgId": "IE.AssocFile.URL"}
{"EventID": "62443", "Channel": "Microsoft-Windows-Shell-Core/AppDefaults", "Provider_Name": "Microsoft-Windows-Shell-Core", "Computer": "DESKTOP-OFJ6N53", "TimeCreated": "2024-05-30 00:38:08.012379+00:00", "RecordID": "1579", "Level": "4", "UserID": "S-1-5-18", "EventData.Info": "QueryDefault-Mismatch: Association=.url, ProgId=IE.AssocFile.URL, S=S-1-5-18, T:2022:02:04:24:09:08, RH=3gz22dmDZ9k=, CH=IjkkKOTxZ78="}
{"EventID": "62440", "Channel": "Microsoft-Windows-Shell-Core/AppDefaults", "Provider_Name": "Microsoft-Windows-Shell-Core", "Computer": "DESKTOP-OFJ6N53", "TimeCreated": "2024-05-30 00:38:08.542629+00:00", "RecordID": "1580", "Level": "4", "UserID": "S-1-5-18", "EventData.ExtOrUriScheme": ".html", "EventData.ProgId": "MSEdgeHTM"}
{"EventID": "62443", "Channel": "Microsoft-Windows-Shell-Core/AppDefaults", "Provider_Name": "Microsoft-Windows-Shell-Core", "Computer": "DESKTOP-OFJ6N53", "TimeCreated": "2024-05-30 00:38:08.542641+00:00", "RecordID": "1581", "Level": "4", "UserID": "S-1-5-18", "EventData.Info": "QueryDefault-Mismatch: Association=.html, ProgId=MSEdgeHTM, S=S-1-5-18, T:2022:02:04:24:09:08, RH=9HsWGZun8VE=, CH=GUg/ybGw00o="}
{"EventID": "62440", "Channel": "Microsoft-Windows-Shell-Core/AppDefaults", "Provider_Name": "Microsoft-Windows-Shell-Core", "Computer": "DESKTOP-OFJ6N53", "TimeCreated": "2024-05-31 01:00:24.096369+00:00", "RecordID": "1582", "Level": "4", "UserID": "S-1-5-18", "EventData.ExtOrUriScheme": ".url", "EventData.ProgId": "IE.AssocFile.URL"}
{"EventID": "62443", "Channel": "Microsoft-Windows-Shell-Core/AppDefaults", "Provider_Name": "Microsoft-Windows-Shell-Core", "Computer": "DESKTOP-OFJ6N53", "TimeCreated": "2024-05-31 01:00:24.099869+00:00", "RecordID": "1583", "Level": "4", "UserID": "S-1-5-18", "EventData.Info": "QueryDefault-Mismatch: Association=.url, ProgId=IE.AssocFile.URL, S=S-1-5-18, T:2022:02:04:24:09:08, RH=3gz22dmDZ9k=, CH=IjkkKOTxZ78="}
{"EventID": "62440", "Channel": "Microsoft-Windows-Shell-Core/AppDefaults", "Provider_Name": "Microsoft-Windows-Shell-Core", "Computer": "DESKTOP-OFJ6N53", "TimeCreated": "2024-05-31 01:00:24.731777+00:00", "RecordID": "1584", "Level": "4", "UserID": "S-1-5-18", "EventData.ExtOrUriScheme": ".html", "EventData.ProgId": "MSEdgeHTM"}
{"EventID": "62443", "Channel": "Microsoft-Windows-Shell-Core/AppDefaults", "Provider_Name": "Microsoft-Windows-Shell-Core", "Computer": "DESKTOP-OFJ6N53", "TimeCreated": "2024-05-31 01:00:24.731796+00:00", "RecordID": "1585", "Level": "4", "UserID": "S-1-5-18", "EventData.Info": "QueryDefault-Mismatch: Association=.html, ProgId=MSEdgeHTM, S=S-1-5-18, T:2022:02:04:24:09:08, RH=9HsWGZun8VE=, CH=GUg/ybGw00o="}
{"EventID": "62440", "Channel": "Microsoft-Windows-Shell-Core/AppDefaults", "Provider_Name": "Microsoft-Windows-Shell-Core", "Computer": "DESKTOP-OFJ6N53", "TimeCreated": "2024-05-31 01:03:08.103075+00:00", "RecordID": "1586", "Level": "4", "UserID": "S-1-5-18", "EventData.ExtOrUriScheme": ".html", "EventData.ProgId": "MSEdgeHTM"}
{"EventID": "62443", "Channel": "Microsoft-Windows-Shell-Core/AppDefaults", "Provider_Name": "Microsoft-Windows-Shell-Core", "Computer": "DESKTOP-OFJ6N53", "TimeCreated": "2024-05-31 01:03:08.103109+00:00", "RecordID": "1587", "Level": "4", "UserID": "S-1-5-18", "EventData.Info": "QueryDefault-Mismatch: Association=.html, ProgId=MSEdgeHTM, S=S-1-5-18, T:2022:02:04:24:09:08, RH=9HsWGZun8VE=, CH=GUg/ybGw00o="}
{"EventID": "62440", "Channel": "Microsoft-Windows-Shell-Core/AppDefaults", "Provider_Name": "Microsoft-Windows-Shell-Core", "Computer": "DESKTOP-OFJ6N53", "TimeCreated": "2024-05-31 01:03:08.126957+00:00", "RecordID": "1588", "Level": "4", "UserID": "S-1-5-18", "EventData.ExtOrUriScheme": ".url", "EventData.ProgId": "IE.AssocFile.URL"}
{"EventID": "62443", "Channel": "Microsoft-Windows-Shell-Core/AppDefaults", "Provider_Name": "Microsoft-Windows-Shell-Core", "Computer": "DESKTOP-OFJ6N53", "TimeCreated": "2024-05-31 01:03:08.126966+00:00", "RecordID": "1589", "Level": "4", "UserID": "S-1-5-18", "EventData.Info": "QueryDefault-Mismatch: Association=.url, ProgId=IE.AssocFile.URL, S=S-1-5-18, T:2022:02:04:24:09:08, RH=3gz22dmDZ9k=, CH=IjkkKOTxZ78="}
{"EventID": "62443", "Channel": "Microsoft-Windows-Shell-Core/AppDefaults", "Provider_Name": "Microsoft-Windows-Shell-Core", "Computer": "DESKTOP-OFJ6N53", "TimeCreated": "2024-05-31 10:50:03.415976+00:00", "RecordID": "1590", "Level": "4", "UserID": "S-1-5-21-963789628-1060504924-4285088085-1001", "EventData.Info": "File Association hash version is still the same"}
{"EventID": "62443", "Channel": "Microsoft-Windows-Shell-Core/AppDefaults", "Provider_Name": "Microsoft-Windows-Shell-Core", "Computer": "DESKTOP-OFJ6N53", "TimeCreated": "2024-05-31 10:50:03.418749+00:00", "RecordID": "1591", "Level": "4", "UserID": "S-1-5-21-963789628-1060504924-4285088085-1001", "EventData.Info": "AppDefaults-Logon-UserProfileLoaded"}
{"EventID": "62443", "Channel": "Microsoft-Windows-Shell-Core/AppDefaults", "Provider_Name": "Microsoft-Windows-Shell-Core", "Computer": "DESKTOP-OFJ6N53", "TimeCreated": "2024-05-31 10:50:39.125729+00:00", "RecordID": "1592", "Level": "4", "UserID": "S-1-5-21-963789628-1060504924-4285088085-1001", "EventData.Info": "Querying default browser info"}
{"EventID": "62443", "Channel": "Microsoft-Windows-Shell-Core/AppDefaults", "Provider_Name": "Microsoft-Windows-Shell-Core", "Computer": "DESKTOP-OFJ6N53", "TimeCreated": "2024-05-31 10:51:08.914375+00:00", "RecordID": "1593", "Level": "4", "UserID": "S-1-5-21-963789628-1060504924-4285088085-1001", "EventData.Info": "Querying default browser info"}
{"EventID": "62443", "Channel": "Microsoft-Windows-Shell-Core/AppDefaults", "Provider_Name": "Microsoft-Windows-Shell-Core", "Computer": "DESKTOP-OFJ6N53", "TimeCreated": "2024-05-31 11:05:00.511848+00:00", "RecordID": "1594", "Level": "4", "UserID": "S-1-5-21-963789628-1060504924-4285088085-1001", "EventData.Info": "Querying default browser info"}
{"EventID": "62440", "Channel": "Microsoft-Windows-Shell-Core/AppDefaults", "Provider_Name": "Microsoft-Windows-Shell-Core", "Computer": "DESKTOP-OFJ6N53", "TimeCreated": "2024-06-02 01:56:20.305462+00:00", "RecordID": "1595", "Level": "4", "UserID": "S-1-5-18", "EventData.ExtOrUriScheme": ".url", "EventData.ProgId": "IE.AssocFile.URL"}
{"EventID": "62443", "Channel": "Microsoft-Windows-Shell-Core/AppDefaults", "Provider_Name": "Microsoft-Windows-Shell-Core", "Computer": "DESKTOP-OFJ6N53", "TimeCreated": "2024-06-02 01:56:20.307655+00:00", "RecordID": "1596", "Level": "4", "UserID": "S-1-5-18", "EventData.Info": "QueryDefault-Mismatch: Association=.url, ProgId=IE.AssocFile.URL, S=S-1-5-18, T:2022:02:04:24:09:08, RH=3gz22dmDZ9k=, CH=IjkkKOTxZ78="}
{"EventID": "62440", "Channel": "Microsoft-Windows-Shell-Core/AppDefaults", "Provider_Name": "Microsoft-Windows-Shell-Core", "Computer": "DESKTOP-OFJ6N53", "TimeCreated": "2024-06-02 01:56:20.631233+00:00", "RecordID": "1597", "Level": "4", "UserID": "S-1-5-18", "EventData.ExtOrUriScheme": ".html", "EventData.ProgId": "MSEdgeHTM"}
{"EventID": "62443", "Channel": "Microsoft-Windows-Shell-Core/AppDefaults", "Provider_Name": "Microsoft-Windows-Shell-Core", "Computer": "DESKTOP-OFJ6N53", "TimeCreated": "2024-06-02 01:56:20.631254+00:00", "RecordID": "1598", "Level": "4", "UserID": "S-1-5-18", "EventData.Info": "QueryDefault-Mismatch: Association=.html, ProgId=MSEdgeHTM, S=S-1-5-18, T:2022:02:04:24:09:08, RH=9HsWGZun8VE=, CH=GUg/ybGw00o="}
{"EventID": "62440", "Channel": "Microsoft-Windows-Shell-Core/AppDefaults", "Provider_Name": "Microsoft-Windows-Shell-Core", "Computer": "DESKTOP-OFJ6N53", "TimeCreated": "2024-06-04 01:54:18.623253+00:00", "RecordID": "1599", "Level": "4", "UserID": "S-1-5-18", "EventData.ExtOrUriScheme": ".url", "EventData.ProgId": "IE.AssocFile.URL"}
{"EventID": "62443", "Channel": "Microsoft-Windows-Shell-Core/AppDefaults", "Provider_Name": "Microsoft-Windows-Shell-Core", "Computer": "DESKTOP-OFJ6N53", "TimeCreated": "2024-06-04 01:54:18.625938+00:00", "RecordID": "1600", "Level": "4", "UserID": "S-1-5-18", "EventData.Info": "QueryDefault-Mismatch: Association=.url, ProgId=IE.AssocFile.URL, S=S-1-5-18, T:2022:02:04:24:09:08, RH=3gz22dmDZ9k=, CH=IjkkKOTxZ78="}
{"EventID": "62440", "Channel": "Microsoft-Windows-Shell-Core/AppDefaults", "Provider_Name": "Microsoft-Windows-Shell-Core", "Computer": "DESKTOP-OFJ6N53", "TimeCreated": "2024-06-04 01:54:18.877539+00:00", "RecordID": "1601", "Level": "4", "UserID": "S-1-5-18", "EventData.ExtOrUriScheme": ".html", "EventData.ProgId": "MSEdgeHTM"}
{"EventID": "62443", "Channel": "Microsoft-Windows-Shell-Core/AppDefaults", "Provider_Name": "Microsoft-Windows-Shell-Core", "Computer": "DESKTOP-OFJ6N53", "TimeCreated": "2024-06-04 01:54:18.877573+00:00", "RecordID": "1602", "Level": "4", "UserID": "S-1-5-18", "EventData.Info": "QueryDefault-Mismatch: Association=.html, ProgId=MSEdgeHTM, S=S-1-5-18, T:2022:02:04:24:09:08, RH=9HsWGZun8VE=, CH=GUg/ybGw00o="}
{"EventID": "62440", "Channel": "Microsoft-Windows-Shell-Core/AppDefaults", "Provider_Name": "Microsoft-Windows-Shell-Core", "Computer": "DESKTOP-OFJ6N53", "TimeCreated": "2024-06-06 01:18:44.648176+00:00", "RecordID": "1603", "Level": "4", "UserID": "S-1-5-18", "EventData.ExtOrUriScheme": ".url", "EventData.ProgId": "IE.AssocFile.URL"}
{"EventID": "62443", "Channel": "Microsoft-Windows-Shell-Core/AppDefaults", "Provider_Name": "Microsoft-Windows-Shell-Core", "Computer": "DESKTOP-OFJ6N53", "TimeCreated": "2024-06-06 01:18:44.649275+00:00", "RecordID": "1604", "Level": "4", "UserID": "S-1-5-18", "EventData.Info": "QueryDefault-Mismatch: Association=.url, ProgId=IE.AssocFile.URL, S=S-1-5-18, T:2022:02:04:24:09:08, RH=3gz22dmDZ9k=, CH=IjkkKOTxZ78="}
{"EventID": "62440", "Channel": "Microsoft-Windows-Shell-Core/AppDefaults", "Provider_Name": "Microsoft-Windows-Shell-Core", "Computer": "DESKTOP-OFJ6N53", "TimeCreated": "2024-06-06 01:18:44.885370+00:00", "RecordID": "1605", "Level": "4", "UserID": "S-1-5-18", "EventData.ExtOrUriScheme": ".html", "EventData.ProgId": "MSEdgeHTM"}
{"EventID": "62443", "Channel": "Microsoft-Windows-Shell-Core/AppDefaults", "Provider_Name": "Microsoft-Windows-Shell-Core", "Computer": "DESKTOP-OFJ6N53", "TimeCreated": "2024-06-06 01:18:44.885386+00:00", "RecordID": "1606", "Level": "4", "UserID": "S-1-5-18", "EventData.Info": "QueryDefault-Mismatch: Association=.html, ProgId=MSEdgeHTM, S=S-1-5-18, T:2022:02:04:24:09:08, RH=9HsWGZun8VE=, CH=GUg/ybGw00o="}
{"EventID": "62443", "Channel": "Microsoft-Windows-Shell-Core/AppDefaults", "Provider_Name": "Microsoft-Windows-Shell-Core", "Computer": "DESKTOP-OFJ6N53", "TimeCreated": "2024-06-06 12:19:11.804623+00:00", "RecordID": "1607", "Level": "4", "UserID": "S-1-5-21-963789628-1060504924-4285088085-1001", "EventData.Info": "File Association hash version is still the same"}
{"EventID": "62443", "Channel": "Microsoft-Windows-Shell-Core/AppDefaults", "Provider_Name": "Microsoft-Windows-Shell-Core", "Computer": "DESKTOP-OFJ6N53", "TimeCreated": "2024-06-06 12:19:11.806030+00:00", "RecordID": "1608", "Level": "4", "UserID": "S-1-5-21-963789628-1060504924-4285088085-1001", "EventData.Info": "AppDefaults-Logon-UserProfileLoaded"}
{"EventID": "62443", "Channel": "Microsoft-Windows-Shell-Core/AppDefaults", "Provider_Name": "Microsoft-Windows-Shell-Core", "Computer": "DESKTOP-OFJ6N53", "TimeCreated": "2024-06-06 12:19:29.778715+00:00", "RecordID": "1609", "Level": "4", "UserID": "S-1-5-21-963789628-1060504924-4285088085-1001", "EventData.Info": "Querying default browser info"}
{"EventID": "62443", "Channel": "Microsoft-Windows-Shell-Core/AppDefaults", "Provider_Name": "Microsoft-Windows-Shell-Core", "Computer": "DESKTOP-OFJ6N53", "TimeCreated": "2024-06-06 12:34:10.918259+00:00", "RecordID": "1610", "Level": "4", "UserID": "S-1-5-21-963789628-1060504924-4285088085-1001", "EventData.Info": "Querying default browser info"}
{"EventID": "62440", "Channel": "Microsoft-Windows-Shell-Core/AppDefaults", "Provider_Name": "Microsoft-Windows-Shell-Core", "Computer": "DESKTOP-OFJ6N53", "TimeCreated": "2024-06-07 01:27:11.586172+00:00", "RecordID": "1611", "Level": "4", "UserID": "S-1-5-18", "EventData.ExtOrUriScheme": ".url", "EventData.ProgId": "IE.AssocFile.URL"}
{"EventID": "62443", "Channel": "Microsoft-Windows-Shell-Core/AppDefaults", "Provider_Name": "Microsoft-Windows-Shell-Core", "Computer": "DESKTOP-OFJ6N53", "TimeCreated": "2024-06-07 01:27:11.587193+00:00", "RecordID": "1612", "Level": "4", "UserID": "S-1-5-18", "EventData.Info": "QueryDefault-Mismatch: Association=.url, ProgId=IE.AssocFile.URL, S=S-1-5-18, T:2022:02:04:24:09:08, RH=3gz22dmDZ9k=, CH=IjkkKOTxZ78="}
{"EventID": "62440", "Channel": "Microsoft-Windows-Shell-Core/AppDefaults", "Provider_Name": "Microsoft-Windows-Shell-Core", "Computer": "DESKTOP-OFJ6N53", "TimeCreated": "2024-06-07 01:27:12.028984+00:00", "RecordID": "1613", "Level": "4", "UserID": "S-1-5-18", "EventData.ExtOrUriScheme": ".html", "EventData.ProgId": "MSEdgeHTM"}
{"EventID": "62443", "Channel": "Microsoft-Windows-Shell-Core/AppDefaults", "Provider_Name": "Microsoft-Windows-Shell-Core", "Computer": "DESKTOP-OFJ6N53", "TimeCreated": "2024-06-07 01:27:12.028996+00:00", "RecordID": "1614", "Level": "4", "UserID": "S-1-5-18", "EventData.Info": "QueryDefault-Mismatch: Association=.html, ProgId=MSEdgeHTM, S=S-1-5-18, T:2022:02:04:24:09:08, RH=9HsWGZun8VE=, CH=GUg/ybGw00o="}
{"EventID": "62440", "Channel": "Microsoft-Windows-Shell-Core/AppDefaults", "Provider_Name": "Microsoft-Windows-Shell-Core", "Computer": "DESKTOP-OFJ6N53", "TimeCreated": "2024-06-07 01:28:31.825653+00:00", "RecordID": "1615", "Level": "4", "UserID": "S-1-5-18", "EventData.ExtOrUriScheme": ".html", "EventData.ProgId": "MSEdgeHTM"}
{"EventID": "62443", "Channel": "Microsoft-Windows-Shell-Core/AppDefaults", "Provider_Name": "Microsoft-Windows-Shell-Core", "Computer": "DESKTOP-OFJ6N53", "TimeCreated": "2024-06-07 01:28:31.825672+00:00", "RecordID": "1616", "Level": "4", "UserID": "S-1-5-18", "EventData.Info": "QueryDefault-Mismatch: Association=.html, ProgId=MSEdgeHTM, S=S-1-5-18, T:2022:02:04:24:09:08, RH=9HsWGZun8VE=, CH=GUg/ybGw00o="}
{"EventID": "62440", "Channel": "Microsoft-Windows-Shell-Core/AppDefaults", "Provider_Name": "Microsoft-Windows-Shell-Core", "Computer": "DESKTOP-OFJ6N53", "TimeCreated": "2024-06-07 01:28:31.834476+00:00", "RecordID": "1617", "Level": "4", "UserID": "S-1-5-18", "EventData.ExtOrUriScheme": ".url", "EventData.ProgId": "IE.AssocFile.URL"}
{"EventID": "62443", "Channel": "Microsoft-Windows-Shell-Core/AppDefaults", "Provider_Name": "Microsoft-Windows-Shell-Core", "Computer": "DESKTOP-OFJ6N53", "TimeCreated": "2024-06-07 01:28:31.834492+00:00", "RecordID": "1618", "Level": "4", "UserID": "S-1-5-18", "EventData.Info": "QueryDefault-Mismatch: Association=.url, ProgId=IE.AssocFile.URL, S=S-1-5-18, T:2022:02:04:24:09:08, RH=3gz22dmDZ9k=, CH=IjkkKOTxZ78="}
{"EventID": "62443", "Channel": "Microsoft-Windows-Shell-Core/AppDefaults", "Provider_Name": "Microsoft-Windows-Shell-Core", "Computer": "DESKTOP-OFJ6N53", "TimeCreated": "2024-06-07 11:24:59.180870+00:00", "RecordID": "1619", "Level": "4", "UserID": "S-1-5-21-963789628-1060504924-4285088085-1001", "EventData.Info": "Querying default browser info"}
{"EventID": "62440", "Channel": "Microsoft-Windows-Shell-Core/AppDefaults", "Provider_Name": "Microsoft-Windows-Shell-Core", "Computer": "DESKTOP-OFJ6N53", "TimeCreated": "2024-06-08 01:52:40.488197+00:00", "RecordID": "1620", "Level": "4", "UserID": "S-1-5-18", "EventData.ExtOrUriScheme": ".url", "EventData.ProgId": "IE.AssocFile.URL"}
{"EventID": "62443", "Channel": "Microsoft-Windows-Shell-Core/AppDefaults", "Provider_Name": "Microsoft-Windows-Shell-Core", "Computer": "DESKTOP-OFJ6N53", "TimeCreated": "2024-06-08 01:52:40.488226+00:00", "RecordID": "1621", "Level": "4", "UserID": "S-1-5-18", "EventData.Info": "QueryDefault-Mismatch: Association=.url, ProgId=IE.AssocFile.URL, S=S-1-5-18, T:2022:02:04:24:09:08, RH=3gz22dmDZ9k=, CH=IjkkKOTxZ78="}
{"EventID": "62440", "Channel": "Microsoft-Windows-Shell-Core/AppDefaults", "Provider_Name": "Microsoft-Windows-Shell-Core", "Computer": "DESKTOP-OFJ6N53", "TimeCreated": "2024-06-08 01:52:41.124222+00:00", "RecordID": "1622", "Level": "4", "UserID": "S-1-5-18", "EventData.ExtOrUriScheme": ".html", "EventData.ProgId": "MSEdgeHTM"}
{"EventID": "62443", "Channel": "Microsoft-Windows-Shell-Core/AppDefaults", "Provider_Name": "Microsoft-Windows-Shell-Core", "Computer": "DESKTOP-OFJ6N53", "TimeCreated": "2024-06-08 01:52:41.124249+00:00", "RecordID": "1623", "Level": "4", "UserID": "S-1-5-18", "EventData.Info": "QueryDefault-Mismatch: Association=.html, ProgId=MSEdgeHTM, S=S-1-5-18, T:2022:02:04:24:09:08, RH=9HsWGZun8VE=, CH=GUg/ybGw00o="}
{"EventID": "62440", "Channel": "Microsoft-Windows-Shell-Core/AppDefaults", "Provider_Name": "Microsoft-Windows-Shell-Core", "Computer": "DESKTOP-OFJ6N53", "TimeCreated": "2024-06-10 00:41:10.765532+00:00", "RecordID": "1624", "Level": "4", "UserID": "S-1-5-18", "EventData.ExtOrUriScheme": ".url", "EventData.ProgId": "IE.AssocFile.URL"}
{"EventID": "62443", "Channel": "Microsoft-Windows-Shell-Core/AppDefaults", "Provider_Name": "Microsoft-Windows-Shell-Core", "Computer": "DESKTOP-OFJ6N53", "TimeCreated": "2024-06-10 00:41:10.765551+00:00", "RecordID": "1625", "Level": "4", "UserID": "S-1-5-18", "EventData.Info": "QueryDefault-Mismatch: Association=.url, ProgId=IE.AssocFile.URL, S=S-1-5-18, T:2022:02:04:24:09:08, RH=3gz22dmDZ9k=, CH=IjkkKOTxZ78="}
{"EventID": "62440", "Channel": "Microsoft-Windows-Shell-Core/AppDefaults", "Provider_Name": "Microsoft-Windows-Shell-Core", "Computer": "DESKTOP-OFJ6N53", "TimeCreated": "2024-06-10 00:41:11.089176+00:00", "RecordID": "1626", "Level": "4", "UserID": "S-1-5-18", "EventData.ExtOrUriScheme": ".html", "EventData.ProgId": "MSEdgeHTM"}
{"EventID": "62443", "Channel": "Microsoft-Windows-Shell-Core/AppDefaults", "Provider_Name": "Microsoft-Windows-Shell-Core", "Computer": "DESKTOP-OFJ6N53", "TimeCreated": "2024-06-10 00:41:11.089188+00:00", "RecordID": "1627", "Level": "4", "UserID": "S-1-5-18", "EventData.Info": "QueryDefault-Mismatch: Association=.html, ProgId=MSEdgeHTM, S=S-1-5-18, T:2022:02:04:24:09:08, RH=9HsWGZun8VE=, CH=GUg/ybGw00o="}
{"EventID": "62443", "Channel": "Microsoft-Windows-Shell-Core/AppDefaults", "Provider_Name": "Microsoft-Windows-Shell-Core", "Computer": "DESKTOP-OFJ6N53", "TimeCreated": "2024-06-13 10:02:58.143707+00:00", "RecordID": "1628", "Level": "4", "UserID": "S-1-5-21-963789628-1060504924-4285088085-1001", "EventData.Info": "File Association hash version is still the same"}
{"EventID": "62443", "Channel": "Microsoft-Windows-Shell-Core/AppDefaults", "Provider_Name": "Microsoft-Windows-Shell-Core", "Computer": "DESKTOP-OFJ6N53", "TimeCreated": "2024-06-13 10:02:58.144411+00:00", "RecordID": "1629", "Level": "4", "UserID": "S-1-5-21-963789628-1060504924-4285088085-1001", "EventData.Info": "AppDefaults-Logon-UserProfileLoaded"}
{"EventID": "62443", "Channel": "Microsoft-Windows-Shell-Core/AppDefaults", "Provider_Name": "Microsoft-Windows-Shell-Core", "Computer": "DESKTOP-OFJ6N53", "TimeCreated": "2024-06-13 10:03:28.239950+00:00", "RecordID": "1630", "Level": "4", "UserID": "S-1-5-21-963789628-1060504924-4285088085-1001", "EventData.Info": "Querying default browser info"}
{"EventID": "62443", "Channel": "Microsoft-Windows-Shell-Core/AppDefaults", "Provider_Name": "Microsoft-Windows-Shell-Core", "Computer": "DESKTOP-OFJ6N53", "TimeCreated": "2024-06-13 10:03:49.330647+00:00", "RecordID": "1631", "Level": "4", "UserID": "S-1-5-21-963789628-1060504924-4285088085-1001", "EventData.Info": "Querying default browser info"}
{"EventID": "62443", "Channel": "Microsoft-Windows-Shell-Core/AppDefaults", "Provider_Name": "Microsoft-Windows-Shell-Core", "Computer": "DESKTOP-OFJ6N53", "TimeCreated": "2024-06-13 10:17:56.607515+00:00", "RecordID": "1632", "Level": "4", "UserID": "S-1-5-21-963789628-1060504924-4285088085-1001", "EventData.Info": "Querying default browser info"}
{"EventID": "62443", "Channel": "Microsoft-Windows-Shell-Core/AppDefaults", "Provider_Name": "Microsoft-Windows-Shell-Core", "Computer": "DESKTOP-OFJ6N53", "TimeCreated": "2024-06-13 10:21:35.875351+00:00", "RecordID": "1633", "Level": "4", "UserID": "S-1-5-21-963789628-1060504924-4285088085-1001", "EventData.Info": "File Association hash version is still the same"}
{"EventID": "62443", "Channel": "Microsoft-Windows-Shell-Core/AppDefaults", "Provider_Name": "Microsoft-Windows-Shell-Core", "Computer": "DESKTOP-OFJ6N53", "TimeCreated": "2024-06-13 10:21:35.876265+00:00", "RecordID": "1634", "Level": "4", "UserID": "S-1-5-21-963789628-1060504924-4285088085-1001", "EventData.Info": "AppDefaults-Logon-UserProfileLoaded"}
{"EventID": "62443", "Channel": "Microsoft-Windows-Shell-Core/AppDefaults", "Provider_Name": "Microsoft-Windows-Shell-Core", "Computer": "DESKTOP-OFJ6N53", "TimeCreated": "2024-06-13 10:21:46.466013+00:00", "RecordID": "1635", "Level": "4", "UserID": "S-1-5-21-963789628-1060504924-4285088085-1001", "EventData.Info": "Querying default browser info"}
{"EventID": "62443", "Channel": "Microsoft-Windows-Shell-Core/AppDefaults", "Provider_Name": "Microsoft-Windows-Shell-Core", "Computer": "DESKTOP-OFJ6N53", "TimeCreated": "2024-06-13 10:36:35.260910+00:00", "RecordID": "1636", "Level": "4", "UserID": "S-1-5-21-963789628-1060504924-4285088085-1001", "EventData.Info": "Querying default browser info"}
{"EventID": "62440", "Channel": "Microsoft-Windows-Shell-Core/AppDefaults", "Provider_Name": "Microsoft-Windows-Shell-Core", "Computer": "DESKTOP-OFJ6N53", "TimeCreated": "2024-06-14 00:43:14.485773+00:00", "RecordID": "1637", "Level": "4", "UserID": "S-1-5-18", "EventData.ExtOrUriScheme": ".url", "EventData.ProgId": "IE.AssocFile.URL"}
{"EventID": "62443", "Channel": "Microsoft-Windows-Shell-Core/AppDefaults", "Provider_Name": "Microsoft-Windows-Shell-Core", "Computer": "DESKTOP-OFJ6N53", "TimeCreated": "2024-06-14 00:43:14.485792+00:00", "RecordID": "1638", "Level": "4", "UserID": "S-1-5-18", "EventData.Info": "QueryDefault-Mismatch: Association=.url, ProgId=IE.AssocFile.URL, S=S-1-5-18, T:2022:02:04:24:09:08, RH=3gz22dmDZ9k=, CH=IjkkKOTxZ78="}
{"EventID": "62440", "Channel": "Microsoft-Windows-Shell-Core/AppDefaults", "Provider_Name": "Microsoft-Windows-Shell-Core", "Computer": "DESKTOP-OFJ6N53", "TimeCreated": "2024-06-14 00:43:14.858654+00:00", "RecordID": "1639", "Level": "4", "UserID": "S-1-5-18", "EventData.ExtOrUriScheme": ".html", "EventData.ProgId": "MSEdgeHTM"}
{"EventID": "62443", "Channel": "Microsoft-Windows-Shell-Core/AppDefaults", "Provider_Name": "Microsoft-Windows-Shell-Core", "Computer": "DESKTOP-OFJ6N53", "TimeCreated": "2024-06-14 00:43:14.858664+00:00", "RecordID": "1640", "Level": "4", "UserID": "S-1-5-18", "EventData.Info": "QueryDefault-Mismatch: Association=.html, ProgId=MSEdgeHTM, S=S-1-5-18, T:2022:02:04:24:09:08, RH=9HsWGZun8VE=, CH=GUg/ybGw00o="}
{"EventID": "62440", "Channel": "Microsoft-Windows-Shell-Core/AppDefaults", "Provider_Name": "Microsoft-Windows-Shell-Core", "Computer": "DESKTOP-OFJ6N53", "TimeCreated": "2024-06-15 01:13:42.523355+00:00", "RecordID": "1641", "Level": "4", "UserID": "S-1-5-18", "EventData.ExtOrUriScheme": ".url", "EventData.ProgId": "IE.AssocFile.URL"}
{"EventID": "62443", "Channel": "Microsoft-Windows-Shell-Core/AppDefaults", "Provider_Name": "Microsoft-Windows-Shell-Core", "Computer": "DESKTOP-OFJ6N53", "TimeCreated": "2024-06-15 01:13:42.523415+00:00", "RecordID": "1642", "Level": "4", "UserID": "S-1-5-18", "EventData.Info": "QueryDefault-Mismatch: Association=.url, ProgId=IE.AssocFile.URL, S=S-1-5-18, T:2022:02:04:24:09:08, RH=3gz22dmDZ9k=, CH=IjkkKOTxZ78="}
{"EventID": "62440", "Channel": "Microsoft-Windows-Shell-Core/AppDefaults", "Provider_Name": "Microsoft-Windows-Shell-Core", "Computer": "DESKTOP-OFJ6N53", "TimeCreated": "2024-06-15 01:13:42.862423+00:00", "RecordID": "1643", "Level": "4", "UserID": "S-1-5-18", "EventData.ExtOrUriScheme": ".html", "EventData.ProgId": "MSEdgeHTM"}
{"EventID": "62443", "Channel": "Microsoft-Windows-Shell-Core/AppDefaults", "Provider_Name": "Microsoft-Windows-Shell-Core", "Computer": "DESKTOP-OFJ6N53", "TimeCreated": "2024-06-15 01:13:42.862432+00:00", "RecordID": "1644", "Level": "4", "UserID": "S-1-5-18", "EventData.Info": "QueryDefault-Mismatch: Association=.html, ProgId=MSEdgeHTM, S=S-1-5-18, T:2022:02:04:24:09:08, RH=9HsWGZun8VE=, CH=GUg/ybGw00o="}
{"EventID": "62440", "Channel": "Microsoft-Windows-Shell-Core/AppDefaults", "Provider_Name": "Microsoft-Windows-Shell-Core", "Computer": "DESKTOP-OFJ6N53", "TimeCreated": "2024-06-15 01:14:58.312531+00:00", "RecordID": "1645", "Level": "4", "UserID": "S-1-5-18", "EventData.ExtOrUriScheme": ".html", "EventData.ProgId": "MSEdgeHTM"}
{"EventID": "62443", "Channel": "Microsoft-Windows-Shell-Core/AppDefaults", "Provider_Name": "Microsoft-Windows-Shell-Core", "Computer": "DESKTOP-OFJ6N53", "TimeCreated": "2024-06-15 01:14:58.312546+00:00", "RecordID": "1646", "Level": "4", "UserID": "S-1-5-18", "EventData.Info": "QueryDefault-Mismatch: Association=.html, ProgId=MSEdgeHTM, S=S-1-5-18, T:2022:02:04:24:09:08, RH=9HsWGZun8VE=, CH=GUg/ybGw00o="}
{"EventID": "62440", "Channel": "Microsoft-Windows-Shell-Core/AppDefaults", "Provider_Name": "Microsoft-Windows-Shell-Core", "Computer": "DESKTOP-OFJ6N53", "TimeCreated": "2024-06-15 01:14:58.320129+00:00", "RecordID": "1647", "Level": "4", "UserID": "S-1-5-18", "EventData.ExtOrUriScheme": ".url", "EventData.ProgId": "IE.AssocFile.URL"}
{"EventID": "62443", "Channel": "Microsoft-Windows-Shell-Core/AppDefaults", "Provider_Name": "Microsoft-Windows-Shell-Core", "Computer": "DESKTOP-OFJ6N53", "TimeCreated": "2024-06-15 01:14:58.320145+00:00", "RecordID": "1648", "Level": "4", "UserID": "S-1-5-18", "EventData.Info": "QueryDefault-Mismatch: Association=.url, ProgId=IE.AssocFile.URL, S=S-1-5-18, T:2022:02:04:24:09:08, RH=3gz22dmDZ9k=, CH=IjkkKOTxZ78="}
{"EventID": "62443", "Channel": "Microsoft-Windows-Shell-Core/AppDefaults", "Provider_Name": "Microsoft-Windows-Shell-Core", "Computer": "DESKTOP-OFJ6N53", "TimeCreated": "2024-06-16 10:03:38.636703+00:00", "RecordID": "1649", "Level": "4", "UserID": "S-1-5-21-963789628-1060504924-4285088085-1001", "EventData.Info": "Querying default browser info"}
{"EventID": "62440", "Channel": "Microsoft-Windows-Shell-Core/AppDefaults", "Provider_Name": "Microsoft-Windows-Shell-Core", "Computer": "DESKTOP-OFJ6N53", "TimeCreated": "2024-06-17 00:04:25.913103+00:00", "RecordID": "1650", "Level": "4", "UserID": "S-1-5-18", "EventData.ExtOrUriScheme": ".url", "EventData.ProgId": "IE.AssocFile.URL"}
{"EventID": "62443", "Channel": "Microsoft-Windows-Shell-Core/AppDefaults", "Provider_Name": "Microsoft-Windows-Shell-Core", "Computer": "DESKTOP-OFJ6N53", "TimeCreated": "2024-06-17 00:04:25.914198+00:00", "RecordID": "1651", "Level": "4", "UserID": "S-1-5-18", "EventData.Info": "QueryDefault-Mismatch: Association=.url, ProgId=IE.AssocFile.URL, S=S-1-5-18, T:2022:02:04:24:09:08, RH=3gz22dmDZ9k=, CH=IjkkKOTxZ78="}
{"EventID": "62440", "Channel": "Microsoft-Windows-Shell-Core/AppDefaults", "Provider_Name": "Microsoft-Windows-Shell-Core", "Computer": "DESKTOP-OFJ6N53", "TimeCreated": "2024-06-17 00:04:26.143791+00:00", "RecordID": "1652", "Level": "4", "UserID": "S-1-5-18", "EventData.ExtOrUriScheme": ".html", "EventData.ProgId": "MSEdgeHTM"}
{"EventID": "62443", "Channel": "Microsoft-Windows-Shell-Core/AppDefaults", "Provider_Name": "Microsoft-Windows-Shell-Core", "Computer": "DESKTOP-OFJ6N53", "TimeCreated": "2024-06-17 00:04:26.143805+00:00", "RecordID": "1653", "Level": "4", "UserID": "S-1-5-18", "EventData.Info": "QueryDefault-Mismatch: Association=.html, ProgId=MSEdgeHTM, S=S-1-5-18, T:2022:02:04:24:09:08, RH=9HsWGZun8VE=, CH=GUg/ybGw00o="}
{"EventID": "62440", "Channel": "Microsoft-Windows-Shell-Core/AppDefaults", "Provider_Name": "Microsoft-Windows-Shell-Core", "Computer": "DESKTOP-OFJ6N53", "TimeCreated": "2024-06-18 01:47:21.637617+00:00", "RecordID": "1654", "Level": "4", "UserID": "S-1-5-18", "EventData.ExtOrUriScheme": ".url", "EventData.ProgId": "IE.AssocFile.URL"}
{"EventID": "62443", "Channel": "Microsoft-Windows-Shell-Core/AppDefaults", "Provider_Name": "Microsoft-Windows-Shell-Core", "Computer": "DESKTOP-OFJ6N53", "TimeCreated": "2024-06-18 01:47:21.637634+00:00", "RecordID": "1655", "Level": "4", "UserID": "S-1-5-18", "EventData.Info": "QueryDefault-Mismatch: Association=.url, ProgId=IE.AssocFile.URL, S=S-1-5-18, T:2022:02:04:24:09:08, RH=3gz22dmDZ9k=, CH=IjkkKOTxZ78="}
{"EventID": "62440", "Channel": "Microsoft-Windows-Shell-Core/AppDefaults", "Provider_Name": "Microsoft-Windows-Shell-Core", "Computer": "DESKTOP-OFJ6N53", "TimeCreated": "2024-06-18 01:47:21.860121+00:00", "RecordID": "1656", "Level": "4", "UserID": "S-1-5-18", "EventData.ExtOrUriScheme": ".html", "EventData.ProgId": "MSEdgeHTM"}
{"EventID": "62443", "Channel": "Microsoft-Windows-Shell-Core/AppDefaults", "Provider_Name": "Microsoft-Windows-Shell-Core", "Computer": "DESKTOP-OFJ6N53", "TimeCreated": "2024-06-18 01:47:21.860134+00:00", "RecordID": "1657", "Level": "4", "UserID": "S-1-5-18", "EventData.Info": "QueryDefault-Mismatch: Association=.html, ProgId=MSEdgeHTM, S=S-1-5-18, T:2022:02:04:24:09:08, RH=9HsWGZun8VE=, CH=GUg/ybGw00o="}
{"EventID": "62440", "Channel": "Microsoft-Windows-Shell-Core/AppDefaults", "Provider_Name": "Microsoft-Windows-Shell-Core", "Computer": "DESKTOP-OFJ6N53", "TimeCreated": "2024-06-20 00:02:47.893023+00:00", "RecordID": "1658", "Level": "4", "UserID": "S-1-5-18", "EventData.ExtOrUriScheme": ".url", "EventData.ProgId": "IE.AssocFile.URL"}
{"EventID": "62443", "Channel": "Microsoft-Windows-Shell-Core/AppDefaults", "Provider_Name": "Microsoft-Windows-Shell-Core", "Computer": "DESKTOP-OFJ6N53", "TimeCreated": "2024-06-20 00:02:47.893042+00:00", "RecordID": "1659", "Level": "4", "UserID": "S-1-5-18", "EventData.Info": "QueryDefault-Mismatch: Association=.url, ProgId=IE.AssocFile.URL, S=S-1-5-18, T:2022:02:04:24:09:08, RH=3gz22dmDZ9k=, CH=IjkkKOTxZ78="}
{"EventID": "62440", "Channel": "Microsoft-Windows-Shell-Core/AppDefaults", "Provider_Name": "Microsoft-Windows-Shell-Core", "Computer": "DESKTOP-OFJ6N53", "TimeCreated": "2024-06-20 00:02:48.241375+00:00", "RecordID": "1660", "Level": "4", "UserID": "S-1-5-18", "EventData.ExtOrUriScheme": ".html", "EventData.ProgId": "MSEdgeHTM"}
{"EventID": "62443", "Channel": "Microsoft-Windows-Shell-Core/AppDefaults", "Provider_Name": "Microsoft-Windows-Shell-Core", "Computer": "DESKTOP-OFJ6N53", "TimeCreated": "2024-06-20 00:02:48.241385+00:00", "RecordID": "1661", "Level": "4", "UserID": "S-1-5-18", "EventData.Info": "QueryDefault-Mismatch: Association=.html, ProgId=MSEdgeHTM, S=S-1-5-18, T:2022:02:04:24:09:08, RH=9HsWGZun8VE=, CH=GUg/ybGw00o="}
{"EventID": "62440", "Channel": "Microsoft-Windows-Shell-Core/AppDefaults", "Provider_Name": "Microsoft-Windows-Shell-Core", "Computer": "DESKTOP-OFJ6N53", "TimeCreated": "2024-06-21 00:27:20.122686+00:00", "RecordID": "1662", "Level": "4", "UserID": "S-1-5-18", "EventData.ExtOrUriScheme": ".url", "EventData.ProgId": "IE.AssocFile.URL"}
{"EventID": "62443", "Channel": "Microsoft-Windows-Shell-Core/AppDefaults", "Provider_Name": "Microsoft-Windows-Shell-Core", "Computer": "DESKTOP-OFJ6N53", "TimeCreated": "2024-06-21 00:27:20.122700+00:00", "RecordID": "1663", "Level": "4", "UserID": "S-1-5-18", "EventData.Info": "QueryDefault-Mismatch: Association=.url, ProgId=IE.AssocFile.URL, S=S-1-5-18, T:2022:02:04:24:09:08, RH=3gz22dmDZ9k=, CH=IjkkKOTxZ78="}
{"EventID": "62440", "Channel": "Microsoft-Windows-Shell-Core/AppDefaults", "Provider_Name": "Microsoft-Windows-Shell-Core", "Computer": "DESKTOP-OFJ6N53", "TimeCreated": "2024-06-21 00:27:20.343475+00:00", "RecordID": "1664", "Level": "4", "UserID": "S-1-5-18", "EventData.ExtOrUriScheme": ".html", "EventData.ProgId": "MSEdgeHTM"}
{"EventID": "62443", "Channel": "Microsoft-Windows-Shell-Core/AppDefaults", "Provider_Name": "Microsoft-Windows-Shell-Core", "Computer": "DESKTOP-OFJ6N53", "TimeCreated": "2024-06-21 00:27:20.343510+00:00", "RecordID": "1665", "Level": "4", "UserID": "S-1-5-18", "EventData.Info": "QueryDefault-Mismatch: Association=.html, ProgId=MSEdgeHTM, S=S-1-5-18, T:2022:02:04:24:09:08, RH=9HsWGZun8VE=, CH=GUg/ybGw00o="}
{"EventID": "62440", "Channel": "Microsoft-Windows-Shell-Core/AppDefaults", "Provider_Name": "Microsoft-Windows-Shell-Core", "Computer": "DESKTOP-OFJ6N53", "TimeCreated": "2024-06-23 01:47:39.515858+00:00", "RecordID": "1666", "Level": "4", "UserID": "S-1-5-18", "EventData.ExtOrUriScheme": ".url", "EventData.ProgId": "IE.AssocFile.URL"}
{"EventID": "62443", "Channel": "Microsoft-Windows-Shell-Core/AppDefaults", "Provider_Name": "Microsoft-Windows-Shell-Core", "Computer": "DESKTOP-OFJ6N53", "TimeCreated": "2024-06-23 01:47:39.515873+00:00", "RecordID": "1667", "Level": "4", "UserID": "S-1-5-18", "EventData.Info": "QueryDefault-Mismatch: Association=.url, ProgId=IE.AssocFile.URL, S=S-1-5-18, T:2022:02:04:24:09:08, RH=3gz22dmDZ9k=, CH=IjkkKOTxZ78="}
{"EventID": "62440", "Channel": "Microsoft-Windows-Shell-Core/AppDefaults", "Provider_Name": "Microsoft-Windows-Shell-Core", "Computer": "DESKTOP-OFJ6N53", "TimeCreated": "2024-06-23 01:47:40.262838+00:00", "RecordID": "1668", "Level": "4", "UserID": "S-1-5-18", "EventData.ExtOrUriScheme": ".html", "EventData.ProgId": "MSEdgeHTM"}
{"EventID": "62443", "Channel": "Microsoft-Windows-Shell-Core/AppDefaults", "Provider_Name": "Microsoft-Windows-Shell-Core", "Computer": "DESKTOP-OFJ6N53", "TimeCreated": "2024-06-23 01:47:40.262852+00:00", "RecordID": "1669", "Level": "4", "UserID": "S-1-5-18", "EventData.Info": "QueryDefault-Mismatch: Association=.html, ProgId=MSEdgeHTM, S=S-1-5-18, T:2022:02:04:24:09:08, RH=9HsWGZun8VE=, CH=GUg/ybGw00o="}
{"EventID": "62440", "Channel": "Microsoft-Windows-Shell-Core/AppDefaults", "Provider_Name": "Microsoft-Windows-Shell-Core", "Computer": "DESKTOP-OFJ6N53", "TimeCreated": "2024-06-23 01:48:31.227736+00:00", "RecordID": "1670", "Level": "4", "UserID": "S-1-5-18", "EventData.ExtOrUriScheme": ".html", "EventData.ProgId": "MSEdgeHTM"}
{"EventID": "62443", "Channel": "Microsoft-Windows-Shell-Core/AppDefaults", "Provider_Name": "Microsoft-Windows-Shell-Core", "Computer": "DESKTOP-OFJ6N53", "TimeCreated": "2024-06-23 01:48:31.227753+00:00", "RecordID": "1671", "Level": "4", "UserID": "S-1-5-18", "EventData.Info": "QueryDefault-Mismatch: Association=.html, ProgId=MSEdgeHTM, S=S-1-5-18, T:2022:02:04:24:09:08, RH=9HsWGZun8VE=, CH=GUg/ybGw00o="}
{"EventID": "62440", "Channel": "Microsoft-Windows-Shell-Core/AppDefaults", "Provider_Name": "Microsoft-Windows-Shell-Core", "Computer": "DESKTOP-OFJ6N53", "TimeCreated": "2024-06-23 01:48:31.235512+00:00", "RecordID": "1672", "Level": "4", "UserID": "S-1-5-18", "EventData.ExtOrUriScheme": ".url", "EventData.ProgId": "IE.AssocFile.URL"}
{"EventID": "62443", "Channel": "Microsoft-Windows-Shell-Core/AppDefaults", "Provider_Name": "Microsoft-Windows-Shell-Core", "Computer": "DESKTOP-OFJ6N53", "TimeCreated": "2024-06-23 01:48:31.235521+00:00", "RecordID": "1673", "Level": "4", "UserID": "S-1-5-18", "EventData.Info": "QueryDefault-Mismatch: Association=.url, ProgId=IE.AssocFile.URL, S=S-1-5-18, T:2022:02:04:24:09:08, RH=3gz22dmDZ9k=, CH=IjkkKOTxZ78="}
{"EventID": "62440", "Channel": "Microsoft-Windows-Shell-Core/AppDefaults", "Provider_Name": "Microsoft-Windows-Shell-Core", "Computer": "DESKTOP-OFJ6N53", "TimeCreated": "2024-06-25 00:17:43.022179+00:00", "RecordID": "1674", "Level": "4", "UserID": "S-1-5-18", "EventData.ExtOrUriScheme": ".url", "EventData.ProgId": "IE.AssocFile.URL"}
{"EventID": "62443", "Channel": "Microsoft-Windows-Shell-Core/AppDefaults", "Provider_Name": "Microsoft-Windows-Shell-Core", "Computer": "DESKTOP-OFJ6N53", "TimeCreated": "2024-06-25 00:17:43.022230+00:00", "RecordID": "1675", "Level": "4", "UserID": "S-1-5-18", "EventData.Info": "QueryDefault-Mismatch: Association=.url, ProgId=IE.AssocFile.URL, S=S-1-5-18, T:2022:02:04:24:09:08, RH=3gz22dmDZ9k=, CH=IjkkKOTxZ78="}
{"EventID": "62440", "Channel": "Microsoft-Windows-Shell-Core/AppDefaults", "Provider_Name": "Microsoft-Windows-Shell-Core", "Computer": "DESKTOP-OFJ6N53", "TimeCreated": "2024-06-25 00:17:43.376923+00:00", "RecordID": "1676", "Level": "4", "UserID": "S-1-5-18", "EventData.ExtOrUriScheme": ".html", "EventData.ProgId": "MSEdgeHTM"}
{"EventID": "62443", "Channel": "Microsoft-Windows-Shell-Core/AppDefaults", "Provider_Name": "Microsoft-Windows-Shell-Core", "Computer": "DESKTOP-OFJ6N53", "TimeCreated": "2024-06-25 00:17:43.376932+00:00", "RecordID": "1677", "Level": "4", "UserID": "S-1-5-18", "EventData.Info": "QueryDefault-Mismatch: Association=.html, ProgId=MSEdgeHTM, S=S-1-5-18, T:2022:02:04:24:09:08, RH=9HsWGZun8VE=, CH=GUg/ybGw00o="}
{"EventID": "62440", "Channel": "Microsoft-Windows-Shell-Core/AppDefaults", "Provider_Name": "Microsoft-Windows-Shell-Core", "Computer": "DESKTOP-OFJ6N53", "TimeCreated": "2024-06-26 00:37:47.257534+00:00", "RecordID": "1678", "Level": "4", "UserID": "S-1-5-18", "EventData.ExtOrUriScheme": ".url", "EventData.ProgId": "IE.AssocFile.URL"}
{"EventID": "62443", "Channel": "Microsoft-Windows-Shell-Core/AppDefaults", "Provider_Name": "Microsoft-Windows-Shell-Core", "Computer": "DESKTOP-OFJ6N53", "TimeCreated": "2024-06-26 00:37:47.258595+00:00", "RecordID": "1679", "Level": "4", "UserID": "S-1-5-18", "EventData.Info": "QueryDefault-Mismatch: Association=.url, ProgId=IE.AssocFile.URL, S=S-1-5-18, T:2022:02:04:24:09:08, RH=3gz22dmDZ9k=, CH=IjkkKOTxZ78="}
{"EventID": "62440", "Channel": "Microsoft-Windows-Shell-Core/AppDefaults", "Provider_Name": "Microsoft-Windows-Shell-Core", "Computer": "DESKTOP-OFJ6N53", "TimeCreated": "2024-06-26 00:37:47.462988+00:00", "RecordID": "1680", "Level": "4", "UserID": "S-1-5-18", "EventData.ExtOrUriScheme": ".html", "EventData.ProgId": "MSEdgeHTM"}
{"EventID": "62443", "Channel": "Microsoft-Windows-Shell-Core/AppDefaults", "Provider_Name": "Microsoft-Windows-Shell-Core", "Computer": "DESKTOP-OFJ6N53", "TimeCreated": "2024-06-26 00:37:47.462999+00:00", "RecordID": "1681", "Level": "4", "UserID": "S-1-5-18", "EventData.Info": "QueryDefault-Mismatch: Association=.html, ProgId=MSEdgeHTM, S=S-1-5-18, T:2022:02:04:24:09:08, RH=9HsWGZun8VE=, CH=GUg/ybGw00o="}
{"EventID": "62440", "Channel": "Microsoft-Windows-Shell-Core/AppDefaults", "Provider_Name": "Microsoft-Windows-Shell-Core", "Computer": "DESKTOP-OFJ6N53", "TimeCreated": "2024-06-27 00:43:40.726105+00:00", "RecordID": "1682", "Level": "4", "UserID": "S-1-5-18", "EventData.ExtOrUriScheme": ".url", "EventData.ProgId": "IE.AssocFile.URL"}
{"EventID": "62443", "Channel": "Microsoft-Windows-Shell-Core/AppDefaults", "Provider_Name": "Microsoft-Windows-Shell-Core", "Computer": "DESKTOP-OFJ6N53", "TimeCreated": "2024-06-27 00:43:40.726126+00:00", "RecordID": "1683", "Level": "4", "UserID": "S-1-5-18", "EventData.Info": "QueryDefault-Mismatch: Association=.url, ProgId=IE.AssocFile.URL, S=S-1-5-18, T:2022:02:04:24:09:08, RH=3gz22dmDZ9k=, CH=IjkkKOTxZ78="}
{"EventID": "62440", "Channel": "Microsoft-Windows-Shell-Core/AppDefaults", "Provider_Name": "Microsoft-Windows-Shell-Core", "Computer": "DESKTOP-OFJ6N53", "TimeCreated": "2024-06-27 00:43:41.149557+00:00", "RecordID": "1684", "Level": "4", "UserID": "S-1-5-18", "EventData.ExtOrUriScheme": ".html", "EventData.ProgId": "MSEdgeHTM"}
{"EventID": "62443", "Channel": "Microsoft-Windows-Shell-Core/AppDefaults", "Provider_Name": "Microsoft-Windows-Shell-Core", "Computer": "DESKTOP-OFJ6N53", "TimeCreated": "2024-06-27 00:43:41.149569+00:00", "RecordID": "1685", "Level": "4", "UserID": "S-1-5-18", "EventData.Info": "QueryDefault-Mismatch: Association=.html, ProgId=MSEdgeHTM, S=S-1-5-18, T:2022:02:04:24:09:08, RH=9HsWGZun8VE=, CH=GUg/ybGw00o="}
{"EventID": "62440", "Channel": "Microsoft-Windows-Shell-Core/AppDefaults", "Provider_Name": "Microsoft-Windows-Shell-Core", "Computer": "DESKTOP-OFJ6N53", "TimeCreated": "2024-06-28 01:40:44.692560+00:00", "RecordID": "1686", "Level": "4", "UserID": "S-1-5-18", "EventData.ExtOrUriScheme": ".url", "EventData.ProgId": "IE.AssocFile.URL"}
{"EventID": "62443", "Channel": "Microsoft-Windows-Shell-Core/AppDefaults", "Provider_Name": "Microsoft-Windows-Shell-Core", "Computer": "DESKTOP-OFJ6N53", "TimeCreated": "2024-06-28 01:40:44.692575+00:00", "RecordID": "1687", "Level": "4", "UserID": "S-1-5-18", "EventData.Info": "QueryDefault-Mismatch: Association=.url, ProgId=IE.AssocFile.URL, S=S-1-5-18, T:2022:02:04:24:09:08, RH=3gz22dmDZ9k=, CH=IjkkKOTxZ78="}
{"EventID": "62440", "Channel": "Microsoft-Windows-Shell-Core/AppDefaults", "Provider_Name": "Microsoft-Windows-Shell-Core", "Computer": "DESKTOP-OFJ6N53", "TimeCreated": "2024-06-28 01:40:45.572416+00:00", "RecordID": "1688", "Level": "4", "UserID": "S-1-5-18", "EventData.ExtOrUriScheme": ".html", "EventData.ProgId": "MSEdgeHTM"}
{"EventID": "62443", "Channel": "Microsoft-Windows-Shell-Core/AppDefaults", "Provider_Name": "Microsoft-Windows-Shell-Core", "Computer": "DESKTOP-OFJ6N53", "TimeCreated": "2024-06-28 01:40:45.572426+00:00", "RecordID": "1689", "Level": "4", "UserID": "S-1-5-18", "EventData.Info": "QueryDefault-Mismatch: Association=.html, ProgId=MSEdgeHTM, S=S-1-5-18, T:2022:02:04:24:09:08, RH=9HsWGZun8VE=, CH=GUg/ybGw00o="}
{"EventID": "62440", "Channel": "Microsoft-Windows-Shell-Core/AppDefaults", "Provider_Name": "Microsoft-Windows-Shell-Core", "Computer": "DESKTOP-OFJ6N53", "TimeCreated": "2024-06-29 01:54:30.556999+00:00", "RecordID": "1690", "Level": "4", "UserID": "S-1-5-18", "EventData.ExtOrUriScheme": ".url", "EventData.ProgId": "IE.AssocFile.URL"}
{"EventID": "62443", "Channel": "Microsoft-Windows-Shell-Core/AppDefaults", "Provider_Name": "Microsoft-Windows-Shell-Core", "Computer": "DESKTOP-OFJ6N53", "TimeCreated": "2024-06-29 01:54:30.557552+00:00", "RecordID": "1691", "Level": "4", "UserID": "S-1-5-18", "EventData.Info": "QueryDefault-Mismatch: Association=.url, ProgId=IE.AssocFile.URL, S=S-1-5-18, T:2022:02:04:24:09:08, RH=3gz22dmDZ9k=, CH=IjkkKOTxZ78="}
{"EventID": "62440", "Channel": "Microsoft-Windows-Shell-Core/AppDefaults", "Provider_Name": "Microsoft-Windows-Shell-Core", "Computer": "DESKTOP-OFJ6N53", "TimeCreated": "2024-06-29 01:54:31.758842+00:00", "RecordID": "1692", "Level": "4", "UserID": "S-1-5-18", "EventData.ExtOrUriScheme": ".html", "EventData.ProgId": "MSEdgeHTM"}
{"EventID": "62443", "Channel": "Microsoft-Windows-Shell-Core/AppDefaults", "Provider_Name": "Microsoft-Windows-Shell-Core", "Computer": "DESKTOP-OFJ6N53", "TimeCreated": "2024-06-29 01:54:31.758860+00:00", "RecordID": "1693", "Level": "4", "UserID": "S-1-5-18", "EventData.Info": "QueryDefault-Mismatch: Association=.html, ProgId=MSEdgeHTM, S=S-1-5-18, T:2022:02:04:24:09:08, RH=9HsWGZun8VE=, CH=GUg/ybGw00o="}
{"EventID": "62440", "Channel": "Microsoft-Windows-Shell-Core/AppDefaults", "Provider_Name": "Microsoft-Windows-Shell-Core", "Computer": "DESKTOP-OFJ6N53", "TimeCreated": "2024-07-01 00:04:54.392876+00:00", "RecordID": "1694", "Level": "4", "UserID": "S-1-5-18", "EventData.ExtOrUriScheme": ".url", "EventData.ProgId": "IE.AssocFile.URL"}
{"EventID": "62443", "Channel": "Microsoft-Windows-Shell-Core/AppDefaults", "Provider_Name": "Microsoft-Windows-Shell-Core", "Computer": "DESKTOP-OFJ6N53", "TimeCreated": "2024-07-01 00:04:54.396257+00:00", "RecordID": "1695", "Level": "4", "UserID": "S-1-5-18", "EventData.Info": "QueryDefault-Mismatch: Association=.url, ProgId=IE.AssocFile.URL, S=S-1-5-18, T:2022:02:04:24:09:08, RH=3gz22dmDZ9k=, CH=IjkkKOTxZ78="}
{"EventID": "62440", "Channel": "Microsoft-Windows-Shell-Core/AppDefaults", "Provider_Name": "Microsoft-Windows-Shell-Core", "Computer": "DESKTOP-OFJ6N53", "TimeCreated": "2024-07-01 00:04:54.829142+00:00", "RecordID": "1696", "Level": "4", "UserID": "S-1-5-18", "EventData.ExtOrUriScheme": ".html", "EventData.ProgId": "MSEdgeHTM"}
{"EventID": "62443", "Channel": "Microsoft-Windows-Shell-Core/AppDefaults", "Provider_Name": "Microsoft-Windows-Shell-Core", "Computer": "DESKTOP-OFJ6N53", "TimeCreated": "2024-07-01 00:04:54.829153+00:00", "RecordID": "1697", "Level": "4", "UserID": "S-1-5-18", "EventData.Info": "QueryDefault-Mismatch: Association=.html, ProgId=MSEdgeHTM, S=S-1-5-18, T:2022:02:04:24:09:08, RH=9HsWGZun8VE=, CH=GUg/ybGw00o="}
{"EventID": "62440", "Channel": "Microsoft-Windows-Shell-Core/AppDefaults", "Provider_Name": "Microsoft-Windows-Shell-Core", "Computer": "DESKTOP-OFJ6N53", "TimeCreated": "2024-07-01 00:07:32.563955+00:00", "RecordID": "1698", "Level": "4", "UserID": "S-1-5-18", "EventData.ExtOrUriScheme": ".html", "EventData.ProgId": "MSEdgeHTM"}
{"EventID": "62443", "Channel": "Microsoft-Windows-Shell-Core/AppDefaults", "Provider_Name": "Microsoft-Windows-Shell-Core", "Computer": "DESKTOP-OFJ6N53", "TimeCreated": "2024-07-01 00:07:32.564032+00:00", "RecordID": "1699", "Level": "4", "UserID": "S-1-5-18", "EventData.Info": "QueryDefault-Mismatch: Association=.html, ProgId=MSEdgeHTM, S=S-1-5-18, T:2022:02:04:24:09:08, RH=9HsWGZun8VE=, CH=GUg/ybGw00o="}
{"EventID": "62440", "Channel": "Microsoft-Windows-Shell-Core/AppDefaults", "Provider_Name": "Microsoft-Windows-Shell-Core", "Computer": "DESKTOP-OFJ6N53", "TimeCreated": "2024-07-01 00:07:32.635269+00:00", "RecordID": "1700", "Level": "4", "UserID": "S-1-5-18", "EventData.ExtOrUriScheme": ".url", "EventData.ProgId": "IE.AssocFile.URL"}
{"EventID": "62443", "Channel": "Microsoft-Windows-Shell-Core/AppDefaults", "Provider_Name": "Microsoft-Windows-Shell-Core", "Computer": "DESKTOP-OFJ6N53", "TimeCreated": "2024-07-01 00:07:32.635281+00:00", "RecordID": "1701", "Level": "4", "UserID": "S-1-5-18", "EventData.Info": "QueryDefault-Mismatch: Association=.url, ProgId=IE.AssocFile.URL, S=S-1-5-18, T:2022:02:04:24:09:08, RH=3gz22dmDZ9k=, CH=IjkkKOTxZ78="}
