{"EventID": "512", "Channel": "Microsoft-Windows-DeviceManagement-Enterprise-Diagnostics-Provider/Operational", "Provider_Name": "Microsoft-Windows-DeviceManagement-Pushrouter", "Computer": "DESKTOP-OFJ6N53", "TimeCreated": "2022-06-14 18:12:15.468689+00:00", "RecordID": "411", "Level": "4", "UserID": "S-1-5-18", "EventData.HexInt1": "0x00000078"}
{"EventID": "111", "Channel": "Microsoft-Windows-DeviceManagement-Enterprise-Diagnostics-Provider/Operational", "Provider_Name": "Microsoft-Windows-DeviceManagement-Pushrouter", "Computer": "DESKTOP-OFJ6N53", "TimeCreated": "2022-06-14 18:12:15.469379+00:00", "RecordID": "412", "Level": "4", "UserID": "S-1-5-18", "EventData.Message1": "Incremented active client count", "EventData.HRESULT": "0x00000000"}
{"EventID": "511", "Channel": "Microsoft-Windows-DeviceManagement-Enterprise-Diagnostics-Provider/Operational", "Provider_Name": "Microsoft-Windows-DeviceManagement-Pushrouter", "Computer": "DESKTOP-OFJ6N53", "TimeCreated": "2022-06-14 18:12:15.469385+00:00", "RecordID": "413", "Level": "4", "UserID": "S-1-5-18", "EventData.HexInt1": "0x00000078"}
{"EventID": "144", "Channel": "Microsoft-Windows-DeviceManagement-Enterprise-Diagnostics-Provider/Operational", "Provider_Name": "Microsoft-Windows-DeviceManagement-Pushrouter", "Computer": "DESKTOP-OFJ6N53", "TimeCreated": "2022-06-14 18:12:15.475082+00:00", "RecordID": "414", "Level": "4", "UserID": "S-1-5-18", "EventData.HRESULT": "0x00000000"}
{"EventID": "507", "Channel": "Microsoft-Windows-DeviceManagement-Enterprise-Diagnostics-Provider/Operational", "Provider_Name": "Microsoft-Windows-DeviceManagement-Pushrouter", "Computer": "DESKTOP-OFJ6N53", "TimeCreated": "2022-06-14 18:12:15.646032+00:00", "RecordID": "415", "Level": "4", "UserID": "S-1-5-18", "EventData.HexInt1": "0x00000000"}
{"EventID": "516", "Channel": "Microsoft-Windows-DeviceManagement-Enterprise-Diagnostics-Provider/Operational", "Provider_Name": "Microsoft-Windows-DeviceManagement-Pushrouter", "Computer": "DESKTOP-OFJ6N53", "TimeCreated": "2022-06-14 18:12:15.646034+00:00", "RecordID": "416", "Level": "4", "UserID": "S-1-5-18", "EventData.HRESULT": "0x00000000"}
{"EventID": "101", "Channel": "Microsoft-Windows-DeviceManagement-Enterprise-Diagnostics-Provider/Operational", "Provider_Name": "Microsoft-Windows-DeviceManagement-Pushrouter", "Computer": "DESKTOP-OFJ6N53", "TimeCreated": "2022-06-14 18:12:15.647968+00:00", "RecordID": "417", "Level": "4", "UserID": "S-1-5-18", "EventData.HRESULT": "0x00000000"}
{"EventID": "111", "Channel": "Microsoft-Windows-DeviceManagement-Enterprise-Diagnostics-Provider/Operational", "Provider_Name": "Microsoft-Windows-DeviceManagement-Pushrouter", "Computer": "DESKTOP-OFJ6N53", "TimeCreated": "2022-06-14 18:12:15.649473+00:00", "RecordID": "418", "Level": "4", "UserID": "S-1-5-18", "EventData.Message1": "Incremented active client count successfully", "EventData.HRESULT": "0x00000001"}
{"EventID": "104", "Channel": "Microsoft-Windows-DeviceManagement-Enterprise-Diagnostics-Provider/Operational", "Provider_Name": "Microsoft-Windows-DeviceManagement-Pushrouter", "Computer": "DESKTOP-OFJ6N53", "TimeCreated": "2022-06-14 18:12:15.649477+00:00", "RecordID": "419", "Level": "4", "UserID": "S-1-5-18", "EventData.HRESULT": "0x00000000"}
{"EventID": "518", "Channel": "Microsoft-Windows-DeviceManagement-Enterprise-Diagnostics-Provider/Operational", "Provider_Name": "Microsoft-Windows-DeviceManagement-Pushrouter", "Computer": "DESKTOP-OFJ6N53", "TimeCreated": "2022-06-14 18:12:15.649477+00:00", "RecordID": "420", "Level": "4", "UserID": "S-1-5-18", "EventData.HRESULT": "0x00000000"}
{"EventID": "525", "Channel": "Microsoft-Windows-DeviceManagement-Enterprise-Diagnostics-Provider/Operational", "Provider_Name": "Microsoft-Windows-DeviceManagement-Pushrouter", "Computer": "DESKTOP-OFJ6N53", "TimeCreated": "2022-06-14 18:12:15.649487+00:00", "RecordID": "421", "Level": "4", "UserID": "S-1-5-18", "EventData.HexInt1": "0x00000000", "EventData.HRESULT": "0x00000000"}
{"EventID": "514", "Channel": "Microsoft-Windows-DeviceManagement-Enterprise-Diagnostics-Provider/Operational", "Provider_Name": "Microsoft-Windows-DeviceManagement-Pushrouter", "Computer": "DESKTOP-OFJ6N53", "TimeCreated": "2022-06-14 18:12:15.649488+00:00", "RecordID": "422", "Level": "4", "UserID": "S-1-5-18", "EventData.HexInt1": "0x00000004", "EventData.HexInt2": "0x00000000", "EventData.HexInt3": "0x00000000"}
{"EventID": "111", "Channel": "Microsoft-Windows-DeviceManagement-Enterprise-Diagnostics-Provider/Operational", "Provider_Name": "Microsoft-Windows-DeviceManagement-Pushrouter", "Computer": "DESKTOP-OFJ6N53", "TimeCreated": "2022-06-14 18:14:15.475712+00:00", "RecordID": "423", "Level": "4", "UserID": "S-1-5-18", "EventData.Message1": "Checking if all clients are handled", "EventData.HRESULT": "0x00000001"}
{"EventID": "509", "Channel": "Microsoft-Windows-DeviceManagement-Enterprise-Diagnostics-Provider/Operational", "Provider_Name": "Microsoft-Windows-DeviceManagement-Pushrouter", "Computer": "DESKTOP-OFJ6N53", "TimeCreated": "2022-06-14 18:14:15.475716+00:00", "RecordID": "424", "Level": "4", "UserID": "S-1-5-18"}
{"EventID": "511", "Channel": "Microsoft-Windows-DeviceManagement-Enterprise-Diagnostics-Provider/Operational", "Provider_Name": "Microsoft-Windows-DeviceManagement-Pushrouter", "Computer": "DESKTOP-OFJ6N53", "TimeCreated": "2022-06-14 18:14:15.475718+00:00", "RecordID": "425", "Level": "4", "UserID": "S-1-5-18", "EventData.HexInt1": "0x00000078"}
{"EventID": "110", "Channel": "Microsoft-Windows-DeviceManagement-Enterprise-Diagnostics-Provider/Operational", "Provider_Name": "Microsoft-Windows-DeviceManagement-Pushrouter", "Computer": "DESKTOP-OFJ6N53", "TimeCreated": "2022-06-14 18:14:17.203859+00:00", "RecordID": "426", "Level": "4", "UserID": "S-1-5-18", "EventData.HexInt1": "0x00000001"}
{"EventID": "112", "Channel": "Microsoft-Windows-DeviceManagement-Enterprise-Diagnostics-Provider/Operational", "Provider_Name": "Microsoft-Windows-DeviceManagement-Pushrouter", "Computer": "DESKTOP-OFJ6N53", "TimeCreated": "2022-06-14 18:14:17.203863+00:00", "RecordID": "427", "Level": "4", "UserID": "S-1-5-18", "EventData.HexInt1": "0x00000000"}
{"EventID": "111", "Channel": "Microsoft-Windows-DeviceManagement-Enterprise-Diagnostics-Provider/Operational", "Provider_Name": "Microsoft-Windows-DeviceManagement-Pushrouter", "Computer": "DESKTOP-OFJ6N53", "TimeCreated": "2022-06-14 18:16:15.487839+00:00", "RecordID": "428", "Level": "4", "UserID": "S-1-5-18", "EventData.Message1": "Checking if all clients are handled", "EventData.HRESULT": "0x00000000"}
{"EventID": "510", "Channel": "Microsoft-Windows-DeviceManagement-Enterprise-Diagnostics-Provider/Operational", "Provider_Name": "Microsoft-Windows-DeviceManagement-Pushrouter", "Computer": "DESKTOP-OFJ6N53", "TimeCreated": "2022-06-14 18:16:15.487883+00:00", "RecordID": "429", "Level": "4", "UserID": "S-1-5-18"}
{"EventID": "514", "Channel": "Microsoft-Windows-DeviceManagement-Enterprise-Diagnostics-Provider/Operational", "Provider_Name": "Microsoft-Windows-DeviceManagement-Pushrouter", "Computer": "DESKTOP-OFJ6N53", "TimeCreated": "2022-06-14 18:16:15.488554+00:00", "RecordID": "430", "Level": "4", "UserID": "S-1-5-18", "EventData.HexInt1": "0x00000003", "EventData.HexInt2": "0x00000000", "EventData.HexInt3": "0x00000000"}
{"EventID": "106", "Channel": "Microsoft-Windows-DeviceManagement-Enterprise-Diagnostics-Provider/Operational", "Provider_Name": "Microsoft-Windows-DeviceManagement-Pushrouter", "Computer": "DESKTOP-OFJ6N53", "TimeCreated": "2022-06-14 18:16:15.490547+00:00", "RecordID": "431", "Level": "4", "UserID": "S-1-5-18", "EventData.HRESULT": "0x00000000"}
{"EventID": "108", "Channel": "Microsoft-Windows-DeviceManagement-Enterprise-Diagnostics-Provider/Operational", "Provider_Name": "Microsoft-Windows-DeviceManagement-Pushrouter", "Computer": "DESKTOP-OFJ6N53", "TimeCreated": "2022-06-14 18:16:15.490561+00:00", "RecordID": "432", "Level": "4", "UserID": "S-1-5-18", "EventData.HRESULT": "0x00000000"}
{"EventID": "522", "Channel": "Microsoft-Windows-DeviceManagement-Enterprise-Diagnostics-Provider/Operational", "Provider_Name": "Microsoft-Windows-DeviceManagement-Pushrouter", "Computer": "DESKTOP-OFJ6N53", "TimeCreated": "2022-06-14 18:16:15.490685+00:00", "RecordID": "433", "Level": "4", "UserID": "S-1-5-18", "EventData.HRESULT": "0x00000000"}
{"EventID": "513", "Channel": "Microsoft-Windows-DeviceManagement-Enterprise-Diagnostics-Provider/Operational", "Provider_Name": "Microsoft-Windows-DeviceManagement-Pushrouter", "Computer": "DESKTOP-OFJ6N53", "TimeCreated": "2022-06-14 18:16:15.490690+00:00", "RecordID": "434", "Level": "4", "UserID": "S-1-5-18"}
{"EventID": "520", "Channel": "Microsoft-Windows-DeviceManagement-Enterprise-Diagnostics-Provider/Operational", "Provider_Name": "Microsoft-Windows-DeviceManagement-Pushrouter", "Computer": "DESKTOP-OFJ6N53", "TimeCreated": "2022-06-14 18:16:15.491966+00:00", "RecordID": "435", "Level": "4", "UserID": "S-1-5-18", "EventData.HRESULT": "0x00000000"}
{"EventID": "514", "Channel": "Microsoft-Windows-DeviceManagement-Enterprise-Diagnostics-Provider/Operational", "Provider_Name": "Microsoft-Windows-DeviceManagement-Pushrouter", "Computer": "DESKTOP-OFJ6N53", "TimeCreated": "2022-06-14 18:16:15.491976+00:00", "RecordID": "436", "Level": "4", "UserID": "S-1-5-18", "EventData.HexInt1": "0x00000001", "EventData.HexInt2": "0x00000000", "EventData.HexInt3": "0x00000000"}
{"EventID": "524", "Channel": "Microsoft-Windows-DeviceManagement-Enterprise-Diagnostics-Provider/Operational", "Provider_Name": "Microsoft-Windows-DeviceManagement-Pushrouter", "Computer": "DESKTOP-OFJ6N53", "TimeCreated": "2022-07-13 14:52:32.974390+00:00", "RecordID": "437", "Level": "4", "UserID": "S-1-5-18"}
{"EventID": "514", "Channel": "Microsoft-Windows-DeviceManagement-Enterprise-Diagnostics-Provider/Operational", "Provider_Name": "Microsoft-Windows-DeviceManagement-Pushrouter", "Computer": "DESKTOP-OFJ6N53", "TimeCreated": "2022-07-13 14:52:32.974394+00:00", "RecordID": "438", "Level": "4", "UserID": "S-1-5-18", "EventData.HexInt1": "0x00000002", "EventData.HexInt2": "0x00000000", "EventData.HexInt3": "0x00000064"}
{"EventID": "512", "Channel": "Microsoft-Windows-DeviceManagement-Enterprise-Diagnostics-Provider/Operational", "Provider_Name": "Microsoft-Windows-DeviceManagement-Pushrouter", "Computer": "DESKTOP-OFJ6N53", "TimeCreated": "2022-07-13 14:52:32.974512+00:00", "RecordID": "439", "Level": "4", "UserID": "S-1-5-18", "EventData.HexInt1": "0x00000078"}
{"EventID": "111", "Channel": "Microsoft-Windows-DeviceManagement-Enterprise-Diagnostics-Provider/Operational", "Provider_Name": "Microsoft-Windows-DeviceManagement-Pushrouter", "Computer": "DESKTOP-OFJ6N53", "TimeCreated": "2022-07-13 14:52:32.978054+00:00", "RecordID": "440", "Level": "4", "UserID": "S-1-5-18", "EventData.Message1": "Incremented active client count", "EventData.HRESULT": "0x00000000"}
{"EventID": "511", "Channel": "Microsoft-Windows-DeviceManagement-Enterprise-Diagnostics-Provider/Operational", "Provider_Name": "Microsoft-Windows-DeviceManagement-Pushrouter", "Computer": "DESKTOP-OFJ6N53", "TimeCreated": "2022-07-13 14:52:32.978060+00:00", "RecordID": "441", "Level": "4", "UserID": "S-1-5-18", "EventData.HexInt1": "0x00000078"}
{"EventID": "144", "Channel": "Microsoft-Windows-DeviceManagement-Enterprise-Diagnostics-Provider/Operational", "Provider_Name": "Microsoft-Windows-DeviceManagement-Pushrouter", "Computer": "DESKTOP-OFJ6N53", "TimeCreated": "2022-07-13 14:52:32.983458+00:00", "RecordID": "442", "Level": "4", "UserID": "S-1-5-18", "EventData.HRESULT": "0x00000000"}
{"EventID": "507", "Channel": "Microsoft-Windows-DeviceManagement-Enterprise-Diagnostics-Provider/Operational", "Provider_Name": "Microsoft-Windows-DeviceManagement-Pushrouter", "Computer": "DESKTOP-OFJ6N53", "TimeCreated": "2022-07-13 14:52:33.146458+00:00", "RecordID": "443", "Level": "4", "UserID": "S-1-5-18", "EventData.HexInt1": "0x00000000"}
{"EventID": "516", "Channel": "Microsoft-Windows-DeviceManagement-Enterprise-Diagnostics-Provider/Operational", "Provider_Name": "Microsoft-Windows-DeviceManagement-Pushrouter", "Computer": "DESKTOP-OFJ6N53", "TimeCreated": "2022-07-13 14:52:33.146460+00:00", "RecordID": "444", "Level": "4", "UserID": "S-1-5-18", "EventData.HRESULT": "0x00000000"}
{"EventID": "101", "Channel": "Microsoft-Windows-DeviceManagement-Enterprise-Diagnostics-Provider/Operational", "Provider_Name": "Microsoft-Windows-DeviceManagement-Pushrouter", "Computer": "DESKTOP-OFJ6N53", "TimeCreated": "2022-07-13 14:52:33.147676+00:00", "RecordID": "445", "Level": "4", "UserID": "S-1-5-18", "EventData.HRESULT": "0x00000000"}
{"EventID": "111", "Channel": "Microsoft-Windows-DeviceManagement-Enterprise-Diagnostics-Provider/Operational", "Provider_Name": "Microsoft-Windows-DeviceManagement-Pushrouter", "Computer": "DESKTOP-OFJ6N53", "TimeCreated": "2022-07-13 14:52:33.150377+00:00", "RecordID": "446", "Level": "4", "UserID": "S-1-5-18", "EventData.Message1": "Incremented active client count successfully", "EventData.HRESULT": "0x00000001"}
{"EventID": "104", "Channel": "Microsoft-Windows-DeviceManagement-Enterprise-Diagnostics-Provider/Operational", "Provider_Name": "Microsoft-Windows-DeviceManagement-Pushrouter", "Computer": "DESKTOP-OFJ6N53", "TimeCreated": "2022-07-13 14:52:33.150379+00:00", "RecordID": "447", "Level": "4", "UserID": "S-1-5-18", "EventData.HRESULT": "0x00000000"}
{"EventID": "518", "Channel": "Microsoft-Windows-DeviceManagement-Enterprise-Diagnostics-Provider/Operational", "Provider_Name": "Microsoft-Windows-DeviceManagement-Pushrouter", "Computer": "DESKTOP-OFJ6N53", "TimeCreated": "2022-07-13 14:52:33.150381+00:00", "RecordID": "448", "Level": "4", "UserID": "S-1-5-18", "EventData.HRESULT": "0x00000000"}
{"EventID": "525", "Channel": "Microsoft-Windows-DeviceManagement-Enterprise-Diagnostics-Provider/Operational", "Provider_Name": "Microsoft-Windows-DeviceManagement-Pushrouter", "Computer": "DESKTOP-OFJ6N53", "TimeCreated": "2022-07-13 14:52:33.150391+00:00", "RecordID": "449", "Level": "4", "UserID": "S-1-5-18", "EventData.HexInt1": "0x00000000", "EventData.HRESULT": "0x00000000"}
{"EventID": "514", "Channel": "Microsoft-Windows-DeviceManagement-Enterprise-Diagnostics-Provider/Operational", "Provider_Name": "Microsoft-Windows-DeviceManagement-Pushrouter", "Computer": "DESKTOP-OFJ6N53", "TimeCreated": "2022-07-13 14:52:33.150391+00:00", "RecordID": "450", "Level": "4", "UserID": "S-1-5-18", "EventData.HexInt1": "0x00000004", "EventData.HexInt2": "0x00000000", "EventData.HexInt3": "0x00000000"}
{"EventID": "111", "Channel": "Microsoft-Windows-DeviceManagement-Enterprise-Diagnostics-Provider/Operational", "Provider_Name": "Microsoft-Windows-DeviceManagement-Pushrouter", "Computer": "DESKTOP-OFJ6N53", "TimeCreated": "2022-07-13 14:54:32.970264+00:00", "RecordID": "451", "Level": "4", "UserID": "S-1-5-18", "EventData.Message1": "Checking if all clients are handled", "EventData.HRESULT": "0x00000001"}
{"EventID": "509", "Channel": "Microsoft-Windows-DeviceManagement-Enterprise-Diagnostics-Provider/Operational", "Provider_Name": "Microsoft-Windows-DeviceManagement-Pushrouter", "Computer": "DESKTOP-OFJ6N53", "TimeCreated": "2022-07-13 14:54:32.970272+00:00", "RecordID": "452", "Level": "4", "UserID": "S-1-5-18"}
{"EventID": "511", "Channel": "Microsoft-Windows-DeviceManagement-Enterprise-Diagnostics-Provider/Operational", "Provider_Name": "Microsoft-Windows-DeviceManagement-Pushrouter", "Computer": "DESKTOP-OFJ6N53", "TimeCreated": "2022-07-13 14:54:32.970272+00:00", "RecordID": "453", "Level": "4", "UserID": "S-1-5-18", "EventData.HexInt1": "0x00000078"}
{"EventID": "110", "Channel": "Microsoft-Windows-DeviceManagement-Enterprise-Diagnostics-Provider/Operational", "Provider_Name": "Microsoft-Windows-DeviceManagement-Pushrouter", "Computer": "DESKTOP-OFJ6N53", "TimeCreated": "2022-07-13 14:54:34.442411+00:00", "RecordID": "454", "Level": "4", "UserID": "S-1-5-18", "EventData.HexInt1": "0x00000001"}
{"EventID": "112", "Channel": "Microsoft-Windows-DeviceManagement-Enterprise-Diagnostics-Provider/Operational", "Provider_Name": "Microsoft-Windows-DeviceManagement-Pushrouter", "Computer": "DESKTOP-OFJ6N53", "TimeCreated": "2022-07-13 14:54:34.442413+00:00", "RecordID": "455", "Level": "4", "UserID": "S-1-5-18", "EventData.HexInt1": "0x00000000"}
{"EventID": "111", "Channel": "Microsoft-Windows-DeviceManagement-Enterprise-Diagnostics-Provider/Operational", "Provider_Name": "Microsoft-Windows-DeviceManagement-Pushrouter", "Computer": "DESKTOP-OFJ6N53", "TimeCreated": "2022-07-13 14:56:32.979763+00:00", "RecordID": "456", "Level": "4", "UserID": "S-1-5-18", "EventData.Message1": "Checking if all clients are handled", "EventData.HRESULT": "0x00000000"}
{"EventID": "510", "Channel": "Microsoft-Windows-DeviceManagement-Enterprise-Diagnostics-Provider/Operational", "Provider_Name": "Microsoft-Windows-DeviceManagement-Pushrouter", "Computer": "DESKTOP-OFJ6N53", "TimeCreated": "2022-07-13 14:56:32.979774+00:00", "RecordID": "457", "Level": "4", "UserID": "S-1-5-18"}
{"EventID": "514", "Channel": "Microsoft-Windows-DeviceManagement-Enterprise-Diagnostics-Provider/Operational", "Provider_Name": "Microsoft-Windows-DeviceManagement-Pushrouter", "Computer": "DESKTOP-OFJ6N53", "TimeCreated": "2022-07-13 14:56:32.979776+00:00", "RecordID": "458", "Level": "4", "UserID": "S-1-5-18", "EventData.HexInt1": "0x00000003", "EventData.HexInt2": "0x00000000", "EventData.HexInt3": "0x00000000"}
{"EventID": "106", "Channel": "Microsoft-Windows-DeviceManagement-Enterprise-Diagnostics-Provider/Operational", "Provider_Name": "Microsoft-Windows-DeviceManagement-Pushrouter", "Computer": "DESKTOP-OFJ6N53", "TimeCreated": "2022-07-13 14:56:32.980259+00:00", "RecordID": "459", "Level": "4", "UserID": "S-1-5-18", "EventData.HRESULT": "0x00000000"}
{"EventID": "108", "Channel": "Microsoft-Windows-DeviceManagement-Enterprise-Diagnostics-Provider/Operational", "Provider_Name": "Microsoft-Windows-DeviceManagement-Pushrouter", "Computer": "DESKTOP-OFJ6N53", "TimeCreated": "2022-07-13 14:56:32.980265+00:00", "RecordID": "460", "Level": "4", "UserID": "S-1-5-18", "EventData.HRESULT": "0x00000000"}
{"EventID": "522", "Channel": "Microsoft-Windows-DeviceManagement-Enterprise-Diagnostics-Provider/Operational", "Provider_Name": "Microsoft-Windows-DeviceManagement-Pushrouter", "Computer": "DESKTOP-OFJ6N53", "TimeCreated": "2022-07-13 14:56:32.980286+00:00", "RecordID": "461", "Level": "4", "UserID": "S-1-5-18", "EventData.HRESULT": "0x00000000"}
{"EventID": "513", "Channel": "Microsoft-Windows-DeviceManagement-Enterprise-Diagnostics-Provider/Operational", "Provider_Name": "Microsoft-Windows-DeviceManagement-Pushrouter", "Computer": "DESKTOP-OFJ6N53", "TimeCreated": "2022-07-13 14:56:32.980288+00:00", "RecordID": "462", "Level": "4", "UserID": "S-1-5-18"}
{"EventID": "520", "Channel": "Microsoft-Windows-DeviceManagement-Enterprise-Diagnostics-Provider/Operational", "Provider_Name": "Microsoft-Windows-DeviceManagement-Pushrouter", "Computer": "DESKTOP-OFJ6N53", "TimeCreated": "2022-07-13 14:56:32.980320+00:00", "RecordID": "463", "Level": "4", "UserID": "S-1-5-18", "EventData.HRESULT": "0x00000000"}
{"EventID": "514", "Channel": "Microsoft-Windows-DeviceManagement-Enterprise-Diagnostics-Provider/Operational", "Provider_Name": "Microsoft-Windows-DeviceManagement-Pushrouter", "Computer": "DESKTOP-OFJ6N53", "TimeCreated": "2022-07-13 14:56:32.980322+00:00", "RecordID": "464", "Level": "4", "UserID": "S-1-5-18", "EventData.HexInt1": "0x00000001", "EventData.HexInt2": "0x00000000", "EventData.HexInt3": "0x00000000"}
{"EventID": "524", "Channel": "Microsoft-Windows-DeviceManagement-Enterprise-Diagnostics-Provider/Operational", "Provider_Name": "Microsoft-Windows-DeviceManagement-Pushrouter", "Computer": "DESKTOP-OFJ6N53", "TimeCreated": "2022-08-04 17:14:53.529848+00:00", "RecordID": "465", "Level": "4", "UserID": "S-1-5-18"}
{"EventID": "514", "Channel": "Microsoft-Windows-DeviceManagement-Enterprise-Diagnostics-Provider/Operational", "Provider_Name": "Microsoft-Windows-DeviceManagement-Pushrouter", "Computer": "DESKTOP-OFJ6N53", "TimeCreated": "2022-08-04 17:14:53.529852+00:00", "RecordID": "466", "Level": "4", "UserID": "S-1-5-18", "EventData.HexInt1": "0x00000002", "EventData.HexInt2": "0x00000000", "EventData.HexInt3": "0x00000064"}
{"EventID": "512", "Channel": "Microsoft-Windows-DeviceManagement-Enterprise-Diagnostics-Provider/Operational", "Provider_Name": "Microsoft-Windows-DeviceManagement-Pushrouter", "Computer": "DESKTOP-OFJ6N53", "TimeCreated": "2022-08-04 17:14:53.529985+00:00", "RecordID": "467", "Level": "4", "UserID": "S-1-5-18", "EventData.HexInt1": "0x00000078"}
{"EventID": "111", "Channel": "Microsoft-Windows-DeviceManagement-Enterprise-Diagnostics-Provider/Operational", "Provider_Name": "Microsoft-Windows-DeviceManagement-Pushrouter", "Computer": "DESKTOP-OFJ6N53", "TimeCreated": "2022-08-04 17:14:53.530922+00:00", "RecordID": "468", "Level": "4", "UserID": "S-1-5-18", "EventData.Message1": "Incremented active client count", "EventData.HRESULT": "0x00000000"}
{"EventID": "511", "Channel": "Microsoft-Windows-DeviceManagement-Enterprise-Diagnostics-Provider/Operational", "Provider_Name": "Microsoft-Windows-DeviceManagement-Pushrouter", "Computer": "DESKTOP-OFJ6N53", "TimeCreated": "2022-08-04 17:14:53.530926+00:00", "RecordID": "469", "Level": "4", "UserID": "S-1-5-18", "EventData.HexInt1": "0x00000078"}
{"EventID": "144", "Channel": "Microsoft-Windows-DeviceManagement-Enterprise-Diagnostics-Provider/Operational", "Provider_Name": "Microsoft-Windows-DeviceManagement-Pushrouter", "Computer": "DESKTOP-OFJ6N53", "TimeCreated": "2022-08-04 17:14:53.535349+00:00", "RecordID": "470", "Level": "4", "UserID": "S-1-5-18", "EventData.HRESULT": "0x00000000"}
{"EventID": "507", "Channel": "Microsoft-Windows-DeviceManagement-Enterprise-Diagnostics-Provider/Operational", "Provider_Name": "Microsoft-Windows-DeviceManagement-Pushrouter", "Computer": "DESKTOP-OFJ6N53", "TimeCreated": "2022-08-04 17:14:53.684217+00:00", "RecordID": "471", "Level": "4", "UserID": "S-1-5-18", "EventData.HexInt1": "0x00000000"}
{"EventID": "516", "Channel": "Microsoft-Windows-DeviceManagement-Enterprise-Diagnostics-Provider/Operational", "Provider_Name": "Microsoft-Windows-DeviceManagement-Pushrouter", "Computer": "DESKTOP-OFJ6N53", "TimeCreated": "2022-08-04 17:14:53.684219+00:00", "RecordID": "472", "Level": "4", "UserID": "S-1-5-18", "EventData.HRESULT": "0x00000000"}
{"EventID": "101", "Channel": "Microsoft-Windows-DeviceManagement-Enterprise-Diagnostics-Provider/Operational", "Provider_Name": "Microsoft-Windows-DeviceManagement-Pushrouter", "Computer": "DESKTOP-OFJ6N53", "TimeCreated": "2022-08-04 17:14:53.684984+00:00", "RecordID": "473", "Level": "4", "UserID": "S-1-5-18", "EventData.HRESULT": "0x00000000"}
{"EventID": "111", "Channel": "Microsoft-Windows-DeviceManagement-Enterprise-Diagnostics-Provider/Operational", "Provider_Name": "Microsoft-Windows-DeviceManagement-Pushrouter", "Computer": "DESKTOP-OFJ6N53", "TimeCreated": "2022-08-04 17:14:53.685833+00:00", "RecordID": "474", "Level": "4", "UserID": "S-1-5-18", "EventData.Message1": "Incremented active client count successfully", "EventData.HRESULT": "0x00000001"}
{"EventID": "104", "Channel": "Microsoft-Windows-DeviceManagement-Enterprise-Diagnostics-Provider/Operational", "Provider_Name": "Microsoft-Windows-DeviceManagement-Pushrouter", "Computer": "DESKTOP-OFJ6N53", "TimeCreated": "2022-08-04 17:14:53.685835+00:00", "RecordID": "475", "Level": "4", "UserID": "S-1-5-18", "EventData.HRESULT": "0x00000000"}
{"EventID": "518", "Channel": "Microsoft-Windows-DeviceManagement-Enterprise-Diagnostics-Provider/Operational", "Provider_Name": "Microsoft-Windows-DeviceManagement-Pushrouter", "Computer": "DESKTOP-OFJ6N53", "TimeCreated": "2022-08-04 17:14:53.685839+00:00", "RecordID": "476", "Level": "4", "UserID": "S-1-5-18", "EventData.HRESULT": "0x00000000"}
{"EventID": "525", "Channel": "Microsoft-Windows-DeviceManagement-Enterprise-Diagnostics-Provider/Operational", "Provider_Name": "Microsoft-Windows-DeviceManagement-Pushrouter", "Computer": "DESKTOP-OFJ6N53", "TimeCreated": "2022-08-04 17:14:53.685846+00:00", "RecordID": "477", "Level": "4", "UserID": "S-1-5-18", "EventData.HexInt1": "0x00000000", "EventData.HRESULT": "0x00000000"}
{"EventID": "514", "Channel": "Microsoft-Windows-DeviceManagement-Enterprise-Diagnostics-Provider/Operational", "Provider_Name": "Microsoft-Windows-DeviceManagement-Pushrouter", "Computer": "DESKTOP-OFJ6N53", "TimeCreated": "2022-08-04 17:14:53.685846+00:00", "RecordID": "478", "Level": "4", "UserID": "S-1-5-18", "EventData.HexInt1": "0x00000004", "EventData.HexInt2": "0x00000000", "EventData.HexInt3": "0x00000000"}
{"EventID": "111", "Channel": "Microsoft-Windows-DeviceManagement-Enterprise-Diagnostics-Provider/Operational", "Provider_Name": "Microsoft-Windows-DeviceManagement-Pushrouter", "Computer": "DESKTOP-OFJ6N53", "TimeCreated": "2022-08-04 17:16:53.525852+00:00", "RecordID": "479", "Level": "4", "UserID": "S-1-5-18", "EventData.Message1": "Checking if all clients are handled", "EventData.HRESULT": "0x00000001"}
{"EventID": "509", "Channel": "Microsoft-Windows-DeviceManagement-Enterprise-Diagnostics-Provider/Operational", "Provider_Name": "Microsoft-Windows-DeviceManagement-Pushrouter", "Computer": "DESKTOP-OFJ6N53", "TimeCreated": "2022-08-04 17:16:53.525858+00:00", "RecordID": "480", "Level": "4", "UserID": "S-1-5-18"}
{"EventID": "511", "Channel": "Microsoft-Windows-DeviceManagement-Enterprise-Diagnostics-Provider/Operational", "Provider_Name": "Microsoft-Windows-DeviceManagement-Pushrouter", "Computer": "DESKTOP-OFJ6N53", "TimeCreated": "2022-08-04 17:16:53.525858+00:00", "RecordID": "481", "Level": "4", "UserID": "S-1-5-18", "EventData.HexInt1": "0x00000078"}
{"EventID": "110", "Channel": "Microsoft-Windows-DeviceManagement-Enterprise-Diagnostics-Provider/Operational", "Provider_Name": "Microsoft-Windows-DeviceManagement-Pushrouter", "Computer": "DESKTOP-OFJ6N53", "TimeCreated": "2022-08-04 17:16:54.960464+00:00", "RecordID": "482", "Level": "4", "UserID": "S-1-5-18", "EventData.HexInt1": "0x00000001"}
{"EventID": "112", "Channel": "Microsoft-Windows-DeviceManagement-Enterprise-Diagnostics-Provider/Operational", "Provider_Name": "Microsoft-Windows-DeviceManagement-Pushrouter", "Computer": "DESKTOP-OFJ6N53", "TimeCreated": "2022-08-04 17:16:54.960466+00:00", "RecordID": "483", "Level": "4", "UserID": "S-1-5-18", "EventData.HexInt1": "0x00000000"}
{"EventID": "111", "Channel": "Microsoft-Windows-DeviceManagement-Enterprise-Diagnostics-Provider/Operational", "Provider_Name": "Microsoft-Windows-DeviceManagement-Pushrouter", "Computer": "DESKTOP-OFJ6N53", "TimeCreated": "2022-08-04 17:18:53.549273+00:00", "RecordID": "484", "Level": "4", "UserID": "S-1-5-18", "EventData.Message1": "Checking if all clients are handled", "EventData.HRESULT": "0x00000000"}
{"EventID": "510", "Channel": "Microsoft-Windows-DeviceManagement-Enterprise-Diagnostics-Provider/Operational", "Provider_Name": "Microsoft-Windows-DeviceManagement-Pushrouter", "Computer": "DESKTOP-OFJ6N53", "TimeCreated": "2022-08-04 17:18:53.549294+00:00", "RecordID": "485", "Level": "4", "UserID": "S-1-5-18"}
{"EventID": "514", "Channel": "Microsoft-Windows-DeviceManagement-Enterprise-Diagnostics-Provider/Operational", "Provider_Name": "Microsoft-Windows-DeviceManagement-Pushrouter", "Computer": "DESKTOP-OFJ6N53", "TimeCreated": "2022-08-04 17:18:53.549297+00:00", "RecordID": "486", "Level": "4", "UserID": "S-1-5-18", "EventData.HexInt1": "0x00000003", "EventData.HexInt2": "0x00000000", "EventData.HexInt3": "0x00000000"}
{"EventID": "106", "Channel": "Microsoft-Windows-DeviceManagement-Enterprise-Diagnostics-Provider/Operational", "Provider_Name": "Microsoft-Windows-DeviceManagement-Pushrouter", "Computer": "DESKTOP-OFJ6N53", "TimeCreated": "2022-08-04 17:18:53.549837+00:00", "RecordID": "487", "Level": "4", "UserID": "S-1-5-18", "EventData.HRESULT": "0x00000000"}
{"EventID": "108", "Channel": "Microsoft-Windows-DeviceManagement-Enterprise-Diagnostics-Provider/Operational", "Provider_Name": "Microsoft-Windows-DeviceManagement-Pushrouter", "Computer": "DESKTOP-OFJ6N53", "TimeCreated": "2022-08-04 17:18:53.549847+00:00", "RecordID": "488", "Level": "4", "UserID": "S-1-5-18", "EventData.HRESULT": "0x00000000"}
{"EventID": "522", "Channel": "Microsoft-Windows-DeviceManagement-Enterprise-Diagnostics-Provider/Operational", "Provider_Name": "Microsoft-Windows-DeviceManagement-Pushrouter", "Computer": "DESKTOP-OFJ6N53", "TimeCreated": "2022-08-04 17:18:53.549879+00:00", "RecordID": "489", "Level": "4", "UserID": "S-1-5-18", "EventData.HRESULT": "0x00000000"}
{"EventID": "513", "Channel": "Microsoft-Windows-DeviceManagement-Enterprise-Diagnostics-Provider/Operational", "Provider_Name": "Microsoft-Windows-DeviceManagement-Pushrouter", "Computer": "DESKTOP-OFJ6N53", "TimeCreated": "2022-08-04 17:18:53.549885+00:00", "RecordID": "490", "Level": "4", "UserID": "S-1-5-18"}
{"EventID": "520", "Channel": "Microsoft-Windows-DeviceManagement-Enterprise-Diagnostics-Provider/Operational", "Provider_Name": "Microsoft-Windows-DeviceManagement-Pushrouter", "Computer": "DESKTOP-OFJ6N53", "TimeCreated": "2022-08-04 17:18:53.549952+00:00", "RecordID": "491", "Level": "4", "UserID": "S-1-5-18", "EventData.HRESULT": "0x00000000"}
{"EventID": "514", "Channel": "Microsoft-Windows-DeviceManagement-Enterprise-Diagnostics-Provider/Operational", "Provider_Name": "Microsoft-Windows-DeviceManagement-Pushrouter", "Computer": "DESKTOP-OFJ6N53", "TimeCreated": "2022-08-04 17:18:53.549955+00:00", "RecordID": "492", "Level": "4", "UserID": "S-1-5-18", "EventData.HexInt1": "0x00000001", "EventData.HexInt2": "0x00000000", "EventData.HexInt3": "0x00000000"}
{"EventID": "524", "Channel": "Microsoft-Windows-DeviceManagement-Enterprise-Diagnostics-Provider/Operational", "Provider_Name": "Microsoft-Windows-DeviceManagement-Pushrouter", "Computer": "DESKTOP-OFJ6N53", "TimeCreated": "2022-08-09 19:18:45.615328+00:00", "RecordID": "493", "Level": "4", "UserID": "S-1-5-18"}
{"EventID": "514", "Channel": "Microsoft-Windows-DeviceManagement-Enterprise-Diagnostics-Provider/Operational", "Provider_Name": "Microsoft-Windows-DeviceManagement-Pushrouter", "Computer": "DESKTOP-OFJ6N53", "TimeCreated": "2022-08-09 19:18:45.615330+00:00", "RecordID": "494", "Level": "4", "UserID": "S-1-5-18", "EventData.HexInt1": "0x00000002", "EventData.HexInt2": "0x00000000", "EventData.HexInt3": "0x00000064"}
{"EventID": "512", "Channel": "Microsoft-Windows-DeviceManagement-Enterprise-Diagnostics-Provider/Operational", "Provider_Name": "Microsoft-Windows-DeviceManagement-Pushrouter", "Computer": "DESKTOP-OFJ6N53", "TimeCreated": "2022-08-09 19:18:45.615461+00:00", "RecordID": "495", "Level": "4", "UserID": "S-1-5-18", "EventData.HexInt1": "0x00000078"}
{"EventID": "111", "Channel": "Microsoft-Windows-DeviceManagement-Enterprise-Diagnostics-Provider/Operational", "Provider_Name": "Microsoft-Windows-DeviceManagement-Pushrouter", "Computer": "DESKTOP-OFJ6N53", "TimeCreated": "2022-08-09 19:18:45.616751+00:00", "RecordID": "496", "Level": "4", "UserID": "S-1-5-18", "EventData.Message1": "Incremented active client count", "EventData.HRESULT": "0x00000000"}
{"EventID": "511", "Channel": "Microsoft-Windows-DeviceManagement-Enterprise-Diagnostics-Provider/Operational", "Provider_Name": "Microsoft-Windows-DeviceManagement-Pushrouter", "Computer": "DESKTOP-OFJ6N53", "TimeCreated": "2022-08-09 19:18:45.616755+00:00", "RecordID": "497", "Level": "4", "UserID": "S-1-5-18", "EventData.HexInt1": "0x00000078"}
{"EventID": "144", "Channel": "Microsoft-Windows-DeviceManagement-Enterprise-Diagnostics-Provider/Operational", "Provider_Name": "Microsoft-Windows-DeviceManagement-Pushrouter", "Computer": "DESKTOP-OFJ6N53", "TimeCreated": "2022-08-09 19:18:45.621277+00:00", "RecordID": "498", "Level": "4", "UserID": "S-1-5-18", "EventData.HRESULT": "0x00000000"}
{"EventID": "507", "Channel": "Microsoft-Windows-DeviceManagement-Enterprise-Diagnostics-Provider/Operational", "Provider_Name": "Microsoft-Windows-DeviceManagement-Pushrouter", "Computer": "DESKTOP-OFJ6N53", "TimeCreated": "2022-08-09 19:18:45.797247+00:00", "RecordID": "499", "Level": "4", "UserID": "S-1-5-18", "EventData.HexInt1": "0x00000000"}
{"EventID": "516", "Channel": "Microsoft-Windows-DeviceManagement-Enterprise-Diagnostics-Provider/Operational", "Provider_Name": "Microsoft-Windows-DeviceManagement-Pushrouter", "Computer": "DESKTOP-OFJ6N53", "TimeCreated": "2022-08-09 19:18:45.797251+00:00", "RecordID": "500", "Level": "4", "UserID": "S-1-5-18", "EventData.HRESULT": "0x00000000"}
{"EventID": "101", "Channel": "Microsoft-Windows-DeviceManagement-Enterprise-Diagnostics-Provider/Operational", "Provider_Name": "Microsoft-Windows-DeviceManagement-Pushrouter", "Computer": "DESKTOP-OFJ6N53", "TimeCreated": "2022-08-09 19:18:45.798088+00:00", "RecordID": "501", "Level": "4", "UserID": "S-1-5-18", "EventData.HRESULT": "0x00000000"}
{"EventID": "111", "Channel": "Microsoft-Windows-DeviceManagement-Enterprise-Diagnostics-Provider/Operational", "Provider_Name": "Microsoft-Windows-DeviceManagement-Pushrouter", "Computer": "DESKTOP-OFJ6N53", "TimeCreated": "2022-08-09 19:18:45.799059+00:00", "RecordID": "502", "Level": "4", "UserID": "S-1-5-18", "EventData.Message1": "Incremented active client count successfully", "EventData.HRESULT": "0x00000001"}
{"EventID": "104", "Channel": "Microsoft-Windows-DeviceManagement-Enterprise-Diagnostics-Provider/Operational", "Provider_Name": "Microsoft-Windows-DeviceManagement-Pushrouter", "Computer": "DESKTOP-OFJ6N53", "TimeCreated": "2022-08-09 19:18:45.799063+00:00", "RecordID": "503", "Level": "4", "UserID": "S-1-5-18", "EventData.HRESULT": "0x00000000"}
{"EventID": "518", "Channel": "Microsoft-Windows-DeviceManagement-Enterprise-Diagnostics-Provider/Operational", "Provider_Name": "Microsoft-Windows-DeviceManagement-Pushrouter", "Computer": "DESKTOP-OFJ6N53", "TimeCreated": "2022-08-09 19:18:45.799065+00:00", "RecordID": "504", "Level": "4", "UserID": "S-1-5-18", "EventData.HRESULT": "0x00000000"}
{"EventID": "525", "Channel": "Microsoft-Windows-DeviceManagement-Enterprise-Diagnostics-Provider/Operational", "Provider_Name": "Microsoft-Windows-DeviceManagement-Pushrouter", "Computer": "DESKTOP-OFJ6N53", "TimeCreated": "2022-08-09 19:18:45.799074+00:00", "RecordID": "505", "Level": "4", "UserID": "S-1-5-18", "EventData.HexInt1": "0x00000000", "EventData.HRESULT": "0x00000000"}
{"EventID": "514", "Channel": "Microsoft-Windows-DeviceManagement-Enterprise-Diagnostics-Provider/Operational", "Provider_Name": "Microsoft-Windows-DeviceManagement-Pushrouter", "Computer": "DESKTOP-OFJ6N53", "TimeCreated": "2022-08-09 19:18:45.799074+00:00", "RecordID": "506", "Level": "4", "UserID": "S-1-5-18", "EventData.HexInt1": "0x00000004", "EventData.HexInt2": "0x00000000", "EventData.HexInt3": "0x00000000"}
{"EventID": "111", "Channel": "Microsoft-Windows-DeviceManagement-Enterprise-Diagnostics-Provider/Operational", "Provider_Name": "Microsoft-Windows-DeviceManagement-Pushrouter", "Computer": "DESKTOP-OFJ6N53", "TimeCreated": "2022-08-09 19:20:45.619570+00:00", "RecordID": "507", "Level": "4", "UserID": "S-1-5-18", "EventData.Message1": "Checking if all clients are handled", "EventData.HRESULT": "0x00000001"}
{"EventID": "509", "Channel": "Microsoft-Windows-DeviceManagement-Enterprise-Diagnostics-Provider/Operational", "Provider_Name": "Microsoft-Windows-DeviceManagement-Pushrouter", "Computer": "DESKTOP-OFJ6N53", "TimeCreated": "2022-08-09 19:20:45.619577+00:00", "RecordID": "508", "Level": "4", "UserID": "S-1-5-18"}
{"EventID": "511", "Channel": "Microsoft-Windows-DeviceManagement-Enterprise-Diagnostics-Provider/Operational", "Provider_Name": "Microsoft-Windows-DeviceManagement-Pushrouter", "Computer": "DESKTOP-OFJ6N53", "TimeCreated": "2022-08-09 19:20:45.619577+00:00", "RecordID": "509", "Level": "4", "UserID": "S-1-5-18", "EventData.HexInt1": "0x00000078"}
{"EventID": "110", "Channel": "Microsoft-Windows-DeviceManagement-Enterprise-Diagnostics-Provider/Operational", "Provider_Name": "Microsoft-Windows-DeviceManagement-Pushrouter", "Computer": "DESKTOP-OFJ6N53", "TimeCreated": "2022-08-09 19:20:47.199930+00:00", "RecordID": "510", "Level": "4", "UserID": "S-1-5-18", "EventData.HexInt1": "0x00000001"}
{"EventID": "112", "Channel": "Microsoft-Windows-DeviceManagement-Enterprise-Diagnostics-Provider/Operational", "Provider_Name": "Microsoft-Windows-DeviceManagement-Pushrouter", "Computer": "DESKTOP-OFJ6N53", "TimeCreated": "2022-08-09 19:20:47.199932+00:00", "RecordID": "511", "Level": "4", "UserID": "S-1-5-18", "EventData.HexInt1": "0x00000000"}
{"EventID": "111", "Channel": "Microsoft-Windows-DeviceManagement-Enterprise-Diagnostics-Provider/Operational", "Provider_Name": "Microsoft-Windows-DeviceManagement-Pushrouter", "Computer": "DESKTOP-OFJ6N53", "TimeCreated": "2022-08-09 19:22:48.099155+00:00", "RecordID": "512", "Level": "4", "UserID": "S-1-5-18", "EventData.Message1": "Checking if all clients are handled", "EventData.HRESULT": "0x00000000"}
{"EventID": "510", "Channel": "Microsoft-Windows-DeviceManagement-Enterprise-Diagnostics-Provider/Operational", "Provider_Name": "Microsoft-Windows-DeviceManagement-Pushrouter", "Computer": "DESKTOP-OFJ6N53", "TimeCreated": "2022-08-09 19:22:48.100048+00:00", "RecordID": "513", "Level": "4", "UserID": "S-1-5-18"}
{"EventID": "514", "Channel": "Microsoft-Windows-DeviceManagement-Enterprise-Diagnostics-Provider/Operational", "Provider_Name": "Microsoft-Windows-DeviceManagement-Pushrouter", "Computer": "DESKTOP-OFJ6N53", "TimeCreated": "2022-08-09 19:22:48.100058+00:00", "RecordID": "514", "Level": "4", "UserID": "S-1-5-18", "EventData.HexInt1": "0x00000003", "EventData.HexInt2": "0x00000000", "EventData.HexInt3": "0x00000000"}
{"EventID": "106", "Channel": "Microsoft-Windows-DeviceManagement-Enterprise-Diagnostics-Provider/Operational", "Provider_Name": "Microsoft-Windows-DeviceManagement-Pushrouter", "Computer": "DESKTOP-OFJ6N53", "TimeCreated": "2022-08-09 19:22:48.105175+00:00", "RecordID": "515", "Level": "4", "UserID": "S-1-5-18", "EventData.HRESULT": "0x00000000"}
{"EventID": "108", "Channel": "Microsoft-Windows-DeviceManagement-Enterprise-Diagnostics-Provider/Operational", "Provider_Name": "Microsoft-Windows-DeviceManagement-Pushrouter", "Computer": "DESKTOP-OFJ6N53", "TimeCreated": "2022-08-09 19:22:48.105478+00:00", "RecordID": "516", "Level": "4", "UserID": "S-1-5-18", "EventData.HRESULT": "0x00000000"}
{"EventID": "522", "Channel": "Microsoft-Windows-DeviceManagement-Enterprise-Diagnostics-Provider/Operational", "Provider_Name": "Microsoft-Windows-DeviceManagement-Pushrouter", "Computer": "DESKTOP-OFJ6N53", "TimeCreated": "2022-08-09 19:22:48.105726+00:00", "RecordID": "517", "Level": "4", "UserID": "S-1-5-18", "EventData.HRESULT": "0x00000000"}
{"EventID": "513", "Channel": "Microsoft-Windows-DeviceManagement-Enterprise-Diagnostics-Provider/Operational", "Provider_Name": "Microsoft-Windows-DeviceManagement-Pushrouter", "Computer": "DESKTOP-OFJ6N53", "TimeCreated": "2022-08-09 19:22:48.105730+00:00", "RecordID": "518", "Level": "4", "UserID": "S-1-5-18"}
{"EventID": "520", "Channel": "Microsoft-Windows-DeviceManagement-Enterprise-Diagnostics-Provider/Operational", "Provider_Name": "Microsoft-Windows-DeviceManagement-Pushrouter", "Computer": "DESKTOP-OFJ6N53", "TimeCreated": "2022-08-09 19:22:48.106497+00:00", "RecordID": "519", "Level": "4", "UserID": "S-1-5-18", "EventData.HRESULT": "0x00000000"}
{"EventID": "514", "Channel": "Microsoft-Windows-DeviceManagement-Enterprise-Diagnostics-Provider/Operational", "Provider_Name": "Microsoft-Windows-DeviceManagement-Pushrouter", "Computer": "DESKTOP-OFJ6N53", "TimeCreated": "2022-08-09 19:22:48.106504+00:00", "RecordID": "520", "Level": "4", "UserID": "S-1-5-18", "EventData.HexInt1": "0x00000001", "EventData.HexInt2": "0x00000000", "EventData.HexInt3": "0x00000000"}
{"EventID": "829", "Channel": "Microsoft-Windows-DeviceManagement-Enterprise-Diagnostics-Provider/Operational", "Provider_Name": "Microsoft-Windows-DeviceManagement-Enterprise-Diagnostics-Provider", "Computer": "DESKTOP-OFJ6N53", "TimeCreated": "2022-08-11 10:24:57.188496+00:00", "RecordID": "521", "Level": "4", "UserID": "S-1-5-18", "EventData.Message1": "DataProtection", "EventData.Message2": "EDPEnforcementLevel", "EventData.HexInt1": "0xa3bd5c75", "EventData.HexInt2": "0x13920028"}
{"EventID": "829", "Channel": "Microsoft-Windows-DeviceManagement-Enterprise-Diagnostics-Provider/Operational", "Provider_Name": "Microsoft-Windows-DeviceManagement-Enterprise-Diagnostics-Provider", "Computer": "DESKTOP-OFJ6N53", "TimeCreated": "2022-08-11 10:24:57.188860+00:00", "RecordID": "522", "Level": "4", "UserID": "S-1-5-18", "EventData.Message1": "DataProtection", "EventData.Message2": "EnterpriseProtectedDomainNames", "EventData.HexInt1": "0xa3bd6475", "EventData.HexInt2": "0x13920028"}
{"EventID": "524", "Channel": "Microsoft-Windows-DeviceManagement-Enterprise-Diagnostics-Provider/Operational", "Provider_Name": "Microsoft-Windows-DeviceManagement-Pushrouter", "Computer": "DESKTOP-OFJ6N53", "TimeCreated": "2022-09-06 09:30:01.459085+00:00", "RecordID": "523", "Level": "4", "UserID": "S-1-5-18"}
{"EventID": "514", "Channel": "Microsoft-Windows-DeviceManagement-Enterprise-Diagnostics-Provider/Operational", "Provider_Name": "Microsoft-Windows-DeviceManagement-Pushrouter", "Computer": "DESKTOP-OFJ6N53", "TimeCreated": "2022-09-06 09:30:01.459091+00:00", "RecordID": "524", "Level": "4", "UserID": "S-1-5-18", "EventData.HexInt1": "0x00000002", "EventData.HexInt2": "0x00000000", "EventData.HexInt3": "0x00000064"}
{"EventID": "512", "Channel": "Microsoft-Windows-DeviceManagement-Enterprise-Diagnostics-Provider/Operational", "Provider_Name": "Microsoft-Windows-DeviceManagement-Pushrouter", "Computer": "DESKTOP-OFJ6N53", "TimeCreated": "2022-09-06 09:30:01.459244+00:00", "RecordID": "525", "Level": "4", "UserID": "S-1-5-18", "EventData.HexInt1": "0x00000078"}
{"EventID": "111", "Channel": "Microsoft-Windows-DeviceManagement-Enterprise-Diagnostics-Provider/Operational", "Provider_Name": "Microsoft-Windows-DeviceManagement-Pushrouter", "Computer": "DESKTOP-OFJ6N53", "TimeCreated": "2022-09-06 09:30:01.459261+00:00", "RecordID": "526", "Level": "4", "UserID": "S-1-5-18", "EventData.Message1": "Incremented active client count", "EventData.HRESULT": "0x00000000"}
{"EventID": "511", "Channel": "Microsoft-Windows-DeviceManagement-Enterprise-Diagnostics-Provider/Operational", "Provider_Name": "Microsoft-Windows-DeviceManagement-Pushrouter", "Computer": "DESKTOP-OFJ6N53", "TimeCreated": "2022-09-06 09:30:01.459265+00:00", "RecordID": "527", "Level": "4", "UserID": "S-1-5-18", "EventData.HexInt1": "0x00000078"}
{"EventID": "144", "Channel": "Microsoft-Windows-DeviceManagement-Enterprise-Diagnostics-Provider/Operational", "Provider_Name": "Microsoft-Windows-DeviceManagement-Pushrouter", "Computer": "DESKTOP-OFJ6N53", "TimeCreated": "2022-09-06 09:30:01.464031+00:00", "RecordID": "528", "Level": "4", "UserID": "S-1-5-18", "EventData.HRESULT": "0x00000000"}
{"EventID": "507", "Channel": "Microsoft-Windows-DeviceManagement-Enterprise-Diagnostics-Provider/Operational", "Provider_Name": "Microsoft-Windows-DeviceManagement-Pushrouter", "Computer": "DESKTOP-OFJ6N53", "TimeCreated": "2022-09-06 09:30:01.747011+00:00", "RecordID": "529", "Level": "4", "UserID": "S-1-5-18", "EventData.HexInt1": "0x00000000"}
{"EventID": "516", "Channel": "Microsoft-Windows-DeviceManagement-Enterprise-Diagnostics-Provider/Operational", "Provider_Name": "Microsoft-Windows-DeviceManagement-Pushrouter", "Computer": "DESKTOP-OFJ6N53", "TimeCreated": "2022-09-06 09:30:01.747013+00:00", "RecordID": "530", "Level": "4", "UserID": "S-1-5-18", "EventData.HRESULT": "0x00000000"}
{"EventID": "101", "Channel": "Microsoft-Windows-DeviceManagement-Enterprise-Diagnostics-Provider/Operational", "Provider_Name": "Microsoft-Windows-DeviceManagement-Pushrouter", "Computer": "DESKTOP-OFJ6N53", "TimeCreated": "2022-09-06 09:30:01.747700+00:00", "RecordID": "531", "Level": "4", "UserID": "S-1-5-18", "EventData.HRESULT": "0x00000000"}
{"EventID": "111", "Channel": "Microsoft-Windows-DeviceManagement-Enterprise-Diagnostics-Provider/Operational", "Provider_Name": "Microsoft-Windows-DeviceManagement-Pushrouter", "Computer": "DESKTOP-OFJ6N53", "TimeCreated": "2022-09-06 09:30:01.750090+00:00", "RecordID": "532", "Level": "4", "UserID": "S-1-5-18", "EventData.Message1": "Incremented active client count successfully", "EventData.HRESULT": "0x00000001"}
{"EventID": "104", "Channel": "Microsoft-Windows-DeviceManagement-Enterprise-Diagnostics-Provider/Operational", "Provider_Name": "Microsoft-Windows-DeviceManagement-Pushrouter", "Computer": "DESKTOP-OFJ6N53", "TimeCreated": "2022-09-06 09:30:01.750093+00:00", "RecordID": "533", "Level": "4", "UserID": "S-1-5-18", "EventData.HRESULT": "0x00000000"}
{"EventID": "518", "Channel": "Microsoft-Windows-DeviceManagement-Enterprise-Diagnostics-Provider/Operational", "Provider_Name": "Microsoft-Windows-DeviceManagement-Pushrouter", "Computer": "DESKTOP-OFJ6N53", "TimeCreated": "2022-09-06 09:30:01.750095+00:00", "RecordID": "534", "Level": "4", "UserID": "S-1-5-18", "EventData.HRESULT": "0x00000000"}
{"EventID": "525", "Channel": "Microsoft-Windows-DeviceManagement-Enterprise-Diagnostics-Provider/Operational", "Provider_Name": "Microsoft-Windows-DeviceManagement-Pushrouter", "Computer": "DESKTOP-OFJ6N53", "TimeCreated": "2022-09-06 09:30:01.750105+00:00", "RecordID": "535", "Level": "4", "UserID": "S-1-5-18", "EventData.HexInt1": "0x00000000", "EventData.HRESULT": "0x00000000"}
{"EventID": "514", "Channel": "Microsoft-Windows-DeviceManagement-Enterprise-Diagnostics-Provider/Operational", "Provider_Name": "Microsoft-Windows-DeviceManagement-Pushrouter", "Computer": "DESKTOP-OFJ6N53", "TimeCreated": "2022-09-06 09:30:01.750105+00:00", "RecordID": "536", "Level": "4", "UserID": "S-1-5-18", "EventData.HexInt1": "0x00000004", "EventData.HexInt2": "0x00000000", "EventData.HexInt3": "0x00000000"}
{"EventID": "111", "Channel": "Microsoft-Windows-DeviceManagement-Enterprise-Diagnostics-Provider/Operational", "Provider_Name": "Microsoft-Windows-DeviceManagement-Pushrouter", "Computer": "DESKTOP-OFJ6N53", "TimeCreated": "2022-09-06 09:32:01.461010+00:00", "RecordID": "537", "Level": "4", "UserID": "S-1-5-18", "EventData.Message1": "Checking if all clients are handled", "EventData.HRESULT": "0x00000001"}
{"EventID": "509", "Channel": "Microsoft-Windows-DeviceManagement-Enterprise-Diagnostics-Provider/Operational", "Provider_Name": "Microsoft-Windows-DeviceManagement-Pushrouter", "Computer": "DESKTOP-OFJ6N53", "TimeCreated": "2022-09-06 09:32:01.461018+00:00", "RecordID": "538", "Level": "4", "UserID": "S-1-5-18"}
{"EventID": "511", "Channel": "Microsoft-Windows-DeviceManagement-Enterprise-Diagnostics-Provider/Operational", "Provider_Name": "Microsoft-Windows-DeviceManagement-Pushrouter", "Computer": "DESKTOP-OFJ6N53", "TimeCreated": "2022-09-06 09:32:01.461018+00:00", "RecordID": "539", "Level": "4", "UserID": "S-1-5-18", "EventData.HexInt1": "0x00000078"}
{"EventID": "110", "Channel": "Microsoft-Windows-DeviceManagement-Enterprise-Diagnostics-Provider/Operational", "Provider_Name": "Microsoft-Windows-DeviceManagement-Pushrouter", "Computer": "DESKTOP-OFJ6N53", "TimeCreated": "2022-09-06 09:32:07.528864+00:00", "RecordID": "540", "Level": "4", "UserID": "S-1-5-18", "EventData.HexInt1": "0x00000001"}
{"EventID": "112", "Channel": "Microsoft-Windows-DeviceManagement-Enterprise-Diagnostics-Provider/Operational", "Provider_Name": "Microsoft-Windows-DeviceManagement-Pushrouter", "Computer": "DESKTOP-OFJ6N53", "TimeCreated": "2022-09-06 09:32:07.528866+00:00", "RecordID": "541", "Level": "4", "UserID": "S-1-5-18", "EventData.HexInt1": "0x00000000"}
{"EventID": "111", "Channel": "Microsoft-Windows-DeviceManagement-Enterprise-Diagnostics-Provider/Operational", "Provider_Name": "Microsoft-Windows-DeviceManagement-Pushrouter", "Computer": "DESKTOP-OFJ6N53", "TimeCreated": "2022-09-06 09:34:01.464050+00:00", "RecordID": "542", "Level": "4", "UserID": "S-1-5-18", "EventData.Message1": "Checking if all clients are handled", "EventData.HRESULT": "0x00000000"}
{"EventID": "510", "Channel": "Microsoft-Windows-DeviceManagement-Enterprise-Diagnostics-Provider/Operational", "Provider_Name": "Microsoft-Windows-DeviceManagement-Pushrouter", "Computer": "DESKTOP-OFJ6N53", "TimeCreated": "2022-09-06 09:34:01.464073+00:00", "RecordID": "543", "Level": "4", "UserID": "S-1-5-18"}
{"EventID": "514", "Channel": "Microsoft-Windows-DeviceManagement-Enterprise-Diagnostics-Provider/Operational", "Provider_Name": "Microsoft-Windows-DeviceManagement-Pushrouter", "Computer": "DESKTOP-OFJ6N53", "TimeCreated": "2022-09-06 09:34:01.464098+00:00", "RecordID": "544", "Level": "4", "UserID": "S-1-5-18", "EventData.HexInt1": "0x00000003", "EventData.HexInt2": "0x00000000", "EventData.HexInt3": "0x00000000"}
{"EventID": "106", "Channel": "Microsoft-Windows-DeviceManagement-Enterprise-Diagnostics-Provider/Operational", "Provider_Name": "Microsoft-Windows-DeviceManagement-Pushrouter", "Computer": "DESKTOP-OFJ6N53", "TimeCreated": "2022-09-06 09:34:01.464752+00:00", "RecordID": "545", "Level": "4", "UserID": "S-1-5-18", "EventData.HRESULT": "0x00000000"}
{"EventID": "108", "Channel": "Microsoft-Windows-DeviceManagement-Enterprise-Diagnostics-Provider/Operational", "Provider_Name": "Microsoft-Windows-DeviceManagement-Pushrouter", "Computer": "DESKTOP-OFJ6N53", "TimeCreated": "2022-09-06 09:34:01.464760+00:00", "RecordID": "546", "Level": "4", "UserID": "S-1-5-18", "EventData.HRESULT": "0x00000000"}
