{"EventID": "4042", "Channel": "Microsoft-Windows-NCSI/Operational", "Provider_Name": "Microsoft-Windows-NCSI", "Computer": "DESKTOP-OFJ6N53", "TimeCreated": "2025-03-14 10:10:08.384951+00:00", "RecordID": "7491", "Level": "4", "UserID": "S-1-5-20", "EventData.InterfaceGuid": "{0172e17a-3456-4bc7-bb55-da15689cd0b2}", "EventData.IfLuid": "1689399716741120", "EventData.Family": "0", "EventData.Capability": "1", "EventData.CapabilityChangeReason": "13", "EventData.PreviousCapability": "0"}
{"EventID": "4042", "Channel": "Microsoft-Windows-NCSI/Operational", "Provider_Name": "Microsoft-Windows-NCSI", "Computer": "DESKTOP-OFJ6N53", "TimeCreated": "2025-03-14 10:10:09.220486+00:00", "RecordID": "7492", "Level": "4", "UserID": "S-1-5-20", "EventData.InterfaceGuid": "{0172e17a-3456-4bc7-bb55-da15689cd0b2}", "EventData.IfLuid": "1689399716741120", "EventData.Family": "0", "EventData.Capability": "1", "EventData.CapabilityChangeReason": "5", "EventData.PreviousCapability": "1"}
{"EventID": "4042", "Channel": "Microsoft-Windows-NCSI/Operational", "Provider_Name": "Microsoft-Windows-NCSI", "Computer": "DESKTOP-OFJ6N53", "TimeCreated": "2025-03-14 11:05:18.920517+00:00", "RecordID": "7493", "Level": "4", "UserID": "S-1-5-20", "EventData.InterfaceGuid": "{0172e17a-3456-4bc7-bb55-da15689cd0b2}", "EventData.IfLuid": "1689399716741120", "EventData.Family": "0", "EventData.Capability": "0", "EventData.CapabilityChangeReason": "14", "EventData.PreviousCapability": "1"}
{"EventID": "4042", "Channel": "Microsoft-Windows-NCSI/Operational", "Provider_Name": "Microsoft-Windows-NCSI", "Computer": "DESKTOP-OFJ6N53", "TimeCreated": "2025-03-14 11:05:19.246168+00:00", "RecordID": "7494", "Level": "4", "UserID": "S-1-5-20", "EventData.InterfaceGuid": "{bed2c4be-ec11-4cc8-aafc-f0fd7a5e3a02}", "EventData.IfLuid": "1689399632855040", "EventData.Family": "1", "EventData.Capability": "0", "EventData.CapabilityChangeReason": "5", "EventData.PreviousCapability": "0"}
{"EventID": "4042", "Channel": "Microsoft-Windows-NCSI/Operational", "Provider_Name": "Microsoft-Windows-NCSI", "Computer": "DESKTOP-OFJ6N53", "TimeCreated": "2025-03-14 11:42:55.094402+00:00", "RecordID": "7495", "Level": "4", "UserID": "S-1-5-20", "EventData.InterfaceGuid": "{0172e17a-3456-4bc7-bb55-da15689cd0b2}", "EventData.IfLuid": "1689399716741120", "EventData.Family": "0", "EventData.Capability": "1", "EventData.CapabilityChangeReason": "13", "EventData.PreviousCapability": "0"}
{"EventID": "4042", "Channel": "Microsoft-Windows-NCSI/Operational", "Provider_Name": "Microsoft-Windows-NCSI", "Computer": "DESKTOP-OFJ6N53", "TimeCreated": "2025-03-14 11:42:56.786184+00:00", "RecordID": "7496", "Level": "4", "UserID": "S-1-5-20", "EventData.InterfaceGuid": "{0172e17a-3456-4bc7-bb55-da15689cd0b2}", "EventData.IfLuid": "1689399716741120", "EventData.Family": "0", "EventData.Capability": "1", "EventData.CapabilityChangeReason": "5", "EventData.PreviousCapability": "1"}
{"EventID": "4042", "Channel": "Microsoft-Windows-NCSI/Operational", "Provider_Name": "Microsoft-Windows-NCSI", "Computer": "DESKTOP-OFJ6N53", "TimeCreated": "2025-03-14 11:43:40.493490+00:00", "RecordID": "7497", "Level": "4", "UserID": "S-1-5-20", "EventData.InterfaceGuid": "{0172e17a-3456-4bc7-bb55-da15689cd0b2}", "EventData.IfLuid": "1689399716741120", "EventData.Family": "0", "EventData.Capability": "1", "EventData.CapabilityChangeReason": "5", "EventData.PreviousCapability": "1"}
{"EventID": "4042", "Channel": "Microsoft-Windows-NCSI/Operational", "Provider_Name": "Microsoft-Windows-NCSI", "Computer": "DESKTOP-OFJ6N53", "TimeCreated": "2025-03-17 11:06:29.510813+00:00", "RecordID": "7498", "Level": "4", "UserID": "S-1-5-20", "EventData.InterfaceGuid": "{0172e17a-3456-4bc7-bb55-da15689cd0b2}", "EventData.IfLuid": "1689399716741120", "EventData.Family": "0", "EventData.Capability": "0", "EventData.CapabilityChangeReason": "14", "EventData.PreviousCapability": "1"}
{"EventID": "4042", "Channel": "Microsoft-Windows-NCSI/Operational", "Provider_Name": "Microsoft-Windows-NCSI", "Computer": "DESKTOP-OFJ6N53", "TimeCreated": "2025-03-17 11:06:32.927439+00:00", "RecordID": "7499", "Level": "4", "UserID": "S-1-5-20", "EventData.InterfaceGuid": "{bed2c4be-ec11-4cc8-aafc-f0fd7a5e3a02}", "EventData.IfLuid": "1689399632855040", "EventData.Family": "1", "EventData.Capability": "0", "EventData.CapabilityChangeReason": "5", "EventData.PreviousCapability": "0"}
{"EventID": "4042", "Channel": "Microsoft-Windows-NCSI/Operational", "Provider_Name": "Microsoft-Windows-NCSI", "Computer": "DESKTOP-OFJ6N53", "TimeCreated": "2025-03-17 11:12:56.950127+00:00", "RecordID": "7500", "Level": "4", "UserID": "S-1-5-20", "EventData.InterfaceGuid": "{0172e17a-3456-4bc7-bb55-da15689cd0b2}", "EventData.IfLuid": "1689399716741120", "EventData.Family": "0", "EventData.Capability": "0", "EventData.CapabilityChangeReason": "5", "EventData.PreviousCapability": "0"}
{"EventID": "4042", "Channel": "Microsoft-Windows-NCSI/Operational", "Provider_Name": "Microsoft-Windows-NCSI", "Computer": "DESKTOP-OFJ6N53", "TimeCreated": "2025-03-17 11:13:03.903936+00:00", "RecordID": "7501", "Level": "4", "UserID": "S-1-5-20", "EventData.InterfaceGuid": "{0172e17a-3456-4bc7-bb55-da15689cd0b2}", "EventData.IfLuid": "1689399716741120", "EventData.Family": "0", "EventData.Capability": "1", "EventData.CapabilityChangeReason": "13", "EventData.PreviousCapability": "0"}
{"EventID": "4042", "Channel": "Microsoft-Windows-NCSI/Operational", "Provider_Name": "Microsoft-Windows-NCSI", "Computer": "DESKTOP-OFJ6N53", "TimeCreated": "2025-03-17 11:13:34.747387+00:00", "RecordID": "7502", "Level": "4", "UserID": "S-1-5-20", "EventData.InterfaceGuid": "{0172e17a-3456-4bc7-bb55-da15689cd0b2}", "EventData.IfLuid": "1689399716741120", "EventData.Family": "0", "EventData.Capability": "1", "EventData.CapabilityChangeReason": "5", "EventData.PreviousCapability": "1"}
{"EventID": "4042", "Channel": "Microsoft-Windows-NCSI/Operational", "Provider_Name": "Microsoft-Windows-NCSI", "Computer": "DESKTOP-OFJ6N53", "TimeCreated": "2025-03-21 15:15:21.213772+00:00", "RecordID": "7503", "Level": "4", "UserID": "S-1-5-20", "EventData.InterfaceGuid": "{0172e17a-3456-4bc7-bb55-da15689cd0b2}", "EventData.IfLuid": "1689399716741120", "EventData.Family": "0", "EventData.Capability": "0", "EventData.CapabilityChangeReason": "14", "EventData.PreviousCapability": "1"}
{"EventID": "4042", "Channel": "Microsoft-Windows-NCSI/Operational", "Provider_Name": "Microsoft-Windows-NCSI", "Computer": "DESKTOP-OFJ6N53", "TimeCreated": "2025-03-21 15:15:21.740763+00:00", "RecordID": "7504", "Level": "4", "UserID": "S-1-5-20", "EventData.InterfaceGuid": "{bed2c4be-ec11-4cc8-aafc-f0fd7a5e3a02}", "EventData.IfLuid": "1689399632855040", "EventData.Family": "1", "EventData.Capability": "0", "EventData.CapabilityChangeReason": "5", "EventData.PreviousCapability": "0"}
{"EventID": "4042", "Channel": "Microsoft-Windows-NCSI/Operational", "Provider_Name": "Microsoft-Windows-NCSI", "Computer": "DESKTOP-OFJ6N53", "TimeCreated": "2025-03-25 12:05:04.683563+00:00", "RecordID": "7505", "Level": "4", "UserID": "S-1-5-20", "EventData.InterfaceGuid": "{3a3da926-b5f6-4fbc-8db9-26210316f556}", "EventData.IfLuid": "1689399834181632", "EventData.Family": "0", "EventData.Capability": "1", "EventData.CapabilityChangeReason": "13", "EventData.PreviousCapability": "0"}
{"EventID": "4042", "Channel": "Microsoft-Windows-NCSI/Operational", "Provider_Name": "Microsoft-Windows-NCSI", "Computer": "DESKTOP-OFJ6N53", "TimeCreated": "2025-03-25 15:44:16.887362+00:00", "RecordID": "7506", "Level": "4", "UserID": "S-1-5-20", "EventData.InterfaceGuid": "{3a3da926-b5f6-4fbc-8db9-26210316f556}", "EventData.IfLuid": "1689399834181632", "EventData.Family": "0", "EventData.Capability": "0", "EventData.CapabilityChangeReason": "14", "EventData.PreviousCapability": "1"}
{"EventID": "4042", "Channel": "Microsoft-Windows-NCSI/Operational", "Provider_Name": "Microsoft-Windows-NCSI", "Computer": "DESKTOP-OFJ6N53", "TimeCreated": "2025-03-25 15:44:17.964716+00:00", "RecordID": "7507", "Level": "4", "UserID": "S-1-5-20", "EventData.InterfaceGuid": "{bed2c4be-ec11-4cc8-aafc-f0fd7a5e3a02}", "EventData.IfLuid": "1689399632855040", "EventData.Family": "1", "EventData.Capability": "0", "EventData.CapabilityChangeReason": "5", "EventData.PreviousCapability": "0"}
{"EventID": "4042", "Channel": "Microsoft-Windows-NCSI/Operational", "Provider_Name": "Microsoft-Windows-NCSI", "Computer": "DESKTOP-OFJ6N53", "TimeCreated": "2025-03-25 15:44:28.369047+00:00", "RecordID": "7508", "Level": "4", "UserID": "S-1-5-20", "EventData.InterfaceGuid": "{0172e17a-3456-4bc7-bb55-da15689cd0b2}", "EventData.IfLuid": "1689399716741120", "EventData.Family": "0", "EventData.Capability": "0", "EventData.CapabilityChangeReason": "5", "EventData.PreviousCapability": "0"}
{"EventID": "4042", "Channel": "Microsoft-Windows-NCSI/Operational", "Provider_Name": "Microsoft-Windows-NCSI", "Computer": "DESKTOP-OFJ6N53", "TimeCreated": "2025-03-25 15:44:34.665398+00:00", "RecordID": "7509", "Level": "4", "UserID": "S-1-5-20", "EventData.InterfaceGuid": "{0172e17a-3456-4bc7-bb55-da15689cd0b2}", "EventData.IfLuid": "1689399716741120", "EventData.Family": "0", "EventData.Capability": "1", "EventData.CapabilityChangeReason": "13", "EventData.PreviousCapability": "0"}
{"EventID": "4042", "Channel": "Microsoft-Windows-NCSI/Operational", "Provider_Name": "Microsoft-Windows-NCSI", "Computer": "DESKTOP-OFJ6N53", "TimeCreated": "2025-03-25 15:45:05.527830+00:00", "RecordID": "7510", "Level": "4", "UserID": "S-1-5-20", "EventData.InterfaceGuid": "{0172e17a-3456-4bc7-bb55-da15689cd0b2}", "EventData.IfLuid": "1689399716741120", "EventData.Family": "0", "EventData.Capability": "1", "EventData.CapabilityChangeReason": "5", "EventData.PreviousCapability": "1"}
{"EventID": "4042", "Channel": "Microsoft-Windows-NCSI/Operational", "Provider_Name": "Microsoft-Windows-NCSI", "Computer": "DESKTOP-OFJ6N53", "TimeCreated": "2025-03-25 22:30:59.902063+00:00", "RecordID": "7511", "Level": "4", "UserID": "S-1-5-20", "EventData.InterfaceGuid": "{0172e17a-3456-4bc7-bb55-da15689cd0b2}", "EventData.IfLuid": "1689399716741120", "EventData.Family": "0", "EventData.Capability": "0", "EventData.CapabilityChangeReason": "14", "EventData.PreviousCapability": "1"}
{"EventID": "4042", "Channel": "Microsoft-Windows-NCSI/Operational", "Provider_Name": "Microsoft-Windows-NCSI", "Computer": "DESKTOP-OFJ6N53", "TimeCreated": "2025-03-25 22:31:01.022287+00:00", "RecordID": "7512", "Level": "4", "UserID": "S-1-5-20", "EventData.InterfaceGuid": "{bed2c4be-ec11-4cc8-aafc-f0fd7a5e3a02}", "EventData.IfLuid": "1689399632855040", "EventData.Family": "1", "EventData.Capability": "0", "EventData.CapabilityChangeReason": "5", "EventData.PreviousCapability": "0"}
{"EventID": "4042", "Channel": "Microsoft-Windows-NCSI/Operational", "Provider_Name": "Microsoft-Windows-NCSI", "Computer": "DESKTOP-OFJ6N53", "TimeCreated": "2025-03-25 22:31:19.789927+00:00", "RecordID": "7513", "Level": "4", "UserID": "S-1-5-20", "EventData.InterfaceGuid": "{ee10f974-80c1-4e29-b33f-2b8580dcad3b}", "EventData.IfLuid": "14918723521478656", "EventData.Family": "0", "EventData.Capability": "1", "EventData.CapabilityChangeReason": "13", "EventData.PreviousCapability": "0"}
{"EventID": "4042", "Channel": "Microsoft-Windows-NCSI/Operational", "Provider_Name": "Microsoft-Windows-NCSI", "Computer": "DESKTOP-OFJ6N53", "TimeCreated": "2025-03-27 15:33:06.524607+00:00", "RecordID": "7514", "Level": "4", "UserID": "S-1-5-20", "EventData.InterfaceGuid": "{0172e17a-3456-4bc7-bb55-da15689cd0b2}", "EventData.IfLuid": "1689399716741120", "EventData.Family": "0", "EventData.Capability": "0", "EventData.CapabilityChangeReason": "5", "EventData.PreviousCapability": "0"}
{"EventID": "4042", "Channel": "Microsoft-Windows-NCSI/Operational", "Provider_Name": "Microsoft-Windows-NCSI", "Computer": "DESKTOP-OFJ6N53", "TimeCreated": "2025-03-27 15:33:09.273851+00:00", "RecordID": "7515", "Level": "4", "UserID": "S-1-5-20", "EventData.InterfaceGuid": "{0172e17a-3456-4bc7-bb55-da15689cd0b2}", "EventData.IfLuid": "1689399716741120", "EventData.Family": "0", "EventData.Capability": "1", "EventData.CapabilityChangeReason": "13", "EventData.PreviousCapability": "0"}
{"EventID": "4042", "Channel": "Microsoft-Windows-NCSI/Operational", "Provider_Name": "Microsoft-Windows-NCSI", "Computer": "DESKTOP-OFJ6N53", "TimeCreated": "2025-03-27 15:33:40.103533+00:00", "RecordID": "7516", "Level": "4", "UserID": "S-1-5-20", "EventData.InterfaceGuid": "{0172e17a-3456-4bc7-bb55-da15689cd0b2}", "EventData.IfLuid": "1689399716741120", "EventData.Family": "0", "EventData.Capability": "1", "EventData.CapabilityChangeReason": "5", "EventData.PreviousCapability": "1"}
{"EventID": "4042", "Channel": "Microsoft-Windows-NCSI/Operational", "Provider_Name": "Microsoft-Windows-NCSI", "Computer": "DESKTOP-OFJ6N53", "TimeCreated": "2025-03-27 15:33:47.607405+00:00", "RecordID": "7517", "Level": "4", "UserID": "S-1-5-20", "EventData.InterfaceGuid": "{ee10f974-80c1-4e29-b33f-2b8580dcad3b}", "EventData.IfLuid": "14918723521478656", "EventData.Family": "0", "EventData.Capability": "1", "EventData.CapabilityChangeReason": "6", "EventData.PreviousCapability": "1"}
{"EventID": "4042", "Channel": "Microsoft-Windows-NCSI/Operational", "Provider_Name": "Microsoft-Windows-NCSI", "Computer": "DESKTOP-OFJ6N53", "TimeCreated": "2025-03-27 15:34:36.609104+00:00", "RecordID": "7518", "Level": "4", "UserID": "S-1-5-20", "EventData.InterfaceGuid": "{ee10f974-80c1-4e29-b33f-2b8580dcad3b}", "EventData.IfLuid": "14918723521478656", "EventData.Family": "0", "EventData.Capability": "1", "EventData.CapabilityChangeReason": "6", "EventData.PreviousCapability": "1"}
{"EventID": "4042", "Channel": "Microsoft-Windows-NCSI/Operational", "Provider_Name": "Microsoft-Windows-NCSI", "Computer": "DESKTOP-OFJ6N53", "TimeCreated": "2025-03-27 15:34:37.053953+00:00", "RecordID": "7519", "Level": "4", "UserID": "S-1-5-20", "EventData.InterfaceGuid": "{ee10f974-80c1-4e29-b33f-2b8580dcad3b}", "EventData.IfLuid": "14918723521478656", "EventData.Family": "0", "EventData.Capability": "0", "EventData.CapabilityChangeReason": "14", "EventData.PreviousCapability": "1"}
{"EventID": "4042", "Channel": "Microsoft-Windows-NCSI/Operational", "Provider_Name": "Microsoft-Windows-NCSI", "Computer": "DESKTOP-OFJ6N53", "TimeCreated": "2025-03-27 15:34:37.090126+00:00", "RecordID": "7520", "Level": "4", "UserID": "S-1-5-20", "EventData.InterfaceGuid": "{0172e17a-3456-4bc7-bb55-da15689cd0b2}", "EventData.IfLuid": "1689399716741120", "EventData.Family": "0", "EventData.Capability": "1", "EventData.CapabilityChangeReason": "10", "EventData.PreviousCapability": "1"}
{"EventID": "4042", "Channel": "Microsoft-Windows-NCSI/Operational", "Provider_Name": "Microsoft-Windows-NCSI", "Computer": "DESKTOP-OFJ6N53", "TimeCreated": "2025-03-27 15:34:38.101379+00:00", "RecordID": "7521", "Level": "4", "UserID": "S-1-5-20", "EventData.InterfaceGuid": "{0172e17a-3456-4bc7-bb55-da15689cd0b2}", "EventData.IfLuid": "1689399716741120", "EventData.Family": "1", "EventData.Capability": "0", "EventData.CapabilityChangeReason": "5", "EventData.PreviousCapability": "0"}
{"EventID": "4042", "Channel": "Microsoft-Windows-NCSI/Operational", "Provider_Name": "Microsoft-Windows-NCSI", "Computer": "DESKTOP-OFJ6N53", "TimeCreated": "2025-03-27 15:34:38.305984+00:00", "RecordID": "7522", "Level": "4", "UserID": "S-1-5-20", "EventData.InterfaceGuid": "{bed2c4be-ec11-4cc8-aafc-f0fd7a5e3a02}", "EventData.IfLuid": "1689399632855040", "EventData.Family": "1", "EventData.Capability": "0", "EventData.CapabilityChangeReason": "5", "EventData.PreviousCapability": "0"}
{"EventID": "4042", "Channel": "Microsoft-Windows-NCSI/Operational", "Provider_Name": "Microsoft-Windows-NCSI", "Computer": "DESKTOP-OFJ6N53", "TimeCreated": "2025-03-27 15:34:48.316545+00:00", "RecordID": "7523", "Level": "4", "UserID": "S-1-5-20", "EventData.InterfaceGuid": "{0172e17a-3456-4bc7-bb55-da15689cd0b2}", "EventData.IfLuid": "1689399716741120", "EventData.Family": "0", "EventData.Capability": "0", "EventData.CapabilityChangeReason": "14", "EventData.PreviousCapability": "1"}
{"EventID": "4042", "Channel": "Microsoft-Windows-NCSI/Operational", "Provider_Name": "Microsoft-Windows-NCSI", "Computer": "DESKTOP-OFJ6N53", "TimeCreated": "2025-03-27 15:34:49.356165+00:00", "RecordID": "7524", "Level": "4", "UserID": "S-1-5-20", "EventData.InterfaceGuid": "{bed2c4be-ec11-4cc8-aafc-f0fd7a5e3a02}", "EventData.IfLuid": "1689399632855040", "EventData.Family": "1", "EventData.Capability": "0", "EventData.CapabilityChangeReason": "5", "EventData.PreviousCapability": "0"}
{"EventID": "4042", "Channel": "Microsoft-Windows-NCSI/Operational", "Provider_Name": "Microsoft-Windows-NCSI", "Computer": "DESKTOP-OFJ6N53", "TimeCreated": "2025-03-27 15:34:54.116730+00:00", "RecordID": "7525", "Level": "4", "UserID": "S-1-5-20", "EventData.InterfaceGuid": "{0172e17a-3456-4bc7-bb55-da15689cd0b2}", "EventData.IfLuid": "1689399716741120", "EventData.Family": "0", "EventData.Capability": "0", "EventData.CapabilityChangeReason": "5", "EventData.PreviousCapability": "0"}
{"EventID": "4042", "Channel": "Microsoft-Windows-NCSI/Operational", "Provider_Name": "Microsoft-Windows-NCSI", "Computer": "DESKTOP-OFJ6N53", "TimeCreated": "2025-03-27 15:35:36.054989+00:00", "RecordID": "7526", "Level": "4", "UserID": "S-1-5-20", "EventData.InterfaceGuid": "{0172e17a-3456-4bc7-bb55-da15689cd0b2}", "EventData.IfLuid": "1689399716741120", "EventData.Family": "0", "EventData.Capability": "1", "EventData.CapabilityChangeReason": "13", "EventData.PreviousCapability": "0"}
{"EventID": "4042", "Channel": "Microsoft-Windows-NCSI/Operational", "Provider_Name": "Microsoft-Windows-NCSI", "Computer": "DESKTOP-OFJ6N53", "TimeCreated": "2025-03-27 15:35:36.900095+00:00", "RecordID": "7527", "Level": "4", "UserID": "S-1-5-20", "EventData.InterfaceGuid": "{0172e17a-3456-4bc7-bb55-da15689cd0b2}", "EventData.IfLuid": "1689399716741120", "EventData.Family": "0", "EventData.Capability": "1", "EventData.CapabilityChangeReason": "5", "EventData.PreviousCapability": "1"}
{"EventID": "4042", "Channel": "Microsoft-Windows-NCSI/Operational", "Provider_Name": "Microsoft-Windows-NCSI", "Computer": "DESKTOP-OFJ6N53", "TimeCreated": "2025-03-28 12:37:53.232782+00:00", "RecordID": "7528", "Level": "4", "UserID": "S-1-5-20", "EventData.InterfaceGuid": "{0172e17a-3456-4bc7-bb55-da15689cd0b2}", "EventData.IfLuid": "1689399716741120", "EventData.Family": "0", "EventData.Capability": "0", "EventData.CapabilityChangeReason": "14", "EventData.PreviousCapability": "1"}
{"EventID": "4042", "Channel": "Microsoft-Windows-NCSI/Operational", "Provider_Name": "Microsoft-Windows-NCSI", "Computer": "DESKTOP-OFJ6N53", "TimeCreated": "2025-03-28 12:37:54.199368+00:00", "RecordID": "7529", "Level": "4", "UserID": "S-1-5-20", "EventData.InterfaceGuid": "{bed2c4be-ec11-4cc8-aafc-f0fd7a5e3a02}", "EventData.IfLuid": "1689399632855040", "EventData.Family": "1", "EventData.Capability": "0", "EventData.CapabilityChangeReason": "5", "EventData.PreviousCapability": "0"}
{"EventID": "4042", "Channel": "Microsoft-Windows-NCSI/Operational", "Provider_Name": "Microsoft-Windows-NCSI", "Computer": "DESKTOP-OFJ6N53", "TimeCreated": "2025-03-30 07:17:46.050762+00:00", "RecordID": "7530", "Level": "4", "UserID": "S-1-5-20", "EventData.InterfaceGuid": "{0172e17a-3456-4bc7-bb55-da15689cd0b2}", "EventData.IfLuid": "1689399716741120", "EventData.Family": "0", "EventData.Capability": "1", "EventData.CapabilityChangeReason": "13", "EventData.PreviousCapability": "0"}
{"EventID": "4042", "Channel": "Microsoft-Windows-NCSI/Operational", "Provider_Name": "Microsoft-Windows-NCSI", "Computer": "DESKTOP-OFJ6N53", "TimeCreated": "2025-03-30 07:17:48.551008+00:00", "RecordID": "7531", "Level": "4", "UserID": "S-1-5-20", "EventData.InterfaceGuid": "{0172e17a-3456-4bc7-bb55-da15689cd0b2}", "EventData.IfLuid": "1689399716741120", "EventData.Family": "0", "EventData.Capability": "1", "EventData.CapabilityChangeReason": "5", "EventData.PreviousCapability": "1"}
{"EventID": "4042", "Channel": "Microsoft-Windows-NCSI/Operational", "Provider_Name": "Microsoft-Windows-NCSI", "Computer": "DESKTOP-OFJ6N53", "TimeCreated": "2025-03-30 07:18:31.896866+00:00", "RecordID": "7532", "Level": "4", "UserID": "S-1-5-20", "EventData.InterfaceGuid": "{0172e17a-3456-4bc7-bb55-da15689cd0b2}", "EventData.IfLuid": "1689399716741120", "EventData.Family": "0", "EventData.Capability": "1", "EventData.CapabilityChangeReason": "5", "EventData.PreviousCapability": "1"}
{"EventID": "4042", "Channel": "Microsoft-Windows-NCSI/Operational", "Provider_Name": "Microsoft-Windows-NCSI", "Computer": "DESKTOP-OFJ6N53", "TimeCreated": "2025-03-31 20:17:39.699259+00:00", "RecordID": "7533", "Level": "4", "UserID": "S-1-5-20", "EventData.InterfaceGuid": "{0172e17a-3456-4bc7-bb55-da15689cd0b2}", "EventData.IfLuid": "1689399716741120", "EventData.Family": "0", "EventData.Capability": "0", "EventData.CapabilityChangeReason": "14", "EventData.PreviousCapability": "1"}
{"EventID": "4042", "Channel": "Microsoft-Windows-NCSI/Operational", "Provider_Name": "Microsoft-Windows-NCSI", "Computer": "DESKTOP-OFJ6N53", "TimeCreated": "2025-03-31 20:17:50.756407+00:00", "RecordID": "7534", "Level": "4", "UserID": "S-1-5-20", "EventData.InterfaceGuid": "{bed2c4be-ec11-4cc8-aafc-f0fd7a5e3a02}", "EventData.IfLuid": "1689399632855040", "EventData.Family": "0", "EventData.Capability": "2", "EventData.CapabilityChangeReason": "10", "EventData.PreviousCapability": "2"}
{"EventID": "4042", "Channel": "Microsoft-Windows-NCSI/Operational", "Provider_Name": "Microsoft-Windows-NCSI", "Computer": "DESKTOP-OFJ6N53", "TimeCreated": "2025-03-31 20:18:01.818378+00:00", "RecordID": "7535", "Level": "4", "UserID": "S-1-5-20", "EventData.InterfaceGuid": "{bed2c4be-ec11-4cc8-aafc-f0fd7a5e3a02}", "EventData.IfLuid": "1689399632855040", "EventData.Family": "1", "EventData.Capability": "0", "EventData.CapabilityChangeReason": "5", "EventData.PreviousCapability": "0"}
{"EventID": "4042", "Channel": "Microsoft-Windows-NCSI/Operational", "Provider_Name": "Microsoft-Windows-NCSI", "Computer": "DESKTOP-OFJ6N53", "TimeCreated": "2025-03-31 20:18:01.833954+00:00", "RecordID": "7536", "Level": "4", "UserID": "S-1-5-20", "EventData.InterfaceGuid": "{bed2c4be-ec11-4cc8-aafc-f0fd7a5e3a02}", "EventData.IfLuid": "1689399632855040", "EventData.Family": "0", "EventData.Capability": "1", "EventData.CapabilityChangeReason": "10", "EventData.PreviousCapability": "2"}
{"EventID": "4042", "Channel": "Microsoft-Windows-NCSI/Operational", "Provider_Name": "Microsoft-Windows-NCSI", "Computer": "DESKTOP-OFJ6N53", "TimeCreated": "2025-04-01 04:58:07.358934+00:00", "RecordID": "7537", "Level": "4", "UserID": "S-1-5-20", "EventData.InterfaceGuid": "{bed2c4be-ec11-4cc8-aafc-f0fd7a5e3a02}", "EventData.IfLuid": "1689399632855040", "EventData.Family": "0", "EventData.Capability": "2", "EventData.CapabilityChangeReason": "4", "EventData.PreviousCapability": "1"}
{"EventID": "4042", "Channel": "Microsoft-Windows-NCSI/Operational", "Provider_Name": "Microsoft-Windows-NCSI", "Computer": "DESKTOP-OFJ6N53", "TimeCreated": "2025-04-01 05:00:37.263853+00:00", "RecordID": "7538", "Level": "4", "UserID": "S-1-5-20", "EventData.InterfaceGuid": "{3a3da926-b5f6-4fbc-8db9-26210316f556}", "EventData.IfLuid": "1689399834181632", "EventData.Family": "0", "EventData.Capability": "1", "EventData.CapabilityChangeReason": "13", "EventData.PreviousCapability": "0"}
{"EventID": "4042", "Channel": "Microsoft-Windows-NCSI/Operational", "Provider_Name": "Microsoft-Windows-NCSI", "Computer": "DESKTOP-OFJ6N53", "TimeCreated": "2025-04-01 13:00:19.433231+00:00", "RecordID": "7539", "Level": "4", "UserID": "S-1-5-20", "EventData.InterfaceGuid": "{3a3da926-b5f6-4fbc-8db9-26210316f556}", "EventData.IfLuid": "1689399834181632", "EventData.Family": "0", "EventData.Capability": "0", "EventData.CapabilityChangeReason": "14", "EventData.PreviousCapability": "1"}
{"EventID": "4042", "Channel": "Microsoft-Windows-NCSI/Operational", "Provider_Name": "Microsoft-Windows-NCSI", "Computer": "DESKTOP-OFJ6N53", "TimeCreated": "2025-04-01 13:00:20.361099+00:00", "RecordID": "7540", "Level": "4", "UserID": "S-1-5-20", "EventData.InterfaceGuid": "{bed2c4be-ec11-4cc8-aafc-f0fd7a5e3a02}", "EventData.IfLuid": "1689399632855040", "EventData.Family": "1", "EventData.Capability": "0", "EventData.CapabilityChangeReason": "5", "EventData.PreviousCapability": "0"}
{"EventID": "4042", "Channel": "Microsoft-Windows-NCSI/Operational", "Provider_Name": "Microsoft-Windows-NCSI", "Computer": "DESKTOP-OFJ6N53", "TimeCreated": "2025-04-01 16:03:31.828028+00:00", "RecordID": "7541", "Level": "4", "UserID": "S-1-5-20", "EventData.InterfaceGuid": "{bed2c4be-ec11-4cc8-aafc-f0fd7a5e3a02}", "EventData.IfLuid": "1689399632855040", "EventData.Family": "0", "EventData.Capability": "2", "EventData.CapabilityChangeReason": "8", "EventData.PreviousCapability": "0"}
{"EventID": "4042", "Channel": "Microsoft-Windows-NCSI/Operational", "Provider_Name": "Microsoft-Windows-NCSI", "Computer": "DESKTOP-OFJ6N53", "TimeCreated": "2025-04-02 09:18:22.474360+00:00", "RecordID": "7542", "Level": "4", "UserID": "S-1-5-20", "EventData.InterfaceGuid": "{bed2c4be-ec11-4cc8-aafc-f0fd7a5e3a02}", "EventData.IfLuid": "1689399632855040", "EventData.Family": "0", "EventData.Capability": "2", "EventData.CapabilityChangeReason": "8", "EventData.PreviousCapability": "0"}
{"EventID": "4042", "Channel": "Microsoft-Windows-NCSI/Operational", "Provider_Name": "Microsoft-Windows-NCSI", "Computer": "DESKTOP-OFJ6N53", "TimeCreated": "2025-04-02 09:31:33.660000+00:00", "RecordID": "7543", "Level": "4", "UserID": "S-1-5-20", "EventData.InterfaceGuid": "{bed2c4be-ec11-4cc8-aafc-f0fd7a5e3a02}", "EventData.IfLuid": "1689399632855040", "EventData.Family": "0", "EventData.Capability": "2", "EventData.CapabilityChangeReason": "8", "EventData.PreviousCapability": "0"}
{"EventID": "4042", "Channel": "Microsoft-Windows-NCSI/Operational", "Provider_Name": "Microsoft-Windows-NCSI", "Computer": "DESKTOP-OFJ6N53", "TimeCreated": "2025-04-02 09:57:41.803282+00:00", "RecordID": "7544", "Level": "4", "UserID": "S-1-5-20", "EventData.InterfaceGuid": "{bed2c4be-ec11-4cc8-aafc-f0fd7a5e3a02}", "EventData.IfLuid": "1689399632855040", "EventData.Family": "0", "EventData.Capability": "2", "EventData.CapabilityChangeReason": "8", "EventData.PreviousCapability": "0"}
{"EventID": "4042", "Channel": "Microsoft-Windows-NCSI/Operational", "Provider_Name": "Microsoft-Windows-NCSI", "Computer": "DESKTOP-OFJ6N53", "TimeCreated": "2025-04-02 10:08:26.270966+00:00", "RecordID": "7545", "Level": "4", "UserID": "S-1-5-20", "EventData.InterfaceGuid": "{bed2c4be-ec11-4cc8-aafc-f0fd7a5e3a02}", "EventData.IfLuid": "1689399632855040", "EventData.Family": "0", "EventData.Capability": "2", "EventData.CapabilityChangeReason": "8", "EventData.PreviousCapability": "0"}
{"EventID": "4042", "Channel": "Microsoft-Windows-NCSI/Operational", "Provider_Name": "Microsoft-Windows-NCSI", "Computer": "DESKTOP-OFJ6N53", "TimeCreated": "2025-04-02 10:11:53.762302+00:00", "RecordID": "7546", "Level": "4", "UserID": "S-1-5-20", "EventData.InterfaceGuid": "{bed2c4be-ec11-4cc8-aafc-f0fd7a5e3a02}", "EventData.IfLuid": "1689399632855040", "EventData.Family": "0", "EventData.Capability": "2", "EventData.CapabilityChangeReason": "8", "EventData.PreviousCapability": "0"}
{"EventID": "4042", "Channel": "Microsoft-Windows-NCSI/Operational", "Provider_Name": "Microsoft-Windows-NCSI", "Computer": "DESKTOP-OFJ6N53", "TimeCreated": "2025-04-02 10:16:18.625948+00:00", "RecordID": "7547", "Level": "4", "UserID": "S-1-5-20", "EventData.InterfaceGuid": "{bed2c4be-ec11-4cc8-aafc-f0fd7a5e3a02}", "EventData.IfLuid": "1689399632855040", "EventData.Family": "0", "EventData.Capability": "2", "EventData.CapabilityChangeReason": "8", "EventData.PreviousCapability": "0"}
{"EventID": "4042", "Channel": "Microsoft-Windows-NCSI/Operational", "Provider_Name": "Microsoft-Windows-NCSI", "Computer": "DESKTOP-OFJ6N53", "TimeCreated": "2025-04-02 10:34:06.387405+00:00", "RecordID": "7548", "Level": "4", "UserID": "S-1-5-20", "EventData.InterfaceGuid": "{bed2c4be-ec11-4cc8-aafc-f0fd7a5e3a02}", "EventData.IfLuid": "1689399632855040", "EventData.Family": "0", "EventData.Capability": "2", "EventData.CapabilityChangeReason": "8", "EventData.PreviousCapability": "0"}
{"EventID": "4042", "Channel": "Microsoft-Windows-NCSI/Operational", "Provider_Name": "Microsoft-Windows-NCSI", "Computer": "DESKTOP-OFJ6N53", "TimeCreated": "2025-04-02 10:46:54.333216+00:00", "RecordID": "7549", "Level": "4", "UserID": "S-1-5-20", "EventData.InterfaceGuid": "{1819081d-ae4c-425e-91f0-99a3a4105528}", "EventData.IfLuid": "38281146588463104", "EventData.Family": "0", "EventData.Capability": "1", "EventData.CapabilityChangeReason": "13", "EventData.PreviousCapability": "0"}
{"EventID": "4042", "Channel": "Microsoft-Windows-NCSI/Operational", "Provider_Name": "Microsoft-Windows-NCSI", "Computer": "DESKTOP-OFJ6N53", "TimeCreated": "2025-04-02 12:12:44.864923+00:00", "RecordID": "7550", "Level": "4", "UserID": "S-1-5-20", "EventData.InterfaceGuid": "{1819081d-ae4c-425e-91f0-99a3a4105528}", "EventData.IfLuid": "38281146588463104", "EventData.Family": "0", "EventData.Capability": "0", "EventData.CapabilityChangeReason": "14", "EventData.PreviousCapability": "1"}
{"EventID": "4042", "Channel": "Microsoft-Windows-NCSI/Operational", "Provider_Name": "Microsoft-Windows-NCSI", "Computer": "DESKTOP-OFJ6N53", "TimeCreated": "2025-04-02 12:12:46.088690+00:00", "RecordID": "7551", "Level": "4", "UserID": "S-1-5-20", "EventData.InterfaceGuid": "{bed2c4be-ec11-4cc8-aafc-f0fd7a5e3a02}", "EventData.IfLuid": "1689399632855040", "EventData.Family": "1", "EventData.Capability": "0", "EventData.CapabilityChangeReason": "5", "EventData.PreviousCapability": "0"}
{"EventID": "4042", "Channel": "Microsoft-Windows-NCSI/Operational", "Provider_Name": "Microsoft-Windows-NCSI", "Computer": "DESKTOP-OFJ6N53", "TimeCreated": "2025-04-02 12:13:09.338234+00:00", "RecordID": "7552", "Level": "4", "UserID": "S-1-5-20", "EventData.InterfaceGuid": "{1819081d-ae4c-425e-91f0-99a3a4105528}", "EventData.IfLuid": "38281146588463104", "EventData.Family": "0", "EventData.Capability": "1", "EventData.CapabilityChangeReason": "13", "EventData.PreviousCapability": "0"}
{"EventID": "4042", "Channel": "Microsoft-Windows-NCSI/Operational", "Provider_Name": "Microsoft-Windows-NCSI", "Computer": "DESKTOP-OFJ6N53", "TimeCreated": "2025-04-02 14:21:03.299028+00:00", "RecordID": "7553", "Level": "4", "UserID": "S-1-5-20", "EventData.InterfaceGuid": "{1819081d-ae4c-425e-91f0-99a3a4105528}", "EventData.IfLuid": "38281146588463104", "EventData.Family": "0", "EventData.Capability": "0", "EventData.CapabilityChangeReason": "14", "EventData.PreviousCapability": "1"}
{"EventID": "4042", "Channel": "Microsoft-Windows-NCSI/Operational", "Provider_Name": "Microsoft-Windows-NCSI", "Computer": "DESKTOP-OFJ6N53", "TimeCreated": "2025-04-02 14:21:04.550594+00:00", "RecordID": "7554", "Level": "4", "UserID": "S-1-5-20", "EventData.InterfaceGuid": "{bed2c4be-ec11-4cc8-aafc-f0fd7a5e3a02}", "EventData.IfLuid": "1689399632855040", "EventData.Family": "1", "EventData.Capability": "0", "EventData.CapabilityChangeReason": "5", "EventData.PreviousCapability": "0"}
{"EventID": "4042", "Channel": "Microsoft-Windows-NCSI/Operational", "Provider_Name": "Microsoft-Windows-NCSI", "Computer": "DESKTOP-OFJ6N53", "TimeCreated": "2025-04-02 14:21:21.265957+00:00", "RecordID": "7555", "Level": "4", "UserID": "S-1-5-20", "EventData.InterfaceGuid": "{0172e17a-3456-4bc7-bb55-da15689cd0b2}", "EventData.IfLuid": "1689399716741120", "EventData.Family": "0", "EventData.Capability": "0", "EventData.CapabilityChangeReason": "5", "EventData.PreviousCapability": "0"}
{"EventID": "4042", "Channel": "Microsoft-Windows-NCSI/Operational", "Provider_Name": "Microsoft-Windows-NCSI", "Computer": "DESKTOP-OFJ6N53", "TimeCreated": "2025-04-02 14:21:55.197142+00:00", "RecordID": "7556", "Level": "4", "UserID": "S-1-5-20", "EventData.InterfaceGuid": "{0172e17a-3456-4bc7-bb55-da15689cd0b2}", "EventData.IfLuid": "1689399716741120", "EventData.Family": "0", "EventData.Capability": "0", "EventData.CapabilityChangeReason": "5", "EventData.PreviousCapability": "0"}
{"EventID": "4042", "Channel": "Microsoft-Windows-NCSI/Operational", "Provider_Name": "Microsoft-Windows-NCSI", "Computer": "DESKTOP-OFJ6N53", "TimeCreated": "2025-04-02 14:40:39.333996+00:00", "RecordID": "7557", "Level": "4", "UserID": "S-1-5-20", "EventData.InterfaceGuid": "{0172e17a-3456-4bc7-bb55-da15689cd0b2}", "EventData.IfLuid": "1689399716741120", "EventData.Family": "0", "EventData.Capability": "1", "EventData.CapabilityChangeReason": "13", "EventData.PreviousCapability": "0"}
{"EventID": "4042", "Channel": "Microsoft-Windows-NCSI/Operational", "Provider_Name": "Microsoft-Windows-NCSI", "Computer": "DESKTOP-OFJ6N53", "TimeCreated": "2025-04-02 14:58:47.478027+00:00", "RecordID": "7558", "Level": "4", "UserID": "S-1-5-20", "EventData.InterfaceGuid": "{0172e17a-3456-4bc7-bb55-da15689cd0b2}", "EventData.IfLuid": "1689399716741120", "EventData.Family": "0", "EventData.Capability": "0", "EventData.CapabilityChangeReason": "14", "EventData.PreviousCapability": "1"}
{"EventID": "4042", "Channel": "Microsoft-Windows-NCSI/Operational", "Provider_Name": "Microsoft-Windows-NCSI", "Computer": "DESKTOP-OFJ6N53", "TimeCreated": "2025-04-02 14:58:48.878029+00:00", "RecordID": "7559", "Level": "4", "UserID": "S-1-5-20", "EventData.InterfaceGuid": "{1819081d-ae4c-425e-91f0-99a3a4105528}", "EventData.IfLuid": "38281146588463104", "EventData.Family": "0", "EventData.Capability": "0", "EventData.CapabilityChangeReason": "5", "EventData.PreviousCapability": "0"}
{"EventID": "4042", "Channel": "Microsoft-Windows-NCSI/Operational", "Provider_Name": "Microsoft-Windows-NCSI", "Computer": "DESKTOP-OFJ6N53", "TimeCreated": "2025-04-02 14:58:48.902491+00:00", "RecordID": "7560", "Level": "4", "UserID": "S-1-5-20", "EventData.InterfaceGuid": "{1819081d-ae4c-425e-91f0-99a3a4105528}", "EventData.IfLuid": "38281146588463104", "EventData.Family": "1", "EventData.Capability": "0", "EventData.CapabilityChangeReason": "5", "EventData.PreviousCapability": "0"}
{"EventID": "4042", "Channel": "Microsoft-Windows-NCSI/Operational", "Provider_Name": "Microsoft-Windows-NCSI", "Computer": "DESKTOP-OFJ6N53", "TimeCreated": "2025-04-02 14:58:49.009430+00:00", "RecordID": "7561", "Level": "4", "UserID": "S-1-5-20", "EventData.InterfaceGuid": "{bed2c4be-ec11-4cc8-aafc-f0fd7a5e3a02}", "EventData.IfLuid": "1689399632855040", "EventData.Family": "1", "EventData.Capability": "0", "EventData.CapabilityChangeReason": "5", "EventData.PreviousCapability": "0"}
{"EventID": "4042", "Channel": "Microsoft-Windows-NCSI/Operational", "Provider_Name": "Microsoft-Windows-NCSI", "Computer": "DESKTOP-OFJ6N53", "TimeCreated": "2025-04-02 14:58:50.405859+00:00", "RecordID": "7562", "Level": "4", "UserID": "S-1-5-20", "EventData.InterfaceGuid": "{1819081d-ae4c-425e-91f0-99a3a4105528}", "EventData.IfLuid": "38281146588463104", "EventData.Family": "0", "EventData.Capability": "0", "EventData.CapabilityChangeReason": "5", "EventData.PreviousCapability": "0"}
{"EventID": "4042", "Channel": "Microsoft-Windows-NCSI/Operational", "Provider_Name": "Microsoft-Windows-NCSI", "Computer": "DESKTOP-OFJ6N53", "TimeCreated": "2025-04-02 14:58:53.866056+00:00", "RecordID": "7563", "Level": "4", "UserID": "S-1-5-20", "EventData.InterfaceGuid": "{0172e17a-3456-4bc7-bb55-da15689cd0b2}", "EventData.IfLuid": "1689399716741120", "EventData.Family": "0", "EventData.Capability": "0", "EventData.CapabilityChangeReason": "5", "EventData.PreviousCapability": "0"}
{"EventID": "4042", "Channel": "Microsoft-Windows-NCSI/Operational", "Provider_Name": "Microsoft-Windows-NCSI", "Computer": "DESKTOP-OFJ6N53", "TimeCreated": "2025-04-02 14:59:02.734221+00:00", "RecordID": "7564", "Level": "4", "UserID": "S-1-5-20", "EventData.InterfaceGuid": "{1819081d-ae4c-425e-91f0-99a3a4105528}", "EventData.IfLuid": "38281146588463104", "EventData.Family": "0", "EventData.Capability": "1", "EventData.CapabilityChangeReason": "13", "EventData.PreviousCapability": "0"}
{"EventID": "4042", "Channel": "Microsoft-Windows-NCSI/Operational", "Provider_Name": "Microsoft-Windows-NCSI", "Computer": "DESKTOP-OFJ6N53", "TimeCreated": "2025-04-02 14:59:02.734358+00:00", "RecordID": "7565", "Level": "4", "UserID": "S-1-5-20", "EventData.InterfaceGuid": "{0172e17a-3456-4bc7-bb55-da15689cd0b2}", "EventData.IfLuid": "1689399716741120", "EventData.Family": "0", "EventData.Capability": "1", "EventData.CapabilityChangeReason": "13", "EventData.PreviousCapability": "0"}
{"EventID": "4042", "Channel": "Microsoft-Windows-NCSI/Operational", "Provider_Name": "Microsoft-Windows-NCSI", "Computer": "DESKTOP-OFJ6N53", "TimeCreated": "2025-04-02 14:59:33.628511+00:00", "RecordID": "7566", "Level": "4", "UserID": "S-1-5-20", "EventData.InterfaceGuid": "{0172e17a-3456-4bc7-bb55-da15689cd0b2}", "EventData.IfLuid": "1689399716741120", "EventData.Family": "0", "EventData.Capability": "1", "EventData.CapabilityChangeReason": "5", "EventData.PreviousCapability": "1"}
{"EventID": "4042", "Channel": "Microsoft-Windows-NCSI/Operational", "Provider_Name": "Microsoft-Windows-NCSI", "Computer": "DESKTOP-OFJ6N53", "TimeCreated": "2025-04-02 14:59:36.286560+00:00", "RecordID": "7567", "Level": "4", "UserID": "S-1-5-20", "EventData.InterfaceGuid": "{1819081d-ae4c-425e-91f0-99a3a4105528}", "EventData.IfLuid": "38281146588463104", "EventData.Family": "0", "EventData.Capability": "1", "EventData.CapabilityChangeReason": "6", "EventData.PreviousCapability": "1"}
{"EventID": "4042", "Channel": "Microsoft-Windows-NCSI/Operational", "Provider_Name": "Microsoft-Windows-NCSI", "Computer": "DESKTOP-OFJ6N53", "TimeCreated": "2025-04-02 15:00:18.519566+00:00", "RecordID": "7568", "Level": "4", "UserID": "S-1-5-20", "EventData.InterfaceGuid": "{1819081d-ae4c-425e-91f0-99a3a4105528}", "EventData.IfLuid": "38281146588463104", "EventData.Family": "0", "EventData.Capability": "1", "EventData.CapabilityChangeReason": "6", "EventData.PreviousCapability": "1"}
{"EventID": "4042", "Channel": "Microsoft-Windows-NCSI/Operational", "Provider_Name": "Microsoft-Windows-NCSI", "Computer": "DESKTOP-OFJ6N53", "TimeCreated": "2025-04-02 17:15:40.297424+00:00", "RecordID": "7569", "Level": "4", "UserID": "S-1-5-20", "EventData.InterfaceGuid": "{1819081d-ae4c-425e-91f0-99a3a4105528}", "EventData.IfLuid": "38281146588463104", "EventData.Family": "0", "EventData.Capability": "0", "EventData.CapabilityChangeReason": "14", "EventData.PreviousCapability": "1"}
{"EventID": "4042", "Channel": "Microsoft-Windows-NCSI/Operational", "Provider_Name": "Microsoft-Windows-NCSI", "Computer": "DESKTOP-OFJ6N53", "TimeCreated": "2025-04-02 17:15:40.304712+00:00", "RecordID": "7570", "Level": "4", "UserID": "S-1-5-20", "EventData.InterfaceGuid": "{0172e17a-3456-4bc7-bb55-da15689cd0b2}", "EventData.IfLuid": "1689399716741120", "EventData.Family": "0", "EventData.Capability": "1", "EventData.CapabilityChangeReason": "10", "EventData.PreviousCapability": "1"}
{"EventID": "4042", "Channel": "Microsoft-Windows-NCSI/Operational", "Provider_Name": "Microsoft-Windows-NCSI", "Computer": "DESKTOP-OFJ6N53", "TimeCreated": "2025-04-02 17:15:41.572260+00:00", "RecordID": "7571", "Level": "4", "UserID": "S-1-5-20", "EventData.InterfaceGuid": "{0172e17a-3456-4bc7-bb55-da15689cd0b2}", "EventData.IfLuid": "1689399716741120", "EventData.Family": "1", "EventData.Capability": "0", "EventData.CapabilityChangeReason": "5", "EventData.PreviousCapability": "0"}
{"EventID": "4042", "Channel": "Microsoft-Windows-NCSI/Operational", "Provider_Name": "Microsoft-Windows-NCSI", "Computer": "DESKTOP-OFJ6N53", "TimeCreated": "2025-04-02 17:15:41.610704+00:00", "RecordID": "7572", "Level": "4", "UserID": "S-1-5-20", "EventData.InterfaceGuid": "{bed2c4be-ec11-4cc8-aafc-f0fd7a5e3a02}", "EventData.IfLuid": "1689399632855040", "EventData.Family": "1", "EventData.Capability": "0", "EventData.CapabilityChangeReason": "5", "EventData.PreviousCapability": "0"}
{"EventID": "4042", "Channel": "Microsoft-Windows-NCSI/Operational", "Provider_Name": "Microsoft-Windows-NCSI", "Computer": "DESKTOP-OFJ6N53", "TimeCreated": "2025-04-02 17:15:52.454454+00:00", "RecordID": "7573", "Level": "4", "UserID": "S-1-5-20", "EventData.InterfaceGuid": "{0172e17a-3456-4bc7-bb55-da15689cd0b2}", "EventData.IfLuid": "1689399716741120", "EventData.Family": "0", "EventData.Capability": "0", "EventData.CapabilityChangeReason": "14", "EventData.PreviousCapability": "1"}
{"EventID": "4042", "Channel": "Microsoft-Windows-NCSI/Operational", "Provider_Name": "Microsoft-Windows-NCSI", "Computer": "DESKTOP-OFJ6N53", "TimeCreated": "2025-04-02 17:15:53.523067+00:00", "RecordID": "7574", "Level": "4", "UserID": "S-1-5-20", "EventData.InterfaceGuid": "{bed2c4be-ec11-4cc8-aafc-f0fd7a5e3a02}", "EventData.IfLuid": "1689399632855040", "EventData.Family": "1", "EventData.Capability": "0", "EventData.CapabilityChangeReason": "5", "EventData.PreviousCapability": "0"}
{"EventID": "4042", "Channel": "Microsoft-Windows-NCSI/Operational", "Provider_Name": "Microsoft-Windows-NCSI", "Computer": "DESKTOP-OFJ6N53", "TimeCreated": "2025-04-02 17:15:58.806459+00:00", "RecordID": "7575", "Level": "4", "UserID": "S-1-5-20", "EventData.InterfaceGuid": "{0172e17a-3456-4bc7-bb55-da15689cd0b2}", "EventData.IfLuid": "1689399716741120", "EventData.Family": "0", "EventData.Capability": "0", "EventData.CapabilityChangeReason": "5", "EventData.PreviousCapability": "0"}
{"EventID": "4042", "Channel": "Microsoft-Windows-NCSI/Operational", "Provider_Name": "Microsoft-Windows-NCSI", "Computer": "DESKTOP-OFJ6N53", "TimeCreated": "2025-04-02 17:16:33.624374+00:00", "RecordID": "7576", "Level": "4", "UserID": "S-1-5-20", "EventData.InterfaceGuid": "{0172e17a-3456-4bc7-bb55-da15689cd0b2}", "EventData.IfLuid": "1689399716741120", "EventData.Family": "0", "EventData.Capability": "0", "EventData.CapabilityChangeReason": "5", "EventData.PreviousCapability": "0"}
{"EventID": "4042", "Channel": "Microsoft-Windows-NCSI/Operational", "Provider_Name": "Microsoft-Windows-NCSI", "Computer": "DESKTOP-OFJ6N53", "TimeCreated": "2025-04-03 06:59:50.647371+00:00", "RecordID": "7577", "Level": "4", "UserID": "S-1-5-20", "EventData.InterfaceGuid": "{bed2c4be-ec11-4cc8-aafc-f0fd7a5e3a02}", "EventData.IfLuid": "1689399632855040", "EventData.Family": "1", "EventData.Capability": "0", "EventData.CapabilityChangeReason": "5", "EventData.PreviousCapability": "0"}
{"EventID": "4042", "Channel": "Microsoft-Windows-NCSI/Operational", "Provider_Name": "Microsoft-Windows-NCSI", "Computer": "DESKTOP-OFJ6N53", "TimeCreated": "2025-04-03 07:01:26.722651+00:00", "RecordID": "7578", "Level": "4", "UserID": "S-1-5-20", "EventData.InterfaceGuid": "{4ce1134c-e059-4f27-a6df-bafcb007188c}", "EventData.IfLuid": "1689399699963904", "EventData.Family": "0", "EventData.Capability": "1", "EventData.CapabilityChangeReason": "13", "EventData.PreviousCapability": "0"}
{"EventID": "4042", "Channel": "Microsoft-Windows-NCSI/Operational", "Provider_Name": "Microsoft-Windows-NCSI", "Computer": "DESKTOP-OFJ6N53", "TimeCreated": "2025-04-06 12:20:48.365639+00:00", "RecordID": "7579", "Level": "4", "UserID": "S-1-5-20", "EventData.InterfaceGuid": "{3a3da926-b5f6-4fbc-8db9-26210316f556}", "EventData.IfLuid": "1689399834181632", "EventData.Family": "0", "EventData.Capability": "1", "EventData.CapabilityChangeReason": "13", "EventData.PreviousCapability": "0"}
{"EventID": "4042", "Channel": "Microsoft-Windows-NCSI/Operational", "Provider_Name": "Microsoft-Windows-NCSI", "Computer": "DESKTOP-OFJ6N53", "TimeCreated": "2025-04-06 20:20:22.159746+00:00", "RecordID": "7580", "Level": "4", "UserID": "S-1-5-20", "EventData.InterfaceGuid": "{3a3da926-b5f6-4fbc-8db9-26210316f556}", "EventData.IfLuid": "1689399834181632", "EventData.Family": "0", "EventData.Capability": "0", "EventData.CapabilityChangeReason": "14", "EventData.PreviousCapability": "1"}
{"EventID": "4042", "Channel": "Microsoft-Windows-NCSI/Operational", "Provider_Name": "Microsoft-Windows-NCSI", "Computer": "DESKTOP-OFJ6N53", "TimeCreated": "2025-04-06 20:20:22.490347+00:00", "RecordID": "7581", "Level": "4", "UserID": "S-1-5-20", "EventData.InterfaceGuid": "{bed2c4be-ec11-4cc8-aafc-f0fd7a5e3a02}", "EventData.IfLuid": "1689399632855040", "EventData.Family": "1", "EventData.Capability": "0", "EventData.CapabilityChangeReason": "5", "EventData.PreviousCapability": "0"}
{"EventID": "4042", "Channel": "Microsoft-Windows-NCSI/Operational", "Provider_Name": "Microsoft-Windows-NCSI", "Computer": "DESKTOP-OFJ6N53", "TimeCreated": "2025-04-06 20:20:25.599031+00:00", "RecordID": "7582", "Level": "4", "UserID": "S-1-5-20", "EventData.InterfaceGuid": "{4ce1134c-e059-4f27-a6df-bafcb007188c}", "EventData.IfLuid": "1689399699963904", "EventData.Family": "1", "EventData.Capability": "0", "EventData.CapabilityChangeReason": "5", "EventData.PreviousCapability": "0"}
{"EventID": "4042", "Channel": "Microsoft-Windows-NCSI/Operational", "Provider_Name": "Microsoft-Windows-NCSI", "Computer": "DESKTOP-OFJ6N53", "TimeCreated": "2025-04-06 20:20:25.640711+00:00", "RecordID": "7583", "Level": "4", "UserID": "S-1-5-20", "EventData.InterfaceGuid": "{4ce1134c-e059-4f27-a6df-bafcb007188c}", "EventData.IfLuid": "1689399699963904", "EventData.Family": "0", "EventData.Capability": "1", "EventData.CapabilityChangeReason": "10", "EventData.PreviousCapability": "1"}
{"EventID": "4042", "Channel": "Microsoft-Windows-NCSI/Operational", "Provider_Name": "Microsoft-Windows-NCSI", "Computer": "DESKTOP-OFJ6N53", "TimeCreated": "2025-04-06 20:20:25.682392+00:00", "RecordID": "7584", "Level": "4", "UserID": "S-1-5-20", "EventData.InterfaceGuid": "{4ce1134c-e059-4f27-a6df-bafcb007188c}", "EventData.IfLuid": "1689399699963904", "EventData.Family": "0", "EventData.Capability": "0", "EventData.CapabilityChangeReason": "1", "EventData.PreviousCapability": "1"}
