{"EventID": "5600", "Channel": "Microsoft-Windows-WinINet-Config/ProxyConfigChanged", "Provider_Name": "Microsoft-Windows-WinINet-Config", "Computer": "DESKTOP-OFJ6N53", "TimeCreated": "2022-02-24 09:08:54.923815+00:00", "RecordID": "1", "Level": "4", "UserID": "S-1-5-21-963789628-1060504924-4285088085-1001", "EventData.fAutoDetect": "True", "EventData.pwszAutoConfigUrl": null, "EventData.pwszProxy": null, "EventData.pwszProxyBypass": null}
{"EventID": "5600", "Channel": "Microsoft-Windows-WinINet-Config/ProxyConfigChanged", "Provider_Name": "Microsoft-Windows-WinINet-Config", "Computer": "DESKTOP-OFJ6N53", "TimeCreated": "2022-02-24 12:14:20.225136+00:00", "RecordID": "2", "Level": "4", "UserID": "S-1-5-18", "EventData.fAutoDetect": "True", "EventData.pwszAutoConfigUrl": null, "EventData.pwszProxy": null, "EventData.pwszProxyBypass": null}
{"EventID": "5600", "Channel": "Microsoft-Windows-WinINet-Config/ProxyConfigChanged", "Provider_Name": "Microsoft-Windows-WinINet-Config", "Computer": "DESKTOP-OFJ6N53", "TimeCreated": "2022-02-25 22:25:49.449833+00:00", "RecordID": "3", "Level": "4", "UserID": "S-1-5-21-963789628-1060504924-4285088085-1001", "EventData.fAutoDetect": "True", "EventData.pwszAutoConfigUrl": null, "EventData.pwszProxy": null, "EventData.pwszProxyBypass": null}
{"EventID": "5600", "Channel": "Microsoft-Windows-WinINet-Config/ProxyConfigChanged", "Provider_Name": "Microsoft-Windows-WinINet-Config", "Computer": "DESKTOP-OFJ6N53", "TimeCreated": "2022-02-28 18:14:28.294004+00:00", "RecordID": "4", "Level": "4", "UserID": "S-1-5-21-963789628-1060504924-4285088085-1001", "EventData.fAutoDetect": "True", "EventData.pwszAutoConfigUrl": null, "EventData.pwszProxy": null, "EventData.pwszProxyBypass": null}
{"EventID": "5600", "Channel": "Microsoft-Windows-WinINet-Config/ProxyConfigChanged", "Provider_Name": "Microsoft-Windows-WinINet-Config", "Computer": "DESKTOP-OFJ6N53", "TimeCreated": "2022-03-01 11:43:02.558054+00:00", "RecordID": "5", "Level": "4", "UserID": "S-1-5-21-963789628-1060504924-4285088085-1001", "EventData.fAutoDetect": "True", "EventData.pwszAutoConfigUrl": null, "EventData.pwszProxy": null, "EventData.pwszProxyBypass": null}
{"EventID": "5600", "Channel": "Microsoft-Windows-WinINet-Config/ProxyConfigChanged", "Provider_Name": "Microsoft-Windows-WinINet-Config", "Computer": "DESKTOP-OFJ6N53", "TimeCreated": "2022-03-01 12:51:36.618008+00:00", "RecordID": "6", "Level": "4", "UserID": "S-1-5-21-963789628-1060504924-4285088085-1001", "EventData.fAutoDetect": "True", "EventData.pwszAutoConfigUrl": null, "EventData.pwszProxy": null, "EventData.pwszProxyBypass": null}
{"EventID": "5600", "Channel": "Microsoft-Windows-WinINet-Config/ProxyConfigChanged", "Provider_Name": "Microsoft-Windows-WinINet-Config", "Computer": "DESKTOP-OFJ6N53", "TimeCreated": "2022-03-01 13:08:37.141375+00:00", "RecordID": "7", "Level": "4", "UserID": "S-1-5-21-963789628-1060504924-4285088085-1001", "EventData.fAutoDetect": "True", "EventData.pwszAutoConfigUrl": null, "EventData.pwszProxy": null, "EventData.pwszProxyBypass": null}
{"EventID": "5600", "Channel": "Microsoft-Windows-WinINet-Config/ProxyConfigChanged", "Provider_Name": "Microsoft-Windows-WinINet-Config", "Computer": "DESKTOP-OFJ6N53", "TimeCreated": "2022-03-02 12:11:38.722408+00:00", "RecordID": "8", "Level": "4", "UserID": "S-1-5-21-963789628-1060504924-4285088085-1001", "EventData.fAutoDetect": "True", "EventData.pwszAutoConfigUrl": null, "EventData.pwszProxy": null, "EventData.pwszProxyBypass": null}
{"EventID": "5600", "Channel": "Microsoft-Windows-WinINet-Config/ProxyConfigChanged", "Provider_Name": "Microsoft-Windows-WinINet-Config", "Computer": "DESKTOP-OFJ6N53", "TimeCreated": "2022-03-02 12:33:09.061493+00:00", "RecordID": "9", "Level": "4", "UserID": "S-1-5-21-963789628-1060504924-4285088085-1001", "EventData.fAutoDetect": "True", "EventData.pwszAutoConfigUrl": null, "EventData.pwszProxy": null, "EventData.pwszProxyBypass": null}
{"EventID": "5600", "Channel": "Microsoft-Windows-WinINet-Config/ProxyConfigChanged", "Provider_Name": "Microsoft-Windows-WinINet-Config", "Computer": "DESKTOP-OFJ6N53", "TimeCreated": "2022-03-03 16:10:48.052181+00:00", "RecordID": "10", "Level": "4", "UserID": "S-1-5-21-963789628-1060504924-4285088085-1001", "EventData.fAutoDetect": "True", "EventData.pwszAutoConfigUrl": null, "EventData.pwszProxy": null, "EventData.pwszProxyBypass": null}
{"EventID": "5600", "Channel": "Microsoft-Windows-WinINet-Config/ProxyConfigChanged", "Provider_Name": "Microsoft-Windows-WinINet-Config", "Computer": "DESKTOP-OFJ6N53", "TimeCreated": "2022-03-03 17:14:24.938095+00:00", "RecordID": "11", "Level": "4", "UserID": "S-1-5-21-963789628-1060504924-4285088085-1001", "EventData.fAutoDetect": "True", "EventData.pwszAutoConfigUrl": null, "EventData.pwszProxy": null, "EventData.pwszProxyBypass": null}
{"EventID": "5600", "Channel": "Microsoft-Windows-WinINet-Config/ProxyConfigChanged", "Provider_Name": "Microsoft-Windows-WinINet-Config", "Computer": "DESKTOP-OFJ6N53", "TimeCreated": "2022-03-03 17:20:57.811117+00:00", "RecordID": "12", "Level": "4", "UserID": "S-1-5-21-963789628-1060504924-4285088085-1001", "EventData.fAutoDetect": "True", "EventData.pwszAutoConfigUrl": null, "EventData.pwszProxy": null, "EventData.pwszProxyBypass": null}
{"EventID": "5600", "Channel": "Microsoft-Windows-WinINet-Config/ProxyConfigChanged", "Provider_Name": "Microsoft-Windows-WinINet-Config", "Computer": "DESKTOP-OFJ6N53", "TimeCreated": "2022-03-03 17:22:32.406109+00:00", "RecordID": "13", "Level": "4", "UserID": "S-1-5-21-963789628-1060504924-4285088085-1001", "EventData.fAutoDetect": "True", "EventData.pwszAutoConfigUrl": null, "EventData.pwszProxy": null, "EventData.pwszProxyBypass": null}
{"EventID": "5600", "Channel": "Microsoft-Windows-WinINet-Config/ProxyConfigChanged", "Provider_Name": "Microsoft-Windows-WinINet-Config", "Computer": "DESKTOP-OFJ6N53", "TimeCreated": "2022-03-04 02:23:04.594557+00:00", "RecordID": "14", "Level": "4", "UserID": "S-1-5-21-963789628-1060504924-4285088085-1001", "EventData.fAutoDetect": "True", "EventData.pwszAutoConfigUrl": null, "EventData.pwszProxy": null, "EventData.pwszProxyBypass": null}
{"EventID": "5600", "Channel": "Microsoft-Windows-WinINet-Config/ProxyConfigChanged", "Provider_Name": "Microsoft-Windows-WinINet-Config", "Computer": "DESKTOP-OFJ6N53", "TimeCreated": "2022-03-04 11:20:27.761353+00:00", "RecordID": "15", "Level": "4", "UserID": "S-1-5-21-963789628-1060504924-4285088085-1001", "EventData.fAutoDetect": "True", "EventData.pwszAutoConfigUrl": null, "EventData.pwszProxy": null, "EventData.pwszProxyBypass": null}
{"EventID": "5600", "Channel": "Microsoft-Windows-WinINet-Config/ProxyConfigChanged", "Provider_Name": "Microsoft-Windows-WinINet-Config", "Computer": "DESKTOP-OFJ6N53", "TimeCreated": "2022-03-04 11:57:55.366352+00:00", "RecordID": "16", "Level": "4", "UserID": "S-1-5-21-963789628-1060504924-4285088085-1001", "EventData.fAutoDetect": "True", "EventData.pwszAutoConfigUrl": null, "EventData.pwszProxy": null, "EventData.pwszProxyBypass": null}
{"EventID": "5600", "Channel": "Microsoft-Windows-WinINet-Config/ProxyConfigChanged", "Provider_Name": "Microsoft-Windows-WinINet-Config", "Computer": "DESKTOP-OFJ6N53", "TimeCreated": "2022-03-04 13:17:04.805803+00:00", "RecordID": "17", "Level": "4", "UserID": "S-1-5-21-963789628-1060504924-4285088085-1001", "EventData.fAutoDetect": "True", "EventData.pwszAutoConfigUrl": null, "EventData.pwszProxy": null, "EventData.pwszProxyBypass": null}
{"EventID": "5600", "Channel": "Microsoft-Windows-WinINet-Config/ProxyConfigChanged", "Provider_Name": "Microsoft-Windows-WinINet-Config", "Computer": "DESKTOP-OFJ6N53", "TimeCreated": "2022-03-04 14:33:51.540791+00:00", "RecordID": "18", "Level": "4", "UserID": "S-1-5-21-963789628-1060504924-4285088085-1001", "EventData.fAutoDetect": "True", "EventData.pwszAutoConfigUrl": null, "EventData.pwszProxy": null, "EventData.pwszProxyBypass": null}
{"EventID": "5600", "Channel": "Microsoft-Windows-WinINet-Config/ProxyConfigChanged", "Provider_Name": "Microsoft-Windows-WinINet-Config", "Computer": "DESKTOP-OFJ6N53", "TimeCreated": "2022-03-05 10:01:08.178802+00:00", "RecordID": "19", "Level": "4", "UserID": "S-1-5-21-963789628-1060504924-4285088085-1001", "EventData.fAutoDetect": "True", "EventData.pwszAutoConfigUrl": null, "EventData.pwszProxy": null, "EventData.pwszProxyBypass": null}
{"EventID": "5600", "Channel": "Microsoft-Windows-WinINet-Config/ProxyConfigChanged", "Provider_Name": "Microsoft-Windows-WinINet-Config", "Computer": "DESKTOP-OFJ6N53", "TimeCreated": "2022-03-09 06:55:19.050638+00:00", "RecordID": "20", "Level": "4", "UserID": "S-1-5-21-963789628-1060504924-4285088085-1001", "EventData.fAutoDetect": "True", "EventData.pwszAutoConfigUrl": null, "EventData.pwszProxy": null, "EventData.pwszProxyBypass": null}
{"EventID": "5600", "Channel": "Microsoft-Windows-WinINet-Config/ProxyConfigChanged", "Provider_Name": "Microsoft-Windows-WinINet-Config", "Computer": "DESKTOP-OFJ6N53", "TimeCreated": "2022-03-09 07:30:39.890062+00:00", "RecordID": "21", "Level": "4", "UserID": "S-1-5-21-963789628-1060504924-4285088085-1001", "EventData.fAutoDetect": "True", "EventData.pwszAutoConfigUrl": null, "EventData.pwszProxy": "no-inet:80", "EventData.pwszProxyBypass": "*.mk.mc"}
{"EventID": "5600", "Channel": "Microsoft-Windows-WinINet-Config/ProxyConfigChanged", "Provider_Name": "Microsoft-Windows-WinINet-Config", "Computer": "DESKTOP-OFJ6N53", "TimeCreated": "2022-03-09 09:55:32.348541+00:00", "RecordID": "22", "Level": "4", "UserID": "S-1-5-21-963789628-1060504924-4285088085-1001", "EventData.fAutoDetect": "True", "EventData.pwszAutoConfigUrl": null, "EventData.pwszProxy": "no-inet:80", "EventData.pwszProxyBypass": "*.mk.mc"}
{"EventID": "5600", "Channel": "Microsoft-Windows-WinINet-Config/ProxyConfigChanged", "Provider_Name": "Microsoft-Windows-WinINet-Config", "Computer": "DESKTOP-OFJ6N53", "TimeCreated": "2022-03-09 10:39:20.899796+00:00", "RecordID": "23", "Level": "4", "UserID": "S-1-5-21-963789628-1060504924-4285088085-1001", "EventData.fAutoDetect": "True", "EventData.pwszAutoConfigUrl": null, "EventData.pwszProxy": null, "EventData.pwszProxyBypass": null}
{"EventID": "5600", "Channel": "Microsoft-Windows-WinINet-Config/ProxyConfigChanged", "Provider_Name": "Microsoft-Windows-WinINet-Config", "Computer": "DESKTOP-OFJ6N53", "TimeCreated": "2022-03-10 14:12:08.063440+00:00", "RecordID": "24", "Level": "4", "UserID": "S-1-5-21-963789628-1060504924-4285088085-1001", "EventData.fAutoDetect": "True", "EventData.pwszAutoConfigUrl": null, "EventData.pwszProxy": null, "EventData.pwszProxyBypass": null}
{"EventID": "5600", "Channel": "Microsoft-Windows-WinINet-Config/ProxyConfigChanged", "Provider_Name": "Microsoft-Windows-WinINet-Config", "Computer": "DESKTOP-OFJ6N53", "TimeCreated": "2022-03-15 16:34:18.553883+00:00", "RecordID": "25", "Level": "4", "UserID": "S-1-5-21-963789628-1060504924-4285088085-1001", "EventData.fAutoDetect": "True", "EventData.pwszAutoConfigUrl": null, "EventData.pwszProxy": null, "EventData.pwszProxyBypass": null}
{"EventID": "5600", "Channel": "Microsoft-Windows-WinINet-Config/ProxyConfigChanged", "Provider_Name": "Microsoft-Windows-WinINet-Config", "Computer": "DESKTOP-OFJ6N53", "TimeCreated": "2022-03-16 14:20:38.687910+00:00", "RecordID": "26", "Level": "4", "UserID": "S-1-5-21-963789628-1060504924-4285088085-1001", "EventData.fAutoDetect": "True", "EventData.pwszAutoConfigUrl": null, "EventData.pwszProxy": null, "EventData.pwszProxyBypass": null}
{"EventID": "5600", "Channel": "Microsoft-Windows-WinINet-Config/ProxyConfigChanged", "Provider_Name": "Microsoft-Windows-WinINet-Config", "Computer": "DESKTOP-OFJ6N53", "TimeCreated": "2022-03-16 15:35:39.813141+00:00", "RecordID": "27", "Level": "4", "UserID": "S-1-5-21-963789628-1060504924-4285088085-1001", "EventData.fAutoDetect": "True", "EventData.pwszAutoConfigUrl": null, "EventData.pwszProxy": null, "EventData.pwszProxyBypass": null}
{"EventID": "5600", "Channel": "Microsoft-Windows-WinINet-Config/ProxyConfigChanged", "Provider_Name": "Microsoft-Windows-WinINet-Config", "Computer": "DESKTOP-OFJ6N53", "TimeCreated": "2022-03-21 09:57:17.617098+00:00", "RecordID": "28", "Level": "4", "UserID": "S-1-5-21-963789628-1060504924-4285088085-1001", "EventData.fAutoDetect": "True", "EventData.pwszAutoConfigUrl": null, "EventData.pwszProxy": null, "EventData.pwszProxyBypass": null}
{"EventID": "5600", "Channel": "Microsoft-Windows-WinINet-Config/ProxyConfigChanged", "Provider_Name": "Microsoft-Windows-WinINet-Config", "Computer": "DESKTOP-OFJ6N53", "TimeCreated": "2022-03-21 11:23:14.026207+00:00", "RecordID": "29", "Level": "4", "UserID": "S-1-5-21-963789628-1060504924-4285088085-1001", "EventData.fAutoDetect": "True", "EventData.pwszAutoConfigUrl": null, "EventData.pwszProxy": null, "EventData.pwszProxyBypass": null}
{"EventID": "5600", "Channel": "Microsoft-Windows-WinINet-Config/ProxyConfigChanged", "Provider_Name": "Microsoft-Windows-WinINet-Config", "Computer": "DESKTOP-OFJ6N53", "TimeCreated": "2022-03-21 12:02:30.681387+00:00", "RecordID": "30", "Level": "4", "UserID": "S-1-5-21-963789628-1060504924-4285088085-1001", "EventData.fAutoDetect": "True", "EventData.pwszAutoConfigUrl": null, "EventData.pwszProxy": null, "EventData.pwszProxyBypass": null}
{"EventID": "5600", "Channel": "Microsoft-Windows-WinINet-Config/ProxyConfigChanged", "Provider_Name": "Microsoft-Windows-WinINet-Config", "Computer": "DESKTOP-OFJ6N53", "TimeCreated": "2022-03-22 08:39:58.585522+00:00", "RecordID": "31", "Level": "4", "UserID": "S-1-5-21-963789628-1060504924-4285088085-1001", "EventData.fAutoDetect": "True", "EventData.pwszAutoConfigUrl": null, "EventData.pwszProxy": null, "EventData.pwszProxyBypass": null}
{"EventID": "5600", "Channel": "Microsoft-Windows-WinINet-Config/ProxyConfigChanged", "Provider_Name": "Microsoft-Windows-WinINet-Config", "Computer": "DESKTOP-OFJ6N53", "TimeCreated": "2022-03-22 09:25:41.391037+00:00", "RecordID": "32", "Level": "4", "UserID": "S-1-5-21-963789628-1060504924-4285088085-1001", "EventData.fAutoDetect": "True", "EventData.pwszAutoConfigUrl": null, "EventData.pwszProxy": null, "EventData.pwszProxyBypass": null}
{"EventID": "5600", "Channel": "Microsoft-Windows-WinINet-Config/ProxyConfigChanged", "Provider_Name": "Microsoft-Windows-WinINet-Config", "Computer": "DESKTOP-OFJ6N53", "TimeCreated": "2022-03-22 18:26:02.424807+00:00", "RecordID": "33", "Level": "4", "UserID": "S-1-5-21-963789628-1060504924-4285088085-1001", "EventData.fAutoDetect": "True", "EventData.pwszAutoConfigUrl": null, "EventData.pwszProxy": null, "EventData.pwszProxyBypass": null}
{"EventID": "5600", "Channel": "Microsoft-Windows-WinINet-Config/ProxyConfigChanged", "Provider_Name": "Microsoft-Windows-WinINet-Config", "Computer": "DESKTOP-OFJ6N53", "TimeCreated": "2022-03-23 16:52:36.421188+00:00", "RecordID": "34", "Level": "4", "UserID": "S-1-5-21-963789628-1060504924-4285088085-1001", "EventData.fAutoDetect": "True", "EventData.pwszAutoConfigUrl": null, "EventData.pwszProxy": null, "EventData.pwszProxyBypass": null}
{"EventID": "5600", "Channel": "Microsoft-Windows-WinINet-Config/ProxyConfigChanged", "Provider_Name": "Microsoft-Windows-WinINet-Config", "Computer": "DESKTOP-OFJ6N53", "TimeCreated": "2022-03-24 08:39:21.745560+00:00", "RecordID": "35", "Level": "4", "UserID": "S-1-5-21-963789628-1060504924-4285088085-1001", "EventData.fAutoDetect": "True", "EventData.pwszAutoConfigUrl": null, "EventData.pwszProxy": null, "EventData.pwszProxyBypass": null}
{"EventID": "5600", "Channel": "Microsoft-Windows-WinINet-Config/ProxyConfigChanged", "Provider_Name": "Microsoft-Windows-WinINet-Config", "Computer": "DESKTOP-OFJ6N53", "TimeCreated": "2022-03-24 10:14:27.908276+00:00", "RecordID": "36", "Level": "4", "UserID": "S-1-5-21-963789628-1060504924-4285088085-1001", "EventData.fAutoDetect": "True", "EventData.pwszAutoConfigUrl": null, "EventData.pwszProxy": null, "EventData.pwszProxyBypass": null}
{"EventID": "5600", "Channel": "Microsoft-Windows-WinINet-Config/ProxyConfigChanged", "Provider_Name": "Microsoft-Windows-WinINet-Config", "Computer": "DESKTOP-OFJ6N53", "TimeCreated": "2022-03-28 13:04:08.170212+00:00", "RecordID": "37", "Level": "4", "UserID": "S-1-5-21-963789628-1060504924-4285088085-1001", "EventData.fAutoDetect": "True", "EventData.pwszAutoConfigUrl": null, "EventData.pwszProxy": null, "EventData.pwszProxyBypass": null}
{"EventID": "5600", "Channel": "Microsoft-Windows-WinINet-Config/ProxyConfigChanged", "Provider_Name": "Microsoft-Windows-WinINet-Config", "Computer": "DESKTOP-OFJ6N53", "TimeCreated": "2022-03-29 12:02:36.233004+00:00", "RecordID": "38", "Level": "4", "UserID": "S-1-5-21-963789628-1060504924-4285088085-1001", "EventData.fAutoDetect": "True", "EventData.pwszAutoConfigUrl": null, "EventData.pwszProxy": null, "EventData.pwszProxyBypass": null}
{"EventID": "5600", "Channel": "Microsoft-Windows-WinINet-Config/ProxyConfigChanged", "Provider_Name": "Microsoft-Windows-WinINet-Config", "Computer": "DESKTOP-OFJ6N53", "TimeCreated": "2022-03-29 14:12:46.013552+00:00", "RecordID": "39", "Level": "4", "UserID": "S-1-5-21-963789628-1060504924-4285088085-1001", "EventData.fAutoDetect": "True", "EventData.pwszAutoConfigUrl": null, "EventData.pwszProxy": null, "EventData.pwszProxyBypass": null}
{"EventID": "5600", "Channel": "Microsoft-Windows-WinINet-Config/ProxyConfigChanged", "Provider_Name": "Microsoft-Windows-WinINet-Config", "Computer": "DESKTOP-OFJ6N53", "TimeCreated": "2022-03-30 09:31:47.835272+00:00", "RecordID": "40", "Level": "4", "UserID": "S-1-5-21-963789628-1060504924-4285088085-1001", "EventData.fAutoDetect": "True", "EventData.pwszAutoConfigUrl": null, "EventData.pwszProxy": null, "EventData.pwszProxyBypass": null}
{"EventID": "5600", "Channel": "Microsoft-Windows-WinINet-Config/ProxyConfigChanged", "Provider_Name": "Microsoft-Windows-WinINet-Config", "Computer": "DESKTOP-OFJ6N53", "TimeCreated": "2022-03-30 10:47:30.038973+00:00", "RecordID": "41", "Level": "4", "UserID": "S-1-5-21-963789628-1060504924-4285088085-1001", "EventData.fAutoDetect": "True", "EventData.pwszAutoConfigUrl": null, "EventData.pwszProxy": null, "EventData.pwszProxyBypass": null}
{"EventID": "5600", "Channel": "Microsoft-Windows-WinINet-Config/ProxyConfigChanged", "Provider_Name": "Microsoft-Windows-WinINet-Config", "Computer": "DESKTOP-OFJ6N53", "TimeCreated": "2022-04-05 13:28:22.431410+00:00", "RecordID": "42", "Level": "4", "UserID": "S-1-5-21-963789628-1060504924-4285088085-1001", "EventData.fAutoDetect": "True", "EventData.pwszAutoConfigUrl": null, "EventData.pwszProxy": null, "EventData.pwszProxyBypass": null}
{"EventID": "5600", "Channel": "Microsoft-Windows-WinINet-Config/ProxyConfigChanged", "Provider_Name": "Microsoft-Windows-WinINet-Config", "Computer": "DESKTOP-OFJ6N53", "TimeCreated": "2022-04-05 15:49:16.395065+00:00", "RecordID": "43", "Level": "4", "UserID": "S-1-5-21-963789628-1060504924-4285088085-1001", "EventData.fAutoDetect": "True", "EventData.pwszAutoConfigUrl": null, "EventData.pwszProxy": null, "EventData.pwszProxyBypass": null}
{"EventID": "5600", "Channel": "Microsoft-Windows-WinINet-Config/ProxyConfigChanged", "Provider_Name": "Microsoft-Windows-WinINet-Config", "Computer": "DESKTOP-OFJ6N53", "TimeCreated": "2022-04-06 13:05:49.649277+00:00", "RecordID": "44", "Level": "4", "UserID": "S-1-5-21-963789628-1060504924-4285088085-1001", "EventData.fAutoDetect": "True", "EventData.pwszAutoConfigUrl": null, "EventData.pwszProxy": null, "EventData.pwszProxyBypass": null}
{"EventID": "5600", "Channel": "Microsoft-Windows-WinINet-Config/ProxyConfigChanged", "Provider_Name": "Microsoft-Windows-WinINet-Config", "Computer": "DESKTOP-OFJ6N53", "TimeCreated": "2022-04-06 13:06:54.982685+00:00", "RecordID": "45", "Level": "4", "UserID": "S-1-5-21-963789628-1060504924-4285088085-1001", "EventData.fAutoDetect": "True", "EventData.pwszAutoConfigUrl": null, "EventData.pwszProxy": null, "EventData.pwszProxyBypass": null}
{"EventID": "5600", "Channel": "Microsoft-Windows-WinINet-Config/ProxyConfigChanged", "Provider_Name": "Microsoft-Windows-WinINet-Config", "Computer": "DESKTOP-OFJ6N53", "TimeCreated": "2022-04-06 15:04:54.376562+00:00", "RecordID": "46", "Level": "4", "UserID": "S-1-5-21-963789628-1060504924-4285088085-1001", "EventData.fAutoDetect": "True", "EventData.pwszAutoConfigUrl": null, "EventData.pwszProxy": null, "EventData.pwszProxyBypass": null}
{"EventID": "5600", "Channel": "Microsoft-Windows-WinINet-Config/ProxyConfigChanged", "Provider_Name": "Microsoft-Windows-WinINet-Config", "Computer": "DESKTOP-OFJ6N53", "TimeCreated": "2022-04-13 07:09:10.035505+00:00", "RecordID": "47", "Level": "4", "UserID": "S-1-5-21-963789628-1060504924-4285088085-1001", "EventData.fAutoDetect": "True", "EventData.pwszAutoConfigUrl": null, "EventData.pwszProxy": null, "EventData.pwszProxyBypass": null}
{"EventID": "5600", "Channel": "Microsoft-Windows-WinINet-Config/ProxyConfigChanged", "Provider_Name": "Microsoft-Windows-WinINet-Config", "Computer": "DESKTOP-OFJ6N53", "TimeCreated": "2022-04-13 07:10:41.625259+00:00", "RecordID": "48", "Level": "4", "UserID": "S-1-5-21-963789628-1060504924-4285088085-1001", "EventData.fAutoDetect": "True", "EventData.pwszAutoConfigUrl": null, "EventData.pwszProxy": null, "EventData.pwszProxyBypass": null}
{"EventID": "5600", "Channel": "Microsoft-Windows-WinINet-Config/ProxyConfigChanged", "Provider_Name": "Microsoft-Windows-WinINet-Config", "Computer": "DESKTOP-OFJ6N53", "TimeCreated": "2022-04-13 12:05:50.661623+00:00", "RecordID": "49", "Level": "4", "UserID": "S-1-5-21-963789628-1060504924-4285088085-1001", "EventData.fAutoDetect": "True", "EventData.pwszAutoConfigUrl": null, "EventData.pwszProxy": null, "EventData.pwszProxyBypass": null}
{"EventID": "5600", "Channel": "Microsoft-Windows-WinINet-Config/ProxyConfigChanged", "Provider_Name": "Microsoft-Windows-WinINet-Config", "Computer": "DESKTOP-OFJ6N53", "TimeCreated": "2022-04-15 07:45:55.784168+00:00", "RecordID": "50", "Level": "4", "UserID": "S-1-5-21-963789628-1060504924-4285088085-1001", "EventData.fAutoDetect": "True", "EventData.pwszAutoConfigUrl": null, "EventData.pwszProxy": null, "EventData.pwszProxyBypass": null}
{"EventID": "5600", "Channel": "Microsoft-Windows-WinINet-Config/ProxyConfigChanged", "Provider_Name": "Microsoft-Windows-WinINet-Config", "Computer": "DESKTOP-OFJ6N53", "TimeCreated": "2022-04-15 12:45:22.401958+00:00", "RecordID": "51", "Level": "4", "UserID": "S-1-5-21-963789628-1060504924-4285088085-1001", "EventData.fAutoDetect": "True", "EventData.pwszAutoConfigUrl": null, "EventData.pwszProxy": null, "EventData.pwszProxyBypass": null}
{"EventID": "5600", "Channel": "Microsoft-Windows-WinINet-Config/ProxyConfigChanged", "Provider_Name": "Microsoft-Windows-WinINet-Config", "Computer": "DESKTOP-OFJ6N53", "TimeCreated": "2022-04-15 14:42:55.279278+00:00", "RecordID": "52", "Level": "4", "UserID": "S-1-5-21-963789628-1060504924-4285088085-1001", "EventData.fAutoDetect": "True", "EventData.pwszAutoConfigUrl": null, "EventData.pwszProxy": null, "EventData.pwszProxyBypass": null}
{"EventID": "5600", "Channel": "Microsoft-Windows-WinINet-Config/ProxyConfigChanged", "Provider_Name": "Microsoft-Windows-WinINet-Config", "Computer": "DESKTOP-OFJ6N53", "TimeCreated": "2022-04-18 07:10:31.817751+00:00", "RecordID": "53", "Level": "4", "UserID": "S-1-5-21-963789628-1060504924-4285088085-1001", "EventData.fAutoDetect": "True", "EventData.pwszAutoConfigUrl": null, "EventData.pwszProxy": null, "EventData.pwszProxyBypass": null}
{"EventID": "5600", "Channel": "Microsoft-Windows-WinINet-Config/ProxyConfigChanged", "Provider_Name": "Microsoft-Windows-WinINet-Config", "Computer": "DESKTOP-OFJ6N53", "TimeCreated": "2022-04-18 11:46:19.690935+00:00", "RecordID": "54", "Level": "4", "UserID": "S-1-5-21-963789628-1060504924-4285088085-1001", "EventData.fAutoDetect": "True", "EventData.pwszAutoConfigUrl": null, "EventData.pwszProxy": null, "EventData.pwszProxyBypass": null}
{"EventID": "5600", "Channel": "Microsoft-Windows-WinINet-Config/ProxyConfigChanged", "Provider_Name": "Microsoft-Windows-WinINet-Config", "Computer": "DESKTOP-OFJ6N53", "TimeCreated": "2022-04-19 08:40:05.925882+00:00", "RecordID": "55", "Level": "4", "UserID": "S-1-5-21-963789628-1060504924-4285088085-1001", "EventData.fAutoDetect": "True", "EventData.pwszAutoConfigUrl": null, "EventData.pwszProxy": null, "EventData.pwszProxyBypass": null}
{"EventID": "5600", "Channel": "Microsoft-Windows-WinINet-Config/ProxyConfigChanged", "Provider_Name": "Microsoft-Windows-WinINet-Config", "Computer": "DESKTOP-OFJ6N53", "TimeCreated": "2022-04-19 08:42:04.918446+00:00", "RecordID": "56", "Level": "4", "UserID": "S-1-5-21-963789628-1060504924-4285088085-1001", "EventData.fAutoDetect": "True", "EventData.pwszAutoConfigUrl": null, "EventData.pwszProxy": null, "EventData.pwszProxyBypass": null}
{"EventID": "5600", "Channel": "Microsoft-Windows-WinINet-Config/ProxyConfigChanged", "Provider_Name": "Microsoft-Windows-WinINet-Config", "Computer": "DESKTOP-OFJ6N53", "TimeCreated": "2022-04-19 09:34:16.104593+00:00", "RecordID": "57", "Level": "4", "UserID": "S-1-5-21-963789628-1060504924-4285088085-1001", "EventData.fAutoDetect": "True", "EventData.pwszAutoConfigUrl": null, "EventData.pwszProxy": null, "EventData.pwszProxyBypass": null}
{"EventID": "5600", "Channel": "Microsoft-Windows-WinINet-Config/ProxyConfigChanged", "Provider_Name": "Microsoft-Windows-WinINet-Config", "Computer": "DESKTOP-OFJ6N53", "TimeCreated": "2022-04-20 06:41:05.493168+00:00", "RecordID": "58", "Level": "4", "UserID": "S-1-5-21-963789628-1060504924-4285088085-1001", "EventData.fAutoDetect": "True", "EventData.pwszAutoConfigUrl": null, "EventData.pwszProxy": null, "EventData.pwszProxyBypass": null}
{"EventID": "5600", "Channel": "Microsoft-Windows-WinINet-Config/ProxyConfigChanged", "Provider_Name": "Microsoft-Windows-WinINet-Config", "Computer": "DESKTOP-OFJ6N53", "TimeCreated": "2022-04-20 14:59:59.431263+00:00", "RecordID": "59", "Level": "4", "UserID": "S-1-5-21-963789628-1060504924-4285088085-1001", "EventData.fAutoDetect": "True", "EventData.pwszAutoConfigUrl": null, "EventData.pwszProxy": null, "EventData.pwszProxyBypass": null}
{"EventID": "5600", "Channel": "Microsoft-Windows-WinINet-Config/ProxyConfigChanged", "Provider_Name": "Microsoft-Windows-WinINet-Config", "Computer": "DESKTOP-OFJ6N53", "TimeCreated": "2022-04-22 19:03:54.175230+00:00", "RecordID": "60", "Level": "4", "UserID": "S-1-5-21-963789628-1060504924-4285088085-1001", "EventData.fAutoDetect": "True", "EventData.pwszAutoConfigUrl": null, "EventData.pwszProxy": null, "EventData.pwszProxyBypass": null}
{"EventID": "5600", "Channel": "Microsoft-Windows-WinINet-Config/ProxyConfigChanged", "Provider_Name": "Microsoft-Windows-WinINet-Config", "Computer": "DESKTOP-OFJ6N53", "TimeCreated": "2022-04-26 22:21:22.420542+00:00", "RecordID": "61", "Level": "4", "UserID": "S-1-5-21-963789628-1060504924-4285088085-1001", "EventData.fAutoDetect": "True", "EventData.pwszAutoConfigUrl": null, "EventData.pwszProxy": null, "EventData.pwszProxyBypass": null}
{"EventID": "5600", "Channel": "Microsoft-Windows-WinINet-Config/ProxyConfigChanged", "Provider_Name": "Microsoft-Windows-WinINet-Config", "Computer": "DESKTOP-OFJ6N53", "TimeCreated": "2022-05-12 13:56:57.825384+00:00", "RecordID": "62", "Level": "4", "UserID": "S-1-5-21-963789628-1060504924-4285088085-1001", "EventData.fAutoDetect": "True", "EventData.pwszAutoConfigUrl": null, "EventData.pwszProxy": null, "EventData.pwszProxyBypass": null}
{"EventID": "5600", "Channel": "Microsoft-Windows-WinINet-Config/ProxyConfigChanged", "Provider_Name": "Microsoft-Windows-WinINet-Config", "Computer": "DESKTOP-OFJ6N53", "TimeCreated": "2022-05-16 14:00:37.800468+00:00", "RecordID": "63", "Level": "4", "UserID": "S-1-5-21-963789628-1060504924-4285088085-1001", "EventData.fAutoDetect": "True", "EventData.pwszAutoConfigUrl": null, "EventData.pwszProxy": null, "EventData.pwszProxyBypass": null}
{"EventID": "5600", "Channel": "Microsoft-Windows-WinINet-Config/ProxyConfigChanged", "Provider_Name": "Microsoft-Windows-WinINet-Config", "Computer": "DESKTOP-OFJ6N53", "TimeCreated": "2022-05-16 14:02:06.175114+00:00", "RecordID": "64", "Level": "4", "UserID": "S-1-5-21-963789628-1060504924-4285088085-1001", "EventData.fAutoDetect": "True", "EventData.pwszAutoConfigUrl": null, "EventData.pwszProxy": null, "EventData.pwszProxyBypass": null}
{"EventID": "5600", "Channel": "Microsoft-Windows-WinINet-Config/ProxyConfigChanged", "Provider_Name": "Microsoft-Windows-WinINet-Config", "Computer": "DESKTOP-OFJ6N53", "TimeCreated": "2022-05-16 14:06:37.298979+00:00", "RecordID": "65", "Level": "4", "UserID": "S-1-5-21-963789628-1060504924-4285088085-1001", "EventData.fAutoDetect": "True", "EventData.pwszAutoConfigUrl": null, "EventData.pwszProxy": null, "EventData.pwszProxyBypass": null}
{"EventID": "5600", "Channel": "Microsoft-Windows-WinINet-Config/ProxyConfigChanged", "Provider_Name": "Microsoft-Windows-WinINet-Config", "Computer": "DESKTOP-OFJ6N53", "TimeCreated": "2022-05-16 14:24:03.875628+00:00", "RecordID": "66", "Level": "4", "UserID": "S-1-5-21-963789628-1060504924-4285088085-1001", "EventData.fAutoDetect": "True", "EventData.pwszAutoConfigUrl": null, "EventData.pwszProxy": null, "EventData.pwszProxyBypass": null}
{"EventID": "5600", "Channel": "Microsoft-Windows-WinINet-Config/ProxyConfigChanged", "Provider_Name": "Microsoft-Windows-WinINet-Config", "Computer": "DESKTOP-OFJ6N53", "TimeCreated": "2022-05-16 15:45:19.864185+00:00", "RecordID": "67", "Level": "4", "UserID": "S-1-5-21-963789628-1060504924-4285088085-1001", "EventData.fAutoDetect": "True", "EventData.pwszAutoConfigUrl": null, "EventData.pwszProxy": null, "EventData.pwszProxyBypass": null}
{"EventID": "5600", "Channel": "Microsoft-Windows-WinINet-Config/ProxyConfigChanged", "Provider_Name": "Microsoft-Windows-WinINet-Config", "Computer": "DESKTOP-OFJ6N53", "TimeCreated": "2022-05-18 08:19:36.928320+00:00", "RecordID": "68", "Level": "4", "UserID": "S-1-5-21-963789628-1060504924-4285088085-1001", "EventData.fAutoDetect": "True", "EventData.pwszAutoConfigUrl": null, "EventData.pwszProxy": null, "EventData.pwszProxyBypass": null}
{"EventID": "5600", "Channel": "Microsoft-Windows-WinINet-Config/ProxyConfigChanged", "Provider_Name": "Microsoft-Windows-WinINet-Config", "Computer": "DESKTOP-OFJ6N53", "TimeCreated": "2022-05-30 10:51:08.746082+00:00", "RecordID": "69", "Level": "4", "UserID": "S-1-5-21-963789628-1060504924-4285088085-1001", "EventData.fAutoDetect": "True", "EventData.pwszAutoConfigUrl": null, "EventData.pwszProxy": null, "EventData.pwszProxyBypass": null}
{"EventID": "5600", "Channel": "Microsoft-Windows-WinINet-Config/ProxyConfigChanged", "Provider_Name": "Microsoft-Windows-WinINet-Config", "Computer": "DESKTOP-OFJ6N53", "TimeCreated": "2022-05-30 13:13:15.281040+00:00", "RecordID": "70", "Level": "4", "UserID": "S-1-5-21-963789628-1060504924-4285088085-1001", "EventData.fAutoDetect": "True", "EventData.pwszAutoConfigUrl": null, "EventData.pwszProxy": null, "EventData.pwszProxyBypass": null}
{"EventID": "5600", "Channel": "Microsoft-Windows-WinINet-Config/ProxyConfigChanged", "Provider_Name": "Microsoft-Windows-WinINet-Config", "Computer": "DESKTOP-OFJ6N53", "TimeCreated": "2022-06-03 11:00:51.058987+00:00", "RecordID": "71", "Level": "4", "UserID": "S-1-5-21-963789628-1060504924-4285088085-1001", "EventData.fAutoDetect": "True", "EventData.pwszAutoConfigUrl": null, "EventData.pwszProxy": null, "EventData.pwszProxyBypass": null}
{"EventID": "5600", "Channel": "Microsoft-Windows-WinINet-Config/ProxyConfigChanged", "Provider_Name": "Microsoft-Windows-WinINet-Config", "Computer": "DESKTOP-OFJ6N53", "TimeCreated": "2022-11-29 11:59:35.841818+00:00", "RecordID": "72", "Level": "4", "UserID": "S-1-5-21-963789628-1060504924-4285088085-1001", "EventData.fAutoDetect": "True", "EventData.pwszAutoConfigUrl": null, "EventData.pwszProxy": null, "EventData.pwszProxyBypass": null}
{"EventID": "5600", "Channel": "Microsoft-Windows-WinINet-Config/ProxyConfigChanged", "Provider_Name": "Microsoft-Windows-WinINet-Config", "Computer": "DESKTOP-OFJ6N53", "TimeCreated": "2022-12-01 11:59:22.676579+00:00", "RecordID": "73", "Level": "4", "UserID": "S-1-5-21-963789628-1060504924-4285088085-1001", "EventData.fAutoDetect": "True", "EventData.pwszAutoConfigUrl": null, "EventData.pwszProxy": null, "EventData.pwszProxyBypass": null}
{"EventID": "5600", "Channel": "Microsoft-Windows-WinINet-Config/ProxyConfigChanged", "Provider_Name": "Microsoft-Windows-WinINet-Config", "Computer": "DESKTOP-OFJ6N53", "TimeCreated": "2022-12-22 20:00:38.083986+00:00", "RecordID": "74", "Level": "4", "UserID": "S-1-5-21-963789628-1060504924-4285088085-1001", "EventData.fAutoDetect": "True", "EventData.pwszAutoConfigUrl": null, "EventData.pwszProxy": null, "EventData.pwszProxyBypass": null}
{"EventID": "5600", "Channel": "Microsoft-Windows-WinINet-Config/ProxyConfigChanged", "Provider_Name": "Microsoft-Windows-WinINet-Config", "Computer": "DESKTOP-OFJ6N53", "TimeCreated": "2022-12-23 10:35:54.107439+00:00", "RecordID": "75", "Level": "4", "UserID": "S-1-5-21-963789628-1060504924-4285088085-1001", "EventData.fAutoDetect": "True", "EventData.pwszAutoConfigUrl": null, "EventData.pwszProxy": null, "EventData.pwszProxyBypass": null}
{"EventID": "5600", "Channel": "Microsoft-Windows-WinINet-Config/ProxyConfigChanged", "Provider_Name": "Microsoft-Windows-WinINet-Config", "Computer": "DESKTOP-OFJ6N53", "TimeCreated": "2022-12-27 09:33:36.236927+00:00", "RecordID": "76", "Level": "4", "UserID": "S-1-5-21-963789628-1060504924-4285088085-1001", "EventData.fAutoDetect": "True", "EventData.pwszAutoConfigUrl": null, "EventData.pwszProxy": null, "EventData.pwszProxyBypass": null}
{"EventID": "5600", "Channel": "Microsoft-Windows-WinINet-Config/ProxyConfigChanged", "Provider_Name": "Microsoft-Windows-WinINet-Config", "Computer": "DESKTOP-OFJ6N53", "TimeCreated": "2022-12-28 11:14:37.554016+00:00", "RecordID": "77", "Level": "4", "UserID": "S-1-5-21-963789628-1060504924-4285088085-1001", "EventData.fAutoDetect": "True", "EventData.pwszAutoConfigUrl": null, "EventData.pwszProxy": null, "EventData.pwszProxyBypass": null}
{"EventID": "5600", "Channel": "Microsoft-Windows-WinINet-Config/ProxyConfigChanged", "Provider_Name": "Microsoft-Windows-WinINet-Config", "Computer": "DESKTOP-OFJ6N53", "TimeCreated": "2022-12-28 15:10:42.738861+00:00", "RecordID": "78", "Level": "4", "UserID": "S-1-5-21-963789628-1060504924-4285088085-1001", "EventData.fAutoDetect": "True", "EventData.pwszAutoConfigUrl": null, "EventData.pwszProxy": null, "EventData.pwszProxyBypass": null}
{"EventID": "5600", "Channel": "Microsoft-Windows-WinINet-Config/ProxyConfigChanged", "Provider_Name": "Microsoft-Windows-WinINet-Config", "Computer": "DESKTOP-OFJ6N53", "TimeCreated": "2023-02-06 15:25:35.126450+00:00", "RecordID": "79", "Level": "4", "UserID": "S-1-5-21-963789628-1060504924-4285088085-1001", "EventData.fAutoDetect": "True", "EventData.pwszAutoConfigUrl": null, "EventData.pwszProxy": null, "EventData.pwszProxyBypass": null}
{"EventID": "5600", "Channel": "Microsoft-Windows-WinINet-Config/ProxyConfigChanged", "Provider_Name": "Microsoft-Windows-WinINet-Config", "Computer": "DESKTOP-OFJ6N53", "TimeCreated": "2023-02-09 10:48:19.940273+00:00", "RecordID": "80", "Level": "4", "UserID": "S-1-5-21-963789628-1060504924-4285088085-1001", "EventData.fAutoDetect": "True", "EventData.pwszAutoConfigUrl": null, "EventData.pwszProxy": null, "EventData.pwszProxyBypass": null}
{"EventID": "5600", "Channel": "Microsoft-Windows-WinINet-Config/ProxyConfigChanged", "Provider_Name": "Microsoft-Windows-WinINet-Config", "Computer": "DESKTOP-OFJ6N53", "TimeCreated": "2023-03-02 15:23:45.512173+00:00", "RecordID": "81", "Level": "4", "UserID": "S-1-5-21-963789628-1060504924-4285088085-1001", "EventData.fAutoDetect": "True", "EventData.pwszAutoConfigUrl": null, "EventData.pwszProxy": null, "EventData.pwszProxyBypass": null}
{"EventID": "5600", "Channel": "Microsoft-Windows-WinINet-Config/ProxyConfigChanged", "Provider_Name": "Microsoft-Windows-WinINet-Config", "Computer": "DESKTOP-OFJ6N53", "TimeCreated": "2023-03-02 15:23:45.553850+00:00", "RecordID": "82", "Level": "4", "UserID": "S-1-5-21-963789628-1060504924-4285088085-1001", "EventData.fAutoDetect": "True", "EventData.pwszAutoConfigUrl": null, "EventData.pwszProxy": null, "EventData.pwszProxyBypass": null}
{"EventID": "5600", "Channel": "Microsoft-Windows-WinINet-Config/ProxyConfigChanged", "Provider_Name": "Microsoft-Windows-WinINet-Config", "Computer": "DESKTOP-OFJ6N53", "TimeCreated": "2023-03-02 15:28:46.622398+00:00", "RecordID": "83", "Level": "4", "UserID": "S-1-5-21-963789628-1060504924-4285088085-1001", "EventData.fAutoDetect": "True", "EventData.pwszAutoConfigUrl": null, "EventData.pwszProxy": null, "EventData.pwszProxyBypass": null}
{"EventID": "5600", "Channel": "Microsoft-Windows-WinINet-Config/ProxyConfigChanged", "Provider_Name": "Microsoft-Windows-WinINet-Config", "Computer": "DESKTOP-OFJ6N53", "TimeCreated": "2023-03-02 15:28:46.650965+00:00", "RecordID": "84", "Level": "4", "UserID": "S-1-5-21-963789628-1060504924-4285088085-1001", "EventData.fAutoDetect": "True", "EventData.pwszAutoConfigUrl": null, "EventData.pwszProxy": null, "EventData.pwszProxyBypass": null}
{"EventID": "5600", "Channel": "Microsoft-Windows-WinINet-Config/ProxyConfigChanged", "Provider_Name": "Microsoft-Windows-WinINet-Config", "Computer": "DESKTOP-OFJ6N53", "TimeCreated": "2023-03-03 03:38:26.205339+00:00", "RecordID": "85", "Level": "4", "UserID": "S-1-5-21-963789628-1060504924-4285088085-1001", "EventData.fAutoDetect": "True", "EventData.pwszAutoConfigUrl": null, "EventData.pwszProxy": null, "EventData.pwszProxyBypass": null}
{"EventID": "5600", "Channel": "Microsoft-Windows-WinINet-Config/ProxyConfigChanged", "Provider_Name": "Microsoft-Windows-WinINet-Config", "Computer": "DESKTOP-OFJ6N53", "TimeCreated": "2023-03-03 03:38:26.287455+00:00", "RecordID": "86", "Level": "4", "UserID": "S-1-5-21-963789628-1060504924-4285088085-1001", "EventData.fAutoDetect": "True", "EventData.pwszAutoConfigUrl": null, "EventData.pwszProxy": null, "EventData.pwszProxyBypass": null}
{"EventID": "5600", "Channel": "Microsoft-Windows-WinINet-Config/ProxyConfigChanged", "Provider_Name": "Microsoft-Windows-WinINet-Config", "Computer": "DESKTOP-OFJ6N53", "TimeCreated": "2023-03-03 13:22:49.962395+00:00", "RecordID": "87", "Level": "4", "UserID": "S-1-5-21-963789628-1060504924-4285088085-1001", "EventData.fAutoDetect": "True", "EventData.pwszAutoConfigUrl": null, "EventData.pwszProxy": null, "EventData.pwszProxyBypass": null}
{"EventID": "5600", "Channel": "Microsoft-Windows-WinINet-Config/ProxyConfigChanged", "Provider_Name": "Microsoft-Windows-WinINet-Config", "Computer": "DESKTOP-OFJ6N53", "TimeCreated": "2023-03-03 13:22:50.004082+00:00", "RecordID": "88", "Level": "4", "UserID": "S-1-5-21-963789628-1060504924-4285088085-1001", "EventData.fAutoDetect": "True", "EventData.pwszAutoConfigUrl": null, "EventData.pwszProxy": null, "EventData.pwszProxyBypass": null}
{"EventID": "5600", "Channel": "Microsoft-Windows-WinINet-Config/ProxyConfigChanged", "Provider_Name": "Microsoft-Windows-WinINet-Config", "Computer": "DESKTOP-OFJ6N53", "TimeCreated": "2023-03-04 01:51:35.709236+00:00", "RecordID": "89", "Level": "4", "UserID": "S-1-5-21-963789628-1060504924-4285088085-1001", "EventData.fAutoDetect": "True", "EventData.pwszAutoConfigUrl": null, "EventData.pwszProxy": null, "EventData.pwszProxyBypass": null}
{"EventID": "5600", "Channel": "Microsoft-Windows-WinINet-Config/ProxyConfigChanged", "Provider_Name": "Microsoft-Windows-WinINet-Config", "Computer": "DESKTOP-OFJ6N53", "TimeCreated": "2023-03-04 01:51:35.773876+00:00", "RecordID": "90", "Level": "4", "UserID": "S-1-5-21-963789628-1060504924-4285088085-1001", "EventData.fAutoDetect": "True", "EventData.pwszAutoConfigUrl": null, "EventData.pwszProxy": null, "EventData.pwszProxyBypass": null}
{"EventID": "5600", "Channel": "Microsoft-Windows-WinINet-Config/ProxyConfigChanged", "Provider_Name": "Microsoft-Windows-WinINet-Config", "Computer": "DESKTOP-OFJ6N53", "TimeCreated": "2023-03-05 10:17:32.220871+00:00", "RecordID": "91", "Level": "4", "UserID": "S-1-5-21-963789628-1060504924-4285088085-1001", "EventData.fAutoDetect": "True", "EventData.pwszAutoConfigUrl": null, "EventData.pwszProxy": null, "EventData.pwszProxyBypass": null}
{"EventID": "5600", "Channel": "Microsoft-Windows-WinINet-Config/ProxyConfigChanged", "Provider_Name": "Microsoft-Windows-WinINet-Config", "Computer": "DESKTOP-OFJ6N53", "TimeCreated": "2023-03-05 10:17:32.276155+00:00", "RecordID": "92", "Level": "4", "UserID": "S-1-5-21-963789628-1060504924-4285088085-1001", "EventData.fAutoDetect": "True", "EventData.pwszAutoConfigUrl": null, "EventData.pwszProxy": null, "EventData.pwszProxyBypass": null}
{"EventID": "5600", "Channel": "Microsoft-Windows-WinINet-Config/ProxyConfigChanged", "Provider_Name": "Microsoft-Windows-WinINet-Config", "Computer": "DESKTOP-OFJ6N53", "TimeCreated": "2023-03-07 17:08:34.204445+00:00", "RecordID": "93", "Level": "4", "UserID": "S-1-5-21-963789628-1060504924-4285088085-1001", "EventData.fAutoDetect": "True", "EventData.pwszAutoConfigUrl": null, "EventData.pwszProxy": null, "EventData.pwszProxyBypass": null}
{"EventID": "5600", "Channel": "Microsoft-Windows-WinINet-Config/ProxyConfigChanged", "Provider_Name": "Microsoft-Windows-WinINet-Config", "Computer": "DESKTOP-OFJ6N53", "TimeCreated": "2023-03-07 17:08:34.229708+00:00", "RecordID": "94", "Level": "4", "UserID": "S-1-5-21-963789628-1060504924-4285088085-1001", "EventData.fAutoDetect": "True", "EventData.pwszAutoConfigUrl": null, "EventData.pwszProxy": null, "EventData.pwszProxyBypass": null}
{"EventID": "5600", "Channel": "Microsoft-Windows-WinINet-Config/ProxyConfigChanged", "Provider_Name": "Microsoft-Windows-WinINet-Config", "Computer": "DESKTOP-OFJ6N53", "TimeCreated": "2023-03-10 12:01:54.923578+00:00", "RecordID": "95", "Level": "4", "UserID": "S-1-5-21-963789628-1060504924-4285088085-1001", "EventData.fAutoDetect": "True", "EventData.pwszAutoConfigUrl": null, "EventData.pwszProxy": null, "EventData.pwszProxyBypass": null}
{"EventID": "5600", "Channel": "Microsoft-Windows-WinINet-Config/ProxyConfigChanged", "Provider_Name": "Microsoft-Windows-WinINet-Config", "Computer": "DESKTOP-OFJ6N53", "TimeCreated": "2023-03-10 12:01:55.127991+00:00", "RecordID": "96", "Level": "4", "UserID": "S-1-5-21-963789628-1060504924-4285088085-1001", "EventData.fAutoDetect": "True", "EventData.pwszAutoConfigUrl": null, "EventData.pwszProxy": null, "EventData.pwszProxyBypass": null}
{"EventID": "5600", "Channel": "Microsoft-Windows-WinINet-Config/ProxyConfigChanged", "Provider_Name": "Microsoft-Windows-WinINet-Config", "Computer": "DESKTOP-OFJ6N53", "TimeCreated": "2023-03-14 01:10:40.357529+00:00", "RecordID": "97", "Level": "4", "UserID": "S-1-5-21-963789628-1060504924-4285088085-1001", "EventData.fAutoDetect": "True", "EventData.pwszAutoConfigUrl": null, "EventData.pwszProxy": null, "EventData.pwszProxyBypass": null}
{"EventID": "5600", "Channel": "Microsoft-Windows-WinINet-Config/ProxyConfigChanged", "Provider_Name": "Microsoft-Windows-WinINet-Config", "Computer": "DESKTOP-OFJ6N53", "TimeCreated": "2023-03-14 01:10:40.403801+00:00", "RecordID": "98", "Level": "4", "UserID": "S-1-5-21-963789628-1060504924-4285088085-1001", "EventData.fAutoDetect": "True", "EventData.pwszAutoConfigUrl": null, "EventData.pwszProxy": null, "EventData.pwszProxyBypass": null}
{"EventID": "5600", "Channel": "Microsoft-Windows-WinINet-Config/ProxyConfigChanged", "Provider_Name": "Microsoft-Windows-WinINet-Config", "Computer": "DESKTOP-OFJ6N53", "TimeCreated": "2023-03-17 13:52:59.091309+00:00", "RecordID": "99", "Level": "4", "UserID": "S-1-5-21-963789628-1060504924-4285088085-1001", "EventData.fAutoDetect": "True", "EventData.pwszAutoConfigUrl": null, "EventData.pwszProxy": null, "EventData.pwszProxyBypass": null}
{"EventID": "5600", "Channel": "Microsoft-Windows-WinINet-Config/ProxyConfigChanged", "Provider_Name": "Microsoft-Windows-WinINet-Config", "Computer": "DESKTOP-OFJ6N53", "TimeCreated": "2023-03-17 13:52:59.132174+00:00", "RecordID": "100", "Level": "4", "UserID": "S-1-5-21-963789628-1060504924-4285088085-1001", "EventData.fAutoDetect": "True", "EventData.pwszAutoConfigUrl": null, "EventData.pwszProxy": null, "EventData.pwszProxyBypass": null}
{"EventID": "5600", "Channel": "Microsoft-Windows-WinINet-Config/ProxyConfigChanged", "Provider_Name": "Microsoft-Windows-WinINet-Config", "Computer": "DESKTOP-OFJ6N53", "TimeCreated": "2023-03-18 01:36:04.317759+00:00", "RecordID": "101", "Level": "4", "UserID": "S-1-5-21-963789628-1060504924-4285088085-1001", "EventData.fAutoDetect": "True", "EventData.pwszAutoConfigUrl": null, "EventData.pwszProxy": null, "EventData.pwszProxyBypass": null}
{"EventID": "5600", "Channel": "Microsoft-Windows-WinINet-Config/ProxyConfigChanged", "Provider_Name": "Microsoft-Windows-WinINet-Config", "Computer": "DESKTOP-OFJ6N53", "TimeCreated": "2023-03-18 01:36:04.361126+00:00", "RecordID": "102", "Level": "4", "UserID": "S-1-5-21-963789628-1060504924-4285088085-1001", "EventData.fAutoDetect": "True", "EventData.pwszAutoConfigUrl": null, "EventData.pwszProxy": null, "EventData.pwszProxyBypass": null}
{"EventID": "5600", "Channel": "Microsoft-Windows-WinINet-Config/ProxyConfigChanged", "Provider_Name": "Microsoft-Windows-WinINet-Config", "Computer": "DESKTOP-OFJ6N53", "TimeCreated": "2023-03-19 13:43:25.980835+00:00", "RecordID": "103", "Level": "4", "UserID": "S-1-5-21-963789628-1060504924-4285088085-1001", "EventData.fAutoDetect": "True", "EventData.pwszAutoConfigUrl": null, "EventData.pwszProxy": null, "EventData.pwszProxyBypass": null}
{"EventID": "5600", "Channel": "Microsoft-Windows-WinINet-Config/ProxyConfigChanged", "Provider_Name": "Microsoft-Windows-WinINet-Config", "Computer": "DESKTOP-OFJ6N53", "TimeCreated": "2023-03-19 13:43:26.325056+00:00", "RecordID": "104", "Level": "4", "UserID": "S-1-5-21-963789628-1060504924-4285088085-1001", "EventData.fAutoDetect": "True", "EventData.pwszAutoConfigUrl": null, "EventData.pwszProxy": null, "EventData.pwszProxyBypass": null}
{"EventID": "5600", "Channel": "Microsoft-Windows-WinINet-Config/ProxyConfigChanged", "Provider_Name": "Microsoft-Windows-WinINet-Config", "Computer": "DESKTOP-OFJ6N53", "TimeCreated": "2023-03-21 12:52:39.033705+00:00", "RecordID": "105", "Level": "4", "UserID": "S-1-5-21-963789628-1060504924-4285088085-1001", "EventData.fAutoDetect": "True", "EventData.pwszAutoConfigUrl": null, "EventData.pwszProxy": null, "EventData.pwszProxyBypass": null}
{"EventID": "5600", "Channel": "Microsoft-Windows-WinINet-Config/ProxyConfigChanged", "Provider_Name": "Microsoft-Windows-WinINet-Config", "Computer": "DESKTOP-OFJ6N53", "TimeCreated": "2023-03-23 22:45:00.841858+00:00", "RecordID": "106", "Level": "4", "UserID": "S-1-5-21-963789628-1060504924-4285088085-1001", "EventData.fAutoDetect": "True", "EventData.pwszAutoConfigUrl": null, "EventData.pwszProxy": null, "EventData.pwszProxyBypass": null}
{"EventID": "5600", "Channel": "Microsoft-Windows-WinINet-Config/ProxyConfigChanged", "Provider_Name": "Microsoft-Windows-WinINet-Config", "Computer": "DESKTOP-OFJ6N53", "TimeCreated": "2023-03-23 22:45:01.003351+00:00", "RecordID": "107", "Level": "4", "UserID": "S-1-5-21-963789628-1060504924-4285088085-1001", "EventData.fAutoDetect": "True", "EventData.pwszAutoConfigUrl": null, "EventData.pwszProxy": null, "EventData.pwszProxyBypass": null}
{"EventID": "5600", "Channel": "Microsoft-Windows-WinINet-Config/ProxyConfigChanged", "Provider_Name": "Microsoft-Windows-WinINet-Config", "Computer": "DESKTOP-OFJ6N53", "TimeCreated": "2023-03-28 15:42:45.348377+00:00", "RecordID": "108", "Level": "4", "UserID": "S-1-5-21-963789628-1060504924-4285088085-1001", "EventData.fAutoDetect": "True", "EventData.pwszAutoConfigUrl": null, "EventData.pwszProxy": null, "EventData.pwszProxyBypass": null}
{"EventID": "5600", "Channel": "Microsoft-Windows-WinINet-Config/ProxyConfigChanged", "Provider_Name": "Microsoft-Windows-WinINet-Config", "Computer": "DESKTOP-OFJ6N53", "TimeCreated": "2023-03-28 15:42:46.197336+00:00", "RecordID": "109", "Level": "4", "UserID": "S-1-5-21-963789628-1060504924-4285088085-1001", "EventData.fAutoDetect": "True", "EventData.pwszAutoConfigUrl": null, "EventData.pwszProxy": null, "EventData.pwszProxyBypass": null}
{"EventID": "5600", "Channel": "Microsoft-Windows-WinINet-Config/ProxyConfigChanged", "Provider_Name": "Microsoft-Windows-WinINet-Config", "Computer": "DESKTOP-OFJ6N53", "TimeCreated": "2023-03-29 03:25:05.227592+00:00", "RecordID": "110", "Level": "4", "UserID": "S-1-5-21-963789628-1060504924-4285088085-1001", "EventData.fAutoDetect": "True", "EventData.pwszAutoConfigUrl": null, "EventData.pwszProxy": null, "EventData.pwszProxyBypass": null}
{"EventID": "5600", "Channel": "Microsoft-Windows-WinINet-Config/ProxyConfigChanged", "Provider_Name": "Microsoft-Windows-WinINet-Config", "Computer": "DESKTOP-OFJ6N53", "TimeCreated": "2023-03-29 03:25:05.859779+00:00", "RecordID": "111", "Level": "4", "UserID": "S-1-5-21-963789628-1060504924-4285088085-1001", "EventData.fAutoDetect": "True", "EventData.pwszAutoConfigUrl": null, "EventData.pwszProxy": null, "EventData.pwszProxyBypass": null}
{"EventID": "5600", "Channel": "Microsoft-Windows-WinINet-Config/ProxyConfigChanged", "Provider_Name": "Microsoft-Windows-WinINet-Config", "Computer": "DESKTOP-OFJ6N53", "TimeCreated": "2023-04-03 17:05:56.154175+00:00", "RecordID": "112", "Level": "4", "UserID": "S-1-5-21-963789628-1060504924-4285088085-1001", "EventData.fAutoDetect": "True", "EventData.pwszAutoConfigUrl": null, "EventData.pwszProxy": null, "EventData.pwszProxyBypass": null}
