{"EventID": "2", "Channel": "Microsoft-Windows-Kernel-EventTracing/Admin", "Provider_Name": "Microsoft-Windows-Kernel-EventTracing", "Computer": "DESKTOP-OFJ6N53", "TimeCreated": "2023-09-09 05:40:26.624035+00:00", "RecordID": "350", "Level": "2", "UserID": "S-1-5-18", "EventData.SessionName": "Microsoft.Windows.WindowsUpdate.RUXIMLog", "EventData.FileName": null, "EventData.ErrorCode": "3221225525", "EventData.LoggingMode": "268460034"}
{"EventID": "2", "Channel": "Microsoft-Windows-Kernel-EventTracing/Admin", "Provider_Name": "Microsoft-Windows-Kernel-EventTracing", "Computer": "DESKTOP-OFJ6N53", "TimeCreated": "2023-09-10 01:25:32.115929+00:00", "RecordID": "351", "Level": "2", "UserID": "S-1-5-18", "EventData.SessionName": "Microsoft.Windows.Remediation", "EventData.FileName": null, "EventData.ErrorCode": "3221225525", "EventData.LoggingMode": "268460034"}
{"EventID": "2", "Channel": "Microsoft-Windows-Kernel-EventTracing/Admin", "Provider_Name": "Microsoft-Windows-Kernel-EventTracing", "Computer": "DESKTOP-OFJ6N53", "TimeCreated": "2023-09-13 07:19:24.650408+00:00", "RecordID": "352", "Level": "2", "UserID": "S-1-5-18", "EventData.SessionName": "Microsoft.Windows.WindowsUpdate.RUXIMLog", "EventData.FileName": null, "EventData.ErrorCode": "3221225525", "EventData.LoggingMode": "268460034"}
{"EventID": "2", "Channel": "Microsoft-Windows-Kernel-EventTracing/Admin", "Provider_Name": "Microsoft-Windows-Kernel-EventTracing", "Computer": "DESKTOP-OFJ6N53", "TimeCreated": "2023-09-14 08:36:44.653835+00:00", "RecordID": "353", "Level": "2", "UserID": "S-1-5-18", "EventData.SessionName": "Microsoft.Windows.Remediation", "EventData.FileName": null, "EventData.ErrorCode": "3221225525", "EventData.LoggingMode": "268460034"}
{"EventID": "2", "Channel": "Microsoft-Windows-Kernel-EventTracing/Admin", "Provider_Name": "Microsoft-Windows-Kernel-EventTracing", "Computer": "DESKTOP-OFJ6N53", "TimeCreated": "2023-09-17 03:32:43.073702+00:00", "RecordID": "354", "Level": "2", "UserID": "S-1-5-18", "EventData.SessionName": "Microsoft.Windows.Remediation", "EventData.FileName": null, "EventData.ErrorCode": "3221225525", "EventData.LoggingMode": "268460034"}
{"EventID": "2", "Channel": "Microsoft-Windows-Kernel-EventTracing/Admin", "Provider_Name": "Microsoft-Windows-Kernel-EventTracing", "Computer": "DESKTOP-OFJ6N53", "TimeCreated": "2023-09-17 07:02:21.422089+00:00", "RecordID": "355", "Level": "2", "UserID": "S-1-5-18", "EventData.SessionName": "Microsoft.Windows.WindowsUpdate.RUXIMLog", "EventData.FileName": null, "EventData.ErrorCode": "3221225525", "EventData.LoggingMode": "268460034"}
{"EventID": "2", "Channel": "Microsoft-Windows-Kernel-EventTracing/Admin", "Provider_Name": "Microsoft-Windows-Kernel-EventTracing", "Computer": "DESKTOP-OFJ6N53", "TimeCreated": "2023-09-21 07:55:41.421875+00:00", "RecordID": "356", "Level": "2", "UserID": "S-1-5-18", "EventData.SessionName": "Microsoft.Windows.WindowsUpdate.RUXIMLog", "EventData.FileName": null, "EventData.ErrorCode": "3221225525", "EventData.LoggingMode": "268460034"}
{"EventID": "2", "Channel": "Microsoft-Windows-Kernel-EventTracing/Admin", "Provider_Name": "Microsoft-Windows-Kernel-EventTracing", "Computer": "DESKTOP-OFJ6N53", "TimeCreated": "2023-09-21 20:36:44.862673+00:00", "RecordID": "357", "Level": "2", "UserID": "S-1-5-18", "EventData.SessionName": "Microsoft.Windows.Remediation", "EventData.FileName": null, "EventData.ErrorCode": "3221225525", "EventData.LoggingMode": "268460034"}
{"EventID": "2", "Channel": "Microsoft-Windows-Kernel-EventTracing/Admin", "Provider_Name": "Microsoft-Windows-Kernel-EventTracing", "Computer": "DESKTOP-OFJ6N53", "TimeCreated": "2023-09-24 00:26:49.106701+00:00", "RecordID": "358", "Level": "2", "UserID": "S-1-5-18", "EventData.SessionName": "Microsoft.Windows.Remediation", "EventData.FileName": null, "EventData.ErrorCode": "3221225525", "EventData.LoggingMode": "268460034"}
{"EventID": "2", "Channel": "Microsoft-Windows-Kernel-EventTracing/Admin", "Provider_Name": "Microsoft-Windows-Kernel-EventTracing", "Computer": "DESKTOP-OFJ6N53", "TimeCreated": "2023-09-25 07:48:24.433296+00:00", "RecordID": "359", "Level": "2", "UserID": "S-1-5-18", "EventData.SessionName": "Microsoft.Windows.WindowsUpdate.RUXIMLog", "EventData.FileName": null, "EventData.ErrorCode": "3221225525", "EventData.LoggingMode": "268460034"}
{"EventID": "2", "Channel": "Microsoft-Windows-Kernel-EventTracing/Admin", "Provider_Name": "Microsoft-Windows-Kernel-EventTracing", "Computer": "DESKTOP-OFJ6N53", "TimeCreated": "2023-09-29 08:36:46.581713+00:00", "RecordID": "360", "Level": "2", "UserID": "S-1-5-18", "EventData.SessionName": "Microsoft.Windows.Remediation", "EventData.FileName": null, "EventData.ErrorCode": "3221225525", "EventData.LoggingMode": "268460034"}
{"EventID": "2", "Channel": "Microsoft-Windows-Kernel-EventTracing/Admin", "Provider_Name": "Microsoft-Windows-Kernel-EventTracing", "Computer": "DESKTOP-OFJ6N53", "TimeCreated": "2023-09-29 09:16:08.436089+00:00", "RecordID": "361", "Level": "2", "UserID": "S-1-5-18", "EventData.SessionName": "Microsoft.Windows.WindowsUpdate.RUXIMLog", "EventData.FileName": null, "EventData.ErrorCode": "3221225525", "EventData.LoggingMode": "268460034"}
{"EventID": "2", "Channel": "Microsoft-Windows-Kernel-EventTracing/Admin", "Provider_Name": "Microsoft-Windows-Kernel-EventTracing", "Computer": "DESKTOP-OFJ6N53", "TimeCreated": "2023-10-01 00:28:28.671940+00:00", "RecordID": "362", "Level": "2", "UserID": "S-1-5-18", "EventData.SessionName": "Microsoft.Windows.Remediation", "EventData.FileName": null, "EventData.ErrorCode": "3221225525", "EventData.LoggingMode": "268460034"}
{"EventID": "2", "Channel": "Microsoft-Windows-Kernel-EventTracing/Admin", "Provider_Name": "Microsoft-Windows-Kernel-EventTracing", "Computer": "DESKTOP-OFJ6N53", "TimeCreated": "2023-10-03 05:36:12.336708+00:00", "RecordID": "363", "Level": "2", "UserID": "S-1-5-18", "EventData.SessionName": "Microsoft.Windows.WindowsUpdate.RUXIMLog", "EventData.FileName": null, "EventData.ErrorCode": "3221225525", "EventData.LoggingMode": "268460034"}
{"EventID": "2", "Channel": "Microsoft-Windows-Kernel-EventTracing/Admin", "Provider_Name": "Microsoft-Windows-Kernel-EventTracing", "Computer": "DESKTOP-OFJ6N53", "TimeCreated": "2023-10-06 10:10:51.656677+00:00", "RecordID": "364", "Level": "2", "UserID": "S-1-5-18", "EventData.SessionName": "Microsoft.Windows.Remediation", "EventData.FileName": null, "EventData.ErrorCode": "3221225525", "EventData.LoggingMode": "268460034"}
{"EventID": "2", "Channel": "Microsoft-Windows-Kernel-EventTracing/Admin", "Provider_Name": "Microsoft-Windows-Kernel-EventTracing", "Computer": "DESKTOP-OFJ6N53", "TimeCreated": "2023-10-07 07:02:23.344229+00:00", "RecordID": "365", "Level": "2", "UserID": "S-1-5-18", "EventData.SessionName": "Microsoft.Windows.WindowsUpdate.RUXIMLog", "EventData.FileName": null, "EventData.ErrorCode": "3221225525", "EventData.LoggingMode": "268460034"}
{"EventID": "2", "Channel": "Microsoft-Windows-Kernel-EventTracing/Admin", "Provider_Name": "Microsoft-Windows-Kernel-EventTracing", "Computer": "DESKTOP-OFJ6N53", "TimeCreated": "2023-10-08 03:41:43.571318+00:00", "RecordID": "366", "Level": "2", "UserID": "S-1-5-18", "EventData.SessionName": "Microsoft.Windows.Remediation", "EventData.FileName": null, "EventData.ErrorCode": "3221225525", "EventData.LoggingMode": "268460034"}
{"EventID": "2", "Channel": "Microsoft-Windows-Kernel-EventTracing/Admin", "Provider_Name": "Microsoft-Windows-Kernel-EventTracing", "Computer": "DESKTOP-OFJ6N53", "TimeCreated": "2023-10-09 23:25:30.252062+00:00", "RecordID": "367", "Level": "2", "UserID": "S-1-5-18", "EventData.SessionName": "Microsoft.Windows.WindowsUpdate.RUXIMLog", "EventData.FileName": null, "EventData.ErrorCode": "3221225525", "EventData.LoggingMode": "268460034"}
{"EventID": "4", "Channel": "Microsoft-Windows-Kernel-EventTracing/Admin", "Provider_Name": "Microsoft-Windows-Kernel-EventTracing", "Computer": "DESKTOP-OFJ6N53", "TimeCreated": "2023-10-10 16:14:55.761593+00:00", "RecordID": "368", "Level": "3", "UserID": "S-1-5-18", "EventData.SessionName": "Diagtrack-Listener", "EventData.FileName": "C:\\Windows\\System32\\LogFiles\\WMI\\Diagtrack-Listener.etl.002", "EventData.ErrorCode": "3221225864", "EventData.LoggingMode": "142606353", "EventData.MaxFileSize": "33554432"}
{"EventID": "3", "Channel": "Microsoft-Windows-Kernel-EventTracing/Admin", "Provider_Name": "Microsoft-Windows-Kernel-EventTracing", "Computer": "DESKTOP-OFJ6N53", "TimeCreated": "2023-10-10 16:14:55.761604+00:00", "RecordID": "369", "Level": "2", "UserID": "S-1-5-18", "EventData.SessionName": "Diagtrack-Listener", "EventData.FileName": "C:\\Windows\\System32\\LogFiles\\WMI\\Diagtrack-Listener.etl.002", "EventData.ErrorCode": "3221225864", "EventData.LoggingMode": "142606353", "EventData.FailureReason": "0"}
{"EventID": "2", "Channel": "Microsoft-Windows-Kernel-EventTracing/Admin", "Provider_Name": "Microsoft-Windows-Kernel-EventTracing", "Computer": "DESKTOP-OFJ6N53", "TimeCreated": "2023-10-11 01:20:51.217781+00:00", "RecordID": "370", "Level": "2", "UserID": "S-1-5-18", "EventData.SessionName": "Microsoft.Windows.WindowsUpdate.RUXIMLog", "EventData.FileName": null, "EventData.ErrorCode": "3221225525", "EventData.LoggingMode": "268460034"}
{"EventID": "2", "Channel": "Microsoft-Windows-Kernel-EventTracing/Admin", "Provider_Name": "Microsoft-Windows-Kernel-EventTracing", "Computer": "DESKTOP-OFJ6N53", "TimeCreated": "2023-10-12 01:20:58.758886+00:00", "RecordID": "371", "Level": "2", "UserID": "S-1-5-18", "EventData.SessionName": "Microsoft.Windows.WindowsUpdate.RUXIMLog", "EventData.FileName": null, "EventData.ErrorCode": "3221225525", "EventData.LoggingMode": "268460034"}
{"EventID": "2", "Channel": "Microsoft-Windows-Kernel-EventTracing/Admin", "Provider_Name": "Microsoft-Windows-Kernel-EventTracing", "Computer": "DESKTOP-OFJ6N53", "TimeCreated": "2023-10-13 04:58:13.825787+00:00", "RecordID": "372", "Level": "2", "UserID": "S-1-5-18", "EventData.SessionName": "Microsoft.Windows.WindowsUpdate.RUXIMLog", "EventData.FileName": null, "EventData.ErrorCode": "3221225525", "EventData.LoggingMode": "268460034"}
{"EventID": "2", "Channel": "Microsoft-Windows-Kernel-EventTracing/Admin", "Provider_Name": "Microsoft-Windows-Kernel-EventTracing", "Computer": "DESKTOP-OFJ6N53", "TimeCreated": "2023-10-13 10:55:37.515339+00:00", "RecordID": "373", "Level": "2", "UserID": "S-1-5-18", "EventData.SessionName": "Microsoft.Windows.Remediation", "EventData.FileName": null, "EventData.ErrorCode": "3221225525", "EventData.LoggingMode": "268460034"}
{"EventID": "2", "Channel": "Microsoft-Windows-Kernel-EventTracing/Admin", "Provider_Name": "Microsoft-Windows-Kernel-EventTracing", "Computer": "DESKTOP-OFJ6N53", "TimeCreated": "2023-10-14 05:29:35.827734+00:00", "RecordID": "374", "Level": "2", "UserID": "S-1-5-18", "EventData.SessionName": "Microsoft.Windows.WindowsUpdate.RUXIMLog", "EventData.FileName": null, "EventData.ErrorCode": "3221225525", "EventData.LoggingMode": "268460034"}
{"EventID": "2", "Channel": "Microsoft-Windows-Kernel-EventTracing/Admin", "Provider_Name": "Microsoft-Windows-Kernel-EventTracing", "Computer": "DESKTOP-OFJ6N53", "TimeCreated": "2023-10-15 03:57:19.168545+00:00", "RecordID": "375", "Level": "2", "UserID": "S-1-5-18", "EventData.SessionName": "Microsoft.Windows.Remediation", "EventData.FileName": null, "EventData.ErrorCode": "3221225525", "EventData.LoggingMode": "268460034"}
{"EventID": "2", "Channel": "Microsoft-Windows-Kernel-EventTracing/Admin", "Provider_Name": "Microsoft-Windows-Kernel-EventTracing", "Computer": "DESKTOP-OFJ6N53", "TimeCreated": "2023-10-15 05:29:42.434160+00:00", "RecordID": "376", "Level": "2", "UserID": "S-1-5-18", "EventData.SessionName": "Microsoft.Windows.WindowsUpdate.RUXIMLog", "EventData.FileName": null, "EventData.ErrorCode": "3221225525", "EventData.LoggingMode": "268460034"}
{"EventID": "2", "Channel": "Microsoft-Windows-Kernel-EventTracing/Admin", "Provider_Name": "Microsoft-Windows-Kernel-EventTracing", "Computer": "DESKTOP-OFJ6N53", "TimeCreated": "2023-10-16 05:29:48.840721+00:00", "RecordID": "377", "Level": "2", "UserID": "S-1-5-18", "EventData.SessionName": "Microsoft.Windows.WindowsUpdate.RUXIMLog", "EventData.FileName": null, "EventData.ErrorCode": "3221225525", "EventData.LoggingMode": "268460034"}
{"EventID": "2", "Channel": "Microsoft-Windows-Kernel-EventTracing/Admin", "Provider_Name": "Microsoft-Windows-Kernel-EventTracing", "Computer": "DESKTOP-OFJ6N53", "TimeCreated": "2023-10-17 05:29:55.344477+00:00", "RecordID": "378", "Level": "2", "UserID": "S-1-5-18", "EventData.SessionName": "Microsoft.Windows.WindowsUpdate.RUXIMLog", "EventData.FileName": null, "EventData.ErrorCode": "3221225525", "EventData.LoggingMode": "268460034"}
{"EventID": "2", "Channel": "Microsoft-Windows-Kernel-EventTracing/Admin", "Provider_Name": "Microsoft-Windows-Kernel-EventTracing", "Computer": "DESKTOP-OFJ6N53", "TimeCreated": "2023-10-18 05:30:02.742800+00:00", "RecordID": "379", "Level": "2", "UserID": "S-1-5-18", "EventData.SessionName": "Microsoft.Windows.WindowsUpdate.RUXIMLog", "EventData.FileName": null, "EventData.ErrorCode": "3221225525", "EventData.LoggingMode": "268460034"}
{"EventID": "2", "Channel": "Microsoft-Windows-Kernel-EventTracing/Admin", "Provider_Name": "Microsoft-Windows-Kernel-EventTracing", "Computer": "DESKTOP-OFJ6N53", "TimeCreated": "2023-10-19 05:30:11.309465+00:00", "RecordID": "380", "Level": "2", "UserID": "S-1-5-18", "EventData.SessionName": "Microsoft.Windows.WindowsUpdate.RUXIMLog", "EventData.FileName": null, "EventData.ErrorCode": "3221225525", "EventData.LoggingMode": "268460034"}
{"EventID": "2", "Channel": "Microsoft-Windows-Kernel-EventTracing/Admin", "Provider_Name": "Microsoft-Windows-Kernel-EventTracing", "Computer": "DESKTOP-OFJ6N53", "TimeCreated": "2023-10-20 05:30:18.303532+00:00", "RecordID": "381", "Level": "2", "UserID": "S-1-5-18", "EventData.SessionName": "Microsoft.Windows.WindowsUpdate.RUXIMLog", "EventData.FileName": null, "EventData.ErrorCode": "3221225525", "EventData.LoggingMode": "268460034"}
{"EventID": "2", "Channel": "Microsoft-Windows-Kernel-EventTracing/Admin", "Provider_Name": "Microsoft-Windows-Kernel-EventTracing", "Computer": "DESKTOP-OFJ6N53", "TimeCreated": "2023-10-20 22:55:39.135317+00:00", "RecordID": "382", "Level": "2", "UserID": "S-1-5-18", "EventData.SessionName": "Microsoft.Windows.Remediation", "EventData.FileName": null, "EventData.ErrorCode": "3221225525", "EventData.LoggingMode": "268460034"}
{"EventID": "2", "Channel": "Microsoft-Windows-Kernel-EventTracing/Admin", "Provider_Name": "Microsoft-Windows-Kernel-EventTracing", "Computer": "DESKTOP-OFJ6N53", "TimeCreated": "2023-10-21 05:30:24.980236+00:00", "RecordID": "383", "Level": "2", "UserID": "S-1-5-18", "EventData.SessionName": "Microsoft.Windows.WindowsUpdate.RUXIMLog", "EventData.FileName": null, "EventData.ErrorCode": "3221225525", "EventData.LoggingMode": "268460034"}
{"EventID": "4", "Channel": "Microsoft-Windows-Kernel-EventTracing/Admin", "Provider_Name": "Microsoft-Windows-Kernel-EventTracing", "Computer": "DESKTOP-OFJ6N53", "TimeCreated": "2023-10-21 20:13:35.428600+00:00", "RecordID": "384", "Level": "3", "UserID": "S-1-5-18", "EventData.SessionName": "Diagtrack-Listener", "EventData.FileName": "C:\\Windows\\System32\\LogFiles\\WMI\\Diagtrack-Listener.etl.003", "EventData.ErrorCode": "3221225864", "EventData.LoggingMode": "142606353", "EventData.MaxFileSize": "33554432"}
{"EventID": "3", "Channel": "Microsoft-Windows-Kernel-EventTracing/Admin", "Provider_Name": "Microsoft-Windows-Kernel-EventTracing", "Computer": "DESKTOP-OFJ6N53", "TimeCreated": "2023-10-21 20:13:35.428606+00:00", "RecordID": "385", "Level": "2", "UserID": "S-1-5-18", "EventData.SessionName": "Diagtrack-Listener", "EventData.FileName": "C:\\Windows\\System32\\LogFiles\\WMI\\Diagtrack-Listener.etl.003", "EventData.ErrorCode": "3221225864", "EventData.LoggingMode": "142606353", "EventData.FailureReason": "0"}
{"EventID": "2", "Channel": "Microsoft-Windows-Kernel-EventTracing/Admin", "Provider_Name": "Microsoft-Windows-Kernel-EventTracing", "Computer": "DESKTOP-OFJ6N53", "TimeCreated": "2023-10-22 00:14:51.180275+00:00", "RecordID": "386", "Level": "2", "UserID": "S-1-5-18", "EventData.SessionName": "Microsoft.Windows.Remediation", "EventData.FileName": null, "EventData.ErrorCode": "3221225525", "EventData.LoggingMode": "268460034"}
{"EventID": "2", "Channel": "Microsoft-Windows-Kernel-EventTracing/Admin", "Provider_Name": "Microsoft-Windows-Kernel-EventTracing", "Computer": "DESKTOP-OFJ6N53", "TimeCreated": "2023-10-22 05:30:32.054493+00:00", "RecordID": "387", "Level": "2", "UserID": "S-1-5-18", "EventData.SessionName": "Microsoft.Windows.WindowsUpdate.RUXIMLog", "EventData.FileName": null, "EventData.ErrorCode": "3221225525", "EventData.LoggingMode": "268460034"}
{"EventID": "2", "Channel": "Microsoft-Windows-Kernel-EventTracing/Admin", "Provider_Name": "Microsoft-Windows-Kernel-EventTracing", "Computer": "DESKTOP-OFJ6N53", "TimeCreated": "2023-10-23 05:30:38.702209+00:00", "RecordID": "388", "Level": "2", "UserID": "S-1-5-18", "EventData.SessionName": "Microsoft.Windows.WindowsUpdate.RUXIMLog", "EventData.FileName": null, "EventData.ErrorCode": "3221225525", "EventData.LoggingMode": "268460034"}
{"EventID": "2", "Channel": "Microsoft-Windows-Kernel-EventTracing/Admin", "Provider_Name": "Microsoft-Windows-Kernel-EventTracing", "Computer": "DESKTOP-OFJ6N53", "TimeCreated": "2023-10-24 05:30:45.640608+00:00", "RecordID": "389", "Level": "2", "UserID": "S-1-5-18", "EventData.SessionName": "Microsoft.Windows.WindowsUpdate.RUXIMLog", "EventData.FileName": null, "EventData.ErrorCode": "3221225525", "EventData.LoggingMode": "268460034"}
{"EventID": "2", "Channel": "Microsoft-Windows-Kernel-EventTracing/Admin", "Provider_Name": "Microsoft-Windows-Kernel-EventTracing", "Computer": "DESKTOP-OFJ6N53", "TimeCreated": "2023-10-25 05:30:51.544138+00:00", "RecordID": "390", "Level": "2", "UserID": "S-1-5-18", "EventData.SessionName": "Microsoft.Windows.WindowsUpdate.RUXIMLog", "EventData.FileName": null, "EventData.ErrorCode": "3221225525", "EventData.LoggingMode": "268460034"}
{"EventID": "2", "Channel": "Microsoft-Windows-Kernel-EventTracing/Admin", "Provider_Name": "Microsoft-Windows-Kernel-EventTracing", "Computer": "DESKTOP-OFJ6N53", "TimeCreated": "2023-10-26 05:30:58.592278+00:00", "RecordID": "391", "Level": "2", "UserID": "S-1-5-18", "EventData.SessionName": "Microsoft.Windows.WindowsUpdate.RUXIMLog", "EventData.FileName": null, "EventData.ErrorCode": "3221225525", "EventData.LoggingMode": "268460034"}
{"EventID": "2", "Channel": "Microsoft-Windows-Kernel-EventTracing/Admin", "Provider_Name": "Microsoft-Windows-Kernel-EventTracing", "Computer": "DESKTOP-OFJ6N53", "TimeCreated": "2023-10-27 05:31:03.879728+00:00", "RecordID": "392", "Level": "2", "UserID": "S-1-5-18", "EventData.SessionName": "Microsoft.Windows.WindowsUpdate.RUXIMLog", "EventData.FileName": null, "EventData.ErrorCode": "3221225525", "EventData.LoggingMode": "268460034"}
{"EventID": "2", "Channel": "Microsoft-Windows-Kernel-EventTracing/Admin", "Provider_Name": "Microsoft-Windows-Kernel-EventTracing", "Computer": "DESKTOP-OFJ6N53", "TimeCreated": "2023-10-28 06:42:49.800596+00:00", "RecordID": "393", "Level": "2", "UserID": "S-1-5-18", "EventData.SessionName": "Microsoft.Windows.WindowsUpdate.RUXIMLog", "EventData.FileName": null, "EventData.ErrorCode": "3221225525", "EventData.LoggingMode": "268460034"}
{"EventID": "2", "Channel": "Microsoft-Windows-Kernel-EventTracing/Admin", "Provider_Name": "Microsoft-Windows-Kernel-EventTracing", "Computer": "DESKTOP-OFJ6N53", "TimeCreated": "2023-10-28 08:40:55.808435+00:00", "RecordID": "394", "Level": "2", "UserID": "S-1-5-18", "EventData.SessionName": "Microsoft.Windows.Remediation", "EventData.FileName": null, "EventData.ErrorCode": "3221225525", "EventData.LoggingMode": "268460034"}
{"EventID": "2", "Channel": "Microsoft-Windows-Kernel-EventTracing/Admin", "Provider_Name": "Microsoft-Windows-Kernel-EventTracing", "Computer": "DESKTOP-OFJ6N53", "TimeCreated": "2023-10-29 06:42:56.781797+00:00", "RecordID": "395", "Level": "2", "UserID": "S-1-5-18", "EventData.SessionName": "Microsoft.Windows.WindowsUpdate.RUXIMLog", "EventData.FileName": null, "EventData.ErrorCode": "3221225525", "EventData.LoggingMode": "268460034"}
{"EventID": "2", "Channel": "Microsoft-Windows-Kernel-EventTracing/Admin", "Provider_Name": "Microsoft-Windows-Kernel-EventTracing", "Computer": "DESKTOP-OFJ6N53", "TimeCreated": "2023-10-30 06:43:04.083570+00:00", "RecordID": "396", "Level": "2", "UserID": "S-1-5-18", "EventData.SessionName": "Microsoft.Windows.WindowsUpdate.RUXIMLog", "EventData.FileName": null, "EventData.ErrorCode": "3221225525", "EventData.LoggingMode": "268460034"}
{"EventID": "2", "Channel": "Microsoft-Windows-Kernel-EventTracing/Admin", "Provider_Name": "Microsoft-Windows-Kernel-EventTracing", "Computer": "DESKTOP-OFJ6N53", "TimeCreated": "2023-10-31 06:43:10.959951+00:00", "RecordID": "397", "Level": "2", "UserID": "S-1-5-18", "EventData.SessionName": "Microsoft.Windows.WindowsUpdate.RUXIMLog", "EventData.FileName": null, "EventData.ErrorCode": "3221225525", "EventData.LoggingMode": "268460034"}
{"EventID": "2", "Channel": "Microsoft-Windows-Kernel-EventTracing/Admin", "Provider_Name": "Microsoft-Windows-Kernel-EventTracing", "Computer": "DESKTOP-OFJ6N53", "TimeCreated": "2023-11-01 06:43:18.183426+00:00", "RecordID": "398", "Level": "2", "UserID": "S-1-5-18", "EventData.SessionName": "Microsoft.Windows.WindowsUpdate.RUXIMLog", "EventData.FileName": null, "EventData.ErrorCode": "3221225525", "EventData.LoggingMode": "268460034"}
{"EventID": "2", "Channel": "Microsoft-Windows-Kernel-EventTracing/Admin", "Provider_Name": "Microsoft-Windows-Kernel-EventTracing", "Computer": "DESKTOP-OFJ6N53", "TimeCreated": "2023-11-02 06:43:25.062794+00:00", "RecordID": "399", "Level": "2", "UserID": "S-1-5-18", "EventData.SessionName": "Microsoft.Windows.WindowsUpdate.RUXIMLog", "EventData.FileName": null, "EventData.ErrorCode": "3221225525", "EventData.LoggingMode": "268460034"}
{"EventID": "2", "Channel": "Microsoft-Windows-Kernel-EventTracing/Admin", "Provider_Name": "Microsoft-Windows-Kernel-EventTracing", "Computer": "DESKTOP-OFJ6N53", "TimeCreated": "2023-11-03 06:43:40.297798+00:00", "RecordID": "400", "Level": "2", "UserID": "S-1-5-18", "EventData.SessionName": "Microsoft.Windows.WindowsUpdate.RUXIMLog", "EventData.FileName": null, "EventData.ErrorCode": "3221225525", "EventData.LoggingMode": "268460034"}
{"EventID": "4", "Channel": "Microsoft-Windows-Kernel-EventTracing/Admin", "Provider_Name": "Microsoft-Windows-Kernel-EventTracing", "Computer": "DESKTOP-OFJ6N53", "TimeCreated": "2023-11-03 08:47:32.704958+00:00", "RecordID": "401", "Level": "3", "UserID": "S-1-5-18", "EventData.SessionName": "Diagtrack-Listener", "EventData.FileName": "C:\\Windows\\System32\\LogFiles\\WMI\\Diagtrack-Listener.etl.004", "EventData.ErrorCode": "3221225864", "EventData.LoggingMode": "142606353", "EventData.MaxFileSize": "33554432"}
{"EventID": "3", "Channel": "Microsoft-Windows-Kernel-EventTracing/Admin", "Provider_Name": "Microsoft-Windows-Kernel-EventTracing", "Computer": "DESKTOP-OFJ6N53", "TimeCreated": "2023-11-03 08:47:32.704960+00:00", "RecordID": "402", "Level": "2", "UserID": "S-1-5-18", "EventData.SessionName": "Diagtrack-Listener", "EventData.FileName": "C:\\Windows\\System32\\LogFiles\\WMI\\Diagtrack-Listener.etl.004", "EventData.ErrorCode": "3221225864", "EventData.LoggingMode": "142606353", "EventData.FailureReason": "0"}
{"EventID": "2", "Channel": "Microsoft-Windows-Kernel-EventTracing/Admin", "Provider_Name": "Microsoft-Windows-Kernel-EventTracing", "Computer": "DESKTOP-OFJ6N53", "TimeCreated": "2023-11-04 06:43:55.100317+00:00", "RecordID": "403", "Level": "2", "UserID": "S-1-5-18", "EventData.SessionName": "Microsoft.Windows.WindowsUpdate.RUXIMLog", "EventData.FileName": null, "EventData.ErrorCode": "3221225525", "EventData.LoggingMode": "268460034"}
{"EventID": "2", "Channel": "Microsoft-Windows-Kernel-EventTracing/Admin", "Provider_Name": "Microsoft-Windows-Kernel-EventTracing", "Computer": "DESKTOP-OFJ6N53", "TimeCreated": "2023-11-04 20:40:50.243572+00:00", "RecordID": "404", "Level": "2", "UserID": "S-1-5-18", "EventData.SessionName": "Microsoft.Windows.Remediation", "EventData.FileName": null, "EventData.ErrorCode": "3221225525", "EventData.LoggingMode": "268460034"}
{"EventID": "2", "Channel": "Microsoft-Windows-Kernel-EventTracing/Admin", "Provider_Name": "Microsoft-Windows-Kernel-EventTracing", "Computer": "DESKTOP-OFJ6N53", "TimeCreated": "2023-11-05 06:44:01.512268+00:00", "RecordID": "405", "Level": "2", "UserID": "S-1-5-18", "EventData.SessionName": "Microsoft.Windows.WindowsUpdate.RUXIMLog", "EventData.FileName": null, "EventData.ErrorCode": "3221225525", "EventData.LoggingMode": "268460034"}
{"EventID": "2", "Channel": "Microsoft-Windows-Kernel-EventTracing/Admin", "Provider_Name": "Microsoft-Windows-Kernel-EventTracing", "Computer": "DESKTOP-OFJ6N53", "TimeCreated": "2023-11-06 10:15:22.149826+00:00", "RecordID": "406", "Level": "2", "UserID": "S-1-5-18", "EventData.SessionName": "Microsoft.Windows.WindowsUpdate.RUXIMLog", "EventData.FileName": null, "EventData.ErrorCode": "3221225525", "EventData.LoggingMode": "268460034"}
{"EventID": "2", "Channel": "Microsoft-Windows-Kernel-EventTracing/Admin", "Provider_Name": "Microsoft-Windows-Kernel-EventTracing", "Computer": "DESKTOP-OFJ6N53", "TimeCreated": "2023-11-07 10:15:29.423298+00:00", "RecordID": "407", "Level": "2", "UserID": "S-1-5-18", "EventData.SessionName": "Microsoft.Windows.WindowsUpdate.RUXIMLog", "EventData.FileName": null, "EventData.ErrorCode": "3221225525", "EventData.LoggingMode": "268460034"}
{"EventID": "2", "Channel": "Microsoft-Windows-Kernel-EventTracing/Admin", "Provider_Name": "Microsoft-Windows-Kernel-EventTracing", "Computer": "DESKTOP-OFJ6N53", "TimeCreated": "2023-11-08 10:15:35.269241+00:00", "RecordID": "408", "Level": "2", "UserID": "S-1-5-18", "EventData.SessionName": "Microsoft.Windows.WindowsUpdate.RUXIMLog", "EventData.FileName": null, "EventData.ErrorCode": "3221225525", "EventData.LoggingMode": "268460034"}
{"EventID": "2", "Channel": "Microsoft-Windows-Kernel-EventTracing/Admin", "Provider_Name": "Microsoft-Windows-Kernel-EventTracing", "Computer": "DESKTOP-OFJ6N53", "TimeCreated": "2023-11-09 10:15:42.386072+00:00", "RecordID": "409", "Level": "2", "UserID": "S-1-5-18", "EventData.SessionName": "Microsoft.Windows.WindowsUpdate.RUXIMLog", "EventData.FileName": null, "EventData.ErrorCode": "3221225525", "EventData.LoggingMode": "268460034"}
{"EventID": "2", "Channel": "Microsoft-Windows-Kernel-EventTracing/Admin", "Provider_Name": "Microsoft-Windows-Kernel-EventTracing", "Computer": "DESKTOP-OFJ6N53", "TimeCreated": "2023-11-10 10:15:50.714645+00:00", "RecordID": "410", "Level": "2", "UserID": "S-1-5-18", "EventData.SessionName": "Microsoft.Windows.WindowsUpdate.RUXIMLog", "EventData.FileName": null, "EventData.ErrorCode": "3221225525", "EventData.LoggingMode": "268460034"}
{"EventID": "2", "Channel": "Microsoft-Windows-Kernel-EventTracing/Admin", "Provider_Name": "Microsoft-Windows-Kernel-EventTracing", "Computer": "DESKTOP-OFJ6N53", "TimeCreated": "2023-11-11 10:15:58.168728+00:00", "RecordID": "411", "Level": "2", "UserID": "S-1-5-18", "EventData.SessionName": "Microsoft.Windows.WindowsUpdate.RUXIMLog", "EventData.FileName": null, "EventData.ErrorCode": "3221225525", "EventData.LoggingMode": "268460034"}
{"EventID": "2", "Channel": "Microsoft-Windows-Kernel-EventTracing/Admin", "Provider_Name": "Microsoft-Windows-Kernel-EventTracing", "Computer": "DESKTOP-OFJ6N53", "TimeCreated": "2023-11-12 00:21:27.896395+00:00", "RecordID": "412", "Level": "2", "UserID": "S-1-5-18", "EventData.SessionName": "Microsoft.Windows.Remediation", "EventData.FileName": null, "EventData.ErrorCode": "3221225525", "EventData.LoggingMode": "268460034"}
{"EventID": "2", "Channel": "Microsoft-Windows-Kernel-EventTracing/Admin", "Provider_Name": "Microsoft-Windows-Kernel-EventTracing", "Computer": "DESKTOP-OFJ6N53", "TimeCreated": "2023-11-12 10:16:04.882616+00:00", "RecordID": "413", "Level": "2", "UserID": "S-1-5-18", "EventData.SessionName": "Microsoft.Windows.WindowsUpdate.RUXIMLog", "EventData.FileName": null, "EventData.ErrorCode": "3221225525", "EventData.LoggingMode": "268460034"}
{"EventID": "2", "Channel": "Microsoft-Windows-Kernel-EventTracing/Admin", "Provider_Name": "Microsoft-Windows-Kernel-EventTracing", "Computer": "DESKTOP-OFJ6N53", "TimeCreated": "2023-11-13 02:40:47.956396+00:00", "RecordID": "414", "Level": "2", "UserID": "S-1-5-18", "EventData.SessionName": "Microsoft.Windows.Remediation", "EventData.FileName": null, "EventData.ErrorCode": "3221225525", "EventData.LoggingMode": "268460034"}
{"EventID": "2", "Channel": "Microsoft-Windows-Kernel-EventTracing/Admin", "Provider_Name": "Microsoft-Windows-Kernel-EventTracing", "Computer": "DESKTOP-OFJ6N53", "TimeCreated": "2023-11-13 10:16:10.985991+00:00", "RecordID": "415", "Level": "2", "UserID": "S-1-5-18", "EventData.SessionName": "Microsoft.Windows.WindowsUpdate.RUXIMLog", "EventData.FileName": null, "EventData.ErrorCode": "3221225525", "EventData.LoggingMode": "268460034"}
{"EventID": "2", "Channel": "Microsoft-Windows-Kernel-EventTracing/Admin", "Provider_Name": "Microsoft-Windows-Kernel-EventTracing", "Computer": "DESKTOP-OFJ6N53", "TimeCreated": "2023-11-14 10:16:23.013451+00:00", "RecordID": "416", "Level": "2", "UserID": "S-1-5-18", "EventData.SessionName": "Microsoft.Windows.WindowsUpdate.RUXIMLog", "EventData.FileName": null, "EventData.ErrorCode": "3221225525", "EventData.LoggingMode": "268460034"}
{"EventID": "2", "Channel": "Microsoft-Windows-Kernel-EventTracing/Admin", "Provider_Name": "Microsoft-Windows-Kernel-EventTracing", "Computer": "DESKTOP-OFJ6N53", "TimeCreated": "2023-11-15 10:16:33.188507+00:00", "RecordID": "417", "Level": "2", "UserID": "S-1-5-18", "EventData.SessionName": "Microsoft.Windows.WindowsUpdate.RUXIMLog", "EventData.FileName": null, "EventData.ErrorCode": "3221225525", "EventData.LoggingMode": "268460034"}
{"EventID": "2", "Channel": "Microsoft-Windows-Kernel-EventTracing/Admin", "Provider_Name": "Microsoft-Windows-Kernel-EventTracing", "Computer": "DESKTOP-OFJ6N53", "TimeCreated": "2023-11-16 10:16:39.849749+00:00", "RecordID": "418", "Level": "2", "UserID": "S-1-5-18", "EventData.SessionName": "Microsoft.Windows.WindowsUpdate.RUXIMLog", "EventData.FileName": null, "EventData.ErrorCode": "3221225525", "EventData.LoggingMode": "268460034"}
{"EventID": "2", "Channel": "Microsoft-Windows-Kernel-EventTracing/Admin", "Provider_Name": "Microsoft-Windows-Kernel-EventTracing", "Computer": "DESKTOP-OFJ6N53", "TimeCreated": "2023-11-17 10:16:46.631807+00:00", "RecordID": "419", "Level": "2", "UserID": "S-1-5-18", "EventData.SessionName": "Microsoft.Windows.WindowsUpdate.RUXIMLog", "EventData.FileName": null, "EventData.ErrorCode": "3221225525", "EventData.LoggingMode": "268460034"}
{"EventID": "2", "Channel": "Microsoft-Windows-Kernel-EventTracing/Admin", "Provider_Name": "Microsoft-Windows-Kernel-EventTracing", "Computer": "DESKTOP-OFJ6N53", "TimeCreated": "2023-11-18 14:13:12.341318+00:00", "RecordID": "420", "Level": "2", "UserID": "S-1-5-18", "EventData.SessionName": "Microsoft.Windows.WindowsUpdate.RUXIMLog", "EventData.FileName": null, "EventData.ErrorCode": "3221225525", "EventData.LoggingMode": "268460034"}
{"EventID": "2", "Channel": "Microsoft-Windows-Kernel-EventTracing/Admin", "Provider_Name": "Microsoft-Windows-Kernel-EventTracing", "Computer": "DESKTOP-OFJ6N53", "TimeCreated": "2023-11-19 03:02:16.472923+00:00", "RecordID": "421", "Level": "2", "UserID": "S-1-5-18", "EventData.SessionName": "Microsoft.Windows.Remediation", "EventData.FileName": null, "EventData.ErrorCode": "3221225525", "EventData.LoggingMode": "268460034"}
{"EventID": "2", "Channel": "Microsoft-Windows-Kernel-EventTracing/Admin", "Provider_Name": "Microsoft-Windows-Kernel-EventTracing", "Computer": "DESKTOP-OFJ6N53", "TimeCreated": "2023-11-19 14:13:18.829950+00:00", "RecordID": "422", "Level": "2", "UserID": "S-1-5-18", "EventData.SessionName": "Microsoft.Windows.WindowsUpdate.RUXIMLog", "EventData.FileName": null, "EventData.ErrorCode": "3221225525", "EventData.LoggingMode": "268460034"}
{"EventID": "2", "Channel": "Microsoft-Windows-Kernel-EventTracing/Admin", "Provider_Name": "Microsoft-Windows-Kernel-EventTracing", "Computer": "DESKTOP-OFJ6N53", "TimeCreated": "2023-11-20 14:40:50.222137+00:00", "RecordID": "423", "Level": "2", "UserID": "S-1-5-18", "EventData.SessionName": "Microsoft.Windows.Remediation", "EventData.FileName": null, "EventData.ErrorCode": "3221225525", "EventData.LoggingMode": "268460034"}
{"EventID": "2", "Channel": "Microsoft-Windows-Kernel-EventTracing/Admin", "Provider_Name": "Microsoft-Windows-Kernel-EventTracing", "Computer": "DESKTOP-OFJ6N53", "TimeCreated": "2023-11-20 15:12:09.477657+00:00", "RecordID": "424", "Level": "2", "UserID": "S-1-5-18", "EventData.SessionName": "Microsoft.Windows.WindowsUpdate.RUXIMLog", "EventData.FileName": null, "EventData.ErrorCode": "3221225525", "EventData.LoggingMode": "268460034"}
{"EventID": "2", "Channel": "Microsoft-Windows-Kernel-EventTracing/Admin", "Provider_Name": "Microsoft-Windows-Kernel-EventTracing", "Computer": "DESKTOP-OFJ6N53", "TimeCreated": "2023-11-21 15:12:26.890661+00:00", "RecordID": "425", "Level": "2", "UserID": "S-1-5-18", "EventData.SessionName": "Microsoft.Windows.WindowsUpdate.RUXIMLog", "EventData.FileName": null, "EventData.ErrorCode": "3221225525", "EventData.LoggingMode": "268460034"}
{"EventID": "2", "Channel": "Microsoft-Windows-Kernel-EventTracing/Admin", "Provider_Name": "Microsoft-Windows-Kernel-EventTracing", "Computer": "DESKTOP-OFJ6N53", "TimeCreated": "2023-11-22 17:35:29.676838+00:00", "RecordID": "426", "Level": "2", "UserID": "S-1-5-18", "EventData.SessionName": "Microsoft.Windows.WindowsUpdate.RUXIMLog", "EventData.FileName": null, "EventData.ErrorCode": "3221225525", "EventData.LoggingMode": "268460034"}
{"EventID": "2", "Channel": "Microsoft-Windows-Kernel-EventTracing/Admin", "Provider_Name": "Microsoft-Windows-Kernel-EventTracing", "Computer": "DESKTOP-OFJ6N53", "TimeCreated": "2023-11-23 17:35:36.662086+00:00", "RecordID": "427", "Level": "2", "UserID": "S-1-5-18", "EventData.SessionName": "Microsoft.Windows.WindowsUpdate.RUXIMLog", "EventData.FileName": null, "EventData.ErrorCode": "3221225525", "EventData.LoggingMode": "268460034"}
{"EventID": "2", "Channel": "Microsoft-Windows-Kernel-EventTracing/Admin", "Provider_Name": "Microsoft-Windows-Kernel-EventTracing", "Computer": "DESKTOP-OFJ6N53", "TimeCreated": "2023-11-24 17:35:44.042751+00:00", "RecordID": "428", "Level": "2", "UserID": "S-1-5-18", "EventData.SessionName": "Microsoft.Windows.WindowsUpdate.RUXIMLog", "EventData.FileName": null, "EventData.ErrorCode": "3221225525", "EventData.LoggingMode": "268460034"}
{"EventID": "2", "Channel": "Microsoft-Windows-Kernel-EventTracing/Admin", "Provider_Name": "Microsoft-Windows-Kernel-EventTracing", "Computer": "DESKTOP-OFJ6N53", "TimeCreated": "2023-11-25 17:35:50.822344+00:00", "RecordID": "429", "Level": "2", "UserID": "S-1-5-18", "EventData.SessionName": "Microsoft.Windows.WindowsUpdate.RUXIMLog", "EventData.FileName": null, "EventData.ErrorCode": "3221225525", "EventData.LoggingMode": "268460034"}
{"EventID": "2", "Channel": "Microsoft-Windows-Kernel-EventTracing/Admin", "Provider_Name": "Microsoft-Windows-Kernel-EventTracing", "Computer": "DESKTOP-OFJ6N53", "TimeCreated": "2023-11-26 00:06:40.064171+00:00", "RecordID": "430", "Level": "2", "UserID": "S-1-5-18", "EventData.SessionName": "Microsoft.Windows.Remediation", "EventData.FileName": null, "EventData.ErrorCode": "3221225525", "EventData.LoggingMode": "268460034"}
{"EventID": "2", "Channel": "Microsoft-Windows-Kernel-EventTracing/Admin", "Provider_Name": "Microsoft-Windows-Kernel-EventTracing", "Computer": "DESKTOP-OFJ6N53", "TimeCreated": "2023-11-26 17:35:57.010464+00:00", "RecordID": "431", "Level": "2", "UserID": "S-1-5-18", "EventData.SessionName": "Microsoft.Windows.WindowsUpdate.RUXIMLog", "EventData.FileName": null, "EventData.ErrorCode": "3221225525", "EventData.LoggingMode": "268460034"}
{"EventID": "2", "Channel": "Microsoft-Windows-Kernel-EventTracing/Admin", "Provider_Name": "Microsoft-Windows-Kernel-EventTracing", "Computer": "DESKTOP-OFJ6N53", "TimeCreated": "2023-11-27 17:36:03.913685+00:00", "RecordID": "432", "Level": "2", "UserID": "S-1-5-18", "EventData.SessionName": "Microsoft.Windows.WindowsUpdate.RUXIMLog", "EventData.FileName": null, "EventData.ErrorCode": "3221225525", "EventData.LoggingMode": "268460034"}
{"EventID": "2", "Channel": "Microsoft-Windows-Kernel-EventTracing/Admin", "Provider_Name": "Microsoft-Windows-Kernel-EventTracing", "Computer": "DESKTOP-OFJ6N53", "TimeCreated": "2023-11-28 03:05:46.188616+00:00", "RecordID": "433", "Level": "2", "UserID": "S-1-5-18", "EventData.SessionName": "Microsoft.Windows.Remediation", "EventData.FileName": null, "EventData.ErrorCode": "3221225525", "EventData.LoggingMode": "268460034"}
{"EventID": "2", "Channel": "Microsoft-Windows-Kernel-EventTracing/Admin", "Provider_Name": "Microsoft-Windows-Kernel-EventTracing", "Computer": "DESKTOP-OFJ6N53", "TimeCreated": "2023-11-28 17:36:11.161749+00:00", "RecordID": "434", "Level": "2", "UserID": "S-1-5-18", "EventData.SessionName": "Microsoft.Windows.WindowsUpdate.RUXIMLog", "EventData.FileName": null, "EventData.ErrorCode": "3221225525", "EventData.LoggingMode": "268460034"}
{"EventID": "2", "Channel": "Microsoft-Windows-Kernel-EventTracing/Admin", "Provider_Name": "Microsoft-Windows-Kernel-EventTracing", "Computer": "DESKTOP-OFJ6N53", "TimeCreated": "2023-11-29 17:36:17.512854+00:00", "RecordID": "435", "Level": "2", "UserID": "S-1-5-18", "EventData.SessionName": "Microsoft.Windows.WindowsUpdate.RUXIMLog", "EventData.FileName": null, "EventData.ErrorCode": "3221225525", "EventData.LoggingMode": "268460034"}
{"EventID": "2", "Channel": "Microsoft-Windows-Kernel-EventTracing/Admin", "Provider_Name": "Microsoft-Windows-Kernel-EventTracing", "Computer": "DESKTOP-OFJ6N53", "TimeCreated": "2023-11-30 17:36:24.067739+00:00", "RecordID": "436", "Level": "2", "UserID": "S-1-5-18", "EventData.SessionName": "Microsoft.Windows.WindowsUpdate.RUXIMLog", "EventData.FileName": null, "EventData.ErrorCode": "3221225525", "EventData.LoggingMode": "268460034"}
{"EventID": "4", "Channel": "Microsoft-Windows-Kernel-EventTracing/Admin", "Provider_Name": "Microsoft-Windows-Kernel-EventTracing", "Computer": "DESKTOP-OFJ6N53", "TimeCreated": "2023-12-01 08:01:38.554007+00:00", "RecordID": "437", "Level": "3", "UserID": "S-1-5-18", "EventData.SessionName": "Diagtrack-Listener", "EventData.FileName": "C:\\Windows\\System32\\LogFiles\\WMI\\Diagtrack-Listener.etl.005", "EventData.ErrorCode": "3221225864", "EventData.LoggingMode": "142606353", "EventData.MaxFileSize": "33554432"}
{"EventID": "3", "Channel": "Microsoft-Windows-Kernel-EventTracing/Admin", "Provider_Name": "Microsoft-Windows-Kernel-EventTracing", "Computer": "DESKTOP-OFJ6N53", "TimeCreated": "2023-12-01 08:01:38.554008+00:00", "RecordID": "438", "Level": "2", "UserID": "S-1-5-18", "EventData.SessionName": "Diagtrack-Listener", "EventData.FileName": "C:\\Windows\\System32\\LogFiles\\WMI\\Diagtrack-Listener.etl.005", "EventData.ErrorCode": "3221225864", "EventData.LoggingMode": "142606353", "EventData.FailureReason": "0"}
{"EventID": "2", "Channel": "Microsoft-Windows-Kernel-EventTracing/Admin", "Provider_Name": "Microsoft-Windows-Kernel-EventTracing", "Computer": "DESKTOP-OFJ6N53", "TimeCreated": "2023-12-01 17:36:30.705486+00:00", "RecordID": "439", "Level": "2", "UserID": "S-1-5-18", "EventData.SessionName": "Microsoft.Windows.WindowsUpdate.RUXIMLog", "EventData.FileName": null, "EventData.ErrorCode": "3221225525", "EventData.LoggingMode": "268460034"}
{"EventID": "2", "Channel": "Microsoft-Windows-Kernel-EventTracing/Admin", "Provider_Name": "Microsoft-Windows-Kernel-EventTracing", "Computer": "DESKTOP-OFJ6N53", "TimeCreated": "2023-12-02 17:36:37.445398+00:00", "RecordID": "440", "Level": "2", "UserID": "S-1-5-18", "EventData.SessionName": "Microsoft.Windows.WindowsUpdate.RUXIMLog", "EventData.FileName": null, "EventData.ErrorCode": "3221225525", "EventData.LoggingMode": "268460034"}
{"EventID": "2", "Channel": "Microsoft-Windows-Kernel-EventTracing/Admin", "Provider_Name": "Microsoft-Windows-Kernel-EventTracing", "Computer": "DESKTOP-OFJ6N53", "TimeCreated": "2023-12-03 02:59:13.898943+00:00", "RecordID": "441", "Level": "2", "UserID": "S-1-5-18", "EventData.SessionName": "Microsoft.Windows.Remediation", "EventData.FileName": null, "EventData.ErrorCode": "3221225525", "EventData.LoggingMode": "268460034"}
{"EventID": "2", "Channel": "Microsoft-Windows-Kernel-EventTracing/Admin", "Provider_Name": "Microsoft-Windows-Kernel-EventTracing", "Computer": "DESKTOP-OFJ6N53", "TimeCreated": "2023-12-03 17:36:44.349205+00:00", "RecordID": "442", "Level": "2", "UserID": "S-1-5-18", "EventData.SessionName": "Microsoft.Windows.WindowsUpdate.RUXIMLog", "EventData.FileName": null, "EventData.ErrorCode": "3221225525", "EventData.LoggingMode": "268460034"}
{"EventID": "2", "Channel": "Microsoft-Windows-Kernel-EventTracing/Admin", "Provider_Name": "Microsoft-Windows-Kernel-EventTracing", "Computer": "DESKTOP-OFJ6N53", "TimeCreated": "2023-12-04 17:36:50.455568+00:00", "RecordID": "443", "Level": "2", "UserID": "S-1-5-18", "EventData.SessionName": "Microsoft.Windows.WindowsUpdate.RUXIMLog", "EventData.FileName": null, "EventData.ErrorCode": "3221225525", "EventData.LoggingMode": "268460034"}
{"EventID": "2", "Channel": "Microsoft-Windows-Kernel-EventTracing/Admin", "Provider_Name": "Microsoft-Windows-Kernel-EventTracing", "Computer": "DESKTOP-OFJ6N53", "TimeCreated": "2023-12-05 15:05:46.867630+00:00", "RecordID": "444", "Level": "2", "UserID": "S-1-5-18", "EventData.SessionName": "Microsoft.Windows.Remediation", "EventData.FileName": null, "EventData.ErrorCode": "3221225525", "EventData.LoggingMode": "268460034"}
{"EventID": "2", "Channel": "Microsoft-Windows-Kernel-EventTracing/Admin", "Provider_Name": "Microsoft-Windows-Kernel-EventTracing", "Computer": "DESKTOP-OFJ6N53", "TimeCreated": "2023-12-05 21:28:35.514257+00:00", "RecordID": "445", "Level": "2", "UserID": "S-1-5-18", "EventData.SessionName": "Microsoft.Windows.WindowsUpdate.RUXIMLog", "EventData.FileName": null, "EventData.ErrorCode": "3221225525", "EventData.LoggingMode": "268460034"}
{"EventID": "2", "Channel": "Microsoft-Windows-Kernel-EventTracing/Admin", "Provider_Name": "Microsoft-Windows-Kernel-EventTracing", "Computer": "DESKTOP-OFJ6N53", "TimeCreated": "2023-12-06 21:28:42.263111+00:00", "RecordID": "446", "Level": "2", "UserID": "S-1-5-18", "EventData.SessionName": "Microsoft.Windows.WindowsUpdate.RUXIMLog", "EventData.FileName": null, "EventData.ErrorCode": "3221225525", "EventData.LoggingMode": "268460034"}
{"EventID": "2", "Channel": "Microsoft-Windows-Kernel-EventTracing/Admin", "Provider_Name": "Microsoft-Windows-Kernel-EventTracing", "Computer": "DESKTOP-OFJ6N53", "TimeCreated": "2023-12-07 21:28:49.046253+00:00", "RecordID": "447", "Level": "2", "UserID": "S-1-5-18", "EventData.SessionName": "Microsoft.Windows.WindowsUpdate.RUXIMLog", "EventData.FileName": null, "EventData.ErrorCode": "3221225525", "EventData.LoggingMode": "268460034"}
{"EventID": "2", "Channel": "Microsoft-Windows-Kernel-EventTracing/Admin", "Provider_Name": "Microsoft-Windows-Kernel-EventTracing", "Computer": "DESKTOP-OFJ6N53", "TimeCreated": "2023-12-08 21:28:56.435715+00:00", "RecordID": "448", "Level": "2", "UserID": "S-1-5-18", "EventData.SessionName": "Microsoft.Windows.WindowsUpdate.RUXIMLog", "EventData.FileName": null, "EventData.ErrorCode": "3221225525", "EventData.LoggingMode": "268460034"}
{"EventID": "2", "Channel": "Microsoft-Windows-Kernel-EventTracing/Admin", "Provider_Name": "Microsoft-Windows-Kernel-EventTracing", "Computer": "DESKTOP-OFJ6N53", "TimeCreated": "2023-12-09 21:29:03.711823+00:00", "RecordID": "449", "Level": "2", "UserID": "S-1-5-18", "EventData.SessionName": "Microsoft.Windows.WindowsUpdate.RUXIMLog", "EventData.FileName": null, "EventData.ErrorCode": "3221225525", "EventData.LoggingMode": "268460034"}
{"EventID": "2", "Channel": "Microsoft-Windows-Kernel-EventTracing/Admin", "Provider_Name": "Microsoft-Windows-Kernel-EventTracing", "Computer": "DESKTOP-OFJ6N53", "TimeCreated": "2023-12-10 02:24:17.964544+00:00", "RecordID": "450", "Level": "2", "UserID": "S-1-5-18", "EventData.SessionName": "Microsoft.Windows.Remediation", "EventData.FileName": null, "EventData.ErrorCode": "3221225525", "EventData.LoggingMode": "268460034"}
{"EventID": "2", "Channel": "Microsoft-Windows-Kernel-EventTracing/Admin", "Provider_Name": "Microsoft-Windows-Kernel-EventTracing", "Computer": "DESKTOP-OFJ6N53", "TimeCreated": "2023-12-10 21:29:09.982822+00:00", "RecordID": "451", "Level": "2", "UserID": "S-1-5-18", "EventData.SessionName": "Microsoft.Windows.WindowsUpdate.RUXIMLog", "EventData.FileName": null, "EventData.ErrorCode": "3221225525", "EventData.LoggingMode": "268460034"}
{"EventID": "2", "Channel": "Microsoft-Windows-Kernel-EventTracing/Admin", "Provider_Name": "Microsoft-Windows-Kernel-EventTracing", "Computer": "DESKTOP-OFJ6N53", "TimeCreated": "2023-12-11 21:29:16.421125+00:00", "RecordID": "452", "Level": "2", "UserID": "S-1-5-18", "EventData.SessionName": "Microsoft.Windows.WindowsUpdate.RUXIMLog", "EventData.FileName": null, "EventData.ErrorCode": "3221225525", "EventData.LoggingMode": "268460034"}
{"EventID": "2", "Channel": "Microsoft-Windows-Kernel-EventTracing/Admin", "Provider_Name": "Microsoft-Windows-Kernel-EventTracing", "Computer": "DESKTOP-OFJ6N53", "TimeCreated": "2023-12-12 23:26:21.857916+00:00", "RecordID": "453", "Level": "2", "UserID": "S-1-5-18", "EventData.SessionName": "Microsoft.Windows.WindowsUpdate.RUXIMLog", "EventData.FileName": null, "EventData.ErrorCode": "3221225525", "EventData.LoggingMode": "268460034"}
{"EventID": "2", "Channel": "Microsoft-Windows-Kernel-EventTracing/Admin", "Provider_Name": "Microsoft-Windows-Kernel-EventTracing", "Computer": "DESKTOP-OFJ6N53", "TimeCreated": "2023-12-13 01:25:35.102976+00:00", "RecordID": "454", "Level": "2", "UserID": "S-1-5-18", "EventData.SessionName": "Microsoft.Windows.Remediation", "EventData.FileName": null, "EventData.ErrorCode": "3221225525", "EventData.LoggingMode": "268460034"}
{"EventID": "2", "Channel": "Microsoft-Windows-Kernel-EventTracing/Admin", "Provider_Name": "Microsoft-Windows-Kernel-EventTracing", "Computer": "DESKTOP-OFJ6N53", "TimeCreated": "2023-12-14 02:35:35.922262+00:00", "RecordID": "455", "Level": "2", "UserID": "S-1-5-18", "EventData.SessionName": "Microsoft.Windows.WindowsUpdate.RUXIMLog", "EventData.FileName": null, "EventData.ErrorCode": "3221225525", "EventData.LoggingMode": "268460034"}
{"EventID": "2", "Channel": "Microsoft-Windows-Kernel-EventTracing/Admin", "Provider_Name": "Microsoft-Windows-Kernel-EventTracing", "Computer": "DESKTOP-OFJ6N53", "TimeCreated": "2023-12-15 02:35:42.545265+00:00", "RecordID": "456", "Level": "2", "UserID": "S-1-5-18", "EventData.SessionName": "Microsoft.Windows.WindowsUpdate.RUXIMLog", "EventData.FileName": null, "EventData.ErrorCode": "3221225525", "EventData.LoggingMode": "268460034"}
{"EventID": "2", "Channel": "Microsoft-Windows-Kernel-EventTracing/Admin", "Provider_Name": "Microsoft-Windows-Kernel-EventTracing", "Computer": "DESKTOP-OFJ6N53", "TimeCreated": "2023-12-16 05:21:40.359318+00:00", "RecordID": "457", "Level": "2", "UserID": "S-1-5-18", "EventData.SessionName": "Microsoft.Windows.WindowsUpdate.RUXIMLog", "EventData.FileName": null, "EventData.ErrorCode": "3221225525", "EventData.LoggingMode": "268460034"}
{"EventID": "2", "Channel": "Microsoft-Windows-Kernel-EventTracing/Admin", "Provider_Name": "Microsoft-Windows-Kernel-EventTracing", "Computer": "DESKTOP-OFJ6N53", "TimeCreated": "2023-12-17 00:23:00.029608+00:00", "RecordID": "458", "Level": "2", "UserID": "S-1-5-18", "EventData.SessionName": "Microsoft.Windows.Remediation", "EventData.FileName": null, "EventData.ErrorCode": "3221225525", "EventData.LoggingMode": "268460034"}
{"EventID": "2", "Channel": "Microsoft-Windows-Kernel-EventTracing/Admin", "Provider_Name": "Microsoft-Windows-Kernel-EventTracing", "Computer": "DESKTOP-OFJ6N53", "TimeCreated": "2023-12-17 05:21:47.271202+00:00", "RecordID": "459", "Level": "2", "UserID": "S-1-5-18", "EventData.SessionName": "Microsoft.Windows.WindowsUpdate.RUXIMLog", "EventData.FileName": null, "EventData.ErrorCode": "3221225525", "EventData.LoggingMode": "268460034"}
{"EventID": "4", "Channel": "Microsoft-Windows-Kernel-EventTracing/Admin", "Provider_Name": "Microsoft-Windows-Kernel-EventTracing", "Computer": "DESKTOP-OFJ6N53", "TimeCreated": "2023-12-17 19:40:19.898300+00:00", "RecordID": "460", "Level": "3", "UserID": "S-1-5-18", "EventData.SessionName": "Diagtrack-Listener", "EventData.FileName": "C:\\Windows\\System32\\LogFiles\\WMI\\Diagtrack-Listener.etl.007", "EventData.ErrorCode": "3221225864", "EventData.LoggingMode": "142606353", "EventData.MaxFileSize": "33554432"}
{"EventID": "3", "Channel": "Microsoft-Windows-Kernel-EventTracing/Admin", "Provider_Name": "Microsoft-Windows-Kernel-EventTracing", "Computer": "DESKTOP-OFJ6N53", "TimeCreated": "2023-12-17 19:40:19.898306+00:00", "RecordID": "461", "Level": "2", "UserID": "S-1-5-18", "EventData.SessionName": "Diagtrack-Listener", "EventData.FileName": "C:\\Windows\\System32\\LogFiles\\WMI\\Diagtrack-Listener.etl.007", "EventData.ErrorCode": "3221225864", "EventData.LoggingMode": "142606353", "EventData.FailureReason": "0"}
