{"EventID": "3089", "Channel": "Microsoft-Windows-CodeIntegrity/Operational", "Provider_Name": "Microsoft-Windows-CodeIntegrity", "Computer": "DESKTOP-OFJ6N53", "TimeCreated": "2025-06-11 14:47:01.579060+00:00", "RecordID": "64010", "Level": "4", "UserID": "S-1-5-20", "EventData.TotalSignatureCount": "1", "EventData.Signature": "0", "EventData.CacheState": "3", "EventData.Hash Size": "32", "EventData.Hash": "qps+fWu+CD7Q37Kz8DjLhW8i/1DEbIglp+VDSfhr9Ek=", "EventData.PageHash": "False", "EventData.SignatureType": "1", "EventData.ValidatedSigningLevel": "1", "EventData.VerificationError": "7", "EventData.Flags": "0", "EventData.PolicyBits": "16", "EventData.NotValidBefore": "2021-11-25 00:00:00+00:00", "EventData.NotValidAfter": "2024-11-26 23:59:59+00:00", "EventData.PublisherNameLength": "38", "EventData.PublisherName": "Check Point Software Technologies Ltd.", "EventData.IssuerNameLength": "56", "EventData.IssuerName": "DigiCert Trusted G4 Code Signing RSA4096 SHA384 2021 CA1", "EventData.PublisherTBSHashSize": "32", "EventData.PublisherTBSHash": "aeokk3X8u2s48cIvxo9aqgxd7+LpYGKnClb/S0kxF78=", "EventData.IssuerTBSHashSize": "48", "EventData.IssuerTBSHash": "ZbHUB2qJric/V+bu7eyz6uEptBaPdvp2cZFM30YdVCJVxZ2bhbkWrgym/A/Peo5k", "EventData.OPUSInfoLength": "4", "EventData.OPUSInfo": "None", "EventData.EKUsSize": "10", "EventData.EKUs": "AQgrBgEFBQcDAw==", "EventData.KnownRoot": "1"}
{"EventID": "3033", "Channel": "Microsoft-Windows-CodeIntegrity/Operational", "Provider_Name": "Microsoft-Windows-CodeIntegrity", "Computer": "DESKTOP-OFJ6N53", "TimeCreated": "2025-06-11 14:47:01.599939+00:00", "RecordID": "64011", "Level": "2", "UserID": "S-1-5-20", "EventData.FileNameLength": "98", "EventData.FileNameBuffer": "\\Device\\HarddiskVolume3\\Program Files (x86)\\CheckPoint\\Endpoint Security\\EFR\\CP_AmsiProvider64.dll", "EventData.ProcessNameLength": "52", "EventData.ProcessNameBuffer": "\\Device\\HarddiskVolume3\\Windows\\System32\\svchost.exe", "EventData.RequestedPolicy": "12", "EventData.ValidatedPolicy": "1", "EventData.Status": "3221226536"}
{"EventID": "3089", "Channel": "Microsoft-Windows-CodeIntegrity/Operational", "Provider_Name": "Microsoft-Windows-CodeIntegrity", "Computer": "DESKTOP-OFJ6N53", "TimeCreated": "2025-06-11 14:47:01.599943+00:00", "RecordID": "64012", "Level": "4", "UserID": "S-1-5-20", "EventData.TotalSignatureCount": "1", "EventData.Signature": "0", "EventData.CacheState": "3", "EventData.Hash Size": "32", "EventData.Hash": "qps+fWu+CD7Q37Kz8DjLhW8i/1DEbIglp+VDSfhr9Ek=", "EventData.PageHash": "False", "EventData.SignatureType": "1", "EventData.ValidatedSigningLevel": "1", "EventData.VerificationError": "7", "EventData.Flags": "0", "EventData.PolicyBits": "16", "EventData.NotValidBefore": "2021-11-25 00:00:00+00:00", "EventData.NotValidAfter": "2024-11-26 23:59:59+00:00", "EventData.PublisherNameLength": "38", "EventData.PublisherName": "Check Point Software Technologies Ltd.", "EventData.IssuerNameLength": "56", "EventData.IssuerName": "DigiCert Trusted G4 Code Signing RSA4096 SHA384 2021 CA1", "EventData.PublisherTBSHashSize": "32", "EventData.PublisherTBSHash": "aeokk3X8u2s48cIvxo9aqgxd7+LpYGKnClb/S0kxF78=", "EventData.IssuerTBSHashSize": "48", "EventData.IssuerTBSHash": "ZbHUB2qJric/V+bu7eyz6uEptBaPdvp2cZFM30YdVCJVxZ2bhbkWrgym/A/Peo5k", "EventData.OPUSInfoLength": "4", "EventData.OPUSInfo": "None", "EventData.EKUsSize": "10", "EventData.EKUs": "AQgrBgEFBQcDAw==", "EventData.KnownRoot": "1"}
{"EventID": "3084", "Channel": "Microsoft-Windows-CodeIntegrity/Operational", "Provider_Name": "Microsoft-Windows-CodeIntegrity", "Computer": "DESKTOP-OFJ6N53", "TimeCreated": "2025-07-07 12:49:12.695541+00:00", "RecordID": "64013", "Level": "4", "UserID": "S-1-5-18", "EventData.Settings": "0x00000000", "EventData.Exemption": "1"}
{"EventID": "3099", "Channel": "Microsoft-Windows-CodeIntegrity/Operational", "Provider_Name": "Microsoft-Windows-CodeIntegrity", "Computer": "DESKTOP-OFJ6N53", "TimeCreated": "2025-07-07 12:49:12.696003+00:00", "RecordID": "64014", "Level": "4", "UserID": "S-1-5-18", "EventData.PolicyNameLength": "54", "EventData.PolicyNameBuffer": "Microsoft Windows Virtualization Based Security Policy", "EventData.PolicyIdLength": "12", "EventData.PolicyIdBuffer": "10.0.27818.0", "EventData.PolicyGUID": "{a072029f-588b-4b5e-b7f9-05aad67df687}", "EventData.Status": "0x00000000", "EventData.Options": "0x90800000", "EventData.PolicyHashSize": "32", "EventData.PolicyHash": "PNlJmXv8DisbvtXLO76f6T+hhu+9Lw3L+dZftdqITTo=", "EventData.OptionsV2": "0x00000000"}
{"EventID": "3116", "Channel": "Microsoft-Windows-CodeIntegrity/Operational", "Provider_Name": "Microsoft-Windows-CodeIntegrity", "Computer": "DESKTOP-OFJ6N53", "TimeCreated": "2025-07-07 12:49:12.696909+00:00", "RecordID": "64015", "Level": "4", "UserID": "S-1-5-18", "EventData.PolicyGUID": "{a072029f-588b-4b5e-b7f9-05aad67df687}", "EventData.PublisherNameLength": "17", "EventData.PublisherName": "Microsoft Windows", "EventData.IssuerNameLength": "37", "EventData.IssuerName": "Microsoft Windows Production PCA 2011", "EventData.PublisherTBSHashSize": "32", "EventData.PublisherTBSHash": "vpPXtWzfvTF88p2+VCQM5ejPUser4ocwszVYNT/7jU0=", "EventData.IssuerTBSHashSize": "32", "EventData.IssuerTBSHash": "ToC+EHyGDeiWOEs+/1BQTcLXascVHfMQKkRQY3oDIUY=", "EventData.EKUsSize": "21", "EventData.EKUs": "AgorBgEEAYI3CgMGCCsGAQUFBwMD", "EventData.KnownRoot": "6"}
{"EventID": "3010", "Channel": "Microsoft-Windows-CodeIntegrity/Operational", "Provider_Name": "Microsoft-Windows-CodeIntegrity", "Computer": "DESKTOP-OFJ6N53", "TimeCreated": "2025-07-07 12:49:14.879702+00:00", "RecordID": "64016", "Level": "3", "UserID": "S-1-5-18", "EventData.FileNameLength": "87", "EventData.FileNameBuffer": "HyperV-Networking-Containers-merged-Package~31bf3856ad364e35~amd64~~10.0.19041.5737.cat", "EventData.Status": "0xc0000034"}
{"EventID": "3084", "Channel": "Microsoft-Windows-CodeIntegrity/Operational", "Provider_Name": "Microsoft-Windows-CodeIntegrity", "Computer": "DESKTOP-OFJ6N53", "TimeCreated": "2025-07-09 14:39:44.038506+00:00", "RecordID": "64017", "Level": "4", "UserID": "S-1-5-18", "EventData.Settings": "0x00000000", "EventData.Exemption": "1"}
{"EventID": "3099", "Channel": "Microsoft-Windows-CodeIntegrity/Operational", "Provider_Name": "Microsoft-Windows-CodeIntegrity", "Computer": "DESKTOP-OFJ6N53", "TimeCreated": "2025-07-09 14:39:44.039013+00:00", "RecordID": "64018", "Level": "4", "UserID": "S-1-5-18", "EventData.PolicyNameLength": "54", "EventData.PolicyNameBuffer": "Microsoft Windows Virtualization Based Security Policy", "EventData.PolicyIdLength": "12", "EventData.PolicyIdBuffer": "10.0.27885.0", "EventData.PolicyGUID": "{a072029f-588b-4b5e-b7f9-05aad67df687}", "EventData.Status": "0x00000000", "EventData.Options": "0x90800000", "EventData.PolicyHashSize": "32", "EventData.PolicyHash": "DZqeJrkgFGGxE8WEXKQ0qukI0rNtG06GP91Qsp/7bAU=", "EventData.OptionsV2": "0x00000000"}
{"EventID": "3116", "Channel": "Microsoft-Windows-CodeIntegrity/Operational", "Provider_Name": "Microsoft-Windows-CodeIntegrity", "Computer": "DESKTOP-OFJ6N53", "TimeCreated": "2025-07-09 14:39:44.039881+00:00", "RecordID": "64019", "Level": "4", "UserID": "S-1-5-18", "EventData.PolicyGUID": "{a072029f-588b-4b5e-b7f9-05aad67df687}", "EventData.PublisherNameLength": "17", "EventData.PublisherName": "Microsoft Windows", "EventData.IssuerNameLength": "37", "EventData.IssuerName": "Microsoft Windows Production PCA 2011", "EventData.PublisherTBSHashSize": "32", "EventData.PublisherTBSHash": "vpPXtWzfvTF88p2+VCQM5ejPUser4ocwszVYNT/7jU0=", "EventData.IssuerTBSHashSize": "32", "EventData.IssuerTBSHash": "ToC+EHyGDeiWOEs+/1BQTcLXascVHfMQKkRQY3oDIUY=", "EventData.EKUsSize": "21", "EventData.EKUs": "AgorBgEEAYI3CgMGCCsGAQUFBwMD", "EventData.KnownRoot": "6"}
{"EventID": "3002", "Channel": "Microsoft-Windows-CodeIntegrity/Operational", "Provider_Name": "Microsoft-Windows-CodeIntegrity", "Computer": "DESKTOP-OFJ6N53", "TimeCreated": "2025-07-17 10:03:14.094687+00:00", "RecordID": "64020", "Level": "2", "UserID": "S-1-5-18", "EventData.FileNameLength": "50", "EventData.FileNameBuffer": "\\Device\\HarddiskVolume3\\Windows\\System32\\aepic.dll", "EventData.SecureRequired": "0x00000002", "EventData.RequestedSigningLevel": "12", "EventData.ProcessNameLength": "59", "EventData.ProcessNameBuffer": "\\Device\\HarddiskVolume3\\Windows\\System32\\WerFaultSecure.exe"}
{"EventID": "3089", "Channel": "Microsoft-Windows-CodeIntegrity/Operational", "Provider_Name": "Microsoft-Windows-CodeIntegrity", "Computer": "DESKTOP-OFJ6N53", "TimeCreated": "2025-07-17 10:03:14.094692+00:00", "RecordID": "64021", "Level": "4", "UserID": "S-1-5-18", "EventData.TotalSignatureCount": "0", "EventData.Signature": "0", "EventData.CacheState": "0", "EventData.Hash Size": "32", "EventData.Hash": "9s96o20NR5WExA/Pc6aWuKDDYTNjR11UBoqvqDsX2Gc=", "EventData.PageHash": "True", "EventData.SignatureType": "0", "EventData.ValidatedSigningLevel": "0", "EventData.VerificationError": "0", "EventData.Flags": "8", "EventData.PolicyBits": "0", "EventData.NotValidBefore": "0001-01-01 00:00:00", "EventData.NotValidAfter": "0001-01-01 00:00:00", "EventData.PublisherNameLength": "7", "EventData.PublisherName": "Unknown", "EventData.IssuerNameLength": "7", "EventData.IssuerName": "Unknown", "EventData.PublisherTBSHashSize": "0", "EventData.PublisherTBSHash": null, "EventData.IssuerTBSHashSize": "0", "EventData.IssuerTBSHash": null, "EventData.OPUSInfoLength": "4", "EventData.OPUSInfo": "None", "EventData.EKUsSize": "0", "EventData.EKUs": null, "EventData.KnownRoot": "0"}
{"EventID": "3002", "Channel": "Microsoft-Windows-CodeIntegrity/Operational", "Provider_Name": "Microsoft-Windows-CodeIntegrity", "Computer": "DESKTOP-OFJ6N53", "TimeCreated": "2025-07-17 10:03:14.205894+00:00", "RecordID": "64022", "Level": "2", "UserID": "S-1-5-18", "EventData.FileNameLength": "50", "EventData.FileNameBuffer": "\\Device\\HarddiskVolume3\\Windows\\System32\\aepic.dll", "EventData.SecureRequired": "0x00000002", "EventData.RequestedSigningLevel": "12", "EventData.ProcessNameLength": "59", "EventData.ProcessNameBuffer": "\\Device\\HarddiskVolume3\\Windows\\System32\\WerFaultSecure.exe"}
{"EventID": "3089", "Channel": "Microsoft-Windows-CodeIntegrity/Operational", "Provider_Name": "Microsoft-Windows-CodeIntegrity", "Computer": "DESKTOP-OFJ6N53", "TimeCreated": "2025-07-17 10:03:14.205898+00:00", "RecordID": "64023", "Level": "4", "UserID": "S-1-5-18", "EventData.TotalSignatureCount": "0", "EventData.Signature": "0", "EventData.CacheState": "0", "EventData.Hash Size": "32", "EventData.Hash": "9s96o20NR5WExA/Pc6aWuKDDYTNjR11UBoqvqDsX2Gc=", "EventData.PageHash": "True", "EventData.SignatureType": "0", "EventData.ValidatedSigningLevel": "0", "EventData.VerificationError": "0", "EventData.Flags": "8", "EventData.PolicyBits": "0", "EventData.NotValidBefore": "0001-01-01 00:00:00", "EventData.NotValidAfter": "0001-01-01 00:00:00", "EventData.PublisherNameLength": "7", "EventData.PublisherName": "Unknown", "EventData.IssuerNameLength": "7", "EventData.IssuerName": "Unknown", "EventData.PublisherTBSHashSize": "0", "EventData.PublisherTBSHash": null, "EventData.IssuerTBSHashSize": "0", "EventData.IssuerTBSHash": null, "EventData.OPUSInfoLength": "4", "EventData.OPUSInfo": "None", "EventData.EKUsSize": "0", "EventData.EKUs": null, "EventData.KnownRoot": "0"}
{"EventID": "3002", "Channel": "Microsoft-Windows-CodeIntegrity/Operational", "Provider_Name": "Microsoft-Windows-CodeIntegrity", "Computer": "DESKTOP-OFJ6N53", "TimeCreated": "2025-07-17 10:03:16.865084+00:00", "RecordID": "64024", "Level": "2", "UserID": "S-1-5-18", "EventData.FileNameLength": "49", "EventData.FileNameBuffer": "\\Device\\HarddiskVolume3\\Windows\\System32\\fcon.dll", "EventData.SecureRequired": "0x00000002", "EventData.RequestedSigningLevel": "12", "EventData.ProcessNameLength": "59", "EventData.ProcessNameBuffer": "\\Device\\HarddiskVolume3\\Windows\\System32\\WerFaultSecure.exe"}
{"EventID": "3089", "Channel": "Microsoft-Windows-CodeIntegrity/Operational", "Provider_Name": "Microsoft-Windows-CodeIntegrity", "Computer": "DESKTOP-OFJ6N53", "TimeCreated": "2025-07-17 10:03:16.865088+00:00", "RecordID": "64025", "Level": "4", "UserID": "S-1-5-18", "EventData.TotalSignatureCount": "0", "EventData.Signature": "0", "EventData.CacheState": "0", "EventData.Hash Size": "32", "EventData.Hash": "zQtUNbw+gljLxpi74BoLT8PwV+Ti5Ltl3JeOO4Nb8vg=", "EventData.PageHash": "True", "EventData.SignatureType": "0", "EventData.ValidatedSigningLevel": "0", "EventData.VerificationError": "0", "EventData.Flags": "8", "EventData.PolicyBits": "0", "EventData.NotValidBefore": "0001-01-01 00:00:00", "EventData.NotValidAfter": "0001-01-01 00:00:00", "EventData.PublisherNameLength": "7", "EventData.PublisherName": "Unknown", "EventData.IssuerNameLength": "7", "EventData.IssuerName": "Unknown", "EventData.PublisherTBSHashSize": "0", "EventData.PublisherTBSHash": null, "EventData.IssuerTBSHashSize": "0", "EventData.IssuerTBSHash": null, "EventData.OPUSInfoLength": "4", "EventData.OPUSInfo": "None", "EventData.EKUsSize": "0", "EventData.EKUs": null, "EventData.KnownRoot": "0"}
{"EventID": "3002", "Channel": "Microsoft-Windows-CodeIntegrity/Operational", "Provider_Name": "Microsoft-Windows-CodeIntegrity", "Computer": "DESKTOP-OFJ6N53", "TimeCreated": "2025-07-17 10:03:18.510490+00:00", "RecordID": "64026", "Level": "2", "UserID": "S-1-5-18", "EventData.FileNameLength": "49", "EventData.FileNameBuffer": "\\Device\\HarddiskVolume3\\Windows\\System32\\fcon.dll", "EventData.SecureRequired": "0x00000002", "EventData.RequestedSigningLevel": "12", "EventData.ProcessNameLength": "59", "EventData.ProcessNameBuffer": "\\Device\\HarddiskVolume3\\Windows\\System32\\WerFaultSecure.exe"}
{"EventID": "3089", "Channel": "Microsoft-Windows-CodeIntegrity/Operational", "Provider_Name": "Microsoft-Windows-CodeIntegrity", "Computer": "DESKTOP-OFJ6N53", "TimeCreated": "2025-07-17 10:03:18.510496+00:00", "RecordID": "64027", "Level": "4", "UserID": "S-1-5-18", "EventData.TotalSignatureCount": "0", "EventData.Signature": "0", "EventData.CacheState": "0", "EventData.Hash Size": "32", "EventData.Hash": "zQtUNbw+gljLxpi74BoLT8PwV+Ti5Ltl3JeOO4Nb8vg=", "EventData.PageHash": "True", "EventData.SignatureType": "0", "EventData.ValidatedSigningLevel": "0", "EventData.VerificationError": "0", "EventData.Flags": "8", "EventData.PolicyBits": "0", "EventData.NotValidBefore": "0001-01-01 00:00:00", "EventData.NotValidAfter": "0001-01-01 00:00:00", "EventData.PublisherNameLength": "7", "EventData.PublisherName": "Unknown", "EventData.IssuerNameLength": "7", "EventData.IssuerName": "Unknown", "EventData.PublisherTBSHashSize": "0", "EventData.PublisherTBSHash": null, "EventData.IssuerTBSHashSize": "0", "EventData.IssuerTBSHash": null, "EventData.OPUSInfoLength": "4", "EventData.OPUSInfo": "None", "EventData.EKUsSize": "0", "EventData.EKUs": null, "EventData.KnownRoot": "0"}
{"EventID": "3084", "Channel": "Microsoft-Windows-CodeIntegrity/Operational", "Provider_Name": "Microsoft-Windows-CodeIntegrity", "Computer": "DESKTOP-OFJ6N53", "TimeCreated": "2025-07-24 21:29:31.233099+00:00", "RecordID": "64028", "Level": "4", "UserID": "S-1-5-18", "EventData.Settings": "0x00000000", "EventData.Exemption": "1"}
{"EventID": "3099", "Channel": "Microsoft-Windows-CodeIntegrity/Operational", "Provider_Name": "Microsoft-Windows-CodeIntegrity", "Computer": "DESKTOP-OFJ6N53", "TimeCreated": "2025-07-24 21:29:31.233585+00:00", "RecordID": "64029", "Level": "4", "UserID": "S-1-5-18", "EventData.PolicyNameLength": "54", "EventData.PolicyNameBuffer": "Microsoft Windows Virtualization Based Security Policy", "EventData.PolicyIdLength": "12", "EventData.PolicyIdBuffer": "10.0.27885.0", "EventData.PolicyGUID": "{a072029f-588b-4b5e-b7f9-05aad67df687}", "EventData.Status": "0x00000000", "EventData.Options": "0x90800000", "EventData.PolicyHashSize": "32", "EventData.PolicyHash": "DZqeJrkgFGGxE8WEXKQ0qukI0rNtG06GP91Qsp/7bAU=", "EventData.OptionsV2": "0x00000000"}
{"EventID": "3116", "Channel": "Microsoft-Windows-CodeIntegrity/Operational", "Provider_Name": "Microsoft-Windows-CodeIntegrity", "Computer": "DESKTOP-OFJ6N53", "TimeCreated": "2025-07-24 21:29:31.234449+00:00", "RecordID": "64030", "Level": "4", "UserID": "S-1-5-18", "EventData.PolicyGUID": "{a072029f-588b-4b5e-b7f9-05aad67df687}", "EventData.PublisherNameLength": "17", "EventData.PublisherName": "Microsoft Windows", "EventData.IssuerNameLength": "37", "EventData.IssuerName": "Microsoft Windows Production PCA 2011", "EventData.PublisherTBSHashSize": "32", "EventData.PublisherTBSHash": "vpPXtWzfvTF88p2+VCQM5ejPUser4ocwszVYNT/7jU0=", "EventData.IssuerTBSHashSize": "32", "EventData.IssuerTBSHash": "ToC+EHyGDeiWOEs+/1BQTcLXascVHfMQKkRQY3oDIUY=", "EventData.EKUsSize": "21", "EventData.EKUs": "AgorBgEEAYI3CgMGCCsGAQUFBwMD", "EventData.KnownRoot": "6"}
{"EventID": "3010", "Channel": "Microsoft-Windows-CodeIntegrity/Operational", "Provider_Name": "Microsoft-Windows-CodeIntegrity", "Computer": "DESKTOP-OFJ6N53", "TimeCreated": "2025-07-24 21:29:33.716068+00:00", "RecordID": "64031", "Level": "3", "UserID": "S-1-5-18", "EventData.FileNameLength": "87", "EventData.FileNameBuffer": "HyperV-Networking-Containers-merged-Package~31bf3856ad364e35~amd64~~10.0.19041.5848.cat", "EventData.Status": "0xc0000034"}
{"EventID": "3084", "Channel": "Microsoft-Windows-CodeIntegrity/Operational", "Provider_Name": "Microsoft-Windows-CodeIntegrity", "Computer": "DESKTOP-OFJ6N53", "TimeCreated": "2025-07-31 08:03:26.811995+00:00", "RecordID": "64032", "Level": "4", "UserID": "S-1-5-18", "EventData.Settings": "0x00000000", "EventData.Exemption": "1"}
{"EventID": "3099", "Channel": "Microsoft-Windows-CodeIntegrity/Operational", "Provider_Name": "Microsoft-Windows-CodeIntegrity", "Computer": "DESKTOP-OFJ6N53", "TimeCreated": "2025-07-31 08:03:26.812391+00:00", "RecordID": "64033", "Level": "4", "UserID": "S-1-5-18", "EventData.PolicyNameLength": "54", "EventData.PolicyNameBuffer": "Microsoft Windows Virtualization Based Security Policy", "EventData.PolicyIdLength": "12", "EventData.PolicyIdBuffer": "10.0.27885.0", "EventData.PolicyGUID": "{a072029f-588b-4b5e-b7f9-05aad67df687}", "EventData.Status": "0x00000000", "EventData.Options": "0x90800000", "EventData.PolicyHashSize": "32", "EventData.PolicyHash": "DZqeJrkgFGGxE8WEXKQ0qukI0rNtG06GP91Qsp/7bAU=", "EventData.OptionsV2": "0x00000000"}
{"EventID": "3116", "Channel": "Microsoft-Windows-CodeIntegrity/Operational", "Provider_Name": "Microsoft-Windows-CodeIntegrity", "Computer": "DESKTOP-OFJ6N53", "TimeCreated": "2025-07-31 08:03:26.813099+00:00", "RecordID": "64034", "Level": "4", "UserID": "S-1-5-18", "EventData.PolicyGUID": "{a072029f-588b-4b5e-b7f9-05aad67df687}", "EventData.PublisherNameLength": "17", "EventData.PublisherName": "Microsoft Windows", "EventData.IssuerNameLength": "37", "EventData.IssuerName": "Microsoft Windows Production PCA 2011", "EventData.PublisherTBSHashSize": "32", "EventData.PublisherTBSHash": "vpPXtWzfvTF88p2+VCQM5ejPUser4ocwszVYNT/7jU0=", "EventData.IssuerTBSHashSize": "32", "EventData.IssuerTBSHash": "ToC+EHyGDeiWOEs+/1BQTcLXascVHfMQKkRQY3oDIUY=", "EventData.EKUsSize": "21", "EventData.EKUs": "AgorBgEEAYI3CgMGCCsGAQUFBwMD", "EventData.KnownRoot": "6"}
{"EventID": "3010", "Channel": "Microsoft-Windows-CodeIntegrity/Operational", "Provider_Name": "Microsoft-Windows-CodeIntegrity", "Computer": "DESKTOP-OFJ6N53", "TimeCreated": "2025-07-31 08:03:33.944094+00:00", "RecordID": "64035", "Level": "3", "UserID": "S-1-5-18", "EventData.FileNameLength": "100", "EventData.FileNameBuffer": "Microsoft-Windows-TerminalServices-UsbRedirector-Package~31bf3856ad364e35~amd64~~10.0.19041.5794.cat", "EventData.Status": "0xc0000034"}
{"EventID": "3002", "Channel": "Microsoft-Windows-CodeIntegrity/Operational", "Provider_Name": "Microsoft-Windows-CodeIntegrity", "Computer": "DESKTOP-OFJ6N53", "TimeCreated": "2025-08-01 08:24:41.327438+00:00", "RecordID": "64036", "Level": "2", "UserID": "S-1-5-18", "EventData.FileNameLength": "50", "EventData.FileNameBuffer": "\\Device\\HarddiskVolume3\\Windows\\System32\\aepic.dll", "EventData.SecureRequired": "0x00000002", "EventData.RequestedSigningLevel": "12", "EventData.ProcessNameLength": "59", "EventData.ProcessNameBuffer": "\\Device\\HarddiskVolume3\\Windows\\System32\\WerFaultSecure.exe"}
{"EventID": "3089", "Channel": "Microsoft-Windows-CodeIntegrity/Operational", "Provider_Name": "Microsoft-Windows-CodeIntegrity", "Computer": "DESKTOP-OFJ6N53", "TimeCreated": "2025-08-01 08:24:41.327440+00:00", "RecordID": "64037", "Level": "4", "UserID": "S-1-5-18", "EventData.TotalSignatureCount": "0", "EventData.Signature": "0", "EventData.CacheState": "0", "EventData.Hash Size": "32", "EventData.Hash": "9s96o20NR5WExA/Pc6aWuKDDYTNjR11UBoqvqDsX2Gc=", "EventData.PageHash": "True", "EventData.SignatureType": "0", "EventData.ValidatedSigningLevel": "0", "EventData.VerificationError": "0", "EventData.Flags": "8", "EventData.PolicyBits": "0", "EventData.NotValidBefore": "0001-01-01 00:00:00", "EventData.NotValidAfter": "0001-01-01 00:00:00", "EventData.PublisherNameLength": "7", "EventData.PublisherName": "Unknown", "EventData.IssuerNameLength": "7", "EventData.IssuerName": "Unknown", "EventData.PublisherTBSHashSize": "0", "EventData.PublisherTBSHash": null, "EventData.IssuerTBSHashSize": "0", "EventData.IssuerTBSHash": null, "EventData.OPUSInfoLength": "4", "EventData.OPUSInfo": "None", "EventData.EKUsSize": "0", "EventData.EKUs": null, "EventData.KnownRoot": "0"}
{"EventID": "3002", "Channel": "Microsoft-Windows-CodeIntegrity/Operational", "Provider_Name": "Microsoft-Windows-CodeIntegrity", "Computer": "DESKTOP-OFJ6N53", "TimeCreated": "2025-08-01 08:24:41.408007+00:00", "RecordID": "64038", "Level": "2", "UserID": "S-1-5-18", "EventData.FileNameLength": "50", "EventData.FileNameBuffer": "\\Device\\HarddiskVolume3\\Windows\\System32\\aepic.dll", "EventData.SecureRequired": "0x00000002", "EventData.RequestedSigningLevel": "12", "EventData.ProcessNameLength": "59", "EventData.ProcessNameBuffer": "\\Device\\HarddiskVolume3\\Windows\\System32\\WerFaultSecure.exe"}
{"EventID": "3089", "Channel": "Microsoft-Windows-CodeIntegrity/Operational", "Provider_Name": "Microsoft-Windows-CodeIntegrity", "Computer": "DESKTOP-OFJ6N53", "TimeCreated": "2025-08-01 08:24:41.408007+00:00", "RecordID": "64039", "Level": "4", "UserID": "S-1-5-18", "EventData.TotalSignatureCount": "0", "EventData.Signature": "0", "EventData.CacheState": "0", "EventData.Hash Size": "32", "EventData.Hash": "9s96o20NR5WExA/Pc6aWuKDDYTNjR11UBoqvqDsX2Gc=", "EventData.PageHash": "True", "EventData.SignatureType": "0", "EventData.ValidatedSigningLevel": "0", "EventData.VerificationError": "0", "EventData.Flags": "8", "EventData.PolicyBits": "0", "EventData.NotValidBefore": "0001-01-01 00:00:00", "EventData.NotValidAfter": "0001-01-01 00:00:00", "EventData.PublisherNameLength": "7", "EventData.PublisherName": "Unknown", "EventData.IssuerNameLength": "7", "EventData.IssuerName": "Unknown", "EventData.PublisherTBSHashSize": "0", "EventData.PublisherTBSHash": null, "EventData.IssuerTBSHashSize": "0", "EventData.IssuerTBSHash": null, "EventData.OPUSInfoLength": "4", "EventData.OPUSInfo": "None", "EventData.EKUsSize": "0", "EventData.EKUs": null, "EventData.KnownRoot": "0"}
{"EventID": "3002", "Channel": "Microsoft-Windows-CodeIntegrity/Operational", "Provider_Name": "Microsoft-Windows-CodeIntegrity", "Computer": "DESKTOP-OFJ6N53", "TimeCreated": "2025-08-01 08:24:42.067394+00:00", "RecordID": "64040", "Level": "2", "UserID": "S-1-5-18", "EventData.FileNameLength": "49", "EventData.FileNameBuffer": "\\Device\\HarddiskVolume3\\Windows\\System32\\fcon.dll", "EventData.SecureRequired": "0x00000002", "EventData.RequestedSigningLevel": "12", "EventData.ProcessNameLength": "59", "EventData.ProcessNameBuffer": "\\Device\\HarddiskVolume3\\Windows\\System32\\WerFaultSecure.exe"}
{"EventID": "3089", "Channel": "Microsoft-Windows-CodeIntegrity/Operational", "Provider_Name": "Microsoft-Windows-CodeIntegrity", "Computer": "DESKTOP-OFJ6N53", "TimeCreated": "2025-08-01 08:24:42.067398+00:00", "RecordID": "64041", "Level": "4", "UserID": "S-1-5-18", "EventData.TotalSignatureCount": "0", "EventData.Signature": "0", "EventData.CacheState": "0", "EventData.Hash Size": "32", "EventData.Hash": "zQtUNbw+gljLxpi74BoLT8PwV+Ti5Ltl3JeOO4Nb8vg=", "EventData.PageHash": "True", "EventData.SignatureType": "0", "EventData.ValidatedSigningLevel": "0", "EventData.VerificationError": "0", "EventData.Flags": "8", "EventData.PolicyBits": "0", "EventData.NotValidBefore": "0001-01-01 00:00:00", "EventData.NotValidAfter": "0001-01-01 00:00:00", "EventData.PublisherNameLength": "7", "EventData.PublisherName": "Unknown", "EventData.IssuerNameLength": "7", "EventData.IssuerName": "Unknown", "EventData.PublisherTBSHashSize": "0", "EventData.PublisherTBSHash": null, "EventData.IssuerTBSHashSize": "0", "EventData.IssuerTBSHash": null, "EventData.OPUSInfoLength": "4", "EventData.OPUSInfo": "None", "EventData.EKUsSize": "0", "EventData.EKUs": null, "EventData.KnownRoot": "0"}
{"EventID": "3002", "Channel": "Microsoft-Windows-CodeIntegrity/Operational", "Provider_Name": "Microsoft-Windows-CodeIntegrity", "Computer": "DESKTOP-OFJ6N53", "TimeCreated": "2025-08-01 08:24:42.417585+00:00", "RecordID": "64042", "Level": "2", "UserID": "S-1-5-18", "EventData.FileNameLength": "49", "EventData.FileNameBuffer": "\\Device\\HarddiskVolume3\\Windows\\System32\\fcon.dll", "EventData.SecureRequired": "0x00000002", "EventData.RequestedSigningLevel": "12", "EventData.ProcessNameLength": "59", "EventData.ProcessNameBuffer": "\\Device\\HarddiskVolume3\\Windows\\System32\\WerFaultSecure.exe"}
{"EventID": "3089", "Channel": "Microsoft-Windows-CodeIntegrity/Operational", "Provider_Name": "Microsoft-Windows-CodeIntegrity", "Computer": "DESKTOP-OFJ6N53", "TimeCreated": "2025-08-01 08:24:42.417587+00:00", "RecordID": "64043", "Level": "4", "UserID": "S-1-5-18", "EventData.TotalSignatureCount": "0", "EventData.Signature": "0", "EventData.CacheState": "0", "EventData.Hash Size": "32", "EventData.Hash": "zQtUNbw+gljLxpi74BoLT8PwV+Ti5Ltl3JeOO4Nb8vg=", "EventData.PageHash": "True", "EventData.SignatureType": "0", "EventData.ValidatedSigningLevel": "0", "EventData.VerificationError": "0", "EventData.Flags": "8", "EventData.PolicyBits": "0", "EventData.NotValidBefore": "0001-01-01 00:00:00", "EventData.NotValidAfter": "0001-01-01 00:00:00", "EventData.PublisherNameLength": "7", "EventData.PublisherName": "Unknown", "EventData.IssuerNameLength": "7", "EventData.IssuerName": "Unknown", "EventData.PublisherTBSHashSize": "0", "EventData.PublisherTBSHash": null, "EventData.IssuerTBSHashSize": "0", "EventData.IssuerTBSHash": null, "EventData.OPUSInfoLength": "4", "EventData.OPUSInfo": "None", "EventData.EKUsSize": "0", "EventData.EKUs": null, "EventData.KnownRoot": "0"}
{"EventID": "3084", "Channel": "Microsoft-Windows-CodeIntegrity/Operational", "Provider_Name": "Microsoft-Windows-CodeIntegrity", "Computer": "DESKTOP-OFJ6N53", "TimeCreated": "2025-08-12 12:17:24.655857+00:00", "RecordID": "64044", "Level": "4", "UserID": "S-1-5-18", "EventData.Settings": "0x00000000", "EventData.Exemption": "1"}
{"EventID": "3099", "Channel": "Microsoft-Windows-CodeIntegrity/Operational", "Provider_Name": "Microsoft-Windows-CodeIntegrity", "Computer": "DESKTOP-OFJ6N53", "TimeCreated": "2025-08-12 12:17:24.656351+00:00", "RecordID": "64045", "Level": "4", "UserID": "S-1-5-18", "EventData.PolicyNameLength": "54", "EventData.PolicyNameBuffer": "Microsoft Windows Virtualization Based Security Policy", "EventData.PolicyIdLength": "12", "EventData.PolicyIdBuffer": "10.0.27885.0", "EventData.PolicyGUID": "{a072029f-588b-4b5e-b7f9-05aad67df687}", "EventData.Status": "0x00000000", "EventData.Options": "0x90800000", "EventData.PolicyHashSize": "32", "EventData.PolicyHash": "DZqeJrkgFGGxE8WEXKQ0qukI0rNtG06GP91Qsp/7bAU=", "EventData.OptionsV2": "0x00000000"}
{"EventID": "3116", "Channel": "Microsoft-Windows-CodeIntegrity/Operational", "Provider_Name": "Microsoft-Windows-CodeIntegrity", "Computer": "DESKTOP-OFJ6N53", "TimeCreated": "2025-08-12 12:17:24.657246+00:00", "RecordID": "64046", "Level": "4", "UserID": "S-1-5-18", "EventData.PolicyGUID": "{a072029f-588b-4b5e-b7f9-05aad67df687}", "EventData.PublisherNameLength": "17", "EventData.PublisherName": "Microsoft Windows", "EventData.IssuerNameLength": "37", "EventData.IssuerName": "Microsoft Windows Production PCA 2011", "EventData.PublisherTBSHashSize": "32", "EventData.PublisherTBSHash": "vpPXtWzfvTF88p2+VCQM5ejPUser4ocwszVYNT/7jU0=", "EventData.IssuerTBSHashSize": "32", "EventData.IssuerTBSHash": "ToC+EHyGDeiWOEs+/1BQTcLXascVHfMQKkRQY3oDIUY=", "EventData.EKUsSize": "21", "EventData.EKUs": "AgorBgEEAYI3CgMGCCsGAQUFBwMD", "EventData.KnownRoot": "6"}
{"EventID": "3033", "Channel": "Microsoft-Windows-CodeIntegrity/Operational", "Provider_Name": "Microsoft-Windows-CodeIntegrity", "Computer": "DESKTOP-OFJ6N53", "TimeCreated": "2025-08-12 12:20:57.240879+00:00", "RecordID": "64047", "Level": "2", "UserID": "S-1-5-19", "EventData.FileNameLength": "98", "EventData.FileNameBuffer": "\\Device\\HarddiskVolume3\\Program Files (x86)\\CheckPoint\\Endpoint Security\\EFR\\CP_AmsiProvider64.dll", "EventData.ProcessNameLength": "52", "EventData.ProcessNameBuffer": "\\Device\\HarddiskVolume3\\Windows\\System32\\svchost.exe", "EventData.RequestedPolicy": "12", "EventData.ValidatedPolicy": "1", "EventData.Status": "3221226536"}
{"EventID": "3089", "Channel": "Microsoft-Windows-CodeIntegrity/Operational", "Provider_Name": "Microsoft-Windows-CodeIntegrity", "Computer": "DESKTOP-OFJ6N53", "TimeCreated": "2025-08-12 12:20:57.240885+00:00", "RecordID": "64048", "Level": "4", "UserID": "S-1-5-19", "EventData.TotalSignatureCount": "1", "EventData.Signature": "0", "EventData.CacheState": "3", "EventData.Hash Size": "32", "EventData.Hash": "qps+fWu+CD7Q37Kz8DjLhW8i/1DEbIglp+VDSfhr9Ek=", "EventData.PageHash": "False", "EventData.SignatureType": "1", "EventData.ValidatedSigningLevel": "1", "EventData.VerificationError": "7", "EventData.Flags": "0", "EventData.PolicyBits": "16", "EventData.NotValidBefore": "2021-11-25 00:00:00+00:00", "EventData.NotValidAfter": "2024-11-26 23:59:59+00:00", "EventData.PublisherNameLength": "38", "EventData.PublisherName": "Check Point Software Technologies Ltd.", "EventData.IssuerNameLength": "56", "EventData.IssuerName": "DigiCert Trusted G4 Code Signing RSA4096 SHA384 2021 CA1", "EventData.PublisherTBSHashSize": "32", "EventData.PublisherTBSHash": "aeokk3X8u2s48cIvxo9aqgxd7+LpYGKnClb/S0kxF78=", "EventData.IssuerTBSHashSize": "48", "EventData.IssuerTBSHash": "ZbHUB2qJric/V+bu7eyz6uEptBaPdvp2cZFM30YdVCJVxZ2bhbkWrgym/A/Peo5k", "EventData.OPUSInfoLength": "4", "EventData.OPUSInfo": "None", "EventData.EKUsSize": "10", "EventData.EKUs": "AQgrBgEFBQcDAw==", "EventData.KnownRoot": "1"}
{"EventID": "3084", "Channel": "Microsoft-Windows-CodeIntegrity/Operational", "Provider_Name": "Microsoft-Windows-CodeIntegrity", "Computer": "DESKTOP-OFJ6N53", "TimeCreated": "2025-08-13 14:39:45.882219+00:00", "RecordID": "64049", "Level": "4", "UserID": "S-1-5-18", "EventData.Settings": "0x00000000", "EventData.Exemption": "1"}
{"EventID": "3099", "Channel": "Microsoft-Windows-CodeIntegrity/Operational", "Provider_Name": "Microsoft-Windows-CodeIntegrity", "Computer": "DESKTOP-OFJ6N53", "TimeCreated": "2025-08-13 14:39:45.882849+00:00", "RecordID": "64050", "Level": "4", "UserID": "S-1-5-18", "EventData.PolicyNameLength": "54", "EventData.PolicyNameBuffer": "Microsoft Windows Virtualization Based Security Policy", "EventData.PolicyIdLength": "12", "EventData.PolicyIdBuffer": "10.0.27885.0", "EventData.PolicyGUID": "{a072029f-588b-4b5e-b7f9-05aad67df687}", "EventData.Status": "0x00000000", "EventData.Options": "0x90800000", "EventData.PolicyHashSize": "32", "EventData.PolicyHash": "DZqeJrkgFGGxE8WEXKQ0qukI0rNtG06GP91Qsp/7bAU=", "EventData.OptionsV2": "0x00000000"}
{"EventID": "3116", "Channel": "Microsoft-Windows-CodeIntegrity/Operational", "Provider_Name": "Microsoft-Windows-CodeIntegrity", "Computer": "DESKTOP-OFJ6N53", "TimeCreated": "2025-08-13 14:39:45.883881+00:00", "RecordID": "64051", "Level": "4", "UserID": "S-1-5-18", "EventData.PolicyGUID": "{a072029f-588b-4b5e-b7f9-05aad67df687}", "EventData.PublisherNameLength": "17", "EventData.PublisherName": "Microsoft Windows", "EventData.IssuerNameLength": "37", "EventData.IssuerName": "Microsoft Windows Production PCA 2011", "EventData.PublisherTBSHashSize": "32", "EventData.PublisherTBSHash": "vpPXtWzfvTF88p2+VCQM5ejPUser4ocwszVYNT/7jU0=", "EventData.IssuerTBSHashSize": "32", "EventData.IssuerTBSHash": "ToC+EHyGDeiWOEs+/1BQTcLXascVHfMQKkRQY3oDIUY=", "EventData.EKUsSize": "21", "EventData.EKUs": "AgorBgEEAYI3CgMGCCsGAQUFBwMD", "EventData.KnownRoot": "6"}
{"EventID": "3084", "Channel": "Microsoft-Windows-CodeIntegrity/Operational", "Provider_Name": "Microsoft-Windows-CodeIntegrity", "Computer": "DESKTOP-OFJ6N53", "TimeCreated": "2025-08-19 07:18:45.618061+00:00", "RecordID": "64052", "Level": "4", "UserID": "S-1-5-18", "EventData.Settings": "0x00000000", "EventData.Exemption": "1"}
{"EventID": "3099", "Channel": "Microsoft-Windows-CodeIntegrity/Operational", "Provider_Name": "Microsoft-Windows-CodeIntegrity", "Computer": "DESKTOP-OFJ6N53", "TimeCreated": "2025-08-19 07:18:45.618637+00:00", "RecordID": "64053", "Level": "4", "UserID": "S-1-5-18", "EventData.PolicyNameLength": "54", "EventData.PolicyNameBuffer": "Microsoft Windows Virtualization Based Security Policy", "EventData.PolicyIdLength": "12", "EventData.PolicyIdBuffer": "10.0.27885.0", "EventData.PolicyGUID": "{a072029f-588b-4b5e-b7f9-05aad67df687}", "EventData.Status": "0x00000000", "EventData.Options": "0x90800000", "EventData.PolicyHashSize": "32", "EventData.PolicyHash": "DZqeJrkgFGGxE8WEXKQ0qukI0rNtG06GP91Qsp/7bAU=", "EventData.OptionsV2": "0x00000000"}
{"EventID": "3116", "Channel": "Microsoft-Windows-CodeIntegrity/Operational", "Provider_Name": "Microsoft-Windows-CodeIntegrity", "Computer": "DESKTOP-OFJ6N53", "TimeCreated": "2025-08-19 07:18:45.619465+00:00", "RecordID": "64054", "Level": "4", "UserID": "S-1-5-18", "EventData.PolicyGUID": "{a072029f-588b-4b5e-b7f9-05aad67df687}", "EventData.PublisherNameLength": "17", "EventData.PublisherName": "Microsoft Windows", "EventData.IssuerNameLength": "37", "EventData.IssuerName": "Microsoft Windows Production PCA 2011", "EventData.PublisherTBSHashSize": "32", "EventData.PublisherTBSHash": "vpPXtWzfvTF88p2+VCQM5ejPUser4ocwszVYNT/7jU0=", "EventData.IssuerTBSHashSize": "32", "EventData.IssuerTBSHash": "ToC+EHyGDeiWOEs+/1BQTcLXascVHfMQKkRQY3oDIUY=", "EventData.EKUsSize": "21", "EventData.EKUs": "AgorBgEEAYI3CgMGCCsGAQUFBwMD", "EventData.KnownRoot": "6"}
{"EventID": "3033", "Channel": "Microsoft-Windows-CodeIntegrity/Operational", "Provider_Name": "Microsoft-Windows-CodeIntegrity", "Computer": "DESKTOP-OFJ6N53", "TimeCreated": "2025-08-19 07:20:55.592674+00:00", "RecordID": "64055", "Level": "2", "UserID": "S-1-5-20", "EventData.FileNameLength": "98", "EventData.FileNameBuffer": "\\Device\\HarddiskVolume3\\Program Files (x86)\\CheckPoint\\Endpoint Security\\EFR\\CP_AmsiProvider64.dll", "EventData.ProcessNameLength": "52", "EventData.ProcessNameBuffer": "\\Device\\HarddiskVolume3\\Windows\\System32\\svchost.exe", "EventData.RequestedPolicy": "12", "EventData.ValidatedPolicy": "1", "EventData.Status": "3221226536"}
{"EventID": "3089", "Channel": "Microsoft-Windows-CodeIntegrity/Operational", "Provider_Name": "Microsoft-Windows-CodeIntegrity", "Computer": "DESKTOP-OFJ6N53", "TimeCreated": "2025-08-19 07:20:55.592682+00:00", "RecordID": "64056", "Level": "4", "UserID": "S-1-5-20", "EventData.TotalSignatureCount": "1", "EventData.Signature": "0", "EventData.CacheState": "3", "EventData.Hash Size": "32", "EventData.Hash": "qps+fWu+CD7Q37Kz8DjLhW8i/1DEbIglp+VDSfhr9Ek=", "EventData.PageHash": "False", "EventData.SignatureType": "1", "EventData.ValidatedSigningLevel": "1", "EventData.VerificationError": "7", "EventData.Flags": "0", "EventData.PolicyBits": "16", "EventData.NotValidBefore": "2021-11-25 00:00:00+00:00", "EventData.NotValidAfter": "2024-11-26 23:59:59+00:00", "EventData.PublisherNameLength": "38", "EventData.PublisherName": "Check Point Software Technologies Ltd.", "EventData.IssuerNameLength": "56", "EventData.IssuerName": "DigiCert Trusted G4 Code Signing RSA4096 SHA384 2021 CA1", "EventData.PublisherTBSHashSize": "32", "EventData.PublisherTBSHash": "aeokk3X8u2s48cIvxo9aqgxd7+LpYGKnClb/S0kxF78=", "EventData.IssuerTBSHashSize": "48", "EventData.IssuerTBSHash": "ZbHUB2qJric/V+bu7eyz6uEptBaPdvp2cZFM30YdVCJVxZ2bhbkWrgym/A/Peo5k", "EventData.OPUSInfoLength": "4", "EventData.OPUSInfo": "None", "EventData.EKUsSize": "10", "EventData.EKUs": "AQgrBgEFBQcDAw==", "EventData.KnownRoot": "1"}
{"EventID": "3033", "Channel": "Microsoft-Windows-CodeIntegrity/Operational", "Provider_Name": "Microsoft-Windows-CodeIntegrity", "Computer": "DESKTOP-OFJ6N53", "TimeCreated": "2025-08-19 07:20:55.632910+00:00", "RecordID": "64057", "Level": "2", "UserID": "S-1-5-20", "EventData.FileNameLength": "98", "EventData.FileNameBuffer": "\\Device\\HarddiskVolume3\\Program Files (x86)\\CheckPoint\\Endpoint Security\\EFR\\CP_AmsiProvider64.dll", "EventData.ProcessNameLength": "52", "EventData.ProcessNameBuffer": "\\Device\\HarddiskVolume3\\Windows\\System32\\svchost.exe", "EventData.RequestedPolicy": "12", "EventData.ValidatedPolicy": "1", "EventData.Status": "3221226536"}
{"EventID": "3089", "Channel": "Microsoft-Windows-CodeIntegrity/Operational", "Provider_Name": "Microsoft-Windows-CodeIntegrity", "Computer": "DESKTOP-OFJ6N53", "TimeCreated": "2025-08-19 07:20:55.632917+00:00", "RecordID": "64058", "Level": "4", "UserID": "S-1-5-20", "EventData.TotalSignatureCount": "1", "EventData.Signature": "0", "EventData.CacheState": "3", "EventData.Hash Size": "32", "EventData.Hash": "qps+fWu+CD7Q37Kz8DjLhW8i/1DEbIglp+VDSfhr9Ek=", "EventData.PageHash": "False", "EventData.SignatureType": "1", "EventData.ValidatedSigningLevel": "1", "EventData.VerificationError": "7", "EventData.Flags": "0", "EventData.PolicyBits": "16", "EventData.NotValidBefore": "2021-11-25 00:00:00+00:00", "EventData.NotValidAfter": "2024-11-26 23:59:59+00:00", "EventData.PublisherNameLength": "38", "EventData.PublisherName": "Check Point Software Technologies Ltd.", "EventData.IssuerNameLength": "56", "EventData.IssuerName": "DigiCert Trusted G4 Code Signing RSA4096 SHA384 2021 CA1", "EventData.PublisherTBSHashSize": "32", "EventData.PublisherTBSHash": "aeokk3X8u2s48cIvxo9aqgxd7+LpYGKnClb/S0kxF78=", "EventData.IssuerTBSHashSize": "48", "EventData.IssuerTBSHash": "ZbHUB2qJric/V+bu7eyz6uEptBaPdvp2cZFM30YdVCJVxZ2bhbkWrgym/A/Peo5k", "EventData.OPUSInfoLength": "4", "EventData.OPUSInfo": "None", "EventData.EKUsSize": "10", "EventData.EKUs": "AQgrBgEFBQcDAw==", "EventData.KnownRoot": "1"}
{"EventID": "3084", "Channel": "Microsoft-Windows-CodeIntegrity/Operational", "Provider_Name": "Microsoft-Windows-CodeIntegrity", "Computer": "DESKTOP-OFJ6N53", "TimeCreated": "2025-08-19 07:44:12.301411+00:00", "RecordID": "64059", "Level": "4", "UserID": "S-1-5-18", "EventData.Settings": "0x00000000", "EventData.Exemption": "1"}
{"EventID": "3099", "Channel": "Microsoft-Windows-CodeIntegrity/Operational", "Provider_Name": "Microsoft-Windows-CodeIntegrity", "Computer": "DESKTOP-OFJ6N53", "TimeCreated": "2025-08-19 07:44:12.301981+00:00", "RecordID": "64060", "Level": "4", "UserID": "S-1-5-18", "EventData.PolicyNameLength": "54", "EventData.PolicyNameBuffer": "Microsoft Windows Virtualization Based Security Policy", "EventData.PolicyIdLength": "12", "EventData.PolicyIdBuffer": "10.0.27885.0", "EventData.PolicyGUID": "{a072029f-588b-4b5e-b7f9-05aad67df687}", "EventData.Status": "0x00000000", "EventData.Options": "0x90800000", "EventData.PolicyHashSize": "32", "EventData.PolicyHash": "DZqeJrkgFGGxE8WEXKQ0qukI0rNtG06GP91Qsp/7bAU=", "EventData.OptionsV2": "0x00000000"}
{"EventID": "3116", "Channel": "Microsoft-Windows-CodeIntegrity/Operational", "Provider_Name": "Microsoft-Windows-CodeIntegrity", "Computer": "DESKTOP-OFJ6N53", "TimeCreated": "2025-08-19 07:44:12.303242+00:00", "RecordID": "64061", "Level": "4", "UserID": "S-1-5-18", "EventData.PolicyGUID": "{a072029f-588b-4b5e-b7f9-05aad67df687}", "EventData.PublisherNameLength": "17", "EventData.PublisherName": "Microsoft Windows", "EventData.IssuerNameLength": "37", "EventData.IssuerName": "Microsoft Windows Production PCA 2011", "EventData.PublisherTBSHashSize": "32", "EventData.PublisherTBSHash": "vpPXtWzfvTF88p2+VCQM5ejPUser4ocwszVYNT/7jU0=", "EventData.IssuerTBSHashSize": "32", "EventData.IssuerTBSHash": "ToC+EHyGDeiWOEs+/1BQTcLXascVHfMQKkRQY3oDIUY=", "EventData.EKUsSize": "21", "EventData.EKUs": "AgorBgEEAYI3CgMGCCsGAQUFBwMD", "EventData.KnownRoot": "6"}
{"EventID": "3084", "Channel": "Microsoft-Windows-CodeIntegrity/Operational", "Provider_Name": "Microsoft-Windows-CodeIntegrity", "Computer": "DESKTOP-OFJ6N53", "TimeCreated": "2025-08-22 12:58:08.822605+00:00", "RecordID": "64062", "Level": "4", "UserID": "S-1-5-18", "EventData.Settings": "0x00000000", "EventData.Exemption": "1"}
{"EventID": "3099", "Channel": "Microsoft-Windows-CodeIntegrity/Operational", "Provider_Name": "Microsoft-Windows-CodeIntegrity", "Computer": "DESKTOP-OFJ6N53", "TimeCreated": "2025-08-22 12:58:08.823078+00:00", "RecordID": "64063", "Level": "4", "UserID": "S-1-5-18", "EventData.PolicyNameLength": "54", "EventData.PolicyNameBuffer": "Microsoft Windows Virtualization Based Security Policy", "EventData.PolicyIdLength": "12", "EventData.PolicyIdBuffer": "10.0.27885.0", "EventData.PolicyGUID": "{a072029f-588b-4b5e-b7f9-05aad67df687}", "EventData.Status": "0x00000000", "EventData.Options": "0x90800000", "EventData.PolicyHashSize": "32", "EventData.PolicyHash": "DZqeJrkgFGGxE8WEXKQ0qukI0rNtG06GP91Qsp/7bAU=", "EventData.OptionsV2": "0x00000000"}
{"EventID": "3116", "Channel": "Microsoft-Windows-CodeIntegrity/Operational", "Provider_Name": "Microsoft-Windows-CodeIntegrity", "Computer": "DESKTOP-OFJ6N53", "TimeCreated": "2025-08-22 12:58:08.823978+00:00", "RecordID": "64064", "Level": "4", "UserID": "S-1-5-18", "EventData.PolicyGUID": "{a072029f-588b-4b5e-b7f9-05aad67df687}", "EventData.PublisherNameLength": "17", "EventData.PublisherName": "Microsoft Windows", "EventData.IssuerNameLength": "37", "EventData.IssuerName": "Microsoft Windows Production PCA 2011", "EventData.PublisherTBSHashSize": "32", "EventData.PublisherTBSHash": "vpPXtWzfvTF88p2+VCQM5ejPUser4ocwszVYNT/7jU0=", "EventData.IssuerTBSHashSize": "32", "EventData.IssuerTBSHash": "ToC+EHyGDeiWOEs+/1BQTcLXascVHfMQKkRQY3oDIUY=", "EventData.EKUsSize": "21", "EventData.EKUs": "AgorBgEEAYI3CgMGCCsGAQUFBwMD", "EventData.KnownRoot": "6"}
{"EventID": "3002", "Channel": "Microsoft-Windows-CodeIntegrity/Operational", "Provider_Name": "Microsoft-Windows-CodeIntegrity", "Computer": "DESKTOP-OFJ6N53", "TimeCreated": "2025-08-23 13:10:16.340843+00:00", "RecordID": "64065", "Level": "2", "UserID": "S-1-5-18", "EventData.FileNameLength": "50", "EventData.FileNameBuffer": "\\Device\\HarddiskVolume3\\Windows\\System32\\aepic.dll", "EventData.SecureRequired": "0x00000002", "EventData.RequestedSigningLevel": "12", "EventData.ProcessNameLength": "59", "EventData.ProcessNameBuffer": "\\Device\\HarddiskVolume3\\Windows\\System32\\WerFaultSecure.exe"}
{"EventID": "3089", "Channel": "Microsoft-Windows-CodeIntegrity/Operational", "Provider_Name": "Microsoft-Windows-CodeIntegrity", "Computer": "DESKTOP-OFJ6N53", "TimeCreated": "2025-08-23 13:10:16.340845+00:00", "RecordID": "64066", "Level": "4", "UserID": "S-1-5-18", "EventData.TotalSignatureCount": "0", "EventData.Signature": "0", "EventData.CacheState": "0", "EventData.Hash Size": "32", "EventData.Hash": "l1P4kOhjn5mBjk29NYzdKXCUCkjkHLpxDzjP5p5pYxI=", "EventData.PageHash": "True", "EventData.SignatureType": "0", "EventData.ValidatedSigningLevel": "0", "EventData.VerificationError": "0", "EventData.Flags": "8", "EventData.PolicyBits": "0", "EventData.NotValidBefore": "0001-01-01 00:00:00", "EventData.NotValidAfter": "0001-01-01 00:00:00", "EventData.PublisherNameLength": "7", "EventData.PublisherName": "Unknown", "EventData.IssuerNameLength": "7", "EventData.IssuerName": "Unknown", "EventData.PublisherTBSHashSize": "0", "EventData.PublisherTBSHash": null, "EventData.IssuerTBSHashSize": "0", "EventData.IssuerTBSHash": null, "EventData.OPUSInfoLength": "4", "EventData.OPUSInfo": "None", "EventData.EKUsSize": "0", "EventData.EKUs": null, "EventData.KnownRoot": "0"}
{"EventID": "3002", "Channel": "Microsoft-Windows-CodeIntegrity/Operational", "Provider_Name": "Microsoft-Windows-CodeIntegrity", "Computer": "DESKTOP-OFJ6N53", "TimeCreated": "2025-08-23 13:10:16.378466+00:00", "RecordID": "64067", "Level": "2", "UserID": "S-1-5-18", "EventData.FileNameLength": "50", "EventData.FileNameBuffer": "\\Device\\HarddiskVolume3\\Windows\\System32\\aepic.dll", "EventData.SecureRequired": "0x00000002", "EventData.RequestedSigningLevel": "12", "EventData.ProcessNameLength": "59", "EventData.ProcessNameBuffer": "\\Device\\HarddiskVolume3\\Windows\\System32\\WerFaultSecure.exe"}
{"EventID": "3089", "Channel": "Microsoft-Windows-CodeIntegrity/Operational", "Provider_Name": "Microsoft-Windows-CodeIntegrity", "Computer": "DESKTOP-OFJ6N53", "TimeCreated": "2025-08-23 13:10:16.378469+00:00", "RecordID": "64068", "Level": "4", "UserID": "S-1-5-18", "EventData.TotalSignatureCount": "0", "EventData.Signature": "0", "EventData.CacheState": "0", "EventData.Hash Size": "32", "EventData.Hash": "l1P4kOhjn5mBjk29NYzdKXCUCkjkHLpxDzjP5p5pYxI=", "EventData.PageHash": "True", "EventData.SignatureType": "0", "EventData.ValidatedSigningLevel": "0", "EventData.VerificationError": "0", "EventData.Flags": "8", "EventData.PolicyBits": "0", "EventData.NotValidBefore": "0001-01-01 00:00:00", "EventData.NotValidAfter": "0001-01-01 00:00:00", "EventData.PublisherNameLength": "7", "EventData.PublisherName": "Unknown", "EventData.IssuerNameLength": "7", "EventData.IssuerName": "Unknown", "EventData.PublisherTBSHashSize": "0", "EventData.PublisherTBSHash": null, "EventData.IssuerTBSHashSize": "0", "EventData.IssuerTBSHash": null, "EventData.OPUSInfoLength": "4", "EventData.OPUSInfo": "None", "EventData.EKUsSize": "0", "EventData.EKUs": null, "EventData.KnownRoot": "0"}
{"EventID": "3002", "Channel": "Microsoft-Windows-CodeIntegrity/Operational", "Provider_Name": "Microsoft-Windows-CodeIntegrity", "Computer": "DESKTOP-OFJ6N53", "TimeCreated": "2025-08-23 13:10:18.197994+00:00", "RecordID": "64069", "Level": "2", "UserID": "S-1-5-18", "EventData.FileNameLength": "49", "EventData.FileNameBuffer": "\\Device\\HarddiskVolume3\\Windows\\System32\\fcon.dll", "EventData.SecureRequired": "0x00000002", "EventData.RequestedSigningLevel": "12", "EventData.ProcessNameLength": "59", "EventData.ProcessNameBuffer": "\\Device\\HarddiskVolume3\\Windows\\System32\\WerFaultSecure.exe"}
{"EventID": "3089", "Channel": "Microsoft-Windows-CodeIntegrity/Operational", "Provider_Name": "Microsoft-Windows-CodeIntegrity", "Computer": "DESKTOP-OFJ6N53", "TimeCreated": "2025-08-23 13:10:18.197998+00:00", "RecordID": "64070", "Level": "4", "UserID": "S-1-5-18", "EventData.TotalSignatureCount": "0", "EventData.Signature": "0", "EventData.CacheState": "0", "EventData.Hash Size": "32", "EventData.Hash": "zQtUNbw+gljLxpi74BoLT8PwV+Ti5Ltl3JeOO4Nb8vg=", "EventData.PageHash": "True", "EventData.SignatureType": "0", "EventData.ValidatedSigningLevel": "0", "EventData.VerificationError": "0", "EventData.Flags": "8", "EventData.PolicyBits": "0", "EventData.NotValidBefore": "0001-01-01 00:00:00", "EventData.NotValidAfter": "0001-01-01 00:00:00", "EventData.PublisherNameLength": "7", "EventData.PublisherName": "Unknown", "EventData.IssuerNameLength": "7", "EventData.IssuerName": "Unknown", "EventData.PublisherTBSHashSize": "0", "EventData.PublisherTBSHash": null, "EventData.IssuerTBSHashSize": "0", "EventData.IssuerTBSHash": null, "EventData.OPUSInfoLength": "4", "EventData.OPUSInfo": "None", "EventData.EKUsSize": "0", "EventData.EKUs": null, "EventData.KnownRoot": "0"}
{"EventID": "3002", "Channel": "Microsoft-Windows-CodeIntegrity/Operational", "Provider_Name": "Microsoft-Windows-CodeIntegrity", "Computer": "DESKTOP-OFJ6N53", "TimeCreated": "2025-08-23 13:10:19.200983+00:00", "RecordID": "64071", "Level": "2", "UserID": "S-1-5-18", "EventData.FileNameLength": "49", "EventData.FileNameBuffer": "\\Device\\HarddiskVolume3\\Windows\\System32\\fcon.dll", "EventData.SecureRequired": "0x00000002", "EventData.RequestedSigningLevel": "12", "EventData.ProcessNameLength": "59", "EventData.ProcessNameBuffer": "\\Device\\HarddiskVolume3\\Windows\\System32\\WerFaultSecure.exe"}
