{"EventID": "1026", "Channel": "Microsoft-Windows-TerminalServices-RDPClient/Operational", "Provider_Name": "Microsoft-Windows-TerminalServices-ClientActiveXCore", "Computer": "DESKTOP-OFJ6N53", "TimeCreated": "2025-01-22 22:00:20.962805+00:00", "RecordID": "24056", "Level": "4", "UserID": "S-1-5-21-963789628-1060504924-4285088085-1001", "EventData.Name": "Disconnect Reason", "EventData.Value": "2308", "EventData.CustomLevel": "Info"}
{"EventID": "1105", "Channel": "Microsoft-Windows-TerminalServices-RDPClient/Operational", "Provider_Name": "Microsoft-Windows-TerminalServices-ClientActiveXCore", "Computer": "DESKTOP-OFJ6N53", "TimeCreated": "2025-01-22 22:00:46.975033+00:00", "RecordID": "24057", "Level": "4", "UserID": "S-1-5-21-963789628-1060504924-4285088085-1001"}
{"EventID": "226", "Channel": "Microsoft-Windows-TerminalServices-RDPClient/Operational", "Provider_Name": "Microsoft-Windows-TerminalServices-ClientActiveXCore", "Computer": "DESKTOP-OFJ6N53", "TimeCreated": "2025-01-22 22:00:46.975037+00:00", "RecordID": "24058", "Level": "3", "UserID": "S-1-5-21-963789628-1060504924-4285088085-1001", "EventData.StateTransitionName": "RDPClient_TCP", "EventData.PreviousState": "1", "EventData.PreviousStateName": "TcpStateConnectingTransport", "EventData.NewState": "12", "EventData.NewStateName": "TcpStateDisconnected", "EventData.Event": "2", "EventData.EventName": "TcpEventConnectionTimeout", "EventData.Error Code": "2147500036"}
{"EventID": "1026", "Channel": "Microsoft-Windows-TerminalServices-RDPClient/Operational", "Provider_Name": "Microsoft-Windows-TerminalServices-ClientActiveXCore", "Computer": "DESKTOP-OFJ6N53", "TimeCreated": "2025-01-22 22:00:46.975136+00:00", "RecordID": "24059", "Level": "4", "UserID": "S-1-5-21-963789628-1060504924-4285088085-1001", "EventData.Name": "Disconnect Reason", "EventData.Value": "516", "EventData.CustomLevel": "Info"}
{"EventID": "1105", "Channel": "Microsoft-Windows-TerminalServices-RDPClient/Operational", "Provider_Name": "Microsoft-Windows-TerminalServices-ClientActiveXCore", "Computer": "DESKTOP-OFJ6N53", "TimeCreated": "2025-01-22 22:01:07.177971+00:00", "RecordID": "24060", "Level": "4", "UserID": "S-1-5-21-963789628-1060504924-4285088085-1001"}
{"EventID": "226", "Channel": "Microsoft-Windows-TerminalServices-RDPClient/Operational", "Provider_Name": "Microsoft-Windows-TerminalServices-ClientActiveXCore", "Computer": "DESKTOP-OFJ6N53", "TimeCreated": "2025-01-22 22:01:07.177975+00:00", "RecordID": "24061", "Level": "3", "UserID": "S-1-5-21-963789628-1060504924-4285088085-1001", "EventData.StateTransitionName": "RDPClient_TCP", "EventData.PreviousState": "1", "EventData.PreviousStateName": "TcpStateConnectingTransport", "EventData.NewState": "12", "EventData.NewStateName": "TcpStateDisconnected", "EventData.Event": "2", "EventData.EventName": "TcpEventConnectionTimeout", "EventData.Error Code": "2147500036"}
{"EventID": "1026", "Channel": "Microsoft-Windows-TerminalServices-RDPClient/Operational", "Provider_Name": "Microsoft-Windows-TerminalServices-ClientActiveXCore", "Computer": "DESKTOP-OFJ6N53", "TimeCreated": "2025-01-22 22:01:07.178064+00:00", "RecordID": "24062", "Level": "4", "UserID": "S-1-5-21-963789628-1060504924-4285088085-1001", "EventData.Name": "Disconnect Reason", "EventData.Value": "516", "EventData.CustomLevel": "Info"}
{"EventID": "1105", "Channel": "Microsoft-Windows-TerminalServices-RDPClient/Operational", "Provider_Name": "Microsoft-Windows-TerminalServices-ClientActiveXCore", "Computer": "DESKTOP-OFJ6N53", "TimeCreated": "2025-01-22 22:01:32.275101+00:00", "RecordID": "24063", "Level": "4", "UserID": "S-1-5-21-963789628-1060504924-4285088085-1001"}
{"EventID": "226", "Channel": "Microsoft-Windows-TerminalServices-RDPClient/Operational", "Provider_Name": "Microsoft-Windows-TerminalServices-ClientActiveXCore", "Computer": "DESKTOP-OFJ6N53", "TimeCreated": "2025-01-22 22:01:32.275103+00:00", "RecordID": "24064", "Level": "3", "UserID": "S-1-5-21-963789628-1060504924-4285088085-1001", "EventData.StateTransitionName": "RDPClient_TCP", "EventData.PreviousState": "1", "EventData.PreviousStateName": "TcpStateConnectingTransport", "EventData.NewState": "12", "EventData.NewStateName": "TcpStateDisconnected", "EventData.Event": "2", "EventData.EventName": "TcpEventConnectionTimeout", "EventData.Error Code": "2147500036"}
{"EventID": "1026", "Channel": "Microsoft-Windows-TerminalServices-RDPClient/Operational", "Provider_Name": "Microsoft-Windows-TerminalServices-ClientActiveXCore", "Computer": "DESKTOP-OFJ6N53", "TimeCreated": "2025-01-22 22:01:32.275240+00:00", "RecordID": "24065", "Level": "4", "UserID": "S-1-5-21-963789628-1060504924-4285088085-1001", "EventData.Name": "Disconnect Reason", "EventData.Value": "516", "EventData.CustomLevel": "Info"}
{"EventID": "1105", "Channel": "Microsoft-Windows-TerminalServices-RDPClient/Operational", "Provider_Name": "Microsoft-Windows-TerminalServices-ClientActiveXCore", "Computer": "DESKTOP-OFJ6N53", "TimeCreated": "2025-01-22 22:02:05.460165+00:00", "RecordID": "24066", "Level": "4", "UserID": "S-1-5-21-963789628-1060504924-4285088085-1001"}
{"EventID": "226", "Channel": "Microsoft-Windows-TerminalServices-RDPClient/Operational", "Provider_Name": "Microsoft-Windows-TerminalServices-ClientActiveXCore", "Computer": "DESKTOP-OFJ6N53", "TimeCreated": "2025-01-22 22:02:05.460171+00:00", "RecordID": "24067", "Level": "3", "UserID": "S-1-5-21-963789628-1060504924-4285088085-1001", "EventData.StateTransitionName": "RDPClient_TCP", "EventData.PreviousState": "1", "EventData.PreviousStateName": "TcpStateConnectingTransport", "EventData.NewState": "12", "EventData.NewStateName": "TcpStateDisconnected", "EventData.Event": "2", "EventData.EventName": "TcpEventConnectionTimeout", "EventData.Error Code": "2147500036"}
{"EventID": "1026", "Channel": "Microsoft-Windows-TerminalServices-RDPClient/Operational", "Provider_Name": "Microsoft-Windows-TerminalServices-ClientActiveXCore", "Computer": "DESKTOP-OFJ6N53", "TimeCreated": "2025-01-22 22:02:05.460276+00:00", "RecordID": "24068", "Level": "4", "UserID": "S-1-5-21-963789628-1060504924-4285088085-1001", "EventData.Name": "Disconnect Reason", "EventData.Value": "516", "EventData.CustomLevel": "Info"}
{"EventID": "1105", "Channel": "Microsoft-Windows-TerminalServices-RDPClient/Operational", "Provider_Name": "Microsoft-Windows-TerminalServices-ClientActiveXCore", "Computer": "DESKTOP-OFJ6N53", "TimeCreated": "2025-01-22 22:02:57.928040+00:00", "RecordID": "24069", "Level": "4", "UserID": "S-1-5-21-963789628-1060504924-4285088085-1001"}
{"EventID": "226", "Channel": "Microsoft-Windows-TerminalServices-RDPClient/Operational", "Provider_Name": "Microsoft-Windows-TerminalServices-ClientActiveXCore", "Computer": "DESKTOP-OFJ6N53", "TimeCreated": "2025-01-22 22:02:57.928043+00:00", "RecordID": "24070", "Level": "3", "UserID": "S-1-5-21-963789628-1060504924-4285088085-1001", "EventData.StateTransitionName": "RDPClient_TCP", "EventData.PreviousState": "1", "EventData.PreviousStateName": "TcpStateConnectingTransport", "EventData.NewState": "12", "EventData.NewStateName": "TcpStateDisconnected", "EventData.Event": "2", "EventData.EventName": "TcpEventConnectionTimeout", "EventData.Error Code": "2147500036"}
{"EventID": "1026", "Channel": "Microsoft-Windows-TerminalServices-RDPClient/Operational", "Provider_Name": "Microsoft-Windows-TerminalServices-ClientActiveXCore", "Computer": "DESKTOP-OFJ6N53", "TimeCreated": "2025-01-22 22:02:57.928143+00:00", "RecordID": "24071", "Level": "4", "UserID": "S-1-5-21-963789628-1060504924-4285088085-1001", "EventData.Name": "Disconnect Reason", "EventData.Value": "516", "EventData.CustomLevel": "Info"}
{"EventID": "1024", "Channel": "Microsoft-Windows-TerminalServices-RDPClient/Operational", "Provider_Name": "Microsoft-Windows-TerminalServices-ClientActiveXCore", "Computer": "DESKTOP-OFJ6N53", "TimeCreated": "2025-01-29 14:08:33.593237+00:00", "RecordID": "24072", "Level": "4", "UserID": "S-1-5-21-963789628-1060504924-4285088085-1001", "EventData.Name": "Server Name", "EventData.Value": "192.168.52.12", "EventData.CustomLevel": "Info"}
{"EventID": "1028", "Channel": "Microsoft-Windows-TerminalServices-RDPClient/Operational", "Provider_Name": "Microsoft-Windows-TerminalServices-ClientActiveXCore", "Computer": "DESKTOP-OFJ6N53", "TimeCreated": "2025-01-29 14:08:33.667267+00:00", "RecordID": "24073", "Level": "4", "UserID": "S-1-5-21-963789628-1060504924-4285088085-1001", "EventData.TraceMessage": "supported"}
{"EventID": "1029", "Channel": "Microsoft-Windows-TerminalServices-RDPClient/Operational", "Provider_Name": "Microsoft-Windows-TerminalServices-ClientActiveXCore", "Computer": "DESKTOP-OFJ6N53", "TimeCreated": "2025-01-29 14:08:40.394651+00:00", "RecordID": "24074", "Level": "4", "UserID": "S-1-5-21-963789628-1060504924-4285088085-1001", "EventData.TraceMessage": "1mSMIKgfMkNWQQKduFtpkhTDs6dmNHhOV+la2IeE6aE=-"}
{"EventID": "226", "Channel": "Microsoft-Windows-TerminalServices-RDPClient/Operational", "Provider_Name": "Microsoft-Windows-TerminalServices-ClientActiveXCore", "Computer": "DESKTOP-OFJ6N53", "TimeCreated": "2025-01-29 14:08:40.583208+00:00", "RecordID": "24075", "Level": "3", "UserID": "S-1-5-21-963789628-1060504924-4285088085-1001", "EventData.StateTransitionName": "RDPClient_SSL", "EventData.PreviousState": "3", "EventData.PreviousStateName": "TsSslStateHandshakeInProgress", "EventData.NewState": "10", "EventData.NewStateName": "TsSslStateDisconnecting", "EventData.Event": "8", "EventData.EventName": "TsSslEventHandshakeContinueFailed", "EventData.Error Code": "2147500037"}
{"EventID": "1105", "Channel": "Microsoft-Windows-TerminalServices-RDPClient/Operational", "Provider_Name": "Microsoft-Windows-TerminalServices-ClientActiveXCore", "Computer": "DESKTOP-OFJ6N53", "TimeCreated": "2025-01-29 14:08:40.583561+00:00", "RecordID": "24076", "Level": "4", "UserID": "S-1-5-21-963789628-1060504924-4285088085-1001"}
{"EventID": "1026", "Channel": "Microsoft-Windows-TerminalServices-RDPClient/Operational", "Provider_Name": "Microsoft-Windows-TerminalServices-ClientActiveXCore", "Computer": "DESKTOP-OFJ6N53", "TimeCreated": "2025-01-29 14:08:40.583782+00:00", "RecordID": "24077", "Level": "4", "UserID": "S-1-5-21-963789628-1060504924-4285088085-1001", "EventData.Name": "Disconnect Reason", "EventData.Value": "519", "EventData.CustomLevel": "Info"}
{"EventID": "1028", "Channel": "Microsoft-Windows-TerminalServices-RDPClient/Operational", "Provider_Name": "Microsoft-Windows-TerminalServices-ClientActiveXCore", "Computer": "DESKTOP-OFJ6N53", "TimeCreated": "2025-01-29 14:08:40.786243+00:00", "RecordID": "24078", "Level": "4", "UserID": "S-1-5-21-963789628-1060504924-4285088085-1001", "EventData.TraceMessage": "supported"}
{"EventID": "1029", "Channel": "Microsoft-Windows-TerminalServices-RDPClient/Operational", "Provider_Name": "Microsoft-Windows-TerminalServices-ClientActiveXCore", "Computer": "DESKTOP-OFJ6N53", "TimeCreated": "2025-01-29 14:08:40.787287+00:00", "RecordID": "24079", "Level": "4", "UserID": "S-1-5-21-963789628-1060504924-4285088085-1001", "EventData.TraceMessage": "1mSMIKgfMkNWQQKduFtpkhTDs6dmNHhOV+la2IeE6aE=-"}
{"EventID": "226", "Channel": "Microsoft-Windows-TerminalServices-RDPClient/Operational", "Provider_Name": "Microsoft-Windows-TerminalServices-ClientActiveXCore", "Computer": "DESKTOP-OFJ6N53", "TimeCreated": "2025-01-29 14:08:40.806284+00:00", "RecordID": "24080", "Level": "3", "UserID": "S-1-5-21-963789628-1060504924-4285088085-1001", "EventData.StateTransitionName": "RDPClient_SSL", "EventData.PreviousState": "3", "EventData.PreviousStateName": "TsSslStateHandshakeInProgress", "EventData.NewState": "10", "EventData.NewStateName": "TsSslStateDisconnecting", "EventData.Event": "9", "EventData.EventName": "TsSslEventHandshakeInProgressFailed", "EventData.Error Code": "2147500037"}
{"EventID": "1105", "Channel": "Microsoft-Windows-TerminalServices-RDPClient/Operational", "Provider_Name": "Microsoft-Windows-TerminalServices-ClientActiveXCore", "Computer": "DESKTOP-OFJ6N53", "TimeCreated": "2025-01-29 14:08:40.806700+00:00", "RecordID": "24081", "Level": "4", "UserID": "S-1-5-21-963789628-1060504924-4285088085-1001"}
{"EventID": "1026", "Channel": "Microsoft-Windows-TerminalServices-RDPClient/Operational", "Provider_Name": "Microsoft-Windows-TerminalServices-ClientActiveXCore", "Computer": "DESKTOP-OFJ6N53", "TimeCreated": "2025-01-29 14:08:42.092033+00:00", "RecordID": "24082", "Level": "4", "UserID": "S-1-5-21-963789628-1060504924-4285088085-1001", "EventData.Name": "Disconnect Reason", "EventData.Value": "263", "EventData.CustomLevel": "Info"}
{"EventID": "1028", "Channel": "Microsoft-Windows-TerminalServices-RDPClient/Operational", "Provider_Name": "Microsoft-Windows-TerminalServices-ClientActiveXCore", "Computer": "DESKTOP-OFJ6N53", "TimeCreated": "2025-01-29 14:08:42.106899+00:00", "RecordID": "24083", "Level": "4", "UserID": "S-1-5-21-963789628-1060504924-4285088085-1001", "EventData.TraceMessage": "supported"}
{"EventID": "1029", "Channel": "Microsoft-Windows-TerminalServices-RDPClient/Operational", "Provider_Name": "Microsoft-Windows-TerminalServices-ClientActiveXCore", "Computer": "DESKTOP-OFJ6N53", "TimeCreated": "2025-01-29 14:08:42.107971+00:00", "RecordID": "24084", "Level": "4", "UserID": "S-1-5-21-963789628-1060504924-4285088085-1001", "EventData.TraceMessage": "1mSMIKgfMkNWQQKduFtpkhTDs6dmNHhOV+la2IeE6aE=-"}
{"EventID": "1025", "Channel": "Microsoft-Windows-TerminalServices-RDPClient/Operational", "Provider_Name": "Microsoft-Windows-TerminalServices-ClientActiveXCore", "Computer": "DESKTOP-OFJ6N53", "TimeCreated": "2025-01-29 14:08:43.694757+00:00", "RecordID": "24085", "Level": "4", "UserID": "S-1-5-21-963789628-1060504924-4285088085-1001"}
{"EventID": "1105", "Channel": "Microsoft-Windows-TerminalServices-RDPClient/Operational", "Provider_Name": "Microsoft-Windows-TerminalServices-ClientActiveXCore", "Computer": "DESKTOP-OFJ6N53", "TimeCreated": "2025-01-29 14:09:15.712906+00:00", "RecordID": "24086", "Level": "4", "UserID": "S-1-5-21-963789628-1060504924-4285088085-1001"}
{"EventID": "226", "Channel": "Microsoft-Windows-TerminalServices-RDPClient/Operational", "Provider_Name": "Microsoft-Windows-TerminalServices-ClientActiveXCore", "Computer": "DESKTOP-OFJ6N53", "TimeCreated": "2025-01-29 14:09:15.712917+00:00", "RecordID": "24087", "Level": "3", "UserID": "S-1-5-21-963789628-1060504924-4285088085-1001", "EventData.StateTransitionName": "RDPClient_SSL", "EventData.PreviousState": "0", "EventData.PreviousStateName": "TsSslStateDisconnected", "EventData.NewState": "0", "EventData.NewStateName": "TsSslStateDisconnected", "EventData.Event": "25", "EventData.EventName": "TsSslEventInvalidState", "EventData.Error Code": "2147549183"}
{"EventID": "1026", "Channel": "Microsoft-Windows-TerminalServices-RDPClient/Operational", "Provider_Name": "Microsoft-Windows-TerminalServices-ClientActiveXCore", "Computer": "DESKTOP-OFJ6N53", "TimeCreated": "2025-01-29 14:09:15.713083+00:00", "RecordID": "24088", "Level": "4", "UserID": "S-1-5-21-963789628-1060504924-4285088085-1001", "EventData.Name": "Disconnect Reason", "EventData.Value": "2", "EventData.CustomLevel": "Info"}
{"EventID": "1024", "Channel": "Microsoft-Windows-TerminalServices-RDPClient/Operational", "Provider_Name": "Microsoft-Windows-TerminalServices-ClientActiveXCore", "Computer": "DESKTOP-OFJ6N53", "TimeCreated": "2025-01-29 14:10:13.215593+00:00", "RecordID": "24089", "Level": "4", "UserID": "S-1-5-21-963789628-1060504924-4285088085-1001", "EventData.Name": "Server Name", "EventData.Value": "192.168.52.12", "EventData.CustomLevel": "Info"}
{"EventID": "1028", "Channel": "Microsoft-Windows-TerminalServices-RDPClient/Operational", "Provider_Name": "Microsoft-Windows-TerminalServices-ClientActiveXCore", "Computer": "DESKTOP-OFJ6N53", "TimeCreated": "2025-01-29 14:10:13.251808+00:00", "RecordID": "24090", "Level": "4", "UserID": "S-1-5-21-963789628-1060504924-4285088085-1001", "EventData.TraceMessage": "supported"}
{"EventID": "1029", "Channel": "Microsoft-Windows-TerminalServices-RDPClient/Operational", "Provider_Name": "Microsoft-Windows-TerminalServices-ClientActiveXCore", "Computer": "DESKTOP-OFJ6N53", "TimeCreated": "2025-01-29 14:10:17.703918+00:00", "RecordID": "24091", "Level": "4", "UserID": "S-1-5-21-963789628-1060504924-4285088085-1001", "EventData.TraceMessage": "1mSMIKgfMkNWQQKduFtpkhTDs6dmNHhOV+la2IeE6aE=-"}
{"EventID": "226", "Channel": "Microsoft-Windows-TerminalServices-RDPClient/Operational", "Provider_Name": "Microsoft-Windows-TerminalServices-ClientActiveXCore", "Computer": "DESKTOP-OFJ6N53", "TimeCreated": "2025-01-29 14:10:17.727116+00:00", "RecordID": "24092", "Level": "3", "UserID": "S-1-5-21-963789628-1060504924-4285088085-1001", "EventData.StateTransitionName": "RDPClient_SSL", "EventData.PreviousState": "3", "EventData.PreviousStateName": "TsSslStateHandshakeInProgress", "EventData.NewState": "10", "EventData.NewStateName": "TsSslStateDisconnecting", "EventData.Event": "8", "EventData.EventName": "TsSslEventHandshakeContinueFailed", "EventData.Error Code": "2147500037"}
{"EventID": "1105", "Channel": "Microsoft-Windows-TerminalServices-RDPClient/Operational", "Provider_Name": "Microsoft-Windows-TerminalServices-ClientActiveXCore", "Computer": "DESKTOP-OFJ6N53", "TimeCreated": "2025-01-29 14:10:17.727463+00:00", "RecordID": "24093", "Level": "4", "UserID": "S-1-5-21-963789628-1060504924-4285088085-1001"}
{"EventID": "1026", "Channel": "Microsoft-Windows-TerminalServices-RDPClient/Operational", "Provider_Name": "Microsoft-Windows-TerminalServices-ClientActiveXCore", "Computer": "DESKTOP-OFJ6N53", "TimeCreated": "2025-01-29 14:10:17.727640+00:00", "RecordID": "24094", "Level": "4", "UserID": "S-1-5-21-963789628-1060504924-4285088085-1001", "EventData.Name": "Disconnect Reason", "EventData.Value": "519", "EventData.CustomLevel": "Info"}
{"EventID": "1028", "Channel": "Microsoft-Windows-TerminalServices-RDPClient/Operational", "Provider_Name": "Microsoft-Windows-TerminalServices-ClientActiveXCore", "Computer": "DESKTOP-OFJ6N53", "TimeCreated": "2025-01-29 14:10:17.740049+00:00", "RecordID": "24095", "Level": "4", "UserID": "S-1-5-21-963789628-1060504924-4285088085-1001", "EventData.TraceMessage": "supported"}
{"EventID": "1029", "Channel": "Microsoft-Windows-TerminalServices-RDPClient/Operational", "Provider_Name": "Microsoft-Windows-TerminalServices-ClientActiveXCore", "Computer": "DESKTOP-OFJ6N53", "TimeCreated": "2025-01-29 14:10:17.740534+00:00", "RecordID": "24096", "Level": "4", "UserID": "S-1-5-21-963789628-1060504924-4285088085-1001", "EventData.TraceMessage": "1mSMIKgfMkNWQQKduFtpkhTDs6dmNHhOV+la2IeE6aE=-"}
{"EventID": "226", "Channel": "Microsoft-Windows-TerminalServices-RDPClient/Operational", "Provider_Name": "Microsoft-Windows-TerminalServices-ClientActiveXCore", "Computer": "DESKTOP-OFJ6N53", "TimeCreated": "2025-01-29 14:10:17.753166+00:00", "RecordID": "24097", "Level": "3", "UserID": "S-1-5-21-963789628-1060504924-4285088085-1001", "EventData.StateTransitionName": "RDPClient_SSL", "EventData.PreviousState": "3", "EventData.PreviousStateName": "TsSslStateHandshakeInProgress", "EventData.NewState": "10", "EventData.NewStateName": "TsSslStateDisconnecting", "EventData.Event": "9", "EventData.EventName": "TsSslEventHandshakeInProgressFailed", "EventData.Error Code": "2147500037"}
{"EventID": "1105", "Channel": "Microsoft-Windows-TerminalServices-RDPClient/Operational", "Provider_Name": "Microsoft-Windows-TerminalServices-ClientActiveXCore", "Computer": "DESKTOP-OFJ6N53", "TimeCreated": "2025-01-29 14:10:17.753437+00:00", "RecordID": "24098", "Level": "4", "UserID": "S-1-5-21-963789628-1060504924-4285088085-1001"}
{"EventID": "1026", "Channel": "Microsoft-Windows-TerminalServices-RDPClient/Operational", "Provider_Name": "Microsoft-Windows-TerminalServices-ClientActiveXCore", "Computer": "DESKTOP-OFJ6N53", "TimeCreated": "2025-01-29 14:10:18.434145+00:00", "RecordID": "24099", "Level": "4", "UserID": "S-1-5-21-963789628-1060504924-4285088085-1001", "EventData.Name": "Disconnect Reason", "EventData.Value": "263", "EventData.CustomLevel": "Info"}
{"EventID": "1028", "Channel": "Microsoft-Windows-TerminalServices-RDPClient/Operational", "Provider_Name": "Microsoft-Windows-TerminalServices-ClientActiveXCore", "Computer": "DESKTOP-OFJ6N53", "TimeCreated": "2025-01-29 14:10:18.448706+00:00", "RecordID": "24100", "Level": "4", "UserID": "S-1-5-21-963789628-1060504924-4285088085-1001", "EventData.TraceMessage": "supported"}
{"EventID": "1029", "Channel": "Microsoft-Windows-TerminalServices-RDPClient/Operational", "Provider_Name": "Microsoft-Windows-TerminalServices-ClientActiveXCore", "Computer": "DESKTOP-OFJ6N53", "TimeCreated": "2025-01-29 14:10:18.449251+00:00", "RecordID": "24101", "Level": "4", "UserID": "S-1-5-21-963789628-1060504924-4285088085-1001", "EventData.TraceMessage": "1mSMIKgfMkNWQQKduFtpkhTDs6dmNHhOV+la2IeE6aE=-"}
{"EventID": "1025", "Channel": "Microsoft-Windows-TerminalServices-RDPClient/Operational", "Provider_Name": "Microsoft-Windows-TerminalServices-ClientActiveXCore", "Computer": "DESKTOP-OFJ6N53", "TimeCreated": "2025-01-29 14:10:18.714909+00:00", "RecordID": "24102", "Level": "4", "UserID": "S-1-5-21-963789628-1060504924-4285088085-1001"}
{"EventID": "1105", "Channel": "Microsoft-Windows-TerminalServices-RDPClient/Operational", "Provider_Name": "Microsoft-Windows-TerminalServices-ClientActiveXCore", "Computer": "DESKTOP-OFJ6N53", "TimeCreated": "2025-01-29 14:10:57.392633+00:00", "RecordID": "24103", "Level": "4", "UserID": "S-1-5-21-963789628-1060504924-4285088085-1001"}
{"EventID": "226", "Channel": "Microsoft-Windows-TerminalServices-RDPClient/Operational", "Provider_Name": "Microsoft-Windows-TerminalServices-ClientActiveXCore", "Computer": "DESKTOP-OFJ6N53", "TimeCreated": "2025-01-29 14:10:57.392645+00:00", "RecordID": "24104", "Level": "3", "UserID": "S-1-5-21-963789628-1060504924-4285088085-1001", "EventData.StateTransitionName": "RDPClient_SSL", "EventData.PreviousState": "0", "EventData.PreviousStateName": "TsSslStateDisconnected", "EventData.NewState": "0", "EventData.NewStateName": "TsSslStateDisconnected", "EventData.Event": "25", "EventData.EventName": "TsSslEventInvalidState", "EventData.Error Code": "2147549183"}
{"EventID": "1026", "Channel": "Microsoft-Windows-TerminalServices-RDPClient/Operational", "Provider_Name": "Microsoft-Windows-TerminalServices-ClientActiveXCore", "Computer": "DESKTOP-OFJ6N53", "TimeCreated": "2025-01-29 14:10:57.392754+00:00", "RecordID": "24105", "Level": "4", "UserID": "S-1-5-21-963789628-1060504924-4285088085-1001", "EventData.Name": "Disconnect Reason", "EventData.Value": "2", "EventData.CustomLevel": "Info"}
{"EventID": "1024", "Channel": "Microsoft-Windows-TerminalServices-RDPClient/Operational", "Provider_Name": "Microsoft-Windows-TerminalServices-ClientActiveXCore", "Computer": "DESKTOP-OFJ6N53", "TimeCreated": "2025-01-29 14:16:02.913368+00:00", "RecordID": "24106", "Level": "4", "UserID": "S-1-5-21-963789628-1060504924-4285088085-1001", "EventData.Name": "Server Name", "EventData.Value": "192.168.52.12", "EventData.CustomLevel": "Info"}
{"EventID": "1028", "Channel": "Microsoft-Windows-TerminalServices-RDPClient/Operational", "Provider_Name": "Microsoft-Windows-TerminalServices-ClientActiveXCore", "Computer": "DESKTOP-OFJ6N53", "TimeCreated": "2025-01-29 14:16:03.161638+00:00", "RecordID": "24107", "Level": "4", "UserID": "S-1-5-21-963789628-1060504924-4285088085-1001", "EventData.TraceMessage": "supported"}
{"EventID": "1029", "Channel": "Microsoft-Windows-TerminalServices-RDPClient/Operational", "Provider_Name": "Microsoft-Windows-TerminalServices-ClientActiveXCore", "Computer": "DESKTOP-OFJ6N53", "TimeCreated": "2025-01-29 14:16:10.078104+00:00", "RecordID": "24108", "Level": "4", "UserID": "S-1-5-21-963789628-1060504924-4285088085-1001", "EventData.TraceMessage": "1mSMIKgfMkNWQQKduFtpkhTDs6dmNHhOV+la2IeE6aE=-"}
{"EventID": "226", "Channel": "Microsoft-Windows-TerminalServices-RDPClient/Operational", "Provider_Name": "Microsoft-Windows-TerminalServices-ClientActiveXCore", "Computer": "DESKTOP-OFJ6N53", "TimeCreated": "2025-01-29 14:16:10.175453+00:00", "RecordID": "24109", "Level": "3", "UserID": "S-1-5-21-963789628-1060504924-4285088085-1001", "EventData.StateTransitionName": "RDPClient_SSL", "EventData.PreviousState": "3", "EventData.PreviousStateName": "TsSslStateHandshakeInProgress", "EventData.NewState": "10", "EventData.NewStateName": "TsSslStateDisconnecting", "EventData.Event": "8", "EventData.EventName": "TsSslEventHandshakeContinueFailed", "EventData.Error Code": "2147500037"}
{"EventID": "1105", "Channel": "Microsoft-Windows-TerminalServices-RDPClient/Operational", "Provider_Name": "Microsoft-Windows-TerminalServices-ClientActiveXCore", "Computer": "DESKTOP-OFJ6N53", "TimeCreated": "2025-01-29 14:16:10.175987+00:00", "RecordID": "24110", "Level": "4", "UserID": "S-1-5-21-963789628-1060504924-4285088085-1001"}
{"EventID": "1026", "Channel": "Microsoft-Windows-TerminalServices-RDPClient/Operational", "Provider_Name": "Microsoft-Windows-TerminalServices-ClientActiveXCore", "Computer": "DESKTOP-OFJ6N53", "TimeCreated": "2025-01-29 14:16:10.176182+00:00", "RecordID": "24111", "Level": "4", "UserID": "S-1-5-21-963789628-1060504924-4285088085-1001", "EventData.Name": "Disconnect Reason", "EventData.Value": "519", "EventData.CustomLevel": "Info"}
{"EventID": "1028", "Channel": "Microsoft-Windows-TerminalServices-RDPClient/Operational", "Provider_Name": "Microsoft-Windows-TerminalServices-ClientActiveXCore", "Computer": "DESKTOP-OFJ6N53", "TimeCreated": "2025-01-29 14:16:10.254515+00:00", "RecordID": "24112", "Level": "4", "UserID": "S-1-5-21-963789628-1060504924-4285088085-1001", "EventData.TraceMessage": "supported"}
{"EventID": "1029", "Channel": "Microsoft-Windows-TerminalServices-RDPClient/Operational", "Provider_Name": "Microsoft-Windows-TerminalServices-ClientActiveXCore", "Computer": "DESKTOP-OFJ6N53", "TimeCreated": "2025-01-29 14:16:10.255131+00:00", "RecordID": "24113", "Level": "4", "UserID": "S-1-5-21-963789628-1060504924-4285088085-1001", "EventData.TraceMessage": "1mSMIKgfMkNWQQKduFtpkhTDs6dmNHhOV+la2IeE6aE=-"}
{"EventID": "226", "Channel": "Microsoft-Windows-TerminalServices-RDPClient/Operational", "Provider_Name": "Microsoft-Windows-TerminalServices-ClientActiveXCore", "Computer": "DESKTOP-OFJ6N53", "TimeCreated": "2025-01-29 14:16:10.276728+00:00", "RecordID": "24114", "Level": "3", "UserID": "S-1-5-21-963789628-1060504924-4285088085-1001", "EventData.StateTransitionName": "RDPClient_SSL", "EventData.PreviousState": "3", "EventData.PreviousStateName": "TsSslStateHandshakeInProgress", "EventData.NewState": "10", "EventData.NewStateName": "TsSslStateDisconnecting", "EventData.Event": "9", "EventData.EventName": "TsSslEventHandshakeInProgressFailed", "EventData.Error Code": "2147500037"}
{"EventID": "1105", "Channel": "Microsoft-Windows-TerminalServices-RDPClient/Operational", "Provider_Name": "Microsoft-Windows-TerminalServices-ClientActiveXCore", "Computer": "DESKTOP-OFJ6N53", "TimeCreated": "2025-01-29 14:16:10.277098+00:00", "RecordID": "24115", "Level": "4", "UserID": "S-1-5-21-963789628-1060504924-4285088085-1001"}
{"EventID": "1026", "Channel": "Microsoft-Windows-TerminalServices-RDPClient/Operational", "Provider_Name": "Microsoft-Windows-TerminalServices-ClientActiveXCore", "Computer": "DESKTOP-OFJ6N53", "TimeCreated": "2025-01-29 14:16:11.409758+00:00", "RecordID": "24116", "Level": "4", "UserID": "S-1-5-21-963789628-1060504924-4285088085-1001", "EventData.Name": "Disconnect Reason", "EventData.Value": "263", "EventData.CustomLevel": "Info"}
{"EventID": "1028", "Channel": "Microsoft-Windows-TerminalServices-RDPClient/Operational", "Provider_Name": "Microsoft-Windows-TerminalServices-ClientActiveXCore", "Computer": "DESKTOP-OFJ6N53", "TimeCreated": "2025-01-29 14:16:11.428602+00:00", "RecordID": "24117", "Level": "4", "UserID": "S-1-5-21-963789628-1060504924-4285088085-1001", "EventData.TraceMessage": "supported"}
{"EventID": "1029", "Channel": "Microsoft-Windows-TerminalServices-RDPClient/Operational", "Provider_Name": "Microsoft-Windows-TerminalServices-ClientActiveXCore", "Computer": "DESKTOP-OFJ6N53", "TimeCreated": "2025-01-29 14:16:11.429243+00:00", "RecordID": "24118", "Level": "4", "UserID": "S-1-5-21-963789628-1060504924-4285088085-1001", "EventData.TraceMessage": "1mSMIKgfMkNWQQKduFtpkhTDs6dmNHhOV+la2IeE6aE=-"}
{"EventID": "1025", "Channel": "Microsoft-Windows-TerminalServices-RDPClient/Operational", "Provider_Name": "Microsoft-Windows-TerminalServices-ClientActiveXCore", "Computer": "DESKTOP-OFJ6N53", "TimeCreated": "2025-01-29 14:16:11.654488+00:00", "RecordID": "24119", "Level": "4", "UserID": "S-1-5-21-963789628-1060504924-4285088085-1001"}
{"EventID": "1025", "Channel": "Microsoft-Windows-TerminalServices-RDPClient/Operational", "Provider_Name": "Microsoft-Windows-TerminalServices-ClientActiveXCore", "Computer": "DESKTOP-OFJ6N53", "TimeCreated": "2025-01-29 14:16:27.594536+00:00", "RecordID": "24120", "Level": "4", "UserID": "S-1-5-21-963789628-1060504924-4285088085-1001"}
{"EventID": "1105", "Channel": "Microsoft-Windows-TerminalServices-RDPClient/Operational", "Provider_Name": "Microsoft-Windows-TerminalServices-ClientActiveXCore", "Computer": "DESKTOP-OFJ6N53", "TimeCreated": "2025-01-30 08:56:07.325384+00:00", "RecordID": "24121", "Level": "4", "UserID": "S-1-5-21-963789628-1060504924-4285088085-1001"}
{"EventID": "226", "Channel": "Microsoft-Windows-TerminalServices-RDPClient/Operational", "Provider_Name": "Microsoft-Windows-TerminalServices-ClientActiveXCore", "Computer": "DESKTOP-OFJ6N53", "TimeCreated": "2025-01-30 08:56:07.325405+00:00", "RecordID": "24122", "Level": "3", "UserID": "S-1-5-21-963789628-1060504924-4285088085-1001", "EventData.StateTransitionName": "RDPClient_SSL", "EventData.PreviousState": "0", "EventData.PreviousStateName": "TsSslStateDisconnected", "EventData.NewState": "0", "EventData.NewStateName": "TsSslStateDisconnected", "EventData.Event": "25", "EventData.EventName": "TsSslEventInvalidState", "EventData.Error Code": "2147549183"}
{"EventID": "1026", "Channel": "Microsoft-Windows-TerminalServices-RDPClient/Operational", "Provider_Name": "Microsoft-Windows-TerminalServices-ClientActiveXCore", "Computer": "DESKTOP-OFJ6N53", "TimeCreated": "2025-01-30 08:56:07.325592+00:00", "RecordID": "24123", "Level": "4", "UserID": "S-1-5-21-963789628-1060504924-4285088085-1001", "EventData.Name": "Disconnect Reason", "EventData.Value": "3", "EventData.CustomLevel": "Info"}
{"EventID": "1024", "Channel": "Microsoft-Windows-TerminalServices-RDPClient/Operational", "Provider_Name": "Microsoft-Windows-TerminalServices-ClientActiveXCore", "Computer": "DESKTOP-OFJ6N53", "TimeCreated": "2025-02-05 13:02:28.162947+00:00", "RecordID": "24124", "Level": "4", "UserID": "S-1-5-21-963789628-1060504924-4285088085-1001", "EventData.Name": "Server Name", "EventData.Value": "INK-CYBARK-PSM.IRKOIL.local", "EventData.CustomLevel": "Info"}
{"EventID": "1028", "Channel": "Microsoft-Windows-TerminalServices-RDPClient/Operational", "Provider_Name": "Microsoft-Windows-TerminalServices-ClientActiveXCore", "Computer": "DESKTOP-OFJ6N53", "TimeCreated": "2025-02-05 13:02:28.547989+00:00", "RecordID": "24125", "Level": "4", "UserID": "S-1-5-21-963789628-1060504924-4285088085-1001", "EventData.TraceMessage": "not supported"}
{"EventID": "1029", "Channel": "Microsoft-Windows-TerminalServices-RDPClient/Operational", "Provider_Name": "Microsoft-Windows-TerminalServices-ClientActiveXCore", "Computer": "DESKTOP-OFJ6N53", "TimeCreated": "2025-02-05 13:02:28.549267+00:00", "RecordID": "24126", "Level": "4", "UserID": "S-1-5-21-963789628-1060504924-4285088085-1001", "EventData.TraceMessage": "07OyPt/ra6P2lwDrA02BAtNjIFTNhVH01+RIzk4A9YQ=-y8UZqf8jEfDhU4LbK2e2bMyyTXbCiayiRB7UTAqLujc="}
{"EventID": "1102", "Channel": "Microsoft-Windows-TerminalServices-RDPClient/Operational", "Provider_Name": "Microsoft-Windows-TerminalServices-ClientActiveXCore", "Computer": "DESKTOP-OFJ6N53", "TimeCreated": "2025-02-05 13:02:30.110367+00:00", "RecordID": "24127", "Level": "4", "UserID": "S-1-5-21-963789628-1060504924-4285088085-1001", "EventData.Name": "ServerAddress", "EventData.Value": "10.254.253.137", "EventData.CustomLevel": "Info"}
{"EventID": "1025", "Channel": "Microsoft-Windows-TerminalServices-RDPClient/Operational", "Provider_Name": "Microsoft-Windows-TerminalServices-ClientActiveXCore", "Computer": "DESKTOP-OFJ6N53", "TimeCreated": "2025-02-05 13:02:30.404108+00:00", "RecordID": "24128", "Level": "4", "UserID": "S-1-5-21-963789628-1060504924-4285088085-1001"}
{"EventID": "1403", "Channel": "Microsoft-Windows-TerminalServices-RDPClient/Operational", "Provider_Name": "Microsoft-Windows-TerminalServices-ClientActiveXCore", "Computer": "DESKTOP-OFJ6N53", "TimeCreated": "2025-02-05 13:02:30.669371+00:00", "RecordID": "24129", "Level": "4", "UserID": "S-1-5-21-963789628-1060504924-4285088085-1001"}
{"EventID": "1401", "Channel": "Microsoft-Windows-TerminalServices-RDPClient/Operational", "Provider_Name": "Microsoft-Windows-TerminalServices-ClientActiveXCore", "Computer": "DESKTOP-OFJ6N53", "TimeCreated": "2025-02-05 13:02:30.675131+00:00", "RecordID": "24130", "Level": "4", "UserID": "S-1-5-21-963789628-1060504924-4285088085-1001", "EventData.Version": "0x000a0600", "EventData.ClientMode": "0", "EventData.AvcEnabled": "1"}
{"EventID": "1027", "Channel": "Microsoft-Windows-TerminalServices-RDPClient/Operational", "Provider_Name": "Microsoft-Windows-TerminalServices-ClientActiveXCore", "Computer": "DESKTOP-OFJ6N53", "TimeCreated": "2025-02-05 13:02:32.385818+00:00", "RecordID": "24131", "Level": "4", "UserID": "S-1-5-21-963789628-1060504924-4285088085-1001", "EventData.DomainName": "IRKOIL", "EventData.SessionId": "153"}
{"EventID": "1104", "Channel": "Microsoft-Windows-TerminalServices-RDPClient/Operational", "Provider_Name": "Microsoft-Windows-TerminalServices-ClientActiveXCore", "Computer": "DESKTOP-OFJ6N53", "TimeCreated": "2025-02-05 13:02:39.391106+00:00", "RecordID": "24132", "Level": "4", "UserID": "S-1-5-21-963789628-1060504924-4285088085-1001", "EventData.Name": "RequestID", "EventData.Value": "2122", "EventData.CustomLevel": "Error"}
{"EventID": "1105", "Channel": "Microsoft-Windows-TerminalServices-RDPClient/Operational", "Provider_Name": "Microsoft-Windows-TerminalServices-ClientActiveXCore", "Computer": "DESKTOP-OFJ6N53", "TimeCreated": "2025-02-05 13:55:17.428154+00:00", "RecordID": "24133", "Level": "4", "UserID": "S-1-5-21-963789628-1060504924-4285088085-1001"}
{"EventID": "1026", "Channel": "Microsoft-Windows-TerminalServices-RDPClient/Operational", "Provider_Name": "Microsoft-Windows-TerminalServices-ClientActiveXCore", "Computer": "DESKTOP-OFJ6N53", "TimeCreated": "2025-02-05 13:55:17.428295+00:00", "RecordID": "24134", "Level": "4", "UserID": "S-1-5-21-963789628-1060504924-4285088085-1001", "EventData.Name": "Disconnect Reason", "EventData.Value": "2308", "EventData.CustomLevel": "Info"}
{"EventID": "1024", "Channel": "Microsoft-Windows-TerminalServices-RDPClient/Operational", "Provider_Name": "Microsoft-Windows-TerminalServices-ClientActiveXCore", "Computer": "DESKTOP-OFJ6N53", "TimeCreated": "2025-03-14 10:09:49.675810+00:00", "RecordID": "24135", "Level": "4", "UserID": "S-1-5-21-963789628-1060504924-4285088085-1001", "EventData.Name": "Server Name", "EventData.Value": "10.40.128.112", "EventData.CustomLevel": "Info"}
{"EventID": "1105", "Channel": "Microsoft-Windows-TerminalServices-RDPClient/Operational", "Provider_Name": "Microsoft-Windows-TerminalServices-ClientActiveXCore", "Computer": "DESKTOP-OFJ6N53", "TimeCreated": "2025-03-14 10:09:54.550205+00:00", "RecordID": "24136", "Level": "4", "UserID": "S-1-5-21-963789628-1060504924-4285088085-1001"}
{"EventID": "1026", "Channel": "Microsoft-Windows-TerminalServices-RDPClient/Operational", "Provider_Name": "Microsoft-Windows-TerminalServices-ClientActiveXCore", "Computer": "DESKTOP-OFJ6N53", "TimeCreated": "2025-03-14 10:09:54.555952+00:00", "RecordID": "24137", "Level": "4", "UserID": "S-1-5-21-963789628-1060504924-4285088085-1001", "EventData.Name": "Disconnect Reason", "EventData.Value": "1", "EventData.CustomLevel": "Info"}
{"EventID": "1024", "Channel": "Microsoft-Windows-TerminalServices-RDPClient/Operational", "Provider_Name": "Microsoft-Windows-TerminalServices-ClientActiveXCore", "Computer": "DESKTOP-OFJ6N53", "TimeCreated": "2025-03-14 10:09:59.224165+00:00", "RecordID": "24138", "Level": "4", "UserID": "S-1-5-21-963789628-1060504924-4285088085-1001", "EventData.Name": "Server Name", "EventData.Value": "192.168.52.12", "EventData.CustomLevel": "Info"}
{"EventID": "1028", "Channel": "Microsoft-Windows-TerminalServices-RDPClient/Operational", "Provider_Name": "Microsoft-Windows-TerminalServices-ClientActiveXCore", "Computer": "DESKTOP-OFJ6N53", "TimeCreated": "2025-03-14 10:09:59.257051+00:00", "RecordID": "24139", "Level": "4", "UserID": "S-1-5-21-963789628-1060504924-4285088085-1001", "EventData.TraceMessage": "supported"}
{"EventID": "1029", "Channel": "Microsoft-Windows-TerminalServices-RDPClient/Operational", "Provider_Name": "Microsoft-Windows-TerminalServices-ClientActiveXCore", "Computer": "DESKTOP-OFJ6N53", "TimeCreated": "2025-03-14 10:10:05.622807+00:00", "RecordID": "24140", "Level": "4", "UserID": "S-1-5-21-963789628-1060504924-4285088085-1001", "EventData.TraceMessage": "1mSMIKgfMkNWQQKduFtpkhTDs6dmNHhOV+la2IeE6aE=-"}
{"EventID": "226", "Channel": "Microsoft-Windows-TerminalServices-RDPClient/Operational", "Provider_Name": "Microsoft-Windows-TerminalServices-ClientActiveXCore", "Computer": "DESKTOP-OFJ6N53", "TimeCreated": "2025-03-14 10:10:05.803270+00:00", "RecordID": "24141", "Level": "3", "UserID": "S-1-5-21-963789628-1060504924-4285088085-1001", "EventData.StateTransitionName": "RDPClient_SSL", "EventData.PreviousState": "3", "EventData.PreviousStateName": "TsSslStateHandshakeInProgress", "EventData.NewState": "10", "EventData.NewStateName": "TsSslStateDisconnecting", "EventData.Event": "8", "EventData.EventName": "TsSslEventHandshakeContinueFailed", "EventData.Error Code": "2147500037"}
{"EventID": "1105", "Channel": "Microsoft-Windows-TerminalServices-RDPClient/Operational", "Provider_Name": "Microsoft-Windows-TerminalServices-ClientActiveXCore", "Computer": "DESKTOP-OFJ6N53", "TimeCreated": "2025-03-14 10:10:05.803688+00:00", "RecordID": "24142", "Level": "4", "UserID": "S-1-5-21-963789628-1060504924-4285088085-1001"}
{"EventID": "1026", "Channel": "Microsoft-Windows-TerminalServices-RDPClient/Operational", "Provider_Name": "Microsoft-Windows-TerminalServices-ClientActiveXCore", "Computer": "DESKTOP-OFJ6N53", "TimeCreated": "2025-03-14 10:10:05.803862+00:00", "RecordID": "24143", "Level": "4", "UserID": "S-1-5-21-963789628-1060504924-4285088085-1001", "EventData.Name": "Disconnect Reason", "EventData.Value": "519", "EventData.CustomLevel": "Info"}
{"EventID": "1028", "Channel": "Microsoft-Windows-TerminalServices-RDPClient/Operational", "Provider_Name": "Microsoft-Windows-TerminalServices-ClientActiveXCore", "Computer": "DESKTOP-OFJ6N53", "TimeCreated": "2025-03-14 10:10:05.815191+00:00", "RecordID": "24144", "Level": "4", "UserID": "S-1-5-21-963789628-1060504924-4285088085-1001", "EventData.TraceMessage": "supported"}
{"EventID": "1029", "Channel": "Microsoft-Windows-TerminalServices-RDPClient/Operational", "Provider_Name": "Microsoft-Windows-TerminalServices-ClientActiveXCore", "Computer": "DESKTOP-OFJ6N53", "TimeCreated": "2025-03-14 10:10:05.815783+00:00", "RecordID": "24145", "Level": "4", "UserID": "S-1-5-21-963789628-1060504924-4285088085-1001", "EventData.TraceMessage": "1mSMIKgfMkNWQQKduFtpkhTDs6dmNHhOV+la2IeE6aE=-"}
{"EventID": "226", "Channel": "Microsoft-Windows-TerminalServices-RDPClient/Operational", "Provider_Name": "Microsoft-Windows-TerminalServices-ClientActiveXCore", "Computer": "DESKTOP-OFJ6N53", "TimeCreated": "2025-03-14 10:10:05.829668+00:00", "RecordID": "24146", "Level": "3", "UserID": "S-1-5-21-963789628-1060504924-4285088085-1001", "EventData.StateTransitionName": "RDPClient_SSL", "EventData.PreviousState": "3", "EventData.PreviousStateName": "TsSslStateHandshakeInProgress", "EventData.NewState": "10", "EventData.NewStateName": "TsSslStateDisconnecting", "EventData.Event": "9", "EventData.EventName": "TsSslEventHandshakeInProgressFailed", "EventData.Error Code": "2147500037"}
{"EventID": "1105", "Channel": "Microsoft-Windows-TerminalServices-RDPClient/Operational", "Provider_Name": "Microsoft-Windows-TerminalServices-ClientActiveXCore", "Computer": "DESKTOP-OFJ6N53", "TimeCreated": "2025-03-14 10:10:05.830002+00:00", "RecordID": "24147", "Level": "4", "UserID": "S-1-5-21-963789628-1060504924-4285088085-1001"}
{"EventID": "1026", "Channel": "Microsoft-Windows-TerminalServices-RDPClient/Operational", "Provider_Name": "Microsoft-Windows-TerminalServices-ClientActiveXCore", "Computer": "DESKTOP-OFJ6N53", "TimeCreated": "2025-03-14 10:10:06.583113+00:00", "RecordID": "24148", "Level": "4", "UserID": "S-1-5-21-963789628-1060504924-4285088085-1001", "EventData.Name": "Disconnect Reason", "EventData.Value": "263", "EventData.CustomLevel": "Info"}
{"EventID": "1028", "Channel": "Microsoft-Windows-TerminalServices-RDPClient/Operational", "Provider_Name": "Microsoft-Windows-TerminalServices-ClientActiveXCore", "Computer": "DESKTOP-OFJ6N53", "TimeCreated": "2025-03-14 10:10:06.596960+00:00", "RecordID": "24149", "Level": "4", "UserID": "S-1-5-21-963789628-1060504924-4285088085-1001", "EventData.TraceMessage": "supported"}
{"EventID": "1029", "Channel": "Microsoft-Windows-TerminalServices-RDPClient/Operational", "Provider_Name": "Microsoft-Windows-TerminalServices-ClientActiveXCore", "Computer": "DESKTOP-OFJ6N53", "TimeCreated": "2025-03-14 10:10:06.597628+00:00", "RecordID": "24150", "Level": "4", "UserID": "S-1-5-21-963789628-1060504924-4285088085-1001", "EventData.TraceMessage": "1mSMIKgfMkNWQQKduFtpkhTDs6dmNHhOV+la2IeE6aE=-"}
{"EventID": "1025", "Channel": "Microsoft-Windows-TerminalServices-RDPClient/Operational", "Provider_Name": "Microsoft-Windows-TerminalServices-ClientActiveXCore", "Computer": "DESKTOP-OFJ6N53", "TimeCreated": "2025-03-14 10:10:07.371029+00:00", "RecordID": "24151", "Level": "4", "UserID": "S-1-5-21-963789628-1060504924-4285088085-1001"}
{"EventID": "1025", "Channel": "Microsoft-Windows-TerminalServices-RDPClient/Operational", "Provider_Name": "Microsoft-Windows-TerminalServices-ClientActiveXCore", "Computer": "DESKTOP-OFJ6N53", "TimeCreated": "2025-03-14 10:10:41.883772+00:00", "RecordID": "24152", "Level": "4", "UserID": "S-1-5-21-963789628-1060504924-4285088085-1001"}
{"EventID": "1105", "Channel": "Microsoft-Windows-TerminalServices-RDPClient/Operational", "Provider_Name": "Microsoft-Windows-TerminalServices-ClientActiveXCore", "Computer": "DESKTOP-OFJ6N53", "TimeCreated": "2025-03-14 11:05:18.521461+00:00", "RecordID": "24153", "Level": "4", "UserID": "S-1-5-21-963789628-1060504924-4285088085-1001"}
{"EventID": "1026", "Channel": "Microsoft-Windows-TerminalServices-RDPClient/Operational", "Provider_Name": "Microsoft-Windows-TerminalServices-ClientActiveXCore", "Computer": "DESKTOP-OFJ6N53", "TimeCreated": "2025-03-14 11:05:18.521746+00:00", "RecordID": "24154", "Level": "4", "UserID": "S-1-5-21-963789628-1060504924-4285088085-1001", "EventData.Name": "Disconnect Reason", "EventData.Value": "2308", "EventData.CustomLevel": "Info"}
{"EventID": "1024", "Channel": "Microsoft-Windows-TerminalServices-RDPClient/Operational", "Provider_Name": "Microsoft-Windows-TerminalServices-ClientActiveXCore", "Computer": "DESKTOP-OFJ6N53", "TimeCreated": "2025-03-14 11:43:00.421526+00:00", "RecordID": "24155", "Level": "4", "UserID": "S-1-5-21-963789628-1060504924-4285088085-1001", "EventData.Name": "Server Name", "EventData.Value": "192.168.52.12", "EventData.CustomLevel": "Info"}
{"EventID": "1028", "Channel": "Microsoft-Windows-TerminalServices-RDPClient/Operational", "Provider_Name": "Microsoft-Windows-TerminalServices-ClientActiveXCore", "Computer": "DESKTOP-OFJ6N53", "TimeCreated": "2025-03-14 11:43:00.815411+00:00", "RecordID": "24156", "Level": "4", "UserID": "S-1-5-21-963789628-1060504924-4285088085-1001", "EventData.TraceMessage": "supported"}
{"EventID": "1029", "Channel": "Microsoft-Windows-TerminalServices-RDPClient/Operational", "Provider_Name": "Microsoft-Windows-TerminalServices-ClientActiveXCore", "Computer": "DESKTOP-OFJ6N53", "TimeCreated": "2025-03-14 11:43:08.149418+00:00", "RecordID": "24157", "Level": "4", "UserID": "S-1-5-21-963789628-1060504924-4285088085-1001", "EventData.TraceMessage": "1mSMIKgfMkNWQQKduFtpkhTDs6dmNHhOV+la2IeE6aE=-"}
{"EventID": "226", "Channel": "Microsoft-Windows-TerminalServices-RDPClient/Operational", "Provider_Name": "Microsoft-Windows-TerminalServices-ClientActiveXCore", "Computer": "DESKTOP-OFJ6N53", "TimeCreated": "2025-03-14 11:43:08.949493+00:00", "RecordID": "24158", "Level": "3", "UserID": "S-1-5-21-963789628-1060504924-4285088085-1001", "EventData.StateTransitionName": "RDPClient_SSL", "EventData.PreviousState": "3", "EventData.PreviousStateName": "TsSslStateHandshakeInProgress", "EventData.NewState": "10", "EventData.NewStateName": "TsSslStateDisconnecting", "EventData.Event": "8", "EventData.EventName": "TsSslEventHandshakeContinueFailed", "EventData.Error Code": "2147500037"}
{"EventID": "1105", "Channel": "Microsoft-Windows-TerminalServices-RDPClient/Operational", "Provider_Name": "Microsoft-Windows-TerminalServices-ClientActiveXCore", "Computer": "DESKTOP-OFJ6N53", "TimeCreated": "2025-03-14 11:43:08.955196+00:00", "RecordID": "24159", "Level": "4", "UserID": "S-1-5-21-963789628-1060504924-4285088085-1001"}
{"EventID": "1026", "Channel": "Microsoft-Windows-TerminalServices-RDPClient/Operational", "Provider_Name": "Microsoft-Windows-TerminalServices-ClientActiveXCore", "Computer": "DESKTOP-OFJ6N53", "TimeCreated": "2025-03-14 11:43:08.955381+00:00", "RecordID": "24160", "Level": "4", "UserID": "S-1-5-21-963789628-1060504924-4285088085-1001", "EventData.Name": "Disconnect Reason", "EventData.Value": "519", "EventData.CustomLevel": "Info"}
{"EventID": "1028", "Channel": "Microsoft-Windows-TerminalServices-RDPClient/Operational", "Provider_Name": "Microsoft-Windows-TerminalServices-ClientActiveXCore", "Computer": "DESKTOP-OFJ6N53", "TimeCreated": "2025-03-14 11:43:09.026747+00:00", "RecordID": "24161", "Level": "4", "UserID": "S-1-5-21-963789628-1060504924-4285088085-1001", "EventData.TraceMessage": "supported"}
{"EventID": "1029", "Channel": "Microsoft-Windows-TerminalServices-RDPClient/Operational", "Provider_Name": "Microsoft-Windows-TerminalServices-ClientActiveXCore", "Computer": "DESKTOP-OFJ6N53", "TimeCreated": "2025-03-14 11:43:09.027435+00:00", "RecordID": "24162", "Level": "4", "UserID": "S-1-5-21-963789628-1060504924-4285088085-1001", "EventData.TraceMessage": "1mSMIKgfMkNWQQKduFtpkhTDs6dmNHhOV+la2IeE6aE=-"}
{"EventID": "226", "Channel": "Microsoft-Windows-TerminalServices-RDPClient/Operational", "Provider_Name": "Microsoft-Windows-TerminalServices-ClientActiveXCore", "Computer": "DESKTOP-OFJ6N53", "TimeCreated": "2025-03-14 11:43:09.129505+00:00", "RecordID": "24163", "Level": "3", "UserID": "S-1-5-21-963789628-1060504924-4285088085-1001", "EventData.StateTransitionName": "RDPClient_SSL", "EventData.PreviousState": "3", "EventData.PreviousStateName": "TsSslStateHandshakeInProgress", "EventData.NewState": "10", "EventData.NewStateName": "TsSslStateDisconnecting", "EventData.Event": "9", "EventData.EventName": "TsSslEventHandshakeInProgressFailed", "EventData.Error Code": "2147500037"}
{"EventID": "1105", "Channel": "Microsoft-Windows-TerminalServices-RDPClient/Operational", "Provider_Name": "Microsoft-Windows-TerminalServices-ClientActiveXCore", "Computer": "DESKTOP-OFJ6N53", "TimeCreated": "2025-03-14 11:43:09.129843+00:00", "RecordID": "24164", "Level": "4", "UserID": "S-1-5-21-963789628-1060504924-4285088085-1001"}
{"EventID": "1026", "Channel": "Microsoft-Windows-TerminalServices-RDPClient/Operational", "Provider_Name": "Microsoft-Windows-TerminalServices-ClientActiveXCore", "Computer": "DESKTOP-OFJ6N53", "TimeCreated": "2025-03-14 11:43:10.238276+00:00", "RecordID": "24165", "Level": "4", "UserID": "S-1-5-21-963789628-1060504924-4285088085-1001", "EventData.Name": "Disconnect Reason", "EventData.Value": "263", "EventData.CustomLevel": "Info"}
{"EventID": "1028", "Channel": "Microsoft-Windows-TerminalServices-RDPClient/Operational", "Provider_Name": "Microsoft-Windows-TerminalServices-ClientActiveXCore", "Computer": "DESKTOP-OFJ6N53", "TimeCreated": "2025-03-14 11:43:10.254221+00:00", "RecordID": "24166", "Level": "4", "UserID": "S-1-5-21-963789628-1060504924-4285088085-1001", "EventData.TraceMessage": "supported"}
{"EventID": "1029", "Channel": "Microsoft-Windows-TerminalServices-RDPClient/Operational", "Provider_Name": "Microsoft-Windows-TerminalServices-ClientActiveXCore", "Computer": "DESKTOP-OFJ6N53", "TimeCreated": "2025-03-14 11:43:10.254976+00:00", "RecordID": "24167", "Level": "4", "UserID": "S-1-5-21-963789628-1060504924-4285088085-1001", "EventData.TraceMessage": "1mSMIKgfMkNWQQKduFtpkhTDs6dmNHhOV+la2IeE6aE=-"}
{"EventID": "1025", "Channel": "Microsoft-Windows-TerminalServices-RDPClient/Operational", "Provider_Name": "Microsoft-Windows-TerminalServices-ClientActiveXCore", "Computer": "DESKTOP-OFJ6N53", "TimeCreated": "2025-03-14 11:43:11.935900+00:00", "RecordID": "24168", "Level": "4", "UserID": "S-1-5-21-963789628-1060504924-4285088085-1001"}
