{"EventID": "26", "Channel": "Microsoft-Windows-WindowsUpdateClient/Operational", "Provider_Name": "Microsoft-Windows-WindowsUpdateClient", "Computer": "DESKTOP-OFJ6N53", "TimeCreated": "2025-03-28 09:31:53.585554+00:00", "RecordID": "8430", "Level": "4", "UserID": "S-1-5-18", "EventData.updateCount": "2", "EventData.serviceGuid": "{855e8a7c-ecb4-4ca3-b045-1dfa50104289}"}
{"EventID": "26", "Channel": "Microsoft-Windows-WindowsUpdateClient/Operational", "Provider_Name": "Microsoft-Windows-WindowsUpdateClient", "Computer": "DESKTOP-OFJ6N53", "TimeCreated": "2025-03-28 09:32:01.124962+00:00", "RecordID": "8431", "Level": "4", "UserID": "S-1-5-18", "EventData.updateCount": "2", "EventData.serviceGuid": "{855e8a7c-ecb4-4ca3-b045-1dfa50104289}"}
{"EventID": "41", "Channel": "Microsoft-Windows-WindowsUpdateClient/Operational", "Provider_Name": "Microsoft-Windows-WindowsUpdateClient", "Computer": "DESKTOP-OFJ6N53", "TimeCreated": "2025-03-28 09:32:17.953451+00:00", "RecordID": "8432", "Level": "4", "UserID": "S-1-5-18", "EventData.updateTitle": "9WZDNCRFJ364-MICROSOFT.SKYPEAPP", "EventData.updateGuid": "{44e8c922-0f76-4ab7-b389-881297c63c5a}", "EventData.updateRevisionNumber": "1"}
{"EventID": "41", "Channel": "Microsoft-Windows-WindowsUpdateClient/Operational", "Provider_Name": "Microsoft-Windows-WindowsUpdateClient", "Computer": "DESKTOP-OFJ6N53", "TimeCreated": "2025-03-28 09:32:30.334471+00:00", "RecordID": "8433", "Level": "4", "UserID": "S-1-5-18", "EventData.updateTitle": "9WZDNCRFHVQM-MICROSOFT.WINDOWSCOMMUNICATIONSAPPS", "EventData.updateGuid": "{cba69ce6-7ead-4b68-a536-049cc0f837fe}", "EventData.updateRevisionNumber": "1"}
{"EventID": "26", "Channel": "Microsoft-Windows-WindowsUpdateClient/Operational", "Provider_Name": "Microsoft-Windows-WindowsUpdateClient", "Computer": "DESKTOP-OFJ6N53", "TimeCreated": "2025-03-28 20:29:21.833282+00:00", "RecordID": "8434", "Level": "4", "UserID": "S-1-5-18", "EventData.updateCount": "1", "EventData.serviceGuid": "{9482f4b4-e343-43b6-b170-9a65bc822c77}"}
{"EventID": "26", "Channel": "Microsoft-Windows-WindowsUpdateClient/Operational", "Provider_Name": "Microsoft-Windows-WindowsUpdateClient", "Computer": "DESKTOP-OFJ6N53", "TimeCreated": "2025-03-28 20:29:21.833286+00:00", "RecordID": "8435", "Level": "4", "UserID": "S-1-5-18", "EventData.updateCount": "0", "EventData.serviceGuid": "{8b24b027-1dee-babb-9a95-3517dfb9c552}"}
{"EventID": "41", "Channel": "Microsoft-Windows-WindowsUpdateClient/Operational", "Provider_Name": "Microsoft-Windows-WindowsUpdateClient", "Computer": "DESKTOP-OFJ6N53", "TimeCreated": "2025-03-28 20:29:21.833288+00:00", "RecordID": "8436", "Level": "4", "UserID": "S-1-5-18", "EventData.updateTitle": "Обновление механизма обнаружения угроз для Microsoft Defender Antivirus — KB2267602 (версия 1.425.318.0) — Актуальный канал (широкий выпуск)", "EventData.updateGuid": "{8d3250ac-b428-41d4-bdd0-6ffc32ee3482}", "EventData.updateRevisionNumber": "200"}
{"EventID": "26", "Channel": "Microsoft-Windows-WindowsUpdateClient/Operational", "Provider_Name": "Microsoft-Windows-WindowsUpdateClient", "Computer": "DESKTOP-OFJ6N53", "TimeCreated": "2025-03-29 01:21:38.420073+00:00", "RecordID": "8437", "Level": "4", "UserID": "S-1-5-18", "EventData.updateCount": "0", "EventData.serviceGuid": "{9482f4b4-e343-43b6-b170-9a65bc822c77}"}
{"EventID": "26", "Channel": "Microsoft-Windows-WindowsUpdateClient/Operational", "Provider_Name": "Microsoft-Windows-WindowsUpdateClient", "Computer": "DESKTOP-OFJ6N53", "TimeCreated": "2025-03-29 01:21:44.512491+00:00", "RecordID": "8438", "Level": "4", "UserID": "S-1-5-18", "EventData.updateCount": "3", "EventData.serviceGuid": "{8b24b027-1dee-babb-9a95-3517dfb9c552}"}
{"EventID": "26", "Channel": "Microsoft-Windows-WindowsUpdateClient/Operational", "Provider_Name": "Microsoft-Windows-WindowsUpdateClient", "Computer": "DESKTOP-OFJ6N53", "TimeCreated": "2025-03-29 05:44:44.103907+00:00", "RecordID": "8439", "Level": "4", "UserID": "S-1-5-18", "EventData.updateCount": "2", "EventData.serviceGuid": "{9482f4b4-e343-43b6-b170-9a65bc822c77}"}
{"EventID": "26", "Channel": "Microsoft-Windows-WindowsUpdateClient/Operational", "Provider_Name": "Microsoft-Windows-WindowsUpdateClient", "Computer": "DESKTOP-OFJ6N53", "TimeCreated": "2025-03-29 05:44:49.698137+00:00", "RecordID": "8440", "Level": "4", "UserID": "S-1-5-18", "EventData.updateCount": "3", "EventData.serviceGuid": "{8b24b027-1dee-babb-9a95-3517dfb9c552}"}
{"EventID": "41", "Channel": "Microsoft-Windows-WindowsUpdateClient/Operational", "Provider_Name": "Microsoft-Windows-WindowsUpdateClient", "Computer": "DESKTOP-OFJ6N53", "TimeCreated": "2025-03-29 05:44:50.766188+00:00", "RecordID": "8441", "Level": "4", "UserID": "S-1-5-18", "EventData.updateTitle": "Обновление механизма обнаружения угроз для Microsoft Defender Antivirus — KB2267602 (версия 1.425.326.0) — Актуальный канал (широкий выпуск)", "EventData.updateGuid": "{fe9b3477-ef4f-46db-aa6d-5f3e0a32c950}", "EventData.updateRevisionNumber": "200"}
{"EventID": "26", "Channel": "Microsoft-Windows-WindowsUpdateClient/Operational", "Provider_Name": "Microsoft-Windows-WindowsUpdateClient", "Computer": "DESKTOP-OFJ6N53", "TimeCreated": "2025-03-29 10:18:03.680288+00:00", "RecordID": "8442", "Level": "4", "UserID": "S-1-5-18", "EventData.updateCount": "1", "EventData.serviceGuid": "{855e8a7c-ecb4-4ca3-b045-1dfa50104289}"}
{"EventID": "26", "Channel": "Microsoft-Windows-WindowsUpdateClient/Operational", "Provider_Name": "Microsoft-Windows-WindowsUpdateClient", "Computer": "DESKTOP-OFJ6N53", "TimeCreated": "2025-03-29 12:30:05.408146+00:00", "RecordID": "8443", "Level": "4", "UserID": "S-1-5-18", "EventData.updateCount": "1", "EventData.serviceGuid": "{855e8a7c-ecb4-4ca3-b045-1dfa50104289}"}
{"EventID": "26", "Channel": "Microsoft-Windows-WindowsUpdateClient/Operational", "Provider_Name": "Microsoft-Windows-WindowsUpdateClient", "Computer": "DESKTOP-OFJ6N53", "TimeCreated": "2025-03-29 12:30:20.664700+00:00", "RecordID": "8444", "Level": "4", "UserID": "S-1-5-18", "EventData.updateCount": "1", "EventData.serviceGuid": "{855e8a7c-ecb4-4ca3-b045-1dfa50104289}"}
{"EventID": "41", "Channel": "Microsoft-Windows-WindowsUpdateClient/Operational", "Provider_Name": "Microsoft-Windows-WindowsUpdateClient", "Computer": "DESKTOP-OFJ6N53", "TimeCreated": "2025-03-29 12:30:29.976774+00:00", "RecordID": "8445", "Level": "4", "UserID": "S-1-5-18", "EventData.updateTitle": "9WZDNCRFJ364-MICROSOFT.SKYPEAPP", "EventData.updateGuid": "{50796528-a03f-47f1-8dbd-cc0b9891c275}", "EventData.updateRevisionNumber": "1"}
{"EventID": "26", "Channel": "Microsoft-Windows-WindowsUpdateClient/Operational", "Provider_Name": "Microsoft-Windows-WindowsUpdateClient", "Computer": "DESKTOP-OFJ6N53", "TimeCreated": "2025-03-29 20:29:27.104830+00:00", "RecordID": "8446", "Level": "4", "UserID": "S-1-5-18", "EventData.updateCount": "1", "EventData.serviceGuid": "{9482f4b4-e343-43b6-b170-9a65bc822c77}"}
{"EventID": "26", "Channel": "Microsoft-Windows-WindowsUpdateClient/Operational", "Provider_Name": "Microsoft-Windows-WindowsUpdateClient", "Computer": "DESKTOP-OFJ6N53", "TimeCreated": "2025-03-29 20:29:27.104836+00:00", "RecordID": "8447", "Level": "4", "UserID": "S-1-5-18", "EventData.updateCount": "0", "EventData.serviceGuid": "{8b24b027-1dee-babb-9a95-3517dfb9c552}"}
{"EventID": "41", "Channel": "Microsoft-Windows-WindowsUpdateClient/Operational", "Provider_Name": "Microsoft-Windows-WindowsUpdateClient", "Computer": "DESKTOP-OFJ6N53", "TimeCreated": "2025-03-29 20:29:27.104837+00:00", "RecordID": "8448", "Level": "4", "UserID": "S-1-5-18", "EventData.updateTitle": "Обновление механизма обнаружения угроз для Microsoft Defender Antivirus — KB2267602 (версия 1.425.335.0) — Актуальный канал (широкий выпуск)", "EventData.updateGuid": "{ba112fca-0cd6-4735-bf75-e7c874283239}", "EventData.updateRevisionNumber": "200"}
{"EventID": "26", "Channel": "Microsoft-Windows-WindowsUpdateClient/Operational", "Provider_Name": "Microsoft-Windows-WindowsUpdateClient", "Computer": "DESKTOP-OFJ6N53", "TimeCreated": "2025-03-30 03:46:35.337543+00:00", "RecordID": "8449", "Level": "4", "UserID": "S-1-5-18", "EventData.updateCount": "2", "EventData.serviceGuid": "{9482f4b4-e343-43b6-b170-9a65bc822c77}"}
{"EventID": "26", "Channel": "Microsoft-Windows-WindowsUpdateClient/Operational", "Provider_Name": "Microsoft-Windows-WindowsUpdateClient", "Computer": "DESKTOP-OFJ6N53", "TimeCreated": "2025-03-30 03:47:04.760258+00:00", "RecordID": "8450", "Level": "4", "UserID": "S-1-5-18", "EventData.updateCount": "3", "EventData.serviceGuid": "{8b24b027-1dee-babb-9a95-3517dfb9c552}"}
{"EventID": "41", "Channel": "Microsoft-Windows-WindowsUpdateClient/Operational", "Provider_Name": "Microsoft-Windows-WindowsUpdateClient", "Computer": "DESKTOP-OFJ6N53", "TimeCreated": "2025-03-30 03:47:04.760262+00:00", "RecordID": "8451", "Level": "4", "UserID": "S-1-5-18", "EventData.updateTitle": "Обновление механизма обнаружения угроз для Microsoft Defender Antivirus — KB2267602 (версия 1.425.338.0) — Актуальный канал (широкий выпуск)", "EventData.updateGuid": "{649193be-f3bf-4cce-bb66-a37950342272}", "EventData.updateRevisionNumber": "200"}
{"EventID": "26", "Channel": "Microsoft-Windows-WindowsUpdateClient/Operational", "Provider_Name": "Microsoft-Windows-WindowsUpdateClient", "Computer": "DESKTOP-OFJ6N53", "TimeCreated": "2025-03-30 20:29:22.601816+00:00", "RecordID": "8452", "Level": "4", "UserID": "S-1-5-18", "EventData.updateCount": "1", "EventData.serviceGuid": "{9482f4b4-e343-43b6-b170-9a65bc822c77}"}
{"EventID": "26", "Channel": "Microsoft-Windows-WindowsUpdateClient/Operational", "Provider_Name": "Microsoft-Windows-WindowsUpdateClient", "Computer": "DESKTOP-OFJ6N53", "TimeCreated": "2025-03-30 20:29:22.601820+00:00", "RecordID": "8453", "Level": "4", "UserID": "S-1-5-18", "EventData.updateCount": "0", "EventData.serviceGuid": "{8b24b027-1dee-babb-9a95-3517dfb9c552}"}
{"EventID": "41", "Channel": "Microsoft-Windows-WindowsUpdateClient/Operational", "Provider_Name": "Microsoft-Windows-WindowsUpdateClient", "Computer": "DESKTOP-OFJ6N53", "TimeCreated": "2025-03-30 20:29:22.601824+00:00", "RecordID": "8454", "Level": "4", "UserID": "S-1-5-18", "EventData.updateTitle": "Обновление механизма обнаружения угроз для Microsoft Defender Antivirus — KB2267602 (версия 1.425.340.0) — Актуальный канал (широкий выпуск)", "EventData.updateGuid": "{8a60fc3d-702e-45f0-976f-a75b14178735}", "EventData.updateRevisionNumber": "200"}
{"EventID": "26", "Channel": "Microsoft-Windows-WindowsUpdateClient/Operational", "Provider_Name": "Microsoft-Windows-WindowsUpdateClient", "Computer": "DESKTOP-OFJ6N53", "TimeCreated": "2025-03-31 02:30:44.008417+00:00", "RecordID": "8455", "Level": "4", "UserID": "S-1-5-18", "EventData.updateCount": "2", "EventData.serviceGuid": "{9482f4b4-e343-43b6-b170-9a65bc822c77}"}
{"EventID": "26", "Channel": "Microsoft-Windows-WindowsUpdateClient/Operational", "Provider_Name": "Microsoft-Windows-WindowsUpdateClient", "Computer": "DESKTOP-OFJ6N53", "TimeCreated": "2025-03-31 02:30:48.668156+00:00", "RecordID": "8456", "Level": "4", "UserID": "S-1-5-18", "EventData.updateCount": "3", "EventData.serviceGuid": "{8b24b027-1dee-babb-9a95-3517dfb9c552}"}
{"EventID": "41", "Channel": "Microsoft-Windows-WindowsUpdateClient/Operational", "Provider_Name": "Microsoft-Windows-WindowsUpdateClient", "Computer": "DESKTOP-OFJ6N53", "TimeCreated": "2025-03-31 02:30:49.568411+00:00", "RecordID": "8457", "Level": "4", "UserID": "S-1-5-18", "EventData.updateTitle": "Обновление механизма обнаружения угроз для Microsoft Defender Antivirus — KB2267602 (версия 1.425.344.0) — Актуальный канал (широкий выпуск)", "EventData.updateGuid": "{ff0f9878-4ec8-4ad6-ac1d-1b9f88652367}", "EventData.updateRevisionNumber": "200"}
{"EventID": "26", "Channel": "Microsoft-Windows-WindowsUpdateClient/Operational", "Provider_Name": "Microsoft-Windows-WindowsUpdateClient", "Computer": "DESKTOP-OFJ6N53", "TimeCreated": "2025-03-31 09:00:10.384405+00:00", "RecordID": "8458", "Level": "4", "UserID": "S-1-5-18", "EventData.updateCount": "0", "EventData.serviceGuid": "{855e8a7c-ecb4-4ca3-b045-1dfa50104289}"}
{"EventID": "26", "Channel": "Microsoft-Windows-WindowsUpdateClient/Operational", "Provider_Name": "Microsoft-Windows-WindowsUpdateClient", "Computer": "DESKTOP-OFJ6N53", "TimeCreated": "2025-03-31 18:34:56.235556+00:00", "RecordID": "8459", "Level": "4", "UserID": "S-1-5-18", "EventData.updateCount": "1", "EventData.serviceGuid": "{855e8a7c-ecb4-4ca3-b045-1dfa50104289}"}
{"EventID": "26", "Channel": "Microsoft-Windows-WindowsUpdateClient/Operational", "Provider_Name": "Microsoft-Windows-WindowsUpdateClient", "Computer": "DESKTOP-OFJ6N53", "TimeCreated": "2025-03-31 18:35:02.794514+00:00", "RecordID": "8460", "Level": "4", "UserID": "S-1-5-18", "EventData.updateCount": "1", "EventData.serviceGuid": "{855e8a7c-ecb4-4ca3-b045-1dfa50104289}"}
{"EventID": "41", "Channel": "Microsoft-Windows-WindowsUpdateClient/Operational", "Provider_Name": "Microsoft-Windows-WindowsUpdateClient", "Computer": "DESKTOP-OFJ6N53", "TimeCreated": "2025-03-31 18:35:24.641161+00:00", "RecordID": "8461", "Level": "4", "UserID": "S-1-5-18", "EventData.updateTitle": "9WZDNCRFJBH4-Microsoft.Windows.Photos", "EventData.updateGuid": "{1c22f9d4-0fd5-4384-9b49-5f740a1b0a31}", "EventData.updateRevisionNumber": "1"}
{"EventID": "26", "Channel": "Microsoft-Windows-WindowsUpdateClient/Operational", "Provider_Name": "Microsoft-Windows-WindowsUpdateClient", "Computer": "DESKTOP-OFJ6N53", "TimeCreated": "2025-04-01 00:35:34.747292+00:00", "RecordID": "8462", "Level": "4", "UserID": "S-1-5-18", "EventData.updateCount": "3", "EventData.serviceGuid": "{9482f4b4-e343-43b6-b170-9a65bc822c77}"}
{"EventID": "26", "Channel": "Microsoft-Windows-WindowsUpdateClient/Operational", "Provider_Name": "Microsoft-Windows-WindowsUpdateClient", "Computer": "DESKTOP-OFJ6N53", "TimeCreated": "2025-04-01 00:35:34.747297+00:00", "RecordID": "8463", "Level": "4", "UserID": "S-1-5-18", "EventData.updateCount": "3", "EventData.serviceGuid": "{8b24b027-1dee-babb-9a95-3517dfb9c552}"}
{"EventID": "41", "Channel": "Microsoft-Windows-WindowsUpdateClient/Operational", "Provider_Name": "Microsoft-Windows-WindowsUpdateClient", "Computer": "DESKTOP-OFJ6N53", "TimeCreated": "2025-04-01 00:35:39.629238+00:00", "RecordID": "8464", "Level": "4", "UserID": "S-1-5-18", "EventData.updateTitle": "Обновление механизма обнаружения угроз для Microsoft Defender Antivirus — KB2267602 (версия 1.425.358.0) — Актуальный канал (широкий выпуск)", "EventData.updateGuid": "{cffa0781-0445-4027-bcee-f1ea4e8efb5b}", "EventData.updateRevisionNumber": "200"}
{"EventID": "41", "Channel": "Microsoft-Windows-WindowsUpdateClient/Operational", "Provider_Name": "Microsoft-Windows-WindowsUpdateClient", "Computer": "DESKTOP-OFJ6N53", "TimeCreated": "2025-04-01 00:35:39.629238+00:00", "RecordID": "8465", "Level": "4", "UserID": "S-1-5-18", "EventData.updateTitle": "Обновление для антивредоносной платформы Microsoft Defender Antivirus — KB4052623 (версия 4.18.25020.1009) — Актуальный канал (широкий выпуск)", "EventData.updateGuid": "{02f542f3-a292-4478-afdb-6f391da0e42e}", "EventData.updateRevisionNumber": "200"}
{"EventID": "26", "Channel": "Microsoft-Windows-WindowsUpdateClient/Operational", "Provider_Name": "Microsoft-Windows-WindowsUpdateClient", "Computer": "DESKTOP-OFJ6N53", "TimeCreated": "2025-04-01 00:46:27.799450+00:00", "RecordID": "8466", "Level": "4", "UserID": "S-1-5-18", "EventData.updateCount": "0", "EventData.serviceGuid": "{9482f4b4-e343-43b6-b170-9a65bc822c77}"}
{"EventID": "26", "Channel": "Microsoft-Windows-WindowsUpdateClient/Operational", "Provider_Name": "Microsoft-Windows-WindowsUpdateClient", "Computer": "DESKTOP-OFJ6N53", "TimeCreated": "2025-04-01 00:46:27.799456+00:00", "RecordID": "8467", "Level": "4", "UserID": "S-1-5-18", "EventData.updateCount": "0", "EventData.serviceGuid": "{8b24b027-1dee-babb-9a95-3517dfb9c552}"}
{"EventID": "26", "Channel": "Microsoft-Windows-WindowsUpdateClient/Operational", "Provider_Name": "Microsoft-Windows-WindowsUpdateClient", "Computer": "DESKTOP-OFJ6N53", "TimeCreated": "2025-04-01 16:08:49.629244+00:00", "RecordID": "8468", "Level": "4", "UserID": "S-1-5-18", "EventData.updateCount": "2", "EventData.serviceGuid": "{9482f4b4-e343-43b6-b170-9a65bc822c77}"}
{"EventID": "26", "Channel": "Microsoft-Windows-WindowsUpdateClient/Operational", "Provider_Name": "Microsoft-Windows-WindowsUpdateClient", "Computer": "DESKTOP-OFJ6N53", "TimeCreated": "2025-04-01 16:08:54.339981+00:00", "RecordID": "8469", "Level": "4", "UserID": "S-1-5-18", "EventData.updateCount": "3", "EventData.serviceGuid": "{8b24b027-1dee-babb-9a95-3517dfb9c552}"}
{"EventID": "41", "Channel": "Microsoft-Windows-WindowsUpdateClient/Operational", "Provider_Name": "Microsoft-Windows-WindowsUpdateClient", "Computer": "DESKTOP-OFJ6N53", "TimeCreated": "2025-04-01 16:08:54.339985+00:00", "RecordID": "8470", "Level": "4", "UserID": "S-1-5-18", "EventData.updateTitle": "Обновление механизма обнаружения угроз для Microsoft Defender Antivirus — KB2267602 (версия 1.425.370.0) — Актуальный канал (широкий выпуск)", "EventData.updateGuid": "{bb08834b-3abf-41b6-82d4-e161fa368806}", "EventData.updateRevisionNumber": "200"}
{"EventID": "26", "Channel": "Microsoft-Windows-WindowsUpdateClient/Operational", "Provider_Name": "Microsoft-Windows-WindowsUpdateClient", "Computer": "DESKTOP-OFJ6N53", "TimeCreated": "2025-04-01 16:14:18.200583+00:00", "RecordID": "8471", "Level": "4", "UserID": "S-1-5-18", "EventData.updateCount": "0", "EventData.serviceGuid": "{9482f4b4-e343-43b6-b170-9a65bc822c77}"}
{"EventID": "26", "Channel": "Microsoft-Windows-WindowsUpdateClient/Operational", "Provider_Name": "Microsoft-Windows-WindowsUpdateClient", "Computer": "DESKTOP-OFJ6N53", "TimeCreated": "2025-04-01 16:14:18.200590+00:00", "RecordID": "8472", "Level": "4", "UserID": "S-1-5-18", "EventData.updateCount": "0", "EventData.serviceGuid": "{8b24b027-1dee-babb-9a95-3517dfb9c552}"}
{"EventID": "26", "Channel": "Microsoft-Windows-WindowsUpdateClient/Operational", "Provider_Name": "Microsoft-Windows-WindowsUpdateClient", "Computer": "DESKTOP-OFJ6N53", "TimeCreated": "2025-04-02 09:27:45.800322+00:00", "RecordID": "8473", "Level": "4", "UserID": "S-1-5-18", "EventData.updateCount": "1", "EventData.serviceGuid": "{855e8a7c-ecb4-4ca3-b045-1dfa50104289}"}
{"EventID": "26", "Channel": "Microsoft-Windows-WindowsUpdateClient/Operational", "Provider_Name": "Microsoft-Windows-WindowsUpdateClient", "Computer": "DESKTOP-OFJ6N53", "TimeCreated": "2025-04-02 09:27:52.316589+00:00", "RecordID": "8474", "Level": "4", "UserID": "S-1-5-18", "EventData.updateCount": "1", "EventData.serviceGuid": "{855e8a7c-ecb4-4ca3-b045-1dfa50104289}"}
{"EventID": "41", "Channel": "Microsoft-Windows-WindowsUpdateClient/Operational", "Provider_Name": "Microsoft-Windows-WindowsUpdateClient", "Computer": "DESKTOP-OFJ6N53", "TimeCreated": "2025-04-02 09:27:57.907911+00:00", "RecordID": "8475", "Level": "4", "UserID": "S-1-5-18", "EventData.updateTitle": "9NBLGGH4LS1F-Microsoft.StorePurchaseApp", "EventData.updateGuid": "{65a6eabc-08d7-41f6-81d7-5963fca0a3db}", "EventData.updateRevisionNumber": "1"}
{"EventID": "26", "Channel": "Microsoft-Windows-WindowsUpdateClient/Operational", "Provider_Name": "Microsoft-Windows-WindowsUpdateClient", "Computer": "DESKTOP-OFJ6N53", "TimeCreated": "2025-04-02 09:29:09.104668+00:00", "RecordID": "8476", "Level": "4", "UserID": "S-1-5-18", "EventData.updateCount": "1", "EventData.serviceGuid": "{9482f4b4-e343-43b6-b170-9a65bc822c77}"}
{"EventID": "26", "Channel": "Microsoft-Windows-WindowsUpdateClient/Operational", "Provider_Name": "Microsoft-Windows-WindowsUpdateClient", "Computer": "DESKTOP-OFJ6N53", "TimeCreated": "2025-04-02 09:29:09.104673+00:00", "RecordID": "8477", "Level": "4", "UserID": "S-1-5-18", "EventData.updateCount": "0", "EventData.serviceGuid": "{8b24b027-1dee-babb-9a95-3517dfb9c552}"}
{"EventID": "41", "Channel": "Microsoft-Windows-WindowsUpdateClient/Operational", "Provider_Name": "Microsoft-Windows-WindowsUpdateClient", "Computer": "DESKTOP-OFJ6N53", "TimeCreated": "2025-04-02 09:29:09.104677+00:00", "RecordID": "8478", "Level": "4", "UserID": "S-1-5-18", "EventData.updateTitle": "Обновление механизма обнаружения угроз для Microsoft Defender Antivirus — KB2267602 (версия 1.427.11.0) — Актуальный канал (широкий выпуск)", "EventData.updateGuid": "{88fefe01-2d32-45ca-bb6c-2896c5c92634}", "EventData.updateRevisionNumber": "200"}
{"EventID": "26", "Channel": "Microsoft-Windows-WindowsUpdateClient/Operational", "Provider_Name": "Microsoft-Windows-WindowsUpdateClient", "Computer": "DESKTOP-OFJ6N53", "TimeCreated": "2025-04-02 09:42:12.277328+00:00", "RecordID": "8479", "Level": "4", "UserID": "S-1-5-18", "EventData.updateCount": "0", "EventData.serviceGuid": "{9482f4b4-e343-43b6-b170-9a65bc822c77}"}
{"EventID": "26", "Channel": "Microsoft-Windows-WindowsUpdateClient/Operational", "Provider_Name": "Microsoft-Windows-WindowsUpdateClient", "Computer": "DESKTOP-OFJ6N53", "TimeCreated": "2025-04-02 09:42:12.277334+00:00", "RecordID": "8480", "Level": "4", "UserID": "S-1-5-18", "EventData.updateCount": "0", "EventData.serviceGuid": "{8b24b027-1dee-babb-9a95-3517dfb9c552}"}
{"EventID": "26", "Channel": "Microsoft-Windows-WindowsUpdateClient/Operational", "Provider_Name": "Microsoft-Windows-WindowsUpdateClient", "Computer": "DESKTOP-OFJ6N53", "TimeCreated": "2025-04-02 10:26:55.198931+00:00", "RecordID": "8481", "Level": "4", "UserID": "S-1-5-18", "EventData.updateCount": "0", "EventData.serviceGuid": "{9482f4b4-e343-43b6-b170-9a65bc822c77}"}
{"EventID": "26", "Channel": "Microsoft-Windows-WindowsUpdateClient/Operational", "Provider_Name": "Microsoft-Windows-WindowsUpdateClient", "Computer": "DESKTOP-OFJ6N53", "TimeCreated": "2025-04-02 10:26:55.198935+00:00", "RecordID": "8482", "Level": "4", "UserID": "S-1-5-18", "EventData.updateCount": "0", "EventData.serviceGuid": "{8b24b027-1dee-babb-9a95-3517dfb9c552}"}
{"EventID": "26", "Channel": "Microsoft-Windows-WindowsUpdateClient/Operational", "Provider_Name": "Microsoft-Windows-WindowsUpdateClient", "Computer": "DESKTOP-OFJ6N53", "TimeCreated": "2025-04-02 10:45:05.390293+00:00", "RecordID": "8483", "Level": "4", "UserID": "S-1-5-18", "EventData.updateCount": "0", "EventData.serviceGuid": "{9482f4b4-e343-43b6-b170-9a65bc822c77}"}
{"EventID": "26", "Channel": "Microsoft-Windows-WindowsUpdateClient/Operational", "Provider_Name": "Microsoft-Windows-WindowsUpdateClient", "Computer": "DESKTOP-OFJ6N53", "TimeCreated": "2025-04-02 10:45:05.390303+00:00", "RecordID": "8484", "Level": "4", "UserID": "S-1-5-18", "EventData.updateCount": "0", "EventData.serviceGuid": "{8b24b027-1dee-babb-9a95-3517dfb9c552}"}
{"EventID": "26", "Channel": "Microsoft-Windows-WindowsUpdateClient/Operational", "Provider_Name": "Microsoft-Windows-WindowsUpdateClient", "Computer": "DESKTOP-OFJ6N53", "TimeCreated": "2025-04-02 12:39:28.661327+00:00", "RecordID": "8485", "Level": "4", "UserID": "S-1-5-18", "EventData.updateCount": "2", "EventData.serviceGuid": "{9482f4b4-e343-43b6-b170-9a65bc822c77}"}
{"EventID": "26", "Channel": "Microsoft-Windows-WindowsUpdateClient/Operational", "Provider_Name": "Microsoft-Windows-WindowsUpdateClient", "Computer": "DESKTOP-OFJ6N53", "TimeCreated": "2025-04-02 12:39:37.163876+00:00", "RecordID": "8486", "Level": "4", "UserID": "S-1-5-18", "EventData.updateCount": "2", "EventData.serviceGuid": "{8b24b027-1dee-babb-9a95-3517dfb9c552}"}
{"EventID": "41", "Channel": "Microsoft-Windows-WindowsUpdateClient/Operational", "Provider_Name": "Microsoft-Windows-WindowsUpdateClient", "Computer": "DESKTOP-OFJ6N53", "TimeCreated": "2025-04-02 12:39:39.641359+00:00", "RecordID": "8487", "Level": "4", "UserID": "S-1-5-18", "EventData.updateTitle": "Обновление механизма обнаружения угроз для Microsoft Defender Antivirus — KB2267602 (версия 1.427.12.0) — Актуальный канал (широкий выпуск)", "EventData.updateGuid": "{b930b2d7-9d9e-425f-963f-9e62cf3cdd07}", "EventData.updateRevisionNumber": "200"}
{"EventID": "26", "Channel": "Microsoft-Windows-WindowsUpdateClient/Operational", "Provider_Name": "Microsoft-Windows-WindowsUpdateClient", "Computer": "DESKTOP-OFJ6N53", "TimeCreated": "2025-04-02 23:39:45.563999+00:00", "RecordID": "8488", "Level": "4", "UserID": "S-1-5-18", "EventData.updateCount": "2", "EventData.serviceGuid": "{9482f4b4-e343-43b6-b170-9a65bc822c77}"}
{"EventID": "26", "Channel": "Microsoft-Windows-WindowsUpdateClient/Operational", "Provider_Name": "Microsoft-Windows-WindowsUpdateClient", "Computer": "DESKTOP-OFJ6N53", "TimeCreated": "2025-04-02 23:39:54.609921+00:00", "RecordID": "8489", "Level": "4", "UserID": "S-1-5-18", "EventData.updateCount": "2", "EventData.serviceGuid": "{8b24b027-1dee-babb-9a95-3517dfb9c552}"}
{"EventID": "41", "Channel": "Microsoft-Windows-WindowsUpdateClient/Operational", "Provider_Name": "Microsoft-Windows-WindowsUpdateClient", "Computer": "DESKTOP-OFJ6N53", "TimeCreated": "2025-04-02 23:39:57.396080+00:00", "RecordID": "8490", "Level": "4", "UserID": "S-1-5-18", "EventData.updateTitle": "Обновление механизма обнаружения угроз для Microsoft Defender Antivirus — KB2267602 (версия 1.427.24.0) — Актуальный канал (широкий выпуск)", "EventData.updateGuid": "{86dbce2e-49c2-47f0-97a5-ef9b603d8e59}", "EventData.updateRevisionNumber": "200"}
{"EventID": "26", "Channel": "Microsoft-Windows-WindowsUpdateClient/Operational", "Provider_Name": "Microsoft-Windows-WindowsUpdateClient", "Computer": "DESKTOP-OFJ6N53", "TimeCreated": "2025-04-03 10:32:17.910860+00:00", "RecordID": "8491", "Level": "4", "UserID": "S-1-5-18", "EventData.updateCount": "0", "EventData.serviceGuid": "{855e8a7c-ecb4-4ca3-b045-1dfa50104289}"}
{"EventID": "26", "Channel": "Microsoft-Windows-WindowsUpdateClient/Operational", "Provider_Name": "Microsoft-Windows-WindowsUpdateClient", "Computer": "DESKTOP-OFJ6N53", "TimeCreated": "2025-04-03 10:44:50.348396+00:00", "RecordID": "8492", "Level": "4", "UserID": "S-1-5-18", "EventData.updateCount": "1", "EventData.serviceGuid": "{9482f4b4-e343-43b6-b170-9a65bc822c77}"}
{"EventID": "26", "Channel": "Microsoft-Windows-WindowsUpdateClient/Operational", "Provider_Name": "Microsoft-Windows-WindowsUpdateClient", "Computer": "DESKTOP-OFJ6N53", "TimeCreated": "2025-04-03 10:44:50.348400+00:00", "RecordID": "8493", "Level": "4", "UserID": "S-1-5-18", "EventData.updateCount": "0", "EventData.serviceGuid": "{8b24b027-1dee-babb-9a95-3517dfb9c552}"}
{"EventID": "41", "Channel": "Microsoft-Windows-WindowsUpdateClient/Operational", "Provider_Name": "Microsoft-Windows-WindowsUpdateClient", "Computer": "DESKTOP-OFJ6N53", "TimeCreated": "2025-04-03 10:44:52.202648+00:00", "RecordID": "8494", "Level": "4", "UserID": "S-1-5-18", "EventData.updateTitle": "Обновление механизма обнаружения угроз для Microsoft Defender Antivirus — KB2267602 (версия 1.427.33.0) — Актуальный канал (широкий выпуск)", "EventData.updateGuid": "{2f391db0-ce28-4a71-9160-2bc45f2cc5af}", "EventData.updateRevisionNumber": "200"}
{"EventID": "26", "Channel": "Microsoft-Windows-WindowsUpdateClient/Operational", "Provider_Name": "Microsoft-Windows-WindowsUpdateClient", "Computer": "DESKTOP-OFJ6N53", "TimeCreated": "2025-04-03 20:29:20.320333+00:00", "RecordID": "8495", "Level": "4", "UserID": "S-1-5-18", "EventData.updateCount": "2", "EventData.serviceGuid": "{9482f4b4-e343-43b6-b170-9a65bc822c77}"}
{"EventID": "26", "Channel": "Microsoft-Windows-WindowsUpdateClient/Operational", "Provider_Name": "Microsoft-Windows-WindowsUpdateClient", "Computer": "DESKTOP-OFJ6N53", "TimeCreated": "2025-04-03 20:29:29.188112+00:00", "RecordID": "8496", "Level": "4", "UserID": "S-1-5-18", "EventData.updateCount": "2", "EventData.serviceGuid": "{8b24b027-1dee-babb-9a95-3517dfb9c552}"}
{"EventID": "41", "Channel": "Microsoft-Windows-WindowsUpdateClient/Operational", "Provider_Name": "Microsoft-Windows-WindowsUpdateClient", "Computer": "DESKTOP-OFJ6N53", "TimeCreated": "2025-04-03 20:29:32.814865+00:00", "RecordID": "8497", "Level": "4", "UserID": "S-1-5-18", "EventData.updateTitle": "Обновление механизма обнаружения угроз для Microsoft Defender Antivirus — KB2267602 (версия 1.427.39.0) — Актуальный канал (широкий выпуск)", "EventData.updateGuid": "{8474b605-7ce5-499d-92d0-1761b336d27a}", "EventData.updateRevisionNumber": "201"}
{"EventID": "26", "Channel": "Microsoft-Windows-WindowsUpdateClient/Operational", "Provider_Name": "Microsoft-Windows-WindowsUpdateClient", "Computer": "DESKTOP-OFJ6N53", "TimeCreated": "2025-04-04 10:45:00.688900+00:00", "RecordID": "8498", "Level": "4", "UserID": "S-1-5-18", "EventData.updateCount": "1", "EventData.serviceGuid": "{9482f4b4-e343-43b6-b170-9a65bc822c77}"}
{"EventID": "26", "Channel": "Microsoft-Windows-WindowsUpdateClient/Operational", "Provider_Name": "Microsoft-Windows-WindowsUpdateClient", "Computer": "DESKTOP-OFJ6N53", "TimeCreated": "2025-04-04 10:45:00.688906+00:00", "RecordID": "8499", "Level": "4", "UserID": "S-1-5-18", "EventData.updateCount": "0", "EventData.serviceGuid": "{8b24b027-1dee-babb-9a95-3517dfb9c552}"}
{"EventID": "41", "Channel": "Microsoft-Windows-WindowsUpdateClient/Operational", "Provider_Name": "Microsoft-Windows-WindowsUpdateClient", "Computer": "DESKTOP-OFJ6N53", "TimeCreated": "2025-04-04 10:45:00.688910+00:00", "RecordID": "8500", "Level": "4", "UserID": "S-1-5-18", "EventData.updateTitle": "Обновление механизма обнаружения угроз для Microsoft Defender Antivirus — KB2267602 (версия 1.427.54.0) — Актуальный канал (широкий выпуск)", "EventData.updateGuid": "{595299ab-1574-438f-a725-f2cf55bbb4ad}", "EventData.updateRevisionNumber": "200"}
{"EventID": "26", "Channel": "Microsoft-Windows-WindowsUpdateClient/Operational", "Provider_Name": "Microsoft-Windows-WindowsUpdateClient", "Computer": "DESKTOP-OFJ6N53", "TimeCreated": "2025-04-04 18:38:41.178383+00:00", "RecordID": "8501", "Level": "4", "UserID": "S-1-5-18", "EventData.updateCount": "2", "EventData.serviceGuid": "{9482f4b4-e343-43b6-b170-9a65bc822c77}"}
{"EventID": "26", "Channel": "Microsoft-Windows-WindowsUpdateClient/Operational", "Provider_Name": "Microsoft-Windows-WindowsUpdateClient", "Computer": "DESKTOP-OFJ6N53", "TimeCreated": "2025-04-04 18:38:49.877769+00:00", "RecordID": "8502", "Level": "4", "UserID": "S-1-5-18", "EventData.updateCount": "2", "EventData.serviceGuid": "{8b24b027-1dee-babb-9a95-3517dfb9c552}"}
{"EventID": "41", "Channel": "Microsoft-Windows-WindowsUpdateClient/Operational", "Provider_Name": "Microsoft-Windows-WindowsUpdateClient", "Computer": "DESKTOP-OFJ6N53", "TimeCreated": "2025-04-04 18:38:54.550701+00:00", "RecordID": "8503", "Level": "4", "UserID": "S-1-5-18", "EventData.updateTitle": "Обновление механизма обнаружения угроз для Microsoft Defender Antivirus — KB2267602 (версия 1.427.67.0) — Актуальный канал (широкий выпуск)", "EventData.updateGuid": "{dc13c420-6bd8-4ace-8eb8-69bcd81b6e48}", "EventData.updateRevisionNumber": "200"}
{"EventID": "26", "Channel": "Microsoft-Windows-WindowsUpdateClient/Operational", "Provider_Name": "Microsoft-Windows-WindowsUpdateClient", "Computer": "DESKTOP-OFJ6N53", "TimeCreated": "2025-04-04 23:32:32.841595+00:00", "RecordID": "8504", "Level": "4", "UserID": "S-1-5-18", "EventData.updateCount": "4", "EventData.serviceGuid": "{855e8a7c-ecb4-4ca3-b045-1dfa50104289}"}
{"EventID": "26", "Channel": "Microsoft-Windows-WindowsUpdateClient/Operational", "Provider_Name": "Microsoft-Windows-WindowsUpdateClient", "Computer": "DESKTOP-OFJ6N53", "TimeCreated": "2025-04-04 23:32:47.136589+00:00", "RecordID": "8505", "Level": "4", "UserID": "S-1-5-18", "EventData.updateCount": "4", "EventData.serviceGuid": "{855e8a7c-ecb4-4ca3-b045-1dfa50104289}"}
{"EventID": "41", "Channel": "Microsoft-Windows-WindowsUpdateClient/Operational", "Provider_Name": "Microsoft-Windows-WindowsUpdateClient", "Computer": "DESKTOP-OFJ6N53", "TimeCreated": "2025-04-04 23:33:33.374704+00:00", "RecordID": "8506", "Level": "4", "UserID": "S-1-5-18", "EventData.updateTitle": "9NZKPSTSNW4P-Microsoft.XboxGamingOverlay", "EventData.updateGuid": "{93404ba8-a857-43a6-b12a-080a731c3121}", "EventData.updateRevisionNumber": "1"}
{"EventID": "41", "Channel": "Microsoft-Windows-WindowsUpdateClient/Operational", "Provider_Name": "Microsoft-Windows-WindowsUpdateClient", "Computer": "DESKTOP-OFJ6N53", "TimeCreated": "2025-04-04 23:33:33.374708+00:00", "RecordID": "8507", "Level": "4", "UserID": "S-1-5-18", "EventData.updateTitle": "9WZDNCRFJBMP-MICROSOFT.WINDOWSSTORE", "EventData.updateGuid": "{3fd98426-1153-4372-ae1c-7960091ba6ce}", "EventData.updateRevisionNumber": "1"}
{"EventID": "41", "Channel": "Microsoft-Windows-WindowsUpdateClient/Operational", "Provider_Name": "Microsoft-Windows-WindowsUpdateClient", "Computer": "DESKTOP-OFJ6N53", "TimeCreated": "2025-04-04 23:33:40.303568+00:00", "RecordID": "8508", "Level": "4", "UserID": "S-1-5-18", "EventData.updateTitle": "9WZDNCRFJBH4-Microsoft.Windows.Photos", "EventData.updateGuid": "{dfdede00-5eb2-464b-b0ea-f8e4e48912af}", "EventData.updateRevisionNumber": "1"}
{"EventID": "41", "Channel": "Microsoft-Windows-WindowsUpdateClient/Operational", "Provider_Name": "Microsoft-Windows-WindowsUpdateClient", "Computer": "DESKTOP-OFJ6N53", "TimeCreated": "2025-04-04 23:33:59.659538+00:00", "RecordID": "8509", "Level": "4", "UserID": "S-1-5-18", "EventData.updateTitle": "9WZDNCRD29V9-MICROSOFT.MICROSOFTOFFICEHUB", "EventData.updateGuid": "{8039ed68-c3ab-4690-aa85-280009c39404}", "EventData.updateRevisionNumber": "1"}
{"EventID": "26", "Channel": "Microsoft-Windows-WindowsUpdateClient/Operational", "Provider_Name": "Microsoft-Windows-WindowsUpdateClient", "Computer": "DESKTOP-OFJ6N53", "TimeCreated": "2025-04-05 10:45:02.096804+00:00", "RecordID": "8510", "Level": "4", "UserID": "S-1-5-18", "EventData.updateCount": "1", "EventData.serviceGuid": "{9482f4b4-e343-43b6-b170-9a65bc822c77}"}
{"EventID": "26", "Channel": "Microsoft-Windows-WindowsUpdateClient/Operational", "Provider_Name": "Microsoft-Windows-WindowsUpdateClient", "Computer": "DESKTOP-OFJ6N53", "TimeCreated": "2025-04-05 10:45:02.096809+00:00", "RecordID": "8511", "Level": "4", "UserID": "S-1-5-18", "EventData.updateCount": "0", "EventData.serviceGuid": "{8b24b027-1dee-babb-9a95-3517dfb9c552}"}
{"EventID": "41", "Channel": "Microsoft-Windows-WindowsUpdateClient/Operational", "Provider_Name": "Microsoft-Windows-WindowsUpdateClient", "Computer": "DESKTOP-OFJ6N53", "TimeCreated": "2025-04-05 10:45:05.389059+00:00", "RecordID": "8512", "Level": "4", "UserID": "S-1-5-18", "EventData.updateTitle": "Обновление механизма обнаружения угроз для Microsoft Defender Antivirus — KB2267602 (версия 1.427.80.0) — Актуальный канал (широкий выпуск)", "EventData.updateGuid": "{15a3a582-eaa6-4bf0-962e-c14bff158826}", "EventData.updateRevisionNumber": "200"}
{"EventID": "26", "Channel": "Microsoft-Windows-WindowsUpdateClient/Operational", "Provider_Name": "Microsoft-Windows-WindowsUpdateClient", "Computer": "DESKTOP-OFJ6N53", "TimeCreated": "2025-04-05 16:49:17.215099+00:00", "RecordID": "8513", "Level": "4", "UserID": "S-1-5-18", "EventData.updateCount": "2", "EventData.serviceGuid": "{9482f4b4-e343-43b6-b170-9a65bc822c77}"}
{"EventID": "26", "Channel": "Microsoft-Windows-WindowsUpdateClient/Operational", "Provider_Name": "Microsoft-Windows-WindowsUpdateClient", "Computer": "DESKTOP-OFJ6N53", "TimeCreated": "2025-04-05 16:49:27.450377+00:00", "RecordID": "8514", "Level": "4", "UserID": "S-1-5-18", "EventData.updateCount": "3", "EventData.serviceGuid": "{8b24b027-1dee-babb-9a95-3517dfb9c552}"}
{"EventID": "41", "Channel": "Microsoft-Windows-WindowsUpdateClient/Operational", "Provider_Name": "Microsoft-Windows-WindowsUpdateClient", "Computer": "DESKTOP-OFJ6N53", "TimeCreated": "2025-04-05 16:49:30.367588+00:00", "RecordID": "8515", "Level": "4", "UserID": "S-1-5-18", "EventData.updateTitle": "Обновление механизма обнаружения угроз для Microsoft Defender Antivirus — KB2267602 (версия 1.427.82.0) — Актуальный канал (широкий выпуск)", "EventData.updateGuid": "{aaaee7c2-a976-4d7e-89bd-a4a8ea96fae0}", "EventData.updateRevisionNumber": "200"}
{"EventID": "26", "Channel": "Microsoft-Windows-WindowsUpdateClient/Operational", "Provider_Name": "Microsoft-Windows-WindowsUpdateClient", "Computer": "DESKTOP-OFJ6N53", "TimeCreated": "2025-04-06 01:23:41.138615+00:00", "RecordID": "8516", "Level": "4", "UserID": "S-1-5-18", "EventData.updateCount": "0", "EventData.serviceGuid": "{9482f4b4-e343-43b6-b170-9a65bc822c77}"}
{"EventID": "26", "Channel": "Microsoft-Windows-WindowsUpdateClient/Operational", "Provider_Name": "Microsoft-Windows-WindowsUpdateClient", "Computer": "DESKTOP-OFJ6N53", "TimeCreated": "2025-04-06 01:23:50.344555+00:00", "RecordID": "8517", "Level": "4", "UserID": "S-1-5-18", "EventData.updateCount": "3", "EventData.serviceGuid": "{8b24b027-1dee-babb-9a95-3517dfb9c552}"}
{"EventID": "26", "Channel": "Microsoft-Windows-WindowsUpdateClient/Operational", "Provider_Name": "Microsoft-Windows-WindowsUpdateClient", "Computer": "DESKTOP-OFJ6N53", "TimeCreated": "2025-04-06 08:34:54.551161+00:00", "RecordID": "8518", "Level": "4", "UserID": "S-1-5-18", "EventData.updateCount": "0", "EventData.serviceGuid": "{855e8a7c-ecb4-4ca3-b045-1dfa50104289}"}
{"EventID": "26", "Channel": "Microsoft-Windows-WindowsUpdateClient/Operational", "Provider_Name": "Microsoft-Windows-WindowsUpdateClient", "Computer": "DESKTOP-OFJ6N53", "TimeCreated": "2025-04-06 10:45:01.037367+00:00", "RecordID": "8519", "Level": "4", "UserID": "S-1-5-18", "EventData.updateCount": "1", "EventData.serviceGuid": "{9482f4b4-e343-43b6-b170-9a65bc822c77}"}
{"EventID": "26", "Channel": "Microsoft-Windows-WindowsUpdateClient/Operational", "Provider_Name": "Microsoft-Windows-WindowsUpdateClient", "Computer": "DESKTOP-OFJ6N53", "TimeCreated": "2025-04-06 10:45:01.037373+00:00", "RecordID": "8520", "Level": "4", "UserID": "S-1-5-18", "EventData.updateCount": "0", "EventData.serviceGuid": "{8b24b027-1dee-babb-9a95-3517dfb9c552}"}
{"EventID": "41", "Channel": "Microsoft-Windows-WindowsUpdateClient/Operational", "Provider_Name": "Microsoft-Windows-WindowsUpdateClient", "Computer": "DESKTOP-OFJ6N53", "TimeCreated": "2025-04-06 10:45:03.046059+00:00", "RecordID": "8521", "Level": "4", "UserID": "S-1-5-18", "EventData.updateTitle": "Обновление механизма обнаружения угроз для Microsoft Defender Antivirus — KB2267602 (версия 1.427.89.0) — Актуальный канал (широкий выпуск)", "EventData.updateGuid": "{1bb6fc3c-4a9e-4790-aa72-f817aa9acf2e}", "EventData.updateRevisionNumber": "200"}
{"EventID": "26", "Channel": "Microsoft-Windows-WindowsUpdateClient/Operational", "Provider_Name": "Microsoft-Windows-WindowsUpdateClient", "Computer": "DESKTOP-OFJ6N53", "TimeCreated": "2025-04-06 14:05:38.065226+00:00", "RecordID": "8522", "Level": "4", "UserID": "S-1-5-18", "EventData.updateCount": "2", "EventData.serviceGuid": "{9482f4b4-e343-43b6-b170-9a65bc822c77}"}
{"EventID": "26", "Channel": "Microsoft-Windows-WindowsUpdateClient/Operational", "Provider_Name": "Microsoft-Windows-WindowsUpdateClient", "Computer": "DESKTOP-OFJ6N53", "TimeCreated": "2025-04-06 14:05:50.003744+00:00", "RecordID": "8523", "Level": "4", "UserID": "S-1-5-18", "EventData.updateCount": "3", "EventData.serviceGuid": "{8b24b027-1dee-babb-9a95-3517dfb9c552}"}
{"EventID": "41", "Channel": "Microsoft-Windows-WindowsUpdateClient/Operational", "Provider_Name": "Microsoft-Windows-WindowsUpdateClient", "Computer": "DESKTOP-OFJ6N53", "TimeCreated": "2025-04-06 14:05:54.800690+00:00", "RecordID": "8524", "Level": "4", "UserID": "S-1-5-18", "EventData.updateTitle": "Обновление механизма обнаружения угроз для Microsoft Defender Antivirus — KB2267602 (версия 1.427.91.0) — Актуальный канал (широкий выпуск)", "EventData.updateGuid": "{c6c86848-824f-4c38-8fd7-d579c3a86a93}", "EventData.updateRevisionNumber": "200"}
{"EventID": "26", "Channel": "Microsoft-Windows-WindowsUpdateClient/Operational", "Provider_Name": "Microsoft-Windows-WindowsUpdateClient", "Computer": "DESKTOP-OFJ6N53", "TimeCreated": "2025-04-06 18:02:18.974720+00:00", "RecordID": "8525", "Level": "4", "UserID": "S-1-5-18", "EventData.updateCount": "0", "EventData.serviceGuid": "{855e8a7c-ecb4-4ca3-b045-1dfa50104289}"}
{"EventID": "26", "Channel": "Microsoft-Windows-WindowsUpdateClient/Operational", "Provider_Name": "Microsoft-Windows-WindowsUpdateClient", "Computer": "DESKTOP-OFJ6N53", "TimeCreated": "2025-04-07 10:45:10.740433+00:00", "RecordID": "8526", "Level": "4", "UserID": "S-1-5-18", "EventData.updateCount": "1", "EventData.serviceGuid": "{9482f4b4-e343-43b6-b170-9a65bc822c77}"}
{"EventID": "26", "Channel": "Microsoft-Windows-WindowsUpdateClient/Operational", "Provider_Name": "Microsoft-Windows-WindowsUpdateClient", "Computer": "DESKTOP-OFJ6N53", "TimeCreated": "2025-04-07 10:45:10.740438+00:00", "RecordID": "8527", "Level": "4", "UserID": "S-1-5-18", "EventData.updateCount": "0", "EventData.serviceGuid": "{8b24b027-1dee-babb-9a95-3517dfb9c552}"}
{"EventID": "41", "Channel": "Microsoft-Windows-WindowsUpdateClient/Operational", "Provider_Name": "Microsoft-Windows-WindowsUpdateClient", "Computer": "DESKTOP-OFJ6N53", "TimeCreated": "2025-04-07 10:45:14.064671+00:00", "RecordID": "8528", "Level": "4", "UserID": "S-1-5-18", "EventData.updateTitle": "Обновление механизма обнаружения угроз для Microsoft Defender Antivirus — KB2267602 (версия 1.427.102.0) — Актуальный канал (широкий выпуск)", "EventData.updateGuid": "{794a31e3-b723-4509-8f22-230ae5c44a4d}", "EventData.updateRevisionNumber": "200"}
{"EventID": "26", "Channel": "Microsoft-Windows-WindowsUpdateClient/Operational", "Provider_Name": "Microsoft-Windows-WindowsUpdateClient", "Computer": "DESKTOP-OFJ6N53", "TimeCreated": "2025-04-07 12:24:42.992170+00:00", "RecordID": "8529", "Level": "4", "UserID": "S-1-5-18", "EventData.updateCount": "2", "EventData.serviceGuid": "{9482f4b4-e343-43b6-b170-9a65bc822c77}"}
{"EventID": "26", "Channel": "Microsoft-Windows-WindowsUpdateClient/Operational", "Provider_Name": "Microsoft-Windows-WindowsUpdateClient", "Computer": "DESKTOP-OFJ6N53", "TimeCreated": "2025-04-07 12:24:53.556221+00:00", "RecordID": "8530", "Level": "4", "UserID": "S-1-5-18", "EventData.updateCount": "3", "EventData.serviceGuid": "{8b24b027-1dee-babb-9a95-3517dfb9c552}"}
{"EventID": "41", "Channel": "Microsoft-Windows-WindowsUpdateClient/Operational", "Provider_Name": "Microsoft-Windows-WindowsUpdateClient", "Computer": "DESKTOP-OFJ6N53", "TimeCreated": "2025-04-07 12:24:58.314035+00:00", "RecordID": "8531", "Level": "4", "UserID": "S-1-5-18", "EventData.updateTitle": "Обновление механизма обнаружения угроз для Microsoft Defender Antivirus — KB2267602 (версия 1.427.105.0) — Актуальный канал (широкий выпуск)", "EventData.updateGuid": "{d61eb417-6b86-4f0a-b266-e382737f5e96}", "EventData.updateRevisionNumber": "200"}
{"EventID": "26", "Channel": "Microsoft-Windows-WindowsUpdateClient/Operational", "Provider_Name": "Microsoft-Windows-WindowsUpdateClient", "Computer": "DESKTOP-OFJ6N53", "TimeCreated": "2025-04-07 21:58:33.640850+00:00", "RecordID": "8532", "Level": "4", "UserID": "S-1-5-18", "EventData.updateCount": "0", "EventData.serviceGuid": "{855e8a7c-ecb4-4ca3-b045-1dfa50104289}"}
{"EventID": "26", "Channel": "Microsoft-Windows-WindowsUpdateClient/Operational", "Provider_Name": "Microsoft-Windows-WindowsUpdateClient", "Computer": "DESKTOP-OFJ6N53", "TimeCreated": "2025-04-08 00:18:27.979010+00:00", "RecordID": "8533", "Level": "4", "UserID": "S-1-5-18", "EventData.updateCount": "0", "EventData.serviceGuid": "{9482f4b4-e343-43b6-b170-9a65bc822c77}"}
{"EventID": "26", "Channel": "Microsoft-Windows-WindowsUpdateClient/Operational", "Provider_Name": "Microsoft-Windows-WindowsUpdateClient", "Computer": "DESKTOP-OFJ6N53", "TimeCreated": "2025-04-08 00:18:35.526236+00:00", "RecordID": "8534", "Level": "4", "UserID": "S-1-5-18", "EventData.updateCount": "3", "EventData.serviceGuid": "{8b24b027-1dee-babb-9a95-3517dfb9c552}"}
{"EventID": "26", "Channel": "Microsoft-Windows-WindowsUpdateClient/Operational", "Provider_Name": "Microsoft-Windows-WindowsUpdateClient", "Computer": "DESKTOP-OFJ6N53", "TimeCreated": "2025-04-08 09:10:56.131086+00:00", "RecordID": "8535", "Level": "4", "UserID": "S-1-5-18", "EventData.updateCount": "2", "EventData.serviceGuid": "{9482f4b4-e343-43b6-b170-9a65bc822c77}"}
{"EventID": "26", "Channel": "Microsoft-Windows-WindowsUpdateClient/Operational", "Provider_Name": "Microsoft-Windows-WindowsUpdateClient", "Computer": "DESKTOP-OFJ6N53", "TimeCreated": "2025-04-08 09:11:10.227757+00:00", "RecordID": "8536", "Level": "4", "UserID": "S-1-5-18", "EventData.updateCount": "3", "EventData.serviceGuid": "{8b24b027-1dee-babb-9a95-3517dfb9c552}"}
{"EventID": "41", "Channel": "Microsoft-Windows-WindowsUpdateClient/Operational", "Provider_Name": "Microsoft-Windows-WindowsUpdateClient", "Computer": "DESKTOP-OFJ6N53", "TimeCreated": "2025-04-08 09:11:13.354212+00:00", "RecordID": "8537", "Level": "4", "UserID": "S-1-5-18", "EventData.updateTitle": "Обновление механизма обнаружения угроз для Microsoft Defender Antivirus — KB2267602 (версия 1.427.121.0) — Актуальный канал (широкий выпуск)", "EventData.updateGuid": "{1601fa02-9b9b-40b8-ae74-e6414b5e7193}", "EventData.updateRevisionNumber": "200"}
{"EventID": "26", "Channel": "Microsoft-Windows-WindowsUpdateClient/Operational", "Provider_Name": "Microsoft-Windows-WindowsUpdateClient", "Computer": "DESKTOP-OFJ6N53", "TimeCreated": "2025-04-08 10:45:00.860693+00:00", "RecordID": "8538", "Level": "4", "UserID": "S-1-5-18", "EventData.updateCount": "1", "EventData.serviceGuid": "{9482f4b4-e343-43b6-b170-9a65bc822c77}"}
{"EventID": "26", "Channel": "Microsoft-Windows-WindowsUpdateClient/Operational", "Provider_Name": "Microsoft-Windows-WindowsUpdateClient", "Computer": "DESKTOP-OFJ6N53", "TimeCreated": "2025-04-08 10:45:00.860699+00:00", "RecordID": "8539", "Level": "4", "UserID": "S-1-5-18", "EventData.updateCount": "0", "EventData.serviceGuid": "{8b24b027-1dee-babb-9a95-3517dfb9c552}"}
{"EventID": "41", "Channel": "Microsoft-Windows-WindowsUpdateClient/Operational", "Provider_Name": "Microsoft-Windows-WindowsUpdateClient", "Computer": "DESKTOP-OFJ6N53", "TimeCreated": "2025-04-08 10:45:01.714067+00:00", "RecordID": "8540", "Level": "4", "UserID": "S-1-5-18", "EventData.updateTitle": "Обновление механизма обнаружения угроз для Microsoft Defender Antivirus — KB2267602 (версия 1.427.122.0) — Актуальный канал (широкий выпуск)", "EventData.updateGuid": "{863cff10-8de9-4312-aa82-a154ef8bdd87}", "EventData.updateRevisionNumber": "200"}
{"EventID": "26", "Channel": "Microsoft-Windows-WindowsUpdateClient/Operational", "Provider_Name": "Microsoft-Windows-WindowsUpdateClient", "Computer": "DESKTOP-OFJ6N53", "TimeCreated": "2025-04-09 00:28:48.852861+00:00", "RecordID": "8541", "Level": "4", "UserID": "S-1-5-18", "EventData.updateCount": "0", "EventData.serviceGuid": "{9482f4b4-e343-43b6-b170-9a65bc822c77}"}
{"EventID": "26", "Channel": "Microsoft-Windows-WindowsUpdateClient/Operational", "Provider_Name": "Microsoft-Windows-WindowsUpdateClient", "Computer": "DESKTOP-OFJ6N53", "TimeCreated": "2025-04-09 00:31:21.336842+00:00", "RecordID": "8542", "Level": "4", "UserID": "S-1-5-18", "EventData.updateCount": "3", "EventData.serviceGuid": "{8b24b027-1dee-babb-9a95-3517dfb9c552}"}
{"EventID": "26", "Channel": "Microsoft-Windows-WindowsUpdateClient/Operational", "Provider_Name": "Microsoft-Windows-WindowsUpdateClient", "Computer": "DESKTOP-OFJ6N53", "TimeCreated": "2025-04-09 04:06:23.364908+00:00", "RecordID": "8543", "Level": "4", "UserID": "S-1-5-18", "EventData.updateCount": "2", "EventData.serviceGuid": "{855e8a7c-ecb4-4ca3-b045-1dfa50104289}"}
{"EventID": "26", "Channel": "Microsoft-Windows-WindowsUpdateClient/Operational", "Provider_Name": "Microsoft-Windows-WindowsUpdateClient", "Computer": "DESKTOP-OFJ6N53", "TimeCreated": "2025-04-09 04:06:37.547657+00:00", "RecordID": "8544", "Level": "4", "UserID": "S-1-5-18", "EventData.updateCount": "2", "EventData.serviceGuid": "{855e8a7c-ecb4-4ca3-b045-1dfa50104289}"}
{"EventID": "41", "Channel": "Microsoft-Windows-WindowsUpdateClient/Operational", "Provider_Name": "Microsoft-Windows-WindowsUpdateClient", "Computer": "DESKTOP-OFJ6N53", "TimeCreated": "2025-04-09 04:07:14.994331+00:00", "RecordID": "8545", "Level": "4", "UserID": "S-1-5-18", "EventData.updateTitle": "9WZDNCRFHWD2-Microsoft.MicrosoftSolitaireCollection", "EventData.updateGuid": "{c5f62a39-8c83-4ab5-8d67-55db689aacd8}", "EventData.updateRevisionNumber": "1"}
{"EventID": "41", "Channel": "Microsoft-Windows-WindowsUpdateClient/Operational", "Provider_Name": "Microsoft-Windows-WindowsUpdateClient", "Computer": "DESKTOP-OFJ6N53", "TimeCreated": "2025-04-09 04:07:37.379034+00:00", "RecordID": "8546", "Level": "4", "UserID": "S-1-5-18", "EventData.updateTitle": "9WZDNCRFHVQM-MICROSOFT.WINDOWSCOMMUNICATIONSAPPS", "EventData.updateGuid": "{eed672e2-110c-440f-b647-310b467a4890}", "EventData.updateRevisionNumber": "1"}
{"EventID": "26", "Channel": "Microsoft-Windows-WindowsUpdateClient/Operational", "Provider_Name": "Microsoft-Windows-WindowsUpdateClient", "Computer": "DESKTOP-OFJ6N53", "TimeCreated": "2025-04-09 05:26:53.298523+00:00", "RecordID": "8547", "Level": "4", "UserID": "S-1-5-18", "EventData.updateCount": "2", "EventData.serviceGuid": "{9482f4b4-e343-43b6-b170-9a65bc822c77}"}
{"EventID": "26", "Channel": "Microsoft-Windows-WindowsUpdateClient/Operational", "Provider_Name": "Microsoft-Windows-WindowsUpdateClient", "Computer": "DESKTOP-OFJ6N53", "TimeCreated": "2025-04-09 05:27:23.997463+00:00", "RecordID": "8548", "Level": "4", "UserID": "S-1-5-18", "EventData.updateCount": "3", "EventData.serviceGuid": "{8b24b027-1dee-babb-9a95-3517dfb9c552}"}
