{"EventID": "8101", "Channel": "Microsoft-Windows-AppXDeploymentServer/Operational", "Provider_Name": "Microsoft-Windows-AppXDeployment-Server", "Computer": "DESKTOP-OFJ6N53", "TimeCreated": "2025-08-12 12:19:37.438374+00:00", "RecordID": "115758", "Level": "5", "UserID": "S-1-5-18", "EventData.PackageFullName": "Microsoft.MicrosoftOfficeHub_19.2508.37081.0_neutral_split.scale-125_8wekyb3d8bbwe", "EventData.Flags": "0x00000009"}
{"EventID": "8100", "Channel": "Microsoft-Windows-AppXDeploymentServer/Operational", "Provider_Name": "Microsoft-Windows-AppXDeployment-Server", "Computer": "DESKTOP-OFJ6N53", "TimeCreated": "2025-08-12 12:19:37.438377+00:00", "RecordID": "115759", "Level": "5", "UserID": "S-1-5-18", "EventData.PackageFullName": "Microsoft.MicrosoftOfficeHub_19.2508.37081.0_neutral_split.scale-100_8wekyb3d8bbwe", "EventData.Flags": "0x00000009"}
{"EventID": "8106", "Channel": "Microsoft-Windows-AppXDeploymentServer/Operational", "Provider_Name": "Microsoft-Windows-AppXDeployment-Server", "Computer": "DESKTOP-OFJ6N53", "TimeCreated": "2025-08-12 12:19:37.440374+00:00", "RecordID": "115760", "Level": "5", "UserID": "S-1-5-18", "EventData.PackageFullName": "Microsoft.MicrosoftOfficeHub_19.2508.37081.0_neutral_split.scale-100_8wekyb3d8bbwe", "EventData.Flags": "0x00000009"}
{"EventID": "8101", "Channel": "Microsoft-Windows-AppXDeploymentServer/Operational", "Provider_Name": "Microsoft-Windows-AppXDeployment-Server", "Computer": "DESKTOP-OFJ6N53", "TimeCreated": "2025-08-12 12:19:37.440386+00:00", "RecordID": "115761", "Level": "5", "UserID": "S-1-5-18", "EventData.PackageFullName": "Microsoft.MicrosoftOfficeHub_19.2508.37081.0_neutral_split.scale-100_8wekyb3d8bbwe", "EventData.Flags": "0x00000009"}
{"EventID": "8100", "Channel": "Microsoft-Windows-AppXDeploymentServer/Operational", "Provider_Name": "Microsoft-Windows-AppXDeployment-Server", "Computer": "DESKTOP-OFJ6N53", "TimeCreated": "2025-08-12 12:19:37.440386+00:00", "RecordID": "115762", "Level": "5", "UserID": "S-1-5-18", "EventData.PackageFullName": "Microsoft.MicrosoftOfficeHub_19.2508.37081.0_neutral_split.language-ru_8wekyb3d8bbwe", "EventData.Flags": "0x00000009"}
{"EventID": "8106", "Channel": "Microsoft-Windows-AppXDeploymentServer/Operational", "Provider_Name": "Microsoft-Windows-AppXDeployment-Server", "Computer": "DESKTOP-OFJ6N53", "TimeCreated": "2025-08-12 12:19:37.442183+00:00", "RecordID": "115763", "Level": "5", "UserID": "S-1-5-18", "EventData.PackageFullName": "Microsoft.MicrosoftOfficeHub_19.2508.37081.0_neutral_split.language-ru_8wekyb3d8bbwe", "EventData.Flags": "0x00000009"}
{"EventID": "8101", "Channel": "Microsoft-Windows-AppXDeploymentServer/Operational", "Provider_Name": "Microsoft-Windows-AppXDeployment-Server", "Computer": "DESKTOP-OFJ6N53", "TimeCreated": "2025-08-12 12:19:37.442194+00:00", "RecordID": "115764", "Level": "5", "UserID": "S-1-5-18", "EventData.PackageFullName": "Microsoft.MicrosoftOfficeHub_19.2508.37081.0_neutral_split.language-ru_8wekyb3d8bbwe", "EventData.Flags": "0x00000009"}
{"EventID": "5507", "Channel": "Microsoft-Windows-AppXDeploymentServer/Operational", "Provider_Name": "Microsoft-Windows-AppXDeployment-Server", "Computer": "DESKTOP-OFJ6N53", "TimeCreated": "2025-08-12 12:19:37.819267+00:00", "RecordID": "115765", "Level": "5", "UserID": "S-1-5-21-963789628-1060504924-4285088085-1001", "EventData.PackageName": "Microsoft.MicrosoftOfficeHub_19.2508.37081.0_x64__8wekyb3d8bbwe", "EventData.FilePath": "S-1-5-21-963789628-1060504924-4285088085-1001-MergedResources-88.pri", "EventData.Message": "Current user-specific merged PRI file ignored"}
{"EventID": "5507", "Channel": "Microsoft-Windows-AppXDeploymentServer/Operational", "Provider_Name": "Microsoft-Windows-AppXDeployment-Server", "Computer": "DESKTOP-OFJ6N53", "TimeCreated": "2025-08-12 12:19:37.819380+00:00", "RecordID": "115766", "Level": "5", "UserID": "S-1-5-21-963789628-1060504924-4285088085-1001", "EventData.PackageName": "Microsoft.MicrosoftOfficeHub_19.2508.37081.0_x64__8wekyb3d8bbwe", "EventData.FilePath": "resources.b6d7f233.pri", "EventData.Message": "Current shared merged PRI file ignored"}
{"EventID": "5507", "Channel": "Microsoft-Windows-AppXDeploymentServer/Operational", "Provider_Name": "Microsoft-Windows-AppXDeployment-Server", "Computer": "DESKTOP-OFJ6N53", "TimeCreated": "2025-08-12 12:19:37.819468+00:00", "RecordID": "115767", "Level": "5", "UserID": "S-1-5-21-963789628-1060504924-4285088085-1001", "EventData.PackageName": "Microsoft.MicrosoftOfficeHub_19.2508.37081.0_x64__8wekyb3d8bbwe", "EventData.FilePath": "S-1-5-21-963789628-1060504924-4285088085-1001-MergedResources-88.pri", "EventData.Message": "Current user-specific merged PRI file ignored"}
{"EventID": "5507", "Channel": "Microsoft-Windows-AppXDeploymentServer/Operational", "Provider_Name": "Microsoft-Windows-AppXDeployment-Server", "Computer": "DESKTOP-OFJ6N53", "TimeCreated": "2025-08-12 12:19:37.819527+00:00", "RecordID": "115768", "Level": "5", "UserID": "S-1-5-21-963789628-1060504924-4285088085-1001", "EventData.PackageName": "Microsoft.MicrosoftOfficeHub_19.2508.37081.0_x64__8wekyb3d8bbwe", "EventData.FilePath": "resources.b6d7f233.pri", "EventData.Message": "Current shared merged PRI file ignored"}
{"EventID": "821", "Channel": "Microsoft-Windows-AppXDeploymentServer/Operational", "Provider_Name": "Microsoft-Windows-AppXDeployment-Server", "Computer": "DESKTOP-OFJ6N53", "TimeCreated": "2025-08-12 12:19:37.858835+00:00", "RecordID": "115769", "Level": "5", "UserID": "S-1-5-18", "EventData.UserSid": "S-1-5-18", "EventData.MainPackageFullName": "Microsoft.MicrosoftOfficeHub_2025.807.1353.0_neutral_~_8wekyb3d8bbwe", "EventData.ErrorCode": "0x00000000"}
{"EventID": "822", "Channel": "Microsoft-Windows-AppXDeploymentServer/Operational", "Provider_Name": "Microsoft-Windows-AppXDeployment-Server", "Computer": "DESKTOP-OFJ6N53", "TimeCreated": "2025-08-12 12:19:37.861422+00:00", "RecordID": "115770", "Level": "5", "UserID": "S-1-5-18", "EventData.Error": "0x00000000", "EventData.PackageMoniker": "Microsoft.MicrosoftOfficeHub_2025.807.1353.0_neutral_~_8wekyb3d8bbwe"}
{"EventID": "821", "Channel": "Microsoft-Windows-AppXDeploymentServer/Operational", "Provider_Name": "Microsoft-Windows-AppXDeployment-Server", "Computer": "DESKTOP-OFJ6N53", "TimeCreated": "2025-08-12 12:19:37.862560+00:00", "RecordID": "115771", "Level": "5", "UserID": "S-1-5-18", "EventData.UserSid": "S-1-5-21-963789628-1060504924-4285088085-1001", "EventData.MainPackageFullName": "Microsoft.MicrosoftOfficeHub_2025.807.1353.0_neutral_~_8wekyb3d8bbwe", "EventData.ErrorCode": "0x00000000"}
{"EventID": "822", "Channel": "Microsoft-Windows-AppXDeploymentServer/Operational", "Provider_Name": "Microsoft-Windows-AppXDeployment-Server", "Computer": "DESKTOP-OFJ6N53", "TimeCreated": "2025-08-12 12:19:37.865059+00:00", "RecordID": "115772", "Level": "5", "UserID": "S-1-5-18", "EventData.Error": "0x00000000", "EventData.PackageMoniker": "Microsoft.MicrosoftOfficeHub_2025.807.1353.0_neutral_~_8wekyb3d8bbwe"}
{"EventID": "813", "Channel": "Microsoft-Windows-AppXDeploymentServer/Operational", "Provider_Name": "Microsoft-Windows-AppXDeployment-Server", "Computer": "DESKTOP-OFJ6N53", "TimeCreated": "2025-08-12 12:19:37.865086+00:00", "RecordID": "115773", "Level": "5", "UserID": "S-1-5-18", "EventData.PackageMoniker": "Microsoft.MicrosoftOfficeHub_2025.807.1353.0_neutral_~_8wekyb3d8bbwe"}
{"EventID": "10001", "Channel": "Microsoft-Windows-AppXDeploymentServer/Operational", "Provider_Name": "Microsoft-Windows-AppXDeployment-Server", "Computer": "DESKTOP-OFJ6N53", "TimeCreated": "2025-08-12 12:19:39.822876+00:00", "RecordID": "115774", "Level": "5", "UserID": "S-1-5-18", "EventData.PackageFullName": "Microsoft.MicrosoftOfficeHub_19.2508.37081.0_x64__8wekyb3d8bbwe", "EventData.ErrorCode": "0x00000000"}
{"EventID": "10001", "Channel": "Microsoft-Windows-AppXDeploymentServer/Operational", "Provider_Name": "Microsoft-Windows-AppXDeployment-Server", "Computer": "DESKTOP-OFJ6N53", "TimeCreated": "2025-08-12 12:19:39.823357+00:00", "RecordID": "115775", "Level": "5", "UserID": "S-1-5-18", "EventData.PackageFullName": "Microsoft.MicrosoftOfficeHub_19.2508.37081.0_x64__8wekyb3d8bbwe", "EventData.ErrorCode": "0x00000000"}
{"EventID": "10001", "Channel": "Microsoft-Windows-AppXDeploymentServer/Operational", "Provider_Name": "Microsoft-Windows-AppXDeployment-Server", "Computer": "DESKTOP-OFJ6N53", "TimeCreated": "2025-08-12 12:19:39.823467+00:00", "RecordID": "115776", "Level": "5", "UserID": "S-1-5-18", "EventData.PackageFullName": "Microsoft.MicrosoftOfficeHub_19.2507.59091.0_x64__8wekyb3d8bbwe", "EventData.ErrorCode": "0x80070490"}
{"EventID": "10001", "Channel": "Microsoft-Windows-AppXDeploymentServer/Operational", "Provider_Name": "Microsoft-Windows-AppXDeployment-Server", "Computer": "DESKTOP-OFJ6N53", "TimeCreated": "2025-08-12 12:19:39.823524+00:00", "RecordID": "115777", "Level": "5", "UserID": "S-1-5-18", "EventData.PackageFullName": "Microsoft.MicrosoftOfficeHub_19.2508.37081.0_x64__8wekyb3d8bbwe", "EventData.ErrorCode": "0x00000000"}
{"EventID": "10001", "Channel": "Microsoft-Windows-AppXDeploymentServer/Operational", "Provider_Name": "Microsoft-Windows-AppXDeployment-Server", "Computer": "DESKTOP-OFJ6N53", "TimeCreated": "2025-08-12 12:19:39.823618+00:00", "RecordID": "115778", "Level": "5", "UserID": "S-1-5-18", "EventData.PackageFullName": "Microsoft.MicrosoftOfficeHub_19.2508.37081.0_x64__8wekyb3d8bbwe", "EventData.ErrorCode": "0x00000000"}
{"EventID": "10001", "Channel": "Microsoft-Windows-AppXDeploymentServer/Operational", "Provider_Name": "Microsoft-Windows-AppXDeployment-Server", "Computer": "DESKTOP-OFJ6N53", "TimeCreated": "2025-08-12 12:19:39.823704+00:00", "RecordID": "115779", "Level": "5", "UserID": "S-1-5-18", "EventData.PackageFullName": "Microsoft.MicrosoftOfficeHub_2025.807.1353.0_neutral_~_8wekyb3d8bbwe", "EventData.ErrorCode": "0x00000000"}
{"EventID": "10001", "Channel": "Microsoft-Windows-AppXDeploymentServer/Operational", "Provider_Name": "Microsoft-Windows-AppXDeployment-Server", "Computer": "DESKTOP-OFJ6N53", "TimeCreated": "2025-08-12 12:19:39.823790+00:00", "RecordID": "115780", "Level": "5", "UserID": "S-1-5-18", "EventData.PackageFullName": "Microsoft.MicrosoftOfficeHub_2025.807.1353.0_neutral_~_8wekyb3d8bbwe", "EventData.ErrorCode": "0x00000000"}
{"EventID": "10001", "Channel": "Microsoft-Windows-AppXDeploymentServer/Operational", "Provider_Name": "Microsoft-Windows-AppXDeployment-Server", "Computer": "DESKTOP-OFJ6N53", "TimeCreated": "2025-08-12 12:19:39.823864+00:00", "RecordID": "115781", "Level": "5", "UserID": "S-1-5-18", "EventData.PackageFullName": "Microsoft.MicrosoftOfficeHub_19.2508.37081.0_neutral_split.scale-125_8wekyb3d8bbwe", "EventData.ErrorCode": "0x00000000"}
{"EventID": "10001", "Channel": "Microsoft-Windows-AppXDeploymentServer/Operational", "Provider_Name": "Microsoft-Windows-AppXDeployment-Server", "Computer": "DESKTOP-OFJ6N53", "TimeCreated": "2025-08-12 12:19:39.823931+00:00", "RecordID": "115782", "Level": "5", "UserID": "S-1-5-18", "EventData.PackageFullName": "Microsoft.MicrosoftOfficeHub_19.2508.37081.0_neutral_split.scale-125_8wekyb3d8bbwe", "EventData.ErrorCode": "0x00000000"}
{"EventID": "10001", "Channel": "Microsoft-Windows-AppXDeploymentServer/Operational", "Provider_Name": "Microsoft-Windows-AppXDeployment-Server", "Computer": "DESKTOP-OFJ6N53", "TimeCreated": "2025-08-12 12:19:39.824015+00:00", "RecordID": "115783", "Level": "5", "UserID": "S-1-5-18", "EventData.PackageFullName": "Microsoft.MicrosoftOfficeHub_19.2508.37081.0_neutral_split.scale-100_8wekyb3d8bbwe", "EventData.ErrorCode": "0x00000000"}
{"EventID": "10001", "Channel": "Microsoft-Windows-AppXDeploymentServer/Operational", "Provider_Name": "Microsoft-Windows-AppXDeployment-Server", "Computer": "DESKTOP-OFJ6N53", "TimeCreated": "2025-08-12 12:19:39.824100+00:00", "RecordID": "115784", "Level": "5", "UserID": "S-1-5-18", "EventData.PackageFullName": "Microsoft.MicrosoftOfficeHub_19.2508.37081.0_neutral_split.scale-100_8wekyb3d8bbwe", "EventData.ErrorCode": "0x00000000"}
{"EventID": "10001", "Channel": "Microsoft-Windows-AppXDeploymentServer/Operational", "Provider_Name": "Microsoft-Windows-AppXDeployment-Server", "Computer": "DESKTOP-OFJ6N53", "TimeCreated": "2025-08-12 12:19:39.824171+00:00", "RecordID": "115785", "Level": "5", "UserID": "S-1-5-18", "EventData.PackageFullName": "Microsoft.MicrosoftOfficeHub_19.2508.37081.0_neutral_split.language-ru_8wekyb3d8bbwe", "EventData.ErrorCode": "0x00000000"}
{"EventID": "10001", "Channel": "Microsoft-Windows-AppXDeploymentServer/Operational", "Provider_Name": "Microsoft-Windows-AppXDeployment-Server", "Computer": "DESKTOP-OFJ6N53", "TimeCreated": "2025-08-12 12:19:39.824257+00:00", "RecordID": "115786", "Level": "5", "UserID": "S-1-5-18", "EventData.PackageFullName": "Microsoft.MicrosoftOfficeHub_19.2508.37081.0_neutral_split.language-ru_8wekyb3d8bbwe", "EventData.ErrorCode": "0x00000000"}
{"EventID": "400", "Channel": "Microsoft-Windows-AppXDeploymentServer/Operational", "Provider_Name": "Microsoft-Windows-AppXDeployment-Server", "Computer": "DESKTOP-OFJ6N53", "TimeCreated": "2025-08-12 12:19:40.212320+00:00", "RecordID": "115787", "Level": "4", "UserID": "S-1-5-21-963789628-1060504924-4285088085-1001", "EventData.DeploymentOperation": "6", "EventData.PackageFullName": "Microsoft.MicrosoftOfficeHub_2025.807.1353.0_neutral_~_8wekyb3d8bbwe", "EventData.Path": "(AppxBundleManifest.xml)", "EventData.MountPoint": "C:", "EventData.TargetPlatform": "0x00000003", "EventData.SystemVolume": "True", "EventData.StorageId": "\\\\?\\Volume{c33a8663-71a2-4031-8cec-c21914fe12ad}", "EventData.IsCentennial": "False", "EventData.PackageType": "0x00000008", "EventData.IsPackageEncrypted": "False", "EventData.DeploymentOptions": "0x0004000002040240", "EventData.IsStreamingPackage": "False", "EventData.IsInRelatedSet": "False", "EventData.IsPackageUsingBDC": "False", "EventData.MainPackageFamilyName": "NULL", "EventData.CallingProcess": "svchost.exe,AppReadiness", "EventData.IsOptional": "False", "EventData.PackageFlags": "0x00000400", "EventData.PackageFlags2": "0x00000800", "EventData.HasWin32alacarte": "False", "EventData.HasFullTrust": "False", "EventData.ExternalLocation": null, "EventData.PackageSourceUri": "x-windowsupdate://1F9A805F-74EB-4B62-938A-FCF9F437510E/EAAC6C6B-10A4-4659-815B-44F151ECA61A/1c6b1a1300be5ff778660d4dda10e2a854d8ce07"}
{"EventID": "478", "Channel": "Microsoft-Windows-AppXDeploymentServer/Operational", "Provider_Name": "Microsoft-Windows-AppXDeployment-Server", "Computer": "DESKTOP-OFJ6N53", "TimeCreated": "2025-08-12 12:19:40.212418+00:00", "RecordID": "115788", "Level": "5", "UserID": "S-1-5-21-963789628-1060504924-4285088085-1001", "EventData.DeploymentOperation": "6", "EventData.PackageFullName": "Microsoft.MicrosoftOfficeHub_19.2508.37081.0_x64__8wekyb3d8bbwe", "EventData.Path": "(AppxBundleManifest.xml)", "EventData.MountPoint": "C:", "EventData.TargetPlatform": "0x00000003", "EventData.SystemVolume": "True", "EventData.StorageId": "\\\\?\\Volume{c33a8663-71a2-4031-8cec-c21914fe12ad}", "EventData.IsCentennial": "True", "EventData.PackageType": "0x00000001", "EventData.IsPackageEncrypted": "False", "EventData.DeploymentOptions": "0x0004000002040240", "EventData.IsStreamingPackage": "False", "EventData.IsInRelatedSet": "False", "EventData.IsPackageUsingBDC": "False", "EventData.MainPackageFamilyName": "NULL", "EventData.CallingProcess": "svchost.exe,AppReadiness", "EventData.IsOptional": "False", "EventData.PackageFlags": "0x0080804c", "EventData.PackageFlags2": "0x00000800", "EventData.HasWin32alacarte": "False", "EventData.HasFullTrust": "True", "EventData.ExternalLocation": null, "EventData.PackageSourceUri": "x-windowsupdate://1F9A805F-74EB-4B62-938A-FCF9F437510E/EAAC6C6B-10A4-4659-815B-44F151ECA61A/1c6b1a1300be5ff778660d4dda10e2a854d8ce07"}
{"EventID": "472", "Channel": "Microsoft-Windows-AppXDeploymentServer/Operational", "Provider_Name": "Microsoft-Windows-AppXDeployment-Server", "Computer": "DESKTOP-OFJ6N53", "TimeCreated": "2025-08-12 12:19:40.229898+00:00", "RecordID": "115789", "Level": "5", "UserID": "S-1-5-18", "EventData.SourceFolderPath": "\\\\?\\C:\\Program Files\\WindowsApps\\Microsoft.MicrosoftOfficeHub_19.2507.59091.0_neutral_split.scale-125_8wekyb3d8bbwe", "EventData.DestinationFolderPath": "\\\\?\\C:\\Program Files\\WindowsApps\\Deleted\\Microsoft.MicrosoftOfficeHub_19.2507.59091.0_neutral_split.scale-125_8wekyb3d8bbwe15426693-ab4c-4742-b3eb-f2f7c3a4099f", "EventData.ErrorCode": "0x00000000"}
{"EventID": "472", "Channel": "Microsoft-Windows-AppXDeploymentServer/Operational", "Provider_Name": "Microsoft-Windows-AppXDeployment-Server", "Computer": "DESKTOP-OFJ6N53", "TimeCreated": "2025-08-12 12:19:40.233036+00:00", "RecordID": "115790", "Level": "5", "UserID": "S-1-5-18", "EventData.SourceFolderPath": "\\\\?\\C:\\Program Files\\WindowsApps\\Microsoft.MicrosoftOfficeHub_19.2507.59091.0_neutral_split.scale-100_8wekyb3d8bbwe", "EventData.DestinationFolderPath": "\\\\?\\C:\\Program Files\\WindowsApps\\Deleted\\Microsoft.MicrosoftOfficeHub_19.2507.59091.0_neutral_split.scale-100_8wekyb3d8bbwe6ecd1117-2f62-46fe-8806-53a3bbb2cffd", "EventData.ErrorCode": "0x00000000"}
{"EventID": "472", "Channel": "Microsoft-Windows-AppXDeploymentServer/Operational", "Provider_Name": "Microsoft-Windows-AppXDeployment-Server", "Computer": "DESKTOP-OFJ6N53", "TimeCreated": "2025-08-12 12:19:40.236528+00:00", "RecordID": "115791", "Level": "5", "UserID": "S-1-5-18", "EventData.SourceFolderPath": "\\\\?\\C:\\Program Files\\WindowsApps\\Microsoft.MicrosoftOfficeHub_19.2507.59091.0_neutral_split.language-ru_8wekyb3d8bbwe", "EventData.DestinationFolderPath": "\\\\?\\C:\\Program Files\\WindowsApps\\Deleted\\Microsoft.MicrosoftOfficeHub_19.2507.59091.0_neutral_split.language-ru_8wekyb3d8bbwe46286364-7d7b-447b-98af-9c438a13959b", "EventData.ErrorCode": "0x00000000"}
{"EventID": "472", "Channel": "Microsoft-Windows-AppXDeploymentServer/Operational", "Provider_Name": "Microsoft-Windows-AppXDeployment-Server", "Computer": "DESKTOP-OFJ6N53", "TimeCreated": "2025-08-12 12:19:40.240643+00:00", "RecordID": "115792", "Level": "5", "UserID": "S-1-5-18", "EventData.SourceFolderPath": "\\\\?\\C:\\Program Files\\WindowsApps\\Microsoft.MicrosoftOfficeHub_2025.729.2200.0_neutral_~_8wekyb3d8bbwe", "EventData.DestinationFolderPath": "\\\\?\\C:\\Program Files\\WindowsApps\\Deleted\\Microsoft.MicrosoftOfficeHub_2025.729.2200.0_neutral_~_8wekyb3d8bbwe0e2339cd-3df9-4700-810c-9f387ab22bcf", "EventData.ErrorCode": "0x00000000"}
{"EventID": "472", "Channel": "Microsoft-Windows-AppXDeploymentServer/Operational", "Provider_Name": "Microsoft-Windows-AppXDeployment-Server", "Computer": "DESKTOP-OFJ6N53", "TimeCreated": "2025-08-12 12:19:40.244663+00:00", "RecordID": "115793", "Level": "5", "UserID": "S-1-5-18", "EventData.SourceFolderPath": "\\\\?\\C:\\Program Files\\WindowsApps\\Microsoft.MicrosoftOfficeHub_19.2507.59091.0_x64__8wekyb3d8bbwe", "EventData.DestinationFolderPath": "\\\\?\\C:\\Program Files\\WindowsApps\\Deleted\\Microsoft.MicrosoftOfficeHub_19.2507.59091.0_x64__8wekyb3d8bbwe809968aa-2123-424a-a9da-d04af2529cff", "EventData.ErrorCode": "0x00000000"}
{"EventID": "649", "Channel": "Microsoft-Windows-AppXDeploymentServer/Operational", "Provider_Name": "Microsoft-Windows-AppXDeployment-Server", "Computer": "DESKTOP-OFJ6N53", "TimeCreated": "2025-08-12 12:19:40.554869+00:00", "RecordID": "115794", "Level": "4", "UserID": "S-1-5-21-963789628-1060504924-4285088085-1001", "EventData.DeploymentOperation": "6", "EventData.PackageFullName": "Microsoft.MicrosoftOfficeHub_2025.807.1353.0_neutral_~_8wekyb3d8bbwe", "EventData.Summary": "PostDeploymentOperationCheck cost: 0 ms"}
{"EventID": "613", "Channel": "Microsoft-Windows-AppXDeploymentServer/Operational", "Provider_Name": "Microsoft-Windows-AppXDeployment-Server", "Computer": "DESKTOP-OFJ6N53", "TimeCreated": "2025-08-12 12:19:40.570292+00:00", "RecordID": "115795", "Level": "4", "UserID": "S-1-5-21-963789628-1060504924-4285088085-1001", "EventData.DeploymentOperation": "6", "EventData.PackageFullName": "Microsoft.MicrosoftOfficeHub_2025.807.1353.0_neutral_~_8wekyb3d8bbwe", "EventData.Summary": "Overall time: 4906 ms\nGap: 297 ms\nEnqueue cost: 62 ms\nDequeue delay: 0 ms\nBundle processing cost: 47 ms\nIndexing cost: 78 ms\nResolve dependency cost: 485 ms\nCheck approval cost: 0 ms\nEvaluation cost: 15 ms\nHardlinking evaluation cost: 0 ms\nStage required cost: 156 ms\nFlushing and closing files cost: 0 ms\nMachine register cost: 0 ms\nStage user data cost: 0 ms\nGap: 47 ms\nRegistration cost: 1000 ms\nGap: 1032 ms\nRepository commit transaction cost: 921 ms\nGap: 454 ms\nData flush cost: 296 ms\nPost DeStage repository commit transaction cost: 0 ms\nRemaining cost: 16 ms"}
{"EventID": "821", "Channel": "Microsoft-Windows-AppXDeploymentServer/Operational", "Provider_Name": "Microsoft-Windows-AppXDeployment-Server", "Computer": "DESKTOP-OFJ6N53", "TimeCreated": "2025-08-12 12:19:51.848299+00:00", "RecordID": "115796", "Level": "5", "UserID": "S-1-5-18", "EventData.UserSid": "S-1-5-21-963789628-1060504924-4285088085-1001", "EventData.MainPackageFullName": "Microsoft.MicrosoftOfficeHub_2025.807.1353.0_neutral_~_8wekyb3d8bbwe", "EventData.ErrorCode": "0x00000000"}
{"EventID": "822", "Channel": "Microsoft-Windows-AppXDeploymentServer/Operational", "Provider_Name": "Microsoft-Windows-AppXDeployment-Server", "Computer": "DESKTOP-OFJ6N53", "TimeCreated": "2025-08-12 12:19:51.849031+00:00", "RecordID": "115797", "Level": "5", "UserID": "S-1-5-18", "EventData.Error": "0x00000000", "EventData.PackageMoniker": "Microsoft.MicrosoftOfficeHub_2025.807.1353.0_neutral_~_8wekyb3d8bbwe"}
{"EventID": "603", "Channel": "Microsoft-Windows-AppXDeploymentServer/Operational", "Provider_Name": "Microsoft-Windows-AppXDeployment-Server", "Computer": "DESKTOP-OFJ6N53", "TimeCreated": "2025-08-12 12:20:12.424583+00:00", "RecordID": "115798", "Level": "4", "UserID": "S-1-5-18", "EventData.DeploymentOperation": "4", "EventData.Path": "identity_helper.sparse.stable.msix", "EventData.Flags": "0", "EventData.FlagsHigh": "0", "EventData.CallingProcess": "setup.exe", "EventData.ExternalLocation": "Application"}
{"EventID": "10002", "Channel": "Microsoft-Windows-AppXDeploymentServer/Operational", "Provider_Name": "Microsoft-Windows-AppXDeployment-Server", "Computer": "DESKTOP-OFJ6N53", "TimeCreated": "2025-08-12 12:20:14.630592+00:00", "RecordID": "115799", "Level": "5", "UserID": "S-1-5-18", "EventData.DeploymentOperation": "4", "EventData.MainPackageMoniker": "Microsoft.MicrosoftEdge.Stable_139.0.3405.86_neutral__8wekyb3d8bbwe", "EventData.ResiliencyFilePath": "C:\\ProgramData\\Microsoft\\Windows\\AppRepository\\4f6eee64-8e42-4bb1-ad7a-20449b264875_S-1-5-18_6.rslc"}
{"EventID": "607", "Channel": "Microsoft-Windows-AppXDeploymentServer/Operational", "Provider_Name": "Microsoft-Windows-AppXDeployment-Server", "Computer": "DESKTOP-OFJ6N53", "TimeCreated": "2025-08-12 12:20:21.801828+00:00", "RecordID": "115800", "Level": "4", "UserID": "S-1-5-18", "EventData.DeploymentOperation": "4", "EventData.PackageFullName": "Microsoft.MicrosoftEdge.Stable_139.0.3405.86_neutral__8wekyb3d8bbwe", "EventData.UserSid": "S-1-5-18", "EventData.CallingProcess": "setup.exe"}
{"EventID": "854", "Channel": "Microsoft-Windows-AppXDeploymentServer/Operational", "Provider_Name": "Microsoft-Windows-AppXDeployment-Server", "Computer": "DESKTOP-OFJ6N53", "TimeCreated": "2025-08-12 12:20:21.802845+00:00", "RecordID": "115801", "Level": "4", "UserID": "S-1-5-18", "EventData.Path": "file:///C:/Program%20Files%20(x86)/Microsoft/Edge/Application/139.0.3405.86/identity_proxy/win10/identity_helper.sparse.stable.msix"}
{"EventID": "615", "Channel": "Microsoft-Windows-AppXDeploymentServer/Operational", "Provider_Name": "Microsoft-Windows-AppXDeployment-Server", "Computer": "DESKTOP-OFJ6N53", "TimeCreated": "2025-08-12 12:20:32.607496+00:00", "RecordID": "115802", "Level": "5", "UserID": "S-1-5-18", "EventData.DeploymentOperation": "4", "EventData.PackageFullName": "Microsoft.MicrosoftEdge.Stable_139.0.3405.86_neutral__8wekyb3d8bbwe"}
{"EventID": "605", "Channel": "Microsoft-Windows-AppXDeploymentServer/Operational", "Provider_Name": "Microsoft-Windows-AppXDeployment-Server", "Computer": "DESKTOP-OFJ6N53", "TimeCreated": "2025-08-12 12:20:35.795185+00:00", "RecordID": "115803", "Level": "4", "UserID": "S-1-5-18", "EventData.DeploymentState": "4", "EventData.NextDeploymentState": "5", "EventData.ErrorCode": "0x80073cf8"}
{"EventID": "401", "Channel": "Microsoft-Windows-AppXDeploymentServer/Operational", "Provider_Name": "Microsoft-Windows-AppXDeployment-Server", "Computer": "DESKTOP-OFJ6N53", "TimeCreated": "2025-08-12 12:20:44.726967+00:00", "RecordID": "115804", "Level": "2", "UserID": "S-1-5-18", "EventData.DeploymentOperation": "4", "EventData.PackageFullName": "Microsoft.MicrosoftEdge.Stable_139.0.3405.86_neutral__8wekyb3d8bbwe", "EventData.Path": "(identity_helper.sparse.stable.msix)", "EventData.ErrorCode": "0x80073cf8", "EventData.MountPoint": "C:", "EventData.TargetPlatform": "0x00000003", "EventData.SystemVolume": "True", "EventData.StorageId": "\\\\?\\Volume{c33a8663-71a2-4031-8cec-c21914fe12ad}", "EventData.IsCentennial": "True", "EventData.PackageType": "0x00000001", "EventData.IsPackageEncrypted": "False", "EventData.DeploymentOptions": "0x0040000000000000", "EventData.IsStreamingPackage": "False", "EventData.IsInRelatedSet": "False", "EventData.IsPackageUsingBDC": "False", "EventData.MainPackageFamilyName": "NULL", "EventData.CallingProcess": "setup.exe", "EventData.IsInPlaceUpdate": "0x00000000", "EventData.ErrorFileInfo": "deploymentmanager.cpp,242,80073CF8;deploymentrequest.cpp,1861,80073CF8;deploymentrequest.cpp,2156,80073CF8;errorhelpers.cpp,54,8007029C;errorhelpers.cpp,54,8007029C;deploymentrequest.cpp,4053,80073CF8;", "EventData.DetailedMessageInfo": "[{GetErrorInfo reports there is no error object to return}];", "EventData.IsOptional": "0", "EventData.PackageFlags": "0x02b00044", "EventData.PackageFlags2": "0x00000800", "EventData.HasWin32alacarte": "True", "EventData.HasFullTrust": "True", "EventData.ExternalLocation": "Application", "EventData.PackageSourceUri": "file:///C:/Program%20Files%20(x86)/Microsoft/Edge/Application/139.0.3405.86/identity_proxy/win10/identity_helper.sparse.stable.msix"}
{"EventID": "404", "Channel": "Microsoft-Windows-AppXDeploymentServer/Operational", "Provider_Name": "Microsoft-Windows-AppXDeployment-Server", "Computer": "DESKTOP-OFJ6N53", "TimeCreated": "2025-08-12 12:20:44.753231+00:00", "RecordID": "115805", "Level": "2", "UserID": "S-1-5-18", "EventData.SummaryError": "    Stage    C:   Microsoft.MicrosoftEdge.Stable_139.0.3405.86_neutral__8wekyb3d8bbwe   (identity_helper.sparse.stable.msix) . : 0x80073CF8.          .  http://go.microsoft.com/fwlink/?LinkId=235160.", "EventData.PackageFullName": "Microsoft.MicrosoftEdge.Stable_139.0.3405.86_neutral__8wekyb3d8bbwe", "EventData.ErrorCode": "0x80073cf8", "EventData.MountPoint": "C:", "EventData.TargetPlatform": "0x00000003", "EventData.CallingProcess": "setup.exe", "EventData.ExternalLocation": "Application"}
{"EventID": "818", "Channel": "Microsoft-Windows-AppXDeploymentServer/Operational", "Provider_Name": "Microsoft-Windows-AppXDeployment-Server", "Computer": "DESKTOP-OFJ6N53", "TimeCreated": "2025-08-12 12:39:16.094786+00:00", "RecordID": "115806", "Level": "5", "UserID": "S-1-5-21-963789628-1060504924-4285088085-1001", "EventData.UserSid": "S-1-5-21-963789628-1060504924-4285088085-1001"}
{"EventID": "819", "Channel": "Microsoft-Windows-AppXDeploymentServer/Operational", "Provider_Name": "Microsoft-Windows-AppXDeployment-Server", "Computer": "DESKTOP-OFJ6N53", "TimeCreated": "2025-08-12 12:39:16.099785+00:00", "RecordID": "115807", "Level": "5", "UserID": "S-1-5-21-963789628-1060504924-4285088085-1001", "EventData.InstallPackageList": null, "EventData.EndOfLifePackageList": null}
{"EventID": "603", "Channel": "Microsoft-Windows-AppXDeploymentServer/Operational", "Provider_Name": "Microsoft-Windows-AppXDeployment-Server", "Computer": "DESKTOP-OFJ6N53", "TimeCreated": "2025-08-13 06:20:09.014776+00:00", "RecordID": "115808", "Level": "4", "UserID": "S-1-5-18", "EventData.DeploymentOperation": "5", "EventData.Path": "Microsoft.StorePurchaseApp_22506.1401.4.0_neutral_~_8wekyb3d8bbwe", "EventData.Flags": "0", "EventData.FlagsHigh": "0", "EventData.CallingProcess": "svchost.exe,wuauserv", "EventData.ExternalLocation": null}
{"EventID": "10002", "Channel": "Microsoft-Windows-AppXDeploymentServer/Operational", "Provider_Name": "Microsoft-Windows-AppXDeployment-Server", "Computer": "DESKTOP-OFJ6N53", "TimeCreated": "2025-08-13 06:20:09.032413+00:00", "RecordID": "115809", "Level": "5", "UserID": "S-1-5-18", "EventData.DeploymentOperation": "2", "EventData.MainPackageMoniker": "Microsoft.StorePurchaseApp_22506.1401.4.0_neutral_~_8wekyb3d8bbwe", "EventData.ResiliencyFilePath": "C:\\ProgramData\\Microsoft\\Windows\\AppRepository\\4f5686ff-c2eb-4526-ac0e-2f6f4a514729_S-1-5-18_1.rslc"}
{"EventID": "607", "Channel": "Microsoft-Windows-AppXDeploymentServer/Operational", "Provider_Name": "Microsoft-Windows-AppXDeployment-Server", "Computer": "DESKTOP-OFJ6N53", "TimeCreated": "2025-08-13 06:20:09.035460+00:00", "RecordID": "115810", "Level": "4", "UserID": "S-1-5-18", "EventData.DeploymentOperation": "2", "EventData.PackageFullName": "Microsoft.StorePurchaseApp_22506.1401.4.0_neutral_~_8wekyb3d8bbwe", "EventData.UserSid": "S-1-5-18", "EventData.CallingProcess": "svchost.exe,wuauserv"}
{"EventID": "627", "Channel": "Microsoft-Windows-AppXDeploymentServer/Operational", "Provider_Name": "Microsoft-Windows-AppXDeployment-Server", "Computer": "DESKTOP-OFJ6N53", "TimeCreated": "2025-08-13 06:20:09.043493+00:00", "RecordID": "115811", "Level": "5", "UserID": "S-1-5-18", "EventData.PackageMoniker": "Microsoft.StorePurchaseApp_22506.1401.4.0_neutral_~_8wekyb3d8bbwe"}
{"EventID": "400", "Channel": "Microsoft-Windows-AppXDeploymentServer/Operational", "Provider_Name": "Microsoft-Windows-AppXDeployment-Server", "Computer": "DESKTOP-OFJ6N53", "TimeCreated": "2025-08-13 06:20:10.187611+00:00", "RecordID": "115812", "Level": "4", "UserID": "S-1-5-18", "EventData.DeploymentOperation": "5", "EventData.PackageFullName": "Microsoft.StorePurchaseApp_22506.1401.4.0_neutral_~_8wekyb3d8bbwe", "EventData.Path": null, "EventData.MountPoint": "C:", "EventData.TargetPlatform": "0x00000001", "EventData.SystemVolume": "True", "EventData.StorageId": "\\\\?\\Volume{c33a8663-71a2-4031-8cec-c21914fe12ad}", "EventData.IsCentennial": "False", "EventData.PackageType": "0x00000000", "EventData.IsPackageEncrypted": "False", "EventData.DeploymentOptions": "0x0000000000000000", "EventData.IsStreamingPackage": "False", "EventData.IsInRelatedSet": "False", "EventData.IsPackageUsingBDC": "False", "EventData.MainPackageFamilyName": "NULL", "EventData.CallingProcess": "svchost.exe,wuauserv", "EventData.IsOptional": "False", "EventData.PackageFlags": "0x00000000", "EventData.PackageFlags2": "0x00000000", "EventData.HasWin32alacarte": "False", "EventData.HasFullTrust": "False", "EventData.ExternalLocation": null, "EventData.PackageSourceUri": null}
{"EventID": "649", "Channel": "Microsoft-Windows-AppXDeploymentServer/Operational", "Provider_Name": "Microsoft-Windows-AppXDeployment-Server", "Computer": "DESKTOP-OFJ6N53", "TimeCreated": "2025-08-13 06:20:10.189461+00:00", "RecordID": "115813", "Level": "4", "UserID": "S-1-5-18", "EventData.DeploymentOperation": "2", "EventData.PackageFullName": "Microsoft.StorePurchaseApp_22506.1401.4.0_neutral_~_8wekyb3d8bbwe", "EventData.Summary": "PostDeploymentOperationCheck cost: 0 ms"}
{"EventID": "818", "Channel": "Microsoft-Windows-AppXDeploymentServer/Operational", "Provider_Name": "Microsoft-Windows-AppXDeployment-Server", "Computer": "DESKTOP-OFJ6N53", "TimeCreated": "2025-08-13 12:39:18.356827+00:00", "RecordID": "115814", "Level": "5", "UserID": "S-1-5-21-963789628-1060504924-4285088085-1001", "EventData.UserSid": "S-1-5-21-963789628-1060504924-4285088085-1001"}
{"EventID": "819", "Channel": "Microsoft-Windows-AppXDeploymentServer/Operational", "Provider_Name": "Microsoft-Windows-AppXDeployment-Server", "Computer": "DESKTOP-OFJ6N53", "TimeCreated": "2025-08-13 12:39:18.362604+00:00", "RecordID": "115815", "Level": "5", "UserID": "S-1-5-21-963789628-1060504924-4285088085-1001", "EventData.InstallPackageList": null, "EventData.EndOfLifePackageList": null}
{"EventID": "819", "Channel": "Microsoft-Windows-AppXDeploymentServer/Operational", "Provider_Name": "Microsoft-Windows-AppXDeployment-Server", "Computer": "DESKTOP-OFJ6N53", "TimeCreated": "2025-08-13 14:41:37.561897+00:00", "RecordID": "115816", "Level": "5", "UserID": "S-1-5-18", "EventData.InstallPackageList": "1527c705-839a-4832-9118-54d4Bd6a0c89_10.0.19041.4239_neutral_neutral_cw5n1h2txyewy c5e2524a-ea46-4f67-841f-6a9465d9d515_10.0.19041.4239_neutral_neutral_cw5n1h2txyewy E2A4F912-2574-4A75-9BB0-0D023378592B_10.0.19041.4239_neutral_neutral_cw5n1h2txyewy F46D4000-FD22-4DB4-AC8E-4E1DDDE828FE_10.0.19041.4239_neutral_neutral_cw5n1h2txyewy Microsoft.AAD.BrokerPlugin_10.0.19041.4239_neutral_neutral_cw5n1h2txyewy Microsoft.AccountsControl_10.0.19041.4239_neutral_neutral_cw5n1h2txyewy Microsoft.AsyncTextService_10.0.19041.4239_neutral_neutral_8wekyb3d8bbwe Microsoft.BioEnrollment_10.0.19041.4239_neutral_neutral_cw5n1h2txyewy Microsoft.CredDialogHost_10.0.19041.4239_neutral_neutral_cw5n1h2txyewy Microsoft.ECApp_10.0.19041.4597_neutral_neutral_8wekyb3d8bbwe Microsoft.LockApp_10.0.19041.4239_neutral_neutral_cw5n1h2txyewy Microsoft.MicrosoftEdgeDevToolsClient_10.0.19041.4239_neutral__8wekyb3d8bbwe Microsoft.Win32WebViewHost_10.0.19041.4239_neutral_neutral_cw5n1h2txyewy Microsoft.Windows.AppRep.ChxApp_10.0.19041.4239_neutral_neutral_cw5n1h2txyewy Microsoft.Windows.AssignedAccessLockApp_10.0.19041.4239_neutral_neutral_cw5n1h2txyewy Microsoft.Windows.CallingShellApp_10.0.19041.4239_neutral_neutral_cw5n1h2txyewy Microsoft.Windows.CapturePicker_10.0.19041.4239_neutral_neutral_cw5n1h2txyewy Microsoft.Windows.CloudExperienceHost_10.0.19041.5198_neutral_neutral_cw5n1h2txyewy Microsoft.Windows.ContentDeliveryManager_10.0.19041.4239_neutral_neutral_cw5n1h2txyewy Microsoft.Windows.NarratorQuickStart_10.0.19041.4239_neutral_neutral_8wekyb3d8bbwe Microsoft.Windows.OOBENetworkCaptivePortal_10.0.19041.4239_neutral_neutral_cw5n1h2txyewy Microsoft.Windows.OOBENetworkConnectionFlow_10.0.19041.4239_neutral_neutral_cw5n1h2txyewy Microsoft.Windows.ParentalControls_10.0.19041.4239_neutral_neutral_cw5n1h2txyewy Microsoft.Windows.PeopleExperienceHost_10.0.19041.4239_neutral_neutral_cw5n1h2txyewy Microsoft.Windows.PinningConfirmationDialog_10.0.19041.4239_neutral_neutral_cw5n1h2txyewy Microsoft.Windows.Search_10.0.19041.6157_neutral_neutral_cw5n1h2txyewy Microsoft.Windows.SecHealthUI_10.0.19041.4239_neutral__cw5n1h2txyewy Microsoft.Windows.SecureAssessmentBrowser_10.0.19041.4239_neutral_neutral_cw5n1h2txyewy Microsoft.Windows.ShellExperienceHost_10.0.19041.5072_neutral_neutral_cw5n1h2txyewy Microsoft.Windows.StartMenuExperienceHost_10.0.19041.5438_neutral_neutral_cw5n1h2txyewy Microsoft.Windows.XGpuEjectDialog_10.0.19041.4239_neutral_neutral_cw5n1h2txyewy Microsoft.XboxGameCallableUI_10.0.19041.4239_neutral_neutral_cw5n1h2txyewy MicrosoftWindows.Client.CBS_1000.19062.1000.0_neutral_neutral_cw5n1h2txyewy MicrosoftWindows.UndockedDevKit_10.0.19041.4239_neutral_neutral_cw5n1h2txyewy NcsiUwpApp_10.0.19041.4239_neutral_neutral_8wekyb3d8bbwe Windows.CBSPreview_10.0.19041.4239_neutral_neutral_cw5n1h2txyewy windows.immersivecontrolpanel_10.0.2.1000_neutral_neutral_cw5n1h2txyewy Windows.PrintDialog_6.2.1.0_neutral_neutral_cw5n1h2txyewy", "EventData.EndOfLifePackageList": "NULL"}
{"EventID": "633", "Channel": "Microsoft-Windows-AppXDeploymentServer/Operational", "Provider_Name": "Microsoft-Windows-AppXDeployment-Server", "Computer": "DESKTOP-OFJ6N53", "TimeCreated": "2025-08-13 14:41:38.495720+00:00", "RecordID": "115817", "Level": "4", "UserID": "S-1-5-18", "EventData.PackageFullName": "1527c705-839a-4832-9118-54d4Bd6a0c89_10.0.19041.4239_neutral_neutral_cw5n1h2txyewy", "EventData.IsInstalled": "True"}
{"EventID": "633", "Channel": "Microsoft-Windows-AppXDeploymentServer/Operational", "Provider_Name": "Microsoft-Windows-AppXDeployment-Server", "Computer": "DESKTOP-OFJ6N53", "TimeCreated": "2025-08-13 14:41:38.695379+00:00", "RecordID": "115818", "Level": "4", "UserID": "S-1-5-18", "EventData.PackageFullName": "c5e2524a-ea46-4f67-841f-6a9465d9d515_10.0.19041.4239_neutral_neutral_cw5n1h2txyewy", "EventData.IsInstalled": "True"}
{"EventID": "633", "Channel": "Microsoft-Windows-AppXDeploymentServer/Operational", "Provider_Name": "Microsoft-Windows-AppXDeployment-Server", "Computer": "DESKTOP-OFJ6N53", "TimeCreated": "2025-08-13 14:41:38.866409+00:00", "RecordID": "115819", "Level": "4", "UserID": "S-1-5-18", "EventData.PackageFullName": "E2A4F912-2574-4A75-9BB0-0D023378592B_10.0.19041.4239_neutral_neutral_cw5n1h2txyewy", "EventData.IsInstalled": "True"}
{"EventID": "633", "Channel": "Microsoft-Windows-AppXDeploymentServer/Operational", "Provider_Name": "Microsoft-Windows-AppXDeployment-Server", "Computer": "DESKTOP-OFJ6N53", "TimeCreated": "2025-08-13 14:41:38.960497+00:00", "RecordID": "115820", "Level": "4", "UserID": "S-1-5-18", "EventData.PackageFullName": "F46D4000-FD22-4DB4-AC8E-4E1DDDE828FE_10.0.19041.4239_neutral_neutral_cw5n1h2txyewy", "EventData.IsInstalled": "True"}
{"EventID": "633", "Channel": "Microsoft-Windows-AppXDeploymentServer/Operational", "Provider_Name": "Microsoft-Windows-AppXDeployment-Server", "Computer": "DESKTOP-OFJ6N53", "TimeCreated": "2025-08-13 14:41:39.070545+00:00", "RecordID": "115821", "Level": "4", "UserID": "S-1-5-18", "EventData.PackageFullName": "Microsoft.AAD.BrokerPlugin_1000.19041.4239.0_neutral_neutral_cw5n1h2txyewy", "EventData.IsInstalled": "True"}
{"EventID": "633", "Channel": "Microsoft-Windows-AppXDeploymentServer/Operational", "Provider_Name": "Microsoft-Windows-AppXDeployment-Server", "Computer": "DESKTOP-OFJ6N53", "TimeCreated": "2025-08-13 14:41:39.148060+00:00", "RecordID": "115822", "Level": "4", "UserID": "S-1-5-18", "EventData.PackageFullName": "Microsoft.AccountsControl_10.0.19041.4239_neutral__cw5n1h2txyewy", "EventData.IsInstalled": "True"}
{"EventID": "633", "Channel": "Microsoft-Windows-AppXDeploymentServer/Operational", "Provider_Name": "Microsoft-Windows-AppXDeployment-Server", "Computer": "DESKTOP-OFJ6N53", "TimeCreated": "2025-08-13 14:41:39.228228+00:00", "RecordID": "115823", "Level": "4", "UserID": "S-1-5-18", "EventData.PackageFullName": "Microsoft.AsyncTextService_10.0.19041.4239_neutral__8wekyb3d8bbwe", "EventData.IsInstalled": "True"}
{"EventID": "633", "Channel": "Microsoft-Windows-AppXDeploymentServer/Operational", "Provider_Name": "Microsoft-Windows-AppXDeployment-Server", "Computer": "DESKTOP-OFJ6N53", "TimeCreated": "2025-08-13 14:41:39.359983+00:00", "RecordID": "115824", "Level": "4", "UserID": "S-1-5-18", "EventData.PackageFullName": "Microsoft.BioEnrollment_10.0.19041.4239_neutral__cw5n1h2txyewy", "EventData.IsInstalled": "True"}
{"EventID": "633", "Channel": "Microsoft-Windows-AppXDeploymentServer/Operational", "Provider_Name": "Microsoft-Windows-AppXDeployment-Server", "Computer": "DESKTOP-OFJ6N53", "TimeCreated": "2025-08-13 14:41:39.513468+00:00", "RecordID": "115825", "Level": "4", "UserID": "S-1-5-18", "EventData.PackageFullName": "Microsoft.CredDialogHost_10.0.19041.4239_neutral__cw5n1h2txyewy", "EventData.IsInstalled": "True"}
{"EventID": "633", "Channel": "Microsoft-Windows-AppXDeploymentServer/Operational", "Provider_Name": "Microsoft-Windows-AppXDeployment-Server", "Computer": "DESKTOP-OFJ6N53", "TimeCreated": "2025-08-13 14:41:39.573715+00:00", "RecordID": "115826", "Level": "4", "UserID": "S-1-5-18", "EventData.PackageFullName": "Microsoft.ECApp_10.0.19041.4597_neutral__8wekyb3d8bbwe", "EventData.IsInstalled": "True"}
{"EventID": "633", "Channel": "Microsoft-Windows-AppXDeploymentServer/Operational", "Provider_Name": "Microsoft-Windows-AppXDeployment-Server", "Computer": "DESKTOP-OFJ6N53", "TimeCreated": "2025-08-13 14:41:39.732826+00:00", "RecordID": "115827", "Level": "4", "UserID": "S-1-5-18", "EventData.PackageFullName": "Microsoft.LockApp_10.0.19041.4239_neutral__cw5n1h2txyewy", "EventData.IsInstalled": "True"}
{"EventID": "633", "Channel": "Microsoft-Windows-AppXDeploymentServer/Operational", "Provider_Name": "Microsoft-Windows-AppXDeployment-Server", "Computer": "DESKTOP-OFJ6N53", "TimeCreated": "2025-08-13 14:41:39.895451+00:00", "RecordID": "115828", "Level": "4", "UserID": "S-1-5-18", "EventData.PackageFullName": "Microsoft.MicrosoftEdgeDevToolsClient_1000.19041.4239.0_neutral_neutral_8wekyb3d8bbwe", "EventData.IsInstalled": "True"}
{"EventID": "633", "Channel": "Microsoft-Windows-AppXDeploymentServer/Operational", "Provider_Name": "Microsoft-Windows-AppXDeployment-Server", "Computer": "DESKTOP-OFJ6N53", "TimeCreated": "2025-08-13 14:41:40.041836+00:00", "RecordID": "115829", "Level": "4", "UserID": "S-1-5-18", "EventData.PackageFullName": "Microsoft.Win32WebViewHost_10.0.19041.4239_neutral_neutral_cw5n1h2txyewy", "EventData.IsInstalled": "True"}
{"EventID": "633", "Channel": "Microsoft-Windows-AppXDeploymentServer/Operational", "Provider_Name": "Microsoft-Windows-AppXDeployment-Server", "Computer": "DESKTOP-OFJ6N53", "TimeCreated": "2025-08-13 14:41:40.182234+00:00", "RecordID": "115830", "Level": "4", "UserID": "S-1-5-18", "EventData.PackageFullName": "Microsoft.Windows.Apprep.ChxApp_1000.19041.4239.0_neutral_neutral_cw5n1h2txyewy", "EventData.IsInstalled": "True"}
{"EventID": "633", "Channel": "Microsoft-Windows-AppXDeploymentServer/Operational", "Provider_Name": "Microsoft-Windows-AppXDeployment-Server", "Computer": "DESKTOP-OFJ6N53", "TimeCreated": "2025-08-13 14:41:40.476065+00:00", "RecordID": "115831", "Level": "4", "UserID": "S-1-5-18", "EventData.PackageFullName": "Microsoft.Windows.AssignedAccessLockApp_1000.19041.4239.0_neutral_neutral_cw5n1h2txyewy", "EventData.IsInstalled": "True"}
{"EventID": "633", "Channel": "Microsoft-Windows-AppXDeploymentServer/Operational", "Provider_Name": "Microsoft-Windows-AppXDeployment-Server", "Computer": "DESKTOP-OFJ6N53", "TimeCreated": "2025-08-13 14:41:40.648846+00:00", "RecordID": "115832", "Level": "4", "UserID": "S-1-5-18", "EventData.PackageFullName": "Microsoft.Windows.CallingShellApp_1000.19041.4239.0_neutral_neutral_cw5n1h2txyewy", "EventData.IsInstalled": "True"}
{"EventID": "633", "Channel": "Microsoft-Windows-AppXDeploymentServer/Operational", "Provider_Name": "Microsoft-Windows-AppXDeployment-Server", "Computer": "DESKTOP-OFJ6N53", "TimeCreated": "2025-08-13 14:41:40.803360+00:00", "RecordID": "115833", "Level": "4", "UserID": "S-1-5-18", "EventData.PackageFullName": "Microsoft.Windows.CapturePicker_10.0.19041.4239_neutral__cw5n1h2txyewy", "EventData.IsInstalled": "True"}
{"EventID": "633", "Channel": "Microsoft-Windows-AppXDeploymentServer/Operational", "Provider_Name": "Microsoft-Windows-AppXDeployment-Server", "Computer": "DESKTOP-OFJ6N53", "TimeCreated": "2025-08-13 14:41:40.869396+00:00", "RecordID": "115834", "Level": "4", "UserID": "S-1-5-18", "EventData.PackageFullName": "Microsoft.Windows.CloudExperienceHost_10.0.19041.5198_neutral_neutral_cw5n1h2txyewy", "EventData.IsInstalled": "True"}
{"EventID": "633", "Channel": "Microsoft-Windows-AppXDeploymentServer/Operational", "Provider_Name": "Microsoft-Windows-AppXDeployment-Server", "Computer": "DESKTOP-OFJ6N53", "TimeCreated": "2025-08-13 14:41:40.942881+00:00", "RecordID": "115835", "Level": "4", "UserID": "S-1-5-18", "EventData.PackageFullName": "Microsoft.Windows.ContentDeliveryManager_10.0.19041.4239_neutral_neutral_cw5n1h2txyewy", "EventData.IsInstalled": "True"}
{"EventID": "633", "Channel": "Microsoft-Windows-AppXDeploymentServer/Operational", "Provider_Name": "Microsoft-Windows-AppXDeployment-Server", "Computer": "DESKTOP-OFJ6N53", "TimeCreated": "2025-08-13 14:41:41.004667+00:00", "RecordID": "115836", "Level": "4", "UserID": "S-1-5-18", "EventData.PackageFullName": "Microsoft.Windows.NarratorQuickStart_10.0.19041.4239_neutral_neutral_8wekyb3d8bbwe", "EventData.IsInstalled": "True"}
{"EventID": "633", "Channel": "Microsoft-Windows-AppXDeploymentServer/Operational", "Provider_Name": "Microsoft-Windows-AppXDeployment-Server", "Computer": "DESKTOP-OFJ6N53", "TimeCreated": "2025-08-13 14:41:41.065271+00:00", "RecordID": "115837", "Level": "4", "UserID": "S-1-5-18", "EventData.PackageFullName": "Microsoft.Windows.OOBENetworkCaptivePortal_10.0.19041.4239_neutral__cw5n1h2txyewy", "EventData.IsInstalled": "True"}
{"EventID": "633", "Channel": "Microsoft-Windows-AppXDeploymentServer/Operational", "Provider_Name": "Microsoft-Windows-AppXDeployment-Server", "Computer": "DESKTOP-OFJ6N53", "TimeCreated": "2025-08-13 14:41:41.133202+00:00", "RecordID": "115838", "Level": "4", "UserID": "S-1-5-18", "EventData.PackageFullName": "Microsoft.Windows.OOBENetworkConnectionFlow_10.0.19041.4239_neutral__cw5n1h2txyewy", "EventData.IsInstalled": "True"}
{"EventID": "633", "Channel": "Microsoft-Windows-AppXDeploymentServer/Operational", "Provider_Name": "Microsoft-Windows-AppXDeployment-Server", "Computer": "DESKTOP-OFJ6N53", "TimeCreated": "2025-08-13 14:41:41.228367+00:00", "RecordID": "115839", "Level": "4", "UserID": "S-1-5-18", "EventData.PackageFullName": "Microsoft.Windows.ParentalControls_1000.19041.4239.0_neutral_neutral_cw5n1h2txyewy", "EventData.IsInstalled": "True"}
{"EventID": "633", "Channel": "Microsoft-Windows-AppXDeploymentServer/Operational", "Provider_Name": "Microsoft-Windows-AppXDeployment-Server", "Computer": "DESKTOP-OFJ6N53", "TimeCreated": "2025-08-13 14:41:41.362808+00:00", "RecordID": "115840", "Level": "4", "UserID": "S-1-5-18", "EventData.PackageFullName": "Microsoft.Windows.PeopleExperienceHost_10.0.19041.4239_neutral_neutral_cw5n1h2txyewy", "EventData.IsInstalled": "True"}
{"EventID": "633", "Channel": "Microsoft-Windows-AppXDeploymentServer/Operational", "Provider_Name": "Microsoft-Windows-AppXDeployment-Server", "Computer": "DESKTOP-OFJ6N53", "TimeCreated": "2025-08-13 14:41:41.423525+00:00", "RecordID": "115841", "Level": "4", "UserID": "S-1-5-18", "EventData.PackageFullName": "Microsoft.Windows.PinningConfirmationDialog_1000.19041.4239.0_neutral__cw5n1h2txyewy", "EventData.IsInstalled": "True"}
{"EventID": "633", "Channel": "Microsoft-Windows-AppXDeploymentServer/Operational", "Provider_Name": "Microsoft-Windows-AppXDeployment-Server", "Computer": "DESKTOP-OFJ6N53", "TimeCreated": "2025-08-13 14:41:41.495602+00:00", "RecordID": "115842", "Level": "4", "UserID": "S-1-5-18", "EventData.PackageFullName": "Microsoft.Windows.Search_1.14.18.19041_neutral_neutral_cw5n1h2txyewy", "EventData.IsInstalled": "True"}
{"EventID": "633", "Channel": "Microsoft-Windows-AppXDeploymentServer/Operational", "Provider_Name": "Microsoft-Windows-AppXDeployment-Server", "Computer": "DESKTOP-OFJ6N53", "TimeCreated": "2025-08-13 14:41:41.615730+00:00", "RecordID": "115843", "Level": "4", "UserID": "S-1-5-18", "EventData.PackageFullName": "Microsoft.Windows.SecHealthUI_10.0.19041.4239_neutral__cw5n1h2txyewy", "EventData.IsInstalled": "True"}
{"EventID": "633", "Channel": "Microsoft-Windows-AppXDeploymentServer/Operational", "Provider_Name": "Microsoft-Windows-AppXDeployment-Server", "Computer": "DESKTOP-OFJ6N53", "TimeCreated": "2025-08-13 14:41:41.761978+00:00", "RecordID": "115844", "Level": "4", "UserID": "S-1-5-18", "EventData.PackageFullName": "Microsoft.Windows.SecureAssessmentBrowser_10.0.19041.4239_neutral_neutral_cw5n1h2txyewy", "EventData.IsInstalled": "True"}
{"EventID": "633", "Channel": "Microsoft-Windows-AppXDeploymentServer/Operational", "Provider_Name": "Microsoft-Windows-AppXDeployment-Server", "Computer": "DESKTOP-OFJ6N53", "TimeCreated": "2025-08-13 14:41:41.918285+00:00", "RecordID": "115845", "Level": "4", "UserID": "S-1-5-18", "EventData.PackageFullName": "Microsoft.Windows.ShellExperienceHost_10.0.19041.5072_neutral_neutral_cw5n1h2txyewy", "EventData.IsInstalled": "True"}
{"EventID": "633", "Channel": "Microsoft-Windows-AppXDeploymentServer/Operational", "Provider_Name": "Microsoft-Windows-AppXDeployment-Server", "Computer": "DESKTOP-OFJ6N53", "TimeCreated": "2025-08-13 14:41:42.002039+00:00", "RecordID": "115846", "Level": "4", "UserID": "S-1-5-18", "EventData.PackageFullName": "Microsoft.Windows.StartMenuExperienceHost_10.0.19041.5438_neutral_neutral_cw5n1h2txyewy", "EventData.IsInstalled": "True"}
{"EventID": "633", "Channel": "Microsoft-Windows-AppXDeploymentServer/Operational", "Provider_Name": "Microsoft-Windows-AppXDeployment-Server", "Computer": "DESKTOP-OFJ6N53", "TimeCreated": "2025-08-13 14:41:42.280752+00:00", "RecordID": "115847", "Level": "4", "UserID": "S-1-5-18", "EventData.PackageFullName": "Microsoft.Windows.XGpuEjectDialog_10.0.19041.4239_neutral_neutral_cw5n1h2txyewy", "EventData.IsInstalled": "True"}
{"EventID": "633", "Channel": "Microsoft-Windows-AppXDeploymentServer/Operational", "Provider_Name": "Microsoft-Windows-AppXDeployment-Server", "Computer": "DESKTOP-OFJ6N53", "TimeCreated": "2025-08-13 14:41:42.343626+00:00", "RecordID": "115848", "Level": "4", "UserID": "S-1-5-18", "EventData.PackageFullName": "Microsoft.XboxGameCallableUI_1000.19041.4239.0_neutral_neutral_cw5n1h2txyewy", "EventData.IsInstalled": "True"}
{"EventID": "633", "Channel": "Microsoft-Windows-AppXDeploymentServer/Operational", "Provider_Name": "Microsoft-Windows-AppXDeployment-Server", "Computer": "DESKTOP-OFJ6N53", "TimeCreated": "2025-08-13 14:41:42.626381+00:00", "RecordID": "115849", "Level": "4", "UserID": "S-1-5-18", "EventData.PackageFullName": "MicrosoftWindows.Client.CBS_1000.19062.1000.0_x64__cw5n1h2txyewy", "EventData.IsInstalled": "True"}
