{"EventID": "1006", "Channel": "Microsoft-Windows-Privacy-Auditing/Operational", "Provider_Name": "Microsoft-Windows-Privacy-Auditing", "Computer": "WIN-E725EAE32MJ", "TimeCreated": "2022-02-24 08:25:01.920685+00:00", "RecordID": "1", "Level": "4", "UserID": "S-1-5-18", "EventData.NewConsentValue": "Allow", "EventData.TargetUserSid": "NULL", "EventData.ConsentID": "NULL", "EventData.AppPackageFamilyName": "NULL", "EventData.HResult": "0x00000000", "EventData.SettingName": "activity", "EventData.Migrated": "False", "EventData.Suppressed": "False"}
{"EventID": "1006", "Channel": "Microsoft-Windows-Privacy-Auditing/Operational", "Provider_Name": "Microsoft-Windows-Privacy-Auditing", "Computer": "WIN-E725EAE32MJ", "TimeCreated": "2022-02-24 08:25:01.924057+00:00", "RecordID": "2", "Level": "4", "UserID": "S-1-5-18", "EventData.NewConsentValue": "Allow", "EventData.TargetUserSid": "NULL", "EventData.ConsentID": "NULL", "EventData.AppPackageFamilyName": "NULL", "EventData.HResult": "0x00000000", "EventData.SettingName": "appDiagnostics", "EventData.Migrated": "False", "EventData.Suppressed": "False"}
{"EventID": "1006", "Channel": "Microsoft-Windows-Privacy-Auditing/Operational", "Provider_Name": "Microsoft-Windows-Privacy-Auditing", "Computer": "WIN-E725EAE32MJ", "TimeCreated": "2022-02-24 08:25:01.925228+00:00", "RecordID": "3", "Level": "4", "UserID": "S-1-5-18", "EventData.NewConsentValue": "Allow", "EventData.TargetUserSid": "NULL", "EventData.ConsentID": "NULL", "EventData.AppPackageFamilyName": "NULL", "EventData.HResult": "0x00000000", "EventData.SettingName": "appointments", "EventData.Migrated": "False", "EventData.Suppressed": "False"}
{"EventID": "1006", "Channel": "Microsoft-Windows-Privacy-Auditing/Operational", "Provider_Name": "Microsoft-Windows-Privacy-Auditing", "Computer": "WIN-E725EAE32MJ", "TimeCreated": "2022-02-24 08:25:02.035530+00:00", "RecordID": "4", "Level": "4", "UserID": "S-1-5-18", "EventData.NewConsentValue": "Allow", "EventData.TargetUserSid": "NULL", "EventData.ConsentID": "NULL", "EventData.AppPackageFamilyName": "NULL", "EventData.HResult": "0x00000000", "EventData.SettingName": "bluetooth", "EventData.Migrated": "False", "EventData.Suppressed": "False"}
{"EventID": "1006", "Channel": "Microsoft-Windows-Privacy-Auditing/Operational", "Provider_Name": "Microsoft-Windows-Privacy-Auditing", "Computer": "WIN-E725EAE32MJ", "TimeCreated": "2022-02-24 08:25:02.035559+00:00", "RecordID": "5", "Level": "4", "UserID": "S-1-5-18", "EventData.NewConsentValue": "Allow", "EventData.TargetUserSid": "NULL", "EventData.ConsentID": "NULL", "EventData.AppPackageFamilyName": "NULL", "EventData.HResult": "0x00000000", "EventData.SettingName": "bluetooth", "EventData.Migrated": "False", "EventData.Suppressed": "False"}
{"EventID": "1006", "Channel": "Microsoft-Windows-Privacy-Auditing/Operational", "Provider_Name": "Microsoft-Windows-Privacy-Auditing", "Computer": "WIN-E725EAE32MJ", "TimeCreated": "2022-02-24 08:25:02.036640+00:00", "RecordID": "6", "Level": "4", "UserID": "S-1-5-18", "EventData.NewConsentValue": "Allow", "EventData.TargetUserSid": "NULL", "EventData.ConsentID": "NULL", "EventData.AppPackageFamilyName": "NULL", "EventData.HResult": "0x00000000", "EventData.SettingName": "bluetoothSync", "EventData.Migrated": "False", "EventData.Suppressed": "False"}
{"EventID": "1006", "Channel": "Microsoft-Windows-Privacy-Auditing/Operational", "Provider_Name": "Microsoft-Windows-Privacy-Auditing", "Computer": "WIN-E725EAE32MJ", "TimeCreated": "2022-02-24 08:25:02.037464+00:00", "RecordID": "7", "Level": "4", "UserID": "S-1-5-18", "EventData.NewConsentValue": "Allow", "EventData.TargetUserSid": "NULL", "EventData.ConsentID": "NULL", "EventData.AppPackageFamilyName": "NULL", "EventData.HResult": "0x00000000", "EventData.SettingName": "broadFileSystemAccess", "EventData.Migrated": "False", "EventData.Suppressed": "False"}
{"EventID": "1006", "Channel": "Microsoft-Windows-Privacy-Auditing/Operational", "Provider_Name": "Microsoft-Windows-Privacy-Auditing", "Computer": "WIN-E725EAE32MJ", "TimeCreated": "2022-02-24 08:25:02.049339+00:00", "RecordID": "8", "Level": "4", "UserID": "S-1-5-18", "EventData.NewConsentValue": "Allow", "EventData.TargetUserSid": "NULL", "EventData.ConsentID": "NULL", "EventData.AppPackageFamilyName": "NULL", "EventData.HResult": "0x00000000", "EventData.SettingName": "cellularData", "EventData.Migrated": "False", "EventData.Suppressed": "False"}
{"EventID": "1006", "Channel": "Microsoft-Windows-Privacy-Auditing/Operational", "Provider_Name": "Microsoft-Windows-Privacy-Auditing", "Computer": "WIN-E725EAE32MJ", "TimeCreated": "2022-02-24 08:25:02.050409+00:00", "RecordID": "9", "Level": "4", "UserID": "S-1-5-18", "EventData.NewConsentValue": "Allow", "EventData.TargetUserSid": "NULL", "EventData.ConsentID": "NULL", "EventData.AppPackageFamilyName": "NULL", "EventData.HResult": "0x00000000", "EventData.SettingName": "chat", "EventData.Migrated": "False", "EventData.Suppressed": "False"}
{"EventID": "1006", "Channel": "Microsoft-Windows-Privacy-Auditing/Operational", "Provider_Name": "Microsoft-Windows-Privacy-Auditing", "Computer": "WIN-E725EAE32MJ", "TimeCreated": "2022-02-24 08:25:02.052139+00:00", "RecordID": "10", "Level": "4", "UserID": "S-1-5-18", "EventData.NewConsentValue": "Allow", "EventData.TargetUserSid": "NULL", "EventData.ConsentID": "NULL", "EventData.AppPackageFamilyName": "NULL", "EventData.HResult": "0x00000000", "EventData.SettingName": "contacts", "EventData.Migrated": "False", "EventData.Suppressed": "False"}
{"EventID": "1006", "Channel": "Microsoft-Windows-Privacy-Auditing/Operational", "Provider_Name": "Microsoft-Windows-Privacy-Auditing", "Computer": "WIN-E725EAE32MJ", "TimeCreated": "2022-02-24 08:25:02.052929+00:00", "RecordID": "11", "Level": "4", "UserID": "S-1-5-18", "EventData.NewConsentValue": "Allow", "EventData.TargetUserSid": "NULL", "EventData.ConsentID": "NULL", "EventData.AppPackageFamilyName": "NULL", "EventData.HResult": "0x00000000", "EventData.SettingName": "documentsLibrary", "EventData.Migrated": "False", "EventData.Suppressed": "False"}
{"EventID": "1006", "Channel": "Microsoft-Windows-Privacy-Auditing/Operational", "Provider_Name": "Microsoft-Windows-Privacy-Auditing", "Computer": "WIN-E725EAE32MJ", "TimeCreated": "2022-02-24 08:25:02.054241+00:00", "RecordID": "12", "Level": "4", "UserID": "S-1-5-18", "EventData.NewConsentValue": "Allow", "EventData.TargetUserSid": "NULL", "EventData.ConsentID": "NULL", "EventData.AppPackageFamilyName": "NULL", "EventData.HResult": "0x00000000", "EventData.SettingName": "email", "EventData.Migrated": "False", "EventData.Suppressed": "False"}
{"EventID": "1006", "Channel": "Microsoft-Windows-Privacy-Auditing/Operational", "Provider_Name": "Microsoft-Windows-Privacy-Auditing", "Computer": "WIN-E725EAE32MJ", "TimeCreated": "2022-02-24 08:25:02.056519+00:00", "RecordID": "13", "Level": "4", "UserID": "S-1-5-18", "EventData.NewConsentValue": "Allow", "EventData.TargetUserSid": "NULL", "EventData.ConsentID": "NULL", "EventData.AppPackageFamilyName": "NULL", "EventData.HResult": "0x00000000", "EventData.SettingName": "gazeInput", "EventData.Migrated": "False", "EventData.Suppressed": "False"}
{"EventID": "1006", "Channel": "Microsoft-Windows-Privacy-Auditing/Operational", "Provider_Name": "Microsoft-Windows-Privacy-Auditing", "Computer": "WIN-E725EAE32MJ", "TimeCreated": "2022-02-24 08:25:02.078054+00:00", "RecordID": "14", "Level": "4", "UserID": "S-1-5-18", "EventData.NewConsentValue": "Allow", "EventData.TargetUserSid": "NULL", "EventData.ConsentID": "NULL", "EventData.AppPackageFamilyName": "NULL", "EventData.HResult": "0x00000000", "EventData.SettingName": "humanInterfaceDevice", "EventData.Migrated": "False", "EventData.Suppressed": "False"}
{"EventID": "1006", "Channel": "Microsoft-Windows-Privacy-Auditing/Operational", "Provider_Name": "Microsoft-Windows-Privacy-Auditing", "Computer": "WIN-E725EAE32MJ", "TimeCreated": "2022-02-24 08:25:02.080330+00:00", "RecordID": "15", "Level": "4", "UserID": "S-1-5-18", "EventData.NewConsentValue": "Deny", "EventData.TargetUserSid": "NULL", "EventData.ConsentID": "NULL", "EventData.AppPackageFamilyName": "NULL", "EventData.HResult": "0x00000000", "EventData.SettingName": "location", "EventData.Migrated": "False", "EventData.Suppressed": "False"}
{"EventID": "1006", "Channel": "Microsoft-Windows-Privacy-Auditing/Operational", "Provider_Name": "Microsoft-Windows-Privacy-Auditing", "Computer": "WIN-E725EAE32MJ", "TimeCreated": "2022-02-24 08:25:02.206104+00:00", "RecordID": "16", "Level": "4", "UserID": "S-1-5-18", "EventData.NewConsentValue": "Allow", "EventData.TargetUserSid": "NULL", "EventData.ConsentID": "NULL", "EventData.AppPackageFamilyName": "NULL", "EventData.HResult": "0x00000000", "EventData.SettingName": "microphone", "EventData.Migrated": "False", "EventData.Suppressed": "False"}
{"EventID": "1006", "Channel": "Microsoft-Windows-Privacy-Auditing/Operational", "Provider_Name": "Microsoft-Windows-Privacy-Auditing", "Computer": "WIN-E725EAE32MJ", "TimeCreated": "2022-02-24 08:25:02.207214+00:00", "RecordID": "17", "Level": "4", "UserID": "S-1-5-18", "EventData.NewConsentValue": "Allow", "EventData.TargetUserSid": "NULL", "EventData.ConsentID": "NULL", "EventData.AppPackageFamilyName": "NULL", "EventData.HResult": "0x00000000", "EventData.SettingName": "phoneCall", "EventData.Migrated": "False", "EventData.Suppressed": "False"}
{"EventID": "1006", "Channel": "Microsoft-Windows-Privacy-Auditing/Operational", "Provider_Name": "Microsoft-Windows-Privacy-Auditing", "Computer": "WIN-E725EAE32MJ", "TimeCreated": "2022-02-24 08:25:02.208162+00:00", "RecordID": "18", "Level": "4", "UserID": "S-1-5-18", "EventData.NewConsentValue": "Allow", "EventData.TargetUserSid": "NULL", "EventData.ConsentID": "NULL", "EventData.AppPackageFamilyName": "NULL", "EventData.HResult": "0x00000000", "EventData.SettingName": "phoneCallHistory", "EventData.Migrated": "False", "EventData.Suppressed": "False"}
{"EventID": "1006", "Channel": "Microsoft-Windows-Privacy-Auditing/Operational", "Provider_Name": "Microsoft-Windows-Privacy-Auditing", "Computer": "WIN-E725EAE32MJ", "TimeCreated": "2022-02-24 08:25:02.209164+00:00", "RecordID": "19", "Level": "4", "UserID": "S-1-5-18", "EventData.NewConsentValue": "Allow", "EventData.TargetUserSid": "NULL", "EventData.ConsentID": "NULL", "EventData.AppPackageFamilyName": "NULL", "EventData.HResult": "0x00000000", "EventData.SettingName": "picturesLibrary", "EventData.Migrated": "False", "EventData.Suppressed": "False"}
{"EventID": "1006", "Channel": "Microsoft-Windows-Privacy-Auditing/Operational", "Provider_Name": "Microsoft-Windows-Privacy-Auditing", "Computer": "WIN-E725EAE32MJ", "TimeCreated": "2022-02-24 08:25:02.210012+00:00", "RecordID": "20", "Level": "4", "UserID": "S-1-5-18", "EventData.NewConsentValue": "Allow", "EventData.TargetUserSid": "NULL", "EventData.ConsentID": "NULL", "EventData.AppPackageFamilyName": "NULL", "EventData.HResult": "0x00000000", "EventData.SettingName": "radios", "EventData.Migrated": "False", "EventData.Suppressed": "False"}
{"EventID": "1006", "Channel": "Microsoft-Windows-Privacy-Auditing/Operational", "Provider_Name": "Microsoft-Windows-Privacy-Auditing", "Computer": "WIN-E725EAE32MJ", "TimeCreated": "2022-02-24 08:25:02.211384+00:00", "RecordID": "21", "Level": "4", "UserID": "S-1-5-18", "EventData.NewConsentValue": "Allow", "EventData.TargetUserSid": "NULL", "EventData.ConsentID": "NULL", "EventData.AppPackageFamilyName": "NULL", "EventData.HResult": "0x00000000", "EventData.SettingName": "sensors.custom", "EventData.Migrated": "False", "EventData.Suppressed": "False"}
{"EventID": "1006", "Channel": "Microsoft-Windows-Privacy-Auditing/Operational", "Provider_Name": "Microsoft-Windows-Privacy-Auditing", "Computer": "WIN-E725EAE32MJ", "TimeCreated": "2022-02-24 08:25:02.213444+00:00", "RecordID": "22", "Level": "4", "UserID": "S-1-5-18", "EventData.NewConsentValue": "Allow", "EventData.TargetUserSid": "NULL", "EventData.ConsentID": "NULL", "EventData.AppPackageFamilyName": "NULL", "EventData.HResult": "0x00000000", "EventData.SettingName": "serialCommunication", "EventData.Migrated": "False", "EventData.Suppressed": "False"}
{"EventID": "1006", "Channel": "Microsoft-Windows-Privacy-Auditing/Operational", "Provider_Name": "Microsoft-Windows-Privacy-Auditing", "Computer": "WIN-E725EAE32MJ", "TimeCreated": "2022-02-24 08:25:02.216526+00:00", "RecordID": "23", "Level": "4", "UserID": "S-1-5-18", "EventData.NewConsentValue": "Allow", "EventData.TargetUserSid": "NULL", "EventData.ConsentID": "NULL", "EventData.AppPackageFamilyName": "NULL", "EventData.HResult": "0x00000000", "EventData.SettingName": "usb", "EventData.Migrated": "False", "EventData.Suppressed": "False"}
{"EventID": "1006", "Channel": "Microsoft-Windows-Privacy-Auditing/Operational", "Provider_Name": "Microsoft-Windows-Privacy-Auditing", "Computer": "WIN-E725EAE32MJ", "TimeCreated": "2022-02-24 08:25:02.219439+00:00", "RecordID": "24", "Level": "4", "UserID": "S-1-5-18", "EventData.NewConsentValue": "Allow", "EventData.TargetUserSid": "NULL", "EventData.ConsentID": "NULL", "EventData.AppPackageFamilyName": "NULL", "EventData.HResult": "0x00000000", "EventData.SettingName": "userAccountInformation", "EventData.Migrated": "False", "EventData.Suppressed": "False"}
{"EventID": "1006", "Channel": "Microsoft-Windows-Privacy-Auditing/Operational", "Provider_Name": "Microsoft-Windows-Privacy-Auditing", "Computer": "WIN-E725EAE32MJ", "TimeCreated": "2022-02-24 08:25:02.221739+00:00", "RecordID": "25", "Level": "4", "UserID": "S-1-5-18", "EventData.NewConsentValue": "Allow", "EventData.TargetUserSid": "NULL", "EventData.ConsentID": "NULL", "EventData.AppPackageFamilyName": "NULL", "EventData.HResult": "0x00000000", "EventData.SettingName": "userDataTasks", "EventData.Migrated": "False", "EventData.Suppressed": "False"}
{"EventID": "1006", "Channel": "Microsoft-Windows-Privacy-Auditing/Operational", "Provider_Name": "Microsoft-Windows-Privacy-Auditing", "Computer": "WIN-E725EAE32MJ", "TimeCreated": "2022-02-24 08:25:02.223869+00:00", "RecordID": "26", "Level": "4", "UserID": "S-1-5-18", "EventData.NewConsentValue": "Allow", "EventData.TargetUserSid": "NULL", "EventData.ConsentID": "NULL", "EventData.AppPackageFamilyName": "NULL", "EventData.HResult": "0x00000000", "EventData.SettingName": "userNotificationListener", "EventData.Migrated": "False", "EventData.Suppressed": "False"}
{"EventID": "1006", "Channel": "Microsoft-Windows-Privacy-Auditing/Operational", "Provider_Name": "Microsoft-Windows-Privacy-Auditing", "Computer": "WIN-E725EAE32MJ", "TimeCreated": "2022-02-24 08:25:02.226389+00:00", "RecordID": "27", "Level": "4", "UserID": "S-1-5-18", "EventData.NewConsentValue": "Allow", "EventData.TargetUserSid": "NULL", "EventData.ConsentID": "NULL", "EventData.AppPackageFamilyName": "NULL", "EventData.HResult": "0x00000000", "EventData.SettingName": "videosLibrary", "EventData.Migrated": "False", "EventData.Suppressed": "False"}
{"EventID": "1006", "Channel": "Microsoft-Windows-Privacy-Auditing/Operational", "Provider_Name": "Microsoft-Windows-Privacy-Auditing", "Computer": "WIN-E725EAE32MJ", "TimeCreated": "2022-02-24 08:25:02.230759+00:00", "RecordID": "28", "Level": "4", "UserID": "S-1-5-18", "EventData.NewConsentValue": "Allow", "EventData.TargetUserSid": "NULL", "EventData.ConsentID": "NULL", "EventData.AppPackageFamilyName": "NULL", "EventData.HResult": "0x00000000", "EventData.SettingName": "webcam", "EventData.Migrated": "False", "EventData.Suppressed": "False"}
{"EventID": "1006", "Channel": "Microsoft-Windows-Privacy-Auditing/Operational", "Provider_Name": "Microsoft-Windows-Privacy-Auditing", "Computer": "WIN-E725EAE32MJ", "TimeCreated": "2022-02-24 08:25:02.239693+00:00", "RecordID": "29", "Level": "4", "UserID": "S-1-5-18", "EventData.NewConsentValue": "Allow", "EventData.TargetUserSid": "NULL", "EventData.ConsentID": "NULL", "EventData.AppPackageFamilyName": "NULL", "EventData.HResult": "0x00000000", "EventData.SettingName": "wifiData", "EventData.Migrated": "False", "EventData.Suppressed": "False"}
{"EventID": "1006", "Channel": "Microsoft-Windows-Privacy-Auditing/Operational", "Provider_Name": "Microsoft-Windows-Privacy-Auditing", "Computer": "WIN-E725EAE32MJ", "TimeCreated": "2022-02-24 08:25:02.242451+00:00", "RecordID": "30", "Level": "4", "UserID": "S-1-5-18", "EventData.NewConsentValue": "Allow", "EventData.TargetUserSid": "NULL", "EventData.ConsentID": "NULL", "EventData.AppPackageFamilyName": "NULL", "EventData.HResult": "0x00000000", "EventData.SettingName": "wiFiDirect", "EventData.Migrated": "False", "EventData.Suppressed": "False"}
{"EventID": "1012", "Channel": "Microsoft-Windows-Privacy-Auditing/Operational", "Provider_Name": "Microsoft-Windows-Privacy-Auditing", "Computer": "DESKTOP-OFJ6N53", "TimeCreated": "2022-02-24 08:27:36.151850+00:00", "RecordID": "31", "Level": "4", "UserID": "S-1-5-18", "EventData.NewConsentValue": "Prompt", "EventData.TargetUserSid": "S-1-5-21-963789628-1060504924-4285088085-1000", "EventData.AppPackageFamilyName": "Microsoft.Windows.StartMenuExperienceHost_cw5n1h2txyewy", "EventData.HResult": "0x00000000", "EventData.SettingName": "contacts", "EventData.Migrated": "False"}
{"EventID": "1008", "Channel": "Microsoft-Windows-Privacy-Auditing/Operational", "Provider_Name": "Microsoft-Windows-Privacy-Auditing", "Computer": "DESKTOP-OFJ6N53", "TimeCreated": "2022-02-24 08:27:36.168467+00:00", "RecordID": "32", "Level": "4", "UserID": "S-1-5-18", "EventData.NewConsentValue": "Allow", "EventData.TargetUserSid": "S-1-5-21-963789628-1060504924-4285088085-1000", "EventData.ConsentID": null, "EventData.AppPackageFamilyName": "NULL", "EventData.HResult": "0x00000000", "EventData.SettingName": "cellularData", "EventData.Migrated": "False", "EventData.Suppressed": "False"}
{"EventID": "1012", "Channel": "Microsoft-Windows-Privacy-Auditing/Operational", "Provider_Name": "Microsoft-Windows-Privacy-Auditing", "Computer": "DESKTOP-OFJ6N53", "TimeCreated": "2022-02-24 08:27:36.199135+00:00", "RecordID": "33", "Level": "4", "UserID": "S-1-5-18", "EventData.NewConsentValue": "Allow", "EventData.TargetUserSid": "S-1-5-21-963789628-1060504924-4285088085-1000", "EventData.AppPackageFamilyName": "Microsoft.Windows.StartMenuExperienceHost_cw5n1h2txyewy", "EventData.HResult": "0x00000000", "EventData.SettingName": "cellularData", "EventData.Migrated": "False"}
{"EventID": "1008", "Channel": "Microsoft-Windows-Privacy-Auditing/Operational", "Provider_Name": "Microsoft-Windows-Privacy-Auditing", "Computer": "DESKTOP-OFJ6N53", "TimeCreated": "2022-02-24 08:27:36.209486+00:00", "RecordID": "34", "Level": "4", "UserID": "S-1-5-18", "EventData.NewConsentValue": "Allow", "EventData.TargetUserSid": "S-1-5-21-963789628-1060504924-4285088085-1000", "EventData.ConsentID": null, "EventData.AppPackageFamilyName": "NULL", "EventData.HResult": "0x00000000", "EventData.SettingName": "wifiData", "EventData.Migrated": "False", "EventData.Suppressed": "False"}
{"EventID": "1012", "Channel": "Microsoft-Windows-Privacy-Auditing/Operational", "Provider_Name": "Microsoft-Windows-Privacy-Auditing", "Computer": "DESKTOP-OFJ6N53", "TimeCreated": "2022-02-24 08:27:36.209843+00:00", "RecordID": "35", "Level": "4", "UserID": "S-1-5-18", "EventData.NewConsentValue": "Allow", "EventData.TargetUserSid": "S-1-5-21-963789628-1060504924-4285088085-1000", "EventData.AppPackageFamilyName": "Microsoft.Windows.StartMenuExperienceHost_cw5n1h2txyewy", "EventData.HResult": "0x00000000", "EventData.SettingName": "wifiData", "EventData.Migrated": "False"}
{"EventID": "1012", "Channel": "Microsoft-Windows-Privacy-Auditing/Operational", "Provider_Name": "Microsoft-Windows-Privacy-Auditing", "Computer": "DESKTOP-OFJ6N53", "TimeCreated": "2022-02-24 08:27:36.668518+00:00", "RecordID": "36", "Level": "4", "UserID": "S-1-5-18", "EventData.NewConsentValue": "Prompt", "EventData.TargetUserSid": "S-1-5-21-963789628-1060504924-4285088085-1000", "EventData.AppPackageFamilyName": "Microsoft.Windows.ContentDeliveryManager_cw5n1h2txyewy", "EventData.HResult": "0x00000000", "EventData.SettingName": "userAccountInformation", "EventData.Migrated": "False"}
{"EventID": "1012", "Channel": "Microsoft-Windows-Privacy-Auditing/Operational", "Provider_Name": "Microsoft-Windows-Privacy-Auditing", "Computer": "DESKTOP-OFJ6N53", "TimeCreated": "2022-02-24 08:27:36.882416+00:00", "RecordID": "37", "Level": "4", "UserID": "S-1-5-18", "EventData.NewConsentValue": "Prompt", "EventData.TargetUserSid": "S-1-5-21-963789628-1060504924-4285088085-1000", "EventData.AppPackageFamilyName": "MicrosoftWindows.Client.CBS_cw5n1h2txyewy", "EventData.HResult": "0x00000000", "EventData.SettingName": "contacts", "EventData.Migrated": "False"}
{"EventID": "1012", "Channel": "Microsoft-Windows-Privacy-Auditing/Operational", "Provider_Name": "Microsoft-Windows-Privacy-Auditing", "Computer": "DESKTOP-OFJ6N53", "TimeCreated": "2022-02-24 08:27:36.883194+00:00", "RecordID": "38", "Level": "4", "UserID": "S-1-5-18", "EventData.NewConsentValue": "Allow", "EventData.TargetUserSid": "S-1-5-21-963789628-1060504924-4285088085-1000", "EventData.AppPackageFamilyName": "MicrosoftWindows.Client.CBS_cw5n1h2txyewy", "EventData.HResult": "0x00000000", "EventData.SettingName": "picturesLibrary", "EventData.Migrated": "False"}
{"EventID": "1000", "Channel": "Microsoft-Windows-Privacy-Auditing/Operational", "Provider_Name": "Microsoft-Windows-Privacy-Auditing-TailoredExperiences", "Computer": "DESKTOP-OFJ6N53", "TimeCreated": "2022-02-24 09:08:40.519884+00:00", "RecordID": "39", "Level": "4", "UserID": "S-1-5-18", "EventData.CallerUserSid": "S-1-5-18", "EventData.CallerProcessName": "OOBE", "EventData.CallerAppPackageFamilyName": "NULL", "EventData.OldConsentValue": "Unknown", "EventData.NewConsentValue": "Enabled", "EventData.SetByHigherAuthority": "False", "EventData.EffectiveConsentValue": "Enabled", "EventData.TargetUserSid": "NULL", "EventData.ConsentID": "NULL", "EventData.AppPackageFamilyName": "NULL", "EventData.HResult": "0x00000000", "EventData.SettingName": "TailoredExperiences"}
{"EventID": "1000", "Channel": "Microsoft-Windows-Privacy-Auditing/Operational", "Provider_Name": "Microsoft-Windows-Privacy-Auditing", "Computer": "DESKTOP-OFJ6N53", "TimeCreated": "2022-02-24 09:08:40.767324+00:00", "RecordID": "40", "Level": "4", "UserID": "S-1-5-18", "EventData.CallerUserSid": "S-1-5-18", "EventData.CallerProcessName": "CloudExperienceHostBroker.exe", "EventData.CallerAppPackageFamilyName": null, "EventData.OldConsentValue": "Deny", "EventData.NewConsentValue": "Allow", "EventData.SetByHigherAuthority": "False", "EventData.EffectiveConsentValue": "Allow", "EventData.TargetUserSid": "NULL", "EventData.ConsentID": "NULL", "EventData.AppPackageFamilyName": "NULL", "EventData.HResult": "0x00000000", "EventData.SettingName": "location"}
{"EventID": "1000", "Channel": "Microsoft-Windows-Privacy-Auditing/Operational", "Provider_Name": "Microsoft-Windows-Privacy-Auditing-DiagnosticData", "Computer": "DESKTOP-OFJ6N53", "TimeCreated": "2022-02-24 09:08:40.793245+00:00", "RecordID": "41", "Level": "4", "UserID": "S-1-5-18", "EventData.CallerUserSid": null, "EventData.CallerProcessName": null, "EventData.CallerAppPackageFamilyName": "NULL", "EventData.OldConsentValue": "Diagnostic", "EventData.NewConsentValue": "Diagnostic", "EventData.SetByHigherAuthority": "False", "EventData.EffectiveConsentValue": "Diagnostic", "EventData.TargetUserSid": "NULL", "EventData.ConsentID": "NULL", "EventData.AppPackageFamilyName": "NULL", "EventData.HResult": "0x00000000", "EventData.SettingName": "DiagnosticData"}
{"EventID": "1000", "Channel": "Microsoft-Windows-Privacy-Auditing/Operational", "Provider_Name": "Microsoft-Windows-Privacy-Auditing-TailoredExperiences", "Computer": "DESKTOP-OFJ6N53", "TimeCreated": "2022-02-24 09:08:40.815615+00:00", "RecordID": "42", "Level": "4", "UserID": "S-1-5-21-963789628-1060504924-4285088085-1001", "EventData.CallerUserSid": "S-1-5-21-963789628-1060504924-4285088085-1001", "EventData.CallerProcessName": "OOBE", "EventData.CallerAppPackageFamilyName": "NULL", "EventData.OldConsentValue": "Unknown", "EventData.NewConsentValue": "Enabled", "EventData.SetByHigherAuthority": "False", "EventData.EffectiveConsentValue": "Enabled", "EventData.TargetUserSid": "NULL", "EventData.ConsentID": "NULL", "EventData.AppPackageFamilyName": "NULL", "EventData.HResult": "0x00000000", "EventData.SettingName": "TailoredExperiences"}
{"EventID": "1002", "Channel": "Microsoft-Windows-Privacy-Auditing/Operational", "Provider_Name": "Microsoft-Windows-Privacy-Auditing", "Computer": "DESKTOP-OFJ6N53", "TimeCreated": "2022-02-24 09:08:40.821333+00:00", "RecordID": "43", "Level": "4", "UserID": "S-1-5-18", "EventData.CallerUserSid": "S-1-5-21-963789628-1060504924-4285088085-1001", "EventData.CallerProcessName": "UserOOBEBroker.exe", "EventData.CallerAppPackageFamilyName": null, "EventData.OldConsentValue": "Undefined", "EventData.NewConsentValue": "Allow", "EventData.SetByHigherAuthority": "False", "EventData.EffectiveConsentValue": "Allow", "EventData.TargetUserSid": "S-1-5-21-963789628-1060504924-4285088085-1001", "EventData.ConsentID": null, "EventData.AppPackageFamilyName": "NULL", "EventData.HResult": "0x00000000", "EventData.SettingName": "location"}
{"EventID": "1000", "Channel": "Microsoft-Windows-Privacy-Auditing/Operational", "Provider_Name": "Microsoft-Windows-Privacy-Auditing-DiagnosticData", "Computer": "DESKTOP-OFJ6N53", "TimeCreated": "2022-02-24 09:08:40.823744+00:00", "RecordID": "44", "Level": "4", "UserID": "S-1-5-18", "EventData.CallerUserSid": null, "EventData.CallerProcessName": null, "EventData.CallerAppPackageFamilyName": "NULL", "EventData.OldConsentValue": "Diagnostic", "EventData.NewConsentValue": "Diagnostic", "EventData.SetByHigherAuthority": "False", "EventData.EffectiveConsentValue": "Diagnostic", "EventData.TargetUserSid": "NULL", "EventData.ConsentID": "NULL", "EventData.AppPackageFamilyName": "NULL", "EventData.HResult": "0x00000000", "EventData.SettingName": "DiagnosticData"}
{"EventID": "1012", "Channel": "Microsoft-Windows-Privacy-Auditing/Operational", "Provider_Name": "Microsoft-Windows-Privacy-Auditing", "Computer": "DESKTOP-OFJ6N53", "TimeCreated": "2022-02-24 09:08:55.381094+00:00", "RecordID": "45", "Level": "4", "UserID": "S-1-5-18", "EventData.NewConsentValue": "Prompt", "EventData.TargetUserSid": "S-1-5-21-963789628-1060504924-4285088085-1001", "EventData.AppPackageFamilyName": "MicrosoftWindows.Client.CBS_cw5n1h2txyewy", "EventData.HResult": "0x00000000", "EventData.SettingName": "contacts", "EventData.Migrated": "False"}
{"EventID": "1012", "Channel": "Microsoft-Windows-Privacy-Auditing/Operational", "Provider_Name": "Microsoft-Windows-Privacy-Auditing", "Computer": "DESKTOP-OFJ6N53", "TimeCreated": "2022-02-24 09:08:55.381971+00:00", "RecordID": "46", "Level": "4", "UserID": "S-1-5-18", "EventData.NewConsentValue": "Allow", "EventData.TargetUserSid": "S-1-5-21-963789628-1060504924-4285088085-1001", "EventData.AppPackageFamilyName": "MicrosoftWindows.Client.CBS_cw5n1h2txyewy", "EventData.HResult": "0x00000000", "EventData.SettingName": "picturesLibrary", "EventData.Migrated": "False"}
{"EventID": "1010", "Channel": "Microsoft-Windows-Privacy-Auditing/Operational", "Provider_Name": "Microsoft-Windows-Privacy-Auditing", "Computer": "DESKTOP-OFJ6N53", "TimeCreated": "2022-02-24 09:08:58.091473+00:00", "RecordID": "47", "Level": "4", "UserID": "S-1-5-18", "EventData.NewConsentValue": "Allow", "EventData.TargetUserSid": "S-1-5-21-963789628-1060504924-4285088085-1001", "EventData.ConsentID": null, "EventData.AppPackageFamilyName": "NonPackaged", "EventData.HResult": "0x00000000", "EventData.SettingName": "location", "EventData.Migrated": "False", "EventData.Suppressed": "False"}
{"EventID": "1012", "Channel": "Microsoft-Windows-Privacy-Auditing/Operational", "Provider_Name": "Microsoft-Windows-Privacy-Auditing", "Computer": "DESKTOP-OFJ6N53", "TimeCreated": "2022-02-24 09:08:58.402662+00:00", "RecordID": "48", "Level": "4", "UserID": "S-1-5-18", "EventData.NewConsentValue": "Prompt", "EventData.TargetUserSid": "S-1-5-21-963789628-1060504924-4285088085-1001", "EventData.AppPackageFamilyName": "Microsoft.Windows.StartMenuExperienceHost_cw5n1h2txyewy", "EventData.HResult": "0x00000000", "EventData.SettingName": "contacts", "EventData.Migrated": "False"}
{"EventID": "1008", "Channel": "Microsoft-Windows-Privacy-Auditing/Operational", "Provider_Name": "Microsoft-Windows-Privacy-Auditing", "Computer": "DESKTOP-OFJ6N53", "TimeCreated": "2022-02-24 09:08:58.417936+00:00", "RecordID": "49", "Level": "4", "UserID": "S-1-5-18", "EventData.NewConsentValue": "Allow", "EventData.TargetUserSid": "S-1-5-21-963789628-1060504924-4285088085-1001", "EventData.ConsentID": null, "EventData.AppPackageFamilyName": "NULL", "EventData.HResult": "0x00000000", "EventData.SettingName": "cellularData", "EventData.Migrated": "False", "EventData.Suppressed": "False"}
{"EventID": "1012", "Channel": "Microsoft-Windows-Privacy-Auditing/Operational", "Provider_Name": "Microsoft-Windows-Privacy-Auditing", "Computer": "DESKTOP-OFJ6N53", "TimeCreated": "2022-02-24 09:08:58.426683+00:00", "RecordID": "50", "Level": "4", "UserID": "S-1-5-18", "EventData.NewConsentValue": "Allow", "EventData.TargetUserSid": "S-1-5-21-963789628-1060504924-4285088085-1001", "EventData.AppPackageFamilyName": "Microsoft.Windows.StartMenuExperienceHost_cw5n1h2txyewy", "EventData.HResult": "0x00000000", "EventData.SettingName": "cellularData", "EventData.Migrated": "False"}
{"EventID": "1008", "Channel": "Microsoft-Windows-Privacy-Auditing/Operational", "Provider_Name": "Microsoft-Windows-Privacy-Auditing", "Computer": "DESKTOP-OFJ6N53", "TimeCreated": "2022-02-24 09:08:58.450808+00:00", "RecordID": "51", "Level": "4", "UserID": "S-1-5-18", "EventData.NewConsentValue": "Allow", "EventData.TargetUserSid": "S-1-5-21-963789628-1060504924-4285088085-1001", "EventData.ConsentID": null, "EventData.AppPackageFamilyName": "NULL", "EventData.HResult": "0x00000000", "EventData.SettingName": "wifiData", "EventData.Migrated": "False", "EventData.Suppressed": "False"}
{"EventID": "1012", "Channel": "Microsoft-Windows-Privacy-Auditing/Operational", "Provider_Name": "Microsoft-Windows-Privacy-Auditing", "Computer": "DESKTOP-OFJ6N53", "TimeCreated": "2022-02-24 09:08:58.451399+00:00", "RecordID": "52", "Level": "4", "UserID": "S-1-5-18", "EventData.NewConsentValue": "Allow", "EventData.TargetUserSid": "S-1-5-21-963789628-1060504924-4285088085-1001", "EventData.AppPackageFamilyName": "Microsoft.Windows.StartMenuExperienceHost_cw5n1h2txyewy", "EventData.HResult": "0x00000000", "EventData.SettingName": "wifiData", "EventData.Migrated": "False"}
{"EventID": "1012", "Channel": "Microsoft-Windows-Privacy-Auditing/Operational", "Provider_Name": "Microsoft-Windows-Privacy-Auditing", "Computer": "DESKTOP-OFJ6N53", "TimeCreated": "2022-02-24 09:08:59.750626+00:00", "RecordID": "53", "Level": "4", "UserID": "S-1-5-18", "EventData.NewConsentValue": "Allow", "EventData.TargetUserSid": "S-1-5-21-963789628-1060504924-4285088085-1001", "EventData.AppPackageFamilyName": "Microsoft.549981C3F5F10_8wekyb3d8bbwe", "EventData.HResult": "0x00000000", "EventData.SettingName": "microphone", "EventData.Migrated": "False"}
{"EventID": "1012", "Channel": "Microsoft-Windows-Privacy-Auditing/Operational", "Provider_Name": "Microsoft-Windows-Privacy-Auditing", "Computer": "DESKTOP-OFJ6N53", "TimeCreated": "2022-02-24 09:09:00.309549+00:00", "RecordID": "54", "Level": "4", "UserID": "S-1-5-18", "EventData.NewConsentValue": "Allow", "EventData.TargetUserSid": "S-1-5-21-963789628-1060504924-4285088085-1001", "EventData.AppPackageFamilyName": "Microsoft.Windows.Search_cw5n1h2txyewy", "EventData.HResult": "0x00000000", "EventData.SettingName": "cellularData", "EventData.Migrated": "False"}
{"EventID": "1012", "Channel": "Microsoft-Windows-Privacy-Auditing/Operational", "Provider_Name": "Microsoft-Windows-Privacy-Auditing", "Computer": "DESKTOP-OFJ6N53", "TimeCreated": "2022-02-24 09:09:00.323952+00:00", "RecordID": "55", "Level": "4", "UserID": "S-1-5-18", "EventData.NewConsentValue": "Allow", "EventData.TargetUserSid": "S-1-5-21-963789628-1060504924-4285088085-1001", "EventData.AppPackageFamilyName": "Microsoft.Windows.Search_cw5n1h2txyewy", "EventData.HResult": "0x00000000", "EventData.SettingName": "wifiData", "EventData.Migrated": "False"}
{"EventID": "1012", "Channel": "Microsoft-Windows-Privacy-Auditing/Operational", "Provider_Name": "Microsoft-Windows-Privacy-Auditing", "Computer": "DESKTOP-OFJ6N53", "TimeCreated": "2022-02-24 09:09:00.372240+00:00", "RecordID": "56", "Level": "4", "UserID": "S-1-5-18", "EventData.NewConsentValue": "Allow", "EventData.TargetUserSid": "S-1-5-21-963789628-1060504924-4285088085-1001", "EventData.AppPackageFamilyName": "Microsoft.MicrosoftEdge_8wekyb3d8bbwe", "EventData.HResult": "0x00000000", "EventData.SettingName": "picturesLibrary", "EventData.Migrated": "False"}
{"EventID": "1012", "Channel": "Microsoft-Windows-Privacy-Auditing/Operational", "Provider_Name": "Microsoft-Windows-Privacy-Auditing", "Computer": "DESKTOP-OFJ6N53", "TimeCreated": "2022-02-24 09:09:00.373306+00:00", "RecordID": "57", "Level": "4", "UserID": "S-1-5-18", "EventData.NewConsentValue": "Allow", "EventData.TargetUserSid": "S-1-5-21-963789628-1060504924-4285088085-1001", "EventData.AppPackageFamilyName": "Microsoft.MicrosoftEdge_8wekyb3d8bbwe", "EventData.HResult": "0x00000000", "EventData.SettingName": "userAccountInformation", "EventData.Migrated": "False"}
{"EventID": "1012", "Channel": "Microsoft-Windows-Privacy-Auditing/Operational", "Provider_Name": "Microsoft-Windows-Privacy-Auditing", "Computer": "DESKTOP-OFJ6N53", "TimeCreated": "2022-02-24 09:09:00.379808+00:00", "RecordID": "58", "Level": "4", "UserID": "S-1-5-18", "EventData.NewConsentValue": "Prompt", "EventData.TargetUserSid": "S-1-5-21-963789628-1060504924-4285088085-1001", "EventData.AppPackageFamilyName": "Microsoft.MicrosoftEdge_8wekyb3d8bbwe", "EventData.HResult": "0x00000000", "EventData.SettingName": "location", "EventData.Migrated": "False"}
{"EventID": "1012", "Channel": "Microsoft-Windows-Privacy-Auditing/Operational", "Provider_Name": "Microsoft-Windows-Privacy-Auditing", "Computer": "DESKTOP-OFJ6N53", "TimeCreated": "2022-02-24 09:09:00.381351+00:00", "RecordID": "59", "Level": "4", "UserID": "S-1-5-18", "EventData.NewConsentValue": "Allow", "EventData.TargetUserSid": "S-1-5-21-963789628-1060504924-4285088085-1001", "EventData.AppPackageFamilyName": "Microsoft.MicrosoftEdge_8wekyb3d8bbwe", "EventData.HResult": "0x00000000", "EventData.SettingName": "microphone", "EventData.Migrated": "False"}
{"EventID": "1012", "Channel": "Microsoft-Windows-Privacy-Auditing/Operational", "Provider_Name": "Microsoft-Windows-Privacy-Auditing", "Computer": "DESKTOP-OFJ6N53", "TimeCreated": "2022-02-24 09:09:00.382444+00:00", "RecordID": "60", "Level": "4", "UserID": "S-1-5-18", "EventData.NewConsentValue": "Allow", "EventData.TargetUserSid": "S-1-5-21-963789628-1060504924-4285088085-1001", "EventData.AppPackageFamilyName": "Microsoft.MicrosoftEdge_8wekyb3d8bbwe", "EventData.HResult": "0x00000000", "EventData.SettingName": "webcam", "EventData.Migrated": "False"}
{"EventID": "1012", "Channel": "Microsoft-Windows-Privacy-Auditing/Operational", "Provider_Name": "Microsoft-Windows-Privacy-Auditing", "Computer": "DESKTOP-OFJ6N53", "TimeCreated": "2022-02-24 09:09:00.398813+00:00", "RecordID": "61", "Level": "4", "UserID": "S-1-5-18", "EventData.NewConsentValue": "Allow", "EventData.TargetUserSid": "S-1-5-21-963789628-1060504924-4285088085-1001", "EventData.AppPackageFamilyName": "Microsoft.MicrosoftEdge_8wekyb3d8bbwe", "EventData.HResult": "0x00000000", "EventData.SettingName": "cellularData", "EventData.Migrated": "False"}
{"EventID": "1012", "Channel": "Microsoft-Windows-Privacy-Auditing/Operational", "Provider_Name": "Microsoft-Windows-Privacy-Auditing", "Computer": "DESKTOP-OFJ6N53", "TimeCreated": "2022-02-24 09:09:00.406546+00:00", "RecordID": "62", "Level": "4", "UserID": "S-1-5-18", "EventData.NewConsentValue": "Allow", "EventData.TargetUserSid": "S-1-5-21-963789628-1060504924-4285088085-1001", "EventData.AppPackageFamilyName": "Microsoft.MicrosoftEdge_8wekyb3d8bbwe", "EventData.HResult": "0x00000000", "EventData.SettingName": "wifiData", "EventData.Migrated": "False"}
{"EventID": "1012", "Channel": "Microsoft-Windows-Privacy-Auditing/Operational", "Provider_Name": "Microsoft-Windows-Privacy-Auditing", "Computer": "DESKTOP-OFJ6N53", "TimeCreated": "2022-02-24 09:09:00.885544+00:00", "RecordID": "63", "Level": "4", "UserID": "S-1-5-18", "EventData.NewConsentValue": "Prompt", "EventData.TargetUserSid": "S-1-5-21-963789628-1060504924-4285088085-1001", "EventData.AppPackageFamilyName": "Microsoft.Windows.ContentDeliveryManager_cw5n1h2txyewy", "EventData.HResult": "0x00000000", "EventData.SettingName": "userAccountInformation", "EventData.Migrated": "False"}
{"EventID": "1012", "Channel": "Microsoft-Windows-Privacy-Auditing/Operational", "Provider_Name": "Microsoft-Windows-Privacy-Auditing", "Computer": "DESKTOP-OFJ6N53", "TimeCreated": "2022-02-24 09:09:05.381195+00:00", "RecordID": "64", "Level": "4", "UserID": "S-1-5-18", "EventData.NewConsentValue": "Prompt", "EventData.TargetUserSid": "S-1-5-21-963789628-1060504924-4285088085-1001", "EventData.AppPackageFamilyName": "Microsoft.Windows.Photos_8wekyb3d8bbwe", "EventData.HResult": "0x00000000", "EventData.SettingName": "contacts", "EventData.Migrated": "False"}
{"EventID": "1012", "Channel": "Microsoft-Windows-Privacy-Auditing/Operational", "Provider_Name": "Microsoft-Windows-Privacy-Auditing", "Computer": "DESKTOP-OFJ6N53", "TimeCreated": "2022-02-24 09:09:05.384661+00:00", "RecordID": "65", "Level": "4", "UserID": "S-1-5-18", "EventData.NewConsentValue": "Prompt", "EventData.TargetUserSid": "S-1-5-21-963789628-1060504924-4285088085-1001", "EventData.AppPackageFamilyName": "Microsoft.Windows.Photos_8wekyb3d8bbwe", "EventData.HResult": "0x00000000", "EventData.SettingName": "webcam", "EventData.Migrated": "False"}
{"EventID": "1012", "Channel": "Microsoft-Windows-Privacy-Auditing/Operational", "Provider_Name": "Microsoft-Windows-Privacy-Auditing", "Computer": "DESKTOP-OFJ6N53", "TimeCreated": "2022-02-24 09:09:05.386211+00:00", "RecordID": "66", "Level": "4", "UserID": "S-1-5-18", "EventData.NewConsentValue": "Prompt", "EventData.TargetUserSid": "S-1-5-21-963789628-1060504924-4285088085-1001", "EventData.AppPackageFamilyName": "Microsoft.Windows.Photos_8wekyb3d8bbwe", "EventData.HResult": "0x00000000", "EventData.SettingName": "microphone", "EventData.Migrated": "False"}
{"EventID": "1012", "Channel": "Microsoft-Windows-Privacy-Auditing/Operational", "Provider_Name": "Microsoft-Windows-Privacy-Auditing", "Computer": "DESKTOP-OFJ6N53", "TimeCreated": "2022-02-24 09:09:05.411514+00:00", "RecordID": "67", "Level": "4", "UserID": "S-1-5-18", "EventData.NewConsentValue": "Allow", "EventData.TargetUserSid": "S-1-5-21-963789628-1060504924-4285088085-1001", "EventData.AppPackageFamilyName": "Microsoft.Windows.Photos_8wekyb3d8bbwe", "EventData.HResult": "0x00000000", "EventData.SettingName": "cellularData", "EventData.Migrated": "False"}
{"EventID": "1012", "Channel": "Microsoft-Windows-Privacy-Auditing/Operational", "Provider_Name": "Microsoft-Windows-Privacy-Auditing", "Computer": "DESKTOP-OFJ6N53", "TimeCreated": "2022-02-24 09:09:05.428009+00:00", "RecordID": "68", "Level": "4", "UserID": "S-1-5-18", "EventData.NewConsentValue": "Allow", "EventData.TargetUserSid": "S-1-5-21-963789628-1060504924-4285088085-1001", "EventData.AppPackageFamilyName": "Microsoft.Windows.Photos_8wekyb3d8bbwe", "EventData.HResult": "0x00000000", "EventData.SettingName": "wifiData", "EventData.Migrated": "False"}
{"EventID": "1012", "Channel": "Microsoft-Windows-Privacy-Auditing/Operational", "Provider_Name": "Microsoft-Windows-Privacy-Auditing", "Computer": "DESKTOP-OFJ6N53", "TimeCreated": "2022-02-24 09:09:06.825552+00:00", "RecordID": "69", "Level": "4", "UserID": "S-1-5-18", "EventData.NewConsentValue": "Allow", "EventData.TargetUserSid": "S-1-5-21-963789628-1060504924-4285088085-1001", "EventData.AppPackageFamilyName": "microsoft.windowscommunicationsapps_8wekyb3d8bbwe", "EventData.HResult": "0x00000000", "EventData.SettingName": "email", "EventData.Migrated": "False"}
{"EventID": "1012", "Channel": "Microsoft-Windows-Privacy-Auditing/Operational", "Provider_Name": "Microsoft-Windows-Privacy-Auditing", "Computer": "DESKTOP-OFJ6N53", "TimeCreated": "2022-02-24 09:09:06.826427+00:00", "RecordID": "70", "Level": "4", "UserID": "S-1-5-18", "EventData.NewConsentValue": "Allow", "EventData.TargetUserSid": "S-1-5-21-963789628-1060504924-4285088085-1001", "EventData.AppPackageFamilyName": "microsoft.windowscommunicationsapps_8wekyb3d8bbwe", "EventData.HResult": "0x00000000", "EventData.SettingName": "appointments", "EventData.Migrated": "False"}
{"EventID": "1012", "Channel": "Microsoft-Windows-Privacy-Auditing/Operational", "Provider_Name": "Microsoft-Windows-Privacy-Auditing", "Computer": "DESKTOP-OFJ6N53", "TimeCreated": "2022-02-24 09:09:06.830328+00:00", "RecordID": "71", "Level": "4", "UserID": "S-1-5-18", "EventData.NewConsentValue": "Allow", "EventData.TargetUserSid": "S-1-5-21-963789628-1060504924-4285088085-1001", "EventData.AppPackageFamilyName": "microsoft.windowscommunicationsapps_8wekyb3d8bbwe", "EventData.HResult": "0x00000000", "EventData.SettingName": "contacts", "EventData.Migrated": "False"}
{"EventID": "1012", "Channel": "Microsoft-Windows-Privacy-Auditing/Operational", "Provider_Name": "Microsoft-Windows-Privacy-Auditing", "Computer": "DESKTOP-OFJ6N53", "TimeCreated": "2022-02-24 09:09:06.832108+00:00", "RecordID": "72", "Level": "4", "UserID": "S-1-5-18", "EventData.NewConsentValue": "Prompt", "EventData.TargetUserSid": "S-1-5-21-963789628-1060504924-4285088085-1001", "EventData.AppPackageFamilyName": "microsoft.windowscommunicationsapps_8wekyb3d8bbwe", "EventData.HResult": "0x00000000", "EventData.SettingName": "location", "EventData.Migrated": "False"}
{"EventID": "1012", "Channel": "Microsoft-Windows-Privacy-Auditing/Operational", "Provider_Name": "Microsoft-Windows-Privacy-Auditing", "Computer": "DESKTOP-OFJ6N53", "TimeCreated": "2022-02-24 09:09:07.883459+00:00", "RecordID": "73", "Level": "4", "UserID": "S-1-5-18", "EventData.NewConsentValue": "Allow", "EventData.TargetUserSid": "S-1-5-21-963789628-1060504924-4285088085-1001", "EventData.AppPackageFamilyName": "Microsoft.WindowsCamera_8wekyb3d8bbwe", "EventData.HResult": "0x00000000", "EventData.SettingName": "videosLibrary", "EventData.Migrated": "False"}
{"EventID": "1012", "Channel": "Microsoft-Windows-Privacy-Auditing/Operational", "Provider_Name": "Microsoft-Windows-Privacy-Auditing", "Computer": "DESKTOP-OFJ6N53", "TimeCreated": "2022-02-24 09:09:07.885654+00:00", "RecordID": "74", "Level": "4", "UserID": "S-1-5-18", "EventData.NewConsentValue": "Allow", "EventData.TargetUserSid": "S-1-5-21-963789628-1060504924-4285088085-1001", "EventData.AppPackageFamilyName": "Microsoft.WindowsCamera_8wekyb3d8bbwe", "EventData.HResult": "0x00000000", "EventData.SettingName": "microphone", "EventData.Migrated": "False"}
{"EventID": "1012", "Channel": "Microsoft-Windows-Privacy-Auditing/Operational", "Provider_Name": "Microsoft-Windows-Privacy-Auditing", "Computer": "DESKTOP-OFJ6N53", "TimeCreated": "2022-02-24 09:09:07.886967+00:00", "RecordID": "75", "Level": "4", "UserID": "S-1-5-18", "EventData.NewConsentValue": "Allow", "EventData.TargetUserSid": "S-1-5-21-963789628-1060504924-4285088085-1001", "EventData.AppPackageFamilyName": "Microsoft.WindowsCamera_8wekyb3d8bbwe", "EventData.HResult": "0x00000000", "EventData.SettingName": "webcam", "EventData.Migrated": "False"}
{"EventID": "1012", "Channel": "Microsoft-Windows-Privacy-Auditing/Operational", "Provider_Name": "Microsoft-Windows-Privacy-Auditing", "Computer": "DESKTOP-OFJ6N53", "TimeCreated": "2022-02-24 09:09:07.887690+00:00", "RecordID": "76", "Level": "4", "UserID": "S-1-5-18", "EventData.NewConsentValue": "Prompt", "EventData.TargetUserSid": "S-1-5-21-963789628-1060504924-4285088085-1001", "EventData.AppPackageFamilyName": "Microsoft.WindowsCamera_8wekyb3d8bbwe", "EventData.HResult": "0x00000000", "EventData.SettingName": "location", "EventData.Migrated": "False"}
{"EventID": "1012", "Channel": "Microsoft-Windows-Privacy-Auditing/Operational", "Provider_Name": "Microsoft-Windows-Privacy-Auditing", "Computer": "DESKTOP-OFJ6N53", "TimeCreated": "2022-02-24 09:09:07.901329+00:00", "RecordID": "77", "Level": "4", "UserID": "S-1-5-18", "EventData.NewConsentValue": "Allow", "EventData.TargetUserSid": "S-1-5-21-963789628-1060504924-4285088085-1001", "EventData.AppPackageFamilyName": "Microsoft.WindowsCamera_8wekyb3d8bbwe", "EventData.HResult": "0x00000000", "EventData.SettingName": "cellularData", "EventData.Migrated": "False"}
{"EventID": "1012", "Channel": "Microsoft-Windows-Privacy-Auditing/Operational", "Provider_Name": "Microsoft-Windows-Privacy-Auditing", "Computer": "DESKTOP-OFJ6N53", "TimeCreated": "2022-02-24 09:09:07.917994+00:00", "RecordID": "78", "Level": "4", "UserID": "S-1-5-18", "EventData.NewConsentValue": "Allow", "EventData.TargetUserSid": "S-1-5-21-963789628-1060504924-4285088085-1001", "EventData.AppPackageFamilyName": "Microsoft.WindowsCamera_8wekyb3d8bbwe", "EventData.HResult": "0x00000000", "EventData.SettingName": "wifiData", "EventData.Migrated": "False"}
{"EventID": "1012", "Channel": "Microsoft-Windows-Privacy-Auditing/Operational", "Provider_Name": "Microsoft-Windows-Privacy-Auditing", "Computer": "DESKTOP-OFJ6N53", "TimeCreated": "2022-02-24 09:09:09.314037+00:00", "RecordID": "79", "Level": "4", "UserID": "S-1-5-18", "EventData.NewConsentValue": "Prompt", "EventData.TargetUserSid": "S-1-5-21-963789628-1060504924-4285088085-1001", "EventData.AppPackageFamilyName": "Microsoft.WindowsStore_8wekyb3d8bbwe", "EventData.HResult": "0x00000000", "EventData.SettingName": "webcam", "EventData.Migrated": "False"}
{"EventID": "1012", "Channel": "Microsoft-Windows-Privacy-Auditing/Operational", "Provider_Name": "Microsoft-Windows-Privacy-Auditing", "Computer": "DESKTOP-OFJ6N53", "TimeCreated": "2022-02-24 09:09:09.315615+00:00", "RecordID": "80", "Level": "4", "UserID": "S-1-5-18", "EventData.NewConsentValue": "Prompt", "EventData.TargetUserSid": "S-1-5-21-963789628-1060504924-4285088085-1001", "EventData.AppPackageFamilyName": "Microsoft.WindowsStore_8wekyb3d8bbwe", "EventData.HResult": "0x00000000", "EventData.SettingName": "microphone", "EventData.Migrated": "False"}
{"EventID": "1012", "Channel": "Microsoft-Windows-Privacy-Auditing/Operational", "Provider_Name": "Microsoft-Windows-Privacy-Auditing", "Computer": "DESKTOP-OFJ6N53", "TimeCreated": "2022-02-24 09:09:09.336168+00:00", "RecordID": "81", "Level": "4", "UserID": "S-1-5-18", "EventData.NewConsentValue": "Allow", "EventData.TargetUserSid": "S-1-5-21-963789628-1060504924-4285088085-1001", "EventData.AppPackageFamilyName": "Microsoft.WindowsStore_8wekyb3d8bbwe", "EventData.HResult": "0x00000000", "EventData.SettingName": "cellularData", "EventData.Migrated": "False"}
{"EventID": "1012", "Channel": "Microsoft-Windows-Privacy-Auditing/Operational", "Provider_Name": "Microsoft-Windows-Privacy-Auditing", "Computer": "DESKTOP-OFJ6N53", "TimeCreated": "2022-02-24 09:09:09.356579+00:00", "RecordID": "82", "Level": "4", "UserID": "S-1-5-18", "EventData.NewConsentValue": "Allow", "EventData.TargetUserSid": "S-1-5-21-963789628-1060504924-4285088085-1001", "EventData.AppPackageFamilyName": "Microsoft.WindowsStore_8wekyb3d8bbwe", "EventData.HResult": "0x00000000", "EventData.SettingName": "wifiData", "EventData.Migrated": "False"}
{"EventID": "1008", "Channel": "Microsoft-Windows-Privacy-Auditing/Operational", "Provider_Name": "Microsoft-Windows-Privacy-Auditing", "Computer": "DESKTOP-OFJ6N53", "TimeCreated": "2022-02-24 09:09:28.117052+00:00", "RecordID": "83", "Level": "4", "UserID": "S-1-5-18", "EventData.NewConsentValue": "Deny", "EventData.TargetUserSid": "S-1-5-18", "EventData.ConsentID": null, "EventData.AppPackageFamilyName": "NULL", "EventData.HResult": "0x00000000", "EventData.SettingName": "location", "EventData.Migrated": "False", "EventData.Suppressed": "False"}
{"EventID": "1008", "Channel": "Microsoft-Windows-Privacy-Auditing/Operational", "Provider_Name": "Microsoft-Windows-Privacy-Auditing", "Computer": "DESKTOP-OFJ6N53", "TimeCreated": "2022-02-24 12:14:22.625004+00:00", "RecordID": "84", "Level": "4", "UserID": "S-1-5-18", "EventData.NewConsentValue": "Allow", "EventData.TargetUserSid": "S-1-5-21-963789628-1060504924-4285088085-1001", "EventData.ConsentID": null, "EventData.AppPackageFamilyName": "NULL", "EventData.HResult": "0x00000000", "EventData.SettingName": "contacts", "EventData.Migrated": "False", "EventData.Suppressed": "False"}
{"EventID": "1008", "Channel": "Microsoft-Windows-Privacy-Auditing/Operational", "Provider_Name": "Microsoft-Windows-Privacy-Auditing", "Computer": "DESKTOP-OFJ6N53", "TimeCreated": "2022-02-24 12:14:22.639685+00:00", "RecordID": "85", "Level": "4", "UserID": "S-1-5-18", "EventData.NewConsentValue": "Allow", "EventData.TargetUserSid": "S-1-5-21-963789628-1060504924-4285088085-1001", "EventData.ConsentID": null, "EventData.AppPackageFamilyName": "NULL", "EventData.HResult": "0x00000000", "EventData.SettingName": "appointments", "EventData.Migrated": "False", "EventData.Suppressed": "False"}
