{"EventID": "208", "Channel": "Microsoft-Windows-Kernel-Boot/Operational", "Provider_Name": "Microsoft-Windows-Kernel-Boot", "Computer": "DESKTOP-OFJ6N53", "TimeCreated": "2023-12-29 14:44:07.189909+00:00", "RecordID": "527", "Level": "2", "UserID": "S-1-5-18", "EventData.InitState": "1", "EventData.StatusCode": "3221225473", "EventData.FailureAddress": "268916402", "EventData.ReferenceAddress": "270155552", "EventData.ReasonCode": "1"}
{"EventID": "235", "Channel": "Microsoft-Windows-Kernel-Boot/Operational", "Provider_Name": "Microsoft-Windows-Kernel-Boot", "Computer": "DESKTOP-OFJ6N53", "TimeCreated": "2024-01-10 14:58:02.667654+00:00", "RecordID": "528", "Level": "2", "UserID": "S-1-5-18", "EventData.StatusCode": "3221225474", "EventData.Position": "1"}
{"EventID": "208", "Channel": "Microsoft-Windows-Kernel-Boot/Operational", "Provider_Name": "Microsoft-Windows-Kernel-Boot", "Computer": "DESKTOP-OFJ6N53", "TimeCreated": "2024-01-10 14:58:02.667656+00:00", "RecordID": "529", "Level": "2", "UserID": "S-1-5-18", "EventData.InitState": "1", "EventData.StatusCode": "3221225473", "EventData.FailureAddress": "11547163", "EventData.ReferenceAddress": "12867424", "EventData.ReasonCode": "1"}
{"EventID": "158", "Channel": "Microsoft-Windows-Kernel-Boot/Operational", "Provider_Name": "Microsoft-Windows-Kernel-Boot", "Computer": "DESKTOP-OFJ6N53", "TimeCreated": "2024-01-10 14:58:02.667801+00:00", "RecordID": "530", "Level": "2", "UserID": "S-1-5-18", "EventData.DiagCode": "1076887595", "EventData.Status": "3221225659"}
{"EventID": "235", "Channel": "Microsoft-Windows-Kernel-Boot/Operational", "Provider_Name": "Microsoft-Windows-Kernel-Boot", "Computer": "DESKTOP-OFJ6N53", "TimeCreated": "2024-01-10 14:58:02.667873+00:00", "RecordID": "531", "Level": "2", "UserID": "S-1-5-18", "EventData.StatusCode": "3221225474", "EventData.Position": "1"}
{"EventID": "208", "Channel": "Microsoft-Windows-Kernel-Boot/Operational", "Provider_Name": "Microsoft-Windows-Kernel-Boot", "Computer": "DESKTOP-OFJ6N53", "TimeCreated": "2024-01-10 14:58:02.667873+00:00", "RecordID": "532", "Level": "2", "UserID": "S-1-5-18", "EventData.InitState": "1", "EventData.StatusCode": "3221225473", "EventData.FailureAddress": "268916402", "EventData.ReferenceAddress": "270155552", "EventData.ReasonCode": "1"}
{"EventID": "235", "Channel": "Microsoft-Windows-Kernel-Boot/Operational", "Provider_Name": "Microsoft-Windows-Kernel-Boot", "Computer": "DESKTOP-OFJ6N53", "TimeCreated": "2024-02-15 15:26:38.060534+00:00", "RecordID": "533", "Level": "2", "UserID": "S-1-5-18", "EventData.StatusCode": "3221225474", "EventData.Position": "1"}
{"EventID": "208", "Channel": "Microsoft-Windows-Kernel-Boot/Operational", "Provider_Name": "Microsoft-Windows-Kernel-Boot", "Computer": "DESKTOP-OFJ6N53", "TimeCreated": "2024-02-15 15:26:38.060535+00:00", "RecordID": "534", "Level": "2", "UserID": "S-1-5-18", "EventData.InitState": "1", "EventData.StatusCode": "3221225473", "EventData.FailureAddress": "11557303", "EventData.ReferenceAddress": "12879776", "EventData.ReasonCode": "1"}
{"EventID": "158", "Channel": "Microsoft-Windows-Kernel-Boot/Operational", "Provider_Name": "Microsoft-Windows-Kernel-Boot", "Computer": "DESKTOP-OFJ6N53", "TimeCreated": "2024-02-15 15:26:38.060740+00:00", "RecordID": "535", "Level": "2", "UserID": "S-1-5-18", "EventData.DiagCode": "1076887595", "EventData.Status": "3221225659"}
{"EventID": "235", "Channel": "Microsoft-Windows-Kernel-Boot/Operational", "Provider_Name": "Microsoft-Windows-Kernel-Boot", "Computer": "DESKTOP-OFJ6N53", "TimeCreated": "2024-02-15 15:26:38.060816+00:00", "RecordID": "536", "Level": "2", "UserID": "S-1-5-18", "EventData.StatusCode": "3221225474", "EventData.Position": "1"}
{"EventID": "208", "Channel": "Microsoft-Windows-Kernel-Boot/Operational", "Provider_Name": "Microsoft-Windows-Kernel-Boot", "Computer": "DESKTOP-OFJ6N53", "TimeCreated": "2024-02-15 15:26:38.060818+00:00", "RecordID": "537", "Level": "2", "UserID": "S-1-5-18", "EventData.InitState": "1", "EventData.StatusCode": "3221225473", "EventData.FailureAddress": "268916402", "EventData.ReferenceAddress": "270155552", "EventData.ReasonCode": "1"}
{"EventID": "235", "Channel": "Microsoft-Windows-Kernel-Boot/Operational", "Provider_Name": "Microsoft-Windows-Kernel-Boot", "Computer": "DESKTOP-OFJ6N53", "TimeCreated": "2024-03-12 11:04:29.015686+00:00", "RecordID": "538", "Level": "2", "UserID": "S-1-5-18", "EventData.StatusCode": "3221225474", "EventData.Position": "1"}
{"EventID": "208", "Channel": "Microsoft-Windows-Kernel-Boot/Operational", "Provider_Name": "Microsoft-Windows-Kernel-Boot", "Computer": "DESKTOP-OFJ6N53", "TimeCreated": "2024-03-12 11:04:29.015686+00:00", "RecordID": "539", "Level": "2", "UserID": "S-1-5-18", "EventData.InitState": "1", "EventData.StatusCode": "3221225473", "EventData.FailureAddress": "11557303", "EventData.ReferenceAddress": "12879776", "EventData.ReasonCode": "1"}
{"EventID": "158", "Channel": "Microsoft-Windows-Kernel-Boot/Operational", "Provider_Name": "Microsoft-Windows-Kernel-Boot", "Computer": "DESKTOP-OFJ6N53", "TimeCreated": "2024-03-12 11:04:29.015892+00:00", "RecordID": "540", "Level": "2", "UserID": "S-1-5-18", "EventData.DiagCode": "1076887595", "EventData.Status": "3221225659"}
{"EventID": "235", "Channel": "Microsoft-Windows-Kernel-Boot/Operational", "Provider_Name": "Microsoft-Windows-Kernel-Boot", "Computer": "DESKTOP-OFJ6N53", "TimeCreated": "2024-03-12 11:04:29.015947+00:00", "RecordID": "541", "Level": "2", "UserID": "S-1-5-18", "EventData.StatusCode": "3221225474", "EventData.Position": "1"}
{"EventID": "208", "Channel": "Microsoft-Windows-Kernel-Boot/Operational", "Provider_Name": "Microsoft-Windows-Kernel-Boot", "Computer": "DESKTOP-OFJ6N53", "TimeCreated": "2024-03-12 11:04:29.015949+00:00", "RecordID": "542", "Level": "2", "UserID": "S-1-5-18", "EventData.InitState": "1", "EventData.StatusCode": "3221225473", "EventData.FailureAddress": "268916642", "EventData.ReferenceAddress": "270155584", "EventData.ReasonCode": "1"}
{"EventID": "235", "Channel": "Microsoft-Windows-Kernel-Boot/Operational", "Provider_Name": "Microsoft-Windows-Kernel-Boot", "Computer": "DESKTOP-OFJ6N53", "TimeCreated": "2024-04-12 02:52:21.929697+00:00", "RecordID": "543", "Level": "2", "UserID": "S-1-5-18", "EventData.StatusCode": "3221225474", "EventData.Position": "1"}
{"EventID": "208", "Channel": "Microsoft-Windows-Kernel-Boot/Operational", "Provider_Name": "Microsoft-Windows-Kernel-Boot", "Computer": "DESKTOP-OFJ6N53", "TimeCreated": "2024-04-12 02:52:21.929701+00:00", "RecordID": "544", "Level": "2", "UserID": "S-1-5-18", "EventData.InitState": "1", "EventData.StatusCode": "3221225473", "EventData.FailureAddress": "11557303", "EventData.ReferenceAddress": "12879776", "EventData.ReasonCode": "1"}
{"EventID": "158", "Channel": "Microsoft-Windows-Kernel-Boot/Operational", "Provider_Name": "Microsoft-Windows-Kernel-Boot", "Computer": "DESKTOP-OFJ6N53", "TimeCreated": "2024-04-12 02:52:21.929930+00:00", "RecordID": "545", "Level": "2", "UserID": "S-1-5-18", "EventData.DiagCode": "1076887595", "EventData.Status": "3221225659"}
{"EventID": "235", "Channel": "Microsoft-Windows-Kernel-Boot/Operational", "Provider_Name": "Microsoft-Windows-Kernel-Boot", "Computer": "DESKTOP-OFJ6N53", "TimeCreated": "2024-04-12 02:52:21.930004+00:00", "RecordID": "546", "Level": "2", "UserID": "S-1-5-18", "EventData.StatusCode": "3221225474", "EventData.Position": "1"}
{"EventID": "208", "Channel": "Microsoft-Windows-Kernel-Boot/Operational", "Provider_Name": "Microsoft-Windows-Kernel-Boot", "Computer": "DESKTOP-OFJ6N53", "TimeCreated": "2024-04-12 02:52:21.930004+00:00", "RecordID": "547", "Level": "2", "UserID": "S-1-5-18", "EventData.InitState": "1", "EventData.StatusCode": "3221225473", "EventData.FailureAddress": "268916642", "EventData.ReferenceAddress": "270155584", "EventData.ReasonCode": "1"}
{"EventID": "235", "Channel": "Microsoft-Windows-Kernel-Boot/Operational", "Provider_Name": "Microsoft-Windows-Kernel-Boot", "Computer": "DESKTOP-OFJ6N53", "TimeCreated": "2024-04-23 15:39:15.410210+00:00", "RecordID": "548", "Level": "2", "UserID": "S-1-5-18", "EventData.StatusCode": "3221225474", "EventData.Position": "1"}
{"EventID": "208", "Channel": "Microsoft-Windows-Kernel-Boot/Operational", "Provider_Name": "Microsoft-Windows-Kernel-Boot", "Computer": "DESKTOP-OFJ6N53", "TimeCreated": "2024-04-23 15:39:15.410212+00:00", "RecordID": "549", "Level": "2", "UserID": "S-1-5-18", "EventData.InitState": "1", "EventData.StatusCode": "3221225473", "EventData.FailureAddress": "11583203", "EventData.ReferenceAddress": "12914656", "EventData.ReasonCode": "1"}
{"EventID": "158", "Channel": "Microsoft-Windows-Kernel-Boot/Operational", "Provider_Name": "Microsoft-Windows-Kernel-Boot", "Computer": "DESKTOP-OFJ6N53", "TimeCreated": "2024-04-23 15:39:15.410427+00:00", "RecordID": "550", "Level": "2", "UserID": "S-1-5-18", "EventData.DiagCode": "1076887595", "EventData.Status": "3221225659"}
{"EventID": "235", "Channel": "Microsoft-Windows-Kernel-Boot/Operational", "Provider_Name": "Microsoft-Windows-Kernel-Boot", "Computer": "DESKTOP-OFJ6N53", "TimeCreated": "2024-04-23 15:39:15.410498+00:00", "RecordID": "551", "Level": "2", "UserID": "S-1-5-18", "EventData.StatusCode": "3221225474", "EventData.Position": "1"}
{"EventID": "208", "Channel": "Microsoft-Windows-Kernel-Boot/Operational", "Provider_Name": "Microsoft-Windows-Kernel-Boot", "Computer": "DESKTOP-OFJ6N53", "TimeCreated": "2024-04-23 15:39:15.410498+00:00", "RecordID": "552", "Level": "2", "UserID": "S-1-5-18", "EventData.InitState": "1", "EventData.StatusCode": "3221225473", "EventData.FailureAddress": "268916674", "EventData.ReferenceAddress": "270159648", "EventData.ReasonCode": "1"}
{"EventID": "235", "Channel": "Microsoft-Windows-Kernel-Boot/Operational", "Provider_Name": "Microsoft-Windows-Kernel-Boot", "Computer": "DESKTOP-OFJ6N53", "TimeCreated": "2024-04-29 15:09:58.891918+00:00", "RecordID": "553", "Level": "2", "UserID": "S-1-5-18", "EventData.StatusCode": "3221225474", "EventData.Position": "1"}
{"EventID": "208", "Channel": "Microsoft-Windows-Kernel-Boot/Operational", "Provider_Name": "Microsoft-Windows-Kernel-Boot", "Computer": "DESKTOP-OFJ6N53", "TimeCreated": "2024-04-29 15:09:58.891920+00:00", "RecordID": "554", "Level": "2", "UserID": "S-1-5-18", "EventData.InitState": "1", "EventData.StatusCode": "3221225473", "EventData.FailureAddress": "11583203", "EventData.ReferenceAddress": "12914656", "EventData.ReasonCode": "1"}
{"EventID": "158", "Channel": "Microsoft-Windows-Kernel-Boot/Operational", "Provider_Name": "Microsoft-Windows-Kernel-Boot", "Computer": "DESKTOP-OFJ6N53", "TimeCreated": "2024-04-29 15:09:58.892126+00:00", "RecordID": "555", "Level": "2", "UserID": "S-1-5-18", "EventData.DiagCode": "1076887595", "EventData.Status": "3221225659"}
{"EventID": "235", "Channel": "Microsoft-Windows-Kernel-Boot/Operational", "Provider_Name": "Microsoft-Windows-Kernel-Boot", "Computer": "DESKTOP-OFJ6N53", "TimeCreated": "2024-04-29 15:09:58.892195+00:00", "RecordID": "556", "Level": "2", "UserID": "S-1-5-18", "EventData.StatusCode": "3221225474", "EventData.Position": "1"}
{"EventID": "208", "Channel": "Microsoft-Windows-Kernel-Boot/Operational", "Provider_Name": "Microsoft-Windows-Kernel-Boot", "Computer": "DESKTOP-OFJ6N53", "TimeCreated": "2024-04-29 15:09:58.892197+00:00", "RecordID": "557", "Level": "2", "UserID": "S-1-5-18", "EventData.InitState": "1", "EventData.StatusCode": "3221225473", "EventData.FailureAddress": "268917586", "EventData.ReferenceAddress": "270157536", "EventData.ReasonCode": "1"}
{"EventID": "235", "Channel": "Microsoft-Windows-Kernel-Boot/Operational", "Provider_Name": "Microsoft-Windows-Kernel-Boot", "Computer": "DESKTOP-OFJ6N53", "TimeCreated": "2024-05-14 09:12:23.520380+00:00", "RecordID": "558", "Level": "2", "UserID": "S-1-5-18", "EventData.StatusCode": "3221225474", "EventData.Position": "1"}
{"EventID": "208", "Channel": "Microsoft-Windows-Kernel-Boot/Operational", "Provider_Name": "Microsoft-Windows-Kernel-Boot", "Computer": "DESKTOP-OFJ6N53", "TimeCreated": "2024-05-14 09:12:23.520380+00:00", "RecordID": "559", "Level": "2", "UserID": "S-1-5-18", "EventData.InitState": "1", "EventData.StatusCode": "3221225473", "EventData.FailureAddress": "11583203", "EventData.ReferenceAddress": "12914656", "EventData.ReasonCode": "1"}
{"EventID": "158", "Channel": "Microsoft-Windows-Kernel-Boot/Operational", "Provider_Name": "Microsoft-Windows-Kernel-Boot", "Computer": "DESKTOP-OFJ6N53", "TimeCreated": "2024-05-14 09:12:23.520380+00:00", "RecordID": "560", "Level": "2", "UserID": "S-1-5-18", "EventData.DiagCode": "1076887595", "EventData.Status": "3221225659"}
{"EventID": "235", "Channel": "Microsoft-Windows-Kernel-Boot/Operational", "Provider_Name": "Microsoft-Windows-Kernel-Boot", "Computer": "DESKTOP-OFJ6N53", "TimeCreated": "2024-05-14 09:12:23.520380+00:00", "RecordID": "561", "Level": "2", "UserID": "S-1-5-18", "EventData.StatusCode": "3221225474", "EventData.Position": "1"}
{"EventID": "208", "Channel": "Microsoft-Windows-Kernel-Boot/Operational", "Provider_Name": "Microsoft-Windows-Kernel-Boot", "Computer": "DESKTOP-OFJ6N53", "TimeCreated": "2024-05-14 09:12:23.520380+00:00", "RecordID": "562", "Level": "2", "UserID": "S-1-5-18", "EventData.InitState": "1", "EventData.StatusCode": "3221225473", "EventData.FailureAddress": "268917586", "EventData.ReferenceAddress": "270157536", "EventData.ReasonCode": "1"}
{"EventID": "235", "Channel": "Microsoft-Windows-Kernel-Boot/Operational", "Provider_Name": "Microsoft-Windows-Kernel-Boot", "Computer": "DESKTOP-OFJ6N53", "TimeCreated": "2024-05-15 13:35:49.292547+00:00", "RecordID": "563", "Level": "2", "UserID": "S-1-5-18", "EventData.StatusCode": "3221225474", "EventData.Position": "1"}
{"EventID": "208", "Channel": "Microsoft-Windows-Kernel-Boot/Operational", "Provider_Name": "Microsoft-Windows-Kernel-Boot", "Computer": "DESKTOP-OFJ6N53", "TimeCreated": "2024-05-15 13:35:49.292549+00:00", "RecordID": "564", "Level": "2", "UserID": "S-1-5-18", "EventData.InitState": "1", "EventData.StatusCode": "3221225473", "EventData.FailureAddress": "11583203", "EventData.ReferenceAddress": "12914656", "EventData.ReasonCode": "1"}
{"EventID": "158", "Channel": "Microsoft-Windows-Kernel-Boot/Operational", "Provider_Name": "Microsoft-Windows-Kernel-Boot", "Computer": "DESKTOP-OFJ6N53", "TimeCreated": "2024-05-15 13:35:49.292810+00:00", "RecordID": "565", "Level": "2", "UserID": "S-1-5-18", "EventData.DiagCode": "1076887595", "EventData.Status": "3221225659"}
{"EventID": "235", "Channel": "Microsoft-Windows-Kernel-Boot/Operational", "Provider_Name": "Microsoft-Windows-Kernel-Boot", "Computer": "DESKTOP-OFJ6N53", "TimeCreated": "2024-05-15 13:35:49.292898+00:00", "RecordID": "566", "Level": "2", "UserID": "S-1-5-18", "EventData.StatusCode": "3221225474", "EventData.Position": "1"}
{"EventID": "208", "Channel": "Microsoft-Windows-Kernel-Boot/Operational", "Provider_Name": "Microsoft-Windows-Kernel-Boot", "Computer": "DESKTOP-OFJ6N53", "TimeCreated": "2024-05-15 13:35:49.292898+00:00", "RecordID": "567", "Level": "2", "UserID": "S-1-5-18", "EventData.InitState": "1", "EventData.StatusCode": "3221225473", "EventData.FailureAddress": "268917586", "EventData.ReferenceAddress": "270157536", "EventData.ReasonCode": "1"}
{"EventID": "235", "Channel": "Microsoft-Windows-Kernel-Boot/Operational", "Provider_Name": "Microsoft-Windows-Kernel-Boot", "Computer": "DESKTOP-OFJ6N53", "TimeCreated": "2024-05-31 10:40:34.342726+00:00", "RecordID": "568", "Level": "2", "UserID": "S-1-5-18", "EventData.StatusCode": "3221225474", "EventData.Position": "1"}
{"EventID": "208", "Channel": "Microsoft-Windows-Kernel-Boot/Operational", "Provider_Name": "Microsoft-Windows-Kernel-Boot", "Computer": "DESKTOP-OFJ6N53", "TimeCreated": "2024-05-31 10:40:34.342726+00:00", "RecordID": "569", "Level": "2", "UserID": "S-1-5-18", "EventData.InitState": "1", "EventData.StatusCode": "3221225473", "EventData.FailureAddress": "11583203", "EventData.ReferenceAddress": "12914656", "EventData.ReasonCode": "1"}
{"EventID": "158", "Channel": "Microsoft-Windows-Kernel-Boot/Operational", "Provider_Name": "Microsoft-Windows-Kernel-Boot", "Computer": "DESKTOP-OFJ6N53", "TimeCreated": "2024-05-31 10:40:34.342951+00:00", "RecordID": "570", "Level": "2", "UserID": "S-1-5-18", "EventData.DiagCode": "1076887595", "EventData.Status": "3221225659"}
{"EventID": "235", "Channel": "Microsoft-Windows-Kernel-Boot/Operational", "Provider_Name": "Microsoft-Windows-Kernel-Boot", "Computer": "DESKTOP-OFJ6N53", "TimeCreated": "2024-05-31 10:40:34.343025+00:00", "RecordID": "571", "Level": "2", "UserID": "S-1-5-18", "EventData.StatusCode": "3221225474", "EventData.Position": "1"}
{"EventID": "208", "Channel": "Microsoft-Windows-Kernel-Boot/Operational", "Provider_Name": "Microsoft-Windows-Kernel-Boot", "Computer": "DESKTOP-OFJ6N53", "TimeCreated": "2024-05-31 10:40:34.343027+00:00", "RecordID": "572", "Level": "2", "UserID": "S-1-5-18", "EventData.InitState": "1", "EventData.StatusCode": "3221225473", "EventData.FailureAddress": "268917586", "EventData.ReferenceAddress": "270157536", "EventData.ReasonCode": "1"}
{"EventID": "235", "Channel": "Microsoft-Windows-Kernel-Boot/Operational", "Provider_Name": "Microsoft-Windows-Kernel-Boot", "Computer": "DESKTOP-OFJ6N53", "TimeCreated": "2024-06-06 12:16:07.750284+00:00", "RecordID": "573", "Level": "2", "UserID": "S-1-5-18", "EventData.StatusCode": "3221225474", "EventData.Position": "1"}
{"EventID": "208", "Channel": "Microsoft-Windows-Kernel-Boot/Operational", "Provider_Name": "Microsoft-Windows-Kernel-Boot", "Computer": "DESKTOP-OFJ6N53", "TimeCreated": "2024-06-06 12:16:07.750286+00:00", "RecordID": "574", "Level": "2", "UserID": "S-1-5-18", "EventData.InitState": "1", "EventData.StatusCode": "3221225473", "EventData.FailureAddress": "11583203", "EventData.ReferenceAddress": "12914656", "EventData.ReasonCode": "1"}
{"EventID": "158", "Channel": "Microsoft-Windows-Kernel-Boot/Operational", "Provider_Name": "Microsoft-Windows-Kernel-Boot", "Computer": "DESKTOP-OFJ6N53", "TimeCreated": "2024-06-06 12:16:07.750498+00:00", "RecordID": "575", "Level": "2", "UserID": "S-1-5-18", "EventData.DiagCode": "1076887595", "EventData.Status": "3221225659"}
{"EventID": "235", "Channel": "Microsoft-Windows-Kernel-Boot/Operational", "Provider_Name": "Microsoft-Windows-Kernel-Boot", "Computer": "DESKTOP-OFJ6N53", "TimeCreated": "2024-06-06 12:16:07.750566+00:00", "RecordID": "576", "Level": "2", "UserID": "S-1-5-18", "EventData.StatusCode": "3221225474", "EventData.Position": "1"}
{"EventID": "208", "Channel": "Microsoft-Windows-Kernel-Boot/Operational", "Provider_Name": "Microsoft-Windows-Kernel-Boot", "Computer": "DESKTOP-OFJ6N53", "TimeCreated": "2024-06-06 12:16:07.750566+00:00", "RecordID": "577", "Level": "2", "UserID": "S-1-5-18", "EventData.InitState": "1", "EventData.StatusCode": "3221225473", "EventData.FailureAddress": "268917586", "EventData.ReferenceAddress": "270157536", "EventData.ReasonCode": "1"}
{"EventID": "235", "Channel": "Microsoft-Windows-Kernel-Boot/Operational", "Provider_Name": "Microsoft-Windows-Kernel-Boot", "Computer": "DESKTOP-OFJ6N53", "TimeCreated": "2024-06-11 17:56:25.525629+00:00", "RecordID": "578", "Level": "2", "UserID": "S-1-5-18", "EventData.StatusCode": "3221225474", "EventData.Position": "1"}
{"EventID": "208", "Channel": "Microsoft-Windows-Kernel-Boot/Operational", "Provider_Name": "Microsoft-Windows-Kernel-Boot", "Computer": "DESKTOP-OFJ6N53", "TimeCreated": "2024-06-11 17:56:25.525629+00:00", "RecordID": "579", "Level": "2", "UserID": "S-1-5-18", "EventData.InitState": "1", "EventData.StatusCode": "3221225473", "EventData.FailureAddress": "11583203", "EventData.ReferenceAddress": "12914656", "EventData.ReasonCode": "1"}
{"EventID": "158", "Channel": "Microsoft-Windows-Kernel-Boot/Operational", "Provider_Name": "Microsoft-Windows-Kernel-Boot", "Computer": "DESKTOP-OFJ6N53", "TimeCreated": "2024-06-11 17:56:25.525841+00:00", "RecordID": "580", "Level": "2", "UserID": "S-1-5-18", "EventData.DiagCode": "1076887595", "EventData.Status": "3221225659"}
{"EventID": "235", "Channel": "Microsoft-Windows-Kernel-Boot/Operational", "Provider_Name": "Microsoft-Windows-Kernel-Boot", "Computer": "DESKTOP-OFJ6N53", "TimeCreated": "2024-06-11 17:56:25.525911+00:00", "RecordID": "581", "Level": "2", "UserID": "S-1-5-18", "EventData.StatusCode": "3221225474", "EventData.Position": "1"}
{"EventID": "208", "Channel": "Microsoft-Windows-Kernel-Boot/Operational", "Provider_Name": "Microsoft-Windows-Kernel-Boot", "Computer": "DESKTOP-OFJ6N53", "TimeCreated": "2024-06-11 17:56:25.525911+00:00", "RecordID": "582", "Level": "2", "UserID": "S-1-5-18", "EventData.InitState": "1", "EventData.StatusCode": "3221225473", "EventData.FailureAddress": "268917586", "EventData.ReferenceAddress": "270157536", "EventData.ReasonCode": "1"}
{"EventID": "235", "Channel": "Microsoft-Windows-Kernel-Boot/Operational", "Provider_Name": "Microsoft-Windows-Kernel-Boot", "Computer": "DESKTOP-OFJ6N53", "TimeCreated": "2024-06-13 10:18:35.059885+00:00", "RecordID": "583", "Level": "2", "UserID": "S-1-5-18", "EventData.StatusCode": "3221225474", "EventData.Position": "1"}
{"EventID": "208", "Channel": "Microsoft-Windows-Kernel-Boot/Operational", "Provider_Name": "Microsoft-Windows-Kernel-Boot", "Computer": "DESKTOP-OFJ6N53", "TimeCreated": "2024-06-13 10:18:35.059885+00:00", "RecordID": "584", "Level": "2", "UserID": "S-1-5-18", "EventData.InitState": "1", "EventData.StatusCode": "3221225473", "EventData.FailureAddress": "11583203", "EventData.ReferenceAddress": "12914656", "EventData.ReasonCode": "1"}
{"EventID": "158", "Channel": "Microsoft-Windows-Kernel-Boot/Operational", "Provider_Name": "Microsoft-Windows-Kernel-Boot", "Computer": "DESKTOP-OFJ6N53", "TimeCreated": "2024-06-13 10:18:35.060116+00:00", "RecordID": "585", "Level": "2", "UserID": "S-1-5-18", "EventData.DiagCode": "1076887595", "EventData.Status": "3221225659"}
{"EventID": "235", "Channel": "Microsoft-Windows-Kernel-Boot/Operational", "Provider_Name": "Microsoft-Windows-Kernel-Boot", "Computer": "DESKTOP-OFJ6N53", "TimeCreated": "2024-06-13 10:18:35.060194+00:00", "RecordID": "586", "Level": "2", "UserID": "S-1-5-18", "EventData.StatusCode": "3221225474", "EventData.Position": "1"}
{"EventID": "208", "Channel": "Microsoft-Windows-Kernel-Boot/Operational", "Provider_Name": "Microsoft-Windows-Kernel-Boot", "Computer": "DESKTOP-OFJ6N53", "TimeCreated": "2024-06-13 10:18:35.060194+00:00", "RecordID": "587", "Level": "2", "UserID": "S-1-5-18", "EventData.InitState": "1", "EventData.StatusCode": "3221225473", "EventData.FailureAddress": "268917586", "EventData.ReferenceAddress": "270157536", "EventData.ReasonCode": "1"}
{"EventID": "235", "Channel": "Microsoft-Windows-Kernel-Boot/Operational", "Provider_Name": "Microsoft-Windows-Kernel-Boot", "Computer": "DESKTOP-OFJ6N53", "TimeCreated": "2024-07-03 13:21:35.559595+00:00", "RecordID": "588", "Level": "2", "UserID": "S-1-5-18", "EventData.StatusCode": "3221225474", "EventData.Position": "1"}
{"EventID": "208", "Channel": "Microsoft-Windows-Kernel-Boot/Operational", "Provider_Name": "Microsoft-Windows-Kernel-Boot", "Computer": "DESKTOP-OFJ6N53", "TimeCreated": "2024-07-03 13:21:35.559597+00:00", "RecordID": "589", "Level": "2", "UserID": "S-1-5-18", "EventData.InitState": "1", "EventData.StatusCode": "3221225473", "EventData.FailureAddress": "11583203", "EventData.ReferenceAddress": "12914656", "EventData.ReasonCode": "1"}
{"EventID": "158", "Channel": "Microsoft-Windows-Kernel-Boot/Operational", "Provider_Name": "Microsoft-Windows-Kernel-Boot", "Computer": "DESKTOP-OFJ6N53", "TimeCreated": "2024-07-03 13:21:35.559801+00:00", "RecordID": "590", "Level": "2", "UserID": "S-1-5-18", "EventData.DiagCode": "1076887595", "EventData.Status": "3221225659"}
{"EventID": "235", "Channel": "Microsoft-Windows-Kernel-Boot/Operational", "Provider_Name": "Microsoft-Windows-Kernel-Boot", "Computer": "DESKTOP-OFJ6N53", "TimeCreated": "2024-07-03 13:21:35.559879+00:00", "RecordID": "591", "Level": "2", "UserID": "S-1-5-18", "EventData.StatusCode": "3221225474", "EventData.Position": "1"}
{"EventID": "208", "Channel": "Microsoft-Windows-Kernel-Boot/Operational", "Provider_Name": "Microsoft-Windows-Kernel-Boot", "Computer": "DESKTOP-OFJ6N53", "TimeCreated": "2024-07-03 13:21:35.559881+00:00", "RecordID": "592", "Level": "2", "UserID": "S-1-5-18", "EventData.InitState": "1", "EventData.StatusCode": "3221225473", "EventData.FailureAddress": "268917586", "EventData.ReferenceAddress": "270157536", "EventData.ReasonCode": "1"}
{"EventID": "235", "Channel": "Microsoft-Windows-Kernel-Boot/Operational", "Provider_Name": "Microsoft-Windows-Kernel-Boot", "Computer": "DESKTOP-OFJ6N53", "TimeCreated": "2024-07-10 14:33:28.466599+00:00", "RecordID": "593", "Level": "2", "UserID": "S-1-5-18", "EventData.StatusCode": "3221225474", "EventData.Position": "1"}
{"EventID": "208", "Channel": "Microsoft-Windows-Kernel-Boot/Operational", "Provider_Name": "Microsoft-Windows-Kernel-Boot", "Computer": "DESKTOP-OFJ6N53", "TimeCreated": "2024-07-10 14:33:28.466599+00:00", "RecordID": "594", "Level": "2", "UserID": "S-1-5-18", "EventData.InitState": "1", "EventData.StatusCode": "3221225473", "EventData.FailureAddress": "11592027", "EventData.ReferenceAddress": "12922848", "EventData.ReasonCode": "1"}
{"EventID": "158", "Channel": "Microsoft-Windows-Kernel-Boot/Operational", "Provider_Name": "Microsoft-Windows-Kernel-Boot", "Computer": "DESKTOP-OFJ6N53", "TimeCreated": "2024-07-10 14:33:28.466799+00:00", "RecordID": "595", "Level": "2", "UserID": "S-1-5-18", "EventData.DiagCode": "1076887595", "EventData.Status": "3221225659"}
{"EventID": "235", "Channel": "Microsoft-Windows-Kernel-Boot/Operational", "Provider_Name": "Microsoft-Windows-Kernel-Boot", "Computer": "DESKTOP-OFJ6N53", "TimeCreated": "2024-07-10 14:33:28.466867+00:00", "RecordID": "596", "Level": "2", "UserID": "S-1-5-18", "EventData.StatusCode": "3221225474", "EventData.Position": "1"}
{"EventID": "208", "Channel": "Microsoft-Windows-Kernel-Boot/Operational", "Provider_Name": "Microsoft-Windows-Kernel-Boot", "Computer": "DESKTOP-OFJ6N53", "TimeCreated": "2024-07-10 14:33:28.466869+00:00", "RecordID": "597", "Level": "2", "UserID": "S-1-5-18", "EventData.InitState": "1", "EventData.StatusCode": "3221225473", "EventData.FailureAddress": "268917586", "EventData.ReferenceAddress": "270157536", "EventData.ReasonCode": "1"}
{"EventID": "235", "Channel": "Microsoft-Windows-Kernel-Boot/Operational", "Provider_Name": "Microsoft-Windows-Kernel-Boot", "Computer": "DESKTOP-OFJ6N53", "TimeCreated": "2024-07-22 07:26:20.209114+00:00", "RecordID": "598", "Level": "2", "UserID": "S-1-5-18", "EventData.StatusCode": "3221225474", "EventData.Position": "1"}
{"EventID": "208", "Channel": "Microsoft-Windows-Kernel-Boot/Operational", "Provider_Name": "Microsoft-Windows-Kernel-Boot", "Computer": "DESKTOP-OFJ6N53", "TimeCreated": "2024-07-22 07:26:20.209116+00:00", "RecordID": "599", "Level": "2", "UserID": "S-1-5-18", "EventData.InitState": "1", "EventData.StatusCode": "3221225473", "EventData.FailureAddress": "11592027", "EventData.ReferenceAddress": "12922848", "EventData.ReasonCode": "1"}
{"EventID": "158", "Channel": "Microsoft-Windows-Kernel-Boot/Operational", "Provider_Name": "Microsoft-Windows-Kernel-Boot", "Computer": "DESKTOP-OFJ6N53", "TimeCreated": "2024-07-22 07:26:20.210642+00:00", "RecordID": "600", "Level": "2", "UserID": "S-1-5-18", "EventData.DiagCode": "1076887595", "EventData.Status": "3221225659"}
{"EventID": "235", "Channel": "Microsoft-Windows-Kernel-Boot/Operational", "Provider_Name": "Microsoft-Windows-Kernel-Boot", "Computer": "DESKTOP-OFJ6N53", "TimeCreated": "2024-07-22 07:26:20.210718+00:00", "RecordID": "601", "Level": "2", "UserID": "S-1-5-18", "EventData.StatusCode": "3221225474", "EventData.Position": "1"}
{"EventID": "208", "Channel": "Microsoft-Windows-Kernel-Boot/Operational", "Provider_Name": "Microsoft-Windows-Kernel-Boot", "Computer": "DESKTOP-OFJ6N53", "TimeCreated": "2024-07-22 07:26:20.210718+00:00", "RecordID": "602", "Level": "2", "UserID": "S-1-5-18", "EventData.InitState": "1", "EventData.StatusCode": "3221225473", "EventData.FailureAddress": "268918246", "EventData.ReferenceAddress": "270157536", "EventData.ReasonCode": "1"}
{"EventID": "235", "Channel": "Microsoft-Windows-Kernel-Boot/Operational", "Provider_Name": "Microsoft-Windows-Kernel-Boot", "Computer": "DESKTOP-OFJ6N53", "TimeCreated": "2024-08-14 00:09:56.668127+00:00", "RecordID": "603", "Level": "2", "UserID": "S-1-5-18", "EventData.StatusCode": "3221225474", "EventData.Position": "1"}
{"EventID": "208", "Channel": "Microsoft-Windows-Kernel-Boot/Operational", "Provider_Name": "Microsoft-Windows-Kernel-Boot", "Computer": "DESKTOP-OFJ6N53", "TimeCreated": "2024-08-14 00:09:56.668129+00:00", "RecordID": "604", "Level": "2", "UserID": "S-1-5-18", "EventData.InitState": "1", "EventData.StatusCode": "3221225473", "EventData.FailureAddress": "11594603", "EventData.ReferenceAddress": "12926656", "EventData.ReasonCode": "1"}
{"EventID": "292", "Channel": "Microsoft-Windows-Kernel-Boot/Operational", "Provider_Name": "Microsoft-Windows-Kernel-Boot", "Computer": "DESKTOP-OFJ6N53", "TimeCreated": "2024-08-14 00:09:56.668266+00:00", "RecordID": "605", "Level": "2", "UserID": "S-1-5-18", "EventData.Status": "3221225524", "EventData.FailurePoint": "2", "EventData.UpdateStatusEnum": "0", "EventData.FwLevel": null}
{"EventID": "158", "Channel": "Microsoft-Windows-Kernel-Boot/Operational", "Provider_Name": "Microsoft-Windows-Kernel-Boot", "Computer": "DESKTOP-OFJ6N53", "TimeCreated": "2024-08-14 00:09:56.668337+00:00", "RecordID": "606", "Level": "2", "UserID": "S-1-5-18", "EventData.DiagCode": "1076887595", "EventData.Status": "3221225659"}
{"EventID": "235", "Channel": "Microsoft-Windows-Kernel-Boot/Operational", "Provider_Name": "Microsoft-Windows-Kernel-Boot", "Computer": "DESKTOP-OFJ6N53", "TimeCreated": "2024-08-14 00:09:56.668406+00:00", "RecordID": "607", "Level": "2", "UserID": "S-1-5-18", "EventData.StatusCode": "3221225474", "EventData.Position": "1"}
{"EventID": "208", "Channel": "Microsoft-Windows-Kernel-Boot/Operational", "Provider_Name": "Microsoft-Windows-Kernel-Boot", "Computer": "DESKTOP-OFJ6N53", "TimeCreated": "2024-08-14 00:09:56.668407+00:00", "RecordID": "608", "Level": "2", "UserID": "S-1-5-18", "EventData.InitState": "1", "EventData.StatusCode": "3221225473", "EventData.FailureAddress": "268918246", "EventData.ReferenceAddress": "270157536", "EventData.ReasonCode": "1"}
{"EventID": "235", "Channel": "Microsoft-Windows-Kernel-Boot/Operational", "Provider_Name": "Microsoft-Windows-Kernel-Boot", "Computer": "DESKTOP-OFJ6N53", "TimeCreated": "2024-09-06 13:40:03.179108+00:00", "RecordID": "609", "Level": "2", "UserID": "S-1-5-18", "EventData.StatusCode": "3221225474", "EventData.Position": "1"}
{"EventID": "208", "Channel": "Microsoft-Windows-Kernel-Boot/Operational", "Provider_Name": "Microsoft-Windows-Kernel-Boot", "Computer": "DESKTOP-OFJ6N53", "TimeCreated": "2024-09-06 13:40:03.179110+00:00", "RecordID": "610", "Level": "2", "UserID": "S-1-5-18", "EventData.InitState": "1", "EventData.StatusCode": "3221225473", "EventData.FailureAddress": "11594603", "EventData.ReferenceAddress": "12926656", "EventData.ReasonCode": "1"}
{"EventID": "291", "Channel": "Microsoft-Windows-Kernel-Boot/Operational", "Provider_Name": "Microsoft-Windows-Kernel-Boot", "Computer": "DESKTOP-OFJ6N53", "TimeCreated": "2024-09-06 13:40:03.179314+00:00", "RecordID": "611", "Level": "4", "UserID": "S-1-5-18", "EventData.Status": "0", "EventData.FailurePoint": "0", "EventData.UpdateStatusEnum": "2", "EventData.FwLevel": "sbat,1,2024010900\nshim,4\ngrub,3\ngrub.debian,4"}
{"EventID": "158", "Channel": "Microsoft-Windows-Kernel-Boot/Operational", "Provider_Name": "Microsoft-Windows-Kernel-Boot", "Computer": "DESKTOP-OFJ6N53", "TimeCreated": "2024-09-06 13:40:03.179317+00:00", "RecordID": "612", "Level": "2", "UserID": "S-1-5-18", "EventData.DiagCode": "1076887595", "EventData.Status": "3221225659"}
{"EventID": "235", "Channel": "Microsoft-Windows-Kernel-Boot/Operational", "Provider_Name": "Microsoft-Windows-Kernel-Boot", "Computer": "DESKTOP-OFJ6N53", "TimeCreated": "2024-09-06 13:40:03.179392+00:00", "RecordID": "613", "Level": "2", "UserID": "S-1-5-18", "EventData.StatusCode": "3221225474", "EventData.Position": "1"}
{"EventID": "208", "Channel": "Microsoft-Windows-Kernel-Boot/Operational", "Provider_Name": "Microsoft-Windows-Kernel-Boot", "Computer": "DESKTOP-OFJ6N53", "TimeCreated": "2024-09-06 13:40:03.179392+00:00", "RecordID": "614", "Level": "2", "UserID": "S-1-5-18", "EventData.InitState": "1", "EventData.StatusCode": "3221225473", "EventData.FailureAddress": "268918266", "EventData.ReferenceAddress": "270157280", "EventData.ReasonCode": "1"}
{"EventID": "235", "Channel": "Microsoft-Windows-Kernel-Boot/Operational", "Provider_Name": "Microsoft-Windows-Kernel-Boot", "Computer": "DESKTOP-OFJ6N53", "TimeCreated": "2024-09-11 14:50:53.858980+00:00", "RecordID": "615", "Level": "2", "UserID": "S-1-5-18", "EventData.StatusCode": "3221225474", "EventData.Position": "1"}
{"EventID": "208", "Channel": "Microsoft-Windows-Kernel-Boot/Operational", "Provider_Name": "Microsoft-Windows-Kernel-Boot", "Computer": "DESKTOP-OFJ6N53", "TimeCreated": "2024-09-11 14:50:53.858982+00:00", "RecordID": "616", "Level": "2", "UserID": "S-1-5-18", "EventData.InitState": "1", "EventData.StatusCode": "3221225473", "EventData.FailureAddress": "11594603", "EventData.ReferenceAddress": "12926656", "EventData.ReasonCode": "1"}
{"EventID": "158", "Channel": "Microsoft-Windows-Kernel-Boot/Operational", "Provider_Name": "Microsoft-Windows-Kernel-Boot", "Computer": "DESKTOP-OFJ6N53", "TimeCreated": "2024-09-11 14:50:53.859224+00:00", "RecordID": "617", "Level": "2", "UserID": "S-1-5-18", "EventData.DiagCode": "1076887595", "EventData.Status": "3221225659"}
{"EventID": "235", "Channel": "Microsoft-Windows-Kernel-Boot/Operational", "Provider_Name": "Microsoft-Windows-Kernel-Boot", "Computer": "DESKTOP-OFJ6N53", "TimeCreated": "2024-09-11 14:50:53.859304+00:00", "RecordID": "618", "Level": "2", "UserID": "S-1-5-18", "EventData.StatusCode": "3221225474", "EventData.Position": "1"}
{"EventID": "208", "Channel": "Microsoft-Windows-Kernel-Boot/Operational", "Provider_Name": "Microsoft-Windows-Kernel-Boot", "Computer": "DESKTOP-OFJ6N53", "TimeCreated": "2024-09-11 14:50:53.859304+00:00", "RecordID": "619", "Level": "2", "UserID": "S-1-5-18", "EventData.InitState": "1", "EventData.StatusCode": "3221225473", "EventData.FailureAddress": "268918266", "EventData.ReferenceAddress": "270157280", "EventData.ReasonCode": "1"}
{"EventID": "235", "Channel": "Microsoft-Windows-Kernel-Boot/Operational", "Provider_Name": "Microsoft-Windows-Kernel-Boot", "Computer": "DESKTOP-OFJ6N53", "TimeCreated": "2024-09-19 17:25:11.197954+00:00", "RecordID": "620", "Level": "2", "UserID": "S-1-5-18", "EventData.StatusCode": "3221225474", "EventData.Position": "1"}
{"EventID": "208", "Channel": "Microsoft-Windows-Kernel-Boot/Operational", "Provider_Name": "Microsoft-Windows-Kernel-Boot", "Computer": "DESKTOP-OFJ6N53", "TimeCreated": "2024-09-19 17:25:11.197954+00:00", "RecordID": "621", "Level": "2", "UserID": "S-1-5-18", "EventData.InitState": "1", "EventData.StatusCode": "3221225473", "EventData.FailureAddress": "11594603", "EventData.ReferenceAddress": "12926656", "EventData.ReasonCode": "1"}
{"EventID": "158", "Channel": "Microsoft-Windows-Kernel-Boot/Operational", "Provider_Name": "Microsoft-Windows-Kernel-Boot", "Computer": "DESKTOP-OFJ6N53", "TimeCreated": "2024-09-19 17:25:11.198175+00:00", "RecordID": "622", "Level": "2", "UserID": "S-1-5-18", "EventData.DiagCode": "1076887595", "EventData.Status": "3221225659"}
{"EventID": "235", "Channel": "Microsoft-Windows-Kernel-Boot/Operational", "Provider_Name": "Microsoft-Windows-Kernel-Boot", "Computer": "DESKTOP-OFJ6N53", "TimeCreated": "2024-09-19 17:25:11.198248+00:00", "RecordID": "623", "Level": "2", "UserID": "S-1-5-18", "EventData.StatusCode": "3221225474", "EventData.Position": "1"}
{"EventID": "208", "Channel": "Microsoft-Windows-Kernel-Boot/Operational", "Provider_Name": "Microsoft-Windows-Kernel-Boot", "Computer": "DESKTOP-OFJ6N53", "TimeCreated": "2024-09-19 17:25:11.198250+00:00", "RecordID": "624", "Level": "2", "UserID": "S-1-5-18", "EventData.InitState": "1", "EventData.StatusCode": "3221225473", "EventData.FailureAddress": "268918266", "EventData.ReferenceAddress": "270157280", "EventData.ReasonCode": "1"}
{"EventID": "235", "Channel": "Microsoft-Windows-Kernel-Boot/Operational", "Provider_Name": "Microsoft-Windows-Kernel-Boot", "Computer": "DESKTOP-OFJ6N53", "TimeCreated": "2024-09-24 10:57:22.853065+00:00", "RecordID": "625", "Level": "2", "UserID": "S-1-5-18", "EventData.StatusCode": "3221225474", "EventData.Position": "1"}
{"EventID": "208", "Channel": "Microsoft-Windows-Kernel-Boot/Operational", "Provider_Name": "Microsoft-Windows-Kernel-Boot", "Computer": "DESKTOP-OFJ6N53", "TimeCreated": "2024-09-24 10:57:22.853065+00:00", "RecordID": "626", "Level": "2", "UserID": "S-1-5-18", "EventData.InitState": "1", "EventData.StatusCode": "3221225473", "EventData.FailureAddress": "11594603", "EventData.ReferenceAddress": "12926656", "EventData.ReasonCode": "1"}
{"EventID": "158", "Channel": "Microsoft-Windows-Kernel-Boot/Operational", "Provider_Name": "Microsoft-Windows-Kernel-Boot", "Computer": "DESKTOP-OFJ6N53", "TimeCreated": "2024-09-24 10:57:22.853275+00:00", "RecordID": "627", "Level": "2", "UserID": "S-1-5-18", "EventData.DiagCode": "1076887595", "EventData.Status": "3221225659"}
{"EventID": "235", "Channel": "Microsoft-Windows-Kernel-Boot/Operational", "Provider_Name": "Microsoft-Windows-Kernel-Boot", "Computer": "DESKTOP-OFJ6N53", "TimeCreated": "2024-09-24 10:57:22.853346+00:00", "RecordID": "628", "Level": "2", "UserID": "S-1-5-18", "EventData.StatusCode": "3221225474", "EventData.Position": "1"}
{"EventID": "208", "Channel": "Microsoft-Windows-Kernel-Boot/Operational", "Provider_Name": "Microsoft-Windows-Kernel-Boot", "Computer": "DESKTOP-OFJ6N53", "TimeCreated": "2024-09-24 10:57:22.853346+00:00", "RecordID": "629", "Level": "2", "UserID": "S-1-5-18", "EventData.InitState": "1", "EventData.StatusCode": "3221225473", "EventData.FailureAddress": "268918266", "EventData.ReferenceAddress": "270157280", "EventData.ReasonCode": "1"}
{"EventID": "235", "Channel": "Microsoft-Windows-Kernel-Boot/Operational", "Provider_Name": "Microsoft-Windows-Kernel-Boot", "Computer": "DESKTOP-OFJ6N53", "TimeCreated": "2024-09-25 13:38:47.856682+00:00", "RecordID": "630", "Level": "2", "UserID": "S-1-5-18", "EventData.StatusCode": "3221225474", "EventData.Position": "1"}
{"EventID": "208", "Channel": "Microsoft-Windows-Kernel-Boot/Operational", "Provider_Name": "Microsoft-Windows-Kernel-Boot", "Computer": "DESKTOP-OFJ6N53", "TimeCreated": "2024-09-25 13:38:47.856682+00:00", "RecordID": "631", "Level": "2", "UserID": "S-1-5-18", "EventData.InitState": "1", "EventData.StatusCode": "3221225473", "EventData.FailureAddress": "11594603", "EventData.ReferenceAddress": "12926656", "EventData.ReasonCode": "1"}
{"EventID": "158", "Channel": "Microsoft-Windows-Kernel-Boot/Operational", "Provider_Name": "Microsoft-Windows-Kernel-Boot", "Computer": "DESKTOP-OFJ6N53", "TimeCreated": "2024-09-25 13:38:47.856901+00:00", "RecordID": "632", "Level": "2", "UserID": "S-1-5-18", "EventData.DiagCode": "1076887595", "EventData.Status": "3221225659"}
{"EventID": "235", "Channel": "Microsoft-Windows-Kernel-Boot/Operational", "Provider_Name": "Microsoft-Windows-Kernel-Boot", "Computer": "DESKTOP-OFJ6N53", "TimeCreated": "2024-09-25 13:38:47.856974+00:00", "RecordID": "633", "Level": "2", "UserID": "S-1-5-18", "EventData.StatusCode": "3221225474", "EventData.Position": "1"}
{"EventID": "208", "Channel": "Microsoft-Windows-Kernel-Boot/Operational", "Provider_Name": "Microsoft-Windows-Kernel-Boot", "Computer": "DESKTOP-OFJ6N53", "TimeCreated": "2024-09-25 13:38:47.856974+00:00", "RecordID": "634", "Level": "2", "UserID": "S-1-5-18", "EventData.InitState": "1", "EventData.StatusCode": "3221225473", "EventData.FailureAddress": "268918266", "EventData.ReferenceAddress": "270157280", "EventData.ReasonCode": "1"}
{"EventID": "235", "Channel": "Microsoft-Windows-Kernel-Boot/Operational", "Provider_Name": "Microsoft-Windows-Kernel-Boot", "Computer": "DESKTOP-OFJ6N53", "TimeCreated": "2024-09-28 12:28:55.160759+00:00", "RecordID": "635", "Level": "2", "UserID": "S-1-5-18", "EventData.StatusCode": "3221225474", "EventData.Position": "1"}
{"EventID": "208", "Channel": "Microsoft-Windows-Kernel-Boot/Operational", "Provider_Name": "Microsoft-Windows-Kernel-Boot", "Computer": "DESKTOP-OFJ6N53", "TimeCreated": "2024-09-28 12:28:55.160761+00:00", "RecordID": "636", "Level": "2", "UserID": "S-1-5-18", "EventData.InitState": "1", "EventData.StatusCode": "3221225473", "EventData.FailureAddress": "11594603", "EventData.ReferenceAddress": "12926656", "EventData.ReasonCode": "1"}
{"EventID": "158", "Channel": "Microsoft-Windows-Kernel-Boot/Operational", "Provider_Name": "Microsoft-Windows-Kernel-Boot", "Computer": "DESKTOP-OFJ6N53", "TimeCreated": "2024-09-28 12:28:55.160969+00:00", "RecordID": "637", "Level": "2", "UserID": "S-1-5-18", "EventData.DiagCode": "1076887595", "EventData.Status": "3221225659"}
{"EventID": "235", "Channel": "Microsoft-Windows-Kernel-Boot/Operational", "Provider_Name": "Microsoft-Windows-Kernel-Boot", "Computer": "DESKTOP-OFJ6N53", "TimeCreated": "2024-09-28 12:28:55.161039+00:00", "RecordID": "638", "Level": "2", "UserID": "S-1-5-18", "EventData.StatusCode": "3221225474", "EventData.Position": "1"}
{"EventID": "208", "Channel": "Microsoft-Windows-Kernel-Boot/Operational", "Provider_Name": "Microsoft-Windows-Kernel-Boot", "Computer": "DESKTOP-OFJ6N53", "TimeCreated": "2024-09-28 12:28:55.161039+00:00", "RecordID": "639", "Level": "2", "UserID": "S-1-5-18", "EventData.InitState": "1", "EventData.StatusCode": "3221225473", "EventData.FailureAddress": "268918266", "EventData.ReferenceAddress": "270157280", "EventData.ReasonCode": "1"}
{"EventID": "235", "Channel": "Microsoft-Windows-Kernel-Boot/Operational", "Provider_Name": "Microsoft-Windows-Kernel-Boot", "Computer": "DESKTOP-OFJ6N53", "TimeCreated": "2024-10-04 11:16:44.856892+00:00", "RecordID": "640", "Level": "2", "UserID": "S-1-5-18", "EventData.StatusCode": "3221225474", "EventData.Position": "1"}
{"EventID": "208", "Channel": "Microsoft-Windows-Kernel-Boot/Operational", "Provider_Name": "Microsoft-Windows-Kernel-Boot", "Computer": "DESKTOP-OFJ6N53", "TimeCreated": "2024-10-04 11:16:44.856894+00:00", "RecordID": "641", "Level": "2", "UserID": "S-1-5-18", "EventData.InitState": "1", "EventData.StatusCode": "3221225473", "EventData.FailureAddress": "11594603", "EventData.ReferenceAddress": "12926656", "EventData.ReasonCode": "1"}
{"EventID": "158", "Channel": "Microsoft-Windows-Kernel-Boot/Operational", "Provider_Name": "Microsoft-Windows-Kernel-Boot", "Computer": "DESKTOP-OFJ6N53", "TimeCreated": "2024-10-04 11:16:44.857168+00:00", "RecordID": "642", "Level": "2", "UserID": "S-1-5-18", "EventData.DiagCode": "1076887595", "EventData.Status": "3221225659"}
{"EventID": "235", "Channel": "Microsoft-Windows-Kernel-Boot/Operational", "Provider_Name": "Microsoft-Windows-Kernel-Boot", "Computer": "DESKTOP-OFJ6N53", "TimeCreated": "2024-10-04 11:16:44.857241+00:00", "RecordID": "643", "Level": "2", "UserID": "S-1-5-18", "EventData.StatusCode": "3221225474", "EventData.Position": "1"}
{"EventID": "208", "Channel": "Microsoft-Windows-Kernel-Boot/Operational", "Provider_Name": "Microsoft-Windows-Kernel-Boot", "Computer": "DESKTOP-OFJ6N53", "TimeCreated": "2024-10-04 11:16:44.857241+00:00", "RecordID": "644", "Level": "2", "UserID": "S-1-5-18", "EventData.InitState": "1", "EventData.StatusCode": "3221225473", "EventData.FailureAddress": "268918266", "EventData.ReferenceAddress": "270157280", "EventData.ReasonCode": "1"}
{"EventID": "235", "Channel": "Microsoft-Windows-Kernel-Boot/Operational", "Provider_Name": "Microsoft-Windows-Kernel-Boot", "Computer": "DESKTOP-OFJ6N53", "TimeCreated": "2024-10-04 22:02:41.884857+00:00", "RecordID": "645", "Level": "2", "UserID": "S-1-5-18", "EventData.StatusCode": "3221225474", "EventData.Position": "1"}
{"EventID": "208", "Channel": "Microsoft-Windows-Kernel-Boot/Operational", "Provider_Name": "Microsoft-Windows-Kernel-Boot", "Computer": "DESKTOP-OFJ6N53", "TimeCreated": "2024-10-04 22:02:41.884859+00:00", "RecordID": "646", "Level": "2", "UserID": "S-1-5-18", "EventData.InitState": "1", "EventData.StatusCode": "3221225473", "EventData.FailureAddress": "11594603", "EventData.ReferenceAddress": "12926656", "EventData.ReasonCode": "1"}
{"EventID": "158", "Channel": "Microsoft-Windows-Kernel-Boot/Operational", "Provider_Name": "Microsoft-Windows-Kernel-Boot", "Computer": "DESKTOP-OFJ6N53", "TimeCreated": "2024-10-04 22:02:41.885208+00:00", "RecordID": "647", "Level": "2", "UserID": "S-1-5-18", "EventData.DiagCode": "1076887595", "EventData.Status": "3221225659"}
{"EventID": "235", "Channel": "Microsoft-Windows-Kernel-Boot/Operational", "Provider_Name": "Microsoft-Windows-Kernel-Boot", "Computer": "DESKTOP-OFJ6N53", "TimeCreated": "2024-10-04 22:02:41.885334+00:00", "RecordID": "648", "Level": "2", "UserID": "S-1-5-18", "EventData.StatusCode": "3221225474", "EventData.Position": "1"}
{"EventID": "208", "Channel": "Microsoft-Windows-Kernel-Boot/Operational", "Provider_Name": "Microsoft-Windows-Kernel-Boot", "Computer": "DESKTOP-OFJ6N53", "TimeCreated": "2024-10-04 22:02:41.885334+00:00", "RecordID": "649", "Level": "2", "UserID": "S-1-5-18", "EventData.InitState": "1", "EventData.StatusCode": "3221225473", "EventData.FailureAddress": "268918266", "EventData.ReferenceAddress": "270157280", "EventData.ReasonCode": "1"}
{"EventID": "235", "Channel": "Microsoft-Windows-Kernel-Boot/Operational", "Provider_Name": "Microsoft-Windows-Kernel-Boot", "Computer": "DESKTOP-OFJ6N53", "TimeCreated": "2024-10-08 20:25:18.134964+00:00", "RecordID": "650", "Level": "2", "UserID": "S-1-5-18", "EventData.StatusCode": "3221225474", "EventData.Position": "1"}
{"EventID": "208", "Channel": "Microsoft-Windows-Kernel-Boot/Operational", "Provider_Name": "Microsoft-Windows-Kernel-Boot", "Computer": "DESKTOP-OFJ6N53", "TimeCreated": "2024-10-08 20:25:18.134966+00:00", "RecordID": "651", "Level": "2", "UserID": "S-1-5-18", "EventData.InitState": "1", "EventData.StatusCode": "3221225473", "EventData.FailureAddress": "11602795", "EventData.ReferenceAddress": "12934880", "EventData.ReasonCode": "1"}
{"EventID": "158", "Channel": "Microsoft-Windows-Kernel-Boot/Operational", "Provider_Name": "Microsoft-Windows-Kernel-Boot", "Computer": "DESKTOP-OFJ6N53", "TimeCreated": "2024-10-08 20:25:18.135178+00:00", "RecordID": "652", "Level": "2", "UserID": "S-1-5-18", "EventData.DiagCode": "1076887595", "EventData.Status": "3221225659"}
{"EventID": "235", "Channel": "Microsoft-Windows-Kernel-Boot/Operational", "Provider_Name": "Microsoft-Windows-Kernel-Boot", "Computer": "DESKTOP-OFJ6N53", "TimeCreated": "2024-10-08 20:25:18.135248+00:00", "RecordID": "653", "Level": "2", "UserID": "S-1-5-18", "EventData.StatusCode": "3221225474", "EventData.Position": "1"}
{"EventID": "208", "Channel": "Microsoft-Windows-Kernel-Boot/Operational", "Provider_Name": "Microsoft-Windows-Kernel-Boot", "Computer": "DESKTOP-OFJ6N53", "TimeCreated": "2024-10-08 20:25:18.135248+00:00", "RecordID": "654", "Level": "2", "UserID": "S-1-5-18", "EventData.InitState": "1", "EventData.StatusCode": "3221225473", "EventData.FailureAddress": "268918266", "EventData.ReferenceAddress": "270157280", "EventData.ReasonCode": "1"}
{"EventID": "235", "Channel": "Microsoft-Windows-Kernel-Boot/Operational", "Provider_Name": "Microsoft-Windows-Kernel-Boot", "Computer": "DESKTOP-OFJ6N53", "TimeCreated": "2024-11-13 14:44:54.186832+00:00", "RecordID": "655", "Level": "2", "UserID": "S-1-5-18", "EventData.StatusCode": "3221225474", "EventData.Position": "1"}
{"EventID": "208", "Channel": "Microsoft-Windows-Kernel-Boot/Operational", "Provider_Name": "Microsoft-Windows-Kernel-Boot", "Computer": "DESKTOP-OFJ6N53", "TimeCreated": "2024-11-13 14:44:54.186832+00:00", "RecordID": "656", "Level": "2", "UserID": "S-1-5-18", "EventData.InitState": "1", "EventData.StatusCode": "3221225473", "EventData.FailureAddress": "11602795", "EventData.ReferenceAddress": "12934912", "EventData.ReasonCode": "1"}
{"EventID": "158", "Channel": "Microsoft-Windows-Kernel-Boot/Operational", "Provider_Name": "Microsoft-Windows-Kernel-Boot", "Computer": "DESKTOP-OFJ6N53", "TimeCreated": "2024-11-13 14:44:54.187046+00:00", "RecordID": "657", "Level": "2", "UserID": "S-1-5-18", "EventData.DiagCode": "1076887595", "EventData.Status": "3221225659"}
{"EventID": "235", "Channel": "Microsoft-Windows-Kernel-Boot/Operational", "Provider_Name": "Microsoft-Windows-Kernel-Boot", "Computer": "DESKTOP-OFJ6N53", "TimeCreated": "2024-11-13 14:44:54.187119+00:00", "RecordID": "658", "Level": "2", "UserID": "S-1-5-18", "EventData.StatusCode": "3221225474", "EventData.Position": "1"}
{"EventID": "208", "Channel": "Microsoft-Windows-Kernel-Boot/Operational", "Provider_Name": "Microsoft-Windows-Kernel-Boot", "Computer": "DESKTOP-OFJ6N53", "TimeCreated": "2024-11-13 14:44:54.187119+00:00", "RecordID": "659", "Level": "2", "UserID": "S-1-5-18", "EventData.InitState": "1", "EventData.StatusCode": "3221225473", "EventData.FailureAddress": "268918202", "EventData.ReferenceAddress": "270157248", "EventData.ReasonCode": "1"}
