{"EventID": "226", "Channel": "Microsoft-Windows-TerminalServices-RDPClient/Operational", "Provider_Name": "Microsoft-Windows-TerminalServices-ClientActiveXCore", "Computer": "DESKTOP-OFJ6N53", "TimeCreated": "2024-12-25 20:31:55.389429+00:00", "RecordID": "23945", "Level": "3", "UserID": "S-1-5-21-963789628-1060504924-4285088085-1001", "EventData.StateTransitionName": "RDPClient_TCP", "EventData.PreviousState": "1", "EventData.PreviousStateName": "TcpStateConnectingTransport", "EventData.NewState": "12", "EventData.NewStateName": "TcpStateDisconnected", "EventData.Event": "2", "EventData.EventName": "TcpEventConnectionTimeout", "EventData.Error Code": "2147500036"}
{"EventID": "1026", "Channel": "Microsoft-Windows-TerminalServices-RDPClient/Operational", "Provider_Name": "Microsoft-Windows-TerminalServices-ClientActiveXCore", "Computer": "DESKTOP-OFJ6N53", "TimeCreated": "2024-12-25 20:31:55.389517+00:00", "RecordID": "23946", "Level": "4", "UserID": "S-1-5-21-963789628-1060504924-4285088085-1001", "EventData.Name": "Disconnect Reason", "EventData.Value": "516", "EventData.CustomLevel": "Info"}
{"EventID": "1105", "Channel": "Microsoft-Windows-TerminalServices-RDPClient/Operational", "Provider_Name": "Microsoft-Windows-TerminalServices-ClientActiveXCore", "Computer": "DESKTOP-OFJ6N53", "TimeCreated": "2024-12-25 20:32:47.154419+00:00", "RecordID": "23947", "Level": "4", "UserID": "S-1-5-21-963789628-1060504924-4285088085-1001"}
{"EventID": "226", "Channel": "Microsoft-Windows-TerminalServices-RDPClient/Operational", "Provider_Name": "Microsoft-Windows-TerminalServices-ClientActiveXCore", "Computer": "DESKTOP-OFJ6N53", "TimeCreated": "2024-12-25 20:32:47.154423+00:00", "RecordID": "23948", "Level": "3", "UserID": "S-1-5-21-963789628-1060504924-4285088085-1001", "EventData.StateTransitionName": "RDPClient_TCP", "EventData.PreviousState": "1", "EventData.PreviousStateName": "TcpStateConnectingTransport", "EventData.NewState": "12", "EventData.NewStateName": "TcpStateDisconnected", "EventData.Event": "2", "EventData.EventName": "TcpEventConnectionTimeout", "EventData.Error Code": "2147500036"}
{"EventID": "1026", "Channel": "Microsoft-Windows-TerminalServices-RDPClient/Operational", "Provider_Name": "Microsoft-Windows-TerminalServices-ClientActiveXCore", "Computer": "DESKTOP-OFJ6N53", "TimeCreated": "2024-12-25 20:32:47.154531+00:00", "RecordID": "23949", "Level": "4", "UserID": "S-1-5-21-963789628-1060504924-4285088085-1001", "EventData.Name": "Disconnect Reason", "EventData.Value": "516", "EventData.CustomLevel": "Info"}
{"EventID": "1024", "Channel": "Microsoft-Windows-TerminalServices-RDPClient/Operational", "Provider_Name": "Microsoft-Windows-TerminalServices-ClientActiveXCore", "Computer": "DESKTOP-OFJ6N53", "TimeCreated": "2024-12-25 20:33:29.647020+00:00", "RecordID": "23950", "Level": "4", "UserID": "S-1-5-21-963789628-1060504924-4285088085-1001", "EventData.Name": "Server Name", "EventData.Value": "10.120.9.26", "EventData.CustomLevel": "Info"}
{"EventID": "1028", "Channel": "Microsoft-Windows-TerminalServices-RDPClient/Operational", "Provider_Name": "Microsoft-Windows-TerminalServices-ClientActiveXCore", "Computer": "DESKTOP-OFJ6N53", "TimeCreated": "2024-12-25 20:33:29.708782+00:00", "RecordID": "23951", "Level": "4", "UserID": "S-1-5-21-963789628-1060504924-4285088085-1001", "EventData.TraceMessage": "supported"}
{"EventID": "1029", "Channel": "Microsoft-Windows-TerminalServices-RDPClient/Operational", "Provider_Name": "Microsoft-Windows-TerminalServices-ClientActiveXCore", "Computer": "DESKTOP-OFJ6N53", "TimeCreated": "2024-12-25 20:33:35.778852+00:00", "RecordID": "23952", "Level": "4", "UserID": "S-1-5-21-963789628-1060504924-4285088085-1001", "EventData.TraceMessage": "Leo2urOcTjM0+q1p3gZ2CwCH2jMbSFQGcN1b+jo8bGA=-"}
{"EventID": "1102", "Channel": "Microsoft-Windows-TerminalServices-RDPClient/Operational", "Provider_Name": "Microsoft-Windows-TerminalServices-ClientActiveXCore", "Computer": "DESKTOP-OFJ6N53", "TimeCreated": "2024-12-25 20:33:36.056122+00:00", "RecordID": "23953", "Level": "4", "UserID": "S-1-5-21-963789628-1060504924-4285088085-1001", "EventData.Name": "ServerAddress", "EventData.Value": "10.120.9.26", "EventData.CustomLevel": "Info"}
{"EventID": "1025", "Channel": "Microsoft-Windows-TerminalServices-RDPClient/Operational", "Provider_Name": "Microsoft-Windows-TerminalServices-ClientActiveXCore", "Computer": "DESKTOP-OFJ6N53", "TimeCreated": "2024-12-25 20:33:36.137083+00:00", "RecordID": "23954", "Level": "4", "UserID": "S-1-5-21-963789628-1060504924-4285088085-1001"}
{"EventID": "1402", "Channel": "Microsoft-Windows-TerminalServices-RDPClient/Operational", "Provider_Name": "Microsoft-Windows-TerminalServices-ClientActiveXCore", "Computer": "DESKTOP-OFJ6N53", "TimeCreated": "2024-12-25 20:33:36.158192+00:00", "RecordID": "23955", "Level": "4", "UserID": "S-1-5-21-963789628-1060504924-4285088085-1001"}
{"EventID": "1401", "Channel": "Microsoft-Windows-TerminalServices-RDPClient/Operational", "Provider_Name": "Microsoft-Windows-TerminalServices-ClientActiveXCore", "Computer": "DESKTOP-OFJ6N53", "TimeCreated": "2024-12-25 20:33:36.161955+00:00", "RecordID": "23956", "Level": "4", "UserID": "S-1-5-21-963789628-1060504924-4285088085-1001", "EventData.Version": "0x000a0600", "EventData.ClientMode": "0", "EventData.AvcEnabled": "1"}
{"EventID": "1104", "Channel": "Microsoft-Windows-TerminalServices-RDPClient/Operational", "Provider_Name": "Microsoft-Windows-TerminalServices-ClientActiveXCore", "Computer": "DESKTOP-OFJ6N53", "TimeCreated": "2024-12-25 20:33:43.475992+00:00", "RecordID": "23957", "Level": "4", "UserID": "S-1-5-21-963789628-1060504924-4285088085-1001", "EventData.Name": "RequestID", "EventData.Value": "5", "EventData.CustomLevel": "Error"}
{"EventID": "1105", "Channel": "Microsoft-Windows-TerminalServices-RDPClient/Operational", "Provider_Name": "Microsoft-Windows-TerminalServices-ClientActiveXCore", "Computer": "DESKTOP-OFJ6N53", "TimeCreated": "2024-12-26 06:46:19.630322+00:00", "RecordID": "23958", "Level": "4", "UserID": "S-1-5-21-963789628-1060504924-4285088085-1001"}
{"EventID": "1026", "Channel": "Microsoft-Windows-TerminalServices-RDPClient/Operational", "Provider_Name": "Microsoft-Windows-TerminalServices-ClientActiveXCore", "Computer": "DESKTOP-OFJ6N53", "TimeCreated": "2024-12-26 06:46:19.630438+00:00", "RecordID": "23959", "Level": "4", "UserID": "S-1-5-21-963789628-1060504924-4285088085-1001", "EventData.Name": "Disconnect Reason", "EventData.Value": "2308", "EventData.CustomLevel": "Info"}
{"EventID": "1105", "Channel": "Microsoft-Windows-TerminalServices-RDPClient/Operational", "Provider_Name": "Microsoft-Windows-TerminalServices-ClientActiveXCore", "Computer": "DESKTOP-OFJ6N53", "TimeCreated": "2024-12-26 06:46:45.647873+00:00", "RecordID": "23960", "Level": "4", "UserID": "S-1-5-21-963789628-1060504924-4285088085-1001"}
{"EventID": "226", "Channel": "Microsoft-Windows-TerminalServices-RDPClient/Operational", "Provider_Name": "Microsoft-Windows-TerminalServices-ClientActiveXCore", "Computer": "DESKTOP-OFJ6N53", "TimeCreated": "2024-12-26 06:46:45.647879+00:00", "RecordID": "23961", "Level": "3", "UserID": "S-1-5-21-963789628-1060504924-4285088085-1001", "EventData.StateTransitionName": "RDPClient_TCP", "EventData.PreviousState": "1", "EventData.PreviousStateName": "TcpStateConnectingTransport", "EventData.NewState": "12", "EventData.NewStateName": "TcpStateDisconnected", "EventData.Event": "2", "EventData.EventName": "TcpEventConnectionTimeout", "EventData.Error Code": "2147500036"}
{"EventID": "1026", "Channel": "Microsoft-Windows-TerminalServices-RDPClient/Operational", "Provider_Name": "Microsoft-Windows-TerminalServices-ClientActiveXCore", "Computer": "DESKTOP-OFJ6N53", "TimeCreated": "2024-12-26 06:46:45.647970+00:00", "RecordID": "23962", "Level": "4", "UserID": "S-1-5-21-963789628-1060504924-4285088085-1001", "EventData.Name": "Disconnect Reason", "EventData.Value": "516", "EventData.CustomLevel": "Info"}
{"EventID": "1105", "Channel": "Microsoft-Windows-TerminalServices-RDPClient/Operational", "Provider_Name": "Microsoft-Windows-TerminalServices-ClientActiveXCore", "Computer": "DESKTOP-OFJ6N53", "TimeCreated": "2024-12-26 06:47:05.991701+00:00", "RecordID": "23963", "Level": "4", "UserID": "S-1-5-21-963789628-1060504924-4285088085-1001"}
{"EventID": "226", "Channel": "Microsoft-Windows-TerminalServices-RDPClient/Operational", "Provider_Name": "Microsoft-Windows-TerminalServices-ClientActiveXCore", "Computer": "DESKTOP-OFJ6N53", "TimeCreated": "2024-12-26 06:47:05.991705+00:00", "RecordID": "23964", "Level": "3", "UserID": "S-1-5-21-963789628-1060504924-4285088085-1001", "EventData.StateTransitionName": "RDPClient_TCP", "EventData.PreviousState": "1", "EventData.PreviousStateName": "TcpStateConnectingTransport", "EventData.NewState": "12", "EventData.NewStateName": "TcpStateDisconnected", "EventData.Event": "2", "EventData.EventName": "TcpEventConnectionTimeout", "EventData.Error Code": "2147500036"}
{"EventID": "1026", "Channel": "Microsoft-Windows-TerminalServices-RDPClient/Operational", "Provider_Name": "Microsoft-Windows-TerminalServices-ClientActiveXCore", "Computer": "DESKTOP-OFJ6N53", "TimeCreated": "2024-12-26 06:47:05.991804+00:00", "RecordID": "23965", "Level": "4", "UserID": "S-1-5-21-963789628-1060504924-4285088085-1001", "EventData.Name": "Disconnect Reason", "EventData.Value": "516", "EventData.CustomLevel": "Info"}
{"EventID": "1105", "Channel": "Microsoft-Windows-TerminalServices-RDPClient/Operational", "Provider_Name": "Microsoft-Windows-TerminalServices-ClientActiveXCore", "Computer": "DESKTOP-OFJ6N53", "TimeCreated": "2024-12-26 06:47:31.226429+00:00", "RecordID": "23966", "Level": "4", "UserID": "S-1-5-21-963789628-1060504924-4285088085-1001"}
{"EventID": "226", "Channel": "Microsoft-Windows-TerminalServices-RDPClient/Operational", "Provider_Name": "Microsoft-Windows-TerminalServices-ClientActiveXCore", "Computer": "DESKTOP-OFJ6N53", "TimeCreated": "2024-12-26 06:47:31.226433+00:00", "RecordID": "23967", "Level": "3", "UserID": "S-1-5-21-963789628-1060504924-4285088085-1001", "EventData.StateTransitionName": "RDPClient_TCP", "EventData.PreviousState": "1", "EventData.PreviousStateName": "TcpStateConnectingTransport", "EventData.NewState": "12", "EventData.NewStateName": "TcpStateDisconnected", "EventData.Event": "2", "EventData.EventName": "TcpEventConnectionTimeout", "EventData.Error Code": "2147500036"}
{"EventID": "1026", "Channel": "Microsoft-Windows-TerminalServices-RDPClient/Operational", "Provider_Name": "Microsoft-Windows-TerminalServices-ClientActiveXCore", "Computer": "DESKTOP-OFJ6N53", "TimeCreated": "2024-12-26 06:47:31.226521+00:00", "RecordID": "23968", "Level": "4", "UserID": "S-1-5-21-963789628-1060504924-4285088085-1001", "EventData.Name": "Disconnect Reason", "EventData.Value": "516", "EventData.CustomLevel": "Info"}
{"EventID": "1105", "Channel": "Microsoft-Windows-TerminalServices-RDPClient/Operational", "Provider_Name": "Microsoft-Windows-TerminalServices-ClientActiveXCore", "Computer": "DESKTOP-OFJ6N53", "TimeCreated": "2024-12-26 06:48:06.147720+00:00", "RecordID": "23969", "Level": "4", "UserID": "S-1-5-21-963789628-1060504924-4285088085-1001"}
{"EventID": "226", "Channel": "Microsoft-Windows-TerminalServices-RDPClient/Operational", "Provider_Name": "Microsoft-Windows-TerminalServices-ClientActiveXCore", "Computer": "DESKTOP-OFJ6N53", "TimeCreated": "2024-12-26 06:48:06.147724+00:00", "RecordID": "23970", "Level": "3", "UserID": "S-1-5-21-963789628-1060504924-4285088085-1001", "EventData.StateTransitionName": "RDPClient_TCP", "EventData.PreviousState": "1", "EventData.PreviousStateName": "TcpStateConnectingTransport", "EventData.NewState": "12", "EventData.NewStateName": "TcpStateDisconnected", "EventData.Event": "2", "EventData.EventName": "TcpEventConnectionTimeout", "EventData.Error Code": "2147500036"}
{"EventID": "1026", "Channel": "Microsoft-Windows-TerminalServices-RDPClient/Operational", "Provider_Name": "Microsoft-Windows-TerminalServices-ClientActiveXCore", "Computer": "DESKTOP-OFJ6N53", "TimeCreated": "2024-12-26 06:48:06.147854+00:00", "RecordID": "23971", "Level": "4", "UserID": "S-1-5-21-963789628-1060504924-4285088085-1001", "EventData.Name": "Disconnect Reason", "EventData.Value": "516", "EventData.CustomLevel": "Info"}
{"EventID": "1105", "Channel": "Microsoft-Windows-TerminalServices-RDPClient/Operational", "Provider_Name": "Microsoft-Windows-TerminalServices-ClientActiveXCore", "Computer": "DESKTOP-OFJ6N53", "TimeCreated": "2024-12-26 06:49:00.366302+00:00", "RecordID": "23972", "Level": "4", "UserID": "S-1-5-21-963789628-1060504924-4285088085-1001"}
{"EventID": "226", "Channel": "Microsoft-Windows-TerminalServices-RDPClient/Operational", "Provider_Name": "Microsoft-Windows-TerminalServices-ClientActiveXCore", "Computer": "DESKTOP-OFJ6N53", "TimeCreated": "2024-12-26 06:49:00.366306+00:00", "RecordID": "23973", "Level": "3", "UserID": "S-1-5-21-963789628-1060504924-4285088085-1001", "EventData.StateTransitionName": "RDPClient_TCP", "EventData.PreviousState": "1", "EventData.PreviousStateName": "TcpStateConnectingTransport", "EventData.NewState": "12", "EventData.NewStateName": "TcpStateDisconnected", "EventData.Event": "2", "EventData.EventName": "TcpEventConnectionTimeout", "EventData.Error Code": "2147500036"}
{"EventID": "1026", "Channel": "Microsoft-Windows-TerminalServices-RDPClient/Operational", "Provider_Name": "Microsoft-Windows-TerminalServices-ClientActiveXCore", "Computer": "DESKTOP-OFJ6N53", "TimeCreated": "2024-12-26 06:49:00.366385+00:00", "RecordID": "23974", "Level": "4", "UserID": "S-1-5-21-963789628-1060504924-4285088085-1001", "EventData.Name": "Disconnect Reason", "EventData.Value": "516", "EventData.CustomLevel": "Info"}
{"EventID": "1024", "Channel": "Microsoft-Windows-TerminalServices-RDPClient/Operational", "Provider_Name": "Microsoft-Windows-TerminalServices-ClientActiveXCore", "Computer": "DESKTOP-OFJ6N53", "TimeCreated": "2025-01-09 14:59:25.605406+00:00", "RecordID": "23975", "Level": "4", "UserID": "S-1-5-21-963789628-1060504924-4285088085-1001", "EventData.Name": "Server Name", "EventData.Value": "10.40.128.62", "EventData.CustomLevel": "Info"}
{"EventID": "1028", "Channel": "Microsoft-Windows-TerminalServices-RDPClient/Operational", "Provider_Name": "Microsoft-Windows-TerminalServices-ClientActiveXCore", "Computer": "DESKTOP-OFJ6N53", "TimeCreated": "2025-01-09 14:59:25.700851+00:00", "RecordID": "23976", "Level": "4", "UserID": "S-1-5-21-963789628-1060504924-4285088085-1001", "EventData.TraceMessage": "supported"}
{"EventID": "1029", "Channel": "Microsoft-Windows-TerminalServices-RDPClient/Operational", "Provider_Name": "Microsoft-Windows-TerminalServices-ClientActiveXCore", "Computer": "DESKTOP-OFJ6N53", "TimeCreated": "2025-01-09 15:01:14.721142+00:00", "RecordID": "23977", "Level": "4", "UserID": "S-1-5-21-963789628-1060504924-4285088085-1001", "EventData.TraceMessage": "Fz7BA1Oa3o5XkKYnbl1rGtQkybqBn9+Dx4lOWjoOijY=-"}
{"EventID": "1105", "Channel": "Microsoft-Windows-TerminalServices-RDPClient/Operational", "Provider_Name": "Microsoft-Windows-TerminalServices-ClientActiveXCore", "Computer": "DESKTOP-OFJ6N53", "TimeCreated": "2025-01-09 15:01:14.721640+00:00", "RecordID": "23978", "Level": "4", "UserID": "S-1-5-21-963789628-1060504924-4285088085-1001"}
{"EventID": "226", "Channel": "Microsoft-Windows-TerminalServices-RDPClient/Operational", "Provider_Name": "Microsoft-Windows-TerminalServices-ClientActiveXCore", "Computer": "DESKTOP-OFJ6N53", "TimeCreated": "2025-01-09 15:01:14.721674+00:00", "RecordID": "23979", "Level": "3", "UserID": "S-1-5-21-963789628-1060504924-4285088085-1001", "EventData.StateTransitionName": "RDPClient_TCP", "EventData.PreviousState": "2", "EventData.PreviousStateName": "TcpStateFrontAuth", "EventData.NewState": "13", "EventData.NewStateName": "TcpStateFailure", "EventData.Event": "7", "EventData.EventName": "TcpEventFrontAuthFailed", "EventData.Error Code": "0"}
{"EventID": "1026", "Channel": "Microsoft-Windows-TerminalServices-RDPClient/Operational", "Provider_Name": "Microsoft-Windows-TerminalServices-ClientActiveXCore", "Computer": "DESKTOP-OFJ6N53", "TimeCreated": "2025-01-09 15:01:14.721861+00:00", "RecordID": "23980", "Level": "4", "UserID": "S-1-5-21-963789628-1060504924-4285088085-1001", "EventData.Name": "Disconnect Reason", "EventData.Value": "8199", "EventData.CustomLevel": "Info"}
{"EventID": "1028", "Channel": "Microsoft-Windows-TerminalServices-RDPClient/Operational", "Provider_Name": "Microsoft-Windows-TerminalServices-ClientActiveXCore", "Computer": "DESKTOP-OFJ6N53", "TimeCreated": "2025-01-09 15:01:14.747274+00:00", "RecordID": "23981", "Level": "4", "UserID": "S-1-5-21-963789628-1060504924-4285088085-1001", "EventData.TraceMessage": "supported"}
{"EventID": "1029", "Channel": "Microsoft-Windows-TerminalServices-RDPClient/Operational", "Provider_Name": "Microsoft-Windows-TerminalServices-ClientActiveXCore", "Computer": "DESKTOP-OFJ6N53", "TimeCreated": "2025-01-09 15:01:14.747566+00:00", "RecordID": "23982", "Level": "4", "UserID": "S-1-5-21-963789628-1060504924-4285088085-1001", "EventData.TraceMessage": "Fz7BA1Oa3o5XkKYnbl1rGtQkybqBn9+Dx4lOWjoOijY=-"}
{"EventID": "226", "Channel": "Microsoft-Windows-TerminalServices-RDPClient/Operational", "Provider_Name": "Microsoft-Windows-TerminalServices-ClientActiveXCore", "Computer": "DESKTOP-OFJ6N53", "TimeCreated": "2025-01-09 15:01:14.887899+00:00", "RecordID": "23983", "Level": "3", "UserID": "S-1-5-21-963789628-1060504924-4285088085-1001", "EventData.StateTransitionName": "RDPClient_SSL", "EventData.PreviousState": "3", "EventData.PreviousStateName": "TsSslStateHandshakeInProgress", "EventData.NewState": "10", "EventData.NewStateName": "TsSslStateDisconnecting", "EventData.Event": "8", "EventData.EventName": "TsSslEventHandshakeContinueFailed", "EventData.Error Code": "2147500037"}
{"EventID": "1105", "Channel": "Microsoft-Windows-TerminalServices-RDPClient/Operational", "Provider_Name": "Microsoft-Windows-TerminalServices-ClientActiveXCore", "Computer": "DESKTOP-OFJ6N53", "TimeCreated": "2025-01-09 15:01:14.888174+00:00", "RecordID": "23984", "Level": "4", "UserID": "S-1-5-21-963789628-1060504924-4285088085-1001"}
{"EventID": "1026", "Channel": "Microsoft-Windows-TerminalServices-RDPClient/Operational", "Provider_Name": "Microsoft-Windows-TerminalServices-ClientActiveXCore", "Computer": "DESKTOP-OFJ6N53", "TimeCreated": "2025-01-09 15:01:55.874836+00:00", "RecordID": "23985", "Level": "4", "UserID": "S-1-5-21-963789628-1060504924-4285088085-1001", "EventData.Name": "Disconnect Reason", "EventData.Value": "2055", "EventData.CustomLevel": "Info"}
{"EventID": "1028", "Channel": "Microsoft-Windows-TerminalServices-RDPClient/Operational", "Provider_Name": "Microsoft-Windows-TerminalServices-ClientActiveXCore", "Computer": "DESKTOP-OFJ6N53", "TimeCreated": "2025-01-09 15:01:55.895943+00:00", "RecordID": "23986", "Level": "4", "UserID": "S-1-5-21-963789628-1060504924-4285088085-1001", "EventData.TraceMessage": "supported"}
{"EventID": "1029", "Channel": "Microsoft-Windows-TerminalServices-RDPClient/Operational", "Provider_Name": "Microsoft-Windows-TerminalServices-ClientActiveXCore", "Computer": "DESKTOP-OFJ6N53", "TimeCreated": "2025-01-09 15:01:55.896299+00:00", "RecordID": "23987", "Level": "4", "UserID": "S-1-5-21-963789628-1060504924-4285088085-1001", "EventData.TraceMessage": "Fz7BA1Oa3o5XkKYnbl1rGtQkybqBn9+Dx4lOWjoOijY=-"}
{"EventID": "226", "Channel": "Microsoft-Windows-TerminalServices-RDPClient/Operational", "Provider_Name": "Microsoft-Windows-TerminalServices-ClientActiveXCore", "Computer": "DESKTOP-OFJ6N53", "TimeCreated": "2025-01-09 15:01:55.947599+00:00", "RecordID": "23988", "Level": "3", "UserID": "S-1-5-21-963789628-1060504924-4285088085-1001", "EventData.StateTransitionName": "RDPClient_SSL", "EventData.PreviousState": "3", "EventData.PreviousStateName": "TsSslStateHandshakeInProgress", "EventData.NewState": "10", "EventData.NewStateName": "TsSslStateDisconnecting", "EventData.Event": "8", "EventData.EventName": "TsSslEventHandshakeContinueFailed", "EventData.Error Code": "2147500037"}
{"EventID": "1105", "Channel": "Microsoft-Windows-TerminalServices-RDPClient/Operational", "Provider_Name": "Microsoft-Windows-TerminalServices-ClientActiveXCore", "Computer": "DESKTOP-OFJ6N53", "TimeCreated": "2025-01-09 15:01:55.948002+00:00", "RecordID": "23989", "Level": "4", "UserID": "S-1-5-21-963789628-1060504924-4285088085-1001"}
{"EventID": "1026", "Channel": "Microsoft-Windows-TerminalServices-RDPClient/Operational", "Provider_Name": "Microsoft-Windows-TerminalServices-ClientActiveXCore", "Computer": "DESKTOP-OFJ6N53", "TimeCreated": "2025-01-09 15:03:45.936762+00:00", "RecordID": "23990", "Level": "4", "UserID": "S-1-5-21-963789628-1060504924-4285088085-1001", "EventData.Name": "Disconnect Reason", "EventData.Value": "2055", "EventData.CustomLevel": "Info"}
{"EventID": "1028", "Channel": "Microsoft-Windows-TerminalServices-RDPClient/Operational", "Provider_Name": "Microsoft-Windows-TerminalServices-ClientActiveXCore", "Computer": "DESKTOP-OFJ6N53", "TimeCreated": "2025-01-09 15:03:45.956293+00:00", "RecordID": "23991", "Level": "4", "UserID": "S-1-5-21-963789628-1060504924-4285088085-1001", "EventData.TraceMessage": "supported"}
{"EventID": "1029", "Channel": "Microsoft-Windows-TerminalServices-RDPClient/Operational", "Provider_Name": "Microsoft-Windows-TerminalServices-ClientActiveXCore", "Computer": "DESKTOP-OFJ6N53", "TimeCreated": "2025-01-09 15:03:45.956730+00:00", "RecordID": "23992", "Level": "4", "UserID": "S-1-5-21-963789628-1060504924-4285088085-1001", "EventData.TraceMessage": "Fz7BA1Oa3o5XkKYnbl1rGtQkybqBn9+Dx4lOWjoOijY=-ND+Fsx5czjIs/pxqOOU5vxgyf5YeeuD0S58C0olDUrE="}
{"EventID": "226", "Channel": "Microsoft-Windows-TerminalServices-RDPClient/Operational", "Provider_Name": "Microsoft-Windows-TerminalServices-ClientActiveXCore", "Computer": "DESKTOP-OFJ6N53", "TimeCreated": "2025-01-09 15:04:16.336159+00:00", "RecordID": "23993", "Level": "3", "UserID": "S-1-5-21-963789628-1060504924-4285088085-1001", "EventData.StateTransitionName": "RDPClient_SSL", "EventData.PreviousState": "3", "EventData.PreviousStateName": "TsSslStateHandshakeInProgress", "EventData.NewState": "10", "EventData.NewStateName": "TsSslStateDisconnecting", "EventData.Event": "8", "EventData.EventName": "TsSslEventHandshakeContinueFailed", "EventData.Error Code": "2147500037"}
{"EventID": "1105", "Channel": "Microsoft-Windows-TerminalServices-RDPClient/Operational", "Provider_Name": "Microsoft-Windows-TerminalServices-ClientActiveXCore", "Computer": "DESKTOP-OFJ6N53", "TimeCreated": "2025-01-09 15:04:16.336454+00:00", "RecordID": "23994", "Level": "4", "UserID": "S-1-5-21-963789628-1060504924-4285088085-1001"}
{"EventID": "1026", "Channel": "Microsoft-Windows-TerminalServices-RDPClient/Operational", "Provider_Name": "Microsoft-Windows-TerminalServices-ClientActiveXCore", "Computer": "DESKTOP-OFJ6N53", "TimeCreated": "2025-01-09 15:04:40.372850+00:00", "RecordID": "23995", "Level": "4", "UserID": "S-1-5-21-963789628-1060504924-4285088085-1001", "EventData.Name": "Disconnect Reason", "EventData.Value": "2055", "EventData.CustomLevel": "Info"}
{"EventID": "1028", "Channel": "Microsoft-Windows-TerminalServices-RDPClient/Operational", "Provider_Name": "Microsoft-Windows-TerminalServices-ClientActiveXCore", "Computer": "DESKTOP-OFJ6N53", "TimeCreated": "2025-01-09 15:04:40.390087+00:00", "RecordID": "23996", "Level": "4", "UserID": "S-1-5-21-963789628-1060504924-4285088085-1001", "EventData.TraceMessage": "supported"}
{"EventID": "1029", "Channel": "Microsoft-Windows-TerminalServices-RDPClient/Operational", "Provider_Name": "Microsoft-Windows-TerminalServices-ClientActiveXCore", "Computer": "DESKTOP-OFJ6N53", "TimeCreated": "2025-01-09 15:04:40.390530+00:00", "RecordID": "23997", "Level": "4", "UserID": "S-1-5-21-963789628-1060504924-4285088085-1001", "EventData.TraceMessage": "Fz7BA1Oa3o5XkKYnbl1rGtQkybqBn9+Dx4lOWjoOijY=-ND+Fsx5czjIs/pxqOOU5vxgyf5YeeuD0S58C0olDUrE="}
{"EventID": "226", "Channel": "Microsoft-Windows-TerminalServices-RDPClient/Operational", "Provider_Name": "Microsoft-Windows-TerminalServices-ClientActiveXCore", "Computer": "DESKTOP-OFJ6N53", "TimeCreated": "2025-01-09 15:04:45.449152+00:00", "RecordID": "23998", "Level": "3", "UserID": "S-1-5-21-963789628-1060504924-4285088085-1001", "EventData.StateTransitionName": "RDPClient_SSL", "EventData.PreviousState": "3", "EventData.PreviousStateName": "TsSslStateHandshakeInProgress", "EventData.NewState": "10", "EventData.NewStateName": "TsSslStateDisconnecting", "EventData.Event": "8", "EventData.EventName": "TsSslEventHandshakeContinueFailed", "EventData.Error Code": "2147500037"}
{"EventID": "1105", "Channel": "Microsoft-Windows-TerminalServices-RDPClient/Operational", "Provider_Name": "Microsoft-Windows-TerminalServices-ClientActiveXCore", "Computer": "DESKTOP-OFJ6N53", "TimeCreated": "2025-01-09 15:04:45.449480+00:00", "RecordID": "23999", "Level": "4", "UserID": "S-1-5-21-963789628-1060504924-4285088085-1001"}
{"EventID": "1026", "Channel": "Microsoft-Windows-TerminalServices-RDPClient/Operational", "Provider_Name": "Microsoft-Windows-TerminalServices-ClientActiveXCore", "Computer": "DESKTOP-OFJ6N53", "TimeCreated": "2025-01-09 15:05:16.216959+00:00", "RecordID": "24000", "Level": "4", "UserID": "S-1-5-21-963789628-1060504924-4285088085-1001", "EventData.Name": "Disconnect Reason", "EventData.Value": "2055", "EventData.CustomLevel": "Info"}
{"EventID": "1028", "Channel": "Microsoft-Windows-TerminalServices-RDPClient/Operational", "Provider_Name": "Microsoft-Windows-TerminalServices-ClientActiveXCore", "Computer": "DESKTOP-OFJ6N53", "TimeCreated": "2025-01-09 15:05:16.238550+00:00", "RecordID": "24001", "Level": "4", "UserID": "S-1-5-21-963789628-1060504924-4285088085-1001", "EventData.TraceMessage": "supported"}
{"EventID": "1029", "Channel": "Microsoft-Windows-TerminalServices-RDPClient/Operational", "Provider_Name": "Microsoft-Windows-TerminalServices-ClientActiveXCore", "Computer": "DESKTOP-OFJ6N53", "TimeCreated": "2025-01-09 15:05:16.239378+00:00", "RecordID": "24002", "Level": "4", "UserID": "S-1-5-21-963789628-1060504924-4285088085-1001", "EventData.TraceMessage": "Fz7BA1Oa3o5XkKYnbl1rGtQkybqBn9+Dx4lOWjoOijY=-ND+Fsx5czjIs/pxqOOU5vxgyf5YeeuD0S58C0olDUrE="}
{"EventID": "226", "Channel": "Microsoft-Windows-TerminalServices-RDPClient/Operational", "Provider_Name": "Microsoft-Windows-TerminalServices-ClientActiveXCore", "Computer": "DESKTOP-OFJ6N53", "TimeCreated": "2025-01-09 15:05:21.319368+00:00", "RecordID": "24003", "Level": "3", "UserID": "S-1-5-21-963789628-1060504924-4285088085-1001", "EventData.StateTransitionName": "RDPClient_SSL", "EventData.PreviousState": "3", "EventData.PreviousStateName": "TsSslStateHandshakeInProgress", "EventData.NewState": "10", "EventData.NewStateName": "TsSslStateDisconnecting", "EventData.Event": "8", "EventData.EventName": "TsSslEventHandshakeContinueFailed", "EventData.Error Code": "2147500037"}
{"EventID": "1105", "Channel": "Microsoft-Windows-TerminalServices-RDPClient/Operational", "Provider_Name": "Microsoft-Windows-TerminalServices-ClientActiveXCore", "Computer": "DESKTOP-OFJ6N53", "TimeCreated": "2025-01-09 15:05:21.319616+00:00", "RecordID": "24004", "Level": "4", "UserID": "S-1-5-21-963789628-1060504924-4285088085-1001"}
{"EventID": "1026", "Channel": "Microsoft-Windows-TerminalServices-RDPClient/Operational", "Provider_Name": "Microsoft-Windows-TerminalServices-ClientActiveXCore", "Computer": "DESKTOP-OFJ6N53", "TimeCreated": "2025-01-09 15:06:59.225182+00:00", "RecordID": "24005", "Level": "4", "UserID": "S-1-5-21-963789628-1060504924-4285088085-1001", "EventData.Name": "Disconnect Reason", "EventData.Value": "2055", "EventData.CustomLevel": "Info"}
{"EventID": "1028", "Channel": "Microsoft-Windows-TerminalServices-RDPClient/Operational", "Provider_Name": "Microsoft-Windows-TerminalServices-ClientActiveXCore", "Computer": "DESKTOP-OFJ6N53", "TimeCreated": "2025-01-09 15:06:59.248070+00:00", "RecordID": "24006", "Level": "4", "UserID": "S-1-5-21-963789628-1060504924-4285088085-1001", "EventData.TraceMessage": "supported"}
{"EventID": "1029", "Channel": "Microsoft-Windows-TerminalServices-RDPClient/Operational", "Provider_Name": "Microsoft-Windows-TerminalServices-ClientActiveXCore", "Computer": "DESKTOP-OFJ6N53", "TimeCreated": "2025-01-09 15:06:59.248486+00:00", "RecordID": "24007", "Level": "4", "UserID": "S-1-5-21-963789628-1060504924-4285088085-1001", "EventData.TraceMessage": "YCLhOd8GzqL7p78X+6AXrUUvCJ0eUPDXPGVk4rlFFiU=-ND+Fsx5czjIs/pxqOOU5vxgyf5YeeuD0S58C0olDUrE="}
{"EventID": "226", "Channel": "Microsoft-Windows-TerminalServices-RDPClient/Operational", "Provider_Name": "Microsoft-Windows-TerminalServices-ClientActiveXCore", "Computer": "DESKTOP-OFJ6N53", "TimeCreated": "2025-01-09 15:06:59.332077+00:00", "RecordID": "24008", "Level": "3", "UserID": "S-1-5-21-963789628-1060504924-4285088085-1001", "EventData.StateTransitionName": "RDPClient_SSL", "EventData.PreviousState": "3", "EventData.PreviousStateName": "TsSslStateHandshakeInProgress", "EventData.NewState": "10", "EventData.NewStateName": "TsSslStateDisconnecting", "EventData.Event": "8", "EventData.EventName": "TsSslEventHandshakeContinueFailed", "EventData.Error Code": "2147500037"}
{"EventID": "1105", "Channel": "Microsoft-Windows-TerminalServices-RDPClient/Operational", "Provider_Name": "Microsoft-Windows-TerminalServices-ClientActiveXCore", "Computer": "DESKTOP-OFJ6N53", "TimeCreated": "2025-01-09 15:06:59.332294+00:00", "RecordID": "24009", "Level": "4", "UserID": "S-1-5-21-963789628-1060504924-4285088085-1001"}
{"EventID": "1026", "Channel": "Microsoft-Windows-TerminalServices-RDPClient/Operational", "Provider_Name": "Microsoft-Windows-TerminalServices-ClientActiveXCore", "Computer": "DESKTOP-OFJ6N53", "TimeCreated": "2025-01-09 15:07:05.184216+00:00", "RecordID": "24010", "Level": "4", "UserID": "S-1-5-21-963789628-1060504924-4285088085-1001", "EventData.Name": "Disconnect Reason", "EventData.Value": "2055", "EventData.CustomLevel": "Info"}
{"EventID": "1028", "Channel": "Microsoft-Windows-TerminalServices-RDPClient/Operational", "Provider_Name": "Microsoft-Windows-TerminalServices-ClientActiveXCore", "Computer": "DESKTOP-OFJ6N53", "TimeCreated": "2025-01-09 15:07:05.204058+00:00", "RecordID": "24011", "Level": "4", "UserID": "S-1-5-21-963789628-1060504924-4285088085-1001", "EventData.TraceMessage": "supported"}
{"EventID": "1029", "Channel": "Microsoft-Windows-TerminalServices-RDPClient/Operational", "Provider_Name": "Microsoft-Windows-TerminalServices-ClientActiveXCore", "Computer": "DESKTOP-OFJ6N53", "TimeCreated": "2025-01-09 15:07:05.204407+00:00", "RecordID": "24012", "Level": "4", "UserID": "S-1-5-21-963789628-1060504924-4285088085-1001", "EventData.TraceMessage": "YCLhOd8GzqL7p78X+6AXrUUvCJ0eUPDXPGVk4rlFFiU=-ND+Fsx5czjIs/pxqOOU5vxgyf5YeeuD0S58C0olDUrE="}
{"EventID": "226", "Channel": "Microsoft-Windows-TerminalServices-RDPClient/Operational", "Provider_Name": "Microsoft-Windows-TerminalServices-ClientActiveXCore", "Computer": "DESKTOP-OFJ6N53", "TimeCreated": "2025-01-09 15:07:05.298595+00:00", "RecordID": "24013", "Level": "3", "UserID": "S-1-5-21-963789628-1060504924-4285088085-1001", "EventData.StateTransitionName": "RDPClient_SSL", "EventData.PreviousState": "3", "EventData.PreviousStateName": "TsSslStateHandshakeInProgress", "EventData.NewState": "10", "EventData.NewStateName": "TsSslStateDisconnecting", "EventData.Event": "8", "EventData.EventName": "TsSslEventHandshakeContinueFailed", "EventData.Error Code": "2147500037"}
{"EventID": "1105", "Channel": "Microsoft-Windows-TerminalServices-RDPClient/Operational", "Provider_Name": "Microsoft-Windows-TerminalServices-ClientActiveXCore", "Computer": "DESKTOP-OFJ6N53", "TimeCreated": "2025-01-09 15:07:05.298927+00:00", "RecordID": "24014", "Level": "4", "UserID": "S-1-5-21-963789628-1060504924-4285088085-1001"}
{"EventID": "1026", "Channel": "Microsoft-Windows-TerminalServices-RDPClient/Operational", "Provider_Name": "Microsoft-Windows-TerminalServices-ClientActiveXCore", "Computer": "DESKTOP-OFJ6N53", "TimeCreated": "2025-01-09 15:07:10.311077+00:00", "RecordID": "24015", "Level": "4", "UserID": "S-1-5-21-963789628-1060504924-4285088085-1001", "EventData.Name": "Disconnect Reason", "EventData.Value": "2055", "EventData.CustomLevel": "Info"}
{"EventID": "1028", "Channel": "Microsoft-Windows-TerminalServices-RDPClient/Operational", "Provider_Name": "Microsoft-Windows-TerminalServices-ClientActiveXCore", "Computer": "DESKTOP-OFJ6N53", "TimeCreated": "2025-01-09 15:07:10.331455+00:00", "RecordID": "24016", "Level": "4", "UserID": "S-1-5-21-963789628-1060504924-4285088085-1001", "EventData.TraceMessage": "supported"}
{"EventID": "1029", "Channel": "Microsoft-Windows-TerminalServices-RDPClient/Operational", "Provider_Name": "Microsoft-Windows-TerminalServices-ClientActiveXCore", "Computer": "DESKTOP-OFJ6N53", "TimeCreated": "2025-01-09 15:07:10.331753+00:00", "RecordID": "24017", "Level": "4", "UserID": "S-1-5-21-963789628-1060504924-4285088085-1001", "EventData.TraceMessage": "YCLhOd8GzqL7p78X+6AXrUUvCJ0eUPDXPGVk4rlFFiU=-ND+Fsx5czjIs/pxqOOU5vxgyf5YeeuD0S58C0olDUrE="}
{"EventID": "226", "Channel": "Microsoft-Windows-TerminalServices-RDPClient/Operational", "Provider_Name": "Microsoft-Windows-TerminalServices-ClientActiveXCore", "Computer": "DESKTOP-OFJ6N53", "TimeCreated": "2025-01-09 15:07:10.426733+00:00", "RecordID": "24018", "Level": "3", "UserID": "S-1-5-21-963789628-1060504924-4285088085-1001", "EventData.StateTransitionName": "RDPClient_SSL", "EventData.PreviousState": "3", "EventData.PreviousStateName": "TsSslStateHandshakeInProgress", "EventData.NewState": "10", "EventData.NewStateName": "TsSslStateDisconnecting", "EventData.Event": "8", "EventData.EventName": "TsSslEventHandshakeContinueFailed", "EventData.Error Code": "2147500037"}
{"EventID": "1105", "Channel": "Microsoft-Windows-TerminalServices-RDPClient/Operational", "Provider_Name": "Microsoft-Windows-TerminalServices-ClientActiveXCore", "Computer": "DESKTOP-OFJ6N53", "TimeCreated": "2025-01-09 15:07:10.427090+00:00", "RecordID": "24019", "Level": "4", "UserID": "S-1-5-21-963789628-1060504924-4285088085-1001"}
{"EventID": "1026", "Channel": "Microsoft-Windows-TerminalServices-RDPClient/Operational", "Provider_Name": "Microsoft-Windows-TerminalServices-ClientActiveXCore", "Computer": "DESKTOP-OFJ6N53", "TimeCreated": "2025-01-09 15:07:10.427193+00:00", "RecordID": "24020", "Level": "4", "UserID": "S-1-5-21-963789628-1060504924-4285088085-1001", "EventData.Name": "Disconnect Reason", "EventData.Value": "3335", "EventData.CustomLevel": "Info"}
{"EventID": "1024", "Channel": "Microsoft-Windows-TerminalServices-RDPClient/Operational", "Provider_Name": "Microsoft-Windows-TerminalServices-ClientActiveXCore", "Computer": "DESKTOP-OFJ6N53", "TimeCreated": "2025-01-13 10:58:25.805378+00:00", "RecordID": "24021", "Level": "4", "UserID": "S-1-5-21-963789628-1060504924-4285088085-1001", "EventData.Name": "Server Name", "EventData.Value": "10.40.128.62", "EventData.CustomLevel": "Info"}
{"EventID": "1028", "Channel": "Microsoft-Windows-TerminalServices-RDPClient/Operational", "Provider_Name": "Microsoft-Windows-TerminalServices-ClientActiveXCore", "Computer": "DESKTOP-OFJ6N53", "TimeCreated": "2025-01-13 10:58:25.864037+00:00", "RecordID": "24022", "Level": "4", "UserID": "S-1-5-21-963789628-1060504924-4285088085-1001", "EventData.TraceMessage": "supported"}
{"EventID": "1029", "Channel": "Microsoft-Windows-TerminalServices-RDPClient/Operational", "Provider_Name": "Microsoft-Windows-TerminalServices-ClientActiveXCore", "Computer": "DESKTOP-OFJ6N53", "TimeCreated": "2025-01-13 10:59:29.893192+00:00", "RecordID": "24023", "Level": "4", "UserID": "S-1-5-21-963789628-1060504924-4285088085-1001", "EventData.TraceMessage": "YCLhOd8GzqL7p78X+6AXrUUvCJ0eUPDXPGVk4rlFFiU=-ND+Fsx5czjIs/pxqOOU5vxgyf5YeeuD0S58C0olDUrE="}
{"EventID": "226", "Channel": "Microsoft-Windows-TerminalServices-RDPClient/Operational", "Provider_Name": "Microsoft-Windows-TerminalServices-ClientActiveXCore", "Computer": "DESKTOP-OFJ6N53", "TimeCreated": "2025-01-13 10:59:30.072018+00:00", "RecordID": "24024", "Level": "3", "UserID": "S-1-5-21-963789628-1060504924-4285088085-1001", "EventData.StateTransitionName": "RDPClient_SSL", "EventData.PreviousState": "3", "EventData.PreviousStateName": "TsSslStateHandshakeInProgress", "EventData.NewState": "10", "EventData.NewStateName": "TsSslStateDisconnecting", "EventData.Event": "8", "EventData.EventName": "TsSslEventHandshakeContinueFailed", "EventData.Error Code": "2147500037"}
{"EventID": "1105", "Channel": "Microsoft-Windows-TerminalServices-RDPClient/Operational", "Provider_Name": "Microsoft-Windows-TerminalServices-ClientActiveXCore", "Computer": "DESKTOP-OFJ6N53", "TimeCreated": "2025-01-13 10:59:30.072229+00:00", "RecordID": "24025", "Level": "4", "UserID": "S-1-5-21-963789628-1060504924-4285088085-1001"}
{"EventID": "1026", "Channel": "Microsoft-Windows-TerminalServices-RDPClient/Operational", "Provider_Name": "Microsoft-Windows-TerminalServices-ClientActiveXCore", "Computer": "DESKTOP-OFJ6N53", "TimeCreated": "2025-01-13 10:59:31.237032+00:00", "RecordID": "24026", "Level": "4", "UserID": "S-1-5-21-963789628-1060504924-4285088085-1001", "EventData.Name": "Disconnect Reason", "EventData.Value": "263", "EventData.CustomLevel": "Info"}
{"EventID": "1028", "Channel": "Microsoft-Windows-TerminalServices-RDPClient/Operational", "Provider_Name": "Microsoft-Windows-TerminalServices-ClientActiveXCore", "Computer": "DESKTOP-OFJ6N53", "TimeCreated": "2025-01-13 10:59:31.257240+00:00", "RecordID": "24027", "Level": "4", "UserID": "S-1-5-21-963789628-1060504924-4285088085-1001", "EventData.TraceMessage": "supported"}
{"EventID": "1029", "Channel": "Microsoft-Windows-TerminalServices-RDPClient/Operational", "Provider_Name": "Microsoft-Windows-TerminalServices-ClientActiveXCore", "Computer": "DESKTOP-OFJ6N53", "TimeCreated": "2025-01-13 10:59:31.257591+00:00", "RecordID": "24028", "Level": "4", "UserID": "S-1-5-21-963789628-1060504924-4285088085-1001", "EventData.TraceMessage": "YCLhOd8GzqL7p78X+6AXrUUvCJ0eUPDXPGVk4rlFFiU=-ND+Fsx5czjIs/pxqOOU5vxgyf5YeeuD0S58C0olDUrE="}
{"EventID": "1102", "Channel": "Microsoft-Windows-TerminalServices-RDPClient/Operational", "Provider_Name": "Microsoft-Windows-TerminalServices-ClientActiveXCore", "Computer": "DESKTOP-OFJ6N53", "TimeCreated": "2025-01-13 10:59:31.646339+00:00", "RecordID": "24029", "Level": "4", "UserID": "S-1-5-21-963789628-1060504924-4285088085-1001", "EventData.Name": "ServerAddress", "EventData.Value": "10.40.128.62", "EventData.CustomLevel": "Info"}
{"EventID": "1102", "Channel": "Microsoft-Windows-TerminalServices-RDPClient/Operational", "Provider_Name": "Microsoft-Windows-TerminalServices-ClientActiveXCore", "Computer": "DESKTOP-OFJ6N53", "TimeCreated": "2025-01-13 10:59:31.657610+00:00", "RecordID": "24030", "Level": "4", "UserID": "S-1-5-21-963789628-1060504924-4285088085-1001", "EventData.Name": "ServerAddress", "EventData.Value": "10.40.128.62", "EventData.CustomLevel": "Info"}
{"EventID": "1103", "Channel": "Microsoft-Windows-TerminalServices-RDPClient/Operational", "Provider_Name": "Microsoft-Windows-TerminalServices-ClientActiveXCore", "Computer": "DESKTOP-OFJ6N53", "TimeCreated": "2025-01-13 10:59:31.738914+00:00", "RecordID": "24031", "Level": "4", "UserID": "S-1-5-21-963789628-1060504924-4285088085-1001"}
{"EventID": "1103", "Channel": "Microsoft-Windows-TerminalServices-RDPClient/Operational", "Provider_Name": "Microsoft-Windows-TerminalServices-ClientActiveXCore", "Computer": "DESKTOP-OFJ6N53", "TimeCreated": "2025-01-13 10:59:31.752373+00:00", "RecordID": "24032", "Level": "4", "UserID": "S-1-5-21-963789628-1060504924-4285088085-1001"}
{"EventID": "1025", "Channel": "Microsoft-Windows-TerminalServices-RDPClient/Operational", "Provider_Name": "Microsoft-Windows-TerminalServices-ClientActiveXCore", "Computer": "DESKTOP-OFJ6N53", "TimeCreated": "2025-01-13 10:59:32.445204+00:00", "RecordID": "24033", "Level": "4", "UserID": "S-1-5-21-963789628-1060504924-4285088085-1001"}
{"EventID": "1402", "Channel": "Microsoft-Windows-TerminalServices-RDPClient/Operational", "Provider_Name": "Microsoft-Windows-TerminalServices-ClientActiveXCore", "Computer": "DESKTOP-OFJ6N53", "TimeCreated": "2025-01-13 10:59:32.530872+00:00", "RecordID": "24034", "Level": "4", "UserID": "S-1-5-21-963789628-1060504924-4285088085-1001"}
{"EventID": "1401", "Channel": "Microsoft-Windows-TerminalServices-RDPClient/Operational", "Provider_Name": "Microsoft-Windows-TerminalServices-ClientActiveXCore", "Computer": "DESKTOP-OFJ6N53", "TimeCreated": "2025-01-13 10:59:32.553452+00:00", "RecordID": "24035", "Level": "4", "UserID": "S-1-5-21-963789628-1060504924-4285088085-1001", "EventData.Version": "0x00080105", "EventData.ClientMode": "0", "EventData.AvcEnabled": "0"}
{"EventID": "1027", "Channel": "Microsoft-Windows-TerminalServices-RDPClient/Operational", "Provider_Name": "Microsoft-Windows-TerminalServices-ClientActiveXCore", "Computer": "DESKTOP-OFJ6N53", "TimeCreated": "2025-01-13 10:59:42.275768+00:00", "RecordID": "24036", "Level": "4", "UserID": "S-1-5-21-963789628-1060504924-4285088085-1001", "EventData.DomainName": "HSC-COPTER", "EventData.SessionId": "33"}
{"EventID": "226", "Channel": "Microsoft-Windows-TerminalServices-RDPClient/Operational", "Provider_Name": "Microsoft-Windows-TerminalServices-ClientActiveXCore", "Computer": "DESKTOP-OFJ6N53", "TimeCreated": "2025-01-13 12:28:08.837942+00:00", "RecordID": "24037", "Level": "3", "UserID": "S-1-5-21-963789628-1060504924-4285088085-1001", "EventData.StateTransitionName": "RDPClient_SSL", "EventData.PreviousState": "0", "EventData.PreviousStateName": "TsSslStateDisconnected", "EventData.NewState": "0", "EventData.NewStateName": "TsSslStateDisconnected", "EventData.Event": "25", "EventData.EventName": "TsSslEventInvalidState", "EventData.Error Code": "2147549183"}
{"EventID": "1105", "Channel": "Microsoft-Windows-TerminalServices-RDPClient/Operational", "Provider_Name": "Microsoft-Windows-TerminalServices-ClientActiveXCore", "Computer": "DESKTOP-OFJ6N53", "TimeCreated": "2025-01-13 12:28:08.838057+00:00", "RecordID": "24038", "Level": "4", "UserID": "S-1-5-21-963789628-1060504924-4285088085-1001"}
{"EventID": "1026", "Channel": "Microsoft-Windows-TerminalServices-RDPClient/Operational", "Provider_Name": "Microsoft-Windows-TerminalServices-ClientActiveXCore", "Computer": "DESKTOP-OFJ6N53", "TimeCreated": "2025-01-13 12:28:08.838133+00:00", "RecordID": "24039", "Level": "4", "UserID": "S-1-5-21-963789628-1060504924-4285088085-1001", "EventData.Name": "Disconnect Reason", "EventData.Value": "3", "EventData.CustomLevel": "Info"}
{"EventID": "1024", "Channel": "Microsoft-Windows-TerminalServices-RDPClient/Operational", "Provider_Name": "Microsoft-Windows-TerminalServices-ClientActiveXCore", "Computer": "DESKTOP-OFJ6N53", "TimeCreated": "2025-01-22 12:12:43.220858+00:00", "RecordID": "24040", "Level": "4", "UserID": "S-1-5-21-963789628-1060504924-4285088085-1001", "EventData.Name": "Server Name", "EventData.Value": "192.168.52.12", "EventData.CustomLevel": "Info"}
{"EventID": "1028", "Channel": "Microsoft-Windows-TerminalServices-RDPClient/Operational", "Provider_Name": "Microsoft-Windows-TerminalServices-ClientActiveXCore", "Computer": "DESKTOP-OFJ6N53", "TimeCreated": "2025-01-22 12:12:43.424042+00:00", "RecordID": "24041", "Level": "4", "UserID": "S-1-5-21-963789628-1060504924-4285088085-1001", "EventData.TraceMessage": "supported"}
{"EventID": "1029", "Channel": "Microsoft-Windows-TerminalServices-RDPClient/Operational", "Provider_Name": "Microsoft-Windows-TerminalServices-ClientActiveXCore", "Computer": "DESKTOP-OFJ6N53", "TimeCreated": "2025-01-22 12:12:49.486868+00:00", "RecordID": "24042", "Level": "4", "UserID": "S-1-5-21-963789628-1060504924-4285088085-1001", "EventData.TraceMessage": "1mSMIKgfMkNWQQKduFtpkhTDs6dmNHhOV+la2IeE6aE=-"}
{"EventID": "226", "Channel": "Microsoft-Windows-TerminalServices-RDPClient/Operational", "Provider_Name": "Microsoft-Windows-TerminalServices-ClientActiveXCore", "Computer": "DESKTOP-OFJ6N53", "TimeCreated": "2025-01-22 12:12:50.121805+00:00", "RecordID": "24043", "Level": "3", "UserID": "S-1-5-21-963789628-1060504924-4285088085-1001", "EventData.StateTransitionName": "RDPClient_SSL", "EventData.PreviousState": "3", "EventData.PreviousStateName": "TsSslStateHandshakeInProgress", "EventData.NewState": "10", "EventData.NewStateName": "TsSslStateDisconnecting", "EventData.Event": "8", "EventData.EventName": "TsSslEventHandshakeContinueFailed", "EventData.Error Code": "2147500037"}
{"EventID": "1105", "Channel": "Microsoft-Windows-TerminalServices-RDPClient/Operational", "Provider_Name": "Microsoft-Windows-TerminalServices-ClientActiveXCore", "Computer": "DESKTOP-OFJ6N53", "TimeCreated": "2025-01-22 12:12:50.295795+00:00", "RecordID": "24044", "Level": "4", "UserID": "S-1-5-21-963789628-1060504924-4285088085-1001"}
{"EventID": "1026", "Channel": "Microsoft-Windows-TerminalServices-RDPClient/Operational", "Provider_Name": "Microsoft-Windows-TerminalServices-ClientActiveXCore", "Computer": "DESKTOP-OFJ6N53", "TimeCreated": "2025-01-22 12:12:50.296383+00:00", "RecordID": "24045", "Level": "4", "UserID": "S-1-5-21-963789628-1060504924-4285088085-1001", "EventData.Name": "Disconnect Reason", "EventData.Value": "519", "EventData.CustomLevel": "Info"}
{"EventID": "1028", "Channel": "Microsoft-Windows-TerminalServices-RDPClient/Operational", "Provider_Name": "Microsoft-Windows-TerminalServices-ClientActiveXCore", "Computer": "DESKTOP-OFJ6N53", "TimeCreated": "2025-01-22 12:12:50.310081+00:00", "RecordID": "24046", "Level": "4", "UserID": "S-1-5-21-963789628-1060504924-4285088085-1001", "EventData.TraceMessage": "supported"}
{"EventID": "1029", "Channel": "Microsoft-Windows-TerminalServices-RDPClient/Operational", "Provider_Name": "Microsoft-Windows-TerminalServices-ClientActiveXCore", "Computer": "DESKTOP-OFJ6N53", "TimeCreated": "2025-01-22 12:12:50.310579+00:00", "RecordID": "24047", "Level": "4", "UserID": "S-1-5-21-963789628-1060504924-4285088085-1001", "EventData.TraceMessage": "1mSMIKgfMkNWQQKduFtpkhTDs6dmNHhOV+la2IeE6aE=-"}
{"EventID": "226", "Channel": "Microsoft-Windows-TerminalServices-RDPClient/Operational", "Provider_Name": "Microsoft-Windows-TerminalServices-ClientActiveXCore", "Computer": "DESKTOP-OFJ6N53", "TimeCreated": "2025-01-22 12:12:50.702131+00:00", "RecordID": "24048", "Level": "3", "UserID": "S-1-5-21-963789628-1060504924-4285088085-1001", "EventData.StateTransitionName": "RDPClient_SSL", "EventData.PreviousState": "3", "EventData.PreviousStateName": "TsSslStateHandshakeInProgress", "EventData.NewState": "10", "EventData.NewStateName": "TsSslStateDisconnecting", "EventData.Event": "9", "EventData.EventName": "TsSslEventHandshakeInProgressFailed", "EventData.Error Code": "2147500037"}
{"EventID": "1105", "Channel": "Microsoft-Windows-TerminalServices-RDPClient/Operational", "Provider_Name": "Microsoft-Windows-TerminalServices-ClientActiveXCore", "Computer": "DESKTOP-OFJ6N53", "TimeCreated": "2025-01-22 12:12:50.702400+00:00", "RecordID": "24049", "Level": "4", "UserID": "S-1-5-21-963789628-1060504924-4285088085-1001"}
{"EventID": "1026", "Channel": "Microsoft-Windows-TerminalServices-RDPClient/Operational", "Provider_Name": "Microsoft-Windows-TerminalServices-ClientActiveXCore", "Computer": "DESKTOP-OFJ6N53", "TimeCreated": "2025-01-22 12:12:51.572908+00:00", "RecordID": "24050", "Level": "4", "UserID": "S-1-5-21-963789628-1060504924-4285088085-1001", "EventData.Name": "Disconnect Reason", "EventData.Value": "263", "EventData.CustomLevel": "Info"}
{"EventID": "1028", "Channel": "Microsoft-Windows-TerminalServices-RDPClient/Operational", "Provider_Name": "Microsoft-Windows-TerminalServices-ClientActiveXCore", "Computer": "DESKTOP-OFJ6N53", "TimeCreated": "2025-01-22 12:12:51.584095+00:00", "RecordID": "24051", "Level": "4", "UserID": "S-1-5-21-963789628-1060504924-4285088085-1001", "EventData.TraceMessage": "supported"}
{"EventID": "1029", "Channel": "Microsoft-Windows-TerminalServices-RDPClient/Operational", "Provider_Name": "Microsoft-Windows-TerminalServices-ClientActiveXCore", "Computer": "DESKTOP-OFJ6N53", "TimeCreated": "2025-01-22 12:12:51.584534+00:00", "RecordID": "24052", "Level": "4", "UserID": "S-1-5-21-963789628-1060504924-4285088085-1001", "EventData.TraceMessage": "1mSMIKgfMkNWQQKduFtpkhTDs6dmNHhOV+la2IeE6aE=-"}
{"EventID": "1025", "Channel": "Microsoft-Windows-TerminalServices-RDPClient/Operational", "Provider_Name": "Microsoft-Windows-TerminalServices-ClientActiveXCore", "Computer": "DESKTOP-OFJ6N53", "TimeCreated": "2025-01-22 12:12:53.468576+00:00", "RecordID": "24053", "Level": "4", "UserID": "S-1-5-21-963789628-1060504924-4285088085-1001"}
{"EventID": "1025", "Channel": "Microsoft-Windows-TerminalServices-RDPClient/Operational", "Provider_Name": "Microsoft-Windows-TerminalServices-ClientActiveXCore", "Computer": "DESKTOP-OFJ6N53", "TimeCreated": "2025-01-22 12:12:56.224817+00:00", "RecordID": "24054", "Level": "4", "UserID": "S-1-5-21-963789628-1060504924-4285088085-1001"}
{"EventID": "1105", "Channel": "Microsoft-Windows-TerminalServices-RDPClient/Operational", "Provider_Name": "Microsoft-Windows-TerminalServices-ClientActiveXCore", "Computer": "DESKTOP-OFJ6N53", "TimeCreated": "2025-01-22 22:00:20.962553+00:00", "RecordID": "24055", "Level": "4", "UserID": "S-1-5-21-963789628-1060504924-4285088085-1001"}
