{"EventID": "27", "Channel": "Microsoft-Windows-UniversalTelemetryClient/Operational", "Provider_Name": "Microsoft-Windows-UniversalTelemetryClient", "Computer": "DESKTOP-OFJ6N53", "TimeCreated": "2022-07-12 13:36:19.892288+00:00", "RecordID": "8670", "Level": "4", "UserID": "S-1-5-18", "EventData.Environment": "ServiceHost", "EventData.EventsUploaded": "4", "EventData.EventsDropped": "0", "EventData.LastEventlogWrittenTime": "133021047798344821"}
{"EventID": "27", "Channel": "Microsoft-Windows-UniversalTelemetryClient/Operational", "Provider_Name": "Microsoft-Windows-UniversalTelemetryClient", "Computer": "DESKTOP-OFJ6N53", "TimeCreated": "2022-07-12 14:06:19.906071+00:00", "RecordID": "8671", "Level": "4", "UserID": "S-1-5-18", "EventData.Environment": "ServiceHost", "EventData.EventsUploaded": "7", "EventData.EventsDropped": "0", "EventData.LastEventlogWrittenTime": "133021065798921386"}
{"EventID": "27", "Channel": "Microsoft-Windows-UniversalTelemetryClient/Operational", "Provider_Name": "Microsoft-Windows-UniversalTelemetryClient", "Computer": "DESKTOP-OFJ6N53", "TimeCreated": "2022-07-12 14:36:19.967529+00:00", "RecordID": "8672", "Level": "4", "UserID": "S-1-5-18", "EventData.Environment": "ServiceHost", "EventData.EventsUploaded": "4", "EventData.EventsDropped": "0", "EventData.LastEventlogWrittenTime": "133021083799056111"}
{"EventID": "27", "Channel": "Microsoft-Windows-UniversalTelemetryClient/Operational", "Provider_Name": "Microsoft-Windows-UniversalTelemetryClient", "Computer": "DESKTOP-OFJ6N53", "TimeCreated": "2022-07-12 15:06:20.034536+00:00", "RecordID": "8673", "Level": "4", "UserID": "S-1-5-18", "EventData.Environment": "ServiceHost", "EventData.EventsUploaded": "10", "EventData.EventsDropped": "0", "EventData.LastEventlogWrittenTime": "133021101799667396"}
{"EventID": "27", "Channel": "Microsoft-Windows-UniversalTelemetryClient/Operational", "Provider_Name": "Microsoft-Windows-UniversalTelemetryClient", "Computer": "DESKTOP-OFJ6N53", "TimeCreated": "2022-07-12 15:36:20.002918+00:00", "RecordID": "8674", "Level": "4", "UserID": "S-1-5-18", "EventData.Environment": "ServiceHost", "EventData.EventsUploaded": "4", "EventData.EventsDropped": "0", "EventData.LastEventlogWrittenTime": "133021119800342055"}
{"EventID": "27", "Channel": "Microsoft-Windows-UniversalTelemetryClient/Operational", "Provider_Name": "Microsoft-Windows-UniversalTelemetryClient", "Computer": "DESKTOP-OFJ6N53", "TimeCreated": "2022-07-12 16:06:20.028698+00:00", "RecordID": "8675", "Level": "4", "UserID": "S-1-5-18", "EventData.Environment": "ServiceHost", "EventData.EventsUploaded": "7", "EventData.EventsDropped": "0", "EventData.LastEventlogWrittenTime": "133021137800027205"}
{"EventID": "27", "Channel": "Microsoft-Windows-UniversalTelemetryClient/Operational", "Provider_Name": "Microsoft-Windows-UniversalTelemetryClient", "Computer": "DESKTOP-OFJ6N53", "TimeCreated": "2022-07-12 16:36:20.060665+00:00", "RecordID": "8676", "Level": "4", "UserID": "S-1-5-18", "EventData.Environment": "ServiceHost", "EventData.EventsUploaded": "6", "EventData.EventsDropped": "2", "EventData.LastEventlogWrittenTime": "133021155800285494"}
{"EventID": "27", "Channel": "Microsoft-Windows-UniversalTelemetryClient/Operational", "Provider_Name": "Microsoft-Windows-UniversalTelemetryClient", "Computer": "DESKTOP-OFJ6N53", "TimeCreated": "2022-07-12 17:06:20.082041+00:00", "RecordID": "8677", "Level": "4", "UserID": "S-1-5-18", "EventData.Environment": "ServiceHost", "EventData.EventsUploaded": "7", "EventData.EventsDropped": "0", "EventData.LastEventlogWrittenTime": "133021173800599664"}
{"EventID": "27", "Channel": "Microsoft-Windows-UniversalTelemetryClient/Operational", "Provider_Name": "Microsoft-Windows-UniversalTelemetryClient", "Computer": "DESKTOP-OFJ6N53", "TimeCreated": "2022-07-12 17:36:20.103624+00:00", "RecordID": "8678", "Level": "4", "UserID": "S-1-5-18", "EventData.Environment": "ServiceHost", "EventData.EventsUploaded": "4", "EventData.EventsDropped": "0", "EventData.LastEventlogWrittenTime": "133021191800819058"}
{"EventID": "27", "Channel": "Microsoft-Windows-UniversalTelemetryClient/Operational", "Provider_Name": "Microsoft-Windows-UniversalTelemetryClient", "Computer": "DESKTOP-OFJ6N53", "TimeCreated": "2022-07-12 18:06:20.137274+00:00", "RecordID": "8679", "Level": "4", "UserID": "S-1-5-18", "EventData.Environment": "ServiceHost", "EventData.EventsUploaded": "7", "EventData.EventsDropped": "0", "EventData.LastEventlogWrittenTime": "133021209801030775"}
{"EventID": "27", "Channel": "Microsoft-Windows-UniversalTelemetryClient/Operational", "Provider_Name": "Microsoft-Windows-UniversalTelemetryClient", "Computer": "DESKTOP-OFJ6N53", "TimeCreated": "2022-07-12 18:36:20.150644+00:00", "RecordID": "8680", "Level": "4", "UserID": "S-1-5-18", "EventData.Environment": "ServiceHost", "EventData.EventsUploaded": "9", "EventData.EventsDropped": "0", "EventData.LastEventlogWrittenTime": "133021227801370742"}
{"EventID": "55", "Channel": "Microsoft-Windows-UniversalTelemetryClient/Operational", "Provider_Name": "Microsoft-Windows-UniversalTelemetryClient", "Computer": "DESKTOP-OFJ6N53", "TimeCreated": "2022-07-12 19:03:44.355738+00:00", "RecordID": "8681", "Level": "4", "UserID": "S-1-5-18", "EventData.Environment": "ServiceHost", "EventData.State": "False"}
{"EventID": "56", "Channel": "Microsoft-Windows-UniversalTelemetryClient/Operational", "Provider_Name": "Microsoft-Windows-UniversalTelemetryClient", "Computer": "DESKTOP-OFJ6N53", "TimeCreated": "2022-07-12 19:03:44.355825+00:00", "RecordID": "8682", "Level": "4", "UserID": "S-1-5-18", "EventData.Environment": "ServiceHost", "EventData.State": "False"}
{"EventID": "56", "Channel": "Microsoft-Windows-UniversalTelemetryClient/Operational", "Provider_Name": "Microsoft-Windows-UniversalTelemetryClient", "Computer": "DESKTOP-OFJ6N53", "TimeCreated": "2022-07-12 19:04:03.256372+00:00", "RecordID": "8683", "Level": "4", "UserID": "S-1-5-18", "EventData.Environment": "ServiceHost", "EventData.State": "True"}
{"EventID": "55", "Channel": "Microsoft-Windows-UniversalTelemetryClient/Operational", "Provider_Name": "Microsoft-Windows-UniversalTelemetryClient", "Computer": "DESKTOP-OFJ6N53", "TimeCreated": "2022-07-12 19:04:03.256449+00:00", "RecordID": "8684", "Level": "4", "UserID": "S-1-5-18", "EventData.Environment": "ServiceHost", "EventData.State": "True"}
{"EventID": "27", "Channel": "Microsoft-Windows-UniversalTelemetryClient/Operational", "Provider_Name": "Microsoft-Windows-UniversalTelemetryClient", "Computer": "DESKTOP-OFJ6N53", "TimeCreated": "2022-07-12 19:06:20.185371+00:00", "RecordID": "8685", "Level": "4", "UserID": "S-1-5-18", "EventData.Environment": "ServiceHost", "EventData.EventsUploaded": "9", "EventData.EventsDropped": "2", "EventData.LastEventlogWrittenTime": "133021245801505043"}
{"EventID": "27", "Channel": "Microsoft-Windows-UniversalTelemetryClient/Operational", "Provider_Name": "Microsoft-Windows-UniversalTelemetryClient", "Computer": "DESKTOP-OFJ6N53", "TimeCreated": "2022-07-12 19:36:20.300827+00:00", "RecordID": "8686", "Level": "4", "UserID": "S-1-5-18", "EventData.Environment": "ServiceHost", "EventData.EventsUploaded": "5", "EventData.EventsDropped": "0", "EventData.LastEventlogWrittenTime": "133021263801847776"}
{"EventID": "27", "Channel": "Microsoft-Windows-UniversalTelemetryClient/Operational", "Provider_Name": "Microsoft-Windows-UniversalTelemetryClient", "Computer": "DESKTOP-OFJ6N53", "TimeCreated": "2022-07-12 20:06:20.315990+00:00", "RecordID": "8687", "Level": "4", "UserID": "S-1-5-18", "EventData.Environment": "ServiceHost", "EventData.EventsUploaded": "7", "EventData.EventsDropped": "6", "EventData.LastEventlogWrittenTime": "133021281803005157"}
{"EventID": "27", "Channel": "Microsoft-Windows-UniversalTelemetryClient/Operational", "Provider_Name": "Microsoft-Windows-UniversalTelemetryClient", "Computer": "DESKTOP-OFJ6N53", "TimeCreated": "2022-07-12 20:36:20.381321+00:00", "RecordID": "8688", "Level": "4", "UserID": "S-1-5-18", "EventData.Environment": "ServiceHost", "EventData.EventsUploaded": "4", "EventData.EventsDropped": "0", "EventData.LastEventlogWrittenTime": "133021299803158661"}
{"EventID": "27", "Channel": "Microsoft-Windows-UniversalTelemetryClient/Operational", "Provider_Name": "Microsoft-Windows-UniversalTelemetryClient", "Computer": "DESKTOP-OFJ6N53", "TimeCreated": "2022-07-12 21:06:20.415377+00:00", "RecordID": "8689", "Level": "4", "UserID": "S-1-5-18", "EventData.Environment": "ServiceHost", "EventData.EventsUploaded": "7", "EventData.EventsDropped": "2", "EventData.LastEventlogWrittenTime": "133021317803804418"}
{"EventID": "27", "Channel": "Microsoft-Windows-UniversalTelemetryClient/Operational", "Provider_Name": "Microsoft-Windows-UniversalTelemetryClient", "Computer": "DESKTOP-OFJ6N53", "TimeCreated": "2022-07-12 21:36:20.506893+00:00", "RecordID": "8690", "Level": "4", "UserID": "S-1-5-18", "EventData.Environment": "ServiceHost", "EventData.EventsUploaded": "4", "EventData.EventsDropped": "0", "EventData.LastEventlogWrittenTime": "133021335804150778"}
{"EventID": "27", "Channel": "Microsoft-Windows-UniversalTelemetryClient/Operational", "Provider_Name": "Microsoft-Windows-UniversalTelemetryClient", "Computer": "DESKTOP-OFJ6N53", "TimeCreated": "2022-07-12 22:06:20.515001+00:00", "RecordID": "8691", "Level": "4", "UserID": "S-1-5-18", "EventData.Environment": "ServiceHost", "EventData.EventsUploaded": "7", "EventData.EventsDropped": "0", "EventData.LastEventlogWrittenTime": "133021353805066911"}
{"EventID": "27", "Channel": "Microsoft-Windows-UniversalTelemetryClient/Operational", "Provider_Name": "Microsoft-Windows-UniversalTelemetryClient", "Computer": "DESKTOP-OFJ6N53", "TimeCreated": "2022-07-12 22:36:20.537617+00:00", "RecordID": "8692", "Level": "4", "UserID": "S-1-5-18", "EventData.Environment": "ServiceHost", "EventData.EventsUploaded": "4", "EventData.EventsDropped": "0", "EventData.LastEventlogWrittenTime": "133021371805148529"}
{"EventID": "27", "Channel": "Microsoft-Windows-UniversalTelemetryClient/Operational", "Provider_Name": "Microsoft-Windows-UniversalTelemetryClient", "Computer": "DESKTOP-OFJ6N53", "TimeCreated": "2022-07-12 23:06:20.552343+00:00", "RecordID": "8693", "Level": "4", "UserID": "S-1-5-18", "EventData.Environment": "ServiceHost", "EventData.EventsUploaded": "8", "EventData.EventsDropped": "0", "EventData.LastEventlogWrittenTime": "133021389805373807"}
{"EventID": "27", "Channel": "Microsoft-Windows-UniversalTelemetryClient/Operational", "Provider_Name": "Microsoft-Windows-UniversalTelemetryClient", "Computer": "DESKTOP-OFJ6N53", "TimeCreated": "2022-07-12 23:36:20.561556+00:00", "RecordID": "8694", "Level": "4", "UserID": "S-1-5-18", "EventData.Environment": "ServiceHost", "EventData.EventsUploaded": "4", "EventData.EventsDropped": "0", "EventData.LastEventlogWrittenTime": "133021407805520904"}
{"EventID": "27", "Channel": "Microsoft-Windows-UniversalTelemetryClient/Operational", "Provider_Name": "Microsoft-Windows-UniversalTelemetryClient", "Computer": "DESKTOP-OFJ6N53", "TimeCreated": "2022-07-13 00:06:20.584728+00:00", "RecordID": "8695", "Level": "4", "UserID": "S-1-5-18", "EventData.Environment": "ServiceHost", "EventData.EventsUploaded": "7", "EventData.EventsDropped": "0", "EventData.LastEventlogWrittenTime": "133021425805613576"}
{"EventID": "27", "Channel": "Microsoft-Windows-UniversalTelemetryClient/Operational", "Provider_Name": "Microsoft-Windows-UniversalTelemetryClient", "Computer": "DESKTOP-OFJ6N53", "TimeCreated": "2022-07-13 00:36:20.598509+00:00", "RecordID": "8696", "Level": "4", "UserID": "S-1-5-18", "EventData.Environment": "ServiceHost", "EventData.EventsUploaded": "4", "EventData.EventsDropped": "2", "EventData.LastEventlogWrittenTime": "133021443805845128"}
{"EventID": "1", "Channel": "Microsoft-Windows-UniversalTelemetryClient/Operational", "Provider_Name": "Microsoft-Windows-UniversalTelemetryClient", "Computer": "DESKTOP-OFJ6N53", "TimeCreated": "2022-07-13 00:48:23.085464+00:00", "RecordID": "8697", "Level": "4", "UserID": "S-1-5-18", "EventData.Environment": "ServiceHost", "EventData.IKey": "P-ARIA-af397ef28e484961ba48646a5d38cf54-77418283-d6f6-4a90-b0c8-37e0f5e7b087-7425", "EventData.DiskSizeInBytes": "8388608", "EventData.DailyUploadQuotaInBytes": "0", "EventData.HRESULT": "2147943642"}
{"EventID": "27", "Channel": "Microsoft-Windows-UniversalTelemetryClient/Operational", "Provider_Name": "Microsoft-Windows-UniversalTelemetryClient", "Computer": "DESKTOP-OFJ6N53", "TimeCreated": "2022-07-13 01:06:20.671461+00:00", "RecordID": "8698", "Level": "4", "UserID": "S-1-5-18", "EventData.Environment": "ServiceHost", "EventData.EventsUploaded": "70", "EventData.EventsDropped": "0", "EventData.LastEventlogWrittenTime": "133021461805983160"}
{"EventID": "27", "Channel": "Microsoft-Windows-UniversalTelemetryClient/Operational", "Provider_Name": "Microsoft-Windows-UniversalTelemetryClient", "Computer": "DESKTOP-OFJ6N53", "TimeCreated": "2022-07-13 01:36:20.711260+00:00", "RecordID": "8699", "Level": "4", "UserID": "S-1-5-18", "EventData.Environment": "ServiceHost", "EventData.EventsUploaded": "4", "EventData.EventsDropped": "0", "EventData.LastEventlogWrittenTime": "133021479806706760"}
{"EventID": "27", "Channel": "Microsoft-Windows-UniversalTelemetryClient/Operational", "Provider_Name": "Microsoft-Windows-UniversalTelemetryClient", "Computer": "DESKTOP-OFJ6N53", "TimeCreated": "2022-07-13 02:06:20.837330+00:00", "RecordID": "8700", "Level": "4", "UserID": "S-1-5-18", "EventData.Environment": "ServiceHost", "EventData.EventsUploaded": "9", "EventData.EventsDropped": "0", "EventData.LastEventlogWrittenTime": "133021497807106807"}
{"EventID": "27", "Channel": "Microsoft-Windows-UniversalTelemetryClient/Operational", "Provider_Name": "Microsoft-Windows-UniversalTelemetryClient", "Computer": "DESKTOP-OFJ6N53", "TimeCreated": "2022-07-13 02:36:20.864470+00:00", "RecordID": "8701", "Level": "4", "UserID": "S-1-5-18", "EventData.Environment": "ServiceHost", "EventData.EventsUploaded": "5", "EventData.EventsDropped": "0", "EventData.LastEventlogWrittenTime": "133021515808369976"}
{"EventID": "27", "Channel": "Microsoft-Windows-UniversalTelemetryClient/Operational", "Provider_Name": "Microsoft-Windows-UniversalTelemetryClient", "Computer": "DESKTOP-OFJ6N53", "TimeCreated": "2022-07-13 03:06:20.877357+00:00", "RecordID": "8702", "Level": "4", "UserID": "S-1-5-18", "EventData.Environment": "ServiceHost", "EventData.EventsUploaded": "8", "EventData.EventsDropped": "0", "EventData.LastEventlogWrittenTime": "133021533808642873"}
{"EventID": "27", "Channel": "Microsoft-Windows-UniversalTelemetryClient/Operational", "Provider_Name": "Microsoft-Windows-UniversalTelemetryClient", "Computer": "DESKTOP-OFJ6N53", "TimeCreated": "2022-07-13 03:36:20.892616+00:00", "RecordID": "8703", "Level": "4", "UserID": "S-1-5-18", "EventData.Environment": "ServiceHost", "EventData.EventsUploaded": "4", "EventData.EventsDropped": "0", "EventData.LastEventlogWrittenTime": "133021551808771427"}
{"EventID": "27", "Channel": "Microsoft-Windows-UniversalTelemetryClient/Operational", "Provider_Name": "Microsoft-Windows-UniversalTelemetryClient", "Computer": "DESKTOP-OFJ6N53", "TimeCreated": "2022-07-13 04:06:20.920883+00:00", "RecordID": "8704", "Level": "4", "UserID": "S-1-5-18", "EventData.Environment": "ServiceHost", "EventData.EventsUploaded": "7", "EventData.EventsDropped": "0", "EventData.LastEventlogWrittenTime": "133021569808924565"}
{"EventID": "27", "Channel": "Microsoft-Windows-UniversalTelemetryClient/Operational", "Provider_Name": "Microsoft-Windows-UniversalTelemetryClient", "Computer": "DESKTOP-OFJ6N53", "TimeCreated": "2022-07-13 04:36:20.931931+00:00", "RecordID": "8705", "Level": "4", "UserID": "S-1-5-18", "EventData.Environment": "ServiceHost", "EventData.EventsUploaded": "4", "EventData.EventsDropped": "2", "EventData.LastEventlogWrittenTime": "133021587809200797"}
{"EventID": "27", "Channel": "Microsoft-Windows-UniversalTelemetryClient/Operational", "Provider_Name": "Microsoft-Windows-UniversalTelemetryClient", "Computer": "DESKTOP-OFJ6N53", "TimeCreated": "2022-07-13 05:06:21.004080+00:00", "RecordID": "8706", "Level": "4", "UserID": "S-1-5-18", "EventData.Environment": "ServiceHost", "EventData.EventsUploaded": "7", "EventData.EventsDropped": "0", "EventData.LastEventlogWrittenTime": "133021605809303875"}
{"EventID": "27", "Channel": "Microsoft-Windows-UniversalTelemetryClient/Operational", "Provider_Name": "Microsoft-Windows-UniversalTelemetryClient", "Computer": "DESKTOP-OFJ6N53", "TimeCreated": "2022-07-13 05:36:21.041498+00:00", "RecordID": "8707", "Level": "4", "UserID": "S-1-5-18", "EventData.Environment": "ServiceHost", "EventData.EventsUploaded": "4", "EventData.EventsDropped": "0", "EventData.LastEventlogWrittenTime": "133021623810033594"}
{"EventID": "27", "Channel": "Microsoft-Windows-UniversalTelemetryClient/Operational", "Provider_Name": "Microsoft-Windows-UniversalTelemetryClient", "Computer": "DESKTOP-OFJ6N53", "TimeCreated": "2022-07-13 06:06:21.227240+00:00", "RecordID": "8708", "Level": "4", "UserID": "S-1-5-18", "EventData.Environment": "ServiceHost", "EventData.EventsUploaded": "25", "EventData.EventsDropped": "19", "EventData.LastEventlogWrittenTime": "133021641810413947"}
{"EventID": "27", "Channel": "Microsoft-Windows-UniversalTelemetryClient/Operational", "Provider_Name": "Microsoft-Windows-UniversalTelemetryClient", "Computer": "DESKTOP-OFJ6N53", "TimeCreated": "2022-07-13 06:36:21.135611+00:00", "RecordID": "8709", "Level": "4", "UserID": "S-1-5-18", "EventData.Environment": "ServiceHost", "EventData.EventsUploaded": "109", "EventData.EventsDropped": "20", "EventData.LastEventlogWrittenTime": "133021659812272045"}
{"EventID": "27", "Channel": "Microsoft-Windows-UniversalTelemetryClient/Operational", "Provider_Name": "Microsoft-Windows-UniversalTelemetryClient", "Computer": "DESKTOP-OFJ6N53", "TimeCreated": "2022-07-13 07:06:21.158913+00:00", "RecordID": "8710", "Level": "4", "UserID": "S-1-5-18", "EventData.Environment": "ServiceHost", "EventData.EventsUploaded": "12", "EventData.EventsDropped": "0", "EventData.LastEventlogWrittenTime": "133021677811354754"}
{"EventID": "27", "Channel": "Microsoft-Windows-UniversalTelemetryClient/Operational", "Provider_Name": "Microsoft-Windows-UniversalTelemetryClient", "Computer": "DESKTOP-OFJ6N53", "TimeCreated": "2022-07-13 07:36:25.674002+00:00", "RecordID": "8711", "Level": "4", "UserID": "S-1-5-18", "EventData.Environment": "ServiceHost", "EventData.EventsUploaded": "8", "EventData.EventsDropped": "0", "EventData.LastEventlogWrittenTime": "133021695811584933"}
{"EventID": "27", "Channel": "Microsoft-Windows-UniversalTelemetryClient/Operational", "Provider_Name": "Microsoft-Windows-UniversalTelemetryClient", "Computer": "DESKTOP-OFJ6N53", "TimeCreated": "2022-07-13 08:06:25.702614+00:00", "RecordID": "8712", "Level": "4", "UserID": "S-1-5-18", "EventData.Environment": "ServiceHost", "EventData.EventsUploaded": "7", "EventData.EventsDropped": "2", "EventData.LastEventlogWrittenTime": "133021713856733430"}
{"EventID": "27", "Channel": "Microsoft-Windows-UniversalTelemetryClient/Operational", "Provider_Name": "Microsoft-Windows-UniversalTelemetryClient", "Computer": "DESKTOP-OFJ6N53", "TimeCreated": "2022-07-13 08:36:25.710550+00:00", "RecordID": "8713", "Level": "4", "UserID": "S-1-5-18", "EventData.Environment": "ServiceHost", "EventData.EventsUploaded": "116", "EventData.EventsDropped": "0", "EventData.LastEventlogWrittenTime": "133021731856991430"}
{"EventID": "27", "Channel": "Microsoft-Windows-UniversalTelemetryClient/Operational", "Provider_Name": "Microsoft-Windows-UniversalTelemetryClient", "Computer": "DESKTOP-OFJ6N53", "TimeCreated": "2022-07-13 09:06:25.694132+00:00", "RecordID": "8714", "Level": "4", "UserID": "S-1-5-18", "EventData.Environment": "ServiceHost", "EventData.EventsUploaded": "7", "EventData.EventsDropped": "2", "EventData.LastEventlogWrittenTime": "133021749857097158"}
{"EventID": "27", "Channel": "Microsoft-Windows-UniversalTelemetryClient/Operational", "Provider_Name": "Microsoft-Windows-UniversalTelemetryClient", "Computer": "DESKTOP-OFJ6N53", "TimeCreated": "2022-07-13 09:36:27.039856+00:00", "RecordID": "8715", "Level": "4", "UserID": "S-1-5-18", "EventData.Environment": "ServiceHost", "EventData.EventsUploaded": "13", "EventData.EventsDropped": "2", "EventData.LastEventlogWrittenTime": "133021767856923595"}
{"EventID": "27", "Channel": "Microsoft-Windows-UniversalTelemetryClient/Operational", "Provider_Name": "Microsoft-Windows-UniversalTelemetryClient", "Computer": "DESKTOP-OFJ6N53", "TimeCreated": "2022-07-13 10:06:27.060820+00:00", "RecordID": "8716", "Level": "4", "UserID": "S-1-5-18", "EventData.Environment": "ServiceHost", "EventData.EventsUploaded": "35", "EventData.EventsDropped": "0", "EventData.LastEventlogWrittenTime": "133021785870374742"}
{"EventID": "27", "Channel": "Microsoft-Windows-UniversalTelemetryClient/Operational", "Provider_Name": "Microsoft-Windows-UniversalTelemetryClient", "Computer": "DESKTOP-OFJ6N53", "TimeCreated": "2022-07-13 10:36:27.089405+00:00", "RecordID": "8717", "Level": "4", "UserID": "S-1-5-18", "EventData.Environment": "ServiceHost", "EventData.EventsUploaded": "5", "EventData.EventsDropped": "0", "EventData.LastEventlogWrittenTime": "133021803870534669"}
{"EventID": "1", "Channel": "Microsoft-Windows-UniversalTelemetryClient/Operational", "Provider_Name": "Microsoft-Windows-UniversalTelemetryClient", "Computer": "DESKTOP-OFJ6N53", "TimeCreated": "2022-07-13 11:06:11.236313+00:00", "RecordID": "8718", "Level": "4", "UserID": "S-1-5-18", "EventData.Environment": "ServiceHost", "EventData.IKey": "P-ARIA-4bb4d6f7cafc4e9292f972dca2dcde42-bd019ee8-e59c-4b0f-a02c-84e72157a3ef-7485", "EventData.DiskSizeInBytes": "8388608", "EventData.DailyUploadQuotaInBytes": "0", "EventData.HRESULT": "2147943642"}
{"EventID": "1", "Channel": "Microsoft-Windows-UniversalTelemetryClient/Operational", "Provider_Name": "Microsoft-Windows-UniversalTelemetryClient", "Computer": "DESKTOP-OFJ6N53", "TimeCreated": "2022-07-13 11:06:11.242306+00:00", "RecordID": "8719", "Level": "4", "UserID": "S-1-5-18", "EventData.Environment": "ServiceHost", "EventData.IKey": "P-ARIA-5476d0c4a7a347909c4b8a13078d4390-f8bdcecf-243f-40f8-b7c3-b9c44a57dead-7230", "EventData.DiskSizeInBytes": "8388608", "EventData.DailyUploadQuotaInBytes": "0", "EventData.HRESULT": "2147943642"}
{"EventID": "27", "Channel": "Microsoft-Windows-UniversalTelemetryClient/Operational", "Provider_Name": "Microsoft-Windows-UniversalTelemetryClient", "Computer": "DESKTOP-OFJ6N53", "TimeCreated": "2022-07-13 11:06:27.103817+00:00", "RecordID": "8720", "Level": "4", "UserID": "S-1-5-18", "EventData.Environment": "ServiceHost", "EventData.EventsUploaded": "18", "EventData.EventsDropped": "0", "EventData.LastEventlogWrittenTime": "133021821870873011"}
{"EventID": "27", "Channel": "Microsoft-Windows-UniversalTelemetryClient/Operational", "Provider_Name": "Microsoft-Windows-UniversalTelemetryClient", "Computer": "DESKTOP-OFJ6N53", "TimeCreated": "2022-07-13 11:36:27.127375+00:00", "RecordID": "8721", "Level": "4", "UserID": "S-1-5-18", "EventData.Environment": "ServiceHost", "EventData.EventsUploaded": "5", "EventData.EventsDropped": "0", "EventData.LastEventlogWrittenTime": "133021839870888783"}
{"EventID": "27", "Channel": "Microsoft-Windows-UniversalTelemetryClient/Operational", "Provider_Name": "Microsoft-Windows-UniversalTelemetryClient", "Computer": "DESKTOP-OFJ6N53", "TimeCreated": "2022-07-13 12:06:27.159485+00:00", "RecordID": "8722", "Level": "4", "UserID": "S-1-5-18", "EventData.Environment": "ServiceHost", "EventData.EventsUploaded": "11", "EventData.EventsDropped": "0", "EventData.LastEventlogWrittenTime": "133021857871196770"}
{"EventID": "1", "Channel": "Microsoft-Windows-UniversalTelemetryClient/Operational", "Provider_Name": "Microsoft-Windows-UniversalTelemetryClient", "Computer": "DESKTOP-OFJ6N53", "TimeCreated": "2022-07-13 12:09:29.066870+00:00", "RecordID": "8723", "Level": "4", "UserID": "S-1-5-18", "EventData.Environment": "ServiceHost", "EventData.IKey": "P-ARIA-4bb4d6f7cafc4e9292f972dca2dcde42-bd019ee8-e59c-4b0f-a02c-84e72157a3ef-7485", "EventData.DiskSizeInBytes": "8388608", "EventData.DailyUploadQuotaInBytes": "0", "EventData.HRESULT": "2147943642"}
{"EventID": "1", "Channel": "Microsoft-Windows-UniversalTelemetryClient/Operational", "Provider_Name": "Microsoft-Windows-UniversalTelemetryClient", "Computer": "DESKTOP-OFJ6N53", "TimeCreated": "2022-07-13 12:09:29.069685+00:00", "RecordID": "8724", "Level": "4", "UserID": "S-1-5-18", "EventData.Environment": "ServiceHost", "EventData.IKey": "P-ARIA-5476d0c4a7a347909c4b8a13078d4390-f8bdcecf-243f-40f8-b7c3-b9c44a57dead-7230", "EventData.DiskSizeInBytes": "8388608", "EventData.DailyUploadQuotaInBytes": "0", "EventData.HRESULT": "2147943642"}
{"EventID": "27", "Channel": "Microsoft-Windows-UniversalTelemetryClient/Operational", "Provider_Name": "Microsoft-Windows-UniversalTelemetryClient", "Computer": "DESKTOP-OFJ6N53", "TimeCreated": "2022-07-13 12:36:27.147610+00:00", "RecordID": "8725", "Level": "4", "UserID": "S-1-5-18", "EventData.Environment": "ServiceHost", "EventData.EventsUploaded": "7", "EventData.EventsDropped": "0", "EventData.LastEventlogWrittenTime": "133021875871538599"}
{"EventID": "27", "Channel": "Microsoft-Windows-UniversalTelemetryClient/Operational", "Provider_Name": "Microsoft-Windows-UniversalTelemetryClient", "Computer": "DESKTOP-OFJ6N53", "TimeCreated": "2022-07-13 13:06:27.275110+00:00", "RecordID": "8726", "Level": "4", "UserID": "S-1-5-18", "EventData.Environment": "ServiceHost", "EventData.EventsUploaded": "11", "EventData.EventsDropped": "2", "EventData.LastEventlogWrittenTime": "133021893871336308"}
{"EventID": "27", "Channel": "Microsoft-Windows-UniversalTelemetryClient/Operational", "Provider_Name": "Microsoft-Windows-UniversalTelemetryClient", "Computer": "DESKTOP-OFJ6N53", "TimeCreated": "2022-07-13 13:36:27.286711+00:00", "RecordID": "8727", "Level": "4", "UserID": "S-1-5-18", "EventData.Environment": "ServiceHost", "EventData.EventsUploaded": "4", "EventData.EventsDropped": "0", "EventData.LastEventlogWrittenTime": "133021911872633920"}
{"EventID": "27", "Channel": "Microsoft-Windows-UniversalTelemetryClient/Operational", "Provider_Name": "Microsoft-Windows-UniversalTelemetryClient", "Computer": "DESKTOP-OFJ6N53", "TimeCreated": "2022-07-13 14:06:27.297291+00:00", "RecordID": "8728", "Level": "4", "UserID": "S-1-5-18", "EventData.Environment": "ServiceHost", "EventData.EventsUploaded": "11", "EventData.EventsDropped": "0", "EventData.LastEventlogWrittenTime": "133021929872759664"}
{"EventID": "27", "Channel": "Microsoft-Windows-UniversalTelemetryClient/Operational", "Provider_Name": "Microsoft-Windows-UniversalTelemetryClient", "Computer": "DESKTOP-OFJ6N53", "TimeCreated": "2022-07-13 14:36:27.303091+00:00", "RecordID": "8729", "Level": "4", "UserID": "S-1-5-18", "EventData.Environment": "ServiceHost", "EventData.EventsUploaded": "39", "EventData.EventsDropped": "0", "EventData.LastEventlogWrittenTime": "133021947872950676"}
{"EventID": "50", "Channel": "Microsoft-Windows-UniversalTelemetryClient/Operational", "Provider_Name": "Microsoft-Windows-UniversalTelemetryClient", "Computer": "DESKTOP-OFJ6N53", "TimeCreated": "2022-07-13 14:42:28.302454+00:00", "RecordID": "8730", "Level": "4", "UserID": "S-1-5-18", "EventData.Environment": "ServiceHost", "EventData.Status": "0"}
{"EventID": "61", "Channel": "Microsoft-Windows-UniversalTelemetryClient/Operational", "Provider_Name": "Microsoft-Windows-UniversalTelemetryClient", "Computer": "DESKTOP-OFJ6N53", "TimeCreated": "2022-07-13 14:42:28.372898+00:00", "RecordID": "8731", "Level": "4", "UserID": "S-1-5-18", "EventData.Environment": "ServiceHost", "EventData.State": "False"}
{"EventID": "56", "Channel": "Microsoft-Windows-UniversalTelemetryClient/Operational", "Provider_Name": "Microsoft-Windows-UniversalTelemetryClient", "Computer": "DESKTOP-OFJ6N53", "TimeCreated": "2022-07-13 14:42:28.372993+00:00", "RecordID": "8732", "Level": "4", "UserID": "S-1-5-18", "EventData.Environment": "ServiceHost", "EventData.State": "True"}
{"EventID": "62", "Channel": "Microsoft-Windows-UniversalTelemetryClient/Operational", "Provider_Name": "Microsoft-Windows-UniversalTelemetryClient", "Computer": "DESKTOP-OFJ6N53", "TimeCreated": "2022-07-13 14:42:28.373114+00:00", "RecordID": "8733", "Level": "4", "UserID": "S-1-5-18", "EventData.Environment": "ServiceHost", "EventData.State": "False"}
{"EventID": "55", "Channel": "Microsoft-Windows-UniversalTelemetryClient/Operational", "Provider_Name": "Microsoft-Windows-UniversalTelemetryClient", "Computer": "DESKTOP-OFJ6N53", "TimeCreated": "2022-07-13 14:42:28.844984+00:00", "RecordID": "8734", "Level": "4", "UserID": "S-1-5-18", "EventData.Environment": "ServiceHost", "EventData.State": "True"}
{"EventID": "1", "Channel": "Microsoft-Windows-UniversalTelemetryClient/Operational", "Provider_Name": "Microsoft-Windows-UniversalTelemetryClient", "Computer": "DESKTOP-OFJ6N53", "TimeCreated": "2022-07-13 14:43:27.818302+00:00", "RecordID": "8735", "Level": "4", "UserID": "S-1-5-18", "EventData.Environment": "ServiceHost", "EventData.IKey": "P-ARIA-4bb4d6f7cafc4e9292f972dca2dcde42-bd019ee8-e59c-4b0f-a02c-84e72157a3ef-7485", "EventData.DiskSizeInBytes": "8388608", "EventData.DailyUploadQuotaInBytes": "0", "EventData.HRESULT": "2147943642"}
{"EventID": "1", "Channel": "Microsoft-Windows-UniversalTelemetryClient/Operational", "Provider_Name": "Microsoft-Windows-UniversalTelemetryClient", "Computer": "DESKTOP-OFJ6N53", "TimeCreated": "2022-07-13 14:43:28.491713+00:00", "RecordID": "8736", "Level": "4", "UserID": "S-1-5-18", "EventData.Environment": "ServiceHost", "EventData.IKey": "P-ARIA-5476d0c4a7a347909c4b8a13078d4390-f8bdcecf-243f-40f8-b7c3-b9c44a57dead-7230", "EventData.DiskSizeInBytes": "8388608", "EventData.DailyUploadQuotaInBytes": "0", "EventData.HRESULT": "2147943642"}
{"EventID": "1", "Channel": "Microsoft-Windows-UniversalTelemetryClient/Operational", "Provider_Name": "Microsoft-Windows-UniversalTelemetryClient", "Computer": "DESKTOP-OFJ6N53", "TimeCreated": "2022-07-13 14:43:54.758867+00:00", "RecordID": "8737", "Level": "4", "UserID": "S-1-5-18", "EventData.Environment": "ServiceHost", "EventData.IKey": "P-ARIA-4bb4d6f7cafc4e9292f972dca2dcde42-bd019ee8-e59c-4b0f-a02c-84e72157a3ef-7485", "EventData.DiskSizeInBytes": "8388608", "EventData.DailyUploadQuotaInBytes": "0", "EventData.HRESULT": "2147943642"}
{"EventID": "1", "Channel": "Microsoft-Windows-UniversalTelemetryClient/Operational", "Provider_Name": "Microsoft-Windows-UniversalTelemetryClient", "Computer": "DESKTOP-OFJ6N53", "TimeCreated": "2022-07-13 14:43:54.987331+00:00", "RecordID": "8738", "Level": "4", "UserID": "S-1-5-18", "EventData.Environment": "ServiceHost", "EventData.IKey": "P-ARIA-4bb4d6f7cafc4e9292f972dca2dcde42-bd019ee8-e59c-4b0f-a02c-84e72157a3ef-7485", "EventData.DiskSizeInBytes": "8388608", "EventData.DailyUploadQuotaInBytes": "0", "EventData.HRESULT": "2147943642"}
{"EventID": "1", "Channel": "Microsoft-Windows-UniversalTelemetryClient/Operational", "Provider_Name": "Microsoft-Windows-UniversalTelemetryClient", "Computer": "DESKTOP-OFJ6N53", "TimeCreated": "2022-07-13 14:43:55.162037+00:00", "RecordID": "8739", "Level": "4", "UserID": "S-1-5-18", "EventData.Environment": "ServiceHost", "EventData.IKey": "P-ARIA-d5a8f02229be41efb047bd8f883ba799-59258264-451c-4459-8c09-75d7d721219a-7112", "EventData.DiskSizeInBytes": "8388608", "EventData.DailyUploadQuotaInBytes": "0", "EventData.HRESULT": "2147943642"}
{"EventID": "1", "Channel": "Microsoft-Windows-UniversalTelemetryClient/Operational", "Provider_Name": "Microsoft-Windows-UniversalTelemetryClient", "Computer": "DESKTOP-OFJ6N53", "TimeCreated": "2022-07-13 14:43:55.871906+00:00", "RecordID": "8740", "Level": "4", "UserID": "S-1-5-18", "EventData.Environment": "ServiceHost", "EventData.IKey": "P-ARIA-d5a8f02229be41efb047bd8f883ba799-59258264-451c-4459-8c09-75d7d721219a-7112", "EventData.DiskSizeInBytes": "8388608", "EventData.DailyUploadQuotaInBytes": "0", "EventData.HRESULT": "2147943642"}
{"EventID": "1", "Channel": "Microsoft-Windows-UniversalTelemetryClient/Operational", "Provider_Name": "Microsoft-Windows-UniversalTelemetryClient", "Computer": "DESKTOP-OFJ6N53", "TimeCreated": "2022-07-13 14:43:57.094109+00:00", "RecordID": "8741", "Level": "4", "UserID": "S-1-5-18", "EventData.Environment": "ServiceHost", "EventData.IKey": "P-ARIA-4bb4d6f7cafc4e9292f972dca2dcde42-bd019ee8-e59c-4b0f-a02c-84e72157a3ef-7485", "EventData.DiskSizeInBytes": "8388608", "EventData.DailyUploadQuotaInBytes": "0", "EventData.HRESULT": "2147943642"}
{"EventID": "1", "Channel": "Microsoft-Windows-UniversalTelemetryClient/Operational", "Provider_Name": "Microsoft-Windows-UniversalTelemetryClient", "Computer": "DESKTOP-OFJ6N53", "TimeCreated": "2022-07-13 14:43:57.159903+00:00", "RecordID": "8742", "Level": "4", "UserID": "S-1-5-18", "EventData.Environment": "ServiceHost", "EventData.IKey": "P-ARIA-d5a8f02229be41efb047bd8f883ba799-59258264-451c-4459-8c09-75d7d721219a-7112", "EventData.DiskSizeInBytes": "8388608", "EventData.DailyUploadQuotaInBytes": "0", "EventData.HRESULT": "2147943642"}
{"EventID": "1", "Channel": "Microsoft-Windows-UniversalTelemetryClient/Operational", "Provider_Name": "Microsoft-Windows-UniversalTelemetryClient", "Computer": "DESKTOP-OFJ6N53", "TimeCreated": "2022-07-13 14:44:29.643679+00:00", "RecordID": "8743", "Level": "4", "UserID": "S-1-5-18", "EventData.Environment": "ServiceHost", "EventData.IKey": "P-ARIA-7005b72804a64fa4b2138faab88f877b-14cf798a-05a4-4b7b-9d02-4d99259ebd4a-7553", "EventData.DiskSizeInBytes": "8388608", "EventData.DailyUploadQuotaInBytes": "0", "EventData.HRESULT": "2147943642"}
{"EventID": "1", "Channel": "Microsoft-Windows-UniversalTelemetryClient/Operational", "Provider_Name": "Microsoft-Windows-UniversalTelemetryClient", "Computer": "DESKTOP-OFJ6N53", "TimeCreated": "2022-07-13 14:44:29.833517+00:00", "RecordID": "8744", "Level": "4", "UserID": "S-1-5-18", "EventData.Environment": "ServiceHost", "EventData.IKey": "P-ARIA-218d658af29e41b6bc37144bd03f018d-6bd1d102-d792-414e-a9d8-315e766da244-7471", "EventData.DiskSizeInBytes": "8388608", "EventData.DailyUploadQuotaInBytes": "0", "EventData.HRESULT": "2147943642"}
{"EventID": "61", "Channel": "Microsoft-Windows-UniversalTelemetryClient/Operational", "Provider_Name": "Microsoft-Windows-UniversalTelemetryClient", "Computer": "DESKTOP-OFJ6N53", "TimeCreated": "2022-07-13 14:44:43.912975+00:00", "RecordID": "8745", "Level": "4", "UserID": "S-1-5-18", "EventData.Environment": "ServiceHost", "EventData.State": "False"}
{"EventID": "1", "Channel": "Microsoft-Windows-UniversalTelemetryClient/Operational", "Provider_Name": "Microsoft-Windows-UniversalTelemetryClient", "Computer": "DESKTOP-OFJ6N53", "TimeCreated": "2022-07-13 14:45:25.025675+00:00", "RecordID": "8746", "Level": "4", "UserID": "S-1-5-18", "EventData.Environment": "ServiceHost", "EventData.IKey": "P-ARIA-4bb4d6f7cafc4e9292f972dca2dcde42-bd019ee8-e59c-4b0f-a02c-84e72157a3ef-7485", "EventData.DiskSizeInBytes": "8388608", "EventData.DailyUploadQuotaInBytes": "0", "EventData.HRESULT": "2147943642"}
{"EventID": "1", "Channel": "Microsoft-Windows-UniversalTelemetryClient/Operational", "Provider_Name": "Microsoft-Windows-UniversalTelemetryClient", "Computer": "DESKTOP-OFJ6N53", "TimeCreated": "2022-07-13 14:45:25.041672+00:00", "RecordID": "8747", "Level": "4", "UserID": "S-1-5-18", "EventData.Environment": "ServiceHost", "EventData.IKey": "P-ARIA-5476d0c4a7a347909c4b8a13078d4390-f8bdcecf-243f-40f8-b7c3-b9c44a57dead-7230", "EventData.DiskSizeInBytes": "8388608", "EventData.DailyUploadQuotaInBytes": "0", "EventData.HRESULT": "2147943642"}
{"EventID": "27", "Channel": "Microsoft-Windows-UniversalTelemetryClient/Operational", "Provider_Name": "Microsoft-Windows-UniversalTelemetryClient", "Computer": "DESKTOP-OFJ6N53", "TimeCreated": "2022-07-13 15:12:29.434319+00:00", "RecordID": "8748", "Level": "4", "UserID": "S-1-5-18", "EventData.Environment": "ServiceHost", "EventData.EventsUploaded": "168", "EventData.EventsDropped": "15", "EventData.LastEventlogWrittenTime": "133021965872969888"}
{"EventID": "1", "Channel": "Microsoft-Windows-UniversalTelemetryClient/Operational", "Provider_Name": "Microsoft-Windows-UniversalTelemetryClient", "Computer": "DESKTOP-OFJ6N53", "TimeCreated": "2022-07-13 15:14:29.437513+00:00", "RecordID": "8749", "Level": "4", "UserID": "S-1-5-18", "EventData.Environment": "ServiceHost", "EventData.IKey": "P-ARIA-ac279d3495274f1681e7e87dd94f8e71-4d50d9d3-47ae-4eae-8fe0-416b9e14e4d6-7128", "EventData.DiskSizeInBytes": "8388608", "EventData.DailyUploadQuotaInBytes": "0", "EventData.HRESULT": "2147943642"}
{"EventID": "27", "Channel": "Microsoft-Windows-UniversalTelemetryClient/Operational", "Provider_Name": "Microsoft-Windows-UniversalTelemetryClient", "Computer": "DESKTOP-OFJ6N53", "TimeCreated": "2022-07-13 15:42:29.437294+00:00", "RecordID": "8750", "Level": "4", "UserID": "S-1-5-18", "EventData.Environment": "ServiceHost", "EventData.EventsUploaded": "8", "EventData.EventsDropped": "0", "EventData.LastEventlogWrittenTime": "133021987494324885"}
{"EventID": "27", "Channel": "Microsoft-Windows-UniversalTelemetryClient/Operational", "Provider_Name": "Microsoft-Windows-UniversalTelemetryClient", "Computer": "DESKTOP-OFJ6N53", "TimeCreated": "2022-07-13 16:12:29.456528+00:00", "RecordID": "8751", "Level": "4", "UserID": "S-1-5-18", "EventData.Environment": "ServiceHost", "EventData.EventsUploaded": "7", "EventData.EventsDropped": "2", "EventData.LastEventlogWrittenTime": "133022005494363039"}
{"EventID": "27", "Channel": "Microsoft-Windows-UniversalTelemetryClient/Operational", "Provider_Name": "Microsoft-Windows-UniversalTelemetryClient", "Computer": "DESKTOP-OFJ6N53", "TimeCreated": "2022-07-13 16:42:29.463074+00:00", "RecordID": "8752", "Level": "4", "UserID": "S-1-5-18", "EventData.Environment": "ServiceHost", "EventData.EventsUploaded": "6", "EventData.EventsDropped": "0", "EventData.LastEventlogWrittenTime": "133022023494563756"}
{"EventID": "27", "Channel": "Microsoft-Windows-UniversalTelemetryClient/Operational", "Provider_Name": "Microsoft-Windows-UniversalTelemetryClient", "Computer": "DESKTOP-OFJ6N53", "TimeCreated": "2022-07-13 17:12:29.479795+00:00", "RecordID": "8753", "Level": "4", "UserID": "S-1-5-18", "EventData.Environment": "ServiceHost", "EventData.EventsUploaded": "7", "EventData.EventsDropped": "6", "EventData.LastEventlogWrittenTime": "133022041494477762"}
{"EventID": "27", "Channel": "Microsoft-Windows-UniversalTelemetryClient/Operational", "Provider_Name": "Microsoft-Windows-UniversalTelemetryClient", "Computer": "DESKTOP-OFJ6N53", "TimeCreated": "2022-07-13 17:42:29.499733+00:00", "RecordID": "8754", "Level": "4", "UserID": "S-1-5-18", "EventData.Environment": "ServiceHost", "EventData.EventsUploaded": "4", "EventData.EventsDropped": "0", "EventData.LastEventlogWrittenTime": "133022059494644239"}
{"EventID": "27", "Channel": "Microsoft-Windows-UniversalTelemetryClient/Operational", "Provider_Name": "Microsoft-Windows-UniversalTelemetryClient", "Computer": "DESKTOP-OFJ6N53", "TimeCreated": "2022-07-13 18:12:29.546616+00:00", "RecordID": "8755", "Level": "4", "UserID": "S-1-5-18", "EventData.Environment": "ServiceHost", "EventData.EventsUploaded": "8", "EventData.EventsDropped": "0", "EventData.LastEventlogWrittenTime": "133022077494850670"}
{"EventID": "27", "Channel": "Microsoft-Windows-UniversalTelemetryClient/Operational", "Provider_Name": "Microsoft-Windows-UniversalTelemetryClient", "Computer": "DESKTOP-OFJ6N53", "TimeCreated": "2022-07-13 18:42:29.563297+00:00", "RecordID": "8756", "Level": "4", "UserID": "S-1-5-18", "EventData.Environment": "ServiceHost", "EventData.EventsUploaded": "4", "EventData.EventsDropped": "0", "EventData.LastEventlogWrittenTime": "133022095495440973"}
{"EventID": "27", "Channel": "Microsoft-Windows-UniversalTelemetryClient/Operational", "Provider_Name": "Microsoft-Windows-UniversalTelemetryClient", "Computer": "DESKTOP-OFJ6N53", "TimeCreated": "2022-07-13 19:12:29.598660+00:00", "RecordID": "8757", "Level": "4", "UserID": "S-1-5-18", "EventData.Environment": "ServiceHost", "EventData.EventsUploaded": "8", "EventData.EventsDropped": "0", "EventData.LastEventlogWrittenTime": "133022113495625518"}
{"EventID": "27", "Channel": "Microsoft-Windows-UniversalTelemetryClient/Operational", "Provider_Name": "Microsoft-Windows-UniversalTelemetryClient", "Computer": "DESKTOP-OFJ6N53", "TimeCreated": "2022-07-13 19:42:29.607637+00:00", "RecordID": "8758", "Level": "4", "UserID": "S-1-5-18", "EventData.Environment": "ServiceHost", "EventData.EventsUploaded": "4", "EventData.EventsDropped": "0", "EventData.LastEventlogWrittenTime": "133022131495846775"}
{"EventID": "27", "Channel": "Microsoft-Windows-UniversalTelemetryClient/Operational", "Provider_Name": "Microsoft-Windows-UniversalTelemetryClient", "Computer": "DESKTOP-OFJ6N53", "TimeCreated": "2022-07-13 20:12:29.613255+00:00", "RecordID": "8759", "Level": "4", "UserID": "S-1-5-18", "EventData.Environment": "ServiceHost", "EventData.EventsUploaded": "7", "EventData.EventsDropped": "2", "EventData.LastEventlogWrittenTime": "133022149495934271"}
{"EventID": "27", "Channel": "Microsoft-Windows-UniversalTelemetryClient/Operational", "Provider_Name": "Microsoft-Windows-UniversalTelemetryClient", "Computer": "DESKTOP-OFJ6N53", "TimeCreated": "2022-07-13 20:42:29.894867+00:00", "RecordID": "8760", "Level": "4", "UserID": "S-1-5-18", "EventData.Environment": "ServiceHost", "EventData.EventsUploaded": "4", "EventData.EventsDropped": "0", "EventData.LastEventlogWrittenTime": "133022167495993425"}
{"EventID": "29", "Channel": "Microsoft-Windows-UniversalTelemetryClient/Operational", "Provider_Name": "Microsoft-Windows-UniversalTelemetryClient", "Computer": "DESKTOP-OFJ6N53", "TimeCreated": "2022-07-13 21:12:29.888838+00:00", "RecordID": "8761", "Level": "2", "UserID": "S-1-5-18", "EventData.Environment": "ServiceHost", "EventData.EventsUploaded": "0", "EventData.EventsDropped": "0", "EventData.LastEventlogWrittenTime": "133022185498911053", "EventData.FailedConnections": "6", "EventData.LastHttpError": "2147954402", "EventData.ProxySettingDetected": "False", "EventData.SslCertValidationFailures": "0", "EventData.LastSslCertFailure": "0"}
{"EventID": "29", "Channel": "Microsoft-Windows-UniversalTelemetryClient/Operational", "Provider_Name": "Microsoft-Windows-UniversalTelemetryClient", "Computer": "DESKTOP-OFJ6N53", "TimeCreated": "2022-07-13 21:42:29.904600+00:00", "RecordID": "8762", "Level": "2", "UserID": "S-1-5-18", "EventData.Environment": "ServiceHost", "EventData.EventsUploaded": "0", "EventData.EventsDropped": "0", "EventData.LastEventlogWrittenTime": "133022203498886255", "EventData.FailedConnections": "2", "EventData.LastHttpError": "2147954402", "EventData.ProxySettingDetected": "False", "EventData.SslCertValidationFailures": "0", "EventData.LastSslCertFailure": "0"}
{"EventID": "29", "Channel": "Microsoft-Windows-UniversalTelemetryClient/Operational", "Provider_Name": "Microsoft-Windows-UniversalTelemetryClient", "Computer": "DESKTOP-OFJ6N53", "TimeCreated": "2022-07-13 22:12:29.924482+00:00", "RecordID": "8763", "Level": "2", "UserID": "S-1-5-18", "EventData.Environment": "ServiceHost", "EventData.EventsUploaded": "0", "EventData.EventsDropped": "0", "EventData.LastEventlogWrittenTime": "133022221499014553", "EventData.FailedConnections": "2", "EventData.LastHttpError": "2147954402", "EventData.ProxySettingDetected": "False", "EventData.SslCertValidationFailures": "0", "EventData.LastSslCertFailure": "0"}
{"EventID": "27", "Channel": "Microsoft-Windows-UniversalTelemetryClient/Operational", "Provider_Name": "Microsoft-Windows-UniversalTelemetryClient", "Computer": "DESKTOP-OFJ6N53", "TimeCreated": "2022-07-13 22:42:30.146713+00:00", "RecordID": "8764", "Level": "4", "UserID": "S-1-5-18", "EventData.Environment": "ServiceHost", "EventData.EventsUploaded": "43", "EventData.EventsDropped": "0", "EventData.LastEventlogWrittenTime": "133022239499235530"}
{"EventID": "27", "Channel": "Microsoft-Windows-UniversalTelemetryClient/Operational", "Provider_Name": "Microsoft-Windows-UniversalTelemetryClient", "Computer": "DESKTOP-OFJ6N53", "TimeCreated": "2022-07-13 23:12:29.957869+00:00", "RecordID": "8765", "Level": "4", "UserID": "S-1-5-18", "EventData.Environment": "ServiceHost", "EventData.EventsUploaded": "11", "EventData.EventsDropped": "0", "EventData.LastEventlogWrittenTime": "133022257501445659"}
{"EventID": "27", "Channel": "Microsoft-Windows-UniversalTelemetryClient/Operational", "Provider_Name": "Microsoft-Windows-UniversalTelemetryClient", "Computer": "DESKTOP-OFJ6N53", "TimeCreated": "2022-07-13 23:42:29.980288+00:00", "RecordID": "8766", "Level": "4", "UserID": "S-1-5-18", "EventData.Environment": "ServiceHost", "EventData.EventsUploaded": "4", "EventData.EventsDropped": "0", "EventData.LastEventlogWrittenTime": "133022275499566054"}
{"EventID": "27", "Channel": "Microsoft-Windows-UniversalTelemetryClient/Operational", "Provider_Name": "Microsoft-Windows-UniversalTelemetryClient", "Computer": "DESKTOP-OFJ6N53", "TimeCreated": "2022-07-14 00:12:30.014826+00:00", "RecordID": "8767", "Level": "4", "UserID": "S-1-5-18", "EventData.Environment": "ServiceHost", "EventData.EventsUploaded": "7", "EventData.EventsDropped": "2", "EventData.LastEventlogWrittenTime": "133022293499747853"}
{"EventID": "27", "Channel": "Microsoft-Windows-UniversalTelemetryClient/Operational", "Provider_Name": "Microsoft-Windows-UniversalTelemetryClient", "Computer": "DESKTOP-OFJ6N53", "TimeCreated": "2022-07-14 00:42:30.057711+00:00", "RecordID": "8768", "Level": "4", "UserID": "S-1-5-18", "EventData.Environment": "ServiceHost", "EventData.EventsUploaded": "4", "EventData.EventsDropped": "0", "EventData.LastEventlogWrittenTime": "133022311500146495"}
{"EventID": "27", "Channel": "Microsoft-Windows-UniversalTelemetryClient/Operational", "Provider_Name": "Microsoft-Windows-UniversalTelemetryClient", "Computer": "DESKTOP-OFJ6N53", "TimeCreated": "2022-07-14 01:12:30.049520+00:00", "RecordID": "8769", "Level": "4", "UserID": "S-1-5-18", "EventData.Environment": "ServiceHost", "EventData.EventsUploaded": "118", "EventData.EventsDropped": "0", "EventData.LastEventlogWrittenTime": "133022329500550061"}
{"EventID": "27", "Channel": "Microsoft-Windows-UniversalTelemetryClient/Operational", "Provider_Name": "Microsoft-Windows-UniversalTelemetryClient", "Computer": "DESKTOP-OFJ6N53", "TimeCreated": "2022-07-14 01:42:30.116304+00:00", "RecordID": "8770", "Level": "4", "UserID": "S-1-5-18", "EventData.Environment": "ServiceHost", "EventData.EventsUploaded": "4", "EventData.EventsDropped": "0", "EventData.LastEventlogWrittenTime": "133022347500470079"}
{"EventID": "27", "Channel": "Microsoft-Windows-UniversalTelemetryClient/Operational", "Provider_Name": "Microsoft-Windows-UniversalTelemetryClient", "Computer": "DESKTOP-OFJ6N53", "TimeCreated": "2022-07-14 02:12:30.136255+00:00", "RecordID": "8771", "Level": "4", "UserID": "S-1-5-18", "EventData.Environment": "ServiceHost", "EventData.EventsUploaded": "7", "EventData.EventsDropped": "0", "EventData.LastEventlogWrittenTime": "133022365501161716"}
{"EventID": "27", "Channel": "Microsoft-Windows-UniversalTelemetryClient/Operational", "Provider_Name": "Microsoft-Windows-UniversalTelemetryClient", "Computer": "DESKTOP-OFJ6N53", "TimeCreated": "2022-07-14 02:42:30.145000+00:00", "RecordID": "8772", "Level": "4", "UserID": "S-1-5-18", "EventData.Environment": "ServiceHost", "EventData.EventsUploaded": "4", "EventData.EventsDropped": "0", "EventData.LastEventlogWrittenTime": "133022383501361148"}
{"EventID": "1", "Channel": "Microsoft-Windows-UniversalTelemetryClient/Operational", "Provider_Name": "Microsoft-Windows-UniversalTelemetryClient", "Computer": "DESKTOP-OFJ6N53", "TimeCreated": "2022-07-14 02:47:46.618153+00:00", "RecordID": "8773", "Level": "4", "UserID": "S-1-5-18", "EventData.Environment": "ServiceHost", "EventData.IKey": "P-ARIA-af397ef28e484961ba48646a5d38cf54-77418283-d6f6-4a90-b0c8-37e0f5e7b087-7425", "EventData.DiskSizeInBytes": "8388608", "EventData.DailyUploadQuotaInBytes": "0", "EventData.HRESULT": "2147943642"}
{"EventID": "27", "Channel": "Microsoft-Windows-UniversalTelemetryClient/Operational", "Provider_Name": "Microsoft-Windows-UniversalTelemetryClient", "Computer": "DESKTOP-OFJ6N53", "TimeCreated": "2022-07-14 03:12:30.161909+00:00", "RecordID": "8774", "Level": "4", "UserID": "S-1-5-18", "EventData.Environment": "ServiceHost", "EventData.EventsUploaded": "9", "EventData.EventsDropped": "0", "EventData.LastEventlogWrittenTime": "133022401501434974"}
{"EventID": "27", "Channel": "Microsoft-Windows-UniversalTelemetryClient/Operational", "Provider_Name": "Microsoft-Windows-UniversalTelemetryClient", "Computer": "DESKTOP-OFJ6N53", "TimeCreated": "2022-07-14 03:42:30.210396+00:00", "RecordID": "8775", "Level": "4", "UserID": "S-1-5-18", "EventData.Environment": "ServiceHost", "EventData.EventsUploaded": "4", "EventData.EventsDropped": "0", "EventData.LastEventlogWrittenTime": "133022419501607154"}
{"EventID": "27", "Channel": "Microsoft-Windows-UniversalTelemetryClient/Operational", "Provider_Name": "Microsoft-Windows-UniversalTelemetryClient", "Computer": "DESKTOP-OFJ6N53", "TimeCreated": "2022-07-14 04:12:30.231016+00:00", "RecordID": "8776", "Level": "4", "UserID": "S-1-5-18", "EventData.Environment": "ServiceHost", "EventData.EventsUploaded": "7", "EventData.EventsDropped": "0", "EventData.LastEventlogWrittenTime": "133022437502087180"}
