{"EventID": "16403", "Channel": "Microsoft-Windows-Bits-Client/Operational", "Provider_Name": "Microsoft-Windows-Bits-Client", "Computer": "DESKTOP-OFJ6N53", "TimeCreated": "2025-08-23 16:08:06.177776+00:00", "RecordID": "85217", "Level": "4", "UserID": "S-1-5-21-963789628-1060504924-4285088085-1001", "EventData.User": "DESKTOP-OFJ6N53\\sk.batsiev", "EventData.jobTitle": "Chrome Component Updater", "EventData.jobId": "{5ea5c820-22f2-4827-a071-ff85afff294c}", "EventData.jobOwner": "DESKTOP-OFJ6N53\\sk.batsiev", "EventData.fileCount": "1", "EventData.RemoteName": "http://dl.google.com/diffgen-puffin/efniojlnjndmcbiieegkicadnoecjjef/7dcd186a032f3164978ede20021d38f56c8b6f9d8306447fb42ceaa1d04ff271", "EventData.LocalName": "C:\\Users\\SKA580~1.BAT\\AppData\\Local\\Temp\\chrome_BITS_8232_650613947\\7dcd186a032f3164978ede20021d38f56c8b6f9d8306447fb42ceaa1d04ff271", "EventData.processId": "8232", "EventData.ClientProcessStartKey": "50102545854498854"}
{"EventID": "310", "Channel": "Microsoft-Windows-Bits-Client/Operational", "Provider_Name": "Microsoft-Windows-Bits-Client", "Computer": "DESKTOP-OFJ6N53", "TimeCreated": "2025-08-23 16:08:06.358816+00:00", "RecordID": "85218", "Level": "3", "UserID": "S-1-5-18", "EventData.ErrorCode": "2147942450"}
{"EventID": "59", "Channel": "Microsoft-Windows-Bits-Client/Operational", "Provider_Name": "Microsoft-Windows-Bits-Client", "Computer": "DESKTOP-OFJ6N53", "TimeCreated": "2025-08-23 16:08:06.363815+00:00", "RecordID": "85219", "Level": "4", "UserID": "S-1-5-18", "EventData.transferId": "{a3659e72-d14b-4780-984e-aace0fcced94}", "EventData.name": "Chrome Component Updater", "EventData.Id": "{5ea5c820-22f2-4827-a071-ff85afff294c}", "EventData.url": "http://dl.google.com/diffgen-puffin/efniojlnjndmcbiieegkicadnoecjjef/7dcd186a032f3164978ede20021d38f56c8b6f9d8306447fb42ceaa1d04ff271", "EventData.peer": null, "EventData.fileTime": "2025-08-17 13:11:31+00:00", "EventData.fileLength": "4952", "EventData.bytesTotal": "4952", "EventData.bytesTransferred": "0", "EventData.bytesTransferredFromPeer": "0"}
{"EventID": "60", "Channel": "Microsoft-Windows-Bits-Client/Operational", "Provider_Name": "Microsoft-Windows-Bits-Client", "Computer": "DESKTOP-OFJ6N53", "TimeCreated": "2025-08-23 16:08:38.064810+00:00", "RecordID": "85220", "Level": "4", "UserID": "S-1-5-18", "EventData.transferId": "{a3659e72-d14b-4780-984e-aace0fcced94}", "EventData.name": "Chrome Component Updater", "EventData.Id": "{5ea5c820-22f2-4827-a071-ff85afff294c}", "EventData.url": "http://dl.google.com/diffgen-puffin/efniojlnjndmcbiieegkicadnoecjjef/7dcd186a032f3164978ede20021d38f56c8b6f9d8306447fb42ceaa1d04ff271", "EventData.peer": null, "EventData.hr": "0", "EventData.fileTime": "2025-08-17 13:11:31+00:00", "EventData.fileLength": "4952", "EventData.bytesTotal": "4952", "EventData.bytesTransferred": "4952", "EventData.proxy": null, "EventData.peerProtocolFlags": "0", "EventData.bytesTransferredFromPeer": "0", "EventData.AdditionalInfoHr": "0", "EventData.PeerContextInfo": "0", "EventData.bandwidthLimit": "18446744073709551615", "EventData.ignoreBandwidthLimitsOnLan": "False"}
{"EventID": "4", "Channel": "Microsoft-Windows-Bits-Client/Operational", "Provider_Name": "Microsoft-Windows-Bits-Client", "Computer": "DESKTOP-OFJ6N53", "TimeCreated": "2025-08-23 16:08:38.369184+00:00", "RecordID": "85221", "Level": "4", "UserID": "S-1-5-18", "EventData.User": "DESKTOP-OFJ6N53\\sk.batsiev", "EventData.jobTitle": "Chrome Component Updater", "EventData.jobId": "{5ea5c820-22f2-4827-a071-ff85afff294c}", "EventData.jobOwner": "DESKTOP-OFJ6N53\\sk.batsiev", "EventData.fileCount": "1", "EventData.bytesTransferred": "4952", "EventData.bytesTransferredFromPeer": "0"}
{"EventID": "3", "Channel": "Microsoft-Windows-Bits-Client/Operational", "Provider_Name": "Microsoft-Windows-Bits-Client", "Computer": "DESKTOP-OFJ6N53", "TimeCreated": "2025-08-23 16:08:39.481007+00:00", "RecordID": "85222", "Level": "4", "UserID": "S-1-5-18", "EventData.jobTitle": "Chrome Component Updater", "EventData.jobId": "{7bdde3c5-b7f6-45e7-b65f-f7a8f4ce052b}", "EventData.jobOwner": "DESKTOP-OFJ6N53\\sk.batsiev", "EventData.processPath": "C:\\Program Files\\Google\\Chrome\\Application\\chrome.exe", "EventData.processId": "8232", "EventData.ClientProcessStartKey": "50102545854498854"}
{"EventID": "16403", "Channel": "Microsoft-Windows-Bits-Client/Operational", "Provider_Name": "Microsoft-Windows-Bits-Client", "Computer": "DESKTOP-OFJ6N53", "TimeCreated": "2025-08-23 16:08:39.490822+00:00", "RecordID": "85223", "Level": "4", "UserID": "S-1-5-21-963789628-1060504924-4285088085-1001", "EventData.User": "DESKTOP-OFJ6N53\\sk.batsiev", "EventData.jobTitle": "Chrome Component Updater", "EventData.jobId": "{7bdde3c5-b7f6-45e7-b65f-f7a8f4ce052b}", "EventData.jobOwner": "DESKTOP-OFJ6N53\\sk.batsiev", "EventData.fileCount": "1", "EventData.RemoteName": "http://edgedl.me.gvt1.com/edgedl/diffgen-puffin/jflookgnkcckhobaglndicnbbgbonegd/21b8ab191a99d39a02288b044a98efe7bc4da57a5094c8cb55381a92d6a87329", "EventData.LocalName": "C:\\Users\\SKA580~1.BAT\\AppData\\Local\\Temp\\chrome_BITS_8232_1432681517\\21b8ab191a99d39a02288b044a98efe7bc4da57a5094c8cb55381a92d6a87329", "EventData.processId": "8232", "EventData.ClientProcessStartKey": "50102545854498854"}
{"EventID": "61", "Channel": "Microsoft-Windows-Bits-Client/Operational", "Provider_Name": "Microsoft-Windows-Bits-Client", "Computer": "DESKTOP-OFJ6N53", "TimeCreated": "2025-08-23 16:09:21.724537+00:00", "RecordID": "85224", "Level": "3", "UserID": "S-1-5-18", "EventData.transferId": "{9f769b7b-33cb-4f89-aab3-b25f36306dc2}", "EventData.name": "Chrome Component Updater", "EventData.Id": "{7bdde3c5-b7f6-45e7-b65f-f7a8f4ce052b}", "EventData.url": "http://edgedl.me.gvt1.com/edgedl/diffgen-puffin/jflookgnkcckhobaglndicnbbgbonegd/21b8ab191a99d39a02288b044a98efe7bc4da57a5094c8cb55381a92d6a87329", "EventData.peer": null, "EventData.hr": "2147954402", "EventData.fileTime": "0001-01-01 00:00:00", "EventData.fileLength": "18446744073709551615", "EventData.bytesTotal": "18446744073709551615", "EventData.bytesTransferred": "0", "EventData.proxy": null, "EventData.peerProtocolFlags": "0", "EventData.bytesTransferredFromPeer": "0", "EventData.AdditionalInfoHr": "0", "EventData.PeerContextInfo": "0", "EventData.bandwidthLimit": "18446744073709551615", "EventData.ignoreBandwidthLimitsOnLan": "False"}
{"EventID": "3", "Channel": "Microsoft-Windows-Bits-Client/Operational", "Provider_Name": "Microsoft-Windows-Bits-Client", "Computer": "DESKTOP-OFJ6N53", "TimeCreated": "2025-08-23 16:09:28.452671+00:00", "RecordID": "85225", "Level": "4", "UserID": "S-1-5-18", "EventData.jobTitle": "PreSignInSettingsConfigJSON", "EventData.jobId": "{4d81b05e-b4af-44c4-9f65-0a7bf6671ec6}", "EventData.jobOwner": "DESKTOP-OFJ6N53\\sk.batsiev", "EventData.processPath": "C:\\Users\\sk.batsiev\\AppData\\Local\\Microsoft\\OneDrive\\OneDriveStandaloneUpdater.exe", "EventData.processId": "5128", "EventData.ClientProcessStartKey": "50102545854498974"}
{"EventID": "16403", "Channel": "Microsoft-Windows-Bits-Client/Operational", "Provider_Name": "Microsoft-Windows-Bits-Client", "Computer": "DESKTOP-OFJ6N53", "TimeCreated": "2025-08-23 16:09:28.460447+00:00", "RecordID": "85226", "Level": "4", "UserID": "S-1-5-21-963789628-1060504924-4285088085-1001", "EventData.User": "DESKTOP-OFJ6N53\\sk.batsiev", "EventData.jobTitle": "PreSignInSettingsConfigJSON", "EventData.jobId": "{4d81b05e-b4af-44c4-9f65-0a7bf6671ec6}", "EventData.jobOwner": "DESKTOP-OFJ6N53\\sk.batsiev", "EventData.fileCount": "1", "EventData.RemoteName": "https://g.live.com/odclientsettings/ProdV2", "EventData.LocalName": "C:\\Users\\SKA580~1.BAT\\AppData\\Local\\Temp\\wctC083.tmp", "EventData.processId": "5128", "EventData.ClientProcessStartKey": "50102545854498974"}
{"EventID": "59", "Channel": "Microsoft-Windows-Bits-Client/Operational", "Provider_Name": "Microsoft-Windows-Bits-Client", "Computer": "DESKTOP-OFJ6N53", "TimeCreated": "2025-08-23 16:09:29.676470+00:00", "RecordID": "85227", "Level": "4", "UserID": "S-1-5-18", "EventData.transferId": "{6aff18bb-e2e3-458b-a190-4c1389021e22}", "EventData.name": "PreSignInSettingsConfigJSON", "EventData.Id": "{4d81b05e-b4af-44c4-9f65-0a7bf6671ec6}", "EventData.url": "https://g.live.com/odclientsettings/ProdV2", "EventData.peer": null, "EventData.fileTime": "2025-08-22 23:46:45+00:00", "EventData.fileLength": "97641", "EventData.bytesTotal": "97641", "EventData.bytesTransferred": "0", "EventData.bytesTransferredFromPeer": "0"}
{"EventID": "60", "Channel": "Microsoft-Windows-Bits-Client/Operational", "Provider_Name": "Microsoft-Windows-Bits-Client", "Computer": "DESKTOP-OFJ6N53", "TimeCreated": "2025-08-23 16:09:30.142048+00:00", "RecordID": "85228", "Level": "4", "UserID": "S-1-5-18", "EventData.transferId": "{6aff18bb-e2e3-458b-a190-4c1389021e22}", "EventData.name": "PreSignInSettingsConfigJSON", "EventData.Id": "{4d81b05e-b4af-44c4-9f65-0a7bf6671ec6}", "EventData.url": "https://g.live.com/odclientsettings/ProdV2", "EventData.peer": null, "EventData.hr": "0", "EventData.fileTime": "2025-08-22 23:46:45+00:00", "EventData.fileLength": "97641", "EventData.bytesTotal": "97641", "EventData.bytesTransferred": "97641", "EventData.proxy": null, "EventData.peerProtocolFlags": "0", "EventData.bytesTransferredFromPeer": "0", "EventData.AdditionalInfoHr": "0", "EventData.PeerContextInfo": "0", "EventData.bandwidthLimit": "18446744073709551615", "EventData.ignoreBandwidthLimitsOnLan": "False"}
{"EventID": "4", "Channel": "Microsoft-Windows-Bits-Client/Operational", "Provider_Name": "Microsoft-Windows-Bits-Client", "Computer": "DESKTOP-OFJ6N53", "TimeCreated": "2025-08-23 16:09:30.144968+00:00", "RecordID": "85229", "Level": "4", "UserID": "S-1-5-18", "EventData.User": "DESKTOP-OFJ6N53\\sk.batsiev", "EventData.jobTitle": "PreSignInSettingsConfigJSON", "EventData.jobId": "{4d81b05e-b4af-44c4-9f65-0a7bf6671ec6}", "EventData.jobOwner": "DESKTOP-OFJ6N53\\sk.batsiev", "EventData.fileCount": "1", "EventData.bytesTransferred": "97641", "EventData.bytesTransferredFromPeer": "0"}
{"EventID": "61", "Channel": "Microsoft-Windows-Bits-Client/Operational", "Provider_Name": "Microsoft-Windows-Bits-Client", "Computer": "DESKTOP-OFJ6N53", "TimeCreated": "2025-08-23 16:10:42.787115+00:00", "RecordID": "85230", "Level": "3", "UserID": "S-1-5-18", "EventData.transferId": "{683b6c86-8280-4be0-b108-5b6c607d74c0}", "EventData.name": "Chrome Component Updater", "EventData.Id": "{7bdde3c5-b7f6-45e7-b65f-f7a8f4ce052b}", "EventData.url": "http://edgedl.me.gvt1.com/edgedl/diffgen-puffin/jflookgnkcckhobaglndicnbbgbonegd/21b8ab191a99d39a02288b044a98efe7bc4da57a5094c8cb55381a92d6a87329", "EventData.peer": null, "EventData.hr": "2147954402", "EventData.fileTime": "0001-01-01 00:00:00", "EventData.fileLength": "18446744073709551615", "EventData.bytesTotal": "18446744073709551615", "EventData.bytesTransferred": "0", "EventData.proxy": null, "EventData.peerProtocolFlags": "0", "EventData.bytesTransferredFromPeer": "0", "EventData.AdditionalInfoHr": "0", "EventData.PeerContextInfo": "0", "EventData.bandwidthLimit": "18446744073709551615", "EventData.ignoreBandwidthLimitsOnLan": "False"}
{"EventID": "61", "Channel": "Microsoft-Windows-Bits-Client/Operational", "Provider_Name": "Microsoft-Windows-Bits-Client", "Computer": "DESKTOP-OFJ6N53", "TimeCreated": "2025-08-23 16:12:04.384943+00:00", "RecordID": "85231", "Level": "3", "UserID": "S-1-5-18", "EventData.transferId": "{cf8f736a-770f-4b6f-8b3c-5e2b9a47c3c8}", "EventData.name": "Chrome Component Updater", "EventData.Id": "{7bdde3c5-b7f6-45e7-b65f-f7a8f4ce052b}", "EventData.url": "http://edgedl.me.gvt1.com/edgedl/diffgen-puffin/jflookgnkcckhobaglndicnbbgbonegd/21b8ab191a99d39a02288b044a98efe7bc4da57a5094c8cb55381a92d6a87329", "EventData.peer": null, "EventData.hr": "2147954402", "EventData.fileTime": "0001-01-01 00:00:00", "EventData.fileLength": "18446744073709551615", "EventData.bytesTotal": "18446744073709551615", "EventData.bytesTransferred": "0", "EventData.proxy": null, "EventData.peerProtocolFlags": "0", "EventData.bytesTransferredFromPeer": "0", "EventData.AdditionalInfoHr": "0", "EventData.PeerContextInfo": "0", "EventData.bandwidthLimit": "18446744073709551615", "EventData.ignoreBandwidthLimitsOnLan": "False"}
{"EventID": "61", "Channel": "Microsoft-Windows-Bits-Client/Operational", "Provider_Name": "Microsoft-Windows-Bits-Client", "Computer": "DESKTOP-OFJ6N53", "TimeCreated": "2025-08-23 16:13:25.536251+00:00", "RecordID": "85232", "Level": "3", "UserID": "S-1-5-18", "EventData.transferId": "{85a37cb0-1360-4cc4-a6d9-6caf19b06a38}", "EventData.name": "Chrome Component Updater", "EventData.Id": "{7bdde3c5-b7f6-45e7-b65f-f7a8f4ce052b}", "EventData.url": "http://edgedl.me.gvt1.com/edgedl/diffgen-puffin/jflookgnkcckhobaglndicnbbgbonegd/21b8ab191a99d39a02288b044a98efe7bc4da57a5094c8cb55381a92d6a87329", "EventData.peer": null, "EventData.hr": "2147954402", "EventData.fileTime": "0001-01-01 00:00:00", "EventData.fileLength": "18446744073709551615", "EventData.bytesTotal": "18446744073709551615", "EventData.bytesTransferred": "0", "EventData.proxy": null, "EventData.peerProtocolFlags": "0", "EventData.bytesTransferredFromPeer": "0", "EventData.AdditionalInfoHr": "0", "EventData.PeerContextInfo": "0", "EventData.bandwidthLimit": "18446744073709551615", "EventData.ignoreBandwidthLimitsOnLan": "False"}
{"EventID": "61", "Channel": "Microsoft-Windows-Bits-Client/Operational", "Provider_Name": "Microsoft-Windows-Bits-Client", "Computer": "DESKTOP-OFJ6N53", "TimeCreated": "2025-08-23 16:14:47.000198+00:00", "RecordID": "85233", "Level": "3", "UserID": "S-1-5-18", "EventData.transferId": "{35810517-5b7e-4531-8544-4513f8271b25}", "EventData.name": "Chrome Component Updater", "EventData.Id": "{7bdde3c5-b7f6-45e7-b65f-f7a8f4ce052b}", "EventData.url": "http://edgedl.me.gvt1.com/edgedl/diffgen-puffin/jflookgnkcckhobaglndicnbbgbonegd/21b8ab191a99d39a02288b044a98efe7bc4da57a5094c8cb55381a92d6a87329", "EventData.peer": null, "EventData.hr": "2147954402", "EventData.fileTime": "0001-01-01 00:00:00", "EventData.fileLength": "18446744073709551615", "EventData.bytesTotal": "18446744073709551615", "EventData.bytesTransferred": "0", "EventData.proxy": null, "EventData.peerProtocolFlags": "0", "EventData.bytesTransferredFromPeer": "0", "EventData.AdditionalInfoHr": "0", "EventData.PeerContextInfo": "0", "EventData.bandwidthLimit": "18446744073709551615", "EventData.ignoreBandwidthLimitsOnLan": "False"}
{"EventID": "61", "Channel": "Microsoft-Windows-Bits-Client/Operational", "Provider_Name": "Microsoft-Windows-Bits-Client", "Computer": "DESKTOP-OFJ6N53", "TimeCreated": "2025-08-23 16:16:08.529282+00:00", "RecordID": "85234", "Level": "3", "UserID": "S-1-5-18", "EventData.transferId": "{510b5b97-63dc-4ee8-96b7-fc9f2af6c038}", "EventData.name": "Chrome Component Updater", "EventData.Id": "{7bdde3c5-b7f6-45e7-b65f-f7a8f4ce052b}", "EventData.url": "http://edgedl.me.gvt1.com/edgedl/diffgen-puffin/jflookgnkcckhobaglndicnbbgbonegd/21b8ab191a99d39a02288b044a98efe7bc4da57a5094c8cb55381a92d6a87329", "EventData.peer": null, "EventData.hr": "2147954402", "EventData.fileTime": "0001-01-01 00:00:00", "EventData.fileLength": "18446744073709551615", "EventData.bytesTotal": "18446744073709551615", "EventData.bytesTransferred": "0", "EventData.proxy": null, "EventData.peerProtocolFlags": "0", "EventData.bytesTransferredFromPeer": "0", "EventData.AdditionalInfoHr": "0", "EventData.PeerContextInfo": "0", "EventData.bandwidthLimit": "18446744073709551615", "EventData.ignoreBandwidthLimitsOnLan": "False"}
{"EventID": "61", "Channel": "Microsoft-Windows-Bits-Client/Operational", "Provider_Name": "Microsoft-Windows-Bits-Client", "Computer": "DESKTOP-OFJ6N53", "TimeCreated": "2025-08-23 16:17:29.801645+00:00", "RecordID": "85235", "Level": "3", "UserID": "S-1-5-18", "EventData.transferId": "{27678681-9a73-4dfd-ac86-a4afa8aa6e0a}", "EventData.name": "Chrome Component Updater", "EventData.Id": "{7bdde3c5-b7f6-45e7-b65f-f7a8f4ce052b}", "EventData.url": "http://edgedl.me.gvt1.com/edgedl/diffgen-puffin/jflookgnkcckhobaglndicnbbgbonegd/21b8ab191a99d39a02288b044a98efe7bc4da57a5094c8cb55381a92d6a87329", "EventData.peer": null, "EventData.hr": "2147954402", "EventData.fileTime": "0001-01-01 00:00:00", "EventData.fileLength": "18446744073709551615", "EventData.bytesTotal": "18446744073709551615", "EventData.bytesTransferred": "0", "EventData.proxy": null, "EventData.peerProtocolFlags": "0", "EventData.bytesTransferredFromPeer": "0", "EventData.AdditionalInfoHr": "0", "EventData.PeerContextInfo": "0", "EventData.bandwidthLimit": "18446744073709551615", "EventData.ignoreBandwidthLimitsOnLan": "False"}
{"EventID": "61", "Channel": "Microsoft-Windows-Bits-Client/Operational", "Provider_Name": "Microsoft-Windows-Bits-Client", "Computer": "DESKTOP-OFJ6N53", "TimeCreated": "2025-08-23 16:18:50.981936+00:00", "RecordID": "85236", "Level": "3", "UserID": "S-1-5-18", "EventData.transferId": "{2b335f11-999f-417f-9bfd-25110870a23d}", "EventData.name": "Chrome Component Updater", "EventData.Id": "{7bdde3c5-b7f6-45e7-b65f-f7a8f4ce052b}", "EventData.url": "http://edgedl.me.gvt1.com/edgedl/diffgen-puffin/jflookgnkcckhobaglndicnbbgbonegd/21b8ab191a99d39a02288b044a98efe7bc4da57a5094c8cb55381a92d6a87329", "EventData.peer": null, "EventData.hr": "2147954402", "EventData.fileTime": "0001-01-01 00:00:00", "EventData.fileLength": "18446744073709551615", "EventData.bytesTotal": "18446744073709551615", "EventData.bytesTransferred": "0", "EventData.proxy": null, "EventData.peerProtocolFlags": "0", "EventData.bytesTransferredFromPeer": "0", "EventData.AdditionalInfoHr": "0", "EventData.PeerContextInfo": "0", "EventData.bandwidthLimit": "18446744073709551615", "EventData.ignoreBandwidthLimitsOnLan": "False"}
{"EventID": "61", "Channel": "Microsoft-Windows-Bits-Client/Operational", "Provider_Name": "Microsoft-Windows-Bits-Client", "Computer": "DESKTOP-OFJ6N53", "TimeCreated": "2025-08-23 16:20:12.277304+00:00", "RecordID": "85237", "Level": "3", "UserID": "S-1-5-18", "EventData.transferId": "{1b70b044-0604-4150-92f4-bdde8c4d1898}", "EventData.name": "Chrome Component Updater", "EventData.Id": "{7bdde3c5-b7f6-45e7-b65f-f7a8f4ce052b}", "EventData.url": "http://edgedl.me.gvt1.com/edgedl/diffgen-puffin/jflookgnkcckhobaglndicnbbgbonegd/21b8ab191a99d39a02288b044a98efe7bc4da57a5094c8cb55381a92d6a87329", "EventData.peer": null, "EventData.hr": "2147954402", "EventData.fileTime": "0001-01-01 00:00:00", "EventData.fileLength": "18446744073709551615", "EventData.bytesTotal": "18446744073709551615", "EventData.bytesTransferred": "0", "EventData.proxy": null, "EventData.peerProtocolFlags": "0", "EventData.bytesTransferredFromPeer": "0", "EventData.AdditionalInfoHr": "0", "EventData.PeerContextInfo": "0", "EventData.bandwidthLimit": "18446744073709551615", "EventData.ignoreBandwidthLimitsOnLan": "False"}
{"EventID": "61", "Channel": "Microsoft-Windows-Bits-Client/Operational", "Provider_Name": "Microsoft-Windows-Bits-Client", "Computer": "DESKTOP-OFJ6N53", "TimeCreated": "2025-08-23 16:21:33.435469+00:00", "RecordID": "85238", "Level": "3", "UserID": "S-1-5-18", "EventData.transferId": "{22953e20-cc1b-407b-a7ac-7b595dad9c49}", "EventData.name": "Chrome Component Updater", "EventData.Id": "{7bdde3c5-b7f6-45e7-b65f-f7a8f4ce052b}", "EventData.url": "http://edgedl.me.gvt1.com/edgedl/diffgen-puffin/jflookgnkcckhobaglndicnbbgbonegd/21b8ab191a99d39a02288b044a98efe7bc4da57a5094c8cb55381a92d6a87329", "EventData.peer": null, "EventData.hr": "2147954402", "EventData.fileTime": "0001-01-01 00:00:00", "EventData.fileLength": "18446744073709551615", "EventData.bytesTotal": "18446744073709551615", "EventData.bytesTransferred": "0", "EventData.proxy": null, "EventData.peerProtocolFlags": "0", "EventData.bytesTransferredFromPeer": "0", "EventData.AdditionalInfoHr": "0", "EventData.PeerContextInfo": "0", "EventData.bandwidthLimit": "18446744073709551615", "EventData.ignoreBandwidthLimitsOnLan": "False"}
{"EventID": "61", "Channel": "Microsoft-Windows-Bits-Client/Operational", "Provider_Name": "Microsoft-Windows-Bits-Client", "Computer": "DESKTOP-OFJ6N53", "TimeCreated": "2025-08-23 16:22:54.935461+00:00", "RecordID": "85239", "Level": "3", "UserID": "S-1-5-18", "EventData.transferId": "{ae632411-aa70-416a-b45a-c47f1001a6da}", "EventData.name": "Chrome Component Updater", "EventData.Id": "{7bdde3c5-b7f6-45e7-b65f-f7a8f4ce052b}", "EventData.url": "http://edgedl.me.gvt1.com/edgedl/diffgen-puffin/jflookgnkcckhobaglndicnbbgbonegd/21b8ab191a99d39a02288b044a98efe7bc4da57a5094c8cb55381a92d6a87329", "EventData.peer": null, "EventData.hr": "2147954402", "EventData.fileTime": "0001-01-01 00:00:00", "EventData.fileLength": "18446744073709551615", "EventData.bytesTotal": "18446744073709551615", "EventData.bytesTransferred": "0", "EventData.proxy": null, "EventData.peerProtocolFlags": "0", "EventData.bytesTransferredFromPeer": "0", "EventData.AdditionalInfoHr": "0", "EventData.PeerContextInfo": "0", "EventData.bandwidthLimit": "18446744073709551615", "EventData.ignoreBandwidthLimitsOnLan": "False"}
{"EventID": "5", "Channel": "Microsoft-Windows-Bits-Client/Operational", "Provider_Name": "Microsoft-Windows-Bits-Client", "Computer": "DESKTOP-OFJ6N53", "TimeCreated": "2025-08-23 16:23:57.389662+00:00", "RecordID": "85240", "Level": "4", "UserID": "S-1-5-21-963789628-1060504924-4285088085-1001", "EventData.User": "DESKTOP-OFJ6N53\\sk.batsiev", "EventData.jobTitle": "Chrome Component Updater", "EventData.jobId": "{7bdde3c5-b7f6-45e7-b65f-f7a8f4ce052b}", "EventData.jobOwner": "DESKTOP-OFJ6N53\\sk.batsiev", "EventData.fileCount": "1"}
{"EventID": "3", "Channel": "Microsoft-Windows-Bits-Client/Operational", "Provider_Name": "Microsoft-Windows-Bits-Client", "Computer": "DESKTOP-OFJ6N53", "TimeCreated": "2025-08-23 16:23:57.395384+00:00", "RecordID": "85241", "Level": "4", "UserID": "S-1-5-18", "EventData.jobTitle": "Chrome Component Updater", "EventData.jobId": "{f2b18f0e-ccd4-4736-b0d3-3e24d792a4ba}", "EventData.jobOwner": "DESKTOP-OFJ6N53\\sk.batsiev", "EventData.processPath": "C:\\Program Files\\Google\\Chrome\\Application\\chrome.exe", "EventData.processId": "8232", "EventData.ClientProcessStartKey": "50102545854498854"}
{"EventID": "16403", "Channel": "Microsoft-Windows-Bits-Client/Operational", "Provider_Name": "Microsoft-Windows-Bits-Client", "Computer": "DESKTOP-OFJ6N53", "TimeCreated": "2025-08-23 16:23:57.403807+00:00", "RecordID": "85242", "Level": "4", "UserID": "S-1-5-21-963789628-1060504924-4285088085-1001", "EventData.User": "DESKTOP-OFJ6N53\\sk.batsiev", "EventData.jobTitle": "Chrome Component Updater", "EventData.jobId": "{f2b18f0e-ccd4-4736-b0d3-3e24d792a4ba}", "EventData.jobOwner": "DESKTOP-OFJ6N53\\sk.batsiev", "EventData.fileCount": "1", "EventData.RemoteName": "https://edgedl.me.gvt1.com/edgedl/diffgen-puffin/jflookgnkcckhobaglndicnbbgbonegd/21b8ab191a99d39a02288b044a98efe7bc4da57a5094c8cb55381a92d6a87329", "EventData.LocalName": "C:\\Users\\SKA580~1.BAT\\AppData\\Local\\Temp\\chrome_BITS_8232_285373654\\21b8ab191a99d39a02288b044a98efe7bc4da57a5094c8cb55381a92d6a87329", "EventData.processId": "8232", "EventData.ClientProcessStartKey": "50102545854498854"}
{"EventID": "61", "Channel": "Microsoft-Windows-Bits-Client/Operational", "Provider_Name": "Microsoft-Windows-Bits-Client", "Computer": "DESKTOP-OFJ6N53", "TimeCreated": "2025-08-23 16:24:39.669662+00:00", "RecordID": "85243", "Level": "3", "UserID": "S-1-5-18", "EventData.transferId": "{dc0d71f4-2872-490d-a259-c909938328f6}", "EventData.name": "Chrome Component Updater", "EventData.Id": "{f2b18f0e-ccd4-4736-b0d3-3e24d792a4ba}", "EventData.url": "https://edgedl.me.gvt1.com/edgedl/diffgen-puffin/jflookgnkcckhobaglndicnbbgbonegd/21b8ab191a99d39a02288b044a98efe7bc4da57a5094c8cb55381a92d6a87329", "EventData.peer": null, "EventData.hr": "2147954402", "EventData.fileTime": "0001-01-01 00:00:00", "EventData.fileLength": "18446744073709551615", "EventData.bytesTotal": "18446744073709551615", "EventData.bytesTransferred": "0", "EventData.proxy": null, "EventData.peerProtocolFlags": "0", "EventData.bytesTransferredFromPeer": "0", "EventData.AdditionalInfoHr": "0", "EventData.PeerContextInfo": "0", "EventData.bandwidthLimit": "18446744073709551615", "EventData.ignoreBandwidthLimitsOnLan": "False"}
{"EventID": "61", "Channel": "Microsoft-Windows-Bits-Client/Operational", "Provider_Name": "Microsoft-Windows-Bits-Client", "Computer": "DESKTOP-OFJ6N53", "TimeCreated": "2025-08-23 16:26:01.192053+00:00", "RecordID": "85244", "Level": "3", "UserID": "S-1-5-18", "EventData.transferId": "{46c6bb79-8f26-4f92-9fac-bfcb551dc1a6}", "EventData.name": "Chrome Component Updater", "EventData.Id": "{f2b18f0e-ccd4-4736-b0d3-3e24d792a4ba}", "EventData.url": "https://edgedl.me.gvt1.com/edgedl/diffgen-puffin/jflookgnkcckhobaglndicnbbgbonegd/21b8ab191a99d39a02288b044a98efe7bc4da57a5094c8cb55381a92d6a87329", "EventData.peer": null, "EventData.hr": "2147954402", "EventData.fileTime": "0001-01-01 00:00:00", "EventData.fileLength": "18446744073709551615", "EventData.bytesTotal": "18446744073709551615", "EventData.bytesTransferred": "0", "EventData.proxy": null, "EventData.peerProtocolFlags": "0", "EventData.bytesTransferredFromPeer": "0", "EventData.AdditionalInfoHr": "0", "EventData.PeerContextInfo": "0", "EventData.bandwidthLimit": "18446744073709551615", "EventData.ignoreBandwidthLimitsOnLan": "False"}
{"EventID": "61", "Channel": "Microsoft-Windows-Bits-Client/Operational", "Provider_Name": "Microsoft-Windows-Bits-Client", "Computer": "DESKTOP-OFJ6N53", "TimeCreated": "2025-08-23 16:27:22.435322+00:00", "RecordID": "85245", "Level": "3", "UserID": "S-1-5-18", "EventData.transferId": "{f64e36ac-0bfa-4e24-adf0-24bab1bf4d40}", "EventData.name": "Chrome Component Updater", "EventData.Id": "{f2b18f0e-ccd4-4736-b0d3-3e24d792a4ba}", "EventData.url": "https://edgedl.me.gvt1.com/edgedl/diffgen-puffin/jflookgnkcckhobaglndicnbbgbonegd/21b8ab191a99d39a02288b044a98efe7bc4da57a5094c8cb55381a92d6a87329", "EventData.peer": null, "EventData.hr": "2147954402", "EventData.fileTime": "0001-01-01 00:00:00", "EventData.fileLength": "18446744073709551615", "EventData.bytesTotal": "18446744073709551615", "EventData.bytesTransferred": "0", "EventData.proxy": null, "EventData.peerProtocolFlags": "0", "EventData.bytesTransferredFromPeer": "0", "EventData.AdditionalInfoHr": "0", "EventData.PeerContextInfo": "0", "EventData.bandwidthLimit": "18446744073709551615", "EventData.ignoreBandwidthLimitsOnLan": "False"}
{"EventID": "61", "Channel": "Microsoft-Windows-Bits-Client/Operational", "Provider_Name": "Microsoft-Windows-Bits-Client", "Computer": "DESKTOP-OFJ6N53", "TimeCreated": "2025-08-23 16:28:43.654453+00:00", "RecordID": "85246", "Level": "3", "UserID": "S-1-5-18", "EventData.transferId": "{3087f5b7-e542-4592-ab9c-e0553dd6dee7}", "EventData.name": "Chrome Component Updater", "EventData.Id": "{f2b18f0e-ccd4-4736-b0d3-3e24d792a4ba}", "EventData.url": "https://edgedl.me.gvt1.com/edgedl/diffgen-puffin/jflookgnkcckhobaglndicnbbgbonegd/21b8ab191a99d39a02288b044a98efe7bc4da57a5094c8cb55381a92d6a87329", "EventData.peer": null, "EventData.hr": "2147954402", "EventData.fileTime": "0001-01-01 00:00:00", "EventData.fileLength": "18446744073709551615", "EventData.bytesTotal": "18446744073709551615", "EventData.bytesTransferred": "0", "EventData.proxy": null, "EventData.peerProtocolFlags": "0", "EventData.bytesTransferredFromPeer": "0", "EventData.AdditionalInfoHr": "0", "EventData.PeerContextInfo": "0", "EventData.bandwidthLimit": "18446744073709551615", "EventData.ignoreBandwidthLimitsOnLan": "False"}
{"EventID": "61", "Channel": "Microsoft-Windows-Bits-Client/Operational", "Provider_Name": "Microsoft-Windows-Bits-Client", "Computer": "DESKTOP-OFJ6N53", "TimeCreated": "2025-08-23 16:30:04.857353+00:00", "RecordID": "85247", "Level": "3", "UserID": "S-1-5-18", "EventData.transferId": "{85076498-5f00-4822-8e07-4223a6e3179a}", "EventData.name": "Chrome Component Updater", "EventData.Id": "{f2b18f0e-ccd4-4736-b0d3-3e24d792a4ba}", "EventData.url": "https://edgedl.me.gvt1.com/edgedl/diffgen-puffin/jflookgnkcckhobaglndicnbbgbonegd/21b8ab191a99d39a02288b044a98efe7bc4da57a5094c8cb55381a92d6a87329", "EventData.peer": null, "EventData.hr": "2147954402", "EventData.fileTime": "0001-01-01 00:00:00", "EventData.fileLength": "18446744073709551615", "EventData.bytesTotal": "18446744073709551615", "EventData.bytesTransferred": "0", "EventData.proxy": null, "EventData.peerProtocolFlags": "0", "EventData.bytesTransferredFromPeer": "0", "EventData.AdditionalInfoHr": "0", "EventData.PeerContextInfo": "0", "EventData.bandwidthLimit": "18446744073709551615", "EventData.ignoreBandwidthLimitsOnLan": "False"}
{"EventID": "61", "Channel": "Microsoft-Windows-Bits-Client/Operational", "Provider_Name": "Microsoft-Windows-Bits-Client", "Computer": "DESKTOP-OFJ6N53", "TimeCreated": "2025-08-23 16:31:26.024200+00:00", "RecordID": "85248", "Level": "3", "UserID": "S-1-5-18", "EventData.transferId": "{c10465c5-2e8a-44e9-8994-d28610eaa301}", "EventData.name": "Chrome Component Updater", "EventData.Id": "{f2b18f0e-ccd4-4736-b0d3-3e24d792a4ba}", "EventData.url": "https://edgedl.me.gvt1.com/edgedl/diffgen-puffin/jflookgnkcckhobaglndicnbbgbonegd/21b8ab191a99d39a02288b044a98efe7bc4da57a5094c8cb55381a92d6a87329", "EventData.peer": null, "EventData.hr": "2147954402", "EventData.fileTime": "0001-01-01 00:00:00", "EventData.fileLength": "18446744073709551615", "EventData.bytesTotal": "18446744073709551615", "EventData.bytesTransferred": "0", "EventData.proxy": null, "EventData.peerProtocolFlags": "0", "EventData.bytesTransferredFromPeer": "0", "EventData.AdditionalInfoHr": "0", "EventData.PeerContextInfo": "0", "EventData.bandwidthLimit": "18446744073709551615", "EventData.ignoreBandwidthLimitsOnLan": "False"}
{"EventID": "61", "Channel": "Microsoft-Windows-Bits-Client/Operational", "Provider_Name": "Microsoft-Windows-Bits-Client", "Computer": "DESKTOP-OFJ6N53", "TimeCreated": "2025-08-23 16:32:47.558943+00:00", "RecordID": "85249", "Level": "3", "UserID": "S-1-5-18", "EventData.transferId": "{483a0de0-960d-4427-b3e7-05288fafba7c}", "EventData.name": "Chrome Component Updater", "EventData.Id": "{f2b18f0e-ccd4-4736-b0d3-3e24d792a4ba}", "EventData.url": "https://edgedl.me.gvt1.com/edgedl/diffgen-puffin/jflookgnkcckhobaglndicnbbgbonegd/21b8ab191a99d39a02288b044a98efe7bc4da57a5094c8cb55381a92d6a87329", "EventData.peer": null, "EventData.hr": "2147954402", "EventData.fileTime": "0001-01-01 00:00:00", "EventData.fileLength": "18446744073709551615", "EventData.bytesTotal": "18446744073709551615", "EventData.bytesTransferred": "0", "EventData.proxy": null, "EventData.peerProtocolFlags": "0", "EventData.bytesTransferredFromPeer": "0", "EventData.AdditionalInfoHr": "0", "EventData.PeerContextInfo": "0", "EventData.bandwidthLimit": "18446744073709551615", "EventData.ignoreBandwidthLimitsOnLan": "False"}
{"EventID": "3", "Channel": "Microsoft-Windows-Bits-Client/Operational", "Provider_Name": "Microsoft-Windows-Bits-Client", "Computer": "DESKTOP-OFJ6N53", "TimeCreated": "2025-08-23 16:33:36.145012+00:00", "RecordID": "85250", "Level": "4", "UserID": "S-1-5-18", "EventData.jobTitle": "NucleusUpdateRingConfigJSON", "EventData.jobId": "{aaf4c0f5-947e-4909-8f03-ebfe49f442ab}", "EventData.jobOwner": "DESKTOP-OFJ6N53\\sk.batsiev", "EventData.processPath": "C:\\Users\\sk.batsiev\\AppData\\Local\\Microsoft\\OneDrive\\25.140.0720.0001\\Microsoft.SharePoint.exe", "EventData.processId": "11808", "EventData.ClientProcessStartKey": "50102545854497916"}
{"EventID": "16403", "Channel": "Microsoft-Windows-Bits-Client/Operational", "Provider_Name": "Microsoft-Windows-Bits-Client", "Computer": "DESKTOP-OFJ6N53", "TimeCreated": "2025-08-23 16:33:36.154646+00:00", "RecordID": "85251", "Level": "4", "UserID": "S-1-5-21-963789628-1060504924-4285088085-1001", "EventData.User": "DESKTOP-OFJ6N53\\sk.batsiev", "EventData.jobTitle": "NucleusUpdateRingConfigJSON", "EventData.jobId": "{aaf4c0f5-947e-4909-8f03-ebfe49f442ab}", "EventData.jobOwner": "DESKTOP-OFJ6N53\\sk.batsiev", "EventData.fileCount": "1", "EventData.RemoteName": "https://g.live.com/odclientsettings/ProdV2?OneDriveUpdate=30dff50d3426abe439d120ce129", "EventData.LocalName": "C:\\Users\\SKA580~1.BAT\\AppData\\Local\\Temp\\wctD79B.tmp", "EventData.processId": "11808", "EventData.ClientProcessStartKey": "50102545854497916"}
{"EventID": "59", "Channel": "Microsoft-Windows-Bits-Client/Operational", "Provider_Name": "Microsoft-Windows-Bits-Client", "Computer": "DESKTOP-OFJ6N53", "TimeCreated": "2025-08-23 16:33:36.914604+00:00", "RecordID": "85252", "Level": "4", "UserID": "S-1-5-18", "EventData.transferId": "{032a0345-cb9c-43ae-ba4d-bfe9af4dd9ef}", "EventData.name": "NucleusUpdateRingConfigJSON", "EventData.Id": "{aaf4c0f5-947e-4909-8f03-ebfe49f442ab}", "EventData.url": "https://g.live.com/odclientsettings/ProdV2?OneDriveUpdate=30dff50d3426abe439d120ce129", "EventData.peer": null, "EventData.fileTime": "2025-08-22 23:46:45+00:00", "EventData.fileLength": "97641", "EventData.bytesTotal": "97641", "EventData.bytesTransferred": "0", "EventData.bytesTransferredFromPeer": "0"}
{"EventID": "60", "Channel": "Microsoft-Windows-Bits-Client/Operational", "Provider_Name": "Microsoft-Windows-Bits-Client", "Computer": "DESKTOP-OFJ6N53", "TimeCreated": "2025-08-23 16:33:37.168991+00:00", "RecordID": "85253", "Level": "4", "UserID": "S-1-5-18", "EventData.transferId": "{032a0345-cb9c-43ae-ba4d-bfe9af4dd9ef}", "EventData.name": "NucleusUpdateRingConfigJSON", "EventData.Id": "{aaf4c0f5-947e-4909-8f03-ebfe49f442ab}", "EventData.url": "https://g.live.com/odclientsettings/ProdV2?OneDriveUpdate=30dff50d3426abe439d120ce129", "EventData.peer": null, "EventData.hr": "0", "EventData.fileTime": "2025-08-22 23:46:45+00:00", "EventData.fileLength": "97641", "EventData.bytesTotal": "97641", "EventData.bytesTransferred": "97641", "EventData.proxy": null, "EventData.peerProtocolFlags": "0", "EventData.bytesTransferredFromPeer": "0", "EventData.AdditionalInfoHr": "0", "EventData.PeerContextInfo": "0", "EventData.bandwidthLimit": "18446744073709551615", "EventData.ignoreBandwidthLimitsOnLan": "False"}
{"EventID": "4", "Channel": "Microsoft-Windows-Bits-Client/Operational", "Provider_Name": "Microsoft-Windows-Bits-Client", "Computer": "DESKTOP-OFJ6N53", "TimeCreated": "2025-08-23 16:33:37.171921+00:00", "RecordID": "85254", "Level": "4", "UserID": "S-1-5-18", "EventData.User": "DESKTOP-OFJ6N53\\sk.batsiev", "EventData.jobTitle": "NucleusUpdateRingConfigJSON", "EventData.jobId": "{aaf4c0f5-947e-4909-8f03-ebfe49f442ab}", "EventData.jobOwner": "DESKTOP-OFJ6N53\\sk.batsiev", "EventData.fileCount": "1", "EventData.bytesTransferred": "97641", "EventData.bytesTransferredFromPeer": "0"}
{"EventID": "61", "Channel": "Microsoft-Windows-Bits-Client/Operational", "Provider_Name": "Microsoft-Windows-Bits-Client", "Computer": "DESKTOP-OFJ6N53", "TimeCreated": "2025-08-23 16:34:08.681358+00:00", "RecordID": "85255", "Level": "3", "UserID": "S-1-5-18", "EventData.transferId": "{bf95979b-74ee-4881-aea6-8da035b9efff}", "EventData.name": "Chrome Component Updater", "EventData.Id": "{f2b18f0e-ccd4-4736-b0d3-3e24d792a4ba}", "EventData.url": "https://edgedl.me.gvt1.com/edgedl/diffgen-puffin/jflookgnkcckhobaglndicnbbgbonegd/21b8ab191a99d39a02288b044a98efe7bc4da57a5094c8cb55381a92d6a87329", "EventData.peer": null, "EventData.hr": "2147954402", "EventData.fileTime": "0001-01-01 00:00:00", "EventData.fileLength": "18446744073709551615", "EventData.bytesTotal": "18446744073709551615", "EventData.bytesTransferred": "0", "EventData.proxy": null, "EventData.peerProtocolFlags": "0", "EventData.bytesTransferredFromPeer": "0", "EventData.AdditionalInfoHr": "0", "EventData.PeerContextInfo": "0", "EventData.bandwidthLimit": "18446744073709551615", "EventData.ignoreBandwidthLimitsOnLan": "False"}
{"EventID": "61", "Channel": "Microsoft-Windows-Bits-Client/Operational", "Provider_Name": "Microsoft-Windows-Bits-Client", "Computer": "DESKTOP-OFJ6N53", "TimeCreated": "2025-08-23 16:35:29.916536+00:00", "RecordID": "85256", "Level": "3", "UserID": "S-1-5-18", "EventData.transferId": "{0e94dfc0-ae94-4d90-83cd-9a7ff0af4fb4}", "EventData.name": "Chrome Component Updater", "EventData.Id": "{f2b18f0e-ccd4-4736-b0d3-3e24d792a4ba}", "EventData.url": "https://edgedl.me.gvt1.com/edgedl/diffgen-puffin/jflookgnkcckhobaglndicnbbgbonegd/21b8ab191a99d39a02288b044a98efe7bc4da57a5094c8cb55381a92d6a87329", "EventData.peer": null, "EventData.hr": "2147954402", "EventData.fileTime": "0001-01-01 00:00:00", "EventData.fileLength": "18446744073709551615", "EventData.bytesTotal": "18446744073709551615", "EventData.bytesTransferred": "0", "EventData.proxy": null, "EventData.peerProtocolFlags": "0", "EventData.bytesTransferredFromPeer": "0", "EventData.AdditionalInfoHr": "0", "EventData.PeerContextInfo": "0", "EventData.bandwidthLimit": "18446744073709551615", "EventData.ignoreBandwidthLimitsOnLan": "False"}
{"EventID": "61", "Channel": "Microsoft-Windows-Bits-Client/Operational", "Provider_Name": "Microsoft-Windows-Bits-Client", "Computer": "DESKTOP-OFJ6N53", "TimeCreated": "2025-08-23 16:36:51.185387+00:00", "RecordID": "85257", "Level": "3", "UserID": "S-1-5-18", "EventData.transferId": "{9624e018-b862-4616-9da7-286927eb2e68}", "EventData.name": "Chrome Component Updater", "EventData.Id": "{f2b18f0e-ccd4-4736-b0d3-3e24d792a4ba}", "EventData.url": "https://edgedl.me.gvt1.com/edgedl/diffgen-puffin/jflookgnkcckhobaglndicnbbgbonegd/21b8ab191a99d39a02288b044a98efe7bc4da57a5094c8cb55381a92d6a87329", "EventData.peer": null, "EventData.hr": "2147954402", "EventData.fileTime": "0001-01-01 00:00:00", "EventData.fileLength": "18446744073709551615", "EventData.bytesTotal": "18446744073709551615", "EventData.bytesTransferred": "0", "EventData.proxy": null, "EventData.peerProtocolFlags": "0", "EventData.bytesTransferredFromPeer": "0", "EventData.AdditionalInfoHr": "0", "EventData.PeerContextInfo": "0", "EventData.bandwidthLimit": "18446744073709551615", "EventData.ignoreBandwidthLimitsOnLan": "False"}
{"EventID": "61", "Channel": "Microsoft-Windows-Bits-Client/Operational", "Provider_Name": "Microsoft-Windows-Bits-Client", "Computer": "DESKTOP-OFJ6N53", "TimeCreated": "2025-08-23 16:38:12.796522+00:00", "RecordID": "85258", "Level": "3", "UserID": "S-1-5-18", "EventData.transferId": "{7432dfd8-70ae-496a-84e9-2f0bdec0fc72}", "EventData.name": "Chrome Component Updater", "EventData.Id": "{f2b18f0e-ccd4-4736-b0d3-3e24d792a4ba}", "EventData.url": "https://edgedl.me.gvt1.com/edgedl/diffgen-puffin/jflookgnkcckhobaglndicnbbgbonegd/21b8ab191a99d39a02288b044a98efe7bc4da57a5094c8cb55381a92d6a87329", "EventData.peer": null, "EventData.hr": "2147954402", "EventData.fileTime": "0001-01-01 00:00:00", "EventData.fileLength": "18446744073709551615", "EventData.bytesTotal": "18446744073709551615", "EventData.bytesTransferred": "0", "EventData.proxy": null, "EventData.peerProtocolFlags": "0", "EventData.bytesTransferredFromPeer": "0", "EventData.AdditionalInfoHr": "0", "EventData.PeerContextInfo": "0", "EventData.bandwidthLimit": "18446744073709551615", "EventData.ignoreBandwidthLimitsOnLan": "False"}
{"EventID": "5", "Channel": "Microsoft-Windows-Bits-Client/Operational", "Provider_Name": "Microsoft-Windows-Bits-Client", "Computer": "DESKTOP-OFJ6N53", "TimeCreated": "2025-08-23 16:39:12.947992+00:00", "RecordID": "85259", "Level": "4", "UserID": "S-1-5-21-963789628-1060504924-4285088085-1001", "EventData.User": "DESKTOP-OFJ6N53\\sk.batsiev", "EventData.jobTitle": "Chrome Component Updater", "EventData.jobId": "{f2b18f0e-ccd4-4736-b0d3-3e24d792a4ba}", "EventData.jobOwner": "DESKTOP-OFJ6N53\\sk.batsiev", "EventData.fileCount": "1"}
{"EventID": "3", "Channel": "Microsoft-Windows-Bits-Client/Operational", "Provider_Name": "Microsoft-Windows-Bits-Client", "Computer": "DESKTOP-OFJ6N53", "TimeCreated": "2025-08-23 16:39:12.972330+00:00", "RecordID": "85260", "Level": "4", "UserID": "S-1-5-18", "EventData.jobTitle": "Chrome Component Updater", "EventData.jobId": "{e74c2686-ea9f-4b09-a2f7-18b157588c2b}", "EventData.jobOwner": "DESKTOP-OFJ6N53\\sk.batsiev", "EventData.processPath": "C:\\Program Files\\Google\\Chrome\\Application\\chrome.exe", "EventData.processId": "8232", "EventData.ClientProcessStartKey": "50102545854498854"}
{"EventID": "16403", "Channel": "Microsoft-Windows-Bits-Client/Operational", "Provider_Name": "Microsoft-Windows-Bits-Client", "Computer": "DESKTOP-OFJ6N53", "TimeCreated": "2025-08-23 16:39:13.232109+00:00", "RecordID": "85261", "Level": "4", "UserID": "S-1-5-21-963789628-1060504924-4285088085-1001", "EventData.User": "DESKTOP-OFJ6N53\\sk.batsiev", "EventData.jobTitle": "Chrome Component Updater", "EventData.jobId": "{e74c2686-ea9f-4b09-a2f7-18b157588c2b}", "EventData.jobOwner": "DESKTOP-OFJ6N53\\sk.batsiev", "EventData.fileCount": "1", "EventData.RemoteName": "http://dl.google.com/diffgen-puffin/jflookgnkcckhobaglndicnbbgbonegd/21b8ab191a99d39a02288b044a98efe7bc4da57a5094c8cb55381a92d6a87329", "EventData.LocalName": "C:\\Users\\SKA580~1.BAT\\AppData\\Local\\Temp\\chrome_BITS_8232_182786309\\21b8ab191a99d39a02288b044a98efe7bc4da57a5094c8cb55381a92d6a87329", "EventData.processId": "8232", "EventData.ClientProcessStartKey": "50102545854498854"}
{"EventID": "59", "Channel": "Microsoft-Windows-Bits-Client/Operational", "Provider_Name": "Microsoft-Windows-Bits-Client", "Computer": "DESKTOP-OFJ6N53", "TimeCreated": "2025-08-23 16:39:14.035217+00:00", "RecordID": "85262", "Level": "4", "UserID": "S-1-5-18", "EventData.transferId": "{795c9d35-369f-4009-b03f-482377ca7b75}", "EventData.name": "Chrome Component Updater", "EventData.Id": "{e74c2686-ea9f-4b09-a2f7-18b157588c2b}", "EventData.url": "http://dl.google.com/diffgen-puffin/jflookgnkcckhobaglndicnbbgbonegd/21b8ab191a99d39a02288b044a98efe7bc4da57a5094c8cb55381a92d6a87329", "EventData.peer": null, "EventData.fileTime": "2025-08-22 18:55:58+00:00", "EventData.fileLength": "7192", "EventData.bytesTotal": "7192", "EventData.bytesTransferred": "0", "EventData.bytesTransferredFromPeer": "0"}
{"EventID": "60", "Channel": "Microsoft-Windows-Bits-Client/Operational", "Provider_Name": "Microsoft-Windows-Bits-Client", "Computer": "DESKTOP-OFJ6N53", "TimeCreated": "2025-08-23 16:39:14.726997+00:00", "RecordID": "85263", "Level": "4", "UserID": "S-1-5-18", "EventData.transferId": "{795c9d35-369f-4009-b03f-482377ca7b75}", "EventData.name": "Chrome Component Updater", "EventData.Id": "{e74c2686-ea9f-4b09-a2f7-18b157588c2b}", "EventData.url": "http://dl.google.com/diffgen-puffin/jflookgnkcckhobaglndicnbbgbonegd/21b8ab191a99d39a02288b044a98efe7bc4da57a5094c8cb55381a92d6a87329", "EventData.peer": null, "EventData.hr": "0", "EventData.fileTime": "2025-08-22 18:55:58+00:00", "EventData.fileLength": "7192", "EventData.bytesTotal": "7192", "EventData.bytesTransferred": "7192", "EventData.proxy": null, "EventData.peerProtocolFlags": "0", "EventData.bytesTransferredFromPeer": "0", "EventData.AdditionalInfoHr": "0", "EventData.PeerContextInfo": "0", "EventData.bandwidthLimit": "18446744073709551615", "EventData.ignoreBandwidthLimitsOnLan": "False"}
{"EventID": "4", "Channel": "Microsoft-Windows-Bits-Client/Operational", "Provider_Name": "Microsoft-Windows-Bits-Client", "Computer": "DESKTOP-OFJ6N53", "TimeCreated": "2025-08-23 16:39:17.497694+00:00", "RecordID": "85264", "Level": "4", "UserID": "S-1-5-18", "EventData.User": "DESKTOP-OFJ6N53\\sk.batsiev", "EventData.jobTitle": "Chrome Component Updater", "EventData.jobId": "{e74c2686-ea9f-4b09-a2f7-18b157588c2b}", "EventData.jobOwner": "DESKTOP-OFJ6N53\\sk.batsiev", "EventData.fileCount": "1", "EventData.bytesTransferred": "7192", "EventData.bytesTransferredFromPeer": "0"}
{"EventID": "3", "Channel": "Microsoft-Windows-Bits-Client/Operational", "Provider_Name": "Microsoft-Windows-Bits-Client", "Computer": "DESKTOP-OFJ6N53", "TimeCreated": "2025-08-23 16:39:18.608070+00:00", "RecordID": "85265", "Level": "4", "UserID": "S-1-5-18", "EventData.jobTitle": "Chrome Component Updater", "EventData.jobId": "{8ffa52bd-05a4-4dfd-93e7-cfeb40d8e1e3}", "EventData.jobOwner": "DESKTOP-OFJ6N53\\sk.batsiev", "EventData.processPath": "C:\\Program Files\\Google\\Chrome\\Application\\chrome.exe", "EventData.processId": "8232", "EventData.ClientProcessStartKey": "50102545854498854"}
{"EventID": "16403", "Channel": "Microsoft-Windows-Bits-Client/Operational", "Provider_Name": "Microsoft-Windows-Bits-Client", "Computer": "DESKTOP-OFJ6N53", "TimeCreated": "2025-08-23 16:39:18.614983+00:00", "RecordID": "85266", "Level": "4", "UserID": "S-1-5-21-963789628-1060504924-4285088085-1001", "EventData.User": "DESKTOP-OFJ6N53\\sk.batsiev", "EventData.jobTitle": "Chrome Component Updater", "EventData.jobId": "{8ffa52bd-05a4-4dfd-93e7-cfeb40d8e1e3}", "EventData.jobOwner": "DESKTOP-OFJ6N53\\sk.batsiev", "EventData.fileCount": "1", "EventData.RemoteName": "http://edgedl.me.gvt1.com/edgedl/diffgen-puffin/jflhchccmppkfebkiaminageehmchikm/084836bda486a38b25ecaada20748e7f429b96c63677826f96b951d74b3327e5", "EventData.LocalName": "C:\\Users\\SKA580~1.BAT\\AppData\\Local\\Temp\\chrome_BITS_8232_2128767288\\084836bda486a38b25ecaada20748e7f429b96c63677826f96b951d74b3327e5", "EventData.processId": "8232", "EventData.ClientProcessStartKey": "50102545854498854"}
{"EventID": "61", "Channel": "Microsoft-Windows-Bits-Client/Operational", "Provider_Name": "Microsoft-Windows-Bits-Client", "Computer": "DESKTOP-OFJ6N53", "TimeCreated": "2025-08-23 16:40:01.554150+00:00", "RecordID": "85267", "Level": "3", "UserID": "S-1-5-18", "EventData.transferId": "{9a7ed65c-5f0a-4179-9c19-393797a26106}", "EventData.name": "Chrome Component Updater", "EventData.Id": "{8ffa52bd-05a4-4dfd-93e7-cfeb40d8e1e3}", "EventData.url": "http://edgedl.me.gvt1.com/edgedl/diffgen-puffin/jflhchccmppkfebkiaminageehmchikm/084836bda486a38b25ecaada20748e7f429b96c63677826f96b951d74b3327e5", "EventData.peer": null, "EventData.hr": "2147954402", "EventData.fileTime": "0001-01-01 00:00:00", "EventData.fileLength": "18446744073709551615", "EventData.bytesTotal": "18446744073709551615", "EventData.bytesTransferred": "0", "EventData.proxy": null, "EventData.peerProtocolFlags": "0", "EventData.bytesTransferredFromPeer": "0", "EventData.AdditionalInfoHr": "0", "EventData.PeerContextInfo": "0", "EventData.bandwidthLimit": "18446744073709551615", "EventData.ignoreBandwidthLimitsOnLan": "False"}
{"EventID": "61", "Channel": "Microsoft-Windows-Bits-Client/Operational", "Provider_Name": "Microsoft-Windows-Bits-Client", "Computer": "DESKTOP-OFJ6N53", "TimeCreated": "2025-08-23 16:41:22.921412+00:00", "RecordID": "85268", "Level": "3", "UserID": "S-1-5-18", "EventData.transferId": "{c3023200-b868-4be6-8af9-c18e7d9772bf}", "EventData.name": "Chrome Component Updater", "EventData.Id": "{8ffa52bd-05a4-4dfd-93e7-cfeb40d8e1e3}", "EventData.url": "http://edgedl.me.gvt1.com/edgedl/diffgen-puffin/jflhchccmppkfebkiaminageehmchikm/084836bda486a38b25ecaada20748e7f429b96c63677826f96b951d74b3327e5", "EventData.peer": null, "EventData.hr": "2147954402", "EventData.fileTime": "0001-01-01 00:00:00", "EventData.fileLength": "18446744073709551615", "EventData.bytesTotal": "18446744073709551615", "EventData.bytesTransferred": "0", "EventData.proxy": null, "EventData.peerProtocolFlags": "0", "EventData.bytesTransferredFromPeer": "0", "EventData.AdditionalInfoHr": "0", "EventData.PeerContextInfo": "0", "EventData.bandwidthLimit": "18446744073709551615", "EventData.ignoreBandwidthLimitsOnLan": "False"}
{"EventID": "61", "Channel": "Microsoft-Windows-Bits-Client/Operational", "Provider_Name": "Microsoft-Windows-Bits-Client", "Computer": "DESKTOP-OFJ6N53", "TimeCreated": "2025-08-23 16:42:44.654816+00:00", "RecordID": "85269", "Level": "3", "UserID": "S-1-5-18", "EventData.transferId": "{ef7342ad-faf3-4cc0-b671-b71916984b4d}", "EventData.name": "Chrome Component Updater", "EventData.Id": "{8ffa52bd-05a4-4dfd-93e7-cfeb40d8e1e3}", "EventData.url": "http://edgedl.me.gvt1.com/edgedl/diffgen-puffin/jflhchccmppkfebkiaminageehmchikm/084836bda486a38b25ecaada20748e7f429b96c63677826f96b951d74b3327e5", "EventData.peer": null, "EventData.hr": "2147954402", "EventData.fileTime": "0001-01-01 00:00:00", "EventData.fileLength": "18446744073709551615", "EventData.bytesTotal": "18446744073709551615", "EventData.bytesTransferred": "0", "EventData.proxy": null, "EventData.peerProtocolFlags": "0", "EventData.bytesTransferredFromPeer": "0", "EventData.AdditionalInfoHr": "0", "EventData.PeerContextInfo": "0", "EventData.bandwidthLimit": "18446744073709551615", "EventData.ignoreBandwidthLimitsOnLan": "False"}
{"EventID": "61", "Channel": "Microsoft-Windows-Bits-Client/Operational", "Provider_Name": "Microsoft-Windows-Bits-Client", "Computer": "DESKTOP-OFJ6N53", "TimeCreated": "2025-08-23 16:44:05.983887+00:00", "RecordID": "85270", "Level": "3", "UserID": "S-1-5-18", "EventData.transferId": "{d449977b-42f0-467f-8a8a-9a6926eb145a}", "EventData.name": "Chrome Component Updater", "EventData.Id": "{8ffa52bd-05a4-4dfd-93e7-cfeb40d8e1e3}", "EventData.url": "http://edgedl.me.gvt1.com/edgedl/diffgen-puffin/jflhchccmppkfebkiaminageehmchikm/084836bda486a38b25ecaada20748e7f429b96c63677826f96b951d74b3327e5", "EventData.peer": null, "EventData.hr": "2147954402", "EventData.fileTime": "0001-01-01 00:00:00", "EventData.fileLength": "18446744073709551615", "EventData.bytesTotal": "18446744073709551615", "EventData.bytesTransferred": "0", "EventData.proxy": null, "EventData.peerProtocolFlags": "0", "EventData.bytesTransferredFromPeer": "0", "EventData.AdditionalInfoHr": "0", "EventData.PeerContextInfo": "0", "EventData.bandwidthLimit": "18446744073709551615", "EventData.ignoreBandwidthLimitsOnLan": "False"}
