{"EventID": "62170", "Channel": "Microsoft-Windows-Shell-Core/Operational", "Provider_Name": "Microsoft-Windows-Shell-Core", "Computer": "DESKTOP-OFJ6N53", "TimeCreated": "2025-08-12 12:19:17.706411+00:00", "RecordID": "34340", "Level": "4", "UserID": "S-1-5-21-963789628-1060504924-4285088085-1001", "EventData.LogonType": "1024", "EventData.TaskName": "LaunchContentDeliveryManagerStart"}
{"EventID": "62171", "Channel": "Microsoft-Windows-Shell-Core/Operational", "Provider_Name": "Microsoft-Windows-Shell-Core", "Computer": "DESKTOP-OFJ6N53", "TimeCreated": "2025-08-12 12:19:17.975292+00:00", "RecordID": "34341", "Level": "4", "UserID": "S-1-5-21-963789628-1060504924-4285088085-1001", "EventData.LogonType": "1024", "EventData.TaskName": "LaunchContentDeliveryManagerStart"}
{"EventID": "62170", "Channel": "Microsoft-Windows-Shell-Core/Operational", "Provider_Name": "Microsoft-Windows-Shell-Core", "Computer": "DESKTOP-OFJ6N53", "TimeCreated": "2025-08-12 12:19:17.975298+00:00", "RecordID": "34342", "Level": "4", "UserID": "S-1-5-21-963789628-1060504924-4285088085-1001", "EventData.LogonType": "1024", "EventData.TaskName": "PerformSignInSuggestionsStart"}
{"EventID": "62171", "Channel": "Microsoft-Windows-Shell-Core/Operational", "Provider_Name": "Microsoft-Windows-Shell-Core", "Computer": "DESKTOP-OFJ6N53", "TimeCreated": "2025-08-12 12:19:17.975311+00:00", "RecordID": "34343", "Level": "4", "UserID": "S-1-5-21-963789628-1060504924-4285088085-1001", "EventData.LogonType": "1024", "EventData.TaskName": "PerformSignInSuggestionsStart"}
{"EventID": "62170", "Channel": "Microsoft-Windows-Shell-Core/Operational", "Provider_Name": "Microsoft-Windows-Shell-Core", "Computer": "DESKTOP-OFJ6N53", "TimeCreated": "2025-08-12 12:19:17.975311+00:00", "RecordID": "34344", "Level": "4", "UserID": "S-1-5-21-963789628-1060504924-4285088085-1001", "EventData.LogonType": "1024", "EventData.TaskName": "UpdatePCSettingsPreStart"}
{"EventID": "62171", "Channel": "Microsoft-Windows-Shell-Core/Operational", "Provider_Name": "Microsoft-Windows-Shell-Core", "Computer": "DESKTOP-OFJ6N53", "TimeCreated": "2025-08-12 12:19:17.975313+00:00", "RecordID": "34345", "Level": "4", "UserID": "S-1-5-21-963789628-1060504924-4285088085-1001", "EventData.LogonType": "1024", "EventData.TaskName": "UpdatePCSettingsPreStart"}
{"EventID": "62170", "Channel": "Microsoft-Windows-Shell-Core/Operational", "Provider_Name": "Microsoft-Windows-Shell-Core", "Computer": "DESKTOP-OFJ6N53", "TimeCreated": "2025-08-12 12:19:17.975315+00:00", "RecordID": "34346", "Level": "4", "UserID": "S-1-5-21-963789628-1060504924-4285088085-1001", "EventData.LogonType": "1024", "EventData.TaskName": "EnterpriseProvisioning"}
{"EventID": "62171", "Channel": "Microsoft-Windows-Shell-Core/Operational", "Provider_Name": "Microsoft-Windows-Shell-Core", "Computer": "DESKTOP-OFJ6N53", "TimeCreated": "2025-08-12 12:19:17.975315+00:00", "RecordID": "34347", "Level": "4", "UserID": "S-1-5-21-963789628-1060504924-4285088085-1001", "EventData.LogonType": "1024", "EventData.TaskName": "EnterpriseProvisioning"}
{"EventID": "62170", "Channel": "Microsoft-Windows-Shell-Core/Operational", "Provider_Name": "Microsoft-Windows-Shell-Core", "Computer": "DESKTOP-OFJ6N53", "TimeCreated": "2025-08-12 12:19:17.975317+00:00", "RecordID": "34348", "Level": "4", "UserID": "S-1-5-21-963789628-1060504924-4285088085-1001", "EventData.LogonType": "1024", "EventData.TaskName": "AssignedAccessLogonTaskAgentPreStart"}
{"EventID": "62170", "Channel": "Microsoft-Windows-Shell-Core/Operational", "Provider_Name": "Microsoft-Windows-Shell-Core", "Computer": "DESKTOP-OFJ6N53", "TimeCreated": "2025-08-12 12:19:17.975338+00:00", "RecordID": "34349", "Level": "4", "UserID": "S-1-5-21-963789628-1060504924-4285088085-1001", "EventData.LogonType": "1024", "EventData.TaskName": "PerUserSetup"}
{"EventID": "28017", "Channel": "Microsoft-Windows-Shell-Core/Operational", "Provider_Name": "Microsoft-Windows-Shell-Core", "Computer": "DESKTOP-OFJ6N53", "TimeCreated": "2025-08-12 12:19:27.810345+00:00", "RecordID": "34350", "Level": "4", "UserID": "S-1-5-21-963789628-1060504924-4285088085-1001"}
{"EventID": "28018", "Channel": "Microsoft-Windows-Shell-Core/Operational", "Provider_Name": "Microsoft-Windows-Shell-Core", "Computer": "DESKTOP-OFJ6N53", "TimeCreated": "2025-08-12 12:19:27.842428+00:00", "RecordID": "34351", "Level": "4", "UserID": "S-1-5-21-963789628-1060504924-4285088085-1001"}
{"EventID": "28019", "Channel": "Microsoft-Windows-Shell-Core/Operational", "Provider_Name": "Microsoft-Windows-Shell-Core", "Computer": "DESKTOP-OFJ6N53", "TimeCreated": "2025-08-12 12:19:27.873631+00:00", "RecordID": "34352", "Level": "4", "UserID": "S-1-5-21-963789628-1060504924-4285088085-1001"}
{"EventID": "62171", "Channel": "Microsoft-Windows-Shell-Core/Operational", "Provider_Name": "Microsoft-Windows-Shell-Core", "Computer": "DESKTOP-OFJ6N53", "TimeCreated": "2025-08-12 12:19:28.979042+00:00", "RecordID": "34353", "Level": "4", "UserID": "S-1-5-21-963789628-1060504924-4285088085-1001", "EventData.LogonType": "1024", "EventData.TaskName": "StartLayoutInit"}
{"EventID": "62171", "Channel": "Microsoft-Windows-Shell-Core/Operational", "Provider_Name": "Microsoft-Windows-Shell-Core", "Computer": "DESKTOP-OFJ6N53", "TimeCreated": "2025-08-12 12:19:28.979078+00:00", "RecordID": "34354", "Level": "4", "UserID": "S-1-5-21-963789628-1060504924-4285088085-1001", "EventData.LogonType": "1024", "EventData.TaskName": "LaunchExperienceHost"}
{"EventID": "62171", "Channel": "Microsoft-Windows-Shell-Core/Operational", "Provider_Name": "Microsoft-Windows-Shell-Core", "Computer": "DESKTOP-OFJ6N53", "TimeCreated": "2025-08-12 12:19:28.979094+00:00", "RecordID": "34355", "Level": "4", "UserID": "S-1-5-21-963789628-1060504924-4285088085-1001", "EventData.LogonType": "1024", "EventData.TaskName": "AssignedAccessLogonTaskAgentPreStart"}
{"EventID": "62171", "Channel": "Microsoft-Windows-Shell-Core/Operational", "Provider_Name": "Microsoft-Windows-Shell-Core", "Computer": "DESKTOP-OFJ6N53", "TimeCreated": "2025-08-12 12:19:28.979095+00:00", "RecordID": "34356", "Level": "4", "UserID": "S-1-5-21-963789628-1060504924-4285088085-1001", "EventData.LogonType": "1024", "EventData.TaskName": "PerformSignInSuggestions"}
{"EventID": "62171", "Channel": "Microsoft-Windows-Shell-Core/Operational", "Provider_Name": "Microsoft-Windows-Shell-Core", "Computer": "DESKTOP-OFJ6N53", "TimeCreated": "2025-08-12 12:19:28.979290+00:00", "RecordID": "34357", "Level": "4", "UserID": "S-1-5-21-963789628-1060504924-4285088085-1001", "EventData.LogonType": "1024", "EventData.TaskName": "PerUserSetup"}
{"EventID": "62171", "Channel": "Microsoft-Windows-Shell-Core/Operational", "Provider_Name": "Microsoft-Windows-Shell-Core", "Computer": "DESKTOP-OFJ6N53", "TimeCreated": "2025-08-12 12:19:28.979296+00:00", "RecordID": "34358", "Level": "4", "UserID": "S-1-5-21-963789628-1060504924-4285088085-1001", "EventData.LogonType": "1024", "EventData.TaskName": "PreStartTasks"}
{"EventID": "62171", "Channel": "Microsoft-Windows-Shell-Core/Operational", "Provider_Name": "Microsoft-Windows-Shell-Core", "Computer": "DESKTOP-OFJ6N53", "TimeCreated": "2025-08-12 12:19:29.416073+00:00", "RecordID": "34359", "Level": "4", "UserID": "S-1-5-21-963789628-1060504924-4285088085-1001", "EventData.LogonType": "1024", "EventData.TaskName": "AllLogonTasks"}
{"EventID": "62170", "Channel": "Microsoft-Windows-Shell-Core/Operational", "Provider_Name": "Microsoft-Windows-Shell-Core", "Computer": "DESKTOP-OFJ6N53", "TimeCreated": "2025-08-12 12:19:29.416687+00:00", "RecordID": "34360", "Level": "4", "UserID": "S-1-5-21-963789628-1060504924-4285088085-1001", "EventData.LogonType": "1024", "EventData.TaskName": "PostStartTasks"}
{"EventID": "62170", "Channel": "Microsoft-Windows-Shell-Core/Operational", "Provider_Name": "Microsoft-Windows-Shell-Core", "Computer": "DESKTOP-OFJ6N53", "TimeCreated": "2025-08-12 12:19:29.416836+00:00", "RecordID": "34361", "Level": "4", "UserID": "S-1-5-21-963789628-1060504924-4285088085-1001", "EventData.LogonType": "1024", "EventData.TaskName": "PerUserSetupPostStart"}
{"EventID": "62171", "Channel": "Microsoft-Windows-Shell-Core/Operational", "Provider_Name": "Microsoft-Windows-Shell-Core", "Computer": "DESKTOP-OFJ6N53", "TimeCreated": "2025-08-12 12:19:29.416838+00:00", "RecordID": "34362", "Level": "4", "UserID": "S-1-5-21-963789628-1060504924-4285088085-1001", "EventData.LogonType": "1024", "EventData.TaskName": "PerUserSetupPostStart"}
{"EventID": "62170", "Channel": "Microsoft-Windows-Shell-Core/Operational", "Provider_Name": "Microsoft-Windows-Shell-Core", "Computer": "DESKTOP-OFJ6N53", "TimeCreated": "2025-08-12 12:19:29.416853+00:00", "RecordID": "34363", "Level": "4", "UserID": "S-1-5-21-963789628-1060504924-4285088085-1001", "EventData.LogonType": "1024", "EventData.TaskName": "LaunchExperienceHostPostStart"}
{"EventID": "62171", "Channel": "Microsoft-Windows-Shell-Core/Operational", "Provider_Name": "Microsoft-Windows-Shell-Core", "Computer": "DESKTOP-OFJ6N53", "TimeCreated": "2025-08-12 12:19:29.416855+00:00", "RecordID": "34364", "Level": "4", "UserID": "S-1-5-21-963789628-1060504924-4285088085-1001", "EventData.LogonType": "1024", "EventData.TaskName": "LaunchExperienceHostPostStart"}
{"EventID": "62170", "Channel": "Microsoft-Windows-Shell-Core/Operational", "Provider_Name": "Microsoft-Windows-Shell-Core", "Computer": "DESKTOP-OFJ6N53", "TimeCreated": "2025-08-12 12:19:29.416862+00:00", "RecordID": "34365", "Level": "4", "UserID": "S-1-5-21-963789628-1060504924-4285088085-1001", "EventData.LogonType": "1024", "EventData.TaskName": "LaunchPeopleExperiencePostStart"}
{"EventID": "62170", "Channel": "Microsoft-Windows-Shell-Core/Operational", "Provider_Name": "Microsoft-Windows-Shell-Core", "Computer": "DESKTOP-OFJ6N53", "TimeCreated": "2025-08-12 12:19:29.416880+00:00", "RecordID": "34366", "Level": "4", "UserID": "S-1-5-21-963789628-1060504924-4285088085-1001", "EventData.LogonType": "1024", "EventData.TaskName": "LaunchLockAppHostPostStart"}
{"EventID": "62171", "Channel": "Microsoft-Windows-Shell-Core/Operational", "Provider_Name": "Microsoft-Windows-Shell-Core", "Computer": "DESKTOP-OFJ6N53", "TimeCreated": "2025-08-12 12:19:29.416891+00:00", "RecordID": "34367", "Level": "4", "UserID": "S-1-5-21-963789628-1060504924-4285088085-1001", "EventData.LogonType": "1024", "EventData.TaskName": "LaunchLockAppHostPostStart"}
{"EventID": "62170", "Channel": "Microsoft-Windows-Shell-Core/Operational", "Provider_Name": "Microsoft-Windows-Shell-Core", "Computer": "DESKTOP-OFJ6N53", "TimeCreated": "2025-08-12 12:19:29.416908+00:00", "RecordID": "34368", "Level": "4", "UserID": "S-1-5-21-963789628-1060504924-4285088085-1001", "EventData.LogonType": "1024", "EventData.TaskName": "AssignedAccessAutoLaunch"}
{"EventID": "62170", "Channel": "Microsoft-Windows-Shell-Core/Operational", "Provider_Name": "Microsoft-Windows-Shell-Core", "Computer": "DESKTOP-OFJ6N53", "TimeCreated": "2025-08-12 12:19:29.416941+00:00", "RecordID": "34369", "Level": "4", "UserID": "S-1-5-21-963789628-1060504924-4285088085-1001", "EventData.LogonType": "1024", "EventData.TaskName": "RoamingPayload3"}
{"EventID": "62170", "Channel": "Microsoft-Windows-Shell-Core/Operational", "Provider_Name": "Microsoft-Windows-Shell-Core", "Computer": "DESKTOP-OFJ6N53", "TimeCreated": "2025-08-12 12:19:29.416950+00:00", "RecordID": "34370", "Level": "4", "UserID": "S-1-5-21-963789628-1060504924-4285088085-1001", "EventData.LogonType": "1024", "EventData.TaskName": "LaunchInputDialListenerPostStart"}
{"EventID": "62170", "Channel": "Microsoft-Windows-Shell-Core/Operational", "Provider_Name": "Microsoft-Windows-Shell-Core", "Computer": "DESKTOP-OFJ6N53", "TimeCreated": "2025-08-12 12:19:29.416960+00:00", "RecordID": "34371", "Level": "4", "UserID": "S-1-5-21-963789628-1060504924-4285088085-1001", "EventData.LogonType": "1024", "EventData.TaskName": "NotifyTrayStartIsReady"}
{"EventID": "62171", "Channel": "Microsoft-Windows-Shell-Core/Operational", "Provider_Name": "Microsoft-Windows-Shell-Core", "Computer": "DESKTOP-OFJ6N53", "TimeCreated": "2025-08-12 12:19:29.416975+00:00", "RecordID": "34372", "Level": "4", "UserID": "S-1-5-21-963789628-1060504924-4285088085-1001", "EventData.LogonType": "1024", "EventData.TaskName": "LaunchPeopleExperiencePostStart"}
{"EventID": "62170", "Channel": "Microsoft-Windows-Shell-Core/Operational", "Provider_Name": "Microsoft-Windows-Shell-Core", "Computer": "DESKTOP-OFJ6N53", "TimeCreated": "2025-08-12 12:19:29.417000+00:00", "RecordID": "34373", "Level": "4", "UserID": "S-1-5-21-963789628-1060504924-4285088085-1001", "EventData.LogonType": "1024", "EventData.TaskName": "AppReadinessNotifyLogonComplete"}
{"EventID": "62171", "Channel": "Microsoft-Windows-Shell-Core/Operational", "Provider_Name": "Microsoft-Windows-Shell-Core", "Computer": "DESKTOP-OFJ6N53", "TimeCreated": "2025-08-12 12:19:29.417061+00:00", "RecordID": "34374", "Level": "4", "UserID": "S-1-5-21-963789628-1060504924-4285088085-1001", "EventData.LogonType": "1024", "EventData.TaskName": "NotifyTrayStartIsReady"}
{"EventID": "62170", "Channel": "Microsoft-Windows-Shell-Core/Operational", "Provider_Name": "Microsoft-Windows-Shell-Core", "Computer": "DESKTOP-OFJ6N53", "TimeCreated": "2025-08-12 12:19:29.417089+00:00", "RecordID": "34375", "Level": "4", "UserID": "S-1-5-21-963789628-1060504924-4285088085-1001", "EventData.LogonType": "1024", "EventData.TaskName": "OEMFirstRunTelemetry"}
{"EventID": "62171", "Channel": "Microsoft-Windows-Shell-Core/Operational", "Provider_Name": "Microsoft-Windows-Shell-Core", "Computer": "DESKTOP-OFJ6N53", "TimeCreated": "2025-08-12 12:19:29.417152+00:00", "RecordID": "34376", "Level": "4", "UserID": "S-1-5-21-963789628-1060504924-4285088085-1001", "EventData.LogonType": "1024", "EventData.TaskName": "OEMFirstRunTelemetry"}
{"EventID": "62170", "Channel": "Microsoft-Windows-Shell-Core/Operational", "Provider_Name": "Microsoft-Windows-Shell-Core", "Computer": "DESKTOP-OFJ6N53", "TimeCreated": "2025-08-12 12:19:29.417982+00:00", "RecordID": "34377", "Level": "4", "UserID": "S-1-5-21-963789628-1060504924-4285088085-1001", "EventData.LogonType": "1024", "EventData.TaskName": "CreateEdgeIconIfNeededPostStart"}
{"EventID": "62170", "Channel": "Microsoft-Windows-Shell-Core/Operational", "Provider_Name": "Microsoft-Windows-Shell-Core", "Computer": "DESKTOP-OFJ6N53", "TimeCreated": "2025-08-12 12:19:29.417995+00:00", "RecordID": "34378", "Level": "4", "UserID": "S-1-5-21-963789628-1060504924-4285088085-1001", "EventData.LogonType": "1024", "EventData.TaskName": "CreateYourPhoneShortcutsIfNeededPostStart"}
{"EventID": "62171", "Channel": "Microsoft-Windows-Shell-Core/Operational", "Provider_Name": "Microsoft-Windows-Shell-Core", "Computer": "DESKTOP-OFJ6N53", "TimeCreated": "2025-08-12 12:19:29.418013+00:00", "RecordID": "34379", "Level": "4", "UserID": "S-1-5-21-963789628-1060504924-4285088085-1001", "EventData.LogonType": "1024", "EventData.TaskName": "CreateYourPhoneShortcutsIfNeededPostStart"}
{"EventID": "62170", "Channel": "Microsoft-Windows-Shell-Core/Operational", "Provider_Name": "Microsoft-Windows-Shell-Core", "Computer": "DESKTOP-OFJ6N53", "TimeCreated": "2025-08-12 12:19:29.418030+00:00", "RecordID": "34380", "Level": "4", "UserID": "S-1-5-21-963789628-1060504924-4285088085-1001", "EventData.LogonType": "1024", "EventData.TaskName": "LaunchLockScreenCacheImageRestorePostStart"}
{"EventID": "62171", "Channel": "Microsoft-Windows-Shell-Core/Operational", "Provider_Name": "Microsoft-Windows-Shell-Core", "Computer": "DESKTOP-OFJ6N53", "TimeCreated": "2025-08-12 12:19:29.418030+00:00", "RecordID": "34381", "Level": "4", "UserID": "S-1-5-21-963789628-1060504924-4285088085-1001", "EventData.LogonType": "1024", "EventData.TaskName": "LaunchLockScreenCacheImageRestorePostStart"}
{"EventID": "62170", "Channel": "Microsoft-Windows-Shell-Core/Operational", "Provider_Name": "Microsoft-Windows-Shell-Core", "Computer": "DESKTOP-OFJ6N53", "TimeCreated": "2025-08-12 12:19:29.418045+00:00", "RecordID": "34382", "Level": "4", "UserID": "S-1-5-21-963789628-1060504924-4285088085-1001", "EventData.LogonType": "1024", "EventData.TaskName": "LaunchExplorerDestListMigrationPostStart"}
{"EventID": "62171", "Channel": "Microsoft-Windows-Shell-Core/Operational", "Provider_Name": "Microsoft-Windows-Shell-Core", "Computer": "DESKTOP-OFJ6N53", "TimeCreated": "2025-08-12 12:19:29.418045+00:00", "RecordID": "34383", "Level": "4", "UserID": "S-1-5-21-963789628-1060504924-4285088085-1001", "EventData.LogonType": "1024", "EventData.TaskName": "LaunchExplorerDestListMigrationPostStart"}
{"EventID": "62170", "Channel": "Microsoft-Windows-Shell-Core/Operational", "Provider_Name": "Microsoft-Windows-Shell-Core", "Computer": "DESKTOP-OFJ6N53", "TimeCreated": "2025-08-12 12:19:29.418056+00:00", "RecordID": "34384", "Level": "4", "UserID": "S-1-5-21-963789628-1060504924-4285088085-1001", "EventData.LogonType": "1024", "EventData.TaskName": "LaunchCustomShell"}
{"EventID": "62171", "Channel": "Microsoft-Windows-Shell-Core/Operational", "Provider_Name": "Microsoft-Windows-Shell-Core", "Computer": "DESKTOP-OFJ6N53", "TimeCreated": "2025-08-12 12:19:29.418173+00:00", "RecordID": "34385", "Level": "4", "UserID": "S-1-5-21-963789628-1060504924-4285088085-1001", "EventData.LogonType": "1024", "EventData.TaskName": "CreateEdgeIconIfNeededPostStart"}
{"EventID": "62171", "Channel": "Microsoft-Windows-Shell-Core/Operational", "Provider_Name": "Microsoft-Windows-Shell-Core", "Computer": "DESKTOP-OFJ6N53", "TimeCreated": "2025-08-12 12:19:29.418228+00:00", "RecordID": "34386", "Level": "4", "UserID": "S-1-5-21-963789628-1060504924-4285088085-1001", "EventData.LogonType": "1024", "EventData.TaskName": "RoamingPayload3"}
{"EventID": "62171", "Channel": "Microsoft-Windows-Shell-Core/Operational", "Provider_Name": "Microsoft-Windows-Shell-Core", "Computer": "DESKTOP-OFJ6N53", "TimeCreated": "2025-08-12 12:19:29.418280+00:00", "RecordID": "34387", "Level": "4", "UserID": "S-1-5-21-963789628-1060504924-4285088085-1001", "EventData.LogonType": "1024", "EventData.TaskName": "PostStartTasks"}
{"EventID": "62170", "Channel": "Microsoft-Windows-Shell-Core/Operational", "Provider_Name": "Microsoft-Windows-Shell-Core", "Computer": "DESKTOP-OFJ6N53", "TimeCreated": "2025-08-12 12:19:29.418531+00:00", "RecordID": "34388", "Level": "4", "UserID": "S-1-5-21-963789628-1060504924-4285088085-1001", "EventData.LogonType": "1024", "EventData.TaskName": "CameraCheck"}
{"EventID": "62171", "Channel": "Microsoft-Windows-Shell-Core/Operational", "Provider_Name": "Microsoft-Windows-Shell-Core", "Computer": "DESKTOP-OFJ6N53", "TimeCreated": "2025-08-12 12:19:29.418531+00:00", "RecordID": "34389", "Level": "4", "UserID": "S-1-5-21-963789628-1060504924-4285088085-1001", "EventData.LogonType": "1024", "EventData.TaskName": "CameraCheck"}
{"EventID": "62170", "Channel": "Microsoft-Windows-Shell-Core/Operational", "Provider_Name": "Microsoft-Windows-Shell-Core", "Computer": "DESKTOP-OFJ6N53", "TimeCreated": "2025-08-12 12:19:29.418631+00:00", "RecordID": "34390", "Level": "4", "UserID": "S-1-5-21-963789628-1060504924-4285088085-1001", "EventData.LogonType": "1024", "EventData.TaskName": "StartSkydriveSync"}
{"EventID": "62171", "Channel": "Microsoft-Windows-Shell-Core/Operational", "Provider_Name": "Microsoft-Windows-Shell-Core", "Computer": "DESKTOP-OFJ6N53", "TimeCreated": "2025-08-12 12:19:29.419714+00:00", "RecordID": "34391", "Level": "4", "UserID": "S-1-5-21-963789628-1060504924-4285088085-1001", "EventData.LogonType": "1024", "EventData.TaskName": "AssignedAccessAutoLaunch"}
{"EventID": "62170", "Channel": "Microsoft-Windows-Shell-Core/Operational", "Provider_Name": "Microsoft-Windows-Shell-Core", "Computer": "DESKTOP-OFJ6N53", "TimeCreated": "2025-08-12 12:19:29.419743+00:00", "RecordID": "34392", "Level": "4", "UserID": "S-1-5-21-963789628-1060504924-4285088085-1001", "EventData.LogonType": "1024", "EventData.TaskName": "ARSFirstRunTelemetry"}
{"EventID": "62170", "Channel": "Microsoft-Windows-Shell-Core/Operational", "Provider_Name": "Microsoft-Windows-Shell-Core", "Computer": "DESKTOP-OFJ6N53", "TimeCreated": "2025-08-12 12:19:29.421076+00:00", "RecordID": "34393", "Level": "4", "UserID": "S-1-5-21-963789628-1060504924-4285088085-1001", "EventData.LogonType": "1024", "EventData.TaskName": "RemoveTempOOBEUser"}
{"EventID": "62171", "Channel": "Microsoft-Windows-Shell-Core/Operational", "Provider_Name": "Microsoft-Windows-Shell-Core", "Computer": "DESKTOP-OFJ6N53", "TimeCreated": "2025-08-12 12:19:29.421209+00:00", "RecordID": "34394", "Level": "4", "UserID": "S-1-5-21-963789628-1060504924-4285088085-1001", "EventData.LogonType": "1024", "EventData.TaskName": "LaunchCustomShell"}
{"EventID": "62171", "Channel": "Microsoft-Windows-Shell-Core/Operational", "Provider_Name": "Microsoft-Windows-Shell-Core", "Computer": "DESKTOP-OFJ6N53", "TimeCreated": "2025-08-12 12:19:29.421289+00:00", "RecordID": "34395", "Level": "4", "UserID": "S-1-5-21-963789628-1060504924-4285088085-1001", "EventData.LogonType": "1024", "EventData.TaskName": "RemoveTempOOBEUser"}
{"EventID": "62171", "Channel": "Microsoft-Windows-Shell-Core/Operational", "Provider_Name": "Microsoft-Windows-Shell-Core", "Computer": "DESKTOP-OFJ6N53", "TimeCreated": "2025-08-12 12:19:29.422283+00:00", "RecordID": "34396", "Level": "4", "UserID": "S-1-5-21-963789628-1060504924-4285088085-1001", "EventData.LogonType": "1024", "EventData.TaskName": "StartSkydriveSync"}
{"EventID": "62170", "Channel": "Microsoft-Windows-Shell-Core/Operational", "Provider_Name": "Microsoft-Windows-Shell-Core", "Computer": "DESKTOP-OFJ6N53", "TimeCreated": "2025-08-12 12:19:29.426464+00:00", "RecordID": "34397", "Level": "4", "UserID": "S-1-5-21-963789628-1060504924-4285088085-1001", "EventData.LogonType": "1024", "EventData.TaskName": "InitializeBrowserSsoCookie"}
{"EventID": "62171", "Channel": "Microsoft-Windows-Shell-Core/Operational", "Provider_Name": "Microsoft-Windows-Shell-Core", "Computer": "DESKTOP-OFJ6N53", "TimeCreated": "2025-08-12 12:19:29.426636+00:00", "RecordID": "34398", "Level": "4", "UserID": "S-1-5-21-963789628-1060504924-4285088085-1001", "EventData.LogonType": "1024", "EventData.TaskName": "InitializeBrowserSsoCookie"}
{"EventID": "62170", "Channel": "Microsoft-Windows-Shell-Core/Operational", "Provider_Name": "Microsoft-Windows-Shell-Core", "Computer": "DESKTOP-OFJ6N53", "TimeCreated": "2025-08-12 12:19:29.426830+00:00", "RecordID": "34399", "Level": "4", "UserID": "S-1-5-21-963789628-1060504924-4285088085-1001", "EventData.LogonType": "1024", "EventData.TaskName": "FamilySync"}
{"EventID": "62170", "Channel": "Microsoft-Windows-Shell-Core/Operational", "Provider_Name": "Microsoft-Windows-Shell-Core", "Computer": "DESKTOP-OFJ6N53", "TimeCreated": "2025-08-12 12:19:29.426842+00:00", "RecordID": "34400", "Level": "4", "UserID": "S-1-5-21-963789628-1060504924-4285088085-1001", "EventData.LogonType": "1024", "EventData.TaskName": "FamilyMembersNotification"}
{"EventID": "62171", "Channel": "Microsoft-Windows-Shell-Core/Operational", "Provider_Name": "Microsoft-Windows-Shell-Core", "Computer": "DESKTOP-OFJ6N53", "TimeCreated": "2025-08-12 12:19:29.426842+00:00", "RecordID": "34401", "Level": "4", "UserID": "S-1-5-21-963789628-1060504924-4285088085-1001", "EventData.LogonType": "1024", "EventData.TaskName": "FamilySync"}
{"EventID": "62171", "Channel": "Microsoft-Windows-Shell-Core/Operational", "Provider_Name": "Microsoft-Windows-Shell-Core", "Computer": "DESKTOP-OFJ6N53", "TimeCreated": "2025-08-12 12:19:29.426876+00:00", "RecordID": "34402", "Level": "4", "UserID": "S-1-5-21-963789628-1060504924-4285088085-1001", "EventData.LogonType": "1024", "EventData.TaskName": "FamilyMembersNotification"}
{"EventID": "62170", "Channel": "Microsoft-Windows-Shell-Core/Operational", "Provider_Name": "Microsoft-Windows-Shell-Core", "Computer": "DESKTOP-OFJ6N53", "TimeCreated": "2025-08-12 12:19:29.426897+00:00", "RecordID": "34403", "Level": "4", "UserID": "S-1-5-21-963789628-1060504924-4285088085-1001", "EventData.LogonType": "1024", "EventData.TaskName": "CDSDataMigration"}
{"EventID": "62171", "Channel": "Microsoft-Windows-Shell-Core/Operational", "Provider_Name": "Microsoft-Windows-Shell-Core", "Computer": "DESKTOP-OFJ6N53", "TimeCreated": "2025-08-12 12:19:29.428303+00:00", "RecordID": "34404", "Level": "4", "UserID": "S-1-5-21-963789628-1060504924-4285088085-1001", "EventData.LogonType": "1024", "EventData.TaskName": "CDSDataMigration"}
{"EventID": "62171", "Channel": "Microsoft-Windows-Shell-Core/Operational", "Provider_Name": "Microsoft-Windows-Shell-Core", "Computer": "DESKTOP-OFJ6N53", "TimeCreated": "2025-08-12 12:19:29.440908+00:00", "RecordID": "34405", "Level": "4", "UserID": "S-1-5-21-963789628-1060504924-4285088085-1001", "EventData.LogonType": "1024", "EventData.TaskName": "LaunchInputDialListenerPostStart"}
{"EventID": "62171", "Channel": "Microsoft-Windows-Shell-Core/Operational", "Provider_Name": "Microsoft-Windows-Shell-Core", "Computer": "DESKTOP-OFJ6N53", "TimeCreated": "2025-08-12 12:19:29.482775+00:00", "RecordID": "34406", "Level": "4", "UserID": "S-1-5-21-963789628-1060504924-4285088085-1001", "EventData.LogonType": "1024", "EventData.TaskName": "ARSFirstRunTelemetry"}
{"EventID": "62171", "Channel": "Microsoft-Windows-Shell-Core/Operational", "Provider_Name": "Microsoft-Windows-Shell-Core", "Computer": "DESKTOP-OFJ6N53", "TimeCreated": "2025-08-12 12:19:29.803133+00:00", "RecordID": "34407", "Level": "4", "UserID": "S-1-5-21-963789628-1060504924-4285088085-1001", "EventData.LogonType": "1024", "EventData.TaskName": "AppReadinessNotifyLogonComplete"}
{"EventID": "62144", "Channel": "Microsoft-Windows-Shell-Core/Operational", "Provider_Name": "Microsoft-Windows-Shell-Core", "Computer": "DESKTOP-OFJ6N53", "TimeCreated": "2025-08-12 12:19:35.662809+00:00", "RecordID": "34408", "Level": "4", "UserID": "S-1-5-21-963789628-1060504924-4285088085-1001", "EventData.PackageFamilyName": "Microsoft.MicrosoftOfficeHub_8wekyb3d8bbwe", "EventData.InstallState": "", "EventData.ErrorCode": "0"}
{"EventID": "9705", "Channel": "Microsoft-Windows-Shell-Core/Operational", "Provider_Name": "Microsoft-Windows-Shell-Core", "Computer": "DESKTOP-OFJ6N53", "TimeCreated": "2025-08-12 12:19:40.844889+00:00", "RecordID": "34409", "Level": "4", "UserID": "S-1-5-21-963789628-1060504924-4285088085-1001", "EventData.KeyName": "Software\\Microsoft\\Windows\\CurrentVersion\\Run"}
{"EventID": "9707", "Channel": "Microsoft-Windows-Shell-Core/Operational", "Provider_Name": "Microsoft-Windows-Shell-Core", "Computer": "DESKTOP-OFJ6N53", "TimeCreated": "2025-08-12 12:19:40.847034+00:00", "RecordID": "34410", "Level": "4", "UserID": "S-1-5-21-963789628-1060504924-4285088085-1001", "EventData.Command": "SecurityHealthSystray.exe"}
{"EventID": "9708", "Channel": "Microsoft-Windows-Shell-Core/Operational", "Provider_Name": "Microsoft-Windows-Shell-Core", "Computer": "DESKTOP-OFJ6N53", "TimeCreated": "2025-08-12 12:19:42.786753+00:00", "RecordID": "34411", "Level": "4", "UserID": "S-1-5-21-963789628-1060504924-4285088085-1001", "EventData.PID": "1184", "EventData.Command": "SecurityHealthSystray.exe"}
{"EventID": "9707", "Channel": "Microsoft-Windows-Shell-Core/Operational", "Provider_Name": "Microsoft-Windows-Shell-Core", "Computer": "DESKTOP-OFJ6N53", "TimeCreated": "2025-08-12 12:19:42.801613+00:00", "RecordID": "34412", "Level": "4", "UserID": "S-1-5-21-963789628-1060504924-4285088085-1001", "EventData.Command": "JaCartaUC.exe\" -s"}
{"EventID": "9708", "Channel": "Microsoft-Windows-Shell-Core/Operational", "Provider_Name": "Microsoft-Windows-Shell-Core", "Computer": "DESKTOP-OFJ6N53", "TimeCreated": "2025-08-12 12:19:44.388704+00:00", "RecordID": "34413", "Level": "4", "UserID": "S-1-5-21-963789628-1060504924-4285088085-1001", "EventData.PID": "8096", "EventData.Command": "JaCartaUC.exe\" -s"}
{"EventID": "9707", "Channel": "Microsoft-Windows-Shell-Core/Operational", "Provider_Name": "Microsoft-Windows-Shell-Core", "Computer": "DESKTOP-OFJ6N53", "TimeCreated": "2025-08-12 12:19:44.388941+00:00", "RecordID": "34414", "Level": "4", "UserID": "S-1-5-21-963789628-1060504924-4285088085-1001", "EventData.Command": "vpnclient_x64.exe\" /uihelp"}
{"EventID": "9708", "Channel": "Microsoft-Windows-Shell-Core/Operational", "Provider_Name": "Microsoft-Windows-Shell-Core", "Computer": "DESKTOP-OFJ6N53", "TimeCreated": "2025-08-12 12:19:45.857342+00:00", "RecordID": "34415", "Level": "4", "UserID": "S-1-5-21-963789628-1060504924-4285088085-1001", "EventData.PID": "8760", "EventData.Command": "vpnclient_x64.exe\" /uihelp"}
{"EventID": "9706", "Channel": "Microsoft-Windows-Shell-Core/Operational", "Provider_Name": "Microsoft-Windows-Shell-Core", "Computer": "DESKTOP-OFJ6N53", "TimeCreated": "2025-08-12 12:19:45.857367+00:00", "RecordID": "34416", "Level": "4", "UserID": "S-1-5-21-963789628-1060504924-4285088085-1001", "EventData.KeyName": "Software\\Microsoft\\Windows\\CurrentVersion\\Run"}
{"EventID": "9705", "Channel": "Microsoft-Windows-Shell-Core/Operational", "Provider_Name": "Microsoft-Windows-Shell-Core", "Computer": "DESKTOP-OFJ6N53", "TimeCreated": "2025-08-12 12:19:45.857615+00:00", "RecordID": "34417", "Level": "4", "UserID": "S-1-5-21-963789628-1060504924-4285088085-1001", "EventData.KeyName": "Software\\Microsoft\\Windows\\CurrentVersion\\Run"}
{"EventID": "9707", "Channel": "Microsoft-Windows-Shell-Core/Operational", "Provider_Name": "Microsoft-Windows-Shell-Core", "Computer": "DESKTOP-OFJ6N53", "TimeCreated": "2025-08-12 12:19:45.857908+00:00", "RecordID": "34418", "Level": "4", "UserID": "S-1-5-21-963789628-1060504924-4285088085-1001", "EventData.Command": "OneDrive.exe\" /background"}
{"EventID": "9708", "Channel": "Microsoft-Windows-Shell-Core/Operational", "Provider_Name": "Microsoft-Windows-Shell-Core", "Computer": "DESKTOP-OFJ6N53", "TimeCreated": "2025-08-12 12:19:46.732996+00:00", "RecordID": "34419", "Level": "4", "UserID": "S-1-5-21-963789628-1060504924-4285088085-1001", "EventData.PID": "9404", "EventData.Command": "OneDrive.exe\" /background"}
{"EventID": "9707", "Channel": "Microsoft-Windows-Shell-Core/Operational", "Provider_Name": "Microsoft-Windows-Shell-Core", "Computer": "DESKTOP-OFJ6N53", "TimeCreated": "2025-08-12 12:19:46.735027+00:00", "RecordID": "34420", "Level": "4", "UserID": "S-1-5-21-963789628-1060504924-4285088085-1001", "EventData.Command": "CShellJavaLauncher.exe\""}
{"EventID": "9708", "Channel": "Microsoft-Windows-Shell-Core/Operational", "Provider_Name": "Microsoft-Windows-Shell-Core", "Computer": "DESKTOP-OFJ6N53", "TimeCreated": "2025-08-12 12:19:47.792183+00:00", "RecordID": "34421", "Level": "4", "UserID": "S-1-5-21-963789628-1060504924-4285088085-1001", "EventData.PID": "8080", "EventData.Command": "CShellJavaLauncher.exe\""}
{"EventID": "9707", "Channel": "Microsoft-Windows-Shell-Core/Operational", "Provider_Name": "Microsoft-Windows-Shell-Core", "Computer": "DESKTOP-OFJ6N53", "TimeCreated": "2025-08-12 12:19:47.792320+00:00", "RecordID": "34422", "Level": "4", "UserID": "S-1-5-21-963789628-1060504924-4285088085-1001", "EventData.Command": "ZtnClient.exe\""}
{"EventID": "9708", "Channel": "Microsoft-Windows-Shell-Core/Operational", "Provider_Name": "Microsoft-Windows-Shell-Core", "Computer": "DESKTOP-OFJ6N53", "TimeCreated": "2025-08-12 12:19:50.324881+00:00", "RecordID": "34423", "Level": "4", "UserID": "S-1-5-21-963789628-1060504924-4285088085-1001", "EventData.PID": "8468", "EventData.Command": "ZtnClient.exe\""}
{"EventID": "9707", "Channel": "Microsoft-Windows-Shell-Core/Operational", "Provider_Name": "Microsoft-Windows-Shell-Core", "Computer": "DESKTOP-OFJ6N53", "TimeCreated": "2025-08-12 12:19:50.325060+00:00", "RecordID": "34424", "Level": "4", "UserID": "S-1-5-21-963789628-1060504924-4285088085-1001", "EventData.Command": "msedge.exe\" --no-startup-window --win-session-start"}
{"EventID": "9708", "Channel": "Microsoft-Windows-Shell-Core/Operational", "Provider_Name": "Microsoft-Windows-Shell-Core", "Computer": "DESKTOP-OFJ6N53", "TimeCreated": "2025-08-12 12:19:51.365839+00:00", "RecordID": "34425", "Level": "4", "UserID": "S-1-5-21-963789628-1060504924-4285088085-1001", "EventData.PID": "6468", "EventData.Command": "msedge.exe\" --no-startup-window --win-session-start"}
{"EventID": "9706", "Channel": "Microsoft-Windows-Shell-Core/Operational", "Provider_Name": "Microsoft-Windows-Shell-Core", "Computer": "DESKTOP-OFJ6N53", "TimeCreated": "2025-08-12 12:19:51.365856+00:00", "RecordID": "34426", "Level": "4", "UserID": "S-1-5-21-963789628-1060504924-4285088085-1001", "EventData.KeyName": "Software\\Microsoft\\Windows\\CurrentVersion\\Run"}
{"EventID": "62144", "Channel": "Microsoft-Windows-Shell-Core/Operational", "Provider_Name": "Microsoft-Windows-Shell-Core", "Computer": "DESKTOP-OFJ6N53", "TimeCreated": "2025-08-12 12:19:51.845928+00:00", "RecordID": "34427", "Level": "4", "UserID": "S-1-5-21-963789628-1060504924-4285088085-1001", "EventData.PackageFamilyName": "Microsoft.MicrosoftOfficeHub_8wekyb3d8bbwe", "EventData.InstallState": "", "EventData.ErrorCode": "0"}
{"EventID": "9705", "Channel": "Microsoft-Windows-Shell-Core/Operational", "Provider_Name": "Microsoft-Windows-Shell-Core", "Computer": "DESKTOP-OFJ6N53", "TimeCreated": "2025-08-12 12:19:52.990566+00:00", "RecordID": "34428", "Level": "4", "UserID": "S-1-5-21-963789628-1060504924-4285088085-1001", "EventData.KeyName": "Software\\Microsoft\\Windows\\CurrentVersion\\Run"}
{"EventID": "9707", "Channel": "Microsoft-Windows-Shell-Core/Operational", "Provider_Name": "Microsoft-Windows-Shell-Core", "Computer": "DESKTOP-OFJ6N53", "TimeCreated": "2025-08-12 12:19:53.358536+00:00", "RecordID": "34429", "Level": "4", "UserID": "S-1-5-21-963789628-1060504924-4285088085-1001", "EventData.Command": "concentr.exe\" /startup"}
{"EventID": "9705", "Channel": "Microsoft-Windows-Shell-Core/Operational", "Provider_Name": "Microsoft-Windows-Shell-Core", "Computer": "DESKTOP-OFJ6N53", "TimeCreated": "2025-08-12 12:19:56.461103+00:00", "RecordID": "34430", "Level": "4", "UserID": "S-1-5-21-963789628-1060504924-4285088085-1001", "EventData.KeyName": "Software\\Microsoft\\Windows\\CurrentVersion\\RunOnce"}
{"EventID": "9707", "Channel": "Microsoft-Windows-Shell-Core/Operational", "Provider_Name": "Microsoft-Windows-Shell-Core", "Computer": "DESKTOP-OFJ6N53", "TimeCreated": "2025-08-12 12:19:56.461628+00:00", "RecordID": "34431", "Level": "4", "UserID": "S-1-5-21-963789628-1060504924-4285088085-1001", "EventData.Command": "OneDriveSetup.exe\""}
{"EventID": "9708", "Channel": "Microsoft-Windows-Shell-Core/Operational", "Provider_Name": "Microsoft-Windows-Shell-Core", "Computer": "DESKTOP-OFJ6N53", "TimeCreated": "2025-08-12 12:19:57.891750+00:00", "RecordID": "34432", "Level": "4", "UserID": "S-1-5-21-963789628-1060504924-4285088085-1001", "EventData.PID": "3556", "EventData.Command": "OneDriveSetup.exe\""}
{"EventID": "9707", "Channel": "Microsoft-Windows-Shell-Core/Operational", "Provider_Name": "Microsoft-Windows-Shell-Core", "Computer": "DESKTOP-OFJ6N53", "TimeCreated": "2025-08-12 12:19:57.892008+00:00", "RecordID": "34433", "Level": "4", "UserID": "S-1-5-21-963789628-1060504924-4285088085-1001", "EventData.Command": "OneDriveSetup.exe\""}
{"EventID": "9708", "Channel": "Microsoft-Windows-Shell-Core/Operational", "Provider_Name": "Microsoft-Windows-Shell-Core", "Computer": "DESKTOP-OFJ6N53", "TimeCreated": "2025-08-12 12:19:58.470930+00:00", "RecordID": "34434", "Level": "4", "UserID": "S-1-5-21-963789628-1060504924-4285088085-1001", "EventData.PID": "3660", "EventData.Command": "concentr.exe\" /startup"}
{"EventID": "9707", "Channel": "Microsoft-Windows-Shell-Core/Operational", "Provider_Name": "Microsoft-Windows-Shell-Core", "Computer": "DESKTOP-OFJ6N53", "TimeCreated": "2025-08-12 12:19:58.472261+00:00", "RecordID": "34435", "Level": "4", "UserID": "S-1-5-21-963789628-1060504924-4285088085-1001", "EventData.Command": "redirector.exe\" /startup"}
{"EventID": "9708", "Channel": "Microsoft-Windows-Shell-Core/Operational", "Provider_Name": "Microsoft-Windows-Shell-Core", "Computer": "DESKTOP-OFJ6N53", "TimeCreated": "2025-08-12 12:19:59.141371+00:00", "RecordID": "34436", "Level": "4", "UserID": "S-1-5-21-963789628-1060504924-4285088085-1001", "EventData.PID": "3204", "EventData.Command": "OneDriveSetup.exe\""}
{"EventID": "9707", "Channel": "Microsoft-Windows-Shell-Core/Operational", "Provider_Name": "Microsoft-Windows-Shell-Core", "Computer": "DESKTOP-OFJ6N53", "TimeCreated": "2025-08-12 12:19:59.141663+00:00", "RecordID": "34437", "Level": "4", "UserID": "S-1-5-21-963789628-1060504924-4285088085-1001", "EventData.Command": "25.127.0701.0006\""}
{"EventID": "9708", "Channel": "Microsoft-Windows-Shell-Core/Operational", "Provider_Name": "Microsoft-Windows-Shell-Core", "Computer": "DESKTOP-OFJ6N53", "TimeCreated": "2025-08-12 12:20:00.362177+00:00", "RecordID": "34438", "Level": "4", "UserID": "S-1-5-21-963789628-1060504924-4285088085-1001", "EventData.PID": "4476", "EventData.Command": "redirector.exe\" /startup"}
{"EventID": "9707", "Channel": "Microsoft-Windows-Shell-Core/Operational", "Provider_Name": "Microsoft-Windows-Shell-Core", "Computer": "DESKTOP-OFJ6N53", "TimeCreated": "2025-08-12 12:20:00.362375+00:00", "RecordID": "34439", "Level": "4", "UserID": "S-1-5-21-963789628-1060504924-4285088085-1001", "EventData.Command": "vpnui.exe\" -minimized"}
{"EventID": "9708", "Channel": "Microsoft-Windows-Shell-Core/Operational", "Provider_Name": "Microsoft-Windows-Shell-Core", "Computer": "DESKTOP-OFJ6N53", "TimeCreated": "2025-08-12 12:20:00.633291+00:00", "RecordID": "34440", "Level": "4", "UserID": "S-1-5-21-963789628-1060504924-4285088085-1001", "EventData.PID": "2936", "EventData.Command": "25.127.0701.0006\""}
{"EventID": "9706", "Channel": "Microsoft-Windows-Shell-Core/Operational", "Provider_Name": "Microsoft-Windows-Shell-Core", "Computer": "DESKTOP-OFJ6N53", "TimeCreated": "2025-08-12 12:20:00.633301+00:00", "RecordID": "34441", "Level": "4", "UserID": "S-1-5-21-963789628-1060504924-4285088085-1001", "EventData.KeyName": "Software\\Microsoft\\Windows\\CurrentVersion\\RunOnce"}
{"EventID": "9708", "Channel": "Microsoft-Windows-Shell-Core/Operational", "Provider_Name": "Microsoft-Windows-Shell-Core", "Computer": "DESKTOP-OFJ6N53", "TimeCreated": "2025-08-12 12:20:01.781195+00:00", "RecordID": "34442", "Level": "4", "UserID": "S-1-5-21-963789628-1060504924-4285088085-1001", "EventData.PID": "12336", "EventData.Command": "vpnui.exe\" -minimized"}
{"EventID": "9707", "Channel": "Microsoft-Windows-Shell-Core/Operational", "Provider_Name": "Microsoft-Windows-Shell-Core", "Computer": "DESKTOP-OFJ6N53", "TimeCreated": "2025-08-12 12:20:01.781364+00:00", "RecordID": "34443", "Level": "4", "UserID": "S-1-5-21-963789628-1060504924-4285088085-1001", "EventData.Command": "STerraCSPTray.exe\""}
{"EventID": "9708", "Channel": "Microsoft-Windows-Shell-Core/Operational", "Provider_Name": "Microsoft-Windows-Shell-Core", "Computer": "DESKTOP-OFJ6N53", "TimeCreated": "2025-08-12 12:20:03.380651+00:00", "RecordID": "34444", "Level": "4", "UserID": "S-1-5-21-963789628-1060504924-4285088085-1001", "EventData.PID": "12476", "EventData.Command": "STerraCSPTray.exe\""}
{"EventID": "9707", "Channel": "Microsoft-Windows-Shell-Core/Operational", "Provider_Name": "Microsoft-Windows-Shell-Core", "Computer": "DESKTOP-OFJ6N53", "TimeCreated": "2025-08-12 12:20:03.380850+00:00", "RecordID": "34445", "Level": "4", "UserID": "S-1-5-21-963789628-1060504924-4285088085-1001", "EventData.Command": "cptrayUI.exe\""}
{"EventID": "9708", "Channel": "Microsoft-Windows-Shell-Core/Operational", "Provider_Name": "Microsoft-Windows-Shell-Core", "Computer": "DESKTOP-OFJ6N53", "TimeCreated": "2025-08-12 12:20:06.222607+00:00", "RecordID": "34446", "Level": "4", "UserID": "S-1-5-21-963789628-1060504924-4285088085-1001", "EventData.PID": "12628", "EventData.Command": "cptrayUI.exe\""}
{"EventID": "9707", "Channel": "Microsoft-Windows-Shell-Core/Operational", "Provider_Name": "Microsoft-Windows-Shell-Core", "Computer": "DESKTOP-OFJ6N53", "TimeCreated": "2025-08-12 12:20:06.363503+00:00", "RecordID": "34447", "Level": "4", "UserID": "S-1-5-21-963789628-1060504924-4285088085-1001", "EventData.Command": "cptrayWUI.exe\" 2"}
{"EventID": "9708", "Channel": "Microsoft-Windows-Shell-Core/Operational", "Provider_Name": "Microsoft-Windows-Shell-Core", "Computer": "DESKTOP-OFJ6N53", "TimeCreated": "2025-08-12 12:20:11.397236+00:00", "RecordID": "34448", "Level": "4", "UserID": "S-1-5-21-963789628-1060504924-4285088085-1001", "EventData.PID": "12892", "EventData.Command": "cptrayWUI.exe\" 2"}
{"EventID": "9707", "Channel": "Microsoft-Windows-Shell-Core/Operational", "Provider_Name": "Microsoft-Windows-Shell-Core", "Computer": "DESKTOP-OFJ6N53", "TimeCreated": "2025-08-12 12:20:11.397600+00:00", "RecordID": "34449", "Level": "4", "UserID": "S-1-5-21-963789628-1060504924-4285088085-1001", "EventData.Command": "TrGUI.exe\""}
{"EventID": "9708", "Channel": "Microsoft-Windows-Shell-Core/Operational", "Provider_Name": "Microsoft-Windows-Shell-Core", "Computer": "DESKTOP-OFJ6N53", "TimeCreated": "2025-08-12 12:20:12.936701+00:00", "RecordID": "34450", "Level": "4", "UserID": "S-1-5-21-963789628-1060504924-4285088085-1001", "EventData.PID": "13208", "EventData.Command": "TrGUI.exe\""}
{"EventID": "9707", "Channel": "Microsoft-Windows-Shell-Core/Operational", "Provider_Name": "Microsoft-Windows-Shell-Core", "Computer": "DESKTOP-OFJ6N53", "TimeCreated": "2025-08-12 12:20:13.104374+00:00", "RecordID": "34451", "Level": "4", "UserID": "S-1-5-21-963789628-1060504924-4285088085-1001", "EventData.Command": "jusched.exe\""}
{"EventID": "9708", "Channel": "Microsoft-Windows-Shell-Core/Operational", "Provider_Name": "Microsoft-Windows-Shell-Core", "Computer": "DESKTOP-OFJ6N53", "TimeCreated": "2025-08-12 12:20:14.400368+00:00", "RecordID": "34452", "Level": "4", "UserID": "S-1-5-21-963789628-1060504924-4285088085-1001", "EventData.PID": "6080", "EventData.Command": "jusched.exe\""}
{"EventID": "9706", "Channel": "Microsoft-Windows-Shell-Core/Operational", "Provider_Name": "Microsoft-Windows-Shell-Core", "Computer": "DESKTOP-OFJ6N53", "TimeCreated": "2025-08-12 12:20:14.400434+00:00", "RecordID": "34453", "Level": "4", "UserID": "S-1-5-21-963789628-1060504924-4285088085-1001", "EventData.KeyName": "Software\\Microsoft\\Windows\\CurrentVersion\\Run"}
{"EventID": "28017", "Channel": "Microsoft-Windows-Shell-Core/Operational", "Provider_Name": "Microsoft-Windows-Shell-Core", "Computer": "DESKTOP-OFJ6N53", "TimeCreated": "2025-08-13 09:25:35.645874+00:00", "RecordID": "34454", "Level": "4", "UserID": "S-1-5-21-963789628-1060504924-4285088085-1001"}
{"EventID": "28018", "Channel": "Microsoft-Windows-Shell-Core/Operational", "Provider_Name": "Microsoft-Windows-Shell-Core", "Computer": "DESKTOP-OFJ6N53", "TimeCreated": "2025-08-13 09:25:35.654669+00:00", "RecordID": "34455", "Level": "4", "UserID": "S-1-5-21-963789628-1060504924-4285088085-1001"}
{"EventID": "28019", "Channel": "Microsoft-Windows-Shell-Core/Operational", "Provider_Name": "Microsoft-Windows-Shell-Core", "Computer": "DESKTOP-OFJ6N53", "TimeCreated": "2025-08-13 09:25:35.659063+00:00", "RecordID": "34456", "Level": "4", "UserID": "S-1-5-21-963789628-1060504924-4285088085-1001"}
{"EventID": "28017", "Channel": "Microsoft-Windows-Shell-Core/Operational", "Provider_Name": "Microsoft-Windows-Shell-Core", "Computer": "DESKTOP-OFJ6N53", "TimeCreated": "2025-08-13 09:26:01.159142+00:00", "RecordID": "34457", "Level": "4", "UserID": "S-1-5-21-963789628-1060504924-4285088085-1001"}
{"EventID": "28018", "Channel": "Microsoft-Windows-Shell-Core/Operational", "Provider_Name": "Microsoft-Windows-Shell-Core", "Computer": "DESKTOP-OFJ6N53", "TimeCreated": "2025-08-13 09:26:01.169773+00:00", "RecordID": "34458", "Level": "4", "UserID": "S-1-5-21-963789628-1060504924-4285088085-1001"}
{"EventID": "28017", "Channel": "Microsoft-Windows-Shell-Core/Operational", "Provider_Name": "Microsoft-Windows-Shell-Core", "Computer": "DESKTOP-OFJ6N53", "TimeCreated": "2025-08-13 09:26:07.122408+00:00", "RecordID": "34459", "Level": "4", "UserID": "S-1-5-21-963789628-1060504924-4285088085-1001"}
{"EventID": "28018", "Channel": "Microsoft-Windows-Shell-Core/Operational", "Provider_Name": "Microsoft-Windows-Shell-Core", "Computer": "DESKTOP-OFJ6N53", "TimeCreated": "2025-08-13 09:26:07.132032+00:00", "RecordID": "34460", "Level": "4", "UserID": "S-1-5-21-963789628-1060504924-4285088085-1001"}
{"EventID": "28017", "Channel": "Microsoft-Windows-Shell-Core/Operational", "Provider_Name": "Microsoft-Windows-Shell-Core", "Computer": "DESKTOP-OFJ6N53", "TimeCreated": "2025-08-13 09:26:27.047812+00:00", "RecordID": "34461", "Level": "4", "UserID": "S-1-5-21-963789628-1060504924-4285088085-1001"}
{"EventID": "28018", "Channel": "Microsoft-Windows-Shell-Core/Operational", "Provider_Name": "Microsoft-Windows-Shell-Core", "Computer": "DESKTOP-OFJ6N53", "TimeCreated": "2025-08-13 09:26:27.056171+00:00", "RecordID": "34462", "Level": "4", "UserID": "S-1-5-21-963789628-1060504924-4285088085-1001"}
{"EventID": "28017", "Channel": "Microsoft-Windows-Shell-Core/Operational", "Provider_Name": "Microsoft-Windows-Shell-Core", "Computer": "DESKTOP-OFJ6N53", "TimeCreated": "2025-08-13 09:26:35.716034+00:00", "RecordID": "34463", "Level": "4", "UserID": "S-1-5-21-963789628-1060504924-4285088085-1001"}
{"EventID": "28018", "Channel": "Microsoft-Windows-Shell-Core/Operational", "Provider_Name": "Microsoft-Windows-Shell-Core", "Computer": "DESKTOP-OFJ6N53", "TimeCreated": "2025-08-13 09:26:35.724857+00:00", "RecordID": "34464", "Level": "4", "UserID": "S-1-5-21-963789628-1060504924-4285088085-1001"}
{"EventID": "28017", "Channel": "Microsoft-Windows-Shell-Core/Operational", "Provider_Name": "Microsoft-Windows-Shell-Core", "Computer": "DESKTOP-OFJ6N53", "TimeCreated": "2025-08-13 09:27:09.813684+00:00", "RecordID": "34465", "Level": "4", "UserID": "S-1-5-21-963789628-1060504924-4285088085-1001"}
{"EventID": "28018", "Channel": "Microsoft-Windows-Shell-Core/Operational", "Provider_Name": "Microsoft-Windows-Shell-Core", "Computer": "DESKTOP-OFJ6N53", "TimeCreated": "2025-08-13 09:27:09.822527+00:00", "RecordID": "34466", "Level": "4", "UserID": "S-1-5-21-963789628-1060504924-4285088085-1001"}
{"EventID": "28017", "Channel": "Microsoft-Windows-Shell-Core/Operational", "Provider_Name": "Microsoft-Windows-Shell-Core", "Computer": "DESKTOP-OFJ6N53", "TimeCreated": "2025-08-13 09:29:47.961605+00:00", "RecordID": "34467", "Level": "4", "UserID": "S-1-5-21-963789628-1060504924-4285088085-1001"}
{"EventID": "28018", "Channel": "Microsoft-Windows-Shell-Core/Operational", "Provider_Name": "Microsoft-Windows-Shell-Core", "Computer": "DESKTOP-OFJ6N53", "TimeCreated": "2025-08-13 09:29:47.971239+00:00", "RecordID": "34468", "Level": "4", "UserID": "S-1-5-21-963789628-1060504924-4285088085-1001"}
{"EventID": "28017", "Channel": "Microsoft-Windows-Shell-Core/Operational", "Provider_Name": "Microsoft-Windows-Shell-Core", "Computer": "DESKTOP-OFJ6N53", "TimeCreated": "2025-08-13 09:29:56.376104+00:00", "RecordID": "34469", "Level": "4", "UserID": "S-1-5-21-963789628-1060504924-4285088085-1001"}
{"EventID": "28018", "Channel": "Microsoft-Windows-Shell-Core/Operational", "Provider_Name": "Microsoft-Windows-Shell-Core", "Computer": "DESKTOP-OFJ6N53", "TimeCreated": "2025-08-13 09:29:56.489676+00:00", "RecordID": "34470", "Level": "4", "UserID": "S-1-5-21-963789628-1060504924-4285088085-1001"}
{"EventID": "28017", "Channel": "Microsoft-Windows-Shell-Core/Operational", "Provider_Name": "Microsoft-Windows-Shell-Core", "Computer": "DESKTOP-OFJ6N53", "TimeCreated": "2025-08-13 09:32:51.392120+00:00", "RecordID": "34471", "Level": "4", "UserID": "S-1-5-21-963789628-1060504924-4285088085-1001"}
{"EventID": "28018", "Channel": "Microsoft-Windows-Shell-Core/Operational", "Provider_Name": "Microsoft-Windows-Shell-Core", "Computer": "DESKTOP-OFJ6N53", "TimeCreated": "2025-08-13 09:32:51.400307+00:00", "RecordID": "34472", "Level": "4", "UserID": "S-1-5-21-963789628-1060504924-4285088085-1001"}
{"EventID": "28017", "Channel": "Microsoft-Windows-Shell-Core/Operational", "Provider_Name": "Microsoft-Windows-Shell-Core", "Computer": "DESKTOP-OFJ6N53", "TimeCreated": "2025-08-13 09:32:55.441780+00:00", "RecordID": "34473", "Level": "4", "UserID": "S-1-5-21-963789628-1060504924-4285088085-1001"}
{"EventID": "28018", "Channel": "Microsoft-Windows-Shell-Core/Operational", "Provider_Name": "Microsoft-Windows-Shell-Core", "Computer": "DESKTOP-OFJ6N53", "TimeCreated": "2025-08-13 09:32:55.476856+00:00", "RecordID": "34474", "Level": "4", "UserID": "S-1-5-21-963789628-1060504924-4285088085-1001"}
{"EventID": "28017", "Channel": "Microsoft-Windows-Shell-Core/Operational", "Provider_Name": "Microsoft-Windows-Shell-Core", "Computer": "DESKTOP-OFJ6N53", "TimeCreated": "2025-08-13 09:55:42.997236+00:00", "RecordID": "34475", "Level": "4", "UserID": "S-1-5-21-963789628-1060504924-4285088085-1001"}
{"EventID": "28018", "Channel": "Microsoft-Windows-Shell-Core/Operational", "Provider_Name": "Microsoft-Windows-Shell-Core", "Computer": "DESKTOP-OFJ6N53", "TimeCreated": "2025-08-13 09:55:43.009443+00:00", "RecordID": "34476", "Level": "4", "UserID": "S-1-5-21-963789628-1060504924-4285088085-1001"}
{"EventID": "28017", "Channel": "Microsoft-Windows-Shell-Core/Operational", "Provider_Name": "Microsoft-Windows-Shell-Core", "Computer": "DESKTOP-OFJ6N53", "TimeCreated": "2025-08-13 09:56:40.302189+00:00", "RecordID": "34477", "Level": "4", "UserID": "S-1-5-21-963789628-1060504924-4285088085-1001"}
