{"EventID": "360", "Channel": "Microsoft-Windows-User Device Registration/Admin", "Provider_Name": "Microsoft-Windows-User Device Registration", "Computer": "DESKTOP-OFJ6N53", "TimeCreated": "2023-01-23 10:03:48.470137+00:00", "RecordID": "62", "Level": "3", "UserID": "S-1-5-21-963789628-1060504924-4285088085-1001", "EventData.Message": "Подготовка Windows Hello для бизнеса не будет запущена.", "EventData.DeviceIsJoined": "Not Tested", "EventData.AADPrt": "Not Tested", "EventData.NgcPolicyEnabled": "Not Tested", "EventData.NgcPostLogonProvisioningEnabled": "Not Tested", "EventData.NgcHardwarePolicyMet": "Not Tested", "EventData.UserIsRemote": "No", "EventData.LogonCertRequired": "Not Tested", "EventData.MachinePolicySource": "none", "EventData.UseCloudTrust": "Not Tested", "EventData.CloudTgt": "Not Tested"}
{"EventID": "360", "Channel": "Microsoft-Windows-User Device Registration/Admin", "Provider_Name": "Microsoft-Windows-User Device Registration", "Computer": "DESKTOP-OFJ6N53", "TimeCreated": "2023-01-23 12:35:26.214457+00:00", "RecordID": "63", "Level": "3", "UserID": "S-1-5-21-963789628-1060504924-4285088085-1001", "EventData.Message": "Подготовка Windows Hello для бизнеса не будет запущена.", "EventData.DeviceIsJoined": "Not Tested", "EventData.AADPrt": "Not Tested", "EventData.NgcPolicyEnabled": "Not Tested", "EventData.NgcPostLogonProvisioningEnabled": "Not Tested", "EventData.NgcHardwarePolicyMet": "Not Tested", "EventData.UserIsRemote": "No", "EventData.LogonCertRequired": "Not Tested", "EventData.MachinePolicySource": "none", "EventData.UseCloudTrust": "Not Tested", "EventData.CloudTgt": "Not Tested"}
{"EventID": "360", "Channel": "Microsoft-Windows-User Device Registration/Admin", "Provider_Name": "Microsoft-Windows-User Device Registration", "Computer": "DESKTOP-OFJ6N53", "TimeCreated": "2023-01-23 13:02:46.448175+00:00", "RecordID": "64", "Level": "3", "UserID": "S-1-5-21-963789628-1060504924-4285088085-1001", "EventData.Message": "Подготовка Windows Hello для бизнеса не будет запущена.", "EventData.DeviceIsJoined": "Not Tested", "EventData.AADPrt": "Not Tested", "EventData.NgcPolicyEnabled": "Not Tested", "EventData.NgcPostLogonProvisioningEnabled": "Not Tested", "EventData.NgcHardwarePolicyMet": "Not Tested", "EventData.UserIsRemote": "No", "EventData.LogonCertRequired": "Not Tested", "EventData.MachinePolicySource": "none", "EventData.UseCloudTrust": "Not Tested", "EventData.CloudTgt": "Not Tested"}
{"EventID": "360", "Channel": "Microsoft-Windows-User Device Registration/Admin", "Provider_Name": "Microsoft-Windows-User Device Registration", "Computer": "DESKTOP-OFJ6N53", "TimeCreated": "2023-01-25 08:57:53.776428+00:00", "RecordID": "65", "Level": "3", "UserID": "S-1-5-21-963789628-1060504924-4285088085-1001", "EventData.Message": "Подготовка Windows Hello для бизнеса не будет запущена.", "EventData.DeviceIsJoined": "Not Tested", "EventData.AADPrt": "Not Tested", "EventData.NgcPolicyEnabled": "Not Tested", "EventData.NgcPostLogonProvisioningEnabled": "Not Tested", "EventData.NgcHardwarePolicyMet": "Not Tested", "EventData.UserIsRemote": "No", "EventData.LogonCertRequired": "Not Tested", "EventData.MachinePolicySource": "none", "EventData.UseCloudTrust": "Not Tested", "EventData.CloudTgt": "Not Tested"}
{"EventID": "359", "Channel": "Microsoft-Windows-User Device Registration/Admin", "Provider_Name": "Microsoft-Windows-User Device Registration", "Computer": "DESKTOP-OFJ6N53", "TimeCreated": "2023-01-28 09:56:02.066153+00:00", "RecordID": "66", "Level": "2", "UserID": "S-1-5-21-963789628-1060504924-4285088085-1001", "EventData.ExitCode": "-2147022646", "EventData.Method": "WinStationIsSessionRemoteable"}
{"EventID": "360", "Channel": "Microsoft-Windows-User Device Registration/Admin", "Provider_Name": "Microsoft-Windows-User Device Registration", "Computer": "DESKTOP-OFJ6N53", "TimeCreated": "2023-01-28 09:56:02.091024+00:00", "RecordID": "67", "Level": "3", "UserID": "S-1-5-21-963789628-1060504924-4285088085-1001", "EventData.Message": "Подготовка Windows Hello для бизнеса не будет запущена.", "EventData.DeviceIsJoined": "Not Tested", "EventData.AADPrt": "No", "EventData.NgcPolicyEnabled": "Not Tested", "EventData.NgcPostLogonProvisioningEnabled": "Not Tested", "EventData.NgcHardwarePolicyMet": "Not Tested", "EventData.UserIsRemote": "Error", "EventData.LogonCertRequired": "Not Tested", "EventData.MachinePolicySource": "none", "EventData.UseCloudTrust": "Not Tested", "EventData.CloudTgt": "Not Tested"}
{"EventID": "360", "Channel": "Microsoft-Windows-User Device Registration/Admin", "Provider_Name": "Microsoft-Windows-User Device Registration", "Computer": "DESKTOP-OFJ6N53", "TimeCreated": "2023-01-30 08:07:16.831507+00:00", "RecordID": "68", "Level": "3", "UserID": "S-1-5-21-963789628-1060504924-4285088085-1001", "EventData.Message": "Подготовка Windows Hello для бизнеса не будет запущена.", "EventData.DeviceIsJoined": "Not Tested", "EventData.AADPrt": "Not Tested", "EventData.NgcPolicyEnabled": "Not Tested", "EventData.NgcPostLogonProvisioningEnabled": "Not Tested", "EventData.NgcHardwarePolicyMet": "Not Tested", "EventData.UserIsRemote": "No", "EventData.LogonCertRequired": "Not Tested", "EventData.MachinePolicySource": "none", "EventData.UseCloudTrust": "Not Tested", "EventData.CloudTgt": "Not Tested"}
{"EventID": "360", "Channel": "Microsoft-Windows-User Device Registration/Admin", "Provider_Name": "Microsoft-Windows-User Device Registration", "Computer": "DESKTOP-OFJ6N53", "TimeCreated": "2023-02-09 10:53:19.136869+00:00", "RecordID": "69", "Level": "3", "UserID": "S-1-5-21-963789628-1060504924-4285088085-1001", "EventData.Message": "Подготовка Windows Hello для бизнеса не будет запущена.", "EventData.DeviceIsJoined": "Not Tested", "EventData.AADPrt": "Not Tested", "EventData.NgcPolicyEnabled": "Not Tested", "EventData.NgcPostLogonProvisioningEnabled": "Not Tested", "EventData.NgcHardwarePolicyMet": "Not Tested", "EventData.UserIsRemote": "No", "EventData.LogonCertRequired": "Not Tested", "EventData.MachinePolicySource": "none", "EventData.UseCloudTrust": "Not Tested", "EventData.CloudTgt": "Not Tested"}
{"EventID": "360", "Channel": "Microsoft-Windows-User Device Registration/Admin", "Provider_Name": "Microsoft-Windows-User Device Registration", "Computer": "DESKTOP-OFJ6N53", "TimeCreated": "2023-02-14 14:08:43.119064+00:00", "RecordID": "70", "Level": "3", "UserID": "S-1-5-21-963789628-1060504924-4285088085-1001", "EventData.Message": "Подготовка Windows Hello для бизнеса не будет запущена.", "EventData.DeviceIsJoined": "Not Tested", "EventData.AADPrt": "Not Tested", "EventData.NgcPolicyEnabled": "Not Tested", "EventData.NgcPostLogonProvisioningEnabled": "Not Tested", "EventData.NgcHardwarePolicyMet": "Not Tested", "EventData.UserIsRemote": "No", "EventData.LogonCertRequired": "Not Tested", "EventData.MachinePolicySource": "none", "EventData.UseCloudTrust": "Not Tested", "EventData.CloudTgt": "Not Tested"}
{"EventID": "360", "Channel": "Microsoft-Windows-User Device Registration/Admin", "Provider_Name": "Microsoft-Windows-User Device Registration", "Computer": "DESKTOP-OFJ6N53", "TimeCreated": "2023-02-15 12:52:43.428652+00:00", "RecordID": "71", "Level": "3", "UserID": "S-1-5-21-963789628-1060504924-4285088085-1001", "EventData.Message": "Подготовка Windows Hello для бизнеса не будет запущена.", "EventData.DeviceIsJoined": "Not Tested", "EventData.AADPrt": "Not Tested", "EventData.NgcPolicyEnabled": "Not Tested", "EventData.NgcPostLogonProvisioningEnabled": "Not Tested", "EventData.NgcHardwarePolicyMet": "Not Tested", "EventData.UserIsRemote": "No", "EventData.LogonCertRequired": "Not Tested", "EventData.MachinePolicySource": "none", "EventData.UseCloudTrust": "Not Tested", "EventData.CloudTgt": "Not Tested"}
{"EventID": "360", "Channel": "Microsoft-Windows-User Device Registration/Admin", "Provider_Name": "Microsoft-Windows-User Device Registration", "Computer": "DESKTOP-OFJ6N53", "TimeCreated": "2023-02-27 12:54:08.969870+00:00", "RecordID": "72", "Level": "3", "UserID": "S-1-5-21-963789628-1060504924-4285088085-1001", "EventData.Message": "Подготовка Windows Hello для бизнеса не будет запущена.", "EventData.DeviceIsJoined": "Not Tested", "EventData.AADPrt": "Not Tested", "EventData.NgcPolicyEnabled": "Not Tested", "EventData.NgcPostLogonProvisioningEnabled": "Not Tested", "EventData.NgcHardwarePolicyMet": "Not Tested", "EventData.UserIsRemote": "No", "EventData.LogonCertRequired": "Not Tested", "EventData.MachinePolicySource": "none", "EventData.UseCloudTrust": "Not Tested", "EventData.CloudTgt": "Not Tested"}
{"EventID": "360", "Channel": "Microsoft-Windows-User Device Registration/Admin", "Provider_Name": "Microsoft-Windows-User Device Registration", "Computer": "DESKTOP-OFJ6N53", "TimeCreated": "2023-02-27 19:07:13.169125+00:00", "RecordID": "73", "Level": "3", "UserID": "S-1-5-21-963789628-1060504924-4285088085-1001", "EventData.Message": "Подготовка Windows Hello для бизнеса не будет запущена.", "EventData.DeviceIsJoined": "Not Tested", "EventData.AADPrt": "Not Tested", "EventData.NgcPolicyEnabled": "Not Tested", "EventData.NgcPostLogonProvisioningEnabled": "Not Tested", "EventData.NgcHardwarePolicyMet": "Not Tested", "EventData.UserIsRemote": "No", "EventData.LogonCertRequired": "Not Tested", "EventData.MachinePolicySource": "none", "EventData.UseCloudTrust": "Not Tested", "EventData.CloudTgt": "Not Tested"}
{"EventID": "360", "Channel": "Microsoft-Windows-User Device Registration/Admin", "Provider_Name": "Microsoft-Windows-User Device Registration", "Computer": "DESKTOP-OFJ6N53", "TimeCreated": "2023-03-06 09:09:14.146761+00:00", "RecordID": "74", "Level": "3", "UserID": "S-1-5-21-963789628-1060504924-4285088085-1001", "EventData.Message": "Подготовка Windows Hello для бизнеса не будет запущена.", "EventData.DeviceIsJoined": "Not Tested", "EventData.AADPrt": "Not Tested", "EventData.NgcPolicyEnabled": "Not Tested", "EventData.NgcPostLogonProvisioningEnabled": "Not Tested", "EventData.NgcHardwarePolicyMet": "Not Tested", "EventData.UserIsRemote": "No", "EventData.LogonCertRequired": "Not Tested", "EventData.MachinePolicySource": "none", "EventData.UseCloudTrust": "Not Tested", "EventData.CloudTgt": "Not Tested"}
{"EventID": "360", "Channel": "Microsoft-Windows-User Device Registration/Admin", "Provider_Name": "Microsoft-Windows-User Device Registration", "Computer": "DESKTOP-OFJ6N53", "TimeCreated": "2023-03-10 12:21:12.435938+00:00", "RecordID": "75", "Level": "3", "UserID": "S-1-5-21-963789628-1060504924-4285088085-1001", "EventData.Message": "Подготовка Windows Hello для бизнеса не будет запущена.", "EventData.DeviceIsJoined": "Not Tested", "EventData.AADPrt": "No", "EventData.NgcPolicyEnabled": "Not Tested", "EventData.NgcPostLogonProvisioningEnabled": "Not Tested", "EventData.NgcHardwarePolicyMet": "Not Tested", "EventData.UserIsRemote": "Yes", "EventData.LogonCertRequired": "Not Tested", "EventData.MachinePolicySource": "none", "EventData.UseCloudTrust": "Not Tested", "EventData.CloudTgt": "Not Tested"}
{"EventID": "360", "Channel": "Microsoft-Windows-User Device Registration/Admin", "Provider_Name": "Microsoft-Windows-User Device Registration", "Computer": "DESKTOP-OFJ6N53", "TimeCreated": "2023-03-13 11:27:53.115883+00:00", "RecordID": "76", "Level": "3", "UserID": "S-1-5-21-963789628-1060504924-4285088085-1001", "EventData.Message": "Подготовка Windows Hello для бизнеса не будет запущена.", "EventData.DeviceIsJoined": "Not Tested", "EventData.AADPrt": "Not Tested", "EventData.NgcPolicyEnabled": "Not Tested", "EventData.NgcPostLogonProvisioningEnabled": "Not Tested", "EventData.NgcHardwarePolicyMet": "Not Tested", "EventData.UserIsRemote": "No", "EventData.LogonCertRequired": "Not Tested", "EventData.MachinePolicySource": "none", "EventData.UseCloudTrust": "Not Tested", "EventData.CloudTgt": "Not Tested"}
{"EventID": "360", "Channel": "Microsoft-Windows-User Device Registration/Admin", "Provider_Name": "Microsoft-Windows-User Device Registration", "Computer": "DESKTOP-OFJ6N53", "TimeCreated": "2023-03-16 15:01:21.679955+00:00", "RecordID": "77", "Level": "3", "UserID": "S-1-5-21-963789628-1060504924-4285088085-1001", "EventData.Message": "Подготовка Windows Hello для бизнеса не будет запущена.", "EventData.DeviceIsJoined": "Not Tested", "EventData.AADPrt": "Not Tested", "EventData.NgcPolicyEnabled": "Not Tested", "EventData.NgcPostLogonProvisioningEnabled": "Not Tested", "EventData.NgcHardwarePolicyMet": "Not Tested", "EventData.UserIsRemote": "No", "EventData.LogonCertRequired": "Not Tested", "EventData.MachinePolicySource": "none", "EventData.UseCloudTrust": "Not Tested", "EventData.CloudTgt": "Not Tested"}
{"EventID": "360", "Channel": "Microsoft-Windows-User Device Registration/Admin", "Provider_Name": "Microsoft-Windows-User Device Registration", "Computer": "DESKTOP-OFJ6N53", "TimeCreated": "2023-03-19 01:11:27.209797+00:00", "RecordID": "78", "Level": "3", "UserID": "S-1-5-21-963789628-1060504924-4285088085-1001", "EventData.Message": "Подготовка Windows Hello для бизнеса не будет запущена.", "EventData.DeviceIsJoined": "Not Tested", "EventData.AADPrt": "Not Tested", "EventData.NgcPolicyEnabled": "Not Tested", "EventData.NgcPostLogonProvisioningEnabled": "Not Tested", "EventData.NgcHardwarePolicyMet": "Not Tested", "EventData.UserIsRemote": "No", "EventData.LogonCertRequired": "Not Tested", "EventData.MachinePolicySource": "none", "EventData.UseCloudTrust": "Not Tested", "EventData.CloudTgt": "Not Tested"}
{"EventID": "360", "Channel": "Microsoft-Windows-User Device Registration/Admin", "Provider_Name": "Microsoft-Windows-User Device Registration", "Computer": "DESKTOP-OFJ6N53", "TimeCreated": "2023-03-20 08:34:51.731047+00:00", "RecordID": "79", "Level": "3", "UserID": "S-1-5-21-963789628-1060504924-4285088085-1001", "EventData.Message": "Подготовка Windows Hello для бизнеса не будет запущена.", "EventData.DeviceIsJoined": "Not Tested", "EventData.AADPrt": "Not Tested", "EventData.NgcPolicyEnabled": "Not Tested", "EventData.NgcPostLogonProvisioningEnabled": "Not Tested", "EventData.NgcHardwarePolicyMet": "Not Tested", "EventData.UserIsRemote": "No", "EventData.LogonCertRequired": "Not Tested", "EventData.MachinePolicySource": "none", "EventData.UseCloudTrust": "Not Tested", "EventData.CloudTgt": "Not Tested"}
{"EventID": "360", "Channel": "Microsoft-Windows-User Device Registration/Admin", "Provider_Name": "Microsoft-Windows-User Device Registration", "Computer": "DESKTOP-OFJ6N53", "TimeCreated": "2023-03-23 10:12:21.570208+00:00", "RecordID": "80", "Level": "3", "UserID": "S-1-5-21-963789628-1060504924-4285088085-1001", "EventData.Message": "Подготовка Windows Hello для бизнеса не будет запущена.", "EventData.DeviceIsJoined": "Not Tested", "EventData.AADPrt": "Not Tested", "EventData.NgcPolicyEnabled": "Not Tested", "EventData.NgcPostLogonProvisioningEnabled": "Not Tested", "EventData.NgcHardwarePolicyMet": "Not Tested", "EventData.UserIsRemote": "No", "EventData.LogonCertRequired": "Not Tested", "EventData.MachinePolicySource": "none", "EventData.UseCloudTrust": "Not Tested", "EventData.CloudTgt": "Not Tested"}
{"EventID": "360", "Channel": "Microsoft-Windows-User Device Registration/Admin", "Provider_Name": "Microsoft-Windows-User Device Registration", "Computer": "DESKTOP-OFJ6N53", "TimeCreated": "2023-03-29 11:28:43.609505+00:00", "RecordID": "81", "Level": "3", "UserID": "S-1-5-21-963789628-1060504924-4285088085-1001", "EventData.Message": "Подготовка Windows Hello для бизнеса не будет запущена.", "EventData.DeviceIsJoined": "Not Tested", "EventData.AADPrt": "Not Tested", "EventData.NgcPolicyEnabled": "Not Tested", "EventData.NgcPostLogonProvisioningEnabled": "Not Tested", "EventData.NgcHardwarePolicyMet": "Not Tested", "EventData.UserIsRemote": "No", "EventData.LogonCertRequired": "Not Tested", "EventData.MachinePolicySource": "none", "EventData.UseCloudTrust": "Not Tested", "EventData.CloudTgt": "Not Tested"}
{"EventID": "360", "Channel": "Microsoft-Windows-User Device Registration/Admin", "Provider_Name": "Microsoft-Windows-User Device Registration", "Computer": "DESKTOP-OFJ6N53", "TimeCreated": "2023-04-03 13:40:14.696505+00:00", "RecordID": "82", "Level": "3", "UserID": "S-1-5-21-963789628-1060504924-4285088085-1001", "EventData.Message": "Подготовка Windows Hello для бизнеса не будет запущена.", "EventData.DeviceIsJoined": "Not Tested", "EventData.AADPrt": "Not Tested", "EventData.NgcPolicyEnabled": "Not Tested", "EventData.NgcPostLogonProvisioningEnabled": "Not Tested", "EventData.NgcHardwarePolicyMet": "Not Tested", "EventData.UserIsRemote": "No", "EventData.LogonCertRequired": "Not Tested", "EventData.MachinePolicySource": "none", "EventData.UseCloudTrust": "Not Tested", "EventData.CloudTgt": "Not Tested"}
{"EventID": "360", "Channel": "Microsoft-Windows-User Device Registration/Admin", "Provider_Name": "Microsoft-Windows-User Device Registration", "Computer": "DESKTOP-OFJ6N53", "TimeCreated": "2023-04-03 15:16:51.865301+00:00", "RecordID": "83", "Level": "3", "UserID": "S-1-5-21-963789628-1060504924-4285088085-1001", "EventData.Message": "Подготовка Windows Hello для бизнеса не будет запущена.", "EventData.DeviceIsJoined": "Not Tested", "EventData.AADPrt": "Not Tested", "EventData.NgcPolicyEnabled": "Not Tested", "EventData.NgcPostLogonProvisioningEnabled": "Not Tested", "EventData.NgcHardwarePolicyMet": "Not Tested", "EventData.UserIsRemote": "No", "EventData.LogonCertRequired": "Not Tested", "EventData.MachinePolicySource": "none", "EventData.UseCloudTrust": "Not Tested", "EventData.CloudTgt": "Not Tested"}
{"EventID": "360", "Channel": "Microsoft-Windows-User Device Registration/Admin", "Provider_Name": "Microsoft-Windows-User Device Registration", "Computer": "DESKTOP-OFJ6N53", "TimeCreated": "2023-04-04 06:33:23.544199+00:00", "RecordID": "84", "Level": "3", "UserID": "S-1-5-21-963789628-1060504924-4285088085-1001", "EventData.Message": "Подготовка Windows Hello для бизнеса не будет запущена.", "EventData.DeviceIsJoined": "Not Tested", "EventData.AADPrt": "Not Tested", "EventData.NgcPolicyEnabled": "Not Tested", "EventData.NgcPostLogonProvisioningEnabled": "Not Tested", "EventData.NgcHardwarePolicyMet": "Not Tested", "EventData.UserIsRemote": "No", "EventData.LogonCertRequired": "Not Tested", "EventData.MachinePolicySource": "none", "EventData.UseCloudTrust": "Not Tested", "EventData.CloudTgt": "Not Tested"}
{"EventID": "360", "Channel": "Microsoft-Windows-User Device Registration/Admin", "Provider_Name": "Microsoft-Windows-User Device Registration", "Computer": "DESKTOP-OFJ6N53", "TimeCreated": "2023-04-05 07:29:44.479795+00:00", "RecordID": "85", "Level": "3", "UserID": "S-1-5-21-963789628-1060504924-4285088085-1001", "EventData.Message": "Подготовка Windows Hello для бизнеса не будет запущена.", "EventData.DeviceIsJoined": "Not Tested", "EventData.AADPrt": "Not Tested", "EventData.NgcPolicyEnabled": "Not Tested", "EventData.NgcPostLogonProvisioningEnabled": "Not Tested", "EventData.NgcHardwarePolicyMet": "Not Tested", "EventData.UserIsRemote": "No", "EventData.LogonCertRequired": "Not Tested", "EventData.MachinePolicySource": "none", "EventData.UseCloudTrust": "Not Tested", "EventData.CloudTgt": "Not Tested"}
{"EventID": "360", "Channel": "Microsoft-Windows-User Device Registration/Admin", "Provider_Name": "Microsoft-Windows-User Device Registration", "Computer": "DESKTOP-OFJ6N53", "TimeCreated": "2023-04-05 15:21:20.917463+00:00", "RecordID": "86", "Level": "3", "UserID": "S-1-5-21-963789628-1060504924-4285088085-1001", "EventData.Message": "Подготовка Windows Hello для бизнеса не будет запущена.", "EventData.DeviceIsJoined": "Not Tested", "EventData.AADPrt": "Not Tested", "EventData.NgcPolicyEnabled": "Not Tested", "EventData.NgcPostLogonProvisioningEnabled": "Not Tested", "EventData.NgcHardwarePolicyMet": "Not Tested", "EventData.UserIsRemote": "No", "EventData.LogonCertRequired": "Not Tested", "EventData.MachinePolicySource": "none", "EventData.UseCloudTrust": "Not Tested", "EventData.CloudTgt": "Not Tested"}
{"EventID": "360", "Channel": "Microsoft-Windows-User Device Registration/Admin", "Provider_Name": "Microsoft-Windows-User Device Registration", "Computer": "DESKTOP-OFJ6N53", "TimeCreated": "2023-04-11 20:01:08.220781+00:00", "RecordID": "87", "Level": "3", "UserID": "S-1-5-21-963789628-1060504924-4285088085-1001", "EventData.Message": "Подготовка Windows Hello для бизнеса не будет запущена.", "EventData.DeviceIsJoined": "Not Tested", "EventData.AADPrt": "Not Tested", "EventData.NgcPolicyEnabled": "Not Tested", "EventData.NgcPostLogonProvisioningEnabled": "Not Tested", "EventData.NgcHardwarePolicyMet": "Not Tested", "EventData.UserIsRemote": "No", "EventData.LogonCertRequired": "Not Tested", "EventData.MachinePolicySource": "none", "EventData.UseCloudTrust": "Not Tested", "EventData.CloudTgt": "Not Tested"}
{"EventID": "360", "Channel": "Microsoft-Windows-User Device Registration/Admin", "Provider_Name": "Microsoft-Windows-User Device Registration", "Computer": "DESKTOP-OFJ6N53", "TimeCreated": "2023-04-13 10:51:59.128748+00:00", "RecordID": "88", "Level": "3", "UserID": "S-1-5-21-963789628-1060504924-4285088085-1001", "EventData.Message": "Подготовка Windows Hello для бизнеса не будет запущена.", "EventData.DeviceIsJoined": "Not Tested", "EventData.AADPrt": "Not Tested", "EventData.NgcPolicyEnabled": "Not Tested", "EventData.NgcPostLogonProvisioningEnabled": "Not Tested", "EventData.NgcHardwarePolicyMet": "Not Tested", "EventData.UserIsRemote": "No", "EventData.LogonCertRequired": "Not Tested", "EventData.MachinePolicySource": "none", "EventData.UseCloudTrust": "Not Tested", "EventData.CloudTgt": "Not Tested"}
{"EventID": "360", "Channel": "Microsoft-Windows-User Device Registration/Admin", "Provider_Name": "Microsoft-Windows-User Device Registration", "Computer": "DESKTOP-OFJ6N53", "TimeCreated": "2023-04-22 12:25:34.028919+00:00", "RecordID": "89", "Level": "3", "UserID": "S-1-5-21-963789628-1060504924-4285088085-1001", "EventData.Message": "Подготовка Windows Hello для бизнеса не будет запущена.", "EventData.DeviceIsJoined": "Not Tested", "EventData.AADPrt": "Not Tested", "EventData.NgcPolicyEnabled": "Not Tested", "EventData.NgcPostLogonProvisioningEnabled": "Not Tested", "EventData.NgcHardwarePolicyMet": "Not Tested", "EventData.UserIsRemote": "No", "EventData.LogonCertRequired": "Not Tested", "EventData.MachinePolicySource": "none", "EventData.UseCloudTrust": "Not Tested", "EventData.CloudTgt": "Not Tested"}
{"EventID": "360", "Channel": "Microsoft-Windows-User Device Registration/Admin", "Provider_Name": "Microsoft-Windows-User Device Registration", "Computer": "DESKTOP-OFJ6N53", "TimeCreated": "2023-04-26 10:05:31.769318+00:00", "RecordID": "90", "Level": "3", "UserID": "S-1-5-21-963789628-1060504924-4285088085-1001", "EventData.Message": "Подготовка Windows Hello для бизнеса не будет запущена.", "EventData.DeviceIsJoined": "Not Tested", "EventData.AADPrt": "No", "EventData.NgcPolicyEnabled": "Not Tested", "EventData.NgcPostLogonProvisioningEnabled": "Not Tested", "EventData.NgcHardwarePolicyMet": "Not Tested", "EventData.UserIsRemote": "Yes", "EventData.LogonCertRequired": "Not Tested", "EventData.MachinePolicySource": "none", "EventData.UseCloudTrust": "Not Tested", "EventData.CloudTgt": "Not Tested"}
{"EventID": "360", "Channel": "Microsoft-Windows-User Device Registration/Admin", "Provider_Name": "Microsoft-Windows-User Device Registration", "Computer": "DESKTOP-OFJ6N53", "TimeCreated": "2023-05-02 20:28:36.461300+00:00", "RecordID": "91", "Level": "3", "UserID": "S-1-5-21-963789628-1060504924-4285088085-1001", "EventData.Message": "Подготовка Windows Hello для бизнеса не будет запущена.", "EventData.DeviceIsJoined": "Not Tested", "EventData.AADPrt": "No", "EventData.NgcPolicyEnabled": "Not Tested", "EventData.NgcPostLogonProvisioningEnabled": "Not Tested", "EventData.NgcHardwarePolicyMet": "Not Tested", "EventData.UserIsRemote": "Yes", "EventData.LogonCertRequired": "Not Tested", "EventData.MachinePolicySource": "none", "EventData.UseCloudTrust": "Not Tested", "EventData.CloudTgt": "Not Tested"}
{"EventID": "360", "Channel": "Microsoft-Windows-User Device Registration/Admin", "Provider_Name": "Microsoft-Windows-User Device Registration", "Computer": "DESKTOP-OFJ6N53", "TimeCreated": "2023-05-03 08:17:12.014624+00:00", "RecordID": "92", "Level": "3", "UserID": "S-1-5-21-963789628-1060504924-4285088085-1001", "EventData.Message": "Подготовка Windows Hello для бизнеса не будет запущена.", "EventData.DeviceIsJoined": "Not Tested", "EventData.AADPrt": "No", "EventData.NgcPolicyEnabled": "Not Tested", "EventData.NgcPostLogonProvisioningEnabled": "Not Tested", "EventData.NgcHardwarePolicyMet": "Not Tested", "EventData.UserIsRemote": "Yes", "EventData.LogonCertRequired": "Not Tested", "EventData.MachinePolicySource": "none", "EventData.UseCloudTrust": "Not Tested", "EventData.CloudTgt": "Not Tested"}
{"EventID": "360", "Channel": "Microsoft-Windows-User Device Registration/Admin", "Provider_Name": "Microsoft-Windows-User Device Registration", "Computer": "DESKTOP-OFJ6N53", "TimeCreated": "2023-05-10 00:46:48.803101+00:00", "RecordID": "93", "Level": "3", "UserID": "S-1-5-21-963789628-1060504924-4285088085-1001", "EventData.Message": "Подготовка Windows Hello для бизнеса не будет запущена.", "EventData.DeviceIsJoined": "Not Tested", "EventData.AADPrt": "No", "EventData.NgcPolicyEnabled": "Not Tested", "EventData.NgcPostLogonProvisioningEnabled": "Not Tested", "EventData.NgcHardwarePolicyMet": "Not Tested", "EventData.UserIsRemote": "Yes", "EventData.LogonCertRequired": "Not Tested", "EventData.MachinePolicySource": "none", "EventData.UseCloudTrust": "Not Tested", "EventData.CloudTgt": "Not Tested"}
{"EventID": "360", "Channel": "Microsoft-Windows-User Device Registration/Admin", "Provider_Name": "Microsoft-Windows-User Device Registration", "Computer": "DESKTOP-OFJ6N53", "TimeCreated": "2023-05-15 12:19:53.981709+00:00", "RecordID": "94", "Level": "3", "UserID": "S-1-5-21-963789628-1060504924-4285088085-1001", "EventData.Message": "Подготовка Windows Hello для бизнеса не будет запущена.", "EventData.DeviceIsJoined": "Not Tested", "EventData.AADPrt": "No", "EventData.NgcPolicyEnabled": "Not Tested", "EventData.NgcPostLogonProvisioningEnabled": "Not Tested", "EventData.NgcHardwarePolicyMet": "Not Tested", "EventData.UserIsRemote": "Yes", "EventData.LogonCertRequired": "Not Tested", "EventData.MachinePolicySource": "none", "EventData.UseCloudTrust": "Not Tested", "EventData.CloudTgt": "Not Tested"}
{"EventID": "360", "Channel": "Microsoft-Windows-User Device Registration/Admin", "Provider_Name": "Microsoft-Windows-User Device Registration", "Computer": "DESKTOP-OFJ6N53", "TimeCreated": "2023-05-16 14:59:16.627722+00:00", "RecordID": "95", "Level": "3", "UserID": "S-1-5-21-963789628-1060504924-4285088085-1001", "EventData.Message": "Подготовка Windows Hello для бизнеса не будет запущена.", "EventData.DeviceIsJoined": "Not Tested", "EventData.AADPrt": "Not Tested", "EventData.NgcPolicyEnabled": "Not Tested", "EventData.NgcPostLogonProvisioningEnabled": "Not Tested", "EventData.NgcHardwarePolicyMet": "Not Tested", "EventData.UserIsRemote": "No", "EventData.LogonCertRequired": "Not Tested", "EventData.MachinePolicySource": "none", "EventData.UseCloudTrust": "Not Tested", "EventData.CloudTgt": "Not Tested"}
{"EventID": "360", "Channel": "Microsoft-Windows-User Device Registration/Admin", "Provider_Name": "Microsoft-Windows-User Device Registration", "Computer": "DESKTOP-OFJ6N53", "TimeCreated": "2023-06-09 08:43:07.818985+00:00", "RecordID": "96", "Level": "3", "UserID": "S-1-5-21-963789628-1060504924-4285088085-1001", "EventData.Message": "Подготовка Windows Hello для бизнеса не будет запущена.", "EventData.DeviceIsJoined": "Not Tested", "EventData.AADPrt": "Not Tested", "EventData.NgcPolicyEnabled": "Not Tested", "EventData.NgcPostLogonProvisioningEnabled": "Not Tested", "EventData.NgcHardwarePolicyMet": "Not Tested", "EventData.UserIsRemote": "No", "EventData.LogonCertRequired": "Not Tested", "EventData.MachinePolicySource": "none", "EventData.UseCloudTrust": "Not Tested", "EventData.CloudTgt": "Not Tested"}
{"EventID": "360", "Channel": "Microsoft-Windows-User Device Registration/Admin", "Provider_Name": "Microsoft-Windows-User Device Registration", "Computer": "DESKTOP-OFJ6N53", "TimeCreated": "2023-06-11 21:01:58.108181+00:00", "RecordID": "97", "Level": "3", "UserID": "S-1-5-21-963789628-1060504924-4285088085-1001", "EventData.Message": "Подготовка Windows Hello для бизнеса не будет запущена.", "EventData.DeviceIsJoined": "Not Tested", "EventData.AADPrt": "Not Tested", "EventData.NgcPolicyEnabled": "Not Tested", "EventData.NgcPostLogonProvisioningEnabled": "Not Tested", "EventData.NgcHardwarePolicyMet": "Not Tested", "EventData.UserIsRemote": "No", "EventData.LogonCertRequired": "Not Tested", "EventData.MachinePolicySource": "none", "EventData.UseCloudTrust": "Not Tested", "EventData.CloudTgt": "Not Tested"}
{"EventID": "360", "Channel": "Microsoft-Windows-User Device Registration/Admin", "Provider_Name": "Microsoft-Windows-User Device Registration", "Computer": "DESKTOP-OFJ6N53", "TimeCreated": "2023-06-14 13:32:31.092602+00:00", "RecordID": "98", "Level": "3", "UserID": "S-1-5-21-963789628-1060504924-4285088085-1001", "EventData.Message": "Подготовка Windows Hello для бизнеса не будет запущена.", "EventData.DeviceIsJoined": "Not Tested", "EventData.AADPrt": "Not Tested", "EventData.NgcPolicyEnabled": "Not Tested", "EventData.NgcPostLogonProvisioningEnabled": "Not Tested", "EventData.NgcHardwarePolicyMet": "Not Tested", "EventData.UserIsRemote": "No", "EventData.LogonCertRequired": "Not Tested", "EventData.MachinePolicySource": "none", "EventData.UseCloudTrust": "Not Tested", "EventData.CloudTgt": "Not Tested"}
{"EventID": "360", "Channel": "Microsoft-Windows-User Device Registration/Admin", "Provider_Name": "Microsoft-Windows-User Device Registration", "Computer": "DESKTOP-OFJ6N53", "TimeCreated": "2023-06-27 09:48:49.175299+00:00", "RecordID": "99", "Level": "3", "UserID": "S-1-5-21-963789628-1060504924-4285088085-1001", "EventData.Message": "Подготовка Windows Hello для бизнеса не будет запущена.", "EventData.DeviceIsJoined": "Not Tested", "EventData.AADPrt": "Not Tested", "EventData.NgcPolicyEnabled": "Not Tested", "EventData.NgcPostLogonProvisioningEnabled": "Not Tested", "EventData.NgcHardwarePolicyMet": "Not Tested", "EventData.UserIsRemote": "No", "EventData.LogonCertRequired": "Not Tested", "EventData.MachinePolicySource": "none", "EventData.UseCloudTrust": "Not Tested", "EventData.CloudTgt": "Not Tested"}
{"EventID": "360", "Channel": "Microsoft-Windows-User Device Registration/Admin", "Provider_Name": "Microsoft-Windows-User Device Registration", "Computer": "DESKTOP-OFJ6N53", "TimeCreated": "2023-07-03 07:39:03.319386+00:00", "RecordID": "100", "Level": "3", "UserID": "S-1-5-21-963789628-1060504924-4285088085-1001", "EventData.Message": "Подготовка Windows Hello для бизнеса не будет запущена.", "EventData.DeviceIsJoined": "Not Tested", "EventData.AADPrt": "Not Tested", "EventData.NgcPolicyEnabled": "Not Tested", "EventData.NgcPostLogonProvisioningEnabled": "Not Tested", "EventData.NgcHardwarePolicyMet": "Not Tested", "EventData.UserIsRemote": "No", "EventData.LogonCertRequired": "Not Tested", "EventData.MachinePolicySource": "none", "EventData.UseCloudTrust": "Not Tested", "EventData.CloudTgt": "Not Tested"}
{"EventID": "360", "Channel": "Microsoft-Windows-User Device Registration/Admin", "Provider_Name": "Microsoft-Windows-User Device Registration", "Computer": "DESKTOP-OFJ6N53", "TimeCreated": "2023-07-06 12:46:22.274124+00:00", "RecordID": "101", "Level": "3", "UserID": "S-1-5-21-963789628-1060504924-4285088085-1001", "EventData.Message": "Подготовка Windows Hello для бизнеса не будет запущена.", "EventData.DeviceIsJoined": "Not Tested", "EventData.AADPrt": "No", "EventData.NgcPolicyEnabled": "Not Tested", "EventData.NgcPostLogonProvisioningEnabled": "Not Tested", "EventData.NgcHardwarePolicyMet": "Not Tested", "EventData.UserIsRemote": "Yes", "EventData.LogonCertRequired": "Not Tested", "EventData.MachinePolicySource": "none", "EventData.UseCloudTrust": "Not Tested", "EventData.CloudTgt": "Not Tested"}
{"EventID": "360", "Channel": "Microsoft-Windows-User Device Registration/Admin", "Provider_Name": "Microsoft-Windows-User Device Registration", "Computer": "DESKTOP-OFJ6N53", "TimeCreated": "2023-07-12 14:43:37.151466+00:00", "RecordID": "102", "Level": "3", "UserID": "S-1-5-21-963789628-1060504924-4285088085-1001", "EventData.Message": "Подготовка Windows Hello для бизнеса не будет запущена.", "EventData.DeviceIsJoined": "Not Tested", "EventData.AADPrt": "No", "EventData.NgcPolicyEnabled": "Not Tested", "EventData.NgcPostLogonProvisioningEnabled": "Not Tested", "EventData.NgcHardwarePolicyMet": "Not Tested", "EventData.UserIsRemote": "Yes", "EventData.LogonCertRequired": "Not Tested", "EventData.MachinePolicySource": "none", "EventData.UseCloudTrust": "Not Tested", "EventData.CloudTgt": "Not Tested"}
{"EventID": "360", "Channel": "Microsoft-Windows-User Device Registration/Admin", "Provider_Name": "Microsoft-Windows-User Device Registration", "Computer": "DESKTOP-OFJ6N53", "TimeCreated": "2023-07-18 14:52:59.745651+00:00", "RecordID": "103", "Level": "3", "UserID": "S-1-5-21-963789628-1060504924-4285088085-1001", "EventData.Message": "Подготовка Windows Hello для бизнеса не будет запущена.", "EventData.DeviceIsJoined": "Not Tested", "EventData.AADPrt": "No", "EventData.NgcPolicyEnabled": "Not Tested", "EventData.NgcPostLogonProvisioningEnabled": "Not Tested", "EventData.NgcHardwarePolicyMet": "Not Tested", "EventData.UserIsRemote": "Yes", "EventData.LogonCertRequired": "Not Tested", "EventData.MachinePolicySource": "none", "EventData.UseCloudTrust": "Not Tested", "EventData.CloudTgt": "Not Tested"}
{"EventID": "360", "Channel": "Microsoft-Windows-User Device Registration/Admin", "Provider_Name": "Microsoft-Windows-User Device Registration", "Computer": "DESKTOP-OFJ6N53", "TimeCreated": "2023-07-25 08:59:32.820000+00:00", "RecordID": "104", "Level": "3", "UserID": "S-1-5-21-963789628-1060504924-4285088085-1001", "EventData.Message": "Подготовка Windows Hello для бизнеса не будет запущена.", "EventData.DeviceIsJoined": "Not Tested", "EventData.AADPrt": "No", "EventData.NgcPolicyEnabled": "Not Tested", "EventData.NgcPostLogonProvisioningEnabled": "Not Tested", "EventData.NgcHardwarePolicyMet": "Not Tested", "EventData.UserIsRemote": "Yes", "EventData.LogonCertRequired": "Not Tested", "EventData.MachinePolicySource": "none", "EventData.UseCloudTrust": "Not Tested", "EventData.CloudTgt": "Not Tested"}
{"EventID": "360", "Channel": "Microsoft-Windows-User Device Registration/Admin", "Provider_Name": "Microsoft-Windows-User Device Registration", "Computer": "DESKTOP-OFJ6N53", "TimeCreated": "2023-07-26 16:05:22.187881+00:00", "RecordID": "105", "Level": "3", "UserID": "S-1-5-21-963789628-1060504924-4285088085-1001", "EventData.Message": "Подготовка Windows Hello для бизнеса не будет запущена.", "EventData.DeviceIsJoined": "Not Tested", "EventData.AADPrt": "No", "EventData.NgcPolicyEnabled": "Not Tested", "EventData.NgcPostLogonProvisioningEnabled": "Not Tested", "EventData.NgcHardwarePolicyMet": "Not Tested", "EventData.UserIsRemote": "Yes", "EventData.LogonCertRequired": "Not Tested", "EventData.MachinePolicySource": "none", "EventData.UseCloudTrust": "Not Tested", "EventData.CloudTgt": "Not Tested"}
{"EventID": "360", "Channel": "Microsoft-Windows-User Device Registration/Admin", "Provider_Name": "Microsoft-Windows-User Device Registration", "Computer": "DESKTOP-OFJ6N53", "TimeCreated": "2023-07-31 13:01:45.838921+00:00", "RecordID": "106", "Level": "3", "UserID": "S-1-5-21-963789628-1060504924-4285088085-1001", "EventData.Message": "Подготовка Windows Hello для бизнеса не будет запущена.", "EventData.DeviceIsJoined": "Not Tested", "EventData.AADPrt": "No", "EventData.NgcPolicyEnabled": "Not Tested", "EventData.NgcPostLogonProvisioningEnabled": "Not Tested", "EventData.NgcHardwarePolicyMet": "Not Tested", "EventData.UserIsRemote": "Yes", "EventData.LogonCertRequired": "Not Tested", "EventData.MachinePolicySource": "none", "EventData.UseCloudTrust": "Not Tested", "EventData.CloudTgt": "Not Tested"}
{"EventID": "360", "Channel": "Microsoft-Windows-User Device Registration/Admin", "Provider_Name": "Microsoft-Windows-User Device Registration", "Computer": "DESKTOP-OFJ6N53", "TimeCreated": "2023-08-02 10:03:24.656120+00:00", "RecordID": "107", "Level": "3", "UserID": "S-1-5-21-963789628-1060504924-4285088085-1001", "EventData.Message": "Подготовка Windows Hello для бизнеса не будет запущена.", "EventData.DeviceIsJoined": "Not Tested", "EventData.AADPrt": "No", "EventData.NgcPolicyEnabled": "Not Tested", "EventData.NgcPostLogonProvisioningEnabled": "Not Tested", "EventData.NgcHardwarePolicyMet": "Not Tested", "EventData.UserIsRemote": "Yes", "EventData.LogonCertRequired": "Not Tested", "EventData.MachinePolicySource": "none", "EventData.UseCloudTrust": "Not Tested", "EventData.CloudTgt": "Not Tested"}
{"EventID": "360", "Channel": "Microsoft-Windows-User Device Registration/Admin", "Provider_Name": "Microsoft-Windows-User Device Registration", "Computer": "DESKTOP-OFJ6N53", "TimeCreated": "2023-08-10 07:40:22.507545+00:00", "RecordID": "108", "Level": "3", "UserID": "S-1-5-21-963789628-1060504924-4285088085-1001", "EventData.Message": "Подготовка Windows Hello для бизнеса не будет запущена.", "EventData.DeviceIsJoined": "Not Tested", "EventData.AADPrt": "No", "EventData.NgcPolicyEnabled": "Not Tested", "EventData.NgcPostLogonProvisioningEnabled": "Not Tested", "EventData.NgcHardwarePolicyMet": "Not Tested", "EventData.UserIsRemote": "Yes", "EventData.LogonCertRequired": "Not Tested", "EventData.MachinePolicySource": "none", "EventData.UseCloudTrust": "Not Tested", "EventData.CloudTgt": "Not Tested"}
{"EventID": "360", "Channel": "Microsoft-Windows-User Device Registration/Admin", "Provider_Name": "Microsoft-Windows-User Device Registration", "Computer": "DESKTOP-OFJ6N53", "TimeCreated": "2023-08-16 10:00:31.445061+00:00", "RecordID": "109", "Level": "3", "UserID": "S-1-5-21-963789628-1060504924-4285088085-1001", "EventData.Message": "Подготовка Windows Hello для бизнеса не будет запущена.", "EventData.DeviceIsJoined": "Not Tested", "EventData.AADPrt": "No", "EventData.NgcPolicyEnabled": "Not Tested", "EventData.NgcPostLogonProvisioningEnabled": "Not Tested", "EventData.NgcHardwarePolicyMet": "Not Tested", "EventData.UserIsRemote": "Yes", "EventData.LogonCertRequired": "Not Tested", "EventData.MachinePolicySource": "none", "EventData.UseCloudTrust": "Not Tested", "EventData.CloudTgt": "Not Tested"}
{"EventID": "360", "Channel": "Microsoft-Windows-User Device Registration/Admin", "Provider_Name": "Microsoft-Windows-User Device Registration", "Computer": "DESKTOP-OFJ6N53", "TimeCreated": "2023-08-29 22:45:41.259262+00:00", "RecordID": "110", "Level": "3", "UserID": "S-1-5-21-963789628-1060504924-4285088085-1001", "EventData.Message": "Подготовка Windows Hello для бизнеса не будет запущена.", "EventData.DeviceIsJoined": "Not Tested", "EventData.AADPrt": "No", "EventData.NgcPolicyEnabled": "Not Tested", "EventData.NgcPostLogonProvisioningEnabled": "Not Tested", "EventData.NgcHardwarePolicyMet": "Not Tested", "EventData.UserIsRemote": "Yes", "EventData.LogonCertRequired": "Not Tested", "EventData.MachinePolicySource": "none", "EventData.UseCloudTrust": "Not Tested", "EventData.CloudTgt": "Not Tested"}
{"EventID": "360", "Channel": "Microsoft-Windows-User Device Registration/Admin", "Provider_Name": "Microsoft-Windows-User Device Registration", "Computer": "DESKTOP-OFJ6N53", "TimeCreated": "2023-09-04 14:37:19.284121+00:00", "RecordID": "111", "Level": "3", "UserID": "S-1-5-21-963789628-1060504924-4285088085-1001", "EventData.Message": "Подготовка Windows Hello для бизнеса не будет запущена.", "EventData.DeviceIsJoined": "Not Tested", "EventData.AADPrt": "No", "EventData.NgcPolicyEnabled": "Not Tested", "EventData.NgcPostLogonProvisioningEnabled": "Not Tested", "EventData.NgcHardwarePolicyMet": "Not Tested", "EventData.UserIsRemote": "Yes", "EventData.LogonCertRequired": "Not Tested", "EventData.MachinePolicySource": "none", "EventData.UseCloudTrust": "Not Tested", "EventData.CloudTgt": "Not Tested"}
{"EventID": "360", "Channel": "Microsoft-Windows-User Device Registration/Admin", "Provider_Name": "Microsoft-Windows-User Device Registration", "Computer": "DESKTOP-OFJ6N53", "TimeCreated": "2023-09-13 14:39:24.650711+00:00", "RecordID": "112", "Level": "3", "UserID": "S-1-5-21-963789628-1060504924-4285088085-1001", "EventData.Message": "Подготовка Windows Hello для бизнеса не будет запущена.", "EventData.DeviceIsJoined": "Not Tested", "EventData.AADPrt": "No", "EventData.NgcPolicyEnabled": "Not Tested", "EventData.NgcPostLogonProvisioningEnabled": "Not Tested", "EventData.NgcHardwarePolicyMet": "Not Tested", "EventData.UserIsRemote": "Yes", "EventData.LogonCertRequired": "Not Tested", "EventData.MachinePolicySource": "none", "EventData.UseCloudTrust": "Not Tested", "EventData.CloudTgt": "Not Tested"}
{"EventID": "360", "Channel": "Microsoft-Windows-User Device Registration/Admin", "Provider_Name": "Microsoft-Windows-User Device Registration", "Computer": "DESKTOP-OFJ6N53", "TimeCreated": "2023-09-29 16:11:29.688341+00:00", "RecordID": "113", "Level": "3", "UserID": "S-1-5-21-963789628-1060504924-4285088085-1001", "EventData.Message": "Подготовка Windows Hello для бизнеса не будет запущена.", "EventData.DeviceIsJoined": "Not Tested", "EventData.AADPrt": "No", "EventData.NgcPolicyEnabled": "Not Tested", "EventData.NgcPostLogonProvisioningEnabled": "Not Tested", "EventData.NgcHardwarePolicyMet": "Not Tested", "EventData.UserIsRemote": "Yes", "EventData.LogonCertRequired": "Not Tested", "EventData.MachinePolicySource": "none", "EventData.UseCloudTrust": "Not Tested", "EventData.CloudTgt": "Not Tested"}
{"EventID": "360", "Channel": "Microsoft-Windows-User Device Registration/Admin", "Provider_Name": "Microsoft-Windows-User Device Registration", "Computer": "DESKTOP-OFJ6N53", "TimeCreated": "2023-10-12 16:58:37.005869+00:00", "RecordID": "114", "Level": "3", "UserID": "S-1-5-21-963789628-1060504924-4285088085-1001", "EventData.Message": "Подготовка Windows Hello для бизнеса не будет запущена.", "EventData.DeviceIsJoined": "Not Tested", "EventData.AADPrt": "No", "EventData.NgcPolicyEnabled": "Not Tested", "EventData.NgcPostLogonProvisioningEnabled": "Not Tested", "EventData.NgcHardwarePolicyMet": "Not Tested", "EventData.UserIsRemote": "Yes", "EventData.LogonCertRequired": "Not Tested", "EventData.MachinePolicySource": "none", "EventData.UseCloudTrust": "Not Tested", "EventData.CloudTgt": "Not Tested"}
{"EventID": "360", "Channel": "Microsoft-Windows-User Device Registration/Admin", "Provider_Name": "Microsoft-Windows-User Device Registration", "Computer": "DESKTOP-OFJ6N53", "TimeCreated": "2023-10-27 14:41:39.074606+00:00", "RecordID": "115", "Level": "3", "UserID": "S-1-5-21-963789628-1060504924-4285088085-1001", "EventData.Message": "Подготовка Windows Hello для бизнеса не будет запущена.", "EventData.DeviceIsJoined": "Not Tested", "EventData.AADPrt": "No", "EventData.NgcPolicyEnabled": "Not Tested", "EventData.NgcPostLogonProvisioningEnabled": "Not Tested", "EventData.NgcHardwarePolicyMet": "Not Tested", "EventData.UserIsRemote": "Yes", "EventData.LogonCertRequired": "Not Tested", "EventData.MachinePolicySource": "none", "EventData.UseCloudTrust": "Not Tested", "EventData.CloudTgt": "Not Tested"}
{"EventID": "360", "Channel": "Microsoft-Windows-User Device Registration/Admin", "Provider_Name": "Microsoft-Windows-User Device Registration", "Computer": "DESKTOP-OFJ6N53", "TimeCreated": "2023-11-20 15:12:33.695707+00:00", "RecordID": "116", "Level": "3", "UserID": "S-1-5-21-963789628-1060504924-4285088085-1001", "EventData.Message": "Подготовка Windows Hello для бизнеса не будет запущена.", "EventData.DeviceIsJoined": "Not Tested", "EventData.AADPrt": "No", "EventData.NgcPolicyEnabled": "Not Tested", "EventData.NgcPostLogonProvisioningEnabled": "Not Tested", "EventData.NgcHardwarePolicyMet": "Not Tested", "EventData.UserIsRemote": "Yes", "EventData.LogonCertRequired": "Not Tested", "EventData.MachinePolicySource": "none", "EventData.UseCloudTrust": "Not Tested", "EventData.CloudTgt": "Not Tested"}
{"EventID": "360", "Channel": "Microsoft-Windows-User Device Registration/Admin", "Provider_Name": "Microsoft-Windows-User Device Registration", "Computer": "DESKTOP-OFJ6N53", "TimeCreated": "2023-12-12 07:25:38.750656+00:00", "RecordID": "117", "Level": "3", "UserID": "S-1-5-21-963789628-1060504924-4285088085-1001", "EventData.Message": "Подготовка Windows Hello для бизнеса не будет запущена.", "EventData.DeviceIsJoined": "Not Tested", "EventData.AADPrt": "No", "EventData.NgcPolicyEnabled": "Not Tested", "EventData.NgcPostLogonProvisioningEnabled": "Not Tested", "EventData.NgcHardwarePolicyMet": "Not Tested", "EventData.UserIsRemote": "Yes", "EventData.LogonCertRequired": "Not Tested", "EventData.MachinePolicySource": "none", "EventData.UseCloudTrust": "Not Tested", "EventData.CloudTgt": "Not Tested"}
{"EventID": "360", "Channel": "Microsoft-Windows-User Device Registration/Admin", "Provider_Name": "Microsoft-Windows-User Device Registration", "Computer": "DESKTOP-OFJ6N53", "TimeCreated": "2023-12-13 14:35:44.844137+00:00", "RecordID": "118", "Level": "3", "UserID": "S-1-5-21-963789628-1060504924-4285088085-1001", "EventData.Message": "Подготовка Windows Hello для бизнеса не будет запущена.", "EventData.DeviceIsJoined": "Not Tested", "EventData.AADPrt": "No", "EventData.NgcPolicyEnabled": "Not Tested", "EventData.NgcPostLogonProvisioningEnabled": "Not Tested", "EventData.NgcHardwarePolicyMet": "Not Tested", "EventData.UserIsRemote": "Yes", "EventData.LogonCertRequired": "Not Tested", "EventData.MachinePolicySource": "none", "EventData.UseCloudTrust": "Not Tested", "EventData.CloudTgt": "Not Tested"}
{"EventID": "360", "Channel": "Microsoft-Windows-User Device Registration/Admin", "Provider_Name": "Microsoft-Windows-User Device Registration", "Computer": "DESKTOP-OFJ6N53", "TimeCreated": "2023-12-29 14:45:33.004461+00:00", "RecordID": "119", "Level": "3", "UserID": "S-1-5-21-963789628-1060504924-4285088085-1001", "EventData.Message": "Подготовка Windows Hello для бизнеса не будет запущена.", "EventData.DeviceIsJoined": "Not Tested", "EventData.AADPrt": "No", "EventData.NgcPolicyEnabled": "Not Tested", "EventData.NgcPostLogonProvisioningEnabled": "Not Tested", "EventData.NgcHardwarePolicyMet": "Not Tested", "EventData.UserIsRemote": "Yes", "EventData.LogonCertRequired": "Not Tested", "EventData.MachinePolicySource": "none", "EventData.UseCloudTrust": "Not Tested", "EventData.CloudTgt": "Not Tested"}
{"EventID": "360", "Channel": "Microsoft-Windows-User Device Registration/Admin", "Provider_Name": "Microsoft-Windows-User Device Registration", "Computer": "DESKTOP-OFJ6N53", "TimeCreated": "2024-01-10 15:00:14.471285+00:00", "RecordID": "120", "Level": "3", "UserID": "S-1-5-21-963789628-1060504924-4285088085-1001", "EventData.Message": "Подготовка Windows Hello для бизнеса не будет запущена.", "EventData.DeviceIsJoined": "Not Tested", "EventData.AADPrt": "No", "EventData.NgcPolicyEnabled": "Not Tested", "EventData.NgcPostLogonProvisioningEnabled": "Not Tested", "EventData.NgcHardwarePolicyMet": "Not Tested", "EventData.UserIsRemote": "Yes", "EventData.LogonCertRequired": "Not Tested", "EventData.MachinePolicySource": "none", "EventData.UseCloudTrust": "Not Tested", "EventData.CloudTgt": "Not Tested"}
{"EventID": "360", "Channel": "Microsoft-Windows-User Device Registration/Admin", "Provider_Name": "Microsoft-Windows-User Device Registration", "Computer": "DESKTOP-OFJ6N53", "TimeCreated": "2024-02-15 15:30:35.271217+00:00", "RecordID": "121", "Level": "3", "UserID": "S-1-5-21-963789628-1060504924-4285088085-1001", "EventData.Message": "Подготовка Windows Hello для бизнеса не будет запущена.", "EventData.DeviceIsJoined": "Not Tested", "EventData.AADPrt": "No", "EventData.NgcPolicyEnabled": "Not Tested", "EventData.NgcPostLogonProvisioningEnabled": "Not Tested", "EventData.NgcHardwarePolicyMet": "Not Tested", "EventData.UserIsRemote": "Yes", "EventData.LogonCertRequired": "Not Tested", "EventData.MachinePolicySource": "none", "EventData.UseCloudTrust": "Not Tested", "EventData.CloudTgt": "Not Tested"}
{"EventID": "360", "Channel": "Microsoft-Windows-User Device Registration/Admin", "Provider_Name": "Microsoft-Windows-User Device Registration", "Computer": "DESKTOP-OFJ6N53", "TimeCreated": "2024-03-12 11:05:16.233599+00:00", "RecordID": "122", "Level": "3", "UserID": "S-1-5-21-963789628-1060504924-4285088085-1001", "EventData.Message": "Подготовка Windows Hello для бизнеса не будет запущена.", "EventData.DeviceIsJoined": "Not Tested", "EventData.AADPrt": "No", "EventData.NgcPolicyEnabled": "Not Tested", "EventData.NgcPostLogonProvisioningEnabled": "Not Tested", "EventData.NgcHardwarePolicyMet": "Not Tested", "EventData.UserIsRemote": "Yes", "EventData.LogonCertRequired": "Not Tested", "EventData.MachinePolicySource": "none", "EventData.UseCloudTrust": "Not Tested", "EventData.CloudTgt": "Not Tested"}
