{"EventID": "3", "Channel": "Microsoft-Windows-Crypto-DPAPI/Operational", "Provider_Name": "Microsoft-Windows-Crypto-DPAPI", "Computer": "DESKTOP-OFJ6N53", "TimeCreated": "2025-05-07 23:47:54.516348+00:00", "RecordID": "16259", "Level": "4", "UserID": "S-1-5-18", "EventData.MasterKeyGUID": "{d948afd0-4605-4a10-84a0-37c90b19395e}", "EventData.Success": "False", "EventData.LastError": "0x00000000", "EventData.MasterKeyDisposition": "0x00000003"}
{"EventID": "8198", "Channel": "Microsoft-Windows-Crypto-DPAPI/Operational", "Provider_Name": "Microsoft-Windows-Crypto-DPAPI", "Computer": "DESKTOP-OFJ6N53", "TimeCreated": "2025-05-07 23:47:54.516354+00:00", "RecordID": "16260", "Level": "2", "UserID": "S-1-5-18", "EventData.Status": "0x8009000b", "EventData.ReasonForFailure": "6"}
{"EventID": "3", "Channel": "Microsoft-Windows-Crypto-DPAPI/Operational", "Provider_Name": "Microsoft-Windows-Crypto-DPAPI", "Computer": "DESKTOP-OFJ6N53", "TimeCreated": "2025-05-08 06:05:04.822620+00:00", "RecordID": "16261", "Level": "4", "UserID": "S-1-5-18", "EventData.MasterKeyGUID": "{d948afd0-4605-4a10-84a0-37c90b19395e}", "EventData.Success": "False", "EventData.LastError": "0x00000000", "EventData.MasterKeyDisposition": "0x00000003"}
{"EventID": "8198", "Channel": "Microsoft-Windows-Crypto-DPAPI/Operational", "Provider_Name": "Microsoft-Windows-Crypto-DPAPI", "Computer": "DESKTOP-OFJ6N53", "TimeCreated": "2025-05-08 06:05:04.822624+00:00", "RecordID": "16262", "Level": "2", "UserID": "S-1-5-18", "EventData.Status": "0x8009000b", "EventData.ReasonForFailure": "6"}
{"EventID": "3", "Channel": "Microsoft-Windows-Crypto-DPAPI/Operational", "Provider_Name": "Microsoft-Windows-Crypto-DPAPI", "Computer": "DESKTOP-OFJ6N53", "TimeCreated": "2025-05-08 06:05:05.117716+00:00", "RecordID": "16263", "Level": "4", "UserID": "S-1-5-18", "EventData.MasterKeyGUID": "{d948afd0-4605-4a10-84a0-37c90b19395e}", "EventData.Success": "False", "EventData.LastError": "0x00000000", "EventData.MasterKeyDisposition": "0x00000003"}
{"EventID": "8198", "Channel": "Microsoft-Windows-Crypto-DPAPI/Operational", "Provider_Name": "Microsoft-Windows-Crypto-DPAPI", "Computer": "DESKTOP-OFJ6N53", "TimeCreated": "2025-05-08 06:05:05.117720+00:00", "RecordID": "16264", "Level": "2", "UserID": "S-1-5-18", "EventData.Status": "0x8009000b", "EventData.ReasonForFailure": "6"}
{"EventID": "3", "Channel": "Microsoft-Windows-Crypto-DPAPI/Operational", "Provider_Name": "Microsoft-Windows-Crypto-DPAPI", "Computer": "DESKTOP-OFJ6N53", "TimeCreated": "2025-05-08 12:47:28.821239+00:00", "RecordID": "16265", "Level": "4", "UserID": "S-1-5-18", "EventData.MasterKeyGUID": "{d948afd0-4605-4a10-84a0-37c90b19395e}", "EventData.Success": "False", "EventData.LastError": "0x00000000", "EventData.MasterKeyDisposition": "0x00000003"}
{"EventID": "8198", "Channel": "Microsoft-Windows-Crypto-DPAPI/Operational", "Provider_Name": "Microsoft-Windows-Crypto-DPAPI", "Computer": "DESKTOP-OFJ6N53", "TimeCreated": "2025-05-08 12:47:28.821243+00:00", "RecordID": "16266", "Level": "2", "UserID": "S-1-5-18", "EventData.Status": "0x8009000b", "EventData.ReasonForFailure": "6"}
{"EventID": "3", "Channel": "Microsoft-Windows-Crypto-DPAPI/Operational", "Provider_Name": "Microsoft-Windows-Crypto-DPAPI", "Computer": "DESKTOP-OFJ6N53", "TimeCreated": "2025-05-08 12:47:28.947462+00:00", "RecordID": "16267", "Level": "4", "UserID": "S-1-5-18", "EventData.MasterKeyGUID": "{d948afd0-4605-4a10-84a0-37c90b19395e}", "EventData.Success": "False", "EventData.LastError": "0x00000000", "EventData.MasterKeyDisposition": "0x00000003"}
{"EventID": "8198", "Channel": "Microsoft-Windows-Crypto-DPAPI/Operational", "Provider_Name": "Microsoft-Windows-Crypto-DPAPI", "Computer": "DESKTOP-OFJ6N53", "TimeCreated": "2025-05-08 12:47:28.947466+00:00", "RecordID": "16268", "Level": "2", "UserID": "S-1-5-18", "EventData.Status": "0x8009000b", "EventData.ReasonForFailure": "6"}
{"EventID": "3", "Channel": "Microsoft-Windows-Crypto-DPAPI/Operational", "Provider_Name": "Microsoft-Windows-Crypto-DPAPI", "Computer": "DESKTOP-OFJ6N53", "TimeCreated": "2025-05-08 19:14:29.730434+00:00", "RecordID": "16269", "Level": "4", "UserID": "S-1-5-18", "EventData.MasterKeyGUID": "{d948afd0-4605-4a10-84a0-37c90b19395e}", "EventData.Success": "False", "EventData.LastError": "0x00000000", "EventData.MasterKeyDisposition": "0x00000003"}
{"EventID": "8198", "Channel": "Microsoft-Windows-Crypto-DPAPI/Operational", "Provider_Name": "Microsoft-Windows-Crypto-DPAPI", "Computer": "DESKTOP-OFJ6N53", "TimeCreated": "2025-05-08 19:14:29.730440+00:00", "RecordID": "16270", "Level": "2", "UserID": "S-1-5-18", "EventData.Status": "0x8009000b", "EventData.ReasonForFailure": "6"}
{"EventID": "3", "Channel": "Microsoft-Windows-Crypto-DPAPI/Operational", "Provider_Name": "Microsoft-Windows-Crypto-DPAPI", "Computer": "DESKTOP-OFJ6N53", "TimeCreated": "2025-05-08 19:14:30.057028+00:00", "RecordID": "16271", "Level": "4", "UserID": "S-1-5-18", "EventData.MasterKeyGUID": "{d948afd0-4605-4a10-84a0-37c90b19395e}", "EventData.Success": "False", "EventData.LastError": "0x00000000", "EventData.MasterKeyDisposition": "0x00000003"}
{"EventID": "8198", "Channel": "Microsoft-Windows-Crypto-DPAPI/Operational", "Provider_Name": "Microsoft-Windows-Crypto-DPAPI", "Computer": "DESKTOP-OFJ6N53", "TimeCreated": "2025-05-08 19:14:30.057034+00:00", "RecordID": "16272", "Level": "2", "UserID": "S-1-5-18", "EventData.Status": "0x8009000b", "EventData.ReasonForFailure": "6"}
{"EventID": "3", "Channel": "Microsoft-Windows-Crypto-DPAPI/Operational", "Provider_Name": "Microsoft-Windows-Crypto-DPAPI", "Computer": "DESKTOP-OFJ6N53", "TimeCreated": "2025-05-09 02:05:46.484402+00:00", "RecordID": "16273", "Level": "4", "UserID": "S-1-5-18", "EventData.MasterKeyGUID": "{d948afd0-4605-4a10-84a0-37c90b19395e}", "EventData.Success": "False", "EventData.LastError": "0x00000000", "EventData.MasterKeyDisposition": "0x00000003"}
{"EventID": "8198", "Channel": "Microsoft-Windows-Crypto-DPAPI/Operational", "Provider_Name": "Microsoft-Windows-Crypto-DPAPI", "Computer": "DESKTOP-OFJ6N53", "TimeCreated": "2025-05-09 02:05:46.484404+00:00", "RecordID": "16274", "Level": "2", "UserID": "S-1-5-18", "EventData.Status": "0x8009000b", "EventData.ReasonForFailure": "6"}
{"EventID": "3", "Channel": "Microsoft-Windows-Crypto-DPAPI/Operational", "Provider_Name": "Microsoft-Windows-Crypto-DPAPI", "Computer": "DESKTOP-OFJ6N53", "TimeCreated": "2025-05-09 02:05:46.901447+00:00", "RecordID": "16275", "Level": "4", "UserID": "S-1-5-18", "EventData.MasterKeyGUID": "{d948afd0-4605-4a10-84a0-37c90b19395e}", "EventData.Success": "False", "EventData.LastError": "0x00000000", "EventData.MasterKeyDisposition": "0x00000003"}
{"EventID": "8198", "Channel": "Microsoft-Windows-Crypto-DPAPI/Operational", "Provider_Name": "Microsoft-Windows-Crypto-DPAPI", "Computer": "DESKTOP-OFJ6N53", "TimeCreated": "2025-05-09 02:05:46.901453+00:00", "RecordID": "16276", "Level": "2", "UserID": "S-1-5-18", "EventData.Status": "0x8009000b", "EventData.ReasonForFailure": "6"}
{"EventID": "3", "Channel": "Microsoft-Windows-Crypto-DPAPI/Operational", "Provider_Name": "Microsoft-Windows-Crypto-DPAPI", "Computer": "DESKTOP-OFJ6N53", "TimeCreated": "2025-05-09 08:46:15.578373+00:00", "RecordID": "16277", "Level": "4", "UserID": "S-1-5-18", "EventData.MasterKeyGUID": "{d948afd0-4605-4a10-84a0-37c90b19395e}", "EventData.Success": "False", "EventData.LastError": "0x00000000", "EventData.MasterKeyDisposition": "0x00000003"}
{"EventID": "8198", "Channel": "Microsoft-Windows-Crypto-DPAPI/Operational", "Provider_Name": "Microsoft-Windows-Crypto-DPAPI", "Computer": "DESKTOP-OFJ6N53", "TimeCreated": "2025-05-09 08:46:15.578375+00:00", "RecordID": "16278", "Level": "2", "UserID": "S-1-5-18", "EventData.Status": "0x8009000b", "EventData.ReasonForFailure": "6"}
{"EventID": "3", "Channel": "Microsoft-Windows-Crypto-DPAPI/Operational", "Provider_Name": "Microsoft-Windows-Crypto-DPAPI", "Computer": "DESKTOP-OFJ6N53", "TimeCreated": "2025-05-09 08:46:15.868465+00:00", "RecordID": "16279", "Level": "4", "UserID": "S-1-5-18", "EventData.MasterKeyGUID": "{d948afd0-4605-4a10-84a0-37c90b19395e}", "EventData.Success": "False", "EventData.LastError": "0x00000000", "EventData.MasterKeyDisposition": "0x00000003"}
{"EventID": "8198", "Channel": "Microsoft-Windows-Crypto-DPAPI/Operational", "Provider_Name": "Microsoft-Windows-Crypto-DPAPI", "Computer": "DESKTOP-OFJ6N53", "TimeCreated": "2025-05-09 08:46:15.868469+00:00", "RecordID": "16280", "Level": "2", "UserID": "S-1-5-18", "EventData.Status": "0x8009000b", "EventData.ReasonForFailure": "6"}
{"EventID": "3", "Channel": "Microsoft-Windows-Crypto-DPAPI/Operational", "Provider_Name": "Microsoft-Windows-Crypto-DPAPI", "Computer": "DESKTOP-OFJ6N53", "TimeCreated": "2025-05-09 15:39:26.939104+00:00", "RecordID": "16281", "Level": "4", "UserID": "S-1-5-18", "EventData.MasterKeyGUID": "{d948afd0-4605-4a10-84a0-37c90b19395e}", "EventData.Success": "False", "EventData.LastError": "0x00000000", "EventData.MasterKeyDisposition": "0x00000003"}
{"EventID": "8198", "Channel": "Microsoft-Windows-Crypto-DPAPI/Operational", "Provider_Name": "Microsoft-Windows-Crypto-DPAPI", "Computer": "DESKTOP-OFJ6N53", "TimeCreated": "2025-05-09 15:39:26.939119+00:00", "RecordID": "16282", "Level": "2", "UserID": "S-1-5-18", "EventData.Status": "0x8009000b", "EventData.ReasonForFailure": "6"}
{"EventID": "3", "Channel": "Microsoft-Windows-Crypto-DPAPI/Operational", "Provider_Name": "Microsoft-Windows-Crypto-DPAPI", "Computer": "DESKTOP-OFJ6N53", "TimeCreated": "2025-05-09 15:39:27.278061+00:00", "RecordID": "16283", "Level": "4", "UserID": "S-1-5-18", "EventData.MasterKeyGUID": "{d948afd0-4605-4a10-84a0-37c90b19395e}", "EventData.Success": "False", "EventData.LastError": "0x00000000", "EventData.MasterKeyDisposition": "0x00000003"}
{"EventID": "8198", "Channel": "Microsoft-Windows-Crypto-DPAPI/Operational", "Provider_Name": "Microsoft-Windows-Crypto-DPAPI", "Computer": "DESKTOP-OFJ6N53", "TimeCreated": "2025-05-09 15:39:27.278065+00:00", "RecordID": "16284", "Level": "2", "UserID": "S-1-5-18", "EventData.Status": "0x8009000b", "EventData.ReasonForFailure": "6"}
{"EventID": "3", "Channel": "Microsoft-Windows-Crypto-DPAPI/Operational", "Provider_Name": "Microsoft-Windows-Crypto-DPAPI", "Computer": "DESKTOP-OFJ6N53", "TimeCreated": "2025-05-09 22:19:51.930367+00:00", "RecordID": "16285", "Level": "4", "UserID": "S-1-5-18", "EventData.MasterKeyGUID": "{d948afd0-4605-4a10-84a0-37c90b19395e}", "EventData.Success": "False", "EventData.LastError": "0x00000000", "EventData.MasterKeyDisposition": "0x00000003"}
{"EventID": "8198", "Channel": "Microsoft-Windows-Crypto-DPAPI/Operational", "Provider_Name": "Microsoft-Windows-Crypto-DPAPI", "Computer": "DESKTOP-OFJ6N53", "TimeCreated": "2025-05-09 22:19:51.930372+00:00", "RecordID": "16286", "Level": "2", "UserID": "S-1-5-18", "EventData.Status": "0x8009000b", "EventData.ReasonForFailure": "6"}
{"EventID": "3", "Channel": "Microsoft-Windows-Crypto-DPAPI/Operational", "Provider_Name": "Microsoft-Windows-Crypto-DPAPI", "Computer": "DESKTOP-OFJ6N53", "TimeCreated": "2025-05-09 22:19:52.050564+00:00", "RecordID": "16287", "Level": "4", "UserID": "S-1-5-18", "EventData.MasterKeyGUID": "{d948afd0-4605-4a10-84a0-37c90b19395e}", "EventData.Success": "False", "EventData.LastError": "0x00000000", "EventData.MasterKeyDisposition": "0x00000003"}
{"EventID": "8198", "Channel": "Microsoft-Windows-Crypto-DPAPI/Operational", "Provider_Name": "Microsoft-Windows-Crypto-DPAPI", "Computer": "DESKTOP-OFJ6N53", "TimeCreated": "2025-05-09 22:19:52.050570+00:00", "RecordID": "16288", "Level": "2", "UserID": "S-1-5-18", "EventData.Status": "0x8009000b", "EventData.ReasonForFailure": "6"}
{"EventID": "3", "Channel": "Microsoft-Windows-Crypto-DPAPI/Operational", "Provider_Name": "Microsoft-Windows-Crypto-DPAPI", "Computer": "DESKTOP-OFJ6N53", "TimeCreated": "2025-05-10 04:45:54.626114+00:00", "RecordID": "16289", "Level": "4", "UserID": "S-1-5-18", "EventData.MasterKeyGUID": "{d948afd0-4605-4a10-84a0-37c90b19395e}", "EventData.Success": "False", "EventData.LastError": "0x00000000", "EventData.MasterKeyDisposition": "0x00000003"}
{"EventID": "8198", "Channel": "Microsoft-Windows-Crypto-DPAPI/Operational", "Provider_Name": "Microsoft-Windows-Crypto-DPAPI", "Computer": "DESKTOP-OFJ6N53", "TimeCreated": "2025-05-10 04:45:54.626123+00:00", "RecordID": "16290", "Level": "2", "UserID": "S-1-5-18", "EventData.Status": "0x8009000b", "EventData.ReasonForFailure": "6"}
{"EventID": "3", "Channel": "Microsoft-Windows-Crypto-DPAPI/Operational", "Provider_Name": "Microsoft-Windows-Crypto-DPAPI", "Computer": "DESKTOP-OFJ6N53", "TimeCreated": "2025-05-10 04:45:55.037767+00:00", "RecordID": "16291", "Level": "4", "UserID": "S-1-5-18", "EventData.MasterKeyGUID": "{d948afd0-4605-4a10-84a0-37c90b19395e}", "EventData.Success": "False", "EventData.LastError": "0x00000000", "EventData.MasterKeyDisposition": "0x00000003"}
{"EventID": "8198", "Channel": "Microsoft-Windows-Crypto-DPAPI/Operational", "Provider_Name": "Microsoft-Windows-Crypto-DPAPI", "Computer": "DESKTOP-OFJ6N53", "TimeCreated": "2025-05-10 04:45:55.037771+00:00", "RecordID": "16292", "Level": "2", "UserID": "S-1-5-18", "EventData.Status": "0x8009000b", "EventData.ReasonForFailure": "6"}
{"EventID": "3", "Channel": "Microsoft-Windows-Crypto-DPAPI/Operational", "Provider_Name": "Microsoft-Windows-Crypto-DPAPI", "Computer": "DESKTOP-OFJ6N53", "TimeCreated": "2025-05-10 10:57:04.696255+00:00", "RecordID": "16293", "Level": "4", "UserID": "S-1-5-18", "EventData.MasterKeyGUID": "{d948afd0-4605-4a10-84a0-37c90b19395e}", "EventData.Success": "False", "EventData.LastError": "0x00000000", "EventData.MasterKeyDisposition": "0x00000003"}
{"EventID": "8198", "Channel": "Microsoft-Windows-Crypto-DPAPI/Operational", "Provider_Name": "Microsoft-Windows-Crypto-DPAPI", "Computer": "DESKTOP-OFJ6N53", "TimeCreated": "2025-05-10 10:57:04.696260+00:00", "RecordID": "16294", "Level": "2", "UserID": "S-1-5-18", "EventData.Status": "0x8009000b", "EventData.ReasonForFailure": "6"}
{"EventID": "3", "Channel": "Microsoft-Windows-Crypto-DPAPI/Operational", "Provider_Name": "Microsoft-Windows-Crypto-DPAPI", "Computer": "DESKTOP-OFJ6N53", "TimeCreated": "2025-05-10 10:57:05.182178+00:00", "RecordID": "16295", "Level": "4", "UserID": "S-1-5-18", "EventData.MasterKeyGUID": "{d948afd0-4605-4a10-84a0-37c90b19395e}", "EventData.Success": "False", "EventData.LastError": "0x00000000", "EventData.MasterKeyDisposition": "0x00000003"}
{"EventID": "8198", "Channel": "Microsoft-Windows-Crypto-DPAPI/Operational", "Provider_Name": "Microsoft-Windows-Crypto-DPAPI", "Computer": "DESKTOP-OFJ6N53", "TimeCreated": "2025-05-10 10:57:05.182182+00:00", "RecordID": "16296", "Level": "2", "UserID": "S-1-5-18", "EventData.Status": "0x8009000b", "EventData.ReasonForFailure": "6"}
{"EventID": "3", "Channel": "Microsoft-Windows-Crypto-DPAPI/Operational", "Provider_Name": "Microsoft-Windows-Crypto-DPAPI", "Computer": "DESKTOP-OFJ6N53", "TimeCreated": "2025-05-10 17:31:26.254398+00:00", "RecordID": "16297", "Level": "4", "UserID": "S-1-5-18", "EventData.MasterKeyGUID": "{d948afd0-4605-4a10-84a0-37c90b19395e}", "EventData.Success": "False", "EventData.LastError": "0x00000000", "EventData.MasterKeyDisposition": "0x00000003"}
{"EventID": "8198", "Channel": "Microsoft-Windows-Crypto-DPAPI/Operational", "Provider_Name": "Microsoft-Windows-Crypto-DPAPI", "Computer": "DESKTOP-OFJ6N53", "TimeCreated": "2025-05-10 17:31:26.254408+00:00", "RecordID": "16298", "Level": "2", "UserID": "S-1-5-18", "EventData.Status": "0x8009000b", "EventData.ReasonForFailure": "6"}
{"EventID": "3", "Channel": "Microsoft-Windows-Crypto-DPAPI/Operational", "Provider_Name": "Microsoft-Windows-Crypto-DPAPI", "Computer": "DESKTOP-OFJ6N53", "TimeCreated": "2025-05-10 17:31:26.377098+00:00", "RecordID": "16299", "Level": "4", "UserID": "S-1-5-18", "EventData.MasterKeyGUID": "{d948afd0-4605-4a10-84a0-37c90b19395e}", "EventData.Success": "False", "EventData.LastError": "0x00000000", "EventData.MasterKeyDisposition": "0x00000003"}
{"EventID": "8198", "Channel": "Microsoft-Windows-Crypto-DPAPI/Operational", "Provider_Name": "Microsoft-Windows-Crypto-DPAPI", "Computer": "DESKTOP-OFJ6N53", "TimeCreated": "2025-05-10 17:31:26.377104+00:00", "RecordID": "16300", "Level": "2", "UserID": "S-1-5-18", "EventData.Status": "0x8009000b", "EventData.ReasonForFailure": "6"}
{"EventID": "3", "Channel": "Microsoft-Windows-Crypto-DPAPI/Operational", "Provider_Name": "Microsoft-Windows-Crypto-DPAPI", "Computer": "DESKTOP-OFJ6N53", "TimeCreated": "2025-05-11 00:10:27.320007+00:00", "RecordID": "16301", "Level": "4", "UserID": "S-1-5-18", "EventData.MasterKeyGUID": "{d948afd0-4605-4a10-84a0-37c90b19395e}", "EventData.Success": "False", "EventData.LastError": "0x00000000", "EventData.MasterKeyDisposition": "0x00000003"}
{"EventID": "8198", "Channel": "Microsoft-Windows-Crypto-DPAPI/Operational", "Provider_Name": "Microsoft-Windows-Crypto-DPAPI", "Computer": "DESKTOP-OFJ6N53", "TimeCreated": "2025-05-11 00:10:27.320013+00:00", "RecordID": "16302", "Level": "2", "UserID": "S-1-5-18", "EventData.Status": "0x8009000b", "EventData.ReasonForFailure": "6"}
{"EventID": "3", "Channel": "Microsoft-Windows-Crypto-DPAPI/Operational", "Provider_Name": "Microsoft-Windows-Crypto-DPAPI", "Computer": "DESKTOP-OFJ6N53", "TimeCreated": "2025-05-11 00:10:27.508852+00:00", "RecordID": "16303", "Level": "4", "UserID": "S-1-5-18", "EventData.MasterKeyGUID": "{d948afd0-4605-4a10-84a0-37c90b19395e}", "EventData.Success": "False", "EventData.LastError": "0x00000000", "EventData.MasterKeyDisposition": "0x00000003"}
{"EventID": "8198", "Channel": "Microsoft-Windows-Crypto-DPAPI/Operational", "Provider_Name": "Microsoft-Windows-Crypto-DPAPI", "Computer": "DESKTOP-OFJ6N53", "TimeCreated": "2025-05-11 00:10:27.508856+00:00", "RecordID": "16304", "Level": "2", "UserID": "S-1-5-18", "EventData.Status": "0x8009000b", "EventData.ReasonForFailure": "6"}
{"EventID": "3", "Channel": "Microsoft-Windows-Crypto-DPAPI/Operational", "Provider_Name": "Microsoft-Windows-Crypto-DPAPI", "Computer": "DESKTOP-OFJ6N53", "TimeCreated": "2025-05-11 06:29:36.754854+00:00", "RecordID": "16305", "Level": "4", "UserID": "S-1-5-18", "EventData.MasterKeyGUID": "{d948afd0-4605-4a10-84a0-37c90b19395e}", "EventData.Success": "False", "EventData.LastError": "0x00000000", "EventData.MasterKeyDisposition": "0x00000003"}
{"EventID": "8198", "Channel": "Microsoft-Windows-Crypto-DPAPI/Operational", "Provider_Name": "Microsoft-Windows-Crypto-DPAPI", "Computer": "DESKTOP-OFJ6N53", "TimeCreated": "2025-05-11 06:29:36.754858+00:00", "RecordID": "16306", "Level": "2", "UserID": "S-1-5-18", "EventData.Status": "0x8009000b", "EventData.ReasonForFailure": "6"}
{"EventID": "3", "Channel": "Microsoft-Windows-Crypto-DPAPI/Operational", "Provider_Name": "Microsoft-Windows-Crypto-DPAPI", "Computer": "DESKTOP-OFJ6N53", "TimeCreated": "2025-05-11 06:29:36.877319+00:00", "RecordID": "16307", "Level": "4", "UserID": "S-1-5-18", "EventData.MasterKeyGUID": "{d948afd0-4605-4a10-84a0-37c90b19395e}", "EventData.Success": "False", "EventData.LastError": "0x00000000", "EventData.MasterKeyDisposition": "0x00000003"}
{"EventID": "8198", "Channel": "Microsoft-Windows-Crypto-DPAPI/Operational", "Provider_Name": "Microsoft-Windows-Crypto-DPAPI", "Computer": "DESKTOP-OFJ6N53", "TimeCreated": "2025-05-11 06:29:36.877323+00:00", "RecordID": "16308", "Level": "2", "UserID": "S-1-5-18", "EventData.Status": "0x8009000b", "EventData.ReasonForFailure": "6"}
{"EventID": "1", "Channel": "Microsoft-Windows-Crypto-DPAPI/Operational", "Provider_Name": "Microsoft-Windows-Crypto-DPAPI", "Computer": "DESKTOP-OFJ6N53", "TimeCreated": "2025-05-11 11:11:38.762663+00:00", "RecordID": "16309", "Level": "4", "UserID": "S-1-5-18", "EventData.MasterKeyGUID": "{079539c4-4cb1-4c5b-98c6-3dfa83ffe706}", "EventData.UserStorage": "C:\\Windows\\system32\\Microsoft\\Protect\\S-1-5-18\\User\\"}
{"EventID": "3", "Channel": "Microsoft-Windows-Crypto-DPAPI/Operational", "Provider_Name": "Microsoft-Windows-Crypto-DPAPI", "Computer": "DESKTOP-OFJ6N53", "TimeCreated": "2025-05-11 13:09:58.620508+00:00", "RecordID": "16310", "Level": "4", "UserID": "S-1-5-18", "EventData.MasterKeyGUID": "{d948afd0-4605-4a10-84a0-37c90b19395e}", "EventData.Success": "False", "EventData.LastError": "0x00000000", "EventData.MasterKeyDisposition": "0x00000003"}
{"EventID": "8198", "Channel": "Microsoft-Windows-Crypto-DPAPI/Operational", "Provider_Name": "Microsoft-Windows-Crypto-DPAPI", "Computer": "DESKTOP-OFJ6N53", "TimeCreated": "2025-05-11 13:09:58.620512+00:00", "RecordID": "16311", "Level": "2", "UserID": "S-1-5-18", "EventData.Status": "0x8009000b", "EventData.ReasonForFailure": "6"}
{"EventID": "3", "Channel": "Microsoft-Windows-Crypto-DPAPI/Operational", "Provider_Name": "Microsoft-Windows-Crypto-DPAPI", "Computer": "DESKTOP-OFJ6N53", "TimeCreated": "2025-05-11 13:09:58.741642+00:00", "RecordID": "16312", "Level": "4", "UserID": "S-1-5-18", "EventData.MasterKeyGUID": "{d948afd0-4605-4a10-84a0-37c90b19395e}", "EventData.Success": "False", "EventData.LastError": "0x00000000", "EventData.MasterKeyDisposition": "0x00000003"}
{"EventID": "8198", "Channel": "Microsoft-Windows-Crypto-DPAPI/Operational", "Provider_Name": "Microsoft-Windows-Crypto-DPAPI", "Computer": "DESKTOP-OFJ6N53", "TimeCreated": "2025-05-11 13:09:58.741646+00:00", "RecordID": "16313", "Level": "2", "UserID": "S-1-5-18", "EventData.Status": "0x8009000b", "EventData.ReasonForFailure": "6"}
{"EventID": "3", "Channel": "Microsoft-Windows-Crypto-DPAPI/Operational", "Provider_Name": "Microsoft-Windows-Crypto-DPAPI", "Computer": "DESKTOP-OFJ6N53", "TimeCreated": "2025-05-11 19:51:00.839743+00:00", "RecordID": "16314", "Level": "4", "UserID": "S-1-5-18", "EventData.MasterKeyGUID": "{d948afd0-4605-4a10-84a0-37c90b19395e}", "EventData.Success": "False", "EventData.LastError": "0x00000000", "EventData.MasterKeyDisposition": "0x00000003"}
{"EventID": "8198", "Channel": "Microsoft-Windows-Crypto-DPAPI/Operational", "Provider_Name": "Microsoft-Windows-Crypto-DPAPI", "Computer": "DESKTOP-OFJ6N53", "TimeCreated": "2025-05-11 19:51:00.839746+00:00", "RecordID": "16315", "Level": "2", "UserID": "S-1-5-18", "EventData.Status": "0x8009000b", "EventData.ReasonForFailure": "6"}
{"EventID": "3", "Channel": "Microsoft-Windows-Crypto-DPAPI/Operational", "Provider_Name": "Microsoft-Windows-Crypto-DPAPI", "Computer": "DESKTOP-OFJ6N53", "TimeCreated": "2025-05-11 19:51:00.958204+00:00", "RecordID": "16316", "Level": "4", "UserID": "S-1-5-18", "EventData.MasterKeyGUID": "{d948afd0-4605-4a10-84a0-37c90b19395e}", "EventData.Success": "False", "EventData.LastError": "0x00000000", "EventData.MasterKeyDisposition": "0x00000003"}
{"EventID": "8198", "Channel": "Microsoft-Windows-Crypto-DPAPI/Operational", "Provider_Name": "Microsoft-Windows-Crypto-DPAPI", "Computer": "DESKTOP-OFJ6N53", "TimeCreated": "2025-05-11 19:51:00.958208+00:00", "RecordID": "16317", "Level": "2", "UserID": "S-1-5-18", "EventData.Status": "0x8009000b", "EventData.ReasonForFailure": "6"}
{"EventID": "3", "Channel": "Microsoft-Windows-Crypto-DPAPI/Operational", "Provider_Name": "Microsoft-Windows-Crypto-DPAPI", "Computer": "DESKTOP-OFJ6N53", "TimeCreated": "2025-05-12 02:33:16.185595+00:00", "RecordID": "16318", "Level": "4", "UserID": "S-1-5-18", "EventData.MasterKeyGUID": "{d948afd0-4605-4a10-84a0-37c90b19395e}", "EventData.Success": "False", "EventData.LastError": "0x00000000", "EventData.MasterKeyDisposition": "0x00000003"}
{"EventID": "8198", "Channel": "Microsoft-Windows-Crypto-DPAPI/Operational", "Provider_Name": "Microsoft-Windows-Crypto-DPAPI", "Computer": "DESKTOP-OFJ6N53", "TimeCreated": "2025-05-12 02:33:16.185600+00:00", "RecordID": "16319", "Level": "2", "UserID": "S-1-5-18", "EventData.Status": "0x8009000b", "EventData.ReasonForFailure": "6"}
{"EventID": "3", "Channel": "Microsoft-Windows-Crypto-DPAPI/Operational", "Provider_Name": "Microsoft-Windows-Crypto-DPAPI", "Computer": "DESKTOP-OFJ6N53", "TimeCreated": "2025-05-12 02:33:16.313786+00:00", "RecordID": "16320", "Level": "4", "UserID": "S-1-5-18", "EventData.MasterKeyGUID": "{d948afd0-4605-4a10-84a0-37c90b19395e}", "EventData.Success": "False", "EventData.LastError": "0x00000000", "EventData.MasterKeyDisposition": "0x00000003"}
{"EventID": "8198", "Channel": "Microsoft-Windows-Crypto-DPAPI/Operational", "Provider_Name": "Microsoft-Windows-Crypto-DPAPI", "Computer": "DESKTOP-OFJ6N53", "TimeCreated": "2025-05-12 02:33:16.313789+00:00", "RecordID": "16321", "Level": "2", "UserID": "S-1-5-18", "EventData.Status": "0x8009000b", "EventData.ReasonForFailure": "6"}
{"EventID": "3", "Channel": "Microsoft-Windows-Crypto-DPAPI/Operational", "Provider_Name": "Microsoft-Windows-Crypto-DPAPI", "Computer": "DESKTOP-OFJ6N53", "TimeCreated": "2025-05-12 09:38:17.166897+00:00", "RecordID": "16322", "Level": "4", "UserID": "S-1-5-18", "EventData.MasterKeyGUID": "{d948afd0-4605-4a10-84a0-37c90b19395e}", "EventData.Success": "False", "EventData.LastError": "0x00000000", "EventData.MasterKeyDisposition": "0x00000003"}
{"EventID": "8198", "Channel": "Microsoft-Windows-Crypto-DPAPI/Operational", "Provider_Name": "Microsoft-Windows-Crypto-DPAPI", "Computer": "DESKTOP-OFJ6N53", "TimeCreated": "2025-05-12 09:38:17.166908+00:00", "RecordID": "16323", "Level": "2", "UserID": "S-1-5-18", "EventData.Status": "0x8009000b", "EventData.ReasonForFailure": "6"}
{"EventID": "3", "Channel": "Microsoft-Windows-Crypto-DPAPI/Operational", "Provider_Name": "Microsoft-Windows-Crypto-DPAPI", "Computer": "DESKTOP-OFJ6N53", "TimeCreated": "2025-05-12 09:38:17.252155+00:00", "RecordID": "16324", "Level": "4", "UserID": "S-1-5-18", "EventData.MasterKeyGUID": "{d948afd0-4605-4a10-84a0-37c90b19395e}", "EventData.Success": "False", "EventData.LastError": "0x00000000", "EventData.MasterKeyDisposition": "0x00000003"}
{"EventID": "8198", "Channel": "Microsoft-Windows-Crypto-DPAPI/Operational", "Provider_Name": "Microsoft-Windows-Crypto-DPAPI", "Computer": "DESKTOP-OFJ6N53", "TimeCreated": "2025-05-12 09:38:17.252161+00:00", "RecordID": "16325", "Level": "2", "UserID": "S-1-5-18", "EventData.Status": "0x8009000b", "EventData.ReasonForFailure": "6"}
{"EventID": "3", "Channel": "Microsoft-Windows-Crypto-DPAPI/Operational", "Provider_Name": "Microsoft-Windows-Crypto-DPAPI", "Computer": "DESKTOP-OFJ6N53", "TimeCreated": "2025-05-12 16:04:28.207630+00:00", "RecordID": "16326", "Level": "4", "UserID": "S-1-5-18", "EventData.MasterKeyGUID": "{d948afd0-4605-4a10-84a0-37c90b19395e}", "EventData.Success": "False", "EventData.LastError": "0x00000000", "EventData.MasterKeyDisposition": "0x00000003"}
{"EventID": "8198", "Channel": "Microsoft-Windows-Crypto-DPAPI/Operational", "Provider_Name": "Microsoft-Windows-Crypto-DPAPI", "Computer": "DESKTOP-OFJ6N53", "TimeCreated": "2025-05-12 16:04:28.207634+00:00", "RecordID": "16327", "Level": "2", "UserID": "S-1-5-18", "EventData.Status": "0x8009000b", "EventData.ReasonForFailure": "6"}
{"EventID": "3", "Channel": "Microsoft-Windows-Crypto-DPAPI/Operational", "Provider_Name": "Microsoft-Windows-Crypto-DPAPI", "Computer": "DESKTOP-OFJ6N53", "TimeCreated": "2025-05-12 16:04:28.323456+00:00", "RecordID": "16328", "Level": "4", "UserID": "S-1-5-18", "EventData.MasterKeyGUID": "{d948afd0-4605-4a10-84a0-37c90b19395e}", "EventData.Success": "False", "EventData.LastError": "0x00000000", "EventData.MasterKeyDisposition": "0x00000003"}
{"EventID": "8198", "Channel": "Microsoft-Windows-Crypto-DPAPI/Operational", "Provider_Name": "Microsoft-Windows-Crypto-DPAPI", "Computer": "DESKTOP-OFJ6N53", "TimeCreated": "2025-05-12 16:04:28.323458+00:00", "RecordID": "16329", "Level": "2", "UserID": "S-1-5-18", "EventData.Status": "0x8009000b", "EventData.ReasonForFailure": "6"}
{"EventID": "3", "Channel": "Microsoft-Windows-Crypto-DPAPI/Operational", "Provider_Name": "Microsoft-Windows-Crypto-DPAPI", "Computer": "DESKTOP-OFJ6N53", "TimeCreated": "2025-05-12 22:40:51.300350+00:00", "RecordID": "16330", "Level": "4", "UserID": "S-1-5-18", "EventData.MasterKeyGUID": "{d948afd0-4605-4a10-84a0-37c90b19395e}", "EventData.Success": "False", "EventData.LastError": "0x00000000", "EventData.MasterKeyDisposition": "0x00000003"}
{"EventID": "8198", "Channel": "Microsoft-Windows-Crypto-DPAPI/Operational", "Provider_Name": "Microsoft-Windows-Crypto-DPAPI", "Computer": "DESKTOP-OFJ6N53", "TimeCreated": "2025-05-12 22:40:51.300354+00:00", "RecordID": "16331", "Level": "2", "UserID": "S-1-5-18", "EventData.Status": "0x8009000b", "EventData.ReasonForFailure": "6"}
{"EventID": "3", "Channel": "Microsoft-Windows-Crypto-DPAPI/Operational", "Provider_Name": "Microsoft-Windows-Crypto-DPAPI", "Computer": "DESKTOP-OFJ6N53", "TimeCreated": "2025-05-12 22:40:51.415995+00:00", "RecordID": "16332", "Level": "4", "UserID": "S-1-5-18", "EventData.MasterKeyGUID": "{d948afd0-4605-4a10-84a0-37c90b19395e}", "EventData.Success": "False", "EventData.LastError": "0x00000000", "EventData.MasterKeyDisposition": "0x00000003"}
{"EventID": "8198", "Channel": "Microsoft-Windows-Crypto-DPAPI/Operational", "Provider_Name": "Microsoft-Windows-Crypto-DPAPI", "Computer": "DESKTOP-OFJ6N53", "TimeCreated": "2025-05-12 22:40:51.415998+00:00", "RecordID": "16333", "Level": "2", "UserID": "S-1-5-18", "EventData.Status": "0x8009000b", "EventData.ReasonForFailure": "6"}
{"EventID": "3", "Channel": "Microsoft-Windows-Crypto-DPAPI/Operational", "Provider_Name": "Microsoft-Windows-Crypto-DPAPI", "Computer": "DESKTOP-OFJ6N53", "TimeCreated": "2025-05-13 05:08:52.282118+00:00", "RecordID": "16334", "Level": "4", "UserID": "S-1-5-18", "EventData.MasterKeyGUID": "{d948afd0-4605-4a10-84a0-37c90b19395e}", "EventData.Success": "False", "EventData.LastError": "0x00000000", "EventData.MasterKeyDisposition": "0x00000003"}
{"EventID": "8198", "Channel": "Microsoft-Windows-Crypto-DPAPI/Operational", "Provider_Name": "Microsoft-Windows-Crypto-DPAPI", "Computer": "DESKTOP-OFJ6N53", "TimeCreated": "2025-05-13 05:08:52.282122+00:00", "RecordID": "16335", "Level": "2", "UserID": "S-1-5-18", "EventData.Status": "0x8009000b", "EventData.ReasonForFailure": "6"}
{"EventID": "3", "Channel": "Microsoft-Windows-Crypto-DPAPI/Operational", "Provider_Name": "Microsoft-Windows-Crypto-DPAPI", "Computer": "DESKTOP-OFJ6N53", "TimeCreated": "2025-05-13 05:08:52.410755+00:00", "RecordID": "16336", "Level": "4", "UserID": "S-1-5-18", "EventData.MasterKeyGUID": "{d948afd0-4605-4a10-84a0-37c90b19395e}", "EventData.Success": "False", "EventData.LastError": "0x00000000", "EventData.MasterKeyDisposition": "0x00000003"}
{"EventID": "8198", "Channel": "Microsoft-Windows-Crypto-DPAPI/Operational", "Provider_Name": "Microsoft-Windows-Crypto-DPAPI", "Computer": "DESKTOP-OFJ6N53", "TimeCreated": "2025-05-13 05:08:52.410759+00:00", "RecordID": "16337", "Level": "2", "UserID": "S-1-5-18", "EventData.Status": "0x8009000b", "EventData.ReasonForFailure": "6"}
{"EventID": "3", "Channel": "Microsoft-Windows-Crypto-DPAPI/Operational", "Provider_Name": "Microsoft-Windows-Crypto-DPAPI", "Computer": "DESKTOP-OFJ6N53", "TimeCreated": "2025-05-13 11:48:05.730225+00:00", "RecordID": "16338", "Level": "4", "UserID": "S-1-5-18", "EventData.MasterKeyGUID": "{d948afd0-4605-4a10-84a0-37c90b19395e}", "EventData.Success": "False", "EventData.LastError": "0x00000000", "EventData.MasterKeyDisposition": "0x00000003"}
{"EventID": "8198", "Channel": "Microsoft-Windows-Crypto-DPAPI/Operational", "Provider_Name": "Microsoft-Windows-Crypto-DPAPI", "Computer": "DESKTOP-OFJ6N53", "TimeCreated": "2025-05-13 11:48:05.730230+00:00", "RecordID": "16339", "Level": "2", "UserID": "S-1-5-18", "EventData.Status": "0x8009000b", "EventData.ReasonForFailure": "6"}
{"EventID": "3", "Channel": "Microsoft-Windows-Crypto-DPAPI/Operational", "Provider_Name": "Microsoft-Windows-Crypto-DPAPI", "Computer": "DESKTOP-OFJ6N53", "TimeCreated": "2025-05-13 11:48:05.848219+00:00", "RecordID": "16340", "Level": "4", "UserID": "S-1-5-18", "EventData.MasterKeyGUID": "{d948afd0-4605-4a10-84a0-37c90b19395e}", "EventData.Success": "False", "EventData.LastError": "0x00000000", "EventData.MasterKeyDisposition": "0x00000003"}
{"EventID": "8198", "Channel": "Microsoft-Windows-Crypto-DPAPI/Operational", "Provider_Name": "Microsoft-Windows-Crypto-DPAPI", "Computer": "DESKTOP-OFJ6N53", "TimeCreated": "2025-05-13 11:48:05.848223+00:00", "RecordID": "16341", "Level": "2", "UserID": "S-1-5-18", "EventData.Status": "0x8009000b", "EventData.ReasonForFailure": "6"}
{"EventID": "3", "Channel": "Microsoft-Windows-Crypto-DPAPI/Operational", "Provider_Name": "Microsoft-Windows-Crypto-DPAPI", "Computer": "DESKTOP-OFJ6N53", "TimeCreated": "2025-05-13 18:47:35.332453+00:00", "RecordID": "16342", "Level": "4", "UserID": "S-1-5-18", "EventData.MasterKeyGUID": "{d948afd0-4605-4a10-84a0-37c90b19395e}", "EventData.Success": "False", "EventData.LastError": "0x00000000", "EventData.MasterKeyDisposition": "0x00000003"}
{"EventID": "8198", "Channel": "Microsoft-Windows-Crypto-DPAPI/Operational", "Provider_Name": "Microsoft-Windows-Crypto-DPAPI", "Computer": "DESKTOP-OFJ6N53", "TimeCreated": "2025-05-13 18:47:35.332457+00:00", "RecordID": "16343", "Level": "2", "UserID": "S-1-5-18", "EventData.Status": "0x8009000b", "EventData.ReasonForFailure": "6"}
{"EventID": "3", "Channel": "Microsoft-Windows-Crypto-DPAPI/Operational", "Provider_Name": "Microsoft-Windows-Crypto-DPAPI", "Computer": "DESKTOP-OFJ6N53", "TimeCreated": "2025-05-13 18:47:35.460707+00:00", "RecordID": "16344", "Level": "4", "UserID": "S-1-5-18", "EventData.MasterKeyGUID": "{d948afd0-4605-4a10-84a0-37c90b19395e}", "EventData.Success": "False", "EventData.LastError": "0x00000000", "EventData.MasterKeyDisposition": "0x00000003"}
{"EventID": "8198", "Channel": "Microsoft-Windows-Crypto-DPAPI/Operational", "Provider_Name": "Microsoft-Windows-Crypto-DPAPI", "Computer": "DESKTOP-OFJ6N53", "TimeCreated": "2025-05-13 18:47:35.460711+00:00", "RecordID": "16345", "Level": "2", "UserID": "S-1-5-18", "EventData.Status": "0x8009000b", "EventData.ReasonForFailure": "6"}
{"EventID": "3", "Channel": "Microsoft-Windows-Crypto-DPAPI/Operational", "Provider_Name": "Microsoft-Windows-Crypto-DPAPI", "Computer": "DESKTOP-OFJ6N53", "TimeCreated": "2025-05-14 01:22:44.650238+00:00", "RecordID": "16346", "Level": "4", "UserID": "S-1-5-18", "EventData.MasterKeyGUID": "{d948afd0-4605-4a10-84a0-37c90b19395e}", "EventData.Success": "False", "EventData.LastError": "0x00000000", "EventData.MasterKeyDisposition": "0x00000003"}
{"EventID": "8198", "Channel": "Microsoft-Windows-Crypto-DPAPI/Operational", "Provider_Name": "Microsoft-Windows-Crypto-DPAPI", "Computer": "DESKTOP-OFJ6N53", "TimeCreated": "2025-05-14 01:22:44.650242+00:00", "RecordID": "16347", "Level": "2", "UserID": "S-1-5-18", "EventData.Status": "0x8009000b", "EventData.ReasonForFailure": "6"}
{"EventID": "3", "Channel": "Microsoft-Windows-Crypto-DPAPI/Operational", "Provider_Name": "Microsoft-Windows-Crypto-DPAPI", "Computer": "DESKTOP-OFJ6N53", "TimeCreated": "2025-05-14 01:22:44.724522+00:00", "RecordID": "16348", "Level": "4", "UserID": "S-1-5-18", "EventData.MasterKeyGUID": "{d948afd0-4605-4a10-84a0-37c90b19395e}", "EventData.Success": "False", "EventData.LastError": "0x00000000", "EventData.MasterKeyDisposition": "0x00000003"}
{"EventID": "8198", "Channel": "Microsoft-Windows-Crypto-DPAPI/Operational", "Provider_Name": "Microsoft-Windows-Crypto-DPAPI", "Computer": "DESKTOP-OFJ6N53", "TimeCreated": "2025-05-14 01:22:44.724525+00:00", "RecordID": "16349", "Level": "2", "UserID": "S-1-5-18", "EventData.Status": "0x8009000b", "EventData.ReasonForFailure": "6"}
{"EventID": "3", "Channel": "Microsoft-Windows-Crypto-DPAPI/Operational", "Provider_Name": "Microsoft-Windows-Crypto-DPAPI", "Computer": "DESKTOP-OFJ6N53", "TimeCreated": "2025-05-14 07:59:05.810850+00:00", "RecordID": "16350", "Level": "4", "UserID": "S-1-5-18", "EventData.MasterKeyGUID": "{d948afd0-4605-4a10-84a0-37c90b19395e}", "EventData.Success": "False", "EventData.LastError": "0x00000000", "EventData.MasterKeyDisposition": "0x00000003"}
{"EventID": "8198", "Channel": "Microsoft-Windows-Crypto-DPAPI/Operational", "Provider_Name": "Microsoft-Windows-Crypto-DPAPI", "Computer": "DESKTOP-OFJ6N53", "TimeCreated": "2025-05-14 07:59:05.810854+00:00", "RecordID": "16351", "Level": "2", "UserID": "S-1-5-18", "EventData.Status": "0x8009000b", "EventData.ReasonForFailure": "6"}
{"EventID": "3", "Channel": "Microsoft-Windows-Crypto-DPAPI/Operational", "Provider_Name": "Microsoft-Windows-Crypto-DPAPI", "Computer": "DESKTOP-OFJ6N53", "TimeCreated": "2025-05-14 07:59:05.958887+00:00", "RecordID": "16352", "Level": "4", "UserID": "S-1-5-18", "EventData.MasterKeyGUID": "{d948afd0-4605-4a10-84a0-37c90b19395e}", "EventData.Success": "False", "EventData.LastError": "0x00000000", "EventData.MasterKeyDisposition": "0x00000003"}
{"EventID": "8198", "Channel": "Microsoft-Windows-Crypto-DPAPI/Operational", "Provider_Name": "Microsoft-Windows-Crypto-DPAPI", "Computer": "DESKTOP-OFJ6N53", "TimeCreated": "2025-05-14 07:59:05.958893+00:00", "RecordID": "16353", "Level": "2", "UserID": "S-1-5-18", "EventData.Status": "0x8009000b", "EventData.ReasonForFailure": "6"}
{"EventID": "12289", "Channel": "Microsoft-Windows-Crypto-DPAPI/Operational", "Provider_Name": "Microsoft-Windows-Crypto-DPAPI", "Computer": "DESKTOP-OFJ6N53", "TimeCreated": "2025-05-14 09:34:58.191404+00:00", "RecordID": "16354", "Level": "4", "UserID": "S-1-5-18", "EventData.CredKeyIdentifier": "bDlzZcwRSiWEKLg5fSnmYP7NRrbjNtYbKhrW2ONnho0=", "EventData.UserName": "sk.batsiev", "EventData.UserSid": "S-1-5-21-963789628-1060504924-4285088085-1001"}
{"EventID": "12289", "Channel": "Microsoft-Windows-Crypto-DPAPI/Operational", "Provider_Name": "Microsoft-Windows-Crypto-DPAPI", "Computer": "DESKTOP-OFJ6N53", "TimeCreated": "2025-05-14 09:34:58.202719+00:00", "RecordID": "16355", "Level": "4", "UserID": "S-1-5-18", "EventData.CredKeyIdentifier": "bDlzZcwRSiWEKLg5fSnmYP7NRrbjNtYbKhrW2ONnho0=", "EventData.UserName": "sk.batsiev", "EventData.UserSid": "S-1-5-21-963789628-1060504924-4285088085-1001"}
{"EventID": "12289", "Channel": "Microsoft-Windows-Crypto-DPAPI/Operational", "Provider_Name": "Microsoft-Windows-Crypto-DPAPI", "Computer": "DESKTOP-OFJ6N53", "TimeCreated": "2025-05-14 09:34:58.202847+00:00", "RecordID": "16356", "Level": "4", "UserID": "S-1-5-18", "EventData.CredKeyIdentifier": "bDlzZcwRSiWEKLg5fSnmYP7NRrbjNtYbKhrW2ONnho0=", "EventData.UserName": "sk.batsiev", "EventData.UserSid": "S-1-5-21-963789628-1060504924-4285088085-1001"}
{"EventID": "12289", "Channel": "Microsoft-Windows-Crypto-DPAPI/Operational", "Provider_Name": "Microsoft-Windows-Crypto-DPAPI", "Computer": "DESKTOP-OFJ6N53", "TimeCreated": "2025-05-14 09:34:58.203033+00:00", "RecordID": "16357", "Level": "4", "UserID": "S-1-5-18", "EventData.CredKeyIdentifier": "bDlzZcwRSiWEKLg5fSnmYP7NRrbjNtYbKhrW2ONnho0=", "EventData.UserName": "sk.batsiev", "EventData.UserSid": "S-1-5-21-963789628-1060504924-4285088085-1001"}
{"EventID": "12289", "Channel": "Microsoft-Windows-Crypto-DPAPI/Operational", "Provider_Name": "Microsoft-Windows-Crypto-DPAPI", "Computer": "DESKTOP-OFJ6N53", "TimeCreated": "2025-05-14 09:34:58.203201+00:00", "RecordID": "16358", "Level": "4", "UserID": "S-1-5-18", "EventData.CredKeyIdentifier": "bDlzZcwRSiWEKLg5fSnmYP7NRrbjNtYbKhrW2ONnho0=", "EventData.UserName": "sk.batsiev", "EventData.UserSid": "S-1-5-21-963789628-1060504924-4285088085-1001"}
{"EventID": "1", "Channel": "Microsoft-Windows-Crypto-DPAPI/Operational", "Provider_Name": "Microsoft-Windows-Crypto-DPAPI", "Computer": "DESKTOP-OFJ6N53", "TimeCreated": "2025-05-14 14:42:07.190168+00:00", "RecordID": "16359", "Level": "4", "UserID": "S-1-5-18", "EventData.MasterKeyGUID": "{324b542e-7b93-4556-91f8-95f26f3b5d8b}", "EventData.UserStorage": "C:\\Windows\\system32\\Microsoft\\Protect\\S-1-5-18\\"}
{"EventID": "12289", "Channel": "Microsoft-Windows-Crypto-DPAPI/Operational", "Provider_Name": "Microsoft-Windows-Crypto-DPAPI", "Computer": "DESKTOP-OFJ6N53", "TimeCreated": "2025-05-21 14:11:25.646339+00:00", "RecordID": "16360", "Level": "4", "UserID": "S-1-5-18", "EventData.CredKeyIdentifier": "bDlzZcwRSiWEKLg5fSnmYP7NRrbjNtYbKhrW2ONnho0=", "EventData.UserName": "sk.batsiev", "EventData.UserSid": "S-1-5-21-963789628-1060504924-4285088085-1001"}
{"EventID": "12289", "Channel": "Microsoft-Windows-Crypto-DPAPI/Operational", "Provider_Name": "Microsoft-Windows-Crypto-DPAPI", "Computer": "DESKTOP-OFJ6N53", "TimeCreated": "2025-05-21 14:11:25.652552+00:00", "RecordID": "16361", "Level": "4", "UserID": "S-1-5-18", "EventData.CredKeyIdentifier": "bDlzZcwRSiWEKLg5fSnmYP7NRrbjNtYbKhrW2ONnho0=", "EventData.UserName": "sk.batsiev", "EventData.UserSid": "S-1-5-21-963789628-1060504924-4285088085-1001"}
{"EventID": "12289", "Channel": "Microsoft-Windows-Crypto-DPAPI/Operational", "Provider_Name": "Microsoft-Windows-Crypto-DPAPI", "Computer": "DESKTOP-OFJ6N53", "TimeCreated": "2025-05-21 14:11:25.652691+00:00", "RecordID": "16362", "Level": "4", "UserID": "S-1-5-18", "EventData.CredKeyIdentifier": "bDlzZcwRSiWEKLg5fSnmYP7NRrbjNtYbKhrW2ONnho0=", "EventData.UserName": "sk.batsiev", "EventData.UserSid": "S-1-5-21-963789628-1060504924-4285088085-1001"}
{"EventID": "3", "Channel": "Microsoft-Windows-Crypto-DPAPI/Operational", "Provider_Name": "Microsoft-Windows-Crypto-DPAPI", "Computer": "DESKTOP-OFJ6N53", "TimeCreated": "2025-05-21 14:40:17.939526+00:00", "RecordID": "16363", "Level": "4", "UserID": "S-1-5-18", "EventData.MasterKeyGUID": "{d948afd0-4605-4a10-84a0-37c90b19395e}", "EventData.Success": "False", "EventData.LastError": "0x00000000", "EventData.MasterKeyDisposition": "0x00000003"}
{"EventID": "8198", "Channel": "Microsoft-Windows-Crypto-DPAPI/Operational", "Provider_Name": "Microsoft-Windows-Crypto-DPAPI", "Computer": "DESKTOP-OFJ6N53", "TimeCreated": "2025-05-21 14:40:17.939535+00:00", "RecordID": "16364", "Level": "2", "UserID": "S-1-5-18", "EventData.Status": "0x8009000b", "EventData.ReasonForFailure": "6"}
{"EventID": "3", "Channel": "Microsoft-Windows-Crypto-DPAPI/Operational", "Provider_Name": "Microsoft-Windows-Crypto-DPAPI", "Computer": "DESKTOP-OFJ6N53", "TimeCreated": "2025-05-21 14:40:18.070480+00:00", "RecordID": "16365", "Level": "4", "UserID": "S-1-5-18", "EventData.MasterKeyGUID": "{d948afd0-4605-4a10-84a0-37c90b19395e}", "EventData.Success": "False", "EventData.LastError": "0x00000000", "EventData.MasterKeyDisposition": "0x00000003"}
{"EventID": "8198", "Channel": "Microsoft-Windows-Crypto-DPAPI/Operational", "Provider_Name": "Microsoft-Windows-Crypto-DPAPI", "Computer": "DESKTOP-OFJ6N53", "TimeCreated": "2025-05-21 14:40:18.070484+00:00", "RecordID": "16366", "Level": "2", "UserID": "S-1-5-18", "EventData.Status": "0x8009000b", "EventData.ReasonForFailure": "6"}
{"EventID": "3", "Channel": "Microsoft-Windows-Crypto-DPAPI/Operational", "Provider_Name": "Microsoft-Windows-Crypto-DPAPI", "Computer": "DESKTOP-OFJ6N53", "TimeCreated": "2025-05-21 21:20:41.857565+00:00", "RecordID": "16367", "Level": "4", "UserID": "S-1-5-18", "EventData.MasterKeyGUID": "{d948afd0-4605-4a10-84a0-37c90b19395e}", "EventData.Success": "False", "EventData.LastError": "0x00000000", "EventData.MasterKeyDisposition": "0x00000003"}
{"EventID": "8198", "Channel": "Microsoft-Windows-Crypto-DPAPI/Operational", "Provider_Name": "Microsoft-Windows-Crypto-DPAPI", "Computer": "DESKTOP-OFJ6N53", "TimeCreated": "2025-05-21 21:20:41.857571+00:00", "RecordID": "16368", "Level": "2", "UserID": "S-1-5-18", "EventData.Status": "0x8009000b", "EventData.ReasonForFailure": "6"}
{"EventID": "3", "Channel": "Microsoft-Windows-Crypto-DPAPI/Operational", "Provider_Name": "Microsoft-Windows-Crypto-DPAPI", "Computer": "DESKTOP-OFJ6N53", "TimeCreated": "2025-05-21 21:20:41.991432+00:00", "RecordID": "16369", "Level": "4", "UserID": "S-1-5-18", "EventData.MasterKeyGUID": "{d948afd0-4605-4a10-84a0-37c90b19395e}", "EventData.Success": "False", "EventData.LastError": "0x00000000", "EventData.MasterKeyDisposition": "0x00000003"}
{"EventID": "8198", "Channel": "Microsoft-Windows-Crypto-DPAPI/Operational", "Provider_Name": "Microsoft-Windows-Crypto-DPAPI", "Computer": "DESKTOP-OFJ6N53", "TimeCreated": "2025-05-21 21:20:41.991436+00:00", "RecordID": "16370", "Level": "2", "UserID": "S-1-5-18", "EventData.Status": "0x8009000b", "EventData.ReasonForFailure": "6"}
{"EventID": "3", "Channel": "Microsoft-Windows-Crypto-DPAPI/Operational", "Provider_Name": "Microsoft-Windows-Crypto-DPAPI", "Computer": "DESKTOP-OFJ6N53", "TimeCreated": "2025-05-22 03:36:12.862448+00:00", "RecordID": "16371", "Level": "4", "UserID": "S-1-5-18", "EventData.MasterKeyGUID": "{d948afd0-4605-4a10-84a0-37c90b19395e}", "EventData.Success": "False", "EventData.LastError": "0x00000000", "EventData.MasterKeyDisposition": "0x00000003"}
{"EventID": "8198", "Channel": "Microsoft-Windows-Crypto-DPAPI/Operational", "Provider_Name": "Microsoft-Windows-Crypto-DPAPI", "Computer": "DESKTOP-OFJ6N53", "TimeCreated": "2025-05-22 03:36:12.862452+00:00", "RecordID": "16372", "Level": "2", "UserID": "S-1-5-18", "EventData.Status": "0x8009000b", "EventData.ReasonForFailure": "6"}
{"EventID": "3", "Channel": "Microsoft-Windows-Crypto-DPAPI/Operational", "Provider_Name": "Microsoft-Windows-Crypto-DPAPI", "Computer": "DESKTOP-OFJ6N53", "TimeCreated": "2025-05-22 03:36:13.008528+00:00", "RecordID": "16373", "Level": "4", "UserID": "S-1-5-18", "EventData.MasterKeyGUID": "{d948afd0-4605-4a10-84a0-37c90b19395e}", "EventData.Success": "False", "EventData.LastError": "0x00000000", "EventData.MasterKeyDisposition": "0x00000003"}
{"EventID": "8198", "Channel": "Microsoft-Windows-Crypto-DPAPI/Operational", "Provider_Name": "Microsoft-Windows-Crypto-DPAPI", "Computer": "DESKTOP-OFJ6N53", "TimeCreated": "2025-05-22 03:36:13.008533+00:00", "RecordID": "16374", "Level": "2", "UserID": "S-1-5-18", "EventData.Status": "0x8009000b", "EventData.ReasonForFailure": "6"}
{"EventID": "3", "Channel": "Microsoft-Windows-Crypto-DPAPI/Operational", "Provider_Name": "Microsoft-Windows-Crypto-DPAPI", "Computer": "DESKTOP-OFJ6N53", "TimeCreated": "2025-05-22 10:10:22.897003+00:00", "RecordID": "16375", "Level": "4", "UserID": "S-1-5-18", "EventData.MasterKeyGUID": "{d948afd0-4605-4a10-84a0-37c90b19395e}", "EventData.Success": "False", "EventData.LastError": "0x00000000", "EventData.MasterKeyDisposition": "0x00000003"}
{"EventID": "8198", "Channel": "Microsoft-Windows-Crypto-DPAPI/Operational", "Provider_Name": "Microsoft-Windows-Crypto-DPAPI", "Computer": "DESKTOP-OFJ6N53", "TimeCreated": "2025-05-22 10:10:22.897007+00:00", "RecordID": "16376", "Level": "2", "UserID": "S-1-5-18", "EventData.Status": "0x8009000b", "EventData.ReasonForFailure": "6"}
{"EventID": "3", "Channel": "Microsoft-Windows-Crypto-DPAPI/Operational", "Provider_Name": "Microsoft-Windows-Crypto-DPAPI", "Computer": "DESKTOP-OFJ6N53", "TimeCreated": "2025-05-22 10:10:23.045820+00:00", "RecordID": "16377", "Level": "4", "UserID": "S-1-5-18", "EventData.MasterKeyGUID": "{d948afd0-4605-4a10-84a0-37c90b19395e}", "EventData.Success": "False", "EventData.LastError": "0x00000000", "EventData.MasterKeyDisposition": "0x00000003"}
{"EventID": "8198", "Channel": "Microsoft-Windows-Crypto-DPAPI/Operational", "Provider_Name": "Microsoft-Windows-Crypto-DPAPI", "Computer": "DESKTOP-OFJ6N53", "TimeCreated": "2025-05-22 10:10:23.045826+00:00", "RecordID": "16378", "Level": "2", "UserID": "S-1-5-18", "EventData.Status": "0x8009000b", "EventData.ReasonForFailure": "6"}
{"EventID": "3", "Channel": "Microsoft-Windows-Crypto-DPAPI/Operational", "Provider_Name": "Microsoft-Windows-Crypto-DPAPI", "Computer": "DESKTOP-OFJ6N53", "TimeCreated": "2025-05-22 16:36:44.113146+00:00", "RecordID": "16379", "Level": "4", "UserID": "S-1-5-18", "EventData.MasterKeyGUID": "{d948afd0-4605-4a10-84a0-37c90b19395e}", "EventData.Success": "False", "EventData.LastError": "0x00000000", "EventData.MasterKeyDisposition": "0x00000003"}
{"EventID": "8198", "Channel": "Microsoft-Windows-Crypto-DPAPI/Operational", "Provider_Name": "Microsoft-Windows-Crypto-DPAPI", "Computer": "DESKTOP-OFJ6N53", "TimeCreated": "2025-05-22 16:36:44.113159+00:00", "RecordID": "16380", "Level": "2", "UserID": "S-1-5-18", "EventData.Status": "0x8009000b", "EventData.ReasonForFailure": "6"}
{"EventID": "3", "Channel": "Microsoft-Windows-Crypto-DPAPI/Operational", "Provider_Name": "Microsoft-Windows-Crypto-DPAPI", "Computer": "DESKTOP-OFJ6N53", "TimeCreated": "2025-05-22 16:36:44.274509+00:00", "RecordID": "16381", "Level": "4", "UserID": "S-1-5-18", "EventData.MasterKeyGUID": "{d948afd0-4605-4a10-84a0-37c90b19395e}", "EventData.Success": "False", "EventData.LastError": "0x00000000", "EventData.MasterKeyDisposition": "0x00000003"}
{"EventID": "8198", "Channel": "Microsoft-Windows-Crypto-DPAPI/Operational", "Provider_Name": "Microsoft-Windows-Crypto-DPAPI", "Computer": "DESKTOP-OFJ6N53", "TimeCreated": "2025-05-22 16:36:44.274515+00:00", "RecordID": "16382", "Level": "2", "UserID": "S-1-5-18", "EventData.Status": "0x8009000b", "EventData.ReasonForFailure": "6"}
{"EventID": "3", "Channel": "Microsoft-Windows-Crypto-DPAPI/Operational", "Provider_Name": "Microsoft-Windows-Crypto-DPAPI", "Computer": "DESKTOP-OFJ6N53", "TimeCreated": "2025-05-22 22:55:13.559656+00:00", "RecordID": "16383", "Level": "4", "UserID": "S-1-5-18", "EventData.MasterKeyGUID": "{d948afd0-4605-4a10-84a0-37c90b19395e}", "EventData.Success": "False", "EventData.LastError": "0x00000000", "EventData.MasterKeyDisposition": "0x00000003"}
{"EventID": "8198", "Channel": "Microsoft-Windows-Crypto-DPAPI/Operational", "Provider_Name": "Microsoft-Windows-Crypto-DPAPI", "Computer": "DESKTOP-OFJ6N53", "TimeCreated": "2025-05-22 22:55:13.559660+00:00", "RecordID": "16384", "Level": "2", "UserID": "S-1-5-18", "EventData.Status": "0x8009000b", "EventData.ReasonForFailure": "6"}
