{"EventID": "31018", "Channel": "Microsoft-Windows-SmbClient/Security", "Provider_Name": "Microsoft-Windows-SMBClient", "Computer": "DESKTOP-OFJ6N53", "TimeCreated": "2023-04-19 20:44:28.376802+00:00", "RecordID": "605", "Level": "3", "UserID": "S-1-5-18", "EventData.RegName": "AllowInsecureGuestAuth", "EventData.RegValue": "1"}
{"EventID": "31018", "Channel": "Microsoft-Windows-SmbClient/Security", "Provider_Name": "Microsoft-Windows-SMBClient", "Computer": "DESKTOP-OFJ6N53", "TimeCreated": "2023-04-19 22:21:01.881271+00:00", "RecordID": "606", "Level": "3", "UserID": "S-1-5-18", "EventData.RegName": "AllowInsecureGuestAuth", "EventData.RegValue": "1"}
{"EventID": "31018", "Channel": "Microsoft-Windows-SmbClient/Security", "Provider_Name": "Microsoft-Windows-SMBClient", "Computer": "DESKTOP-OFJ6N53", "TimeCreated": "2023-04-19 23:57:10.891188+00:00", "RecordID": "607", "Level": "3", "UserID": "S-1-5-18", "EventData.RegName": "AllowInsecureGuestAuth", "EventData.RegValue": "1"}
{"EventID": "31018", "Channel": "Microsoft-Windows-SmbClient/Security", "Provider_Name": "Microsoft-Windows-SMBClient", "Computer": "DESKTOP-OFJ6N53", "TimeCreated": "2023-04-20 01:48:44.878021+00:00", "RecordID": "608", "Level": "3", "UserID": "S-1-5-18", "EventData.RegName": "AllowInsecureGuestAuth", "EventData.RegValue": "1"}
{"EventID": "31018", "Channel": "Microsoft-Windows-SmbClient/Security", "Provider_Name": "Microsoft-Windows-SMBClient", "Computer": "DESKTOP-OFJ6N53", "TimeCreated": "2023-04-20 03:36:57.379147+00:00", "RecordID": "609", "Level": "3", "UserID": "S-1-5-18", "EventData.RegName": "AllowInsecureGuestAuth", "EventData.RegValue": "1"}
{"EventID": "31018", "Channel": "Microsoft-Windows-SmbClient/Security", "Provider_Name": "Microsoft-Windows-SMBClient", "Computer": "DESKTOP-OFJ6N53", "TimeCreated": "2023-04-20 05:11:45.379911+00:00", "RecordID": "610", "Level": "3", "UserID": "S-1-5-18", "EventData.RegName": "AllowInsecureGuestAuth", "EventData.RegValue": "1"}
{"EventID": "31018", "Channel": "Microsoft-Windows-SmbClient/Security", "Provider_Name": "Microsoft-Windows-SMBClient", "Computer": "DESKTOP-OFJ6N53", "TimeCreated": "2023-04-20 06:48:38.378378+00:00", "RecordID": "611", "Level": "3", "UserID": "S-1-5-18", "EventData.RegName": "AllowInsecureGuestAuth", "EventData.RegValue": "1"}
{"EventID": "31018", "Channel": "Microsoft-Windows-SmbClient/Security", "Provider_Name": "Microsoft-Windows-SMBClient", "Computer": "DESKTOP-OFJ6N53", "TimeCreated": "2023-04-20 07:57:38.886913+00:00", "RecordID": "612", "Level": "3", "UserID": "S-1-5-18", "EventData.RegName": "AllowInsecureGuestAuth", "EventData.RegValue": "1"}
{"EventID": "31018", "Channel": "Microsoft-Windows-SmbClient/Security", "Provider_Name": "Microsoft-Windows-SMBClient", "Computer": "DESKTOP-OFJ6N53", "TimeCreated": "2023-04-20 09:29:36.263693+00:00", "RecordID": "613", "Level": "3", "UserID": "S-1-5-18", "EventData.RegName": "AllowInsecureGuestAuth", "EventData.RegValue": "1"}
{"EventID": "31018", "Channel": "Microsoft-Windows-SmbClient/Security", "Provider_Name": "Microsoft-Windows-SMBClient", "Computer": "DESKTOP-OFJ6N53", "TimeCreated": "2023-04-20 10:38:25.775291+00:00", "RecordID": "614", "Level": "3", "UserID": "S-1-5-18", "EventData.RegName": "AllowInsecureGuestAuth", "EventData.RegValue": "1"}
{"EventID": "31018", "Channel": "Microsoft-Windows-SmbClient/Security", "Provider_Name": "Microsoft-Windows-SMBClient", "Computer": "DESKTOP-OFJ6N53", "TimeCreated": "2023-04-20 11:40:34.268187+00:00", "RecordID": "615", "Level": "3", "UserID": "S-1-5-18", "EventData.RegName": "AllowInsecureGuestAuth", "EventData.RegValue": "1"}
{"EventID": "31018", "Channel": "Microsoft-Windows-SmbClient/Security", "Provider_Name": "Microsoft-Windows-SMBClient", "Computer": "DESKTOP-OFJ6N53", "TimeCreated": "2023-04-20 12:42:49.768129+00:00", "RecordID": "616", "Level": "3", "UserID": "S-1-5-18", "EventData.RegName": "AllowInsecureGuestAuth", "EventData.RegValue": "1"}
{"EventID": "31018", "Channel": "Microsoft-Windows-SmbClient/Security", "Provider_Name": "Microsoft-Windows-SMBClient", "Computer": "DESKTOP-OFJ6N53", "TimeCreated": "2023-04-20 13:44:16.268034+00:00", "RecordID": "617", "Level": "3", "UserID": "S-1-5-18", "EventData.RegName": "AllowInsecureGuestAuth", "EventData.RegValue": "1"}
{"EventID": "31018", "Channel": "Microsoft-Windows-SmbClient/Security", "Provider_Name": "Microsoft-Windows-SMBClient", "Computer": "DESKTOP-OFJ6N53", "TimeCreated": "2023-04-20 15:01:03.271852+00:00", "RecordID": "618", "Level": "3", "UserID": "S-1-5-18", "EventData.RegName": "AllowInsecureGuestAuth", "EventData.RegValue": "1"}
{"EventID": "31018", "Channel": "Microsoft-Windows-SmbClient/Security", "Provider_Name": "Microsoft-Windows-SMBClient", "Computer": "DESKTOP-OFJ6N53", "TimeCreated": "2023-04-20 16:35:00.766991+00:00", "RecordID": "619", "Level": "3", "UserID": "S-1-5-18", "EventData.RegName": "AllowInsecureGuestAuth", "EventData.RegValue": "1"}
{"EventID": "31018", "Channel": "Microsoft-Windows-SmbClient/Security", "Provider_Name": "Microsoft-Windows-SMBClient", "Computer": "DESKTOP-OFJ6N53", "TimeCreated": "2023-04-20 17:45:08.767467+00:00", "RecordID": "620", "Level": "3", "UserID": "S-1-5-18", "EventData.RegName": "AllowInsecureGuestAuth", "EventData.RegValue": "1"}
{"EventID": "31018", "Channel": "Microsoft-Windows-SmbClient/Security", "Provider_Name": "Microsoft-Windows-SMBClient", "Computer": "DESKTOP-OFJ6N53", "TimeCreated": "2023-04-20 19:32:29.259834+00:00", "RecordID": "621", "Level": "3", "UserID": "S-1-5-18", "EventData.RegName": "AllowInsecureGuestAuth", "EventData.RegValue": "1"}
{"EventID": "31018", "Channel": "Microsoft-Windows-SmbClient/Security", "Provider_Name": "Microsoft-Windows-SMBClient", "Computer": "DESKTOP-OFJ6N53", "TimeCreated": "2023-04-20 20:41:05.263628+00:00", "RecordID": "622", "Level": "3", "UserID": "S-1-5-18", "EventData.RegName": "AllowInsecureGuestAuth", "EventData.RegValue": "1"}
{"EventID": "31018", "Channel": "Microsoft-Windows-SmbClient/Security", "Provider_Name": "Microsoft-Windows-SMBClient", "Computer": "DESKTOP-OFJ6N53", "TimeCreated": "2023-04-20 22:15:43.768686+00:00", "RecordID": "623", "Level": "3", "UserID": "S-1-5-18", "EventData.RegName": "AllowInsecureGuestAuth", "EventData.RegValue": "1"}
{"EventID": "31018", "Channel": "Microsoft-Windows-SmbClient/Security", "Provider_Name": "Microsoft-Windows-SMBClient", "Computer": "DESKTOP-OFJ6N53", "TimeCreated": "2023-04-20 23:40:52.768599+00:00", "RecordID": "624", "Level": "3", "UserID": "S-1-5-18", "EventData.RegName": "AllowInsecureGuestAuth", "EventData.RegValue": "1"}
{"EventID": "31018", "Channel": "Microsoft-Windows-SmbClient/Security", "Provider_Name": "Microsoft-Windows-SMBClient", "Computer": "DESKTOP-OFJ6N53", "TimeCreated": "2023-04-21 00:45:24.263903+00:00", "RecordID": "625", "Level": "3", "UserID": "S-1-5-18", "EventData.RegName": "AllowInsecureGuestAuth", "EventData.RegValue": "1"}
{"EventID": "31018", "Channel": "Microsoft-Windows-SmbClient/Security", "Provider_Name": "Microsoft-Windows-SMBClient", "Computer": "DESKTOP-OFJ6N53", "TimeCreated": "2023-04-21 02:08:53.259674+00:00", "RecordID": "626", "Level": "3", "UserID": "S-1-5-18", "EventData.RegName": "AllowInsecureGuestAuth", "EventData.RegValue": "1"}
{"EventID": "31018", "Channel": "Microsoft-Windows-SmbClient/Security", "Provider_Name": "Microsoft-Windows-SMBClient", "Computer": "DESKTOP-OFJ6N53", "TimeCreated": "2023-04-21 03:31:22.772730+00:00", "RecordID": "627", "Level": "3", "UserID": "S-1-5-18", "EventData.RegName": "AllowInsecureGuestAuth", "EventData.RegValue": "1"}
{"EventID": "31018", "Channel": "Microsoft-Windows-SmbClient/Security", "Provider_Name": "Microsoft-Windows-SMBClient", "Computer": "DESKTOP-OFJ6N53", "TimeCreated": "2023-04-21 07:39:27.764349+00:00", "RecordID": "628", "Level": "3", "UserID": "S-1-5-18", "EventData.RegName": "AllowInsecureGuestAuth", "EventData.RegValue": "1"}
{"EventID": "31018", "Channel": "Microsoft-Windows-SmbClient/Security", "Provider_Name": "Microsoft-Windows-SMBClient", "Computer": "DESKTOP-OFJ6N53", "TimeCreated": "2023-04-21 09:05:20.268064+00:00", "RecordID": "629", "Level": "3", "UserID": "S-1-5-18", "EventData.RegName": "AllowInsecureGuestAuth", "EventData.RegValue": "1"}
{"EventID": "31018", "Channel": "Microsoft-Windows-SmbClient/Security", "Provider_Name": "Microsoft-Windows-SMBClient", "Computer": "DESKTOP-OFJ6N53", "TimeCreated": "2023-04-22 07:52:40.029863+00:00", "RecordID": "630", "Level": "3", "UserID": "S-1-5-18", "EventData.RegName": "AllowInsecureGuestAuth", "EventData.RegValue": "1"}
{"EventID": "31018", "Channel": "Microsoft-Windows-SmbClient/Security", "Provider_Name": "Microsoft-Windows-SMBClient", "Computer": "DESKTOP-OFJ6N53", "TimeCreated": "2023-04-22 12:24:27.822449+00:00", "RecordID": "631", "Level": "3", "UserID": "S-1-5-18", "EventData.RegName": "AllowInsecureGuestAuth", "EventData.RegValue": "1"}
{"EventID": "31018", "Channel": "Microsoft-Windows-SmbClient/Security", "Provider_Name": "Microsoft-Windows-SMBClient", "Computer": "DESKTOP-OFJ6N53", "TimeCreated": "2023-04-24 15:55:27.897839+00:00", "RecordID": "632", "Level": "3", "UserID": "S-1-5-18", "EventData.RegName": "AllowInsecureGuestAuth", "EventData.RegValue": "1"}
{"EventID": "31018", "Channel": "Microsoft-Windows-SmbClient/Security", "Provider_Name": "Microsoft-Windows-SMBClient", "Computer": "DESKTOP-OFJ6N53", "TimeCreated": "2023-04-25 11:25:52.259113+00:00", "RecordID": "633", "Level": "3", "UserID": "S-1-5-18", "EventData.RegName": "AllowInsecureGuestAuth", "EventData.RegValue": "1"}
{"EventID": "31018", "Channel": "Microsoft-Windows-SmbClient/Security", "Provider_Name": "Microsoft-Windows-SMBClient", "Computer": "DESKTOP-OFJ6N53", "TimeCreated": "2023-04-25 18:08:18.345346+00:00", "RecordID": "634", "Level": "3", "UserID": "S-1-5-18", "EventData.RegName": "AllowInsecureGuestAuth", "EventData.RegValue": "1"}
{"EventID": "31018", "Channel": "Microsoft-Windows-SmbClient/Security", "Provider_Name": "Microsoft-Windows-SMBClient", "Computer": "DESKTOP-OFJ6N53", "TimeCreated": "2023-04-26 07:08:07.160925+00:00", "RecordID": "635", "Level": "3", "UserID": "S-1-5-18", "EventData.RegName": "AllowInsecureGuestAuth", "EventData.RegValue": "1"}
{"EventID": "31018", "Channel": "Microsoft-Windows-SmbClient/Security", "Provider_Name": "Microsoft-Windows-SMBClient", "Computer": "DESKTOP-OFJ6N53", "TimeCreated": "2023-04-26 10:05:09.843903+00:00", "RecordID": "636", "Level": "3", "UserID": "S-1-5-18", "EventData.RegName": "AllowInsecureGuestAuth", "EventData.RegValue": "1"}
{"EventID": "31018", "Channel": "Microsoft-Windows-SmbClient/Security", "Provider_Name": "Microsoft-Windows-SMBClient", "Computer": "DESKTOP-OFJ6N53", "TimeCreated": "2023-04-27 14:14:34.847382+00:00", "RecordID": "637", "Level": "3", "UserID": "S-1-5-18", "EventData.RegName": "AllowInsecureGuestAuth", "EventData.RegValue": "1"}
{"EventID": "31018", "Channel": "Microsoft-Windows-SmbClient/Security", "Provider_Name": "Microsoft-Windows-SMBClient", "Computer": "DESKTOP-OFJ6N53", "TimeCreated": "2023-05-02 10:19:57.766800+00:00", "RecordID": "638", "Level": "3", "UserID": "S-1-5-18", "EventData.RegName": "AllowInsecureGuestAuth", "EventData.RegValue": "1"}
{"EventID": "31018", "Channel": "Microsoft-Windows-SmbClient/Security", "Provider_Name": "Microsoft-Windows-SMBClient", "Computer": "DESKTOP-OFJ6N53", "TimeCreated": "2023-05-02 13:59:03.846815+00:00", "RecordID": "639", "Level": "3", "UserID": "S-1-5-18", "EventData.RegName": "AllowInsecureGuestAuth", "EventData.RegValue": "1"}
{"EventID": "31018", "Channel": "Microsoft-Windows-SmbClient/Security", "Provider_Name": "Microsoft-Windows-SMBClient", "Computer": "DESKTOP-OFJ6N53", "TimeCreated": "2023-05-02 20:28:00.549997+00:00", "RecordID": "640", "Level": "3", "UserID": "S-1-5-18", "EventData.RegName": "AllowInsecureGuestAuth", "EventData.RegValue": "1"}
{"EventID": "31018", "Channel": "Microsoft-Windows-SmbClient/Security", "Provider_Name": "Microsoft-Windows-SMBClient", "Computer": "DESKTOP-OFJ6N53", "TimeCreated": "2023-05-03 08:16:38.886787+00:00", "RecordID": "641", "Level": "3", "UserID": "S-1-5-18", "EventData.RegName": "AllowInsecureGuestAuth", "EventData.RegValue": "1"}
{"EventID": "31018", "Channel": "Microsoft-Windows-SmbClient/Security", "Provider_Name": "Microsoft-Windows-SMBClient", "Computer": "DESKTOP-OFJ6N53", "TimeCreated": "2023-05-03 10:40:58.380838+00:00", "RecordID": "642", "Level": "3", "UserID": "S-1-5-18", "EventData.RegName": "AllowInsecureGuestAuth", "EventData.RegValue": "1"}
{"EventID": "31018", "Channel": "Microsoft-Windows-SmbClient/Security", "Provider_Name": "Microsoft-Windows-SMBClient", "Computer": "DESKTOP-OFJ6N53", "TimeCreated": "2023-05-04 10:37:35.415245+00:00", "RecordID": "643", "Level": "3", "UserID": "S-1-5-18", "EventData.RegName": "AllowInsecureGuestAuth", "EventData.RegValue": "1"}
{"EventID": "31018", "Channel": "Microsoft-Windows-SmbClient/Security", "Provider_Name": "Microsoft-Windows-SMBClient", "Computer": "DESKTOP-OFJ6N53", "TimeCreated": "2023-05-09 18:41:09.849155+00:00", "RecordID": "644", "Level": "3", "UserID": "S-1-5-18", "EventData.RegName": "AllowInsecureGuestAuth", "EventData.RegValue": "1"}
{"EventID": "31018", "Channel": "Microsoft-Windows-SmbClient/Security", "Provider_Name": "Microsoft-Windows-SMBClient", "Computer": "DESKTOP-OFJ6N53", "TimeCreated": "2023-05-10 00:45:58.770033+00:00", "RecordID": "645", "Level": "3", "UserID": "S-1-5-18", "EventData.RegName": "AllowInsecureGuestAuth", "EventData.RegValue": "1"}
{"EventID": "31018", "Channel": "Microsoft-Windows-SmbClient/Security", "Provider_Name": "Microsoft-Windows-SMBClient", "Computer": "DESKTOP-OFJ6N53", "TimeCreated": "2023-05-10 09:41:29.933435+00:00", "RecordID": "646", "Level": "3", "UserID": "S-1-5-18", "EventData.RegName": "AllowInsecureGuestAuth", "EventData.RegValue": "1"}
{"EventID": "31018", "Channel": "Microsoft-Windows-SmbClient/Security", "Provider_Name": "Microsoft-Windows-SMBClient", "Computer": "DESKTOP-OFJ6N53", "TimeCreated": "2023-05-11 09:54:37.716471+00:00", "RecordID": "647", "Level": "3", "UserID": "S-1-5-18", "EventData.RegName": "AllowInsecureGuestAuth", "EventData.RegValue": "1"}
{"EventID": "31018", "Channel": "Microsoft-Windows-SmbClient/Security", "Provider_Name": "Microsoft-Windows-SMBClient", "Computer": "DESKTOP-OFJ6N53", "TimeCreated": "2023-05-15 08:33:07.617779+00:00", "RecordID": "648", "Level": "3", "UserID": "S-1-5-18", "EventData.RegName": "AllowInsecureGuestAuth", "EventData.RegValue": "1"}
{"EventID": "31018", "Channel": "Microsoft-Windows-SmbClient/Security", "Provider_Name": "Microsoft-Windows-SMBClient", "Computer": "DESKTOP-OFJ6N53", "TimeCreated": "2023-05-15 12:19:45.289074+00:00", "RecordID": "649", "Level": "3", "UserID": "S-1-5-18", "EventData.RegName": "AllowInsecureGuestAuth", "EventData.RegValue": "1"}
{"EventID": "31018", "Channel": "Microsoft-Windows-SmbClient/Security", "Provider_Name": "Microsoft-Windows-SMBClient", "Computer": "DESKTOP-OFJ6N53", "TimeCreated": "2023-05-16 04:23:14.232368+00:00", "RecordID": "650", "Level": "3", "UserID": "S-1-5-18", "EventData.RegName": "AllowInsecureGuestAuth", "EventData.RegValue": "1"}
{"EventID": "31018", "Channel": "Microsoft-Windows-SmbClient/Security", "Provider_Name": "Microsoft-Windows-SMBClient", "Computer": "DESKTOP-OFJ6N53", "TimeCreated": "2023-05-16 14:46:33.737125+00:00", "RecordID": "651", "Level": "3", "UserID": "S-1-5-18", "EventData.RegName": "AllowInsecureGuestAuth", "EventData.RegValue": "1"}
{"EventID": "31018", "Channel": "Microsoft-Windows-SmbClient/Security", "Provider_Name": "Microsoft-Windows-SMBClient", "Computer": "DESKTOP-OFJ6N53", "TimeCreated": "2023-05-16 14:55:26.014202+00:00", "RecordID": "652", "Level": "3", "UserID": "S-1-5-18", "EventData.RegName": "AllowInsecureGuestAuth", "EventData.RegValue": "1"}
{"EventID": "31018", "Channel": "Microsoft-Windows-SmbClient/Security", "Provider_Name": "Microsoft-Windows-SMBClient", "Computer": "DESKTOP-OFJ6N53", "TimeCreated": "2023-05-22 08:53:47.532476+00:00", "RecordID": "653", "Level": "3", "UserID": "S-1-5-18", "EventData.RegName": "AllowInsecureGuestAuth", "EventData.RegValue": "1"}
{"EventID": "31018", "Channel": "Microsoft-Windows-SmbClient/Security", "Provider_Name": "Microsoft-Windows-SMBClient", "Computer": "DESKTOP-OFJ6N53", "TimeCreated": "2023-05-23 08:25:58.749519+00:00", "RecordID": "654", "Level": "3", "UserID": "S-1-5-18", "EventData.RegName": "AllowInsecureGuestAuth", "EventData.RegValue": "1"}
{"EventID": "31018", "Channel": "Microsoft-Windows-SmbClient/Security", "Provider_Name": "Microsoft-Windows-SMBClient", "Computer": "DESKTOP-OFJ6N53", "TimeCreated": "2023-05-30 09:27:57.855400+00:00", "RecordID": "655", "Level": "3", "UserID": "S-1-5-18", "EventData.RegName": "AllowInsecureGuestAuth", "EventData.RegValue": "1"}
{"EventID": "31018", "Channel": "Microsoft-Windows-SmbClient/Security", "Provider_Name": "Microsoft-Windows-SMBClient", "Computer": "DESKTOP-OFJ6N53", "TimeCreated": "2023-06-09 08:40:12.909372+00:00", "RecordID": "656", "Level": "3", "UserID": "S-1-5-18", "EventData.RegName": "AllowInsecureGuestAuth", "EventData.RegValue": "1"}
{"EventID": "31018", "Channel": "Microsoft-Windows-SmbClient/Security", "Provider_Name": "Microsoft-Windows-SMBClient", "Computer": "DESKTOP-OFJ6N53", "TimeCreated": "2023-06-11 21:00:51.975237+00:00", "RecordID": "657", "Level": "3", "UserID": "S-1-5-18", "EventData.RegName": "AllowInsecureGuestAuth", "EventData.RegValue": "1"}
{"EventID": "31018", "Channel": "Microsoft-Windows-SmbClient/Security", "Provider_Name": "Microsoft-Windows-SMBClient", "Computer": "DESKTOP-OFJ6N53", "TimeCreated": "2023-06-12 09:22:33.229229+00:00", "RecordID": "658", "Level": "3", "UserID": "S-1-5-18", "EventData.RegName": "AllowInsecureGuestAuth", "EventData.RegValue": "1"}
{"EventID": "31018", "Channel": "Microsoft-Windows-SmbClient/Security", "Provider_Name": "Microsoft-Windows-SMBClient", "Computer": "DESKTOP-OFJ6N53", "TimeCreated": "2023-06-13 19:24:55.333767+00:00", "RecordID": "659", "Level": "3", "UserID": "S-1-5-18", "EventData.RegName": "AllowInsecureGuestAuth", "EventData.RegValue": "1"}
{"EventID": "31018", "Channel": "Microsoft-Windows-SmbClient/Security", "Provider_Name": "Microsoft-Windows-SMBClient", "Computer": "DESKTOP-OFJ6N53", "TimeCreated": "2023-06-14 14:03:57.046356+00:00", "RecordID": "660", "Level": "3", "UserID": "S-1-5-18", "EventData.RegName": "AllowInsecureGuestAuth", "EventData.RegValue": "1"}
{"EventID": "31018", "Channel": "Microsoft-Windows-SmbClient/Security", "Provider_Name": "Microsoft-Windows-SMBClient", "Computer": "DESKTOP-OFJ6N53", "TimeCreated": "2023-06-23 11:54:52.629053+00:00", "RecordID": "661", "Level": "3", "UserID": "S-1-5-18", "EventData.RegName": "AllowInsecureGuestAuth", "EventData.RegValue": "1"}
{"EventID": "31018", "Channel": "Microsoft-Windows-SmbClient/Security", "Provider_Name": "Microsoft-Windows-SMBClient", "Computer": "DESKTOP-OFJ6N53", "TimeCreated": "2023-06-27 09:47:50.119102+00:00", "RecordID": "662", "Level": "3", "UserID": "S-1-5-18", "EventData.RegName": "AllowInsecureGuestAuth", "EventData.RegValue": "1"}
{"EventID": "31018", "Channel": "Microsoft-Windows-SmbClient/Security", "Provider_Name": "Microsoft-Windows-SMBClient", "Computer": "DESKTOP-OFJ6N53", "TimeCreated": "2023-06-29 09:25:38.574795+00:00", "RecordID": "663", "Level": "3", "UserID": "S-1-5-18", "EventData.RegName": "AllowInsecureGuestAuth", "EventData.RegValue": "1"}
{"EventID": "31018", "Channel": "Microsoft-Windows-SmbClient/Security", "Provider_Name": "Microsoft-Windows-SMBClient", "Computer": "DESKTOP-OFJ6N53", "TimeCreated": "2023-07-03 07:38:00.743700+00:00", "RecordID": "664", "Level": "3", "UserID": "S-1-5-18", "EventData.RegName": "AllowInsecureGuestAuth", "EventData.RegValue": "1"}
{"EventID": "31018", "Channel": "Microsoft-Windows-SmbClient/Security", "Provider_Name": "Microsoft-Windows-SMBClient", "Computer": "DESKTOP-OFJ6N53", "TimeCreated": "2023-07-03 09:02:25.847399+00:00", "RecordID": "665", "Level": "3", "UserID": "S-1-5-18", "EventData.RegName": "AllowInsecureGuestAuth", "EventData.RegValue": "1"}
{"EventID": "31018", "Channel": "Microsoft-Windows-SmbClient/Security", "Provider_Name": "Microsoft-Windows-SMBClient", "Computer": "DESKTOP-OFJ6N53", "TimeCreated": "2023-07-05 13:36:38.117514+00:00", "RecordID": "666", "Level": "3", "UserID": "S-1-5-18", "EventData.RegName": "AllowInsecureGuestAuth", "EventData.RegValue": "1"}
{"EventID": "31018", "Channel": "Microsoft-Windows-SmbClient/Security", "Provider_Name": "Microsoft-Windows-SMBClient", "Computer": "DESKTOP-OFJ6N53", "TimeCreated": "2023-07-06 12:44:52.667122+00:00", "RecordID": "667", "Level": "3", "UserID": "S-1-5-18", "EventData.RegName": "AllowInsecureGuestAuth", "EventData.RegValue": "1"}
{"EventID": "31018", "Channel": "Microsoft-Windows-SmbClient/Security", "Provider_Name": "Microsoft-Windows-SMBClient", "Computer": "DESKTOP-OFJ6N53", "TimeCreated": "2023-07-10 09:15:05.103006+00:00", "RecordID": "668", "Level": "3", "UserID": "S-1-5-18", "EventData.RegName": "AllowInsecureGuestAuth", "EventData.RegValue": "1"}
{"EventID": "31018", "Channel": "Microsoft-Windows-SmbClient/Security", "Provider_Name": "Microsoft-Windows-SMBClient", "Computer": "DESKTOP-OFJ6N53", "TimeCreated": "2023-07-12 14:40:56.955256+00:00", "RecordID": "669", "Level": "3", "UserID": "S-1-5-18", "EventData.RegName": "AllowInsecureGuestAuth", "EventData.RegValue": "1"}
{"EventID": "31018", "Channel": "Microsoft-Windows-SmbClient/Security", "Provider_Name": "Microsoft-Windows-SMBClient", "Computer": "DESKTOP-OFJ6N53", "TimeCreated": "2023-07-13 08:42:14.370363+00:00", "RecordID": "670", "Level": "3", "UserID": "S-1-5-18", "EventData.RegName": "AllowInsecureGuestAuth", "EventData.RegValue": "1"}
{"EventID": "31018", "Channel": "Microsoft-Windows-SmbClient/Security", "Provider_Name": "Microsoft-Windows-SMBClient", "Computer": "DESKTOP-OFJ6N53", "TimeCreated": "2023-07-18 14:52:46.853415+00:00", "RecordID": "671", "Level": "3", "UserID": "S-1-5-18", "EventData.RegName": "AllowInsecureGuestAuth", "EventData.RegValue": "1"}
{"EventID": "31018", "Channel": "Microsoft-Windows-SmbClient/Security", "Provider_Name": "Microsoft-Windows-SMBClient", "Computer": "DESKTOP-OFJ6N53", "TimeCreated": "2023-07-23 19:26:46.631174+00:00", "RecordID": "672", "Level": "3", "UserID": "S-1-5-18", "EventData.RegName": "AllowInsecureGuestAuth", "EventData.RegValue": "1"}
{"EventID": "31018", "Channel": "Microsoft-Windows-SmbClient/Security", "Provider_Name": "Microsoft-Windows-SMBClient", "Computer": "DESKTOP-OFJ6N53", "TimeCreated": "2023-07-24 07:09:12.120514+00:00", "RecordID": "673", "Level": "3", "UserID": "S-1-5-18", "EventData.RegName": "AllowInsecureGuestAuth", "EventData.RegValue": "1"}
{"EventID": "31018", "Channel": "Microsoft-Windows-SmbClient/Security", "Provider_Name": "Microsoft-Windows-SMBClient", "Computer": "DESKTOP-OFJ6N53", "TimeCreated": "2023-07-25 08:59:23.279758+00:00", "RecordID": "674", "Level": "3", "UserID": "S-1-5-18", "EventData.RegName": "AllowInsecureGuestAuth", "EventData.RegValue": "1"}
{"EventID": "31018", "Channel": "Microsoft-Windows-SmbClient/Security", "Provider_Name": "Microsoft-Windows-SMBClient", "Computer": "DESKTOP-OFJ6N53", "TimeCreated": "2023-07-25 10:40:51.305386+00:00", "RecordID": "675", "Level": "3", "UserID": "S-1-5-18", "EventData.RegName": "AllowInsecureGuestAuth", "EventData.RegValue": "1"}
{"EventID": "31018", "Channel": "Microsoft-Windows-SmbClient/Security", "Provider_Name": "Microsoft-Windows-SMBClient", "Computer": "DESKTOP-OFJ6N53", "TimeCreated": "2023-07-26 16:05:13.295420+00:00", "RecordID": "676", "Level": "3", "UserID": "S-1-5-18", "EventData.RegName": "AllowInsecureGuestAuth", "EventData.RegValue": "1"}
{"EventID": "31018", "Channel": "Microsoft-Windows-SmbClient/Security", "Provider_Name": "Microsoft-Windows-SMBClient", "Computer": "DESKTOP-OFJ6N53", "TimeCreated": "2023-07-27 07:42:11.815662+00:00", "RecordID": "677", "Level": "3", "UserID": "S-1-5-18", "EventData.RegName": "AllowInsecureGuestAuth", "EventData.RegValue": "1"}
{"EventID": "31018", "Channel": "Microsoft-Windows-SmbClient/Security", "Provider_Name": "Microsoft-Windows-SMBClient", "Computer": "DESKTOP-OFJ6N53", "TimeCreated": "2023-07-31 13:01:34.540777+00:00", "RecordID": "678", "Level": "3", "UserID": "S-1-5-18", "EventData.RegName": "AllowInsecureGuestAuth", "EventData.RegValue": "1"}
{"EventID": "31018", "Channel": "Microsoft-Windows-SmbClient/Security", "Provider_Name": "Microsoft-Windows-SMBClient", "Computer": "DESKTOP-OFJ6N53", "TimeCreated": "2023-08-01 15:06:30.125315+00:00", "RecordID": "679", "Level": "3", "UserID": "S-1-5-18", "EventData.RegName": "AllowInsecureGuestAuth", "EventData.RegValue": "1"}
{"EventID": "31018", "Channel": "Microsoft-Windows-SmbClient/Security", "Provider_Name": "Microsoft-Windows-SMBClient", "Computer": "DESKTOP-OFJ6N53", "TimeCreated": "2023-08-02 10:03:13.175154+00:00", "RecordID": "680", "Level": "3", "UserID": "S-1-5-18", "EventData.RegName": "AllowInsecureGuestAuth", "EventData.RegValue": "1"}
{"EventID": "31018", "Channel": "Microsoft-Windows-SmbClient/Security", "Provider_Name": "Microsoft-Windows-SMBClient", "Computer": "DESKTOP-OFJ6N53", "TimeCreated": "2023-08-02 13:49:00.510735+00:00", "RecordID": "681", "Level": "3", "UserID": "S-1-5-18", "EventData.RegName": "AllowInsecureGuestAuth", "EventData.RegValue": "1"}
{"EventID": "31018", "Channel": "Microsoft-Windows-SmbClient/Security", "Provider_Name": "Microsoft-Windows-SMBClient", "Computer": "DESKTOP-OFJ6N53", "TimeCreated": "2023-08-03 09:48:57.832939+00:00", "RecordID": "682", "Level": "3", "UserID": "S-1-5-18", "EventData.RegName": "AllowInsecureGuestAuth", "EventData.RegValue": "1"}
{"EventID": "31018", "Channel": "Microsoft-Windows-SmbClient/Security", "Provider_Name": "Microsoft-Windows-SMBClient", "Computer": "DESKTOP-OFJ6N53", "TimeCreated": "2023-08-03 14:46:31.198774+00:00", "RecordID": "683", "Level": "3", "UserID": "S-1-5-18", "EventData.RegName": "AllowInsecureGuestAuth", "EventData.RegValue": "1"}
{"EventID": "31018", "Channel": "Microsoft-Windows-SmbClient/Security", "Provider_Name": "Microsoft-Windows-SMBClient", "Computer": "DESKTOP-OFJ6N53", "TimeCreated": "2023-08-10 07:39:07.460596+00:00", "RecordID": "684", "Level": "3", "UserID": "S-1-5-18", "EventData.RegName": "AllowInsecureGuestAuth", "EventData.RegValue": "1"}
{"EventID": "31018", "Channel": "Microsoft-Windows-SmbClient/Security", "Provider_Name": "Microsoft-Windows-SMBClient", "Computer": "DESKTOP-OFJ6N53", "TimeCreated": "2023-08-11 11:36:18.352673+00:00", "RecordID": "685", "Level": "3", "UserID": "S-1-5-18", "EventData.RegName": "AllowInsecureGuestAuth", "EventData.RegValue": "1"}
{"EventID": "31018", "Channel": "Microsoft-Windows-SmbClient/Security", "Provider_Name": "Microsoft-Windows-SMBClient", "Computer": "DESKTOP-OFJ6N53", "TimeCreated": "2023-08-15 12:14:03.913408+00:00", "RecordID": "686", "Level": "3", "UserID": "S-1-5-18", "EventData.RegName": "AllowInsecureGuestAuth", "EventData.RegValue": "1"}
{"EventID": "31018", "Channel": "Microsoft-Windows-SmbClient/Security", "Provider_Name": "Microsoft-Windows-SMBClient", "Computer": "DESKTOP-OFJ6N53", "TimeCreated": "2023-08-16 10:00:20.433207+00:00", "RecordID": "687", "Level": "3", "UserID": "S-1-5-18", "EventData.RegName": "AllowInsecureGuestAuth", "EventData.RegValue": "1"}
{"EventID": "31018", "Channel": "Microsoft-Windows-SmbClient/Security", "Provider_Name": "Microsoft-Windows-SMBClient", "Computer": "DESKTOP-OFJ6N53", "TimeCreated": "2023-08-16 11:40:06.825970+00:00", "RecordID": "688", "Level": "3", "UserID": "S-1-5-18", "EventData.RegName": "AllowInsecureGuestAuth", "EventData.RegValue": "1"}
{"EventID": "31018", "Channel": "Microsoft-Windows-SmbClient/Security", "Provider_Name": "Microsoft-Windows-SMBClient", "Computer": "DESKTOP-OFJ6N53", "TimeCreated": "2023-08-18 11:16:40.601311+00:00", "RecordID": "689", "Level": "3", "UserID": "S-1-5-18", "EventData.RegName": "AllowInsecureGuestAuth", "EventData.RegValue": "1"}
{"EventID": "31018", "Channel": "Microsoft-Windows-SmbClient/Security", "Provider_Name": "Microsoft-Windows-SMBClient", "Computer": "DESKTOP-OFJ6N53", "TimeCreated": "2023-08-29 18:50:36.335007+00:00", "RecordID": "690", "Level": "3", "UserID": "S-1-5-18", "EventData.RegName": "AllowInsecureGuestAuth", "EventData.RegValue": "1"}
{"EventID": "31018", "Channel": "Microsoft-Windows-SmbClient/Security", "Provider_Name": "Microsoft-Windows-SMBClient", "Computer": "DESKTOP-OFJ6N53", "TimeCreated": "2023-08-29 22:45:13.712816+00:00", "RecordID": "691", "Level": "3", "UserID": "S-1-5-18", "EventData.RegName": "AllowInsecureGuestAuth", "EventData.RegValue": "1"}
{"EventID": "31018", "Channel": "Microsoft-Windows-SmbClient/Security", "Provider_Name": "Microsoft-Windows-SMBClient", "Computer": "DESKTOP-OFJ6N53", "TimeCreated": "2023-09-04 11:39:10.706388+00:00", "RecordID": "692", "Level": "3", "UserID": "S-1-5-18", "EventData.RegName": "AllowInsecureGuestAuth", "EventData.RegValue": "1"}
{"EventID": "31018", "Channel": "Microsoft-Windows-SmbClient/Security", "Provider_Name": "Microsoft-Windows-SMBClient", "Computer": "DESKTOP-OFJ6N53", "TimeCreated": "2023-09-04 14:37:01.116064+00:00", "RecordID": "693", "Level": "3", "UserID": "S-1-5-18", "EventData.RegName": "AllowInsecureGuestAuth", "EventData.RegValue": "1"}
{"EventID": "31018", "Channel": "Microsoft-Windows-SmbClient/Security", "Provider_Name": "Microsoft-Windows-SMBClient", "Computer": "DESKTOP-OFJ6N53", "TimeCreated": "2023-09-05 10:09:41.330059+00:00", "RecordID": "694", "Level": "3", "UserID": "S-1-5-18", "EventData.RegName": "AllowInsecureGuestAuth", "EventData.RegValue": "1"}
{"EventID": "31018", "Channel": "Microsoft-Windows-SmbClient/Security", "Provider_Name": "Microsoft-Windows-SMBClient", "Computer": "DESKTOP-OFJ6N53", "TimeCreated": "2023-09-06 11:15:00.422361+00:00", "RecordID": "695", "Level": "3", "UserID": "S-1-5-18", "EventData.RegName": "AllowInsecureGuestAuth", "EventData.RegValue": "1"}
{"EventID": "31018", "Channel": "Microsoft-Windows-SmbClient/Security", "Provider_Name": "Microsoft-Windows-SMBClient", "Computer": "DESKTOP-OFJ6N53", "TimeCreated": "2023-09-07 11:26:32.725489+00:00", "RecordID": "696", "Level": "3", "UserID": "S-1-5-18", "EventData.RegName": "AllowInsecureGuestAuth", "EventData.RegValue": "1"}
{"EventID": "31018", "Channel": "Microsoft-Windows-SmbClient/Security", "Provider_Name": "Microsoft-Windows-SMBClient", "Computer": "DESKTOP-OFJ6N53", "TimeCreated": "2023-09-13 14:36:37.801476+00:00", "RecordID": "697", "Level": "3", "UserID": "S-1-5-18", "EventData.RegName": "AllowInsecureGuestAuth", "EventData.RegValue": "1"}
{"EventID": "31018", "Channel": "Microsoft-Windows-SmbClient/Security", "Provider_Name": "Microsoft-Windows-SMBClient", "Computer": "DESKTOP-OFJ6N53", "TimeCreated": "2023-09-18 12:00:38.246014+00:00", "RecordID": "698", "Level": "3", "UserID": "S-1-5-18", "EventData.RegName": "AllowInsecureGuestAuth", "EventData.RegValue": "1"}
{"EventID": "31018", "Channel": "Microsoft-Windows-SmbClient/Security", "Provider_Name": "Microsoft-Windows-SMBClient", "Computer": "DESKTOP-OFJ6N53", "TimeCreated": "2023-09-18 13:02:56.506832+00:00", "RecordID": "699", "Level": "3", "UserID": "S-1-5-18", "EventData.RegName": "AllowInsecureGuestAuth", "EventData.RegValue": "1"}
{"EventID": "31018", "Channel": "Microsoft-Windows-SmbClient/Security", "Provider_Name": "Microsoft-Windows-SMBClient", "Computer": "DESKTOP-OFJ6N53", "TimeCreated": "2023-09-24 07:40:34.385298+00:00", "RecordID": "700", "Level": "3", "UserID": "S-1-5-18", "EventData.RegName": "AllowInsecureGuestAuth", "EventData.RegValue": "1"}
{"EventID": "31018", "Channel": "Microsoft-Windows-SmbClient/Security", "Provider_Name": "Microsoft-Windows-SMBClient", "Computer": "DESKTOP-OFJ6N53", "TimeCreated": "2023-09-29 12:59:33.793482+00:00", "RecordID": "701", "Level": "3", "UserID": "S-1-5-18", "EventData.RegName": "AllowInsecureGuestAuth", "EventData.RegValue": "1"}
{"EventID": "31018", "Channel": "Microsoft-Windows-SmbClient/Security", "Provider_Name": "Microsoft-Windows-SMBClient", "Computer": "DESKTOP-OFJ6N53", "TimeCreated": "2023-09-29 16:10:42.845655+00:00", "RecordID": "702", "Level": "3", "UserID": "S-1-5-18", "EventData.RegName": "AllowInsecureGuestAuth", "EventData.RegValue": "1"}
{"EventID": "31018", "Channel": "Microsoft-Windows-SmbClient/Security", "Provider_Name": "Microsoft-Windows-SMBClient", "Computer": "DESKTOP-OFJ6N53", "TimeCreated": "2023-10-06 09:18:06.879517+00:00", "RecordID": "703", "Level": "3", "UserID": "S-1-5-18", "EventData.RegName": "AllowInsecureGuestAuth", "EventData.RegValue": "1"}
{"EventID": "31018", "Channel": "Microsoft-Windows-SmbClient/Security", "Provider_Name": "Microsoft-Windows-SMBClient", "Computer": "DESKTOP-OFJ6N53", "TimeCreated": "2023-10-09 13:21:38.568375+00:00", "RecordID": "704", "Level": "3", "UserID": "S-1-5-18", "EventData.RegName": "AllowInsecureGuestAuth", "EventData.RegValue": "1"}
{"EventID": "31018", "Channel": "Microsoft-Windows-SmbClient/Security", "Provider_Name": "Microsoft-Windows-SMBClient", "Computer": "DESKTOP-OFJ6N53", "TimeCreated": "2023-10-10 07:52:51.086336+00:00", "RecordID": "705", "Level": "3", "UserID": "S-1-5-18", "EventData.RegName": "AllowInsecureGuestAuth", "EventData.RegValue": "1"}
{"EventID": "31018", "Channel": "Microsoft-Windows-SmbClient/Security", "Provider_Name": "Microsoft-Windows-SMBClient", "Computer": "DESKTOP-OFJ6N53", "TimeCreated": "2023-10-10 16:15:57.557846+00:00", "RecordID": "706", "Level": "3", "UserID": "S-1-5-18", "EventData.RegName": "AllowInsecureGuestAuth", "EventData.RegValue": "1"}
{"EventID": "31018", "Channel": "Microsoft-Windows-SmbClient/Security", "Provider_Name": "Microsoft-Windows-SMBClient", "Computer": "DESKTOP-OFJ6N53", "TimeCreated": "2023-10-12 13:53:24.148460+00:00", "RecordID": "707", "Level": "3", "UserID": "S-1-5-18", "EventData.RegName": "AllowInsecureGuestAuth", "EventData.RegValue": "1"}
{"EventID": "31018", "Channel": "Microsoft-Windows-SmbClient/Security", "Provider_Name": "Microsoft-Windows-SMBClient", "Computer": "DESKTOP-OFJ6N53", "TimeCreated": "2023-10-12 16:55:30.202326+00:00", "RecordID": "708", "Level": "3", "UserID": "S-1-5-18", "EventData.RegName": "AllowInsecureGuestAuth", "EventData.RegValue": "1"}
{"EventID": "31018", "Channel": "Microsoft-Windows-SmbClient/Security", "Provider_Name": "Microsoft-Windows-SMBClient", "Computer": "DESKTOP-OFJ6N53", "TimeCreated": "2023-10-13 07:17:02.856569+00:00", "RecordID": "709", "Level": "3", "UserID": "S-1-5-18", "EventData.RegName": "AllowInsecureGuestAuth", "EventData.RegValue": "1"}
{"EventID": "31018", "Channel": "Microsoft-Windows-SmbClient/Security", "Provider_Name": "Microsoft-Windows-SMBClient", "Computer": "DESKTOP-OFJ6N53", "TimeCreated": "2023-10-16 07:25:07.267624+00:00", "RecordID": "710", "Level": "3", "UserID": "S-1-5-18", "EventData.RegName": "AllowInsecureGuestAuth", "EventData.RegValue": "1"}
{"EventID": "31018", "Channel": "Microsoft-Windows-SmbClient/Security", "Provider_Name": "Microsoft-Windows-SMBClient", "Computer": "DESKTOP-OFJ6N53", "TimeCreated": "2023-10-16 12:23:39.560780+00:00", "RecordID": "711", "Level": "3", "UserID": "S-1-5-18", "EventData.RegName": "AllowInsecureGuestAuth", "EventData.RegValue": "1"}
{"EventID": "31018", "Channel": "Microsoft-Windows-SmbClient/Security", "Provider_Name": "Microsoft-Windows-SMBClient", "Computer": "DESKTOP-OFJ6N53", "TimeCreated": "2023-10-17 10:47:02.429523+00:00", "RecordID": "712", "Level": "3", "UserID": "S-1-5-18", "EventData.RegName": "AllowInsecureGuestAuth", "EventData.RegValue": "1"}
{"EventID": "31018", "Channel": "Microsoft-Windows-SmbClient/Security", "Provider_Name": "Microsoft-Windows-SMBClient", "Computer": "DESKTOP-OFJ6N53", "TimeCreated": "2023-10-18 18:08:27.997911+00:00", "RecordID": "713", "Level": "3", "UserID": "S-1-5-18", "EventData.RegName": "AllowInsecureGuestAuth", "EventData.RegValue": "1"}
{"EventID": "31018", "Channel": "Microsoft-Windows-SmbClient/Security", "Provider_Name": "Microsoft-Windows-SMBClient", "Computer": "DESKTOP-OFJ6N53", "TimeCreated": "2023-10-24 16:17:34.825132+00:00", "RecordID": "714", "Level": "3", "UserID": "S-1-5-18", "EventData.RegName": "AllowInsecureGuestAuth", "EventData.RegValue": "1"}
{"EventID": "31018", "Channel": "Microsoft-Windows-SmbClient/Security", "Provider_Name": "Microsoft-Windows-SMBClient", "Computer": "DESKTOP-OFJ6N53", "TimeCreated": "2023-10-27 14:40:40.562853+00:00", "RecordID": "715", "Level": "3", "UserID": "S-1-5-18", "EventData.RegName": "AllowInsecureGuestAuth", "EventData.RegValue": "1"}
{"EventID": "31018", "Channel": "Microsoft-Windows-SmbClient/Security", "Provider_Name": "Microsoft-Windows-SMBClient", "Computer": "DESKTOP-OFJ6N53", "TimeCreated": "2023-10-31 11:16:14.647482+00:00", "RecordID": "716", "Level": "3", "UserID": "S-1-5-18", "EventData.RegName": "AllowInsecureGuestAuth", "EventData.RegValue": "1"}
{"EventID": "31018", "Channel": "Microsoft-Windows-SmbClient/Security", "Provider_Name": "Microsoft-Windows-SMBClient", "Computer": "DESKTOP-OFJ6N53", "TimeCreated": "2023-11-02 02:05:20.964582+00:00", "RecordID": "717", "Level": "3", "UserID": "S-1-5-18", "EventData.RegName": "AllowInsecureGuestAuth", "EventData.RegValue": "1"}
{"EventID": "31018", "Channel": "Microsoft-Windows-SmbClient/Security", "Provider_Name": "Microsoft-Windows-SMBClient", "Computer": "DESKTOP-OFJ6N53", "TimeCreated": "2023-11-09 15:22:04.480612+00:00", "RecordID": "718", "Level": "3", "UserID": "S-1-5-18", "EventData.RegName": "AllowInsecureGuestAuth", "EventData.RegValue": "1"}
{"EventID": "31018", "Channel": "Microsoft-Windows-SmbClient/Security", "Provider_Name": "Microsoft-Windows-SMBClient", "Computer": "DESKTOP-OFJ6N53", "TimeCreated": "2023-11-13 08:29:24.577917+00:00", "RecordID": "719", "Level": "3", "UserID": "S-1-5-18", "EventData.RegName": "AllowInsecureGuestAuth", "EventData.RegValue": "1"}
{"EventID": "31018", "Channel": "Microsoft-Windows-SmbClient/Security", "Provider_Name": "Microsoft-Windows-SMBClient", "Computer": "DESKTOP-OFJ6N53", "TimeCreated": "2023-11-14 08:42:20.631971+00:00", "RecordID": "720", "Level": "3", "UserID": "S-1-5-18", "EventData.RegName": "AllowInsecureGuestAuth", "EventData.RegValue": "1"}
{"EventID": "31018", "Channel": "Microsoft-Windows-SmbClient/Security", "Provider_Name": "Microsoft-Windows-SMBClient", "Computer": "DESKTOP-OFJ6N53", "TimeCreated": "2023-11-20 14:06:18.658295+00:00", "RecordID": "721", "Level": "3", "UserID": "S-1-5-18", "EventData.RegName": "AllowInsecureGuestAuth", "EventData.RegValue": "1"}
{"EventID": "31018", "Channel": "Microsoft-Windows-SmbClient/Security", "Provider_Name": "Microsoft-Windows-SMBClient", "Computer": "DESKTOP-OFJ6N53", "TimeCreated": "2023-11-20 15:05:38.218658+00:00", "RecordID": "722", "Level": "3", "UserID": "S-1-5-18", "EventData.RegName": "AllowInsecureGuestAuth", "EventData.RegValue": "1"}
{"EventID": "31018", "Channel": "Microsoft-Windows-SmbClient/Security", "Provider_Name": "Microsoft-Windows-SMBClient", "Computer": "DESKTOP-OFJ6N53", "TimeCreated": "2023-11-22 10:46:51.485773+00:00", "RecordID": "723", "Level": "3", "UserID": "S-1-5-18", "EventData.RegName": "AllowInsecureGuestAuth", "EventData.RegValue": "1"}
{"EventID": "31018", "Channel": "Microsoft-Windows-SmbClient/Security", "Provider_Name": "Microsoft-Windows-SMBClient", "Computer": "DESKTOP-OFJ6N53", "TimeCreated": "2023-11-23 11:55:35.594955+00:00", "RecordID": "724", "Level": "3", "UserID": "S-1-5-18", "EventData.RegName": "AllowInsecureGuestAuth", "EventData.RegValue": "1"}
{"EventID": "31018", "Channel": "Microsoft-Windows-SmbClient/Security", "Provider_Name": "Microsoft-Windows-SMBClient", "Computer": "DESKTOP-OFJ6N53", "TimeCreated": "2023-11-29 23:34:34.884750+00:00", "RecordID": "725", "Level": "3", "UserID": "S-1-5-18", "EventData.RegName": "AllowInsecureGuestAuth", "EventData.RegValue": "1"}
{"EventID": "31018", "Channel": "Microsoft-Windows-SmbClient/Security", "Provider_Name": "Microsoft-Windows-SMBClient", "Computer": "DESKTOP-OFJ6N53", "TimeCreated": "2023-12-01 07:46:03.021648+00:00", "RecordID": "726", "Level": "3", "UserID": "S-1-5-18", "EventData.RegName": "AllowInsecureGuestAuth", "EventData.RegValue": "1"}
{"EventID": "31018", "Channel": "Microsoft-Windows-SmbClient/Security", "Provider_Name": "Microsoft-Windows-SMBClient", "Computer": "DESKTOP-OFJ6N53", "TimeCreated": "2023-12-02 02:12:06.066254+00:00", "RecordID": "727", "Level": "3", "UserID": "S-1-5-18", "EventData.RegName": "AllowInsecureGuestAuth", "EventData.RegValue": "1"}
{"EventID": "31018", "Channel": "Microsoft-Windows-SmbClient/Security", "Provider_Name": "Microsoft-Windows-SMBClient", "Computer": "DESKTOP-OFJ6N53", "TimeCreated": "2023-12-05 07:40:30.784058+00:00", "RecordID": "728", "Level": "3", "UserID": "S-1-5-18", "EventData.RegName": "AllowInsecureGuestAuth", "EventData.RegValue": "1"}
{"EventID": "31018", "Channel": "Microsoft-Windows-SmbClient/Security", "Provider_Name": "Microsoft-Windows-SMBClient", "Computer": "DESKTOP-OFJ6N53", "TimeCreated": "2023-12-11 13:36:14.675463+00:00", "RecordID": "729", "Level": "3", "UserID": "S-1-5-18", "EventData.RegName": "AllowInsecureGuestAuth", "EventData.RegValue": "1"}
{"EventID": "31018", "Channel": "Microsoft-Windows-SmbClient/Security", "Provider_Name": "Microsoft-Windows-SMBClient", "Computer": "DESKTOP-OFJ6N53", "TimeCreated": "2023-12-12 07:25:23.195580+00:00", "RecordID": "730", "Level": "3", "UserID": "S-1-5-18", "EventData.RegName": "AllowInsecureGuestAuth", "EventData.RegValue": "1"}
{"EventID": "31018", "Channel": "Microsoft-Windows-SmbClient/Security", "Provider_Name": "Microsoft-Windows-SMBClient", "Computer": "DESKTOP-OFJ6N53", "TimeCreated": "2023-12-12 16:15:13.329628+00:00", "RecordID": "731", "Level": "3", "UserID": "S-1-5-18", "EventData.RegName": "AllowInsecureGuestAuth", "EventData.RegValue": "1"}
{"EventID": "31018", "Channel": "Microsoft-Windows-SmbClient/Security", "Provider_Name": "Microsoft-Windows-SMBClient", "Computer": "DESKTOP-OFJ6N53", "TimeCreated": "2023-12-13 11:05:10.728317+00:00", "RecordID": "732", "Level": "3", "UserID": "S-1-5-18", "EventData.RegName": "AllowInsecureGuestAuth", "EventData.RegValue": "1"}
{"EventID": "31018", "Channel": "Microsoft-Windows-SmbClient/Security", "Provider_Name": "Microsoft-Windows-SMBClient", "Computer": "DESKTOP-OFJ6N53", "TimeCreated": "2023-12-13 14:34:14.849653+00:00", "RecordID": "733", "Level": "3", "UserID": "S-1-5-18", "EventData.RegName": "AllowInsecureGuestAuth", "EventData.RegValue": "1"}
{"EventID": "31018", "Channel": "Microsoft-Windows-SmbClient/Security", "Provider_Name": "Microsoft-Windows-SMBClient", "Computer": "DESKTOP-OFJ6N53", "TimeCreated": "2023-12-14 08:20:52.841553+00:00", "RecordID": "734", "Level": "3", "UserID": "S-1-5-18", "EventData.RegName": "AllowInsecureGuestAuth", "EventData.RegValue": "1"}
{"EventID": "31018", "Channel": "Microsoft-Windows-SmbClient/Security", "Provider_Name": "Microsoft-Windows-SMBClient", "Computer": "DESKTOP-OFJ6N53", "TimeCreated": "2023-12-14 10:01:07.101595+00:00", "RecordID": "735", "Level": "3", "UserID": "S-1-5-18", "EventData.RegName": "AllowInsecureGuestAuth", "EventData.RegValue": "1"}
{"EventID": "31018", "Channel": "Microsoft-Windows-SmbClient/Security", "Provider_Name": "Microsoft-Windows-SMBClient", "Computer": "DESKTOP-OFJ6N53", "TimeCreated": "2023-12-14 13:36:38.348389+00:00", "RecordID": "736", "Level": "3", "UserID": "S-1-5-18", "EventData.RegName": "AllowInsecureGuestAuth", "EventData.RegValue": "1"}
{"EventID": "31018", "Channel": "Microsoft-Windows-SmbClient/Security", "Provider_Name": "Microsoft-Windows-SMBClient", "Computer": "DESKTOP-OFJ6N53", "TimeCreated": "2023-12-15 14:32:40.370939+00:00", "RecordID": "737", "Level": "3", "UserID": "S-1-5-18", "EventData.RegName": "AllowInsecureGuestAuth", "EventData.RegValue": "1"}
{"EventID": "31018", "Channel": "Microsoft-Windows-SmbClient/Security", "Provider_Name": "Microsoft-Windows-SMBClient", "Computer": "DESKTOP-OFJ6N53", "TimeCreated": "2023-12-17 19:34:58.627485+00:00", "RecordID": "738", "Level": "3", "UserID": "S-1-5-18", "EventData.RegName": "AllowInsecureGuestAuth", "EventData.RegValue": "1"}
{"EventID": "31018", "Channel": "Microsoft-Windows-SmbClient/Security", "Provider_Name": "Microsoft-Windows-SMBClient", "Computer": "DESKTOP-OFJ6N53", "TimeCreated": "2023-12-18 15:53:28.591370+00:00", "RecordID": "739", "Level": "3", "UserID": "S-1-5-18", "EventData.RegName": "AllowInsecureGuestAuth", "EventData.RegValue": "1"}
{"EventID": "31018", "Channel": "Microsoft-Windows-SmbClient/Security", "Provider_Name": "Microsoft-Windows-SMBClient", "Computer": "DESKTOP-OFJ6N53", "TimeCreated": "2023-12-20 13:51:21.566261+00:00", "RecordID": "740", "Level": "3", "UserID": "S-1-5-18", "EventData.RegName": "AllowInsecureGuestAuth", "EventData.RegValue": "1"}
{"EventID": "31018", "Channel": "Microsoft-Windows-SmbClient/Security", "Provider_Name": "Microsoft-Windows-SMBClient", "Computer": "DESKTOP-OFJ6N53", "TimeCreated": "2023-12-29 11:51:31.020834+00:00", "RecordID": "741", "Level": "3", "UserID": "S-1-5-18", "EventData.RegName": "AllowInsecureGuestAuth", "EventData.RegValue": "1"}
{"EventID": "31018", "Channel": "Microsoft-Windows-SmbClient/Security", "Provider_Name": "Microsoft-Windows-SMBClient", "Computer": "DESKTOP-OFJ6N53", "TimeCreated": "2023-12-29 14:44:39.323483+00:00", "RecordID": "742", "Level": "3", "UserID": "S-1-5-18", "EventData.RegName": "AllowInsecureGuestAuth", "EventData.RegValue": "1"}
{"EventID": "31018", "Channel": "Microsoft-Windows-SmbClient/Security", "Provider_Name": "Microsoft-Windows-SMBClient", "Computer": "DESKTOP-OFJ6N53", "TimeCreated": "2024-01-10 13:09:55.418026+00:00", "RecordID": "743", "Level": "3", "UserID": "S-1-5-18", "EventData.RegName": "AllowInsecureGuestAuth", "EventData.RegValue": "1"}
{"EventID": "31018", "Channel": "Microsoft-Windows-SmbClient/Security", "Provider_Name": "Microsoft-Windows-SMBClient", "Computer": "DESKTOP-OFJ6N53", "TimeCreated": "2024-01-10 14:58:24.284645+00:00", "RecordID": "744", "Level": "3", "UserID": "S-1-5-18", "EventData.RegName": "AllowInsecureGuestAuth", "EventData.RegValue": "1"}
{"EventID": "31018", "Channel": "Microsoft-Windows-SmbClient/Security", "Provider_Name": "Microsoft-Windows-SMBClient", "Computer": "DESKTOP-OFJ6N53", "TimeCreated": "2024-01-13 08:58:14.422628+00:00", "RecordID": "745", "Level": "3", "UserID": "S-1-5-18", "EventData.RegName": "AllowInsecureGuestAuth", "EventData.RegValue": "1"}
{"EventID": "31018", "Channel": "Microsoft-Windows-SmbClient/Security", "Provider_Name": "Microsoft-Windows-SMBClient", "Computer": "DESKTOP-OFJ6N53", "TimeCreated": "2024-01-16 14:19:46.974377+00:00", "RecordID": "746", "Level": "3", "UserID": "S-1-5-18", "EventData.RegName": "AllowInsecureGuestAuth", "EventData.RegValue": "1"}
{"EventID": "31018", "Channel": "Microsoft-Windows-SmbClient/Security", "Provider_Name": "Microsoft-Windows-SMBClient", "Computer": "DESKTOP-OFJ6N53", "TimeCreated": "2024-01-18 09:47:59.115192+00:00", "RecordID": "747", "Level": "3", "UserID": "S-1-5-18", "EventData.RegName": "AllowInsecureGuestAuth", "EventData.RegValue": "1"}
{"EventID": "31018", "Channel": "Microsoft-Windows-SmbClient/Security", "Provider_Name": "Microsoft-Windows-SMBClient", "Computer": "DESKTOP-OFJ6N53", "TimeCreated": "2024-01-19 05:27:09.369020+00:00", "RecordID": "748", "Level": "3", "UserID": "S-1-5-18", "EventData.RegName": "AllowInsecureGuestAuth", "EventData.RegValue": "1"}
{"EventID": "31018", "Channel": "Microsoft-Windows-SmbClient/Security", "Provider_Name": "Microsoft-Windows-SMBClient", "Computer": "DESKTOP-OFJ6N53", "TimeCreated": "2024-01-19 11:58:11.486637+00:00", "RecordID": "749", "Level": "3", "UserID": "S-1-5-18", "EventData.RegName": "AllowInsecureGuestAuth", "EventData.RegValue": "1"}
{"EventID": "31018", "Channel": "Microsoft-Windows-SmbClient/Security", "Provider_Name": "Microsoft-Windows-SMBClient", "Computer": "DESKTOP-OFJ6N53", "TimeCreated": "2024-01-22 10:30:29.250578+00:00", "RecordID": "750", "Level": "3", "UserID": "S-1-5-18", "EventData.RegName": "AllowInsecureGuestAuth", "EventData.RegValue": "1"}
{"EventID": "31018", "Channel": "Microsoft-Windows-SmbClient/Security", "Provider_Name": "Microsoft-Windows-SMBClient", "Computer": "DESKTOP-OFJ6N53", "TimeCreated": "2024-01-22 14:20:01.841642+00:00", "RecordID": "751", "Level": "3", "UserID": "S-1-5-18", "EventData.RegName": "AllowInsecureGuestAuth", "EventData.RegValue": "1"}
{"EventID": "31018", "Channel": "Microsoft-Windows-SmbClient/Security", "Provider_Name": "Microsoft-Windows-SMBClient", "Computer": "DESKTOP-OFJ6N53", "TimeCreated": "2024-01-23 08:50:58.008829+00:00", "RecordID": "752", "Level": "3", "UserID": "S-1-5-18", "EventData.RegName": "AllowInsecureGuestAuth", "EventData.RegValue": "1"}
{"EventID": "31018", "Channel": "Microsoft-Windows-SmbClient/Security", "Provider_Name": "Microsoft-Windows-SMBClient", "Computer": "DESKTOP-OFJ6N53", "TimeCreated": "2024-01-23 11:14:13.679974+00:00", "RecordID": "753", "Level": "3", "UserID": "S-1-5-18", "EventData.RegName": "AllowInsecureGuestAuth", "EventData.RegValue": "1"}
{"EventID": "31018", "Channel": "Microsoft-Windows-SmbClient/Security", "Provider_Name": "Microsoft-Windows-SMBClient", "Computer": "DESKTOP-OFJ6N53", "TimeCreated": "2024-01-23 14:31:36.331530+00:00", "RecordID": "754", "Level": "3", "UserID": "S-1-5-18", "EventData.RegName": "AllowInsecureGuestAuth", "EventData.RegValue": "1"}
{"EventID": "31018", "Channel": "Microsoft-Windows-SmbClient/Security", "Provider_Name": "Microsoft-Windows-SMBClient", "Computer": "DESKTOP-OFJ6N53", "TimeCreated": "2024-01-24 13:16:59.595114+00:00", "RecordID": "755", "Level": "3", "UserID": "S-1-5-18", "EventData.RegName": "AllowInsecureGuestAuth", "EventData.RegValue": "1"}
