{"EventID": "4001", "Channel": "Microsoft-Windows-LanguagePackSetup/Operational", "Provider_Name": "Microsoft-Windows-LanguagePackSetup", "Computer": "DESKTOP-OFJ6N53", "TimeCreated": "2022-11-21 08:27:23.298586+00:00", "RecordID": "183", "Level": "4", "UserID": "S-1-5-18"}
{"EventID": "4000", "Channel": "Microsoft-Windows-LanguagePackSetup/Operational", "Provider_Name": "Microsoft-Windows-LanguagePackSetup", "Computer": "DESKTOP-OFJ6N53", "TimeCreated": "2022-11-24 09:57:53.466431+00:00", "RecordID": "184", "Level": "4", "UserID": "S-1-5-18"}
{"EventID": "4001", "Channel": "Microsoft-Windows-LanguagePackSetup/Operational", "Provider_Name": "Microsoft-Windows-LanguagePackSetup", "Computer": "DESKTOP-OFJ6N53", "TimeCreated": "2022-11-24 09:57:55.716841+00:00", "RecordID": "185", "Level": "4", "UserID": "S-1-5-18"}
{"EventID": "4000", "Channel": "Microsoft-Windows-LanguagePackSetup/Operational", "Provider_Name": "Microsoft-Windows-LanguagePackSetup", "Computer": "DESKTOP-OFJ6N53", "TimeCreated": "2022-11-27 08:52:17.474623+00:00", "RecordID": "186", "Level": "4", "UserID": "S-1-5-18"}
{"EventID": "4001", "Channel": "Microsoft-Windows-LanguagePackSetup/Operational", "Provider_Name": "Microsoft-Windows-LanguagePackSetup", "Computer": "DESKTOP-OFJ6N53", "TimeCreated": "2022-11-27 08:52:20.175922+00:00", "RecordID": "187", "Level": "4", "UserID": "S-1-5-18"}
{"EventID": "4000", "Channel": "Microsoft-Windows-LanguagePackSetup/Operational", "Provider_Name": "Microsoft-Windows-LanguagePackSetup", "Computer": "DESKTOP-OFJ6N53", "TimeCreated": "2022-11-30 09:07:14.016907+00:00", "RecordID": "188", "Level": "4", "UserID": "S-1-5-18"}
{"EventID": "4001", "Channel": "Microsoft-Windows-LanguagePackSetup/Operational", "Provider_Name": "Microsoft-Windows-LanguagePackSetup", "Computer": "DESKTOP-OFJ6N53", "TimeCreated": "2022-11-30 09:07:20.653683+00:00", "RecordID": "189", "Level": "4", "UserID": "S-1-5-18"}
{"EventID": "4000", "Channel": "Microsoft-Windows-LanguagePackSetup/Operational", "Provider_Name": "Microsoft-Windows-LanguagePackSetup", "Computer": "DESKTOP-OFJ6N53", "TimeCreated": "2022-12-03 10:06:19.872822+00:00", "RecordID": "190", "Level": "4", "UserID": "S-1-5-18"}
{"EventID": "4001", "Channel": "Microsoft-Windows-LanguagePackSetup/Operational", "Provider_Name": "Microsoft-Windows-LanguagePackSetup", "Computer": "DESKTOP-OFJ6N53", "TimeCreated": "2022-12-03 10:06:31.540024+00:00", "RecordID": "191", "Level": "4", "UserID": "S-1-5-18"}
{"EventID": "4000", "Channel": "Microsoft-Windows-LanguagePackSetup/Operational", "Provider_Name": "Microsoft-Windows-LanguagePackSetup", "Computer": "DESKTOP-OFJ6N53", "TimeCreated": "2022-12-06 10:06:04.623751+00:00", "RecordID": "192", "Level": "4", "UserID": "S-1-5-18"}
{"EventID": "4001", "Channel": "Microsoft-Windows-LanguagePackSetup/Operational", "Provider_Name": "Microsoft-Windows-LanguagePackSetup", "Computer": "DESKTOP-OFJ6N53", "TimeCreated": "2022-12-06 10:06:09.835403+00:00", "RecordID": "193", "Level": "4", "UserID": "S-1-5-18"}
{"EventID": "4000", "Channel": "Microsoft-Windows-LanguagePackSetup/Operational", "Provider_Name": "Microsoft-Windows-LanguagePackSetup", "Computer": "DESKTOP-OFJ6N53", "TimeCreated": "2022-12-09 09:57:33.433197+00:00", "RecordID": "194", "Level": "4", "UserID": "S-1-5-18"}
{"EventID": "4001", "Channel": "Microsoft-Windows-LanguagePackSetup/Operational", "Provider_Name": "Microsoft-Windows-LanguagePackSetup", "Computer": "DESKTOP-OFJ6N53", "TimeCreated": "2022-12-09 09:57:38.165344+00:00", "RecordID": "195", "Level": "4", "UserID": "S-1-5-18"}
{"EventID": "4000", "Channel": "Microsoft-Windows-LanguagePackSetup/Operational", "Provider_Name": "Microsoft-Windows-LanguagePackSetup", "Computer": "DESKTOP-OFJ6N53", "TimeCreated": "2022-12-12 09:51:56.552492+00:00", "RecordID": "196", "Level": "4", "UserID": "S-1-5-18"}
{"EventID": "4001", "Channel": "Microsoft-Windows-LanguagePackSetup/Operational", "Provider_Name": "Microsoft-Windows-LanguagePackSetup", "Computer": "DESKTOP-OFJ6N53", "TimeCreated": "2022-12-12 09:51:58.703165+00:00", "RecordID": "197", "Level": "4", "UserID": "S-1-5-18"}
{"EventID": "4000", "Channel": "Microsoft-Windows-LanguagePackSetup/Operational", "Provider_Name": "Microsoft-Windows-LanguagePackSetup", "Computer": "DESKTOP-OFJ6N53", "TimeCreated": "2022-12-15 08:51:51.792761+00:00", "RecordID": "198", "Level": "4", "UserID": "S-1-5-18"}
{"EventID": "4001", "Channel": "Microsoft-Windows-LanguagePackSetup/Operational", "Provider_Name": "Microsoft-Windows-LanguagePackSetup", "Computer": "DESKTOP-OFJ6N53", "TimeCreated": "2022-12-15 08:51:52.458424+00:00", "RecordID": "199", "Level": "4", "UserID": "S-1-5-18"}
{"EventID": "4000", "Channel": "Microsoft-Windows-LanguagePackSetup/Operational", "Provider_Name": "Microsoft-Windows-LanguagePackSetup", "Computer": "DESKTOP-OFJ6N53", "TimeCreated": "2022-12-18 08:29:05.994019+00:00", "RecordID": "200", "Level": "4", "UserID": "S-1-5-18"}
{"EventID": "4001", "Channel": "Microsoft-Windows-LanguagePackSetup/Operational", "Provider_Name": "Microsoft-Windows-LanguagePackSetup", "Computer": "DESKTOP-OFJ6N53", "TimeCreated": "2022-12-18 08:29:13.997910+00:00", "RecordID": "201", "Level": "4", "UserID": "S-1-5-18"}
{"EventID": "4000", "Channel": "Microsoft-Windows-LanguagePackSetup/Operational", "Provider_Name": "Microsoft-Windows-LanguagePackSetup", "Computer": "DESKTOP-OFJ6N53", "TimeCreated": "2022-12-21 08:29:10.841089+00:00", "RecordID": "202", "Level": "4", "UserID": "S-1-5-18"}
{"EventID": "4001", "Channel": "Microsoft-Windows-LanguagePackSetup/Operational", "Provider_Name": "Microsoft-Windows-LanguagePackSetup", "Computer": "DESKTOP-OFJ6N53", "TimeCreated": "2022-12-21 08:29:33.646738+00:00", "RecordID": "203", "Level": "4", "UserID": "S-1-5-18"}
{"EventID": "4000", "Channel": "Microsoft-Windows-LanguagePackSetup/Operational", "Provider_Name": "Microsoft-Windows-LanguagePackSetup", "Computer": "DESKTOP-OFJ6N53", "TimeCreated": "2022-12-24 09:55:36.117674+00:00", "RecordID": "204", "Level": "4", "UserID": "S-1-5-18"}
{"EventID": "4001", "Channel": "Microsoft-Windows-LanguagePackSetup/Operational", "Provider_Name": "Microsoft-Windows-LanguagePackSetup", "Computer": "DESKTOP-OFJ6N53", "TimeCreated": "2022-12-24 09:55:39.203403+00:00", "RecordID": "205", "Level": "4", "UserID": "S-1-5-18"}
{"EventID": "4000", "Channel": "Microsoft-Windows-LanguagePackSetup/Operational", "Provider_Name": "Microsoft-Windows-LanguagePackSetup", "Computer": "DESKTOP-OFJ6N53", "TimeCreated": "2022-12-27 09:44:58.367290+00:00", "RecordID": "206", "Level": "4", "UserID": "S-1-5-18"}
{"EventID": "4001", "Channel": "Microsoft-Windows-LanguagePackSetup/Operational", "Provider_Name": "Microsoft-Windows-LanguagePackSetup", "Computer": "DESKTOP-OFJ6N53", "TimeCreated": "2022-12-27 09:44:59.415394+00:00", "RecordID": "207", "Level": "4", "UserID": "S-1-5-18"}
{"EventID": "4000", "Channel": "Microsoft-Windows-LanguagePackSetup/Operational", "Provider_Name": "Microsoft-Windows-LanguagePackSetup", "Computer": "DESKTOP-OFJ6N53", "TimeCreated": "2022-12-30 08:41:38.901728+00:00", "RecordID": "208", "Level": "4", "UserID": "S-1-5-18"}
{"EventID": "4001", "Channel": "Microsoft-Windows-LanguagePackSetup/Operational", "Provider_Name": "Microsoft-Windows-LanguagePackSetup", "Computer": "DESKTOP-OFJ6N53", "TimeCreated": "2022-12-30 08:41:41.114819+00:00", "RecordID": "209", "Level": "4", "UserID": "S-1-5-18"}
{"EventID": "4000", "Channel": "Microsoft-Windows-LanguagePackSetup/Operational", "Provider_Name": "Microsoft-Windows-LanguagePackSetup", "Computer": "DESKTOP-OFJ6N53", "TimeCreated": "2023-01-02 08:41:45.699657+00:00", "RecordID": "210", "Level": "4", "UserID": "S-1-5-18"}
{"EventID": "4001", "Channel": "Microsoft-Windows-LanguagePackSetup/Operational", "Provider_Name": "Microsoft-Windows-LanguagePackSetup", "Computer": "DESKTOP-OFJ6N53", "TimeCreated": "2023-01-02 08:41:48.135050+00:00", "RecordID": "211", "Level": "4", "UserID": "S-1-5-18"}
{"EventID": "4000", "Channel": "Microsoft-Windows-LanguagePackSetup/Operational", "Provider_Name": "Microsoft-Windows-LanguagePackSetup", "Computer": "DESKTOP-OFJ6N53", "TimeCreated": "2023-01-05 08:41:58.260952+00:00", "RecordID": "212", "Level": "4", "UserID": "S-1-5-18"}
{"EventID": "4001", "Channel": "Microsoft-Windows-LanguagePackSetup/Operational", "Provider_Name": "Microsoft-Windows-LanguagePackSetup", "Computer": "DESKTOP-OFJ6N53", "TimeCreated": "2023-01-05 08:41:59.921223+00:00", "RecordID": "213", "Level": "4", "UserID": "S-1-5-18"}
{"EventID": "4000", "Channel": "Microsoft-Windows-LanguagePackSetup/Operational", "Provider_Name": "Microsoft-Windows-LanguagePackSetup", "Computer": "DESKTOP-OFJ6N53", "TimeCreated": "2023-01-08 08:42:07.018162+00:00", "RecordID": "214", "Level": "4", "UserID": "S-1-5-18"}
{"EventID": "4001", "Channel": "Microsoft-Windows-LanguagePackSetup/Operational", "Provider_Name": "Microsoft-Windows-LanguagePackSetup", "Computer": "DESKTOP-OFJ6N53", "TimeCreated": "2023-01-08 08:42:11.163874+00:00", "RecordID": "215", "Level": "4", "UserID": "S-1-5-18"}
{"EventID": "4000", "Channel": "Microsoft-Windows-LanguagePackSetup/Operational", "Provider_Name": "Microsoft-Windows-LanguagePackSetup", "Computer": "DESKTOP-OFJ6N53", "TimeCreated": "2023-01-11 09:50:40.996973+00:00", "RecordID": "216", "Level": "4", "UserID": "S-1-5-18"}
{"EventID": "4001", "Channel": "Microsoft-Windows-LanguagePackSetup/Operational", "Provider_Name": "Microsoft-Windows-LanguagePackSetup", "Computer": "DESKTOP-OFJ6N53", "TimeCreated": "2023-01-11 09:51:17.992191+00:00", "RecordID": "217", "Level": "4", "UserID": "S-1-5-18"}
{"EventID": "4000", "Channel": "Microsoft-Windows-LanguagePackSetup/Operational", "Provider_Name": "Microsoft-Windows-LanguagePackSetup", "Computer": "DESKTOP-OFJ6N53", "TimeCreated": "2023-01-14 09:31:35.596436+00:00", "RecordID": "218", "Level": "4", "UserID": "S-1-5-18"}
{"EventID": "4001", "Channel": "Microsoft-Windows-LanguagePackSetup/Operational", "Provider_Name": "Microsoft-Windows-LanguagePackSetup", "Computer": "DESKTOP-OFJ6N53", "TimeCreated": "2023-01-14 09:31:41.002041+00:00", "RecordID": "219", "Level": "4", "UserID": "S-1-5-18"}
{"EventID": "4000", "Channel": "Microsoft-Windows-LanguagePackSetup/Operational", "Provider_Name": "Microsoft-Windows-LanguagePackSetup", "Computer": "DESKTOP-OFJ6N53", "TimeCreated": "2023-01-17 08:37:14.722527+00:00", "RecordID": "220", "Level": "4", "UserID": "S-1-5-18"}
{"EventID": "4001", "Channel": "Microsoft-Windows-LanguagePackSetup/Operational", "Provider_Name": "Microsoft-Windows-LanguagePackSetup", "Computer": "DESKTOP-OFJ6N53", "TimeCreated": "2023-01-17 08:37:18.254589+00:00", "RecordID": "221", "Level": "4", "UserID": "S-1-5-18"}
{"EventID": "4000", "Channel": "Microsoft-Windows-LanguagePackSetup/Operational", "Provider_Name": "Microsoft-Windows-LanguagePackSetup", "Computer": "DESKTOP-OFJ6N53", "TimeCreated": "2023-01-20 09:55:09.766424+00:00", "RecordID": "222", "Level": "4", "UserID": "S-1-5-18"}
{"EventID": "4001", "Channel": "Microsoft-Windows-LanguagePackSetup/Operational", "Provider_Name": "Microsoft-Windows-LanguagePackSetup", "Computer": "DESKTOP-OFJ6N53", "TimeCreated": "2023-01-20 09:55:22.405285+00:00", "RecordID": "223", "Level": "4", "UserID": "S-1-5-18"}
{"EventID": "4000", "Channel": "Microsoft-Windows-LanguagePackSetup/Operational", "Provider_Name": "Microsoft-Windows-LanguagePackSetup", "Computer": "DESKTOP-OFJ6N53", "TimeCreated": "2023-01-23 08:31:46.818796+00:00", "RecordID": "224", "Level": "4", "UserID": "S-1-5-18"}
{"EventID": "4001", "Channel": "Microsoft-Windows-LanguagePackSetup/Operational", "Provider_Name": "Microsoft-Windows-LanguagePackSetup", "Computer": "DESKTOP-OFJ6N53", "TimeCreated": "2023-01-23 08:31:54.053810+00:00", "RecordID": "225", "Level": "4", "UserID": "S-1-5-18"}
{"EventID": "4000", "Channel": "Microsoft-Windows-LanguagePackSetup/Operational", "Provider_Name": "Microsoft-Windows-LanguagePackSetup", "Computer": "DESKTOP-OFJ6N53", "TimeCreated": "2023-01-26 08:34:45.909750+00:00", "RecordID": "226", "Level": "4", "UserID": "S-1-5-18"}
{"EventID": "4001", "Channel": "Microsoft-Windows-LanguagePackSetup/Operational", "Provider_Name": "Microsoft-Windows-LanguagePackSetup", "Computer": "DESKTOP-OFJ6N53", "TimeCreated": "2023-01-26 08:34:49.661734+00:00", "RecordID": "227", "Level": "4", "UserID": "S-1-5-18"}
{"EventID": "4000", "Channel": "Microsoft-Windows-LanguagePackSetup/Operational", "Provider_Name": "Microsoft-Windows-LanguagePackSetup", "Computer": "DESKTOP-OFJ6N53", "TimeCreated": "2023-01-29 09:04:13.865997+00:00", "RecordID": "228", "Level": "4", "UserID": "S-1-5-18"}
{"EventID": "4001", "Channel": "Microsoft-Windows-LanguagePackSetup/Operational", "Provider_Name": "Microsoft-Windows-LanguagePackSetup", "Computer": "DESKTOP-OFJ6N53", "TimeCreated": "2023-01-29 09:04:16.610443+00:00", "RecordID": "229", "Level": "4", "UserID": "S-1-5-18"}
{"EventID": "4000", "Channel": "Microsoft-Windows-LanguagePackSetup/Operational", "Provider_Name": "Microsoft-Windows-LanguagePackSetup", "Computer": "DESKTOP-OFJ6N53", "TimeCreated": "2023-02-01 09:50:41.369974+00:00", "RecordID": "230", "Level": "4", "UserID": "S-1-5-18"}
{"EventID": "4001", "Channel": "Microsoft-Windows-LanguagePackSetup/Operational", "Provider_Name": "Microsoft-Windows-LanguagePackSetup", "Computer": "DESKTOP-OFJ6N53", "TimeCreated": "2023-02-01 09:50:46.415127+00:00", "RecordID": "231", "Level": "4", "UserID": "S-1-5-18"}
{"EventID": "4000", "Channel": "Microsoft-Windows-LanguagePackSetup/Operational", "Provider_Name": "Microsoft-Windows-LanguagePackSetup", "Computer": "DESKTOP-OFJ6N53", "TimeCreated": "2023-02-04 10:03:28.152557+00:00", "RecordID": "232", "Level": "4", "UserID": "S-1-5-18"}
{"EventID": "4001", "Channel": "Microsoft-Windows-LanguagePackSetup/Operational", "Provider_Name": "Microsoft-Windows-LanguagePackSetup", "Computer": "DESKTOP-OFJ6N53", "TimeCreated": "2023-02-04 10:03:30.452738+00:00", "RecordID": "233", "Level": "4", "UserID": "S-1-5-18"}
{"EventID": "4000", "Channel": "Microsoft-Windows-LanguagePackSetup/Operational", "Provider_Name": "Microsoft-Windows-LanguagePackSetup", "Computer": "DESKTOP-OFJ6N53", "TimeCreated": "2023-02-07 10:03:37.941885+00:00", "RecordID": "234", "Level": "4", "UserID": "S-1-5-18"}
{"EventID": "4001", "Channel": "Microsoft-Windows-LanguagePackSetup/Operational", "Provider_Name": "Microsoft-Windows-LanguagePackSetup", "Computer": "DESKTOP-OFJ6N53", "TimeCreated": "2023-02-07 10:03:39.597824+00:00", "RecordID": "235", "Level": "4", "UserID": "S-1-5-18"}
{"EventID": "4000", "Channel": "Microsoft-Windows-LanguagePackSetup/Operational", "Provider_Name": "Microsoft-Windows-LanguagePackSetup", "Computer": "DESKTOP-OFJ6N53", "TimeCreated": "2023-02-10 08:50:23.751646+00:00", "RecordID": "236", "Level": "4", "UserID": "S-1-5-18"}
{"EventID": "4001", "Channel": "Microsoft-Windows-LanguagePackSetup/Operational", "Provider_Name": "Microsoft-Windows-LanguagePackSetup", "Computer": "DESKTOP-OFJ6N53", "TimeCreated": "2023-02-10 08:50:26.901180+00:00", "RecordID": "237", "Level": "4", "UserID": "S-1-5-18"}
{"EventID": "4000", "Channel": "Microsoft-Windows-LanguagePackSetup/Operational", "Provider_Name": "Microsoft-Windows-LanguagePackSetup", "Computer": "DESKTOP-OFJ6N53", "TimeCreated": "2023-02-13 08:50:35.940184+00:00", "RecordID": "238", "Level": "4", "UserID": "S-1-5-18"}
{"EventID": "4001", "Channel": "Microsoft-Windows-LanguagePackSetup/Operational", "Provider_Name": "Microsoft-Windows-LanguagePackSetup", "Computer": "DESKTOP-OFJ6N53", "TimeCreated": "2023-02-13 08:50:38.927477+00:00", "RecordID": "239", "Level": "4", "UserID": "S-1-5-18"}
{"EventID": "4000", "Channel": "Microsoft-Windows-LanguagePackSetup/Operational", "Provider_Name": "Microsoft-Windows-LanguagePackSetup", "Computer": "DESKTOP-OFJ6N53", "TimeCreated": "2023-02-16 09:24:40.058081+00:00", "RecordID": "240", "Level": "4", "UserID": "S-1-5-18"}
{"EventID": "4001", "Channel": "Microsoft-Windows-LanguagePackSetup/Operational", "Provider_Name": "Microsoft-Windows-LanguagePackSetup", "Computer": "DESKTOP-OFJ6N53", "TimeCreated": "2023-02-16 09:24:54.682987+00:00", "RecordID": "241", "Level": "4", "UserID": "S-1-5-18"}
{"EventID": "4000", "Channel": "Microsoft-Windows-LanguagePackSetup/Operational", "Provider_Name": "Microsoft-Windows-LanguagePackSetup", "Computer": "DESKTOP-OFJ6N53", "TimeCreated": "2023-02-19 09:24:41.451057+00:00", "RecordID": "242", "Level": "4", "UserID": "S-1-5-18"}
{"EventID": "4001", "Channel": "Microsoft-Windows-LanguagePackSetup/Operational", "Provider_Name": "Microsoft-Windows-LanguagePackSetup", "Computer": "DESKTOP-OFJ6N53", "TimeCreated": "2023-02-19 09:24:46.476030+00:00", "RecordID": "243", "Level": "4", "UserID": "S-1-5-18"}
{"EventID": "4000", "Channel": "Microsoft-Windows-LanguagePackSetup/Operational", "Provider_Name": "Microsoft-Windows-LanguagePackSetup", "Computer": "DESKTOP-OFJ6N53", "TimeCreated": "2023-02-22 09:24:37.037481+00:00", "RecordID": "244", "Level": "4", "UserID": "S-1-5-18"}
{"EventID": "4001", "Channel": "Microsoft-Windows-LanguagePackSetup/Operational", "Provider_Name": "Microsoft-Windows-LanguagePackSetup", "Computer": "DESKTOP-OFJ6N53", "TimeCreated": "2023-02-22 09:26:07.592379+00:00", "RecordID": "245", "Level": "4", "UserID": "S-1-5-18"}
{"EventID": "4000", "Channel": "Microsoft-Windows-LanguagePackSetup/Operational", "Provider_Name": "Microsoft-Windows-LanguagePackSetup", "Computer": "DESKTOP-OFJ6N53", "TimeCreated": "2023-02-25 09:24:35.678038+00:00", "RecordID": "246", "Level": "4", "UserID": "S-1-5-18"}
{"EventID": "4001", "Channel": "Microsoft-Windows-LanguagePackSetup/Operational", "Provider_Name": "Microsoft-Windows-LanguagePackSetup", "Computer": "DESKTOP-OFJ6N53", "TimeCreated": "2023-02-25 09:24:38.390421+00:00", "RecordID": "247", "Level": "4", "UserID": "S-1-5-18"}
{"EventID": "4000", "Channel": "Microsoft-Windows-LanguagePackSetup/Operational", "Provider_Name": "Microsoft-Windows-LanguagePackSetup", "Computer": "DESKTOP-OFJ6N53", "TimeCreated": "2023-02-28 09:06:56.477468+00:00", "RecordID": "248", "Level": "4", "UserID": "S-1-5-18"}
{"EventID": "4001", "Channel": "Microsoft-Windows-LanguagePackSetup/Operational", "Provider_Name": "Microsoft-Windows-LanguagePackSetup", "Computer": "DESKTOP-OFJ6N53", "TimeCreated": "2023-02-28 09:06:59.240416+00:00", "RecordID": "249", "Level": "4", "UserID": "S-1-5-18"}
{"EventID": "4000", "Channel": "Microsoft-Windows-LanguagePackSetup/Operational", "Provider_Name": "Microsoft-Windows-LanguagePackSetup", "Computer": "DESKTOP-OFJ6N53", "TimeCreated": "2023-03-03 09:06:38.393881+00:00", "RecordID": "250", "Level": "4", "UserID": "S-1-5-18"}
{"EventID": "4001", "Channel": "Microsoft-Windows-LanguagePackSetup/Operational", "Provider_Name": "Microsoft-Windows-LanguagePackSetup", "Computer": "DESKTOP-OFJ6N53", "TimeCreated": "2023-03-03 09:06:39.678431+00:00", "RecordID": "251", "Level": "4", "UserID": "S-1-5-18"}
{"EventID": "4000", "Channel": "Microsoft-Windows-LanguagePackSetup/Operational", "Provider_Name": "Microsoft-Windows-LanguagePackSetup", "Computer": "DESKTOP-OFJ6N53", "TimeCreated": "2023-03-06 09:17:22.664165+00:00", "RecordID": "252", "Level": "4", "UserID": "S-1-5-18"}
{"EventID": "4001", "Channel": "Microsoft-Windows-LanguagePackSetup/Operational", "Provider_Name": "Microsoft-Windows-LanguagePackSetup", "Computer": "DESKTOP-OFJ6N53", "TimeCreated": "2023-03-06 09:17:23.359154+00:00", "RecordID": "253", "Level": "4", "UserID": "S-1-5-18"}
{"EventID": "4000", "Channel": "Microsoft-Windows-LanguagePackSetup/Operational", "Provider_Name": "Microsoft-Windows-LanguagePackSetup", "Computer": "DESKTOP-OFJ6N53", "TimeCreated": "2023-03-09 08:50:53.223305+00:00", "RecordID": "254", "Level": "4", "UserID": "S-1-5-18"}
{"EventID": "4001", "Channel": "Microsoft-Windows-LanguagePackSetup/Operational", "Provider_Name": "Microsoft-Windows-LanguagePackSetup", "Computer": "DESKTOP-OFJ6N53", "TimeCreated": "2023-03-09 08:50:54.708031+00:00", "RecordID": "255", "Level": "4", "UserID": "S-1-5-18"}
{"EventID": "4000", "Channel": "Microsoft-Windows-LanguagePackSetup/Operational", "Provider_Name": "Microsoft-Windows-LanguagePackSetup", "Computer": "DESKTOP-OFJ6N53", "TimeCreated": "2023-03-12 10:04:54.060131+00:00", "RecordID": "256", "Level": "4", "UserID": "S-1-5-18"}
{"EventID": "4001", "Channel": "Microsoft-Windows-LanguagePackSetup/Operational", "Provider_Name": "Microsoft-Windows-LanguagePackSetup", "Computer": "DESKTOP-OFJ6N53", "TimeCreated": "2023-03-12 10:05:04.248293+00:00", "RecordID": "257", "Level": "4", "UserID": "S-1-5-18"}
{"EventID": "4000", "Channel": "Microsoft-Windows-LanguagePackSetup/Operational", "Provider_Name": "Microsoft-Windows-LanguagePackSetup", "Computer": "DESKTOP-OFJ6N53", "TimeCreated": "2023-03-15 09:08:48.954559+00:00", "RecordID": "258", "Level": "4", "UserID": "S-1-5-18"}
{"EventID": "4001", "Channel": "Microsoft-Windows-LanguagePackSetup/Operational", "Provider_Name": "Microsoft-Windows-LanguagePackSetup", "Computer": "DESKTOP-OFJ6N53", "TimeCreated": "2023-03-15 09:09:01.096428+00:00", "RecordID": "259", "Level": "4", "UserID": "S-1-5-18"}
{"EventID": "4000", "Channel": "Microsoft-Windows-LanguagePackSetup/Operational", "Provider_Name": "Microsoft-Windows-LanguagePackSetup", "Computer": "DESKTOP-OFJ6N53", "TimeCreated": "2023-03-18 10:04:53.625118+00:00", "RecordID": "260", "Level": "4", "UserID": "S-1-5-18"}
{"EventID": "4001", "Channel": "Microsoft-Windows-LanguagePackSetup/Operational", "Provider_Name": "Microsoft-Windows-LanguagePackSetup", "Computer": "DESKTOP-OFJ6N53", "TimeCreated": "2023-03-18 10:05:00.608438+00:00", "RecordID": "261", "Level": "4", "UserID": "S-1-5-18"}
{"EventID": "4000", "Channel": "Microsoft-Windows-LanguagePackSetup/Operational", "Provider_Name": "Microsoft-Windows-LanguagePackSetup", "Computer": "DESKTOP-OFJ6N53", "TimeCreated": "2023-03-21 08:30:41.873432+00:00", "RecordID": "262", "Level": "4", "UserID": "S-1-5-18"}
{"EventID": "4001", "Channel": "Microsoft-Windows-LanguagePackSetup/Operational", "Provider_Name": "Microsoft-Windows-LanguagePackSetup", "Computer": "DESKTOP-OFJ6N53", "TimeCreated": "2023-03-21 08:30:56.116198+00:00", "RecordID": "263", "Level": "4", "UserID": "S-1-5-18"}
{"EventID": "4000", "Channel": "Microsoft-Windows-LanguagePackSetup/Operational", "Provider_Name": "Microsoft-Windows-LanguagePackSetup", "Computer": "DESKTOP-OFJ6N53", "TimeCreated": "2023-03-24 10:01:29.352322+00:00", "RecordID": "264", "Level": "4", "UserID": "S-1-5-18"}
{"EventID": "4001", "Channel": "Microsoft-Windows-LanguagePackSetup/Operational", "Provider_Name": "Microsoft-Windows-LanguagePackSetup", "Computer": "DESKTOP-OFJ6N53", "TimeCreated": "2023-03-24 10:02:02.533840+00:00", "RecordID": "265", "Level": "4", "UserID": "S-1-5-18"}
{"EventID": "4000", "Channel": "Microsoft-Windows-LanguagePackSetup/Operational", "Provider_Name": "Microsoft-Windows-LanguagePackSetup", "Computer": "DESKTOP-OFJ6N53", "TimeCreated": "2023-03-27 10:01:17.532948+00:00", "RecordID": "266", "Level": "4", "UserID": "S-1-5-18"}
{"EventID": "4001", "Channel": "Microsoft-Windows-LanguagePackSetup/Operational", "Provider_Name": "Microsoft-Windows-LanguagePackSetup", "Computer": "DESKTOP-OFJ6N53", "TimeCreated": "2023-03-27 10:01:34.587536+00:00", "RecordID": "267", "Level": "4", "UserID": "S-1-5-18"}
{"EventID": "4000", "Channel": "Microsoft-Windows-LanguagePackSetup/Operational", "Provider_Name": "Microsoft-Windows-LanguagePackSetup", "Computer": "DESKTOP-OFJ6N53", "TimeCreated": "2023-03-30 09:08:35.210142+00:00", "RecordID": "268", "Level": "4", "UserID": "S-1-5-18"}
{"EventID": "4001", "Channel": "Microsoft-Windows-LanguagePackSetup/Operational", "Provider_Name": "Microsoft-Windows-LanguagePackSetup", "Computer": "DESKTOP-OFJ6N53", "TimeCreated": "2023-03-30 09:08:48.915562+00:00", "RecordID": "269", "Level": "4", "UserID": "S-1-5-18"}
{"EventID": "4000", "Channel": "Microsoft-Windows-LanguagePackSetup/Operational", "Provider_Name": "Microsoft-Windows-LanguagePackSetup", "Computer": "DESKTOP-OFJ6N53", "TimeCreated": "2023-04-02 09:09:18.452148+00:00", "RecordID": "270", "Level": "4", "UserID": "S-1-5-18"}
{"EventID": "4001", "Channel": "Microsoft-Windows-LanguagePackSetup/Operational", "Provider_Name": "Microsoft-Windows-LanguagePackSetup", "Computer": "DESKTOP-OFJ6N53", "TimeCreated": "2023-04-02 09:09:24.598291+00:00", "RecordID": "271", "Level": "4", "UserID": "S-1-5-18"}
{"EventID": "4000", "Channel": "Microsoft-Windows-LanguagePackSetup/Operational", "Provider_Name": "Microsoft-Windows-LanguagePackSetup", "Computer": "DESKTOP-OFJ6N53", "TimeCreated": "2023-04-05 09:28:33.394596+00:00", "RecordID": "272", "Level": "4", "UserID": "S-1-5-18"}
{"EventID": "4001", "Channel": "Microsoft-Windows-LanguagePackSetup/Operational", "Provider_Name": "Microsoft-Windows-LanguagePackSetup", "Computer": "DESKTOP-OFJ6N53", "TimeCreated": "2023-04-05 09:28:43.781258+00:00", "RecordID": "273", "Level": "4", "UserID": "S-1-5-18"}
{"EventID": "4000", "Channel": "Microsoft-Windows-LanguagePackSetup/Operational", "Provider_Name": "Microsoft-Windows-LanguagePackSetup", "Computer": "DESKTOP-OFJ6N53", "TimeCreated": "2023-04-08 09:19:08.984909+00:00", "RecordID": "274", "Level": "4", "UserID": "S-1-5-18"}
{"EventID": "4001", "Channel": "Microsoft-Windows-LanguagePackSetup/Operational", "Provider_Name": "Microsoft-Windows-LanguagePackSetup", "Computer": "DESKTOP-OFJ6N53", "TimeCreated": "2023-04-08 09:20:20.408649+00:00", "RecordID": "275", "Level": "4", "UserID": "S-1-5-18"}
{"EventID": "4000", "Channel": "Microsoft-Windows-LanguagePackSetup/Operational", "Provider_Name": "Microsoft-Windows-LanguagePackSetup", "Computer": "DESKTOP-OFJ6N53", "TimeCreated": "2023-04-11 09:20:56.195372+00:00", "RecordID": "276", "Level": "4", "UserID": "S-1-5-18"}
{"EventID": "4001", "Channel": "Microsoft-Windows-LanguagePackSetup/Operational", "Provider_Name": "Microsoft-Windows-LanguagePackSetup", "Computer": "DESKTOP-OFJ6N53", "TimeCreated": "2023-04-11 09:21:08.474213+00:00", "RecordID": "277", "Level": "4", "UserID": "S-1-5-18"}
{"EventID": "4000", "Channel": "Microsoft-Windows-LanguagePackSetup/Operational", "Provider_Name": "Microsoft-Windows-LanguagePackSetup", "Computer": "DESKTOP-OFJ6N53", "TimeCreated": "2023-04-14 09:27:29.186495+00:00", "RecordID": "278", "Level": "4", "UserID": "S-1-5-18"}
{"EventID": "4001", "Channel": "Microsoft-Windows-LanguagePackSetup/Operational", "Provider_Name": "Microsoft-Windows-LanguagePackSetup", "Computer": "DESKTOP-OFJ6N53", "TimeCreated": "2023-04-14 09:27:31.267136+00:00", "RecordID": "279", "Level": "4", "UserID": "S-1-5-18"}
{"EventID": "4000", "Channel": "Microsoft-Windows-LanguagePackSetup/Operational", "Provider_Name": "Microsoft-Windows-LanguagePackSetup", "Computer": "DESKTOP-OFJ6N53", "TimeCreated": "2023-04-17 08:31:56.214100+00:00", "RecordID": "280", "Level": "4", "UserID": "S-1-5-18"}
{"EventID": "4001", "Channel": "Microsoft-Windows-LanguagePackSetup/Operational", "Provider_Name": "Microsoft-Windows-LanguagePackSetup", "Computer": "DESKTOP-OFJ6N53", "TimeCreated": "2023-04-17 08:31:57.817694+00:00", "RecordID": "281", "Level": "4", "UserID": "S-1-5-18"}
{"EventID": "4000", "Channel": "Microsoft-Windows-LanguagePackSetup/Operational", "Provider_Name": "Microsoft-Windows-LanguagePackSetup", "Computer": "DESKTOP-OFJ6N53", "TimeCreated": "2023-04-20 09:27:26.081436+00:00", "RecordID": "282", "Level": "4", "UserID": "S-1-5-18"}
{"EventID": "4001", "Channel": "Microsoft-Windows-LanguagePackSetup/Operational", "Provider_Name": "Microsoft-Windows-LanguagePackSetup", "Computer": "DESKTOP-OFJ6N53", "TimeCreated": "2023-04-20 09:27:27.695248+00:00", "RecordID": "283", "Level": "4", "UserID": "S-1-5-18"}
{"EventID": "4000", "Channel": "Microsoft-Windows-LanguagePackSetup/Operational", "Provider_Name": "Microsoft-Windows-LanguagePackSetup", "Computer": "DESKTOP-OFJ6N53", "TimeCreated": "2023-04-23 10:24:28.698658+00:00", "RecordID": "284", "Level": "4", "UserID": "S-1-5-18"}
{"EventID": "4001", "Channel": "Microsoft-Windows-LanguagePackSetup/Operational", "Provider_Name": "Microsoft-Windows-LanguagePackSetup", "Computer": "DESKTOP-OFJ6N53", "TimeCreated": "2023-04-23 10:24:29.471531+00:00", "RecordID": "285", "Level": "4", "UserID": "S-1-5-18"}
{"EventID": "4000", "Channel": "Microsoft-Windows-LanguagePackSetup/Operational", "Provider_Name": "Microsoft-Windows-LanguagePackSetup", "Computer": "DESKTOP-OFJ6N53", "TimeCreated": "2023-04-26 08:24:38.443745+00:00", "RecordID": "286", "Level": "4", "UserID": "S-1-5-18"}
{"EventID": "4001", "Channel": "Microsoft-Windows-LanguagePackSetup/Operational", "Provider_Name": "Microsoft-Windows-LanguagePackSetup", "Computer": "DESKTOP-OFJ6N53", "TimeCreated": "2023-04-26 08:24:50.509851+00:00", "RecordID": "287", "Level": "4", "UserID": "S-1-5-18"}
{"EventID": "4000", "Channel": "Microsoft-Windows-LanguagePackSetup/Operational", "Provider_Name": "Microsoft-Windows-LanguagePackSetup", "Computer": "DESKTOP-OFJ6N53", "TimeCreated": "2023-04-29 10:05:28.237505+00:00", "RecordID": "288", "Level": "4", "UserID": "S-1-5-18"}
{"EventID": "4001", "Channel": "Microsoft-Windows-LanguagePackSetup/Operational", "Provider_Name": "Microsoft-Windows-LanguagePackSetup", "Computer": "DESKTOP-OFJ6N53", "TimeCreated": "2023-04-29 10:05:31.977819+00:00", "RecordID": "289", "Level": "4", "UserID": "S-1-5-18"}
{"EventID": "4000", "Channel": "Microsoft-Windows-LanguagePackSetup/Operational", "Provider_Name": "Microsoft-Windows-LanguagePackSetup", "Computer": "DESKTOP-OFJ6N53", "TimeCreated": "2023-05-02 09:29:37.654697+00:00", "RecordID": "290", "Level": "4", "UserID": "S-1-5-18"}
{"EventID": "4001", "Channel": "Microsoft-Windows-LanguagePackSetup/Operational", "Provider_Name": "Microsoft-Windows-LanguagePackSetup", "Computer": "DESKTOP-OFJ6N53", "TimeCreated": "2023-05-02 09:29:39.726967+00:00", "RecordID": "291", "Level": "4", "UserID": "S-1-5-18"}
{"EventID": "4000", "Channel": "Microsoft-Windows-LanguagePackSetup/Operational", "Provider_Name": "Microsoft-Windows-LanguagePackSetup", "Computer": "DESKTOP-OFJ6N53", "TimeCreated": "2023-05-05 10:17:00.765936+00:00", "RecordID": "292", "Level": "4", "UserID": "S-1-5-18"}
{"EventID": "4001", "Channel": "Microsoft-Windows-LanguagePackSetup/Operational", "Provider_Name": "Microsoft-Windows-LanguagePackSetup", "Computer": "DESKTOP-OFJ6N53", "TimeCreated": "2023-05-05 10:17:01.450266+00:00", "RecordID": "293", "Level": "4", "UserID": "S-1-5-18"}
{"EventID": "4000", "Channel": "Microsoft-Windows-LanguagePackSetup/Operational", "Provider_Name": "Microsoft-Windows-LanguagePackSetup", "Computer": "DESKTOP-OFJ6N53", "TimeCreated": "2023-05-08 10:16:57.239904+00:00", "RecordID": "294", "Level": "4", "UserID": "S-1-5-18"}
{"EventID": "4001", "Channel": "Microsoft-Windows-LanguagePackSetup/Operational", "Provider_Name": "Microsoft-Windows-LanguagePackSetup", "Computer": "DESKTOP-OFJ6N53", "TimeCreated": "2023-05-08 10:16:58.389593+00:00", "RecordID": "295", "Level": "4", "UserID": "S-1-5-18"}
{"EventID": "4000", "Channel": "Microsoft-Windows-LanguagePackSetup/Operational", "Provider_Name": "Microsoft-Windows-LanguagePackSetup", "Computer": "DESKTOP-OFJ6N53", "TimeCreated": "2023-05-11 08:46:10.474440+00:00", "RecordID": "296", "Level": "4", "UserID": "S-1-5-18"}
{"EventID": "4001", "Channel": "Microsoft-Windows-LanguagePackSetup/Operational", "Provider_Name": "Microsoft-Windows-LanguagePackSetup", "Computer": "DESKTOP-OFJ6N53", "TimeCreated": "2023-05-11 08:46:11.867186+00:00", "RecordID": "297", "Level": "4", "UserID": "S-1-5-18"}
{"EventID": "4000", "Channel": "Microsoft-Windows-LanguagePackSetup/Operational", "Provider_Name": "Microsoft-Windows-LanguagePackSetup", "Computer": "DESKTOP-OFJ6N53", "TimeCreated": "2023-05-14 08:46:10.568455+00:00", "RecordID": "298", "Level": "4", "UserID": "S-1-5-18"}
{"EventID": "4001", "Channel": "Microsoft-Windows-LanguagePackSetup/Operational", "Provider_Name": "Microsoft-Windows-LanguagePackSetup", "Computer": "DESKTOP-OFJ6N53", "TimeCreated": "2023-05-14 08:46:11.394773+00:00", "RecordID": "299", "Level": "4", "UserID": "S-1-5-18"}
{"EventID": "4000", "Channel": "Microsoft-Windows-LanguagePackSetup/Operational", "Provider_Name": "Microsoft-Windows-LanguagePackSetup", "Computer": "DESKTOP-OFJ6N53", "TimeCreated": "2023-05-17 08:55:27.305449+00:00", "RecordID": "300", "Level": "4", "UserID": "S-1-5-18"}
{"EventID": "4001", "Channel": "Microsoft-Windows-LanguagePackSetup/Operational", "Provider_Name": "Microsoft-Windows-LanguagePackSetup", "Computer": "DESKTOP-OFJ6N53", "TimeCreated": "2023-05-17 08:55:33.944908+00:00", "RecordID": "301", "Level": "4", "UserID": "S-1-5-18"}
{"EventID": "4000", "Channel": "Microsoft-Windows-LanguagePackSetup/Operational", "Provider_Name": "Microsoft-Windows-LanguagePackSetup", "Computer": "DESKTOP-OFJ6N53", "TimeCreated": "2023-05-20 08:55:35.303457+00:00", "RecordID": "302", "Level": "4", "UserID": "S-1-5-18"}
{"EventID": "4001", "Channel": "Microsoft-Windows-LanguagePackSetup/Operational", "Provider_Name": "Microsoft-Windows-LanguagePackSetup", "Computer": "DESKTOP-OFJ6N53", "TimeCreated": "2023-05-20 08:55:35.837580+00:00", "RecordID": "303", "Level": "4", "UserID": "S-1-5-18"}
{"EventID": "4000", "Channel": "Microsoft-Windows-LanguagePackSetup/Operational", "Provider_Name": "Microsoft-Windows-LanguagePackSetup", "Computer": "DESKTOP-OFJ6N53", "TimeCreated": "2023-05-23 08:35:44.330719+00:00", "RecordID": "304", "Level": "4", "UserID": "S-1-5-18"}
{"EventID": "4001", "Channel": "Microsoft-Windows-LanguagePackSetup/Operational", "Provider_Name": "Microsoft-Windows-LanguagePackSetup", "Computer": "DESKTOP-OFJ6N53", "TimeCreated": "2023-05-23 08:35:44.947067+00:00", "RecordID": "305", "Level": "4", "UserID": "S-1-5-18"}
{"EventID": "4000", "Channel": "Microsoft-Windows-LanguagePackSetup/Operational", "Provider_Name": "Microsoft-Windows-LanguagePackSetup", "Computer": "DESKTOP-OFJ6N53", "TimeCreated": "2023-05-26 08:55:39.906771+00:00", "RecordID": "306", "Level": "4", "UserID": "S-1-5-18"}
{"EventID": "4001", "Channel": "Microsoft-Windows-LanguagePackSetup/Operational", "Provider_Name": "Microsoft-Windows-LanguagePackSetup", "Computer": "DESKTOP-OFJ6N53", "TimeCreated": "2023-05-26 08:55:41.055304+00:00", "RecordID": "307", "Level": "4", "UserID": "S-1-5-18"}
{"EventID": "4000", "Channel": "Microsoft-Windows-LanguagePackSetup/Operational", "Provider_Name": "Microsoft-Windows-LanguagePackSetup", "Computer": "DESKTOP-OFJ6N53", "TimeCreated": "2023-05-29 08:55:39.504116+00:00", "RecordID": "308", "Level": "4", "UserID": "S-1-5-18"}
{"EventID": "4001", "Channel": "Microsoft-Windows-LanguagePackSetup/Operational", "Provider_Name": "Microsoft-Windows-LanguagePackSetup", "Computer": "DESKTOP-OFJ6N53", "TimeCreated": "2023-05-29 08:55:40.446064+00:00", "RecordID": "309", "Level": "4", "UserID": "S-1-5-18"}
{"EventID": "4000", "Channel": "Microsoft-Windows-LanguagePackSetup/Operational", "Provider_Name": "Microsoft-Windows-LanguagePackSetup", "Computer": "DESKTOP-OFJ6N53", "TimeCreated": "2023-06-01 08:55:40.482985+00:00", "RecordID": "310", "Level": "4", "UserID": "S-1-5-18"}
{"EventID": "4001", "Channel": "Microsoft-Windows-LanguagePackSetup/Operational", "Provider_Name": "Microsoft-Windows-LanguagePackSetup", "Computer": "DESKTOP-OFJ6N53", "TimeCreated": "2023-06-01 08:55:43.863785+00:00", "RecordID": "311", "Level": "4", "UserID": "S-1-5-18"}
{"EventID": "4000", "Channel": "Microsoft-Windows-LanguagePackSetup/Operational", "Provider_Name": "Microsoft-Windows-LanguagePackSetup", "Computer": "DESKTOP-OFJ6N53", "TimeCreated": "2023-06-04 08:55:39.499615+00:00", "RecordID": "312", "Level": "4", "UserID": "S-1-5-18"}
{"EventID": "4001", "Channel": "Microsoft-Windows-LanguagePackSetup/Operational", "Provider_Name": "Microsoft-Windows-LanguagePackSetup", "Computer": "DESKTOP-OFJ6N53", "TimeCreated": "2023-06-04 08:55:41.136639+00:00", "RecordID": "313", "Level": "4", "UserID": "S-1-5-18"}
{"EventID": "4000", "Channel": "Microsoft-Windows-LanguagePackSetup/Operational", "Provider_Name": "Microsoft-Windows-LanguagePackSetup", "Computer": "DESKTOP-OFJ6N53", "TimeCreated": "2023-06-07 08:55:40.031324+00:00", "RecordID": "314", "Level": "4", "UserID": "S-1-5-18"}
{"EventID": "4001", "Channel": "Microsoft-Windows-LanguagePackSetup/Operational", "Provider_Name": "Microsoft-Windows-LanguagePackSetup", "Computer": "DESKTOP-OFJ6N53", "TimeCreated": "2023-06-07 08:56:11.400499+00:00", "RecordID": "315", "Level": "4", "UserID": "S-1-5-18"}
{"EventID": "4000", "Channel": "Microsoft-Windows-LanguagePackSetup/Operational", "Provider_Name": "Microsoft-Windows-LanguagePackSetup", "Computer": "DESKTOP-OFJ6N53", "TimeCreated": "2023-06-10 08:40:23.477886+00:00", "RecordID": "316", "Level": "4", "UserID": "S-1-5-18"}
{"EventID": "4001", "Channel": "Microsoft-Windows-LanguagePackSetup/Operational", "Provider_Name": "Microsoft-Windows-LanguagePackSetup", "Computer": "DESKTOP-OFJ6N53", "TimeCreated": "2023-06-10 08:40:26.568651+00:00", "RecordID": "317", "Level": "4", "UserID": "S-1-5-18"}
{"EventID": "4000", "Channel": "Microsoft-Windows-LanguagePackSetup/Operational", "Provider_Name": "Microsoft-Windows-LanguagePackSetup", "Computer": "DESKTOP-OFJ6N53", "TimeCreated": "2023-06-13 09:01:06.415464+00:00", "RecordID": "318", "Level": "4", "UserID": "S-1-5-18"}
{"EventID": "4001", "Channel": "Microsoft-Windows-LanguagePackSetup/Operational", "Provider_Name": "Microsoft-Windows-LanguagePackSetup", "Computer": "DESKTOP-OFJ6N53", "TimeCreated": "2023-06-13 09:01:08.124277+00:00", "RecordID": "319", "Level": "4", "UserID": "S-1-5-18"}
{"EventID": "4000", "Channel": "Microsoft-Windows-LanguagePackSetup/Operational", "Provider_Name": "Microsoft-Windows-LanguagePackSetup", "Computer": "DESKTOP-OFJ6N53", "TimeCreated": "2023-06-16 09:24:55.594099+00:00", "RecordID": "320", "Level": "4", "UserID": "S-1-5-18"}
{"EventID": "4001", "Channel": "Microsoft-Windows-LanguagePackSetup/Operational", "Provider_Name": "Microsoft-Windows-LanguagePackSetup", "Computer": "DESKTOP-OFJ6N53", "TimeCreated": "2023-06-16 09:24:58.206724+00:00", "RecordID": "321", "Level": "4", "UserID": "S-1-5-18"}
{"EventID": "4000", "Channel": "Microsoft-Windows-LanguagePackSetup/Operational", "Provider_Name": "Microsoft-Windows-LanguagePackSetup", "Computer": "DESKTOP-OFJ6N53", "TimeCreated": "2023-06-19 09:25:04.106932+00:00", "RecordID": "322", "Level": "4", "UserID": "S-1-5-18"}
{"EventID": "4001", "Channel": "Microsoft-Windows-LanguagePackSetup/Operational", "Provider_Name": "Microsoft-Windows-LanguagePackSetup", "Computer": "DESKTOP-OFJ6N53", "TimeCreated": "2023-06-19 09:25:07.081785+00:00", "RecordID": "323", "Level": "4", "UserID": "S-1-5-18"}
{"EventID": "4000", "Channel": "Microsoft-Windows-LanguagePackSetup/Operational", "Provider_Name": "Microsoft-Windows-LanguagePackSetup", "Computer": "DESKTOP-OFJ6N53", "TimeCreated": "2023-06-22 09:25:02.122690+00:00", "RecordID": "324", "Level": "4", "UserID": "S-1-5-18"}
{"EventID": "4001", "Channel": "Microsoft-Windows-LanguagePackSetup/Operational", "Provider_Name": "Microsoft-Windows-LanguagePackSetup", "Computer": "DESKTOP-OFJ6N53", "TimeCreated": "2023-06-22 09:25:04.633396+00:00", "RecordID": "325", "Level": "4", "UserID": "S-1-5-18"}
{"EventID": "4000", "Channel": "Microsoft-Windows-LanguagePackSetup/Operational", "Provider_Name": "Microsoft-Windows-LanguagePackSetup", "Computer": "DESKTOP-OFJ6N53", "TimeCreated": "2023-06-25 09:24:55.451969+00:00", "RecordID": "326", "Level": "4", "UserID": "S-1-5-18"}
{"EventID": "4001", "Channel": "Microsoft-Windows-LanguagePackSetup/Operational", "Provider_Name": "Microsoft-Windows-LanguagePackSetup", "Computer": "DESKTOP-OFJ6N53", "TimeCreated": "2023-06-25 09:24:58.237907+00:00", "RecordID": "327", "Level": "4", "UserID": "S-1-5-18"}
{"EventID": "4000", "Channel": "Microsoft-Windows-LanguagePackSetup/Operational", "Provider_Name": "Microsoft-Windows-LanguagePackSetup", "Computer": "DESKTOP-OFJ6N53", "TimeCreated": "2023-06-28 09:47:51.254868+00:00", "RecordID": "328", "Level": "4", "UserID": "S-1-5-18"}
{"EventID": "4001", "Channel": "Microsoft-Windows-LanguagePackSetup/Operational", "Provider_Name": "Microsoft-Windows-LanguagePackSetup", "Computer": "DESKTOP-OFJ6N53", "TimeCreated": "2023-06-28 09:47:56.526096+00:00", "RecordID": "329", "Level": "4", "UserID": "S-1-5-18"}
{"EventID": "4000", "Channel": "Microsoft-Windows-LanguagePackSetup/Operational", "Provider_Name": "Microsoft-Windows-LanguagePackSetup", "Computer": "DESKTOP-OFJ6N53", "TimeCreated": "2023-07-01 09:47:59.581562+00:00", "RecordID": "330", "Level": "4", "UserID": "S-1-5-18"}
{"EventID": "4001", "Channel": "Microsoft-Windows-LanguagePackSetup/Operational", "Provider_Name": "Microsoft-Windows-LanguagePackSetup", "Computer": "DESKTOP-OFJ6N53", "TimeCreated": "2023-07-01 09:48:01.683390+00:00", "RecordID": "331", "Level": "4", "UserID": "S-1-5-18"}
{"EventID": "4000", "Channel": "Microsoft-Windows-LanguagePackSetup/Operational", "Provider_Name": "Microsoft-Windows-LanguagePackSetup", "Computer": "DESKTOP-OFJ6N53", "TimeCreated": "2023-07-04 09:38:03.820879+00:00", "RecordID": "332", "Level": "4", "UserID": "S-1-5-18"}
{"EventID": "4001", "Channel": "Microsoft-Windows-LanguagePackSetup/Operational", "Provider_Name": "Microsoft-Windows-LanguagePackSetup", "Computer": "DESKTOP-OFJ6N53", "TimeCreated": "2023-07-04 09:38:05.844469+00:00", "RecordID": "333", "Level": "4", "UserID": "S-1-5-18"}
{"EventID": "4000", "Channel": "Microsoft-Windows-LanguagePackSetup/Operational", "Provider_Name": "Microsoft-Windows-LanguagePackSetup", "Computer": "DESKTOP-OFJ6N53", "TimeCreated": "2023-07-07 08:44:53.676374+00:00", "RecordID": "334", "Level": "4", "UserID": "S-1-5-18"}
{"EventID": "4001", "Channel": "Microsoft-Windows-LanguagePackSetup/Operational", "Provider_Name": "Microsoft-Windows-LanguagePackSetup", "Computer": "DESKTOP-OFJ6N53", "TimeCreated": "2023-07-07 08:44:58.034458+00:00", "RecordID": "335", "Level": "4", "UserID": "S-1-5-18"}
{"EventID": "4000", "Channel": "Microsoft-Windows-LanguagePackSetup/Operational", "Provider_Name": "Microsoft-Windows-LanguagePackSetup", "Computer": "DESKTOP-OFJ6N53", "TimeCreated": "2023-07-10 08:44:59.977369+00:00", "RecordID": "336", "Level": "4", "UserID": "S-1-5-18"}
{"EventID": "4001", "Channel": "Microsoft-Windows-LanguagePackSetup/Operational", "Provider_Name": "Microsoft-Windows-LanguagePackSetup", "Computer": "DESKTOP-OFJ6N53", "TimeCreated": "2023-07-10 08:45:03.407465+00:00", "RecordID": "337", "Level": "4", "UserID": "S-1-5-18"}
{"EventID": "4000", "Channel": "Microsoft-Windows-LanguagePackSetup/Operational", "Provider_Name": "Microsoft-Windows-LanguagePackSetup", "Computer": "DESKTOP-OFJ6N53", "TimeCreated": "2023-07-13 08:55:50.960644+00:00", "RecordID": "338", "Level": "4", "UserID": "S-1-5-18"}
{"EventID": "4001", "Channel": "Microsoft-Windows-LanguagePackSetup/Operational", "Provider_Name": "Microsoft-Windows-LanguagePackSetup", "Computer": "DESKTOP-OFJ6N53", "TimeCreated": "2023-07-13 08:55:53.379786+00:00", "RecordID": "339", "Level": "4", "UserID": "S-1-5-18"}
{"EventID": "4000", "Channel": "Microsoft-Windows-LanguagePackSetup/Operational", "Provider_Name": "Microsoft-Windows-LanguagePackSetup", "Computer": "DESKTOP-OFJ6N53", "TimeCreated": "2023-07-16 08:40:58.764280+00:00", "RecordID": "340", "Level": "4", "UserID": "S-1-5-18"}
{"EventID": "4001", "Channel": "Microsoft-Windows-LanguagePackSetup/Operational", "Provider_Name": "Microsoft-Windows-LanguagePackSetup", "Computer": "DESKTOP-OFJ6N53", "TimeCreated": "2023-07-16 08:40:59.294491+00:00", "RecordID": "341", "Level": "4", "UserID": "S-1-5-18"}
{"EventID": "4000", "Channel": "Microsoft-Windows-LanguagePackSetup/Operational", "Provider_Name": "Microsoft-Windows-LanguagePackSetup", "Computer": "DESKTOP-OFJ6N53", "TimeCreated": "2023-07-19 08:52:49.246290+00:00", "RecordID": "342", "Level": "4", "UserID": "S-1-5-18"}
{"EventID": "4001", "Channel": "Microsoft-Windows-LanguagePackSetup/Operational", "Provider_Name": "Microsoft-Windows-LanguagePackSetup", "Computer": "DESKTOP-OFJ6N53", "TimeCreated": "2023-07-19 08:52:49.962320+00:00", "RecordID": "343", "Level": "4", "UserID": "S-1-5-18"}
{"EventID": "4000", "Channel": "Microsoft-Windows-LanguagePackSetup/Operational", "Provider_Name": "Microsoft-Windows-LanguagePackSetup", "Computer": "DESKTOP-OFJ6N53", "TimeCreated": "2023-07-22 08:52:54.229147+00:00", "RecordID": "344", "Level": "4", "UserID": "S-1-5-18"}
{"EventID": "4001", "Channel": "Microsoft-Windows-LanguagePackSetup/Operational", "Provider_Name": "Microsoft-Windows-LanguagePackSetup", "Computer": "DESKTOP-OFJ6N53", "TimeCreated": "2023-07-22 08:52:54.849205+00:00", "RecordID": "345", "Level": "4", "UserID": "S-1-5-18"}
{"EventID": "4000", "Channel": "Microsoft-Windows-LanguagePackSetup/Operational", "Provider_Name": "Microsoft-Windows-LanguagePackSetup", "Computer": "DESKTOP-OFJ6N53", "TimeCreated": "2023-07-25 08:53:00.761288+00:00", "RecordID": "346", "Level": "4", "UserID": "S-1-5-18"}
{"EventID": "4001", "Channel": "Microsoft-Windows-LanguagePackSetup/Operational", "Provider_Name": "Microsoft-Windows-LanguagePackSetup", "Computer": "DESKTOP-OFJ6N53", "TimeCreated": "2023-07-25 08:53:02.686752+00:00", "RecordID": "347", "Level": "4", "UserID": "S-1-5-18"}
{"EventID": "4000", "Channel": "Microsoft-Windows-LanguagePackSetup/Operational", "Provider_Name": "Microsoft-Windows-LanguagePackSetup", "Computer": "DESKTOP-OFJ6N53", "TimeCreated": "2023-07-28 10:05:15.031406+00:00", "RecordID": "348", "Level": "4", "UserID": "S-1-5-18"}
{"EventID": "4001", "Channel": "Microsoft-Windows-LanguagePackSetup/Operational", "Provider_Name": "Microsoft-Windows-LanguagePackSetup", "Computer": "DESKTOP-OFJ6N53", "TimeCreated": "2023-07-28 10:05:15.628954+00:00", "RecordID": "349", "Level": "4", "UserID": "S-1-5-18"}
{"EventID": "4000", "Channel": "Microsoft-Windows-LanguagePackSetup/Operational", "Provider_Name": "Microsoft-Windows-LanguagePackSetup", "Computer": "DESKTOP-OFJ6N53", "TimeCreated": "2023-07-31 10:05:22.913534+00:00", "RecordID": "350", "Level": "4", "UserID": "S-1-5-18"}
{"EventID": "4001", "Channel": "Microsoft-Windows-LanguagePackSetup/Operational", "Provider_Name": "Microsoft-Windows-LanguagePackSetup", "Computer": "DESKTOP-OFJ6N53", "TimeCreated": "2023-07-31 10:05:23.366844+00:00", "RecordID": "351", "Level": "4", "UserID": "S-1-5-18"}
{"EventID": "4000", "Channel": "Microsoft-Windows-LanguagePackSetup/Operational", "Provider_Name": "Microsoft-Windows-LanguagePackSetup", "Computer": "DESKTOP-OFJ6N53", "TimeCreated": "2023-08-03 09:52:29.560312+00:00", "RecordID": "352", "Level": "4", "UserID": "S-1-5-18"}
{"EventID": "4001", "Channel": "Microsoft-Windows-LanguagePackSetup/Operational", "Provider_Name": "Microsoft-Windows-LanguagePackSetup", "Computer": "DESKTOP-OFJ6N53", "TimeCreated": "2023-08-03 09:52:30.087770+00:00", "RecordID": "353", "Level": "4", "UserID": "S-1-5-18"}
{"EventID": "4000", "Channel": "Microsoft-Windows-LanguagePackSetup/Operational", "Provider_Name": "Microsoft-Windows-LanguagePackSetup", "Computer": "DESKTOP-OFJ6N53", "TimeCreated": "2023-08-06 10:03:21.217770+00:00", "RecordID": "354", "Level": "4", "UserID": "S-1-5-18"}
{"EventID": "4001", "Channel": "Microsoft-Windows-LanguagePackSetup/Operational", "Provider_Name": "Microsoft-Windows-LanguagePackSetup", "Computer": "DESKTOP-OFJ6N53", "TimeCreated": "2023-08-06 10:03:23.042023+00:00", "RecordID": "355", "Level": "4", "UserID": "S-1-5-18"}
{"EventID": "4000", "Channel": "Microsoft-Windows-LanguagePackSetup/Operational", "Provider_Name": "Microsoft-Windows-LanguagePackSetup", "Computer": "DESKTOP-OFJ6N53", "TimeCreated": "2023-08-09 09:07:30.102942+00:00", "RecordID": "356", "Level": "4", "UserID": "S-1-5-18"}
{"EventID": "4001", "Channel": "Microsoft-Windows-LanguagePackSetup/Operational", "Provider_Name": "Microsoft-Windows-LanguagePackSetup", "Computer": "DESKTOP-OFJ6N53", "TimeCreated": "2023-08-09 09:07:34.456371+00:00", "RecordID": "357", "Level": "4", "UserID": "S-1-5-18"}
{"EventID": "4000", "Channel": "Microsoft-Windows-LanguagePackSetup/Operational", "Provider_Name": "Microsoft-Windows-LanguagePackSetup", "Computer": "DESKTOP-OFJ6N53", "TimeCreated": "2023-08-12 09:39:11.098192+00:00", "RecordID": "358", "Level": "4", "UserID": "S-1-5-18"}
{"EventID": "4001", "Channel": "Microsoft-Windows-LanguagePackSetup/Operational", "Provider_Name": "Microsoft-Windows-LanguagePackSetup", "Computer": "DESKTOP-OFJ6N53", "TimeCreated": "2023-08-12 09:39:11.656921+00:00", "RecordID": "359", "Level": "4", "UserID": "S-1-5-18"}
{"EventID": "4000", "Channel": "Microsoft-Windows-LanguagePackSetup/Operational", "Provider_Name": "Microsoft-Windows-LanguagePackSetup", "Computer": "DESKTOP-OFJ6N53", "TimeCreated": "2023-08-15 09:39:18.112823+00:00", "RecordID": "360", "Level": "4", "UserID": "S-1-5-18"}
{"EventID": "4001", "Channel": "Microsoft-Windows-LanguagePackSetup/Operational", "Provider_Name": "Microsoft-Windows-LanguagePackSetup", "Computer": "DESKTOP-OFJ6N53", "TimeCreated": "2023-08-15 09:39:18.780981+00:00", "RecordID": "361", "Level": "4", "UserID": "S-1-5-18"}
{"EventID": "4000", "Channel": "Microsoft-Windows-LanguagePackSetup/Operational", "Provider_Name": "Microsoft-Windows-LanguagePackSetup", "Computer": "DESKTOP-OFJ6N53", "TimeCreated": "2023-08-18 10:00:28.311771+00:00", "RecordID": "362", "Level": "4", "UserID": "S-1-5-18"}
{"EventID": "4001", "Channel": "Microsoft-Windows-LanguagePackSetup/Operational", "Provider_Name": "Microsoft-Windows-LanguagePackSetup", "Computer": "DESKTOP-OFJ6N53", "TimeCreated": "2023-08-18 10:00:29.189116+00:00", "RecordID": "363", "Level": "4", "UserID": "S-1-5-18"}
