{"EventID": "8025", "Channel": "Microsoft-Windows-HelloForBusiness/Operational", "Provider_Name": "Microsoft-Windows-HelloForBusiness", "Computer": "DESKTOP-OFJ6N53", "TimeCreated": "2023-08-22 10:10:54.029621+00:00", "RecordID": "1497", "Level": "16", "UserID": "S-1-5-18", "EventData.ServiceName": "Microsoft Passport"}
{"EventID": "8025", "Channel": "Microsoft-Windows-HelloForBusiness/Operational", "Provider_Name": "Microsoft-Windows-HelloForBusiness", "Computer": "DESKTOP-OFJ6N53", "TimeCreated": "2023-08-23 10:10:55.499784+00:00", "RecordID": "1498", "Level": "16", "UserID": "S-1-5-18", "EventData.ServiceName": "Microsoft Passport"}
{"EventID": "8025", "Channel": "Microsoft-Windows-HelloForBusiness/Operational", "Provider_Name": "Microsoft-Windows-HelloForBusiness", "Computer": "DESKTOP-OFJ6N53", "TimeCreated": "2023-08-24 10:10:57.093031+00:00", "RecordID": "1499", "Level": "16", "UserID": "S-1-5-18", "EventData.ServiceName": "Microsoft Passport"}
{"EventID": "8025", "Channel": "Microsoft-Windows-HelloForBusiness/Operational", "Provider_Name": "Microsoft-Windows-HelloForBusiness", "Computer": "DESKTOP-OFJ6N53", "TimeCreated": "2023-08-25 10:10:58.604979+00:00", "RecordID": "1500", "Level": "16", "UserID": "S-1-5-18", "EventData.ServiceName": "Microsoft Passport"}
{"EventID": "5520", "Channel": "Microsoft-Windows-HelloForBusiness/Operational", "Provider_Name": "Microsoft-Windows-HelloForBusiness", "Computer": "DESKTOP-OFJ6N53", "TimeCreated": "2023-08-25 13:13:21.492216+00:00", "RecordID": "1501", "Level": "4", "UserID": "S-1-5-18"}
{"EventID": "8025", "Channel": "Microsoft-Windows-HelloForBusiness/Operational", "Provider_Name": "Microsoft-Windows-HelloForBusiness", "Computer": "DESKTOP-OFJ6N53", "TimeCreated": "2023-08-25 13:13:32.404346+00:00", "RecordID": "1502", "Level": "16", "UserID": "S-1-5-18", "EventData.ServiceName": "Microsoft Passport"}
{"EventID": "8025", "Channel": "Microsoft-Windows-HelloForBusiness/Operational", "Provider_Name": "Microsoft-Windows-HelloForBusiness", "Computer": "DESKTOP-OFJ6N53", "TimeCreated": "2023-08-29 21:43:37.453018+00:00", "RecordID": "1503", "Level": "16", "UserID": "S-1-5-18", "EventData.ServiceName": "Microsoft Passport"}
{"EventID": "8025", "Channel": "Microsoft-Windows-HelloForBusiness/Operational", "Provider_Name": "Microsoft-Windows-HelloForBusiness", "Computer": "DESKTOP-OFJ6N53", "TimeCreated": "2023-08-29 22:45:15.643372+00:00", "RecordID": "1504", "Level": "16", "UserID": "S-1-5-19", "EventData.ServiceName": "Microsoft Passport Container"}
{"EventID": "5520", "Channel": "Microsoft-Windows-HelloForBusiness/Operational", "Provider_Name": "Microsoft-Windows-HelloForBusiness", "Computer": "DESKTOP-OFJ6N53", "TimeCreated": "2023-08-29 22:45:33.484407+00:00", "RecordID": "1505", "Level": "4", "UserID": "S-1-5-18"}
{"EventID": "3054", "Channel": "Microsoft-Windows-HelloForBusiness/Operational", "Provider_Name": "Microsoft-Windows-HelloForBusiness", "Computer": "DESKTOP-OFJ6N53", "TimeCreated": "2023-08-29 22:45:41.246475+00:00", "RecordID": "1506", "Level": "4", "UserID": "S-1-5-21-963789628-1060504924-4285088085-1001"}
{"EventID": "8210", "Channel": "Microsoft-Windows-HelloForBusiness/Operational", "Provider_Name": "Microsoft-Windows-HelloForBusiness", "Computer": "DESKTOP-OFJ6N53", "TimeCreated": "2023-08-29 22:45:41.246477+00:00", "RecordID": "1507", "Level": "16", "UserID": "S-1-5-21-963789628-1060504924-4285088085-1001"}
{"EventID": "7201", "Channel": "Microsoft-Windows-HelloForBusiness/Operational", "Provider_Name": "Microsoft-Windows-HelloForBusiness", "Computer": "DESKTOP-OFJ6N53", "TimeCreated": "2023-08-29 22:45:41.246477+00:00", "RecordID": "1508", "Level": "2", "UserID": "S-1-5-21-963789628-1060504924-4285088085-1001"}
{"EventID": "7054", "Channel": "Microsoft-Windows-HelloForBusiness/Operational", "Provider_Name": "Microsoft-Windows-HelloForBusiness", "Computer": "DESKTOP-OFJ6N53", "TimeCreated": "2023-08-29 22:45:41.246477+00:00", "RecordID": "1509", "Level": "2", "UserID": "S-1-5-21-963789628-1060504924-4285088085-1001", "EventData.Error": "0x00000001"}
{"EventID": "8025", "Channel": "Microsoft-Windows-HelloForBusiness/Operational", "Provider_Name": "Microsoft-Windows-HelloForBusiness", "Computer": "DESKTOP-OFJ6N53", "TimeCreated": "2023-08-30 22:55:58.166803+00:00", "RecordID": "1510", "Level": "16", "UserID": "S-1-5-18", "EventData.ServiceName": "Microsoft Passport"}
{"EventID": "8025", "Channel": "Microsoft-Windows-HelloForBusiness/Operational", "Provider_Name": "Microsoft-Windows-HelloForBusiness", "Computer": "DESKTOP-OFJ6N53", "TimeCreated": "2023-08-31 22:55:59.929304+00:00", "RecordID": "1511", "Level": "16", "UserID": "S-1-5-18", "EventData.ServiceName": "Microsoft Passport"}
{"EventID": "8025", "Channel": "Microsoft-Windows-HelloForBusiness/Operational", "Provider_Name": "Microsoft-Windows-HelloForBusiness", "Computer": "DESKTOP-OFJ6N53", "TimeCreated": "2023-09-01 22:56:01.459629+00:00", "RecordID": "1512", "Level": "16", "UserID": "S-1-5-18", "EventData.ServiceName": "Microsoft Passport"}
{"EventID": "8025", "Channel": "Microsoft-Windows-HelloForBusiness/Operational", "Provider_Name": "Microsoft-Windows-HelloForBusiness", "Computer": "DESKTOP-OFJ6N53", "TimeCreated": "2023-09-02 22:56:02.993904+00:00", "RecordID": "1513", "Level": "16", "UserID": "S-1-5-18", "EventData.ServiceName": "Microsoft Passport"}
{"EventID": "8025", "Channel": "Microsoft-Windows-HelloForBusiness/Operational", "Provider_Name": "Microsoft-Windows-HelloForBusiness", "Computer": "DESKTOP-OFJ6N53", "TimeCreated": "2023-09-03 22:56:04.514391+00:00", "RecordID": "1514", "Level": "16", "UserID": "S-1-5-18", "EventData.ServiceName": "Microsoft Passport"}
{"EventID": "5520", "Channel": "Microsoft-Windows-HelloForBusiness/Operational", "Provider_Name": "Microsoft-Windows-HelloForBusiness", "Computer": "DESKTOP-OFJ6N53", "TimeCreated": "2023-09-04 11:37:15.489460+00:00", "RecordID": "1515", "Level": "4", "UserID": "S-1-5-18"}
{"EventID": "8025", "Channel": "Microsoft-Windows-HelloForBusiness/Operational", "Provider_Name": "Microsoft-Windows-HelloForBusiness", "Computer": "DESKTOP-OFJ6N53", "TimeCreated": "2023-09-04 12:31:30.236719+00:00", "RecordID": "1516", "Level": "16", "UserID": "S-1-5-19", "EventData.ServiceName": "Microsoft Passport Container"}
{"EventID": "8025", "Channel": "Microsoft-Windows-HelloForBusiness/Operational", "Provider_Name": "Microsoft-Windows-HelloForBusiness", "Computer": "DESKTOP-OFJ6N53", "TimeCreated": "2023-09-04 14:37:02.975855+00:00", "RecordID": "1517", "Level": "16", "UserID": "S-1-5-19", "EventData.ServiceName": "Microsoft Passport Container"}
{"EventID": "5520", "Channel": "Microsoft-Windows-HelloForBusiness/Operational", "Provider_Name": "Microsoft-Windows-HelloForBusiness", "Computer": "DESKTOP-OFJ6N53", "TimeCreated": "2023-09-04 14:37:15.797663+00:00", "RecordID": "1518", "Level": "4", "UserID": "S-1-5-18"}
{"EventID": "3054", "Channel": "Microsoft-Windows-HelloForBusiness/Operational", "Provider_Name": "Microsoft-Windows-HelloForBusiness", "Computer": "DESKTOP-OFJ6N53", "TimeCreated": "2023-09-04 14:37:19.189882+00:00", "RecordID": "1519", "Level": "4", "UserID": "S-1-5-21-963789628-1060504924-4285088085-1001"}
{"EventID": "8210", "Channel": "Microsoft-Windows-HelloForBusiness/Operational", "Provider_Name": "Microsoft-Windows-HelloForBusiness", "Computer": "DESKTOP-OFJ6N53", "TimeCreated": "2023-09-04 14:37:19.189884+00:00", "RecordID": "1520", "Level": "16", "UserID": "S-1-5-21-963789628-1060504924-4285088085-1001"}
{"EventID": "7201", "Channel": "Microsoft-Windows-HelloForBusiness/Operational", "Provider_Name": "Microsoft-Windows-HelloForBusiness", "Computer": "DESKTOP-OFJ6N53", "TimeCreated": "2023-09-04 14:37:19.189884+00:00", "RecordID": "1521", "Level": "2", "UserID": "S-1-5-21-963789628-1060504924-4285088085-1001"}
{"EventID": "7054", "Channel": "Microsoft-Windows-HelloForBusiness/Operational", "Provider_Name": "Microsoft-Windows-HelloForBusiness", "Computer": "DESKTOP-OFJ6N53", "TimeCreated": "2023-09-04 14:37:19.189886+00:00", "RecordID": "1522", "Level": "2", "UserID": "S-1-5-21-963789628-1060504924-4285088085-1001", "EventData.Error": "0x00000001"}
{"EventID": "8025", "Channel": "Microsoft-Windows-HelloForBusiness/Operational", "Provider_Name": "Microsoft-Windows-HelloForBusiness", "Computer": "DESKTOP-OFJ6N53", "TimeCreated": "2023-09-05 10:08:36.904114+00:00", "RecordID": "1523", "Level": "16", "UserID": "S-1-5-18", "EventData.ServiceName": "Microsoft Passport"}
{"EventID": "8025", "Channel": "Microsoft-Windows-HelloForBusiness/Operational", "Provider_Name": "Microsoft-Windows-HelloForBusiness", "Computer": "DESKTOP-OFJ6N53", "TimeCreated": "2023-09-06 14:47:39.393284+00:00", "RecordID": "1524", "Level": "16", "UserID": "S-1-5-18", "EventData.ServiceName": "Microsoft Passport"}
{"EventID": "5520", "Channel": "Microsoft-Windows-HelloForBusiness/Operational", "Provider_Name": "Microsoft-Windows-HelloForBusiness", "Computer": "DESKTOP-OFJ6N53", "TimeCreated": "2023-09-07 11:18:52.374855+00:00", "RecordID": "1525", "Level": "4", "UserID": "S-1-5-18"}
{"EventID": "8025", "Channel": "Microsoft-Windows-HelloForBusiness/Operational", "Provider_Name": "Microsoft-Windows-HelloForBusiness", "Computer": "DESKTOP-OFJ6N53", "TimeCreated": "2023-09-07 14:47:40.892506+00:00", "RecordID": "1526", "Level": "16", "UserID": "S-1-5-18", "EventData.ServiceName": "Microsoft Passport"}
{"EventID": "8025", "Channel": "Microsoft-Windows-HelloForBusiness/Operational", "Provider_Name": "Microsoft-Windows-HelloForBusiness", "Computer": "DESKTOP-OFJ6N53", "TimeCreated": "2023-09-08 14:47:42.409151+00:00", "RecordID": "1527", "Level": "16", "UserID": "S-1-5-18", "EventData.ServiceName": "Microsoft Passport"}
{"EventID": "8025", "Channel": "Microsoft-Windows-HelloForBusiness/Operational", "Provider_Name": "Microsoft-Windows-HelloForBusiness", "Computer": "DESKTOP-OFJ6N53", "TimeCreated": "2023-09-09 14:47:43.943127+00:00", "RecordID": "1528", "Level": "16", "UserID": "S-1-5-18", "EventData.ServiceName": "Microsoft Passport"}
{"EventID": "8025", "Channel": "Microsoft-Windows-HelloForBusiness/Operational", "Provider_Name": "Microsoft-Windows-HelloForBusiness", "Computer": "DESKTOP-OFJ6N53", "TimeCreated": "2023-09-10 14:47:45.495127+00:00", "RecordID": "1529", "Level": "16", "UserID": "S-1-5-18", "EventData.ServiceName": "Microsoft Passport"}
{"EventID": "8025", "Channel": "Microsoft-Windows-HelloForBusiness/Operational", "Provider_Name": "Microsoft-Windows-HelloForBusiness", "Computer": "DESKTOP-OFJ6N53", "TimeCreated": "2023-09-11 14:47:47.007191+00:00", "RecordID": "1530", "Level": "16", "UserID": "S-1-5-18", "EventData.ServiceName": "Microsoft Passport"}
{"EventID": "8025", "Channel": "Microsoft-Windows-HelloForBusiness/Operational", "Provider_Name": "Microsoft-Windows-HelloForBusiness", "Computer": "DESKTOP-OFJ6N53", "TimeCreated": "2023-09-12 14:47:48.565386+00:00", "RecordID": "1531", "Level": "16", "UserID": "S-1-5-18", "EventData.ServiceName": "Microsoft Passport"}
{"EventID": "8025", "Channel": "Microsoft-Windows-HelloForBusiness/Operational", "Provider_Name": "Microsoft-Windows-HelloForBusiness", "Computer": "DESKTOP-OFJ6N53", "TimeCreated": "2023-09-13 14:36:40.092285+00:00", "RecordID": "1532", "Level": "16", "UserID": "S-1-5-19", "EventData.ServiceName": "Microsoft Passport Container"}
{"EventID": "5520", "Channel": "Microsoft-Windows-HelloForBusiness/Operational", "Provider_Name": "Microsoft-Windows-HelloForBusiness", "Computer": "DESKTOP-OFJ6N53", "TimeCreated": "2023-09-13 14:39:08.913647+00:00", "RecordID": "1533", "Level": "4", "UserID": "S-1-5-18"}
{"EventID": "3054", "Channel": "Microsoft-Windows-HelloForBusiness/Operational", "Provider_Name": "Microsoft-Windows-HelloForBusiness", "Computer": "DESKTOP-OFJ6N53", "TimeCreated": "2023-09-13 14:39:24.645258+00:00", "RecordID": "1534", "Level": "4", "UserID": "S-1-5-21-963789628-1060504924-4285088085-1001"}
{"EventID": "8210", "Channel": "Microsoft-Windows-HelloForBusiness/Operational", "Provider_Name": "Microsoft-Windows-HelloForBusiness", "Computer": "DESKTOP-OFJ6N53", "TimeCreated": "2023-09-13 14:39:24.645258+00:00", "RecordID": "1535", "Level": "16", "UserID": "S-1-5-21-963789628-1060504924-4285088085-1001"}
{"EventID": "7201", "Channel": "Microsoft-Windows-HelloForBusiness/Operational", "Provider_Name": "Microsoft-Windows-HelloForBusiness", "Computer": "DESKTOP-OFJ6N53", "TimeCreated": "2023-09-13 14:39:24.645258+00:00", "RecordID": "1536", "Level": "2", "UserID": "S-1-5-21-963789628-1060504924-4285088085-1001"}
{"EventID": "7054", "Channel": "Microsoft-Windows-HelloForBusiness/Operational", "Provider_Name": "Microsoft-Windows-HelloForBusiness", "Computer": "DESKTOP-OFJ6N53", "TimeCreated": "2023-09-13 14:39:24.645260+00:00", "RecordID": "1537", "Level": "2", "UserID": "S-1-5-21-963789628-1060504924-4285088085-1001", "EventData.Error": "0x00000001"}
{"EventID": "8025", "Channel": "Microsoft-Windows-HelloForBusiness/Operational", "Provider_Name": "Microsoft-Windows-HelloForBusiness", "Computer": "DESKTOP-OFJ6N53", "TimeCreated": "2023-09-13 14:39:40.979122+00:00", "RecordID": "1538", "Level": "16", "UserID": "S-1-5-18", "EventData.ServiceName": "Microsoft Passport"}
{"EventID": "8025", "Channel": "Microsoft-Windows-HelloForBusiness/Operational", "Provider_Name": "Microsoft-Windows-HelloForBusiness", "Computer": "DESKTOP-OFJ6N53", "TimeCreated": "2023-09-13 14:49:40.633509+00:00", "RecordID": "1539", "Level": "16", "UserID": "S-1-5-18", "EventData.ServiceName": "Microsoft Passport"}
{"EventID": "8025", "Channel": "Microsoft-Windows-HelloForBusiness/Operational", "Provider_Name": "Microsoft-Windows-HelloForBusiness", "Computer": "DESKTOP-OFJ6N53", "TimeCreated": "2023-09-14 14:49:41.705664+00:00", "RecordID": "1540", "Level": "16", "UserID": "S-1-5-18", "EventData.ServiceName": "Microsoft Passport"}
{"EventID": "8025", "Channel": "Microsoft-Windows-HelloForBusiness/Operational", "Provider_Name": "Microsoft-Windows-HelloForBusiness", "Computer": "DESKTOP-OFJ6N53", "TimeCreated": "2023-09-15 14:49:43.204763+00:00", "RecordID": "1541", "Level": "16", "UserID": "S-1-5-18", "EventData.ServiceName": "Microsoft Passport"}
{"EventID": "8025", "Channel": "Microsoft-Windows-HelloForBusiness/Operational", "Provider_Name": "Microsoft-Windows-HelloForBusiness", "Computer": "DESKTOP-OFJ6N53", "TimeCreated": "2023-09-16 14:49:44.767065+00:00", "RecordID": "1542", "Level": "16", "UserID": "S-1-5-18", "EventData.ServiceName": "Microsoft Passport"}
{"EventID": "8025", "Channel": "Microsoft-Windows-HelloForBusiness/Operational", "Provider_Name": "Microsoft-Windows-HelloForBusiness", "Computer": "DESKTOP-OFJ6N53", "TimeCreated": "2023-09-17 14:49:46.309418+00:00", "RecordID": "1543", "Level": "16", "UserID": "S-1-5-18", "EventData.ServiceName": "Microsoft Passport"}
{"EventID": "5520", "Channel": "Microsoft-Windows-HelloForBusiness/Operational", "Provider_Name": "Microsoft-Windows-HelloForBusiness", "Computer": "DESKTOP-OFJ6N53", "TimeCreated": "2023-09-18 11:51:07.707161+00:00", "RecordID": "1544", "Level": "4", "UserID": "S-1-5-18"}
{"EventID": "8025", "Channel": "Microsoft-Windows-HelloForBusiness/Operational", "Provider_Name": "Microsoft-Windows-HelloForBusiness", "Computer": "DESKTOP-OFJ6N53", "TimeCreated": "2023-09-18 11:52:40.281301+00:00", "RecordID": "1545", "Level": "16", "UserID": "S-1-5-18", "EventData.ServiceName": "Microsoft Passport"}
{"EventID": "8025", "Channel": "Microsoft-Windows-HelloForBusiness/Operational", "Provider_Name": "Microsoft-Windows-HelloForBusiness", "Computer": "DESKTOP-OFJ6N53", "TimeCreated": "2023-09-18 14:49:47.823931+00:00", "RecordID": "1546", "Level": "16", "UserID": "S-1-5-18", "EventData.ServiceName": "Microsoft Passport"}
{"EventID": "8025", "Channel": "Microsoft-Windows-HelloForBusiness/Operational", "Provider_Name": "Microsoft-Windows-HelloForBusiness", "Computer": "DESKTOP-OFJ6N53", "TimeCreated": "2023-09-19 14:49:49.361589+00:00", "RecordID": "1547", "Level": "16", "UserID": "S-1-5-18", "EventData.ServiceName": "Microsoft Passport"}
{"EventID": "8025", "Channel": "Microsoft-Windows-HelloForBusiness/Operational", "Provider_Name": "Microsoft-Windows-HelloForBusiness", "Computer": "DESKTOP-OFJ6N53", "TimeCreated": "2023-09-20 14:49:50.918331+00:00", "RecordID": "1548", "Level": "16", "UserID": "S-1-5-18", "EventData.ServiceName": "Microsoft Passport"}
{"EventID": "5520", "Channel": "Microsoft-Windows-HelloForBusiness/Operational", "Provider_Name": "Microsoft-Windows-HelloForBusiness", "Computer": "DESKTOP-OFJ6N53", "TimeCreated": "2023-09-20 15:08:53.056068+00:00", "RecordID": "1549", "Level": "4", "UserID": "S-1-5-18"}
{"EventID": "8025", "Channel": "Microsoft-Windows-HelloForBusiness/Operational", "Provider_Name": "Microsoft-Windows-HelloForBusiness", "Computer": "DESKTOP-OFJ6N53", "TimeCreated": "2023-09-20 15:09:12.572281+00:00", "RecordID": "1550", "Level": "16", "UserID": "S-1-5-18", "EventData.ServiceName": "Microsoft Passport"}
{"EventID": "8025", "Channel": "Microsoft-Windows-HelloForBusiness/Operational", "Provider_Name": "Microsoft-Windows-HelloForBusiness", "Computer": "DESKTOP-OFJ6N53", "TimeCreated": "2023-09-25 12:56:46.025114+00:00", "RecordID": "1551", "Level": "16", "UserID": "S-1-5-18", "EventData.ServiceName": "Microsoft Passport"}
{"EventID": "8025", "Channel": "Microsoft-Windows-HelloForBusiness/Operational", "Provider_Name": "Microsoft-Windows-HelloForBusiness", "Computer": "DESKTOP-OFJ6N53", "TimeCreated": "2023-09-25 12:56:48.055576+00:00", "RecordID": "1552", "Level": "16", "UserID": "S-1-5-19", "EventData.ServiceName": "Microsoft Passport Container"}
{"EventID": "8025", "Channel": "Microsoft-Windows-HelloForBusiness/Operational", "Provider_Name": "Microsoft-Windows-HelloForBusiness", "Computer": "DESKTOP-OFJ6N53", "TimeCreated": "2023-09-26 14:50:00.169807+00:00", "RecordID": "1553", "Level": "16", "UserID": "S-1-5-18", "EventData.ServiceName": "Microsoft Passport"}
{"EventID": "8025", "Channel": "Microsoft-Windows-HelloForBusiness/Operational", "Provider_Name": "Microsoft-Windows-HelloForBusiness", "Computer": "DESKTOP-OFJ6N53", "TimeCreated": "2023-09-27 14:50:01.713026+00:00", "RecordID": "1554", "Level": "16", "UserID": "S-1-5-18", "EventData.ServiceName": "Microsoft Passport"}
{"EventID": "8025", "Channel": "Microsoft-Windows-HelloForBusiness/Operational", "Provider_Name": "Microsoft-Windows-HelloForBusiness", "Computer": "DESKTOP-OFJ6N53", "TimeCreated": "2023-09-28 14:50:03.248297+00:00", "RecordID": "1555", "Level": "16", "UserID": "S-1-5-18", "EventData.ServiceName": "Microsoft Passport"}
{"EventID": "8025", "Channel": "Microsoft-Windows-HelloForBusiness/Operational", "Provider_Name": "Microsoft-Windows-HelloForBusiness", "Computer": "DESKTOP-OFJ6N53", "TimeCreated": "2023-09-29 14:50:04.811384+00:00", "RecordID": "1556", "Level": "16", "UserID": "S-1-5-18", "EventData.ServiceName": "Microsoft Passport"}
{"EventID": "8025", "Channel": "Microsoft-Windows-HelloForBusiness/Operational", "Provider_Name": "Microsoft-Windows-HelloForBusiness", "Computer": "DESKTOP-OFJ6N53", "TimeCreated": "2023-09-29 16:10:44.881207+00:00", "RecordID": "1557", "Level": "16", "UserID": "S-1-5-19", "EventData.ServiceName": "Microsoft Passport Container"}
{"EventID": "5520", "Channel": "Microsoft-Windows-HelloForBusiness/Operational", "Provider_Name": "Microsoft-Windows-HelloForBusiness", "Computer": "DESKTOP-OFJ6N53", "TimeCreated": "2023-09-29 16:11:17.930479+00:00", "RecordID": "1558", "Level": "4", "UserID": "S-1-5-18"}
{"EventID": "3054", "Channel": "Microsoft-Windows-HelloForBusiness/Operational", "Provider_Name": "Microsoft-Windows-HelloForBusiness", "Computer": "DESKTOP-OFJ6N53", "TimeCreated": "2023-09-29 16:11:29.677618+00:00", "RecordID": "1559", "Level": "4", "UserID": "S-1-5-21-963789628-1060504924-4285088085-1001"}
{"EventID": "8210", "Channel": "Microsoft-Windows-HelloForBusiness/Operational", "Provider_Name": "Microsoft-Windows-HelloForBusiness", "Computer": "DESKTOP-OFJ6N53", "TimeCreated": "2023-09-29 16:11:29.677618+00:00", "RecordID": "1560", "Level": "16", "UserID": "S-1-5-21-963789628-1060504924-4285088085-1001"}
{"EventID": "7201", "Channel": "Microsoft-Windows-HelloForBusiness/Operational", "Provider_Name": "Microsoft-Windows-HelloForBusiness", "Computer": "DESKTOP-OFJ6N53", "TimeCreated": "2023-09-29 16:11:29.677620+00:00", "RecordID": "1561", "Level": "2", "UserID": "S-1-5-21-963789628-1060504924-4285088085-1001"}
{"EventID": "7054", "Channel": "Microsoft-Windows-HelloForBusiness/Operational", "Provider_Name": "Microsoft-Windows-HelloForBusiness", "Computer": "DESKTOP-OFJ6N53", "TimeCreated": "2023-09-29 16:11:29.677622+00:00", "RecordID": "1562", "Level": "2", "UserID": "S-1-5-21-963789628-1060504924-4285088085-1001", "EventData.Error": "0x00000001"}
{"EventID": "8025", "Channel": "Microsoft-Windows-HelloForBusiness/Operational", "Provider_Name": "Microsoft-Windows-HelloForBusiness", "Computer": "DESKTOP-OFJ6N53", "TimeCreated": "2023-09-29 16:11:54.969543+00:00", "RecordID": "1563", "Level": "16", "UserID": "S-1-5-18", "EventData.ServiceName": "Microsoft Passport"}
{"EventID": "8025", "Channel": "Microsoft-Windows-HelloForBusiness/Operational", "Provider_Name": "Microsoft-Windows-HelloForBusiness", "Computer": "DESKTOP-OFJ6N53", "TimeCreated": "2023-09-30 16:21:52.756659+00:00", "RecordID": "1564", "Level": "16", "UserID": "S-1-5-18", "EventData.ServiceName": "Microsoft Passport"}
{"EventID": "8025", "Channel": "Microsoft-Windows-HelloForBusiness/Operational", "Provider_Name": "Microsoft-Windows-HelloForBusiness", "Computer": "DESKTOP-OFJ6N53", "TimeCreated": "2023-10-01 16:21:55.258142+00:00", "RecordID": "1565", "Level": "16", "UserID": "S-1-5-18", "EventData.ServiceName": "Microsoft Passport"}
{"EventID": "5520", "Channel": "Microsoft-Windows-HelloForBusiness/Operational", "Provider_Name": "Microsoft-Windows-HelloForBusiness", "Computer": "DESKTOP-OFJ6N53", "TimeCreated": "2023-10-02 12:52:33.298655+00:00", "RecordID": "1566", "Level": "4", "UserID": "S-1-5-18"}
{"EventID": "8025", "Channel": "Microsoft-Windows-HelloForBusiness/Operational", "Provider_Name": "Microsoft-Windows-HelloForBusiness", "Computer": "DESKTOP-OFJ6N53", "TimeCreated": "2023-10-02 19:44:42.383751+00:00", "RecordID": "1567", "Level": "16", "UserID": "S-1-5-18", "EventData.ServiceName": "Microsoft Passport"}
{"EventID": "8025", "Channel": "Microsoft-Windows-HelloForBusiness/Operational", "Provider_Name": "Microsoft-Windows-HelloForBusiness", "Computer": "DESKTOP-OFJ6N53", "TimeCreated": "2023-10-04 20:53:27.187904+00:00", "RecordID": "1568", "Level": "16", "UserID": "S-1-5-18", "EventData.ServiceName": "Microsoft Passport"}
{"EventID": "8025", "Channel": "Microsoft-Windows-HelloForBusiness/Operational", "Provider_Name": "Microsoft-Windows-HelloForBusiness", "Computer": "DESKTOP-OFJ6N53", "TimeCreated": "2023-10-06 09:16:49.251410+00:00", "RecordID": "1569", "Level": "16", "UserID": "S-1-5-18", "EventData.ServiceName": "Microsoft Passport"}
{"EventID": "8025", "Channel": "Microsoft-Windows-HelloForBusiness/Operational", "Provider_Name": "Microsoft-Windows-HelloForBusiness", "Computer": "DESKTOP-OFJ6N53", "TimeCreated": "2023-10-07 16:22:04.403419+00:00", "RecordID": "1570", "Level": "16", "UserID": "S-1-5-18", "EventData.ServiceName": "Microsoft Passport"}
{"EventID": "8025", "Channel": "Microsoft-Windows-HelloForBusiness/Operational", "Provider_Name": "Microsoft-Windows-HelloForBusiness", "Computer": "DESKTOP-OFJ6N53", "TimeCreated": "2023-10-08 16:22:06.033318+00:00", "RecordID": "1571", "Level": "16", "UserID": "S-1-5-18", "EventData.ServiceName": "Microsoft Passport"}
{"EventID": "8025", "Channel": "Microsoft-Windows-HelloForBusiness/Operational", "Provider_Name": "Microsoft-Windows-HelloForBusiness", "Computer": "DESKTOP-OFJ6N53", "TimeCreated": "2023-10-09 16:22:07.461128+00:00", "RecordID": "1572", "Level": "16", "UserID": "S-1-5-18", "EventData.ServiceName": "Microsoft Passport"}
{"EventID": "5520", "Channel": "Microsoft-Windows-HelloForBusiness/Operational", "Provider_Name": "Microsoft-Windows-HelloForBusiness", "Computer": "DESKTOP-OFJ6N53", "TimeCreated": "2023-10-10 09:38:10.647619+00:00", "RecordID": "1573", "Level": "4", "UserID": "S-1-5-18"}
{"EventID": "8025", "Channel": "Microsoft-Windows-HelloForBusiness/Operational", "Provider_Name": "Microsoft-Windows-HelloForBusiness", "Computer": "DESKTOP-OFJ6N53", "TimeCreated": "2023-10-12 09:56:39.430248+00:00", "RecordID": "1574", "Level": "16", "UserID": "S-1-5-18", "EventData.ServiceName": "Microsoft Passport"}
{"EventID": "8025", "Channel": "Microsoft-Windows-HelloForBusiness/Operational", "Provider_Name": "Microsoft-Windows-HelloForBusiness", "Computer": "DESKTOP-OFJ6N53", "TimeCreated": "2023-10-12 13:52:42.138926+00:00", "RecordID": "1575", "Level": "16", "UserID": "S-1-5-19", "EventData.ServiceName": "Microsoft Passport Container"}
{"EventID": "5520", "Channel": "Microsoft-Windows-HelloForBusiness/Operational", "Provider_Name": "Microsoft-Windows-HelloForBusiness", "Computer": "DESKTOP-OFJ6N53", "TimeCreated": "2023-10-12 14:32:40.451178+00:00", "RecordID": "1576", "Level": "4", "UserID": "S-1-5-21-963789628-1060504924-4285088085-1001"}
{"EventID": "8025", "Channel": "Microsoft-Windows-HelloForBusiness/Operational", "Provider_Name": "Microsoft-Windows-HelloForBusiness", "Computer": "DESKTOP-OFJ6N53", "TimeCreated": "2023-10-12 16:55:31.866068+00:00", "RecordID": "1577", "Level": "16", "UserID": "S-1-5-19", "EventData.ServiceName": "Microsoft Passport Container"}
{"EventID": "5520", "Channel": "Microsoft-Windows-HelloForBusiness/Operational", "Provider_Name": "Microsoft-Windows-HelloForBusiness", "Computer": "DESKTOP-OFJ6N53", "TimeCreated": "2023-10-12 16:58:10.167528+00:00", "RecordID": "1578", "Level": "4", "UserID": "S-1-5-18"}
{"EventID": "3054", "Channel": "Microsoft-Windows-HelloForBusiness/Operational", "Provider_Name": "Microsoft-Windows-HelloForBusiness", "Computer": "DESKTOP-OFJ6N53", "TimeCreated": "2023-10-12 16:58:37.001759+00:00", "RecordID": "1579", "Level": "4", "UserID": "S-1-5-21-963789628-1060504924-4285088085-1001"}
{"EventID": "8210", "Channel": "Microsoft-Windows-HelloForBusiness/Operational", "Provider_Name": "Microsoft-Windows-HelloForBusiness", "Computer": "DESKTOP-OFJ6N53", "TimeCreated": "2023-10-12 16:58:37.001759+00:00", "RecordID": "1580", "Level": "16", "UserID": "S-1-5-21-963789628-1060504924-4285088085-1001"}
{"EventID": "7201", "Channel": "Microsoft-Windows-HelloForBusiness/Operational", "Provider_Name": "Microsoft-Windows-HelloForBusiness", "Computer": "DESKTOP-OFJ6N53", "TimeCreated": "2023-10-12 16:58:37.001760+00:00", "RecordID": "1581", "Level": "2", "UserID": "S-1-5-21-963789628-1060504924-4285088085-1001"}
{"EventID": "7054", "Channel": "Microsoft-Windows-HelloForBusiness/Operational", "Provider_Name": "Microsoft-Windows-HelloForBusiness", "Computer": "DESKTOP-OFJ6N53", "TimeCreated": "2023-10-12 16:58:37.001760+00:00", "RecordID": "1582", "Level": "2", "UserID": "S-1-5-21-963789628-1060504924-4285088085-1001", "EventData.Error": "0x00000001"}
{"EventID": "8025", "Channel": "Microsoft-Windows-HelloForBusiness/Operational", "Provider_Name": "Microsoft-Windows-HelloForBusiness", "Computer": "DESKTOP-OFJ6N53", "TimeCreated": "2023-10-12 16:58:53.146767+00:00", "RecordID": "1583", "Level": "16", "UserID": "S-1-5-18", "EventData.ServiceName": "Microsoft Passport"}
{"EventID": "8025", "Channel": "Microsoft-Windows-HelloForBusiness/Operational", "Provider_Name": "Microsoft-Windows-HelloForBusiness", "Computer": "DESKTOP-OFJ6N53", "TimeCreated": "2023-10-12 17:08:53.016489+00:00", "RecordID": "1584", "Level": "16", "UserID": "S-1-5-18", "EventData.ServiceName": "Microsoft Passport"}
{"EventID": "5520", "Channel": "Microsoft-Windows-HelloForBusiness/Operational", "Provider_Name": "Microsoft-Windows-HelloForBusiness", "Computer": "DESKTOP-OFJ6N53", "TimeCreated": "2023-10-13 09:13:29.655167+00:00", "RecordID": "1585", "Level": "4", "UserID": "S-1-5-18"}
{"EventID": "8025", "Channel": "Microsoft-Windows-HelloForBusiness/Operational", "Provider_Name": "Microsoft-Windows-HelloForBusiness", "Computer": "DESKTOP-OFJ6N53", "TimeCreated": "2023-10-16 07:23:34.526911+00:00", "RecordID": "1586", "Level": "16", "UserID": "S-1-5-18", "EventData.ServiceName": "Microsoft Passport"}
{"EventID": "5520", "Channel": "Microsoft-Windows-HelloForBusiness/Operational", "Provider_Name": "Microsoft-Windows-HelloForBusiness", "Computer": "DESKTOP-OFJ6N53", "TimeCreated": "2023-10-16 07:29:48.879623+00:00", "RecordID": "1587", "Level": "4", "UserID": "S-1-5-18"}
{"EventID": "8025", "Channel": "Microsoft-Windows-HelloForBusiness/Operational", "Provider_Name": "Microsoft-Windows-HelloForBusiness", "Computer": "DESKTOP-OFJ6N53", "TimeCreated": "2023-10-16 17:08:58.796631+00:00", "RecordID": "1588", "Level": "16", "UserID": "S-1-5-18", "EventData.ServiceName": "Microsoft Passport"}
{"EventID": "5520", "Channel": "Microsoft-Windows-HelloForBusiness/Operational", "Provider_Name": "Microsoft-Windows-HelloForBusiness", "Computer": "DESKTOP-OFJ6N53", "TimeCreated": "2023-10-17 10:53:05.976093+00:00", "RecordID": "1589", "Level": "4", "UserID": "S-1-5-18"}
{"EventID": "8025", "Channel": "Microsoft-Windows-HelloForBusiness/Operational", "Provider_Name": "Microsoft-Windows-HelloForBusiness", "Computer": "DESKTOP-OFJ6N53", "TimeCreated": "2023-10-17 10:55:21.927010+00:00", "RecordID": "1590", "Level": "16", "UserID": "S-1-5-18", "EventData.ServiceName": "Microsoft Passport"}
{"EventID": "5520", "Channel": "Microsoft-Windows-HelloForBusiness/Operational", "Provider_Name": "Microsoft-Windows-HelloForBusiness", "Computer": "DESKTOP-OFJ6N53", "TimeCreated": "2023-10-17 10:56:58.434000+00:00", "RecordID": "1591", "Level": "4", "UserID": "S-1-5-18"}
{"EventID": "5520", "Channel": "Microsoft-Windows-HelloForBusiness/Operational", "Provider_Name": "Microsoft-Windows-HelloForBusiness", "Computer": "DESKTOP-OFJ6N53", "TimeCreated": "2023-10-17 13:00:19.754967+00:00", "RecordID": "1592", "Level": "4", "UserID": "S-1-5-18"}
{"EventID": "8025", "Channel": "Microsoft-Windows-HelloForBusiness/Operational", "Provider_Name": "Microsoft-Windows-HelloForBusiness", "Computer": "DESKTOP-OFJ6N53", "TimeCreated": "2023-10-18 18:07:47.125458+00:00", "RecordID": "1593", "Level": "16", "UserID": "S-1-5-18", "EventData.ServiceName": "Microsoft Passport"}
{"EventID": "5520", "Channel": "Microsoft-Windows-HelloForBusiness/Operational", "Provider_Name": "Microsoft-Windows-HelloForBusiness", "Computer": "DESKTOP-OFJ6N53", "TimeCreated": "2023-10-18 18:14:47.211842+00:00", "RecordID": "1594", "Level": "4", "UserID": "S-1-5-18"}
{"EventID": "8025", "Channel": "Microsoft-Windows-HelloForBusiness/Operational", "Provider_Name": "Microsoft-Windows-HelloForBusiness", "Computer": "DESKTOP-OFJ6N53", "TimeCreated": "2023-10-19 17:09:03.245489+00:00", "RecordID": "1595", "Level": "16", "UserID": "S-1-5-18", "EventData.ServiceName": "Microsoft Passport"}
{"EventID": "8025", "Channel": "Microsoft-Windows-HelloForBusiness/Operational", "Provider_Name": "Microsoft-Windows-HelloForBusiness", "Computer": "DESKTOP-OFJ6N53", "TimeCreated": "2023-10-20 17:09:04.767660+00:00", "RecordID": "1596", "Level": "16", "UserID": "S-1-5-18", "EventData.ServiceName": "Microsoft Passport"}
{"EventID": "8025", "Channel": "Microsoft-Windows-HelloForBusiness/Operational", "Provider_Name": "Microsoft-Windows-HelloForBusiness", "Computer": "DESKTOP-OFJ6N53", "TimeCreated": "2023-10-21 17:09:05.994013+00:00", "RecordID": "1597", "Level": "16", "UserID": "S-1-5-18", "EventData.ServiceName": "Microsoft Passport"}
{"EventID": "8025", "Channel": "Microsoft-Windows-HelloForBusiness/Operational", "Provider_Name": "Microsoft-Windows-HelloForBusiness", "Computer": "DESKTOP-OFJ6N53", "TimeCreated": "2023-10-22 17:09:07.855452+00:00", "RecordID": "1598", "Level": "16", "UserID": "S-1-5-18", "EventData.ServiceName": "Microsoft Passport"}
{"EventID": "8025", "Channel": "Microsoft-Windows-HelloForBusiness/Operational", "Provider_Name": "Microsoft-Windows-HelloForBusiness", "Computer": "DESKTOP-OFJ6N53", "TimeCreated": "2023-10-23 17:09:09.135433+00:00", "RecordID": "1599", "Level": "16", "UserID": "S-1-5-18", "EventData.ServiceName": "Microsoft Passport"}
{"EventID": "5520", "Channel": "Microsoft-Windows-HelloForBusiness/Operational", "Provider_Name": "Microsoft-Windows-HelloForBusiness", "Computer": "DESKTOP-OFJ6N53", "TimeCreated": "2023-10-24 16:16:54.964930+00:00", "RecordID": "1600", "Level": "4", "UserID": "S-1-5-18"}
{"EventID": "8025", "Channel": "Microsoft-Windows-HelloForBusiness/Operational", "Provider_Name": "Microsoft-Windows-HelloForBusiness", "Computer": "DESKTOP-OFJ6N53", "TimeCreated": "2023-10-24 17:23:15.244888+00:00", "RecordID": "1601", "Level": "16", "UserID": "S-1-5-18", "EventData.ServiceName": "Microsoft Passport"}
{"EventID": "8025", "Channel": "Microsoft-Windows-HelloForBusiness/Operational", "Provider_Name": "Microsoft-Windows-HelloForBusiness", "Computer": "DESKTOP-OFJ6N53", "TimeCreated": "2023-10-27 11:42:53.757875+00:00", "RecordID": "1602", "Level": "16", "UserID": "S-1-5-18", "EventData.ServiceName": "Microsoft Passport"}
{"EventID": "8025", "Channel": "Microsoft-Windows-HelloForBusiness/Operational", "Provider_Name": "Microsoft-Windows-HelloForBusiness", "Computer": "DESKTOP-OFJ6N53", "TimeCreated": "2023-10-27 14:40:42.682634+00:00", "RecordID": "1603", "Level": "16", "UserID": "S-1-5-19", "EventData.ServiceName": "Microsoft Passport Container"}
{"EventID": "5520", "Channel": "Microsoft-Windows-HelloForBusiness/Operational", "Provider_Name": "Microsoft-Windows-HelloForBusiness", "Computer": "DESKTOP-OFJ6N53", "TimeCreated": "2023-10-27 14:41:25.219822+00:00", "RecordID": "1604", "Level": "4", "UserID": "S-1-5-18"}
{"EventID": "3054", "Channel": "Microsoft-Windows-HelloForBusiness/Operational", "Provider_Name": "Microsoft-Windows-HelloForBusiness", "Computer": "DESKTOP-OFJ6N53", "TimeCreated": "2023-10-27 14:41:39.060234+00:00", "RecordID": "1605", "Level": "4", "UserID": "S-1-5-21-963789628-1060504924-4285088085-1001"}
{"EventID": "8210", "Channel": "Microsoft-Windows-HelloForBusiness/Operational", "Provider_Name": "Microsoft-Windows-HelloForBusiness", "Computer": "DESKTOP-OFJ6N53", "TimeCreated": "2023-10-27 14:41:39.060236+00:00", "RecordID": "1606", "Level": "16", "UserID": "S-1-5-21-963789628-1060504924-4285088085-1001"}
{"EventID": "7201", "Channel": "Microsoft-Windows-HelloForBusiness/Operational", "Provider_Name": "Microsoft-Windows-HelloForBusiness", "Computer": "DESKTOP-OFJ6N53", "TimeCreated": "2023-10-27 14:41:39.060236+00:00", "RecordID": "1607", "Level": "2", "UserID": "S-1-5-21-963789628-1060504924-4285088085-1001"}
{"EventID": "7054", "Channel": "Microsoft-Windows-HelloForBusiness/Operational", "Provider_Name": "Microsoft-Windows-HelloForBusiness", "Computer": "DESKTOP-OFJ6N53", "TimeCreated": "2023-10-27 14:41:39.060238+00:00", "RecordID": "1608", "Level": "2", "UserID": "S-1-5-21-963789628-1060504924-4285088085-1001", "EventData.Error": "0x00000001"}
{"EventID": "8025", "Channel": "Microsoft-Windows-HelloForBusiness/Operational", "Provider_Name": "Microsoft-Windows-HelloForBusiness", "Computer": "DESKTOP-OFJ6N53", "TimeCreated": "2023-10-28 14:52:10.567997+00:00", "RecordID": "1609", "Level": "16", "UserID": "S-1-5-18", "EventData.ServiceName": "Microsoft Passport"}
{"EventID": "8025", "Channel": "Microsoft-Windows-HelloForBusiness/Operational", "Provider_Name": "Microsoft-Windows-HelloForBusiness", "Computer": "DESKTOP-OFJ6N53", "TimeCreated": "2023-10-29 14:52:12.091179+00:00", "RecordID": "1610", "Level": "16", "UserID": "S-1-5-18", "EventData.ServiceName": "Microsoft Passport"}
{"EventID": "8025", "Channel": "Microsoft-Windows-HelloForBusiness/Operational", "Provider_Name": "Microsoft-Windows-HelloForBusiness", "Computer": "DESKTOP-OFJ6N53", "TimeCreated": "2023-10-30 14:52:13.644674+00:00", "RecordID": "1611", "Level": "16", "UserID": "S-1-5-18", "EventData.ServiceName": "Microsoft Passport"}
{"EventID": "8025", "Channel": "Microsoft-Windows-HelloForBusiness/Operational", "Provider_Name": "Microsoft-Windows-HelloForBusiness", "Computer": "DESKTOP-OFJ6N53", "TimeCreated": "2023-10-31 14:52:15.183352+00:00", "RecordID": "1612", "Level": "16", "UserID": "S-1-5-18", "EventData.ServiceName": "Microsoft Passport"}
{"EventID": "8025", "Channel": "Microsoft-Windows-HelloForBusiness/Operational", "Provider_Name": "Microsoft-Windows-HelloForBusiness", "Computer": "DESKTOP-OFJ6N53", "TimeCreated": "2023-11-01 14:52:16.773609+00:00", "RecordID": "1613", "Level": "16", "UserID": "S-1-5-18", "EventData.ServiceName": "Microsoft Passport"}
{"EventID": "5520", "Channel": "Microsoft-Windows-HelloForBusiness/Operational", "Provider_Name": "Microsoft-Windows-HelloForBusiness", "Computer": "DESKTOP-OFJ6N53", "TimeCreated": "2023-11-02 14:00:13.002861+00:00", "RecordID": "1614", "Level": "4", "UserID": "S-1-5-18"}
{"EventID": "8025", "Channel": "Microsoft-Windows-HelloForBusiness/Operational", "Provider_Name": "Microsoft-Windows-HelloForBusiness", "Computer": "DESKTOP-OFJ6N53", "TimeCreated": "2023-11-03 05:31:53.048985+00:00", "RecordID": "1615", "Level": "16", "UserID": "S-1-5-18", "EventData.ServiceName": "Microsoft Passport"}
{"EventID": "8025", "Channel": "Microsoft-Windows-HelloForBusiness/Operational", "Provider_Name": "Microsoft-Windows-HelloForBusiness", "Computer": "DESKTOP-OFJ6N53", "TimeCreated": "2023-11-03 14:23:37.881027+00:00", "RecordID": "1616", "Level": "16", "UserID": "S-1-5-19", "EventData.ServiceName": "Microsoft Passport Container"}
{"EventID": "8025", "Channel": "Microsoft-Windows-HelloForBusiness/Operational", "Provider_Name": "Microsoft-Windows-HelloForBusiness", "Computer": "DESKTOP-OFJ6N53", "TimeCreated": "2023-11-05 19:55:14.098091+00:00", "RecordID": "1617", "Level": "16", "UserID": "S-1-5-18", "EventData.ServiceName": "Microsoft Passport"}
{"EventID": "8025", "Channel": "Microsoft-Windows-HelloForBusiness/Operational", "Provider_Name": "Microsoft-Windows-HelloForBusiness", "Computer": "DESKTOP-OFJ6N53", "TimeCreated": "2023-11-08 12:41:49.724949+00:00", "RecordID": "1618", "Level": "16", "UserID": "S-1-5-18", "EventData.ServiceName": "Microsoft Passport"}
{"EventID": "8025", "Channel": "Microsoft-Windows-HelloForBusiness/Operational", "Provider_Name": "Microsoft-Windows-HelloForBusiness", "Computer": "DESKTOP-OFJ6N53", "TimeCreated": "2023-11-08 12:41:51.556793+00:00", "RecordID": "1619", "Level": "16", "UserID": "S-1-5-19", "EventData.ServiceName": "Microsoft Passport Container"}
{"EventID": "8025", "Channel": "Microsoft-Windows-HelloForBusiness/Operational", "Provider_Name": "Microsoft-Windows-HelloForBusiness", "Computer": "DESKTOP-OFJ6N53", "TimeCreated": "2023-11-09 15:22:07.189854+00:00", "RecordID": "1620", "Level": "16", "UserID": "S-1-5-19", "EventData.ServiceName": "Microsoft Passport Container"}
{"EventID": "8025", "Channel": "Microsoft-Windows-HelloForBusiness/Operational", "Provider_Name": "Microsoft-Windows-HelloForBusiness", "Computer": "DESKTOP-OFJ6N53", "TimeCreated": "2023-11-10 06:21:18.847631+00:00", "RecordID": "1621", "Level": "16", "UserID": "S-1-5-18", "EventData.ServiceName": "Microsoft Passport"}
{"EventID": "8025", "Channel": "Microsoft-Windows-HelloForBusiness/Operational", "Provider_Name": "Microsoft-Windows-HelloForBusiness", "Computer": "DESKTOP-OFJ6N53", "TimeCreated": "2023-11-10 06:21:20.876308+00:00", "RecordID": "1622", "Level": "16", "UserID": "S-1-5-19", "EventData.ServiceName": "Microsoft Passport Container"}
{"EventID": "8025", "Channel": "Microsoft-Windows-HelloForBusiness/Operational", "Provider_Name": "Microsoft-Windows-HelloForBusiness", "Computer": "DESKTOP-OFJ6N53", "TimeCreated": "2023-11-11 07:53:24.702019+00:00", "RecordID": "1623", "Level": "16", "UserID": "S-1-5-18", "EventData.ServiceName": "Microsoft Passport"}
{"EventID": "8025", "Channel": "Microsoft-Windows-HelloForBusiness/Operational", "Provider_Name": "Microsoft-Windows-HelloForBusiness", "Computer": "DESKTOP-OFJ6N53", "TimeCreated": "2023-11-11 07:53:26.760040+00:00", "RecordID": "1624", "Level": "16", "UserID": "S-1-5-19", "EventData.ServiceName": "Microsoft Passport Container"}
{"EventID": "8025", "Channel": "Microsoft-Windows-HelloForBusiness/Operational", "Provider_Name": "Microsoft-Windows-HelloForBusiness", "Computer": "DESKTOP-OFJ6N53", "TimeCreated": "2023-11-13 16:46:10.329281+00:00", "RecordID": "1625", "Level": "16", "UserID": "S-1-5-18", "EventData.ServiceName": "Microsoft Passport"}
{"EventID": "8025", "Channel": "Microsoft-Windows-HelloForBusiness/Operational", "Provider_Name": "Microsoft-Windows-HelloForBusiness", "Computer": "DESKTOP-OFJ6N53", "TimeCreated": "2023-11-13 16:46:12.422993+00:00", "RecordID": "1626", "Level": "16", "UserID": "S-1-5-19", "EventData.ServiceName": "Microsoft Passport Container"}
{"EventID": "8025", "Channel": "Microsoft-Windows-HelloForBusiness/Operational", "Provider_Name": "Microsoft-Windows-HelloForBusiness", "Computer": "DESKTOP-OFJ6N53", "TimeCreated": "2023-11-16 12:11:41.479219+00:00", "RecordID": "1627", "Level": "16", "UserID": "S-1-5-18", "EventData.ServiceName": "Microsoft Passport"}
{"EventID": "8025", "Channel": "Microsoft-Windows-HelloForBusiness/Operational", "Provider_Name": "Microsoft-Windows-HelloForBusiness", "Computer": "DESKTOP-OFJ6N53", "TimeCreated": "2023-11-20 14:06:33.711267+00:00", "RecordID": "1628", "Level": "16", "UserID": "S-1-5-18", "EventData.ServiceName": "Microsoft Passport"}
{"EventID": "8025", "Channel": "Microsoft-Windows-HelloForBusiness/Operational", "Provider_Name": "Microsoft-Windows-HelloForBusiness", "Computer": "DESKTOP-OFJ6N53", "TimeCreated": "2023-11-20 14:06:35.757462+00:00", "RecordID": "1629", "Level": "16", "UserID": "S-1-5-19", "EventData.ServiceName": "Microsoft Passport Container"}
{"EventID": "8025", "Channel": "Microsoft-Windows-HelloForBusiness/Operational", "Provider_Name": "Microsoft-Windows-HelloForBusiness", "Computer": "DESKTOP-OFJ6N53", "TimeCreated": "2023-11-20 15:05:40.669594+00:00", "RecordID": "1630", "Level": "16", "UserID": "S-1-5-19", "EventData.ServiceName": "Microsoft Passport Container"}
{"EventID": "5520", "Channel": "Microsoft-Windows-HelloForBusiness/Operational", "Provider_Name": "Microsoft-Windows-HelloForBusiness", "Computer": "DESKTOP-OFJ6N53", "TimeCreated": "2023-11-20 15:11:40.922121+00:00", "RecordID": "1631", "Level": "4", "UserID": "S-1-5-18"}
{"EventID": "3054", "Channel": "Microsoft-Windows-HelloForBusiness/Operational", "Provider_Name": "Microsoft-Windows-HelloForBusiness", "Computer": "DESKTOP-OFJ6N53", "TimeCreated": "2023-11-20 15:12:33.652950+00:00", "RecordID": "1632", "Level": "4", "UserID": "S-1-5-21-963789628-1060504924-4285088085-1001"}
{"EventID": "8210", "Channel": "Microsoft-Windows-HelloForBusiness/Operational", "Provider_Name": "Microsoft-Windows-HelloForBusiness", "Computer": "DESKTOP-OFJ6N53", "TimeCreated": "2023-11-20 15:12:33.652952+00:00", "RecordID": "1633", "Level": "16", "UserID": "S-1-5-21-963789628-1060504924-4285088085-1001"}
{"EventID": "7201", "Channel": "Microsoft-Windows-HelloForBusiness/Operational", "Provider_Name": "Microsoft-Windows-HelloForBusiness", "Computer": "DESKTOP-OFJ6N53", "TimeCreated": "2023-11-20 15:12:33.652952+00:00", "RecordID": "1634", "Level": "2", "UserID": "S-1-5-21-963789628-1060504924-4285088085-1001"}
{"EventID": "7054", "Channel": "Microsoft-Windows-HelloForBusiness/Operational", "Provider_Name": "Microsoft-Windows-HelloForBusiness", "Computer": "DESKTOP-OFJ6N53", "TimeCreated": "2023-11-20 15:12:33.652952+00:00", "RecordID": "1635", "Level": "2", "UserID": "S-1-5-21-963789628-1060504924-4285088085-1001", "EventData.Error": "0x00000001"}
{"EventID": "8025", "Channel": "Microsoft-Windows-HelloForBusiness/Operational", "Provider_Name": "Microsoft-Windows-HelloForBusiness", "Computer": "DESKTOP-OFJ6N53", "TimeCreated": "2023-11-20 15:12:53.741842+00:00", "RecordID": "1636", "Level": "16", "UserID": "S-1-5-18", "EventData.ServiceName": "Microsoft Passport"}
{"EventID": "8025", "Channel": "Microsoft-Windows-HelloForBusiness/Operational", "Provider_Name": "Microsoft-Windows-HelloForBusiness", "Computer": "DESKTOP-OFJ6N53", "TimeCreated": "2023-11-20 15:22:52.837843+00:00", "RecordID": "1637", "Level": "16", "UserID": "S-1-5-18", "EventData.ServiceName": "Microsoft Passport"}
{"EventID": "8025", "Channel": "Microsoft-Windows-HelloForBusiness/Operational", "Provider_Name": "Microsoft-Windows-HelloForBusiness", "Computer": "DESKTOP-OFJ6N53", "TimeCreated": "2023-11-21 15:22:53.925657+00:00", "RecordID": "1638", "Level": "16", "UserID": "S-1-5-18", "EventData.ServiceName": "Microsoft Passport"}
{"EventID": "5520", "Channel": "Microsoft-Windows-HelloForBusiness/Operational", "Provider_Name": "Microsoft-Windows-HelloForBusiness", "Computer": "DESKTOP-OFJ6N53", "TimeCreated": "2023-11-22 10:37:08.822582+00:00", "RecordID": "1639", "Level": "4", "UserID": "S-1-5-18"}
{"EventID": "8025", "Channel": "Microsoft-Windows-HelloForBusiness/Operational", "Provider_Name": "Microsoft-Windows-HelloForBusiness", "Computer": "DESKTOP-OFJ6N53", "TimeCreated": "2023-11-22 10:44:49.555059+00:00", "RecordID": "1640", "Level": "16", "UserID": "S-1-5-18", "EventData.ServiceName": "Microsoft Passport"}
{"EventID": "8025", "Channel": "Microsoft-Windows-HelloForBusiness/Operational", "Provider_Name": "Microsoft-Windows-HelloForBusiness", "Computer": "DESKTOP-OFJ6N53", "TimeCreated": "2023-11-22 15:22:55.496971+00:00", "RecordID": "1641", "Level": "16", "UserID": "S-1-5-18", "EventData.ServiceName": "Microsoft Passport"}
{"EventID": "5520", "Channel": "Microsoft-Windows-HelloForBusiness/Operational", "Provider_Name": "Microsoft-Windows-HelloForBusiness", "Computer": "DESKTOP-OFJ6N53", "TimeCreated": "2023-11-23 11:55:01.089590+00:00", "RecordID": "1642", "Level": "4", "UserID": "S-1-5-18"}
{"EventID": "8025", "Channel": "Microsoft-Windows-HelloForBusiness/Operational", "Provider_Name": "Microsoft-Windows-HelloForBusiness", "Computer": "DESKTOP-OFJ6N53", "TimeCreated": "2023-11-23 17:07:08.878160+00:00", "RecordID": "1643", "Level": "16", "UserID": "S-1-5-18", "EventData.ServiceName": "Microsoft Passport"}
{"EventID": "8025", "Channel": "Microsoft-Windows-HelloForBusiness/Operational", "Provider_Name": "Microsoft-Windows-HelloForBusiness", "Computer": "DESKTOP-OFJ6N53", "TimeCreated": "2023-11-30 06:55:12.572626+00:00", "RecordID": "1644", "Level": "16", "UserID": "S-1-5-18", "EventData.ServiceName": "Microsoft Passport"}
{"EventID": "8025", "Channel": "Microsoft-Windows-HelloForBusiness/Operational", "Provider_Name": "Microsoft-Windows-HelloForBusiness", "Computer": "DESKTOP-OFJ6N53", "TimeCreated": "2023-12-01 07:42:54.978563+00:00", "RecordID": "1645", "Level": "16", "UserID": "S-1-5-18", "EventData.ServiceName": "Microsoft Passport"}
{"EventID": "5520", "Channel": "Microsoft-Windows-HelloForBusiness/Operational", "Provider_Name": "Microsoft-Windows-HelloForBusiness", "Computer": "DESKTOP-OFJ6N53", "TimeCreated": "2023-12-01 07:52:29.325386+00:00", "RecordID": "1646", "Level": "4", "UserID": "S-1-5-21-963789628-1060504924-4285088085-1001"}
{"EventID": "5520", "Channel": "Microsoft-Windows-HelloForBusiness/Operational", "Provider_Name": "Microsoft-Windows-HelloForBusiness", "Computer": "DESKTOP-OFJ6N53", "TimeCreated": "2023-12-01 07:57:34.087528+00:00", "RecordID": "1647", "Level": "4", "UserID": "S-1-5-21-963789628-1060504924-4285088085-1001"}
{"EventID": "5520", "Channel": "Microsoft-Windows-HelloForBusiness/Operational", "Provider_Name": "Microsoft-Windows-HelloForBusiness", "Computer": "DESKTOP-OFJ6N53", "TimeCreated": "2023-12-01 07:59:14.120537+00:00", "RecordID": "1648", "Level": "4", "UserID": "S-1-5-21-963789628-1060504924-4285088085-1001"}
{"EventID": "5520", "Channel": "Microsoft-Windows-HelloForBusiness/Operational", "Provider_Name": "Microsoft-Windows-HelloForBusiness", "Computer": "DESKTOP-OFJ6N53", "TimeCreated": "2023-12-01 08:02:26.669815+00:00", "RecordID": "1649", "Level": "4", "UserID": "S-1-5-21-963789628-1060504924-4285088085-1001"}
{"EventID": "5520", "Channel": "Microsoft-Windows-HelloForBusiness/Operational", "Provider_Name": "Microsoft-Windows-HelloForBusiness", "Computer": "DESKTOP-OFJ6N53", "TimeCreated": "2023-12-01 08:26:52.294558+00:00", "RecordID": "1650", "Level": "4", "UserID": "S-1-5-21-963789628-1060504924-4285088085-1001"}
{"EventID": "8025", "Channel": "Microsoft-Windows-HelloForBusiness/Operational", "Provider_Name": "Microsoft-Windows-HelloForBusiness", "Computer": "DESKTOP-OFJ6N53", "TimeCreated": "2023-12-01 15:23:09.543095+00:00", "RecordID": "1651", "Level": "16", "UserID": "S-1-5-18", "EventData.ServiceName": "Microsoft Passport"}
{"EventID": "5520", "Channel": "Microsoft-Windows-HelloForBusiness/Operational", "Provider_Name": "Microsoft-Windows-HelloForBusiness", "Computer": "DESKTOP-OFJ6N53", "TimeCreated": "2023-12-02 02:12:19.508156+00:00", "RecordID": "1652", "Level": "4", "UserID": "S-1-5-21-963789628-1060504924-4285088085-1001"}
{"EventID": "5520", "Channel": "Microsoft-Windows-HelloForBusiness/Operational", "Provider_Name": "Microsoft-Windows-HelloForBusiness", "Computer": "DESKTOP-OFJ6N53", "TimeCreated": "2023-12-02 02:13:28.209110+00:00", "RecordID": "1653", "Level": "4", "UserID": "S-1-5-21-963789628-1060504924-4285088085-1001"}
{"EventID": "5520", "Channel": "Microsoft-Windows-HelloForBusiness/Operational", "Provider_Name": "Microsoft-Windows-HelloForBusiness", "Computer": "DESKTOP-OFJ6N53", "TimeCreated": "2023-12-02 02:14:44.341152+00:00", "RecordID": "1654", "Level": "4", "UserID": "S-1-5-21-963789628-1060504924-4285088085-1001"}
