{"EventID": "100", "Channel": "Microsoft-Windows-Security-SPP-UX-Notifications/ActionCenter", "Provider_Name": "Microsoft-Windows-Security-SPP-UX-Notifications", "Computer": "DESKTOP-OFJ6N53", "TimeCreated": "2022-02-24 08:30:04.640142+00:00", "RecordID": "1", "Level": "3", "UserID": "S-1-5-20", "EventData.hc_stateid": "2"}
{"EventID": "100", "Channel": "Microsoft-Windows-Security-SPP-UX-Notifications/ActionCenter", "Provider_Name": "Microsoft-Windows-Security-SPP-UX-Notifications", "Computer": "DESKTOP-OFJ6N53", "TimeCreated": "2022-02-24 09:10:21.564856+00:00", "RecordID": "2", "Level": "3", "UserID": "S-1-5-20", "EventData.hc_stateid": "2"}
{"EventID": "100", "Channel": "Microsoft-Windows-Security-SPP-UX-Notifications/ActionCenter", "Provider_Name": "Microsoft-Windows-Security-SPP-UX-Notifications", "Computer": "DESKTOP-OFJ6N53", "TimeCreated": "2022-02-24 09:14:14.704803+00:00", "RecordID": "3", "Level": "3", "UserID": "S-1-5-20", "EventData.hc_stateid": "2"}
{"EventID": "100", "Channel": "Microsoft-Windows-Security-SPP-UX-Notifications/ActionCenter", "Provider_Name": "Microsoft-Windows-Security-SPP-UX-Notifications", "Computer": "DESKTOP-OFJ6N53", "TimeCreated": "2022-02-24 12:14:29.585804+00:00", "RecordID": "4", "Level": "3", "UserID": "S-1-5-20", "EventData.hc_stateid": "2"}
{"EventID": "100", "Channel": "Microsoft-Windows-Security-SPP-UX-Notifications/ActionCenter", "Provider_Name": "Microsoft-Windows-Security-SPP-UX-Notifications", "Computer": "DESKTOP-OFJ6N53", "TimeCreated": "2022-02-24 12:26:49.365301+00:00", "RecordID": "5", "Level": "3", "UserID": "S-1-5-20", "EventData.hc_stateid": "2"}
{"EventID": "100", "Channel": "Microsoft-Windows-Security-SPP-UX-Notifications/ActionCenter", "Provider_Name": "Microsoft-Windows-Security-SPP-UX-Notifications", "Computer": "DESKTOP-OFJ6N53", "TimeCreated": "2022-02-24 12:28:04.654396+00:00", "RecordID": "6", "Level": "3", "UserID": "S-1-5-20", "EventData.hc_stateid": "2"}
{"EventID": "100", "Channel": "Microsoft-Windows-Security-SPP-UX-Notifications/ActionCenter", "Provider_Name": "Microsoft-Windows-Security-SPP-UX-Notifications", "Computer": "DESKTOP-OFJ6N53", "TimeCreated": "2022-02-24 12:38:29.092691+00:00", "RecordID": "7", "Level": "3", "UserID": "S-1-5-20", "EventData.hc_stateid": "2"}
{"EventID": "100", "Channel": "Microsoft-Windows-Security-SPP-UX-Notifications/ActionCenter", "Provider_Name": "Microsoft-Windows-Security-SPP-UX-Notifications", "Computer": "DESKTOP-OFJ6N53", "TimeCreated": "2022-02-24 12:38:29.733072+00:00", "RecordID": "8", "Level": "3", "UserID": "S-1-5-20", "EventData.hc_stateid": "2"}
{"EventID": "100", "Channel": "Microsoft-Windows-Security-SPP-UX-Notifications/ActionCenter", "Provider_Name": "Microsoft-Windows-Security-SPP-UX-Notifications", "Computer": "DESKTOP-OFJ6N53", "TimeCreated": "2022-02-24 12:39:18.039919+00:00", "RecordID": "9", "Level": "3", "UserID": "S-1-5-20", "EventData.hc_stateid": "2"}
{"EventID": "100", "Channel": "Microsoft-Windows-Security-SPP-UX-Notifications/ActionCenter", "Provider_Name": "Microsoft-Windows-Security-SPP-UX-Notifications", "Computer": "DESKTOP-OFJ6N53", "TimeCreated": "2022-02-24 12:40:26.865608+00:00", "RecordID": "10", "Level": "3", "UserID": "S-1-5-20", "EventData.hc_stateid": "2"}
{"EventID": "100", "Channel": "Microsoft-Windows-Security-SPP-UX-Notifications/ActionCenter", "Provider_Name": "Microsoft-Windows-Security-SPP-UX-Notifications", "Computer": "DESKTOP-OFJ6N53", "TimeCreated": "2022-02-24 12:52:30.269115+00:00", "RecordID": "11", "Level": "3", "UserID": "S-1-5-20", "EventData.hc_stateid": "2"}
{"EventID": "100", "Channel": "Microsoft-Windows-Security-SPP-UX-Notifications/ActionCenter", "Provider_Name": "Microsoft-Windows-Security-SPP-UX-Notifications", "Computer": "DESKTOP-OFJ6N53", "TimeCreated": "2022-02-24 12:52:30.911255+00:00", "RecordID": "12", "Level": "3", "UserID": "S-1-5-20", "EventData.hc_stateid": "2"}
{"EventID": "100", "Channel": "Microsoft-Windows-Security-SPP-UX-Notifications/ActionCenter", "Provider_Name": "Microsoft-Windows-Security-SPP-UX-Notifications", "Computer": "DESKTOP-OFJ6N53", "TimeCreated": "2022-02-24 12:52:57.471436+00:00", "RecordID": "13", "Level": "3", "UserID": "S-1-5-20", "EventData.hc_stateid": "2"}
{"EventID": "100", "Channel": "Microsoft-Windows-Security-SPP-UX-Notifications/ActionCenter", "Provider_Name": "Microsoft-Windows-Security-SPP-UX-Notifications", "Computer": "DESKTOP-OFJ6N53", "TimeCreated": "2022-02-24 12:54:08.360620+00:00", "RecordID": "14", "Level": "3", "UserID": "S-1-5-20", "EventData.hc_stateid": "2"}
{"EventID": "100", "Channel": "Microsoft-Windows-Security-SPP-UX-Notifications/ActionCenter", "Provider_Name": "Microsoft-Windows-Security-SPP-UX-Notifications", "Computer": "DESKTOP-OFJ6N53", "TimeCreated": "2022-02-24 21:44:26.681595+00:00", "RecordID": "15", "Level": "3", "UserID": "S-1-5-20", "EventData.hc_stateid": "2"}
{"EventID": "100", "Channel": "Microsoft-Windows-Security-SPP-UX-Notifications/ActionCenter", "Provider_Name": "Microsoft-Windows-Security-SPP-UX-Notifications", "Computer": "DESKTOP-OFJ6N53", "TimeCreated": "2022-02-25 13:25:48.350714+00:00", "RecordID": "16", "Level": "3", "UserID": "S-1-5-20", "EventData.hc_stateid": "2"}
{"EventID": "100", "Channel": "Microsoft-Windows-Security-SPP-UX-Notifications/ActionCenter", "Provider_Name": "Microsoft-Windows-Security-SPP-UX-Notifications", "Computer": "DESKTOP-OFJ6N53", "TimeCreated": "2022-02-25 13:26:38.577517+00:00", "RecordID": "17", "Level": "3", "UserID": "S-1-5-20", "EventData.hc_stateid": "2"}
{"EventID": "100", "Channel": "Microsoft-Windows-Security-SPP-UX-Notifications/ActionCenter", "Provider_Name": "Microsoft-Windows-Security-SPP-UX-Notifications", "Computer": "DESKTOP-OFJ6N53", "TimeCreated": "2022-02-26 13:26:40.199730+00:00", "RecordID": "18", "Level": "3", "UserID": "S-1-5-20", "EventData.hc_stateid": "2"}
{"EventID": "100", "Channel": "Microsoft-Windows-Security-SPP-UX-Notifications/ActionCenter", "Provider_Name": "Microsoft-Windows-Security-SPP-UX-Notifications", "Computer": "DESKTOP-OFJ6N53", "TimeCreated": "2022-02-27 13:26:39.674074+00:00", "RecordID": "19", "Level": "3", "UserID": "S-1-5-20", "EventData.hc_stateid": "2"}
{"EventID": "100", "Channel": "Microsoft-Windows-Security-SPP-UX-Notifications/ActionCenter", "Provider_Name": "Microsoft-Windows-Security-SPP-UX-Notifications", "Computer": "DESKTOP-OFJ6N53", "TimeCreated": "2022-02-28 13:26:40.763027+00:00", "RecordID": "20", "Level": "3", "UserID": "S-1-5-20", "EventData.hc_stateid": "2"}
{"EventID": "100", "Channel": "Microsoft-Windows-Security-SPP-UX-Notifications/ActionCenter", "Provider_Name": "Microsoft-Windows-Security-SPP-UX-Notifications", "Computer": "DESKTOP-OFJ6N53", "TimeCreated": "2022-02-28 14:18:52.889875+00:00", "RecordID": "21", "Level": "3", "UserID": "S-1-5-20", "EventData.hc_stateid": "2"}
{"EventID": "100", "Channel": "Microsoft-Windows-Security-SPP-UX-Notifications/ActionCenter", "Provider_Name": "Microsoft-Windows-Security-SPP-UX-Notifications", "Computer": "DESKTOP-OFJ6N53", "TimeCreated": "2022-02-28 14:20:04.867672+00:00", "RecordID": "22", "Level": "3", "UserID": "S-1-5-20", "EventData.hc_stateid": "2"}
{"EventID": "100", "Channel": "Microsoft-Windows-Security-SPP-UX-Notifications/ActionCenter", "Provider_Name": "Microsoft-Windows-Security-SPP-UX-Notifications", "Computer": "DESKTOP-OFJ6N53", "TimeCreated": "2022-02-28 18:14:40.922272+00:00", "RecordID": "23", "Level": "3", "UserID": "S-1-5-20", "EventData.hc_stateid": "2"}
{"EventID": "100", "Channel": "Microsoft-Windows-Security-SPP-UX-Notifications/ActionCenter", "Provider_Name": "Microsoft-Windows-Security-SPP-UX-Notifications", "Computer": "DESKTOP-OFJ6N53", "TimeCreated": "2022-02-28 18:15:50.487362+00:00", "RecordID": "24", "Level": "3", "UserID": "S-1-5-20", "EventData.hc_stateid": "2"}
{"EventID": "100", "Channel": "Microsoft-Windows-Security-SPP-UX-Notifications/ActionCenter", "Provider_Name": "Microsoft-Windows-Security-SPP-UX-Notifications", "Computer": "DESKTOP-OFJ6N53", "TimeCreated": "2022-03-01 11:43:39.979591+00:00", "RecordID": "25", "Level": "3", "UserID": "S-1-5-20", "EventData.hc_stateid": "2"}
{"EventID": "100", "Channel": "Microsoft-Windows-Security-SPP-UX-Notifications/ActionCenter", "Provider_Name": "Microsoft-Windows-Security-SPP-UX-Notifications", "Computer": "DESKTOP-OFJ6N53", "TimeCreated": "2022-03-01 11:44:50.100071+00:00", "RecordID": "26", "Level": "3", "UserID": "S-1-5-20", "EventData.hc_stateid": "2"}
{"EventID": "100", "Channel": "Microsoft-Windows-Security-SPP-UX-Notifications/ActionCenter", "Provider_Name": "Microsoft-Windows-Security-SPP-UX-Notifications", "Computer": "DESKTOP-OFJ6N53", "TimeCreated": "2022-03-01 12:57:20.961702+00:00", "RecordID": "27", "Level": "3", "UserID": "S-1-5-20", "EventData.hc_stateid": "2"}
{"EventID": "100", "Channel": "Microsoft-Windows-Security-SPP-UX-Notifications/ActionCenter", "Provider_Name": "Microsoft-Windows-Security-SPP-UX-Notifications", "Computer": "DESKTOP-OFJ6N53", "TimeCreated": "2022-03-01 12:58:33.261086+00:00", "RecordID": "28", "Level": "3", "UserID": "S-1-5-20", "EventData.hc_stateid": "2"}
{"EventID": "100", "Channel": "Microsoft-Windows-Security-SPP-UX-Notifications/ActionCenter", "Provider_Name": "Microsoft-Windows-Security-SPP-UX-Notifications", "Computer": "DESKTOP-OFJ6N53", "TimeCreated": "2022-03-01 13:09:08.085072+00:00", "RecordID": "29", "Level": "3", "UserID": "S-1-5-20", "EventData.hc_stateid": "2"}
{"EventID": "100", "Channel": "Microsoft-Windows-Security-SPP-UX-Notifications/ActionCenter", "Provider_Name": "Microsoft-Windows-Security-SPP-UX-Notifications", "Computer": "DESKTOP-OFJ6N53", "TimeCreated": "2022-03-01 13:10:17.813639+00:00", "RecordID": "30", "Level": "3", "UserID": "S-1-5-20", "EventData.hc_stateid": "2"}
{"EventID": "100", "Channel": "Microsoft-Windows-Security-SPP-UX-Notifications/ActionCenter", "Provider_Name": "Microsoft-Windows-Security-SPP-UX-Notifications", "Computer": "DESKTOP-OFJ6N53", "TimeCreated": "2022-03-01 13:10:18.730177+00:00", "RecordID": "31", "Level": "3", "UserID": "S-1-5-20", "EventData.hc_stateid": "2"}
{"EventID": "100", "Channel": "Microsoft-Windows-Security-SPP-UX-Notifications/ActionCenter", "Provider_Name": "Microsoft-Windows-Security-SPP-UX-Notifications", "Computer": "DESKTOP-OFJ6N53", "TimeCreated": "2022-03-02 12:12:07.304354+00:00", "RecordID": "32", "Level": "3", "UserID": "S-1-5-20", "EventData.hc_stateid": "2"}
{"EventID": "100", "Channel": "Microsoft-Windows-Security-SPP-UX-Notifications/ActionCenter", "Provider_Name": "Microsoft-Windows-Security-SPP-UX-Notifications", "Computer": "DESKTOP-OFJ6N53", "TimeCreated": "2022-03-02 12:13:14.173151+00:00", "RecordID": "33", "Level": "3", "UserID": "S-1-5-20", "EventData.hc_stateid": "2"}
{"EventID": "100", "Channel": "Microsoft-Windows-Security-SPP-UX-Notifications/ActionCenter", "Provider_Name": "Microsoft-Windows-Security-SPP-UX-Notifications", "Computer": "DESKTOP-OFJ6N53", "TimeCreated": "2022-03-02 13:13:34.439981+00:00", "RecordID": "34", "Level": "3", "UserID": "S-1-5-20", "EventData.hc_stateid": "2"}
{"EventID": "100", "Channel": "Microsoft-Windows-Security-SPP-UX-Notifications/ActionCenter", "Provider_Name": "Microsoft-Windows-Security-SPP-UX-Notifications", "Computer": "DESKTOP-OFJ6N53", "TimeCreated": "2022-03-03 13:13:34.158833+00:00", "RecordID": "35", "Level": "3", "UserID": "S-1-5-20", "EventData.hc_stateid": "2"}
{"EventID": "100", "Channel": "Microsoft-Windows-Security-SPP-UX-Notifications/ActionCenter", "Provider_Name": "Microsoft-Windows-Security-SPP-UX-Notifications", "Computer": "DESKTOP-OFJ6N53", "TimeCreated": "2022-03-03 16:26:41.359501+00:00", "RecordID": "36", "Level": "3", "UserID": "S-1-5-20", "EventData.hc_stateid": "2"}
{"EventID": "100", "Channel": "Microsoft-Windows-Security-SPP-UX-Notifications/ActionCenter", "Provider_Name": "Microsoft-Windows-Security-SPP-UX-Notifications", "Computer": "DESKTOP-OFJ6N53", "TimeCreated": "2022-03-03 16:27:41.864298+00:00", "RecordID": "37", "Level": "3", "UserID": "S-1-5-20", "EventData.hc_stateid": "2"}
{"EventID": "100", "Channel": "Microsoft-Windows-Security-SPP-UX-Notifications/ActionCenter", "Provider_Name": "Microsoft-Windows-Security-SPP-UX-Notifications", "Computer": "DESKTOP-OFJ6N53", "TimeCreated": "2022-03-03 17:14:38.961138+00:00", "RecordID": "38", "Level": "3", "UserID": "S-1-5-20", "EventData.hc_stateid": "2"}
{"EventID": "100", "Channel": "Microsoft-Windows-Security-SPP-UX-Notifications/ActionCenter", "Provider_Name": "Microsoft-Windows-Security-SPP-UX-Notifications", "Computer": "DESKTOP-OFJ6N53", "TimeCreated": "2022-03-03 17:15:50.404491+00:00", "RecordID": "39", "Level": "3", "UserID": "S-1-5-20", "EventData.hc_stateid": "2"}
{"EventID": "100", "Channel": "Microsoft-Windows-Security-SPP-UX-Notifications/ActionCenter", "Provider_Name": "Microsoft-Windows-Security-SPP-UX-Notifications", "Computer": "DESKTOP-OFJ6N53", "TimeCreated": "2022-03-03 17:18:42.114605+00:00", "RecordID": "40", "Level": "3", "UserID": "S-1-5-20", "EventData.hc_stateid": "2"}
{"EventID": "100", "Channel": "Microsoft-Windows-Security-SPP-UX-Notifications/ActionCenter", "Provider_Name": "Microsoft-Windows-Security-SPP-UX-Notifications", "Computer": "DESKTOP-OFJ6N53", "TimeCreated": "2022-03-03 17:18:43.394756+00:00", "RecordID": "41", "Level": "3", "UserID": "S-1-5-20", "EventData.hc_stateid": "2"}
{"EventID": "100", "Channel": "Microsoft-Windows-Security-SPP-UX-Notifications/ActionCenter", "Provider_Name": "Microsoft-Windows-Security-SPP-UX-Notifications", "Computer": "DESKTOP-OFJ6N53", "TimeCreated": "2022-03-03 17:19:09.897308+00:00", "RecordID": "42", "Level": "3", "UserID": "S-1-5-20", "EventData.hc_stateid": "2"}
{"EventID": "100", "Channel": "Microsoft-Windows-Security-SPP-UX-Notifications/ActionCenter", "Provider_Name": "Microsoft-Windows-Security-SPP-UX-Notifications", "Computer": "DESKTOP-OFJ6N53", "TimeCreated": "2022-03-03 17:20:21.670116+00:00", "RecordID": "43", "Level": "3", "UserID": "S-1-5-20", "EventData.hc_stateid": "2"}
{"EventID": "100", "Channel": "Microsoft-Windows-Security-SPP-UX-Notifications/ActionCenter", "Provider_Name": "Microsoft-Windows-Security-SPP-UX-Notifications", "Computer": "DESKTOP-OFJ6N53", "TimeCreated": "2022-03-03 17:21:26.658649+00:00", "RecordID": "44", "Level": "3", "UserID": "S-1-5-20", "EventData.hc_stateid": "2"}
{"EventID": "100", "Channel": "Microsoft-Windows-Security-SPP-UX-Notifications/ActionCenter", "Provider_Name": "Microsoft-Windows-Security-SPP-UX-Notifications", "Computer": "DESKTOP-OFJ6N53", "TimeCreated": "2022-03-03 17:21:27.485027+00:00", "RecordID": "45", "Level": "3", "UserID": "S-1-5-20", "EventData.hc_stateid": "2"}
{"EventID": "100", "Channel": "Microsoft-Windows-Security-SPP-UX-Notifications/ActionCenter", "Provider_Name": "Microsoft-Windows-Security-SPP-UX-Notifications", "Computer": "DESKTOP-OFJ6N53", "TimeCreated": "2022-03-03 17:22:47.911461+00:00", "RecordID": "46", "Level": "3", "UserID": "S-1-5-20", "EventData.hc_stateid": "2"}
{"EventID": "100", "Channel": "Microsoft-Windows-Security-SPP-UX-Notifications/ActionCenter", "Provider_Name": "Microsoft-Windows-Security-SPP-UX-Notifications", "Computer": "DESKTOP-OFJ6N53", "TimeCreated": "2022-03-03 17:23:57.875900+00:00", "RecordID": "47", "Level": "3", "UserID": "S-1-5-20", "EventData.hc_stateid": "2"}
{"EventID": "100", "Channel": "Microsoft-Windows-Security-SPP-UX-Notifications/ActionCenter", "Provider_Name": "Microsoft-Windows-Security-SPP-UX-Notifications", "Computer": "DESKTOP-OFJ6N53", "TimeCreated": "2022-03-04 08:23:44.523430+00:00", "RecordID": "48", "Level": "3", "UserID": "S-1-5-20", "EventData.hc_stateid": "2"}
{"EventID": "100", "Channel": "Microsoft-Windows-Security-SPP-UX-Notifications/ActionCenter", "Provider_Name": "Microsoft-Windows-Security-SPP-UX-Notifications", "Computer": "DESKTOP-OFJ6N53", "TimeCreated": "2022-03-04 11:39:37.777178+00:00", "RecordID": "49", "Level": "3", "UserID": "S-1-5-20", "EventData.hc_stateid": "2"}
{"EventID": "100", "Channel": "Microsoft-Windows-Security-SPP-UX-Notifications/ActionCenter", "Provider_Name": "Microsoft-Windows-Security-SPP-UX-Notifications", "Computer": "DESKTOP-OFJ6N53", "TimeCreated": "2022-03-04 12:25:47.390968+00:00", "RecordID": "50", "Level": "3", "UserID": "S-1-5-20", "EventData.hc_stateid": "2"}
{"EventID": "100", "Channel": "Microsoft-Windows-Security-SPP-UX-Notifications/ActionCenter", "Provider_Name": "Microsoft-Windows-Security-SPP-UX-Notifications", "Computer": "DESKTOP-OFJ6N53", "TimeCreated": "2022-03-04 14:02:09.706110+00:00", "RecordID": "51", "Level": "3", "UserID": "S-1-5-20", "EventData.hc_stateid": "2"}
{"EventID": "100", "Channel": "Microsoft-Windows-Security-SPP-UX-Notifications/ActionCenter", "Provider_Name": "Microsoft-Windows-Security-SPP-UX-Notifications", "Computer": "DESKTOP-OFJ6N53", "TimeCreated": "2022-03-04 15:14:09.100786+00:00", "RecordID": "52", "Level": "3", "UserID": "S-1-5-20", "EventData.hc_stateid": "2"}
{"EventID": "100", "Channel": "Microsoft-Windows-Security-SPP-UX-Notifications/ActionCenter", "Provider_Name": "Microsoft-Windows-Security-SPP-UX-Notifications", "Computer": "DESKTOP-OFJ6N53", "TimeCreated": "2022-03-05 11:55:07.317038+00:00", "RecordID": "53", "Level": "3", "UserID": "S-1-5-20", "EventData.hc_stateid": "2"}
{"EventID": "100", "Channel": "Microsoft-Windows-Security-SPP-UX-Notifications/ActionCenter", "Provider_Name": "Microsoft-Windows-Security-SPP-UX-Notifications", "Computer": "DESKTOP-OFJ6N53", "TimeCreated": "2022-03-09 07:32:02.324518+00:00", "RecordID": "54", "Level": "3", "UserID": "S-1-5-20", "EventData.hc_stateid": "2"}
{"EventID": "100", "Channel": "Microsoft-Windows-Security-SPP-UX-Notifications/ActionCenter", "Provider_Name": "Microsoft-Windows-Security-SPP-UX-Notifications", "Computer": "DESKTOP-OFJ6N53", "TimeCreated": "2022-03-09 07:32:05.117212+00:00", "RecordID": "55", "Level": "3", "UserID": "S-1-5-20", "EventData.hc_stateid": "2"}
{"EventID": "100", "Channel": "Microsoft-Windows-Security-SPP-UX-Notifications/ActionCenter", "Provider_Name": "Microsoft-Windows-Security-SPP-UX-Notifications", "Computer": "DESKTOP-OFJ6N53", "TimeCreated": "2022-03-09 09:23:38.954926+00:00", "RecordID": "56", "Level": "3", "UserID": "S-1-5-20", "EventData.hc_stateid": "2"}
{"EventID": "100", "Channel": "Microsoft-Windows-Security-SPP-UX-Notifications/ActionCenter", "Provider_Name": "Microsoft-Windows-Security-SPP-UX-Notifications", "Computer": "DESKTOP-OFJ6N53", "TimeCreated": "2022-03-09 10:17:00.995529+00:00", "RecordID": "57", "Level": "3", "UserID": "S-1-5-20", "EventData.hc_stateid": "2"}
{"EventID": "100", "Channel": "Microsoft-Windows-Security-SPP-UX-Notifications/ActionCenter", "Provider_Name": "Microsoft-Windows-Security-SPP-UX-Notifications", "Computer": "DESKTOP-OFJ6N53", "TimeCreated": "2022-03-09 11:08:08.137363+00:00", "RecordID": "58", "Level": "3", "UserID": "S-1-5-20", "EventData.hc_stateid": "2"}
{"EventID": "100", "Channel": "Microsoft-Windows-Security-SPP-UX-Notifications/ActionCenter", "Provider_Name": "Microsoft-Windows-Security-SPP-UX-Notifications", "Computer": "DESKTOP-OFJ6N53", "TimeCreated": "2022-03-09 11:08:10.655519+00:00", "RecordID": "59", "Level": "3", "UserID": "S-1-5-20", "EventData.hc_stateid": "2"}
{"EventID": "100", "Channel": "Microsoft-Windows-Security-SPP-UX-Notifications/ActionCenter", "Provider_Name": "Microsoft-Windows-Security-SPP-UX-Notifications", "Computer": "DESKTOP-OFJ6N53", "TimeCreated": "2022-03-09 12:31:05.616495+00:00", "RecordID": "60", "Level": "3", "UserID": "S-1-5-20", "EventData.hc_stateid": "2"}
{"EventID": "100", "Channel": "Microsoft-Windows-Security-SPP-UX-Notifications/ActionCenter", "Provider_Name": "Microsoft-Windows-Security-SPP-UX-Notifications", "Computer": "DESKTOP-OFJ6N53", "TimeCreated": "2022-03-10 12:31:05.553261+00:00", "RecordID": "61", "Level": "3", "UserID": "S-1-5-20", "EventData.hc_stateid": "2"}
{"EventID": "100", "Channel": "Microsoft-Windows-Security-SPP-UX-Notifications/ActionCenter", "Provider_Name": "Microsoft-Windows-Security-SPP-UX-Notifications", "Computer": "DESKTOP-OFJ6N53", "TimeCreated": "2022-03-10 14:20:38.886078+00:00", "RecordID": "62", "Level": "3", "UserID": "S-1-5-20", "EventData.hc_stateid": "2"}
{"EventID": "100", "Channel": "Microsoft-Windows-Security-SPP-UX-Notifications/ActionCenter", "Provider_Name": "Microsoft-Windows-Security-SPP-UX-Notifications", "Computer": "DESKTOP-OFJ6N53", "TimeCreated": "2022-03-10 14:20:41.981749+00:00", "RecordID": "63", "Level": "3", "UserID": "S-1-5-20", "EventData.hc_stateid": "2"}
{"EventID": "100", "Channel": "Microsoft-Windows-Security-SPP-UX-Notifications/ActionCenter", "Provider_Name": "Microsoft-Windows-Security-SPP-UX-Notifications", "Computer": "DESKTOP-OFJ6N53", "TimeCreated": "2022-03-10 16:25:50.061979+00:00", "RecordID": "64", "Level": "3", "UserID": "S-1-5-20", "EventData.hc_stateid": "2"}
{"EventID": "100", "Channel": "Microsoft-Windows-Security-SPP-UX-Notifications/ActionCenter", "Provider_Name": "Microsoft-Windows-Security-SPP-UX-Notifications", "Computer": "DESKTOP-OFJ6N53", "TimeCreated": "2022-03-11 08:55:20.317060+00:00", "RecordID": "65", "Level": "3", "UserID": "S-1-5-20", "EventData.hc_stateid": "2"}
{"EventID": "100", "Channel": "Microsoft-Windows-Security-SPP-UX-Notifications/ActionCenter", "Provider_Name": "Microsoft-Windows-Security-SPP-UX-Notifications", "Computer": "DESKTOP-OFJ6N53", "TimeCreated": "2022-03-11 10:16:49.505152+00:00", "RecordID": "66", "Level": "3", "UserID": "S-1-5-20", "EventData.hc_stateid": "2"}
{"EventID": "100", "Channel": "Microsoft-Windows-Security-SPP-UX-Notifications/ActionCenter", "Provider_Name": "Microsoft-Windows-Security-SPP-UX-Notifications", "Computer": "DESKTOP-OFJ6N53", "TimeCreated": "2022-03-11 10:16:58.724003+00:00", "RecordID": "67", "Level": "3", "UserID": "S-1-5-20", "EventData.hc_stateid": "2"}
{"EventID": "100", "Channel": "Microsoft-Windows-Security-SPP-UX-Notifications/ActionCenter", "Provider_Name": "Microsoft-Windows-Security-SPP-UX-Notifications", "Computer": "DESKTOP-OFJ6N53", "TimeCreated": "2022-03-11 10:52:48.996344+00:00", "RecordID": "68", "Level": "3", "UserID": "S-1-5-20", "EventData.hc_stateid": "2"}
{"EventID": "100", "Channel": "Microsoft-Windows-Security-SPP-UX-Notifications/ActionCenter", "Provider_Name": "Microsoft-Windows-Security-SPP-UX-Notifications", "Computer": "DESKTOP-OFJ6N53", "TimeCreated": "2022-03-11 10:52:54.932224+00:00", "RecordID": "69", "Level": "3", "UserID": "S-1-5-20", "EventData.hc_stateid": "2"}
{"EventID": "100", "Channel": "Microsoft-Windows-Security-SPP-UX-Notifications/ActionCenter", "Provider_Name": "Microsoft-Windows-Security-SPP-UX-Notifications", "Computer": "DESKTOP-OFJ6N53", "TimeCreated": "2022-03-11 10:54:04.245317+00:00", "RecordID": "70", "Level": "3", "UserID": "S-1-5-20", "EventData.hc_stateid": "2"}
{"EventID": "100", "Channel": "Microsoft-Windows-Security-SPP-UX-Notifications/ActionCenter", "Provider_Name": "Microsoft-Windows-Security-SPP-UX-Notifications", "Computer": "DESKTOP-OFJ6N53", "TimeCreated": "2022-03-14 10:54:05.563999+00:00", "RecordID": "71", "Level": "3", "UserID": "S-1-5-20", "EventData.hc_stateid": "2"}
{"EventID": "100", "Channel": "Microsoft-Windows-Security-SPP-UX-Notifications/ActionCenter", "Provider_Name": "Microsoft-Windows-Security-SPP-UX-Notifications", "Computer": "DESKTOP-OFJ6N53", "TimeCreated": "2022-03-15 10:54:05.309780+00:00", "RecordID": "72", "Level": "3", "UserID": "S-1-5-20", "EventData.hc_stateid": "2"}
{"EventID": "100", "Channel": "Microsoft-Windows-Security-SPP-UX-Notifications/ActionCenter", "Provider_Name": "Microsoft-Windows-Security-SPP-UX-Notifications", "Computer": "DESKTOP-OFJ6N53", "TimeCreated": "2022-03-16 10:13:07.724623+00:00", "RecordID": "73", "Level": "3", "UserID": "S-1-5-20", "EventData.hc_stateid": "2"}
{"EventID": "100", "Channel": "Microsoft-Windows-Security-SPP-UX-Notifications/ActionCenter", "Provider_Name": "Microsoft-Windows-Security-SPP-UX-Notifications", "Computer": "DESKTOP-OFJ6N53", "TimeCreated": "2022-03-16 10:50:43.260443+00:00", "RecordID": "74", "Level": "3", "UserID": "S-1-5-20", "EventData.hc_stateid": "2"}
{"EventID": "100", "Channel": "Microsoft-Windows-Security-SPP-UX-Notifications/ActionCenter", "Provider_Name": "Microsoft-Windows-Security-SPP-UX-Notifications", "Computer": "DESKTOP-OFJ6N53", "TimeCreated": "2022-03-16 14:21:04.996494+00:00", "RecordID": "75", "Level": "3", "UserID": "S-1-5-20", "EventData.hc_stateid": "2"}
{"EventID": "100", "Channel": "Microsoft-Windows-Security-SPP-UX-Notifications/ActionCenter", "Provider_Name": "Microsoft-Windows-Security-SPP-UX-Notifications", "Computer": "DESKTOP-OFJ6N53", "TimeCreated": "2022-03-16 14:22:14.575397+00:00", "RecordID": "76", "Level": "3", "UserID": "S-1-5-20", "EventData.hc_stateid": "2"}
{"EventID": "100", "Channel": "Microsoft-Windows-Security-SPP-UX-Notifications/ActionCenter", "Provider_Name": "Microsoft-Windows-Security-SPP-UX-Notifications", "Computer": "DESKTOP-OFJ6N53", "TimeCreated": "2022-03-16 14:22:16.985600+00:00", "RecordID": "77", "Level": "3", "UserID": "S-1-5-20", "EventData.hc_stateid": "2"}
{"EventID": "100", "Channel": "Microsoft-Windows-Security-SPP-UX-Notifications/ActionCenter", "Provider_Name": "Microsoft-Windows-Security-SPP-UX-Notifications", "Computer": "DESKTOP-OFJ6N53", "TimeCreated": "2022-03-17 09:55:32.933262+00:00", "RecordID": "78", "Level": "3", "UserID": "S-1-5-20", "EventData.hc_stateid": "2"}
{"EventID": "100", "Channel": "Microsoft-Windows-Security-SPP-UX-Notifications/ActionCenter", "Provider_Name": "Microsoft-Windows-Security-SPP-UX-Notifications", "Computer": "DESKTOP-OFJ6N53", "TimeCreated": "2022-03-18 09:55:31.926302+00:00", "RecordID": "79", "Level": "3", "UserID": "S-1-5-20", "EventData.hc_stateid": "2"}
{"EventID": "100", "Channel": "Microsoft-Windows-Security-SPP-UX-Notifications/ActionCenter", "Provider_Name": "Microsoft-Windows-Security-SPP-UX-Notifications", "Computer": "DESKTOP-OFJ6N53", "TimeCreated": "2022-03-21 09:55:31.887615+00:00", "RecordID": "80", "Level": "3", "UserID": "S-1-5-20", "EventData.hc_stateid": "2"}
{"EventID": "100", "Channel": "Microsoft-Windows-Security-SPP-UX-Notifications/ActionCenter", "Provider_Name": "Microsoft-Windows-Security-SPP-UX-Notifications", "Computer": "DESKTOP-OFJ6N53", "TimeCreated": "2022-03-21 09:57:39.464668+00:00", "RecordID": "81", "Level": "3", "UserID": "S-1-5-20", "EventData.hc_stateid": "2"}
{"EventID": "100", "Channel": "Microsoft-Windows-Security-SPP-UX-Notifications/ActionCenter", "Provider_Name": "Microsoft-Windows-Security-SPP-UX-Notifications", "Computer": "DESKTOP-OFJ6N53", "TimeCreated": "2022-03-21 09:58:49.204596+00:00", "RecordID": "82", "Level": "3", "UserID": "S-1-5-20", "EventData.hc_stateid": "2"}
{"EventID": "100", "Channel": "Microsoft-Windows-Security-SPP-UX-Notifications/ActionCenter", "Provider_Name": "Microsoft-Windows-Security-SPP-UX-Notifications", "Computer": "DESKTOP-OFJ6N53", "TimeCreated": "2022-03-21 11:24:02.431961+00:00", "RecordID": "83", "Level": "3", "UserID": "S-1-5-20", "EventData.hc_stateid": "2"}
{"EventID": "100", "Channel": "Microsoft-Windows-Security-SPP-UX-Notifications/ActionCenter", "Provider_Name": "Microsoft-Windows-Security-SPP-UX-Notifications", "Computer": "DESKTOP-OFJ6N53", "TimeCreated": "2022-03-21 12:02:49.781736+00:00", "RecordID": "84", "Level": "3", "UserID": "S-1-5-20", "EventData.hc_stateid": "2"}
{"EventID": "100", "Channel": "Microsoft-Windows-Security-SPP-UX-Notifications/ActionCenter", "Provider_Name": "Microsoft-Windows-Security-SPP-UX-Notifications", "Computer": "DESKTOP-OFJ6N53", "TimeCreated": "2022-03-21 12:04:00.653316+00:00", "RecordID": "85", "Level": "3", "UserID": "S-1-5-20", "EventData.hc_stateid": "2"}
{"EventID": "100", "Channel": "Microsoft-Windows-Security-SPP-UX-Notifications/ActionCenter", "Provider_Name": "Microsoft-Windows-Security-SPP-UX-Notifications", "Computer": "DESKTOP-OFJ6N53", "TimeCreated": "2022-03-22 08:42:33.489019+00:00", "RecordID": "86", "Level": "3", "UserID": "S-1-5-20", "EventData.hc_stateid": "2"}
{"EventID": "100", "Channel": "Microsoft-Windows-Security-SPP-UX-Notifications/ActionCenter", "Provider_Name": "Microsoft-Windows-Security-SPP-UX-Notifications", "Computer": "DESKTOP-OFJ6N53", "TimeCreated": "2022-03-22 09:25:55.338783+00:00", "RecordID": "87", "Level": "3", "UserID": "S-1-5-20", "EventData.hc_stateid": "2"}
{"EventID": "100", "Channel": "Microsoft-Windows-Security-SPP-UX-Notifications/ActionCenter", "Provider_Name": "Microsoft-Windows-Security-SPP-UX-Notifications", "Computer": "DESKTOP-OFJ6N53", "TimeCreated": "2022-03-22 09:27:07.157530+00:00", "RecordID": "88", "Level": "3", "UserID": "S-1-5-20", "EventData.hc_stateid": "2"}
{"EventID": "100", "Channel": "Microsoft-Windows-Security-SPP-UX-Notifications/ActionCenter", "Provider_Name": "Microsoft-Windows-Security-SPP-UX-Notifications", "Computer": "DESKTOP-OFJ6N53", "TimeCreated": "2022-03-23 12:56:56.593657+00:00", "RecordID": "89", "Level": "3", "UserID": "S-1-5-20", "EventData.hc_stateid": "2"}
{"EventID": "100", "Channel": "Microsoft-Windows-Security-SPP-UX-Notifications/ActionCenter", "Provider_Name": "Microsoft-Windows-Security-SPP-UX-Notifications", "Computer": "DESKTOP-OFJ6N53", "TimeCreated": "2022-03-23 12:58:12.110683+00:00", "RecordID": "90", "Level": "3", "UserID": "S-1-5-20", "EventData.hc_stateid": "2"}
{"EventID": "100", "Channel": "Microsoft-Windows-Security-SPP-UX-Notifications/ActionCenter", "Provider_Name": "Microsoft-Windows-Security-SPP-UX-Notifications", "Computer": "DESKTOP-OFJ6N53", "TimeCreated": "2022-03-23 16:53:37.405207+00:00", "RecordID": "91", "Level": "3", "UserID": "S-1-5-20", "EventData.hc_stateid": "2"}
{"EventID": "100", "Channel": "Microsoft-Windows-Security-SPP-UX-Notifications/ActionCenter", "Provider_Name": "Microsoft-Windows-Security-SPP-UX-Notifications", "Computer": "DESKTOP-OFJ6N53", "TimeCreated": "2022-03-24 08:40:17.713114+00:00", "RecordID": "92", "Level": "3", "UserID": "S-1-5-20", "EventData.hc_stateid": "2"}
{"EventID": "100", "Channel": "Microsoft-Windows-Security-SPP-UX-Notifications/ActionCenter", "Provider_Name": "Microsoft-Windows-Security-SPP-UX-Notifications", "Computer": "DESKTOP-OFJ6N53", "TimeCreated": "2022-03-24 08:41:30.144293+00:00", "RecordID": "93", "Level": "3", "UserID": "S-1-5-20", "EventData.hc_stateid": "2"}
{"EventID": "100", "Channel": "Microsoft-Windows-Security-SPP-UX-Notifications/ActionCenter", "Provider_Name": "Microsoft-Windows-Security-SPP-UX-Notifications", "Computer": "DESKTOP-OFJ6N53", "TimeCreated": "2022-03-25 08:55:07.146694+00:00", "RecordID": "94", "Level": "3", "UserID": "S-1-5-20", "EventData.hc_stateid": "2"}
{"EventID": "100", "Channel": "Microsoft-Windows-Security-SPP-UX-Notifications/ActionCenter", "Provider_Name": "Microsoft-Windows-Security-SPP-UX-Notifications", "Computer": "DESKTOP-OFJ6N53", "TimeCreated": "2022-03-25 08:56:17.627300+00:00", "RecordID": "95", "Level": "3", "UserID": "S-1-5-20", "EventData.hc_stateid": "2"}
{"EventID": "100", "Channel": "Microsoft-Windows-Security-SPP-UX-Notifications/ActionCenter", "Provider_Name": "Microsoft-Windows-Security-SPP-UX-Notifications", "Computer": "DESKTOP-OFJ6N53", "TimeCreated": "2022-03-29 08:56:17.810205+00:00", "RecordID": "96", "Level": "3", "UserID": "S-1-5-20", "EventData.hc_stateid": "2"}
{"EventID": "100", "Channel": "Microsoft-Windows-Security-SPP-UX-Notifications/ActionCenter", "Provider_Name": "Microsoft-Windows-Security-SPP-UX-Notifications", "Computer": "DESKTOP-OFJ6N53", "TimeCreated": "2022-03-29 10:03:55.828533+00:00", "RecordID": "97", "Level": "3", "UserID": "S-1-5-20", "EventData.hc_stateid": "2"}
{"EventID": "100", "Channel": "Microsoft-Windows-Security-SPP-UX-Notifications/ActionCenter", "Provider_Name": "Microsoft-Windows-Security-SPP-UX-Notifications", "Computer": "DESKTOP-OFJ6N53", "TimeCreated": "2022-03-29 12:03:25.697897+00:00", "RecordID": "98", "Level": "3", "UserID": "S-1-5-20", "EventData.hc_stateid": "2"}
{"EventID": "100", "Channel": "Microsoft-Windows-Security-SPP-UX-Notifications/ActionCenter", "Provider_Name": "Microsoft-Windows-Security-SPP-UX-Notifications", "Computer": "DESKTOP-OFJ6N53", "TimeCreated": "2022-03-29 12:04:36.204704+00:00", "RecordID": "99", "Level": "3", "UserID": "S-1-5-20", "EventData.hc_stateid": "2"}
{"EventID": "100", "Channel": "Microsoft-Windows-Security-SPP-UX-Notifications/ActionCenter", "Provider_Name": "Microsoft-Windows-Security-SPP-UX-Notifications", "Computer": "DESKTOP-OFJ6N53", "TimeCreated": "2022-03-29 14:13:27.731880+00:00", "RecordID": "100", "Level": "3", "UserID": "S-1-5-20", "EventData.hc_stateid": "2"}
{"EventID": "100", "Channel": "Microsoft-Windows-Security-SPP-UX-Notifications/ActionCenter", "Provider_Name": "Microsoft-Windows-Security-SPP-UX-Notifications", "Computer": "DESKTOP-OFJ6N53", "TimeCreated": "2022-03-30 09:31:57.952692+00:00", "RecordID": "101", "Level": "3", "UserID": "S-1-5-20", "EventData.hc_stateid": "2"}
{"EventID": "100", "Channel": "Microsoft-Windows-Security-SPP-UX-Notifications/ActionCenter", "Provider_Name": "Microsoft-Windows-Security-SPP-UX-Notifications", "Computer": "DESKTOP-OFJ6N53", "TimeCreated": "2022-03-30 09:33:09.137264+00:00", "RecordID": "102", "Level": "3", "UserID": "S-1-5-20", "EventData.hc_stateid": "2"}
{"EventID": "100", "Channel": "Microsoft-Windows-Security-SPP-UX-Notifications/ActionCenter", "Provider_Name": "Microsoft-Windows-Security-SPP-UX-Notifications", "Computer": "DESKTOP-OFJ6N53", "TimeCreated": "2022-03-30 10:48:06.306610+00:00", "RecordID": "103", "Level": "3", "UserID": "S-1-5-20", "EventData.hc_stateid": "2"}
{"EventID": "100", "Channel": "Microsoft-Windows-Security-SPP-UX-Notifications/ActionCenter", "Provider_Name": "Microsoft-Windows-Security-SPP-UX-Notifications", "Computer": "DESKTOP-OFJ6N53", "TimeCreated": "2022-04-05 13:30:55.990583+00:00", "RecordID": "104", "Level": "3", "UserID": "S-1-5-20", "EventData.hc_stateid": "2"}
{"EventID": "100", "Channel": "Microsoft-Windows-Security-SPP-UX-Notifications/ActionCenter", "Provider_Name": "Microsoft-Windows-Security-SPP-UX-Notifications", "Computer": "DESKTOP-OFJ6N53", "TimeCreated": "2022-04-05 13:32:06.560661+00:00", "RecordID": "105", "Level": "3", "UserID": "S-1-5-20", "EventData.hc_stateid": "2"}
{"EventID": "100", "Channel": "Microsoft-Windows-Security-SPP-UX-Notifications/ActionCenter", "Provider_Name": "Microsoft-Windows-Security-SPP-UX-Notifications", "Computer": "DESKTOP-OFJ6N53", "TimeCreated": "2022-04-05 15:58:19.329487+00:00", "RecordID": "106", "Level": "3", "UserID": "S-1-5-20", "EventData.hc_stateid": "2"}
{"EventID": "100", "Channel": "Microsoft-Windows-Security-SPP-UX-Notifications/ActionCenter", "Provider_Name": "Microsoft-Windows-Security-SPP-UX-Notifications", "Computer": "DESKTOP-OFJ6N53", "TimeCreated": "2022-04-06 13:06:08.143181+00:00", "RecordID": "107", "Level": "3", "UserID": "S-1-5-20", "EventData.hc_stateid": "2"}
{"EventID": "100", "Channel": "Microsoft-Windows-Security-SPP-UX-Notifications/ActionCenter", "Provider_Name": "Microsoft-Windows-Security-SPP-UX-Notifications", "Computer": "DESKTOP-OFJ6N53", "TimeCreated": "2022-04-06 13:08:20.082558+00:00", "RecordID": "108", "Level": "3", "UserID": "S-1-5-20", "EventData.hc_stateid": "2"}
{"EventID": "100", "Channel": "Microsoft-Windows-Security-SPP-UX-Notifications/ActionCenter", "Provider_Name": "Microsoft-Windows-Security-SPP-UX-Notifications", "Computer": "DESKTOP-OFJ6N53", "TimeCreated": "2022-04-06 13:09:31.657738+00:00", "RecordID": "109", "Level": "3", "UserID": "S-1-5-20", "EventData.hc_stateid": "2"}
{"EventID": "100", "Channel": "Microsoft-Windows-Security-SPP-UX-Notifications/ActionCenter", "Provider_Name": "Microsoft-Windows-Security-SPP-UX-Notifications", "Computer": "DESKTOP-OFJ6N53", "TimeCreated": "2022-04-06 15:08:08.916313+00:00", "RecordID": "110", "Level": "3", "UserID": "S-1-5-20", "EventData.hc_stateid": "2"}
{"EventID": "100", "Channel": "Microsoft-Windows-Security-SPP-UX-Notifications/ActionCenter", "Provider_Name": "Microsoft-Windows-Security-SPP-UX-Notifications", "Computer": "DESKTOP-OFJ6N53", "TimeCreated": "2022-04-13 07:10:20.481529+00:00", "RecordID": "111", "Level": "3", "UserID": "S-1-5-20", "EventData.hc_stateid": "2"}
{"EventID": "100", "Channel": "Microsoft-Windows-Security-SPP-UX-Notifications/ActionCenter", "Provider_Name": "Microsoft-Windows-Security-SPP-UX-Notifications", "Computer": "DESKTOP-OFJ6N53", "TimeCreated": "2022-04-13 07:11:41.820755+00:00", "RecordID": "112", "Level": "3", "UserID": "S-1-5-20", "EventData.hc_stateid": "2"}
{"EventID": "100", "Channel": "Microsoft-Windows-Security-SPP-UX-Notifications/ActionCenter", "Provider_Name": "Microsoft-Windows-Security-SPP-UX-Notifications", "Computer": "DESKTOP-OFJ6N53", "TimeCreated": "2022-04-13 07:12:52.035921+00:00", "RecordID": "113", "Level": "3", "UserID": "S-1-5-20", "EventData.hc_stateid": "2"}
{"EventID": "100", "Channel": "Microsoft-Windows-Security-SPP-UX-Notifications/ActionCenter", "Provider_Name": "Microsoft-Windows-Security-SPP-UX-Notifications", "Computer": "DESKTOP-OFJ6N53", "TimeCreated": "2022-04-13 12:06:36.764795+00:00", "RecordID": "114", "Level": "3", "UserID": "S-1-5-20", "EventData.hc_stateid": "2"}
{"EventID": "100", "Channel": "Microsoft-Windows-Security-SPP-UX-Notifications/ActionCenter", "Provider_Name": "Microsoft-Windows-Security-SPP-UX-Notifications", "Computer": "DESKTOP-OFJ6N53", "TimeCreated": "2022-04-13 15:58:23.992373+00:00", "RecordID": "115", "Level": "3", "UserID": "S-1-5-20", "EventData.hc_stateid": "2"}
{"EventID": "100", "Channel": "Microsoft-Windows-Security-SPP-UX-Notifications/ActionCenter", "Provider_Name": "Microsoft-Windows-Security-SPP-UX-Notifications", "Computer": "DESKTOP-OFJ6N53", "TimeCreated": "2022-04-13 16:08:29.966764+00:00", "RecordID": "116", "Level": "3", "UserID": "S-1-5-20", "EventData.hc_stateid": "2"}
{"EventID": "100", "Channel": "Microsoft-Windows-Security-SPP-UX-Notifications/ActionCenter", "Provider_Name": "Microsoft-Windows-Security-SPP-UX-Notifications", "Computer": "DESKTOP-OFJ6N53", "TimeCreated": "2022-04-14 16:08:30.170666+00:00", "RecordID": "117", "Level": "3", "UserID": "S-1-5-20", "EventData.hc_stateid": "2"}
{"EventID": "100", "Channel": "Microsoft-Windows-Security-SPP-UX-Notifications/ActionCenter", "Provider_Name": "Microsoft-Windows-Security-SPP-UX-Notifications", "Computer": "DESKTOP-OFJ6N53", "TimeCreated": "2022-04-15 07:47:41.284487+00:00", "RecordID": "118", "Level": "3", "UserID": "S-1-5-20", "EventData.hc_stateid": "2"}
{"EventID": "100", "Channel": "Microsoft-Windows-Security-SPP-UX-Notifications/ActionCenter", "Provider_Name": "Microsoft-Windows-Security-SPP-UX-Notifications", "Computer": "DESKTOP-OFJ6N53", "TimeCreated": "2022-04-15 07:48:09.701893+00:00", "RecordID": "119", "Level": "3", "UserID": "S-1-5-20", "EventData.hc_stateid": "2"}
{"EventID": "100", "Channel": "Microsoft-Windows-Security-SPP-UX-Notifications/ActionCenter", "Provider_Name": "Microsoft-Windows-Security-SPP-UX-Notifications", "Computer": "DESKTOP-OFJ6N53", "TimeCreated": "2022-04-15 12:54:20.968086+00:00", "RecordID": "120", "Level": "3", "UserID": "S-1-5-20", "EventData.hc_stateid": "2"}
{"EventID": "100", "Channel": "Microsoft-Windows-Security-SPP-UX-Notifications/ActionCenter", "Provider_Name": "Microsoft-Windows-Security-SPP-UX-Notifications", "Computer": "DESKTOP-OFJ6N53", "TimeCreated": "2022-04-15 14:45:43.355236+00:00", "RecordID": "121", "Level": "3", "UserID": "S-1-5-20", "EventData.hc_stateid": "2"}
{"EventID": "100", "Channel": "Microsoft-Windows-Security-SPP-UX-Notifications/ActionCenter", "Provider_Name": "Microsoft-Windows-Security-SPP-UX-Notifications", "Computer": "DESKTOP-OFJ6N53", "TimeCreated": "2022-04-18 07:12:46.170277+00:00", "RecordID": "122", "Level": "3", "UserID": "S-1-5-20", "EventData.hc_stateid": "2"}
{"EventID": "100", "Channel": "Microsoft-Windows-Security-SPP-UX-Notifications/ActionCenter", "Provider_Name": "Microsoft-Windows-Security-SPP-UX-Notifications", "Computer": "DESKTOP-OFJ6N53", "TimeCreated": "2022-04-18 14:38:12.525841+00:00", "RecordID": "123", "Level": "3", "UserID": "S-1-5-20", "EventData.hc_stateid": "2"}
{"EventID": "100", "Channel": "Microsoft-Windows-Security-SPP-UX-Notifications/ActionCenter", "Provider_Name": "Microsoft-Windows-Security-SPP-UX-Notifications", "Computer": "DESKTOP-OFJ6N53", "TimeCreated": "2022-04-19 08:37:57.655008+00:00", "RecordID": "124", "Level": "3", "UserID": "S-1-5-20", "EventData.hc_stateid": "2"}
{"EventID": "100", "Channel": "Microsoft-Windows-Security-SPP-UX-Notifications/ActionCenter", "Provider_Name": "Microsoft-Windows-Security-SPP-UX-Notifications", "Computer": "DESKTOP-OFJ6N53", "TimeCreated": "2022-04-19 08:38:05.453279+00:00", "RecordID": "125", "Level": "3", "UserID": "S-1-5-20", "EventData.hc_stateid": "2"}
{"EventID": "100", "Channel": "Microsoft-Windows-Security-SPP-UX-Notifications/ActionCenter", "Provider_Name": "Microsoft-Windows-Security-SPP-UX-Notifications", "Computer": "DESKTOP-OFJ6N53", "TimeCreated": "2022-04-19 08:38:10.418730+00:00", "RecordID": "126", "Level": "3", "UserID": "S-1-5-20", "EventData.hc_stateid": "2"}
{"EventID": "100", "Channel": "Microsoft-Windows-Security-SPP-UX-Notifications/ActionCenter", "Provider_Name": "Microsoft-Windows-Security-SPP-UX-Notifications", "Computer": "DESKTOP-OFJ6N53", "TimeCreated": "2022-04-19 08:38:18.550167+00:00", "RecordID": "127", "Level": "3", "UserID": "S-1-5-20", "EventData.hc_stateid": "2"}
{"EventID": "100", "Channel": "Microsoft-Windows-Security-SPP-UX-Notifications/ActionCenter", "Provider_Name": "Microsoft-Windows-Security-SPP-UX-Notifications", "Computer": "DESKTOP-OFJ6N53", "TimeCreated": "2022-04-19 08:38:27.252842+00:00", "RecordID": "128", "Level": "3", "UserID": "S-1-5-20", "EventData.hc_stateid": "2"}
{"EventID": "100", "Channel": "Microsoft-Windows-Security-SPP-UX-Notifications/ActionCenter", "Provider_Name": "Microsoft-Windows-Security-SPP-UX-Notifications", "Computer": "DESKTOP-OFJ6N53", "TimeCreated": "2022-04-19 08:38:37.955795+00:00", "RecordID": "129", "Level": "3", "UserID": "S-1-5-20", "EventData.hc_stateid": "2"}
{"EventID": "100", "Channel": "Microsoft-Windows-Security-SPP-UX-Notifications/ActionCenter", "Provider_Name": "Microsoft-Windows-Security-SPP-UX-Notifications", "Computer": "DESKTOP-OFJ6N53", "TimeCreated": "2022-04-19 08:38:54.911501+00:00", "RecordID": "130", "Level": "3", "UserID": "S-1-5-20", "EventData.hc_stateid": "2"}
{"EventID": "100", "Channel": "Microsoft-Windows-Security-SPP-UX-Notifications/ActionCenter", "Provider_Name": "Microsoft-Windows-Security-SPP-UX-Notifications", "Computer": "DESKTOP-OFJ6N53", "TimeCreated": "2022-04-19 08:39:08.898806+00:00", "RecordID": "131", "Level": "3", "UserID": "S-1-5-20", "EventData.hc_stateid": "2"}
{"EventID": "100", "Channel": "Microsoft-Windows-Security-SPP-UX-Notifications/ActionCenter", "Provider_Name": "Microsoft-Windows-Security-SPP-UX-Notifications", "Computer": "DESKTOP-OFJ6N53", "TimeCreated": "2022-04-19 08:39:26.265512+00:00", "RecordID": "132", "Level": "3", "UserID": "S-1-5-20", "EventData.hc_stateid": "2"}
{"EventID": "100", "Channel": "Microsoft-Windows-Security-SPP-UX-Notifications/ActionCenter", "Provider_Name": "Microsoft-Windows-Security-SPP-UX-Notifications", "Computer": "DESKTOP-OFJ6N53", "TimeCreated": "2022-04-19 08:39:49.131718+00:00", "RecordID": "133", "Level": "3", "UserID": "S-1-5-20", "EventData.hc_stateid": "2"}
{"EventID": "100", "Channel": "Microsoft-Windows-Security-SPP-UX-Notifications/ActionCenter", "Provider_Name": "Microsoft-Windows-Security-SPP-UX-Notifications", "Computer": "DESKTOP-OFJ6N53", "TimeCreated": "2022-04-19 08:41:03.096350+00:00", "RecordID": "134", "Level": "3", "UserID": "S-1-5-20", "EventData.hc_stateid": "2"}
{"EventID": "100", "Channel": "Microsoft-Windows-Security-SPP-UX-Notifications/ActionCenter", "Provider_Name": "Microsoft-Windows-Security-SPP-UX-Notifications", "Computer": "DESKTOP-OFJ6N53", "TimeCreated": "2022-04-19 08:48:13.772474+00:00", "RecordID": "135", "Level": "3", "UserID": "S-1-5-20", "EventData.hc_stateid": "2"}
{"EventID": "100", "Channel": "Microsoft-Windows-Security-SPP-UX-Notifications/ActionCenter", "Provider_Name": "Microsoft-Windows-Security-SPP-UX-Notifications", "Computer": "DESKTOP-OFJ6N53", "TimeCreated": "2022-04-19 08:49:24.487644+00:00", "RecordID": "136", "Level": "3", "UserID": "S-1-5-20", "EventData.hc_stateid": "2"}
{"EventID": "100", "Channel": "Microsoft-Windows-Security-SPP-UX-Notifications/ActionCenter", "Provider_Name": "Microsoft-Windows-Security-SPP-UX-Notifications", "Computer": "DESKTOP-OFJ6N53", "TimeCreated": "2022-04-19 10:13:36.354574+00:00", "RecordID": "137", "Level": "3", "UserID": "S-1-5-20", "EventData.hc_stateid": "2"}
{"EventID": "100", "Channel": "Microsoft-Windows-Security-SPP-UX-Notifications/ActionCenter", "Provider_Name": "Microsoft-Windows-Security-SPP-UX-Notifications", "Computer": "DESKTOP-OFJ6N53", "TimeCreated": "2022-04-19 11:23:00.854837+00:00", "RecordID": "138", "Level": "3", "UserID": "S-1-5-20", "EventData.hc_stateid": "2"}
{"EventID": "100", "Channel": "Microsoft-Windows-Security-SPP-UX-Notifications/ActionCenter", "Provider_Name": "Microsoft-Windows-Security-SPP-UX-Notifications", "Computer": "DESKTOP-OFJ6N53", "TimeCreated": "2022-04-19 11:23:10.036739+00:00", "RecordID": "139", "Level": "3", "UserID": "S-1-5-20", "EventData.hc_stateid": "2"}
{"EventID": "100", "Channel": "Microsoft-Windows-Security-SPP-UX-Notifications/ActionCenter", "Provider_Name": "Microsoft-Windows-Security-SPP-UX-Notifications", "Computer": "DESKTOP-OFJ6N53", "TimeCreated": "2022-04-20 08:28:01.963362+00:00", "RecordID": "140", "Level": "3", "UserID": "S-1-5-20", "EventData.hc_stateid": "2"}
{"EventID": "100", "Channel": "Microsoft-Windows-Security-SPP-UX-Notifications/ActionCenter", "Provider_Name": "Microsoft-Windows-Security-SPP-UX-Notifications", "Computer": "DESKTOP-OFJ6N53", "TimeCreated": "2022-04-20 08:29:08.683378+00:00", "RecordID": "141", "Level": "3", "UserID": "S-1-5-20", "EventData.hc_stateid": "2"}
{"EventID": "100", "Channel": "Microsoft-Windows-Security-SPP-UX-Notifications/ActionCenter", "Provider_Name": "Microsoft-Windows-Security-SPP-UX-Notifications", "Computer": "DESKTOP-OFJ6N53", "TimeCreated": "2022-04-21 08:29:08.589348+00:00", "RecordID": "142", "Level": "3", "UserID": "S-1-5-20", "EventData.hc_stateid": "2"}
{"EventID": "100", "Channel": "Microsoft-Windows-Security-SPP-UX-Notifications/ActionCenter", "Provider_Name": "Microsoft-Windows-Security-SPP-UX-Notifications", "Computer": "DESKTOP-OFJ6N53", "TimeCreated": "2022-04-22 10:03:23.328661+00:00", "RecordID": "143", "Level": "3", "UserID": "S-1-5-20", "EventData.hc_stateid": "2"}
{"EventID": "100", "Channel": "Microsoft-Windows-Security-SPP-UX-Notifications/ActionCenter", "Provider_Name": "Microsoft-Windows-Security-SPP-UX-Notifications", "Computer": "DESKTOP-OFJ6N53", "TimeCreated": "2022-04-22 10:04:33.453602+00:00", "RecordID": "144", "Level": "3", "UserID": "S-1-5-20", "EventData.hc_stateid": "2"}
{"EventID": "100", "Channel": "Microsoft-Windows-Security-SPP-UX-Notifications/ActionCenter", "Provider_Name": "Microsoft-Windows-Security-SPP-UX-Notifications", "Computer": "DESKTOP-OFJ6N53", "TimeCreated": "2022-04-23 10:04:34.214382+00:00", "RecordID": "145", "Level": "3", "UserID": "S-1-5-20", "EventData.hc_stateid": "2"}
{"EventID": "100", "Channel": "Microsoft-Windows-Security-SPP-UX-Notifications/ActionCenter", "Provider_Name": "Microsoft-Windows-Security-SPP-UX-Notifications", "Computer": "DESKTOP-OFJ6N53", "TimeCreated": "2022-04-26 13:20:55.370735+00:00", "RecordID": "146", "Level": "3", "UserID": "S-1-5-20", "EventData.hc_stateid": "2"}
{"EventID": "100", "Channel": "Microsoft-Windows-Security-SPP-UX-Notifications/ActionCenter", "Provider_Name": "Microsoft-Windows-Security-SPP-UX-Notifications", "Computer": "DESKTOP-OFJ6N53", "TimeCreated": "2022-04-26 13:22:06.102715+00:00", "RecordID": "147", "Level": "3", "UserID": "S-1-5-20", "EventData.hc_stateid": "2"}
{"EventID": "100", "Channel": "Microsoft-Windows-Security-SPP-UX-Notifications/ActionCenter", "Provider_Name": "Microsoft-Windows-Security-SPP-UX-Notifications", "Computer": "DESKTOP-OFJ6N53", "TimeCreated": "2022-04-27 13:22:05.567030+00:00", "RecordID": "148", "Level": "3", "UserID": "S-1-5-20", "EventData.hc_stateid": "2"}
{"EventID": "100", "Channel": "Microsoft-Windows-Security-SPP-UX-Notifications/ActionCenter", "Provider_Name": "Microsoft-Windows-Security-SPP-UX-Notifications", "Computer": "DESKTOP-OFJ6N53", "TimeCreated": "2022-04-28 13:22:05.693047+00:00", "RecordID": "149", "Level": "3", "UserID": "S-1-5-20", "EventData.hc_stateid": "2"}
{"EventID": "100", "Channel": "Microsoft-Windows-Security-SPP-UX-Notifications/ActionCenter", "Provider_Name": "Microsoft-Windows-Security-SPP-UX-Notifications", "Computer": "DESKTOP-OFJ6N53", "TimeCreated": "2022-05-05 10:01:53.504110+00:00", "RecordID": "150", "Level": "3", "UserID": "S-1-5-20", "EventData.hc_stateid": "2"}
{"EventID": "100", "Channel": "Microsoft-Windows-Security-SPP-UX-Notifications/ActionCenter", "Provider_Name": "Microsoft-Windows-Security-SPP-UX-Notifications", "Computer": "DESKTOP-OFJ6N53", "TimeCreated": "2022-05-05 10:07:28.577538+00:00", "RecordID": "151", "Level": "3", "UserID": "S-1-5-20", "EventData.hc_stateid": "2"}
{"EventID": "100", "Channel": "Microsoft-Windows-Security-SPP-UX-Notifications/ActionCenter", "Provider_Name": "Microsoft-Windows-Security-SPP-UX-Notifications", "Computer": "DESKTOP-OFJ6N53", "TimeCreated": "2022-05-05 10:07:48.362076+00:00", "RecordID": "152", "Level": "3", "UserID": "S-1-5-20", "EventData.hc_stateid": "2"}
