{"EventID": "1030", "Channel": "Microsoft-Windows-WFP/Operational", "Provider_Name": "Microsoft-Windows-WFP", "Computer": "DESKTOP-OFJ6N53", "TimeCreated": "2022-12-06 11:52:09.049444+00:00", "RecordID": "128", "Level": "3", "UserID": "S-1-5-19", "EventData.ProcessId": "2372", "EventData.TxnTimeInMSec": "875", "EventData.CommitTimeInMSec": "875", "EventData.WatchdogTimeoutInMSec": "500"}
{"EventID": "1030", "Channel": "Microsoft-Windows-WFP/Operational", "Provider_Name": "Microsoft-Windows-WFP", "Computer": "DESKTOP-OFJ6N53", "TimeCreated": "2022-12-08 11:51:08.039949+00:00", "RecordID": "129", "Level": "3", "UserID": "S-1-5-19", "EventData.ProcessId": "2304", "EventData.TxnTimeInMSec": "7328", "EventData.CommitTimeInMSec": "7281", "EventData.WatchdogTimeoutInMSec": "500"}
{"EventID": "1030", "Channel": "Microsoft-Windows-WFP/Operational", "Provider_Name": "Microsoft-Windows-WFP", "Computer": "DESKTOP-OFJ6N53", "TimeCreated": "2022-12-10 08:15:31.557577+00:00", "RecordID": "130", "Level": "3", "UserID": "S-1-5-19", "EventData.ProcessId": "2440", "EventData.TxnTimeInMSec": "2046", "EventData.CommitTimeInMSec": "1968", "EventData.WatchdogTimeoutInMSec": "500"}
{"EventID": "1030", "Channel": "Microsoft-Windows-WFP/Operational", "Provider_Name": "Microsoft-Windows-WFP", "Computer": "DESKTOP-OFJ6N53", "TimeCreated": "2022-12-13 12:20:18.510307+00:00", "RecordID": "131", "Level": "3", "UserID": "S-1-5-19", "EventData.ProcessId": "2560", "EventData.TxnTimeInMSec": "1750", "EventData.CommitTimeInMSec": "1703", "EventData.WatchdogTimeoutInMSec": "500"}
{"EventID": "1030", "Channel": "Microsoft-Windows-WFP/Operational", "Provider_Name": "Microsoft-Windows-WFP", "Computer": "DESKTOP-OFJ6N53", "TimeCreated": "2022-12-14 07:25:52.270834+00:00", "RecordID": "132", "Level": "3", "UserID": "S-1-5-19", "EventData.ProcessId": "2560", "EventData.TxnTimeInMSec": "609", "EventData.CommitTimeInMSec": "500", "EventData.WatchdogTimeoutInMSec": "500"}
{"EventID": "1030", "Channel": "Microsoft-Windows-WFP/Operational", "Provider_Name": "Microsoft-Windows-WFP", "Computer": "DESKTOP-OFJ6N53", "TimeCreated": "2022-12-18 15:02:06.662981+00:00", "RecordID": "133", "Level": "3", "UserID": "S-1-5-19", "EventData.ProcessId": "2408", "EventData.TxnTimeInMSec": "5125", "EventData.CommitTimeInMSec": "4985", "EventData.WatchdogTimeoutInMSec": "500"}
{"EventID": "1030", "Channel": "Microsoft-Windows-WFP/Operational", "Provider_Name": "Microsoft-Windows-WFP", "Computer": "DESKTOP-OFJ6N53", "TimeCreated": "2022-12-27 09:21:20.065912+00:00", "RecordID": "134", "Level": "3", "UserID": "S-1-5-19", "EventData.ProcessId": "2296", "EventData.TxnTimeInMSec": "35484", "EventData.CommitTimeInMSec": "8234", "EventData.WatchdogTimeoutInMSec": "500"}
{"EventID": "1030", "Channel": "Microsoft-Windows-WFP/Operational", "Provider_Name": "Microsoft-Windows-WFP", "Computer": "DESKTOP-OFJ6N53", "TimeCreated": "2022-12-27 09:21:20.801107+00:00", "RecordID": "135", "Level": "3", "UserID": "S-1-5-19", "EventData.ProcessId": "2296", "EventData.TxnTimeInMSec": "516", "EventData.CommitTimeInMSec": "204", "EventData.WatchdogTimeoutInMSec": "500"}
{"EventID": "1030", "Channel": "Microsoft-Windows-WFP/Operational", "Provider_Name": "Microsoft-Windows-WFP", "Computer": "DESKTOP-OFJ6N53", "TimeCreated": "2022-12-28 11:14:30.873209+00:00", "RecordID": "136", "Level": "3", "UserID": "S-1-5-19", "EventData.ProcessId": "2276", "EventData.TxnTimeInMSec": "1906", "EventData.CommitTimeInMSec": "1875", "EventData.WatchdogTimeoutInMSec": "500"}
{"EventID": "1030", "Channel": "Microsoft-Windows-WFP/Operational", "Provider_Name": "Microsoft-Windows-WFP", "Computer": "DESKTOP-OFJ6N53", "TimeCreated": "2022-12-30 09:22:51.025658+00:00", "RecordID": "137", "Level": "3", "UserID": "S-1-5-19", "EventData.ProcessId": "2380", "EventData.TxnTimeInMSec": "1547", "EventData.CommitTimeInMSec": "1531", "EventData.WatchdogTimeoutInMSec": "500"}
{"EventID": "1030", "Channel": "Microsoft-Windows-WFP/Operational", "Provider_Name": "Microsoft-Windows-WFP", "Computer": "DESKTOP-OFJ6N53", "TimeCreated": "2023-01-10 07:47:58.809978+00:00", "RecordID": "138", "Level": "3", "UserID": "S-1-5-19", "EventData.ProcessId": "2380", "EventData.TxnTimeInMSec": "43797", "EventData.CommitTimeInMSec": "43781", "EventData.WatchdogTimeoutInMSec": "500"}
{"EventID": "1030", "Channel": "Microsoft-Windows-WFP/Operational", "Provider_Name": "Microsoft-Windows-WFP", "Computer": "DESKTOP-OFJ6N53", "TimeCreated": "2023-01-11 06:01:08.463078+00:00", "RecordID": "139", "Level": "3", "UserID": "S-1-5-19", "EventData.ProcessId": "2636", "EventData.TxnTimeInMSec": "16968", "EventData.CommitTimeInMSec": "10390", "EventData.WatchdogTimeoutInMSec": "500"}
{"EventID": "1030", "Channel": "Microsoft-Windows-WFP/Operational", "Provider_Name": "Microsoft-Windows-WFP", "Computer": "DESKTOP-OFJ6N53", "TimeCreated": "2023-01-11 06:01:10.288910+00:00", "RecordID": "140", "Level": "3", "UserID": "S-1-5-19", "EventData.ProcessId": "2636", "EventData.TxnTimeInMSec": "1593", "EventData.CommitTimeInMSec": "734", "EventData.WatchdogTimeoutInMSec": "500"}
{"EventID": "1030", "Channel": "Microsoft-Windows-WFP/Operational", "Provider_Name": "Microsoft-Windows-WFP", "Computer": "DESKTOP-OFJ6N53", "TimeCreated": "2023-01-11 10:05:28.676098+00:00", "RecordID": "141", "Level": "3", "UserID": "S-1-5-19", "EventData.ProcessId": "2636", "EventData.TxnTimeInMSec": "6672", "EventData.CommitTimeInMSec": "1453", "EventData.WatchdogTimeoutInMSec": "500"}
{"EventID": "1030", "Channel": "Microsoft-Windows-WFP/Operational", "Provider_Name": "Microsoft-Windows-WFP", "Computer": "DESKTOP-OFJ6N53", "TimeCreated": "2023-01-17 08:25:08.730576+00:00", "RecordID": "142", "Level": "3", "UserID": "S-1-5-19", "EventData.ProcessId": "2384", "EventData.TxnTimeInMSec": "688", "EventData.CommitTimeInMSec": "375", "EventData.WatchdogTimeoutInMSec": "500"}
{"EventID": "1030", "Channel": "Microsoft-Windows-WFP/Operational", "Provider_Name": "Microsoft-Windows-WFP", "Computer": "DESKTOP-OFJ6N53", "TimeCreated": "2023-01-18 02:41:31.914133+00:00", "RecordID": "143", "Level": "3", "UserID": "S-1-5-19", "EventData.ProcessId": "2424", "EventData.TxnTimeInMSec": "42031", "EventData.CommitTimeInMSec": "38203", "EventData.WatchdogTimeoutInMSec": "500"}
{"EventID": "1030", "Channel": "Microsoft-Windows-WFP/Operational", "Provider_Name": "Microsoft-Windows-WFP", "Computer": "DESKTOP-OFJ6N53", "TimeCreated": "2023-01-18 02:41:38.430048+00:00", "RecordID": "144", "Level": "3", "UserID": "S-1-5-19", "EventData.ProcessId": "2424", "EventData.TxnTimeInMSec": "1516", "EventData.CommitTimeInMSec": "125", "EventData.WatchdogTimeoutInMSec": "500"}
{"EventID": "1030", "Channel": "Microsoft-Windows-WFP/Operational", "Provider_Name": "Microsoft-Windows-WFP", "Computer": "DESKTOP-OFJ6N53", "TimeCreated": "2023-01-18 02:43:07.584719+00:00", "RecordID": "145", "Level": "3", "UserID": "S-1-5-19", "EventData.ProcessId": "2424", "EventData.TxnTimeInMSec": "906", "EventData.CommitTimeInMSec": "234", "EventData.WatchdogTimeoutInMSec": "500"}
{"EventID": "1030", "Channel": "Microsoft-Windows-WFP/Operational", "Provider_Name": "Microsoft-Windows-WFP", "Computer": "DESKTOP-OFJ6N53", "TimeCreated": "2023-01-18 08:57:55.543377+00:00", "RecordID": "146", "Level": "3", "UserID": "S-1-5-19", "EventData.ProcessId": "2424", "EventData.TxnTimeInMSec": "3781", "EventData.CommitTimeInMSec": "3781", "EventData.WatchdogTimeoutInMSec": "500"}
{"EventID": "1030", "Channel": "Microsoft-Windows-WFP/Operational", "Provider_Name": "Microsoft-Windows-WFP", "Computer": "DESKTOP-OFJ6N53", "TimeCreated": "2023-01-18 09:26:23.603785+00:00", "RecordID": "147", "Level": "3", "UserID": "S-1-5-19", "EventData.ProcessId": "2424", "EventData.TxnTimeInMSec": "922", "EventData.CommitTimeInMSec": "422", "EventData.WatchdogTimeoutInMSec": "500"}
{"EventID": "1030", "Channel": "Microsoft-Windows-WFP/Operational", "Provider_Name": "Microsoft-Windows-WFP", "Computer": "DESKTOP-OFJ6N53", "TimeCreated": "2023-01-19 07:58:29.926344+00:00", "RecordID": "148", "Level": "3", "UserID": "S-1-5-19", "EventData.ProcessId": "2424", "EventData.TxnTimeInMSec": "4078", "EventData.CommitTimeInMSec": "3984", "EventData.WatchdogTimeoutInMSec": "500"}
{"EventID": "1030", "Channel": "Microsoft-Windows-WFP/Operational", "Provider_Name": "Microsoft-Windows-WFP", "Computer": "DESKTOP-OFJ6N53", "TimeCreated": "2023-01-20 02:45:00.722563+00:00", "RecordID": "149", "Level": "3", "UserID": "S-1-5-19", "EventData.ProcessId": "2360", "EventData.TxnTimeInMSec": "703", "EventData.CommitTimeInMSec": "281", "EventData.WatchdogTimeoutInMSec": "500"}
{"EventID": "1030", "Channel": "Microsoft-Windows-WFP/Operational", "Provider_Name": "Microsoft-Windows-WFP", "Computer": "DESKTOP-OFJ6N53", "TimeCreated": "2023-01-20 02:45:29.332325+00:00", "RecordID": "150", "Level": "3", "UserID": "S-1-5-19", "EventData.ProcessId": "2360", "EventData.TxnTimeInMSec": "2438", "EventData.CommitTimeInMSec": "735", "EventData.WatchdogTimeoutInMSec": "500"}
{"EventID": "1030", "Channel": "Microsoft-Windows-WFP/Operational", "Provider_Name": "Microsoft-Windows-WFP", "Computer": "DESKTOP-OFJ6N53", "TimeCreated": "2023-01-23 22:07:14.997326+00:00", "RecordID": "151", "Level": "3", "UserID": "S-1-5-19", "EventData.ProcessId": "2324", "EventData.TxnTimeInMSec": "1828", "EventData.CommitTimeInMSec": "1765", "EventData.WatchdogTimeoutInMSec": "500"}
{"EventID": "1030", "Channel": "Microsoft-Windows-WFP/Operational", "Provider_Name": "Microsoft-Windows-WFP", "Computer": "DESKTOP-OFJ6N53", "TimeCreated": "2023-01-24 10:53:34.955065+00:00", "RecordID": "152", "Level": "3", "UserID": "S-1-5-19", "EventData.ProcessId": "2324", "EventData.TxnTimeInMSec": "500", "EventData.CommitTimeInMSec": "453", "EventData.WatchdogTimeoutInMSec": "500"}
{"EventID": "1030", "Channel": "Microsoft-Windows-WFP/Operational", "Provider_Name": "Microsoft-Windows-WFP", "Computer": "DESKTOP-OFJ6N53", "TimeCreated": "2023-01-27 07:34:14.672293+00:00", "RecordID": "153", "Level": "3", "UserID": "S-1-5-19", "EventData.ProcessId": "2552", "EventData.TxnTimeInMSec": "562", "EventData.CommitTimeInMSec": "312", "EventData.WatchdogTimeoutInMSec": "500"}
{"EventID": "1030", "Channel": "Microsoft-Windows-WFP/Operational", "Provider_Name": "Microsoft-Windows-WFP", "Computer": "DESKTOP-OFJ6N53", "TimeCreated": "2023-01-31 16:05:40.839157+00:00", "RecordID": "154", "Level": "3", "UserID": "S-1-5-19", "EventData.ProcessId": "2716", "EventData.TxnTimeInMSec": "1063", "EventData.CommitTimeInMSec": "1016", "EventData.WatchdogTimeoutInMSec": "500"}
{"EventID": "1030", "Channel": "Microsoft-Windows-WFP/Operational", "Provider_Name": "Microsoft-Windows-WFP", "Computer": "DESKTOP-OFJ6N53", "TimeCreated": "2023-02-03 14:38:26.576195+00:00", "RecordID": "155", "Level": "3", "UserID": "S-1-5-19", "EventData.ProcessId": "2716", "EventData.TxnTimeInMSec": "3625", "EventData.CommitTimeInMSec": "3578", "EventData.WatchdogTimeoutInMSec": "500"}
{"EventID": "1030", "Channel": "Microsoft-Windows-WFP/Operational", "Provider_Name": "Microsoft-Windows-WFP", "Computer": "DESKTOP-OFJ6N53", "TimeCreated": "2023-02-06 13:30:26.775978+00:00", "RecordID": "156", "Level": "3", "UserID": "S-1-5-19", "EventData.ProcessId": "2716", "EventData.TxnTimeInMSec": "13688", "EventData.CommitTimeInMSec": "13641", "EventData.WatchdogTimeoutInMSec": "500"}
{"EventID": "1030", "Channel": "Microsoft-Windows-WFP/Operational", "Provider_Name": "Microsoft-Windows-WFP", "Computer": "DESKTOP-OFJ6N53", "TimeCreated": "2023-02-07 03:53:52.744661+00:00", "RecordID": "157", "Level": "3", "UserID": "S-1-5-19", "EventData.ProcessId": "2716", "EventData.TxnTimeInMSec": "1157", "EventData.CommitTimeInMSec": "78", "EventData.WatchdogTimeoutInMSec": "500"}
{"EventID": "1030", "Channel": "Microsoft-Windows-WFP/Operational", "Provider_Name": "Microsoft-Windows-WFP", "Computer": "DESKTOP-OFJ6N53", "TimeCreated": "2023-02-08 06:29:02.110981+00:00", "RecordID": "158", "Level": "3", "UserID": "S-1-5-19", "EventData.ProcessId": "2716", "EventData.TxnTimeInMSec": "2407", "EventData.CommitTimeInMSec": "2391", "EventData.WatchdogTimeoutInMSec": "500"}
{"EventID": "1030", "Channel": "Microsoft-Windows-WFP/Operational", "Provider_Name": "Microsoft-Windows-WFP", "Computer": "DESKTOP-OFJ6N53", "TimeCreated": "2023-02-13 09:40:54.586893+00:00", "RecordID": "159", "Level": "3", "UserID": "S-1-5-19", "EventData.ProcessId": "2360", "EventData.TxnTimeInMSec": "18110", "EventData.CommitTimeInMSec": "17985", "EventData.WatchdogTimeoutInMSec": "500"}
{"EventID": "1030", "Channel": "Microsoft-Windows-WFP/Operational", "Provider_Name": "Microsoft-Windows-WFP", "Computer": "DESKTOP-OFJ6N53", "TimeCreated": "2023-02-14 07:52:22.133930+00:00", "RecordID": "160", "Level": "3", "UserID": "S-1-5-19", "EventData.ProcessId": "2360", "EventData.TxnTimeInMSec": "2968", "EventData.CommitTimeInMSec": "2906", "EventData.WatchdogTimeoutInMSec": "500"}
{"EventID": "1030", "Channel": "Microsoft-Windows-WFP/Operational", "Provider_Name": "Microsoft-Windows-WFP", "Computer": "DESKTOP-OFJ6N53", "TimeCreated": "2023-02-15 12:31:00.236025+00:00", "RecordID": "161", "Level": "3", "UserID": "S-1-5-19", "EventData.ProcessId": "4", "EventData.TxnTimeInMSec": "500", "EventData.CommitTimeInMSec": "0", "EventData.WatchdogTimeoutInMSec": "500"}
{"EventID": "1030", "Channel": "Microsoft-Windows-WFP/Operational", "Provider_Name": "Microsoft-Windows-WFP", "Computer": "DESKTOP-OFJ6N53", "TimeCreated": "2023-02-15 12:31:16.926842+00:00", "RecordID": "162", "Level": "3", "UserID": "S-1-5-19", "EventData.ProcessId": "3768", "EventData.TxnTimeInMSec": "2312", "EventData.CommitTimeInMSec": "406", "EventData.WatchdogTimeoutInMSec": "500"}
{"EventID": "1030", "Channel": "Microsoft-Windows-WFP/Operational", "Provider_Name": "Microsoft-Windows-WFP", "Computer": "DESKTOP-OFJ6N53", "TimeCreated": "2023-02-16 01:24:32.905607+00:00", "RecordID": "163", "Level": "3", "UserID": "S-1-5-19", "EventData.ProcessId": "3744", "EventData.TxnTimeInMSec": "563", "EventData.CommitTimeInMSec": "0", "EventData.WatchdogTimeoutInMSec": "500"}
{"EventID": "1030", "Channel": "Microsoft-Windows-WFP/Operational", "Provider_Name": "Microsoft-Windows-WFP", "Computer": "DESKTOP-OFJ6N53", "TimeCreated": "2023-02-27 12:58:19.260303+00:00", "RecordID": "164", "Level": "3", "UserID": "S-1-5-19", "EventData.ProcessId": "3464", "EventData.TxnTimeInMSec": "49297", "EventData.CommitTimeInMSec": "48937", "EventData.WatchdogTimeoutInMSec": "500"}
{"EventID": "1030", "Channel": "Microsoft-Windows-WFP/Operational", "Provider_Name": "Microsoft-Windows-WFP", "Computer": "DESKTOP-OFJ6N53", "TimeCreated": "2023-03-02 14:23:12.264088+00:00", "RecordID": "165", "Level": "3", "UserID": "S-1-5-19", "EventData.ProcessId": "3760", "EventData.TxnTimeInMSec": "594", "EventData.CommitTimeInMSec": "453", "EventData.WatchdogTimeoutInMSec": "500"}
{"EventID": "1030", "Channel": "Microsoft-Windows-WFP/Operational", "Provider_Name": "Microsoft-Windows-WFP", "Computer": "DESKTOP-OFJ6N53", "TimeCreated": "2023-03-04 21:47:54.497297+00:00", "RecordID": "166", "Level": "3", "UserID": "S-1-5-19", "EventData.ProcessId": "3760", "EventData.TxnTimeInMSec": "797", "EventData.CommitTimeInMSec": "110", "EventData.WatchdogTimeoutInMSec": "500"}
{"EventID": "1030", "Channel": "Microsoft-Windows-WFP/Operational", "Provider_Name": "Microsoft-Windows-WFP", "Computer": "DESKTOP-OFJ6N53", "TimeCreated": "2023-03-07 10:46:20.397619+00:00", "RecordID": "167", "Level": "3", "UserID": "S-1-5-19", "EventData.ProcessId": "2720", "EventData.TxnTimeInMSec": "687", "EventData.CommitTimeInMSec": "640", "EventData.WatchdogTimeoutInMSec": "500"}
{"EventID": "1030", "Channel": "Microsoft-Windows-WFP/Operational", "Provider_Name": "Microsoft-Windows-WFP", "Computer": "DESKTOP-OFJ6N53", "TimeCreated": "2023-03-10 10:27:13.317196+00:00", "RecordID": "168", "Level": "3", "UserID": "S-1-5-19", "EventData.ProcessId": "2720", "EventData.TxnTimeInMSec": "6516", "EventData.CommitTimeInMSec": "6328", "EventData.WatchdogTimeoutInMSec": "500"}
{"EventID": "1030", "Channel": "Microsoft-Windows-WFP/Operational", "Provider_Name": "Microsoft-Windows-WFP", "Computer": "DESKTOP-OFJ6N53", "TimeCreated": "2023-03-13 11:09:22.004248+00:00", "RecordID": "169", "Level": "3", "UserID": "S-1-5-19", "EventData.ProcessId": "2644", "EventData.TxnTimeInMSec": "2531", "EventData.CommitTimeInMSec": "875", "EventData.WatchdogTimeoutInMSec": "500"}
{"EventID": "1030", "Channel": "Microsoft-Windows-WFP/Operational", "Provider_Name": "Microsoft-Windows-WFP", "Computer": "DESKTOP-OFJ6N53", "TimeCreated": "2023-03-13 11:09:32.719519+00:00", "RecordID": "170", "Level": "3", "UserID": "S-1-5-19", "EventData.ProcessId": "2644", "EventData.TxnTimeInMSec": "1719", "EventData.CommitTimeInMSec": "656", "EventData.WatchdogTimeoutInMSec": "500"}
{"EventID": "1030", "Channel": "Microsoft-Windows-WFP/Operational", "Provider_Name": "Microsoft-Windows-WFP", "Computer": "DESKTOP-OFJ6N53", "TimeCreated": "2023-03-14 01:10:37.931023+00:00", "RecordID": "171", "Level": "3", "UserID": "S-1-5-19", "EventData.ProcessId": "2644", "EventData.TxnTimeInMSec": "1406", "EventData.CommitTimeInMSec": "1110", "EventData.WatchdogTimeoutInMSec": "500"}
{"EventID": "1030", "Channel": "Microsoft-Windows-WFP/Operational", "Provider_Name": "Microsoft-Windows-WFP", "Computer": "DESKTOP-OFJ6N53", "TimeCreated": "2023-03-14 10:00:05.625662+00:00", "RecordID": "172", "Level": "3", "UserID": "S-1-5-19", "EventData.ProcessId": "2644", "EventData.TxnTimeInMSec": "609", "EventData.CommitTimeInMSec": "578", "EventData.WatchdogTimeoutInMSec": "500"}
{"EventID": "1030", "Channel": "Microsoft-Windows-WFP/Operational", "Provider_Name": "Microsoft-Windows-WFP", "Computer": "DESKTOP-OFJ6N53", "TimeCreated": "2023-03-14 22:08:59.796362+00:00", "RecordID": "173", "Level": "3", "UserID": "S-1-5-19", "EventData.ProcessId": "2644", "EventData.TxnTimeInMSec": "578", "EventData.CommitTimeInMSec": "47", "EventData.WatchdogTimeoutInMSec": "500"}
{"EventID": "1030", "Channel": "Microsoft-Windows-WFP/Operational", "Provider_Name": "Microsoft-Windows-WFP", "Computer": "DESKTOP-OFJ6N53", "TimeCreated": "2023-03-15 00:15:05.499897+00:00", "RecordID": "174", "Level": "3", "UserID": "S-1-5-19", "EventData.ProcessId": "2644", "EventData.TxnTimeInMSec": "796", "EventData.CommitTimeInMSec": "15", "EventData.WatchdogTimeoutInMSec": "500"}
{"EventID": "1030", "Channel": "Microsoft-Windows-WFP/Operational", "Provider_Name": "Microsoft-Windows-WFP", "Computer": "DESKTOP-OFJ6N53", "TimeCreated": "2023-03-16 15:04:42.490284+00:00", "RecordID": "175", "Level": "3", "UserID": "S-1-5-19", "EventData.ProcessId": "2236", "EventData.TxnTimeInMSec": "781", "EventData.CommitTimeInMSec": "672", "EventData.WatchdogTimeoutInMSec": "500"}
{"EventID": "1030", "Channel": "Microsoft-Windows-WFP/Operational", "Provider_Name": "Microsoft-Windows-WFP", "Computer": "DESKTOP-OFJ6N53", "TimeCreated": "2023-03-16 15:04:44.495880+00:00", "RecordID": "176", "Level": "3", "UserID": "S-1-5-19", "EventData.ProcessId": "2236", "EventData.TxnTimeInMSec": "1969", "EventData.CommitTimeInMSec": "1953", "EventData.WatchdogTimeoutInMSec": "500"}
{"EventID": "1030", "Channel": "Microsoft-Windows-WFP/Operational", "Provider_Name": "Microsoft-Windows-WFP", "Computer": "DESKTOP-OFJ6N53", "TimeCreated": "2023-03-17 11:17:43.676281+00:00", "RecordID": "177", "Level": "3", "UserID": "S-1-5-19", "EventData.ProcessId": "2236", "EventData.TxnTimeInMSec": "4016", "EventData.CommitTimeInMSec": "1250", "EventData.WatchdogTimeoutInMSec": "500"}
{"EventID": "1030", "Channel": "Microsoft-Windows-WFP/Operational", "Provider_Name": "Microsoft-Windows-WFP", "Computer": "DESKTOP-OFJ6N53", "TimeCreated": "2023-03-18 01:36:01.704872+00:00", "RecordID": "178", "Level": "3", "UserID": "S-1-5-19", "EventData.ProcessId": "2236", "EventData.TxnTimeInMSec": "797", "EventData.CommitTimeInMSec": "735", "EventData.WatchdogTimeoutInMSec": "500"}
{"EventID": "1030", "Channel": "Microsoft-Windows-WFP/Operational", "Provider_Name": "Microsoft-Windows-WFP", "Computer": "DESKTOP-OFJ6N53", "TimeCreated": "2023-03-19 01:05:23.191967+00:00", "RecordID": "179", "Level": "3", "UserID": "S-1-5-19", "EventData.ProcessId": "2184", "EventData.TxnTimeInMSec": "547", "EventData.CommitTimeInMSec": "0", "EventData.WatchdogTimeoutInMSec": "500"}
{"EventID": "1030", "Channel": "Microsoft-Windows-WFP/Operational", "Provider_Name": "Microsoft-Windows-WFP", "Computer": "DESKTOP-OFJ6N53", "TimeCreated": "2023-03-20 08:30:29.372929+00:00", "RecordID": "180", "Level": "3", "UserID": "S-1-5-19", "EventData.ProcessId": "0", "EventData.TxnTimeInMSec": "1515", "EventData.CommitTimeInMSec": "125", "EventData.WatchdogTimeoutInMSec": "500"}
{"EventID": "1030", "Channel": "Microsoft-Windows-WFP/Operational", "Provider_Name": "Microsoft-Windows-WFP", "Computer": "DESKTOP-OFJ6N53", "TimeCreated": "2023-03-20 08:30:31.592165+00:00", "RecordID": "181", "Level": "3", "UserID": "S-1-5-19", "EventData.ProcessId": "2668", "EventData.TxnTimeInMSec": "625", "EventData.CommitTimeInMSec": "15", "EventData.WatchdogTimeoutInMSec": "500"}
{"EventID": "1030", "Channel": "Microsoft-Windows-WFP/Operational", "Provider_Name": "Microsoft-Windows-WFP", "Computer": "DESKTOP-OFJ6N53", "TimeCreated": "2023-03-20 08:30:49.388174+00:00", "RecordID": "182", "Level": "3", "UserID": "S-1-5-19", "EventData.ProcessId": "2668", "EventData.TxnTimeInMSec": "1203", "EventData.CommitTimeInMSec": "250", "EventData.WatchdogTimeoutInMSec": "500"}
{"EventID": "1030", "Channel": "Microsoft-Windows-WFP/Operational", "Provider_Name": "Microsoft-Windows-WFP", "Computer": "DESKTOP-OFJ6N53", "TimeCreated": "2023-03-20 08:30:58.769766+00:00", "RecordID": "183", "Level": "3", "UserID": "S-1-5-19", "EventData.ProcessId": "2668", "EventData.TxnTimeInMSec": "531", "EventData.CommitTimeInMSec": "125", "EventData.WatchdogTimeoutInMSec": "500"}
{"EventID": "1030", "Channel": "Microsoft-Windows-WFP/Operational", "Provider_Name": "Microsoft-Windows-WFP", "Computer": "DESKTOP-OFJ6N53", "TimeCreated": "2023-03-21 09:17:31.442192+00:00", "RecordID": "184", "Level": "3", "UserID": "S-1-5-19", "EventData.ProcessId": "2668", "EventData.TxnTimeInMSec": "11360", "EventData.CommitTimeInMSec": "1000", "EventData.WatchdogTimeoutInMSec": "500"}
{"EventID": "1030", "Channel": "Microsoft-Windows-WFP/Operational", "Provider_Name": "Microsoft-Windows-WFP", "Computer": "DESKTOP-OFJ6N53", "TimeCreated": "2023-03-23 22:44:57.157442+00:00", "RecordID": "185", "Level": "3", "UserID": "S-1-5-19", "EventData.ProcessId": "2532", "EventData.TxnTimeInMSec": "4546", "EventData.CommitTimeInMSec": "4515", "EventData.WatchdogTimeoutInMSec": "500"}
{"EventID": "1030", "Channel": "Microsoft-Windows-WFP/Operational", "Provider_Name": "Microsoft-Windows-WFP", "Computer": "DESKTOP-OFJ6N53", "TimeCreated": "2023-03-24 11:05:26.087137+00:00", "RecordID": "186", "Level": "3", "UserID": "S-1-5-19", "EventData.ProcessId": "2532", "EventData.TxnTimeInMSec": "547", "EventData.CommitTimeInMSec": "484", "EventData.WatchdogTimeoutInMSec": "500"}
{"EventID": "1030", "Channel": "Microsoft-Windows-WFP/Operational", "Provider_Name": "Microsoft-Windows-WFP", "Computer": "DESKTOP-OFJ6N53", "TimeCreated": "2023-03-24 11:05:31.425154+00:00", "RecordID": "187", "Level": "3", "UserID": "S-1-5-19", "EventData.ProcessId": "2532", "EventData.TxnTimeInMSec": "5203", "EventData.CommitTimeInMSec": "4922", "EventData.WatchdogTimeoutInMSec": "500"}
{"EventID": "1030", "Channel": "Microsoft-Windows-WFP/Operational", "Provider_Name": "Microsoft-Windows-WFP", "Computer": "DESKTOP-OFJ6N53", "TimeCreated": "2023-03-24 12:47:27.093328+00:00", "RecordID": "188", "Level": "3", "UserID": "S-1-5-19", "EventData.ProcessId": "2532", "EventData.TxnTimeInMSec": "563", "EventData.CommitTimeInMSec": "16", "EventData.WatchdogTimeoutInMSec": "500"}
{"EventID": "1030", "Channel": "Microsoft-Windows-WFP/Operational", "Provider_Name": "Microsoft-Windows-WFP", "Computer": "DESKTOP-OFJ6N53", "TimeCreated": "2023-03-24 14:25:37.746098+00:00", "RecordID": "189", "Level": "3", "UserID": "S-1-5-19", "EventData.ProcessId": "2532", "EventData.TxnTimeInMSec": "625", "EventData.CommitTimeInMSec": "610", "EventData.WatchdogTimeoutInMSec": "500"}
{"EventID": "1030", "Channel": "Microsoft-Windows-WFP/Operational", "Provider_Name": "Microsoft-Windows-WFP", "Computer": "DESKTOP-OFJ6N53", "TimeCreated": "2023-03-28 07:20:00.857168+00:00", "RecordID": "190", "Level": "3", "UserID": "S-1-5-19", "EventData.ProcessId": "2532", "EventData.TxnTimeInMSec": "26719", "EventData.CommitTimeInMSec": "26484", "EventData.WatchdogTimeoutInMSec": "500"}
{"EventID": "1030", "Channel": "Microsoft-Windows-WFP/Operational", "Provider_Name": "Microsoft-Windows-WFP", "Computer": "DESKTOP-OFJ6N53", "TimeCreated": "2023-03-28 13:52:40.962877+00:00", "RecordID": "191", "Level": "3", "UserID": "S-1-5-19", "EventData.ProcessId": "2532", "EventData.TxnTimeInMSec": "1438", "EventData.CommitTimeInMSec": "782", "EventData.WatchdogTimeoutInMSec": "500"}
{"EventID": "1030", "Channel": "Microsoft-Windows-WFP/Operational", "Provider_Name": "Microsoft-Windows-WFP", "Computer": "DESKTOP-OFJ6N53", "TimeCreated": "2023-03-29 03:24:59.824650+00:00", "RecordID": "192", "Level": "3", "UserID": "S-1-5-19", "EventData.ProcessId": "2532", "EventData.TxnTimeInMSec": "4734", "EventData.CommitTimeInMSec": "4313", "EventData.WatchdogTimeoutInMSec": "500"}
{"EventID": "1030", "Channel": "Microsoft-Windows-WFP/Operational", "Provider_Name": "Microsoft-Windows-WFP", "Computer": "DESKTOP-OFJ6N53", "TimeCreated": "2023-03-29 10:50:42.134424+00:00", "RecordID": "193", "Level": "3", "UserID": "S-1-5-19", "EventData.ProcessId": "2532", "EventData.TxnTimeInMSec": "2265", "EventData.CommitTimeInMSec": "2234", "EventData.WatchdogTimeoutInMSec": "500"}
{"EventID": "1030", "Channel": "Microsoft-Windows-WFP/Operational", "Provider_Name": "Microsoft-Windows-WFP", "Computer": "DESKTOP-OFJ6N53", "TimeCreated": "2023-03-29 15:44:39.674623+00:00", "RecordID": "194", "Level": "3", "UserID": "S-1-5-19", "EventData.ProcessId": "2296", "EventData.TxnTimeInMSec": "610", "EventData.CommitTimeInMSec": "297", "EventData.WatchdogTimeoutInMSec": "500"}
{"EventID": "1030", "Channel": "Microsoft-Windows-WFP/Operational", "Provider_Name": "Microsoft-Windows-WFP", "Computer": "DESKTOP-OFJ6N53", "TimeCreated": "2023-03-30 03:45:45.014143+00:00", "RecordID": "195", "Level": "3", "UserID": "S-1-5-19", "EventData.ProcessId": "2296", "EventData.TxnTimeInMSec": "2578", "EventData.CommitTimeInMSec": "2125", "EventData.WatchdogTimeoutInMSec": "500"}
{"EventID": "1030", "Channel": "Microsoft-Windows-WFP/Operational", "Provider_Name": "Microsoft-Windows-WFP", "Computer": "DESKTOP-OFJ6N53", "TimeCreated": "2023-03-30 14:14:12.444479+00:00", "RecordID": "196", "Level": "3", "UserID": "S-1-5-19", "EventData.ProcessId": "2296", "EventData.TxnTimeInMSec": "562", "EventData.CommitTimeInMSec": "78", "EventData.WatchdogTimeoutInMSec": "500"}
{"EventID": "1030", "Channel": "Microsoft-Windows-WFP/Operational", "Provider_Name": "Microsoft-Windows-WFP", "Computer": "DESKTOP-OFJ6N53", "TimeCreated": "2023-03-30 15:47:48.167837+00:00", "RecordID": "197", "Level": "3", "UserID": "S-1-5-19", "EventData.ProcessId": "2296", "EventData.TxnTimeInMSec": "735", "EventData.CommitTimeInMSec": "47", "EventData.WatchdogTimeoutInMSec": "500"}
{"EventID": "1030", "Channel": "Microsoft-Windows-WFP/Operational", "Provider_Name": "Microsoft-Windows-WFP", "Computer": "DESKTOP-OFJ6N53", "TimeCreated": "2023-03-30 15:47:58.569851+00:00", "RecordID": "198", "Level": "3", "UserID": "S-1-5-19", "EventData.ProcessId": "2296", "EventData.TxnTimeInMSec": "1328", "EventData.CommitTimeInMSec": "1312", "EventData.WatchdogTimeoutInMSec": "500"}
{"EventID": "1030", "Channel": "Microsoft-Windows-WFP/Operational", "Provider_Name": "Microsoft-Windows-WFP", "Computer": "DESKTOP-OFJ6N53", "TimeCreated": "2023-03-30 15:48:24.530872+00:00", "RecordID": "199", "Level": "3", "UserID": "S-1-5-19", "EventData.ProcessId": "2296", "EventData.TxnTimeInMSec": "1687", "EventData.CommitTimeInMSec": "359", "EventData.WatchdogTimeoutInMSec": "500"}
{"EventID": "1030", "Channel": "Microsoft-Windows-WFP/Operational", "Provider_Name": "Microsoft-Windows-WFP", "Computer": "DESKTOP-OFJ6N53", "TimeCreated": "2023-04-03 12:08:43.871939+00:00", "RecordID": "200", "Level": "3", "UserID": "S-1-5-19", "EventData.ProcessId": "4520", "EventData.TxnTimeInMSec": "562", "EventData.CommitTimeInMSec": "0", "EventData.WatchdogTimeoutInMSec": "500"}
{"EventID": "1030", "Channel": "Microsoft-Windows-WFP/Operational", "Provider_Name": "Microsoft-Windows-WFP", "Computer": "DESKTOP-OFJ6N53", "TimeCreated": "2023-04-03 17:05:32.027464+00:00", "RecordID": "201", "Level": "3", "UserID": "S-1-5-19", "EventData.ProcessId": "2480", "EventData.TxnTimeInMSec": "39734", "EventData.CommitTimeInMSec": "18188", "EventData.WatchdogTimeoutInMSec": "500"}
{"EventID": "1030", "Channel": "Microsoft-Windows-WFP/Operational", "Provider_Name": "Microsoft-Windows-WFP", "Computer": "DESKTOP-OFJ6N53", "TimeCreated": "2023-04-03 17:05:44.156908+00:00", "RecordID": "202", "Level": "3", "UserID": "S-1-5-19", "EventData.ProcessId": "2480", "EventData.TxnTimeInMSec": "1563", "EventData.CommitTimeInMSec": "1141", "EventData.WatchdogTimeoutInMSec": "500"}
{"EventID": "1030", "Channel": "Microsoft-Windows-WFP/Operational", "Provider_Name": "Microsoft-Windows-WFP", "Computer": "DESKTOP-OFJ6N53", "TimeCreated": "2023-04-04 06:31:21.921879+00:00", "RecordID": "203", "Level": "3", "UserID": "S-1-5-19", "EventData.ProcessId": "4", "EventData.TxnTimeInMSec": "735", "EventData.CommitTimeInMSec": "110", "EventData.WatchdogTimeoutInMSec": "500"}
{"EventID": "1030", "Channel": "Microsoft-Windows-WFP/Operational", "Provider_Name": "Microsoft-Windows-WFP", "Computer": "DESKTOP-OFJ6N53", "TimeCreated": "2023-04-04 06:31:25.373354+00:00", "RecordID": "204", "Level": "3", "UserID": "S-1-5-19", "EventData.ProcessId": "2372", "EventData.TxnTimeInMSec": "2750", "EventData.CommitTimeInMSec": "110", "EventData.WatchdogTimeoutInMSec": "500"}
{"EventID": "1030", "Channel": "Microsoft-Windows-WFP/Operational", "Provider_Name": "Microsoft-Windows-WFP", "Computer": "DESKTOP-OFJ6N53", "TimeCreated": "2023-04-04 06:31:37.983158+00:00", "RecordID": "205", "Level": "3", "UserID": "S-1-5-19", "EventData.ProcessId": "2372", "EventData.TxnTimeInMSec": "703", "EventData.CommitTimeInMSec": "406", "EventData.WatchdogTimeoutInMSec": "500"}
{"EventID": "1030", "Channel": "Microsoft-Windows-WFP/Operational", "Provider_Name": "Microsoft-Windows-WFP", "Computer": "DESKTOP-OFJ6N53", "TimeCreated": "2023-04-04 06:31:41.197218+00:00", "RecordID": "206", "Level": "3", "UserID": "S-1-5-19", "EventData.ProcessId": "2372", "EventData.TxnTimeInMSec": "2531", "EventData.CommitTimeInMSec": "1875", "EventData.WatchdogTimeoutInMSec": "500"}
{"EventID": "1030", "Channel": "Microsoft-Windows-WFP/Operational", "Provider_Name": "Microsoft-Windows-WFP", "Computer": "DESKTOP-OFJ6N53", "TimeCreated": "2023-04-04 06:33:36.564878+00:00", "RecordID": "207", "Level": "3", "UserID": "S-1-5-19", "EventData.ProcessId": "1344", "EventData.TxnTimeInMSec": "969", "EventData.CommitTimeInMSec": "31", "EventData.WatchdogTimeoutInMSec": "500"}
{"EventID": "1030", "Channel": "Microsoft-Windows-WFP/Operational", "Provider_Name": "Microsoft-Windows-WFP", "Computer": "DESKTOP-OFJ6N53", "TimeCreated": "2023-04-04 10:18:32.827978+00:00", "RecordID": "208", "Level": "3", "UserID": "S-1-5-19", "EventData.ProcessId": "2372", "EventData.TxnTimeInMSec": "2140", "EventData.CommitTimeInMSec": "1484", "EventData.WatchdogTimeoutInMSec": "500"}
{"EventID": "1030", "Channel": "Microsoft-Windows-WFP/Operational", "Provider_Name": "Microsoft-Windows-WFP", "Computer": "DESKTOP-OFJ6N53", "TimeCreated": "2023-04-04 10:18:44.849916+00:00", "RecordID": "209", "Level": "3", "UserID": "S-1-5-19", "EventData.ProcessId": "2372", "EventData.TxnTimeInMSec": "2140", "EventData.CommitTimeInMSec": "1296", "EventData.WatchdogTimeoutInMSec": "500"}
{"EventID": "1030", "Channel": "Microsoft-Windows-WFP/Operational", "Provider_Name": "Microsoft-Windows-WFP", "Computer": "DESKTOP-OFJ6N53", "TimeCreated": "2023-04-05 11:12:35.999609+00:00", "RecordID": "210", "Level": "3", "UserID": "S-1-5-19", "EventData.ProcessId": "2680", "EventData.TxnTimeInMSec": "1516", "EventData.CommitTimeInMSec": "281", "EventData.WatchdogTimeoutInMSec": "500"}
{"EventID": "1030", "Channel": "Microsoft-Windows-WFP/Operational", "Provider_Name": "Microsoft-Windows-WFP", "Computer": "DESKTOP-OFJ6N53", "TimeCreated": "2023-04-05 12:16:42.898346+00:00", "RecordID": "211", "Level": "3", "UserID": "S-1-5-19", "EventData.ProcessId": "2680", "EventData.TxnTimeInMSec": "532", "EventData.CommitTimeInMSec": "63", "EventData.WatchdogTimeoutInMSec": "500"}
{"EventID": "1030", "Channel": "Microsoft-Windows-WFP/Operational", "Provider_Name": "Microsoft-Windows-WFP", "Computer": "DESKTOP-OFJ6N53", "TimeCreated": "2023-04-05 12:19:05.872051+00:00", "RecordID": "212", "Level": "3", "UserID": "S-1-5-19", "EventData.ProcessId": "2680", "EventData.TxnTimeInMSec": "1187", "EventData.CommitTimeInMSec": "266", "EventData.WatchdogTimeoutInMSec": "500"}
{"EventID": "1030", "Channel": "Microsoft-Windows-WFP/Operational", "Provider_Name": "Microsoft-Windows-WFP", "Computer": "DESKTOP-OFJ6N53", "TimeCreated": "2023-04-05 15:18:21.320683+00:00", "RecordID": "213", "Level": "3", "UserID": "S-1-5-19", "EventData.ProcessId": "0", "EventData.TxnTimeInMSec": "640", "EventData.CommitTimeInMSec": "31", "EventData.WatchdogTimeoutInMSec": "500"}
{"EventID": "1030", "Channel": "Microsoft-Windows-WFP/Operational", "Provider_Name": "Microsoft-Windows-WFP", "Computer": "DESKTOP-OFJ6N53", "TimeCreated": "2023-04-05 15:23:59.792871+00:00", "RecordID": "214", "Level": "3", "UserID": "S-1-5-19", "EventData.ProcessId": "2728", "EventData.TxnTimeInMSec": "594", "EventData.CommitTimeInMSec": "62", "EventData.WatchdogTimeoutInMSec": "500"}
{"EventID": "1030", "Channel": "Microsoft-Windows-WFP/Operational", "Provider_Name": "Microsoft-Windows-WFP", "Computer": "DESKTOP-OFJ6N53", "TimeCreated": "2023-04-06 10:58:57.956387+00:00", "RecordID": "215", "Level": "3", "UserID": "S-1-5-19", "EventData.ProcessId": "2728", "EventData.TxnTimeInMSec": "6532", "EventData.CommitTimeInMSec": "6157", "EventData.WatchdogTimeoutInMSec": "500"}
{"EventID": "1030", "Channel": "Microsoft-Windows-WFP/Operational", "Provider_Name": "Microsoft-Windows-WFP", "Computer": "DESKTOP-OFJ6N53", "TimeCreated": "2023-04-06 15:24:47.692051+00:00", "RecordID": "216", "Level": "3", "UserID": "S-1-5-19", "EventData.ProcessId": "2728", "EventData.TxnTimeInMSec": "1062", "EventData.CommitTimeInMSec": "484", "EventData.WatchdogTimeoutInMSec": "500"}
{"EventID": "1030", "Channel": "Microsoft-Windows-WFP/Operational", "Provider_Name": "Microsoft-Windows-WFP", "Computer": "DESKTOP-OFJ6N53", "TimeCreated": "2023-04-06 16:05:37.330008+00:00", "RecordID": "217", "Level": "3", "UserID": "S-1-5-19", "EventData.ProcessId": "2728", "EventData.TxnTimeInMSec": "657", "EventData.CommitTimeInMSec": "203", "EventData.WatchdogTimeoutInMSec": "500"}
{"EventID": "1030", "Channel": "Microsoft-Windows-WFP/Operational", "Provider_Name": "Microsoft-Windows-WFP", "Computer": "DESKTOP-OFJ6N53", "TimeCreated": "2023-04-06 18:20:10.025473+00:00", "RecordID": "218", "Level": "3", "UserID": "S-1-5-19", "EventData.ProcessId": "2728", "EventData.TxnTimeInMSec": "1610", "EventData.CommitTimeInMSec": "766", "EventData.WatchdogTimeoutInMSec": "500"}
{"EventID": "1030", "Channel": "Microsoft-Windows-WFP/Operational", "Provider_Name": "Microsoft-Windows-WFP", "Computer": "DESKTOP-OFJ6N53", "TimeCreated": "2023-04-06 18:20:11.069870+00:00", "RecordID": "219", "Level": "3", "UserID": "S-1-5-19", "EventData.ProcessId": "2728", "EventData.TxnTimeInMSec": "500", "EventData.CommitTimeInMSec": "500", "EventData.WatchdogTimeoutInMSec": "500"}
{"EventID": "1030", "Channel": "Microsoft-Windows-WFP/Operational", "Provider_Name": "Microsoft-Windows-WFP", "Computer": "DESKTOP-OFJ6N53", "TimeCreated": "2023-04-06 19:13:37.518732+00:00", "RecordID": "220", "Level": "3", "UserID": "S-1-5-19", "EventData.ProcessId": "2728", "EventData.TxnTimeInMSec": "4297", "EventData.CommitTimeInMSec": "4266", "EventData.WatchdogTimeoutInMSec": "500"}
{"EventID": "1030", "Channel": "Microsoft-Windows-WFP/Operational", "Provider_Name": "Microsoft-Windows-WFP", "Computer": "DESKTOP-OFJ6N53", "TimeCreated": "2023-04-06 19:13:39.508297+00:00", "RecordID": "221", "Level": "3", "UserID": "S-1-5-19", "EventData.ProcessId": "2728", "EventData.TxnTimeInMSec": "781", "EventData.CommitTimeInMSec": "234", "EventData.WatchdogTimeoutInMSec": "500"}
{"EventID": "1030", "Channel": "Microsoft-Windows-WFP/Operational", "Provider_Name": "Microsoft-Windows-WFP", "Computer": "DESKTOP-OFJ6N53", "TimeCreated": "2023-04-07 12:32:02.529844+00:00", "RecordID": "222", "Level": "3", "UserID": "S-1-5-19", "EventData.ProcessId": "2728", "EventData.TxnTimeInMSec": "1328", "EventData.CommitTimeInMSec": "1125", "EventData.WatchdogTimeoutInMSec": "500"}
{"EventID": "1030", "Channel": "Microsoft-Windows-WFP/Operational", "Provider_Name": "Microsoft-Windows-WFP", "Computer": "DESKTOP-OFJ6N53", "TimeCreated": "2023-04-07 14:32:48.933802+00:00", "RecordID": "223", "Level": "3", "UserID": "S-1-5-19", "EventData.ProcessId": "2728", "EventData.TxnTimeInMSec": "1015", "EventData.CommitTimeInMSec": "953", "EventData.WatchdogTimeoutInMSec": "500"}
{"EventID": "1030", "Channel": "Microsoft-Windows-WFP/Operational", "Provider_Name": "Microsoft-Windows-WFP", "Computer": "DESKTOP-OFJ6N53", "TimeCreated": "2023-04-07 19:11:55.695780+00:00", "RecordID": "224", "Level": "3", "UserID": "S-1-5-19", "EventData.ProcessId": "2728", "EventData.TxnTimeInMSec": "4453", "EventData.CommitTimeInMSec": "1922", "EventData.WatchdogTimeoutInMSec": "500"}
{"EventID": "1030", "Channel": "Microsoft-Windows-WFP/Operational", "Provider_Name": "Microsoft-Windows-WFP", "Computer": "DESKTOP-OFJ6N53", "TimeCreated": "2023-04-10 06:26:33.888592+00:00", "RecordID": "225", "Level": "3", "UserID": "S-1-5-19", "EventData.ProcessId": "2728", "EventData.TxnTimeInMSec": "12563", "EventData.CommitTimeInMSec": "12500", "EventData.WatchdogTimeoutInMSec": "500"}
{"EventID": "1030", "Channel": "Microsoft-Windows-WFP/Operational", "Provider_Name": "Microsoft-Windows-WFP", "Computer": "DESKTOP-OFJ6N53", "TimeCreated": "2023-04-10 11:24:03.015875+00:00", "RecordID": "226", "Level": "3", "UserID": "S-1-5-19", "EventData.ProcessId": "2728", "EventData.TxnTimeInMSec": "891", "EventData.CommitTimeInMSec": "344", "EventData.WatchdogTimeoutInMSec": "500"}
{"EventID": "1030", "Channel": "Microsoft-Windows-WFP/Operational", "Provider_Name": "Microsoft-Windows-WFP", "Computer": "DESKTOP-OFJ6N53", "TimeCreated": "2023-04-11 01:05:17.161015+00:00", "RecordID": "227", "Level": "3", "UserID": "S-1-5-19", "EventData.ProcessId": "2728", "EventData.TxnTimeInMSec": "3031", "EventData.CommitTimeInMSec": "2969", "EventData.WatchdogTimeoutInMSec": "500"}
{"EventID": "1030", "Channel": "Microsoft-Windows-WFP/Operational", "Provider_Name": "Microsoft-Windows-WFP", "Computer": "DESKTOP-OFJ6N53", "TimeCreated": "2023-04-11 14:38:49.619383+00:00", "RecordID": "228", "Level": "3", "UserID": "S-1-5-19", "EventData.ProcessId": "2728", "EventData.TxnTimeInMSec": "4344", "EventData.CommitTimeInMSec": "1375", "EventData.WatchdogTimeoutInMSec": "500"}
{"EventID": "1030", "Channel": "Microsoft-Windows-WFP/Operational", "Provider_Name": "Microsoft-Windows-WFP", "Computer": "DESKTOP-OFJ6N53", "TimeCreated": "2023-04-11 14:38:54.438816+00:00", "RecordID": "229", "Level": "3", "UserID": "S-1-5-19", "EventData.ProcessId": "2728", "EventData.TxnTimeInMSec": "609", "EventData.CommitTimeInMSec": "296", "EventData.WatchdogTimeoutInMSec": "500"}
{"EventID": "1030", "Channel": "Microsoft-Windows-WFP/Operational", "Provider_Name": "Microsoft-Windows-WFP", "Computer": "DESKTOP-OFJ6N53", "TimeCreated": "2023-04-11 15:26:06.432789+00:00", "RecordID": "230", "Level": "3", "UserID": "S-1-5-19", "EventData.ProcessId": "2728", "EventData.TxnTimeInMSec": "562", "EventData.CommitTimeInMSec": "125", "EventData.WatchdogTimeoutInMSec": "500"}
{"EventID": "1030", "Channel": "Microsoft-Windows-WFP/Operational", "Provider_Name": "Microsoft-Windows-WFP", "Computer": "DESKTOP-OFJ6N53", "TimeCreated": "2023-04-11 18:01:17.590391+00:00", "RecordID": "231", "Level": "3", "UserID": "S-1-5-19", "EventData.ProcessId": "2728", "EventData.TxnTimeInMSec": "735", "EventData.CommitTimeInMSec": "235", "EventData.WatchdogTimeoutInMSec": "500"}
{"EventID": "1030", "Channel": "Microsoft-Windows-WFP/Operational", "Provider_Name": "Microsoft-Windows-WFP", "Computer": "DESKTOP-OFJ6N53", "TimeCreated": "2023-04-11 19:08:33.274170+00:00", "RecordID": "232", "Level": "3", "UserID": "S-1-5-19", "EventData.ProcessId": "2728", "EventData.TxnTimeInMSec": "1406", "EventData.CommitTimeInMSec": "140", "EventData.WatchdogTimeoutInMSec": "500"}
{"EventID": "1030", "Channel": "Microsoft-Windows-WFP/Operational", "Provider_Name": "Microsoft-Windows-WFP", "Computer": "DESKTOP-OFJ6N53", "TimeCreated": "2023-04-11 19:41:30.455795+00:00", "RecordID": "233", "Level": "3", "UserID": "S-1-5-19", "EventData.ProcessId": "0", "EventData.TxnTimeInMSec": "656", "EventData.CommitTimeInMSec": "94", "EventData.WatchdogTimeoutInMSec": "500"}
{"EventID": "1030", "Channel": "Microsoft-Windows-WFP/Operational", "Provider_Name": "Microsoft-Windows-WFP", "Computer": "DESKTOP-OFJ6N53", "TimeCreated": "2023-04-11 19:41:38.935108+00:00", "RecordID": "234", "Level": "3", "UserID": "S-1-5-19", "EventData.ProcessId": "2748", "EventData.TxnTimeInMSec": "719", "EventData.CommitTimeInMSec": "125", "EventData.WatchdogTimeoutInMSec": "500"}
{"EventID": "1030", "Channel": "Microsoft-Windows-WFP/Operational", "Provider_Name": "Microsoft-Windows-WFP", "Computer": "DESKTOP-OFJ6N53", "TimeCreated": "2023-04-12 13:05:40.954823+00:00", "RecordID": "235", "Level": "3", "UserID": "S-1-5-19", "EventData.ProcessId": "2748", "EventData.TxnTimeInMSec": "3125", "EventData.CommitTimeInMSec": "2969", "EventData.WatchdogTimeoutInMSec": "500"}
{"EventID": "1030", "Channel": "Microsoft-Windows-WFP/Operational", "Provider_Name": "Microsoft-Windows-WFP", "Computer": "DESKTOP-OFJ6N53", "TimeCreated": "2023-04-12 15:32:14.518238+00:00", "RecordID": "236", "Level": "3", "UserID": "S-1-5-19", "EventData.ProcessId": "2748", "EventData.TxnTimeInMSec": "781", "EventData.CommitTimeInMSec": "734", "EventData.WatchdogTimeoutInMSec": "500"}
{"EventID": "1030", "Channel": "Microsoft-Windows-WFP/Operational", "Provider_Name": "Microsoft-Windows-WFP", "Computer": "DESKTOP-OFJ6N53", "TimeCreated": "2023-04-12 17:27:24.338083+00:00", "RecordID": "237", "Level": "3", "UserID": "S-1-5-19", "EventData.ProcessId": "0", "EventData.TxnTimeInMSec": "922", "EventData.CommitTimeInMSec": "31", "EventData.WatchdogTimeoutInMSec": "500"}
{"EventID": "1030", "Channel": "Microsoft-Windows-WFP/Operational", "Provider_Name": "Microsoft-Windows-WFP", "Computer": "DESKTOP-OFJ6N53", "TimeCreated": "2023-04-17 08:33:17.802322+00:00", "RecordID": "238", "Level": "3", "UserID": "S-1-5-19", "EventData.ProcessId": "3044", "EventData.TxnTimeInMSec": "9297", "EventData.CommitTimeInMSec": "9282", "EventData.WatchdogTimeoutInMSec": "500"}
{"EventID": "1030", "Channel": "Microsoft-Windows-WFP/Operational", "Provider_Name": "Microsoft-Windows-WFP", "Computer": "DESKTOP-OFJ6N53", "TimeCreated": "2023-04-17 15:53:21.065245+00:00", "RecordID": "239", "Level": "3", "UserID": "S-1-5-19", "EventData.ProcessId": "3044", "EventData.TxnTimeInMSec": "734", "EventData.CommitTimeInMSec": "375", "EventData.WatchdogTimeoutInMSec": "500"}
{"EventID": "1030", "Channel": "Microsoft-Windows-WFP/Operational", "Provider_Name": "Microsoft-Windows-WFP", "Computer": "DESKTOP-OFJ6N53", "TimeCreated": "2023-04-17 17:11:57.889080+00:00", "RecordID": "240", "Level": "3", "UserID": "S-1-5-19", "EventData.ProcessId": "3044", "EventData.TxnTimeInMSec": "6000", "EventData.CommitTimeInMSec": "5968", "EventData.WatchdogTimeoutInMSec": "500"}
{"EventID": "1030", "Channel": "Microsoft-Windows-WFP/Operational", "Provider_Name": "Microsoft-Windows-WFP", "Computer": "DESKTOP-OFJ6N53", "TimeCreated": "2023-04-17 23:52:15.617289+00:00", "RecordID": "241", "Level": "3", "UserID": "S-1-5-19", "EventData.ProcessId": "3044", "EventData.TxnTimeInMSec": "578", "EventData.CommitTimeInMSec": "578", "EventData.WatchdogTimeoutInMSec": "500"}
{"EventID": "1030", "Channel": "Microsoft-Windows-WFP/Operational", "Provider_Name": "Microsoft-Windows-WFP", "Computer": "DESKTOP-OFJ6N53", "TimeCreated": "2023-04-18 04:19:42.805536+00:00", "RecordID": "242", "Level": "3", "UserID": "S-1-5-19", "EventData.ProcessId": "3044", "EventData.TxnTimeInMSec": "531", "EventData.CommitTimeInMSec": "359", "EventData.WatchdogTimeoutInMSec": "500"}
{"EventID": "1030", "Channel": "Microsoft-Windows-WFP/Operational", "Provider_Name": "Microsoft-Windows-WFP", "Computer": "DESKTOP-OFJ6N53", "TimeCreated": "2023-04-20 20:41:01.155848+00:00", "RecordID": "243", "Level": "3", "UserID": "S-1-5-19", "EventData.ProcessId": "3044", "EventData.TxnTimeInMSec": "10110", "EventData.CommitTimeInMSec": "10094", "EventData.WatchdogTimeoutInMSec": "500"}
{"EventID": "1030", "Channel": "Microsoft-Windows-WFP/Operational", "Provider_Name": "Microsoft-Windows-WFP", "Computer": "DESKTOP-OFJ6N53", "TimeCreated": "2023-04-21 09:55:31.356697+00:00", "RecordID": "244", "Level": "3", "UserID": "S-1-5-19", "EventData.ProcessId": "3044", "EventData.TxnTimeInMSec": "1672", "EventData.CommitTimeInMSec": "1672", "EventData.WatchdogTimeoutInMSec": "500"}
{"EventID": "1030", "Channel": "Microsoft-Windows-WFP/Operational", "Provider_Name": "Microsoft-Windows-WFP", "Computer": "DESKTOP-OFJ6N53", "TimeCreated": "2023-04-22 07:53:29.940392+00:00", "RecordID": "245", "Level": "3", "UserID": "S-1-5-19", "EventData.ProcessId": "3044", "EventData.TxnTimeInMSec": "16781", "EventData.CommitTimeInMSec": "16781", "EventData.WatchdogTimeoutInMSec": "500"}
{"EventID": "1030", "Channel": "Microsoft-Windows-WFP/Operational", "Provider_Name": "Microsoft-Windows-WFP", "Computer": "DESKTOP-OFJ6N53", "TimeCreated": "2023-04-22 07:54:30.279583+00:00", "RecordID": "246", "Level": "3", "UserID": "S-1-5-19", "EventData.ProcessId": "3044", "EventData.TxnTimeInMSec": "16234", "EventData.CommitTimeInMSec": "5859", "EventData.WatchdogTimeoutInMSec": "500"}
{"EventID": "1030", "Channel": "Microsoft-Windows-WFP/Operational", "Provider_Name": "Microsoft-Windows-WFP", "Computer": "DESKTOP-OFJ6N53", "TimeCreated": "2023-04-22 07:54:31.747440+00:00", "RecordID": "247", "Level": "3", "UserID": "S-1-5-19", "EventData.ProcessId": "3976", "EventData.TxnTimeInMSec": "735", "EventData.CommitTimeInMSec": "0", "EventData.WatchdogTimeoutInMSec": "500"}
{"EventID": "1030", "Channel": "Microsoft-Windows-WFP/Operational", "Provider_Name": "Microsoft-Windows-WFP", "Computer": "DESKTOP-OFJ6N53", "TimeCreated": "2023-04-25 17:32:42.008097+00:00", "RecordID": "248", "Level": "3", "UserID": "S-1-5-19", "EventData.ProcessId": "2452", "EventData.TxnTimeInMSec": "562", "EventData.CommitTimeInMSec": "94", "EventData.WatchdogTimeoutInMSec": "500"}
{"EventID": "1030", "Channel": "Microsoft-Windows-WFP/Operational", "Provider_Name": "Microsoft-Windows-WFP", "Computer": "DESKTOP-OFJ6N53", "TimeCreated": "2023-04-27 14:11:56.707445+00:00", "RecordID": "249", "Level": "3", "UserID": "S-1-5-19", "EventData.ProcessId": "3160", "EventData.TxnTimeInMSec": "1860", "EventData.CommitTimeInMSec": "1813", "EventData.WatchdogTimeoutInMSec": "500"}
{"EventID": "1030", "Channel": "Microsoft-Windows-WFP/Operational", "Provider_Name": "Microsoft-Windows-WFP", "Computer": "DESKTOP-OFJ6N53", "TimeCreated": "2023-05-02 10:20:13.329657+00:00", "RecordID": "250", "Level": "3", "UserID": "S-1-5-19", "EventData.ProcessId": "3160", "EventData.TxnTimeInMSec": "17250", "EventData.CommitTimeInMSec": "17234", "EventData.WatchdogTimeoutInMSec": "500"}
{"EventID": "1030", "Channel": "Microsoft-Windows-WFP/Operational", "Provider_Name": "Microsoft-Windows-WFP", "Computer": "DESKTOP-OFJ6N53", "TimeCreated": "2023-05-02 13:52:03.310276+00:00", "RecordID": "251", "Level": "3", "UserID": "S-1-5-19", "EventData.ProcessId": "3160", "EventData.TxnTimeInMSec": "1859", "EventData.CommitTimeInMSec": "1187", "EventData.WatchdogTimeoutInMSec": "500"}
{"EventID": "1030", "Channel": "Microsoft-Windows-WFP/Operational", "Provider_Name": "Microsoft-Windows-WFP", "Computer": "DESKTOP-OFJ6N53", "TimeCreated": "2023-05-03 10:40:58.464306+00:00", "RecordID": "252", "Level": "3", "UserID": "S-1-5-19", "EventData.ProcessId": "2540", "EventData.TxnTimeInMSec": "1453", "EventData.CommitTimeInMSec": "500", "EventData.WatchdogTimeoutInMSec": "500"}
{"EventID": "1030", "Channel": "Microsoft-Windows-WFP/Operational", "Provider_Name": "Microsoft-Windows-WFP", "Computer": "DESKTOP-OFJ6N53", "TimeCreated": "2023-05-04 10:35:46.110003+00:00", "RecordID": "253", "Level": "3", "UserID": "S-1-5-19", "EventData.ProcessId": "2540", "EventData.TxnTimeInMSec": "1563", "EventData.CommitTimeInMSec": "1516", "EventData.WatchdogTimeoutInMSec": "500"}
{"EventID": "1030", "Channel": "Microsoft-Windows-WFP/Operational", "Provider_Name": "Microsoft-Windows-WFP", "Computer": "DESKTOP-OFJ6N53", "TimeCreated": "2023-05-09 18:41:12.754568+00:00", "RecordID": "254", "Level": "3", "UserID": "S-1-5-19", "EventData.ProcessId": "2540", "EventData.TxnTimeInMSec": "5234", "EventData.CommitTimeInMSec": "5234", "EventData.WatchdogTimeoutInMSec": "500"}
