{"EventID": "235", "Channel": "Microsoft-Windows-Kernel-Boot/Operational", "Provider_Name": "Microsoft-Windows-Kernel-Boot", "Computer": "DESKTOP-OFJ6N53", "TimeCreated": "2022-10-11 22:42:51.179762+00:00", "RecordID": "131", "Level": "2", "UserID": "S-1-5-18", "EventData.StatusCode": "3221225474", "EventData.Position": "1"}
{"EventID": "208", "Channel": "Microsoft-Windows-Kernel-Boot/Operational", "Provider_Name": "Microsoft-Windows-Kernel-Boot", "Computer": "DESKTOP-OFJ6N53", "TimeCreated": "2022-10-11 22:42:51.179762+00:00", "RecordID": "132", "Level": "2", "UserID": "S-1-5-18", "EventData.InitState": "1", "EventData.StatusCode": "3221225473", "EventData.FailureAddress": "268910674", "EventData.ReferenceAddress": "270123712", "EventData.ReasonCode": "1"}
{"EventID": "235", "Channel": "Microsoft-Windows-Kernel-Boot/Operational", "Provider_Name": "Microsoft-Windows-Kernel-Boot", "Computer": "DESKTOP-OFJ6N53", "TimeCreated": "2022-10-17 12:09:13.839315+00:00", "RecordID": "133", "Level": "2", "UserID": "S-1-5-18", "EventData.StatusCode": "3221225474", "EventData.Position": "1"}
{"EventID": "208", "Channel": "Microsoft-Windows-Kernel-Boot/Operational", "Provider_Name": "Microsoft-Windows-Kernel-Boot", "Computer": "DESKTOP-OFJ6N53", "TimeCreated": "2022-10-17 12:09:13.839317+00:00", "RecordID": "134", "Level": "2", "UserID": "S-1-5-18", "EventData.InitState": "1", "EventData.StatusCode": "3221225473", "EventData.FailureAddress": "10173491", "EventData.ReferenceAddress": "11490176", "EventData.ReasonCode": "1"}
{"EventID": "235", "Channel": "Microsoft-Windows-Kernel-Boot/Operational", "Provider_Name": "Microsoft-Windows-Kernel-Boot", "Computer": "DESKTOP-OFJ6N53", "TimeCreated": "2022-10-17 12:09:13.839460+00:00", "RecordID": "135", "Level": "2", "UserID": "S-1-5-18", "EventData.StatusCode": "3221225474", "EventData.Position": "1"}
{"EventID": "208", "Channel": "Microsoft-Windows-Kernel-Boot/Operational", "Provider_Name": "Microsoft-Windows-Kernel-Boot", "Computer": "DESKTOP-OFJ6N53", "TimeCreated": "2022-10-17 12:09:13.839460+00:00", "RecordID": "136", "Level": "2", "UserID": "S-1-5-18", "EventData.InitState": "1", "EventData.StatusCode": "3221225473", "EventData.FailureAddress": "268910642", "EventData.ReferenceAddress": "270123776", "EventData.ReasonCode": "1"}
{"EventID": "235", "Channel": "Microsoft-Windows-Kernel-Boot/Operational", "Provider_Name": "Microsoft-Windows-Kernel-Boot", "Computer": "DESKTOP-OFJ6N53", "TimeCreated": "2022-10-19 13:47:53.065689+00:00", "RecordID": "137", "Level": "2", "UserID": "S-1-5-18", "EventData.StatusCode": "3221225474", "EventData.Position": "1"}
{"EventID": "208", "Channel": "Microsoft-Windows-Kernel-Boot/Operational", "Provider_Name": "Microsoft-Windows-Kernel-Boot", "Computer": "DESKTOP-OFJ6N53", "TimeCreated": "2022-10-19 13:47:53.065691+00:00", "RecordID": "138", "Level": "2", "UserID": "S-1-5-18", "EventData.InitState": "1", "EventData.StatusCode": "3221225473", "EventData.FailureAddress": "10173491", "EventData.ReferenceAddress": "11490176", "EventData.ReasonCode": "1"}
{"EventID": "235", "Channel": "Microsoft-Windows-Kernel-Boot/Operational", "Provider_Name": "Microsoft-Windows-Kernel-Boot", "Computer": "DESKTOP-OFJ6N53", "TimeCreated": "2022-10-19 13:47:53.065834+00:00", "RecordID": "139", "Level": "2", "UserID": "S-1-5-18", "EventData.StatusCode": "3221225474", "EventData.Position": "1"}
{"EventID": "208", "Channel": "Microsoft-Windows-Kernel-Boot/Operational", "Provider_Name": "Microsoft-Windows-Kernel-Boot", "Computer": "DESKTOP-OFJ6N53", "TimeCreated": "2022-10-19 13:47:53.065834+00:00", "RecordID": "140", "Level": "2", "UserID": "S-1-5-18", "EventData.InitState": "1", "EventData.StatusCode": "3221225473", "EventData.FailureAddress": "268910642", "EventData.ReferenceAddress": "270123776", "EventData.ReasonCode": "1"}
{"EventID": "235", "Channel": "Microsoft-Windows-Kernel-Boot/Operational", "Provider_Name": "Microsoft-Windows-Kernel-Boot", "Computer": "DESKTOP-OFJ6N53", "TimeCreated": "2022-10-27 11:47:57.236498+00:00", "RecordID": "141", "Level": "2", "UserID": "S-1-5-18", "EventData.StatusCode": "3221225474", "EventData.Position": "1"}
{"EventID": "208", "Channel": "Microsoft-Windows-Kernel-Boot/Operational", "Provider_Name": "Microsoft-Windows-Kernel-Boot", "Computer": "DESKTOP-OFJ6N53", "TimeCreated": "2022-10-27 11:47:57.236498+00:00", "RecordID": "142", "Level": "2", "UserID": "S-1-5-18", "EventData.InitState": "1", "EventData.StatusCode": "3221225473", "EventData.FailureAddress": "10173491", "EventData.ReferenceAddress": "11490176", "EventData.ReasonCode": "1"}
{"EventID": "235", "Channel": "Microsoft-Windows-Kernel-Boot/Operational", "Provider_Name": "Microsoft-Windows-Kernel-Boot", "Computer": "DESKTOP-OFJ6N53", "TimeCreated": "2022-10-27 11:47:57.236641+00:00", "RecordID": "143", "Level": "2", "UserID": "S-1-5-18", "EventData.StatusCode": "3221225474", "EventData.Position": "1"}
{"EventID": "208", "Channel": "Microsoft-Windows-Kernel-Boot/Operational", "Provider_Name": "Microsoft-Windows-Kernel-Boot", "Computer": "DESKTOP-OFJ6N53", "TimeCreated": "2022-10-27 11:47:57.236641+00:00", "RecordID": "144", "Level": "2", "UserID": "S-1-5-18", "EventData.InitState": "1", "EventData.StatusCode": "3221225473", "EventData.FailureAddress": "268910642", "EventData.ReferenceAddress": "270123776", "EventData.ReasonCode": "1"}
{"EventID": "235", "Channel": "Microsoft-Windows-Kernel-Boot/Operational", "Provider_Name": "Microsoft-Windows-Kernel-Boot", "Computer": "DESKTOP-OFJ6N53", "TimeCreated": "2022-11-09 14:40:47.911057+00:00", "RecordID": "145", "Level": "2", "UserID": "S-1-5-18", "EventData.StatusCode": "3221225474", "EventData.Position": "1"}
{"EventID": "208", "Channel": "Microsoft-Windows-Kernel-Boot/Operational", "Provider_Name": "Microsoft-Windows-Kernel-Boot", "Computer": "DESKTOP-OFJ6N53", "TimeCreated": "2022-11-09 14:40:47.911057+00:00", "RecordID": "146", "Level": "2", "UserID": "S-1-5-18", "EventData.InitState": "1", "EventData.StatusCode": "3221225473", "EventData.FailureAddress": "10173571", "EventData.ReferenceAddress": "11491232", "EventData.ReasonCode": "1"}
{"EventID": "235", "Channel": "Microsoft-Windows-Kernel-Boot/Operational", "Provider_Name": "Microsoft-Windows-Kernel-Boot", "Computer": "DESKTOP-OFJ6N53", "TimeCreated": "2022-11-09 14:40:47.911213+00:00", "RecordID": "147", "Level": "2", "UserID": "S-1-5-18", "EventData.StatusCode": "3221225474", "EventData.Position": "1"}
{"EventID": "208", "Channel": "Microsoft-Windows-Kernel-Boot/Operational", "Provider_Name": "Microsoft-Windows-Kernel-Boot", "Computer": "DESKTOP-OFJ6N53", "TimeCreated": "2022-11-09 14:40:47.911213+00:00", "RecordID": "148", "Level": "2", "UserID": "S-1-5-18", "EventData.InitState": "1", "EventData.StatusCode": "3221225473", "EventData.FailureAddress": "268910642", "EventData.ReferenceAddress": "270123776", "EventData.ReasonCode": "1"}
{"EventID": "235", "Channel": "Microsoft-Windows-Kernel-Boot/Operational", "Provider_Name": "Microsoft-Windows-Kernel-Boot", "Computer": "DESKTOP-OFJ6N53", "TimeCreated": "2022-11-10 09:28:21.533396+00:00", "RecordID": "149", "Level": "2", "UserID": "S-1-5-18", "EventData.StatusCode": "3221225474", "EventData.Position": "1"}
{"EventID": "208", "Channel": "Microsoft-Windows-Kernel-Boot/Operational", "Provider_Name": "Microsoft-Windows-Kernel-Boot", "Computer": "DESKTOP-OFJ6N53", "TimeCreated": "2022-11-10 09:28:21.533398+00:00", "RecordID": "150", "Level": "2", "UserID": "S-1-5-18", "EventData.InitState": "1", "EventData.StatusCode": "3221225473", "EventData.FailureAddress": "11529347", "EventData.ReferenceAddress": "12847008", "EventData.ReasonCode": "1"}
{"EventID": "235", "Channel": "Microsoft-Windows-Kernel-Boot/Operational", "Provider_Name": "Microsoft-Windows-Kernel-Boot", "Computer": "DESKTOP-OFJ6N53", "TimeCreated": "2022-11-10 09:28:21.533485+00:00", "RecordID": "151", "Level": "2", "UserID": "S-1-5-18", "EventData.StatusCode": "3221225474", "EventData.Position": "1"}
{"EventID": "208", "Channel": "Microsoft-Windows-Kernel-Boot/Operational", "Provider_Name": "Microsoft-Windows-Kernel-Boot", "Computer": "DESKTOP-OFJ6N53", "TimeCreated": "2022-11-10 09:28:21.533487+00:00", "RecordID": "152", "Level": "2", "UserID": "S-1-5-18", "EventData.InitState": "1", "EventData.StatusCode": "3221225473", "EventData.FailureAddress": "268914986", "EventData.ReferenceAddress": "270151456", "EventData.ReasonCode": "1"}
{"EventID": "235", "Channel": "Microsoft-Windows-Kernel-Boot/Operational", "Provider_Name": "Microsoft-Windows-Kernel-Boot", "Computer": "DESKTOP-OFJ6N53", "TimeCreated": "2022-11-17 17:39:14.964985+00:00", "RecordID": "153", "Level": "2", "UserID": "S-1-5-18", "EventData.StatusCode": "3221225474", "EventData.Position": "1"}
{"EventID": "208", "Channel": "Microsoft-Windows-Kernel-Boot/Operational", "Provider_Name": "Microsoft-Windows-Kernel-Boot", "Computer": "DESKTOP-OFJ6N53", "TimeCreated": "2022-11-17 17:39:14.964987+00:00", "RecordID": "154", "Level": "2", "UserID": "S-1-5-18", "EventData.InitState": "1", "EventData.StatusCode": "3221225473", "EventData.FailureAddress": "11529347", "EventData.ReferenceAddress": "12847008", "EventData.ReasonCode": "1"}
{"EventID": "235", "Channel": "Microsoft-Windows-Kernel-Boot/Operational", "Provider_Name": "Microsoft-Windows-Kernel-Boot", "Computer": "DESKTOP-OFJ6N53", "TimeCreated": "2022-11-17 17:39:14.965134+00:00", "RecordID": "155", "Level": "2", "UserID": "S-1-5-18", "EventData.StatusCode": "3221225474", "EventData.Position": "1"}
{"EventID": "208", "Channel": "Microsoft-Windows-Kernel-Boot/Operational", "Provider_Name": "Microsoft-Windows-Kernel-Boot", "Computer": "DESKTOP-OFJ6N53", "TimeCreated": "2022-11-17 17:39:14.965134+00:00", "RecordID": "156", "Level": "2", "UserID": "S-1-5-18", "EventData.InitState": "1", "EventData.StatusCode": "3221225473", "EventData.FailureAddress": "268914986", "EventData.ReferenceAddress": "270151456", "EventData.ReasonCode": "1"}
{"EventID": "235", "Channel": "Microsoft-Windows-Kernel-Boot/Operational", "Provider_Name": "Microsoft-Windows-Kernel-Boot", "Computer": "DESKTOP-OFJ6N53", "TimeCreated": "2022-11-18 00:56:14.419527+00:00", "RecordID": "157", "Level": "2", "UserID": "S-1-5-18", "EventData.StatusCode": "3221225474", "EventData.Position": "1"}
{"EventID": "208", "Channel": "Microsoft-Windows-Kernel-Boot/Operational", "Provider_Name": "Microsoft-Windows-Kernel-Boot", "Computer": "DESKTOP-OFJ6N53", "TimeCreated": "2022-11-18 00:56:14.419527+00:00", "RecordID": "158", "Level": "2", "UserID": "S-1-5-18", "EventData.InitState": "1", "EventData.StatusCode": "3221225473", "EventData.FailureAddress": "11529347", "EventData.ReferenceAddress": "12847008", "EventData.ReasonCode": "1"}
{"EventID": "235", "Channel": "Microsoft-Windows-Kernel-Boot/Operational", "Provider_Name": "Microsoft-Windows-Kernel-Boot", "Computer": "DESKTOP-OFJ6N53", "TimeCreated": "2022-11-18 00:56:14.419641+00:00", "RecordID": "159", "Level": "2", "UserID": "S-1-5-18", "EventData.StatusCode": "3221225474", "EventData.Position": "1"}
{"EventID": "208", "Channel": "Microsoft-Windows-Kernel-Boot/Operational", "Provider_Name": "Microsoft-Windows-Kernel-Boot", "Computer": "DESKTOP-OFJ6N53", "TimeCreated": "2022-11-18 00:56:14.419641+00:00", "RecordID": "160", "Level": "2", "UserID": "S-1-5-18", "EventData.InitState": "1", "EventData.StatusCode": "3221225473", "EventData.FailureAddress": "268914986", "EventData.ReferenceAddress": "270151456", "EventData.ReasonCode": "1"}
{"EventID": "235", "Channel": "Microsoft-Windows-Kernel-Boot/Operational", "Provider_Name": "Microsoft-Windows-Kernel-Boot", "Computer": "DESKTOP-OFJ6N53", "TimeCreated": "2022-11-19 20:55:41.162296+00:00", "RecordID": "161", "Level": "2", "UserID": "S-1-5-18", "EventData.StatusCode": "3221225474", "EventData.Position": "1"}
{"EventID": "208", "Channel": "Microsoft-Windows-Kernel-Boot/Operational", "Provider_Name": "Microsoft-Windows-Kernel-Boot", "Computer": "DESKTOP-OFJ6N53", "TimeCreated": "2022-11-19 20:55:41.162296+00:00", "RecordID": "162", "Level": "2", "UserID": "S-1-5-18", "EventData.InitState": "1", "EventData.StatusCode": "3221225473", "EventData.FailureAddress": "11529347", "EventData.ReferenceAddress": "12847008", "EventData.ReasonCode": "1"}
{"EventID": "235", "Channel": "Microsoft-Windows-Kernel-Boot/Operational", "Provider_Name": "Microsoft-Windows-Kernel-Boot", "Computer": "DESKTOP-OFJ6N53", "TimeCreated": "2022-11-19 20:55:41.162483+00:00", "RecordID": "163", "Level": "2", "UserID": "S-1-5-18", "EventData.StatusCode": "3221225474", "EventData.Position": "1"}
{"EventID": "208", "Channel": "Microsoft-Windows-Kernel-Boot/Operational", "Provider_Name": "Microsoft-Windows-Kernel-Boot", "Computer": "DESKTOP-OFJ6N53", "TimeCreated": "2022-11-19 20:55:41.162483+00:00", "RecordID": "164", "Level": "2", "UserID": "S-1-5-18", "EventData.InitState": "1", "EventData.StatusCode": "3221225473", "EventData.FailureAddress": "268914986", "EventData.ReferenceAddress": "270151456", "EventData.ReasonCode": "1"}
{"EventID": "235", "Channel": "Microsoft-Windows-Kernel-Boot/Operational", "Provider_Name": "Microsoft-Windows-Kernel-Boot", "Computer": "DESKTOP-OFJ6N53", "TimeCreated": "2022-11-21 07:56:10.508579+00:00", "RecordID": "165", "Level": "2", "UserID": "S-1-5-18", "EventData.StatusCode": "3221225474", "EventData.Position": "1"}
{"EventID": "208", "Channel": "Microsoft-Windows-Kernel-Boot/Operational", "Provider_Name": "Microsoft-Windows-Kernel-Boot", "Computer": "DESKTOP-OFJ6N53", "TimeCreated": "2022-11-21 07:56:10.508581+00:00", "RecordID": "166", "Level": "2", "UserID": "S-1-5-18", "EventData.InitState": "1", "EventData.StatusCode": "3221225473", "EventData.FailureAddress": "11529347", "EventData.ReferenceAddress": "12847008", "EventData.ReasonCode": "1"}
{"EventID": "235", "Channel": "Microsoft-Windows-Kernel-Boot/Operational", "Provider_Name": "Microsoft-Windows-Kernel-Boot", "Computer": "DESKTOP-OFJ6N53", "TimeCreated": "2022-11-21 07:56:10.508759+00:00", "RecordID": "167", "Level": "2", "UserID": "S-1-5-18", "EventData.StatusCode": "3221225474", "EventData.Position": "1"}
{"EventID": "208", "Channel": "Microsoft-Windows-Kernel-Boot/Operational", "Provider_Name": "Microsoft-Windows-Kernel-Boot", "Computer": "DESKTOP-OFJ6N53", "TimeCreated": "2022-11-21 07:56:10.508759+00:00", "RecordID": "168", "Level": "2", "UserID": "S-1-5-18", "EventData.InitState": "1", "EventData.StatusCode": "3221225473", "EventData.FailureAddress": "268914986", "EventData.ReferenceAddress": "270151456", "EventData.ReasonCode": "1"}
{"EventID": "235", "Channel": "Microsoft-Windows-Kernel-Boot/Operational", "Provider_Name": "Microsoft-Windows-Kernel-Boot", "Computer": "DESKTOP-OFJ6N53", "TimeCreated": "2022-11-22 07:19:35.695374+00:00", "RecordID": "169", "Level": "2", "UserID": "S-1-5-18", "EventData.StatusCode": "3221225474", "EventData.Position": "1"}
{"EventID": "208", "Channel": "Microsoft-Windows-Kernel-Boot/Operational", "Provider_Name": "Microsoft-Windows-Kernel-Boot", "Computer": "DESKTOP-OFJ6N53", "TimeCreated": "2022-11-22 07:19:35.695375+00:00", "RecordID": "170", "Level": "2", "UserID": "S-1-5-18", "EventData.InitState": "1", "EventData.StatusCode": "3221225473", "EventData.FailureAddress": "11529347", "EventData.ReferenceAddress": "12847008", "EventData.ReasonCode": "1"}
{"EventID": "235", "Channel": "Microsoft-Windows-Kernel-Boot/Operational", "Provider_Name": "Microsoft-Windows-Kernel-Boot", "Computer": "DESKTOP-OFJ6N53", "TimeCreated": "2022-11-22 07:19:35.695518+00:00", "RecordID": "171", "Level": "2", "UserID": "S-1-5-18", "EventData.StatusCode": "3221225474", "EventData.Position": "1"}
{"EventID": "208", "Channel": "Microsoft-Windows-Kernel-Boot/Operational", "Provider_Name": "Microsoft-Windows-Kernel-Boot", "Computer": "DESKTOP-OFJ6N53", "TimeCreated": "2022-11-22 07:19:35.695520+00:00", "RecordID": "172", "Level": "2", "UserID": "S-1-5-18", "EventData.InitState": "1", "EventData.StatusCode": "3221225473", "EventData.FailureAddress": "268914986", "EventData.ReferenceAddress": "270151456", "EventData.ReasonCode": "1"}
{"EventID": "235", "Channel": "Microsoft-Windows-Kernel-Boot/Operational", "Provider_Name": "Microsoft-Windows-Kernel-Boot", "Computer": "DESKTOP-OFJ6N53", "TimeCreated": "2022-11-22 11:56:46.781860+00:00", "RecordID": "173", "Level": "2", "UserID": "S-1-5-18", "EventData.StatusCode": "3221225474", "EventData.Position": "1"}
{"EventID": "208", "Channel": "Microsoft-Windows-Kernel-Boot/Operational", "Provider_Name": "Microsoft-Windows-Kernel-Boot", "Computer": "DESKTOP-OFJ6N53", "TimeCreated": "2022-11-22 11:56:46.781862+00:00", "RecordID": "174", "Level": "2", "UserID": "S-1-5-18", "EventData.InitState": "1", "EventData.StatusCode": "3221225473", "EventData.FailureAddress": "11529347", "EventData.ReferenceAddress": "12847008", "EventData.ReasonCode": "1"}
{"EventID": "235", "Channel": "Microsoft-Windows-Kernel-Boot/Operational", "Provider_Name": "Microsoft-Windows-Kernel-Boot", "Computer": "DESKTOP-OFJ6N53", "TimeCreated": "2022-11-22 11:56:46.782034+00:00", "RecordID": "175", "Level": "2", "UserID": "S-1-5-18", "EventData.StatusCode": "3221225474", "EventData.Position": "1"}
{"EventID": "208", "Channel": "Microsoft-Windows-Kernel-Boot/Operational", "Provider_Name": "Microsoft-Windows-Kernel-Boot", "Computer": "DESKTOP-OFJ6N53", "TimeCreated": "2022-11-22 11:56:46.782036+00:00", "RecordID": "176", "Level": "2", "UserID": "S-1-5-18", "EventData.InitState": "1", "EventData.StatusCode": "3221225473", "EventData.FailureAddress": "268914986", "EventData.ReferenceAddress": "270151456", "EventData.ReasonCode": "1"}
{"EventID": "235", "Channel": "Microsoft-Windows-Kernel-Boot/Operational", "Provider_Name": "Microsoft-Windows-Kernel-Boot", "Computer": "DESKTOP-OFJ6N53", "TimeCreated": "2022-11-24 10:51:53.548626+00:00", "RecordID": "177", "Level": "2", "UserID": "S-1-5-18", "EventData.StatusCode": "3221225474", "EventData.Position": "1"}
{"EventID": "208", "Channel": "Microsoft-Windows-Kernel-Boot/Operational", "Provider_Name": "Microsoft-Windows-Kernel-Boot", "Computer": "DESKTOP-OFJ6N53", "TimeCreated": "2022-11-24 10:51:53.548626+00:00", "RecordID": "178", "Level": "2", "UserID": "S-1-5-18", "EventData.InitState": "1", "EventData.StatusCode": "3221225473", "EventData.FailureAddress": "11529347", "EventData.ReferenceAddress": "12847008", "EventData.ReasonCode": "1"}
{"EventID": "235", "Channel": "Microsoft-Windows-Kernel-Boot/Operational", "Provider_Name": "Microsoft-Windows-Kernel-Boot", "Computer": "DESKTOP-OFJ6N53", "TimeCreated": "2022-11-24 10:51:53.548763+00:00", "RecordID": "179", "Level": "2", "UserID": "S-1-5-18", "EventData.StatusCode": "3221225474", "EventData.Position": "1"}
{"EventID": "208", "Channel": "Microsoft-Windows-Kernel-Boot/Operational", "Provider_Name": "Microsoft-Windows-Kernel-Boot", "Computer": "DESKTOP-OFJ6N53", "TimeCreated": "2022-11-24 10:51:53.548765+00:00", "RecordID": "180", "Level": "2", "UserID": "S-1-5-18", "EventData.InitState": "1", "EventData.StatusCode": "3221225473", "EventData.FailureAddress": "268914986", "EventData.ReferenceAddress": "270151456", "EventData.ReasonCode": "1"}
{"EventID": "235", "Channel": "Microsoft-Windows-Kernel-Boot/Operational", "Provider_Name": "Microsoft-Windows-Kernel-Boot", "Computer": "DESKTOP-OFJ6N53", "TimeCreated": "2022-11-28 11:06:10.456409+00:00", "RecordID": "181", "Level": "2", "UserID": "S-1-5-18", "EventData.StatusCode": "3221225474", "EventData.Position": "1"}
{"EventID": "208", "Channel": "Microsoft-Windows-Kernel-Boot/Operational", "Provider_Name": "Microsoft-Windows-Kernel-Boot", "Computer": "DESKTOP-OFJ6N53", "TimeCreated": "2022-11-28 11:06:10.456411+00:00", "RecordID": "182", "Level": "2", "UserID": "S-1-5-18", "EventData.InitState": "1", "EventData.StatusCode": "3221225473", "EventData.FailureAddress": "11529347", "EventData.ReferenceAddress": "12847008", "EventData.ReasonCode": "1"}
{"EventID": "235", "Channel": "Microsoft-Windows-Kernel-Boot/Operational", "Provider_Name": "Microsoft-Windows-Kernel-Boot", "Computer": "DESKTOP-OFJ6N53", "TimeCreated": "2022-11-28 11:06:10.456715+00:00", "RecordID": "183", "Level": "2", "UserID": "S-1-5-18", "EventData.StatusCode": "3221225474", "EventData.Position": "1"}
{"EventID": "208", "Channel": "Microsoft-Windows-Kernel-Boot/Operational", "Provider_Name": "Microsoft-Windows-Kernel-Boot", "Computer": "DESKTOP-OFJ6N53", "TimeCreated": "2022-11-28 11:06:10.456717+00:00", "RecordID": "184", "Level": "2", "UserID": "S-1-5-18", "EventData.InitState": "1", "EventData.StatusCode": "3221225473", "EventData.FailureAddress": "268914986", "EventData.ReferenceAddress": "270151456", "EventData.ReasonCode": "1"}
{"EventID": "235", "Channel": "Microsoft-Windows-Kernel-Boot/Operational", "Provider_Name": "Microsoft-Windows-Kernel-Boot", "Computer": "DESKTOP-OFJ6N53", "TimeCreated": "2022-11-30 10:05:13.399323+00:00", "RecordID": "185", "Level": "2", "UserID": "S-1-5-18", "EventData.StatusCode": "3221225474", "EventData.Position": "1"}
{"EventID": "208", "Channel": "Microsoft-Windows-Kernel-Boot/Operational", "Provider_Name": "Microsoft-Windows-Kernel-Boot", "Computer": "DESKTOP-OFJ6N53", "TimeCreated": "2022-11-30 10:05:13.399324+00:00", "RecordID": "186", "Level": "2", "UserID": "S-1-5-18", "EventData.InitState": "1", "EventData.StatusCode": "3221225473", "EventData.FailureAddress": "11529347", "EventData.ReferenceAddress": "12847008", "EventData.ReasonCode": "1"}
{"EventID": "235", "Channel": "Microsoft-Windows-Kernel-Boot/Operational", "Provider_Name": "Microsoft-Windows-Kernel-Boot", "Computer": "DESKTOP-OFJ6N53", "TimeCreated": "2022-11-30 10:05:13.399481+00:00", "RecordID": "187", "Level": "2", "UserID": "S-1-5-18", "EventData.StatusCode": "3221225474", "EventData.Position": "1"}
{"EventID": "208", "Channel": "Microsoft-Windows-Kernel-Boot/Operational", "Provider_Name": "Microsoft-Windows-Kernel-Boot", "Computer": "DESKTOP-OFJ6N53", "TimeCreated": "2022-11-30 10:05:13.399481+00:00", "RecordID": "188", "Level": "2", "UserID": "S-1-5-18", "EventData.InitState": "1", "EventData.StatusCode": "3221225473", "EventData.FailureAddress": "268914986", "EventData.ReferenceAddress": "270151456", "EventData.ReasonCode": "1"}
{"EventID": "235", "Channel": "Microsoft-Windows-Kernel-Boot/Operational", "Provider_Name": "Microsoft-Windows-Kernel-Boot", "Computer": "DESKTOP-OFJ6N53", "TimeCreated": "2022-12-06 11:56:53.680664+00:00", "RecordID": "189", "Level": "2", "UserID": "S-1-5-18", "EventData.StatusCode": "3221225474", "EventData.Position": "1"}
{"EventID": "208", "Channel": "Microsoft-Windows-Kernel-Boot/Operational", "Provider_Name": "Microsoft-Windows-Kernel-Boot", "Computer": "DESKTOP-OFJ6N53", "TimeCreated": "2022-12-06 11:56:53.680664+00:00", "RecordID": "190", "Level": "2", "UserID": "S-1-5-18", "EventData.InitState": "1", "EventData.StatusCode": "3221225473", "EventData.FailureAddress": "11529347", "EventData.ReferenceAddress": "12847008", "EventData.ReasonCode": "1"}
{"EventID": "235", "Channel": "Microsoft-Windows-Kernel-Boot/Operational", "Provider_Name": "Microsoft-Windows-Kernel-Boot", "Computer": "DESKTOP-OFJ6N53", "TimeCreated": "2022-12-06 11:56:53.680799+00:00", "RecordID": "191", "Level": "2", "UserID": "S-1-5-18", "EventData.StatusCode": "3221225474", "EventData.Position": "1"}
{"EventID": "208", "Channel": "Microsoft-Windows-Kernel-Boot/Operational", "Provider_Name": "Microsoft-Windows-Kernel-Boot", "Computer": "DESKTOP-OFJ6N53", "TimeCreated": "2022-12-06 11:56:53.680801+00:00", "RecordID": "192", "Level": "2", "UserID": "S-1-5-18", "EventData.InitState": "1", "EventData.StatusCode": "3221225473", "EventData.FailureAddress": "268914986", "EventData.ReferenceAddress": "270151456", "EventData.ReasonCode": "1"}
{"EventID": "235", "Channel": "Microsoft-Windows-Kernel-Boot/Operational", "Provider_Name": "Microsoft-Windows-Kernel-Boot", "Computer": "DESKTOP-OFJ6N53", "TimeCreated": "2022-12-09 11:51:33.925436+00:00", "RecordID": "193", "Level": "2", "UserID": "S-1-5-18", "EventData.StatusCode": "3221225474", "EventData.Position": "1"}
{"EventID": "208", "Channel": "Microsoft-Windows-Kernel-Boot/Operational", "Provider_Name": "Microsoft-Windows-Kernel-Boot", "Computer": "DESKTOP-OFJ6N53", "TimeCreated": "2022-12-09 11:51:33.925438+00:00", "RecordID": "194", "Level": "2", "UserID": "S-1-5-18", "EventData.InitState": "1", "EventData.StatusCode": "3221225473", "EventData.FailureAddress": "11529347", "EventData.ReferenceAddress": "12847008", "EventData.ReasonCode": "1"}
{"EventID": "235", "Channel": "Microsoft-Windows-Kernel-Boot/Operational", "Provider_Name": "Microsoft-Windows-Kernel-Boot", "Computer": "DESKTOP-OFJ6N53", "TimeCreated": "2022-12-09 11:51:33.925589+00:00", "RecordID": "195", "Level": "2", "UserID": "S-1-5-18", "EventData.StatusCode": "3221225474", "EventData.Position": "1"}
{"EventID": "208", "Channel": "Microsoft-Windows-Kernel-Boot/Operational", "Provider_Name": "Microsoft-Windows-Kernel-Boot", "Computer": "DESKTOP-OFJ6N53", "TimeCreated": "2022-12-09 11:51:33.925589+00:00", "RecordID": "196", "Level": "2", "UserID": "S-1-5-18", "EventData.InitState": "1", "EventData.StatusCode": "3221225473", "EventData.FailureAddress": "268914986", "EventData.ReferenceAddress": "270151456", "EventData.ReasonCode": "1"}
{"EventID": "235", "Channel": "Microsoft-Windows-Kernel-Boot/Operational", "Provider_Name": "Microsoft-Windows-Kernel-Boot", "Computer": "DESKTOP-OFJ6N53", "TimeCreated": "2022-12-12 15:20:12.081282+00:00", "RecordID": "197", "Level": "2", "UserID": "S-1-5-18", "EventData.StatusCode": "3221225474", "EventData.Position": "1"}
{"EventID": "208", "Channel": "Microsoft-Windows-Kernel-Boot/Operational", "Provider_Name": "Microsoft-Windows-Kernel-Boot", "Computer": "DESKTOP-OFJ6N53", "TimeCreated": "2022-12-12 15:20:12.081284+00:00", "RecordID": "198", "Level": "2", "UserID": "S-1-5-18", "EventData.InitState": "1", "EventData.StatusCode": "3221225473", "EventData.FailureAddress": "11529347", "EventData.ReferenceAddress": "12847008", "EventData.ReasonCode": "1"}
{"EventID": "235", "Channel": "Microsoft-Windows-Kernel-Boot/Operational", "Provider_Name": "Microsoft-Windows-Kernel-Boot", "Computer": "DESKTOP-OFJ6N53", "TimeCreated": "2022-12-12 15:20:12.081491+00:00", "RecordID": "199", "Level": "2", "UserID": "S-1-5-18", "EventData.StatusCode": "3221225474", "EventData.Position": "1"}
{"EventID": "208", "Channel": "Microsoft-Windows-Kernel-Boot/Operational", "Provider_Name": "Microsoft-Windows-Kernel-Boot", "Computer": "DESKTOP-OFJ6N53", "TimeCreated": "2022-12-12 15:20:12.081491+00:00", "RecordID": "200", "Level": "2", "UserID": "S-1-5-18", "EventData.InitState": "1", "EventData.StatusCode": "3221225473", "EventData.FailureAddress": "268914986", "EventData.ReferenceAddress": "270151456", "EventData.ReasonCode": "1"}
{"EventID": "235", "Channel": "Microsoft-Windows-Kernel-Boot/Operational", "Provider_Name": "Microsoft-Windows-Kernel-Boot", "Computer": "DESKTOP-OFJ6N53", "TimeCreated": "2022-12-14 12:46:16.565121+00:00", "RecordID": "201", "Level": "2", "UserID": "S-1-5-18", "EventData.StatusCode": "3221225474", "EventData.Position": "1"}
{"EventID": "208", "Channel": "Microsoft-Windows-Kernel-Boot/Operational", "Provider_Name": "Microsoft-Windows-Kernel-Boot", "Computer": "DESKTOP-OFJ6N53", "TimeCreated": "2022-12-14 12:46:16.565121+00:00", "RecordID": "202", "Level": "2", "UserID": "S-1-5-18", "EventData.InitState": "1", "EventData.StatusCode": "3221225473", "EventData.FailureAddress": "11529347", "EventData.ReferenceAddress": "12847040", "EventData.ReasonCode": "1"}
{"EventID": "235", "Channel": "Microsoft-Windows-Kernel-Boot/Operational", "Provider_Name": "Microsoft-Windows-Kernel-Boot", "Computer": "DESKTOP-OFJ6N53", "TimeCreated": "2022-12-14 12:46:16.565269+00:00", "RecordID": "203", "Level": "2", "UserID": "S-1-5-18", "EventData.StatusCode": "3221225474", "EventData.Position": "1"}
{"EventID": "208", "Channel": "Microsoft-Windows-Kernel-Boot/Operational", "Provider_Name": "Microsoft-Windows-Kernel-Boot", "Computer": "DESKTOP-OFJ6N53", "TimeCreated": "2022-12-14 12:46:16.565269+00:00", "RecordID": "204", "Level": "2", "UserID": "S-1-5-18", "EventData.InitState": "1", "EventData.StatusCode": "3221225473", "EventData.FailureAddress": "268914986", "EventData.ReferenceAddress": "270151456", "EventData.ReasonCode": "1"}
{"EventID": "235", "Channel": "Microsoft-Windows-Kernel-Boot/Operational", "Provider_Name": "Microsoft-Windows-Kernel-Boot", "Computer": "DESKTOP-OFJ6N53", "TimeCreated": "2022-12-15 08:28:38.934832+00:00", "RecordID": "205", "Level": "2", "UserID": "S-1-5-18", "EventData.StatusCode": "3221225474", "EventData.Position": "1"}
{"EventID": "208", "Channel": "Microsoft-Windows-Kernel-Boot/Operational", "Provider_Name": "Microsoft-Windows-Kernel-Boot", "Computer": "DESKTOP-OFJ6N53", "TimeCreated": "2022-12-15 08:28:38.934834+00:00", "RecordID": "206", "Level": "2", "UserID": "S-1-5-18", "EventData.InitState": "1", "EventData.StatusCode": "3221225473", "EventData.FailureAddress": "11529347", "EventData.ReferenceAddress": "12847040", "EventData.ReasonCode": "1"}
{"EventID": "235", "Channel": "Microsoft-Windows-Kernel-Boot/Operational", "Provider_Name": "Microsoft-Windows-Kernel-Boot", "Computer": "DESKTOP-OFJ6N53", "TimeCreated": "2022-12-15 08:28:38.935011+00:00", "RecordID": "207", "Level": "2", "UserID": "S-1-5-18", "EventData.StatusCode": "3221225474", "EventData.Position": "1"}
{"EventID": "208", "Channel": "Microsoft-Windows-Kernel-Boot/Operational", "Provider_Name": "Microsoft-Windows-Kernel-Boot", "Computer": "DESKTOP-OFJ6N53", "TimeCreated": "2022-12-15 08:28:38.935013+00:00", "RecordID": "208", "Level": "2", "UserID": "S-1-5-18", "EventData.InitState": "1", "EventData.StatusCode": "3221225473", "EventData.FailureAddress": "268914986", "EventData.ReferenceAddress": "270151456", "EventData.ReasonCode": "1"}
{"EventID": "235", "Channel": "Microsoft-Windows-Kernel-Boot/Operational", "Provider_Name": "Microsoft-Windows-Kernel-Boot", "Computer": "DESKTOP-OFJ6N53", "TimeCreated": "2022-12-21 09:55:10.430986+00:00", "RecordID": "209", "Level": "2", "UserID": "S-1-5-18", "EventData.StatusCode": "3221225474", "EventData.Position": "1"}
{"EventID": "208", "Channel": "Microsoft-Windows-Kernel-Boot/Operational", "Provider_Name": "Microsoft-Windows-Kernel-Boot", "Computer": "DESKTOP-OFJ6N53", "TimeCreated": "2022-12-21 09:55:10.430988+00:00", "RecordID": "210", "Level": "2", "UserID": "S-1-5-18", "EventData.InitState": "1", "EventData.StatusCode": "3221225473", "EventData.FailureAddress": "11529347", "EventData.ReferenceAddress": "12847040", "EventData.ReasonCode": "1"}
{"EventID": "235", "Channel": "Microsoft-Windows-Kernel-Boot/Operational", "Provider_Name": "Microsoft-Windows-Kernel-Boot", "Computer": "DESKTOP-OFJ6N53", "TimeCreated": "2022-12-21 09:55:10.431135+00:00", "RecordID": "211", "Level": "2", "UserID": "S-1-5-18", "EventData.StatusCode": "3221225474", "EventData.Position": "1"}
{"EventID": "208", "Channel": "Microsoft-Windows-Kernel-Boot/Operational", "Provider_Name": "Microsoft-Windows-Kernel-Boot", "Computer": "DESKTOP-OFJ6N53", "TimeCreated": "2022-12-21 09:55:10.431135+00:00", "RecordID": "212", "Level": "2", "UserID": "S-1-5-18", "EventData.InitState": "1", "EventData.StatusCode": "3221225473", "EventData.FailureAddress": "268914986", "EventData.ReferenceAddress": "270151456", "EventData.ReasonCode": "1"}
{"EventID": "235", "Channel": "Microsoft-Windows-Kernel-Boot/Operational", "Provider_Name": "Microsoft-Windows-Kernel-Boot", "Computer": "DESKTOP-OFJ6N53", "TimeCreated": "2022-12-27 09:34:21.884377+00:00", "RecordID": "213", "Level": "2", "UserID": "S-1-5-18", "EventData.StatusCode": "3221225474", "EventData.Position": "1"}
{"EventID": "208", "Channel": "Microsoft-Windows-Kernel-Boot/Operational", "Provider_Name": "Microsoft-Windows-Kernel-Boot", "Computer": "DESKTOP-OFJ6N53", "TimeCreated": "2022-12-27 09:34:21.884378+00:00", "RecordID": "214", "Level": "2", "UserID": "S-1-5-18", "EventData.InitState": "1", "EventData.StatusCode": "3221225473", "EventData.FailureAddress": "11529347", "EventData.ReferenceAddress": "12847040", "EventData.ReasonCode": "1"}
{"EventID": "235", "Channel": "Microsoft-Windows-Kernel-Boot/Operational", "Provider_Name": "Microsoft-Windows-Kernel-Boot", "Computer": "DESKTOP-OFJ6N53", "TimeCreated": "2022-12-27 09:34:21.884741+00:00", "RecordID": "215", "Level": "2", "UserID": "S-1-5-18", "EventData.StatusCode": "3221225474", "EventData.Position": "1"}
{"EventID": "208", "Channel": "Microsoft-Windows-Kernel-Boot/Operational", "Provider_Name": "Microsoft-Windows-Kernel-Boot", "Computer": "DESKTOP-OFJ6N53", "TimeCreated": "2022-12-27 09:34:21.884741+00:00", "RecordID": "216", "Level": "2", "UserID": "S-1-5-18", "EventData.InitState": "1", "EventData.StatusCode": "3221225473", "EventData.FailureAddress": "268914986", "EventData.ReferenceAddress": "270151456", "EventData.ReasonCode": "1"}
{"EventID": "235", "Channel": "Microsoft-Windows-Kernel-Boot/Operational", "Provider_Name": "Microsoft-Windows-Kernel-Boot", "Computer": "DESKTOP-OFJ6N53", "TimeCreated": "2022-12-29 12:41:24.036783+00:00", "RecordID": "217", "Level": "2", "UserID": "S-1-5-18", "EventData.StatusCode": "3221225474", "EventData.Position": "1"}
{"EventID": "208", "Channel": "Microsoft-Windows-Kernel-Boot/Operational", "Provider_Name": "Microsoft-Windows-Kernel-Boot", "Computer": "DESKTOP-OFJ6N53", "TimeCreated": "2022-12-29 12:41:24.036783+00:00", "RecordID": "218", "Level": "2", "UserID": "S-1-5-18", "EventData.InitState": "1", "EventData.StatusCode": "3221225473", "EventData.FailureAddress": "11529347", "EventData.ReferenceAddress": "12847040", "EventData.ReasonCode": "1"}
{"EventID": "235", "Channel": "Microsoft-Windows-Kernel-Boot/Operational", "Provider_Name": "Microsoft-Windows-Kernel-Boot", "Computer": "DESKTOP-OFJ6N53", "TimeCreated": "2022-12-29 12:41:24.036928+00:00", "RecordID": "219", "Level": "2", "UserID": "S-1-5-18", "EventData.StatusCode": "3221225474", "EventData.Position": "1"}
{"EventID": "208", "Channel": "Microsoft-Windows-Kernel-Boot/Operational", "Provider_Name": "Microsoft-Windows-Kernel-Boot", "Computer": "DESKTOP-OFJ6N53", "TimeCreated": "2022-12-29 12:41:24.036930+00:00", "RecordID": "220", "Level": "2", "UserID": "S-1-5-18", "EventData.InitState": "1", "EventData.StatusCode": "3221225473", "EventData.FailureAddress": "268914986", "EventData.ReferenceAddress": "270151456", "EventData.ReasonCode": "1"}
{"EventID": "235", "Channel": "Microsoft-Windows-Kernel-Boot/Operational", "Provider_Name": "Microsoft-Windows-Kernel-Boot", "Computer": "DESKTOP-OFJ6N53", "TimeCreated": "2023-01-10 07:49:09.023893+00:00", "RecordID": "221", "Level": "2", "UserID": "S-1-5-18", "EventData.StatusCode": "3221225474", "EventData.Position": "1"}
{"EventID": "208", "Channel": "Microsoft-Windows-Kernel-Boot/Operational", "Provider_Name": "Microsoft-Windows-Kernel-Boot", "Computer": "DESKTOP-OFJ6N53", "TimeCreated": "2023-01-10 07:49:09.023895+00:00", "RecordID": "222", "Level": "2", "UserID": "S-1-5-18", "EventData.InitState": "1", "EventData.StatusCode": "3221225473", "EventData.FailureAddress": "11529347", "EventData.ReferenceAddress": "12847040", "EventData.ReasonCode": "1"}
{"EventID": "235", "Channel": "Microsoft-Windows-Kernel-Boot/Operational", "Provider_Name": "Microsoft-Windows-Kernel-Boot", "Computer": "DESKTOP-OFJ6N53", "TimeCreated": "2023-01-10 07:49:09.024036+00:00", "RecordID": "223", "Level": "2", "UserID": "S-1-5-18", "EventData.StatusCode": "3221225474", "EventData.Position": "1"}
{"EventID": "208", "Channel": "Microsoft-Windows-Kernel-Boot/Operational", "Provider_Name": "Microsoft-Windows-Kernel-Boot", "Computer": "DESKTOP-OFJ6N53", "TimeCreated": "2023-01-10 07:49:09.024036+00:00", "RecordID": "224", "Level": "2", "UserID": "S-1-5-18", "EventData.InitState": "1", "EventData.StatusCode": "3221225473", "EventData.FailureAddress": "268914986", "EventData.ReferenceAddress": "270151456", "EventData.ReasonCode": "1"}
{"EventID": "235", "Channel": "Microsoft-Windows-Kernel-Boot/Operational", "Provider_Name": "Microsoft-Windows-Kernel-Boot", "Computer": "DESKTOP-OFJ6N53", "TimeCreated": "2023-01-11 14:45:22.778988+00:00", "RecordID": "225", "Level": "2", "UserID": "S-1-5-18", "EventData.StatusCode": "3221225474", "EventData.Position": "1"}
{"EventID": "208", "Channel": "Microsoft-Windows-Kernel-Boot/Operational", "Provider_Name": "Microsoft-Windows-Kernel-Boot", "Computer": "DESKTOP-OFJ6N53", "TimeCreated": "2023-01-11 14:45:22.778990+00:00", "RecordID": "226", "Level": "2", "UserID": "S-1-5-18", "EventData.InitState": "1", "EventData.StatusCode": "3221225473", "EventData.FailureAddress": "11529347", "EventData.ReferenceAddress": "12846976", "EventData.ReasonCode": "1"}
{"EventID": "235", "Channel": "Microsoft-Windows-Kernel-Boot/Operational", "Provider_Name": "Microsoft-Windows-Kernel-Boot", "Computer": "DESKTOP-OFJ6N53", "TimeCreated": "2023-01-11 14:45:22.779140+00:00", "RecordID": "227", "Level": "2", "UserID": "S-1-5-18", "EventData.StatusCode": "3221225474", "EventData.Position": "1"}
{"EventID": "208", "Channel": "Microsoft-Windows-Kernel-Boot/Operational", "Provider_Name": "Microsoft-Windows-Kernel-Boot", "Computer": "DESKTOP-OFJ6N53", "TimeCreated": "2023-01-11 14:45:22.779142+00:00", "RecordID": "228", "Level": "2", "UserID": "S-1-5-18", "EventData.InitState": "1", "EventData.StatusCode": "3221225473", "EventData.FailureAddress": "268914986", "EventData.ReferenceAddress": "270151456", "EventData.ReasonCode": "1"}
{"EventID": "235", "Channel": "Microsoft-Windows-Kernel-Boot/Operational", "Provider_Name": "Microsoft-Windows-Kernel-Boot", "Computer": "DESKTOP-OFJ6N53", "TimeCreated": "2023-01-13 13:31:20.929358+00:00", "RecordID": "229", "Level": "2", "UserID": "S-1-5-18", "EventData.StatusCode": "3221225474", "EventData.Position": "1"}
{"EventID": "208", "Channel": "Microsoft-Windows-Kernel-Boot/Operational", "Provider_Name": "Microsoft-Windows-Kernel-Boot", "Computer": "DESKTOP-OFJ6N53", "TimeCreated": "2023-01-13 13:31:20.929359+00:00", "RecordID": "230", "Level": "2", "UserID": "S-1-5-18", "EventData.InitState": "1", "EventData.StatusCode": "3221225473", "EventData.FailureAddress": "11529347", "EventData.ReferenceAddress": "12846976", "EventData.ReasonCode": "1"}
{"EventID": "235", "Channel": "Microsoft-Windows-Kernel-Boot/Operational", "Provider_Name": "Microsoft-Windows-Kernel-Boot", "Computer": "DESKTOP-OFJ6N53", "TimeCreated": "2023-01-13 13:31:20.929523+00:00", "RecordID": "231", "Level": "2", "UserID": "S-1-5-18", "EventData.StatusCode": "3221225474", "EventData.Position": "1"}
{"EventID": "208", "Channel": "Microsoft-Windows-Kernel-Boot/Operational", "Provider_Name": "Microsoft-Windows-Kernel-Boot", "Computer": "DESKTOP-OFJ6N53", "TimeCreated": "2023-01-13 13:31:20.929523+00:00", "RecordID": "232", "Level": "2", "UserID": "S-1-5-18", "EventData.InitState": "1", "EventData.StatusCode": "3221225473", "EventData.FailureAddress": "268915018", "EventData.ReferenceAddress": "270151424", "EventData.ReasonCode": "1"}
{"EventID": "235", "Channel": "Microsoft-Windows-Kernel-Boot/Operational", "Provider_Name": "Microsoft-Windows-Kernel-Boot", "Computer": "DESKTOP-OFJ6N53", "TimeCreated": "2023-01-16 08:14:16.692352+00:00", "RecordID": "233", "Level": "2", "UserID": "S-1-5-18", "EventData.StatusCode": "3221225474", "EventData.Position": "1"}
{"EventID": "208", "Channel": "Microsoft-Windows-Kernel-Boot/Operational", "Provider_Name": "Microsoft-Windows-Kernel-Boot", "Computer": "DESKTOP-OFJ6N53", "TimeCreated": "2023-01-16 08:14:16.692352+00:00", "RecordID": "234", "Level": "2", "UserID": "S-1-5-18", "EventData.InitState": "1", "EventData.StatusCode": "3221225473", "EventData.FailureAddress": "11529347", "EventData.ReferenceAddress": "12846976", "EventData.ReasonCode": "1"}
{"EventID": "235", "Channel": "Microsoft-Windows-Kernel-Boot/Operational", "Provider_Name": "Microsoft-Windows-Kernel-Boot", "Computer": "DESKTOP-OFJ6N53", "TimeCreated": "2023-01-16 08:14:16.692520+00:00", "RecordID": "235", "Level": "2", "UserID": "S-1-5-18", "EventData.StatusCode": "3221225474", "EventData.Position": "1"}
{"EventID": "208", "Channel": "Microsoft-Windows-Kernel-Boot/Operational", "Provider_Name": "Microsoft-Windows-Kernel-Boot", "Computer": "DESKTOP-OFJ6N53", "TimeCreated": "2023-01-16 08:14:16.692520+00:00", "RecordID": "236", "Level": "2", "UserID": "S-1-5-18", "EventData.InitState": "1", "EventData.StatusCode": "3221225473", "EventData.FailureAddress": "268915018", "EventData.ReferenceAddress": "270151424", "EventData.ReasonCode": "1"}
{"EventID": "235", "Channel": "Microsoft-Windows-Kernel-Boot/Operational", "Provider_Name": "Microsoft-Windows-Kernel-Boot", "Computer": "DESKTOP-OFJ6N53", "TimeCreated": "2023-01-17 12:29:59.952394+00:00", "RecordID": "237", "Level": "2", "UserID": "S-1-5-18", "EventData.StatusCode": "3221225474", "EventData.Position": "1"}
{"EventID": "208", "Channel": "Microsoft-Windows-Kernel-Boot/Operational", "Provider_Name": "Microsoft-Windows-Kernel-Boot", "Computer": "DESKTOP-OFJ6N53", "TimeCreated": "2023-01-17 12:29:59.952396+00:00", "RecordID": "238", "Level": "2", "UserID": "S-1-5-18", "EventData.InitState": "1", "EventData.StatusCode": "3221225473", "EventData.FailureAddress": "11529347", "EventData.ReferenceAddress": "12846976", "EventData.ReasonCode": "1"}
{"EventID": "235", "Channel": "Microsoft-Windows-Kernel-Boot/Operational", "Provider_Name": "Microsoft-Windows-Kernel-Boot", "Computer": "DESKTOP-OFJ6N53", "TimeCreated": "2023-01-17 12:29:59.952549+00:00", "RecordID": "239", "Level": "2", "UserID": "S-1-5-18", "EventData.StatusCode": "3221225474", "EventData.Position": "1"}
{"EventID": "208", "Channel": "Microsoft-Windows-Kernel-Boot/Operational", "Provider_Name": "Microsoft-Windows-Kernel-Boot", "Computer": "DESKTOP-OFJ6N53", "TimeCreated": "2023-01-17 12:29:59.952549+00:00", "RecordID": "240", "Level": "2", "UserID": "S-1-5-18", "EventData.InitState": "1", "EventData.StatusCode": "3221225473", "EventData.FailureAddress": "268915018", "EventData.ReferenceAddress": "270151424", "EventData.ReasonCode": "1"}
{"EventID": "235", "Channel": "Microsoft-Windows-Kernel-Boot/Operational", "Provider_Name": "Microsoft-Windows-Kernel-Boot", "Computer": "DESKTOP-OFJ6N53", "TimeCreated": "2023-01-19 08:00:00.571224+00:00", "RecordID": "241", "Level": "2", "UserID": "S-1-5-18", "EventData.StatusCode": "3221225474", "EventData.Position": "1"}
{"EventID": "208", "Channel": "Microsoft-Windows-Kernel-Boot/Operational", "Provider_Name": "Microsoft-Windows-Kernel-Boot", "Computer": "DESKTOP-OFJ6N53", "TimeCreated": "2023-01-19 08:00:00.571224+00:00", "RecordID": "242", "Level": "2", "UserID": "S-1-5-18", "EventData.InitState": "1", "EventData.StatusCode": "3221225473", "EventData.FailureAddress": "11529347", "EventData.ReferenceAddress": "12846976", "EventData.ReasonCode": "1"}
{"EventID": "235", "Channel": "Microsoft-Windows-Kernel-Boot/Operational", "Provider_Name": "Microsoft-Windows-Kernel-Boot", "Computer": "DESKTOP-OFJ6N53", "TimeCreated": "2023-01-19 08:00:00.571373+00:00", "RecordID": "243", "Level": "2", "UserID": "S-1-5-18", "EventData.StatusCode": "3221225474", "EventData.Position": "1"}
{"EventID": "208", "Channel": "Microsoft-Windows-Kernel-Boot/Operational", "Provider_Name": "Microsoft-Windows-Kernel-Boot", "Computer": "DESKTOP-OFJ6N53", "TimeCreated": "2023-01-19 08:00:00.571373+00:00", "RecordID": "244", "Level": "2", "UserID": "S-1-5-18", "EventData.InitState": "1", "EventData.StatusCode": "3221225473", "EventData.FailureAddress": "268915018", "EventData.ReferenceAddress": "270151424", "EventData.ReasonCode": "1"}
{"EventID": "235", "Channel": "Microsoft-Windows-Kernel-Boot/Operational", "Provider_Name": "Microsoft-Windows-Kernel-Boot", "Computer": "DESKTOP-OFJ6N53", "TimeCreated": "2023-01-19 11:54:50.373400+00:00", "RecordID": "245", "Level": "2", "UserID": "S-1-5-18", "EventData.StatusCode": "3221225474", "EventData.Position": "1"}
{"EventID": "208", "Channel": "Microsoft-Windows-Kernel-Boot/Operational", "Provider_Name": "Microsoft-Windows-Kernel-Boot", "Computer": "DESKTOP-OFJ6N53", "TimeCreated": "2023-01-19 11:54:50.373400+00:00", "RecordID": "246", "Level": "2", "UserID": "S-1-5-18", "EventData.InitState": "1", "EventData.StatusCode": "3221225473", "EventData.FailureAddress": "11529347", "EventData.ReferenceAddress": "12846976", "EventData.ReasonCode": "1"}
{"EventID": "235", "Channel": "Microsoft-Windows-Kernel-Boot/Operational", "Provider_Name": "Microsoft-Windows-Kernel-Boot", "Computer": "DESKTOP-OFJ6N53", "TimeCreated": "2023-01-19 11:54:50.373550+00:00", "RecordID": "247", "Level": "2", "UserID": "S-1-5-18", "EventData.StatusCode": "3221225474", "EventData.Position": "1"}
{"EventID": "208", "Channel": "Microsoft-Windows-Kernel-Boot/Operational", "Provider_Name": "Microsoft-Windows-Kernel-Boot", "Computer": "DESKTOP-OFJ6N53", "TimeCreated": "2023-01-19 11:54:50.373550+00:00", "RecordID": "248", "Level": "2", "UserID": "S-1-5-18", "EventData.InitState": "1", "EventData.StatusCode": "3221225473", "EventData.FailureAddress": "268915018", "EventData.ReferenceAddress": "270151424", "EventData.ReasonCode": "1"}
{"EventID": "235", "Channel": "Microsoft-Windows-Kernel-Boot/Operational", "Provider_Name": "Microsoft-Windows-Kernel-Boot", "Computer": "DESKTOP-OFJ6N53", "TimeCreated": "2023-01-20 14:30:52.350866+00:00", "RecordID": "249", "Level": "2", "UserID": "S-1-5-18", "EventData.StatusCode": "3221225474", "EventData.Position": "1"}
{"EventID": "208", "Channel": "Microsoft-Windows-Kernel-Boot/Operational", "Provider_Name": "Microsoft-Windows-Kernel-Boot", "Computer": "DESKTOP-OFJ6N53", "TimeCreated": "2023-01-20 14:30:52.350866+00:00", "RecordID": "250", "Level": "2", "UserID": "S-1-5-18", "EventData.InitState": "1", "EventData.StatusCode": "3221225473", "EventData.FailureAddress": "11529347", "EventData.ReferenceAddress": "12846976", "EventData.ReasonCode": "1"}
{"EventID": "235", "Channel": "Microsoft-Windows-Kernel-Boot/Operational", "Provider_Name": "Microsoft-Windows-Kernel-Boot", "Computer": "DESKTOP-OFJ6N53", "TimeCreated": "2023-01-20 14:30:52.351068+00:00", "RecordID": "251", "Level": "2", "UserID": "S-1-5-18", "EventData.StatusCode": "3221225474", "EventData.Position": "1"}
{"EventID": "208", "Channel": "Microsoft-Windows-Kernel-Boot/Operational", "Provider_Name": "Microsoft-Windows-Kernel-Boot", "Computer": "DESKTOP-OFJ6N53", "TimeCreated": "2023-01-20 14:30:52.351068+00:00", "RecordID": "252", "Level": "2", "UserID": "S-1-5-18", "EventData.InitState": "1", "EventData.StatusCode": "3221225473", "EventData.FailureAddress": "268915018", "EventData.ReferenceAddress": "270151424", "EventData.ReasonCode": "1"}
{"EventID": "235", "Channel": "Microsoft-Windows-Kernel-Boot/Operational", "Provider_Name": "Microsoft-Windows-Kernel-Boot", "Computer": "DESKTOP-OFJ6N53", "TimeCreated": "2023-01-23 10:19:09.213011+00:00", "RecordID": "253", "Level": "2", "UserID": "S-1-5-18", "EventData.StatusCode": "3221225474", "EventData.Position": "1"}
{"EventID": "208", "Channel": "Microsoft-Windows-Kernel-Boot/Operational", "Provider_Name": "Microsoft-Windows-Kernel-Boot", "Computer": "DESKTOP-OFJ6N53", "TimeCreated": "2023-01-23 10:19:09.213013+00:00", "RecordID": "254", "Level": "2", "UserID": "S-1-5-18", "EventData.InitState": "1", "EventData.StatusCode": "3221225473", "EventData.FailureAddress": "11529347", "EventData.ReferenceAddress": "12846976", "EventData.ReasonCode": "1"}
{"EventID": "235", "Channel": "Microsoft-Windows-Kernel-Boot/Operational", "Provider_Name": "Microsoft-Windows-Kernel-Boot", "Computer": "DESKTOP-OFJ6N53", "TimeCreated": "2023-01-23 10:19:09.213163+00:00", "RecordID": "255", "Level": "2", "UserID": "S-1-5-18", "EventData.StatusCode": "3221225474", "EventData.Position": "1"}
{"EventID": "208", "Channel": "Microsoft-Windows-Kernel-Boot/Operational", "Provider_Name": "Microsoft-Windows-Kernel-Boot", "Computer": "DESKTOP-OFJ6N53", "TimeCreated": "2023-01-23 10:19:09.213165+00:00", "RecordID": "256", "Level": "2", "UserID": "S-1-5-18", "EventData.InitState": "1", "EventData.StatusCode": "3221225473", "EventData.FailureAddress": "268915018", "EventData.ReferenceAddress": "270151424", "EventData.ReasonCode": "1"}
{"EventID": "235", "Channel": "Microsoft-Windows-Kernel-Boot/Operational", "Provider_Name": "Microsoft-Windows-Kernel-Boot", "Computer": "DESKTOP-OFJ6N53", "TimeCreated": "2023-01-23 12:40:49.407410+00:00", "RecordID": "257", "Level": "2", "UserID": "S-1-5-18", "EventData.StatusCode": "3221225474", "EventData.Position": "1"}
{"EventID": "208", "Channel": "Microsoft-Windows-Kernel-Boot/Operational", "Provider_Name": "Microsoft-Windows-Kernel-Boot", "Computer": "DESKTOP-OFJ6N53", "TimeCreated": "2023-01-23 12:40:49.407410+00:00", "RecordID": "258", "Level": "2", "UserID": "S-1-5-18", "EventData.InitState": "1", "EventData.StatusCode": "3221225473", "EventData.FailureAddress": "11529347", "EventData.ReferenceAddress": "12846976", "EventData.ReasonCode": "1"}
{"EventID": "235", "Channel": "Microsoft-Windows-Kernel-Boot/Operational", "Provider_Name": "Microsoft-Windows-Kernel-Boot", "Computer": "DESKTOP-OFJ6N53", "TimeCreated": "2023-01-23 12:40:49.407574+00:00", "RecordID": "259", "Level": "2", "UserID": "S-1-5-18", "EventData.StatusCode": "3221225474", "EventData.Position": "1"}
{"EventID": "208", "Channel": "Microsoft-Windows-Kernel-Boot/Operational", "Provider_Name": "Microsoft-Windows-Kernel-Boot", "Computer": "DESKTOP-OFJ6N53", "TimeCreated": "2023-01-23 12:40:49.407574+00:00", "RecordID": "260", "Level": "2", "UserID": "S-1-5-18", "EventData.InitState": "1", "EventData.StatusCode": "3221225473", "EventData.FailureAddress": "268915018", "EventData.ReferenceAddress": "270151424", "EventData.ReasonCode": "1"}
