{"EventID": "300", "Channel": "Microsoft-Windows-DeviceSetupManager/Operational", "Provider_Name": "Microsoft-Windows-DeviceSetupManager", "Computer": "DESKTOP-OFJ6N53", "TimeCreated": "2025-01-16 12:58:09.868250+00:00", "RecordID": "11423", "Level": "4", "UserID": "S-1-5-18", "EventData.Prop_ContainerId": "{8C2AA691-856E-4C69-83D5-550FE6586C60}"}
{"EventID": "300", "Channel": "Microsoft-Windows-DeviceSetupManager/Operational", "Provider_Name": "Microsoft-Windows-DeviceSetupManager", "Computer": "DESKTOP-OFJ6N53", "TimeCreated": "2025-01-17 10:14:16.159611+00:00", "RecordID": "11424", "Level": "4", "UserID": "S-1-5-18", "EventData.Prop_ContainerId": "{A0067682-946D-45EA-9D7C-62E1CB513586}"}
{"EventID": "300", "Channel": "Microsoft-Windows-DeviceSetupManager/Operational", "Provider_Name": "Microsoft-Windows-DeviceSetupManager", "Computer": "DESKTOP-OFJ6N53", "TimeCreated": "2025-01-21 12:55:37.889639+00:00", "RecordID": "11425", "Level": "4", "UserID": "S-1-5-18", "EventData.Prop_ContainerId": "{C97D11C5-5E88-4447-A621-2AC310686E6D}"}
{"EventID": "300", "Channel": "Microsoft-Windows-DeviceSetupManager/Operational", "Provider_Name": "Microsoft-Windows-DeviceSetupManager", "Computer": "DESKTOP-OFJ6N53", "TimeCreated": "2025-01-21 19:51:42.723095+00:00", "RecordID": "11426", "Level": "4", "UserID": "S-1-5-18", "EventData.Prop_ContainerId": "{BEE57C7A-2014-4DB6-9811-3954AB3FFB39}"}
{"EventID": "300", "Channel": "Microsoft-Windows-DeviceSetupManager/Operational", "Provider_Name": "Microsoft-Windows-DeviceSetupManager", "Computer": "DESKTOP-OFJ6N53", "TimeCreated": "2025-01-22 12:12:04.409517+00:00", "RecordID": "11427", "Level": "4", "UserID": "S-1-5-18", "EventData.Prop_ContainerId": "{EC083FE0-3A6F-4490-A54A-FDCA10E5A48B}"}
{"EventID": "300", "Channel": "Microsoft-Windows-DeviceSetupManager/Operational", "Provider_Name": "Microsoft-Windows-DeviceSetupManager", "Computer": "DESKTOP-OFJ6N53", "TimeCreated": "2025-01-22 21:59:59.485025+00:00", "RecordID": "11428", "Level": "4", "UserID": "S-1-5-18", "EventData.Prop_ContainerId": "{EB4131AC-A967-46BC-B744-6ABFE20EF1BC}"}
{"EventID": "300", "Channel": "Microsoft-Windows-DeviceSetupManager/Operational", "Provider_Name": "Microsoft-Windows-DeviceSetupManager", "Computer": "DESKTOP-OFJ6N53", "TimeCreated": "2025-01-23 07:55:46.973055+00:00", "RecordID": "11429", "Level": "4", "UserID": "S-1-5-18", "EventData.Prop_ContainerId": "{65DC2F44-02E4-45B8-8478-90B3D31F04C0}"}
{"EventID": "300", "Channel": "Microsoft-Windows-DeviceSetupManager/Operational", "Provider_Name": "Microsoft-Windows-DeviceSetupManager", "Computer": "DESKTOP-OFJ6N53", "TimeCreated": "2025-01-24 12:04:32.946585+00:00", "RecordID": "11430", "Level": "4", "UserID": "S-1-5-18", "EventData.Prop_ContainerId": "{F0D99FEE-B3A4-4EB5-A413-AD6516A6FAC7}"}
{"EventID": "300", "Channel": "Microsoft-Windows-DeviceSetupManager/Operational", "Provider_Name": "Microsoft-Windows-DeviceSetupManager", "Computer": "DESKTOP-OFJ6N53", "TimeCreated": "2025-01-24 20:11:32.841871+00:00", "RecordID": "11431", "Level": "4", "UserID": "S-1-5-18", "EventData.Prop_ContainerId": "{95CD8BB1-5ABC-4FCA-9CF3-76A9EF86E521}"}
{"EventID": "300", "Channel": "Microsoft-Windows-DeviceSetupManager/Operational", "Provider_Name": "Microsoft-Windows-DeviceSetupManager", "Computer": "DESKTOP-OFJ6N53", "TimeCreated": "2025-01-25 14:23:02.964563+00:00", "RecordID": "11432", "Level": "4", "UserID": "S-1-5-18", "EventData.Prop_ContainerId": "{CE45E005-B81F-4C3D-B716-A6781CEC7887}"}
{"EventID": "300", "Channel": "Microsoft-Windows-DeviceSetupManager/Operational", "Provider_Name": "Microsoft-Windows-DeviceSetupManager", "Computer": "DESKTOP-OFJ6N53", "TimeCreated": "2025-01-27 12:43:50.167725+00:00", "RecordID": "11433", "Level": "4", "UserID": "S-1-5-18", "EventData.Prop_ContainerId": "{A611F5AA-E61A-4D36-B6FF-61AC3968622B}"}
{"EventID": "300", "Channel": "Microsoft-Windows-DeviceSetupManager/Operational", "Provider_Name": "Microsoft-Windows-DeviceSetupManager", "Computer": "DESKTOP-OFJ6N53", "TimeCreated": "2025-01-27 15:53:45.130722+00:00", "RecordID": "11434", "Level": "4", "UserID": "S-1-5-18", "EventData.Prop_ContainerId": "{6C6920F1-221B-4232-86AA-BBC273E7BC48}"}
{"EventID": "300", "Channel": "Microsoft-Windows-DeviceSetupManager/Operational", "Provider_Name": "Microsoft-Windows-DeviceSetupManager", "Computer": "DESKTOP-OFJ6N53", "TimeCreated": "2025-01-28 02:35:10.712000+00:00", "RecordID": "11435", "Level": "4", "UserID": "S-1-5-18", "EventData.Prop_ContainerId": "{0EAC2C23-6A68-4FBF-A524-D86F6FCE5FC5}"}
{"EventID": "300", "Channel": "Microsoft-Windows-DeviceSetupManager/Operational", "Provider_Name": "Microsoft-Windows-DeviceSetupManager", "Computer": "DESKTOP-OFJ6N53", "TimeCreated": "2025-01-29 14:01:32.138615+00:00", "RecordID": "11436", "Level": "4", "UserID": "S-1-5-18", "EventData.Prop_ContainerId": "{B06AB8C4-99B5-48F4-A192-3881948FA00B}"}
{"EventID": "300", "Channel": "Microsoft-Windows-DeviceSetupManager/Operational", "Provider_Name": "Microsoft-Windows-DeviceSetupManager", "Computer": "DESKTOP-OFJ6N53", "TimeCreated": "2025-01-31 09:49:32.746973+00:00", "RecordID": "11437", "Level": "4", "UserID": "S-1-5-18", "EventData.Prop_ContainerId": "{F188A451-52BF-4315-93DF-835CB2B488C0}"}
{"EventID": "300", "Channel": "Microsoft-Windows-DeviceSetupManager/Operational", "Provider_Name": "Microsoft-Windows-DeviceSetupManager", "Computer": "DESKTOP-OFJ6N53", "TimeCreated": "2025-01-31 09:49:43.335342+00:00", "RecordID": "11438", "Level": "4", "UserID": "S-1-5-18", "EventData.Prop_ContainerId": "{7EFCBE4E-A3A2-0C99-EC8F-27D6801A396F}"}
{"EventID": "300", "Channel": "Microsoft-Windows-DeviceSetupManager/Operational", "Provider_Name": "Microsoft-Windows-DeviceSetupManager", "Computer": "DESKTOP-OFJ6N53", "TimeCreated": "2025-01-31 12:12:16.793453+00:00", "RecordID": "11439", "Level": "4", "UserID": "S-1-5-18", "EventData.Prop_ContainerId": "{D75AD146-77BB-4108-A7BF-2D9A377B79C5}"}
{"EventID": "300", "Channel": "Microsoft-Windows-DeviceSetupManager/Operational", "Provider_Name": "Microsoft-Windows-DeviceSetupManager", "Computer": "DESKTOP-OFJ6N53", "TimeCreated": "2025-01-31 12:12:30.430914+00:00", "RecordID": "11440", "Level": "4", "UserID": "S-1-5-18", "EventData.Prop_ContainerId": "{7EFCBE4E-A3A2-0C99-EC8F-27D6801A396F}"}
{"EventID": "300", "Channel": "Microsoft-Windows-DeviceSetupManager/Operational", "Provider_Name": "Microsoft-Windows-DeviceSetupManager", "Computer": "DESKTOP-OFJ6N53", "TimeCreated": "2025-01-31 15:11:38.318308+00:00", "RecordID": "11441", "Level": "4", "UserID": "S-1-5-18", "EventData.Prop_ContainerId": "{B2D1157C-81CC-48D2-84D7-760BF1CE58E4}"}
{"EventID": "300", "Channel": "Microsoft-Windows-DeviceSetupManager/Operational", "Provider_Name": "Microsoft-Windows-DeviceSetupManager", "Computer": "DESKTOP-OFJ6N53", "TimeCreated": "2025-01-31 15:11:50.055506+00:00", "RecordID": "11442", "Level": "4", "UserID": "S-1-5-18", "EventData.Prop_ContainerId": "{7EFCBE4E-A3A2-0C99-EC8F-27D6801A396F}"}
{"EventID": "300", "Channel": "Microsoft-Windows-DeviceSetupManager/Operational", "Provider_Name": "Microsoft-Windows-DeviceSetupManager", "Computer": "DESKTOP-OFJ6N53", "TimeCreated": "2025-02-03 12:25:26.089792+00:00", "RecordID": "11443", "Level": "4", "UserID": "S-1-5-18", "EventData.Prop_ContainerId": "{2F90E2A7-96C4-4D7C-A398-1F23EB091B03}"}
{"EventID": "300", "Channel": "Microsoft-Windows-DeviceSetupManager/Operational", "Provider_Name": "Microsoft-Windows-DeviceSetupManager", "Computer": "DESKTOP-OFJ6N53", "TimeCreated": "2025-02-03 12:25:38.306709+00:00", "RecordID": "11444", "Level": "4", "UserID": "S-1-5-18", "EventData.Prop_ContainerId": "{7EFCBE4E-A3A2-0C99-EC8F-27D6801A396F}"}
{"EventID": "300", "Channel": "Microsoft-Windows-DeviceSetupManager/Operational", "Provider_Name": "Microsoft-Windows-DeviceSetupManager", "Computer": "DESKTOP-OFJ6N53", "TimeCreated": "2025-02-03 14:03:46.378777+00:00", "RecordID": "11445", "Level": "4", "UserID": "S-1-5-18", "EventData.Prop_ContainerId": "{9927591F-974F-49F8-8946-03AFF26D2E36}"}
{"EventID": "300", "Channel": "Microsoft-Windows-DeviceSetupManager/Operational", "Provider_Name": "Microsoft-Windows-DeviceSetupManager", "Computer": "DESKTOP-OFJ6N53", "TimeCreated": "2025-02-03 15:55:50.245205+00:00", "RecordID": "11446", "Level": "4", "UserID": "S-1-5-18", "EventData.Prop_ContainerId": "{FC5D989E-276B-4393-BA37-70CE71FC0275}"}
{"EventID": "300", "Channel": "Microsoft-Windows-DeviceSetupManager/Operational", "Provider_Name": "Microsoft-Windows-DeviceSetupManager", "Computer": "DESKTOP-OFJ6N53", "TimeCreated": "2025-02-03 15:56:05.935102+00:00", "RecordID": "11447", "Level": "4", "UserID": "S-1-5-18", "EventData.Prop_ContainerId": "{7EFCBE4E-A3A2-0C99-EC8F-27D6801A396F}"}
{"EventID": "300", "Channel": "Microsoft-Windows-DeviceSetupManager/Operational", "Provider_Name": "Microsoft-Windows-DeviceSetupManager", "Computer": "DESKTOP-OFJ6N53", "TimeCreated": "2025-02-04 10:58:40.079542+00:00", "RecordID": "11448", "Level": "4", "UserID": "S-1-5-18", "EventData.Prop_ContainerId": "{80F3584A-738A-4BA7-8DDC-77CCBE37EB51}"}
{"EventID": "300", "Channel": "Microsoft-Windows-DeviceSetupManager/Operational", "Provider_Name": "Microsoft-Windows-DeviceSetupManager", "Computer": "DESKTOP-OFJ6N53", "TimeCreated": "2025-02-04 10:59:08.818424+00:00", "RecordID": "11449", "Level": "4", "UserID": "S-1-5-18", "EventData.Prop_ContainerId": "{7EFCBE4E-A3A2-0C99-EC8F-27D6801A396F}"}
{"EventID": "300", "Channel": "Microsoft-Windows-DeviceSetupManager/Operational", "Provider_Name": "Microsoft-Windows-DeviceSetupManager", "Computer": "DESKTOP-OFJ6N53", "TimeCreated": "2025-02-05 10:52:58.544157+00:00", "RecordID": "11450", "Level": "4", "UserID": "S-1-5-18", "EventData.Prop_ContainerId": "{45809D54-0AFA-4B11-A8AB-57B94F9E7DD8}"}
{"EventID": "300", "Channel": "Microsoft-Windows-DeviceSetupManager/Operational", "Provider_Name": "Microsoft-Windows-DeviceSetupManager", "Computer": "DESKTOP-OFJ6N53", "TimeCreated": "2025-02-05 10:53:19.640265+00:00", "RecordID": "11451", "Level": "4", "UserID": "S-1-5-18", "EventData.Prop_ContainerId": "{7EFCBE4E-A3A2-0C99-EC8F-27D6801A396F}"}
{"EventID": "300", "Channel": "Microsoft-Windows-DeviceSetupManager/Operational", "Provider_Name": "Microsoft-Windows-DeviceSetupManager", "Computer": "DESKTOP-OFJ6N53", "TimeCreated": "2025-02-05 14:19:37.419369+00:00", "RecordID": "11452", "Level": "4", "UserID": "S-1-5-18", "EventData.Prop_ContainerId": "{6C5CC4B0-882E-45BB-81D6-1311793D4D46}"}
{"EventID": "300", "Channel": "Microsoft-Windows-DeviceSetupManager/Operational", "Provider_Name": "Microsoft-Windows-DeviceSetupManager", "Computer": "DESKTOP-OFJ6N53", "TimeCreated": "2025-02-05 14:19:48.941269+00:00", "RecordID": "11453", "Level": "4", "UserID": "S-1-5-18", "EventData.Prop_ContainerId": "{7EFCBE4E-A3A2-0C99-EC8F-27D6801A396F}"}
{"EventID": "300", "Channel": "Microsoft-Windows-DeviceSetupManager/Operational", "Provider_Name": "Microsoft-Windows-DeviceSetupManager", "Computer": "DESKTOP-OFJ6N53", "TimeCreated": "2025-02-06 15:42:31.701624+00:00", "RecordID": "11454", "Level": "4", "UserID": "S-1-5-18", "EventData.Prop_ContainerId": "{FE285FEE-D20A-40C3-AD12-85832E939DF2}"}
{"EventID": "300", "Channel": "Microsoft-Windows-DeviceSetupManager/Operational", "Provider_Name": "Microsoft-Windows-DeviceSetupManager", "Computer": "DESKTOP-OFJ6N53", "TimeCreated": "2025-02-06 15:42:47.254032+00:00", "RecordID": "11455", "Level": "4", "UserID": "S-1-5-18", "EventData.Prop_ContainerId": "{7EFCBE4E-A3A2-0C99-EC8F-27D6801A396F}"}
{"EventID": "300", "Channel": "Microsoft-Windows-DeviceSetupManager/Operational", "Provider_Name": "Microsoft-Windows-DeviceSetupManager", "Computer": "DESKTOP-OFJ6N53", "TimeCreated": "2025-02-07 15:53:50.092323+00:00", "RecordID": "11456", "Level": "4", "UserID": "S-1-5-18", "EventData.Prop_ContainerId": "{01D8A4D8-B00F-4601-86CB-674900CE7A07}"}
{"EventID": "300", "Channel": "Microsoft-Windows-DeviceSetupManager/Operational", "Provider_Name": "Microsoft-Windows-DeviceSetupManager", "Computer": "DESKTOP-OFJ6N53", "TimeCreated": "2025-02-07 15:54:01.617743+00:00", "RecordID": "11457", "Level": "4", "UserID": "S-1-5-18", "EventData.Prop_ContainerId": "{7EFCBE4E-A3A2-0C99-EC8F-27D6801A396F}"}
{"EventID": "300", "Channel": "Microsoft-Windows-DeviceSetupManager/Operational", "Provider_Name": "Microsoft-Windows-DeviceSetupManager", "Computer": "DESKTOP-OFJ6N53", "TimeCreated": "2025-02-07 16:21:36.752016+00:00", "RecordID": "11458", "Level": "4", "UserID": "S-1-5-18", "EventData.Prop_ContainerId": "{34173AE4-025B-4CD3-8855-5565CB6EA155}"}
{"EventID": "300", "Channel": "Microsoft-Windows-DeviceSetupManager/Operational", "Provider_Name": "Microsoft-Windows-DeviceSetupManager", "Computer": "DESKTOP-OFJ6N53", "TimeCreated": "2025-02-07 16:21:37.323477+00:00", "RecordID": "11459", "Level": "4", "UserID": "S-1-5-18", "EventData.Prop_ContainerId": "{A64298C2-84C6-451F-A384-945D5A37D52E}"}
{"EventID": "300", "Channel": "Microsoft-Windows-DeviceSetupManager/Operational", "Provider_Name": "Microsoft-Windows-DeviceSetupManager", "Computer": "DESKTOP-OFJ6N53", "TimeCreated": "2025-02-07 16:21:37.515888+00:00", "RecordID": "11460", "Level": "4", "UserID": "S-1-5-18", "EventData.Prop_ContainerId": "{A64298C2-84C6-451F-A384-945D5A37D52E}"}
{"EventID": "300", "Channel": "Microsoft-Windows-DeviceSetupManager/Operational", "Provider_Name": "Microsoft-Windows-DeviceSetupManager", "Computer": "DESKTOP-OFJ6N53", "TimeCreated": "2025-02-08 12:22:35.649672+00:00", "RecordID": "11461", "Level": "4", "UserID": "S-1-5-18", "EventData.Prop_ContainerId": "{F9C6A2C0-F5F0-427B-A29B-0E89A2934044}"}
{"EventID": "300", "Channel": "Microsoft-Windows-DeviceSetupManager/Operational", "Provider_Name": "Microsoft-Windows-DeviceSetupManager", "Computer": "DESKTOP-OFJ6N53", "TimeCreated": "2025-02-08 12:22:56.826532+00:00", "RecordID": "11462", "Level": "4", "UserID": "S-1-5-18", "EventData.Prop_ContainerId": "{7EFCBE4E-A3A2-0C99-EC8F-27D6801A396F}"}
{"EventID": "300", "Channel": "Microsoft-Windows-DeviceSetupManager/Operational", "Provider_Name": "Microsoft-Windows-DeviceSetupManager", "Computer": "DESKTOP-OFJ6N53", "TimeCreated": "2025-02-08 17:01:33.730156+00:00", "RecordID": "11463", "Level": "4", "UserID": "S-1-5-18", "EventData.Prop_ContainerId": "{879DF653-DC02-4724-9044-48A49F2CA43E}"}
{"EventID": "300", "Channel": "Microsoft-Windows-DeviceSetupManager/Operational", "Provider_Name": "Microsoft-Windows-DeviceSetupManager", "Computer": "DESKTOP-OFJ6N53", "TimeCreated": "2025-02-08 17:01:47.128428+00:00", "RecordID": "11464", "Level": "4", "UserID": "S-1-5-18", "EventData.Prop_ContainerId": "{7EFCBE4E-A3A2-0C99-EC8F-27D6801A396F}"}
{"EventID": "300", "Channel": "Microsoft-Windows-DeviceSetupManager/Operational", "Provider_Name": "Microsoft-Windows-DeviceSetupManager", "Computer": "DESKTOP-OFJ6N53", "TimeCreated": "2025-02-10 13:22:52.449223+00:00", "RecordID": "11465", "Level": "4", "UserID": "S-1-5-18", "EventData.Prop_ContainerId": "{1DB051E7-1BBD-4708-9837-4BB6B28C866C}"}
{"EventID": "300", "Channel": "Microsoft-Windows-DeviceSetupManager/Operational", "Provider_Name": "Microsoft-Windows-DeviceSetupManager", "Computer": "DESKTOP-OFJ6N53", "TimeCreated": "2025-02-10 13:23:07.755610+00:00", "RecordID": "11466", "Level": "4", "UserID": "S-1-5-18", "EventData.Prop_ContainerId": "{7EFCBE4E-A3A2-0C99-EC8F-27D6801A396F}"}
{"EventID": "300", "Channel": "Microsoft-Windows-DeviceSetupManager/Operational", "Provider_Name": "Microsoft-Windows-DeviceSetupManager", "Computer": "DESKTOP-OFJ6N53", "TimeCreated": "2025-02-10 13:23:20.380165+00:00", "RecordID": "11467", "Level": "4", "UserID": "S-1-5-18", "EventData.Prop_ContainerId": "{4CFF398F-3372-479A-B724-12D392F5FC35}"}
{"EventID": "300", "Channel": "Microsoft-Windows-DeviceSetupManager/Operational", "Provider_Name": "Microsoft-Windows-DeviceSetupManager", "Computer": "DESKTOP-OFJ6N53", "TimeCreated": "2025-02-10 19:19:32.067413+00:00", "RecordID": "11468", "Level": "4", "UserID": "S-1-5-18", "EventData.Prop_ContainerId": "{1B59C4A3-F07B-443D-ADE5-70DEDCD6DD3A}"}
{"EventID": "300", "Channel": "Microsoft-Windows-DeviceSetupManager/Operational", "Provider_Name": "Microsoft-Windows-DeviceSetupManager", "Computer": "DESKTOP-OFJ6N53", "TimeCreated": "2025-02-10 19:19:41.278603+00:00", "RecordID": "11469", "Level": "4", "UserID": "S-1-5-18", "EventData.Prop_ContainerId": "{7EFCBE4E-A3A2-0C99-EC8F-27D6801A396F}"}
{"EventID": "300", "Channel": "Microsoft-Windows-DeviceSetupManager/Operational", "Provider_Name": "Microsoft-Windows-DeviceSetupManager", "Computer": "DESKTOP-OFJ6N53", "TimeCreated": "2025-02-11 12:08:26.241449+00:00", "RecordID": "11470", "Level": "4", "UserID": "S-1-5-18", "EventData.Prop_ContainerId": "{ECB26FC4-3BF3-4D77-B5C4-CCB6297EF053}"}
{"EventID": "300", "Channel": "Microsoft-Windows-DeviceSetupManager/Operational", "Provider_Name": "Microsoft-Windows-DeviceSetupManager", "Computer": "DESKTOP-OFJ6N53", "TimeCreated": "2025-02-11 12:08:44.644474+00:00", "RecordID": "11471", "Level": "4", "UserID": "S-1-5-18", "EventData.Prop_ContainerId": "{7EFCBE4E-A3A2-0C99-EC8F-27D6801A396F}"}
{"EventID": "300", "Channel": "Microsoft-Windows-DeviceSetupManager/Operational", "Provider_Name": "Microsoft-Windows-DeviceSetupManager", "Computer": "DESKTOP-OFJ6N53", "TimeCreated": "2025-02-12 09:54:25.850754+00:00", "RecordID": "11472", "Level": "4", "UserID": "S-1-5-18", "EventData.Prop_ContainerId": "{739D9943-74BA-4A29-B6CF-E1BA4D8E397C}"}
{"EventID": "300", "Channel": "Microsoft-Windows-DeviceSetupManager/Operational", "Provider_Name": "Microsoft-Windows-DeviceSetupManager", "Computer": "DESKTOP-OFJ6N53", "TimeCreated": "2025-02-12 09:54:34.259441+00:00", "RecordID": "11473", "Level": "4", "UserID": "S-1-5-18", "EventData.Prop_ContainerId": "{7EFCBE4E-A3A2-0C99-EC8F-27D6801A396F}"}
{"EventID": "300", "Channel": "Microsoft-Windows-DeviceSetupManager/Operational", "Provider_Name": "Microsoft-Windows-DeviceSetupManager", "Computer": "DESKTOP-OFJ6N53", "TimeCreated": "2025-02-12 13:17:09.353891+00:00", "RecordID": "11474", "Level": "4", "UserID": "S-1-5-18", "EventData.Prop_ContainerId": "{4F583B38-B231-4C87-9770-801CE5BD18BB}"}
{"EventID": "300", "Channel": "Microsoft-Windows-DeviceSetupManager/Operational", "Provider_Name": "Microsoft-Windows-DeviceSetupManager", "Computer": "DESKTOP-OFJ6N53", "TimeCreated": "2025-02-12 16:12:51.579407+00:00", "RecordID": "11475", "Level": "4", "UserID": "S-1-5-18", "EventData.Prop_ContainerId": "{2BFD9C94-1788-4C0D-9E05-8AA74BC0D332}"}
{"EventID": "300", "Channel": "Microsoft-Windows-DeviceSetupManager/Operational", "Provider_Name": "Microsoft-Windows-DeviceSetupManager", "Computer": "DESKTOP-OFJ6N53", "TimeCreated": "2025-02-12 16:13:11.321043+00:00", "RecordID": "11476", "Level": "4", "UserID": "S-1-5-18", "EventData.Prop_ContainerId": "{7EFCBE4E-A3A2-0C99-EC8F-27D6801A396F}"}
{"EventID": "300", "Channel": "Microsoft-Windows-DeviceSetupManager/Operational", "Provider_Name": "Microsoft-Windows-DeviceSetupManager", "Computer": "DESKTOP-OFJ6N53", "TimeCreated": "2025-02-13 07:53:41.345451+00:00", "RecordID": "11477", "Level": "4", "UserID": "S-1-5-18", "EventData.Prop_ContainerId": "{E11A1D15-AB3F-4F56-AEBD-BFF245787B9C}"}
{"EventID": "300", "Channel": "Microsoft-Windows-DeviceSetupManager/Operational", "Provider_Name": "Microsoft-Windows-DeviceSetupManager", "Computer": "DESKTOP-OFJ6N53", "TimeCreated": "2025-02-13 07:53:50.112204+00:00", "RecordID": "11478", "Level": "4", "UserID": "S-1-5-18", "EventData.Prop_ContainerId": "{7EFCBE4E-A3A2-0C99-EC8F-27D6801A396F}"}
{"EventID": "300", "Channel": "Microsoft-Windows-DeviceSetupManager/Operational", "Provider_Name": "Microsoft-Windows-DeviceSetupManager", "Computer": "DESKTOP-OFJ6N53", "TimeCreated": "2025-02-14 08:53:43.676729+00:00", "RecordID": "11479", "Level": "4", "UserID": "S-1-5-18", "EventData.Prop_ContainerId": "{50148D2C-408F-43D4-8B2E-CC19CD9BCFD1}"}
{"EventID": "300", "Channel": "Microsoft-Windows-DeviceSetupManager/Operational", "Provider_Name": "Microsoft-Windows-DeviceSetupManager", "Computer": "DESKTOP-OFJ6N53", "TimeCreated": "2025-02-14 08:53:52.122330+00:00", "RecordID": "11480", "Level": "4", "UserID": "S-1-5-18", "EventData.Prop_ContainerId": "{7EFCBE4E-A3A2-0C99-EC8F-27D6801A396F}"}
{"EventID": "300", "Channel": "Microsoft-Windows-DeviceSetupManager/Operational", "Provider_Name": "Microsoft-Windows-DeviceSetupManager", "Computer": "DESKTOP-OFJ6N53", "TimeCreated": "2025-02-14 18:45:13.676662+00:00", "RecordID": "11481", "Level": "4", "UserID": "S-1-5-18", "EventData.Prop_ContainerId": "{ED2A60D7-A86E-4F7D-8F1E-5E8702F20F44}"}
{"EventID": "300", "Channel": "Microsoft-Windows-DeviceSetupManager/Operational", "Provider_Name": "Microsoft-Windows-DeviceSetupManager", "Computer": "DESKTOP-OFJ6N53", "TimeCreated": "2025-02-14 18:45:23.796547+00:00", "RecordID": "11482", "Level": "4", "UserID": "S-1-5-18", "EventData.Prop_ContainerId": "{87934F3C-3C4B-0125-41A3-01E43ED1E9E4}"}
{"EventID": "300", "Channel": "Microsoft-Windows-DeviceSetupManager/Operational", "Provider_Name": "Microsoft-Windows-DeviceSetupManager", "Computer": "DESKTOP-OFJ6N53", "TimeCreated": "2025-02-14 18:45:24.771027+00:00", "RecordID": "11483", "Level": "4", "UserID": "S-1-5-18", "EventData.Prop_ContainerId": "{E9E3DDDD-BBD6-13FA-3639-1A7119D4058A}"}
{"EventID": "300", "Channel": "Microsoft-Windows-DeviceSetupManager/Operational", "Provider_Name": "Microsoft-Windows-DeviceSetupManager", "Computer": "DESKTOP-OFJ6N53", "TimeCreated": "2025-02-14 18:45:25.550415+00:00", "RecordID": "11484", "Level": "4", "UserID": "S-1-5-18", "EventData.Prop_ContainerId": "{C0AFA17B-B98C-1DF6-F36B-593B01D6940E}"}
{"EventID": "300", "Channel": "Microsoft-Windows-DeviceSetupManager/Operational", "Provider_Name": "Microsoft-Windows-DeviceSetupManager", "Computer": "DESKTOP-OFJ6N53", "TimeCreated": "2025-02-14 19:56:41.188856+00:00", "RecordID": "11485", "Level": "4", "UserID": "S-1-5-18", "EventData.Prop_ContainerId": "{536CEAD1-8914-4832-B07A-11B98F68B507}"}
{"EventID": "300", "Channel": "Microsoft-Windows-DeviceSetupManager/Operational", "Provider_Name": "Microsoft-Windows-DeviceSetupManager", "Computer": "DESKTOP-OFJ6N53", "TimeCreated": "2025-02-14 19:56:52.300291+00:00", "RecordID": "11486", "Level": "4", "UserID": "S-1-5-18", "EventData.Prop_ContainerId": "{7EFCBE4E-A3A2-0C99-EC8F-27D6801A396F}"}
{"EventID": "300", "Channel": "Microsoft-Windows-DeviceSetupManager/Operational", "Provider_Name": "Microsoft-Windows-DeviceSetupManager", "Computer": "DESKTOP-OFJ6N53", "TimeCreated": "2025-02-15 13:21:19.721443+00:00", "RecordID": "11487", "Level": "4", "UserID": "S-1-5-18", "EventData.Prop_ContainerId": "{05F7796E-BD93-4744-A532-3C825D45612E}"}
{"EventID": "300", "Channel": "Microsoft-Windows-DeviceSetupManager/Operational", "Provider_Name": "Microsoft-Windows-DeviceSetupManager", "Computer": "DESKTOP-OFJ6N53", "TimeCreated": "2025-02-15 13:21:32.044931+00:00", "RecordID": "11488", "Level": "4", "UserID": "S-1-5-18", "EventData.Prop_ContainerId": "{7EFCBE4E-A3A2-0C99-EC8F-27D6801A396F}"}
{"EventID": "300", "Channel": "Microsoft-Windows-DeviceSetupManager/Operational", "Provider_Name": "Microsoft-Windows-DeviceSetupManager", "Computer": "DESKTOP-OFJ6N53", "TimeCreated": "2025-02-15 16:37:10.338705+00:00", "RecordID": "11489", "Level": "4", "UserID": "S-1-5-18", "EventData.Prop_ContainerId": "{65AC5349-498E-4550-841A-2EDB6F9D3C95}"}
{"EventID": "300", "Channel": "Microsoft-Windows-DeviceSetupManager/Operational", "Provider_Name": "Microsoft-Windows-DeviceSetupManager", "Computer": "DESKTOP-OFJ6N53", "TimeCreated": "2025-02-15 16:37:22.565004+00:00", "RecordID": "11490", "Level": "4", "UserID": "S-1-5-18", "EventData.Prop_ContainerId": "{7EFCBE4E-A3A2-0C99-EC8F-27D6801A396F}"}
{"EventID": "300", "Channel": "Microsoft-Windows-DeviceSetupManager/Operational", "Provider_Name": "Microsoft-Windows-DeviceSetupManager", "Computer": "DESKTOP-OFJ6N53", "TimeCreated": "2025-02-17 09:01:39.394827+00:00", "RecordID": "11491", "Level": "4", "UserID": "S-1-5-18", "EventData.Prop_ContainerId": "{C83C63E3-584E-4B1B-BD2F-7D4FC84B1E2E}"}
{"EventID": "300", "Channel": "Microsoft-Windows-DeviceSetupManager/Operational", "Provider_Name": "Microsoft-Windows-DeviceSetupManager", "Computer": "DESKTOP-OFJ6N53", "TimeCreated": "2025-02-17 09:01:41.286346+00:00", "RecordID": "11492", "Level": "4", "UserID": "S-1-5-18", "EventData.Prop_ContainerId": "{EF92BA63-5311-498B-90C7-CC79A602F74F}"}
{"EventID": "300", "Channel": "Microsoft-Windows-DeviceSetupManager/Operational", "Provider_Name": "Microsoft-Windows-DeviceSetupManager", "Computer": "DESKTOP-OFJ6N53", "TimeCreated": "2025-02-17 09:01:41.323452+00:00", "RecordID": "11493", "Level": "4", "UserID": "S-1-5-18", "EventData.Prop_ContainerId": "{EF92BA63-5311-498B-90C7-CC79A602F74F}"}
{"EventID": "300", "Channel": "Microsoft-Windows-DeviceSetupManager/Operational", "Provider_Name": "Microsoft-Windows-DeviceSetupManager", "Computer": "DESKTOP-OFJ6N53", "TimeCreated": "2025-02-17 09:01:58.256281+00:00", "RecordID": "11494", "Level": "4", "UserID": "S-1-5-18", "EventData.Prop_ContainerId": "{7EFCBE4E-A3A2-0C99-EC8F-27D6801A396F}"}
{"EventID": "300", "Channel": "Microsoft-Windows-DeviceSetupManager/Operational", "Provider_Name": "Microsoft-Windows-DeviceSetupManager", "Computer": "DESKTOP-OFJ6N53", "TimeCreated": "2025-02-17 23:26:59.898647+00:00", "RecordID": "11495", "Level": "4", "UserID": "S-1-5-18", "EventData.Prop_ContainerId": "{B525E404-B702-4AF0-8E4F-19764A33D8FE}"}
{"EventID": "300", "Channel": "Microsoft-Windows-DeviceSetupManager/Operational", "Provider_Name": "Microsoft-Windows-DeviceSetupManager", "Computer": "DESKTOP-OFJ6N53", "TimeCreated": "2025-02-17 23:27:18.702932+00:00", "RecordID": "11496", "Level": "4", "UserID": "S-1-5-18", "EventData.Prop_ContainerId": "{7EFCBE4E-A3A2-0C99-EC8F-27D6801A396F}"}
{"EventID": "300", "Channel": "Microsoft-Windows-DeviceSetupManager/Operational", "Provider_Name": "Microsoft-Windows-DeviceSetupManager", "Computer": "DESKTOP-OFJ6N53", "TimeCreated": "2025-02-18 06:53:48.747210+00:00", "RecordID": "11497", "Level": "4", "UserID": "S-1-5-18", "EventData.Prop_ContainerId": "{7FFB0951-3ECB-4A9D-885D-8768DD777E18}"}
{"EventID": "300", "Channel": "Microsoft-Windows-DeviceSetupManager/Operational", "Provider_Name": "Microsoft-Windows-DeviceSetupManager", "Computer": "DESKTOP-OFJ6N53", "TimeCreated": "2025-02-18 06:53:58.495844+00:00", "RecordID": "11498", "Level": "4", "UserID": "S-1-5-18", "EventData.Prop_ContainerId": "{7EFCBE4E-A3A2-0C99-EC8F-27D6801A396F}"}
{"EventID": "300", "Channel": "Microsoft-Windows-DeviceSetupManager/Operational", "Provider_Name": "Microsoft-Windows-DeviceSetupManager", "Computer": "DESKTOP-OFJ6N53", "TimeCreated": "2025-02-18 07:15:10.364645+00:00", "RecordID": "11499", "Level": "4", "UserID": "S-1-5-18", "EventData.Prop_ContainerId": "{D101145E-6A54-47DF-8E81-C09A67346BB7}"}
{"EventID": "300", "Channel": "Microsoft-Windows-DeviceSetupManager/Operational", "Provider_Name": "Microsoft-Windows-DeviceSetupManager", "Computer": "DESKTOP-OFJ6N53", "TimeCreated": "2025-02-18 07:15:36.017660+00:00", "RecordID": "11500", "Level": "4", "UserID": "S-1-5-18", "EventData.Prop_ContainerId": "{7EFCBE4E-A3A2-0C99-EC8F-27D6801A396F}"}
{"EventID": "300", "Channel": "Microsoft-Windows-DeviceSetupManager/Operational", "Provider_Name": "Microsoft-Windows-DeviceSetupManager", "Computer": "DESKTOP-OFJ6N53", "TimeCreated": "2025-02-18 16:00:04.604431+00:00", "RecordID": "11501", "Level": "4", "UserID": "S-1-5-18", "EventData.Prop_ContainerId": "{74135822-F532-4F68-B093-2AB0B96EA2BF}"}
{"EventID": "300", "Channel": "Microsoft-Windows-DeviceSetupManager/Operational", "Provider_Name": "Microsoft-Windows-DeviceSetupManager", "Computer": "DESKTOP-OFJ6N53", "TimeCreated": "2025-02-18 16:00:11.710873+00:00", "RecordID": "11502", "Level": "4", "UserID": "S-1-5-18", "EventData.Prop_ContainerId": "{7EFCBE4E-A3A2-0C99-EC8F-27D6801A396F}"}
{"EventID": "300", "Channel": "Microsoft-Windows-DeviceSetupManager/Operational", "Provider_Name": "Microsoft-Windows-DeviceSetupManager", "Computer": "DESKTOP-OFJ6N53", "TimeCreated": "2025-02-19 13:47:59.123106+00:00", "RecordID": "11503", "Level": "4", "UserID": "S-1-5-18", "EventData.Prop_ContainerId": "{0B6F8541-9F26-43AD-9090-FC3F12083521}"}
{"EventID": "300", "Channel": "Microsoft-Windows-DeviceSetupManager/Operational", "Provider_Name": "Microsoft-Windows-DeviceSetupManager", "Computer": "DESKTOP-OFJ6N53", "TimeCreated": "2025-02-19 13:48:12.332371+00:00", "RecordID": "11504", "Level": "4", "UserID": "S-1-5-18", "EventData.Prop_ContainerId": "{7EFCBE4E-A3A2-0C99-EC8F-27D6801A396F}"}
{"EventID": "300", "Channel": "Microsoft-Windows-DeviceSetupManager/Operational", "Provider_Name": "Microsoft-Windows-DeviceSetupManager", "Computer": "DESKTOP-OFJ6N53", "TimeCreated": "2025-02-19 15:51:19.886118+00:00", "RecordID": "11505", "Level": "4", "UserID": "S-1-5-18", "EventData.Prop_ContainerId": "{4A9A8785-9921-4BB9-8205-253E8F189121}"}
{"EventID": "300", "Channel": "Microsoft-Windows-DeviceSetupManager/Operational", "Provider_Name": "Microsoft-Windows-DeviceSetupManager", "Computer": "DESKTOP-OFJ6N53", "TimeCreated": "2025-02-19 15:51:26.681051+00:00", "RecordID": "11506", "Level": "4", "UserID": "S-1-5-18", "EventData.Prop_ContainerId": "{7EFCBE4E-A3A2-0C99-EC8F-27D6801A396F}"}
{"EventID": "300", "Channel": "Microsoft-Windows-DeviceSetupManager/Operational", "Provider_Name": "Microsoft-Windows-DeviceSetupManager", "Computer": "DESKTOP-OFJ6N53", "TimeCreated": "2025-02-20 09:44:55.096684+00:00", "RecordID": "11507", "Level": "4", "UserID": "S-1-5-18", "EventData.Prop_ContainerId": "{AD0F9EB1-D45D-4383-844B-FE17B14C95D2}"}
{"EventID": "300", "Channel": "Microsoft-Windows-DeviceSetupManager/Operational", "Provider_Name": "Microsoft-Windows-DeviceSetupManager", "Computer": "DESKTOP-OFJ6N53", "TimeCreated": "2025-02-20 09:45:08.257637+00:00", "RecordID": "11508", "Level": "4", "UserID": "S-1-5-18", "EventData.Prop_ContainerId": "{7EFCBE4E-A3A2-0C99-EC8F-27D6801A396F}"}
{"EventID": "300", "Channel": "Microsoft-Windows-DeviceSetupManager/Operational", "Provider_Name": "Microsoft-Windows-DeviceSetupManager", "Computer": "DESKTOP-OFJ6N53", "TimeCreated": "2025-02-20 20:22:45.494558+00:00", "RecordID": "11509", "Level": "4", "UserID": "S-1-5-18", "EventData.Prop_ContainerId": "{AECDEC4C-071B-40E7-83D9-32793F797E42}"}
{"EventID": "300", "Channel": "Microsoft-Windows-DeviceSetupManager/Operational", "Provider_Name": "Microsoft-Windows-DeviceSetupManager", "Computer": "DESKTOP-OFJ6N53", "TimeCreated": "2025-02-20 20:22:54.185562+00:00", "RecordID": "11510", "Level": "4", "UserID": "S-1-5-18", "EventData.Prop_ContainerId": "{7EFCBE4E-A3A2-0C99-EC8F-27D6801A396F}"}
{"EventID": "300", "Channel": "Microsoft-Windows-DeviceSetupManager/Operational", "Provider_Name": "Microsoft-Windows-DeviceSetupManager", "Computer": "DESKTOP-OFJ6N53", "TimeCreated": "2025-02-20 20:28:27.946571+00:00", "RecordID": "11511", "Level": "4", "UserID": "S-1-5-18", "EventData.Prop_ContainerId": "{B530D4B3-4FD4-4469-9072-183632A89F21}"}
{"EventID": "300", "Channel": "Microsoft-Windows-DeviceSetupManager/Operational", "Provider_Name": "Microsoft-Windows-DeviceSetupManager", "Computer": "DESKTOP-OFJ6N53", "TimeCreated": "2025-02-20 20:37:50.912056+00:00", "RecordID": "11512", "Level": "4", "UserID": "S-1-5-18", "EventData.Prop_ContainerId": "{7644276E-CEBF-452B-9C8D-AA8BF967530E}"}
{"EventID": "300", "Channel": "Microsoft-Windows-DeviceSetupManager/Operational", "Provider_Name": "Microsoft-Windows-DeviceSetupManager", "Computer": "DESKTOP-OFJ6N53", "TimeCreated": "2025-03-03 09:02:24.351789+00:00", "RecordID": "11513", "Level": "4", "UserID": "S-1-5-18", "EventData.Prop_ContainerId": "{AA9140EC-358D-4855-9EF6-7A442A2E0B96}"}
{"EventID": "300", "Channel": "Microsoft-Windows-DeviceSetupManager/Operational", "Provider_Name": "Microsoft-Windows-DeviceSetupManager", "Computer": "DESKTOP-OFJ6N53", "TimeCreated": "2025-03-03 09:02:44.294985+00:00", "RecordID": "11514", "Level": "4", "UserID": "S-1-5-18", "EventData.Prop_ContainerId": "{7EFCBE4E-A3A2-0C99-EC8F-27D6801A396F}"}
{"EventID": "300", "Channel": "Microsoft-Windows-DeviceSetupManager/Operational", "Provider_Name": "Microsoft-Windows-DeviceSetupManager", "Computer": "DESKTOP-OFJ6N53", "TimeCreated": "2025-03-05 09:24:56.633650+00:00", "RecordID": "11515", "Level": "4", "UserID": "S-1-5-18", "EventData.Prop_ContainerId": "{69C3C925-0ED0-4C56-9914-19F55D25E645}"}
{"EventID": "300", "Channel": "Microsoft-Windows-DeviceSetupManager/Operational", "Provider_Name": "Microsoft-Windows-DeviceSetupManager", "Computer": "DESKTOP-OFJ6N53", "TimeCreated": "2025-03-05 09:25:45.596245+00:00", "RecordID": "11516", "Level": "4", "UserID": "S-1-5-18", "EventData.Prop_ContainerId": "{7EFCBE4E-A3A2-0C99-EC8F-27D6801A396F}"}
{"EventID": "300", "Channel": "Microsoft-Windows-DeviceSetupManager/Operational", "Provider_Name": "Microsoft-Windows-DeviceSetupManager", "Computer": "DESKTOP-OFJ6N53", "TimeCreated": "2025-03-06 10:03:34.457006+00:00", "RecordID": "11517", "Level": "4", "UserID": "S-1-5-18", "EventData.Prop_ContainerId": "{E4874D6A-581C-46A5-8E7E-03A63C7670AF}"}
{"EventID": "300", "Channel": "Microsoft-Windows-DeviceSetupManager/Operational", "Provider_Name": "Microsoft-Windows-DeviceSetupManager", "Computer": "DESKTOP-OFJ6N53", "TimeCreated": "2025-03-06 10:04:03.035389+00:00", "RecordID": "11518", "Level": "4", "UserID": "S-1-5-18", "EventData.Prop_ContainerId": "{7EFCBE4E-A3A2-0C99-EC8F-27D6801A396F}"}
{"EventID": "300", "Channel": "Microsoft-Windows-DeviceSetupManager/Operational", "Provider_Name": "Microsoft-Windows-DeviceSetupManager", "Computer": "DESKTOP-OFJ6N53", "TimeCreated": "2025-03-06 14:47:21.248293+00:00", "RecordID": "11519", "Level": "4", "UserID": "S-1-5-18", "EventData.Prop_ContainerId": "{3205F93F-08F9-4536-9464-11850F9A1CF9}"}
{"EventID": "300", "Channel": "Microsoft-Windows-DeviceSetupManager/Operational", "Provider_Name": "Microsoft-Windows-DeviceSetupManager", "Computer": "DESKTOP-OFJ6N53", "TimeCreated": "2025-03-06 14:47:31.432787+00:00", "RecordID": "11520", "Level": "4", "UserID": "S-1-5-18", "EventData.Prop_ContainerId": "{7EFCBE4E-A3A2-0C99-EC8F-27D6801A396F}"}
{"EventID": "300", "Channel": "Microsoft-Windows-DeviceSetupManager/Operational", "Provider_Name": "Microsoft-Windows-DeviceSetupManager", "Computer": "DESKTOP-OFJ6N53", "TimeCreated": "2025-03-06 14:47:31.443098+00:00", "RecordID": "11521", "Level": "4", "UserID": "S-1-5-18", "EventData.Prop_ContainerId": "{7EFCBE4E-A3A2-0C99-EC8F-27D6801A396F}"}
{"EventID": "300", "Channel": "Microsoft-Windows-DeviceSetupManager/Operational", "Provider_Name": "Microsoft-Windows-DeviceSetupManager", "Computer": "DESKTOP-OFJ6N53", "TimeCreated": "2025-03-06 14:47:44.181419+00:00", "RecordID": "11522", "Level": "4", "UserID": "S-1-5-18", "EventData.Prop_ContainerId": "{87934F3C-3C4B-0125-41A3-01E43ED1E9E4}"}
{"EventID": "300", "Channel": "Microsoft-Windows-DeviceSetupManager/Operational", "Provider_Name": "Microsoft-Windows-DeviceSetupManager", "Computer": "DESKTOP-OFJ6N53", "TimeCreated": "2025-03-06 14:47:46.978542+00:00", "RecordID": "11523", "Level": "4", "UserID": "S-1-5-18", "EventData.Prop_ContainerId": "{E9E3DDDD-BBD6-13FA-3639-1A7119D4058A}"}
{"EventID": "300", "Channel": "Microsoft-Windows-DeviceSetupManager/Operational", "Provider_Name": "Microsoft-Windows-DeviceSetupManager", "Computer": "DESKTOP-OFJ6N53", "TimeCreated": "2025-03-06 14:47:48.737133+00:00", "RecordID": "11524", "Level": "4", "UserID": "S-1-5-18", "EventData.Prop_ContainerId": "{3AFC786F-6BDF-5A77-88C1-BE39323D0F1D}"}
{"EventID": "300", "Channel": "Microsoft-Windows-DeviceSetupManager/Operational", "Provider_Name": "Microsoft-Windows-DeviceSetupManager", "Computer": "DESKTOP-OFJ6N53", "TimeCreated": "2025-03-06 14:47:51.235521+00:00", "RecordID": "11525", "Level": "4", "UserID": "S-1-5-18", "EventData.Prop_ContainerId": "{0731B1CC-E13D-3D37-8EF8-5C2B678AD953}"}
{"EventID": "300", "Channel": "Microsoft-Windows-DeviceSetupManager/Operational", "Provider_Name": "Microsoft-Windows-DeviceSetupManager", "Computer": "DESKTOP-OFJ6N53", "TimeCreated": "2025-03-06 14:47:54.278042+00:00", "RecordID": "11526", "Level": "4", "UserID": "S-1-5-18", "EventData.Prop_ContainerId": "{C0AFA17B-B98C-1DF6-F36B-593B01D6940E}"}
{"EventID": "300", "Channel": "Microsoft-Windows-DeviceSetupManager/Operational", "Provider_Name": "Microsoft-Windows-DeviceSetupManager", "Computer": "DESKTOP-OFJ6N53", "TimeCreated": "2025-03-06 14:47:58.407742+00:00", "RecordID": "11527", "Level": "4", "UserID": "S-1-5-18", "EventData.Prop_ContainerId": "{7CEFF46A-507C-1FD8-CE94-49A07ED964C4}"}
{"EventID": "300", "Channel": "Microsoft-Windows-DeviceSetupManager/Operational", "Provider_Name": "Microsoft-Windows-DeviceSetupManager", "Computer": "DESKTOP-OFJ6N53", "TimeCreated": "2025-03-07 15:00:20.483103+00:00", "RecordID": "11528", "Level": "4", "UserID": "S-1-5-18", "EventData.Prop_ContainerId": "{0D8BD809-A5B4-4AC7-9B51-985951F3E30A}"}
{"EventID": "300", "Channel": "Microsoft-Windows-DeviceSetupManager/Operational", "Provider_Name": "Microsoft-Windows-DeviceSetupManager", "Computer": "DESKTOP-OFJ6N53", "TimeCreated": "2025-03-07 15:00:50.916105+00:00", "RecordID": "11529", "Level": "4", "UserID": "S-1-5-18", "EventData.Prop_ContainerId": "{7EFCBE4E-A3A2-0C99-EC8F-27D6801A396F}"}
{"EventID": "300", "Channel": "Microsoft-Windows-DeviceSetupManager/Operational", "Provider_Name": "Microsoft-Windows-DeviceSetupManager", "Computer": "DESKTOP-OFJ6N53", "TimeCreated": "2025-03-07 15:29:25.804029+00:00", "RecordID": "11530", "Level": "4", "UserID": "S-1-5-18", "EventData.Prop_ContainerId": "{23235C80-239F-4A11-978A-CDB9AEA4B086}"}
{"EventID": "300", "Channel": "Microsoft-Windows-DeviceSetupManager/Operational", "Provider_Name": "Microsoft-Windows-DeviceSetupManager", "Computer": "DESKTOP-OFJ6N53", "TimeCreated": "2025-03-07 15:29:49.927965+00:00", "RecordID": "11531", "Level": "4", "UserID": "S-1-5-18", "EventData.Prop_ContainerId": "{7EFCBE4E-A3A2-0C99-EC8F-27D6801A396F}"}
{"EventID": "300", "Channel": "Microsoft-Windows-DeviceSetupManager/Operational", "Provider_Name": "Microsoft-Windows-DeviceSetupManager", "Computer": "DESKTOP-OFJ6N53", "TimeCreated": "2025-03-07 22:50:46.662048+00:00", "RecordID": "11532", "Level": "4", "UserID": "S-1-5-18", "EventData.Prop_ContainerId": "{8248873C-AEF7-42D3-ACDF-E5E010A5CBDE}"}
{"EventID": "300", "Channel": "Microsoft-Windows-DeviceSetupManager/Operational", "Provider_Name": "Microsoft-Windows-DeviceSetupManager", "Computer": "DESKTOP-OFJ6N53", "TimeCreated": "2025-03-07 22:51:08.781334+00:00", "RecordID": "11533", "Level": "4", "UserID": "S-1-5-18", "EventData.Prop_ContainerId": "{7EFCBE4E-A3A2-0C99-EC8F-27D6801A396F}"}
{"EventID": "300", "Channel": "Microsoft-Windows-DeviceSetupManager/Operational", "Provider_Name": "Microsoft-Windows-DeviceSetupManager", "Computer": "DESKTOP-OFJ6N53", "TimeCreated": "2025-03-10 14:09:27.423122+00:00", "RecordID": "11534", "Level": "4", "UserID": "S-1-5-18", "EventData.Prop_ContainerId": "{131941C2-06BB-466E-AE71-CC325E132030}"}
{"EventID": "300", "Channel": "Microsoft-Windows-DeviceSetupManager/Operational", "Provider_Name": "Microsoft-Windows-DeviceSetupManager", "Computer": "DESKTOP-OFJ6N53", "TimeCreated": "2025-03-10 14:09:32.939846+00:00", "RecordID": "11535", "Level": "4", "UserID": "S-1-5-18", "EventData.Prop_ContainerId": "{ABE4B049-191D-4526-B18B-2380C91B1F58}"}
{"EventID": "300", "Channel": "Microsoft-Windows-DeviceSetupManager/Operational", "Provider_Name": "Microsoft-Windows-DeviceSetupManager", "Computer": "DESKTOP-OFJ6N53", "TimeCreated": "2025-03-10 14:09:33.781519+00:00", "RecordID": "11536", "Level": "4", "UserID": "S-1-5-18", "EventData.Prop_ContainerId": "{ABE4B049-191D-4526-B18B-2380C91B1F58}"}
{"EventID": "300", "Channel": "Microsoft-Windows-DeviceSetupManager/Operational", "Provider_Name": "Microsoft-Windows-DeviceSetupManager", "Computer": "DESKTOP-OFJ6N53", "TimeCreated": "2025-03-10 14:09:56.463184+00:00", "RecordID": "11537", "Level": "4", "UserID": "S-1-5-18", "EventData.Prop_ContainerId": "{7EFCBE4E-A3A2-0C99-EC8F-27D6801A396F}"}
{"EventID": "300", "Channel": "Microsoft-Windows-DeviceSetupManager/Operational", "Provider_Name": "Microsoft-Windows-DeviceSetupManager", "Computer": "DESKTOP-OFJ6N53", "TimeCreated": "2025-03-11 10:03:08.380489+00:00", "RecordID": "11538", "Level": "4", "UserID": "S-1-5-18", "EventData.Prop_ContainerId": "{73EF235C-DEFD-428E-8591-5FC7615F9A53}"}
{"EventID": "300", "Channel": "Microsoft-Windows-DeviceSetupManager/Operational", "Provider_Name": "Microsoft-Windows-DeviceSetupManager", "Computer": "DESKTOP-OFJ6N53", "TimeCreated": "2025-03-11 10:03:42.439016+00:00", "RecordID": "11539", "Level": "4", "UserID": "S-1-5-18", "EventData.Prop_ContainerId": "{7EFCBE4E-A3A2-0C99-EC8F-27D6801A396F}"}
{"EventID": "300", "Channel": "Microsoft-Windows-DeviceSetupManager/Operational", "Provider_Name": "Microsoft-Windows-DeviceSetupManager", "Computer": "DESKTOP-OFJ6N53", "TimeCreated": "2025-03-12 07:34:11.018164+00:00", "RecordID": "11540", "Level": "4", "UserID": "S-1-5-18", "EventData.Prop_ContainerId": "{4376935A-9C6E-4C95-909C-6A1F007E374F}"}
{"EventID": "300", "Channel": "Microsoft-Windows-DeviceSetupManager/Operational", "Provider_Name": "Microsoft-Windows-DeviceSetupManager", "Computer": "DESKTOP-OFJ6N53", "TimeCreated": "2025-03-12 07:34:59.616405+00:00", "RecordID": "11541", "Level": "4", "UserID": "S-1-5-18", "EventData.Prop_ContainerId": "{7EFCBE4E-A3A2-0C99-EC8F-27D6801A396F}"}
{"EventID": "300", "Channel": "Microsoft-Windows-DeviceSetupManager/Operational", "Provider_Name": "Microsoft-Windows-DeviceSetupManager", "Computer": "DESKTOP-OFJ6N53", "TimeCreated": "2025-03-12 11:05:20.544882+00:00", "RecordID": "11542", "Level": "4", "UserID": "S-1-5-18", "EventData.Prop_ContainerId": "{BE213F22-274C-436B-BEEA-BB5E68222C44}"}
{"EventID": "300", "Channel": "Microsoft-Windows-DeviceSetupManager/Operational", "Provider_Name": "Microsoft-Windows-DeviceSetupManager", "Computer": "DESKTOP-OFJ6N53", "TimeCreated": "2025-03-12 11:05:21.626263+00:00", "RecordID": "11543", "Level": "4", "UserID": "S-1-5-18", "EventData.Prop_ContainerId": "{BE213F22-274C-436B-BEEA-BB5E68222C44}"}
{"EventID": "300", "Channel": "Microsoft-Windows-DeviceSetupManager/Operational", "Provider_Name": "Microsoft-Windows-DeviceSetupManager", "Computer": "DESKTOP-OFJ6N53", "TimeCreated": "2025-03-12 11:05:25.388817+00:00", "RecordID": "11544", "Level": "4", "UserID": "S-1-5-18", "EventData.Prop_ContainerId": "{8D95E220-EB52-44E6-8494-FCB02DCD9E30}"}
{"EventID": "300", "Channel": "Microsoft-Windows-DeviceSetupManager/Operational", "Provider_Name": "Microsoft-Windows-DeviceSetupManager", "Computer": "DESKTOP-OFJ6N53", "TimeCreated": "2025-03-12 13:47:16.510279+00:00", "RecordID": "11545", "Level": "4", "UserID": "S-1-5-18", "EventData.Prop_ContainerId": "{13376E30-2A51-421A-A773-3CCA0C34B87F}"}
{"EventID": "300", "Channel": "Microsoft-Windows-DeviceSetupManager/Operational", "Provider_Name": "Microsoft-Windows-DeviceSetupManager", "Computer": "DESKTOP-OFJ6N53", "TimeCreated": "2025-03-12 13:47:35.726744+00:00", "RecordID": "11546", "Level": "4", "UserID": "S-1-5-18", "EventData.Prop_ContainerId": "{7EFCBE4E-A3A2-0C99-EC8F-27D6801A396F}"}
{"EventID": "300", "Channel": "Microsoft-Windows-DeviceSetupManager/Operational", "Provider_Name": "Microsoft-Windows-DeviceSetupManager", "Computer": "DESKTOP-OFJ6N53", "TimeCreated": "2025-03-12 13:54:52.571184+00:00", "RecordID": "11547", "Level": "4", "UserID": "S-1-5-18", "EventData.Prop_ContainerId": "{882E81EE-47B4-4D72-91FA-55EA04394432}"}
{"EventID": "300", "Channel": "Microsoft-Windows-DeviceSetupManager/Operational", "Provider_Name": "Microsoft-Windows-DeviceSetupManager", "Computer": "DESKTOP-OFJ6N53", "TimeCreated": "2025-03-12 13:55:13.408531+00:00", "RecordID": "11548", "Level": "4", "UserID": "S-1-5-18", "EventData.Prop_ContainerId": "{7EFCBE4E-A3A2-0C99-EC8F-27D6801A396F}"}
{"EventID": "300", "Channel": "Microsoft-Windows-DeviceSetupManager/Operational", "Provider_Name": "Microsoft-Windows-DeviceSetupManager", "Computer": "DESKTOP-OFJ6N53", "TimeCreated": "2025-03-14 10:08:25.996029+00:00", "RecordID": "11549", "Level": "4", "UserID": "S-1-5-18", "EventData.Prop_ContainerId": "{2979A5D5-0929-4152-A2A2-0FAF91499F6E}"}
{"EventID": "300", "Channel": "Microsoft-Windows-DeviceSetupManager/Operational", "Provider_Name": "Microsoft-Windows-DeviceSetupManager", "Computer": "DESKTOP-OFJ6N53", "TimeCreated": "2025-03-14 10:08:52.575697+00:00", "RecordID": "11550", "Level": "4", "UserID": "S-1-5-18", "EventData.Prop_ContainerId": "{7EFCBE4E-A3A2-0C99-EC8F-27D6801A396F}"}
{"EventID": "300", "Channel": "Microsoft-Windows-DeviceSetupManager/Operational", "Provider_Name": "Microsoft-Windows-DeviceSetupManager", "Computer": "DESKTOP-OFJ6N53", "TimeCreated": "2025-03-14 12:09:09.845770+00:00", "RecordID": "11551", "Level": "4", "UserID": "S-1-5-18", "EventData.Prop_ContainerId": "{A2A78A80-788E-4925-8A83-C4F9098D912B}"}
{"EventID": "300", "Channel": "Microsoft-Windows-DeviceSetupManager/Operational", "Provider_Name": "Microsoft-Windows-DeviceSetupManager", "Computer": "DESKTOP-OFJ6N53", "TimeCreated": "2025-03-14 12:25:17.502867+00:00", "RecordID": "11552", "Level": "4", "UserID": "S-1-5-18", "EventData.Prop_ContainerId": "{CD24EA57-D869-4ECB-8D45-B630F4A08042}"}
{"EventID": "300", "Channel": "Microsoft-Windows-DeviceSetupManager/Operational", "Provider_Name": "Microsoft-Windows-DeviceSetupManager", "Computer": "DESKTOP-OFJ6N53", "TimeCreated": "2025-03-15 19:05:00.549719+00:00", "RecordID": "11553", "Level": "4", "UserID": "S-1-5-18", "EventData.Prop_ContainerId": "{793DB5FF-FB3A-4365-AB9D-459472AE523F}"}
{"EventID": "300", "Channel": "Microsoft-Windows-DeviceSetupManager/Operational", "Provider_Name": "Microsoft-Windows-DeviceSetupManager", "Computer": "DESKTOP-OFJ6N53", "TimeCreated": "2025-03-15 19:05:47.575039+00:00", "RecordID": "11554", "Level": "4", "UserID": "S-1-5-18", "EventData.Prop_ContainerId": "{7EFCBE4E-A3A2-0C99-EC8F-27D6801A396F}"}
{"EventID": "300", "Channel": "Microsoft-Windows-DeviceSetupManager/Operational", "Provider_Name": "Microsoft-Windows-DeviceSetupManager", "Computer": "DESKTOP-OFJ6N53", "TimeCreated": "2025-03-17 11:06:07.185688+00:00", "RecordID": "11555", "Level": "4", "UserID": "S-1-5-18", "EventData.Prop_ContainerId": "{DD7AB0F7-364A-4C81-B817-EF884DD68FE1}"}
{"EventID": "300", "Channel": "Microsoft-Windows-DeviceSetupManager/Operational", "Provider_Name": "Microsoft-Windows-DeviceSetupManager", "Computer": "DESKTOP-OFJ6N53", "TimeCreated": "2025-03-17 11:06:56.200535+00:00", "RecordID": "11556", "Level": "4", "UserID": "S-1-5-18", "EventData.Prop_ContainerId": "{7EFCBE4E-A3A2-0C99-EC8F-27D6801A396F}"}
{"EventID": "300", "Channel": "Microsoft-Windows-DeviceSetupManager/Operational", "Provider_Name": "Microsoft-Windows-DeviceSetupManager", "Computer": "DESKTOP-OFJ6N53", "TimeCreated": "2025-03-18 08:52:18.727474+00:00", "RecordID": "11557", "Level": "4", "UserID": "S-1-5-18", "EventData.Prop_ContainerId": "{C6DE0EA6-E49F-4CBD-8D10-1D35839EB92A}"}
{"EventID": "300", "Channel": "Microsoft-Windows-DeviceSetupManager/Operational", "Provider_Name": "Microsoft-Windows-DeviceSetupManager", "Computer": "DESKTOP-OFJ6N53", "TimeCreated": "2025-03-18 08:52:41.345657+00:00", "RecordID": "11558", "Level": "4", "UserID": "S-1-5-18", "EventData.Prop_ContainerId": "{7EFCBE4E-A3A2-0C99-EC8F-27D6801A396F}"}
{"EventID": "300", "Channel": "Microsoft-Windows-DeviceSetupManager/Operational", "Provider_Name": "Microsoft-Windows-DeviceSetupManager", "Computer": "DESKTOP-OFJ6N53", "TimeCreated": "2025-03-19 12:00:00.987207+00:00", "RecordID": "11559", "Level": "4", "UserID": "S-1-5-18", "EventData.Prop_ContainerId": "{EEEBC40D-569E-4132-86F9-C1F2C43EF589}"}
{"EventID": "300", "Channel": "Microsoft-Windows-DeviceSetupManager/Operational", "Provider_Name": "Microsoft-Windows-DeviceSetupManager", "Computer": "DESKTOP-OFJ6N53", "TimeCreated": "2025-03-19 12:00:20.430412+00:00", "RecordID": "11560", "Level": "4", "UserID": "S-1-5-18", "EventData.Prop_ContainerId": "{7EFCBE4E-A3A2-0C99-EC8F-27D6801A396F}"}
{"EventID": "300", "Channel": "Microsoft-Windows-DeviceSetupManager/Operational", "Provider_Name": "Microsoft-Windows-DeviceSetupManager", "Computer": "DESKTOP-OFJ6N53", "TimeCreated": "2025-03-21 15:14:59.918728+00:00", "RecordID": "11561", "Level": "4", "UserID": "S-1-5-18", "EventData.Prop_ContainerId": "{3DDF0487-05A2-4F93-B15C-B9CDA989220D}"}
{"EventID": "300", "Channel": "Microsoft-Windows-DeviceSetupManager/Operational", "Provider_Name": "Microsoft-Windows-DeviceSetupManager", "Computer": "DESKTOP-OFJ6N53", "TimeCreated": "2025-03-21 15:15:29.699068+00:00", "RecordID": "11562", "Level": "4", "UserID": "S-1-5-18", "EventData.Prop_ContainerId": "{7EFCBE4E-A3A2-0C99-EC8F-27D6801A396F}"}
{"EventID": "300", "Channel": "Microsoft-Windows-DeviceSetupManager/Operational", "Provider_Name": "Microsoft-Windows-DeviceSetupManager", "Computer": "DESKTOP-OFJ6N53", "TimeCreated": "2025-03-25 12:04:07.302017+00:00", "RecordID": "11563", "Level": "4", "UserID": "S-1-5-18", "EventData.Prop_ContainerId": "{E1F1647B-D1B2-490F-AC6E-CF3FA580DD65}"}
{"EventID": "300", "Channel": "Microsoft-Windows-DeviceSetupManager/Operational", "Provider_Name": "Microsoft-Windows-DeviceSetupManager", "Computer": "DESKTOP-OFJ6N53", "TimeCreated": "2025-03-25 12:04:20.101753+00:00", "RecordID": "11564", "Level": "4", "UserID": "S-1-5-18", "EventData.Prop_ContainerId": "{7EFCBE4E-A3A2-0C99-EC8F-27D6801A396F}"}
