{"EventID": "1009", "Channel": "Microsoft-Windows-SMBServer/Security", "Provider_Name": "Microsoft-Windows-SMBServer", "Computer": "DESKTOP-OFJ6N53", "TimeCreated": "2025-02-05 02:11:50.703543+00:00", "RecordID": "19007", "Level": "2", "UserID": "S-1-5-18"}
{"EventID": "551", "Channel": "Microsoft-Windows-SMBServer/Security", "Provider_Name": "Microsoft-Windows-SMBServer", "Computer": "DESKTOP-OFJ6N53", "TimeCreated": "2025-02-05 02:11:50.703547+00:00", "RecordID": "19008", "Level": "2", "UserID": "S-1-5-18"}
{"EventID": "551", "Channel": "Microsoft-Windows-SMBServer/Security", "Provider_Name": "Microsoft-Windows-SMBServer", "Computer": "DESKTOP-OFJ6N53", "TimeCreated": "2025-02-05 08:35:16.460871+00:00", "RecordID": "19009", "Level": "2", "UserID": "S-1-5-18"}
{"EventID": "551", "Channel": "Microsoft-Windows-SMBServer/Security", "Provider_Name": "Microsoft-Windows-SMBServer", "Computer": "DESKTOP-OFJ6N53", "TimeCreated": "2025-02-05 08:35:16.465740+00:00", "RecordID": "19010", "Level": "2", "UserID": "S-1-5-18"}
{"EventID": "551", "Channel": "Microsoft-Windows-SMBServer/Security", "Provider_Name": "Microsoft-Windows-SMBServer", "Computer": "DESKTOP-OFJ6N53", "TimeCreated": "2025-02-05 08:35:16.470858+00:00", "RecordID": "19011", "Level": "2", "UserID": "S-1-5-18"}
{"EventID": "1009", "Channel": "Microsoft-Windows-SMBServer/Security", "Provider_Name": "Microsoft-Windows-SMBServer", "Computer": "DESKTOP-OFJ6N53", "TimeCreated": "2025-02-05 09:11:53.512192+00:00", "RecordID": "19012", "Level": "2", "UserID": "S-1-5-18"}
{"EventID": "551", "Channel": "Microsoft-Windows-SMBServer/Security", "Provider_Name": "Microsoft-Windows-SMBServer", "Computer": "DESKTOP-OFJ6N53", "TimeCreated": "2025-02-05 09:11:53.512194+00:00", "RecordID": "19013", "Level": "2", "UserID": "S-1-5-18"}
{"EventID": "551", "Channel": "Microsoft-Windows-SMBServer/Security", "Provider_Name": "Microsoft-Windows-SMBServer", "Computer": "DESKTOP-OFJ6N53", "TimeCreated": "2025-02-05 15:35:17.922295+00:00", "RecordID": "19014", "Level": "2", "UserID": "S-1-5-18"}
{"EventID": "551", "Channel": "Microsoft-Windows-SMBServer/Security", "Provider_Name": "Microsoft-Windows-SMBServer", "Computer": "DESKTOP-OFJ6N53", "TimeCreated": "2025-02-05 15:35:17.939152+00:00", "RecordID": "19015", "Level": "2", "UserID": "S-1-5-18"}
{"EventID": "551", "Channel": "Microsoft-Windows-SMBServer/Security", "Provider_Name": "Microsoft-Windows-SMBServer", "Computer": "DESKTOP-OFJ6N53", "TimeCreated": "2025-02-05 15:35:17.944361+00:00", "RecordID": "19016", "Level": "2", "UserID": "S-1-5-18"}
{"EventID": "1009", "Channel": "Microsoft-Windows-SMBServer/Security", "Provider_Name": "Microsoft-Windows-SMBServer", "Computer": "DESKTOP-OFJ6N53", "TimeCreated": "2025-02-05 16:12:20.295973+00:00", "RecordID": "19017", "Level": "2", "UserID": "S-1-5-18"}
{"EventID": "551", "Channel": "Microsoft-Windows-SMBServer/Security", "Provider_Name": "Microsoft-Windows-SMBServer", "Computer": "DESKTOP-OFJ6N53", "TimeCreated": "2025-02-05 16:12:20.295975+00:00", "RecordID": "19018", "Level": "2", "UserID": "S-1-5-18"}
{"EventID": "551", "Channel": "Microsoft-Windows-SMBServer/Security", "Provider_Name": "Microsoft-Windows-SMBServer", "Computer": "DESKTOP-OFJ6N53", "TimeCreated": "2025-02-05 22:35:46.465639+00:00", "RecordID": "19019", "Level": "2", "UserID": "S-1-5-18"}
{"EventID": "551", "Channel": "Microsoft-Windows-SMBServer/Security", "Provider_Name": "Microsoft-Windows-SMBServer", "Computer": "DESKTOP-OFJ6N53", "TimeCreated": "2025-02-05 22:35:46.486290+00:00", "RecordID": "19020", "Level": "2", "UserID": "S-1-5-18"}
{"EventID": "551", "Channel": "Microsoft-Windows-SMBServer/Security", "Provider_Name": "Microsoft-Windows-SMBServer", "Computer": "DESKTOP-OFJ6N53", "TimeCreated": "2025-02-05 22:35:46.501804+00:00", "RecordID": "19021", "Level": "2", "UserID": "S-1-5-18"}
{"EventID": "1009", "Channel": "Microsoft-Windows-SMBServer/Security", "Provider_Name": "Microsoft-Windows-SMBServer", "Computer": "DESKTOP-OFJ6N53", "TimeCreated": "2025-02-05 23:12:22.589304+00:00", "RecordID": "19022", "Level": "2", "UserID": "S-1-5-18"}
{"EventID": "551", "Channel": "Microsoft-Windows-SMBServer/Security", "Provider_Name": "Microsoft-Windows-SMBServer", "Computer": "DESKTOP-OFJ6N53", "TimeCreated": "2025-02-05 23:12:22.589312+00:00", "RecordID": "19023", "Level": "2", "UserID": "S-1-5-18"}
{"EventID": "551", "Channel": "Microsoft-Windows-SMBServer/Security", "Provider_Name": "Microsoft-Windows-SMBServer", "Computer": "DESKTOP-OFJ6N53", "TimeCreated": "2025-02-06 05:35:43.363718+00:00", "RecordID": "19024", "Level": "2", "UserID": "S-1-5-18"}
{"EventID": "551", "Channel": "Microsoft-Windows-SMBServer/Security", "Provider_Name": "Microsoft-Windows-SMBServer", "Computer": "DESKTOP-OFJ6N53", "TimeCreated": "2025-02-06 05:35:43.368622+00:00", "RecordID": "19025", "Level": "2", "UserID": "S-1-5-18"}
{"EventID": "551", "Channel": "Microsoft-Windows-SMBServer/Security", "Provider_Name": "Microsoft-Windows-SMBServer", "Computer": "DESKTOP-OFJ6N53", "TimeCreated": "2025-02-06 05:35:43.373363+00:00", "RecordID": "19026", "Level": "2", "UserID": "S-1-5-18"}
{"EventID": "1009", "Channel": "Microsoft-Windows-SMBServer/Security", "Provider_Name": "Microsoft-Windows-SMBServer", "Computer": "DESKTOP-OFJ6N53", "TimeCreated": "2025-02-06 06:12:20.445953+00:00", "RecordID": "19027", "Level": "2", "UserID": "S-1-5-18"}
{"EventID": "551", "Channel": "Microsoft-Windows-SMBServer/Security", "Provider_Name": "Microsoft-Windows-SMBServer", "Computer": "DESKTOP-OFJ6N53", "TimeCreated": "2025-02-06 06:12:20.445959+00:00", "RecordID": "19028", "Level": "2", "UserID": "S-1-5-18"}
{"EventID": "551", "Channel": "Microsoft-Windows-SMBServer/Security", "Provider_Name": "Microsoft-Windows-SMBServer", "Computer": "DESKTOP-OFJ6N53", "TimeCreated": "2025-02-06 12:35:44.844938+00:00", "RecordID": "19029", "Level": "2", "UserID": "S-1-5-18"}
{"EventID": "551", "Channel": "Microsoft-Windows-SMBServer/Security", "Provider_Name": "Microsoft-Windows-SMBServer", "Computer": "DESKTOP-OFJ6N53", "TimeCreated": "2025-02-06 12:35:44.858721+00:00", "RecordID": "19030", "Level": "2", "UserID": "S-1-5-18"}
{"EventID": "551", "Channel": "Microsoft-Windows-SMBServer/Security", "Provider_Name": "Microsoft-Windows-SMBServer", "Computer": "DESKTOP-OFJ6N53", "TimeCreated": "2025-02-06 12:35:44.864447+00:00", "RecordID": "19031", "Level": "2", "UserID": "S-1-5-18"}
{"EventID": "1009", "Channel": "Microsoft-Windows-SMBServer/Security", "Provider_Name": "Microsoft-Windows-SMBServer", "Computer": "DESKTOP-OFJ6N53", "TimeCreated": "2025-02-06 13:12:23.879990+00:00", "RecordID": "19032", "Level": "2", "UserID": "S-1-5-18"}
{"EventID": "551", "Channel": "Microsoft-Windows-SMBServer/Security", "Provider_Name": "Microsoft-Windows-SMBServer", "Computer": "DESKTOP-OFJ6N53", "TimeCreated": "2025-02-06 13:12:23.879993+00:00", "RecordID": "19033", "Level": "2", "UserID": "S-1-5-18"}
{"EventID": "551", "Channel": "Microsoft-Windows-SMBServer/Security", "Provider_Name": "Microsoft-Windows-SMBServer", "Computer": "DESKTOP-OFJ6N53", "TimeCreated": "2025-02-06 19:35:44.469578+00:00", "RecordID": "19034", "Level": "2", "UserID": "S-1-5-18"}
{"EventID": "551", "Channel": "Microsoft-Windows-SMBServer/Security", "Provider_Name": "Microsoft-Windows-SMBServer", "Computer": "DESKTOP-OFJ6N53", "TimeCreated": "2025-02-06 19:35:44.475452+00:00", "RecordID": "19035", "Level": "2", "UserID": "S-1-5-18"}
{"EventID": "551", "Channel": "Microsoft-Windows-SMBServer/Security", "Provider_Name": "Microsoft-Windows-SMBServer", "Computer": "DESKTOP-OFJ6N53", "TimeCreated": "2025-02-06 19:35:44.480749+00:00", "RecordID": "19036", "Level": "2", "UserID": "S-1-5-18"}
{"EventID": "1009", "Channel": "Microsoft-Windows-SMBServer/Security", "Provider_Name": "Microsoft-Windows-SMBServer", "Computer": "DESKTOP-OFJ6N53", "TimeCreated": "2025-02-06 20:12:10.293974+00:00", "RecordID": "19037", "Level": "2", "UserID": "S-1-5-18"}
{"EventID": "551", "Channel": "Microsoft-Windows-SMBServer/Security", "Provider_Name": "Microsoft-Windows-SMBServer", "Computer": "DESKTOP-OFJ6N53", "TimeCreated": "2025-02-06 20:12:10.293978+00:00", "RecordID": "19038", "Level": "2", "UserID": "S-1-5-18"}
{"EventID": "1009", "Channel": "Microsoft-Windows-SMBServer/Security", "Provider_Name": "Microsoft-Windows-SMBServer", "Computer": "DESKTOP-OFJ6N53", "TimeCreated": "2025-02-06 20:12:22.326944+00:00", "RecordID": "19039", "Level": "2", "UserID": "S-1-5-18"}
{"EventID": "551", "Channel": "Microsoft-Windows-SMBServer/Security", "Provider_Name": "Microsoft-Windows-SMBServer", "Computer": "DESKTOP-OFJ6N53", "TimeCreated": "2025-02-06 20:12:22.326948+00:00", "RecordID": "19040", "Level": "2", "UserID": "S-1-5-18"}
{"EventID": "551", "Channel": "Microsoft-Windows-SMBServer/Security", "Provider_Name": "Microsoft-Windows-SMBServer", "Computer": "DESKTOP-OFJ6N53", "TimeCreated": "2025-02-07 02:35:48.668589+00:00", "RecordID": "19041", "Level": "2", "UserID": "S-1-5-18"}
{"EventID": "551", "Channel": "Microsoft-Windows-SMBServer/Security", "Provider_Name": "Microsoft-Windows-SMBServer", "Computer": "DESKTOP-OFJ6N53", "TimeCreated": "2025-02-07 02:35:48.675045+00:00", "RecordID": "19042", "Level": "2", "UserID": "S-1-5-18"}
{"EventID": "551", "Channel": "Microsoft-Windows-SMBServer/Security", "Provider_Name": "Microsoft-Windows-SMBServer", "Computer": "DESKTOP-OFJ6N53", "TimeCreated": "2025-02-07 02:35:48.681309+00:00", "RecordID": "19043", "Level": "2", "UserID": "S-1-5-18"}
{"EventID": "1009", "Channel": "Microsoft-Windows-SMBServer/Security", "Provider_Name": "Microsoft-Windows-SMBServer", "Computer": "DESKTOP-OFJ6N53", "TimeCreated": "2025-02-07 03:12:11.225719+00:00", "RecordID": "19044", "Level": "2", "UserID": "S-1-5-18"}
{"EventID": "551", "Channel": "Microsoft-Windows-SMBServer/Security", "Provider_Name": "Microsoft-Windows-SMBServer", "Computer": "DESKTOP-OFJ6N53", "TimeCreated": "2025-02-07 03:12:11.225723+00:00", "RecordID": "19045", "Level": "2", "UserID": "S-1-5-18"}
{"EventID": "1009", "Channel": "Microsoft-Windows-SMBServer/Security", "Provider_Name": "Microsoft-Windows-SMBServer", "Computer": "DESKTOP-OFJ6N53", "TimeCreated": "2025-02-07 03:12:23.332848+00:00", "RecordID": "19046", "Level": "2", "UserID": "S-1-5-18"}
{"EventID": "551", "Channel": "Microsoft-Windows-SMBServer/Security", "Provider_Name": "Microsoft-Windows-SMBServer", "Computer": "DESKTOP-OFJ6N53", "TimeCreated": "2025-02-07 03:12:23.332851+00:00", "RecordID": "19047", "Level": "2", "UserID": "S-1-5-18"}
{"EventID": "551", "Channel": "Microsoft-Windows-SMBServer/Security", "Provider_Name": "Microsoft-Windows-SMBServer", "Computer": "DESKTOP-OFJ6N53", "TimeCreated": "2025-02-07 09:35:34.588717+00:00", "RecordID": "19048", "Level": "2", "UserID": "S-1-5-18"}
{"EventID": "551", "Channel": "Microsoft-Windows-SMBServer/Security", "Provider_Name": "Microsoft-Windows-SMBServer", "Computer": "DESKTOP-OFJ6N53", "TimeCreated": "2025-02-07 09:35:34.594398+00:00", "RecordID": "19049", "Level": "2", "UserID": "S-1-5-18"}
{"EventID": "551", "Channel": "Microsoft-Windows-SMBServer/Security", "Provider_Name": "Microsoft-Windows-SMBServer", "Computer": "DESKTOP-OFJ6N53", "TimeCreated": "2025-02-07 09:35:34.599548+00:00", "RecordID": "19050", "Level": "2", "UserID": "S-1-5-18"}
{"EventID": "1009", "Channel": "Microsoft-Windows-SMBServer/Security", "Provider_Name": "Microsoft-Windows-SMBServer", "Computer": "DESKTOP-OFJ6N53", "TimeCreated": "2025-02-07 10:12:25.682913+00:00", "RecordID": "19051", "Level": "2", "UserID": "S-1-5-18"}
{"EventID": "551", "Channel": "Microsoft-Windows-SMBServer/Security", "Provider_Name": "Microsoft-Windows-SMBServer", "Computer": "DESKTOP-OFJ6N53", "TimeCreated": "2025-02-07 10:12:25.682917+00:00", "RecordID": "19052", "Level": "2", "UserID": "S-1-5-18"}
{"EventID": "1009", "Channel": "Microsoft-Windows-SMBServer/Security", "Provider_Name": "Microsoft-Windows-SMBServer", "Computer": "DESKTOP-OFJ6N53", "TimeCreated": "2025-02-07 17:12:14.503023+00:00", "RecordID": "19053", "Level": "2", "UserID": "S-1-5-18"}
{"EventID": "551", "Channel": "Microsoft-Windows-SMBServer/Security", "Provider_Name": "Microsoft-Windows-SMBServer", "Computer": "DESKTOP-OFJ6N53", "TimeCreated": "2025-02-07 17:12:14.503031+00:00", "RecordID": "19054", "Level": "2", "UserID": "S-1-5-18"}
{"EventID": "1009", "Channel": "Microsoft-Windows-SMBServer/Security", "Provider_Name": "Microsoft-Windows-SMBServer", "Computer": "DESKTOP-OFJ6N53", "TimeCreated": "2025-02-07 17:12:26.636013+00:00", "RecordID": "19055", "Level": "2", "UserID": "S-1-5-18"}
{"EventID": "551", "Channel": "Microsoft-Windows-SMBServer/Security", "Provider_Name": "Microsoft-Windows-SMBServer", "Computer": "DESKTOP-OFJ6N53", "TimeCreated": "2025-02-07 17:12:26.636015+00:00", "RecordID": "19056", "Level": "2", "UserID": "S-1-5-18"}
{"EventID": "1009", "Channel": "Microsoft-Windows-SMBServer/Security", "Provider_Name": "Microsoft-Windows-SMBServer", "Computer": "DESKTOP-OFJ6N53", "TimeCreated": "2025-02-08 00:12:15.320555+00:00", "RecordID": "19057", "Level": "2", "UserID": "S-1-5-18"}
{"EventID": "551", "Channel": "Microsoft-Windows-SMBServer/Security", "Provider_Name": "Microsoft-Windows-SMBServer", "Computer": "DESKTOP-OFJ6N53", "TimeCreated": "2025-02-08 00:12:15.320559+00:00", "RecordID": "19058", "Level": "2", "UserID": "S-1-5-18"}
{"EventID": "1009", "Channel": "Microsoft-Windows-SMBServer/Security", "Provider_Name": "Microsoft-Windows-SMBServer", "Computer": "DESKTOP-OFJ6N53", "TimeCreated": "2025-02-08 00:12:28.297024+00:00", "RecordID": "19059", "Level": "2", "UserID": "S-1-5-18"}
{"EventID": "551", "Channel": "Microsoft-Windows-SMBServer/Security", "Provider_Name": "Microsoft-Windows-SMBServer", "Computer": "DESKTOP-OFJ6N53", "TimeCreated": "2025-02-08 00:12:28.297026+00:00", "RecordID": "19060", "Level": "2", "UserID": "S-1-5-18"}
{"EventID": "1009", "Channel": "Microsoft-Windows-SMBServer/Security", "Provider_Name": "Microsoft-Windows-SMBServer", "Computer": "DESKTOP-OFJ6N53", "TimeCreated": "2025-02-08 07:12:15.524040+00:00", "RecordID": "19061", "Level": "2", "UserID": "S-1-5-18"}
{"EventID": "551", "Channel": "Microsoft-Windows-SMBServer/Security", "Provider_Name": "Microsoft-Windows-SMBServer", "Computer": "DESKTOP-OFJ6N53", "TimeCreated": "2025-02-08 07:12:15.524050+00:00", "RecordID": "19062", "Level": "2", "UserID": "S-1-5-18"}
{"EventID": "1009", "Channel": "Microsoft-Windows-SMBServer/Security", "Provider_Name": "Microsoft-Windows-SMBServer", "Computer": "DESKTOP-OFJ6N53", "TimeCreated": "2025-02-08 07:12:27.629770+00:00", "RecordID": "19063", "Level": "2", "UserID": "S-1-5-18"}
{"EventID": "551", "Channel": "Microsoft-Windows-SMBServer/Security", "Provider_Name": "Microsoft-Windows-SMBServer", "Computer": "DESKTOP-OFJ6N53", "TimeCreated": "2025-02-08 07:12:27.629774+00:00", "RecordID": "19064", "Level": "2", "UserID": "S-1-5-18"}
{"EventID": "1009", "Channel": "Microsoft-Windows-SMBServer/Security", "Provider_Name": "Microsoft-Windows-SMBServer", "Computer": "DESKTOP-OFJ6N53", "TimeCreated": "2025-02-08 14:12:17.276093+00:00", "RecordID": "19065", "Level": "2", "UserID": "S-1-5-18"}
{"EventID": "551", "Channel": "Microsoft-Windows-SMBServer/Security", "Provider_Name": "Microsoft-Windows-SMBServer", "Computer": "DESKTOP-OFJ6N53", "TimeCreated": "2025-02-08 14:12:17.276096+00:00", "RecordID": "19066", "Level": "2", "UserID": "S-1-5-18"}
{"EventID": "1009", "Channel": "Microsoft-Windows-SMBServer/Security", "Provider_Name": "Microsoft-Windows-SMBServer", "Computer": "DESKTOP-OFJ6N53", "TimeCreated": "2025-02-08 14:12:29.367355+00:00", "RecordID": "19067", "Level": "2", "UserID": "S-1-5-18"}
{"EventID": "551", "Channel": "Microsoft-Windows-SMBServer/Security", "Provider_Name": "Microsoft-Windows-SMBServer", "Computer": "DESKTOP-OFJ6N53", "TimeCreated": "2025-02-08 14:12:29.367357+00:00", "RecordID": "19068", "Level": "2", "UserID": "S-1-5-18"}
{"EventID": "1009", "Channel": "Microsoft-Windows-SMBServer/Security", "Provider_Name": "Microsoft-Windows-SMBServer", "Computer": "DESKTOP-OFJ6N53", "TimeCreated": "2025-02-08 21:12:29.992647+00:00", "RecordID": "19069", "Level": "2", "UserID": "S-1-5-18"}
{"EventID": "551", "Channel": "Microsoft-Windows-SMBServer/Security", "Provider_Name": "Microsoft-Windows-SMBServer", "Computer": "DESKTOP-OFJ6N53", "TimeCreated": "2025-02-08 21:12:29.992653+00:00", "RecordID": "19070", "Level": "2", "UserID": "S-1-5-18"}
{"EventID": "1009", "Channel": "Microsoft-Windows-SMBServer/Security", "Provider_Name": "Microsoft-Windows-SMBServer", "Computer": "DESKTOP-OFJ6N53", "TimeCreated": "2025-02-09 04:12:17.633467+00:00", "RecordID": "19071", "Level": "2", "UserID": "S-1-5-18"}
{"EventID": "551", "Channel": "Microsoft-Windows-SMBServer/Security", "Provider_Name": "Microsoft-Windows-SMBServer", "Computer": "DESKTOP-OFJ6N53", "TimeCreated": "2025-02-09 04:12:17.633471+00:00", "RecordID": "19072", "Level": "2", "UserID": "S-1-5-18"}
{"EventID": "1009", "Channel": "Microsoft-Windows-SMBServer/Security", "Provider_Name": "Microsoft-Windows-SMBServer", "Computer": "DESKTOP-OFJ6N53", "TimeCreated": "2025-02-09 04:12:29.687510+00:00", "RecordID": "19073", "Level": "2", "UserID": "S-1-5-18"}
{"EventID": "551", "Channel": "Microsoft-Windows-SMBServer/Security", "Provider_Name": "Microsoft-Windows-SMBServer", "Computer": "DESKTOP-OFJ6N53", "TimeCreated": "2025-02-09 04:12:29.687513+00:00", "RecordID": "19074", "Level": "2", "UserID": "S-1-5-18"}
{"EventID": "1009", "Channel": "Microsoft-Windows-SMBServer/Security", "Provider_Name": "Microsoft-Windows-SMBServer", "Computer": "DESKTOP-OFJ6N53", "TimeCreated": "2025-02-09 11:12:18.192034+00:00", "RecordID": "19075", "Level": "2", "UserID": "S-1-5-18"}
{"EventID": "551", "Channel": "Microsoft-Windows-SMBServer/Security", "Provider_Name": "Microsoft-Windows-SMBServer", "Computer": "DESKTOP-OFJ6N53", "TimeCreated": "2025-02-09 11:12:18.192036+00:00", "RecordID": "19076", "Level": "2", "UserID": "S-1-5-18"}
{"EventID": "1009", "Channel": "Microsoft-Windows-SMBServer/Security", "Provider_Name": "Microsoft-Windows-SMBServer", "Computer": "DESKTOP-OFJ6N53", "TimeCreated": "2025-02-09 11:12:30.323439+00:00", "RecordID": "19077", "Level": "2", "UserID": "S-1-5-18"}
{"EventID": "551", "Channel": "Microsoft-Windows-SMBServer/Security", "Provider_Name": "Microsoft-Windows-SMBServer", "Computer": "DESKTOP-OFJ6N53", "TimeCreated": "2025-02-09 11:12:30.323442+00:00", "RecordID": "19078", "Level": "2", "UserID": "S-1-5-18"}
{"EventID": "1009", "Channel": "Microsoft-Windows-SMBServer/Security", "Provider_Name": "Microsoft-Windows-SMBServer", "Computer": "DESKTOP-OFJ6N53", "TimeCreated": "2025-02-09 18:12:20.411879+00:00", "RecordID": "19079", "Level": "2", "UserID": "S-1-5-18"}
{"EventID": "551", "Channel": "Microsoft-Windows-SMBServer/Security", "Provider_Name": "Microsoft-Windows-SMBServer", "Computer": "DESKTOP-OFJ6N53", "TimeCreated": "2025-02-09 18:12:20.411880+00:00", "RecordID": "19080", "Level": "2", "UserID": "S-1-5-18"}
{"EventID": "1009", "Channel": "Microsoft-Windows-SMBServer/Security", "Provider_Name": "Microsoft-Windows-SMBServer", "Computer": "DESKTOP-OFJ6N53", "TimeCreated": "2025-02-09 18:12:33.401035+00:00", "RecordID": "19081", "Level": "2", "UserID": "S-1-5-18"}
{"EventID": "551", "Channel": "Microsoft-Windows-SMBServer/Security", "Provider_Name": "Microsoft-Windows-SMBServer", "Computer": "DESKTOP-OFJ6N53", "TimeCreated": "2025-02-09 18:12:33.401039+00:00", "RecordID": "19082", "Level": "2", "UserID": "S-1-5-18"}
{"EventID": "1009", "Channel": "Microsoft-Windows-SMBServer/Security", "Provider_Name": "Microsoft-Windows-SMBServer", "Computer": "DESKTOP-OFJ6N53", "TimeCreated": "2025-02-10 01:12:18.524460+00:00", "RecordID": "19083", "Level": "2", "UserID": "S-1-5-18"}
{"EventID": "551", "Channel": "Microsoft-Windows-SMBServer/Security", "Provider_Name": "Microsoft-Windows-SMBServer", "Computer": "DESKTOP-OFJ6N53", "TimeCreated": "2025-02-10 01:12:18.524464+00:00", "RecordID": "19084", "Level": "2", "UserID": "S-1-5-18"}
{"EventID": "1009", "Channel": "Microsoft-Windows-SMBServer/Security", "Provider_Name": "Microsoft-Windows-SMBServer", "Computer": "DESKTOP-OFJ6N53", "TimeCreated": "2025-02-10 01:12:30.647411+00:00", "RecordID": "19085", "Level": "2", "UserID": "S-1-5-18"}
{"EventID": "551", "Channel": "Microsoft-Windows-SMBServer/Security", "Provider_Name": "Microsoft-Windows-SMBServer", "Computer": "DESKTOP-OFJ6N53", "TimeCreated": "2025-02-10 01:12:30.647415+00:00", "RecordID": "19086", "Level": "2", "UserID": "S-1-5-18"}
{"EventID": "1009", "Channel": "Microsoft-Windows-SMBServer/Security", "Provider_Name": "Microsoft-Windows-SMBServer", "Computer": "DESKTOP-OFJ6N53", "TimeCreated": "2025-02-10 08:12:19.854689+00:00", "RecordID": "19087", "Level": "2", "UserID": "S-1-5-18"}
{"EventID": "551", "Channel": "Microsoft-Windows-SMBServer/Security", "Provider_Name": "Microsoft-Windows-SMBServer", "Computer": "DESKTOP-OFJ6N53", "TimeCreated": "2025-02-10 08:12:19.854692+00:00", "RecordID": "19088", "Level": "2", "UserID": "S-1-5-18"}
{"EventID": "1009", "Channel": "Microsoft-Windows-SMBServer/Security", "Provider_Name": "Microsoft-Windows-SMBServer", "Computer": "DESKTOP-OFJ6N53", "TimeCreated": "2025-02-10 08:12:32.856413+00:00", "RecordID": "19089", "Level": "2", "UserID": "S-1-5-18"}
{"EventID": "551", "Channel": "Microsoft-Windows-SMBServer/Security", "Provider_Name": "Microsoft-Windows-SMBServer", "Computer": "DESKTOP-OFJ6N53", "TimeCreated": "2025-02-10 08:12:32.856415+00:00", "RecordID": "19090", "Level": "2", "UserID": "S-1-5-18"}
{"EventID": "1009", "Channel": "Microsoft-Windows-SMBServer/Security", "Provider_Name": "Microsoft-Windows-SMBServer", "Computer": "DESKTOP-OFJ6N53", "TimeCreated": "2025-02-10 15:12:21.257904+00:00", "RecordID": "19091", "Level": "2", "UserID": "S-1-5-18"}
{"EventID": "551", "Channel": "Microsoft-Windows-SMBServer/Security", "Provider_Name": "Microsoft-Windows-SMBServer", "Computer": "DESKTOP-OFJ6N53", "TimeCreated": "2025-02-10 15:12:21.257906+00:00", "RecordID": "19092", "Level": "2", "UserID": "S-1-5-18"}
{"EventID": "1009", "Channel": "Microsoft-Windows-SMBServer/Security", "Provider_Name": "Microsoft-Windows-SMBServer", "Computer": "DESKTOP-OFJ6N53", "TimeCreated": "2025-02-10 15:12:33.451563+00:00", "RecordID": "19093", "Level": "2", "UserID": "S-1-5-18"}
{"EventID": "551", "Channel": "Microsoft-Windows-SMBServer/Security", "Provider_Name": "Microsoft-Windows-SMBServer", "Computer": "DESKTOP-OFJ6N53", "TimeCreated": "2025-02-10 15:12:33.451567+00:00", "RecordID": "19094", "Level": "2", "UserID": "S-1-5-18"}
{"EventID": "1009", "Channel": "Microsoft-Windows-SMBServer/Security", "Provider_Name": "Microsoft-Windows-SMBServer", "Computer": "DESKTOP-OFJ6N53", "TimeCreated": "2025-02-10 22:12:21.672937+00:00", "RecordID": "19095", "Level": "2", "UserID": "S-1-5-18"}
{"EventID": "551", "Channel": "Microsoft-Windows-SMBServer/Security", "Provider_Name": "Microsoft-Windows-SMBServer", "Computer": "DESKTOP-OFJ6N53", "TimeCreated": "2025-02-10 22:12:21.672939+00:00", "RecordID": "19096", "Level": "2", "UserID": "S-1-5-18"}
{"EventID": "1009", "Channel": "Microsoft-Windows-SMBServer/Security", "Provider_Name": "Microsoft-Windows-SMBServer", "Computer": "DESKTOP-OFJ6N53", "TimeCreated": "2025-02-10 22:12:33.700867+00:00", "RecordID": "19097", "Level": "2", "UserID": "S-1-5-18"}
{"EventID": "551", "Channel": "Microsoft-Windows-SMBServer/Security", "Provider_Name": "Microsoft-Windows-SMBServer", "Computer": "DESKTOP-OFJ6N53", "TimeCreated": "2025-02-10 22:12:33.700871+00:00", "RecordID": "19098", "Level": "2", "UserID": "S-1-5-18"}
{"EventID": "1009", "Channel": "Microsoft-Windows-SMBServer/Security", "Provider_Name": "Microsoft-Windows-SMBServer", "Computer": "DESKTOP-OFJ6N53", "TimeCreated": "2025-02-11 05:12:21.815042+00:00", "RecordID": "19099", "Level": "2", "UserID": "S-1-5-18"}
{"EventID": "551", "Channel": "Microsoft-Windows-SMBServer/Security", "Provider_Name": "Microsoft-Windows-SMBServer", "Computer": "DESKTOP-OFJ6N53", "TimeCreated": "2025-02-11 05:12:21.815054+00:00", "RecordID": "19100", "Level": "2", "UserID": "S-1-5-18"}
{"EventID": "1009", "Channel": "Microsoft-Windows-SMBServer/Security", "Provider_Name": "Microsoft-Windows-SMBServer", "Computer": "DESKTOP-OFJ6N53", "TimeCreated": "2025-02-11 05:12:34.002012+00:00", "RecordID": "19101", "Level": "2", "UserID": "S-1-5-18"}
{"EventID": "551", "Channel": "Microsoft-Windows-SMBServer/Security", "Provider_Name": "Microsoft-Windows-SMBServer", "Computer": "DESKTOP-OFJ6N53", "TimeCreated": "2025-02-11 05:12:34.002016+00:00", "RecordID": "19102", "Level": "2", "UserID": "S-1-5-18"}
{"EventID": "1009", "Channel": "Microsoft-Windows-SMBServer/Security", "Provider_Name": "Microsoft-Windows-SMBServer", "Computer": "DESKTOP-OFJ6N53", "TimeCreated": "2025-02-11 12:12:22.756609+00:00", "RecordID": "19103", "Level": "2", "UserID": "S-1-5-18"}
{"EventID": "551", "Channel": "Microsoft-Windows-SMBServer/Security", "Provider_Name": "Microsoft-Windows-SMBServer", "Computer": "DESKTOP-OFJ6N53", "TimeCreated": "2025-02-11 12:12:22.756611+00:00", "RecordID": "19104", "Level": "2", "UserID": "S-1-5-18"}
{"EventID": "1009", "Channel": "Microsoft-Windows-SMBServer/Security", "Provider_Name": "Microsoft-Windows-SMBServer", "Computer": "DESKTOP-OFJ6N53", "TimeCreated": "2025-02-11 12:12:34.780329+00:00", "RecordID": "19105", "Level": "2", "UserID": "S-1-5-18"}
{"EventID": "551", "Channel": "Microsoft-Windows-SMBServer/Security", "Provider_Name": "Microsoft-Windows-SMBServer", "Computer": "DESKTOP-OFJ6N53", "TimeCreated": "2025-02-11 12:12:34.780333+00:00", "RecordID": "19106", "Level": "2", "UserID": "S-1-5-18"}
{"EventID": "1009", "Channel": "Microsoft-Windows-SMBServer/Security", "Provider_Name": "Microsoft-Windows-SMBServer", "Computer": "DESKTOP-OFJ6N53", "TimeCreated": "2025-02-11 19:12:24.756681+00:00", "RecordID": "19107", "Level": "2", "UserID": "S-1-5-18"}
{"EventID": "551", "Channel": "Microsoft-Windows-SMBServer/Security", "Provider_Name": "Microsoft-Windows-SMBServer", "Computer": "DESKTOP-OFJ6N53", "TimeCreated": "2025-02-11 19:12:24.756683+00:00", "RecordID": "19108", "Level": "2", "UserID": "S-1-5-18"}
{"EventID": "1009", "Channel": "Microsoft-Windows-SMBServer/Security", "Provider_Name": "Microsoft-Windows-SMBServer", "Computer": "DESKTOP-OFJ6N53", "TimeCreated": "2025-02-11 19:12:36.852873+00:00", "RecordID": "19109", "Level": "2", "UserID": "S-1-5-18"}
{"EventID": "551", "Channel": "Microsoft-Windows-SMBServer/Security", "Provider_Name": "Microsoft-Windows-SMBServer", "Computer": "DESKTOP-OFJ6N53", "TimeCreated": "2025-02-11 19:12:36.852877+00:00", "RecordID": "19110", "Level": "2", "UserID": "S-1-5-18"}
{"EventID": "1009", "Channel": "Microsoft-Windows-SMBServer/Security", "Provider_Name": "Microsoft-Windows-SMBServer", "Computer": "DESKTOP-OFJ6N53", "TimeCreated": "2025-02-12 02:12:24.685997+00:00", "RecordID": "19111", "Level": "2", "UserID": "S-1-5-18"}
{"EventID": "551", "Channel": "Microsoft-Windows-SMBServer/Security", "Provider_Name": "Microsoft-Windows-SMBServer", "Computer": "DESKTOP-OFJ6N53", "TimeCreated": "2025-02-12 02:12:24.685999+00:00", "RecordID": "19112", "Level": "2", "UserID": "S-1-5-18"}
{"EventID": "1009", "Channel": "Microsoft-Windows-SMBServer/Security", "Provider_Name": "Microsoft-Windows-SMBServer", "Computer": "DESKTOP-OFJ6N53", "TimeCreated": "2025-02-12 02:12:36.710480+00:00", "RecordID": "19113", "Level": "2", "UserID": "S-1-5-18"}
{"EventID": "551", "Channel": "Microsoft-Windows-SMBServer/Security", "Provider_Name": "Microsoft-Windows-SMBServer", "Computer": "DESKTOP-OFJ6N53", "TimeCreated": "2025-02-12 02:12:36.710482+00:00", "RecordID": "19114", "Level": "2", "UserID": "S-1-5-18"}
{"EventID": "1009", "Channel": "Microsoft-Windows-SMBServer/Security", "Provider_Name": "Microsoft-Windows-SMBServer", "Computer": "DESKTOP-OFJ6N53", "TimeCreated": "2025-02-12 09:12:38.168652+00:00", "RecordID": "19115", "Level": "2", "UserID": "S-1-5-18"}
{"EventID": "551", "Channel": "Microsoft-Windows-SMBServer/Security", "Provider_Name": "Microsoft-Windows-SMBServer", "Computer": "DESKTOP-OFJ6N53", "TimeCreated": "2025-02-12 09:12:38.168655+00:00", "RecordID": "19116", "Level": "2", "UserID": "S-1-5-18"}
{"EventID": "1009", "Channel": "Microsoft-Windows-SMBServer/Security", "Provider_Name": "Microsoft-Windows-SMBServer", "Computer": "DESKTOP-OFJ6N53", "TimeCreated": "2025-02-12 16:12:38.506605+00:00", "RecordID": "19117", "Level": "2", "UserID": "S-1-5-18"}
{"EventID": "551", "Channel": "Microsoft-Windows-SMBServer/Security", "Provider_Name": "Microsoft-Windows-SMBServer", "Computer": "DESKTOP-OFJ6N53", "TimeCreated": "2025-02-12 16:12:38.506613+00:00", "RecordID": "19118", "Level": "2", "UserID": "S-1-5-18"}
{"EventID": "1009", "Channel": "Microsoft-Windows-SMBServer/Security", "Provider_Name": "Microsoft-Windows-SMBServer", "Computer": "DESKTOP-OFJ6N53", "TimeCreated": "2025-02-12 23:12:25.071077+00:00", "RecordID": "19119", "Level": "2", "UserID": "S-1-5-18"}
{"EventID": "551", "Channel": "Microsoft-Windows-SMBServer/Security", "Provider_Name": "Microsoft-Windows-SMBServer", "Computer": "DESKTOP-OFJ6N53", "TimeCreated": "2025-02-12 23:12:25.071087+00:00", "RecordID": "19120", "Level": "2", "UserID": "S-1-5-18"}
{"EventID": "1009", "Channel": "Microsoft-Windows-SMBServer/Security", "Provider_Name": "Microsoft-Windows-SMBServer", "Computer": "DESKTOP-OFJ6N53", "TimeCreated": "2025-02-12 23:12:37.097401+00:00", "RecordID": "19121", "Level": "2", "UserID": "S-1-5-18"}
{"EventID": "551", "Channel": "Microsoft-Windows-SMBServer/Security", "Provider_Name": "Microsoft-Windows-SMBServer", "Computer": "DESKTOP-OFJ6N53", "TimeCreated": "2025-02-12 23:12:37.097404+00:00", "RecordID": "19122", "Level": "2", "UserID": "S-1-5-18"}
{"EventID": "1009", "Channel": "Microsoft-Windows-SMBServer/Security", "Provider_Name": "Microsoft-Windows-SMBServer", "Computer": "DESKTOP-OFJ6N53", "TimeCreated": "2025-02-13 06:12:25.911640+00:00", "RecordID": "19123", "Level": "2", "UserID": "S-1-5-18"}
{"EventID": "551", "Channel": "Microsoft-Windows-SMBServer/Security", "Provider_Name": "Microsoft-Windows-SMBServer", "Computer": "DESKTOP-OFJ6N53", "TimeCreated": "2025-02-13 06:12:25.911650+00:00", "RecordID": "19124", "Level": "2", "UserID": "S-1-5-18"}
{"EventID": "1009", "Channel": "Microsoft-Windows-SMBServer/Security", "Provider_Name": "Microsoft-Windows-SMBServer", "Computer": "DESKTOP-OFJ6N53", "TimeCreated": "2025-02-13 06:12:37.968216+00:00", "RecordID": "19125", "Level": "2", "UserID": "S-1-5-18"}
{"EventID": "551", "Channel": "Microsoft-Windows-SMBServer/Security", "Provider_Name": "Microsoft-Windows-SMBServer", "Computer": "DESKTOP-OFJ6N53", "TimeCreated": "2025-02-13 06:12:37.968220+00:00", "RecordID": "19126", "Level": "2", "UserID": "S-1-5-18"}
{"EventID": "1009", "Channel": "Microsoft-Windows-SMBServer/Security", "Provider_Name": "Microsoft-Windows-SMBServer", "Computer": "DESKTOP-OFJ6N53", "TimeCreated": "2025-02-13 13:12:27.891251+00:00", "RecordID": "19127", "Level": "2", "UserID": "S-1-5-18"}
{"EventID": "551", "Channel": "Microsoft-Windows-SMBServer/Security", "Provider_Name": "Microsoft-Windows-SMBServer", "Computer": "DESKTOP-OFJ6N53", "TimeCreated": "2025-02-13 13:12:27.891256+00:00", "RecordID": "19128", "Level": "2", "UserID": "S-1-5-18"}
{"EventID": "1009", "Channel": "Microsoft-Windows-SMBServer/Security", "Provider_Name": "Microsoft-Windows-SMBServer", "Computer": "DESKTOP-OFJ6N53", "TimeCreated": "2025-02-13 13:12:39.923986+00:00", "RecordID": "19129", "Level": "2", "UserID": "S-1-5-18"}
{"EventID": "551", "Channel": "Microsoft-Windows-SMBServer/Security", "Provider_Name": "Microsoft-Windows-SMBServer", "Computer": "DESKTOP-OFJ6N53", "TimeCreated": "2025-02-13 13:12:39.923992+00:00", "RecordID": "19130", "Level": "2", "UserID": "S-1-5-18"}
{"EventID": "1009", "Channel": "Microsoft-Windows-SMBServer/Security", "Provider_Name": "Microsoft-Windows-SMBServer", "Computer": "DESKTOP-OFJ6N53", "TimeCreated": "2025-02-13 20:12:27.756771+00:00", "RecordID": "19131", "Level": "2", "UserID": "S-1-5-18"}
{"EventID": "551", "Channel": "Microsoft-Windows-SMBServer/Security", "Provider_Name": "Microsoft-Windows-SMBServer", "Computer": "DESKTOP-OFJ6N53", "TimeCreated": "2025-02-13 20:12:27.756773+00:00", "RecordID": "19132", "Level": "2", "UserID": "S-1-5-18"}
{"EventID": "1009", "Channel": "Microsoft-Windows-SMBServer/Security", "Provider_Name": "Microsoft-Windows-SMBServer", "Computer": "DESKTOP-OFJ6N53", "TimeCreated": "2025-02-13 20:12:39.801680+00:00", "RecordID": "19133", "Level": "2", "UserID": "S-1-5-18"}
{"EventID": "551", "Channel": "Microsoft-Windows-SMBServer/Security", "Provider_Name": "Microsoft-Windows-SMBServer", "Computer": "DESKTOP-OFJ6N53", "TimeCreated": "2025-02-13 20:12:39.801683+00:00", "RecordID": "19134", "Level": "2", "UserID": "S-1-5-18"}
{"EventID": "1009", "Channel": "Microsoft-Windows-SMBServer/Security", "Provider_Name": "Microsoft-Windows-SMBServer", "Computer": "DESKTOP-OFJ6N53", "TimeCreated": "2025-02-14 03:12:28.160084+00:00", "RecordID": "19135", "Level": "2", "UserID": "S-1-5-18"}
{"EventID": "551", "Channel": "Microsoft-Windows-SMBServer/Security", "Provider_Name": "Microsoft-Windows-SMBServer", "Computer": "DESKTOP-OFJ6N53", "TimeCreated": "2025-02-14 03:12:28.160088+00:00", "RecordID": "19136", "Level": "2", "UserID": "S-1-5-18"}
{"EventID": "1009", "Channel": "Microsoft-Windows-SMBServer/Security", "Provider_Name": "Microsoft-Windows-SMBServer", "Computer": "DESKTOP-OFJ6N53", "TimeCreated": "2025-02-14 03:12:40.290672+00:00", "RecordID": "19137", "Level": "2", "UserID": "S-1-5-18"}
{"EventID": "551", "Channel": "Microsoft-Windows-SMBServer/Security", "Provider_Name": "Microsoft-Windows-SMBServer", "Computer": "DESKTOP-OFJ6N53", "TimeCreated": "2025-02-14 03:12:40.290676+00:00", "RecordID": "19138", "Level": "2", "UserID": "S-1-5-18"}
{"EventID": "1009", "Channel": "Microsoft-Windows-SMBServer/Security", "Provider_Name": "Microsoft-Windows-SMBServer", "Computer": "DESKTOP-OFJ6N53", "TimeCreated": "2025-02-14 10:12:41.750286+00:00", "RecordID": "19139", "Level": "2", "UserID": "S-1-5-18"}
{"EventID": "551", "Channel": "Microsoft-Windows-SMBServer/Security", "Provider_Name": "Microsoft-Windows-SMBServer", "Computer": "DESKTOP-OFJ6N53", "TimeCreated": "2025-02-14 10:12:41.750290+00:00", "RecordID": "19140", "Level": "2", "UserID": "S-1-5-18"}
{"EventID": "1009", "Channel": "Microsoft-Windows-SMBServer/Security", "Provider_Name": "Microsoft-Windows-SMBServer", "Computer": "DESKTOP-OFJ6N53", "TimeCreated": "2025-02-14 17:12:29.097815+00:00", "RecordID": "19141", "Level": "2", "UserID": "S-1-5-18"}
{"EventID": "551", "Channel": "Microsoft-Windows-SMBServer/Security", "Provider_Name": "Microsoft-Windows-SMBServer", "Computer": "DESKTOP-OFJ6N53", "TimeCreated": "2025-02-14 17:12:29.097818+00:00", "RecordID": "19142", "Level": "2", "UserID": "S-1-5-18"}
{"EventID": "1009", "Channel": "Microsoft-Windows-SMBServer/Security", "Provider_Name": "Microsoft-Windows-SMBServer", "Computer": "DESKTOP-OFJ6N53", "TimeCreated": "2025-02-14 17:12:42.267544+00:00", "RecordID": "19143", "Level": "2", "UserID": "S-1-5-18"}
{"EventID": "551", "Channel": "Microsoft-Windows-SMBServer/Security", "Provider_Name": "Microsoft-Windows-SMBServer", "Computer": "DESKTOP-OFJ6N53", "TimeCreated": "2025-02-14 17:12:42.267550+00:00", "RecordID": "19144", "Level": "2", "UserID": "S-1-5-18"}
{"EventID": "1009", "Channel": "Microsoft-Windows-SMBServer/Security", "Provider_Name": "Microsoft-Windows-SMBServer", "Computer": "DESKTOP-OFJ6N53", "TimeCreated": "2025-02-15 00:12:29.490400+00:00", "RecordID": "19145", "Level": "2", "UserID": "S-1-5-18"}
{"EventID": "551", "Channel": "Microsoft-Windows-SMBServer/Security", "Provider_Name": "Microsoft-Windows-SMBServer", "Computer": "DESKTOP-OFJ6N53", "TimeCreated": "2025-02-15 00:12:29.490404+00:00", "RecordID": "19146", "Level": "2", "UserID": "S-1-5-18"}
{"EventID": "1009", "Channel": "Microsoft-Windows-SMBServer/Security", "Provider_Name": "Microsoft-Windows-SMBServer", "Computer": "DESKTOP-OFJ6N53", "TimeCreated": "2025-02-15 00:12:42.465631+00:00", "RecordID": "19147", "Level": "2", "UserID": "S-1-5-18"}
{"EventID": "551", "Channel": "Microsoft-Windows-SMBServer/Security", "Provider_Name": "Microsoft-Windows-SMBServer", "Computer": "DESKTOP-OFJ6N53", "TimeCreated": "2025-02-15 00:12:42.465635+00:00", "RecordID": "19148", "Level": "2", "UserID": "S-1-5-18"}
{"EventID": "1009", "Channel": "Microsoft-Windows-SMBServer/Security", "Provider_Name": "Microsoft-Windows-SMBServer", "Computer": "DESKTOP-OFJ6N53", "TimeCreated": "2025-02-15 07:12:31.811331+00:00", "RecordID": "19149", "Level": "2", "UserID": "S-1-5-18"}
{"EventID": "551", "Channel": "Microsoft-Windows-SMBServer/Security", "Provider_Name": "Microsoft-Windows-SMBServer", "Computer": "DESKTOP-OFJ6N53", "TimeCreated": "2025-02-15 07:12:31.811335+00:00", "RecordID": "19150", "Level": "2", "UserID": "S-1-5-18"}
{"EventID": "1009", "Channel": "Microsoft-Windows-SMBServer/Security", "Provider_Name": "Microsoft-Windows-SMBServer", "Computer": "DESKTOP-OFJ6N53", "TimeCreated": "2025-02-15 07:12:44.796350+00:00", "RecordID": "19151", "Level": "2", "UserID": "S-1-5-18"}
{"EventID": "551", "Channel": "Microsoft-Windows-SMBServer/Security", "Provider_Name": "Microsoft-Windows-SMBServer", "Computer": "DESKTOP-OFJ6N53", "TimeCreated": "2025-02-15 07:12:44.796354+00:00", "RecordID": "19152", "Level": "2", "UserID": "S-1-5-18"}
{"EventID": "551", "Channel": "Microsoft-Windows-SMBServer/Security", "Provider_Name": "Microsoft-Windows-SMBServer", "Computer": "DESKTOP-OFJ6N53", "TimeCreated": "2025-02-15 10:42:01.705500+00:00", "RecordID": "19153", "Level": "2", "UserID": "S-1-5-18"}
{"EventID": "551", "Channel": "Microsoft-Windows-SMBServer/Security", "Provider_Name": "Microsoft-Windows-SMBServer", "Computer": "DESKTOP-OFJ6N53", "TimeCreated": "2025-02-15 10:42:14.695246+00:00", "RecordID": "19154", "Level": "2", "UserID": "S-1-5-18"}
{"EventID": "551", "Channel": "Microsoft-Windows-SMBServer/Security", "Provider_Name": "Microsoft-Windows-SMBServer", "Computer": "DESKTOP-OFJ6N53", "TimeCreated": "2025-02-15 11:33:44.421331+00:00", "RecordID": "19155", "Level": "2", "UserID": "S-1-5-18"}
{"EventID": "551", "Channel": "Microsoft-Windows-SMBServer/Security", "Provider_Name": "Microsoft-Windows-SMBServer", "Computer": "DESKTOP-OFJ6N53", "TimeCreated": "2025-02-15 11:33:56.687660+00:00", "RecordID": "19156", "Level": "2", "UserID": "S-1-5-18"}
{"EventID": "1009", "Channel": "Microsoft-Windows-SMBServer/Security", "Provider_Name": "Microsoft-Windows-SMBServer", "Computer": "DESKTOP-OFJ6N53", "TimeCreated": "2025-02-15 14:12:33.320074+00:00", "RecordID": "19157", "Level": "2", "UserID": "S-1-5-18"}
{"EventID": "551", "Channel": "Microsoft-Windows-SMBServer/Security", "Provider_Name": "Microsoft-Windows-SMBServer", "Computer": "DESKTOP-OFJ6N53", "TimeCreated": "2025-02-15 14:12:33.320082+00:00", "RecordID": "19158", "Level": "2", "UserID": "S-1-5-18"}
{"EventID": "1009", "Channel": "Microsoft-Windows-SMBServer/Security", "Provider_Name": "Microsoft-Windows-SMBServer", "Computer": "DESKTOP-OFJ6N53", "TimeCreated": "2025-02-15 14:12:45.451046+00:00", "RecordID": "19159", "Level": "2", "UserID": "S-1-5-18"}
{"EventID": "551", "Channel": "Microsoft-Windows-SMBServer/Security", "Provider_Name": "Microsoft-Windows-SMBServer", "Computer": "DESKTOP-OFJ6N53", "TimeCreated": "2025-02-15 14:12:45.451050+00:00", "RecordID": "19160", "Level": "2", "UserID": "S-1-5-18"}
{"EventID": "551", "Channel": "Microsoft-Windows-SMBServer/Security", "Provider_Name": "Microsoft-Windows-SMBServer", "Computer": "DESKTOP-OFJ6N53", "TimeCreated": "2025-02-15 18:33:57.102108+00:00", "RecordID": "19161", "Level": "2", "UserID": "S-1-5-18"}
{"EventID": "1009", "Channel": "Microsoft-Windows-SMBServer/Security", "Provider_Name": "Microsoft-Windows-SMBServer", "Computer": "DESKTOP-OFJ6N53", "TimeCreated": "2025-02-15 21:12:33.754436+00:00", "RecordID": "19162", "Level": "2", "UserID": "S-1-5-18"}
{"EventID": "551", "Channel": "Microsoft-Windows-SMBServer/Security", "Provider_Name": "Microsoft-Windows-SMBServer", "Computer": "DESKTOP-OFJ6N53", "TimeCreated": "2025-02-15 21:12:33.754440+00:00", "RecordID": "19163", "Level": "2", "UserID": "S-1-5-18"}
{"EventID": "1009", "Channel": "Microsoft-Windows-SMBServer/Security", "Provider_Name": "Microsoft-Windows-SMBServer", "Computer": "DESKTOP-OFJ6N53", "TimeCreated": "2025-02-15 21:12:45.850822+00:00", "RecordID": "19164", "Level": "2", "UserID": "S-1-5-18"}
{"EventID": "551", "Channel": "Microsoft-Windows-SMBServer/Security", "Provider_Name": "Microsoft-Windows-SMBServer", "Computer": "DESKTOP-OFJ6N53", "TimeCreated": "2025-02-15 21:12:45.850822+00:00", "RecordID": "19165", "Level": "2", "UserID": "S-1-5-18"}
{"EventID": "551", "Channel": "Microsoft-Windows-SMBServer/Security", "Provider_Name": "Microsoft-Windows-SMBServer", "Computer": "DESKTOP-OFJ6N53", "TimeCreated": "2025-02-16 01:33:58.087181+00:00", "RecordID": "19166", "Level": "2", "UserID": "S-1-5-18"}
{"EventID": "1009", "Channel": "Microsoft-Windows-SMBServer/Security", "Provider_Name": "Microsoft-Windows-SMBServer", "Computer": "DESKTOP-OFJ6N53", "TimeCreated": "2025-02-16 04:12:34.273474+00:00", "RecordID": "19167", "Level": "2", "UserID": "S-1-5-18"}
{"EventID": "551", "Channel": "Microsoft-Windows-SMBServer/Security", "Provider_Name": "Microsoft-Windows-SMBServer", "Computer": "DESKTOP-OFJ6N53", "TimeCreated": "2025-02-16 04:12:34.273478+00:00", "RecordID": "19168", "Level": "2", "UserID": "S-1-5-18"}
{"EventID": "1009", "Channel": "Microsoft-Windows-SMBServer/Security", "Provider_Name": "Microsoft-Windows-SMBServer", "Computer": "DESKTOP-OFJ6N53", "TimeCreated": "2025-02-16 04:12:46.408852+00:00", "RecordID": "19169", "Level": "2", "UserID": "S-1-5-18"}
{"EventID": "551", "Channel": "Microsoft-Windows-SMBServer/Security", "Provider_Name": "Microsoft-Windows-SMBServer", "Computer": "DESKTOP-OFJ6N53", "TimeCreated": "2025-02-16 04:12:46.408857+00:00", "RecordID": "19170", "Level": "2", "UserID": "S-1-5-18"}
{"EventID": "551", "Channel": "Microsoft-Windows-SMBServer/Security", "Provider_Name": "Microsoft-Windows-SMBServer", "Computer": "DESKTOP-OFJ6N53", "TimeCreated": "2025-02-16 08:33:57.821829+00:00", "RecordID": "19171", "Level": "2", "UserID": "S-1-5-18"}
{"EventID": "1009", "Channel": "Microsoft-Windows-SMBServer/Security", "Provider_Name": "Microsoft-Windows-SMBServer", "Computer": "DESKTOP-OFJ6N53", "TimeCreated": "2025-02-16 11:12:36.430735+00:00", "RecordID": "19172", "Level": "2", "UserID": "S-1-5-18"}
{"EventID": "551", "Channel": "Microsoft-Windows-SMBServer/Security", "Provider_Name": "Microsoft-Windows-SMBServer", "Computer": "DESKTOP-OFJ6N53", "TimeCreated": "2025-02-16 11:12:36.430738+00:00", "RecordID": "19173", "Level": "2", "UserID": "S-1-5-18"}
{"EventID": "1009", "Channel": "Microsoft-Windows-SMBServer/Security", "Provider_Name": "Microsoft-Windows-SMBServer", "Computer": "DESKTOP-OFJ6N53", "TimeCreated": "2025-02-16 11:12:48.460423+00:00", "RecordID": "19174", "Level": "2", "UserID": "S-1-5-18"}
{"EventID": "551", "Channel": "Microsoft-Windows-SMBServer/Security", "Provider_Name": "Microsoft-Windows-SMBServer", "Computer": "DESKTOP-OFJ6N53", "TimeCreated": "2025-02-16 11:12:48.460426+00:00", "RecordID": "19175", "Level": "2", "UserID": "S-1-5-18"}
{"EventID": "551", "Channel": "Microsoft-Windows-SMBServer/Security", "Provider_Name": "Microsoft-Windows-SMBServer", "Computer": "DESKTOP-OFJ6N53", "TimeCreated": "2025-02-16 15:33:46.744707+00:00", "RecordID": "19176", "Level": "2", "UserID": "S-1-5-18"}
{"EventID": "551", "Channel": "Microsoft-Windows-SMBServer/Security", "Provider_Name": "Microsoft-Windows-SMBServer", "Computer": "DESKTOP-OFJ6N53", "TimeCreated": "2025-02-16 15:33:58.879690+00:00", "RecordID": "19177", "Level": "2", "UserID": "S-1-5-18"}
{"EventID": "1009", "Channel": "Microsoft-Windows-SMBServer/Security", "Provider_Name": "Microsoft-Windows-SMBServer", "Computer": "DESKTOP-OFJ6N53", "TimeCreated": "2025-02-16 18:12:37.016647+00:00", "RecordID": "19178", "Level": "2", "UserID": "S-1-5-18"}
{"EventID": "551", "Channel": "Microsoft-Windows-SMBServer/Security", "Provider_Name": "Microsoft-Windows-SMBServer", "Computer": "DESKTOP-OFJ6N53", "TimeCreated": "2025-02-16 18:12:37.016655+00:00", "RecordID": "19179", "Level": "2", "UserID": "S-1-5-18"}
{"EventID": "1009", "Channel": "Microsoft-Windows-SMBServer/Security", "Provider_Name": "Microsoft-Windows-SMBServer", "Computer": "DESKTOP-OFJ6N53", "TimeCreated": "2025-02-16 18:12:49.064268+00:00", "RecordID": "19180", "Level": "2", "UserID": "S-1-5-18"}
{"EventID": "551", "Channel": "Microsoft-Windows-SMBServer/Security", "Provider_Name": "Microsoft-Windows-SMBServer", "Computer": "DESKTOP-OFJ6N53", "TimeCreated": "2025-02-16 18:12:49.064270+00:00", "RecordID": "19181", "Level": "2", "UserID": "S-1-5-18"}
{"EventID": "551", "Channel": "Microsoft-Windows-SMBServer/Security", "Provider_Name": "Microsoft-Windows-SMBServer", "Computer": "DESKTOP-OFJ6N53", "TimeCreated": "2025-02-16 22:34:00.203463+00:00", "RecordID": "19182", "Level": "2", "UserID": "S-1-5-18"}
{"EventID": "1009", "Channel": "Microsoft-Windows-SMBServer/Security", "Provider_Name": "Microsoft-Windows-SMBServer", "Computer": "DESKTOP-OFJ6N53", "TimeCreated": "2025-02-17 01:12:50.680923+00:00", "RecordID": "19183", "Level": "2", "UserID": "S-1-5-18"}
{"EventID": "551", "Channel": "Microsoft-Windows-SMBServer/Security", "Provider_Name": "Microsoft-Windows-SMBServer", "Computer": "DESKTOP-OFJ6N53", "TimeCreated": "2025-02-17 01:12:50.680927+00:00", "RecordID": "19184", "Level": "2", "UserID": "S-1-5-18"}
{"EventID": "551", "Channel": "Microsoft-Windows-SMBServer/Security", "Provider_Name": "Microsoft-Windows-SMBServer", "Computer": "DESKTOP-OFJ6N53", "TimeCreated": "2025-02-17 05:33:48.056995+00:00", "RecordID": "19185", "Level": "2", "UserID": "S-1-5-18"}
{"EventID": "551", "Channel": "Microsoft-Windows-SMBServer/Security", "Provider_Name": "Microsoft-Windows-SMBServer", "Computer": "DESKTOP-OFJ6N53", "TimeCreated": "2025-02-17 05:34:00.117445+00:00", "RecordID": "19186", "Level": "2", "UserID": "S-1-5-18"}
{"EventID": "1009", "Channel": "Microsoft-Windows-SMBServer/Security", "Provider_Name": "Microsoft-Windows-SMBServer", "Computer": "DESKTOP-OFJ6N53", "TimeCreated": "2025-02-17 08:12:49.390339+00:00", "RecordID": "19187", "Level": "2", "UserID": "S-1-5-18"}
{"EventID": "551", "Channel": "Microsoft-Windows-SMBServer/Security", "Provider_Name": "Microsoft-Windows-SMBServer", "Computer": "DESKTOP-OFJ6N53", "TimeCreated": "2025-02-17 08:12:49.390343+00:00", "RecordID": "19188", "Level": "2", "UserID": "S-1-5-18"}
{"EventID": "551", "Channel": "Microsoft-Windows-SMBServer/Security", "Provider_Name": "Microsoft-Windows-SMBServer", "Computer": "DESKTOP-OFJ6N53", "TimeCreated": "2025-02-17 12:33:49.817411+00:00", "RecordID": "19189", "Level": "2", "UserID": "S-1-5-18"}
{"EventID": "551", "Channel": "Microsoft-Windows-SMBServer/Security", "Provider_Name": "Microsoft-Windows-SMBServer", "Computer": "DESKTOP-OFJ6N53", "TimeCreated": "2025-02-17 12:34:02.819286+00:00", "RecordID": "19190", "Level": "2", "UserID": "S-1-5-18"}
{"EventID": "1009", "Channel": "Microsoft-Windows-SMBServer/Security", "Provider_Name": "Microsoft-Windows-SMBServer", "Computer": "DESKTOP-OFJ6N53", "TimeCreated": "2025-02-17 15:12:38.417521+00:00", "RecordID": "19191", "Level": "2", "UserID": "S-1-5-18"}
{"EventID": "551", "Channel": "Microsoft-Windows-SMBServer/Security", "Provider_Name": "Microsoft-Windows-SMBServer", "Computer": "DESKTOP-OFJ6N53", "TimeCreated": "2025-02-17 15:12:38.417526+00:00", "RecordID": "19192", "Level": "2", "UserID": "S-1-5-18"}
{"EventID": "1009", "Channel": "Microsoft-Windows-SMBServer/Security", "Provider_Name": "Microsoft-Windows-SMBServer", "Computer": "DESKTOP-OFJ6N53", "TimeCreated": "2025-02-17 15:12:50.474560+00:00", "RecordID": "19193", "Level": "2", "UserID": "S-1-5-18"}
{"EventID": "551", "Channel": "Microsoft-Windows-SMBServer/Security", "Provider_Name": "Microsoft-Windows-SMBServer", "Computer": "DESKTOP-OFJ6N53", "TimeCreated": "2025-02-17 15:12:50.474564+00:00", "RecordID": "19194", "Level": "2", "UserID": "S-1-5-18"}
{"EventID": "551", "Channel": "Microsoft-Windows-SMBServer/Security", "Provider_Name": "Microsoft-Windows-SMBServer", "Computer": "DESKTOP-OFJ6N53", "TimeCreated": "2025-02-17 19:34:03.773109+00:00", "RecordID": "19195", "Level": "2", "UserID": "S-1-5-18"}
{"EventID": "1009", "Channel": "Microsoft-Windows-SMBServer/Security", "Provider_Name": "Microsoft-Windows-SMBServer", "Computer": "DESKTOP-OFJ6N53", "TimeCreated": "2025-02-17 22:12:52.894325+00:00", "RecordID": "19196", "Level": "2", "UserID": "S-1-5-18"}
{"EventID": "551", "Channel": "Microsoft-Windows-SMBServer/Security", "Provider_Name": "Microsoft-Windows-SMBServer", "Computer": "DESKTOP-OFJ6N53", "TimeCreated": "2025-02-17 22:12:52.894331+00:00", "RecordID": "19197", "Level": "2", "UserID": "S-1-5-18"}
{"EventID": "551", "Channel": "Microsoft-Windows-SMBServer/Security", "Provider_Name": "Microsoft-Windows-SMBServer", "Computer": "DESKTOP-OFJ6N53", "TimeCreated": "2025-02-18 02:33:50.464790+00:00", "RecordID": "19198", "Level": "2", "UserID": "S-1-5-18"}
{"EventID": "551", "Channel": "Microsoft-Windows-SMBServer/Security", "Provider_Name": "Microsoft-Windows-SMBServer", "Computer": "DESKTOP-OFJ6N53", "TimeCreated": "2025-02-18 02:34:03.459299+00:00", "RecordID": "19199", "Level": "2", "UserID": "S-1-5-18"}
{"EventID": "1009", "Channel": "Microsoft-Windows-SMBServer/Security", "Provider_Name": "Microsoft-Windows-SMBServer", "Computer": "DESKTOP-OFJ6N53", "TimeCreated": "2025-02-18 05:12:40.874743+00:00", "RecordID": "19200", "Level": "2", "UserID": "S-1-5-18"}
