{"EventID": "505", "Channel": "Microsoft-Windows-Application-Experience/Program-Telemetry", "Provider_Name": "Microsoft-Windows-Application-Experience", "Computer": "DESKTOP-OFJ6N53", "TimeCreated": "2025-07-31 08:17:33.870531+00:00", "RecordID": "16823", "Level": "4", "UserID": "S-1-5-21-963789628-1060504924-4285088085-1001"}
{"EventID": "500", "Channel": "Microsoft-Windows-Application-Experience/Program-Telemetry", "Provider_Name": "Microsoft-Windows-Application-Experience", "Computer": "DESKTOP-OFJ6N53", "TimeCreated": "2025-07-31 08:18:44.327679+00:00", "RecordID": "16824", "Level": "4", "UserID": "S-1-5-21-963789628-1060504924-4285088085-1001"}
{"EventID": "505", "Channel": "Microsoft-Windows-Application-Experience/Program-Telemetry", "Provider_Name": "Microsoft-Windows-Application-Experience", "Computer": "DESKTOP-OFJ6N53", "TimeCreated": "2025-07-31 09:01:17.563469+00:00", "RecordID": "16825", "Level": "4", "UserID": "S-1-5-21-963789628-1060504924-4285088085-1001"}
{"EventID": "505", "Channel": "Microsoft-Windows-Application-Experience/Program-Telemetry", "Provider_Name": "Microsoft-Windows-Application-Experience", "Computer": "DESKTOP-OFJ6N53", "TimeCreated": "2025-07-31 11:17:09.816101+00:00", "RecordID": "16826", "Level": "4", "UserID": "S-1-5-21-963789628-1060504924-4285088085-1001"}
{"EventID": "505", "Channel": "Microsoft-Windows-Application-Experience/Program-Telemetry", "Provider_Name": "Microsoft-Windows-Application-Experience", "Computer": "DESKTOP-OFJ6N53", "TimeCreated": "2025-07-31 11:17:09.965006+00:00", "RecordID": "16827", "Level": "4", "UserID": "S-1-5-21-963789628-1060504924-4285088085-1001"}
{"EventID": "505", "Channel": "Microsoft-Windows-Application-Experience/Program-Telemetry", "Provider_Name": "Microsoft-Windows-Application-Experience", "Computer": "DESKTOP-OFJ6N53", "TimeCreated": "2025-07-31 11:17:10.242411+00:00", "RecordID": "16828", "Level": "4", "UserID": "S-1-5-21-963789628-1060504924-4285088085-1001"}
{"EventID": "505", "Channel": "Microsoft-Windows-Application-Experience/Program-Telemetry", "Provider_Name": "Microsoft-Windows-Application-Experience", "Computer": "DESKTOP-OFJ6N53", "TimeCreated": "2025-07-31 11:17:10.273802+00:00", "RecordID": "16829", "Level": "4", "UserID": "S-1-5-21-963789628-1060504924-4285088085-1001"}
{"EventID": "505", "Channel": "Microsoft-Windows-Application-Experience/Program-Telemetry", "Provider_Name": "Microsoft-Windows-Application-Experience", "Computer": "DESKTOP-OFJ6N53", "TimeCreated": "2025-07-31 11:17:14.633512+00:00", "RecordID": "16830", "Level": "4", "UserID": "S-1-5-21-963789628-1060504924-4285088085-1001"}
{"EventID": "505", "Channel": "Microsoft-Windows-Application-Experience/Program-Telemetry", "Provider_Name": "Microsoft-Windows-Application-Experience", "Computer": "DESKTOP-OFJ6N53", "TimeCreated": "2025-07-31 11:17:40.273949+00:00", "RecordID": "16831", "Level": "4", "UserID": "S-1-5-21-963789628-1060504924-4285088085-1001"}
{"EventID": "505", "Channel": "Microsoft-Windows-Application-Experience/Program-Telemetry", "Provider_Name": "Microsoft-Windows-Application-Experience", "Computer": "DESKTOP-OFJ6N53", "TimeCreated": "2025-07-31 11:17:40.282122+00:00", "RecordID": "16832", "Level": "4", "UserID": "S-1-5-21-963789628-1060504924-4285088085-1001"}
{"EventID": "505", "Channel": "Microsoft-Windows-Application-Experience/Program-Telemetry", "Provider_Name": "Microsoft-Windows-Application-Experience", "Computer": "DESKTOP-OFJ6N53", "TimeCreated": "2025-07-31 11:17:40.287453+00:00", "RecordID": "16833", "Level": "4", "UserID": "S-1-5-21-963789628-1060504924-4285088085-1001"}
{"EventID": "505", "Channel": "Microsoft-Windows-Application-Experience/Program-Telemetry", "Provider_Name": "Microsoft-Windows-Application-Experience", "Computer": "DESKTOP-OFJ6N53", "TimeCreated": "2025-07-31 11:18:24.514425+00:00", "RecordID": "16834", "Level": "4", "UserID": "S-1-5-21-963789628-1060504924-4285088085-1001"}
{"EventID": "505", "Channel": "Microsoft-Windows-Application-Experience/Program-Telemetry", "Provider_Name": "Microsoft-Windows-Application-Experience", "Computer": "DESKTOP-OFJ6N53", "TimeCreated": "2025-07-31 11:18:24.517597+00:00", "RecordID": "16835", "Level": "4", "UserID": "S-1-5-21-963789628-1060504924-4285088085-1001"}
{"EventID": "505", "Channel": "Microsoft-Windows-Application-Experience/Program-Telemetry", "Provider_Name": "Microsoft-Windows-Application-Experience", "Computer": "DESKTOP-OFJ6N53", "TimeCreated": "2025-07-31 11:19:10.277788+00:00", "RecordID": "16836", "Level": "4", "UserID": "S-1-5-21-963789628-1060504924-4285088085-1001"}
{"EventID": "505", "Channel": "Microsoft-Windows-Application-Experience/Program-Telemetry", "Provider_Name": "Microsoft-Windows-Application-Experience", "Computer": "DESKTOP-OFJ6N53", "TimeCreated": "2025-07-31 11:20:07.182539+00:00", "RecordID": "16837", "Level": "4", "UserID": "S-1-5-21-963789628-1060504924-4285088085-1001"}
{"EventID": "505", "Channel": "Microsoft-Windows-Application-Experience/Program-Telemetry", "Provider_Name": "Microsoft-Windows-Application-Experience", "Computer": "DESKTOP-OFJ6N53", "TimeCreated": "2025-07-31 11:20:07.327749+00:00", "RecordID": "16838", "Level": "4", "UserID": "S-1-5-21-963789628-1060504924-4285088085-1001"}
{"EventID": "505", "Channel": "Microsoft-Windows-Application-Experience/Program-Telemetry", "Provider_Name": "Microsoft-Windows-Application-Experience", "Computer": "DESKTOP-OFJ6N53", "TimeCreated": "2025-07-31 11:20:07.568384+00:00", "RecordID": "16839", "Level": "4", "UserID": "S-1-5-21-963789628-1060504924-4285088085-1001"}
{"EventID": "505", "Channel": "Microsoft-Windows-Application-Experience/Program-Telemetry", "Provider_Name": "Microsoft-Windows-Application-Experience", "Computer": "DESKTOP-OFJ6N53", "TimeCreated": "2025-07-31 11:20:07.617428+00:00", "RecordID": "16840", "Level": "4", "UserID": "S-1-5-21-963789628-1060504924-4285088085-1001"}
{"EventID": "505", "Channel": "Microsoft-Windows-Application-Experience/Program-Telemetry", "Provider_Name": "Microsoft-Windows-Application-Experience", "Computer": "DESKTOP-OFJ6N53", "TimeCreated": "2025-07-31 11:20:10.917070+00:00", "RecordID": "16841", "Level": "4", "UserID": "S-1-5-21-963789628-1060504924-4285088085-1001"}
{"EventID": "505", "Channel": "Microsoft-Windows-Application-Experience/Program-Telemetry", "Provider_Name": "Microsoft-Windows-Application-Experience", "Computer": "DESKTOP-OFJ6N53", "TimeCreated": "2025-07-31 11:20:37.624598+00:00", "RecordID": "16842", "Level": "4", "UserID": "S-1-5-21-963789628-1060504924-4285088085-1001"}
{"EventID": "505", "Channel": "Microsoft-Windows-Application-Experience/Program-Telemetry", "Provider_Name": "Microsoft-Windows-Application-Experience", "Computer": "DESKTOP-OFJ6N53", "TimeCreated": "2025-07-31 11:20:37.628483+00:00", "RecordID": "16843", "Level": "4", "UserID": "S-1-5-21-963789628-1060504924-4285088085-1001"}
{"EventID": "505", "Channel": "Microsoft-Windows-Application-Experience/Program-Telemetry", "Provider_Name": "Microsoft-Windows-Application-Experience", "Computer": "DESKTOP-OFJ6N53", "TimeCreated": "2025-07-31 11:20:37.636499+00:00", "RecordID": "16844", "Level": "4", "UserID": "S-1-5-21-963789628-1060504924-4285088085-1001"}
{"EventID": "505", "Channel": "Microsoft-Windows-Application-Experience/Program-Telemetry", "Provider_Name": "Microsoft-Windows-Application-Experience", "Computer": "DESKTOP-OFJ6N53", "TimeCreated": "2025-07-31 11:21:43.616776+00:00", "RecordID": "16845", "Level": "4", "UserID": "S-1-5-21-963789628-1060504924-4285088085-1001"}
{"EventID": "505", "Channel": "Microsoft-Windows-Application-Experience/Program-Telemetry", "Provider_Name": "Microsoft-Windows-Application-Experience", "Computer": "DESKTOP-OFJ6N53", "TimeCreated": "2025-07-31 11:21:43.776854+00:00", "RecordID": "16846", "Level": "4", "UserID": "S-1-5-21-963789628-1060504924-4285088085-1001"}
{"EventID": "505", "Channel": "Microsoft-Windows-Application-Experience/Program-Telemetry", "Provider_Name": "Microsoft-Windows-Application-Experience", "Computer": "DESKTOP-OFJ6N53", "TimeCreated": "2025-07-31 11:21:44.009668+00:00", "RecordID": "16847", "Level": "4", "UserID": "S-1-5-21-963789628-1060504924-4285088085-1001"}
{"EventID": "505", "Channel": "Microsoft-Windows-Application-Experience/Program-Telemetry", "Provider_Name": "Microsoft-Windows-Application-Experience", "Computer": "DESKTOP-OFJ6N53", "TimeCreated": "2025-07-31 11:21:44.056927+00:00", "RecordID": "16848", "Level": "4", "UserID": "S-1-5-21-963789628-1060504924-4285088085-1001"}
{"EventID": "505", "Channel": "Microsoft-Windows-Application-Experience/Program-Telemetry", "Provider_Name": "Microsoft-Windows-Application-Experience", "Computer": "DESKTOP-OFJ6N53", "TimeCreated": "2025-07-31 11:22:14.058758+00:00", "RecordID": "16849", "Level": "4", "UserID": "S-1-5-21-963789628-1060504924-4285088085-1001"}
{"EventID": "505", "Channel": "Microsoft-Windows-Application-Experience/Program-Telemetry", "Provider_Name": "Microsoft-Windows-Application-Experience", "Computer": "DESKTOP-OFJ6N53", "TimeCreated": "2025-07-31 11:22:14.063755+00:00", "RecordID": "16850", "Level": "4", "UserID": "S-1-5-21-963789628-1060504924-4285088085-1001"}
{"EventID": "505", "Channel": "Microsoft-Windows-Application-Experience/Program-Telemetry", "Provider_Name": "Microsoft-Windows-Application-Experience", "Computer": "DESKTOP-OFJ6N53", "TimeCreated": "2025-07-31 11:22:14.072710+00:00", "RecordID": "16851", "Level": "4", "UserID": "S-1-5-21-963789628-1060504924-4285088085-1001"}
{"EventID": "505", "Channel": "Microsoft-Windows-Application-Experience/Program-Telemetry", "Provider_Name": "Microsoft-Windows-Application-Experience", "Computer": "DESKTOP-OFJ6N53", "TimeCreated": "2025-07-31 11:22:48.020109+00:00", "RecordID": "16852", "Level": "4", "UserID": "S-1-5-21-963789628-1060504924-4285088085-1001"}
{"EventID": "505", "Channel": "Microsoft-Windows-Application-Experience/Program-Telemetry", "Provider_Name": "Microsoft-Windows-Application-Experience", "Computer": "DESKTOP-OFJ6N53", "TimeCreated": "2025-07-31 11:23:44.059376+00:00", "RecordID": "16853", "Level": "4", "UserID": "S-1-5-21-963789628-1060504924-4285088085-1001"}
{"EventID": "505", "Channel": "Microsoft-Windows-Application-Experience/Program-Telemetry", "Provider_Name": "Microsoft-Windows-Application-Experience", "Computer": "DESKTOP-OFJ6N53", "TimeCreated": "2025-07-31 11:24:44.097605+00:00", "RecordID": "16854", "Level": "4", "UserID": "S-1-5-21-963789628-1060504924-4285088085-1001"}
{"EventID": "505", "Channel": "Microsoft-Windows-Application-Experience/Program-Telemetry", "Provider_Name": "Microsoft-Windows-Application-Experience", "Computer": "DESKTOP-OFJ6N53", "TimeCreated": "2025-07-31 20:12:33.741571+00:00", "RecordID": "16855", "Level": "4", "UserID": "S-1-5-21-963789628-1060504924-4285088085-1001"}
{"EventID": "505", "Channel": "Microsoft-Windows-Application-Experience/Program-Telemetry", "Provider_Name": "Microsoft-Windows-Application-Experience", "Computer": "DESKTOP-OFJ6N53", "TimeCreated": "2025-07-31 20:12:34.284254+00:00", "RecordID": "16856", "Level": "4", "UserID": "S-1-5-21-963789628-1060504924-4285088085-1001"}
{"EventID": "500", "Channel": "Microsoft-Windows-Application-Experience/Program-Telemetry", "Provider_Name": "Microsoft-Windows-Application-Experience", "Computer": "DESKTOP-OFJ6N53", "TimeCreated": "2025-08-01 01:23:10.712399+00:00", "RecordID": "16857", "Level": "4", "UserID": "S-1-5-18"}
{"EventID": "505", "Channel": "Microsoft-Windows-Application-Experience/Program-Telemetry", "Provider_Name": "Microsoft-Windows-Application-Experience", "Computer": "DESKTOP-OFJ6N53", "TimeCreated": "2025-08-01 01:23:11.151348+00:00", "RecordID": "16858", "Level": "4", "UserID": "S-1-5-18"}
{"EventID": "505", "Channel": "Microsoft-Windows-Application-Experience/Program-Telemetry", "Provider_Name": "Microsoft-Windows-Application-Experience", "Computer": "DESKTOP-OFJ6N53", "TimeCreated": "2025-08-01 01:23:15.135378+00:00", "RecordID": "16859", "Level": "4", "UserID": "S-1-5-18"}
{"EventID": "505", "Channel": "Microsoft-Windows-Application-Experience/Program-Telemetry", "Provider_Name": "Microsoft-Windows-Application-Experience", "Computer": "DESKTOP-OFJ6N53", "TimeCreated": "2025-08-01 01:23:15.458532+00:00", "RecordID": "16860", "Level": "4", "UserID": "S-1-5-18"}
{"EventID": "505", "Channel": "Microsoft-Windows-Application-Experience/Program-Telemetry", "Provider_Name": "Microsoft-Windows-Application-Experience", "Computer": "DESKTOP-OFJ6N53", "TimeCreated": "2025-08-01 08:12:34.131016+00:00", "RecordID": "16861", "Level": "4", "UserID": "S-1-5-21-963789628-1060504924-4285088085-1001"}
{"EventID": "505", "Channel": "Microsoft-Windows-Application-Experience/Program-Telemetry", "Provider_Name": "Microsoft-Windows-Application-Experience", "Computer": "DESKTOP-OFJ6N53", "TimeCreated": "2025-08-01 08:12:34.677084+00:00", "RecordID": "16862", "Level": "4", "UserID": "S-1-5-21-963789628-1060504924-4285088085-1001"}
{"EventID": "505", "Channel": "Microsoft-Windows-Application-Experience/Program-Telemetry", "Provider_Name": "Microsoft-Windows-Application-Experience", "Computer": "DESKTOP-OFJ6N53", "TimeCreated": "2025-08-01 08:40:26.398905+00:00", "RecordID": "16863", "Level": "4", "UserID": "S-1-5-21-963789628-1060504924-4285088085-1001"}
{"EventID": "505", "Channel": "Microsoft-Windows-Application-Experience/Program-Telemetry", "Provider_Name": "Microsoft-Windows-Application-Experience", "Computer": "DESKTOP-OFJ6N53", "TimeCreated": "2025-08-01 08:40:26.588055+00:00", "RecordID": "16864", "Level": "4", "UserID": "S-1-5-21-963789628-1060504924-4285088085-1001"}
{"EventID": "505", "Channel": "Microsoft-Windows-Application-Experience/Program-Telemetry", "Provider_Name": "Microsoft-Windows-Application-Experience", "Computer": "DESKTOP-OFJ6N53", "TimeCreated": "2025-08-01 20:12:34.521145+00:00", "RecordID": "16865", "Level": "4", "UserID": "S-1-5-21-963789628-1060504924-4285088085-1001"}
{"EventID": "505", "Channel": "Microsoft-Windows-Application-Experience/Program-Telemetry", "Provider_Name": "Microsoft-Windows-Application-Experience", "Computer": "DESKTOP-OFJ6N53", "TimeCreated": "2025-08-01 20:12:36.492338+00:00", "RecordID": "16866", "Level": "4", "UserID": "S-1-5-21-963789628-1060504924-4285088085-1001"}
{"EventID": "505", "Channel": "Microsoft-Windows-Application-Experience/Program-Telemetry", "Provider_Name": "Microsoft-Windows-Application-Experience", "Computer": "DESKTOP-OFJ6N53", "TimeCreated": "2025-08-02 08:12:34.493900+00:00", "RecordID": "16867", "Level": "4", "UserID": "S-1-5-21-963789628-1060504924-4285088085-1001"}
{"EventID": "505", "Channel": "Microsoft-Windows-Application-Experience/Program-Telemetry", "Provider_Name": "Microsoft-Windows-Application-Experience", "Computer": "DESKTOP-OFJ6N53", "TimeCreated": "2025-08-02 08:12:35.083138+00:00", "RecordID": "16868", "Level": "4", "UserID": "S-1-5-21-963789628-1060504924-4285088085-1001"}
{"EventID": "505", "Channel": "Microsoft-Windows-Application-Experience/Program-Telemetry", "Provider_Name": "Microsoft-Windows-Application-Experience", "Computer": "DESKTOP-OFJ6N53", "TimeCreated": "2025-08-02 20:12:38.318335+00:00", "RecordID": "16869", "Level": "4", "UserID": "S-1-5-21-963789628-1060504924-4285088085-1001"}
{"EventID": "505", "Channel": "Microsoft-Windows-Application-Experience/Program-Telemetry", "Provider_Name": "Microsoft-Windows-Application-Experience", "Computer": "DESKTOP-OFJ6N53", "TimeCreated": "2025-08-02 20:12:38.978502+00:00", "RecordID": "16870", "Level": "4", "UserID": "S-1-5-21-963789628-1060504924-4285088085-1001"}
{"EventID": "505", "Channel": "Microsoft-Windows-Application-Experience/Program-Telemetry", "Provider_Name": "Microsoft-Windows-Application-Experience", "Computer": "DESKTOP-OFJ6N53", "TimeCreated": "2025-08-03 08:12:38.609045+00:00", "RecordID": "16871", "Level": "4", "UserID": "S-1-5-21-963789628-1060504924-4285088085-1001"}
{"EventID": "505", "Channel": "Microsoft-Windows-Application-Experience/Program-Telemetry", "Provider_Name": "Microsoft-Windows-Application-Experience", "Computer": "DESKTOP-OFJ6N53", "TimeCreated": "2025-08-03 08:12:39.217916+00:00", "RecordID": "16872", "Level": "4", "UserID": "S-1-5-21-963789628-1060504924-4285088085-1001"}
{"EventID": "505", "Channel": "Microsoft-Windows-Application-Experience/Program-Telemetry", "Provider_Name": "Microsoft-Windows-Application-Experience", "Computer": "DESKTOP-OFJ6N53", "TimeCreated": "2025-08-03 20:12:40.191980+00:00", "RecordID": "16873", "Level": "4", "UserID": "S-1-5-21-963789628-1060504924-4285088085-1001"}
{"EventID": "505", "Channel": "Microsoft-Windows-Application-Experience/Program-Telemetry", "Provider_Name": "Microsoft-Windows-Application-Experience", "Computer": "DESKTOP-OFJ6N53", "TimeCreated": "2025-08-03 20:12:40.894489+00:00", "RecordID": "16874", "Level": "4", "UserID": "S-1-5-21-963789628-1060504924-4285088085-1001"}
{"EventID": "505", "Channel": "Microsoft-Windows-Application-Experience/Program-Telemetry", "Provider_Name": "Microsoft-Windows-Application-Experience", "Computer": "DESKTOP-OFJ6N53", "TimeCreated": "2025-08-04 08:12:40.415209+00:00", "RecordID": "16875", "Level": "4", "UserID": "S-1-5-21-963789628-1060504924-4285088085-1001"}
{"EventID": "505", "Channel": "Microsoft-Windows-Application-Experience/Program-Telemetry", "Provider_Name": "Microsoft-Windows-Application-Experience", "Computer": "DESKTOP-OFJ6N53", "TimeCreated": "2025-08-04 08:12:40.938457+00:00", "RecordID": "16876", "Level": "4", "UserID": "S-1-5-21-963789628-1060504924-4285088085-1001"}
{"EventID": "505", "Channel": "Microsoft-Windows-Application-Experience/Program-Telemetry", "Provider_Name": "Microsoft-Windows-Application-Experience", "Computer": "DESKTOP-OFJ6N53", "TimeCreated": "2025-08-04 12:04:17.798363+00:00", "RecordID": "16877", "Level": "4", "UserID": "S-1-5-21-963789628-1060504924-4285088085-1001"}
{"EventID": "505", "Channel": "Microsoft-Windows-Application-Experience/Program-Telemetry", "Provider_Name": "Microsoft-Windows-Application-Experience", "Computer": "DESKTOP-OFJ6N53", "TimeCreated": "2025-08-04 12:04:19.947311+00:00", "RecordID": "16878", "Level": "4", "UserID": "S-1-5-21-963789628-1060504924-4285088085-1001"}
{"EventID": "505", "Channel": "Microsoft-Windows-Application-Experience/Program-Telemetry", "Provider_Name": "Microsoft-Windows-Application-Experience", "Computer": "DESKTOP-OFJ6N53", "TimeCreated": "2025-08-04 12:35:40.014740+00:00", "RecordID": "16879", "Level": "4", "UserID": "S-1-5-21-963789628-1060504924-4285088085-1001"}
{"EventID": "505", "Channel": "Microsoft-Windows-Application-Experience/Program-Telemetry", "Provider_Name": "Microsoft-Windows-Application-Experience", "Computer": "DESKTOP-OFJ6N53", "TimeCreated": "2025-08-04 12:35:40.312580+00:00", "RecordID": "16880", "Level": "4", "UserID": "S-1-5-21-963789628-1060504924-4285088085-1001"}
{"EventID": "500", "Channel": "Microsoft-Windows-Application-Experience/Program-Telemetry", "Provider_Name": "Microsoft-Windows-Application-Experience", "Computer": "DESKTOP-OFJ6N53", "TimeCreated": "2025-08-04 12:36:49.649494+00:00", "RecordID": "16881", "Level": "4", "UserID": "S-1-5-21-963789628-1060504924-4285088085-1001"}
{"EventID": "505", "Channel": "Microsoft-Windows-Application-Experience/Program-Telemetry", "Provider_Name": "Microsoft-Windows-Application-Experience", "Computer": "DESKTOP-OFJ6N53", "TimeCreated": "2025-08-04 12:49:27.111734+00:00", "RecordID": "16882", "Level": "4", "UserID": "S-1-5-21-963789628-1060504924-4285088085-1001"}
{"EventID": "505", "Channel": "Microsoft-Windows-Application-Experience/Program-Telemetry", "Provider_Name": "Microsoft-Windows-Application-Experience", "Computer": "DESKTOP-OFJ6N53", "TimeCreated": "2025-08-04 12:49:27.176897+00:00", "RecordID": "16883", "Level": "4", "UserID": "S-1-5-21-963789628-1060504924-4285088085-1001"}
{"EventID": "505", "Channel": "Microsoft-Windows-Application-Experience/Program-Telemetry", "Provider_Name": "Microsoft-Windows-Application-Experience", "Computer": "DESKTOP-OFJ6N53", "TimeCreated": "2025-08-04 13:02:15.367664+00:00", "RecordID": "16884", "Level": "4", "UserID": "S-1-5-21-963789628-1060504924-4285088085-1001"}
{"EventID": "505", "Channel": "Microsoft-Windows-Application-Experience/Program-Telemetry", "Provider_Name": "Microsoft-Windows-Application-Experience", "Computer": "DESKTOP-OFJ6N53", "TimeCreated": "2025-08-04 13:02:15.436756+00:00", "RecordID": "16885", "Level": "4", "UserID": "S-1-5-21-963789628-1060504924-4285088085-1001"}
{"EventID": "500", "Channel": "Microsoft-Windows-Application-Experience/Program-Telemetry", "Provider_Name": "Microsoft-Windows-Application-Experience", "Computer": "DESKTOP-OFJ6N53", "TimeCreated": "2025-08-04 14:12:50.976048+00:00", "RecordID": "16886", "Level": "4", "UserID": "S-1-5-18"}
{"EventID": "505", "Channel": "Microsoft-Windows-Application-Experience/Program-Telemetry", "Provider_Name": "Microsoft-Windows-Application-Experience", "Computer": "DESKTOP-OFJ6N53", "TimeCreated": "2025-08-04 14:12:51.386255+00:00", "RecordID": "16887", "Level": "4", "UserID": "S-1-5-18"}
{"EventID": "505", "Channel": "Microsoft-Windows-Application-Experience/Program-Telemetry", "Provider_Name": "Microsoft-Windows-Application-Experience", "Computer": "DESKTOP-OFJ6N53", "TimeCreated": "2025-08-04 14:12:51.460680+00:00", "RecordID": "16888", "Level": "4", "UserID": "S-1-5-18"}
{"EventID": "505", "Channel": "Microsoft-Windows-Application-Experience/Program-Telemetry", "Provider_Name": "Microsoft-Windows-Application-Experience", "Computer": "DESKTOP-OFJ6N53", "TimeCreated": "2025-08-04 14:12:51.707987+00:00", "RecordID": "16889", "Level": "4", "UserID": "S-1-5-18"}
{"EventID": "500", "Channel": "Microsoft-Windows-Application-Experience/Program-Telemetry", "Provider_Name": "Microsoft-Windows-Application-Experience", "Computer": "DESKTOP-OFJ6N53", "TimeCreated": "2025-08-04 15:18:19.517181+00:00", "RecordID": "16890", "Level": "4", "UserID": "S-1-5-21-963789628-1060504924-4285088085-1001"}
{"EventID": "500", "Channel": "Microsoft-Windows-Application-Experience/Program-Telemetry", "Provider_Name": "Microsoft-Windows-Application-Experience", "Computer": "DESKTOP-OFJ6N53", "TimeCreated": "2025-08-04 15:18:19.797989+00:00", "RecordID": "16891", "Level": "4", "UserID": "S-1-5-21-963789628-1060504924-4285088085-1001"}
{"EventID": "500", "Channel": "Microsoft-Windows-Application-Experience/Program-Telemetry", "Provider_Name": "Microsoft-Windows-Application-Experience", "Computer": "DESKTOP-OFJ6N53", "TimeCreated": "2025-08-04 15:18:24.848171+00:00", "RecordID": "16892", "Level": "4", "UserID": "S-1-5-21-963789628-1060504924-4285088085-1001"}
{"EventID": "500", "Channel": "Microsoft-Windows-Application-Experience/Program-Telemetry", "Provider_Name": "Microsoft-Windows-Application-Experience", "Computer": "DESKTOP-OFJ6N53", "TimeCreated": "2025-08-04 15:18:24.901731+00:00", "RecordID": "16893", "Level": "4", "UserID": "S-1-5-21-963789628-1060504924-4285088085-1001"}
{"EventID": "500", "Channel": "Microsoft-Windows-Application-Experience/Program-Telemetry", "Provider_Name": "Microsoft-Windows-Application-Experience", "Computer": "DESKTOP-OFJ6N53", "TimeCreated": "2025-08-04 15:18:28.625475+00:00", "RecordID": "16894", "Level": "4", "UserID": "S-1-5-21-963789628-1060504924-4285088085-1001"}
{"EventID": "500", "Channel": "Microsoft-Windows-Application-Experience/Program-Telemetry", "Provider_Name": "Microsoft-Windows-Application-Experience", "Computer": "DESKTOP-OFJ6N53", "TimeCreated": "2025-08-04 15:18:54.913488+00:00", "RecordID": "16895", "Level": "4", "UserID": "S-1-5-21-963789628-1060504924-4285088085-1001"}
{"EventID": "500", "Channel": "Microsoft-Windows-Application-Experience/Program-Telemetry", "Provider_Name": "Microsoft-Windows-Application-Experience", "Computer": "DESKTOP-OFJ6N53", "TimeCreated": "2025-08-04 15:18:54.918100+00:00", "RecordID": "16896", "Level": "4", "UserID": "S-1-5-21-963789628-1060504924-4285088085-1001"}
{"EventID": "500", "Channel": "Microsoft-Windows-Application-Experience/Program-Telemetry", "Provider_Name": "Microsoft-Windows-Application-Experience", "Computer": "DESKTOP-OFJ6N53", "TimeCreated": "2025-08-04 15:18:54.930529+00:00", "RecordID": "16897", "Level": "4", "UserID": "S-1-5-21-963789628-1060504924-4285088085-1001"}
{"EventID": "500", "Channel": "Microsoft-Windows-Application-Experience/Program-Telemetry", "Provider_Name": "Microsoft-Windows-Application-Experience", "Computer": "DESKTOP-OFJ6N53", "TimeCreated": "2025-08-04 15:20:24.906406+00:00", "RecordID": "16898", "Level": "4", "UserID": "S-1-5-21-963789628-1060504924-4285088085-1001"}
{"EventID": "500", "Channel": "Microsoft-Windows-Application-Experience/Program-Telemetry", "Provider_Name": "Microsoft-Windows-Application-Experience", "Computer": "DESKTOP-OFJ6N53", "TimeCreated": "2025-08-04 15:21:24.976915+00:00", "RecordID": "16899", "Level": "4", "UserID": "S-1-5-21-963789628-1060504924-4285088085-1001"}
{"EventID": "505", "Channel": "Microsoft-Windows-Application-Experience/Program-Telemetry", "Provider_Name": "Microsoft-Windows-Application-Experience", "Computer": "DESKTOP-OFJ6N53", "TimeCreated": "2025-08-04 20:12:42.189840+00:00", "RecordID": "16900", "Level": "4", "UserID": "S-1-5-21-963789628-1060504924-4285088085-1001"}
{"EventID": "505", "Channel": "Microsoft-Windows-Application-Experience/Program-Telemetry", "Provider_Name": "Microsoft-Windows-Application-Experience", "Computer": "DESKTOP-OFJ6N53", "TimeCreated": "2025-08-04 20:12:44.147024+00:00", "RecordID": "16901", "Level": "4", "UserID": "S-1-5-21-963789628-1060504924-4285088085-1001"}
{"EventID": "505", "Channel": "Microsoft-Windows-Application-Experience/Program-Telemetry", "Provider_Name": "Microsoft-Windows-Application-Experience", "Computer": "DESKTOP-OFJ6N53", "TimeCreated": "2025-08-05 07:36:18.217829+00:00", "RecordID": "16902", "Level": "4", "UserID": "S-1-5-21-963789628-1060504924-4285088085-1001"}
{"EventID": "505", "Channel": "Microsoft-Windows-Application-Experience/Program-Telemetry", "Provider_Name": "Microsoft-Windows-Application-Experience", "Computer": "DESKTOP-OFJ6N53", "TimeCreated": "2025-08-05 07:36:20.386009+00:00", "RecordID": "16903", "Level": "4", "UserID": "S-1-5-21-963789628-1060504924-4285088085-1001"}
{"EventID": "505", "Channel": "Microsoft-Windows-Application-Experience/Program-Telemetry", "Provider_Name": "Microsoft-Windows-Application-Experience", "Computer": "DESKTOP-OFJ6N53", "TimeCreated": "2025-08-05 07:49:51.744753+00:00", "RecordID": "16904", "Level": "4", "UserID": "S-1-5-21-963789628-1060504924-4285088085-1001"}
{"EventID": "505", "Channel": "Microsoft-Windows-Application-Experience/Program-Telemetry", "Provider_Name": "Microsoft-Windows-Application-Experience", "Computer": "DESKTOP-OFJ6N53", "TimeCreated": "2025-08-05 07:49:51.878798+00:00", "RecordID": "16905", "Level": "4", "UserID": "S-1-5-21-963789628-1060504924-4285088085-1001"}
{"EventID": "505", "Channel": "Microsoft-Windows-Application-Experience/Program-Telemetry", "Provider_Name": "Microsoft-Windows-Application-Experience", "Computer": "DESKTOP-OFJ6N53", "TimeCreated": "2025-08-05 08:12:19.443050+00:00", "RecordID": "16906", "Level": "4", "UserID": "S-1-5-21-963789628-1060504924-4285088085-1001"}
{"EventID": "505", "Channel": "Microsoft-Windows-Application-Experience/Program-Telemetry", "Provider_Name": "Microsoft-Windows-Application-Experience", "Computer": "DESKTOP-OFJ6N53", "TimeCreated": "2025-08-05 08:23:10.969099+00:00", "RecordID": "16907", "Level": "4", "UserID": "S-1-5-21-963789628-1060504924-4285088085-1001"}
{"EventID": "505", "Channel": "Microsoft-Windows-Application-Experience/Program-Telemetry", "Provider_Name": "Microsoft-Windows-Application-Experience", "Computer": "DESKTOP-OFJ6N53", "TimeCreated": "2025-08-05 08:23:11.175680+00:00", "RecordID": "16908", "Level": "4", "UserID": "S-1-5-21-963789628-1060504924-4285088085-1001"}
{"EventID": "505", "Channel": "Microsoft-Windows-Application-Experience/Program-Telemetry", "Provider_Name": "Microsoft-Windows-Application-Experience", "Computer": "DESKTOP-OFJ6N53", "TimeCreated": "2025-08-05 08:28:19.504194+00:00", "RecordID": "16909", "Level": "4", "UserID": "S-1-5-21-963789628-1060504924-4285088085-1001"}
{"EventID": "505", "Channel": "Microsoft-Windows-Application-Experience/Program-Telemetry", "Provider_Name": "Microsoft-Windows-Application-Experience", "Computer": "DESKTOP-OFJ6N53", "TimeCreated": "2025-08-05 08:40:53.154476+00:00", "RecordID": "16910", "Level": "4", "UserID": "S-1-5-21-963789628-1060504924-4285088085-1001"}
{"EventID": "505", "Channel": "Microsoft-Windows-Application-Experience/Program-Telemetry", "Provider_Name": "Microsoft-Windows-Application-Experience", "Computer": "DESKTOP-OFJ6N53", "TimeCreated": "2025-08-05 08:40:53.228308+00:00", "RecordID": "16911", "Level": "4", "UserID": "S-1-5-21-963789628-1060504924-4285088085-1001"}
{"EventID": "505", "Channel": "Microsoft-Windows-Application-Experience/Program-Telemetry", "Provider_Name": "Microsoft-Windows-Application-Experience", "Computer": "DESKTOP-OFJ6N53", "TimeCreated": "2025-08-05 09:38:28.883337+00:00", "RecordID": "16912", "Level": "4", "UserID": "S-1-5-21-963789628-1060504924-4285088085-1001"}
{"EventID": "505", "Channel": "Microsoft-Windows-Application-Experience/Program-Telemetry", "Provider_Name": "Microsoft-Windows-Application-Experience", "Computer": "DESKTOP-OFJ6N53", "TimeCreated": "2025-08-05 09:38:28.954277+00:00", "RecordID": "16913", "Level": "4", "UserID": "S-1-5-21-963789628-1060504924-4285088085-1001"}
{"EventID": "505", "Channel": "Microsoft-Windows-Application-Experience/Program-Telemetry", "Provider_Name": "Microsoft-Windows-Application-Experience", "Computer": "DESKTOP-OFJ6N53", "TimeCreated": "2025-08-05 09:43:35.556648+00:00", "RecordID": "16914", "Level": "4", "UserID": "S-1-5-21-963789628-1060504924-4285088085-1001"}
{"EventID": "505", "Channel": "Microsoft-Windows-Application-Experience/Program-Telemetry", "Provider_Name": "Microsoft-Windows-Application-Experience", "Computer": "DESKTOP-OFJ6N53", "TimeCreated": "2025-08-05 09:43:35.630098+00:00", "RecordID": "16915", "Level": "4", "UserID": "S-1-5-21-963789628-1060504924-4285088085-1001"}
{"EventID": "505", "Channel": "Microsoft-Windows-Application-Experience/Program-Telemetry", "Provider_Name": "Microsoft-Windows-Application-Experience", "Computer": "DESKTOP-OFJ6N53", "TimeCreated": "2025-08-05 09:48:30.434088+00:00", "RecordID": "16916", "Level": "4", "UserID": "S-1-5-21-963789628-1060504924-4285088085-1001"}
{"EventID": "505", "Channel": "Microsoft-Windows-Application-Experience/Program-Telemetry", "Provider_Name": "Microsoft-Windows-Application-Experience", "Computer": "DESKTOP-OFJ6N53", "TimeCreated": "2025-08-05 09:48:30.502577+00:00", "RecordID": "16917", "Level": "4", "UserID": "S-1-5-21-963789628-1060504924-4285088085-1001"}
{"EventID": "505", "Channel": "Microsoft-Windows-Application-Experience/Program-Telemetry", "Provider_Name": "Microsoft-Windows-Application-Experience", "Computer": "DESKTOP-OFJ6N53", "TimeCreated": "2025-08-05 09:52:12.918221+00:00", "RecordID": "16918", "Level": "4", "UserID": "S-1-5-21-963789628-1060504924-4285088085-1001"}
{"EventID": "505", "Channel": "Microsoft-Windows-Application-Experience/Program-Telemetry", "Provider_Name": "Microsoft-Windows-Application-Experience", "Computer": "DESKTOP-OFJ6N53", "TimeCreated": "2025-08-05 10:38:26.495743+00:00", "RecordID": "16919", "Level": "4", "UserID": "S-1-5-21-963789628-1060504924-4285088085-1001"}
{"EventID": "505", "Channel": "Microsoft-Windows-Application-Experience/Program-Telemetry", "Provider_Name": "Microsoft-Windows-Application-Experience", "Computer": "DESKTOP-OFJ6N53", "TimeCreated": "2025-08-05 10:38:26.565481+00:00", "RecordID": "16920", "Level": "4", "UserID": "S-1-5-21-963789628-1060504924-4285088085-1001"}
{"EventID": "505", "Channel": "Microsoft-Windows-Application-Experience/Program-Telemetry", "Provider_Name": "Microsoft-Windows-Application-Experience", "Computer": "DESKTOP-OFJ6N53", "TimeCreated": "2025-08-05 10:38:51.202225+00:00", "RecordID": "16921", "Level": "4", "UserID": "S-1-5-21-963789628-1060504924-4285088085-1001"}
{"EventID": "505", "Channel": "Microsoft-Windows-Application-Experience/Program-Telemetry", "Provider_Name": "Microsoft-Windows-Application-Experience", "Computer": "DESKTOP-OFJ6N53", "TimeCreated": "2025-08-05 10:38:51.266306+00:00", "RecordID": "16922", "Level": "4", "UserID": "S-1-5-21-963789628-1060504924-4285088085-1001"}
{"EventID": "505", "Channel": "Microsoft-Windows-Application-Experience/Program-Telemetry", "Provider_Name": "Microsoft-Windows-Application-Experience", "Computer": "DESKTOP-OFJ6N53", "TimeCreated": "2025-08-05 10:38:51.653883+00:00", "RecordID": "16923", "Level": "4", "UserID": "S-1-5-21-963789628-1060504924-4285088085-1001"}
{"EventID": "505", "Channel": "Microsoft-Windows-Application-Experience/Program-Telemetry", "Provider_Name": "Microsoft-Windows-Application-Experience", "Computer": "DESKTOP-OFJ6N53", "TimeCreated": "2025-08-05 10:38:51.700443+00:00", "RecordID": "16924", "Level": "4", "UserID": "S-1-5-21-963789628-1060504924-4285088085-1001"}
{"EventID": "505", "Channel": "Microsoft-Windows-Application-Experience/Program-Telemetry", "Provider_Name": "Microsoft-Windows-Application-Experience", "Computer": "DESKTOP-OFJ6N53", "TimeCreated": "2025-08-05 10:38:55.865431+00:00", "RecordID": "16925", "Level": "4", "UserID": "S-1-5-21-963789628-1060504924-4285088085-1001"}
{"EventID": "505", "Channel": "Microsoft-Windows-Application-Experience/Program-Telemetry", "Provider_Name": "Microsoft-Windows-Application-Experience", "Computer": "DESKTOP-OFJ6N53", "TimeCreated": "2025-08-05 10:39:21.697664+00:00", "RecordID": "16926", "Level": "4", "UserID": "S-1-5-21-963789628-1060504924-4285088085-1001"}
{"EventID": "505", "Channel": "Microsoft-Windows-Application-Experience/Program-Telemetry", "Provider_Name": "Microsoft-Windows-Application-Experience", "Computer": "DESKTOP-OFJ6N53", "TimeCreated": "2025-08-05 10:39:21.704556+00:00", "RecordID": "16927", "Level": "4", "UserID": "S-1-5-21-963789628-1060504924-4285088085-1001"}
{"EventID": "505", "Channel": "Microsoft-Windows-Application-Experience/Program-Telemetry", "Provider_Name": "Microsoft-Windows-Application-Experience", "Computer": "DESKTOP-OFJ6N53", "TimeCreated": "2025-08-05 10:39:21.713930+00:00", "RecordID": "16928", "Level": "4", "UserID": "S-1-5-21-963789628-1060504924-4285088085-1001"}
{"EventID": "505", "Channel": "Microsoft-Windows-Application-Experience/Program-Telemetry", "Provider_Name": "Microsoft-Windows-Application-Experience", "Computer": "DESKTOP-OFJ6N53", "TimeCreated": "2025-08-05 10:40:51.696627+00:00", "RecordID": "16929", "Level": "4", "UserID": "S-1-5-21-963789628-1060504924-4285088085-1001"}
{"EventID": "505", "Channel": "Microsoft-Windows-Application-Experience/Program-Telemetry", "Provider_Name": "Microsoft-Windows-Application-Experience", "Computer": "DESKTOP-OFJ6N53", "TimeCreated": "2025-08-05 11:00:30.883850+00:00", "RecordID": "16930", "Level": "4", "UserID": "S-1-5-21-963789628-1060504924-4285088085-1001"}
{"EventID": "505", "Channel": "Microsoft-Windows-Application-Experience/Program-Telemetry", "Provider_Name": "Microsoft-Windows-Application-Experience", "Computer": "DESKTOP-OFJ6N53", "TimeCreated": "2025-08-05 11:00:30.951864+00:00", "RecordID": "16931", "Level": "4", "UserID": "S-1-5-21-963789628-1060504924-4285088085-1001"}
{"EventID": "505", "Channel": "Microsoft-Windows-Application-Experience/Program-Telemetry", "Provider_Name": "Microsoft-Windows-Application-Experience", "Computer": "DESKTOP-OFJ6N53", "TimeCreated": "2025-08-05 11:00:31.207136+00:00", "RecordID": "16932", "Level": "4", "UserID": "S-1-5-21-963789628-1060504924-4285088085-1001"}
{"EventID": "505", "Channel": "Microsoft-Windows-Application-Experience/Program-Telemetry", "Provider_Name": "Microsoft-Windows-Application-Experience", "Computer": "DESKTOP-OFJ6N53", "TimeCreated": "2025-08-05 11:00:31.254208+00:00", "RecordID": "16933", "Level": "4", "UserID": "S-1-5-21-963789628-1060504924-4285088085-1001"}
{"EventID": "505", "Channel": "Microsoft-Windows-Application-Experience/Program-Telemetry", "Provider_Name": "Microsoft-Windows-Application-Experience", "Computer": "DESKTOP-OFJ6N53", "TimeCreated": "2025-08-05 11:00:34.578491+00:00", "RecordID": "16934", "Level": "4", "UserID": "S-1-5-21-963789628-1060504924-4285088085-1001"}
{"EventID": "505", "Channel": "Microsoft-Windows-Application-Experience/Program-Telemetry", "Provider_Name": "Microsoft-Windows-Application-Experience", "Computer": "DESKTOP-OFJ6N53", "TimeCreated": "2025-08-05 11:01:01.260319+00:00", "RecordID": "16935", "Level": "4", "UserID": "S-1-5-21-963789628-1060504924-4285088085-1001"}
{"EventID": "505", "Channel": "Microsoft-Windows-Application-Experience/Program-Telemetry", "Provider_Name": "Microsoft-Windows-Application-Experience", "Computer": "DESKTOP-OFJ6N53", "TimeCreated": "2025-08-05 11:01:01.268385+00:00", "RecordID": "16936", "Level": "4", "UserID": "S-1-5-21-963789628-1060504924-4285088085-1001"}
{"EventID": "505", "Channel": "Microsoft-Windows-Application-Experience/Program-Telemetry", "Provider_Name": "Microsoft-Windows-Application-Experience", "Computer": "DESKTOP-OFJ6N53", "TimeCreated": "2025-08-05 11:01:01.276726+00:00", "RecordID": "16937", "Level": "4", "UserID": "S-1-5-21-963789628-1060504924-4285088085-1001"}
{"EventID": "505", "Channel": "Microsoft-Windows-Application-Experience/Program-Telemetry", "Provider_Name": "Microsoft-Windows-Application-Experience", "Computer": "DESKTOP-OFJ6N53", "TimeCreated": "2025-08-05 11:02:31.259375+00:00", "RecordID": "16938", "Level": "4", "UserID": "S-1-5-21-963789628-1060504924-4285088085-1001"}
{"EventID": "505", "Channel": "Microsoft-Windows-Application-Experience/Program-Telemetry", "Provider_Name": "Microsoft-Windows-Application-Experience", "Computer": "DESKTOP-OFJ6N53", "TimeCreated": "2025-08-05 11:07:47.000858+00:00", "RecordID": "16939", "Level": "4", "UserID": "S-1-5-21-963789628-1060504924-4285088085-1001"}
{"EventID": "505", "Channel": "Microsoft-Windows-Application-Experience/Program-Telemetry", "Provider_Name": "Microsoft-Windows-Application-Experience", "Computer": "DESKTOP-OFJ6N53", "TimeCreated": "2025-08-05 11:07:47.074528+00:00", "RecordID": "16940", "Level": "4", "UserID": "S-1-5-21-963789628-1060504924-4285088085-1001"}
{"EventID": "505", "Channel": "Microsoft-Windows-Application-Experience/Program-Telemetry", "Provider_Name": "Microsoft-Windows-Application-Experience", "Computer": "DESKTOP-OFJ6N53", "TimeCreated": "2025-08-05 11:22:38.215761+00:00", "RecordID": "16941", "Level": "4", "UserID": "S-1-5-21-963789628-1060504924-4285088085-1001"}
{"EventID": "505", "Channel": "Microsoft-Windows-Application-Experience/Program-Telemetry", "Provider_Name": "Microsoft-Windows-Application-Experience", "Computer": "DESKTOP-OFJ6N53", "TimeCreated": "2025-08-05 11:22:38.306667+00:00", "RecordID": "16942", "Level": "4", "UserID": "S-1-5-21-963789628-1060504924-4285088085-1001"}
{"EventID": "505", "Channel": "Microsoft-Windows-Application-Experience/Program-Telemetry", "Provider_Name": "Microsoft-Windows-Application-Experience", "Computer": "DESKTOP-OFJ6N53", "TimeCreated": "2025-08-05 11:28:45.065113+00:00", "RecordID": "16943", "Level": "4", "UserID": "S-1-5-21-963789628-1060504924-4285088085-1001"}
{"EventID": "505", "Channel": "Microsoft-Windows-Application-Experience/Program-Telemetry", "Provider_Name": "Microsoft-Windows-Application-Experience", "Computer": "DESKTOP-OFJ6N53", "TimeCreated": "2025-08-05 11:28:45.131674+00:00", "RecordID": "16944", "Level": "4", "UserID": "S-1-5-21-963789628-1060504924-4285088085-1001"}
{"EventID": "505", "Channel": "Microsoft-Windows-Application-Experience/Program-Telemetry", "Provider_Name": "Microsoft-Windows-Application-Experience", "Computer": "DESKTOP-OFJ6N53", "TimeCreated": "2025-08-05 11:33:19.444983+00:00", "RecordID": "16945", "Level": "4", "UserID": "S-1-5-21-963789628-1060504924-4285088085-1001"}
{"EventID": "505", "Channel": "Microsoft-Windows-Application-Experience/Program-Telemetry", "Provider_Name": "Microsoft-Windows-Application-Experience", "Computer": "DESKTOP-OFJ6N53", "TimeCreated": "2025-08-05 11:33:19.513342+00:00", "RecordID": "16946", "Level": "4", "UserID": "S-1-5-21-963789628-1060504924-4285088085-1001"}
{"EventID": "505", "Channel": "Microsoft-Windows-Application-Experience/Program-Telemetry", "Provider_Name": "Microsoft-Windows-Application-Experience", "Computer": "DESKTOP-OFJ6N53", "TimeCreated": "2025-08-05 11:33:34.717766+00:00", "RecordID": "16947", "Level": "4", "UserID": "S-1-5-21-963789628-1060504924-4285088085-1001"}
{"EventID": "505", "Channel": "Microsoft-Windows-Application-Experience/Program-Telemetry", "Provider_Name": "Microsoft-Windows-Application-Experience", "Computer": "DESKTOP-OFJ6N53", "TimeCreated": "2025-08-05 11:33:34.781307+00:00", "RecordID": "16948", "Level": "4", "UserID": "S-1-5-21-963789628-1060504924-4285088085-1001"}
{"EventID": "505", "Channel": "Microsoft-Windows-Application-Experience/Program-Telemetry", "Provider_Name": "Microsoft-Windows-Application-Experience", "Computer": "DESKTOP-OFJ6N53", "TimeCreated": "2025-08-05 11:33:35.181187+00:00", "RecordID": "16949", "Level": "4", "UserID": "S-1-5-21-963789628-1060504924-4285088085-1001"}
{"EventID": "505", "Channel": "Microsoft-Windows-Application-Experience/Program-Telemetry", "Provider_Name": "Microsoft-Windows-Application-Experience", "Computer": "DESKTOP-OFJ6N53", "TimeCreated": "2025-08-05 11:33:35.209261+00:00", "RecordID": "16950", "Level": "4", "UserID": "S-1-5-21-963789628-1060504924-4285088085-1001"}
{"EventID": "505", "Channel": "Microsoft-Windows-Application-Experience/Program-Telemetry", "Provider_Name": "Microsoft-Windows-Application-Experience", "Computer": "DESKTOP-OFJ6N53", "TimeCreated": "2025-08-05 11:33:38.723576+00:00", "RecordID": "16951", "Level": "4", "UserID": "S-1-5-21-963789628-1060504924-4285088085-1001"}
{"EventID": "505", "Channel": "Microsoft-Windows-Application-Experience/Program-Telemetry", "Provider_Name": "Microsoft-Windows-Application-Experience", "Computer": "DESKTOP-OFJ6N53", "TimeCreated": "2025-08-05 11:34:05.198460+00:00", "RecordID": "16952", "Level": "4", "UserID": "S-1-5-21-963789628-1060504924-4285088085-1001"}
{"EventID": "505", "Channel": "Microsoft-Windows-Application-Experience/Program-Telemetry", "Provider_Name": "Microsoft-Windows-Application-Experience", "Computer": "DESKTOP-OFJ6N53", "TimeCreated": "2025-08-05 11:34:05.211113+00:00", "RecordID": "16953", "Level": "4", "UserID": "S-1-5-21-963789628-1060504924-4285088085-1001"}
{"EventID": "505", "Channel": "Microsoft-Windows-Application-Experience/Program-Telemetry", "Provider_Name": "Microsoft-Windows-Application-Experience", "Computer": "DESKTOP-OFJ6N53", "TimeCreated": "2025-08-05 11:34:05.213907+00:00", "RecordID": "16954", "Level": "4", "UserID": "S-1-5-21-963789628-1060504924-4285088085-1001"}
{"EventID": "505", "Channel": "Microsoft-Windows-Application-Experience/Program-Telemetry", "Provider_Name": "Microsoft-Windows-Application-Experience", "Computer": "DESKTOP-OFJ6N53", "TimeCreated": "2025-08-05 11:35:35.250029+00:00", "RecordID": "16955", "Level": "4", "UserID": "S-1-5-21-963789628-1060504924-4285088085-1001"}
{"EventID": "505", "Channel": "Microsoft-Windows-Application-Experience/Program-Telemetry", "Provider_Name": "Microsoft-Windows-Application-Experience", "Computer": "DESKTOP-OFJ6N53", "TimeCreated": "2025-08-05 11:37:06.567890+00:00", "RecordID": "16956", "Level": "4", "UserID": "S-1-5-21-963789628-1060504924-4285088085-1001"}
{"EventID": "505", "Channel": "Microsoft-Windows-Application-Experience/Program-Telemetry", "Provider_Name": "Microsoft-Windows-Application-Experience", "Computer": "DESKTOP-OFJ6N53", "TimeCreated": "2025-08-05 11:37:06.644333+00:00", "RecordID": "16957", "Level": "4", "UserID": "S-1-5-21-963789628-1060504924-4285088085-1001"}
{"EventID": "505", "Channel": "Microsoft-Windows-Application-Experience/Program-Telemetry", "Provider_Name": "Microsoft-Windows-Application-Experience", "Computer": "DESKTOP-OFJ6N53", "TimeCreated": "2025-08-05 11:42:44.912725+00:00", "RecordID": "16958", "Level": "4", "UserID": "S-1-5-21-963789628-1060504924-4285088085-1001"}
{"EventID": "505", "Channel": "Microsoft-Windows-Application-Experience/Program-Telemetry", "Provider_Name": "Microsoft-Windows-Application-Experience", "Computer": "DESKTOP-OFJ6N53", "TimeCreated": "2025-08-05 11:42:44.992161+00:00", "RecordID": "16959", "Level": "4", "UserID": "S-1-5-21-963789628-1060504924-4285088085-1001"}
{"EventID": "505", "Channel": "Microsoft-Windows-Application-Experience/Program-Telemetry", "Provider_Name": "Microsoft-Windows-Application-Experience", "Computer": "DESKTOP-OFJ6N53", "TimeCreated": "2025-08-05 11:46:14.214380+00:00", "RecordID": "16960", "Level": "4", "UserID": "S-1-5-21-963789628-1060504924-4285088085-1001"}
{"EventID": "505", "Channel": "Microsoft-Windows-Application-Experience/Program-Telemetry", "Provider_Name": "Microsoft-Windows-Application-Experience", "Computer": "DESKTOP-OFJ6N53", "TimeCreated": "2025-08-05 11:46:14.278902+00:00", "RecordID": "16961", "Level": "4", "UserID": "S-1-5-21-963789628-1060504924-4285088085-1001"}
{"EventID": "505", "Channel": "Microsoft-Windows-Application-Experience/Program-Telemetry", "Provider_Name": "Microsoft-Windows-Application-Experience", "Computer": "DESKTOP-OFJ6N53", "TimeCreated": "2025-08-05 11:51:55.886286+00:00", "RecordID": "16962", "Level": "4", "UserID": "S-1-5-21-963789628-1060504924-4285088085-1001"}
{"EventID": "505", "Channel": "Microsoft-Windows-Application-Experience/Program-Telemetry", "Provider_Name": "Microsoft-Windows-Application-Experience", "Computer": "DESKTOP-OFJ6N53", "TimeCreated": "2025-08-05 11:51:55.955816+00:00", "RecordID": "16963", "Level": "4", "UserID": "S-1-5-21-963789628-1060504924-4285088085-1001"}
{"EventID": "505", "Channel": "Microsoft-Windows-Application-Experience/Program-Telemetry", "Provider_Name": "Microsoft-Windows-Application-Experience", "Computer": "DESKTOP-OFJ6N53", "TimeCreated": "2025-08-05 12:01:29.171638+00:00", "RecordID": "16964", "Level": "4", "UserID": "S-1-5-21-963789628-1060504924-4285088085-1001"}
{"EventID": "505", "Channel": "Microsoft-Windows-Application-Experience/Program-Telemetry", "Provider_Name": "Microsoft-Windows-Application-Experience", "Computer": "DESKTOP-OFJ6N53", "TimeCreated": "2025-08-05 12:01:29.248613+00:00", "RecordID": "16965", "Level": "4", "UserID": "S-1-5-21-963789628-1060504924-4285088085-1001"}
{"EventID": "505", "Channel": "Microsoft-Windows-Application-Experience/Program-Telemetry", "Provider_Name": "Microsoft-Windows-Application-Experience", "Computer": "DESKTOP-OFJ6N53", "TimeCreated": "2025-08-05 12:06:48.706688+00:00", "RecordID": "16966", "Level": "4", "UserID": "S-1-5-21-963789628-1060504924-4285088085-1001"}
{"EventID": "505", "Channel": "Microsoft-Windows-Application-Experience/Program-Telemetry", "Provider_Name": "Microsoft-Windows-Application-Experience", "Computer": "DESKTOP-OFJ6N53", "TimeCreated": "2025-08-05 12:06:48.779696+00:00", "RecordID": "16967", "Level": "4", "UserID": "S-1-5-21-963789628-1060504924-4285088085-1001"}
{"EventID": "505", "Channel": "Microsoft-Windows-Application-Experience/Program-Telemetry", "Provider_Name": "Microsoft-Windows-Application-Experience", "Computer": "DESKTOP-OFJ6N53", "TimeCreated": "2025-08-05 12:24:47.979517+00:00", "RecordID": "16968", "Level": "4", "UserID": "S-1-5-21-963789628-1060504924-4285088085-1001"}
{"EventID": "505", "Channel": "Microsoft-Windows-Application-Experience/Program-Telemetry", "Provider_Name": "Microsoft-Windows-Application-Experience", "Computer": "DESKTOP-OFJ6N53", "TimeCreated": "2025-08-05 12:24:48.050137+00:00", "RecordID": "16969", "Level": "4", "UserID": "S-1-5-21-963789628-1060504924-4285088085-1001"}
{"EventID": "505", "Channel": "Microsoft-Windows-Application-Experience/Program-Telemetry", "Provider_Name": "Microsoft-Windows-Application-Experience", "Computer": "DESKTOP-OFJ6N53", "TimeCreated": "2025-08-05 12:40:17.969532+00:00", "RecordID": "16970", "Level": "4", "UserID": "S-1-5-21-963789628-1060504924-4285088085-1001"}
{"EventID": "505", "Channel": "Microsoft-Windows-Application-Experience/Program-Telemetry", "Provider_Name": "Microsoft-Windows-Application-Experience", "Computer": "DESKTOP-OFJ6N53", "TimeCreated": "2025-08-05 12:40:18.048645+00:00", "RecordID": "16971", "Level": "4", "UserID": "S-1-5-21-963789628-1060504924-4285088085-1001"}
{"EventID": "505", "Channel": "Microsoft-Windows-Application-Experience/Program-Telemetry", "Provider_Name": "Microsoft-Windows-Application-Experience", "Computer": "DESKTOP-OFJ6N53", "TimeCreated": "2025-08-05 12:40:18.430111+00:00", "RecordID": "16972", "Level": "4", "UserID": "S-1-5-21-963789628-1060504924-4285088085-1001"}
{"EventID": "505", "Channel": "Microsoft-Windows-Application-Experience/Program-Telemetry", "Provider_Name": "Microsoft-Windows-Application-Experience", "Computer": "DESKTOP-OFJ6N53", "TimeCreated": "2025-08-05 12:40:18.453020+00:00", "RecordID": "16973", "Level": "4", "UserID": "S-1-5-21-963789628-1060504924-4285088085-1001"}
{"EventID": "505", "Channel": "Microsoft-Windows-Application-Experience/Program-Telemetry", "Provider_Name": "Microsoft-Windows-Application-Experience", "Computer": "DESKTOP-OFJ6N53", "TimeCreated": "2025-08-05 12:40:21.927952+00:00", "RecordID": "16974", "Level": "4", "UserID": "S-1-5-21-963789628-1060504924-4285088085-1001"}
