{"EventID": "102", "Channel": "Microsoft-Windows-Diagnosis-Scripted/Operational", "Provider_Name": "Microsoft-Windows-Diagnosis-Scripted", "Computer": "DESKTOP-OFJ6N53", "TimeCreated": "2024-08-11 09:27:13.732519+00:00", "RecordID": "532", "Level": "4", "UserID": "S-1-5-21-963789628-1060504924-4285088085-1001", "EventData.PackagePath": "C:\\Windows\\diagnostics\\scheduled\\Maintenance"}
{"EventID": "103", "Channel": "Microsoft-Windows-Diagnosis-Scripted/Operational", "Provider_Name": "Microsoft-Windows-Diagnosis-Scripted", "Computer": "DESKTOP-OFJ6N53", "TimeCreated": "2024-08-11 09:27:13.733858+00:00", "RecordID": "533", "Level": "4", "UserID": "S-1-5-21-963789628-1060504924-4285088085-1001", "EventData.PackageId": "MaintenanceDiagnostic"}
{"EventID": "104", "Channel": "Microsoft-Windows-Diagnosis-Scripted/Operational", "Provider_Name": "Microsoft-Windows-Diagnosis-Scripted", "Computer": "DESKTOP-OFJ6N53", "TimeCreated": "2024-08-11 09:27:21.378307+00:00", "RecordID": "534", "Level": "4", "UserID": "S-1-5-21-963789628-1060504924-4285088085-1001", "EventData.PackageId": "MaintenanceDiagnostic"}
{"EventID": "101", "Channel": "Microsoft-Windows-Diagnosis-Scripted/Operational", "Provider_Name": "Microsoft-Windows-Diagnosis-Scripted", "Computer": "DESKTOP-OFJ6N53", "TimeCreated": "2024-08-28 10:07:53.555029+00:00", "RecordID": "535", "Level": "4", "UserID": "S-1-5-21-963789628-1060504924-4285088085-1001", "EventData.PackagePath": "C:\\Windows\\diagnostics\\scheduled\\Maintenance"}
{"EventID": "102", "Channel": "Microsoft-Windows-Diagnosis-Scripted/Operational", "Provider_Name": "Microsoft-Windows-Diagnosis-Scripted", "Computer": "DESKTOP-OFJ6N53", "TimeCreated": "2024-08-28 10:07:53.951092+00:00", "RecordID": "536", "Level": "4", "UserID": "S-1-5-21-963789628-1060504924-4285088085-1001", "EventData.PackagePath": "C:\\Windows\\diagnostics\\scheduled\\Maintenance"}
{"EventID": "103", "Channel": "Microsoft-Windows-Diagnosis-Scripted/Operational", "Provider_Name": "Microsoft-Windows-Diagnosis-Scripted", "Computer": "DESKTOP-OFJ6N53", "TimeCreated": "2024-08-28 10:07:53.952894+00:00", "RecordID": "537", "Level": "4", "UserID": "S-1-5-21-963789628-1060504924-4285088085-1001", "EventData.PackageId": "MaintenanceDiagnostic"}
{"EventID": "104", "Channel": "Microsoft-Windows-Diagnosis-Scripted/Operational", "Provider_Name": "Microsoft-Windows-Diagnosis-Scripted", "Computer": "DESKTOP-OFJ6N53", "TimeCreated": "2024-08-28 10:07:58.093784+00:00", "RecordID": "538", "Level": "4", "UserID": "S-1-5-21-963789628-1060504924-4285088085-1001", "EventData.PackageId": "MaintenanceDiagnostic"}
{"EventID": "101", "Channel": "Microsoft-Windows-Diagnosis-Scripted/Operational", "Provider_Name": "Microsoft-Windows-Diagnosis-Scripted", "Computer": "DESKTOP-OFJ6N53", "TimeCreated": "2024-09-01 10:10:42.836542+00:00", "RecordID": "539", "Level": "4", "UserID": "S-1-5-21-963789628-1060504924-4285088085-1001", "EventData.PackagePath": "C:\\Windows\\diagnostics\\scheduled\\Maintenance"}
{"EventID": "102", "Channel": "Microsoft-Windows-Diagnosis-Scripted/Operational", "Provider_Name": "Microsoft-Windows-Diagnosis-Scripted", "Computer": "DESKTOP-OFJ6N53", "TimeCreated": "2024-09-01 10:10:43.141502+00:00", "RecordID": "540", "Level": "4", "UserID": "S-1-5-21-963789628-1060504924-4285088085-1001", "EventData.PackagePath": "C:\\Windows\\diagnostics\\scheduled\\Maintenance"}
{"EventID": "103", "Channel": "Microsoft-Windows-Diagnosis-Scripted/Operational", "Provider_Name": "Microsoft-Windows-Diagnosis-Scripted", "Computer": "DESKTOP-OFJ6N53", "TimeCreated": "2024-09-01 10:10:43.143459+00:00", "RecordID": "541", "Level": "4", "UserID": "S-1-5-21-963789628-1060504924-4285088085-1001", "EventData.PackageId": "MaintenanceDiagnostic"}
{"EventID": "401", "Channel": "Microsoft-Windows-Diagnosis-Scripted/Operational", "Provider_Name": "Microsoft-Windows-Diagnosis-Scripted", "Computer": "DESKTOP-OFJ6N53", "TimeCreated": "2024-09-01 10:10:46.983093+00:00", "RecordID": "542", "Level": "4", "UserID": "S-1-5-21-963789628-1060504924-4285088085-1001", "EventData.PackageId": "MaintenanceDiagnostic", "EventData.RootCauseId": "RC_DiagnosticHistory/DefaultInstanceId"}
{"EventID": "104", "Channel": "Microsoft-Windows-Diagnosis-Scripted/Operational", "Provider_Name": "Microsoft-Windows-Diagnosis-Scripted", "Computer": "DESKTOP-OFJ6N53", "TimeCreated": "2024-09-01 10:10:46.983097+00:00", "RecordID": "543", "Level": "4", "UserID": "S-1-5-21-963789628-1060504924-4285088085-1001", "EventData.PackageId": "MaintenanceDiagnostic"}
{"EventID": "105", "Channel": "Microsoft-Windows-Diagnosis-Scripted/Operational", "Provider_Name": "Microsoft-Windows-Diagnosis-Scripted", "Computer": "DESKTOP-OFJ6N53", "TimeCreated": "2024-09-01 10:10:46.983446+00:00", "RecordID": "544", "Level": "4", "UserID": "S-1-5-21-963789628-1060504924-4285088085-1001", "EventData.PackageId": "MaintenanceDiagnostic", "EventData.ResolutionId": "RC_DiagnosticHistory/DefaultInstanceId/RS_UserDiagnosticHistory"}
{"EventID": "106", "Channel": "Microsoft-Windows-Diagnosis-Scripted/Operational", "Provider_Name": "Microsoft-Windows-Diagnosis-Scripted", "Computer": "DESKTOP-OFJ6N53", "TimeCreated": "2024-09-01 10:10:47.118591+00:00", "RecordID": "545", "Level": "4", "UserID": "S-1-5-21-963789628-1060504924-4285088085-1001", "EventData.PackageId": "MaintenanceDiagnostic", "EventData.ResolutionId": "RC_DiagnosticHistory/DefaultInstanceId/RS_UserDiagnosticHistory"}
{"EventID": "107", "Channel": "Microsoft-Windows-Diagnosis-Scripted/Operational", "Provider_Name": "Microsoft-Windows-Diagnosis-Scripted", "Computer": "DESKTOP-OFJ6N53", "TimeCreated": "2024-09-01 10:10:47.118700+00:00", "RecordID": "546", "Level": "4", "UserID": "S-1-5-21-963789628-1060504924-4285088085-1001", "EventData.PackageId": "MaintenanceDiagnostic"}
{"EventID": "108", "Channel": "Microsoft-Windows-Diagnosis-Scripted/Operational", "Provider_Name": "Microsoft-Windows-Diagnosis-Scripted", "Computer": "DESKTOP-OFJ6N53", "TimeCreated": "2024-09-01 10:10:47.145689+00:00", "RecordID": "547", "Level": "4", "UserID": "S-1-5-21-963789628-1060504924-4285088085-1001", "EventData.PackageId": "MaintenanceDiagnostic"}
{"EventID": "105", "Channel": "Microsoft-Windows-Diagnosis-Scripted/Operational", "Provider_Name": "Microsoft-Windows-Diagnosis-Scripted", "Computer": "DESKTOP-OFJ6N53", "TimeCreated": "2024-09-01 10:10:47.145922+00:00", "RecordID": "548", "Level": "4", "UserID": "S-1-5-21-963789628-1060504924-4285088085-1001", "EventData.PackageId": "MaintenanceDiagnostic", "EventData.ResolutionId": "RC_DiagnosticHistory/DefaultInstanceId/RS_AdminDiagnosticHistory"}
{"EventID": "106", "Channel": "Microsoft-Windows-Diagnosis-Scripted/Operational", "Provider_Name": "Microsoft-Windows-Diagnosis-Scripted", "Computer": "DESKTOP-OFJ6N53", "TimeCreated": "2024-09-01 10:10:47.305822+00:00", "RecordID": "549", "Level": "4", "UserID": "S-1-5-21-963789628-1060504924-4285088085-1001", "EventData.PackageId": "MaintenanceDiagnostic", "EventData.ResolutionId": "RC_DiagnosticHistory/DefaultInstanceId/RS_AdminDiagnosticHistory"}
{"EventID": "107", "Channel": "Microsoft-Windows-Diagnosis-Scripted/Operational", "Provider_Name": "Microsoft-Windows-Diagnosis-Scripted", "Computer": "DESKTOP-OFJ6N53", "TimeCreated": "2024-09-01 10:10:47.305948+00:00", "RecordID": "550", "Level": "4", "UserID": "S-1-5-21-963789628-1060504924-4285088085-1001", "EventData.PackageId": "MaintenanceDiagnostic"}
{"EventID": "108", "Channel": "Microsoft-Windows-Diagnosis-Scripted/Operational", "Provider_Name": "Microsoft-Windows-Diagnosis-Scripted", "Computer": "DESKTOP-OFJ6N53", "TimeCreated": "2024-09-01 10:10:47.332352+00:00", "RecordID": "551", "Level": "4", "UserID": "S-1-5-21-963789628-1060504924-4285088085-1001", "EventData.PackageId": "MaintenanceDiagnostic"}
{"EventID": "402", "Channel": "Microsoft-Windows-Diagnosis-Scripted/Operational", "Provider_Name": "Microsoft-Windows-Diagnosis-Scripted", "Computer": "DESKTOP-OFJ6N53", "TimeCreated": "2024-09-01 10:10:47.332582+00:00", "RecordID": "552", "Level": "4", "UserID": "S-1-5-21-963789628-1060504924-4285088085-1001", "EventData.PackageId": "MaintenanceDiagnostic", "EventData.RootCauseId": "RC_DiagnosticHistory/DefaultInstanceId"}
{"EventID": "101", "Channel": "Microsoft-Windows-Diagnosis-Scripted/Operational", "Provider_Name": "Microsoft-Windows-Diagnosis-Scripted", "Computer": "DESKTOP-OFJ6N53", "TimeCreated": "2024-09-08 09:40:20.283480+00:00", "RecordID": "553", "Level": "4", "UserID": "S-1-5-21-963789628-1060504924-4285088085-1001", "EventData.PackagePath": "C:\\Windows\\diagnostics\\scheduled\\Maintenance"}
{"EventID": "102", "Channel": "Microsoft-Windows-Diagnosis-Scripted/Operational", "Provider_Name": "Microsoft-Windows-Diagnosis-Scripted", "Computer": "DESKTOP-OFJ6N53", "TimeCreated": "2024-09-08 09:40:20.567619+00:00", "RecordID": "554", "Level": "4", "UserID": "S-1-5-21-963789628-1060504924-4285088085-1001", "EventData.PackagePath": "C:\\Windows\\diagnostics\\scheduled\\Maintenance"}
{"EventID": "103", "Channel": "Microsoft-Windows-Diagnosis-Scripted/Operational", "Provider_Name": "Microsoft-Windows-Diagnosis-Scripted", "Computer": "DESKTOP-OFJ6N53", "TimeCreated": "2024-09-08 09:40:20.570114+00:00", "RecordID": "555", "Level": "4", "UserID": "S-1-5-21-963789628-1060504924-4285088085-1001", "EventData.PackageId": "MaintenanceDiagnostic"}
{"EventID": "104", "Channel": "Microsoft-Windows-Diagnosis-Scripted/Operational", "Provider_Name": "Microsoft-Windows-Diagnosis-Scripted", "Computer": "DESKTOP-OFJ6N53", "TimeCreated": "2024-09-08 09:40:22.427147+00:00", "RecordID": "556", "Level": "4", "UserID": "S-1-5-21-963789628-1060504924-4285088085-1001", "EventData.PackageId": "MaintenanceDiagnostic"}
{"EventID": "101", "Channel": "Microsoft-Windows-Diagnosis-Scripted/Operational", "Provider_Name": "Microsoft-Windows-Diagnosis-Scripted", "Computer": "DESKTOP-OFJ6N53", "TimeCreated": "2024-09-15 08:51:13.128147+00:00", "RecordID": "557", "Level": "4", "UserID": "S-1-5-21-963789628-1060504924-4285088085-1001", "EventData.PackagePath": "C:\\Windows\\diagnostics\\scheduled\\Maintenance"}
{"EventID": "102", "Channel": "Microsoft-Windows-Diagnosis-Scripted/Operational", "Provider_Name": "Microsoft-Windows-Diagnosis-Scripted", "Computer": "DESKTOP-OFJ6N53", "TimeCreated": "2024-09-15 08:51:13.418699+00:00", "RecordID": "558", "Level": "4", "UserID": "S-1-5-21-963789628-1060504924-4285088085-1001", "EventData.PackagePath": "C:\\Windows\\diagnostics\\scheduled\\Maintenance"}
{"EventID": "103", "Channel": "Microsoft-Windows-Diagnosis-Scripted/Operational", "Provider_Name": "Microsoft-Windows-Diagnosis-Scripted", "Computer": "DESKTOP-OFJ6N53", "TimeCreated": "2024-09-15 08:51:13.421236+00:00", "RecordID": "559", "Level": "4", "UserID": "S-1-5-21-963789628-1060504924-4285088085-1001", "EventData.PackageId": "MaintenanceDiagnostic"}
{"EventID": "104", "Channel": "Microsoft-Windows-Diagnosis-Scripted/Operational", "Provider_Name": "Microsoft-Windows-Diagnosis-Scripted", "Computer": "DESKTOP-OFJ6N53", "TimeCreated": "2024-09-15 08:51:16.728914+00:00", "RecordID": "560", "Level": "4", "UserID": "S-1-5-21-963789628-1060504924-4285088085-1001", "EventData.PackageId": "MaintenanceDiagnostic"}
{"EventID": "101", "Channel": "Microsoft-Windows-Diagnosis-Scripted/Operational", "Provider_Name": "Microsoft-Windows-Diagnosis-Scripted", "Computer": "DESKTOP-OFJ6N53", "TimeCreated": "2024-09-22 09:25:33.302656+00:00", "RecordID": "561", "Level": "4", "UserID": "S-1-5-21-963789628-1060504924-4285088085-1001", "EventData.PackagePath": "C:\\Windows\\diagnostics\\scheduled\\Maintenance"}
{"EventID": "102", "Channel": "Microsoft-Windows-Diagnosis-Scripted/Operational", "Provider_Name": "Microsoft-Windows-Diagnosis-Scripted", "Computer": "DESKTOP-OFJ6N53", "TimeCreated": "2024-09-22 09:25:33.616589+00:00", "RecordID": "562", "Level": "4", "UserID": "S-1-5-21-963789628-1060504924-4285088085-1001", "EventData.PackagePath": "C:\\Windows\\diagnostics\\scheduled\\Maintenance"}
{"EventID": "103", "Channel": "Microsoft-Windows-Diagnosis-Scripted/Operational", "Provider_Name": "Microsoft-Windows-Diagnosis-Scripted", "Computer": "DESKTOP-OFJ6N53", "TimeCreated": "2024-09-22 09:25:33.621050+00:00", "RecordID": "563", "Level": "4", "UserID": "S-1-5-21-963789628-1060504924-4285088085-1001", "EventData.PackageId": "MaintenanceDiagnostic"}
{"EventID": "104", "Channel": "Microsoft-Windows-Diagnosis-Scripted/Operational", "Provider_Name": "Microsoft-Windows-Diagnosis-Scripted", "Computer": "DESKTOP-OFJ6N53", "TimeCreated": "2024-09-22 09:25:37.616661+00:00", "RecordID": "564", "Level": "4", "UserID": "S-1-5-21-963789628-1060504924-4285088085-1001", "EventData.PackageId": "MaintenanceDiagnostic"}
{"EventID": "101", "Channel": "Microsoft-Windows-Diagnosis-Scripted/Operational", "Provider_Name": "Microsoft-Windows-Diagnosis-Scripted", "Computer": "DESKTOP-OFJ6N53", "TimeCreated": "2024-09-29 08:32:35.645861+00:00", "RecordID": "565", "Level": "4", "UserID": "S-1-5-21-963789628-1060504924-4285088085-1001", "EventData.PackagePath": "C:\\Windows\\diagnostics\\scheduled\\Maintenance"}
{"EventID": "102", "Channel": "Microsoft-Windows-Diagnosis-Scripted/Operational", "Provider_Name": "Microsoft-Windows-Diagnosis-Scripted", "Computer": "DESKTOP-OFJ6N53", "TimeCreated": "2024-09-29 08:32:35.919474+00:00", "RecordID": "566", "Level": "4", "UserID": "S-1-5-21-963789628-1060504924-4285088085-1001", "EventData.PackagePath": "C:\\Windows\\diagnostics\\scheduled\\Maintenance"}
{"EventID": "103", "Channel": "Microsoft-Windows-Diagnosis-Scripted/Operational", "Provider_Name": "Microsoft-Windows-Diagnosis-Scripted", "Computer": "DESKTOP-OFJ6N53", "TimeCreated": "2024-09-29 08:32:35.922037+00:00", "RecordID": "567", "Level": "4", "UserID": "S-1-5-21-963789628-1060504924-4285088085-1001", "EventData.PackageId": "MaintenanceDiagnostic"}
{"EventID": "104", "Channel": "Microsoft-Windows-Diagnosis-Scripted/Operational", "Provider_Name": "Microsoft-Windows-Diagnosis-Scripted", "Computer": "DESKTOP-OFJ6N53", "TimeCreated": "2024-09-29 08:32:37.784475+00:00", "RecordID": "568", "Level": "4", "UserID": "S-1-5-21-963789628-1060504924-4285088085-1001", "EventData.PackageId": "MaintenanceDiagnostic"}
{"EventID": "101", "Channel": "Microsoft-Windows-Diagnosis-Scripted/Operational", "Provider_Name": "Microsoft-Windows-Diagnosis-Scripted", "Computer": "DESKTOP-OFJ6N53", "TimeCreated": "2024-10-06 10:02:53.737562+00:00", "RecordID": "569", "Level": "4", "UserID": "S-1-5-21-963789628-1060504924-4285088085-1001", "EventData.PackagePath": "C:\\Windows\\diagnostics\\scheduled\\Maintenance"}
{"EventID": "102", "Channel": "Microsoft-Windows-Diagnosis-Scripted/Operational", "Provider_Name": "Microsoft-Windows-Diagnosis-Scripted", "Computer": "DESKTOP-OFJ6N53", "TimeCreated": "2024-10-06 10:02:54.042606+00:00", "RecordID": "570", "Level": "4", "UserID": "S-1-5-21-963789628-1060504924-4285088085-1001", "EventData.PackagePath": "C:\\Windows\\diagnostics\\scheduled\\Maintenance"}
{"EventID": "103", "Channel": "Microsoft-Windows-Diagnosis-Scripted/Operational", "Provider_Name": "Microsoft-Windows-Diagnosis-Scripted", "Computer": "DESKTOP-OFJ6N53", "TimeCreated": "2024-10-06 10:02:54.044252+00:00", "RecordID": "571", "Level": "4", "UserID": "S-1-5-21-963789628-1060504924-4285088085-1001", "EventData.PackageId": "MaintenanceDiagnostic"}
{"EventID": "104", "Channel": "Microsoft-Windows-Diagnosis-Scripted/Operational", "Provider_Name": "Microsoft-Windows-Diagnosis-Scripted", "Computer": "DESKTOP-OFJ6N53", "TimeCreated": "2024-10-06 10:02:57.395428+00:00", "RecordID": "572", "Level": "4", "UserID": "S-1-5-21-963789628-1060504924-4285088085-1001", "EventData.PackageId": "MaintenanceDiagnostic"}
{"EventID": "101", "Channel": "Microsoft-Windows-Diagnosis-Scripted/Operational", "Provider_Name": "Microsoft-Windows-Diagnosis-Scripted", "Computer": "DESKTOP-OFJ6N53", "TimeCreated": "2024-10-16 22:57:47.112926+00:00", "RecordID": "573", "Level": "4", "UserID": "S-1-5-21-963789628-1060504924-4285088085-1001", "EventData.PackagePath": "C:\\Windows\\diagnostics\\scheduled\\Maintenance"}
{"EventID": "102", "Channel": "Microsoft-Windows-Diagnosis-Scripted/Operational", "Provider_Name": "Microsoft-Windows-Diagnosis-Scripted", "Computer": "DESKTOP-OFJ6N53", "TimeCreated": "2024-10-16 22:57:47.447268+00:00", "RecordID": "574", "Level": "4", "UserID": "S-1-5-21-963789628-1060504924-4285088085-1001", "EventData.PackagePath": "C:\\Windows\\diagnostics\\scheduled\\Maintenance"}
{"EventID": "103", "Channel": "Microsoft-Windows-Diagnosis-Scripted/Operational", "Provider_Name": "Microsoft-Windows-Diagnosis-Scripted", "Computer": "DESKTOP-OFJ6N53", "TimeCreated": "2024-10-16 22:57:47.449059+00:00", "RecordID": "575", "Level": "4", "UserID": "S-1-5-21-963789628-1060504924-4285088085-1001", "EventData.PackageId": "MaintenanceDiagnostic"}
{"EventID": "104", "Channel": "Microsoft-Windows-Diagnosis-Scripted/Operational", "Provider_Name": "Microsoft-Windows-Diagnosis-Scripted", "Computer": "DESKTOP-OFJ6N53", "TimeCreated": "2024-10-16 22:57:51.850887+00:00", "RecordID": "576", "Level": "4", "UserID": "S-1-5-21-963789628-1060504924-4285088085-1001", "EventData.PackageId": "MaintenanceDiagnostic"}
{"EventID": "101", "Channel": "Microsoft-Windows-Diagnosis-Scripted/Operational", "Provider_Name": "Microsoft-Windows-Diagnosis-Scripted", "Computer": "DESKTOP-OFJ6N53", "TimeCreated": "2024-10-20 08:25:59.979477+00:00", "RecordID": "577", "Level": "4", "UserID": "S-1-5-21-963789628-1060504924-4285088085-1001", "EventData.PackagePath": "C:\\Windows\\diagnostics\\scheduled\\Maintenance"}
{"EventID": "102", "Channel": "Microsoft-Windows-Diagnosis-Scripted/Operational", "Provider_Name": "Microsoft-Windows-Diagnosis-Scripted", "Computer": "DESKTOP-OFJ6N53", "TimeCreated": "2024-10-20 08:26:00.286631+00:00", "RecordID": "578", "Level": "4", "UserID": "S-1-5-21-963789628-1060504924-4285088085-1001", "EventData.PackagePath": "C:\\Windows\\diagnostics\\scheduled\\Maintenance"}
{"EventID": "103", "Channel": "Microsoft-Windows-Diagnosis-Scripted/Operational", "Provider_Name": "Microsoft-Windows-Diagnosis-Scripted", "Computer": "DESKTOP-OFJ6N53", "TimeCreated": "2024-10-20 08:26:00.288179+00:00", "RecordID": "579", "Level": "4", "UserID": "S-1-5-21-963789628-1060504924-4285088085-1001", "EventData.PackageId": "MaintenanceDiagnostic"}
{"EventID": "104", "Channel": "Microsoft-Windows-Diagnosis-Scripted/Operational", "Provider_Name": "Microsoft-Windows-Diagnosis-Scripted", "Computer": "DESKTOP-OFJ6N53", "TimeCreated": "2024-10-20 08:26:02.878418+00:00", "RecordID": "580", "Level": "4", "UserID": "S-1-5-21-963789628-1060504924-4285088085-1001", "EventData.PackageId": "MaintenanceDiagnostic"}
{"EventID": "101", "Channel": "Microsoft-Windows-Diagnosis-Scripted/Operational", "Provider_Name": "Microsoft-Windows-Diagnosis-Scripted", "Computer": "DESKTOP-OFJ6N53", "TimeCreated": "2024-10-27 08:26:16.242737+00:00", "RecordID": "581", "Level": "4", "UserID": "S-1-5-21-963789628-1060504924-4285088085-1001", "EventData.PackagePath": "C:\\Windows\\diagnostics\\scheduled\\Maintenance"}
{"EventID": "102", "Channel": "Microsoft-Windows-Diagnosis-Scripted/Operational", "Provider_Name": "Microsoft-Windows-Diagnosis-Scripted", "Computer": "DESKTOP-OFJ6N53", "TimeCreated": "2024-10-27 08:26:16.587990+00:00", "RecordID": "582", "Level": "4", "UserID": "S-1-5-21-963789628-1060504924-4285088085-1001", "EventData.PackagePath": "C:\\Windows\\diagnostics\\scheduled\\Maintenance"}
{"EventID": "103", "Channel": "Microsoft-Windows-Diagnosis-Scripted/Operational", "Provider_Name": "Microsoft-Windows-Diagnosis-Scripted", "Computer": "DESKTOP-OFJ6N53", "TimeCreated": "2024-10-27 08:26:16.589510+00:00", "RecordID": "583", "Level": "4", "UserID": "S-1-5-21-963789628-1060504924-4285088085-1001", "EventData.PackageId": "MaintenanceDiagnostic"}
{"EventID": "104", "Channel": "Microsoft-Windows-Diagnosis-Scripted/Operational", "Provider_Name": "Microsoft-Windows-Diagnosis-Scripted", "Computer": "DESKTOP-OFJ6N53", "TimeCreated": "2024-10-27 08:26:20.966970+00:00", "RecordID": "584", "Level": "4", "UserID": "S-1-5-21-963789628-1060504924-4285088085-1001", "EventData.PackageId": "MaintenanceDiagnostic"}
{"EventID": "101", "Channel": "Microsoft-Windows-Diagnosis-Scripted/Operational", "Provider_Name": "Microsoft-Windows-Diagnosis-Scripted", "Computer": "DESKTOP-OFJ6N53", "TimeCreated": "2024-11-03 08:25:40.018257+00:00", "RecordID": "585", "Level": "4", "UserID": "S-1-5-21-963789628-1060504924-4285088085-1001", "EventData.PackagePath": "C:\\Windows\\diagnostics\\scheduled\\Maintenance"}
{"EventID": "102", "Channel": "Microsoft-Windows-Diagnosis-Scripted/Operational", "Provider_Name": "Microsoft-Windows-Diagnosis-Scripted", "Computer": "DESKTOP-OFJ6N53", "TimeCreated": "2024-11-03 08:25:40.331312+00:00", "RecordID": "586", "Level": "4", "UserID": "S-1-5-21-963789628-1060504924-4285088085-1001", "EventData.PackagePath": "C:\\Windows\\diagnostics\\scheduled\\Maintenance"}
{"EventID": "103", "Channel": "Microsoft-Windows-Diagnosis-Scripted/Operational", "Provider_Name": "Microsoft-Windows-Diagnosis-Scripted", "Computer": "DESKTOP-OFJ6N53", "TimeCreated": "2024-11-03 08:25:40.333158+00:00", "RecordID": "587", "Level": "4", "UserID": "S-1-5-21-963789628-1060504924-4285088085-1001", "EventData.PackageId": "MaintenanceDiagnostic"}
{"EventID": "104", "Channel": "Microsoft-Windows-Diagnosis-Scripted/Operational", "Provider_Name": "Microsoft-Windows-Diagnosis-Scripted", "Computer": "DESKTOP-OFJ6N53", "TimeCreated": "2024-11-03 08:25:44.254604+00:00", "RecordID": "588", "Level": "4", "UserID": "S-1-5-21-963789628-1060504924-4285088085-1001", "EventData.PackageId": "MaintenanceDiagnostic"}
{"EventID": "101", "Channel": "Microsoft-Windows-Diagnosis-Scripted/Operational", "Provider_Name": "Microsoft-Windows-Diagnosis-Scripted", "Computer": "DESKTOP-OFJ6N53", "TimeCreated": "2024-11-10 08:26:25.639948+00:00", "RecordID": "589", "Level": "4", "UserID": "S-1-5-21-963789628-1060504924-4285088085-1001", "EventData.PackagePath": "C:\\Windows\\diagnostics\\scheduled\\Maintenance"}
{"EventID": "102", "Channel": "Microsoft-Windows-Diagnosis-Scripted/Operational", "Provider_Name": "Microsoft-Windows-Diagnosis-Scripted", "Computer": "DESKTOP-OFJ6N53", "TimeCreated": "2024-11-10 08:26:26.058901+00:00", "RecordID": "590", "Level": "4", "UserID": "S-1-5-21-963789628-1060504924-4285088085-1001", "EventData.PackagePath": "C:\\Windows\\diagnostics\\scheduled\\Maintenance"}
{"EventID": "103", "Channel": "Microsoft-Windows-Diagnosis-Scripted/Operational", "Provider_Name": "Microsoft-Windows-Diagnosis-Scripted", "Computer": "DESKTOP-OFJ6N53", "TimeCreated": "2024-11-10 08:26:26.060514+00:00", "RecordID": "591", "Level": "4", "UserID": "S-1-5-21-963789628-1060504924-4285088085-1001", "EventData.PackageId": "MaintenanceDiagnostic"}
{"EventID": "104", "Channel": "Microsoft-Windows-Diagnosis-Scripted/Operational", "Provider_Name": "Microsoft-Windows-Diagnosis-Scripted", "Computer": "DESKTOP-OFJ6N53", "TimeCreated": "2024-11-10 08:26:29.119951+00:00", "RecordID": "592", "Level": "4", "UserID": "S-1-5-21-963789628-1060504924-4285088085-1001", "EventData.PackageId": "MaintenanceDiagnostic"}
{"EventID": "101", "Channel": "Microsoft-Windows-Diagnosis-Scripted/Operational", "Provider_Name": "Microsoft-Windows-Diagnosis-Scripted", "Computer": "DESKTOP-OFJ6N53", "TimeCreated": "2024-11-20 13:52:48.513359+00:00", "RecordID": "593", "Level": "4", "UserID": "S-1-5-21-963789628-1060504924-4285088085-1001", "EventData.PackagePath": "C:\\Windows\\diagnostics\\scheduled\\Maintenance"}
{"EventID": "102", "Channel": "Microsoft-Windows-Diagnosis-Scripted/Operational", "Provider_Name": "Microsoft-Windows-Diagnosis-Scripted", "Computer": "DESKTOP-OFJ6N53", "TimeCreated": "2024-11-20 13:52:48.823349+00:00", "RecordID": "594", "Level": "4", "UserID": "S-1-5-21-963789628-1060504924-4285088085-1001", "EventData.PackagePath": "C:\\Windows\\diagnostics\\scheduled\\Maintenance"}
{"EventID": "103", "Channel": "Microsoft-Windows-Diagnosis-Scripted/Operational", "Provider_Name": "Microsoft-Windows-Diagnosis-Scripted", "Computer": "DESKTOP-OFJ6N53", "TimeCreated": "2024-11-20 13:52:48.824978+00:00", "RecordID": "595", "Level": "4", "UserID": "S-1-5-21-963789628-1060504924-4285088085-1001", "EventData.PackageId": "MaintenanceDiagnostic"}
{"EventID": "104", "Channel": "Microsoft-Windows-Diagnosis-Scripted/Operational", "Provider_Name": "Microsoft-Windows-Diagnosis-Scripted", "Computer": "DESKTOP-OFJ6N53", "TimeCreated": "2024-11-20 13:52:52.685556+00:00", "RecordID": "596", "Level": "4", "UserID": "S-1-5-21-963789628-1060504924-4285088085-1001", "EventData.PackageId": "MaintenanceDiagnostic"}
{"EventID": "101", "Channel": "Microsoft-Windows-Diagnosis-Scripted/Operational", "Provider_Name": "Microsoft-Windows-Diagnosis-Scripted", "Computer": "DESKTOP-OFJ6N53", "TimeCreated": "2024-11-24 08:45:40.123522+00:00", "RecordID": "597", "Level": "4", "UserID": "S-1-5-21-963789628-1060504924-4285088085-1001", "EventData.PackagePath": "C:\\Windows\\diagnostics\\scheduled\\Maintenance"}
{"EventID": "102", "Channel": "Microsoft-Windows-Diagnosis-Scripted/Operational", "Provider_Name": "Microsoft-Windows-Diagnosis-Scripted", "Computer": "DESKTOP-OFJ6N53", "TimeCreated": "2024-11-24 08:45:40.438885+00:00", "RecordID": "598", "Level": "4", "UserID": "S-1-5-21-963789628-1060504924-4285088085-1001", "EventData.PackagePath": "C:\\Windows\\diagnostics\\scheduled\\Maintenance"}
{"EventID": "103", "Channel": "Microsoft-Windows-Diagnosis-Scripted/Operational", "Provider_Name": "Microsoft-Windows-Diagnosis-Scripted", "Computer": "DESKTOP-OFJ6N53", "TimeCreated": "2024-11-24 08:45:40.440565+00:00", "RecordID": "599", "Level": "4", "UserID": "S-1-5-21-963789628-1060504924-4285088085-1001", "EventData.PackageId": "MaintenanceDiagnostic"}
{"EventID": "104", "Channel": "Microsoft-Windows-Diagnosis-Scripted/Operational", "Provider_Name": "Microsoft-Windows-Diagnosis-Scripted", "Computer": "DESKTOP-OFJ6N53", "TimeCreated": "2024-11-24 08:45:42.844872+00:00", "RecordID": "600", "Level": "4", "UserID": "S-1-5-21-963789628-1060504924-4285088085-1001", "EventData.PackageId": "MaintenanceDiagnostic"}
{"EventID": "101", "Channel": "Microsoft-Windows-Diagnosis-Scripted/Operational", "Provider_Name": "Microsoft-Windows-Diagnosis-Scripted", "Computer": "DESKTOP-OFJ6N53", "TimeCreated": "2024-12-01 08:45:58.120279+00:00", "RecordID": "601", "Level": "4", "UserID": "S-1-5-21-963789628-1060504924-4285088085-1001", "EventData.PackagePath": "C:\\Windows\\diagnostics\\scheduled\\Maintenance"}
{"EventID": "102", "Channel": "Microsoft-Windows-Diagnosis-Scripted/Operational", "Provider_Name": "Microsoft-Windows-Diagnosis-Scripted", "Computer": "DESKTOP-OFJ6N53", "TimeCreated": "2024-12-01 08:45:58.443722+00:00", "RecordID": "602", "Level": "4", "UserID": "S-1-5-21-963789628-1060504924-4285088085-1001", "EventData.PackagePath": "C:\\Windows\\diagnostics\\scheduled\\Maintenance"}
{"EventID": "103", "Channel": "Microsoft-Windows-Diagnosis-Scripted/Operational", "Provider_Name": "Microsoft-Windows-Diagnosis-Scripted", "Computer": "DESKTOP-OFJ6N53", "TimeCreated": "2024-12-01 08:45:58.445314+00:00", "RecordID": "603", "Level": "4", "UserID": "S-1-5-21-963789628-1060504924-4285088085-1001", "EventData.PackageId": "MaintenanceDiagnostic"}
{"EventID": "104", "Channel": "Microsoft-Windows-Diagnosis-Scripted/Operational", "Provider_Name": "Microsoft-Windows-Diagnosis-Scripted", "Computer": "DESKTOP-OFJ6N53", "TimeCreated": "2024-12-01 08:46:02.108921+00:00", "RecordID": "604", "Level": "4", "UserID": "S-1-5-21-963789628-1060504924-4285088085-1001", "EventData.PackageId": "MaintenanceDiagnostic"}
{"EventID": "101", "Channel": "Microsoft-Windows-Diagnosis-Scripted/Operational", "Provider_Name": "Microsoft-Windows-Diagnosis-Scripted", "Computer": "DESKTOP-OFJ6N53", "TimeCreated": "2024-12-08 10:24:04.218670+00:00", "RecordID": "605", "Level": "4", "UserID": "S-1-5-21-963789628-1060504924-4285088085-1001", "EventData.PackagePath": "C:\\Windows\\diagnostics\\scheduled\\Maintenance"}
{"EventID": "102", "Channel": "Microsoft-Windows-Diagnosis-Scripted/Operational", "Provider_Name": "Microsoft-Windows-Diagnosis-Scripted", "Computer": "DESKTOP-OFJ6N53", "TimeCreated": "2024-12-08 10:24:04.550785+00:00", "RecordID": "606", "Level": "4", "UserID": "S-1-5-21-963789628-1060504924-4285088085-1001", "EventData.PackagePath": "C:\\Windows\\diagnostics\\scheduled\\Maintenance"}
{"EventID": "103", "Channel": "Microsoft-Windows-Diagnosis-Scripted/Operational", "Provider_Name": "Microsoft-Windows-Diagnosis-Scripted", "Computer": "DESKTOP-OFJ6N53", "TimeCreated": "2024-12-08 10:24:04.552366+00:00", "RecordID": "607", "Level": "4", "UserID": "S-1-5-21-963789628-1060504924-4285088085-1001", "EventData.PackageId": "MaintenanceDiagnostic"}
{"EventID": "104", "Channel": "Microsoft-Windows-Diagnosis-Scripted/Operational", "Provider_Name": "Microsoft-Windows-Diagnosis-Scripted", "Computer": "DESKTOP-OFJ6N53", "TimeCreated": "2024-12-08 10:24:12.704830+00:00", "RecordID": "608", "Level": "4", "UserID": "S-1-5-21-963789628-1060504924-4285088085-1001", "EventData.PackageId": "MaintenanceDiagnostic"}
{"EventID": "101", "Channel": "Microsoft-Windows-Diagnosis-Scripted/Operational", "Provider_Name": "Microsoft-Windows-Diagnosis-Scripted", "Computer": "DESKTOP-OFJ6N53", "TimeCreated": "2024-12-15 09:06:23.652418+00:00", "RecordID": "609", "Level": "4", "UserID": "S-1-5-21-963789628-1060504924-4285088085-1001", "EventData.PackagePath": "C:\\Windows\\diagnostics\\scheduled\\Maintenance"}
{"EventID": "102", "Channel": "Microsoft-Windows-Diagnosis-Scripted/Operational", "Provider_Name": "Microsoft-Windows-Diagnosis-Scripted", "Computer": "DESKTOP-OFJ6N53", "TimeCreated": "2024-12-15 09:06:23.975414+00:00", "RecordID": "610", "Level": "4", "UserID": "S-1-5-21-963789628-1060504924-4285088085-1001", "EventData.PackagePath": "C:\\Windows\\diagnostics\\scheduled\\Maintenance"}
{"EventID": "103", "Channel": "Microsoft-Windows-Diagnosis-Scripted/Operational", "Provider_Name": "Microsoft-Windows-Diagnosis-Scripted", "Computer": "DESKTOP-OFJ6N53", "TimeCreated": "2024-12-15 09:06:23.976906+00:00", "RecordID": "611", "Level": "4", "UserID": "S-1-5-21-963789628-1060504924-4285088085-1001", "EventData.PackageId": "MaintenanceDiagnostic"}
{"EventID": "104", "Channel": "Microsoft-Windows-Diagnosis-Scripted/Operational", "Provider_Name": "Microsoft-Windows-Diagnosis-Scripted", "Computer": "DESKTOP-OFJ6N53", "TimeCreated": "2024-12-15 09:06:25.983862+00:00", "RecordID": "612", "Level": "4", "UserID": "S-1-5-21-963789628-1060504924-4285088085-1001", "EventData.PackageId": "MaintenanceDiagnostic"}
{"EventID": "101", "Channel": "Microsoft-Windows-Diagnosis-Scripted/Operational", "Provider_Name": "Microsoft-Windows-Diagnosis-Scripted", "Computer": "DESKTOP-OFJ6N53", "TimeCreated": "2024-12-22 09:06:40.523989+00:00", "RecordID": "613", "Level": "4", "UserID": "S-1-5-21-963789628-1060504924-4285088085-1001", "EventData.PackagePath": "C:\\Windows\\diagnostics\\scheduled\\Maintenance"}
{"EventID": "102", "Channel": "Microsoft-Windows-Diagnosis-Scripted/Operational", "Provider_Name": "Microsoft-Windows-Diagnosis-Scripted", "Computer": "DESKTOP-OFJ6N53", "TimeCreated": "2024-12-22 09:06:40.848713+00:00", "RecordID": "614", "Level": "4", "UserID": "S-1-5-21-963789628-1060504924-4285088085-1001", "EventData.PackagePath": "C:\\Windows\\diagnostics\\scheduled\\Maintenance"}
{"EventID": "103", "Channel": "Microsoft-Windows-Diagnosis-Scripted/Operational", "Provider_Name": "Microsoft-Windows-Diagnosis-Scripted", "Computer": "DESKTOP-OFJ6N53", "TimeCreated": "2024-12-22 09:06:40.850277+00:00", "RecordID": "615", "Level": "4", "UserID": "S-1-5-21-963789628-1060504924-4285088085-1001", "EventData.PackageId": "MaintenanceDiagnostic"}
{"EventID": "104", "Channel": "Microsoft-Windows-Diagnosis-Scripted/Operational", "Provider_Name": "Microsoft-Windows-Diagnosis-Scripted", "Computer": "DESKTOP-OFJ6N53", "TimeCreated": "2024-12-22 09:06:45.727207+00:00", "RecordID": "616", "Level": "4", "UserID": "S-1-5-21-963789628-1060504924-4285088085-1001", "EventData.PackageId": "MaintenanceDiagnostic"}
{"EventID": "101", "Channel": "Microsoft-Windows-Diagnosis-Scripted/Operational", "Provider_Name": "Microsoft-Windows-Diagnosis-Scripted", "Computer": "DESKTOP-OFJ6N53", "TimeCreated": "2024-12-29 10:10:18.755583+00:00", "RecordID": "617", "Level": "4", "UserID": "S-1-5-21-963789628-1060504924-4285088085-1001", "EventData.PackagePath": "C:\\Windows\\diagnostics\\scheduled\\Maintenance"}
{"EventID": "102", "Channel": "Microsoft-Windows-Diagnosis-Scripted/Operational", "Provider_Name": "Microsoft-Windows-Diagnosis-Scripted", "Computer": "DESKTOP-OFJ6N53", "TimeCreated": "2024-12-29 10:10:19.089792+00:00", "RecordID": "618", "Level": "4", "UserID": "S-1-5-21-963789628-1060504924-4285088085-1001", "EventData.PackagePath": "C:\\Windows\\diagnostics\\scheduled\\Maintenance"}
{"EventID": "103", "Channel": "Microsoft-Windows-Diagnosis-Scripted/Operational", "Provider_Name": "Microsoft-Windows-Diagnosis-Scripted", "Computer": "DESKTOP-OFJ6N53", "TimeCreated": "2024-12-29 10:10:19.092319+00:00", "RecordID": "619", "Level": "4", "UserID": "S-1-5-21-963789628-1060504924-4285088085-1001", "EventData.PackageId": "MaintenanceDiagnostic"}
{"EventID": "104", "Channel": "Microsoft-Windows-Diagnosis-Scripted/Operational", "Provider_Name": "Microsoft-Windows-Diagnosis-Scripted", "Computer": "DESKTOP-OFJ6N53", "TimeCreated": "2024-12-29 10:10:23.987186+00:00", "RecordID": "620", "Level": "4", "UserID": "S-1-5-21-963789628-1060504924-4285088085-1001", "EventData.PackageId": "MaintenanceDiagnostic"}
{"EventID": "101", "Channel": "Microsoft-Windows-Diagnosis-Scripted/Operational", "Provider_Name": "Microsoft-Windows-Diagnosis-Scripted", "Computer": "DESKTOP-OFJ6N53", "TimeCreated": "2025-01-05 10:10:28.100006+00:00", "RecordID": "621", "Level": "4", "UserID": "S-1-5-21-963789628-1060504924-4285088085-1001", "EventData.PackagePath": "C:\\Windows\\diagnostics\\scheduled\\Maintenance"}
{"EventID": "102", "Channel": "Microsoft-Windows-Diagnosis-Scripted/Operational", "Provider_Name": "Microsoft-Windows-Diagnosis-Scripted", "Computer": "DESKTOP-OFJ6N53", "TimeCreated": "2025-01-05 10:10:28.434172+00:00", "RecordID": "622", "Level": "4", "UserID": "S-1-5-21-963789628-1060504924-4285088085-1001", "EventData.PackagePath": "C:\\Windows\\diagnostics\\scheduled\\Maintenance"}
{"EventID": "103", "Channel": "Microsoft-Windows-Diagnosis-Scripted/Operational", "Provider_Name": "Microsoft-Windows-Diagnosis-Scripted", "Computer": "DESKTOP-OFJ6N53", "TimeCreated": "2025-01-05 10:10:28.435520+00:00", "RecordID": "623", "Level": "4", "UserID": "S-1-5-21-963789628-1060504924-4285088085-1001", "EventData.PackageId": "MaintenanceDiagnostic"}
{"EventID": "104", "Channel": "Microsoft-Windows-Diagnosis-Scripted/Operational", "Provider_Name": "Microsoft-Windows-Diagnosis-Scripted", "Computer": "DESKTOP-OFJ6N53", "TimeCreated": "2025-01-05 10:10:31.065565+00:00", "RecordID": "624", "Level": "4", "UserID": "S-1-5-21-963789628-1060504924-4285088085-1001", "EventData.PackageId": "MaintenanceDiagnostic"}
{"EventID": "101", "Channel": "Microsoft-Windows-Diagnosis-Scripted/Operational", "Provider_Name": "Microsoft-Windows-Diagnosis-Scripted", "Computer": "DESKTOP-OFJ6N53", "TimeCreated": "2025-01-12 08:55:20.803421+00:00", "RecordID": "625", "Level": "4", "UserID": "S-1-5-21-963789628-1060504924-4285088085-1001", "EventData.PackagePath": "C:\\Windows\\diagnostics\\scheduled\\Maintenance"}
{"EventID": "102", "Channel": "Microsoft-Windows-Diagnosis-Scripted/Operational", "Provider_Name": "Microsoft-Windows-Diagnosis-Scripted", "Computer": "DESKTOP-OFJ6N53", "TimeCreated": "2025-01-12 08:55:21.112471+00:00", "RecordID": "626", "Level": "4", "UserID": "S-1-5-21-963789628-1060504924-4285088085-1001", "EventData.PackagePath": "C:\\Windows\\diagnostics\\scheduled\\Maintenance"}
{"EventID": "103", "Channel": "Microsoft-Windows-Diagnosis-Scripted/Operational", "Provider_Name": "Microsoft-Windows-Diagnosis-Scripted", "Computer": "DESKTOP-OFJ6N53", "TimeCreated": "2025-01-12 08:55:21.113874+00:00", "RecordID": "627", "Level": "4", "UserID": "S-1-5-21-963789628-1060504924-4285088085-1001", "EventData.PackageId": "MaintenanceDiagnostic"}
{"EventID": "104", "Channel": "Microsoft-Windows-Diagnosis-Scripted/Operational", "Provider_Name": "Microsoft-Windows-Diagnosis-Scripted", "Computer": "DESKTOP-OFJ6N53", "TimeCreated": "2025-01-12 08:55:28.479313+00:00", "RecordID": "628", "Level": "4", "UserID": "S-1-5-21-963789628-1060504924-4285088085-1001", "EventData.PackageId": "MaintenanceDiagnostic"}
{"EventID": "101", "Channel": "Microsoft-Windows-Diagnosis-Scripted/Operational", "Provider_Name": "Microsoft-Windows-Diagnosis-Scripted", "Computer": "DESKTOP-OFJ6N53", "TimeCreated": "2025-01-19 09:22:46.822884+00:00", "RecordID": "629", "Level": "4", "UserID": "S-1-5-21-963789628-1060504924-4285088085-1001", "EventData.PackagePath": "C:\\Windows\\diagnostics\\scheduled\\Maintenance"}
{"EventID": "102", "Channel": "Microsoft-Windows-Diagnosis-Scripted/Operational", "Provider_Name": "Microsoft-Windows-Diagnosis-Scripted", "Computer": "DESKTOP-OFJ6N53", "TimeCreated": "2025-01-19 09:22:47.186089+00:00", "RecordID": "630", "Level": "4", "UserID": "S-1-5-21-963789628-1060504924-4285088085-1001", "EventData.PackagePath": "C:\\Windows\\diagnostics\\scheduled\\Maintenance"}
{"EventID": "103", "Channel": "Microsoft-Windows-Diagnosis-Scripted/Operational", "Provider_Name": "Microsoft-Windows-Diagnosis-Scripted", "Computer": "DESKTOP-OFJ6N53", "TimeCreated": "2025-01-19 09:22:47.187717+00:00", "RecordID": "631", "Level": "4", "UserID": "S-1-5-21-963789628-1060504924-4285088085-1001", "EventData.PackageId": "MaintenanceDiagnostic"}
{"EventID": "104", "Channel": "Microsoft-Windows-Diagnosis-Scripted/Operational", "Provider_Name": "Microsoft-Windows-Diagnosis-Scripted", "Computer": "DESKTOP-OFJ6N53", "TimeCreated": "2025-01-19 09:22:49.211823+00:00", "RecordID": "632", "Level": "4", "UserID": "S-1-5-21-963789628-1060504924-4285088085-1001", "EventData.PackageId": "MaintenanceDiagnostic"}
{"EventID": "101", "Channel": "Microsoft-Windows-Diagnosis-Scripted/Operational", "Provider_Name": "Microsoft-Windows-Diagnosis-Scripted", "Computer": "DESKTOP-OFJ6N53", "TimeCreated": "2025-01-26 10:03:24.535784+00:00", "RecordID": "633", "Level": "4", "UserID": "S-1-5-21-963789628-1060504924-4285088085-1001", "EventData.PackagePath": "C:\\Windows\\diagnostics\\scheduled\\Maintenance"}
{"EventID": "102", "Channel": "Microsoft-Windows-Diagnosis-Scripted/Operational", "Provider_Name": "Microsoft-Windows-Diagnosis-Scripted", "Computer": "DESKTOP-OFJ6N53", "TimeCreated": "2025-01-26 10:03:24.948843+00:00", "RecordID": "634", "Level": "4", "UserID": "S-1-5-21-963789628-1060504924-4285088085-1001", "EventData.PackagePath": "C:\\Windows\\diagnostics\\scheduled\\Maintenance"}
{"EventID": "103", "Channel": "Microsoft-Windows-Diagnosis-Scripted/Operational", "Provider_Name": "Microsoft-Windows-Diagnosis-Scripted", "Computer": "DESKTOP-OFJ6N53", "TimeCreated": "2025-01-26 10:03:24.950674+00:00", "RecordID": "635", "Level": "4", "UserID": "S-1-5-21-963789628-1060504924-4285088085-1001", "EventData.PackageId": "MaintenanceDiagnostic"}
{"EventID": "104", "Channel": "Microsoft-Windows-Diagnosis-Scripted/Operational", "Provider_Name": "Microsoft-Windows-Diagnosis-Scripted", "Computer": "DESKTOP-OFJ6N53", "TimeCreated": "2025-01-26 10:03:28.248661+00:00", "RecordID": "636", "Level": "4", "UserID": "S-1-5-21-963789628-1060504924-4285088085-1001", "EventData.PackageId": "MaintenanceDiagnostic"}
{"EventID": "101", "Channel": "Microsoft-Windows-Diagnosis-Scripted/Operational", "Provider_Name": "Microsoft-Windows-Diagnosis-Scripted", "Computer": "DESKTOP-OFJ6N53", "TimeCreated": "2025-02-02 10:03:44.917982+00:00", "RecordID": "637", "Level": "4", "UserID": "S-1-5-21-963789628-1060504924-4285088085-1001", "EventData.PackagePath": "C:\\Windows\\diagnostics\\scheduled\\Maintenance"}
{"EventID": "102", "Channel": "Microsoft-Windows-Diagnosis-Scripted/Operational", "Provider_Name": "Microsoft-Windows-Diagnosis-Scripted", "Computer": "DESKTOP-OFJ6N53", "TimeCreated": "2025-02-02 10:03:45.238575+00:00", "RecordID": "638", "Level": "4", "UserID": "S-1-5-21-963789628-1060504924-4285088085-1001", "EventData.PackagePath": "C:\\Windows\\diagnostics\\scheduled\\Maintenance"}
{"EventID": "103", "Channel": "Microsoft-Windows-Diagnosis-Scripted/Operational", "Provider_Name": "Microsoft-Windows-Diagnosis-Scripted", "Computer": "DESKTOP-OFJ6N53", "TimeCreated": "2025-02-02 10:03:45.240229+00:00", "RecordID": "639", "Level": "4", "UserID": "S-1-5-21-963789628-1060504924-4285088085-1001", "EventData.PackageId": "MaintenanceDiagnostic"}
{"EventID": "104", "Channel": "Microsoft-Windows-Diagnosis-Scripted/Operational", "Provider_Name": "Microsoft-Windows-Diagnosis-Scripted", "Computer": "DESKTOP-OFJ6N53", "TimeCreated": "2025-02-02 10:03:51.407595+00:00", "RecordID": "640", "Level": "4", "UserID": "S-1-5-21-963789628-1060504924-4285088085-1001", "EventData.PackageId": "MaintenanceDiagnostic"}
{"EventID": "101", "Channel": "Microsoft-Windows-Diagnosis-Scripted/Operational", "Provider_Name": "Microsoft-Windows-Diagnosis-Scripted", "Computer": "DESKTOP-OFJ6N53", "TimeCreated": "2025-02-09 10:02:10.763521+00:00", "RecordID": "641", "Level": "4", "UserID": "S-1-5-21-963789628-1060504924-4285088085-1001", "EventData.PackagePath": "C:\\Windows\\diagnostics\\scheduled\\Maintenance"}
{"EventID": "102", "Channel": "Microsoft-Windows-Diagnosis-Scripted/Operational", "Provider_Name": "Microsoft-Windows-Diagnosis-Scripted", "Computer": "DESKTOP-OFJ6N53", "TimeCreated": "2025-02-09 10:02:11.874294+00:00", "RecordID": "642", "Level": "4", "UserID": "S-1-5-21-963789628-1060504924-4285088085-1001", "EventData.PackagePath": "C:\\Windows\\diagnostics\\scheduled\\Maintenance"}
{"EventID": "103", "Channel": "Microsoft-Windows-Diagnosis-Scripted/Operational", "Provider_Name": "Microsoft-Windows-Diagnosis-Scripted", "Computer": "DESKTOP-OFJ6N53", "TimeCreated": "2025-02-09 10:02:11.875906+00:00", "RecordID": "643", "Level": "4", "UserID": "S-1-5-21-963789628-1060504924-4285088085-1001", "EventData.PackageId": "MaintenanceDiagnostic"}
{"EventID": "104", "Channel": "Microsoft-Windows-Diagnosis-Scripted/Operational", "Provider_Name": "Microsoft-Windows-Diagnosis-Scripted", "Computer": "DESKTOP-OFJ6N53", "TimeCreated": "2025-02-09 10:02:21.422867+00:00", "RecordID": "644", "Level": "4", "UserID": "S-1-5-21-963789628-1060504924-4285088085-1001", "EventData.PackageId": "MaintenanceDiagnostic"}
{"EventID": "101", "Channel": "Microsoft-Windows-Diagnosis-Scripted/Operational", "Provider_Name": "Microsoft-Windows-Diagnosis-Scripted", "Computer": "DESKTOP-OFJ6N53", "TimeCreated": "2025-02-16 08:51:59.078735+00:00", "RecordID": "645", "Level": "4", "UserID": "S-1-5-21-963789628-1060504924-4285088085-1001", "EventData.PackagePath": "C:\\Windows\\diagnostics\\scheduled\\Maintenance"}
{"EventID": "102", "Channel": "Microsoft-Windows-Diagnosis-Scripted/Operational", "Provider_Name": "Microsoft-Windows-Diagnosis-Scripted", "Computer": "DESKTOP-OFJ6N53", "TimeCreated": "2025-02-16 08:52:00.419983+00:00", "RecordID": "646", "Level": "4", "UserID": "S-1-5-21-963789628-1060504924-4285088085-1001", "EventData.PackagePath": "C:\\Windows\\diagnostics\\scheduled\\Maintenance"}
{"EventID": "103", "Channel": "Microsoft-Windows-Diagnosis-Scripted/Operational", "Provider_Name": "Microsoft-Windows-Diagnosis-Scripted", "Computer": "DESKTOP-OFJ6N53", "TimeCreated": "2025-02-16 08:52:00.421841+00:00", "RecordID": "647", "Level": "4", "UserID": "S-1-5-21-963789628-1060504924-4285088085-1001", "EventData.PackageId": "MaintenanceDiagnostic"}
{"EventID": "104", "Channel": "Microsoft-Windows-Diagnosis-Scripted/Operational", "Provider_Name": "Microsoft-Windows-Diagnosis-Scripted", "Computer": "DESKTOP-OFJ6N53", "TimeCreated": "2025-02-16 08:52:11.303982+00:00", "RecordID": "648", "Level": "4", "UserID": "S-1-5-21-963789628-1060504924-4285088085-1001", "EventData.PackageId": "MaintenanceDiagnostic"}
{"EventID": "101", "Channel": "Microsoft-Windows-Diagnosis-Scripted/Operational", "Provider_Name": "Microsoft-Windows-Diagnosis-Scripted", "Computer": "DESKTOP-OFJ6N53", "TimeCreated": "2025-02-23 08:54:55.954260+00:00", "RecordID": "649", "Level": "4", "UserID": "S-1-5-21-963789628-1060504924-4285088085-1001", "EventData.PackagePath": "C:\\Windows\\diagnostics\\scheduled\\Maintenance"}
{"EventID": "102", "Channel": "Microsoft-Windows-Diagnosis-Scripted/Operational", "Provider_Name": "Microsoft-Windows-Diagnosis-Scripted", "Computer": "DESKTOP-OFJ6N53", "TimeCreated": "2025-02-23 08:54:56.316072+00:00", "RecordID": "650", "Level": "4", "UserID": "S-1-5-21-963789628-1060504924-4285088085-1001", "EventData.PackagePath": "C:\\Windows\\diagnostics\\scheduled\\Maintenance"}
{"EventID": "103", "Channel": "Microsoft-Windows-Diagnosis-Scripted/Operational", "Provider_Name": "Microsoft-Windows-Diagnosis-Scripted", "Computer": "DESKTOP-OFJ6N53", "TimeCreated": "2025-02-23 08:54:56.317783+00:00", "RecordID": "651", "Level": "4", "UserID": "S-1-5-21-963789628-1060504924-4285088085-1001", "EventData.PackageId": "MaintenanceDiagnostic"}
{"EventID": "104", "Channel": "Microsoft-Windows-Diagnosis-Scripted/Operational", "Provider_Name": "Microsoft-Windows-Diagnosis-Scripted", "Computer": "DESKTOP-OFJ6N53", "TimeCreated": "2025-02-23 08:55:00.493460+00:00", "RecordID": "652", "Level": "4", "UserID": "S-1-5-21-963789628-1060504924-4285088085-1001", "EventData.PackageId": "MaintenanceDiagnostic"}
{"EventID": "101", "Channel": "Microsoft-Windows-Diagnosis-Scripted/Operational", "Provider_Name": "Microsoft-Windows-Diagnosis-Scripted", "Computer": "DESKTOP-OFJ6N53", "TimeCreated": "2025-03-02 08:54:56.040020+00:00", "RecordID": "653", "Level": "4", "UserID": "S-1-5-21-963789628-1060504924-4285088085-1001", "EventData.PackagePath": "C:\\Windows\\diagnostics\\scheduled\\Maintenance"}
{"EventID": "102", "Channel": "Microsoft-Windows-Diagnosis-Scripted/Operational", "Provider_Name": "Microsoft-Windows-Diagnosis-Scripted", "Computer": "DESKTOP-OFJ6N53", "TimeCreated": "2025-03-02 08:54:56.369690+00:00", "RecordID": "654", "Level": "4", "UserID": "S-1-5-21-963789628-1060504924-4285088085-1001", "EventData.PackagePath": "C:\\Windows\\diagnostics\\scheduled\\Maintenance"}
{"EventID": "103", "Channel": "Microsoft-Windows-Diagnosis-Scripted/Operational", "Provider_Name": "Microsoft-Windows-Diagnosis-Scripted", "Computer": "DESKTOP-OFJ6N53", "TimeCreated": "2025-03-02 08:54:56.371910+00:00", "RecordID": "655", "Level": "4", "UserID": "S-1-5-21-963789628-1060504924-4285088085-1001", "EventData.PackageId": "MaintenanceDiagnostic"}
{"EventID": "104", "Channel": "Microsoft-Windows-Diagnosis-Scripted/Operational", "Provider_Name": "Microsoft-Windows-Diagnosis-Scripted", "Computer": "DESKTOP-OFJ6N53", "TimeCreated": "2025-03-02 08:54:59.473320+00:00", "RecordID": "656", "Level": "4", "UserID": "S-1-5-21-963789628-1060504924-4285088085-1001", "EventData.PackageId": "MaintenanceDiagnostic"}
{"EventID": "101", "Channel": "Microsoft-Windows-Diagnosis-Scripted/Operational", "Provider_Name": "Microsoft-Windows-Diagnosis-Scripted", "Computer": "DESKTOP-OFJ6N53", "TimeCreated": "2025-03-09 09:04:06.450439+00:00", "RecordID": "657", "Level": "4", "UserID": "S-1-5-21-963789628-1060504924-4285088085-1001", "EventData.PackagePath": "C:\\Windows\\diagnostics\\scheduled\\Maintenance"}
{"EventID": "102", "Channel": "Microsoft-Windows-Diagnosis-Scripted/Operational", "Provider_Name": "Microsoft-Windows-Diagnosis-Scripted", "Computer": "DESKTOP-OFJ6N53", "TimeCreated": "2025-03-09 09:04:06.842119+00:00", "RecordID": "658", "Level": "4", "UserID": "S-1-5-21-963789628-1060504924-4285088085-1001", "EventData.PackagePath": "C:\\Windows\\diagnostics\\scheduled\\Maintenance"}
{"EventID": "103", "Channel": "Microsoft-Windows-Diagnosis-Scripted/Operational", "Provider_Name": "Microsoft-Windows-Diagnosis-Scripted", "Computer": "DESKTOP-OFJ6N53", "TimeCreated": "2025-03-09 09:04:06.843723+00:00", "RecordID": "659", "Level": "4", "UserID": "S-1-5-21-963789628-1060504924-4285088085-1001", "EventData.PackageId": "MaintenanceDiagnostic"}
{"EventID": "104", "Channel": "Microsoft-Windows-Diagnosis-Scripted/Operational", "Provider_Name": "Microsoft-Windows-Diagnosis-Scripted", "Computer": "DESKTOP-OFJ6N53", "TimeCreated": "2025-03-09 09:04:28.748232+00:00", "RecordID": "660", "Level": "4", "UserID": "S-1-5-21-963789628-1060504924-4285088085-1001", "EventData.PackageId": "MaintenanceDiagnostic"}
{"EventID": "101", "Channel": "Microsoft-Windows-Diagnosis-Scripted/Operational", "Provider_Name": "Microsoft-Windows-Diagnosis-Scripted", "Computer": "DESKTOP-OFJ6N53", "TimeCreated": "2025-03-16 10:17:15.898544+00:00", "RecordID": "661", "Level": "4", "UserID": "S-1-5-21-963789628-1060504924-4285088085-1001", "EventData.PackagePath": "C:\\Windows\\diagnostics\\scheduled\\Maintenance"}
{"EventID": "102", "Channel": "Microsoft-Windows-Diagnosis-Scripted/Operational", "Provider_Name": "Microsoft-Windows-Diagnosis-Scripted", "Computer": "DESKTOP-OFJ6N53", "TimeCreated": "2025-03-16 10:17:16.296511+00:00", "RecordID": "662", "Level": "4", "UserID": "S-1-5-21-963789628-1060504924-4285088085-1001", "EventData.PackagePath": "C:\\Windows\\diagnostics\\scheduled\\Maintenance"}
{"EventID": "103", "Channel": "Microsoft-Windows-Diagnosis-Scripted/Operational", "Provider_Name": "Microsoft-Windows-Diagnosis-Scripted", "Computer": "DESKTOP-OFJ6N53", "TimeCreated": "2025-03-16 10:17:16.298141+00:00", "RecordID": "663", "Level": "4", "UserID": "S-1-5-21-963789628-1060504924-4285088085-1001", "EventData.PackageId": "MaintenanceDiagnostic"}
