{"EventID": "811", "Channel": "Microsoft-Windows-Winlogon/Operational", "Provider_Name": "Microsoft-Windows-Winlogon", "Computer": "DESKTOP-OFJ6N53", "TimeCreated": "2025-08-19 08:03:39.068800+00:00", "RecordID": "34979", "Level": "4", "UserID": "S-1-5-21-963789628-1060504924-4285088085-1001", "EventData.Event": "4", "EventData.SubscriberName": "TermSrv"}
{"EventID": "812", "Channel": "Microsoft-Windows-Winlogon/Operational", "Provider_Name": "Microsoft-Windows-Winlogon", "Computer": "DESKTOP-OFJ6N53", "TimeCreated": "2025-08-19 08:03:39.083090+00:00", "RecordID": "34980", "Level": "4", "UserID": "S-1-5-21-963789628-1060504924-4285088085-1001", "EventData.Event": "4", "EventData.SubscriberName": "TermSrv"}
{"EventID": "811", "Channel": "Microsoft-Windows-Winlogon/Operational", "Provider_Name": "Microsoft-Windows-Winlogon", "Computer": "DESKTOP-OFJ6N53", "TimeCreated": "2025-08-19 08:03:39.089579+00:00", "RecordID": "34981", "Level": "4", "UserID": "S-1-5-21-963789628-1060504924-4285088085-1001", "EventData.Event": "8", "EventData.SubscriberName": "Sens"}
{"EventID": "812", "Channel": "Microsoft-Windows-Winlogon/Operational", "Provider_Name": "Microsoft-Windows-Winlogon", "Computer": "DESKTOP-OFJ6N53", "TimeCreated": "2025-08-19 08:03:39.105478+00:00", "RecordID": "34982", "Level": "4", "UserID": "S-1-5-21-963789628-1060504924-4285088085-1001", "EventData.Event": "8", "EventData.SubscriberName": "Sens"}
{"EventID": "811", "Channel": "Microsoft-Windows-Winlogon/Operational", "Provider_Name": "Microsoft-Windows-Winlogon", "Computer": "DESKTOP-OFJ6N53", "TimeCreated": "2025-08-19 08:03:39.111805+00:00", "RecordID": "34983", "Level": "4", "UserID": "S-1-5-21-963789628-1060504924-4285088085-1001", "EventData.Event": "8", "EventData.SubscriberName": "SessionEnv"}
{"EventID": "812", "Channel": "Microsoft-Windows-Winlogon/Operational", "Provider_Name": "Microsoft-Windows-Winlogon", "Computer": "DESKTOP-OFJ6N53", "TimeCreated": "2025-08-19 08:03:39.134962+00:00", "RecordID": "34984", "Level": "4", "UserID": "S-1-5-21-963789628-1060504924-4285088085-1001", "EventData.Event": "8", "EventData.SubscriberName": "SessionEnv"}
{"EventID": "811", "Channel": "Microsoft-Windows-Winlogon/Operational", "Provider_Name": "Microsoft-Windows-Winlogon", "Computer": "DESKTOP-OFJ6N53", "TimeCreated": "2025-08-19 09:13:41.658581+00:00", "RecordID": "34985", "Level": "4", "UserID": "S-1-5-21-963789628-1060504924-4285088085-1001", "EventData.Event": "9", "EventData.SubscriberName": "Sens"}
{"EventID": "812", "Channel": "Microsoft-Windows-Winlogon/Operational", "Provider_Name": "Microsoft-Windows-Winlogon", "Computer": "DESKTOP-OFJ6N53", "TimeCreated": "2025-08-19 09:13:41.736946+00:00", "RecordID": "34986", "Level": "4", "UserID": "S-1-5-21-963789628-1060504924-4285088085-1001", "EventData.Event": "9", "EventData.SubscriberName": "Sens"}
{"EventID": "811", "Channel": "Microsoft-Windows-Winlogon/Operational", "Provider_Name": "Microsoft-Windows-Winlogon", "Computer": "DESKTOP-OFJ6N53", "TimeCreated": "2025-08-19 09:13:41.745333+00:00", "RecordID": "34987", "Level": "4", "UserID": "S-1-5-21-963789628-1060504924-4285088085-1001", "EventData.Event": "9", "EventData.SubscriberName": "SessionEnv"}
{"EventID": "812", "Channel": "Microsoft-Windows-Winlogon/Operational", "Provider_Name": "Microsoft-Windows-Winlogon", "Computer": "DESKTOP-OFJ6N53", "TimeCreated": "2025-08-19 09:13:41.906935+00:00", "RecordID": "34988", "Level": "4", "UserID": "S-1-5-21-963789628-1060504924-4285088085-1001", "EventData.Event": "9", "EventData.SubscriberName": "SessionEnv"}
{"EventID": "811", "Channel": "Microsoft-Windows-Winlogon/Operational", "Provider_Name": "Microsoft-Windows-Winlogon", "Computer": "DESKTOP-OFJ6N53", "TimeCreated": "2025-08-19 09:13:43.234455+00:00", "RecordID": "34989", "Level": "4", "UserID": "S-1-5-21-963789628-1060504924-4285088085-1001", "EventData.Event": "5", "EventData.SubscriberName": "Sens"}
{"EventID": "812", "Channel": "Microsoft-Windows-Winlogon/Operational", "Provider_Name": "Microsoft-Windows-Winlogon", "Computer": "DESKTOP-OFJ6N53", "TimeCreated": "2025-08-19 09:13:43.238283+00:00", "RecordID": "34990", "Level": "4", "UserID": "S-1-5-21-963789628-1060504924-4285088085-1001", "EventData.Event": "5", "EventData.SubscriberName": "Sens"}
{"EventID": "811", "Channel": "Microsoft-Windows-Winlogon/Operational", "Provider_Name": "Microsoft-Windows-Winlogon", "Computer": "DESKTOP-OFJ6N53", "TimeCreated": "2025-08-19 09:13:43.238581+00:00", "RecordID": "34991", "Level": "4", "UserID": "S-1-5-21-963789628-1060504924-4285088085-1001", "EventData.Event": "5", "EventData.SubscriberName": "TermSrv"}
{"EventID": "812", "Channel": "Microsoft-Windows-Winlogon/Operational", "Provider_Name": "Microsoft-Windows-Winlogon", "Computer": "DESKTOP-OFJ6N53", "TimeCreated": "2025-08-19 09:13:43.263659+00:00", "RecordID": "34992", "Level": "4", "UserID": "S-1-5-21-963789628-1060504924-4285088085-1001", "EventData.Event": "5", "EventData.SubscriberName": "TermSrv"}
{"EventID": "811", "Channel": "Microsoft-Windows-Winlogon/Operational", "Provider_Name": "Microsoft-Windows-Winlogon", "Computer": "DESKTOP-OFJ6N53", "TimeCreated": "2025-08-19 09:26:33.905945+00:00", "RecordID": "34993", "Level": "4", "UserID": "S-1-5-21-963789628-1060504924-4285088085-1001", "EventData.Event": "4", "EventData.SubscriberName": "Sens"}
{"EventID": "812", "Channel": "Microsoft-Windows-Winlogon/Operational", "Provider_Name": "Microsoft-Windows-Winlogon", "Computer": "DESKTOP-OFJ6N53", "TimeCreated": "2025-08-19 09:26:34.017427+00:00", "RecordID": "34994", "Level": "4", "UserID": "S-1-5-21-963789628-1060504924-4285088085-1001", "EventData.Event": "4", "EventData.SubscriberName": "Sens"}
{"EventID": "811", "Channel": "Microsoft-Windows-Winlogon/Operational", "Provider_Name": "Microsoft-Windows-Winlogon", "Computer": "DESKTOP-OFJ6N53", "TimeCreated": "2025-08-19 09:26:34.029135+00:00", "RecordID": "34995", "Level": "4", "UserID": "S-1-5-21-963789628-1060504924-4285088085-1001", "EventData.Event": "4", "EventData.SubscriberName": "TermSrv"}
{"EventID": "812", "Channel": "Microsoft-Windows-Winlogon/Operational", "Provider_Name": "Microsoft-Windows-Winlogon", "Computer": "DESKTOP-OFJ6N53", "TimeCreated": "2025-08-19 09:26:34.029669+00:00", "RecordID": "34996", "Level": "4", "UserID": "S-1-5-21-963789628-1060504924-4285088085-1001", "EventData.Event": "4", "EventData.SubscriberName": "TermSrv"}
{"EventID": "811", "Channel": "Microsoft-Windows-Winlogon/Operational", "Provider_Name": "Microsoft-Windows-Winlogon", "Computer": "DESKTOP-OFJ6N53", "TimeCreated": "2025-08-19 09:26:34.030209+00:00", "RecordID": "34997", "Level": "4", "UserID": "S-1-5-21-963789628-1060504924-4285088085-1001", "EventData.Event": "8", "EventData.SubscriberName": "Sens"}
{"EventID": "812", "Channel": "Microsoft-Windows-Winlogon/Operational", "Provider_Name": "Microsoft-Windows-Winlogon", "Computer": "DESKTOP-OFJ6N53", "TimeCreated": "2025-08-19 09:26:34.047203+00:00", "RecordID": "34998", "Level": "4", "UserID": "S-1-5-21-963789628-1060504924-4285088085-1001", "EventData.Event": "8", "EventData.SubscriberName": "Sens"}
{"EventID": "811", "Channel": "Microsoft-Windows-Winlogon/Operational", "Provider_Name": "Microsoft-Windows-Winlogon", "Computer": "DESKTOP-OFJ6N53", "TimeCreated": "2025-08-19 09:26:34.047310+00:00", "RecordID": "34999", "Level": "4", "UserID": "S-1-5-21-963789628-1060504924-4285088085-1001", "EventData.Event": "8", "EventData.SubscriberName": "SessionEnv"}
{"EventID": "812", "Channel": "Microsoft-Windows-Winlogon/Operational", "Provider_Name": "Microsoft-Windows-Winlogon", "Computer": "DESKTOP-OFJ6N53", "TimeCreated": "2025-08-19 09:26:34.069405+00:00", "RecordID": "35000", "Level": "4", "UserID": "S-1-5-21-963789628-1060504924-4285088085-1001", "EventData.Event": "8", "EventData.SubscriberName": "SessionEnv"}
{"EventID": "811", "Channel": "Microsoft-Windows-Winlogon/Operational", "Provider_Name": "Microsoft-Windows-Winlogon", "Computer": "DESKTOP-OFJ6N53", "TimeCreated": "2025-08-19 09:29:29.115419+00:00", "RecordID": "35001", "Level": "4", "UserID": "S-1-5-21-963789628-1060504924-4285088085-1001", "EventData.Event": "9", "EventData.SubscriberName": "Sens"}
{"EventID": "812", "Channel": "Microsoft-Windows-Winlogon/Operational", "Provider_Name": "Microsoft-Windows-Winlogon", "Computer": "DESKTOP-OFJ6N53", "TimeCreated": "2025-08-19 09:29:29.182741+00:00", "RecordID": "35002", "Level": "4", "UserID": "S-1-5-21-963789628-1060504924-4285088085-1001", "EventData.Event": "9", "EventData.SubscriberName": "Sens"}
{"EventID": "811", "Channel": "Microsoft-Windows-Winlogon/Operational", "Provider_Name": "Microsoft-Windows-Winlogon", "Computer": "DESKTOP-OFJ6N53", "TimeCreated": "2025-08-19 09:29:29.267237+00:00", "RecordID": "35003", "Level": "4", "UserID": "S-1-5-21-963789628-1060504924-4285088085-1001", "EventData.Event": "9", "EventData.SubscriberName": "SessionEnv"}
{"EventID": "812", "Channel": "Microsoft-Windows-Winlogon/Operational", "Provider_Name": "Microsoft-Windows-Winlogon", "Computer": "DESKTOP-OFJ6N53", "TimeCreated": "2025-08-19 09:29:29.323212+00:00", "RecordID": "35004", "Level": "4", "UserID": "S-1-5-21-963789628-1060504924-4285088085-1001", "EventData.Event": "9", "EventData.SubscriberName": "SessionEnv"}
{"EventID": "811", "Channel": "Microsoft-Windows-Winlogon/Operational", "Provider_Name": "Microsoft-Windows-Winlogon", "Computer": "DESKTOP-OFJ6N53", "TimeCreated": "2025-08-19 09:29:30.817204+00:00", "RecordID": "35005", "Level": "4", "UserID": "S-1-5-21-963789628-1060504924-4285088085-1001", "EventData.Event": "5", "EventData.SubscriberName": "Sens"}
{"EventID": "812", "Channel": "Microsoft-Windows-Winlogon/Operational", "Provider_Name": "Microsoft-Windows-Winlogon", "Computer": "DESKTOP-OFJ6N53", "TimeCreated": "2025-08-19 09:29:30.817974+00:00", "RecordID": "35006", "Level": "4", "UserID": "S-1-5-21-963789628-1060504924-4285088085-1001", "EventData.Event": "5", "EventData.SubscriberName": "Sens"}
{"EventID": "811", "Channel": "Microsoft-Windows-Winlogon/Operational", "Provider_Name": "Microsoft-Windows-Winlogon", "Computer": "DESKTOP-OFJ6N53", "TimeCreated": "2025-08-19 09:29:30.818062+00:00", "RecordID": "35007", "Level": "4", "UserID": "S-1-5-21-963789628-1060504924-4285088085-1001", "EventData.Event": "5", "EventData.SubscriberName": "TermSrv"}
{"EventID": "812", "Channel": "Microsoft-Windows-Winlogon/Operational", "Provider_Name": "Microsoft-Windows-Winlogon", "Computer": "DESKTOP-OFJ6N53", "TimeCreated": "2025-08-19 09:29:30.952335+00:00", "RecordID": "35008", "Level": "4", "UserID": "S-1-5-21-963789628-1060504924-4285088085-1001", "EventData.Event": "5", "EventData.SubscriberName": "TermSrv"}
{"EventID": "811", "Channel": "Microsoft-Windows-Winlogon/Operational", "Provider_Name": "Microsoft-Windows-Winlogon", "Computer": "DESKTOP-OFJ6N53", "TimeCreated": "2025-08-19 09:32:01.471294+00:00", "RecordID": "35009", "Level": "4", "UserID": "S-1-5-21-963789628-1060504924-4285088085-1001", "EventData.Event": "4", "EventData.SubscriberName": "Sens"}
{"EventID": "812", "Channel": "Microsoft-Windows-Winlogon/Operational", "Provider_Name": "Microsoft-Windows-Winlogon", "Computer": "DESKTOP-OFJ6N53", "TimeCreated": "2025-08-19 09:32:01.522234+00:00", "RecordID": "35010", "Level": "4", "UserID": "S-1-5-21-963789628-1060504924-4285088085-1001", "EventData.Event": "4", "EventData.SubscriberName": "Sens"}
{"EventID": "811", "Channel": "Microsoft-Windows-Winlogon/Operational", "Provider_Name": "Microsoft-Windows-Winlogon", "Computer": "DESKTOP-OFJ6N53", "TimeCreated": "2025-08-19 09:32:01.522320+00:00", "RecordID": "35011", "Level": "4", "UserID": "S-1-5-21-963789628-1060504924-4285088085-1001", "EventData.Event": "4", "EventData.SubscriberName": "TermSrv"}
{"EventID": "812", "Channel": "Microsoft-Windows-Winlogon/Operational", "Provider_Name": "Microsoft-Windows-Winlogon", "Computer": "DESKTOP-OFJ6N53", "TimeCreated": "2025-08-19 09:32:01.531897+00:00", "RecordID": "35012", "Level": "4", "UserID": "S-1-5-21-963789628-1060504924-4285088085-1001", "EventData.Event": "4", "EventData.SubscriberName": "TermSrv"}
{"EventID": "811", "Channel": "Microsoft-Windows-Winlogon/Operational", "Provider_Name": "Microsoft-Windows-Winlogon", "Computer": "DESKTOP-OFJ6N53", "TimeCreated": "2025-08-19 09:32:01.532763+00:00", "RecordID": "35013", "Level": "4", "UserID": "S-1-5-21-963789628-1060504924-4285088085-1001", "EventData.Event": "8", "EventData.SubscriberName": "Sens"}
{"EventID": "812", "Channel": "Microsoft-Windows-Winlogon/Operational", "Provider_Name": "Microsoft-Windows-Winlogon", "Computer": "DESKTOP-OFJ6N53", "TimeCreated": "2025-08-19 09:32:01.533731+00:00", "RecordID": "35014", "Level": "4", "UserID": "S-1-5-21-963789628-1060504924-4285088085-1001", "EventData.Event": "8", "EventData.SubscriberName": "Sens"}
{"EventID": "811", "Channel": "Microsoft-Windows-Winlogon/Operational", "Provider_Name": "Microsoft-Windows-Winlogon", "Computer": "DESKTOP-OFJ6N53", "TimeCreated": "2025-08-19 09:32:01.535881+00:00", "RecordID": "35015", "Level": "4", "UserID": "S-1-5-21-963789628-1060504924-4285088085-1001", "EventData.Event": "8", "EventData.SubscriberName": "SessionEnv"}
{"EventID": "812", "Channel": "Microsoft-Windows-Winlogon/Operational", "Provider_Name": "Microsoft-Windows-Winlogon", "Computer": "DESKTOP-OFJ6N53", "TimeCreated": "2025-08-19 09:32:01.552647+00:00", "RecordID": "35016", "Level": "4", "UserID": "S-1-5-21-963789628-1060504924-4285088085-1001", "EventData.Event": "8", "EventData.SubscriberName": "SessionEnv"}
{"EventID": "811", "Channel": "Microsoft-Windows-Winlogon/Operational", "Provider_Name": "Microsoft-Windows-Winlogon", "Computer": "DESKTOP-OFJ6N53", "TimeCreated": "2025-08-19 09:32:35.752386+00:00", "RecordID": "35017", "Level": "4", "UserID": "S-1-5-21-963789628-1060504924-4285088085-1001", "EventData.Event": "9", "EventData.SubscriberName": "Sens"}
{"EventID": "812", "Channel": "Microsoft-Windows-Winlogon/Operational", "Provider_Name": "Microsoft-Windows-Winlogon", "Computer": "DESKTOP-OFJ6N53", "TimeCreated": "2025-08-19 09:32:35.921909+00:00", "RecordID": "35018", "Level": "4", "UserID": "S-1-5-21-963789628-1060504924-4285088085-1001", "EventData.Event": "9", "EventData.SubscriberName": "Sens"}
{"EventID": "811", "Channel": "Microsoft-Windows-Winlogon/Operational", "Provider_Name": "Microsoft-Windows-Winlogon", "Computer": "DESKTOP-OFJ6N53", "TimeCreated": "2025-08-19 09:32:35.946571+00:00", "RecordID": "35019", "Level": "4", "UserID": "S-1-5-21-963789628-1060504924-4285088085-1001", "EventData.Event": "9", "EventData.SubscriberName": "SessionEnv"}
{"EventID": "812", "Channel": "Microsoft-Windows-Winlogon/Operational", "Provider_Name": "Microsoft-Windows-Winlogon", "Computer": "DESKTOP-OFJ6N53", "TimeCreated": "2025-08-19 09:32:35.946877+00:00", "RecordID": "35020", "Level": "4", "UserID": "S-1-5-21-963789628-1060504924-4285088085-1001", "EventData.Event": "9", "EventData.SubscriberName": "SessionEnv"}
{"EventID": "811", "Channel": "Microsoft-Windows-Winlogon/Operational", "Provider_Name": "Microsoft-Windows-Winlogon", "Computer": "DESKTOP-OFJ6N53", "TimeCreated": "2025-08-19 09:32:37.417425+00:00", "RecordID": "35021", "Level": "4", "UserID": "S-1-5-21-963789628-1060504924-4285088085-1001", "EventData.Event": "5", "EventData.SubscriberName": "Sens"}
{"EventID": "812", "Channel": "Microsoft-Windows-Winlogon/Operational", "Provider_Name": "Microsoft-Windows-Winlogon", "Computer": "DESKTOP-OFJ6N53", "TimeCreated": "2025-08-19 09:32:37.418119+00:00", "RecordID": "35022", "Level": "4", "UserID": "S-1-5-21-963789628-1060504924-4285088085-1001", "EventData.Event": "5", "EventData.SubscriberName": "Sens"}
{"EventID": "811", "Channel": "Microsoft-Windows-Winlogon/Operational", "Provider_Name": "Microsoft-Windows-Winlogon", "Computer": "DESKTOP-OFJ6N53", "TimeCreated": "2025-08-19 09:32:37.418201+00:00", "RecordID": "35023", "Level": "4", "UserID": "S-1-5-21-963789628-1060504924-4285088085-1001", "EventData.Event": "5", "EventData.SubscriberName": "TermSrv"}
{"EventID": "812", "Channel": "Microsoft-Windows-Winlogon/Operational", "Provider_Name": "Microsoft-Windows-Winlogon", "Computer": "DESKTOP-OFJ6N53", "TimeCreated": "2025-08-19 09:32:37.826132+00:00", "RecordID": "35024", "Level": "4", "UserID": "S-1-5-21-963789628-1060504924-4285088085-1001", "EventData.Event": "5", "EventData.SubscriberName": "TermSrv"}
{"EventID": "811", "Channel": "Microsoft-Windows-Winlogon/Operational", "Provider_Name": "Microsoft-Windows-Winlogon", "Computer": "DESKTOP-OFJ6N53", "TimeCreated": "2025-08-19 09:37:17.413612+00:00", "RecordID": "35025", "Level": "4", "UserID": "S-1-5-21-963789628-1060504924-4285088085-1001", "EventData.Event": "4", "EventData.SubscriberName": "Sens"}
{"EventID": "812", "Channel": "Microsoft-Windows-Winlogon/Operational", "Provider_Name": "Microsoft-Windows-Winlogon", "Computer": "DESKTOP-OFJ6N53", "TimeCreated": "2025-08-19 09:37:17.494879+00:00", "RecordID": "35026", "Level": "4", "UserID": "S-1-5-21-963789628-1060504924-4285088085-1001", "EventData.Event": "4", "EventData.SubscriberName": "Sens"}
{"EventID": "811", "Channel": "Microsoft-Windows-Winlogon/Operational", "Provider_Name": "Microsoft-Windows-Winlogon", "Computer": "DESKTOP-OFJ6N53", "TimeCreated": "2025-08-19 09:37:17.495049+00:00", "RecordID": "35027", "Level": "4", "UserID": "S-1-5-21-963789628-1060504924-4285088085-1001", "EventData.Event": "4", "EventData.SubscriberName": "TermSrv"}
{"EventID": "812", "Channel": "Microsoft-Windows-Winlogon/Operational", "Provider_Name": "Microsoft-Windows-Winlogon", "Computer": "DESKTOP-OFJ6N53", "TimeCreated": "2025-08-19 09:37:17.495790+00:00", "RecordID": "35028", "Level": "4", "UserID": "S-1-5-21-963789628-1060504924-4285088085-1001", "EventData.Event": "4", "EventData.SubscriberName": "TermSrv"}
{"EventID": "811", "Channel": "Microsoft-Windows-Winlogon/Operational", "Provider_Name": "Microsoft-Windows-Winlogon", "Computer": "DESKTOP-OFJ6N53", "TimeCreated": "2025-08-19 09:37:17.496853+00:00", "RecordID": "35029", "Level": "4", "UserID": "S-1-5-21-963789628-1060504924-4285088085-1001", "EventData.Event": "8", "EventData.SubscriberName": "Sens"}
{"EventID": "812", "Channel": "Microsoft-Windows-Winlogon/Operational", "Provider_Name": "Microsoft-Windows-Winlogon", "Computer": "DESKTOP-OFJ6N53", "TimeCreated": "2025-08-19 09:37:17.528271+00:00", "RecordID": "35030", "Level": "4", "UserID": "S-1-5-21-963789628-1060504924-4285088085-1001", "EventData.Event": "8", "EventData.SubscriberName": "Sens"}
{"EventID": "811", "Channel": "Microsoft-Windows-Winlogon/Operational", "Provider_Name": "Microsoft-Windows-Winlogon", "Computer": "DESKTOP-OFJ6N53", "TimeCreated": "2025-08-19 09:37:17.539400+00:00", "RecordID": "35031", "Level": "4", "UserID": "S-1-5-21-963789628-1060504924-4285088085-1001", "EventData.Event": "8", "EventData.SubscriberName": "SessionEnv"}
{"EventID": "812", "Channel": "Microsoft-Windows-Winlogon/Operational", "Provider_Name": "Microsoft-Windows-Winlogon", "Computer": "DESKTOP-OFJ6N53", "TimeCreated": "2025-08-19 09:37:17.567480+00:00", "RecordID": "35032", "Level": "4", "UserID": "S-1-5-21-963789628-1060504924-4285088085-1001", "EventData.Event": "8", "EventData.SubscriberName": "SessionEnv"}
{"EventID": "811", "Channel": "Microsoft-Windows-Winlogon/Operational", "Provider_Name": "Microsoft-Windows-Winlogon", "Computer": "DESKTOP-OFJ6N53", "TimeCreated": "2025-08-19 09:37:56.963243+00:00", "RecordID": "35033", "Level": "4", "UserID": "S-1-5-21-963789628-1060504924-4285088085-1001", "EventData.Event": "9", "EventData.SubscriberName": "Sens"}
{"EventID": "812", "Channel": "Microsoft-Windows-Winlogon/Operational", "Provider_Name": "Microsoft-Windows-Winlogon", "Computer": "DESKTOP-OFJ6N53", "TimeCreated": "2025-08-19 09:37:57.252811+00:00", "RecordID": "35034", "Level": "4", "UserID": "S-1-5-21-963789628-1060504924-4285088085-1001", "EventData.Event": "9", "EventData.SubscriberName": "Sens"}
{"EventID": "811", "Channel": "Microsoft-Windows-Winlogon/Operational", "Provider_Name": "Microsoft-Windows-Winlogon", "Computer": "DESKTOP-OFJ6N53", "TimeCreated": "2025-08-19 09:37:57.348904+00:00", "RecordID": "35035", "Level": "4", "UserID": "S-1-5-21-963789628-1060504924-4285088085-1001", "EventData.Event": "9", "EventData.SubscriberName": "SessionEnv"}
{"EventID": "812", "Channel": "Microsoft-Windows-Winlogon/Operational", "Provider_Name": "Microsoft-Windows-Winlogon", "Computer": "DESKTOP-OFJ6N53", "TimeCreated": "2025-08-19 09:37:57.349112+00:00", "RecordID": "35036", "Level": "4", "UserID": "S-1-5-21-963789628-1060504924-4285088085-1001", "EventData.Event": "9", "EventData.SubscriberName": "SessionEnv"}
{"EventID": "811", "Channel": "Microsoft-Windows-Winlogon/Operational", "Provider_Name": "Microsoft-Windows-Winlogon", "Computer": "DESKTOP-OFJ6N53", "TimeCreated": "2025-08-19 09:37:58.478186+00:00", "RecordID": "35037", "Level": "4", "UserID": "S-1-5-21-963789628-1060504924-4285088085-1001", "EventData.Event": "5", "EventData.SubscriberName": "Sens"}
{"EventID": "812", "Channel": "Microsoft-Windows-Winlogon/Operational", "Provider_Name": "Microsoft-Windows-Winlogon", "Computer": "DESKTOP-OFJ6N53", "TimeCreated": "2025-08-19 09:37:58.479662+00:00", "RecordID": "35038", "Level": "4", "UserID": "S-1-5-21-963789628-1060504924-4285088085-1001", "EventData.Event": "5", "EventData.SubscriberName": "Sens"}
{"EventID": "811", "Channel": "Microsoft-Windows-Winlogon/Operational", "Provider_Name": "Microsoft-Windows-Winlogon", "Computer": "DESKTOP-OFJ6N53", "TimeCreated": "2025-08-19 09:37:58.480343+00:00", "RecordID": "35039", "Level": "4", "UserID": "S-1-5-21-963789628-1060504924-4285088085-1001", "EventData.Event": "5", "EventData.SubscriberName": "TermSrv"}
{"EventID": "812", "Channel": "Microsoft-Windows-Winlogon/Operational", "Provider_Name": "Microsoft-Windows-Winlogon", "Computer": "DESKTOP-OFJ6N53", "TimeCreated": "2025-08-19 09:37:58.701939+00:00", "RecordID": "35040", "Level": "4", "UserID": "S-1-5-21-963789628-1060504924-4285088085-1001", "EventData.Event": "5", "EventData.SubscriberName": "TermSrv"}
{"EventID": "811", "Channel": "Microsoft-Windows-Winlogon/Operational", "Provider_Name": "Microsoft-Windows-Winlogon", "Computer": "DESKTOP-OFJ6N53", "TimeCreated": "2025-08-19 10:17:39.201679+00:00", "RecordID": "35041", "Level": "4", "UserID": "S-1-5-21-963789628-1060504924-4285088085-1001", "EventData.Event": "4", "EventData.SubscriberName": "Sens"}
{"EventID": "812", "Channel": "Microsoft-Windows-Winlogon/Operational", "Provider_Name": "Microsoft-Windows-Winlogon", "Computer": "DESKTOP-OFJ6N53", "TimeCreated": "2025-08-19 10:17:39.251667+00:00", "RecordID": "35042", "Level": "4", "UserID": "S-1-5-21-963789628-1060504924-4285088085-1001", "EventData.Event": "4", "EventData.SubscriberName": "Sens"}
{"EventID": "811", "Channel": "Microsoft-Windows-Winlogon/Operational", "Provider_Name": "Microsoft-Windows-Winlogon", "Computer": "DESKTOP-OFJ6N53", "TimeCreated": "2025-08-19 10:17:39.273777+00:00", "RecordID": "35043", "Level": "4", "UserID": "S-1-5-21-963789628-1060504924-4285088085-1001", "EventData.Event": "4", "EventData.SubscriberName": "TermSrv"}
{"EventID": "812", "Channel": "Microsoft-Windows-Winlogon/Operational", "Provider_Name": "Microsoft-Windows-Winlogon", "Computer": "DESKTOP-OFJ6N53", "TimeCreated": "2025-08-19 10:17:39.326164+00:00", "RecordID": "35044", "Level": "4", "UserID": "S-1-5-21-963789628-1060504924-4285088085-1001", "EventData.Event": "4", "EventData.SubscriberName": "TermSrv"}
{"EventID": "811", "Channel": "Microsoft-Windows-Winlogon/Operational", "Provider_Name": "Microsoft-Windows-Winlogon", "Computer": "DESKTOP-OFJ6N53", "TimeCreated": "2025-08-19 10:17:39.340740+00:00", "RecordID": "35045", "Level": "4", "UserID": "S-1-5-21-963789628-1060504924-4285088085-1001", "EventData.Event": "8", "EventData.SubscriberName": "Sens"}
{"EventID": "812", "Channel": "Microsoft-Windows-Winlogon/Operational", "Provider_Name": "Microsoft-Windows-Winlogon", "Computer": "DESKTOP-OFJ6N53", "TimeCreated": "2025-08-19 10:17:39.569038+00:00", "RecordID": "35046", "Level": "4", "UserID": "S-1-5-21-963789628-1060504924-4285088085-1001", "EventData.Event": "8", "EventData.SubscriberName": "Sens"}
{"EventID": "811", "Channel": "Microsoft-Windows-Winlogon/Operational", "Provider_Name": "Microsoft-Windows-Winlogon", "Computer": "DESKTOP-OFJ6N53", "TimeCreated": "2025-08-19 10:17:39.576294+00:00", "RecordID": "35047", "Level": "4", "UserID": "S-1-5-21-963789628-1060504924-4285088085-1001", "EventData.Event": "8", "EventData.SubscriberName": "SessionEnv"}
{"EventID": "812", "Channel": "Microsoft-Windows-Winlogon/Operational", "Provider_Name": "Microsoft-Windows-Winlogon", "Computer": "DESKTOP-OFJ6N53", "TimeCreated": "2025-08-19 10:17:39.663797+00:00", "RecordID": "35048", "Level": "4", "UserID": "S-1-5-21-963789628-1060504924-4285088085-1001", "EventData.Event": "8", "EventData.SubscriberName": "SessionEnv"}
{"EventID": "811", "Channel": "Microsoft-Windows-Winlogon/Operational", "Provider_Name": "Microsoft-Windows-Winlogon", "Computer": "DESKTOP-OFJ6N53", "TimeCreated": "2025-08-19 10:25:34.782103+00:00", "RecordID": "35049", "Level": "4", "UserID": "S-1-5-21-963789628-1060504924-4285088085-1001", "EventData.Event": "9", "EventData.SubscriberName": "Sens"}
{"EventID": "812", "Channel": "Microsoft-Windows-Winlogon/Operational", "Provider_Name": "Microsoft-Windows-Winlogon", "Computer": "DESKTOP-OFJ6N53", "TimeCreated": "2025-08-19 10:25:34.791292+00:00", "RecordID": "35050", "Level": "4", "UserID": "S-1-5-21-963789628-1060504924-4285088085-1001", "EventData.Event": "9", "EventData.SubscriberName": "Sens"}
{"EventID": "811", "Channel": "Microsoft-Windows-Winlogon/Operational", "Provider_Name": "Microsoft-Windows-Winlogon", "Computer": "DESKTOP-OFJ6N53", "TimeCreated": "2025-08-19 10:25:34.791691+00:00", "RecordID": "35051", "Level": "4", "UserID": "S-1-5-21-963789628-1060504924-4285088085-1001", "EventData.Event": "9", "EventData.SubscriberName": "SessionEnv"}
{"EventID": "812", "Channel": "Microsoft-Windows-Winlogon/Operational", "Provider_Name": "Microsoft-Windows-Winlogon", "Computer": "DESKTOP-OFJ6N53", "TimeCreated": "2025-08-19 10:25:35.014164+00:00", "RecordID": "35052", "Level": "4", "UserID": "S-1-5-21-963789628-1060504924-4285088085-1001", "EventData.Event": "9", "EventData.SubscriberName": "SessionEnv"}
{"EventID": "811", "Channel": "Microsoft-Windows-Winlogon/Operational", "Provider_Name": "Microsoft-Windows-Winlogon", "Computer": "DESKTOP-OFJ6N53", "TimeCreated": "2025-08-19 10:25:37.279110+00:00", "RecordID": "35053", "Level": "4", "UserID": "S-1-5-21-963789628-1060504924-4285088085-1001", "EventData.Event": "5", "EventData.SubscriberName": "Sens"}
{"EventID": "812", "Channel": "Microsoft-Windows-Winlogon/Operational", "Provider_Name": "Microsoft-Windows-Winlogon", "Computer": "DESKTOP-OFJ6N53", "TimeCreated": "2025-08-19 10:25:37.524683+00:00", "RecordID": "35054", "Level": "4", "UserID": "S-1-5-21-963789628-1060504924-4285088085-1001", "EventData.Event": "5", "EventData.SubscriberName": "Sens"}
{"EventID": "811", "Channel": "Microsoft-Windows-Winlogon/Operational", "Provider_Name": "Microsoft-Windows-Winlogon", "Computer": "DESKTOP-OFJ6N53", "TimeCreated": "2025-08-19 10:25:37.525331+00:00", "RecordID": "35055", "Level": "4", "UserID": "S-1-5-21-963789628-1060504924-4285088085-1001", "EventData.Event": "5", "EventData.SubscriberName": "TermSrv"}
{"EventID": "812", "Channel": "Microsoft-Windows-Winlogon/Operational", "Provider_Name": "Microsoft-Windows-Winlogon", "Computer": "DESKTOP-OFJ6N53", "TimeCreated": "2025-08-19 10:25:37.933815+00:00", "RecordID": "35056", "Level": "4", "UserID": "S-1-5-21-963789628-1060504924-4285088085-1001", "EventData.Event": "5", "EventData.SubscriberName": "TermSrv"}
{"EventID": "811", "Channel": "Microsoft-Windows-Winlogon/Operational", "Provider_Name": "Microsoft-Windows-Winlogon", "Computer": "DESKTOP-OFJ6N53", "TimeCreated": "2025-08-19 10:25:41.582315+00:00", "RecordID": "35057", "Level": "4", "UserID": "S-1-5-21-963789628-1060504924-4285088085-1001", "EventData.Event": "4", "EventData.SubscriberName": "Sens"}
{"EventID": "812", "Channel": "Microsoft-Windows-Winlogon/Operational", "Provider_Name": "Microsoft-Windows-Winlogon", "Computer": "DESKTOP-OFJ6N53", "TimeCreated": "2025-08-19 10:25:41.583660+00:00", "RecordID": "35058", "Level": "4", "UserID": "S-1-5-21-963789628-1060504924-4285088085-1001", "EventData.Event": "4", "EventData.SubscriberName": "Sens"}
{"EventID": "811", "Channel": "Microsoft-Windows-Winlogon/Operational", "Provider_Name": "Microsoft-Windows-Winlogon", "Computer": "DESKTOP-OFJ6N53", "TimeCreated": "2025-08-19 10:25:41.594559+00:00", "RecordID": "35059", "Level": "4", "UserID": "S-1-5-21-963789628-1060504924-4285088085-1001", "EventData.Event": "4", "EventData.SubscriberName": "TermSrv"}
{"EventID": "812", "Channel": "Microsoft-Windows-Winlogon/Operational", "Provider_Name": "Microsoft-Windows-Winlogon", "Computer": "DESKTOP-OFJ6N53", "TimeCreated": "2025-08-19 10:25:41.595116+00:00", "RecordID": "35060", "Level": "4", "UserID": "S-1-5-21-963789628-1060504924-4285088085-1001", "EventData.Event": "4", "EventData.SubscriberName": "TermSrv"}
{"EventID": "811", "Channel": "Microsoft-Windows-Winlogon/Operational", "Provider_Name": "Microsoft-Windows-Winlogon", "Computer": "DESKTOP-OFJ6N53", "TimeCreated": "2025-08-19 10:25:41.595936+00:00", "RecordID": "35061", "Level": "4", "UserID": "S-1-5-21-963789628-1060504924-4285088085-1001", "EventData.Event": "8", "EventData.SubscriberName": "Sens"}
{"EventID": "812", "Channel": "Microsoft-Windows-Winlogon/Operational", "Provider_Name": "Microsoft-Windows-Winlogon", "Computer": "DESKTOP-OFJ6N53", "TimeCreated": "2025-08-19 10:25:41.717356+00:00", "RecordID": "35062", "Level": "4", "UserID": "S-1-5-21-963789628-1060504924-4285088085-1001", "EventData.Event": "8", "EventData.SubscriberName": "Sens"}
{"EventID": "811", "Channel": "Microsoft-Windows-Winlogon/Operational", "Provider_Name": "Microsoft-Windows-Winlogon", "Computer": "DESKTOP-OFJ6N53", "TimeCreated": "2025-08-19 10:25:41.717657+00:00", "RecordID": "35063", "Level": "4", "UserID": "S-1-5-21-963789628-1060504924-4285088085-1001", "EventData.Event": "8", "EventData.SubscriberName": "SessionEnv"}
{"EventID": "812", "Channel": "Microsoft-Windows-Winlogon/Operational", "Provider_Name": "Microsoft-Windows-Winlogon", "Computer": "DESKTOP-OFJ6N53", "TimeCreated": "2025-08-19 10:25:41.717934+00:00", "RecordID": "35064", "Level": "4", "UserID": "S-1-5-21-963789628-1060504924-4285088085-1001", "EventData.Event": "8", "EventData.SubscriberName": "SessionEnv"}
{"EventID": "811", "Channel": "Microsoft-Windows-Winlogon/Operational", "Provider_Name": "Microsoft-Windows-Winlogon", "Computer": "DESKTOP-OFJ6N53", "TimeCreated": "2025-08-19 10:28:48.087399+00:00", "RecordID": "35065", "Level": "4", "UserID": "S-1-5-21-963789628-1060504924-4285088085-1001", "EventData.Event": "9", "EventData.SubscriberName": "Sens"}
{"EventID": "812", "Channel": "Microsoft-Windows-Winlogon/Operational", "Provider_Name": "Microsoft-Windows-Winlogon", "Computer": "DESKTOP-OFJ6N53", "TimeCreated": "2025-08-19 10:28:48.136560+00:00", "RecordID": "35066", "Level": "4", "UserID": "S-1-5-21-963789628-1060504924-4285088085-1001", "EventData.Event": "9", "EventData.SubscriberName": "Sens"}
{"EventID": "811", "Channel": "Microsoft-Windows-Winlogon/Operational", "Provider_Name": "Microsoft-Windows-Winlogon", "Computer": "DESKTOP-OFJ6N53", "TimeCreated": "2025-08-19 10:28:48.137943+00:00", "RecordID": "35067", "Level": "4", "UserID": "S-1-5-21-963789628-1060504924-4285088085-1001", "EventData.Event": "9", "EventData.SubscriberName": "SessionEnv"}
{"EventID": "812", "Channel": "Microsoft-Windows-Winlogon/Operational", "Provider_Name": "Microsoft-Windows-Winlogon", "Computer": "DESKTOP-OFJ6N53", "TimeCreated": "2025-08-19 10:28:48.167496+00:00", "RecordID": "35068", "Level": "4", "UserID": "S-1-5-21-963789628-1060504924-4285088085-1001", "EventData.Event": "9", "EventData.SubscriberName": "SessionEnv"}
{"EventID": "811", "Channel": "Microsoft-Windows-Winlogon/Operational", "Provider_Name": "Microsoft-Windows-Winlogon", "Computer": "DESKTOP-OFJ6N53", "TimeCreated": "2025-08-19 10:28:51.108419+00:00", "RecordID": "35069", "Level": "4", "UserID": "S-1-5-21-963789628-1060504924-4285088085-1001", "EventData.Event": "5", "EventData.SubscriberName": "Sens"}
{"EventID": "812", "Channel": "Microsoft-Windows-Winlogon/Operational", "Provider_Name": "Microsoft-Windows-Winlogon", "Computer": "DESKTOP-OFJ6N53", "TimeCreated": "2025-08-19 10:28:51.109957+00:00", "RecordID": "35070", "Level": "4", "UserID": "S-1-5-21-963789628-1060504924-4285088085-1001", "EventData.Event": "5", "EventData.SubscriberName": "Sens"}
{"EventID": "811", "Channel": "Microsoft-Windows-Winlogon/Operational", "Provider_Name": "Microsoft-Windows-Winlogon", "Computer": "DESKTOP-OFJ6N53", "TimeCreated": "2025-08-19 10:28:51.110836+00:00", "RecordID": "35071", "Level": "4", "UserID": "S-1-5-21-963789628-1060504924-4285088085-1001", "EventData.Event": "5", "EventData.SubscriberName": "TermSrv"}
{"EventID": "812", "Channel": "Microsoft-Windows-Winlogon/Operational", "Provider_Name": "Microsoft-Windows-Winlogon", "Computer": "DESKTOP-OFJ6N53", "TimeCreated": "2025-08-19 10:28:51.582966+00:00", "RecordID": "35072", "Level": "4", "UserID": "S-1-5-21-963789628-1060504924-4285088085-1001", "EventData.Event": "5", "EventData.SubscriberName": "TermSrv"}
{"EventID": "811", "Channel": "Microsoft-Windows-Winlogon/Operational", "Provider_Name": "Microsoft-Windows-Winlogon", "Computer": "DESKTOP-OFJ6N53", "TimeCreated": "2025-08-19 14:25:51.870937+00:00", "RecordID": "35073", "Level": "4", "UserID": "S-1-5-21-963789628-1060504924-4285088085-1001", "EventData.Event": "4", "EventData.SubscriberName": "Sens"}
{"EventID": "812", "Channel": "Microsoft-Windows-Winlogon/Operational", "Provider_Name": "Microsoft-Windows-Winlogon", "Computer": "DESKTOP-OFJ6N53", "TimeCreated": "2025-08-19 14:25:51.883718+00:00", "RecordID": "35074", "Level": "4", "UserID": "S-1-5-21-963789628-1060504924-4285088085-1001", "EventData.Event": "4", "EventData.SubscriberName": "Sens"}
{"EventID": "811", "Channel": "Microsoft-Windows-Winlogon/Operational", "Provider_Name": "Microsoft-Windows-Winlogon", "Computer": "DESKTOP-OFJ6N53", "TimeCreated": "2025-08-19 14:25:51.883818+00:00", "RecordID": "35075", "Level": "4", "UserID": "S-1-5-21-963789628-1060504924-4285088085-1001", "EventData.Event": "4", "EventData.SubscriberName": "TermSrv"}
{"EventID": "812", "Channel": "Microsoft-Windows-Winlogon/Operational", "Provider_Name": "Microsoft-Windows-Winlogon", "Computer": "DESKTOP-OFJ6N53", "TimeCreated": "2025-08-19 14:25:51.885174+00:00", "RecordID": "35076", "Level": "4", "UserID": "S-1-5-21-963789628-1060504924-4285088085-1001", "EventData.Event": "4", "EventData.SubscriberName": "TermSrv"}
{"EventID": "811", "Channel": "Microsoft-Windows-Winlogon/Operational", "Provider_Name": "Microsoft-Windows-Winlogon", "Computer": "DESKTOP-OFJ6N53", "TimeCreated": "2025-08-19 14:25:51.900721+00:00", "RecordID": "35077", "Level": "4", "UserID": "S-1-5-21-963789628-1060504924-4285088085-1001", "EventData.Event": "8", "EventData.SubscriberName": "Sens"}
{"EventID": "812", "Channel": "Microsoft-Windows-Winlogon/Operational", "Provider_Name": "Microsoft-Windows-Winlogon", "Computer": "DESKTOP-OFJ6N53", "TimeCreated": "2025-08-19 14:25:51.903101+00:00", "RecordID": "35078", "Level": "4", "UserID": "S-1-5-21-963789628-1060504924-4285088085-1001", "EventData.Event": "8", "EventData.SubscriberName": "Sens"}
{"EventID": "811", "Channel": "Microsoft-Windows-Winlogon/Operational", "Provider_Name": "Microsoft-Windows-Winlogon", "Computer": "DESKTOP-OFJ6N53", "TimeCreated": "2025-08-19 14:25:51.904234+00:00", "RecordID": "35079", "Level": "4", "UserID": "S-1-5-21-963789628-1060504924-4285088085-1001", "EventData.Event": "8", "EventData.SubscriberName": "SessionEnv"}
{"EventID": "812", "Channel": "Microsoft-Windows-Winlogon/Operational", "Provider_Name": "Microsoft-Windows-Winlogon", "Computer": "DESKTOP-OFJ6N53", "TimeCreated": "2025-08-19 14:25:51.904619+00:00", "RecordID": "35080", "Level": "4", "UserID": "S-1-5-21-963789628-1060504924-4285088085-1001", "EventData.Event": "8", "EventData.SubscriberName": "SessionEnv"}
{"EventID": "811", "Channel": "Microsoft-Windows-Winlogon/Operational", "Provider_Name": "Microsoft-Windows-Winlogon", "Computer": "DESKTOP-OFJ6N53", "TimeCreated": "2025-08-20 07:02:03.566931+00:00", "RecordID": "35081", "Level": "4", "UserID": "S-1-5-21-963789628-1060504924-4285088085-1001", "EventData.Event": "9", "EventData.SubscriberName": "Sens"}
{"EventID": "812", "Channel": "Microsoft-Windows-Winlogon/Operational", "Provider_Name": "Microsoft-Windows-Winlogon", "Computer": "DESKTOP-OFJ6N53", "TimeCreated": "2025-08-20 07:02:03.593117+00:00", "RecordID": "35082", "Level": "4", "UserID": "S-1-5-21-963789628-1060504924-4285088085-1001", "EventData.Event": "9", "EventData.SubscriberName": "Sens"}
{"EventID": "811", "Channel": "Microsoft-Windows-Winlogon/Operational", "Provider_Name": "Microsoft-Windows-Winlogon", "Computer": "DESKTOP-OFJ6N53", "TimeCreated": "2025-08-20 07:02:03.616541+00:00", "RecordID": "35083", "Level": "4", "UserID": "S-1-5-21-963789628-1060504924-4285088085-1001", "EventData.Event": "9", "EventData.SubscriberName": "SessionEnv"}
{"EventID": "812", "Channel": "Microsoft-Windows-Winlogon/Operational", "Provider_Name": "Microsoft-Windows-Winlogon", "Computer": "DESKTOP-OFJ6N53", "TimeCreated": "2025-08-20 07:02:03.706358+00:00", "RecordID": "35084", "Level": "4", "UserID": "S-1-5-21-963789628-1060504924-4285088085-1001", "EventData.Event": "9", "EventData.SubscriberName": "SessionEnv"}
{"EventID": "811", "Channel": "Microsoft-Windows-Winlogon/Operational", "Provider_Name": "Microsoft-Windows-Winlogon", "Computer": "DESKTOP-OFJ6N53", "TimeCreated": "2025-08-20 07:02:06.621721+00:00", "RecordID": "35085", "Level": "4", "UserID": "S-1-5-21-963789628-1060504924-4285088085-1001", "EventData.Event": "5", "EventData.SubscriberName": "Sens"}
{"EventID": "812", "Channel": "Microsoft-Windows-Winlogon/Operational", "Provider_Name": "Microsoft-Windows-Winlogon", "Computer": "DESKTOP-OFJ6N53", "TimeCreated": "2025-08-20 07:02:06.632231+00:00", "RecordID": "35086", "Level": "4", "UserID": "S-1-5-21-963789628-1060504924-4285088085-1001", "EventData.Event": "5", "EventData.SubscriberName": "Sens"}
{"EventID": "811", "Channel": "Microsoft-Windows-Winlogon/Operational", "Provider_Name": "Microsoft-Windows-Winlogon", "Computer": "DESKTOP-OFJ6N53", "TimeCreated": "2025-08-20 07:02:06.632351+00:00", "RecordID": "35087", "Level": "4", "UserID": "S-1-5-21-963789628-1060504924-4285088085-1001", "EventData.Event": "5", "EventData.SubscriberName": "TermSrv"}
{"EventID": "812", "Channel": "Microsoft-Windows-Winlogon/Operational", "Provider_Name": "Microsoft-Windows-Winlogon", "Computer": "DESKTOP-OFJ6N53", "TimeCreated": "2025-08-20 07:02:06.844400+00:00", "RecordID": "35088", "Level": "4", "UserID": "S-1-5-21-963789628-1060504924-4285088085-1001", "EventData.Event": "5", "EventData.SubscriberName": "TermSrv"}
{"EventID": "811", "Channel": "Microsoft-Windows-Winlogon/Operational", "Provider_Name": "Microsoft-Windows-Winlogon", "Computer": "DESKTOP-OFJ6N53", "TimeCreated": "2025-08-20 11:34:16.727800+00:00", "RecordID": "35089", "Level": "4", "UserID": "S-1-5-21-963789628-1060504924-4285088085-1001", "EventData.Event": "4", "EventData.SubscriberName": "Sens"}
{"EventID": "812", "Channel": "Microsoft-Windows-Winlogon/Operational", "Provider_Name": "Microsoft-Windows-Winlogon", "Computer": "DESKTOP-OFJ6N53", "TimeCreated": "2025-08-20 11:34:16.738062+00:00", "RecordID": "35090", "Level": "4", "UserID": "S-1-5-21-963789628-1060504924-4285088085-1001", "EventData.Event": "4", "EventData.SubscriberName": "Sens"}
{"EventID": "811", "Channel": "Microsoft-Windows-Winlogon/Operational", "Provider_Name": "Microsoft-Windows-Winlogon", "Computer": "DESKTOP-OFJ6N53", "TimeCreated": "2025-08-20 11:34:16.738153+00:00", "RecordID": "35091", "Level": "4", "UserID": "S-1-5-21-963789628-1060504924-4285088085-1001", "EventData.Event": "4", "EventData.SubscriberName": "TermSrv"}
{"EventID": "812", "Channel": "Microsoft-Windows-Winlogon/Operational", "Provider_Name": "Microsoft-Windows-Winlogon", "Computer": "DESKTOP-OFJ6N53", "TimeCreated": "2025-08-20 11:34:16.938576+00:00", "RecordID": "35092", "Level": "4", "UserID": "S-1-5-21-963789628-1060504924-4285088085-1001", "EventData.Event": "4", "EventData.SubscriberName": "TermSrv"}
{"EventID": "811", "Channel": "Microsoft-Windows-Winlogon/Operational", "Provider_Name": "Microsoft-Windows-Winlogon", "Computer": "DESKTOP-OFJ6N53", "TimeCreated": "2025-08-20 11:34:16.939077+00:00", "RecordID": "35093", "Level": "4", "UserID": "S-1-5-21-963789628-1060504924-4285088085-1001", "EventData.Event": "8", "EventData.SubscriberName": "Sens"}
{"EventID": "812", "Channel": "Microsoft-Windows-Winlogon/Operational", "Provider_Name": "Microsoft-Windows-Winlogon", "Computer": "DESKTOP-OFJ6N53", "TimeCreated": "2025-08-20 11:34:16.942415+00:00", "RecordID": "35094", "Level": "4", "UserID": "S-1-5-21-963789628-1060504924-4285088085-1001", "EventData.Event": "8", "EventData.SubscriberName": "Sens"}
{"EventID": "811", "Channel": "Microsoft-Windows-Winlogon/Operational", "Provider_Name": "Microsoft-Windows-Winlogon", "Computer": "DESKTOP-OFJ6N53", "TimeCreated": "2025-08-20 11:34:16.942497+00:00", "RecordID": "35095", "Level": "4", "UserID": "S-1-5-21-963789628-1060504924-4285088085-1001", "EventData.Event": "8", "EventData.SubscriberName": "SessionEnv"}
{"EventID": "812", "Channel": "Microsoft-Windows-Winlogon/Operational", "Provider_Name": "Microsoft-Windows-Winlogon", "Computer": "DESKTOP-OFJ6N53", "TimeCreated": "2025-08-20 11:34:17.094545+00:00", "RecordID": "35096", "Level": "4", "UserID": "S-1-5-21-963789628-1060504924-4285088085-1001", "EventData.Event": "8", "EventData.SubscriberName": "SessionEnv"}
{"EventID": "811", "Channel": "Microsoft-Windows-Winlogon/Operational", "Provider_Name": "Microsoft-Windows-Winlogon", "Computer": "DESKTOP-OFJ6N53", "TimeCreated": "2025-08-20 11:44:07.650360+00:00", "RecordID": "35097", "Level": "4", "UserID": "S-1-5-21-963789628-1060504924-4285088085-1001", "EventData.Event": "9", "EventData.SubscriberName": "Sens"}
{"EventID": "812", "Channel": "Microsoft-Windows-Winlogon/Operational", "Provider_Name": "Microsoft-Windows-Winlogon", "Computer": "DESKTOP-OFJ6N53", "TimeCreated": "2025-08-20 11:44:07.669750+00:00", "RecordID": "35098", "Level": "4", "UserID": "S-1-5-21-963789628-1060504924-4285088085-1001", "EventData.Event": "9", "EventData.SubscriberName": "Sens"}
{"EventID": "811", "Channel": "Microsoft-Windows-Winlogon/Operational", "Provider_Name": "Microsoft-Windows-Winlogon", "Computer": "DESKTOP-OFJ6N53", "TimeCreated": "2025-08-20 11:44:07.710835+00:00", "RecordID": "35099", "Level": "4", "UserID": "S-1-5-21-963789628-1060504924-4285088085-1001", "EventData.Event": "9", "EventData.SubscriberName": "SessionEnv"}
{"EventID": "812", "Channel": "Microsoft-Windows-Winlogon/Operational", "Provider_Name": "Microsoft-Windows-Winlogon", "Computer": "DESKTOP-OFJ6N53", "TimeCreated": "2025-08-20 11:44:07.757887+00:00", "RecordID": "35100", "Level": "4", "UserID": "S-1-5-21-963789628-1060504924-4285088085-1001", "EventData.Event": "9", "EventData.SubscriberName": "SessionEnv"}
{"EventID": "811", "Channel": "Microsoft-Windows-Winlogon/Operational", "Provider_Name": "Microsoft-Windows-Winlogon", "Computer": "DESKTOP-OFJ6N53", "TimeCreated": "2025-08-20 11:44:10.899633+00:00", "RecordID": "35101", "Level": "4", "UserID": "S-1-5-21-963789628-1060504924-4285088085-1001", "EventData.Event": "5", "EventData.SubscriberName": "Sens"}
{"EventID": "812", "Channel": "Microsoft-Windows-Winlogon/Operational", "Provider_Name": "Microsoft-Windows-Winlogon", "Computer": "DESKTOP-OFJ6N53", "TimeCreated": "2025-08-20 11:44:10.939428+00:00", "RecordID": "35102", "Level": "4", "UserID": "S-1-5-21-963789628-1060504924-4285088085-1001", "EventData.Event": "5", "EventData.SubscriberName": "Sens"}
{"EventID": "811", "Channel": "Microsoft-Windows-Winlogon/Operational", "Provider_Name": "Microsoft-Windows-Winlogon", "Computer": "DESKTOP-OFJ6N53", "TimeCreated": "2025-08-20 11:44:10.939564+00:00", "RecordID": "35103", "Level": "4", "UserID": "S-1-5-21-963789628-1060504924-4285088085-1001", "EventData.Event": "5", "EventData.SubscriberName": "TermSrv"}
{"EventID": "812", "Channel": "Microsoft-Windows-Winlogon/Operational", "Provider_Name": "Microsoft-Windows-Winlogon", "Computer": "DESKTOP-OFJ6N53", "TimeCreated": "2025-08-20 11:44:11.176971+00:00", "RecordID": "35104", "Level": "4", "UserID": "S-1-5-21-963789628-1060504924-4285088085-1001", "EventData.Event": "5", "EventData.SubscriberName": "TermSrv"}
{"EventID": "811", "Channel": "Microsoft-Windows-Winlogon/Operational", "Provider_Name": "Microsoft-Windows-Winlogon", "Computer": "DESKTOP-OFJ6N53", "TimeCreated": "2025-08-20 15:10:50.953918+00:00", "RecordID": "35105", "Level": "4", "UserID": "S-1-5-21-963789628-1060504924-4285088085-1001", "EventData.Event": "4", "EventData.SubscriberName": "Sens"}
{"EventID": "812", "Channel": "Microsoft-Windows-Winlogon/Operational", "Provider_Name": "Microsoft-Windows-Winlogon", "Computer": "DESKTOP-OFJ6N53", "TimeCreated": "2025-08-20 15:10:50.993286+00:00", "RecordID": "35106", "Level": "4", "UserID": "S-1-5-21-963789628-1060504924-4285088085-1001", "EventData.Event": "4", "EventData.SubscriberName": "Sens"}
{"EventID": "811", "Channel": "Microsoft-Windows-Winlogon/Operational", "Provider_Name": "Microsoft-Windows-Winlogon", "Computer": "DESKTOP-OFJ6N53", "TimeCreated": "2025-08-20 15:10:50.996468+00:00", "RecordID": "35107", "Level": "4", "UserID": "S-1-5-21-963789628-1060504924-4285088085-1001", "EventData.Event": "4", "EventData.SubscriberName": "TermSrv"}
{"EventID": "812", "Channel": "Microsoft-Windows-Winlogon/Operational", "Provider_Name": "Microsoft-Windows-Winlogon", "Computer": "DESKTOP-OFJ6N53", "TimeCreated": "2025-08-20 15:10:51.032579+00:00", "RecordID": "35108", "Level": "4", "UserID": "S-1-5-21-963789628-1060504924-4285088085-1001", "EventData.Event": "4", "EventData.SubscriberName": "TermSrv"}
{"EventID": "811", "Channel": "Microsoft-Windows-Winlogon/Operational", "Provider_Name": "Microsoft-Windows-Winlogon", "Computer": "DESKTOP-OFJ6N53", "TimeCreated": "2025-08-20 15:10:51.161087+00:00", "RecordID": "35109", "Level": "4", "UserID": "S-1-5-21-963789628-1060504924-4285088085-1001", "EventData.Event": "8", "EventData.SubscriberName": "Sens"}
{"EventID": "812", "Channel": "Microsoft-Windows-Winlogon/Operational", "Provider_Name": "Microsoft-Windows-Winlogon", "Computer": "DESKTOP-OFJ6N53", "TimeCreated": "2025-08-20 15:10:51.191031+00:00", "RecordID": "35110", "Level": "4", "UserID": "S-1-5-21-963789628-1060504924-4285088085-1001", "EventData.Event": "8", "EventData.SubscriberName": "Sens"}
{"EventID": "811", "Channel": "Microsoft-Windows-Winlogon/Operational", "Provider_Name": "Microsoft-Windows-Winlogon", "Computer": "DESKTOP-OFJ6N53", "TimeCreated": "2025-08-20 15:10:51.210577+00:00", "RecordID": "35111", "Level": "4", "UserID": "S-1-5-21-963789628-1060504924-4285088085-1001", "EventData.Event": "8", "EventData.SubscriberName": "SessionEnv"}
{"EventID": "812", "Channel": "Microsoft-Windows-Winlogon/Operational", "Provider_Name": "Microsoft-Windows-Winlogon", "Computer": "DESKTOP-OFJ6N53", "TimeCreated": "2025-08-20 15:10:51.235334+00:00", "RecordID": "35112", "Level": "4", "UserID": "S-1-5-21-963789628-1060504924-4285088085-1001", "EventData.Event": "8", "EventData.SubscriberName": "SessionEnv"}
{"EventID": "811", "Channel": "Microsoft-Windows-Winlogon/Operational", "Provider_Name": "Microsoft-Windows-Winlogon", "Computer": "DESKTOP-OFJ6N53", "TimeCreated": "2025-08-20 15:31:33.746481+00:00", "RecordID": "35113", "Level": "4", "UserID": "S-1-5-21-963789628-1060504924-4285088085-1001", "EventData.Event": "9", "EventData.SubscriberName": "Sens"}
{"EventID": "812", "Channel": "Microsoft-Windows-Winlogon/Operational", "Provider_Name": "Microsoft-Windows-Winlogon", "Computer": "DESKTOP-OFJ6N53", "TimeCreated": "2025-08-20 15:31:33.782440+00:00", "RecordID": "35114", "Level": "4", "UserID": "S-1-5-21-963789628-1060504924-4285088085-1001", "EventData.Event": "9", "EventData.SubscriberName": "Sens"}
{"EventID": "811", "Channel": "Microsoft-Windows-Winlogon/Operational", "Provider_Name": "Microsoft-Windows-Winlogon", "Computer": "DESKTOP-OFJ6N53", "TimeCreated": "2025-08-20 15:31:33.928938+00:00", "RecordID": "35115", "Level": "4", "UserID": "S-1-5-21-963789628-1060504924-4285088085-1001", "EventData.Event": "9", "EventData.SubscriberName": "SessionEnv"}
{"EventID": "812", "Channel": "Microsoft-Windows-Winlogon/Operational", "Provider_Name": "Microsoft-Windows-Winlogon", "Computer": "DESKTOP-OFJ6N53", "TimeCreated": "2025-08-20 15:31:33.977343+00:00", "RecordID": "35116", "Level": "4", "UserID": "S-1-5-21-963789628-1060504924-4285088085-1001", "EventData.Event": "9", "EventData.SubscriberName": "SessionEnv"}
{"EventID": "811", "Channel": "Microsoft-Windows-Winlogon/Operational", "Provider_Name": "Microsoft-Windows-Winlogon", "Computer": "DESKTOP-OFJ6N53", "TimeCreated": "2025-08-20 15:31:35.067530+00:00", "RecordID": "35117", "Level": "4", "UserID": "S-1-5-21-963789628-1060504924-4285088085-1001", "EventData.Event": "5", "EventData.SubscriberName": "Sens"}
