{"EventID": "10002", "Channel": "Microsoft-Windows-AppXDeployment-Server/Operational", "Provider_Name": "Microsoft-Windows-AppXDeployment-Server-UndockedDeh", "Computer": "DESKTOP-OFJ6N53", "TimeCreated": "2025-05-14 08:40:58.725546+00:00", "RecordID": "102", "Level": "5", "UserID": "S-1-5-18", "EventData.DehName": "WindowsAppSdk.UndockedDeh.InstallMyself.InstallMyselfDeh", "EventData.DehPhase": "0x00000001"}
{"EventID": "9000", "Channel": "Microsoft-Windows-AppXDeployment-Server/Operational", "Provider_Name": "Microsoft-Windows-AppXDeployment-Server-UndockedDeh", "Computer": "DESKTOP-OFJ6N53", "TimeCreated": "2025-05-14 08:40:58.729689+00:00", "RecordID": "103", "Level": "4", "UserID": "S-1-5-18", "EventData.PackageFullName": "Microsoft.WindowsAppRuntime.1.6_6000.486.517.0_x64__8wekyb3d8bbwe", "EventData.UndockedDehDllParent": "WindowsAppSdk.AppxDeploymentExtensions.Desktop.dll"}
{"EventID": "9005", "Channel": "Microsoft-Windows-AppXDeployment-Server/Operational", "Provider_Name": "Microsoft-Windows-AppXDeployment-Server-UndockedDeh", "Computer": "DESKTOP-OFJ6N53", "TimeCreated": "2025-05-14 08:40:58.730467+00:00", "RecordID": "104", "Level": "4", "UserID": "S-1-5-18", "EventData.PackageFullName": "Microsoft.WindowsAppRuntime.1.6_6000.457.2140.0_x86__8wekyb3d8bbwe", "EventData.UndockedDehDllParent": "WindowsAppSdk.AppxDeploymentExtensions.Desktop.dll"}
{"EventID": "9002", "Channel": "Microsoft-Windows-AppXDeployment-Server/Operational", "Provider_Name": "Microsoft-Windows-AppXDeployment-Server-UndockedDeh", "Computer": "DESKTOP-OFJ6N53", "TimeCreated": "2025-05-14 08:40:59.524508+00:00", "RecordID": "105", "Level": "4", "UserID": "S-1-5-18", "EventData.PackageFullName": "Microsoft.WindowsAppRuntime.1.6_6000.486.517.0_x64__8wekyb3d8bbwe", "EventData.UndockedDehDllParent": "WindowsAppSdk.AppxDeploymentExtensions.Desktop.dll"}
{"EventID": "10007", "Channel": "Microsoft-Windows-AppXDeployment-Server/Operational", "Provider_Name": "Microsoft-Windows-AppXDeployment-Server-UndockedDeh", "Computer": "DESKTOP-OFJ6N53", "TimeCreated": "2025-05-14 08:41:08.157097+00:00", "RecordID": "106", "Level": "5", "UserID": "S-1-5-18", "EventData.Direction": "Incoming", "EventData.DehName": "WindowsAppSdk.UndockedDeh.InstallMyself.InstallMyselfDeh", "EventData.PackageFullName": "Microsoft.WindowsAppRuntime.1.6_6000.486.517.0_x86__8wekyb3d8bbwe", "EventData.PostOsUpgrade": "False", "EventData.DehPhase": "0x00000001", "EventData.DehState": "2"}
{"EventID": "10002", "Channel": "Microsoft-Windows-AppXDeployment-Server/Operational", "Provider_Name": "Microsoft-Windows-AppXDeployment-Server-UndockedDeh", "Computer": "DESKTOP-OFJ6N53", "TimeCreated": "2025-05-14 08:41:08.157337+00:00", "RecordID": "107", "Level": "5", "UserID": "S-1-5-18", "EventData.DehName": "WindowsAppSdk.UndockedDeh.InstallMyself.InstallMyselfDeh", "EventData.DehPhase": "0x00000001"}
{"EventID": "9000", "Channel": "Microsoft-Windows-AppXDeployment-Server/Operational", "Provider_Name": "Microsoft-Windows-AppXDeployment-Server-UndockedDeh", "Computer": "DESKTOP-OFJ6N53", "TimeCreated": "2025-05-14 08:41:08.159851+00:00", "RecordID": "108", "Level": "4", "UserID": "S-1-5-18", "EventData.PackageFullName": "Microsoft.WindowsAppRuntime.1.6_6000.486.517.0_x86__8wekyb3d8bbwe", "EventData.UndockedDehDllParent": "WindowsAppSdk.AppxDeploymentExtensions.Desktop.dll"}
{"EventID": "9005", "Channel": "Microsoft-Windows-AppXDeployment-Server/Operational", "Provider_Name": "Microsoft-Windows-AppXDeployment-Server-UndockedDeh", "Computer": "DESKTOP-OFJ6N53", "TimeCreated": "2025-05-14 08:41:08.160818+00:00", "RecordID": "109", "Level": "4", "UserID": "S-1-5-18", "EventData.PackageFullName": "Microsoft.WindowsAppRuntime.1.6_6000.486.517.0_x64__8wekyb3d8bbwe", "EventData.UndockedDehDllParent": "WindowsAppSdk.AppxDeploymentExtensions.Desktop.dll"}
{"EventID": "9002", "Channel": "Microsoft-Windows-AppXDeployment-Server/Operational", "Provider_Name": "Microsoft-Windows-AppXDeployment-Server-UndockedDeh", "Computer": "DESKTOP-OFJ6N53", "TimeCreated": "2025-05-14 08:41:08.812393+00:00", "RecordID": "110", "Level": "4", "UserID": "S-1-5-18", "EventData.PackageFullName": "Microsoft.WindowsAppRuntime.1.6_6000.486.517.0_x86__8wekyb3d8bbwe", "EventData.UndockedDehDllParent": "WindowsAppSdk.AppxDeploymentExtensions.Desktop.dll"}
{"EventID": "10007", "Channel": "Microsoft-Windows-AppXDeployment-Server/Operational", "Provider_Name": "Microsoft-Windows-AppXDeployment-Server-UndockedDeh", "Computer": "DESKTOP-OFJ6N53", "TimeCreated": "2025-05-21 14:12:34.962889+00:00", "RecordID": "111", "Level": "5", "UserID": "S-1-5-18", "EventData.Direction": "Outgoing", "EventData.DehName": "WindowsAppSdk.UndockedDeh.InstallMyself.InstallMyselfDeh", "EventData.PackageFullName": "Microsoft.WindowsAppRuntime.1.6_6000.318.2304.0_x64__8wekyb3d8bbwe", "EventData.PostOsUpgrade": "False", "EventData.DehPhase": "0x00000001", "EventData.DehState": "4"}
{"EventID": "10002", "Channel": "Microsoft-Windows-AppXDeployment-Server/Operational", "Provider_Name": "Microsoft-Windows-AppXDeployment-Server-UndockedDeh", "Computer": "DESKTOP-OFJ6N53", "TimeCreated": "2025-05-21 14:12:34.964771+00:00", "RecordID": "112", "Level": "5", "UserID": "S-1-5-18", "EventData.DehName": "WindowsAppSdk.UndockedDeh.InstallMyself.InstallMyselfDeh", "EventData.DehPhase": "0x00000001"}
{"EventID": "9001", "Channel": "Microsoft-Windows-AppXDeployment-Server/Operational", "Provider_Name": "Microsoft-Windows-AppXDeployment-Server-UndockedDeh", "Computer": "DESKTOP-OFJ6N53", "TimeCreated": "2025-05-21 14:12:34.965096+00:00", "RecordID": "113", "Level": "4", "UserID": "S-1-5-18", "EventData.PackageFullName": "Microsoft.WindowsAppRuntime.1.6_6000.318.2304.0_x64__8wekyb3d8bbwe", "EventData.UndockedDehDllParent": "WindowsAppSdk.AppxDeploymentExtensions.Desktop.dll"}
{"EventID": "9003", "Channel": "Microsoft-Windows-AppXDeployment-Server/Operational", "Provider_Name": "Microsoft-Windows-AppXDeployment-Server-UndockedDeh", "Computer": "DESKTOP-OFJ6N53", "TimeCreated": "2025-05-21 14:12:34.965527+00:00", "RecordID": "114", "Level": "4", "UserID": "S-1-5-18", "EventData.PackageFullName": "Microsoft.WindowsAppRuntime.1.6_6000.318.2304.0_x64__8wekyb3d8bbwe", "EventData.UndockedDehDllParent": "WindowsAppSdk.AppxDeploymentExtensions.Desktop.dll"}
{"EventID": "10007", "Channel": "Microsoft-Windows-AppXDeployment-Server/Operational", "Provider_Name": "Microsoft-Windows-AppXDeployment-Server-UndockedDeh", "Computer": "DESKTOP-OFJ6N53", "TimeCreated": "2025-05-22 14:18:51.841698+00:00", "RecordID": "115", "Level": "5", "UserID": "S-1-5-18", "EventData.Direction": "Outgoing", "EventData.DehName": "WindowsAppSdk.UndockedDeh.InstallMyself.InstallMyselfDeh", "EventData.PackageFullName": "Microsoft.WindowsAppRuntime.1.6_6000.457.2140.0_x86__8wekyb3d8bbwe", "EventData.PostOsUpgrade": "False", "EventData.DehPhase": "0x00000001", "EventData.DehState": "4"}
{"EventID": "10002", "Channel": "Microsoft-Windows-AppXDeployment-Server/Operational", "Provider_Name": "Microsoft-Windows-AppXDeployment-Server-UndockedDeh", "Computer": "DESKTOP-OFJ6N53", "TimeCreated": "2025-05-22 14:18:51.849733+00:00", "RecordID": "116", "Level": "5", "UserID": "S-1-5-18", "EventData.DehName": "WindowsAppSdk.UndockedDeh.InstallMyself.InstallMyselfDeh", "EventData.DehPhase": "0x00000001"}
{"EventID": "9001", "Channel": "Microsoft-Windows-AppXDeployment-Server/Operational", "Provider_Name": "Microsoft-Windows-AppXDeployment-Server-UndockedDeh", "Computer": "DESKTOP-OFJ6N53", "TimeCreated": "2025-05-22 14:18:51.850107+00:00", "RecordID": "117", "Level": "4", "UserID": "S-1-5-18", "EventData.PackageFullName": "Microsoft.WindowsAppRuntime.1.6_6000.457.2140.0_x86__8wekyb3d8bbwe", "EventData.UndockedDehDllParent": "WindowsAppSdk.AppxDeploymentExtensions.Desktop.dll"}
{"EventID": "9003", "Channel": "Microsoft-Windows-AppXDeployment-Server/Operational", "Provider_Name": "Microsoft-Windows-AppXDeployment-Server-UndockedDeh", "Computer": "DESKTOP-OFJ6N53", "TimeCreated": "2025-05-22 14:18:51.850550+00:00", "RecordID": "118", "Level": "4", "UserID": "S-1-5-18", "EventData.PackageFullName": "Microsoft.WindowsAppRuntime.1.6_6000.457.2140.0_x86__8wekyb3d8bbwe", "EventData.UndockedDehDllParent": "WindowsAppSdk.AppxDeploymentExtensions.Desktop.dll"}
{"EventID": "10007", "Channel": "Microsoft-Windows-AppXDeployment-Server/Operational", "Provider_Name": "Microsoft-Windows-AppXDeployment-Server-UndockedDeh", "Computer": "DESKTOP-OFJ6N53", "TimeCreated": "2025-06-11 07:34:51.137775+00:00", "RecordID": "119", "Level": "5", "UserID": "S-1-5-18", "EventData.Direction": "Incoming", "EventData.DehName": "WindowsAppSdk.UndockedDeh.InstallMyself.InstallMyselfDeh", "EventData.PackageFullName": "Microsoft.WindowsAppRuntime.1.6_6000.519.329.0_x86__8wekyb3d8bbwe", "EventData.PostOsUpgrade": "False", "EventData.DehPhase": "0x00000001", "EventData.DehState": "2"}
{"EventID": "10002", "Channel": "Microsoft-Windows-AppXDeployment-Server/Operational", "Provider_Name": "Microsoft-Windows-AppXDeployment-Server-UndockedDeh", "Computer": "DESKTOP-OFJ6N53", "TimeCreated": "2025-06-11 07:34:51.138128+00:00", "RecordID": "120", "Level": "5", "UserID": "S-1-5-18", "EventData.DehName": "WindowsAppSdk.UndockedDeh.InstallMyself.InstallMyselfDeh", "EventData.DehPhase": "0x00000001"}
{"EventID": "9000", "Channel": "Microsoft-Windows-AppXDeployment-Server/Operational", "Provider_Name": "Microsoft-Windows-AppXDeployment-Server-UndockedDeh", "Computer": "DESKTOP-OFJ6N53", "TimeCreated": "2025-06-11 07:34:51.140848+00:00", "RecordID": "121", "Level": "4", "UserID": "S-1-5-18", "EventData.PackageFullName": "Microsoft.WindowsAppRuntime.1.6_6000.519.329.0_x86__8wekyb3d8bbwe", "EventData.UndockedDehDllParent": "WindowsAppSdk.AppxDeploymentExtensions.Desktop.dll"}
{"EventID": "9005", "Channel": "Microsoft-Windows-AppXDeployment-Server/Operational", "Provider_Name": "Microsoft-Windows-AppXDeployment-Server-UndockedDeh", "Computer": "DESKTOP-OFJ6N53", "TimeCreated": "2025-06-11 07:34:51.142418+00:00", "RecordID": "122", "Level": "4", "UserID": "S-1-5-18", "EventData.PackageFullName": "Microsoft.WindowsAppRuntime.1.6_6000.486.517.0_x86__8wekyb3d8bbwe", "EventData.UndockedDehDllParent": "WindowsAppSdk.AppxDeploymentExtensions.Desktop.dll"}
{"EventID": "9002", "Channel": "Microsoft-Windows-AppXDeployment-Server/Operational", "Provider_Name": "Microsoft-Windows-AppXDeployment-Server-UndockedDeh", "Computer": "DESKTOP-OFJ6N53", "TimeCreated": "2025-06-11 07:34:51.818384+00:00", "RecordID": "123", "Level": "4", "UserID": "S-1-5-18", "EventData.PackageFullName": "Microsoft.WindowsAppRuntime.1.6_6000.519.329.0_x86__8wekyb3d8bbwe", "EventData.UndockedDehDllParent": "WindowsAppSdk.AppxDeploymentExtensions.Desktop.dll"}
{"EventID": "9002", "Channel": "Microsoft-Windows-AppXDeployment-Server/Operational", "Provider_Name": "Microsoft-Windows-AppXDeployment-Server-UndockedDeh", "Computer": "DESKTOP-OFJ6N53", "TimeCreated": "2025-06-11 07:34:55.372667+00:00", "RecordID": "124", "Level": "4", "UserID": "S-1-5-18", "EventData.PackageFullName": "Microsoft.WindowsAppRuntime.1.6_6000.519.329.0_x64__8wekyb3d8bbwe", "EventData.UndockedDehDllParent": "WindowsAppSdk.AppxDeploymentExtensions.Desktop.dll"}
{"EventID": "10007", "Channel": "Microsoft-Windows-AppXDeployment-Server/Operational", "Provider_Name": "Microsoft-Windows-AppXDeployment-Server-UndockedDeh", "Computer": "DESKTOP-OFJ6N53", "TimeCreated": "2025-06-11 07:35:07.264791+00:00", "RecordID": "125", "Level": "5", "UserID": "S-1-5-18", "EventData.Direction": "Incoming", "EventData.DehName": "WindowsAppSdk.UndockedDeh.InstallMyself.InstallMyselfDeh", "EventData.PackageFullName": "Microsoft.WindowsAppRuntime.1.7_7000.522.1444.0_x64__8wekyb3d8bbwe", "EventData.PostOsUpgrade": "False", "EventData.DehPhase": "0x00000001", "EventData.DehState": "2"}
{"EventID": "10002", "Channel": "Microsoft-Windows-AppXDeployment-Server/Operational", "Provider_Name": "Microsoft-Windows-AppXDeployment-Server-UndockedDeh", "Computer": "DESKTOP-OFJ6N53", "TimeCreated": "2025-06-11 07:35:07.265030+00:00", "RecordID": "126", "Level": "5", "UserID": "S-1-5-18", "EventData.DehName": "WindowsAppSdk.UndockedDeh.InstallMyself.InstallMyselfDeh", "EventData.DehPhase": "0x00000001"}
{"EventID": "9000", "Channel": "Microsoft-Windows-AppXDeployment-Server/Operational", "Provider_Name": "Microsoft-Windows-AppXDeployment-Server-UndockedDeh", "Computer": "DESKTOP-OFJ6N53", "TimeCreated": "2025-06-11 07:35:07.267090+00:00", "RecordID": "127", "Level": "4", "UserID": "S-1-5-18", "EventData.PackageFullName": "Microsoft.WindowsAppRuntime.1.7_7000.522.1444.0_x64__8wekyb3d8bbwe", "EventData.UndockedDehDllParent": "WindowsAppSdk.AppxDeploymentExtensions.Desktop.dll"}
{"EventID": "9005", "Channel": "Microsoft-Windows-AppXDeployment-Server/Operational", "Provider_Name": "Microsoft-Windows-AppXDeployment-Server-UndockedDeh", "Computer": "DESKTOP-OFJ6N53", "TimeCreated": "2025-06-11 07:35:07.267845+00:00", "RecordID": "128", "Level": "4", "UserID": "S-1-5-18", "EventData.PackageFullName": "Microsoft.WindowsAppRuntime.1.6_6000.519.329.0_x64__8wekyb3d8bbwe", "EventData.UndockedDehDllParent": "WindowsAppSdk.AppxDeploymentExtensions.Desktop.dll"}
{"EventID": "9002", "Channel": "Microsoft-Windows-AppXDeployment-Server/Operational", "Provider_Name": "Microsoft-Windows-AppXDeployment-Server-UndockedDeh", "Computer": "DESKTOP-OFJ6N53", "TimeCreated": "2025-06-11 07:35:07.829998+00:00", "RecordID": "129", "Level": "4", "UserID": "S-1-5-18", "EventData.PackageFullName": "Microsoft.WindowsAppRuntime.1.7_7000.522.1444.0_x64__8wekyb3d8bbwe", "EventData.UndockedDehDllParent": "WindowsAppSdk.AppxDeploymentExtensions.Desktop.dll"}
{"EventID": "10007", "Channel": "Microsoft-Windows-AppXDeployment-Server/Operational", "Provider_Name": "Microsoft-Windows-AppXDeployment-Server-UndockedDeh", "Computer": "DESKTOP-OFJ6N53", "TimeCreated": "2025-06-11 07:35:08.673754+00:00", "RecordID": "130", "Level": "5", "UserID": "S-1-5-18", "EventData.Direction": "Outgoing", "EventData.DehName": "WindowsAppSdk.UndockedDeh.InstallMyself.InstallMyselfDeh", "EventData.PackageFullName": "Microsoft.WindowsAppRuntime.1.6_6000.486.517.0_x86__8wekyb3d8bbwe", "EventData.PostOsUpgrade": "False", "EventData.DehPhase": "0x00000001", "EventData.DehState": "4"}
{"EventID": "10002", "Channel": "Microsoft-Windows-AppXDeployment-Server/Operational", "Provider_Name": "Microsoft-Windows-AppXDeployment-Server-UndockedDeh", "Computer": "DESKTOP-OFJ6N53", "TimeCreated": "2025-06-11 07:35:08.674109+00:00", "RecordID": "131", "Level": "5", "UserID": "S-1-5-18", "EventData.DehName": "WindowsAppSdk.UndockedDeh.InstallMyself.InstallMyselfDeh", "EventData.DehPhase": "0x00000001"}
{"EventID": "9001", "Channel": "Microsoft-Windows-AppXDeployment-Server/Operational", "Provider_Name": "Microsoft-Windows-AppXDeployment-Server-UndockedDeh", "Computer": "DESKTOP-OFJ6N53", "TimeCreated": "2025-06-11 07:35:08.674322+00:00", "RecordID": "132", "Level": "4", "UserID": "S-1-5-18", "EventData.PackageFullName": "Microsoft.WindowsAppRuntime.1.6_6000.486.517.0_x86__8wekyb3d8bbwe", "EventData.UndockedDehDllParent": "WindowsAppSdk.AppxDeploymentExtensions.Desktop.dll"}
{"EventID": "9003", "Channel": "Microsoft-Windows-AppXDeployment-Server/Operational", "Provider_Name": "Microsoft-Windows-AppXDeployment-Server-UndockedDeh", "Computer": "DESKTOP-OFJ6N53", "TimeCreated": "2025-06-11 07:35:08.674667+00:00", "RecordID": "133", "Level": "4", "UserID": "S-1-5-18", "EventData.PackageFullName": "Microsoft.WindowsAppRuntime.1.6_6000.486.517.0_x86__8wekyb3d8bbwe", "EventData.UndockedDehDllParent": "WindowsAppSdk.AppxDeploymentExtensions.Desktop.dll"}
{"EventID": "10007", "Channel": "Microsoft-Windows-AppXDeployment-Server/Operational", "Provider_Name": "Microsoft-Windows-AppXDeployment-Server-UndockedDeh", "Computer": "DESKTOP-OFJ6N53", "TimeCreated": "2025-06-11 07:35:11.058592+00:00", "RecordID": "134", "Level": "5", "UserID": "S-1-5-18", "EventData.Direction": "Incoming", "EventData.DehName": "WindowsAppSdk.UndockedDeh.InstallMyself.InstallMyselfDeh", "EventData.PackageFullName": "Microsoft.WindowsAppRuntime.1.7_7000.522.1444.0_x86__8wekyb3d8bbwe", "EventData.PostOsUpgrade": "False", "EventData.DehPhase": "0x00000001", "EventData.DehState": "2"}
{"EventID": "10002", "Channel": "Microsoft-Windows-AppXDeployment-Server/Operational", "Provider_Name": "Microsoft-Windows-AppXDeployment-Server-UndockedDeh", "Computer": "DESKTOP-OFJ6N53", "TimeCreated": "2025-06-11 07:35:11.058804+00:00", "RecordID": "135", "Level": "5", "UserID": "S-1-5-18", "EventData.DehName": "WindowsAppSdk.UndockedDeh.InstallMyself.InstallMyselfDeh", "EventData.DehPhase": "0x00000001"}
{"EventID": "9000", "Channel": "Microsoft-Windows-AppXDeployment-Server/Operational", "Provider_Name": "Microsoft-Windows-AppXDeployment-Server-UndockedDeh", "Computer": "DESKTOP-OFJ6N53", "TimeCreated": "2025-06-11 07:35:11.061018+00:00", "RecordID": "136", "Level": "4", "UserID": "S-1-5-18", "EventData.PackageFullName": "Microsoft.WindowsAppRuntime.1.7_7000.522.1444.0_x86__8wekyb3d8bbwe", "EventData.UndockedDehDllParent": "WindowsAppSdk.AppxDeploymentExtensions.Desktop.dll"}
{"EventID": "9005", "Channel": "Microsoft-Windows-AppXDeployment-Server/Operational", "Provider_Name": "Microsoft-Windows-AppXDeployment-Server-UndockedDeh", "Computer": "DESKTOP-OFJ6N53", "TimeCreated": "2025-06-11 07:35:11.061790+00:00", "RecordID": "137", "Level": "4", "UserID": "S-1-5-18", "EventData.PackageFullName": "Microsoft.WindowsAppRuntime.1.7_7000.522.1444.0_x64__8wekyb3d8bbwe", "EventData.UndockedDehDllParent": "WindowsAppSdk.AppxDeploymentExtensions.Desktop.dll"}
{"EventID": "9002", "Channel": "Microsoft-Windows-AppXDeployment-Server/Operational", "Provider_Name": "Microsoft-Windows-AppXDeployment-Server-UndockedDeh", "Computer": "DESKTOP-OFJ6N53", "TimeCreated": "2025-06-11 07:35:11.594507+00:00", "RecordID": "138", "Level": "4", "UserID": "S-1-5-18", "EventData.PackageFullName": "Microsoft.WindowsAppRuntime.1.7_7000.522.1444.0_x86__8wekyb3d8bbwe", "EventData.UndockedDehDllParent": "WindowsAppSdk.AppxDeploymentExtensions.Desktop.dll"}
