{"EventID": "410", "Channel": "Microsoft-Windows-Kernel-PnP/Configuration", "Provider_Name": "Microsoft-Windows-Kernel-PnP", "Computer": "DESKTOP-OFJ6N53", "TimeCreated": "2025-07-16 16:25:53.408245+00:00", "RecordID": "35491", "Level": "4", "UserID": "S-1-5-18", "EventData.DeviceInstanceId": "SWD\\ScDeviceEnum\\2_AKS_ifdh_0", "EventData.DriverName": "c_swdevice.inf", "EventData.ClassGuid": "{62f9c741-b25a-46ce-b54c-9bccce08b6f2}", "EventData.ServiceName": null, "EventData.LowerFilters": null, "EventData.UpperFilters": null, "EventData.Problem": "0x00000000", "EventData.Status": "0x00000000"}
{"EventID": "400", "Channel": "Microsoft-Windows-Kernel-PnP/Configuration", "Provider_Name": "Microsoft-Windows-Kernel-PnP", "Computer": "DESKTOP-OFJ6N53", "TimeCreated": "2025-07-16 16:25:55.899364+00:00", "RecordID": "35492", "Level": "4", "UserID": "S-1-5-18", "EventData.DeviceInstanceId": "SWD\\PRINTENUM\\{C8958C26-E806-4C7C-BB45-F418B21C14B5}", "EventData.DriverName": "printqueue.inf", "EventData.ClassGuid": "{1ed2bbf9-11f0-4084-b21f-ad83a8e6dcdc}", "EventData.DriverDate": "06/21/2006", "EventData.DriverVersion": "10.0.19041.1", "EventData.DriverProvider": "Microsoft", "EventData.DriverInbox": "True", "EventData.DriverSection": "NO_DRV_LOCAL", "EventData.DriverRank": "0x00000000", "EventData.MatchingDeviceId": "PRINTENUM\\LocalPrintQueue", "EventData.OutrankedDrivers": "c_swdevice.inf:SWD\\GenericRaw:00FF3001", "EventData.DeviceUpdated": "False", "EventData.Status": "0x00000000", "EventData.ParentDeviceInstanceId": "SWD\\PRINTENUM\\PrintQueues"}
{"EventID": "410", "Channel": "Microsoft-Windows-Kernel-PnP/Configuration", "Provider_Name": "Microsoft-Windows-Kernel-PnP", "Computer": "DESKTOP-OFJ6N53", "TimeCreated": "2025-07-16 16:25:55.901955+00:00", "RecordID": "35493", "Level": "4", "UserID": "S-1-5-18", "EventData.DeviceInstanceId": "SWD\\PRINTENUM\\{C8958C26-E806-4C7C-BB45-F418B21C14B5}", "EventData.DriverName": "printqueue.inf", "EventData.ClassGuid": "{1ed2bbf9-11f0-4084-b21f-ad83a8e6dcdc}", "EventData.ServiceName": null, "EventData.LowerFilters": null, "EventData.UpperFilters": null, "EventData.Problem": "0x00000000", "EventData.Status": "0x00000000"}
{"EventID": "400", "Channel": "Microsoft-Windows-Kernel-PnP/Configuration", "Provider_Name": "Microsoft-Windows-Kernel-PnP", "Computer": "DESKTOP-OFJ6N53", "TimeCreated": "2025-07-16 16:26:00.749479+00:00", "RecordID": "35494", "Level": "4", "UserID": "S-1-5-18", "EventData.DeviceInstanceId": "SWD\\PRINTENUM\\{3CA5D31C-AE28-46BF-AB99-C0875E033546}", "EventData.DriverName": "printqueue.inf", "EventData.ClassGuid": "{1ed2bbf9-11f0-4084-b21f-ad83a8e6dcdc}", "EventData.DriverDate": "06/21/2006", "EventData.DriverVersion": "10.0.19041.1", "EventData.DriverProvider": "Microsoft", "EventData.DriverInbox": "True", "EventData.DriverSection": "NO_DRV_LOCAL", "EventData.DriverRank": "0x00000000", "EventData.MatchingDeviceId": "PRINTENUM\\LocalPrintQueue", "EventData.OutrankedDrivers": "c_swdevice.inf:SWD\\GenericRaw:00FF3001", "EventData.DeviceUpdated": "False", "EventData.Status": "0x00000000", "EventData.ParentDeviceInstanceId": "SWD\\PRINTENUM\\PrintQueues"}
{"EventID": "410", "Channel": "Microsoft-Windows-Kernel-PnP/Configuration", "Provider_Name": "Microsoft-Windows-Kernel-PnP", "Computer": "DESKTOP-OFJ6N53", "TimeCreated": "2025-07-16 16:26:00.751789+00:00", "RecordID": "35495", "Level": "4", "UserID": "S-1-5-18", "EventData.DeviceInstanceId": "SWD\\PRINTENUM\\{3CA5D31C-AE28-46BF-AB99-C0875E033546}", "EventData.DriverName": "printqueue.inf", "EventData.ClassGuid": "{1ed2bbf9-11f0-4084-b21f-ad83a8e6dcdc}", "EventData.ServiceName": null, "EventData.LowerFilters": null, "EventData.UpperFilters": null, "EventData.Problem": "0x00000000", "EventData.Status": "0x00000000"}
{"EventID": "400", "Channel": "Microsoft-Windows-Kernel-PnP/Configuration", "Provider_Name": "Microsoft-Windows-Kernel-PnP", "Computer": "DESKTOP-OFJ6N53", "TimeCreated": "2025-07-16 16:26:04.518850+00:00", "RecordID": "35496", "Level": "4", "UserID": "S-1-5-18", "EventData.DeviceInstanceId": "SWD\\PRINTENUM\\{6CC16E52-E01C-47A6-8438-00121520E2E3}", "EventData.DriverName": "printqueue.inf", "EventData.ClassGuid": "{1ed2bbf9-11f0-4084-b21f-ad83a8e6dcdc}", "EventData.DriverDate": "06/21/2006", "EventData.DriverVersion": "10.0.19041.1", "EventData.DriverProvider": "Microsoft", "EventData.DriverInbox": "True", "EventData.DriverSection": "NO_DRV_LOCAL", "EventData.DriverRank": "0x00000000", "EventData.MatchingDeviceId": "PRINTENUM\\LocalPrintQueue", "EventData.OutrankedDrivers": "c_swdevice.inf:SWD\\GenericRaw:00FF3001", "EventData.DeviceUpdated": "False", "EventData.Status": "0x00000000", "EventData.ParentDeviceInstanceId": "SWD\\PRINTENUM\\PrintQueues"}
{"EventID": "410", "Channel": "Microsoft-Windows-Kernel-PnP/Configuration", "Provider_Name": "Microsoft-Windows-Kernel-PnP", "Computer": "DESKTOP-OFJ6N53", "TimeCreated": "2025-07-16 16:26:04.522078+00:00", "RecordID": "35497", "Level": "4", "UserID": "S-1-5-18", "EventData.DeviceInstanceId": "SWD\\PRINTENUM\\{6CC16E52-E01C-47A6-8438-00121520E2E3}", "EventData.DriverName": "printqueue.inf", "EventData.ClassGuid": "{1ed2bbf9-11f0-4084-b21f-ad83a8e6dcdc}", "EventData.ServiceName": null, "EventData.LowerFilters": null, "EventData.UpperFilters": null, "EventData.Problem": "0x00000000", "EventData.Status": "0x00000000"}
{"EventID": "400", "Channel": "Microsoft-Windows-Kernel-PnP/Configuration", "Provider_Name": "Microsoft-Windows-Kernel-PnP", "Computer": "DESKTOP-OFJ6N53", "TimeCreated": "2025-07-16 16:26:09.164391+00:00", "RecordID": "35498", "Level": "4", "UserID": "S-1-5-18", "EventData.DeviceInstanceId": "SWD\\PRINTENUM\\{3D8802CB-2C43-4DD9-81C7-6F5045E7112A}", "EventData.DriverName": "printqueue.inf", "EventData.ClassGuid": "{1ed2bbf9-11f0-4084-b21f-ad83a8e6dcdc}", "EventData.DriverDate": "06/21/2006", "EventData.DriverVersion": "10.0.19041.1", "EventData.DriverProvider": "Microsoft", "EventData.DriverInbox": "True", "EventData.DriverSection": "NO_DRV_LOCAL", "EventData.DriverRank": "0x00000000", "EventData.MatchingDeviceId": "PRINTENUM\\LocalPrintQueue", "EventData.OutrankedDrivers": "c_swdevice.inf:SWD\\GenericRaw:00FF3001", "EventData.DeviceUpdated": "False", "EventData.Status": "0x00000000", "EventData.ParentDeviceInstanceId": "SWD\\PRINTENUM\\PrintQueues"}
{"EventID": "410", "Channel": "Microsoft-Windows-Kernel-PnP/Configuration", "Provider_Name": "Microsoft-Windows-Kernel-PnP", "Computer": "DESKTOP-OFJ6N53", "TimeCreated": "2025-07-16 16:26:09.167219+00:00", "RecordID": "35499", "Level": "4", "UserID": "S-1-5-18", "EventData.DeviceInstanceId": "SWD\\PRINTENUM\\{3D8802CB-2C43-4DD9-81C7-6F5045E7112A}", "EventData.DriverName": "printqueue.inf", "EventData.ClassGuid": "{1ed2bbf9-11f0-4084-b21f-ad83a8e6dcdc}", "EventData.ServiceName": null, "EventData.LowerFilters": null, "EventData.UpperFilters": null, "EventData.Problem": "0x00000000", "EventData.Status": "0x00000000"}
{"EventID": "400", "Channel": "Microsoft-Windows-Kernel-PnP/Configuration", "Provider_Name": "Microsoft-Windows-Kernel-PnP", "Computer": "DESKTOP-OFJ6N53", "TimeCreated": "2025-07-16 16:26:10.607719+00:00", "RecordID": "35500", "Level": "4", "UserID": "S-1-5-18", "EventData.DeviceInstanceId": "SWD\\PRINTENUM\\{94EB7C1D-695F-4CE9-BADD-E20E71BED63F}", "EventData.DriverName": "printqueue.inf", "EventData.ClassGuid": "{1ed2bbf9-11f0-4084-b21f-ad83a8e6dcdc}", "EventData.DriverDate": "06/21/2006", "EventData.DriverVersion": "10.0.19041.1", "EventData.DriverProvider": "Microsoft", "EventData.DriverInbox": "True", "EventData.DriverSection": "NO_DRV_LOCAL", "EventData.DriverRank": "0x00000000", "EventData.MatchingDeviceId": "PRINTENUM\\LocalPrintQueue", "EventData.OutrankedDrivers": "c_swdevice.inf:SWD\\GenericRaw:00FF3001", "EventData.DeviceUpdated": "False", "EventData.Status": "0x00000000", "EventData.ParentDeviceInstanceId": "SWD\\PRINTENUM\\PrintQueues"}
{"EventID": "410", "Channel": "Microsoft-Windows-Kernel-PnP/Configuration", "Provider_Name": "Microsoft-Windows-Kernel-PnP", "Computer": "DESKTOP-OFJ6N53", "TimeCreated": "2025-07-16 16:26:10.610155+00:00", "RecordID": "35501", "Level": "4", "UserID": "S-1-5-18", "EventData.DeviceInstanceId": "SWD\\PRINTENUM\\{94EB7C1D-695F-4CE9-BADD-E20E71BED63F}", "EventData.DriverName": "printqueue.inf", "EventData.ClassGuid": "{1ed2bbf9-11f0-4084-b21f-ad83a8e6dcdc}", "EventData.ServiceName": null, "EventData.LowerFilters": null, "EventData.UpperFilters": null, "EventData.Problem": "0x00000000", "EventData.Status": "0x00000000"}
{"EventID": "400", "Channel": "Microsoft-Windows-Kernel-PnP/Configuration", "Provider_Name": "Microsoft-Windows-Kernel-PnP", "Computer": "DESKTOP-OFJ6N53", "TimeCreated": "2025-07-16 16:26:12.684954+00:00", "RecordID": "35502", "Level": "4", "UserID": "S-1-5-18", "EventData.DeviceInstanceId": "SWD\\PRINTENUM\\{62E7230B-029A-448C-B8EF-BB1277074A42}", "EventData.DriverName": "printqueue.inf", "EventData.ClassGuid": "{1ed2bbf9-11f0-4084-b21f-ad83a8e6dcdc}", "EventData.DriverDate": "06/21/2006", "EventData.DriverVersion": "10.0.19041.1", "EventData.DriverProvider": "Microsoft", "EventData.DriverInbox": "True", "EventData.DriverSection": "NO_DRV_LOCAL", "EventData.DriverRank": "0x00000000", "EventData.MatchingDeviceId": "PRINTENUM\\LocalPrintQueue", "EventData.OutrankedDrivers": "c_swdevice.inf:SWD\\GenericRaw:00FF3001", "EventData.DeviceUpdated": "False", "EventData.Status": "0x00000000", "EventData.ParentDeviceInstanceId": "SWD\\PRINTENUM\\PrintQueues"}
{"EventID": "410", "Channel": "Microsoft-Windows-Kernel-PnP/Configuration", "Provider_Name": "Microsoft-Windows-Kernel-PnP", "Computer": "DESKTOP-OFJ6N53", "TimeCreated": "2025-07-16 16:26:12.687437+00:00", "RecordID": "35503", "Level": "4", "UserID": "S-1-5-18", "EventData.DeviceInstanceId": "SWD\\PRINTENUM\\{62E7230B-029A-448C-B8EF-BB1277074A42}", "EventData.DriverName": "printqueue.inf", "EventData.ClassGuid": "{1ed2bbf9-11f0-4084-b21f-ad83a8e6dcdc}", "EventData.ServiceName": null, "EventData.LowerFilters": null, "EventData.UpperFilters": null, "EventData.Problem": "0x00000000", "EventData.Status": "0x00000000"}
{"EventID": "400", "Channel": "Microsoft-Windows-Kernel-PnP/Configuration", "Provider_Name": "Microsoft-Windows-Kernel-PnP", "Computer": "DESKTOP-OFJ6N53", "TimeCreated": "2025-07-16 16:26:18.056370+00:00", "RecordID": "35504", "Level": "4", "UserID": "S-1-5-18", "EventData.DeviceInstanceId": "SWD\\PRINTENUM\\{3E877187-5E01-471C-AAC6-63B0023EDA0F}", "EventData.DriverName": "printqueue.inf", "EventData.ClassGuid": "{1ed2bbf9-11f0-4084-b21f-ad83a8e6dcdc}", "EventData.DriverDate": "06/21/2006", "EventData.DriverVersion": "10.0.19041.1", "EventData.DriverProvider": "Microsoft", "EventData.DriverInbox": "True", "EventData.DriverSection": "NO_DRV_LOCAL", "EventData.DriverRank": "0x00000000", "EventData.MatchingDeviceId": "PRINTENUM\\LocalPrintQueue", "EventData.OutrankedDrivers": "c_swdevice.inf:SWD\\GenericRaw:00FF3001", "EventData.DeviceUpdated": "False", "EventData.Status": "0x00000000", "EventData.ParentDeviceInstanceId": "SWD\\PRINTENUM\\PrintQueues"}
{"EventID": "410", "Channel": "Microsoft-Windows-Kernel-PnP/Configuration", "Provider_Name": "Microsoft-Windows-Kernel-PnP", "Computer": "DESKTOP-OFJ6N53", "TimeCreated": "2025-07-16 16:26:18.059427+00:00", "RecordID": "35505", "Level": "4", "UserID": "S-1-5-18", "EventData.DeviceInstanceId": "SWD\\PRINTENUM\\{3E877187-5E01-471C-AAC6-63B0023EDA0F}", "EventData.DriverName": "printqueue.inf", "EventData.ClassGuid": "{1ed2bbf9-11f0-4084-b21f-ad83a8e6dcdc}", "EventData.ServiceName": null, "EventData.LowerFilters": null, "EventData.UpperFilters": null, "EventData.Problem": "0x00000000", "EventData.Status": "0x00000000"}
{"EventID": "400", "Channel": "Microsoft-Windows-Kernel-PnP/Configuration", "Provider_Name": "Microsoft-Windows-Kernel-PnP", "Computer": "DESKTOP-OFJ6N53", "TimeCreated": "2025-07-16 16:26:21.381485+00:00", "RecordID": "35506", "Level": "4", "UserID": "S-1-5-18", "EventData.DeviceInstanceId": "SWD\\PRINTENUM\\{625AA148-2D00-4852-B942-09216F517B14}", "EventData.DriverName": "printqueue.inf", "EventData.ClassGuid": "{1ed2bbf9-11f0-4084-b21f-ad83a8e6dcdc}", "EventData.DriverDate": "06/21/2006", "EventData.DriverVersion": "10.0.19041.1", "EventData.DriverProvider": "Microsoft", "EventData.DriverInbox": "True", "EventData.DriverSection": "NO_DRV_LOCAL", "EventData.DriverRank": "0x00000000", "EventData.MatchingDeviceId": "PRINTENUM\\LocalPrintQueue", "EventData.OutrankedDrivers": "c_swdevice.inf:SWD\\GenericRaw:00FF3001", "EventData.DeviceUpdated": "False", "EventData.Status": "0x00000000", "EventData.ParentDeviceInstanceId": "SWD\\PRINTENUM\\PrintQueues"}
{"EventID": "410", "Channel": "Microsoft-Windows-Kernel-PnP/Configuration", "Provider_Name": "Microsoft-Windows-Kernel-PnP", "Computer": "DESKTOP-OFJ6N53", "TimeCreated": "2025-07-16 16:26:21.384256+00:00", "RecordID": "35507", "Level": "4", "UserID": "S-1-5-18", "EventData.DeviceInstanceId": "SWD\\PRINTENUM\\{625AA148-2D00-4852-B942-09216F517B14}", "EventData.DriverName": "printqueue.inf", "EventData.ClassGuid": "{1ed2bbf9-11f0-4084-b21f-ad83a8e6dcdc}", "EventData.ServiceName": null, "EventData.LowerFilters": null, "EventData.UpperFilters": null, "EventData.Problem": "0x00000000", "EventData.Status": "0x00000000"}
{"EventID": "400", "Channel": "Microsoft-Windows-Kernel-PnP/Configuration", "Provider_Name": "Microsoft-Windows-Kernel-PnP", "Computer": "DESKTOP-OFJ6N53", "TimeCreated": "2025-07-16 16:26:24.057146+00:00", "RecordID": "35508", "Level": "4", "UserID": "S-1-5-18", "EventData.DeviceInstanceId": "SWD\\PRINTENUM\\{A8EE38E9-17F1-478C-9FEF-EE7EA484E7ED}", "EventData.DriverName": "printqueue.inf", "EventData.ClassGuid": "{1ed2bbf9-11f0-4084-b21f-ad83a8e6dcdc}", "EventData.DriverDate": "06/21/2006", "EventData.DriverVersion": "10.0.19041.1", "EventData.DriverProvider": "Microsoft", "EventData.DriverInbox": "True", "EventData.DriverSection": "NO_DRV_LOCAL", "EventData.DriverRank": "0x00000000", "EventData.MatchingDeviceId": "PRINTENUM\\LocalPrintQueue", "EventData.OutrankedDrivers": "c_swdevice.inf:SWD\\GenericRaw:00FF3001", "EventData.DeviceUpdated": "False", "EventData.Status": "0x00000000", "EventData.ParentDeviceInstanceId": "SWD\\PRINTENUM\\PrintQueues"}
{"EventID": "410", "Channel": "Microsoft-Windows-Kernel-PnP/Configuration", "Provider_Name": "Microsoft-Windows-Kernel-PnP", "Computer": "DESKTOP-OFJ6N53", "TimeCreated": "2025-07-16 16:26:24.059977+00:00", "RecordID": "35509", "Level": "4", "UserID": "S-1-5-18", "EventData.DeviceInstanceId": "SWD\\PRINTENUM\\{A8EE38E9-17F1-478C-9FEF-EE7EA484E7ED}", "EventData.DriverName": "printqueue.inf", "EventData.ClassGuid": "{1ed2bbf9-11f0-4084-b21f-ad83a8e6dcdc}", "EventData.ServiceName": null, "EventData.LowerFilters": null, "EventData.UpperFilters": null, "EventData.Problem": "0x00000000", "EventData.Status": "0x00000000"}
{"EventID": "400", "Channel": "Microsoft-Windows-Kernel-PnP/Configuration", "Provider_Name": "Microsoft-Windows-Kernel-PnP", "Computer": "DESKTOP-OFJ6N53", "TimeCreated": "2025-07-16 16:26:25.601276+00:00", "RecordID": "35510", "Level": "4", "UserID": "S-1-5-18", "EventData.DeviceInstanceId": "SWD\\PRINTENUM\\{6C055951-86F0-4458-97B9-35B4784CE96E}", "EventData.DriverName": "printqueue.inf", "EventData.ClassGuid": "{1ed2bbf9-11f0-4084-b21f-ad83a8e6dcdc}", "EventData.DriverDate": "06/21/2006", "EventData.DriverVersion": "10.0.19041.1", "EventData.DriverProvider": "Microsoft", "EventData.DriverInbox": "True", "EventData.DriverSection": "NO_DRV_LOCAL", "EventData.DriverRank": "0x00000000", "EventData.MatchingDeviceId": "PRINTENUM\\LocalPrintQueue", "EventData.OutrankedDrivers": "c_swdevice.inf:SWD\\GenericRaw:00FF3001", "EventData.DeviceUpdated": "False", "EventData.Status": "0x00000000", "EventData.ParentDeviceInstanceId": "SWD\\PRINTENUM\\PrintQueues"}
{"EventID": "410", "Channel": "Microsoft-Windows-Kernel-PnP/Configuration", "Provider_Name": "Microsoft-Windows-Kernel-PnP", "Computer": "DESKTOP-OFJ6N53", "TimeCreated": "2025-07-16 16:26:25.603758+00:00", "RecordID": "35511", "Level": "4", "UserID": "S-1-5-18", "EventData.DeviceInstanceId": "SWD\\PRINTENUM\\{6C055951-86F0-4458-97B9-35B4784CE96E}", "EventData.DriverName": "printqueue.inf", "EventData.ClassGuid": "{1ed2bbf9-11f0-4084-b21f-ad83a8e6dcdc}", "EventData.ServiceName": null, "EventData.LowerFilters": null, "EventData.UpperFilters": null, "EventData.Problem": "0x00000000", "EventData.Status": "0x00000000"}
{"EventID": "400", "Channel": "Microsoft-Windows-Kernel-PnP/Configuration", "Provider_Name": "Microsoft-Windows-Kernel-PnP", "Computer": "DESKTOP-OFJ6N53", "TimeCreated": "2025-07-16 16:26:27.906565+00:00", "RecordID": "35512", "Level": "4", "UserID": "S-1-5-18", "EventData.DeviceInstanceId": "SWD\\PRINTENUM\\{19E428C7-652F-4B8E-8120-DF8AE9CAB98B}", "EventData.DriverName": "printqueue.inf", "EventData.ClassGuid": "{1ed2bbf9-11f0-4084-b21f-ad83a8e6dcdc}", "EventData.DriverDate": "06/21/2006", "EventData.DriverVersion": "10.0.19041.1", "EventData.DriverProvider": "Microsoft", "EventData.DriverInbox": "True", "EventData.DriverSection": "NO_DRV_LOCAL", "EventData.DriverRank": "0x00000000", "EventData.MatchingDeviceId": "PRINTENUM\\LocalPrintQueue", "EventData.OutrankedDrivers": "c_swdevice.inf:SWD\\GenericRaw:00FF3001", "EventData.DeviceUpdated": "False", "EventData.Status": "0x00000000", "EventData.ParentDeviceInstanceId": "SWD\\PRINTENUM\\PrintQueues"}
{"EventID": "410", "Channel": "Microsoft-Windows-Kernel-PnP/Configuration", "Provider_Name": "Microsoft-Windows-Kernel-PnP", "Computer": "DESKTOP-OFJ6N53", "TimeCreated": "2025-07-16 16:26:27.909033+00:00", "RecordID": "35513", "Level": "4", "UserID": "S-1-5-18", "EventData.DeviceInstanceId": "SWD\\PRINTENUM\\{19E428C7-652F-4B8E-8120-DF8AE9CAB98B}", "EventData.DriverName": "printqueue.inf", "EventData.ClassGuid": "{1ed2bbf9-11f0-4084-b21f-ad83a8e6dcdc}", "EventData.ServiceName": null, "EventData.LowerFilters": null, "EventData.UpperFilters": null, "EventData.Problem": "0x00000000", "EventData.Status": "0x00000000"}
{"EventID": "420", "Channel": "Microsoft-Windows-Kernel-PnP/Configuration", "Provider_Name": "Microsoft-Windows-Kernel-PnP", "Computer": "DESKTOP-OFJ6N53", "TimeCreated": "2025-07-16 16:39:34.946236+00:00", "RecordID": "35514", "Level": "4", "UserID": "S-1-5-18", "EventData.DeviceInstanceId": "SWD\\SCDEVICEENUM\\2_WINDOWS_HELLO_FOR_BUSINESS_1", "EventData.ClassGuid": "{62f9c741-b25a-46ce-b54c-9bccce08b6f2}", "EventData.Problem": "0x0000002d", "EventData.Status": "0x00000000"}
{"EventID": "420", "Channel": "Microsoft-Windows-Kernel-PnP/Configuration", "Provider_Name": "Microsoft-Windows-Kernel-PnP", "Computer": "DESKTOP-OFJ6N53", "TimeCreated": "2025-07-16 16:39:34.983690+00:00", "RecordID": "35515", "Level": "4", "UserID": "S-1-5-18", "EventData.DeviceInstanceId": "SWD\\SCDEVICEENUM\\2_AKS_VR_0", "EventData.ClassGuid": "{62f9c741-b25a-46ce-b54c-9bccce08b6f2}", "EventData.Problem": "0x0000002d", "EventData.Status": "0x00000000"}
{"EventID": "420", "Channel": "Microsoft-Windows-Kernel-PnP/Configuration", "Provider_Name": "Microsoft-Windows-Kernel-PnP", "Computer": "DESKTOP-OFJ6N53", "TimeCreated": "2025-07-16 16:39:35.025726+00:00", "RecordID": "35516", "Level": "4", "UserID": "S-1-5-18", "EventData.DeviceInstanceId": "SWD\\SCDEVICEENUM\\2_AKS_IFDH_1", "EventData.ClassGuid": "{62f9c741-b25a-46ce-b54c-9bccce08b6f2}", "EventData.Problem": "0x0000002d", "EventData.Status": "0x00000000"}
{"EventID": "420", "Channel": "Microsoft-Windows-Kernel-PnP/Configuration", "Provider_Name": "Microsoft-Windows-Kernel-PnP", "Computer": "DESKTOP-OFJ6N53", "TimeCreated": "2025-07-16 16:39:35.323074+00:00", "RecordID": "35517", "Level": "4", "UserID": "S-1-5-18", "EventData.DeviceInstanceId": "SWD\\MMDEVAPI\\{3.0.0.00000002}.{6C26BA7D-F0B2-4225-B422-8168C5261E45}", "EventData.ClassGuid": "{c166523c-fe0c-4a94-a586-f1a80cfbbf3e}", "EventData.Problem": "0x00000000", "EventData.Status": "0x00000000"}
{"EventID": "420", "Channel": "Microsoft-Windows-Kernel-PnP/Configuration", "Provider_Name": "Microsoft-Windows-Kernel-PnP", "Computer": "DESKTOP-OFJ6N53", "TimeCreated": "2025-07-16 16:39:35.343912+00:00", "RecordID": "35518", "Level": "4", "UserID": "S-1-5-18", "EventData.DeviceInstanceId": "SWD\\SCDEVICEENUM\\2_AKS_IFDH_0", "EventData.ClassGuid": "{62f9c741-b25a-46ce-b54c-9bccce08b6f2}", "EventData.Problem": "0x0000002d", "EventData.Status": "0x00000000"}
{"EventID": "420", "Channel": "Microsoft-Windows-Kernel-PnP/Configuration", "Provider_Name": "Microsoft-Windows-Kernel-PnP", "Computer": "DESKTOP-OFJ6N53", "TimeCreated": "2025-07-16 16:39:35.860947+00:00", "RecordID": "35519", "Level": "4", "UserID": "S-1-5-18", "EventData.DeviceInstanceId": "SWD\\PRINTENUM\\{3CA5D31C-AE28-46BF-AB99-C0875E033546}", "EventData.ClassGuid": "{1ed2bbf9-11f0-4084-b21f-ad83a8e6dcdc}", "EventData.Problem": "0x0000002d", "EventData.Status": "0x00000000"}
{"EventID": "420", "Channel": "Microsoft-Windows-Kernel-PnP/Configuration", "Provider_Name": "Microsoft-Windows-Kernel-PnP", "Computer": "DESKTOP-OFJ6N53", "TimeCreated": "2025-07-16 16:39:36.192194+00:00", "RecordID": "35520", "Level": "4", "UserID": "S-1-5-18", "EventData.DeviceInstanceId": "SWD\\PRINTENUM\\{C8958C26-E806-4C7C-BB45-F418B21C14B5}", "EventData.ClassGuid": "{1ed2bbf9-11f0-4084-b21f-ad83a8e6dcdc}", "EventData.Problem": "0x0000002d", "EventData.Status": "0x00000000"}
{"EventID": "420", "Channel": "Microsoft-Windows-Kernel-PnP/Configuration", "Provider_Name": "Microsoft-Windows-Kernel-PnP", "Computer": "DESKTOP-OFJ6N53", "TimeCreated": "2025-07-16 16:39:36.376719+00:00", "RecordID": "35521", "Level": "4", "UserID": "S-1-5-18", "EventData.DeviceInstanceId": "SWD\\PRINTENUM\\{6CC16E52-E01C-47A6-8438-00121520E2E3}", "EventData.ClassGuid": "{1ed2bbf9-11f0-4084-b21f-ad83a8e6dcdc}", "EventData.Problem": "0x0000002d", "EventData.Status": "0x00000000"}
{"EventID": "420", "Channel": "Microsoft-Windows-Kernel-PnP/Configuration", "Provider_Name": "Microsoft-Windows-Kernel-PnP", "Computer": "DESKTOP-OFJ6N53", "TimeCreated": "2025-07-16 16:39:36.468634+00:00", "RecordID": "35522", "Level": "4", "UserID": "S-1-5-18", "EventData.DeviceInstanceId": "SWD\\PRINTENUM\\{3D8802CB-2C43-4DD9-81C7-6F5045E7112A}", "EventData.ClassGuid": "{1ed2bbf9-11f0-4084-b21f-ad83a8e6dcdc}", "EventData.Problem": "0x0000002d", "EventData.Status": "0x00000000"}
{"EventID": "420", "Channel": "Microsoft-Windows-Kernel-PnP/Configuration", "Provider_Name": "Microsoft-Windows-Kernel-PnP", "Computer": "DESKTOP-OFJ6N53", "TimeCreated": "2025-07-16 16:39:36.611294+00:00", "RecordID": "35523", "Level": "4", "UserID": "S-1-5-18", "EventData.DeviceInstanceId": "SWD\\PRINTENUM\\{94EB7C1D-695F-4CE9-BADD-E20E71BED63F}", "EventData.ClassGuid": "{1ed2bbf9-11f0-4084-b21f-ad83a8e6dcdc}", "EventData.Problem": "0x0000002d", "EventData.Status": "0x00000000"}
{"EventID": "420", "Channel": "Microsoft-Windows-Kernel-PnP/Configuration", "Provider_Name": "Microsoft-Windows-Kernel-PnP", "Computer": "DESKTOP-OFJ6N53", "TimeCreated": "2025-07-16 16:39:36.823198+00:00", "RecordID": "35524", "Level": "4", "UserID": "S-1-5-18", "EventData.DeviceInstanceId": "SWD\\PRINTENUM\\{62E7230B-029A-448C-B8EF-BB1277074A42}", "EventData.ClassGuid": "{1ed2bbf9-11f0-4084-b21f-ad83a8e6dcdc}", "EventData.Problem": "0x0000002d", "EventData.Status": "0x00000000"}
{"EventID": "420", "Channel": "Microsoft-Windows-Kernel-PnP/Configuration", "Provider_Name": "Microsoft-Windows-Kernel-PnP", "Computer": "DESKTOP-OFJ6N53", "TimeCreated": "2025-07-16 16:39:37.154366+00:00", "RecordID": "35525", "Level": "4", "UserID": "S-1-5-18", "EventData.DeviceInstanceId": "SWD\\PRINTENUM\\{3E877187-5E01-471C-AAC6-63B0023EDA0F}", "EventData.ClassGuid": "{1ed2bbf9-11f0-4084-b21f-ad83a8e6dcdc}", "EventData.Problem": "0x0000002d", "EventData.Status": "0x00000000"}
{"EventID": "420", "Channel": "Microsoft-Windows-Kernel-PnP/Configuration", "Provider_Name": "Microsoft-Windows-Kernel-PnP", "Computer": "DESKTOP-OFJ6N53", "TimeCreated": "2025-07-16 16:39:37.290768+00:00", "RecordID": "35526", "Level": "4", "UserID": "S-1-5-18", "EventData.DeviceInstanceId": "SWD\\PRINTENUM\\{625AA148-2D00-4852-B942-09216F517B14}", "EventData.ClassGuid": "{1ed2bbf9-11f0-4084-b21f-ad83a8e6dcdc}", "EventData.Problem": "0x0000002d", "EventData.Status": "0x00000000"}
{"EventID": "420", "Channel": "Microsoft-Windows-Kernel-PnP/Configuration", "Provider_Name": "Microsoft-Windows-Kernel-PnP", "Computer": "DESKTOP-OFJ6N53", "TimeCreated": "2025-07-16 16:39:37.376278+00:00", "RecordID": "35527", "Level": "4", "UserID": "S-1-5-18", "EventData.DeviceInstanceId": "SWD\\PRINTENUM\\{A8EE38E9-17F1-478C-9FEF-EE7EA484E7ED}", "EventData.ClassGuid": "{1ed2bbf9-11f0-4084-b21f-ad83a8e6dcdc}", "EventData.Problem": "0x0000002d", "EventData.Status": "0x00000000"}
{"EventID": "420", "Channel": "Microsoft-Windows-Kernel-PnP/Configuration", "Provider_Name": "Microsoft-Windows-Kernel-PnP", "Computer": "DESKTOP-OFJ6N53", "TimeCreated": "2025-07-16 16:39:37.439383+00:00", "RecordID": "35528", "Level": "4", "UserID": "S-1-5-18", "EventData.DeviceInstanceId": "SWD\\PRINTENUM\\{6C055951-86F0-4458-97B9-35B4784CE96E}", "EventData.ClassGuid": "{1ed2bbf9-11f0-4084-b21f-ad83a8e6dcdc}", "EventData.Problem": "0x0000002d", "EventData.Status": "0x00000000"}
{"EventID": "420", "Channel": "Microsoft-Windows-Kernel-PnP/Configuration", "Provider_Name": "Microsoft-Windows-Kernel-PnP", "Computer": "DESKTOP-OFJ6N53", "TimeCreated": "2025-07-16 16:39:37.524193+00:00", "RecordID": "35529", "Level": "4", "UserID": "S-1-5-18", "EventData.DeviceInstanceId": "SWD\\PRINTENUM\\{19E428C7-652F-4B8E-8120-DF8AE9CAB98B}", "EventData.ClassGuid": "{1ed2bbf9-11f0-4084-b21f-ad83a8e6dcdc}", "EventData.Problem": "0x0000002d", "EventData.Status": "0x00000000"}
{"EventID": "400", "Channel": "Microsoft-Windows-Kernel-PnP/Configuration", "Provider_Name": "Microsoft-Windows-Kernel-PnP", "Computer": "DESKTOP-OFJ6N53", "TimeCreated": "2025-07-24 21:04:40.681839+00:00", "RecordID": "35530", "Level": "4", "UserID": "S-1-5-18", "EventData.DeviceInstanceId": "SWD\\MMDEVAPI\\{3.0.0.00000002}.{6C26BA7D-F0B2-4225-B422-8168C5261E45}", "EventData.DriverName": "audioendpoint.inf", "EventData.ClassGuid": "{c166523c-fe0c-4a94-a586-f1a80cfbbf3e}", "EventData.DriverDate": "12/06/2019", "EventData.DriverVersion": "10.0.19041.1", "EventData.DriverProvider": "Microsoft", "EventData.DriverInbox": "True", "EventData.DriverSection": "NO_DRV", "EventData.DriverRank": "0x00ff0000", "EventData.MatchingDeviceId": "MMDEVAPI\\AudioEndpoints", "EventData.OutrankedDrivers": "c_swdevice.inf:SWD\\GenericRaw:00FF3001", "EventData.DeviceUpdated": "False", "EventData.Status": "0x00000000", "EventData.ParentDeviceInstanceId": "HTREE\\ROOT\\0"}
{"EventID": "410", "Channel": "Microsoft-Windows-Kernel-PnP/Configuration", "Provider_Name": "Microsoft-Windows-Kernel-PnP", "Computer": "DESKTOP-OFJ6N53", "TimeCreated": "2025-07-24 21:04:40.683378+00:00", "RecordID": "35531", "Level": "4", "UserID": "S-1-5-18", "EventData.DeviceInstanceId": "SWD\\MMDEVAPI\\{3.0.0.00000002}.{6C26BA7D-F0B2-4225-B422-8168C5261E45}", "EventData.DriverName": "audioendpoint.inf", "EventData.ClassGuid": "{c166523c-fe0c-4a94-a586-f1a80cfbbf3e}", "EventData.ServiceName": null, "EventData.LowerFilters": null, "EventData.UpperFilters": null, "EventData.Problem": "0x00000000", "EventData.Status": "0x00000000"}
{"EventID": "400", "Channel": "Microsoft-Windows-Kernel-PnP/Configuration", "Provider_Name": "Microsoft-Windows-Kernel-PnP", "Computer": "DESKTOP-OFJ6N53", "TimeCreated": "2025-07-24 21:04:53.732273+00:00", "RecordID": "35532", "Level": "4", "UserID": "S-1-5-18", "EventData.DeviceInstanceId": "SWD\\ScDeviceEnum\\2_Windows_Hello_for_Business_1", "EventData.DriverName": "c_swdevice.inf", "EventData.ClassGuid": "{62f9c741-b25a-46ce-b54c-9bccce08b6f2}", "EventData.DriverDate": "06/21/2006", "EventData.DriverVersion": "10.0.19041.1", "EventData.DriverProvider": "Microsoft", "EventData.DriverInbox": "True", "EventData.DriverSection": "SoftwareDevice", "EventData.DriverRank": "0x00ff3000", "EventData.MatchingDeviceId": "SWD\\GenericRaw", "EventData.OutrankedDrivers": null, "EventData.DeviceUpdated": "False", "EventData.Status": "0x00000000", "EventData.ParentDeviceInstanceId": "SWD\\ScDeviceEnumBus\\0"}
{"EventID": "410", "Channel": "Microsoft-Windows-Kernel-PnP/Configuration", "Provider_Name": "Microsoft-Windows-Kernel-PnP", "Computer": "DESKTOP-OFJ6N53", "TimeCreated": "2025-07-24 21:04:53.733820+00:00", "RecordID": "35533", "Level": "4", "UserID": "S-1-5-18", "EventData.DeviceInstanceId": "SWD\\ScDeviceEnum\\2_Windows_Hello_for_Business_1", "EventData.DriverName": "c_swdevice.inf", "EventData.ClassGuid": "{62f9c741-b25a-46ce-b54c-9bccce08b6f2}", "EventData.ServiceName": null, "EventData.LowerFilters": null, "EventData.UpperFilters": null, "EventData.Problem": "0x00000000", "EventData.Status": "0x00000000"}
{"EventID": "400", "Channel": "Microsoft-Windows-Kernel-PnP/Configuration", "Provider_Name": "Microsoft-Windows-Kernel-PnP", "Computer": "DESKTOP-OFJ6N53", "TimeCreated": "2025-07-24 21:04:54.146334+00:00", "RecordID": "35534", "Level": "4", "UserID": "S-1-5-18", "EventData.DeviceInstanceId": "SWD\\PRINTENUM\\{51098B2A-0609-41A4-9D7C-B80B985EC890}", "EventData.DriverName": "printqueue.inf", "EventData.ClassGuid": "{1ed2bbf9-11f0-4084-b21f-ad83a8e6dcdc}", "EventData.DriverDate": "06/21/2006", "EventData.DriverVersion": "10.0.19041.1", "EventData.DriverProvider": "Microsoft", "EventData.DriverInbox": "True", "EventData.DriverSection": "NO_DRV_LOCAL", "EventData.DriverRank": "0x00000000", "EventData.MatchingDeviceId": "PRINTENUM\\LocalPrintQueue", "EventData.OutrankedDrivers": "c_swdevice.inf:SWD\\GenericRaw:00FF3001", "EventData.DeviceUpdated": "False", "EventData.Status": "0x00000000", "EventData.ParentDeviceInstanceId": "SWD\\PRINTENUM\\PrintQueues"}
{"EventID": "410", "Channel": "Microsoft-Windows-Kernel-PnP/Configuration", "Provider_Name": "Microsoft-Windows-Kernel-PnP", "Computer": "DESKTOP-OFJ6N53", "TimeCreated": "2025-07-24 21:04:54.149446+00:00", "RecordID": "35535", "Level": "4", "UserID": "S-1-5-18", "EventData.DeviceInstanceId": "SWD\\PRINTENUM\\{51098B2A-0609-41A4-9D7C-B80B985EC890}", "EventData.DriverName": "printqueue.inf", "EventData.ClassGuid": "{1ed2bbf9-11f0-4084-b21f-ad83a8e6dcdc}", "EventData.ServiceName": null, "EventData.LowerFilters": null, "EventData.UpperFilters": null, "EventData.Problem": "0x00000000", "EventData.Status": "0x00000000"}
{"EventID": "400", "Channel": "Microsoft-Windows-Kernel-PnP/Configuration", "Provider_Name": "Microsoft-Windows-Kernel-PnP", "Computer": "DESKTOP-OFJ6N53", "TimeCreated": "2025-07-24 21:04:54.227720+00:00", "RecordID": "35536", "Level": "4", "UserID": "S-1-5-18", "EventData.DeviceInstanceId": "SWD\\ScDeviceEnum\\2_AKS_VR_0", "EventData.DriverName": "c_swdevice.inf", "EventData.ClassGuid": "{62f9c741-b25a-46ce-b54c-9bccce08b6f2}", "EventData.DriverDate": "06/21/2006", "EventData.DriverVersion": "10.0.19041.1", "EventData.DriverProvider": "Microsoft", "EventData.DriverInbox": "True", "EventData.DriverSection": "SoftwareDevice", "EventData.DriverRank": "0x00ff3000", "EventData.MatchingDeviceId": "SWD\\GenericRaw", "EventData.OutrankedDrivers": null, "EventData.DeviceUpdated": "False", "EventData.Status": "0x00000000", "EventData.ParentDeviceInstanceId": "SWD\\ScDeviceEnumBus\\0"}
{"EventID": "410", "Channel": "Microsoft-Windows-Kernel-PnP/Configuration", "Provider_Name": "Microsoft-Windows-Kernel-PnP", "Computer": "DESKTOP-OFJ6N53", "TimeCreated": "2025-07-24 21:04:54.228905+00:00", "RecordID": "35537", "Level": "4", "UserID": "S-1-5-18", "EventData.DeviceInstanceId": "SWD\\ScDeviceEnum\\2_AKS_VR_0", "EventData.DriverName": "c_swdevice.inf", "EventData.ClassGuid": "{62f9c741-b25a-46ce-b54c-9bccce08b6f2}", "EventData.ServiceName": null, "EventData.LowerFilters": null, "EventData.UpperFilters": null, "EventData.Problem": "0x00000000", "EventData.Status": "0x00000000"}
{"EventID": "400", "Channel": "Microsoft-Windows-Kernel-PnP/Configuration", "Provider_Name": "Microsoft-Windows-Kernel-PnP", "Computer": "DESKTOP-OFJ6N53", "TimeCreated": "2025-07-24 21:04:54.583107+00:00", "RecordID": "35538", "Level": "4", "UserID": "S-1-5-18", "EventData.DeviceInstanceId": "SWD\\ScDeviceEnum\\2_AKS_ifdh_1", "EventData.DriverName": "c_swdevice.inf", "EventData.ClassGuid": "{62f9c741-b25a-46ce-b54c-9bccce08b6f2}", "EventData.DriverDate": "06/21/2006", "EventData.DriverVersion": "10.0.19041.1", "EventData.DriverProvider": "Microsoft", "EventData.DriverInbox": "True", "EventData.DriverSection": "SoftwareDevice", "EventData.DriverRank": "0x00ff3000", "EventData.MatchingDeviceId": "SWD\\GenericRaw", "EventData.OutrankedDrivers": null, "EventData.DeviceUpdated": "False", "EventData.Status": "0x00000000", "EventData.ParentDeviceInstanceId": "SWD\\ScDeviceEnumBus\\0"}
{"EventID": "410", "Channel": "Microsoft-Windows-Kernel-PnP/Configuration", "Provider_Name": "Microsoft-Windows-Kernel-PnP", "Computer": "DESKTOP-OFJ6N53", "TimeCreated": "2025-07-24 21:04:54.583849+00:00", "RecordID": "35539", "Level": "4", "UserID": "S-1-5-18", "EventData.DeviceInstanceId": "SWD\\ScDeviceEnum\\2_AKS_ifdh_1", "EventData.DriverName": "c_swdevice.inf", "EventData.ClassGuid": "{62f9c741-b25a-46ce-b54c-9bccce08b6f2}", "EventData.ServiceName": null, "EventData.LowerFilters": null, "EventData.UpperFilters": null, "EventData.Problem": "0x00000000", "EventData.Status": "0x00000000"}
{"EventID": "400", "Channel": "Microsoft-Windows-Kernel-PnP/Configuration", "Provider_Name": "Microsoft-Windows-Kernel-PnP", "Computer": "DESKTOP-OFJ6N53", "TimeCreated": "2025-07-24 21:04:54.973581+00:00", "RecordID": "35540", "Level": "4", "UserID": "S-1-5-18", "EventData.DeviceInstanceId": "SWD\\ScDeviceEnum\\2_AKS_ifdh_0", "EventData.DriverName": "c_swdevice.inf", "EventData.ClassGuid": "{62f9c741-b25a-46ce-b54c-9bccce08b6f2}", "EventData.DriverDate": "06/21/2006", "EventData.DriverVersion": "10.0.19041.1", "EventData.DriverProvider": "Microsoft", "EventData.DriverInbox": "True", "EventData.DriverSection": "SoftwareDevice", "EventData.DriverRank": "0x00ff3000", "EventData.MatchingDeviceId": "SWD\\GenericRaw", "EventData.OutrankedDrivers": null, "EventData.DeviceUpdated": "False", "EventData.Status": "0x00000000", "EventData.ParentDeviceInstanceId": "SWD\\ScDeviceEnumBus\\0"}
{"EventID": "410", "Channel": "Microsoft-Windows-Kernel-PnP/Configuration", "Provider_Name": "Microsoft-Windows-Kernel-PnP", "Computer": "DESKTOP-OFJ6N53", "TimeCreated": "2025-07-24 21:04:54.974453+00:00", "RecordID": "35541", "Level": "4", "UserID": "S-1-5-18", "EventData.DeviceInstanceId": "SWD\\ScDeviceEnum\\2_AKS_ifdh_0", "EventData.DriverName": "c_swdevice.inf", "EventData.ClassGuid": "{62f9c741-b25a-46ce-b54c-9bccce08b6f2}", "EventData.ServiceName": null, "EventData.LowerFilters": null, "EventData.UpperFilters": null, "EventData.Problem": "0x00000000", "EventData.Status": "0x00000000"}
{"EventID": "400", "Channel": "Microsoft-Windows-Kernel-PnP/Configuration", "Provider_Name": "Microsoft-Windows-Kernel-PnP", "Computer": "DESKTOP-OFJ6N53", "TimeCreated": "2025-07-24 21:04:56.969233+00:00", "RecordID": "35542", "Level": "4", "UserID": "S-1-5-18", "EventData.DeviceInstanceId": "SWD\\PRINTENUM\\{8F7C9B10-D5A7-447D-9EC1-29DF78AFF89D}", "EventData.DriverName": "printqueue.inf", "EventData.ClassGuid": "{1ed2bbf9-11f0-4084-b21f-ad83a8e6dcdc}", "EventData.DriverDate": "06/21/2006", "EventData.DriverVersion": "10.0.19041.1", "EventData.DriverProvider": "Microsoft", "EventData.DriverInbox": "True", "EventData.DriverSection": "NO_DRV_LOCAL", "EventData.DriverRank": "0x00000000", "EventData.MatchingDeviceId": "PRINTENUM\\LocalPrintQueue", "EventData.OutrankedDrivers": "c_swdevice.inf:SWD\\GenericRaw:00FF3001", "EventData.DeviceUpdated": "False", "EventData.Status": "0x00000000", "EventData.ParentDeviceInstanceId": "SWD\\PRINTENUM\\PrintQueues"}
{"EventID": "410", "Channel": "Microsoft-Windows-Kernel-PnP/Configuration", "Provider_Name": "Microsoft-Windows-Kernel-PnP", "Computer": "DESKTOP-OFJ6N53", "TimeCreated": "2025-07-24 21:04:56.972139+00:00", "RecordID": "35543", "Level": "4", "UserID": "S-1-5-18", "EventData.DeviceInstanceId": "SWD\\PRINTENUM\\{8F7C9B10-D5A7-447D-9EC1-29DF78AFF89D}", "EventData.DriverName": "printqueue.inf", "EventData.ClassGuid": "{1ed2bbf9-11f0-4084-b21f-ad83a8e6dcdc}", "EventData.ServiceName": null, "EventData.LowerFilters": null, "EventData.UpperFilters": null, "EventData.Problem": "0x00000000", "EventData.Status": "0x00000000"}
{"EventID": "400", "Channel": "Microsoft-Windows-Kernel-PnP/Configuration", "Provider_Name": "Microsoft-Windows-Kernel-PnP", "Computer": "DESKTOP-OFJ6N53", "TimeCreated": "2025-07-24 21:05:01.826870+00:00", "RecordID": "35544", "Level": "4", "UserID": "S-1-5-18", "EventData.DeviceInstanceId": "SWD\\PRINTENUM\\{6E7956AC-90CB-40C4-9AD2-69DC4FCE1E46}", "EventData.DriverName": "printqueue.inf", "EventData.ClassGuid": "{1ed2bbf9-11f0-4084-b21f-ad83a8e6dcdc}", "EventData.DriverDate": "06/21/2006", "EventData.DriverVersion": "10.0.19041.1", "EventData.DriverProvider": "Microsoft", "EventData.DriverInbox": "True", "EventData.DriverSection": "NO_DRV_LOCAL", "EventData.DriverRank": "0x00000000", "EventData.MatchingDeviceId": "PRINTENUM\\LocalPrintQueue", "EventData.OutrankedDrivers": "c_swdevice.inf:SWD\\GenericRaw:00FF3001", "EventData.DeviceUpdated": "False", "EventData.Status": "0x00000000", "EventData.ParentDeviceInstanceId": "SWD\\PRINTENUM\\PrintQueues"}
{"EventID": "410", "Channel": "Microsoft-Windows-Kernel-PnP/Configuration", "Provider_Name": "Microsoft-Windows-Kernel-PnP", "Computer": "DESKTOP-OFJ6N53", "TimeCreated": "2025-07-24 21:05:01.830603+00:00", "RecordID": "35545", "Level": "4", "UserID": "S-1-5-18", "EventData.DeviceInstanceId": "SWD\\PRINTENUM\\{6E7956AC-90CB-40C4-9AD2-69DC4FCE1E46}", "EventData.DriverName": "printqueue.inf", "EventData.ClassGuid": "{1ed2bbf9-11f0-4084-b21f-ad83a8e6dcdc}", "EventData.ServiceName": null, "EventData.LowerFilters": null, "EventData.UpperFilters": null, "EventData.Problem": "0x00000000", "EventData.Status": "0x00000000"}
{"EventID": "400", "Channel": "Microsoft-Windows-Kernel-PnP/Configuration", "Provider_Name": "Microsoft-Windows-Kernel-PnP", "Computer": "DESKTOP-OFJ6N53", "TimeCreated": "2025-07-24 21:05:06.499676+00:00", "RecordID": "35546", "Level": "4", "UserID": "S-1-5-18", "EventData.DeviceInstanceId": "SWD\\PRINTENUM\\{A2FB7E9D-C174-4C34-BF25-E8B4DA3FB4B7}", "EventData.DriverName": "printqueue.inf", "EventData.ClassGuid": "{1ed2bbf9-11f0-4084-b21f-ad83a8e6dcdc}", "EventData.DriverDate": "06/21/2006", "EventData.DriverVersion": "10.0.19041.1", "EventData.DriverProvider": "Microsoft", "EventData.DriverInbox": "True", "EventData.DriverSection": "NO_DRV_LOCAL", "EventData.DriverRank": "0x00000000", "EventData.MatchingDeviceId": "PRINTENUM\\LocalPrintQueue", "EventData.OutrankedDrivers": "c_swdevice.inf:SWD\\GenericRaw:00FF3001", "EventData.DeviceUpdated": "False", "EventData.Status": "0x00000000", "EventData.ParentDeviceInstanceId": "SWD\\PRINTENUM\\PrintQueues"}
{"EventID": "410", "Channel": "Microsoft-Windows-Kernel-PnP/Configuration", "Provider_Name": "Microsoft-Windows-Kernel-PnP", "Computer": "DESKTOP-OFJ6N53", "TimeCreated": "2025-07-24 21:05:06.502607+00:00", "RecordID": "35547", "Level": "4", "UserID": "S-1-5-18", "EventData.DeviceInstanceId": "SWD\\PRINTENUM\\{A2FB7E9D-C174-4C34-BF25-E8B4DA3FB4B7}", "EventData.DriverName": "printqueue.inf", "EventData.ClassGuid": "{1ed2bbf9-11f0-4084-b21f-ad83a8e6dcdc}", "EventData.ServiceName": null, "EventData.LowerFilters": null, "EventData.UpperFilters": null, "EventData.Problem": "0x00000000", "EventData.Status": "0x00000000"}
{"EventID": "400", "Channel": "Microsoft-Windows-Kernel-PnP/Configuration", "Provider_Name": "Microsoft-Windows-Kernel-PnP", "Computer": "DESKTOP-OFJ6N53", "TimeCreated": "2025-07-24 21:05:09.804958+00:00", "RecordID": "35548", "Level": "4", "UserID": "S-1-5-18", "EventData.DeviceInstanceId": "SWD\\PRINTENUM\\{1C86D29B-CD45-4715-B7E2-1678C862BD30}", "EventData.DriverName": "printqueue.inf", "EventData.ClassGuid": "{1ed2bbf9-11f0-4084-b21f-ad83a8e6dcdc}", "EventData.DriverDate": "06/21/2006", "EventData.DriverVersion": "10.0.19041.1", "EventData.DriverProvider": "Microsoft", "EventData.DriverInbox": "True", "EventData.DriverSection": "NO_DRV_LOCAL", "EventData.DriverRank": "0x00000000", "EventData.MatchingDeviceId": "PRINTENUM\\LocalPrintQueue", "EventData.OutrankedDrivers": "c_swdevice.inf:SWD\\GenericRaw:00FF3001", "EventData.DeviceUpdated": "False", "EventData.Status": "0x00000000", "EventData.ParentDeviceInstanceId": "SWD\\PRINTENUM\\PrintQueues"}
{"EventID": "410", "Channel": "Microsoft-Windows-Kernel-PnP/Configuration", "Provider_Name": "Microsoft-Windows-Kernel-PnP", "Computer": "DESKTOP-OFJ6N53", "TimeCreated": "2025-07-24 21:05:09.807718+00:00", "RecordID": "35549", "Level": "4", "UserID": "S-1-5-18", "EventData.DeviceInstanceId": "SWD\\PRINTENUM\\{1C86D29B-CD45-4715-B7E2-1678C862BD30}", "EventData.DriverName": "printqueue.inf", "EventData.ClassGuid": "{1ed2bbf9-11f0-4084-b21f-ad83a8e6dcdc}", "EventData.ServiceName": null, "EventData.LowerFilters": null, "EventData.UpperFilters": null, "EventData.Problem": "0x00000000", "EventData.Status": "0x00000000"}
{"EventID": "400", "Channel": "Microsoft-Windows-Kernel-PnP/Configuration", "Provider_Name": "Microsoft-Windows-Kernel-PnP", "Computer": "DESKTOP-OFJ6N53", "TimeCreated": "2025-07-24 21:05:11.610861+00:00", "RecordID": "35550", "Level": "4", "UserID": "S-1-5-18", "EventData.DeviceInstanceId": "SWD\\PRINTENUM\\{B98CBF5C-26BF-4D18-8DCD-154F6FAA1804}", "EventData.DriverName": "printqueue.inf", "EventData.ClassGuid": "{1ed2bbf9-11f0-4084-b21f-ad83a8e6dcdc}", "EventData.DriverDate": "06/21/2006", "EventData.DriverVersion": "10.0.19041.1", "EventData.DriverProvider": "Microsoft", "EventData.DriverInbox": "True", "EventData.DriverSection": "NO_DRV_LOCAL", "EventData.DriverRank": "0x00000000", "EventData.MatchingDeviceId": "PRINTENUM\\LocalPrintQueue", "EventData.OutrankedDrivers": "c_swdevice.inf:SWD\\GenericRaw:00FF3001", "EventData.DeviceUpdated": "False", "EventData.Status": "0x00000000", "EventData.ParentDeviceInstanceId": "SWD\\PRINTENUM\\PrintQueues"}
{"EventID": "410", "Channel": "Microsoft-Windows-Kernel-PnP/Configuration", "Provider_Name": "Microsoft-Windows-Kernel-PnP", "Computer": "DESKTOP-OFJ6N53", "TimeCreated": "2025-07-24 21:05:11.613548+00:00", "RecordID": "35551", "Level": "4", "UserID": "S-1-5-18", "EventData.DeviceInstanceId": "SWD\\PRINTENUM\\{B98CBF5C-26BF-4D18-8DCD-154F6FAA1804}", "EventData.DriverName": "printqueue.inf", "EventData.ClassGuid": "{1ed2bbf9-11f0-4084-b21f-ad83a8e6dcdc}", "EventData.ServiceName": null, "EventData.LowerFilters": null, "EventData.UpperFilters": null, "EventData.Problem": "0x00000000", "EventData.Status": "0x00000000"}
{"EventID": "400", "Channel": "Microsoft-Windows-Kernel-PnP/Configuration", "Provider_Name": "Microsoft-Windows-Kernel-PnP", "Computer": "DESKTOP-OFJ6N53", "TimeCreated": "2025-07-24 21:05:15.032106+00:00", "RecordID": "35552", "Level": "4", "UserID": "S-1-5-18", "EventData.DeviceInstanceId": "SWD\\PRINTENUM\\{46939451-509F-46B8-A06D-BB304014A7AE}", "EventData.DriverName": "printqueue.inf", "EventData.ClassGuid": "{1ed2bbf9-11f0-4084-b21f-ad83a8e6dcdc}", "EventData.DriverDate": "06/21/2006", "EventData.DriverVersion": "10.0.19041.1", "EventData.DriverProvider": "Microsoft", "EventData.DriverInbox": "True", "EventData.DriverSection": "NO_DRV_LOCAL", "EventData.DriverRank": "0x00000000", "EventData.MatchingDeviceId": "PRINTENUM\\LocalPrintQueue", "EventData.OutrankedDrivers": "c_swdevice.inf:SWD\\GenericRaw:00FF3001", "EventData.DeviceUpdated": "False", "EventData.Status": "0x00000000", "EventData.ParentDeviceInstanceId": "SWD\\PRINTENUM\\PrintQueues"}
{"EventID": "410", "Channel": "Microsoft-Windows-Kernel-PnP/Configuration", "Provider_Name": "Microsoft-Windows-Kernel-PnP", "Computer": "DESKTOP-OFJ6N53", "TimeCreated": "2025-07-24 21:05:15.034647+00:00", "RecordID": "35553", "Level": "4", "UserID": "S-1-5-18", "EventData.DeviceInstanceId": "SWD\\PRINTENUM\\{46939451-509F-46B8-A06D-BB304014A7AE}", "EventData.DriverName": "printqueue.inf", "EventData.ClassGuid": "{1ed2bbf9-11f0-4084-b21f-ad83a8e6dcdc}", "EventData.ServiceName": null, "EventData.LowerFilters": null, "EventData.UpperFilters": null, "EventData.Problem": "0x00000000", "EventData.Status": "0x00000000"}
{"EventID": "400", "Channel": "Microsoft-Windows-Kernel-PnP/Configuration", "Provider_Name": "Microsoft-Windows-Kernel-PnP", "Computer": "DESKTOP-OFJ6N53", "TimeCreated": "2025-07-24 21:05:17.179024+00:00", "RecordID": "35554", "Level": "4", "UserID": "S-1-5-18", "EventData.DeviceInstanceId": "SWD\\PRINTENUM\\{F0327679-DC2B-442A-8A5B-5C60ECF6AF76}", "EventData.DriverName": "printqueue.inf", "EventData.ClassGuid": "{1ed2bbf9-11f0-4084-b21f-ad83a8e6dcdc}", "EventData.DriverDate": "06/21/2006", "EventData.DriverVersion": "10.0.19041.1", "EventData.DriverProvider": "Microsoft", "EventData.DriverInbox": "True", "EventData.DriverSection": "NO_DRV_LOCAL", "EventData.DriverRank": "0x00000000", "EventData.MatchingDeviceId": "PRINTENUM\\LocalPrintQueue", "EventData.OutrankedDrivers": "c_swdevice.inf:SWD\\GenericRaw:00FF3001", "EventData.DeviceUpdated": "False", "EventData.Status": "0x00000000", "EventData.ParentDeviceInstanceId": "SWD\\PRINTENUM\\PrintQueues"}
{"EventID": "410", "Channel": "Microsoft-Windows-Kernel-PnP/Configuration", "Provider_Name": "Microsoft-Windows-Kernel-PnP", "Computer": "DESKTOP-OFJ6N53", "TimeCreated": "2025-07-24 21:05:17.182117+00:00", "RecordID": "35555", "Level": "4", "UserID": "S-1-5-18", "EventData.DeviceInstanceId": "SWD\\PRINTENUM\\{F0327679-DC2B-442A-8A5B-5C60ECF6AF76}", "EventData.DriverName": "printqueue.inf", "EventData.ClassGuid": "{1ed2bbf9-11f0-4084-b21f-ad83a8e6dcdc}", "EventData.ServiceName": null, "EventData.LowerFilters": null, "EventData.UpperFilters": null, "EventData.Problem": "0x00000000", "EventData.Status": "0x00000000"}
{"EventID": "400", "Channel": "Microsoft-Windows-Kernel-PnP/Configuration", "Provider_Name": "Microsoft-Windows-Kernel-PnP", "Computer": "DESKTOP-OFJ6N53", "TimeCreated": "2025-07-24 21:05:20.895744+00:00", "RecordID": "35556", "Level": "4", "UserID": "S-1-5-18", "EventData.DeviceInstanceId": "SWD\\PRINTENUM\\{ADAA08F3-D005-4EC1-9266-D59718E40DC0}", "EventData.DriverName": "printqueue.inf", "EventData.ClassGuid": "{1ed2bbf9-11f0-4084-b21f-ad83a8e6dcdc}", "EventData.DriverDate": "06/21/2006", "EventData.DriverVersion": "10.0.19041.1", "EventData.DriverProvider": "Microsoft", "EventData.DriverInbox": "True", "EventData.DriverSection": "NO_DRV_LOCAL", "EventData.DriverRank": "0x00000000", "EventData.MatchingDeviceId": "PRINTENUM\\LocalPrintQueue", "EventData.OutrankedDrivers": "c_swdevice.inf:SWD\\GenericRaw:00FF3001", "EventData.DeviceUpdated": "False", "EventData.Status": "0x00000000", "EventData.ParentDeviceInstanceId": "SWD\\PRINTENUM\\PrintQueues"}
{"EventID": "410", "Channel": "Microsoft-Windows-Kernel-PnP/Configuration", "Provider_Name": "Microsoft-Windows-Kernel-PnP", "Computer": "DESKTOP-OFJ6N53", "TimeCreated": "2025-07-24 21:05:20.898443+00:00", "RecordID": "35557", "Level": "4", "UserID": "S-1-5-18", "EventData.DeviceInstanceId": "SWD\\PRINTENUM\\{ADAA08F3-D005-4EC1-9266-D59718E40DC0}", "EventData.DriverName": "printqueue.inf", "EventData.ClassGuid": "{1ed2bbf9-11f0-4084-b21f-ad83a8e6dcdc}", "EventData.ServiceName": null, "EventData.LowerFilters": null, "EventData.UpperFilters": null, "EventData.Problem": "0x00000000", "EventData.Status": "0x00000000"}
{"EventID": "400", "Channel": "Microsoft-Windows-Kernel-PnP/Configuration", "Provider_Name": "Microsoft-Windows-Kernel-PnP", "Computer": "DESKTOP-OFJ6N53", "TimeCreated": "2025-07-24 21:05:22.991714+00:00", "RecordID": "35558", "Level": "4", "UserID": "S-1-5-18", "EventData.DeviceInstanceId": "SWD\\PRINTENUM\\{1311A977-D927-40AD-AC82-FFF0E8595D5A}", "EventData.DriverName": "printqueue.inf", "EventData.ClassGuid": "{1ed2bbf9-11f0-4084-b21f-ad83a8e6dcdc}", "EventData.DriverDate": "06/21/2006", "EventData.DriverVersion": "10.0.19041.1", "EventData.DriverProvider": "Microsoft", "EventData.DriverInbox": "True", "EventData.DriverSection": "NO_DRV_LOCAL", "EventData.DriverRank": "0x00000000", "EventData.MatchingDeviceId": "PRINTENUM\\LocalPrintQueue", "EventData.OutrankedDrivers": "c_swdevice.inf:SWD\\GenericRaw:00FF3001", "EventData.DeviceUpdated": "False", "EventData.Status": "0x00000000", "EventData.ParentDeviceInstanceId": "SWD\\PRINTENUM\\PrintQueues"}
{"EventID": "410", "Channel": "Microsoft-Windows-Kernel-PnP/Configuration", "Provider_Name": "Microsoft-Windows-Kernel-PnP", "Computer": "DESKTOP-OFJ6N53", "TimeCreated": "2025-07-24 21:05:22.994486+00:00", "RecordID": "35559", "Level": "4", "UserID": "S-1-5-18", "EventData.DeviceInstanceId": "SWD\\PRINTENUM\\{1311A977-D927-40AD-AC82-FFF0E8595D5A}", "EventData.DriverName": "printqueue.inf", "EventData.ClassGuid": "{1ed2bbf9-11f0-4084-b21f-ad83a8e6dcdc}", "EventData.ServiceName": null, "EventData.LowerFilters": null, "EventData.UpperFilters": null, "EventData.Problem": "0x00000000", "EventData.Status": "0x00000000"}
