{"EventID": "28017", "Channel": "Microsoft-Windows-Shell-Core/Operational", "Provider_Name": "Microsoft-Windows-Shell-Core", "Computer": "DESKTOP-OFJ6N53", "TimeCreated": "2025-07-14 12:42:10.925617+00:00", "RecordID": "33439", "Level": "4", "UserID": "S-1-5-21-963789628-1060504924-4285088085-1001"}
{"EventID": "28018", "Channel": "Microsoft-Windows-Shell-Core/Operational", "Provider_Name": "Microsoft-Windows-Shell-Core", "Computer": "DESKTOP-OFJ6N53", "TimeCreated": "2025-07-14 12:42:10.933804+00:00", "RecordID": "33440", "Level": "4", "UserID": "S-1-5-21-963789628-1060504924-4285088085-1001"}
{"EventID": "28017", "Channel": "Microsoft-Windows-Shell-Core/Operational", "Provider_Name": "Microsoft-Windows-Shell-Core", "Computer": "DESKTOP-OFJ6N53", "TimeCreated": "2025-07-14 13:45:01.925591+00:00", "RecordID": "33441", "Level": "4", "UserID": "S-1-5-21-963789628-1060504924-4285088085-1001"}
{"EventID": "28018", "Channel": "Microsoft-Windows-Shell-Core/Operational", "Provider_Name": "Microsoft-Windows-Shell-Core", "Computer": "DESKTOP-OFJ6N53", "TimeCreated": "2025-07-14 13:45:01.933571+00:00", "RecordID": "33442", "Level": "4", "UserID": "S-1-5-21-963789628-1060504924-4285088085-1001"}
{"EventID": "28017", "Channel": "Microsoft-Windows-Shell-Core/Operational", "Provider_Name": "Microsoft-Windows-Shell-Core", "Computer": "DESKTOP-OFJ6N53", "TimeCreated": "2025-07-14 13:55:09.457300+00:00", "RecordID": "33443", "Level": "4", "UserID": "S-1-5-21-963789628-1060504924-4285088085-1001"}
{"EventID": "28018", "Channel": "Microsoft-Windows-Shell-Core/Operational", "Provider_Name": "Microsoft-Windows-Shell-Core", "Computer": "DESKTOP-OFJ6N53", "TimeCreated": "2025-07-14 13:55:09.489599+00:00", "RecordID": "33444", "Level": "4", "UserID": "S-1-5-21-963789628-1060504924-4285088085-1001"}
{"EventID": "28017", "Channel": "Microsoft-Windows-Shell-Core/Operational", "Provider_Name": "Microsoft-Windows-Shell-Core", "Computer": "DESKTOP-OFJ6N53", "TimeCreated": "2025-07-15 22:12:43.738668+00:00", "RecordID": "33445", "Level": "4", "UserID": "S-1-5-21-963789628-1060504924-4285088085-1001"}
{"EventID": "28032", "Channel": "Microsoft-Windows-Shell-Core/Operational", "Provider_Name": "Microsoft-Windows-Shell-Core", "Computer": "DESKTOP-OFJ6N53", "TimeCreated": "2025-07-15 22:12:43.808367+00:00", "RecordID": "33446", "Level": "4", "UserID": "S-1-5-21-963789628-1060504924-4285088085-1001", "EventData.Filename": "C:\\Program Files\\Google\\Chrome\\Application\\chrome.VisualElementsManifest.xml", "EventData.SchemaType": "2", "EventData.ErrorCode": "0", "EventData.Failure reason": "NULL"}
{"EventID": "28117", "Channel": "Microsoft-Windows-Shell-Core/Operational", "Provider_Name": "Microsoft-Windows-Shell-Core", "Computer": "DESKTOP-OFJ6N53", "TimeCreated": "2025-07-15 22:12:43.811934+00:00", "RecordID": "33447", "Level": "4", "UserID": "S-1-5-21-963789628-1060504924-4285088085-1001", "EventData.Name": "Google Chrome", "EventData.AppID": "Chrome", "EventData.Flags": "49"}
{"EventID": "28032", "Channel": "Microsoft-Windows-Shell-Core/Operational", "Provider_Name": "Microsoft-Windows-Shell-Core", "Computer": "DESKTOP-OFJ6N53", "TimeCreated": "2025-07-15 22:12:43.836767+00:00", "RecordID": "33448", "Level": "4", "UserID": "S-1-5-21-963789628-1060504924-4285088085-1001", "EventData.Filename": "C:\\Program Files\\Google\\Chrome\\Application\\chrome.VisualElementsManifest.xml", "EventData.SchemaType": "2", "EventData.ErrorCode": "0", "EventData.Failure reason": "NULL"}
{"EventID": "28117", "Channel": "Microsoft-Windows-Shell-Core/Operational", "Provider_Name": "Microsoft-Windows-Shell-Core", "Computer": "DESKTOP-OFJ6N53", "TimeCreated": "2025-07-15 22:12:43.838202+00:00", "RecordID": "33449", "Level": "4", "UserID": "S-1-5-21-963789628-1060504924-4285088085-1001", "EventData.Name": "Google Chrome", "EventData.AppID": "Chrome", "EventData.Flags": "17"}
{"EventID": "28018", "Channel": "Microsoft-Windows-Shell-Core/Operational", "Provider_Name": "Microsoft-Windows-Shell-Core", "Computer": "DESKTOP-OFJ6N53", "TimeCreated": "2025-07-15 22:12:43.841684+00:00", "RecordID": "33450", "Level": "4", "UserID": "S-1-5-21-963789628-1060504924-4285088085-1001"}
{"EventID": "28019", "Channel": "Microsoft-Windows-Shell-Core/Operational", "Provider_Name": "Microsoft-Windows-Shell-Core", "Computer": "DESKTOP-OFJ6N53", "TimeCreated": "2025-07-15 22:12:43.848099+00:00", "RecordID": "33451", "Level": "4", "UserID": "S-1-5-21-963789628-1060504924-4285088085-1001"}
{"EventID": "28017", "Channel": "Microsoft-Windows-Shell-Core/Operational", "Provider_Name": "Microsoft-Windows-Shell-Core", "Computer": "DESKTOP-OFJ6N53", "TimeCreated": "2025-07-16 08:58:59.893991+00:00", "RecordID": "33452", "Level": "4", "UserID": "S-1-5-21-963789628-1060504924-4285088085-1001"}
{"EventID": "28018", "Channel": "Microsoft-Windows-Shell-Core/Operational", "Provider_Name": "Microsoft-Windows-Shell-Core", "Computer": "DESKTOP-OFJ6N53", "TimeCreated": "2025-07-16 08:58:59.917852+00:00", "RecordID": "33453", "Level": "4", "UserID": "S-1-5-21-963789628-1060504924-4285088085-1001"}
{"EventID": "28019", "Channel": "Microsoft-Windows-Shell-Core/Operational", "Provider_Name": "Microsoft-Windows-Shell-Core", "Computer": "DESKTOP-OFJ6N53", "TimeCreated": "2025-07-16 08:58:59.925014+00:00", "RecordID": "33454", "Level": "4", "UserID": "S-1-5-21-963789628-1060504924-4285088085-1001"}
{"EventID": "28017", "Channel": "Microsoft-Windows-Shell-Core/Operational", "Provider_Name": "Microsoft-Windows-Shell-Core", "Computer": "DESKTOP-OFJ6N53", "TimeCreated": "2025-07-16 08:59:02.928915+00:00", "RecordID": "33455", "Level": "4", "UserID": "S-1-5-21-963789628-1060504924-4285088085-1001"}
{"EventID": "28018", "Channel": "Microsoft-Windows-Shell-Core/Operational", "Provider_Name": "Microsoft-Windows-Shell-Core", "Computer": "DESKTOP-OFJ6N53", "TimeCreated": "2025-07-16 08:59:02.945637+00:00", "RecordID": "33456", "Level": "4", "UserID": "S-1-5-21-963789628-1060504924-4285088085-1001"}
{"EventID": "28019", "Channel": "Microsoft-Windows-Shell-Core/Operational", "Provider_Name": "Microsoft-Windows-Shell-Core", "Computer": "DESKTOP-OFJ6N53", "TimeCreated": "2025-07-16 08:59:02.950758+00:00", "RecordID": "33457", "Level": "4", "UserID": "S-1-5-21-963789628-1060504924-4285088085-1001"}
{"EventID": "28017", "Channel": "Microsoft-Windows-Shell-Core/Operational", "Provider_Name": "Microsoft-Windows-Shell-Core", "Computer": "DESKTOP-OFJ6N53", "TimeCreated": "2025-07-16 08:59:20.524702+00:00", "RecordID": "33458", "Level": "4", "UserID": "S-1-5-21-963789628-1060504924-4285088085-1001"}
{"EventID": "28115", "Channel": "Microsoft-Windows-Shell-Core/Operational", "Provider_Name": "Microsoft-Windows-Shell-Core", "Computer": "DESKTOP-OFJ6N53", "TimeCreated": "2025-07-16 08:59:20.579874+00:00", "RecordID": "33459", "Level": "4", "UserID": "S-1-5-21-963789628-1060504924-4285088085-1001", "EventData.Name": "About Java", "EventData.AppID": "Microsoft.AutoGenerated.{D388FB43-68C2-ECF6-A668-7F2D843E5506}", "EventData.Flags": "32816"}
{"EventID": "28115", "Channel": "Microsoft-Windows-Shell-Core/Operational", "Provider_Name": "Microsoft-Windows-Shell-Core", "Computer": "DESKTOP-OFJ6N53", "TimeCreated": "2025-07-16 08:59:20.659447+00:00", "RecordID": "33460", "Level": "4", "UserID": "S-1-5-21-963789628-1060504924-4285088085-1001", "EventData.Name": "Check For Updates", "EventData.AppID": "Microsoft.AutoGenerated.{6331906A-5A67-76E8-D747-489AC303C037}", "EventData.Flags": "32816"}
{"EventID": "28115", "Channel": "Microsoft-Windows-Shell-Core/Operational", "Provider_Name": "Microsoft-Windows-Shell-Core", "Computer": "DESKTOP-OFJ6N53", "TimeCreated": "2025-07-16 08:59:20.681337+00:00", "RecordID": "33461", "Level": "4", "UserID": "S-1-5-21-963789628-1060504924-4285088085-1001", "EventData.Name": "Configure Java", "EventData.AppID": "{7C5A40EF-A0FB-4BFC-874A-C0F2E0B9FA8E}\\Java\\jre1.8.0_461\\bin\\javacpl.exe", "EventData.Flags": "32816"}
{"EventID": "28115", "Channel": "Microsoft-Windows-Shell-Core/Operational", "Provider_Name": "Microsoft-Windows-Shell-Core", "Computer": "DESKTOP-OFJ6N53", "TimeCreated": "2025-07-16 08:59:20.746794+00:00", "RecordID": "33462", "Level": "4", "UserID": "S-1-5-21-963789628-1060504924-4285088085-1001", "EventData.Name": "Get Help", "EventData.AppID": "https://java.com/help", "EventData.Flags": "544"}
{"EventID": "28115", "Channel": "Microsoft-Windows-Shell-Core/Operational", "Provider_Name": "Microsoft-Windows-Shell-Core", "Computer": "DESKTOP-OFJ6N53", "TimeCreated": "2025-07-16 08:59:20.752085+00:00", "RecordID": "33463", "Level": "4", "UserID": "S-1-5-21-963789628-1060504924-4285088085-1001", "EventData.Name": "Visit Java.com", "EventData.AppID": "https://java.com/", "EventData.Flags": "544"}
{"EventID": "28018", "Channel": "Microsoft-Windows-Shell-Core/Operational", "Provider_Name": "Microsoft-Windows-Shell-Core", "Computer": "DESKTOP-OFJ6N53", "TimeCreated": "2025-07-16 08:59:20.760700+00:00", "RecordID": "33464", "Level": "4", "UserID": "S-1-5-21-963789628-1060504924-4285088085-1001"}
{"EventID": "28019", "Channel": "Microsoft-Windows-Shell-Core/Operational", "Provider_Name": "Microsoft-Windows-Shell-Core", "Computer": "DESKTOP-OFJ6N53", "TimeCreated": "2025-07-16 08:59:20.765453+00:00", "RecordID": "33465", "Level": "4", "UserID": "S-1-5-21-963789628-1060504924-4285088085-1001"}
{"EventID": "28017", "Channel": "Microsoft-Windows-Shell-Core/Operational", "Provider_Name": "Microsoft-Windows-Shell-Core", "Computer": "DESKTOP-OFJ6N53", "TimeCreated": "2025-07-16 09:16:09.511642+00:00", "RecordID": "33466", "Level": "4", "UserID": "S-1-5-21-963789628-1060504924-4285088085-1001"}
{"EventID": "28018", "Channel": "Microsoft-Windows-Shell-Core/Operational", "Provider_Name": "Microsoft-Windows-Shell-Core", "Computer": "DESKTOP-OFJ6N53", "TimeCreated": "2025-07-16 09:16:09.622417+00:00", "RecordID": "33467", "Level": "4", "UserID": "S-1-5-21-963789628-1060504924-4285088085-1001"}
{"EventID": "28019", "Channel": "Microsoft-Windows-Shell-Core/Operational", "Provider_Name": "Microsoft-Windows-Shell-Core", "Computer": "DESKTOP-OFJ6N53", "TimeCreated": "2025-07-16 09:16:09.637280+00:00", "RecordID": "33468", "Level": "4", "UserID": "S-1-5-21-963789628-1060504924-4285088085-1001"}
{"EventID": "28017", "Channel": "Microsoft-Windows-Shell-Core/Operational", "Provider_Name": "Microsoft-Windows-Shell-Core", "Computer": "DESKTOP-OFJ6N53", "TimeCreated": "2025-07-16 09:16:12.340429+00:00", "RecordID": "33469", "Level": "4", "UserID": "S-1-5-21-963789628-1060504924-4285088085-1001"}
{"EventID": "28018", "Channel": "Microsoft-Windows-Shell-Core/Operational", "Provider_Name": "Microsoft-Windows-Shell-Core", "Computer": "DESKTOP-OFJ6N53", "TimeCreated": "2025-07-16 09:16:12.402903+00:00", "RecordID": "33470", "Level": "4", "UserID": "S-1-5-21-963789628-1060504924-4285088085-1001"}
{"EventID": "28017", "Channel": "Microsoft-Windows-Shell-Core/Operational", "Provider_Name": "Microsoft-Windows-Shell-Core", "Computer": "DESKTOP-OFJ6N53", "TimeCreated": "2025-07-16 09:17:16.033213+00:00", "RecordID": "33471", "Level": "4", "UserID": "S-1-5-21-963789628-1060504924-4285088085-1001"}
{"EventID": "28018", "Channel": "Microsoft-Windows-Shell-Core/Operational", "Provider_Name": "Microsoft-Windows-Shell-Core", "Computer": "DESKTOP-OFJ6N53", "TimeCreated": "2025-07-16 09:17:16.065294+00:00", "RecordID": "33472", "Level": "4", "UserID": "S-1-5-21-963789628-1060504924-4285088085-1001"}
{"EventID": "28017", "Channel": "Microsoft-Windows-Shell-Core/Operational", "Provider_Name": "Microsoft-Windows-Shell-Core", "Computer": "DESKTOP-OFJ6N53", "TimeCreated": "2025-07-16 09:17:18.261320+00:00", "RecordID": "33473", "Level": "4", "UserID": "S-1-5-21-963789628-1060504924-4285088085-1001"}
{"EventID": "28018", "Channel": "Microsoft-Windows-Shell-Core/Operational", "Provider_Name": "Microsoft-Windows-Shell-Core", "Computer": "DESKTOP-OFJ6N53", "TimeCreated": "2025-07-16 09:17:18.270041+00:00", "RecordID": "33474", "Level": "4", "UserID": "S-1-5-21-963789628-1060504924-4285088085-1001"}
{"EventID": "28017", "Channel": "Microsoft-Windows-Shell-Core/Operational", "Provider_Name": "Microsoft-Windows-Shell-Core", "Computer": "DESKTOP-OFJ6N53", "TimeCreated": "2025-07-16 09:17:29.159943+00:00", "RecordID": "33475", "Level": "4", "UserID": "S-1-5-21-963789628-1060504924-4285088085-1001"}
{"EventID": "28018", "Channel": "Microsoft-Windows-Shell-Core/Operational", "Provider_Name": "Microsoft-Windows-Shell-Core", "Computer": "DESKTOP-OFJ6N53", "TimeCreated": "2025-07-16 09:17:29.170794+00:00", "RecordID": "33476", "Level": "4", "UserID": "S-1-5-21-963789628-1060504924-4285088085-1001"}
{"EventID": "28017", "Channel": "Microsoft-Windows-Shell-Core/Operational", "Provider_Name": "Microsoft-Windows-Shell-Core", "Computer": "DESKTOP-OFJ6N53", "TimeCreated": "2025-07-16 09:17:45.050394+00:00", "RecordID": "33477", "Level": "4", "UserID": "S-1-5-21-963789628-1060504924-4285088085-1001"}
{"EventID": "28018", "Channel": "Microsoft-Windows-Shell-Core/Operational", "Provider_Name": "Microsoft-Windows-Shell-Core", "Computer": "DESKTOP-OFJ6N53", "TimeCreated": "2025-07-16 09:17:45.057451+00:00", "RecordID": "33478", "Level": "4", "UserID": "S-1-5-21-963789628-1060504924-4285088085-1001"}
{"EventID": "28017", "Channel": "Microsoft-Windows-Shell-Core/Operational", "Provider_Name": "Microsoft-Windows-Shell-Core", "Computer": "DESKTOP-OFJ6N53", "TimeCreated": "2025-07-16 09:20:57.394373+00:00", "RecordID": "33479", "Level": "4", "UserID": "S-1-5-21-963789628-1060504924-4285088085-1001"}
{"EventID": "28018", "Channel": "Microsoft-Windows-Shell-Core/Operational", "Provider_Name": "Microsoft-Windows-Shell-Core", "Computer": "DESKTOP-OFJ6N53", "TimeCreated": "2025-07-16 09:20:57.403439+00:00", "RecordID": "33480", "Level": "4", "UserID": "S-1-5-21-963789628-1060504924-4285088085-1001"}
{"EventID": "28017", "Channel": "Microsoft-Windows-Shell-Core/Operational", "Provider_Name": "Microsoft-Windows-Shell-Core", "Computer": "DESKTOP-OFJ6N53", "TimeCreated": "2025-07-16 09:22:09.073822+00:00", "RecordID": "33481", "Level": "4", "UserID": "S-1-5-21-963789628-1060504924-4285088085-1001"}
{"EventID": "28018", "Channel": "Microsoft-Windows-Shell-Core/Operational", "Provider_Name": "Microsoft-Windows-Shell-Core", "Computer": "DESKTOP-OFJ6N53", "TimeCreated": "2025-07-16 09:22:09.090219+00:00", "RecordID": "33482", "Level": "4", "UserID": "S-1-5-21-963789628-1060504924-4285088085-1001"}
{"EventID": "28017", "Channel": "Microsoft-Windows-Shell-Core/Operational", "Provider_Name": "Microsoft-Windows-Shell-Core", "Computer": "DESKTOP-OFJ6N53", "TimeCreated": "2025-07-16 09:22:11.691816+00:00", "RecordID": "33483", "Level": "4", "UserID": "S-1-5-21-963789628-1060504924-4285088085-1001"}
{"EventID": "28018", "Channel": "Microsoft-Windows-Shell-Core/Operational", "Provider_Name": "Microsoft-Windows-Shell-Core", "Computer": "DESKTOP-OFJ6N53", "TimeCreated": "2025-07-16 09:22:11.704576+00:00", "RecordID": "33484", "Level": "4", "UserID": "S-1-5-21-963789628-1060504924-4285088085-1001"}
{"EventID": "28017", "Channel": "Microsoft-Windows-Shell-Core/Operational", "Provider_Name": "Microsoft-Windows-Shell-Core", "Computer": "DESKTOP-OFJ6N53", "TimeCreated": "2025-07-16 09:24:32.481388+00:00", "RecordID": "33485", "Level": "4", "UserID": "S-1-5-21-963789628-1060504924-4285088085-1001"}
{"EventID": "28018", "Channel": "Microsoft-Windows-Shell-Core/Operational", "Provider_Name": "Microsoft-Windows-Shell-Core", "Computer": "DESKTOP-OFJ6N53", "TimeCreated": "2025-07-16 09:24:32.491388+00:00", "RecordID": "33486", "Level": "4", "UserID": "S-1-5-21-963789628-1060504924-4285088085-1001"}
{"EventID": "28017", "Channel": "Microsoft-Windows-Shell-Core/Operational", "Provider_Name": "Microsoft-Windows-Shell-Core", "Computer": "DESKTOP-OFJ6N53", "TimeCreated": "2025-07-16 09:24:35.008907+00:00", "RecordID": "33487", "Level": "4", "UserID": "S-1-5-21-963789628-1060504924-4285088085-1001"}
{"EventID": "28018", "Channel": "Microsoft-Windows-Shell-Core/Operational", "Provider_Name": "Microsoft-Windows-Shell-Core", "Computer": "DESKTOP-OFJ6N53", "TimeCreated": "2025-07-16 09:24:35.017191+00:00", "RecordID": "33488", "Level": "4", "UserID": "S-1-5-21-963789628-1060504924-4285088085-1001"}
{"EventID": "28017", "Channel": "Microsoft-Windows-Shell-Core/Operational", "Provider_Name": "Microsoft-Windows-Shell-Core", "Computer": "DESKTOP-OFJ6N53", "TimeCreated": "2025-07-16 09:24:39.982508+00:00", "RecordID": "33489", "Level": "4", "UserID": "S-1-5-21-963789628-1060504924-4285088085-1001"}
{"EventID": "28018", "Channel": "Microsoft-Windows-Shell-Core/Operational", "Provider_Name": "Microsoft-Windows-Shell-Core", "Computer": "DESKTOP-OFJ6N53", "TimeCreated": "2025-07-16 09:24:40.001303+00:00", "RecordID": "33490", "Level": "4", "UserID": "S-1-5-21-963789628-1060504924-4285088085-1001"}
{"EventID": "28017", "Channel": "Microsoft-Windows-Shell-Core/Operational", "Provider_Name": "Microsoft-Windows-Shell-Core", "Computer": "DESKTOP-OFJ6N53", "TimeCreated": "2025-07-16 09:25:12.331631+00:00", "RecordID": "33491", "Level": "4", "UserID": "S-1-5-21-963789628-1060504924-4285088085-1001"}
{"EventID": "28018", "Channel": "Microsoft-Windows-Shell-Core/Operational", "Provider_Name": "Microsoft-Windows-Shell-Core", "Computer": "DESKTOP-OFJ6N53", "TimeCreated": "2025-07-16 09:25:12.344173+00:00", "RecordID": "33492", "Level": "4", "UserID": "S-1-5-21-963789628-1060504924-4285088085-1001"}
{"EventID": "28017", "Channel": "Microsoft-Windows-Shell-Core/Operational", "Provider_Name": "Microsoft-Windows-Shell-Core", "Computer": "DESKTOP-OFJ6N53", "TimeCreated": "2025-07-16 09:42:59.603510+00:00", "RecordID": "33493", "Level": "4", "UserID": "S-1-5-21-963789628-1060504924-4285088085-1001"}
{"EventID": "28018", "Channel": "Microsoft-Windows-Shell-Core/Operational", "Provider_Name": "Microsoft-Windows-Shell-Core", "Computer": "DESKTOP-OFJ6N53", "TimeCreated": "2025-07-16 09:42:59.626909+00:00", "RecordID": "33494", "Level": "4", "UserID": "S-1-5-21-963789628-1060504924-4285088085-1001"}
{"EventID": "28017", "Channel": "Microsoft-Windows-Shell-Core/Operational", "Provider_Name": "Microsoft-Windows-Shell-Core", "Computer": "DESKTOP-OFJ6N53", "TimeCreated": "2025-07-16 09:43:02.847874+00:00", "RecordID": "33495", "Level": "4", "UserID": "S-1-5-21-963789628-1060504924-4285088085-1001"}
{"EventID": "28018", "Channel": "Microsoft-Windows-Shell-Core/Operational", "Provider_Name": "Microsoft-Windows-Shell-Core", "Computer": "DESKTOP-OFJ6N53", "TimeCreated": "2025-07-16 09:43:02.860821+00:00", "RecordID": "33496", "Level": "4", "UserID": "S-1-5-21-963789628-1060504924-4285088085-1001"}
{"EventID": "28017", "Channel": "Microsoft-Windows-Shell-Core/Operational", "Provider_Name": "Microsoft-Windows-Shell-Core", "Computer": "DESKTOP-OFJ6N53", "TimeCreated": "2025-07-16 09:43:13.597225+00:00", "RecordID": "33497", "Level": "4", "UserID": "S-1-5-21-963789628-1060504924-4285088085-1001"}
{"EventID": "28018", "Channel": "Microsoft-Windows-Shell-Core/Operational", "Provider_Name": "Microsoft-Windows-Shell-Core", "Computer": "DESKTOP-OFJ6N53", "TimeCreated": "2025-07-16 09:43:13.606953+00:00", "RecordID": "33498", "Level": "4", "UserID": "S-1-5-21-963789628-1060504924-4285088085-1001"}
{"EventID": "28017", "Channel": "Microsoft-Windows-Shell-Core/Operational", "Provider_Name": "Microsoft-Windows-Shell-Core", "Computer": "DESKTOP-OFJ6N53", "TimeCreated": "2025-07-16 09:43:15.948036+00:00", "RecordID": "33499", "Level": "4", "UserID": "S-1-5-21-963789628-1060504924-4285088085-1001"}
{"EventID": "28018", "Channel": "Microsoft-Windows-Shell-Core/Operational", "Provider_Name": "Microsoft-Windows-Shell-Core", "Computer": "DESKTOP-OFJ6N53", "TimeCreated": "2025-07-16 09:43:15.956184+00:00", "RecordID": "33500", "Level": "4", "UserID": "S-1-5-21-963789628-1060504924-4285088085-1001"}
{"EventID": "28017", "Channel": "Microsoft-Windows-Shell-Core/Operational", "Provider_Name": "Microsoft-Windows-Shell-Core", "Computer": "DESKTOP-OFJ6N53", "TimeCreated": "2025-07-16 09:43:19.552410+00:00", "RecordID": "33501", "Level": "4", "UserID": "S-1-5-21-963789628-1060504924-4285088085-1001"}
{"EventID": "28018", "Channel": "Microsoft-Windows-Shell-Core/Operational", "Provider_Name": "Microsoft-Windows-Shell-Core", "Computer": "DESKTOP-OFJ6N53", "TimeCreated": "2025-07-16 09:43:19.559809+00:00", "RecordID": "33502", "Level": "4", "UserID": "S-1-5-21-963789628-1060504924-4285088085-1001"}
{"EventID": "28017", "Channel": "Microsoft-Windows-Shell-Core/Operational", "Provider_Name": "Microsoft-Windows-Shell-Core", "Computer": "DESKTOP-OFJ6N53", "TimeCreated": "2025-07-16 09:49:50.681345+00:00", "RecordID": "33503", "Level": "4", "UserID": "S-1-5-21-963789628-1060504924-4285088085-1001"}
{"EventID": "28018", "Channel": "Microsoft-Windows-Shell-Core/Operational", "Provider_Name": "Microsoft-Windows-Shell-Core", "Computer": "DESKTOP-OFJ6N53", "TimeCreated": "2025-07-16 09:49:50.690208+00:00", "RecordID": "33504", "Level": "4", "UserID": "S-1-5-21-963789628-1060504924-4285088085-1001"}
{"EventID": "28017", "Channel": "Microsoft-Windows-Shell-Core/Operational", "Provider_Name": "Microsoft-Windows-Shell-Core", "Computer": "DESKTOP-OFJ6N53", "TimeCreated": "2025-07-16 09:49:52.863659+00:00", "RecordID": "33505", "Level": "4", "UserID": "S-1-5-21-963789628-1060504924-4285088085-1001"}
{"EventID": "28018", "Channel": "Microsoft-Windows-Shell-Core/Operational", "Provider_Name": "Microsoft-Windows-Shell-Core", "Computer": "DESKTOP-OFJ6N53", "TimeCreated": "2025-07-16 09:49:52.871880+00:00", "RecordID": "33506", "Level": "4", "UserID": "S-1-5-21-963789628-1060504924-4285088085-1001"}
{"EventID": "28017", "Channel": "Microsoft-Windows-Shell-Core/Operational", "Provider_Name": "Microsoft-Windows-Shell-Core", "Computer": "DESKTOP-OFJ6N53", "TimeCreated": "2025-07-16 10:08:00.894344+00:00", "RecordID": "33507", "Level": "4", "UserID": "S-1-5-21-963789628-1060504924-4285088085-1001"}
{"EventID": "28018", "Channel": "Microsoft-Windows-Shell-Core/Operational", "Provider_Name": "Microsoft-Windows-Shell-Core", "Computer": "DESKTOP-OFJ6N53", "TimeCreated": "2025-07-16 10:08:00.903397+00:00", "RecordID": "33508", "Level": "4", "UserID": "S-1-5-21-963789628-1060504924-4285088085-1001"}
{"EventID": "28017", "Channel": "Microsoft-Windows-Shell-Core/Operational", "Provider_Name": "Microsoft-Windows-Shell-Core", "Computer": "DESKTOP-OFJ6N53", "TimeCreated": "2025-07-16 10:09:14.379623+00:00", "RecordID": "33509", "Level": "4", "UserID": "S-1-5-21-963789628-1060504924-4285088085-1001"}
{"EventID": "28018", "Channel": "Microsoft-Windows-Shell-Core/Operational", "Provider_Name": "Microsoft-Windows-Shell-Core", "Computer": "DESKTOP-OFJ6N53", "TimeCreated": "2025-07-16 10:09:14.464603+00:00", "RecordID": "33510", "Level": "4", "UserID": "S-1-5-21-963789628-1060504924-4285088085-1001"}
{"EventID": "28017", "Channel": "Microsoft-Windows-Shell-Core/Operational", "Provider_Name": "Microsoft-Windows-Shell-Core", "Computer": "DESKTOP-OFJ6N53", "TimeCreated": "2025-07-16 10:09:17.066690+00:00", "RecordID": "33511", "Level": "4", "UserID": "S-1-5-21-963789628-1060504924-4285088085-1001"}
{"EventID": "28018", "Channel": "Microsoft-Windows-Shell-Core/Operational", "Provider_Name": "Microsoft-Windows-Shell-Core", "Computer": "DESKTOP-OFJ6N53", "TimeCreated": "2025-07-16 10:09:17.073656+00:00", "RecordID": "33512", "Level": "4", "UserID": "S-1-5-21-963789628-1060504924-4285088085-1001"}
{"EventID": "28017", "Channel": "Microsoft-Windows-Shell-Core/Operational", "Provider_Name": "Microsoft-Windows-Shell-Core", "Computer": "DESKTOP-OFJ6N53", "TimeCreated": "2025-07-16 10:09:35.036266+00:00", "RecordID": "33513", "Level": "4", "UserID": "S-1-5-21-963789628-1060504924-4285088085-1001"}
{"EventID": "28018", "Channel": "Microsoft-Windows-Shell-Core/Operational", "Provider_Name": "Microsoft-Windows-Shell-Core", "Computer": "DESKTOP-OFJ6N53", "TimeCreated": "2025-07-16 10:09:35.046648+00:00", "RecordID": "33514", "Level": "4", "UserID": "S-1-5-21-963789628-1060504924-4285088085-1001"}
{"EventID": "28017", "Channel": "Microsoft-Windows-Shell-Core/Operational", "Provider_Name": "Microsoft-Windows-Shell-Core", "Computer": "DESKTOP-OFJ6N53", "TimeCreated": "2025-07-16 10:09:37.253258+00:00", "RecordID": "33515", "Level": "4", "UserID": "S-1-5-21-963789628-1060504924-4285088085-1001"}
{"EventID": "28018", "Channel": "Microsoft-Windows-Shell-Core/Operational", "Provider_Name": "Microsoft-Windows-Shell-Core", "Computer": "DESKTOP-OFJ6N53", "TimeCreated": "2025-07-16 10:09:37.260075+00:00", "RecordID": "33516", "Level": "4", "UserID": "S-1-5-21-963789628-1060504924-4285088085-1001"}
{"EventID": "28017", "Channel": "Microsoft-Windows-Shell-Core/Operational", "Provider_Name": "Microsoft-Windows-Shell-Core", "Computer": "DESKTOP-OFJ6N53", "TimeCreated": "2025-07-16 10:09:40.206625+00:00", "RecordID": "33517", "Level": "4", "UserID": "S-1-5-21-963789628-1060504924-4285088085-1001"}
{"EventID": "28018", "Channel": "Microsoft-Windows-Shell-Core/Operational", "Provider_Name": "Microsoft-Windows-Shell-Core", "Computer": "DESKTOP-OFJ6N53", "TimeCreated": "2025-07-16 10:09:40.214943+00:00", "RecordID": "33518", "Level": "4", "UserID": "S-1-5-21-963789628-1060504924-4285088085-1001"}
{"EventID": "28017", "Channel": "Microsoft-Windows-Shell-Core/Operational", "Provider_Name": "Microsoft-Windows-Shell-Core", "Computer": "DESKTOP-OFJ6N53", "TimeCreated": "2025-07-16 10:10:09.170607+00:00", "RecordID": "33519", "Level": "4", "UserID": "S-1-5-21-963789628-1060504924-4285088085-1001"}
{"EventID": "28018", "Channel": "Microsoft-Windows-Shell-Core/Operational", "Provider_Name": "Microsoft-Windows-Shell-Core", "Computer": "DESKTOP-OFJ6N53", "TimeCreated": "2025-07-16 10:10:09.180342+00:00", "RecordID": "33520", "Level": "4", "UserID": "S-1-5-21-963789628-1060504924-4285088085-1001"}
{"EventID": "28017", "Channel": "Microsoft-Windows-Shell-Core/Operational", "Provider_Name": "Microsoft-Windows-Shell-Core", "Computer": "DESKTOP-OFJ6N53", "TimeCreated": "2025-07-16 10:15:10.906267+00:00", "RecordID": "33521", "Level": "4", "UserID": "S-1-5-21-963789628-1060504924-4285088085-1001"}
{"EventID": "28018", "Channel": "Microsoft-Windows-Shell-Core/Operational", "Provider_Name": "Microsoft-Windows-Shell-Core", "Computer": "DESKTOP-OFJ6N53", "TimeCreated": "2025-07-16 10:15:10.961933+00:00", "RecordID": "33522", "Level": "4", "UserID": "S-1-5-21-963789628-1060504924-4285088085-1001"}
{"EventID": "28017", "Channel": "Microsoft-Windows-Shell-Core/Operational", "Provider_Name": "Microsoft-Windows-Shell-Core", "Computer": "DESKTOP-OFJ6N53", "TimeCreated": "2025-07-16 10:16:31.425396+00:00", "RecordID": "33523", "Level": "4", "UserID": "S-1-5-21-963789628-1060504924-4285088085-1001"}
{"EventID": "28018", "Channel": "Microsoft-Windows-Shell-Core/Operational", "Provider_Name": "Microsoft-Windows-Shell-Core", "Computer": "DESKTOP-OFJ6N53", "TimeCreated": "2025-07-16 10:16:31.436586+00:00", "RecordID": "33524", "Level": "4", "UserID": "S-1-5-21-963789628-1060504924-4285088085-1001"}
{"EventID": "28017", "Channel": "Microsoft-Windows-Shell-Core/Operational", "Provider_Name": "Microsoft-Windows-Shell-Core", "Computer": "DESKTOP-OFJ6N53", "TimeCreated": "2025-07-16 10:16:47.335762+00:00", "RecordID": "33525", "Level": "4", "UserID": "S-1-5-21-963789628-1060504924-4285088085-1001"}
{"EventID": "28018", "Channel": "Microsoft-Windows-Shell-Core/Operational", "Provider_Name": "Microsoft-Windows-Shell-Core", "Computer": "DESKTOP-OFJ6N53", "TimeCreated": "2025-07-16 10:16:47.345398+00:00", "RecordID": "33526", "Level": "4", "UserID": "S-1-5-21-963789628-1060504924-4285088085-1001"}
{"EventID": "28017", "Channel": "Microsoft-Windows-Shell-Core/Operational", "Provider_Name": "Microsoft-Windows-Shell-Core", "Computer": "DESKTOP-OFJ6N53", "TimeCreated": "2025-07-16 10:16:49.860195+00:00", "RecordID": "33527", "Level": "4", "UserID": "S-1-5-21-963789628-1060504924-4285088085-1001"}
{"EventID": "28018", "Channel": "Microsoft-Windows-Shell-Core/Operational", "Provider_Name": "Microsoft-Windows-Shell-Core", "Computer": "DESKTOP-OFJ6N53", "TimeCreated": "2025-07-16 10:16:49.871126+00:00", "RecordID": "33528", "Level": "4", "UserID": "S-1-5-21-963789628-1060504924-4285088085-1001"}
{"EventID": "28017", "Channel": "Microsoft-Windows-Shell-Core/Operational", "Provider_Name": "Microsoft-Windows-Shell-Core", "Computer": "DESKTOP-OFJ6N53", "TimeCreated": "2025-07-16 10:16:52.910255+00:00", "RecordID": "33529", "Level": "4", "UserID": "S-1-5-21-963789628-1060504924-4285088085-1001"}
{"EventID": "28018", "Channel": "Microsoft-Windows-Shell-Core/Operational", "Provider_Name": "Microsoft-Windows-Shell-Core", "Computer": "DESKTOP-OFJ6N53", "TimeCreated": "2025-07-16 10:16:52.921545+00:00", "RecordID": "33530", "Level": "4", "UserID": "S-1-5-21-963789628-1060504924-4285088085-1001"}
{"EventID": "28017", "Channel": "Microsoft-Windows-Shell-Core/Operational", "Provider_Name": "Microsoft-Windows-Shell-Core", "Computer": "DESKTOP-OFJ6N53", "TimeCreated": "2025-07-16 10:17:39.282232+00:00", "RecordID": "33531", "Level": "4", "UserID": "S-1-5-21-963789628-1060504924-4285088085-1001"}
{"EventID": "28018", "Channel": "Microsoft-Windows-Shell-Core/Operational", "Provider_Name": "Microsoft-Windows-Shell-Core", "Computer": "DESKTOP-OFJ6N53", "TimeCreated": "2025-07-16 10:17:39.292337+00:00", "RecordID": "33532", "Level": "4", "UserID": "S-1-5-21-963789628-1060504924-4285088085-1001"}
{"EventID": "28017", "Channel": "Microsoft-Windows-Shell-Core/Operational", "Provider_Name": "Microsoft-Windows-Shell-Core", "Computer": "DESKTOP-OFJ6N53", "TimeCreated": "2025-07-16 10:18:31.646835+00:00", "RecordID": "33533", "Level": "4", "UserID": "S-1-5-21-963789628-1060504924-4285088085-1001"}
{"EventID": "28018", "Channel": "Microsoft-Windows-Shell-Core/Operational", "Provider_Name": "Microsoft-Windows-Shell-Core", "Computer": "DESKTOP-OFJ6N53", "TimeCreated": "2025-07-16 10:18:31.653807+00:00", "RecordID": "33534", "Level": "4", "UserID": "S-1-5-21-963789628-1060504924-4285088085-1001"}
{"EventID": "28017", "Channel": "Microsoft-Windows-Shell-Core/Operational", "Provider_Name": "Microsoft-Windows-Shell-Core", "Computer": "DESKTOP-OFJ6N53", "TimeCreated": "2025-07-16 10:20:06.803787+00:00", "RecordID": "33535", "Level": "4", "UserID": "S-1-5-21-963789628-1060504924-4285088085-1001"}
{"EventID": "28018", "Channel": "Microsoft-Windows-Shell-Core/Operational", "Provider_Name": "Microsoft-Windows-Shell-Core", "Computer": "DESKTOP-OFJ6N53", "TimeCreated": "2025-07-16 10:20:06.817085+00:00", "RecordID": "33536", "Level": "4", "UserID": "S-1-5-21-963789628-1060504924-4285088085-1001"}
{"EventID": "28017", "Channel": "Microsoft-Windows-Shell-Core/Operational", "Provider_Name": "Microsoft-Windows-Shell-Core", "Computer": "DESKTOP-OFJ6N53", "TimeCreated": "2025-07-16 10:20:09.724066+00:00", "RecordID": "33537", "Level": "4", "UserID": "S-1-5-21-963789628-1060504924-4285088085-1001"}
{"EventID": "28018", "Channel": "Microsoft-Windows-Shell-Core/Operational", "Provider_Name": "Microsoft-Windows-Shell-Core", "Computer": "DESKTOP-OFJ6N53", "TimeCreated": "2025-07-16 10:20:09.736467+00:00", "RecordID": "33538", "Level": "4", "UserID": "S-1-5-21-963789628-1060504924-4285088085-1001"}
{"EventID": "28017", "Channel": "Microsoft-Windows-Shell-Core/Operational", "Provider_Name": "Microsoft-Windows-Shell-Core", "Computer": "DESKTOP-OFJ6N53", "TimeCreated": "2025-07-16 10:20:20.603374+00:00", "RecordID": "33539", "Level": "4", "UserID": "S-1-5-21-963789628-1060504924-4285088085-1001"}
{"EventID": "28018", "Channel": "Microsoft-Windows-Shell-Core/Operational", "Provider_Name": "Microsoft-Windows-Shell-Core", "Computer": "DESKTOP-OFJ6N53", "TimeCreated": "2025-07-16 10:20:20.614346+00:00", "RecordID": "33540", "Level": "4", "UserID": "S-1-5-21-963789628-1060504924-4285088085-1001"}
{"EventID": "28017", "Channel": "Microsoft-Windows-Shell-Core/Operational", "Provider_Name": "Microsoft-Windows-Shell-Core", "Computer": "DESKTOP-OFJ6N53", "TimeCreated": "2025-07-16 10:20:22.963501+00:00", "RecordID": "33541", "Level": "4", "UserID": "S-1-5-21-963789628-1060504924-4285088085-1001"}
{"EventID": "28018", "Channel": "Microsoft-Windows-Shell-Core/Operational", "Provider_Name": "Microsoft-Windows-Shell-Core", "Computer": "DESKTOP-OFJ6N53", "TimeCreated": "2025-07-16 10:20:22.971237+00:00", "RecordID": "33542", "Level": "4", "UserID": "S-1-5-21-963789628-1060504924-4285088085-1001"}
{"EventID": "28017", "Channel": "Microsoft-Windows-Shell-Core/Operational", "Provider_Name": "Microsoft-Windows-Shell-Core", "Computer": "DESKTOP-OFJ6N53", "TimeCreated": "2025-07-16 10:20:26.022802+00:00", "RecordID": "33543", "Level": "4", "UserID": "S-1-5-21-963789628-1060504924-4285088085-1001"}
{"EventID": "28018", "Channel": "Microsoft-Windows-Shell-Core/Operational", "Provider_Name": "Microsoft-Windows-Shell-Core", "Computer": "DESKTOP-OFJ6N53", "TimeCreated": "2025-07-16 10:20:26.033562+00:00", "RecordID": "33544", "Level": "4", "UserID": "S-1-5-21-963789628-1060504924-4285088085-1001"}
{"EventID": "28017", "Channel": "Microsoft-Windows-Shell-Core/Operational", "Provider_Name": "Microsoft-Windows-Shell-Core", "Computer": "DESKTOP-OFJ6N53", "TimeCreated": "2025-07-16 10:21:00.623247+00:00", "RecordID": "33545", "Level": "4", "UserID": "S-1-5-21-963789628-1060504924-4285088085-1001"}
{"EventID": "28018", "Channel": "Microsoft-Windows-Shell-Core/Operational", "Provider_Name": "Microsoft-Windows-Shell-Core", "Computer": "DESKTOP-OFJ6N53", "TimeCreated": "2025-07-16 10:21:00.631495+00:00", "RecordID": "33546", "Level": "4", "UserID": "S-1-5-21-963789628-1060504924-4285088085-1001"}
{"EventID": "28017", "Channel": "Microsoft-Windows-Shell-Core/Operational", "Provider_Name": "Microsoft-Windows-Shell-Core", "Computer": "DESKTOP-OFJ6N53", "TimeCreated": "2025-07-16 10:23:14.679995+00:00", "RecordID": "33547", "Level": "4", "UserID": "S-1-5-21-963789628-1060504924-4285088085-1001"}
{"EventID": "28018", "Channel": "Microsoft-Windows-Shell-Core/Operational", "Provider_Name": "Microsoft-Windows-Shell-Core", "Computer": "DESKTOP-OFJ6N53", "TimeCreated": "2025-07-16 10:23:14.690161+00:00", "RecordID": "33548", "Level": "4", "UserID": "S-1-5-21-963789628-1060504924-4285088085-1001"}
{"EventID": "28017", "Channel": "Microsoft-Windows-Shell-Core/Operational", "Provider_Name": "Microsoft-Windows-Shell-Core", "Computer": "DESKTOP-OFJ6N53", "TimeCreated": "2025-07-16 10:23:16.909966+00:00", "RecordID": "33549", "Level": "4", "UserID": "S-1-5-21-963789628-1060504924-4285088085-1001"}
{"EventID": "28018", "Channel": "Microsoft-Windows-Shell-Core/Operational", "Provider_Name": "Microsoft-Windows-Shell-Core", "Computer": "DESKTOP-OFJ6N53", "TimeCreated": "2025-07-16 10:23:16.918489+00:00", "RecordID": "33550", "Level": "4", "UserID": "S-1-5-21-963789628-1060504924-4285088085-1001"}
{"EventID": "28017", "Channel": "Microsoft-Windows-Shell-Core/Operational", "Provider_Name": "Microsoft-Windows-Shell-Core", "Computer": "DESKTOP-OFJ6N53", "TimeCreated": "2025-07-16 10:28:47.467659+00:00", "RecordID": "33551", "Level": "4", "UserID": "S-1-5-21-963789628-1060504924-4285088085-1001"}
{"EventID": "28018", "Channel": "Microsoft-Windows-Shell-Core/Operational", "Provider_Name": "Microsoft-Windows-Shell-Core", "Computer": "DESKTOP-OFJ6N53", "TimeCreated": "2025-07-16 10:28:47.478878+00:00", "RecordID": "33552", "Level": "4", "UserID": "S-1-5-21-963789628-1060504924-4285088085-1001"}
{"EventID": "28017", "Channel": "Microsoft-Windows-Shell-Core/Operational", "Provider_Name": "Microsoft-Windows-Shell-Core", "Computer": "DESKTOP-OFJ6N53", "TimeCreated": "2025-07-16 10:28:50.535023+00:00", "RecordID": "33553", "Level": "4", "UserID": "S-1-5-21-963789628-1060504924-4285088085-1001"}
{"EventID": "28018", "Channel": "Microsoft-Windows-Shell-Core/Operational", "Provider_Name": "Microsoft-Windows-Shell-Core", "Computer": "DESKTOP-OFJ6N53", "TimeCreated": "2025-07-16 10:28:50.544382+00:00", "RecordID": "33554", "Level": "4", "UserID": "S-1-5-21-963789628-1060504924-4285088085-1001"}
{"EventID": "28017", "Channel": "Microsoft-Windows-Shell-Core/Operational", "Provider_Name": "Microsoft-Windows-Shell-Core", "Computer": "DESKTOP-OFJ6N53", "TimeCreated": "2025-07-16 10:28:56.909735+00:00", "RecordID": "33555", "Level": "4", "UserID": "S-1-5-21-963789628-1060504924-4285088085-1001"}
{"EventID": "28018", "Channel": "Microsoft-Windows-Shell-Core/Operational", "Provider_Name": "Microsoft-Windows-Shell-Core", "Computer": "DESKTOP-OFJ6N53", "TimeCreated": "2025-07-16 10:28:56.917122+00:00", "RecordID": "33556", "Level": "4", "UserID": "S-1-5-21-963789628-1060504924-4285088085-1001"}
{"EventID": "28017", "Channel": "Microsoft-Windows-Shell-Core/Operational", "Provider_Name": "Microsoft-Windows-Shell-Core", "Computer": "DESKTOP-OFJ6N53", "TimeCreated": "2025-07-16 10:28:59.458229+00:00", "RecordID": "33557", "Level": "4", "UserID": "S-1-5-21-963789628-1060504924-4285088085-1001"}
{"EventID": "28018", "Channel": "Microsoft-Windows-Shell-Core/Operational", "Provider_Name": "Microsoft-Windows-Shell-Core", "Computer": "DESKTOP-OFJ6N53", "TimeCreated": "2025-07-16 10:28:59.467743+00:00", "RecordID": "33558", "Level": "4", "UserID": "S-1-5-21-963789628-1060504924-4285088085-1001"}
{"EventID": "28017", "Channel": "Microsoft-Windows-Shell-Core/Operational", "Provider_Name": "Microsoft-Windows-Shell-Core", "Computer": "DESKTOP-OFJ6N53", "TimeCreated": "2025-07-16 10:29:02.453615+00:00", "RecordID": "33559", "Level": "4", "UserID": "S-1-5-21-963789628-1060504924-4285088085-1001"}
{"EventID": "28018", "Channel": "Microsoft-Windows-Shell-Core/Operational", "Provider_Name": "Microsoft-Windows-Shell-Core", "Computer": "DESKTOP-OFJ6N53", "TimeCreated": "2025-07-16 10:29:02.462286+00:00", "RecordID": "33560", "Level": "4", "UserID": "S-1-5-21-963789628-1060504924-4285088085-1001"}
{"EventID": "28017", "Channel": "Microsoft-Windows-Shell-Core/Operational", "Provider_Name": "Microsoft-Windows-Shell-Core", "Computer": "DESKTOP-OFJ6N53", "TimeCreated": "2025-07-16 10:29:35.131660+00:00", "RecordID": "33561", "Level": "4", "UserID": "S-1-5-21-963789628-1060504924-4285088085-1001"}
{"EventID": "28018", "Channel": "Microsoft-Windows-Shell-Core/Operational", "Provider_Name": "Microsoft-Windows-Shell-Core", "Computer": "DESKTOP-OFJ6N53", "TimeCreated": "2025-07-16 10:29:35.140471+00:00", "RecordID": "33562", "Level": "4", "UserID": "S-1-5-21-963789628-1060504924-4285088085-1001"}
{"EventID": "28017", "Channel": "Microsoft-Windows-Shell-Core/Operational", "Provider_Name": "Microsoft-Windows-Shell-Core", "Computer": "DESKTOP-OFJ6N53", "TimeCreated": "2025-07-16 10:34:12.619102+00:00", "RecordID": "33563", "Level": "4", "UserID": "S-1-5-21-963789628-1060504924-4285088085-1001"}
{"EventID": "28018", "Channel": "Microsoft-Windows-Shell-Core/Operational", "Provider_Name": "Microsoft-Windows-Shell-Core", "Computer": "DESKTOP-OFJ6N53", "TimeCreated": "2025-07-16 10:34:12.626692+00:00", "RecordID": "33564", "Level": "4", "UserID": "S-1-5-21-963789628-1060504924-4285088085-1001"}
{"EventID": "28017", "Channel": "Microsoft-Windows-Shell-Core/Operational", "Provider_Name": "Microsoft-Windows-Shell-Core", "Computer": "DESKTOP-OFJ6N53", "TimeCreated": "2025-07-16 10:34:14.784922+00:00", "RecordID": "33565", "Level": "4", "UserID": "S-1-5-21-963789628-1060504924-4285088085-1001"}
{"EventID": "28018", "Channel": "Microsoft-Windows-Shell-Core/Operational", "Provider_Name": "Microsoft-Windows-Shell-Core", "Computer": "DESKTOP-OFJ6N53", "TimeCreated": "2025-07-16 10:34:14.794086+00:00", "RecordID": "33566", "Level": "4", "UserID": "S-1-5-21-963789628-1060504924-4285088085-1001"}
{"EventID": "28017", "Channel": "Microsoft-Windows-Shell-Core/Operational", "Provider_Name": "Microsoft-Windows-Shell-Core", "Computer": "DESKTOP-OFJ6N53", "TimeCreated": "2025-07-16 10:42:40.850769+00:00", "RecordID": "33567", "Level": "4", "UserID": "S-1-5-21-963789628-1060504924-4285088085-1001"}
{"EventID": "28018", "Channel": "Microsoft-Windows-Shell-Core/Operational", "Provider_Name": "Microsoft-Windows-Shell-Core", "Computer": "DESKTOP-OFJ6N53", "TimeCreated": "2025-07-16 10:42:40.861706+00:00", "RecordID": "33568", "Level": "4", "UserID": "S-1-5-21-963789628-1060504924-4285088085-1001"}
{"EventID": "28017", "Channel": "Microsoft-Windows-Shell-Core/Operational", "Provider_Name": "Microsoft-Windows-Shell-Core", "Computer": "DESKTOP-OFJ6N53", "TimeCreated": "2025-07-16 10:42:43.848003+00:00", "RecordID": "33569", "Level": "4", "UserID": "S-1-5-21-963789628-1060504924-4285088085-1001"}
{"EventID": "28018", "Channel": "Microsoft-Windows-Shell-Core/Operational", "Provider_Name": "Microsoft-Windows-Shell-Core", "Computer": "DESKTOP-OFJ6N53", "TimeCreated": "2025-07-16 10:42:43.858452+00:00", "RecordID": "33570", "Level": "4", "UserID": "S-1-5-21-963789628-1060504924-4285088085-1001"}
{"EventID": "28017", "Channel": "Microsoft-Windows-Shell-Core/Operational", "Provider_Name": "Microsoft-Windows-Shell-Core", "Computer": "DESKTOP-OFJ6N53", "TimeCreated": "2025-07-16 10:42:50.986113+00:00", "RecordID": "33571", "Level": "4", "UserID": "S-1-5-21-963789628-1060504924-4285088085-1001"}
{"EventID": "28018", "Channel": "Microsoft-Windows-Shell-Core/Operational", "Provider_Name": "Microsoft-Windows-Shell-Core", "Computer": "DESKTOP-OFJ6N53", "TimeCreated": "2025-07-16 10:42:50.993904+00:00", "RecordID": "33572", "Level": "4", "UserID": "S-1-5-21-963789628-1060504924-4285088085-1001"}
{"EventID": "28017", "Channel": "Microsoft-Windows-Shell-Core/Operational", "Provider_Name": "Microsoft-Windows-Shell-Core", "Computer": "DESKTOP-OFJ6N53", "TimeCreated": "2025-07-16 10:42:53.409584+00:00", "RecordID": "33573", "Level": "4", "UserID": "S-1-5-21-963789628-1060504924-4285088085-1001"}
{"EventID": "28018", "Channel": "Microsoft-Windows-Shell-Core/Operational", "Provider_Name": "Microsoft-Windows-Shell-Core", "Computer": "DESKTOP-OFJ6N53", "TimeCreated": "2025-07-16 10:42:53.417616+00:00", "RecordID": "33574", "Level": "4", "UserID": "S-1-5-21-963789628-1060504924-4285088085-1001"}
{"EventID": "28017", "Channel": "Microsoft-Windows-Shell-Core/Operational", "Provider_Name": "Microsoft-Windows-Shell-Core", "Computer": "DESKTOP-OFJ6N53", "TimeCreated": "2025-07-16 10:42:56.378635+00:00", "RecordID": "33575", "Level": "4", "UserID": "S-1-5-21-963789628-1060504924-4285088085-1001"}
{"EventID": "28018", "Channel": "Microsoft-Windows-Shell-Core/Operational", "Provider_Name": "Microsoft-Windows-Shell-Core", "Computer": "DESKTOP-OFJ6N53", "TimeCreated": "2025-07-16 10:42:56.387968+00:00", "RecordID": "33576", "Level": "4", "UserID": "S-1-5-21-963789628-1060504924-4285088085-1001"}
{"EventID": "28017", "Channel": "Microsoft-Windows-Shell-Core/Operational", "Provider_Name": "Microsoft-Windows-Shell-Core", "Computer": "DESKTOP-OFJ6N53", "TimeCreated": "2025-07-16 10:44:20.363724+00:00", "RecordID": "33577", "Level": "4", "UserID": "S-1-5-21-963789628-1060504924-4285088085-1001"}
{"EventID": "28018", "Channel": "Microsoft-Windows-Shell-Core/Operational", "Provider_Name": "Microsoft-Windows-Shell-Core", "Computer": "DESKTOP-OFJ6N53", "TimeCreated": "2025-07-16 10:44:20.373184+00:00", "RecordID": "33578", "Level": "4", "UserID": "S-1-5-21-963789628-1060504924-4285088085-1001"}
{"EventID": "28017", "Channel": "Microsoft-Windows-Shell-Core/Operational", "Provider_Name": "Microsoft-Windows-Shell-Core", "Computer": "DESKTOP-OFJ6N53", "TimeCreated": "2025-07-16 10:44:22.691240+00:00", "RecordID": "33579", "Level": "4", "UserID": "S-1-5-21-963789628-1060504924-4285088085-1001"}
{"EventID": "28018", "Channel": "Microsoft-Windows-Shell-Core/Operational", "Provider_Name": "Microsoft-Windows-Shell-Core", "Computer": "DESKTOP-OFJ6N53", "TimeCreated": "2025-07-16 10:44:22.700005+00:00", "RecordID": "33580", "Level": "4", "UserID": "S-1-5-21-963789628-1060504924-4285088085-1001"}
{"EventID": "28017", "Channel": "Microsoft-Windows-Shell-Core/Operational", "Provider_Name": "Microsoft-Windows-Shell-Core", "Computer": "DESKTOP-OFJ6N53", "TimeCreated": "2025-07-16 11:00:58.691137+00:00", "RecordID": "33581", "Level": "4", "UserID": "S-1-5-21-963789628-1060504924-4285088085-1001"}
{"EventID": "28018", "Channel": "Microsoft-Windows-Shell-Core/Operational", "Provider_Name": "Microsoft-Windows-Shell-Core", "Computer": "DESKTOP-OFJ6N53", "TimeCreated": "2025-07-16 11:00:58.698750+00:00", "RecordID": "33582", "Level": "4", "UserID": "S-1-5-21-963789628-1060504924-4285088085-1001"}
{"EventID": "28017", "Channel": "Microsoft-Windows-Shell-Core/Operational", "Provider_Name": "Microsoft-Windows-Shell-Core", "Computer": "DESKTOP-OFJ6N53", "TimeCreated": "2025-07-16 11:01:51.941389+00:00", "RecordID": "33583", "Level": "4", "UserID": "S-1-5-21-963789628-1060504924-4285088085-1001"}
{"EventID": "28018", "Channel": "Microsoft-Windows-Shell-Core/Operational", "Provider_Name": "Microsoft-Windows-Shell-Core", "Computer": "DESKTOP-OFJ6N53", "TimeCreated": "2025-07-16 11:01:51.950811+00:00", "RecordID": "33584", "Level": "4", "UserID": "S-1-5-21-963789628-1060504924-4285088085-1001"}
{"EventID": "28017", "Channel": "Microsoft-Windows-Shell-Core/Operational", "Provider_Name": "Microsoft-Windows-Shell-Core", "Computer": "DESKTOP-OFJ6N53", "TimeCreated": "2025-07-16 11:02:06.345068+00:00", "RecordID": "33585", "Level": "4", "UserID": "S-1-5-21-963789628-1060504924-4285088085-1001"}
{"EventID": "28018", "Channel": "Microsoft-Windows-Shell-Core/Operational", "Provider_Name": "Microsoft-Windows-Shell-Core", "Computer": "DESKTOP-OFJ6N53", "TimeCreated": "2025-07-16 11:02:06.360430+00:00", "RecordID": "33586", "Level": "4", "UserID": "S-1-5-21-963789628-1060504924-4285088085-1001"}
{"EventID": "28017", "Channel": "Microsoft-Windows-Shell-Core/Operational", "Provider_Name": "Microsoft-Windows-Shell-Core", "Computer": "DESKTOP-OFJ6N53", "TimeCreated": "2025-07-16 11:02:08.581873+00:00", "RecordID": "33587", "Level": "4", "UserID": "S-1-5-21-963789628-1060504924-4285088085-1001"}
{"EventID": "28018", "Channel": "Microsoft-Windows-Shell-Core/Operational", "Provider_Name": "Microsoft-Windows-Shell-Core", "Computer": "DESKTOP-OFJ6N53", "TimeCreated": "2025-07-16 11:02:08.593077+00:00", "RecordID": "33588", "Level": "4", "UserID": "S-1-5-21-963789628-1060504924-4285088085-1001"}
{"EventID": "28017", "Channel": "Microsoft-Windows-Shell-Core/Operational", "Provider_Name": "Microsoft-Windows-Shell-Core", "Computer": "DESKTOP-OFJ6N53", "TimeCreated": "2025-07-16 11:02:11.566275+00:00", "RecordID": "33589", "Level": "4", "UserID": "S-1-5-21-963789628-1060504924-4285088085-1001"}
{"EventID": "28018", "Channel": "Microsoft-Windows-Shell-Core/Operational", "Provider_Name": "Microsoft-Windows-Shell-Core", "Computer": "DESKTOP-OFJ6N53", "TimeCreated": "2025-07-16 11:02:11.575743+00:00", "RecordID": "33590", "Level": "4", "UserID": "S-1-5-21-963789628-1060504924-4285088085-1001"}
{"EventID": "28017", "Channel": "Microsoft-Windows-Shell-Core/Operational", "Provider_Name": "Microsoft-Windows-Shell-Core", "Computer": "DESKTOP-OFJ6N53", "TimeCreated": "2025-07-16 11:02:44.333508+00:00", "RecordID": "33591", "Level": "4", "UserID": "S-1-5-21-963789628-1060504924-4285088085-1001"}
{"EventID": "28018", "Channel": "Microsoft-Windows-Shell-Core/Operational", "Provider_Name": "Microsoft-Windows-Shell-Core", "Computer": "DESKTOP-OFJ6N53", "TimeCreated": "2025-07-16 11:02:44.456301+00:00", "RecordID": "33592", "Level": "4", "UserID": "S-1-5-21-963789628-1060504924-4285088085-1001"}
{"EventID": "28017", "Channel": "Microsoft-Windows-Shell-Core/Operational", "Provider_Name": "Microsoft-Windows-Shell-Core", "Computer": "DESKTOP-OFJ6N53", "TimeCreated": "2025-07-16 11:03:37.066059+00:00", "RecordID": "33593", "Level": "4", "UserID": "S-1-5-21-963789628-1060504924-4285088085-1001"}
{"EventID": "28018", "Channel": "Microsoft-Windows-Shell-Core/Operational", "Provider_Name": "Microsoft-Windows-Shell-Core", "Computer": "DESKTOP-OFJ6N53", "TimeCreated": "2025-07-16 11:03:37.076588+00:00", "RecordID": "33594", "Level": "4", "UserID": "S-1-5-21-963789628-1060504924-4285088085-1001"}
{"EventID": "28017", "Channel": "Microsoft-Windows-Shell-Core/Operational", "Provider_Name": "Microsoft-Windows-Shell-Core", "Computer": "DESKTOP-OFJ6N53", "TimeCreated": "2025-07-16 11:13:46.518986+00:00", "RecordID": "33595", "Level": "4", "UserID": "S-1-5-21-963789628-1060504924-4285088085-1001"}
{"EventID": "28018", "Channel": "Microsoft-Windows-Shell-Core/Operational", "Provider_Name": "Microsoft-Windows-Shell-Core", "Computer": "DESKTOP-OFJ6N53", "TimeCreated": "2025-07-16 11:13:46.531725+00:00", "RecordID": "33596", "Level": "4", "UserID": "S-1-5-21-963789628-1060504924-4285088085-1001"}
{"EventID": "28017", "Channel": "Microsoft-Windows-Shell-Core/Operational", "Provider_Name": "Microsoft-Windows-Shell-Core", "Computer": "DESKTOP-OFJ6N53", "TimeCreated": "2025-07-16 11:13:49.532482+00:00", "RecordID": "33597", "Level": "4", "UserID": "S-1-5-21-963789628-1060504924-4285088085-1001"}
{"EventID": "28018", "Channel": "Microsoft-Windows-Shell-Core/Operational", "Provider_Name": "Microsoft-Windows-Shell-Core", "Computer": "DESKTOP-OFJ6N53", "TimeCreated": "2025-07-16 11:13:49.542610+00:00", "RecordID": "33598", "Level": "4", "UserID": "S-1-5-21-963789628-1060504924-4285088085-1001"}
{"EventID": "28017", "Channel": "Microsoft-Windows-Shell-Core/Operational", "Provider_Name": "Microsoft-Windows-Shell-Core", "Computer": "DESKTOP-OFJ6N53", "TimeCreated": "2025-07-16 11:15:17.347363+00:00", "RecordID": "33599", "Level": "4", "UserID": "S-1-5-21-963789628-1060504924-4285088085-1001"}
