{"EventID": "518", "Channel": "Microsoft-Windows-DeviceManagement-Enterprise-Diagnostics-Provider/Operational", "Provider_Name": "Microsoft-Windows-DeviceManagement-Pushrouter", "Computer": "DESKTOP-OFJ6N53", "TimeCreated": "2022-03-03 17:29:05.433943+00:00", "RecordID": "138", "Level": "4", "UserID": "S-1-5-18", "EventData.HRESULT": "0x00000000"}
{"EventID": "525", "Channel": "Microsoft-Windows-DeviceManagement-Enterprise-Diagnostics-Provider/Operational", "Provider_Name": "Microsoft-Windows-DeviceManagement-Pushrouter", "Computer": "DESKTOP-OFJ6N53", "TimeCreated": "2022-03-03 17:29:05.433950+00:00", "RecordID": "139", "Level": "4", "UserID": "S-1-5-18", "EventData.HexInt1": "0x00000000", "EventData.HRESULT": "0x00000000"}
{"EventID": "514", "Channel": "Microsoft-Windows-DeviceManagement-Enterprise-Diagnostics-Provider/Operational", "Provider_Name": "Microsoft-Windows-DeviceManagement-Pushrouter", "Computer": "DESKTOP-OFJ6N53", "TimeCreated": "2022-03-03 17:29:05.433952+00:00", "RecordID": "140", "Level": "4", "UserID": "S-1-5-18", "EventData.HexInt1": "0x00000004", "EventData.HexInt2": "0x00000000", "EventData.HexInt3": "0x00000000"}
{"EventID": "111", "Channel": "Microsoft-Windows-DeviceManagement-Enterprise-Diagnostics-Provider/Operational", "Provider_Name": "Microsoft-Windows-DeviceManagement-Pushrouter", "Computer": "DESKTOP-OFJ6N53", "TimeCreated": "2022-03-03 17:31:05.289583+00:00", "RecordID": "141", "Level": "4", "UserID": "S-1-5-18", "EventData.Message1": "Checking if all clients are handled", "EventData.HRESULT": "0x00000001"}
{"EventID": "509", "Channel": "Microsoft-Windows-DeviceManagement-Enterprise-Diagnostics-Provider/Operational", "Provider_Name": "Microsoft-Windows-DeviceManagement-Pushrouter", "Computer": "DESKTOP-OFJ6N53", "TimeCreated": "2022-03-03 17:31:05.289600+00:00", "RecordID": "142", "Level": "4", "UserID": "S-1-5-18"}
{"EventID": "511", "Channel": "Microsoft-Windows-DeviceManagement-Enterprise-Diagnostics-Provider/Operational", "Provider_Name": "Microsoft-Windows-DeviceManagement-Pushrouter", "Computer": "DESKTOP-OFJ6N53", "TimeCreated": "2022-03-03 17:31:05.289602+00:00", "RecordID": "143", "Level": "4", "UserID": "S-1-5-18", "EventData.HexInt1": "0x00000078"}
{"EventID": "110", "Channel": "Microsoft-Windows-DeviceManagement-Enterprise-Diagnostics-Provider/Operational", "Provider_Name": "Microsoft-Windows-DeviceManagement-Pushrouter", "Computer": "DESKTOP-OFJ6N53", "TimeCreated": "2022-03-03 17:31:06.956800+00:00", "RecordID": "144", "Level": "4", "UserID": "S-1-5-18", "EventData.HexInt1": "0x00000001"}
{"EventID": "112", "Channel": "Microsoft-Windows-DeviceManagement-Enterprise-Diagnostics-Provider/Operational", "Provider_Name": "Microsoft-Windows-DeviceManagement-Pushrouter", "Computer": "DESKTOP-OFJ6N53", "TimeCreated": "2022-03-03 17:31:06.956802+00:00", "RecordID": "145", "Level": "4", "UserID": "S-1-5-18", "EventData.HexInt1": "0x00000000"}
{"EventID": "111", "Channel": "Microsoft-Windows-DeviceManagement-Enterprise-Diagnostics-Provider/Operational", "Provider_Name": "Microsoft-Windows-DeviceManagement-Pushrouter", "Computer": "DESKTOP-OFJ6N53", "TimeCreated": "2022-03-03 17:33:05.293934+00:00", "RecordID": "146", "Level": "4", "UserID": "S-1-5-18", "EventData.Message1": "Checking if all clients are handled", "EventData.HRESULT": "0x00000000"}
{"EventID": "510", "Channel": "Microsoft-Windows-DeviceManagement-Enterprise-Diagnostics-Provider/Operational", "Provider_Name": "Microsoft-Windows-DeviceManagement-Pushrouter", "Computer": "DESKTOP-OFJ6N53", "TimeCreated": "2022-03-03 17:33:05.293947+00:00", "RecordID": "147", "Level": "4", "UserID": "S-1-5-18"}
{"EventID": "514", "Channel": "Microsoft-Windows-DeviceManagement-Enterprise-Diagnostics-Provider/Operational", "Provider_Name": "Microsoft-Windows-DeviceManagement-Pushrouter", "Computer": "DESKTOP-OFJ6N53", "TimeCreated": "2022-03-03 17:33:05.293972+00:00", "RecordID": "148", "Level": "4", "UserID": "S-1-5-18", "EventData.HexInt1": "0x00000003", "EventData.HexInt2": "0x00000000", "EventData.HexInt3": "0x00000000"}
{"EventID": "106", "Channel": "Microsoft-Windows-DeviceManagement-Enterprise-Diagnostics-Provider/Operational", "Provider_Name": "Microsoft-Windows-DeviceManagement-Pushrouter", "Computer": "DESKTOP-OFJ6N53", "TimeCreated": "2022-03-03 17:33:05.294579+00:00", "RecordID": "149", "Level": "4", "UserID": "S-1-5-18", "EventData.HRESULT": "0x00000000"}
{"EventID": "108", "Channel": "Microsoft-Windows-DeviceManagement-Enterprise-Diagnostics-Provider/Operational", "Provider_Name": "Microsoft-Windows-DeviceManagement-Pushrouter", "Computer": "DESKTOP-OFJ6N53", "TimeCreated": "2022-03-03 17:33:05.294586+00:00", "RecordID": "150", "Level": "4", "UserID": "S-1-5-18", "EventData.HRESULT": "0x00000000"}
{"EventID": "522", "Channel": "Microsoft-Windows-DeviceManagement-Enterprise-Diagnostics-Provider/Operational", "Provider_Name": "Microsoft-Windows-DeviceManagement-Pushrouter", "Computer": "DESKTOP-OFJ6N53", "TimeCreated": "2022-03-03 17:33:05.294611+00:00", "RecordID": "151", "Level": "4", "UserID": "S-1-5-18", "EventData.HRESULT": "0x00000000"}
{"EventID": "513", "Channel": "Microsoft-Windows-DeviceManagement-Enterprise-Diagnostics-Provider/Operational", "Provider_Name": "Microsoft-Windows-DeviceManagement-Pushrouter", "Computer": "DESKTOP-OFJ6N53", "TimeCreated": "2022-03-03 17:33:05.294613+00:00", "RecordID": "152", "Level": "4", "UserID": "S-1-5-18"}
{"EventID": "520", "Channel": "Microsoft-Windows-DeviceManagement-Enterprise-Diagnostics-Provider/Operational", "Provider_Name": "Microsoft-Windows-DeviceManagement-Pushrouter", "Computer": "DESKTOP-OFJ6N53", "TimeCreated": "2022-03-03 17:33:05.294662+00:00", "RecordID": "153", "Level": "4", "UserID": "S-1-5-18", "EventData.HRESULT": "0x00000000"}
{"EventID": "514", "Channel": "Microsoft-Windows-DeviceManagement-Enterprise-Diagnostics-Provider/Operational", "Provider_Name": "Microsoft-Windows-DeviceManagement-Pushrouter", "Computer": "DESKTOP-OFJ6N53", "TimeCreated": "2022-03-03 17:33:05.294666+00:00", "RecordID": "154", "Level": "4", "UserID": "S-1-5-18", "EventData.HexInt1": "0x00000001", "EventData.HexInt2": "0x00000000", "EventData.HexInt3": "0x00000000"}
{"EventID": "524", "Channel": "Microsoft-Windows-DeviceManagement-Enterprise-Diagnostics-Provider/Operational", "Provider_Name": "Microsoft-Windows-DeviceManagement-Pushrouter", "Computer": "DESKTOP-OFJ6N53", "TimeCreated": "2022-03-09 07:51:15.361013+00:00", "RecordID": "155", "Level": "4", "UserID": "S-1-5-18"}
{"EventID": "514", "Channel": "Microsoft-Windows-DeviceManagement-Enterprise-Diagnostics-Provider/Operational", "Provider_Name": "Microsoft-Windows-DeviceManagement-Pushrouter", "Computer": "DESKTOP-OFJ6N53", "TimeCreated": "2022-03-09 07:51:15.361017+00:00", "RecordID": "156", "Level": "4", "UserID": "S-1-5-18", "EventData.HexInt1": "0x00000002", "EventData.HexInt2": "0x00000000", "EventData.HexInt3": "0x00000064"}
{"EventID": "512", "Channel": "Microsoft-Windows-DeviceManagement-Enterprise-Diagnostics-Provider/Operational", "Provider_Name": "Microsoft-Windows-DeviceManagement-Pushrouter", "Computer": "DESKTOP-OFJ6N53", "TimeCreated": "2022-03-09 07:51:15.361122+00:00", "RecordID": "157", "Level": "4", "UserID": "S-1-5-18", "EventData.HexInt1": "0x00000078"}
{"EventID": "111", "Channel": "Microsoft-Windows-DeviceManagement-Enterprise-Diagnostics-Provider/Operational", "Provider_Name": "Microsoft-Windows-DeviceManagement-Pushrouter", "Computer": "DESKTOP-OFJ6N53", "TimeCreated": "2022-03-09 07:51:15.361473+00:00", "RecordID": "158", "Level": "4", "UserID": "S-1-5-18", "EventData.Message1": "Incremented active client count", "EventData.HRESULT": "0x00000000"}
{"EventID": "511", "Channel": "Microsoft-Windows-DeviceManagement-Enterprise-Diagnostics-Provider/Operational", "Provider_Name": "Microsoft-Windows-DeviceManagement-Pushrouter", "Computer": "DESKTOP-OFJ6N53", "TimeCreated": "2022-03-09 07:51:15.361477+00:00", "RecordID": "159", "Level": "4", "UserID": "S-1-5-18", "EventData.HexInt1": "0x00000078"}
{"EventID": "144", "Channel": "Microsoft-Windows-DeviceManagement-Enterprise-Diagnostics-Provider/Operational", "Provider_Name": "Microsoft-Windows-DeviceManagement-Pushrouter", "Computer": "DESKTOP-OFJ6N53", "TimeCreated": "2022-03-09 07:51:15.365591+00:00", "RecordID": "160", "Level": "4", "UserID": "S-1-5-18", "EventData.HRESULT": "0x00000000"}
{"EventID": "507", "Channel": "Microsoft-Windows-DeviceManagement-Enterprise-Diagnostics-Provider/Operational", "Provider_Name": "Microsoft-Windows-DeviceManagement-Pushrouter", "Computer": "DESKTOP-OFJ6N53", "TimeCreated": "2022-03-09 07:51:15.490034+00:00", "RecordID": "161", "Level": "4", "UserID": "S-1-5-18", "EventData.HexInt1": "0x00000000"}
{"EventID": "516", "Channel": "Microsoft-Windows-DeviceManagement-Enterprise-Diagnostics-Provider/Operational", "Provider_Name": "Microsoft-Windows-DeviceManagement-Pushrouter", "Computer": "DESKTOP-OFJ6N53", "TimeCreated": "2022-03-09 07:51:15.490036+00:00", "RecordID": "162", "Level": "4", "UserID": "S-1-5-18", "EventData.HRESULT": "0x00000000"}
{"EventID": "101", "Channel": "Microsoft-Windows-DeviceManagement-Enterprise-Diagnostics-Provider/Operational", "Provider_Name": "Microsoft-Windows-DeviceManagement-Pushrouter", "Computer": "DESKTOP-OFJ6N53", "TimeCreated": "2022-03-09 07:51:15.490826+00:00", "RecordID": "163", "Level": "4", "UserID": "S-1-5-18", "EventData.HRESULT": "0x00000000"}
{"EventID": "111", "Channel": "Microsoft-Windows-DeviceManagement-Enterprise-Diagnostics-Provider/Operational", "Provider_Name": "Microsoft-Windows-DeviceManagement-Pushrouter", "Computer": "DESKTOP-OFJ6N53", "TimeCreated": "2022-03-09 07:51:15.491711+00:00", "RecordID": "164", "Level": "4", "UserID": "S-1-5-18", "EventData.Message1": "Incremented active client count successfully", "EventData.HRESULT": "0x00000001"}
{"EventID": "104", "Channel": "Microsoft-Windows-DeviceManagement-Enterprise-Diagnostics-Provider/Operational", "Provider_Name": "Microsoft-Windows-DeviceManagement-Pushrouter", "Computer": "DESKTOP-OFJ6N53", "TimeCreated": "2022-03-09 07:51:15.491713+00:00", "RecordID": "165", "Level": "4", "UserID": "S-1-5-18", "EventData.HRESULT": "0x00000000"}
{"EventID": "518", "Channel": "Microsoft-Windows-DeviceManagement-Enterprise-Diagnostics-Provider/Operational", "Provider_Name": "Microsoft-Windows-DeviceManagement-Pushrouter", "Computer": "DESKTOP-OFJ6N53", "TimeCreated": "2022-03-09 07:51:15.491714+00:00", "RecordID": "166", "Level": "4", "UserID": "S-1-5-18", "EventData.HRESULT": "0x00000000"}
{"EventID": "525", "Channel": "Microsoft-Windows-DeviceManagement-Enterprise-Diagnostics-Provider/Operational", "Provider_Name": "Microsoft-Windows-DeviceManagement-Pushrouter", "Computer": "DESKTOP-OFJ6N53", "TimeCreated": "2022-03-09 07:51:15.491720+00:00", "RecordID": "167", "Level": "4", "UserID": "S-1-5-18", "EventData.HexInt1": "0x00000000", "EventData.HRESULT": "0x00000000"}
{"EventID": "514", "Channel": "Microsoft-Windows-DeviceManagement-Enterprise-Diagnostics-Provider/Operational", "Provider_Name": "Microsoft-Windows-DeviceManagement-Pushrouter", "Computer": "DESKTOP-OFJ6N53", "TimeCreated": "2022-03-09 07:51:15.491724+00:00", "RecordID": "168", "Level": "4", "UserID": "S-1-5-18", "EventData.HexInt1": "0x00000004", "EventData.HexInt2": "0x00000000", "EventData.HexInt3": "0x00000000"}
{"EventID": "111", "Channel": "Microsoft-Windows-DeviceManagement-Enterprise-Diagnostics-Provider/Operational", "Provider_Name": "Microsoft-Windows-DeviceManagement-Pushrouter", "Computer": "DESKTOP-OFJ6N53", "TimeCreated": "2022-03-09 07:53:15.361952+00:00", "RecordID": "169", "Level": "4", "UserID": "S-1-5-18", "EventData.Message1": "Checking if all clients are handled", "EventData.HRESULT": "0x00000001"}
{"EventID": "509", "Channel": "Microsoft-Windows-DeviceManagement-Enterprise-Diagnostics-Provider/Operational", "Provider_Name": "Microsoft-Windows-DeviceManagement-Pushrouter", "Computer": "DESKTOP-OFJ6N53", "TimeCreated": "2022-03-09 07:53:15.361959+00:00", "RecordID": "170", "Level": "4", "UserID": "S-1-5-18"}
{"EventID": "511", "Channel": "Microsoft-Windows-DeviceManagement-Enterprise-Diagnostics-Provider/Operational", "Provider_Name": "Microsoft-Windows-DeviceManagement-Pushrouter", "Computer": "DESKTOP-OFJ6N53", "TimeCreated": "2022-03-09 07:53:15.361959+00:00", "RecordID": "171", "Level": "4", "UserID": "S-1-5-18", "EventData.HexInt1": "0x00000078"}
{"EventID": "110", "Channel": "Microsoft-Windows-DeviceManagement-Enterprise-Diagnostics-Provider/Operational", "Provider_Name": "Microsoft-Windows-DeviceManagement-Pushrouter", "Computer": "DESKTOP-OFJ6N53", "TimeCreated": "2022-03-09 07:53:16.950340+00:00", "RecordID": "172", "Level": "4", "UserID": "S-1-5-18", "EventData.HexInt1": "0x00000001"}
{"EventID": "112", "Channel": "Microsoft-Windows-DeviceManagement-Enterprise-Diagnostics-Provider/Operational", "Provider_Name": "Microsoft-Windows-DeviceManagement-Pushrouter", "Computer": "DESKTOP-OFJ6N53", "TimeCreated": "2022-03-09 07:53:16.950342+00:00", "RecordID": "173", "Level": "4", "UserID": "S-1-5-18", "EventData.HexInt1": "0x00000000"}
{"EventID": "111", "Channel": "Microsoft-Windows-DeviceManagement-Enterprise-Diagnostics-Provider/Operational", "Provider_Name": "Microsoft-Windows-DeviceManagement-Pushrouter", "Computer": "DESKTOP-OFJ6N53", "TimeCreated": "2022-03-09 07:55:15.363068+00:00", "RecordID": "174", "Level": "4", "UserID": "S-1-5-18", "EventData.Message1": "Checking if all clients are handled", "EventData.HRESULT": "0x00000000"}
{"EventID": "510", "Channel": "Microsoft-Windows-DeviceManagement-Enterprise-Diagnostics-Provider/Operational", "Provider_Name": "Microsoft-Windows-DeviceManagement-Pushrouter", "Computer": "DESKTOP-OFJ6N53", "TimeCreated": "2022-03-09 07:55:15.363079+00:00", "RecordID": "175", "Level": "4", "UserID": "S-1-5-18"}
{"EventID": "514", "Channel": "Microsoft-Windows-DeviceManagement-Enterprise-Diagnostics-Provider/Operational", "Provider_Name": "Microsoft-Windows-DeviceManagement-Pushrouter", "Computer": "DESKTOP-OFJ6N53", "TimeCreated": "2022-03-09 07:55:15.363081+00:00", "RecordID": "176", "Level": "4", "UserID": "S-1-5-18", "EventData.HexInt1": "0x00000003", "EventData.HexInt2": "0x00000000", "EventData.HexInt3": "0x00000000"}
{"EventID": "106", "Channel": "Microsoft-Windows-DeviceManagement-Enterprise-Diagnostics-Provider/Operational", "Provider_Name": "Microsoft-Windows-DeviceManagement-Pushrouter", "Computer": "DESKTOP-OFJ6N53", "TimeCreated": "2022-03-09 07:55:15.363504+00:00", "RecordID": "177", "Level": "4", "UserID": "S-1-5-18", "EventData.HRESULT": "0x00000000"}
{"EventID": "108", "Channel": "Microsoft-Windows-DeviceManagement-Enterprise-Diagnostics-Provider/Operational", "Provider_Name": "Microsoft-Windows-DeviceManagement-Pushrouter", "Computer": "DESKTOP-OFJ6N53", "TimeCreated": "2022-03-09 07:55:15.363512+00:00", "RecordID": "178", "Level": "4", "UserID": "S-1-5-18", "EventData.HRESULT": "0x00000000"}
{"EventID": "522", "Channel": "Microsoft-Windows-DeviceManagement-Enterprise-Diagnostics-Provider/Operational", "Provider_Name": "Microsoft-Windows-DeviceManagement-Pushrouter", "Computer": "DESKTOP-OFJ6N53", "TimeCreated": "2022-03-09 07:55:15.363529+00:00", "RecordID": "179", "Level": "4", "UserID": "S-1-5-18", "EventData.HRESULT": "0x00000000"}
{"EventID": "513", "Channel": "Microsoft-Windows-DeviceManagement-Enterprise-Diagnostics-Provider/Operational", "Provider_Name": "Microsoft-Windows-DeviceManagement-Pushrouter", "Computer": "DESKTOP-OFJ6N53", "TimeCreated": "2022-03-09 07:55:15.363533+00:00", "RecordID": "180", "Level": "4", "UserID": "S-1-5-18"}
{"EventID": "520", "Channel": "Microsoft-Windows-DeviceManagement-Enterprise-Diagnostics-Provider/Operational", "Provider_Name": "Microsoft-Windows-DeviceManagement-Pushrouter", "Computer": "DESKTOP-OFJ6N53", "TimeCreated": "2022-03-09 07:55:15.363562+00:00", "RecordID": "181", "Level": "4", "UserID": "S-1-5-18", "EventData.HRESULT": "0x00000000"}
{"EventID": "514", "Channel": "Microsoft-Windows-DeviceManagement-Enterprise-Diagnostics-Provider/Operational", "Provider_Name": "Microsoft-Windows-DeviceManagement-Pushrouter", "Computer": "DESKTOP-OFJ6N53", "TimeCreated": "2022-03-09 07:55:15.363564+00:00", "RecordID": "182", "Level": "4", "UserID": "S-1-5-18", "EventData.HexInt1": "0x00000001", "EventData.HexInt2": "0x00000000", "EventData.HexInt3": "0x00000000"}
{"EventID": "524", "Channel": "Microsoft-Windows-DeviceManagement-Enterprise-Diagnostics-Provider/Operational", "Provider_Name": "Microsoft-Windows-DeviceManagement-Pushrouter", "Computer": "DESKTOP-OFJ6N53", "TimeCreated": "2022-03-09 10:29:39.495384+00:00", "RecordID": "183", "Level": "4", "UserID": "S-1-5-18"}
{"EventID": "514", "Channel": "Microsoft-Windows-DeviceManagement-Enterprise-Diagnostics-Provider/Operational", "Provider_Name": "Microsoft-Windows-DeviceManagement-Pushrouter", "Computer": "DESKTOP-OFJ6N53", "TimeCreated": "2022-03-09 10:29:39.495386+00:00", "RecordID": "184", "Level": "4", "UserID": "S-1-5-18", "EventData.HexInt1": "0x00000002", "EventData.HexInt2": "0x00000000", "EventData.HexInt3": "0x00000064"}
{"EventID": "512", "Channel": "Microsoft-Windows-DeviceManagement-Enterprise-Diagnostics-Provider/Operational", "Provider_Name": "Microsoft-Windows-DeviceManagement-Pushrouter", "Computer": "DESKTOP-OFJ6N53", "TimeCreated": "2022-03-09 10:29:39.495502+00:00", "RecordID": "185", "Level": "4", "UserID": "S-1-5-18", "EventData.HexInt1": "0x00000078"}
{"EventID": "111", "Channel": "Microsoft-Windows-DeviceManagement-Enterprise-Diagnostics-Provider/Operational", "Provider_Name": "Microsoft-Windows-DeviceManagement-Pushrouter", "Computer": "DESKTOP-OFJ6N53", "TimeCreated": "2022-03-09 10:29:39.496853+00:00", "RecordID": "186", "Level": "4", "UserID": "S-1-5-18", "EventData.Message1": "Incremented active client count", "EventData.HRESULT": "0x00000000"}
{"EventID": "511", "Channel": "Microsoft-Windows-DeviceManagement-Enterprise-Diagnostics-Provider/Operational", "Provider_Name": "Microsoft-Windows-DeviceManagement-Pushrouter", "Computer": "DESKTOP-OFJ6N53", "TimeCreated": "2022-03-09 10:29:39.496859+00:00", "RecordID": "187", "Level": "4", "UserID": "S-1-5-18", "EventData.HexInt1": "0x00000078"}
{"EventID": "144", "Channel": "Microsoft-Windows-DeviceManagement-Enterprise-Diagnostics-Provider/Operational", "Provider_Name": "Microsoft-Windows-DeviceManagement-Pushrouter", "Computer": "DESKTOP-OFJ6N53", "TimeCreated": "2022-03-09 10:29:39.503845+00:00", "RecordID": "188", "Level": "4", "UserID": "S-1-5-18", "EventData.HRESULT": "0x00000000"}
{"EventID": "507", "Channel": "Microsoft-Windows-DeviceManagement-Enterprise-Diagnostics-Provider/Operational", "Provider_Name": "Microsoft-Windows-DeviceManagement-Pushrouter", "Computer": "DESKTOP-OFJ6N53", "TimeCreated": "2022-03-09 10:29:39.713991+00:00", "RecordID": "189", "Level": "4", "UserID": "S-1-5-18", "EventData.HexInt1": "0x00000000"}
{"EventID": "516", "Channel": "Microsoft-Windows-DeviceManagement-Enterprise-Diagnostics-Provider/Operational", "Provider_Name": "Microsoft-Windows-DeviceManagement-Pushrouter", "Computer": "DESKTOP-OFJ6N53", "TimeCreated": "2022-03-09 10:29:39.713995+00:00", "RecordID": "190", "Level": "4", "UserID": "S-1-5-18", "EventData.HRESULT": "0x00000000"}
{"EventID": "101", "Channel": "Microsoft-Windows-DeviceManagement-Enterprise-Diagnostics-Provider/Operational", "Provider_Name": "Microsoft-Windows-DeviceManagement-Pushrouter", "Computer": "DESKTOP-OFJ6N53", "TimeCreated": "2022-03-09 10:29:39.714624+00:00", "RecordID": "191", "Level": "4", "UserID": "S-1-5-18", "EventData.HRESULT": "0x00000000"}
{"EventID": "111", "Channel": "Microsoft-Windows-DeviceManagement-Enterprise-Diagnostics-Provider/Operational", "Provider_Name": "Microsoft-Windows-DeviceManagement-Pushrouter", "Computer": "DESKTOP-OFJ6N53", "TimeCreated": "2022-03-09 10:29:39.715372+00:00", "RecordID": "192", "Level": "4", "UserID": "S-1-5-18", "EventData.Message1": "Incremented active client count successfully", "EventData.HRESULT": "0x00000001"}
{"EventID": "104", "Channel": "Microsoft-Windows-DeviceManagement-Enterprise-Diagnostics-Provider/Operational", "Provider_Name": "Microsoft-Windows-DeviceManagement-Pushrouter", "Computer": "DESKTOP-OFJ6N53", "TimeCreated": "2022-03-09 10:29:39.715376+00:00", "RecordID": "193", "Level": "4", "UserID": "S-1-5-18", "EventData.HRESULT": "0x00000000"}
{"EventID": "518", "Channel": "Microsoft-Windows-DeviceManagement-Enterprise-Diagnostics-Provider/Operational", "Provider_Name": "Microsoft-Windows-DeviceManagement-Pushrouter", "Computer": "DESKTOP-OFJ6N53", "TimeCreated": "2022-03-09 10:29:39.715378+00:00", "RecordID": "194", "Level": "4", "UserID": "S-1-5-18", "EventData.HRESULT": "0x00000000"}
{"EventID": "525", "Channel": "Microsoft-Windows-DeviceManagement-Enterprise-Diagnostics-Provider/Operational", "Provider_Name": "Microsoft-Windows-DeviceManagement-Pushrouter", "Computer": "DESKTOP-OFJ6N53", "TimeCreated": "2022-03-09 10:29:39.715387+00:00", "RecordID": "195", "Level": "4", "UserID": "S-1-5-18", "EventData.HexInt1": "0x00000000", "EventData.HRESULT": "0x00000000"}
{"EventID": "514", "Channel": "Microsoft-Windows-DeviceManagement-Enterprise-Diagnostics-Provider/Operational", "Provider_Name": "Microsoft-Windows-DeviceManagement-Pushrouter", "Computer": "DESKTOP-OFJ6N53", "TimeCreated": "2022-03-09 10:29:39.715387+00:00", "RecordID": "196", "Level": "4", "UserID": "S-1-5-18", "EventData.HexInt1": "0x00000004", "EventData.HexInt2": "0x00000000", "EventData.HexInt3": "0x00000000"}
{"EventID": "111", "Channel": "Microsoft-Windows-DeviceManagement-Enterprise-Diagnostics-Provider/Operational", "Provider_Name": "Microsoft-Windows-DeviceManagement-Pushrouter", "Computer": "DESKTOP-OFJ6N53", "TimeCreated": "2022-03-09 10:31:39.531704+00:00", "RecordID": "197", "Level": "4", "UserID": "S-1-5-18", "EventData.Message1": "Checking if all clients are handled", "EventData.HRESULT": "0x00000001"}
{"EventID": "509", "Channel": "Microsoft-Windows-DeviceManagement-Enterprise-Diagnostics-Provider/Operational", "Provider_Name": "Microsoft-Windows-DeviceManagement-Pushrouter", "Computer": "DESKTOP-OFJ6N53", "TimeCreated": "2022-03-09 10:31:39.531708+00:00", "RecordID": "198", "Level": "4", "UserID": "S-1-5-18"}
{"EventID": "511", "Channel": "Microsoft-Windows-DeviceManagement-Enterprise-Diagnostics-Provider/Operational", "Provider_Name": "Microsoft-Windows-DeviceManagement-Pushrouter", "Computer": "DESKTOP-OFJ6N53", "TimeCreated": "2022-03-09 10:31:39.531708+00:00", "RecordID": "199", "Level": "4", "UserID": "S-1-5-18", "EventData.HexInt1": "0x00000078"}
{"EventID": "110", "Channel": "Microsoft-Windows-DeviceManagement-Enterprise-Diagnostics-Provider/Operational", "Provider_Name": "Microsoft-Windows-DeviceManagement-Pushrouter", "Computer": "DESKTOP-OFJ6N53", "TimeCreated": "2022-03-09 10:31:41.261799+00:00", "RecordID": "200", "Level": "4", "UserID": "S-1-5-18", "EventData.HexInt1": "0x00000001"}
{"EventID": "112", "Channel": "Microsoft-Windows-DeviceManagement-Enterprise-Diagnostics-Provider/Operational", "Provider_Name": "Microsoft-Windows-DeviceManagement-Pushrouter", "Computer": "DESKTOP-OFJ6N53", "TimeCreated": "2022-03-09 10:31:41.261801+00:00", "RecordID": "201", "Level": "4", "UserID": "S-1-5-18", "EventData.HexInt1": "0x00000000"}
{"EventID": "111", "Channel": "Microsoft-Windows-DeviceManagement-Enterprise-Diagnostics-Provider/Operational", "Provider_Name": "Microsoft-Windows-DeviceManagement-Pushrouter", "Computer": "DESKTOP-OFJ6N53", "TimeCreated": "2022-03-09 10:33:39.545139+00:00", "RecordID": "202", "Level": "4", "UserID": "S-1-5-18", "EventData.Message1": "Checking if all clients are handled", "EventData.HRESULT": "0x00000000"}
{"EventID": "510", "Channel": "Microsoft-Windows-DeviceManagement-Enterprise-Diagnostics-Provider/Operational", "Provider_Name": "Microsoft-Windows-DeviceManagement-Pushrouter", "Computer": "DESKTOP-OFJ6N53", "TimeCreated": "2022-03-09 10:33:39.545155+00:00", "RecordID": "203", "Level": "4", "UserID": "S-1-5-18"}
{"EventID": "514", "Channel": "Microsoft-Windows-DeviceManagement-Enterprise-Diagnostics-Provider/Operational", "Provider_Name": "Microsoft-Windows-DeviceManagement-Pushrouter", "Computer": "DESKTOP-OFJ6N53", "TimeCreated": "2022-03-09 10:33:39.545158+00:00", "RecordID": "204", "Level": "4", "UserID": "S-1-5-18", "EventData.HexInt1": "0x00000003", "EventData.HexInt2": "0x00000000", "EventData.HexInt3": "0x00000000"}
{"EventID": "106", "Channel": "Microsoft-Windows-DeviceManagement-Enterprise-Diagnostics-Provider/Operational", "Provider_Name": "Microsoft-Windows-DeviceManagement-Pushrouter", "Computer": "DESKTOP-OFJ6N53", "TimeCreated": "2022-03-09 10:33:39.545757+00:00", "RecordID": "205", "Level": "4", "UserID": "S-1-5-18", "EventData.HRESULT": "0x00000000"}
{"EventID": "108", "Channel": "Microsoft-Windows-DeviceManagement-Enterprise-Diagnostics-Provider/Operational", "Provider_Name": "Microsoft-Windows-DeviceManagement-Pushrouter", "Computer": "DESKTOP-OFJ6N53", "TimeCreated": "2022-03-09 10:33:39.545765+00:00", "RecordID": "206", "Level": "4", "UserID": "S-1-5-18", "EventData.HRESULT": "0x00000000"}
{"EventID": "522", "Channel": "Microsoft-Windows-DeviceManagement-Enterprise-Diagnostics-Provider/Operational", "Provider_Name": "Microsoft-Windows-DeviceManagement-Pushrouter", "Computer": "DESKTOP-OFJ6N53", "TimeCreated": "2022-03-09 10:33:39.545784+00:00", "RecordID": "207", "Level": "4", "UserID": "S-1-5-18", "EventData.HRESULT": "0x00000000"}
{"EventID": "513", "Channel": "Microsoft-Windows-DeviceManagement-Enterprise-Diagnostics-Provider/Operational", "Provider_Name": "Microsoft-Windows-DeviceManagement-Pushrouter", "Computer": "DESKTOP-OFJ6N53", "TimeCreated": "2022-03-09 10:33:39.545786+00:00", "RecordID": "208", "Level": "4", "UserID": "S-1-5-18"}
{"EventID": "520", "Channel": "Microsoft-Windows-DeviceManagement-Enterprise-Diagnostics-Provider/Operational", "Provider_Name": "Microsoft-Windows-DeviceManagement-Pushrouter", "Computer": "DESKTOP-OFJ6N53", "TimeCreated": "2022-03-09 10:33:39.545822+00:00", "RecordID": "209", "Level": "4", "UserID": "S-1-5-18", "EventData.HRESULT": "0x00000000"}
{"EventID": "514", "Channel": "Microsoft-Windows-DeviceManagement-Enterprise-Diagnostics-Provider/Operational", "Provider_Name": "Microsoft-Windows-DeviceManagement-Pushrouter", "Computer": "DESKTOP-OFJ6N53", "TimeCreated": "2022-03-09 10:33:39.545826+00:00", "RecordID": "210", "Level": "4", "UserID": "S-1-5-18", "EventData.HexInt1": "0x00000001", "EventData.HexInt2": "0x00000000", "EventData.HexInt3": "0x00000000"}
{"EventID": "524", "Channel": "Microsoft-Windows-DeviceManagement-Enterprise-Diagnostics-Provider/Operational", "Provider_Name": "Microsoft-Windows-DeviceManagement-Pushrouter", "Computer": "DESKTOP-OFJ6N53", "TimeCreated": "2022-03-09 11:18:12.385046+00:00", "RecordID": "211", "Level": "4", "UserID": "S-1-5-18"}
{"EventID": "514", "Channel": "Microsoft-Windows-DeviceManagement-Enterprise-Diagnostics-Provider/Operational", "Provider_Name": "Microsoft-Windows-DeviceManagement-Pushrouter", "Computer": "DESKTOP-OFJ6N53", "TimeCreated": "2022-03-09 11:18:12.385048+00:00", "RecordID": "212", "Level": "4", "UserID": "S-1-5-18", "EventData.HexInt1": "0x00000002", "EventData.HexInt2": "0x00000000", "EventData.HexInt3": "0x00000064"}
{"EventID": "512", "Channel": "Microsoft-Windows-DeviceManagement-Enterprise-Diagnostics-Provider/Operational", "Provider_Name": "Microsoft-Windows-DeviceManagement-Pushrouter", "Computer": "DESKTOP-OFJ6N53", "TimeCreated": "2022-03-09 11:18:12.385149+00:00", "RecordID": "213", "Level": "4", "UserID": "S-1-5-18", "EventData.HexInt1": "0x00000078"}
{"EventID": "111", "Channel": "Microsoft-Windows-DeviceManagement-Enterprise-Diagnostics-Provider/Operational", "Provider_Name": "Microsoft-Windows-DeviceManagement-Pushrouter", "Computer": "DESKTOP-OFJ6N53", "TimeCreated": "2022-03-09 11:18:12.385155+00:00", "RecordID": "214", "Level": "4", "UserID": "S-1-5-18", "EventData.Message1": "Incremented active client count", "EventData.HRESULT": "0x00000000"}
{"EventID": "511", "Channel": "Microsoft-Windows-DeviceManagement-Enterprise-Diagnostics-Provider/Operational", "Provider_Name": "Microsoft-Windows-DeviceManagement-Pushrouter", "Computer": "DESKTOP-OFJ6N53", "TimeCreated": "2022-03-09 11:18:12.385159+00:00", "RecordID": "215", "Level": "4", "UserID": "S-1-5-18", "EventData.HexInt1": "0x00000078"}
{"EventID": "144", "Channel": "Microsoft-Windows-DeviceManagement-Enterprise-Diagnostics-Provider/Operational", "Provider_Name": "Microsoft-Windows-DeviceManagement-Pushrouter", "Computer": "DESKTOP-OFJ6N53", "TimeCreated": "2022-03-09 11:18:12.392704+00:00", "RecordID": "216", "Level": "4", "UserID": "S-1-5-18", "EventData.HRESULT": "0x00000000"}
{"EventID": "507", "Channel": "Microsoft-Windows-DeviceManagement-Enterprise-Diagnostics-Provider/Operational", "Provider_Name": "Microsoft-Windows-DeviceManagement-Pushrouter", "Computer": "DESKTOP-OFJ6N53", "TimeCreated": "2022-03-09 11:18:12.591839+00:00", "RecordID": "217", "Level": "4", "UserID": "S-1-5-18", "EventData.HexInt1": "0x00000000"}
{"EventID": "516", "Channel": "Microsoft-Windows-DeviceManagement-Enterprise-Diagnostics-Provider/Operational", "Provider_Name": "Microsoft-Windows-DeviceManagement-Pushrouter", "Computer": "DESKTOP-OFJ6N53", "TimeCreated": "2022-03-09 11:18:12.591843+00:00", "RecordID": "218", "Level": "4", "UserID": "S-1-5-18", "EventData.HRESULT": "0x00000000"}
{"EventID": "101", "Channel": "Microsoft-Windows-DeviceManagement-Enterprise-Diagnostics-Provider/Operational", "Provider_Name": "Microsoft-Windows-DeviceManagement-Pushrouter", "Computer": "DESKTOP-OFJ6N53", "TimeCreated": "2022-03-09 11:18:12.592205+00:00", "RecordID": "219", "Level": "4", "UserID": "S-1-5-18", "EventData.HRESULT": "0x00000000"}
{"EventID": "111", "Channel": "Microsoft-Windows-DeviceManagement-Enterprise-Diagnostics-Provider/Operational", "Provider_Name": "Microsoft-Windows-DeviceManagement-Pushrouter", "Computer": "DESKTOP-OFJ6N53", "TimeCreated": "2022-03-09 11:18:12.593143+00:00", "RecordID": "220", "Level": "4", "UserID": "S-1-5-18", "EventData.Message1": "Incremented active client count successfully", "EventData.HRESULT": "0x00000001"}
{"EventID": "104", "Channel": "Microsoft-Windows-DeviceManagement-Enterprise-Diagnostics-Provider/Operational", "Provider_Name": "Microsoft-Windows-DeviceManagement-Pushrouter", "Computer": "DESKTOP-OFJ6N53", "TimeCreated": "2022-03-09 11:18:12.593147+00:00", "RecordID": "221", "Level": "4", "UserID": "S-1-5-18", "EventData.HRESULT": "0x00000000"}
{"EventID": "518", "Channel": "Microsoft-Windows-DeviceManagement-Enterprise-Diagnostics-Provider/Operational", "Provider_Name": "Microsoft-Windows-DeviceManagement-Pushrouter", "Computer": "DESKTOP-OFJ6N53", "TimeCreated": "2022-03-09 11:18:12.593147+00:00", "RecordID": "222", "Level": "4", "UserID": "S-1-5-18", "EventData.HRESULT": "0x00000000"}
{"EventID": "525", "Channel": "Microsoft-Windows-DeviceManagement-Enterprise-Diagnostics-Provider/Operational", "Provider_Name": "Microsoft-Windows-DeviceManagement-Pushrouter", "Computer": "DESKTOP-OFJ6N53", "TimeCreated": "2022-03-09 11:18:12.593155+00:00", "RecordID": "223", "Level": "4", "UserID": "S-1-5-18", "EventData.HexInt1": "0x00000000", "EventData.HRESULT": "0x00000000"}
{"EventID": "514", "Channel": "Microsoft-Windows-DeviceManagement-Enterprise-Diagnostics-Provider/Operational", "Provider_Name": "Microsoft-Windows-DeviceManagement-Pushrouter", "Computer": "DESKTOP-OFJ6N53", "TimeCreated": "2022-03-09 11:18:12.593157+00:00", "RecordID": "224", "Level": "4", "UserID": "S-1-5-18", "EventData.HexInt1": "0x00000004", "EventData.HexInt2": "0x00000000", "EventData.HexInt3": "0x00000000"}
{"EventID": "111", "Channel": "Microsoft-Windows-DeviceManagement-Enterprise-Diagnostics-Provider/Operational", "Provider_Name": "Microsoft-Windows-DeviceManagement-Pushrouter", "Computer": "DESKTOP-OFJ6N53", "TimeCreated": "2022-03-09 11:20:12.382421+00:00", "RecordID": "225", "Level": "4", "UserID": "S-1-5-18", "EventData.Message1": "Checking if all clients are handled", "EventData.HRESULT": "0x00000001"}
{"EventID": "509", "Channel": "Microsoft-Windows-DeviceManagement-Enterprise-Diagnostics-Provider/Operational", "Provider_Name": "Microsoft-Windows-DeviceManagement-Pushrouter", "Computer": "DESKTOP-OFJ6N53", "TimeCreated": "2022-03-09 11:20:12.382427+00:00", "RecordID": "226", "Level": "4", "UserID": "S-1-5-18"}
{"EventID": "511", "Channel": "Microsoft-Windows-DeviceManagement-Enterprise-Diagnostics-Provider/Operational", "Provider_Name": "Microsoft-Windows-DeviceManagement-Pushrouter", "Computer": "DESKTOP-OFJ6N53", "TimeCreated": "2022-03-09 11:20:12.382429+00:00", "RecordID": "227", "Level": "4", "UserID": "S-1-5-18", "EventData.HexInt1": "0x00000078"}
{"EventID": "110", "Channel": "Microsoft-Windows-DeviceManagement-Enterprise-Diagnostics-Provider/Operational", "Provider_Name": "Microsoft-Windows-DeviceManagement-Pushrouter", "Computer": "DESKTOP-OFJ6N53", "TimeCreated": "2022-03-09 11:20:14.377161+00:00", "RecordID": "228", "Level": "4", "UserID": "S-1-5-18", "EventData.HexInt1": "0x00000001"}
{"EventID": "112", "Channel": "Microsoft-Windows-DeviceManagement-Enterprise-Diagnostics-Provider/Operational", "Provider_Name": "Microsoft-Windows-DeviceManagement-Pushrouter", "Computer": "DESKTOP-OFJ6N53", "TimeCreated": "2022-03-09 11:20:14.377163+00:00", "RecordID": "229", "Level": "4", "UserID": "S-1-5-18", "EventData.HexInt1": "0x00000000"}
{"EventID": "111", "Channel": "Microsoft-Windows-DeviceManagement-Enterprise-Diagnostics-Provider/Operational", "Provider_Name": "Microsoft-Windows-DeviceManagement-Pushrouter", "Computer": "DESKTOP-OFJ6N53", "TimeCreated": "2022-03-09 11:22:12.395979+00:00", "RecordID": "230", "Level": "4", "UserID": "S-1-5-18", "EventData.Message1": "Checking if all clients are handled", "EventData.HRESULT": "0x00000000"}
{"EventID": "510", "Channel": "Microsoft-Windows-DeviceManagement-Enterprise-Diagnostics-Provider/Operational", "Provider_Name": "Microsoft-Windows-DeviceManagement-Pushrouter", "Computer": "DESKTOP-OFJ6N53", "TimeCreated": "2022-03-09 11:22:12.396112+00:00", "RecordID": "231", "Level": "4", "UserID": "S-1-5-18"}
{"EventID": "514", "Channel": "Microsoft-Windows-DeviceManagement-Enterprise-Diagnostics-Provider/Operational", "Provider_Name": "Microsoft-Windows-DeviceManagement-Pushrouter", "Computer": "DESKTOP-OFJ6N53", "TimeCreated": "2022-03-09 11:22:12.399792+00:00", "RecordID": "232", "Level": "4", "UserID": "S-1-5-18", "EventData.HexInt1": "0x00000003", "EventData.HexInt2": "0x00000000", "EventData.HexInt3": "0x00000000"}
{"EventID": "106", "Channel": "Microsoft-Windows-DeviceManagement-Enterprise-Diagnostics-Provider/Operational", "Provider_Name": "Microsoft-Windows-DeviceManagement-Pushrouter", "Computer": "DESKTOP-OFJ6N53", "TimeCreated": "2022-03-09 11:22:12.400282+00:00", "RecordID": "233", "Level": "4", "UserID": "S-1-5-18", "EventData.HRESULT": "0x00000000"}
{"EventID": "108", "Channel": "Microsoft-Windows-DeviceManagement-Enterprise-Diagnostics-Provider/Operational", "Provider_Name": "Microsoft-Windows-DeviceManagement-Pushrouter", "Computer": "DESKTOP-OFJ6N53", "TimeCreated": "2022-03-09 11:22:12.400290+00:00", "RecordID": "234", "Level": "4", "UserID": "S-1-5-18", "EventData.HRESULT": "0x00000000"}
{"EventID": "522", "Channel": "Microsoft-Windows-DeviceManagement-Enterprise-Diagnostics-Provider/Operational", "Provider_Name": "Microsoft-Windows-DeviceManagement-Pushrouter", "Computer": "DESKTOP-OFJ6N53", "TimeCreated": "2022-03-09 11:22:12.400311+00:00", "RecordID": "235", "Level": "4", "UserID": "S-1-5-18", "EventData.HRESULT": "0x00000000"}
{"EventID": "513", "Channel": "Microsoft-Windows-DeviceManagement-Enterprise-Diagnostics-Provider/Operational", "Provider_Name": "Microsoft-Windows-DeviceManagement-Pushrouter", "Computer": "DESKTOP-OFJ6N53", "TimeCreated": "2022-03-09 11:22:12.400312+00:00", "RecordID": "236", "Level": "4", "UserID": "S-1-5-18"}
{"EventID": "520", "Channel": "Microsoft-Windows-DeviceManagement-Enterprise-Diagnostics-Provider/Operational", "Provider_Name": "Microsoft-Windows-DeviceManagement-Pushrouter", "Computer": "DESKTOP-OFJ6N53", "TimeCreated": "2022-03-09 11:22:12.400347+00:00", "RecordID": "237", "Level": "4", "UserID": "S-1-5-18", "EventData.HRESULT": "0x00000000"}
{"EventID": "514", "Channel": "Microsoft-Windows-DeviceManagement-Enterprise-Diagnostics-Provider/Operational", "Provider_Name": "Microsoft-Windows-DeviceManagement-Pushrouter", "Computer": "DESKTOP-OFJ6N53", "TimeCreated": "2022-03-09 11:22:12.400351+00:00", "RecordID": "238", "Level": "4", "UserID": "S-1-5-18", "EventData.HexInt1": "0x00000001", "EventData.HexInt2": "0x00000000", "EventData.HexInt3": "0x00000000"}
{"EventID": "524", "Channel": "Microsoft-Windows-DeviceManagement-Enterprise-Diagnostics-Provider/Operational", "Provider_Name": "Microsoft-Windows-DeviceManagement-Pushrouter", "Computer": "DESKTOP-OFJ6N53", "TimeCreated": "2022-03-10 14:30:18.949137+00:00", "RecordID": "239", "Level": "4", "UserID": "S-1-5-18"}
{"EventID": "514", "Channel": "Microsoft-Windows-DeviceManagement-Enterprise-Diagnostics-Provider/Operational", "Provider_Name": "Microsoft-Windows-DeviceManagement-Pushrouter", "Computer": "DESKTOP-OFJ6N53", "TimeCreated": "2022-03-10 14:30:18.949139+00:00", "RecordID": "240", "Level": "4", "UserID": "S-1-5-18", "EventData.HexInt1": "0x00000002", "EventData.HexInt2": "0x00000000", "EventData.HexInt3": "0x00000064"}
{"EventID": "512", "Channel": "Microsoft-Windows-DeviceManagement-Enterprise-Diagnostics-Provider/Operational", "Provider_Name": "Microsoft-Windows-DeviceManagement-Pushrouter", "Computer": "DESKTOP-OFJ6N53", "TimeCreated": "2022-03-10 14:30:18.949224+00:00", "RecordID": "241", "Level": "4", "UserID": "S-1-5-18", "EventData.HexInt1": "0x00000078"}
{"EventID": "111", "Channel": "Microsoft-Windows-DeviceManagement-Enterprise-Diagnostics-Provider/Operational", "Provider_Name": "Microsoft-Windows-DeviceManagement-Pushrouter", "Computer": "DESKTOP-OFJ6N53", "TimeCreated": "2022-03-10 14:30:18.949232+00:00", "RecordID": "242", "Level": "4", "UserID": "S-1-5-18", "EventData.Message1": "Incremented active client count", "EventData.HRESULT": "0x00000000"}
{"EventID": "511", "Channel": "Microsoft-Windows-DeviceManagement-Enterprise-Diagnostics-Provider/Operational", "Provider_Name": "Microsoft-Windows-DeviceManagement-Pushrouter", "Computer": "DESKTOP-OFJ6N53", "TimeCreated": "2022-03-10 14:30:18.949232+00:00", "RecordID": "243", "Level": "4", "UserID": "S-1-5-18", "EventData.HexInt1": "0x00000078"}
{"EventID": "144", "Channel": "Microsoft-Windows-DeviceManagement-Enterprise-Diagnostics-Provider/Operational", "Provider_Name": "Microsoft-Windows-DeviceManagement-Pushrouter", "Computer": "DESKTOP-OFJ6N53", "TimeCreated": "2022-03-10 14:30:18.953810+00:00", "RecordID": "244", "Level": "4", "UserID": "S-1-5-18", "EventData.HRESULT": "0x00000000"}
{"EventID": "507", "Channel": "Microsoft-Windows-DeviceManagement-Enterprise-Diagnostics-Provider/Operational", "Provider_Name": "Microsoft-Windows-DeviceManagement-Pushrouter", "Computer": "DESKTOP-OFJ6N53", "TimeCreated": "2022-03-10 14:30:19.109991+00:00", "RecordID": "245", "Level": "4", "UserID": "S-1-5-18", "EventData.HexInt1": "0x00000000"}
{"EventID": "516", "Channel": "Microsoft-Windows-DeviceManagement-Enterprise-Diagnostics-Provider/Operational", "Provider_Name": "Microsoft-Windows-DeviceManagement-Pushrouter", "Computer": "DESKTOP-OFJ6N53", "TimeCreated": "2022-03-10 14:30:19.109995+00:00", "RecordID": "246", "Level": "4", "UserID": "S-1-5-18", "EventData.HRESULT": "0x00000000"}
{"EventID": "101", "Channel": "Microsoft-Windows-DeviceManagement-Enterprise-Diagnostics-Provider/Operational", "Provider_Name": "Microsoft-Windows-DeviceManagement-Pushrouter", "Computer": "DESKTOP-OFJ6N53", "TimeCreated": "2022-03-10 14:30:19.110350+00:00", "RecordID": "247", "Level": "4", "UserID": "S-1-5-18", "EventData.HRESULT": "0x00000000"}
{"EventID": "111", "Channel": "Microsoft-Windows-DeviceManagement-Enterprise-Diagnostics-Provider/Operational", "Provider_Name": "Microsoft-Windows-DeviceManagement-Pushrouter", "Computer": "DESKTOP-OFJ6N53", "TimeCreated": "2022-03-10 14:30:19.110855+00:00", "RecordID": "248", "Level": "4", "UserID": "S-1-5-18", "EventData.Message1": "Incremented active client count successfully", "EventData.HRESULT": "0x00000001"}
{"EventID": "104", "Channel": "Microsoft-Windows-DeviceManagement-Enterprise-Diagnostics-Provider/Operational", "Provider_Name": "Microsoft-Windows-DeviceManagement-Pushrouter", "Computer": "DESKTOP-OFJ6N53", "TimeCreated": "2022-03-10 14:30:19.110857+00:00", "RecordID": "249", "Level": "4", "UserID": "S-1-5-18", "EventData.HRESULT": "0x00000000"}
{"EventID": "518", "Channel": "Microsoft-Windows-DeviceManagement-Enterprise-Diagnostics-Provider/Operational", "Provider_Name": "Microsoft-Windows-DeviceManagement-Pushrouter", "Computer": "DESKTOP-OFJ6N53", "TimeCreated": "2022-03-10 14:30:19.110859+00:00", "RecordID": "250", "Level": "4", "UserID": "S-1-5-18", "EventData.HRESULT": "0x00000000"}
{"EventID": "525", "Channel": "Microsoft-Windows-DeviceManagement-Enterprise-Diagnostics-Provider/Operational", "Provider_Name": "Microsoft-Windows-DeviceManagement-Pushrouter", "Computer": "DESKTOP-OFJ6N53", "TimeCreated": "2022-03-10 14:30:19.110865+00:00", "RecordID": "251", "Level": "4", "UserID": "S-1-5-18", "EventData.HexInt1": "0x00000000", "EventData.HRESULT": "0x00000000"}
{"EventID": "514", "Channel": "Microsoft-Windows-DeviceManagement-Enterprise-Diagnostics-Provider/Operational", "Provider_Name": "Microsoft-Windows-DeviceManagement-Pushrouter", "Computer": "DESKTOP-OFJ6N53", "TimeCreated": "2022-03-10 14:30:19.110867+00:00", "RecordID": "252", "Level": "4", "UserID": "S-1-5-18", "EventData.HexInt1": "0x00000004", "EventData.HexInt2": "0x00000000", "EventData.HexInt3": "0x00000000"}
{"EventID": "111", "Channel": "Microsoft-Windows-DeviceManagement-Enterprise-Diagnostics-Provider/Operational", "Provider_Name": "Microsoft-Windows-DeviceManagement-Pushrouter", "Computer": "DESKTOP-OFJ6N53", "TimeCreated": "2022-03-10 14:32:18.948769+00:00", "RecordID": "253", "Level": "4", "UserID": "S-1-5-18", "EventData.Message1": "Checking if all clients are handled", "EventData.HRESULT": "0x00000001"}
{"EventID": "509", "Channel": "Microsoft-Windows-DeviceManagement-Enterprise-Diagnostics-Provider/Operational", "Provider_Name": "Microsoft-Windows-DeviceManagement-Pushrouter", "Computer": "DESKTOP-OFJ6N53", "TimeCreated": "2022-03-10 14:32:18.948784+00:00", "RecordID": "254", "Level": "4", "UserID": "S-1-5-18"}
{"EventID": "511", "Channel": "Microsoft-Windows-DeviceManagement-Enterprise-Diagnostics-Provider/Operational", "Provider_Name": "Microsoft-Windows-DeviceManagement-Pushrouter", "Computer": "DESKTOP-OFJ6N53", "TimeCreated": "2022-03-10 14:32:18.948786+00:00", "RecordID": "255", "Level": "4", "UserID": "S-1-5-18", "EventData.HexInt1": "0x00000078"}
{"EventID": "110", "Channel": "Microsoft-Windows-DeviceManagement-Enterprise-Diagnostics-Provider/Operational", "Provider_Name": "Microsoft-Windows-DeviceManagement-Pushrouter", "Computer": "DESKTOP-OFJ6N53", "TimeCreated": "2022-03-10 14:32:20.745695+00:00", "RecordID": "256", "Level": "4", "UserID": "S-1-5-18", "EventData.HexInt1": "0x00000001"}
{"EventID": "112", "Channel": "Microsoft-Windows-DeviceManagement-Enterprise-Diagnostics-Provider/Operational", "Provider_Name": "Microsoft-Windows-DeviceManagement-Pushrouter", "Computer": "DESKTOP-OFJ6N53", "TimeCreated": "2022-03-10 14:32:20.745697+00:00", "RecordID": "257", "Level": "4", "UserID": "S-1-5-18", "EventData.HexInt1": "0x00000000"}
{"EventID": "111", "Channel": "Microsoft-Windows-DeviceManagement-Enterprise-Diagnostics-Provider/Operational", "Provider_Name": "Microsoft-Windows-DeviceManagement-Pushrouter", "Computer": "DESKTOP-OFJ6N53", "TimeCreated": "2022-03-10 14:34:18.955938+00:00", "RecordID": "258", "Level": "4", "UserID": "S-1-5-18", "EventData.Message1": "Checking if all clients are handled", "EventData.HRESULT": "0x00000000"}
{"EventID": "510", "Channel": "Microsoft-Windows-DeviceManagement-Enterprise-Diagnostics-Provider/Operational", "Provider_Name": "Microsoft-Windows-DeviceManagement-Pushrouter", "Computer": "DESKTOP-OFJ6N53", "TimeCreated": "2022-03-10 14:34:18.955952+00:00", "RecordID": "259", "Level": "4", "UserID": "S-1-5-18"}
{"EventID": "514", "Channel": "Microsoft-Windows-DeviceManagement-Enterprise-Diagnostics-Provider/Operational", "Provider_Name": "Microsoft-Windows-DeviceManagement-Pushrouter", "Computer": "DESKTOP-OFJ6N53", "TimeCreated": "2022-03-10 14:34:18.958925+00:00", "RecordID": "260", "Level": "4", "UserID": "S-1-5-18", "EventData.HexInt1": "0x00000003", "EventData.HexInt2": "0x00000000", "EventData.HexInt3": "0x00000000"}
{"EventID": "106", "Channel": "Microsoft-Windows-DeviceManagement-Enterprise-Diagnostics-Provider/Operational", "Provider_Name": "Microsoft-Windows-DeviceManagement-Pushrouter", "Computer": "DESKTOP-OFJ6N53", "TimeCreated": "2022-03-10 14:34:18.959402+00:00", "RecordID": "261", "Level": "4", "UserID": "S-1-5-18", "EventData.HRESULT": "0x00000000"}
{"EventID": "108", "Channel": "Microsoft-Windows-DeviceManagement-Enterprise-Diagnostics-Provider/Operational", "Provider_Name": "Microsoft-Windows-DeviceManagement-Pushrouter", "Computer": "DESKTOP-OFJ6N53", "TimeCreated": "2022-03-10 14:34:18.959408+00:00", "RecordID": "262", "Level": "4", "UserID": "S-1-5-18", "EventData.HRESULT": "0x00000000"}
{"EventID": "522", "Channel": "Microsoft-Windows-DeviceManagement-Enterprise-Diagnostics-Provider/Operational", "Provider_Name": "Microsoft-Windows-DeviceManagement-Pushrouter", "Computer": "DESKTOP-OFJ6N53", "TimeCreated": "2022-03-10 14:34:18.959459+00:00", "RecordID": "263", "Level": "4", "UserID": "S-1-5-18", "EventData.HRESULT": "0x00000000"}
{"EventID": "513", "Channel": "Microsoft-Windows-DeviceManagement-Enterprise-Diagnostics-Provider/Operational", "Provider_Name": "Microsoft-Windows-DeviceManagement-Pushrouter", "Computer": "DESKTOP-OFJ6N53", "TimeCreated": "2022-03-10 14:34:18.959463+00:00", "RecordID": "264", "Level": "4", "UserID": "S-1-5-18"}
{"EventID": "520", "Channel": "Microsoft-Windows-DeviceManagement-Enterprise-Diagnostics-Provider/Operational", "Provider_Name": "Microsoft-Windows-DeviceManagement-Pushrouter", "Computer": "DESKTOP-OFJ6N53", "TimeCreated": "2022-03-10 14:34:18.959499+00:00", "RecordID": "265", "Level": "4", "UserID": "S-1-5-18", "EventData.HRESULT": "0x00000000"}
{"EventID": "514", "Channel": "Microsoft-Windows-DeviceManagement-Enterprise-Diagnostics-Provider/Operational", "Provider_Name": "Microsoft-Windows-DeviceManagement-Pushrouter", "Computer": "DESKTOP-OFJ6N53", "TimeCreated": "2022-03-10 14:34:18.959505+00:00", "RecordID": "266", "Level": "4", "UserID": "S-1-5-18", "EventData.HexInt1": "0x00000001", "EventData.HexInt2": "0x00000000", "EventData.HexInt3": "0x00000000"}
{"EventID": "524", "Channel": "Microsoft-Windows-DeviceManagement-Enterprise-Diagnostics-Provider/Operational", "Provider_Name": "Microsoft-Windows-DeviceManagement-Pushrouter", "Computer": "DESKTOP-OFJ6N53", "TimeCreated": "2022-03-10 16:35:28.198246+00:00", "RecordID": "267", "Level": "4", "UserID": "S-1-5-18"}
{"EventID": "514", "Channel": "Microsoft-Windows-DeviceManagement-Enterprise-Diagnostics-Provider/Operational", "Provider_Name": "Microsoft-Windows-DeviceManagement-Pushrouter", "Computer": "DESKTOP-OFJ6N53", "TimeCreated": "2022-03-10 16:35:28.198250+00:00", "RecordID": "268", "Level": "4", "UserID": "S-1-5-18", "EventData.HexInt1": "0x00000002", "EventData.HexInt2": "0x00000000", "EventData.HexInt3": "0x00000064"}
{"EventID": "512", "Channel": "Microsoft-Windows-DeviceManagement-Enterprise-Diagnostics-Provider/Operational", "Provider_Name": "Microsoft-Windows-DeviceManagement-Pushrouter", "Computer": "DESKTOP-OFJ6N53", "TimeCreated": "2022-03-10 16:35:28.198586+00:00", "RecordID": "269", "Level": "4", "UserID": "S-1-5-18", "EventData.HexInt1": "0x00000078"}
{"EventID": "111", "Channel": "Microsoft-Windows-DeviceManagement-Enterprise-Diagnostics-Provider/Operational", "Provider_Name": "Microsoft-Windows-DeviceManagement-Pushrouter", "Computer": "DESKTOP-OFJ6N53", "TimeCreated": "2022-03-10 16:35:28.198591+00:00", "RecordID": "270", "Level": "4", "UserID": "S-1-5-18", "EventData.Message1": "Incremented active client count", "EventData.HRESULT": "0x00000000"}
{"EventID": "511", "Channel": "Microsoft-Windows-DeviceManagement-Enterprise-Diagnostics-Provider/Operational", "Provider_Name": "Microsoft-Windows-DeviceManagement-Pushrouter", "Computer": "DESKTOP-OFJ6N53", "TimeCreated": "2022-03-10 16:35:28.198595+00:00", "RecordID": "271", "Level": "4", "UserID": "S-1-5-18", "EventData.HexInt1": "0x00000078"}
{"EventID": "144", "Channel": "Microsoft-Windows-DeviceManagement-Enterprise-Diagnostics-Provider/Operational", "Provider_Name": "Microsoft-Windows-DeviceManagement-Pushrouter", "Computer": "DESKTOP-OFJ6N53", "TimeCreated": "2022-03-10 16:35:28.203701+00:00", "RecordID": "272", "Level": "4", "UserID": "S-1-5-18", "EventData.HRESULT": "0x00000000"}
{"EventID": "507", "Channel": "Microsoft-Windows-DeviceManagement-Enterprise-Diagnostics-Provider/Operational", "Provider_Name": "Microsoft-Windows-DeviceManagement-Pushrouter", "Computer": "DESKTOP-OFJ6N53", "TimeCreated": "2022-03-10 16:35:28.433832+00:00", "RecordID": "273", "Level": "4", "UserID": "S-1-5-18", "EventData.HexInt1": "0x00000000"}
{"EventID": "516", "Channel": "Microsoft-Windows-DeviceManagement-Enterprise-Diagnostics-Provider/Operational", "Provider_Name": "Microsoft-Windows-DeviceManagement-Pushrouter", "Computer": "DESKTOP-OFJ6N53", "TimeCreated": "2022-03-10 16:35:28.433836+00:00", "RecordID": "274", "Level": "4", "UserID": "S-1-5-18", "EventData.HRESULT": "0x00000000"}
