{"EventID": "1", "Channel": "Microsoft-Windows-CloudStore/Operational", "Provider_Name": "Microsoft-Windows-CloudStore", "Computer": "DESKTOP-OFJ6N53", "TimeCreated": "2025-04-24 11:02:03.369259+00:00", "RecordID": "885", "Level": "2", "UserID": "S-1-5-21-963789628-1060504924-4285088085-1001", "EventData.ProcessName": null, "EventData.Type": "0", "EventData.ErrorCode": "2147943712", "EventData.File": "onecoreuap\\shell\\cloudstore\\common\\src\\effectivecontext.cpp", "EventData.LineNumber": "414"}
{"EventID": "1", "Channel": "Microsoft-Windows-CloudStore/Operational", "Provider_Name": "Microsoft-Windows-CloudStore", "Computer": "DESKTOP-OFJ6N53", "TimeCreated": "2025-04-24 11:02:03.371967+00:00", "RecordID": "886", "Level": "2", "UserID": "S-1-5-21-963789628-1060504924-4285088085-1001", "EventData.ProcessName": null, "EventData.Type": "1", "EventData.ErrorCode": "2147943712", "EventData.File": "onecoreuap\\shell\\cloudstore\\store\\cache\\src\\cloudcacheinitializer.cpp", "EventData.LineNumber": "639"}
{"EventID": "1", "Channel": "Microsoft-Windows-CloudStore/Operational", "Provider_Name": "Microsoft-Windows-CloudStore", "Computer": "DESKTOP-OFJ6N53", "TimeCreated": "2025-04-24 11:02:04.471882+00:00", "RecordID": "887", "Level": "2", "UserID": "S-1-5-21-963789628-1060504924-4285088085-1001", "EventData.ProcessName": null, "EventData.Type": "0", "EventData.ErrorCode": "2147943712", "EventData.File": "onecoreuap\\shell\\cloudstore\\common\\src\\effectivecontext.cpp", "EventData.LineNumber": "414"}
{"EventID": "1", "Channel": "Microsoft-Windows-CloudStore/Operational", "Provider_Name": "Microsoft-Windows-CloudStore", "Computer": "DESKTOP-OFJ6N53", "TimeCreated": "2025-04-24 11:02:04.472128+00:00", "RecordID": "888", "Level": "2", "UserID": "S-1-5-21-963789628-1060504924-4285088085-1001", "EventData.ProcessName": null, "EventData.Type": "1", "EventData.ErrorCode": "2147943712", "EventData.File": "onecoreuap\\shell\\cloudstore\\store\\cache\\src\\cloudcacheinitializer.cpp", "EventData.LineNumber": "639"}
{"EventID": "1", "Channel": "Microsoft-Windows-CloudStore/Operational", "Provider_Name": "Microsoft-Windows-CloudStore", "Computer": "DESKTOP-OFJ6N53", "TimeCreated": "2025-05-21 14:11:26.446251+00:00", "RecordID": "889", "Level": "2", "UserID": "S-1-5-21-963789628-1060504924-4285088085-1001", "EventData.ProcessName": null, "EventData.Type": "0", "EventData.ErrorCode": "2147943712", "EventData.File": "onecoreuap\\shell\\cloudstore\\common\\src\\effectivecontext.cpp", "EventData.LineNumber": "414"}
{"EventID": "1", "Channel": "Microsoft-Windows-CloudStore/Operational", "Provider_Name": "Microsoft-Windows-CloudStore", "Computer": "DESKTOP-OFJ6N53", "TimeCreated": "2025-05-21 14:11:26.462303+00:00", "RecordID": "890", "Level": "2", "UserID": "S-1-5-21-963789628-1060504924-4285088085-1001", "EventData.ProcessName": null, "EventData.Type": "1", "EventData.ErrorCode": "2147943712", "EventData.File": "onecoreuap\\shell\\cloudstore\\store\\cache\\src\\cloudcacheinitializer.cpp", "EventData.LineNumber": "639"}
{"EventID": "1", "Channel": "Microsoft-Windows-CloudStore/Operational", "Provider_Name": "Microsoft-Windows-CloudStore", "Computer": "DESKTOP-OFJ6N53", "TimeCreated": "2025-05-21 14:11:26.826405+00:00", "RecordID": "891", "Level": "2", "UserID": "S-1-5-21-963789628-1060504924-4285088085-1001", "EventData.ProcessName": null, "EventData.Type": "0", "EventData.ErrorCode": "2147943712", "EventData.File": "onecoreuap\\shell\\cloudstore\\common\\src\\effectivecontext.cpp", "EventData.LineNumber": "414"}
{"EventID": "1", "Channel": "Microsoft-Windows-CloudStore/Operational", "Provider_Name": "Microsoft-Windows-CloudStore", "Computer": "DESKTOP-OFJ6N53", "TimeCreated": "2025-05-21 14:11:26.826609+00:00", "RecordID": "892", "Level": "2", "UserID": "S-1-5-21-963789628-1060504924-4285088085-1001", "EventData.ProcessName": null, "EventData.Type": "1", "EventData.ErrorCode": "2147943712", "EventData.File": "onecoreuap\\shell\\cloudstore\\store\\cache\\src\\cloudcacheinitializer.cpp", "EventData.LineNumber": "639"}
{"EventID": "1", "Channel": "Microsoft-Windows-CloudStore/Operational", "Provider_Name": "Microsoft-Windows-CloudStore", "Computer": "DESKTOP-OFJ6N53", "TimeCreated": "2025-06-18 13:21:36.925369+00:00", "RecordID": "893", "Level": "2", "UserID": "S-1-5-21-963789628-1060504924-4285088085-1001", "EventData.ProcessName": null, "EventData.Type": "0", "EventData.ErrorCode": "2147943712", "EventData.File": "onecoreuap\\shell\\cloudstore\\common\\src\\effectivecontext.cpp", "EventData.LineNumber": "414"}
{"EventID": "1", "Channel": "Microsoft-Windows-CloudStore/Operational", "Provider_Name": "Microsoft-Windows-CloudStore", "Computer": "DESKTOP-OFJ6N53", "TimeCreated": "2025-06-18 13:21:36.939766+00:00", "RecordID": "894", "Level": "2", "UserID": "S-1-5-21-963789628-1060504924-4285088085-1001", "EventData.ProcessName": null, "EventData.Type": "1", "EventData.ErrorCode": "2147943712", "EventData.File": "onecoreuap\\shell\\cloudstore\\store\\cache\\src\\cloudcacheinitializer.cpp", "EventData.LineNumber": "639"}
{"EventID": "1", "Channel": "Microsoft-Windows-CloudStore/Operational", "Provider_Name": "Microsoft-Windows-CloudStore", "Computer": "DESKTOP-OFJ6N53", "TimeCreated": "2025-06-18 13:21:37.197714+00:00", "RecordID": "895", "Level": "2", "UserID": "S-1-5-21-963789628-1060504924-4285088085-1001", "EventData.ProcessName": null, "EventData.Type": "0", "EventData.ErrorCode": "2147943712", "EventData.File": "onecoreuap\\shell\\cloudstore\\common\\src\\effectivecontext.cpp", "EventData.LineNumber": "414"}
{"EventID": "1", "Channel": "Microsoft-Windows-CloudStore/Operational", "Provider_Name": "Microsoft-Windows-CloudStore", "Computer": "DESKTOP-OFJ6N53", "TimeCreated": "2025-06-18 13:21:37.198040+00:00", "RecordID": "896", "Level": "2", "UserID": "S-1-5-21-963789628-1060504924-4285088085-1001", "EventData.ProcessName": null, "EventData.Type": "1", "EventData.ErrorCode": "2147943712", "EventData.File": "onecoreuap\\shell\\cloudstore\\store\\cache\\src\\cloudcacheinitializer.cpp", "EventData.LineNumber": "639"}
{"EventID": "1", "Channel": "Microsoft-Windows-CloudStore/Operational", "Provider_Name": "Microsoft-Windows-CloudStore", "Computer": "DESKTOP-OFJ6N53", "TimeCreated": "2025-06-18 13:21:37.510551+00:00", "RecordID": "897", "Level": "2", "UserID": "S-1-5-21-963789628-1060504924-4285088085-1001", "EventData.ProcessName": null, "EventData.Type": "0", "EventData.ErrorCode": "2147943712", "EventData.File": "onecoreuap\\shell\\cloudstore\\common\\src\\effectivecontext.cpp", "EventData.LineNumber": "414"}
{"EventID": "1", "Channel": "Microsoft-Windows-CloudStore/Operational", "Provider_Name": "Microsoft-Windows-CloudStore", "Computer": "DESKTOP-OFJ6N53", "TimeCreated": "2025-06-18 13:21:37.510849+00:00", "RecordID": "898", "Level": "2", "UserID": "S-1-5-21-963789628-1060504924-4285088085-1001", "EventData.ProcessName": null, "EventData.Type": "1", "EventData.ErrorCode": "2147943712", "EventData.File": "onecoreuap\\shell\\cloudstore\\store\\cache\\src\\cloudcacheinitializer.cpp", "EventData.LineNumber": "639"}
{"EventID": "1", "Channel": "Microsoft-Windows-CloudStore/Operational", "Provider_Name": "Microsoft-Windows-CloudStore", "Computer": "DESKTOP-OFJ6N53", "TimeCreated": "2025-07-07 13:12:01.406759+00:00", "RecordID": "899", "Level": "2", "UserID": "S-1-5-21-963789628-1060504924-4285088085-1001", "EventData.ProcessName": null, "EventData.Type": "0", "EventData.ErrorCode": "2147943712", "EventData.File": "onecoreuap\\shell\\cloudstore\\common\\src\\effectivecontext.cpp", "EventData.LineNumber": "414"}
{"EventID": "1", "Channel": "Microsoft-Windows-CloudStore/Operational", "Provider_Name": "Microsoft-Windows-CloudStore", "Computer": "DESKTOP-OFJ6N53", "TimeCreated": "2025-07-07 13:12:01.419802+00:00", "RecordID": "900", "Level": "2", "UserID": "S-1-5-21-963789628-1060504924-4285088085-1001", "EventData.ProcessName": null, "EventData.Type": "1", "EventData.ErrorCode": "2147943712", "EventData.File": "onecoreuap\\shell\\cloudstore\\store\\cache\\src\\cloudcacheinitializer.cpp", "EventData.LineNumber": "639"}
{"EventID": "1", "Channel": "Microsoft-Windows-CloudStore/Operational", "Provider_Name": "Microsoft-Windows-CloudStore", "Computer": "DESKTOP-OFJ6N53", "TimeCreated": "2025-07-07 13:12:01.731524+00:00", "RecordID": "901", "Level": "2", "UserID": "S-1-5-21-963789628-1060504924-4285088085-1001", "EventData.ProcessName": null, "EventData.Type": "0", "EventData.ErrorCode": "2147943712", "EventData.File": "onecoreuap\\shell\\cloudstore\\common\\src\\effectivecontext.cpp", "EventData.LineNumber": "414"}
{"EventID": "1", "Channel": "Microsoft-Windows-CloudStore/Operational", "Provider_Name": "Microsoft-Windows-CloudStore", "Computer": "DESKTOP-OFJ6N53", "TimeCreated": "2025-07-07 13:12:01.731733+00:00", "RecordID": "902", "Level": "2", "UserID": "S-1-5-21-963789628-1060504924-4285088085-1001", "EventData.ProcessName": null, "EventData.Type": "1", "EventData.ErrorCode": "2147943712", "EventData.File": "onecoreuap\\shell\\cloudstore\\store\\cache\\src\\cloudcacheinitializer.cpp", "EventData.LineNumber": "639"}
{"EventID": "1", "Channel": "Microsoft-Windows-CloudStore/Operational", "Provider_Name": "Microsoft-Windows-CloudStore", "Computer": "DESKTOP-OFJ6N53", "TimeCreated": "2025-07-14 09:52:13.227222+00:00", "RecordID": "903", "Level": "2", "UserID": "S-1-5-21-963789628-1060504924-4285088085-1001", "EventData.ProcessName": null, "EventData.Type": "0", "EventData.ErrorCode": "2147943712", "EventData.File": "onecoreuap\\shell\\cloudstore\\common\\src\\effectivecontext.cpp", "EventData.LineNumber": "463"}
{"EventID": "1", "Channel": "Microsoft-Windows-CloudStore/Operational", "Provider_Name": "Microsoft-Windows-CloudStore", "Computer": "DESKTOP-OFJ6N53", "TimeCreated": "2025-07-14 09:52:13.233984+00:00", "RecordID": "904", "Level": "2", "UserID": "S-1-5-21-963789628-1060504924-4285088085-1001", "EventData.ProcessName": null, "EventData.Type": "1", "EventData.ErrorCode": "2147943712", "EventData.File": "onecoreuap\\shell\\cloudstore\\store\\cache\\src\\cloudcacheinitializer.cpp", "EventData.LineNumber": "639"}
{"EventID": "1", "Channel": "Microsoft-Windows-CloudStore/Operational", "Provider_Name": "Microsoft-Windows-CloudStore", "Computer": "DESKTOP-OFJ6N53", "TimeCreated": "2025-07-14 09:52:13.843857+00:00", "RecordID": "905", "Level": "2", "UserID": "S-1-5-21-963789628-1060504924-4285088085-1001", "EventData.ProcessName": null, "EventData.Type": "0", "EventData.ErrorCode": "2147943712", "EventData.File": "onecoreuap\\shell\\cloudstore\\common\\src\\effectivecontext.cpp", "EventData.LineNumber": "463"}
{"EventID": "1", "Channel": "Microsoft-Windows-CloudStore/Operational", "Provider_Name": "Microsoft-Windows-CloudStore", "Computer": "DESKTOP-OFJ6N53", "TimeCreated": "2025-07-14 09:52:13.844074+00:00", "RecordID": "906", "Level": "2", "UserID": "S-1-5-21-963789628-1060504924-4285088085-1001", "EventData.ProcessName": null, "EventData.Type": "1", "EventData.ErrorCode": "2147943712", "EventData.File": "onecoreuap\\shell\\cloudstore\\store\\cache\\src\\cloudcacheinitializer.cpp", "EventData.LineNumber": "639"}
{"EventID": "1", "Channel": "Microsoft-Windows-CloudStore/Operational", "Provider_Name": "Microsoft-Windows-CloudStore", "Computer": "DESKTOP-OFJ6N53", "TimeCreated": "2025-07-24 21:30:36.084322+00:00", "RecordID": "907", "Level": "2", "UserID": "S-1-5-21-963789628-1060504924-4285088085-1001", "EventData.ProcessName": null, "EventData.Type": "0", "EventData.ErrorCode": "2147943712", "EventData.File": "onecoreuap\\shell\\cloudstore\\common\\src\\effectivecontext.cpp", "EventData.LineNumber": "463"}
{"EventID": "1", "Channel": "Microsoft-Windows-CloudStore/Operational", "Provider_Name": "Microsoft-Windows-CloudStore", "Computer": "DESKTOP-OFJ6N53", "TimeCreated": "2025-07-24 21:30:36.095072+00:00", "RecordID": "908", "Level": "2", "UserID": "S-1-5-21-963789628-1060504924-4285088085-1001", "EventData.ProcessName": null, "EventData.Type": "1", "EventData.ErrorCode": "2147943712", "EventData.File": "onecoreuap\\shell\\cloudstore\\store\\cache\\src\\cloudcacheinitializer.cpp", "EventData.LineNumber": "639"}
{"EventID": "1", "Channel": "Microsoft-Windows-CloudStore/Operational", "Provider_Name": "Microsoft-Windows-CloudStore", "Computer": "DESKTOP-OFJ6N53", "TimeCreated": "2025-07-24 21:30:36.991394+00:00", "RecordID": "909", "Level": "2", "UserID": "S-1-5-21-963789628-1060504924-4285088085-1001", "EventData.ProcessName": null, "EventData.Type": "0", "EventData.ErrorCode": "2147943712", "EventData.File": "onecoreuap\\shell\\cloudstore\\common\\src\\effectivecontext.cpp", "EventData.LineNumber": "463"}
{"EventID": "1", "Channel": "Microsoft-Windows-CloudStore/Operational", "Provider_Name": "Microsoft-Windows-CloudStore", "Computer": "DESKTOP-OFJ6N53", "TimeCreated": "2025-07-24 21:30:36.991644+00:00", "RecordID": "910", "Level": "2", "UserID": "S-1-5-21-963789628-1060504924-4285088085-1001", "EventData.ProcessName": null, "EventData.Type": "1", "EventData.ErrorCode": "2147943712", "EventData.File": "onecoreuap\\shell\\cloudstore\\store\\cache\\src\\cloudcacheinitializer.cpp", "EventData.LineNumber": "639"}
{"EventID": "1", "Channel": "Microsoft-Windows-CloudStore/Operational", "Provider_Name": "Microsoft-Windows-CloudStore", "Computer": "DESKTOP-OFJ6N53", "TimeCreated": "2025-07-31 08:14:03.167564+00:00", "RecordID": "911", "Level": "2", "UserID": "S-1-5-21-963789628-1060504924-4285088085-1001", "EventData.ProcessName": null, "EventData.Type": "0", "EventData.ErrorCode": "2147943712", "EventData.File": "onecoreuap\\shell\\cloudstore\\common\\src\\effectivecontext.cpp", "EventData.LineNumber": "463"}
{"EventID": "1", "Channel": "Microsoft-Windows-CloudStore/Operational", "Provider_Name": "Microsoft-Windows-CloudStore", "Computer": "DESKTOP-OFJ6N53", "TimeCreated": "2025-07-31 08:14:03.180656+00:00", "RecordID": "912", "Level": "2", "UserID": "S-1-5-21-963789628-1060504924-4285088085-1001", "EventData.ProcessName": null, "EventData.Type": "1", "EventData.ErrorCode": "2147943712", "EventData.File": "onecoreuap\\shell\\cloudstore\\store\\cache\\src\\cloudcacheinitializer.cpp", "EventData.LineNumber": "639"}
{"EventID": "1", "Channel": "Microsoft-Windows-CloudStore/Operational", "Provider_Name": "Microsoft-Windows-CloudStore", "Computer": "DESKTOP-OFJ6N53", "TimeCreated": "2025-07-31 08:14:03.381765+00:00", "RecordID": "913", "Level": "2", "UserID": "S-1-5-21-963789628-1060504924-4285088085-1001", "EventData.ProcessName": null, "EventData.Type": "0", "EventData.ErrorCode": "2147943712", "EventData.File": "onecoreuap\\shell\\cloudstore\\common\\src\\effectivecontext.cpp", "EventData.LineNumber": "463"}
{"EventID": "1", "Channel": "Microsoft-Windows-CloudStore/Operational", "Provider_Name": "Microsoft-Windows-CloudStore", "Computer": "DESKTOP-OFJ6N53", "TimeCreated": "2025-07-31 08:14:03.381964+00:00", "RecordID": "914", "Level": "2", "UserID": "S-1-5-21-963789628-1060504924-4285088085-1001", "EventData.ProcessName": null, "EventData.Type": "1", "EventData.ErrorCode": "2147943712", "EventData.File": "onecoreuap\\shell\\cloudstore\\store\\cache\\src\\cloudcacheinitializer.cpp", "EventData.LineNumber": "639"}
{"EventID": "1", "Channel": "Microsoft-Windows-CloudStore/Operational", "Provider_Name": "Microsoft-Windows-CloudStore", "Computer": "DESKTOP-OFJ6N53", "TimeCreated": "2025-08-12 12:17:47.578382+00:00", "RecordID": "915", "Level": "2", "UserID": "S-1-5-21-963789628-1060504924-4285088085-1001", "EventData.ProcessName": null, "EventData.Type": "0", "EventData.ErrorCode": "2147943712", "EventData.File": "onecoreuap\\shell\\cloudstore\\common\\src\\effectivecontext.cpp", "EventData.LineNumber": "463"}
{"EventID": "1", "Channel": "Microsoft-Windows-CloudStore/Operational", "Provider_Name": "Microsoft-Windows-CloudStore", "Computer": "DESKTOP-OFJ6N53", "TimeCreated": "2025-08-12 12:17:47.590309+00:00", "RecordID": "916", "Level": "2", "UserID": "S-1-5-21-963789628-1060504924-4285088085-1001", "EventData.ProcessName": null, "EventData.Type": "1", "EventData.ErrorCode": "2147943712", "EventData.File": "onecoreuap\\shell\\cloudstore\\store\\cache\\src\\cloudcacheinitializer.cpp", "EventData.LineNumber": "639"}
{"EventID": "1", "Channel": "Microsoft-Windows-CloudStore/Operational", "Provider_Name": "Microsoft-Windows-CloudStore", "Computer": "DESKTOP-OFJ6N53", "TimeCreated": "2025-08-12 12:17:48.256760+00:00", "RecordID": "917", "Level": "2", "UserID": "S-1-5-21-963789628-1060504924-4285088085-1001", "EventData.ProcessName": null, "EventData.Type": "0", "EventData.ErrorCode": "2147943712", "EventData.File": "onecoreuap\\shell\\cloudstore\\common\\src\\effectivecontext.cpp", "EventData.LineNumber": "463"}
{"EventID": "1", "Channel": "Microsoft-Windows-CloudStore/Operational", "Provider_Name": "Microsoft-Windows-CloudStore", "Computer": "DESKTOP-OFJ6N53", "TimeCreated": "2025-08-12 12:17:48.256983+00:00", "RecordID": "918", "Level": "2", "UserID": "S-1-5-21-963789628-1060504924-4285088085-1001", "EventData.ProcessName": null, "EventData.Type": "1", "EventData.ErrorCode": "2147943712", "EventData.File": "onecoreuap\\shell\\cloudstore\\store\\cache\\src\\cloudcacheinitializer.cpp", "EventData.LineNumber": "639"}
{"EventID": "1", "Channel": "Microsoft-Windows-CloudStore/Operational", "Provider_Name": "Microsoft-Windows-CloudStore", "Computer": "DESKTOP-OFJ6N53", "TimeCreated": "2025-08-12 12:18:23.272509+00:00", "RecordID": "919", "Level": "2", "UserID": "S-1-5-21-963789628-1060504924-4285088085-1001", "EventData.ProcessName": "svchost.exe", "EventData.Type": "0", "EventData.ErrorCode": "2153971977", "EventData.File": "onecoreuap\\shell\\cloudstore\\common\\src\\cdpobjectfactory.cpp", "EventData.LineNumber": "134"}
{"EventID": "1", "Channel": "Microsoft-Windows-CloudStore/Operational", "Provider_Name": "Microsoft-Windows-CloudStore", "Computer": "DESKTOP-OFJ6N53", "TimeCreated": "2025-08-12 12:18:23.285664+00:00", "RecordID": "920", "Level": "2", "UserID": "S-1-5-21-963789628-1060504924-4285088085-1001", "EventData.ProcessName": "svchost.exe", "EventData.Type": "1", "EventData.ErrorCode": "2153971977", "EventData.File": "onecoreuap\\shell\\cloudstore\\store\\api\\src\\cloudstorepolicy.cpp", "EventData.LineNumber": "124"}
{"EventID": "1", "Channel": "Microsoft-Windows-CloudStore/Operational", "Provider_Name": "Microsoft-Windows-CloudStore", "Computer": "DESKTOP-OFJ6N53", "TimeCreated": "2025-08-12 12:18:26.682125+00:00", "RecordID": "921", "Level": "2", "UserID": "S-1-5-21-963789628-1060504924-4285088085-1001", "EventData.ProcessName": "svchost.exe", "EventData.Type": "0", "EventData.ErrorCode": "2153971977", "EventData.File": "onecoreuap\\shell\\cloudstore\\common\\src\\cdpobjectfactory.cpp", "EventData.LineNumber": "134"}
{"EventID": "1", "Channel": "Microsoft-Windows-CloudStore/Operational", "Provider_Name": "Microsoft-Windows-CloudStore", "Computer": "DESKTOP-OFJ6N53", "TimeCreated": "2025-08-12 12:18:26.682287+00:00", "RecordID": "922", "Level": "2", "UserID": "S-1-5-21-963789628-1060504924-4285088085-1001", "EventData.ProcessName": "svchost.exe", "EventData.Type": "1", "EventData.ErrorCode": "2153971977", "EventData.File": "onecoreuap\\shell\\cloudstore\\store\\api\\src\\cloudstorepolicy.cpp", "EventData.LineNumber": "132"}
{"EventID": "1", "Channel": "Microsoft-Windows-CloudStore/Operational", "Provider_Name": "Microsoft-Windows-CloudStore", "Computer": "DESKTOP-OFJ6N53", "TimeCreated": "2025-08-12 12:18:26.682293+00:00", "RecordID": "923", "Level": "2", "UserID": "S-1-5-21-963789628-1060504924-4285088085-1001", "EventData.ProcessName": "svchost.exe", "EventData.Type": "2", "EventData.ErrorCode": "2153971977", "EventData.File": "onecoreuap\\shell\\cloudstore\\store\\cache\\src\\policymanagement.cpp", "EventData.LineNumber": "221"}
{"EventID": "1", "Channel": "Microsoft-Windows-CloudStore/Operational", "Provider_Name": "Microsoft-Windows-CloudStore", "Computer": "DESKTOP-OFJ6N53", "TimeCreated": "2025-08-12 12:18:29.645485+00:00", "RecordID": "924", "Level": "2", "UserID": "S-1-5-21-963789628-1060504924-4285088085-1001", "EventData.ProcessName": "svchost.exe", "EventData.Type": "0", "EventData.ErrorCode": "2153971977", "EventData.File": "onecoreuap\\shell\\cloudstore\\common\\src\\cdpobjectfactory.cpp", "EventData.LineNumber": "134"}
{"EventID": "1", "Channel": "Microsoft-Windows-CloudStore/Operational", "Provider_Name": "Microsoft-Windows-CloudStore", "Computer": "DESKTOP-OFJ6N53", "TimeCreated": "2025-08-12 12:18:29.645967+00:00", "RecordID": "925", "Level": "2", "UserID": "S-1-5-21-963789628-1060504924-4285088085-1001", "EventData.ProcessName": "svchost.exe", "EventData.Type": "1", "EventData.ErrorCode": "2153971977", "EventData.File": "onecoreuap\\shell\\cloudstore\\store\\api\\src\\cloudstorepolicy.cpp", "EventData.LineNumber": "124"}
{"EventID": "1", "Channel": "Microsoft-Windows-CloudStore/Operational", "Provider_Name": "Microsoft-Windows-CloudStore", "Computer": "DESKTOP-OFJ6N53", "TimeCreated": "2025-08-12 12:18:29.645981+00:00", "RecordID": "926", "Level": "2", "UserID": "S-1-5-21-963789628-1060504924-4285088085-1001", "EventData.ProcessName": "svchost.exe", "EventData.Type": "1", "EventData.ErrorCode": "2153971977", "EventData.File": "onecoreuap\\shell\\cloudstore\\store\\cache\\src\\policymanagement.cpp", "EventData.LineNumber": "231"}
{"EventID": "1", "Channel": "Microsoft-Windows-CloudStore/Operational", "Provider_Name": "Microsoft-Windows-CloudStore", "Computer": "DESKTOP-OFJ6N53", "TimeCreated": "2025-08-12 12:18:33.907375+00:00", "RecordID": "927", "Level": "2", "UserID": "S-1-5-21-963789628-1060504924-4285088085-1001", "EventData.ProcessName": "svchost.exe", "EventData.Type": "0", "EventData.ErrorCode": "2153971977", "EventData.File": "onecoreuap\\shell\\cloudstore\\common\\src\\cdpobjectfactory.cpp", "EventData.LineNumber": "134"}
{"EventID": "1", "Channel": "Microsoft-Windows-CloudStore/Operational", "Provider_Name": "Microsoft-Windows-CloudStore", "Computer": "DESKTOP-OFJ6N53", "TimeCreated": "2025-08-12 12:18:33.908333+00:00", "RecordID": "928", "Level": "2", "UserID": "S-1-5-21-963789628-1060504924-4285088085-1001", "EventData.ProcessName": "svchost.exe", "EventData.Type": "1", "EventData.ErrorCode": "2153971977", "EventData.File": "onecoreuap\\shell\\cloudstore\\store\\api\\src\\cloudstorepolicy.cpp", "EventData.LineNumber": "124"}
{"EventID": "1", "Channel": "Microsoft-Windows-CloudStore/Operational", "Provider_Name": "Microsoft-Windows-CloudStore", "Computer": "DESKTOP-OFJ6N53", "TimeCreated": "2025-08-12 12:18:38.606396+00:00", "RecordID": "929", "Level": "2", "UserID": "S-1-5-21-963789628-1060504924-4285088085-1001", "EventData.ProcessName": "svchost.exe", "EventData.Type": "0", "EventData.ErrorCode": "2153971977", "EventData.File": "onecoreuap\\shell\\cloudstore\\common\\src\\cdpobjectfactory.cpp", "EventData.LineNumber": "134"}
{"EventID": "1", "Channel": "Microsoft-Windows-CloudStore/Operational", "Provider_Name": "Microsoft-Windows-CloudStore", "Computer": "DESKTOP-OFJ6N53", "TimeCreated": "2025-08-12 12:18:38.606575+00:00", "RecordID": "930", "Level": "2", "UserID": "S-1-5-21-963789628-1060504924-4285088085-1001", "EventData.ProcessName": "svchost.exe", "EventData.Type": "1", "EventData.ErrorCode": "2153971977", "EventData.File": "onecoreuap\\shell\\cloudstore\\store\\api\\src\\cloudstorepolicy.cpp", "EventData.LineNumber": "132"}
{"EventID": "1", "Channel": "Microsoft-Windows-CloudStore/Operational", "Provider_Name": "Microsoft-Windows-CloudStore", "Computer": "DESKTOP-OFJ6N53", "TimeCreated": "2025-08-12 12:18:38.606585+00:00", "RecordID": "931", "Level": "2", "UserID": "S-1-5-21-963789628-1060504924-4285088085-1001", "EventData.ProcessName": "svchost.exe", "EventData.Type": "2", "EventData.ErrorCode": "2153971977", "EventData.File": "onecoreuap\\shell\\cloudstore\\store\\cache\\src\\policymanagement.cpp", "EventData.LineNumber": "221"}
{"EventID": "1", "Channel": "Microsoft-Windows-CloudStore/Operational", "Provider_Name": "Microsoft-Windows-CloudStore", "Computer": "DESKTOP-OFJ6N53", "TimeCreated": "2025-08-13 14:43:01.683912+00:00", "RecordID": "932", "Level": "2", "UserID": "S-1-5-21-963789628-1060504924-4285088085-1001", "EventData.ProcessName": null, "EventData.Type": "0", "EventData.ErrorCode": "2147943712", "EventData.File": "onecoreuap\\shell\\cloudstore\\common\\src\\effectivecontext.cpp", "EventData.LineNumber": "463"}
{"EventID": "1", "Channel": "Microsoft-Windows-CloudStore/Operational", "Provider_Name": "Microsoft-Windows-CloudStore", "Computer": "DESKTOP-OFJ6N53", "TimeCreated": "2025-08-13 14:43:01.791109+00:00", "RecordID": "933", "Level": "2", "UserID": "S-1-5-21-963789628-1060504924-4285088085-1001", "EventData.ProcessName": null, "EventData.Type": "1", "EventData.ErrorCode": "2147943712", "EventData.File": "onecoreuap\\shell\\cloudstore\\store\\cache\\src\\cloudcacheinitializer.cpp", "EventData.LineNumber": "639"}
{"EventID": "1", "Channel": "Microsoft-Windows-CloudStore/Operational", "Provider_Name": "Microsoft-Windows-CloudStore", "Computer": "DESKTOP-OFJ6N53", "TimeCreated": "2025-08-13 14:43:02.944216+00:00", "RecordID": "934", "Level": "2", "UserID": "S-1-5-21-963789628-1060504924-4285088085-1001", "EventData.ProcessName": null, "EventData.Type": "0", "EventData.ErrorCode": "2147943712", "EventData.File": "onecoreuap\\shell\\cloudstore\\common\\src\\effectivecontext.cpp", "EventData.LineNumber": "463"}
{"EventID": "1", "Channel": "Microsoft-Windows-CloudStore/Operational", "Provider_Name": "Microsoft-Windows-CloudStore", "Computer": "DESKTOP-OFJ6N53", "TimeCreated": "2025-08-13 14:43:02.944511+00:00", "RecordID": "935", "Level": "2", "UserID": "S-1-5-21-963789628-1060504924-4285088085-1001", "EventData.ProcessName": null, "EventData.Type": "1", "EventData.ErrorCode": "2147943712", "EventData.File": "onecoreuap\\shell\\cloudstore\\store\\cache\\src\\cloudcacheinitializer.cpp", "EventData.LineNumber": "639"}
{"EventID": "1", "Channel": "Microsoft-Windows-CloudStore/Operational", "Provider_Name": "Microsoft-Windows-CloudStore", "Computer": "DESKTOP-OFJ6N53", "TimeCreated": "2025-08-19 07:18:58.887342+00:00", "RecordID": "936", "Level": "2", "UserID": "S-1-5-21-963789628-1060504924-4285088085-1001", "EventData.ProcessName": null, "EventData.Type": "0", "EventData.ErrorCode": "2147943712", "EventData.File": "onecoreuap\\shell\\cloudstore\\common\\src\\effectivecontext.cpp", "EventData.LineNumber": "463"}
{"EventID": "1", "Channel": "Microsoft-Windows-CloudStore/Operational", "Provider_Name": "Microsoft-Windows-CloudStore", "Computer": "DESKTOP-OFJ6N53", "TimeCreated": "2025-08-19 07:18:58.903116+00:00", "RecordID": "937", "Level": "2", "UserID": "S-1-5-21-963789628-1060504924-4285088085-1001", "EventData.ProcessName": null, "EventData.Type": "1", "EventData.ErrorCode": "2147943712", "EventData.File": "onecoreuap\\shell\\cloudstore\\store\\cache\\src\\cloudcacheinitializer.cpp", "EventData.LineNumber": "639"}
{"EventID": "1", "Channel": "Microsoft-Windows-CloudStore/Operational", "Provider_Name": "Microsoft-Windows-CloudStore", "Computer": "DESKTOP-OFJ6N53", "TimeCreated": "2025-08-19 07:19:08.881872+00:00", "RecordID": "938", "Level": "2", "UserID": "S-1-5-21-963789628-1060504924-4285088085-1001", "EventData.ProcessName": null, "EventData.Type": "0", "EventData.ErrorCode": "2147943712", "EventData.File": "onecoreuap\\shell\\cloudstore\\common\\src\\effectivecontext.cpp", "EventData.LineNumber": "463"}
{"EventID": "1", "Channel": "Microsoft-Windows-CloudStore/Operational", "Provider_Name": "Microsoft-Windows-CloudStore", "Computer": "DESKTOP-OFJ6N53", "TimeCreated": "2025-08-19 07:19:08.882189+00:00", "RecordID": "939", "Level": "2", "UserID": "S-1-5-21-963789628-1060504924-4285088085-1001", "EventData.ProcessName": null, "EventData.Type": "1", "EventData.ErrorCode": "2147943712", "EventData.File": "onecoreuap\\shell\\cloudstore\\store\\cache\\src\\cloudcacheinitializer.cpp", "EventData.LineNumber": "639"}
{"EventID": "1", "Channel": "Microsoft-Windows-CloudStore/Operational", "Provider_Name": "Microsoft-Windows-CloudStore", "Computer": "DESKTOP-OFJ6N53", "TimeCreated": "2025-08-19 07:19:11.309259+00:00", "RecordID": "940", "Level": "2", "UserID": "S-1-5-21-963789628-1060504924-4285088085-1001", "EventData.ProcessName": null, "EventData.Type": "0", "EventData.ErrorCode": "2147943712", "EventData.File": "onecoreuap\\shell\\cloudstore\\common\\src\\effectivecontext.cpp", "EventData.LineNumber": "463"}
{"EventID": "1", "Channel": "Microsoft-Windows-CloudStore/Operational", "Provider_Name": "Microsoft-Windows-CloudStore", "Computer": "DESKTOP-OFJ6N53", "TimeCreated": "2025-08-19 07:19:11.309464+00:00", "RecordID": "941", "Level": "2", "UserID": "S-1-5-21-963789628-1060504924-4285088085-1001", "EventData.ProcessName": null, "EventData.Type": "1", "EventData.ErrorCode": "2147943712", "EventData.File": "onecoreuap\\shell\\cloudstore\\store\\cache\\src\\cloudcacheinitializer.cpp", "EventData.LineNumber": "639"}
{"EventID": "1", "Channel": "Microsoft-Windows-CloudStore/Operational", "Provider_Name": "Microsoft-Windows-CloudStore", "Computer": "DESKTOP-OFJ6N53", "TimeCreated": "2025-08-19 07:19:17.675478+00:00", "RecordID": "942", "Level": "2", "UserID": "S-1-5-21-963789628-1060504924-4285088085-1001", "EventData.ProcessName": "svchost.exe", "EventData.Type": "0", "EventData.ErrorCode": "2153971977", "EventData.File": "onecoreuap\\shell\\cloudstore\\common\\src\\cdpobjectfactory.cpp", "EventData.LineNumber": "134"}
{"EventID": "1", "Channel": "Microsoft-Windows-CloudStore/Operational", "Provider_Name": "Microsoft-Windows-CloudStore", "Computer": "DESKTOP-OFJ6N53", "TimeCreated": "2025-08-19 07:19:17.826725+00:00", "RecordID": "943", "Level": "2", "UserID": "S-1-5-21-963789628-1060504924-4285088085-1001", "EventData.ProcessName": "svchost.exe", "EventData.Type": "1", "EventData.ErrorCode": "2153971977", "EventData.File": "onecoreuap\\shell\\cloudstore\\store\\api\\src\\cloudstorepolicy.cpp", "EventData.LineNumber": "124"}
{"EventID": "1", "Channel": "Microsoft-Windows-CloudStore/Operational", "Provider_Name": "Microsoft-Windows-CloudStore", "Computer": "DESKTOP-OFJ6N53", "TimeCreated": "2025-08-19 07:44:26.071648+00:00", "RecordID": "944", "Level": "2", "UserID": "S-1-5-21-963789628-1060504924-4285088085-1001", "EventData.ProcessName": null, "EventData.Type": "0", "EventData.ErrorCode": "2147943712", "EventData.File": "onecoreuap\\shell\\cloudstore\\common\\src\\effectivecontext.cpp", "EventData.LineNumber": "463"}
{"EventID": "1", "Channel": "Microsoft-Windows-CloudStore/Operational", "Provider_Name": "Microsoft-Windows-CloudStore", "Computer": "DESKTOP-OFJ6N53", "TimeCreated": "2025-08-19 07:44:26.084606+00:00", "RecordID": "945", "Level": "2", "UserID": "S-1-5-21-963789628-1060504924-4285088085-1001", "EventData.ProcessName": null, "EventData.Type": "1", "EventData.ErrorCode": "2147943712", "EventData.File": "onecoreuap\\shell\\cloudstore\\store\\cache\\src\\cloudcacheinitializer.cpp", "EventData.LineNumber": "639"}
{"EventID": "1", "Channel": "Microsoft-Windows-CloudStore/Operational", "Provider_Name": "Microsoft-Windows-CloudStore", "Computer": "DESKTOP-OFJ6N53", "TimeCreated": "2025-08-19 07:44:39.394875+00:00", "RecordID": "946", "Level": "2", "UserID": "S-1-5-21-963789628-1060504924-4285088085-1001", "EventData.ProcessName": null, "EventData.Type": "0", "EventData.ErrorCode": "2147943712", "EventData.File": "onecoreuap\\shell\\cloudstore\\common\\src\\effectivecontext.cpp", "EventData.LineNumber": "463"}
{"EventID": "1", "Channel": "Microsoft-Windows-CloudStore/Operational", "Provider_Name": "Microsoft-Windows-CloudStore", "Computer": "DESKTOP-OFJ6N53", "TimeCreated": "2025-08-19 07:44:39.395147+00:00", "RecordID": "947", "Level": "2", "UserID": "S-1-5-21-963789628-1060504924-4285088085-1001", "EventData.ProcessName": null, "EventData.Type": "1", "EventData.ErrorCode": "2147943712", "EventData.File": "onecoreuap\\shell\\cloudstore\\store\\cache\\src\\cloudcacheinitializer.cpp", "EventData.LineNumber": "639"}
{"EventID": "1", "Channel": "Microsoft-Windows-CloudStore/Operational", "Provider_Name": "Microsoft-Windows-CloudStore", "Computer": "DESKTOP-OFJ6N53", "TimeCreated": "2025-08-22 12:58:46.549231+00:00", "RecordID": "948", "Level": "2", "UserID": "S-1-5-21-963789628-1060504924-4285088085-1001", "EventData.ProcessName": null, "EventData.Type": "0", "EventData.ErrorCode": "2147943712", "EventData.File": "onecoreuap\\shell\\cloudstore\\common\\src\\effectivecontext.cpp", "EventData.LineNumber": "463"}
{"EventID": "1", "Channel": "Microsoft-Windows-CloudStore/Operational", "Provider_Name": "Microsoft-Windows-CloudStore", "Computer": "DESKTOP-OFJ6N53", "TimeCreated": "2025-08-22 12:58:46.685413+00:00", "RecordID": "949", "Level": "2", "UserID": "S-1-5-21-963789628-1060504924-4285088085-1001", "EventData.ProcessName": null, "EventData.Type": "1", "EventData.ErrorCode": "2147943712", "EventData.File": "onecoreuap\\shell\\cloudstore\\store\\cache\\src\\cloudcacheinitializer.cpp", "EventData.LineNumber": "639"}
{"EventID": "1", "Channel": "Microsoft-Windows-CloudStore/Operational", "Provider_Name": "Microsoft-Windows-CloudStore", "Computer": "DESKTOP-OFJ6N53", "TimeCreated": "2025-08-22 12:59:03.607309+00:00", "RecordID": "950", "Level": "2", "UserID": "S-1-5-21-963789628-1060504924-4285088085-1001", "EventData.ProcessName": null, "EventData.Type": "0", "EventData.ErrorCode": "2147943712", "EventData.File": "onecoreuap\\shell\\cloudstore\\common\\src\\effectivecontext.cpp", "EventData.LineNumber": "463"}
{"EventID": "1", "Channel": "Microsoft-Windows-CloudStore/Operational", "Provider_Name": "Microsoft-Windows-CloudStore", "Computer": "DESKTOP-OFJ6N53", "TimeCreated": "2025-08-22 12:59:03.607548+00:00", "RecordID": "951", "Level": "2", "UserID": "S-1-5-21-963789628-1060504924-4285088085-1001", "EventData.ProcessName": null, "EventData.Type": "1", "EventData.ErrorCode": "2147943712", "EventData.File": "onecoreuap\\shell\\cloudstore\\store\\cache\\src\\cloudcacheinitializer.cpp", "EventData.LineNumber": "639"}
{"EventID": "1", "Channel": "Microsoft-Windows-CloudStore/Operational", "Provider_Name": "Microsoft-Windows-CloudStore", "Computer": "DESKTOP-OFJ6N53", "TimeCreated": "2025-08-22 12:59:07.250517+00:00", "RecordID": "952", "Level": "2", "UserID": "S-1-5-21-963789628-1060504924-4285088085-1001", "EventData.ProcessName": null, "EventData.Type": "0", "EventData.ErrorCode": "2147943712", "EventData.File": "onecoreuap\\shell\\cloudstore\\common\\src\\effectivecontext.cpp", "EventData.LineNumber": "463"}
{"EventID": "1", "Channel": "Microsoft-Windows-CloudStore/Operational", "Provider_Name": "Microsoft-Windows-CloudStore", "Computer": "DESKTOP-OFJ6N53", "TimeCreated": "2025-08-22 12:59:07.250727+00:00", "RecordID": "953", "Level": "2", "UserID": "S-1-5-21-963789628-1060504924-4285088085-1001", "EventData.ProcessName": null, "EventData.Type": "1", "EventData.ErrorCode": "2147943712", "EventData.File": "onecoreuap\\shell\\cloudstore\\store\\cache\\src\\cloudcacheinitializer.cpp", "EventData.LineNumber": "639"}
{"EventID": "1", "Channel": "Microsoft-Windows-CloudStore/Operational", "Provider_Name": "Microsoft-Windows-CloudStore", "Computer": "DESKTOP-OFJ6N53", "TimeCreated": "2025-08-22 12:59:17.298807+00:00", "RecordID": "954", "Level": "2", "UserID": "S-1-5-21-963789628-1060504924-4285088085-1001", "EventData.ProcessName": "svchost.exe", "EventData.Type": "0", "EventData.ErrorCode": "2153971977", "EventData.File": "onecoreuap\\shell\\cloudstore\\common\\src\\cdpobjectfactory.cpp", "EventData.LineNumber": "134"}
{"EventID": "1", "Channel": "Microsoft-Windows-CloudStore/Operational", "Provider_Name": "Microsoft-Windows-CloudStore", "Computer": "DESKTOP-OFJ6N53", "TimeCreated": "2025-08-22 12:59:17.312916+00:00", "RecordID": "955", "Level": "2", "UserID": "S-1-5-21-963789628-1060504924-4285088085-1001", "EventData.ProcessName": "svchost.exe", "EventData.Type": "1", "EventData.ErrorCode": "2153971977", "EventData.File": "onecoreuap\\shell\\cloudstore\\store\\api\\src\\cloudstorepolicy.cpp", "EventData.LineNumber": "124"}
{"EventID": "1", "Channel": "Microsoft-Windows-CloudStore/Operational", "Provider_Name": "Microsoft-Windows-CloudStore", "Computer": "DESKTOP-OFJ6N53", "TimeCreated": "2025-08-22 12:59:19.353312+00:00", "RecordID": "956", "Level": "2", "UserID": "S-1-5-21-963789628-1060504924-4285088085-1001", "EventData.ProcessName": "svchost.exe", "EventData.Type": "0", "EventData.ErrorCode": "2153971977", "EventData.File": "onecoreuap\\shell\\cloudstore\\common\\src\\cdpobjectfactory.cpp", "EventData.LineNumber": "134"}
{"EventID": "1", "Channel": "Microsoft-Windows-CloudStore/Operational", "Provider_Name": "Microsoft-Windows-CloudStore", "Computer": "DESKTOP-OFJ6N53", "TimeCreated": "2025-08-22 12:59:19.353485+00:00", "RecordID": "957", "Level": "2", "UserID": "S-1-5-21-963789628-1060504924-4285088085-1001", "EventData.ProcessName": "svchost.exe", "EventData.Type": "1", "EventData.ErrorCode": "2153971977", "EventData.File": "onecoreuap\\shell\\cloudstore\\store\\api\\src\\cloudstorepolicy.cpp", "EventData.LineNumber": "132"}
{"EventID": "1", "Channel": "Microsoft-Windows-CloudStore/Operational", "Provider_Name": "Microsoft-Windows-CloudStore", "Computer": "DESKTOP-OFJ6N53", "TimeCreated": "2025-08-22 12:59:19.353491+00:00", "RecordID": "958", "Level": "2", "UserID": "S-1-5-21-963789628-1060504924-4285088085-1001", "EventData.ProcessName": "svchost.exe", "EventData.Type": "2", "EventData.ErrorCode": "2153971977", "EventData.File": "onecoreuap\\shell\\cloudstore\\store\\cache\\src\\policymanagement.cpp", "EventData.LineNumber": "221"}
{"EventID": "1", "Channel": "Microsoft-Windows-CloudStore/Operational", "Provider_Name": "Microsoft-Windows-CloudStore", "Computer": "DESKTOP-OFJ6N53", "TimeCreated": "2025-08-23 20:33:38.666918+00:00", "RecordID": "959", "Level": "2", "UserID": "S-1-5-21-963789628-1060504924-4285088085-1001", "EventData.ProcessName": null, "EventData.Type": "0", "EventData.ErrorCode": "2147943712", "EventData.File": "onecoreuap\\shell\\cloudstore\\common\\src\\effectivecontext.cpp", "EventData.LineNumber": "463"}
{"EventID": "1", "Channel": "Microsoft-Windows-CloudStore/Operational", "Provider_Name": "Microsoft-Windows-CloudStore", "Computer": "DESKTOP-OFJ6N53", "TimeCreated": "2025-08-23 20:33:38.681181+00:00", "RecordID": "960", "Level": "2", "UserID": "S-1-5-21-963789628-1060504924-4285088085-1001", "EventData.ProcessName": null, "EventData.Type": "1", "EventData.ErrorCode": "2147943712", "EventData.File": "onecoreuap\\shell\\cloudstore\\store\\cache\\src\\cloudcacheinitializer.cpp", "EventData.LineNumber": "639"}
{"EventID": "1", "Channel": "Microsoft-Windows-CloudStore/Operational", "Provider_Name": "Microsoft-Windows-CloudStore", "Computer": "DESKTOP-OFJ6N53", "TimeCreated": "2025-08-23 20:33:43.662962+00:00", "RecordID": "961", "Level": "2", "UserID": "S-1-5-21-963789628-1060504924-4285088085-1001", "EventData.ProcessName": null, "EventData.Type": "0", "EventData.ErrorCode": "2147943712", "EventData.File": "onecoreuap\\shell\\cloudstore\\common\\src\\effectivecontext.cpp", "EventData.LineNumber": "463"}
{"EventID": "1", "Channel": "Microsoft-Windows-CloudStore/Operational", "Provider_Name": "Microsoft-Windows-CloudStore", "Computer": "DESKTOP-OFJ6N53", "TimeCreated": "2025-08-23 20:33:43.663158+00:00", "RecordID": "962", "Level": "2", "UserID": "S-1-5-21-963789628-1060504924-4285088085-1001", "EventData.ProcessName": null, "EventData.Type": "1", "EventData.ErrorCode": "2147943712", "EventData.File": "onecoreuap\\shell\\cloudstore\\store\\cache\\src\\cloudcacheinitializer.cpp", "EventData.LineNumber": "639"}
{"EventID": "1", "Channel": "Microsoft-Windows-CloudStore/Operational", "Provider_Name": "Microsoft-Windows-CloudStore", "Computer": "DESKTOP-OFJ6N53", "TimeCreated": "2025-08-23 20:34:01.043610+00:00", "RecordID": "963", "Level": "2", "UserID": "S-1-5-21-963789628-1060504924-4285088085-1001", "EventData.ProcessName": "svchost.exe", "EventData.Type": "0", "EventData.ErrorCode": "2153971977", "EventData.File": "onecoreuap\\shell\\cloudstore\\common\\src\\cdpobjectfactory.cpp", "EventData.LineNumber": "134"}
{"EventID": "1", "Channel": "Microsoft-Windows-CloudStore/Operational", "Provider_Name": "Microsoft-Windows-CloudStore", "Computer": "DESKTOP-OFJ6N53", "TimeCreated": "2025-08-23 20:34:01.056318+00:00", "RecordID": "964", "Level": "2", "UserID": "S-1-5-21-963789628-1060504924-4285088085-1001", "EventData.ProcessName": "svchost.exe", "EventData.Type": "1", "EventData.ErrorCode": "2153971977", "EventData.File": "onecoreuap\\shell\\cloudstore\\store\\api\\src\\cloudstorepolicy.cpp", "EventData.LineNumber": "124"}
{"EventID": "1", "Channel": "Microsoft-Windows-CloudStore/Operational", "Provider_Name": "Microsoft-Windows-CloudStore", "Computer": "DESKTOP-OFJ6N53", "TimeCreated": "2025-08-23 20:34:03.166338+00:00", "RecordID": "965", "Level": "2", "UserID": "S-1-5-21-963789628-1060504924-4285088085-1001", "EventData.ProcessName": "svchost.exe", "EventData.Type": "0", "EventData.ErrorCode": "2153971977", "EventData.File": "onecoreuap\\shell\\cloudstore\\common\\src\\cdpobjectfactory.cpp", "EventData.LineNumber": "134"}
{"EventID": "1", "Channel": "Microsoft-Windows-CloudStore/Operational", "Provider_Name": "Microsoft-Windows-CloudStore", "Computer": "DESKTOP-OFJ6N53", "TimeCreated": "2025-08-23 20:34:03.166851+00:00", "RecordID": "966", "Level": "2", "UserID": "S-1-5-21-963789628-1060504924-4285088085-1001", "EventData.ProcessName": "svchost.exe", "EventData.Type": "1", "EventData.ErrorCode": "2153971977", "EventData.File": "onecoreuap\\shell\\cloudstore\\store\\api\\src\\cloudstorepolicy.cpp", "EventData.LineNumber": "132"}
{"EventID": "1", "Channel": "Microsoft-Windows-CloudStore/Operational", "Provider_Name": "Microsoft-Windows-CloudStore", "Computer": "DESKTOP-OFJ6N53", "TimeCreated": "2025-08-23 20:34:03.166861+00:00", "RecordID": "967", "Level": "2", "UserID": "S-1-5-21-963789628-1060504924-4285088085-1001", "EventData.ProcessName": "svchost.exe", "EventData.Type": "2", "EventData.ErrorCode": "2153971977", "EventData.File": "onecoreuap\\shell\\cloudstore\\store\\cache\\src\\policymanagement.cpp", "EventData.LineNumber": "221"}
{"EventID": "1", "Channel": "Microsoft-Windows-CloudStore/Operational", "Provider_Name": "Microsoft-Windows-CloudStore", "Computer": "DESKTOP-OFJ6N53", "TimeCreated": "2025-08-23 20:34:06.661530+00:00", "RecordID": "968", "Level": "2", "UserID": "S-1-5-21-963789628-1060504924-4285088085-1001", "EventData.ProcessName": "svchost.exe", "EventData.Type": "0", "EventData.ErrorCode": "2153971977", "EventData.File": "onecoreuap\\shell\\cloudstore\\common\\src\\cdpobjectfactory.cpp", "EventData.LineNumber": "134"}
{"EventID": "1", "Channel": "Microsoft-Windows-CloudStore/Operational", "Provider_Name": "Microsoft-Windows-CloudStore", "Computer": "DESKTOP-OFJ6N53", "TimeCreated": "2025-08-23 20:34:06.661745+00:00", "RecordID": "969", "Level": "2", "UserID": "S-1-5-21-963789628-1060504924-4285088085-1001", "EventData.ProcessName": "svchost.exe", "EventData.Type": "1", "EventData.ErrorCode": "2153971977", "EventData.File": "onecoreuap\\shell\\cloudstore\\store\\api\\src\\cloudstorepolicy.cpp", "EventData.LineNumber": "124"}
{"EventID": "1", "Channel": "Microsoft-Windows-CloudStore/Operational", "Provider_Name": "Microsoft-Windows-CloudStore", "Computer": "DESKTOP-OFJ6N53", "TimeCreated": "2025-08-23 20:34:06.661762+00:00", "RecordID": "970", "Level": "2", "UserID": "S-1-5-21-963789628-1060504924-4285088085-1001", "EventData.ProcessName": "svchost.exe", "EventData.Type": "1", "EventData.ErrorCode": "2153971977", "EventData.File": "onecoreuap\\shell\\cloudstore\\store\\cache\\src\\policymanagement.cpp", "EventData.LineNumber": "231"}
