{"EventID": "27", "Channel": "Microsoft-Windows-UniversalTelemetryClient/Operational", "Provider_Name": "Microsoft-Windows-UniversalTelemetryClient", "Computer": "DESKTOP-OFJ6N53", "TimeCreated": "2022-07-30 03:44:58.043840+00:00", "RecordID": "9637", "Level": "4", "UserID": "S-1-5-18", "EventData.Environment": "ServiceHost", "EventData.EventsUploaded": "4", "EventData.EventsDropped": "0", "EventData.LastEventlogWrittenTime": "133036244980343990"}
{"EventID": "27", "Channel": "Microsoft-Windows-UniversalTelemetryClient/Operational", "Provider_Name": "Microsoft-Windows-UniversalTelemetryClient", "Computer": "DESKTOP-OFJ6N53", "TimeCreated": "2022-07-30 04:14:58.047585+00:00", "RecordID": "9638", "Level": "4", "UserID": "S-1-5-18", "EventData.Environment": "ServiceHost", "EventData.EventsUploaded": "1", "EventData.EventsDropped": "2", "EventData.LastEventlogWrittenTime": "133036262980344662"}
{"EventID": "27", "Channel": "Microsoft-Windows-UniversalTelemetryClient/Operational", "Provider_Name": "Microsoft-Windows-UniversalTelemetryClient", "Computer": "DESKTOP-OFJ6N53", "TimeCreated": "2022-07-30 04:44:58.143814+00:00", "RecordID": "9639", "Level": "4", "UserID": "S-1-5-18", "EventData.Environment": "ServiceHost", "EventData.EventsUploaded": "3", "EventData.EventsDropped": "0", "EventData.LastEventlogWrittenTime": "133036280980441776"}
{"EventID": "27", "Channel": "Microsoft-Windows-UniversalTelemetryClient/Operational", "Provider_Name": "Microsoft-Windows-UniversalTelemetryClient", "Computer": "DESKTOP-OFJ6N53", "TimeCreated": "2022-07-30 05:14:58.148447+00:00", "RecordID": "9640", "Level": "4", "UserID": "S-1-5-18", "EventData.Environment": "ServiceHost", "EventData.EventsUploaded": "1", "EventData.EventsDropped": "0", "EventData.LastEventlogWrittenTime": "133036298981302537"}
{"EventID": "27", "Channel": "Microsoft-Windows-UniversalTelemetryClient/Operational", "Provider_Name": "Microsoft-Windows-UniversalTelemetryClient", "Computer": "DESKTOP-OFJ6N53", "TimeCreated": "2022-07-30 05:44:58.182901+00:00", "RecordID": "9641", "Level": "4", "UserID": "S-1-5-18", "EventData.Environment": "ServiceHost", "EventData.EventsUploaded": "3", "EventData.EventsDropped": "0", "EventData.LastEventlogWrittenTime": "133036316981386916"}
{"EventID": "27", "Channel": "Microsoft-Windows-UniversalTelemetryClient/Operational", "Provider_Name": "Microsoft-Windows-UniversalTelemetryClient", "Computer": "DESKTOP-OFJ6N53", "TimeCreated": "2022-07-30 06:14:58.187399+00:00", "RecordID": "9642", "Level": "4", "UserID": "S-1-5-18", "EventData.Environment": "ServiceHost", "EventData.EventsUploaded": "1", "EventData.EventsDropped": "0", "EventData.LastEventlogWrittenTime": "133036334981751922"}
{"EventID": "27", "Channel": "Microsoft-Windows-UniversalTelemetryClient/Operational", "Provider_Name": "Microsoft-Windows-UniversalTelemetryClient", "Computer": "DESKTOP-OFJ6N53", "TimeCreated": "2022-07-30 06:44:58.186672+00:00", "RecordID": "9643", "Level": "4", "UserID": "S-1-5-18", "EventData.Environment": "ServiceHost", "EventData.EventsUploaded": "1", "EventData.EventsDropped": "0", "EventData.LastEventlogWrittenTime": "133036352981824346"}
{"EventID": "27", "Channel": "Microsoft-Windows-UniversalTelemetryClient/Operational", "Provider_Name": "Microsoft-Windows-UniversalTelemetryClient", "Computer": "DESKTOP-OFJ6N53", "TimeCreated": "2022-07-30 07:14:58.201933+00:00", "RecordID": "9644", "Level": "4", "UserID": "S-1-5-18", "EventData.Environment": "ServiceHost", "EventData.EventsUploaded": "2", "EventData.EventsDropped": "0", "EventData.LastEventlogWrittenTime": "133036370981844363"}
{"EventID": "27", "Channel": "Microsoft-Windows-UniversalTelemetryClient/Operational", "Provider_Name": "Microsoft-Windows-UniversalTelemetryClient", "Computer": "DESKTOP-OFJ6N53", "TimeCreated": "2022-07-30 07:44:58.214252+00:00", "RecordID": "9645", "Level": "4", "UserID": "S-1-5-18", "EventData.Environment": "ServiceHost", "EventData.EventsUploaded": "4", "EventData.EventsDropped": "0", "EventData.LastEventlogWrittenTime": "133036388981963505"}
{"EventID": "27", "Channel": "Microsoft-Windows-UniversalTelemetryClient/Operational", "Provider_Name": "Microsoft-Windows-UniversalTelemetryClient", "Computer": "DESKTOP-OFJ6N53", "TimeCreated": "2022-07-30 08:14:58.202148+00:00", "RecordID": "9646", "Level": "4", "UserID": "S-1-5-18", "EventData.Environment": "ServiceHost", "EventData.EventsUploaded": "1", "EventData.EventsDropped": "0", "EventData.LastEventlogWrittenTime": "133036406982123511"}
{"EventID": "27", "Channel": "Microsoft-Windows-UniversalTelemetryClient/Operational", "Provider_Name": "Microsoft-Windows-UniversalTelemetryClient", "Computer": "DESKTOP-OFJ6N53", "TimeCreated": "2022-07-30 08:45:00.307840+00:00", "RecordID": "9647", "Level": "4", "UserID": "S-1-5-18", "EventData.Environment": "ServiceHost", "EventData.EventsUploaded": "13", "EventData.EventsDropped": "8", "EventData.LastEventlogWrittenTime": "133036424981924712"}
{"EventID": "27", "Channel": "Microsoft-Windows-UniversalTelemetryClient/Operational", "Provider_Name": "Microsoft-Windows-UniversalTelemetryClient", "Computer": "DESKTOP-OFJ6N53", "TimeCreated": "2022-07-30 09:15:00.310371+00:00", "RecordID": "9648", "Level": "4", "UserID": "S-1-5-18", "EventData.Environment": "ServiceHost", "EventData.EventsUploaded": "31", "EventData.EventsDropped": "2", "EventData.LastEventlogWrittenTime": "133036443002974361"}
{"EventID": "27", "Channel": "Microsoft-Windows-UniversalTelemetryClient/Operational", "Provider_Name": "Microsoft-Windows-UniversalTelemetryClient", "Computer": "DESKTOP-OFJ6N53", "TimeCreated": "2022-07-30 09:45:00.317446+00:00", "RecordID": "9649", "Level": "4", "UserID": "S-1-5-18", "EventData.Environment": "ServiceHost", "EventData.EventsUploaded": "1", "EventData.EventsDropped": "0", "EventData.LastEventlogWrittenTime": "133036461003002117"}
{"EventID": "27", "Channel": "Microsoft-Windows-UniversalTelemetryClient/Operational", "Provider_Name": "Microsoft-Windows-UniversalTelemetryClient", "Computer": "DESKTOP-OFJ6N53", "TimeCreated": "2022-07-30 10:15:00.432959+00:00", "RecordID": "9650", "Level": "4", "UserID": "S-1-5-18", "EventData.Environment": "ServiceHost", "EventData.EventsUploaded": "1", "EventData.EventsDropped": "0", "EventData.LastEventlogWrittenTime": "133036479003151325"}
{"EventID": "27", "Channel": "Microsoft-Windows-UniversalTelemetryClient/Operational", "Provider_Name": "Microsoft-Windows-UniversalTelemetryClient", "Computer": "DESKTOP-OFJ6N53", "TimeCreated": "2022-07-30 10:45:00.428024+00:00", "RecordID": "9651", "Level": "4", "UserID": "S-1-5-18", "EventData.Environment": "ServiceHost", "EventData.EventsUploaded": "1", "EventData.EventsDropped": "0", "EventData.LastEventlogWrittenTime": "133036497004270611"}
{"EventID": "27", "Channel": "Microsoft-Windows-UniversalTelemetryClient/Operational", "Provider_Name": "Microsoft-Windows-UniversalTelemetryClient", "Computer": "DESKTOP-OFJ6N53", "TimeCreated": "2022-07-30 11:15:00.451469+00:00", "RecordID": "9652", "Level": "4", "UserID": "S-1-5-18", "EventData.Environment": "ServiceHost", "EventData.EventsUploaded": "91", "EventData.EventsDropped": "0", "EventData.LastEventlogWrittenTime": "133036515004223344"}
{"EventID": "1", "Channel": "Microsoft-Windows-UniversalTelemetryClient/Operational", "Provider_Name": "Microsoft-Windows-UniversalTelemetryClient", "Computer": "DESKTOP-OFJ6N53", "TimeCreated": "2022-07-30 11:21:55.544840+00:00", "RecordID": "9653", "Level": "4", "UserID": "S-1-5-18", "EventData.Environment": "ServiceHost", "EventData.IKey": "P-ARIA-4bb4d6f7cafc4e9292f972dca2dcde42-bd019ee8-e59c-4b0f-a02c-84e72157a3ef-7485", "EventData.DiskSizeInBytes": "8388608", "EventData.DailyUploadQuotaInBytes": "0", "EventData.HRESULT": "2147943642"}
{"EventID": "1", "Channel": "Microsoft-Windows-UniversalTelemetryClient/Operational", "Provider_Name": "Microsoft-Windows-UniversalTelemetryClient", "Computer": "DESKTOP-OFJ6N53", "TimeCreated": "2022-07-30 11:21:55.561607+00:00", "RecordID": "9654", "Level": "4", "UserID": "S-1-5-18", "EventData.Environment": "ServiceHost", "EventData.IKey": "P-ARIA-5476d0c4a7a347909c4b8a13078d4390-f8bdcecf-243f-40f8-b7c3-b9c44a57dead-7230", "EventData.DiskSizeInBytes": "8388608", "EventData.DailyUploadQuotaInBytes": "0", "EventData.HRESULT": "2147943642"}
{"EventID": "27", "Channel": "Microsoft-Windows-UniversalTelemetryClient/Operational", "Provider_Name": "Microsoft-Windows-UniversalTelemetryClient", "Computer": "DESKTOP-OFJ6N53", "TimeCreated": "2022-07-30 11:45:00.530073+00:00", "RecordID": "9655", "Level": "4", "UserID": "S-1-5-18", "EventData.Environment": "ServiceHost", "EventData.EventsUploaded": "6", "EventData.EventsDropped": "0", "EventData.LastEventlogWrittenTime": "133036533004481067"}
{"EventID": "27", "Channel": "Microsoft-Windows-UniversalTelemetryClient/Operational", "Provider_Name": "Microsoft-Windows-UniversalTelemetryClient", "Computer": "DESKTOP-OFJ6N53", "TimeCreated": "2022-07-30 12:15:00.556808+00:00", "RecordID": "9656", "Level": "4", "UserID": "S-1-5-18", "EventData.Environment": "ServiceHost", "EventData.EventsUploaded": "1", "EventData.EventsDropped": "2", "EventData.LastEventlogWrittenTime": "133036551005252537"}
{"EventID": "27", "Channel": "Microsoft-Windows-UniversalTelemetryClient/Operational", "Provider_Name": "Microsoft-Windows-UniversalTelemetryClient", "Computer": "DESKTOP-OFJ6N53", "TimeCreated": "2022-07-30 12:45:00.571274+00:00", "RecordID": "9657", "Level": "4", "UserID": "S-1-5-18", "EventData.Environment": "ServiceHost", "EventData.EventsUploaded": "3", "EventData.EventsDropped": "0", "EventData.LastEventlogWrittenTime": "133036569005492955"}
{"EventID": "1", "Channel": "Microsoft-Windows-UniversalTelemetryClient/Operational", "Provider_Name": "Microsoft-Windows-UniversalTelemetryClient", "Computer": "DESKTOP-OFJ6N53", "TimeCreated": "2022-07-30 13:06:35.855024+00:00", "RecordID": "9658", "Level": "4", "UserID": "S-1-5-18", "EventData.Environment": "ServiceHost", "EventData.IKey": "P-ARIA-4bb4d6f7cafc4e9292f972dca2dcde42-bd019ee8-e59c-4b0f-a02c-84e72157a3ef-7485", "EventData.DiskSizeInBytes": "8388608", "EventData.DailyUploadQuotaInBytes": "0", "EventData.HRESULT": "2147943642"}
{"EventID": "1", "Channel": "Microsoft-Windows-UniversalTelemetryClient/Operational", "Provider_Name": "Microsoft-Windows-UniversalTelemetryClient", "Computer": "DESKTOP-OFJ6N53", "TimeCreated": "2022-07-30 13:06:35.874893+00:00", "RecordID": "9659", "Level": "4", "UserID": "S-1-5-18", "EventData.Environment": "ServiceHost", "EventData.IKey": "P-ARIA-5476d0c4a7a347909c4b8a13078d4390-f8bdcecf-243f-40f8-b7c3-b9c44a57dead-7230", "EventData.DiskSizeInBytes": "8388608", "EventData.DailyUploadQuotaInBytes": "0", "EventData.HRESULT": "2147943642"}
{"EventID": "27", "Channel": "Microsoft-Windows-UniversalTelemetryClient/Operational", "Provider_Name": "Microsoft-Windows-UniversalTelemetryClient", "Computer": "DESKTOP-OFJ6N53", "TimeCreated": "2022-07-30 13:15:00.573351+00:00", "RecordID": "9660", "Level": "4", "UserID": "S-1-5-18", "EventData.Environment": "ServiceHost", "EventData.EventsUploaded": "1", "EventData.EventsDropped": "0", "EventData.LastEventlogWrittenTime": "133036587005650332"}
{"EventID": "27", "Channel": "Microsoft-Windows-UniversalTelemetryClient/Operational", "Provider_Name": "Microsoft-Windows-UniversalTelemetryClient", "Computer": "DESKTOP-OFJ6N53", "TimeCreated": "2022-07-30 13:45:00.655832+00:00", "RecordID": "9661", "Level": "4", "UserID": "S-1-5-18", "EventData.Environment": "ServiceHost", "EventData.EventsUploaded": "6", "EventData.EventsDropped": "0", "EventData.LastEventlogWrittenTime": "133036605005727532"}
{"EventID": "27", "Channel": "Microsoft-Windows-UniversalTelemetryClient/Operational", "Provider_Name": "Microsoft-Windows-UniversalTelemetryClient", "Computer": "DESKTOP-OFJ6N53", "TimeCreated": "2022-07-30 14:15:00.645407+00:00", "RecordID": "9662", "Level": "4", "UserID": "S-1-5-18", "EventData.Environment": "ServiceHost", "EventData.EventsUploaded": "1", "EventData.EventsDropped": "0", "EventData.LastEventlogWrittenTime": "133036623006451225"}
{"EventID": "27", "Channel": "Microsoft-Windows-UniversalTelemetryClient/Operational", "Provider_Name": "Microsoft-Windows-UniversalTelemetryClient", "Computer": "DESKTOP-OFJ6N53", "TimeCreated": "2022-07-30 14:45:00.685053+00:00", "RecordID": "9663", "Level": "4", "UserID": "S-1-5-18", "EventData.Environment": "ServiceHost", "EventData.EventsUploaded": "1", "EventData.EventsDropped": "1", "EventData.LastEventlogWrittenTime": "133036641006398186"}
{"EventID": "27", "Channel": "Microsoft-Windows-UniversalTelemetryClient/Operational", "Provider_Name": "Microsoft-Windows-UniversalTelemetryClient", "Computer": "DESKTOP-OFJ6N53", "TimeCreated": "2022-07-30 15:15:00.682505+00:00", "RecordID": "9664", "Level": "4", "UserID": "S-1-5-18", "EventData.Environment": "ServiceHost", "EventData.EventsUploaded": "4", "EventData.EventsDropped": "0", "EventData.LastEventlogWrittenTime": "133036659006750201"}
{"EventID": "27", "Channel": "Microsoft-Windows-UniversalTelemetryClient/Operational", "Provider_Name": "Microsoft-Windows-UniversalTelemetryClient", "Computer": "DESKTOP-OFJ6N53", "TimeCreated": "2022-07-30 15:45:00.802124+00:00", "RecordID": "9665", "Level": "4", "UserID": "S-1-5-18", "EventData.Environment": "ServiceHost", "EventData.EventsUploaded": "6", "EventData.EventsDropped": "0", "EventData.LastEventlogWrittenTime": "133036677006780189"}
{"EventID": "27", "Channel": "Microsoft-Windows-UniversalTelemetryClient/Operational", "Provider_Name": "Microsoft-Windows-UniversalTelemetryClient", "Computer": "DESKTOP-OFJ6N53", "TimeCreated": "2022-07-30 16:15:00.804996+00:00", "RecordID": "9666", "Level": "4", "UserID": "S-1-5-18", "EventData.Environment": "ServiceHost", "EventData.EventsUploaded": "1", "EventData.EventsDropped": "0", "EventData.LastEventlogWrittenTime": "133036695008002790"}
{"EventID": "27", "Channel": "Microsoft-Windows-UniversalTelemetryClient/Operational", "Provider_Name": "Microsoft-Windows-UniversalTelemetryClient", "Computer": "DESKTOP-OFJ6N53", "TimeCreated": "2022-07-30 16:45:00.829226+00:00", "RecordID": "9667", "Level": "4", "UserID": "S-1-5-18", "EventData.Environment": "ServiceHost", "EventData.EventsUploaded": "6", "EventData.EventsDropped": "6", "EventData.LastEventlogWrittenTime": "133036713008044324"}
{"EventID": "27", "Channel": "Microsoft-Windows-UniversalTelemetryClient/Operational", "Provider_Name": "Microsoft-Windows-UniversalTelemetryClient", "Computer": "DESKTOP-OFJ6N53", "TimeCreated": "2022-07-30 17:15:00.855700+00:00", "RecordID": "9668", "Level": "4", "UserID": "S-1-5-18", "EventData.Environment": "ServiceHost", "EventData.EventsUploaded": "8", "EventData.EventsDropped": "2", "EventData.LastEventlogWrittenTime": "133036731008224025"}
{"EventID": "27", "Channel": "Microsoft-Windows-UniversalTelemetryClient/Operational", "Provider_Name": "Microsoft-Windows-UniversalTelemetryClient", "Computer": "DESKTOP-OFJ6N53", "TimeCreated": "2022-07-30 17:45:00.860189+00:00", "RecordID": "9669", "Level": "4", "UserID": "S-1-5-18", "EventData.Environment": "ServiceHost", "EventData.EventsUploaded": "3", "EventData.EventsDropped": "0", "EventData.LastEventlogWrittenTime": "133036749008458569"}
{"EventID": "27", "Channel": "Microsoft-Windows-UniversalTelemetryClient/Operational", "Provider_Name": "Microsoft-Windows-UniversalTelemetryClient", "Computer": "DESKTOP-OFJ6N53", "TimeCreated": "2022-07-30 18:15:00.892010+00:00", "RecordID": "9670", "Level": "4", "UserID": "S-1-5-18", "EventData.Environment": "ServiceHost", "EventData.EventsUploaded": "1", "EventData.EventsDropped": "0", "EventData.LastEventlogWrittenTime": "133036767008599756"}
{"EventID": "27", "Channel": "Microsoft-Windows-UniversalTelemetryClient/Operational", "Provider_Name": "Microsoft-Windows-UniversalTelemetryClient", "Computer": "DESKTOP-OFJ6N53", "TimeCreated": "2022-07-30 18:45:00.918310+00:00", "RecordID": "9671", "Level": "4", "UserID": "S-1-5-18", "EventData.Environment": "ServiceHost", "EventData.EventsUploaded": "1", "EventData.EventsDropped": "0", "EventData.LastEventlogWrittenTime": "133036785008838790"}
{"EventID": "1", "Channel": "Microsoft-Windows-UniversalTelemetryClient/Operational", "Provider_Name": "Microsoft-Windows-UniversalTelemetryClient", "Computer": "DESKTOP-OFJ6N53", "TimeCreated": "2022-07-30 18:56:13.363125+00:00", "RecordID": "9672", "Level": "4", "UserID": "S-1-5-18", "EventData.Environment": "ServiceHost", "EventData.IKey": "P-ARIA-af397ef28e484961ba48646a5d38cf54-77418283-d6f6-4a90-b0c8-37e0f5e7b087-7425", "EventData.DiskSizeInBytes": "8388608", "EventData.DailyUploadQuotaInBytes": "0", "EventData.HRESULT": "2147943642"}
{"EventID": "27", "Channel": "Microsoft-Windows-UniversalTelemetryClient/Operational", "Provider_Name": "Microsoft-Windows-UniversalTelemetryClient", "Computer": "DESKTOP-OFJ6N53", "TimeCreated": "2022-07-30 19:15:00.927702+00:00", "RecordID": "9673", "Level": "4", "UserID": "S-1-5-18", "EventData.Environment": "ServiceHost", "EventData.EventsUploaded": "15", "EventData.EventsDropped": "0", "EventData.LastEventlogWrittenTime": "133036803009139145"}
{"EventID": "27", "Channel": "Microsoft-Windows-UniversalTelemetryClient/Operational", "Provider_Name": "Microsoft-Windows-UniversalTelemetryClient", "Computer": "DESKTOP-OFJ6N53", "TimeCreated": "2022-07-30 19:45:00.948132+00:00", "RecordID": "9674", "Level": "4", "UserID": "S-1-5-18", "EventData.Environment": "ServiceHost", "EventData.EventsUploaded": "5", "EventData.EventsDropped": "0", "EventData.LastEventlogWrittenTime": "133036821009245204"}
{"EventID": "1", "Channel": "Microsoft-Windows-UniversalTelemetryClient/Operational", "Provider_Name": "Microsoft-Windows-UniversalTelemetryClient", "Computer": "DESKTOP-OFJ6N53", "TimeCreated": "2022-07-30 19:53:12.802217+00:00", "RecordID": "9675", "Level": "4", "UserID": "S-1-5-18", "EventData.Environment": "ServiceHost", "EventData.IKey": "P-ARIA-af397ef28e484961ba48646a5d38cf54-77418283-d6f6-4a90-b0c8-37e0f5e7b087-7425", "EventData.DiskSizeInBytes": "8388608", "EventData.DailyUploadQuotaInBytes": "0", "EventData.HRESULT": "2147943642"}
{"EventID": "27", "Channel": "Microsoft-Windows-UniversalTelemetryClient/Operational", "Provider_Name": "Microsoft-Windows-UniversalTelemetryClient", "Computer": "DESKTOP-OFJ6N53", "TimeCreated": "2022-07-30 20:15:00.927736+00:00", "RecordID": "9676", "Level": "4", "UserID": "S-1-5-18", "EventData.Environment": "ServiceHost", "EventData.EventsUploaded": "2", "EventData.EventsDropped": "0", "EventData.LastEventlogWrittenTime": "133036839009443025"}
{"EventID": "27", "Channel": "Microsoft-Windows-UniversalTelemetryClient/Operational", "Provider_Name": "Microsoft-Windows-UniversalTelemetryClient", "Computer": "DESKTOP-OFJ6N53", "TimeCreated": "2022-07-30 20:45:01.039360+00:00", "RecordID": "9677", "Level": "4", "UserID": "S-1-5-18", "EventData.Environment": "ServiceHost", "EventData.EventsUploaded": "8", "EventData.EventsDropped": "2", "EventData.LastEventlogWrittenTime": "133036857009194630"}
{"EventID": "27", "Channel": "Microsoft-Windows-UniversalTelemetryClient/Operational", "Provider_Name": "Microsoft-Windows-UniversalTelemetryClient", "Computer": "DESKTOP-OFJ6N53", "TimeCreated": "2022-07-30 21:15:01.040462+00:00", "RecordID": "9678", "Level": "4", "UserID": "S-1-5-18", "EventData.Environment": "ServiceHost", "EventData.EventsUploaded": "6", "EventData.EventsDropped": "0", "EventData.LastEventlogWrittenTime": "133036875010255931"}
{"EventID": "27", "Channel": "Microsoft-Windows-UniversalTelemetryClient/Operational", "Provider_Name": "Microsoft-Windows-UniversalTelemetryClient", "Computer": "DESKTOP-OFJ6N53", "TimeCreated": "2022-07-30 21:45:01.047880+00:00", "RecordID": "9679", "Level": "4", "UserID": "S-1-5-18", "EventData.Environment": "ServiceHost", "EventData.EventsUploaded": "3", "EventData.EventsDropped": "0", "EventData.LastEventlogWrittenTime": "133036893010364058"}
{"EventID": "27", "Channel": "Microsoft-Windows-UniversalTelemetryClient/Operational", "Provider_Name": "Microsoft-Windows-UniversalTelemetryClient", "Computer": "DESKTOP-OFJ6N53", "TimeCreated": "2022-07-30 22:15:01.078985+00:00", "RecordID": "9680", "Level": "4", "UserID": "S-1-5-18", "EventData.Environment": "ServiceHost", "EventData.EventsUploaded": "1", "EventData.EventsDropped": "0", "EventData.LastEventlogWrittenTime": "133036911010403436"}
{"EventID": "27", "Channel": "Microsoft-Windows-UniversalTelemetryClient/Operational", "Provider_Name": "Microsoft-Windows-UniversalTelemetryClient", "Computer": "DESKTOP-OFJ6N53", "TimeCreated": "2022-07-30 22:45:01.084648+00:00", "RecordID": "9681", "Level": "4", "UserID": "S-1-5-18", "EventData.Environment": "ServiceHost", "EventData.EventsUploaded": "1", "EventData.EventsDropped": "0", "EventData.LastEventlogWrittenTime": "133036929010743817"}
{"EventID": "27", "Channel": "Microsoft-Windows-UniversalTelemetryClient/Operational", "Provider_Name": "Microsoft-Windows-UniversalTelemetryClient", "Computer": "DESKTOP-OFJ6N53", "TimeCreated": "2022-07-30 23:15:01.066978+00:00", "RecordID": "9682", "Level": "4", "UserID": "S-1-5-18", "EventData.Environment": "ServiceHost", "EventData.EventsUploaded": "2", "EventData.EventsDropped": "0", "EventData.LastEventlogWrittenTime": "133036947010819237"}
{"EventID": "27", "Channel": "Microsoft-Windows-UniversalTelemetryClient/Operational", "Provider_Name": "Microsoft-Windows-UniversalTelemetryClient", "Computer": "DESKTOP-OFJ6N53", "TimeCreated": "2022-07-30 23:45:01.131916+00:00", "RecordID": "9683", "Level": "4", "UserID": "S-1-5-18", "EventData.Environment": "ServiceHost", "EventData.EventsUploaded": "4", "EventData.EventsDropped": "0", "EventData.LastEventlogWrittenTime": "133036965010614312"}
{"EventID": "27", "Channel": "Microsoft-Windows-UniversalTelemetryClient/Operational", "Provider_Name": "Microsoft-Windows-UniversalTelemetryClient", "Computer": "DESKTOP-OFJ6N53", "TimeCreated": "2022-07-31 00:15:01.142944+00:00", "RecordID": "9684", "Level": "4", "UserID": "S-1-5-18", "EventData.Environment": "ServiceHost", "EventData.EventsUploaded": "1", "EventData.EventsDropped": "0", "EventData.LastEventlogWrittenTime": "133036983011290778"}
{"EventID": "27", "Channel": "Microsoft-Windows-UniversalTelemetryClient/Operational", "Provider_Name": "Microsoft-Windows-UniversalTelemetryClient", "Computer": "DESKTOP-OFJ6N53", "TimeCreated": "2022-07-31 00:45:01.146095+00:00", "RecordID": "9685", "Level": "4", "UserID": "S-1-5-18", "EventData.Environment": "ServiceHost", "EventData.EventsUploaded": "3", "EventData.EventsDropped": "2", "EventData.LastEventlogWrittenTime": "133037001011380303"}
{"EventID": "27", "Channel": "Microsoft-Windows-UniversalTelemetryClient/Operational", "Provider_Name": "Microsoft-Windows-UniversalTelemetryClient", "Computer": "DESKTOP-OFJ6N53", "TimeCreated": "2022-07-31 01:15:01.150074+00:00", "RecordID": "9686", "Level": "4", "UserID": "S-1-5-18", "EventData.Environment": "ServiceHost", "EventData.EventsUploaded": "3", "EventData.EventsDropped": "0", "EventData.LastEventlogWrittenTime": "133037019011450544"}
{"EventID": "27", "Channel": "Microsoft-Windows-UniversalTelemetryClient/Operational", "Provider_Name": "Microsoft-Windows-UniversalTelemetryClient", "Computer": "DESKTOP-OFJ6N53", "TimeCreated": "2022-07-31 01:45:01.169529+00:00", "RecordID": "9687", "Level": "4", "UserID": "S-1-5-18", "EventData.Environment": "ServiceHost", "EventData.EventsUploaded": "3", "EventData.EventsDropped": "0", "EventData.LastEventlogWrittenTime": "133037037011452620"}
{"EventID": "27", "Channel": "Microsoft-Windows-UniversalTelemetryClient/Operational", "Provider_Name": "Microsoft-Windows-UniversalTelemetryClient", "Computer": "DESKTOP-OFJ6N53", "TimeCreated": "2022-07-31 02:15:01.189850+00:00", "RecordID": "9688", "Level": "4", "UserID": "S-1-5-18", "EventData.Environment": "ServiceHost", "EventData.EventsUploaded": "27", "EventData.EventsDropped": "0", "EventData.LastEventlogWrittenTime": "133037055011651462"}
{"EventID": "27", "Channel": "Microsoft-Windows-UniversalTelemetryClient/Operational", "Provider_Name": "Microsoft-Windows-UniversalTelemetryClient", "Computer": "DESKTOP-OFJ6N53", "TimeCreated": "2022-07-31 02:45:01.188848+00:00", "RecordID": "9689", "Level": "4", "UserID": "S-1-5-18", "EventData.Environment": "ServiceHost", "EventData.EventsUploaded": "1", "EventData.EventsDropped": "0", "EventData.LastEventlogWrittenTime": "133037073011883696"}
{"EventID": "27", "Channel": "Microsoft-Windows-UniversalTelemetryClient/Operational", "Provider_Name": "Microsoft-Windows-UniversalTelemetryClient", "Computer": "DESKTOP-OFJ6N53", "TimeCreated": "2022-07-31 03:15:01.205824+00:00", "RecordID": "9690", "Level": "4", "UserID": "S-1-5-18", "EventData.Environment": "ServiceHost", "EventData.EventsUploaded": "2", "EventData.EventsDropped": "0", "EventData.LastEventlogWrittenTime": "133037091011734691"}
{"EventID": "27", "Channel": "Microsoft-Windows-UniversalTelemetryClient/Operational", "Provider_Name": "Microsoft-Windows-UniversalTelemetryClient", "Computer": "DESKTOP-OFJ6N53", "TimeCreated": "2022-07-31 03:45:01.254343+00:00", "RecordID": "9691", "Level": "4", "UserID": "S-1-5-18", "EventData.Environment": "ServiceHost", "EventData.EventsUploaded": "4", "EventData.EventsDropped": "0", "EventData.LastEventlogWrittenTime": "133037109012030833"}
{"EventID": "27", "Channel": "Microsoft-Windows-UniversalTelemetryClient/Operational", "Provider_Name": "Microsoft-Windows-UniversalTelemetryClient", "Computer": "DESKTOP-OFJ6N53", "TimeCreated": "2022-07-31 04:15:01.274046+00:00", "RecordID": "9692", "Level": "4", "UserID": "S-1-5-18", "EventData.Environment": "ServiceHost", "EventData.EventsUploaded": "1", "EventData.EventsDropped": "0", "EventData.LastEventlogWrittenTime": "133037127012473642"}
{"EventID": "27", "Channel": "Microsoft-Windows-UniversalTelemetryClient/Operational", "Provider_Name": "Microsoft-Windows-UniversalTelemetryClient", "Computer": "DESKTOP-OFJ6N53", "TimeCreated": "2022-07-31 04:45:01.301874+00:00", "RecordID": "9693", "Level": "4", "UserID": "S-1-5-18", "EventData.Environment": "ServiceHost", "EventData.EventsUploaded": "3", "EventData.EventsDropped": "2", "EventData.LastEventlogWrittenTime": "133037145012696190"}
{"EventID": "27", "Channel": "Microsoft-Windows-UniversalTelemetryClient/Operational", "Provider_Name": "Microsoft-Windows-UniversalTelemetryClient", "Computer": "DESKTOP-OFJ6N53", "TimeCreated": "2022-07-31 05:15:01.290224+00:00", "RecordID": "9694", "Level": "4", "UserID": "S-1-5-18", "EventData.Environment": "ServiceHost", "EventData.EventsUploaded": "3", "EventData.EventsDropped": "0", "EventData.LastEventlogWrittenTime": "133037163013003569"}
{"EventID": "27", "Channel": "Microsoft-Windows-UniversalTelemetryClient/Operational", "Provider_Name": "Microsoft-Windows-UniversalTelemetryClient", "Computer": "DESKTOP-OFJ6N53", "TimeCreated": "2022-07-31 05:45:01.376322+00:00", "RecordID": "9695", "Level": "4", "UserID": "S-1-5-18", "EventData.Environment": "ServiceHost", "EventData.EventsUploaded": "3", "EventData.EventsDropped": "0", "EventData.LastEventlogWrittenTime": "133037181012806305"}
{"EventID": "27", "Channel": "Microsoft-Windows-UniversalTelemetryClient/Operational", "Provider_Name": "Microsoft-Windows-UniversalTelemetryClient", "Computer": "DESKTOP-OFJ6N53", "TimeCreated": "2022-07-31 06:15:01.398804+00:00", "RecordID": "9696", "Level": "4", "UserID": "S-1-5-18", "EventData.Environment": "ServiceHost", "EventData.EventsUploaded": "1", "EventData.EventsDropped": "0", "EventData.LastEventlogWrittenTime": "133037199013721071"}
{"EventID": "27", "Channel": "Microsoft-Windows-UniversalTelemetryClient/Operational", "Provider_Name": "Microsoft-Windows-UniversalTelemetryClient", "Computer": "DESKTOP-OFJ6N53", "TimeCreated": "2022-07-31 06:45:01.406864+00:00", "RecordID": "9697", "Level": "4", "UserID": "S-1-5-18", "EventData.Environment": "ServiceHost", "EventData.EventsUploaded": "1", "EventData.EventsDropped": "0", "EventData.LastEventlogWrittenTime": "133037217013961047"}
{"EventID": "27", "Channel": "Microsoft-Windows-UniversalTelemetryClient/Operational", "Provider_Name": "Microsoft-Windows-UniversalTelemetryClient", "Computer": "DESKTOP-OFJ6N53", "TimeCreated": "2022-07-31 07:15:01.459808+00:00", "RecordID": "9698", "Level": "4", "UserID": "S-1-5-18", "EventData.Environment": "ServiceHost", "EventData.EventsUploaded": "2", "EventData.EventsDropped": "0", "EventData.LastEventlogWrittenTime": "133037235013996542"}
{"EventID": "27", "Channel": "Microsoft-Windows-UniversalTelemetryClient/Operational", "Provider_Name": "Microsoft-Windows-UniversalTelemetryClient", "Computer": "DESKTOP-OFJ6N53", "TimeCreated": "2022-07-31 07:45:01.471378+00:00", "RecordID": "9699", "Level": "4", "UserID": "S-1-5-18", "EventData.Environment": "ServiceHost", "EventData.EventsUploaded": "4", "EventData.EventsDropped": "0", "EventData.LastEventlogWrittenTime": "133037253014557043"}
{"EventID": "27", "Channel": "Microsoft-Windows-UniversalTelemetryClient/Operational", "Provider_Name": "Microsoft-Windows-UniversalTelemetryClient", "Computer": "DESKTOP-OFJ6N53", "TimeCreated": "2022-07-31 08:15:01.477442+00:00", "RecordID": "9700", "Level": "4", "UserID": "S-1-5-18", "EventData.Environment": "ServiceHost", "EventData.EventsUploaded": "1", "EventData.EventsDropped": "0", "EventData.LastEventlogWrittenTime": "133037271014643590"}
{"EventID": "27", "Channel": "Microsoft-Windows-UniversalTelemetryClient/Operational", "Provider_Name": "Microsoft-Windows-UniversalTelemetryClient", "Computer": "DESKTOP-OFJ6N53", "TimeCreated": "2022-07-31 08:45:03.058104+00:00", "RecordID": "9701", "Level": "4", "UserID": "S-1-5-18", "EventData.Environment": "ServiceHost", "EventData.EventsUploaded": "3", "EventData.EventsDropped": "6", "EventData.LastEventlogWrittenTime": "133037289014748063"}
{"EventID": "27", "Channel": "Microsoft-Windows-UniversalTelemetryClient/Operational", "Provider_Name": "Microsoft-Windows-UniversalTelemetryClient", "Computer": "DESKTOP-OFJ6N53", "TimeCreated": "2022-07-31 09:15:03.082932+00:00", "RecordID": "9702", "Level": "4", "UserID": "S-1-5-18", "EventData.Environment": "ServiceHost", "EventData.EventsUploaded": "8", "EventData.EventsDropped": "2", "EventData.LastEventlogWrittenTime": "133037307030538812"}
{"EventID": "27", "Channel": "Microsoft-Windows-UniversalTelemetryClient/Operational", "Provider_Name": "Microsoft-Windows-UniversalTelemetryClient", "Computer": "DESKTOP-OFJ6N53", "TimeCreated": "2022-07-31 09:45:03.255919+00:00", "RecordID": "9703", "Level": "4", "UserID": "S-1-5-18", "EventData.Environment": "ServiceHost", "EventData.EventsUploaded": "1", "EventData.EventsDropped": "0", "EventData.LastEventlogWrittenTime": "133037325030717699"}
{"EventID": "27", "Channel": "Microsoft-Windows-UniversalTelemetryClient/Operational", "Provider_Name": "Microsoft-Windows-UniversalTelemetryClient", "Computer": "DESKTOP-OFJ6N53", "TimeCreated": "2022-07-31 10:15:03.238684+00:00", "RecordID": "9704", "Level": "4", "UserID": "S-1-5-18", "EventData.Environment": "ServiceHost", "EventData.EventsUploaded": "1", "EventData.EventsDropped": "0", "EventData.LastEventlogWrittenTime": "133037343032532412"}
{"EventID": "27", "Channel": "Microsoft-Windows-UniversalTelemetryClient/Operational", "Provider_Name": "Microsoft-Windows-UniversalTelemetryClient", "Computer": "DESKTOP-OFJ6N53", "TimeCreated": "2022-07-31 10:45:03.223270+00:00", "RecordID": "9705", "Level": "4", "UserID": "S-1-5-18", "EventData.Environment": "ServiceHost", "EventData.EventsUploaded": "1", "EventData.EventsDropped": "0", "EventData.LastEventlogWrittenTime": "133037361032237618"}
{"EventID": "1", "Channel": "Microsoft-Windows-UniversalTelemetryClient/Operational", "Provider_Name": "Microsoft-Windows-UniversalTelemetryClient", "Computer": "DESKTOP-OFJ6N53", "TimeCreated": "2022-07-31 11:02:30.476524+00:00", "RecordID": "9706", "Level": "4", "UserID": "S-1-5-18", "EventData.Environment": "ServiceHost", "EventData.IKey": "P-ARIA-4bb4d6f7cafc4e9292f972dca2dcde42-bd019ee8-e59c-4b0f-a02c-84e72157a3ef-7485", "EventData.DiskSizeInBytes": "8388608", "EventData.DailyUploadQuotaInBytes": "0", "EventData.HRESULT": "2147943642"}
{"EventID": "1", "Channel": "Microsoft-Windows-UniversalTelemetryClient/Operational", "Provider_Name": "Microsoft-Windows-UniversalTelemetryClient", "Computer": "DESKTOP-OFJ6N53", "TimeCreated": "2022-07-31 11:02:30.693520+00:00", "RecordID": "9707", "Level": "4", "UserID": "S-1-5-18", "EventData.Environment": "ServiceHost", "EventData.IKey": "P-ARIA-5476d0c4a7a347909c4b8a13078d4390-f8bdcecf-243f-40f8-b7c3-b9c44a57dead-7230", "EventData.DiskSizeInBytes": "8388608", "EventData.DailyUploadQuotaInBytes": "0", "EventData.HRESULT": "2147943642"}
{"EventID": "27", "Channel": "Microsoft-Windows-UniversalTelemetryClient/Operational", "Provider_Name": "Microsoft-Windows-UniversalTelemetryClient", "Computer": "DESKTOP-OFJ6N53", "TimeCreated": "2022-07-31 11:15:03.336571+00:00", "RecordID": "9708", "Level": "4", "UserID": "S-1-5-18", "EventData.Environment": "ServiceHost", "EventData.EventsUploaded": "1", "EventData.EventsDropped": "0", "EventData.LastEventlogWrittenTime": "133037379032227163"}
{"EventID": "1", "Channel": "Microsoft-Windows-UniversalTelemetryClient/Operational", "Provider_Name": "Microsoft-Windows-UniversalTelemetryClient", "Computer": "DESKTOP-OFJ6N53", "TimeCreated": "2022-07-31 11:21:55.010170+00:00", "RecordID": "9709", "Level": "4", "UserID": "S-1-5-18", "EventData.Environment": "ServiceHost", "EventData.IKey": "P-ARIA-4bb4d6f7cafc4e9292f972dca2dcde42-bd019ee8-e59c-4b0f-a02c-84e72157a3ef-7485", "EventData.DiskSizeInBytes": "8388608", "EventData.DailyUploadQuotaInBytes": "0", "EventData.HRESULT": "2147943642"}
{"EventID": "1", "Channel": "Microsoft-Windows-UniversalTelemetryClient/Operational", "Provider_Name": "Microsoft-Windows-UniversalTelemetryClient", "Computer": "DESKTOP-OFJ6N53", "TimeCreated": "2022-07-31 11:21:55.013285+00:00", "RecordID": "9710", "Level": "4", "UserID": "S-1-5-18", "EventData.Environment": "ServiceHost", "EventData.IKey": "P-ARIA-5476d0c4a7a347909c4b8a13078d4390-f8bdcecf-243f-40f8-b7c3-b9c44a57dead-7230", "EventData.DiskSizeInBytes": "8388608", "EventData.DailyUploadQuotaInBytes": "0", "EventData.HRESULT": "2147943642"}
{"EventID": "27", "Channel": "Microsoft-Windows-UniversalTelemetryClient/Operational", "Provider_Name": "Microsoft-Windows-UniversalTelemetryClient", "Computer": "DESKTOP-OFJ6N53", "TimeCreated": "2022-07-31 11:45:03.360561+00:00", "RecordID": "9711", "Level": "4", "UserID": "S-1-5-18", "EventData.Environment": "ServiceHost", "EventData.EventsUploaded": "8", "EventData.EventsDropped": "0", "EventData.LastEventlogWrittenTime": "133037397033275364"}
{"EventID": "27", "Channel": "Microsoft-Windows-UniversalTelemetryClient/Operational", "Provider_Name": "Microsoft-Windows-UniversalTelemetryClient", "Computer": "DESKTOP-OFJ6N53", "TimeCreated": "2022-07-31 12:15:03.331059+00:00", "RecordID": "9712", "Level": "4", "UserID": "S-1-5-18", "EventData.Environment": "ServiceHost", "EventData.EventsUploaded": "1", "EventData.EventsDropped": "0", "EventData.LastEventlogWrittenTime": "133037415033484001"}
{"EventID": "27", "Channel": "Microsoft-Windows-UniversalTelemetryClient/Operational", "Provider_Name": "Microsoft-Windows-UniversalTelemetryClient", "Computer": "DESKTOP-OFJ6N53", "TimeCreated": "2022-07-31 12:45:04.346737+00:00", "RecordID": "9713", "Level": "4", "UserID": "S-1-5-18", "EventData.Environment": "ServiceHost", "EventData.EventsUploaded": "9", "EventData.EventsDropped": "0", "EventData.LastEventlogWrittenTime": "133037433033258772"}
{"EventID": "27", "Channel": "Microsoft-Windows-UniversalTelemetryClient/Operational", "Provider_Name": "Microsoft-Windows-UniversalTelemetryClient", "Computer": "DESKTOP-OFJ6N53", "TimeCreated": "2022-07-31 13:15:04.357183+00:00", "RecordID": "9714", "Level": "4", "UserID": "S-1-5-18", "EventData.Environment": "ServiceHost", "EventData.EventsUploaded": "2", "EventData.EventsDropped": "2", "EventData.LastEventlogWrittenTime": "133037451043442917"}
{"EventID": "27", "Channel": "Microsoft-Windows-UniversalTelemetryClient/Operational", "Provider_Name": "Microsoft-Windows-UniversalTelemetryClient", "Computer": "DESKTOP-OFJ6N53", "TimeCreated": "2022-07-31 13:45:04.380707+00:00", "RecordID": "9715", "Level": "4", "UserID": "S-1-5-18", "EventData.Environment": "ServiceHost", "EventData.EventsUploaded": "3", "EventData.EventsDropped": "0", "EventData.LastEventlogWrittenTime": "133037469043426100"}
{"EventID": "27", "Channel": "Microsoft-Windows-UniversalTelemetryClient/Operational", "Provider_Name": "Microsoft-Windows-UniversalTelemetryClient", "Computer": "DESKTOP-OFJ6N53", "TimeCreated": "2022-07-31 14:15:04.389488+00:00", "RecordID": "9716", "Level": "4", "UserID": "S-1-5-18", "EventData.Environment": "ServiceHost", "EventData.EventsUploaded": "1", "EventData.EventsDropped": "0", "EventData.LastEventlogWrittenTime": "133037487043720615"}
{"EventID": "27", "Channel": "Microsoft-Windows-UniversalTelemetryClient/Operational", "Provider_Name": "Microsoft-Windows-UniversalTelemetryClient", "Computer": "DESKTOP-OFJ6N53", "TimeCreated": "2022-07-31 14:45:04.395279+00:00", "RecordID": "9717", "Level": "4", "UserID": "S-1-5-18", "EventData.Environment": "ServiceHost", "EventData.EventsUploaded": "5", "EventData.EventsDropped": "0", "EventData.LastEventlogWrittenTime": "133037505043882158"}
{"EventID": "27", "Channel": "Microsoft-Windows-UniversalTelemetryClient/Operational", "Provider_Name": "Microsoft-Windows-UniversalTelemetryClient", "Computer": "DESKTOP-OFJ6N53", "TimeCreated": "2022-07-31 15:15:04.401737+00:00", "RecordID": "9718", "Level": "4", "UserID": "S-1-5-18", "EventData.Environment": "ServiceHost", "EventData.EventsUploaded": "11", "EventData.EventsDropped": "0", "EventData.LastEventlogWrittenTime": "133037523043810143"}
{"EventID": "27", "Channel": "Microsoft-Windows-UniversalTelemetryClient/Operational", "Provider_Name": "Microsoft-Windows-UniversalTelemetryClient", "Computer": "DESKTOP-OFJ6N53", "TimeCreated": "2022-07-31 15:45:04.423388+00:00", "RecordID": "9719", "Level": "4", "UserID": "S-1-5-18", "EventData.Environment": "ServiceHost", "EventData.EventsUploaded": "10", "EventData.EventsDropped": "0", "EventData.LastEventlogWrittenTime": "133037541043939597"}
{"EventID": "27", "Channel": "Microsoft-Windows-UniversalTelemetryClient/Operational", "Provider_Name": "Microsoft-Windows-UniversalTelemetryClient", "Computer": "DESKTOP-OFJ6N53", "TimeCreated": "2022-07-31 16:15:04.511957+00:00", "RecordID": "9720", "Level": "4", "UserID": "S-1-5-18", "EventData.Environment": "ServiceHost", "EventData.EventsUploaded": "1", "EventData.EventsDropped": "2", "EventData.LastEventlogWrittenTime": "133037559044226077"}
{"EventID": "27", "Channel": "Microsoft-Windows-UniversalTelemetryClient/Operational", "Provider_Name": "Microsoft-Windows-UniversalTelemetryClient", "Computer": "DESKTOP-OFJ6N53", "TimeCreated": "2022-07-31 16:45:04.689983+00:00", "RecordID": "9721", "Level": "4", "UserID": "S-1-5-18", "EventData.Environment": "ServiceHost", "EventData.EventsUploaded": "6", "EventData.EventsDropped": "6", "EventData.LastEventlogWrittenTime": "133037577045031264"}
{"EventID": "27", "Channel": "Microsoft-Windows-UniversalTelemetryClient/Operational", "Provider_Name": "Microsoft-Windows-UniversalTelemetryClient", "Computer": "DESKTOP-OFJ6N53", "TimeCreated": "2022-07-31 17:15:30.654737+00:00", "RecordID": "9722", "Level": "4", "UserID": "S-1-5-18", "EventData.Environment": "ServiceHost", "EventData.EventsUploaded": "2", "EventData.EventsDropped": "0", "EventData.LastEventlogWrittenTime": "133037595046798054"}
{"EventID": "27", "Channel": "Microsoft-Windows-UniversalTelemetryClient/Operational", "Provider_Name": "Microsoft-Windows-UniversalTelemetryClient", "Computer": "DESKTOP-OFJ6N53", "TimeCreated": "2022-07-31 17:45:30.538008+00:00", "RecordID": "9723", "Level": "4", "UserID": "S-1-5-18", "EventData.Environment": "ServiceHost", "EventData.EventsUploaded": "3", "EventData.EventsDropped": "0", "EventData.LastEventlogWrittenTime": "133037613306444355"}
{"EventID": "27", "Channel": "Microsoft-Windows-UniversalTelemetryClient/Operational", "Provider_Name": "Microsoft-Windows-UniversalTelemetryClient", "Computer": "DESKTOP-OFJ6N53", "TimeCreated": "2022-07-31 18:15:30.611488+00:00", "RecordID": "9724", "Level": "4", "UserID": "S-1-5-18", "EventData.Environment": "ServiceHost", "EventData.EventsUploaded": "1", "EventData.EventsDropped": "0", "EventData.LastEventlogWrittenTime": "133037631305306325"}
{"EventID": "27", "Channel": "Microsoft-Windows-UniversalTelemetryClient/Operational", "Provider_Name": "Microsoft-Windows-UniversalTelemetryClient", "Computer": "DESKTOP-OFJ6N53", "TimeCreated": "2022-07-31 18:45:30.623507+00:00", "RecordID": "9725", "Level": "4", "UserID": "S-1-5-18", "EventData.Environment": "ServiceHost", "EventData.EventsUploaded": "1", "EventData.EventsDropped": "0", "EventData.LastEventlogWrittenTime": "133037649306080025"}
{"EventID": "27", "Channel": "Microsoft-Windows-UniversalTelemetryClient/Operational", "Provider_Name": "Microsoft-Windows-UniversalTelemetryClient", "Computer": "DESKTOP-OFJ6N53", "TimeCreated": "2022-07-31 19:15:30.643661+00:00", "RecordID": "9726", "Level": "4", "UserID": "S-1-5-18", "EventData.Environment": "ServiceHost", "EventData.EventsUploaded": "1", "EventData.EventsDropped": "0", "EventData.LastEventlogWrittenTime": "133037667306171657"}
{"EventID": "27", "Channel": "Microsoft-Windows-UniversalTelemetryClient/Operational", "Provider_Name": "Microsoft-Windows-UniversalTelemetryClient", "Computer": "DESKTOP-OFJ6N53", "TimeCreated": "2022-07-31 19:45:30.650988+00:00", "RecordID": "9727", "Level": "4", "UserID": "S-1-5-18", "EventData.Environment": "ServiceHost", "EventData.EventsUploaded": "4", "EventData.EventsDropped": "0", "EventData.LastEventlogWrittenTime": "133037685306430034"}
{"EventID": "27", "Channel": "Microsoft-Windows-UniversalTelemetryClient/Operational", "Provider_Name": "Microsoft-Windows-UniversalTelemetryClient", "Computer": "DESKTOP-OFJ6N53", "TimeCreated": "2022-07-31 20:15:30.660269+00:00", "RecordID": "9728", "Level": "4", "UserID": "S-1-5-18", "EventData.Environment": "ServiceHost", "EventData.EventsUploaded": "1", "EventData.EventsDropped": "0", "EventData.LastEventlogWrittenTime": "133037703306482182"}
{"EventID": "27", "Channel": "Microsoft-Windows-UniversalTelemetryClient/Operational", "Provider_Name": "Microsoft-Windows-UniversalTelemetryClient", "Computer": "DESKTOP-OFJ6N53", "TimeCreated": "2022-07-31 20:45:30.640446+00:00", "RecordID": "9729", "Level": "4", "UserID": "S-1-5-18", "EventData.Environment": "ServiceHost", "EventData.EventsUploaded": "3", "EventData.EventsDropped": "2", "EventData.LastEventlogWrittenTime": "133037721306591838"}
{"EventID": "1", "Channel": "Microsoft-Windows-UniversalTelemetryClient/Operational", "Provider_Name": "Microsoft-Windows-UniversalTelemetryClient", "Computer": "DESKTOP-OFJ6N53", "TimeCreated": "2022-07-31 20:53:13.163023+00:00", "RecordID": "9730", "Level": "4", "UserID": "S-1-5-18", "EventData.Environment": "ServiceHost", "EventData.IKey": "P-ARIA-af397ef28e484961ba48646a5d38cf54-77418283-d6f6-4a90-b0c8-37e0f5e7b087-7425", "EventData.DiskSizeInBytes": "8388608", "EventData.DailyUploadQuotaInBytes": "0", "EventData.HRESULT": "2147943642"}
{"EventID": "27", "Channel": "Microsoft-Windows-UniversalTelemetryClient/Operational", "Provider_Name": "Microsoft-Windows-UniversalTelemetryClient", "Computer": "DESKTOP-OFJ6N53", "TimeCreated": "2022-07-31 21:15:30.717033+00:00", "RecordID": "9731", "Level": "4", "UserID": "S-1-5-18", "EventData.Environment": "ServiceHost", "EventData.EventsUploaded": "2", "EventData.EventsDropped": "0", "EventData.LastEventlogWrittenTime": "133037739306399300"}
{"EventID": "27", "Channel": "Microsoft-Windows-UniversalTelemetryClient/Operational", "Provider_Name": "Microsoft-Windows-UniversalTelemetryClient", "Computer": "DESKTOP-OFJ6N53", "TimeCreated": "2022-07-31 21:45:30.726370+00:00", "RecordID": "9732", "Level": "4", "UserID": "S-1-5-18", "EventData.Environment": "ServiceHost", "EventData.EventsUploaded": "4", "EventData.EventsDropped": "0", "EventData.LastEventlogWrittenTime": "133037757307079803"}
{"EventID": "27", "Channel": "Microsoft-Windows-UniversalTelemetryClient/Operational", "Provider_Name": "Microsoft-Windows-UniversalTelemetryClient", "Computer": "DESKTOP-OFJ6N53", "TimeCreated": "2022-07-31 22:15:30.743359+00:00", "RecordID": "9733", "Level": "4", "UserID": "S-1-5-18", "EventData.Environment": "ServiceHost", "EventData.EventsUploaded": "1", "EventData.EventsDropped": "0", "EventData.LastEventlogWrittenTime": "133037775307191320"}
{"EventID": "27", "Channel": "Microsoft-Windows-UniversalTelemetryClient/Operational", "Provider_Name": "Microsoft-Windows-UniversalTelemetryClient", "Computer": "DESKTOP-OFJ6N53", "TimeCreated": "2022-07-31 22:45:30.747787+00:00", "RecordID": "9734", "Level": "4", "UserID": "S-1-5-18", "EventData.Environment": "ServiceHost", "EventData.EventsUploaded": "1", "EventData.EventsDropped": "0", "EventData.LastEventlogWrittenTime": "133037793307401143"}
{"EventID": "27", "Channel": "Microsoft-Windows-UniversalTelemetryClient/Operational", "Provider_Name": "Microsoft-Windows-UniversalTelemetryClient", "Computer": "DESKTOP-OFJ6N53", "TimeCreated": "2022-07-31 23:15:30.751589+00:00", "RecordID": "9735", "Level": "4", "UserID": "S-1-5-18", "EventData.Environment": "ServiceHost", "EventData.EventsUploaded": "2", "EventData.EventsDropped": "0", "EventData.LastEventlogWrittenTime": "133037811307453418"}
{"EventID": "27", "Channel": "Microsoft-Windows-UniversalTelemetryClient/Operational", "Provider_Name": "Microsoft-Windows-UniversalTelemetryClient", "Computer": "DESKTOP-OFJ6N53", "TimeCreated": "2022-07-31 23:45:30.770330+00:00", "RecordID": "9736", "Level": "4", "UserID": "S-1-5-18", "EventData.Environment": "ServiceHost", "EventData.EventsUploaded": "5", "EventData.EventsDropped": "0", "EventData.LastEventlogWrittenTime": "133037829307506375"}
{"EventID": "27", "Channel": "Microsoft-Windows-UniversalTelemetryClient/Operational", "Provider_Name": "Microsoft-Windows-UniversalTelemetryClient", "Computer": "DESKTOP-OFJ6N53", "TimeCreated": "2022-08-01 00:15:30.773008+00:00", "RecordID": "9737", "Level": "4", "UserID": "S-1-5-18", "EventData.Environment": "ServiceHost", "EventData.EventsUploaded": "1", "EventData.EventsDropped": "0", "EventData.LastEventlogWrittenTime": "133037847307632986"}
{"EventID": "27", "Channel": "Microsoft-Windows-UniversalTelemetryClient/Operational", "Provider_Name": "Microsoft-Windows-UniversalTelemetryClient", "Computer": "DESKTOP-OFJ6N53", "TimeCreated": "2022-08-01 00:45:30.773201+00:00", "RecordID": "9738", "Level": "4", "UserID": "S-1-5-18", "EventData.Environment": "ServiceHost", "EventData.EventsUploaded": "22", "EventData.EventsDropped": "0", "EventData.LastEventlogWrittenTime": "133037865307675418"}
{"EventID": "27", "Channel": "Microsoft-Windows-UniversalTelemetryClient/Operational", "Provider_Name": "Microsoft-Windows-UniversalTelemetryClient", "Computer": "DESKTOP-OFJ6N53", "TimeCreated": "2022-08-01 01:15:30.777744+00:00", "RecordID": "9739", "Level": "4", "UserID": "S-1-5-18", "EventData.Environment": "ServiceHost", "EventData.EventsUploaded": "3", "EventData.EventsDropped": "2", "EventData.LastEventlogWrittenTime": "133037883307723349"}
{"EventID": "27", "Channel": "Microsoft-Windows-UniversalTelemetryClient/Operational", "Provider_Name": "Microsoft-Windows-UniversalTelemetryClient", "Computer": "DESKTOP-OFJ6N53", "TimeCreated": "2022-08-01 01:45:31.219568+00:00", "RecordID": "9740", "Level": "4", "UserID": "S-1-5-18", "EventData.Environment": "ServiceHost", "EventData.EventsUploaded": "3", "EventData.EventsDropped": "0", "EventData.LastEventlogWrittenTime": "133037901307746400"}
{"EventID": "27", "Channel": "Microsoft-Windows-UniversalTelemetryClient/Operational", "Provider_Name": "Microsoft-Windows-UniversalTelemetryClient", "Computer": "DESKTOP-OFJ6N53", "TimeCreated": "2022-08-01 02:15:31.231775+00:00", "RecordID": "9741", "Level": "4", "UserID": "S-1-5-18", "EventData.Environment": "ServiceHost", "EventData.EventsUploaded": "1", "EventData.EventsDropped": "0", "EventData.LastEventlogWrittenTime": "133037919312184436"}
{"EventID": "27", "Channel": "Microsoft-Windows-UniversalTelemetryClient/Operational", "Provider_Name": "Microsoft-Windows-UniversalTelemetryClient", "Computer": "DESKTOP-OFJ6N53", "TimeCreated": "2022-08-01 02:45:31.249765+00:00", "RecordID": "9742", "Level": "4", "UserID": "S-1-5-18", "EventData.Environment": "ServiceHost", "EventData.EventsUploaded": "1", "EventData.EventsDropped": "0", "EventData.LastEventlogWrittenTime": "133037937312286849"}
{"EventID": "27", "Channel": "Microsoft-Windows-UniversalTelemetryClient/Operational", "Provider_Name": "Microsoft-Windows-UniversalTelemetryClient", "Computer": "DESKTOP-OFJ6N53", "TimeCreated": "2022-08-01 03:15:31.265951+00:00", "RecordID": "9743", "Level": "4", "UserID": "S-1-5-18", "EventData.Environment": "ServiceHost", "EventData.EventsUploaded": "1", "EventData.EventsDropped": "0", "EventData.LastEventlogWrittenTime": "133037955312479395"}
{"EventID": "27", "Channel": "Microsoft-Windows-UniversalTelemetryClient/Operational", "Provider_Name": "Microsoft-Windows-UniversalTelemetryClient", "Computer": "DESKTOP-OFJ6N53", "TimeCreated": "2022-08-01 03:45:31.307665+00:00", "RecordID": "9744", "Level": "4", "UserID": "S-1-5-18", "EventData.Environment": "ServiceHost", "EventData.EventsUploaded": "5", "EventData.EventsDropped": "0", "EventData.LastEventlogWrittenTime": "133037973312536518"}
