{"EventID": "633", "Channel": "Microsoft-Windows-AppXDeploymentServer/Operational", "Provider_Name": "Microsoft-Windows-AppXDeployment-Server", "Computer": "DESKTOP-OFJ6N53", "TimeCreated": "2025-08-13 14:41:42.688995+00:00", "RecordID": "115850", "Level": "4", "UserID": "S-1-5-18", "EventData.PackageFullName": "MicrosoftWindows.UndockedDevKit_10.0.19041.4239_neutral_neutral_cw5n1h2txyewy", "EventData.IsInstalled": "True"}
{"EventID": "633", "Channel": "Microsoft-Windows-AppXDeploymentServer/Operational", "Provider_Name": "Microsoft-Windows-AppXDeployment-Server", "Computer": "DESKTOP-OFJ6N53", "TimeCreated": "2025-08-13 14:41:42.829134+00:00", "RecordID": "115851", "Level": "4", "UserID": "S-1-5-18", "EventData.PackageFullName": "NcsiUwpApp_1000.19041.4239.0_neutral_neutral_8wekyb3d8bbwe", "EventData.IsInstalled": "True"}
{"EventID": "633", "Channel": "Microsoft-Windows-AppXDeploymentServer/Operational", "Provider_Name": "Microsoft-Windows-AppXDeployment-Server", "Computer": "DESKTOP-OFJ6N53", "TimeCreated": "2025-08-13 14:41:42.898832+00:00", "RecordID": "115852", "Level": "4", "UserID": "S-1-5-18", "EventData.PackageFullName": "Windows.CBSPreview_10.0.19041.4239_neutral_neutral_cw5n1h2txyewy", "EventData.IsInstalled": "True"}
{"EventID": "633", "Channel": "Microsoft-Windows-AppXDeploymentServer/Operational", "Provider_Name": "Microsoft-Windows-AppXDeployment-Server", "Computer": "DESKTOP-OFJ6N53", "TimeCreated": "2025-08-13 14:41:42.957514+00:00", "RecordID": "115853", "Level": "4", "UserID": "S-1-5-18", "EventData.PackageFullName": "windows.immersivecontrolpanel_10.0.2.1000_neutral_neutral_cw5n1h2txyewy", "EventData.IsInstalled": "True"}
{"EventID": "633", "Channel": "Microsoft-Windows-AppXDeploymentServer/Operational", "Provider_Name": "Microsoft-Windows-AppXDeployment-Server", "Computer": "DESKTOP-OFJ6N53", "TimeCreated": "2025-08-13 14:41:43.023266+00:00", "RecordID": "115854", "Level": "4", "UserID": "S-1-5-18", "EventData.PackageFullName": "Windows.PrintDialog_6.2.1.0_neutral_neutral_cw5n1h2txyewy", "EventData.IsInstalled": "True"}
{"EventID": "636", "Channel": "Microsoft-Windows-AppXDeploymentServer/Operational", "Provider_Name": "Microsoft-Windows-AppXDeployment-Server", "Computer": "DESKTOP-OFJ6N53", "TimeCreated": "2025-08-13 14:41:43.023319+00:00", "RecordID": "115855", "Level": "4", "UserID": "S-1-5-18", "EventData.HResult": "0x00000000"}
{"EventID": "819", "Channel": "Microsoft-Windows-AppXDeploymentServer/Operational", "Provider_Name": "Microsoft-Windows-AppXDeployment-Server", "Computer": "DESKTOP-OFJ6N53", "TimeCreated": "2025-08-13 14:41:43.208475+00:00", "RecordID": "115856", "Level": "5", "UserID": "S-1-5-18", "EventData.InstallPackageList": "1527c705-839a-4832-9118-54d4Bd6a0c89_10.0.19041.4239_neutral_neutral_cw5n1h2txyewy c5e2524a-ea46-4f67-841f-6a9465d9d515_10.0.19041.4239_neutral_neutral_cw5n1h2txyewy E2A4F912-2574-4A75-9BB0-0D023378592B_10.0.19041.4239_neutral_neutral_cw5n1h2txyewy F46D4000-FD22-4DB4-AC8E-4E1DDDE828FE_10.0.19041.4239_neutral_neutral_cw5n1h2txyewy Microsoft.AAD.BrokerPlugin_10.0.19041.4239_neutral_neutral_cw5n1h2txyewy Microsoft.AccountsControl_10.0.19041.4239_neutral_neutral_cw5n1h2txyewy Microsoft.AsyncTextService_10.0.19041.4239_neutral_neutral_8wekyb3d8bbwe Microsoft.BioEnrollment_10.0.19041.4239_neutral_neutral_cw5n1h2txyewy Microsoft.CredDialogHost_10.0.19041.4239_neutral_neutral_cw5n1h2txyewy Microsoft.ECApp_10.0.19041.4597_neutral_neutral_8wekyb3d8bbwe Microsoft.LockApp_10.0.19041.4239_neutral_neutral_cw5n1h2txyewy Microsoft.MicrosoftEdgeDevToolsClient_10.0.19041.4239_neutral__8wekyb3d8bbwe Microsoft.Win32WebViewHost_10.0.19041.4239_neutral_neutral_cw5n1h2txyewy Microsoft.Windows.AppRep.ChxApp_10.0.19041.4239_neutral_neutral_cw5n1h2txyewy Microsoft.Windows.AssignedAccessLockApp_10.0.19041.4239_neutral_neutral_cw5n1h2txyewy Microsoft.Windows.CallingShellApp_10.0.19041.4239_neutral_neutral_cw5n1h2txyewy Microsoft.Windows.CapturePicker_10.0.19041.4239_neutral_neutral_cw5n1h2txyewy Microsoft.Windows.CloudExperienceHost_10.0.19041.5198_neutral_neutral_cw5n1h2txyewy Microsoft.Windows.ContentDeliveryManager_10.0.19041.4239_neutral_neutral_cw5n1h2txyewy Microsoft.Windows.NarratorQuickStart_10.0.19041.4239_neutral_neutral_8wekyb3d8bbwe Microsoft.Windows.OOBENetworkCaptivePortal_10.0.19041.4239_neutral_neutral_cw5n1h2txyewy Microsoft.Windows.OOBENetworkConnectionFlow_10.0.19041.4239_neutral_neutral_cw5n1h2txyewy Microsoft.Windows.ParentalControls_10.0.19041.4239_neutral_neutral_cw5n1h2txyewy Microsoft.Windows.PeopleExperienceHost_10.0.19041.4239_neutral_neutral_cw5n1h2txyewy Microsoft.Windows.PinningConfirmationDialog_10.0.19041.4239_neutral_neutral_cw5n1h2txyewy Microsoft.Windows.Search_10.0.19041.6157_neutral_neutral_cw5n1h2txyewy Microsoft.Windows.SecHealthUI_10.0.19041.4239_neutral__cw5n1h2txyewy Microsoft.Windows.SecureAssessmentBrowser_10.0.19041.4239_neutral_neutral_cw5n1h2txyewy Microsoft.Windows.ShellExperienceHost_10.0.19041.5072_neutral_neutral_cw5n1h2txyewy Microsoft.Windows.StartMenuExperienceHost_10.0.19041.5438_neutral_neutral_cw5n1h2txyewy Microsoft.Windows.XGpuEjectDialog_10.0.19041.4239_neutral_neutral_cw5n1h2txyewy Microsoft.XboxGameCallableUI_10.0.19041.4239_neutral_neutral_cw5n1h2txyewy MicrosoftWindows.Client.CBS_1000.19062.1000.0_neutral_neutral_cw5n1h2txyewy MicrosoftWindows.UndockedDevKit_10.0.19041.4239_neutral_neutral_cw5n1h2txyewy NcsiUwpApp_10.0.19041.4239_neutral_neutral_8wekyb3d8bbwe Windows.CBSPreview_10.0.19041.4239_neutral_neutral_cw5n1h2txyewy windows.immersivecontrolpanel_10.0.2.1000_neutral_neutral_cw5n1h2txyewy Windows.PrintDialog_6.2.1.0_neutral_neutral_cw5n1h2txyewy", "EventData.EndOfLifePackageList": "NULL"}
{"EventID": "633", "Channel": "Microsoft-Windows-AppXDeploymentServer/Operational", "Provider_Name": "Microsoft-Windows-AppXDeployment-Server", "Computer": "DESKTOP-OFJ6N53", "TimeCreated": "2025-08-13 14:41:43.273056+00:00", "RecordID": "115857", "Level": "4", "UserID": "S-1-5-18", "EventData.PackageFullName": "1527c705-839a-4832-9118-54d4Bd6a0c89_10.0.19041.4239_neutral_neutral_cw5n1h2txyewy", "EventData.IsInstalled": "True"}
{"EventID": "633", "Channel": "Microsoft-Windows-AppXDeploymentServer/Operational", "Provider_Name": "Microsoft-Windows-AppXDeployment-Server", "Computer": "DESKTOP-OFJ6N53", "TimeCreated": "2025-08-13 14:41:43.330338+00:00", "RecordID": "115858", "Level": "4", "UserID": "S-1-5-18", "EventData.PackageFullName": "c5e2524a-ea46-4f67-841f-6a9465d9d515_10.0.19041.4239_neutral_neutral_cw5n1h2txyewy", "EventData.IsInstalled": "True"}
{"EventID": "633", "Channel": "Microsoft-Windows-AppXDeploymentServer/Operational", "Provider_Name": "Microsoft-Windows-AppXDeployment-Server", "Computer": "DESKTOP-OFJ6N53", "TimeCreated": "2025-08-13 14:41:43.434736+00:00", "RecordID": "115859", "Level": "4", "UserID": "S-1-5-18", "EventData.PackageFullName": "E2A4F912-2574-4A75-9BB0-0D023378592B_10.0.19041.4239_neutral_neutral_cw5n1h2txyewy", "EventData.IsInstalled": "True"}
{"EventID": "633", "Channel": "Microsoft-Windows-AppXDeploymentServer/Operational", "Provider_Name": "Microsoft-Windows-AppXDeployment-Server", "Computer": "DESKTOP-OFJ6N53", "TimeCreated": "2025-08-13 14:41:43.531754+00:00", "RecordID": "115860", "Level": "4", "UserID": "S-1-5-18", "EventData.PackageFullName": "F46D4000-FD22-4DB4-AC8E-4E1DDDE828FE_10.0.19041.4239_neutral_neutral_cw5n1h2txyewy", "EventData.IsInstalled": "True"}
{"EventID": "633", "Channel": "Microsoft-Windows-AppXDeploymentServer/Operational", "Provider_Name": "Microsoft-Windows-AppXDeployment-Server", "Computer": "DESKTOP-OFJ6N53", "TimeCreated": "2025-08-13 14:41:43.586548+00:00", "RecordID": "115861", "Level": "4", "UserID": "S-1-5-18", "EventData.PackageFullName": "Microsoft.AAD.BrokerPlugin_1000.19041.4239.0_neutral_neutral_cw5n1h2txyewy", "EventData.IsInstalled": "True"}
{"EventID": "633", "Channel": "Microsoft-Windows-AppXDeploymentServer/Operational", "Provider_Name": "Microsoft-Windows-AppXDeployment-Server", "Computer": "DESKTOP-OFJ6N53", "TimeCreated": "2025-08-13 14:41:43.648054+00:00", "RecordID": "115862", "Level": "4", "UserID": "S-1-5-18", "EventData.PackageFullName": "Microsoft.AccountsControl_10.0.19041.4239_neutral__cw5n1h2txyewy", "EventData.IsInstalled": "True"}
{"EventID": "633", "Channel": "Microsoft-Windows-AppXDeploymentServer/Operational", "Provider_Name": "Microsoft-Windows-AppXDeployment-Server", "Computer": "DESKTOP-OFJ6N53", "TimeCreated": "2025-08-13 14:41:43.704718+00:00", "RecordID": "115863", "Level": "4", "UserID": "S-1-5-18", "EventData.PackageFullName": "Microsoft.AsyncTextService_10.0.19041.4239_neutral__8wekyb3d8bbwe", "EventData.IsInstalled": "True"}
{"EventID": "633", "Channel": "Microsoft-Windows-AppXDeploymentServer/Operational", "Provider_Name": "Microsoft-Windows-AppXDeployment-Server", "Computer": "DESKTOP-OFJ6N53", "TimeCreated": "2025-08-13 14:41:43.784060+00:00", "RecordID": "115864", "Level": "4", "UserID": "S-1-5-18", "EventData.PackageFullName": "Microsoft.BioEnrollment_10.0.19041.4239_neutral__cw5n1h2txyewy", "EventData.IsInstalled": "True"}
{"EventID": "633", "Channel": "Microsoft-Windows-AppXDeploymentServer/Operational", "Provider_Name": "Microsoft-Windows-AppXDeployment-Server", "Computer": "DESKTOP-OFJ6N53", "TimeCreated": "2025-08-13 14:41:43.915333+00:00", "RecordID": "115865", "Level": "4", "UserID": "S-1-5-18", "EventData.PackageFullName": "Microsoft.CredDialogHost_10.0.19041.4239_neutral__cw5n1h2txyewy", "EventData.IsInstalled": "True"}
{"EventID": "633", "Channel": "Microsoft-Windows-AppXDeploymentServer/Operational", "Provider_Name": "Microsoft-Windows-AppXDeployment-Server", "Computer": "DESKTOP-OFJ6N53", "TimeCreated": "2025-08-13 14:41:43.974373+00:00", "RecordID": "115866", "Level": "4", "UserID": "S-1-5-18", "EventData.PackageFullName": "Microsoft.ECApp_10.0.19041.4597_neutral__8wekyb3d8bbwe", "EventData.IsInstalled": "True"}
{"EventID": "633", "Channel": "Microsoft-Windows-AppXDeploymentServer/Operational", "Provider_Name": "Microsoft-Windows-AppXDeployment-Server", "Computer": "DESKTOP-OFJ6N53", "TimeCreated": "2025-08-13 14:41:44.121048+00:00", "RecordID": "115867", "Level": "4", "UserID": "S-1-5-18", "EventData.PackageFullName": "Microsoft.LockApp_10.0.19041.4239_neutral__cw5n1h2txyewy", "EventData.IsInstalled": "True"}
{"EventID": "633", "Channel": "Microsoft-Windows-AppXDeploymentServer/Operational", "Provider_Name": "Microsoft-Windows-AppXDeployment-Server", "Computer": "DESKTOP-OFJ6N53", "TimeCreated": "2025-08-13 14:41:44.214941+00:00", "RecordID": "115868", "Level": "4", "UserID": "S-1-5-18", "EventData.PackageFullName": "Microsoft.MicrosoftEdgeDevToolsClient_1000.19041.4239.0_neutral_neutral_8wekyb3d8bbwe", "EventData.IsInstalled": "True"}
{"EventID": "633", "Channel": "Microsoft-Windows-AppXDeploymentServer/Operational", "Provider_Name": "Microsoft-Windows-AppXDeployment-Server", "Computer": "DESKTOP-OFJ6N53", "TimeCreated": "2025-08-13 14:41:44.284294+00:00", "RecordID": "115869", "Level": "4", "UserID": "S-1-5-18", "EventData.PackageFullName": "Microsoft.Win32WebViewHost_10.0.19041.4239_neutral_neutral_cw5n1h2txyewy", "EventData.IsInstalled": "True"}
{"EventID": "633", "Channel": "Microsoft-Windows-AppXDeploymentServer/Operational", "Provider_Name": "Microsoft-Windows-AppXDeployment-Server", "Computer": "DESKTOP-OFJ6N53", "TimeCreated": "2025-08-13 14:41:44.356253+00:00", "RecordID": "115870", "Level": "4", "UserID": "S-1-5-18", "EventData.PackageFullName": "Microsoft.Windows.Apprep.ChxApp_1000.19041.4239.0_neutral_neutral_cw5n1h2txyewy", "EventData.IsInstalled": "True"}
{"EventID": "633", "Channel": "Microsoft-Windows-AppXDeploymentServer/Operational", "Provider_Name": "Microsoft-Windows-AppXDeployment-Server", "Computer": "DESKTOP-OFJ6N53", "TimeCreated": "2025-08-13 14:41:44.451912+00:00", "RecordID": "115871", "Level": "4", "UserID": "S-1-5-18", "EventData.PackageFullName": "Microsoft.Windows.AssignedAccessLockApp_1000.19041.4239.0_neutral_neutral_cw5n1h2txyewy", "EventData.IsInstalled": "True"}
{"EventID": "633", "Channel": "Microsoft-Windows-AppXDeploymentServer/Operational", "Provider_Name": "Microsoft-Windows-AppXDeployment-Server", "Computer": "DESKTOP-OFJ6N53", "TimeCreated": "2025-08-13 14:41:44.569736+00:00", "RecordID": "115872", "Level": "4", "UserID": "S-1-5-18", "EventData.PackageFullName": "Microsoft.Windows.CallingShellApp_1000.19041.4239.0_neutral_neutral_cw5n1h2txyewy", "EventData.IsInstalled": "True"}
{"EventID": "633", "Channel": "Microsoft-Windows-AppXDeploymentServer/Operational", "Provider_Name": "Microsoft-Windows-AppXDeployment-Server", "Computer": "DESKTOP-OFJ6N53", "TimeCreated": "2025-08-13 14:41:44.699907+00:00", "RecordID": "115873", "Level": "4", "UserID": "S-1-5-18", "EventData.PackageFullName": "Microsoft.Windows.CapturePicker_10.0.19041.4239_neutral__cw5n1h2txyewy", "EventData.IsInstalled": "True"}
{"EventID": "633", "Channel": "Microsoft-Windows-AppXDeploymentServer/Operational", "Provider_Name": "Microsoft-Windows-AppXDeployment-Server", "Computer": "DESKTOP-OFJ6N53", "TimeCreated": "2025-08-13 14:41:44.855303+00:00", "RecordID": "115874", "Level": "4", "UserID": "S-1-5-18", "EventData.PackageFullName": "Microsoft.Windows.CloudExperienceHost_10.0.19041.5198_neutral_neutral_cw5n1h2txyewy", "EventData.IsInstalled": "True"}
{"EventID": "633", "Channel": "Microsoft-Windows-AppXDeploymentServer/Operational", "Provider_Name": "Microsoft-Windows-AppXDeployment-Server", "Computer": "DESKTOP-OFJ6N53", "TimeCreated": "2025-08-13 14:41:44.921013+00:00", "RecordID": "115875", "Level": "4", "UserID": "S-1-5-18", "EventData.PackageFullName": "Microsoft.Windows.ContentDeliveryManager_10.0.19041.4239_neutral_neutral_cw5n1h2txyewy", "EventData.IsInstalled": "True"}
{"EventID": "633", "Channel": "Microsoft-Windows-AppXDeploymentServer/Operational", "Provider_Name": "Microsoft-Windows-AppXDeployment-Server", "Computer": "DESKTOP-OFJ6N53", "TimeCreated": "2025-08-13 14:41:45.022213+00:00", "RecordID": "115876", "Level": "4", "UserID": "S-1-5-18", "EventData.PackageFullName": "Microsoft.Windows.NarratorQuickStart_10.0.19041.4239_neutral_neutral_8wekyb3d8bbwe", "EventData.IsInstalled": "True"}
{"EventID": "633", "Channel": "Microsoft-Windows-AppXDeploymentServer/Operational", "Provider_Name": "Microsoft-Windows-AppXDeployment-Server", "Computer": "DESKTOP-OFJ6N53", "TimeCreated": "2025-08-13 14:41:45.086763+00:00", "RecordID": "115877", "Level": "4", "UserID": "S-1-5-18", "EventData.PackageFullName": "Microsoft.Windows.OOBENetworkCaptivePortal_10.0.19041.4239_neutral__cw5n1h2txyewy", "EventData.IsInstalled": "True"}
{"EventID": "633", "Channel": "Microsoft-Windows-AppXDeploymentServer/Operational", "Provider_Name": "Microsoft-Windows-AppXDeployment-Server", "Computer": "DESKTOP-OFJ6N53", "TimeCreated": "2025-08-13 14:41:45.189436+00:00", "RecordID": "115878", "Level": "4", "UserID": "S-1-5-18", "EventData.PackageFullName": "Microsoft.Windows.OOBENetworkConnectionFlow_10.0.19041.4239_neutral__cw5n1h2txyewy", "EventData.IsInstalled": "True"}
{"EventID": "633", "Channel": "Microsoft-Windows-AppXDeploymentServer/Operational", "Provider_Name": "Microsoft-Windows-AppXDeployment-Server", "Computer": "DESKTOP-OFJ6N53", "TimeCreated": "2025-08-13 14:41:45.247787+00:00", "RecordID": "115879", "Level": "4", "UserID": "S-1-5-18", "EventData.PackageFullName": "Microsoft.Windows.ParentalControls_1000.19041.4239.0_neutral_neutral_cw5n1h2txyewy", "EventData.IsInstalled": "True"}
{"EventID": "633", "Channel": "Microsoft-Windows-AppXDeploymentServer/Operational", "Provider_Name": "Microsoft-Windows-AppXDeployment-Server", "Computer": "DESKTOP-OFJ6N53", "TimeCreated": "2025-08-13 14:41:45.344042+00:00", "RecordID": "115880", "Level": "4", "UserID": "S-1-5-18", "EventData.PackageFullName": "Microsoft.Windows.PeopleExperienceHost_10.0.19041.4239_neutral_neutral_cw5n1h2txyewy", "EventData.IsInstalled": "True"}
{"EventID": "633", "Channel": "Microsoft-Windows-AppXDeploymentServer/Operational", "Provider_Name": "Microsoft-Windows-AppXDeployment-Server", "Computer": "DESKTOP-OFJ6N53", "TimeCreated": "2025-08-13 14:41:45.489185+00:00", "RecordID": "115881", "Level": "4", "UserID": "S-1-5-18", "EventData.PackageFullName": "Microsoft.Windows.PinningConfirmationDialog_1000.19041.4239.0_neutral__cw5n1h2txyewy", "EventData.IsInstalled": "True"}
{"EventID": "633", "Channel": "Microsoft-Windows-AppXDeploymentServer/Operational", "Provider_Name": "Microsoft-Windows-AppXDeployment-Server", "Computer": "DESKTOP-OFJ6N53", "TimeCreated": "2025-08-13 14:41:45.557028+00:00", "RecordID": "115882", "Level": "4", "UserID": "S-1-5-18", "EventData.PackageFullName": "Microsoft.Windows.Search_1.14.18.19041_neutral_neutral_cw5n1h2txyewy", "EventData.IsInstalled": "True"}
{"EventID": "633", "Channel": "Microsoft-Windows-AppXDeploymentServer/Operational", "Provider_Name": "Microsoft-Windows-AppXDeployment-Server", "Computer": "DESKTOP-OFJ6N53", "TimeCreated": "2025-08-13 14:41:45.624186+00:00", "RecordID": "115883", "Level": "4", "UserID": "S-1-5-18", "EventData.PackageFullName": "Microsoft.Windows.SecHealthUI_10.0.19041.4239_neutral__cw5n1h2txyewy", "EventData.IsInstalled": "True"}
{"EventID": "633", "Channel": "Microsoft-Windows-AppXDeploymentServer/Operational", "Provider_Name": "Microsoft-Windows-AppXDeployment-Server", "Computer": "DESKTOP-OFJ6N53", "TimeCreated": "2025-08-13 14:41:45.825689+00:00", "RecordID": "115884", "Level": "4", "UserID": "S-1-5-18", "EventData.PackageFullName": "Microsoft.Windows.SecureAssessmentBrowser_10.0.19041.4239_neutral_neutral_cw5n1h2txyewy", "EventData.IsInstalled": "True"}
{"EventID": "633", "Channel": "Microsoft-Windows-AppXDeploymentServer/Operational", "Provider_Name": "Microsoft-Windows-AppXDeployment-Server", "Computer": "DESKTOP-OFJ6N53", "TimeCreated": "2025-08-13 14:41:45.978792+00:00", "RecordID": "115885", "Level": "4", "UserID": "S-1-5-18", "EventData.PackageFullName": "Microsoft.Windows.ShellExperienceHost_10.0.19041.5072_neutral_neutral_cw5n1h2txyewy", "EventData.IsInstalled": "True"}
{"EventID": "633", "Channel": "Microsoft-Windows-AppXDeploymentServer/Operational", "Provider_Name": "Microsoft-Windows-AppXDeployment-Server", "Computer": "DESKTOP-OFJ6N53", "TimeCreated": "2025-08-13 14:41:46.039608+00:00", "RecordID": "115886", "Level": "4", "UserID": "S-1-5-18", "EventData.PackageFullName": "Microsoft.Windows.StartMenuExperienceHost_10.0.19041.5438_neutral_neutral_cw5n1h2txyewy", "EventData.IsInstalled": "True"}
{"EventID": "633", "Channel": "Microsoft-Windows-AppXDeploymentServer/Operational", "Provider_Name": "Microsoft-Windows-AppXDeployment-Server", "Computer": "DESKTOP-OFJ6N53", "TimeCreated": "2025-08-13 14:41:46.106827+00:00", "RecordID": "115887", "Level": "4", "UserID": "S-1-5-18", "EventData.PackageFullName": "Microsoft.Windows.XGpuEjectDialog_10.0.19041.4239_neutral_neutral_cw5n1h2txyewy", "EventData.IsInstalled": "True"}
{"EventID": "633", "Channel": "Microsoft-Windows-AppXDeploymentServer/Operational", "Provider_Name": "Microsoft-Windows-AppXDeployment-Server", "Computer": "DESKTOP-OFJ6N53", "TimeCreated": "2025-08-13 14:41:46.221691+00:00", "RecordID": "115888", "Level": "4", "UserID": "S-1-5-18", "EventData.PackageFullName": "Microsoft.XboxGameCallableUI_1000.19041.4239.0_neutral_neutral_cw5n1h2txyewy", "EventData.IsInstalled": "True"}
{"EventID": "633", "Channel": "Microsoft-Windows-AppXDeploymentServer/Operational", "Provider_Name": "Microsoft-Windows-AppXDeployment-Server", "Computer": "DESKTOP-OFJ6N53", "TimeCreated": "2025-08-13 14:41:46.437174+00:00", "RecordID": "115889", "Level": "4", "UserID": "S-1-5-18", "EventData.PackageFullName": "MicrosoftWindows.Client.CBS_1000.19062.1000.0_x64__cw5n1h2txyewy", "EventData.IsInstalled": "True"}
{"EventID": "633", "Channel": "Microsoft-Windows-AppXDeploymentServer/Operational", "Provider_Name": "Microsoft-Windows-AppXDeployment-Server", "Computer": "DESKTOP-OFJ6N53", "TimeCreated": "2025-08-13 14:41:46.495346+00:00", "RecordID": "115890", "Level": "4", "UserID": "S-1-5-18", "EventData.PackageFullName": "MicrosoftWindows.UndockedDevKit_10.0.19041.4239_neutral_neutral_cw5n1h2txyewy", "EventData.IsInstalled": "True"}
{"EventID": "633", "Channel": "Microsoft-Windows-AppXDeploymentServer/Operational", "Provider_Name": "Microsoft-Windows-AppXDeployment-Server", "Computer": "DESKTOP-OFJ6N53", "TimeCreated": "2025-08-13 14:41:46.582436+00:00", "RecordID": "115891", "Level": "4", "UserID": "S-1-5-18", "EventData.PackageFullName": "NcsiUwpApp_1000.19041.4239.0_neutral_neutral_8wekyb3d8bbwe", "EventData.IsInstalled": "True"}
{"EventID": "633", "Channel": "Microsoft-Windows-AppXDeploymentServer/Operational", "Provider_Name": "Microsoft-Windows-AppXDeployment-Server", "Computer": "DESKTOP-OFJ6N53", "TimeCreated": "2025-08-13 14:41:46.675415+00:00", "RecordID": "115892", "Level": "4", "UserID": "S-1-5-18", "EventData.PackageFullName": "Windows.CBSPreview_10.0.19041.4239_neutral_neutral_cw5n1h2txyewy", "EventData.IsInstalled": "True"}
{"EventID": "633", "Channel": "Microsoft-Windows-AppXDeploymentServer/Operational", "Provider_Name": "Microsoft-Windows-AppXDeployment-Server", "Computer": "DESKTOP-OFJ6N53", "TimeCreated": "2025-08-13 14:41:46.745176+00:00", "RecordID": "115893", "Level": "4", "UserID": "S-1-5-18", "EventData.PackageFullName": "windows.immersivecontrolpanel_10.0.2.1000_neutral_neutral_cw5n1h2txyewy", "EventData.IsInstalled": "True"}
{"EventID": "633", "Channel": "Microsoft-Windows-AppXDeploymentServer/Operational", "Provider_Name": "Microsoft-Windows-AppXDeployment-Server", "Computer": "DESKTOP-OFJ6N53", "TimeCreated": "2025-08-13 14:41:46.815437+00:00", "RecordID": "115894", "Level": "4", "UserID": "S-1-5-18", "EventData.PackageFullName": "Windows.PrintDialog_6.2.1.0_neutral_neutral_cw5n1h2txyewy", "EventData.IsInstalled": "True"}
{"EventID": "636", "Channel": "Microsoft-Windows-AppXDeploymentServer/Operational", "Provider_Name": "Microsoft-Windows-AppXDeployment-Server", "Computer": "DESKTOP-OFJ6N53", "TimeCreated": "2025-08-13 14:41:46.815500+00:00", "RecordID": "115895", "Level": "4", "UserID": "S-1-5-18", "EventData.HResult": "0x00000000"}
{"EventID": "603", "Channel": "Microsoft-Windows-AppXDeploymentServer/Operational", "Provider_Name": "Microsoft-Windows-AppXDeployment-Server", "Computer": "DESKTOP-OFJ6N53", "TimeCreated": "2025-08-13 14:42:46.338314+00:00", "RecordID": "115896", "Level": "4", "UserID": "S-1-5-18", "EventData.DeploymentOperation": "19", "EventData.Path": null, "EventData.Flags": "0", "EventData.FlagsHigh": "0", "EventData.CallingProcess": "svchost.exe,StorSvc", "EventData.ExternalLocation": null}
{"EventID": "603", "Channel": "Microsoft-Windows-AppXDeploymentServer/Operational", "Provider_Name": "Microsoft-Windows-AppXDeployment-Server", "Computer": "DESKTOP-OFJ6N53", "TimeCreated": "2025-08-13 14:42:46.429205+00:00", "RecordID": "115897", "Level": "4", "UserID": "S-1-5-18", "EventData.DeploymentOperation": "36", "EventData.Path": null, "EventData.Flags": "0", "EventData.FlagsHigh": "0", "EventData.CallingProcess": "svchost.exe,StorSvc", "EventData.ExternalLocation": null}
{"EventID": "818", "Channel": "Microsoft-Windows-AppXDeploymentServer/Operational", "Provider_Name": "Microsoft-Windows-AppXDeployment-Server", "Computer": "DESKTOP-OFJ6N53", "TimeCreated": "2025-08-13 14:43:10.786787+00:00", "RecordID": "115898", "Level": "5", "UserID": "S-1-5-18", "EventData.UserSid": "S-1-5-21-963789628-1060504924-4285088085-1001"}
{"EventID": "819", "Channel": "Microsoft-Windows-AppXDeploymentServer/Operational", "Provider_Name": "Microsoft-Windows-AppXDeployment-Server", "Computer": "DESKTOP-OFJ6N53", "TimeCreated": "2025-08-13 14:43:10.796955+00:00", "RecordID": "115899", "Level": "5", "UserID": "S-1-5-18", "EventData.InstallPackageList": "Microsoft.Windows.Search_10.0.19041.6157_neutral_neutral_cw5n1h2txyewy MicrosoftWindows.Client.CBS_1000.19062.1000.0_neutral_neutral_cw5n1h2txyewy", "EventData.EndOfLifePackageList": "NULL"}
{"EventID": "819", "Channel": "Microsoft-Windows-AppXDeploymentServer/Operational", "Provider_Name": "Microsoft-Windows-AppXDeployment-Server", "Computer": "DESKTOP-OFJ6N53", "TimeCreated": "2025-08-13 14:43:14.547142+00:00", "RecordID": "115900", "Level": "5", "UserID": "S-1-5-18", "EventData.InstallPackageList": "1527c705-839a-4832-9118-54d4Bd6a0c89_10.0.19041.4239_neutral_neutral_cw5n1h2txyewy c5e2524a-ea46-4f67-841f-6a9465d9d515_10.0.19041.4239_neutral_neutral_cw5n1h2txyewy E2A4F912-2574-4A75-9BB0-0D023378592B_10.0.19041.4239_neutral_neutral_cw5n1h2txyewy F46D4000-FD22-4DB4-AC8E-4E1DDDE828FE_10.0.19041.4239_neutral_neutral_cw5n1h2txyewy Microsoft.AAD.BrokerPlugin_10.0.19041.4239_neutral_neutral_cw5n1h2txyewy Microsoft.AccountsControl_10.0.19041.4239_neutral_neutral_cw5n1h2txyewy Microsoft.AsyncTextService_10.0.19041.4239_neutral_neutral_8wekyb3d8bbwe Microsoft.BioEnrollment_10.0.19041.4239_neutral_neutral_cw5n1h2txyewy Microsoft.CredDialogHost_10.0.19041.4239_neutral_neutral_cw5n1h2txyewy Microsoft.ECApp_10.0.19041.4597_neutral_neutral_8wekyb3d8bbwe Microsoft.LockApp_10.0.19041.4239_neutral_neutral_cw5n1h2txyewy Microsoft.MicrosoftEdgeDevToolsClient_10.0.19041.4239_neutral__8wekyb3d8bbwe Microsoft.Win32WebViewHost_10.0.19041.4239_neutral_neutral_cw5n1h2txyewy Microsoft.Windows.AppRep.ChxApp_10.0.19041.4239_neutral_neutral_cw5n1h2txyewy Microsoft.Windows.AssignedAccessLockApp_10.0.19041.4239_neutral_neutral_cw5n1h2txyewy Microsoft.Windows.CallingShellApp_10.0.19041.4239_neutral_neutral_cw5n1h2txyewy Microsoft.Windows.CapturePicker_10.0.19041.4239_neutral_neutral_cw5n1h2txyewy Microsoft.Windows.CloudExperienceHost_10.0.19041.5198_neutral_neutral_cw5n1h2txyewy Microsoft.Windows.ContentDeliveryManager_10.0.19041.4239_neutral_neutral_cw5n1h2txyewy Microsoft.Windows.NarratorQuickStart_10.0.19041.4239_neutral_neutral_8wekyb3d8bbwe Microsoft.Windows.OOBENetworkCaptivePortal_10.0.19041.4239_neutral_neutral_cw5n1h2txyewy Microsoft.Windows.OOBENetworkConnectionFlow_10.0.19041.4239_neutral_neutral_cw5n1h2txyewy Microsoft.Windows.ParentalControls_10.0.19041.4239_neutral_neutral_cw5n1h2txyewy Microsoft.Windows.PeopleExperienceHost_10.0.19041.4239_neutral_neutral_cw5n1h2txyewy Microsoft.Windows.PinningConfirmationDialog_10.0.19041.4239_neutral_neutral_cw5n1h2txyewy Microsoft.Windows.Search_10.0.19041.6157_neutral_neutral_cw5n1h2txyewy Microsoft.Windows.SecHealthUI_10.0.19041.4239_neutral__cw5n1h2txyewy Microsoft.Windows.SecureAssessmentBrowser_10.0.19041.4239_neutral_neutral_cw5n1h2txyewy Microsoft.Windows.ShellExperienceHost_10.0.19041.5072_neutral_neutral_cw5n1h2txyewy Microsoft.Windows.StartMenuExperienceHost_10.0.19041.5438_neutral_neutral_cw5n1h2txyewy Microsoft.Windows.XGpuEjectDialog_10.0.19041.4239_neutral_neutral_cw5n1h2txyewy Microsoft.XboxGameCallableUI_10.0.19041.4239_neutral_neutral_cw5n1h2txyewy MicrosoftWindows.Client.CBS_1000.19062.1000.0_neutral_neutral_cw5n1h2txyewy MicrosoftWindows.UndockedDevKit_10.0.19041.4239_neutral_neutral_cw5n1h2txyewy NcsiUwpApp_10.0.19041.4239_neutral_neutral_8wekyb3d8bbwe Windows.CBSPreview_10.0.19041.4239_neutral_neutral_cw5n1h2txyewy windows.immersivecontrolpanel_10.0.2.1000_neutral_neutral_cw5n1h2txyewy Windows.PrintDialog_6.2.1.0_neutral_neutral_cw5n1h2txyewy", "EventData.EndOfLifePackageList": "NULL"}
{"EventID": "633", "Channel": "Microsoft-Windows-AppXDeploymentServer/Operational", "Provider_Name": "Microsoft-Windows-AppXDeployment-Server", "Computer": "DESKTOP-OFJ6N53", "TimeCreated": "2025-08-13 14:43:14.611261+00:00", "RecordID": "115901", "Level": "4", "UserID": "S-1-5-18", "EventData.PackageFullName": "1527c705-839a-4832-9118-54d4Bd6a0c89_10.0.19041.4239_neutral_neutral_cw5n1h2txyewy", "EventData.IsInstalled": "True"}
{"EventID": "633", "Channel": "Microsoft-Windows-AppXDeploymentServer/Operational", "Provider_Name": "Microsoft-Windows-AppXDeployment-Server", "Computer": "DESKTOP-OFJ6N53", "TimeCreated": "2025-08-13 14:43:15.030281+00:00", "RecordID": "115902", "Level": "4", "UserID": "S-1-5-18", "EventData.PackageFullName": "c5e2524a-ea46-4f67-841f-6a9465d9d515_10.0.19041.4239_neutral_neutral_cw5n1h2txyewy", "EventData.IsInstalled": "True"}
{"EventID": "633", "Channel": "Microsoft-Windows-AppXDeploymentServer/Operational", "Provider_Name": "Microsoft-Windows-AppXDeployment-Server", "Computer": "DESKTOP-OFJ6N53", "TimeCreated": "2025-08-13 14:43:15.179592+00:00", "RecordID": "115903", "Level": "4", "UserID": "S-1-5-18", "EventData.PackageFullName": "E2A4F912-2574-4A75-9BB0-0D023378592B_10.0.19041.4239_neutral_neutral_cw5n1h2txyewy", "EventData.IsInstalled": "True"}
{"EventID": "633", "Channel": "Microsoft-Windows-AppXDeploymentServer/Operational", "Provider_Name": "Microsoft-Windows-AppXDeployment-Server", "Computer": "DESKTOP-OFJ6N53", "TimeCreated": "2025-08-13 14:43:15.373274+00:00", "RecordID": "115904", "Level": "4", "UserID": "S-1-5-18", "EventData.PackageFullName": "F46D4000-FD22-4DB4-AC8E-4E1DDDE828FE_10.0.19041.4239_neutral_neutral_cw5n1h2txyewy", "EventData.IsInstalled": "True"}
{"EventID": "633", "Channel": "Microsoft-Windows-AppXDeploymentServer/Operational", "Provider_Name": "Microsoft-Windows-AppXDeployment-Server", "Computer": "DESKTOP-OFJ6N53", "TimeCreated": "2025-08-13 14:43:15.431694+00:00", "RecordID": "115905", "Level": "4", "UserID": "S-1-5-18", "EventData.PackageFullName": "Microsoft.AAD.BrokerPlugin_1000.19041.4239.0_neutral_neutral_cw5n1h2txyewy", "EventData.IsInstalled": "True"}
{"EventID": "633", "Channel": "Microsoft-Windows-AppXDeploymentServer/Operational", "Provider_Name": "Microsoft-Windows-AppXDeployment-Server", "Computer": "DESKTOP-OFJ6N53", "TimeCreated": "2025-08-13 14:43:15.750687+00:00", "RecordID": "115906", "Level": "4", "UserID": "S-1-5-18", "EventData.PackageFullName": "Microsoft.AccountsControl_10.0.19041.4239_neutral__cw5n1h2txyewy", "EventData.IsInstalled": "True"}
{"EventID": "633", "Channel": "Microsoft-Windows-AppXDeploymentServer/Operational", "Provider_Name": "Microsoft-Windows-AppXDeployment-Server", "Computer": "DESKTOP-OFJ6N53", "TimeCreated": "2025-08-13 14:43:15.914957+00:00", "RecordID": "115907", "Level": "4", "UserID": "S-1-5-18", "EventData.PackageFullName": "Microsoft.AsyncTextService_10.0.19041.4239_neutral__8wekyb3d8bbwe", "EventData.IsInstalled": "True"}
{"EventID": "633", "Channel": "Microsoft-Windows-AppXDeploymentServer/Operational", "Provider_Name": "Microsoft-Windows-AppXDeployment-Server", "Computer": "DESKTOP-OFJ6N53", "TimeCreated": "2025-08-13 14:43:16.069246+00:00", "RecordID": "115908", "Level": "4", "UserID": "S-1-5-18", "EventData.PackageFullName": "Microsoft.BioEnrollment_10.0.19041.4239_neutral__cw5n1h2txyewy", "EventData.IsInstalled": "True"}
{"EventID": "633", "Channel": "Microsoft-Windows-AppXDeploymentServer/Operational", "Provider_Name": "Microsoft-Windows-AppXDeployment-Server", "Computer": "DESKTOP-OFJ6N53", "TimeCreated": "2025-08-13 14:43:16.336674+00:00", "RecordID": "115909", "Level": "4", "UserID": "S-1-5-18", "EventData.PackageFullName": "Microsoft.CredDialogHost_10.0.19041.4239_neutral__cw5n1h2txyewy", "EventData.IsInstalled": "True"}
{"EventID": "633", "Channel": "Microsoft-Windows-AppXDeploymentServer/Operational", "Provider_Name": "Microsoft-Windows-AppXDeployment-Server", "Computer": "DESKTOP-OFJ6N53", "TimeCreated": "2025-08-13 14:43:16.552313+00:00", "RecordID": "115910", "Level": "4", "UserID": "S-1-5-18", "EventData.PackageFullName": "Microsoft.ECApp_10.0.19041.4597_neutral__8wekyb3d8bbwe", "EventData.IsInstalled": "True"}
{"EventID": "633", "Channel": "Microsoft-Windows-AppXDeploymentServer/Operational", "Provider_Name": "Microsoft-Windows-AppXDeployment-Server", "Computer": "DESKTOP-OFJ6N53", "TimeCreated": "2025-08-13 14:43:16.695372+00:00", "RecordID": "115911", "Level": "4", "UserID": "S-1-5-18", "EventData.PackageFullName": "Microsoft.LockApp_10.0.19041.4239_neutral__cw5n1h2txyewy", "EventData.IsInstalled": "True"}
{"EventID": "633", "Channel": "Microsoft-Windows-AppXDeploymentServer/Operational", "Provider_Name": "Microsoft-Windows-AppXDeployment-Server", "Computer": "DESKTOP-OFJ6N53", "TimeCreated": "2025-08-13 14:43:16.860491+00:00", "RecordID": "115912", "Level": "4", "UserID": "S-1-5-18", "EventData.PackageFullName": "Microsoft.MicrosoftEdgeDevToolsClient_1000.19041.4239.0_neutral_neutral_8wekyb3d8bbwe", "EventData.IsInstalled": "True"}
{"EventID": "633", "Channel": "Microsoft-Windows-AppXDeploymentServer/Operational", "Provider_Name": "Microsoft-Windows-AppXDeployment-Server", "Computer": "DESKTOP-OFJ6N53", "TimeCreated": "2025-08-13 14:43:17.025370+00:00", "RecordID": "115913", "Level": "4", "UserID": "S-1-5-18", "EventData.PackageFullName": "Microsoft.Win32WebViewHost_10.0.19041.4239_neutral_neutral_cw5n1h2txyewy", "EventData.IsInstalled": "True"}
{"EventID": "633", "Channel": "Microsoft-Windows-AppXDeploymentServer/Operational", "Provider_Name": "Microsoft-Windows-AppXDeployment-Server", "Computer": "DESKTOP-OFJ6N53", "TimeCreated": "2025-08-13 14:43:17.085678+00:00", "RecordID": "115914", "Level": "4", "UserID": "S-1-5-18", "EventData.PackageFullName": "Microsoft.Windows.Apprep.ChxApp_1000.19041.4239.0_neutral_neutral_cw5n1h2txyewy", "EventData.IsInstalled": "True"}
{"EventID": "633", "Channel": "Microsoft-Windows-AppXDeploymentServer/Operational", "Provider_Name": "Microsoft-Windows-AppXDeployment-Server", "Computer": "DESKTOP-OFJ6N53", "TimeCreated": "2025-08-13 14:43:17.387276+00:00", "RecordID": "115915", "Level": "4", "UserID": "S-1-5-18", "EventData.PackageFullName": "Microsoft.Windows.AssignedAccessLockApp_1000.19041.4239.0_neutral_neutral_cw5n1h2txyewy", "EventData.IsInstalled": "True"}
{"EventID": "633", "Channel": "Microsoft-Windows-AppXDeploymentServer/Operational", "Provider_Name": "Microsoft-Windows-AppXDeployment-Server", "Computer": "DESKTOP-OFJ6N53", "TimeCreated": "2025-08-13 14:43:17.541615+00:00", "RecordID": "115916", "Level": "4", "UserID": "S-1-5-18", "EventData.PackageFullName": "Microsoft.Windows.CallingShellApp_1000.19041.4239.0_neutral_neutral_cw5n1h2txyewy", "EventData.IsInstalled": "True"}
{"EventID": "633", "Channel": "Microsoft-Windows-AppXDeploymentServer/Operational", "Provider_Name": "Microsoft-Windows-AppXDeployment-Server", "Computer": "DESKTOP-OFJ6N53", "TimeCreated": "2025-08-13 14:43:17.800804+00:00", "RecordID": "115917", "Level": "4", "UserID": "S-1-5-18", "EventData.PackageFullName": "Microsoft.Windows.CapturePicker_10.0.19041.4239_neutral__cw5n1h2txyewy", "EventData.IsInstalled": "True"}
{"EventID": "633", "Channel": "Microsoft-Windows-AppXDeploymentServer/Operational", "Provider_Name": "Microsoft-Windows-AppXDeployment-Server", "Computer": "DESKTOP-OFJ6N53", "TimeCreated": "2025-08-13 14:43:17.862513+00:00", "RecordID": "115918", "Level": "4", "UserID": "S-1-5-18", "EventData.PackageFullName": "Microsoft.Windows.CloudExperienceHost_10.0.19041.5198_neutral_neutral_cw5n1h2txyewy", "EventData.IsInstalled": "True"}
{"EventID": "633", "Channel": "Microsoft-Windows-AppXDeploymentServer/Operational", "Provider_Name": "Microsoft-Windows-AppXDeployment-Server", "Computer": "DESKTOP-OFJ6N53", "TimeCreated": "2025-08-13 14:43:18.177799+00:00", "RecordID": "115919", "Level": "4", "UserID": "S-1-5-18", "EventData.PackageFullName": "Microsoft.Windows.ContentDeliveryManager_10.0.19041.4239_neutral_neutral_cw5n1h2txyewy", "EventData.IsInstalled": "True"}
{"EventID": "633", "Channel": "Microsoft-Windows-AppXDeploymentServer/Operational", "Provider_Name": "Microsoft-Windows-AppXDeployment-Server", "Computer": "DESKTOP-OFJ6N53", "TimeCreated": "2025-08-13 14:43:18.237381+00:00", "RecordID": "115920", "Level": "4", "UserID": "S-1-5-18", "EventData.PackageFullName": "Microsoft.Windows.NarratorQuickStart_10.0.19041.4239_neutral_neutral_8wekyb3d8bbwe", "EventData.IsInstalled": "True"}
{"EventID": "633", "Channel": "Microsoft-Windows-AppXDeploymentServer/Operational", "Provider_Name": "Microsoft-Windows-AppXDeployment-Server", "Computer": "DESKTOP-OFJ6N53", "TimeCreated": "2025-08-13 14:43:18.295891+00:00", "RecordID": "115921", "Level": "4", "UserID": "S-1-5-18", "EventData.PackageFullName": "Microsoft.Windows.OOBENetworkCaptivePortal_10.0.19041.4239_neutral__cw5n1h2txyewy", "EventData.IsInstalled": "True"}
{"EventID": "633", "Channel": "Microsoft-Windows-AppXDeploymentServer/Operational", "Provider_Name": "Microsoft-Windows-AppXDeployment-Server", "Computer": "DESKTOP-OFJ6N53", "TimeCreated": "2025-08-13 14:43:18.577940+00:00", "RecordID": "115922", "Level": "4", "UserID": "S-1-5-18", "EventData.PackageFullName": "Microsoft.Windows.OOBENetworkConnectionFlow_10.0.19041.4239_neutral__cw5n1h2txyewy", "EventData.IsInstalled": "True"}
{"EventID": "633", "Channel": "Microsoft-Windows-AppXDeploymentServer/Operational", "Provider_Name": "Microsoft-Windows-AppXDeployment-Server", "Computer": "DESKTOP-OFJ6N53", "TimeCreated": "2025-08-13 14:43:18.635561+00:00", "RecordID": "115923", "Level": "4", "UserID": "S-1-5-18", "EventData.PackageFullName": "Microsoft.Windows.ParentalControls_1000.19041.4239.0_neutral_neutral_cw5n1h2txyewy", "EventData.IsInstalled": "True"}
{"EventID": "633", "Channel": "Microsoft-Windows-AppXDeploymentServer/Operational", "Provider_Name": "Microsoft-Windows-AppXDeployment-Server", "Computer": "DESKTOP-OFJ6N53", "TimeCreated": "2025-08-13 14:43:18.885223+00:00", "RecordID": "115924", "Level": "4", "UserID": "S-1-5-18", "EventData.PackageFullName": "Microsoft.Windows.PeopleExperienceHost_10.0.19041.4239_neutral_neutral_cw5n1h2txyewy", "EventData.IsInstalled": "True"}
{"EventID": "633", "Channel": "Microsoft-Windows-AppXDeploymentServer/Operational", "Provider_Name": "Microsoft-Windows-AppXDeployment-Server", "Computer": "DESKTOP-OFJ6N53", "TimeCreated": "2025-08-13 14:43:18.943020+00:00", "RecordID": "115925", "Level": "4", "UserID": "S-1-5-18", "EventData.PackageFullName": "Microsoft.Windows.PinningConfirmationDialog_1000.19041.4239.0_neutral__cw5n1h2txyewy", "EventData.IsInstalled": "True"}
{"EventID": "633", "Channel": "Microsoft-Windows-AppXDeploymentServer/Operational", "Provider_Name": "Microsoft-Windows-AppXDeployment-Server", "Computer": "DESKTOP-OFJ6N53", "TimeCreated": "2025-08-13 14:43:19.009453+00:00", "RecordID": "115926", "Level": "4", "UserID": "S-1-5-18", "EventData.PackageFullName": "Microsoft.Windows.Search_1.14.18.19041_neutral_neutral_cw5n1h2txyewy", "EventData.IsInstalled": "True"}
{"EventID": "633", "Channel": "Microsoft-Windows-AppXDeploymentServer/Operational", "Provider_Name": "Microsoft-Windows-AppXDeployment-Server", "Computer": "DESKTOP-OFJ6N53", "TimeCreated": "2025-08-13 14:43:19.467850+00:00", "RecordID": "115927", "Level": "4", "UserID": "S-1-5-18", "EventData.PackageFullName": "Microsoft.Windows.SecHealthUI_10.0.19041.4239_neutral__cw5n1h2txyewy", "EventData.IsInstalled": "True"}
{"EventID": "633", "Channel": "Microsoft-Windows-AppXDeploymentServer/Operational", "Provider_Name": "Microsoft-Windows-AppXDeployment-Server", "Computer": "DESKTOP-OFJ6N53", "TimeCreated": "2025-08-13 14:43:19.533455+00:00", "RecordID": "115928", "Level": "4", "UserID": "S-1-5-18", "EventData.PackageFullName": "Microsoft.Windows.SecureAssessmentBrowser_10.0.19041.4239_neutral_neutral_cw5n1h2txyewy", "EventData.IsInstalled": "True"}
{"EventID": "633", "Channel": "Microsoft-Windows-AppXDeploymentServer/Operational", "Provider_Name": "Microsoft-Windows-AppXDeployment-Server", "Computer": "DESKTOP-OFJ6N53", "TimeCreated": "2025-08-13 14:43:19.947605+00:00", "RecordID": "115929", "Level": "4", "UserID": "S-1-5-18", "EventData.PackageFullName": "Microsoft.Windows.ShellExperienceHost_10.0.19041.5072_neutral_neutral_cw5n1h2txyewy", "EventData.IsInstalled": "True"}
{"EventID": "633", "Channel": "Microsoft-Windows-AppXDeploymentServer/Operational", "Provider_Name": "Microsoft-Windows-AppXDeployment-Server", "Computer": "DESKTOP-OFJ6N53", "TimeCreated": "2025-08-13 14:43:20.010695+00:00", "RecordID": "115930", "Level": "4", "UserID": "S-1-5-18", "EventData.PackageFullName": "Microsoft.Windows.StartMenuExperienceHost_10.0.19041.5438_neutral_neutral_cw5n1h2txyewy", "EventData.IsInstalled": "True"}
{"EventID": "633", "Channel": "Microsoft-Windows-AppXDeploymentServer/Operational", "Provider_Name": "Microsoft-Windows-AppXDeployment-Server", "Computer": "DESKTOP-OFJ6N53", "TimeCreated": "2025-08-13 14:43:20.327869+00:00", "RecordID": "115931", "Level": "4", "UserID": "S-1-5-18", "EventData.PackageFullName": "Microsoft.Windows.XGpuEjectDialog_10.0.19041.4239_neutral_neutral_cw5n1h2txyewy", "EventData.IsInstalled": "True"}
{"EventID": "633", "Channel": "Microsoft-Windows-AppXDeploymentServer/Operational", "Provider_Name": "Microsoft-Windows-AppXDeployment-Server", "Computer": "DESKTOP-OFJ6N53", "TimeCreated": "2025-08-13 14:43:20.389557+00:00", "RecordID": "115932", "Level": "4", "UserID": "S-1-5-18", "EventData.PackageFullName": "Microsoft.XboxGameCallableUI_1000.19041.4239.0_neutral_neutral_cw5n1h2txyewy", "EventData.IsInstalled": "True"}
{"EventID": "633", "Channel": "Microsoft-Windows-AppXDeploymentServer/Operational", "Provider_Name": "Microsoft-Windows-AppXDeployment-Server", "Computer": "DESKTOP-OFJ6N53", "TimeCreated": "2025-08-13 14:43:20.707136+00:00", "RecordID": "115933", "Level": "4", "UserID": "S-1-5-18", "EventData.PackageFullName": "MicrosoftWindows.Client.CBS_1000.19062.1000.0_x64__cw5n1h2txyewy", "EventData.IsInstalled": "True"}
{"EventID": "633", "Channel": "Microsoft-Windows-AppXDeploymentServer/Operational", "Provider_Name": "Microsoft-Windows-AppXDeployment-Server", "Computer": "DESKTOP-OFJ6N53", "TimeCreated": "2025-08-13 14:43:20.767151+00:00", "RecordID": "115934", "Level": "4", "UserID": "S-1-5-18", "EventData.PackageFullName": "MicrosoftWindows.UndockedDevKit_10.0.19041.4239_neutral_neutral_cw5n1h2txyewy", "EventData.IsInstalled": "True"}
{"EventID": "633", "Channel": "Microsoft-Windows-AppXDeploymentServer/Operational", "Provider_Name": "Microsoft-Windows-AppXDeployment-Server", "Computer": "DESKTOP-OFJ6N53", "TimeCreated": "2025-08-13 14:43:21.086941+00:00", "RecordID": "115935", "Level": "4", "UserID": "S-1-5-18", "EventData.PackageFullName": "NcsiUwpApp_1000.19041.4239.0_neutral_neutral_8wekyb3d8bbwe", "EventData.IsInstalled": "True"}
{"EventID": "633", "Channel": "Microsoft-Windows-AppXDeploymentServer/Operational", "Provider_Name": "Microsoft-Windows-AppXDeployment-Server", "Computer": "DESKTOP-OFJ6N53", "TimeCreated": "2025-08-13 14:43:21.152802+00:00", "RecordID": "115936", "Level": "4", "UserID": "S-1-5-18", "EventData.PackageFullName": "Windows.CBSPreview_10.0.19041.4239_neutral_neutral_cw5n1h2txyewy", "EventData.IsInstalled": "True"}
{"EventID": "633", "Channel": "Microsoft-Windows-AppXDeploymentServer/Operational", "Provider_Name": "Microsoft-Windows-AppXDeployment-Server", "Computer": "DESKTOP-OFJ6N53", "TimeCreated": "2025-08-13 14:43:21.210588+00:00", "RecordID": "115937", "Level": "4", "UserID": "S-1-5-18", "EventData.PackageFullName": "windows.immersivecontrolpanel_10.0.2.1000_neutral_neutral_cw5n1h2txyewy", "EventData.IsInstalled": "True"}
{"EventID": "633", "Channel": "Microsoft-Windows-AppXDeploymentServer/Operational", "Provider_Name": "Microsoft-Windows-AppXDeployment-Server", "Computer": "DESKTOP-OFJ6N53", "TimeCreated": "2025-08-13 14:43:21.659502+00:00", "RecordID": "115938", "Level": "4", "UserID": "S-1-5-18", "EventData.PackageFullName": "Windows.PrintDialog_6.2.1.0_neutral_neutral_cw5n1h2txyewy", "EventData.IsInstalled": "True"}
{"EventID": "636", "Channel": "Microsoft-Windows-AppXDeploymentServer/Operational", "Provider_Name": "Microsoft-Windows-AppXDeployment-Server", "Computer": "DESKTOP-OFJ6N53", "TimeCreated": "2025-08-13 14:43:21.659555+00:00", "RecordID": "115939", "Level": "4", "UserID": "S-1-5-18", "EventData.HResult": "0x00000000"}
{"EventID": "604", "Channel": "Microsoft-Windows-AppXDeploymentServer/Operational", "Provider_Name": "Microsoft-Windows-AppXDeployment-Server", "Computer": "DESKTOP-OFJ6N53", "TimeCreated": "2025-08-13 14:43:21.666779+00:00", "RecordID": "115940", "Level": "4", "UserID": "S-1-5-21-963789628-1060504924-4285088085-1001", "EventData.DeploymentOperation": "27", "EventData.Path": null, "EventData.DependencyPaths": "Microsoft.Windows.Search_10.0.19041.6157_neutral_neutral_cw5n1h2txyewy, MicrosoftWindows.Client.CBS_1000.19062.1000.0_neutral_neutral_cw5n1h2txyewy", "EventData.Flags": "268435456", "EventData.FlagsHigh": "0", "EventData.CallingProcess": "svchost.exe,AppReadiness", "EventData.ExternalLocation": null}
{"EventID": "10002", "Channel": "Microsoft-Windows-AppXDeploymentServer/Operational", "Provider_Name": "Microsoft-Windows-AppXDeployment-Server", "Computer": "DESKTOP-OFJ6N53", "TimeCreated": "2025-08-13 14:43:21.854912+00:00", "RecordID": "115941", "Level": "5", "UserID": "S-1-5-18", "EventData.DeploymentOperation": "27", "EventData.MainPackageMoniker": "Microsoft.Windows.Search_10.0.19041.6157_neutral_neutral_cw5n1h2txyewy", "EventData.ResiliencyFilePath": "C:\\ProgramData\\Microsoft\\Windows\\AppRepository\\061fde5c-e89c-4431-8961-017cabb7394b_S-1-5-21-963789628-1060504924-4285088085-1001_1.rslc"}
{"EventID": "607", "Channel": "Microsoft-Windows-AppXDeploymentServer/Operational", "Provider_Name": "Microsoft-Windows-AppXDeployment-Server", "Computer": "DESKTOP-OFJ6N53", "TimeCreated": "2025-08-13 14:43:21.858311+00:00", "RecordID": "115942", "Level": "4", "UserID": "S-1-5-21-963789628-1060504924-4285088085-1001", "EventData.DeploymentOperation": "27", "EventData.PackageFullName": "Microsoft.Windows.Search_10.0.19041.6157_neutral_neutral_cw5n1h2txyewy", "EventData.UserSid": "S-1-5-21-963789628-1060504924-4285088085-1001", "EventData.CallingProcess": "svchost.exe,AppReadiness"}
{"EventID": "400", "Channel": "Microsoft-Windows-AppXDeploymentServer/Operational", "Provider_Name": "Microsoft-Windows-AppXDeployment-Server", "Computer": "DESKTOP-OFJ6N53", "TimeCreated": "2025-08-13 14:43:22.671301+00:00", "RecordID": "115943", "Level": "4", "UserID": "S-1-5-21-963789628-1060504924-4285088085-1001", "EventData.DeploymentOperation": "27", "EventData.PackageFullName": "Microsoft.Windows.Search_10.0.19041.6157_neutral_neutral_cw5n1h2txyewy", "EventData.Path": null, "EventData.MountPoint": "C:", "EventData.TargetPlatform": "0xffffffff", "EventData.SystemVolume": "True", "EventData.StorageId": "\\\\?\\Volume{c33a8663-71a2-4031-8cec-c21914fe12ad}", "EventData.IsCentennial": "False", "EventData.PackageType": "0x00000000", "EventData.IsPackageEncrypted": "False", "EventData.DeploymentOptions": "0x0000000010000000", "EventData.IsStreamingPackage": "False", "EventData.IsInRelatedSet": "False", "EventData.IsPackageUsingBDC": "False", "EventData.MainPackageFamilyName": "NULL", "EventData.CallingProcess": "svchost.exe,AppReadiness", "EventData.IsOptional": "False", "EventData.PackageFlags": "0x00000000", "EventData.PackageFlags2": "0x00000000", "EventData.HasWin32alacarte": "False", "EventData.HasFullTrust": "False", "EventData.ExternalLocation": null, "EventData.PackageSourceUri": null}
{"EventID": "649", "Channel": "Microsoft-Windows-AppXDeploymentServer/Operational", "Provider_Name": "Microsoft-Windows-AppXDeployment-Server", "Computer": "DESKTOP-OFJ6N53", "TimeCreated": "2025-08-13 14:43:22.917187+00:00", "RecordID": "115944", "Level": "4", "UserID": "S-1-5-21-963789628-1060504924-4285088085-1001", "EventData.DeploymentOperation": "27", "EventData.PackageFullName": "Microsoft.Windows.Search_10.0.19041.6157_neutral_neutral_cw5n1h2txyewy", "EventData.Summary": "PostDeploymentOperationCheck cost: 0 ms"}
{"EventID": "603", "Channel": "Microsoft-Windows-AppXDeploymentServer/Operational", "Provider_Name": "Microsoft-Windows-AppXDeployment-Server", "Computer": "DESKTOP-OFJ6N53", "TimeCreated": "2025-08-13 14:43:22.970108+00:00", "RecordID": "115945", "Level": "4", "UserID": "S-1-5-21-963789628-1060504924-4285088085-1001", "EventData.DeploymentOperation": "6", "EventData.Path": "AppxManifest.xml", "EventData.Flags": "2449474112", "EventData.FlagsHigh": "262144", "EventData.CallingProcess": "svchost.exe,AppReadiness", "EventData.ExternalLocation": null}
{"EventID": "603", "Channel": "Microsoft-Windows-AppXDeploymentServer/Operational", "Provider_Name": "Microsoft-Windows-AppXDeployment-Server", "Computer": "DESKTOP-OFJ6N53", "TimeCreated": "2025-08-13 14:43:22.980682+00:00", "RecordID": "115946", "Level": "4", "UserID": "S-1-5-21-963789628-1060504924-4285088085-1001", "EventData.DeploymentOperation": "6", "EventData.Path": "AppxManifest.xml", "EventData.Flags": "2449474112", "EventData.FlagsHigh": "262144", "EventData.CallingProcess": "svchost.exe,AppReadiness", "EventData.ExternalLocation": null}
