{"EventID": "2", "Channel": "Microsoft-Windows-CloudRestoreLauncher/Operational", "Provider_Name": "Microsoft-Windows-CloudRestoreLauncher", "Computer": "DESKTOP-OFJ6N53", "TimeCreated": "2024-12-14 13:56:01.684944+00:00", "RecordID": "211", "Level": "4", "UserID": "S-1-5-21-963789628-1060504924-4285088085-1001", "EventData.activityId": "{00000000-0000-0000-0000-000000000000}", "EventData.cv": "P4AMNlJW60iMdQtrka4v0A.1.0", "EventData.Trigger": "0"}
{"EventID": "1", "Channel": "Microsoft-Windows-CloudRestoreLauncher/Operational", "Provider_Name": "Microsoft-Windows-CloudRestoreLauncher", "Computer": "DESKTOP-OFJ6N53", "TimeCreated": "2024-12-14 13:56:01.706104+00:00", "RecordID": "212", "Level": "2", "UserID": "S-1-5-21-963789628-1060504924-4285088085-1001", "EventData.Type": "2", "EventData.ErrorCode": "2147942450", "EventData.File": "pcshell\\shell\\cloudrestorelauncher\\cloudbackuprestore\\backuprestorecoordinator.cpp", "EventData.LineNumber": "249"}
{"EventID": "3", "Channel": "Microsoft-Windows-CloudRestoreLauncher/Operational", "Provider_Name": "Microsoft-Windows-CloudRestoreLauncher", "Computer": "DESKTOP-OFJ6N53", "TimeCreated": "2024-12-14 13:56:01.706135+00:00", "RecordID": "213", "Level": "4", "UserID": "S-1-5-21-963789628-1060504924-4285088085-1001", "EventData.activityId": "{00000000-0000-0000-0000-000000000000}", "EventData.cv": "P4AMNlJW60iMdQtrka4v0A.1.0", "EventData.Trigger": "0"}
{"EventID": "2", "Channel": "Microsoft-Windows-CloudRestoreLauncher/Operational", "Provider_Name": "Microsoft-Windows-CloudRestoreLauncher", "Computer": "DESKTOP-OFJ6N53", "TimeCreated": "2024-12-22 03:15:43.665623+00:00", "RecordID": "214", "Level": "4", "UserID": "S-1-5-21-963789628-1060504924-4285088085-1001", "EventData.activityId": "{00000000-0000-0000-0000-000000000000}", "EventData.cv": "d8SDVru1l0uNfP5PU/eGkQ.1.0", "EventData.Trigger": "0"}
{"EventID": "1", "Channel": "Microsoft-Windows-CloudRestoreLauncher/Operational", "Provider_Name": "Microsoft-Windows-CloudRestoreLauncher", "Computer": "DESKTOP-OFJ6N53", "TimeCreated": "2024-12-22 03:15:43.687017+00:00", "RecordID": "215", "Level": "2", "UserID": "S-1-5-21-963789628-1060504924-4285088085-1001", "EventData.Type": "2", "EventData.ErrorCode": "2147942450", "EventData.File": "pcshell\\shell\\cloudrestorelauncher\\cloudbackuprestore\\backuprestorecoordinator.cpp", "EventData.LineNumber": "249"}
{"EventID": "3", "Channel": "Microsoft-Windows-CloudRestoreLauncher/Operational", "Provider_Name": "Microsoft-Windows-CloudRestoreLauncher", "Computer": "DESKTOP-OFJ6N53", "TimeCreated": "2024-12-22 03:15:43.687044+00:00", "RecordID": "216", "Level": "4", "UserID": "S-1-5-21-963789628-1060504924-4285088085-1001", "EventData.activityId": "{00000000-0000-0000-0000-000000000000}", "EventData.cv": "d8SDVru1l0uNfP5PU/eGkQ.1.0", "EventData.Trigger": "0"}
{"EventID": "2", "Channel": "Microsoft-Windows-CloudRestoreLauncher/Operational", "Provider_Name": "Microsoft-Windows-CloudRestoreLauncher", "Computer": "DESKTOP-OFJ6N53", "TimeCreated": "2024-12-28 15:55:28.772251+00:00", "RecordID": "217", "Level": "4", "UserID": "S-1-5-21-963789628-1060504924-4285088085-1001", "EventData.activityId": "{00000000-0000-0000-0000-000000000000}", "EventData.cv": "Ejz/iQKEPkOUwTH1Wfq67g.1.0", "EventData.Trigger": "0"}
{"EventID": "1", "Channel": "Microsoft-Windows-CloudRestoreLauncher/Operational", "Provider_Name": "Microsoft-Windows-CloudRestoreLauncher", "Computer": "DESKTOP-OFJ6N53", "TimeCreated": "2024-12-28 15:55:28.793373+00:00", "RecordID": "218", "Level": "2", "UserID": "S-1-5-21-963789628-1060504924-4285088085-1001", "EventData.Type": "2", "EventData.ErrorCode": "2147942450", "EventData.File": "pcshell\\shell\\cloudrestorelauncher\\cloudbackuprestore\\backuprestorecoordinator.cpp", "EventData.LineNumber": "249"}
{"EventID": "3", "Channel": "Microsoft-Windows-CloudRestoreLauncher/Operational", "Provider_Name": "Microsoft-Windows-CloudRestoreLauncher", "Computer": "DESKTOP-OFJ6N53", "TimeCreated": "2024-12-28 15:55:28.793409+00:00", "RecordID": "219", "Level": "4", "UserID": "S-1-5-21-963789628-1060504924-4285088085-1001", "EventData.activityId": "{00000000-0000-0000-0000-000000000000}", "EventData.cv": "Ejz/iQKEPkOUwTH1Wfq67g.1.0", "EventData.Trigger": "0"}
{"EventID": "2", "Channel": "Microsoft-Windows-CloudRestoreLauncher/Operational", "Provider_Name": "Microsoft-Windows-CloudRestoreLauncher", "Computer": "DESKTOP-OFJ6N53", "TimeCreated": "2025-01-04 10:27:53.792591+00:00", "RecordID": "220", "Level": "4", "UserID": "S-1-5-21-963789628-1060504924-4285088085-1001", "EventData.activityId": "{00000000-0000-0000-0000-000000000000}", "EventData.cv": "+L3zZrrPPkCmRUi+szCs8g.1.0", "EventData.Trigger": "0"}
{"EventID": "1", "Channel": "Microsoft-Windows-CloudRestoreLauncher/Operational", "Provider_Name": "Microsoft-Windows-CloudRestoreLauncher", "Computer": "DESKTOP-OFJ6N53", "TimeCreated": "2025-01-04 10:27:53.812014+00:00", "RecordID": "221", "Level": "2", "UserID": "S-1-5-21-963789628-1060504924-4285088085-1001", "EventData.Type": "2", "EventData.ErrorCode": "2147942450", "EventData.File": "pcshell\\shell\\cloudrestorelauncher\\cloudbackuprestore\\backuprestorecoordinator.cpp", "EventData.LineNumber": "249"}
{"EventID": "3", "Channel": "Microsoft-Windows-CloudRestoreLauncher/Operational", "Provider_Name": "Microsoft-Windows-CloudRestoreLauncher", "Computer": "DESKTOP-OFJ6N53", "TimeCreated": "2025-01-04 10:27:53.812040+00:00", "RecordID": "222", "Level": "4", "UserID": "S-1-5-21-963789628-1060504924-4285088085-1001", "EventData.activityId": "{00000000-0000-0000-0000-000000000000}", "EventData.cv": "+L3zZrrPPkCmRUi+szCs8g.1.0", "EventData.Trigger": "0"}
{"EventID": "2", "Channel": "Microsoft-Windows-CloudRestoreLauncher/Operational", "Provider_Name": "Microsoft-Windows-CloudRestoreLauncher", "Computer": "DESKTOP-OFJ6N53", "TimeCreated": "2025-01-11 10:18:20.382946+00:00", "RecordID": "223", "Level": "4", "UserID": "S-1-5-21-963789628-1060504924-4285088085-1001", "EventData.activityId": "{00000000-0000-0000-0000-000000000000}", "EventData.cv": "og8Ef7eOFkuPlM9VvQqKBQ.1.0", "EventData.Trigger": "0"}
{"EventID": "1", "Channel": "Microsoft-Windows-CloudRestoreLauncher/Operational", "Provider_Name": "Microsoft-Windows-CloudRestoreLauncher", "Computer": "DESKTOP-OFJ6N53", "TimeCreated": "2025-01-11 10:18:20.400951+00:00", "RecordID": "224", "Level": "2", "UserID": "S-1-5-21-963789628-1060504924-4285088085-1001", "EventData.Type": "2", "EventData.ErrorCode": "2147942450", "EventData.File": "pcshell\\shell\\cloudrestorelauncher\\cloudbackuprestore\\backuprestorecoordinator.cpp", "EventData.LineNumber": "249"}
{"EventID": "3", "Channel": "Microsoft-Windows-CloudRestoreLauncher/Operational", "Provider_Name": "Microsoft-Windows-CloudRestoreLauncher", "Computer": "DESKTOP-OFJ6N53", "TimeCreated": "2025-01-11 10:18:20.400974+00:00", "RecordID": "225", "Level": "4", "UserID": "S-1-5-21-963789628-1060504924-4285088085-1001", "EventData.activityId": "{00000000-0000-0000-0000-000000000000}", "EventData.cv": "og8Ef7eOFkuPlM9VvQqKBQ.1.0", "EventData.Trigger": "0"}
{"EventID": "2", "Channel": "Microsoft-Windows-CloudRestoreLauncher/Operational", "Provider_Name": "Microsoft-Windows-CloudRestoreLauncher", "Computer": "DESKTOP-OFJ6N53", "TimeCreated": "2025-01-19 04:59:14.894178+00:00", "RecordID": "226", "Level": "4", "UserID": "S-1-5-21-963789628-1060504924-4285088085-1001", "EventData.activityId": "{00000000-0000-0000-0000-000000000000}", "EventData.cv": "ys6dvgo17EmptNbe7fnOzg.1.0", "EventData.Trigger": "0"}
{"EventID": "1", "Channel": "Microsoft-Windows-CloudRestoreLauncher/Operational", "Provider_Name": "Microsoft-Windows-CloudRestoreLauncher", "Computer": "DESKTOP-OFJ6N53", "TimeCreated": "2025-01-19 04:59:14.912828+00:00", "RecordID": "227", "Level": "2", "UserID": "S-1-5-21-963789628-1060504924-4285088085-1001", "EventData.Type": "2", "EventData.ErrorCode": "2147942450", "EventData.File": "pcshell\\shell\\cloudrestorelauncher\\cloudbackuprestore\\backuprestorecoordinator.cpp", "EventData.LineNumber": "249"}
{"EventID": "3", "Channel": "Microsoft-Windows-CloudRestoreLauncher/Operational", "Provider_Name": "Microsoft-Windows-CloudRestoreLauncher", "Computer": "DESKTOP-OFJ6N53", "TimeCreated": "2025-01-19 04:59:14.912855+00:00", "RecordID": "228", "Level": "4", "UserID": "S-1-5-21-963789628-1060504924-4285088085-1001", "EventData.activityId": "{00000000-0000-0000-0000-000000000000}", "EventData.cv": "ys6dvgo17EmptNbe7fnOzg.1.0", "EventData.Trigger": "0"}
{"EventID": "2", "Channel": "Microsoft-Windows-CloudRestoreLauncher/Operational", "Provider_Name": "Microsoft-Windows-CloudRestoreLauncher", "Computer": "DESKTOP-OFJ6N53", "TimeCreated": "2025-01-26 02:36:29.900927+00:00", "RecordID": "229", "Level": "4", "UserID": "S-1-5-21-963789628-1060504924-4285088085-1001", "EventData.activityId": "{00000000-0000-0000-0000-000000000000}", "EventData.cv": "rXNZbtYLz0uVh6COpYVOrQ.1.0", "EventData.Trigger": "0"}
{"EventID": "1", "Channel": "Microsoft-Windows-CloudRestoreLauncher/Operational", "Provider_Name": "Microsoft-Windows-CloudRestoreLauncher", "Computer": "DESKTOP-OFJ6N53", "TimeCreated": "2025-01-26 02:36:29.931709+00:00", "RecordID": "230", "Level": "2", "UserID": "S-1-5-21-963789628-1060504924-4285088085-1001", "EventData.Type": "2", "EventData.ErrorCode": "2147942450", "EventData.File": "pcshell\\shell\\cloudrestorelauncher\\cloudbackuprestore\\backuprestorecoordinator.cpp", "EventData.LineNumber": "249"}
{"EventID": "3", "Channel": "Microsoft-Windows-CloudRestoreLauncher/Operational", "Provider_Name": "Microsoft-Windows-CloudRestoreLauncher", "Computer": "DESKTOP-OFJ6N53", "TimeCreated": "2025-01-26 02:36:29.931746+00:00", "RecordID": "231", "Level": "4", "UserID": "S-1-5-21-963789628-1060504924-4285088085-1001", "EventData.activityId": "{00000000-0000-0000-0000-000000000000}", "EventData.cv": "rXNZbtYLz0uVh6COpYVOrQ.1.0", "EventData.Trigger": "0"}
{"EventID": "2", "Channel": "Microsoft-Windows-CloudRestoreLauncher/Operational", "Provider_Name": "Microsoft-Windows-CloudRestoreLauncher", "Computer": "DESKTOP-OFJ6N53", "TimeCreated": "2025-02-02 01:59:20.846647+00:00", "RecordID": "232", "Level": "4", "UserID": "S-1-5-21-963789628-1060504924-4285088085-1001", "EventData.activityId": "{00000000-0000-0000-0000-000000000000}", "EventData.cv": "308UpYclI0u2EFZHsSfoQg.1.0", "EventData.Trigger": "0"}
{"EventID": "1", "Channel": "Microsoft-Windows-CloudRestoreLauncher/Operational", "Provider_Name": "Microsoft-Windows-CloudRestoreLauncher", "Computer": "DESKTOP-OFJ6N53", "TimeCreated": "2025-02-02 01:59:20.862381+00:00", "RecordID": "233", "Level": "2", "UserID": "S-1-5-21-963789628-1060504924-4285088085-1001", "EventData.Type": "2", "EventData.ErrorCode": "2147942450", "EventData.File": "pcshell\\shell\\cloudrestorelauncher\\cloudbackuprestore\\backuprestorecoordinator.cpp", "EventData.LineNumber": "249"}
{"EventID": "3", "Channel": "Microsoft-Windows-CloudRestoreLauncher/Operational", "Provider_Name": "Microsoft-Windows-CloudRestoreLauncher", "Computer": "DESKTOP-OFJ6N53", "TimeCreated": "2025-02-02 01:59:20.862408+00:00", "RecordID": "234", "Level": "4", "UserID": "S-1-5-21-963789628-1060504924-4285088085-1001", "EventData.activityId": "{00000000-0000-0000-0000-000000000000}", "EventData.cv": "308UpYclI0u2EFZHsSfoQg.1.0", "EventData.Trigger": "0"}
{"EventID": "2", "Channel": "Microsoft-Windows-CloudRestoreLauncher/Operational", "Provider_Name": "Microsoft-Windows-CloudRestoreLauncher", "Computer": "DESKTOP-OFJ6N53", "TimeCreated": "2025-02-09 05:47:58.311029+00:00", "RecordID": "235", "Level": "4", "UserID": "S-1-5-21-963789628-1060504924-4285088085-1001", "EventData.activityId": "{00000000-0000-0000-0000-000000000000}", "EventData.cv": "JKctI/HEFEemEnreadIajA.1.0", "EventData.Trigger": "0"}
{"EventID": "1", "Channel": "Microsoft-Windows-CloudRestoreLauncher/Operational", "Provider_Name": "Microsoft-Windows-CloudRestoreLauncher", "Computer": "DESKTOP-OFJ6N53", "TimeCreated": "2025-02-09 05:47:58.328686+00:00", "RecordID": "236", "Level": "2", "UserID": "S-1-5-21-963789628-1060504924-4285088085-1001", "EventData.Type": "2", "EventData.ErrorCode": "2147942450", "EventData.File": "pcshell\\shell\\cloudrestorelauncher\\cloudbackuprestore\\backuprestorecoordinator.cpp", "EventData.LineNumber": "249"}
{"EventID": "3", "Channel": "Microsoft-Windows-CloudRestoreLauncher/Operational", "Provider_Name": "Microsoft-Windows-CloudRestoreLauncher", "Computer": "DESKTOP-OFJ6N53", "TimeCreated": "2025-02-09 05:47:58.328716+00:00", "RecordID": "237", "Level": "4", "UserID": "S-1-5-21-963789628-1060504924-4285088085-1001", "EventData.activityId": "{00000000-0000-0000-0000-000000000000}", "EventData.cv": "JKctI/HEFEemEnreadIajA.1.0", "EventData.Trigger": "0"}
{"EventID": "2", "Channel": "Microsoft-Windows-CloudRestoreLauncher/Operational", "Provider_Name": "Microsoft-Windows-CloudRestoreLauncher", "Computer": "DESKTOP-OFJ6N53", "TimeCreated": "2025-02-15 11:25:36.933228+00:00", "RecordID": "238", "Level": "4", "UserID": "S-1-5-21-963789628-1060504924-4285088085-1001", "EventData.activityId": "{00000000-0000-0000-0000-000000000000}", "EventData.cv": "F9m/CcmwCUWhthpc5//USw.1.0", "EventData.Trigger": "0"}
{"EventID": "1", "Channel": "Microsoft-Windows-CloudRestoreLauncher/Operational", "Provider_Name": "Microsoft-Windows-CloudRestoreLauncher", "Computer": "DESKTOP-OFJ6N53", "TimeCreated": "2025-02-15 11:25:36.950891+00:00", "RecordID": "239", "Level": "2", "UserID": "S-1-5-21-963789628-1060504924-4285088085-1001", "EventData.Type": "2", "EventData.ErrorCode": "2147942450", "EventData.File": "pcshell\\shell\\cloudrestorelauncher\\cloudbackuprestore\\backuprestorecoordinator.cpp", "EventData.LineNumber": "249"}
{"EventID": "3", "Channel": "Microsoft-Windows-CloudRestoreLauncher/Operational", "Provider_Name": "Microsoft-Windows-CloudRestoreLauncher", "Computer": "DESKTOP-OFJ6N53", "TimeCreated": "2025-02-15 11:25:36.950920+00:00", "RecordID": "240", "Level": "4", "UserID": "S-1-5-21-963789628-1060504924-4285088085-1001", "EventData.activityId": "{00000000-0000-0000-0000-000000000000}", "EventData.cv": "F9m/CcmwCUWhthpc5//USw.1.0", "EventData.Trigger": "0"}
{"EventID": "2", "Channel": "Microsoft-Windows-CloudRestoreLauncher/Operational", "Provider_Name": "Microsoft-Windows-CloudRestoreLauncher", "Computer": "DESKTOP-OFJ6N53", "TimeCreated": "2025-02-22 21:58:29.878700+00:00", "RecordID": "241", "Level": "4", "UserID": "S-1-5-21-963789628-1060504924-4285088085-1001", "EventData.activityId": "{00000000-0000-0000-0000-000000000000}", "EventData.cv": "OQEe3xwgTUq9JCj7QAbXqg.1.0", "EventData.Trigger": "0"}
{"EventID": "1", "Channel": "Microsoft-Windows-CloudRestoreLauncher/Operational", "Provider_Name": "Microsoft-Windows-CloudRestoreLauncher", "Computer": "DESKTOP-OFJ6N53", "TimeCreated": "2025-02-22 21:58:29.900669+00:00", "RecordID": "242", "Level": "2", "UserID": "S-1-5-21-963789628-1060504924-4285088085-1001", "EventData.Type": "2", "EventData.ErrorCode": "2147942450", "EventData.File": "pcshell\\shell\\cloudrestorelauncher\\cloudbackuprestore\\backuprestorecoordinator.cpp", "EventData.LineNumber": "249"}
{"EventID": "3", "Channel": "Microsoft-Windows-CloudRestoreLauncher/Operational", "Provider_Name": "Microsoft-Windows-CloudRestoreLauncher", "Computer": "DESKTOP-OFJ6N53", "TimeCreated": "2025-02-22 21:58:29.900707+00:00", "RecordID": "243", "Level": "4", "UserID": "S-1-5-21-963789628-1060504924-4285088085-1001", "EventData.activityId": "{00000000-0000-0000-0000-000000000000}", "EventData.cv": "OQEe3xwgTUq9JCj7QAbXqg.1.0", "EventData.Trigger": "0"}
{"EventID": "2", "Channel": "Microsoft-Windows-CloudRestoreLauncher/Operational", "Provider_Name": "Microsoft-Windows-CloudRestoreLauncher", "Computer": "DESKTOP-OFJ6N53", "TimeCreated": "2025-03-01 14:33:09.907957+00:00", "RecordID": "244", "Level": "4", "UserID": "S-1-5-21-963789628-1060504924-4285088085-1001", "EventData.activityId": "{00000000-0000-0000-0000-000000000000}", "EventData.cv": "2xR730vkFUmn/p+ak65qvA.1.0", "EventData.Trigger": "0"}
{"EventID": "1", "Channel": "Microsoft-Windows-CloudRestoreLauncher/Operational", "Provider_Name": "Microsoft-Windows-CloudRestoreLauncher", "Computer": "DESKTOP-OFJ6N53", "TimeCreated": "2025-03-01 14:33:09.928387+00:00", "RecordID": "245", "Level": "2", "UserID": "S-1-5-21-963789628-1060504924-4285088085-1001", "EventData.Type": "2", "EventData.ErrorCode": "2147942450", "EventData.File": "pcshell\\shell\\cloudrestorelauncher\\cloudbackuprestore\\backuprestorecoordinator.cpp", "EventData.LineNumber": "249"}
{"EventID": "3", "Channel": "Microsoft-Windows-CloudRestoreLauncher/Operational", "Provider_Name": "Microsoft-Windows-CloudRestoreLauncher", "Computer": "DESKTOP-OFJ6N53", "TimeCreated": "2025-03-01 14:33:09.928425+00:00", "RecordID": "246", "Level": "4", "UserID": "S-1-5-21-963789628-1060504924-4285088085-1001", "EventData.activityId": "{00000000-0000-0000-0000-000000000000}", "EventData.cv": "2xR730vkFUmn/p+ak65qvA.1.0", "EventData.Trigger": "0"}
{"EventID": "2", "Channel": "Microsoft-Windows-CloudRestoreLauncher/Operational", "Provider_Name": "Microsoft-Windows-CloudRestoreLauncher", "Computer": "DESKTOP-OFJ6N53", "TimeCreated": "2025-03-08 12:29:24.549995+00:00", "RecordID": "247", "Level": "4", "UserID": "S-1-5-21-963789628-1060504924-4285088085-1001", "EventData.activityId": "{00000000-0000-0000-0000-000000000000}", "EventData.cv": "6EI8V+epv0uTxk5fMhZf3Q.1.0", "EventData.Trigger": "0"}
{"EventID": "1", "Channel": "Microsoft-Windows-CloudRestoreLauncher/Operational", "Provider_Name": "Microsoft-Windows-CloudRestoreLauncher", "Computer": "DESKTOP-OFJ6N53", "TimeCreated": "2025-03-08 12:29:24.580479+00:00", "RecordID": "248", "Level": "2", "UserID": "S-1-5-21-963789628-1060504924-4285088085-1001", "EventData.Type": "2", "EventData.ErrorCode": "2147942450", "EventData.File": "pcshell\\shell\\cloudrestorelauncher\\cloudbackuprestore\\backuprestorecoordinator.cpp", "EventData.LineNumber": "249"}
{"EventID": "3", "Channel": "Microsoft-Windows-CloudRestoreLauncher/Operational", "Provider_Name": "Microsoft-Windows-CloudRestoreLauncher", "Computer": "DESKTOP-OFJ6N53", "TimeCreated": "2025-03-08 12:29:24.580538+00:00", "RecordID": "249", "Level": "4", "UserID": "S-1-5-21-963789628-1060504924-4285088085-1001", "EventData.activityId": "{00000000-0000-0000-0000-000000000000}", "EventData.cv": "6EI8V+epv0uTxk5fMhZf3Q.1.0", "EventData.Trigger": "0"}
{"EventID": "2", "Channel": "Microsoft-Windows-CloudRestoreLauncher/Operational", "Provider_Name": "Microsoft-Windows-CloudRestoreLauncher", "Computer": "DESKTOP-OFJ6N53", "TimeCreated": "2025-03-16 18:18:33.673378+00:00", "RecordID": "250", "Level": "4", "UserID": "S-1-5-21-963789628-1060504924-4285088085-1001", "EventData.activityId": "{00000000-0000-0000-0000-000000000000}", "EventData.cv": "0RerBf8Rak2s3P11d3Atkw.1.0", "EventData.Trigger": "0"}
{"EventID": "1", "Channel": "Microsoft-Windows-CloudRestoreLauncher/Operational", "Provider_Name": "Microsoft-Windows-CloudRestoreLauncher", "Computer": "DESKTOP-OFJ6N53", "TimeCreated": "2025-03-16 18:18:33.700466+00:00", "RecordID": "251", "Level": "2", "UserID": "S-1-5-21-963789628-1060504924-4285088085-1001", "EventData.Type": "2", "EventData.ErrorCode": "2147942450", "EventData.File": "pcshell\\shell\\cloudrestorelauncher\\cloudbackuprestore\\backuprestorecoordinator.cpp", "EventData.LineNumber": "249"}
{"EventID": "3", "Channel": "Microsoft-Windows-CloudRestoreLauncher/Operational", "Provider_Name": "Microsoft-Windows-CloudRestoreLauncher", "Computer": "DESKTOP-OFJ6N53", "TimeCreated": "2025-03-16 18:18:33.700520+00:00", "RecordID": "252", "Level": "4", "UserID": "S-1-5-21-963789628-1060504924-4285088085-1001", "EventData.activityId": "{00000000-0000-0000-0000-000000000000}", "EventData.cv": "0RerBf8Rak2s3P11d3Atkw.1.0", "EventData.Trigger": "0"}
{"EventID": "2", "Channel": "Microsoft-Windows-CloudRestoreLauncher/Operational", "Provider_Name": "Microsoft-Windows-CloudRestoreLauncher", "Computer": "DESKTOP-OFJ6N53", "TimeCreated": "2025-03-24 09:20:51.694216+00:00", "RecordID": "253", "Level": "4", "UserID": "S-1-5-21-963789628-1060504924-4285088085-1001", "EventData.activityId": "{00000000-0000-0000-0000-000000000000}", "EventData.cv": "oi44IWcHu0WC6KW0a+tkIw.1.0", "EventData.Trigger": "0"}
{"EventID": "1", "Channel": "Microsoft-Windows-CloudRestoreLauncher/Operational", "Provider_Name": "Microsoft-Windows-CloudRestoreLauncher", "Computer": "DESKTOP-OFJ6N53", "TimeCreated": "2025-03-24 09:20:51.714497+00:00", "RecordID": "254", "Level": "2", "UserID": "S-1-5-21-963789628-1060504924-4285088085-1001", "EventData.Type": "2", "EventData.ErrorCode": "2147942450", "EventData.File": "pcshell\\shell\\cloudrestorelauncher\\cloudbackuprestore\\backuprestorecoordinator.cpp", "EventData.LineNumber": "249"}
{"EventID": "3", "Channel": "Microsoft-Windows-CloudRestoreLauncher/Operational", "Provider_Name": "Microsoft-Windows-CloudRestoreLauncher", "Computer": "DESKTOP-OFJ6N53", "TimeCreated": "2025-03-24 09:20:51.714531+00:00", "RecordID": "255", "Level": "4", "UserID": "S-1-5-21-963789628-1060504924-4285088085-1001", "EventData.activityId": "{00000000-0000-0000-0000-000000000000}", "EventData.cv": "oi44IWcHu0WC6KW0a+tkIw.1.0", "EventData.Trigger": "0"}
{"EventID": "2", "Channel": "Microsoft-Windows-CloudRestoreLauncher/Operational", "Provider_Name": "Microsoft-Windows-CloudRestoreLauncher", "Computer": "DESKTOP-OFJ6N53", "TimeCreated": "2025-04-01 16:08:31.167253+00:00", "RecordID": "256", "Level": "4", "UserID": "S-1-5-21-963789628-1060504924-4285088085-1001", "EventData.activityId": "{00000000-0000-0000-0000-000000000000}", "EventData.cv": "OVf3DgZSm0eHc7HOykbuHw.1.0", "EventData.Trigger": "0"}
{"EventID": "1", "Channel": "Microsoft-Windows-CloudRestoreLauncher/Operational", "Provider_Name": "Microsoft-Windows-CloudRestoreLauncher", "Computer": "DESKTOP-OFJ6N53", "TimeCreated": "2025-04-01 16:08:31.185844+00:00", "RecordID": "257", "Level": "2", "UserID": "S-1-5-21-963789628-1060504924-4285088085-1001", "EventData.Type": "2", "EventData.ErrorCode": "2147942450", "EventData.File": "pcshell\\shell\\cloudrestorelauncher\\cloudbackuprestore\\backuprestorecoordinator.cpp", "EventData.LineNumber": "249"}
{"EventID": "3", "Channel": "Microsoft-Windows-CloudRestoreLauncher/Operational", "Provider_Name": "Microsoft-Windows-CloudRestoreLauncher", "Computer": "DESKTOP-OFJ6N53", "TimeCreated": "2025-04-01 16:08:31.185881+00:00", "RecordID": "258", "Level": "4", "UserID": "S-1-5-21-963789628-1060504924-4285088085-1001", "EventData.activityId": "{00000000-0000-0000-0000-000000000000}", "EventData.cv": "OVf3DgZSm0eHc7HOykbuHw.1.0", "EventData.Trigger": "0"}
{"EventID": "2", "Channel": "Microsoft-Windows-CloudRestoreLauncher/Operational", "Provider_Name": "Microsoft-Windows-CloudRestoreLauncher", "Computer": "DESKTOP-OFJ6N53", "TimeCreated": "2025-04-18 06:52:50.571356+00:00", "RecordID": "259", "Level": "4", "UserID": "S-1-5-21-963789628-1060504924-4285088085-1001", "EventData.activityId": "{00000000-0000-0000-0000-000000000000}", "EventData.cv": "x/fMt8s3gUmmq3Jbsd+UHQ.1.0", "EventData.Trigger": "0"}
{"EventID": "1", "Channel": "Microsoft-Windows-CloudRestoreLauncher/Operational", "Provider_Name": "Microsoft-Windows-CloudRestoreLauncher", "Computer": "DESKTOP-OFJ6N53", "TimeCreated": "2025-04-18 06:52:50.594593+00:00", "RecordID": "260", "Level": "2", "UserID": "S-1-5-21-963789628-1060504924-4285088085-1001", "EventData.Type": "2", "EventData.ErrorCode": "2147942450", "EventData.File": "pcshell\\shell\\cloudrestorelauncher\\cloudbackuprestore\\backuprestorecoordinator.cpp", "EventData.LineNumber": "283"}
{"EventID": "3", "Channel": "Microsoft-Windows-CloudRestoreLauncher/Operational", "Provider_Name": "Microsoft-Windows-CloudRestoreLauncher", "Computer": "DESKTOP-OFJ6N53", "TimeCreated": "2025-04-18 06:52:50.594637+00:00", "RecordID": "261", "Level": "4", "UserID": "S-1-5-21-963789628-1060504924-4285088085-1001", "EventData.activityId": "{00000000-0000-0000-0000-000000000000}", "EventData.cv": "x/fMt8s3gUmmq3Jbsd+UHQ.1.0", "EventData.Trigger": "0"}
{"EventID": "2", "Channel": "Microsoft-Windows-CloudRestoreLauncher/Operational", "Provider_Name": "Microsoft-Windows-CloudRestoreLauncher", "Computer": "DESKTOP-OFJ6N53", "TimeCreated": "2025-04-25 10:45:47.959986+00:00", "RecordID": "262", "Level": "4", "UserID": "S-1-5-21-963789628-1060504924-4285088085-1001", "EventData.activityId": "{00000000-0000-0000-0000-000000000000}", "EventData.cv": "dl2z1MwKnUmrCXdWGvuMVg.1.0", "EventData.Trigger": "0"}
{"EventID": "1", "Channel": "Microsoft-Windows-CloudRestoreLauncher/Operational", "Provider_Name": "Microsoft-Windows-CloudRestoreLauncher", "Computer": "DESKTOP-OFJ6N53", "TimeCreated": "2025-04-25 10:45:47.986904+00:00", "RecordID": "263", "Level": "2", "UserID": "S-1-5-21-963789628-1060504924-4285088085-1001", "EventData.Type": "2", "EventData.ErrorCode": "2147942450", "EventData.File": "pcshell\\shell\\cloudrestorelauncher\\cloudbackuprestore\\backuprestorecoordinator.cpp", "EventData.LineNumber": "283"}
{"EventID": "3", "Channel": "Microsoft-Windows-CloudRestoreLauncher/Operational", "Provider_Name": "Microsoft-Windows-CloudRestoreLauncher", "Computer": "DESKTOP-OFJ6N53", "TimeCreated": "2025-04-25 10:45:47.986946+00:00", "RecordID": "264", "Level": "4", "UserID": "S-1-5-21-963789628-1060504924-4285088085-1001", "EventData.activityId": "{00000000-0000-0000-0000-000000000000}", "EventData.cv": "dl2z1MwKnUmrCXdWGvuMVg.1.0", "EventData.Trigger": "0"}
{"EventID": "2", "Channel": "Microsoft-Windows-CloudRestoreLauncher/Operational", "Provider_Name": "Microsoft-Windows-CloudRestoreLauncher", "Computer": "DESKTOP-OFJ6N53", "TimeCreated": "2025-05-04 00:56:52.954353+00:00", "RecordID": "265", "Level": "4", "UserID": "S-1-5-21-963789628-1060504924-4285088085-1001", "EventData.activityId": "{00000000-0000-0000-0000-000000000000}", "EventData.cv": "xuyo8NSUzUqSY3gQgYvSHA.1.0", "EventData.Trigger": "0"}
{"EventID": "1", "Channel": "Microsoft-Windows-CloudRestoreLauncher/Operational", "Provider_Name": "Microsoft-Windows-CloudRestoreLauncher", "Computer": "DESKTOP-OFJ6N53", "TimeCreated": "2025-05-04 00:56:52.981865+00:00", "RecordID": "266", "Level": "2", "UserID": "S-1-5-21-963789628-1060504924-4285088085-1001", "EventData.Type": "2", "EventData.ErrorCode": "2147942450", "EventData.File": "pcshell\\shell\\cloudrestorelauncher\\cloudbackuprestore\\backuprestorecoordinator.cpp", "EventData.LineNumber": "283"}
{"EventID": "3", "Channel": "Microsoft-Windows-CloudRestoreLauncher/Operational", "Provider_Name": "Microsoft-Windows-CloudRestoreLauncher", "Computer": "DESKTOP-OFJ6N53", "TimeCreated": "2025-05-04 00:56:52.981897+00:00", "RecordID": "267", "Level": "4", "UserID": "S-1-5-21-963789628-1060504924-4285088085-1001", "EventData.activityId": "{00000000-0000-0000-0000-000000000000}", "EventData.cv": "xuyo8NSUzUqSY3gQgYvSHA.1.0", "EventData.Trigger": "0"}
{"EventID": "2", "Channel": "Microsoft-Windows-CloudRestoreLauncher/Operational", "Provider_Name": "Microsoft-Windows-CloudRestoreLauncher", "Computer": "DESKTOP-OFJ6N53", "TimeCreated": "2025-05-12 02:21:46.927944+00:00", "RecordID": "268", "Level": "4", "UserID": "S-1-5-21-963789628-1060504924-4285088085-1001", "EventData.activityId": "{00000000-0000-0000-0000-000000000000}", "EventData.cv": "WGd6jISKbUK/YiJjheRF4w.1.0", "EventData.Trigger": "0"}
{"EventID": "1", "Channel": "Microsoft-Windows-CloudRestoreLauncher/Operational", "Provider_Name": "Microsoft-Windows-CloudRestoreLauncher", "Computer": "DESKTOP-OFJ6N53", "TimeCreated": "2025-05-12 02:21:46.949930+00:00", "RecordID": "269", "Level": "2", "UserID": "S-1-5-21-963789628-1060504924-4285088085-1001", "EventData.Type": "2", "EventData.ErrorCode": "2147942450", "EventData.File": "pcshell\\shell\\cloudrestorelauncher\\cloudbackuprestore\\backuprestorecoordinator.cpp", "EventData.LineNumber": "283"}
{"EventID": "3", "Channel": "Microsoft-Windows-CloudRestoreLauncher/Operational", "Provider_Name": "Microsoft-Windows-CloudRestoreLauncher", "Computer": "DESKTOP-OFJ6N53", "TimeCreated": "2025-05-12 02:21:46.949970+00:00", "RecordID": "270", "Level": "4", "UserID": "S-1-5-21-963789628-1060504924-4285088085-1001", "EventData.activityId": "{00000000-0000-0000-0000-000000000000}", "EventData.cv": "WGd6jISKbUK/YiJjheRF4w.1.0", "EventData.Trigger": "0"}
{"EventID": "2", "Channel": "Microsoft-Windows-CloudRestoreLauncher/Operational", "Provider_Name": "Microsoft-Windows-CloudRestoreLauncher", "Computer": "DESKTOP-OFJ6N53", "TimeCreated": "2025-05-28 00:03:31.954325+00:00", "RecordID": "271", "Level": "4", "UserID": "S-1-5-21-963789628-1060504924-4285088085-1001", "EventData.activityId": "{00000000-0000-0000-0000-000000000000}", "EventData.cv": "tBClPkEetE+1R5RXkHaWcQ.1.0", "EventData.Trigger": "0"}
{"EventID": "1", "Channel": "Microsoft-Windows-CloudRestoreLauncher/Operational", "Provider_Name": "Microsoft-Windows-CloudRestoreLauncher", "Computer": "DESKTOP-OFJ6N53", "TimeCreated": "2025-05-28 00:03:31.984243+00:00", "RecordID": "272", "Level": "2", "UserID": "S-1-5-21-963789628-1060504924-4285088085-1001", "EventData.Type": "2", "EventData.ErrorCode": "2147942450", "EventData.File": "pcshell\\shell\\cloudrestorelauncher\\cloudbackuprestore\\backuprestorecoordinator.cpp", "EventData.LineNumber": "283"}
{"EventID": "3", "Channel": "Microsoft-Windows-CloudRestoreLauncher/Operational", "Provider_Name": "Microsoft-Windows-CloudRestoreLauncher", "Computer": "DESKTOP-OFJ6N53", "TimeCreated": "2025-05-28 00:03:31.984278+00:00", "RecordID": "273", "Level": "4", "UserID": "S-1-5-21-963789628-1060504924-4285088085-1001", "EventData.activityId": "{00000000-0000-0000-0000-000000000000}", "EventData.cv": "tBClPkEetE+1R5RXkHaWcQ.1.0", "EventData.Trigger": "0"}
{"EventID": "2", "Channel": "Microsoft-Windows-CloudRestoreLauncher/Operational", "Provider_Name": "Microsoft-Windows-CloudRestoreLauncher", "Computer": "DESKTOP-OFJ6N53", "TimeCreated": "2025-06-04 21:48:45.957087+00:00", "RecordID": "274", "Level": "4", "UserID": "S-1-5-21-963789628-1060504924-4285088085-1001", "EventData.activityId": "{00000000-0000-0000-0000-000000000000}", "EventData.cv": "JJfXGc1NxUaqOVsFkMZgfg.1.0", "EventData.Trigger": "0"}
{"EventID": "1", "Channel": "Microsoft-Windows-CloudRestoreLauncher/Operational", "Provider_Name": "Microsoft-Windows-CloudRestoreLauncher", "Computer": "DESKTOP-OFJ6N53", "TimeCreated": "2025-06-04 21:48:45.983044+00:00", "RecordID": "275", "Level": "2", "UserID": "S-1-5-21-963789628-1060504924-4285088085-1001", "EventData.Type": "2", "EventData.ErrorCode": "2147942450", "EventData.File": "pcshell\\shell\\cloudrestorelauncher\\cloudbackuprestore\\backuprestorecoordinator.cpp", "EventData.LineNumber": "283"}
{"EventID": "3", "Channel": "Microsoft-Windows-CloudRestoreLauncher/Operational", "Provider_Name": "Microsoft-Windows-CloudRestoreLauncher", "Computer": "DESKTOP-OFJ6N53", "TimeCreated": "2025-06-04 21:48:45.983072+00:00", "RecordID": "276", "Level": "4", "UserID": "S-1-5-21-963789628-1060504924-4285088085-1001", "EventData.activityId": "{00000000-0000-0000-0000-000000000000}", "EventData.cv": "JJfXGc1NxUaqOVsFkMZgfg.1.0", "EventData.Trigger": "0"}
{"EventID": "2", "Channel": "Microsoft-Windows-CloudRestoreLauncher/Operational", "Provider_Name": "Microsoft-Windows-CloudRestoreLauncher", "Computer": "DESKTOP-OFJ6N53", "TimeCreated": "2025-06-20 11:06:04.219032+00:00", "RecordID": "277", "Level": "4", "UserID": "S-1-5-21-963789628-1060504924-4285088085-1001", "EventData.activityId": "{00000000-0000-0000-0000-000000000000}", "EventData.cv": "5CIcQQ3lK0qAVEWzq80Pvw.1.0", "EventData.Trigger": "0"}
{"EventID": "1", "Channel": "Microsoft-Windows-CloudRestoreLauncher/Operational", "Provider_Name": "Microsoft-Windows-CloudRestoreLauncher", "Computer": "DESKTOP-OFJ6N53", "TimeCreated": "2025-06-20 11:06:04.220364+00:00", "RecordID": "278", "Level": "2", "UserID": "S-1-5-21-963789628-1060504924-4285088085-1001", "EventData.Type": "2", "EventData.ErrorCode": "2147943660", "EventData.File": "pcshell\\shell\\cloudrestorelauncher\\cloudbackuprestore\\backuprestorecoordinator.cpp", "EventData.LineNumber": "379"}
{"EventID": "3", "Channel": "Microsoft-Windows-CloudRestoreLauncher/Operational", "Provider_Name": "Microsoft-Windows-CloudRestoreLauncher", "Computer": "DESKTOP-OFJ6N53", "TimeCreated": "2025-06-20 11:06:04.220427+00:00", "RecordID": "279", "Level": "4", "UserID": "S-1-5-21-963789628-1060504924-4285088085-1001", "EventData.activityId": "{00000000-0000-0000-0000-000000000000}", "EventData.cv": "5CIcQQ3lK0qAVEWzq80Pvw.1.0", "EventData.Trigger": "0"}
{"EventID": "2", "Channel": "Microsoft-Windows-CloudRestoreLauncher/Operational", "Provider_Name": "Microsoft-Windows-CloudRestoreLauncher", "Computer": "DESKTOP-OFJ6N53", "TimeCreated": "2025-06-29 01:46:22.292583+00:00", "RecordID": "280", "Level": "4", "UserID": "S-1-5-21-963789628-1060504924-4285088085-1001", "EventData.activityId": "{00000000-0000-0000-0000-000000000000}", "EventData.cv": "OkVfKC/Fr0GaelzgiWw4VA.1.0", "EventData.Trigger": "0"}
{"EventID": "1", "Channel": "Microsoft-Windows-CloudRestoreLauncher/Operational", "Provider_Name": "Microsoft-Windows-CloudRestoreLauncher", "Computer": "DESKTOP-OFJ6N53", "TimeCreated": "2025-06-29 01:46:22.292919+00:00", "RecordID": "281", "Level": "2", "UserID": "S-1-5-21-963789628-1060504924-4285088085-1001", "EventData.Type": "2", "EventData.ErrorCode": "2147943660", "EventData.File": "pcshell\\shell\\cloudrestorelauncher\\cloudbackuprestore\\backuprestorecoordinator.cpp", "EventData.LineNumber": "379"}
{"EventID": "3", "Channel": "Microsoft-Windows-CloudRestoreLauncher/Operational", "Provider_Name": "Microsoft-Windows-CloudRestoreLauncher", "Computer": "DESKTOP-OFJ6N53", "TimeCreated": "2025-06-29 01:46:22.293036+00:00", "RecordID": "282", "Level": "4", "UserID": "S-1-5-21-963789628-1060504924-4285088085-1001", "EventData.activityId": "{00000000-0000-0000-0000-000000000000}", "EventData.cv": "OkVfKC/Fr0GaelzgiWw4VA.1.0", "EventData.Trigger": "0"}
{"EventID": "2", "Channel": "Microsoft-Windows-CloudRestoreLauncher/Operational", "Provider_Name": "Microsoft-Windows-CloudRestoreLauncher", "Computer": "DESKTOP-OFJ6N53", "TimeCreated": "2025-07-07 05:07:47.224716+00:00", "RecordID": "283", "Level": "4", "UserID": "S-1-5-21-963789628-1060504924-4285088085-1001", "EventData.activityId": "{00000000-0000-0000-0000-000000000000}", "EventData.cv": "AoPmDUySzkety5QEPYq0UQ.1.0", "EventData.Trigger": "0"}
{"EventID": "1", "Channel": "Microsoft-Windows-CloudRestoreLauncher/Operational", "Provider_Name": "Microsoft-Windows-CloudRestoreLauncher", "Computer": "DESKTOP-OFJ6N53", "TimeCreated": "2025-07-07 05:07:47.224871+00:00", "RecordID": "284", "Level": "2", "UserID": "S-1-5-21-963789628-1060504924-4285088085-1001", "EventData.Type": "2", "EventData.ErrorCode": "2147943660", "EventData.File": "pcshell\\shell\\cloudrestorelauncher\\cloudbackuprestore\\backuprestorecoordinator.cpp", "EventData.LineNumber": "379"}
{"EventID": "3", "Channel": "Microsoft-Windows-CloudRestoreLauncher/Operational", "Provider_Name": "Microsoft-Windows-CloudRestoreLauncher", "Computer": "DESKTOP-OFJ6N53", "TimeCreated": "2025-07-07 05:07:47.224903+00:00", "RecordID": "285", "Level": "4", "UserID": "S-1-5-21-963789628-1060504924-4285088085-1001", "EventData.activityId": "{00000000-0000-0000-0000-000000000000}", "EventData.cv": "AoPmDUySzkety5QEPYq0UQ.1.0", "EventData.Trigger": "0"}
{"EventID": "2", "Channel": "Microsoft-Windows-CloudRestoreLauncher/Operational", "Provider_Name": "Microsoft-Windows-CloudRestoreLauncher", "Computer": "DESKTOP-OFJ6N53", "TimeCreated": "2025-07-14 20:26:02.249027+00:00", "RecordID": "286", "Level": "4", "UserID": "S-1-5-21-963789628-1060504924-4285088085-1001", "EventData.activityId": "{00000000-0000-0000-0000-000000000000}", "EventData.cv": "J7JdPBXHEUCW1l5tSxHT1A.1.0", "EventData.Trigger": "0"}
{"EventID": "1", "Channel": "Microsoft-Windows-CloudRestoreLauncher/Operational", "Provider_Name": "Microsoft-Windows-CloudRestoreLauncher", "Computer": "DESKTOP-OFJ6N53", "TimeCreated": "2025-07-14 20:26:02.249226+00:00", "RecordID": "287", "Level": "2", "UserID": "S-1-5-21-963789628-1060504924-4285088085-1001", "EventData.Type": "2", "EventData.ErrorCode": "2147943660", "EventData.File": "pcshell\\shell\\cloudrestorelauncher\\cloudbackuprestore\\backuprestorecoordinator.cpp", "EventData.LineNumber": "379"}
{"EventID": "3", "Channel": "Microsoft-Windows-CloudRestoreLauncher/Operational", "Provider_Name": "Microsoft-Windows-CloudRestoreLauncher", "Computer": "DESKTOP-OFJ6N53", "TimeCreated": "2025-07-14 20:26:02.249256+00:00", "RecordID": "288", "Level": "4", "UserID": "S-1-5-21-963789628-1060504924-4285088085-1001", "EventData.activityId": "{00000000-0000-0000-0000-000000000000}", "EventData.cv": "J7JdPBXHEUCW1l5tSxHT1A.1.0", "EventData.Trigger": "0"}
{"EventID": "2", "Channel": "Microsoft-Windows-CloudRestoreLauncher/Operational", "Provider_Name": "Microsoft-Windows-CloudRestoreLauncher", "Computer": "DESKTOP-OFJ6N53", "TimeCreated": "2025-07-23 06:03:36.223764+00:00", "RecordID": "289", "Level": "4", "UserID": "S-1-5-21-963789628-1060504924-4285088085-1001", "EventData.activityId": "{00000000-0000-0000-0000-000000000000}", "EventData.cv": "o6k8KQ2EskeJnv82jmhpzw.1.0", "EventData.Trigger": "0"}
{"EventID": "1", "Channel": "Microsoft-Windows-CloudRestoreLauncher/Operational", "Provider_Name": "Microsoft-Windows-CloudRestoreLauncher", "Computer": "DESKTOP-OFJ6N53", "TimeCreated": "2025-07-23 06:03:36.223967+00:00", "RecordID": "290", "Level": "2", "UserID": "S-1-5-21-963789628-1060504924-4285088085-1001", "EventData.Type": "2", "EventData.ErrorCode": "2147943660", "EventData.File": "pcshell\\shell\\cloudrestorelauncher\\cloudbackuprestore\\backuprestorecoordinator.cpp", "EventData.LineNumber": "379"}
{"EventID": "3", "Channel": "Microsoft-Windows-CloudRestoreLauncher/Operational", "Provider_Name": "Microsoft-Windows-CloudRestoreLauncher", "Computer": "DESKTOP-OFJ6N53", "TimeCreated": "2025-07-23 06:03:36.224001+00:00", "RecordID": "291", "Level": "4", "UserID": "S-1-5-21-963789628-1060504924-4285088085-1001", "EventData.activityId": "{00000000-0000-0000-0000-000000000000}", "EventData.cv": "o6k8KQ2EskeJnv82jmhpzw.1.0", "EventData.Trigger": "0"}
{"EventID": "2", "Channel": "Microsoft-Windows-CloudRestoreLauncher/Operational", "Provider_Name": "Microsoft-Windows-CloudRestoreLauncher", "Computer": "DESKTOP-OFJ6N53", "TimeCreated": "2025-07-31 05:35:56.952654+00:00", "RecordID": "292", "Level": "4", "UserID": "S-1-5-21-963789628-1060504924-4285088085-1001", "EventData.activityId": "{00000000-0000-0000-0000-000000000000}", "EventData.cv": "VyICJHYEz0q6v/doZHK4Ow.1.0", "EventData.Trigger": "0"}
{"EventID": "1", "Channel": "Microsoft-Windows-CloudRestoreLauncher/Operational", "Provider_Name": "Microsoft-Windows-CloudRestoreLauncher", "Computer": "DESKTOP-OFJ6N53", "TimeCreated": "2025-07-31 05:35:56.952829+00:00", "RecordID": "293", "Level": "2", "UserID": "S-1-5-21-963789628-1060504924-4285088085-1001", "EventData.Type": "2", "EventData.ErrorCode": "2147943660", "EventData.File": "pcshell\\shell\\cloudrestorelauncher\\cloudbackuprestore\\backuprestorecoordinator.cpp", "EventData.LineNumber": "379"}
{"EventID": "3", "Channel": "Microsoft-Windows-CloudRestoreLauncher/Operational", "Provider_Name": "Microsoft-Windows-CloudRestoreLauncher", "Computer": "DESKTOP-OFJ6N53", "TimeCreated": "2025-07-31 05:35:56.952864+00:00", "RecordID": "294", "Level": "4", "UserID": "S-1-5-21-963789628-1060504924-4285088085-1001", "EventData.activityId": "{00000000-0000-0000-0000-000000000000}", "EventData.cv": "VyICJHYEz0q6v/doZHK4Ow.1.0", "EventData.Trigger": "0"}
{"EventID": "2", "Channel": "Microsoft-Windows-CloudRestoreLauncher/Operational", "Provider_Name": "Microsoft-Windows-CloudRestoreLauncher", "Computer": "DESKTOP-OFJ6N53", "TimeCreated": "2025-08-07 14:00:31.604622+00:00", "RecordID": "295", "Level": "4", "UserID": "S-1-5-21-963789628-1060504924-4285088085-1001", "EventData.activityId": "{00000000-0000-0000-0000-000000000000}", "EventData.cv": "WhWn5j0yr0WAMkaruVvcnQ.1.0", "EventData.Trigger": "0"}
{"EventID": "1", "Channel": "Microsoft-Windows-CloudRestoreLauncher/Operational", "Provider_Name": "Microsoft-Windows-CloudRestoreLauncher", "Computer": "DESKTOP-OFJ6N53", "TimeCreated": "2025-08-07 14:00:31.604774+00:00", "RecordID": "296", "Level": "2", "UserID": "S-1-5-21-963789628-1060504924-4285088085-1001", "EventData.Type": "2", "EventData.ErrorCode": "2147943660", "EventData.File": "pcshell\\shell\\cloudrestorelauncher\\cloudbackuprestore\\backuprestorecoordinator.cpp", "EventData.LineNumber": "379"}
{"EventID": "3", "Channel": "Microsoft-Windows-CloudRestoreLauncher/Operational", "Provider_Name": "Microsoft-Windows-CloudRestoreLauncher", "Computer": "DESKTOP-OFJ6N53", "TimeCreated": "2025-08-07 14:00:31.604805+00:00", "RecordID": "297", "Level": "4", "UserID": "S-1-5-21-963789628-1060504924-4285088085-1001", "EventData.activityId": "{00000000-0000-0000-0000-000000000000}", "EventData.cv": "WhWn5j0yr0WAMkaruVvcnQ.1.0", "EventData.Trigger": "0"}
{"EventID": "2", "Channel": "Microsoft-Windows-CloudRestoreLauncher/Operational", "Provider_Name": "Microsoft-Windows-CloudRestoreLauncher", "Computer": "DESKTOP-OFJ6N53", "TimeCreated": "2025-08-16 05:19:59.332176+00:00", "RecordID": "298", "Level": "4", "UserID": "S-1-5-21-963789628-1060504924-4285088085-1001", "EventData.activityId": "{00000000-0000-0000-0000-000000000000}", "EventData.cv": "ju94dTPoN0eEWAyq+JqPEQ.1.0", "EventData.Trigger": "0"}
{"EventID": "69", "Channel": "Microsoft-Windows-CloudRestoreLauncher/Operational", "Provider_Name": "Microsoft-Windows-CloudRestoreLauncher", "Computer": "DESKTOP-OFJ6N53", "TimeCreated": "2025-08-16 05:19:59.332329+00:00", "RecordID": "299", "Level": "3", "UserID": "S-1-5-21-963789628-1060504924-4285088085-1001"}
{"EventID": "3", "Channel": "Microsoft-Windows-CloudRestoreLauncher/Operational", "Provider_Name": "Microsoft-Windows-CloudRestoreLauncher", "Computer": "DESKTOP-OFJ6N53", "TimeCreated": "2025-08-16 05:19:59.332335+00:00", "RecordID": "300", "Level": "4", "UserID": "S-1-5-21-963789628-1060504924-4285088085-1001", "EventData.activityId": "{00000000-0000-0000-0000-000000000000}", "EventData.cv": "ju94dTPoN0eEWAyq+JqPEQ.1.0", "EventData.Trigger": "0"}
{"EventID": "2", "Channel": "Microsoft-Windows-CloudRestoreLauncher/Operational", "Provider_Name": "Microsoft-Windows-CloudRestoreLauncher", "Computer": "DESKTOP-OFJ6N53", "TimeCreated": "2025-08-23 11:13:15.752661+00:00", "RecordID": "301", "Level": "4", "UserID": "S-1-5-21-963789628-1060504924-4285088085-1001", "EventData.activityId": "{00000000-0000-0000-0000-000000000000}", "EventData.cv": "vg6hTlRl9U2d+AtZR7hMdw.1.0", "EventData.Trigger": "0"}
{"EventID": "69", "Channel": "Microsoft-Windows-CloudRestoreLauncher/Operational", "Provider_Name": "Microsoft-Windows-CloudRestoreLauncher", "Computer": "DESKTOP-OFJ6N53", "TimeCreated": "2025-08-23 11:13:15.752752+00:00", "RecordID": "302", "Level": "3", "UserID": "S-1-5-21-963789628-1060504924-4285088085-1001"}
{"EventID": "3", "Channel": "Microsoft-Windows-CloudRestoreLauncher/Operational", "Provider_Name": "Microsoft-Windows-CloudRestoreLauncher", "Computer": "DESKTOP-OFJ6N53", "TimeCreated": "2025-08-23 11:13:15.752758+00:00", "RecordID": "303", "Level": "4", "UserID": "S-1-5-21-963789628-1060504924-4285088085-1001", "EventData.activityId": "{00000000-0000-0000-0000-000000000000}", "EventData.cv": "vg6hTlRl9U2d+AtZR7hMdw.1.0", "EventData.Trigger": "0"}
