{"EventID": "614", "Channel": "Microsoft-Windows-AppXDeploymentServer/Operational", "Provider_Name": "Microsoft-Windows-AppXDeployment-Server", "Computer": "DESKTOP-OFJ6N53", "TimeCreated": "2025-07-24 21:47:10.881849+00:00", "RecordID": "114525", "Level": "5", "UserID": "S-1-5-21-963789628-1060504924-4285088085-1001", "EventData.PathOne": "C:\\Program Files\\WindowsApps\\Microsoft.MicrosoftOfficeHub_19.2507.51101.0_neutral_~_8wekyb3d8bbwe\\AppxMetadata\\AppxBundleManifest.xml", "EventData.PathTwo": "\"OfficeApp_19.2507.51101.0_ARM64.msix\": Microsoft.MicrosoftOfficeHub_19.2507.51101.0_arm64__8wekyb3d8bbwe \"OfficeApp_19.2507.51101.0_x64.msix\": Microsoft.MicrosoftOfficeHub_19.2507.51101.0_x64__8wekyb3d8bbwe \"OfficeApp_19.2507.51101.0_language-af.msix\": Microsoft.MicrosoftOfficeHub_19.2507.51101.0_neutral_split.language-af_8wekyb3d8bbwe \"OfficeApp_19.2507.51101.0_language-am.msix\": Microsoft.MicrosoftOfficeHub_19.2507.51101.0_neutral_split.language-am_8wekyb3d8bbwe \"OfficeApp_19.2507.51101.0_language-ar.msix\": Microsoft.MicrosoftOfficeHub_19.2507.51101.0_neutral_split.language-ar_8wekyb3d8bbwe \"OfficeApp_19.2507.51101.0_language-as.msix\": Microsoft.MicrosoftOfficeHub_19.2507.51101.0_neutral_split.language-as_8wekyb3d8bbwe \"OfficeApp_19.2507.51101.0_language-az-latn.msix\": Microsoft.MicrosoftOfficeHub_19.2507.51101.0_neutral_split.language-az-latn_8wekyb3d8bbwe \"OfficeApp_19.2507.51101.0_language-bg.msix\": Microsoft.MicrosoftOfficeHub_19.2507.51101.0_neutral_split.language-bg_8wekyb3d8bbwe \"OfficeApp_19.2507.51101.0_language-bn.msix\": Microsoft.MicrosoftOfficeHub_19.2507.51101.0_neutral_split.language-bn_8wekyb3d8bbwe \"OfficeApp_19.2507.51101.0_language-bs.msix\": Microsoft.MicrosoftOfficeHub_19.2507.51101.0_neutral_split.language-bs_8wekyb3d8bbwe \"OfficeApp_19.2507.51101.0_language-ca.msix\": Microsoft.MicrosoftOfficeHub_19.2507.51101.0_neutral_split.language-ca_8wekyb3d8bbwe \"OfficeApp_19.2507.51101.0_language-cs.msix\": Microsoft.MicrosoftOfficeHub_19.2507.51101.0_neutral_split.language-cs_8wekyb3d8bbwe \"OfficeApp_19.2507.51101.0_language-cy.msix\": Microsoft.MicrosoftOfficeHub_19.2507.51101.0_neutral_split.language-cy_8wekyb3d8bbwe \"OfficeApp_19.2507.51101.0_language-da.msix\": Microsoft.MicrosoftOfficeHub_19.2507.51101.0_neutral_split.language-da_8wekyb3d8bbwe \"OfficeApp_19.2507.51101.0_language-de.msix\": Microsoft.MicrosoftOfficeHub_19.2507.51101.0_neutral_split.language-de_8wekyb3d8bbwe \"OfficeApp_19.2507.51101.0_language-el.msix\": Microsoft.MicrosoftOfficeHub_19.2507.51101.0_neutral_split.language-el_8wekyb3d8bbwe \"OfficeApp_19.2507.51101.0_language-es.msix\": Microsoft.MicrosoftOfficeHub_19.2507.51101.0_neutral_split.language-es_8wekyb3d8bbwe \"OfficeApp_19.2507.51101.0_language-et.msix\": Microsoft.MicrosoftOfficeHub_19.2507.51101.0_neutral_split.language-et_8wekyb3d8bbwe \"OfficeApp_19.2507.51101.0_language-eu.msix\": Microsoft.MicrosoftOfficeHub_19.2507.51101.0_neutral_split.language-eu_8wekyb3d8bbwe \"OfficeApp_19.2507.51101.0_language-fa.msix\": Microsoft.MicrosoftOfficeHub_19.2507.51101.0_neutral_split.language-fa_8wekyb3d8bbwe \"OfficeApp_19.2507.51101.0_language-fi.msix\": Microsoft.MicrosoftOfficeHub_19.2507.51101.0_neutral_split.language-fi_8wekyb3d8bbwe \"OfficeApp_19.2507.51101.0_language-fil-latn.msix\": Microsoft.MicrosoftOfficeHub_19.2507.51101.0_neutral_split.language-fil-latn_8wekyb3d8bbwe \"OfficeApp_19.2507.51101.0_language-fr.msix\": Microsoft.MicrosoftOfficeHub_19.2507.51101.0_neutral_split.language-fr_8wekyb3d8bbwe \"OfficeApp_19.2507.51101.0_language-ga.msix\": Microsoft.MicrosoftOfficeHub_19.2507.51101.0_neutral_split.language-ga_8wekyb3d8bbwe \"OfficeApp_19.2507.51101.0_language-gd-latn.msix\": Microsoft.MicrosoftOfficeHub_19.2507.51101.0_neutral_split.language-gd-latn_8wekyb3d8bbwe \"OfficeApp_19.2507.51101.0_language-gl.msix\": Microsoft.MicrosoftOfficeHub_19.2507.51101.0_neutral_split.language-gl_8wekyb3d8bbwe \"OfficeApp_19.2507.51101.0_language-gu.msix\": Microsoft.MicrosoftOfficeHub_19.2507.51101.0_neutral_split.language-gu_8wekyb3d8bbwe \"OfficeApp_19.2507.51101.0_language-he.msix\": Microsoft.MicrosoftOfficeHub_19.2507.51101.0_neutral_split.language-he_8wekyb3d8bbwe \"OfficeApp_19.2507.51101.0_language-hi.msix\": Microsoft.MicrosoftOfficeHub_19.2507.51101.0_neutral_split.language-hi_8wekyb3d8bbwe \"OfficeApp_19.2507.51101.0_language-hr.msix\": Microsoft.MicrosoftOfficeHub_19.2507.51101.0_neutral_split.language-hr_8wekyb3d8bbwe \"OfficeApp_19.2507.51101.0_language-hu.msix\": Microsoft.MicrosoftOfficeHub_19.2507.51101.0_neutral_split.language-hu_8wekyb3d8bbwe \"OfficeApp_19.2507.51101.0_language-id.msix\": Microsoft.MicrosoftOfficeHub_19.2507.51101.0_neutral_split.language-id_8wekyb3d8bbwe \"OfficeApp_19.2507.51101.0_language-is.msix\": Microsoft.MicrosoftOfficeHub_19.2507.51101.0_neutral_split.language-is_8wekyb3d8bbwe \"OfficeApp_19.2507.51101.0_language-it.msix\": Microsoft.MicrosoftOfficeHub_19.2507.51101.0_neutral_split.language-it_8wekyb3d8bbwe \"OfficeApp_19.2507.51101.0_language-ja.msix\": Microsoft.MicrosoftOfficeHub_19.2507.51101.0_neutral_split.language-ja_8wekyb3d8bbwe \"OfficeApp_19.2507.51101.0_language-ka.msix\": Microsoft.MicrosoftOfficeHub_19.2507.51101.0_neutral_split.language-ka_8wekyb3d8bbwe \"OfficeApp_19.2507.51101.0_language-kk.msix\": Microsoft.MicrosoftOfficeHub_19.2507.51101.0_neutral_split.language-kk_8wekyb3d8bbwe \"OfficeApp_19.2507.51101.0_language-km.msix\": Microsoft.MicrosoftOfficeHub_19.2507.51101.0_neutral_split.language-km_8wekyb3d8bbwe \"OfficeApp_19.2507.51101.0_language-kn.msix\": Microsoft.MicrosoftOfficeHub_19.2507.51101.0_neutral_split.language-kn_8wekyb3d8bbwe \"OfficeApp_19.2507.51101.0_language-ko.msix\": Microsoft.MicrosoftOfficeHub_19.2507.51101.0_neutral_split.language-ko_8wekyb3d8bbwe \"OfficeApp_19.2507.51101.0_language-kok.msix\": Microsoft.MicrosoftOfficeHub_19.2507.51101.0_neutral_split.language-kok_8wekyb3d8bbwe \"OfficeApp_19.2507.51101.0_language-lb.msix\": Microsoft.MicrosoftOfficeHub_19.2507.51101.0_neutral_split.language-lb_8wekyb3d8bbwe \"OfficeApp_19.2507.51101.0_language-lo.msix\": Microsoft.MicrosoftOfficeHub_19.2507.51101.0_neutral_split.language-lo_8wekyb3d8bbwe \"OfficeApp_19.2507.51101.0_language-lt.msix\": Microsoft.MicrosoftOfficeHub_19.2507.51101.0_neutral_split.language-lt_8wekyb3d8bbwe \"OfficeApp_19.2507.51101.0_language-lv.msix\": Microsoft.MicrosoftOfficeHub_19.2507.51101.0_neutral_split.language-lv_8wekyb3d8bbwe \"OfficeApp_19.2507.51101.0_language-mi-latn.msix\": Microsoft.MicrosoftOfficeHub_19.2507.51101.0_neutral_split.language-mi-latn_8wekyb3d8bbwe \"OfficeApp_19.2507.51101.0_language-mk.msix\": Microsoft.MicrosoftOfficeHub_19.2507.51101.0_neutral_split.language-mk_8wekyb3d8bbwe \"OfficeApp_19.2507.51101.0_language-ml.msix\": Microsoft.MicrosoftOfficeHub_19.2507.51101.0_neutral_split.language-ml_8wekyb3d8bbwe \"OfficeApp_19.2507.51101.0_language-mr.msix\": Microsoft.MicrosoftOfficeHub_19.2507.51101.0_neutral_split.language-mr_8wekyb3d8bbwe \"OfficeApp_19.2507.51101.0_language-ms.msix\": Microsoft.MicrosoftOfficeHub_19.2507.51101.0_neutral_split.language-ms_8wekyb3d8bbwe \"OfficeApp_19.2507.51101.0_language-mt.msix\": Microsoft.MicrosoftOfficeHub_19.2507.51101.0_neutral_split.language-mt_8wekyb3d8bbwe \"OfficeApp_19.2507.51101.0_language-nb.msix\": Microsoft.MicrosoftOfficeHub_19.2507.51101.0_neutral_split.language-nb_8wekyb3d8bbwe \"OfficeApp_19.2507.51101.0_language-ne.msix\": Microsoft.MicrosoftOfficeHub_19.2507.51101.0_neutral_split.language-ne_8wekyb3d8bbwe \"OfficeApp_19.2507.51101.0_language-nl.msix\": Microsoft.MicrosoftOfficeHub_19.2507.51101.0_neutral_split.language-nl_8wekyb3d8bbwe \"OfficeApp_19.2507.51101.0_language-nn.msix\": Microsoft.MicrosoftOfficeHub_19.2507.51101.0_neutral_split.language-nn_8wekyb3d8bbwe \"OfficeApp_19.2507.51101.0_language-or.msix\": Microsoft.MicrosoftOfficeHub_19.2507.51101.0_neutral_split.language-or_8wekyb3d8bbwe \"OfficeApp_19.2507.51101.0_language-pa.msix\": Microsoft.MicrosoftOfficeHub_19.2507.51101.0_neutral_split.language-pa_8wekyb3d8bbwe \"OfficeApp_19.2507.51101.0_language-pl.msix\": Microsoft.MicrosoftOfficeHub_19.2507.51101.0_neutral_split.language-pl_8wekyb3d8bbwe \"OfficeApp_19.2507.51101.0_language-pt.msix\": Microsoft.MicrosoftOfficeHub_19.2507.51101.0_neutral_split.language-pt_8wekyb3d8bbwe \"OfficeApp_19.2507.51101.0_language-quz-latn.msix\": Microsoft.MicrosoftOfficeHub_19.2507.51101.0_neutral_split.language-quz-latn_8wekyb3d8bbwe \"OfficeApp_19.2507.51101.0_language-ro.msix\": Microsoft.MicrosoftOfficeHub_19.2507.51101.0_neutral_split.language-ro_8wekyb3d8bbwe \"OfficeApp_19.2507.51101.0_language-ru.msix\": Microsoft.MicrosoftOfficeHub_19.2507.51101.0_neutral_split.language-ru_8wekyb3d8bbwe \"OfficeApp_19.2507.51101.0_language-sk.msix\": Microsoft.MicrosoftOfficeHub_19.2507.51101.0_neutral_split.language-sk_8wekyb3d8bbwe \"OfficeApp_19.2507.51101.0_language-sl.msix\": Microsoft.MicrosoftOfficeHub_19.2507.51101.0_neutral_split.language-sl_8wekyb3d8bbwe \"OfficeApp_19.2507.51101.0_language-sq.msix\": Microsoft.MicrosoftOfficeHub_19.2507.51101.0_neutral_split.language-sq_8wekyb3d8bbwe \"OfficeApp_19.2507.51101.0_language-sr-cyrl.msix\": Microsoft.MicrosoftOfficeHub_19.2507.51101.0_neutral_split.language-sr-cyrl_8wekyb3d8bbwe \"OfficeApp_19.2507.51101.0_language-sr-latn.msix\": Microsoft.MicrosoftOfficeHub_19.2507.51101.0_neutral_split.language-sr-latn_8wekyb3d8bbwe \"OfficeApp_19.2507.51101.0_language-sv.msix\": Microsoft.MicrosoftOfficeHub_19.2507.51101.0_neutral_split.language-sv_8wekyb3d8bbwe \"OfficeApp_19.2507.51101.0_language-ta.msix\": Microsoft.MicrosoftOfficeHub_19.2507.51101.0_neutral_split.language-ta_8wekyb3d8bbwe \"OfficeApp_19.2507.51101.0_language-te.msix\": Microsoft.MicrosoftOfficeHub_19.2507.51101.0_neutral_split.language-te_8wekyb3d8bbwe \"OfficeApp_19.2507.51101.0_language-th.msix\": Microsoft.MicrosoftOfficeHub_19.2507.51101.0_neutral_split.language-th_8wekyb3d8bbwe \"OfficeApp_19.2507.51101.0_language-tr.msix\": Microsoft.MicrosoftOfficeHub_19.2507.51101.0_neutral_split.language-tr_8wekyb3d8bbwe \"OfficeApp_19.2507.51101.0_language-tt-cyrl.msix\": Microsoft.MicrosoftOfficeHub_19.2507.51101.0_neutral_split.language-tt-cyrl_8wekyb3d8bbwe \"OfficeApp_19.2507.51101.0_language-ug-arab.msix\": Microsoft.MicrosoftOfficeHub_19.2507.51101.0_neutral_split.language-ug-arab_8wekyb3d8bbwe \"OfficeApp_19.2507.51101.0_language-uk.msix\": Microsoft.MicrosoftOfficeHub_19.2507.51101.0_neutral_split.language-uk_8wekyb3d8bbwe \"OfficeApp_19.2507.51101.0_language-ur.msix\": Microsoft.MicrosoftOfficeHub_19.2507.51101.0_neutral_split.language-ur_8wekyb3d8bbwe \"OfficeApp_19.2507.51101.0_language-vi.msix\": Microsoft.MicrosoftOfficeHub_19.2507.51101.0_neutral_split.language-vi_8wekyb3d8bbwe \"OfficeApp_19.2507.51101.0_language-zh-hans.msix\": Microsoft.MicrosoftOfficeHub_19.2507.51101.0_neutral_split.language-zh-hans_8wekyb3d8bbwe \"OfficeApp_19.2507.51101.0_language-zh-hant.msix\": Microsoft.MicrosoftOfficeHub_19.2507.51101.0_neutral_split.language-zh-hant_8wekyb3d8bbwe \"OfficeApp_19.2507.51101.0_scale-100.msix\": Microsoft.MicrosoftOfficeHub_19.2507.51101.0_neutral_split.scale-100_8wekyb3d8bbwe \"OfficeApp_19.2507.51101.0_scale-125.msix\": Microsoft.MicrosoftOfficeHub_19.2507.51101.0_neutral_split.scale-125_8wekyb3d8bbwe \"OfficeApp_19.2507.51101.0_scale-140.msix\": Microsoft.MicrosoftOfficeHub_19.2507.51101.0_neutral_split.scale-140_8wekyb3d8bbwe \"OfficeApp_19.2507.51101.0_scale-150.msix\": Microsoft.MicrosoftOfficeHub_19.2507.51101.0_neutral_split.scale-150_8wekyb3d8bbwe \"OfficeApp_19.2507.51101.0_scale-180.msix\": Microsoft.MicrosoftOfficeHub_19.2507.51101.0_neutral_split.scale-180_8wekyb3d8bbwe \"OfficeApp_19.2507.51101.0_scale-300.msix\": Microsoft.MicrosoftOfficeHub_19.2507.51101.0_neutral_split.scale-300_8wekyb3d8bbwe \"OfficeApp_19.2507.51101.0_scale-400.msix\": Microsoft.MicrosoftOfficeHub_19.2507.51101.0_neutral_split.scale-400_8wekyb3d8bbwe"}
{"EventID": "854", "Channel": "Microsoft-Windows-AppXDeploymentServer/Operational", "Provider_Name": "Microsoft-Windows-AppXDeployment-Server", "Computer": "DESKTOP-OFJ6N53", "TimeCreated": "2025-07-24 21:47:10.893003+00:00", "RecordID": "114526", "Level": "4", "UserID": "S-1-5-21-963789628-1060504924-4285088085-1001", "EventData.Path": "C:\\Program Files\\WindowsApps\\Microsoft.MicrosoftOfficeHub_19.2507.51101.0_neutral_~_8wekyb3d8bbwe\\AppxMetadata\\AppxBundleManifest.xml C:\\Program Files\\WindowsApps\\Microsoft.MicrosoftOfficeHub_19.2507.51101.0_x64__8wekyb3d8bbwe\\AppxManifest.xml C:\\Program Files\\WindowsApps\\Microsoft.MicrosoftOfficeHub_19.2507.51101.0_neutral_split.language-ru_8wekyb3d8bbwe\\AppxManifest.xml C:\\Program Files\\WindowsApps\\Microsoft.MicrosoftOfficeHub_19.2507.51101.0_neutral_split.scale-100_8wekyb3d8bbwe\\AppxManifest.xml C:\\Program Files\\WindowsApps\\Microsoft.MicrosoftOfficeHub_19.2507.51101.0_neutral_split.scale-125_8wekyb3d8bbwe\\AppxManifest.xml"}
{"EventID": "855", "Channel": "Microsoft-Windows-AppXDeploymentServer/Operational", "Provider_Name": "Microsoft-Windows-AppXDeployment-Server", "Computer": "DESKTOP-OFJ6N53", "TimeCreated": "2025-07-24 21:47:11.245920+00:00", "RecordID": "114527", "Level": "4", "UserID": "S-1-5-21-963789628-1060504924-4285088085-1001", "EventData.PackageMoniker": "updateList: Microsoft.MicrosoftOfficeHub_19.2507.46151.0_neutral_~_8wekyb3d8bbwe is updating to Microsoft.MicrosoftOfficeHub_19.2507.51101.0_neutral_~_8wekyb3d8bbwe Microsoft.MicrosoftOfficeHub_19.2507.46151.0_x64__8wekyb3d8bbwe is updating to Microsoft.MicrosoftOfficeHub_19.2507.51101.0_x64__8wekyb3d8bbwe Microsoft.MicrosoftOfficeHub_19.2507.46151.0_neutral_split.language-ru_8wekyb3d8bbwe is updating to Microsoft.MicrosoftOfficeHub_19.2507.51101.0_neutral_split.language-ru_8wekyb3d8bbwe Microsoft.MicrosoftOfficeHub_19.2507.46151.0_neutral_split.scale-100_8wekyb3d8bbwe is updating to Microsoft.MicrosoftOfficeHub_19.2507.51101.0_neutral_split.scale-100_8wekyb3d8bbwe Microsoft.MicrosoftOfficeHub_19.2507.46151.0_neutral_split.scale-125_8wekyb3d8bbwe is updating to Microsoft.MicrosoftOfficeHub_19.2507.51101.0_neutral_split.scale-125_8wekyb3d8bbwe"}
{"EventID": "9645", "Channel": "Microsoft-Windows-AppXDeploymentServer/Operational", "Provider_Name": "Microsoft-Windows-AppXDeployment-Server", "Computer": "DESKTOP-OFJ6N53", "TimeCreated": "2025-07-24 21:47:11.374184+00:00", "RecordID": "114528", "Level": "5", "UserID": "S-1-5-21-963789628-1060504924-4285088085-1001", "EventData.ErrorCode": "0x00000000", "EventData.String": "Microsoft.MicrosoftOfficeHub_19.2507.46151.0_x64__8wekyb3d8bbwe"}
{"EventID": "10000", "Channel": "Microsoft-Windows-AppXDeploymentServer/Operational", "Provider_Name": "Microsoft-Windows-AppXDeployment-Server", "Computer": "DESKTOP-OFJ6N53", "TimeCreated": "2025-07-24 21:47:11.375269+00:00", "RecordID": "114529", "Level": "5", "UserID": "S-1-5-18", "EventData.PackageFullName": "Microsoft.MicrosoftOfficeHub_19.2507.46151.0_x64__8wekyb3d8bbwe", "EventData.ErrorCode": "0x00000000"}
{"EventID": "10000", "Channel": "Microsoft-Windows-AppXDeploymentServer/Operational", "Provider_Name": "Microsoft-Windows-AppXDeployment-Server", "Computer": "DESKTOP-OFJ6N53", "TimeCreated": "2025-07-24 21:47:11.375605+00:00", "RecordID": "114530", "Level": "5", "UserID": "S-1-5-18", "EventData.PackageFullName": "Microsoft.MicrosoftOfficeHub_19.2507.51101.0_x64__8wekyb3d8bbwe", "EventData.ErrorCode": "0x00000000"}
{"EventID": "9645", "Channel": "Microsoft-Windows-AppXDeploymentServer/Operational", "Provider_Name": "Microsoft-Windows-AppXDeployment-Server", "Computer": "DESKTOP-OFJ6N53", "TimeCreated": "2025-07-24 21:47:11.394066+00:00", "RecordID": "114531", "Level": "5", "UserID": "S-1-5-21-963789628-1060504924-4285088085-1001", "EventData.ErrorCode": "0x00000000", "EventData.String": "Microsoft.MicrosoftOfficeHub_19.2507.46151.0_x64__8wekyb3d8bbwe"}
{"EventID": "5506", "Channel": "Microsoft-Windows-AppXDeploymentServer/Operational", "Provider_Name": "Microsoft-Windows-AppXDeployment-Server", "Computer": "DESKTOP-OFJ6N53", "TimeCreated": "2025-07-24 21:47:11.526011+00:00", "RecordID": "114532", "Level": "5", "UserID": "S-1-5-18", "EventData.PackageName": "Microsoft.MicrosoftOfficeHub_19.2507.51101.0_x64__8wekyb3d8bbwe", "EventData.FilePath": "C:\\Program Files\\WindowsApps\\Microsoft.MicrosoftOfficeHub_19.2507.51101.0_x64__8wekyb3d8bbwe\\microsoft.system.package.metadata\\resources.c8066888.pri", "EventData.Message": "Created shared merged PRI file"}
{"EventID": "5505", "Channel": "Microsoft-Windows-AppXDeploymentServer/Operational", "Provider_Name": "Microsoft-Windows-AppXDeployment-Server", "Computer": "DESKTOP-OFJ6N53", "TimeCreated": "2025-07-24 21:47:11.526531+00:00", "RecordID": "114533", "Level": "5", "UserID": "S-1-5-18", "EventData.PackageName": "Microsoft.MicrosoftOfficeHub_19.2507.51101.0_x64__8wekyb3d8bbwe", "EventData.FilePath": "C:\\Program Files\\WindowsApps\\Microsoft.MicrosoftOfficeHub_19.2507.51101.0_x64__8wekyb3d8bbwe\\microsoft.system.package.metadata\\S-1-5-21-963789628-1060504924-4285088085-1001-MergedResources-84.pri", "EventData.Message": "Linked user-specific merged PRI file"}
{"EventID": "8100", "Channel": "Microsoft-Windows-AppXDeploymentServer/Operational", "Provider_Name": "Microsoft-Windows-AppXDeployment-Server", "Computer": "DESKTOP-OFJ6N53", "TimeCreated": "2025-07-24 21:47:11.538986+00:00", "RecordID": "114534", "Level": "5", "UserID": "S-1-5-18", "EventData.PackageFullName": "Microsoft.MicrosoftOfficeHub_19.2507.51101.0_x64__8wekyb3d8bbwe", "EventData.Flags": "0x00000009"}
{"EventID": "8106", "Channel": "Microsoft-Windows-AppXDeploymentServer/Operational", "Provider_Name": "Microsoft-Windows-AppXDeployment-Server", "Computer": "DESKTOP-OFJ6N53", "TimeCreated": "2025-07-24 21:47:11.541679+00:00", "RecordID": "114535", "Level": "5", "UserID": "S-1-5-18", "EventData.PackageFullName": "Microsoft.MicrosoftOfficeHub_19.2507.51101.0_x64__8wekyb3d8bbwe", "EventData.Flags": "0x00000009"}
{"EventID": "8101", "Channel": "Microsoft-Windows-AppXDeploymentServer/Operational", "Provider_Name": "Microsoft-Windows-AppXDeployment-Server", "Computer": "DESKTOP-OFJ6N53", "TimeCreated": "2025-07-24 21:47:11.541695+00:00", "RecordID": "114536", "Level": "5", "UserID": "S-1-5-18", "EventData.PackageFullName": "Microsoft.MicrosoftOfficeHub_19.2507.51101.0_x64__8wekyb3d8bbwe", "EventData.Flags": "0x00000009"}
{"EventID": "8100", "Channel": "Microsoft-Windows-AppXDeploymentServer/Operational", "Provider_Name": "Microsoft-Windows-AppXDeployment-Server", "Computer": "DESKTOP-OFJ6N53", "TimeCreated": "2025-07-24 21:47:11.541697+00:00", "RecordID": "114537", "Level": "5", "UserID": "S-1-5-18", "EventData.PackageFullName": "Microsoft.MicrosoftOfficeHub_19.2507.51101.0_neutral_split.language-ru_8wekyb3d8bbwe", "EventData.Flags": "0x00000009"}
{"EventID": "8106", "Channel": "Microsoft-Windows-AppXDeploymentServer/Operational", "Provider_Name": "Microsoft-Windows-AppXDeployment-Server", "Computer": "DESKTOP-OFJ6N53", "TimeCreated": "2025-07-24 21:47:11.543770+00:00", "RecordID": "114538", "Level": "5", "UserID": "S-1-5-18", "EventData.PackageFullName": "Microsoft.MicrosoftOfficeHub_19.2507.51101.0_neutral_split.language-ru_8wekyb3d8bbwe", "EventData.Flags": "0x00000009"}
{"EventID": "8101", "Channel": "Microsoft-Windows-AppXDeploymentServer/Operational", "Provider_Name": "Microsoft-Windows-AppXDeployment-Server", "Computer": "DESKTOP-OFJ6N53", "TimeCreated": "2025-07-24 21:47:11.543787+00:00", "RecordID": "114539", "Level": "5", "UserID": "S-1-5-18", "EventData.PackageFullName": "Microsoft.MicrosoftOfficeHub_19.2507.51101.0_neutral_split.language-ru_8wekyb3d8bbwe", "EventData.Flags": "0x00000009"}
{"EventID": "8100", "Channel": "Microsoft-Windows-AppXDeploymentServer/Operational", "Provider_Name": "Microsoft-Windows-AppXDeployment-Server", "Computer": "DESKTOP-OFJ6N53", "TimeCreated": "2025-07-24 21:47:11.543789+00:00", "RecordID": "114540", "Level": "5", "UserID": "S-1-5-18", "EventData.PackageFullName": "Microsoft.MicrosoftOfficeHub_19.2507.51101.0_neutral_split.scale-100_8wekyb3d8bbwe", "EventData.Flags": "0x00000009"}
{"EventID": "8106", "Channel": "Microsoft-Windows-AppXDeploymentServer/Operational", "Provider_Name": "Microsoft-Windows-AppXDeployment-Server", "Computer": "DESKTOP-OFJ6N53", "TimeCreated": "2025-07-24 21:47:11.545820+00:00", "RecordID": "114541", "Level": "5", "UserID": "S-1-5-18", "EventData.PackageFullName": "Microsoft.MicrosoftOfficeHub_19.2507.51101.0_neutral_split.scale-100_8wekyb3d8bbwe", "EventData.Flags": "0x00000009"}
{"EventID": "8101", "Channel": "Microsoft-Windows-AppXDeploymentServer/Operational", "Provider_Name": "Microsoft-Windows-AppXDeployment-Server", "Computer": "DESKTOP-OFJ6N53", "TimeCreated": "2025-07-24 21:47:11.545832+00:00", "RecordID": "114542", "Level": "5", "UserID": "S-1-5-18", "EventData.PackageFullName": "Microsoft.MicrosoftOfficeHub_19.2507.51101.0_neutral_split.scale-100_8wekyb3d8bbwe", "EventData.Flags": "0x00000009"}
{"EventID": "8100", "Channel": "Microsoft-Windows-AppXDeploymentServer/Operational", "Provider_Name": "Microsoft-Windows-AppXDeployment-Server", "Computer": "DESKTOP-OFJ6N53", "TimeCreated": "2025-07-24 21:47:11.545835+00:00", "RecordID": "114543", "Level": "5", "UserID": "S-1-5-18", "EventData.PackageFullName": "Microsoft.MicrosoftOfficeHub_19.2507.51101.0_neutral_split.scale-125_8wekyb3d8bbwe", "EventData.Flags": "0x00000009"}
{"EventID": "8106", "Channel": "Microsoft-Windows-AppXDeploymentServer/Operational", "Provider_Name": "Microsoft-Windows-AppXDeployment-Server", "Computer": "DESKTOP-OFJ6N53", "TimeCreated": "2025-07-24 21:47:11.547590+00:00", "RecordID": "114544", "Level": "5", "UserID": "S-1-5-18", "EventData.PackageFullName": "Microsoft.MicrosoftOfficeHub_19.2507.51101.0_neutral_split.scale-125_8wekyb3d8bbwe", "EventData.Flags": "0x00000009"}
{"EventID": "8101", "Channel": "Microsoft-Windows-AppXDeploymentServer/Operational", "Provider_Name": "Microsoft-Windows-AppXDeployment-Server", "Computer": "DESKTOP-OFJ6N53", "TimeCreated": "2025-07-24 21:47:11.547602+00:00", "RecordID": "114545", "Level": "5", "UserID": "S-1-5-18", "EventData.PackageFullName": "Microsoft.MicrosoftOfficeHub_19.2507.51101.0_neutral_split.scale-125_8wekyb3d8bbwe", "EventData.Flags": "0x00000009"}
{"EventID": "5507", "Channel": "Microsoft-Windows-AppXDeploymentServer/Operational", "Provider_Name": "Microsoft-Windows-AppXDeployment-Server", "Computer": "DESKTOP-OFJ6N53", "TimeCreated": "2025-07-24 21:47:11.827614+00:00", "RecordID": "114546", "Level": "5", "UserID": "S-1-5-21-963789628-1060504924-4285088085-1001", "EventData.PackageName": "Microsoft.MicrosoftOfficeHub_19.2507.51101.0_x64__8wekyb3d8bbwe", "EventData.FilePath": "S-1-5-21-963789628-1060504924-4285088085-1001-MergedResources-84.pri", "EventData.Message": "Current user-specific merged PRI file ignored"}
{"EventID": "5507", "Channel": "Microsoft-Windows-AppXDeploymentServer/Operational", "Provider_Name": "Microsoft-Windows-AppXDeployment-Server", "Computer": "DESKTOP-OFJ6N53", "TimeCreated": "2025-07-24 21:47:11.827795+00:00", "RecordID": "114547", "Level": "5", "UserID": "S-1-5-21-963789628-1060504924-4285088085-1001", "EventData.PackageName": "Microsoft.MicrosoftOfficeHub_19.2507.51101.0_x64__8wekyb3d8bbwe", "EventData.FilePath": "resources.c8066888.pri", "EventData.Message": "Current shared merged PRI file ignored"}
{"EventID": "5507", "Channel": "Microsoft-Windows-AppXDeploymentServer/Operational", "Provider_Name": "Microsoft-Windows-AppXDeployment-Server", "Computer": "DESKTOP-OFJ6N53", "TimeCreated": "2025-07-24 21:47:11.827927+00:00", "RecordID": "114548", "Level": "5", "UserID": "S-1-5-21-963789628-1060504924-4285088085-1001", "EventData.PackageName": "Microsoft.MicrosoftOfficeHub_19.2507.51101.0_x64__8wekyb3d8bbwe", "EventData.FilePath": "S-1-5-21-963789628-1060504924-4285088085-1001-MergedResources-84.pri", "EventData.Message": "Current user-specific merged PRI file ignored"}
{"EventID": "5507", "Channel": "Microsoft-Windows-AppXDeploymentServer/Operational", "Provider_Name": "Microsoft-Windows-AppXDeployment-Server", "Computer": "DESKTOP-OFJ6N53", "TimeCreated": "2025-07-24 21:47:11.828028+00:00", "RecordID": "114549", "Level": "5", "UserID": "S-1-5-21-963789628-1060504924-4285088085-1001", "EventData.PackageName": "Microsoft.MicrosoftOfficeHub_19.2507.51101.0_x64__8wekyb3d8bbwe", "EventData.FilePath": "resources.c8066888.pri", "EventData.Message": "Current shared merged PRI file ignored"}
{"EventID": "821", "Channel": "Microsoft-Windows-AppXDeploymentServer/Operational", "Provider_Name": "Microsoft-Windows-AppXDeployment-Server", "Computer": "DESKTOP-OFJ6N53", "TimeCreated": "2025-07-24 21:47:11.882622+00:00", "RecordID": "114550", "Level": "5", "UserID": "S-1-5-18", "EventData.UserSid": "S-1-5-18", "EventData.MainPackageFullName": "Microsoft.MicrosoftOfficeHub_19.2507.51101.0_neutral_~_8wekyb3d8bbwe", "EventData.ErrorCode": "0x00000000"}
{"EventID": "822", "Channel": "Microsoft-Windows-AppXDeploymentServer/Operational", "Provider_Name": "Microsoft-Windows-AppXDeployment-Server", "Computer": "DESKTOP-OFJ6N53", "TimeCreated": "2025-07-24 21:47:11.885963+00:00", "RecordID": "114551", "Level": "5", "UserID": "S-1-5-18", "EventData.Error": "0x00000000", "EventData.PackageMoniker": "Microsoft.MicrosoftOfficeHub_19.2507.51101.0_neutral_~_8wekyb3d8bbwe"}
{"EventID": "821", "Channel": "Microsoft-Windows-AppXDeploymentServer/Operational", "Provider_Name": "Microsoft-Windows-AppXDeployment-Server", "Computer": "DESKTOP-OFJ6N53", "TimeCreated": "2025-07-24 21:47:11.887526+00:00", "RecordID": "114552", "Level": "5", "UserID": "S-1-5-18", "EventData.UserSid": "S-1-5-21-963789628-1060504924-4285088085-1001", "EventData.MainPackageFullName": "Microsoft.MicrosoftOfficeHub_19.2507.51101.0_neutral_~_8wekyb3d8bbwe", "EventData.ErrorCode": "0x00000000"}
{"EventID": "822", "Channel": "Microsoft-Windows-AppXDeploymentServer/Operational", "Provider_Name": "Microsoft-Windows-AppXDeployment-Server", "Computer": "DESKTOP-OFJ6N53", "TimeCreated": "2025-07-24 21:47:11.890579+00:00", "RecordID": "114553", "Level": "5", "UserID": "S-1-5-18", "EventData.Error": "0x00000000", "EventData.PackageMoniker": "Microsoft.MicrosoftOfficeHub_19.2507.51101.0_neutral_~_8wekyb3d8bbwe"}
{"EventID": "813", "Channel": "Microsoft-Windows-AppXDeploymentServer/Operational", "Provider_Name": "Microsoft-Windows-AppXDeployment-Server", "Computer": "DESKTOP-OFJ6N53", "TimeCreated": "2025-07-24 21:47:11.890612+00:00", "RecordID": "114554", "Level": "5", "UserID": "S-1-5-18", "EventData.PackageMoniker": "Microsoft.MicrosoftOfficeHub_19.2507.51101.0_neutral_~_8wekyb3d8bbwe"}
{"EventID": "10001", "Channel": "Microsoft-Windows-AppXDeploymentServer/Operational", "Provider_Name": "Microsoft-Windows-AppXDeployment-Server", "Computer": "DESKTOP-OFJ6N53", "TimeCreated": "2025-07-24 21:47:12.669111+00:00", "RecordID": "114555", "Level": "5", "UserID": "S-1-5-18", "EventData.PackageFullName": "Microsoft.MicrosoftOfficeHub_19.2507.46151.0_x64__8wekyb3d8bbwe", "EventData.ErrorCode": "0x80070490"}
{"EventID": "10001", "Channel": "Microsoft-Windows-AppXDeploymentServer/Operational", "Provider_Name": "Microsoft-Windows-AppXDeployment-Server", "Computer": "DESKTOP-OFJ6N53", "TimeCreated": "2025-07-24 21:47:12.669262+00:00", "RecordID": "114556", "Level": "5", "UserID": "S-1-5-18", "EventData.PackageFullName": "Microsoft.MicrosoftOfficeHub_19.2507.51101.0_x64__8wekyb3d8bbwe", "EventData.ErrorCode": "0x00000000"}
{"EventID": "10001", "Channel": "Microsoft-Windows-AppXDeploymentServer/Operational", "Provider_Name": "Microsoft-Windows-AppXDeployment-Server", "Computer": "DESKTOP-OFJ6N53", "TimeCreated": "2025-07-24 21:47:12.669645+00:00", "RecordID": "114557", "Level": "5", "UserID": "S-1-5-18", "EventData.PackageFullName": "Microsoft.MicrosoftOfficeHub_19.2507.51101.0_x64__8wekyb3d8bbwe", "EventData.ErrorCode": "0x00000000"}
{"EventID": "10001", "Channel": "Microsoft-Windows-AppXDeploymentServer/Operational", "Provider_Name": "Microsoft-Windows-AppXDeployment-Server", "Computer": "DESKTOP-OFJ6N53", "TimeCreated": "2025-07-24 21:47:12.669773+00:00", "RecordID": "114558", "Level": "5", "UserID": "S-1-5-18", "EventData.PackageFullName": "Microsoft.MicrosoftOfficeHub_19.2507.51101.0_neutral_~_8wekyb3d8bbwe", "EventData.ErrorCode": "0x00000000"}
{"EventID": "10001", "Channel": "Microsoft-Windows-AppXDeploymentServer/Operational", "Provider_Name": "Microsoft-Windows-AppXDeployment-Server", "Computer": "DESKTOP-OFJ6N53", "TimeCreated": "2025-07-24 21:47:12.669859+00:00", "RecordID": "114559", "Level": "5", "UserID": "S-1-5-18", "EventData.PackageFullName": "Microsoft.MicrosoftOfficeHub_19.2507.51101.0_neutral_~_8wekyb3d8bbwe", "EventData.ErrorCode": "0x00000000"}
{"EventID": "10001", "Channel": "Microsoft-Windows-AppXDeploymentServer/Operational", "Provider_Name": "Microsoft-Windows-AppXDeployment-Server", "Computer": "DESKTOP-OFJ6N53", "TimeCreated": "2025-07-24 21:47:12.669922+00:00", "RecordID": "114560", "Level": "5", "UserID": "S-1-5-18", "EventData.PackageFullName": "Microsoft.MicrosoftOfficeHub_19.2507.51101.0_x64__8wekyb3d8bbwe", "EventData.ErrorCode": "0x00000000"}
{"EventID": "10001", "Channel": "Microsoft-Windows-AppXDeploymentServer/Operational", "Provider_Name": "Microsoft-Windows-AppXDeployment-Server", "Computer": "DESKTOP-OFJ6N53", "TimeCreated": "2025-07-24 21:47:12.669991+00:00", "RecordID": "114561", "Level": "5", "UserID": "S-1-5-18", "EventData.PackageFullName": "Microsoft.MicrosoftOfficeHub_19.2507.51101.0_x64__8wekyb3d8bbwe", "EventData.ErrorCode": "0x00000000"}
{"EventID": "10001", "Channel": "Microsoft-Windows-AppXDeploymentServer/Operational", "Provider_Name": "Microsoft-Windows-AppXDeployment-Server", "Computer": "DESKTOP-OFJ6N53", "TimeCreated": "2025-07-24 21:47:12.670050+00:00", "RecordID": "114562", "Level": "5", "UserID": "S-1-5-18", "EventData.PackageFullName": "Microsoft.MicrosoftOfficeHub_19.2507.51101.0_neutral_split.language-ru_8wekyb3d8bbwe", "EventData.ErrorCode": "0x00000000"}
{"EventID": "10001", "Channel": "Microsoft-Windows-AppXDeploymentServer/Operational", "Provider_Name": "Microsoft-Windows-AppXDeployment-Server", "Computer": "DESKTOP-OFJ6N53", "TimeCreated": "2025-07-24 21:47:12.670116+00:00", "RecordID": "114563", "Level": "5", "UserID": "S-1-5-18", "EventData.PackageFullName": "Microsoft.MicrosoftOfficeHub_19.2507.51101.0_neutral_split.language-ru_8wekyb3d8bbwe", "EventData.ErrorCode": "0x00000000"}
{"EventID": "10001", "Channel": "Microsoft-Windows-AppXDeploymentServer/Operational", "Provider_Name": "Microsoft-Windows-AppXDeployment-Server", "Computer": "DESKTOP-OFJ6N53", "TimeCreated": "2025-07-24 21:47:12.670193+00:00", "RecordID": "114564", "Level": "5", "UserID": "S-1-5-18", "EventData.PackageFullName": "Microsoft.MicrosoftOfficeHub_19.2507.51101.0_neutral_split.scale-100_8wekyb3d8bbwe", "EventData.ErrorCode": "0x00000000"}
{"EventID": "10001", "Channel": "Microsoft-Windows-AppXDeploymentServer/Operational", "Provider_Name": "Microsoft-Windows-AppXDeployment-Server", "Computer": "DESKTOP-OFJ6N53", "TimeCreated": "2025-07-24 21:47:12.670259+00:00", "RecordID": "114565", "Level": "5", "UserID": "S-1-5-18", "EventData.PackageFullName": "Microsoft.MicrosoftOfficeHub_19.2507.51101.0_neutral_split.scale-100_8wekyb3d8bbwe", "EventData.ErrorCode": "0x00000000"}
{"EventID": "10001", "Channel": "Microsoft-Windows-AppXDeploymentServer/Operational", "Provider_Name": "Microsoft-Windows-AppXDeployment-Server", "Computer": "DESKTOP-OFJ6N53", "TimeCreated": "2025-07-24 21:47:12.670319+00:00", "RecordID": "114566", "Level": "5", "UserID": "S-1-5-18", "EventData.PackageFullName": "Microsoft.MicrosoftOfficeHub_19.2507.51101.0_neutral_split.scale-125_8wekyb3d8bbwe", "EventData.ErrorCode": "0x00000000"}
{"EventID": "10001", "Channel": "Microsoft-Windows-AppXDeploymentServer/Operational", "Provider_Name": "Microsoft-Windows-AppXDeployment-Server", "Computer": "DESKTOP-OFJ6N53", "TimeCreated": "2025-07-24 21:47:12.670382+00:00", "RecordID": "114567", "Level": "5", "UserID": "S-1-5-18", "EventData.PackageFullName": "Microsoft.MicrosoftOfficeHub_19.2507.51101.0_neutral_split.scale-125_8wekyb3d8bbwe", "EventData.ErrorCode": "0x00000000"}
{"EventID": "400", "Channel": "Microsoft-Windows-AppXDeploymentServer/Operational", "Provider_Name": "Microsoft-Windows-AppXDeployment-Server", "Computer": "DESKTOP-OFJ6N53", "TimeCreated": "2025-07-24 21:47:12.815971+00:00", "RecordID": "114568", "Level": "4", "UserID": "S-1-5-21-963789628-1060504924-4285088085-1001", "EventData.DeploymentOperation": "6", "EventData.PackageFullName": "Microsoft.MicrosoftOfficeHub_19.2507.51101.0_neutral_~_8wekyb3d8bbwe", "EventData.Path": "(AppxBundleManifest.xml)", "EventData.MountPoint": "C:", "EventData.TargetPlatform": "0x00000003", "EventData.SystemVolume": "True", "EventData.StorageId": "\\\\?\\Volume{c33a8663-71a2-4031-8cec-c21914fe12ad}", "EventData.IsCentennial": "False", "EventData.PackageType": "0x00000008", "EventData.IsPackageEncrypted": "False", "EventData.DeploymentOptions": "0x0004000004044800", "EventData.IsStreamingPackage": "False", "EventData.IsInRelatedSet": "False", "EventData.IsPackageUsingBDC": "False", "EventData.MainPackageFamilyName": "NULL", "EventData.CallingProcess": "svchost.exe,wuauserv", "EventData.IsOptional": "False", "EventData.PackageFlags": "0x00000400", "EventData.PackageFlags2": "0x00000800", "EventData.HasWin32alacarte": "False", "EventData.HasFullTrust": "False", "EventData.ExternalLocation": null, "EventData.PackageSourceUri": "x-windowsupdate://6672A8BD-0E8D-4682-A4B0-9B550A510158/EAAC6C6B-10A4-4659-815B-44F151ECA61A/22d4dd8c622657fc3fa42bef1e2b253028aa0dd6"}
{"EventID": "478", "Channel": "Microsoft-Windows-AppXDeploymentServer/Operational", "Provider_Name": "Microsoft-Windows-AppXDeployment-Server", "Computer": "DESKTOP-OFJ6N53", "TimeCreated": "2025-07-24 21:47:12.816097+00:00", "RecordID": "114569", "Level": "5", "UserID": "S-1-5-21-963789628-1060504924-4285088085-1001", "EventData.DeploymentOperation": "6", "EventData.PackageFullName": "Microsoft.MicrosoftOfficeHub_19.2507.51101.0_x64__8wekyb3d8bbwe", "EventData.Path": "(AppxBundleManifest.xml)", "EventData.MountPoint": "C:", "EventData.TargetPlatform": "0x00000003", "EventData.SystemVolume": "True", "EventData.StorageId": "\\\\?\\Volume{c33a8663-71a2-4031-8cec-c21914fe12ad}", "EventData.IsCentennial": "True", "EventData.PackageType": "0x00000001", "EventData.IsPackageEncrypted": "False", "EventData.DeploymentOptions": "0x0004000004044800", "EventData.IsStreamingPackage": "False", "EventData.IsInRelatedSet": "False", "EventData.IsPackageUsingBDC": "False", "EventData.MainPackageFamilyName": "NULL", "EventData.CallingProcess": "svchost.exe,wuauserv", "EventData.IsOptional": "False", "EventData.PackageFlags": "0x0080804c", "EventData.PackageFlags2": "0x00000800", "EventData.HasWin32alacarte": "False", "EventData.HasFullTrust": "True", "EventData.ExternalLocation": null, "EventData.PackageSourceUri": "x-windowsupdate://6672A8BD-0E8D-4682-A4B0-9B550A510158/EAAC6C6B-10A4-4659-815B-44F151ECA61A/22d4dd8c622657fc3fa42bef1e2b253028aa0dd6"}
{"EventID": "472", "Channel": "Microsoft-Windows-AppXDeploymentServer/Operational", "Provider_Name": "Microsoft-Windows-AppXDeployment-Server", "Computer": "DESKTOP-OFJ6N53", "TimeCreated": "2025-07-24 21:47:12.876663+00:00", "RecordID": "114570", "Level": "5", "UserID": "S-1-5-18", "EventData.SourceFolderPath": "\\\\?\\C:\\Program Files\\WindowsApps\\Microsoft.MicrosoftOfficeHub_19.2507.46151.0_neutral_~_8wekyb3d8bbwe", "EventData.DestinationFolderPath": "\\\\?\\C:\\Program Files\\WindowsApps\\Deleted\\Microsoft.MicrosoftOfficeHub_19.2507.46151.0_neutral_~_8wekyb3d8bbwe84aca158-5f59-4f73-86a6-205a50005fcb", "EventData.ErrorCode": "0x00000000"}
{"EventID": "472", "Channel": "Microsoft-Windows-AppXDeploymentServer/Operational", "Provider_Name": "Microsoft-Windows-AppXDeployment-Server", "Computer": "DESKTOP-OFJ6N53", "TimeCreated": "2025-07-24 21:47:12.881311+00:00", "RecordID": "114571", "Level": "5", "UserID": "S-1-5-18", "EventData.SourceFolderPath": "\\\\?\\C:\\Program Files\\WindowsApps\\Microsoft.MicrosoftOfficeHub_19.2507.46151.0_x64__8wekyb3d8bbwe", "EventData.DestinationFolderPath": "\\\\?\\C:\\Program Files\\WindowsApps\\Deleted\\Microsoft.MicrosoftOfficeHub_19.2507.46151.0_x64__8wekyb3d8bbwef52f6708-1199-47e3-9916-4d5e48e7a6c0", "EventData.ErrorCode": "0x00000000"}
{"EventID": "472", "Channel": "Microsoft-Windows-AppXDeploymentServer/Operational", "Provider_Name": "Microsoft-Windows-AppXDeployment-Server", "Computer": "DESKTOP-OFJ6N53", "TimeCreated": "2025-07-24 21:47:12.887331+00:00", "RecordID": "114572", "Level": "5", "UserID": "S-1-5-18", "EventData.SourceFolderPath": "\\\\?\\C:\\Program Files\\WindowsApps\\Microsoft.MicrosoftOfficeHub_19.2507.46151.0_neutral_split.language-ru_8wekyb3d8bbwe", "EventData.DestinationFolderPath": "\\\\?\\C:\\Program Files\\WindowsApps\\Deleted\\Microsoft.MicrosoftOfficeHub_19.2507.46151.0_neutral_split.language-ru_8wekyb3d8bbweb6e7dada-be1c-4f2b-a687-7502e37ab2e1", "EventData.ErrorCode": "0x00000000"}
{"EventID": "472", "Channel": "Microsoft-Windows-AppXDeploymentServer/Operational", "Provider_Name": "Microsoft-Windows-AppXDeployment-Server", "Computer": "DESKTOP-OFJ6N53", "TimeCreated": "2025-07-24 21:47:12.891205+00:00", "RecordID": "114573", "Level": "5", "UserID": "S-1-5-18", "EventData.SourceFolderPath": "\\\\?\\C:\\Program Files\\WindowsApps\\Microsoft.MicrosoftOfficeHub_19.2507.46151.0_neutral_split.scale-100_8wekyb3d8bbwe", "EventData.DestinationFolderPath": "\\\\?\\C:\\Program Files\\WindowsApps\\Deleted\\Microsoft.MicrosoftOfficeHub_19.2507.46151.0_neutral_split.scale-100_8wekyb3d8bbwe0bf29aa8-0b22-4884-9027-08f869055895", "EventData.ErrorCode": "0x00000000"}
{"EventID": "472", "Channel": "Microsoft-Windows-AppXDeploymentServer/Operational", "Provider_Name": "Microsoft-Windows-AppXDeployment-Server", "Computer": "DESKTOP-OFJ6N53", "TimeCreated": "2025-07-24 21:47:12.909809+00:00", "RecordID": "114574", "Level": "5", "UserID": "S-1-5-18", "EventData.SourceFolderPath": "\\\\?\\C:\\Program Files\\WindowsApps\\Microsoft.MicrosoftOfficeHub_19.2507.46151.0_neutral_split.scale-125_8wekyb3d8bbwe", "EventData.DestinationFolderPath": "\\\\?\\C:\\Program Files\\WindowsApps\\Deleted\\Microsoft.MicrosoftOfficeHub_19.2507.46151.0_neutral_split.scale-125_8wekyb3d8bbwe566b94db-4178-4286-b70e-2dc7ba12c535", "EventData.ErrorCode": "0x00000000"}
{"EventID": "649", "Channel": "Microsoft-Windows-AppXDeploymentServer/Operational", "Provider_Name": "Microsoft-Windows-AppXDeployment-Server", "Computer": "DESKTOP-OFJ6N53", "TimeCreated": "2025-07-24 21:47:12.964445+00:00", "RecordID": "114575", "Level": "4", "UserID": "S-1-5-21-963789628-1060504924-4285088085-1001", "EventData.DeploymentOperation": "6", "EventData.PackageFullName": "Microsoft.MicrosoftOfficeHub_19.2507.51101.0_neutral_~_8wekyb3d8bbwe", "EventData.Summary": "PostDeploymentOperationCheck cost: 0 ms"}
{"EventID": "613", "Channel": "Microsoft-Windows-AppXDeploymentServer/Operational", "Provider_Name": "Microsoft-Windows-AppXDeployment-Server", "Computer": "DESKTOP-OFJ6N53", "TimeCreated": "2025-07-24 21:47:13.085087+00:00", "RecordID": "114576", "Level": "4", "UserID": "S-1-5-21-963789628-1060504924-4285088085-1001", "EventData.DeploymentOperation": "6", "EventData.PackageFullName": "Microsoft.MicrosoftOfficeHub_19.2507.51101.0_neutral_~_8wekyb3d8bbwe", "EventData.Summary": "Overall time: 2844 ms\nEnqueue cost: 16 ms\nDequeue delay: 15 ms\nBundle processing cost: 610 ms\nIndexing cost: 78 ms\nResolve dependency cost: 297 ms\nCheck approval cost: 0 ms\nGap: 15 ms\nEvaluation cost: 0 ms\nHardlinking evaluation cost: 0 ms\nStage required cost: 16 ms\nFlushing and closing files cost: 0 ms\nGap: 78 ms\nMachine register cost: 0 ms\nStage user data cost: 0 ms\nGap: 31 ms\nRegistration cost: 469 ms\nGap: 437 ms\nRepository commit transaction cost: 360 ms\nGap: 297 ms\nData flush cost: 15 ms\nPost DeStage repository commit transaction cost: 0 ms\nRemaining cost: 110 ms"}
{"EventID": "818", "Channel": "Microsoft-Windows-AppXDeploymentServer/Operational", "Provider_Name": "Microsoft-Windows-AppXDeployment-Server", "Computer": "DESKTOP-OFJ6N53", "TimeCreated": "2025-07-24 21:50:51.347977+00:00", "RecordID": "114577", "Level": "5", "UserID": "S-1-5-21-963789628-1060504924-4285088085-1001", "EventData.UserSid": "S-1-5-21-963789628-1060504924-4285088085-1001"}
{"EventID": "819", "Channel": "Microsoft-Windows-AppXDeploymentServer/Operational", "Provider_Name": "Microsoft-Windows-AppXDeployment-Server", "Computer": "DESKTOP-OFJ6N53", "TimeCreated": "2025-07-24 21:50:51.352690+00:00", "RecordID": "114578", "Level": "5", "UserID": "S-1-5-21-963789628-1060504924-4285088085-1001", "EventData.InstallPackageList": null, "EventData.EndOfLifePackageList": null}
{"EventID": "818", "Channel": "Microsoft-Windows-AppXDeploymentServer/Operational", "Provider_Name": "Microsoft-Windows-AppXDeployment-Server", "Computer": "DESKTOP-OFJ6N53", "TimeCreated": "2025-07-25 21:50:52.958548+00:00", "RecordID": "114579", "Level": "5", "UserID": "S-1-5-21-963789628-1060504924-4285088085-1001", "EventData.UserSid": "S-1-5-21-963789628-1060504924-4285088085-1001"}
{"EventID": "819", "Channel": "Microsoft-Windows-AppXDeploymentServer/Operational", "Provider_Name": "Microsoft-Windows-AppXDeployment-Server", "Computer": "DESKTOP-OFJ6N53", "TimeCreated": "2025-07-25 21:50:52.991497+00:00", "RecordID": "114580", "Level": "5", "UserID": "S-1-5-21-963789628-1060504924-4285088085-1001", "EventData.InstallPackageList": null, "EventData.EndOfLifePackageList": null}
{"EventID": "818", "Channel": "Microsoft-Windows-AppXDeploymentServer/Operational", "Provider_Name": "Microsoft-Windows-AppXDeployment-Server", "Computer": "DESKTOP-OFJ6N53", "TimeCreated": "2025-07-26 21:50:54.829737+00:00", "RecordID": "114581", "Level": "5", "UserID": "S-1-5-21-963789628-1060504924-4285088085-1001", "EventData.UserSid": "S-1-5-21-963789628-1060504924-4285088085-1001"}
{"EventID": "819", "Channel": "Microsoft-Windows-AppXDeploymentServer/Operational", "Provider_Name": "Microsoft-Windows-AppXDeployment-Server", "Computer": "DESKTOP-OFJ6N53", "TimeCreated": "2025-07-26 21:50:54.836260+00:00", "RecordID": "114582", "Level": "5", "UserID": "S-1-5-21-963789628-1060504924-4285088085-1001", "EventData.InstallPackageList": null, "EventData.EndOfLifePackageList": null}
{"EventID": "603", "Channel": "Microsoft-Windows-AppXDeploymentServer/Operational", "Provider_Name": "Microsoft-Windows-AppXDeployment-Server", "Computer": "DESKTOP-OFJ6N53", "TimeCreated": "2025-07-27 06:05:54.139696+00:00", "RecordID": "114583", "Level": "4", "UserID": "S-1-5-18", "EventData.DeploymentOperation": "4", "EventData.Path": "identity_helper.sparse.stable.msix", "EventData.Flags": "0", "EventData.FlagsHigh": "0", "EventData.CallingProcess": "setup.exe", "EventData.ExternalLocation": "Application"}
{"EventID": "10002", "Channel": "Microsoft-Windows-AppXDeploymentServer/Operational", "Provider_Name": "Microsoft-Windows-AppXDeployment-Server", "Computer": "DESKTOP-OFJ6N53", "TimeCreated": "2025-07-27 06:05:54.483379+00:00", "RecordID": "114584", "Level": "5", "UserID": "S-1-5-18", "EventData.DeploymentOperation": "4", "EventData.MainPackageMoniker": "Microsoft.MicrosoftEdge.Stable_138.0.3351.109_neutral__8wekyb3d8bbwe", "EventData.ResiliencyFilePath": "C:\\ProgramData\\Microsoft\\Windows\\AppRepository\\53f083dc-866d-4bb9-91cc-49c0a9c80cee_S-1-5-18_1.rslc"}
{"EventID": "607", "Channel": "Microsoft-Windows-AppXDeploymentServer/Operational", "Provider_Name": "Microsoft-Windows-AppXDeployment-Server", "Computer": "DESKTOP-OFJ6N53", "TimeCreated": "2025-07-27 06:05:54.486065+00:00", "RecordID": "114585", "Level": "4", "UserID": "S-1-5-18", "EventData.DeploymentOperation": "4", "EventData.PackageFullName": "Microsoft.MicrosoftEdge.Stable_138.0.3351.109_neutral__8wekyb3d8bbwe", "EventData.UserSid": "S-1-5-18", "EventData.CallingProcess": "setup.exe"}
{"EventID": "854", "Channel": "Microsoft-Windows-AppXDeploymentServer/Operational", "Provider_Name": "Microsoft-Windows-AppXDeployment-Server", "Computer": "DESKTOP-OFJ6N53", "TimeCreated": "2025-07-27 06:05:54.489685+00:00", "RecordID": "114586", "Level": "4", "UserID": "S-1-5-18", "EventData.Path": "file:///C:/Program%20Files%20(x86)/Microsoft/Edge/Application/138.0.3351.109/identity_proxy/win10/identity_helper.sparse.stable.msix"}
{"EventID": "603", "Channel": "Microsoft-Windows-AppXDeploymentServer/Operational", "Provider_Name": "Microsoft-Windows-AppXDeployment-Server", "Computer": "DESKTOP-OFJ6N53", "TimeCreated": "2025-07-27 06:05:55.186634+00:00", "RecordID": "114587", "Level": "4", "UserID": "S-1-5-18", "EventData.DeploymentOperation": "4", "EventData.Path": "EdgeGameAssist.msix", "EventData.Flags": "0", "EventData.FlagsHigh": "0", "EventData.CallingProcess": "setup.exe", "EventData.ExternalLocation": null}
{"EventID": "10002", "Channel": "Microsoft-Windows-AppXDeploymentServer/Operational", "Provider_Name": "Microsoft-Windows-AppXDeployment-Server", "Computer": "DESKTOP-OFJ6N53", "TimeCreated": "2025-07-27 06:05:55.275293+00:00", "RecordID": "114588", "Level": "5", "UserID": "S-1-5-18", "EventData.DeploymentOperation": "4", "EventData.MainPackageMoniker": "Microsoft.Edge.GameAssist_1.0.3423.0_x64__8wekyb3d8bbwe", "EventData.ResiliencyFilePath": "C:\\ProgramData\\Microsoft\\Windows\\AppRepository\\53f083dc-866d-4bb9-91cc-49c0a9c80cee_S-1-5-18_2.rslc"}
{"EventID": "607", "Channel": "Microsoft-Windows-AppXDeploymentServer/Operational", "Provider_Name": "Microsoft-Windows-AppXDeployment-Server", "Computer": "DESKTOP-OFJ6N53", "TimeCreated": "2025-07-27 06:05:55.275747+00:00", "RecordID": "114589", "Level": "4", "UserID": "S-1-5-18", "EventData.DeploymentOperation": "4", "EventData.PackageFullName": "Microsoft.Edge.GameAssist_1.0.3423.0_x64__8wekyb3d8bbwe", "EventData.UserSid": "S-1-5-18", "EventData.CallingProcess": "setup.exe"}
{"EventID": "854", "Channel": "Microsoft-Windows-AppXDeploymentServer/Operational", "Provider_Name": "Microsoft-Windows-AppXDeployment-Server", "Computer": "DESKTOP-OFJ6N53", "TimeCreated": "2025-07-27 06:05:55.276682+00:00", "RecordID": "114590", "Level": "4", "UserID": "S-1-5-18", "EventData.Path": "file:///C:/Program%20Files%20(x86)/Microsoft/Edge/Application/138.0.3351.109/edge_game_assist/EdgeGameAssist.msix"}
{"EventID": "1230", "Channel": "Microsoft-Windows-AppXDeploymentServer/Operational", "Provider_Name": "Microsoft-Windows-AppXDeployment-Server", "Computer": "DESKTOP-OFJ6N53", "TimeCreated": "2025-07-27 06:05:55.699680+00:00", "RecordID": "114591", "Level": "3", "UserID": "S-1-5-18", "EventData.Path": "\\Program Files\\WindowsApps\\Microsoft.MicrosoftEdge.Stable_99.0.1150.30_neutral__8wekyb3d8bbwe\\Logo.png;\\Program Files\\WindowsApps\\Microsoft.MicrosoftEdge.Stable_98.0.1108.56_neutral__8wekyb3d8bbwe\\Logo.png;\\Program Files\\WindowsApps\\Microsoft.MicrosoftEdge.Stable_99.0.1150.36_neutral__8wekyb3d8bbwe\\Logo.png;\\Program Files\\WindowsApps\\Microsoft.MicrosoftEdge.Stable_99.0.1150.46_neutral__8wekyb3d8bbwe\\Logo.png;\\Program Files\\WindowsApps\\Microsoft.MicrosoftEdge.Stable_98.0.1108.62_neutral__8wekyb3d8bbwe\\Logo.png;\\Program Files\\WindowsApps\\Microsoft.MicrosoftEdge.Stable_99.0.1150.39_neutral__8wekyb3d8bbwe\\Logo.png;\\Program Files\\WindowsApps\\Microsoft.MicrosoftEdge.Stable_99.0.1150.52_neutral__8wekyb3d8bbwe\\Logo.png;\\Program Files\\WindowsApps\\Microsoft.MicrosoftEdge.Stable_100.0.1185.39_neutral__8wekyb3d8bbwe\\Logo.png;\\Program Files\\WindowsApps\\Microsoft.MicrosoftEdge.Stable_100.0.1185.44_neutral__8wekyb3d8bbwe\\Logo.png;\\Program Files\\WindowsApps\\Microsoft.MicrosoftEdge.Stable_101.0.1210.39_neutral__8wekyb3d8bbwe\\Logo.png;\\Program Files\\WindowsApps\\Microsoft.MicrosoftEdge.Stable_101.0.1210.47_neutral__8wekyb3d8bbwe\\Logo.png;\\Program Files\\WindowsApps\\Microsoft.MicrosoftEdge.Stable_102.0.1245.39_neutral__8wekyb3d8bbwe\\Logo.png;\\Program Files\\WindowsApps\\Microsoft.MicrosoftEdge.Stable_102.0.1245.41_neutral__8wekyb3d8bbwe\\Logo.png;\\Program Files\\WindowsApps\\Microsoft.MicrosoftEdge.Stable_103.0.1264.37_neutral__8wekyb3d8bbwe\\Logo.png;\\Program Files\\WindowsApps\\Microsoft.MicrosoftEdge.Stable_103.0.1264.62_neutral__8wekyb3d8bbwe\\Logo.png;\\Program Files\\WindowsApps\\Microsoft.MicrosoftEdge.Stable_104.0.1293.47_neutral__8wekyb3d8bbwe\\Logo.png;\\Program Files\\WindowsApps\\Microsoft.MicrosoftEdge.Stable_104.0.1293.54_neutral__8wekyb3d8bbwe\\Logo.png;\\Program Files\\WindowsApps\\Microsoft.MicrosoftEdge.Stable_105.0.1343.27_neutral__8wekyb3d8bbwe\\Logo.png;\\Program Files\\WindowsApps\\Microsoft.MicrosoftEdge.Stable_105.0.1343.33_neutral__8wekyb3d8bbwe\\Logo.png;\\Program Files\\WindowsApps\\Microsoft.MicrosoftEdge.Stable_105.0.1343.42_neutral__8wekyb3d8bbwe\\Logo.png;"}
