{"EventID": "301", "Channel": "Microsoft-Windows-DeviceSetupManager/Operational", "Provider_Name": "Microsoft-Windows-DeviceSetupManager", "Computer": "DESKTOP-OFJ6N53", "TimeCreated": "2023-08-08 17:13:28.358999+00:00", "RecordID": "10104", "Level": "4", "UserID": "S-1-5-18", "EventData.Prop_ContainerId": "{C2AFB711-E01D-B859-69EE-8DFDB945EBF1}"}
{"EventID": "301", "Channel": "Microsoft-Windows-DeviceSetupManager/Operational", "Provider_Name": "Microsoft-Windows-DeviceSetupManager", "Computer": "DESKTOP-OFJ6N53", "TimeCreated": "2023-08-08 17:13:30.503996+00:00", "RecordID": "10105", "Level": "4", "UserID": "S-1-5-18", "EventData.Prop_ContainerId": "{C641391B-F276-0E02-33FF-F4A08F4AF52E}"}
{"EventID": "301", "Channel": "Microsoft-Windows-DeviceSetupManager/Operational", "Provider_Name": "Microsoft-Windows-DeviceSetupManager", "Computer": "DESKTOP-OFJ6N53", "TimeCreated": "2023-08-08 17:13:32.497988+00:00", "RecordID": "10106", "Level": "4", "UserID": "S-1-5-18", "EventData.Prop_ContainerId": "{F12ED10B-DE75-2C0C-5FA7-C264A3B6CB55}"}
{"EventID": "301", "Channel": "Microsoft-Windows-DeviceSetupManager/Operational", "Provider_Name": "Microsoft-Windows-DeviceSetupManager", "Computer": "DESKTOP-OFJ6N53", "TimeCreated": "2023-08-08 17:13:33.863453+00:00", "RecordID": "10107", "Level": "4", "UserID": "S-1-5-18", "EventData.Prop_ContainerId": "{54F0286C-EA13-0B79-04AC-ED9E98FB1596}"}
{"EventID": "301", "Channel": "Microsoft-Windows-DeviceSetupManager/Operational", "Provider_Name": "Microsoft-Windows-DeviceSetupManager", "Computer": "DESKTOP-OFJ6N53", "TimeCreated": "2023-08-08 17:13:35.672823+00:00", "RecordID": "10108", "Level": "4", "UserID": "S-1-5-18", "EventData.Prop_ContainerId": "{C8BA3767-041C-707A-48E3-B5E7FCFD8653}"}
{"EventID": "300", "Channel": "Microsoft-Windows-DeviceSetupManager/Operational", "Provider_Name": "Microsoft-Windows-DeviceSetupManager", "Computer": "DESKTOP-OFJ6N53", "TimeCreated": "2023-08-09 07:30:46.935724+00:00", "RecordID": "10109", "Level": "4", "UserID": "S-1-5-18", "EventData.Prop_ContainerId": "{5504EF9A-BE0F-44CC-8C5C-913C55B70CCC}"}
{"EventID": "301", "Channel": "Microsoft-Windows-DeviceSetupManager/Operational", "Provider_Name": "Microsoft-Windows-DeviceSetupManager", "Computer": "DESKTOP-OFJ6N53", "TimeCreated": "2023-08-09 07:30:48.384562+00:00", "RecordID": "10110", "Level": "4", "UserID": "S-1-5-18", "EventData.Prop_ContainerId": "{5504EF9A-BE0F-44CC-8C5C-913C55B70CCC}"}
{"EventID": "301", "Channel": "Microsoft-Windows-DeviceSetupManager/Operational", "Provider_Name": "Microsoft-Windows-DeviceSetupManager", "Computer": "DESKTOP-OFJ6N53", "TimeCreated": "2023-08-09 07:30:48.668894+00:00", "RecordID": "10111", "Level": "4", "UserID": "S-1-5-18", "EventData.Prop_ContainerId": "{00000000-0000-0000-FFFF-FFFFFFFFFFFF}"}
{"EventID": "301", "Channel": "Microsoft-Windows-DeviceSetupManager/Operational", "Provider_Name": "Microsoft-Windows-DeviceSetupManager", "Computer": "DESKTOP-OFJ6N53", "TimeCreated": "2023-08-09 07:30:49.599047+00:00", "RecordID": "10112", "Level": "4", "UserID": "S-1-5-18", "EventData.Prop_ContainerId": "{9255C28B-421B-FD2A-4CA7-D7BAC659C1BD}"}
{"EventID": "301", "Channel": "Microsoft-Windows-DeviceSetupManager/Operational", "Provider_Name": "Microsoft-Windows-DeviceSetupManager", "Computer": "DESKTOP-OFJ6N53", "TimeCreated": "2023-08-09 07:30:50.725458+00:00", "RecordID": "10113", "Level": "4", "UserID": "S-1-5-18", "EventData.Prop_ContainerId": "{C8BA3767-041C-707A-48E3-B5E7FCFD8653}"}
{"EventID": "301", "Channel": "Microsoft-Windows-DeviceSetupManager/Operational", "Provider_Name": "Microsoft-Windows-DeviceSetupManager", "Computer": "DESKTOP-OFJ6N53", "TimeCreated": "2023-08-09 07:30:53.707632+00:00", "RecordID": "10114", "Level": "4", "UserID": "S-1-5-18", "EventData.Prop_ContainerId": "{9FDB06AE-3C11-C5C2-6F79-B527957711B5}"}
{"EventID": "301", "Channel": "Microsoft-Windows-DeviceSetupManager/Operational", "Provider_Name": "Microsoft-Windows-DeviceSetupManager", "Computer": "DESKTOP-OFJ6N53", "TimeCreated": "2023-08-09 07:30:56.112368+00:00", "RecordID": "10115", "Level": "4", "UserID": "S-1-5-18", "EventData.Prop_ContainerId": "{54F0286C-EA13-0B79-04AC-ED9E98FB1596}"}
{"EventID": "301", "Channel": "Microsoft-Windows-DeviceSetupManager/Operational", "Provider_Name": "Microsoft-Windows-DeviceSetupManager", "Computer": "DESKTOP-OFJ6N53", "TimeCreated": "2023-08-09 07:30:57.489376+00:00", "RecordID": "10116", "Level": "4", "UserID": "S-1-5-18", "EventData.Prop_ContainerId": "{ECC1E499-5EFD-039D-5887-23C2BD87E9A7}"}
{"EventID": "301", "Channel": "Microsoft-Windows-DeviceSetupManager/Operational", "Provider_Name": "Microsoft-Windows-DeviceSetupManager", "Computer": "DESKTOP-OFJ6N53", "TimeCreated": "2023-08-09 07:30:59.524908+00:00", "RecordID": "10117", "Level": "4", "UserID": "S-1-5-18", "EventData.Prop_ContainerId": "{C2AFB711-E01D-B859-69EE-8DFDB945EBF1}"}
{"EventID": "301", "Channel": "Microsoft-Windows-DeviceSetupManager/Operational", "Provider_Name": "Microsoft-Windows-DeviceSetupManager", "Computer": "DESKTOP-OFJ6N53", "TimeCreated": "2023-08-09 07:31:02.005264+00:00", "RecordID": "10118", "Level": "4", "UserID": "S-1-5-18", "EventData.Prop_ContainerId": "{F12ED10B-DE75-2C0C-5FA7-C264A3B6CB55}"}
{"EventID": "301", "Channel": "Microsoft-Windows-DeviceSetupManager/Operational", "Provider_Name": "Microsoft-Windows-DeviceSetupManager", "Computer": "DESKTOP-OFJ6N53", "TimeCreated": "2023-08-09 07:31:03.848919+00:00", "RecordID": "10119", "Level": "4", "UserID": "S-1-5-18", "EventData.Prop_ContainerId": "{C641391B-F276-0E02-33FF-F4A08F4AF52E}"}
{"EventID": "300", "Channel": "Microsoft-Windows-DeviceSetupManager/Operational", "Provider_Name": "Microsoft-Windows-DeviceSetupManager", "Computer": "DESKTOP-OFJ6N53", "TimeCreated": "2023-08-10 07:37:09.848577+00:00", "RecordID": "10120", "Level": "4", "UserID": "S-1-5-18", "EventData.Prop_ContainerId": "{3E2858D7-614F-46FE-8511-3C7B087FE6DF}"}
{"EventID": "301", "Channel": "Microsoft-Windows-DeviceSetupManager/Operational", "Provider_Name": "Microsoft-Windows-DeviceSetupManager", "Computer": "DESKTOP-OFJ6N53", "TimeCreated": "2023-08-10 07:37:11.631203+00:00", "RecordID": "10121", "Level": "4", "UserID": "S-1-5-18", "EventData.Prop_ContainerId": "{3E2858D7-614F-46FE-8511-3C7B087FE6DF}"}
{"EventID": "301", "Channel": "Microsoft-Windows-DeviceSetupManager/Operational", "Provider_Name": "Microsoft-Windows-DeviceSetupManager", "Computer": "DESKTOP-OFJ6N53", "TimeCreated": "2023-08-10 07:37:11.845072+00:00", "RecordID": "10122", "Level": "4", "UserID": "S-1-5-18", "EventData.Prop_ContainerId": "{9255C28B-421B-FD2A-4CA7-D7BAC659C1BD}"}
{"EventID": "301", "Channel": "Microsoft-Windows-DeviceSetupManager/Operational", "Provider_Name": "Microsoft-Windows-DeviceSetupManager", "Computer": "DESKTOP-OFJ6N53", "TimeCreated": "2023-08-10 07:37:12.037560+00:00", "RecordID": "10123", "Level": "4", "UserID": "S-1-5-18", "EventData.Prop_ContainerId": "{00000000-0000-0000-FFFF-FFFFFFFFFFFF}"}
{"EventID": "301", "Channel": "Microsoft-Windows-DeviceSetupManager/Operational", "Provider_Name": "Microsoft-Windows-DeviceSetupManager", "Computer": "DESKTOP-OFJ6N53", "TimeCreated": "2023-08-10 07:37:12.582445+00:00", "RecordID": "10124", "Level": "4", "UserID": "S-1-5-18", "EventData.Prop_ContainerId": "{C2AFB711-E01D-B859-69EE-8DFDB945EBF1}"}
{"EventID": "301", "Channel": "Microsoft-Windows-DeviceSetupManager/Operational", "Provider_Name": "Microsoft-Windows-DeviceSetupManager", "Computer": "DESKTOP-OFJ6N53", "TimeCreated": "2023-08-10 07:37:14.323299+00:00", "RecordID": "10125", "Level": "4", "UserID": "S-1-5-18", "EventData.Prop_ContainerId": "{ECC1E499-5EFD-039D-5887-23C2BD87E9A7}"}
{"EventID": "301", "Channel": "Microsoft-Windows-DeviceSetupManager/Operational", "Provider_Name": "Microsoft-Windows-DeviceSetupManager", "Computer": "DESKTOP-OFJ6N53", "TimeCreated": "2023-08-10 07:37:15.556065+00:00", "RecordID": "10126", "Level": "4", "UserID": "S-1-5-18", "EventData.Prop_ContainerId": "{F12ED10B-DE75-2C0C-5FA7-C264A3B6CB55}"}
{"EventID": "301", "Channel": "Microsoft-Windows-DeviceSetupManager/Operational", "Provider_Name": "Microsoft-Windows-DeviceSetupManager", "Computer": "DESKTOP-OFJ6N53", "TimeCreated": "2023-08-10 07:37:16.862242+00:00", "RecordID": "10127", "Level": "4", "UserID": "S-1-5-18", "EventData.Prop_ContainerId": "{C8BA3767-041C-707A-48E3-B5E7FCFD8653}"}
{"EventID": "301", "Channel": "Microsoft-Windows-DeviceSetupManager/Operational", "Provider_Name": "Microsoft-Windows-DeviceSetupManager", "Computer": "DESKTOP-OFJ6N53", "TimeCreated": "2023-08-10 07:37:18.758537+00:00", "RecordID": "10128", "Level": "4", "UserID": "S-1-5-18", "EventData.Prop_ContainerId": "{54F0286C-EA13-0B79-04AC-ED9E98FB1596}"}
{"EventID": "301", "Channel": "Microsoft-Windows-DeviceSetupManager/Operational", "Provider_Name": "Microsoft-Windows-DeviceSetupManager", "Computer": "DESKTOP-OFJ6N53", "TimeCreated": "2023-08-10 07:37:20.555820+00:00", "RecordID": "10129", "Level": "4", "UserID": "S-1-5-18", "EventData.Prop_ContainerId": "{9FDB06AE-3C11-C5C2-6F79-B527957711B5}"}
{"EventID": "301", "Channel": "Microsoft-Windows-DeviceSetupManager/Operational", "Provider_Name": "Microsoft-Windows-DeviceSetupManager", "Computer": "DESKTOP-OFJ6N53", "TimeCreated": "2023-08-10 07:37:21.349134+00:00", "RecordID": "10130", "Level": "4", "UserID": "S-1-5-18", "EventData.Prop_ContainerId": "{C641391B-F276-0E02-33FF-F4A08F4AF52E}"}
{"EventID": "300", "Channel": "Microsoft-Windows-DeviceSetupManager/Operational", "Provider_Name": "Microsoft-Windows-DeviceSetupManager", "Computer": "DESKTOP-OFJ6N53", "TimeCreated": "2023-08-10 07:41:46.020803+00:00", "RecordID": "10131", "Level": "4", "UserID": "S-1-5-18", "EventData.Prop_ContainerId": "{6174B3DE-6B23-41AA-9F7C-7D302475C8DD}"}
{"EventID": "301", "Channel": "Microsoft-Windows-DeviceSetupManager/Operational", "Provider_Name": "Microsoft-Windows-DeviceSetupManager", "Computer": "DESKTOP-OFJ6N53", "TimeCreated": "2023-08-10 07:41:47.021429+00:00", "RecordID": "10132", "Level": "4", "UserID": "S-1-5-18", "EventData.Prop_ContainerId": "{6174B3DE-6B23-41AA-9F7C-7D302475C8DD}"}
{"EventID": "301", "Channel": "Microsoft-Windows-DeviceSetupManager/Operational", "Provider_Name": "Microsoft-Windows-DeviceSetupManager", "Computer": "DESKTOP-OFJ6N53", "TimeCreated": "2023-08-10 07:41:47.140005+00:00", "RecordID": "10133", "Level": "4", "UserID": "S-1-5-18", "EventData.Prop_ContainerId": "{00000000-0000-0000-FFFF-FFFFFFFFFFFF}"}
{"EventID": "301", "Channel": "Microsoft-Windows-DeviceSetupManager/Operational", "Provider_Name": "Microsoft-Windows-DeviceSetupManager", "Computer": "DESKTOP-OFJ6N53", "TimeCreated": "2023-08-10 07:41:47.763672+00:00", "RecordID": "10134", "Level": "4", "UserID": "S-1-5-18", "EventData.Prop_ContainerId": "{9FDB06AE-3C11-C5C2-6F79-B527957711B5}"}
{"EventID": "301", "Channel": "Microsoft-Windows-DeviceSetupManager/Operational", "Provider_Name": "Microsoft-Windows-DeviceSetupManager", "Computer": "DESKTOP-OFJ6N53", "TimeCreated": "2023-08-10 07:41:48.721571+00:00", "RecordID": "10135", "Level": "4", "UserID": "S-1-5-18", "EventData.Prop_ContainerId": "{ECC1E499-5EFD-039D-5887-23C2BD87E9A7}"}
{"EventID": "301", "Channel": "Microsoft-Windows-DeviceSetupManager/Operational", "Provider_Name": "Microsoft-Windows-DeviceSetupManager", "Computer": "DESKTOP-OFJ6N53", "TimeCreated": "2023-08-10 07:41:50.711803+00:00", "RecordID": "10136", "Level": "4", "UserID": "S-1-5-18", "EventData.Prop_ContainerId": "{F12ED10B-DE75-2C0C-5FA7-C264A3B6CB55}"}
{"EventID": "301", "Channel": "Microsoft-Windows-DeviceSetupManager/Operational", "Provider_Name": "Microsoft-Windows-DeviceSetupManager", "Computer": "DESKTOP-OFJ6N53", "TimeCreated": "2023-08-10 07:41:51.118053+00:00", "RecordID": "10137", "Level": "4", "UserID": "S-1-5-18", "EventData.Prop_ContainerId": "{C8BA3767-041C-707A-48E3-B5E7FCFD8653}"}
{"EventID": "301", "Channel": "Microsoft-Windows-DeviceSetupManager/Operational", "Provider_Name": "Microsoft-Windows-DeviceSetupManager", "Computer": "DESKTOP-OFJ6N53", "TimeCreated": "2023-08-10 07:41:52.789114+00:00", "RecordID": "10138", "Level": "4", "UserID": "S-1-5-18", "EventData.Prop_ContainerId": "{C2AFB711-E01D-B859-69EE-8DFDB945EBF1}"}
{"EventID": "301", "Channel": "Microsoft-Windows-DeviceSetupManager/Operational", "Provider_Name": "Microsoft-Windows-DeviceSetupManager", "Computer": "DESKTOP-OFJ6N53", "TimeCreated": "2023-08-10 07:41:54.098957+00:00", "RecordID": "10139", "Level": "4", "UserID": "S-1-5-18", "EventData.Prop_ContainerId": "{9255C28B-421B-FD2A-4CA7-D7BAC659C1BD}"}
{"EventID": "301", "Channel": "Microsoft-Windows-DeviceSetupManager/Operational", "Provider_Name": "Microsoft-Windows-DeviceSetupManager", "Computer": "DESKTOP-OFJ6N53", "TimeCreated": "2023-08-10 07:41:55.259918+00:00", "RecordID": "10140", "Level": "4", "UserID": "S-1-5-18", "EventData.Prop_ContainerId": "{54F0286C-EA13-0B79-04AC-ED9E98FB1596}"}
{"EventID": "301", "Channel": "Microsoft-Windows-DeviceSetupManager/Operational", "Provider_Name": "Microsoft-Windows-DeviceSetupManager", "Computer": "DESKTOP-OFJ6N53", "TimeCreated": "2023-08-10 07:41:55.685671+00:00", "RecordID": "10141", "Level": "4", "UserID": "S-1-5-18", "EventData.Prop_ContainerId": "{C641391B-F276-0E02-33FF-F4A08F4AF52E}"}
{"EventID": "300", "Channel": "Microsoft-Windows-DeviceSetupManager/Operational", "Provider_Name": "Microsoft-Windows-DeviceSetupManager", "Computer": "DESKTOP-OFJ6N53", "TimeCreated": "2023-08-11 11:35:41.749561+00:00", "RecordID": "10142", "Level": "4", "UserID": "S-1-5-18", "EventData.Prop_ContainerId": "{3CA8006F-4437-4247-91DC-04F98BB1FA81}"}
{"EventID": "301", "Channel": "Microsoft-Windows-DeviceSetupManager/Operational", "Provider_Name": "Microsoft-Windows-DeviceSetupManager", "Computer": "DESKTOP-OFJ6N53", "TimeCreated": "2023-08-11 11:35:42.867552+00:00", "RecordID": "10143", "Level": "4", "UserID": "S-1-5-18", "EventData.Prop_ContainerId": "{3CA8006F-4437-4247-91DC-04F98BB1FA81}"}
{"EventID": "301", "Channel": "Microsoft-Windows-DeviceSetupManager/Operational", "Provider_Name": "Microsoft-Windows-DeviceSetupManager", "Computer": "DESKTOP-OFJ6N53", "TimeCreated": "2023-08-11 11:35:43.434185+00:00", "RecordID": "10144", "Level": "4", "UserID": "S-1-5-18", "EventData.Prop_ContainerId": "{00000000-0000-0000-FFFF-FFFFFFFFFFFF}"}
{"EventID": "301", "Channel": "Microsoft-Windows-DeviceSetupManager/Operational", "Provider_Name": "Microsoft-Windows-DeviceSetupManager", "Computer": "DESKTOP-OFJ6N53", "TimeCreated": "2023-08-11 11:35:44.269156+00:00", "RecordID": "10145", "Level": "4", "UserID": "S-1-5-18", "EventData.Prop_ContainerId": "{9255C28B-421B-FD2A-4CA7-D7BAC659C1BD}"}
{"EventID": "301", "Channel": "Microsoft-Windows-DeviceSetupManager/Operational", "Provider_Name": "Microsoft-Windows-DeviceSetupManager", "Computer": "DESKTOP-OFJ6N53", "TimeCreated": "2023-08-11 11:35:46.522926+00:00", "RecordID": "10146", "Level": "4", "UserID": "S-1-5-18", "EventData.Prop_ContainerId": "{ECC1E499-5EFD-039D-5887-23C2BD87E9A7}"}
{"EventID": "301", "Channel": "Microsoft-Windows-DeviceSetupManager/Operational", "Provider_Name": "Microsoft-Windows-DeviceSetupManager", "Computer": "DESKTOP-OFJ6N53", "TimeCreated": "2023-08-11 11:35:49.093943+00:00", "RecordID": "10147", "Level": "4", "UserID": "S-1-5-18", "EventData.Prop_ContainerId": "{54F0286C-EA13-0B79-04AC-ED9E98FB1596}"}
{"EventID": "301", "Channel": "Microsoft-Windows-DeviceSetupManager/Operational", "Provider_Name": "Microsoft-Windows-DeviceSetupManager", "Computer": "DESKTOP-OFJ6N53", "TimeCreated": "2023-08-11 11:35:51.884604+00:00", "RecordID": "10148", "Level": "4", "UserID": "S-1-5-18", "EventData.Prop_ContainerId": "{9FDB06AE-3C11-C5C2-6F79-B527957711B5}"}
{"EventID": "301", "Channel": "Microsoft-Windows-DeviceSetupManager/Operational", "Provider_Name": "Microsoft-Windows-DeviceSetupManager", "Computer": "DESKTOP-OFJ6N53", "TimeCreated": "2023-08-11 11:35:54.586853+00:00", "RecordID": "10149", "Level": "4", "UserID": "S-1-5-18", "EventData.Prop_ContainerId": "{C8BA3767-041C-707A-48E3-B5E7FCFD8653}"}
{"EventID": "301", "Channel": "Microsoft-Windows-DeviceSetupManager/Operational", "Provider_Name": "Microsoft-Windows-DeviceSetupManager", "Computer": "DESKTOP-OFJ6N53", "TimeCreated": "2023-08-11 11:35:55.762293+00:00", "RecordID": "10150", "Level": "4", "UserID": "S-1-5-18", "EventData.Prop_ContainerId": "{C2AFB711-E01D-B859-69EE-8DFDB945EBF1}"}
{"EventID": "301", "Channel": "Microsoft-Windows-DeviceSetupManager/Operational", "Provider_Name": "Microsoft-Windows-DeviceSetupManager", "Computer": "DESKTOP-OFJ6N53", "TimeCreated": "2023-08-11 11:35:56.726437+00:00", "RecordID": "10151", "Level": "4", "UserID": "S-1-5-18", "EventData.Prop_ContainerId": "{C641391B-F276-0E02-33FF-F4A08F4AF52E}"}
{"EventID": "301", "Channel": "Microsoft-Windows-DeviceSetupManager/Operational", "Provider_Name": "Microsoft-Windows-DeviceSetupManager", "Computer": "DESKTOP-OFJ6N53", "TimeCreated": "2023-08-11 11:35:59.687223+00:00", "RecordID": "10152", "Level": "4", "UserID": "S-1-5-18", "EventData.Prop_ContainerId": "{F12ED10B-DE75-2C0C-5FA7-C264A3B6CB55}"}
{"EventID": "300", "Channel": "Microsoft-Windows-DeviceSetupManager/Operational", "Provider_Name": "Microsoft-Windows-DeviceSetupManager", "Computer": "DESKTOP-OFJ6N53", "TimeCreated": "2023-08-11 14:03:09.196701+00:00", "RecordID": "10153", "Level": "4", "UserID": "S-1-5-18", "EventData.Prop_ContainerId": "{2770DA09-5B6A-4916-99F0-694E73D5D9DE}"}
{"EventID": "301", "Channel": "Microsoft-Windows-DeviceSetupManager/Operational", "Provider_Name": "Microsoft-Windows-DeviceSetupManager", "Computer": "DESKTOP-OFJ6N53", "TimeCreated": "2023-08-11 14:03:10.428366+00:00", "RecordID": "10154", "Level": "4", "UserID": "S-1-5-18", "EventData.Prop_ContainerId": "{2770DA09-5B6A-4916-99F0-694E73D5D9DE}"}
{"EventID": "301", "Channel": "Microsoft-Windows-DeviceSetupManager/Operational", "Provider_Name": "Microsoft-Windows-DeviceSetupManager", "Computer": "DESKTOP-OFJ6N53", "TimeCreated": "2023-08-11 14:03:11.268900+00:00", "RecordID": "10155", "Level": "4", "UserID": "S-1-5-18", "EventData.Prop_ContainerId": "{9255C28B-421B-FD2A-4CA7-D7BAC659C1BD}"}
{"EventID": "301", "Channel": "Microsoft-Windows-DeviceSetupManager/Operational", "Provider_Name": "Microsoft-Windows-DeviceSetupManager", "Computer": "DESKTOP-OFJ6N53", "TimeCreated": "2023-08-11 14:03:11.546499+00:00", "RecordID": "10156", "Level": "4", "UserID": "S-1-5-18", "EventData.Prop_ContainerId": "{00000000-0000-0000-FFFF-FFFFFFFFFFFF}"}
{"EventID": "301", "Channel": "Microsoft-Windows-DeviceSetupManager/Operational", "Provider_Name": "Microsoft-Windows-DeviceSetupManager", "Computer": "DESKTOP-OFJ6N53", "TimeCreated": "2023-08-11 14:03:13.140951+00:00", "RecordID": "10157", "Level": "4", "UserID": "S-1-5-18", "EventData.Prop_ContainerId": "{C8BA3767-041C-707A-48E3-B5E7FCFD8653}"}
{"EventID": "301", "Channel": "Microsoft-Windows-DeviceSetupManager/Operational", "Provider_Name": "Microsoft-Windows-DeviceSetupManager", "Computer": "DESKTOP-OFJ6N53", "TimeCreated": "2023-08-11 14:03:15.008125+00:00", "RecordID": "10158", "Level": "4", "UserID": "S-1-5-18", "EventData.Prop_ContainerId": "{9FDB06AE-3C11-C5C2-6F79-B527957711B5}"}
{"EventID": "301", "Channel": "Microsoft-Windows-DeviceSetupManager/Operational", "Provider_Name": "Microsoft-Windows-DeviceSetupManager", "Computer": "DESKTOP-OFJ6N53", "TimeCreated": "2023-08-11 14:03:17.058842+00:00", "RecordID": "10159", "Level": "4", "UserID": "S-1-5-18", "EventData.Prop_ContainerId": "{54F0286C-EA13-0B79-04AC-ED9E98FB1596}"}
{"EventID": "301", "Channel": "Microsoft-Windows-DeviceSetupManager/Operational", "Provider_Name": "Microsoft-Windows-DeviceSetupManager", "Computer": "DESKTOP-OFJ6N53", "TimeCreated": "2023-08-11 14:03:19.337975+00:00", "RecordID": "10160", "Level": "4", "UserID": "S-1-5-18", "EventData.Prop_ContainerId": "{C2AFB711-E01D-B859-69EE-8DFDB945EBF1}"}
{"EventID": "301", "Channel": "Microsoft-Windows-DeviceSetupManager/Operational", "Provider_Name": "Microsoft-Windows-DeviceSetupManager", "Computer": "DESKTOP-OFJ6N53", "TimeCreated": "2023-08-11 14:03:21.150988+00:00", "RecordID": "10161", "Level": "4", "UserID": "S-1-5-18", "EventData.Prop_ContainerId": "{C641391B-F276-0E02-33FF-F4A08F4AF52E}"}
{"EventID": "301", "Channel": "Microsoft-Windows-DeviceSetupManager/Operational", "Provider_Name": "Microsoft-Windows-DeviceSetupManager", "Computer": "DESKTOP-OFJ6N53", "TimeCreated": "2023-08-11 14:03:21.995213+00:00", "RecordID": "10162", "Level": "4", "UserID": "S-1-5-18", "EventData.Prop_ContainerId": "{ECC1E499-5EFD-039D-5887-23C2BD87E9A7}"}
{"EventID": "301", "Channel": "Microsoft-Windows-DeviceSetupManager/Operational", "Provider_Name": "Microsoft-Windows-DeviceSetupManager", "Computer": "DESKTOP-OFJ6N53", "TimeCreated": "2023-08-11 14:03:23.580318+00:00", "RecordID": "10163", "Level": "4", "UserID": "S-1-5-18", "EventData.Prop_ContainerId": "{F12ED10B-DE75-2C0C-5FA7-C264A3B6CB55}"}
{"EventID": "300", "Channel": "Microsoft-Windows-DeviceSetupManager/Operational", "Provider_Name": "Microsoft-Windows-DeviceSetupManager", "Computer": "DESKTOP-OFJ6N53", "TimeCreated": "2023-08-14 07:45:12.616627+00:00", "RecordID": "10164", "Level": "4", "UserID": "S-1-5-18", "EventData.Prop_ContainerId": "{1D020857-B199-4FF9-88D2-6BC2D30A156C}"}
{"EventID": "301", "Channel": "Microsoft-Windows-DeviceSetupManager/Operational", "Provider_Name": "Microsoft-Windows-DeviceSetupManager", "Computer": "DESKTOP-OFJ6N53", "TimeCreated": "2023-08-14 07:45:13.518923+00:00", "RecordID": "10165", "Level": "4", "UserID": "S-1-5-18", "EventData.Prop_ContainerId": "{1D020857-B199-4FF9-88D2-6BC2D30A156C}"}
{"EventID": "301", "Channel": "Microsoft-Windows-DeviceSetupManager/Operational", "Provider_Name": "Microsoft-Windows-DeviceSetupManager", "Computer": "DESKTOP-OFJ6N53", "TimeCreated": "2023-08-14 07:45:13.781801+00:00", "RecordID": "10166", "Level": "4", "UserID": "S-1-5-18", "EventData.Prop_ContainerId": "{00000000-0000-0000-FFFF-FFFFFFFFFFFF}"}
{"EventID": "301", "Channel": "Microsoft-Windows-DeviceSetupManager/Operational", "Provider_Name": "Microsoft-Windows-DeviceSetupManager", "Computer": "DESKTOP-OFJ6N53", "TimeCreated": "2023-08-14 07:45:15.676979+00:00", "RecordID": "10167", "Level": "4", "UserID": "S-1-5-18", "EventData.Prop_ContainerId": "{9255C28B-421B-FD2A-4CA7-D7BAC659C1BD}"}
{"EventID": "301", "Channel": "Microsoft-Windows-DeviceSetupManager/Operational", "Provider_Name": "Microsoft-Windows-DeviceSetupManager", "Computer": "DESKTOP-OFJ6N53", "TimeCreated": "2023-08-14 07:45:17.445446+00:00", "RecordID": "10168", "Level": "4", "UserID": "S-1-5-18", "EventData.Prop_ContainerId": "{ECC1E499-5EFD-039D-5887-23C2BD87E9A7}"}
{"EventID": "301", "Channel": "Microsoft-Windows-DeviceSetupManager/Operational", "Provider_Name": "Microsoft-Windows-DeviceSetupManager", "Computer": "DESKTOP-OFJ6N53", "TimeCreated": "2023-08-14 07:45:19.111206+00:00", "RecordID": "10169", "Level": "4", "UserID": "S-1-5-18", "EventData.Prop_ContainerId": "{F12ED10B-DE75-2C0C-5FA7-C264A3B6CB55}"}
{"EventID": "301", "Channel": "Microsoft-Windows-DeviceSetupManager/Operational", "Provider_Name": "Microsoft-Windows-DeviceSetupManager", "Computer": "DESKTOP-OFJ6N53", "TimeCreated": "2023-08-14 07:45:19.961699+00:00", "RecordID": "10170", "Level": "4", "UserID": "S-1-5-18", "EventData.Prop_ContainerId": "{C641391B-F276-0E02-33FF-F4A08F4AF52E}"}
{"EventID": "301", "Channel": "Microsoft-Windows-DeviceSetupManager/Operational", "Provider_Name": "Microsoft-Windows-DeviceSetupManager", "Computer": "DESKTOP-OFJ6N53", "TimeCreated": "2023-08-14 07:45:21.738363+00:00", "RecordID": "10171", "Level": "4", "UserID": "S-1-5-18", "EventData.Prop_ContainerId": "{9FDB06AE-3C11-C5C2-6F79-B527957711B5}"}
{"EventID": "301", "Channel": "Microsoft-Windows-DeviceSetupManager/Operational", "Provider_Name": "Microsoft-Windows-DeviceSetupManager", "Computer": "DESKTOP-OFJ6N53", "TimeCreated": "2023-08-14 07:45:23.078726+00:00", "RecordID": "10172", "Level": "4", "UserID": "S-1-5-18", "EventData.Prop_ContainerId": "{C2AFB711-E01D-B859-69EE-8DFDB945EBF1}"}
{"EventID": "301", "Channel": "Microsoft-Windows-DeviceSetupManager/Operational", "Provider_Name": "Microsoft-Windows-DeviceSetupManager", "Computer": "DESKTOP-OFJ6N53", "TimeCreated": "2023-08-14 07:45:24.654070+00:00", "RecordID": "10173", "Level": "4", "UserID": "S-1-5-18", "EventData.Prop_ContainerId": "{54F0286C-EA13-0B79-04AC-ED9E98FB1596}"}
{"EventID": "301", "Channel": "Microsoft-Windows-DeviceSetupManager/Operational", "Provider_Name": "Microsoft-Windows-DeviceSetupManager", "Computer": "DESKTOP-OFJ6N53", "TimeCreated": "2023-08-14 07:45:26.949528+00:00", "RecordID": "10174", "Level": "4", "UserID": "S-1-5-18", "EventData.Prop_ContainerId": "{C8BA3767-041C-707A-48E3-B5E7FCFD8653}"}
{"EventID": "300", "Channel": "Microsoft-Windows-DeviceSetupManager/Operational", "Provider_Name": "Microsoft-Windows-DeviceSetupManager", "Computer": "DESKTOP-OFJ6N53", "TimeCreated": "2023-08-14 17:00:35.432686+00:00", "RecordID": "10175", "Level": "4", "UserID": "S-1-5-18", "EventData.Prop_ContainerId": "{0B919E04-77EA-448A-A881-33CCAC68508E}"}
{"EventID": "301", "Channel": "Microsoft-Windows-DeviceSetupManager/Operational", "Provider_Name": "Microsoft-Windows-DeviceSetupManager", "Computer": "DESKTOP-OFJ6N53", "TimeCreated": "2023-08-14 17:00:36.072437+00:00", "RecordID": "10176", "Level": "4", "UserID": "S-1-5-18", "EventData.Prop_ContainerId": "{0B919E04-77EA-448A-A881-33CCAC68508E}"}
{"EventID": "301", "Channel": "Microsoft-Windows-DeviceSetupManager/Operational", "Provider_Name": "Microsoft-Windows-DeviceSetupManager", "Computer": "DESKTOP-OFJ6N53", "TimeCreated": "2023-08-14 17:00:36.334963+00:00", "RecordID": "10177", "Level": "4", "UserID": "S-1-5-18", "EventData.Prop_ContainerId": "{00000000-0000-0000-FFFF-FFFFFFFFFFFF}"}
{"EventID": "301", "Channel": "Microsoft-Windows-DeviceSetupManager/Operational", "Provider_Name": "Microsoft-Windows-DeviceSetupManager", "Computer": "DESKTOP-OFJ6N53", "TimeCreated": "2023-08-14 17:00:37.819794+00:00", "RecordID": "10178", "Level": "4", "UserID": "S-1-5-18", "EventData.Prop_ContainerId": "{9255C28B-421B-FD2A-4CA7-D7BAC659C1BD}"}
{"EventID": "301", "Channel": "Microsoft-Windows-DeviceSetupManager/Operational", "Provider_Name": "Microsoft-Windows-DeviceSetupManager", "Computer": "DESKTOP-OFJ6N53", "TimeCreated": "2023-08-14 17:00:38.979633+00:00", "RecordID": "10179", "Level": "4", "UserID": "S-1-5-18", "EventData.Prop_ContainerId": "{ECC1E499-5EFD-039D-5887-23C2BD87E9A7}"}
{"EventID": "301", "Channel": "Microsoft-Windows-DeviceSetupManager/Operational", "Provider_Name": "Microsoft-Windows-DeviceSetupManager", "Computer": "DESKTOP-OFJ6N53", "TimeCreated": "2023-08-14 17:00:41.099133+00:00", "RecordID": "10180", "Level": "4", "UserID": "S-1-5-18", "EventData.Prop_ContainerId": "{F12ED10B-DE75-2C0C-5FA7-C264A3B6CB55}"}
{"EventID": "301", "Channel": "Microsoft-Windows-DeviceSetupManager/Operational", "Provider_Name": "Microsoft-Windows-DeviceSetupManager", "Computer": "DESKTOP-OFJ6N53", "TimeCreated": "2023-08-14 17:00:42.074940+00:00", "RecordID": "10181", "Level": "4", "UserID": "S-1-5-18", "EventData.Prop_ContainerId": "{C641391B-F276-0E02-33FF-F4A08F4AF52E}"}
{"EventID": "301", "Channel": "Microsoft-Windows-DeviceSetupManager/Operational", "Provider_Name": "Microsoft-Windows-DeviceSetupManager", "Computer": "DESKTOP-OFJ6N53", "TimeCreated": "2023-08-14 17:00:42.345343+00:00", "RecordID": "10182", "Level": "4", "UserID": "S-1-5-18", "EventData.Prop_ContainerId": "{C8BA3767-041C-707A-48E3-B5E7FCFD8653}"}
{"EventID": "301", "Channel": "Microsoft-Windows-DeviceSetupManager/Operational", "Provider_Name": "Microsoft-Windows-DeviceSetupManager", "Computer": "DESKTOP-OFJ6N53", "TimeCreated": "2023-08-14 17:00:43.444481+00:00", "RecordID": "10183", "Level": "4", "UserID": "S-1-5-18", "EventData.Prop_ContainerId": "{C2AFB711-E01D-B859-69EE-8DFDB945EBF1}"}
{"EventID": "301", "Channel": "Microsoft-Windows-DeviceSetupManager/Operational", "Provider_Name": "Microsoft-Windows-DeviceSetupManager", "Computer": "DESKTOP-OFJ6N53", "TimeCreated": "2023-08-14 17:00:44.170635+00:00", "RecordID": "10184", "Level": "4", "UserID": "S-1-5-18", "EventData.Prop_ContainerId": "{9FDB06AE-3C11-C5C2-6F79-B527957711B5}"}
{"EventID": "301", "Channel": "Microsoft-Windows-DeviceSetupManager/Operational", "Provider_Name": "Microsoft-Windows-DeviceSetupManager", "Computer": "DESKTOP-OFJ6N53", "TimeCreated": "2023-08-14 17:00:45.532866+00:00", "RecordID": "10185", "Level": "4", "UserID": "S-1-5-18", "EventData.Prop_ContainerId": "{54F0286C-EA13-0B79-04AC-ED9E98FB1596}"}
{"EventID": "300", "Channel": "Microsoft-Windows-DeviceSetupManager/Operational", "Provider_Name": "Microsoft-Windows-DeviceSetupManager", "Computer": "DESKTOP-OFJ6N53", "TimeCreated": "2023-08-15 12:13:34.800663+00:00", "RecordID": "10186", "Level": "4", "UserID": "S-1-5-18", "EventData.Prop_ContainerId": "{F16D73A3-898E-49B4-AD01-D21EA52C26E0}"}
{"EventID": "301", "Channel": "Microsoft-Windows-DeviceSetupManager/Operational", "Provider_Name": "Microsoft-Windows-DeviceSetupManager", "Computer": "DESKTOP-OFJ6N53", "TimeCreated": "2023-08-15 12:13:35.785662+00:00", "RecordID": "10187", "Level": "4", "UserID": "S-1-5-18", "EventData.Prop_ContainerId": "{F16D73A3-898E-49B4-AD01-D21EA52C26E0}"}
{"EventID": "301", "Channel": "Microsoft-Windows-DeviceSetupManager/Operational", "Provider_Name": "Microsoft-Windows-DeviceSetupManager", "Computer": "DESKTOP-OFJ6N53", "TimeCreated": "2023-08-15 12:13:35.902506+00:00", "RecordID": "10188", "Level": "4", "UserID": "S-1-5-18", "EventData.Prop_ContainerId": "{9255C28B-421B-FD2A-4CA7-D7BAC659C1BD}"}
{"EventID": "301", "Channel": "Microsoft-Windows-DeviceSetupManager/Operational", "Provider_Name": "Microsoft-Windows-DeviceSetupManager", "Computer": "DESKTOP-OFJ6N53", "TimeCreated": "2023-08-15 12:13:36.009750+00:00", "RecordID": "10189", "Level": "4", "UserID": "S-1-5-18", "EventData.Prop_ContainerId": "{00000000-0000-0000-FFFF-FFFFFFFFFFFF}"}
{"EventID": "301", "Channel": "Microsoft-Windows-DeviceSetupManager/Operational", "Provider_Name": "Microsoft-Windows-DeviceSetupManager", "Computer": "DESKTOP-OFJ6N53", "TimeCreated": "2023-08-15 12:13:37.736170+00:00", "RecordID": "10190", "Level": "4", "UserID": "S-1-5-18", "EventData.Prop_ContainerId": "{C2AFB711-E01D-B859-69EE-8DFDB945EBF1}"}
{"EventID": "301", "Channel": "Microsoft-Windows-DeviceSetupManager/Operational", "Provider_Name": "Microsoft-Windows-DeviceSetupManager", "Computer": "DESKTOP-OFJ6N53", "TimeCreated": "2023-08-15 12:13:39.483131+00:00", "RecordID": "10191", "Level": "4", "UserID": "S-1-5-18", "EventData.Prop_ContainerId": "{F12ED10B-DE75-2C0C-5FA7-C264A3B6CB55}"}
{"EventID": "301", "Channel": "Microsoft-Windows-DeviceSetupManager/Operational", "Provider_Name": "Microsoft-Windows-DeviceSetupManager", "Computer": "DESKTOP-OFJ6N53", "TimeCreated": "2023-08-15 12:13:40.917616+00:00", "RecordID": "10192", "Level": "4", "UserID": "S-1-5-18", "EventData.Prop_ContainerId": "{C641391B-F276-0E02-33FF-F4A08F4AF52E}"}
{"EventID": "301", "Channel": "Microsoft-Windows-DeviceSetupManager/Operational", "Provider_Name": "Microsoft-Windows-DeviceSetupManager", "Computer": "DESKTOP-OFJ6N53", "TimeCreated": "2023-08-15 12:13:43.233549+00:00", "RecordID": "10193", "Level": "4", "UserID": "S-1-5-18", "EventData.Prop_ContainerId": "{9FDB06AE-3C11-C5C2-6F79-B527957711B5}"}
{"EventID": "301", "Channel": "Microsoft-Windows-DeviceSetupManager/Operational", "Provider_Name": "Microsoft-Windows-DeviceSetupManager", "Computer": "DESKTOP-OFJ6N53", "TimeCreated": "2023-08-15 12:13:44.754269+00:00", "RecordID": "10194", "Level": "4", "UserID": "S-1-5-18", "EventData.Prop_ContainerId": "{C8BA3767-041C-707A-48E3-B5E7FCFD8653}"}
{"EventID": "301", "Channel": "Microsoft-Windows-DeviceSetupManager/Operational", "Provider_Name": "Microsoft-Windows-DeviceSetupManager", "Computer": "DESKTOP-OFJ6N53", "TimeCreated": "2023-08-15 12:13:45.583612+00:00", "RecordID": "10195", "Level": "4", "UserID": "S-1-5-18", "EventData.Prop_ContainerId": "{ECC1E499-5EFD-039D-5887-23C2BD87E9A7}"}
{"EventID": "301", "Channel": "Microsoft-Windows-DeviceSetupManager/Operational", "Provider_Name": "Microsoft-Windows-DeviceSetupManager", "Computer": "DESKTOP-OFJ6N53", "TimeCreated": "2023-08-15 12:13:46.983250+00:00", "RecordID": "10196", "Level": "4", "UserID": "S-1-5-18", "EventData.Prop_ContainerId": "{54F0286C-EA13-0B79-04AC-ED9E98FB1596}"}
{"EventID": "300", "Channel": "Microsoft-Windows-DeviceSetupManager/Operational", "Provider_Name": "Microsoft-Windows-DeviceSetupManager", "Computer": "DESKTOP-OFJ6N53", "TimeCreated": "2023-08-15 12:57:33.846720+00:00", "RecordID": "10197", "Level": "4", "UserID": "S-1-5-18", "EventData.Prop_ContainerId": "{C2CC635F-77F5-4E36-9CBE-AA821396F5FE}"}
{"EventID": "301", "Channel": "Microsoft-Windows-DeviceSetupManager/Operational", "Provider_Name": "Microsoft-Windows-DeviceSetupManager", "Computer": "DESKTOP-OFJ6N53", "TimeCreated": "2023-08-15 12:57:34.952202+00:00", "RecordID": "10198", "Level": "4", "UserID": "S-1-5-18", "EventData.Prop_ContainerId": "{C2CC635F-77F5-4E36-9CBE-AA821396F5FE}"}
{"EventID": "301", "Channel": "Microsoft-Windows-DeviceSetupManager/Operational", "Provider_Name": "Microsoft-Windows-DeviceSetupManager", "Computer": "DESKTOP-OFJ6N53", "TimeCreated": "2023-08-15 12:57:35.311573+00:00", "RecordID": "10199", "Level": "4", "UserID": "S-1-5-18", "EventData.Prop_ContainerId": "{00000000-0000-0000-FFFF-FFFFFFFFFFFF}"}
{"EventID": "301", "Channel": "Microsoft-Windows-DeviceSetupManager/Operational", "Provider_Name": "Microsoft-Windows-DeviceSetupManager", "Computer": "DESKTOP-OFJ6N53", "TimeCreated": "2023-08-15 12:57:35.571890+00:00", "RecordID": "10200", "Level": "4", "UserID": "S-1-5-18", "EventData.Prop_ContainerId": "{9FDB06AE-3C11-C5C2-6F79-B527957711B5}"}
{"EventID": "301", "Channel": "Microsoft-Windows-DeviceSetupManager/Operational", "Provider_Name": "Microsoft-Windows-DeviceSetupManager", "Computer": "DESKTOP-OFJ6N53", "TimeCreated": "2023-08-15 12:57:36.531652+00:00", "RecordID": "10201", "Level": "4", "UserID": "S-1-5-18", "EventData.Prop_ContainerId": "{9255C28B-421B-FD2A-4CA7-D7BAC659C1BD}"}
{"EventID": "301", "Channel": "Microsoft-Windows-DeviceSetupManager/Operational", "Provider_Name": "Microsoft-Windows-DeviceSetupManager", "Computer": "DESKTOP-OFJ6N53", "TimeCreated": "2023-08-15 12:57:37.484140+00:00", "RecordID": "10202", "Level": "4", "UserID": "S-1-5-18", "EventData.Prop_ContainerId": "{54F0286C-EA13-0B79-04AC-ED9E98FB1596}"}
{"EventID": "301", "Channel": "Microsoft-Windows-DeviceSetupManager/Operational", "Provider_Name": "Microsoft-Windows-DeviceSetupManager", "Computer": "DESKTOP-OFJ6N53", "TimeCreated": "2023-08-15 12:57:39.097589+00:00", "RecordID": "10203", "Level": "4", "UserID": "S-1-5-18", "EventData.Prop_ContainerId": "{C8BA3767-041C-707A-48E3-B5E7FCFD8653}"}
{"EventID": "301", "Channel": "Microsoft-Windows-DeviceSetupManager/Operational", "Provider_Name": "Microsoft-Windows-DeviceSetupManager", "Computer": "DESKTOP-OFJ6N53", "TimeCreated": "2023-08-15 12:57:40.004128+00:00", "RecordID": "10204", "Level": "4", "UserID": "S-1-5-18", "EventData.Prop_ContainerId": "{C2AFB711-E01D-B859-69EE-8DFDB945EBF1}"}
{"EventID": "301", "Channel": "Microsoft-Windows-DeviceSetupManager/Operational", "Provider_Name": "Microsoft-Windows-DeviceSetupManager", "Computer": "DESKTOP-OFJ6N53", "TimeCreated": "2023-08-15 12:57:41.854160+00:00", "RecordID": "10205", "Level": "4", "UserID": "S-1-5-18", "EventData.Prop_ContainerId": "{ECC1E499-5EFD-039D-5887-23C2BD87E9A7}"}
{"EventID": "301", "Channel": "Microsoft-Windows-DeviceSetupManager/Operational", "Provider_Name": "Microsoft-Windows-DeviceSetupManager", "Computer": "DESKTOP-OFJ6N53", "TimeCreated": "2023-08-15 12:57:43.743345+00:00", "RecordID": "10206", "Level": "4", "UserID": "S-1-5-18", "EventData.Prop_ContainerId": "{F12ED10B-DE75-2C0C-5FA7-C264A3B6CB55}"}
{"EventID": "301", "Channel": "Microsoft-Windows-DeviceSetupManager/Operational", "Provider_Name": "Microsoft-Windows-DeviceSetupManager", "Computer": "DESKTOP-OFJ6N53", "TimeCreated": "2023-08-15 12:57:45.784842+00:00", "RecordID": "10207", "Level": "4", "UserID": "S-1-5-18", "EventData.Prop_ContainerId": "{C641391B-F276-0E02-33FF-F4A08F4AF52E}"}
{"EventID": "300", "Channel": "Microsoft-Windows-DeviceSetupManager/Operational", "Provider_Name": "Microsoft-Windows-DeviceSetupManager", "Computer": "DESKTOP-OFJ6N53", "TimeCreated": "2023-08-16 09:59:13.203819+00:00", "RecordID": "10208", "Level": "4", "UserID": "S-1-5-18", "EventData.Prop_ContainerId": "{B3DBCE20-7CAB-46A9-8EB6-7716CECC1C5C}"}
{"EventID": "301", "Channel": "Microsoft-Windows-DeviceSetupManager/Operational", "Provider_Name": "Microsoft-Windows-DeviceSetupManager", "Computer": "DESKTOP-OFJ6N53", "TimeCreated": "2023-08-16 09:59:14.731707+00:00", "RecordID": "10209", "Level": "4", "UserID": "S-1-5-18", "EventData.Prop_ContainerId": "{B3DBCE20-7CAB-46A9-8EB6-7716CECC1C5C}"}
{"EventID": "301", "Channel": "Microsoft-Windows-DeviceSetupManager/Operational", "Provider_Name": "Microsoft-Windows-DeviceSetupManager", "Computer": "DESKTOP-OFJ6N53", "TimeCreated": "2023-08-16 09:59:14.917826+00:00", "RecordID": "10210", "Level": "4", "UserID": "S-1-5-18", "EventData.Prop_ContainerId": "{9255C28B-421B-FD2A-4CA7-D7BAC659C1BD}"}
{"EventID": "301", "Channel": "Microsoft-Windows-DeviceSetupManager/Operational", "Provider_Name": "Microsoft-Windows-DeviceSetupManager", "Computer": "DESKTOP-OFJ6N53", "TimeCreated": "2023-08-16 09:59:15.129042+00:00", "RecordID": "10211", "Level": "4", "UserID": "S-1-5-18", "EventData.Prop_ContainerId": "{00000000-0000-0000-FFFF-FFFFFFFFFFFF}"}
{"EventID": "301", "Channel": "Microsoft-Windows-DeviceSetupManager/Operational", "Provider_Name": "Microsoft-Windows-DeviceSetupManager", "Computer": "DESKTOP-OFJ6N53", "TimeCreated": "2023-08-16 09:59:16.664474+00:00", "RecordID": "10212", "Level": "4", "UserID": "S-1-5-18", "EventData.Prop_ContainerId": "{ECC1E499-5EFD-039D-5887-23C2BD87E9A7}"}
{"EventID": "301", "Channel": "Microsoft-Windows-DeviceSetupManager/Operational", "Provider_Name": "Microsoft-Windows-DeviceSetupManager", "Computer": "DESKTOP-OFJ6N53", "TimeCreated": "2023-08-16 09:59:17.602501+00:00", "RecordID": "10213", "Level": "4", "UserID": "S-1-5-18", "EventData.Prop_ContainerId": "{9FDB06AE-3C11-C5C2-6F79-B527957711B5}"}
{"EventID": "301", "Channel": "Microsoft-Windows-DeviceSetupManager/Operational", "Provider_Name": "Microsoft-Windows-DeviceSetupManager", "Computer": "DESKTOP-OFJ6N53", "TimeCreated": "2023-08-16 09:59:19.509909+00:00", "RecordID": "10214", "Level": "4", "UserID": "S-1-5-18", "EventData.Prop_ContainerId": "{F12ED10B-DE75-2C0C-5FA7-C264A3B6CB55}"}
{"EventID": "301", "Channel": "Microsoft-Windows-DeviceSetupManager/Operational", "Provider_Name": "Microsoft-Windows-DeviceSetupManager", "Computer": "DESKTOP-OFJ6N53", "TimeCreated": "2023-08-16 09:59:21.659140+00:00", "RecordID": "10215", "Level": "4", "UserID": "S-1-5-18", "EventData.Prop_ContainerId": "{C641391B-F276-0E02-33FF-F4A08F4AF52E}"}
{"EventID": "301", "Channel": "Microsoft-Windows-DeviceSetupManager/Operational", "Provider_Name": "Microsoft-Windows-DeviceSetupManager", "Computer": "DESKTOP-OFJ6N53", "TimeCreated": "2023-08-16 09:59:22.783363+00:00", "RecordID": "10216", "Level": "4", "UserID": "S-1-5-18", "EventData.Prop_ContainerId": "{C2AFB711-E01D-B859-69EE-8DFDB945EBF1}"}
{"EventID": "301", "Channel": "Microsoft-Windows-DeviceSetupManager/Operational", "Provider_Name": "Microsoft-Windows-DeviceSetupManager", "Computer": "DESKTOP-OFJ6N53", "TimeCreated": "2023-08-16 09:59:23.821329+00:00", "RecordID": "10217", "Level": "4", "UserID": "S-1-5-18", "EventData.Prop_ContainerId": "{C8BA3767-041C-707A-48E3-B5E7FCFD8653}"}
{"EventID": "301", "Channel": "Microsoft-Windows-DeviceSetupManager/Operational", "Provider_Name": "Microsoft-Windows-DeviceSetupManager", "Computer": "DESKTOP-OFJ6N53", "TimeCreated": "2023-08-16 09:59:26.309013+00:00", "RecordID": "10218", "Level": "4", "UserID": "S-1-5-18", "EventData.Prop_ContainerId": "{54F0286C-EA13-0B79-04AC-ED9E98FB1596}"}
{"EventID": "300", "Channel": "Microsoft-Windows-DeviceSetupManager/Operational", "Provider_Name": "Microsoft-Windows-DeviceSetupManager", "Computer": "DESKTOP-OFJ6N53", "TimeCreated": "2023-08-16 10:00:49.394482+00:00", "RecordID": "10219", "Level": "4", "UserID": "S-1-5-18", "EventData.Prop_ContainerId": "{76166597-9EDE-407F-80E5-C04BC2DABEB1}"}
{"EventID": "301", "Channel": "Microsoft-Windows-DeviceSetupManager/Operational", "Provider_Name": "Microsoft-Windows-DeviceSetupManager", "Computer": "DESKTOP-OFJ6N53", "TimeCreated": "2023-08-16 10:00:52.251734+00:00", "RecordID": "10220", "Level": "4", "UserID": "S-1-5-18", "EventData.Prop_ContainerId": "{76166597-9EDE-407F-80E5-C04BC2DABEB1}"}
{"EventID": "301", "Channel": "Microsoft-Windows-DeviceSetupManager/Operational", "Provider_Name": "Microsoft-Windows-DeviceSetupManager", "Computer": "DESKTOP-OFJ6N53", "TimeCreated": "2023-08-16 10:00:52.573608+00:00", "RecordID": "10221", "Level": "4", "UserID": "S-1-5-18", "EventData.Prop_ContainerId": "{9255C28B-421B-FD2A-4CA7-D7BAC659C1BD}"}
{"EventID": "301", "Channel": "Microsoft-Windows-DeviceSetupManager/Operational", "Provider_Name": "Microsoft-Windows-DeviceSetupManager", "Computer": "DESKTOP-OFJ6N53", "TimeCreated": "2023-08-16 10:00:53.899973+00:00", "RecordID": "10222", "Level": "4", "UserID": "S-1-5-18", "EventData.Prop_ContainerId": "{00000000-0000-0000-FFFF-FFFFFFFFFFFF}"}
{"EventID": "301", "Channel": "Microsoft-Windows-DeviceSetupManager/Operational", "Provider_Name": "Microsoft-Windows-DeviceSetupManager", "Computer": "DESKTOP-OFJ6N53", "TimeCreated": "2023-08-16 10:00:54.439402+00:00", "RecordID": "10223", "Level": "4", "UserID": "S-1-5-18", "EventData.Prop_ContainerId": "{ECC1E499-5EFD-039D-5887-23C2BD87E9A7}"}
{"EventID": "301", "Channel": "Microsoft-Windows-DeviceSetupManager/Operational", "Provider_Name": "Microsoft-Windows-DeviceSetupManager", "Computer": "DESKTOP-OFJ6N53", "TimeCreated": "2023-08-16 10:00:54.724249+00:00", "RecordID": "10224", "Level": "4", "UserID": "S-1-5-18", "EventData.Prop_ContainerId": "{F12ED10B-DE75-2C0C-5FA7-C264A3B6CB55}"}
{"EventID": "301", "Channel": "Microsoft-Windows-DeviceSetupManager/Operational", "Provider_Name": "Microsoft-Windows-DeviceSetupManager", "Computer": "DESKTOP-OFJ6N53", "TimeCreated": "2023-08-16 10:00:55.193003+00:00", "RecordID": "10225", "Level": "4", "UserID": "S-1-5-18", "EventData.Prop_ContainerId": "{C641391B-F276-0E02-33FF-F4A08F4AF52E}"}
{"EventID": "301", "Channel": "Microsoft-Windows-DeviceSetupManager/Operational", "Provider_Name": "Microsoft-Windows-DeviceSetupManager", "Computer": "DESKTOP-OFJ6N53", "TimeCreated": "2023-08-16 10:00:57.521690+00:00", "RecordID": "10226", "Level": "4", "UserID": "S-1-5-18", "EventData.Prop_ContainerId": "{9FDB06AE-3C11-C5C2-6F79-B527957711B5}"}
{"EventID": "301", "Channel": "Microsoft-Windows-DeviceSetupManager/Operational", "Provider_Name": "Microsoft-Windows-DeviceSetupManager", "Computer": "DESKTOP-OFJ6N53", "TimeCreated": "2023-08-16 10:00:59.111794+00:00", "RecordID": "10227", "Level": "4", "UserID": "S-1-5-18", "EventData.Prop_ContainerId": "{C2AFB711-E01D-B859-69EE-8DFDB945EBF1}"}
{"EventID": "301", "Channel": "Microsoft-Windows-DeviceSetupManager/Operational", "Provider_Name": "Microsoft-Windows-DeviceSetupManager", "Computer": "DESKTOP-OFJ6N53", "TimeCreated": "2023-08-16 10:00:59.936831+00:00", "RecordID": "10228", "Level": "4", "UserID": "S-1-5-18", "EventData.Prop_ContainerId": "{C8BA3767-041C-707A-48E3-B5E7FCFD8653}"}
{"EventID": "301", "Channel": "Microsoft-Windows-DeviceSetupManager/Operational", "Provider_Name": "Microsoft-Windows-DeviceSetupManager", "Computer": "DESKTOP-OFJ6N53", "TimeCreated": "2023-08-16 10:01:01.659922+00:00", "RecordID": "10229", "Level": "4", "UserID": "S-1-5-18", "EventData.Prop_ContainerId": "{54F0286C-EA13-0B79-04AC-ED9E98FB1596}"}
{"EventID": "301", "Channel": "Microsoft-Windows-DeviceSetupManager/Operational", "Provider_Name": "Microsoft-Windows-DeviceSetupManager", "Computer": "DESKTOP-OFJ6N53", "TimeCreated": "2023-08-17 19:54:06.497986+00:00", "RecordID": "10230", "Level": "4", "UserID": "S-1-5-18", "EventData.Prop_ContainerId": "{00000000-0000-0000-FFFF-FFFFFFFFFFFF}"}
{"EventID": "301", "Channel": "Microsoft-Windows-DeviceSetupManager/Operational", "Provider_Name": "Microsoft-Windows-DeviceSetupManager", "Computer": "DESKTOP-OFJ6N53", "TimeCreated": "2023-08-18 10:00:27.832844+00:00", "RecordID": "10231", "Level": "4", "UserID": "S-1-5-18", "EventData.Prop_ContainerId": "{2572A948-954B-11EC-A6B8-806E6F6E6963}"}
{"EventID": "301", "Channel": "Microsoft-Windows-DeviceSetupManager/Operational", "Provider_Name": "Microsoft-Windows-DeviceSetupManager", "Computer": "DESKTOP-OFJ6N53", "TimeCreated": "2023-08-18 10:00:28.107260+00:00", "RecordID": "10232", "Level": "4", "UserID": "S-1-5-18", "EventData.Prop_ContainerId": "{B01CB9B2-9E9C-11EC-A6BD-00059A3C7A00}"}
{"EventID": "301", "Channel": "Microsoft-Windows-DeviceSetupManager/Operational", "Provider_Name": "Microsoft-Windows-DeviceSetupManager", "Computer": "DESKTOP-OFJ6N53", "TimeCreated": "2023-08-18 10:00:28.363026+00:00", "RecordID": "10233", "Level": "4", "UserID": "S-1-5-18", "EventData.Prop_ContainerId": "{CA0E9E80-3E97-FCAC-730A-8CB080FA2581}"}
{"EventID": "301", "Channel": "Microsoft-Windows-DeviceSetupManager/Operational", "Provider_Name": "Microsoft-Windows-DeviceSetupManager", "Computer": "DESKTOP-OFJ6N53", "TimeCreated": "2023-08-18 10:00:28.638346+00:00", "RecordID": "10234", "Level": "4", "UserID": "S-1-5-18", "EventData.Prop_ContainerId": "{2572A968-954B-11EC-A6B8-806E6F6E6963}"}
{"EventID": "301", "Channel": "Microsoft-Windows-DeviceSetupManager/Operational", "Provider_Name": "Microsoft-Windows-DeviceSetupManager", "Computer": "DESKTOP-OFJ6N53", "TimeCreated": "2023-08-18 10:00:28.968929+00:00", "RecordID": "10235", "Level": "4", "UserID": "S-1-5-18", "EventData.Prop_ContainerId": "{0A568158-2954-F19C-89F3-03ACAEE1F85E}"}
{"EventID": "301", "Channel": "Microsoft-Windows-DeviceSetupManager/Operational", "Provider_Name": "Microsoft-Windows-DeviceSetupManager", "Computer": "DESKTOP-OFJ6N53", "TimeCreated": "2023-08-18 10:00:29.215826+00:00", "RecordID": "10236", "Level": "4", "UserID": "S-1-5-18", "EventData.Prop_ContainerId": "{2572A954-954B-11EC-A6B8-806E6F6E6963}"}
{"EventID": "301", "Channel": "Microsoft-Windows-DeviceSetupManager/Operational", "Provider_Name": "Microsoft-Windows-DeviceSetupManager", "Computer": "DESKTOP-OFJ6N53", "TimeCreated": "2023-08-18 10:00:29.475714+00:00", "RecordID": "10237", "Level": "4", "UserID": "S-1-5-18", "EventData.Prop_ContainerId": "{EB3E824A-9B15-11EC-A6BD-00059A3C7A00}"}
{"EventID": "301", "Channel": "Microsoft-Windows-DeviceSetupManager/Operational", "Provider_Name": "Microsoft-Windows-DeviceSetupManager", "Computer": "DESKTOP-OFJ6N53", "TimeCreated": "2023-08-18 10:00:29.732317+00:00", "RecordID": "10238", "Level": "4", "UserID": "S-1-5-18", "EventData.Prop_ContainerId": "{EB3E8249-9B15-11EC-A6BD-00059A3C7A00}"}
{"EventID": "301", "Channel": "Microsoft-Windows-DeviceSetupManager/Operational", "Provider_Name": "Microsoft-Windows-DeviceSetupManager", "Computer": "DESKTOP-OFJ6N53", "TimeCreated": "2023-08-18 10:00:29.982397+00:00", "RecordID": "10239", "Level": "4", "UserID": "S-1-5-18", "EventData.Prop_ContainerId": "{2572A949-954B-11EC-A6B8-806E6F6E6963}"}
{"EventID": "301", "Channel": "Microsoft-Windows-DeviceSetupManager/Operational", "Provider_Name": "Microsoft-Windows-DeviceSetupManager", "Computer": "DESKTOP-OFJ6N53", "TimeCreated": "2023-08-18 10:00:30.239635+00:00", "RecordID": "10240", "Level": "4", "UserID": "S-1-5-18", "EventData.Prop_ContainerId": "{298580E3-E0E9-5B21-9699-52225753EF2E}"}
{"EventID": "301", "Channel": "Microsoft-Windows-DeviceSetupManager/Operational", "Provider_Name": "Microsoft-Windows-DeviceSetupManager", "Computer": "DESKTOP-OFJ6N53", "TimeCreated": "2023-08-18 10:00:30.499556+00:00", "RecordID": "10241", "Level": "4", "UserID": "S-1-5-18", "EventData.Prop_ContainerId": "{2572A947-954B-11EC-A6B8-806E6F6E6963}"}
{"EventID": "301", "Channel": "Microsoft-Windows-DeviceSetupManager/Operational", "Provider_Name": "Microsoft-Windows-DeviceSetupManager", "Computer": "DESKTOP-OFJ6N53", "TimeCreated": "2023-08-18 10:00:30.748442+00:00", "RecordID": "10242", "Level": "4", "UserID": "S-1-5-18", "EventData.Prop_ContainerId": "{D48384F2-EA6A-1C60-7C38-8B496974A0A5}"}
{"EventID": "301", "Channel": "Microsoft-Windows-DeviceSetupManager/Operational", "Provider_Name": "Microsoft-Windows-DeviceSetupManager", "Computer": "DESKTOP-OFJ6N53", "TimeCreated": "2023-08-18 10:00:30.996157+00:00", "RecordID": "10243", "Level": "4", "UserID": "S-1-5-18", "EventData.Prop_ContainerId": "{CE0FA189-B34B-408B-912A-0A3BC6D602AD}"}
{"EventID": "301", "Channel": "Microsoft-Windows-DeviceSetupManager/Operational", "Provider_Name": "Microsoft-Windows-DeviceSetupManager", "Computer": "DESKTOP-OFJ6N53", "TimeCreated": "2023-08-18 10:00:31.251642+00:00", "RecordID": "10244", "Level": "4", "UserID": "S-1-5-18", "EventData.Prop_ContainerId": "{00000000-0000-0000-FFFF-FFFFFFFFFFFF}"}
{"EventID": "301", "Channel": "Microsoft-Windows-DeviceSetupManager/Operational", "Provider_Name": "Microsoft-Windows-DeviceSetupManager", "Computer": "DESKTOP-OFJ6N53", "TimeCreated": "2023-08-18 10:00:31.501125+00:00", "RecordID": "10245", "Level": "4", "UserID": "S-1-5-18", "EventData.Prop_ContainerId": "{D397268A-724C-B4EF-D641-C9234BA2948B}"}
