{"EventID": "1026", "Channel": "Microsoft-Windows-Wcmsvc/Operational", "Provider_Name": "Microsoft-Windows-Wcmsvc", "Computer": "DESKTOP-OFJ6N53", "TimeCreated": "2023-09-04 14:37:01.052101+00:00", "RecordID": "3284", "Level": "4", "UserID": "S-1-5-19", "EventData.InterfaceGuid": "{bed2c4be-ec11-4cc8-aafc-f0fd7a5e3a02}", "EventData.MediaType": "1"}
{"EventID": "1009", "Channel": "Microsoft-Windows-Wcmsvc/Operational", "Provider_Name": "Microsoft-Windows-Wcmsvc", "Computer": "DESKTOP-OFJ6N53", "TimeCreated": "2023-09-04 14:37:01.052135+00:00", "RecordID": "3285", "Level": "4", "UserID": "S-1-5-19", "EventData.InterfaceGuid": "{bed2c4be-ec11-4cc8-aafc-f0fd7a5e3a02}", "EventData.MediaType": "1"}
{"EventID": "10002", "Channel": "Microsoft-Windows-Wcmsvc/Operational", "Provider_Name": "Microsoft-Windows-Wcmsvc", "Computer": "DESKTOP-OFJ6N53", "TimeCreated": "2023-09-04 14:37:01.057140+00:00", "RecordID": "3286", "Level": "4", "UserID": "S-1-5-19"}
{"EventID": "1003", "Channel": "Microsoft-Windows-Wcmsvc/Operational", "Provider_Name": "Microsoft-Windows-Wcmsvc", "Computer": "DESKTOP-OFJ6N53", "TimeCreated": "2023-09-04 14:37:01.057261+00:00", "RecordID": "3287", "Level": "4", "UserID": "S-1-5-19", "EventData.Status": "1", "EventData.Name": "2"}
{"EventID": "1003", "Channel": "Microsoft-Windows-Wcmsvc/Operational", "Provider_Name": "Microsoft-Windows-Wcmsvc", "Computer": "DESKTOP-OFJ6N53", "TimeCreated": "2023-09-04 14:37:01.057270+00:00", "RecordID": "3288", "Level": "4", "UserID": "S-1-5-19", "EventData.Status": "1", "EventData.Name": "3"}
{"EventID": "1006", "Channel": "Microsoft-Windows-Wcmsvc/Operational", "Provider_Name": "Microsoft-Windows-Wcmsvc", "Computer": "DESKTOP-OFJ6N53", "TimeCreated": "2023-09-04 14:37:06.028254+00:00", "RecordID": "3289", "Level": "4", "UserID": "S-1-5-19", "EventData.Reason": "1"}
{"EventID": "1006", "Channel": "Microsoft-Windows-Wcmsvc/Operational", "Provider_Name": "Microsoft-Windows-Wcmsvc", "Computer": "DESKTOP-OFJ6N53", "TimeCreated": "2023-09-04 14:37:12.121788+00:00", "RecordID": "3290", "Level": "4", "UserID": "S-1-5-19", "EventData.Reason": "5"}
{"EventID": "1006", "Channel": "Microsoft-Windows-Wcmsvc/Operational", "Provider_Name": "Microsoft-Windows-Wcmsvc", "Computer": "DESKTOP-OFJ6N53", "TimeCreated": "2023-09-07 11:18:49.053391+00:00", "RecordID": "3291", "Level": "4", "UserID": "S-1-5-19", "EventData.Reason": "2"}
{"EventID": "1006", "Channel": "Microsoft-Windows-Wcmsvc/Operational", "Provider_Name": "Microsoft-Windows-Wcmsvc", "Computer": "DESKTOP-OFJ6N53", "TimeCreated": "2023-09-07 11:18:49.678362+00:00", "RecordID": "3292", "Level": "4", "UserID": "S-1-5-19", "EventData.Reason": "1"}
{"EventID": "1006", "Channel": "Microsoft-Windows-Wcmsvc/Operational", "Provider_Name": "Microsoft-Windows-Wcmsvc", "Computer": "DESKTOP-OFJ6N53", "TimeCreated": "2023-09-07 11:18:49.975536+00:00", "RecordID": "3293", "Level": "4", "UserID": "S-1-5-19", "EventData.Reason": "3"}
{"EventID": "1006", "Channel": "Microsoft-Windows-Wcmsvc/Operational", "Provider_Name": "Microsoft-Windows-Wcmsvc", "Computer": "DESKTOP-OFJ6N53", "TimeCreated": "2023-09-07 11:24:49.189003+00:00", "RecordID": "3294", "Level": "4", "UserID": "S-1-5-19", "EventData.Reason": "4"}
{"EventID": "1006", "Channel": "Microsoft-Windows-Wcmsvc/Operational", "Provider_Name": "Microsoft-Windows-Wcmsvc", "Computer": "DESKTOP-OFJ6N53", "TimeCreated": "2023-09-07 11:26:11.240627+00:00", "RecordID": "3295", "Level": "4", "UserID": "S-1-5-19", "EventData.Reason": "2"}
{"EventID": "1006", "Channel": "Microsoft-Windows-Wcmsvc/Operational", "Provider_Name": "Microsoft-Windows-Wcmsvc", "Computer": "DESKTOP-OFJ6N53", "TimeCreated": "2023-09-07 11:26:11.438747+00:00", "RecordID": "3296", "Level": "4", "UserID": "S-1-5-19", "EventData.Reason": "1"}
{"EventID": "1006", "Channel": "Microsoft-Windows-Wcmsvc/Operational", "Provider_Name": "Microsoft-Windows-Wcmsvc", "Computer": "DESKTOP-OFJ6N53", "TimeCreated": "2023-09-13 14:34:06.140854+00:00", "RecordID": "3297", "Level": "4", "UserID": "S-1-5-19", "EventData.Reason": "6"}
{"EventID": "10003", "Channel": "Microsoft-Windows-Wcmsvc/Operational", "Provider_Name": "Microsoft-Windows-Wcmsvc", "Computer": "DESKTOP-OFJ6N53", "TimeCreated": "2023-09-13 14:36:07.866604+00:00", "RecordID": "3298", "Level": "4", "UserID": "S-1-5-19"}
{"EventID": "10004", "Channel": "Microsoft-Windows-Wcmsvc/Operational", "Provider_Name": "Microsoft-Windows-Wcmsvc", "Computer": "DESKTOP-OFJ6N53", "TimeCreated": "2023-09-13 14:36:07.983683+00:00", "RecordID": "3299", "Level": "4", "UserID": "S-1-5-19"}
{"EventID": "10001", "Channel": "Microsoft-Windows-Wcmsvc/Operational", "Provider_Name": "Microsoft-Windows-Wcmsvc", "Computer": "DESKTOP-OFJ6N53", "TimeCreated": "2023-09-13 14:36:37.625187+00:00", "RecordID": "3300", "Level": "4", "UserID": "S-1-5-19"}
{"EventID": "1026", "Channel": "Microsoft-Windows-Wcmsvc/Operational", "Provider_Name": "Microsoft-Windows-Wcmsvc", "Computer": "DESKTOP-OFJ6N53", "TimeCreated": "2023-09-13 14:36:37.792244+00:00", "RecordID": "3301", "Level": "4", "UserID": "S-1-5-19", "EventData.InterfaceGuid": "{bed2c4be-ec11-4cc8-aafc-f0fd7a5e3a02}", "EventData.MediaType": "1"}
{"EventID": "1009", "Channel": "Microsoft-Windows-Wcmsvc/Operational", "Provider_Name": "Microsoft-Windows-Wcmsvc", "Computer": "DESKTOP-OFJ6N53", "TimeCreated": "2023-09-13 14:36:37.792557+00:00", "RecordID": "3302", "Level": "4", "UserID": "S-1-5-19", "EventData.InterfaceGuid": "{bed2c4be-ec11-4cc8-aafc-f0fd7a5e3a02}", "EventData.MediaType": "1"}
{"EventID": "10002", "Channel": "Microsoft-Windows-Wcmsvc/Operational", "Provider_Name": "Microsoft-Windows-Wcmsvc", "Computer": "DESKTOP-OFJ6N53", "TimeCreated": "2023-09-13 14:36:37.804573+00:00", "RecordID": "3303", "Level": "4", "UserID": "S-1-5-19"}
{"EventID": "1003", "Channel": "Microsoft-Windows-Wcmsvc/Operational", "Provider_Name": "Microsoft-Windows-Wcmsvc", "Computer": "DESKTOP-OFJ6N53", "TimeCreated": "2023-09-13 14:36:37.824163+00:00", "RecordID": "3304", "Level": "4", "UserID": "S-1-5-19", "EventData.Status": "1", "EventData.Name": "2"}
{"EventID": "1003", "Channel": "Microsoft-Windows-Wcmsvc/Operational", "Provider_Name": "Microsoft-Windows-Wcmsvc", "Computer": "DESKTOP-OFJ6N53", "TimeCreated": "2023-09-13 14:36:37.824179+00:00", "RecordID": "3305", "Level": "4", "UserID": "S-1-5-19", "EventData.Status": "1", "EventData.Name": "3"}
{"EventID": "1006", "Channel": "Microsoft-Windows-Wcmsvc/Operational", "Provider_Name": "Microsoft-Windows-Wcmsvc", "Computer": "DESKTOP-OFJ6N53", "TimeCreated": "2023-09-13 14:39:01.523733+00:00", "RecordID": "3306", "Level": "4", "UserID": "S-1-5-19", "EventData.Reason": "1"}
{"EventID": "1006", "Channel": "Microsoft-Windows-Wcmsvc/Operational", "Provider_Name": "Microsoft-Windows-Wcmsvc", "Computer": "DESKTOP-OFJ6N53", "TimeCreated": "2023-09-13 14:39:04.278093+00:00", "RecordID": "3307", "Level": "4", "UserID": "S-1-5-19", "EventData.Reason": "5"}
{"EventID": "1006", "Channel": "Microsoft-Windows-Wcmsvc/Operational", "Provider_Name": "Microsoft-Windows-Wcmsvc", "Computer": "DESKTOP-OFJ6N53", "TimeCreated": "2023-09-18 11:51:04.826180+00:00", "RecordID": "3308", "Level": "4", "UserID": "S-1-5-19", "EventData.Reason": "2"}
{"EventID": "1006", "Channel": "Microsoft-Windows-Wcmsvc/Operational", "Provider_Name": "Microsoft-Windows-Wcmsvc", "Computer": "DESKTOP-OFJ6N53", "TimeCreated": "2023-09-18 11:51:05.383850+00:00", "RecordID": "3309", "Level": "4", "UserID": "S-1-5-19", "EventData.Reason": "1"}
{"EventID": "1006", "Channel": "Microsoft-Windows-Wcmsvc/Operational", "Provider_Name": "Microsoft-Windows-Wcmsvc", "Computer": "DESKTOP-OFJ6N53", "TimeCreated": "2023-09-18 11:51:05.703661+00:00", "RecordID": "3310", "Level": "4", "UserID": "S-1-5-19", "EventData.Reason": "3"}
{"EventID": "1006", "Channel": "Microsoft-Windows-Wcmsvc/Operational", "Provider_Name": "Microsoft-Windows-Wcmsvc", "Computer": "DESKTOP-OFJ6N53", "TimeCreated": "2023-09-18 11:52:39.999681+00:00", "RecordID": "3311", "Level": "4", "UserID": "S-1-5-19", "EventData.Reason": "4"}
{"EventID": "1006", "Channel": "Microsoft-Windows-Wcmsvc/Operational", "Provider_Name": "Microsoft-Windows-Wcmsvc", "Computer": "DESKTOP-OFJ6N53", "TimeCreated": "2023-09-18 11:52:40.571041+00:00", "RecordID": "3312", "Level": "4", "UserID": "S-1-5-19", "EventData.Reason": "2"}
{"EventID": "1006", "Channel": "Microsoft-Windows-Wcmsvc/Operational", "Provider_Name": "Microsoft-Windows-Wcmsvc", "Computer": "DESKTOP-OFJ6N53", "TimeCreated": "2023-09-18 11:52:40.801113+00:00", "RecordID": "3313", "Level": "4", "UserID": "S-1-5-19", "EventData.Reason": "1"}
{"EventID": "1006", "Channel": "Microsoft-Windows-Wcmsvc/Operational", "Provider_Name": "Microsoft-Windows-Wcmsvc", "Computer": "DESKTOP-OFJ6N53", "TimeCreated": "2023-09-20 15:08:50.764692+00:00", "RecordID": "3314", "Level": "4", "UserID": "S-1-5-19", "EventData.Reason": "2"}
{"EventID": "1006", "Channel": "Microsoft-Windows-Wcmsvc/Operational", "Provider_Name": "Microsoft-Windows-Wcmsvc", "Computer": "DESKTOP-OFJ6N53", "TimeCreated": "2023-09-20 15:08:51.393829+00:00", "RecordID": "3315", "Level": "4", "UserID": "S-1-5-19", "EventData.Reason": "1"}
{"EventID": "1006", "Channel": "Microsoft-Windows-Wcmsvc/Operational", "Provider_Name": "Microsoft-Windows-Wcmsvc", "Computer": "DESKTOP-OFJ6N53", "TimeCreated": "2023-09-20 15:08:51.880373+00:00", "RecordID": "3316", "Level": "4", "UserID": "S-1-5-19", "EventData.Reason": "3"}
{"EventID": "1006", "Channel": "Microsoft-Windows-Wcmsvc/Operational", "Provider_Name": "Microsoft-Windows-Wcmsvc", "Computer": "DESKTOP-OFJ6N53", "TimeCreated": "2023-09-20 15:09:12.702574+00:00", "RecordID": "3317", "Level": "4", "UserID": "S-1-5-19", "EventData.Reason": "4"}
{"EventID": "1006", "Channel": "Microsoft-Windows-Wcmsvc/Operational", "Provider_Name": "Microsoft-Windows-Wcmsvc", "Computer": "DESKTOP-OFJ6N53", "TimeCreated": "2023-09-25 09:50:58.650026+00:00", "RecordID": "3318", "Level": "4", "UserID": "S-1-5-19", "EventData.Reason": "3"}
{"EventID": "1006", "Channel": "Microsoft-Windows-Wcmsvc/Operational", "Provider_Name": "Microsoft-Windows-Wcmsvc", "Computer": "DESKTOP-OFJ6N53", "TimeCreated": "2023-09-25 12:56:28.797869+00:00", "RecordID": "3319", "Level": "4", "UserID": "S-1-5-19", "EventData.Reason": "4"}
{"EventID": "1006", "Channel": "Microsoft-Windows-Wcmsvc/Operational", "Provider_Name": "Microsoft-Windows-Wcmsvc", "Computer": "DESKTOP-OFJ6N53", "TimeCreated": "2023-09-25 12:56:29.712744+00:00", "RecordID": "3320", "Level": "4", "UserID": "S-1-5-19", "EventData.Reason": "3"}
{"EventID": "1006", "Channel": "Microsoft-Windows-Wcmsvc/Operational", "Provider_Name": "Microsoft-Windows-Wcmsvc", "Computer": "DESKTOP-OFJ6N53", "TimeCreated": "2023-09-25 12:56:46.117657+00:00", "RecordID": "3321", "Level": "4", "UserID": "S-1-5-19", "EventData.Reason": "4"}
{"EventID": "1006", "Channel": "Microsoft-Windows-Wcmsvc/Operational", "Provider_Name": "Microsoft-Windows-Wcmsvc", "Computer": "DESKTOP-OFJ6N53", "TimeCreated": "2023-09-26 07:47:13.319212+00:00", "RecordID": "3322", "Level": "4", "UserID": "S-1-5-19", "EventData.Reason": "2"}
{"EventID": "1006", "Channel": "Microsoft-Windows-Wcmsvc/Operational", "Provider_Name": "Microsoft-Windows-Wcmsvc", "Computer": "DESKTOP-OFJ6N53", "TimeCreated": "2023-09-26 07:47:13.644991+00:00", "RecordID": "3323", "Level": "4", "UserID": "S-1-5-19", "EventData.Reason": "1"}
{"EventID": "1006", "Channel": "Microsoft-Windows-Wcmsvc/Operational", "Provider_Name": "Microsoft-Windows-Wcmsvc", "Computer": "DESKTOP-OFJ6N53", "TimeCreated": "2023-09-29 16:10:04.326780+00:00", "RecordID": "3324", "Level": "4", "UserID": "S-1-5-19", "EventData.Reason": "6"}
{"EventID": "10003", "Channel": "Microsoft-Windows-Wcmsvc/Operational", "Provider_Name": "Microsoft-Windows-Wcmsvc", "Computer": "DESKTOP-OFJ6N53", "TimeCreated": "2023-09-29 16:10:13.434383+00:00", "RecordID": "3325", "Level": "4", "UserID": "S-1-5-19"}
{"EventID": "10004", "Channel": "Microsoft-Windows-Wcmsvc/Operational", "Provider_Name": "Microsoft-Windows-Wcmsvc", "Computer": "DESKTOP-OFJ6N53", "TimeCreated": "2023-09-29 16:10:13.596462+00:00", "RecordID": "3326", "Level": "4", "UserID": "S-1-5-19"}
{"EventID": "10001", "Channel": "Microsoft-Windows-Wcmsvc/Operational", "Provider_Name": "Microsoft-Windows-Wcmsvc", "Computer": "DESKTOP-OFJ6N53", "TimeCreated": "2023-09-29 16:10:42.610880+00:00", "RecordID": "3327", "Level": "4", "UserID": "S-1-5-19"}
{"EventID": "1026", "Channel": "Microsoft-Windows-Wcmsvc/Operational", "Provider_Name": "Microsoft-Windows-Wcmsvc", "Computer": "DESKTOP-OFJ6N53", "TimeCreated": "2023-09-29 16:10:42.757996+00:00", "RecordID": "3328", "Level": "4", "UserID": "S-1-5-19", "EventData.InterfaceGuid": "{bed2c4be-ec11-4cc8-aafc-f0fd7a5e3a02}", "EventData.MediaType": "1"}
{"EventID": "1009", "Channel": "Microsoft-Windows-Wcmsvc/Operational", "Provider_Name": "Microsoft-Windows-Wcmsvc", "Computer": "DESKTOP-OFJ6N53", "TimeCreated": "2023-09-29 16:10:42.758348+00:00", "RecordID": "3329", "Level": "4", "UserID": "S-1-5-19", "EventData.InterfaceGuid": "{bed2c4be-ec11-4cc8-aafc-f0fd7a5e3a02}", "EventData.MediaType": "1"}
{"EventID": "10002", "Channel": "Microsoft-Windows-Wcmsvc/Operational", "Provider_Name": "Microsoft-Windows-Wcmsvc", "Computer": "DESKTOP-OFJ6N53", "TimeCreated": "2023-09-29 16:10:42.765593+00:00", "RecordID": "3330", "Level": "4", "UserID": "S-1-5-19"}
{"EventID": "1003", "Channel": "Microsoft-Windows-Wcmsvc/Operational", "Provider_Name": "Microsoft-Windows-Wcmsvc", "Computer": "DESKTOP-OFJ6N53", "TimeCreated": "2023-09-29 16:10:42.774506+00:00", "RecordID": "3331", "Level": "4", "UserID": "S-1-5-19", "EventData.Status": "1", "EventData.Name": "2"}
{"EventID": "1003", "Channel": "Microsoft-Windows-Wcmsvc/Operational", "Provider_Name": "Microsoft-Windows-Wcmsvc", "Computer": "DESKTOP-OFJ6N53", "TimeCreated": "2023-09-29 16:10:42.774521+00:00", "RecordID": "3332", "Level": "4", "UserID": "S-1-5-19", "EventData.Status": "1", "EventData.Name": "3"}
{"EventID": "1006", "Channel": "Microsoft-Windows-Wcmsvc/Operational", "Provider_Name": "Microsoft-Windows-Wcmsvc", "Computer": "DESKTOP-OFJ6N53", "TimeCreated": "2023-09-29 16:10:50.333160+00:00", "RecordID": "3333", "Level": "4", "UserID": "S-1-5-19", "EventData.Reason": "1"}
{"EventID": "1006", "Channel": "Microsoft-Windows-Wcmsvc/Operational", "Provider_Name": "Microsoft-Windows-Wcmsvc", "Computer": "DESKTOP-OFJ6N53", "TimeCreated": "2023-09-29 16:11:12.892414+00:00", "RecordID": "3334", "Level": "4", "UserID": "S-1-5-19", "EventData.Reason": "5"}
{"EventID": "1006", "Channel": "Microsoft-Windows-Wcmsvc/Operational", "Provider_Name": "Microsoft-Windows-Wcmsvc", "Computer": "DESKTOP-OFJ6N53", "TimeCreated": "2023-10-02 12:52:28.876255+00:00", "RecordID": "3335", "Level": "4", "UserID": "S-1-5-19", "EventData.Reason": "2"}
{"EventID": "1006", "Channel": "Microsoft-Windows-Wcmsvc/Operational", "Provider_Name": "Microsoft-Windows-Wcmsvc", "Computer": "DESKTOP-OFJ6N53", "TimeCreated": "2023-10-02 12:52:29.597303+00:00", "RecordID": "3336", "Level": "4", "UserID": "S-1-5-19", "EventData.Reason": "1"}
{"EventID": "1006", "Channel": "Microsoft-Windows-Wcmsvc/Operational", "Provider_Name": "Microsoft-Windows-Wcmsvc", "Computer": "DESKTOP-OFJ6N53", "TimeCreated": "2023-10-02 12:52:30.095430+00:00", "RecordID": "3337", "Level": "4", "UserID": "S-1-5-19", "EventData.Reason": "3"}
{"EventID": "1006", "Channel": "Microsoft-Windows-Wcmsvc/Operational", "Provider_Name": "Microsoft-Windows-Wcmsvc", "Computer": "DESKTOP-OFJ6N53", "TimeCreated": "2023-10-02 19:44:42.434988+00:00", "RecordID": "3338", "Level": "4", "UserID": "S-1-5-19", "EventData.Reason": "4"}
{"EventID": "1006", "Channel": "Microsoft-Windows-Wcmsvc/Operational", "Provider_Name": "Microsoft-Windows-Wcmsvc", "Computer": "DESKTOP-OFJ6N53", "TimeCreated": "2023-10-04 06:56:39.656792+00:00", "RecordID": "3339", "Level": "4", "UserID": "S-1-5-19", "EventData.Reason": "3"}
{"EventID": "1006", "Channel": "Microsoft-Windows-Wcmsvc/Operational", "Provider_Name": "Microsoft-Windows-Wcmsvc", "Computer": "DESKTOP-OFJ6N53", "TimeCreated": "2023-10-04 20:53:27.426445+00:00", "RecordID": "3340", "Level": "4", "UserID": "S-1-5-19", "EventData.Reason": "4"}
{"EventID": "1006", "Channel": "Microsoft-Windows-Wcmsvc/Operational", "Provider_Name": "Microsoft-Windows-Wcmsvc", "Computer": "DESKTOP-OFJ6N53", "TimeCreated": "2023-10-06 09:16:47.987421+00:00", "RecordID": "3341", "Level": "4", "UserID": "S-1-5-19", "EventData.Reason": "2"}
{"EventID": "1006", "Channel": "Microsoft-Windows-Wcmsvc/Operational", "Provider_Name": "Microsoft-Windows-Wcmsvc", "Computer": "DESKTOP-OFJ6N53", "TimeCreated": "2023-10-06 09:16:48.230371+00:00", "RecordID": "3342", "Level": "4", "UserID": "S-1-5-19", "EventData.Reason": "1"}
{"EventID": "1006", "Channel": "Microsoft-Windows-Wcmsvc/Operational", "Provider_Name": "Microsoft-Windows-Wcmsvc", "Computer": "DESKTOP-OFJ6N53", "TimeCreated": "2023-10-10 09:38:08.975155+00:00", "RecordID": "3343", "Level": "4", "UserID": "S-1-5-19", "EventData.Reason": "2"}
{"EventID": "1006", "Channel": "Microsoft-Windows-Wcmsvc/Operational", "Provider_Name": "Microsoft-Windows-Wcmsvc", "Computer": "DESKTOP-OFJ6N53", "TimeCreated": "2023-10-10 09:38:09.481567+00:00", "RecordID": "3344", "Level": "4", "UserID": "S-1-5-19", "EventData.Reason": "1"}
{"EventID": "1006", "Channel": "Microsoft-Windows-Wcmsvc/Operational", "Provider_Name": "Microsoft-Windows-Wcmsvc", "Computer": "DESKTOP-OFJ6N53", "TimeCreated": "2023-10-10 09:38:09.653103+00:00", "RecordID": "3345", "Level": "4", "UserID": "S-1-5-19", "EventData.Reason": "3"}
{"EventID": "1006", "Channel": "Microsoft-Windows-Wcmsvc/Operational", "Provider_Name": "Microsoft-Windows-Wcmsvc", "Computer": "DESKTOP-OFJ6N53", "TimeCreated": "2023-10-10 09:54:40.062317+00:00", "RecordID": "3346", "Level": "4", "UserID": "S-1-5-19", "EventData.Reason": "4"}
{"EventID": "1006", "Channel": "Microsoft-Windows-Wcmsvc/Operational", "Provider_Name": "Microsoft-Windows-Wcmsvc", "Computer": "DESKTOP-OFJ6N53", "TimeCreated": "2023-10-10 16:14:50.740334+00:00", "RecordID": "3347", "Level": "4", "UserID": "S-1-5-19", "EventData.Reason": "3"}
{"EventID": "1006", "Channel": "Microsoft-Windows-Wcmsvc/Operational", "Provider_Name": "Microsoft-Windows-Wcmsvc", "Computer": "DESKTOP-OFJ6N53", "TimeCreated": "2023-10-10 16:20:25.822788+00:00", "RecordID": "3348", "Level": "4", "UserID": "S-1-5-19", "EventData.Reason": "4"}
{"EventID": "1006", "Channel": "Microsoft-Windows-Wcmsvc/Operational", "Provider_Name": "Microsoft-Windows-Wcmsvc", "Computer": "DESKTOP-OFJ6N53", "TimeCreated": "2023-10-10 16:20:57.416208+00:00", "RecordID": "3349", "Level": "4", "UserID": "S-1-5-19", "EventData.Reason": "3"}
{"EventID": "1006", "Channel": "Microsoft-Windows-Wcmsvc/Operational", "Provider_Name": "Microsoft-Windows-Wcmsvc", "Computer": "DESKTOP-OFJ6N53", "TimeCreated": "2023-10-10 16:25:51.593378+00:00", "RecordID": "3350", "Level": "4", "UserID": "S-1-5-19", "EventData.Reason": "4"}
{"EventID": "1006", "Channel": "Microsoft-Windows-Wcmsvc/Operational", "Provider_Name": "Microsoft-Windows-Wcmsvc", "Computer": "DESKTOP-OFJ6N53", "TimeCreated": "2023-10-10 16:25:52.816765+00:00", "RecordID": "3351", "Level": "4", "UserID": "S-1-5-19", "EventData.Reason": "3"}
{"EventID": "1006", "Channel": "Microsoft-Windows-Wcmsvc/Operational", "Provider_Name": "Microsoft-Windows-Wcmsvc", "Computer": "DESKTOP-OFJ6N53", "TimeCreated": "2023-10-10 19:58:54.130363+00:00", "RecordID": "3352", "Level": "4", "UserID": "S-1-5-19", "EventData.Reason": "4"}
{"EventID": "1006", "Channel": "Microsoft-Windows-Wcmsvc/Operational", "Provider_Name": "Microsoft-Windows-Wcmsvc", "Computer": "DESKTOP-OFJ6N53", "TimeCreated": "2023-10-11 07:44:25.007309+00:00", "RecordID": "3353", "Level": "4", "UserID": "S-1-5-19", "EventData.Reason": "3"}
{"EventID": "1006", "Channel": "Microsoft-Windows-Wcmsvc/Operational", "Provider_Name": "Microsoft-Windows-Wcmsvc", "Computer": "DESKTOP-OFJ6N53", "TimeCreated": "2023-10-11 09:06:22.219696+00:00", "RecordID": "3354", "Level": "4", "UserID": "S-1-5-19", "EventData.Reason": "4"}
{"EventID": "1006", "Channel": "Microsoft-Windows-Wcmsvc/Operational", "Provider_Name": "Microsoft-Windows-Wcmsvc", "Computer": "DESKTOP-OFJ6N53", "TimeCreated": "2023-10-11 12:47:06.181955+00:00", "RecordID": "3355", "Level": "4", "UserID": "S-1-5-19", "EventData.Reason": "3"}
{"EventID": "1006", "Channel": "Microsoft-Windows-Wcmsvc/Operational", "Provider_Name": "Microsoft-Windows-Wcmsvc", "Computer": "DESKTOP-OFJ6N53", "TimeCreated": "2023-10-11 21:49:34.952202+00:00", "RecordID": "3356", "Level": "4", "UserID": "S-1-5-19", "EventData.Reason": "4"}
{"EventID": "1006", "Channel": "Microsoft-Windows-Wcmsvc/Operational", "Provider_Name": "Microsoft-Windows-Wcmsvc", "Computer": "DESKTOP-OFJ6N53", "TimeCreated": "2023-10-12 09:42:09.581284+00:00", "RecordID": "3357", "Level": "4", "UserID": "S-1-5-19", "EventData.Reason": "3"}
{"EventID": "1006", "Channel": "Microsoft-Windows-Wcmsvc/Operational", "Provider_Name": "Microsoft-Windows-Wcmsvc", "Computer": "DESKTOP-OFJ6N53", "TimeCreated": "2023-10-12 09:56:39.509777+00:00", "RecordID": "3358", "Level": "4", "UserID": "S-1-5-19", "EventData.Reason": "4"}
{"EventID": "1006", "Channel": "Microsoft-Windows-Wcmsvc/Operational", "Provider_Name": "Microsoft-Windows-Wcmsvc", "Computer": "DESKTOP-OFJ6N53", "TimeCreated": "2023-10-12 09:56:57.673618+00:00", "RecordID": "3359", "Level": "4", "UserID": "S-1-5-19", "EventData.Reason": "3"}
{"EventID": "1006", "Channel": "Microsoft-Windows-Wcmsvc/Operational", "Provider_Name": "Microsoft-Windows-Wcmsvc", "Computer": "DESKTOP-OFJ6N53", "TimeCreated": "2023-10-12 10:38:18.911833+00:00", "RecordID": "3360", "Level": "4", "UserID": "S-1-5-19", "EventData.Reason": "4"}
{"EventID": "1006", "Channel": "Microsoft-Windows-Wcmsvc/Operational", "Provider_Name": "Microsoft-Windows-Wcmsvc", "Computer": "DESKTOP-OFJ6N53", "TimeCreated": "2023-10-12 10:38:29.785568+00:00", "RecordID": "3361", "Level": "4", "UserID": "S-1-5-19", "EventData.Reason": "3"}
{"EventID": "1006", "Channel": "Microsoft-Windows-Wcmsvc/Operational", "Provider_Name": "Microsoft-Windows-Wcmsvc", "Computer": "DESKTOP-OFJ6N53", "TimeCreated": "2023-10-12 10:43:15.456808+00:00", "RecordID": "3362", "Level": "4", "UserID": "S-1-5-19", "EventData.Reason": "4"}
{"EventID": "1006", "Channel": "Microsoft-Windows-Wcmsvc/Operational", "Provider_Name": "Microsoft-Windows-Wcmsvc", "Computer": "DESKTOP-OFJ6N53", "TimeCreated": "2023-10-12 10:43:33.552977+00:00", "RecordID": "3363", "Level": "4", "UserID": "S-1-5-19", "EventData.Reason": "3"}
{"EventID": "1006", "Channel": "Microsoft-Windows-Wcmsvc/Operational", "Provider_Name": "Microsoft-Windows-Wcmsvc", "Computer": "DESKTOP-OFJ6N53", "TimeCreated": "2023-10-12 11:19:51.894770+00:00", "RecordID": "3364", "Level": "4", "UserID": "S-1-5-19", "EventData.Reason": "4"}
{"EventID": "1006", "Channel": "Microsoft-Windows-Wcmsvc/Operational", "Provider_Name": "Microsoft-Windows-Wcmsvc", "Computer": "DESKTOP-OFJ6N53", "TimeCreated": "2023-10-12 13:52:40.468218+00:00", "RecordID": "3365", "Level": "4", "UserID": "S-1-5-19", "EventData.Reason": "2"}
{"EventID": "1006", "Channel": "Microsoft-Windows-Wcmsvc/Operational", "Provider_Name": "Microsoft-Windows-Wcmsvc", "Computer": "DESKTOP-OFJ6N53", "TimeCreated": "2023-10-12 13:52:40.833536+00:00", "RecordID": "3366", "Level": "4", "UserID": "S-1-5-19", "EventData.Reason": "1"}
{"EventID": "1006", "Channel": "Microsoft-Windows-Wcmsvc/Operational", "Provider_Name": "Microsoft-Windows-Wcmsvc", "Computer": "DESKTOP-OFJ6N53", "TimeCreated": "2023-10-12 16:52:07.554340+00:00", "RecordID": "3367", "Level": "4", "UserID": "S-1-5-19", "EventData.Reason": "6"}
{"EventID": "10003", "Channel": "Microsoft-Windows-Wcmsvc/Operational", "Provider_Name": "Microsoft-Windows-Wcmsvc", "Computer": "DESKTOP-OFJ6N53", "TimeCreated": "2023-10-12 16:55:02.092535+00:00", "RecordID": "3368", "Level": "4", "UserID": "S-1-5-19"}
{"EventID": "10004", "Channel": "Microsoft-Windows-Wcmsvc/Operational", "Provider_Name": "Microsoft-Windows-Wcmsvc", "Computer": "DESKTOP-OFJ6N53", "TimeCreated": "2023-10-12 16:55:02.253555+00:00", "RecordID": "3369", "Level": "4", "UserID": "S-1-5-19"}
{"EventID": "10001", "Channel": "Microsoft-Windows-Wcmsvc/Operational", "Provider_Name": "Microsoft-Windows-Wcmsvc", "Computer": "DESKTOP-OFJ6N53", "TimeCreated": "2023-10-12 16:55:30.066906+00:00", "RecordID": "3370", "Level": "4", "UserID": "S-1-5-19"}
{"EventID": "1026", "Channel": "Microsoft-Windows-Wcmsvc/Operational", "Provider_Name": "Microsoft-Windows-Wcmsvc", "Computer": "DESKTOP-OFJ6N53", "TimeCreated": "2023-10-12 16:55:30.235336+00:00", "RecordID": "3371", "Level": "4", "UserID": "S-1-5-19", "EventData.InterfaceGuid": "{bed2c4be-ec11-4cc8-aafc-f0fd7a5e3a02}", "EventData.MediaType": "1"}
{"EventID": "1009", "Channel": "Microsoft-Windows-Wcmsvc/Operational", "Provider_Name": "Microsoft-Windows-Wcmsvc", "Computer": "DESKTOP-OFJ6N53", "TimeCreated": "2023-10-12 16:55:30.235756+00:00", "RecordID": "3372", "Level": "4", "UserID": "S-1-5-19", "EventData.InterfaceGuid": "{bed2c4be-ec11-4cc8-aafc-f0fd7a5e3a02}", "EventData.MediaType": "1"}
{"EventID": "1003", "Channel": "Microsoft-Windows-Wcmsvc/Operational", "Provider_Name": "Microsoft-Windows-Wcmsvc", "Computer": "DESKTOP-OFJ6N53", "TimeCreated": "2023-10-12 16:55:30.246290+00:00", "RecordID": "3373", "Level": "4", "UserID": "S-1-5-19", "EventData.Status": "1", "EventData.Name": "2"}
{"EventID": "10002", "Channel": "Microsoft-Windows-Wcmsvc/Operational", "Provider_Name": "Microsoft-Windows-Wcmsvc", "Computer": "DESKTOP-OFJ6N53", "TimeCreated": "2023-10-12 16:55:30.248737+00:00", "RecordID": "3374", "Level": "4", "UserID": "S-1-5-19"}
{"EventID": "1003", "Channel": "Microsoft-Windows-Wcmsvc/Operational", "Provider_Name": "Microsoft-Windows-Wcmsvc", "Computer": "DESKTOP-OFJ6N53", "TimeCreated": "2023-10-12 16:55:30.252361+00:00", "RecordID": "3375", "Level": "4", "UserID": "S-1-5-19", "EventData.Status": "1", "EventData.Name": "3"}
{"EventID": "1006", "Channel": "Microsoft-Windows-Wcmsvc/Operational", "Provider_Name": "Microsoft-Windows-Wcmsvc", "Computer": "DESKTOP-OFJ6N53", "TimeCreated": "2023-10-12 16:58:06.121916+00:00", "RecordID": "3376", "Level": "4", "UserID": "S-1-5-19", "EventData.Reason": "1"}
{"EventID": "1006", "Channel": "Microsoft-Windows-Wcmsvc/Operational", "Provider_Name": "Microsoft-Windows-Wcmsvc", "Computer": "DESKTOP-OFJ6N53", "TimeCreated": "2023-10-12 16:58:07.622871+00:00", "RecordID": "3377", "Level": "4", "UserID": "S-1-5-19", "EventData.Reason": "5"}
{"EventID": "1006", "Channel": "Microsoft-Windows-Wcmsvc/Operational", "Provider_Name": "Microsoft-Windows-Wcmsvc", "Computer": "DESKTOP-OFJ6N53", "TimeCreated": "2023-10-13 09:13:28.782003+00:00", "RecordID": "3378", "Level": "4", "UserID": "S-1-5-19", "EventData.Reason": "2"}
{"EventID": "1006", "Channel": "Microsoft-Windows-Wcmsvc/Operational", "Provider_Name": "Microsoft-Windows-Wcmsvc", "Computer": "DESKTOP-OFJ6N53", "TimeCreated": "2023-10-13 09:13:29.094746+00:00", "RecordID": "3379", "Level": "4", "UserID": "S-1-5-19", "EventData.Reason": "1"}
{"EventID": "1006", "Channel": "Microsoft-Windows-Wcmsvc/Operational", "Provider_Name": "Microsoft-Windows-Wcmsvc", "Computer": "DESKTOP-OFJ6N53", "TimeCreated": "2023-10-13 09:13:29.736170+00:00", "RecordID": "3380", "Level": "4", "UserID": "S-1-5-19", "EventData.Reason": "3"}
{"EventID": "1006", "Channel": "Microsoft-Windows-Wcmsvc/Operational", "Provider_Name": "Microsoft-Windows-Wcmsvc", "Computer": "DESKTOP-OFJ6N53", "TimeCreated": "2023-10-13 09:24:21.393753+00:00", "RecordID": "3381", "Level": "4", "UserID": "S-1-5-19", "EventData.Reason": "4"}
{"EventID": "1006", "Channel": "Microsoft-Windows-Wcmsvc/Operational", "Provider_Name": "Microsoft-Windows-Wcmsvc", "Computer": "DESKTOP-OFJ6N53", "TimeCreated": "2023-10-16 07:23:33.043894+00:00", "RecordID": "3382", "Level": "4", "UserID": "S-1-5-19", "EventData.Reason": "2"}
{"EventID": "1006", "Channel": "Microsoft-Windows-Wcmsvc/Operational", "Provider_Name": "Microsoft-Windows-Wcmsvc", "Computer": "DESKTOP-OFJ6N53", "TimeCreated": "2023-10-16 07:23:33.284771+00:00", "RecordID": "3383", "Level": "4", "UserID": "S-1-5-19", "EventData.Reason": "1"}
{"EventID": "1006", "Channel": "Microsoft-Windows-Wcmsvc/Operational", "Provider_Name": "Microsoft-Windows-Wcmsvc", "Computer": "DESKTOP-OFJ6N53", "TimeCreated": "2023-10-16 07:29:48.036716+00:00", "RecordID": "3384", "Level": "4", "UserID": "S-1-5-19", "EventData.Reason": "2"}
{"EventID": "1006", "Channel": "Microsoft-Windows-Wcmsvc/Operational", "Provider_Name": "Microsoft-Windows-Wcmsvc", "Computer": "DESKTOP-OFJ6N53", "TimeCreated": "2023-10-16 07:29:48.386784+00:00", "RecordID": "3385", "Level": "4", "UserID": "S-1-5-19", "EventData.Reason": "1"}
{"EventID": "1006", "Channel": "Microsoft-Windows-Wcmsvc/Operational", "Provider_Name": "Microsoft-Windows-Wcmsvc", "Computer": "DESKTOP-OFJ6N53", "TimeCreated": "2023-10-16 07:29:49.230013+00:00", "RecordID": "3386", "Level": "4", "UserID": "S-1-5-19", "EventData.Reason": "3"}
{"EventID": "1006", "Channel": "Microsoft-Windows-Wcmsvc/Operational", "Provider_Name": "Microsoft-Windows-Wcmsvc", "Computer": "DESKTOP-OFJ6N53", "TimeCreated": "2023-10-16 07:31:51.609013+00:00", "RecordID": "3387", "Level": "4", "UserID": "S-1-5-19", "EventData.Reason": "4"}
{"EventID": "1006", "Channel": "Microsoft-Windows-Wcmsvc/Operational", "Provider_Name": "Microsoft-Windows-Wcmsvc", "Computer": "DESKTOP-OFJ6N53", "TimeCreated": "2023-10-16 07:32:04.716900+00:00", "RecordID": "3388", "Level": "4", "UserID": "S-1-5-19", "EventData.Reason": "2"}
{"EventID": "1006", "Channel": "Microsoft-Windows-Wcmsvc/Operational", "Provider_Name": "Microsoft-Windows-Wcmsvc", "Computer": "DESKTOP-OFJ6N53", "TimeCreated": "2023-10-16 07:32:04.901611+00:00", "RecordID": "3389", "Level": "4", "UserID": "S-1-5-19", "EventData.Reason": "1"}
{"EventID": "1006", "Channel": "Microsoft-Windows-Wcmsvc/Operational", "Provider_Name": "Microsoft-Windows-Wcmsvc", "Computer": "DESKTOP-OFJ6N53", "TimeCreated": "2023-10-17 10:53:04.562456+00:00", "RecordID": "3390", "Level": "4", "UserID": "S-1-5-19", "EventData.Reason": "2"}
{"EventID": "1006", "Channel": "Microsoft-Windows-Wcmsvc/Operational", "Provider_Name": "Microsoft-Windows-Wcmsvc", "Computer": "DESKTOP-OFJ6N53", "TimeCreated": "2023-10-17 10:53:05.017912+00:00", "RecordID": "3391", "Level": "4", "UserID": "S-1-5-19", "EventData.Reason": "1"}
{"EventID": "1006", "Channel": "Microsoft-Windows-Wcmsvc/Operational", "Provider_Name": "Microsoft-Windows-Wcmsvc", "Computer": "DESKTOP-OFJ6N53", "TimeCreated": "2023-10-17 10:53:05.455627+00:00", "RecordID": "3392", "Level": "4", "UserID": "S-1-5-19", "EventData.Reason": "3"}
{"EventID": "1006", "Channel": "Microsoft-Windows-Wcmsvc/Operational", "Provider_Name": "Microsoft-Windows-Wcmsvc", "Computer": "DESKTOP-OFJ6N53", "TimeCreated": "2023-10-17 10:55:21.529795+00:00", "RecordID": "3393", "Level": "4", "UserID": "S-1-5-19", "EventData.Reason": "4"}
{"EventID": "1006", "Channel": "Microsoft-Windows-Wcmsvc/Operational", "Provider_Name": "Microsoft-Windows-Wcmsvc", "Computer": "DESKTOP-OFJ6N53", "TimeCreated": "2023-10-17 10:55:22.307302+00:00", "RecordID": "3394", "Level": "4", "UserID": "S-1-5-19", "EventData.Reason": "2"}
{"EventID": "1006", "Channel": "Microsoft-Windows-Wcmsvc/Operational", "Provider_Name": "Microsoft-Windows-Wcmsvc", "Computer": "DESKTOP-OFJ6N53", "TimeCreated": "2023-10-17 10:55:22.406790+00:00", "RecordID": "3395", "Level": "4", "UserID": "S-1-5-19", "EventData.Reason": "1"}
{"EventID": "1006", "Channel": "Microsoft-Windows-Wcmsvc/Operational", "Provider_Name": "Microsoft-Windows-Wcmsvc", "Computer": "DESKTOP-OFJ6N53", "TimeCreated": "2023-10-17 10:56:55.623692+00:00", "RecordID": "3396", "Level": "4", "UserID": "S-1-5-19", "EventData.Reason": "2"}
{"EventID": "1006", "Channel": "Microsoft-Windows-Wcmsvc/Operational", "Provider_Name": "Microsoft-Windows-Wcmsvc", "Computer": "DESKTOP-OFJ6N53", "TimeCreated": "2023-10-17 10:56:56.041658+00:00", "RecordID": "3397", "Level": "4", "UserID": "S-1-5-19", "EventData.Reason": "3"}
{"EventID": "1006", "Channel": "Microsoft-Windows-Wcmsvc/Operational", "Provider_Name": "Microsoft-Windows-Wcmsvc", "Computer": "DESKTOP-OFJ6N53", "TimeCreated": "2023-10-17 10:56:56.548021+00:00", "RecordID": "3398", "Level": "4", "UserID": "S-1-5-19", "EventData.Reason": "1"}
{"EventID": "1006", "Channel": "Microsoft-Windows-Wcmsvc/Operational", "Provider_Name": "Microsoft-Windows-Wcmsvc", "Computer": "DESKTOP-OFJ6N53", "TimeCreated": "2023-10-17 11:24:16.052753+00:00", "RecordID": "3399", "Level": "4", "UserID": "S-1-5-19", "EventData.Reason": "4"}
{"EventID": "1006", "Channel": "Microsoft-Windows-Wcmsvc/Operational", "Provider_Name": "Microsoft-Windows-Wcmsvc", "Computer": "DESKTOP-OFJ6N53", "TimeCreated": "2023-10-17 11:24:16.700911+00:00", "RecordID": "3400", "Level": "4", "UserID": "S-1-5-19", "EventData.Reason": "2"}
{"EventID": "1006", "Channel": "Microsoft-Windows-Wcmsvc/Operational", "Provider_Name": "Microsoft-Windows-Wcmsvc", "Computer": "DESKTOP-OFJ6N53", "TimeCreated": "2023-10-17 11:24:16.973301+00:00", "RecordID": "3401", "Level": "4", "UserID": "S-1-5-19", "EventData.Reason": "1"}
{"EventID": "1006", "Channel": "Microsoft-Windows-Wcmsvc/Operational", "Provider_Name": "Microsoft-Windows-Wcmsvc", "Computer": "DESKTOP-OFJ6N53", "TimeCreated": "2023-10-17 13:00:18.368265+00:00", "RecordID": "3402", "Level": "4", "UserID": "S-1-5-19", "EventData.Reason": "2"}
{"EventID": "1006", "Channel": "Microsoft-Windows-Wcmsvc/Operational", "Provider_Name": "Microsoft-Windows-Wcmsvc", "Computer": "DESKTOP-OFJ6N53", "TimeCreated": "2023-10-17 13:00:18.842651+00:00", "RecordID": "3403", "Level": "4", "UserID": "S-1-5-19", "EventData.Reason": "1"}
{"EventID": "1006", "Channel": "Microsoft-Windows-Wcmsvc/Operational", "Provider_Name": "Microsoft-Windows-Wcmsvc", "Computer": "DESKTOP-OFJ6N53", "TimeCreated": "2023-10-17 13:00:19.207911+00:00", "RecordID": "3404", "Level": "4", "UserID": "S-1-5-19", "EventData.Reason": "3"}
{"EventID": "1006", "Channel": "Microsoft-Windows-Wcmsvc/Operational", "Provider_Name": "Microsoft-Windows-Wcmsvc", "Computer": "DESKTOP-OFJ6N53", "TimeCreated": "2023-10-17 15:32:15.418934+00:00", "RecordID": "3405", "Level": "4", "UserID": "S-1-5-19", "EventData.Reason": "4"}
{"EventID": "1006", "Channel": "Microsoft-Windows-Wcmsvc/Operational", "Provider_Name": "Microsoft-Windows-Wcmsvc", "Computer": "DESKTOP-OFJ6N53", "TimeCreated": "2023-10-18 18:07:45.712290+00:00", "RecordID": "3406", "Level": "4", "UserID": "S-1-5-19", "EventData.Reason": "2"}
{"EventID": "1006", "Channel": "Microsoft-Windows-Wcmsvc/Operational", "Provider_Name": "Microsoft-Windows-Wcmsvc", "Computer": "DESKTOP-OFJ6N53", "TimeCreated": "2023-10-18 18:07:45.967144+00:00", "RecordID": "3407", "Level": "4", "UserID": "S-1-5-19", "EventData.Reason": "1"}
{"EventID": "1006", "Channel": "Microsoft-Windows-Wcmsvc/Operational", "Provider_Name": "Microsoft-Windows-Wcmsvc", "Computer": "DESKTOP-OFJ6N53", "TimeCreated": "2023-10-18 18:14:46.394243+00:00", "RecordID": "3408", "Level": "4", "UserID": "S-1-5-19", "EventData.Reason": "2"}
{"EventID": "1006", "Channel": "Microsoft-Windows-Wcmsvc/Operational", "Provider_Name": "Microsoft-Windows-Wcmsvc", "Computer": "DESKTOP-OFJ6N53", "TimeCreated": "2023-10-18 18:14:46.778721+00:00", "RecordID": "3409", "Level": "4", "UserID": "S-1-5-19", "EventData.Reason": "1"}
{"EventID": "1006", "Channel": "Microsoft-Windows-Wcmsvc/Operational", "Provider_Name": "Microsoft-Windows-Wcmsvc", "Computer": "DESKTOP-OFJ6N53", "TimeCreated": "2023-10-18 18:14:47.549959+00:00", "RecordID": "3410", "Level": "4", "UserID": "S-1-5-19", "EventData.Reason": "3"}
{"EventID": "1006", "Channel": "Microsoft-Windows-Wcmsvc/Operational", "Provider_Name": "Microsoft-Windows-Wcmsvc", "Computer": "DESKTOP-OFJ6N53", "TimeCreated": "2023-10-18 18:45:51.345453+00:00", "RecordID": "3411", "Level": "4", "UserID": "S-1-5-19", "EventData.Reason": "4"}
{"EventID": "1006", "Channel": "Microsoft-Windows-Wcmsvc/Operational", "Provider_Name": "Microsoft-Windows-Wcmsvc", "Computer": "DESKTOP-OFJ6N53", "TimeCreated": "2023-10-18 18:45:52.201656+00:00", "RecordID": "3412", "Level": "4", "UserID": "S-1-5-19", "EventData.Reason": "2"}
{"EventID": "1006", "Channel": "Microsoft-Windows-Wcmsvc/Operational", "Provider_Name": "Microsoft-Windows-Wcmsvc", "Computer": "DESKTOP-OFJ6N53", "TimeCreated": "2023-10-18 18:45:52.447042+00:00", "RecordID": "3413", "Level": "4", "UserID": "S-1-5-19", "EventData.Reason": "1"}
{"EventID": "1006", "Channel": "Microsoft-Windows-Wcmsvc/Operational", "Provider_Name": "Microsoft-Windows-Wcmsvc", "Computer": "DESKTOP-OFJ6N53", "TimeCreated": "2023-10-24 16:16:53.324390+00:00", "RecordID": "3414", "Level": "4", "UserID": "S-1-5-19", "EventData.Reason": "2"}
{"EventID": "1006", "Channel": "Microsoft-Windows-Wcmsvc/Operational", "Provider_Name": "Microsoft-Windows-Wcmsvc", "Computer": "DESKTOP-OFJ6N53", "TimeCreated": "2023-10-24 16:16:53.850943+00:00", "RecordID": "3415", "Level": "4", "UserID": "S-1-5-19", "EventData.Reason": "1"}
{"EventID": "1006", "Channel": "Microsoft-Windows-Wcmsvc/Operational", "Provider_Name": "Microsoft-Windows-Wcmsvc", "Computer": "DESKTOP-OFJ6N53", "TimeCreated": "2023-10-24 16:16:54.164494+00:00", "RecordID": "3416", "Level": "4", "UserID": "S-1-5-19", "EventData.Reason": "3"}
{"EventID": "1006", "Channel": "Microsoft-Windows-Wcmsvc/Operational", "Provider_Name": "Microsoft-Windows-Wcmsvc", "Computer": "DESKTOP-OFJ6N53", "TimeCreated": "2023-10-24 17:23:15.129856+00:00", "RecordID": "3417", "Level": "4", "UserID": "S-1-5-19", "EventData.Reason": "4"}
{"EventID": "1006", "Channel": "Microsoft-Windows-Wcmsvc/Operational", "Provider_Name": "Microsoft-Windows-Wcmsvc", "Computer": "DESKTOP-OFJ6N53", "TimeCreated": "2023-10-27 11:41:01.493774+00:00", "RecordID": "3418", "Level": "4", "UserID": "S-1-5-19", "EventData.Reason": "3"}
{"EventID": "1006", "Channel": "Microsoft-Windows-Wcmsvc/Operational", "Provider_Name": "Microsoft-Windows-Wcmsvc", "Computer": "DESKTOP-OFJ6N53", "TimeCreated": "2023-10-27 11:42:53.867058+00:00", "RecordID": "3419", "Level": "4", "UserID": "S-1-5-19", "EventData.Reason": "4"}
{"EventID": "1006", "Channel": "Microsoft-Windows-Wcmsvc/Operational", "Provider_Name": "Microsoft-Windows-Wcmsvc", "Computer": "DESKTOP-OFJ6N53", "TimeCreated": "2023-10-27 14:40:04.335140+00:00", "RecordID": "3420", "Level": "4", "UserID": "S-1-5-19", "EventData.Reason": "6"}
{"EventID": "10003", "Channel": "Microsoft-Windows-Wcmsvc/Operational", "Provider_Name": "Microsoft-Windows-Wcmsvc", "Computer": "DESKTOP-OFJ6N53", "TimeCreated": "2023-10-27 14:40:13.945261+00:00", "RecordID": "3421", "Level": "4", "UserID": "S-1-5-19"}
{"EventID": "10004", "Channel": "Microsoft-Windows-Wcmsvc/Operational", "Provider_Name": "Microsoft-Windows-Wcmsvc", "Computer": "DESKTOP-OFJ6N53", "TimeCreated": "2023-10-27 14:40:14.119083+00:00", "RecordID": "3422", "Level": "4", "UserID": "S-1-5-19"}
{"EventID": "10001", "Channel": "Microsoft-Windows-Wcmsvc/Operational", "Provider_Name": "Microsoft-Windows-Wcmsvc", "Computer": "DESKTOP-OFJ6N53", "TimeCreated": "2023-10-27 14:40:40.444714+00:00", "RecordID": "3423", "Level": "4", "UserID": "S-1-5-19"}
{"EventID": "1026", "Channel": "Microsoft-Windows-Wcmsvc/Operational", "Provider_Name": "Microsoft-Windows-Wcmsvc", "Computer": "DESKTOP-OFJ6N53", "TimeCreated": "2023-10-27 14:40:40.567074+00:00", "RecordID": "3424", "Level": "4", "UserID": "S-1-5-19", "EventData.InterfaceGuid": "{bed2c4be-ec11-4cc8-aafc-f0fd7a5e3a02}", "EventData.MediaType": "1"}
{"EventID": "1009", "Channel": "Microsoft-Windows-Wcmsvc/Operational", "Provider_Name": "Microsoft-Windows-Wcmsvc", "Computer": "DESKTOP-OFJ6N53", "TimeCreated": "2023-10-27 14:40:40.567387+00:00", "RecordID": "3425", "Level": "4", "UserID": "S-1-5-19", "EventData.InterfaceGuid": "{bed2c4be-ec11-4cc8-aafc-f0fd7a5e3a02}", "EventData.MediaType": "1"}
{"EventID": "10002", "Channel": "Microsoft-Windows-Wcmsvc/Operational", "Provider_Name": "Microsoft-Windows-Wcmsvc", "Computer": "DESKTOP-OFJ6N53", "TimeCreated": "2023-10-27 14:40:40.570120+00:00", "RecordID": "3426", "Level": "4", "UserID": "S-1-5-19"}
{"EventID": "1003", "Channel": "Microsoft-Windows-Wcmsvc/Operational", "Provider_Name": "Microsoft-Windows-Wcmsvc", "Computer": "DESKTOP-OFJ6N53", "TimeCreated": "2023-10-27 14:40:40.577869+00:00", "RecordID": "3427", "Level": "4", "UserID": "S-1-5-19", "EventData.Status": "1", "EventData.Name": "2"}
{"EventID": "1003", "Channel": "Microsoft-Windows-Wcmsvc/Operational", "Provider_Name": "Microsoft-Windows-Wcmsvc", "Computer": "DESKTOP-OFJ6N53", "TimeCreated": "2023-10-27 14:40:40.577883+00:00", "RecordID": "3428", "Level": "4", "UserID": "S-1-5-19", "EventData.Status": "1", "EventData.Name": "3"}
{"EventID": "1006", "Channel": "Microsoft-Windows-Wcmsvc/Operational", "Provider_Name": "Microsoft-Windows-Wcmsvc", "Computer": "DESKTOP-OFJ6N53", "TimeCreated": "2023-10-27 14:40:50.270113+00:00", "RecordID": "3429", "Level": "4", "UserID": "S-1-5-19", "EventData.Reason": "1"}
{"EventID": "1006", "Channel": "Microsoft-Windows-Wcmsvc/Operational", "Provider_Name": "Microsoft-Windows-Wcmsvc", "Computer": "DESKTOP-OFJ6N53", "TimeCreated": "2023-10-27 14:41:17.143436+00:00", "RecordID": "3430", "Level": "4", "UserID": "S-1-5-19", "EventData.Reason": "5"}
{"EventID": "1006", "Channel": "Microsoft-Windows-Wcmsvc/Operational", "Provider_Name": "Microsoft-Windows-Wcmsvc", "Computer": "DESKTOP-OFJ6N53", "TimeCreated": "2023-11-02 14:00:03.549103+00:00", "RecordID": "3431", "Level": "4", "UserID": "S-1-5-19", "EventData.Reason": "2"}
{"EventID": "1006", "Channel": "Microsoft-Windows-Wcmsvc/Operational", "Provider_Name": "Microsoft-Windows-Wcmsvc", "Computer": "DESKTOP-OFJ6N53", "TimeCreated": "2023-11-02 14:00:04.425501+00:00", "RecordID": "3432", "Level": "4", "UserID": "S-1-5-19", "EventData.Reason": "1"}
{"EventID": "1006", "Channel": "Microsoft-Windows-Wcmsvc/Operational", "Provider_Name": "Microsoft-Windows-Wcmsvc", "Computer": "DESKTOP-OFJ6N53", "TimeCreated": "2023-11-02 14:00:04.541367+00:00", "RecordID": "3433", "Level": "4", "UserID": "S-1-5-19", "EventData.Reason": "3"}
{"EventID": "1006", "Channel": "Microsoft-Windows-Wcmsvc/Operational", "Provider_Name": "Microsoft-Windows-Wcmsvc", "Computer": "DESKTOP-OFJ6N53", "TimeCreated": "2023-11-03 05:31:53.364897+00:00", "RecordID": "3434", "Level": "4", "UserID": "S-1-5-19", "EventData.Reason": "4"}
{"EventID": "1006", "Channel": "Microsoft-Windows-Wcmsvc/Operational", "Provider_Name": "Microsoft-Windows-Wcmsvc", "Computer": "DESKTOP-OFJ6N53", "TimeCreated": "2023-11-03 08:38:47.181702+00:00", "RecordID": "3435", "Level": "4", "UserID": "S-1-5-19", "EventData.Reason": "3"}
{"EventID": "1006", "Channel": "Microsoft-Windows-Wcmsvc/Operational", "Provider_Name": "Microsoft-Windows-Wcmsvc", "Computer": "DESKTOP-OFJ6N53", "TimeCreated": "2023-11-03 14:23:36.066500+00:00", "RecordID": "3436", "Level": "4", "UserID": "S-1-5-19", "EventData.Reason": "4"}
{"EventID": "1006", "Channel": "Microsoft-Windows-Wcmsvc/Operational", "Provider_Name": "Microsoft-Windows-Wcmsvc", "Computer": "DESKTOP-OFJ6N53", "TimeCreated": "2023-11-05 19:54:54.864809+00:00", "RecordID": "3437", "Level": "4", "UserID": "S-1-5-19", "EventData.Reason": "3"}
{"EventID": "1006", "Channel": "Microsoft-Windows-Wcmsvc/Operational", "Provider_Name": "Microsoft-Windows-Wcmsvc", "Computer": "DESKTOP-OFJ6N53", "TimeCreated": "2023-11-05 19:55:14.327244+00:00", "RecordID": "3438", "Level": "4", "UserID": "S-1-5-19", "EventData.Reason": "4"}
{"EventID": "1006", "Channel": "Microsoft-Windows-Wcmsvc/Operational", "Provider_Name": "Microsoft-Windows-Wcmsvc", "Computer": "DESKTOP-OFJ6N53", "TimeCreated": "2023-11-08 07:58:11.902842+00:00", "RecordID": "3439", "Level": "4", "UserID": "S-1-5-19", "EventData.Reason": "3"}
{"EventID": "1006", "Channel": "Microsoft-Windows-Wcmsvc/Operational", "Provider_Name": "Microsoft-Windows-Wcmsvc", "Computer": "DESKTOP-OFJ6N53", "TimeCreated": "2023-11-08 12:41:49.634136+00:00", "RecordID": "3440", "Level": "4", "UserID": "S-1-5-19", "EventData.Reason": "4"}
{"EventID": "1006", "Channel": "Microsoft-Windows-Wcmsvc/Operational", "Provider_Name": "Microsoft-Windows-Wcmsvc", "Computer": "DESKTOP-OFJ6N53", "TimeCreated": "2023-11-09 11:22:35.666775+00:00", "RecordID": "3441", "Level": "4", "UserID": "S-1-5-19", "EventData.Reason": "3"}
{"EventID": "1006", "Channel": "Microsoft-Windows-Wcmsvc/Operational", "Provider_Name": "Microsoft-Windows-Wcmsvc", "Computer": "DESKTOP-OFJ6N53", "TimeCreated": "2023-11-10 06:21:18.964155+00:00", "RecordID": "3442", "Level": "4", "UserID": "S-1-5-19", "EventData.Reason": "4"}
{"EventID": "1006", "Channel": "Microsoft-Windows-Wcmsvc/Operational", "Provider_Name": "Microsoft-Windows-Wcmsvc", "Computer": "DESKTOP-OFJ6N53", "TimeCreated": "2023-11-10 11:53:45.261061+00:00", "RecordID": "3443", "Level": "4", "UserID": "S-1-5-19", "EventData.Reason": "3"}
{"EventID": "1006", "Channel": "Microsoft-Windows-Wcmsvc/Operational", "Provider_Name": "Microsoft-Windows-Wcmsvc", "Computer": "DESKTOP-OFJ6N53", "TimeCreated": "2023-11-11 07:53:24.855711+00:00", "RecordID": "3444", "Level": "4", "UserID": "S-1-5-19", "EventData.Reason": "4"}
{"EventID": "1006", "Channel": "Microsoft-Windows-Wcmsvc/Operational", "Provider_Name": "Microsoft-Windows-Wcmsvc", "Computer": "DESKTOP-OFJ6N53", "TimeCreated": "2023-11-13 08:28:52.073374+00:00", "RecordID": "3445", "Level": "4", "UserID": "S-1-5-19", "EventData.Reason": "3"}
{"EventID": "1006", "Channel": "Microsoft-Windows-Wcmsvc/Operational", "Provider_Name": "Microsoft-Windows-Wcmsvc", "Computer": "DESKTOP-OFJ6N53", "TimeCreated": "2023-11-13 16:46:10.422783+00:00", "RecordID": "3446", "Level": "4", "UserID": "S-1-5-19", "EventData.Reason": "4"}
{"EventID": "1006", "Channel": "Microsoft-Windows-Wcmsvc/Operational", "Provider_Name": "Microsoft-Windows-Wcmsvc", "Computer": "DESKTOP-OFJ6N53", "TimeCreated": "2023-11-16 12:11:23.398943+00:00", "RecordID": "3447", "Level": "4", "UserID": "S-1-5-19", "EventData.Reason": "3"}
{"EventID": "1006", "Channel": "Microsoft-Windows-Wcmsvc/Operational", "Provider_Name": "Microsoft-Windows-Wcmsvc", "Computer": "DESKTOP-OFJ6N53", "TimeCreated": "2023-11-16 12:11:41.577908+00:00", "RecordID": "3448", "Level": "4", "UserID": "S-1-5-19", "EventData.Reason": "4"}
{"EventID": "1006", "Channel": "Microsoft-Windows-Wcmsvc/Operational", "Provider_Name": "Microsoft-Windows-Wcmsvc", "Computer": "DESKTOP-OFJ6N53", "TimeCreated": "2023-11-20 14:02:14.692890+00:00", "RecordID": "3449", "Level": "4", "UserID": "S-1-5-19", "EventData.Reason": "3"}
{"EventID": "1006", "Channel": "Microsoft-Windows-Wcmsvc/Operational", "Provider_Name": "Microsoft-Windows-Wcmsvc", "Computer": "DESKTOP-OFJ6N53", "TimeCreated": "2023-11-20 14:06:33.846325+00:00", "RecordID": "3450", "Level": "4", "UserID": "S-1-5-19", "EventData.Reason": "4"}
{"EventID": "1006", "Channel": "Microsoft-Windows-Wcmsvc/Operational", "Provider_Name": "Microsoft-Windows-Wcmsvc", "Computer": "DESKTOP-OFJ6N53", "TimeCreated": "2023-11-20 14:07:28.906610+00:00", "RecordID": "3451", "Level": "4", "UserID": "S-1-5-19", "EventData.Reason": "2"}
{"EventID": "1006", "Channel": "Microsoft-Windows-Wcmsvc/Operational", "Provider_Name": "Microsoft-Windows-Wcmsvc", "Computer": "DESKTOP-OFJ6N53", "TimeCreated": "2023-11-20 14:07:29.075176+00:00", "RecordID": "3452", "Level": "4", "UserID": "S-1-5-19", "EventData.Reason": "1"}
{"EventID": "1006", "Channel": "Microsoft-Windows-Wcmsvc/Operational", "Provider_Name": "Microsoft-Windows-Wcmsvc", "Computer": "DESKTOP-OFJ6N53", "TimeCreated": "2023-11-20 15:00:05.937685+00:00", "RecordID": "3453", "Level": "4", "UserID": "S-1-5-19", "EventData.Reason": "6"}
{"EventID": "10003", "Channel": "Microsoft-Windows-Wcmsvc/Operational", "Provider_Name": "Microsoft-Windows-Wcmsvc", "Computer": "DESKTOP-OFJ6N53", "TimeCreated": "2023-11-20 15:05:06.884525+00:00", "RecordID": "3454", "Level": "4", "UserID": "S-1-5-19"}
{"EventID": "10004", "Channel": "Microsoft-Windows-Wcmsvc/Operational", "Provider_Name": "Microsoft-Windows-Wcmsvc", "Computer": "DESKTOP-OFJ6N53", "TimeCreated": "2023-11-20 15:05:07.107416+00:00", "RecordID": "3455", "Level": "4", "UserID": "S-1-5-19"}
{"EventID": "10001", "Channel": "Microsoft-Windows-Wcmsvc/Operational", "Provider_Name": "Microsoft-Windows-Wcmsvc", "Computer": "DESKTOP-OFJ6N53", "TimeCreated": "2023-11-20 15:05:37.966997+00:00", "RecordID": "3456", "Level": "4", "UserID": "S-1-5-19"}
{"EventID": "1026", "Channel": "Microsoft-Windows-Wcmsvc/Operational", "Provider_Name": "Microsoft-Windows-Wcmsvc", "Computer": "DESKTOP-OFJ6N53", "TimeCreated": "2023-11-20 15:05:38.123573+00:00", "RecordID": "3457", "Level": "4", "UserID": "S-1-5-19", "EventData.InterfaceGuid": "{bed2c4be-ec11-4cc8-aafc-f0fd7a5e3a02}", "EventData.MediaType": "1"}
{"EventID": "1009", "Channel": "Microsoft-Windows-Wcmsvc/Operational", "Provider_Name": "Microsoft-Windows-Wcmsvc", "Computer": "DESKTOP-OFJ6N53", "TimeCreated": "2023-11-20 15:05:38.123781+00:00", "RecordID": "3458", "Level": "4", "UserID": "S-1-5-19", "EventData.InterfaceGuid": "{bed2c4be-ec11-4cc8-aafc-f0fd7a5e3a02}", "EventData.MediaType": "1"}
{"EventID": "10002", "Channel": "Microsoft-Windows-Wcmsvc/Operational", "Provider_Name": "Microsoft-Windows-Wcmsvc", "Computer": "DESKTOP-OFJ6N53", "TimeCreated": "2023-11-20 15:05:38.133183+00:00", "RecordID": "3459", "Level": "4", "UserID": "S-1-5-19"}
{"EventID": "1003", "Channel": "Microsoft-Windows-Wcmsvc/Operational", "Provider_Name": "Microsoft-Windows-Wcmsvc", "Computer": "DESKTOP-OFJ6N53", "TimeCreated": "2023-11-20 15:05:38.144060+00:00", "RecordID": "3460", "Level": "4", "UserID": "S-1-5-19", "EventData.Status": "1", "EventData.Name": "2"}
