{"EventID": "614", "Channel": "Microsoft-Windows-AppXDeploymentServer/Operational", "Provider_Name": "Microsoft-Windows-AppXDeployment-Server", "Computer": "DESKTOP-OFJ6N53", "TimeCreated": "2025-08-07 16:51:49.598528+00:00", "RecordID": "115425", "Level": "5", "UserID": "S-1-5-18", "EventData.PathOne": "x-windowsupdate://09196789-E9FA-40B9-9A3F-1FC063E67033/EAAC6C6B-10A4-4659-815B-44F151ECA61A/999c0b0d75f2d9e27191f6c41a2258f946fc41cd", "EventData.PathTwo": "\"OfficeApp_19.2508.31121.0_x64.msix\": Microsoft.MicrosoftOfficeHub_19.2508.31121.0_x64__8wekyb3d8bbwe \"OfficeApp_19.2508.31121.0_ARM64.msix\": Microsoft.MicrosoftOfficeHub_19.2508.31121.0_arm64__8wekyb3d8bbwe \"OfficeApp_19.2508.31121.0_language-af.msix\": Microsoft.MicrosoftOfficeHub_19.2508.31121.0_neutral_split.language-af_8wekyb3d8bbwe \"OfficeApp_19.2508.31121.0_language-am.msix\": Microsoft.MicrosoftOfficeHub_19.2508.31121.0_neutral_split.language-am_8wekyb3d8bbwe \"OfficeApp_19.2508.31121.0_language-ar.msix\": Microsoft.MicrosoftOfficeHub_19.2508.31121.0_neutral_split.language-ar_8wekyb3d8bbwe \"OfficeApp_19.2508.31121.0_language-as.msix\": Microsoft.MicrosoftOfficeHub_19.2508.31121.0_neutral_split.language-as_8wekyb3d8bbwe \"OfficeApp_19.2508.31121.0_language-az-latn.msix\": Microsoft.MicrosoftOfficeHub_19.2508.31121.0_neutral_split.language-az-latn_8wekyb3d8bbwe \"OfficeApp_19.2508.31121.0_language-bg.msix\": Microsoft.MicrosoftOfficeHub_19.2508.31121.0_neutral_split.language-bg_8wekyb3d8bbwe \"OfficeApp_19.2508.31121.0_language-bn.msix\": Microsoft.MicrosoftOfficeHub_19.2508.31121.0_neutral_split.language-bn_8wekyb3d8bbwe \"OfficeApp_19.2508.31121.0_language-bs.msix\": Microsoft.MicrosoftOfficeHub_19.2508.31121.0_neutral_split.language-bs_8wekyb3d8bbwe \"OfficeApp_19.2508.31121.0_language-ca.msix\": Microsoft.MicrosoftOfficeHub_19.2508.31121.0_neutral_split.language-ca_8wekyb3d8bbwe \"OfficeApp_19.2508.31121.0_language-cs.msix\": Microsoft.MicrosoftOfficeHub_19.2508.31121.0_neutral_split.language-cs_8wekyb3d8bbwe \"OfficeApp_19.2508.31121.0_language-cy.msix\": Microsoft.MicrosoftOfficeHub_19.2508.31121.0_neutral_split.language-cy_8wekyb3d8bbwe \"OfficeApp_19.2508.31121.0_language-da.msix\": Microsoft.MicrosoftOfficeHub_19.2508.31121.0_neutral_split.language-da_8wekyb3d8bbwe \"OfficeApp_19.2508.31121.0_language-de.msix\": Microsoft.MicrosoftOfficeHub_19.2508.31121.0_neutral_split.language-de_8wekyb3d8bbwe \"OfficeApp_19.2508.31121.0_language-el.msix\": Microsoft.MicrosoftOfficeHub_19.2508.31121.0_neutral_split.language-el_8wekyb3d8bbwe \"OfficeApp_19.2508.31121.0_language-es.msix\": Microsoft.MicrosoftOfficeHub_19.2508.31121.0_neutral_split.language-es_8wekyb3d8bbwe \"OfficeApp_19.2508.31121.0_language-et.msix\": Microsoft.MicrosoftOfficeHub_19.2508.31121.0_neutral_split.language-et_8wekyb3d8bbwe \"OfficeApp_19.2508.31121.0_language-eu.msix\": Microsoft.MicrosoftOfficeHub_19.2508.31121.0_neutral_split.language-eu_8wekyb3d8bbwe \"OfficeApp_19.2508.31121.0_language-fa.msix\": Microsoft.MicrosoftOfficeHub_19.2508.31121.0_neutral_split.language-fa_8wekyb3d8bbwe \"OfficeApp_19.2508.31121.0_language-fi.msix\": Microsoft.MicrosoftOfficeHub_19.2508.31121.0_neutral_split.language-fi_8wekyb3d8bbwe \"OfficeApp_19.2508.31121.0_language-fil-latn.msix\": Microsoft.MicrosoftOfficeHub_19.2508.31121.0_neutral_split.language-fil-latn_8wekyb3d8bbwe \"OfficeApp_19.2508.31121.0_language-fr.msix\": Microsoft.MicrosoftOfficeHub_19.2508.31121.0_neutral_split.language-fr_8wekyb3d8bbwe \"OfficeApp_19.2508.31121.0_language-ga.msix\": Microsoft.MicrosoftOfficeHub_19.2508.31121.0_neutral_split.language-ga_8wekyb3d8bbwe \"OfficeApp_19.2508.31121.0_language-gd-latn.msix\": Microsoft.MicrosoftOfficeHub_19.2508.31121.0_neutral_split.language-gd-latn_8wekyb3d8bbwe \"OfficeApp_19.2508.31121.0_language-gl.msix\": Microsoft.MicrosoftOfficeHub_19.2508.31121.0_neutral_split.language-gl_8wekyb3d8bbwe \"OfficeApp_19.2508.31121.0_language-gu.msix\": Microsoft.MicrosoftOfficeHub_19.2508.31121.0_neutral_split.language-gu_8wekyb3d8bbwe \"OfficeApp_19.2508.31121.0_language-he.msix\": Microsoft.MicrosoftOfficeHub_19.2508.31121.0_neutral_split.language-he_8wekyb3d8bbwe \"OfficeApp_19.2508.31121.0_language-hi.msix\": Microsoft.MicrosoftOfficeHub_19.2508.31121.0_neutral_split.language-hi_8wekyb3d8bbwe \"OfficeApp_19.2508.31121.0_language-hr.msix\": Microsoft.MicrosoftOfficeHub_19.2508.31121.0_neutral_split.language-hr_8wekyb3d8bbwe \"OfficeApp_19.2508.31121.0_language-hu.msix\": Microsoft.MicrosoftOfficeHub_19.2508.31121.0_neutral_split.language-hu_8wekyb3d8bbwe \"OfficeApp_19.2508.31121.0_language-id.msix\": Microsoft.MicrosoftOfficeHub_19.2508.31121.0_neutral_split.language-id_8wekyb3d8bbwe \"OfficeApp_19.2508.31121.0_language-is.msix\": Microsoft.MicrosoftOfficeHub_19.2508.31121.0_neutral_split.language-is_8wekyb3d8bbwe \"OfficeApp_19.2508.31121.0_language-it.msix\": Microsoft.MicrosoftOfficeHub_19.2508.31121.0_neutral_split.language-it_8wekyb3d8bbwe \"OfficeApp_19.2508.31121.0_language-ja.msix\": Microsoft.MicrosoftOfficeHub_19.2508.31121.0_neutral_split.language-ja_8wekyb3d8bbwe \"OfficeApp_19.2508.31121.0_language-ka.msix\": Microsoft.MicrosoftOfficeHub_19.2508.31121.0_neutral_split.language-ka_8wekyb3d8bbwe \"OfficeApp_19.2508.31121.0_language-kk.msix\": Microsoft.MicrosoftOfficeHub_19.2508.31121.0_neutral_split.language-kk_8wekyb3d8bbwe \"OfficeApp_19.2508.31121.0_language-km.msix\": Microsoft.MicrosoftOfficeHub_19.2508.31121.0_neutral_split.language-km_8wekyb3d8bbwe \"OfficeApp_19.2508.31121.0_language-kn.msix\": Microsoft.MicrosoftOfficeHub_19.2508.31121.0_neutral_split.language-kn_8wekyb3d8bbwe \"OfficeApp_19.2508.31121.0_language-ko.msix\": Microsoft.MicrosoftOfficeHub_19.2508.31121.0_neutral_split.language-ko_8wekyb3d8bbwe \"OfficeApp_19.2508.31121.0_language-kok.msix\": Microsoft.MicrosoftOfficeHub_19.2508.31121.0_neutral_split.language-kok_8wekyb3d8bbwe \"OfficeApp_19.2508.31121.0_language-lb.msix\": Microsoft.MicrosoftOfficeHub_19.2508.31121.0_neutral_split.language-lb_8wekyb3d8bbwe \"OfficeApp_19.2508.31121.0_language-lo.msix\": Microsoft.MicrosoftOfficeHub_19.2508.31121.0_neutral_split.language-lo_8wekyb3d8bbwe \"OfficeApp_19.2508.31121.0_language-lt.msix\": Microsoft.MicrosoftOfficeHub_19.2508.31121.0_neutral_split.language-lt_8wekyb3d8bbwe \"OfficeApp_19.2508.31121.0_language-lv.msix\": Microsoft.MicrosoftOfficeHub_19.2508.31121.0_neutral_split.language-lv_8wekyb3d8bbwe \"OfficeApp_19.2508.31121.0_language-mi-latn.msix\": Microsoft.MicrosoftOfficeHub_19.2508.31121.0_neutral_split.language-mi-latn_8wekyb3d8bbwe \"OfficeApp_19.2508.31121.0_language-mk.msix\": Microsoft.MicrosoftOfficeHub_19.2508.31121.0_neutral_split.language-mk_8wekyb3d8bbwe \"OfficeApp_19.2508.31121.0_language-ml.msix\": Microsoft.MicrosoftOfficeHub_19.2508.31121.0_neutral_split.language-ml_8wekyb3d8bbwe \"OfficeApp_19.2508.31121.0_language-mr.msix\": Microsoft.MicrosoftOfficeHub_19.2508.31121.0_neutral_split.language-mr_8wekyb3d8bbwe \"OfficeApp_19.2508.31121.0_language-ms.msix\": Microsoft.MicrosoftOfficeHub_19.2508.31121.0_neutral_split.language-ms_8wekyb3d8bbwe \"OfficeApp_19.2508.31121.0_language-mt.msix\": Microsoft.MicrosoftOfficeHub_19.2508.31121.0_neutral_split.language-mt_8wekyb3d8bbwe \"OfficeApp_19.2508.31121.0_language-nb.msix\": Microsoft.MicrosoftOfficeHub_19.2508.31121.0_neutral_split.language-nb_8wekyb3d8bbwe \"OfficeApp_19.2508.31121.0_language-ne.msix\": Microsoft.MicrosoftOfficeHub_19.2508.31121.0_neutral_split.language-ne_8wekyb3d8bbwe \"OfficeApp_19.2508.31121.0_language-nl.msix\": Microsoft.MicrosoftOfficeHub_19.2508.31121.0_neutral_split.language-nl_8wekyb3d8bbwe \"OfficeApp_19.2508.31121.0_language-nn.msix\": Microsoft.MicrosoftOfficeHub_19.2508.31121.0_neutral_split.language-nn_8wekyb3d8bbwe \"OfficeApp_19.2508.31121.0_language-or.msix\": Microsoft.MicrosoftOfficeHub_19.2508.31121.0_neutral_split.language-or_8wekyb3d8bbwe \"OfficeApp_19.2508.31121.0_language-pa.msix\": Microsoft.MicrosoftOfficeHub_19.2508.31121.0_neutral_split.language-pa_8wekyb3d8bbwe \"OfficeApp_19.2508.31121.0_language-pl.msix\": Microsoft.MicrosoftOfficeHub_19.2508.31121.0_neutral_split.language-pl_8wekyb3d8bbwe \"OfficeApp_19.2508.31121.0_language-pt.msix\": Microsoft.MicrosoftOfficeHub_19.2508.31121.0_neutral_split.language-pt_8wekyb3d8bbwe \"OfficeApp_19.2508.31121.0_language-quz-latn.msix\": Microsoft.MicrosoftOfficeHub_19.2508.31121.0_neutral_split.language-quz-latn_8wekyb3d8bbwe \"OfficeApp_19.2508.31121.0_language-ro.msix\": Microsoft.MicrosoftOfficeHub_19.2508.31121.0_neutral_split.language-ro_8wekyb3d8bbwe \"OfficeApp_19.2508.31121.0_language-ru.msix\": Microsoft.MicrosoftOfficeHub_19.2508.31121.0_neutral_split.language-ru_8wekyb3d8bbwe \"OfficeApp_19.2508.31121.0_language-sk.msix\": Microsoft.MicrosoftOfficeHub_19.2508.31121.0_neutral_split.language-sk_8wekyb3d8bbwe \"OfficeApp_19.2508.31121.0_language-sl.msix\": Microsoft.MicrosoftOfficeHub_19.2508.31121.0_neutral_split.language-sl_8wekyb3d8bbwe \"OfficeApp_19.2508.31121.0_language-sq.msix\": Microsoft.MicrosoftOfficeHub_19.2508.31121.0_neutral_split.language-sq_8wekyb3d8bbwe \"OfficeApp_19.2508.31121.0_language-sr-cyrl.msix\": Microsoft.MicrosoftOfficeHub_19.2508.31121.0_neutral_split.language-sr-cyrl_8wekyb3d8bbwe \"OfficeApp_19.2508.31121.0_language-sr-latn.msix\": Microsoft.MicrosoftOfficeHub_19.2508.31121.0_neutral_split.language-sr-latn_8wekyb3d8bbwe \"OfficeApp_19.2508.31121.0_language-sv.msix\": Microsoft.MicrosoftOfficeHub_19.2508.31121.0_neutral_split.language-sv_8wekyb3d8bbwe \"OfficeApp_19.2508.31121.0_language-ta.msix\": Microsoft.MicrosoftOfficeHub_19.2508.31121.0_neutral_split.language-ta_8wekyb3d8bbwe \"OfficeApp_19.2508.31121.0_language-te.msix\": Microsoft.MicrosoftOfficeHub_19.2508.31121.0_neutral_split.language-te_8wekyb3d8bbwe \"OfficeApp_19.2508.31121.0_language-th.msix\": Microsoft.MicrosoftOfficeHub_19.2508.31121.0_neutral_split.language-th_8wekyb3d8bbwe \"OfficeApp_19.2508.31121.0_language-tr.msix\": Microsoft.MicrosoftOfficeHub_19.2508.31121.0_neutral_split.language-tr_8wekyb3d8bbwe \"OfficeApp_19.2508.31121.0_language-tt-cyrl.msix\": Microsoft.MicrosoftOfficeHub_19.2508.31121.0_neutral_split.language-tt-cyrl_8wekyb3d8bbwe \"OfficeApp_19.2508.31121.0_language-ug-arab.msix\": Microsoft.MicrosoftOfficeHub_19.2508.31121.0_neutral_split.language-ug-arab_8wekyb3d8bbwe \"OfficeApp_19.2508.31121.0_language-uk.msix\": Microsoft.MicrosoftOfficeHub_19.2508.31121.0_neutral_split.language-uk_8wekyb3d8bbwe \"OfficeApp_19.2508.31121.0_language-ur.msix\": Microsoft.MicrosoftOfficeHub_19.2508.31121.0_neutral_split.language-ur_8wekyb3d8bbwe \"OfficeApp_19.2508.31121.0_language-vi.msix\": Microsoft.MicrosoftOfficeHub_19.2508.31121.0_neutral_split.language-vi_8wekyb3d8bbwe \"OfficeApp_19.2508.31121.0_language-zh-hans.msix\": Microsoft.MicrosoftOfficeHub_19.2508.31121.0_neutral_split.language-zh-hans_8wekyb3d8bbwe \"OfficeApp_19.2508.31121.0_language-zh-hant.msix\": Microsoft.MicrosoftOfficeHub_19.2508.31121.0_neutral_split.language-zh-hant_8wekyb3d8bbwe \"OfficeApp_19.2508.31121.0_scale-100.msix\": Microsoft.MicrosoftOfficeHub_19.2508.31121.0_neutral_split.scale-100_8wekyb3d8bbwe \"OfficeApp_19.2508.31121.0_scale-125.msix\": Microsoft.MicrosoftOfficeHub_19.2508.31121.0_neutral_split.scale-125_8wekyb3d8bbwe \"OfficeApp_19.2508.31121.0_scale-140.msix\": Microsoft.MicrosoftOfficeHub_19.2508.31121.0_neutral_split.scale-140_8wekyb3d8bbwe \"OfficeApp_19.2508.31121.0_scale-150.msix\": Microsoft.MicrosoftOfficeHub_19.2508.31121.0_neutral_split.scale-150_8wekyb3d8bbwe \"OfficeApp_19.2508.31121.0_scale-180.msix\": Microsoft.MicrosoftOfficeHub_19.2508.31121.0_neutral_split.scale-180_8wekyb3d8bbwe \"OfficeApp_19.2508.31121.0_scale-300.msix\": Microsoft.MicrosoftOfficeHub_19.2508.31121.0_neutral_split.scale-300_8wekyb3d8bbwe \"OfficeApp_19.2508.31121.0_scale-400.msix\": Microsoft.MicrosoftOfficeHub_19.2508.31121.0_neutral_split.scale-400_8wekyb3d8bbwe"}
{"EventID": "854", "Channel": "Microsoft-Windows-AppXDeploymentServer/Operational", "Provider_Name": "Microsoft-Windows-AppXDeployment-Server", "Computer": "DESKTOP-OFJ6N53", "TimeCreated": "2025-08-07 16:51:50.996992+00:00", "RecordID": "115426", "Level": "4", "UserID": "S-1-5-18", "EventData.Path": "x-windowsupdate://09196789-E9FA-40B9-9A3F-1FC063E67033/EAAC6C6B-10A4-4659-815B-44F151ECA61A/999c0b0d75f2d9e27191f6c41a2258f946fc41cd x-windowsupdate://09196789-E9FA-40B9-9A3F-1FC063E67033/EAAC6C6B-10A4-4659-815B-44F151ECA61A/999c0b0d75f2d9e27191f6c41a2258f946fc41cd\\OfficeApp_19.2508.31121.0_x64.msix x-windowsupdate://09196789-E9FA-40B9-9A3F-1FC063E67033/EAAC6C6B-10A4-4659-815B-44F151ECA61A/999c0b0d75f2d9e27191f6c41a2258f946fc41cd\\OfficeApp_19.2508.31121.0_scale-100.msix x-windowsupdate://09196789-E9FA-40B9-9A3F-1FC063E67033/EAAC6C6B-10A4-4659-815B-44F151ECA61A/999c0b0d75f2d9e27191f6c41a2258f946fc41cd\\OfficeApp_19.2508.31121.0_language-ru.msix x-windowsupdate://09196789-E9FA-40B9-9A3F-1FC063E67033/EAAC6C6B-10A4-4659-815B-44F151ECA61A/999c0b0d75f2d9e27191f6c41a2258f946fc41cd\\OfficeApp_19.2508.31121.0_scale-125.msix"}
{"EventID": "1230", "Channel": "Microsoft-Windows-AppXDeploymentServer/Operational", "Provider_Name": "Microsoft-Windows-AppXDeployment-Server", "Computer": "DESKTOP-OFJ6N53", "TimeCreated": "2025-08-07 16:51:53.048088+00:00", "RecordID": "115427", "Level": "3", "UserID": "S-1-5-18", "EventData.Path": "\\Program Files\\WindowsApps\\MicrosoftWindows.CrossDevice_1.25032.52.0_x64__cw5n1h2txyewy\\Microsoft.DiaSymReader.Native.amd64.dll;\\Program Files\\WindowsApps\\MicrosoftWindows.CrossDevice_1.25032.52.0_x64__cw5n1h2txyewy\\msquic.dll;"}
{"EventID": "400", "Channel": "Microsoft-Windows-AppXDeploymentServer/Operational", "Provider_Name": "Microsoft-Windows-AppXDeployment-Server", "Computer": "DESKTOP-OFJ6N53", "TimeCreated": "2025-08-07 16:51:57.868711+00:00", "RecordID": "115428", "Level": "4", "UserID": "S-1-5-18", "EventData.DeploymentOperation": "4", "EventData.PackageFullName": "Microsoft.MicrosoftOfficeHub_2025.801.1334.0_neutral_~_8wekyb3d8bbwe", "EventData.Path": "(999c0b0d75f2d9e27191f6c41a2258f946fc41cd)", "EventData.MountPoint": "C:", "EventData.TargetPlatform": "0x00000003", "EventData.SystemVolume": "True", "EventData.StorageId": "\\\\?\\Volume{c33a8663-71a2-4031-8cec-c21914fe12ad}", "EventData.IsCentennial": "False", "EventData.PackageType": "0x00000008", "EventData.IsPackageEncrypted": "False", "EventData.DeploymentOptions": "0x0040008004000010", "EventData.IsStreamingPackage": "False", "EventData.IsInRelatedSet": "False", "EventData.IsPackageUsingBDC": "False", "EventData.MainPackageFamilyName": "NULL", "EventData.CallingProcess": "svchost.exe,wuauserv", "EventData.IsOptional": "False", "EventData.PackageFlags": "0x00000000", "EventData.PackageFlags2": "0x00000800", "EventData.HasWin32alacarte": "False", "EventData.HasFullTrust": "False", "EventData.ExternalLocation": null, "EventData.PackageSourceUri": "x-windowsupdate://09196789-E9FA-40B9-9A3F-1FC063E67033/EAAC6C6B-10A4-4659-815B-44F151ECA61A/999c0b0d75f2d9e27191f6c41a2258f946fc41cd"}
{"EventID": "478", "Channel": "Microsoft-Windows-AppXDeploymentServer/Operational", "Provider_Name": "Microsoft-Windows-AppXDeployment-Server", "Computer": "DESKTOP-OFJ6N53", "TimeCreated": "2025-08-07 16:51:57.868805+00:00", "RecordID": "115429", "Level": "5", "UserID": "S-1-5-18", "EventData.DeploymentOperation": "4", "EventData.PackageFullName": "Microsoft.MicrosoftOfficeHub_19.2508.31121.0_x64__8wekyb3d8bbwe", "EventData.Path": "(999c0b0d75f2d9e27191f6c41a2258f946fc41cd)", "EventData.MountPoint": "C:", "EventData.TargetPlatform": "0x00000003", "EventData.SystemVolume": "True", "EventData.StorageId": "\\\\?\\Volume{c33a8663-71a2-4031-8cec-c21914fe12ad}", "EventData.IsCentennial": "True", "EventData.PackageType": "0x00000001", "EventData.IsPackageEncrypted": "False", "EventData.DeploymentOptions": "0x0040008004000010", "EventData.IsStreamingPackage": "False", "EventData.IsInRelatedSet": "False", "EventData.IsPackageUsingBDC": "False", "EventData.MainPackageFamilyName": "NULL", "EventData.CallingProcess": "svchost.exe,wuauserv", "EventData.IsOptional": "False", "EventData.PackageFlags": "0x0080804c", "EventData.PackageFlags2": "0x00000800", "EventData.HasWin32alacarte": "False", "EventData.HasFullTrust": "True", "EventData.ExternalLocation": null, "EventData.PackageSourceUri": "x-windowsupdate://09196789-E9FA-40B9-9A3F-1FC063E67033/EAAC6C6B-10A4-4659-815B-44F151ECA61A/999c0b0d75f2d9e27191f6c41a2258f946fc41cd"}
{"EventID": "649", "Channel": "Microsoft-Windows-AppXDeploymentServer/Operational", "Provider_Name": "Microsoft-Windows-AppXDeployment-Server", "Computer": "DESKTOP-OFJ6N53", "TimeCreated": "2025-08-07 16:51:57.885256+00:00", "RecordID": "115430", "Level": "4", "UserID": "S-1-5-18", "EventData.DeploymentOperation": "4", "EventData.PackageFullName": "Microsoft.MicrosoftOfficeHub_2025.801.1334.0_neutral_~_8wekyb3d8bbwe", "EventData.Summary": "PostDeploymentOperationCheck cost: 0 ms"}
{"EventID": "613", "Channel": "Microsoft-Windows-AppXDeploymentServer/Operational", "Provider_Name": "Microsoft-Windows-AppXDeployment-Server", "Computer": "DESKTOP-OFJ6N53", "TimeCreated": "2025-08-07 16:51:57.977133+00:00", "RecordID": "115431", "Level": "4", "UserID": "S-1-5-18", "EventData.DeploymentOperation": "4", "EventData.PackageFullName": "Microsoft.MicrosoftOfficeHub_2025.801.1334.0_neutral_~_8wekyb3d8bbwe", "EventData.Summary": "Overall time: 9579 ms\nEnqueue cost: 1188 ms\nDequeue delay: 0 ms\nBundle processing cost: 1406 ms\nIndexing cost: 328 ms\nResolve dependency cost: 0 ms\nGap: 32 ms\nCheck approval cost: 15 ms\nEvaluation cost: 2235 ms\nHardlinking evaluation cost: 141 ms\nStage required cost: 2765 ms\nFlushing and closing files cost: 16 ms\nGap: 31 ms\nMachine register cost: 766 ms\nStage user data cost: 0 ms\nRegistration cost: 0 ms\nRepository commit transaction cost: 703 ms\nGap: 16 ms\nData flush cost: 0 ms\nPost DeStage repository commit transaction cost: 0 ms\nRemaining cost: 94 ms"}
{"EventID": "603", "Channel": "Microsoft-Windows-AppXDeploymentServer/Operational", "Provider_Name": "Microsoft-Windows-AppXDeployment-Server", "Computer": "DESKTOP-OFJ6N53", "TimeCreated": "2025-08-07 16:51:59.413725+00:00", "RecordID": "115432", "Level": "4", "UserID": "S-1-5-21-963789628-1060504924-4285088085-1001", "EventData.DeploymentOperation": "20", "EventData.Path": "Microsoft.MicrosoftOfficeHub_8wekyb3d8bbwe", "EventData.Flags": "67127296", "EventData.FlagsHigh": "262144", "EventData.CallingProcess": "svchost.exe,wuauserv", "EventData.ExternalLocation": null}
{"EventID": "10002", "Channel": "Microsoft-Windows-AppXDeploymentServer/Operational", "Provider_Name": "Microsoft-Windows-AppXDeployment-Server", "Computer": "DESKTOP-OFJ6N53", "TimeCreated": "2025-08-07 16:51:59.437986+00:00", "RecordID": "115433", "Level": "5", "UserID": "S-1-5-18", "EventData.DeploymentOperation": "6", "EventData.MainPackageMoniker": "Microsoft.MicrosoftOfficeHub_2025.801.1334.0_neutral_~_8wekyb3d8bbwe", "EventData.ResiliencyFilePath": "C:\\ProgramData\\Microsoft\\Windows\\AppRepository\\6847092a-8810-4863-ab6a-cce40b99728b_S-1-5-21-963789628-1060504924-4285088085-1001_3.rslc"}
{"EventID": "607", "Channel": "Microsoft-Windows-AppXDeploymentServer/Operational", "Provider_Name": "Microsoft-Windows-AppXDeployment-Server", "Computer": "DESKTOP-OFJ6N53", "TimeCreated": "2025-08-07 16:51:59.438707+00:00", "RecordID": "115434", "Level": "4", "UserID": "S-1-5-21-963789628-1060504924-4285088085-1001", "EventData.DeploymentOperation": "6", "EventData.PackageFullName": "Microsoft.MicrosoftOfficeHub_2025.801.1334.0_neutral_~_8wekyb3d8bbwe", "EventData.UserSid": "S-1-5-21-963789628-1060504924-4285088085-1001", "EventData.CallingProcess": "svchost.exe,wuauserv"}
{"EventID": "614", "Channel": "Microsoft-Windows-AppXDeploymentServer/Operational", "Provider_Name": "Microsoft-Windows-AppXDeployment-Server", "Computer": "DESKTOP-OFJ6N53", "TimeCreated": "2025-08-07 16:51:59.445999+00:00", "RecordID": "115435", "Level": "5", "UserID": "S-1-5-21-963789628-1060504924-4285088085-1001", "EventData.PathOne": "C:\\Program Files\\WindowsApps\\Microsoft.MicrosoftOfficeHub_2025.801.1334.0_neutral_~_8wekyb3d8bbwe\\AppxMetadata\\AppxBundleManifest.xml", "EventData.PathTwo": "\"OfficeApp_19.2508.31121.0_x64.msix\": Microsoft.MicrosoftOfficeHub_19.2508.31121.0_x64__8wekyb3d8bbwe \"OfficeApp_19.2508.31121.0_ARM64.msix\": Microsoft.MicrosoftOfficeHub_19.2508.31121.0_arm64__8wekyb3d8bbwe \"OfficeApp_19.2508.31121.0_language-af.msix\": Microsoft.MicrosoftOfficeHub_19.2508.31121.0_neutral_split.language-af_8wekyb3d8bbwe \"OfficeApp_19.2508.31121.0_language-am.msix\": Microsoft.MicrosoftOfficeHub_19.2508.31121.0_neutral_split.language-am_8wekyb3d8bbwe \"OfficeApp_19.2508.31121.0_language-ar.msix\": Microsoft.MicrosoftOfficeHub_19.2508.31121.0_neutral_split.language-ar_8wekyb3d8bbwe \"OfficeApp_19.2508.31121.0_language-as.msix\": Microsoft.MicrosoftOfficeHub_19.2508.31121.0_neutral_split.language-as_8wekyb3d8bbwe \"OfficeApp_19.2508.31121.0_language-az-latn.msix\": Microsoft.MicrosoftOfficeHub_19.2508.31121.0_neutral_split.language-az-latn_8wekyb3d8bbwe \"OfficeApp_19.2508.31121.0_language-bg.msix\": Microsoft.MicrosoftOfficeHub_19.2508.31121.0_neutral_split.language-bg_8wekyb3d8bbwe \"OfficeApp_19.2508.31121.0_language-bn.msix\": Microsoft.MicrosoftOfficeHub_19.2508.31121.0_neutral_split.language-bn_8wekyb3d8bbwe \"OfficeApp_19.2508.31121.0_language-bs.msix\": Microsoft.MicrosoftOfficeHub_19.2508.31121.0_neutral_split.language-bs_8wekyb3d8bbwe \"OfficeApp_19.2508.31121.0_language-ca.msix\": Microsoft.MicrosoftOfficeHub_19.2508.31121.0_neutral_split.language-ca_8wekyb3d8bbwe \"OfficeApp_19.2508.31121.0_language-cs.msix\": Microsoft.MicrosoftOfficeHub_19.2508.31121.0_neutral_split.language-cs_8wekyb3d8bbwe \"OfficeApp_19.2508.31121.0_language-cy.msix\": Microsoft.MicrosoftOfficeHub_19.2508.31121.0_neutral_split.language-cy_8wekyb3d8bbwe \"OfficeApp_19.2508.31121.0_language-da.msix\": Microsoft.MicrosoftOfficeHub_19.2508.31121.0_neutral_split.language-da_8wekyb3d8bbwe \"OfficeApp_19.2508.31121.0_language-de.msix\": Microsoft.MicrosoftOfficeHub_19.2508.31121.0_neutral_split.language-de_8wekyb3d8bbwe \"OfficeApp_19.2508.31121.0_language-el.msix\": Microsoft.MicrosoftOfficeHub_19.2508.31121.0_neutral_split.language-el_8wekyb3d8bbwe \"OfficeApp_19.2508.31121.0_language-es.msix\": Microsoft.MicrosoftOfficeHub_19.2508.31121.0_neutral_split.language-es_8wekyb3d8bbwe \"OfficeApp_19.2508.31121.0_language-et.msix\": Microsoft.MicrosoftOfficeHub_19.2508.31121.0_neutral_split.language-et_8wekyb3d8bbwe \"OfficeApp_19.2508.31121.0_language-eu.msix\": Microsoft.MicrosoftOfficeHub_19.2508.31121.0_neutral_split.language-eu_8wekyb3d8bbwe \"OfficeApp_19.2508.31121.0_language-fa.msix\": Microsoft.MicrosoftOfficeHub_19.2508.31121.0_neutral_split.language-fa_8wekyb3d8bbwe \"OfficeApp_19.2508.31121.0_language-fi.msix\": Microsoft.MicrosoftOfficeHub_19.2508.31121.0_neutral_split.language-fi_8wekyb3d8bbwe \"OfficeApp_19.2508.31121.0_language-fil-latn.msix\": Microsoft.MicrosoftOfficeHub_19.2508.31121.0_neutral_split.language-fil-latn_8wekyb3d8bbwe \"OfficeApp_19.2508.31121.0_language-fr.msix\": Microsoft.MicrosoftOfficeHub_19.2508.31121.0_neutral_split.language-fr_8wekyb3d8bbwe \"OfficeApp_19.2508.31121.0_language-ga.msix\": Microsoft.MicrosoftOfficeHub_19.2508.31121.0_neutral_split.language-ga_8wekyb3d8bbwe \"OfficeApp_19.2508.31121.0_language-gd-latn.msix\": Microsoft.MicrosoftOfficeHub_19.2508.31121.0_neutral_split.language-gd-latn_8wekyb3d8bbwe \"OfficeApp_19.2508.31121.0_language-gl.msix\": Microsoft.MicrosoftOfficeHub_19.2508.31121.0_neutral_split.language-gl_8wekyb3d8bbwe \"OfficeApp_19.2508.31121.0_language-gu.msix\": Microsoft.MicrosoftOfficeHub_19.2508.31121.0_neutral_split.language-gu_8wekyb3d8bbwe \"OfficeApp_19.2508.31121.0_language-he.msix\": Microsoft.MicrosoftOfficeHub_19.2508.31121.0_neutral_split.language-he_8wekyb3d8bbwe \"OfficeApp_19.2508.31121.0_language-hi.msix\": Microsoft.MicrosoftOfficeHub_19.2508.31121.0_neutral_split.language-hi_8wekyb3d8bbwe \"OfficeApp_19.2508.31121.0_language-hr.msix\": Microsoft.MicrosoftOfficeHub_19.2508.31121.0_neutral_split.language-hr_8wekyb3d8bbwe \"OfficeApp_19.2508.31121.0_language-hu.msix\": Microsoft.MicrosoftOfficeHub_19.2508.31121.0_neutral_split.language-hu_8wekyb3d8bbwe \"OfficeApp_19.2508.31121.0_language-id.msix\": Microsoft.MicrosoftOfficeHub_19.2508.31121.0_neutral_split.language-id_8wekyb3d8bbwe \"OfficeApp_19.2508.31121.0_language-is.msix\": Microsoft.MicrosoftOfficeHub_19.2508.31121.0_neutral_split.language-is_8wekyb3d8bbwe \"OfficeApp_19.2508.31121.0_language-it.msix\": Microsoft.MicrosoftOfficeHub_19.2508.31121.0_neutral_split.language-it_8wekyb3d8bbwe \"OfficeApp_19.2508.31121.0_language-ja.msix\": Microsoft.MicrosoftOfficeHub_19.2508.31121.0_neutral_split.language-ja_8wekyb3d8bbwe \"OfficeApp_19.2508.31121.0_language-ka.msix\": Microsoft.MicrosoftOfficeHub_19.2508.31121.0_neutral_split.language-ka_8wekyb3d8bbwe \"OfficeApp_19.2508.31121.0_language-kk.msix\": Microsoft.MicrosoftOfficeHub_19.2508.31121.0_neutral_split.language-kk_8wekyb3d8bbwe \"OfficeApp_19.2508.31121.0_language-km.msix\": Microsoft.MicrosoftOfficeHub_19.2508.31121.0_neutral_split.language-km_8wekyb3d8bbwe \"OfficeApp_19.2508.31121.0_language-kn.msix\": Microsoft.MicrosoftOfficeHub_19.2508.31121.0_neutral_split.language-kn_8wekyb3d8bbwe \"OfficeApp_19.2508.31121.0_language-ko.msix\": Microsoft.MicrosoftOfficeHub_19.2508.31121.0_neutral_split.language-ko_8wekyb3d8bbwe \"OfficeApp_19.2508.31121.0_language-kok.msix\": Microsoft.MicrosoftOfficeHub_19.2508.31121.0_neutral_split.language-kok_8wekyb3d8bbwe \"OfficeApp_19.2508.31121.0_language-lb.msix\": Microsoft.MicrosoftOfficeHub_19.2508.31121.0_neutral_split.language-lb_8wekyb3d8bbwe \"OfficeApp_19.2508.31121.0_language-lo.msix\": Microsoft.MicrosoftOfficeHub_19.2508.31121.0_neutral_split.language-lo_8wekyb3d8bbwe \"OfficeApp_19.2508.31121.0_language-lt.msix\": Microsoft.MicrosoftOfficeHub_19.2508.31121.0_neutral_split.language-lt_8wekyb3d8bbwe \"OfficeApp_19.2508.31121.0_language-lv.msix\": Microsoft.MicrosoftOfficeHub_19.2508.31121.0_neutral_split.language-lv_8wekyb3d8bbwe \"OfficeApp_19.2508.31121.0_language-mi-latn.msix\": Microsoft.MicrosoftOfficeHub_19.2508.31121.0_neutral_split.language-mi-latn_8wekyb3d8bbwe \"OfficeApp_19.2508.31121.0_language-mk.msix\": Microsoft.MicrosoftOfficeHub_19.2508.31121.0_neutral_split.language-mk_8wekyb3d8bbwe \"OfficeApp_19.2508.31121.0_language-ml.msix\": Microsoft.MicrosoftOfficeHub_19.2508.31121.0_neutral_split.language-ml_8wekyb3d8bbwe \"OfficeApp_19.2508.31121.0_language-mr.msix\": Microsoft.MicrosoftOfficeHub_19.2508.31121.0_neutral_split.language-mr_8wekyb3d8bbwe \"OfficeApp_19.2508.31121.0_language-ms.msix\": Microsoft.MicrosoftOfficeHub_19.2508.31121.0_neutral_split.language-ms_8wekyb3d8bbwe \"OfficeApp_19.2508.31121.0_language-mt.msix\": Microsoft.MicrosoftOfficeHub_19.2508.31121.0_neutral_split.language-mt_8wekyb3d8bbwe \"OfficeApp_19.2508.31121.0_language-nb.msix\": Microsoft.MicrosoftOfficeHub_19.2508.31121.0_neutral_split.language-nb_8wekyb3d8bbwe \"OfficeApp_19.2508.31121.0_language-ne.msix\": Microsoft.MicrosoftOfficeHub_19.2508.31121.0_neutral_split.language-ne_8wekyb3d8bbwe \"OfficeApp_19.2508.31121.0_language-nl.msix\": Microsoft.MicrosoftOfficeHub_19.2508.31121.0_neutral_split.language-nl_8wekyb3d8bbwe \"OfficeApp_19.2508.31121.0_language-nn.msix\": Microsoft.MicrosoftOfficeHub_19.2508.31121.0_neutral_split.language-nn_8wekyb3d8bbwe \"OfficeApp_19.2508.31121.0_language-or.msix\": Microsoft.MicrosoftOfficeHub_19.2508.31121.0_neutral_split.language-or_8wekyb3d8bbwe \"OfficeApp_19.2508.31121.0_language-pa.msix\": Microsoft.MicrosoftOfficeHub_19.2508.31121.0_neutral_split.language-pa_8wekyb3d8bbwe \"OfficeApp_19.2508.31121.0_language-pl.msix\": Microsoft.MicrosoftOfficeHub_19.2508.31121.0_neutral_split.language-pl_8wekyb3d8bbwe \"OfficeApp_19.2508.31121.0_language-pt.msix\": Microsoft.MicrosoftOfficeHub_19.2508.31121.0_neutral_split.language-pt_8wekyb3d8bbwe \"OfficeApp_19.2508.31121.0_language-quz-latn.msix\": Microsoft.MicrosoftOfficeHub_19.2508.31121.0_neutral_split.language-quz-latn_8wekyb3d8bbwe \"OfficeApp_19.2508.31121.0_language-ro.msix\": Microsoft.MicrosoftOfficeHub_19.2508.31121.0_neutral_split.language-ro_8wekyb3d8bbwe \"OfficeApp_19.2508.31121.0_language-ru.msix\": Microsoft.MicrosoftOfficeHub_19.2508.31121.0_neutral_split.language-ru_8wekyb3d8bbwe \"OfficeApp_19.2508.31121.0_language-sk.msix\": Microsoft.MicrosoftOfficeHub_19.2508.31121.0_neutral_split.language-sk_8wekyb3d8bbwe \"OfficeApp_19.2508.31121.0_language-sl.msix\": Microsoft.MicrosoftOfficeHub_19.2508.31121.0_neutral_split.language-sl_8wekyb3d8bbwe \"OfficeApp_19.2508.31121.0_language-sq.msix\": Microsoft.MicrosoftOfficeHub_19.2508.31121.0_neutral_split.language-sq_8wekyb3d8bbwe \"OfficeApp_19.2508.31121.0_language-sr-cyrl.msix\": Microsoft.MicrosoftOfficeHub_19.2508.31121.0_neutral_split.language-sr-cyrl_8wekyb3d8bbwe \"OfficeApp_19.2508.31121.0_language-sr-latn.msix\": Microsoft.MicrosoftOfficeHub_19.2508.31121.0_neutral_split.language-sr-latn_8wekyb3d8bbwe \"OfficeApp_19.2508.31121.0_language-sv.msix\": Microsoft.MicrosoftOfficeHub_19.2508.31121.0_neutral_split.language-sv_8wekyb3d8bbwe \"OfficeApp_19.2508.31121.0_language-ta.msix\": Microsoft.MicrosoftOfficeHub_19.2508.31121.0_neutral_split.language-ta_8wekyb3d8bbwe \"OfficeApp_19.2508.31121.0_language-te.msix\": Microsoft.MicrosoftOfficeHub_19.2508.31121.0_neutral_split.language-te_8wekyb3d8bbwe \"OfficeApp_19.2508.31121.0_language-th.msix\": Microsoft.MicrosoftOfficeHub_19.2508.31121.0_neutral_split.language-th_8wekyb3d8bbwe \"OfficeApp_19.2508.31121.0_language-tr.msix\": Microsoft.MicrosoftOfficeHub_19.2508.31121.0_neutral_split.language-tr_8wekyb3d8bbwe \"OfficeApp_19.2508.31121.0_language-tt-cyrl.msix\": Microsoft.MicrosoftOfficeHub_19.2508.31121.0_neutral_split.language-tt-cyrl_8wekyb3d8bbwe \"OfficeApp_19.2508.31121.0_language-ug-arab.msix\": Microsoft.MicrosoftOfficeHub_19.2508.31121.0_neutral_split.language-ug-arab_8wekyb3d8bbwe \"OfficeApp_19.2508.31121.0_language-uk.msix\": Microsoft.MicrosoftOfficeHub_19.2508.31121.0_neutral_split.language-uk_8wekyb3d8bbwe \"OfficeApp_19.2508.31121.0_language-ur.msix\": Microsoft.MicrosoftOfficeHub_19.2508.31121.0_neutral_split.language-ur_8wekyb3d8bbwe \"OfficeApp_19.2508.31121.0_language-vi.msix\": Microsoft.MicrosoftOfficeHub_19.2508.31121.0_neutral_split.language-vi_8wekyb3d8bbwe \"OfficeApp_19.2508.31121.0_language-zh-hans.msix\": Microsoft.MicrosoftOfficeHub_19.2508.31121.0_neutral_split.language-zh-hans_8wekyb3d8bbwe \"OfficeApp_19.2508.31121.0_language-zh-hant.msix\": Microsoft.MicrosoftOfficeHub_19.2508.31121.0_neutral_split.language-zh-hant_8wekyb3d8bbwe \"OfficeApp_19.2508.31121.0_scale-100.msix\": Microsoft.MicrosoftOfficeHub_19.2508.31121.0_neutral_split.scale-100_8wekyb3d8bbwe \"OfficeApp_19.2508.31121.0_scale-125.msix\": Microsoft.MicrosoftOfficeHub_19.2508.31121.0_neutral_split.scale-125_8wekyb3d8bbwe \"OfficeApp_19.2508.31121.0_scale-140.msix\": Microsoft.MicrosoftOfficeHub_19.2508.31121.0_neutral_split.scale-140_8wekyb3d8bbwe \"OfficeApp_19.2508.31121.0_scale-150.msix\": Microsoft.MicrosoftOfficeHub_19.2508.31121.0_neutral_split.scale-150_8wekyb3d8bbwe \"OfficeApp_19.2508.31121.0_scale-180.msix\": Microsoft.MicrosoftOfficeHub_19.2508.31121.0_neutral_split.scale-180_8wekyb3d8bbwe \"OfficeApp_19.2508.31121.0_scale-300.msix\": Microsoft.MicrosoftOfficeHub_19.2508.31121.0_neutral_split.scale-300_8wekyb3d8bbwe \"OfficeApp_19.2508.31121.0_scale-400.msix\": Microsoft.MicrosoftOfficeHub_19.2508.31121.0_neutral_split.scale-400_8wekyb3d8bbwe"}
{"EventID": "854", "Channel": "Microsoft-Windows-AppXDeploymentServer/Operational", "Provider_Name": "Microsoft-Windows-AppXDeployment-Server", "Computer": "DESKTOP-OFJ6N53", "TimeCreated": "2025-08-07 16:51:59.455967+00:00", "RecordID": "115436", "Level": "4", "UserID": "S-1-5-21-963789628-1060504924-4285088085-1001", "EventData.Path": "C:\\Program Files\\WindowsApps\\Microsoft.MicrosoftOfficeHub_2025.801.1334.0_neutral_~_8wekyb3d8bbwe\\AppxMetadata\\AppxBundleManifest.xml C:\\Program Files\\WindowsApps\\Microsoft.MicrosoftOfficeHub_19.2508.31121.0_x64__8wekyb3d8bbwe\\AppxManifest.xml C:\\Program Files\\WindowsApps\\Microsoft.MicrosoftOfficeHub_19.2508.31121.0_neutral_split.language-ru_8wekyb3d8bbwe\\AppxManifest.xml C:\\Program Files\\WindowsApps\\Microsoft.MicrosoftOfficeHub_19.2508.31121.0_neutral_split.scale-125_8wekyb3d8bbwe\\AppxManifest.xml C:\\Program Files\\WindowsApps\\Microsoft.MicrosoftOfficeHub_19.2508.31121.0_neutral_split.scale-100_8wekyb3d8bbwe\\AppxManifest.xml"}
{"EventID": "855", "Channel": "Microsoft-Windows-AppXDeploymentServer/Operational", "Provider_Name": "Microsoft-Windows-AppXDeployment-Server", "Computer": "DESKTOP-OFJ6N53", "TimeCreated": "2025-08-07 16:51:59.573990+00:00", "RecordID": "115437", "Level": "4", "UserID": "S-1-5-21-963789628-1060504924-4285088085-1001", "EventData.PackageMoniker": "updateList: Microsoft.MicrosoftOfficeHub_2025.729.2200.0_neutral_~_8wekyb3d8bbwe is updating to Microsoft.MicrosoftOfficeHub_2025.801.1334.0_neutral_~_8wekyb3d8bbwe Microsoft.MicrosoftOfficeHub_19.2507.59091.0_x64__8wekyb3d8bbwe is updating to Microsoft.MicrosoftOfficeHub_19.2508.31121.0_x64__8wekyb3d8bbwe Microsoft.MicrosoftOfficeHub_19.2507.59091.0_neutral_split.language-ru_8wekyb3d8bbwe is updating to Microsoft.MicrosoftOfficeHub_19.2508.31121.0_neutral_split.language-ru_8wekyb3d8bbwe Microsoft.MicrosoftOfficeHub_19.2507.59091.0_neutral_split.scale-125_8wekyb3d8bbwe is updating to Microsoft.MicrosoftOfficeHub_19.2508.31121.0_neutral_split.scale-125_8wekyb3d8bbwe Microsoft.MicrosoftOfficeHub_19.2507.59091.0_neutral_split.scale-100_8wekyb3d8bbwe is updating to Microsoft.MicrosoftOfficeHub_19.2508.31121.0_neutral_split.scale-100_8wekyb3d8bbwe"}
{"EventID": "9645", "Channel": "Microsoft-Windows-AppXDeploymentServer/Operational", "Provider_Name": "Microsoft-Windows-AppXDeployment-Server", "Computer": "DESKTOP-OFJ6N53", "TimeCreated": "2025-08-07 16:51:59.659674+00:00", "RecordID": "115438", "Level": "5", "UserID": "S-1-5-21-963789628-1060504924-4285088085-1001", "EventData.ErrorCode": "0x00000000", "EventData.String": "Microsoft.MicrosoftOfficeHub_19.2507.59091.0_x64__8wekyb3d8bbwe"}
{"EventID": "638", "Channel": "Microsoft-Windows-AppXDeploymentServer/Operational", "Provider_Name": "Microsoft-Windows-AppXDeployment-Server", "Computer": "DESKTOP-OFJ6N53", "TimeCreated": "2025-08-07 16:51:59.660463+00:00", "RecordID": "115439", "Level": "4", "UserID": "S-1-5-21-963789628-1060504924-4285088085-1001", "EventData.runningAppsList": "Microsoft.MicrosoftOfficeHub_8wekyb3d8bbwe!Microsoft.MicrosoftOfficeHub", "EventData.directlyServicedPackagesList": "Microsoft.MicrosoftOfficeHub_19.2507.59091.0_x64__8wekyb3d8bbwe Microsoft.MicrosoftOfficeHub_19.2508.31121.0_x64__8wekyb3d8bbwe", "EventData.indirectlyServicedPackagesList": "NULL", "EventData.numAttempts": "0", "EventData.isSessionLocked": "True"}
{"EventID": "10000", "Channel": "Microsoft-Windows-AppXDeploymentServer/Operational", "Provider_Name": "Microsoft-Windows-AppXDeployment-Server", "Computer": "DESKTOP-OFJ6N53", "TimeCreated": "2025-08-07 16:51:59.660994+00:00", "RecordID": "115440", "Level": "5", "UserID": "S-1-5-18", "EventData.PackageFullName": "Microsoft.MicrosoftOfficeHub_19.2508.31121.0_x64__8wekyb3d8bbwe", "EventData.ErrorCode": "0x00000000"}
{"EventID": "617", "Channel": "Microsoft-Windows-AppXDeploymentServer/Operational", "Provider_Name": "Microsoft-Windows-AppXDeployment-Server", "Computer": "DESKTOP-OFJ6N53", "TimeCreated": "2025-08-07 16:51:59.683239+00:00", "RecordID": "115441", "Level": "5", "UserID": "S-1-5-18", "EventData.PackageFullName": "Microsoft.MicrosoftOfficeHub_19.2507.59091.0_x64__8wekyb3d8bbwe", "EventData.StatusToClear": "0x00000000", "EventData.StatusToSet": "0x00000400", "EventData.CallOrigin": "0"}
{"EventID": "419", "Channel": "Microsoft-Windows-AppXDeploymentServer/Operational", "Provider_Name": "Microsoft-Windows-AppXDeployment-Server", "Computer": "DESKTOP-OFJ6N53", "TimeCreated": "2025-08-07 16:51:59.687696+00:00", "RecordID": "115442", "Level": "2", "UserID": "S-1-5-18", "EventData.filename": "Microsoft.MicrosoftOfficeHub_19.2507.59091.0_x64__8wekyb3d8bbwe", "EventData.Error": "0x80073d02"}
{"EventID": "605", "Channel": "Microsoft-Windows-AppXDeploymentServer/Operational", "Provider_Name": "Microsoft-Windows-AppXDeployment-Server", "Computer": "DESKTOP-OFJ6N53", "TimeCreated": "2025-08-07 16:51:59.717140+00:00", "RecordID": "115443", "Level": "4", "UserID": "S-1-5-21-963789628-1060504924-4285088085-1001", "EventData.DeploymentState": "19", "EventData.NextDeploymentState": "20", "EventData.ErrorCode": "0x80073d02"}
{"EventID": "10001", "Channel": "Microsoft-Windows-AppXDeploymentServer/Operational", "Provider_Name": "Microsoft-Windows-AppXDeployment-Server", "Computer": "DESKTOP-OFJ6N53", "TimeCreated": "2025-08-07 16:51:59.722460+00:00", "RecordID": "115444", "Level": "5", "UserID": "S-1-5-18", "EventData.PackageFullName": "Microsoft.MicrosoftOfficeHub_19.2508.31121.0_x64__8wekyb3d8bbwe", "EventData.ErrorCode": "0x00000000"}
{"EventID": "10001", "Channel": "Microsoft-Windows-AppXDeploymentServer/Operational", "Provider_Name": "Microsoft-Windows-AppXDeployment-Server", "Computer": "DESKTOP-OFJ6N53", "TimeCreated": "2025-08-07 16:51:59.722586+00:00", "RecordID": "115445", "Level": "5", "UserID": "S-1-5-18", "EventData.PackageFullName": "Microsoft.MicrosoftOfficeHub_19.2508.31121.0_x64__8wekyb3d8bbwe", "EventData.ErrorCode": "0x00000000"}
{"EventID": "401", "Channel": "Microsoft-Windows-AppXDeploymentServer/Operational", "Provider_Name": "Microsoft-Windows-AppXDeployment-Server", "Computer": "DESKTOP-OFJ6N53", "TimeCreated": "2025-08-07 16:51:59.961668+00:00", "RecordID": "115446", "Level": "2", "UserID": "S-1-5-21-963789628-1060504924-4285088085-1001", "EventData.DeploymentOperation": "6", "EventData.PackageFullName": "Microsoft.MicrosoftOfficeHub_2025.801.1334.0_neutral_~_8wekyb3d8bbwe", "EventData.Path": "(AppxBundleManifest.xml)", "EventData.ErrorCode": "0x80073d02", "EventData.MountPoint": "C:", "EventData.TargetPlatform": "0x00000003", "EventData.SystemVolume": "True", "EventData.StorageId": "\\\\?\\Volume{c33a8663-71a2-4031-8cec-c21914fe12ad}", "EventData.IsCentennial": "False", "EventData.PackageType": "0x00000000", "EventData.IsPackageEncrypted": "False", "EventData.DeploymentOptions": "0x0004000004044800", "EventData.IsStreamingPackage": "False", "EventData.IsInRelatedSet": "False", "EventData.IsPackageUsingBDC": "False", "EventData.MainPackageFamilyName": "NULL", "EventData.CallingProcess": "svchost.exe,wuauserv", "EventData.IsInPlaceUpdate": "0x00000000", "EventData.ErrorFileInfo": "entity-dependencygraph.cpp,576,80070490;dependencygraphtable.cpp,251,80070490;entity-wowdependencygraph.cpp,576,80070490;wowdependencygraphtable.cpp,246,80070490;entity-dependencygraph.cpp,576,80070490;dependencygraphtable.cpp,251,80070490;entity-wowdependencygraph.cpp,576,80070490;wowdependencygraphtable.cpp,246,80070490;entity-dependencygraph.cpp,576,80070490;dependencygraphtable.cpp,251,80070490;entity-wowdependencygraph.cpp,576,80070490;wowdependencygraphtable.cpp,246,80070490;entity-dependencygraph.cpp,576,80070490;dependencygraphtable.cpp,251,80070490;entity-wowdependencygraph.cpp,576,80070490;wowdependencygraphtable.cpp,246,80070490;entity-dependencygraph.cpp,576,80070490;dependencygraphtable.cpp,251,80070490;entity-wowdependencygraph.cpp,576,80070490;wowdependencygraphtable.cpp,246,80070490;deferredregistrationsresolver.cpp,296,80073D02;dependencymanager.cpp,53,80073D02;deploymentmanager.cpp,626,80073D02;pipeline.cpp,132,80073D02;pipeline.cpp,177,80073D02;deploymentrequest.cpp,2041,80073D02;deploymentrequest.cpp,2156,80073D02;deploymentrequest.cpp,4053,80073D02;", "EventData.DetailedMessageInfo": "NULL", "EventData.IsOptional": "0", "EventData.PackageFlags": "0x00000000", "EventData.PackageFlags2": "0x00000000", "EventData.HasWin32alacarte": "False", "EventData.HasFullTrust": "False", "EventData.ExternalLocation": null, "EventData.PackageSourceUri": null}
{"EventID": "404", "Channel": "Microsoft-Windows-AppXDeploymentServer/Operational", "Provider_Name": "Microsoft-Windows-AppXDeployment-Server", "Computer": "DESKTOP-OFJ6N53", "TimeCreated": "2025-08-07 16:51:59.992277+00:00", "RecordID": "115447", "Level": "2", "UserID": "S-1-5-21-963789628-1060504924-4285088085-1001", "EventData.SummaryError": " 0x80073D02:    ,      : Microsoft.MicrosoftOfficeHub_19.2507.59091.0_x64__8wekyb3d8bbwe.", "EventData.PackageFullName": "Microsoft.MicrosoftOfficeHub_2025.801.1334.0_neutral_~_8wekyb3d8bbwe", "EventData.ErrorCode": "0x80073d02", "EventData.MountPoint": "C:", "EventData.TargetPlatform": "0x00000003", "EventData.CallingProcess": "svchost.exe,wuauserv", "EventData.ExternalLocation": null}
{"EventID": "603", "Channel": "Microsoft-Windows-AppXDeploymentServer/Operational", "Provider_Name": "Microsoft-Windows-AppXDeployment-Server", "Computer": "DESKTOP-OFJ6N53", "TimeCreated": "2025-08-08 17:15:19.847944+00:00", "RecordID": "115448", "Level": "4", "UserID": "S-1-5-18", "EventData.DeploymentOperation": "5", "EventData.Path": "Microsoft.YourPhone_1.25061.51.0_neutral_~_8wekyb3d8bbwe", "EventData.Flags": "0", "EventData.FlagsHigh": "0", "EventData.CallingProcess": "svchost.exe,wuauserv", "EventData.ExternalLocation": null}
{"EventID": "10002", "Channel": "Microsoft-Windows-AppXDeploymentServer/Operational", "Provider_Name": "Microsoft-Windows-AppXDeployment-Server", "Computer": "DESKTOP-OFJ6N53", "TimeCreated": "2025-08-08 17:15:19.897034+00:00", "RecordID": "115449", "Level": "5", "UserID": "S-1-5-18", "EventData.DeploymentOperation": "2", "EventData.MainPackageMoniker": "Microsoft.YourPhone_1.25061.51.0_neutral_~_8wekyb3d8bbwe", "EventData.ResiliencyFilePath": "C:\\ProgramData\\Microsoft\\Windows\\AppRepository\\475e2350-3153-4ee1-a6d4-8357b2401fcf_S-1-5-18_1.rslc"}
{"EventID": "607", "Channel": "Microsoft-Windows-AppXDeploymentServer/Operational", "Provider_Name": "Microsoft-Windows-AppXDeployment-Server", "Computer": "DESKTOP-OFJ6N53", "TimeCreated": "2025-08-08 17:15:19.899601+00:00", "RecordID": "115450", "Level": "4", "UserID": "S-1-5-18", "EventData.DeploymentOperation": "2", "EventData.PackageFullName": "Microsoft.YourPhone_1.25061.51.0_neutral_~_8wekyb3d8bbwe", "EventData.UserSid": "S-1-5-18", "EventData.CallingProcess": "svchost.exe,wuauserv"}
{"EventID": "627", "Channel": "Microsoft-Windows-AppXDeploymentServer/Operational", "Provider_Name": "Microsoft-Windows-AppXDeployment-Server", "Computer": "DESKTOP-OFJ6N53", "TimeCreated": "2025-08-08 17:15:20.009415+00:00", "RecordID": "115451", "Level": "5", "UserID": "S-1-5-18", "EventData.PackageMoniker": "Microsoft.YourPhone_1.25061.51.0_neutral_~_8wekyb3d8bbwe"}
{"EventID": "400", "Channel": "Microsoft-Windows-AppXDeploymentServer/Operational", "Provider_Name": "Microsoft-Windows-AppXDeployment-Server", "Computer": "DESKTOP-OFJ6N53", "TimeCreated": "2025-08-08 17:15:21.382227+00:00", "RecordID": "115452", "Level": "4", "UserID": "S-1-5-18", "EventData.DeploymentOperation": "5", "EventData.PackageFullName": "Microsoft.YourPhone_1.25061.51.0_neutral_~_8wekyb3d8bbwe", "EventData.Path": null, "EventData.MountPoint": "C:", "EventData.TargetPlatform": "0x00000001", "EventData.SystemVolume": "True", "EventData.StorageId": "\\\\?\\Volume{c33a8663-71a2-4031-8cec-c21914fe12ad}", "EventData.IsCentennial": "False", "EventData.PackageType": "0x00000000", "EventData.IsPackageEncrypted": "False", "EventData.DeploymentOptions": "0x0000000000000000", "EventData.IsStreamingPackage": "False", "EventData.IsInRelatedSet": "False", "EventData.IsPackageUsingBDC": "False", "EventData.MainPackageFamilyName": "NULL", "EventData.CallingProcess": "svchost.exe,wuauserv", "EventData.IsOptional": "False", "EventData.PackageFlags": "0x00000000", "EventData.PackageFlags2": "0x00000000", "EventData.HasWin32alacarte": "False", "EventData.HasFullTrust": "False", "EventData.ExternalLocation": null, "EventData.PackageSourceUri": null}
{"EventID": "649", "Channel": "Microsoft-Windows-AppXDeploymentServer/Operational", "Provider_Name": "Microsoft-Windows-AppXDeployment-Server", "Computer": "DESKTOP-OFJ6N53", "TimeCreated": "2025-08-08 17:15:21.385714+00:00", "RecordID": "115453", "Level": "4", "UserID": "S-1-5-18", "EventData.DeploymentOperation": "2", "EventData.PackageFullName": "Microsoft.YourPhone_1.25061.51.0_neutral_~_8wekyb3d8bbwe", "EventData.Summary": "PostDeploymentOperationCheck cost: 0 ms"}
{"EventID": "603", "Channel": "Microsoft-Windows-AppXDeploymentServer/Operational", "Provider_Name": "Microsoft-Windows-AppXDeployment-Server", "Computer": "DESKTOP-OFJ6N53", "TimeCreated": "2025-08-08 17:15:50.327122+00:00", "RecordID": "115454", "Level": "4", "UserID": "S-1-5-18", "EventData.DeploymentOperation": "4", "EventData.Path": "1cedb49eff373b16b665ef8e8e0cb21b93a63906", "EventData.Flags": "67108880", "EventData.FlagsHigh": "128", "EventData.CallingProcess": "svchost.exe,wuauserv", "EventData.ExternalLocation": null}
{"EventID": "10002", "Channel": "Microsoft-Windows-AppXDeploymentServer/Operational", "Provider_Name": "Microsoft-Windows-AppXDeployment-Server", "Computer": "DESKTOP-OFJ6N53", "TimeCreated": "2025-08-08 17:15:54.083609+00:00", "RecordID": "115455", "Level": "5", "UserID": "S-1-5-18", "EventData.DeploymentOperation": "4", "EventData.MainPackageMoniker": "Microsoft.YourPhone_1.25071.54.0_neutral_~_8wekyb3d8bbwe", "EventData.ResiliencyFilePath": "C:\\ProgramData\\Microsoft\\Windows\\AppRepository\\475e2350-3153-4ee1-a6d4-8357b2401fcf_S-1-5-18_2.rslc"}
{"EventID": "607", "Channel": "Microsoft-Windows-AppXDeploymentServer/Operational", "Provider_Name": "Microsoft-Windows-AppXDeployment-Server", "Computer": "DESKTOP-OFJ6N53", "TimeCreated": "2025-08-08 17:15:54.084440+00:00", "RecordID": "115456", "Level": "4", "UserID": "S-1-5-18", "EventData.DeploymentOperation": "4", "EventData.PackageFullName": "Microsoft.YourPhone_1.25071.54.0_neutral_~_8wekyb3d8bbwe", "EventData.UserSid": "S-1-5-18", "EventData.CallingProcess": "svchost.exe,wuauserv"}
