{"EventID": "227", "Channel": "Microsoft-Windows-RemoteDesktopServices-RdpCoreTS/Operational", "Provider_Name": "Microsoft-Windows-RemoteDesktopServices-RdpCoreTS", "Computer": "DESKTOP-OFJ6N53", "TimeCreated": "2025-08-25 15:57:39.792406+00:00", "RecordID": "182641", "Level": "2", "UserID": "S-1-5-20", "EventData.Name": "CUMRDPConnection", "EventData.Value": "2147500033", "EventData.CustomLevel": "'Failed GetConnectionProperty' in CUMRDPConnection::QueryProperty at 3347 err=[0x80004001]"}
{"EventID": "72", "Channel": "Microsoft-Windows-RemoteDesktopServices-RdpCoreTS/Operational", "Provider_Name": "Microsoft-Windows-RemoteDesktopServices-RdpCoreTS", "Computer": "DESKTOP-OFJ6N53", "TimeCreated": "2025-08-25 15:57:39.792410+00:00", "RecordID": "182642", "Level": "4", "UserID": "S-1-5-20", "EventData.MethodName": "GetSecurityFilterCreds"}
{"EventID": "72", "Channel": "Microsoft-Windows-RemoteDesktopServices-RdpCoreTS/Operational", "Provider_Name": "Microsoft-Windows-RemoteDesktopServices-RdpCoreTS", "Computer": "DESKTOP-OFJ6N53", "TimeCreated": "2025-08-25 15:57:39.793169+00:00", "RecordID": "182643", "Level": "4", "UserID": "S-1-5-20", "EventData.MethodName": "SendClientLicense"}
{"EventID": "72", "Channel": "Microsoft-Windows-RemoteDesktopServices-RdpCoreTS/Operational", "Provider_Name": "Microsoft-Windows-RemoteDesktopServices-RdpCoreTS", "Computer": "DESKTOP-OFJ6N53", "TimeCreated": "2025-08-25 15:57:39.793182+00:00", "RecordID": "182644", "Level": "4", "UserID": "S-1-5-20", "EventData.MethodName": "ProtocolComplete"}
{"EventID": "98", "Channel": "Microsoft-Windows-RemoteDesktopServices-RdpCoreTS/Operational", "Provider_Name": "Microsoft-Windows-RemoteDesktopServices-RdpCoreTS", "Computer": "DESKTOP-OFJ6N53", "TimeCreated": "2025-08-25 15:57:39.793352+00:00", "RecordID": "182645", "Level": "4", "UserID": "S-1-5-20"}
{"EventID": "100", "Channel": "Microsoft-Windows-RemoteDesktopServices-RdpCoreTS/Operational", "Provider_Name": "Microsoft-Windows-RemoteDesktopServices-RdpCoreTS", "Computer": "DESKTOP-OFJ6N53", "TimeCreated": "2025-08-25 15:57:39.793354+00:00", "RecordID": "182646", "Level": "4", "UserID": "S-1-5-20"}
{"EventID": "135", "Channel": "Microsoft-Windows-RemoteDesktopServices-RdpCoreTS/Operational", "Provider_Name": "Microsoft-Windows-RemoteDesktopServices-RdpCoreTS", "Computer": "DESKTOP-OFJ6N53", "TimeCreated": "2025-08-25 15:57:39.793365+00:00", "RecordID": "182647", "Level": "4", "UserID": "S-1-5-20", "EventData.TunnelID": "1", "EventData.TransportType": "TCP: Reason Code: 1 (No Client UDP Support)"}
{"EventID": "135", "Channel": "Microsoft-Windows-RemoteDesktopServices-RdpCoreTS/Operational", "Provider_Name": "Microsoft-Windows-RemoteDesktopServices-RdpCoreTS", "Computer": "DESKTOP-OFJ6N53", "TimeCreated": "2025-08-25 15:57:39.793369+00:00", "RecordID": "182648", "Level": "4", "UserID": "S-1-5-20", "EventData.TunnelID": "3", "EventData.TransportType": "TCP: Reason Code: 2 (Forced by Server Configuration)"}
{"EventID": "72", "Channel": "Microsoft-Windows-RemoteDesktopServices-RdpCoreTS/Operational", "Provider_Name": "Microsoft-Windows-RemoteDesktopServices-RdpCoreTS", "Computer": "DESKTOP-OFJ6N53", "TimeCreated": "2025-08-25 15:57:39.793636+00:00", "RecordID": "182649", "Level": "4", "UserID": "S-1-5-20", "EventData.MethodName": "AuthenticateClientToSession"}
{"EventID": "66", "Channel": "Microsoft-Windows-RemoteDesktopServices-RdpCoreTS/Operational", "Provider_Name": "Microsoft-Windows-RemoteDesktopServices-RdpCoreTS", "Computer": "DESKTOP-OFJ6N53", "TimeCreated": "2025-08-25 15:57:40.002544+00:00", "RecordID": "182650", "Level": "4", "UserID": "S-1-5-20", "EventData.ConnectionName": "RDP-Tcp#7", "EventData.SessionID": "1"}
{"EventID": "132", "Channel": "Microsoft-Windows-RemoteDesktopServices-RdpCoreTS/Operational", "Provider_Name": "Microsoft-Windows-RemoteDesktopServices-RdpCoreTS", "Computer": "DESKTOP-OFJ6N53", "TimeCreated": "2025-08-25 15:57:40.007338+00:00", "RecordID": "182651", "Level": "4", "UserID": "S-1-5-20", "EventData.ChannelName": "rdpgrfx", "EventData.TunnelID": "0"}
{"EventID": "33", "Channel": "Microsoft-Windows-RemoteDesktopServices-RdpCoreTS/Operational", "Provider_Name": "Microsoft-Windows-RemoteDesktopServices-RdpCoreTS", "Computer": "DESKTOP-OFJ6N53", "TimeCreated": "2025-08-25 15:57:40.007410+00:00", "RecordID": "182652", "Level": "4", "UserID": "S-1-5-20"}
{"EventID": "132", "Channel": "Microsoft-Windows-RemoteDesktopServices-RdpCoreTS/Operational", "Provider_Name": "Microsoft-Windows-RemoteDesktopServices-RdpCoreTS", "Computer": "DESKTOP-OFJ6N53", "TimeCreated": "2025-08-25 15:57:40.100727+00:00", "RecordID": "182653", "Level": "4", "UserID": "S-1-5-20", "EventData.ChannelName": "rdpinpt", "EventData.TunnelID": "0"}
{"EventID": "169", "Channel": "Microsoft-Windows-RemoteDesktopServices-RdpCoreTS/Operational", "Provider_Name": "Microsoft-Windows-RemoteDesktopServices-RdpCoreTS", "Computer": "DESKTOP-OFJ6N53", "TimeCreated": "2025-08-25 15:57:40.100937+00:00", "RecordID": "182654", "Level": "4", "UserID": "S-1-5-20", "EventData.MajorType": "6", "EventData.MinorType": "0", "EventData.ServerName": "DESKTOP-OFJ6N53"}
{"EventID": "72", "Channel": "Microsoft-Windows-RemoteDesktopServices-RdpCoreTS/Operational", "Provider_Name": "Microsoft-Windows-RemoteDesktopServices-RdpCoreTS", "Computer": "DESKTOP-OFJ6N53", "TimeCreated": "2025-08-25 15:57:40.100965+00:00", "RecordID": "182655", "Level": "4", "UserID": "S-1-5-20", "EventData.MethodName": "OnConnected"}
{"EventID": "72", "Channel": "Microsoft-Windows-RemoteDesktopServices-RdpCoreTS/Operational", "Provider_Name": "Microsoft-Windows-RemoteDesktopServices-RdpCoreTS", "Computer": "DESKTOP-OFJ6N53", "TimeCreated": "2025-08-25 15:57:40.100969+00:00", "RecordID": "182656", "Level": "4", "UserID": "S-1-5-20", "EventData.MethodName": "OnReady"}
{"EventID": "132", "Channel": "Microsoft-Windows-RemoteDesktopServices-RdpCoreTS/Operational", "Provider_Name": "Microsoft-Windows-RemoteDesktopServices-RdpCoreTS", "Computer": "DESKTOP-OFJ6N53", "TimeCreated": "2025-08-25 15:57:40.152617+00:00", "RecordID": "182657", "Level": "4", "UserID": "S-1-5-20", "EventData.ChannelName": "Microsoft::Windows::RDS::Telemetry", "EventData.TunnelID": "0"}
{"EventID": "132", "Channel": "Microsoft-Windows-RemoteDesktopServices-RdpCoreTS/Operational", "Provider_Name": "Microsoft-Windows-RemoteDesktopServices-RdpCoreTS", "Computer": "DESKTOP-OFJ6N53", "TimeCreated": "2025-08-25 15:57:40.152840+00:00", "RecordID": "182658", "Level": "4", "UserID": "S-1-5-20", "EventData.ChannelName": "Microsoft::Windows::RDS::Graphics", "EventData.TunnelID": "0"}
{"EventID": "162", "Channel": "Microsoft-Windows-RemoteDesktopServices-RdpCoreTS/Operational", "Provider_Name": "Microsoft-Windows-RemoteDesktopServices-RdpCoreTS", "Computer": "DESKTOP-OFJ6N53", "TimeCreated": "2025-08-25 15:57:40.154417+00:00", "RecordID": "182659", "Level": "4", "UserID": "S-1-5-20", "EventData.Version": "0x000a0400", "EventData.ClientMode": "2", "EventData.AvcEnabled": "1", "EventData.ProfileIdNum": "2", "EventData.ServerName": "DESKTOP-OFJ6N53"}
{"EventID": "148", "Channel": "Microsoft-Windows-RemoteDesktopServices-RdpCoreTS/Operational", "Provider_Name": "Microsoft-Windows-RemoteDesktopServices-RdpCoreTS", "Computer": "DESKTOP-OFJ6N53", "TimeCreated": "2025-08-25 15:57:40.228783+00:00", "RecordID": "182660", "Level": "4", "UserID": "S-1-5-20", "EventData.ChannelName": "Microsoft::Windows::RDS::Video::Control::v08.01", "EventData.TunnelID": "0"}
{"EventID": "148", "Channel": "Microsoft-Windows-RemoteDesktopServices-RdpCoreTS/Operational", "Provider_Name": "Microsoft-Windows-RemoteDesktopServices-RdpCoreTS", "Computer": "DESKTOP-OFJ6N53", "TimeCreated": "2025-08-25 15:57:40.229532+00:00", "RecordID": "182661", "Level": "4", "UserID": "S-1-5-20", "EventData.ChannelName": "Microsoft::Windows::RDS::Video::Data::v08.01", "EventData.TunnelID": "0"}
{"EventID": "72", "Channel": "Microsoft-Windows-RemoteDesktopServices-RdpCoreTS/Operational", "Provider_Name": "Microsoft-Windows-RemoteDesktopServices-RdpCoreTS", "Computer": "DESKTOP-OFJ6N53", "TimeCreated": "2025-08-25 15:57:40.233953+00:00", "RecordID": "182662", "Level": "4", "UserID": "S-1-5-20", "EventData.MethodName": "ConnectNotify(SessionId=1)"}
{"EventID": "148", "Channel": "Microsoft-Windows-RemoteDesktopServices-RdpCoreTS/Operational", "Provider_Name": "Microsoft-Windows-RemoteDesktopServices-RdpCoreTS", "Computer": "DESKTOP-OFJ6N53", "TimeCreated": "2025-08-25 15:57:40.273129+00:00", "RecordID": "182663", "Level": "4", "UserID": "S-1-5-20", "EventData.ChannelName": "Microsoft::Windows::RDS::Geometry::v08.01", "EventData.TunnelID": "0"}
{"EventID": "132", "Channel": "Microsoft-Windows-RemoteDesktopServices-RdpCoreTS/Operational", "Provider_Name": "Microsoft-Windows-RemoteDesktopServices-RdpCoreTS", "Computer": "DESKTOP-OFJ6N53", "TimeCreated": "2025-08-25 15:57:40.314816+00:00", "RecordID": "182664", "Level": "4", "UserID": "S-1-5-20", "EventData.ChannelName": "rdpdr", "EventData.TunnelID": "0"}
{"EventID": "148", "Channel": "Microsoft-Windows-RemoteDesktopServices-RdpCoreTS/Operational", "Provider_Name": "Microsoft-Windows-RemoteDesktopServices-RdpCoreTS", "Computer": "DESKTOP-OFJ6N53", "TimeCreated": "2025-08-25 15:57:40.394094+00:00", "RecordID": "182665", "Level": "4", "UserID": "S-1-5-20", "EventData.ChannelName": "AUDIO_PLAYBACK_DVC", "EventData.TunnelID": "0"}
{"EventID": "132", "Channel": "Microsoft-Windows-RemoteDesktopServices-RdpCoreTS/Operational", "Provider_Name": "Microsoft-Windows-RemoteDesktopServices-RdpCoreTS", "Computer": "DESKTOP-OFJ6N53", "TimeCreated": "2025-08-25 15:57:40.394094+00:00", "RecordID": "182666", "Level": "4", "UserID": "S-1-5-20", "EventData.ChannelName": "AUDIO_PLAYBACK_DVC", "EventData.TunnelID": "0"}
{"EventID": "227", "Channel": "Microsoft-Windows-RemoteDesktopServices-RdpCoreTS/Operational", "Provider_Name": "Microsoft-Windows-RemoteDesktopServices-RdpCoreTS", "Computer": "DESKTOP-OFJ6N53", "TimeCreated": "2025-08-25 15:57:40.394876+00:00", "RecordID": "182667", "Level": "2", "UserID": "S-1-5-20", "EventData.Name": "CUMRDPConnection", "EventData.Value": "3489660929", "EventData.CustomLevel": "'Failed CreateVirtualChannel call on this Connections Stack' in CUMRDPConnection::CreateVirtualChannel at 2961 err=[0xd0000001]"}
{"EventID": "148", "Channel": "Microsoft-Windows-RemoteDesktopServices-RdpCoreTS/Operational", "Provider_Name": "Microsoft-Windows-RemoteDesktopServices-RdpCoreTS", "Computer": "DESKTOP-OFJ6N53", "TimeCreated": "2025-08-25 15:57:40.397007+00:00", "RecordID": "182668", "Level": "4", "UserID": "S-1-5-20", "EventData.ChannelName": "Microsoft::Windows::RDS::Input", "EventData.TunnelID": "0"}
{"EventID": "132", "Channel": "Microsoft-Windows-RemoteDesktopServices-RdpCoreTS/Operational", "Provider_Name": "Microsoft-Windows-RemoteDesktopServices-RdpCoreTS", "Computer": "DESKTOP-OFJ6N53", "TimeCreated": "2025-08-25 15:57:40.397074+00:00", "RecordID": "182669", "Level": "4", "UserID": "S-1-5-20", "EventData.ChannelName": "Microsoft::Windows::RDS::Input", "EventData.TunnelID": "0"}
{"EventID": "227", "Channel": "Microsoft-Windows-RemoteDesktopServices-RdpCoreTS/Operational", "Provider_Name": "Microsoft-Windows-RemoteDesktopServices-RdpCoreTS", "Computer": "DESKTOP-OFJ6N53", "TimeCreated": "2025-08-25 15:57:40.397120+00:00", "RecordID": "182670", "Level": "2", "UserID": "S-1-5-20", "EventData.Name": "CUMRDPConnection", "EventData.Value": "3489660929", "EventData.CustomLevel": "'Failed CreateVirtualChannel call on this Connections Stack' in CUMRDPConnection::CreateVirtualChannel at 2961 err=[0xd0000001]"}
{"EventID": "132", "Channel": "Microsoft-Windows-RemoteDesktopServices-RdpCoreTS/Operational", "Provider_Name": "Microsoft-Windows-RemoteDesktopServices-RdpCoreTS", "Computer": "DESKTOP-OFJ6N53", "TimeCreated": "2025-08-25 15:57:40.397190+00:00", "RecordID": "182671", "Level": "4", "UserID": "S-1-5-20", "EventData.ChannelName": "Microsoft::Windows::RDS::Geometry::v08.01", "EventData.TunnelID": "0"}
{"EventID": "132", "Channel": "Microsoft-Windows-RemoteDesktopServices-RdpCoreTS/Operational", "Provider_Name": "Microsoft-Windows-RemoteDesktopServices-RdpCoreTS", "Computer": "DESKTOP-OFJ6N53", "TimeCreated": "2025-08-25 15:57:40.636511+00:00", "RecordID": "182672", "Level": "4", "UserID": "S-1-5-20", "EventData.ChannelName": "AUDIO_PLAYBACK_DVC", "EventData.TunnelID": "0"}
{"EventID": "148", "Channel": "Microsoft-Windows-RemoteDesktopServices-RdpCoreTS/Operational", "Provider_Name": "Microsoft-Windows-RemoteDesktopServices-RdpCoreTS", "Computer": "DESKTOP-OFJ6N53", "TimeCreated": "2025-08-25 15:57:40.637789+00:00", "RecordID": "182673", "Level": "4", "UserID": "S-1-5-20", "EventData.ChannelName": "AUDIO_PLAYBACK_DVC", "EventData.TunnelID": "0"}
{"EventID": "227", "Channel": "Microsoft-Windows-RemoteDesktopServices-RdpCoreTS/Operational", "Provider_Name": "Microsoft-Windows-RemoteDesktopServices-RdpCoreTS", "Computer": "DESKTOP-OFJ6N53", "TimeCreated": "2025-08-25 15:57:40.638670+00:00", "RecordID": "182674", "Level": "2", "UserID": "S-1-5-20", "EventData.Name": "CUMRDPConnection", "EventData.Value": "3489660929", "EventData.CustomLevel": "'Failed CreateVirtualChannel call on this Connections Stack' in CUMRDPConnection::CreateVirtualChannel at 2961 err=[0xd0000001]"}
{"EventID": "132", "Channel": "Microsoft-Windows-RemoteDesktopServices-RdpCoreTS/Operational", "Provider_Name": "Microsoft-Windows-RemoteDesktopServices-RdpCoreTS", "Computer": "DESKTOP-OFJ6N53", "TimeCreated": "2025-08-25 15:57:40.638931+00:00", "RecordID": "182675", "Level": "4", "UserID": "S-1-5-20", "EventData.ChannelName": "Microsoft::Windows::RDS::Geometry::v08.01", "EventData.TunnelID": "0"}
{"EventID": "132", "Channel": "Microsoft-Windows-RemoteDesktopServices-RdpCoreTS/Operational", "Provider_Name": "Microsoft-Windows-RemoteDesktopServices-RdpCoreTS", "Computer": "DESKTOP-OFJ6N53", "TimeCreated": "2025-08-25 15:57:40.645649+00:00", "RecordID": "182676", "Level": "4", "UserID": "S-1-5-20", "EventData.ChannelName": "rdpsnd", "EventData.TunnelID": "0"}
{"EventID": "132", "Channel": "Microsoft-Windows-RemoteDesktopServices-RdpCoreTS/Operational", "Provider_Name": "Microsoft-Windows-RemoteDesktopServices-RdpCoreTS", "Computer": "DESKTOP-OFJ6N53", "TimeCreated": "2025-08-25 15:57:40.650986+00:00", "RecordID": "182677", "Level": "4", "UserID": "S-1-5-20", "EventData.ChannelName": "cliprdr", "EventData.TunnelID": "0"}
{"EventID": "148", "Channel": "Microsoft-Windows-RemoteDesktopServices-RdpCoreTS/Operational", "Provider_Name": "Microsoft-Windows-RemoteDesktopServices-RdpCoreTS", "Computer": "DESKTOP-OFJ6N53", "TimeCreated": "2025-08-25 15:57:40.745960+00:00", "RecordID": "182678", "Level": "4", "UserID": "S-1-5-20", "EventData.ChannelName": "Microsoft::Windows::RDS::Geometry::v08.01", "EventData.TunnelID": "0"}
{"EventID": "132", "Channel": "Microsoft-Windows-RemoteDesktopServices-RdpCoreTS/Operational", "Provider_Name": "Microsoft-Windows-RemoteDesktopServices-RdpCoreTS", "Computer": "DESKTOP-OFJ6N53", "TimeCreated": "2025-08-25 15:57:40.745960+00:00", "RecordID": "182679", "Level": "4", "UserID": "S-1-5-20", "EventData.ChannelName": "Microsoft::Windows::RDS::DisplayControl", "EventData.TunnelID": "0"}
{"EventID": "148", "Channel": "Microsoft-Windows-RemoteDesktopServices-RdpCoreTS/Operational", "Provider_Name": "Microsoft-Windows-RemoteDesktopServices-RdpCoreTS", "Computer": "DESKTOP-OFJ6N53", "TimeCreated": "2025-08-25 15:57:41.325447+00:00", "RecordID": "182680", "Level": "4", "UserID": "S-1-5-20", "EventData.ChannelName": "RDCamera_Device_Enumerator", "EventData.TunnelID": "0"}
{"EventID": "132", "Channel": "Microsoft-Windows-RemoteDesktopServices-RdpCoreTS/Operational", "Provider_Name": "Microsoft-Windows-RemoteDesktopServices-RdpCoreTS", "Computer": "DESKTOP-OFJ6N53", "TimeCreated": "2025-08-25 15:57:41.325520+00:00", "RecordID": "182681", "Level": "4", "UserID": "S-1-5-20", "EventData.ChannelName": "RDCamera_Device_Enumerator", "EventData.TunnelID": "0"}
{"EventID": "227", "Channel": "Microsoft-Windows-RemoteDesktopServices-RdpCoreTS/Operational", "Provider_Name": "Microsoft-Windows-RemoteDesktopServices-RdpCoreTS", "Computer": "DESKTOP-OFJ6N53", "TimeCreated": "2025-08-25 15:57:41.325792+00:00", "RecordID": "182682", "Level": "2", "UserID": "S-1-5-20", "EventData.Name": "CUMRDPConnection", "EventData.Value": "3489660929", "EventData.CustomLevel": "'Failed CreateVirtualChannel call on this Connections Stack' in CUMRDPConnection::CreateVirtualChannel at 2961 err=[0xd0000001]"}
{"EventID": "227", "Channel": "Microsoft-Windows-RemoteDesktopServices-RdpCoreTS/Operational", "Provider_Name": "Microsoft-Windows-RemoteDesktopServices-RdpCoreTS", "Computer": "DESKTOP-OFJ6N53", "TimeCreated": "2025-08-25 15:57:41.327986+00:00", "RecordID": "182683", "Level": "2", "UserID": "S-1-5-20", "EventData.Name": "CUMRDPConnection", "EventData.Value": "2147500033", "EventData.CustomLevel": "'Failed GetConnectionProperty' in CUMRDPConnection::QueryProperty at 3347 err=[0x80004001]"}
{"EventID": "72", "Channel": "Microsoft-Windows-RemoteDesktopServices-RdpCoreTS/Operational", "Provider_Name": "Microsoft-Windows-RemoteDesktopServices-RdpCoreTS", "Computer": "DESKTOP-OFJ6N53", "TimeCreated": "2025-08-25 15:57:42.604418+00:00", "RecordID": "182684", "Level": "4", "UserID": "S-1-5-20", "EventData.MethodName": "LogonNotify(SessionId=1)"}
{"EventID": "168", "Channel": "Microsoft-Windows-RemoteDesktopServices-RdpCoreTS/Operational", "Provider_Name": "Microsoft-Windows-RemoteDesktopServices-RdpCoreTS", "Computer": "DESKTOP-OFJ6N53", "TimeCreated": "2025-08-25 15:57:43.461489+00:00", "RecordID": "182685", "Level": "4", "UserID": "S-1-5-20", "EventData.MonitorNum": "0", "EventData.MonitorWidth": "1710", "EventData.MonitorHeight": "1068", "EventData.MonitorX": "0", "EventData.MonitorY": "0", "EventData.ServerName": "DESKTOP-OFJ6N53"}
{"EventID": "132", "Channel": "Microsoft-Windows-RemoteDesktopServices-RdpCoreTS/Operational", "Provider_Name": "Microsoft-Windows-RemoteDesktopServices-RdpCoreTS", "Computer": "DESKTOP-OFJ6N53", "TimeCreated": "2025-08-25 15:57:43.561941+00:00", "RecordID": "182686", "Level": "4", "UserID": "S-1-5-20", "EventData.ChannelName": "Microsoft::Windows::RDS::Geometry::v08.01", "EventData.TunnelID": "0"}
{"EventID": "148", "Channel": "Microsoft-Windows-RemoteDesktopServices-RdpCoreTS/Operational", "Provider_Name": "Microsoft-Windows-RemoteDesktopServices-RdpCoreTS", "Computer": "DESKTOP-OFJ6N53", "TimeCreated": "2025-08-25 15:57:43.778973+00:00", "RecordID": "182687", "Level": "4", "UserID": "S-1-5-20", "EventData.ChannelName": "Microsoft::Windows::RDS::Geometry::v08.01", "EventData.TunnelID": "0"}
{"EventID": "107", "Channel": "Microsoft-Windows-RemoteDesktopServices-RdpCoreTS/Operational", "Provider_Name": "Microsoft-Windows-RemoteDesktopServices-RdpCoreTS", "Computer": "DESKTOP-OFJ6N53", "TimeCreated": "2025-08-25 16:02:21.301178+00:00", "RecordID": "182688", "Level": "4", "UserID": "S-1-5-20"}
{"EventID": "226", "Channel": "Microsoft-Windows-RemoteDesktopServices-RdpCoreTS/Operational", "Provider_Name": "Microsoft-Windows-RemoteDesktopServices-RdpCoreTS", "Computer": "DESKTOP-OFJ6N53", "TimeCreated": "2025-08-25 16:02:21.301676+00:00", "RecordID": "182689", "Level": "3", "UserID": "S-1-5-20", "EventData.StateTransition": "RDP_SEC", "EventData.PreviousState": "0", "EventData.PreviousStateName": "FStatePassthrough", "EventData.NewState": "9", "EventData.NewStateName": "FStateError", "EventData.Event": "16", "EventData.EventName": "FEventCheckAndCompleteReadsFailed", "EventData.ErrorCode": "0x8007139f"}
{"EventID": "72", "Channel": "Microsoft-Windows-RemoteDesktopServices-RdpCoreTS/Operational", "Provider_Name": "Microsoft-Windows-RemoteDesktopServices-RdpCoreTS", "Computer": "DESKTOP-OFJ6N53", "TimeCreated": "2025-08-25 16:02:21.416000+00:00", "RecordID": "182690", "Level": "4", "UserID": "S-1-5-20", "EventData.MethodName": "OnDisconnected"}
{"EventID": "102", "Channel": "Microsoft-Windows-RemoteDesktopServices-RdpCoreTS/Operational", "Provider_Name": "Microsoft-Windows-RemoteDesktopServices-RdpCoreTS", "Computer": "DESKTOP-OFJ6N53", "TimeCreated": "2025-08-25 16:02:21.416290+00:00", "RecordID": "182691", "Level": "4", "UserID": "S-1-5-20"}
{"EventID": "145", "Channel": "Microsoft-Windows-RemoteDesktopServices-RdpCoreTS/Operational", "Provider_Name": "Microsoft-Windows-RemoteDesktopServices-RdpCoreTS", "Computer": "DESKTOP-OFJ6N53", "TimeCreated": "2025-08-25 16:02:21.416294+00:00", "RecordID": "182692", "Level": "4", "UserID": "S-1-5-20", "EventData.IdleSeconds": "0", "EventData.IdleSeconds1": "0", "EventData.IdleSeconds2": "0"}
{"EventID": "148", "Channel": "Microsoft-Windows-RemoteDesktopServices-RdpCoreTS/Operational", "Provider_Name": "Microsoft-Windows-RemoteDesktopServices-RdpCoreTS", "Computer": "DESKTOP-OFJ6N53", "TimeCreated": "2025-08-25 16:02:21.416307+00:00", "RecordID": "182693", "Level": "4", "UserID": "S-1-5-20", "EventData.ChannelName": "rdpinpt", "EventData.TunnelID": "0"}
{"EventID": "148", "Channel": "Microsoft-Windows-RemoteDesktopServices-RdpCoreTS/Operational", "Provider_Name": "Microsoft-Windows-RemoteDesktopServices-RdpCoreTS", "Computer": "DESKTOP-OFJ6N53", "TimeCreated": "2025-08-25 16:02:21.416311+00:00", "RecordID": "182694", "Level": "4", "UserID": "S-1-5-20", "EventData.ChannelName": "rdpcmd", "EventData.TunnelID": "0"}
{"EventID": "148", "Channel": "Microsoft-Windows-RemoteDesktopServices-RdpCoreTS/Operational", "Provider_Name": "Microsoft-Windows-RemoteDesktopServices-RdpCoreTS", "Computer": "DESKTOP-OFJ6N53", "TimeCreated": "2025-08-25 16:02:21.416317+00:00", "RecordID": "182695", "Level": "4", "UserID": "S-1-5-20", "EventData.ChannelName": "rdplic", "EventData.TunnelID": "0"}
{"EventID": "148", "Channel": "Microsoft-Windows-RemoteDesktopServices-RdpCoreTS/Operational", "Provider_Name": "Microsoft-Windows-RemoteDesktopServices-RdpCoreTS", "Computer": "DESKTOP-OFJ6N53", "TimeCreated": "2025-08-25 16:02:21.416317+00:00", "RecordID": "182696", "Level": "4", "UserID": "S-1-5-20", "EventData.ChannelName": "Microsoft::Windows::RDS::Telemetry", "EventData.TunnelID": "0"}
{"EventID": "148", "Channel": "Microsoft-Windows-RemoteDesktopServices-RdpCoreTS/Operational", "Provider_Name": "Microsoft-Windows-RemoteDesktopServices-RdpCoreTS", "Computer": "DESKTOP-OFJ6N53", "TimeCreated": "2025-08-25 16:02:21.416349+00:00", "RecordID": "182697", "Level": "4", "UserID": "S-1-5-20", "EventData.ChannelName": "rdpgrfx", "EventData.TunnelID": "0"}
{"EventID": "148", "Channel": "Microsoft-Windows-RemoteDesktopServices-RdpCoreTS/Operational", "Provider_Name": "Microsoft-Windows-RemoteDesktopServices-RdpCoreTS", "Computer": "DESKTOP-OFJ6N53", "TimeCreated": "2025-08-25 16:02:21.416351+00:00", "RecordID": "182698", "Level": "4", "UserID": "S-1-5-20", "EventData.ChannelName": "railenc", "EventData.TunnelID": "0"}
{"EventID": "148", "Channel": "Microsoft-Windows-RemoteDesktopServices-RdpCoreTS/Operational", "Provider_Name": "Microsoft-Windows-RemoteDesktopServices-RdpCoreTS", "Computer": "DESKTOP-OFJ6N53", "TimeCreated": "2025-08-25 16:02:21.416361+00:00", "RecordID": "182699", "Level": "4", "UserID": "S-1-5-20", "EventData.ChannelName": "Microsoft::Windows::RDS::Frame_Buffer::Control::v08.01", "EventData.TunnelID": "0"}
{"EventID": "148", "Channel": "Microsoft-Windows-RemoteDesktopServices-RdpCoreTS/Operational", "Provider_Name": "Microsoft-Windows-RemoteDesktopServices-RdpCoreTS", "Computer": "DESKTOP-OFJ6N53", "TimeCreated": "2025-08-25 16:02:21.416391+00:00", "RecordID": "182700", "Level": "4", "UserID": "S-1-5-20", "EventData.ChannelName": "Microsoft::Windows::RDS::Graphics", "EventData.TunnelID": "0"}
{"EventID": "148", "Channel": "Microsoft-Windows-RemoteDesktopServices-RdpCoreTS/Operational", "Provider_Name": "Microsoft-Windows-RemoteDesktopServices-RdpCoreTS", "Computer": "DESKTOP-OFJ6N53", "TimeCreated": "2025-08-25 16:02:21.416395+00:00", "RecordID": "182701", "Level": "4", "UserID": "S-1-5-20", "EventData.ChannelName": "ECHO", "EventData.TunnelID": "0"}
{"EventID": "228", "Channel": "Microsoft-Windows-RemoteDesktopServices-RdpCoreTS/Operational", "Provider_Name": "Microsoft-Windows-RemoteDesktopServices-RdpCoreTS", "Computer": "DESKTOP-OFJ6N53", "TimeCreated": "2025-08-25 16:02:21.416523+00:00", "RecordID": "182702", "Level": "3", "UserID": "S-1-5-20", "EventData.ComponentName": "CUMRDPConnection", "EventData.Message": "Disconnect trace:'calling spGfxPlugin->PreDisconnect()' in CUMRDPConnection::PreDisconnect at 5076 err=[0x0]", "EventData.ErrorCode": "0"}
{"EventID": "72", "Channel": "Microsoft-Windows-RemoteDesktopServices-RdpCoreTS/Operational", "Provider_Name": "Microsoft-Windows-RemoteDesktopServices-RdpCoreTS", "Computer": "DESKTOP-OFJ6N53", "TimeCreated": "2025-08-25 16:02:21.416525+00:00", "RecordID": "182703", "Level": "4", "UserID": "S-1-5-20", "EventData.MethodName": "PreDisconnect(0)"}
{"EventID": "72", "Channel": "Microsoft-Windows-RemoteDesktopServices-RdpCoreTS/Operational", "Provider_Name": "Microsoft-Windows-RemoteDesktopServices-RdpCoreTS", "Computer": "DESKTOP-OFJ6N53", "TimeCreated": "2025-08-25 16:02:21.416531+00:00", "RecordID": "182704", "Level": "4", "UserID": "S-1-5-20", "EventData.MethodName": "SetErrorInfo(0x0)"}
{"EventID": "148", "Channel": "Microsoft-Windows-RemoteDesktopServices-RdpCoreTS/Operational", "Provider_Name": "Microsoft-Windows-RemoteDesktopServices-RdpCoreTS", "Computer": "DESKTOP-OFJ6N53", "TimeCreated": "2025-08-25 16:02:21.416924+00:00", "RecordID": "182705", "Level": "4", "UserID": "S-1-5-20", "EventData.ChannelName": "Microsoft::Windows::RDS::DisplayControl", "EventData.TunnelID": "0"}
{"EventID": "148", "Channel": "Microsoft-Windows-RemoteDesktopServices-RdpCoreTS/Operational", "Provider_Name": "Microsoft-Windows-RemoteDesktopServices-RdpCoreTS", "Computer": "DESKTOP-OFJ6N53", "TimeCreated": "2025-08-25 16:02:21.417336+00:00", "RecordID": "182706", "Level": "4", "UserID": "S-1-5-20", "EventData.ChannelName": "Microsoft::Windows::RDS::Geometry::v08.01", "EventData.TunnelID": "0"}
{"EventID": "148", "Channel": "Microsoft-Windows-RemoteDesktopServices-RdpCoreTS/Operational", "Provider_Name": "Microsoft-Windows-RemoteDesktopServices-RdpCoreTS", "Computer": "DESKTOP-OFJ6N53", "TimeCreated": "2025-08-25 16:02:21.417902+00:00", "RecordID": "182707", "Level": "4", "UserID": "S-1-5-20", "EventData.ChannelName": "rdpdr", "EventData.TunnelID": "0"}
{"EventID": "148", "Channel": "Microsoft-Windows-RemoteDesktopServices-RdpCoreTS/Operational", "Provider_Name": "Microsoft-Windows-RemoteDesktopServices-RdpCoreTS", "Computer": "DESKTOP-OFJ6N53", "TimeCreated": "2025-08-25 16:02:21.418262+00:00", "RecordID": "182708", "Level": "4", "UserID": "S-1-5-20", "EventData.ChannelName": "rdpsnd", "EventData.TunnelID": "0"}
{"EventID": "148", "Channel": "Microsoft-Windows-RemoteDesktopServices-RdpCoreTS/Operational", "Provider_Name": "Microsoft-Windows-RemoteDesktopServices-RdpCoreTS", "Computer": "DESKTOP-OFJ6N53", "TimeCreated": "2025-08-25 16:02:21.418728+00:00", "RecordID": "182709", "Level": "4", "UserID": "S-1-5-20", "EventData.ChannelName": "cliprdr", "EventData.TunnelID": "0"}
{"EventID": "72", "Channel": "Microsoft-Windows-RemoteDesktopServices-RdpCoreTS/Operational", "Provider_Name": "Microsoft-Windows-RemoteDesktopServices-RdpCoreTS", "Computer": "DESKTOP-OFJ6N53", "TimeCreated": "2025-08-25 16:02:21.754068+00:00", "RecordID": "182710", "Level": "4", "UserID": "S-1-5-20", "EventData.MethodName": "DisconnectNotify"}
{"EventID": "72", "Channel": "Microsoft-Windows-RemoteDesktopServices-RdpCoreTS/Operational", "Provider_Name": "Microsoft-Windows-RemoteDesktopServices-RdpCoreTS", "Computer": "DESKTOP-OFJ6N53", "TimeCreated": "2025-08-25 16:02:21.754072+00:00", "RecordID": "182711", "Level": "4", "UserID": "S-1-5-20", "EventData.MethodName": "GetServerAutoReconnectInfo"}
{"EventID": "72", "Channel": "Microsoft-Windows-RemoteDesktopServices-RdpCoreTS/Operational", "Provider_Name": "Microsoft-Windows-RemoteDesktopServices-RdpCoreTS", "Computer": "DESKTOP-OFJ6N53", "TimeCreated": "2025-08-25 16:02:21.754501+00:00", "RecordID": "182712", "Level": "4", "UserID": "S-1-5-20", "EventData.MethodName": "GetServerAutoReconnectInfo"}
{"EventID": "103", "Channel": "Microsoft-Windows-RemoteDesktopServices-RdpCoreTS/Operational", "Provider_Name": "Microsoft-Windows-RemoteDesktopServices-RdpCoreTS", "Computer": "DESKTOP-OFJ6N53", "TimeCreated": "2025-08-25 16:02:21.754507+00:00", "RecordID": "182713", "Level": "4", "UserID": "S-1-5-20", "EventData.ReasonCode": "13"}
{"EventID": "131", "Channel": "Microsoft-Windows-RemoteDesktopServices-RdpCoreTS/Operational", "Provider_Name": "Microsoft-Windows-RemoteDesktopServices-RdpCoreTS", "Computer": "DESKTOP-OFJ6N53", "TimeCreated": "2025-08-25 16:16:55.495104+00:00", "RecordID": "182714", "Level": "4", "UserID": "S-1-5-20", "EventData.ConnType": "TCP", "EventData.ClientIP": "10.31.228.152:58597"}
{"EventID": "65", "Channel": "Microsoft-Windows-RemoteDesktopServices-RdpCoreTS/Operational", "Provider_Name": "Microsoft-Windows-RemoteDesktopServices-RdpCoreTS", "Computer": "DESKTOP-OFJ6N53", "TimeCreated": "2025-08-25 16:16:55.498344+00:00", "RecordID": "182715", "Level": "4", "UserID": "S-1-5-20", "EventData.ConnectionName": "RDP-Tcp#8"}
{"EventID": "72", "Channel": "Microsoft-Windows-RemoteDesktopServices-RdpCoreTS/Operational", "Provider_Name": "Microsoft-Windows-RemoteDesktopServices-RdpCoreTS", "Computer": "DESKTOP-OFJ6N53", "TimeCreated": "2025-08-25 16:16:55.500250+00:00", "RecordID": "182716", "Level": "4", "UserID": "S-1-5-20", "EventData.MethodName": "PrepareForAccept"}
{"EventID": "72", "Channel": "Microsoft-Windows-RemoteDesktopServices-RdpCoreTS/Operational", "Provider_Name": "Microsoft-Windows-RemoteDesktopServices-RdpCoreTS", "Computer": "DESKTOP-OFJ6N53", "TimeCreated": "2025-08-25 16:16:55.500259+00:00", "RecordID": "182717", "Level": "4", "UserID": "S-1-5-20", "EventData.MethodName": "SendPolicyData"}
{"EventID": "141", "Channel": "Microsoft-Windows-RemoteDesktopServices-RdpCoreTS/Operational", "Provider_Name": "Microsoft-Windows-RemoteDesktopServices-RdpCoreTS", "Computer": "DESKTOP-OFJ6N53", "TimeCreated": "2025-08-25 16:16:55.501331+00:00", "RecordID": "182718", "Level": "4", "UserID": "S-1-5-20", "EventData.InstanceID": "8"}
{"EventID": "101", "Channel": "Microsoft-Windows-RemoteDesktopServices-RdpCoreTS/Operational", "Provider_Name": "Microsoft-Windows-RemoteDesktopServices-RdpCoreTS", "Computer": "DESKTOP-OFJ6N53", "TimeCreated": "2025-08-25 16:16:56.195906+00:00", "RecordID": "182719", "Level": "3", "UserID": "S-1-5-20", "EventData.ReasonString": "Reason Code: 2(Server Configuration)."}
{"EventID": "132", "Channel": "Microsoft-Windows-RemoteDesktopServices-RdpCoreTS/Operational", "Provider_Name": "Microsoft-Windows-RemoteDesktopServices-RdpCoreTS", "Computer": "DESKTOP-OFJ6N53", "TimeCreated": "2025-08-25 16:16:56.195923+00:00", "RecordID": "182720", "Level": "4", "UserID": "S-1-5-20", "EventData.ChannelName": "rdplic", "EventData.TunnelID": "0"}
{"EventID": "132", "Channel": "Microsoft-Windows-RemoteDesktopServices-RdpCoreTS/Operational", "Provider_Name": "Microsoft-Windows-RemoteDesktopServices-RdpCoreTS", "Computer": "DESKTOP-OFJ6N53", "TimeCreated": "2025-08-25 16:16:56.195927+00:00", "RecordID": "182721", "Level": "4", "UserID": "S-1-5-20", "EventData.ChannelName": "rdpcmd", "EventData.TunnelID": "0"}
{"EventID": "72", "Channel": "Microsoft-Windows-RemoteDesktopServices-RdpCoreTS/Operational", "Provider_Name": "Microsoft-Windows-RemoteDesktopServices-RdpCoreTS", "Computer": "DESKTOP-OFJ6N53", "TimeCreated": "2025-08-25 16:16:56.195946+00:00", "RecordID": "182722", "Level": "4", "UserID": "S-1-5-20", "EventData.MethodName": "OnStartLicensing"}
{"EventID": "72", "Channel": "Microsoft-Windows-RemoteDesktopServices-RdpCoreTS/Operational", "Provider_Name": "Microsoft-Windows-RemoteDesktopServices-RdpCoreTS", "Computer": "DESKTOP-OFJ6N53", "TimeCreated": "2025-08-25 16:16:56.196026+00:00", "RecordID": "182723", "Level": "4", "UserID": "S-1-5-20", "EventData.MethodName": "AcceptConnection"}
{"EventID": "104", "Channel": "Microsoft-Windows-RemoteDesktopServices-RdpCoreTS/Operational", "Provider_Name": "Microsoft-Windows-RemoteDesktopServices-RdpCoreTS", "Computer": "DESKTOP-OFJ6N53", "TimeCreated": "2025-08-25 16:16:56.196262+00:00", "RecordID": "182724", "Level": "4", "UserID": "S-1-5-20", "EventData.TimezoneBiasHour": "[3]"}
{"EventID": "71", "Channel": "Microsoft-Windows-RemoteDesktopServices-RdpCoreTS/Operational", "Provider_Name": "Microsoft-Windows-RemoteDesktopServices-RdpCoreTS", "Computer": "DESKTOP-OFJ6N53", "TimeCreated": "2025-08-25 16:16:56.196266+00:00", "RecordID": "182725", "Level": "4", "UserID": "S-1-5-20", "EventData.ConnectionName": "RDP-Tcp#8", "EventData.DisplayDriverName": "RDPUDD"}
{"EventID": "227", "Channel": "Microsoft-Windows-RemoteDesktopServices-RdpCoreTS/Operational", "Provider_Name": "Microsoft-Windows-RemoteDesktopServices-RdpCoreTS", "Computer": "DESKTOP-OFJ6N53", "TimeCreated": "2025-08-25 16:16:56.196314+00:00", "RecordID": "182726", "Level": "2", "UserID": "S-1-5-20", "EventData.Name": "CUMRDPConnection", "EventData.Value": "2147500033", "EventData.CustomLevel": "'Failed GetConnectionProperty' in CUMRDPConnection::QueryProperty at 3347 err=[0x80004001]"}
{"EventID": "72", "Channel": "Microsoft-Windows-RemoteDesktopServices-RdpCoreTS/Operational", "Provider_Name": "Microsoft-Windows-RemoteDesktopServices-RdpCoreTS", "Computer": "DESKTOP-OFJ6N53", "TimeCreated": "2025-08-25 16:16:56.196316+00:00", "RecordID": "182727", "Level": "4", "UserID": "S-1-5-20", "EventData.MethodName": "GetSecurityFilterCreds"}
{"EventID": "72", "Channel": "Microsoft-Windows-RemoteDesktopServices-RdpCoreTS/Operational", "Provider_Name": "Microsoft-Windows-RemoteDesktopServices-RdpCoreTS", "Computer": "DESKTOP-OFJ6N53", "TimeCreated": "2025-08-25 16:16:56.197426+00:00", "RecordID": "182728", "Level": "4", "UserID": "S-1-5-20", "EventData.MethodName": "SendClientLicense"}
{"EventID": "72", "Channel": "Microsoft-Windows-RemoteDesktopServices-RdpCoreTS/Operational", "Provider_Name": "Microsoft-Windows-RemoteDesktopServices-RdpCoreTS", "Computer": "DESKTOP-OFJ6N53", "TimeCreated": "2025-08-25 16:16:56.197447+00:00", "RecordID": "182729", "Level": "4", "UserID": "S-1-5-20", "EventData.MethodName": "ProtocolComplete"}
{"EventID": "98", "Channel": "Microsoft-Windows-RemoteDesktopServices-RdpCoreTS/Operational", "Provider_Name": "Microsoft-Windows-RemoteDesktopServices-RdpCoreTS", "Computer": "DESKTOP-OFJ6N53", "TimeCreated": "2025-08-25 16:16:56.197655+00:00", "RecordID": "182730", "Level": "4", "UserID": "S-1-5-20"}
{"EventID": "100", "Channel": "Microsoft-Windows-RemoteDesktopServices-RdpCoreTS/Operational", "Provider_Name": "Microsoft-Windows-RemoteDesktopServices-RdpCoreTS", "Computer": "DESKTOP-OFJ6N53", "TimeCreated": "2025-08-25 16:16:56.197657+00:00", "RecordID": "182731", "Level": "4", "UserID": "S-1-5-20"}
{"EventID": "135", "Channel": "Microsoft-Windows-RemoteDesktopServices-RdpCoreTS/Operational", "Provider_Name": "Microsoft-Windows-RemoteDesktopServices-RdpCoreTS", "Computer": "DESKTOP-OFJ6N53", "TimeCreated": "2025-08-25 16:16:56.197714+00:00", "RecordID": "182732", "Level": "4", "UserID": "S-1-5-20", "EventData.TunnelID": "1", "EventData.TransportType": "TCP: Reason Code: 1 (No Client UDP Support)"}
{"EventID": "135", "Channel": "Microsoft-Windows-RemoteDesktopServices-RdpCoreTS/Operational", "Provider_Name": "Microsoft-Windows-RemoteDesktopServices-RdpCoreTS", "Computer": "DESKTOP-OFJ6N53", "TimeCreated": "2025-08-25 16:16:56.197720+00:00", "RecordID": "182733", "Level": "4", "UserID": "S-1-5-20", "EventData.TunnelID": "3", "EventData.TransportType": "TCP: Reason Code: 2 (Forced by Server Configuration)"}
{"EventID": "72", "Channel": "Microsoft-Windows-RemoteDesktopServices-RdpCoreTS/Operational", "Provider_Name": "Microsoft-Windows-RemoteDesktopServices-RdpCoreTS", "Computer": "DESKTOP-OFJ6N53", "TimeCreated": "2025-08-25 16:16:56.198174+00:00", "RecordID": "182734", "Level": "4", "UserID": "S-1-5-20", "EventData.MethodName": "AuthenticateClientToSession"}
{"EventID": "66", "Channel": "Microsoft-Windows-RemoteDesktopServices-RdpCoreTS/Operational", "Provider_Name": "Microsoft-Windows-RemoteDesktopServices-RdpCoreTS", "Computer": "DESKTOP-OFJ6N53", "TimeCreated": "2025-08-25 16:16:56.264736+00:00", "RecordID": "182735", "Level": "4", "UserID": "S-1-5-20", "EventData.ConnectionName": "RDP-Tcp#8", "EventData.SessionID": "1"}
{"EventID": "132", "Channel": "Microsoft-Windows-RemoteDesktopServices-RdpCoreTS/Operational", "Provider_Name": "Microsoft-Windows-RemoteDesktopServices-RdpCoreTS", "Computer": "DESKTOP-OFJ6N53", "TimeCreated": "2025-08-25 16:16:56.270811+00:00", "RecordID": "182736", "Level": "4", "UserID": "S-1-5-20", "EventData.ChannelName": "rdpgrfx", "EventData.TunnelID": "0"}
{"EventID": "33", "Channel": "Microsoft-Windows-RemoteDesktopServices-RdpCoreTS/Operational", "Provider_Name": "Microsoft-Windows-RemoteDesktopServices-RdpCoreTS", "Computer": "DESKTOP-OFJ6N53", "TimeCreated": "2025-08-25 16:16:56.271072+00:00", "RecordID": "182737", "Level": "4", "UserID": "S-1-5-20"}
{"EventID": "132", "Channel": "Microsoft-Windows-RemoteDesktopServices-RdpCoreTS/Operational", "Provider_Name": "Microsoft-Windows-RemoteDesktopServices-RdpCoreTS", "Computer": "DESKTOP-OFJ6N53", "TimeCreated": "2025-08-25 16:16:56.319740+00:00", "RecordID": "182738", "Level": "4", "UserID": "S-1-5-20", "EventData.ChannelName": "rdpinpt", "EventData.TunnelID": "0"}
{"EventID": "169", "Channel": "Microsoft-Windows-RemoteDesktopServices-RdpCoreTS/Operational", "Provider_Name": "Microsoft-Windows-RemoteDesktopServices-RdpCoreTS", "Computer": "DESKTOP-OFJ6N53", "TimeCreated": "2025-08-25 16:16:56.320007+00:00", "RecordID": "182739", "Level": "4", "UserID": "S-1-5-20", "EventData.MajorType": "6", "EventData.MinorType": "0", "EventData.ServerName": "DESKTOP-OFJ6N53"}
{"EventID": "72", "Channel": "Microsoft-Windows-RemoteDesktopServices-RdpCoreTS/Operational", "Provider_Name": "Microsoft-Windows-RemoteDesktopServices-RdpCoreTS", "Computer": "DESKTOP-OFJ6N53", "TimeCreated": "2025-08-25 16:16:56.320032+00:00", "RecordID": "182740", "Level": "4", "UserID": "S-1-5-20", "EventData.MethodName": "OnConnected"}
{"EventID": "72", "Channel": "Microsoft-Windows-RemoteDesktopServices-RdpCoreTS/Operational", "Provider_Name": "Microsoft-Windows-RemoteDesktopServices-RdpCoreTS", "Computer": "DESKTOP-OFJ6N53", "TimeCreated": "2025-08-25 16:16:56.320040+00:00", "RecordID": "182741", "Level": "4", "UserID": "S-1-5-20", "EventData.MethodName": "OnReady"}
{"EventID": "132", "Channel": "Microsoft-Windows-RemoteDesktopServices-RdpCoreTS/Operational", "Provider_Name": "Microsoft-Windows-RemoteDesktopServices-RdpCoreTS", "Computer": "DESKTOP-OFJ6N53", "TimeCreated": "2025-08-25 16:16:56.362978+00:00", "RecordID": "182742", "Level": "4", "UserID": "S-1-5-20", "EventData.ChannelName": "Microsoft::Windows::RDS::Telemetry", "EventData.TunnelID": "0"}
{"EventID": "132", "Channel": "Microsoft-Windows-RemoteDesktopServices-RdpCoreTS/Operational", "Provider_Name": "Microsoft-Windows-RemoteDesktopServices-RdpCoreTS", "Computer": "DESKTOP-OFJ6N53", "TimeCreated": "2025-08-25 16:16:56.363195+00:00", "RecordID": "182743", "Level": "4", "UserID": "S-1-5-20", "EventData.ChannelName": "Microsoft::Windows::RDS::Graphics", "EventData.TunnelID": "0"}
{"EventID": "162", "Channel": "Microsoft-Windows-RemoteDesktopServices-RdpCoreTS/Operational", "Provider_Name": "Microsoft-Windows-RemoteDesktopServices-RdpCoreTS", "Computer": "DESKTOP-OFJ6N53", "TimeCreated": "2025-08-25 16:16:56.365261+00:00", "RecordID": "182744", "Level": "4", "UserID": "S-1-5-20", "EventData.Version": "0x000a0400", "EventData.ClientMode": "2", "EventData.AvcEnabled": "1", "EventData.ProfileIdNum": "2", "EventData.ServerName": "DESKTOP-OFJ6N53"}
{"EventID": "72", "Channel": "Microsoft-Windows-RemoteDesktopServices-RdpCoreTS/Operational", "Provider_Name": "Microsoft-Windows-RemoteDesktopServices-RdpCoreTS", "Computer": "DESKTOP-OFJ6N53", "TimeCreated": "2025-08-25 16:16:56.389809+00:00", "RecordID": "182745", "Level": "4", "UserID": "S-1-5-20", "EventData.MethodName": "ConnectNotify(SessionId=1)"}
{"EventID": "148", "Channel": "Microsoft-Windows-RemoteDesktopServices-RdpCoreTS/Operational", "Provider_Name": "Microsoft-Windows-RemoteDesktopServices-RdpCoreTS", "Computer": "DESKTOP-OFJ6N53", "TimeCreated": "2025-08-25 16:16:56.403563+00:00", "RecordID": "182746", "Level": "4", "UserID": "S-1-5-20", "EventData.ChannelName": "Microsoft::Windows::RDS::Video::Control::v08.01", "EventData.TunnelID": "0"}
{"EventID": "148", "Channel": "Microsoft-Windows-RemoteDesktopServices-RdpCoreTS/Operational", "Provider_Name": "Microsoft-Windows-RemoteDesktopServices-RdpCoreTS", "Computer": "DESKTOP-OFJ6N53", "TimeCreated": "2025-08-25 16:16:56.403708+00:00", "RecordID": "182747", "Level": "4", "UserID": "S-1-5-20", "EventData.ChannelName": "Microsoft::Windows::RDS::Video::Data::v08.01", "EventData.TunnelID": "0"}
{"EventID": "132", "Channel": "Microsoft-Windows-RemoteDesktopServices-RdpCoreTS/Operational", "Provider_Name": "Microsoft-Windows-RemoteDesktopServices-RdpCoreTS", "Computer": "DESKTOP-OFJ6N53", "TimeCreated": "2025-08-25 16:16:56.445246+00:00", "RecordID": "182748", "Level": "4", "UserID": "S-1-5-20", "EventData.ChannelName": "rdpdr", "EventData.TunnelID": "0"}
{"EventID": "148", "Channel": "Microsoft-Windows-RemoteDesktopServices-RdpCoreTS/Operational", "Provider_Name": "Microsoft-Windows-RemoteDesktopServices-RdpCoreTS", "Computer": "DESKTOP-OFJ6N53", "TimeCreated": "2025-08-25 16:16:56.454088+00:00", "RecordID": "182749", "Level": "4", "UserID": "S-1-5-20", "EventData.ChannelName": "Microsoft::Windows::RDS::Geometry::v08.01", "EventData.TunnelID": "0"}
{"EventID": "132", "Channel": "Microsoft-Windows-RemoteDesktopServices-RdpCoreTS/Operational", "Provider_Name": "Microsoft-Windows-RemoteDesktopServices-RdpCoreTS", "Computer": "DESKTOP-OFJ6N53", "TimeCreated": "2025-08-25 16:16:56.519188+00:00", "RecordID": "182750", "Level": "4", "UserID": "S-1-5-20", "EventData.ChannelName": "AUDIO_PLAYBACK_DVC", "EventData.TunnelID": "0"}
{"EventID": "148", "Channel": "Microsoft-Windows-RemoteDesktopServices-RdpCoreTS/Operational", "Provider_Name": "Microsoft-Windows-RemoteDesktopServices-RdpCoreTS", "Computer": "DESKTOP-OFJ6N53", "TimeCreated": "2025-08-25 16:16:56.519297+00:00", "RecordID": "182751", "Level": "4", "UserID": "S-1-5-20", "EventData.ChannelName": "AUDIO_PLAYBACK_DVC", "EventData.TunnelID": "0"}
{"EventID": "227", "Channel": "Microsoft-Windows-RemoteDesktopServices-RdpCoreTS/Operational", "Provider_Name": "Microsoft-Windows-RemoteDesktopServices-RdpCoreTS", "Computer": "DESKTOP-OFJ6N53", "TimeCreated": "2025-08-25 16:16:56.519646+00:00", "RecordID": "182752", "Level": "2", "UserID": "S-1-5-20", "EventData.Name": "CUMRDPConnection", "EventData.Value": "3489660929", "EventData.CustomLevel": "'Failed CreateVirtualChannel call on this Connections Stack' in CUMRDPConnection::CreateVirtualChannel at 2961 err=[0xd0000001]"}
{"EventID": "132", "Channel": "Microsoft-Windows-RemoteDesktopServices-RdpCoreTS/Operational", "Provider_Name": "Microsoft-Windows-RemoteDesktopServices-RdpCoreTS", "Computer": "DESKTOP-OFJ6N53", "TimeCreated": "2025-08-25 16:16:56.568230+00:00", "RecordID": "182753", "Level": "4", "UserID": "S-1-5-20", "EventData.ChannelName": "AUDIO_PLAYBACK_DVC", "EventData.TunnelID": "0"}
{"EventID": "148", "Channel": "Microsoft-Windows-RemoteDesktopServices-RdpCoreTS/Operational", "Provider_Name": "Microsoft-Windows-RemoteDesktopServices-RdpCoreTS", "Computer": "DESKTOP-OFJ6N53", "TimeCreated": "2025-08-25 16:16:56.570389+00:00", "RecordID": "182754", "Level": "4", "UserID": "S-1-5-20", "EventData.ChannelName": "AUDIO_PLAYBACK_DVC", "EventData.TunnelID": "0"}
{"EventID": "227", "Channel": "Microsoft-Windows-RemoteDesktopServices-RdpCoreTS/Operational", "Provider_Name": "Microsoft-Windows-RemoteDesktopServices-RdpCoreTS", "Computer": "DESKTOP-OFJ6N53", "TimeCreated": "2025-08-25 16:16:56.570528+00:00", "RecordID": "182755", "Level": "2", "UserID": "S-1-5-20", "EventData.Name": "CUMRDPConnection", "EventData.Value": "3489660929", "EventData.CustomLevel": "'Failed CreateVirtualChannel call on this Connections Stack' in CUMRDPConnection::CreateVirtualChannel at 2961 err=[0xd0000001]"}
{"EventID": "148", "Channel": "Microsoft-Windows-RemoteDesktopServices-RdpCoreTS/Operational", "Provider_Name": "Microsoft-Windows-RemoteDesktopServices-RdpCoreTS", "Computer": "DESKTOP-OFJ6N53", "TimeCreated": "2025-08-25 16:16:56.751759+00:00", "RecordID": "182756", "Level": "4", "UserID": "S-1-5-20", "EventData.ChannelName": "Microsoft::Windows::RDS::Input", "EventData.TunnelID": "0"}
{"EventID": "227", "Channel": "Microsoft-Windows-RemoteDesktopServices-RdpCoreTS/Operational", "Provider_Name": "Microsoft-Windows-RemoteDesktopServices-RdpCoreTS", "Computer": "DESKTOP-OFJ6N53", "TimeCreated": "2025-08-25 16:16:56.753092+00:00", "RecordID": "182757", "Level": "2", "UserID": "S-1-5-20", "EventData.Name": "CUMRDPConnection", "EventData.Value": "3489660929", "EventData.CustomLevel": "'Failed CreateVirtualChannel call on this Connections Stack' in CUMRDPConnection::CreateVirtualChannel at 2961 err=[0xd0000001]"}
{"EventID": "132", "Channel": "Microsoft-Windows-RemoteDesktopServices-RdpCoreTS/Operational", "Provider_Name": "Microsoft-Windows-RemoteDesktopServices-RdpCoreTS", "Computer": "DESKTOP-OFJ6N53", "TimeCreated": "2025-08-25 16:16:56.756405+00:00", "RecordID": "182758", "Level": "4", "UserID": "S-1-5-20", "EventData.ChannelName": "Microsoft::Windows::RDS::Input", "EventData.TunnelID": "0"}
{"EventID": "132", "Channel": "Microsoft-Windows-RemoteDesktopServices-RdpCoreTS/Operational", "Provider_Name": "Microsoft-Windows-RemoteDesktopServices-RdpCoreTS", "Computer": "DESKTOP-OFJ6N53", "TimeCreated": "2025-08-25 16:16:56.761686+00:00", "RecordID": "182759", "Level": "4", "UserID": "S-1-5-20", "EventData.ChannelName": "Microsoft::Windows::RDS::Geometry::v08.01", "EventData.TunnelID": "0"}
{"EventID": "132", "Channel": "Microsoft-Windows-RemoteDesktopServices-RdpCoreTS/Operational", "Provider_Name": "Microsoft-Windows-RemoteDesktopServices-RdpCoreTS", "Computer": "DESKTOP-OFJ6N53", "TimeCreated": "2025-08-25 16:16:56.776800+00:00", "RecordID": "182760", "Level": "4", "UserID": "S-1-5-20", "EventData.ChannelName": "rdpsnd", "EventData.TunnelID": "0"}
{"EventID": "132", "Channel": "Microsoft-Windows-RemoteDesktopServices-RdpCoreTS/Operational", "Provider_Name": "Microsoft-Windows-RemoteDesktopServices-RdpCoreTS", "Computer": "DESKTOP-OFJ6N53", "TimeCreated": "2025-08-25 16:16:56.865681+00:00", "RecordID": "182761", "Level": "4", "UserID": "S-1-5-20", "EventData.ChannelName": "cliprdr", "EventData.TunnelID": "0"}
{"EventID": "132", "Channel": "Microsoft-Windows-RemoteDesktopServices-RdpCoreTS/Operational", "Provider_Name": "Microsoft-Windows-RemoteDesktopServices-RdpCoreTS", "Computer": "DESKTOP-OFJ6N53", "TimeCreated": "2025-08-25 16:16:57.298155+00:00", "RecordID": "182762", "Level": "4", "UserID": "S-1-5-20", "EventData.ChannelName": "Microsoft::Windows::RDS::Geometry::v08.01", "EventData.TunnelID": "0"}
{"EventID": "148", "Channel": "Microsoft-Windows-RemoteDesktopServices-RdpCoreTS/Operational", "Provider_Name": "Microsoft-Windows-RemoteDesktopServices-RdpCoreTS", "Computer": "DESKTOP-OFJ6N53", "TimeCreated": "2025-08-25 16:16:57.454077+00:00", "RecordID": "182763", "Level": "4", "UserID": "S-1-5-20", "EventData.ChannelName": "Microsoft::Windows::RDS::Geometry::v08.01", "EventData.TunnelID": "0"}
{"EventID": "132", "Channel": "Microsoft-Windows-RemoteDesktopServices-RdpCoreTS/Operational", "Provider_Name": "Microsoft-Windows-RemoteDesktopServices-RdpCoreTS", "Computer": "DESKTOP-OFJ6N53", "TimeCreated": "2025-08-25 16:16:57.615095+00:00", "RecordID": "182764", "Level": "4", "UserID": "S-1-5-20", "EventData.ChannelName": "RDCamera_Device_Enumerator", "EventData.TunnelID": "0"}
{"EventID": "132", "Channel": "Microsoft-Windows-RemoteDesktopServices-RdpCoreTS/Operational", "Provider_Name": "Microsoft-Windows-RemoteDesktopServices-RdpCoreTS", "Computer": "DESKTOP-OFJ6N53", "TimeCreated": "2025-08-25 16:16:57.615156+00:00", "RecordID": "182765", "Level": "4", "UserID": "S-1-5-20", "EventData.ChannelName": "Microsoft::Windows::RDS::DisplayControl", "EventData.TunnelID": "0"}
{"EventID": "148", "Channel": "Microsoft-Windows-RemoteDesktopServices-RdpCoreTS/Operational", "Provider_Name": "Microsoft-Windows-RemoteDesktopServices-RdpCoreTS", "Computer": "DESKTOP-OFJ6N53", "TimeCreated": "2025-08-25 16:16:57.616663+00:00", "RecordID": "182766", "Level": "4", "UserID": "S-1-5-20", "EventData.ChannelName": "RDCamera_Device_Enumerator", "EventData.TunnelID": "0"}
{"EventID": "227", "Channel": "Microsoft-Windows-RemoteDesktopServices-RdpCoreTS/Operational", "Provider_Name": "Microsoft-Windows-RemoteDesktopServices-RdpCoreTS", "Computer": "DESKTOP-OFJ6N53", "TimeCreated": "2025-08-25 16:16:57.616755+00:00", "RecordID": "182767", "Level": "2", "UserID": "S-1-5-20", "EventData.Name": "CUMRDPConnection", "EventData.Value": "3489660929", "EventData.CustomLevel": "'Failed CreateVirtualChannel call on this Connections Stack' in CUMRDPConnection::CreateVirtualChannel at 2961 err=[0xd0000001]"}
{"EventID": "227", "Channel": "Microsoft-Windows-RemoteDesktopServices-RdpCoreTS/Operational", "Provider_Name": "Microsoft-Windows-RemoteDesktopServices-RdpCoreTS", "Computer": "DESKTOP-OFJ6N53", "TimeCreated": "2025-08-25 16:16:58.313194+00:00", "RecordID": "182768", "Level": "2", "UserID": "S-1-5-20", "EventData.Name": "CUMRDPConnection", "EventData.Value": "2147500033", "EventData.CustomLevel": "'Failed GetConnectionProperty' in CUMRDPConnection::QueryProperty at 3347 err=[0x80004001]"}
