{"EventID": "1225", "Channel": "Microsoft-Windows-PushNotification-Platform/Operational", "Provider_Name": "Microsoft-Windows-PushNotifications-Platform", "Computer": "DESKTOP-OFJ6N53", "TimeCreated": "2025-08-26 08:53:59.744123+00:00", "RecordID": "3705782", "Level": "5", "UserID": "S-1-5-18", "EventData.Verb": "CNT", "EventData.TrID": "0", "EventData.Namespace": "CON", "EventData.CorrelationVector": "bUDTVYS1aEuBXULE.3.1", "EventData.Bytes": "122", "EventData.Payload": "TVMtQ1Y6IGJVRFRWWVMxYUV1QlhVTEUuMy4xDQoNCjxjb25uZWN0LXJlc3BvbnNlPjx2ZXI+MTwvdmVyPjxzZXNzaW9uPjx0aW1lb3V0PjQwMDA8L3RpbWVvdXQ+PC9zZXNzaW9uPjwvY29ubmVjdC1yZXNwb25zZT4=", "EventData.ConnectionType": "0"}
{"EventID": "1268", "Channel": "Microsoft-Windows-PushNotification-Platform/Operational", "Provider_Name": "Microsoft-Windows-PushNotifications-Platform", "Computer": "DESKTOP-OFJ6N53", "TimeCreated": "2025-08-26 08:53:59.744123+00:00", "RecordID": "3705783", "Level": "5", "UserID": "S-1-5-18", "EventData.Verb": "CNT", "EventData.TrID": "0", "EventData.Namespace": "CON", "EventData.CorrelationVector": "bUDTVYS1aEuBXULE.3.1", "EventData.Bytes": "122", "EventData.Payload": "Q05UIDAgQ09OADEyMg0KTVMtQ1Y6IGJVRFRWWVMxYUV1QlhVTEUuMy4xDQoNCjxjb25uZWN0LXJlc3BvbnNlPjx2ZXI+MTwvdmVyPjxzZXNzaW9uPjx0aW1lb3V0PjQwMDA8L3RpbWVvdXQ+PC9zZXNzaW9uPjwvY28=", "EventData.ConnectionType": "0"}
{"EventID": "1225", "Channel": "Microsoft-Windows-PushNotification-Platform/Operational", "Provider_Name": "Microsoft-Windows-PushNotifications-Platform", "Computer": "DESKTOP-OFJ6N53", "TimeCreated": "2025-08-26 08:53:59.744181+00:00", "RecordID": "3705784", "Level": "5", "UserID": "S-1-5-18", "EventData.Verb": "BND", "EventData.TrID": "3", "EventData.Namespace": "CON", "EventData.CorrelationVector": "bUDTVYS1aEuBXULE.3.0", "EventData.Bytes": "58", "EventData.Payload": "Q29udGV4dDogMzk3M2E2M2IxZDViZmQ2NQ0KTVMtQ1Y6IGJVRFRWWVMxYUV1QlhVTEUuMy4wDQoNCg==", "EventData.ConnectionType": "0"}
{"EventID": "1268", "Channel": "Microsoft-Windows-PushNotification-Platform/Operational", "Provider_Name": "Microsoft-Windows-PushNotifications-Platform", "Computer": "DESKTOP-OFJ6N53", "TimeCreated": "2025-08-26 08:53:59.744181+00:00", "RecordID": "3705785", "Level": "5", "UserID": "S-1-5-18", "EventData.Verb": "BND", "EventData.TrID": "3", "EventData.Namespace": "CON", "EventData.CorrelationVector": "bUDTVYS1aEuBXULE.3.0", "EventData.Bytes": "58", "EventData.Payload": "Qk5EIDMgQ09OADU4DQpDb250ZXh0OiAzOTczYTYzYjFkNWJmZDY1DQpNUy1DVjogYlVEVFZZUzFhRQ==", "EventData.ConnectionType": "0"}
{"EventID": "1223", "Channel": "Microsoft-Windows-PushNotification-Platform/Operational", "Provider_Name": "Microsoft-Windows-PushNotifications-Platform", "Computer": "DESKTOP-OFJ6N53", "TimeCreated": "2025-08-26 08:53:59.744936+00:00", "RecordID": "3705786", "Level": "5", "UserID": "S-1-5-18", "EventData.Verb": "PNG", "EventData.TrID": "4", "EventData.Namespace": "CON", "EventData.CorrelationVector": "bUDTVYS1aEuBXULE.4", "EventData.Bytes": "29", "EventData.Payload": "Q29udGV4dDogMTdhZGM2YzUyODY2OTViZA0KDQo=", "EventData.ConnectionType": "0"}
{"EventID": "1267", "Channel": "Microsoft-Windows-PushNotification-Platform/Operational", "Provider_Name": "Microsoft-Windows-PushNotifications-Platform", "Computer": "DESKTOP-OFJ6N53", "TimeCreated": "2025-08-26 08:53:59.744938+00:00", "RecordID": "3705787", "Level": "5", "UserID": "S-1-5-18", "EventData.Verb": "PNG", "EventData.TrID": "4", "EventData.Namespace": "CON", "EventData.CorrelationVector": "bUDTVYS1aEuBXULE.4", "EventData.Bytes": "70", "EventData.Payload": "UE5HIDQgQ09OIDU2DQpNUy1DVjogYlVEVFZZUzFhRXVCWFVMRS40DQpDb250ZXh0OiAxN2FkYzZjNTI4NjY5NWJkDQoNCg==", "EventData.ConnectionType": "0"}
{"EventID": "1225", "Channel": "Microsoft-Windows-PushNotification-Platform/Operational", "Provider_Name": "Microsoft-Windows-PushNotifications-Platform", "Computer": "DESKTOP-OFJ6N53", "TimeCreated": "2025-08-26 08:53:59.806860+00:00", "RecordID": "3705788", "Level": "5", "UserID": "S-1-5-18", "EventData.Verb": "PNG", "EventData.TrID": "4", "EventData.Namespace": "CON", "EventData.CorrelationVector": "bUDTVYS1aEuBXULE.4.0", "EventData.Bytes": "77", "EventData.Payload": "TVMtQ1Y6IGJVRFRWWVMxYUV1QlhVTEUuNC4wDQoNCjxwaW5nLXJlc3BvbnNlPjx3YWl0PjQwPC93YWl0PjwvcGluZy1yZXNwb25zZT4=", "EventData.ConnectionType": "0"}
{"EventID": "1268", "Channel": "Microsoft-Windows-PushNotification-Platform/Operational", "Provider_Name": "Microsoft-Windows-PushNotifications-Platform", "Computer": "DESKTOP-OFJ6N53", "TimeCreated": "2025-08-26 08:53:59.806862+00:00", "RecordID": "3705789", "Level": "5", "UserID": "S-1-5-18", "EventData.Verb": "PNG", "EventData.TrID": "4", "EventData.Namespace": "CON", "EventData.CorrelationVector": "bUDTVYS1aEuBXULE.4.0", "EventData.Bytes": "77", "EventData.Payload": "UE5HIDQgQ09OADc3DQpNUy1DVjogYlVEVFZZUzFhRXVCWFVMRS40LjANCg0KPHBpbmctcmVzcG9uc2U+PHdhaXQ+NDA8L3dhaXQ+PC8=", "EventData.ConnectionType": "0"}
{"EventID": "1223", "Channel": "Microsoft-Windows-PushNotification-Platform/Operational", "Provider_Name": "Microsoft-Windows-PushNotifications-Platform", "Computer": "DESKTOP-OFJ6N53", "TimeCreated": "2025-08-26 08:53:59.808075+00:00", "RecordID": "3705790", "Level": "5", "UserID": "S-1-5-18", "EventData.Verb": "PUT", "EventData.TrID": "5", "EventData.Namespace": "QOS\\OPTIMALPNG 0", "EventData.CorrelationVector": "bUDTVYS1aEuBXULE.5", "EventData.Bytes": "46", "EventData.Payload": "DQo8b3B0aW1hbHBuZz48cmVzdWx0PjYwPC9yZXN1bHQ+PC9vcHRpbWFscG5nPg==", "EventData.ConnectionType": "0"}
{"EventID": "1267", "Channel": "Microsoft-Windows-PushNotification-Platform/Operational", "Provider_Name": "Microsoft-Windows-PushNotifications-Platform", "Computer": "DESKTOP-OFJ6N53", "TimeCreated": "2025-08-26 08:53:59.808077+00:00", "RecordID": "3705791", "Level": "5", "UserID": "S-1-5-18", "EventData.Verb": "PUT", "EventData.TrID": "5", "EventData.Namespace": "QOS\\OPTIMALPNG 0", "EventData.CorrelationVector": "bUDTVYS1aEuBXULE.5", "EventData.Bytes": "100", "EventData.Payload": "UFVUIDUgUU9TXE9QVElNQUxQTkcgMCA3Mw0KTVMtQ1Y6IGJVRFRWWVMxYUV1QlhVTEUuNQ0KDQo8b3B0aW1hbHBuZz48cmVzdWx0PjYwPC9yZXN1bHQ+PC9vcHRpbWFscG5nPg==", "EventData.ConnectionType": "0"}
{"EventID": "1252", "Channel": "Microsoft-Windows-PushNotification-Platform/Operational", "Provider_Name": "Microsoft-Windows-PushNotifications-Platform", "Computer": "DESKTOP-OFJ6N53", "TimeCreated": "2025-08-26 08:53:59.808126+00:00", "RecordID": "3705792", "Level": "4", "UserID": "S-1-5-18"}
{"EventID": "1205", "Channel": "Microsoft-Windows-PushNotification-Platform/Operational", "Provider_Name": "Microsoft-Windows-PushNotifications-Platform", "Computer": "DESKTOP-OFJ6N53", "TimeCreated": "2025-08-26 08:53:59.808674+00:00", "RecordID": "3705793", "Level": "4", "UserID": "S-1-5-18", "EventData.ConnectionType": "0"}
{"EventID": "1223", "Channel": "Microsoft-Windows-PushNotification-Platform/Operational", "Provider_Name": "Microsoft-Windows-PushNotifications-Platform", "Computer": "DESKTOP-OFJ6N53", "TimeCreated": "2025-08-26 08:53:59.808786+00:00", "RecordID": "3705794", "Level": "5", "UserID": "S-1-5-18", "EventData.Verb": "OUT", "EventData.TrID": "6", "EventData.Namespace": "CON", "EventData.CorrelationVector": "bUDTVYS1aEuBXULE.6", "EventData.Bytes": "29", "EventData.Payload": "Q29udGV4dDogMTRiZmVkOTM4NzVmNGJlMA0KDQo=", "EventData.ConnectionType": "0"}
{"EventID": "1267", "Channel": "Microsoft-Windows-PushNotification-Platform/Operational", "Provider_Name": "Microsoft-Windows-PushNotifications-Platform", "Computer": "DESKTOP-OFJ6N53", "TimeCreated": "2025-08-26 08:53:59.808788+00:00", "RecordID": "3705795", "Level": "5", "UserID": "S-1-5-18", "EventData.Verb": "OUT", "EventData.TrID": "6", "EventData.Namespace": "CON", "EventData.CorrelationVector": "bUDTVYS1aEuBXULE.6", "EventData.Bytes": "70", "EventData.Payload": "T1VUIDYgQ09OIDU2DQpNUy1DVjogYlVEVFZZUzFhRXVCWFVMRS42DQpDb250ZXh0OiAxNGJmZWQ5Mzg3NWY0YmUwDQoNCg==", "EventData.ConnectionType": "0"}
{"EventID": "1206", "Channel": "Microsoft-Windows-PushNotification-Platform/Operational", "Provider_Name": "Microsoft-Windows-PushNotifications-Platform", "Computer": "DESKTOP-OFJ6N53", "TimeCreated": "2025-08-26 08:53:59.809393+00:00", "RecordID": "3705796", "Level": "4", "UserID": "S-1-5-18", "EventData.ConnectionType": "0"}
{"EventID": "1223", "Channel": "Microsoft-Windows-PushNotification-Platform/Operational", "Provider_Name": "Microsoft-Windows-PushNotifications-Platform", "Computer": "DESKTOP-OFJ6N53", "TimeCreated": "2025-08-26 08:54:59.394382+00:00", "RecordID": "3705797", "Level": "5", "UserID": "S-1-5-18", "EventData.Verb": "PNG", "EventData.TrID": "11", "EventData.Namespace": "CON", "EventData.CorrelationVector": "vIKL831gwESlCc7B.11", "EventData.Bytes": "29", "EventData.Payload": "Q29udGV4dDogNmVmMTc2Nzc4ZGQyM2FkNA0KDQo=", "EventData.ConnectionType": "1"}
{"EventID": "1267", "Channel": "Microsoft-Windows-PushNotification-Platform/Operational", "Provider_Name": "Microsoft-Windows-PushNotifications-Platform", "Computer": "DESKTOP-OFJ6N53", "TimeCreated": "2025-08-26 08:54:59.394382+00:00", "RecordID": "3705798", "Level": "5", "UserID": "S-1-5-18", "EventData.Verb": "PNG", "EventData.TrID": "11", "EventData.Namespace": "CON", "EventData.CorrelationVector": "vIKL831gwESlCc7B.11", "EventData.Bytes": "72", "EventData.Payload": "UE5HIDExIENPTiA1Nw0KTVMtQ1Y6IHZJS0w4MzFnd0VTbENjN0IuMTENCkNvbnRleHQ6IDZlZjE3Njc3OGRkMjNhZDQNCg0K", "EventData.ConnectionType": "1"}
{"EventID": "1225", "Channel": "Microsoft-Windows-PushNotification-Platform/Operational", "Provider_Name": "Microsoft-Windows-PushNotifications-Platform", "Computer": "DESKTOP-OFJ6N53", "TimeCreated": "2025-08-26 08:54:59.528076+00:00", "RecordID": "3705799", "Level": "5", "UserID": "S-1-5-18", "EventData.Verb": "PNG", "EventData.TrID": "11", "EventData.Namespace": "CON", "EventData.CorrelationVector": "vIKL831gwESlCc7B.11.0", "EventData.Bytes": "126", "EventData.Payload": "TVMtQ1Y6IHZJS0w4MzFnd0VTbENjN0IuMTEuMA0KDQo8cGluZy1yZXNwb25zZT48d2FpdD40OTwvd2FpdD48Y29ubmVjdGlvbi1zdGF0dXM+Q29ubmVjdGVkPC9jb25uZWN0aW9uLXN0YXR1cz48L3BpbmctcmVzcG9uc2U+", "EventData.ConnectionType": "1"}
{"EventID": "1268", "Channel": "Microsoft-Windows-PushNotification-Platform/Operational", "Provider_Name": "Microsoft-Windows-PushNotifications-Platform", "Computer": "DESKTOP-OFJ6N53", "TimeCreated": "2025-08-26 08:54:59.528078+00:00", "RecordID": "3705800", "Level": "5", "UserID": "S-1-5-18", "EventData.Verb": "PNG", "EventData.TrID": "11", "EventData.Namespace": "CON", "EventData.CorrelationVector": "vIKL831gwESlCc7B.11.0", "EventData.Bytes": "126", "EventData.Payload": "UE5HIDExIENPTgAxMjYNCk1TLUNWOiB2SUtMODMxZ3dFU2xDYzdCLjExLjANCg0KPHBpbmctcmVzcG9uc2U+PHdhaXQ+NDk8L3dhaXQ+PGNvbm5lY3Rpb24tc3RhdHVzPkNvbm5lY3RlZDwvY29ubmVjdGlvbi1zdGF0dXM+", "EventData.ConnectionType": "1"}
{"EventID": "1223", "Channel": "Microsoft-Windows-PushNotification-Platform/Operational", "Provider_Name": "Microsoft-Windows-PushNotifications-Platform", "Computer": "DESKTOP-OFJ6N53", "TimeCreated": "2025-08-26 08:55:59.402372+00:00", "RecordID": "3705801", "Level": "5", "UserID": "S-1-5-18", "EventData.Verb": "PNG", "EventData.TrID": "12", "EventData.Namespace": "CON", "EventData.CorrelationVector": "vIKL831gwESlCc7B.12", "EventData.Bytes": "29", "EventData.Payload": "Q29udGV4dDogOTljMzNhMzZhM2Q4ZTA5Mg0KDQo=", "EventData.ConnectionType": "1"}
{"EventID": "1267", "Channel": "Microsoft-Windows-PushNotification-Platform/Operational", "Provider_Name": "Microsoft-Windows-PushNotifications-Platform", "Computer": "DESKTOP-OFJ6N53", "TimeCreated": "2025-08-26 08:55:59.402372+00:00", "RecordID": "3705802", "Level": "5", "UserID": "S-1-5-18", "EventData.Verb": "PNG", "EventData.TrID": "12", "EventData.Namespace": "CON", "EventData.CorrelationVector": "vIKL831gwESlCc7B.12", "EventData.Bytes": "72", "EventData.Payload": "UE5HIDEyIENPTiA1Nw0KTVMtQ1Y6IHZJS0w4MzFnd0VTbENjN0IuMTINCkNvbnRleHQ6IDk5YzMzYTM2YTNkOGUwOTINCg0K", "EventData.ConnectionType": "1"}
{"EventID": "1225", "Channel": "Microsoft-Windows-PushNotification-Platform/Operational", "Provider_Name": "Microsoft-Windows-PushNotifications-Platform", "Computer": "DESKTOP-OFJ6N53", "TimeCreated": "2025-08-26 08:55:59.465216+00:00", "RecordID": "3705803", "Level": "5", "UserID": "S-1-5-18", "EventData.Verb": "PNG", "EventData.TrID": "12", "EventData.Namespace": "CON", "EventData.CorrelationVector": "vIKL831gwESlCc7B.12.0", "EventData.Bytes": "126", "EventData.Payload": "TVMtQ1Y6IHZJS0w4MzFnd0VTbENjN0IuMTIuMA0KDQo8cGluZy1yZXNwb25zZT48d2FpdD41MDwvd2FpdD48Y29ubmVjdGlvbi1zdGF0dXM+Q29ubmVjdGVkPC9jb25uZWN0aW9uLXN0YXR1cz48L3BpbmctcmVzcG9uc2U+", "EventData.ConnectionType": "1"}
{"EventID": "1268", "Channel": "Microsoft-Windows-PushNotification-Platform/Operational", "Provider_Name": "Microsoft-Windows-PushNotifications-Platform", "Computer": "DESKTOP-OFJ6N53", "TimeCreated": "2025-08-26 08:55:59.465218+00:00", "RecordID": "3705804", "Level": "5", "UserID": "S-1-5-18", "EventData.Verb": "PNG", "EventData.TrID": "12", "EventData.Namespace": "CON", "EventData.CorrelationVector": "vIKL831gwESlCc7B.12.0", "EventData.Bytes": "126", "EventData.Payload": "UE5HIDEyIENPTgAxMjYNCk1TLUNWOiB2SUtMODMxZ3dFU2xDYzdCLjEyLjANCg0KPHBpbmctcmVzcG9uc2U+PHdhaXQ+NTA8L3dhaXQ+PGNvbm5lY3Rpb24tc3RhdHVzPkNvbm5lY3RlZDwvY29ubmVjdGlvbi1zdGF0dXM+", "EventData.ConnectionType": "1"}
{"EventID": "1223", "Channel": "Microsoft-Windows-PushNotification-Platform/Operational", "Provider_Name": "Microsoft-Windows-PushNotifications-Platform", "Computer": "DESKTOP-OFJ6N53", "TimeCreated": "2025-08-26 08:56:59.406898+00:00", "RecordID": "3705805", "Level": "5", "UserID": "S-1-5-18", "EventData.Verb": "PNG", "EventData.TrID": "13", "EventData.Namespace": "CON", "EventData.CorrelationVector": "vIKL831gwESlCc7B.13", "EventData.Bytes": "29", "EventData.Payload": "Q29udGV4dDogYjVjMGMwMGMyNGRkYzQ0Yg0KDQo=", "EventData.ConnectionType": "1"}
{"EventID": "1267", "Channel": "Microsoft-Windows-PushNotification-Platform/Operational", "Provider_Name": "Microsoft-Windows-PushNotifications-Platform", "Computer": "DESKTOP-OFJ6N53", "TimeCreated": "2025-08-26 08:56:59.406900+00:00", "RecordID": "3705806", "Level": "5", "UserID": "S-1-5-18", "EventData.Verb": "PNG", "EventData.TrID": "13", "EventData.Namespace": "CON", "EventData.CorrelationVector": "vIKL831gwESlCc7B.13", "EventData.Bytes": "72", "EventData.Payload": "UE5HIDEzIENPTiA1Nw0KTVMtQ1Y6IHZJS0w4MzFnd0VTbENjN0IuMTMNCkNvbnRleHQ6IGI1YzBjMDBjMjRkZGM0NGINCg0K", "EventData.ConnectionType": "1"}
{"EventID": "1225", "Channel": "Microsoft-Windows-PushNotification-Platform/Operational", "Provider_Name": "Microsoft-Windows-PushNotifications-Platform", "Computer": "DESKTOP-OFJ6N53", "TimeCreated": "2025-08-26 08:56:59.469349+00:00", "RecordID": "3705807", "Level": "5", "UserID": "S-1-5-18", "EventData.Verb": "PNG", "EventData.TrID": "13", "EventData.Namespace": "CON", "EventData.CorrelationVector": "vIKL831gwESlCc7B.13.0", "EventData.Bytes": "126", "EventData.Payload": "TVMtQ1Y6IHZJS0w4MzFnd0VTbENjN0IuMTMuMA0KDQo8cGluZy1yZXNwb25zZT48d2FpdD40Nzwvd2FpdD48Y29ubmVjdGlvbi1zdGF0dXM+Q29ubmVjdGVkPC9jb25uZWN0aW9uLXN0YXR1cz48L3BpbmctcmVzcG9uc2U+", "EventData.ConnectionType": "1"}
{"EventID": "1268", "Channel": "Microsoft-Windows-PushNotification-Platform/Operational", "Provider_Name": "Microsoft-Windows-PushNotifications-Platform", "Computer": "DESKTOP-OFJ6N53", "TimeCreated": "2025-08-26 08:56:59.469353+00:00", "RecordID": "3705808", "Level": "5", "UserID": "S-1-5-18", "EventData.Verb": "PNG", "EventData.TrID": "13", "EventData.Namespace": "CON", "EventData.CorrelationVector": "vIKL831gwESlCc7B.13.0", "EventData.Bytes": "126", "EventData.Payload": "UE5HIDEzIENPTgAxMjYNCk1TLUNWOiB2SUtMODMxZ3dFU2xDYzdCLjEzLjANCg0KPHBpbmctcmVzcG9uc2U+PHdhaXQ+NDc8L3dhaXQ+PGNvbm5lY3Rpb24tc3RhdHVzPkNvbm5lY3RlZDwvY29ubmVjdGlvbi1zdGF0dXM+", "EventData.ConnectionType": "1"}
{"EventID": "1223", "Channel": "Microsoft-Windows-PushNotification-Platform/Operational", "Provider_Name": "Microsoft-Windows-PushNotifications-Platform", "Computer": "DESKTOP-OFJ6N53", "TimeCreated": "2025-08-26 08:57:59.411724+00:00", "RecordID": "3705809", "Level": "5", "UserID": "S-1-5-18", "EventData.Verb": "PNG", "EventData.TrID": "14", "EventData.Namespace": "CON", "EventData.CorrelationVector": "vIKL831gwESlCc7B.14", "EventData.Bytes": "29", "EventData.Payload": "Q29udGV4dDogNDIwYWY5ZjY5YWQ1NDZjYg0KDQo=", "EventData.ConnectionType": "1"}
{"EventID": "1267", "Channel": "Microsoft-Windows-PushNotification-Platform/Operational", "Provider_Name": "Microsoft-Windows-PushNotifications-Platform", "Computer": "DESKTOP-OFJ6N53", "TimeCreated": "2025-08-26 08:57:59.411726+00:00", "RecordID": "3705810", "Level": "5", "UserID": "S-1-5-18", "EventData.Verb": "PNG", "EventData.TrID": "14", "EventData.Namespace": "CON", "EventData.CorrelationVector": "vIKL831gwESlCc7B.14", "EventData.Bytes": "72", "EventData.Payload": "UE5HIDE0IENPTiA1Nw0KTVMtQ1Y6IHZJS0w4MzFnd0VTbENjN0IuMTQNCkNvbnRleHQ6IDQyMGFmOWY2OWFkNTQ2Y2INCg0K", "EventData.ConnectionType": "1"}
{"EventID": "1225", "Channel": "Microsoft-Windows-PushNotification-Platform/Operational", "Provider_Name": "Microsoft-Windows-PushNotifications-Platform", "Computer": "DESKTOP-OFJ6N53", "TimeCreated": "2025-08-26 08:57:59.602570+00:00", "RecordID": "3705811", "Level": "5", "UserID": "S-1-5-18", "EventData.Verb": "PNG", "EventData.TrID": "14", "EventData.Namespace": "CON", "EventData.CorrelationVector": "vIKL831gwESlCc7B.14.0", "EventData.Bytes": "126", "EventData.Payload": "TVMtQ1Y6IHZJS0w4MzFnd0VTbENjN0IuMTQuMA0KDQo8cGluZy1yZXNwb25zZT48d2FpdD40Mzwvd2FpdD48Y29ubmVjdGlvbi1zdGF0dXM+Q29ubmVjdGVkPC9jb25uZWN0aW9uLXN0YXR1cz48L3BpbmctcmVzcG9uc2U+", "EventData.ConnectionType": "1"}
{"EventID": "1268", "Channel": "Microsoft-Windows-PushNotification-Platform/Operational", "Provider_Name": "Microsoft-Windows-PushNotifications-Platform", "Computer": "DESKTOP-OFJ6N53", "TimeCreated": "2025-08-26 08:57:59.602571+00:00", "RecordID": "3705812", "Level": "5", "UserID": "S-1-5-18", "EventData.Verb": "PNG", "EventData.TrID": "14", "EventData.Namespace": "CON", "EventData.CorrelationVector": "vIKL831gwESlCc7B.14.0", "EventData.Bytes": "126", "EventData.Payload": "UE5HIDE0IENPTgAxMjYNCk1TLUNWOiB2SUtMODMxZ3dFU2xDYzdCLjE0LjANCg0KPHBpbmctcmVzcG9uc2U+PHdhaXQ+NDM8L3dhaXQ+PGNvbm5lY3Rpb24tc3RhdHVzPkNvbm5lY3RlZDwvY29ubmVjdGlvbi1zdGF0dXM+", "EventData.ConnectionType": "1"}
{"EventID": "1223", "Channel": "Microsoft-Windows-PushNotification-Platform/Operational", "Provider_Name": "Microsoft-Windows-PushNotifications-Platform", "Computer": "DESKTOP-OFJ6N53", "TimeCreated": "2025-08-26 08:58:59.413828+00:00", "RecordID": "3705813", "Level": "5", "UserID": "S-1-5-18", "EventData.Verb": "PNG", "EventData.TrID": "15", "EventData.Namespace": "CON", "EventData.CorrelationVector": "vIKL831gwESlCc7B.15", "EventData.Bytes": "29", "EventData.Payload": "Q29udGV4dDogNzkyNzQ3NDM3YTAyM2JiNA0KDQo=", "EventData.ConnectionType": "1"}
{"EventID": "1267", "Channel": "Microsoft-Windows-PushNotification-Platform/Operational", "Provider_Name": "Microsoft-Windows-PushNotifications-Platform", "Computer": "DESKTOP-OFJ6N53", "TimeCreated": "2025-08-26 08:58:59.413830+00:00", "RecordID": "3705814", "Level": "5", "UserID": "S-1-5-18", "EventData.Verb": "PNG", "EventData.TrID": "15", "EventData.Namespace": "CON", "EventData.CorrelationVector": "vIKL831gwESlCc7B.15", "EventData.Bytes": "72", "EventData.Payload": "UE5HIDE1IENPTiA1Nw0KTVMtQ1Y6IHZJS0w4MzFnd0VTbENjN0IuMTUNCkNvbnRleHQ6IDc5Mjc0NzQzN2EwMjNiYjQNCg0K", "EventData.ConnectionType": "1"}
{"EventID": "1225", "Channel": "Microsoft-Windows-PushNotification-Platform/Operational", "Provider_Name": "Microsoft-Windows-PushNotifications-Platform", "Computer": "DESKTOP-OFJ6N53", "TimeCreated": "2025-08-26 08:58:59.476320+00:00", "RecordID": "3705815", "Level": "5", "UserID": "S-1-5-18", "EventData.Verb": "PNG", "EventData.TrID": "15", "EventData.Namespace": "CON", "EventData.CorrelationVector": "vIKL831gwESlCc7B.15.0", "EventData.Bytes": "126", "EventData.Payload": "TVMtQ1Y6IHZJS0w4MzFnd0VTbENjN0IuMTUuMA0KDQo8cGluZy1yZXNwb25zZT48d2FpdD40Njwvd2FpdD48Y29ubmVjdGlvbi1zdGF0dXM+Q29ubmVjdGVkPC9jb25uZWN0aW9uLXN0YXR1cz48L3BpbmctcmVzcG9uc2U+", "EventData.ConnectionType": "1"}
{"EventID": "1268", "Channel": "Microsoft-Windows-PushNotification-Platform/Operational", "Provider_Name": "Microsoft-Windows-PushNotifications-Platform", "Computer": "DESKTOP-OFJ6N53", "TimeCreated": "2025-08-26 08:58:59.476320+00:00", "RecordID": "3705816", "Level": "5", "UserID": "S-1-5-18", "EventData.Verb": "PNG", "EventData.TrID": "15", "EventData.Namespace": "CON", "EventData.CorrelationVector": "vIKL831gwESlCc7B.15.0", "EventData.Bytes": "126", "EventData.Payload": "UE5HIDE1IENPTgAxMjYNCk1TLUNWOiB2SUtMODMxZ3dFU2xDYzdCLjE1LjANCg0KPHBpbmctcmVzcG9uc2U+PHdhaXQ+NDY8L3dhaXQ+PGNvbm5lY3Rpb24tc3RhdHVzPkNvbm5lY3RlZDwvY29ubmVjdGlvbi1zdGF0dXM+", "EventData.ConnectionType": "1"}
{"EventID": "1223", "Channel": "Microsoft-Windows-PushNotification-Platform/Operational", "Provider_Name": "Microsoft-Windows-PushNotifications-Platform", "Computer": "DESKTOP-OFJ6N53", "TimeCreated": "2025-08-26 08:59:59.419563+00:00", "RecordID": "3705817", "Level": "5", "UserID": "S-1-5-18", "EventData.Verb": "PNG", "EventData.TrID": "16", "EventData.Namespace": "CON", "EventData.CorrelationVector": "vIKL831gwESlCc7B.16", "EventData.Bytes": "29", "EventData.Payload": "Q29udGV4dDogMzlkOWUxZjk0ZDQzMWY5MA0KDQo=", "EventData.ConnectionType": "1"}
{"EventID": "1267", "Channel": "Microsoft-Windows-PushNotification-Platform/Operational", "Provider_Name": "Microsoft-Windows-PushNotifications-Platform", "Computer": "DESKTOP-OFJ6N53", "TimeCreated": "2025-08-26 08:59:59.419565+00:00", "RecordID": "3705818", "Level": "5", "UserID": "S-1-5-18", "EventData.Verb": "PNG", "EventData.TrID": "16", "EventData.Namespace": "CON", "EventData.CorrelationVector": "vIKL831gwESlCc7B.16", "EventData.Bytes": "72", "EventData.Payload": "UE5HIDE2IENPTiA1Nw0KTVMtQ1Y6IHZJS0w4MzFnd0VTbENjN0IuMTYNCkNvbnRleHQ6IDM5ZDllMWY5NGQ0MzFmOTANCg0K", "EventData.ConnectionType": "1"}
{"EventID": "1225", "Channel": "Microsoft-Windows-PushNotification-Platform/Operational", "Provider_Name": "Microsoft-Windows-PushNotifications-Platform", "Computer": "DESKTOP-OFJ6N53", "TimeCreated": "2025-08-26 08:59:59.482635+00:00", "RecordID": "3705819", "Level": "5", "UserID": "S-1-5-18", "EventData.Verb": "PNG", "EventData.TrID": "16", "EventData.Namespace": "CON", "EventData.CorrelationVector": "vIKL831gwESlCc7B.16.0", "EventData.Bytes": "126", "EventData.Payload": "TVMtQ1Y6IHZJS0w4MzFnd0VTbENjN0IuMTYuMA0KDQo8cGluZy1yZXNwb25zZT48d2FpdD40MDwvd2FpdD48Y29ubmVjdGlvbi1zdGF0dXM+Q29ubmVjdGVkPC9jb25uZWN0aW9uLXN0YXR1cz48L3BpbmctcmVzcG9uc2U+", "EventData.ConnectionType": "1"}
{"EventID": "1268", "Channel": "Microsoft-Windows-PushNotification-Platform/Operational", "Provider_Name": "Microsoft-Windows-PushNotifications-Platform", "Computer": "DESKTOP-OFJ6N53", "TimeCreated": "2025-08-26 08:59:59.482637+00:00", "RecordID": "3705820", "Level": "5", "UserID": "S-1-5-18", "EventData.Verb": "PNG", "EventData.TrID": "16", "EventData.Namespace": "CON", "EventData.CorrelationVector": "vIKL831gwESlCc7B.16.0", "EventData.Bytes": "126", "EventData.Payload": "UE5HIDE2IENPTgAxMjYNCk1TLUNWOiB2SUtMODMxZ3dFU2xDYzdCLjE2LjANCg0KPHBpbmctcmVzcG9uc2U+PHdhaXQ+NDA8L3dhaXQ+PGNvbm5lY3Rpb24tc3RhdHVzPkNvbm5lY3RlZDwvY29ubmVjdGlvbi1zdGF0dXM+", "EventData.ConnectionType": "1"}
{"EventID": "1223", "Channel": "Microsoft-Windows-PushNotification-Platform/Operational", "Provider_Name": "Microsoft-Windows-PushNotifications-Platform", "Computer": "DESKTOP-OFJ6N53", "TimeCreated": "2025-08-26 09:00:59.524269+00:00", "RecordID": "3705821", "Level": "5", "UserID": "S-1-5-18", "EventData.Verb": "PNG", "EventData.TrID": "17", "EventData.Namespace": "CON", "EventData.CorrelationVector": "vIKL831gwESlCc7B.17", "EventData.Bytes": "29", "EventData.Payload": "Q29udGV4dDogY2FkNmMyYWIwYzAwNDQ0ZQ0KDQo=", "EventData.ConnectionType": "1"}
{"EventID": "1267", "Channel": "Microsoft-Windows-PushNotification-Platform/Operational", "Provider_Name": "Microsoft-Windows-PushNotifications-Platform", "Computer": "DESKTOP-OFJ6N53", "TimeCreated": "2025-08-26 09:00:59.524271+00:00", "RecordID": "3705822", "Level": "5", "UserID": "S-1-5-18", "EventData.Verb": "PNG", "EventData.TrID": "17", "EventData.Namespace": "CON", "EventData.CorrelationVector": "vIKL831gwESlCc7B.17", "EventData.Bytes": "72", "EventData.Payload": "UE5HIDE3IENPTiA1Nw0KTVMtQ1Y6IHZJS0w4MzFnd0VTbENjN0IuMTcNCkNvbnRleHQ6IGNhZDZjMmFiMGMwMDQ0NGUNCg0K", "EventData.ConnectionType": "1"}
{"EventID": "1225", "Channel": "Microsoft-Windows-PushNotification-Platform/Operational", "Provider_Name": "Microsoft-Windows-PushNotifications-Platform", "Computer": "DESKTOP-OFJ6N53", "TimeCreated": "2025-08-26 09:00:59.594725+00:00", "RecordID": "3705823", "Level": "5", "UserID": "S-1-5-18", "EventData.Verb": "PNG", "EventData.TrID": "17", "EventData.Namespace": "CON", "EventData.CorrelationVector": "vIKL831gwESlCc7B.17.0", "EventData.Bytes": "126", "EventData.Payload": "TVMtQ1Y6IHZJS0w4MzFnd0VTbENjN0IuMTcuMA0KDQo8cGluZy1yZXNwb25zZT48d2FpdD40NTwvd2FpdD48Y29ubmVjdGlvbi1zdGF0dXM+Q29ubmVjdGVkPC9jb25uZWN0aW9uLXN0YXR1cz48L3BpbmctcmVzcG9uc2U+", "EventData.ConnectionType": "1"}
{"EventID": "1268", "Channel": "Microsoft-Windows-PushNotification-Platform/Operational", "Provider_Name": "Microsoft-Windows-PushNotifications-Platform", "Computer": "DESKTOP-OFJ6N53", "TimeCreated": "2025-08-26 09:00:59.594727+00:00", "RecordID": "3705824", "Level": "5", "UserID": "S-1-5-18", "EventData.Verb": "PNG", "EventData.TrID": "17", "EventData.Namespace": "CON", "EventData.CorrelationVector": "vIKL831gwESlCc7B.17.0", "EventData.Bytes": "126", "EventData.Payload": "UE5HIDE3IENPTgAxMjYNCk1TLUNWOiB2SUtMODMxZ3dFU2xDYzdCLjE3LjANCg0KPHBpbmctcmVzcG9uc2U+PHdhaXQ+NDU8L3dhaXQ+PGNvbm5lY3Rpb24tc3RhdHVzPkNvbm5lY3RlZDwvY29ubmVjdGlvbi1zdGF0dXM+", "EventData.ConnectionType": "1"}
{"EventID": "1223", "Channel": "Microsoft-Windows-PushNotification-Platform/Operational", "Provider_Name": "Microsoft-Windows-PushNotifications-Platform", "Computer": "DESKTOP-OFJ6N53", "TimeCreated": "2025-08-26 09:01:59.561255+00:00", "RecordID": "3705825", "Level": "5", "UserID": "S-1-5-18", "EventData.Verb": "PNG", "EventData.TrID": "18", "EventData.Namespace": "CON", "EventData.CorrelationVector": "vIKL831gwESlCc7B.18", "EventData.Bytes": "29", "EventData.Payload": "Q29udGV4dDogYWFjMmM5YzA1ZWU5Nzg4ZA0KDQo=", "EventData.ConnectionType": "1"}
{"EventID": "1267", "Channel": "Microsoft-Windows-PushNotification-Platform/Operational", "Provider_Name": "Microsoft-Windows-PushNotifications-Platform", "Computer": "DESKTOP-OFJ6N53", "TimeCreated": "2025-08-26 09:01:59.561256+00:00", "RecordID": "3705826", "Level": "5", "UserID": "S-1-5-18", "EventData.Verb": "PNG", "EventData.TrID": "18", "EventData.Namespace": "CON", "EventData.CorrelationVector": "vIKL831gwESlCc7B.18", "EventData.Bytes": "72", "EventData.Payload": "UE5HIDE4IENPTiA1Nw0KTVMtQ1Y6IHZJS0w4MzFnd0VTbENjN0IuMTgNCkNvbnRleHQ6IGFhYzJjOWMwNWVlOTc4OGQNCg0K", "EventData.ConnectionType": "1"}
{"EventID": "1225", "Channel": "Microsoft-Windows-PushNotification-Platform/Operational", "Provider_Name": "Microsoft-Windows-PushNotifications-Platform", "Computer": "DESKTOP-OFJ6N53", "TimeCreated": "2025-08-26 09:01:59.648443+00:00", "RecordID": "3705827", "Level": "5", "UserID": "S-1-5-18", "EventData.Verb": "PNG", "EventData.TrID": "18", "EventData.Namespace": "CON", "EventData.CorrelationVector": "vIKL831gwESlCc7B.18.0", "EventData.Bytes": "126", "EventData.Payload": "TVMtQ1Y6IHZJS0w4MzFnd0VTbENjN0IuMTguMA0KDQo8cGluZy1yZXNwb25zZT48d2FpdD40Nzwvd2FpdD48Y29ubmVjdGlvbi1zdGF0dXM+Q29ubmVjdGVkPC9jb25uZWN0aW9uLXN0YXR1cz48L3BpbmctcmVzcG9uc2U+", "EventData.ConnectionType": "1"}
{"EventID": "1268", "Channel": "Microsoft-Windows-PushNotification-Platform/Operational", "Provider_Name": "Microsoft-Windows-PushNotifications-Platform", "Computer": "DESKTOP-OFJ6N53", "TimeCreated": "2025-08-26 09:01:59.648445+00:00", "RecordID": "3705828", "Level": "5", "UserID": "S-1-5-18", "EventData.Verb": "PNG", "EventData.TrID": "18", "EventData.Namespace": "CON", "EventData.CorrelationVector": "vIKL831gwESlCc7B.18.0", "EventData.Bytes": "126", "EventData.Payload": "UE5HIDE4IENPTgAxMjYNCk1TLUNWOiB2SUtMODMxZ3dFU2xDYzdCLjE4LjANCg0KPHBpbmctcmVzcG9uc2U+PHdhaXQ+NDc8L3dhaXQ+PGNvbm5lY3Rpb24tc3RhdHVzPkNvbm5lY3RlZDwvY29ubmVjdGlvbi1zdGF0dXM+", "EventData.ConnectionType": "1"}
{"EventID": "1223", "Channel": "Microsoft-Windows-PushNotification-Platform/Operational", "Provider_Name": "Microsoft-Windows-PushNotifications-Platform", "Computer": "DESKTOP-OFJ6N53", "TimeCreated": "2025-08-26 09:02:59.719282+00:00", "RecordID": "3705829", "Level": "5", "UserID": "S-1-5-18", "EventData.Verb": "PNG", "EventData.TrID": "19", "EventData.Namespace": "CON", "EventData.CorrelationVector": "vIKL831gwESlCc7B.19", "EventData.Bytes": "29", "EventData.Payload": "Q29udGV4dDogYTBjMGViN2UyZjRiMTNhNA0KDQo=", "EventData.ConnectionType": "1"}
{"EventID": "1267", "Channel": "Microsoft-Windows-PushNotification-Platform/Operational", "Provider_Name": "Microsoft-Windows-PushNotifications-Platform", "Computer": "DESKTOP-OFJ6N53", "TimeCreated": "2025-08-26 09:02:59.719284+00:00", "RecordID": "3705830", "Level": "5", "UserID": "S-1-5-18", "EventData.Verb": "PNG", "EventData.TrID": "19", "EventData.Namespace": "CON", "EventData.CorrelationVector": "vIKL831gwESlCc7B.19", "EventData.Bytes": "72", "EventData.Payload": "UE5HIDE5IENPTiA1Nw0KTVMtQ1Y6IHZJS0w4MzFnd0VTbENjN0IuMTkNCkNvbnRleHQ6IGEwYzBlYjdlMmY0YjEzYTQNCg0K", "EventData.ConnectionType": "1"}
{"EventID": "1225", "Channel": "Microsoft-Windows-PushNotification-Platform/Operational", "Provider_Name": "Microsoft-Windows-PushNotifications-Platform", "Computer": "DESKTOP-OFJ6N53", "TimeCreated": "2025-08-26 09:02:59.781939+00:00", "RecordID": "3705831", "Level": "5", "UserID": "S-1-5-18", "EventData.Verb": "PNG", "EventData.TrID": "19", "EventData.Namespace": "CON", "EventData.CorrelationVector": "vIKL831gwESlCc7B.19.0", "EventData.Bytes": "126", "EventData.Payload": "TVMtQ1Y6IHZJS0w4MzFnd0VTbENjN0IuMTkuMA0KDQo8cGluZy1yZXNwb25zZT48d2FpdD41MDwvd2FpdD48Y29ubmVjdGlvbi1zdGF0dXM+Q29ubmVjdGVkPC9jb25uZWN0aW9uLXN0YXR1cz48L3BpbmctcmVzcG9uc2U+", "EventData.ConnectionType": "1"}
{"EventID": "1268", "Channel": "Microsoft-Windows-PushNotification-Platform/Operational", "Provider_Name": "Microsoft-Windows-PushNotifications-Platform", "Computer": "DESKTOP-OFJ6N53", "TimeCreated": "2025-08-26 09:02:59.781940+00:00", "RecordID": "3705832", "Level": "5", "UserID": "S-1-5-18", "EventData.Verb": "PNG", "EventData.TrID": "19", "EventData.Namespace": "CON", "EventData.CorrelationVector": "vIKL831gwESlCc7B.19.0", "EventData.Bytes": "126", "EventData.Payload": "UE5HIDE5IENPTgAxMjYNCk1TLUNWOiB2SUtMODMxZ3dFU2xDYzdCLjE5LjANCg0KPHBpbmctcmVzcG9uc2U+PHdhaXQ+NTA8L3dhaXQ+PGNvbm5lY3Rpb24tc3RhdHVzPkNvbm5lY3RlZDwvY29ubmVjdGlvbi1zdGF0dXM+", "EventData.ConnectionType": "1"}
{"EventID": "1223", "Channel": "Microsoft-Windows-PushNotification-Platform/Operational", "Provider_Name": "Microsoft-Windows-PushNotifications-Platform", "Computer": "DESKTOP-OFJ6N53", "TimeCreated": "2025-08-26 09:03:59.975094+00:00", "RecordID": "3705833", "Level": "5", "UserID": "S-1-5-18", "EventData.Verb": "PNG", "EventData.TrID": "20", "EventData.Namespace": "CON", "EventData.CorrelationVector": "vIKL831gwESlCc7B.20", "EventData.Bytes": "29", "EventData.Payload": "Q29udGV4dDogMjM4ZDE2ZGRhMzAyMDk2MA0KDQo=", "EventData.ConnectionType": "1"}
{"EventID": "1267", "Channel": "Microsoft-Windows-PushNotification-Platform/Operational", "Provider_Name": "Microsoft-Windows-PushNotifications-Platform", "Computer": "DESKTOP-OFJ6N53", "TimeCreated": "2025-08-26 09:03:59.975096+00:00", "RecordID": "3705834", "Level": "5", "UserID": "S-1-5-18", "EventData.Verb": "PNG", "EventData.TrID": "20", "EventData.Namespace": "CON", "EventData.CorrelationVector": "vIKL831gwESlCc7B.20", "EventData.Bytes": "72", "EventData.Payload": "UE5HIDIwIENPTiA1Nw0KTVMtQ1Y6IHZJS0w4MzFnd0VTbENjN0IuMjANCkNvbnRleHQ6IDIzOGQxNmRkYTMwMjA5NjANCg0K", "EventData.ConnectionType": "1"}
{"EventID": "1225", "Channel": "Microsoft-Windows-PushNotification-Platform/Operational", "Provider_Name": "Microsoft-Windows-PushNotifications-Platform", "Computer": "DESKTOP-OFJ6N53", "TimeCreated": "2025-08-26 09:04:00.037455+00:00", "RecordID": "3705835", "Level": "5", "UserID": "S-1-5-18", "EventData.Verb": "PNG", "EventData.TrID": "20", "EventData.Namespace": "CON", "EventData.CorrelationVector": "vIKL831gwESlCc7B.20.0", "EventData.Bytes": "126", "EventData.Payload": "TVMtQ1Y6IHZJS0w4MzFnd0VTbENjN0IuMjAuMA0KDQo8cGluZy1yZXNwb25zZT48d2FpdD40Nzwvd2FpdD48Y29ubmVjdGlvbi1zdGF0dXM+Q29ubmVjdGVkPC9jb25uZWN0aW9uLXN0YXR1cz48L3BpbmctcmVzcG9uc2U+", "EventData.ConnectionType": "1"}
{"EventID": "1268", "Channel": "Microsoft-Windows-PushNotification-Platform/Operational", "Provider_Name": "Microsoft-Windows-PushNotifications-Platform", "Computer": "DESKTOP-OFJ6N53", "TimeCreated": "2025-08-26 09:04:00.037457+00:00", "RecordID": "3705836", "Level": "5", "UserID": "S-1-5-18", "EventData.Verb": "PNG", "EventData.TrID": "20", "EventData.Namespace": "CON", "EventData.CorrelationVector": "vIKL831gwESlCc7B.20.0", "EventData.Bytes": "126", "EventData.Payload": "UE5HIDIwIENPTgAxMjYNCk1TLUNWOiB2SUtMODMxZ3dFU2xDYzdCLjIwLjANCg0KPHBpbmctcmVzcG9uc2U+PHdhaXQ+NDc8L3dhaXQ+PGNvbm5lY3Rpb24tc3RhdHVzPkNvbm5lY3RlZDwvY29ubmVjdGlvbi1zdGF0dXM+", "EventData.ConnectionType": "1"}
{"EventID": "1223", "Channel": "Microsoft-Windows-PushNotification-Platform/Operational", "Provider_Name": "Microsoft-Windows-PushNotifications-Platform", "Computer": "DESKTOP-OFJ6N53", "TimeCreated": "2025-08-26 09:04:59.983040+00:00", "RecordID": "3705837", "Level": "5", "UserID": "S-1-5-18", "EventData.Verb": "PNG", "EventData.TrID": "21", "EventData.Namespace": "CON", "EventData.CorrelationVector": "vIKL831gwESlCc7B.21", "EventData.Bytes": "29", "EventData.Payload": "Q29udGV4dDogNmIxZDIzYTFiNjk1OGQ0OQ0KDQo=", "EventData.ConnectionType": "1"}
{"EventID": "1267", "Channel": "Microsoft-Windows-PushNotification-Platform/Operational", "Provider_Name": "Microsoft-Windows-PushNotifications-Platform", "Computer": "DESKTOP-OFJ6N53", "TimeCreated": "2025-08-26 09:04:59.983042+00:00", "RecordID": "3705838", "Level": "5", "UserID": "S-1-5-18", "EventData.Verb": "PNG", "EventData.TrID": "21", "EventData.Namespace": "CON", "EventData.CorrelationVector": "vIKL831gwESlCc7B.21", "EventData.Bytes": "72", "EventData.Payload": "UE5HIDIxIENPTiA1Nw0KTVMtQ1Y6IHZJS0w4MzFnd0VTbENjN0IuMjENCkNvbnRleHQ6IDZiMWQyM2ExYjY5NThkNDkNCg0K", "EventData.ConnectionType": "1"}
{"EventID": "1225", "Channel": "Microsoft-Windows-PushNotification-Platform/Operational", "Provider_Name": "Microsoft-Windows-PushNotifications-Platform", "Computer": "DESKTOP-OFJ6N53", "TimeCreated": "2025-08-26 09:05:00.046860+00:00", "RecordID": "3705839", "Level": "5", "UserID": "S-1-5-18", "EventData.Verb": "PNG", "EventData.TrID": "21", "EventData.Namespace": "CON", "EventData.CorrelationVector": "vIKL831gwESlCc7B.21.0", "EventData.Bytes": "126", "EventData.Payload": "TVMtQ1Y6IHZJS0w4MzFnd0VTbENjN0IuMjEuMA0KDQo8cGluZy1yZXNwb25zZT48d2FpdD40NDwvd2FpdD48Y29ubmVjdGlvbi1zdGF0dXM+Q29ubmVjdGVkPC9jb25uZWN0aW9uLXN0YXR1cz48L3BpbmctcmVzcG9uc2U+", "EventData.ConnectionType": "1"}
{"EventID": "1268", "Channel": "Microsoft-Windows-PushNotification-Platform/Operational", "Provider_Name": "Microsoft-Windows-PushNotifications-Platform", "Computer": "DESKTOP-OFJ6N53", "TimeCreated": "2025-08-26 09:05:00.046862+00:00", "RecordID": "3705840", "Level": "5", "UserID": "S-1-5-18", "EventData.Verb": "PNG", "EventData.TrID": "21", "EventData.Namespace": "CON", "EventData.CorrelationVector": "vIKL831gwESlCc7B.21.0", "EventData.Bytes": "126", "EventData.Payload": "UE5HIDIxIENPTgAxMjYNCk1TLUNWOiB2SUtMODMxZ3dFU2xDYzdCLjIxLjANCg0KPHBpbmctcmVzcG9uc2U+PHdhaXQ+NDQ8L3dhaXQ+PGNvbm5lY3Rpb24tc3RhdHVzPkNvbm5lY3RlZDwvY29ubmVjdGlvbi1zdGF0dXM+", "EventData.ConnectionType": "1"}
{"EventID": "1223", "Channel": "Microsoft-Windows-PushNotification-Platform/Operational", "Provider_Name": "Microsoft-Windows-PushNotifications-Platform", "Computer": "DESKTOP-OFJ6N53", "TimeCreated": "2025-08-26 09:06:00.007977+00:00", "RecordID": "3705841", "Level": "5", "UserID": "S-1-5-18", "EventData.Verb": "PNG", "EventData.TrID": "22", "EventData.Namespace": "CON", "EventData.CorrelationVector": "vIKL831gwESlCc7B.22", "EventData.Bytes": "29", "EventData.Payload": "Q29udGV4dDogODZkNDhjNTNjMjIzMjlkNA0KDQo=", "EventData.ConnectionType": "1"}
{"EventID": "1267", "Channel": "Microsoft-Windows-PushNotification-Platform/Operational", "Provider_Name": "Microsoft-Windows-PushNotifications-Platform", "Computer": "DESKTOP-OFJ6N53", "TimeCreated": "2025-08-26 09:06:00.007978+00:00", "RecordID": "3705842", "Level": "5", "UserID": "S-1-5-18", "EventData.Verb": "PNG", "EventData.TrID": "22", "EventData.Namespace": "CON", "EventData.CorrelationVector": "vIKL831gwESlCc7B.22", "EventData.Bytes": "72", "EventData.Payload": "UE5HIDIyIENPTiA1Nw0KTVMtQ1Y6IHZJS0w4MzFnd0VTbENjN0IuMjINCkNvbnRleHQ6IDg2ZDQ4YzUzYzIyMzI5ZDQNCg0K", "EventData.ConnectionType": "1"}
{"EventID": "1225", "Channel": "Microsoft-Windows-PushNotification-Platform/Operational", "Provider_Name": "Microsoft-Windows-PushNotifications-Platform", "Computer": "DESKTOP-OFJ6N53", "TimeCreated": "2025-08-26 09:06:00.163708+00:00", "RecordID": "3705843", "Level": "5", "UserID": "S-1-5-18", "EventData.Verb": "PNG", "EventData.TrID": "22", "EventData.Namespace": "CON", "EventData.CorrelationVector": "vIKL831gwESlCc7B.22.0", "EventData.Bytes": "126", "EventData.Payload": "TVMtQ1Y6IHZJS0w4MzFnd0VTbENjN0IuMjIuMA0KDQo8cGluZy1yZXNwb25zZT48d2FpdD40Mjwvd2FpdD48Y29ubmVjdGlvbi1zdGF0dXM+Q29ubmVjdGVkPC9jb25uZWN0aW9uLXN0YXR1cz48L3BpbmctcmVzcG9uc2U+", "EventData.ConnectionType": "1"}
{"EventID": "1268", "Channel": "Microsoft-Windows-PushNotification-Platform/Operational", "Provider_Name": "Microsoft-Windows-PushNotifications-Platform", "Computer": "DESKTOP-OFJ6N53", "TimeCreated": "2025-08-26 09:06:00.163710+00:00", "RecordID": "3705844", "Level": "5", "UserID": "S-1-5-18", "EventData.Verb": "PNG", "EventData.TrID": "22", "EventData.Namespace": "CON", "EventData.CorrelationVector": "vIKL831gwESlCc7B.22.0", "EventData.Bytes": "126", "EventData.Payload": "UE5HIDIyIENPTgAxMjYNCk1TLUNWOiB2SUtMODMxZ3dFU2xDYzdCLjIyLjANCg0KPHBpbmctcmVzcG9uc2U+PHdhaXQ+NDI8L3dhaXQ+PGNvbm5lY3Rpb24tc3RhdHVzPkNvbm5lY3RlZDwvY29ubmVjdGlvbi1zdGF0dXM+", "EventData.ConnectionType": "1"}
{"EventID": "1223", "Channel": "Microsoft-Windows-PushNotification-Platform/Operational", "Provider_Name": "Microsoft-Windows-PushNotifications-Platform", "Computer": "DESKTOP-OFJ6N53", "TimeCreated": "2025-08-26 09:07:00.013571+00:00", "RecordID": "3705845", "Level": "5", "UserID": "S-1-5-18", "EventData.Verb": "PNG", "EventData.TrID": "23", "EventData.Namespace": "CON", "EventData.CorrelationVector": "vIKL831gwESlCc7B.23", "EventData.Bytes": "29", "EventData.Payload": "Q29udGV4dDogNWQyM2IwMDgzMTM3MTkyMg0KDQo=", "EventData.ConnectionType": "1"}
{"EventID": "1267", "Channel": "Microsoft-Windows-PushNotification-Platform/Operational", "Provider_Name": "Microsoft-Windows-PushNotifications-Platform", "Computer": "DESKTOP-OFJ6N53", "TimeCreated": "2025-08-26 09:07:00.013573+00:00", "RecordID": "3705846", "Level": "5", "UserID": "S-1-5-18", "EventData.Verb": "PNG", "EventData.TrID": "23", "EventData.Namespace": "CON", "EventData.CorrelationVector": "vIKL831gwESlCc7B.23", "EventData.Bytes": "72", "EventData.Payload": "UE5HIDIzIENPTiA1Nw0KTVMtQ1Y6IHZJS0w4MzFnd0VTbENjN0IuMjMNCkNvbnRleHQ6IDVkMjNiMDA4MzEzNzE5MjINCg0K", "EventData.ConnectionType": "1"}
{"EventID": "1225", "Channel": "Microsoft-Windows-PushNotification-Platform/Operational", "Provider_Name": "Microsoft-Windows-PushNotifications-Platform", "Computer": "DESKTOP-OFJ6N53", "TimeCreated": "2025-08-26 09:07:00.076242+00:00", "RecordID": "3705847", "Level": "5", "UserID": "S-1-5-18", "EventData.Verb": "PNG", "EventData.TrID": "23", "EventData.Namespace": "CON", "EventData.CorrelationVector": "vIKL831gwESlCc7B.23.0", "EventData.Bytes": "126", "EventData.Payload": "TVMtQ1Y6IHZJS0w4MzFnd0VTbENjN0IuMjMuMA0KDQo8cGluZy1yZXNwb25zZT48d2FpdD40OTwvd2FpdD48Y29ubmVjdGlvbi1zdGF0dXM+Q29ubmVjdGVkPC9jb25uZWN0aW9uLXN0YXR1cz48L3BpbmctcmVzcG9uc2U+", "EventData.ConnectionType": "1"}
{"EventID": "1268", "Channel": "Microsoft-Windows-PushNotification-Platform/Operational", "Provider_Name": "Microsoft-Windows-PushNotifications-Platform", "Computer": "DESKTOP-OFJ6N53", "TimeCreated": "2025-08-26 09:07:00.076244+00:00", "RecordID": "3705848", "Level": "5", "UserID": "S-1-5-18", "EventData.Verb": "PNG", "EventData.TrID": "23", "EventData.Namespace": "CON", "EventData.CorrelationVector": "vIKL831gwESlCc7B.23.0", "EventData.Bytes": "126", "EventData.Payload": "UE5HIDIzIENPTgAxMjYNCk1TLUNWOiB2SUtMODMxZ3dFU2xDYzdCLjIzLjANCg0KPHBpbmctcmVzcG9uc2U+PHdhaXQ+NDk8L3dhaXQ+PGNvbm5lY3Rpb24tc3RhdHVzPkNvbm5lY3RlZDwvY29ubmVjdGlvbi1zdGF0dXM+", "EventData.ConnectionType": "1"}
{"EventID": "1223", "Channel": "Microsoft-Windows-PushNotification-Platform/Operational", "Provider_Name": "Microsoft-Windows-PushNotifications-Platform", "Computer": "DESKTOP-OFJ6N53", "TimeCreated": "2025-08-26 09:08:00.029266+00:00", "RecordID": "3705849", "Level": "5", "UserID": "S-1-5-18", "EventData.Verb": "PNG", "EventData.TrID": "24", "EventData.Namespace": "CON", "EventData.CorrelationVector": "vIKL831gwESlCc7B.24", "EventData.Bytes": "29", "EventData.Payload": "Q29udGV4dDogNjg1ZmJjYmE2MDI1MzQzMA0KDQo=", "EventData.ConnectionType": "1"}
{"EventID": "1267", "Channel": "Microsoft-Windows-PushNotification-Platform/Operational", "Provider_Name": "Microsoft-Windows-PushNotifications-Platform", "Computer": "DESKTOP-OFJ6N53", "TimeCreated": "2025-08-26 09:08:00.029268+00:00", "RecordID": "3705850", "Level": "5", "UserID": "S-1-5-18", "EventData.Verb": "PNG", "EventData.TrID": "24", "EventData.Namespace": "CON", "EventData.CorrelationVector": "vIKL831gwESlCc7B.24", "EventData.Bytes": "72", "EventData.Payload": "UE5HIDI0IENPTiA1Nw0KTVMtQ1Y6IHZJS0w4MzFnd0VTbENjN0IuMjQNCkNvbnRleHQ6IDY4NWZiY2JhNjAyNTM0MzANCg0K", "EventData.ConnectionType": "1"}
{"EventID": "1225", "Channel": "Microsoft-Windows-PushNotification-Platform/Operational", "Provider_Name": "Microsoft-Windows-PushNotifications-Platform", "Computer": "DESKTOP-OFJ6N53", "TimeCreated": "2025-08-26 09:08:00.248489+00:00", "RecordID": "3705851", "Level": "5", "UserID": "S-1-5-18", "EventData.Verb": "PNG", "EventData.TrID": "24", "EventData.Namespace": "CON", "EventData.CorrelationVector": "vIKL831gwESlCc7B.24.0", "EventData.Bytes": "126", "EventData.Payload": "TVMtQ1Y6IHZJS0w4MzFnd0VTbENjN0IuMjQuMA0KDQo8cGluZy1yZXNwb25zZT48d2FpdD40MTwvd2FpdD48Y29ubmVjdGlvbi1zdGF0dXM+Q29ubmVjdGVkPC9jb25uZWN0aW9uLXN0YXR1cz48L3BpbmctcmVzcG9uc2U+", "EventData.ConnectionType": "1"}
{"EventID": "1268", "Channel": "Microsoft-Windows-PushNotification-Platform/Operational", "Provider_Name": "Microsoft-Windows-PushNotifications-Platform", "Computer": "DESKTOP-OFJ6N53", "TimeCreated": "2025-08-26 09:08:00.248491+00:00", "RecordID": "3705852", "Level": "5", "UserID": "S-1-5-18", "EventData.Verb": "PNG", "EventData.TrID": "24", "EventData.Namespace": "CON", "EventData.CorrelationVector": "vIKL831gwESlCc7B.24.0", "EventData.Bytes": "126", "EventData.Payload": "UE5HIDI0IENPTgAxMjYNCk1TLUNWOiB2SUtMODMxZ3dFU2xDYzdCLjI0LjANCg0KPHBpbmctcmVzcG9uc2U+PHdhaXQ+NDE8L3dhaXQ+PGNvbm5lY3Rpb24tc3RhdHVzPkNvbm5lY3RlZDwvY29ubmVjdGlvbi1zdGF0dXM+", "EventData.ConnectionType": "1"}
{"EventID": "1223", "Channel": "Microsoft-Windows-PushNotification-Platform/Operational", "Provider_Name": "Microsoft-Windows-PushNotifications-Platform", "Computer": "DESKTOP-OFJ6N53", "TimeCreated": "2025-08-26 09:09:00.076447+00:00", "RecordID": "3705853", "Level": "5", "UserID": "S-1-5-18", "EventData.Verb": "PNG", "EventData.TrID": "25", "EventData.Namespace": "CON", "EventData.CorrelationVector": "vIKL831gwESlCc7B.25", "EventData.Bytes": "29", "EventData.Payload": "Q29udGV4dDogY2RiNzYxZDI3ZWEzMmUyOQ0KDQo=", "EventData.ConnectionType": "1"}
{"EventID": "1267", "Channel": "Microsoft-Windows-PushNotification-Platform/Operational", "Provider_Name": "Microsoft-Windows-PushNotifications-Platform", "Computer": "DESKTOP-OFJ6N53", "TimeCreated": "2025-08-26 09:09:00.076447+00:00", "RecordID": "3705854", "Level": "5", "UserID": "S-1-5-18", "EventData.Verb": "PNG", "EventData.TrID": "25", "EventData.Namespace": "CON", "EventData.CorrelationVector": "vIKL831gwESlCc7B.25", "EventData.Bytes": "72", "EventData.Payload": "UE5HIDI1IENPTiA1Nw0KTVMtQ1Y6IHZJS0w4MzFnd0VTbENjN0IuMjUNCkNvbnRleHQ6IGNkYjc2MWQyN2VhMzJlMjkNCg0K", "EventData.ConnectionType": "1"}
{"EventID": "1225", "Channel": "Microsoft-Windows-PushNotification-Platform/Operational", "Provider_Name": "Microsoft-Windows-PushNotifications-Platform", "Computer": "DESKTOP-OFJ6N53", "TimeCreated": "2025-08-26 09:09:00.223291+00:00", "RecordID": "3705855", "Level": "5", "UserID": "S-1-5-18", "EventData.Verb": "PNG", "EventData.TrID": "25", "EventData.Namespace": "CON", "EventData.CorrelationVector": "vIKL831gwESlCc7B.25.0", "EventData.Bytes": "126", "EventData.Payload": "TVMtQ1Y6IHZJS0w4MzFnd0VTbENjN0IuMjUuMA0KDQo8cGluZy1yZXNwb25zZT48d2FpdD40MDwvd2FpdD48Y29ubmVjdGlvbi1zdGF0dXM+Q29ubmVjdGVkPC9jb25uZWN0aW9uLXN0YXR1cz48L3BpbmctcmVzcG9uc2U+", "EventData.ConnectionType": "1"}
{"EventID": "1268", "Channel": "Microsoft-Windows-PushNotification-Platform/Operational", "Provider_Name": "Microsoft-Windows-PushNotifications-Platform", "Computer": "DESKTOP-OFJ6N53", "TimeCreated": "2025-08-26 09:09:00.223293+00:00", "RecordID": "3705856", "Level": "5", "UserID": "S-1-5-18", "EventData.Verb": "PNG", "EventData.TrID": "25", "EventData.Namespace": "CON", "EventData.CorrelationVector": "vIKL831gwESlCc7B.25.0", "EventData.Bytes": "126", "EventData.Payload": "UE5HIDI1IENPTgAxMjYNCk1TLUNWOiB2SUtMODMxZ3dFU2xDYzdCLjI1LjANCg0KPHBpbmctcmVzcG9uc2U+PHdhaXQ+NDA8L3dhaXQ+PGNvbm5lY3Rpb24tc3RhdHVzPkNvbm5lY3RlZDwvY29ubmVjdGlvbi1zdGF0dXM+", "EventData.ConnectionType": "1"}
{"EventID": "1223", "Channel": "Microsoft-Windows-PushNotification-Platform/Operational", "Provider_Name": "Microsoft-Windows-PushNotifications-Platform", "Computer": "DESKTOP-OFJ6N53", "TimeCreated": "2025-08-26 09:10:00.085224+00:00", "RecordID": "3705857", "Level": "5", "UserID": "S-1-5-18", "EventData.Verb": "PNG", "EventData.TrID": "26", "EventData.Namespace": "CON", "EventData.CorrelationVector": "vIKL831gwESlCc7B.26", "EventData.Bytes": "29", "EventData.Payload": "Q29udGV4dDogY2UwMDA0ODRiZmM4Mzc3YQ0KDQo=", "EventData.ConnectionType": "1"}
{"EventID": "1267", "Channel": "Microsoft-Windows-PushNotification-Platform/Operational", "Provider_Name": "Microsoft-Windows-PushNotifications-Platform", "Computer": "DESKTOP-OFJ6N53", "TimeCreated": "2025-08-26 09:10:00.085224+00:00", "RecordID": "3705858", "Level": "5", "UserID": "S-1-5-18", "EventData.Verb": "PNG", "EventData.TrID": "26", "EventData.Namespace": "CON", "EventData.CorrelationVector": "vIKL831gwESlCc7B.26", "EventData.Bytes": "72", "EventData.Payload": "UE5HIDI2IENPTiA1Nw0KTVMtQ1Y6IHZJS0w4MzFnd0VTbENjN0IuMjYNCkNvbnRleHQ6IGNlMDAwNDg0YmZjODM3N2ENCg0K", "EventData.ConnectionType": "1"}
{"EventID": "1225", "Channel": "Microsoft-Windows-PushNotification-Platform/Operational", "Provider_Name": "Microsoft-Windows-PushNotifications-Platform", "Computer": "DESKTOP-OFJ6N53", "TimeCreated": "2025-08-26 09:10:00.147684+00:00", "RecordID": "3705859", "Level": "5", "UserID": "S-1-5-18", "EventData.Verb": "PNG", "EventData.TrID": "26", "EventData.Namespace": "CON", "EventData.CorrelationVector": "vIKL831gwESlCc7B.26.0", "EventData.Bytes": "126", "EventData.Payload": "TVMtQ1Y6IHZJS0w4MzFnd0VTbENjN0IuMjYuMA0KDQo8cGluZy1yZXNwb25zZT48d2FpdD40Mzwvd2FpdD48Y29ubmVjdGlvbi1zdGF0dXM+Q29ubmVjdGVkPC9jb25uZWN0aW9uLXN0YXR1cz48L3BpbmctcmVzcG9uc2U+", "EventData.ConnectionType": "1"}
{"EventID": "1268", "Channel": "Microsoft-Windows-PushNotification-Platform/Operational", "Provider_Name": "Microsoft-Windows-PushNotifications-Platform", "Computer": "DESKTOP-OFJ6N53", "TimeCreated": "2025-08-26 09:10:00.147686+00:00", "RecordID": "3705860", "Level": "5", "UserID": "S-1-5-18", "EventData.Verb": "PNG", "EventData.TrID": "26", "EventData.Namespace": "CON", "EventData.CorrelationVector": "vIKL831gwESlCc7B.26.0", "EventData.Bytes": "126", "EventData.Payload": "UE5HIDI2IENPTgAxMjYNCk1TLUNWOiB2SUtMODMxZ3dFU2xDYzdCLjI2LjANCg0KPHBpbmctcmVzcG9uc2U+PHdhaXQ+NDM8L3dhaXQ+PGNvbm5lY3Rpb24tc3RhdHVzPkNvbm5lY3RlZDwvY29ubmVjdGlvbi1zdGF0dXM+", "EventData.ConnectionType": "1"}
{"EventID": "1223", "Channel": "Microsoft-Windows-PushNotification-Platform/Operational", "Provider_Name": "Microsoft-Windows-PushNotifications-Platform", "Computer": "DESKTOP-OFJ6N53", "TimeCreated": "2025-08-26 09:11:00.276178+00:00", "RecordID": "3705861", "Level": "5", "UserID": "S-1-5-18", "EventData.Verb": "PNG", "EventData.TrID": "27", "EventData.Namespace": "CON", "EventData.CorrelationVector": "vIKL831gwESlCc7B.27", "EventData.Bytes": "29", "EventData.Payload": "Q29udGV4dDogOGQ1OWRmZjBiMjlkMzkxOA0KDQo=", "EventData.ConnectionType": "1"}
{"EventID": "1267", "Channel": "Microsoft-Windows-PushNotification-Platform/Operational", "Provider_Name": "Microsoft-Windows-PushNotifications-Platform", "Computer": "DESKTOP-OFJ6N53", "TimeCreated": "2025-08-26 09:11:00.276180+00:00", "RecordID": "3705862", "Level": "5", "UserID": "S-1-5-18", "EventData.Verb": "PNG", "EventData.TrID": "27", "EventData.Namespace": "CON", "EventData.CorrelationVector": "vIKL831gwESlCc7B.27", "EventData.Bytes": "72", "EventData.Payload": "UE5HIDI3IENPTiA1Nw0KTVMtQ1Y6IHZJS0w4MzFnd0VTbENjN0IuMjcNCkNvbnRleHQ6IDhkNTlkZmYwYjI5ZDM5MTgNCg0K", "EventData.ConnectionType": "1"}
