{"EventID": "207", "Channel": "Microsoft-Windows-StorageSpaces-Driver/Operational", "Provider_Name": "Microsoft-Windows-StorageSpaces-Driver", "Computer": "DESKTOP-OFJ6N53", "TimeCreated": "2023-05-02 20:27:36.186098+00:00", "RecordID": "92", "Level": "4", "UserID": "S-1-5-18", "EventData.DriveId": "{c2688ce2-e927-11ed-a713-806e6f6e6963}", "EventData.PoolId": "{00000000-0000-0000-0000-000000000000}", "EventData.DeviceNumber": "0", "EventData.DriveManufacturer": "VMware", "EventData.DriveModel": "Virtual disk", "EventData.DriveSerial": "NULL"}
{"EventID": "207", "Channel": "Microsoft-Windows-StorageSpaces-Driver/Operational", "Provider_Name": "Microsoft-Windows-StorageSpaces-Driver", "Computer": "DESKTOP-OFJ6N53", "TimeCreated": "2023-05-03 08:16:21.925947+00:00", "RecordID": "93", "Level": "4", "UserID": "S-1-5-18", "EventData.DriveId": "{bd41aa90-e98a-11ed-a714-806e6f6e6963}", "EventData.PoolId": "{00000000-0000-0000-0000-000000000000}", "EventData.DeviceNumber": "0", "EventData.DriveManufacturer": "VMware", "EventData.DriveModel": "Virtual disk", "EventData.DriveSerial": "NULL"}
{"EventID": "207", "Channel": "Microsoft-Windows-StorageSpaces-Driver/Operational", "Provider_Name": "Microsoft-Windows-StorageSpaces-Driver", "Computer": "DESKTOP-OFJ6N53", "TimeCreated": "2023-05-10 00:45:43.266754+00:00", "RecordID": "94", "Level": "4", "UserID": "S-1-5-18", "EventData.DriveId": "{fab84378-eecb-11ed-a715-806e6f6e6963}", "EventData.PoolId": "{00000000-0000-0000-0000-000000000000}", "EventData.DeviceNumber": "0", "EventData.DriveManufacturer": "VMware", "EventData.DriveModel": "Virtual disk", "EventData.DriveSerial": "NULL"}
{"EventID": "207", "Channel": "Microsoft-Windows-StorageSpaces-Driver/Operational", "Provider_Name": "Microsoft-Windows-StorageSpaces-Driver", "Computer": "DESKTOP-OFJ6N53", "TimeCreated": "2023-05-15 12:19:38.204544+00:00", "RecordID": "95", "Level": "4", "UserID": "S-1-5-18", "EventData.DriveId": "{bf19b089-f31a-11ed-a716-806e6f6e6963}", "EventData.PoolId": "{00000000-0000-0000-0000-000000000000}", "EventData.DeviceNumber": "0", "EventData.DriveManufacturer": "VMware", "EventData.DriveModel": "Virtual disk", "EventData.DriveSerial": "NULL"}
{"EventID": "207", "Channel": "Microsoft-Windows-StorageSpaces-Driver/Operational", "Provider_Name": "Microsoft-Windows-StorageSpaces-Driver", "Computer": "DESKTOP-OFJ6N53", "TimeCreated": "2023-05-16 14:55:19.961054+00:00", "RecordID": "96", "Level": "4", "UserID": "S-1-5-18", "EventData.DriveId": "{aab8d6cf-f3f9-11ed-a717-806e6f6e6963}", "EventData.PoolId": "{00000000-0000-0000-0000-000000000000}", "EventData.DeviceNumber": "0", "EventData.DriveManufacturer": "VMware", "EventData.DriveModel": "Virtual disk", "EventData.DriveSerial": "NULL"}
{"EventID": "207", "Channel": "Microsoft-Windows-StorageSpaces-Driver/Operational", "Provider_Name": "Microsoft-Windows-StorageSpaces-Driver", "Computer": "DESKTOP-OFJ6N53", "TimeCreated": "2023-06-09 08:39:41.232748+00:00", "RecordID": "97", "Level": "4", "UserID": "S-1-5-18", "EventData.DriveId": "{2898660e-06a1-11ee-a718-806e6f6e6963}", "EventData.PoolId": "{00000000-0000-0000-0000-000000000000}", "EventData.DeviceNumber": "0", "EventData.DriveManufacturer": "VMware", "EventData.DriveModel": "Virtual disk", "EventData.DriveSerial": "NULL"}
{"EventID": "207", "Channel": "Microsoft-Windows-StorageSpaces-Driver/Operational", "Provider_Name": "Microsoft-Windows-StorageSpaces-Driver", "Computer": "DESKTOP-OFJ6N53", "TimeCreated": "2023-06-11 21:00:32.803024+00:00", "RecordID": "98", "Level": "4", "UserID": "S-1-5-18", "EventData.DriveId": "{fcefefe1-089a-11ee-a719-806e6f6e6963}", "EventData.PoolId": "{00000000-0000-0000-0000-000000000000}", "EventData.DeviceNumber": "0", "EventData.DriveManufacturer": "VMware", "EventData.DriveModel": "Virtual disk", "EventData.DriveSerial": "NULL"}
{"EventID": "207", "Channel": "Microsoft-Windows-StorageSpaces-Driver/Operational", "Provider_Name": "Microsoft-Windows-StorageSpaces-Driver", "Computer": "DESKTOP-OFJ6N53", "TimeCreated": "2023-06-13 19:24:34.613503+00:00", "RecordID": "99", "Level": "4", "UserID": "S-1-5-18", "EventData.DriveId": "{e8720b2b-0a1f-11ee-a71a-806e6f6e6963}", "EventData.PoolId": "{00000000-0000-0000-0000-000000000000}", "EventData.DeviceNumber": "0", "EventData.DriveManufacturer": "VMware", "EventData.DriveModel": "Virtual disk", "EventData.DriveSerial": "NULL"}
{"EventID": "207", "Channel": "Microsoft-Windows-StorageSpaces-Driver/Operational", "Provider_Name": "Microsoft-Windows-StorageSpaces-Driver", "Computer": "DESKTOP-OFJ6N53", "TimeCreated": "2023-06-27 09:47:15.212439+00:00", "RecordID": "100", "Level": "4", "UserID": "S-1-5-18", "EventData.DriveId": "{94302162-14cf-11ee-a71b-806e6f6e6963}", "EventData.PoolId": "{00000000-0000-0000-0000-000000000000}", "EventData.DeviceNumber": "0", "EventData.DriveManufacturer": "VMware", "EventData.DriveModel": "Virtual disk", "EventData.DriveSerial": "NULL"}
{"EventID": "207", "Channel": "Microsoft-Windows-StorageSpaces-Driver/Operational", "Provider_Name": "Microsoft-Windows-StorageSpaces-Driver", "Computer": "DESKTOP-OFJ6N53", "TimeCreated": "2023-07-03 07:37:38.578989+00:00", "RecordID": "101", "Level": "4", "UserID": "S-1-5-18", "EventData.DriveId": "{774a58e0-1974-11ee-a71c-806e6f6e6963}", "EventData.PoolId": "{00000000-0000-0000-0000-000000000000}", "EventData.DeviceNumber": "0", "EventData.DriveManufacturer": "VMware", "EventData.DriveModel": "Virtual disk", "EventData.DriveSerial": "NULL"}
{"EventID": "207", "Channel": "Microsoft-Windows-StorageSpaces-Driver/Operational", "Provider_Name": "Microsoft-Windows-StorageSpaces-Driver", "Computer": "DESKTOP-OFJ6N53", "TimeCreated": "2023-07-06 12:44:18.394491+00:00", "RecordID": "102", "Level": "4", "UserID": "S-1-5-18", "EventData.DriveId": "{cd196ea6-1bfa-11ee-a71d-806e6f6e6963}", "EventData.PoolId": "{00000000-0000-0000-0000-000000000000}", "EventData.DeviceNumber": "0", "EventData.DriveManufacturer": "VMware", "EventData.DriveModel": "Virtual disk", "EventData.DriveSerial": "NULL"}
{"EventID": "207", "Channel": "Microsoft-Windows-StorageSpaces-Driver/Operational", "Provider_Name": "Microsoft-Windows-StorageSpaces-Driver", "Computer": "DESKTOP-OFJ6N53", "TimeCreated": "2023-07-12 14:40:27.918577+00:00", "RecordID": "103", "Level": "4", "UserID": "S-1-5-18", "EventData.DriveId": "{052eba07-20c2-11ee-a71e-806e6f6e6963}", "EventData.PoolId": "{00000000-0000-0000-0000-000000000000}", "EventData.DeviceNumber": "0", "EventData.DriveManufacturer": "VMware", "EventData.DriveModel": "Virtual disk", "EventData.DriveSerial": "NULL"}
{"EventID": "207", "Channel": "Microsoft-Windows-StorageSpaces-Driver/Operational", "Provider_Name": "Microsoft-Windows-StorageSpaces-Driver", "Computer": "DESKTOP-OFJ6N53", "TimeCreated": "2023-07-18 14:52:37.300795+00:00", "RecordID": "104", "Level": "4", "UserID": "S-1-5-18", "EventData.DriveId": "{b940d1ef-257a-11ee-a71f-806e6f6e6963}", "EventData.PoolId": "{00000000-0000-0000-0000-000000000000}", "EventData.DeviceNumber": "0", "EventData.DriveManufacturer": "VMware", "EventData.DriveModel": "Virtual disk", "EventData.DriveSerial": "NULL"}
{"EventID": "207", "Channel": "Microsoft-Windows-StorageSpaces-Driver/Operational", "Provider_Name": "Microsoft-Windows-StorageSpaces-Driver", "Computer": "DESKTOP-OFJ6N53", "TimeCreated": "2023-07-25 08:59:11.576200+00:00", "RecordID": "105", "Level": "4", "UserID": "S-1-5-18", "EventData.DriveId": "{83514acf-2ac9-11ee-a720-806e6f6e6963}", "EventData.PoolId": "{00000000-0000-0000-0000-000000000000}", "EventData.DeviceNumber": "0", "EventData.DriveManufacturer": "VMware", "EventData.DriveModel": "Virtual disk", "EventData.DriveSerial": "NULL"}
{"EventID": "207", "Channel": "Microsoft-Windows-StorageSpaces-Driver/Operational", "Provider_Name": "Microsoft-Windows-StorageSpaces-Driver", "Computer": "DESKTOP-OFJ6N53", "TimeCreated": "2023-07-26 16:05:03.921194+00:00", "RecordID": "106", "Level": "4", "UserID": "S-1-5-18", "EventData.DriveId": "{2be8d2cf-2bce-11ee-a721-806e6f6e6963}", "EventData.PoolId": "{00000000-0000-0000-0000-000000000000}", "EventData.DeviceNumber": "0", "EventData.DriveManufacturer": "VMware", "EventData.DriveModel": "Virtual disk", "EventData.DriveSerial": "NULL"}
{"EventID": "207", "Channel": "Microsoft-Windows-StorageSpaces-Driver/Operational", "Provider_Name": "Microsoft-Windows-StorageSpaces-Driver", "Computer": "DESKTOP-OFJ6N53", "TimeCreated": "2023-07-31 13:01:27.577650+00:00", "RecordID": "107", "Level": "4", "UserID": "S-1-5-18", "EventData.DriveId": "{59ed5ecf-2fa2-11ee-a722-806e6f6e6963}", "EventData.PoolId": "{00000000-0000-0000-0000-000000000000}", "EventData.DeviceNumber": "0", "EventData.DriveManufacturer": "VMware", "EventData.DriveModel": "Virtual disk", "EventData.DriveSerial": "NULL"}
{"EventID": "207", "Channel": "Microsoft-Windows-StorageSpaces-Driver/Operational", "Provider_Name": "Microsoft-Windows-StorageSpaces-Driver", "Computer": "DESKTOP-OFJ6N53", "TimeCreated": "2023-08-02 10:03:06.527515+00:00", "RecordID": "108", "Level": "4", "UserID": "S-1-5-18", "EventData.DriveId": "{c475da4f-311b-11ee-a723-806e6f6e6963}", "EventData.PoolId": "{00000000-0000-0000-0000-000000000000}", "EventData.DeviceNumber": "0", "EventData.DriveManufacturer": "VMware", "EventData.DriveModel": "Virtual disk", "EventData.DriveSerial": "NULL"}
{"EventID": "207", "Channel": "Microsoft-Windows-StorageSpaces-Driver/Operational", "Provider_Name": "Microsoft-Windows-StorageSpaces-Driver", "Computer": "DESKTOP-OFJ6N53", "TimeCreated": "2023-08-10 07:38:57.900331+00:00", "RecordID": "109", "Level": "4", "UserID": "S-1-5-18", "EventData.DriveId": "{f48f2fcf-3750-11ee-a724-806e6f6e6963}", "EventData.PoolId": "{00000000-0000-0000-0000-000000000000}", "EventData.DeviceNumber": "0", "EventData.DriveManufacturer": "VMware", "EventData.DriveModel": "Virtual disk", "EventData.DriveSerial": "NULL"}
{"EventID": "207", "Channel": "Microsoft-Windows-StorageSpaces-Driver/Operational", "Provider_Name": "Microsoft-Windows-StorageSpaces-Driver", "Computer": "DESKTOP-OFJ6N53", "TimeCreated": "2023-08-16 10:00:08.749987+00:00", "RecordID": "110", "Level": "4", "UserID": "S-1-5-18", "EventData.DriveId": "{ac25b54f-3c1b-11ee-a725-806e6f6e6963}", "EventData.PoolId": "{00000000-0000-0000-0000-000000000000}", "EventData.DeviceNumber": "0", "EventData.DriveManufacturer": "VMware", "EventData.DriveModel": "Virtual disk", "EventData.DriveSerial": "NULL"}
{"EventID": "207", "Channel": "Microsoft-Windows-StorageSpaces-Driver/Operational", "Provider_Name": "Microsoft-Windows-StorageSpaces-Driver", "Computer": "DESKTOP-OFJ6N53", "TimeCreated": "2023-08-29 22:45:04.853647+00:00", "RecordID": "111", "Level": "4", "UserID": "S-1-5-18", "EventData.DriveId": "{afaaf44a-46bd-11ee-a726-806e6f6e6963}", "EventData.PoolId": "{00000000-0000-0000-0000-000000000000}", "EventData.DeviceNumber": "0", "EventData.DriveManufacturer": "VMware", "EventData.DriveModel": "Virtual disk", "EventData.DriveSerial": "NULL"}
{"EventID": "207", "Channel": "Microsoft-Windows-StorageSpaces-Driver/Operational", "Provider_Name": "Microsoft-Windows-StorageSpaces-Driver", "Computer": "DESKTOP-OFJ6N53", "TimeCreated": "2023-09-04 14:36:53.494789+00:00", "RecordID": "112", "Level": "4", "UserID": "S-1-5-18", "EventData.DriveId": "{7b58e1cf-4b30-11ee-a727-806e6f6e6963}", "EventData.PoolId": "{00000000-0000-0000-0000-000000000000}", "EventData.DeviceNumber": "0", "EventData.DriveManufacturer": "VMware", "EventData.DriveModel": "Virtual disk", "EventData.DriveSerial": "NULL"}
{"EventID": "207", "Channel": "Microsoft-Windows-StorageSpaces-Driver/Operational", "Provider_Name": "Microsoft-Windows-StorageSpaces-Driver", "Computer": "DESKTOP-OFJ6N53", "TimeCreated": "2023-09-13 14:36:27.825190+00:00", "RecordID": "113", "Level": "4", "UserID": "S-1-5-18", "EventData.DriveId": "{e99158d1-5242-11ee-a728-806e6f6e6963}", "EventData.PoolId": "{00000000-0000-0000-0000-000000000000}", "EventData.DeviceNumber": "0", "EventData.DriveManufacturer": "VMware", "EventData.DriveModel": "Virtual disk", "EventData.DriveSerial": "NULL"}
{"EventID": "207", "Channel": "Microsoft-Windows-StorageSpaces-Driver/Operational", "Provider_Name": "Microsoft-Windows-StorageSpaces-Driver", "Computer": "DESKTOP-OFJ6N53", "TimeCreated": "2023-09-29 16:10:32.791870+00:00", "RecordID": "114", "Level": "4", "UserID": "S-1-5-18", "EventData.DriveId": "{b4dbfd4f-5ee2-11ee-a729-806e6f6e6963}", "EventData.PoolId": "{00000000-0000-0000-0000-000000000000}", "EventData.DeviceNumber": "0", "EventData.DriveManufacturer": "VMware", "EventData.DriveModel": "Virtual disk", "EventData.DriveSerial": "NULL"}
{"EventID": "207", "Channel": "Microsoft-Windows-StorageSpaces-Driver/Operational", "Provider_Name": "Microsoft-Windows-StorageSpaces-Driver", "Computer": "DESKTOP-OFJ6N53", "TimeCreated": "2023-10-12 16:55:20.779999+00:00", "RecordID": "115", "Level": "4", "UserID": "S-1-5-18", "EventData.DriveId": "{1e66fd52-6920-11ee-a72a-806e6f6e6963}", "EventData.PoolId": "{00000000-0000-0000-0000-000000000000}", "EventData.DeviceNumber": "0", "EventData.DriveManufacturer": "VMware", "EventData.DriveModel": "Virtual disk", "EventData.DriveSerial": "NULL"}
{"EventID": "207", "Channel": "Microsoft-Windows-StorageSpaces-Driver/Operational", "Provider_Name": "Microsoft-Windows-StorageSpaces-Driver", "Computer": "DESKTOP-OFJ6N53", "TimeCreated": "2023-10-27 14:40:31.715481+00:00", "RecordID": "116", "Level": "4", "UserID": "S-1-5-18", "EventData.DriveId": "{c52dcacf-74d6-11ee-a72b-806e6f6e6963}", "EventData.PoolId": "{00000000-0000-0000-0000-000000000000}", "EventData.DeviceNumber": "0", "EventData.DriveManufacturer": "VMware", "EventData.DriveModel": "Virtual disk", "EventData.DriveSerial": "NULL"}
{"EventID": "207", "Channel": "Microsoft-Windows-StorageSpaces-Driver/Operational", "Provider_Name": "Microsoft-Windows-StorageSpaces-Driver", "Computer": "DESKTOP-OFJ6N53", "TimeCreated": "2023-11-20 15:05:26.811731+00:00", "RecordID": "117", "Level": "4", "UserID": "S-1-5-18", "EventData.DriveId": "{3a2eb052-87b6-11ee-a72c-806e6f6e6963}", "EventData.PoolId": "{00000000-0000-0000-0000-000000000000}", "EventData.DeviceNumber": "0", "EventData.DriveManufacturer": "VMware", "EventData.DriveModel": "Virtual disk", "EventData.DriveSerial": "NULL"}
{"EventID": "207", "Channel": "Microsoft-Windows-StorageSpaces-Driver/Operational", "Provider_Name": "Microsoft-Windows-StorageSpaces-Driver", "Computer": "DESKTOP-OFJ6N53", "TimeCreated": "2023-12-12 07:25:13.824295+00:00", "RecordID": "118", "Level": "4", "UserID": "S-1-5-18", "EventData.DriveId": "{94a3c3cf-98bf-11ee-a72d-806e6f6e6963}", "EventData.PoolId": "{00000000-0000-0000-0000-000000000000}", "EventData.DeviceNumber": "0", "EventData.DriveManufacturer": "VMware", "EventData.DriveModel": "Virtual disk", "EventData.DriveSerial": "NULL"}
{"EventID": "207", "Channel": "Microsoft-Windows-StorageSpaces-Driver/Operational", "Provider_Name": "Microsoft-Windows-StorageSpaces-Driver", "Computer": "DESKTOP-OFJ6N53", "TimeCreated": "2023-12-13 14:34:06.549301+00:00", "RecordID": "119", "Level": "4", "UserID": "S-1-5-18", "EventData.DriveId": "{a91db44f-99c4-11ee-a72e-806e6f6e6963}", "EventData.PoolId": "{00000000-0000-0000-0000-000000000000}", "EventData.DeviceNumber": "0", "EventData.DriveManufacturer": "VMware", "EventData.DriveModel": "Virtual disk", "EventData.DriveSerial": "NULL"}
{"EventID": "207", "Channel": "Microsoft-Windows-StorageSpaces-Driver/Operational", "Provider_Name": "Microsoft-Windows-StorageSpaces-Driver", "Computer": "DESKTOP-OFJ6N53", "TimeCreated": "2023-12-29 14:44:16.170387+00:00", "RecordID": "120", "Level": "4", "UserID": "S-1-5-18", "EventData.DriveId": "{b78bd047-a658-11ee-a72f-806e6f6e6963}", "EventData.PoolId": "{00000000-0000-0000-0000-000000000000}", "EventData.DeviceNumber": "0", "EventData.DriveManufacturer": "VMware", "EventData.DriveModel": "Virtual disk", "EventData.DriveSerial": "NULL"}
{"EventID": "207", "Channel": "Microsoft-Windows-StorageSpaces-Driver/Operational", "Provider_Name": "Microsoft-Windows-StorageSpaces-Driver", "Computer": "DESKTOP-OFJ6N53", "TimeCreated": "2024-01-10 14:58:07.586838+00:00", "RecordID": "121", "Level": "4", "UserID": "S-1-5-18", "EventData.DriveId": "{a6928756-afc8-11ee-a730-806e6f6e6963}", "EventData.PoolId": "{00000000-0000-0000-0000-000000000000}", "EventData.DeviceNumber": "0", "EventData.DriveManufacturer": "VMware", "EventData.DriveModel": "Virtual disk", "EventData.DriveSerial": "NULL"}
{"EventID": "207", "Channel": "Microsoft-Windows-StorageSpaces-Driver/Operational", "Provider_Name": "Microsoft-Windows-StorageSpaces-Driver", "Computer": "DESKTOP-OFJ6N53", "TimeCreated": "2024-02-15 15:26:42.064396+00:00", "RecordID": "122", "Level": "4", "UserID": "S-1-5-18", "EventData.DriveId": "{9bd0aedd-cc16-11ee-a731-806e6f6e6963}", "EventData.PoolId": "{00000000-0000-0000-0000-000000000000}", "EventData.DeviceNumber": "0", "EventData.DriveManufacturer": "VMware", "EventData.DriveModel": "Virtual disk", "EventData.DriveSerial": "NULL"}
{"EventID": "207", "Channel": "Microsoft-Windows-StorageSpaces-Driver/Operational", "Provider_Name": "Microsoft-Windows-StorageSpaces-Driver", "Computer": "DESKTOP-OFJ6N53", "TimeCreated": "2024-03-12 11:04:32.557997+00:00", "RecordID": "123", "Level": "4", "UserID": "S-1-5-18", "EventData.DriveId": "{4b9b114f-e060-11ee-a732-806e6f6e6963}", "EventData.PoolId": "{00000000-0000-0000-0000-000000000000}", "EventData.DeviceNumber": "0", "EventData.DriveManufacturer": "VMware", "EventData.DriveModel": "Virtual disk", "EventData.DriveSerial": "NULL"}
{"EventID": "207", "Channel": "Microsoft-Windows-StorageSpaces-Driver/Operational", "Provider_Name": "Microsoft-Windows-StorageSpaces-Driver", "Computer": "DESKTOP-OFJ6N53", "TimeCreated": "2024-04-12 02:52:29.950607+00:00", "RecordID": "124", "Level": "4", "UserID": "S-1-5-18", "EventData.DriveId": "{aeae6902-f877-11ee-a733-806e6f6e6963}", "EventData.PoolId": "{00000000-0000-0000-0000-000000000000}", "EventData.DeviceNumber": "0", "EventData.DriveManufacturer": "VMware", "EventData.DriveModel": "Virtual disk", "EventData.DriveSerial": "NULL"}
{"EventID": "207", "Channel": "Microsoft-Windows-StorageSpaces-Driver/Operational", "Provider_Name": "Microsoft-Windows-StorageSpaces-Driver", "Computer": "DESKTOP-OFJ6N53", "TimeCreated": "2024-04-23 15:39:21.522501+00:00", "RecordID": "125", "Level": "4", "UserID": "S-1-5-18", "EventData.DriveId": "{a36269ab-0187-11ef-a734-806e6f6e6963}", "EventData.PoolId": "{00000000-0000-0000-0000-000000000000}", "EventData.DeviceNumber": "0", "EventData.DriveManufacturer": "VMware", "EventData.DriveModel": "Virtual disk", "EventData.DriveSerial": "NULL"}
{"EventID": "207", "Channel": "Microsoft-Windows-StorageSpaces-Driver/Operational", "Provider_Name": "Microsoft-Windows-StorageSpaces-Driver", "Computer": "DESKTOP-OFJ6N53", "TimeCreated": "2024-04-29 15:10:04.043041+00:00", "RecordID": "126", "Level": "4", "UserID": "S-1-5-18", "EventData.DriveId": "{8ad4f24c-063a-11ef-a735-806e6f6e6963}", "EventData.PoolId": "{00000000-0000-0000-0000-000000000000}", "EventData.DeviceNumber": "0", "EventData.DriveManufacturer": "VMware", "EventData.DriveModel": "Virtual disk", "EventData.DriveSerial": "NULL"}
{"EventID": "207", "Channel": "Microsoft-Windows-StorageSpaces-Driver/Operational", "Provider_Name": "Microsoft-Windows-StorageSpaces-Driver", "Computer": "DESKTOP-OFJ6N53", "TimeCreated": "2024-05-14 09:12:36.077181+00:00", "RecordID": "127", "Level": "4", "UserID": "S-1-5-18", "EventData.DriveId": "{12c427a6-11d2-11ef-a736-806e6f6e6963}", "EventData.PoolId": "{00000000-0000-0000-0000-000000000000}", "EventData.DeviceNumber": "0", "EventData.DriveManufacturer": "VMware", "EventData.DriveModel": "Virtual disk", "EventData.DriveSerial": "NULL"}
{"EventID": "207", "Channel": "Microsoft-Windows-StorageSpaces-Driver/Operational", "Provider_Name": "Microsoft-Windows-StorageSpaces-Driver", "Computer": "DESKTOP-OFJ6N53", "TimeCreated": "2024-05-15 13:36:12.548010+00:00", "RecordID": "128", "Level": "4", "UserID": "S-1-5-18", "EventData.DriveId": "{0a256bb6-12c0-11ef-a737-806e6f6e6963}", "EventData.PoolId": "{00000000-0000-0000-0000-000000000000}", "EventData.DeviceNumber": "0", "EventData.DriveManufacturer": "VMware", "EventData.DriveModel": "Virtual disk", "EventData.DriveSerial": "NULL"}
{"EventID": "207", "Channel": "Microsoft-Windows-StorageSpaces-Driver/Operational", "Provider_Name": "Microsoft-Windows-StorageSpaces-Driver", "Computer": "DESKTOP-OFJ6N53", "TimeCreated": "2024-05-31 10:40:42.732996+00:00", "RecordID": "129", "Level": "4", "UserID": "S-1-5-18", "EventData.DriveId": "{353c21e1-1f3a-11ef-a738-806e6f6e6963}", "EventData.PoolId": "{00000000-0000-0000-0000-000000000000}", "EventData.DeviceNumber": "0", "EventData.DriveManufacturer": "VMware", "EventData.DriveModel": "Virtual disk", "EventData.DriveSerial": "NULL"}
{"EventID": "207", "Channel": "Microsoft-Windows-StorageSpaces-Driver/Operational", "Provider_Name": "Microsoft-Windows-StorageSpaces-Driver", "Computer": "DESKTOP-OFJ6N53", "TimeCreated": "2024-06-06 12:16:14.557796+00:00", "RecordID": "130", "Level": "4", "UserID": "S-1-5-18", "EventData.DriveId": "{8d15e592-23fe-11ef-a739-806e6f6e6963}", "EventData.PoolId": "{00000000-0000-0000-0000-000000000000}", "EventData.DeviceNumber": "0", "EventData.DriveManufacturer": "VMware", "EventData.DriveModel": "Virtual disk", "EventData.DriveSerial": "NULL"}
{"EventID": "207", "Channel": "Microsoft-Windows-StorageSpaces-Driver/Operational", "Provider_Name": "Microsoft-Windows-StorageSpaces-Driver", "Computer": "DESKTOP-OFJ6N53", "TimeCreated": "2024-06-11 17:56:30.607965+00:00", "RecordID": "131", "Level": "4", "UserID": "S-1-5-18", "EventData.DriveId": "{eb216c2d-281b-11ef-a73a-806e6f6e6963}", "EventData.PoolId": "{00000000-0000-0000-0000-000000000000}", "EventData.DeviceNumber": "0", "EventData.DriveManufacturer": "VMware", "EventData.DriveModel": "Virtual disk", "EventData.DriveSerial": "NULL"}
{"EventID": "207", "Channel": "Microsoft-Windows-StorageSpaces-Driver/Operational", "Provider_Name": "Microsoft-Windows-StorageSpaces-Driver", "Computer": "DESKTOP-OFJ6N53", "TimeCreated": "2024-06-13 10:18:42.306253+00:00", "RecordID": "132", "Level": "4", "UserID": "S-1-5-18", "EventData.DriveId": "{4a3f47b2-296e-11ef-a73b-806e6f6e6963}", "EventData.PoolId": "{00000000-0000-0000-0000-000000000000}", "EventData.DeviceNumber": "0", "EventData.DriveManufacturer": "VMware", "EventData.DriveModel": "Virtual disk", "EventData.DriveSerial": "NULL"}
{"EventID": "207", "Channel": "Microsoft-Windows-StorageSpaces-Driver/Operational", "Provider_Name": "Microsoft-Windows-StorageSpaces-Driver", "Computer": "DESKTOP-OFJ6N53", "TimeCreated": "2024-07-03 13:21:44.751314+00:00", "RecordID": "133", "Level": "4", "UserID": "S-1-5-18", "EventData.DriveId": "{2b7a0875-393f-11ef-a73c-806e6f6e6963}", "EventData.PoolId": "{00000000-0000-0000-0000-000000000000}", "EventData.DeviceNumber": "0", "EventData.DriveManufacturer": "VMware", "EventData.DriveModel": "Virtual disk", "EventData.DriveSerial": "NULL"}
{"EventID": "207", "Channel": "Microsoft-Windows-StorageSpaces-Driver/Operational", "Provider_Name": "Microsoft-Windows-StorageSpaces-Driver", "Computer": "DESKTOP-OFJ6N53", "TimeCreated": "2024-07-10 14:33:35.452982+00:00", "RecordID": "134", "Level": "4", "UserID": "S-1-5-18", "EventData.DriveId": "{5f13dfac-3ec9-11ef-a73d-806e6f6e6963}", "EventData.PoolId": "{00000000-0000-0000-0000-000000000000}", "EventData.DeviceNumber": "0", "EventData.DriveManufacturer": "VMware", "EventData.DriveModel": "Virtual disk", "EventData.DriveSerial": "NULL"}
{"EventID": "207", "Channel": "Microsoft-Windows-StorageSpaces-Driver/Operational", "Provider_Name": "Microsoft-Windows-StorageSpaces-Driver", "Computer": "DESKTOP-OFJ6N53", "TimeCreated": "2024-07-22 07:26:24.182724+00:00", "RecordID": "135", "Level": "4", "UserID": "S-1-5-18", "EventData.DriveId": "{b07b2acf-47fb-11ef-a73e-806e6f6e6963}", "EventData.PoolId": "{00000000-0000-0000-0000-000000000000}", "EventData.DeviceNumber": "0", "EventData.DriveManufacturer": "VMware", "EventData.DriveModel": "Virtual disk", "EventData.DriveSerial": "NULL"}
{"EventID": "207", "Channel": "Microsoft-Windows-StorageSpaces-Driver/Operational", "Provider_Name": "Microsoft-Windows-StorageSpaces-Driver", "Computer": "DESKTOP-OFJ6N53", "TimeCreated": "2024-08-14 00:10:01.702497+00:00", "RecordID": "136", "Level": "4", "UserID": "S-1-5-18", "EventData.DriveId": "{8944af6f-59d1-11ef-a73f-806e6f6e6963}", "EventData.PoolId": "{00000000-0000-0000-0000-000000000000}", "EventData.DeviceNumber": "0", "EventData.DriveManufacturer": "VMware", "EventData.DriveModel": "Virtual disk", "EventData.DriveSerial": "NULL"}
{"EventID": "207", "Channel": "Microsoft-Windows-StorageSpaces-Driver/Operational", "Provider_Name": "Microsoft-Windows-StorageSpaces-Driver", "Computer": "DESKTOP-OFJ6N53", "TimeCreated": "2024-09-06 13:40:06.870354+00:00", "RecordID": "137", "Level": "4", "UserID": "S-1-5-18", "EventData.DriveId": "{84a1f04f-6c55-11ef-a740-806e6f6e6963}", "EventData.PoolId": "{00000000-0000-0000-0000-000000000000}", "EventData.DeviceNumber": "0", "EventData.DriveManufacturer": "VMware", "EventData.DriveModel": "Virtual disk", "EventData.DriveSerial": "NULL"}
{"EventID": "207", "Channel": "Microsoft-Windows-StorageSpaces-Driver/Operational", "Provider_Name": "Microsoft-Windows-StorageSpaces-Driver", "Computer": "DESKTOP-OFJ6N53", "TimeCreated": "2024-09-11 14:50:57.559994+00:00", "RecordID": "138", "Level": "4", "UserID": "S-1-5-18", "EventData.DriveId": "{3e7dcfcf-704d-11ef-a741-806e6f6e6963}", "EventData.PoolId": "{00000000-0000-0000-0000-000000000000}", "EventData.DeviceNumber": "0", "EventData.DriveManufacturer": "VMware", "EventData.DriveModel": "Virtual disk", "EventData.DriveSerial": "NULL"}
{"EventID": "207", "Channel": "Microsoft-Windows-StorageSpaces-Driver/Operational", "Provider_Name": "Microsoft-Windows-StorageSpaces-Driver", "Computer": "DESKTOP-OFJ6N53", "TimeCreated": "2024-09-19 17:25:14.867752+00:00", "RecordID": "139", "Level": "4", "UserID": "S-1-5-18", "EventData.DriveId": "{1f65ea4f-76ac-11ef-a742-806e6f6e6963}", "EventData.PoolId": "{00000000-0000-0000-0000-000000000000}", "EventData.DeviceNumber": "0", "EventData.DriveManufacturer": "VMware", "EventData.DriveModel": "Virtual disk", "EventData.DriveSerial": "NULL"}
{"EventID": "207", "Channel": "Microsoft-Windows-StorageSpaces-Driver/Operational", "Provider_Name": "Microsoft-Windows-StorageSpaces-Driver", "Computer": "DESKTOP-OFJ6N53", "TimeCreated": "2024-09-24 10:57:26.524672+00:00", "RecordID": "140", "Level": "4", "UserID": "S-1-5-18", "EventData.DriveId": "{c6a8683e-7a63-11ef-a743-806e6f6e6963}", "EventData.PoolId": "{00000000-0000-0000-0000-000000000000}", "EventData.DeviceNumber": "0", "EventData.DriveManufacturer": "VMware", "EventData.DriveModel": "Virtual disk", "EventData.DriveSerial": "NULL"}
{"EventID": "207", "Channel": "Microsoft-Windows-StorageSpaces-Driver/Operational", "Provider_Name": "Microsoft-Windows-StorageSpaces-Driver", "Computer": "DESKTOP-OFJ6N53", "TimeCreated": "2024-09-25 13:38:51.540672+00:00", "RecordID": "141", "Level": "4", "UserID": "S-1-5-18", "EventData.DriveId": "{7dc718cf-7b43-11ef-a744-806e6f6e6963}", "EventData.PoolId": "{00000000-0000-0000-0000-000000000000}", "EventData.DeviceNumber": "0", "EventData.DriveManufacturer": "VMware", "EventData.DriveModel": "Virtual disk", "EventData.DriveSerial": "NULL"}
{"EventID": "207", "Channel": "Microsoft-Windows-StorageSpaces-Driver/Operational", "Provider_Name": "Microsoft-Windows-StorageSpaces-Driver", "Computer": "DESKTOP-OFJ6N53", "TimeCreated": "2024-09-28 12:28:58.836998+00:00", "RecordID": "142", "Level": "4", "UserID": "S-1-5-18", "EventData.DriveId": "{39cb524f-7d95-11ef-a745-806e6f6e6963}", "EventData.PoolId": "{00000000-0000-0000-0000-000000000000}", "EventData.DeviceNumber": "0", "EventData.DriveManufacturer": "VMware", "EventData.DriveModel": "Virtual disk", "EventData.DriveSerial": "NULL"}
{"EventID": "207", "Channel": "Microsoft-Windows-StorageSpaces-Driver/Operational", "Provider_Name": "Microsoft-Windows-StorageSpaces-Driver", "Computer": "DESKTOP-OFJ6N53", "TimeCreated": "2024-10-04 11:16:48.542189+00:00", "RecordID": "143", "Level": "4", "UserID": "S-1-5-18", "EventData.DriveId": "{2364414f-8242-11ef-a746-806e6f6e6963}", "EventData.PoolId": "{00000000-0000-0000-0000-000000000000}", "EventData.DeviceNumber": "0", "EventData.DriveManufacturer": "VMware", "EventData.DriveModel": "Virtual disk", "EventData.DriveSerial": "NULL"}
{"EventID": "207", "Channel": "Microsoft-Windows-StorageSpaces-Driver/Operational", "Provider_Name": "Microsoft-Windows-StorageSpaces-Driver", "Computer": "DESKTOP-OFJ6N53", "TimeCreated": "2024-10-04 22:02:45.556808+00:00", "RecordID": "144", "Level": "4", "UserID": "S-1-5-18", "EventData.DriveId": "{605d21cf-829c-11ef-a747-806e6f6e6963}", "EventData.PoolId": "{00000000-0000-0000-0000-000000000000}", "EventData.DeviceNumber": "0", "EventData.DriveManufacturer": "VMware", "EventData.DriveModel": "Virtual disk", "EventData.DriveSerial": "NULL"}
{"EventID": "207", "Channel": "Microsoft-Windows-StorageSpaces-Driver/Operational", "Provider_Name": "Microsoft-Windows-StorageSpaces-Driver", "Computer": "DESKTOP-OFJ6N53", "TimeCreated": "2024-10-08 20:25:21.810364+00:00", "RecordID": "145", "Level": "4", "UserID": "S-1-5-18", "EventData.DriveId": "{6eb87fcf-85b3-11ef-a748-806e6f6e6963}", "EventData.PoolId": "{00000000-0000-0000-0000-000000000000}", "EventData.DeviceNumber": "0", "EventData.DriveManufacturer": "VMware", "EventData.DriveModel": "Virtual disk", "EventData.DriveSerial": "NULL"}
{"EventID": "207", "Channel": "Microsoft-Windows-StorageSpaces-Driver/Operational", "Provider_Name": "Microsoft-Windows-StorageSpaces-Driver", "Computer": "DESKTOP-OFJ6N53", "TimeCreated": "2024-11-13 14:44:57.905846+00:00", "RecordID": "146", "Level": "4", "UserID": "S-1-5-18", "EventData.DriveId": "{d7f06bd0-a1cd-11ef-a749-806e6f6e6963}", "EventData.PoolId": "{00000000-0000-0000-0000-000000000000}", "EventData.DeviceNumber": "0", "EventData.DriveManufacturer": "VMware", "EventData.DriveModel": "Virtual disk", "EventData.DriveSerial": "NULL"}
{"EventID": "207", "Channel": "Microsoft-Windows-StorageSpaces-Driver/Operational", "Provider_Name": "Microsoft-Windows-StorageSpaces-Driver", "Computer": "DESKTOP-OFJ6N53", "TimeCreated": "2024-12-03 10:23:48.854223+00:00", "RecordID": "147", "Level": "4", "UserID": "S-1-5-18", "EventData.DriveId": "{acc0675d-b160-11ef-a74a-806e6f6e6963}", "EventData.PoolId": "{00000000-0000-0000-0000-000000000000}", "EventData.DeviceNumber": "0", "EventData.DriveManufacturer": "VMware", "EventData.DriveModel": "Virtual disk", "EventData.DriveSerial": "NULL"}
{"EventID": "207", "Channel": "Microsoft-Windows-StorageSpaces-Driver/Operational", "Provider_Name": "Microsoft-Windows-StorageSpaces-Driver", "Computer": "DESKTOP-OFJ6N53", "TimeCreated": "2024-12-08 16:52:15.636042+00:00", "RecordID": "148", "Level": "4", "UserID": "S-1-5-18", "EventData.DriveId": "{c4de7acf-b584-11ef-a74b-806e6f6e6963}", "EventData.PoolId": "{00000000-0000-0000-0000-000000000000}", "EventData.DeviceNumber": "0", "EventData.DriveManufacturer": "VMware", "EventData.DriveModel": "Virtual disk", "EventData.DriveSerial": "NULL"}
{"EventID": "207", "Channel": "Microsoft-Windows-StorageSpaces-Driver/Operational", "Provider_Name": "Microsoft-Windows-StorageSpaces-Driver", "Computer": "DESKTOP-OFJ6N53", "TimeCreated": "2024-12-11 15:06:04.965158+00:00", "RecordID": "149", "Level": "4", "UserID": "S-1-5-18", "EventData.DriveId": "{6eb2474f-b7d1-11ef-a74c-806e6f6e6963}", "EventData.PoolId": "{00000000-0000-0000-0000-000000000000}", "EventData.DeviceNumber": "0", "EventData.DriveManufacturer": "VMware", "EventData.DriveModel": "Virtual disk", "EventData.DriveSerial": "NULL"}
{"EventID": "207", "Channel": "Microsoft-Windows-StorageSpaces-Driver/Operational", "Provider_Name": "Microsoft-Windows-StorageSpaces-Driver", "Computer": "DESKTOP-OFJ6N53", "TimeCreated": "2024-12-23 14:09:45.918062+00:00", "RecordID": "150", "Level": "4", "UserID": "S-1-5-18", "EventData.DriveId": "{8d9ccbcf-c137-11ef-a74d-806e6f6e6963}", "EventData.PoolId": "{00000000-0000-0000-0000-000000000000}", "EventData.DeviceNumber": "0", "EventData.DriveManufacturer": "VMware", "EventData.DriveModel": "Virtual disk", "EventData.DriveSerial": "NULL"}
{"EventID": "207", "Channel": "Microsoft-Windows-StorageSpaces-Driver/Operational", "Provider_Name": "Microsoft-Windows-StorageSpaces-Driver", "Computer": "DESKTOP-OFJ6N53", "TimeCreated": "2025-01-09 14:55:09.380783+00:00", "RecordID": "151", "Level": "4", "UserID": "S-1-5-18", "EventData.DriveId": "{b5ab5f4f-ce99-11ef-a74e-806e6f6e6963}", "EventData.PoolId": "{00000000-0000-0000-0000-000000000000}", "EventData.DeviceNumber": "0", "EventData.DriveManufacturer": "VMware", "EventData.DriveModel": "Virtual disk", "EventData.DriveSerial": "NULL"}
{"EventID": "207", "Channel": "Microsoft-Windows-StorageSpaces-Driver/Operational", "Provider_Name": "Microsoft-Windows-StorageSpaces-Driver", "Computer": "DESKTOP-OFJ6N53", "TimeCreated": "2025-01-14 23:22:25.820192+00:00", "RecordID": "152", "Level": "4", "UserID": "S-1-5-18", "EventData.DriveId": "{667263b3-d2ce-11ef-a74f-806e6f6e6963}", "EventData.PoolId": "{00000000-0000-0000-0000-000000000000}", "EventData.DeviceNumber": "0", "EventData.DriveManufacturer": "VMware", "EventData.DriveModel": "Virtual disk", "EventData.DriveSerial": "NULL"}
{"EventID": "207", "Channel": "Microsoft-Windows-StorageSpaces-Driver/Operational", "Provider_Name": "Microsoft-Windows-StorageSpaces-Driver", "Computer": "DESKTOP-OFJ6N53", "TimeCreated": "2025-01-24 12:03:13.386011+00:00", "RecordID": "153", "Level": "4", "UserID": "S-1-5-18", "EventData.DriveId": "{2cc88a1f-da4b-11ef-a750-806e6f6e6963}", "EventData.PoolId": "{00000000-0000-0000-0000-000000000000}", "EventData.DeviceNumber": "0", "EventData.DriveManufacturer": "VMware", "EventData.DriveModel": "Virtual disk", "EventData.DriveSerial": "NULL"}
{"EventID": "207", "Channel": "Microsoft-Windows-StorageSpaces-Driver/Operational", "Provider_Name": "Microsoft-Windows-StorageSpaces-Driver", "Computer": "DESKTOP-OFJ6N53", "TimeCreated": "2025-02-05 14:01:46.921669+00:00", "RecordID": "154", "Level": "4", "UserID": "S-1-5-18", "EventData.DriveId": "{b8d9e4aa-e3c9-11ef-a751-806e6f6e6963}", "EventData.PoolId": "{00000000-0000-0000-0000-000000000000}", "EventData.DeviceNumber": "0", "EventData.DriveManufacturer": "VMware", "EventData.DriveModel": "Virtual disk", "EventData.DriveSerial": "NULL"}
{"EventID": "207", "Channel": "Microsoft-Windows-StorageSpaces-Driver/Operational", "Provider_Name": "Microsoft-Windows-StorageSpaces-Driver", "Computer": "DESKTOP-OFJ6N53", "TimeCreated": "2025-02-12 14:54:21.015560+00:00", "RecordID": "155", "Level": "4", "UserID": "S-1-5-18", "EventData.DriveId": "{3b1b4f53-e951-11ef-a752-806e6f6e6963}", "EventData.PoolId": "{00000000-0000-0000-0000-000000000000}", "EventData.DeviceNumber": "0", "EventData.DriveManufacturer": "VMware", "EventData.DriveModel": "Virtual disk", "EventData.DriveSerial": "NULL"}
{"EventID": "207", "Channel": "Microsoft-Windows-StorageSpaces-Driver/Operational", "Provider_Name": "Microsoft-Windows-StorageSpaces-Driver", "Computer": "DESKTOP-OFJ6N53", "TimeCreated": "2025-03-07 15:03:50.090635+00:00", "RecordID": "156", "Level": "4", "UserID": "S-1-5-18", "EventData.DriveId": "{5dc219bc-fb65-11ef-a753-806e6f6e6963}", "EventData.PoolId": "{00000000-0000-0000-0000-000000000000}", "EventData.DeviceNumber": "0", "EventData.DriveManufacturer": "VMware", "EventData.DriveModel": "Virtual disk", "EventData.DriveSerial": "NULL"}
{"EventID": "207", "Channel": "Microsoft-Windows-StorageSpaces-Driver/Operational", "Provider_Name": "Microsoft-Windows-StorageSpaces-Driver", "Computer": "DESKTOP-OFJ6N53", "TimeCreated": "2025-03-11 20:16:57.655855+00:00", "RecordID": "157", "Level": "4", "UserID": "S-1-5-18", "EventData.DriveId": "{c5ee6ced-feb5-11ef-a754-806e6f6e6963}", "EventData.PoolId": "{00000000-0000-0000-0000-000000000000}", "EventData.DeviceNumber": "0", "EventData.DriveManufacturer": "VMware", "EventData.DriveModel": "Virtual disk", "EventData.DriveSerial": "NULL"}
{"EventID": "207", "Channel": "Microsoft-Windows-StorageSpaces-Driver/Operational", "Provider_Name": "Microsoft-Windows-StorageSpaces-Driver", "Computer": "DESKTOP-OFJ6N53", "TimeCreated": "2025-04-01 16:03:16.822824+00:00", "RecordID": "158", "Level": "4", "UserID": "S-1-5-18", "EventData.DriveId": "{d02e2b52-0f12-11f0-a755-806e6f6e6963}", "EventData.PoolId": "{00000000-0000-0000-0000-000000000000}", "EventData.DeviceNumber": "0", "EventData.DriveManufacturer": "VMware", "EventData.DriveModel": "Virtual disk", "EventData.DriveSerial": "NULL"}
{"EventID": "207", "Channel": "Microsoft-Windows-StorageSpaces-Driver/Operational", "Provider_Name": "Microsoft-Windows-StorageSpaces-Driver", "Computer": "DESKTOP-OFJ6N53", "TimeCreated": "2025-04-02 09:18:14.541008+00:00", "RecordID": "159", "Level": "4", "UserID": "S-1-5-18", "EventData.DriveId": "{65790052-0fa3-11f0-a756-806e6f6e6963}", "EventData.PoolId": "{00000000-0000-0000-0000-000000000000}", "EventData.DeviceNumber": "0", "EventData.DriveManufacturer": "VMware", "EventData.DriveModel": "Virtual disk", "EventData.DriveSerial": "NULL"}
{"EventID": "207", "Channel": "Microsoft-Windows-StorageSpaces-Driver/Operational", "Provider_Name": "Microsoft-Windows-StorageSpaces-Driver", "Computer": "DESKTOP-OFJ6N53", "TimeCreated": "2025-04-02 09:31:25.916975+00:00", "RecordID": "160", "Level": "4", "UserID": "S-1-5-18", "EventData.DriveId": "{3cf205d2-0fa5-11f0-a757-806e6f6e6963}", "EventData.PoolId": "{00000000-0000-0000-0000-000000000000}", "EventData.DeviceNumber": "0", "EventData.DriveManufacturer": "VMware", "EventData.DriveModel": "Virtual disk", "EventData.DriveSerial": "NULL"}
{"EventID": "207", "Channel": "Microsoft-Windows-StorageSpaces-Driver/Operational", "Provider_Name": "Microsoft-Windows-StorageSpaces-Driver", "Computer": "DESKTOP-OFJ6N53", "TimeCreated": "2025-04-02 09:57:34.542109+00:00", "RecordID": "161", "Level": "4", "UserID": "S-1-5-18", "EventData.DriveId": "{e4246c52-0fa8-11f0-a758-806e6f6e6963}", "EventData.PoolId": "{00000000-0000-0000-0000-000000000000}", "EventData.DeviceNumber": "0", "EventData.DriveManufacturer": "VMware", "EventData.DriveModel": "Virtual disk", "EventData.DriveSerial": "NULL"}
{"EventID": "207", "Channel": "Microsoft-Windows-StorageSpaces-Driver/Operational", "Provider_Name": "Microsoft-Windows-StorageSpaces-Driver", "Computer": "DESKTOP-OFJ6N53", "TimeCreated": "2025-04-02 10:08:19.541040+00:00", "RecordID": "162", "Level": "4", "UserID": "S-1-5-18", "EventData.DriveId": "{64979cd2-0faa-11f0-a759-806e6f6e6963}", "EventData.PoolId": "{00000000-0000-0000-0000-000000000000}", "EventData.DeviceNumber": "0", "EventData.DriveManufacturer": "VMware", "EventData.DriveModel": "Virtual disk", "EventData.DriveSerial": "NULL"}
{"EventID": "207", "Channel": "Microsoft-Windows-StorageSpaces-Driver/Operational", "Provider_Name": "Microsoft-Windows-StorageSpaces-Driver", "Computer": "DESKTOP-OFJ6N53", "TimeCreated": "2025-04-02 10:11:47.525883+00:00", "RecordID": "163", "Level": "4", "UserID": "S-1-5-18", "EventData.DriveId": "{e091e4d2-0faa-11f0-a75a-806e6f6e6963}", "EventData.PoolId": "{00000000-0000-0000-0000-000000000000}", "EventData.DeviceNumber": "0", "EventData.DriveManufacturer": "VMware", "EventData.DriveModel": "Virtual disk", "EventData.DriveSerial": "NULL"}
{"EventID": "207", "Channel": "Microsoft-Windows-StorageSpaces-Driver/Operational", "Provider_Name": "Microsoft-Windows-StorageSpaces-Driver", "Computer": "DESKTOP-OFJ6N53", "TimeCreated": "2025-04-02 10:16:11.541212+00:00", "RecordID": "164", "Level": "4", "UserID": "S-1-5-18", "EventData.DriveId": "{7ded18d2-0fab-11f0-a75b-806e6f6e6963}", "EventData.PoolId": "{00000000-0000-0000-0000-000000000000}", "EventData.DeviceNumber": "0", "EventData.DriveManufacturer": "VMware", "EventData.DriveModel": "Virtual disk", "EventData.DriveSerial": "NULL"}
{"EventID": "207", "Channel": "Microsoft-Windows-StorageSpaces-Driver/Operational", "Provider_Name": "Microsoft-Windows-StorageSpaces-Driver", "Computer": "DESKTOP-OFJ6N53", "TimeCreated": "2025-04-02 10:33:59.527237+00:00", "RecordID": "165", "Level": "4", "UserID": "S-1-5-18", "EventData.DriveId": "{fa80f6d2-0fad-11f0-a75c-806e6f6e6963}", "EventData.PoolId": "{00000000-0000-0000-0000-000000000000}", "EventData.DeviceNumber": "0", "EventData.DriveManufacturer": "VMware", "EventData.DriveModel": "Virtual disk", "EventData.DriveSerial": "NULL"}
{"EventID": "207", "Channel": "Microsoft-Windows-StorageSpaces-Driver/Operational", "Provider_Name": "Microsoft-Windows-StorageSpaces-Driver", "Computer": "DESKTOP-OFJ6N53", "TimeCreated": "2025-04-09 14:35:28.240423+00:00", "RecordID": "166", "Level": "4", "UserID": "S-1-5-18", "EventData.DriveId": "{deea92d2-154f-11f0-a75d-806e6f6e6963}", "EventData.PoolId": "{00000000-0000-0000-0000-000000000000}", "EventData.DeviceNumber": "0", "EventData.DriveManufacturer": "VMware", "EventData.DriveModel": "Virtual disk", "EventData.DriveSerial": "NULL"}
{"EventID": "207", "Channel": "Microsoft-Windows-StorageSpaces-Driver/Operational", "Provider_Name": "Microsoft-Windows-StorageSpaces-Driver", "Computer": "DESKTOP-OFJ6N53", "TimeCreated": "2025-04-23 00:40:07.808659+00:00", "RecordID": "167", "Level": "4", "UserID": "S-1-5-18", "EventData.DriveId": "{7ed9fed2-1fdb-11f0-a75e-806e6f6e6963}", "EventData.PoolId": "{00000000-0000-0000-0000-000000000000}", "EventData.DeviceNumber": "0", "EventData.DriveManufacturer": "VMware", "EventData.DriveModel": "Virtual disk", "EventData.DriveSerial": "NULL"}
{"EventID": "207", "Channel": "Microsoft-Windows-StorageSpaces-Driver/Operational", "Provider_Name": "Microsoft-Windows-StorageSpaces-Driver", "Computer": "DESKTOP-OFJ6N53", "TimeCreated": "2025-05-14 14:41:55.901930+00:00", "RecordID": "168", "Level": "4", "UserID": "S-1-5-18", "EventData.DriveId": "{92a3ecd3-30d1-11f0-a75f-806e6f6e6963}", "EventData.PoolId": "{00000000-0000-0000-0000-000000000000}", "EventData.DeviceNumber": "0", "EventData.DriveManufacturer": "VMware", "EventData.DriveModel": "Virtual disk", "EventData.DriveSerial": "NULL"}
{"EventID": "207", "Channel": "Microsoft-Windows-StorageSpaces-Driver/Operational", "Provider_Name": "Microsoft-Windows-StorageSpaces-Driver", "Computer": "DESKTOP-OFJ6N53", "TimeCreated": "2025-06-11 14:45:30.311264+00:00", "RecordID": "169", "Level": "4", "UserID": "S-1-5-18", "EventData.DriveId": "{b5c2bbd2-46d2-11f0-a760-806e6f6e6963}", "EventData.PoolId": "{00000000-0000-0000-0000-000000000000}", "EventData.DeviceNumber": "0", "EventData.DriveManufacturer": "VMware", "EventData.DriveModel": "Virtual disk", "EventData.DriveSerial": "NULL"}
{"EventID": "207", "Channel": "Microsoft-Windows-StorageSpaces-Driver/Operational", "Provider_Name": "Microsoft-Windows-StorageSpaces-Driver", "Computer": "DESKTOP-OFJ6N53", "TimeCreated": "2025-07-07 12:49:12.517229+00:00", "RecordID": "170", "Level": "4", "UserID": "S-1-5-18", "EventData.DriveId": "{c549eed2-5b30-11f0-a761-806e6f6e6963}", "EventData.PoolId": "{00000000-0000-0000-0000-000000000000}", "EventData.DeviceNumber": "0", "EventData.DriveManufacturer": "VMware", "EventData.DriveModel": "Virtual disk", "EventData.DriveSerial": "NULL"}
{"EventID": "207", "Channel": "Microsoft-Windows-StorageSpaces-Driver/Operational", "Provider_Name": "Microsoft-Windows-StorageSpaces-Driver", "Computer": "DESKTOP-OFJ6N53", "TimeCreated": "2025-07-09 14:39:43.594465+00:00", "RecordID": "171", "Level": "4", "UserID": "S-1-5-18", "EventData.DriveId": "{8b1852d3-5cd2-11f0-a762-806e6f6e6963}", "EventData.PoolId": "{00000000-0000-0000-0000-000000000000}", "EventData.DeviceNumber": "0", "EventData.DriveManufacturer": "VMware", "EventData.DriveModel": "Virtual disk", "EventData.DriveSerial": "NULL"}
{"EventID": "207", "Channel": "Microsoft-Windows-StorageSpaces-Driver/Operational", "Provider_Name": "Microsoft-Windows-StorageSpaces-Driver", "Computer": "DESKTOP-OFJ6N53", "TimeCreated": "2025-07-24 21:29:30.966179+00:00", "RecordID": "172", "Level": "4", "UserID": "S-1-5-18", "EventData.DriveId": "{46490a52-68d5-11f0-a763-806e6f6e6963}", "EventData.PoolId": "{00000000-0000-0000-0000-000000000000}", "EventData.DeviceNumber": "0", "EventData.DriveManufacturer": "VMware", "EventData.DriveModel": "Virtual disk", "EventData.DriveSerial": "NULL"}
{"EventID": "207", "Channel": "Microsoft-Windows-StorageSpaces-Driver/Operational", "Provider_Name": "Microsoft-Windows-StorageSpaces-Driver", "Computer": "DESKTOP-OFJ6N53", "TimeCreated": "2025-07-31 08:03:26.591688+00:00", "RecordID": "173", "Level": "4", "UserID": "S-1-5-18", "EventData.DriveId": "{d3fc8c52-6de4-11f0-a764-806e6f6e6963}", "EventData.PoolId": "{00000000-0000-0000-0000-000000000000}", "EventData.DeviceNumber": "0", "EventData.DriveManufacturer": "VMware", "EventData.DriveModel": "Virtual disk", "EventData.DriveSerial": "NULL"}
{"EventID": "207", "Channel": "Microsoft-Windows-StorageSpaces-Driver/Operational", "Provider_Name": "Microsoft-Windows-StorageSpaces-Driver", "Computer": "DESKTOP-OFJ6N53", "TimeCreated": "2025-08-12 12:17:24.432108+00:00", "RecordID": "174", "Level": "4", "UserID": "S-1-5-18", "EventData.DriveId": "{4ae7feba-7776-11f0-a765-806e6f6e6963}", "EventData.PoolId": "{00000000-0000-0000-0000-000000000000}", "EventData.DeviceNumber": "0", "EventData.DriveManufacturer": "VMware", "EventData.DriveModel": "Virtual disk", "EventData.DriveSerial": "NULL"}
{"EventID": "207", "Channel": "Microsoft-Windows-StorageSpaces-Driver/Operational", "Provider_Name": "Microsoft-Windows-StorageSpaces-Driver", "Computer": "DESKTOP-OFJ6N53", "TimeCreated": "2025-08-13 14:39:45.433468+00:00", "RecordID": "175", "Level": "4", "UserID": "S-1-5-18", "EventData.DriveId": "{58262952-7853-11f0-a766-806e6f6e6963}", "EventData.PoolId": "{00000000-0000-0000-0000-000000000000}", "EventData.DeviceNumber": "0", "EventData.DriveManufacturer": "VMware", "EventData.DriveModel": "Virtual disk", "EventData.DriveSerial": "NULL"}
{"EventID": "207", "Channel": "Microsoft-Windows-StorageSpaces-Driver/Operational", "Provider_Name": "Microsoft-Windows-StorageSpaces-Driver", "Computer": "DESKTOP-OFJ6N53", "TimeCreated": "2025-08-19 07:18:45.245352+00:00", "RecordID": "176", "Level": "4", "UserID": "S-1-5-18", "EventData.DriveId": "{bb3fafa0-7ccc-11f0-a767-806e6f6e6963}", "EventData.PoolId": "{00000000-0000-0000-0000-000000000000}", "EventData.DeviceNumber": "0", "EventData.DriveManufacturer": "VMware", "EventData.DriveModel": "Virtual disk", "EventData.DriveSerial": "NULL"}
{"EventID": "207", "Channel": "Microsoft-Windows-StorageSpaces-Driver/Operational", "Provider_Name": "Microsoft-Windows-StorageSpaces-Driver", "Computer": "DESKTOP-OFJ6N53", "TimeCreated": "2025-08-19 07:44:12.009762+00:00", "RecordID": "177", "Level": "4", "UserID": "S-1-5-18", "EventData.DriveId": "{48cebf34-7cd0-11f0-a768-806e6f6e6963}", "EventData.PoolId": "{00000000-0000-0000-0000-000000000000}", "EventData.DeviceNumber": "0", "EventData.DriveManufacturer": "VMware", "EventData.DriveModel": "Virtual disk", "EventData.DriveSerial": "NULL"}
{"EventID": "207", "Channel": "Microsoft-Windows-StorageSpaces-Driver/Operational", "Provider_Name": "Microsoft-Windows-StorageSpaces-Driver", "Computer": "DESKTOP-OFJ6N53", "TimeCreated": "2025-08-22 12:58:07.996866+00:00", "RecordID": "178", "Level": "4", "UserID": "S-1-5-18", "EventData.DriveId": "{9f9d23f2-7f57-11f0-a769-806e6f6e6963}", "EventData.PoolId": "{00000000-0000-0000-0000-000000000000}", "EventData.DeviceNumber": "0", "EventData.DriveManufacturer": "VMware", "EventData.DriveModel": "Virtual disk", "EventData.DriveSerial": "NULL"}
{"EventID": "207", "Channel": "Microsoft-Windows-StorageSpaces-Driver/Operational", "Provider_Name": "Microsoft-Windows-StorageSpaces-Driver", "Computer": "DESKTOP-OFJ6N53", "TimeCreated": "2025-08-23 20:33:07.835669+00:00", "RecordID": "179", "Level": "4", "UserID": "S-1-5-18", "EventData.DriveId": "{5b611e84-8060-11f0-a76a-806e6f6e6963}", "EventData.PoolId": "{00000000-0000-0000-0000-000000000000}", "EventData.DeviceNumber": "0", "EventData.DriveManufacturer": "VMware", "EventData.DriveModel": "Virtual disk", "EventData.DriveSerial": "NULL"}
