{"EventID": "800", "Channel": "Microsoft-Windows-TaskScheduler/Maintenance", "Provider_Name": "Microsoft-Windows-TaskScheduler", "Computer": "DESKTOP-OFJ6N53", "TimeCreated": "2025-05-29 16:42:41.697201+00:00", "RecordID": "12942", "Level": "4", "UserID": "S-1-5-18", "EventData.hc_stateid": "3", "EventData.LastRunDateTime": "‎29.‎05.‎2025 19:42"}
{"EventID": "800", "Channel": "Microsoft-Windows-TaskScheduler/Maintenance", "Provider_Name": "Microsoft-Windows-TaskScheduler", "Computer": "DESKTOP-OFJ6N53", "TimeCreated": "2025-05-29 16:45:57.113262+00:00", "RecordID": "12943", "Level": "4", "UserID": "S-1-5-18", "EventData.hc_stateid": "1", "EventData.LastRunDateTime": "‎29.‎05.‎2025 19:45"}
{"EventID": "800", "Channel": "Microsoft-Windows-TaskScheduler/Maintenance", "Provider_Name": "Microsoft-Windows-TaskScheduler", "Computer": "DESKTOP-OFJ6N53", "TimeCreated": "2025-05-29 18:42:41.788687+00:00", "RecordID": "12944", "Level": "4", "UserID": "S-1-5-18", "EventData.hc_stateid": "3", "EventData.LastRunDateTime": "‎29.‎05.‎2025 21:42"}
{"EventID": "800", "Channel": "Microsoft-Windows-TaskScheduler/Maintenance", "Provider_Name": "Microsoft-Windows-TaskScheduler", "Computer": "DESKTOP-OFJ6N53", "TimeCreated": "2025-05-29 18:42:41.809746+00:00", "RecordID": "12945", "Level": "4", "UserID": "S-1-5-18", "EventData.hc_stateid": "1", "EventData.LastRunDateTime": "‎29.‎05.‎2025 21:42"}
{"EventID": "800", "Channel": "Microsoft-Windows-TaskScheduler/Maintenance", "Provider_Name": "Microsoft-Windows-TaskScheduler", "Computer": "DESKTOP-OFJ6N53", "TimeCreated": "2025-05-30 09:11:46.213449+00:00", "RecordID": "12946", "Level": "4", "UserID": "S-1-5-18", "EventData.hc_stateid": "3", "EventData.LastRunDateTime": "‎30.‎05.‎2025 12:11"}
{"EventID": "800", "Channel": "Microsoft-Windows-TaskScheduler/Maintenance", "Provider_Name": "Microsoft-Windows-TaskScheduler", "Computer": "DESKTOP-OFJ6N53", "TimeCreated": "2025-05-30 09:12:44.923964+00:00", "RecordID": "12947", "Level": "4", "UserID": "S-1-5-18", "EventData.hc_stateid": "1", "EventData.LastRunDateTime": "‎30.‎05.‎2025 12:12"}
{"EventID": "800", "Channel": "Microsoft-Windows-TaskScheduler/Maintenance", "Provider_Name": "Microsoft-Windows-TaskScheduler", "Computer": "DESKTOP-OFJ6N53", "TimeCreated": "2025-05-30 09:12:45.945122+00:00", "RecordID": "12948", "Level": "4", "UserID": "S-1-5-18", "EventData.hc_stateid": "3", "EventData.LastRunDateTime": "‎30.‎05.‎2025 12:12"}
{"EventID": "800", "Channel": "Microsoft-Windows-TaskScheduler/Maintenance", "Provider_Name": "Microsoft-Windows-TaskScheduler", "Computer": "DESKTOP-OFJ6N53", "TimeCreated": "2025-05-30 09:12:46.379343+00:00", "RecordID": "12949", "Level": "4", "UserID": "S-1-5-18", "EventData.hc_stateid": "1", "EventData.LastRunDateTime": "‎30.‎05.‎2025 12:12"}
{"EventID": "800", "Channel": "Microsoft-Windows-TaskScheduler/Maintenance", "Provider_Name": "Microsoft-Windows-TaskScheduler", "Computer": "DESKTOP-OFJ6N53", "TimeCreated": "2025-05-30 09:12:47.390478+00:00", "RecordID": "12950", "Level": "4", "UserID": "S-1-5-18", "EventData.hc_stateid": "3", "EventData.LastRunDateTime": "‎30.‎05.‎2025 12:12"}
{"EventID": "800", "Channel": "Microsoft-Windows-TaskScheduler/Maintenance", "Provider_Name": "Microsoft-Windows-TaskScheduler", "Computer": "DESKTOP-OFJ6N53", "TimeCreated": "2025-05-30 09:13:51.517754+00:00", "RecordID": "12951", "Level": "4", "UserID": "S-1-5-18", "EventData.hc_stateid": "1", "EventData.LastRunDateTime": "‎30.‎05.‎2025 12:13"}
{"EventID": "800", "Channel": "Microsoft-Windows-TaskScheduler/Maintenance", "Provider_Name": "Microsoft-Windows-TaskScheduler", "Computer": "DESKTOP-OFJ6N53", "TimeCreated": "2025-05-30 14:42:19.382141+00:00", "RecordID": "12952", "Level": "4", "UserID": "S-1-5-18", "EventData.hc_stateid": "3", "EventData.LastRunDateTime": "‎30.‎05.‎2025 17:42"}
{"EventID": "800", "Channel": "Microsoft-Windows-TaskScheduler/Maintenance", "Provider_Name": "Microsoft-Windows-TaskScheduler", "Computer": "DESKTOP-OFJ6N53", "TimeCreated": "2025-05-30 14:42:20.136967+00:00", "RecordID": "12953", "Level": "4", "UserID": "S-1-5-18", "EventData.hc_stateid": "1", "EventData.LastRunDateTime": "‎30.‎05.‎2025 17:42"}
{"EventID": "800", "Channel": "Microsoft-Windows-TaskScheduler/Maintenance", "Provider_Name": "Microsoft-Windows-TaskScheduler", "Computer": "DESKTOP-OFJ6N53", "TimeCreated": "2025-05-30 16:42:44.022114+00:00", "RecordID": "12954", "Level": "4", "UserID": "S-1-5-18", "EventData.hc_stateid": "3", "EventData.LastRunDateTime": "‎30.‎05.‎2025 19:42"}
{"EventID": "800", "Channel": "Microsoft-Windows-TaskScheduler/Maintenance", "Provider_Name": "Microsoft-Windows-TaskScheduler", "Computer": "DESKTOP-OFJ6N53", "TimeCreated": "2025-05-30 16:44:44.191021+00:00", "RecordID": "12955", "Level": "4", "UserID": "S-1-5-18", "EventData.hc_stateid": "1", "EventData.LastRunDateTime": "‎30.‎05.‎2025 19:44"}
{"EventID": "800", "Channel": "Microsoft-Windows-TaskScheduler/Maintenance", "Provider_Name": "Microsoft-Windows-TaskScheduler", "Computer": "DESKTOP-OFJ6N53", "TimeCreated": "2025-05-30 18:42:44.114141+00:00", "RecordID": "12956", "Level": "4", "UserID": "S-1-5-18", "EventData.hc_stateid": "3", "EventData.LastRunDateTime": "‎30.‎05.‎2025 21:42"}
{"EventID": "800", "Channel": "Microsoft-Windows-TaskScheduler/Maintenance", "Provider_Name": "Microsoft-Windows-TaskScheduler", "Computer": "DESKTOP-OFJ6N53", "TimeCreated": "2025-05-30 18:42:44.142368+00:00", "RecordID": "12957", "Level": "4", "UserID": "S-1-5-18", "EventData.hc_stateid": "1", "EventData.LastRunDateTime": "‎30.‎05.‎2025 21:42"}
{"EventID": "800", "Channel": "Microsoft-Windows-TaskScheduler/Maintenance", "Provider_Name": "Microsoft-Windows-TaskScheduler", "Computer": "DESKTOP-OFJ6N53", "TimeCreated": "2025-05-31 08:42:10.467077+00:00", "RecordID": "12958", "Level": "4", "UserID": "S-1-5-18", "EventData.hc_stateid": "3", "EventData.LastRunDateTime": "‎31.‎05.‎2025 11:42"}
{"EventID": "800", "Channel": "Microsoft-Windows-TaskScheduler/Maintenance", "Provider_Name": "Microsoft-Windows-TaskScheduler", "Computer": "DESKTOP-OFJ6N53", "TimeCreated": "2025-05-31 08:42:37.530392+00:00", "RecordID": "12959", "Level": "4", "UserID": "S-1-5-18", "EventData.hc_stateid": "1", "EventData.LastRunDateTime": "‎31.‎05.‎2025 11:42"}
{"EventID": "800", "Channel": "Microsoft-Windows-TaskScheduler/Maintenance", "Provider_Name": "Microsoft-Windows-TaskScheduler", "Computer": "DESKTOP-OFJ6N53", "TimeCreated": "2025-05-31 08:42:38.539391+00:00", "RecordID": "12960", "Level": "4", "UserID": "S-1-5-18", "EventData.hc_stateid": "3", "EventData.LastRunDateTime": "‎31.‎05.‎2025 11:42"}
{"EventID": "800", "Channel": "Microsoft-Windows-TaskScheduler/Maintenance", "Provider_Name": "Microsoft-Windows-TaskScheduler", "Computer": "DESKTOP-OFJ6N53", "TimeCreated": "2025-05-31 08:43:42.499922+00:00", "RecordID": "12961", "Level": "4", "UserID": "S-1-5-18", "EventData.hc_stateid": "1", "EventData.LastRunDateTime": "‎31.‎05.‎2025 11:43"}
{"EventID": "800", "Channel": "Microsoft-Windows-TaskScheduler/Maintenance", "Provider_Name": "Microsoft-Windows-TaskScheduler", "Computer": "DESKTOP-OFJ6N53", "TimeCreated": "2025-05-31 14:42:19.382290+00:00", "RecordID": "12962", "Level": "4", "UserID": "S-1-5-18", "EventData.hc_stateid": "3", "EventData.LastRunDateTime": "‎31.‎05.‎2025 17:42"}
{"EventID": "800", "Channel": "Microsoft-Windows-TaskScheduler/Maintenance", "Provider_Name": "Microsoft-Windows-TaskScheduler", "Computer": "DESKTOP-OFJ6N53", "TimeCreated": "2025-05-31 14:42:19.441883+00:00", "RecordID": "12963", "Level": "4", "UserID": "S-1-5-18", "EventData.hc_stateid": "1", "EventData.LastRunDateTime": "‎31.‎05.‎2025 17:42"}
{"EventID": "800", "Channel": "Microsoft-Windows-TaskScheduler/Maintenance", "Provider_Name": "Microsoft-Windows-TaskScheduler", "Computer": "DESKTOP-OFJ6N53", "TimeCreated": "2025-05-31 16:42:39.323862+00:00", "RecordID": "12964", "Level": "4", "UserID": "S-1-5-18", "EventData.hc_stateid": "3", "EventData.LastRunDateTime": "‎31.‎05.‎2025 19:42"}
{"EventID": "800", "Channel": "Microsoft-Windows-TaskScheduler/Maintenance", "Provider_Name": "Microsoft-Windows-TaskScheduler", "Computer": "DESKTOP-OFJ6N53", "TimeCreated": "2025-05-31 16:43:39.490496+00:00", "RecordID": "12965", "Level": "4", "UserID": "S-1-5-18", "EventData.hc_stateid": "1", "EventData.LastRunDateTime": "‎31.‎05.‎2025 19:43"}
{"EventID": "800", "Channel": "Microsoft-Windows-TaskScheduler/Maintenance", "Provider_Name": "Microsoft-Windows-TaskScheduler", "Computer": "DESKTOP-OFJ6N53", "TimeCreated": "2025-05-31 18:42:40.462996+00:00", "RecordID": "12966", "Level": "4", "UserID": "S-1-5-18", "EventData.hc_stateid": "3", "EventData.LastRunDateTime": "‎31.‎05.‎2025 21:42"}
{"EventID": "800", "Channel": "Microsoft-Windows-TaskScheduler/Maintenance", "Provider_Name": "Microsoft-Windows-TaskScheduler", "Computer": "DESKTOP-OFJ6N53", "TimeCreated": "2025-05-31 18:42:40.483242+00:00", "RecordID": "12967", "Level": "4", "UserID": "S-1-5-18", "EventData.hc_stateid": "1", "EventData.LastRunDateTime": "‎31.‎05.‎2025 21:42"}
{"EventID": "800", "Channel": "Microsoft-Windows-TaskScheduler/Maintenance", "Provider_Name": "Microsoft-Windows-TaskScheduler", "Computer": "DESKTOP-OFJ6N53", "TimeCreated": "2025-06-01 08:30:42.404600+00:00", "RecordID": "12968", "Level": "4", "UserID": "S-1-5-18", "EventData.hc_stateid": "3", "EventData.LastRunDateTime": "‎01.‎06.‎2025 11:30"}
{"EventID": "800", "Channel": "Microsoft-Windows-TaskScheduler/Maintenance", "Provider_Name": "Microsoft-Windows-TaskScheduler", "Computer": "DESKTOP-OFJ6N53", "TimeCreated": "2025-06-01 08:30:58.357718+00:00", "RecordID": "12969", "Level": "4", "UserID": "S-1-5-18", "EventData.hc_stateid": "1", "EventData.LastRunDateTime": "‎01.‎06.‎2025 11:30"}
{"EventID": "800", "Channel": "Microsoft-Windows-TaskScheduler/Maintenance", "Provider_Name": "Microsoft-Windows-TaskScheduler", "Computer": "DESKTOP-OFJ6N53", "TimeCreated": "2025-06-01 08:31:00.858059+00:00", "RecordID": "12970", "Level": "4", "UserID": "S-1-5-18", "EventData.hc_stateid": "3", "EventData.LastRunDateTime": "‎01.‎06.‎2025 11:31"}
{"EventID": "800", "Channel": "Microsoft-Windows-TaskScheduler/Maintenance", "Provider_Name": "Microsoft-Windows-TaskScheduler", "Computer": "DESKTOP-OFJ6N53", "TimeCreated": "2025-06-01 08:31:01.202335+00:00", "RecordID": "12971", "Level": "4", "UserID": "S-1-5-18", "EventData.hc_stateid": "1", "EventData.LastRunDateTime": "‎01.‎06.‎2025 11:31"}
{"EventID": "800", "Channel": "Microsoft-Windows-TaskScheduler/Maintenance", "Provider_Name": "Microsoft-Windows-TaskScheduler", "Computer": "DESKTOP-OFJ6N53", "TimeCreated": "2025-06-01 08:31:02.219290+00:00", "RecordID": "12972", "Level": "4", "UserID": "S-1-5-18", "EventData.hc_stateid": "3", "EventData.LastRunDateTime": "‎01.‎06.‎2025 11:31"}
{"EventID": "800", "Channel": "Microsoft-Windows-TaskScheduler/Maintenance", "Provider_Name": "Microsoft-Windows-TaskScheduler", "Computer": "DESKTOP-OFJ6N53", "TimeCreated": "2025-06-01 08:31:02.273365+00:00", "RecordID": "12973", "Level": "4", "UserID": "S-1-5-18", "EventData.hc_stateid": "1", "EventData.LastRunDateTime": "‎01.‎06.‎2025 11:31"}
{"EventID": "800", "Channel": "Microsoft-Windows-TaskScheduler/Maintenance", "Provider_Name": "Microsoft-Windows-TaskScheduler", "Computer": "DESKTOP-OFJ6N53", "TimeCreated": "2025-06-01 08:31:03.295000+00:00", "RecordID": "12974", "Level": "4", "UserID": "S-1-5-18", "EventData.hc_stateid": "3", "EventData.LastRunDateTime": "‎01.‎06.‎2025 11:31"}
{"EventID": "800", "Channel": "Microsoft-Windows-TaskScheduler/Maintenance", "Provider_Name": "Microsoft-Windows-TaskScheduler", "Computer": "DESKTOP-OFJ6N53", "TimeCreated": "2025-06-01 08:31:51.405518+00:00", "RecordID": "12975", "Level": "4", "UserID": "S-1-5-18", "EventData.hc_stateid": "1", "EventData.LastRunDateTime": "‎01.‎06.‎2025 11:31"}
{"EventID": "800", "Channel": "Microsoft-Windows-TaskScheduler/Maintenance", "Provider_Name": "Microsoft-Windows-TaskScheduler", "Computer": "DESKTOP-OFJ6N53", "TimeCreated": "2025-06-01 08:38:54.917866+00:00", "RecordID": "12976", "Level": "4", "UserID": "S-1-5-18", "EventData.hc_stateid": "3", "EventData.LastRunDateTime": "‎01.‎06.‎2025 11:38"}
{"EventID": "800", "Channel": "Microsoft-Windows-TaskScheduler/Maintenance", "Provider_Name": "Microsoft-Windows-TaskScheduler", "Computer": "DESKTOP-OFJ6N53", "TimeCreated": "2025-06-01 08:39:58.588562+00:00", "RecordID": "12977", "Level": "4", "UserID": "S-1-5-18", "EventData.hc_stateid": "1", "EventData.LastRunDateTime": "‎01.‎06.‎2025 11:39"}
{"EventID": "800", "Channel": "Microsoft-Windows-TaskScheduler/Maintenance", "Provider_Name": "Microsoft-Windows-TaskScheduler", "Computer": "DESKTOP-OFJ6N53", "TimeCreated": "2025-06-01 14:42:19.368561+00:00", "RecordID": "12978", "Level": "4", "UserID": "S-1-5-18", "EventData.hc_stateid": "3", "EventData.LastRunDateTime": "‎01.‎06.‎2025 17:42"}
{"EventID": "800", "Channel": "Microsoft-Windows-TaskScheduler/Maintenance", "Provider_Name": "Microsoft-Windows-TaskScheduler", "Computer": "DESKTOP-OFJ6N53", "TimeCreated": "2025-06-01 14:42:19.430950+00:00", "RecordID": "12979", "Level": "4", "UserID": "S-1-5-18", "EventData.hc_stateid": "1", "EventData.LastRunDateTime": "‎01.‎06.‎2025 17:42"}
{"EventID": "800", "Channel": "Microsoft-Windows-TaskScheduler/Maintenance", "Provider_Name": "Microsoft-Windows-TaskScheduler", "Computer": "DESKTOP-OFJ6N53", "TimeCreated": "2025-06-01 16:42:48.787663+00:00", "RecordID": "12980", "Level": "4", "UserID": "S-1-5-18", "EventData.hc_stateid": "3", "EventData.LastRunDateTime": "‎01.‎06.‎2025 19:42"}
{"EventID": "800", "Channel": "Microsoft-Windows-TaskScheduler/Maintenance", "Provider_Name": "Microsoft-Windows-TaskScheduler", "Computer": "DESKTOP-OFJ6N53", "TimeCreated": "2025-06-01 16:44:48.986792+00:00", "RecordID": "12981", "Level": "4", "UserID": "S-1-5-18", "EventData.hc_stateid": "1", "EventData.LastRunDateTime": "‎01.‎06.‎2025 19:44"}
{"EventID": "800", "Channel": "Microsoft-Windows-TaskScheduler/Maintenance", "Provider_Name": "Microsoft-Windows-TaskScheduler", "Computer": "DESKTOP-OFJ6N53", "TimeCreated": "2025-06-01 18:42:48.852432+00:00", "RecordID": "12982", "Level": "4", "UserID": "S-1-5-18", "EventData.hc_stateid": "3", "EventData.LastRunDateTime": "‎01.‎06.‎2025 21:42"}
{"EventID": "800", "Channel": "Microsoft-Windows-TaskScheduler/Maintenance", "Provider_Name": "Microsoft-Windows-TaskScheduler", "Computer": "DESKTOP-OFJ6N53", "TimeCreated": "2025-06-01 18:42:48.877975+00:00", "RecordID": "12983", "Level": "4", "UserID": "S-1-5-18", "EventData.hc_stateid": "1", "EventData.LastRunDateTime": "‎01.‎06.‎2025 21:42"}
{"EventID": "800", "Channel": "Microsoft-Windows-TaskScheduler/Maintenance", "Provider_Name": "Microsoft-Windows-TaskScheduler", "Computer": "DESKTOP-OFJ6N53", "TimeCreated": "2025-06-02 08:42:49.337177+00:00", "RecordID": "12984", "Level": "4", "UserID": "S-1-5-18", "EventData.hc_stateid": "3", "EventData.LastRunDateTime": "‎02.‎06.‎2025 11:42"}
{"EventID": "800", "Channel": "Microsoft-Windows-TaskScheduler/Maintenance", "Provider_Name": "Microsoft-Windows-TaskScheduler", "Computer": "DESKTOP-OFJ6N53", "TimeCreated": "2025-06-02 08:43:26.901737+00:00", "RecordID": "12985", "Level": "4", "UserID": "S-1-5-18", "EventData.hc_stateid": "1", "EventData.LastRunDateTime": "‎02.‎06.‎2025 11:43"}
{"EventID": "800", "Channel": "Microsoft-Windows-TaskScheduler/Maintenance", "Provider_Name": "Microsoft-Windows-TaskScheduler", "Computer": "DESKTOP-OFJ6N53", "TimeCreated": "2025-06-02 08:43:27.933100+00:00", "RecordID": "12986", "Level": "4", "UserID": "S-1-5-18", "EventData.hc_stateid": "3", "EventData.LastRunDateTime": "‎02.‎06.‎2025 11:43"}
{"EventID": "800", "Channel": "Microsoft-Windows-TaskScheduler/Maintenance", "Provider_Name": "Microsoft-Windows-TaskScheduler", "Computer": "DESKTOP-OFJ6N53", "TimeCreated": "2025-06-02 08:43:28.248516+00:00", "RecordID": "12987", "Level": "4", "UserID": "S-1-5-18", "EventData.hc_stateid": "1", "EventData.LastRunDateTime": "‎02.‎06.‎2025 11:43"}
{"EventID": "800", "Channel": "Microsoft-Windows-TaskScheduler/Maintenance", "Provider_Name": "Microsoft-Windows-TaskScheduler", "Computer": "DESKTOP-OFJ6N53", "TimeCreated": "2025-06-02 08:43:29.264343+00:00", "RecordID": "12988", "Level": "4", "UserID": "S-1-5-18", "EventData.hc_stateid": "3", "EventData.LastRunDateTime": "‎02.‎06.‎2025 11:43"}
{"EventID": "800", "Channel": "Microsoft-Windows-TaskScheduler/Maintenance", "Provider_Name": "Microsoft-Windows-TaskScheduler", "Computer": "DESKTOP-OFJ6N53", "TimeCreated": "2025-06-02 08:44:32.650249+00:00", "RecordID": "12989", "Level": "4", "UserID": "S-1-5-18", "EventData.hc_stateid": "1", "EventData.LastRunDateTime": "‎02.‎06.‎2025 11:44"}
{"EventID": "800", "Channel": "Microsoft-Windows-TaskScheduler/Maintenance", "Provider_Name": "Microsoft-Windows-TaskScheduler", "Computer": "DESKTOP-OFJ6N53", "TimeCreated": "2025-06-02 14:42:19.379490+00:00", "RecordID": "12990", "Level": "4", "UserID": "S-1-5-18", "EventData.hc_stateid": "3", "EventData.LastRunDateTime": "‎02.‎06.‎2025 17:42"}
{"EventID": "800", "Channel": "Microsoft-Windows-TaskScheduler/Maintenance", "Provider_Name": "Microsoft-Windows-TaskScheduler", "Computer": "DESKTOP-OFJ6N53", "TimeCreated": "2025-06-02 14:42:19.444031+00:00", "RecordID": "12991", "Level": "4", "UserID": "S-1-5-18", "EventData.hc_stateid": "1", "EventData.LastRunDateTime": "‎02.‎06.‎2025 17:42"}
{"EventID": "800", "Channel": "Microsoft-Windows-TaskScheduler/Maintenance", "Provider_Name": "Microsoft-Windows-TaskScheduler", "Computer": "DESKTOP-OFJ6N53", "TimeCreated": "2025-06-02 16:42:50.829014+00:00", "RecordID": "12992", "Level": "4", "UserID": "S-1-5-18", "EventData.hc_stateid": "3", "EventData.LastRunDateTime": "‎02.‎06.‎2025 19:42"}
{"EventID": "800", "Channel": "Microsoft-Windows-TaskScheduler/Maintenance", "Provider_Name": "Microsoft-Windows-TaskScheduler", "Computer": "DESKTOP-OFJ6N53", "TimeCreated": "2025-06-02 16:44:50.994795+00:00", "RecordID": "12993", "Level": "4", "UserID": "S-1-5-18", "EventData.hc_stateid": "1", "EventData.LastRunDateTime": "‎02.‎06.‎2025 19:44"}
{"EventID": "800", "Channel": "Microsoft-Windows-TaskScheduler/Maintenance", "Provider_Name": "Microsoft-Windows-TaskScheduler", "Computer": "DESKTOP-OFJ6N53", "TimeCreated": "2025-06-02 18:42:50.905682+00:00", "RecordID": "12994", "Level": "4", "UserID": "S-1-5-18", "EventData.hc_stateid": "3", "EventData.LastRunDateTime": "‎02.‎06.‎2025 21:42"}
{"EventID": "800", "Channel": "Microsoft-Windows-TaskScheduler/Maintenance", "Provider_Name": "Microsoft-Windows-TaskScheduler", "Computer": "DESKTOP-OFJ6N53", "TimeCreated": "2025-06-02 18:42:50.932873+00:00", "RecordID": "12995", "Level": "4", "UserID": "S-1-5-18", "EventData.hc_stateid": "1", "EventData.LastRunDateTime": "‎02.‎06.‎2025 21:42"}
{"EventID": "800", "Channel": "Microsoft-Windows-TaskScheduler/Maintenance", "Provider_Name": "Microsoft-Windows-TaskScheduler", "Computer": "DESKTOP-OFJ6N53", "TimeCreated": "2025-06-03 08:42:51.262630+00:00", "RecordID": "12996", "Level": "4", "UserID": "S-1-5-18", "EventData.hc_stateid": "3", "EventData.LastRunDateTime": "‎03.‎06.‎2025 11:42"}
{"EventID": "800", "Channel": "Microsoft-Windows-TaskScheduler/Maintenance", "Provider_Name": "Microsoft-Windows-TaskScheduler", "Computer": "DESKTOP-OFJ6N53", "TimeCreated": "2025-06-03 08:43:19.263708+00:00", "RecordID": "12997", "Level": "4", "UserID": "S-1-5-18", "EventData.hc_stateid": "1", "EventData.LastRunDateTime": "‎03.‎06.‎2025 11:43"}
{"EventID": "800", "Channel": "Microsoft-Windows-TaskScheduler/Maintenance", "Provider_Name": "Microsoft-Windows-TaskScheduler", "Computer": "DESKTOP-OFJ6N53", "TimeCreated": "2025-06-03 08:43:20.275690+00:00", "RecordID": "12998", "Level": "4", "UserID": "S-1-5-18", "EventData.hc_stateid": "3", "EventData.LastRunDateTime": "‎03.‎06.‎2025 11:43"}
{"EventID": "800", "Channel": "Microsoft-Windows-TaskScheduler/Maintenance", "Provider_Name": "Microsoft-Windows-TaskScheduler", "Computer": "DESKTOP-OFJ6N53", "TimeCreated": "2025-06-03 08:44:23.494118+00:00", "RecordID": "12999", "Level": "4", "UserID": "S-1-5-18", "EventData.hc_stateid": "1", "EventData.LastRunDateTime": "‎03.‎06.‎2025 11:44"}
{"EventID": "800", "Channel": "Microsoft-Windows-TaskScheduler/Maintenance", "Provider_Name": "Microsoft-Windows-TaskScheduler", "Computer": "DESKTOP-OFJ6N53", "TimeCreated": "2025-06-03 14:42:19.370113+00:00", "RecordID": "13000", "Level": "4", "UserID": "S-1-5-18", "EventData.hc_stateid": "3", "EventData.LastRunDateTime": "‎03.‎06.‎2025 17:42"}
{"EventID": "800", "Channel": "Microsoft-Windows-TaskScheduler/Maintenance", "Provider_Name": "Microsoft-Windows-TaskScheduler", "Computer": "DESKTOP-OFJ6N53", "TimeCreated": "2025-06-03 14:42:19.418123+00:00", "RecordID": "13001", "Level": "4", "UserID": "S-1-5-18", "EventData.hc_stateid": "1", "EventData.LastRunDateTime": "‎03.‎06.‎2025 17:42"}
{"EventID": "800", "Channel": "Microsoft-Windows-TaskScheduler/Maintenance", "Provider_Name": "Microsoft-Windows-TaskScheduler", "Computer": "DESKTOP-OFJ6N53", "TimeCreated": "2025-06-03 16:42:51.622717+00:00", "RecordID": "13002", "Level": "4", "UserID": "S-1-5-18", "EventData.hc_stateid": "3", "EventData.LastRunDateTime": "‎03.‎06.‎2025 19:42"}
{"EventID": "800", "Channel": "Microsoft-Windows-TaskScheduler/Maintenance", "Provider_Name": "Microsoft-Windows-TaskScheduler", "Computer": "DESKTOP-OFJ6N53", "TimeCreated": "2025-06-03 16:44:51.777418+00:00", "RecordID": "13003", "Level": "4", "UserID": "S-1-5-18", "EventData.hc_stateid": "1", "EventData.LastRunDateTime": "‎03.‎06.‎2025 19:44"}
{"EventID": "800", "Channel": "Microsoft-Windows-TaskScheduler/Maintenance", "Provider_Name": "Microsoft-Windows-TaskScheduler", "Computer": "DESKTOP-OFJ6N53", "TimeCreated": "2025-06-03 18:42:51.715368+00:00", "RecordID": "13004", "Level": "4", "UserID": "S-1-5-18", "EventData.hc_stateid": "3", "EventData.LastRunDateTime": "‎03.‎06.‎2025 21:42"}
{"EventID": "800", "Channel": "Microsoft-Windows-TaskScheduler/Maintenance", "Provider_Name": "Microsoft-Windows-TaskScheduler", "Computer": "DESKTOP-OFJ6N53", "TimeCreated": "2025-06-03 18:42:51.739594+00:00", "RecordID": "13005", "Level": "4", "UserID": "S-1-5-18", "EventData.hc_stateid": "1", "EventData.LastRunDateTime": "‎03.‎06.‎2025 21:42"}
{"EventID": "800", "Channel": "Microsoft-Windows-TaskScheduler/Maintenance", "Provider_Name": "Microsoft-Windows-TaskScheduler", "Computer": "DESKTOP-OFJ6N53", "TimeCreated": "2025-06-04 08:42:52.066935+00:00", "RecordID": "13006", "Level": "4", "UserID": "S-1-5-18", "EventData.hc_stateid": "3", "EventData.LastRunDateTime": "‎04.‎06.‎2025 11:42"}
{"EventID": "800", "Channel": "Microsoft-Windows-TaskScheduler/Maintenance", "Provider_Name": "Microsoft-Windows-TaskScheduler", "Computer": "DESKTOP-OFJ6N53", "TimeCreated": "2025-06-04 08:43:20.103008+00:00", "RecordID": "13007", "Level": "4", "UserID": "S-1-5-18", "EventData.hc_stateid": "1", "EventData.LastRunDateTime": "‎04.‎06.‎2025 11:43"}
{"EventID": "800", "Channel": "Microsoft-Windows-TaskScheduler/Maintenance", "Provider_Name": "Microsoft-Windows-TaskScheduler", "Computer": "DESKTOP-OFJ6N53", "TimeCreated": "2025-06-04 08:43:21.113548+00:00", "RecordID": "13008", "Level": "4", "UserID": "S-1-5-18", "EventData.hc_stateid": "3", "EventData.LastRunDateTime": "‎04.‎06.‎2025 11:43"}
{"EventID": "800", "Channel": "Microsoft-Windows-TaskScheduler/Maintenance", "Provider_Name": "Microsoft-Windows-TaskScheduler", "Computer": "DESKTOP-OFJ6N53", "TimeCreated": "2025-06-04 08:44:24.754986+00:00", "RecordID": "13009", "Level": "4", "UserID": "S-1-5-18", "EventData.hc_stateid": "1", "EventData.LastRunDateTime": "‎04.‎06.‎2025 11:44"}
{"EventID": "800", "Channel": "Microsoft-Windows-TaskScheduler/Maintenance", "Provider_Name": "Microsoft-Windows-TaskScheduler", "Computer": "DESKTOP-OFJ6N53", "TimeCreated": "2025-06-04 14:42:19.381187+00:00", "RecordID": "13010", "Level": "4", "UserID": "S-1-5-18", "EventData.hc_stateid": "3", "EventData.LastRunDateTime": "‎04.‎06.‎2025 17:42"}
{"EventID": "800", "Channel": "Microsoft-Windows-TaskScheduler/Maintenance", "Provider_Name": "Microsoft-Windows-TaskScheduler", "Computer": "DESKTOP-OFJ6N53", "TimeCreated": "2025-06-04 14:42:19.433205+00:00", "RecordID": "13011", "Level": "4", "UserID": "S-1-5-18", "EventData.hc_stateid": "1", "EventData.LastRunDateTime": "‎04.‎06.‎2025 17:42"}
{"EventID": "800", "Channel": "Microsoft-Windows-TaskScheduler/Maintenance", "Provider_Name": "Microsoft-Windows-TaskScheduler", "Computer": "DESKTOP-OFJ6N53", "TimeCreated": "2025-06-04 16:17:41.907238+00:00", "RecordID": "13012", "Level": "4", "UserID": "S-1-5-18", "EventData.hc_stateid": "3", "EventData.LastRunDateTime": "‎04.‎06.‎2025 19:17"}
{"EventID": "800", "Channel": "Microsoft-Windows-TaskScheduler/Maintenance", "Provider_Name": "Microsoft-Windows-TaskScheduler", "Computer": "DESKTOP-OFJ6N53", "TimeCreated": "2025-06-04 16:18:42.559423+00:00", "RecordID": "13013", "Level": "4", "UserID": "S-1-5-18", "EventData.hc_stateid": "1", "EventData.LastRunDateTime": "‎04.‎06.‎2025 19:18"}
{"EventID": "800", "Channel": "Microsoft-Windows-TaskScheduler/Maintenance", "Provider_Name": "Microsoft-Windows-TaskScheduler", "Computer": "DESKTOP-OFJ6N53", "TimeCreated": "2025-06-04 18:42:48.674063+00:00", "RecordID": "13014", "Level": "4", "UserID": "S-1-5-18", "EventData.hc_stateid": "3", "EventData.LastRunDateTime": "‎04.‎06.‎2025 21:42"}
{"EventID": "800", "Channel": "Microsoft-Windows-TaskScheduler/Maintenance", "Provider_Name": "Microsoft-Windows-TaskScheduler", "Computer": "DESKTOP-OFJ6N53", "TimeCreated": "2025-06-04 18:42:49.067410+00:00", "RecordID": "13015", "Level": "4", "UserID": "S-1-5-18", "EventData.hc_stateid": "1", "EventData.LastRunDateTime": "‎04.‎06.‎2025 21:42"}
{"EventID": "800", "Channel": "Microsoft-Windows-TaskScheduler/Maintenance", "Provider_Name": "Microsoft-Windows-TaskScheduler", "Computer": "DESKTOP-OFJ6N53", "TimeCreated": "2025-06-05 08:42:48.655836+00:00", "RecordID": "13016", "Level": "4", "UserID": "S-1-5-18", "EventData.hc_stateid": "3", "EventData.LastRunDateTime": "‎05.‎06.‎2025 11:42"}
{"EventID": "800", "Channel": "Microsoft-Windows-TaskScheduler/Maintenance", "Provider_Name": "Microsoft-Windows-TaskScheduler", "Computer": "DESKTOP-OFJ6N53", "TimeCreated": "2025-06-05 08:43:19.902510+00:00", "RecordID": "13017", "Level": "4", "UserID": "S-1-5-18", "EventData.hc_stateid": "1", "EventData.LastRunDateTime": "‎05.‎06.‎2025 11:43"}
{"EventID": "800", "Channel": "Microsoft-Windows-TaskScheduler/Maintenance", "Provider_Name": "Microsoft-Windows-TaskScheduler", "Computer": "DESKTOP-OFJ6N53", "TimeCreated": "2025-06-05 08:43:20.926336+00:00", "RecordID": "13018", "Level": "4", "UserID": "S-1-5-18", "EventData.hc_stateid": "3", "EventData.LastRunDateTime": "‎05.‎06.‎2025 11:43"}
{"EventID": "800", "Channel": "Microsoft-Windows-TaskScheduler/Maintenance", "Provider_Name": "Microsoft-Windows-TaskScheduler", "Computer": "DESKTOP-OFJ6N53", "TimeCreated": "2025-06-05 08:43:21.242809+00:00", "RecordID": "13019", "Level": "4", "UserID": "S-1-5-18", "EventData.hc_stateid": "1", "EventData.LastRunDateTime": "‎05.‎06.‎2025 11:43"}
{"EventID": "800", "Channel": "Microsoft-Windows-TaskScheduler/Maintenance", "Provider_Name": "Microsoft-Windows-TaskScheduler", "Computer": "DESKTOP-OFJ6N53", "TimeCreated": "2025-06-05 08:43:22.264263+00:00", "RecordID": "13020", "Level": "4", "UserID": "S-1-5-18", "EventData.hc_stateid": "3", "EventData.LastRunDateTime": "‎05.‎06.‎2025 11:43"}
{"EventID": "800", "Channel": "Microsoft-Windows-TaskScheduler/Maintenance", "Provider_Name": "Microsoft-Windows-TaskScheduler", "Computer": "DESKTOP-OFJ6N53", "TimeCreated": "2025-06-05 08:44:25.770252+00:00", "RecordID": "13021", "Level": "4", "UserID": "S-1-5-18", "EventData.hc_stateid": "1", "EventData.LastRunDateTime": "‎05.‎06.‎2025 11:44"}
{"EventID": "800", "Channel": "Microsoft-Windows-TaskScheduler/Maintenance", "Provider_Name": "Microsoft-Windows-TaskScheduler", "Computer": "DESKTOP-OFJ6N53", "TimeCreated": "2025-06-05 14:42:18.723959+00:00", "RecordID": "13022", "Level": "4", "UserID": "S-1-5-18", "EventData.hc_stateid": "3", "EventData.LastRunDateTime": "‎05.‎06.‎2025 17:42"}
{"EventID": "800", "Channel": "Microsoft-Windows-TaskScheduler/Maintenance", "Provider_Name": "Microsoft-Windows-TaskScheduler", "Computer": "DESKTOP-OFJ6N53", "TimeCreated": "2025-06-05 14:42:18.792500+00:00", "RecordID": "13023", "Level": "4", "UserID": "S-1-5-18", "EventData.hc_stateid": "1", "EventData.LastRunDateTime": "‎05.‎06.‎2025 17:42"}
{"EventID": "800", "Channel": "Microsoft-Windows-TaskScheduler/Maintenance", "Provider_Name": "Microsoft-Windows-TaskScheduler", "Computer": "DESKTOP-OFJ6N53", "TimeCreated": "2025-06-05 16:42:19.845053+00:00", "RecordID": "13024", "Level": "4", "UserID": "S-1-5-18", "EventData.hc_stateid": "3", "EventData.LastRunDateTime": "‎05.‎06.‎2025 19:42"}
{"EventID": "800", "Channel": "Microsoft-Windows-TaskScheduler/Maintenance", "Provider_Name": "Microsoft-Windows-TaskScheduler", "Computer": "DESKTOP-OFJ6N53", "TimeCreated": "2025-06-05 16:44:19.966759+00:00", "RecordID": "13025", "Level": "4", "UserID": "S-1-5-18", "EventData.hc_stateid": "1", "EventData.LastRunDateTime": "‎05.‎06.‎2025 19:44"}
{"EventID": "800", "Channel": "Microsoft-Windows-TaskScheduler/Maintenance", "Provider_Name": "Microsoft-Windows-TaskScheduler", "Computer": "DESKTOP-OFJ6N53", "TimeCreated": "2025-06-05 18:42:20.812016+00:00", "RecordID": "13026", "Level": "4", "UserID": "S-1-5-18", "EventData.hc_stateid": "3", "EventData.LastRunDateTime": "‎05.‎06.‎2025 21:42"}
{"EventID": "800", "Channel": "Microsoft-Windows-TaskScheduler/Maintenance", "Provider_Name": "Microsoft-Windows-TaskScheduler", "Computer": "DESKTOP-OFJ6N53", "TimeCreated": "2025-06-05 18:42:20.833710+00:00", "RecordID": "13027", "Level": "4", "UserID": "S-1-5-18", "EventData.hc_stateid": "1", "EventData.LastRunDateTime": "‎05.‎06.‎2025 21:42"}
{"EventID": "800", "Channel": "Microsoft-Windows-TaskScheduler/Maintenance", "Provider_Name": "Microsoft-Windows-TaskScheduler", "Computer": "DESKTOP-OFJ6N53", "TimeCreated": "2025-06-06 08:42:29.062469+00:00", "RecordID": "13028", "Level": "4", "UserID": "S-1-5-18", "EventData.hc_stateid": "3", "EventData.LastRunDateTime": "‎06.‎06.‎2025 11:42"}
{"EventID": "800", "Channel": "Microsoft-Windows-TaskScheduler/Maintenance", "Provider_Name": "Microsoft-Windows-TaskScheduler", "Computer": "DESKTOP-OFJ6N53", "TimeCreated": "2025-06-06 08:42:43.110489+00:00", "RecordID": "13029", "Level": "4", "UserID": "S-1-5-18", "EventData.hc_stateid": "1", "EventData.LastRunDateTime": "‎06.‎06.‎2025 11:42"}
{"EventID": "800", "Channel": "Microsoft-Windows-TaskScheduler/Maintenance", "Provider_Name": "Microsoft-Windows-TaskScheduler", "Computer": "DESKTOP-OFJ6N53", "TimeCreated": "2025-06-06 08:42:44.123837+00:00", "RecordID": "13030", "Level": "4", "UserID": "S-1-5-18", "EventData.hc_stateid": "3", "EventData.LastRunDateTime": "‎06.‎06.‎2025 11:42"}
{"EventID": "800", "Channel": "Microsoft-Windows-TaskScheduler/Maintenance", "Provider_Name": "Microsoft-Windows-TaskScheduler", "Computer": "DESKTOP-OFJ6N53", "TimeCreated": "2025-06-06 08:43:49.048132+00:00", "RecordID": "13031", "Level": "4", "UserID": "S-1-5-18", "EventData.hc_stateid": "1", "EventData.LastRunDateTime": "‎06.‎06.‎2025 11:43"}
{"EventID": "800", "Channel": "Microsoft-Windows-TaskScheduler/Maintenance", "Provider_Name": "Microsoft-Windows-TaskScheduler", "Computer": "DESKTOP-OFJ6N53", "TimeCreated": "2025-06-06 14:42:19.374859+00:00", "RecordID": "13032", "Level": "4", "UserID": "S-1-5-18", "EventData.hc_stateid": "3", "EventData.LastRunDateTime": "‎06.‎06.‎2025 17:42"}
{"EventID": "800", "Channel": "Microsoft-Windows-TaskScheduler/Maintenance", "Provider_Name": "Microsoft-Windows-TaskScheduler", "Computer": "DESKTOP-OFJ6N53", "TimeCreated": "2025-06-06 14:42:20.081676+00:00", "RecordID": "13033", "Level": "4", "UserID": "S-1-5-18", "EventData.hc_stateid": "1", "EventData.LastRunDateTime": "‎06.‎06.‎2025 17:42"}
{"EventID": "800", "Channel": "Microsoft-Windows-TaskScheduler/Maintenance", "Provider_Name": "Microsoft-Windows-TaskScheduler", "Computer": "DESKTOP-OFJ6N53", "TimeCreated": "2025-06-06 16:00:29.491011+00:00", "RecordID": "13034", "Level": "4", "UserID": "S-1-5-18", "EventData.hc_stateid": "3", "EventData.LastRunDateTime": "‎06.‎06.‎2025 19:00"}
{"EventID": "800", "Channel": "Microsoft-Windows-TaskScheduler/Maintenance", "Provider_Name": "Microsoft-Windows-TaskScheduler", "Computer": "DESKTOP-OFJ6N53", "TimeCreated": "2025-06-06 16:02:53.074352+00:00", "RecordID": "13035", "Level": "4", "UserID": "S-1-5-18", "EventData.hc_stateid": "1", "EventData.LastRunDateTime": "‎06.‎06.‎2025 19:02"}
{"EventID": "800", "Channel": "Microsoft-Windows-TaskScheduler/Maintenance", "Provider_Name": "Microsoft-Windows-TaskScheduler", "Computer": "DESKTOP-OFJ6N53", "TimeCreated": "2025-06-06 18:42:55.757404+00:00", "RecordID": "13036", "Level": "4", "UserID": "S-1-5-18", "EventData.hc_stateid": "3", "EventData.LastRunDateTime": "‎06.‎06.‎2025 21:42"}
{"EventID": "800", "Channel": "Microsoft-Windows-TaskScheduler/Maintenance", "Provider_Name": "Microsoft-Windows-TaskScheduler", "Computer": "DESKTOP-OFJ6N53", "TimeCreated": "2025-06-06 18:42:55.779362+00:00", "RecordID": "13037", "Level": "4", "UserID": "S-1-5-18", "EventData.hc_stateid": "1", "EventData.LastRunDateTime": "‎06.‎06.‎2025 21:42"}
{"EventID": "800", "Channel": "Microsoft-Windows-TaskScheduler/Maintenance", "Provider_Name": "Microsoft-Windows-TaskScheduler", "Computer": "DESKTOP-OFJ6N53", "TimeCreated": "2025-06-07 08:42:23.211111+00:00", "RecordID": "13038", "Level": "4", "UserID": "S-1-5-18", "EventData.hc_stateid": "3", "EventData.LastRunDateTime": "‎07.‎06.‎2025 11:42"}
{"EventID": "800", "Channel": "Microsoft-Windows-TaskScheduler/Maintenance", "Provider_Name": "Microsoft-Windows-TaskScheduler", "Computer": "DESKTOP-OFJ6N53", "TimeCreated": "2025-06-07 08:42:44.238379+00:00", "RecordID": "13039", "Level": "4", "UserID": "S-1-5-18", "EventData.hc_stateid": "1", "EventData.LastRunDateTime": "‎07.‎06.‎2025 11:42"}
{"EventID": "800", "Channel": "Microsoft-Windows-TaskScheduler/Maintenance", "Provider_Name": "Microsoft-Windows-TaskScheduler", "Computer": "DESKTOP-OFJ6N53", "TimeCreated": "2025-06-07 08:42:45.364735+00:00", "RecordID": "13040", "Level": "4", "UserID": "S-1-5-18", "EventData.hc_stateid": "3", "EventData.LastRunDateTime": "‎07.‎06.‎2025 11:42"}
{"EventID": "800", "Channel": "Microsoft-Windows-TaskScheduler/Maintenance", "Provider_Name": "Microsoft-Windows-TaskScheduler", "Computer": "DESKTOP-OFJ6N53", "TimeCreated": "2025-06-07 08:43:48.461014+00:00", "RecordID": "13041", "Level": "4", "UserID": "S-1-5-18", "EventData.hc_stateid": "1", "EventData.LastRunDateTime": "‎07.‎06.‎2025 11:43"}
{"EventID": "800", "Channel": "Microsoft-Windows-TaskScheduler/Maintenance", "Provider_Name": "Microsoft-Windows-TaskScheduler", "Computer": "DESKTOP-OFJ6N53", "TimeCreated": "2025-06-07 14:42:19.371008+00:00", "RecordID": "13042", "Level": "4", "UserID": "S-1-5-18", "EventData.hc_stateid": "3", "EventData.LastRunDateTime": "‎07.‎06.‎2025 17:42"}
{"EventID": "800", "Channel": "Microsoft-Windows-TaskScheduler/Maintenance", "Provider_Name": "Microsoft-Windows-TaskScheduler", "Computer": "DESKTOP-OFJ6N53", "TimeCreated": "2025-06-07 14:42:19.426006+00:00", "RecordID": "13043", "Level": "4", "UserID": "S-1-5-18", "EventData.hc_stateid": "1", "EventData.LastRunDateTime": "‎07.‎06.‎2025 17:42"}
{"EventID": "800", "Channel": "Microsoft-Windows-TaskScheduler/Maintenance", "Provider_Name": "Microsoft-Windows-TaskScheduler", "Computer": "DESKTOP-OFJ6N53", "TimeCreated": "2025-06-07 16:42:24.054199+00:00", "RecordID": "13044", "Level": "4", "UserID": "S-1-5-18", "EventData.hc_stateid": "3", "EventData.LastRunDateTime": "‎07.‎06.‎2025 19:42"}
{"EventID": "800", "Channel": "Microsoft-Windows-TaskScheduler/Maintenance", "Provider_Name": "Microsoft-Windows-TaskScheduler", "Computer": "DESKTOP-OFJ6N53", "TimeCreated": "2025-06-07 16:48:24.289900+00:00", "RecordID": "13045", "Level": "4", "UserID": "S-1-5-18", "EventData.hc_stateid": "1", "EventData.LastRunDateTime": "‎07.‎06.‎2025 19:48"}
{"EventID": "800", "Channel": "Microsoft-Windows-TaskScheduler/Maintenance", "Provider_Name": "Microsoft-Windows-TaskScheduler", "Computer": "DESKTOP-OFJ6N53", "TimeCreated": "2025-06-07 18:42:25.116335+00:00", "RecordID": "13046", "Level": "4", "UserID": "S-1-5-18", "EventData.hc_stateid": "3", "EventData.LastRunDateTime": "‎07.‎06.‎2025 21:42"}
{"EventID": "800", "Channel": "Microsoft-Windows-TaskScheduler/Maintenance", "Provider_Name": "Microsoft-Windows-TaskScheduler", "Computer": "DESKTOP-OFJ6N53", "TimeCreated": "2025-06-07 18:42:25.141132+00:00", "RecordID": "13047", "Level": "4", "UserID": "S-1-5-18", "EventData.hc_stateid": "1", "EventData.LastRunDateTime": "‎07.‎06.‎2025 21:42"}
{"EventID": "800", "Channel": "Microsoft-Windows-TaskScheduler/Maintenance", "Provider_Name": "Microsoft-Windows-TaskScheduler", "Computer": "DESKTOP-OFJ6N53", "TimeCreated": "2025-06-08 08:42:32.510740+00:00", "RecordID": "13048", "Level": "4", "UserID": "S-1-5-18", "EventData.hc_stateid": "3", "EventData.LastRunDateTime": "‎08.‎06.‎2025 11:42"}
{"EventID": "800", "Channel": "Microsoft-Windows-TaskScheduler/Maintenance", "Provider_Name": "Microsoft-Windows-TaskScheduler", "Computer": "DESKTOP-OFJ6N53", "TimeCreated": "2025-06-08 08:42:33.162045+00:00", "RecordID": "13049", "Level": "4", "UserID": "S-1-5-18", "EventData.hc_stateid": "1", "EventData.LastRunDateTime": "‎08.‎06.‎2025 11:42"}
{"EventID": "800", "Channel": "Microsoft-Windows-TaskScheduler/Maintenance", "Provider_Name": "Microsoft-Windows-TaskScheduler", "Computer": "DESKTOP-OFJ6N53", "TimeCreated": "2025-06-08 08:42:34.169226+00:00", "RecordID": "13050", "Level": "4", "UserID": "S-1-5-18", "EventData.hc_stateid": "3", "EventData.LastRunDateTime": "‎08.‎06.‎2025 11:42"}
{"EventID": "800", "Channel": "Microsoft-Windows-TaskScheduler/Maintenance", "Provider_Name": "Microsoft-Windows-TaskScheduler", "Computer": "DESKTOP-OFJ6N53", "TimeCreated": "2025-06-08 08:42:34.557796+00:00", "RecordID": "13051", "Level": "4", "UserID": "S-1-5-18", "EventData.hc_stateid": "1", "EventData.LastRunDateTime": "‎08.‎06.‎2025 11:42"}
{"EventID": "800", "Channel": "Microsoft-Windows-TaskScheduler/Maintenance", "Provider_Name": "Microsoft-Windows-TaskScheduler", "Computer": "DESKTOP-OFJ6N53", "TimeCreated": "2025-06-08 08:42:35.574989+00:00", "RecordID": "13052", "Level": "4", "UserID": "S-1-5-18", "EventData.hc_stateid": "3", "EventData.LastRunDateTime": "‎08.‎06.‎2025 11:42"}
{"EventID": "800", "Channel": "Microsoft-Windows-TaskScheduler/Maintenance", "Provider_Name": "Microsoft-Windows-TaskScheduler", "Computer": "DESKTOP-OFJ6N53", "TimeCreated": "2025-06-08 08:42:51.951679+00:00", "RecordID": "13053", "Level": "4", "UserID": "S-1-5-18", "EventData.hc_stateid": "1", "EventData.LastRunDateTime": "‎08.‎06.‎2025 11:42"}
{"EventID": "800", "Channel": "Microsoft-Windows-TaskScheduler/Maintenance", "Provider_Name": "Microsoft-Windows-TaskScheduler", "Computer": "DESKTOP-OFJ6N53", "TimeCreated": "2025-06-08 08:42:52.971609+00:00", "RecordID": "13054", "Level": "4", "UserID": "S-1-5-18", "EventData.hc_stateid": "3", "EventData.LastRunDateTime": "‎08.‎06.‎2025 11:42"}
{"EventID": "800", "Channel": "Microsoft-Windows-TaskScheduler/Maintenance", "Provider_Name": "Microsoft-Windows-TaskScheduler", "Computer": "DESKTOP-OFJ6N53", "TimeCreated": "2025-06-08 08:42:53.247778+00:00", "RecordID": "13055", "Level": "4", "UserID": "S-1-5-18", "EventData.hc_stateid": "1", "EventData.LastRunDateTime": "‎08.‎06.‎2025 11:42"}
{"EventID": "800", "Channel": "Microsoft-Windows-TaskScheduler/Maintenance", "Provider_Name": "Microsoft-Windows-TaskScheduler", "Computer": "DESKTOP-OFJ6N53", "TimeCreated": "2025-06-08 08:42:54.262730+00:00", "RecordID": "13056", "Level": "4", "UserID": "S-1-5-18", "EventData.hc_stateid": "3", "EventData.LastRunDateTime": "‎08.‎06.‎2025 11:42"}
{"EventID": "800", "Channel": "Microsoft-Windows-TaskScheduler/Maintenance", "Provider_Name": "Microsoft-Windows-TaskScheduler", "Computer": "DESKTOP-OFJ6N53", "TimeCreated": "2025-06-08 08:42:54.311848+00:00", "RecordID": "13057", "Level": "4", "UserID": "S-1-5-18", "EventData.hc_stateid": "1", "EventData.LastRunDateTime": "‎08.‎06.‎2025 11:42"}
{"EventID": "800", "Channel": "Microsoft-Windows-TaskScheduler/Maintenance", "Provider_Name": "Microsoft-Windows-TaskScheduler", "Computer": "DESKTOP-OFJ6N53", "TimeCreated": "2025-06-08 08:42:55.324461+00:00", "RecordID": "13058", "Level": "4", "UserID": "S-1-5-18", "EventData.hc_stateid": "3", "EventData.LastRunDateTime": "‎08.‎06.‎2025 11:42"}
{"EventID": "800", "Channel": "Microsoft-Windows-TaskScheduler/Maintenance", "Provider_Name": "Microsoft-Windows-TaskScheduler", "Computer": "DESKTOP-OFJ6N53", "TimeCreated": "2025-06-08 08:43:58.511686+00:00", "RecordID": "13059", "Level": "4", "UserID": "S-1-5-18", "EventData.hc_stateid": "1", "EventData.LastRunDateTime": "‎08.‎06.‎2025 11:43"}
{"EventID": "800", "Channel": "Microsoft-Windows-TaskScheduler/Maintenance", "Provider_Name": "Microsoft-Windows-TaskScheduler", "Computer": "DESKTOP-OFJ6N53", "TimeCreated": "2025-06-08 08:43:59.527887+00:00", "RecordID": "13060", "Level": "4", "UserID": "S-1-5-18", "EventData.hc_stateid": "3", "EventData.LastRunDateTime": "‎08.‎06.‎2025 11:43"}
{"EventID": "800", "Channel": "Microsoft-Windows-TaskScheduler/Maintenance", "Provider_Name": "Microsoft-Windows-TaskScheduler", "Computer": "DESKTOP-OFJ6N53", "TimeCreated": "2025-06-08 08:44:00.087406+00:00", "RecordID": "13061", "Level": "4", "UserID": "S-1-5-18", "EventData.hc_stateid": "1", "EventData.LastRunDateTime": "‎08.‎06.‎2025 11:44"}
{"EventID": "800", "Channel": "Microsoft-Windows-TaskScheduler/Maintenance", "Provider_Name": "Microsoft-Windows-TaskScheduler", "Computer": "DESKTOP-OFJ6N53", "TimeCreated": "2025-06-08 14:42:19.382101+00:00", "RecordID": "13062", "Level": "4", "UserID": "S-1-5-18", "EventData.hc_stateid": "3", "EventData.LastRunDateTime": "‎08.‎06.‎2025 17:42"}
{"EventID": "800", "Channel": "Microsoft-Windows-TaskScheduler/Maintenance", "Provider_Name": "Microsoft-Windows-TaskScheduler", "Computer": "DESKTOP-OFJ6N53", "TimeCreated": "2025-06-08 14:42:19.430923+00:00", "RecordID": "13063", "Level": "4", "UserID": "S-1-5-18", "EventData.hc_stateid": "1", "EventData.LastRunDateTime": "‎08.‎06.‎2025 17:42"}
{"EventID": "800", "Channel": "Microsoft-Windows-TaskScheduler/Maintenance", "Provider_Name": "Microsoft-Windows-TaskScheduler", "Computer": "DESKTOP-OFJ6N53", "TimeCreated": "2025-06-08 16:42:57.374622+00:00", "RecordID": "13064", "Level": "4", "UserID": "S-1-5-18", "EventData.hc_stateid": "3", "EventData.LastRunDateTime": "‎08.‎06.‎2025 19:42"}
{"EventID": "800", "Channel": "Microsoft-Windows-TaskScheduler/Maintenance", "Provider_Name": "Microsoft-Windows-TaskScheduler", "Computer": "DESKTOP-OFJ6N53", "TimeCreated": "2025-06-08 16:43:57.996824+00:00", "RecordID": "13065", "Level": "4", "UserID": "S-1-5-18", "EventData.hc_stateid": "1", "EventData.LastRunDateTime": "‎08.‎06.‎2025 19:43"}
{"EventID": "800", "Channel": "Microsoft-Windows-TaskScheduler/Maintenance", "Provider_Name": "Microsoft-Windows-TaskScheduler", "Computer": "DESKTOP-OFJ6N53", "TimeCreated": "2025-06-08 18:42:57.452446+00:00", "RecordID": "13066", "Level": "4", "UserID": "S-1-5-18", "EventData.hc_stateid": "3", "EventData.LastRunDateTime": "‎08.‎06.‎2025 21:42"}
{"EventID": "800", "Channel": "Microsoft-Windows-TaskScheduler/Maintenance", "Provider_Name": "Microsoft-Windows-TaskScheduler", "Computer": "DESKTOP-OFJ6N53", "TimeCreated": "2025-06-08 18:42:57.468107+00:00", "RecordID": "13067", "Level": "4", "UserID": "S-1-5-18", "EventData.hc_stateid": "1", "EventData.LastRunDateTime": "‎08.‎06.‎2025 21:42"}
{"EventID": "800", "Channel": "Microsoft-Windows-TaskScheduler/Maintenance", "Provider_Name": "Microsoft-Windows-TaskScheduler", "Computer": "DESKTOP-OFJ6N53", "TimeCreated": "2025-06-09 08:42:12.530420+00:00", "RecordID": "13068", "Level": "4", "UserID": "S-1-5-18", "EventData.hc_stateid": "3", "EventData.LastRunDateTime": "‎09.‎06.‎2025 11:42"}
{"EventID": "800", "Channel": "Microsoft-Windows-TaskScheduler/Maintenance", "Provider_Name": "Microsoft-Windows-TaskScheduler", "Computer": "DESKTOP-OFJ6N53", "TimeCreated": "2025-06-09 08:42:31.750687+00:00", "RecordID": "13069", "Level": "4", "UserID": "S-1-5-18", "EventData.hc_stateid": "1", "EventData.LastRunDateTime": "‎09.‎06.‎2025 11:42"}
{"EventID": "800", "Channel": "Microsoft-Windows-TaskScheduler/Maintenance", "Provider_Name": "Microsoft-Windows-TaskScheduler", "Computer": "DESKTOP-OFJ6N53", "TimeCreated": "2025-06-09 08:42:32.764435+00:00", "RecordID": "13070", "Level": "4", "UserID": "S-1-5-18", "EventData.hc_stateid": "3", "EventData.LastRunDateTime": "‎09.‎06.‎2025 11:42"}
{"EventID": "800", "Channel": "Microsoft-Windows-TaskScheduler/Maintenance", "Provider_Name": "Microsoft-Windows-TaskScheduler", "Computer": "DESKTOP-OFJ6N53", "TimeCreated": "2025-06-09 08:43:35.374336+00:00", "RecordID": "13071", "Level": "4", "UserID": "S-1-5-18", "EventData.hc_stateid": "1", "EventData.LastRunDateTime": "‎09.‎06.‎2025 11:43"}
{"EventID": "800", "Channel": "Microsoft-Windows-TaskScheduler/Maintenance", "Provider_Name": "Microsoft-Windows-TaskScheduler", "Computer": "DESKTOP-OFJ6N53", "TimeCreated": "2025-06-09 14:42:13.485575+00:00", "RecordID": "13072", "Level": "4", "UserID": "S-1-5-18", "EventData.hc_stateid": "3", "EventData.LastRunDateTime": "‎09.‎06.‎2025 17:42"}
{"EventID": "800", "Channel": "Microsoft-Windows-TaskScheduler/Maintenance", "Provider_Name": "Microsoft-Windows-TaskScheduler", "Computer": "DESKTOP-OFJ6N53", "TimeCreated": "2025-06-09 14:42:13.546999+00:00", "RecordID": "13073", "Level": "4", "UserID": "S-1-5-18", "EventData.hc_stateid": "1", "EventData.LastRunDateTime": "‎09.‎06.‎2025 17:42"}
{"EventID": "800", "Channel": "Microsoft-Windows-TaskScheduler/Maintenance", "Provider_Name": "Microsoft-Windows-TaskScheduler", "Computer": "DESKTOP-OFJ6N53", "TimeCreated": "2025-06-09 16:42:14.594187+00:00", "RecordID": "13074", "Level": "4", "UserID": "S-1-5-18", "EventData.hc_stateid": "3", "EventData.LastRunDateTime": "‎09.‎06.‎2025 19:42"}
{"EventID": "800", "Channel": "Microsoft-Windows-TaskScheduler/Maintenance", "Provider_Name": "Microsoft-Windows-TaskScheduler", "Computer": "DESKTOP-OFJ6N53", "TimeCreated": "2025-06-09 16:44:14.748480+00:00", "RecordID": "13075", "Level": "4", "UserID": "S-1-5-18", "EventData.hc_stateid": "1", "EventData.LastRunDateTime": "‎09.‎06.‎2025 19:44"}
{"EventID": "800", "Channel": "Microsoft-Windows-TaskScheduler/Maintenance", "Provider_Name": "Microsoft-Windows-TaskScheduler", "Computer": "DESKTOP-OFJ6N53", "TimeCreated": "2025-06-09 18:42:15.734472+00:00", "RecordID": "13076", "Level": "4", "UserID": "S-1-5-18", "EventData.hc_stateid": "3", "EventData.LastRunDateTime": "‎09.‎06.‎2025 21:42"}
{"EventID": "800", "Channel": "Microsoft-Windows-TaskScheduler/Maintenance", "Provider_Name": "Microsoft-Windows-TaskScheduler", "Computer": "DESKTOP-OFJ6N53", "TimeCreated": "2025-06-09 18:42:15.759411+00:00", "RecordID": "13077", "Level": "4", "UserID": "S-1-5-18", "EventData.hc_stateid": "1", "EventData.LastRunDateTime": "‎09.‎06.‎2025 21:42"}
{"EventID": "800", "Channel": "Microsoft-Windows-TaskScheduler/Maintenance", "Provider_Name": "Microsoft-Windows-TaskScheduler", "Computer": "DESKTOP-OFJ6N53", "TimeCreated": "2025-06-10 08:42:58.734879+00:00", "RecordID": "13078", "Level": "4", "UserID": "S-1-5-18", "EventData.hc_stateid": "3", "EventData.LastRunDateTime": "‎10.‎06.‎2025 11:42"}
{"EventID": "800", "Channel": "Microsoft-Windows-TaskScheduler/Maintenance", "Provider_Name": "Microsoft-Windows-TaskScheduler", "Computer": "DESKTOP-OFJ6N53", "TimeCreated": "2025-06-10 08:43:39.460571+00:00", "RecordID": "13079", "Level": "4", "UserID": "S-1-5-18", "EventData.hc_stateid": "1", "EventData.LastRunDateTime": "‎10.‎06.‎2025 11:43"}
{"EventID": "800", "Channel": "Microsoft-Windows-TaskScheduler/Maintenance", "Provider_Name": "Microsoft-Windows-TaskScheduler", "Computer": "DESKTOP-OFJ6N53", "TimeCreated": "2025-06-10 08:43:40.475237+00:00", "RecordID": "13080", "Level": "4", "UserID": "S-1-5-18", "EventData.hc_stateid": "3", "EventData.LastRunDateTime": "‎10.‎06.‎2025 11:43"}
{"EventID": "800", "Channel": "Microsoft-Windows-TaskScheduler/Maintenance", "Provider_Name": "Microsoft-Windows-TaskScheduler", "Computer": "DESKTOP-OFJ6N53", "TimeCreated": "2025-06-10 08:44:43.984619+00:00", "RecordID": "13081", "Level": "4", "UserID": "S-1-5-18", "EventData.hc_stateid": "1", "EventData.LastRunDateTime": "‎10.‎06.‎2025 11:44"}
{"EventID": "800", "Channel": "Microsoft-Windows-TaskScheduler/Maintenance", "Provider_Name": "Microsoft-Windows-TaskScheduler", "Computer": "DESKTOP-OFJ6N53", "TimeCreated": "2025-06-10 14:42:19.375677+00:00", "RecordID": "13082", "Level": "4", "UserID": "S-1-5-18", "EventData.hc_stateid": "3", "EventData.LastRunDateTime": "‎10.‎06.‎2025 17:42"}
{"EventID": "800", "Channel": "Microsoft-Windows-TaskScheduler/Maintenance", "Provider_Name": "Microsoft-Windows-TaskScheduler", "Computer": "DESKTOP-OFJ6N53", "TimeCreated": "2025-06-10 14:42:19.429203+00:00", "RecordID": "13083", "Level": "4", "UserID": "S-1-5-18", "EventData.hc_stateid": "1", "EventData.LastRunDateTime": "‎10.‎06.‎2025 17:42"}
{"EventID": "800", "Channel": "Microsoft-Windows-TaskScheduler/Maintenance", "Provider_Name": "Microsoft-Windows-TaskScheduler", "Computer": "DESKTOP-OFJ6N53", "TimeCreated": "2025-06-10 16:42:42.070698+00:00", "RecordID": "13084", "Level": "4", "UserID": "S-1-5-18", "EventData.hc_stateid": "3", "EventData.LastRunDateTime": "‎10.‎06.‎2025 19:42"}
