{"EventID": "24", "Channel": "Microsoft-Windows-TerminalServices-LocalSessionManager/Operational", "Provider_Name": "Microsoft-Windows-TerminalServices-LocalSessionManager", "Computer": "DESKTOP-OFJ6N53", "TimeCreated": "2025-08-19 09:37:17.544945+00:00", "RecordID": "8003", "Level": "4", "UserID": "S-1-5-18"}
{"EventID": "40", "Channel": "Microsoft-Windows-TerminalServices-LocalSessionManager/Operational", "Provider_Name": "Microsoft-Windows-TerminalServices-LocalSessionManager", "Computer": "DESKTOP-OFJ6N53", "TimeCreated": "2025-08-19 09:37:56.499372+00:00", "RecordID": "8004", "Level": "4", "UserID": "S-1-5-18"}
{"EventID": "25", "Channel": "Microsoft-Windows-TerminalServices-LocalSessionManager/Operational", "Provider_Name": "Microsoft-Windows-TerminalServices-LocalSessionManager", "Computer": "DESKTOP-OFJ6N53", "TimeCreated": "2025-08-19 09:37:57.573109+00:00", "RecordID": "8005", "Level": "4", "UserID": "S-1-5-18"}
{"EventID": "40", "Channel": "Microsoft-Windows-TerminalServices-LocalSessionManager/Operational", "Provider_Name": "Microsoft-Windows-TerminalServices-LocalSessionManager", "Computer": "DESKTOP-OFJ6N53", "TimeCreated": "2025-08-19 10:17:36.529135+00:00", "RecordID": "8006", "Level": "4", "UserID": "S-1-5-18"}
{"EventID": "24", "Channel": "Microsoft-Windows-TerminalServices-LocalSessionManager/Operational", "Provider_Name": "Microsoft-Windows-TerminalServices-LocalSessionManager", "Computer": "DESKTOP-OFJ6N53", "TimeCreated": "2025-08-19 10:17:39.233114+00:00", "RecordID": "8007", "Level": "4", "UserID": "S-1-5-18"}
{"EventID": "40", "Channel": "Microsoft-Windows-TerminalServices-LocalSessionManager/Operational", "Provider_Name": "Microsoft-Windows-TerminalServices-LocalSessionManager", "Computer": "DESKTOP-OFJ6N53", "TimeCreated": "2025-08-19 10:25:34.478661+00:00", "RecordID": "8008", "Level": "4", "UserID": "S-1-5-18"}
{"EventID": "25", "Channel": "Microsoft-Windows-TerminalServices-LocalSessionManager/Operational", "Provider_Name": "Microsoft-Windows-TerminalServices-LocalSessionManager", "Computer": "DESKTOP-OFJ6N53", "TimeCreated": "2025-08-19 10:25:35.430227+00:00", "RecordID": "8009", "Level": "4", "UserID": "S-1-5-18"}
{"EventID": "40", "Channel": "Microsoft-Windows-TerminalServices-LocalSessionManager/Operational", "Provider_Name": "Microsoft-Windows-TerminalServices-LocalSessionManager", "Computer": "DESKTOP-OFJ6N53", "TimeCreated": "2025-08-19 10:25:39.961466+00:00", "RecordID": "8010", "Level": "4", "UserID": "S-1-5-18"}
{"EventID": "24", "Channel": "Microsoft-Windows-TerminalServices-LocalSessionManager/Operational", "Provider_Name": "Microsoft-Windows-TerminalServices-LocalSessionManager", "Computer": "DESKTOP-OFJ6N53", "TimeCreated": "2025-08-19 10:25:42.256254+00:00", "RecordID": "8011", "Level": "4", "UserID": "S-1-5-18"}
{"EventID": "40", "Channel": "Microsoft-Windows-TerminalServices-LocalSessionManager/Operational", "Provider_Name": "Microsoft-Windows-TerminalServices-LocalSessionManager", "Computer": "DESKTOP-OFJ6N53", "TimeCreated": "2025-08-19 10:28:47.606678+00:00", "RecordID": "8012", "Level": "4", "UserID": "S-1-5-18"}
{"EventID": "25", "Channel": "Microsoft-Windows-TerminalServices-LocalSessionManager/Operational", "Provider_Name": "Microsoft-Windows-TerminalServices-LocalSessionManager", "Computer": "DESKTOP-OFJ6N53", "TimeCreated": "2025-08-19 10:28:48.416115+00:00", "RecordID": "8013", "Level": "4", "UserID": "S-1-5-18"}
{"EventID": "40", "Channel": "Microsoft-Windows-TerminalServices-LocalSessionManager/Operational", "Provider_Name": "Microsoft-Windows-TerminalServices-LocalSessionManager", "Computer": "DESKTOP-OFJ6N53", "TimeCreated": "2025-08-19 14:25:50.511221+00:00", "RecordID": "8014", "Level": "4", "UserID": "S-1-5-18"}
{"EventID": "24", "Channel": "Microsoft-Windows-TerminalServices-LocalSessionManager/Operational", "Provider_Name": "Microsoft-Windows-TerminalServices-LocalSessionManager", "Computer": "DESKTOP-OFJ6N53", "TimeCreated": "2025-08-19 14:25:51.902880+00:00", "RecordID": "8015", "Level": "4", "UserID": "S-1-5-18"}
{"EventID": "40", "Channel": "Microsoft-Windows-TerminalServices-LocalSessionManager/Operational", "Provider_Name": "Microsoft-Windows-TerminalServices-LocalSessionManager", "Computer": "DESKTOP-OFJ6N53", "TimeCreated": "2025-08-20 07:02:03.178293+00:00", "RecordID": "8016", "Level": "4", "UserID": "S-1-5-18"}
{"EventID": "25", "Channel": "Microsoft-Windows-TerminalServices-LocalSessionManager/Operational", "Provider_Name": "Microsoft-Windows-TerminalServices-LocalSessionManager", "Computer": "DESKTOP-OFJ6N53", "TimeCreated": "2025-08-20 07:02:04.678083+00:00", "RecordID": "8017", "Level": "4", "UserID": "S-1-5-18"}
{"EventID": "40", "Channel": "Microsoft-Windows-TerminalServices-LocalSessionManager/Operational", "Provider_Name": "Microsoft-Windows-TerminalServices-LocalSessionManager", "Computer": "DESKTOP-OFJ6N53", "TimeCreated": "2025-08-20 11:34:14.220085+00:00", "RecordID": "8018", "Level": "4", "UserID": "S-1-5-18"}
{"EventID": "24", "Channel": "Microsoft-Windows-TerminalServices-LocalSessionManager/Operational", "Provider_Name": "Microsoft-Windows-TerminalServices-LocalSessionManager", "Computer": "DESKTOP-OFJ6N53", "TimeCreated": "2025-08-20 11:34:16.946943+00:00", "RecordID": "8019", "Level": "4", "UserID": "S-1-5-18"}
{"EventID": "40", "Channel": "Microsoft-Windows-TerminalServices-LocalSessionManager/Operational", "Provider_Name": "Microsoft-Windows-TerminalServices-LocalSessionManager", "Computer": "DESKTOP-OFJ6N53", "TimeCreated": "2025-08-20 11:44:07.329788+00:00", "RecordID": "8020", "Level": "4", "UserID": "S-1-5-18"}
{"EventID": "25", "Channel": "Microsoft-Windows-TerminalServices-LocalSessionManager/Operational", "Provider_Name": "Microsoft-Windows-TerminalServices-LocalSessionManager", "Computer": "DESKTOP-OFJ6N53", "TimeCreated": "2025-08-20 11:44:08.557041+00:00", "RecordID": "8021", "Level": "4", "UserID": "S-1-5-18"}
{"EventID": "40", "Channel": "Microsoft-Windows-TerminalServices-LocalSessionManager/Operational", "Provider_Name": "Microsoft-Windows-TerminalServices-LocalSessionManager", "Computer": "DESKTOP-OFJ6N53", "TimeCreated": "2025-08-20 15:10:49.452967+00:00", "RecordID": "8022", "Level": "4", "UserID": "S-1-5-18"}
{"EventID": "24", "Channel": "Microsoft-Windows-TerminalServices-LocalSessionManager/Operational", "Provider_Name": "Microsoft-Windows-TerminalServices-LocalSessionManager", "Computer": "DESKTOP-OFJ6N53", "TimeCreated": "2025-08-20 15:10:50.785318+00:00", "RecordID": "8023", "Level": "4", "UserID": "S-1-5-18"}
{"EventID": "40", "Channel": "Microsoft-Windows-TerminalServices-LocalSessionManager/Operational", "Provider_Name": "Microsoft-Windows-TerminalServices-LocalSessionManager", "Computer": "DESKTOP-OFJ6N53", "TimeCreated": "2025-08-20 15:31:33.468397+00:00", "RecordID": "8024", "Level": "4", "UserID": "S-1-5-18"}
{"EventID": "25", "Channel": "Microsoft-Windows-TerminalServices-LocalSessionManager/Operational", "Provider_Name": "Microsoft-Windows-TerminalServices-LocalSessionManager", "Computer": "DESKTOP-OFJ6N53", "TimeCreated": "2025-08-20 15:31:34.206768+00:00", "RecordID": "8025", "Level": "4", "UserID": "S-1-5-18"}
{"EventID": "40", "Channel": "Microsoft-Windows-TerminalServices-LocalSessionManager/Operational", "Provider_Name": "Microsoft-Windows-TerminalServices-LocalSessionManager", "Computer": "DESKTOP-OFJ6N53", "TimeCreated": "2025-08-20 15:31:50.292578+00:00", "RecordID": "8026", "Level": "4", "UserID": "S-1-5-18"}
{"EventID": "24", "Channel": "Microsoft-Windows-TerminalServices-LocalSessionManager/Operational", "Provider_Name": "Microsoft-Windows-TerminalServices-LocalSessionManager", "Computer": "DESKTOP-OFJ6N53", "TimeCreated": "2025-08-20 15:31:51.409883+00:00", "RecordID": "8027", "Level": "4", "UserID": "S-1-5-18"}
{"EventID": "40", "Channel": "Microsoft-Windows-TerminalServices-LocalSessionManager/Operational", "Provider_Name": "Microsoft-Windows-TerminalServices-LocalSessionManager", "Computer": "DESKTOP-OFJ6N53", "TimeCreated": "2025-08-20 16:02:49.340223+00:00", "RecordID": "8028", "Level": "4", "UserID": "S-1-5-18"}
{"EventID": "25", "Channel": "Microsoft-Windows-TerminalServices-LocalSessionManager/Operational", "Provider_Name": "Microsoft-Windows-TerminalServices-LocalSessionManager", "Computer": "DESKTOP-OFJ6N53", "TimeCreated": "2025-08-20 16:02:50.052462+00:00", "RecordID": "8029", "Level": "4", "UserID": "S-1-5-18"}
{"EventID": "40", "Channel": "Microsoft-Windows-TerminalServices-LocalSessionManager/Operational", "Provider_Name": "Microsoft-Windows-TerminalServices-LocalSessionManager", "Computer": "DESKTOP-OFJ6N53", "TimeCreated": "2025-08-20 16:13:14.595993+00:00", "RecordID": "8030", "Level": "4", "UserID": "S-1-5-18"}
{"EventID": "40", "Channel": "Microsoft-Windows-TerminalServices-LocalSessionManager/Operational", "Provider_Name": "Microsoft-Windows-TerminalServices-LocalSessionManager", "Computer": "DESKTOP-OFJ6N53", "TimeCreated": "2025-08-20 16:13:17.137665+00:00", "RecordID": "8031", "Level": "4", "UserID": "S-1-5-18"}
{"EventID": "24", "Channel": "Microsoft-Windows-TerminalServices-LocalSessionManager/Operational", "Provider_Name": "Microsoft-Windows-TerminalServices-LocalSessionManager", "Computer": "DESKTOP-OFJ6N53", "TimeCreated": "2025-08-20 16:13:20.585104+00:00", "RecordID": "8032", "Level": "4", "UserID": "S-1-5-18"}
{"EventID": "40", "Channel": "Microsoft-Windows-TerminalServices-LocalSessionManager/Operational", "Provider_Name": "Microsoft-Windows-TerminalServices-LocalSessionManager", "Computer": "DESKTOP-OFJ6N53", "TimeCreated": "2025-08-20 16:13:40.925499+00:00", "RecordID": "8033", "Level": "4", "UserID": "S-1-5-18"}
{"EventID": "36", "Channel": "Microsoft-Windows-TerminalServices-LocalSessionManager/Operational", "Provider_Name": "Microsoft-Windows-TerminalServices-LocalSessionManager", "Computer": "DESKTOP-OFJ6N53", "TimeCreated": "2025-08-20 16:13:40.925652+00:00", "RecordID": "8034", "Level": "2", "UserID": "S-1-5-18", "EventData.SessionId": "1", "EventData.State": "4", "EventData.StateName": "DisconnectedLoggedOn", "EventData.Event": "3", "EventData.EventName": "EvConnected", "EventData.ErrorCode": "0x80004005"}
{"EventID": "36", "Channel": "Microsoft-Windows-TerminalServices-LocalSessionManager/Operational", "Provider_Name": "Microsoft-Windows-TerminalServices-LocalSessionManager", "Computer": "DESKTOP-OFJ6N53", "TimeCreated": "2025-08-20 16:13:41.229855+00:00", "RecordID": "8035", "Level": "2", "UserID": "S-1-5-18", "EventData.SessionId": "3", "EventData.State": "8", "EventData.StateName": "CsrConnected", "EventData.Event": "2", "EventData.EventName": "EvCsrInitialized", "EventData.ErrorCode": "0x800708ca"}
{"EventID": "40", "Channel": "Microsoft-Windows-TerminalServices-LocalSessionManager/Operational", "Provider_Name": "Microsoft-Windows-TerminalServices-LocalSessionManager", "Computer": "DESKTOP-OFJ6N53", "TimeCreated": "2025-08-20 16:13:41.389957+00:00", "RecordID": "8036", "Level": "4", "UserID": "S-1-5-18"}
{"EventID": "40", "Channel": "Microsoft-Windows-TerminalServices-LocalSessionManager/Operational", "Provider_Name": "Microsoft-Windows-TerminalServices-LocalSessionManager", "Computer": "DESKTOP-OFJ6N53", "TimeCreated": "2025-08-20 16:34:53.638498+00:00", "RecordID": "8037", "Level": "4", "UserID": "S-1-5-18"}
{"EventID": "25", "Channel": "Microsoft-Windows-TerminalServices-LocalSessionManager/Operational", "Provider_Name": "Microsoft-Windows-TerminalServices-LocalSessionManager", "Computer": "DESKTOP-OFJ6N53", "TimeCreated": "2025-08-20 16:34:54.737232+00:00", "RecordID": "8038", "Level": "4", "UserID": "S-1-5-18"}
{"EventID": "40", "Channel": "Microsoft-Windows-TerminalServices-LocalSessionManager/Operational", "Provider_Name": "Microsoft-Windows-TerminalServices-LocalSessionManager", "Computer": "DESKTOP-OFJ6N53", "TimeCreated": "2025-08-20 16:35:13.734138+00:00", "RecordID": "8039", "Level": "4", "UserID": "S-1-5-18"}
{"EventID": "24", "Channel": "Microsoft-Windows-TerminalServices-LocalSessionManager/Operational", "Provider_Name": "Microsoft-Windows-TerminalServices-LocalSessionManager", "Computer": "DESKTOP-OFJ6N53", "TimeCreated": "2025-08-20 16:35:19.790920+00:00", "RecordID": "8040", "Level": "4", "UserID": "S-1-5-18"}
{"EventID": "40", "Channel": "Microsoft-Windows-TerminalServices-LocalSessionManager/Operational", "Provider_Name": "Microsoft-Windows-TerminalServices-LocalSessionManager", "Computer": "DESKTOP-OFJ6N53", "TimeCreated": "2025-08-21 07:47:00.833382+00:00", "RecordID": "8041", "Level": "4", "UserID": "S-1-5-18"}
{"EventID": "25", "Channel": "Microsoft-Windows-TerminalServices-LocalSessionManager/Operational", "Provider_Name": "Microsoft-Windows-TerminalServices-LocalSessionManager", "Computer": "DESKTOP-OFJ6N53", "TimeCreated": "2025-08-21 07:47:01.604393+00:00", "RecordID": "8042", "Level": "4", "UserID": "S-1-5-18"}
{"EventID": "40", "Channel": "Microsoft-Windows-TerminalServices-LocalSessionManager/Operational", "Provider_Name": "Microsoft-Windows-TerminalServices-LocalSessionManager", "Computer": "DESKTOP-OFJ6N53", "TimeCreated": "2025-08-21 08:13:11.080845+00:00", "RecordID": "8043", "Level": "4", "UserID": "S-1-5-18"}
{"EventID": "24", "Channel": "Microsoft-Windows-TerminalServices-LocalSessionManager/Operational", "Provider_Name": "Microsoft-Windows-TerminalServices-LocalSessionManager", "Computer": "DESKTOP-OFJ6N53", "TimeCreated": "2025-08-21 08:13:13.013311+00:00", "RecordID": "8044", "Level": "4", "UserID": "S-1-5-18"}
{"EventID": "40", "Channel": "Microsoft-Windows-TerminalServices-LocalSessionManager/Operational", "Provider_Name": "Microsoft-Windows-TerminalServices-LocalSessionManager", "Computer": "DESKTOP-OFJ6N53", "TimeCreated": "2025-08-21 08:39:45.943680+00:00", "RecordID": "8045", "Level": "4", "UserID": "S-1-5-18"}
{"EventID": "25", "Channel": "Microsoft-Windows-TerminalServices-LocalSessionManager/Operational", "Provider_Name": "Microsoft-Windows-TerminalServices-LocalSessionManager", "Computer": "DESKTOP-OFJ6N53", "TimeCreated": "2025-08-21 08:39:47.057829+00:00", "RecordID": "8046", "Level": "4", "UserID": "S-1-5-18"}
{"EventID": "40", "Channel": "Microsoft-Windows-TerminalServices-LocalSessionManager/Operational", "Provider_Name": "Microsoft-Windows-TerminalServices-LocalSessionManager", "Computer": "DESKTOP-OFJ6N53", "TimeCreated": "2025-08-21 10:03:27.258339+00:00", "RecordID": "8047", "Level": "4", "UserID": "S-1-5-18"}
{"EventID": "24", "Channel": "Microsoft-Windows-TerminalServices-LocalSessionManager/Operational", "Provider_Name": "Microsoft-Windows-TerminalServices-LocalSessionManager", "Computer": "DESKTOP-OFJ6N53", "TimeCreated": "2025-08-21 10:03:28.462988+00:00", "RecordID": "8048", "Level": "4", "UserID": "S-1-5-18"}
{"EventID": "40", "Channel": "Microsoft-Windows-TerminalServices-LocalSessionManager/Operational", "Provider_Name": "Microsoft-Windows-TerminalServices-LocalSessionManager", "Computer": "DESKTOP-OFJ6N53", "TimeCreated": "2025-08-21 10:10:32.440138+00:00", "RecordID": "8049", "Level": "4", "UserID": "S-1-5-18"}
{"EventID": "25", "Channel": "Microsoft-Windows-TerminalServices-LocalSessionManager/Operational", "Provider_Name": "Microsoft-Windows-TerminalServices-LocalSessionManager", "Computer": "DESKTOP-OFJ6N53", "TimeCreated": "2025-08-21 10:10:32.927597+00:00", "RecordID": "8050", "Level": "4", "UserID": "S-1-5-18"}
{"EventID": "40", "Channel": "Microsoft-Windows-TerminalServices-LocalSessionManager/Operational", "Provider_Name": "Microsoft-Windows-TerminalServices-LocalSessionManager", "Computer": "DESKTOP-OFJ6N53", "TimeCreated": "2025-08-21 10:38:03.727451+00:00", "RecordID": "8051", "Level": "4", "UserID": "S-1-5-18"}
{"EventID": "24", "Channel": "Microsoft-Windows-TerminalServices-LocalSessionManager/Operational", "Provider_Name": "Microsoft-Windows-TerminalServices-LocalSessionManager", "Computer": "DESKTOP-OFJ6N53", "TimeCreated": "2025-08-21 10:38:04.847065+00:00", "RecordID": "8052", "Level": "4", "UserID": "S-1-5-18"}
{"EventID": "40", "Channel": "Microsoft-Windows-TerminalServices-LocalSessionManager/Operational", "Provider_Name": "Microsoft-Windows-TerminalServices-LocalSessionManager", "Computer": "DESKTOP-OFJ6N53", "TimeCreated": "2025-08-21 10:38:41.005981+00:00", "RecordID": "8053", "Level": "4", "UserID": "S-1-5-18"}
{"EventID": "25", "Channel": "Microsoft-Windows-TerminalServices-LocalSessionManager/Operational", "Provider_Name": "Microsoft-Windows-TerminalServices-LocalSessionManager", "Computer": "DESKTOP-OFJ6N53", "TimeCreated": "2025-08-21 10:38:41.442471+00:00", "RecordID": "8054", "Level": "4", "UserID": "S-1-5-18"}
{"EventID": "40", "Channel": "Microsoft-Windows-TerminalServices-LocalSessionManager/Operational", "Provider_Name": "Microsoft-Windows-TerminalServices-LocalSessionManager", "Computer": "DESKTOP-OFJ6N53", "TimeCreated": "2025-08-21 10:41:24.120911+00:00", "RecordID": "8055", "Level": "4", "UserID": "S-1-5-18"}
{"EventID": "24", "Channel": "Microsoft-Windows-TerminalServices-LocalSessionManager/Operational", "Provider_Name": "Microsoft-Windows-TerminalServices-LocalSessionManager", "Computer": "DESKTOP-OFJ6N53", "TimeCreated": "2025-08-21 10:41:26.221771+00:00", "RecordID": "8056", "Level": "4", "UserID": "S-1-5-18"}
{"EventID": "40", "Channel": "Microsoft-Windows-TerminalServices-LocalSessionManager/Operational", "Provider_Name": "Microsoft-Windows-TerminalServices-LocalSessionManager", "Computer": "DESKTOP-OFJ6N53", "TimeCreated": "2025-08-21 10:42:39.410418+00:00", "RecordID": "8057", "Level": "4", "UserID": "S-1-5-18"}
{"EventID": "25", "Channel": "Microsoft-Windows-TerminalServices-LocalSessionManager/Operational", "Provider_Name": "Microsoft-Windows-TerminalServices-LocalSessionManager", "Computer": "DESKTOP-OFJ6N53", "TimeCreated": "2025-08-21 10:42:40.038849+00:00", "RecordID": "8058", "Level": "4", "UserID": "S-1-5-18"}
{"EventID": "40", "Channel": "Microsoft-Windows-TerminalServices-LocalSessionManager/Operational", "Provider_Name": "Microsoft-Windows-TerminalServices-LocalSessionManager", "Computer": "DESKTOP-OFJ6N53", "TimeCreated": "2025-08-21 10:45:29.336887+00:00", "RecordID": "8059", "Level": "4", "UserID": "S-1-5-18"}
{"EventID": "24", "Channel": "Microsoft-Windows-TerminalServices-LocalSessionManager/Operational", "Provider_Name": "Microsoft-Windows-TerminalServices-LocalSessionManager", "Computer": "DESKTOP-OFJ6N53", "TimeCreated": "2025-08-21 10:45:31.276114+00:00", "RecordID": "8060", "Level": "4", "UserID": "S-1-5-18"}
{"EventID": "40", "Channel": "Microsoft-Windows-TerminalServices-LocalSessionManager/Operational", "Provider_Name": "Microsoft-Windows-TerminalServices-LocalSessionManager", "Computer": "DESKTOP-OFJ6N53", "TimeCreated": "2025-08-21 10:46:49.807358+00:00", "RecordID": "8061", "Level": "4", "UserID": "S-1-5-18"}
{"EventID": "25", "Channel": "Microsoft-Windows-TerminalServices-LocalSessionManager/Operational", "Provider_Name": "Microsoft-Windows-TerminalServices-LocalSessionManager", "Computer": "DESKTOP-OFJ6N53", "TimeCreated": "2025-08-21 10:46:51.038780+00:00", "RecordID": "8062", "Level": "4", "UserID": "S-1-5-18"}
{"EventID": "40", "Channel": "Microsoft-Windows-TerminalServices-LocalSessionManager/Operational", "Provider_Name": "Microsoft-Windows-TerminalServices-LocalSessionManager", "Computer": "DESKTOP-OFJ6N53", "TimeCreated": "2025-08-21 11:01:39.725647+00:00", "RecordID": "8063", "Level": "4", "UserID": "S-1-5-18"}
{"EventID": "24", "Channel": "Microsoft-Windows-TerminalServices-LocalSessionManager/Operational", "Provider_Name": "Microsoft-Windows-TerminalServices-LocalSessionManager", "Computer": "DESKTOP-OFJ6N53", "TimeCreated": "2025-08-21 11:01:41.621878+00:00", "RecordID": "8064", "Level": "4", "UserID": "S-1-5-18"}
{"EventID": "40", "Channel": "Microsoft-Windows-TerminalServices-LocalSessionManager/Operational", "Provider_Name": "Microsoft-Windows-TerminalServices-LocalSessionManager", "Computer": "DESKTOP-OFJ6N53", "TimeCreated": "2025-08-21 11:07:03.427605+00:00", "RecordID": "8065", "Level": "4", "UserID": "S-1-5-18"}
{"EventID": "25", "Channel": "Microsoft-Windows-TerminalServices-LocalSessionManager/Operational", "Provider_Name": "Microsoft-Windows-TerminalServices-LocalSessionManager", "Computer": "DESKTOP-OFJ6N53", "TimeCreated": "2025-08-21 11:07:05.380051+00:00", "RecordID": "8066", "Level": "4", "UserID": "S-1-5-18"}
{"EventID": "40", "Channel": "Microsoft-Windows-TerminalServices-LocalSessionManager/Operational", "Provider_Name": "Microsoft-Windows-TerminalServices-LocalSessionManager", "Computer": "DESKTOP-OFJ6N53", "TimeCreated": "2025-08-21 11:18:19.851820+00:00", "RecordID": "8067", "Level": "4", "UserID": "S-1-5-18"}
{"EventID": "24", "Channel": "Microsoft-Windows-TerminalServices-LocalSessionManager/Operational", "Provider_Name": "Microsoft-Windows-TerminalServices-LocalSessionManager", "Computer": "DESKTOP-OFJ6N53", "TimeCreated": "2025-08-21 11:18:21.149597+00:00", "RecordID": "8068", "Level": "4", "UserID": "S-1-5-18"}
{"EventID": "40", "Channel": "Microsoft-Windows-TerminalServices-LocalSessionManager/Operational", "Provider_Name": "Microsoft-Windows-TerminalServices-LocalSessionManager", "Computer": "DESKTOP-OFJ6N53", "TimeCreated": "2025-08-21 11:26:39.990265+00:00", "RecordID": "8069", "Level": "4", "UserID": "S-1-5-18"}
{"EventID": "25", "Channel": "Microsoft-Windows-TerminalServices-LocalSessionManager/Operational", "Provider_Name": "Microsoft-Windows-TerminalServices-LocalSessionManager", "Computer": "DESKTOP-OFJ6N53", "TimeCreated": "2025-08-21 11:26:41.359602+00:00", "RecordID": "8070", "Level": "4", "UserID": "S-1-5-18"}
{"EventID": "40", "Channel": "Microsoft-Windows-TerminalServices-LocalSessionManager/Operational", "Provider_Name": "Microsoft-Windows-TerminalServices-LocalSessionManager", "Computer": "DESKTOP-OFJ6N53", "TimeCreated": "2025-08-21 12:08:46.989822+00:00", "RecordID": "8071", "Level": "4", "UserID": "S-1-5-18"}
{"EventID": "24", "Channel": "Microsoft-Windows-TerminalServices-LocalSessionManager/Operational", "Provider_Name": "Microsoft-Windows-TerminalServices-LocalSessionManager", "Computer": "DESKTOP-OFJ6N53", "TimeCreated": "2025-08-21 12:08:49.785967+00:00", "RecordID": "8072", "Level": "4", "UserID": "S-1-5-18"}
{"EventID": "40", "Channel": "Microsoft-Windows-TerminalServices-LocalSessionManager/Operational", "Provider_Name": "Microsoft-Windows-TerminalServices-LocalSessionManager", "Computer": "DESKTOP-OFJ6N53", "TimeCreated": "2025-08-21 12:09:18.947254+00:00", "RecordID": "8073", "Level": "4", "UserID": "S-1-5-18"}
{"EventID": "25", "Channel": "Microsoft-Windows-TerminalServices-LocalSessionManager/Operational", "Provider_Name": "Microsoft-Windows-TerminalServices-LocalSessionManager", "Computer": "DESKTOP-OFJ6N53", "TimeCreated": "2025-08-21 12:09:20.343843+00:00", "RecordID": "8074", "Level": "4", "UserID": "S-1-5-18"}
{"EventID": "40", "Channel": "Microsoft-Windows-TerminalServices-LocalSessionManager/Operational", "Provider_Name": "Microsoft-Windows-TerminalServices-LocalSessionManager", "Computer": "DESKTOP-OFJ6N53", "TimeCreated": "2025-08-21 12:10:17.845032+00:00", "RecordID": "8075", "Level": "4", "UserID": "S-1-5-18"}
{"EventID": "24", "Channel": "Microsoft-Windows-TerminalServices-LocalSessionManager/Operational", "Provider_Name": "Microsoft-Windows-TerminalServices-LocalSessionManager", "Computer": "DESKTOP-OFJ6N53", "TimeCreated": "2025-08-21 12:10:20.428907+00:00", "RecordID": "8076", "Level": "4", "UserID": "S-1-5-18"}
{"EventID": "40", "Channel": "Microsoft-Windows-TerminalServices-LocalSessionManager/Operational", "Provider_Name": "Microsoft-Windows-TerminalServices-LocalSessionManager", "Computer": "DESKTOP-OFJ6N53", "TimeCreated": "2025-08-21 12:23:28.741383+00:00", "RecordID": "8077", "Level": "4", "UserID": "S-1-5-18"}
{"EventID": "25", "Channel": "Microsoft-Windows-TerminalServices-LocalSessionManager/Operational", "Provider_Name": "Microsoft-Windows-TerminalServices-LocalSessionManager", "Computer": "DESKTOP-OFJ6N53", "TimeCreated": "2025-08-21 12:23:30.721657+00:00", "RecordID": "8078", "Level": "4", "UserID": "S-1-5-18"}
{"EventID": "40", "Channel": "Microsoft-Windows-TerminalServices-LocalSessionManager/Operational", "Provider_Name": "Microsoft-Windows-TerminalServices-LocalSessionManager", "Computer": "DESKTOP-OFJ6N53", "TimeCreated": "2025-08-21 13:11:52.835371+00:00", "RecordID": "8079", "Level": "4", "UserID": "S-1-5-18"}
{"EventID": "24", "Channel": "Microsoft-Windows-TerminalServices-LocalSessionManager/Operational", "Provider_Name": "Microsoft-Windows-TerminalServices-LocalSessionManager", "Computer": "DESKTOP-OFJ6N53", "TimeCreated": "2025-08-21 13:11:54.140593+00:00", "RecordID": "8080", "Level": "4", "UserID": "S-1-5-18"}
{"EventID": "40", "Channel": "Microsoft-Windows-TerminalServices-LocalSessionManager/Operational", "Provider_Name": "Microsoft-Windows-TerminalServices-LocalSessionManager", "Computer": "DESKTOP-OFJ6N53", "TimeCreated": "2025-08-21 13:26:16.746248+00:00", "RecordID": "8081", "Level": "4", "UserID": "S-1-5-18"}
{"EventID": "25", "Channel": "Microsoft-Windows-TerminalServices-LocalSessionManager/Operational", "Provider_Name": "Microsoft-Windows-TerminalServices-LocalSessionManager", "Computer": "DESKTOP-OFJ6N53", "TimeCreated": "2025-08-21 13:26:18.040304+00:00", "RecordID": "8082", "Level": "4", "UserID": "S-1-5-18"}
{"EventID": "40", "Channel": "Microsoft-Windows-TerminalServices-LocalSessionManager/Operational", "Provider_Name": "Microsoft-Windows-TerminalServices-LocalSessionManager", "Computer": "DESKTOP-OFJ6N53", "TimeCreated": "2025-08-21 14:25:51.945099+00:00", "RecordID": "8083", "Level": "4", "UserID": "S-1-5-18"}
{"EventID": "24", "Channel": "Microsoft-Windows-TerminalServices-LocalSessionManager/Operational", "Provider_Name": "Microsoft-Windows-TerminalServices-LocalSessionManager", "Computer": "DESKTOP-OFJ6N53", "TimeCreated": "2025-08-21 14:25:54.136717+00:00", "RecordID": "8084", "Level": "4", "UserID": "S-1-5-18"}
{"EventID": "40", "Channel": "Microsoft-Windows-TerminalServices-LocalSessionManager/Operational", "Provider_Name": "Microsoft-Windows-TerminalServices-LocalSessionManager", "Computer": "DESKTOP-OFJ6N53", "TimeCreated": "2025-08-21 14:44:10.912529+00:00", "RecordID": "8085", "Level": "4", "UserID": "S-1-5-18"}
{"EventID": "25", "Channel": "Microsoft-Windows-TerminalServices-LocalSessionManager/Operational", "Provider_Name": "Microsoft-Windows-TerminalServices-LocalSessionManager", "Computer": "DESKTOP-OFJ6N53", "TimeCreated": "2025-08-21 14:44:12.924294+00:00", "RecordID": "8086", "Level": "4", "UserID": "S-1-5-18"}
{"EventID": "40", "Channel": "Microsoft-Windows-TerminalServices-LocalSessionManager/Operational", "Provider_Name": "Microsoft-Windows-TerminalServices-LocalSessionManager", "Computer": "DESKTOP-OFJ6N53", "TimeCreated": "2025-08-21 15:30:19.240068+00:00", "RecordID": "8087", "Level": "4", "UserID": "S-1-5-18"}
{"EventID": "24", "Channel": "Microsoft-Windows-TerminalServices-LocalSessionManager/Operational", "Provider_Name": "Microsoft-Windows-TerminalServices-LocalSessionManager", "Computer": "DESKTOP-OFJ6N53", "TimeCreated": "2025-08-21 15:30:21.484941+00:00", "RecordID": "8088", "Level": "4", "UserID": "S-1-5-18"}
{"EventID": "40", "Channel": "Microsoft-Windows-TerminalServices-LocalSessionManager/Operational", "Provider_Name": "Microsoft-Windows-TerminalServices-LocalSessionManager", "Computer": "DESKTOP-OFJ6N53", "TimeCreated": "2025-08-22 06:09:13.096624+00:00", "RecordID": "8089", "Level": "4", "UserID": "S-1-5-18"}
{"EventID": "25", "Channel": "Microsoft-Windows-TerminalServices-LocalSessionManager/Operational", "Provider_Name": "Microsoft-Windows-TerminalServices-LocalSessionManager", "Computer": "DESKTOP-OFJ6N53", "TimeCreated": "2025-08-22 06:09:15.489098+00:00", "RecordID": "8090", "Level": "4", "UserID": "S-1-5-18"}
{"EventID": "40", "Channel": "Microsoft-Windows-TerminalServices-LocalSessionManager/Operational", "Provider_Name": "Microsoft-Windows-TerminalServices-LocalSessionManager", "Computer": "DESKTOP-OFJ6N53", "TimeCreated": "2025-08-22 06:12:28.920319+00:00", "RecordID": "8091", "Level": "4", "UserID": "S-1-5-18"}
{"EventID": "24", "Channel": "Microsoft-Windows-TerminalServices-LocalSessionManager/Operational", "Provider_Name": "Microsoft-Windows-TerminalServices-LocalSessionManager", "Computer": "DESKTOP-OFJ6N53", "TimeCreated": "2025-08-22 06:12:31.790455+00:00", "RecordID": "8092", "Level": "4", "UserID": "S-1-5-18"}
{"EventID": "40", "Channel": "Microsoft-Windows-TerminalServices-LocalSessionManager/Operational", "Provider_Name": "Microsoft-Windows-TerminalServices-LocalSessionManager", "Computer": "DESKTOP-OFJ6N53", "TimeCreated": "2025-08-22 06:29:25.092400+00:00", "RecordID": "8093", "Level": "4", "UserID": "S-1-5-18"}
{"EventID": "25", "Channel": "Microsoft-Windows-TerminalServices-LocalSessionManager/Operational", "Provider_Name": "Microsoft-Windows-TerminalServices-LocalSessionManager", "Computer": "DESKTOP-OFJ6N53", "TimeCreated": "2025-08-22 06:29:25.764477+00:00", "RecordID": "8094", "Level": "4", "UserID": "S-1-5-18"}
{"EventID": "40", "Channel": "Microsoft-Windows-TerminalServices-LocalSessionManager/Operational", "Provider_Name": "Microsoft-Windows-TerminalServices-LocalSessionManager", "Computer": "DESKTOP-OFJ6N53", "TimeCreated": "2025-08-22 06:31:37.885809+00:00", "RecordID": "8095", "Level": "4", "UserID": "S-1-5-18"}
{"EventID": "24", "Channel": "Microsoft-Windows-TerminalServices-LocalSessionManager/Operational", "Provider_Name": "Microsoft-Windows-TerminalServices-LocalSessionManager", "Computer": "DESKTOP-OFJ6N53", "TimeCreated": "2025-08-22 06:31:43.139378+00:00", "RecordID": "8096", "Level": "4", "UserID": "S-1-5-18"}
{"EventID": "40", "Channel": "Microsoft-Windows-TerminalServices-LocalSessionManager/Operational", "Provider_Name": "Microsoft-Windows-TerminalServices-LocalSessionManager", "Computer": "DESKTOP-OFJ6N53", "TimeCreated": "2025-08-22 08:17:53.543600+00:00", "RecordID": "8097", "Level": "4", "UserID": "S-1-5-18"}
{"EventID": "25", "Channel": "Microsoft-Windows-TerminalServices-LocalSessionManager/Operational", "Provider_Name": "Microsoft-Windows-TerminalServices-LocalSessionManager", "Computer": "DESKTOP-OFJ6N53", "TimeCreated": "2025-08-22 08:17:54.787916+00:00", "RecordID": "8098", "Level": "4", "UserID": "S-1-5-18"}
{"EventID": "40", "Channel": "Microsoft-Windows-TerminalServices-LocalSessionManager/Operational", "Provider_Name": "Microsoft-Windows-TerminalServices-LocalSessionManager", "Computer": "DESKTOP-OFJ6N53", "TimeCreated": "2025-08-22 08:23:56.417667+00:00", "RecordID": "8099", "Level": "4", "UserID": "S-1-5-18"}
{"EventID": "24", "Channel": "Microsoft-Windows-TerminalServices-LocalSessionManager/Operational", "Provider_Name": "Microsoft-Windows-TerminalServices-LocalSessionManager", "Computer": "DESKTOP-OFJ6N53", "TimeCreated": "2025-08-22 08:23:58.851866+00:00", "RecordID": "8100", "Level": "4", "UserID": "S-1-5-18"}
{"EventID": "40", "Channel": "Microsoft-Windows-TerminalServices-LocalSessionManager/Operational", "Provider_Name": "Microsoft-Windows-TerminalServices-LocalSessionManager", "Computer": "DESKTOP-OFJ6N53", "TimeCreated": "2025-08-22 08:24:09.715546+00:00", "RecordID": "8101", "Level": "4", "UserID": "S-1-5-18"}
{"EventID": "25", "Channel": "Microsoft-Windows-TerminalServices-LocalSessionManager/Operational", "Provider_Name": "Microsoft-Windows-TerminalServices-LocalSessionManager", "Computer": "DESKTOP-OFJ6N53", "TimeCreated": "2025-08-22 08:24:14.548145+00:00", "RecordID": "8102", "Level": "4", "UserID": "S-1-5-18"}
{"EventID": "40", "Channel": "Microsoft-Windows-TerminalServices-LocalSessionManager/Operational", "Provider_Name": "Microsoft-Windows-TerminalServices-LocalSessionManager", "Computer": "DESKTOP-OFJ6N53", "TimeCreated": "2025-08-22 12:31:40.570696+00:00", "RecordID": "8103", "Level": "4", "UserID": "S-1-5-18"}
{"EventID": "24", "Channel": "Microsoft-Windows-TerminalServices-LocalSessionManager/Operational", "Provider_Name": "Microsoft-Windows-TerminalServices-LocalSessionManager", "Computer": "DESKTOP-OFJ6N53", "TimeCreated": "2025-08-22 12:31:42.911650+00:00", "RecordID": "8104", "Level": "4", "UserID": "S-1-5-18"}
{"EventID": "40", "Channel": "Microsoft-Windows-TerminalServices-LocalSessionManager/Operational", "Provider_Name": "Microsoft-Windows-TerminalServices-LocalSessionManager", "Computer": "DESKTOP-OFJ6N53", "TimeCreated": "2025-08-22 12:53:18.669582+00:00", "RecordID": "8105", "Level": "4", "UserID": "S-1-5-18"}
{"EventID": "25", "Channel": "Microsoft-Windows-TerminalServices-LocalSessionManager/Operational", "Provider_Name": "Microsoft-Windows-TerminalServices-LocalSessionManager", "Computer": "DESKTOP-OFJ6N53", "TimeCreated": "2025-08-22 12:53:20.213703+00:00", "RecordID": "8106", "Level": "4", "UserID": "S-1-5-18"}
{"EventID": "23", "Channel": "Microsoft-Windows-TerminalServices-LocalSessionManager/Operational", "Provider_Name": "Microsoft-Windows-TerminalServices-LocalSessionManager", "Computer": "DESKTOP-OFJ6N53", "TimeCreated": "2025-08-22 12:56:59.008362+00:00", "RecordID": "8107", "Level": "4", "UserID": "S-1-5-18"}
{"EventID": "54", "Channel": "Microsoft-Windows-TerminalServices-LocalSessionManager/Operational", "Provider_Name": "Microsoft-Windows-TerminalServices-LocalSessionManager", "Computer": "DESKTOP-OFJ6N53", "TimeCreated": "2025-08-22 12:56:59.242249+00:00", "RecordID": "8108", "Level": "4", "UserID": "S-1-5-18"}
{"EventID": "40", "Channel": "Microsoft-Windows-TerminalServices-LocalSessionManager/Operational", "Provider_Name": "Microsoft-Windows-TerminalServices-LocalSessionManager", "Computer": "DESKTOP-OFJ6N53", "TimeCreated": "2025-08-22 12:56:59.866638+00:00", "RecordID": "8109", "Level": "4", "UserID": "S-1-5-18"}
{"EventID": "24", "Channel": "Microsoft-Windows-TerminalServices-LocalSessionManager/Operational", "Provider_Name": "Microsoft-Windows-TerminalServices-LocalSessionManager", "Computer": "DESKTOP-OFJ6N53", "TimeCreated": "2025-08-22 12:57:00.128113+00:00", "RecordID": "8110", "Level": "4", "UserID": "S-1-5-18"}
{"EventID": "32", "Channel": "Microsoft-Windows-TerminalServices-LocalSessionManager/Operational", "Provider_Name": "Microsoft-Windows-TerminalServices-LocalSessionManager", "Computer": "DESKTOP-OFJ6N53", "TimeCreated": "2025-08-22 12:58:27.589296+00:00", "RecordID": "8111", "Level": "4", "UserID": "S-1-5-18"}
{"EventID": "41", "Channel": "Microsoft-Windows-TerminalServices-LocalSessionManager/Operational", "Provider_Name": "Microsoft-Windows-TerminalServices-LocalSessionManager", "Computer": "DESKTOP-OFJ6N53", "TimeCreated": "2025-08-22 12:58:30.119741+00:00", "RecordID": "8112", "Level": "4", "UserID": "S-1-5-18"}
{"EventID": "42", "Channel": "Microsoft-Windows-TerminalServices-LocalSessionManager/Operational", "Provider_Name": "Microsoft-Windows-TerminalServices-LocalSessionManager", "Computer": "DESKTOP-OFJ6N53", "TimeCreated": "2025-08-22 12:58:30.127110+00:00", "RecordID": "8113", "Level": "4", "UserID": "S-1-5-18"}
{"EventID": "21", "Channel": "Microsoft-Windows-TerminalServices-LocalSessionManager/Operational", "Provider_Name": "Microsoft-Windows-TerminalServices-LocalSessionManager", "Computer": "DESKTOP-OFJ6N53", "TimeCreated": "2025-08-22 12:59:06.764191+00:00", "RecordID": "8114", "Level": "4", "UserID": "S-1-5-18"}
{"EventID": "22", "Channel": "Microsoft-Windows-TerminalServices-LocalSessionManager/Operational", "Provider_Name": "Microsoft-Windows-TerminalServices-LocalSessionManager", "Computer": "DESKTOP-OFJ6N53", "TimeCreated": "2025-08-22 12:59:07.796570+00:00", "RecordID": "8115", "Level": "4", "UserID": "S-1-5-18"}
{"EventID": "40", "Channel": "Microsoft-Windows-TerminalServices-LocalSessionManager/Operational", "Provider_Name": "Microsoft-Windows-TerminalServices-LocalSessionManager", "Computer": "DESKTOP-OFJ6N53", "TimeCreated": "2025-08-22 13:13:10.256445+00:00", "RecordID": "8116", "Level": "4", "UserID": "S-1-5-18"}
{"EventID": "24", "Channel": "Microsoft-Windows-TerminalServices-LocalSessionManager/Operational", "Provider_Name": "Microsoft-Windows-TerminalServices-LocalSessionManager", "Computer": "DESKTOP-OFJ6N53", "TimeCreated": "2025-08-22 13:13:10.464233+00:00", "RecordID": "8117", "Level": "4", "UserID": "S-1-5-18"}
{"EventID": "25", "Channel": "Microsoft-Windows-TerminalServices-LocalSessionManager/Operational", "Provider_Name": "Microsoft-Windows-TerminalServices-LocalSessionManager", "Computer": "DESKTOP-OFJ6N53", "TimeCreated": "2025-08-22 13:13:13.750580+00:00", "RecordID": "8118", "Level": "4", "UserID": "S-1-5-18"}
{"EventID": "40", "Channel": "Microsoft-Windows-TerminalServices-LocalSessionManager/Operational", "Provider_Name": "Microsoft-Windows-TerminalServices-LocalSessionManager", "Computer": "DESKTOP-OFJ6N53", "TimeCreated": "2025-08-22 14:29:26.724274+00:00", "RecordID": "8119", "Level": "4", "UserID": "S-1-5-18"}
{"EventID": "24", "Channel": "Microsoft-Windows-TerminalServices-LocalSessionManager/Operational", "Provider_Name": "Microsoft-Windows-TerminalServices-LocalSessionManager", "Computer": "DESKTOP-OFJ6N53", "TimeCreated": "2025-08-22 14:29:27.327251+00:00", "RecordID": "8120", "Level": "4", "UserID": "S-1-5-18"}
{"EventID": "40", "Channel": "Microsoft-Windows-TerminalServices-LocalSessionManager/Operational", "Provider_Name": "Microsoft-Windows-TerminalServices-LocalSessionManager", "Computer": "DESKTOP-OFJ6N53", "TimeCreated": "2025-08-23 15:36:25.759016+00:00", "RecordID": "8121", "Level": "4", "UserID": "S-1-5-18"}
{"EventID": "25", "Channel": "Microsoft-Windows-TerminalServices-LocalSessionManager/Operational", "Provider_Name": "Microsoft-Windows-TerminalServices-LocalSessionManager", "Computer": "DESKTOP-OFJ6N53", "TimeCreated": "2025-08-23 15:36:26.758278+00:00", "RecordID": "8122", "Level": "4", "UserID": "S-1-5-18"}
{"EventID": "40", "Channel": "Microsoft-Windows-TerminalServices-LocalSessionManager/Operational", "Provider_Name": "Microsoft-Windows-TerminalServices-LocalSessionManager", "Computer": "DESKTOP-OFJ6N53", "TimeCreated": "2025-08-23 15:48:05.880430+00:00", "RecordID": "8123", "Level": "4", "UserID": "S-1-5-18"}
{"EventID": "24", "Channel": "Microsoft-Windows-TerminalServices-LocalSessionManager/Operational", "Provider_Name": "Microsoft-Windows-TerminalServices-LocalSessionManager", "Computer": "DESKTOP-OFJ6N53", "TimeCreated": "2025-08-23 15:48:07.923622+00:00", "RecordID": "8124", "Level": "4", "UserID": "S-1-5-18"}
{"EventID": "40", "Channel": "Microsoft-Windows-TerminalServices-LocalSessionManager/Operational", "Provider_Name": "Microsoft-Windows-TerminalServices-LocalSessionManager", "Computer": "DESKTOP-OFJ6N53", "TimeCreated": "2025-08-23 16:02:13.799578+00:00", "RecordID": "8125", "Level": "4", "UserID": "S-1-5-18"}
{"EventID": "25", "Channel": "Microsoft-Windows-TerminalServices-LocalSessionManager/Operational", "Provider_Name": "Microsoft-Windows-TerminalServices-LocalSessionManager", "Computer": "DESKTOP-OFJ6N53", "TimeCreated": "2025-08-23 16:02:14.101505+00:00", "RecordID": "8126", "Level": "4", "UserID": "S-1-5-18"}
{"EventID": "40", "Channel": "Microsoft-Windows-TerminalServices-LocalSessionManager/Operational", "Provider_Name": "Microsoft-Windows-TerminalServices-LocalSessionManager", "Computer": "DESKTOP-OFJ6N53", "TimeCreated": "2025-08-23 16:12:53.488232+00:00", "RecordID": "8127", "Level": "4", "UserID": "S-1-5-18"}
{"EventID": "24", "Channel": "Microsoft-Windows-TerminalServices-LocalSessionManager/Operational", "Provider_Name": "Microsoft-Windows-TerminalServices-LocalSessionManager", "Computer": "DESKTOP-OFJ6N53", "TimeCreated": "2025-08-23 16:12:54.774706+00:00", "RecordID": "8128", "Level": "4", "UserID": "S-1-5-18"}
{"EventID": "40", "Channel": "Microsoft-Windows-TerminalServices-LocalSessionManager/Operational", "Provider_Name": "Microsoft-Windows-TerminalServices-LocalSessionManager", "Computer": "DESKTOP-OFJ6N53", "TimeCreated": "2025-08-23 16:32:12.215742+00:00", "RecordID": "8129", "Level": "4", "UserID": "S-1-5-18"}
{"EventID": "25", "Channel": "Microsoft-Windows-TerminalServices-LocalSessionManager/Operational", "Provider_Name": "Microsoft-Windows-TerminalServices-LocalSessionManager", "Computer": "DESKTOP-OFJ6N53", "TimeCreated": "2025-08-23 16:32:13.217413+00:00", "RecordID": "8130", "Level": "4", "UserID": "S-1-5-18"}
{"EventID": "40", "Channel": "Microsoft-Windows-TerminalServices-LocalSessionManager/Operational", "Provider_Name": "Microsoft-Windows-TerminalServices-LocalSessionManager", "Computer": "DESKTOP-OFJ6N53", "TimeCreated": "2025-08-23 16:32:28.414698+00:00", "RecordID": "8131", "Level": "4", "UserID": "S-1-5-18"}
{"EventID": "24", "Channel": "Microsoft-Windows-TerminalServices-LocalSessionManager/Operational", "Provider_Name": "Microsoft-Windows-TerminalServices-LocalSessionManager", "Computer": "DESKTOP-OFJ6N53", "TimeCreated": "2025-08-23 16:32:31.086168+00:00", "RecordID": "8132", "Level": "4", "UserID": "S-1-5-18"}
{"EventID": "40", "Channel": "Microsoft-Windows-TerminalServices-LocalSessionManager/Operational", "Provider_Name": "Microsoft-Windows-TerminalServices-LocalSessionManager", "Computer": "DESKTOP-OFJ6N53", "TimeCreated": "2025-08-23 18:13:04.667770+00:00", "RecordID": "8133", "Level": "4", "UserID": "S-1-5-18"}
{"EventID": "25", "Channel": "Microsoft-Windows-TerminalServices-LocalSessionManager/Operational", "Provider_Name": "Microsoft-Windows-TerminalServices-LocalSessionManager", "Computer": "DESKTOP-OFJ6N53", "TimeCreated": "2025-08-23 18:13:05.656206+00:00", "RecordID": "8134", "Level": "4", "UserID": "S-1-5-18"}
{"EventID": "40", "Channel": "Microsoft-Windows-TerminalServices-LocalSessionManager/Operational", "Provider_Name": "Microsoft-Windows-TerminalServices-LocalSessionManager", "Computer": "DESKTOP-OFJ6N53", "TimeCreated": "2025-08-23 18:35:59.898884+00:00", "RecordID": "8135", "Level": "4", "UserID": "S-1-5-18"}
{"EventID": "24", "Channel": "Microsoft-Windows-TerminalServices-LocalSessionManager/Operational", "Provider_Name": "Microsoft-Windows-TerminalServices-LocalSessionManager", "Computer": "DESKTOP-OFJ6N53", "TimeCreated": "2025-08-23 18:36:01.919353+00:00", "RecordID": "8136", "Level": "4", "UserID": "S-1-5-18"}
{"EventID": "40", "Channel": "Microsoft-Windows-TerminalServices-LocalSessionManager/Operational", "Provider_Name": "Microsoft-Windows-TerminalServices-LocalSessionManager", "Computer": "DESKTOP-OFJ6N53", "TimeCreated": "2025-08-23 18:59:02.696074+00:00", "RecordID": "8137", "Level": "4", "UserID": "S-1-5-18"}
{"EventID": "25", "Channel": "Microsoft-Windows-TerminalServices-LocalSessionManager/Operational", "Provider_Name": "Microsoft-Windows-TerminalServices-LocalSessionManager", "Computer": "DESKTOP-OFJ6N53", "TimeCreated": "2025-08-23 18:59:03.904222+00:00", "RecordID": "8138", "Level": "4", "UserID": "S-1-5-18"}
{"EventID": "40", "Channel": "Microsoft-Windows-TerminalServices-LocalSessionManager/Operational", "Provider_Name": "Microsoft-Windows-TerminalServices-LocalSessionManager", "Computer": "DESKTOP-OFJ6N53", "TimeCreated": "2025-08-23 19:07:51.924831+00:00", "RecordID": "8139", "Level": "4", "UserID": "S-1-5-18"}
{"EventID": "24", "Channel": "Microsoft-Windows-TerminalServices-LocalSessionManager/Operational", "Provider_Name": "Microsoft-Windows-TerminalServices-LocalSessionManager", "Computer": "DESKTOP-OFJ6N53", "TimeCreated": "2025-08-23 19:07:54.784534+00:00", "RecordID": "8140", "Level": "4", "UserID": "S-1-5-18"}
{"EventID": "40", "Channel": "Microsoft-Windows-TerminalServices-LocalSessionManager/Operational", "Provider_Name": "Microsoft-Windows-TerminalServices-LocalSessionManager", "Computer": "DESKTOP-OFJ6N53", "TimeCreated": "2025-08-23 19:07:57.214121+00:00", "RecordID": "8141", "Level": "4", "UserID": "S-1-5-18"}
{"EventID": "25", "Channel": "Microsoft-Windows-TerminalServices-LocalSessionManager/Operational", "Provider_Name": "Microsoft-Windows-TerminalServices-LocalSessionManager", "Computer": "DESKTOP-OFJ6N53", "TimeCreated": "2025-08-23 19:07:57.505302+00:00", "RecordID": "8142", "Level": "4", "UserID": "S-1-5-18"}
{"EventID": "40", "Channel": "Microsoft-Windows-TerminalServices-LocalSessionManager/Operational", "Provider_Name": "Microsoft-Windows-TerminalServices-LocalSessionManager", "Computer": "DESKTOP-OFJ6N53", "TimeCreated": "2025-08-23 19:07:59.049717+00:00", "RecordID": "8143", "Level": "4", "UserID": "S-1-5-18"}
{"EventID": "24", "Channel": "Microsoft-Windows-TerminalServices-LocalSessionManager/Operational", "Provider_Name": "Microsoft-Windows-TerminalServices-LocalSessionManager", "Computer": "DESKTOP-OFJ6N53", "TimeCreated": "2025-08-23 19:07:59.944603+00:00", "RecordID": "8144", "Level": "4", "UserID": "S-1-5-18"}
{"EventID": "40", "Channel": "Microsoft-Windows-TerminalServices-LocalSessionManager/Operational", "Provider_Name": "Microsoft-Windows-TerminalServices-LocalSessionManager", "Computer": "DESKTOP-OFJ6N53", "TimeCreated": "2025-08-23 19:08:10.979675+00:00", "RecordID": "8145", "Level": "4", "UserID": "S-1-5-18"}
{"EventID": "25", "Channel": "Microsoft-Windows-TerminalServices-LocalSessionManager/Operational", "Provider_Name": "Microsoft-Windows-TerminalServices-LocalSessionManager", "Computer": "DESKTOP-OFJ6N53", "TimeCreated": "2025-08-23 19:08:13.834702+00:00", "RecordID": "8146", "Level": "4", "UserID": "S-1-5-18"}
{"EventID": "40", "Channel": "Microsoft-Windows-TerminalServices-LocalSessionManager/Operational", "Provider_Name": "Microsoft-Windows-TerminalServices-LocalSessionManager", "Computer": "DESKTOP-OFJ6N53", "TimeCreated": "2025-08-23 19:09:39.769354+00:00", "RecordID": "8147", "Level": "4", "UserID": "S-1-5-18"}
{"EventID": "24", "Channel": "Microsoft-Windows-TerminalServices-LocalSessionManager/Operational", "Provider_Name": "Microsoft-Windows-TerminalServices-LocalSessionManager", "Computer": "DESKTOP-OFJ6N53", "TimeCreated": "2025-08-23 19:09:41.741314+00:00", "RecordID": "8148", "Level": "4", "UserID": "S-1-5-18"}
{"EventID": "40", "Channel": "Microsoft-Windows-TerminalServices-LocalSessionManager/Operational", "Provider_Name": "Microsoft-Windows-TerminalServices-LocalSessionManager", "Computer": "DESKTOP-OFJ6N53", "TimeCreated": "2025-08-23 19:40:27.906677+00:00", "RecordID": "8149", "Level": "4", "UserID": "S-1-5-18"}
{"EventID": "25", "Channel": "Microsoft-Windows-TerminalServices-LocalSessionManager/Operational", "Provider_Name": "Microsoft-Windows-TerminalServices-LocalSessionManager", "Computer": "DESKTOP-OFJ6N53", "TimeCreated": "2025-08-23 19:40:28.545244+00:00", "RecordID": "8150", "Level": "4", "UserID": "S-1-5-18"}
{"EventID": "40", "Channel": "Microsoft-Windows-TerminalServices-LocalSessionManager/Operational", "Provider_Name": "Microsoft-Windows-TerminalServices-LocalSessionManager", "Computer": "DESKTOP-OFJ6N53", "TimeCreated": "2025-08-23 19:58:16.836834+00:00", "RecordID": "8151", "Level": "4", "UserID": "S-1-5-18"}
{"EventID": "24", "Channel": "Microsoft-Windows-TerminalServices-LocalSessionManager/Operational", "Provider_Name": "Microsoft-Windows-TerminalServices-LocalSessionManager", "Computer": "DESKTOP-OFJ6N53", "TimeCreated": "2025-08-23 19:58:18.532013+00:00", "RecordID": "8152", "Level": "4", "UserID": "S-1-5-18"}
{"EventID": "40", "Channel": "Microsoft-Windows-TerminalServices-LocalSessionManager/Operational", "Provider_Name": "Microsoft-Windows-TerminalServices-LocalSessionManager", "Computer": "DESKTOP-OFJ6N53", "TimeCreated": "2025-08-23 20:04:35.978231+00:00", "RecordID": "8153", "Level": "4", "UserID": "S-1-5-18"}
{"EventID": "25", "Channel": "Microsoft-Windows-TerminalServices-LocalSessionManager/Operational", "Provider_Name": "Microsoft-Windows-TerminalServices-LocalSessionManager", "Computer": "DESKTOP-OFJ6N53", "TimeCreated": "2025-08-23 20:04:36.464027+00:00", "RecordID": "8154", "Level": "4", "UserID": "S-1-5-18"}
{"EventID": "40", "Channel": "Microsoft-Windows-TerminalServices-LocalSessionManager/Operational", "Provider_Name": "Microsoft-Windows-TerminalServices-LocalSessionManager", "Computer": "DESKTOP-OFJ6N53", "TimeCreated": "2025-08-23 20:30:48.330318+00:00", "RecordID": "8155", "Level": "4", "UserID": "S-1-5-18"}
{"EventID": "24", "Channel": "Microsoft-Windows-TerminalServices-LocalSessionManager/Operational", "Provider_Name": "Microsoft-Windows-TerminalServices-LocalSessionManager", "Computer": "DESKTOP-OFJ6N53", "TimeCreated": "2025-08-23 20:30:50.724901+00:00", "RecordID": "8156", "Level": "4", "UserID": "S-1-5-18"}
{"EventID": "40", "Channel": "Microsoft-Windows-TerminalServices-LocalSessionManager/Operational", "Provider_Name": "Microsoft-Windows-TerminalServices-LocalSessionManager", "Computer": "DESKTOP-OFJ6N53", "TimeCreated": "2025-08-23 20:31:06.113592+00:00", "RecordID": "8157", "Level": "4", "UserID": "S-1-5-18"}
{"EventID": "25", "Channel": "Microsoft-Windows-TerminalServices-LocalSessionManager/Operational", "Provider_Name": "Microsoft-Windows-TerminalServices-LocalSessionManager", "Computer": "DESKTOP-OFJ6N53", "TimeCreated": "2025-08-23 20:31:07.035999+00:00", "RecordID": "8158", "Level": "4", "UserID": "S-1-5-18"}
{"EventID": "23", "Channel": "Microsoft-Windows-TerminalServices-LocalSessionManager/Operational", "Provider_Name": "Microsoft-Windows-TerminalServices-LocalSessionManager", "Computer": "DESKTOP-OFJ6N53", "TimeCreated": "2025-08-23 20:31:59.620022+00:00", "RecordID": "8159", "Level": "4", "UserID": "S-1-5-18"}
{"EventID": "54", "Channel": "Microsoft-Windows-TerminalServices-LocalSessionManager/Operational", "Provider_Name": "Microsoft-Windows-TerminalServices-LocalSessionManager", "Computer": "DESKTOP-OFJ6N53", "TimeCreated": "2025-08-23 20:32:00.111828+00:00", "RecordID": "8160", "Level": "4", "UserID": "S-1-5-18"}
