{"EventID": "3089", "Channel": "Microsoft-Windows-CodeIntegrity/Operational", "Provider_Name": "Microsoft-Windows-CodeIntegrity", "Computer": "DESKTOP-OFJ6N53", "TimeCreated": "2025-04-01 16:03:46.296803+00:00", "RecordID": "63904", "Level": "4", "UserID": "S-1-5-18", "EventData.TotalSignatureCount": "2", "EventData.Signature": "0", "EventData.CacheState": "3", "EventData.Hash Size": "32", "EventData.Hash": "D1f6ckcOmOGY0WvyVsYPf0dunC5QNNXJX3MfKUCLQ2E=", "EventData.PageHash": "False", "EventData.SignatureType": "1", "EventData.ValidatedSigningLevel": "8", "EventData.VerificationError": "18", "EventData.Flags": "0", "EventData.PolicyBits": "128", "EventData.NotValidBefore": "2019-05-02 20:47:34+00:00", "EventData.NotValidAfter": "2020-05-02 20:47:34+00:00", "EventData.PublisherNameLength": "50", "EventData.PublisherName": "Microsoft Windows Software Compatibility Publisher", "EventData.IssuerNameLength": "47", "EventData.IssuerName": "Microsoft Windows Third Party Component CA 2013", "EventData.PublisherTBSHashSize": "32", "EventData.PublisherTBSHash": "jQuDJM7mRlBjH6e+lDnpUHVuNu3x/ITufqy8od1eV3I=", "EventData.IssuerTBSHashSize": "32", "EventData.IssuerTBSHash": "xV7kTG3ob6msP8kPhO8NSmytWqxqESBHyIuZfnVHrtE="}
{"EventID": "3089", "Channel": "Microsoft-Windows-CodeIntegrity/Operational", "Provider_Name": "Microsoft-Windows-CodeIntegrity", "Computer": "DESKTOP-OFJ6N53", "TimeCreated": "2025-04-01 16:03:46.296804+00:00", "RecordID": "63905", "Level": "4", "UserID": "S-1-5-18", "EventData.TotalSignatureCount": "2", "EventData.Signature": "1", "EventData.CacheState": "3", "EventData.Hash Size": "32", "EventData.Hash": "D1f6ckcOmOGY0WvyVsYPf0dunC5QNNXJX3MfKUCLQ2E=", "EventData.PageHash": "False", "EventData.SignatureType": "1", "EventData.ValidatedSigningLevel": "1", "EventData.VerificationError": "18", "EventData.Flags": "0", "EventData.PolicyBits": "16", "EventData.NotValidBefore": "2018-01-22 00:00:00+00:00", "EventData.NotValidAfter": "2021-03-05 12:00:00+00:00", "EventData.PublisherNameLength": "14", "EventData.PublisherName": "LLC Crypto-Pro", "EventData.IssuerNameLength": "34", "EventData.IssuerName": "DigiCert EV Code Signing CA (SHA2)", "EventData.PublisherTBSHashSize": "32", "EventData.PublisherTBSHash": "bSSn12wcu4g4gSlvMwWiHV9M9wWp9OQ2cIVVIyXQhpQ=", "EventData.IssuerTBSHashSize": "32", "EventData.IssuerTBSHash": "7sWBMdwRzX9RJQGxX9vGB0xgO2jKkfcWLVoEIFTtsM8="}
{"EventID": "3033", "Channel": "Microsoft-Windows-CodeIntegrity/Operational", "Provider_Name": "Microsoft-Windows-CodeIntegrity", "Computer": "DESKTOP-OFJ6N53", "TimeCreated": "2025-04-01 16:03:46.498810+00:00", "RecordID": "63906", "Level": "2", "UserID": "S-1-5-18", "EventData.FileNameLength": "52", "EventData.FileNameBuffer": "\\Device\\HarddiskVolume3\\Windows\\System32\\cpsspap.dll", "EventData.ProcessNameLength": "115", "EventData.ProcessNameBuffer": "\\Device\\HarddiskVolume3\\ProgramData\\Microsoft\\Windows Defender\\Platform\\4.18.25020.1009-0\\MpDefenderCoreService.exe", "EventData.RequestedPolicy": "7", "EventData.ValidatedPolicy": "1", "EventData.Status": "3221226536"}
{"EventID": "3089", "Channel": "Microsoft-Windows-CodeIntegrity/Operational", "Provider_Name": "Microsoft-Windows-CodeIntegrity", "Computer": "DESKTOP-OFJ6N53", "TimeCreated": "2025-04-01 16:03:46.498816+00:00", "RecordID": "63907", "Level": "4", "UserID": "S-1-5-18", "EventData.TotalSignatureCount": "2", "EventData.Signature": "0", "EventData.CacheState": "3", "EventData.Hash Size": "32", "EventData.Hash": "D1f6ckcOmOGY0WvyVsYPf0dunC5QNNXJX3MfKUCLQ2E=", "EventData.PageHash": "False", "EventData.SignatureType": "1", "EventData.ValidatedSigningLevel": "8", "EventData.VerificationError": "18", "EventData.Flags": "0", "EventData.PolicyBits": "128", "EventData.NotValidBefore": "2019-05-02 20:47:34+00:00", "EventData.NotValidAfter": "2020-05-02 20:47:34+00:00", "EventData.PublisherNameLength": "50", "EventData.PublisherName": "Microsoft Windows Software Compatibility Publisher", "EventData.IssuerNameLength": "47", "EventData.IssuerName": "Microsoft Windows Third Party Component CA 2013", "EventData.PublisherTBSHashSize": "32", "EventData.PublisherTBSHash": "jQuDJM7mRlBjH6e+lDnpUHVuNu3x/ITufqy8od1eV3I=", "EventData.IssuerTBSHashSize": "32", "EventData.IssuerTBSHash": "xV7kTG3ob6msP8kPhO8NSmytWqxqESBHyIuZfnVHrtE="}
{"EventID": "3089", "Channel": "Microsoft-Windows-CodeIntegrity/Operational", "Provider_Name": "Microsoft-Windows-CodeIntegrity", "Computer": "DESKTOP-OFJ6N53", "TimeCreated": "2025-04-01 16:03:46.498819+00:00", "RecordID": "63908", "Level": "4", "UserID": "S-1-5-18", "EventData.TotalSignatureCount": "2", "EventData.Signature": "1", "EventData.CacheState": "3", "EventData.Hash Size": "32", "EventData.Hash": "D1f6ckcOmOGY0WvyVsYPf0dunC5QNNXJX3MfKUCLQ2E=", "EventData.PageHash": "False", "EventData.SignatureType": "1", "EventData.ValidatedSigningLevel": "1", "EventData.VerificationError": "18", "EventData.Flags": "0", "EventData.PolicyBits": "16", "EventData.NotValidBefore": "2018-01-22 00:00:00+00:00", "EventData.NotValidAfter": "2021-03-05 12:00:00+00:00", "EventData.PublisherNameLength": "14", "EventData.PublisherName": "LLC Crypto-Pro", "EventData.IssuerNameLength": "34", "EventData.IssuerName": "DigiCert EV Code Signing CA (SHA2)", "EventData.PublisherTBSHashSize": "32", "EventData.PublisherTBSHash": "bSSn12wcu4g4gSlvMwWiHV9M9wWp9OQ2cIVVIyXQhpQ=", "EventData.IssuerTBSHashSize": "32", "EventData.IssuerTBSHash": "7sWBMdwRzX9RJQGxX9vGB0xgO2jKkfcWLVoEIFTtsM8="}
{"EventID": "3033", "Channel": "Microsoft-Windows-CodeIntegrity/Operational", "Provider_Name": "Microsoft-Windows-CodeIntegrity", "Computer": "DESKTOP-OFJ6N53", "TimeCreated": "2025-04-01 16:03:46.534506+00:00", "RecordID": "63909", "Level": "2", "UserID": "S-1-5-18", "EventData.FileNameLength": "52", "EventData.FileNameBuffer": "\\Device\\HarddiskVolume3\\Windows\\System32\\cpsspap.dll", "EventData.ProcessNameLength": "115", "EventData.ProcessNameBuffer": "\\Device\\HarddiskVolume3\\ProgramData\\Microsoft\\Windows Defender\\Platform\\4.18.25020.1009-0\\MpDefenderCoreService.exe", "EventData.RequestedPolicy": "7", "EventData.ValidatedPolicy": "1", "EventData.Status": "3221226536"}
{"EventID": "3089", "Channel": "Microsoft-Windows-CodeIntegrity/Operational", "Provider_Name": "Microsoft-Windows-CodeIntegrity", "Computer": "DESKTOP-OFJ6N53", "TimeCreated": "2025-04-01 16:03:46.534508+00:00", "RecordID": "63910", "Level": "4", "UserID": "S-1-5-18", "EventData.TotalSignatureCount": "2", "EventData.Signature": "0", "EventData.CacheState": "3", "EventData.Hash Size": "32", "EventData.Hash": "D1f6ckcOmOGY0WvyVsYPf0dunC5QNNXJX3MfKUCLQ2E=", "EventData.PageHash": "False", "EventData.SignatureType": "1", "EventData.ValidatedSigningLevel": "8", "EventData.VerificationError": "18", "EventData.Flags": "0", "EventData.PolicyBits": "128", "EventData.NotValidBefore": "2019-05-02 20:47:34+00:00", "EventData.NotValidAfter": "2020-05-02 20:47:34+00:00", "EventData.PublisherNameLength": "50", "EventData.PublisherName": "Microsoft Windows Software Compatibility Publisher", "EventData.IssuerNameLength": "47", "EventData.IssuerName": "Microsoft Windows Third Party Component CA 2013", "EventData.PublisherTBSHashSize": "32", "EventData.PublisherTBSHash": "jQuDJM7mRlBjH6e+lDnpUHVuNu3x/ITufqy8od1eV3I=", "EventData.IssuerTBSHashSize": "32", "EventData.IssuerTBSHash": "xV7kTG3ob6msP8kPhO8NSmytWqxqESBHyIuZfnVHrtE="}
{"EventID": "3089", "Channel": "Microsoft-Windows-CodeIntegrity/Operational", "Provider_Name": "Microsoft-Windows-CodeIntegrity", "Computer": "DESKTOP-OFJ6N53", "TimeCreated": "2025-04-01 16:03:46.534512+00:00", "RecordID": "63911", "Level": "4", "UserID": "S-1-5-18", "EventData.TotalSignatureCount": "2", "EventData.Signature": "1", "EventData.CacheState": "3", "EventData.Hash Size": "32", "EventData.Hash": "D1f6ckcOmOGY0WvyVsYPf0dunC5QNNXJX3MfKUCLQ2E=", "EventData.PageHash": "False", "EventData.SignatureType": "1", "EventData.ValidatedSigningLevel": "1", "EventData.VerificationError": "18", "EventData.Flags": "0", "EventData.PolicyBits": "16", "EventData.NotValidBefore": "2018-01-22 00:00:00+00:00", "EventData.NotValidAfter": "2021-03-05 12:00:00+00:00", "EventData.PublisherNameLength": "14", "EventData.PublisherName": "LLC Crypto-Pro", "EventData.IssuerNameLength": "34", "EventData.IssuerName": "DigiCert EV Code Signing CA (SHA2)", "EventData.PublisherTBSHashSize": "32", "EventData.PublisherTBSHash": "bSSn12wcu4g4gSlvMwWiHV9M9wWp9OQ2cIVVIyXQhpQ=", "EventData.IssuerTBSHashSize": "32", "EventData.IssuerTBSHash": "7sWBMdwRzX9RJQGxX9vGB0xgO2jKkfcWLVoEIFTtsM8="}
{"EventID": "3033", "Channel": "Microsoft-Windows-CodeIntegrity/Operational", "Provider_Name": "Microsoft-Windows-CodeIntegrity", "Computer": "DESKTOP-OFJ6N53", "TimeCreated": "2025-04-01 16:03:46.539242+00:00", "RecordID": "63912", "Level": "2", "UserID": "S-1-5-18", "EventData.FileNameLength": "52", "EventData.FileNameBuffer": "\\Device\\HarddiskVolume3\\Windows\\System32\\cpsspap.dll", "EventData.ProcessNameLength": "115", "EventData.ProcessNameBuffer": "\\Device\\HarddiskVolume3\\ProgramData\\Microsoft\\Windows Defender\\Platform\\4.18.25020.1009-0\\MpDefenderCoreService.exe", "EventData.RequestedPolicy": "7", "EventData.ValidatedPolicy": "1", "EventData.Status": "3221226536"}
{"EventID": "3089", "Channel": "Microsoft-Windows-CodeIntegrity/Operational", "Provider_Name": "Microsoft-Windows-CodeIntegrity", "Computer": "DESKTOP-OFJ6N53", "TimeCreated": "2025-04-01 16:03:46.539246+00:00", "RecordID": "63913", "Level": "4", "UserID": "S-1-5-18", "EventData.TotalSignatureCount": "2", "EventData.Signature": "0", "EventData.CacheState": "3", "EventData.Hash Size": "32", "EventData.Hash": "D1f6ckcOmOGY0WvyVsYPf0dunC5QNNXJX3MfKUCLQ2E=", "EventData.PageHash": "False", "EventData.SignatureType": "1", "EventData.ValidatedSigningLevel": "8", "EventData.VerificationError": "18", "EventData.Flags": "0", "EventData.PolicyBits": "128", "EventData.NotValidBefore": "2019-05-02 20:47:34+00:00", "EventData.NotValidAfter": "2020-05-02 20:47:34+00:00", "EventData.PublisherNameLength": "50", "EventData.PublisherName": "Microsoft Windows Software Compatibility Publisher", "EventData.IssuerNameLength": "47", "EventData.IssuerName": "Microsoft Windows Third Party Component CA 2013", "EventData.PublisherTBSHashSize": "32", "EventData.PublisherTBSHash": "jQuDJM7mRlBjH6e+lDnpUHVuNu3x/ITufqy8od1eV3I=", "EventData.IssuerTBSHashSize": "32", "EventData.IssuerTBSHash": "xV7kTG3ob6msP8kPhO8NSmytWqxqESBHyIuZfnVHrtE="}
{"EventID": "3089", "Channel": "Microsoft-Windows-CodeIntegrity/Operational", "Provider_Name": "Microsoft-Windows-CodeIntegrity", "Computer": "DESKTOP-OFJ6N53", "TimeCreated": "2025-04-01 16:03:46.539248+00:00", "RecordID": "63914", "Level": "4", "UserID": "S-1-5-18", "EventData.TotalSignatureCount": "2", "EventData.Signature": "1", "EventData.CacheState": "3", "EventData.Hash Size": "32", "EventData.Hash": "D1f6ckcOmOGY0WvyVsYPf0dunC5QNNXJX3MfKUCLQ2E=", "EventData.PageHash": "False", "EventData.SignatureType": "1", "EventData.ValidatedSigningLevel": "1", "EventData.VerificationError": "18", "EventData.Flags": "0", "EventData.PolicyBits": "16", "EventData.NotValidBefore": "2018-01-22 00:00:00+00:00", "EventData.NotValidAfter": "2021-03-05 12:00:00+00:00", "EventData.PublisherNameLength": "14", "EventData.PublisherName": "LLC Crypto-Pro", "EventData.IssuerNameLength": "34", "EventData.IssuerName": "DigiCert EV Code Signing CA (SHA2)", "EventData.PublisherTBSHashSize": "32", "EventData.PublisherTBSHash": "bSSn12wcu4g4gSlvMwWiHV9M9wWp9OQ2cIVVIyXQhpQ=", "EventData.IssuerTBSHashSize": "32", "EventData.IssuerTBSHash": "7sWBMdwRzX9RJQGxX9vGB0xgO2jKkfcWLVoEIFTtsM8="}
{"EventID": "3033", "Channel": "Microsoft-Windows-CodeIntegrity/Operational", "Provider_Name": "Microsoft-Windows-CodeIntegrity", "Computer": "DESKTOP-OFJ6N53", "TimeCreated": "2025-04-01 16:03:46.548832+00:00", "RecordID": "63915", "Level": "2", "UserID": "S-1-5-18", "EventData.FileNameLength": "52", "EventData.FileNameBuffer": "\\Device\\HarddiskVolume3\\Windows\\System32\\cpsspap.dll", "EventData.ProcessNameLength": "115", "EventData.ProcessNameBuffer": "\\Device\\HarddiskVolume3\\ProgramData\\Microsoft\\Windows Defender\\Platform\\4.18.25020.1009-0\\MpDefenderCoreService.exe", "EventData.RequestedPolicy": "7", "EventData.ValidatedPolicy": "1", "EventData.Status": "3221226536"}
{"EventID": "3089", "Channel": "Microsoft-Windows-CodeIntegrity/Operational", "Provider_Name": "Microsoft-Windows-CodeIntegrity", "Computer": "DESKTOP-OFJ6N53", "TimeCreated": "2025-04-01 16:03:46.548834+00:00", "RecordID": "63916", "Level": "4", "UserID": "S-1-5-18", "EventData.TotalSignatureCount": "2", "EventData.Signature": "0", "EventData.CacheState": "3", "EventData.Hash Size": "32", "EventData.Hash": "D1f6ckcOmOGY0WvyVsYPf0dunC5QNNXJX3MfKUCLQ2E=", "EventData.PageHash": "False", "EventData.SignatureType": "1", "EventData.ValidatedSigningLevel": "8", "EventData.VerificationError": "18", "EventData.Flags": "0", "EventData.PolicyBits": "128", "EventData.NotValidBefore": "2019-05-02 20:47:34+00:00", "EventData.NotValidAfter": "2020-05-02 20:47:34+00:00", "EventData.PublisherNameLength": "50", "EventData.PublisherName": "Microsoft Windows Software Compatibility Publisher", "EventData.IssuerNameLength": "47", "EventData.IssuerName": "Microsoft Windows Third Party Component CA 2013", "EventData.PublisherTBSHashSize": "32", "EventData.PublisherTBSHash": "jQuDJM7mRlBjH6e+lDnpUHVuNu3x/ITufqy8od1eV3I=", "EventData.IssuerTBSHashSize": "32", "EventData.IssuerTBSHash": "xV7kTG3ob6msP8kPhO8NSmytWqxqESBHyIuZfnVHrtE="}
{"EventID": "3089", "Channel": "Microsoft-Windows-CodeIntegrity/Operational", "Provider_Name": "Microsoft-Windows-CodeIntegrity", "Computer": "DESKTOP-OFJ6N53", "TimeCreated": "2025-04-01 16:03:46.548836+00:00", "RecordID": "63917", "Level": "4", "UserID": "S-1-5-18", "EventData.TotalSignatureCount": "2", "EventData.Signature": "1", "EventData.CacheState": "3", "EventData.Hash Size": "32", "EventData.Hash": "D1f6ckcOmOGY0WvyVsYPf0dunC5QNNXJX3MfKUCLQ2E=", "EventData.PageHash": "False", "EventData.SignatureType": "1", "EventData.ValidatedSigningLevel": "1", "EventData.VerificationError": "18", "EventData.Flags": "0", "EventData.PolicyBits": "16", "EventData.NotValidBefore": "2018-01-22 00:00:00+00:00", "EventData.NotValidAfter": "2021-03-05 12:00:00+00:00", "EventData.PublisherNameLength": "14", "EventData.PublisherName": "LLC Crypto-Pro", "EventData.IssuerNameLength": "34", "EventData.IssuerName": "DigiCert EV Code Signing CA (SHA2)", "EventData.PublisherTBSHashSize": "32", "EventData.PublisherTBSHash": "bSSn12wcu4g4gSlvMwWiHV9M9wWp9OQ2cIVVIyXQhpQ=", "EventData.IssuerTBSHashSize": "32", "EventData.IssuerTBSHash": "7sWBMdwRzX9RJQGxX9vGB0xgO2jKkfcWLVoEIFTtsM8="}
{"EventID": "3033", "Channel": "Microsoft-Windows-CodeIntegrity/Operational", "Provider_Name": "Microsoft-Windows-CodeIntegrity", "Computer": "DESKTOP-OFJ6N53", "TimeCreated": "2025-04-01 16:14:13.210852+00:00", "RecordID": "63918", "Level": "2", "UserID": "S-1-5-18", "EventData.FileNameLength": "83", "EventData.FileNameBuffer": "\\Device\\HarddiskVolume3\\Program Files\\Common Files\\Crypto Pro\\AppCompat\\cpadvai.dll", "EventData.ProcessNameLength": "102", "EventData.ProcessNameBuffer": "\\Device\\HarddiskVolume3\\ProgramData\\Microsoft\\Windows Defender\\Platform\\4.18.25020.1009-0\\MpCmdRun.exe", "EventData.RequestedPolicy": "8", "EventData.ValidatedPolicy": "1", "EventData.Status": "3221226536"}
{"EventID": "3089", "Channel": "Microsoft-Windows-CodeIntegrity/Operational", "Provider_Name": "Microsoft-Windows-CodeIntegrity", "Computer": "DESKTOP-OFJ6N53", "TimeCreated": "2025-04-01 16:14:13.210855+00:00", "RecordID": "63919", "Level": "4", "UserID": "S-1-5-18", "EventData.TotalSignatureCount": "2", "EventData.Signature": "0", "EventData.CacheState": "3", "EventData.Hash Size": "20", "EventData.Hash": "hgAWI9gi3ImMeQu2upEKuQTDX0o=", "EventData.PageHash": "False", "EventData.SignatureType": "1", "EventData.ValidatedSigningLevel": "1", "EventData.VerificationError": "7", "EventData.Flags": "0", "EventData.PolicyBits": "16", "EventData.NotValidBefore": "2019-03-28 00:00:00+00:00", "EventData.NotValidAfter": "2021-03-05 12:00:00+00:00", "EventData.PublisherNameLength": "14", "EventData.PublisherName": "LLC Crypto-Pro", "EventData.IssuerNameLength": "27", "EventData.IssuerName": "DigiCert EV Code Signing CA", "EventData.PublisherTBSHashSize": "20", "EventData.PublisherTBSHash": "ryzeyGzx0kbOBQrxo9TZ057FBVo=", "EventData.IssuerTBSHashSize": "20", "EventData.IssuerTBSHash": "LVTBao+LaczepI0GA8Ey9Uelz3U="}
{"EventID": "3089", "Channel": "Microsoft-Windows-CodeIntegrity/Operational", "Provider_Name": "Microsoft-Windows-CodeIntegrity", "Computer": "DESKTOP-OFJ6N53", "TimeCreated": "2025-04-01 16:14:13.210857+00:00", "RecordID": "63920", "Level": "4", "UserID": "S-1-5-18", "EventData.TotalSignatureCount": "2", "EventData.Signature": "1", "EventData.CacheState": "3", "EventData.Hash Size": "32", "EventData.Hash": "3CrSgSHYC5hzviemulsR+C5pSAYz78FnSZp2ZjbrqIQ=", "EventData.PageHash": "False", "EventData.SignatureType": "1", "EventData.ValidatedSigningLevel": "1", "EventData.VerificationError": "7", "EventData.Flags": "0", "EventData.PolicyBits": "16", "EventData.NotValidBefore": "2018-01-22 00:00:00+00:00", "EventData.NotValidAfter": "2021-03-05 12:00:00+00:00", "EventData.PublisherNameLength": "14", "EventData.PublisherName": "LLC Crypto-Pro", "EventData.IssuerNameLength": "34", "EventData.IssuerName": "DigiCert EV Code Signing CA (SHA2)", "EventData.PublisherTBSHashSize": "32", "EventData.PublisherTBSHash": "bSSn12wcu4g4gSlvMwWiHV9M9wWp9OQ2cIVVIyXQhpQ=", "EventData.IssuerTBSHashSize": "32", "EventData.IssuerTBSHash": "7sWBMdwRzX9RJQGxX9vGB0xgO2jKkfcWLVoEIFTtsM8="}
{"EventID": "3084", "Channel": "Microsoft-Windows-CodeIntegrity/Operational", "Provider_Name": "Microsoft-Windows-CodeIntegrity", "Computer": "DESKTOP-OFJ6N53", "TimeCreated": "2025-04-02 09:18:14.695261+00:00", "RecordID": "63921", "Level": "4", "UserID": "S-1-5-18", "EventData.Settings": "0x00000000", "EventData.Exemption": "1"}
{"EventID": "3033", "Channel": "Microsoft-Windows-CodeIntegrity/Operational", "Provider_Name": "Microsoft-Windows-CodeIntegrity", "Computer": "DESKTOP-OFJ6N53", "TimeCreated": "2025-04-02 09:18:34.953472+00:00", "RecordID": "63922", "Level": "2", "UserID": "S-1-5-18", "EventData.FileNameLength": "52", "EventData.FileNameBuffer": "\\Device\\HarddiskVolume3\\Windows\\System32\\cpsspap.dll", "EventData.ProcessNameLength": "115", "EventData.ProcessNameBuffer": "\\Device\\HarddiskVolume3\\ProgramData\\Microsoft\\Windows Defender\\Platform\\4.18.25020.1009-0\\MpDefenderCoreService.exe", "EventData.RequestedPolicy": "7", "EventData.ValidatedPolicy": "1", "EventData.Status": "3221226536"}
{"EventID": "3089", "Channel": "Microsoft-Windows-CodeIntegrity/Operational", "Provider_Name": "Microsoft-Windows-CodeIntegrity", "Computer": "DESKTOP-OFJ6N53", "TimeCreated": "2025-04-02 09:18:34.953476+00:00", "RecordID": "63923", "Level": "4", "UserID": "S-1-5-18", "EventData.TotalSignatureCount": "2", "EventData.Signature": "0", "EventData.CacheState": "3", "EventData.Hash Size": "32", "EventData.Hash": "D1f6ckcOmOGY0WvyVsYPf0dunC5QNNXJX3MfKUCLQ2E=", "EventData.PageHash": "False", "EventData.SignatureType": "1", "EventData.ValidatedSigningLevel": "8", "EventData.VerificationError": "18", "EventData.Flags": "0", "EventData.PolicyBits": "128", "EventData.NotValidBefore": "2019-05-02 20:47:34+00:00", "EventData.NotValidAfter": "2020-05-02 20:47:34+00:00", "EventData.PublisherNameLength": "50", "EventData.PublisherName": "Microsoft Windows Software Compatibility Publisher", "EventData.IssuerNameLength": "47", "EventData.IssuerName": "Microsoft Windows Third Party Component CA 2013", "EventData.PublisherTBSHashSize": "32", "EventData.PublisherTBSHash": "jQuDJM7mRlBjH6e+lDnpUHVuNu3x/ITufqy8od1eV3I=", "EventData.IssuerTBSHashSize": "32", "EventData.IssuerTBSHash": "xV7kTG3ob6msP8kPhO8NSmytWqxqESBHyIuZfnVHrtE="}
{"EventID": "3089", "Channel": "Microsoft-Windows-CodeIntegrity/Operational", "Provider_Name": "Microsoft-Windows-CodeIntegrity", "Computer": "DESKTOP-OFJ6N53", "TimeCreated": "2025-04-02 09:18:34.953480+00:00", "RecordID": "63924", "Level": "4", "UserID": "S-1-5-18", "EventData.TotalSignatureCount": "2", "EventData.Signature": "1", "EventData.CacheState": "3", "EventData.Hash Size": "32", "EventData.Hash": "D1f6ckcOmOGY0WvyVsYPf0dunC5QNNXJX3MfKUCLQ2E=", "EventData.PageHash": "False", "EventData.SignatureType": "1", "EventData.ValidatedSigningLevel": "1", "EventData.VerificationError": "18", "EventData.Flags": "0", "EventData.PolicyBits": "16", "EventData.NotValidBefore": "2018-01-22 00:00:00+00:00", "EventData.NotValidAfter": "2021-03-05 12:00:00+00:00", "EventData.PublisherNameLength": "14", "EventData.PublisherName": "LLC Crypto-Pro", "EventData.IssuerNameLength": "34", "EventData.IssuerName": "DigiCert EV Code Signing CA (SHA2)", "EventData.PublisherTBSHashSize": "32", "EventData.PublisherTBSHash": "bSSn12wcu4g4gSlvMwWiHV9M9wWp9OQ2cIVVIyXQhpQ=", "EventData.IssuerTBSHashSize": "32", "EventData.IssuerTBSHash": "7sWBMdwRzX9RJQGxX9vGB0xgO2jKkfcWLVoEIFTtsM8="}
{"EventID": "3033", "Channel": "Microsoft-Windows-CodeIntegrity/Operational", "Provider_Name": "Microsoft-Windows-CodeIntegrity", "Computer": "DESKTOP-OFJ6N53", "TimeCreated": "2025-04-02 09:18:35.059080+00:00", "RecordID": "63925", "Level": "2", "UserID": "S-1-5-18", "EventData.FileNameLength": "52", "EventData.FileNameBuffer": "\\Device\\HarddiskVolume3\\Windows\\System32\\cpsspap.dll", "EventData.ProcessNameLength": "115", "EventData.ProcessNameBuffer": "\\Device\\HarddiskVolume3\\ProgramData\\Microsoft\\Windows Defender\\Platform\\4.18.25020.1009-0\\MpDefenderCoreService.exe", "EventData.RequestedPolicy": "7", "EventData.ValidatedPolicy": "1", "EventData.Status": "3221226536"}
{"EventID": "3089", "Channel": "Microsoft-Windows-CodeIntegrity/Operational", "Provider_Name": "Microsoft-Windows-CodeIntegrity", "Computer": "DESKTOP-OFJ6N53", "TimeCreated": "2025-04-02 09:18:35.059084+00:00", "RecordID": "63926", "Level": "4", "UserID": "S-1-5-18", "EventData.TotalSignatureCount": "2", "EventData.Signature": "0", "EventData.CacheState": "3", "EventData.Hash Size": "32", "EventData.Hash": "D1f6ckcOmOGY0WvyVsYPf0dunC5QNNXJX3MfKUCLQ2E=", "EventData.PageHash": "False", "EventData.SignatureType": "1", "EventData.ValidatedSigningLevel": "8", "EventData.VerificationError": "18", "EventData.Flags": "0", "EventData.PolicyBits": "128", "EventData.NotValidBefore": "2019-05-02 20:47:34+00:00", "EventData.NotValidAfter": "2020-05-02 20:47:34+00:00", "EventData.PublisherNameLength": "50", "EventData.PublisherName": "Microsoft Windows Software Compatibility Publisher", "EventData.IssuerNameLength": "47", "EventData.IssuerName": "Microsoft Windows Third Party Component CA 2013", "EventData.PublisherTBSHashSize": "32", "EventData.PublisherTBSHash": "jQuDJM7mRlBjH6e+lDnpUHVuNu3x/ITufqy8od1eV3I=", "EventData.IssuerTBSHashSize": "32", "EventData.IssuerTBSHash": "xV7kTG3ob6msP8kPhO8NSmytWqxqESBHyIuZfnVHrtE="}
{"EventID": "3089", "Channel": "Microsoft-Windows-CodeIntegrity/Operational", "Provider_Name": "Microsoft-Windows-CodeIntegrity", "Computer": "DESKTOP-OFJ6N53", "TimeCreated": "2025-04-02 09:18:35.059086+00:00", "RecordID": "63927", "Level": "4", "UserID": "S-1-5-18", "EventData.TotalSignatureCount": "2", "EventData.Signature": "1", "EventData.CacheState": "3", "EventData.Hash Size": "32", "EventData.Hash": "D1f6ckcOmOGY0WvyVsYPf0dunC5QNNXJX3MfKUCLQ2E=", "EventData.PageHash": "False", "EventData.SignatureType": "1", "EventData.ValidatedSigningLevel": "1", "EventData.VerificationError": "18", "EventData.Flags": "0", "EventData.PolicyBits": "16", "EventData.NotValidBefore": "2018-01-22 00:00:00+00:00", "EventData.NotValidAfter": "2021-03-05 12:00:00+00:00", "EventData.PublisherNameLength": "14", "EventData.PublisherName": "LLC Crypto-Pro", "EventData.IssuerNameLength": "34", "EventData.IssuerName": "DigiCert EV Code Signing CA (SHA2)", "EventData.PublisherTBSHashSize": "32", "EventData.PublisherTBSHash": "bSSn12wcu4g4gSlvMwWiHV9M9wWp9OQ2cIVVIyXQhpQ=", "EventData.IssuerTBSHashSize": "32", "EventData.IssuerTBSHash": "7sWBMdwRzX9RJQGxX9vGB0xgO2jKkfcWLVoEIFTtsM8="}
{"EventID": "3033", "Channel": "Microsoft-Windows-CodeIntegrity/Operational", "Provider_Name": "Microsoft-Windows-CodeIntegrity", "Computer": "DESKTOP-OFJ6N53", "TimeCreated": "2025-04-02 09:18:35.185064+00:00", "RecordID": "63928", "Level": "2", "UserID": "S-1-5-18", "EventData.FileNameLength": "52", "EventData.FileNameBuffer": "\\Device\\HarddiskVolume3\\Windows\\System32\\cpsspap.dll", "EventData.ProcessNameLength": "115", "EventData.ProcessNameBuffer": "\\Device\\HarddiskVolume3\\ProgramData\\Microsoft\\Windows Defender\\Platform\\4.18.25020.1009-0\\MpDefenderCoreService.exe", "EventData.RequestedPolicy": "7", "EventData.ValidatedPolicy": "1", "EventData.Status": "3221226536"}
{"EventID": "3089", "Channel": "Microsoft-Windows-CodeIntegrity/Operational", "Provider_Name": "Microsoft-Windows-CodeIntegrity", "Computer": "DESKTOP-OFJ6N53", "TimeCreated": "2025-04-02 09:18:35.185068+00:00", "RecordID": "63929", "Level": "4", "UserID": "S-1-5-18", "EventData.TotalSignatureCount": "2", "EventData.Signature": "0", "EventData.CacheState": "3", "EventData.Hash Size": "32", "EventData.Hash": "D1f6ckcOmOGY0WvyVsYPf0dunC5QNNXJX3MfKUCLQ2E=", "EventData.PageHash": "False", "EventData.SignatureType": "1", "EventData.ValidatedSigningLevel": "8", "EventData.VerificationError": "18", "EventData.Flags": "0", "EventData.PolicyBits": "128", "EventData.NotValidBefore": "2019-05-02 20:47:34+00:00", "EventData.NotValidAfter": "2020-05-02 20:47:34+00:00", "EventData.PublisherNameLength": "50", "EventData.PublisherName": "Microsoft Windows Software Compatibility Publisher", "EventData.IssuerNameLength": "47", "EventData.IssuerName": "Microsoft Windows Third Party Component CA 2013", "EventData.PublisherTBSHashSize": "32", "EventData.PublisherTBSHash": "jQuDJM7mRlBjH6e+lDnpUHVuNu3x/ITufqy8od1eV3I=", "EventData.IssuerTBSHashSize": "32", "EventData.IssuerTBSHash": "xV7kTG3ob6msP8kPhO8NSmytWqxqESBHyIuZfnVHrtE="}
{"EventID": "3089", "Channel": "Microsoft-Windows-CodeIntegrity/Operational", "Provider_Name": "Microsoft-Windows-CodeIntegrity", "Computer": "DESKTOP-OFJ6N53", "TimeCreated": "2025-04-02 09:18:35.185072+00:00", "RecordID": "63930", "Level": "4", "UserID": "S-1-5-18", "EventData.TotalSignatureCount": "2", "EventData.Signature": "1", "EventData.CacheState": "3", "EventData.Hash Size": "32", "EventData.Hash": "D1f6ckcOmOGY0WvyVsYPf0dunC5QNNXJX3MfKUCLQ2E=", "EventData.PageHash": "False", "EventData.SignatureType": "1", "EventData.ValidatedSigningLevel": "1", "EventData.VerificationError": "18", "EventData.Flags": "0", "EventData.PolicyBits": "16", "EventData.NotValidBefore": "2018-01-22 00:00:00+00:00", "EventData.NotValidAfter": "2021-03-05 12:00:00+00:00", "EventData.PublisherNameLength": "14", "EventData.PublisherName": "LLC Crypto-Pro", "EventData.IssuerNameLength": "34", "EventData.IssuerName": "DigiCert EV Code Signing CA (SHA2)", "EventData.PublisherTBSHashSize": "32", "EventData.PublisherTBSHash": "bSSn12wcu4g4gSlvMwWiHV9M9wWp9OQ2cIVVIyXQhpQ=", "EventData.IssuerTBSHashSize": "32", "EventData.IssuerTBSHash": "7sWBMdwRzX9RJQGxX9vGB0xgO2jKkfcWLVoEIFTtsM8="}
{"EventID": "3033", "Channel": "Microsoft-Windows-CodeIntegrity/Operational", "Provider_Name": "Microsoft-Windows-CodeIntegrity", "Computer": "DESKTOP-OFJ6N53", "TimeCreated": "2025-04-02 09:18:35.506454+00:00", "RecordID": "63931", "Level": "2", "UserID": "S-1-5-18", "EventData.FileNameLength": "52", "EventData.FileNameBuffer": "\\Device\\HarddiskVolume3\\Windows\\System32\\cpsspap.dll", "EventData.ProcessNameLength": "115", "EventData.ProcessNameBuffer": "\\Device\\HarddiskVolume3\\ProgramData\\Microsoft\\Windows Defender\\Platform\\4.18.25020.1009-0\\MpDefenderCoreService.exe", "EventData.RequestedPolicy": "7", "EventData.ValidatedPolicy": "1", "EventData.Status": "3221226536"}
{"EventID": "3089", "Channel": "Microsoft-Windows-CodeIntegrity/Operational", "Provider_Name": "Microsoft-Windows-CodeIntegrity", "Computer": "DESKTOP-OFJ6N53", "TimeCreated": "2025-04-02 09:18:35.506458+00:00", "RecordID": "63932", "Level": "4", "UserID": "S-1-5-18", "EventData.TotalSignatureCount": "2", "EventData.Signature": "0", "EventData.CacheState": "3", "EventData.Hash Size": "32", "EventData.Hash": "D1f6ckcOmOGY0WvyVsYPf0dunC5QNNXJX3MfKUCLQ2E=", "EventData.PageHash": "False", "EventData.SignatureType": "1", "EventData.ValidatedSigningLevel": "8", "EventData.VerificationError": "18", "EventData.Flags": "0", "EventData.PolicyBits": "128", "EventData.NotValidBefore": "2019-05-02 20:47:34+00:00", "EventData.NotValidAfter": "2020-05-02 20:47:34+00:00", "EventData.PublisherNameLength": "50", "EventData.PublisherName": "Microsoft Windows Software Compatibility Publisher", "EventData.IssuerNameLength": "47", "EventData.IssuerName": "Microsoft Windows Third Party Component CA 2013", "EventData.PublisherTBSHashSize": "32", "EventData.PublisherTBSHash": "jQuDJM7mRlBjH6e+lDnpUHVuNu3x/ITufqy8od1eV3I=", "EventData.IssuerTBSHashSize": "32", "EventData.IssuerTBSHash": "xV7kTG3ob6msP8kPhO8NSmytWqxqESBHyIuZfnVHrtE="}
{"EventID": "3089", "Channel": "Microsoft-Windows-CodeIntegrity/Operational", "Provider_Name": "Microsoft-Windows-CodeIntegrity", "Computer": "DESKTOP-OFJ6N53", "TimeCreated": "2025-04-02 09:18:35.506460+00:00", "RecordID": "63933", "Level": "4", "UserID": "S-1-5-18", "EventData.TotalSignatureCount": "2", "EventData.Signature": "1", "EventData.CacheState": "3", "EventData.Hash Size": "32", "EventData.Hash": "D1f6ckcOmOGY0WvyVsYPf0dunC5QNNXJX3MfKUCLQ2E=", "EventData.PageHash": "False", "EventData.SignatureType": "1", "EventData.ValidatedSigningLevel": "1", "EventData.VerificationError": "18", "EventData.Flags": "0", "EventData.PolicyBits": "16", "EventData.NotValidBefore": "2018-01-22 00:00:00+00:00", "EventData.NotValidAfter": "2021-03-05 12:00:00+00:00", "EventData.PublisherNameLength": "14", "EventData.PublisherName": "LLC Crypto-Pro", "EventData.IssuerNameLength": "34", "EventData.IssuerName": "DigiCert EV Code Signing CA (SHA2)", "EventData.PublisherTBSHashSize": "32", "EventData.PublisherTBSHash": "bSSn12wcu4g4gSlvMwWiHV9M9wWp9OQ2cIVVIyXQhpQ=", "EventData.IssuerTBSHashSize": "32", "EventData.IssuerTBSHash": "7sWBMdwRzX9RJQGxX9vGB0xgO2jKkfcWLVoEIFTtsM8="}
{"EventID": "3033", "Channel": "Microsoft-Windows-CodeIntegrity/Operational", "Provider_Name": "Microsoft-Windows-CodeIntegrity", "Computer": "DESKTOP-OFJ6N53", "TimeCreated": "2025-04-02 09:18:35.847179+00:00", "RecordID": "63934", "Level": "2", "UserID": "S-1-5-18", "EventData.FileNameLength": "52", "EventData.FileNameBuffer": "\\Device\\HarddiskVolume3\\Windows\\System32\\cpsspap.dll", "EventData.ProcessNameLength": "115", "EventData.ProcessNameBuffer": "\\Device\\HarddiskVolume3\\ProgramData\\Microsoft\\Windows Defender\\Platform\\4.18.25020.1009-0\\MpDefenderCoreService.exe", "EventData.RequestedPolicy": "7", "EventData.ValidatedPolicy": "1", "EventData.Status": "3221226536"}
{"EventID": "3089", "Channel": "Microsoft-Windows-CodeIntegrity/Operational", "Provider_Name": "Microsoft-Windows-CodeIntegrity", "Computer": "DESKTOP-OFJ6N53", "TimeCreated": "2025-04-02 09:18:35.847185+00:00", "RecordID": "63935", "Level": "4", "UserID": "S-1-5-18", "EventData.TotalSignatureCount": "2", "EventData.Signature": "0", "EventData.CacheState": "3", "EventData.Hash Size": "32", "EventData.Hash": "D1f6ckcOmOGY0WvyVsYPf0dunC5QNNXJX3MfKUCLQ2E=", "EventData.PageHash": "False", "EventData.SignatureType": "1", "EventData.ValidatedSigningLevel": "8", "EventData.VerificationError": "18", "EventData.Flags": "0", "EventData.PolicyBits": "128", "EventData.NotValidBefore": "2019-05-02 20:47:34+00:00", "EventData.NotValidAfter": "2020-05-02 20:47:34+00:00", "EventData.PublisherNameLength": "50", "EventData.PublisherName": "Microsoft Windows Software Compatibility Publisher", "EventData.IssuerNameLength": "47", "EventData.IssuerName": "Microsoft Windows Third Party Component CA 2013", "EventData.PublisherTBSHashSize": "32", "EventData.PublisherTBSHash": "jQuDJM7mRlBjH6e+lDnpUHVuNu3x/ITufqy8od1eV3I=", "EventData.IssuerTBSHashSize": "32", "EventData.IssuerTBSHash": "xV7kTG3ob6msP8kPhO8NSmytWqxqESBHyIuZfnVHrtE="}
{"EventID": "3089", "Channel": "Microsoft-Windows-CodeIntegrity/Operational", "Provider_Name": "Microsoft-Windows-CodeIntegrity", "Computer": "DESKTOP-OFJ6N53", "TimeCreated": "2025-04-02 09:18:35.847189+00:00", "RecordID": "63936", "Level": "4", "UserID": "S-1-5-18", "EventData.TotalSignatureCount": "2", "EventData.Signature": "1", "EventData.CacheState": "3", "EventData.Hash Size": "32", "EventData.Hash": "D1f6ckcOmOGY0WvyVsYPf0dunC5QNNXJX3MfKUCLQ2E=", "EventData.PageHash": "False", "EventData.SignatureType": "1", "EventData.ValidatedSigningLevel": "1", "EventData.VerificationError": "18", "EventData.Flags": "0", "EventData.PolicyBits": "16", "EventData.NotValidBefore": "2018-01-22 00:00:00+00:00", "EventData.NotValidAfter": "2021-03-05 12:00:00+00:00", "EventData.PublisherNameLength": "14", "EventData.PublisherName": "LLC Crypto-Pro", "EventData.IssuerNameLength": "34", "EventData.IssuerName": "DigiCert EV Code Signing CA (SHA2)", "EventData.PublisherTBSHashSize": "32", "EventData.PublisherTBSHash": "bSSn12wcu4g4gSlvMwWiHV9M9wWp9OQ2cIVVIyXQhpQ=", "EventData.IssuerTBSHashSize": "32", "EventData.IssuerTBSHash": "7sWBMdwRzX9RJQGxX9vGB0xgO2jKkfcWLVoEIFTtsM8="}
{"EventID": "3033", "Channel": "Microsoft-Windows-CodeIntegrity/Operational", "Provider_Name": "Microsoft-Windows-CodeIntegrity", "Computer": "DESKTOP-OFJ6N53", "TimeCreated": "2025-04-02 09:18:36.011082+00:00", "RecordID": "63937", "Level": "2", "UserID": "S-1-5-18", "EventData.FileNameLength": "52", "EventData.FileNameBuffer": "\\Device\\HarddiskVolume3\\Windows\\System32\\cpsspap.dll", "EventData.ProcessNameLength": "115", "EventData.ProcessNameBuffer": "\\Device\\HarddiskVolume3\\ProgramData\\Microsoft\\Windows Defender\\Platform\\4.18.25020.1009-0\\MpDefenderCoreService.exe", "EventData.RequestedPolicy": "7", "EventData.ValidatedPolicy": "1", "EventData.Status": "3221226536"}
{"EventID": "3089", "Channel": "Microsoft-Windows-CodeIntegrity/Operational", "Provider_Name": "Microsoft-Windows-CodeIntegrity", "Computer": "DESKTOP-OFJ6N53", "TimeCreated": "2025-04-02 09:18:36.011086+00:00", "RecordID": "63938", "Level": "4", "UserID": "S-1-5-18", "EventData.TotalSignatureCount": "2", "EventData.Signature": "0", "EventData.CacheState": "3", "EventData.Hash Size": "32", "EventData.Hash": "D1f6ckcOmOGY0WvyVsYPf0dunC5QNNXJX3MfKUCLQ2E=", "EventData.PageHash": "False", "EventData.SignatureType": "1", "EventData.ValidatedSigningLevel": "8", "EventData.VerificationError": "18", "EventData.Flags": "0", "EventData.PolicyBits": "128", "EventData.NotValidBefore": "2019-05-02 20:47:34+00:00", "EventData.NotValidAfter": "2020-05-02 20:47:34+00:00", "EventData.PublisherNameLength": "50", "EventData.PublisherName": "Microsoft Windows Software Compatibility Publisher", "EventData.IssuerNameLength": "47", "EventData.IssuerName": "Microsoft Windows Third Party Component CA 2013", "EventData.PublisherTBSHashSize": "32", "EventData.PublisherTBSHash": "jQuDJM7mRlBjH6e+lDnpUHVuNu3x/ITufqy8od1eV3I=", "EventData.IssuerTBSHashSize": "32", "EventData.IssuerTBSHash": "xV7kTG3ob6msP8kPhO8NSmytWqxqESBHyIuZfnVHrtE="}
{"EventID": "3089", "Channel": "Microsoft-Windows-CodeIntegrity/Operational", "Provider_Name": "Microsoft-Windows-CodeIntegrity", "Computer": "DESKTOP-OFJ6N53", "TimeCreated": "2025-04-02 09:18:36.011089+00:00", "RecordID": "63939", "Level": "4", "UserID": "S-1-5-18", "EventData.TotalSignatureCount": "2", "EventData.Signature": "1", "EventData.CacheState": "3", "EventData.Hash Size": "32", "EventData.Hash": "D1f6ckcOmOGY0WvyVsYPf0dunC5QNNXJX3MfKUCLQ2E=", "EventData.PageHash": "False", "EventData.SignatureType": "1", "EventData.ValidatedSigningLevel": "1", "EventData.VerificationError": "18", "EventData.Flags": "0", "EventData.PolicyBits": "16", "EventData.NotValidBefore": "2018-01-22 00:00:00+00:00", "EventData.NotValidAfter": "2021-03-05 12:00:00+00:00", "EventData.PublisherNameLength": "14", "EventData.PublisherName": "LLC Crypto-Pro", "EventData.IssuerNameLength": "34", "EventData.IssuerName": "DigiCert EV Code Signing CA (SHA2)", "EventData.PublisherTBSHashSize": "32", "EventData.PublisherTBSHash": "bSSn12wcu4g4gSlvMwWiHV9M9wWp9OQ2cIVVIyXQhpQ=", "EventData.IssuerTBSHashSize": "32", "EventData.IssuerTBSHash": "7sWBMdwRzX9RJQGxX9vGB0xgO2jKkfcWLVoEIFTtsM8="}
{"EventID": "3033", "Channel": "Microsoft-Windows-CodeIntegrity/Operational", "Provider_Name": "Microsoft-Windows-CodeIntegrity", "Computer": "DESKTOP-OFJ6N53", "TimeCreated": "2025-04-02 09:18:53.114807+00:00", "RecordID": "63940", "Level": "2", "UserID": "S-1-5-18", "EventData.FileNameLength": "98", "EventData.FileNameBuffer": "\\Device\\HarddiskVolume3\\Program Files (x86)\\CheckPoint\\Endpoint Security\\EFR\\CP_AmsiProvider64.dll", "EventData.ProcessNameLength": "54", "EventData.ProcessNameBuffer": "\\Device\\HarddiskVolume3\\Windows\\System32\\SIHClient.exe", "EventData.RequestedPolicy": "12", "EventData.ValidatedPolicy": "1", "EventData.Status": "3221226536"}
{"EventID": "3089", "Channel": "Microsoft-Windows-CodeIntegrity/Operational", "Provider_Name": "Microsoft-Windows-CodeIntegrity", "Computer": "DESKTOP-OFJ6N53", "TimeCreated": "2025-04-02 09:18:53.114811+00:00", "RecordID": "63941", "Level": "4", "UserID": "S-1-5-18", "EventData.TotalSignatureCount": "1", "EventData.Signature": "0", "EventData.CacheState": "3", "EventData.Hash Size": "32", "EventData.Hash": "qps+fWu+CD7Q37Kz8DjLhW8i/1DEbIglp+VDSfhr9Ek=", "EventData.PageHash": "False", "EventData.SignatureType": "1", "EventData.ValidatedSigningLevel": "1", "EventData.VerificationError": "7", "EventData.Flags": "0", "EventData.PolicyBits": "16", "EventData.NotValidBefore": "2021-11-25 00:00:00+00:00", "EventData.NotValidAfter": "2024-11-26 23:59:59+00:00", "EventData.PublisherNameLength": "38", "EventData.PublisherName": "Check Point Software Technologies Ltd.", "EventData.IssuerNameLength": "56", "EventData.IssuerName": "DigiCert Trusted G4 Code Signing RSA4096 SHA384 2021 CA1", "EventData.PublisherTBSHashSize": "32", "EventData.PublisherTBSHash": "aeokk3X8u2s48cIvxo9aqgxd7+LpYGKnClb/S0kxF78=", "EventData.IssuerTBSHashSize": "48", "EventData.IssuerTBSHash": "ZbHUB2qJric/V+bu7eyz6uEptBaPdvp2cZFM30YdVCJVxZ2bhbkWrgym/A/Peo5k"}
{"EventID": "3033", "Channel": "Microsoft-Windows-CodeIntegrity/Operational", "Provider_Name": "Microsoft-Windows-CodeIntegrity", "Computer": "DESKTOP-OFJ6N53", "TimeCreated": "2025-04-02 09:18:58.272411+00:00", "RecordID": "63942", "Level": "2", "UserID": "S-1-5-18", "EventData.FileNameLength": "98", "EventData.FileNameBuffer": "\\Device\\HarddiskVolume3\\Program Files (x86)\\CheckPoint\\Endpoint Security\\EFR\\CP_AmsiProvider64.dll", "EventData.ProcessNameLength": "54", "EventData.ProcessNameBuffer": "\\Device\\HarddiskVolume3\\Windows\\System32\\SIHClient.exe", "EventData.RequestedPolicy": "12", "EventData.ValidatedPolicy": "1", "EventData.Status": "3221226536"}
{"EventID": "3089", "Channel": "Microsoft-Windows-CodeIntegrity/Operational", "Provider_Name": "Microsoft-Windows-CodeIntegrity", "Computer": "DESKTOP-OFJ6N53", "TimeCreated": "2025-04-02 09:18:58.272413+00:00", "RecordID": "63943", "Level": "4", "UserID": "S-1-5-18", "EventData.TotalSignatureCount": "1", "EventData.Signature": "0", "EventData.CacheState": "3", "EventData.Hash Size": "32", "EventData.Hash": "qps+fWu+CD7Q37Kz8DjLhW8i/1DEbIglp+VDSfhr9Ek=", "EventData.PageHash": "False", "EventData.SignatureType": "1", "EventData.ValidatedSigningLevel": "1", "EventData.VerificationError": "7", "EventData.Flags": "0", "EventData.PolicyBits": "16", "EventData.NotValidBefore": "2021-11-25 00:00:00+00:00", "EventData.NotValidAfter": "2024-11-26 23:59:59+00:00", "EventData.PublisherNameLength": "38", "EventData.PublisherName": "Check Point Software Technologies Ltd.", "EventData.IssuerNameLength": "56", "EventData.IssuerName": "DigiCert Trusted G4 Code Signing RSA4096 SHA384 2021 CA1", "EventData.PublisherTBSHashSize": "32", "EventData.PublisherTBSHash": "aeokk3X8u2s48cIvxo9aqgxd7+LpYGKnClb/S0kxF78=", "EventData.IssuerTBSHashSize": "48", "EventData.IssuerTBSHash": "ZbHUB2qJric/V+bu7eyz6uEptBaPdvp2cZFM30YdVCJVxZ2bhbkWrgym/A/Peo5k"}
{"EventID": "3033", "Channel": "Microsoft-Windows-CodeIntegrity/Operational", "Provider_Name": "Microsoft-Windows-CodeIntegrity", "Computer": "DESKTOP-OFJ6N53", "TimeCreated": "2025-04-02 09:29:06.428215+00:00", "RecordID": "63944", "Level": "2", "UserID": "S-1-5-18", "EventData.FileNameLength": "83", "EventData.FileNameBuffer": "\\Device\\HarddiskVolume3\\Program Files\\Common Files\\Crypto Pro\\AppCompat\\cpadvai.dll", "EventData.ProcessNameLength": "102", "EventData.ProcessNameBuffer": "\\Device\\HarddiskVolume3\\ProgramData\\Microsoft\\Windows Defender\\Platform\\4.18.25020.1009-0\\MpCmdRun.exe", "EventData.RequestedPolicy": "8", "EventData.ValidatedPolicy": "1", "EventData.Status": "3221226536"}
{"EventID": "3089", "Channel": "Microsoft-Windows-CodeIntegrity/Operational", "Provider_Name": "Microsoft-Windows-CodeIntegrity", "Computer": "DESKTOP-OFJ6N53", "TimeCreated": "2025-04-02 09:29:06.428219+00:00", "RecordID": "63945", "Level": "4", "UserID": "S-1-5-18", "EventData.TotalSignatureCount": "2", "EventData.Signature": "0", "EventData.CacheState": "3", "EventData.Hash Size": "20", "EventData.Hash": "hgAWI9gi3ImMeQu2upEKuQTDX0o=", "EventData.PageHash": "False", "EventData.SignatureType": "1", "EventData.ValidatedSigningLevel": "1", "EventData.VerificationError": "7", "EventData.Flags": "0", "EventData.PolicyBits": "16", "EventData.NotValidBefore": "2019-03-28 00:00:00+00:00", "EventData.NotValidAfter": "2021-03-05 12:00:00+00:00", "EventData.PublisherNameLength": "14", "EventData.PublisherName": "LLC Crypto-Pro", "EventData.IssuerNameLength": "27", "EventData.IssuerName": "DigiCert EV Code Signing CA", "EventData.PublisherTBSHashSize": "20", "EventData.PublisherTBSHash": "ryzeyGzx0kbOBQrxo9TZ057FBVo=", "EventData.IssuerTBSHashSize": "20", "EventData.IssuerTBSHash": "LVTBao+LaczepI0GA8Ey9Uelz3U="}
{"EventID": "3089", "Channel": "Microsoft-Windows-CodeIntegrity/Operational", "Provider_Name": "Microsoft-Windows-CodeIntegrity", "Computer": "DESKTOP-OFJ6N53", "TimeCreated": "2025-04-02 09:29:06.428221+00:00", "RecordID": "63946", "Level": "4", "UserID": "S-1-5-18", "EventData.TotalSignatureCount": "2", "EventData.Signature": "1", "EventData.CacheState": "3", "EventData.Hash Size": "32", "EventData.Hash": "3CrSgSHYC5hzviemulsR+C5pSAYz78FnSZp2ZjbrqIQ=", "EventData.PageHash": "False", "EventData.SignatureType": "1", "EventData.ValidatedSigningLevel": "1", "EventData.VerificationError": "7", "EventData.Flags": "0", "EventData.PolicyBits": "16", "EventData.NotValidBefore": "2018-01-22 00:00:00+00:00", "EventData.NotValidAfter": "2021-03-05 12:00:00+00:00", "EventData.PublisherNameLength": "14", "EventData.PublisherName": "LLC Crypto-Pro", "EventData.IssuerNameLength": "34", "EventData.IssuerName": "DigiCert EV Code Signing CA (SHA2)", "EventData.PublisherTBSHashSize": "32", "EventData.PublisherTBSHash": "bSSn12wcu4g4gSlvMwWiHV9M9wWp9OQ2cIVVIyXQhpQ=", "EventData.IssuerTBSHashSize": "32", "EventData.IssuerTBSHash": "7sWBMdwRzX9RJQGxX9vGB0xgO2jKkfcWLVoEIFTtsM8="}
{"EventID": "3084", "Channel": "Microsoft-Windows-CodeIntegrity/Operational", "Provider_Name": "Microsoft-Windows-CodeIntegrity", "Computer": "DESKTOP-OFJ6N53", "TimeCreated": "2025-04-02 09:31:26.079485+00:00", "RecordID": "63947", "Level": "4", "UserID": "S-1-5-18", "EventData.Settings": "0x00000000", "EventData.Exemption": "1"}
{"EventID": "3033", "Channel": "Microsoft-Windows-CodeIntegrity/Operational", "Provider_Name": "Microsoft-Windows-CodeIntegrity", "Computer": "DESKTOP-OFJ6N53", "TimeCreated": "2025-04-02 09:31:46.267933+00:00", "RecordID": "63948", "Level": "2", "UserID": "S-1-5-18", "EventData.FileNameLength": "52", "EventData.FileNameBuffer": "\\Device\\HarddiskVolume3\\Windows\\System32\\cpsspap.dll", "EventData.ProcessNameLength": "115", "EventData.ProcessNameBuffer": "\\Device\\HarddiskVolume3\\ProgramData\\Microsoft\\Windows Defender\\Platform\\4.18.25020.1009-0\\MpDefenderCoreService.exe", "EventData.RequestedPolicy": "7", "EventData.ValidatedPolicy": "1", "EventData.Status": "3221226536"}
{"EventID": "3089", "Channel": "Microsoft-Windows-CodeIntegrity/Operational", "Provider_Name": "Microsoft-Windows-CodeIntegrity", "Computer": "DESKTOP-OFJ6N53", "TimeCreated": "2025-04-02 09:31:46.267937+00:00", "RecordID": "63949", "Level": "4", "UserID": "S-1-5-18", "EventData.TotalSignatureCount": "2", "EventData.Signature": "0", "EventData.CacheState": "3", "EventData.Hash Size": "32", "EventData.Hash": "D1f6ckcOmOGY0WvyVsYPf0dunC5QNNXJX3MfKUCLQ2E=", "EventData.PageHash": "False", "EventData.SignatureType": "1", "EventData.ValidatedSigningLevel": "8", "EventData.VerificationError": "18", "EventData.Flags": "0", "EventData.PolicyBits": "128", "EventData.NotValidBefore": "2019-05-02 20:47:34+00:00", "EventData.NotValidAfter": "2020-05-02 20:47:34+00:00", "EventData.PublisherNameLength": "50", "EventData.PublisherName": "Microsoft Windows Software Compatibility Publisher", "EventData.IssuerNameLength": "47", "EventData.IssuerName": "Microsoft Windows Third Party Component CA 2013", "EventData.PublisherTBSHashSize": "32", "EventData.PublisherTBSHash": "jQuDJM7mRlBjH6e+lDnpUHVuNu3x/ITufqy8od1eV3I=", "EventData.IssuerTBSHashSize": "32", "EventData.IssuerTBSHash": "xV7kTG3ob6msP8kPhO8NSmytWqxqESBHyIuZfnVHrtE="}
{"EventID": "3089", "Channel": "Microsoft-Windows-CodeIntegrity/Operational", "Provider_Name": "Microsoft-Windows-CodeIntegrity", "Computer": "DESKTOP-OFJ6N53", "TimeCreated": "2025-04-02 09:31:46.267939+00:00", "RecordID": "63950", "Level": "4", "UserID": "S-1-5-18", "EventData.TotalSignatureCount": "2", "EventData.Signature": "1", "EventData.CacheState": "3", "EventData.Hash Size": "32", "EventData.Hash": "D1f6ckcOmOGY0WvyVsYPf0dunC5QNNXJX3MfKUCLQ2E=", "EventData.PageHash": "False", "EventData.SignatureType": "1", "EventData.ValidatedSigningLevel": "1", "EventData.VerificationError": "18", "EventData.Flags": "0", "EventData.PolicyBits": "16", "EventData.NotValidBefore": "2018-01-22 00:00:00+00:00", "EventData.NotValidAfter": "2021-03-05 12:00:00+00:00", "EventData.PublisherNameLength": "14", "EventData.PublisherName": "LLC Crypto-Pro", "EventData.IssuerNameLength": "34", "EventData.IssuerName": "DigiCert EV Code Signing CA (SHA2)", "EventData.PublisherTBSHashSize": "32", "EventData.PublisherTBSHash": "bSSn12wcu4g4gSlvMwWiHV9M9wWp9OQ2cIVVIyXQhpQ=", "EventData.IssuerTBSHashSize": "32", "EventData.IssuerTBSHash": "7sWBMdwRzX9RJQGxX9vGB0xgO2jKkfcWLVoEIFTtsM8="}
{"EventID": "3033", "Channel": "Microsoft-Windows-CodeIntegrity/Operational", "Provider_Name": "Microsoft-Windows-CodeIntegrity", "Computer": "DESKTOP-OFJ6N53", "TimeCreated": "2025-04-02 09:31:46.285040+00:00", "RecordID": "63951", "Level": "2", "UserID": "S-1-5-18", "EventData.FileNameLength": "52", "EventData.FileNameBuffer": "\\Device\\HarddiskVolume3\\Windows\\System32\\cpsspap.dll", "EventData.ProcessNameLength": "115", "EventData.ProcessNameBuffer": "\\Device\\HarddiskVolume3\\ProgramData\\Microsoft\\Windows Defender\\Platform\\4.18.25020.1009-0\\MpDefenderCoreService.exe", "EventData.RequestedPolicy": "7", "EventData.ValidatedPolicy": "1", "EventData.Status": "3221226536"}
{"EventID": "3089", "Channel": "Microsoft-Windows-CodeIntegrity/Operational", "Provider_Name": "Microsoft-Windows-CodeIntegrity", "Computer": "DESKTOP-OFJ6N53", "TimeCreated": "2025-04-02 09:31:46.285042+00:00", "RecordID": "63952", "Level": "4", "UserID": "S-1-5-18", "EventData.TotalSignatureCount": "2", "EventData.Signature": "0", "EventData.CacheState": "3", "EventData.Hash Size": "32", "EventData.Hash": "D1f6ckcOmOGY0WvyVsYPf0dunC5QNNXJX3MfKUCLQ2E=", "EventData.PageHash": "False", "EventData.SignatureType": "1", "EventData.ValidatedSigningLevel": "8", "EventData.VerificationError": "18", "EventData.Flags": "0", "EventData.PolicyBits": "128", "EventData.NotValidBefore": "2019-05-02 20:47:34+00:00", "EventData.NotValidAfter": "2020-05-02 20:47:34+00:00", "EventData.PublisherNameLength": "50", "EventData.PublisherName": "Microsoft Windows Software Compatibility Publisher", "EventData.IssuerNameLength": "47", "EventData.IssuerName": "Microsoft Windows Third Party Component CA 2013", "EventData.PublisherTBSHashSize": "32", "EventData.PublisherTBSHash": "jQuDJM7mRlBjH6e+lDnpUHVuNu3x/ITufqy8od1eV3I=", "EventData.IssuerTBSHashSize": "32", "EventData.IssuerTBSHash": "xV7kTG3ob6msP8kPhO8NSmytWqxqESBHyIuZfnVHrtE="}
