{"EventID": "211", "Channel": "Microsoft-Windows-AppReadiness/Admin", "Provider_Name": "Microsoft-Windows-AppReadiness", "Computer": "DESKTOP-OFJ6N53", "TimeCreated": "2022-02-24 21:43:29.942684+00:00", "RecordID": "509", "Level": "4", "UserID": "S-1-5-18", "EventData.User": "S-1-5-18"}
{"EventID": "240", "Channel": "Microsoft-Windows-AppReadiness/Admin", "Provider_Name": "Microsoft-Windows-AppReadiness", "Computer": "DESKTOP-OFJ6N53", "TimeCreated": "2022-02-24 21:43:31.338560+00:00", "RecordID": "510", "Level": "4", "UserID": "S-1-5-18", "EventData.User": "S-1-5-18", "EventData.TaskId": "packageChanges-35", "EventData.TaskCount": "1"}
{"EventID": "109", "Channel": "Microsoft-Windows-AppReadiness/Admin", "Provider_Name": "Microsoft-Windows-AppReadiness", "Computer": "DESKTOP-OFJ6N53", "TimeCreated": "2022-02-24 21:43:31.339693+00:00", "RecordID": "511", "Level": "4", "UserID": "S-1-5-18", "EventData.Source": "1", "EventData.Result": "0"}
{"EventID": "241", "Channel": "Microsoft-Windows-AppReadiness/Admin", "Provider_Name": "Microsoft-Windows-AppReadiness", "Computer": "DESKTOP-OFJ6N53", "TimeCreated": "2022-02-24 21:43:31.339771+00:00", "RecordID": "512", "Level": "4", "UserID": "S-1-5-18", "EventData.User": "S-1-5-18", "EventData.TaskId": "packageChanges-35", "EventData.TaskCount": "0"}
{"EventID": "220", "Channel": "Microsoft-Windows-AppReadiness/Admin", "Provider_Name": "Microsoft-Windows-AppReadiness", "Computer": "DESKTOP-OFJ6N53", "TimeCreated": "2022-02-24 21:43:31.339771+00:00", "RecordID": "513", "Level": "4", "UserID": "S-1-5-18", "EventData.Username": "S-1-5-18", "EventData.Task": "packageChanges-35", "EventData.Elapsed": "0.0"}
{"EventID": "211", "Channel": "Microsoft-Windows-AppReadiness/Admin", "Provider_Name": "Microsoft-Windows-AppReadiness", "Computer": "DESKTOP-OFJ6N53", "TimeCreated": "2022-02-24 21:43:31.339836+00:00", "RecordID": "514", "Level": "4", "UserID": "S-1-5-18", "EventData.User": "S-1-5-18"}
{"EventID": "240", "Channel": "Microsoft-Windows-AppReadiness/Admin", "Provider_Name": "Microsoft-Windows-AppReadiness", "Computer": "DESKTOP-OFJ6N53", "TimeCreated": "2022-02-24 21:43:32.630560+00:00", "RecordID": "515", "Level": "4", "UserID": "S-1-5-18", "EventData.User": "S-1-5-18", "EventData.TaskId": "packageChanges-36", "EventData.TaskCount": "1"}
{"EventID": "109", "Channel": "Microsoft-Windows-AppReadiness/Admin", "Provider_Name": "Microsoft-Windows-AppReadiness", "Computer": "DESKTOP-OFJ6N53", "TimeCreated": "2022-02-24 21:43:32.631145+00:00", "RecordID": "516", "Level": "4", "UserID": "S-1-5-18", "EventData.Source": "1", "EventData.Result": "0"}
{"EventID": "241", "Channel": "Microsoft-Windows-AppReadiness/Admin", "Provider_Name": "Microsoft-Windows-AppReadiness", "Computer": "DESKTOP-OFJ6N53", "TimeCreated": "2022-02-24 21:43:32.631205+00:00", "RecordID": "517", "Level": "4", "UserID": "S-1-5-18", "EventData.User": "S-1-5-18", "EventData.TaskId": "packageChanges-36", "EventData.TaskCount": "0"}
{"EventID": "220", "Channel": "Microsoft-Windows-AppReadiness/Admin", "Provider_Name": "Microsoft-Windows-AppReadiness", "Computer": "DESKTOP-OFJ6N53", "TimeCreated": "2022-02-24 21:43:32.631207+00:00", "RecordID": "518", "Level": "4", "UserID": "S-1-5-18", "EventData.Username": "S-1-5-18", "EventData.Task": "packageChanges-36", "EventData.Elapsed": "0.0"}
{"EventID": "211", "Channel": "Microsoft-Windows-AppReadiness/Admin", "Provider_Name": "Microsoft-Windows-AppReadiness", "Computer": "DESKTOP-OFJ6N53", "TimeCreated": "2022-02-24 21:43:32.631254+00:00", "RecordID": "519", "Level": "4", "UserID": "S-1-5-18", "EventData.User": "S-1-5-18"}
{"EventID": "240", "Channel": "Microsoft-Windows-AppReadiness/Admin", "Provider_Name": "Microsoft-Windows-AppReadiness", "Computer": "DESKTOP-OFJ6N53", "TimeCreated": "2022-02-24 21:43:33.942780+00:00", "RecordID": "520", "Level": "4", "UserID": "S-1-5-18", "EventData.User": "S-1-5-18", "EventData.TaskId": "packageChanges-37", "EventData.TaskCount": "1"}
{"EventID": "109", "Channel": "Microsoft-Windows-AppReadiness/Admin", "Provider_Name": "Microsoft-Windows-AppReadiness", "Computer": "DESKTOP-OFJ6N53", "TimeCreated": "2022-02-24 21:43:33.943325+00:00", "RecordID": "521", "Level": "4", "UserID": "S-1-5-18", "EventData.Source": "1", "EventData.Result": "0"}
{"EventID": "241", "Channel": "Microsoft-Windows-AppReadiness/Admin", "Provider_Name": "Microsoft-Windows-AppReadiness", "Computer": "DESKTOP-OFJ6N53", "TimeCreated": "2022-02-24 21:43:33.943377+00:00", "RecordID": "522", "Level": "4", "UserID": "S-1-5-18", "EventData.User": "S-1-5-18", "EventData.TaskId": "packageChanges-37", "EventData.TaskCount": "0"}
{"EventID": "220", "Channel": "Microsoft-Windows-AppReadiness/Admin", "Provider_Name": "Microsoft-Windows-AppReadiness", "Computer": "DESKTOP-OFJ6N53", "TimeCreated": "2022-02-24 21:43:33.943378+00:00", "RecordID": "523", "Level": "4", "UserID": "S-1-5-18", "EventData.Username": "S-1-5-18", "EventData.Task": "packageChanges-37", "EventData.Elapsed": "0.0"}
{"EventID": "211", "Channel": "Microsoft-Windows-AppReadiness/Admin", "Provider_Name": "Microsoft-Windows-AppReadiness", "Computer": "DESKTOP-OFJ6N53", "TimeCreated": "2022-02-24 21:43:33.943436+00:00", "RecordID": "524", "Level": "4", "UserID": "S-1-5-18", "EventData.User": "S-1-5-18"}
{"EventID": "240", "Channel": "Microsoft-Windows-AppReadiness/Admin", "Provider_Name": "Microsoft-Windows-AppReadiness", "Computer": "DESKTOP-OFJ6N53", "TimeCreated": "2022-02-24 21:43:35.196985+00:00", "RecordID": "525", "Level": "4", "UserID": "S-1-5-18", "EventData.User": "S-1-5-18", "EventData.TaskId": "packageChanges-38", "EventData.TaskCount": "1"}
{"EventID": "109", "Channel": "Microsoft-Windows-AppReadiness/Admin", "Provider_Name": "Microsoft-Windows-AppReadiness", "Computer": "DESKTOP-OFJ6N53", "TimeCreated": "2022-02-24 21:43:35.197556+00:00", "RecordID": "526", "Level": "4", "UserID": "S-1-5-18", "EventData.Source": "1", "EventData.Result": "0"}
{"EventID": "241", "Channel": "Microsoft-Windows-AppReadiness/Admin", "Provider_Name": "Microsoft-Windows-AppReadiness", "Computer": "DESKTOP-OFJ6N53", "TimeCreated": "2022-02-24 21:43:35.197603+00:00", "RecordID": "527", "Level": "4", "UserID": "S-1-5-18", "EventData.User": "S-1-5-18", "EventData.TaskId": "packageChanges-38", "EventData.TaskCount": "0"}
{"EventID": "220", "Channel": "Microsoft-Windows-AppReadiness/Admin", "Provider_Name": "Microsoft-Windows-AppReadiness", "Computer": "DESKTOP-OFJ6N53", "TimeCreated": "2022-02-24 21:43:35.197605+00:00", "RecordID": "528", "Level": "4", "UserID": "S-1-5-18", "EventData.Username": "S-1-5-18", "EventData.Task": "packageChanges-38", "EventData.Elapsed": "0.0"}
{"EventID": "211", "Channel": "Microsoft-Windows-AppReadiness/Admin", "Provider_Name": "Microsoft-Windows-AppReadiness", "Computer": "DESKTOP-OFJ6N53", "TimeCreated": "2022-02-24 21:43:35.197653+00:00", "RecordID": "529", "Level": "4", "UserID": "S-1-5-18", "EventData.User": "S-1-5-18"}
{"EventID": "209", "Channel": "Microsoft-Windows-AppReadiness/Admin", "Provider_Name": "Microsoft-Windows-AppReadiness", "Computer": "DESKTOP-OFJ6N53", "TimeCreated": "2022-02-24 21:44:18.054804+00:00", "RecordID": "530", "Level": "4", "UserID": "S-1-5-18", "EventData.User": "S-1-5-21-963789628-1060504924-4285088085-1001", "EventData.From": "2", "EventData.To": "0"}
{"EventID": "232", "Channel": "Microsoft-Windows-AppReadiness/Admin", "Provider_Name": "Microsoft-Windows-AppReadiness", "Computer": "DESKTOP-OFJ6N53", "TimeCreated": "2022-02-24 21:44:18.076496+00:00", "RecordID": "531", "Level": "4", "UserID": "S-1-5-18", "EventData.ExitCode": "0x00000000"}
{"EventID": "236", "Channel": "Microsoft-Windows-AppReadiness/Admin", "Provider_Name": "Microsoft-Windows-AppReadiness", "Computer": "DESKTOP-OFJ6N53", "TimeCreated": "2022-02-24 21:44:20.229261+00:00", "RecordID": "532", "Level": "4", "UserID": "S-1-5-21-963789628-1060504924-4285088085-1001", "EventData.ExitCode": "0x00000000"}
{"EventID": "238", "Channel": "Microsoft-Windows-AppReadiness/Admin", "Provider_Name": "Microsoft-Windows-AppReadiness", "Computer": "DESKTOP-OFJ6N53", "TimeCreated": "2022-02-24 21:44:20.588778+00:00", "RecordID": "533", "Level": "4", "UserID": "S-1-5-21-963789628-1060504924-4285088085-1001", "EventData.ExitCode": "0x00000000"}
{"EventID": "240", "Channel": "Microsoft-Windows-AppReadiness/Admin", "Provider_Name": "Microsoft-Windows-AppReadiness", "Computer": "DESKTOP-OFJ6N53", "TimeCreated": "2022-02-24 21:44:20.595797+00:00", "RecordID": "534", "Level": "4", "UserID": "S-1-5-18", "EventData.User": "S-1-5-21-963789628-1060504924-4285088085-1001", "EventData.TaskId": "install::Microsoft.Windows.CloudExperienceHost_cw5n1h2txyewy", "EventData.TaskCount": "1"}
{"EventID": "240", "Channel": "Microsoft-Windows-AppReadiness/Admin", "Provider_Name": "Microsoft-Windows-AppReadiness", "Computer": "DESKTOP-OFJ6N53", "TimeCreated": "2022-02-24 21:44:20.595882+00:00", "RecordID": "535", "Level": "4", "UserID": "S-1-5-18", "EventData.User": "S-1-5-21-963789628-1060504924-4285088085-1001", "EventData.TaskId": "install::Microsoft.BioEnrollment_cw5n1h2txyewy", "EventData.TaskCount": "2"}
{"EventID": "240", "Channel": "Microsoft-Windows-AppReadiness/Admin", "Provider_Name": "Microsoft-Windows-AppReadiness", "Computer": "DESKTOP-OFJ6N53", "TimeCreated": "2022-02-24 21:44:20.595942+00:00", "RecordID": "536", "Level": "4", "UserID": "S-1-5-18", "EventData.User": "S-1-5-21-963789628-1060504924-4285088085-1001", "EventData.TaskId": "install::Microsoft.AAD.BrokerPlugin_cw5n1h2txyewy", "EventData.TaskCount": "3"}
{"EventID": "240", "Channel": "Microsoft-Windows-AppReadiness/Admin", "Provider_Name": "Microsoft-Windows-AppReadiness", "Computer": "DESKTOP-OFJ6N53", "TimeCreated": "2022-02-24 21:44:20.596001+00:00", "RecordID": "537", "Level": "4", "UserID": "S-1-5-18", "EventData.User": "S-1-5-21-963789628-1060504924-4285088085-1001", "EventData.TaskId": "install::Microsoft.Windows.OOBENetworkConnectionFlow_cw5n1h2txyewy", "EventData.TaskCount": "4"}
{"EventID": "240", "Channel": "Microsoft-Windows-AppReadiness/Admin", "Provider_Name": "Microsoft-Windows-AppReadiness", "Computer": "DESKTOP-OFJ6N53", "TimeCreated": "2022-02-24 21:44:20.596062+00:00", "RecordID": "538", "Level": "4", "UserID": "S-1-5-18", "EventData.User": "S-1-5-21-963789628-1060504924-4285088085-1001", "EventData.TaskId": "install::Microsoft.Windows.OOBENetworkCaptivePortal_cw5n1h2txyewy", "EventData.TaskCount": "5"}
{"EventID": "240", "Channel": "Microsoft-Windows-AppReadiness/Admin", "Provider_Name": "Microsoft-Windows-AppReadiness", "Computer": "DESKTOP-OFJ6N53", "TimeCreated": "2022-02-24 21:44:20.596155+00:00", "RecordID": "539", "Level": "4", "UserID": "S-1-5-18", "EventData.User": "S-1-5-21-963789628-1060504924-4285088085-1001", "EventData.TaskId": "install::MicrosoftWindows.UndockedDevKit_cw5n1h2txyewy", "EventData.TaskCount": "6"}
{"EventID": "240", "Channel": "Microsoft-Windows-AppReadiness/Admin", "Provider_Name": "Microsoft-Windows-AppReadiness", "Computer": "DESKTOP-OFJ6N53", "TimeCreated": "2022-02-24 21:44:20.596214+00:00", "RecordID": "540", "Level": "4", "UserID": "S-1-5-18", "EventData.User": "S-1-5-21-963789628-1060504924-4285088085-1001", "EventData.TaskId": "install::Microsoft.Windows.StartMenuExperienceHost_cw5n1h2txyewy", "EventData.TaskCount": "7"}
{"EventID": "240", "Channel": "Microsoft-Windows-AppReadiness/Admin", "Provider_Name": "Microsoft-Windows-AppReadiness", "Computer": "DESKTOP-OFJ6N53", "TimeCreated": "2022-02-24 21:44:20.596273+00:00", "RecordID": "541", "Level": "4", "UserID": "S-1-5-18", "EventData.User": "S-1-5-21-963789628-1060504924-4285088085-1001", "EventData.TaskId": "install::Microsoft.Windows.ShellExperienceHost_cw5n1h2txyewy", "EventData.TaskCount": "8"}
{"EventID": "240", "Channel": "Microsoft-Windows-AppReadiness/Admin", "Provider_Name": "Microsoft-Windows-AppReadiness", "Computer": "DESKTOP-OFJ6N53", "TimeCreated": "2022-02-24 21:44:20.596331+00:00", "RecordID": "542", "Level": "4", "UserID": "S-1-5-18", "EventData.User": "S-1-5-21-963789628-1060504924-4285088085-1001", "EventData.TaskId": "install::windows.immersivecontrolpanel_cw5n1h2txyewy", "EventData.TaskCount": "9"}
{"EventID": "240", "Channel": "Microsoft-Windows-AppReadiness/Admin", "Provider_Name": "Microsoft-Windows-AppReadiness", "Computer": "DESKTOP-OFJ6N53", "TimeCreated": "2022-02-24 21:44:20.596388+00:00", "RecordID": "543", "Level": "4", "UserID": "S-1-5-18", "EventData.User": "S-1-5-21-963789628-1060504924-4285088085-1001", "EventData.TaskId": "install::Microsoft.Windows.Search_cw5n1h2txyewy", "EventData.TaskCount": "10"}
{"EventID": "240", "Channel": "Microsoft-Windows-AppReadiness/Admin", "Provider_Name": "Microsoft-Windows-AppReadiness", "Computer": "DESKTOP-OFJ6N53", "TimeCreated": "2022-02-24 21:44:20.596445+00:00", "RecordID": "544", "Level": "4", "UserID": "S-1-5-18", "EventData.User": "S-1-5-21-963789628-1060504924-4285088085-1001", "EventData.TaskId": "install::1527c705-839a-4832-9118-54d4Bd6a0c89_cw5n1h2txyewy", "EventData.TaskCount": "11"}
{"EventID": "240", "Channel": "Microsoft-Windows-AppReadiness/Admin", "Provider_Name": "Microsoft-Windows-AppReadiness", "Computer": "DESKTOP-OFJ6N53", "TimeCreated": "2022-02-24 21:44:20.597984+00:00", "RecordID": "545", "Level": "4", "UserID": "S-1-5-18", "EventData.User": "S-1-5-21-963789628-1060504924-4285088085-1001", "EventData.TaskId": "PreviewTiles", "EventData.TaskCount": "12"}
{"EventID": "240", "Channel": "Microsoft-Windows-AppReadiness/Admin", "Provider_Name": "Microsoft-Windows-AppReadiness", "Computer": "DESKTOP-OFJ6N53", "TimeCreated": "2022-02-24 21:44:20.598038+00:00", "RecordID": "546", "Level": "4", "UserID": "S-1-5-18", "EventData.User": "S-1-5-21-963789628-1060504924-4285088085-1001", "EventData.TaskId": "install::c5e2524a-ea46-4f67-841f-6a9465d9d515_cw5n1h2txyewy", "EventData.TaskCount": "13"}
{"EventID": "240", "Channel": "Microsoft-Windows-AppReadiness/Admin", "Provider_Name": "Microsoft-Windows-AppReadiness", "Computer": "DESKTOP-OFJ6N53", "TimeCreated": "2022-02-24 21:44:20.598227+00:00", "RecordID": "547", "Level": "4", "UserID": "S-1-5-18", "EventData.User": "S-1-5-21-963789628-1060504924-4285088085-1001", "EventData.TaskId": "install::E2A4F912-2574-4A75-9BB0-0D023378592B_cw5n1h2txyewy", "EventData.TaskCount": "14"}
{"EventID": "240", "Channel": "Microsoft-Windows-AppReadiness/Admin", "Provider_Name": "Microsoft-Windows-AppReadiness", "Computer": "DESKTOP-OFJ6N53", "TimeCreated": "2022-02-24 21:44:20.598356+00:00", "RecordID": "548", "Level": "4", "UserID": "S-1-5-18", "EventData.User": "S-1-5-21-963789628-1060504924-4285088085-1001", "EventData.TaskId": "install::F46D4000-FD22-4DB4-AC8E-4E1DDDE828FE_cw5n1h2txyewy", "EventData.TaskCount": "15"}
{"EventID": "240", "Channel": "Microsoft-Windows-AppReadiness/Admin", "Provider_Name": "Microsoft-Windows-AppReadiness", "Computer": "DESKTOP-OFJ6N53", "TimeCreated": "2022-02-24 21:44:20.598490+00:00", "RecordID": "549", "Level": "4", "UserID": "S-1-5-18", "EventData.User": "S-1-5-21-963789628-1060504924-4285088085-1001", "EventData.TaskId": "install::Microsoft.AccountsControl_cw5n1h2txyewy", "EventData.TaskCount": "16"}
{"EventID": "240", "Channel": "Microsoft-Windows-AppReadiness/Admin", "Provider_Name": "Microsoft-Windows-AppReadiness", "Computer": "DESKTOP-OFJ6N53", "TimeCreated": "2022-02-24 21:44:20.598623+00:00", "RecordID": "550", "Level": "4", "UserID": "S-1-5-18", "EventData.User": "S-1-5-21-963789628-1060504924-4285088085-1001", "EventData.TaskId": "install::Microsoft.AsyncTextService_8wekyb3d8bbwe", "EventData.TaskCount": "17"}
{"EventID": "240", "Channel": "Microsoft-Windows-AppReadiness/Admin", "Provider_Name": "Microsoft-Windows-AppReadiness", "Computer": "DESKTOP-OFJ6N53", "TimeCreated": "2022-02-24 21:44:20.598743+00:00", "RecordID": "551", "Level": "4", "UserID": "S-1-5-18", "EventData.User": "S-1-5-21-963789628-1060504924-4285088085-1001", "EventData.TaskId": "install::Microsoft.CredDialogHost_cw5n1h2txyewy", "EventData.TaskCount": "18"}
{"EventID": "240", "Channel": "Microsoft-Windows-AppReadiness/Admin", "Provider_Name": "Microsoft-Windows-AppReadiness", "Computer": "DESKTOP-OFJ6N53", "TimeCreated": "2022-02-24 21:44:20.598864+00:00", "RecordID": "552", "Level": "4", "UserID": "S-1-5-18", "EventData.User": "S-1-5-21-963789628-1060504924-4285088085-1001", "EventData.TaskId": "install::Microsoft.ECApp_8wekyb3d8bbwe", "EventData.TaskCount": "19"}
{"EventID": "240", "Channel": "Microsoft-Windows-AppReadiness/Admin", "Provider_Name": "Microsoft-Windows-AppReadiness", "Computer": "DESKTOP-OFJ6N53", "TimeCreated": "2022-02-24 21:44:20.598982+00:00", "RecordID": "553", "Level": "4", "UserID": "S-1-5-18", "EventData.User": "S-1-5-21-963789628-1060504924-4285088085-1001", "EventData.TaskId": "install::Microsoft.LockApp_cw5n1h2txyewy", "EventData.TaskCount": "20"}
{"EventID": "240", "Channel": "Microsoft-Windows-AppReadiness/Admin", "Provider_Name": "Microsoft-Windows-AppReadiness", "Computer": "DESKTOP-OFJ6N53", "TimeCreated": "2022-02-24 21:44:20.599106+00:00", "RecordID": "554", "Level": "4", "UserID": "S-1-5-18", "EventData.User": "S-1-5-21-963789628-1060504924-4285088085-1001", "EventData.TaskId": "install::Microsoft.MicrosoftEdgeDevToolsClient_8wekyb3d8bbwe", "EventData.TaskCount": "21"}
{"EventID": "240", "Channel": "Microsoft-Windows-AppReadiness/Admin", "Provider_Name": "Microsoft-Windows-AppReadiness", "Computer": "DESKTOP-OFJ6N53", "TimeCreated": "2022-02-24 21:44:20.599222+00:00", "RecordID": "555", "Level": "4", "UserID": "S-1-5-18", "EventData.User": "S-1-5-21-963789628-1060504924-4285088085-1001", "EventData.TaskId": "install::Microsoft.MicrosoftEdge_8wekyb3d8bbwe", "EventData.TaskCount": "22"}
{"EventID": "240", "Channel": "Microsoft-Windows-AppReadiness/Admin", "Provider_Name": "Microsoft-Windows-AppReadiness", "Computer": "DESKTOP-OFJ6N53", "TimeCreated": "2022-02-24 21:44:20.599285+00:00", "RecordID": "556", "Level": "4", "UserID": "S-1-5-18", "EventData.User": "S-1-5-21-963789628-1060504924-4285088085-1001", "EventData.TaskId": "install::Microsoft.Win32WebViewHost_cw5n1h2txyewy", "EventData.TaskCount": "23"}
{"EventID": "240", "Channel": "Microsoft-Windows-AppReadiness/Admin", "Provider_Name": "Microsoft-Windows-AppReadiness", "Computer": "DESKTOP-OFJ6N53", "TimeCreated": "2022-02-24 21:44:20.599407+00:00", "RecordID": "557", "Level": "4", "UserID": "S-1-5-18", "EventData.User": "S-1-5-21-963789628-1060504924-4285088085-1001", "EventData.TaskId": "install::Microsoft.Windows.AppRep.ChxApp_cw5n1h2txyewy", "EventData.TaskCount": "24"}
{"EventID": "240", "Channel": "Microsoft-Windows-AppReadiness/Admin", "Provider_Name": "Microsoft-Windows-AppReadiness", "Computer": "DESKTOP-OFJ6N53", "TimeCreated": "2022-02-24 21:44:20.599533+00:00", "RecordID": "558", "Level": "4", "UserID": "S-1-5-18", "EventData.User": "S-1-5-21-963789628-1060504924-4285088085-1001", "EventData.TaskId": "install::Microsoft.Windows.AssignedAccessLockApp_cw5n1h2txyewy", "EventData.TaskCount": "25"}
{"EventID": "240", "Channel": "Microsoft-Windows-AppReadiness/Admin", "Provider_Name": "Microsoft-Windows-AppReadiness", "Computer": "DESKTOP-OFJ6N53", "TimeCreated": "2022-02-24 21:44:20.599667+00:00", "RecordID": "559", "Level": "4", "UserID": "S-1-5-18", "EventData.User": "S-1-5-21-963789628-1060504924-4285088085-1001", "EventData.TaskId": "install::Microsoft.Windows.CallingShellApp_cw5n1h2txyewy", "EventData.TaskCount": "26"}
{"EventID": "240", "Channel": "Microsoft-Windows-AppReadiness/Admin", "Provider_Name": "Microsoft-Windows-AppReadiness", "Computer": "DESKTOP-OFJ6N53", "TimeCreated": "2022-02-24 21:44:20.599791+00:00", "RecordID": "560", "Level": "4", "UserID": "S-1-5-18", "EventData.User": "S-1-5-21-963789628-1060504924-4285088085-1001", "EventData.TaskId": "install::Microsoft.Windows.CapturePicker_cw5n1h2txyewy", "EventData.TaskCount": "27"}
{"EventID": "240", "Channel": "Microsoft-Windows-AppReadiness/Admin", "Provider_Name": "Microsoft-Windows-AppReadiness", "Computer": "DESKTOP-OFJ6N53", "TimeCreated": "2022-02-24 21:44:20.599915+00:00", "RecordID": "561", "Level": "4", "UserID": "S-1-5-18", "EventData.User": "S-1-5-21-963789628-1060504924-4285088085-1001", "EventData.TaskId": "install::Microsoft.Windows.ContentDeliveryManager_cw5n1h2txyewy", "EventData.TaskCount": "28"}
{"EventID": "240", "Channel": "Microsoft-Windows-AppReadiness/Admin", "Provider_Name": "Microsoft-Windows-AppReadiness", "Computer": "DESKTOP-OFJ6N53", "TimeCreated": "2022-02-24 21:44:20.599974+00:00", "RecordID": "562", "Level": "4", "UserID": "S-1-5-18", "EventData.User": "S-1-5-21-963789628-1060504924-4285088085-1001", "EventData.TaskId": "install::Microsoft.Windows.NarratorQuickStart_8wekyb3d8bbwe", "EventData.TaskCount": "29"}
{"EventID": "240", "Channel": "Microsoft-Windows-AppReadiness/Admin", "Provider_Name": "Microsoft-Windows-AppReadiness", "Computer": "DESKTOP-OFJ6N53", "TimeCreated": "2022-02-24 21:44:20.600101+00:00", "RecordID": "563", "Level": "4", "UserID": "S-1-5-18", "EventData.User": "S-1-5-21-963789628-1060504924-4285088085-1001", "EventData.TaskId": "install::Microsoft.Windows.ParentalControls_cw5n1h2txyewy", "EventData.TaskCount": "30"}
{"EventID": "240", "Channel": "Microsoft-Windows-AppReadiness/Admin", "Provider_Name": "Microsoft-Windows-AppReadiness", "Computer": "DESKTOP-OFJ6N53", "TimeCreated": "2022-02-24 21:44:20.600222+00:00", "RecordID": "564", "Level": "4", "UserID": "S-1-5-18", "EventData.User": "S-1-5-21-963789628-1060504924-4285088085-1001", "EventData.TaskId": "install::Microsoft.Windows.PeopleExperienceHost_cw5n1h2txyewy", "EventData.TaskCount": "31"}
{"EventID": "240", "Channel": "Microsoft-Windows-AppReadiness/Admin", "Provider_Name": "Microsoft-Windows-AppReadiness", "Computer": "DESKTOP-OFJ6N53", "TimeCreated": "2022-02-24 21:44:20.600342+00:00", "RecordID": "565", "Level": "4", "UserID": "S-1-5-18", "EventData.User": "S-1-5-21-963789628-1060504924-4285088085-1001", "EventData.TaskId": "install::Microsoft.Windows.PinningConfirmationDialog_cw5n1h2txyewy", "EventData.TaskCount": "32"}
{"EventID": "240", "Channel": "Microsoft-Windows-AppReadiness/Admin", "Provider_Name": "Microsoft-Windows-AppReadiness", "Computer": "DESKTOP-OFJ6N53", "TimeCreated": "2022-02-24 21:44:20.600473+00:00", "RecordID": "566", "Level": "4", "UserID": "S-1-5-18", "EventData.User": "S-1-5-21-963789628-1060504924-4285088085-1001", "EventData.TaskId": "install::Microsoft.Windows.SecHealthUI_cw5n1h2txyewy", "EventData.TaskCount": "33"}
{"EventID": "240", "Channel": "Microsoft-Windows-AppReadiness/Admin", "Provider_Name": "Microsoft-Windows-AppReadiness", "Computer": "DESKTOP-OFJ6N53", "TimeCreated": "2022-02-24 21:44:20.600599+00:00", "RecordID": "567", "Level": "4", "UserID": "S-1-5-18", "EventData.User": "S-1-5-21-963789628-1060504924-4285088085-1001", "EventData.TaskId": "install::Microsoft.Windows.SecureAssessmentBrowser_cw5n1h2txyewy", "EventData.TaskCount": "34"}
{"EventID": "240", "Channel": "Microsoft-Windows-AppReadiness/Admin", "Provider_Name": "Microsoft-Windows-AppReadiness", "Computer": "DESKTOP-OFJ6N53", "TimeCreated": "2022-02-24 21:44:20.600721+00:00", "RecordID": "568", "Level": "4", "UserID": "S-1-5-18", "EventData.User": "S-1-5-21-963789628-1060504924-4285088085-1001", "EventData.TaskId": "install::Microsoft.Windows.XGpuEjectDialog_cw5n1h2txyewy", "EventData.TaskCount": "35"}
{"EventID": "240", "Channel": "Microsoft-Windows-AppReadiness/Admin", "Provider_Name": "Microsoft-Windows-AppReadiness", "Computer": "DESKTOP-OFJ6N53", "TimeCreated": "2022-02-24 21:44:20.600842+00:00", "RecordID": "569", "Level": "4", "UserID": "S-1-5-18", "EventData.User": "S-1-5-21-963789628-1060504924-4285088085-1001", "EventData.TaskId": "install::Microsoft.XboxGameCallableUI_cw5n1h2txyewy", "EventData.TaskCount": "36"}
{"EventID": "240", "Channel": "Microsoft-Windows-AppReadiness/Admin", "Provider_Name": "Microsoft-Windows-AppReadiness", "Computer": "DESKTOP-OFJ6N53", "TimeCreated": "2022-02-24 21:44:20.600962+00:00", "RecordID": "570", "Level": "4", "UserID": "S-1-5-18", "EventData.User": "S-1-5-21-963789628-1060504924-4285088085-1001", "EventData.TaskId": "install::MicrosoftWindows.Client.CBS_cw5n1h2txyewy", "EventData.TaskCount": "37"}
{"EventID": "240", "Channel": "Microsoft-Windows-AppReadiness/Admin", "Provider_Name": "Microsoft-Windows-AppReadiness", "Computer": "DESKTOP-OFJ6N53", "TimeCreated": "2022-02-24 21:44:20.601082+00:00", "RecordID": "571", "Level": "4", "UserID": "S-1-5-18", "EventData.User": "S-1-5-21-963789628-1060504924-4285088085-1001", "EventData.TaskId": "install::NcsiUwpApp_8wekyb3d8bbwe", "EventData.TaskCount": "38"}
{"EventID": "240", "Channel": "Microsoft-Windows-AppReadiness/Admin", "Provider_Name": "Microsoft-Windows-AppReadiness", "Computer": "DESKTOP-OFJ6N53", "TimeCreated": "2022-02-24 21:44:20.601200+00:00", "RecordID": "572", "Level": "4", "UserID": "S-1-5-18", "EventData.User": "S-1-5-21-963789628-1060504924-4285088085-1001", "EventData.TaskId": "install::Windows.CBSPreview_cw5n1h2txyewy", "EventData.TaskCount": "39"}
{"EventID": "240", "Channel": "Microsoft-Windows-AppReadiness/Admin", "Provider_Name": "Microsoft-Windows-AppReadiness", "Computer": "DESKTOP-OFJ6N53", "TimeCreated": "2022-02-24 21:44:20.601322+00:00", "RecordID": "573", "Level": "4", "UserID": "S-1-5-18", "EventData.User": "S-1-5-21-963789628-1060504924-4285088085-1001", "EventData.TaskId": "install::Windows.PrintDialog_cw5n1h2txyewy", "EventData.TaskCount": "40"}
{"EventID": "240", "Channel": "Microsoft-Windows-AppReadiness/Admin", "Provider_Name": "Microsoft-Windows-AppReadiness", "Computer": "DESKTOP-OFJ6N53", "TimeCreated": "2022-02-24 21:44:20.603729+00:00", "RecordID": "574", "Level": "4", "UserID": "S-1-5-18", "EventData.User": "S-1-5-21-963789628-1060504924-4285088085-1001", "EventData.TaskId": "ART:UserLogon", "EventData.TaskCount": "41"}
{"EventID": "241", "Channel": "Microsoft-Windows-AppReadiness/Admin", "Provider_Name": "Microsoft-Windows-AppReadiness", "Computer": "DESKTOP-OFJ6N53", "TimeCreated": "2022-02-24 21:44:22.495773+00:00", "RecordID": "575", "Level": "4", "UserID": "S-1-5-18", "EventData.User": "S-1-5-21-963789628-1060504924-4285088085-1001", "EventData.TaskId": "install::Microsoft.BioEnrollment_cw5n1h2txyewy", "EventData.TaskCount": "40"}
{"EventID": "213", "Channel": "Microsoft-Windows-AppReadiness/Admin", "Provider_Name": "Microsoft-Windows-AppReadiness", "Computer": "DESKTOP-OFJ6N53", "TimeCreated": "2022-02-24 21:44:22.495777+00:00", "RecordID": "576", "Level": "4", "UserID": "S-1-5-18", "EventData.Username": "S-1-5-21-963789628-1060504924-4285088085-1001", "EventData.Package": "Microsoft.BioEnrollment_cw5n1h2txyewy", "EventData.Operation": "1", "EventData.Elapsed": "1.8593723"}
{"EventID": "241", "Channel": "Microsoft-Windows-AppReadiness/Admin", "Provider_Name": "Microsoft-Windows-AppReadiness", "Computer": "DESKTOP-OFJ6N53", "TimeCreated": "2022-02-24 21:44:23.612644+00:00", "RecordID": "577", "Level": "4", "UserID": "S-1-5-18", "EventData.User": "S-1-5-21-963789628-1060504924-4285088085-1001", "EventData.TaskId": "install::Microsoft.Windows.CloudExperienceHost_cw5n1h2txyewy", "EventData.TaskCount": "39"}
{"EventID": "213", "Channel": "Microsoft-Windows-AppReadiness/Admin", "Provider_Name": "Microsoft-Windows-AppReadiness", "Computer": "DESKTOP-OFJ6N53", "TimeCreated": "2022-02-24 21:44:23.612648+00:00", "RecordID": "578", "Level": "4", "UserID": "S-1-5-18", "EventData.Username": "S-1-5-21-963789628-1060504924-4285088085-1001", "EventData.Package": "Microsoft.Windows.CloudExperienceHost_cw5n1h2txyewy", "EventData.Operation": "1", "EventData.Elapsed": "3.0000058"}
{"EventID": "241", "Channel": "Microsoft-Windows-AppReadiness/Admin", "Provider_Name": "Microsoft-Windows-AppReadiness", "Computer": "DESKTOP-OFJ6N53", "TimeCreated": "2022-02-24 21:44:24.019655+00:00", "RecordID": "579", "Level": "4", "UserID": "S-1-5-18", "EventData.User": "S-1-5-21-963789628-1060504924-4285088085-1001", "EventData.TaskId": "install::Microsoft.AAD.BrokerPlugin_cw5n1h2txyewy", "EventData.TaskCount": "38"}
{"EventID": "213", "Channel": "Microsoft-Windows-AppReadiness/Admin", "Provider_Name": "Microsoft-Windows-AppReadiness", "Computer": "DESKTOP-OFJ6N53", "TimeCreated": "2022-02-24 21:44:24.019659+00:00", "RecordID": "580", "Level": "4", "UserID": "S-1-5-18", "EventData.Username": "S-1-5-21-963789628-1060504924-4285088085-1001", "EventData.Package": "Microsoft.AAD.BrokerPlugin_cw5n1h2txyewy", "EventData.Operation": "1", "EventData.Elapsed": "1.5312536"}
{"EventID": "241", "Channel": "Microsoft-Windows-AppReadiness/Admin", "Provider_Name": "Microsoft-Windows-AppReadiness", "Computer": "DESKTOP-OFJ6N53", "TimeCreated": "2022-02-24 21:44:24.717667+00:00", "RecordID": "581", "Level": "4", "UserID": "S-1-5-18", "EventData.User": "S-1-5-21-963789628-1060504924-4285088085-1001", "EventData.TaskId": "install::Microsoft.Windows.OOBENetworkConnectionFlow_cw5n1h2txyewy", "EventData.TaskCount": "37"}
{"EventID": "213", "Channel": "Microsoft-Windows-AppReadiness/Admin", "Provider_Name": "Microsoft-Windows-AppReadiness", "Computer": "DESKTOP-OFJ6N53", "TimeCreated": "2022-02-24 21:44:24.717670+00:00", "RecordID": "582", "Level": "4", "UserID": "S-1-5-18", "EventData.Username": "S-1-5-21-963789628-1060504924-4285088085-1001", "EventData.Package": "Microsoft.Windows.OOBENetworkConnectionFlow_cw5n1h2txyewy", "EventData.Operation": "1", "EventData.Elapsed": "1.0937465"}
{"EventID": "241", "Channel": "Microsoft-Windows-AppReadiness/Admin", "Provider_Name": "Microsoft-Windows-AppReadiness", "Computer": "DESKTOP-OFJ6N53", "TimeCreated": "2022-02-24 21:44:24.959351+00:00", "RecordID": "583", "Level": "4", "UserID": "S-1-5-18", "EventData.User": "S-1-5-21-963789628-1060504924-4285088085-1001", "EventData.TaskId": "install::Microsoft.Windows.OOBENetworkCaptivePortal_cw5n1h2txyewy", "EventData.TaskCount": "36"}
{"EventID": "213", "Channel": "Microsoft-Windows-AppReadiness/Admin", "Provider_Name": "Microsoft-Windows-AppReadiness", "Computer": "DESKTOP-OFJ6N53", "TimeCreated": "2022-02-24 21:44:24.959354+00:00", "RecordID": "584", "Level": "4", "UserID": "S-1-5-18", "EventData.Username": "S-1-5-21-963789628-1060504924-4285088085-1001", "EventData.Package": "Microsoft.Windows.OOBENetworkCaptivePortal_cw5n1h2txyewy", "EventData.Operation": "1", "EventData.Elapsed": "0.9375091"}
{"EventID": "241", "Channel": "Microsoft-Windows-AppReadiness/Admin", "Provider_Name": "Microsoft-Windows-AppReadiness", "Computer": "DESKTOP-OFJ6N53", "TimeCreated": "2022-02-24 21:44:25.470135+00:00", "RecordID": "585", "Level": "4", "UserID": "S-1-5-18", "EventData.User": "S-1-5-21-963789628-1060504924-4285088085-1001", "EventData.TaskId": "install::MicrosoftWindows.UndockedDevKit_cw5n1h2txyewy", "EventData.TaskCount": "35"}
{"EventID": "213", "Channel": "Microsoft-Windows-AppReadiness/Admin", "Provider_Name": "Microsoft-Windows-AppReadiness", "Computer": "DESKTOP-OFJ6N53", "TimeCreated": "2022-02-24 21:44:25.470137+00:00", "RecordID": "586", "Level": "4", "UserID": "S-1-5-18", "EventData.Username": "S-1-5-21-963789628-1060504924-4285088085-1001", "EventData.Package": "MicrosoftWindows.UndockedDevKit_cw5n1h2txyewy", "EventData.Operation": "1", "EventData.Elapsed": "0.7500034"}
{"EventID": "241", "Channel": "Microsoft-Windows-AppReadiness/Admin", "Provider_Name": "Microsoft-Windows-AppReadiness", "Computer": "DESKTOP-OFJ6N53", "TimeCreated": "2022-02-24 21:44:26.571585+00:00", "RecordID": "587", "Level": "4", "UserID": "S-1-5-18", "EventData.User": "S-1-5-21-963789628-1060504924-4285088085-1001", "EventData.TaskId": "install::Microsoft.Windows.StartMenuExperienceHost_cw5n1h2txyewy", "EventData.TaskCount": "34"}
{"EventID": "213", "Channel": "Microsoft-Windows-AppReadiness/Admin", "Provider_Name": "Microsoft-Windows-AppReadiness", "Computer": "DESKTOP-OFJ6N53", "TimeCreated": "2022-02-24 21:44:26.571589+00:00", "RecordID": "588", "Level": "4", "UserID": "S-1-5-18", "EventData.Username": "S-1-5-21-963789628-1060504924-4285088085-1001", "EventData.Package": "Microsoft.Windows.StartMenuExperienceHost_cw5n1h2txyewy", "EventData.Operation": "1", "EventData.Elapsed": "1.5937685"}
{"EventID": "241", "Channel": "Microsoft-Windows-AppReadiness/Admin", "Provider_Name": "Microsoft-Windows-AppReadiness", "Computer": "DESKTOP-OFJ6N53", "TimeCreated": "2022-02-24 21:44:27.291809+00:00", "RecordID": "589", "Level": "4", "UserID": "S-1-5-18", "EventData.User": "S-1-5-21-963789628-1060504924-4285088085-1001", "EventData.TaskId": "install::windows.immersivecontrolpanel_cw5n1h2txyewy", "EventData.TaskCount": "33"}
{"EventID": "213", "Channel": "Microsoft-Windows-AppReadiness/Admin", "Provider_Name": "Microsoft-Windows-AppReadiness", "Computer": "DESKTOP-OFJ6N53", "TimeCreated": "2022-02-24 21:44:27.291813+00:00", "RecordID": "590", "Level": "4", "UserID": "S-1-5-18", "EventData.Username": "S-1-5-21-963789628-1060504924-4285088085-1001", "EventData.Package": "windows.immersivecontrolpanel_cw5n1h2txyewy", "EventData.Operation": "1", "EventData.Elapsed": "0.656251"}
{"EventID": "241", "Channel": "Microsoft-Windows-AppReadiness/Admin", "Provider_Name": "Microsoft-Windows-AppReadiness", "Computer": "DESKTOP-OFJ6N53", "TimeCreated": "2022-02-24 21:44:27.554493+00:00", "RecordID": "591", "Level": "4", "UserID": "S-1-5-18", "EventData.User": "S-1-5-21-963789628-1060504924-4285088085-1001", "EventData.TaskId": "install::Microsoft.Windows.ShellExperienceHost_cw5n1h2txyewy", "EventData.TaskCount": "32"}
{"EventID": "213", "Channel": "Microsoft-Windows-AppReadiness/Admin", "Provider_Name": "Microsoft-Windows-AppReadiness", "Computer": "DESKTOP-OFJ6N53", "TimeCreated": "2022-02-24 21:44:27.554495+00:00", "RecordID": "592", "Level": "4", "UserID": "S-1-5-18", "EventData.Username": "S-1-5-21-963789628-1060504924-4285088085-1001", "EventData.Package": "Microsoft.Windows.ShellExperienceHost_cw5n1h2txyewy", "EventData.Operation": "1", "EventData.Elapsed": "2.0781184"}
{"EventID": "241", "Channel": "Microsoft-Windows-AppReadiness/Admin", "Provider_Name": "Microsoft-Windows-AppReadiness", "Computer": "DESKTOP-OFJ6N53", "TimeCreated": "2022-02-24 21:44:28.669979+00:00", "RecordID": "593", "Level": "4", "UserID": "S-1-5-18", "EventData.User": "S-1-5-21-963789628-1060504924-4285088085-1001", "EventData.TaskId": "install::Microsoft.Windows.Search_cw5n1h2txyewy", "EventData.TaskCount": "31"}
{"EventID": "213", "Channel": "Microsoft-Windows-AppReadiness/Admin", "Provider_Name": "Microsoft-Windows-AppReadiness", "Computer": "DESKTOP-OFJ6N53", "TimeCreated": "2022-02-24 21:44:28.669981+00:00", "RecordID": "594", "Level": "4", "UserID": "S-1-5-18", "EventData.Username": "S-1-5-21-963789628-1060504924-4285088085-1001", "EventData.Package": "Microsoft.Windows.Search_cw5n1h2txyewy", "EventData.Operation": "1", "EventData.Elapsed": "1.3906267"}
{"EventID": "241", "Channel": "Microsoft-Windows-AppReadiness/Admin", "Provider_Name": "Microsoft-Windows-AppReadiness", "Computer": "DESKTOP-OFJ6N53", "TimeCreated": "2022-02-24 21:44:29.858934+00:00", "RecordID": "595", "Level": "4", "UserID": "S-1-5-18", "EventData.User": "S-1-5-21-963789628-1060504924-4285088085-1001", "EventData.TaskId": "install::Microsoft.MicrosoftEdge_8wekyb3d8bbwe", "EventData.TaskCount": "30"}
{"EventID": "213", "Channel": "Microsoft-Windows-AppReadiness/Admin", "Provider_Name": "Microsoft-Windows-AppReadiness", "Computer": "DESKTOP-OFJ6N53", "TimeCreated": "2022-02-24 21:44:29.858936+00:00", "RecordID": "596", "Level": "4", "UserID": "S-1-5-18", "EventData.Username": "S-1-5-21-963789628-1060504924-4285088085-1001", "EventData.Package": "Microsoft.MicrosoftEdge_8wekyb3d8bbwe", "EventData.Operation": "1", "EventData.Elapsed": "2.2968757"}
{"EventID": "241", "Channel": "Microsoft-Windows-AppReadiness/Admin", "Provider_Name": "Microsoft-Windows-AppReadiness", "Computer": "DESKTOP-OFJ6N53", "TimeCreated": "2022-02-24 21:44:31.084278+00:00", "RecordID": "597", "Level": "4", "UserID": "S-1-5-18", "EventData.User": "S-1-5-21-963789628-1060504924-4285088085-1001", "EventData.TaskId": "install::Microsoft.Windows.ContentDeliveryManager_cw5n1h2txyewy", "EventData.TaskCount": "29"}
{"EventID": "213", "Channel": "Microsoft-Windows-AppReadiness/Admin", "Provider_Name": "Microsoft-Windows-AppReadiness", "Computer": "DESKTOP-OFJ6N53", "TimeCreated": "2022-02-24 21:44:31.084280+00:00", "RecordID": "598", "Level": "4", "UserID": "S-1-5-18", "EventData.Username": "S-1-5-21-963789628-1060504924-4285088085-1001", "EventData.Package": "Microsoft.Windows.ContentDeliveryManager_cw5n1h2txyewy", "EventData.Operation": "1", "EventData.Elapsed": "2.4218692"}
{"EventID": "216", "Channel": "Microsoft-Windows-AppReadiness/Admin", "Provider_Name": "Microsoft-Windows-AppReadiness", "Computer": "DESKTOP-OFJ6N53", "TimeCreated": "2022-02-24 21:44:31.084440+00:00", "RecordID": "599", "Level": "4", "UserID": "S-1-5-18", "EventData.User": "S-1-5-21-963789628-1060504924-4285088085-1001", "EventData.ResumeAt": "2022-02-25 00:45:01.080000+00:00"}
{"EventID": "241", "Channel": "Microsoft-Windows-AppReadiness/Admin", "Provider_Name": "Microsoft-Windows-AppReadiness", "Computer": "DESKTOP-OFJ6N53", "TimeCreated": "2022-02-24 21:44:31.086073+00:00", "RecordID": "600", "Level": "4", "UserID": "S-1-5-18", "EventData.User": "S-1-5-21-963789628-1060504924-4285088085-1001", "EventData.TaskId": "ART:UserLogon", "EventData.TaskCount": "28"}
{"EventID": "220", "Channel": "Microsoft-Windows-AppReadiness/Admin", "Provider_Name": "Microsoft-Windows-AppReadiness", "Computer": "DESKTOP-OFJ6N53", "TimeCreated": "2022-02-24 21:44:31.086075+00:00", "RecordID": "601", "Level": "4", "UserID": "S-1-5-18", "EventData.Username": "S-1-5-21-963789628-1060504924-4285088085-1001", "EventData.Task": "ART:UserLogon", "EventData.Elapsed": "10.4843748"}
{"EventID": "240", "Channel": "Microsoft-Windows-AppReadiness/Admin", "Provider_Name": "Microsoft-Windows-AppReadiness", "Computer": "DESKTOP-OFJ6N53", "TimeCreated": "2022-02-24 21:44:36.364580+00:00", "RecordID": "602", "Level": "4", "UserID": "S-1-5-18", "EventData.User": "S-1-5-21-963789628-1060504924-4285088085-1001", "EventData.TaskId": "ART:OemFirstRun", "EventData.TaskCount": "29"}
{"EventID": "209", "Channel": "Microsoft-Windows-AppReadiness/Admin", "Provider_Name": "Microsoft-Windows-AppReadiness", "Computer": "DESKTOP-OFJ6N53", "TimeCreated": "2022-02-24 21:44:36.422026+00:00", "RecordID": "603", "Level": "4", "UserID": "S-1-5-18", "EventData.User": "S-1-5-21-963789628-1060504924-4285088085-1001", "EventData.From": "0", "EventData.To": "1"}
{"EventID": "209", "Channel": "Microsoft-Windows-AppReadiness/Admin", "Provider_Name": "Microsoft-Windows-AppReadiness", "Computer": "DESKTOP-OFJ6N53", "TimeCreated": "2022-02-24 21:44:36.454670+00:00", "RecordID": "604", "Level": "4", "UserID": "S-1-5-18", "EventData.User": "S-1-5-21-963789628-1060504924-4285088085-1001", "EventData.From": "1", "EventData.To": "2"}
{"EventID": "234", "Channel": "Microsoft-Windows-AppReadiness/Admin", "Provider_Name": "Microsoft-Windows-AppReadiness", "Computer": "DESKTOP-OFJ6N53", "TimeCreated": "2022-02-24 21:44:36.472277+00:00", "RecordID": "605", "Level": "4", "UserID": "S-1-5-18", "EventData.ExitCode": "0x00000000"}
{"EventID": "241", "Channel": "Microsoft-Windows-AppReadiness/Admin", "Provider_Name": "Microsoft-Windows-AppReadiness", "Computer": "DESKTOP-OFJ6N53", "TimeCreated": "2022-02-24 21:45:01.141352+00:00", "RecordID": "606", "Level": "4", "UserID": "S-1-5-18", "EventData.User": "S-1-5-21-963789628-1060504924-4285088085-1001", "EventData.TaskId": "PreviewTiles", "EventData.TaskCount": "28"}
{"EventID": "220", "Channel": "Microsoft-Windows-AppReadiness/Admin", "Provider_Name": "Microsoft-Windows-AppReadiness", "Computer": "DESKTOP-OFJ6N53", "TimeCreated": "2022-02-24 21:45:01.141356+00:00", "RecordID": "607", "Level": "4", "UserID": "S-1-5-18", "EventData.Username": "S-1-5-21-963789628-1060504924-4285088085-1001", "EventData.Task": "PreviewTiles", "EventData.Elapsed": "0.0169961"}
{"EventID": "241", "Channel": "Microsoft-Windows-AppReadiness/Admin", "Provider_Name": "Microsoft-Windows-AppReadiness", "Computer": "DESKTOP-OFJ6N53", "TimeCreated": "2022-02-24 21:45:01.184723+00:00", "RecordID": "608", "Level": "4", "UserID": "S-1-5-18", "EventData.User": "S-1-5-21-963789628-1060504924-4285088085-1001", "EventData.TaskId": "install::Windows.PrintDialog_cw5n1h2txyewy", "EventData.TaskCount": "27"}
{"EventID": "213", "Channel": "Microsoft-Windows-AppReadiness/Admin", "Provider_Name": "Microsoft-Windows-AppReadiness", "Computer": "DESKTOP-OFJ6N53", "TimeCreated": "2022-02-24 21:45:01.184727+00:00", "RecordID": "609", "Level": "4", "UserID": "S-1-5-18", "EventData.Username": "S-1-5-21-963789628-1060504924-4285088085-1001", "EventData.Package": "Windows.PrintDialog_cw5n1h2txyewy", "EventData.Operation": "1", "EventData.Elapsed": "0.0370009"}
{"EventID": "241", "Channel": "Microsoft-Windows-AppReadiness/Admin", "Provider_Name": "Microsoft-Windows-AppReadiness", "Computer": "DESKTOP-OFJ6N53", "TimeCreated": "2022-02-24 21:45:01.208265+00:00", "RecordID": "610", "Level": "4", "UserID": "S-1-5-18", "EventData.User": "S-1-5-21-963789628-1060504924-4285088085-1001", "EventData.TaskId": "install::Windows.CBSPreview_cw5n1h2txyewy", "EventData.TaskCount": "26"}
{"EventID": "213", "Channel": "Microsoft-Windows-AppReadiness/Admin", "Provider_Name": "Microsoft-Windows-AppReadiness", "Computer": "DESKTOP-OFJ6N53", "TimeCreated": "2022-02-24 21:45:01.208267+00:00", "RecordID": "611", "Level": "4", "UserID": "S-1-5-18", "EventData.Username": "S-1-5-21-963789628-1060504924-4285088085-1001", "EventData.Package": "Windows.CBSPreview_cw5n1h2txyewy", "EventData.Operation": "1", "EventData.Elapsed": "0.0200048"}
{"EventID": "241", "Channel": "Microsoft-Windows-AppReadiness/Admin", "Provider_Name": "Microsoft-Windows-AppReadiness", "Computer": "DESKTOP-OFJ6N53", "TimeCreated": "2022-02-24 21:45:02.488432+00:00", "RecordID": "612", "Level": "4", "UserID": "S-1-5-18", "EventData.User": "S-1-5-21-963789628-1060504924-4285088085-1001", "EventData.TaskId": "install::NcsiUwpApp_8wekyb3d8bbwe", "EventData.TaskCount": "25"}
{"EventID": "213", "Channel": "Microsoft-Windows-AppReadiness/Admin", "Provider_Name": "Microsoft-Windows-AppReadiness", "Computer": "DESKTOP-OFJ6N53", "TimeCreated": "2022-02-24 21:45:02.488434+00:00", "RecordID": "613", "Level": "4", "UserID": "S-1-5-18", "EventData.Username": "S-1-5-21-963789628-1060504924-4285088085-1001", "EventData.Package": "NcsiUwpApp_8wekyb3d8bbwe", "EventData.Operation": "1", "EventData.Elapsed": "1.276021"}
{"EventID": "241", "Channel": "Microsoft-Windows-AppReadiness/Admin", "Provider_Name": "Microsoft-Windows-AppReadiness", "Computer": "DESKTOP-OFJ6N53", "TimeCreated": "2022-02-24 21:45:04.006361+00:00", "RecordID": "614", "Level": "4", "UserID": "S-1-5-18", "EventData.User": "S-1-5-21-963789628-1060504924-4285088085-1001", "EventData.TaskId": "install::MicrosoftWindows.Client.CBS_cw5n1h2txyewy", "EventData.TaskCount": "24"}
{"EventID": "213", "Channel": "Microsoft-Windows-AppReadiness/Admin", "Provider_Name": "Microsoft-Windows-AppReadiness", "Computer": "DESKTOP-OFJ6N53", "TimeCreated": "2022-02-24 21:45:04.006365+00:00", "RecordID": "615", "Level": "4", "UserID": "S-1-5-18", "EventData.Username": "S-1-5-21-963789628-1060504924-4285088085-1001", "EventData.Package": "MicrosoftWindows.Client.CBS_cw5n1h2txyewy", "EventData.Operation": "1", "EventData.Elapsed": "1.5105634"}
{"EventID": "241", "Channel": "Microsoft-Windows-AppReadiness/Admin", "Provider_Name": "Microsoft-Windows-AppReadiness", "Computer": "DESKTOP-OFJ6N53", "TimeCreated": "2022-02-24 21:45:04.879993+00:00", "RecordID": "616", "Level": "4", "UserID": "S-1-5-18", "EventData.User": "S-1-5-21-963789628-1060504924-4285088085-1001", "EventData.TaskId": "install::Microsoft.XboxGameCallableUI_cw5n1h2txyewy", "EventData.TaskCount": "23"}
{"EventID": "213", "Channel": "Microsoft-Windows-AppReadiness/Admin", "Provider_Name": "Microsoft-Windows-AppReadiness", "Computer": "DESKTOP-OFJ6N53", "TimeCreated": "2022-02-24 21:45:04.879995+00:00", "RecordID": "617", "Level": "4", "UserID": "S-1-5-18", "EventData.Username": "S-1-5-21-963789628-1060504924-4285088085-1001", "EventData.Package": "Microsoft.XboxGameCallableUI_cw5n1h2txyewy", "EventData.Operation": "1", "EventData.Elapsed": "0.8659998"}
{"EventID": "241", "Channel": "Microsoft-Windows-AppReadiness/Admin", "Provider_Name": "Microsoft-Windows-AppReadiness", "Computer": "DESKTOP-OFJ6N53", "TimeCreated": "2022-02-24 21:45:04.892395+00:00", "RecordID": "618", "Level": "4", "UserID": "S-1-5-18", "EventData.User": "S-1-5-21-963789628-1060504924-4285088085-1001", "EventData.TaskId": "install::Microsoft.Windows.XGpuEjectDialog_cw5n1h2txyewy", "EventData.TaskCount": "22"}
{"EventID": "213", "Channel": "Microsoft-Windows-AppReadiness/Admin", "Provider_Name": "Microsoft-Windows-AppReadiness", "Computer": "DESKTOP-OFJ6N53", "TimeCreated": "2022-02-24 21:45:04.892397+00:00", "RecordID": "619", "Level": "4", "UserID": "S-1-5-18", "EventData.Username": "S-1-5-21-963789628-1060504924-4285088085-1001", "EventData.Package": "Microsoft.Windows.XGpuEjectDialog_cw5n1h2txyewy", "EventData.Operation": "1", "EventData.Elapsed": "0.0110012"}
{"EventID": "241", "Channel": "Microsoft-Windows-AppReadiness/Admin", "Provider_Name": "Microsoft-Windows-AppReadiness", "Computer": "DESKTOP-OFJ6N53", "TimeCreated": "2022-02-24 21:45:04.907482+00:00", "RecordID": "620", "Level": "4", "UserID": "S-1-5-18", "EventData.User": "S-1-5-21-963789628-1060504924-4285088085-1001", "EventData.TaskId": "install::Microsoft.Windows.SecureAssessmentBrowser_cw5n1h2txyewy", "EventData.TaskCount": "21"}
{"EventID": "213", "Channel": "Microsoft-Windows-AppReadiness/Admin", "Provider_Name": "Microsoft-Windows-AppReadiness", "Computer": "DESKTOP-OFJ6N53", "TimeCreated": "2022-02-24 21:45:04.907484+00:00", "RecordID": "621", "Level": "4", "UserID": "S-1-5-18", "EventData.Username": "S-1-5-21-963789628-1060504924-4285088085-1001", "EventData.Package": "Microsoft.Windows.SecureAssessmentBrowser_cw5n1h2txyewy", "EventData.Operation": "1", "EventData.Elapsed": "0.0109972"}
{"EventID": "241", "Channel": "Microsoft-Windows-AppReadiness/Admin", "Provider_Name": "Microsoft-Windows-AppReadiness", "Computer": "DESKTOP-OFJ6N53", "TimeCreated": "2022-02-24 21:45:04.927172+00:00", "RecordID": "622", "Level": "4", "UserID": "S-1-5-18", "EventData.User": "S-1-5-21-963789628-1060504924-4285088085-1001", "EventData.TaskId": "install::Microsoft.Windows.SecHealthUI_cw5n1h2txyewy", "EventData.TaskCount": "20"}
{"EventID": "213", "Channel": "Microsoft-Windows-AppReadiness/Admin", "Provider_Name": "Microsoft-Windows-AppReadiness", "Computer": "DESKTOP-OFJ6N53", "TimeCreated": "2022-02-24 21:45:04.927176+00:00", "RecordID": "623", "Level": "4", "UserID": "S-1-5-18", "EventData.Username": "S-1-5-21-963789628-1060504924-4285088085-1001", "EventData.Package": "Microsoft.Windows.SecHealthUI_cw5n1h2txyewy", "EventData.Operation": "1", "EventData.Elapsed": "0.0140021"}
{"EventID": "241", "Channel": "Microsoft-Windows-AppReadiness/Admin", "Provider_Name": "Microsoft-Windows-AppReadiness", "Computer": "DESKTOP-OFJ6N53", "TimeCreated": "2022-02-24 21:45:05.721189+00:00", "RecordID": "624", "Level": "4", "UserID": "S-1-5-18", "EventData.User": "S-1-5-21-963789628-1060504924-4285088085-1001", "EventData.TaskId": "install::Microsoft.Windows.PinningConfirmationDialog_cw5n1h2txyewy", "EventData.TaskCount": "19"}
{"EventID": "213", "Channel": "Microsoft-Windows-AppReadiness/Admin", "Provider_Name": "Microsoft-Windows-AppReadiness", "Computer": "DESKTOP-OFJ6N53", "TimeCreated": "2022-02-24 21:45:05.721193+00:00", "RecordID": "625", "Level": "4", "UserID": "S-1-5-18", "EventData.Username": "S-1-5-21-963789628-1060504924-4285088085-1001", "EventData.Package": "Microsoft.Windows.PinningConfirmationDialog_cw5n1h2txyewy", "EventData.Operation": "1", "EventData.Elapsed": "0.7949658"}
{"EventID": "241", "Channel": "Microsoft-Windows-AppReadiness/Admin", "Provider_Name": "Microsoft-Windows-AppReadiness", "Computer": "DESKTOP-OFJ6N53", "TimeCreated": "2022-02-24 21:45:05.740509+00:00", "RecordID": "626", "Level": "4", "UserID": "S-1-5-18", "EventData.User": "S-1-5-21-963789628-1060504924-4285088085-1001", "EventData.TaskId": "install::Microsoft.Windows.PeopleExperienceHost_cw5n1h2txyewy", "EventData.TaskCount": "18"}
{"EventID": "213", "Channel": "Microsoft-Windows-AppReadiness/Admin", "Provider_Name": "Microsoft-Windows-AppReadiness", "Computer": "DESKTOP-OFJ6N53", "TimeCreated": "2022-02-24 21:45:05.740511+00:00", "RecordID": "627", "Level": "4", "UserID": "S-1-5-18", "EventData.Username": "S-1-5-21-963789628-1060504924-4285088085-1001", "EventData.Package": "Microsoft.Windows.PeopleExperienceHost_cw5n1h2txyewy", "EventData.Operation": "1", "EventData.Elapsed": "0.0150211"}
{"EventID": "241", "Channel": "Microsoft-Windows-AppReadiness/Admin", "Provider_Name": "Microsoft-Windows-AppReadiness", "Computer": "DESKTOP-OFJ6N53", "TimeCreated": "2022-02-24 21:45:06.675564+00:00", "RecordID": "628", "Level": "4", "UserID": "S-1-5-18", "EventData.User": "S-1-5-21-963789628-1060504924-4285088085-1001", "EventData.TaskId": "install::Microsoft.Windows.ParentalControls_cw5n1h2txyewy", "EventData.TaskCount": "17"}
{"EventID": "213", "Channel": "Microsoft-Windows-AppReadiness/Admin", "Provider_Name": "Microsoft-Windows-AppReadiness", "Computer": "DESKTOP-OFJ6N53", "TimeCreated": "2022-02-24 21:45:06.675568+00:00", "RecordID": "629", "Level": "4", "UserID": "S-1-5-18", "EventData.Username": "S-1-5-21-963789628-1060504924-4285088085-1001", "EventData.Package": "Microsoft.Windows.ParentalControls_cw5n1h2txyewy", "EventData.Operation": "1", "EventData.Elapsed": "0.9309968"}
