{"EventID": "132", "Channel": "Microsoft-Windows-RemoteDesktopServices-RdpCoreTS/Operational", "Provider_Name": "Microsoft-Windows-RemoteDesktopServices-RdpCoreTS", "Computer": "DESKTOP-OFJ6N53", "TimeCreated": "2025-08-23 20:31:07.398275+00:00", "RecordID": "181870", "Level": "4", "UserID": "S-1-5-20", "EventData.ChannelName": "Microsoft::Windows::RDS::Input", "EventData.TunnelID": "0"}
{"EventID": "227", "Channel": "Microsoft-Windows-RemoteDesktopServices-RdpCoreTS/Operational", "Provider_Name": "Microsoft-Windows-RemoteDesktopServices-RdpCoreTS", "Computer": "DESKTOP-OFJ6N53", "TimeCreated": "2025-08-23 20:31:07.398470+00:00", "RecordID": "181871", "Level": "2", "UserID": "S-1-5-20", "EventData.Name": "CUMRDPConnection", "EventData.Value": "3489660929", "EventData.CustomLevel": "'Failed CreateVirtualChannel call on this Connections Stack' in CUMRDPConnection::CreateVirtualChannel at 2961 err=[0xd0000001]"}
{"EventID": "148", "Channel": "Microsoft-Windows-RemoteDesktopServices-RdpCoreTS/Operational", "Provider_Name": "Microsoft-Windows-RemoteDesktopServices-RdpCoreTS", "Computer": "DESKTOP-OFJ6N53", "TimeCreated": "2025-08-23 20:31:07.524755+00:00", "RecordID": "181872", "Level": "4", "UserID": "S-1-5-20", "EventData.ChannelName": "AUDIO_PLAYBACK_DVC", "EventData.TunnelID": "0"}
{"EventID": "132", "Channel": "Microsoft-Windows-RemoteDesktopServices-RdpCoreTS/Operational", "Provider_Name": "Microsoft-Windows-RemoteDesktopServices-RdpCoreTS", "Computer": "DESKTOP-OFJ6N53", "TimeCreated": "2025-08-23 20:31:07.524797+00:00", "RecordID": "181873", "Level": "4", "UserID": "S-1-5-20", "EventData.ChannelName": "AUDIO_PLAYBACK_DVC", "EventData.TunnelID": "0"}
{"EventID": "227", "Channel": "Microsoft-Windows-RemoteDesktopServices-RdpCoreTS/Operational", "Provider_Name": "Microsoft-Windows-RemoteDesktopServices-RdpCoreTS", "Computer": "DESKTOP-OFJ6N53", "TimeCreated": "2025-08-23 20:31:07.525055+00:00", "RecordID": "181874", "Level": "2", "UserID": "S-1-5-20", "EventData.Name": "CUMRDPConnection", "EventData.Value": "3489660929", "EventData.CustomLevel": "'Failed CreateVirtualChannel call on this Connections Stack' in CUMRDPConnection::CreateVirtualChannel at 2961 err=[0xd0000001]"}
{"EventID": "132", "Channel": "Microsoft-Windows-RemoteDesktopServices-RdpCoreTS/Operational", "Provider_Name": "Microsoft-Windows-RemoteDesktopServices-RdpCoreTS", "Computer": "DESKTOP-OFJ6N53", "TimeCreated": "2025-08-23 20:31:07.731983+00:00", "RecordID": "181875", "Level": "4", "UserID": "S-1-5-20", "EventData.ChannelName": "Microsoft::Windows::RDS::Geometry::v08.01", "EventData.TunnelID": "0"}
{"EventID": "132", "Channel": "Microsoft-Windows-RemoteDesktopServices-RdpCoreTS/Operational", "Provider_Name": "Microsoft-Windows-RemoteDesktopServices-RdpCoreTS", "Computer": "DESKTOP-OFJ6N53", "TimeCreated": "2025-08-23 20:31:07.732248+00:00", "RecordID": "181876", "Level": "4", "UserID": "S-1-5-20", "EventData.ChannelName": "AUDIO_PLAYBACK_DVC", "EventData.TunnelID": "0"}
{"EventID": "132", "Channel": "Microsoft-Windows-RemoteDesktopServices-RdpCoreTS/Operational", "Provider_Name": "Microsoft-Windows-RemoteDesktopServices-RdpCoreTS", "Computer": "DESKTOP-OFJ6N53", "TimeCreated": "2025-08-23 20:31:07.732254+00:00", "RecordID": "181877", "Level": "4", "UserID": "S-1-5-20", "EventData.ChannelName": "Microsoft::Windows::RDS::Geometry::v08.01", "EventData.TunnelID": "0"}
{"EventID": "148", "Channel": "Microsoft-Windows-RemoteDesktopServices-RdpCoreTS/Operational", "Provider_Name": "Microsoft-Windows-RemoteDesktopServices-RdpCoreTS", "Computer": "DESKTOP-OFJ6N53", "TimeCreated": "2025-08-23 20:31:07.732311+00:00", "RecordID": "181878", "Level": "4", "UserID": "S-1-5-20", "EventData.ChannelName": "AUDIO_PLAYBACK_DVC", "EventData.TunnelID": "0"}
{"EventID": "227", "Channel": "Microsoft-Windows-RemoteDesktopServices-RdpCoreTS/Operational", "Provider_Name": "Microsoft-Windows-RemoteDesktopServices-RdpCoreTS", "Computer": "DESKTOP-OFJ6N53", "TimeCreated": "2025-08-23 20:31:07.732704+00:00", "RecordID": "181879", "Level": "2", "UserID": "S-1-5-20", "EventData.Name": "CUMRDPConnection", "EventData.Value": "3489660929", "EventData.CustomLevel": "'Failed CreateVirtualChannel call on this Connections Stack' in CUMRDPConnection::CreateVirtualChannel at 2961 err=[0xd0000001]"}
{"EventID": "148", "Channel": "Microsoft-Windows-RemoteDesktopServices-RdpCoreTS/Operational", "Provider_Name": "Microsoft-Windows-RemoteDesktopServices-RdpCoreTS", "Computer": "DESKTOP-OFJ6N53", "TimeCreated": "2025-08-23 20:31:07.843964+00:00", "RecordID": "181880", "Level": "4", "UserID": "S-1-5-20", "EventData.ChannelName": "Microsoft::Windows::RDS::Geometry::v08.01", "EventData.TunnelID": "0"}
{"EventID": "132", "Channel": "Microsoft-Windows-RemoteDesktopServices-RdpCoreTS/Operational", "Provider_Name": "Microsoft-Windows-RemoteDesktopServices-RdpCoreTS", "Computer": "DESKTOP-OFJ6N53", "TimeCreated": "2025-08-23 20:31:07.844023+00:00", "RecordID": "181881", "Level": "4", "UserID": "S-1-5-20", "EventData.ChannelName": "Microsoft::Windows::RDS::DisplayControl", "EventData.TunnelID": "0"}
{"EventID": "132", "Channel": "Microsoft-Windows-RemoteDesktopServices-RdpCoreTS/Operational", "Provider_Name": "Microsoft-Windows-RemoteDesktopServices-RdpCoreTS", "Computer": "DESKTOP-OFJ6N53", "TimeCreated": "2025-08-23 20:31:07.848665+00:00", "RecordID": "181882", "Level": "4", "UserID": "S-1-5-20", "EventData.ChannelName": "rdpsnd", "EventData.TunnelID": "0"}
{"EventID": "132", "Channel": "Microsoft-Windows-RemoteDesktopServices-RdpCoreTS/Operational", "Provider_Name": "Microsoft-Windows-RemoteDesktopServices-RdpCoreTS", "Computer": "DESKTOP-OFJ6N53", "TimeCreated": "2025-08-23 20:31:08.177490+00:00", "RecordID": "181883", "Level": "4", "UserID": "S-1-5-20", "EventData.ChannelName": "RDCamera_Device_Enumerator", "EventData.TunnelID": "0"}
{"EventID": "148", "Channel": "Microsoft-Windows-RemoteDesktopServices-RdpCoreTS/Operational", "Provider_Name": "Microsoft-Windows-RemoteDesktopServices-RdpCoreTS", "Computer": "DESKTOP-OFJ6N53", "TimeCreated": "2025-08-23 20:31:08.177530+00:00", "RecordID": "181884", "Level": "4", "UserID": "S-1-5-20", "EventData.ChannelName": "RDCamera_Device_Enumerator", "EventData.TunnelID": "0"}
{"EventID": "227", "Channel": "Microsoft-Windows-RemoteDesktopServices-RdpCoreTS/Operational", "Provider_Name": "Microsoft-Windows-RemoteDesktopServices-RdpCoreTS", "Computer": "DESKTOP-OFJ6N53", "TimeCreated": "2025-08-23 20:31:08.177839+00:00", "RecordID": "181885", "Level": "2", "UserID": "S-1-5-20", "EventData.Name": "CUMRDPConnection", "EventData.Value": "3489660929", "EventData.CustomLevel": "'Failed CreateVirtualChannel call on this Connections Stack' in CUMRDPConnection::CreateVirtualChannel at 2961 err=[0xd0000001]"}
{"EventID": "227", "Channel": "Microsoft-Windows-RemoteDesktopServices-RdpCoreTS/Operational", "Provider_Name": "Microsoft-Windows-RemoteDesktopServices-RdpCoreTS", "Computer": "DESKTOP-OFJ6N53", "TimeCreated": "2025-08-23 20:31:08.618639+00:00", "RecordID": "181886", "Level": "2", "UserID": "S-1-5-20", "EventData.Name": "CUMRDPConnection", "EventData.Value": "2147500033", "EventData.CustomLevel": "'Failed GetConnectionProperty' in CUMRDPConnection::QueryProperty at 3347 err=[0x80004001]"}
{"EventID": "168", "Channel": "Microsoft-Windows-RemoteDesktopServices-RdpCoreTS/Operational", "Provider_Name": "Microsoft-Windows-RemoteDesktopServices-RdpCoreTS", "Computer": "DESKTOP-OFJ6N53", "TimeCreated": "2025-08-23 20:31:10.799875+00:00", "RecordID": "181887", "Level": "4", "UserID": "S-1-5-20", "EventData.MonitorNum": "0", "EventData.MonitorWidth": "1710", "EventData.MonitorHeight": "1068", "EventData.MonitorX": "0", "EventData.MonitorY": "0", "EventData.ServerName": "DESKTOP-OFJ6N53"}
{"EventID": "72", "Channel": "Microsoft-Windows-RemoteDesktopServices-RdpCoreTS/Operational", "Provider_Name": "Microsoft-Windows-RemoteDesktopServices-RdpCoreTS", "Computer": "DESKTOP-OFJ6N53", "TimeCreated": "2025-08-23 20:31:11.360035+00:00", "RecordID": "181888", "Level": "4", "UserID": "S-1-5-20", "EventData.MethodName": "LogonNotify(SessionId=1)"}
{"EventID": "132", "Channel": "Microsoft-Windows-RemoteDesktopServices-RdpCoreTS/Operational", "Provider_Name": "Microsoft-Windows-RemoteDesktopServices-RdpCoreTS", "Computer": "DESKTOP-OFJ6N53", "TimeCreated": "2025-08-23 20:31:12.188280+00:00", "RecordID": "181889", "Level": "4", "UserID": "S-1-5-20", "EventData.ChannelName": "Microsoft::Windows::RDS::Geometry::v08.01", "EventData.TunnelID": "0"}
{"EventID": "148", "Channel": "Microsoft-Windows-RemoteDesktopServices-RdpCoreTS/Operational", "Provider_Name": "Microsoft-Windows-RemoteDesktopServices-RdpCoreTS", "Computer": "DESKTOP-OFJ6N53", "TimeCreated": "2025-08-23 20:31:12.246592+00:00", "RecordID": "181890", "Level": "4", "UserID": "S-1-5-20", "EventData.ChannelName": "Microsoft::Windows::RDS::Geometry::v08.01", "EventData.TunnelID": "0"}
{"EventID": "227", "Channel": "Microsoft-Windows-RemoteDesktopServices-RdpCoreTS/Operational", "Provider_Name": "Microsoft-Windows-RemoteDesktopServices-RdpCoreTS", "Computer": "DESKTOP-OFJ6N53", "TimeCreated": "2025-08-23 20:31:53.792826+00:00", "RecordID": "181891", "Level": "2", "UserID": "S-1-5-20", "EventData.Name": "CUMRDPConnection", "EventData.Value": "2147500033", "EventData.CustomLevel": "'Failed GetConnectionProperty' in CUMRDPConnection::QueryProperty at 3347 err=[0x80004001]"}
{"EventID": "132", "Channel": "Microsoft-Windows-RemoteDesktopServices-RdpCoreTS/Operational", "Provider_Name": "Microsoft-Windows-RemoteDesktopServices-RdpCoreTS", "Computer": "DESKTOP-OFJ6N53", "TimeCreated": "2025-08-23 20:31:55.560516+00:00", "RecordID": "181892", "Level": "4", "UserID": "S-1-5-20", "EventData.ChannelName": "Microsoft::Windows::RDS::Geometry::v08.01", "EventData.TunnelID": "0"}
{"EventID": "148", "Channel": "Microsoft-Windows-RemoteDesktopServices-RdpCoreTS/Operational", "Provider_Name": "Microsoft-Windows-RemoteDesktopServices-RdpCoreTS", "Computer": "DESKTOP-OFJ6N53", "TimeCreated": "2025-08-23 20:31:55.606564+00:00", "RecordID": "181893", "Level": "4", "UserID": "S-1-5-20", "EventData.ChannelName": "Microsoft::Windows::RDS::Geometry::v08.01", "EventData.TunnelID": "0"}
{"EventID": "148", "Channel": "Microsoft-Windows-RemoteDesktopServices-RdpCoreTS/Operational", "Provider_Name": "Microsoft-Windows-RemoteDesktopServices-RdpCoreTS", "Computer": "DESKTOP-OFJ6N53", "TimeCreated": "2025-08-23 20:31:55.616610+00:00", "RecordID": "181894", "Level": "4", "UserID": "S-1-5-20", "EventData.ChannelName": "Microsoft::Windows::RDS::DisplayControl", "EventData.TunnelID": "0"}
{"EventID": "148", "Channel": "Microsoft-Windows-RemoteDesktopServices-RdpCoreTS/Operational", "Provider_Name": "Microsoft-Windows-RemoteDesktopServices-RdpCoreTS", "Computer": "DESKTOP-OFJ6N53", "TimeCreated": "2025-08-23 20:31:55.616848+00:00", "RecordID": "181895", "Level": "4", "UserID": "S-1-5-20", "EventData.ChannelName": "Microsoft::Windows::RDS::Geometry::v08.01", "EventData.TunnelID": "0"}
{"EventID": "148", "Channel": "Microsoft-Windows-RemoteDesktopServices-RdpCoreTS/Operational", "Provider_Name": "Microsoft-Windows-RemoteDesktopServices-RdpCoreTS", "Computer": "DESKTOP-OFJ6N53", "TimeCreated": "2025-08-23 20:31:59.642693+00:00", "RecordID": "181896", "Level": "4", "UserID": "S-1-5-20", "EventData.ChannelName": "rdpdr", "EventData.TunnelID": "0"}
{"EventID": "148", "Channel": "Microsoft-Windows-RemoteDesktopServices-RdpCoreTS/Operational", "Provider_Name": "Microsoft-Windows-RemoteDesktopServices-RdpCoreTS", "Computer": "DESKTOP-OFJ6N53", "TimeCreated": "2025-08-23 20:31:59.642899+00:00", "RecordID": "181897", "Level": "4", "UserID": "S-1-5-20", "EventData.ChannelName": "rdpsnd", "EventData.TunnelID": "0"}
{"EventID": "228", "Channel": "Microsoft-Windows-RemoteDesktopServices-RdpCoreTS/Operational", "Provider_Name": "Microsoft-Windows-RemoteDesktopServices-RdpCoreTS", "Computer": "DESKTOP-OFJ6N53", "TimeCreated": "2025-08-23 20:32:00.889137+00:00", "RecordID": "181898", "Level": "3", "UserID": "S-1-5-20", "EventData.ComponentName": "CUMRDPConnection", "EventData.Message": "Disconnect trace:'calling spGfxPlugin->PreDisconnect()' in CUMRDPConnection::PreDisconnect at 5076 err=[0xc]", "EventData.ErrorCode": "12"}
{"EventID": "72", "Channel": "Microsoft-Windows-RemoteDesktopServices-RdpCoreTS/Operational", "Provider_Name": "Microsoft-Windows-RemoteDesktopServices-RdpCoreTS", "Computer": "DESKTOP-OFJ6N53", "TimeCreated": "2025-08-23 20:32:00.889151+00:00", "RecordID": "181899", "Level": "4", "UserID": "S-1-5-20", "EventData.MethodName": "PreDisconnect(12)"}
{"EventID": "72", "Channel": "Microsoft-Windows-RemoteDesktopServices-RdpCoreTS/Operational", "Provider_Name": "Microsoft-Windows-RemoteDesktopServices-RdpCoreTS", "Computer": "DESKTOP-OFJ6N53", "TimeCreated": "2025-08-23 20:32:00.889160+00:00", "RecordID": "181900", "Level": "4", "UserID": "S-1-5-20", "EventData.MethodName": "SetErrorInfo(0xc)"}
{"EventID": "72", "Channel": "Microsoft-Windows-RemoteDesktopServices-RdpCoreTS/Operational", "Provider_Name": "Microsoft-Windows-RemoteDesktopServices-RdpCoreTS", "Computer": "DESKTOP-OFJ6N53", "TimeCreated": "2025-08-23 20:32:00.928812+00:00", "RecordID": "181901", "Level": "4", "UserID": "S-1-5-20", "EventData.MethodName": "DisconnectNotify"}
{"EventID": "72", "Channel": "Microsoft-Windows-RemoteDesktopServices-RdpCoreTS/Operational", "Provider_Name": "Microsoft-Windows-RemoteDesktopServices-RdpCoreTS", "Computer": "DESKTOP-OFJ6N53", "TimeCreated": "2025-08-23 20:32:00.928820+00:00", "RecordID": "181902", "Level": "4", "UserID": "S-1-5-20", "EventData.MethodName": "GetServerAutoReconnectInfo"}
{"EventID": "72", "Channel": "Microsoft-Windows-RemoteDesktopServices-RdpCoreTS/Operational", "Provider_Name": "Microsoft-Windows-RemoteDesktopServices-RdpCoreTS", "Computer": "DESKTOP-OFJ6N53", "TimeCreated": "2025-08-23 20:32:01.115307+00:00", "RecordID": "181903", "Level": "4", "UserID": "S-1-5-20", "EventData.MethodName": "GetServerAutoReconnectInfo"}
{"EventID": "103", "Channel": "Microsoft-Windows-RemoteDesktopServices-RdpCoreTS/Operational", "Provider_Name": "Microsoft-Windows-RemoteDesktopServices-RdpCoreTS", "Computer": "DESKTOP-OFJ6N53", "TimeCreated": "2025-08-23 20:32:01.115313+00:00", "RecordID": "181904", "Level": "4", "UserID": "S-1-5-20", "EventData.ReasonCode": "12"}
{"EventID": "148", "Channel": "Microsoft-Windows-RemoteDesktopServices-RdpCoreTS/Operational", "Provider_Name": "Microsoft-Windows-RemoteDesktopServices-RdpCoreTS", "Computer": "DESKTOP-OFJ6N53", "TimeCreated": "2025-08-23 20:32:01.119799+00:00", "RecordID": "181905", "Level": "4", "UserID": "S-1-5-20", "EventData.ChannelName": "rdpgrfx", "EventData.TunnelID": "0"}
{"EventID": "144", "Channel": "Microsoft-Windows-RemoteDesktopServices-RdpCoreTS/Operational", "Provider_Name": "Microsoft-Windows-RemoteDesktopServices-RdpCoreTS", "Computer": "DESKTOP-OFJ6N53", "TimeCreated": "2025-08-23 20:32:01.160831+00:00", "RecordID": "181906", "Level": "3", "UserID": "S-1-5-20"}
{"EventID": "72", "Channel": "Microsoft-Windows-RemoteDesktopServices-RdpCoreTS/Operational", "Provider_Name": "Microsoft-Windows-RemoteDesktopServices-RdpCoreTS", "Computer": "DESKTOP-OFJ6N53", "TimeCreated": "2025-08-23 20:32:01.161404+00:00", "RecordID": "181907", "Level": "4", "UserID": "S-1-5-20", "EventData.MethodName": "OnDisconnected(server initiated)"}
{"EventID": "102", "Channel": "Microsoft-Windows-RemoteDesktopServices-RdpCoreTS/Operational", "Provider_Name": "Microsoft-Windows-RemoteDesktopServices-RdpCoreTS", "Computer": "DESKTOP-OFJ6N53", "TimeCreated": "2025-08-23 20:32:01.161423+00:00", "RecordID": "181908", "Level": "4", "UserID": "S-1-5-20"}
{"EventID": "145", "Channel": "Microsoft-Windows-RemoteDesktopServices-RdpCoreTS/Operational", "Provider_Name": "Microsoft-Windows-RemoteDesktopServices-RdpCoreTS", "Computer": "DESKTOP-OFJ6N53", "TimeCreated": "2025-08-23 20:32:01.161423+00:00", "RecordID": "181909", "Level": "4", "UserID": "S-1-5-20", "EventData.IdleSeconds": "0", "EventData.IdleSeconds1": "0", "EventData.IdleSeconds2": "0"}
{"EventID": "148", "Channel": "Microsoft-Windows-RemoteDesktopServices-RdpCoreTS/Operational", "Provider_Name": "Microsoft-Windows-RemoteDesktopServices-RdpCoreTS", "Computer": "DESKTOP-OFJ6N53", "TimeCreated": "2025-08-23 20:32:01.161430+00:00", "RecordID": "181910", "Level": "4", "UserID": "S-1-5-20", "EventData.ChannelName": "rdpinpt", "EventData.TunnelID": "0"}
{"EventID": "148", "Channel": "Microsoft-Windows-RemoteDesktopServices-RdpCoreTS/Operational", "Provider_Name": "Microsoft-Windows-RemoteDesktopServices-RdpCoreTS", "Computer": "DESKTOP-OFJ6N53", "TimeCreated": "2025-08-23 20:32:01.161432+00:00", "RecordID": "181911", "Level": "4", "UserID": "S-1-5-20", "EventData.ChannelName": "rdpcmd", "EventData.TunnelID": "0"}
{"EventID": "148", "Channel": "Microsoft-Windows-RemoteDesktopServices-RdpCoreTS/Operational", "Provider_Name": "Microsoft-Windows-RemoteDesktopServices-RdpCoreTS", "Computer": "DESKTOP-OFJ6N53", "TimeCreated": "2025-08-23 20:32:01.161434+00:00", "RecordID": "181912", "Level": "4", "UserID": "S-1-5-20", "EventData.ChannelName": "rdplic", "EventData.TunnelID": "0"}
{"EventID": "148", "Channel": "Microsoft-Windows-RemoteDesktopServices-RdpCoreTS/Operational", "Provider_Name": "Microsoft-Windows-RemoteDesktopServices-RdpCoreTS", "Computer": "DESKTOP-OFJ6N53", "TimeCreated": "2025-08-23 20:32:01.161438+00:00", "RecordID": "181913", "Level": "4", "UserID": "S-1-5-20", "EventData.ChannelName": "Microsoft::Windows::RDS::Telemetry", "EventData.TunnelID": "0"}
{"EventID": "148", "Channel": "Microsoft-Windows-RemoteDesktopServices-RdpCoreTS/Operational", "Provider_Name": "Microsoft-Windows-RemoteDesktopServices-RdpCoreTS", "Computer": "DESKTOP-OFJ6N53", "TimeCreated": "2025-08-23 20:32:01.161449+00:00", "RecordID": "181914", "Level": "4", "UserID": "S-1-5-20", "EventData.ChannelName": "rdpgrfx", "EventData.TunnelID": "0"}
{"EventID": "148", "Channel": "Microsoft-Windows-RemoteDesktopServices-RdpCoreTS/Operational", "Provider_Name": "Microsoft-Windows-RemoteDesktopServices-RdpCoreTS", "Computer": "DESKTOP-OFJ6N53", "TimeCreated": "2025-08-23 20:32:01.161472+00:00", "RecordID": "181915", "Level": "4", "UserID": "S-1-5-20", "EventData.ChannelName": "railenc", "EventData.TunnelID": "0"}
{"EventID": "148", "Channel": "Microsoft-Windows-RemoteDesktopServices-RdpCoreTS/Operational", "Provider_Name": "Microsoft-Windows-RemoteDesktopServices-RdpCoreTS", "Computer": "DESKTOP-OFJ6N53", "TimeCreated": "2025-08-23 20:32:01.161478+00:00", "RecordID": "181916", "Level": "4", "UserID": "S-1-5-20", "EventData.ChannelName": "Microsoft::Windows::RDS::Frame_Buffer::Control::v08.01", "EventData.TunnelID": "0"}
{"EventID": "148", "Channel": "Microsoft-Windows-RemoteDesktopServices-RdpCoreTS/Operational", "Provider_Name": "Microsoft-Windows-RemoteDesktopServices-RdpCoreTS", "Computer": "DESKTOP-OFJ6N53", "TimeCreated": "2025-08-23 20:32:01.161484+00:00", "RecordID": "181917", "Level": "4", "UserID": "S-1-5-20", "EventData.ChannelName": "Microsoft::Windows::RDS::Graphics", "EventData.TunnelID": "0"}
{"EventID": "148", "Channel": "Microsoft-Windows-RemoteDesktopServices-RdpCoreTS/Operational", "Provider_Name": "Microsoft-Windows-RemoteDesktopServices-RdpCoreTS", "Computer": "DESKTOP-OFJ6N53", "TimeCreated": "2025-08-23 20:32:01.162928+00:00", "RecordID": "181918", "Level": "4", "UserID": "S-1-5-20", "EventData.ChannelName": "ECHO", "EventData.TunnelID": "0"}
{"EventID": "148", "Channel": "Microsoft-Windows-RemoteDesktopServices-RdpCoreTS/Operational", "Provider_Name": "Microsoft-Windows-RemoteDesktopServices-RdpCoreTS", "Computer": "DESKTOP-OFJ6N53", "TimeCreated": "2025-08-23 20:32:01.162933+00:00", "RecordID": "181919", "Level": "4", "UserID": "S-1-5-20", "EventData.ChannelName": "rdpdr", "EventData.TunnelID": "0"}
{"EventID": "148", "Channel": "Microsoft-Windows-RemoteDesktopServices-RdpCoreTS/Operational", "Provider_Name": "Microsoft-Windows-RemoteDesktopServices-RdpCoreTS", "Computer": "DESKTOP-OFJ6N53", "TimeCreated": "2025-08-23 20:32:01.162941+00:00", "RecordID": "181920", "Level": "4", "UserID": "S-1-5-20", "EventData.ChannelName": "rdpsnd", "EventData.TunnelID": "0"}
{"EventID": "148", "Channel": "Microsoft-Windows-RemoteDesktopServices-RdpCoreTS/Operational", "Provider_Name": "Microsoft-Windows-RemoteDesktopServices-RdpCoreTS", "Computer": "DESKTOP-OFJ6N53", "TimeCreated": "2025-08-23 20:32:01.162951+00:00", "RecordID": "181921", "Level": "4", "UserID": "S-1-5-20", "EventData.ChannelName": "cliprdr", "EventData.TunnelID": "0"}
{"EventID": "131", "Channel": "Microsoft-Windows-RemoteDesktopServices-RdpCoreTS/Operational", "Provider_Name": "Microsoft-Windows-RemoteDesktopServices-RdpCoreTS", "Computer": "DESKTOP-OFJ6N53", "TimeCreated": "2025-08-23 20:32:09.627251+00:00", "RecordID": "181922", "Level": "4", "UserID": "S-1-5-20", "EventData.ConnType": "TCP", "EventData.ClientIP": "10.31.228.152:55490"}
{"EventID": "65", "Channel": "Microsoft-Windows-RemoteDesktopServices-RdpCoreTS/Operational", "Provider_Name": "Microsoft-Windows-RemoteDesktopServices-RdpCoreTS", "Computer": "DESKTOP-OFJ6N53", "TimeCreated": "2025-08-23 20:32:09.629494+00:00", "RecordID": "181923", "Level": "4", "UserID": "S-1-5-20", "EventData.ConnectionName": "RDP-Tcp#12"}
{"EventID": "72", "Channel": "Microsoft-Windows-RemoteDesktopServices-RdpCoreTS/Operational", "Provider_Name": "Microsoft-Windows-RemoteDesktopServices-RdpCoreTS", "Computer": "DESKTOP-OFJ6N53", "TimeCreated": "2025-08-23 20:32:09.631823+00:00", "RecordID": "181924", "Level": "4", "UserID": "S-1-5-20", "EventData.MethodName": "PrepareForAccept"}
{"EventID": "72", "Channel": "Microsoft-Windows-RemoteDesktopServices-RdpCoreTS/Operational", "Provider_Name": "Microsoft-Windows-RemoteDesktopServices-RdpCoreTS", "Computer": "DESKTOP-OFJ6N53", "TimeCreated": "2025-08-23 20:32:09.631832+00:00", "RecordID": "181925", "Level": "4", "UserID": "S-1-5-20", "EventData.MethodName": "SendPolicyData"}
{"EventID": "141", "Channel": "Microsoft-Windows-RemoteDesktopServices-RdpCoreTS/Operational", "Provider_Name": "Microsoft-Windows-RemoteDesktopServices-RdpCoreTS", "Computer": "DESKTOP-OFJ6N53", "TimeCreated": "2025-08-23 20:32:09.632895+00:00", "RecordID": "181926", "Level": "4", "UserID": "S-1-5-20", "EventData.InstanceID": "12"}
{"EventID": "101", "Channel": "Microsoft-Windows-RemoteDesktopServices-RdpCoreTS/Operational", "Provider_Name": "Microsoft-Windows-RemoteDesktopServices-RdpCoreTS", "Computer": "DESKTOP-OFJ6N53", "TimeCreated": "2025-08-23 20:32:12.958557+00:00", "RecordID": "181927", "Level": "3", "UserID": "S-1-5-20", "EventData.ReasonString": "Reason Code: 2(Server Configuration)."}
{"EventID": "132", "Channel": "Microsoft-Windows-RemoteDesktopServices-RdpCoreTS/Operational", "Provider_Name": "Microsoft-Windows-RemoteDesktopServices-RdpCoreTS", "Computer": "DESKTOP-OFJ6N53", "TimeCreated": "2025-08-23 20:32:12.958570+00:00", "RecordID": "181928", "Level": "4", "UserID": "S-1-5-20", "EventData.ChannelName": "rdplic", "EventData.TunnelID": "0"}
{"EventID": "132", "Channel": "Microsoft-Windows-RemoteDesktopServices-RdpCoreTS/Operational", "Provider_Name": "Microsoft-Windows-RemoteDesktopServices-RdpCoreTS", "Computer": "DESKTOP-OFJ6N53", "TimeCreated": "2025-08-23 20:32:12.958576+00:00", "RecordID": "181929", "Level": "4", "UserID": "S-1-5-20", "EventData.ChannelName": "rdpcmd", "EventData.TunnelID": "0"}
{"EventID": "72", "Channel": "Microsoft-Windows-RemoteDesktopServices-RdpCoreTS/Operational", "Provider_Name": "Microsoft-Windows-RemoteDesktopServices-RdpCoreTS", "Computer": "DESKTOP-OFJ6N53", "TimeCreated": "2025-08-23 20:32:12.958584+00:00", "RecordID": "181930", "Level": "4", "UserID": "S-1-5-20", "EventData.MethodName": "OnStartLicensing"}
{"EventID": "72", "Channel": "Microsoft-Windows-RemoteDesktopServices-RdpCoreTS/Operational", "Provider_Name": "Microsoft-Windows-RemoteDesktopServices-RdpCoreTS", "Computer": "DESKTOP-OFJ6N53", "TimeCreated": "2025-08-23 20:32:12.958641+00:00", "RecordID": "181931", "Level": "4", "UserID": "S-1-5-20", "EventData.MethodName": "AcceptConnection"}
{"EventID": "104", "Channel": "Microsoft-Windows-RemoteDesktopServices-RdpCoreTS/Operational", "Provider_Name": "Microsoft-Windows-RemoteDesktopServices-RdpCoreTS", "Computer": "DESKTOP-OFJ6N53", "TimeCreated": "2025-08-23 20:32:12.958769+00:00", "RecordID": "181932", "Level": "4", "UserID": "S-1-5-20", "EventData.TimezoneBiasHour": "[3]"}
{"EventID": "71", "Channel": "Microsoft-Windows-RemoteDesktopServices-RdpCoreTS/Operational", "Provider_Name": "Microsoft-Windows-RemoteDesktopServices-RdpCoreTS", "Computer": "DESKTOP-OFJ6N53", "TimeCreated": "2025-08-23 20:32:12.958773+00:00", "RecordID": "181933", "Level": "4", "UserID": "S-1-5-20", "EventData.ConnectionName": "RDP-Tcp#12", "EventData.DisplayDriverName": "RDPUDD"}
{"EventID": "227", "Channel": "Microsoft-Windows-RemoteDesktopServices-RdpCoreTS/Operational", "Provider_Name": "Microsoft-Windows-RemoteDesktopServices-RdpCoreTS", "Computer": "DESKTOP-OFJ6N53", "TimeCreated": "2025-08-23 20:32:12.958805+00:00", "RecordID": "181934", "Level": "2", "UserID": "S-1-5-20", "EventData.Name": "CUMRDPConnection", "EventData.Value": "2147500033", "EventData.CustomLevel": "'Failed GetConnectionProperty' in CUMRDPConnection::QueryProperty at 3347 err=[0x80004001]"}
{"EventID": "72", "Channel": "Microsoft-Windows-RemoteDesktopServices-RdpCoreTS/Operational", "Provider_Name": "Microsoft-Windows-RemoteDesktopServices-RdpCoreTS", "Computer": "DESKTOP-OFJ6N53", "TimeCreated": "2025-08-23 20:32:12.958809+00:00", "RecordID": "181935", "Level": "4", "UserID": "S-1-5-20", "EventData.MethodName": "GetSecurityFilterCreds"}
{"EventID": "72", "Channel": "Microsoft-Windows-RemoteDesktopServices-RdpCoreTS/Operational", "Provider_Name": "Microsoft-Windows-RemoteDesktopServices-RdpCoreTS", "Computer": "DESKTOP-OFJ6N53", "TimeCreated": "2025-08-23 20:32:12.959642+00:00", "RecordID": "181936", "Level": "4", "UserID": "S-1-5-20", "EventData.MethodName": "SendClientLicense"}
{"EventID": "72", "Channel": "Microsoft-Windows-RemoteDesktopServices-RdpCoreTS/Operational", "Provider_Name": "Microsoft-Windows-RemoteDesktopServices-RdpCoreTS", "Computer": "DESKTOP-OFJ6N53", "TimeCreated": "2025-08-23 20:32:12.959658+00:00", "RecordID": "181937", "Level": "4", "UserID": "S-1-5-20", "EventData.MethodName": "ProtocolComplete"}
{"EventID": "98", "Channel": "Microsoft-Windows-RemoteDesktopServices-RdpCoreTS/Operational", "Provider_Name": "Microsoft-Windows-RemoteDesktopServices-RdpCoreTS", "Computer": "DESKTOP-OFJ6N53", "TimeCreated": "2025-08-23 20:32:12.959814+00:00", "RecordID": "181938", "Level": "4", "UserID": "S-1-5-20"}
{"EventID": "100", "Channel": "Microsoft-Windows-RemoteDesktopServices-RdpCoreTS/Operational", "Provider_Name": "Microsoft-Windows-RemoteDesktopServices-RdpCoreTS", "Computer": "DESKTOP-OFJ6N53", "TimeCreated": "2025-08-23 20:32:12.959816+00:00", "RecordID": "181939", "Level": "4", "UserID": "S-1-5-20"}
{"EventID": "135", "Channel": "Microsoft-Windows-RemoteDesktopServices-RdpCoreTS/Operational", "Provider_Name": "Microsoft-Windows-RemoteDesktopServices-RdpCoreTS", "Computer": "DESKTOP-OFJ6N53", "TimeCreated": "2025-08-23 20:32:12.959824+00:00", "RecordID": "181940", "Level": "4", "UserID": "S-1-5-20", "EventData.TunnelID": "1", "EventData.TransportType": "TCP: Reason Code: 1 (No Client UDP Support)"}
{"EventID": "135", "Channel": "Microsoft-Windows-RemoteDesktopServices-RdpCoreTS/Operational", "Provider_Name": "Microsoft-Windows-RemoteDesktopServices-RdpCoreTS", "Computer": "DESKTOP-OFJ6N53", "TimeCreated": "2025-08-23 20:32:12.959826+00:00", "RecordID": "181941", "Level": "4", "UserID": "S-1-5-20", "EventData.TunnelID": "3", "EventData.TransportType": "TCP: Reason Code: 2 (Forced by Server Configuration)"}
{"EventID": "72", "Channel": "Microsoft-Windows-RemoteDesktopServices-RdpCoreTS/Operational", "Provider_Name": "Microsoft-Windows-RemoteDesktopServices-RdpCoreTS", "Computer": "DESKTOP-OFJ6N53", "TimeCreated": "2025-08-23 20:32:12.960178+00:00", "RecordID": "181942", "Level": "4", "UserID": "S-1-5-20", "EventData.MethodName": "AuthenticateClientToSession"}
{"EventID": "72", "Channel": "Microsoft-Windows-RemoteDesktopServices-RdpCoreTS/Operational", "Provider_Name": "Microsoft-Windows-RemoteDesktopServices-RdpCoreTS", "Computer": "DESKTOP-OFJ6N53", "TimeCreated": "2025-08-23 20:32:12.962414+00:00", "RecordID": "181943", "Level": "4", "UserID": "S-1-5-20", "EventData.MethodName": "PreCreate"}
{"EventID": "72", "Channel": "Microsoft-Windows-RemoteDesktopServices-RdpCoreTS/Operational", "Provider_Name": "Microsoft-Windows-RemoteDesktopServices-RdpCoreTS", "Computer": "DESKTOP-OFJ6N53", "TimeCreated": "2025-08-23 20:32:12.962864+00:00", "RecordID": "181944", "Level": "4", "UserID": "S-1-5-20", "EventData.MethodName": "SendLogonErrorInfoToClient(WinlogonStatus: 0xd00002fe, ClientError: 0xffffffff)"}
{"EventID": "227", "Channel": "Microsoft-Windows-RemoteDesktopServices-RdpCoreTS/Operational", "Provider_Name": "Microsoft-Windows-RemoteDesktopServices-RdpCoreTS", "Computer": "DESKTOP-OFJ6N53", "TimeCreated": "2025-08-23 20:32:12.963285+00:00", "RecordID": "181945", "Level": "2", "UserID": "S-1-5-20", "EventData.Name": "CUMRDPConnection", "EventData.Value": "2147942487", "EventData.CustomLevel": "'Failed to get property Disconnect Reason' in CUMRDPConnection::GetDisconnectReason at 5309 err=[0x80070057]"}
{"EventID": "103", "Channel": "Microsoft-Windows-RemoteDesktopServices-RdpCoreTS/Operational", "Provider_Name": "Microsoft-Windows-RemoteDesktopServices-RdpCoreTS", "Computer": "DESKTOP-OFJ6N53", "TimeCreated": "2025-08-23 20:32:12.963287+00:00", "RecordID": "181946", "Level": "4", "UserID": "S-1-5-20", "EventData.ReasonCode": "4294967295"}
{"EventID": "227", "Channel": "Microsoft-Windows-RemoteDesktopServices-RdpCoreTS/Operational", "Provider_Name": "Microsoft-Windows-RemoteDesktopServices-RdpCoreTS", "Computer": "DESKTOP-OFJ6N53", "TimeCreated": "2025-08-23 20:32:12.963396+00:00", "RecordID": "181947", "Level": "2", "UserID": "S-1-5-20", "EventData.Name": "CUMRDPConnection", "EventData.Value": "2147942487", "EventData.CustomLevel": "'Failed to get property Disconnect Reason' in CUMRDPConnection::GetDisconnectReason at 5309 err=[0x80070057]"}
{"EventID": "103", "Channel": "Microsoft-Windows-RemoteDesktopServices-RdpCoreTS/Operational", "Provider_Name": "Microsoft-Windows-RemoteDesktopServices-RdpCoreTS", "Computer": "DESKTOP-OFJ6N53", "TimeCreated": "2025-08-23 20:32:12.963400+00:00", "RecordID": "181948", "Level": "4", "UserID": "S-1-5-20", "EventData.ReasonCode": "4294967295"}
{"EventID": "144", "Channel": "Microsoft-Windows-RemoteDesktopServices-RdpCoreTS/Operational", "Provider_Name": "Microsoft-Windows-RemoteDesktopServices-RdpCoreTS", "Computer": "DESKTOP-OFJ6N53", "TimeCreated": "2025-08-23 20:32:13.003973+00:00", "RecordID": "181949", "Level": "3", "UserID": "S-1-5-20"}
{"EventID": "72", "Channel": "Microsoft-Windows-RemoteDesktopServices-RdpCoreTS/Operational", "Provider_Name": "Microsoft-Windows-RemoteDesktopServices-RdpCoreTS", "Computer": "DESKTOP-OFJ6N53", "TimeCreated": "2025-08-23 20:32:13.004868+00:00", "RecordID": "181950", "Level": "4", "UserID": "S-1-5-20", "EventData.MethodName": "OnDisconnected(server initiated)"}
{"EventID": "102", "Channel": "Microsoft-Windows-RemoteDesktopServices-RdpCoreTS/Operational", "Provider_Name": "Microsoft-Windows-RemoteDesktopServices-RdpCoreTS", "Computer": "DESKTOP-OFJ6N53", "TimeCreated": "2025-08-23 20:32:13.004889+00:00", "RecordID": "181951", "Level": "4", "UserID": "S-1-5-20"}
{"EventID": "145", "Channel": "Microsoft-Windows-RemoteDesktopServices-RdpCoreTS/Operational", "Provider_Name": "Microsoft-Windows-RemoteDesktopServices-RdpCoreTS", "Computer": "DESKTOP-OFJ6N53", "TimeCreated": "2025-08-23 20:32:13.004892+00:00", "RecordID": "181952", "Level": "4", "UserID": "S-1-5-20", "EventData.IdleSeconds": "0", "EventData.IdleSeconds1": "0", "EventData.IdleSeconds2": "0"}
{"EventID": "148", "Channel": "Microsoft-Windows-RemoteDesktopServices-RdpCoreTS/Operational", "Provider_Name": "Microsoft-Windows-RemoteDesktopServices-RdpCoreTS", "Computer": "DESKTOP-OFJ6N53", "TimeCreated": "2025-08-23 20:32:13.004898+00:00", "RecordID": "181953", "Level": "4", "UserID": "S-1-5-20", "EventData.ChannelName": "rdpinpt", "EventData.TunnelID": "0"}
{"EventID": "148", "Channel": "Microsoft-Windows-RemoteDesktopServices-RdpCoreTS/Operational", "Provider_Name": "Microsoft-Windows-RemoteDesktopServices-RdpCoreTS", "Computer": "DESKTOP-OFJ6N53", "TimeCreated": "2025-08-23 20:32:13.004902+00:00", "RecordID": "181954", "Level": "4", "UserID": "S-1-5-20", "EventData.ChannelName": "rdpcmd", "EventData.TunnelID": "0"}
{"EventID": "148", "Channel": "Microsoft-Windows-RemoteDesktopServices-RdpCoreTS/Operational", "Provider_Name": "Microsoft-Windows-RemoteDesktopServices-RdpCoreTS", "Computer": "DESKTOP-OFJ6N53", "TimeCreated": "2025-08-23 20:32:13.004906+00:00", "RecordID": "181955", "Level": "4", "UserID": "S-1-5-20", "EventData.ChannelName": "rdplic", "EventData.TunnelID": "0"}
{"EventID": "148", "Channel": "Microsoft-Windows-RemoteDesktopServices-RdpCoreTS/Operational", "Provider_Name": "Microsoft-Windows-RemoteDesktopServices-RdpCoreTS", "Computer": "DESKTOP-OFJ6N53", "TimeCreated": "2025-08-23 20:32:13.004908+00:00", "RecordID": "181956", "Level": "4", "UserID": "S-1-5-20", "EventData.ChannelName": "Microsoft::Windows::RDS::Telemetry", "EventData.TunnelID": "0"}
{"EventID": "148", "Channel": "Microsoft-Windows-RemoteDesktopServices-RdpCoreTS/Operational", "Provider_Name": "Microsoft-Windows-RemoteDesktopServices-RdpCoreTS", "Computer": "DESKTOP-OFJ6N53", "TimeCreated": "2025-08-23 20:32:13.004910+00:00", "RecordID": "181957", "Level": "4", "UserID": "S-1-5-20", "EventData.ChannelName": "rdpgrfx", "EventData.TunnelID": "0"}
{"EventID": "148", "Channel": "Microsoft-Windows-RemoteDesktopServices-RdpCoreTS/Operational", "Provider_Name": "Microsoft-Windows-RemoteDesktopServices-RdpCoreTS", "Computer": "DESKTOP-OFJ6N53", "TimeCreated": "2025-08-23 20:32:13.004917+00:00", "RecordID": "181958", "Level": "4", "UserID": "S-1-5-20", "EventData.ChannelName": "railenc", "EventData.TunnelID": "0"}
{"EventID": "131", "Channel": "Microsoft-Windows-RemoteDesktopServices-RdpCoreTS/Operational", "Provider_Name": "Microsoft-Windows-RemoteDesktopServices-RdpCoreTS", "Computer": "DESKTOP-OFJ6N53", "TimeCreated": "2025-08-23 20:32:20.505730+00:00", "RecordID": "181959", "Level": "4", "UserID": "S-1-5-20", "EventData.ConnType": "TCP", "EventData.ClientIP": "10.31.228.152:55492"}
{"EventID": "65", "Channel": "Microsoft-Windows-RemoteDesktopServices-RdpCoreTS/Operational", "Provider_Name": "Microsoft-Windows-RemoteDesktopServices-RdpCoreTS", "Computer": "DESKTOP-OFJ6N53", "TimeCreated": "2025-08-23 20:32:20.508389+00:00", "RecordID": "181960", "Level": "4", "UserID": "S-1-5-20", "EventData.ConnectionName": "RDP-Tcp#13"}
{"EventID": "72", "Channel": "Microsoft-Windows-RemoteDesktopServices-RdpCoreTS/Operational", "Provider_Name": "Microsoft-Windows-RemoteDesktopServices-RdpCoreTS", "Computer": "DESKTOP-OFJ6N53", "TimeCreated": "2025-08-23 20:32:20.510616+00:00", "RecordID": "181961", "Level": "4", "UserID": "S-1-5-20", "EventData.MethodName": "PrepareForAccept"}
{"EventID": "72", "Channel": "Microsoft-Windows-RemoteDesktopServices-RdpCoreTS/Operational", "Provider_Name": "Microsoft-Windows-RemoteDesktopServices-RdpCoreTS", "Computer": "DESKTOP-OFJ6N53", "TimeCreated": "2025-08-23 20:32:20.510630+00:00", "RecordID": "181962", "Level": "4", "UserID": "S-1-5-20", "EventData.MethodName": "SendPolicyData"}
{"EventID": "141", "Channel": "Microsoft-Windows-RemoteDesktopServices-RdpCoreTS/Operational", "Provider_Name": "Microsoft-Windows-RemoteDesktopServices-RdpCoreTS", "Computer": "DESKTOP-OFJ6N53", "TimeCreated": "2025-08-23 20:32:20.512228+00:00", "RecordID": "181963", "Level": "4", "UserID": "S-1-5-20", "EventData.InstanceID": "13"}
{"EventID": "101", "Channel": "Microsoft-Windows-RemoteDesktopServices-RdpCoreTS/Operational", "Provider_Name": "Microsoft-Windows-RemoteDesktopServices-RdpCoreTS", "Computer": "DESKTOP-OFJ6N53", "TimeCreated": "2025-08-23 20:32:23.635096+00:00", "RecordID": "181964", "Level": "3", "UserID": "S-1-5-20", "EventData.ReasonString": "Reason Code: 2(Server Configuration)."}
{"EventID": "132", "Channel": "Microsoft-Windows-RemoteDesktopServices-RdpCoreTS/Operational", "Provider_Name": "Microsoft-Windows-RemoteDesktopServices-RdpCoreTS", "Computer": "DESKTOP-OFJ6N53", "TimeCreated": "2025-08-23 20:32:23.635109+00:00", "RecordID": "181965", "Level": "4", "UserID": "S-1-5-20", "EventData.ChannelName": "rdplic", "EventData.TunnelID": "0"}
{"EventID": "132", "Channel": "Microsoft-Windows-RemoteDesktopServices-RdpCoreTS/Operational", "Provider_Name": "Microsoft-Windows-RemoteDesktopServices-RdpCoreTS", "Computer": "DESKTOP-OFJ6N53", "TimeCreated": "2025-08-23 20:32:23.635115+00:00", "RecordID": "181966", "Level": "4", "UserID": "S-1-5-20", "EventData.ChannelName": "rdpcmd", "EventData.TunnelID": "0"}
{"EventID": "72", "Channel": "Microsoft-Windows-RemoteDesktopServices-RdpCoreTS/Operational", "Provider_Name": "Microsoft-Windows-RemoteDesktopServices-RdpCoreTS", "Computer": "DESKTOP-OFJ6N53", "TimeCreated": "2025-08-23 20:32:23.635126+00:00", "RecordID": "181967", "Level": "4", "UserID": "S-1-5-20", "EventData.MethodName": "OnStartLicensing"}
{"EventID": "72", "Channel": "Microsoft-Windows-RemoteDesktopServices-RdpCoreTS/Operational", "Provider_Name": "Microsoft-Windows-RemoteDesktopServices-RdpCoreTS", "Computer": "DESKTOP-OFJ6N53", "TimeCreated": "2025-08-23 20:32:23.635162+00:00", "RecordID": "181968", "Level": "4", "UserID": "S-1-5-20", "EventData.MethodName": "AcceptConnection"}
{"EventID": "104", "Channel": "Microsoft-Windows-RemoteDesktopServices-RdpCoreTS/Operational", "Provider_Name": "Microsoft-Windows-RemoteDesktopServices-RdpCoreTS", "Computer": "DESKTOP-OFJ6N53", "TimeCreated": "2025-08-23 20:32:23.635239+00:00", "RecordID": "181969", "Level": "4", "UserID": "S-1-5-20", "EventData.TimezoneBiasHour": "[3]"}
{"EventID": "71", "Channel": "Microsoft-Windows-RemoteDesktopServices-RdpCoreTS/Operational", "Provider_Name": "Microsoft-Windows-RemoteDesktopServices-RdpCoreTS", "Computer": "DESKTOP-OFJ6N53", "TimeCreated": "2025-08-23 20:32:23.635242+00:00", "RecordID": "181970", "Level": "4", "UserID": "S-1-5-20", "EventData.ConnectionName": "RDP-Tcp#13", "EventData.DisplayDriverName": "RDPUDD"}
{"EventID": "227", "Channel": "Microsoft-Windows-RemoteDesktopServices-RdpCoreTS/Operational", "Provider_Name": "Microsoft-Windows-RemoteDesktopServices-RdpCoreTS", "Computer": "DESKTOP-OFJ6N53", "TimeCreated": "2025-08-23 20:32:23.635273+00:00", "RecordID": "181971", "Level": "2", "UserID": "S-1-5-20", "EventData.Name": "CUMRDPConnection", "EventData.Value": "2147500033", "EventData.CustomLevel": "'Failed GetConnectionProperty' in CUMRDPConnection::QueryProperty at 3347 err=[0x80004001]"}
{"EventID": "72", "Channel": "Microsoft-Windows-RemoteDesktopServices-RdpCoreTS/Operational", "Provider_Name": "Microsoft-Windows-RemoteDesktopServices-RdpCoreTS", "Computer": "DESKTOP-OFJ6N53", "TimeCreated": "2025-08-23 20:32:23.635277+00:00", "RecordID": "181972", "Level": "4", "UserID": "S-1-5-20", "EventData.MethodName": "GetSecurityFilterCreds"}
{"EventID": "72", "Channel": "Microsoft-Windows-RemoteDesktopServices-RdpCoreTS/Operational", "Provider_Name": "Microsoft-Windows-RemoteDesktopServices-RdpCoreTS", "Computer": "DESKTOP-OFJ6N53", "TimeCreated": "2025-08-23 20:32:23.636036+00:00", "RecordID": "181973", "Level": "4", "UserID": "S-1-5-20", "EventData.MethodName": "SendClientLicense"}
{"EventID": "72", "Channel": "Microsoft-Windows-RemoteDesktopServices-RdpCoreTS/Operational", "Provider_Name": "Microsoft-Windows-RemoteDesktopServices-RdpCoreTS", "Computer": "DESKTOP-OFJ6N53", "TimeCreated": "2025-08-23 20:32:23.636065+00:00", "RecordID": "181974", "Level": "4", "UserID": "S-1-5-20", "EventData.MethodName": "ProtocolComplete"}
{"EventID": "98", "Channel": "Microsoft-Windows-RemoteDesktopServices-RdpCoreTS/Operational", "Provider_Name": "Microsoft-Windows-RemoteDesktopServices-RdpCoreTS", "Computer": "DESKTOP-OFJ6N53", "TimeCreated": "2025-08-23 20:32:23.636181+00:00", "RecordID": "181975", "Level": "4", "UserID": "S-1-5-20"}
{"EventID": "100", "Channel": "Microsoft-Windows-RemoteDesktopServices-RdpCoreTS/Operational", "Provider_Name": "Microsoft-Windows-RemoteDesktopServices-RdpCoreTS", "Computer": "DESKTOP-OFJ6N53", "TimeCreated": "2025-08-23 20:32:23.636183+00:00", "RecordID": "181976", "Level": "4", "UserID": "S-1-5-20"}
{"EventID": "135", "Channel": "Microsoft-Windows-RemoteDesktopServices-RdpCoreTS/Operational", "Provider_Name": "Microsoft-Windows-RemoteDesktopServices-RdpCoreTS", "Computer": "DESKTOP-OFJ6N53", "TimeCreated": "2025-08-23 20:32:23.636190+00:00", "RecordID": "181977", "Level": "4", "UserID": "S-1-5-20", "EventData.TunnelID": "1", "EventData.TransportType": "TCP: Reason Code: 1 (No Client UDP Support)"}
{"EventID": "135", "Channel": "Microsoft-Windows-RemoteDesktopServices-RdpCoreTS/Operational", "Provider_Name": "Microsoft-Windows-RemoteDesktopServices-RdpCoreTS", "Computer": "DESKTOP-OFJ6N53", "TimeCreated": "2025-08-23 20:32:23.636192+00:00", "RecordID": "181978", "Level": "4", "UserID": "S-1-5-20", "EventData.TunnelID": "3", "EventData.TransportType": "TCP: Reason Code: 2 (Forced by Server Configuration)"}
{"EventID": "72", "Channel": "Microsoft-Windows-RemoteDesktopServices-RdpCoreTS/Operational", "Provider_Name": "Microsoft-Windows-RemoteDesktopServices-RdpCoreTS", "Computer": "DESKTOP-OFJ6N53", "TimeCreated": "2025-08-23 20:32:23.636482+00:00", "RecordID": "181979", "Level": "4", "UserID": "S-1-5-20", "EventData.MethodName": "AuthenticateClientToSession"}
{"EventID": "72", "Channel": "Microsoft-Windows-RemoteDesktopServices-RdpCoreTS/Operational", "Provider_Name": "Microsoft-Windows-RemoteDesktopServices-RdpCoreTS", "Computer": "DESKTOP-OFJ6N53", "TimeCreated": "2025-08-23 20:32:23.638041+00:00", "RecordID": "181980", "Level": "4", "UserID": "S-1-5-20", "EventData.MethodName": "PreCreate"}
{"EventID": "72", "Channel": "Microsoft-Windows-RemoteDesktopServices-RdpCoreTS/Operational", "Provider_Name": "Microsoft-Windows-RemoteDesktopServices-RdpCoreTS", "Computer": "DESKTOP-OFJ6N53", "TimeCreated": "2025-08-23 20:32:23.638372+00:00", "RecordID": "181981", "Level": "4", "UserID": "S-1-5-20", "EventData.MethodName": "SendLogonErrorInfoToClient(WinlogonStatus: 0xd00002fe, ClientError: 0xffffffff)"}
{"EventID": "227", "Channel": "Microsoft-Windows-RemoteDesktopServices-RdpCoreTS/Operational", "Provider_Name": "Microsoft-Windows-RemoteDesktopServices-RdpCoreTS", "Computer": "DESKTOP-OFJ6N53", "TimeCreated": "2025-08-23 20:32:23.638794+00:00", "RecordID": "181982", "Level": "2", "UserID": "S-1-5-20", "EventData.Name": "CUMRDPConnection", "EventData.Value": "2147942487", "EventData.CustomLevel": "'Failed to get property Disconnect Reason' in CUMRDPConnection::GetDisconnectReason at 5309 err=[0x80070057]"}
{"EventID": "103", "Channel": "Microsoft-Windows-RemoteDesktopServices-RdpCoreTS/Operational", "Provider_Name": "Microsoft-Windows-RemoteDesktopServices-RdpCoreTS", "Computer": "DESKTOP-OFJ6N53", "TimeCreated": "2025-08-23 20:32:23.638796+00:00", "RecordID": "181983", "Level": "4", "UserID": "S-1-5-20", "EventData.ReasonCode": "4294967295"}
{"EventID": "227", "Channel": "Microsoft-Windows-RemoteDesktopServices-RdpCoreTS/Operational", "Provider_Name": "Microsoft-Windows-RemoteDesktopServices-RdpCoreTS", "Computer": "DESKTOP-OFJ6N53", "TimeCreated": "2025-08-23 20:32:23.638891+00:00", "RecordID": "181984", "Level": "2", "UserID": "S-1-5-20", "EventData.Name": "CUMRDPConnection", "EventData.Value": "2147942487", "EventData.CustomLevel": "'Failed to get property Disconnect Reason' in CUMRDPConnection::GetDisconnectReason at 5309 err=[0x80070057]"}
{"EventID": "103", "Channel": "Microsoft-Windows-RemoteDesktopServices-RdpCoreTS/Operational", "Provider_Name": "Microsoft-Windows-RemoteDesktopServices-RdpCoreTS", "Computer": "DESKTOP-OFJ6N53", "TimeCreated": "2025-08-23 20:32:23.638893+00:00", "RecordID": "181985", "Level": "4", "UserID": "S-1-5-20", "EventData.ReasonCode": "4294967295"}
{"EventID": "144", "Channel": "Microsoft-Windows-RemoteDesktopServices-RdpCoreTS/Operational", "Provider_Name": "Microsoft-Windows-RemoteDesktopServices-RdpCoreTS", "Computer": "DESKTOP-OFJ6N53", "TimeCreated": "2025-08-23 20:32:23.815693+00:00", "RecordID": "181986", "Level": "3", "UserID": "S-1-5-20"}
{"EventID": "72", "Channel": "Microsoft-Windows-RemoteDesktopServices-RdpCoreTS/Operational", "Provider_Name": "Microsoft-Windows-RemoteDesktopServices-RdpCoreTS", "Computer": "DESKTOP-OFJ6N53", "TimeCreated": "2025-08-23 20:32:23.816536+00:00", "RecordID": "181987", "Level": "4", "UserID": "S-1-5-20", "EventData.MethodName": "OnDisconnected(server initiated)"}
{"EventID": "102", "Channel": "Microsoft-Windows-RemoteDesktopServices-RdpCoreTS/Operational", "Provider_Name": "Microsoft-Windows-RemoteDesktopServices-RdpCoreTS", "Computer": "DESKTOP-OFJ6N53", "TimeCreated": "2025-08-23 20:32:23.816551+00:00", "RecordID": "181988", "Level": "4", "UserID": "S-1-5-20"}
{"EventID": "145", "Channel": "Microsoft-Windows-RemoteDesktopServices-RdpCoreTS/Operational", "Provider_Name": "Microsoft-Windows-RemoteDesktopServices-RdpCoreTS", "Computer": "DESKTOP-OFJ6N53", "TimeCreated": "2025-08-23 20:32:23.816555+00:00", "RecordID": "181989", "Level": "4", "UserID": "S-1-5-20", "EventData.IdleSeconds": "0", "EventData.IdleSeconds1": "0", "EventData.IdleSeconds2": "0"}
{"EventID": "148", "Channel": "Microsoft-Windows-RemoteDesktopServices-RdpCoreTS/Operational", "Provider_Name": "Microsoft-Windows-RemoteDesktopServices-RdpCoreTS", "Computer": "DESKTOP-OFJ6N53", "TimeCreated": "2025-08-23 20:32:23.816561+00:00", "RecordID": "181990", "Level": "4", "UserID": "S-1-5-20", "EventData.ChannelName": "rdpinpt", "EventData.TunnelID": "0"}
{"EventID": "148", "Channel": "Microsoft-Windows-RemoteDesktopServices-RdpCoreTS/Operational", "Provider_Name": "Microsoft-Windows-RemoteDesktopServices-RdpCoreTS", "Computer": "DESKTOP-OFJ6N53", "TimeCreated": "2025-08-23 20:32:23.816572+00:00", "RecordID": "181991", "Level": "4", "UserID": "S-1-5-20", "EventData.ChannelName": "rdpcmd", "EventData.TunnelID": "0"}
{"EventID": "148", "Channel": "Microsoft-Windows-RemoteDesktopServices-RdpCoreTS/Operational", "Provider_Name": "Microsoft-Windows-RemoteDesktopServices-RdpCoreTS", "Computer": "DESKTOP-OFJ6N53", "TimeCreated": "2025-08-23 20:32:23.816574+00:00", "RecordID": "181992", "Level": "4", "UserID": "S-1-5-20", "EventData.ChannelName": "rdplic", "EventData.TunnelID": "0"}
{"EventID": "148", "Channel": "Microsoft-Windows-RemoteDesktopServices-RdpCoreTS/Operational", "Provider_Name": "Microsoft-Windows-RemoteDesktopServices-RdpCoreTS", "Computer": "DESKTOP-OFJ6N53", "TimeCreated": "2025-08-23 20:32:23.816576+00:00", "RecordID": "181993", "Level": "4", "UserID": "S-1-5-20", "EventData.ChannelName": "rdpgrfx", "EventData.TunnelID": "0"}
{"EventID": "148", "Channel": "Microsoft-Windows-RemoteDesktopServices-RdpCoreTS/Operational", "Provider_Name": "Microsoft-Windows-RemoteDesktopServices-RdpCoreTS", "Computer": "DESKTOP-OFJ6N53", "TimeCreated": "2025-08-23 20:32:23.816582+00:00", "RecordID": "181994", "Level": "4", "UserID": "S-1-5-20", "EventData.ChannelName": "railenc", "EventData.TunnelID": "0"}
{"EventID": "148", "Channel": "Microsoft-Windows-RemoteDesktopServices-RdpCoreTS/Operational", "Provider_Name": "Microsoft-Windows-RemoteDesktopServices-RdpCoreTS", "Computer": "DESKTOP-OFJ6N53", "TimeCreated": "2025-08-23 20:32:23.816587+00:00", "RecordID": "181995", "Level": "4", "UserID": "S-1-5-20", "EventData.ChannelName": "Microsoft::Windows::RDS::Telemetry", "EventData.TunnelID": "0"}
{"EventID": "229", "Channel": "Microsoft-Windows-RemoteDesktopServices-RdpCoreTS/Operational", "Provider_Name": "Microsoft-Windows-RemoteDesktopServices-RdpCoreTS", "Computer": "DESKTOP-OFJ6N53", "TimeCreated": "2025-08-23 20:33:21.751371+00:00", "RecordID": "181996", "Level": "4", "UserID": "S-1-5-20", "EventData.Name": "CUMRDPProtocolManager", "EventData.CustomLevel": "'CUMRDPProtocolManager::CreateListener(RDP-Tcp) DEBUG/VM/ReverseTCP/ReverseUDP/INET' in CUMRDPProtocolManager::CreateListener at 4082 err=[0x0]"}
{"EventID": "229", "Channel": "Microsoft-Windows-RemoteDesktopServices-RdpCoreTS/Operational", "Provider_Name": "Microsoft-Windows-RemoteDesktopServices-RdpCoreTS", "Computer": "DESKTOP-OFJ6N53", "TimeCreated": "2025-08-23 20:33:21.751434+00:00", "RecordID": "181997", "Level": "4", "UserID": "S-1-5-20", "EventData.Name": "CUMRDPProtocolManager", "EventData.CustomLevel": "'Creating standard listener:RDP-Tcp' in CUMRDPProtocolManager::CreateListener at 4162 err=[0x0]"}
{"EventID": "229", "Channel": "Microsoft-Windows-RemoteDesktopServices-RdpCoreTS/Operational", "Provider_Name": "Microsoft-Windows-RemoteDesktopServices-RdpCoreTS", "Computer": "DESKTOP-OFJ6N53", "TimeCreated": "2025-08-23 20:33:21.902317+00:00", "RecordID": "181998", "Level": "4", "UserID": "S-1-5-20", "EventData.Name": "CUMRDPListenerBase", "EventData.CustomLevel": "'Windows 8 or later detected, setting transport default mode to UDP + TCP' in CUMRDPListenerBase::Initialize at 471 err=[0x0]"}
{"EventID": "70", "Channel": "Microsoft-Windows-RemoteDesktopServices-RdpCoreTS/Operational", "Provider_Name": "Microsoft-Windows-RemoteDesktopServices-RdpCoreTS", "Computer": "DESKTOP-OFJ6N53", "TimeCreated": "2025-08-23 20:33:21.902317+00:00", "RecordID": "181999", "Level": "4", "UserID": "S-1-5-20", "EventData.DisplayDriverName": "rdpudd.dll"}
