{"EventID": "472", "Channel": "Microsoft-Windows-AppXDeploymentServer/Operational", "Provider_Name": "Microsoft-Windows-AppXDeployment-Server", "Computer": "DESKTOP-OFJ6N53", "TimeCreated": "2025-07-27 20:26:44.047424+00:00", "RecordID": "114730", "Level": "5", "UserID": "S-1-5-18", "EventData.SourceFolderPath": "\\\\?\\C:\\Program Files\\WindowsApps\\Microsoft.YourPhone_1.25061.45.0_neutral_split.language-ru_8wekyb3d8bbwe", "EventData.DestinationFolderPath": "\\\\?\\C:\\Program Files\\WindowsApps\\Deleted\\Microsoft.YourPhone_1.25061.45.0_neutral_split.language-ru_8wekyb3d8bbwe93ff7737-9830-4153-bc18-80240ea661a6", "EventData.ErrorCode": "0x00000000"}
{"EventID": "649", "Channel": "Microsoft-Windows-AppXDeploymentServer/Operational", "Provider_Name": "Microsoft-Windows-AppXDeployment-Server", "Computer": "DESKTOP-OFJ6N53", "TimeCreated": "2025-07-27 20:26:44.067169+00:00", "RecordID": "114731", "Level": "4", "UserID": "S-1-5-21-963789628-1060504924-4285088085-1001", "EventData.DeploymentOperation": "6", "EventData.PackageFullName": "Microsoft.YourPhone_1.25061.51.0_neutral_~_8wekyb3d8bbwe", "EventData.Summary": "PostDeploymentOperationCheck cost: 0 ms"}
{"EventID": "613", "Channel": "Microsoft-Windows-AppXDeploymentServer/Operational", "Provider_Name": "Microsoft-Windows-AppXDeployment-Server", "Computer": "DESKTOP-OFJ6N53", "TimeCreated": "2025-07-27 20:26:44.086269+00:00", "RecordID": "114732", "Level": "4", "UserID": "S-1-5-21-963789628-1060504924-4285088085-1001", "EventData.DeploymentOperation": "6", "EventData.PackageFullName": "Microsoft.YourPhone_1.25061.51.0_neutral_~_8wekyb3d8bbwe", "EventData.Summary": "Overall time: 2328 ms\nGap: 47 ms\nEnqueue cost: 47 ms\nDequeue delay: 140 ms\nGap: 16 ms\nBundle processing cost: 31 ms\nIndexing cost: 47 ms\nResolve dependency cost: 31 ms\nGap: 16 ms\nCheck approval cost: 15 ms\nEvaluation cost: 16 ms\nHardlinking evaluation cost: 0 ms\nStage required cost: 31 ms\nFlushing and closing files cost: 0 ms\nMachine register cost: 157 ms\nStage user data cost: 0 ms\nGap: 46 ms\nRegistration cost: 672 ms\nGap: 453 ms\nRepository commit transaction cost: 407 ms\nGap: 125 ms\nData flush cost: 15 ms\nPost DeStage repository commit transaction cost: 0 ms\nRemaining cost: 16 ms"}
{"EventID": "818", "Channel": "Microsoft-Windows-AppXDeploymentServer/Operational", "Provider_Name": "Microsoft-Windows-AppXDeployment-Server", "Computer": "DESKTOP-OFJ6N53", "TimeCreated": "2025-07-27 21:50:56.609114+00:00", "RecordID": "114733", "Level": "5", "UserID": "S-1-5-21-963789628-1060504924-4285088085-1001", "EventData.UserSid": "S-1-5-21-963789628-1060504924-4285088085-1001"}
{"EventID": "819", "Channel": "Microsoft-Windows-AppXDeploymentServer/Operational", "Provider_Name": "Microsoft-Windows-AppXDeployment-Server", "Computer": "DESKTOP-OFJ6N53", "TimeCreated": "2025-07-27 21:50:56.616190+00:00", "RecordID": "114734", "Level": "5", "UserID": "S-1-5-21-963789628-1060504924-4285088085-1001", "EventData.InstallPackageList": "Microsoft.Edge.GameAssist_1.0.3423.0_x64__8wekyb3d8bbwe Microsoft.MicrosoftEdge.Stable_138.0.3351.109_neutral__8wekyb3d8bbwe", "EventData.EndOfLifePackageList": "NULL"}
{"EventID": "603", "Channel": "Microsoft-Windows-AppXDeploymentServer/Operational", "Provider_Name": "Microsoft-Windows-AppXDeployment-Server", "Computer": "DESKTOP-OFJ6N53", "TimeCreated": "2025-07-28 20:31:44.942507+00:00", "RecordID": "114735", "Level": "4", "UserID": "S-1-5-18", "EventData.DeploymentOperation": "5", "EventData.Path": "Microsoft.MicrosoftOfficeHub_19.2507.51101.0_neutral_~_8wekyb3d8bbwe", "EventData.Flags": "0", "EventData.FlagsHigh": "0", "EventData.CallingProcess": "svchost.exe,wuauserv", "EventData.ExternalLocation": null}
{"EventID": "10002", "Channel": "Microsoft-Windows-AppXDeploymentServer/Operational", "Provider_Name": "Microsoft-Windows-AppXDeployment-Server", "Computer": "DESKTOP-OFJ6N53", "TimeCreated": "2025-07-28 20:31:44.967102+00:00", "RecordID": "114736", "Level": "5", "UserID": "S-1-5-18", "EventData.DeploymentOperation": "2", "EventData.MainPackageMoniker": "Microsoft.MicrosoftOfficeHub_19.2507.51101.0_neutral_~_8wekyb3d8bbwe", "EventData.ResiliencyFilePath": "C:\\ProgramData\\Microsoft\\Windows\\AppRepository\\b7ebffd8-b42f-46e1-a729-fb6a41cec8d7_S-1-5-18_1.rslc"}
{"EventID": "607", "Channel": "Microsoft-Windows-AppXDeploymentServer/Operational", "Provider_Name": "Microsoft-Windows-AppXDeployment-Server", "Computer": "DESKTOP-OFJ6N53", "TimeCreated": "2025-07-28 20:31:44.970638+00:00", "RecordID": "114737", "Level": "4", "UserID": "S-1-5-18", "EventData.DeploymentOperation": "2", "EventData.PackageFullName": "Microsoft.MicrosoftOfficeHub_19.2507.51101.0_neutral_~_8wekyb3d8bbwe", "EventData.UserSid": "S-1-5-18", "EventData.CallingProcess": "svchost.exe,wuauserv"}
{"EventID": "627", "Channel": "Microsoft-Windows-AppXDeploymentServer/Operational", "Provider_Name": "Microsoft-Windows-AppXDeployment-Server", "Computer": "DESKTOP-OFJ6N53", "TimeCreated": "2025-07-28 20:31:44.976162+00:00", "RecordID": "114738", "Level": "5", "UserID": "S-1-5-18", "EventData.PackageMoniker": "Microsoft.MicrosoftOfficeHub_19.2507.51101.0_neutral_~_8wekyb3d8bbwe"}
{"EventID": "400", "Channel": "Microsoft-Windows-AppXDeploymentServer/Operational", "Provider_Name": "Microsoft-Windows-AppXDeployment-Server", "Computer": "DESKTOP-OFJ6N53", "TimeCreated": "2025-07-28 20:31:45.875990+00:00", "RecordID": "114739", "Level": "4", "UserID": "S-1-5-18", "EventData.DeploymentOperation": "5", "EventData.PackageFullName": "Microsoft.MicrosoftOfficeHub_19.2507.51101.0_neutral_~_8wekyb3d8bbwe", "EventData.Path": null, "EventData.MountPoint": "C:", "EventData.TargetPlatform": "0x00000001", "EventData.SystemVolume": "True", "EventData.StorageId": "\\\\?\\Volume{c33a8663-71a2-4031-8cec-c21914fe12ad}", "EventData.IsCentennial": "False", "EventData.PackageType": "0x00000000", "EventData.IsPackageEncrypted": "False", "EventData.DeploymentOptions": "0x0000000000000000", "EventData.IsStreamingPackage": "False", "EventData.IsInRelatedSet": "False", "EventData.IsPackageUsingBDC": "False", "EventData.MainPackageFamilyName": "NULL", "EventData.CallingProcess": "svchost.exe,wuauserv", "EventData.IsOptional": "False", "EventData.PackageFlags": "0x00000000", "EventData.PackageFlags2": "0x00000000", "EventData.HasWin32alacarte": "False", "EventData.HasFullTrust": "False", "EventData.ExternalLocation": null, "EventData.PackageSourceUri": null}
{"EventID": "649", "Channel": "Microsoft-Windows-AppXDeploymentServer/Operational", "Provider_Name": "Microsoft-Windows-AppXDeployment-Server", "Computer": "DESKTOP-OFJ6N53", "TimeCreated": "2025-07-28 20:31:45.876358+00:00", "RecordID": "114740", "Level": "4", "UserID": "S-1-5-18", "EventData.DeploymentOperation": "2", "EventData.PackageFullName": "Microsoft.MicrosoftOfficeHub_19.2507.51101.0_neutral_~_8wekyb3d8bbwe", "EventData.Summary": "PostDeploymentOperationCheck cost: 0 ms"}
{"EventID": "603", "Channel": "Microsoft-Windows-AppXDeploymentServer/Operational", "Provider_Name": "Microsoft-Windows-AppXDeployment-Server", "Computer": "DESKTOP-OFJ6N53", "TimeCreated": "2025-07-28 20:32:01.019339+00:00", "RecordID": "114741", "Level": "4", "UserID": "S-1-5-18", "EventData.DeploymentOperation": "4", "EventData.Path": "c617dba3bca170f5d954f3ba51be50f66f9335ed", "EventData.Flags": "67108880", "EventData.FlagsHigh": "128", "EventData.CallingProcess": "svchost.exe,wuauserv", "EventData.ExternalLocation": null}
{"EventID": "10002", "Channel": "Microsoft-Windows-AppXDeploymentServer/Operational", "Provider_Name": "Microsoft-Windows-AppXDeployment-Server", "Computer": "DESKTOP-OFJ6N53", "TimeCreated": "2025-07-28 20:32:02.753113+00:00", "RecordID": "114742", "Level": "5", "UserID": "S-1-5-18", "EventData.DeploymentOperation": "4", "EventData.MainPackageMoniker": "Microsoft.MicrosoftOfficeHub_19.2507.56041.0_neutral_~_8wekyb3d8bbwe", "EventData.ResiliencyFilePath": "C:\\ProgramData\\Microsoft\\Windows\\AppRepository\\b7ebffd8-b42f-46e1-a729-fb6a41cec8d7_S-1-5-18_2.rslc"}
{"EventID": "607", "Channel": "Microsoft-Windows-AppXDeploymentServer/Operational", "Provider_Name": "Microsoft-Windows-AppXDeployment-Server", "Computer": "DESKTOP-OFJ6N53", "TimeCreated": "2025-07-28 20:32:02.753803+00:00", "RecordID": "114743", "Level": "4", "UserID": "S-1-5-18", "EventData.DeploymentOperation": "4", "EventData.PackageFullName": "Microsoft.MicrosoftOfficeHub_19.2507.56041.0_neutral_~_8wekyb3d8bbwe", "EventData.UserSid": "S-1-5-18", "EventData.CallingProcess": "svchost.exe,wuauserv"}
{"EventID": "614", "Channel": "Microsoft-Windows-AppXDeploymentServer/Operational", "Provider_Name": "Microsoft-Windows-AppXDeployment-Server", "Computer": "DESKTOP-OFJ6N53", "TimeCreated": "2025-07-28 20:32:02.761827+00:00", "RecordID": "114744", "Level": "5", "UserID": "S-1-5-18", "EventData.PathOne": "x-windowsupdate://6C89B731-0790-47A8-BB05-6E05219900E9/EAAC6C6B-10A4-4659-815B-44F151ECA61A/c617dba3bca170f5d954f3ba51be50f66f9335ed", "EventData.PathTwo": "\"OfficeApp_19.2507.56041.0_ARM64.msix\": Microsoft.MicrosoftOfficeHub_19.2507.56041.0_arm64__8wekyb3d8bbwe \"OfficeApp_19.2507.56041.0_x64.msix\": Microsoft.MicrosoftOfficeHub_19.2507.56041.0_x64__8wekyb3d8bbwe \"OfficeApp_19.2507.56041.0_language-af.msix\": Microsoft.MicrosoftOfficeHub_19.2507.56041.0_neutral_split.language-af_8wekyb3d8bbwe \"OfficeApp_19.2507.56041.0_language-am.msix\": Microsoft.MicrosoftOfficeHub_19.2507.56041.0_neutral_split.language-am_8wekyb3d8bbwe \"OfficeApp_19.2507.56041.0_language-ar.msix\": Microsoft.MicrosoftOfficeHub_19.2507.56041.0_neutral_split.language-ar_8wekyb3d8bbwe \"OfficeApp_19.2507.56041.0_language-as.msix\": Microsoft.MicrosoftOfficeHub_19.2507.56041.0_neutral_split.language-as_8wekyb3d8bbwe \"OfficeApp_19.2507.56041.0_language-az-latn.msix\": Microsoft.MicrosoftOfficeHub_19.2507.56041.0_neutral_split.language-az-latn_8wekyb3d8bbwe \"OfficeApp_19.2507.56041.0_language-bg.msix\": Microsoft.MicrosoftOfficeHub_19.2507.56041.0_neutral_split.language-bg_8wekyb3d8bbwe \"OfficeApp_19.2507.56041.0_language-bn.msix\": Microsoft.MicrosoftOfficeHub_19.2507.56041.0_neutral_split.language-bn_8wekyb3d8bbwe \"OfficeApp_19.2507.56041.0_language-bs.msix\": Microsoft.MicrosoftOfficeHub_19.2507.56041.0_neutral_split.language-bs_8wekyb3d8bbwe \"OfficeApp_19.2507.56041.0_language-ca.msix\": Microsoft.MicrosoftOfficeHub_19.2507.56041.0_neutral_split.language-ca_8wekyb3d8bbwe \"OfficeApp_19.2507.56041.0_language-cs.msix\": Microsoft.MicrosoftOfficeHub_19.2507.56041.0_neutral_split.language-cs_8wekyb3d8bbwe \"OfficeApp_19.2507.56041.0_language-cy.msix\": Microsoft.MicrosoftOfficeHub_19.2507.56041.0_neutral_split.language-cy_8wekyb3d8bbwe \"OfficeApp_19.2507.56041.0_language-da.msix\": Microsoft.MicrosoftOfficeHub_19.2507.56041.0_neutral_split.language-da_8wekyb3d8bbwe \"OfficeApp_19.2507.56041.0_language-de.msix\": Microsoft.MicrosoftOfficeHub_19.2507.56041.0_neutral_split.language-de_8wekyb3d8bbwe \"OfficeApp_19.2507.56041.0_language-el.msix\": Microsoft.MicrosoftOfficeHub_19.2507.56041.0_neutral_split.language-el_8wekyb3d8bbwe \"OfficeApp_19.2507.56041.0_language-es.msix\": Microsoft.MicrosoftOfficeHub_19.2507.56041.0_neutral_split.language-es_8wekyb3d8bbwe \"OfficeApp_19.2507.56041.0_language-et.msix\": Microsoft.MicrosoftOfficeHub_19.2507.56041.0_neutral_split.language-et_8wekyb3d8bbwe \"OfficeApp_19.2507.56041.0_language-eu.msix\": Microsoft.MicrosoftOfficeHub_19.2507.56041.0_neutral_split.language-eu_8wekyb3d8bbwe \"OfficeApp_19.2507.56041.0_language-fa.msix\": Microsoft.MicrosoftOfficeHub_19.2507.56041.0_neutral_split.language-fa_8wekyb3d8bbwe \"OfficeApp_19.2507.56041.0_language-fi.msix\": Microsoft.MicrosoftOfficeHub_19.2507.56041.0_neutral_split.language-fi_8wekyb3d8bbwe \"OfficeApp_19.2507.56041.0_language-fil-latn.msix\": Microsoft.MicrosoftOfficeHub_19.2507.56041.0_neutral_split.language-fil-latn_8wekyb3d8bbwe \"OfficeApp_19.2507.56041.0_language-fr.msix\": Microsoft.MicrosoftOfficeHub_19.2507.56041.0_neutral_split.language-fr_8wekyb3d8bbwe \"OfficeApp_19.2507.56041.0_language-ga.msix\": Microsoft.MicrosoftOfficeHub_19.2507.56041.0_neutral_split.language-ga_8wekyb3d8bbwe \"OfficeApp_19.2507.56041.0_language-gd-latn.msix\": Microsoft.MicrosoftOfficeHub_19.2507.56041.0_neutral_split.language-gd-latn_8wekyb3d8bbwe \"OfficeApp_19.2507.56041.0_language-gl.msix\": Microsoft.MicrosoftOfficeHub_19.2507.56041.0_neutral_split.language-gl_8wekyb3d8bbwe \"OfficeApp_19.2507.56041.0_language-gu.msix\": Microsoft.MicrosoftOfficeHub_19.2507.56041.0_neutral_split.language-gu_8wekyb3d8bbwe \"OfficeApp_19.2507.56041.0_language-he.msix\": Microsoft.MicrosoftOfficeHub_19.2507.56041.0_neutral_split.language-he_8wekyb3d8bbwe \"OfficeApp_19.2507.56041.0_language-hi.msix\": Microsoft.MicrosoftOfficeHub_19.2507.56041.0_neutral_split.language-hi_8wekyb3d8bbwe \"OfficeApp_19.2507.56041.0_language-hr.msix\": Microsoft.MicrosoftOfficeHub_19.2507.56041.0_neutral_split.language-hr_8wekyb3d8bbwe \"OfficeApp_19.2507.56041.0_language-hu.msix\": Microsoft.MicrosoftOfficeHub_19.2507.56041.0_neutral_split.language-hu_8wekyb3d8bbwe \"OfficeApp_19.2507.56041.0_language-id.msix\": Microsoft.MicrosoftOfficeHub_19.2507.56041.0_neutral_split.language-id_8wekyb3d8bbwe \"OfficeApp_19.2507.56041.0_language-is.msix\": Microsoft.MicrosoftOfficeHub_19.2507.56041.0_neutral_split.language-is_8wekyb3d8bbwe \"OfficeApp_19.2507.56041.0_language-it.msix\": Microsoft.MicrosoftOfficeHub_19.2507.56041.0_neutral_split.language-it_8wekyb3d8bbwe \"OfficeApp_19.2507.56041.0_language-ja.msix\": Microsoft.MicrosoftOfficeHub_19.2507.56041.0_neutral_split.language-ja_8wekyb3d8bbwe \"OfficeApp_19.2507.56041.0_language-ka.msix\": Microsoft.MicrosoftOfficeHub_19.2507.56041.0_neutral_split.language-ka_8wekyb3d8bbwe \"OfficeApp_19.2507.56041.0_language-kk.msix\": Microsoft.MicrosoftOfficeHub_19.2507.56041.0_neutral_split.language-kk_8wekyb3d8bbwe \"OfficeApp_19.2507.56041.0_language-km.msix\": Microsoft.MicrosoftOfficeHub_19.2507.56041.0_neutral_split.language-km_8wekyb3d8bbwe \"OfficeApp_19.2507.56041.0_language-kn.msix\": Microsoft.MicrosoftOfficeHub_19.2507.56041.0_neutral_split.language-kn_8wekyb3d8bbwe \"OfficeApp_19.2507.56041.0_language-ko.msix\": Microsoft.MicrosoftOfficeHub_19.2507.56041.0_neutral_split.language-ko_8wekyb3d8bbwe \"OfficeApp_19.2507.56041.0_language-kok.msix\": Microsoft.MicrosoftOfficeHub_19.2507.56041.0_neutral_split.language-kok_8wekyb3d8bbwe \"OfficeApp_19.2507.56041.0_language-lb.msix\": Microsoft.MicrosoftOfficeHub_19.2507.56041.0_neutral_split.language-lb_8wekyb3d8bbwe \"OfficeApp_19.2507.56041.0_language-lo.msix\": Microsoft.MicrosoftOfficeHub_19.2507.56041.0_neutral_split.language-lo_8wekyb3d8bbwe \"OfficeApp_19.2507.56041.0_language-lt.msix\": Microsoft.MicrosoftOfficeHub_19.2507.56041.0_neutral_split.language-lt_8wekyb3d8bbwe \"OfficeApp_19.2507.56041.0_language-lv.msix\": Microsoft.MicrosoftOfficeHub_19.2507.56041.0_neutral_split.language-lv_8wekyb3d8bbwe \"OfficeApp_19.2507.56041.0_language-mi-latn.msix\": Microsoft.MicrosoftOfficeHub_19.2507.56041.0_neutral_split.language-mi-latn_8wekyb3d8bbwe \"OfficeApp_19.2507.56041.0_language-mk.msix\": Microsoft.MicrosoftOfficeHub_19.2507.56041.0_neutral_split.language-mk_8wekyb3d8bbwe \"OfficeApp_19.2507.56041.0_language-ml.msix\": Microsoft.MicrosoftOfficeHub_19.2507.56041.0_neutral_split.language-ml_8wekyb3d8bbwe \"OfficeApp_19.2507.56041.0_language-mr.msix\": Microsoft.MicrosoftOfficeHub_19.2507.56041.0_neutral_split.language-mr_8wekyb3d8bbwe \"OfficeApp_19.2507.56041.0_language-ms.msix\": Microsoft.MicrosoftOfficeHub_19.2507.56041.0_neutral_split.language-ms_8wekyb3d8bbwe \"OfficeApp_19.2507.56041.0_language-mt.msix\": Microsoft.MicrosoftOfficeHub_19.2507.56041.0_neutral_split.language-mt_8wekyb3d8bbwe \"OfficeApp_19.2507.56041.0_language-nb.msix\": Microsoft.MicrosoftOfficeHub_19.2507.56041.0_neutral_split.language-nb_8wekyb3d8bbwe \"OfficeApp_19.2507.56041.0_language-ne.msix\": Microsoft.MicrosoftOfficeHub_19.2507.56041.0_neutral_split.language-ne_8wekyb3d8bbwe \"OfficeApp_19.2507.56041.0_language-nl.msix\": Microsoft.MicrosoftOfficeHub_19.2507.56041.0_neutral_split.language-nl_8wekyb3d8bbwe \"OfficeApp_19.2507.56041.0_language-nn.msix\": Microsoft.MicrosoftOfficeHub_19.2507.56041.0_neutral_split.language-nn_8wekyb3d8bbwe \"OfficeApp_19.2507.56041.0_language-or.msix\": Microsoft.MicrosoftOfficeHub_19.2507.56041.0_neutral_split.language-or_8wekyb3d8bbwe \"OfficeApp_19.2507.56041.0_language-pa.msix\": Microsoft.MicrosoftOfficeHub_19.2507.56041.0_neutral_split.language-pa_8wekyb3d8bbwe \"OfficeApp_19.2507.56041.0_language-pl.msix\": Microsoft.MicrosoftOfficeHub_19.2507.56041.0_neutral_split.language-pl_8wekyb3d8bbwe \"OfficeApp_19.2507.56041.0_language-pt.msix\": Microsoft.MicrosoftOfficeHub_19.2507.56041.0_neutral_split.language-pt_8wekyb3d8bbwe \"OfficeApp_19.2507.56041.0_language-quz-latn.msix\": Microsoft.MicrosoftOfficeHub_19.2507.56041.0_neutral_split.language-quz-latn_8wekyb3d8bbwe \"OfficeApp_19.2507.56041.0_language-ro.msix\": Microsoft.MicrosoftOfficeHub_19.2507.56041.0_neutral_split.language-ro_8wekyb3d8bbwe \"OfficeApp_19.2507.56041.0_language-ru.msix\": Microsoft.MicrosoftOfficeHub_19.2507.56041.0_neutral_split.language-ru_8wekyb3d8bbwe \"OfficeApp_19.2507.56041.0_language-sk.msix\": Microsoft.MicrosoftOfficeHub_19.2507.56041.0_neutral_split.language-sk_8wekyb3d8bbwe \"OfficeApp_19.2507.56041.0_language-sl.msix\": Microsoft.MicrosoftOfficeHub_19.2507.56041.0_neutral_split.language-sl_8wekyb3d8bbwe \"OfficeApp_19.2507.56041.0_language-sq.msix\": Microsoft.MicrosoftOfficeHub_19.2507.56041.0_neutral_split.language-sq_8wekyb3d8bbwe \"OfficeApp_19.2507.56041.0_language-sr-cyrl.msix\": Microsoft.MicrosoftOfficeHub_19.2507.56041.0_neutral_split.language-sr-cyrl_8wekyb3d8bbwe \"OfficeApp_19.2507.56041.0_language-sr-latn.msix\": Microsoft.MicrosoftOfficeHub_19.2507.56041.0_neutral_split.language-sr-latn_8wekyb3d8bbwe \"OfficeApp_19.2507.56041.0_language-sv.msix\": Microsoft.MicrosoftOfficeHub_19.2507.56041.0_neutral_split.language-sv_8wekyb3d8bbwe \"OfficeApp_19.2507.56041.0_language-ta.msix\": Microsoft.MicrosoftOfficeHub_19.2507.56041.0_neutral_split.language-ta_8wekyb3d8bbwe \"OfficeApp_19.2507.56041.0_language-te.msix\": Microsoft.MicrosoftOfficeHub_19.2507.56041.0_neutral_split.language-te_8wekyb3d8bbwe \"OfficeApp_19.2507.56041.0_language-th.msix\": Microsoft.MicrosoftOfficeHub_19.2507.56041.0_neutral_split.language-th_8wekyb3d8bbwe \"OfficeApp_19.2507.56041.0_language-tr.msix\": Microsoft.MicrosoftOfficeHub_19.2507.56041.0_neutral_split.language-tr_8wekyb3d8bbwe \"OfficeApp_19.2507.56041.0_language-tt-cyrl.msix\": Microsoft.MicrosoftOfficeHub_19.2507.56041.0_neutral_split.language-tt-cyrl_8wekyb3d8bbwe \"OfficeApp_19.2507.56041.0_language-ug-arab.msix\": Microsoft.MicrosoftOfficeHub_19.2507.56041.0_neutral_split.language-ug-arab_8wekyb3d8bbwe \"OfficeApp_19.2507.56041.0_language-uk.msix\": Microsoft.MicrosoftOfficeHub_19.2507.56041.0_neutral_split.language-uk_8wekyb3d8bbwe \"OfficeApp_19.2507.56041.0_language-ur.msix\": Microsoft.MicrosoftOfficeHub_19.2507.56041.0_neutral_split.language-ur_8wekyb3d8bbwe \"OfficeApp_19.2507.56041.0_language-vi.msix\": Microsoft.MicrosoftOfficeHub_19.2507.56041.0_neutral_split.language-vi_8wekyb3d8bbwe \"OfficeApp_19.2507.56041.0_language-zh-hans.msix\": Microsoft.MicrosoftOfficeHub_19.2507.56041.0_neutral_split.language-zh-hans_8wekyb3d8bbwe \"OfficeApp_19.2507.56041.0_language-zh-hant.msix\": Microsoft.MicrosoftOfficeHub_19.2507.56041.0_neutral_split.language-zh-hant_8wekyb3d8bbwe \"OfficeApp_19.2507.56041.0_scale-100.msix\": Microsoft.MicrosoftOfficeHub_19.2507.56041.0_neutral_split.scale-100_8wekyb3d8bbwe \"OfficeApp_19.2507.56041.0_scale-125.msix\": Microsoft.MicrosoftOfficeHub_19.2507.56041.0_neutral_split.scale-125_8wekyb3d8bbwe \"OfficeApp_19.2507.56041.0_scale-140.msix\": Microsoft.MicrosoftOfficeHub_19.2507.56041.0_neutral_split.scale-140_8wekyb3d8bbwe \"OfficeApp_19.2507.56041.0_scale-150.msix\": Microsoft.MicrosoftOfficeHub_19.2507.56041.0_neutral_split.scale-150_8wekyb3d8bbwe \"OfficeApp_19.2507.56041.0_scale-180.msix\": Microsoft.MicrosoftOfficeHub_19.2507.56041.0_neutral_split.scale-180_8wekyb3d8bbwe \"OfficeApp_19.2507.56041.0_scale-300.msix\": Microsoft.MicrosoftOfficeHub_19.2507.56041.0_neutral_split.scale-300_8wekyb3d8bbwe \"OfficeApp_19.2507.56041.0_scale-400.msix\": Microsoft.MicrosoftOfficeHub_19.2507.56041.0_neutral_split.scale-400_8wekyb3d8bbwe"}
{"EventID": "854", "Channel": "Microsoft-Windows-AppXDeploymentServer/Operational", "Provider_Name": "Microsoft-Windows-AppXDeployment-Server", "Computer": "DESKTOP-OFJ6N53", "TimeCreated": "2025-07-28 20:32:04.290613+00:00", "RecordID": "114745", "Level": "4", "UserID": "S-1-5-18", "EventData.Path": "x-windowsupdate://6C89B731-0790-47A8-BB05-6E05219900E9/EAAC6C6B-10A4-4659-815B-44F151ECA61A/c617dba3bca170f5d954f3ba51be50f66f9335ed x-windowsupdate://6C89B731-0790-47A8-BB05-6E05219900E9/EAAC6C6B-10A4-4659-815B-44F151ECA61A/c617dba3bca170f5d954f3ba51be50f66f9335ed\\OfficeApp_19.2507.56041.0_x64.msix x-windowsupdate://6C89B731-0790-47A8-BB05-6E05219900E9/EAAC6C6B-10A4-4659-815B-44F151ECA61A/c617dba3bca170f5d954f3ba51be50f66f9335ed\\OfficeApp_19.2507.56041.0_language-ru.msix x-windowsupdate://6C89B731-0790-47A8-BB05-6E05219900E9/EAAC6C6B-10A4-4659-815B-44F151ECA61A/c617dba3bca170f5d954f3ba51be50f66f9335ed\\OfficeApp_19.2507.56041.0_scale-100.msix x-windowsupdate://6C89B731-0790-47A8-BB05-6E05219900E9/EAAC6C6B-10A4-4659-815B-44F151ECA61A/c617dba3bca170f5d954f3ba51be50f66f9335ed\\OfficeApp_19.2507.56041.0_scale-125.msix"}
{"EventID": "1230", "Channel": "Microsoft-Windows-AppXDeploymentServer/Operational", "Provider_Name": "Microsoft-Windows-AppXDeployment-Server", "Computer": "DESKTOP-OFJ6N53", "TimeCreated": "2025-07-28 20:32:06.592979+00:00", "RecordID": "114746", "Level": "3", "UserID": "S-1-5-18", "EventData.Path": "\\Program Files\\WindowsApps\\MicrosoftWindows.CrossDevice_1.25032.52.0_x64__cw5n1h2txyewy\\Microsoft.DiaSymReader.Native.amd64.dll;\\Program Files\\WindowsApps\\MicrosoftWindows.CrossDevice_1.25032.52.0_x64__cw5n1h2txyewy\\msquic.dll;"}
{"EventID": "400", "Channel": "Microsoft-Windows-AppXDeploymentServer/Operational", "Provider_Name": "Microsoft-Windows-AppXDeployment-Server", "Computer": "DESKTOP-OFJ6N53", "TimeCreated": "2025-07-28 20:32:10.778910+00:00", "RecordID": "114747", "Level": "4", "UserID": "S-1-5-18", "EventData.DeploymentOperation": "4", "EventData.PackageFullName": "Microsoft.MicrosoftOfficeHub_19.2507.56041.0_neutral_~_8wekyb3d8bbwe", "EventData.Path": "(c617dba3bca170f5d954f3ba51be50f66f9335ed)", "EventData.MountPoint": "C:", "EventData.TargetPlatform": "0x00000003", "EventData.SystemVolume": "True", "EventData.StorageId": "\\\\?\\Volume{c33a8663-71a2-4031-8cec-c21914fe12ad}", "EventData.IsCentennial": "False", "EventData.PackageType": "0x00000008", "EventData.IsPackageEncrypted": "False", "EventData.DeploymentOptions": "0x0040008004000010", "EventData.IsStreamingPackage": "False", "EventData.IsInRelatedSet": "False", "EventData.IsPackageUsingBDC": "False", "EventData.MainPackageFamilyName": "NULL", "EventData.CallingProcess": "svchost.exe,wuauserv", "EventData.IsOptional": "False", "EventData.PackageFlags": "0x00000000", "EventData.PackageFlags2": "0x00000800", "EventData.HasWin32alacarte": "False", "EventData.HasFullTrust": "False", "EventData.ExternalLocation": null, "EventData.PackageSourceUri": "x-windowsupdate://6C89B731-0790-47A8-BB05-6E05219900E9/EAAC6C6B-10A4-4659-815B-44F151ECA61A/c617dba3bca170f5d954f3ba51be50f66f9335ed"}
{"EventID": "478", "Channel": "Microsoft-Windows-AppXDeploymentServer/Operational", "Provider_Name": "Microsoft-Windows-AppXDeployment-Server", "Computer": "DESKTOP-OFJ6N53", "TimeCreated": "2025-07-28 20:32:10.779087+00:00", "RecordID": "114748", "Level": "5", "UserID": "S-1-5-18", "EventData.DeploymentOperation": "4", "EventData.PackageFullName": "Microsoft.MicrosoftOfficeHub_19.2507.56041.0_x64__8wekyb3d8bbwe", "EventData.Path": "(c617dba3bca170f5d954f3ba51be50f66f9335ed)", "EventData.MountPoint": "C:", "EventData.TargetPlatform": "0x00000003", "EventData.SystemVolume": "True", "EventData.StorageId": "\\\\?\\Volume{c33a8663-71a2-4031-8cec-c21914fe12ad}", "EventData.IsCentennial": "True", "EventData.PackageType": "0x00000001", "EventData.IsPackageEncrypted": "False", "EventData.DeploymentOptions": "0x0040008004000010", "EventData.IsStreamingPackage": "False", "EventData.IsInRelatedSet": "False", "EventData.IsPackageUsingBDC": "False", "EventData.MainPackageFamilyName": "NULL", "EventData.CallingProcess": "svchost.exe,wuauserv", "EventData.IsOptional": "False", "EventData.PackageFlags": "0x0080804c", "EventData.PackageFlags2": "0x00000800", "EventData.HasWin32alacarte": "False", "EventData.HasFullTrust": "True", "EventData.ExternalLocation": null, "EventData.PackageSourceUri": "x-windowsupdate://6C89B731-0790-47A8-BB05-6E05219900E9/EAAC6C6B-10A4-4659-815B-44F151ECA61A/c617dba3bca170f5d954f3ba51be50f66f9335ed"}
{"EventID": "649", "Channel": "Microsoft-Windows-AppXDeploymentServer/Operational", "Provider_Name": "Microsoft-Windows-AppXDeployment-Server", "Computer": "DESKTOP-OFJ6N53", "TimeCreated": "2025-07-28 20:32:10.792143+00:00", "RecordID": "114749", "Level": "4", "UserID": "S-1-5-18", "EventData.DeploymentOperation": "4", "EventData.PackageFullName": "Microsoft.MicrosoftOfficeHub_19.2507.56041.0_neutral_~_8wekyb3d8bbwe", "EventData.Summary": "PostDeploymentOperationCheck cost: 0 ms"}
{"EventID": "613", "Channel": "Microsoft-Windows-AppXDeploymentServer/Operational", "Provider_Name": "Microsoft-Windows-AppXDeployment-Server", "Computer": "DESKTOP-OFJ6N53", "TimeCreated": "2025-07-28 20:32:10.865299+00:00", "RecordID": "114750", "Level": "4", "UserID": "S-1-5-18", "EventData.DeploymentOperation": "4", "EventData.PackageFullName": "Microsoft.MicrosoftOfficeHub_19.2507.56041.0_neutral_~_8wekyb3d8bbwe", "EventData.Summary": "Overall time: 9844 ms\nEnqueue cost: 1719 ms\nDequeue delay: 15 ms\nBundle processing cost: 1532 ms\nIndexing cost: 297 ms\nResolve dependency cost: 0 ms\nGap: 15 ms\nCheck approval cost: 16 ms\nEvaluation cost: 2578 ms\nHardlinking evaluation cost: 156 ms\nGap: 16 ms\nStage required cost: 2625 ms\nFlushing and closing files cost: 16 ms\nGap: 15 ms\nMachine register cost: 297 ms\nStage user data cost: 0 ms\nRegistration cost: 0 ms\nGap: 16 ms\nRepository commit transaction cost: 609 ms\nGap: 16 ms\nData flush cost: 0 ms\nPost DeStage repository commit transaction cost: 0 ms\nRemaining cost: 78 ms"}
{"EventID": "603", "Channel": "Microsoft-Windows-AppXDeploymentServer/Operational", "Provider_Name": "Microsoft-Windows-AppXDeployment-Server", "Computer": "DESKTOP-OFJ6N53", "TimeCreated": "2025-07-28 20:32:13.069679+00:00", "RecordID": "114751", "Level": "4", "UserID": "S-1-5-21-963789628-1060504924-4285088085-1001", "EventData.DeploymentOperation": "20", "EventData.Path": "Microsoft.MicrosoftOfficeHub_8wekyb3d8bbwe", "EventData.Flags": "67127296", "EventData.FlagsHigh": "262144", "EventData.CallingProcess": "svchost.exe,wuauserv", "EventData.ExternalLocation": null}
{"EventID": "10002", "Channel": "Microsoft-Windows-AppXDeploymentServer/Operational", "Provider_Name": "Microsoft-Windows-AppXDeployment-Server", "Computer": "DESKTOP-OFJ6N53", "TimeCreated": "2025-07-28 20:32:13.099279+00:00", "RecordID": "114752", "Level": "5", "UserID": "S-1-5-18", "EventData.DeploymentOperation": "6", "EventData.MainPackageMoniker": "Microsoft.MicrosoftOfficeHub_19.2507.56041.0_neutral_~_8wekyb3d8bbwe", "EventData.ResiliencyFilePath": "C:\\ProgramData\\Microsoft\\Windows\\AppRepository\\b7ebffd8-b42f-46e1-a729-fb6a41cec8d7_S-1-5-21-963789628-1060504924-4285088085-1001_3.rslc"}
{"EventID": "607", "Channel": "Microsoft-Windows-AppXDeploymentServer/Operational", "Provider_Name": "Microsoft-Windows-AppXDeployment-Server", "Computer": "DESKTOP-OFJ6N53", "TimeCreated": "2025-07-28 20:32:13.099989+00:00", "RecordID": "114753", "Level": "4", "UserID": "S-1-5-21-963789628-1060504924-4285088085-1001", "EventData.DeploymentOperation": "6", "EventData.PackageFullName": "Microsoft.MicrosoftOfficeHub_19.2507.56041.0_neutral_~_8wekyb3d8bbwe", "EventData.UserSid": "S-1-5-21-963789628-1060504924-4285088085-1001", "EventData.CallingProcess": "svchost.exe,wuauserv"}
{"EventID": "614", "Channel": "Microsoft-Windows-AppXDeploymentServer/Operational", "Provider_Name": "Microsoft-Windows-AppXDeployment-Server", "Computer": "DESKTOP-OFJ6N53", "TimeCreated": "2025-07-28 20:32:13.107933+00:00", "RecordID": "114754", "Level": "5", "UserID": "S-1-5-21-963789628-1060504924-4285088085-1001", "EventData.PathOne": "C:\\Program Files\\WindowsApps\\Microsoft.MicrosoftOfficeHub_19.2507.56041.0_neutral_~_8wekyb3d8bbwe\\AppxMetadata\\AppxBundleManifest.xml", "EventData.PathTwo": "\"OfficeApp_19.2507.56041.0_ARM64.msix\": Microsoft.MicrosoftOfficeHub_19.2507.56041.0_arm64__8wekyb3d8bbwe \"OfficeApp_19.2507.56041.0_x64.msix\": Microsoft.MicrosoftOfficeHub_19.2507.56041.0_x64__8wekyb3d8bbwe \"OfficeApp_19.2507.56041.0_language-af.msix\": Microsoft.MicrosoftOfficeHub_19.2507.56041.0_neutral_split.language-af_8wekyb3d8bbwe \"OfficeApp_19.2507.56041.0_language-am.msix\": Microsoft.MicrosoftOfficeHub_19.2507.56041.0_neutral_split.language-am_8wekyb3d8bbwe \"OfficeApp_19.2507.56041.0_language-ar.msix\": Microsoft.MicrosoftOfficeHub_19.2507.56041.0_neutral_split.language-ar_8wekyb3d8bbwe \"OfficeApp_19.2507.56041.0_language-as.msix\": Microsoft.MicrosoftOfficeHub_19.2507.56041.0_neutral_split.language-as_8wekyb3d8bbwe \"OfficeApp_19.2507.56041.0_language-az-latn.msix\": Microsoft.MicrosoftOfficeHub_19.2507.56041.0_neutral_split.language-az-latn_8wekyb3d8bbwe \"OfficeApp_19.2507.56041.0_language-bg.msix\": Microsoft.MicrosoftOfficeHub_19.2507.56041.0_neutral_split.language-bg_8wekyb3d8bbwe \"OfficeApp_19.2507.56041.0_language-bn.msix\": Microsoft.MicrosoftOfficeHub_19.2507.56041.0_neutral_split.language-bn_8wekyb3d8bbwe \"OfficeApp_19.2507.56041.0_language-bs.msix\": Microsoft.MicrosoftOfficeHub_19.2507.56041.0_neutral_split.language-bs_8wekyb3d8bbwe \"OfficeApp_19.2507.56041.0_language-ca.msix\": Microsoft.MicrosoftOfficeHub_19.2507.56041.0_neutral_split.language-ca_8wekyb3d8bbwe \"OfficeApp_19.2507.56041.0_language-cs.msix\": Microsoft.MicrosoftOfficeHub_19.2507.56041.0_neutral_split.language-cs_8wekyb3d8bbwe \"OfficeApp_19.2507.56041.0_language-cy.msix\": Microsoft.MicrosoftOfficeHub_19.2507.56041.0_neutral_split.language-cy_8wekyb3d8bbwe \"OfficeApp_19.2507.56041.0_language-da.msix\": Microsoft.MicrosoftOfficeHub_19.2507.56041.0_neutral_split.language-da_8wekyb3d8bbwe \"OfficeApp_19.2507.56041.0_language-de.msix\": Microsoft.MicrosoftOfficeHub_19.2507.56041.0_neutral_split.language-de_8wekyb3d8bbwe \"OfficeApp_19.2507.56041.0_language-el.msix\": Microsoft.MicrosoftOfficeHub_19.2507.56041.0_neutral_split.language-el_8wekyb3d8bbwe \"OfficeApp_19.2507.56041.0_language-es.msix\": Microsoft.MicrosoftOfficeHub_19.2507.56041.0_neutral_split.language-es_8wekyb3d8bbwe \"OfficeApp_19.2507.56041.0_language-et.msix\": Microsoft.MicrosoftOfficeHub_19.2507.56041.0_neutral_split.language-et_8wekyb3d8bbwe \"OfficeApp_19.2507.56041.0_language-eu.msix\": Microsoft.MicrosoftOfficeHub_19.2507.56041.0_neutral_split.language-eu_8wekyb3d8bbwe \"OfficeApp_19.2507.56041.0_language-fa.msix\": Microsoft.MicrosoftOfficeHub_19.2507.56041.0_neutral_split.language-fa_8wekyb3d8bbwe \"OfficeApp_19.2507.56041.0_language-fi.msix\": Microsoft.MicrosoftOfficeHub_19.2507.56041.0_neutral_split.language-fi_8wekyb3d8bbwe \"OfficeApp_19.2507.56041.0_language-fil-latn.msix\": Microsoft.MicrosoftOfficeHub_19.2507.56041.0_neutral_split.language-fil-latn_8wekyb3d8bbwe \"OfficeApp_19.2507.56041.0_language-fr.msix\": Microsoft.MicrosoftOfficeHub_19.2507.56041.0_neutral_split.language-fr_8wekyb3d8bbwe \"OfficeApp_19.2507.56041.0_language-ga.msix\": Microsoft.MicrosoftOfficeHub_19.2507.56041.0_neutral_split.language-ga_8wekyb3d8bbwe \"OfficeApp_19.2507.56041.0_language-gd-latn.msix\": Microsoft.MicrosoftOfficeHub_19.2507.56041.0_neutral_split.language-gd-latn_8wekyb3d8bbwe \"OfficeApp_19.2507.56041.0_language-gl.msix\": Microsoft.MicrosoftOfficeHub_19.2507.56041.0_neutral_split.language-gl_8wekyb3d8bbwe \"OfficeApp_19.2507.56041.0_language-gu.msix\": Microsoft.MicrosoftOfficeHub_19.2507.56041.0_neutral_split.language-gu_8wekyb3d8bbwe \"OfficeApp_19.2507.56041.0_language-he.msix\": Microsoft.MicrosoftOfficeHub_19.2507.56041.0_neutral_split.language-he_8wekyb3d8bbwe \"OfficeApp_19.2507.56041.0_language-hi.msix\": Microsoft.MicrosoftOfficeHub_19.2507.56041.0_neutral_split.language-hi_8wekyb3d8bbwe \"OfficeApp_19.2507.56041.0_language-hr.msix\": Microsoft.MicrosoftOfficeHub_19.2507.56041.0_neutral_split.language-hr_8wekyb3d8bbwe \"OfficeApp_19.2507.56041.0_language-hu.msix\": Microsoft.MicrosoftOfficeHub_19.2507.56041.0_neutral_split.language-hu_8wekyb3d8bbwe \"OfficeApp_19.2507.56041.0_language-id.msix\": Microsoft.MicrosoftOfficeHub_19.2507.56041.0_neutral_split.language-id_8wekyb3d8bbwe \"OfficeApp_19.2507.56041.0_language-is.msix\": Microsoft.MicrosoftOfficeHub_19.2507.56041.0_neutral_split.language-is_8wekyb3d8bbwe \"OfficeApp_19.2507.56041.0_language-it.msix\": Microsoft.MicrosoftOfficeHub_19.2507.56041.0_neutral_split.language-it_8wekyb3d8bbwe \"OfficeApp_19.2507.56041.0_language-ja.msix\": Microsoft.MicrosoftOfficeHub_19.2507.56041.0_neutral_split.language-ja_8wekyb3d8bbwe \"OfficeApp_19.2507.56041.0_language-ka.msix\": Microsoft.MicrosoftOfficeHub_19.2507.56041.0_neutral_split.language-ka_8wekyb3d8bbwe \"OfficeApp_19.2507.56041.0_language-kk.msix\": Microsoft.MicrosoftOfficeHub_19.2507.56041.0_neutral_split.language-kk_8wekyb3d8bbwe \"OfficeApp_19.2507.56041.0_language-km.msix\": Microsoft.MicrosoftOfficeHub_19.2507.56041.0_neutral_split.language-km_8wekyb3d8bbwe \"OfficeApp_19.2507.56041.0_language-kn.msix\": Microsoft.MicrosoftOfficeHub_19.2507.56041.0_neutral_split.language-kn_8wekyb3d8bbwe \"OfficeApp_19.2507.56041.0_language-ko.msix\": Microsoft.MicrosoftOfficeHub_19.2507.56041.0_neutral_split.language-ko_8wekyb3d8bbwe \"OfficeApp_19.2507.56041.0_language-kok.msix\": Microsoft.MicrosoftOfficeHub_19.2507.56041.0_neutral_split.language-kok_8wekyb3d8bbwe \"OfficeApp_19.2507.56041.0_language-lb.msix\": Microsoft.MicrosoftOfficeHub_19.2507.56041.0_neutral_split.language-lb_8wekyb3d8bbwe \"OfficeApp_19.2507.56041.0_language-lo.msix\": Microsoft.MicrosoftOfficeHub_19.2507.56041.0_neutral_split.language-lo_8wekyb3d8bbwe \"OfficeApp_19.2507.56041.0_language-lt.msix\": Microsoft.MicrosoftOfficeHub_19.2507.56041.0_neutral_split.language-lt_8wekyb3d8bbwe \"OfficeApp_19.2507.56041.0_language-lv.msix\": Microsoft.MicrosoftOfficeHub_19.2507.56041.0_neutral_split.language-lv_8wekyb3d8bbwe \"OfficeApp_19.2507.56041.0_language-mi-latn.msix\": Microsoft.MicrosoftOfficeHub_19.2507.56041.0_neutral_split.language-mi-latn_8wekyb3d8bbwe \"OfficeApp_19.2507.56041.0_language-mk.msix\": Microsoft.MicrosoftOfficeHub_19.2507.56041.0_neutral_split.language-mk_8wekyb3d8bbwe \"OfficeApp_19.2507.56041.0_language-ml.msix\": Microsoft.MicrosoftOfficeHub_19.2507.56041.0_neutral_split.language-ml_8wekyb3d8bbwe \"OfficeApp_19.2507.56041.0_language-mr.msix\": Microsoft.MicrosoftOfficeHub_19.2507.56041.0_neutral_split.language-mr_8wekyb3d8bbwe \"OfficeApp_19.2507.56041.0_language-ms.msix\": Microsoft.MicrosoftOfficeHub_19.2507.56041.0_neutral_split.language-ms_8wekyb3d8bbwe \"OfficeApp_19.2507.56041.0_language-mt.msix\": Microsoft.MicrosoftOfficeHub_19.2507.56041.0_neutral_split.language-mt_8wekyb3d8bbwe \"OfficeApp_19.2507.56041.0_language-nb.msix\": Microsoft.MicrosoftOfficeHub_19.2507.56041.0_neutral_split.language-nb_8wekyb3d8bbwe \"OfficeApp_19.2507.56041.0_language-ne.msix\": Microsoft.MicrosoftOfficeHub_19.2507.56041.0_neutral_split.language-ne_8wekyb3d8bbwe \"OfficeApp_19.2507.56041.0_language-nl.msix\": Microsoft.MicrosoftOfficeHub_19.2507.56041.0_neutral_split.language-nl_8wekyb3d8bbwe \"OfficeApp_19.2507.56041.0_language-nn.msix\": Microsoft.MicrosoftOfficeHub_19.2507.56041.0_neutral_split.language-nn_8wekyb3d8bbwe \"OfficeApp_19.2507.56041.0_language-or.msix\": Microsoft.MicrosoftOfficeHub_19.2507.56041.0_neutral_split.language-or_8wekyb3d8bbwe \"OfficeApp_19.2507.56041.0_language-pa.msix\": Microsoft.MicrosoftOfficeHub_19.2507.56041.0_neutral_split.language-pa_8wekyb3d8bbwe \"OfficeApp_19.2507.56041.0_language-pl.msix\": Microsoft.MicrosoftOfficeHub_19.2507.56041.0_neutral_split.language-pl_8wekyb3d8bbwe \"OfficeApp_19.2507.56041.0_language-pt.msix\": Microsoft.MicrosoftOfficeHub_19.2507.56041.0_neutral_split.language-pt_8wekyb3d8bbwe \"OfficeApp_19.2507.56041.0_language-quz-latn.msix\": Microsoft.MicrosoftOfficeHub_19.2507.56041.0_neutral_split.language-quz-latn_8wekyb3d8bbwe \"OfficeApp_19.2507.56041.0_language-ro.msix\": Microsoft.MicrosoftOfficeHub_19.2507.56041.0_neutral_split.language-ro_8wekyb3d8bbwe \"OfficeApp_19.2507.56041.0_language-ru.msix\": Microsoft.MicrosoftOfficeHub_19.2507.56041.0_neutral_split.language-ru_8wekyb3d8bbwe \"OfficeApp_19.2507.56041.0_language-sk.msix\": Microsoft.MicrosoftOfficeHub_19.2507.56041.0_neutral_split.language-sk_8wekyb3d8bbwe \"OfficeApp_19.2507.56041.0_language-sl.msix\": Microsoft.MicrosoftOfficeHub_19.2507.56041.0_neutral_split.language-sl_8wekyb3d8bbwe \"OfficeApp_19.2507.56041.0_language-sq.msix\": Microsoft.MicrosoftOfficeHub_19.2507.56041.0_neutral_split.language-sq_8wekyb3d8bbwe \"OfficeApp_19.2507.56041.0_language-sr-cyrl.msix\": Microsoft.MicrosoftOfficeHub_19.2507.56041.0_neutral_split.language-sr-cyrl_8wekyb3d8bbwe \"OfficeApp_19.2507.56041.0_language-sr-latn.msix\": Microsoft.MicrosoftOfficeHub_19.2507.56041.0_neutral_split.language-sr-latn_8wekyb3d8bbwe \"OfficeApp_19.2507.56041.0_language-sv.msix\": Microsoft.MicrosoftOfficeHub_19.2507.56041.0_neutral_split.language-sv_8wekyb3d8bbwe \"OfficeApp_19.2507.56041.0_language-ta.msix\": Microsoft.MicrosoftOfficeHub_19.2507.56041.0_neutral_split.language-ta_8wekyb3d8bbwe \"OfficeApp_19.2507.56041.0_language-te.msix\": Microsoft.MicrosoftOfficeHub_19.2507.56041.0_neutral_split.language-te_8wekyb3d8bbwe \"OfficeApp_19.2507.56041.0_language-th.msix\": Microsoft.MicrosoftOfficeHub_19.2507.56041.0_neutral_split.language-th_8wekyb3d8bbwe \"OfficeApp_19.2507.56041.0_language-tr.msix\": Microsoft.MicrosoftOfficeHub_19.2507.56041.0_neutral_split.language-tr_8wekyb3d8bbwe \"OfficeApp_19.2507.56041.0_language-tt-cyrl.msix\": Microsoft.MicrosoftOfficeHub_19.2507.56041.0_neutral_split.language-tt-cyrl_8wekyb3d8bbwe \"OfficeApp_19.2507.56041.0_language-ug-arab.msix\": Microsoft.MicrosoftOfficeHub_19.2507.56041.0_neutral_split.language-ug-arab_8wekyb3d8bbwe \"OfficeApp_19.2507.56041.0_language-uk.msix\": Microsoft.MicrosoftOfficeHub_19.2507.56041.0_neutral_split.language-uk_8wekyb3d8bbwe \"OfficeApp_19.2507.56041.0_language-ur.msix\": Microsoft.MicrosoftOfficeHub_19.2507.56041.0_neutral_split.language-ur_8wekyb3d8bbwe \"OfficeApp_19.2507.56041.0_language-vi.msix\": Microsoft.MicrosoftOfficeHub_19.2507.56041.0_neutral_split.language-vi_8wekyb3d8bbwe \"OfficeApp_19.2507.56041.0_language-zh-hans.msix\": Microsoft.MicrosoftOfficeHub_19.2507.56041.0_neutral_split.language-zh-hans_8wekyb3d8bbwe \"OfficeApp_19.2507.56041.0_language-zh-hant.msix\": Microsoft.MicrosoftOfficeHub_19.2507.56041.0_neutral_split.language-zh-hant_8wekyb3d8bbwe \"OfficeApp_19.2507.56041.0_scale-100.msix\": Microsoft.MicrosoftOfficeHub_19.2507.56041.0_neutral_split.scale-100_8wekyb3d8bbwe \"OfficeApp_19.2507.56041.0_scale-125.msix\": Microsoft.MicrosoftOfficeHub_19.2507.56041.0_neutral_split.scale-125_8wekyb3d8bbwe \"OfficeApp_19.2507.56041.0_scale-140.msix\": Microsoft.MicrosoftOfficeHub_19.2507.56041.0_neutral_split.scale-140_8wekyb3d8bbwe \"OfficeApp_19.2507.56041.0_scale-150.msix\": Microsoft.MicrosoftOfficeHub_19.2507.56041.0_neutral_split.scale-150_8wekyb3d8bbwe \"OfficeApp_19.2507.56041.0_scale-180.msix\": Microsoft.MicrosoftOfficeHub_19.2507.56041.0_neutral_split.scale-180_8wekyb3d8bbwe \"OfficeApp_19.2507.56041.0_scale-300.msix\": Microsoft.MicrosoftOfficeHub_19.2507.56041.0_neutral_split.scale-300_8wekyb3d8bbwe \"OfficeApp_19.2507.56041.0_scale-400.msix\": Microsoft.MicrosoftOfficeHub_19.2507.56041.0_neutral_split.scale-400_8wekyb3d8bbwe"}
{"EventID": "854", "Channel": "Microsoft-Windows-AppXDeploymentServer/Operational", "Provider_Name": "Microsoft-Windows-AppXDeployment-Server", "Computer": "DESKTOP-OFJ6N53", "TimeCreated": "2025-07-28 20:32:13.119120+00:00", "RecordID": "114755", "Level": "4", "UserID": "S-1-5-21-963789628-1060504924-4285088085-1001", "EventData.Path": "C:\\Program Files\\WindowsApps\\Microsoft.MicrosoftOfficeHub_19.2507.56041.0_neutral_~_8wekyb3d8bbwe\\AppxMetadata\\AppxBundleManifest.xml C:\\Program Files\\WindowsApps\\Microsoft.MicrosoftOfficeHub_19.2507.56041.0_x64__8wekyb3d8bbwe\\AppxManifest.xml C:\\Program Files\\WindowsApps\\Microsoft.MicrosoftOfficeHub_19.2507.56041.0_neutral_split.scale-100_8wekyb3d8bbwe\\AppxManifest.xml C:\\Program Files\\WindowsApps\\Microsoft.MicrosoftOfficeHub_19.2507.56041.0_neutral_split.scale-125_8wekyb3d8bbwe\\AppxManifest.xml C:\\Program Files\\WindowsApps\\Microsoft.MicrosoftOfficeHub_19.2507.56041.0_neutral_split.language-ru_8wekyb3d8bbwe\\AppxManifest.xml"}
{"EventID": "855", "Channel": "Microsoft-Windows-AppXDeploymentServer/Operational", "Provider_Name": "Microsoft-Windows-AppXDeployment-Server", "Computer": "DESKTOP-OFJ6N53", "TimeCreated": "2025-07-28 20:32:13.238518+00:00", "RecordID": "114756", "Level": "4", "UserID": "S-1-5-21-963789628-1060504924-4285088085-1001", "EventData.PackageMoniker": "updateList: Microsoft.MicrosoftOfficeHub_19.2507.51101.0_neutral_~_8wekyb3d8bbwe is updating to Microsoft.MicrosoftOfficeHub_19.2507.56041.0_neutral_~_8wekyb3d8bbwe Microsoft.MicrosoftOfficeHub_19.2507.51101.0_x64__8wekyb3d8bbwe is updating to Microsoft.MicrosoftOfficeHub_19.2507.56041.0_x64__8wekyb3d8bbwe Microsoft.MicrosoftOfficeHub_19.2507.51101.0_neutral_split.scale-100_8wekyb3d8bbwe is updating to Microsoft.MicrosoftOfficeHub_19.2507.56041.0_neutral_split.scale-100_8wekyb3d8bbwe Microsoft.MicrosoftOfficeHub_19.2507.51101.0_neutral_split.scale-125_8wekyb3d8bbwe is updating to Microsoft.MicrosoftOfficeHub_19.2507.56041.0_neutral_split.scale-125_8wekyb3d8bbwe Microsoft.MicrosoftOfficeHub_19.2507.51101.0_neutral_split.language-ru_8wekyb3d8bbwe is updating to Microsoft.MicrosoftOfficeHub_19.2507.56041.0_neutral_split.language-ru_8wekyb3d8bbwe"}
{"EventID": "9645", "Channel": "Microsoft-Windows-AppXDeploymentServer/Operational", "Provider_Name": "Microsoft-Windows-AppXDeployment-Server", "Computer": "DESKTOP-OFJ6N53", "TimeCreated": "2025-07-28 20:32:13.333130+00:00", "RecordID": "114757", "Level": "5", "UserID": "S-1-5-21-963789628-1060504924-4285088085-1001", "EventData.ErrorCode": "0x00000000", "EventData.String": "Microsoft.MicrosoftOfficeHub_19.2507.51101.0_x64__8wekyb3d8bbwe"}
{"EventID": "10000", "Channel": "Microsoft-Windows-AppXDeploymentServer/Operational", "Provider_Name": "Microsoft-Windows-AppXDeployment-Server", "Computer": "DESKTOP-OFJ6N53", "TimeCreated": "2025-07-28 20:32:13.334455+00:00", "RecordID": "114758", "Level": "5", "UserID": "S-1-5-18", "EventData.PackageFullName": "Microsoft.MicrosoftOfficeHub_19.2507.51101.0_x64__8wekyb3d8bbwe", "EventData.ErrorCode": "0x00000000"}
{"EventID": "10000", "Channel": "Microsoft-Windows-AppXDeploymentServer/Operational", "Provider_Name": "Microsoft-Windows-AppXDeployment-Server", "Computer": "DESKTOP-OFJ6N53", "TimeCreated": "2025-07-28 20:32:13.334789+00:00", "RecordID": "114759", "Level": "5", "UserID": "S-1-5-18", "EventData.PackageFullName": "Microsoft.MicrosoftOfficeHub_19.2507.56041.0_x64__8wekyb3d8bbwe", "EventData.ErrorCode": "0x00000000"}
{"EventID": "9645", "Channel": "Microsoft-Windows-AppXDeploymentServer/Operational", "Provider_Name": "Microsoft-Windows-AppXDeployment-Server", "Computer": "DESKTOP-OFJ6N53", "TimeCreated": "2025-07-28 20:32:13.365362+00:00", "RecordID": "114760", "Level": "5", "UserID": "S-1-5-21-963789628-1060504924-4285088085-1001", "EventData.ErrorCode": "0x00000000", "EventData.String": "Microsoft.MicrosoftOfficeHub_19.2507.51101.0_x64__8wekyb3d8bbwe"}
{"EventID": "5506", "Channel": "Microsoft-Windows-AppXDeploymentServer/Operational", "Provider_Name": "Microsoft-Windows-AppXDeployment-Server", "Computer": "DESKTOP-OFJ6N53", "TimeCreated": "2025-07-28 20:32:13.520464+00:00", "RecordID": "114761", "Level": "5", "UserID": "S-1-5-18", "EventData.PackageName": "Microsoft.MicrosoftOfficeHub_19.2507.56041.0_x64__8wekyb3d8bbwe", "EventData.FilePath": "C:\\Program Files\\WindowsApps\\Microsoft.MicrosoftOfficeHub_19.2507.56041.0_x64__8wekyb3d8bbwe\\microsoft.system.package.metadata\\resources.39ea940e.pri", "EventData.Message": "Created shared merged PRI file"}
{"EventID": "5505", "Channel": "Microsoft-Windows-AppXDeploymentServer/Operational", "Provider_Name": "Microsoft-Windows-AppXDeployment-Server", "Computer": "DESKTOP-OFJ6N53", "TimeCreated": "2025-07-28 20:32:13.521080+00:00", "RecordID": "114762", "Level": "5", "UserID": "S-1-5-18", "EventData.PackageName": "Microsoft.MicrosoftOfficeHub_19.2507.56041.0_x64__8wekyb3d8bbwe", "EventData.FilePath": "C:\\Program Files\\WindowsApps\\Microsoft.MicrosoftOfficeHub_19.2507.56041.0_x64__8wekyb3d8bbwe\\microsoft.system.package.metadata\\S-1-5-21-963789628-1060504924-4285088085-1001-MergedResources-85.pri", "EventData.Message": "Linked user-specific merged PRI file"}
{"EventID": "8100", "Channel": "Microsoft-Windows-AppXDeploymentServer/Operational", "Provider_Name": "Microsoft-Windows-AppXDeployment-Server", "Computer": "DESKTOP-OFJ6N53", "TimeCreated": "2025-07-28 20:32:13.543821+00:00", "RecordID": "114763", "Level": "5", "UserID": "S-1-5-18", "EventData.PackageFullName": "Microsoft.MicrosoftOfficeHub_19.2507.56041.0_x64__8wekyb3d8bbwe", "EventData.Flags": "0x00000009"}
{"EventID": "8106", "Channel": "Microsoft-Windows-AppXDeploymentServer/Operational", "Provider_Name": "Microsoft-Windows-AppXDeployment-Server", "Computer": "DESKTOP-OFJ6N53", "TimeCreated": "2025-07-28 20:32:13.546013+00:00", "RecordID": "114764", "Level": "5", "UserID": "S-1-5-18", "EventData.PackageFullName": "Microsoft.MicrosoftOfficeHub_19.2507.56041.0_x64__8wekyb3d8bbwe", "EventData.Flags": "0x00000009"}
{"EventID": "8101", "Channel": "Microsoft-Windows-AppXDeploymentServer/Operational", "Provider_Name": "Microsoft-Windows-AppXDeployment-Server", "Computer": "DESKTOP-OFJ6N53", "TimeCreated": "2025-07-28 20:32:13.546024+00:00", "RecordID": "114765", "Level": "5", "UserID": "S-1-5-18", "EventData.PackageFullName": "Microsoft.MicrosoftOfficeHub_19.2507.56041.0_x64__8wekyb3d8bbwe", "EventData.Flags": "0x00000009"}
{"EventID": "8100", "Channel": "Microsoft-Windows-AppXDeploymentServer/Operational", "Provider_Name": "Microsoft-Windows-AppXDeployment-Server", "Computer": "DESKTOP-OFJ6N53", "TimeCreated": "2025-07-28 20:32:13.546026+00:00", "RecordID": "114766", "Level": "5", "UserID": "S-1-5-18", "EventData.PackageFullName": "Microsoft.MicrosoftOfficeHub_19.2507.56041.0_neutral_split.scale-100_8wekyb3d8bbwe", "EventData.Flags": "0x00000009"}
{"EventID": "8106", "Channel": "Microsoft-Windows-AppXDeploymentServer/Operational", "Provider_Name": "Microsoft-Windows-AppXDeployment-Server", "Computer": "DESKTOP-OFJ6N53", "TimeCreated": "2025-07-28 20:32:13.547779+00:00", "RecordID": "114767", "Level": "5", "UserID": "S-1-5-18", "EventData.PackageFullName": "Microsoft.MicrosoftOfficeHub_19.2507.56041.0_neutral_split.scale-100_8wekyb3d8bbwe", "EventData.Flags": "0x00000009"}
{"EventID": "8101", "Channel": "Microsoft-Windows-AppXDeploymentServer/Operational", "Provider_Name": "Microsoft-Windows-AppXDeployment-Server", "Computer": "DESKTOP-OFJ6N53", "TimeCreated": "2025-07-28 20:32:13.547791+00:00", "RecordID": "114768", "Level": "5", "UserID": "S-1-5-18", "EventData.PackageFullName": "Microsoft.MicrosoftOfficeHub_19.2507.56041.0_neutral_split.scale-100_8wekyb3d8bbwe", "EventData.Flags": "0x00000009"}
{"EventID": "8100", "Channel": "Microsoft-Windows-AppXDeploymentServer/Operational", "Provider_Name": "Microsoft-Windows-AppXDeployment-Server", "Computer": "DESKTOP-OFJ6N53", "TimeCreated": "2025-07-28 20:32:13.547794+00:00", "RecordID": "114769", "Level": "5", "UserID": "S-1-5-18", "EventData.PackageFullName": "Microsoft.MicrosoftOfficeHub_19.2507.56041.0_neutral_split.scale-125_8wekyb3d8bbwe", "EventData.Flags": "0x00000009"}
{"EventID": "8106", "Channel": "Microsoft-Windows-AppXDeploymentServer/Operational", "Provider_Name": "Microsoft-Windows-AppXDeployment-Server", "Computer": "DESKTOP-OFJ6N53", "TimeCreated": "2025-07-28 20:32:13.549480+00:00", "RecordID": "114770", "Level": "5", "UserID": "S-1-5-18", "EventData.PackageFullName": "Microsoft.MicrosoftOfficeHub_19.2507.56041.0_neutral_split.scale-125_8wekyb3d8bbwe", "EventData.Flags": "0x00000009"}
{"EventID": "8101", "Channel": "Microsoft-Windows-AppXDeploymentServer/Operational", "Provider_Name": "Microsoft-Windows-AppXDeployment-Server", "Computer": "DESKTOP-OFJ6N53", "TimeCreated": "2025-07-28 20:32:13.549490+00:00", "RecordID": "114771", "Level": "5", "UserID": "S-1-5-18", "EventData.PackageFullName": "Microsoft.MicrosoftOfficeHub_19.2507.56041.0_neutral_split.scale-125_8wekyb3d8bbwe", "EventData.Flags": "0x00000009"}
{"EventID": "8100", "Channel": "Microsoft-Windows-AppXDeploymentServer/Operational", "Provider_Name": "Microsoft-Windows-AppXDeployment-Server", "Computer": "DESKTOP-OFJ6N53", "TimeCreated": "2025-07-28 20:32:13.549494+00:00", "RecordID": "114772", "Level": "5", "UserID": "S-1-5-18", "EventData.PackageFullName": "Microsoft.MicrosoftOfficeHub_19.2507.56041.0_neutral_split.language-ru_8wekyb3d8bbwe", "EventData.Flags": "0x00000009"}
