{"EventID": "216", "Channel": "Microsoft-Windows-AppxPackaging/Operational", "Provider_Name": "Microsoft-Windows-AppxPackagingOM", "Computer": "DESKTOP-OFJ6N53", "TimeCreated": "2025-08-18 08:06:50.355610+00:00", "RecordID": "68389", "Level": "3", "UserID": "S-1-5-18", "EventData.namespace": "http://schemas.microsoft.com/developer/appx/2015/build"}
{"EventID": "216", "Channel": "Microsoft-Windows-AppxPackaging/Operational", "Provider_Name": "Microsoft-Windows-AppxPackagingOM", "Computer": "DESKTOP-OFJ6N53", "TimeCreated": "2025-08-18 08:06:50.858881+00:00", "RecordID": "68390", "Level": "3", "UserID": "S-1-5-18", "EventData.namespace": "http://schemas.microsoft.com/developer/appx/2015/build"}
{"EventID": "216", "Channel": "Microsoft-Windows-AppxPackaging/Operational", "Provider_Name": "Microsoft-Windows-AppxPackagingOM", "Computer": "DESKTOP-OFJ6N53", "TimeCreated": "2025-08-18 08:06:52.152044+00:00", "RecordID": "68391", "Level": "3", "UserID": "S-1-5-18", "EventData.namespace": "http://schemas.microsoft.com/developer/appx/2015/build"}
{"EventID": "216", "Channel": "Microsoft-Windows-AppxPackaging/Operational", "Provider_Name": "Microsoft-Windows-AppxPackagingOM", "Computer": "DESKTOP-OFJ6N53", "TimeCreated": "2025-08-18 08:06:52.670002+00:00", "RecordID": "68392", "Level": "3", "UserID": "S-1-5-18", "EventData.namespace": "http://schemas.microsoft.com/developer/appx/2015/build"}
{"EventID": "216", "Channel": "Microsoft-Windows-AppxPackaging/Operational", "Provider_Name": "Microsoft-Windows-AppxPackagingOM", "Computer": "DESKTOP-OFJ6N53", "TimeCreated": "2025-08-18 08:06:54.021099+00:00", "RecordID": "68393", "Level": "3", "UserID": "S-1-5-18", "EventData.namespace": "http://schemas.microsoft.com/developer/appx/2015/build"}
{"EventID": "216", "Channel": "Microsoft-Windows-AppxPackaging/Operational", "Provider_Name": "Microsoft-Windows-AppxPackagingOM", "Computer": "DESKTOP-OFJ6N53", "TimeCreated": "2025-08-18 08:06:54.021114+00:00", "RecordID": "68394", "Level": "3", "UserID": "S-1-5-18", "EventData.namespace": "http://schemas.microsoft.com/appx/manifest/uap/windows10/17"}
{"EventID": "216", "Channel": "Microsoft-Windows-AppxPackaging/Operational", "Provider_Name": "Microsoft-Windows-AppxPackagingOM", "Computer": "DESKTOP-OFJ6N53", "TimeCreated": "2025-08-18 08:06:54.514029+00:00", "RecordID": "68395", "Level": "3", "UserID": "S-1-5-18", "EventData.namespace": "http://schemas.microsoft.com/developer/appx/2015/build"}
{"EventID": "216", "Channel": "Microsoft-Windows-AppxPackaging/Operational", "Provider_Name": "Microsoft-Windows-AppxPackagingOM", "Computer": "DESKTOP-OFJ6N53", "TimeCreated": "2025-08-18 08:06:54.514051+00:00", "RecordID": "68396", "Level": "3", "UserID": "S-1-5-18", "EventData.namespace": "http://schemas.microsoft.com/appx/manifest/uap/windows10/17"}
{"EventID": "216", "Channel": "Microsoft-Windows-AppxPackaging/Operational", "Provider_Name": "Microsoft-Windows-AppxPackagingOM", "Computer": "DESKTOP-OFJ6N53", "TimeCreated": "2025-08-19 01:26:00.860374+00:00", "RecordID": "68397", "Level": "3", "UserID": "S-1-5-18", "EventData.namespace": "http://schemas.microsoft.com/developer/appx/2015/build"}
{"EventID": "216", "Channel": "Microsoft-Windows-AppxPackaging/Operational", "Provider_Name": "Microsoft-Windows-AppxPackagingOM", "Computer": "DESKTOP-OFJ6N53", "TimeCreated": "2025-08-19 01:26:01.190750+00:00", "RecordID": "68398", "Level": "3", "UserID": "S-1-5-18", "EventData.namespace": "http://schemas.microsoft.com/developer/appx/2015/build"}
{"EventID": "216", "Channel": "Microsoft-Windows-AppxPackaging/Operational", "Provider_Name": "Microsoft-Windows-AppxPackagingOM", "Computer": "DESKTOP-OFJ6N53", "TimeCreated": "2025-08-19 01:26:01.540245+00:00", "RecordID": "68399", "Level": "3", "UserID": "S-1-5-18", "EventData.namespace": "http://schemas.microsoft.com/developer/appx/2015/build"}
{"EventID": "216", "Channel": "Microsoft-Windows-AppxPackaging/Operational", "Provider_Name": "Microsoft-Windows-AppxPackagingOM", "Computer": "DESKTOP-OFJ6N53", "TimeCreated": "2025-08-19 01:26:01.786478+00:00", "RecordID": "68400", "Level": "3", "UserID": "S-1-5-18", "EventData.namespace": "http://schemas.microsoft.com/developer/appx/2015/build"}
{"EventID": "216", "Channel": "Microsoft-Windows-AppxPackaging/Operational", "Provider_Name": "Microsoft-Windows-AppxPackagingOM", "Computer": "DESKTOP-OFJ6N53", "TimeCreated": "2025-08-19 01:26:02.214645+00:00", "RecordID": "68401", "Level": "3", "UserID": "S-1-5-18", "EventData.namespace": "http://schemas.microsoft.com/developer/appx/2015/build"}
{"EventID": "216", "Channel": "Microsoft-Windows-AppxPackaging/Operational", "Provider_Name": "Microsoft-Windows-AppxPackagingOM", "Computer": "DESKTOP-OFJ6N53", "TimeCreated": "2025-08-19 01:26:02.605940+00:00", "RecordID": "68402", "Level": "3", "UserID": "S-1-5-18", "EventData.namespace": "http://schemas.microsoft.com/developer/appx/2015/build"}
{"EventID": "216", "Channel": "Microsoft-Windows-AppxPackaging/Operational", "Provider_Name": "Microsoft-Windows-AppxPackagingOM", "Computer": "DESKTOP-OFJ6N53", "TimeCreated": "2025-08-19 01:26:02.829609+00:00", "RecordID": "68403", "Level": "3", "UserID": "S-1-5-18", "EventData.namespace": "http://schemas.microsoft.com/developer/appx/2015/build"}
{"EventID": "216", "Channel": "Microsoft-Windows-AppxPackaging/Operational", "Provider_Name": "Microsoft-Windows-AppxPackagingOM", "Computer": "DESKTOP-OFJ6N53", "TimeCreated": "2025-08-19 01:26:03.121681+00:00", "RecordID": "68404", "Level": "3", "UserID": "S-1-5-18", "EventData.namespace": "http://schemas.microsoft.com/developer/appx/2015/build"}
{"EventID": "216", "Channel": "Microsoft-Windows-AppxPackaging/Operational", "Provider_Name": "Microsoft-Windows-AppxPackagingOM", "Computer": "DESKTOP-OFJ6N53", "TimeCreated": "2025-08-19 01:26:03.391409+00:00", "RecordID": "68405", "Level": "3", "UserID": "S-1-5-18", "EventData.namespace": "http://schemas.microsoft.com/developer/appx/2015/build"}
{"EventID": "216", "Channel": "Microsoft-Windows-AppxPackaging/Operational", "Provider_Name": "Microsoft-Windows-AppxPackagingOM", "Computer": "DESKTOP-OFJ6N53", "TimeCreated": "2025-08-19 01:26:03.506754+00:00", "RecordID": "68406", "Level": "3", "UserID": "S-1-5-18", "EventData.namespace": "http://schemas.microsoft.com/developer/appx/2015/build"}
{"EventID": "216", "Channel": "Microsoft-Windows-AppxPackaging/Operational", "Provider_Name": "Microsoft-Windows-AppxPackagingOM", "Computer": "DESKTOP-OFJ6N53", "TimeCreated": "2025-08-19 01:26:03.506760+00:00", "RecordID": "68407", "Level": "3", "UserID": "S-1-5-18", "EventData.namespace": "http://schemas.microsoft.com/appx/manifest/mobile/windows10"}
{"EventID": "216", "Channel": "Microsoft-Windows-AppxPackaging/Operational", "Provider_Name": "Microsoft-Windows-AppxPackagingOM", "Computer": "DESKTOP-OFJ6N53", "TimeCreated": "2025-08-19 01:26:03.669336+00:00", "RecordID": "68408", "Level": "3", "UserID": "S-1-5-18", "EventData.namespace": "http://schemas.microsoft.com/developer/appx/2015/build"}
{"EventID": "216", "Channel": "Microsoft-Windows-AppxPackaging/Operational", "Provider_Name": "Microsoft-Windows-AppxPackagingOM", "Computer": "DESKTOP-OFJ6N53", "TimeCreated": "2025-08-19 01:26:03.919453+00:00", "RecordID": "68409", "Level": "3", "UserID": "S-1-5-18", "EventData.namespace": "http://schemas.microsoft.com/developer/appx/2015/build"}
{"EventID": "216", "Channel": "Microsoft-Windows-AppxPackaging/Operational", "Provider_Name": "Microsoft-Windows-AppxPackagingOM", "Computer": "DESKTOP-OFJ6N53", "TimeCreated": "2025-08-19 01:26:05.737020+00:00", "RecordID": "68410", "Level": "3", "UserID": "S-1-5-18", "EventData.namespace": "http://schemas.microsoft.com/appx/manifest/uap/windows10/7"}
{"EventID": "216", "Channel": "Microsoft-Windows-AppxPackaging/Operational", "Provider_Name": "Microsoft-Windows-AppxPackagingOM", "Computer": "DESKTOP-OFJ6N53", "TimeCreated": "2025-08-19 01:26:06.711281+00:00", "RecordID": "68411", "Level": "3", "UserID": "S-1-5-18", "EventData.namespace": "http://schemas.microsoft.com/appx/manifest/uap/windows10/3"}
{"EventID": "216", "Channel": "Microsoft-Windows-AppxPackaging/Operational", "Provider_Name": "Microsoft-Windows-AppxPackagingOM", "Computer": "DESKTOP-OFJ6N53", "TimeCreated": "2025-08-19 01:26:09.016306+00:00", "RecordID": "68412", "Level": "3", "UserID": "S-1-5-18", "EventData.namespace": "http://schemas.microsoft.com/developer/appx/2015/build"}
{"EventID": "216", "Channel": "Microsoft-Windows-AppxPackaging/Operational", "Provider_Name": "Microsoft-Windows-AppxPackagingOM", "Computer": "DESKTOP-OFJ6N53", "TimeCreated": "2025-08-19 01:26:09.649250+00:00", "RecordID": "68413", "Level": "3", "UserID": "S-1-5-18", "EventData.namespace": "http://schemas.microsoft.com/developer/appx/2015/build"}
{"EventID": "216", "Channel": "Microsoft-Windows-AppxPackaging/Operational", "Provider_Name": "Microsoft-Windows-AppxPackagingOM", "Computer": "DESKTOP-OFJ6N53", "TimeCreated": "2025-08-19 01:26:09.961145+00:00", "RecordID": "68414", "Level": "3", "UserID": "S-1-5-18", "EventData.namespace": "http://schemas.microsoft.com/developer/appx/2015/build"}
{"EventID": "216", "Channel": "Microsoft-Windows-AppxPackaging/Operational", "Provider_Name": "Microsoft-Windows-AppxPackagingOM", "Computer": "DESKTOP-OFJ6N53", "TimeCreated": "2025-08-19 01:26:10.291046+00:00", "RecordID": "68415", "Level": "3", "UserID": "S-1-5-18", "EventData.namespace": "http://schemas.microsoft.com/developer/appx/2015/build"}
{"EventID": "216", "Channel": "Microsoft-Windows-AppxPackaging/Operational", "Provider_Name": "Microsoft-Windows-AppxPackagingOM", "Computer": "DESKTOP-OFJ6N53", "TimeCreated": "2025-08-19 01:26:10.291159+00:00", "RecordID": "68416", "Level": "3", "UserID": "S-1-5-18", "EventData.namespace": "http://schemas.microsoft.com/appx/manifest/iot/windows10/2"}
{"EventID": "216", "Channel": "Microsoft-Windows-AppxPackaging/Operational", "Provider_Name": "Microsoft-Windows-AppxPackagingOM", "Computer": "DESKTOP-OFJ6N53", "TimeCreated": "2025-08-19 01:26:11.103100+00:00", "RecordID": "68417", "Level": "3", "UserID": "S-1-5-18", "EventData.namespace": "http://schemas.microsoft.com/developer/appx/2015/build"}
{"EventID": "216", "Channel": "Microsoft-Windows-AppxPackaging/Operational", "Provider_Name": "Microsoft-Windows-AppxPackagingOM", "Computer": "DESKTOP-OFJ6N53", "TimeCreated": "2025-08-19 01:26:11.381512+00:00", "RecordID": "68418", "Level": "3", "UserID": "S-1-5-18", "EventData.namespace": "http://schemas.microsoft.com/developer/appx/2015/build"}
{"EventID": "216", "Channel": "Microsoft-Windows-AppxPackaging/Operational", "Provider_Name": "Microsoft-Windows-AppxPackagingOM", "Computer": "DESKTOP-OFJ6N53", "TimeCreated": "2025-08-19 01:26:11.776348+00:00", "RecordID": "68419", "Level": "3", "UserID": "S-1-5-18", "EventData.namespace": "http://schemas.microsoft.com/developer/appx/2015/build"}
{"EventID": "216", "Channel": "Microsoft-Windows-AppxPackaging/Operational", "Provider_Name": "Microsoft-Windows-AppxPackagingOM", "Computer": "DESKTOP-OFJ6N53", "TimeCreated": "2025-08-19 01:26:11.951157+00:00", "RecordID": "68420", "Level": "3", "UserID": "S-1-5-18", "EventData.namespace": "http://schemas.microsoft.com/developer/appx/2015/build"}
{"EventID": "216", "Channel": "Microsoft-Windows-AppxPackaging/Operational", "Provider_Name": "Microsoft-Windows-AppxPackagingOM", "Computer": "DESKTOP-OFJ6N53", "TimeCreated": "2025-08-19 01:26:12.183235+00:00", "RecordID": "68421", "Level": "3", "UserID": "S-1-5-18", "EventData.namespace": "http://schemas.microsoft.com/developer/appx/2015/build"}
{"EventID": "216", "Channel": "Microsoft-Windows-AppxPackaging/Operational", "Provider_Name": "Microsoft-Windows-AppxPackagingOM", "Computer": "DESKTOP-OFJ6N53", "TimeCreated": "2025-08-19 01:26:12.296427+00:00", "RecordID": "68422", "Level": "3", "UserID": "S-1-5-18", "EventData.namespace": "http://schemas.microsoft.com/appx/manifest/iot/windows10"}
{"EventID": "216", "Channel": "Microsoft-Windows-AppxPackaging/Operational", "Provider_Name": "Microsoft-Windows-AppxPackagingOM", "Computer": "DESKTOP-OFJ6N53", "TimeCreated": "2025-08-19 01:26:12.296431+00:00", "RecordID": "68423", "Level": "3", "UserID": "S-1-5-18", "EventData.namespace": "http://schemas.microsoft.com/appx/manifest/mobile/windows10"}
{"EventID": "216", "Channel": "Microsoft-Windows-AppxPackaging/Operational", "Provider_Name": "Microsoft-Windows-AppxPackagingOM", "Computer": "DESKTOP-OFJ6N53", "TimeCreated": "2025-08-19 01:26:12.752432+00:00", "RecordID": "68424", "Level": "3", "UserID": "S-1-5-18", "EventData.namespace": "http://schemas.microsoft.com/developer/appx/2015/build"}
{"EventID": "216", "Channel": "Microsoft-Windows-AppxPackaging/Operational", "Provider_Name": "Microsoft-Windows-AppxPackagingOM", "Computer": "DESKTOP-OFJ6N53", "TimeCreated": "2025-08-19 01:26:12.933048+00:00", "RecordID": "68425", "Level": "3", "UserID": "S-1-5-18", "EventData.namespace": "http://schemas.microsoft.com/developer/appx/2015/build"}
{"EventID": "216", "Channel": "Microsoft-Windows-AppxPackaging/Operational", "Provider_Name": "Microsoft-Windows-AppxPackagingOM", "Computer": "DESKTOP-OFJ6N53", "TimeCreated": "2025-08-19 01:26:13.248819+00:00", "RecordID": "68426", "Level": "3", "UserID": "S-1-5-18", "EventData.namespace": "http://schemas.microsoft.com/developer/appx/2015/build"}
{"EventID": "216", "Channel": "Microsoft-Windows-AppxPackaging/Operational", "Provider_Name": "Microsoft-Windows-AppxPackagingOM", "Computer": "DESKTOP-OFJ6N53", "TimeCreated": "2025-08-19 01:26:13.448637+00:00", "RecordID": "68427", "Level": "3", "UserID": "S-1-5-18", "EventData.namespace": "http://schemas.microsoft.com/developer/appx/2015/build"}
{"EventID": "216", "Channel": "Microsoft-Windows-AppxPackaging/Operational", "Provider_Name": "Microsoft-Windows-AppxPackagingOM", "Computer": "DESKTOP-OFJ6N53", "TimeCreated": "2025-08-19 01:26:13.641319+00:00", "RecordID": "68428", "Level": "3", "UserID": "S-1-5-18", "EventData.namespace": "http://schemas.microsoft.com/appx/manifest/virtualization/windows10"}
{"EventID": "216", "Channel": "Microsoft-Windows-AppxPackaging/Operational", "Provider_Name": "Microsoft-Windows-AppxPackagingOM", "Computer": "DESKTOP-OFJ6N53", "TimeCreated": "2025-08-19 01:26:14.035751+00:00", "RecordID": "68429", "Level": "3", "UserID": "S-1-5-18", "EventData.namespace": "http://schemas.microsoft.com/developer/appx/2015/build"}
{"EventID": "216", "Channel": "Microsoft-Windows-AppxPackaging/Operational", "Provider_Name": "Microsoft-Windows-AppxPackagingOM", "Computer": "DESKTOP-OFJ6N53", "TimeCreated": "2025-08-19 01:26:14.450888+00:00", "RecordID": "68430", "Level": "3", "UserID": "S-1-5-18", "EventData.namespace": "http://schemas.microsoft.com/developer/appx/2015/build"}
{"EventID": "216", "Channel": "Microsoft-Windows-AppxPackaging/Operational", "Provider_Name": "Microsoft-Windows-AppxPackagingOM", "Computer": "DESKTOP-OFJ6N53", "TimeCreated": "2025-08-19 01:26:14.778055+00:00", "RecordID": "68431", "Level": "3", "UserID": "S-1-5-18", "EventData.namespace": "http://schemas.microsoft.com/developer/appx/2015/build"}
{"EventID": "216", "Channel": "Microsoft-Windows-AppxPackaging/Operational", "Provider_Name": "Microsoft-Windows-AppxPackagingOM", "Computer": "DESKTOP-OFJ6N53", "TimeCreated": "2025-08-19 01:26:14.778078+00:00", "RecordID": "68432", "Level": "3", "UserID": "S-1-5-18", "EventData.namespace": "http://schemas.microsoft.com/appx/manifest/desktop/windows10/9"}
{"EventID": "216", "Channel": "Microsoft-Windows-AppxPackaging/Operational", "Provider_Name": "Microsoft-Windows-AppxPackagingOM", "Computer": "DESKTOP-OFJ6N53", "TimeCreated": "2025-08-19 01:26:15.379316+00:00", "RecordID": "68433", "Level": "3", "UserID": "S-1-5-18", "EventData.namespace": "http://schemas.microsoft.com/developer/appx/2015/build"}
{"EventID": "216", "Channel": "Microsoft-Windows-AppxPackaging/Operational", "Provider_Name": "Microsoft-Windows-AppxPackagingOM", "Computer": "DESKTOP-OFJ6N53", "TimeCreated": "2025-08-19 01:26:15.610474+00:00", "RecordID": "68434", "Level": "3", "UserID": "S-1-5-18", "EventData.namespace": "http://schemas.microsoft.com/developer/appx/2015/build"}
{"EventID": "216", "Channel": "Microsoft-Windows-AppxPackaging/Operational", "Provider_Name": "Microsoft-Windows-AppxPackagingOM", "Computer": "DESKTOP-OFJ6N53", "TimeCreated": "2025-08-19 01:26:16.164585+00:00", "RecordID": "68435", "Level": "3", "UserID": "S-1-5-18", "EventData.namespace": "http://schemas.microsoft.com/appx/manifest/uap/windows10/17"}
{"EventID": "216", "Channel": "Microsoft-Windows-AppxPackaging/Operational", "Provider_Name": "Microsoft-Windows-AppxPackagingOM", "Computer": "DESKTOP-OFJ6N53", "TimeCreated": "2025-08-19 01:26:16.575146+00:00", "RecordID": "68436", "Level": "3", "UserID": "S-1-5-18", "EventData.namespace": "http://schemas.microsoft.com/developer/appx/2015/build"}
{"EventID": "216", "Channel": "Microsoft-Windows-AppxPackaging/Operational", "Provider_Name": "Microsoft-Windows-AppxPackagingOM", "Computer": "DESKTOP-OFJ6N53", "TimeCreated": "2025-08-19 01:26:16.575159+00:00", "RecordID": "68437", "Level": "3", "UserID": "S-1-5-18", "EventData.namespace": "http://schemas.microsoft.com/appx/manifest/desktop/windows10/11"}
{"EventID": "216", "Channel": "Microsoft-Windows-AppxPackaging/Operational", "Provider_Name": "Microsoft-Windows-AppxPackagingOM", "Computer": "DESKTOP-OFJ6N53", "TimeCreated": "2025-08-19 01:26:17.064770+00:00", "RecordID": "68438", "Level": "3", "UserID": "S-1-5-18", "EventData.namespace": "http://schemas.microsoft.com/developer/appx/2015/build"}
{"EventID": "216", "Channel": "Microsoft-Windows-AppxPackaging/Operational", "Provider_Name": "Microsoft-Windows-AppxPackagingOM", "Computer": "DESKTOP-OFJ6N53", "TimeCreated": "2025-08-19 01:26:17.781206+00:00", "RecordID": "68439", "Level": "3", "UserID": "S-1-5-18", "EventData.namespace": "http://schemas.microsoft.com/developer/appx/2015/build"}
{"EventID": "216", "Channel": "Microsoft-Windows-AppxPackaging/Operational", "Provider_Name": "Microsoft-Windows-AppxPackagingOM", "Computer": "DESKTOP-OFJ6N53", "TimeCreated": "2025-08-19 01:26:18.311583+00:00", "RecordID": "68440", "Level": "3", "UserID": "S-1-5-18", "EventData.namespace": "http://schemas.microsoft.com/developer/appx/2015/build"}
{"EventID": "216", "Channel": "Microsoft-Windows-AppxPackaging/Operational", "Provider_Name": "Microsoft-Windows-AppxPackagingOM", "Computer": "DESKTOP-OFJ6N53", "TimeCreated": "2025-08-19 01:26:18.563982+00:00", "RecordID": "68441", "Level": "3", "UserID": "S-1-5-18", "EventData.namespace": "http://schemas.microsoft.com/developer/appx/2015/build"}
{"EventID": "216", "Channel": "Microsoft-Windows-AppxPackaging/Operational", "Provider_Name": "Microsoft-Windows-AppxPackagingOM", "Computer": "DESKTOP-OFJ6N53", "TimeCreated": "2025-08-19 01:26:18.777826+00:00", "RecordID": "68442", "Level": "3", "UserID": "S-1-5-18", "EventData.namespace": "http://schemas.microsoft.com/developer/appx/2015/build"}
{"EventID": "216", "Channel": "Microsoft-Windows-AppxPackaging/Operational", "Provider_Name": "Microsoft-Windows-AppxPackagingOM", "Computer": "DESKTOP-OFJ6N53", "TimeCreated": "2025-08-19 01:26:18.777853+00:00", "RecordID": "68443", "Level": "3", "UserID": "S-1-5-18", "EventData.namespace": "http://schemas.microsoft.com/appx/manifest/uap/windows10/13"}
{"EventID": "216", "Channel": "Microsoft-Windows-AppxPackaging/Operational", "Provider_Name": "Microsoft-Windows-AppxPackagingOM", "Computer": "DESKTOP-OFJ6N53", "TimeCreated": "2025-08-19 01:26:18.777863+00:00", "RecordID": "68444", "Level": "3", "UserID": "S-1-5-18", "EventData.namespace": "http://schemas.microsoft.com/appx/manifest/virtualization/windows10"}
{"EventID": "216", "Channel": "Microsoft-Windows-AppxPackaging/Operational", "Provider_Name": "Microsoft-Windows-AppxPackagingOM", "Computer": "DESKTOP-OFJ6N53", "TimeCreated": "2025-08-19 01:26:19.109171+00:00", "RecordID": "68445", "Level": "3", "UserID": "S-1-5-18", "EventData.namespace": "http://schemas.microsoft.com/developer/appx/2015/build"}
{"EventID": "216", "Channel": "Microsoft-Windows-AppxPackaging/Operational", "Provider_Name": "Microsoft-Windows-AppxPackagingOM", "Computer": "DESKTOP-OFJ6N53", "TimeCreated": "2025-08-19 01:26:19.266735+00:00", "RecordID": "68446", "Level": "3", "UserID": "S-1-5-18", "EventData.namespace": "http://schemas.microsoft.com/developer/appx/2015/build"}
{"EventID": "216", "Channel": "Microsoft-Windows-AppxPackaging/Operational", "Provider_Name": "Microsoft-Windows-AppxPackagingOM", "Computer": "DESKTOP-OFJ6N53", "TimeCreated": "2025-08-19 01:26:19.266769+00:00", "RecordID": "68447", "Level": "3", "UserID": "S-1-5-18", "EventData.namespace": "http://schemas.microsoft.com/appx/manifest/virtualization/windows10"}
{"EventID": "216", "Channel": "Microsoft-Windows-AppxPackaging/Operational", "Provider_Name": "Microsoft-Windows-AppxPackagingOM", "Computer": "DESKTOP-OFJ6N53", "TimeCreated": "2025-08-19 01:26:19.579763+00:00", "RecordID": "68448", "Level": "3", "UserID": "S-1-5-18", "EventData.namespace": "http://schemas.microsoft.com/developer/appx/2015/build"}
{"EventID": "216", "Channel": "Microsoft-Windows-AppxPackaging/Operational", "Provider_Name": "Microsoft-Windows-AppxPackagingOM", "Computer": "DESKTOP-OFJ6N53", "TimeCreated": "2025-08-19 01:26:19.910250+00:00", "RecordID": "68449", "Level": "3", "UserID": "S-1-5-18", "EventData.namespace": "http://schemas.microsoft.com/developer/appx/2015/build"}
{"EventID": "216", "Channel": "Microsoft-Windows-AppxPackaging/Operational", "Provider_Name": "Microsoft-Windows-AppxPackagingOM", "Computer": "DESKTOP-OFJ6N53", "TimeCreated": "2025-08-19 01:26:20.067492+00:00", "RecordID": "68450", "Level": "3", "UserID": "S-1-5-18", "EventData.namespace": "http://schemas.microsoft.com/developer/appx/2015/build"}
{"EventID": "216", "Channel": "Microsoft-Windows-AppxPackaging/Operational", "Provider_Name": "Microsoft-Windows-AppxPackagingOM", "Computer": "DESKTOP-OFJ6N53", "TimeCreated": "2025-08-19 01:26:20.067503+00:00", "RecordID": "68451", "Level": "3", "UserID": "S-1-5-18", "EventData.namespace": "http://schemas.microsoft.com/appx/manifest/uap/windows10/17"}
{"EventID": "216", "Channel": "Microsoft-Windows-AppxPackaging/Operational", "Provider_Name": "Microsoft-Windows-AppxPackagingOM", "Computer": "DESKTOP-OFJ6N53", "TimeCreated": "2025-08-19 07:19:24.256147+00:00", "RecordID": "68452", "Level": "3", "UserID": "S-1-5-21-963789628-1060504924-4285088085-1001", "EventData.namespace": "http://schemas.microsoft.com/developer/appx/2015/build"}
{"EventID": "164", "Channel": "Microsoft-Windows-AppxPackaging/Operational", "Provider_Name": "Microsoft-Windows-AppxPackagingOM", "Computer": "DESKTOP-OFJ6N53", "TimeCreated": "2025-08-20 00:21:40.492750+00:00", "RecordID": "68453", "Level": "4", "UserID": "S-1-5-18", "EventData.subjectName": "CN=Microsoft Corporation, O=Microsoft Corporation, L=Redmond, S=Washington, C=US"}
{"EventID": "391", "Channel": "Microsoft-Windows-AppxPackaging/Operational", "Provider_Name": "Microsoft-Windows-AppxPackagingOM", "Computer": "DESKTOP-OFJ6N53", "TimeCreated": "2025-08-20 00:21:40.633560+00:00", "RecordID": "68454", "Level": "4", "UserID": "S-1-5-18", "EventData.packageFullName": "Microsoft.YourPhone_1.25072.63.0_neutral_~_8wekyb3d8bbwe"}
{"EventID": "164", "Channel": "Microsoft-Windows-AppxPackaging/Operational", "Provider_Name": "Microsoft-Windows-AppxPackagingOM", "Computer": "DESKTOP-OFJ6N53", "TimeCreated": "2025-08-20 00:21:42.960781+00:00", "RecordID": "68455", "Level": "4", "UserID": "S-1-5-18", "EventData.subjectName": "CN=Microsoft Corporation, O=Microsoft Corporation, L=Redmond, S=Washington, C=US"}
{"EventID": "391", "Channel": "Microsoft-Windows-AppxPackaging/Operational", "Provider_Name": "Microsoft-Windows-AppxPackagingOM", "Computer": "DESKTOP-OFJ6N53", "TimeCreated": "2025-08-20 00:21:43.023623+00:00", "RecordID": "68456", "Level": "4", "UserID": "S-1-5-18", "EventData.packageFullName": "Microsoft.MicrosoftOfficeHub_2025.813.1904.0_neutral_~_8wekyb3d8bbwe"}
{"EventID": "157", "Channel": "Microsoft-Windows-AppxPackaging/Operational", "Provider_Name": "Microsoft-Windows-AppxPackagingOM", "Computer": "DESKTOP-OFJ6N53", "TimeCreated": "2025-08-20 00:21:43.527674+00:00", "RecordID": "68457", "Level": "4", "UserID": "S-1-5-18", "EventData.subjectName": "CN=Microsoft Corporation, O=Microsoft Corporation, L=Redmond, S=Washington, C=US"}
{"EventID": "216", "Channel": "Microsoft-Windows-AppxPackaging/Operational", "Provider_Name": "Microsoft-Windows-AppxPackagingOM", "Computer": "DESKTOP-OFJ6N53", "TimeCreated": "2025-08-20 00:21:43.724598+00:00", "RecordID": "68458", "Level": "3", "UserID": "S-1-5-18", "EventData.namespace": "http://schemas.microsoft.com/developer/appx/2015/build"}
{"EventID": "216", "Channel": "Microsoft-Windows-AppxPackaging/Operational", "Provider_Name": "Microsoft-Windows-AppxPackagingOM", "Computer": "DESKTOP-OFJ6N53", "TimeCreated": "2025-08-20 00:21:43.724627+00:00", "RecordID": "68459", "Level": "3", "UserID": "S-1-5-18", "EventData.namespace": "http://schemas.microsoft.com/appx/manifest/uap/windows10/13"}
{"EventID": "216", "Channel": "Microsoft-Windows-AppxPackaging/Operational", "Provider_Name": "Microsoft-Windows-AppxPackagingOM", "Computer": "DESKTOP-OFJ6N53", "TimeCreated": "2025-08-20 00:21:43.724638+00:00", "RecordID": "68460", "Level": "3", "UserID": "S-1-5-18", "EventData.namespace": "http://schemas.microsoft.com/appx/manifest/virtualization/windows10"}
{"EventID": "170", "Channel": "Microsoft-Windows-AppxPackaging/Operational", "Provider_Name": "Microsoft-Windows-AppxPackagingOM", "Computer": "DESKTOP-OFJ6N53", "TimeCreated": "2025-08-20 00:21:43.826864+00:00", "RecordID": "68461", "Level": "4", "UserID": "S-1-5-18", "EventData.packageFullName": "Microsoft.YourPhone_1.25072.63.0_x64__8wekyb3d8bbwe"}
{"EventID": "157", "Channel": "Microsoft-Windows-AppxPackaging/Operational", "Provider_Name": "Microsoft-Windows-AppxPackagingOM", "Computer": "DESKTOP-OFJ6N53", "TimeCreated": "2025-08-20 00:21:44.313017+00:00", "RecordID": "68462", "Level": "4", "UserID": "S-1-5-18", "EventData.subjectName": "CN=Microsoft Corporation, O=Microsoft Corporation, L=Redmond, S=Washington, C=US"}
{"EventID": "170", "Channel": "Microsoft-Windows-AppxPackaging/Operational", "Provider_Name": "Microsoft-Windows-AppxPackagingOM", "Computer": "DESKTOP-OFJ6N53", "TimeCreated": "2025-08-20 00:21:44.446579+00:00", "RecordID": "68463", "Level": "4", "UserID": "S-1-5-18", "EventData.packageFullName": "Microsoft.YourPhone_1.25072.63.0_neutral_split.language-ru_8wekyb3d8bbwe"}
{"EventID": "157", "Channel": "Microsoft-Windows-AppxPackaging/Operational", "Provider_Name": "Microsoft-Windows-AppxPackagingOM", "Computer": "DESKTOP-OFJ6N53", "TimeCreated": "2025-08-20 00:21:44.738543+00:00", "RecordID": "68464", "Level": "4", "UserID": "S-1-5-18", "EventData.subjectName": "CN=Microsoft Corporation, O=Microsoft Corporation, L=Redmond, S=Washington, C=US"}
{"EventID": "216", "Channel": "Microsoft-Windows-AppxPackaging/Operational", "Provider_Name": "Microsoft-Windows-AppxPackagingOM", "Computer": "DESKTOP-OFJ6N53", "TimeCreated": "2025-08-20 00:21:44.897627+00:00", "RecordID": "68465", "Level": "3", "UserID": "S-1-5-18", "EventData.namespace": "http://schemas.microsoft.com/developer/appx/2015/build"}
{"EventID": "216", "Channel": "Microsoft-Windows-AppxPackaging/Operational", "Provider_Name": "Microsoft-Windows-AppxPackagingOM", "Computer": "DESKTOP-OFJ6N53", "TimeCreated": "2025-08-20 00:21:44.897688+00:00", "RecordID": "68466", "Level": "3", "UserID": "S-1-5-18", "EventData.namespace": "http://schemas.microsoft.com/appx/manifest/virtualization/windows10"}
{"EventID": "170", "Channel": "Microsoft-Windows-AppxPackaging/Operational", "Provider_Name": "Microsoft-Windows-AppxPackagingOM", "Computer": "DESKTOP-OFJ6N53", "TimeCreated": "2025-08-20 00:21:44.966555+00:00", "RecordID": "68467", "Level": "4", "UserID": "S-1-5-18", "EventData.packageFullName": "Microsoft.MicrosoftOfficeHub_19.2508.43121.0_x64__8wekyb3d8bbwe"}
{"EventID": "157", "Channel": "Microsoft-Windows-AppxPackaging/Operational", "Provider_Name": "Microsoft-Windows-AppxPackagingOM", "Computer": "DESKTOP-OFJ6N53", "TimeCreated": "2025-08-20 00:21:45.123646+00:00", "RecordID": "68468", "Level": "4", "UserID": "S-1-5-18", "EventData.subjectName": "CN=Microsoft Corporation, O=Microsoft Corporation, L=Redmond, S=Washington, C=US"}
{"EventID": "170", "Channel": "Microsoft-Windows-AppxPackaging/Operational", "Provider_Name": "Microsoft-Windows-AppxPackagingOM", "Computer": "DESKTOP-OFJ6N53", "TimeCreated": "2025-08-20 00:21:45.210812+00:00", "RecordID": "68469", "Level": "4", "UserID": "S-1-5-18", "EventData.packageFullName": "Microsoft.YourPhone_1.25072.63.0_neutral_split.scale-100_8wekyb3d8bbwe"}
{"EventID": "157", "Channel": "Microsoft-Windows-AppxPackaging/Operational", "Provider_Name": "Microsoft-Windows-AppxPackagingOM", "Computer": "DESKTOP-OFJ6N53", "TimeCreated": "2025-08-20 00:21:45.941532+00:00", "RecordID": "68470", "Level": "4", "UserID": "S-1-5-18", "EventData.subjectName": "CN=Microsoft Corporation, O=Microsoft Corporation, L=Redmond, S=Washington, C=US"}
{"EventID": "170", "Channel": "Microsoft-Windows-AppxPackaging/Operational", "Provider_Name": "Microsoft-Windows-AppxPackagingOM", "Computer": "DESKTOP-OFJ6N53", "TimeCreated": "2025-08-20 00:21:46.065222+00:00", "RecordID": "68471", "Level": "4", "UserID": "S-1-5-18", "EventData.packageFullName": "Microsoft.MicrosoftOfficeHub_19.2508.43121.0_neutral_split.language-ru_8wekyb3d8bbwe"}
{"EventID": "157", "Channel": "Microsoft-Windows-AppxPackaging/Operational", "Provider_Name": "Microsoft-Windows-AppxPackagingOM", "Computer": "DESKTOP-OFJ6N53", "TimeCreated": "2025-08-20 00:21:46.540388+00:00", "RecordID": "68472", "Level": "4", "UserID": "S-1-5-18", "EventData.subjectName": "CN=Microsoft Corporation, O=Microsoft Corporation, L=Redmond, S=Washington, C=US"}
{"EventID": "170", "Channel": "Microsoft-Windows-AppxPackaging/Operational", "Provider_Name": "Microsoft-Windows-AppxPackagingOM", "Computer": "DESKTOP-OFJ6N53", "TimeCreated": "2025-08-20 00:21:46.791203+00:00", "RecordID": "68473", "Level": "4", "UserID": "S-1-5-18", "EventData.packageFullName": "Microsoft.YourPhone_1.25072.63.0_neutral_split.scale-125_8wekyb3d8bbwe"}
{"EventID": "157", "Channel": "Microsoft-Windows-AppxPackaging/Operational", "Provider_Name": "Microsoft-Windows-AppxPackagingOM", "Computer": "DESKTOP-OFJ6N53", "TimeCreated": "2025-08-20 00:21:47.243174+00:00", "RecordID": "68474", "Level": "4", "UserID": "S-1-5-18", "EventData.subjectName": "CN=Microsoft Corporation, O=Microsoft Corporation, L=Redmond, S=Washington, C=US"}
{"EventID": "170", "Channel": "Microsoft-Windows-AppxPackaging/Operational", "Provider_Name": "Microsoft-Windows-AppxPackagingOM", "Computer": "DESKTOP-OFJ6N53", "TimeCreated": "2025-08-20 00:21:47.643658+00:00", "RecordID": "68475", "Level": "4", "UserID": "S-1-5-18", "EventData.packageFullName": "Microsoft.MicrosoftOfficeHub_19.2508.43121.0_neutral_split.scale-100_8wekyb3d8bbwe"}
{"EventID": "157", "Channel": "Microsoft-Windows-AppxPackaging/Operational", "Provider_Name": "Microsoft-Windows-AppxPackagingOM", "Computer": "DESKTOP-OFJ6N53", "TimeCreated": "2025-08-20 00:21:48.370871+00:00", "RecordID": "68476", "Level": "4", "UserID": "S-1-5-18", "EventData.subjectName": "CN=Microsoft Corporation, O=Microsoft Corporation, L=Redmond, S=Washington, C=US"}
{"EventID": "170", "Channel": "Microsoft-Windows-AppxPackaging/Operational", "Provider_Name": "Microsoft-Windows-AppxPackagingOM", "Computer": "DESKTOP-OFJ6N53", "TimeCreated": "2025-08-20 00:21:48.463449+00:00", "RecordID": "68477", "Level": "4", "UserID": "S-1-5-18", "EventData.packageFullName": "Microsoft.MicrosoftOfficeHub_19.2508.43121.0_neutral_split.scale-125_8wekyb3d8bbwe"}
{"EventID": "216", "Channel": "Microsoft-Windows-AppxPackaging/Operational", "Provider_Name": "Microsoft-Windows-AppxPackagingOM", "Computer": "DESKTOP-OFJ6N53", "TimeCreated": "2025-08-20 01:57:29.565889+00:00", "RecordID": "68478", "Level": "3", "UserID": "S-1-5-18", "EventData.namespace": "http://schemas.microsoft.com/developer/appx/2015/build"}
{"EventID": "216", "Channel": "Microsoft-Windows-AppxPackaging/Operational", "Provider_Name": "Microsoft-Windows-AppxPackagingOM", "Computer": "DESKTOP-OFJ6N53", "TimeCreated": "2025-08-20 01:57:29.917131+00:00", "RecordID": "68479", "Level": "3", "UserID": "S-1-5-18", "EventData.namespace": "http://schemas.microsoft.com/developer/appx/2015/build"}
{"EventID": "216", "Channel": "Microsoft-Windows-AppxPackaging/Operational", "Provider_Name": "Microsoft-Windows-AppxPackagingOM", "Computer": "DESKTOP-OFJ6N53", "TimeCreated": "2025-08-20 01:57:30.189930+00:00", "RecordID": "68480", "Level": "3", "UserID": "S-1-5-18", "EventData.namespace": "http://schemas.microsoft.com/developer/appx/2015/build"}
{"EventID": "216", "Channel": "Microsoft-Windows-AppxPackaging/Operational", "Provider_Name": "Microsoft-Windows-AppxPackagingOM", "Computer": "DESKTOP-OFJ6N53", "TimeCreated": "2025-08-20 01:57:30.460836+00:00", "RecordID": "68481", "Level": "3", "UserID": "S-1-5-18", "EventData.namespace": "http://schemas.microsoft.com/developer/appx/2015/build"}
{"EventID": "216", "Channel": "Microsoft-Windows-AppxPackaging/Operational", "Provider_Name": "Microsoft-Windows-AppxPackagingOM", "Computer": "DESKTOP-OFJ6N53", "TimeCreated": "2025-08-20 01:57:30.771122+00:00", "RecordID": "68482", "Level": "3", "UserID": "S-1-5-18", "EventData.namespace": "http://schemas.microsoft.com/developer/appx/2015/build"}
{"EventID": "216", "Channel": "Microsoft-Windows-AppxPackaging/Operational", "Provider_Name": "Microsoft-Windows-AppxPackagingOM", "Computer": "DESKTOP-OFJ6N53", "TimeCreated": "2025-08-20 01:57:31.353449+00:00", "RecordID": "68483", "Level": "3", "UserID": "S-1-5-18", "EventData.namespace": "http://schemas.microsoft.com/developer/appx/2015/build"}
{"EventID": "216", "Channel": "Microsoft-Windows-AppxPackaging/Operational", "Provider_Name": "Microsoft-Windows-AppxPackagingOM", "Computer": "DESKTOP-OFJ6N53", "TimeCreated": "2025-08-20 01:57:31.583767+00:00", "RecordID": "68484", "Level": "3", "UserID": "S-1-5-18", "EventData.namespace": "http://schemas.microsoft.com/developer/appx/2015/build"}
{"EventID": "216", "Channel": "Microsoft-Windows-AppxPackaging/Operational", "Provider_Name": "Microsoft-Windows-AppxPackagingOM", "Computer": "DESKTOP-OFJ6N53", "TimeCreated": "2025-08-20 01:57:31.850475+00:00", "RecordID": "68485", "Level": "3", "UserID": "S-1-5-18", "EventData.namespace": "http://schemas.microsoft.com/developer/appx/2015/build"}
{"EventID": "216", "Channel": "Microsoft-Windows-AppxPackaging/Operational", "Provider_Name": "Microsoft-Windows-AppxPackagingOM", "Computer": "DESKTOP-OFJ6N53", "TimeCreated": "2025-08-20 01:57:32.114204+00:00", "RecordID": "68486", "Level": "3", "UserID": "S-1-5-18", "EventData.namespace": "http://schemas.microsoft.com/developer/appx/2015/build"}
{"EventID": "216", "Channel": "Microsoft-Windows-AppxPackaging/Operational", "Provider_Name": "Microsoft-Windows-AppxPackagingOM", "Computer": "DESKTOP-OFJ6N53", "TimeCreated": "2025-08-20 01:57:32.216114+00:00", "RecordID": "68487", "Level": "3", "UserID": "S-1-5-18", "EventData.namespace": "http://schemas.microsoft.com/developer/appx/2015/build"}
{"EventID": "216", "Channel": "Microsoft-Windows-AppxPackaging/Operational", "Provider_Name": "Microsoft-Windows-AppxPackagingOM", "Computer": "DESKTOP-OFJ6N53", "TimeCreated": "2025-08-20 01:57:32.216120+00:00", "RecordID": "68488", "Level": "3", "UserID": "S-1-5-18", "EventData.namespace": "http://schemas.microsoft.com/appx/manifest/mobile/windows10"}
{"EventID": "216", "Channel": "Microsoft-Windows-AppxPackaging/Operational", "Provider_Name": "Microsoft-Windows-AppxPackagingOM", "Computer": "DESKTOP-OFJ6N53", "TimeCreated": "2025-08-20 01:57:32.364725+00:00", "RecordID": "68489", "Level": "3", "UserID": "S-1-5-18", "EventData.namespace": "http://schemas.microsoft.com/developer/appx/2015/build"}
{"EventID": "216", "Channel": "Microsoft-Windows-AppxPackaging/Operational", "Provider_Name": "Microsoft-Windows-AppxPackagingOM", "Computer": "DESKTOP-OFJ6N53", "TimeCreated": "2025-08-20 01:57:32.579700+00:00", "RecordID": "68490", "Level": "3", "UserID": "S-1-5-18", "EventData.namespace": "http://schemas.microsoft.com/developer/appx/2015/build"}
{"EventID": "216", "Channel": "Microsoft-Windows-AppxPackaging/Operational", "Provider_Name": "Microsoft-Windows-AppxPackagingOM", "Computer": "DESKTOP-OFJ6N53", "TimeCreated": "2025-08-20 01:57:33.717682+00:00", "RecordID": "68491", "Level": "3", "UserID": "S-1-5-18", "EventData.namespace": "http://schemas.microsoft.com/appx/manifest/uap/windows10/7"}
{"EventID": "216", "Channel": "Microsoft-Windows-AppxPackaging/Operational", "Provider_Name": "Microsoft-Windows-AppxPackagingOM", "Computer": "DESKTOP-OFJ6N53", "TimeCreated": "2025-08-20 01:57:34.608240+00:00", "RecordID": "68492", "Level": "3", "UserID": "S-1-5-18", "EventData.namespace": "http://schemas.microsoft.com/appx/manifest/uap/windows10/3"}
{"EventID": "216", "Channel": "Microsoft-Windows-AppxPackaging/Operational", "Provider_Name": "Microsoft-Windows-AppxPackagingOM", "Computer": "DESKTOP-OFJ6N53", "TimeCreated": "2025-08-20 01:57:36.625078+00:00", "RecordID": "68493", "Level": "3", "UserID": "S-1-5-18", "EventData.namespace": "http://schemas.microsoft.com/developer/appx/2015/build"}
{"EventID": "216", "Channel": "Microsoft-Windows-AppxPackaging/Operational", "Provider_Name": "Microsoft-Windows-AppxPackagingOM", "Computer": "DESKTOP-OFJ6N53", "TimeCreated": "2025-08-20 01:57:37.297276+00:00", "RecordID": "68494", "Level": "3", "UserID": "S-1-5-18", "EventData.namespace": "http://schemas.microsoft.com/developer/appx/2015/build"}
{"EventID": "216", "Channel": "Microsoft-Windows-AppxPackaging/Operational", "Provider_Name": "Microsoft-Windows-AppxPackagingOM", "Computer": "DESKTOP-OFJ6N53", "TimeCreated": "2025-08-20 01:57:37.653879+00:00", "RecordID": "68495", "Level": "3", "UserID": "S-1-5-18", "EventData.namespace": "http://schemas.microsoft.com/developer/appx/2015/build"}
{"EventID": "216", "Channel": "Microsoft-Windows-AppxPackaging/Operational", "Provider_Name": "Microsoft-Windows-AppxPackagingOM", "Computer": "DESKTOP-OFJ6N53", "TimeCreated": "2025-08-20 01:57:37.965929+00:00", "RecordID": "68496", "Level": "3", "UserID": "S-1-5-18", "EventData.namespace": "http://schemas.microsoft.com/developer/appx/2015/build"}
{"EventID": "216", "Channel": "Microsoft-Windows-AppxPackaging/Operational", "Provider_Name": "Microsoft-Windows-AppxPackagingOM", "Computer": "DESKTOP-OFJ6N53", "TimeCreated": "2025-08-20 01:57:37.965939+00:00", "RecordID": "68497", "Level": "3", "UserID": "S-1-5-18", "EventData.namespace": "http://schemas.microsoft.com/appx/manifest/iot/windows10/2"}
{"EventID": "216", "Channel": "Microsoft-Windows-AppxPackaging/Operational", "Provider_Name": "Microsoft-Windows-AppxPackagingOM", "Computer": "DESKTOP-OFJ6N53", "TimeCreated": "2025-08-20 01:57:38.579103+00:00", "RecordID": "68498", "Level": "3", "UserID": "S-1-5-18", "EventData.namespace": "http://schemas.microsoft.com/developer/appx/2015/build"}
{"EventID": "216", "Channel": "Microsoft-Windows-AppxPackaging/Operational", "Provider_Name": "Microsoft-Windows-AppxPackagingOM", "Computer": "DESKTOP-OFJ6N53", "TimeCreated": "2025-08-20 01:57:38.789440+00:00", "RecordID": "68499", "Level": "3", "UserID": "S-1-5-18", "EventData.namespace": "http://schemas.microsoft.com/developer/appx/2015/build"}
{"EventID": "216", "Channel": "Microsoft-Windows-AppxPackaging/Operational", "Provider_Name": "Microsoft-Windows-AppxPackagingOM", "Computer": "DESKTOP-OFJ6N53", "TimeCreated": "2025-08-20 01:57:39.155960+00:00", "RecordID": "68500", "Level": "3", "UserID": "S-1-5-18", "EventData.namespace": "http://schemas.microsoft.com/developer/appx/2015/build"}
{"EventID": "216", "Channel": "Microsoft-Windows-AppxPackaging/Operational", "Provider_Name": "Microsoft-Windows-AppxPackagingOM", "Computer": "DESKTOP-OFJ6N53", "TimeCreated": "2025-08-20 01:57:39.292475+00:00", "RecordID": "68501", "Level": "3", "UserID": "S-1-5-18", "EventData.namespace": "http://schemas.microsoft.com/developer/appx/2015/build"}
{"EventID": "216", "Channel": "Microsoft-Windows-AppxPackaging/Operational", "Provider_Name": "Microsoft-Windows-AppxPackagingOM", "Computer": "DESKTOP-OFJ6N53", "TimeCreated": "2025-08-20 01:57:39.605478+00:00", "RecordID": "68502", "Level": "3", "UserID": "S-1-5-18", "EventData.namespace": "http://schemas.microsoft.com/developer/appx/2015/build"}
{"EventID": "216", "Channel": "Microsoft-Windows-AppxPackaging/Operational", "Provider_Name": "Microsoft-Windows-AppxPackagingOM", "Computer": "DESKTOP-OFJ6N53", "TimeCreated": "2025-08-20 01:57:39.769894+00:00", "RecordID": "68503", "Level": "3", "UserID": "S-1-5-18", "EventData.namespace": "http://schemas.microsoft.com/appx/manifest/iot/windows10"}
{"EventID": "216", "Channel": "Microsoft-Windows-AppxPackaging/Operational", "Provider_Name": "Microsoft-Windows-AppxPackagingOM", "Computer": "DESKTOP-OFJ6N53", "TimeCreated": "2025-08-20 01:57:39.769905+00:00", "RecordID": "68504", "Level": "3", "UserID": "S-1-5-18", "EventData.namespace": "http://schemas.microsoft.com/appx/manifest/mobile/windows10"}
{"EventID": "216", "Channel": "Microsoft-Windows-AppxPackaging/Operational", "Provider_Name": "Microsoft-Windows-AppxPackagingOM", "Computer": "DESKTOP-OFJ6N53", "TimeCreated": "2025-08-20 01:57:40.227348+00:00", "RecordID": "68505", "Level": "3", "UserID": "S-1-5-18", "EventData.namespace": "http://schemas.microsoft.com/developer/appx/2015/build"}
{"EventID": "216", "Channel": "Microsoft-Windows-AppxPackaging/Operational", "Provider_Name": "Microsoft-Windows-AppxPackagingOM", "Computer": "DESKTOP-OFJ6N53", "TimeCreated": "2025-08-20 01:57:40.488174+00:00", "RecordID": "68506", "Level": "3", "UserID": "S-1-5-18", "EventData.namespace": "http://schemas.microsoft.com/developer/appx/2015/build"}
{"EventID": "216", "Channel": "Microsoft-Windows-AppxPackaging/Operational", "Provider_Name": "Microsoft-Windows-AppxPackagingOM", "Computer": "DESKTOP-OFJ6N53", "TimeCreated": "2025-08-20 01:57:40.947975+00:00", "RecordID": "68507", "Level": "3", "UserID": "S-1-5-18", "EventData.namespace": "http://schemas.microsoft.com/developer/appx/2015/build"}
{"EventID": "216", "Channel": "Microsoft-Windows-AppxPackaging/Operational", "Provider_Name": "Microsoft-Windows-AppxPackagingOM", "Computer": "DESKTOP-OFJ6N53", "TimeCreated": "2025-08-20 01:57:41.068188+00:00", "RecordID": "68508", "Level": "3", "UserID": "S-1-5-18", "EventData.namespace": "http://schemas.microsoft.com/developer/appx/2015/build"}
{"EventID": "216", "Channel": "Microsoft-Windows-AppxPackaging/Operational", "Provider_Name": "Microsoft-Windows-AppxPackagingOM", "Computer": "DESKTOP-OFJ6N53", "TimeCreated": "2025-08-20 01:57:41.269217+00:00", "RecordID": "68509", "Level": "3", "UserID": "S-1-5-18", "EventData.namespace": "http://schemas.microsoft.com/appx/manifest/virtualization/windows10"}
{"EventID": "216", "Channel": "Microsoft-Windows-AppxPackaging/Operational", "Provider_Name": "Microsoft-Windows-AppxPackagingOM", "Computer": "DESKTOP-OFJ6N53", "TimeCreated": "2025-08-20 01:57:41.464813+00:00", "RecordID": "68510", "Level": "3", "UserID": "S-1-5-18", "EventData.namespace": "http://schemas.microsoft.com/developer/appx/2015/build"}
{"EventID": "216", "Channel": "Microsoft-Windows-AppxPackaging/Operational", "Provider_Name": "Microsoft-Windows-AppxPackagingOM", "Computer": "DESKTOP-OFJ6N53", "TimeCreated": "2025-08-20 01:57:41.698776+00:00", "RecordID": "68511", "Level": "3", "UserID": "S-1-5-18", "EventData.namespace": "http://schemas.microsoft.com/developer/appx/2015/build"}
{"EventID": "216", "Channel": "Microsoft-Windows-AppxPackaging/Operational", "Provider_Name": "Microsoft-Windows-AppxPackagingOM", "Computer": "DESKTOP-OFJ6N53", "TimeCreated": "2025-08-20 01:57:41.832720+00:00", "RecordID": "68512", "Level": "3", "UserID": "S-1-5-18", "EventData.namespace": "http://schemas.microsoft.com/developer/appx/2015/build"}
{"EventID": "216", "Channel": "Microsoft-Windows-AppxPackaging/Operational", "Provider_Name": "Microsoft-Windows-AppxPackagingOM", "Computer": "DESKTOP-OFJ6N53", "TimeCreated": "2025-08-20 01:57:41.832743+00:00", "RecordID": "68513", "Level": "3", "UserID": "S-1-5-18", "EventData.namespace": "http://schemas.microsoft.com/appx/manifest/desktop/windows10/9"}
{"EventID": "216", "Channel": "Microsoft-Windows-AppxPackaging/Operational", "Provider_Name": "Microsoft-Windows-AppxPackagingOM", "Computer": "DESKTOP-OFJ6N53", "TimeCreated": "2025-08-20 01:57:42.301495+00:00", "RecordID": "68514", "Level": "3", "UserID": "S-1-5-18", "EventData.namespace": "http://schemas.microsoft.com/developer/appx/2015/build"}
{"EventID": "216", "Channel": "Microsoft-Windows-AppxPackaging/Operational", "Provider_Name": "Microsoft-Windows-AppxPackagingOM", "Computer": "DESKTOP-OFJ6N53", "TimeCreated": "2025-08-20 01:57:42.437593+00:00", "RecordID": "68515", "Level": "3", "UserID": "S-1-5-18", "EventData.namespace": "http://schemas.microsoft.com/developer/appx/2015/build"}
{"EventID": "216", "Channel": "Microsoft-Windows-AppxPackaging/Operational", "Provider_Name": "Microsoft-Windows-AppxPackagingOM", "Computer": "DESKTOP-OFJ6N53", "TimeCreated": "2025-08-20 01:57:42.800180+00:00", "RecordID": "68516", "Level": "3", "UserID": "S-1-5-18", "EventData.namespace": "http://schemas.microsoft.com/appx/manifest/uap/windows10/17"}
{"EventID": "216", "Channel": "Microsoft-Windows-AppxPackaging/Operational", "Provider_Name": "Microsoft-Windows-AppxPackagingOM", "Computer": "DESKTOP-OFJ6N53", "TimeCreated": "2025-08-20 01:57:43.266447+00:00", "RecordID": "68517", "Level": "3", "UserID": "S-1-5-18", "EventData.namespace": "http://schemas.microsoft.com/developer/appx/2015/build"}
{"EventID": "216", "Channel": "Microsoft-Windows-AppxPackaging/Operational", "Provider_Name": "Microsoft-Windows-AppxPackagingOM", "Computer": "DESKTOP-OFJ6N53", "TimeCreated": "2025-08-20 01:57:43.266474+00:00", "RecordID": "68518", "Level": "3", "UserID": "S-1-5-18", "EventData.namespace": "http://schemas.microsoft.com/appx/manifest/desktop/windows10/11"}
{"EventID": "216", "Channel": "Microsoft-Windows-AppxPackaging/Operational", "Provider_Name": "Microsoft-Windows-AppxPackagingOM", "Computer": "DESKTOP-OFJ6N53", "TimeCreated": "2025-08-20 01:57:43.524635+00:00", "RecordID": "68519", "Level": "3", "UserID": "S-1-5-18", "EventData.namespace": "http://schemas.microsoft.com/developer/appx/2015/build"}
{"EventID": "216", "Channel": "Microsoft-Windows-AppxPackaging/Operational", "Provider_Name": "Microsoft-Windows-AppxPackagingOM", "Computer": "DESKTOP-OFJ6N53", "TimeCreated": "2025-08-20 01:57:43.881475+00:00", "RecordID": "68520", "Level": "3", "UserID": "S-1-5-18", "EventData.namespace": "http://schemas.microsoft.com/developer/appx/2015/build"}
{"EventID": "216", "Channel": "Microsoft-Windows-AppxPackaging/Operational", "Provider_Name": "Microsoft-Windows-AppxPackagingOM", "Computer": "DESKTOP-OFJ6N53", "TimeCreated": "2025-08-20 01:57:44.320934+00:00", "RecordID": "68521", "Level": "3", "UserID": "S-1-5-18", "EventData.namespace": "http://schemas.microsoft.com/developer/appx/2015/build"}
{"EventID": "216", "Channel": "Microsoft-Windows-AppxPackaging/Operational", "Provider_Name": "Microsoft-Windows-AppxPackagingOM", "Computer": "DESKTOP-OFJ6N53", "TimeCreated": "2025-08-20 01:57:44.587265+00:00", "RecordID": "68522", "Level": "3", "UserID": "S-1-5-18", "EventData.namespace": "http://schemas.microsoft.com/developer/appx/2015/build"}
{"EventID": "216", "Channel": "Microsoft-Windows-AppxPackaging/Operational", "Provider_Name": "Microsoft-Windows-AppxPackagingOM", "Computer": "DESKTOP-OFJ6N53", "TimeCreated": "2025-08-20 01:57:44.760685+00:00", "RecordID": "68523", "Level": "3", "UserID": "S-1-5-18", "EventData.namespace": "http://schemas.microsoft.com/developer/appx/2015/build"}
{"EventID": "216", "Channel": "Microsoft-Windows-AppxPackaging/Operational", "Provider_Name": "Microsoft-Windows-AppxPackagingOM", "Computer": "DESKTOP-OFJ6N53", "TimeCreated": "2025-08-20 01:57:44.760727+00:00", "RecordID": "68524", "Level": "3", "UserID": "S-1-5-18", "EventData.namespace": "http://schemas.microsoft.com/appx/manifest/uap/windows10/13"}
{"EventID": "216", "Channel": "Microsoft-Windows-AppxPackaging/Operational", "Provider_Name": "Microsoft-Windows-AppxPackagingOM", "Computer": "DESKTOP-OFJ6N53", "TimeCreated": "2025-08-20 01:57:44.760744+00:00", "RecordID": "68525", "Level": "3", "UserID": "S-1-5-18", "EventData.namespace": "http://schemas.microsoft.com/appx/manifest/virtualization/windows10"}
{"EventID": "216", "Channel": "Microsoft-Windows-AppxPackaging/Operational", "Provider_Name": "Microsoft-Windows-AppxPackagingOM", "Computer": "DESKTOP-OFJ6N53", "TimeCreated": "2025-08-20 01:57:44.959690+00:00", "RecordID": "68526", "Level": "3", "UserID": "S-1-5-18", "EventData.namespace": "http://schemas.microsoft.com/developer/appx/2015/build"}
{"EventID": "216", "Channel": "Microsoft-Windows-AppxPackaging/Operational", "Provider_Name": "Microsoft-Windows-AppxPackagingOM", "Computer": "DESKTOP-OFJ6N53", "TimeCreated": "2025-08-20 01:57:45.197296+00:00", "RecordID": "68527", "Level": "3", "UserID": "S-1-5-18", "EventData.namespace": "http://schemas.microsoft.com/developer/appx/2015/build"}
{"EventID": "216", "Channel": "Microsoft-Windows-AppxPackaging/Operational", "Provider_Name": "Microsoft-Windows-AppxPackagingOM", "Computer": "DESKTOP-OFJ6N53", "TimeCreated": "2025-08-20 01:57:45.426405+00:00", "RecordID": "68528", "Level": "3", "UserID": "S-1-5-18", "EventData.namespace": "http://schemas.microsoft.com/developer/appx/2015/build"}
