{"EventID": "1009", "Channel": "Microsoft-Windows-SMBServer/Security", "Provider_Name": "Microsoft-Windows-SMBServer", "Computer": "DESKTOP-OFJ6N53", "TimeCreated": "2024-09-02 04:40:38.292496+00:00", "RecordID": "14351", "Level": "2", "UserID": "S-1-5-18"}
{"EventID": "551", "Channel": "Microsoft-Windows-SMBServer/Security", "Provider_Name": "Microsoft-Windows-SMBServer", "Computer": "DESKTOP-OFJ6N53", "TimeCreated": "2024-09-02 04:40:38.292500+00:00", "RecordID": "14352", "Level": "2", "UserID": "S-1-5-18"}
{"EventID": "1009", "Channel": "Microsoft-Windows-SMBServer/Security", "Provider_Name": "Microsoft-Windows-SMBServer", "Computer": "DESKTOP-OFJ6N53", "TimeCreated": "2024-09-02 05:40:40.209835+00:00", "RecordID": "14353", "Level": "2", "UserID": "S-1-5-18"}
{"EventID": "551", "Channel": "Microsoft-Windows-SMBServer/Security", "Provider_Name": "Microsoft-Windows-SMBServer", "Computer": "DESKTOP-OFJ6N53", "TimeCreated": "2024-09-02 05:40:40.209837+00:00", "RecordID": "14354", "Level": "2", "UserID": "S-1-5-18"}
{"EventID": "551", "Channel": "Microsoft-Windows-SMBServer/Security", "Provider_Name": "Microsoft-Windows-SMBServer", "Computer": "DESKTOP-OFJ6N53", "TimeCreated": "2024-09-02 06:13:23.143261+00:00", "RecordID": "14355", "Level": "2", "UserID": "S-1-5-18"}
{"EventID": "1009", "Channel": "Microsoft-Windows-SMBServer/Security", "Provider_Name": "Microsoft-Windows-SMBServer", "Computer": "DESKTOP-OFJ6N53", "TimeCreated": "2024-09-02 06:40:40.511669+00:00", "RecordID": "14356", "Level": "2", "UserID": "S-1-5-18"}
{"EventID": "551", "Channel": "Microsoft-Windows-SMBServer/Security", "Provider_Name": "Microsoft-Windows-SMBServer", "Computer": "DESKTOP-OFJ6N53", "TimeCreated": "2024-09-02 06:40:40.511673+00:00", "RecordID": "14357", "Level": "2", "UserID": "S-1-5-18"}
{"EventID": "551", "Channel": "Microsoft-Windows-SMBServer/Security", "Provider_Name": "Microsoft-Windows-SMBServer", "Computer": "DESKTOP-OFJ6N53", "TimeCreated": "2024-09-02 07:13:23.330170+00:00", "RecordID": "14358", "Level": "2", "UserID": "S-1-5-18"}
{"EventID": "1009", "Channel": "Microsoft-Windows-SMBServer/Security", "Provider_Name": "Microsoft-Windows-SMBServer", "Computer": "DESKTOP-OFJ6N53", "TimeCreated": "2024-09-02 07:40:39.602255+00:00", "RecordID": "14359", "Level": "2", "UserID": "S-1-5-18"}
{"EventID": "551", "Channel": "Microsoft-Windows-SMBServer/Security", "Provider_Name": "Microsoft-Windows-SMBServer", "Computer": "DESKTOP-OFJ6N53", "TimeCreated": "2024-09-02 07:40:39.602257+00:00", "RecordID": "14360", "Level": "2", "UserID": "S-1-5-18"}
{"EventID": "551", "Channel": "Microsoft-Windows-SMBServer/Security", "Provider_Name": "Microsoft-Windows-SMBServer", "Computer": "DESKTOP-OFJ6N53", "TimeCreated": "2024-09-02 08:13:23.794226+00:00", "RecordID": "14361", "Level": "2", "UserID": "S-1-5-18"}
{"EventID": "1009", "Channel": "Microsoft-Windows-SMBServer/Security", "Provider_Name": "Microsoft-Windows-SMBServer", "Computer": "DESKTOP-OFJ6N53", "TimeCreated": "2024-09-02 08:40:41.063187+00:00", "RecordID": "14362", "Level": "2", "UserID": "S-1-5-18"}
{"EventID": "551", "Channel": "Microsoft-Windows-SMBServer/Security", "Provider_Name": "Microsoft-Windows-SMBServer", "Computer": "DESKTOP-OFJ6N53", "TimeCreated": "2024-09-02 08:40:41.063190+00:00", "RecordID": "14363", "Level": "2", "UserID": "S-1-5-18"}
{"EventID": "551", "Channel": "Microsoft-Windows-SMBServer/Security", "Provider_Name": "Microsoft-Windows-SMBServer", "Computer": "DESKTOP-OFJ6N53", "TimeCreated": "2024-09-02 08:51:28.605927+00:00", "RecordID": "14364", "Level": "2", "UserID": "S-1-5-18"}
{"EventID": "551", "Channel": "Microsoft-Windows-SMBServer/Security", "Provider_Name": "Microsoft-Windows-SMBServer", "Computer": "DESKTOP-OFJ6N53", "TimeCreated": "2024-09-02 08:51:28.612700+00:00", "RecordID": "14365", "Level": "2", "UserID": "S-1-5-18"}
{"EventID": "551", "Channel": "Microsoft-Windows-SMBServer/Security", "Provider_Name": "Microsoft-Windows-SMBServer", "Computer": "DESKTOP-OFJ6N53", "TimeCreated": "2024-09-02 08:51:28.619020+00:00", "RecordID": "14366", "Level": "2", "UserID": "S-1-5-18"}
{"EventID": "551", "Channel": "Microsoft-Windows-SMBServer/Security", "Provider_Name": "Microsoft-Windows-SMBServer", "Computer": "DESKTOP-OFJ6N53", "TimeCreated": "2024-09-02 09:13:22.871115+00:00", "RecordID": "14367", "Level": "2", "UserID": "S-1-5-18"}
{"EventID": "1009", "Channel": "Microsoft-Windows-SMBServer/Security", "Provider_Name": "Microsoft-Windows-SMBServer", "Computer": "DESKTOP-OFJ6N53", "TimeCreated": "2024-09-02 10:03:38.284758+00:00", "RecordID": "14368", "Level": "2", "UserID": "S-1-5-18"}
{"EventID": "551", "Channel": "Microsoft-Windows-SMBServer/Security", "Provider_Name": "Microsoft-Windows-SMBServer", "Computer": "DESKTOP-OFJ6N53", "TimeCreated": "2024-09-02 10:03:38.284761+00:00", "RecordID": "14369", "Level": "2", "UserID": "S-1-5-18"}
{"EventID": "1009", "Channel": "Microsoft-Windows-SMBServer/Security", "Provider_Name": "Microsoft-Windows-SMBServer", "Computer": "DESKTOP-OFJ6N53", "TimeCreated": "2024-09-02 10:04:34.075306+00:00", "RecordID": "14370", "Level": "2", "UserID": "S-1-5-18"}
{"EventID": "551", "Channel": "Microsoft-Windows-SMBServer/Security", "Provider_Name": "Microsoft-Windows-SMBServer", "Computer": "DESKTOP-OFJ6N53", "TimeCreated": "2024-09-02 10:04:34.075310+00:00", "RecordID": "14371", "Level": "2", "UserID": "S-1-5-18"}
{"EventID": "551", "Channel": "Microsoft-Windows-SMBServer/Security", "Provider_Name": "Microsoft-Windows-SMBServer", "Computer": "DESKTOP-OFJ6N53", "TimeCreated": "2024-09-02 10:17:20.459900+00:00", "RecordID": "14372", "Level": "2", "UserID": "S-1-5-18"}
{"EventID": "1009", "Channel": "Microsoft-Windows-SMBServer/Security", "Provider_Name": "Microsoft-Windows-SMBServer", "Computer": "DESKTOP-OFJ6N53", "TimeCreated": "2024-09-02 10:44:34.688614+00:00", "RecordID": "14373", "Level": "2", "UserID": "S-1-5-18"}
{"EventID": "551", "Channel": "Microsoft-Windows-SMBServer/Security", "Provider_Name": "Microsoft-Windows-SMBServer", "Computer": "DESKTOP-OFJ6N53", "TimeCreated": "2024-09-02 10:44:34.688616+00:00", "RecordID": "14374", "Level": "2", "UserID": "S-1-5-18"}
{"EventID": "551", "Channel": "Microsoft-Windows-SMBServer/Security", "Provider_Name": "Microsoft-Windows-SMBServer", "Computer": "DESKTOP-OFJ6N53", "TimeCreated": "2024-09-02 11:03:56.528225+00:00", "RecordID": "14375", "Level": "2", "UserID": "S-1-5-18"}
{"EventID": "551", "Channel": "Microsoft-Windows-SMBServer/Security", "Provider_Name": "Microsoft-Windows-SMBServer", "Computer": "DESKTOP-OFJ6N53", "TimeCreated": "2024-09-02 11:04:52.687290+00:00", "RecordID": "14376", "Level": "2", "UserID": "S-1-5-18"}
{"EventID": "1009", "Channel": "Microsoft-Windows-SMBServer/Security", "Provider_Name": "Microsoft-Windows-SMBServer", "Computer": "DESKTOP-OFJ6N53", "TimeCreated": "2024-09-02 11:44:34.217508+00:00", "RecordID": "14377", "Level": "2", "UserID": "S-1-5-18"}
{"EventID": "551", "Channel": "Microsoft-Windows-SMBServer/Security", "Provider_Name": "Microsoft-Windows-SMBServer", "Computer": "DESKTOP-OFJ6N53", "TimeCreated": "2024-09-02 11:44:34.217512+00:00", "RecordID": "14378", "Level": "2", "UserID": "S-1-5-18"}
{"EventID": "551", "Channel": "Microsoft-Windows-SMBServer/Security", "Provider_Name": "Microsoft-Windows-SMBServer", "Computer": "DESKTOP-OFJ6N53", "TimeCreated": "2024-09-02 12:14:13.899923+00:00", "RecordID": "14379", "Level": "2", "UserID": "S-1-5-18"}
{"EventID": "1009", "Channel": "Microsoft-Windows-SMBServer/Security", "Provider_Name": "Microsoft-Windows-SMBServer", "Computer": "DESKTOP-OFJ6N53", "TimeCreated": "2024-09-02 12:41:27.824947+00:00", "RecordID": "14380", "Level": "2", "UserID": "S-1-5-18"}
{"EventID": "551", "Channel": "Microsoft-Windows-SMBServer/Security", "Provider_Name": "Microsoft-Windows-SMBServer", "Computer": "DESKTOP-OFJ6N53", "TimeCreated": "2024-09-02 12:41:27.824949+00:00", "RecordID": "14381", "Level": "2", "UserID": "S-1-5-18"}
{"EventID": "551", "Channel": "Microsoft-Windows-SMBServer/Security", "Provider_Name": "Microsoft-Windows-SMBServer", "Computer": "DESKTOP-OFJ6N53", "TimeCreated": "2024-09-02 13:14:10.753069+00:00", "RecordID": "14382", "Level": "2", "UserID": "S-1-5-18"}
{"EventID": "1009", "Channel": "Microsoft-Windows-SMBServer/Security", "Provider_Name": "Microsoft-Windows-SMBServer", "Computer": "DESKTOP-OFJ6N53", "TimeCreated": "2024-09-02 13:41:25.005491+00:00", "RecordID": "14383", "Level": "2", "UserID": "S-1-5-18"}
{"EventID": "551", "Channel": "Microsoft-Windows-SMBServer/Security", "Provider_Name": "Microsoft-Windows-SMBServer", "Computer": "DESKTOP-OFJ6N53", "TimeCreated": "2024-09-02 13:41:25.005503+00:00", "RecordID": "14384", "Level": "2", "UserID": "S-1-5-18"}
{"EventID": "551", "Channel": "Microsoft-Windows-SMBServer/Security", "Provider_Name": "Microsoft-Windows-SMBServer", "Computer": "DESKTOP-OFJ6N53", "TimeCreated": "2024-09-02 14:14:10.545645+00:00", "RecordID": "14385", "Level": "2", "UserID": "S-1-5-18"}
{"EventID": "1009", "Channel": "Microsoft-Windows-SMBServer/Security", "Provider_Name": "Microsoft-Windows-SMBServer", "Computer": "DESKTOP-OFJ6N53", "TimeCreated": "2024-09-02 14:41:26.538458+00:00", "RecordID": "14386", "Level": "2", "UserID": "S-1-5-18"}
{"EventID": "551", "Channel": "Microsoft-Windows-SMBServer/Security", "Provider_Name": "Microsoft-Windows-SMBServer", "Computer": "DESKTOP-OFJ6N53", "TimeCreated": "2024-09-02 14:41:26.538460+00:00", "RecordID": "14387", "Level": "2", "UserID": "S-1-5-18"}
{"EventID": "551", "Channel": "Microsoft-Windows-SMBServer/Security", "Provider_Name": "Microsoft-Windows-SMBServer", "Computer": "DESKTOP-OFJ6N53", "TimeCreated": "2024-09-02 15:14:11.907690+00:00", "RecordID": "14388", "Level": "2", "UserID": "S-1-5-18"}
{"EventID": "1009", "Channel": "Microsoft-Windows-SMBServer/Security", "Provider_Name": "Microsoft-Windows-SMBServer", "Computer": "DESKTOP-OFJ6N53", "TimeCreated": "2024-09-02 15:41:25.611197+00:00", "RecordID": "14389", "Level": "2", "UserID": "S-1-5-18"}
{"EventID": "551", "Channel": "Microsoft-Windows-SMBServer/Security", "Provider_Name": "Microsoft-Windows-SMBServer", "Computer": "DESKTOP-OFJ6N53", "TimeCreated": "2024-09-02 15:41:25.611200+00:00", "RecordID": "14390", "Level": "2", "UserID": "S-1-5-18"}
{"EventID": "551", "Channel": "Microsoft-Windows-SMBServer/Security", "Provider_Name": "Microsoft-Windows-SMBServer", "Computer": "DESKTOP-OFJ6N53", "TimeCreated": "2024-09-02 15:51:30.042751+00:00", "RecordID": "14391", "Level": "2", "UserID": "S-1-5-18"}
{"EventID": "551", "Channel": "Microsoft-Windows-SMBServer/Security", "Provider_Name": "Microsoft-Windows-SMBServer", "Computer": "DESKTOP-OFJ6N53", "TimeCreated": "2024-09-02 15:51:30.049383+00:00", "RecordID": "14392", "Level": "2", "UserID": "S-1-5-18"}
{"EventID": "551", "Channel": "Microsoft-Windows-SMBServer/Security", "Provider_Name": "Microsoft-Windows-SMBServer", "Computer": "DESKTOP-OFJ6N53", "TimeCreated": "2024-09-02 15:51:30.056368+00:00", "RecordID": "14393", "Level": "2", "UserID": "S-1-5-18"}
{"EventID": "551", "Channel": "Microsoft-Windows-SMBServer/Security", "Provider_Name": "Microsoft-Windows-SMBServer", "Computer": "DESKTOP-OFJ6N53", "TimeCreated": "2024-09-02 16:14:12.182171+00:00", "RecordID": "14394", "Level": "2", "UserID": "S-1-5-18"}
{"EventID": "1009", "Channel": "Microsoft-Windows-SMBServer/Security", "Provider_Name": "Microsoft-Windows-SMBServer", "Computer": "DESKTOP-OFJ6N53", "TimeCreated": "2024-09-02 16:41:27.776556+00:00", "RecordID": "14395", "Level": "2", "UserID": "S-1-5-18"}
{"EventID": "551", "Channel": "Microsoft-Windows-SMBServer/Security", "Provider_Name": "Microsoft-Windows-SMBServer", "Computer": "DESKTOP-OFJ6N53", "TimeCreated": "2024-09-02 16:41:27.776560+00:00", "RecordID": "14396", "Level": "2", "UserID": "S-1-5-18"}
{"EventID": "1009", "Channel": "Microsoft-Windows-SMBServer/Security", "Provider_Name": "Microsoft-Windows-SMBServer", "Computer": "DESKTOP-OFJ6N53", "TimeCreated": "2024-09-02 17:03:40.800938+00:00", "RecordID": "14397", "Level": "2", "UserID": "S-1-5-18"}
{"EventID": "551", "Channel": "Microsoft-Windows-SMBServer/Security", "Provider_Name": "Microsoft-Windows-SMBServer", "Computer": "DESKTOP-OFJ6N53", "TimeCreated": "2024-09-02 17:03:40.800940+00:00", "RecordID": "14398", "Level": "2", "UserID": "S-1-5-18"}
{"EventID": "1009", "Channel": "Microsoft-Windows-SMBServer/Security", "Provider_Name": "Microsoft-Windows-SMBServer", "Computer": "DESKTOP-OFJ6N53", "TimeCreated": "2024-09-02 17:04:36.422070+00:00", "RecordID": "14399", "Level": "2", "UserID": "S-1-5-18"}
{"EventID": "551", "Channel": "Microsoft-Windows-SMBServer/Security", "Provider_Name": "Microsoft-Windows-SMBServer", "Computer": "DESKTOP-OFJ6N53", "TimeCreated": "2024-09-02 17:04:36.422071+00:00", "RecordID": "14400", "Level": "2", "UserID": "S-1-5-18"}
{"EventID": "551", "Channel": "Microsoft-Windows-SMBServer/Security", "Provider_Name": "Microsoft-Windows-SMBServer", "Computer": "DESKTOP-OFJ6N53", "TimeCreated": "2024-09-02 17:14:13.184313+00:00", "RecordID": "14401", "Level": "2", "UserID": "S-1-5-18"}
{"EventID": "1009", "Channel": "Microsoft-Windows-SMBServer/Security", "Provider_Name": "Microsoft-Windows-SMBServer", "Computer": "DESKTOP-OFJ6N53", "TimeCreated": "2024-09-02 17:41:27.597033+00:00", "RecordID": "14402", "Level": "2", "UserID": "S-1-5-18"}
{"EventID": "551", "Channel": "Microsoft-Windows-SMBServer/Security", "Provider_Name": "Microsoft-Windows-SMBServer", "Computer": "DESKTOP-OFJ6N53", "TimeCreated": "2024-09-02 17:41:27.597034+00:00", "RecordID": "14403", "Level": "2", "UserID": "S-1-5-18"}
{"EventID": "551", "Channel": "Microsoft-Windows-SMBServer/Security", "Provider_Name": "Microsoft-Windows-SMBServer", "Computer": "DESKTOP-OFJ6N53", "TimeCreated": "2024-09-02 18:03:55.863434+00:00", "RecordID": "14404", "Level": "2", "UserID": "S-1-5-18"}
{"EventID": "551", "Channel": "Microsoft-Windows-SMBServer/Security", "Provider_Name": "Microsoft-Windows-SMBServer", "Computer": "DESKTOP-OFJ6N53", "TimeCreated": "2024-09-02 18:04:52.046915+00:00", "RecordID": "14405", "Level": "2", "UserID": "S-1-5-18"}
{"EventID": "551", "Channel": "Microsoft-Windows-SMBServer/Security", "Provider_Name": "Microsoft-Windows-SMBServer", "Computer": "DESKTOP-OFJ6N53", "TimeCreated": "2024-09-02 18:14:13.859474+00:00", "RecordID": "14406", "Level": "2", "UserID": "S-1-5-18"}
{"EventID": "1009", "Channel": "Microsoft-Windows-SMBServer/Security", "Provider_Name": "Microsoft-Windows-SMBServer", "Computer": "DESKTOP-OFJ6N53", "TimeCreated": "2024-09-02 18:41:28.433004+00:00", "RecordID": "14407", "Level": "2", "UserID": "S-1-5-18"}
{"EventID": "551", "Channel": "Microsoft-Windows-SMBServer/Security", "Provider_Name": "Microsoft-Windows-SMBServer", "Computer": "DESKTOP-OFJ6N53", "TimeCreated": "2024-09-02 18:41:28.433008+00:00", "RecordID": "14408", "Level": "2", "UserID": "S-1-5-18"}
{"EventID": "551", "Channel": "Microsoft-Windows-SMBServer/Security", "Provider_Name": "Microsoft-Windows-SMBServer", "Computer": "DESKTOP-OFJ6N53", "TimeCreated": "2024-09-02 19:14:13.582644+00:00", "RecordID": "14409", "Level": "2", "UserID": "S-1-5-18"}
{"EventID": "1009", "Channel": "Microsoft-Windows-SMBServer/Security", "Provider_Name": "Microsoft-Windows-SMBServer", "Computer": "DESKTOP-OFJ6N53", "TimeCreated": "2024-09-02 19:41:29.184208+00:00", "RecordID": "14410", "Level": "2", "UserID": "S-1-5-18"}
{"EventID": "551", "Channel": "Microsoft-Windows-SMBServer/Security", "Provider_Name": "Microsoft-Windows-SMBServer", "Computer": "DESKTOP-OFJ6N53", "TimeCreated": "2024-09-02 19:41:29.184210+00:00", "RecordID": "14411", "Level": "2", "UserID": "S-1-5-18"}
{"EventID": "1009", "Channel": "Microsoft-Windows-SMBServer/Security", "Provider_Name": "Microsoft-Windows-SMBServer", "Computer": "DESKTOP-OFJ6N53", "TimeCreated": "2024-09-02 20:41:29.940649+00:00", "RecordID": "14412", "Level": "2", "UserID": "S-1-5-18"}
{"EventID": "551", "Channel": "Microsoft-Windows-SMBServer/Security", "Provider_Name": "Microsoft-Windows-SMBServer", "Computer": "DESKTOP-OFJ6N53", "TimeCreated": "2024-09-02 20:41:29.940668+00:00", "RecordID": "14413", "Level": "2", "UserID": "S-1-5-18"}
{"EventID": "551", "Channel": "Microsoft-Windows-SMBServer/Security", "Provider_Name": "Microsoft-Windows-SMBServer", "Computer": "DESKTOP-OFJ6N53", "TimeCreated": "2024-09-02 21:14:14.688734+00:00", "RecordID": "14414", "Level": "2", "UserID": "S-1-5-18"}
{"EventID": "1009", "Channel": "Microsoft-Windows-SMBServer/Security", "Provider_Name": "Microsoft-Windows-SMBServer", "Computer": "DESKTOP-OFJ6N53", "TimeCreated": "2024-09-02 21:41:30.780842+00:00", "RecordID": "14415", "Level": "2", "UserID": "S-1-5-18"}
{"EventID": "551", "Channel": "Microsoft-Windows-SMBServer/Security", "Provider_Name": "Microsoft-Windows-SMBServer", "Computer": "DESKTOP-OFJ6N53", "TimeCreated": "2024-09-02 21:41:30.780846+00:00", "RecordID": "14416", "Level": "2", "UserID": "S-1-5-18"}
{"EventID": "551", "Channel": "Microsoft-Windows-SMBServer/Security", "Provider_Name": "Microsoft-Windows-SMBServer", "Computer": "DESKTOP-OFJ6N53", "TimeCreated": "2024-09-02 22:14:16.361868+00:00", "RecordID": "14417", "Level": "2", "UserID": "S-1-5-18"}
{"EventID": "551", "Channel": "Microsoft-Windows-SMBServer/Security", "Provider_Name": "Microsoft-Windows-SMBServer", "Computer": "DESKTOP-OFJ6N53", "TimeCreated": "2024-09-02 22:51:30.548809+00:00", "RecordID": "14418", "Level": "2", "UserID": "S-1-5-18"}
{"EventID": "551", "Channel": "Microsoft-Windows-SMBServer/Security", "Provider_Name": "Microsoft-Windows-SMBServer", "Computer": "DESKTOP-OFJ6N53", "TimeCreated": "2024-09-02 22:51:30.554497+00:00", "RecordID": "14419", "Level": "2", "UserID": "S-1-5-18"}
{"EventID": "551", "Channel": "Microsoft-Windows-SMBServer/Security", "Provider_Name": "Microsoft-Windows-SMBServer", "Computer": "DESKTOP-OFJ6N53", "TimeCreated": "2024-09-02 22:51:30.559626+00:00", "RecordID": "14420", "Level": "2", "UserID": "S-1-5-18"}
{"EventID": "551", "Channel": "Microsoft-Windows-SMBServer/Security", "Provider_Name": "Microsoft-Windows-SMBServer", "Computer": "DESKTOP-OFJ6N53", "TimeCreated": "2024-09-02 23:02:45.328835+00:00", "RecordID": "14421", "Level": "2", "UserID": "S-1-5-18"}
{"EventID": "551", "Channel": "Microsoft-Windows-SMBServer/Security", "Provider_Name": "Microsoft-Windows-SMBServer", "Computer": "DESKTOP-OFJ6N53", "TimeCreated": "2024-09-02 23:03:42.415638+00:00", "RecordID": "14422", "Level": "2", "UserID": "S-1-5-18"}
{"EventID": "551", "Channel": "Microsoft-Windows-SMBServer/Security", "Provider_Name": "Microsoft-Windows-SMBServer", "Computer": "DESKTOP-OFJ6N53", "TimeCreated": "2024-09-02 23:14:16.679226+00:00", "RecordID": "14423", "Level": "2", "UserID": "S-1-5-18"}
{"EventID": "1009", "Channel": "Microsoft-Windows-SMBServer/Security", "Provider_Name": "Microsoft-Windows-SMBServer", "Computer": "DESKTOP-OFJ6N53", "TimeCreated": "2024-09-03 00:04:37.367443+00:00", "RecordID": "14424", "Level": "2", "UserID": "S-1-5-18"}
{"EventID": "551", "Channel": "Microsoft-Windows-SMBServer/Security", "Provider_Name": "Microsoft-Windows-SMBServer", "Computer": "DESKTOP-OFJ6N53", "TimeCreated": "2024-09-03 00:04:37.367445+00:00", "RecordID": "14425", "Level": "2", "UserID": "S-1-5-18"}
{"EventID": "551", "Channel": "Microsoft-Windows-SMBServer/Security", "Provider_Name": "Microsoft-Windows-SMBServer", "Computer": "DESKTOP-OFJ6N53", "TimeCreated": "2024-09-03 00:14:16.657610+00:00", "RecordID": "14426", "Level": "2", "UserID": "S-1-5-18"}
{"EventID": "1009", "Channel": "Microsoft-Windows-SMBServer/Security", "Provider_Name": "Microsoft-Windows-SMBServer", "Computer": "DESKTOP-OFJ6N53", "TimeCreated": "2024-09-03 00:41:33.394634+00:00", "RecordID": "14427", "Level": "2", "UserID": "S-1-5-18"}
{"EventID": "551", "Channel": "Microsoft-Windows-SMBServer/Security", "Provider_Name": "Microsoft-Windows-SMBServer", "Computer": "DESKTOP-OFJ6N53", "TimeCreated": "2024-09-03 00:41:33.394636+00:00", "RecordID": "14428", "Level": "2", "UserID": "S-1-5-18"}
{"EventID": "551", "Channel": "Microsoft-Windows-SMBServer/Security", "Provider_Name": "Microsoft-Windows-SMBServer", "Computer": "DESKTOP-OFJ6N53", "TimeCreated": "2024-09-03 01:14:17.547308+00:00", "RecordID": "14429", "Level": "2", "UserID": "S-1-5-18"}
{"EventID": "1009", "Channel": "Microsoft-Windows-SMBServer/Security", "Provider_Name": "Microsoft-Windows-SMBServer", "Computer": "DESKTOP-OFJ6N53", "TimeCreated": "2024-09-03 01:41:32.077896+00:00", "RecordID": "14430", "Level": "2", "UserID": "S-1-5-18"}
{"EventID": "551", "Channel": "Microsoft-Windows-SMBServer/Security", "Provider_Name": "Microsoft-Windows-SMBServer", "Computer": "DESKTOP-OFJ6N53", "TimeCreated": "2024-09-03 01:41:32.077898+00:00", "RecordID": "14431", "Level": "2", "UserID": "S-1-5-18"}
{"EventID": "551", "Channel": "Microsoft-Windows-SMBServer/Security", "Provider_Name": "Microsoft-Windows-SMBServer", "Computer": "DESKTOP-OFJ6N53", "TimeCreated": "2024-09-03 02:14:17.984747+00:00", "RecordID": "14432", "Level": "2", "UserID": "S-1-5-18"}
{"EventID": "1009", "Channel": "Microsoft-Windows-SMBServer/Security", "Provider_Name": "Microsoft-Windows-SMBServer", "Computer": "DESKTOP-OFJ6N53", "TimeCreated": "2024-09-03 02:41:33.900560+00:00", "RecordID": "14433", "Level": "2", "UserID": "S-1-5-18"}
{"EventID": "551", "Channel": "Microsoft-Windows-SMBServer/Security", "Provider_Name": "Microsoft-Windows-SMBServer", "Computer": "DESKTOP-OFJ6N53", "TimeCreated": "2024-09-03 02:41:33.900564+00:00", "RecordID": "14434", "Level": "2", "UserID": "S-1-5-18"}
{"EventID": "1009", "Channel": "Microsoft-Windows-SMBServer/Security", "Provider_Name": "Microsoft-Windows-SMBServer", "Computer": "DESKTOP-OFJ6N53", "TimeCreated": "2024-09-03 03:41:34.004425+00:00", "RecordID": "14435", "Level": "2", "UserID": "S-1-5-18"}
{"EventID": "551", "Channel": "Microsoft-Windows-SMBServer/Security", "Provider_Name": "Microsoft-Windows-SMBServer", "Computer": "DESKTOP-OFJ6N53", "TimeCreated": "2024-09-03 03:41:34.004427+00:00", "RecordID": "14436", "Level": "2", "UserID": "S-1-5-18"}
{"EventID": "1009", "Channel": "Microsoft-Windows-SMBServer/Security", "Provider_Name": "Microsoft-Windows-SMBServer", "Computer": "DESKTOP-OFJ6N53", "TimeCreated": "2024-09-03 04:41:34.268755+00:00", "RecordID": "14437", "Level": "2", "UserID": "S-1-5-18"}
{"EventID": "551", "Channel": "Microsoft-Windows-SMBServer/Security", "Provider_Name": "Microsoft-Windows-SMBServer", "Computer": "DESKTOP-OFJ6N53", "TimeCreated": "2024-09-03 04:41:34.268757+00:00", "RecordID": "14438", "Level": "2", "UserID": "S-1-5-18"}
{"EventID": "551", "Channel": "Microsoft-Windows-SMBServer/Security", "Provider_Name": "Microsoft-Windows-SMBServer", "Computer": "DESKTOP-OFJ6N53", "TimeCreated": "2024-09-03 05:14:19.539808+00:00", "RecordID": "14439", "Level": "2", "UserID": "S-1-5-18"}
{"EventID": "1009", "Channel": "Microsoft-Windows-SMBServer/Security", "Provider_Name": "Microsoft-Windows-SMBServer", "Computer": "DESKTOP-OFJ6N53", "TimeCreated": "2024-09-03 05:41:34.818792+00:00", "RecordID": "14440", "Level": "2", "UserID": "S-1-5-18"}
{"EventID": "551", "Channel": "Microsoft-Windows-SMBServer/Security", "Provider_Name": "Microsoft-Windows-SMBServer", "Computer": "DESKTOP-OFJ6N53", "TimeCreated": "2024-09-03 05:41:34.818794+00:00", "RecordID": "14441", "Level": "2", "UserID": "S-1-5-18"}
{"EventID": "551", "Channel": "Microsoft-Windows-SMBServer/Security", "Provider_Name": "Microsoft-Windows-SMBServer", "Computer": "DESKTOP-OFJ6N53", "TimeCreated": "2024-09-03 05:51:30.601618+00:00", "RecordID": "14442", "Level": "2", "UserID": "S-1-5-18"}
{"EventID": "551", "Channel": "Microsoft-Windows-SMBServer/Security", "Provider_Name": "Microsoft-Windows-SMBServer", "Computer": "DESKTOP-OFJ6N53", "TimeCreated": "2024-09-03 05:51:30.607121+00:00", "RecordID": "14443", "Level": "2", "UserID": "S-1-5-18"}
{"EventID": "551", "Channel": "Microsoft-Windows-SMBServer/Security", "Provider_Name": "Microsoft-Windows-SMBServer", "Computer": "DESKTOP-OFJ6N53", "TimeCreated": "2024-09-03 05:51:30.612301+00:00", "RecordID": "14444", "Level": "2", "UserID": "S-1-5-18"}
{"EventID": "551", "Channel": "Microsoft-Windows-SMBServer/Security", "Provider_Name": "Microsoft-Windows-SMBServer", "Computer": "DESKTOP-OFJ6N53", "TimeCreated": "2024-09-03 06:02:46.147030+00:00", "RecordID": "14445", "Level": "2", "UserID": "S-1-5-18"}
{"EventID": "551", "Channel": "Microsoft-Windows-SMBServer/Security", "Provider_Name": "Microsoft-Windows-SMBServer", "Computer": "DESKTOP-OFJ6N53", "TimeCreated": "2024-09-03 06:03:42.290073+00:00", "RecordID": "14446", "Level": "2", "UserID": "S-1-5-18"}
{"EventID": "551", "Channel": "Microsoft-Windows-SMBServer/Security", "Provider_Name": "Microsoft-Windows-SMBServer", "Computer": "DESKTOP-OFJ6N53", "TimeCreated": "2024-09-03 06:14:20.668093+00:00", "RecordID": "14447", "Level": "2", "UserID": "S-1-5-18"}
{"EventID": "1009", "Channel": "Microsoft-Windows-SMBServer/Security", "Provider_Name": "Microsoft-Windows-SMBServer", "Computer": "DESKTOP-OFJ6N53", "TimeCreated": "2024-09-03 06:41:34.644796+00:00", "RecordID": "14448", "Level": "2", "UserID": "S-1-5-18"}
{"EventID": "551", "Channel": "Microsoft-Windows-SMBServer/Security", "Provider_Name": "Microsoft-Windows-SMBServer", "Computer": "DESKTOP-OFJ6N53", "TimeCreated": "2024-09-03 06:41:34.644798+00:00", "RecordID": "14449", "Level": "2", "UserID": "S-1-5-18"}
{"EventID": "1009", "Channel": "Microsoft-Windows-SMBServer/Security", "Provider_Name": "Microsoft-Windows-SMBServer", "Computer": "DESKTOP-OFJ6N53", "TimeCreated": "2024-09-03 07:03:40.692825+00:00", "RecordID": "14450", "Level": "2", "UserID": "S-1-5-18"}
{"EventID": "551", "Channel": "Microsoft-Windows-SMBServer/Security", "Provider_Name": "Microsoft-Windows-SMBServer", "Computer": "DESKTOP-OFJ6N53", "TimeCreated": "2024-09-03 07:03:40.692839+00:00", "RecordID": "14451", "Level": "2", "UserID": "S-1-5-18"}
{"EventID": "1009", "Channel": "Microsoft-Windows-SMBServer/Security", "Provider_Name": "Microsoft-Windows-SMBServer", "Computer": "DESKTOP-OFJ6N53", "TimeCreated": "2024-09-03 07:04:36.440647+00:00", "RecordID": "14452", "Level": "2", "UserID": "S-1-5-18"}
{"EventID": "551", "Channel": "Microsoft-Windows-SMBServer/Security", "Provider_Name": "Microsoft-Windows-SMBServer", "Computer": "DESKTOP-OFJ6N53", "TimeCreated": "2024-09-03 07:04:36.440653+00:00", "RecordID": "14453", "Level": "2", "UserID": "S-1-5-18"}
{"EventID": "551", "Channel": "Microsoft-Windows-SMBServer/Security", "Provider_Name": "Microsoft-Windows-SMBServer", "Computer": "DESKTOP-OFJ6N53", "TimeCreated": "2024-09-03 07:14:21.519936+00:00", "RecordID": "14454", "Level": "2", "UserID": "S-1-5-18"}
{"EventID": "1009", "Channel": "Microsoft-Windows-SMBServer/Security", "Provider_Name": "Microsoft-Windows-SMBServer", "Computer": "DESKTOP-OFJ6N53", "TimeCreated": "2024-09-03 07:41:42.526873+00:00", "RecordID": "14455", "Level": "2", "UserID": "S-1-5-18"}
{"EventID": "551", "Channel": "Microsoft-Windows-SMBServer/Security", "Provider_Name": "Microsoft-Windows-SMBServer", "Computer": "DESKTOP-OFJ6N53", "TimeCreated": "2024-09-03 07:41:42.526876+00:00", "RecordID": "14456", "Level": "2", "UserID": "S-1-5-18"}
{"EventID": "1009", "Channel": "Microsoft-Windows-SMBServer/Security", "Provider_Name": "Microsoft-Windows-SMBServer", "Computer": "DESKTOP-OFJ6N53", "TimeCreated": "2024-09-03 08:41:36.210711+00:00", "RecordID": "14457", "Level": "2", "UserID": "S-1-5-18"}
{"EventID": "551", "Channel": "Microsoft-Windows-SMBServer/Security", "Provider_Name": "Microsoft-Windows-SMBServer", "Computer": "DESKTOP-OFJ6N53", "TimeCreated": "2024-09-03 08:41:36.210712+00:00", "RecordID": "14458", "Level": "2", "UserID": "S-1-5-18"}
{"EventID": "551", "Channel": "Microsoft-Windows-SMBServer/Security", "Provider_Name": "Microsoft-Windows-SMBServer", "Computer": "DESKTOP-OFJ6N53", "TimeCreated": "2024-09-03 09:13:39.411983+00:00", "RecordID": "14459", "Level": "2", "UserID": "S-1-5-18"}
{"EventID": "1009", "Channel": "Microsoft-Windows-SMBServer/Security", "Provider_Name": "Microsoft-Windows-SMBServer", "Computer": "DESKTOP-OFJ6N53", "TimeCreated": "2024-09-03 09:41:36.338303+00:00", "RecordID": "14460", "Level": "2", "UserID": "S-1-5-18"}
{"EventID": "551", "Channel": "Microsoft-Windows-SMBServer/Security", "Provider_Name": "Microsoft-Windows-SMBServer", "Computer": "DESKTOP-OFJ6N53", "TimeCreated": "2024-09-03 09:41:36.338305+00:00", "RecordID": "14461", "Level": "2", "UserID": "S-1-5-18"}
{"EventID": "551", "Channel": "Microsoft-Windows-SMBServer/Security", "Provider_Name": "Microsoft-Windows-SMBServer", "Computer": "DESKTOP-OFJ6N53", "TimeCreated": "2024-09-03 10:14:22.697033+00:00", "RecordID": "14462", "Level": "2", "UserID": "S-1-5-18"}
{"EventID": "1009", "Channel": "Microsoft-Windows-SMBServer/Security", "Provider_Name": "Microsoft-Windows-SMBServer", "Computer": "DESKTOP-OFJ6N53", "TimeCreated": "2024-09-03 10:41:35.253809+00:00", "RecordID": "14463", "Level": "2", "UserID": "S-1-5-18"}
{"EventID": "551", "Channel": "Microsoft-Windows-SMBServer/Security", "Provider_Name": "Microsoft-Windows-SMBServer", "Computer": "DESKTOP-OFJ6N53", "TimeCreated": "2024-09-03 10:41:35.253813+00:00", "RecordID": "14464", "Level": "2", "UserID": "S-1-5-18"}
{"EventID": "551", "Channel": "Microsoft-Windows-SMBServer/Security", "Provider_Name": "Microsoft-Windows-SMBServer", "Computer": "DESKTOP-OFJ6N53", "TimeCreated": "2024-09-03 11:14:22.596128+00:00", "RecordID": "14465", "Level": "2", "UserID": "S-1-5-18"}
{"EventID": "1009", "Channel": "Microsoft-Windows-SMBServer/Security", "Provider_Name": "Microsoft-Windows-SMBServer", "Computer": "DESKTOP-OFJ6N53", "TimeCreated": "2024-09-03 11:41:38.993792+00:00", "RecordID": "14466", "Level": "2", "UserID": "S-1-5-18"}
{"EventID": "551", "Channel": "Microsoft-Windows-SMBServer/Security", "Provider_Name": "Microsoft-Windows-SMBServer", "Computer": "DESKTOP-OFJ6N53", "TimeCreated": "2024-09-03 11:41:38.993793+00:00", "RecordID": "14467", "Level": "2", "UserID": "S-1-5-18"}
{"EventID": "551", "Channel": "Microsoft-Windows-SMBServer/Security", "Provider_Name": "Microsoft-Windows-SMBServer", "Computer": "DESKTOP-OFJ6N53", "TimeCreated": "2024-09-03 12:14:52.757280+00:00", "RecordID": "14468", "Level": "2", "UserID": "S-1-5-18"}
{"EventID": "1009", "Channel": "Microsoft-Windows-SMBServer/Security", "Provider_Name": "Microsoft-Windows-SMBServer", "Computer": "DESKTOP-OFJ6N53", "TimeCreated": "2024-09-03 12:41:38.793303+00:00", "RecordID": "14469", "Level": "2", "UserID": "S-1-5-18"}
{"EventID": "551", "Channel": "Microsoft-Windows-SMBServer/Security", "Provider_Name": "Microsoft-Windows-SMBServer", "Computer": "DESKTOP-OFJ6N53", "TimeCreated": "2024-09-03 12:41:38.793304+00:00", "RecordID": "14470", "Level": "2", "UserID": "S-1-5-18"}
{"EventID": "551", "Channel": "Microsoft-Windows-SMBServer/Security", "Provider_Name": "Microsoft-Windows-SMBServer", "Computer": "DESKTOP-OFJ6N53", "TimeCreated": "2024-09-03 12:51:53.518759+00:00", "RecordID": "14471", "Level": "2", "UserID": "S-1-5-18"}
{"EventID": "551", "Channel": "Microsoft-Windows-SMBServer/Security", "Provider_Name": "Microsoft-Windows-SMBServer", "Computer": "DESKTOP-OFJ6N53", "TimeCreated": "2024-09-03 12:51:53.523567+00:00", "RecordID": "14472", "Level": "2", "UserID": "S-1-5-18"}
{"EventID": "551", "Channel": "Microsoft-Windows-SMBServer/Security", "Provider_Name": "Microsoft-Windows-SMBServer", "Computer": "DESKTOP-OFJ6N53", "TimeCreated": "2024-09-03 12:51:53.528728+00:00", "RecordID": "14473", "Level": "2", "UserID": "S-1-5-18"}
{"EventID": "551", "Channel": "Microsoft-Windows-SMBServer/Security", "Provider_Name": "Microsoft-Windows-SMBServer", "Computer": "DESKTOP-OFJ6N53", "TimeCreated": "2024-09-03 13:03:11.947206+00:00", "RecordID": "14474", "Level": "2", "UserID": "S-1-5-18"}
{"EventID": "551", "Channel": "Microsoft-Windows-SMBServer/Security", "Provider_Name": "Microsoft-Windows-SMBServer", "Computer": "DESKTOP-OFJ6N53", "TimeCreated": "2024-09-03 13:04:08.230728+00:00", "RecordID": "14475", "Level": "2", "UserID": "S-1-5-18"}
{"EventID": "551", "Channel": "Microsoft-Windows-SMBServer/Security", "Provider_Name": "Microsoft-Windows-SMBServer", "Computer": "DESKTOP-OFJ6N53", "TimeCreated": "2024-09-03 13:14:25.362913+00:00", "RecordID": "14476", "Level": "2", "UserID": "S-1-5-18"}
{"EventID": "1009", "Channel": "Microsoft-Windows-SMBServer/Security", "Provider_Name": "Microsoft-Windows-SMBServer", "Computer": "DESKTOP-OFJ6N53", "TimeCreated": "2024-09-03 13:41:38.916039+00:00", "RecordID": "14477", "Level": "2", "UserID": "S-1-5-18"}
{"EventID": "551", "Channel": "Microsoft-Windows-SMBServer/Security", "Provider_Name": "Microsoft-Windows-SMBServer", "Computer": "DESKTOP-OFJ6N53", "TimeCreated": "2024-09-03 13:41:38.916042+00:00", "RecordID": "14478", "Level": "2", "UserID": "S-1-5-18"}
{"EventID": "1009", "Channel": "Microsoft-Windows-SMBServer/Security", "Provider_Name": "Microsoft-Windows-SMBServer", "Computer": "DESKTOP-OFJ6N53", "TimeCreated": "2024-09-03 14:04:04.244770+00:00", "RecordID": "14479", "Level": "2", "UserID": "S-1-5-18"}
{"EventID": "551", "Channel": "Microsoft-Windows-SMBServer/Security", "Provider_Name": "Microsoft-Windows-SMBServer", "Computer": "DESKTOP-OFJ6N53", "TimeCreated": "2024-09-03 14:04:04.244772+00:00", "RecordID": "14480", "Level": "2", "UserID": "S-1-5-18"}
{"EventID": "1009", "Channel": "Microsoft-Windows-SMBServer/Security", "Provider_Name": "Microsoft-Windows-SMBServer", "Computer": "DESKTOP-OFJ6N53", "TimeCreated": "2024-09-03 14:04:59.676603+00:00", "RecordID": "14481", "Level": "2", "UserID": "S-1-5-18"}
{"EventID": "551", "Channel": "Microsoft-Windows-SMBServer/Security", "Provider_Name": "Microsoft-Windows-SMBServer", "Computer": "DESKTOP-OFJ6N53", "TimeCreated": "2024-09-03 14:04:59.676605+00:00", "RecordID": "14482", "Level": "2", "UserID": "S-1-5-18"}
{"EventID": "551", "Channel": "Microsoft-Windows-SMBServer/Security", "Provider_Name": "Microsoft-Windows-SMBServer", "Computer": "DESKTOP-OFJ6N53", "TimeCreated": "2024-09-03 14:14:26.884254+00:00", "RecordID": "14483", "Level": "2", "UserID": "S-1-5-18"}
{"EventID": "1009", "Channel": "Microsoft-Windows-SMBServer/Security", "Provider_Name": "Microsoft-Windows-SMBServer", "Computer": "DESKTOP-OFJ6N53", "TimeCreated": "2024-09-03 14:41:39.108192+00:00", "RecordID": "14484", "Level": "2", "UserID": "S-1-5-18"}
{"EventID": "551", "Channel": "Microsoft-Windows-SMBServer/Security", "Provider_Name": "Microsoft-Windows-SMBServer", "Computer": "DESKTOP-OFJ6N53", "TimeCreated": "2024-09-03 14:41:39.108196+00:00", "RecordID": "14485", "Level": "2", "UserID": "S-1-5-18"}
{"EventID": "551", "Channel": "Microsoft-Windows-SMBServer/Security", "Provider_Name": "Microsoft-Windows-SMBServer", "Computer": "DESKTOP-OFJ6N53", "TimeCreated": "2024-09-03 15:14:27.359465+00:00", "RecordID": "14486", "Level": "2", "UserID": "S-1-5-18"}
{"EventID": "1009", "Channel": "Microsoft-Windows-SMBServer/Security", "Provider_Name": "Microsoft-Windows-SMBServer", "Computer": "DESKTOP-OFJ6N53", "TimeCreated": "2024-09-03 15:41:39.057947+00:00", "RecordID": "14487", "Level": "2", "UserID": "S-1-5-18"}
{"EventID": "551", "Channel": "Microsoft-Windows-SMBServer/Security", "Provider_Name": "Microsoft-Windows-SMBServer", "Computer": "DESKTOP-OFJ6N53", "TimeCreated": "2024-09-03 15:41:39.057949+00:00", "RecordID": "14488", "Level": "2", "UserID": "S-1-5-18"}
{"EventID": "551", "Channel": "Microsoft-Windows-SMBServer/Security", "Provider_Name": "Microsoft-Windows-SMBServer", "Computer": "DESKTOP-OFJ6N53", "TimeCreated": "2024-09-03 16:14:27.312542+00:00", "RecordID": "14489", "Level": "2", "UserID": "S-1-5-18"}
{"EventID": "551", "Channel": "Microsoft-Windows-SMBServer/Security", "Provider_Name": "Microsoft-Windows-SMBServer", "Computer": "DESKTOP-OFJ6N53", "TimeCreated": "2024-09-03 17:14:26.823555+00:00", "RecordID": "14490", "Level": "2", "UserID": "S-1-5-18"}
{"EventID": "1009", "Channel": "Microsoft-Windows-SMBServer/Security", "Provider_Name": "Microsoft-Windows-SMBServer", "Computer": "DESKTOP-OFJ6N53", "TimeCreated": "2024-09-03 17:41:37.292740+00:00", "RecordID": "14491", "Level": "2", "UserID": "S-1-5-18"}
{"EventID": "551", "Channel": "Microsoft-Windows-SMBServer/Security", "Provider_Name": "Microsoft-Windows-SMBServer", "Computer": "DESKTOP-OFJ6N53", "TimeCreated": "2024-09-03 17:41:37.292744+00:00", "RecordID": "14492", "Level": "2", "UserID": "S-1-5-18"}
{"EventID": "551", "Channel": "Microsoft-Windows-SMBServer/Security", "Provider_Name": "Microsoft-Windows-SMBServer", "Computer": "DESKTOP-OFJ6N53", "TimeCreated": "2024-09-03 18:14:25.945271+00:00", "RecordID": "14493", "Level": "2", "UserID": "S-1-5-18"}
{"EventID": "1009", "Channel": "Microsoft-Windows-SMBServer/Security", "Provider_Name": "Microsoft-Windows-SMBServer", "Computer": "DESKTOP-OFJ6N53", "TimeCreated": "2024-09-03 18:41:38.499411+00:00", "RecordID": "14494", "Level": "2", "UserID": "S-1-5-18"}
{"EventID": "551", "Channel": "Microsoft-Windows-SMBServer/Security", "Provider_Name": "Microsoft-Windows-SMBServer", "Computer": "DESKTOP-OFJ6N53", "TimeCreated": "2024-09-03 18:41:38.499414+00:00", "RecordID": "14495", "Level": "2", "UserID": "S-1-5-18"}
{"EventID": "1009", "Channel": "Microsoft-Windows-SMBServer/Security", "Provider_Name": "Microsoft-Windows-SMBServer", "Computer": "DESKTOP-OFJ6N53", "TimeCreated": "2024-09-03 19:41:38.494970+00:00", "RecordID": "14496", "Level": "2", "UserID": "S-1-5-18"}
{"EventID": "551", "Channel": "Microsoft-Windows-SMBServer/Security", "Provider_Name": "Microsoft-Windows-SMBServer", "Computer": "DESKTOP-OFJ6N53", "TimeCreated": "2024-09-03 19:41:38.494974+00:00", "RecordID": "14497", "Level": "2", "UserID": "S-1-5-18"}
{"EventID": "551", "Channel": "Microsoft-Windows-SMBServer/Security", "Provider_Name": "Microsoft-Windows-SMBServer", "Computer": "DESKTOP-OFJ6N53", "TimeCreated": "2024-09-03 19:51:55.142841+00:00", "RecordID": "14498", "Level": "2", "UserID": "S-1-5-18"}
{"EventID": "551", "Channel": "Microsoft-Windows-SMBServer/Security", "Provider_Name": "Microsoft-Windows-SMBServer", "Computer": "DESKTOP-OFJ6N53", "TimeCreated": "2024-09-03 19:51:55.149651+00:00", "RecordID": "14499", "Level": "2", "UserID": "S-1-5-18"}
{"EventID": "551", "Channel": "Microsoft-Windows-SMBServer/Security", "Provider_Name": "Microsoft-Windows-SMBServer", "Computer": "DESKTOP-OFJ6N53", "TimeCreated": "2024-09-03 19:51:55.155054+00:00", "RecordID": "14500", "Level": "2", "UserID": "S-1-5-18"}
{"EventID": "551", "Channel": "Microsoft-Windows-SMBServer/Security", "Provider_Name": "Microsoft-Windows-SMBServer", "Computer": "DESKTOP-OFJ6N53", "TimeCreated": "2024-09-03 20:03:11.283285+00:00", "RecordID": "14501", "Level": "2", "UserID": "S-1-5-18"}
{"EventID": "551", "Channel": "Microsoft-Windows-SMBServer/Security", "Provider_Name": "Microsoft-Windows-SMBServer", "Computer": "DESKTOP-OFJ6N53", "TimeCreated": "2024-09-03 20:04:07.713478+00:00", "RecordID": "14502", "Level": "2", "UserID": "S-1-5-18"}
{"EventID": "1009", "Channel": "Microsoft-Windows-SMBServer/Security", "Provider_Name": "Microsoft-Windows-SMBServer", "Computer": "DESKTOP-OFJ6N53", "TimeCreated": "2024-09-03 20:41:37.234055+00:00", "RecordID": "14503", "Level": "2", "UserID": "S-1-5-18"}
{"EventID": "551", "Channel": "Microsoft-Windows-SMBServer/Security", "Provider_Name": "Microsoft-Windows-SMBServer", "Computer": "DESKTOP-OFJ6N53", "TimeCreated": "2024-09-03 20:41:37.234058+00:00", "RecordID": "14504", "Level": "2", "UserID": "S-1-5-18"}
{"EventID": "1009", "Channel": "Microsoft-Windows-SMBServer/Security", "Provider_Name": "Microsoft-Windows-SMBServer", "Computer": "DESKTOP-OFJ6N53", "TimeCreated": "2024-09-03 21:04:04.874178+00:00", "RecordID": "14505", "Level": "2", "UserID": "S-1-5-18"}
{"EventID": "551", "Channel": "Microsoft-Windows-SMBServer/Security", "Provider_Name": "Microsoft-Windows-SMBServer", "Computer": "DESKTOP-OFJ6N53", "TimeCreated": "2024-09-03 21:04:04.874180+00:00", "RecordID": "14506", "Level": "2", "UserID": "S-1-5-18"}
{"EventID": "1009", "Channel": "Microsoft-Windows-SMBServer/Security", "Provider_Name": "Microsoft-Windows-SMBServer", "Computer": "DESKTOP-OFJ6N53", "TimeCreated": "2024-09-03 21:05:01.298975+00:00", "RecordID": "14507", "Level": "2", "UserID": "S-1-5-18"}
{"EventID": "551", "Channel": "Microsoft-Windows-SMBServer/Security", "Provider_Name": "Microsoft-Windows-SMBServer", "Computer": "DESKTOP-OFJ6N53", "TimeCreated": "2024-09-03 21:05:01.298979+00:00", "RecordID": "14508", "Level": "2", "UserID": "S-1-5-18"}
{"EventID": "551", "Channel": "Microsoft-Windows-SMBServer/Security", "Provider_Name": "Microsoft-Windows-SMBServer", "Computer": "DESKTOP-OFJ6N53", "TimeCreated": "2024-09-03 21:14:26.193193+00:00", "RecordID": "14509", "Level": "2", "UserID": "S-1-5-18"}
{"EventID": "1009", "Channel": "Microsoft-Windows-SMBServer/Security", "Provider_Name": "Microsoft-Windows-SMBServer", "Computer": "DESKTOP-OFJ6N53", "TimeCreated": "2024-09-03 21:41:38.708126+00:00", "RecordID": "14510", "Level": "2", "UserID": "S-1-5-18"}
{"EventID": "551", "Channel": "Microsoft-Windows-SMBServer/Security", "Provider_Name": "Microsoft-Windows-SMBServer", "Computer": "DESKTOP-OFJ6N53", "TimeCreated": "2024-09-03 21:41:38.708130+00:00", "RecordID": "14511", "Level": "2", "UserID": "S-1-5-18"}
{"EventID": "551", "Channel": "Microsoft-Windows-SMBServer/Security", "Provider_Name": "Microsoft-Windows-SMBServer", "Computer": "DESKTOP-OFJ6N53", "TimeCreated": "2024-09-03 22:15:12.865847+00:00", "RecordID": "14512", "Level": "2", "UserID": "S-1-5-18"}
{"EventID": "551", "Channel": "Microsoft-Windows-SMBServer/Security", "Provider_Name": "Microsoft-Windows-SMBServer", "Computer": "DESKTOP-OFJ6N53", "TimeCreated": "2024-09-03 23:14:28.312880+00:00", "RecordID": "14513", "Level": "2", "UserID": "S-1-5-18"}
{"EventID": "1009", "Channel": "Microsoft-Windows-SMBServer/Security", "Provider_Name": "Microsoft-Windows-SMBServer", "Computer": "DESKTOP-OFJ6N53", "TimeCreated": "2024-09-03 23:41:39.748486+00:00", "RecordID": "14514", "Level": "2", "UserID": "S-1-5-18"}
{"EventID": "551", "Channel": "Microsoft-Windows-SMBServer/Security", "Provider_Name": "Microsoft-Windows-SMBServer", "Computer": "DESKTOP-OFJ6N53", "TimeCreated": "2024-09-03 23:41:39.748489+00:00", "RecordID": "14515", "Level": "2", "UserID": "S-1-5-18"}
{"EventID": "1009", "Channel": "Microsoft-Windows-SMBServer/Security", "Provider_Name": "Microsoft-Windows-SMBServer", "Computer": "DESKTOP-OFJ6N53", "TimeCreated": "2024-09-04 00:41:42.926123+00:00", "RecordID": "14516", "Level": "2", "UserID": "S-1-5-18"}
{"EventID": "551", "Channel": "Microsoft-Windows-SMBServer/Security", "Provider_Name": "Microsoft-Windows-SMBServer", "Computer": "DESKTOP-OFJ6N53", "TimeCreated": "2024-09-04 00:41:42.926126+00:00", "RecordID": "14517", "Level": "2", "UserID": "S-1-5-18"}
{"EventID": "551", "Channel": "Microsoft-Windows-SMBServer/Security", "Provider_Name": "Microsoft-Windows-SMBServer", "Computer": "DESKTOP-OFJ6N53", "TimeCreated": "2024-09-04 01:15:15.813265+00:00", "RecordID": "14518", "Level": "2", "UserID": "S-1-5-18"}
{"EventID": "1009", "Channel": "Microsoft-Windows-SMBServer/Security", "Provider_Name": "Microsoft-Windows-SMBServer", "Computer": "DESKTOP-OFJ6N53", "TimeCreated": "2024-09-04 01:41:41.244387+00:00", "RecordID": "14519", "Level": "2", "UserID": "S-1-5-18"}
{"EventID": "551", "Channel": "Microsoft-Windows-SMBServer/Security", "Provider_Name": "Microsoft-Windows-SMBServer", "Computer": "DESKTOP-OFJ6N53", "TimeCreated": "2024-09-04 01:41:41.244390+00:00", "RecordID": "14520", "Level": "2", "UserID": "S-1-5-18"}
{"EventID": "1009", "Channel": "Microsoft-Windows-SMBServer/Security", "Provider_Name": "Microsoft-Windows-SMBServer", "Computer": "DESKTOP-OFJ6N53", "TimeCreated": "2024-09-04 02:41:39.948162+00:00", "RecordID": "14521", "Level": "2", "UserID": "S-1-5-18"}
{"EventID": "551", "Channel": "Microsoft-Windows-SMBServer/Security", "Provider_Name": "Microsoft-Windows-SMBServer", "Computer": "DESKTOP-OFJ6N53", "TimeCreated": "2024-09-04 02:41:39.948164+00:00", "RecordID": "14522", "Level": "2", "UserID": "S-1-5-18"}
{"EventID": "551", "Channel": "Microsoft-Windows-SMBServer/Security", "Provider_Name": "Microsoft-Windows-SMBServer", "Computer": "DESKTOP-OFJ6N53", "TimeCreated": "2024-09-04 02:51:55.605707+00:00", "RecordID": "14523", "Level": "2", "UserID": "S-1-5-18"}
{"EventID": "551", "Channel": "Microsoft-Windows-SMBServer/Security", "Provider_Name": "Microsoft-Windows-SMBServer", "Computer": "DESKTOP-OFJ6N53", "TimeCreated": "2024-09-04 02:51:55.611765+00:00", "RecordID": "14524", "Level": "2", "UserID": "S-1-5-18"}
{"EventID": "551", "Channel": "Microsoft-Windows-SMBServer/Security", "Provider_Name": "Microsoft-Windows-SMBServer", "Computer": "DESKTOP-OFJ6N53", "TimeCreated": "2024-09-04 02:51:55.616995+00:00", "RecordID": "14525", "Level": "2", "UserID": "S-1-5-18"}
{"EventID": "551", "Channel": "Microsoft-Windows-SMBServer/Security", "Provider_Name": "Microsoft-Windows-SMBServer", "Computer": "DESKTOP-OFJ6N53", "TimeCreated": "2024-09-04 03:04:08.393023+00:00", "RecordID": "14526", "Level": "2", "UserID": "S-1-5-18"}
{"EventID": "551", "Channel": "Microsoft-Windows-SMBServer/Security", "Provider_Name": "Microsoft-Windows-SMBServer", "Computer": "DESKTOP-OFJ6N53", "TimeCreated": "2024-09-04 03:15:13.808254+00:00", "RecordID": "14527", "Level": "2", "UserID": "S-1-5-18"}
{"EventID": "1009", "Channel": "Microsoft-Windows-SMBServer/Security", "Provider_Name": "Microsoft-Windows-SMBServer", "Computer": "DESKTOP-OFJ6N53", "TimeCreated": "2024-09-04 03:41:41.573906+00:00", "RecordID": "14528", "Level": "2", "UserID": "S-1-5-18"}
{"EventID": "551", "Channel": "Microsoft-Windows-SMBServer/Security", "Provider_Name": "Microsoft-Windows-SMBServer", "Computer": "DESKTOP-OFJ6N53", "TimeCreated": "2024-09-04 03:41:41.573908+00:00", "RecordID": "14529", "Level": "2", "UserID": "S-1-5-18"}
{"EventID": "1009", "Channel": "Microsoft-Windows-SMBServer/Security", "Provider_Name": "Microsoft-Windows-SMBServer", "Computer": "DESKTOP-OFJ6N53", "TimeCreated": "2024-09-04 04:04:04.264383+00:00", "RecordID": "14530", "Level": "2", "UserID": "S-1-5-18"}
{"EventID": "551", "Channel": "Microsoft-Windows-SMBServer/Security", "Provider_Name": "Microsoft-Windows-SMBServer", "Computer": "DESKTOP-OFJ6N53", "TimeCreated": "2024-09-04 04:04:04.264385+00:00", "RecordID": "14531", "Level": "2", "UserID": "S-1-5-18"}
{"EventID": "1009", "Channel": "Microsoft-Windows-SMBServer/Security", "Provider_Name": "Microsoft-Windows-SMBServer", "Computer": "DESKTOP-OFJ6N53", "TimeCreated": "2024-09-04 04:04:59.838121+00:00", "RecordID": "14532", "Level": "2", "UserID": "S-1-5-18"}
{"EventID": "551", "Channel": "Microsoft-Windows-SMBServer/Security", "Provider_Name": "Microsoft-Windows-SMBServer", "Computer": "DESKTOP-OFJ6N53", "TimeCreated": "2024-09-04 04:04:59.838125+00:00", "RecordID": "14533", "Level": "2", "UserID": "S-1-5-18"}
{"EventID": "551", "Channel": "Microsoft-Windows-SMBServer/Security", "Provider_Name": "Microsoft-Windows-SMBServer", "Computer": "DESKTOP-OFJ6N53", "TimeCreated": "2024-09-04 04:15:14.916899+00:00", "RecordID": "14534", "Level": "2", "UserID": "S-1-5-18"}
{"EventID": "1009", "Channel": "Microsoft-Windows-SMBServer/Security", "Provider_Name": "Microsoft-Windows-SMBServer", "Computer": "DESKTOP-OFJ6N53", "TimeCreated": "2024-09-04 04:41:40.278963+00:00", "RecordID": "14535", "Level": "2", "UserID": "S-1-5-18"}
{"EventID": "551", "Channel": "Microsoft-Windows-SMBServer/Security", "Provider_Name": "Microsoft-Windows-SMBServer", "Computer": "DESKTOP-OFJ6N53", "TimeCreated": "2024-09-04 04:41:40.278965+00:00", "RecordID": "14536", "Level": "2", "UserID": "S-1-5-18"}
{"EventID": "551", "Channel": "Microsoft-Windows-SMBServer/Security", "Provider_Name": "Microsoft-Windows-SMBServer", "Computer": "DESKTOP-OFJ6N53", "TimeCreated": "2024-09-04 05:15:15.875221+00:00", "RecordID": "14537", "Level": "2", "UserID": "S-1-5-18"}
{"EventID": "1009", "Channel": "Microsoft-Windows-SMBServer/Security", "Provider_Name": "Microsoft-Windows-SMBServer", "Computer": "DESKTOP-OFJ6N53", "TimeCreated": "2024-09-04 05:41:40.387024+00:00", "RecordID": "14538", "Level": "2", "UserID": "S-1-5-18"}
{"EventID": "551", "Channel": "Microsoft-Windows-SMBServer/Security", "Provider_Name": "Microsoft-Windows-SMBServer", "Computer": "DESKTOP-OFJ6N53", "TimeCreated": "2024-09-04 05:41:40.387026+00:00", "RecordID": "14539", "Level": "2", "UserID": "S-1-5-18"}
{"EventID": "551", "Channel": "Microsoft-Windows-SMBServer/Security", "Provider_Name": "Microsoft-Windows-SMBServer", "Computer": "DESKTOP-OFJ6N53", "TimeCreated": "2024-09-04 06:15:16.297928+00:00", "RecordID": "14540", "Level": "2", "UserID": "S-1-5-18"}
{"EventID": "1009", "Channel": "Microsoft-Windows-SMBServer/Security", "Provider_Name": "Microsoft-Windows-SMBServer", "Computer": "DESKTOP-OFJ6N53", "TimeCreated": "2024-09-04 06:41:40.749025+00:00", "RecordID": "14541", "Level": "2", "UserID": "S-1-5-18"}
{"EventID": "551", "Channel": "Microsoft-Windows-SMBServer/Security", "Provider_Name": "Microsoft-Windows-SMBServer", "Computer": "DESKTOP-OFJ6N53", "TimeCreated": "2024-09-04 06:41:40.749027+00:00", "RecordID": "14542", "Level": "2", "UserID": "S-1-5-18"}
{"EventID": "551", "Channel": "Microsoft-Windows-SMBServer/Security", "Provider_Name": "Microsoft-Windows-SMBServer", "Computer": "DESKTOP-OFJ6N53", "TimeCreated": "2024-09-04 07:15:16.904064+00:00", "RecordID": "14543", "Level": "2", "UserID": "S-1-5-18"}
{"EventID": "1009", "Channel": "Microsoft-Windows-SMBServer/Security", "Provider_Name": "Microsoft-Windows-SMBServer", "Computer": "DESKTOP-OFJ6N53", "TimeCreated": "2024-09-04 07:41:43.090267+00:00", "RecordID": "14544", "Level": "2", "UserID": "S-1-5-18"}
