{"EventID": "8025", "Channel": "Microsoft-Windows-HelloForBusiness/Operational", "Provider_Name": "Microsoft-Windows-HelloForBusiness", "Computer": "DESKTOP-OFJ6N53", "TimeCreated": "2022-10-31 14:53:28.754034+00:00", "RecordID": "708", "Level": "16", "UserID": "S-1-5-19", "EventData.ServiceName": "Microsoft Passport Container"}
{"EventID": "8025", "Channel": "Microsoft-Windows-HelloForBusiness/Operational", "Provider_Name": "Microsoft-Windows-HelloForBusiness", "Computer": "DESKTOP-OFJ6N53", "TimeCreated": "2022-11-01 11:51:14.868027+00:00", "RecordID": "709", "Level": "16", "UserID": "S-1-5-19", "EventData.ServiceName": "Microsoft Passport Container"}
{"EventID": "8025", "Channel": "Microsoft-Windows-HelloForBusiness/Operational", "Provider_Name": "Microsoft-Windows-HelloForBusiness", "Computer": "DESKTOP-OFJ6N53", "TimeCreated": "2022-11-01 12:55:47.595900+00:00", "RecordID": "710", "Level": "16", "UserID": "S-1-5-19", "EventData.ServiceName": "Microsoft Passport Container"}
{"EventID": "8025", "Channel": "Microsoft-Windows-HelloForBusiness/Operational", "Provider_Name": "Microsoft-Windows-HelloForBusiness", "Computer": "DESKTOP-OFJ6N53", "TimeCreated": "2022-11-01 13:43:32.717638+00:00", "RecordID": "711", "Level": "16", "UserID": "S-1-5-19", "EventData.ServiceName": "Microsoft Passport Container"}
{"EventID": "8025", "Channel": "Microsoft-Windows-HelloForBusiness/Operational", "Provider_Name": "Microsoft-Windows-HelloForBusiness", "Computer": "DESKTOP-OFJ6N53", "TimeCreated": "2022-11-01 17:08:44.244154+00:00", "RecordID": "712", "Level": "16", "UserID": "S-1-5-19", "EventData.ServiceName": "Microsoft Passport Container"}
{"EventID": "8025", "Channel": "Microsoft-Windows-HelloForBusiness/Operational", "Provider_Name": "Microsoft-Windows-HelloForBusiness", "Computer": "DESKTOP-OFJ6N53", "TimeCreated": "2022-11-01 17:20:07.269253+00:00", "RecordID": "713", "Level": "16", "UserID": "S-1-5-18", "EventData.ServiceName": "Microsoft Passport"}
{"EventID": "8025", "Channel": "Microsoft-Windows-HelloForBusiness/Operational", "Provider_Name": "Microsoft-Windows-HelloForBusiness", "Computer": "DESKTOP-OFJ6N53", "TimeCreated": "2022-11-01 17:20:13.292221+00:00", "RecordID": "714", "Level": "16", "UserID": "S-1-5-19", "EventData.ServiceName": "Microsoft Passport Container"}
{"EventID": "8025", "Channel": "Microsoft-Windows-HelloForBusiness/Operational", "Provider_Name": "Microsoft-Windows-HelloForBusiness", "Computer": "DESKTOP-OFJ6N53", "TimeCreated": "2022-11-02 11:32:20.610743+00:00", "RecordID": "715", "Level": "16", "UserID": "S-1-5-19", "EventData.ServiceName": "Microsoft Passport Container"}
{"EventID": "8025", "Channel": "Microsoft-Windows-HelloForBusiness/Operational", "Provider_Name": "Microsoft-Windows-HelloForBusiness", "Computer": "DESKTOP-OFJ6N53", "TimeCreated": "2022-11-02 14:31:18.227812+00:00", "RecordID": "716", "Level": "16", "UserID": "S-1-5-19", "EventData.ServiceName": "Microsoft Passport Container"}
{"EventID": "8025", "Channel": "Microsoft-Windows-HelloForBusiness/Operational", "Provider_Name": "Microsoft-Windows-HelloForBusiness", "Computer": "DESKTOP-OFJ6N53", "TimeCreated": "2022-11-02 15:49:02.248932+00:00", "RecordID": "717", "Level": "16", "UserID": "S-1-5-19", "EventData.ServiceName": "Microsoft Passport Container"}
{"EventID": "8025", "Channel": "Microsoft-Windows-HelloForBusiness/Operational", "Provider_Name": "Microsoft-Windows-HelloForBusiness", "Computer": "DESKTOP-OFJ6N53", "TimeCreated": "2022-11-02 16:24:31.845102+00:00", "RecordID": "718", "Level": "16", "UserID": "S-1-5-19", "EventData.ServiceName": "Microsoft Passport Container"}
{"EventID": "8025", "Channel": "Microsoft-Windows-HelloForBusiness/Operational", "Provider_Name": "Microsoft-Windows-HelloForBusiness", "Computer": "DESKTOP-OFJ6N53", "TimeCreated": "2022-11-02 17:01:48.503033+00:00", "RecordID": "719", "Level": "16", "UserID": "S-1-5-19", "EventData.ServiceName": "Microsoft Passport Container"}
{"EventID": "8025", "Channel": "Microsoft-Windows-HelloForBusiness/Operational", "Provider_Name": "Microsoft-Windows-HelloForBusiness", "Computer": "DESKTOP-OFJ6N53", "TimeCreated": "2022-11-02 18:19:47.012363+00:00", "RecordID": "720", "Level": "16", "UserID": "S-1-5-18", "EventData.ServiceName": "Microsoft Passport"}
{"EventID": "8025", "Channel": "Microsoft-Windows-HelloForBusiness/Operational", "Provider_Name": "Microsoft-Windows-HelloForBusiness", "Computer": "DESKTOP-OFJ6N53", "TimeCreated": "2022-11-02 18:19:49.651880+00:00", "RecordID": "721", "Level": "16", "UserID": "S-1-5-19", "EventData.ServiceName": "Microsoft Passport Container"}
{"EventID": "8025", "Channel": "Microsoft-Windows-HelloForBusiness/Operational", "Provider_Name": "Microsoft-Windows-HelloForBusiness", "Computer": "DESKTOP-OFJ6N53", "TimeCreated": "2022-11-02 23:35:56.982290+00:00", "RecordID": "722", "Level": "16", "UserID": "S-1-5-19", "EventData.ServiceName": "Microsoft Passport Container"}
{"EventID": "8025", "Channel": "Microsoft-Windows-HelloForBusiness/Operational", "Provider_Name": "Microsoft-Windows-HelloForBusiness", "Computer": "DESKTOP-OFJ6N53", "TimeCreated": "2022-11-07 13:57:10.680090+00:00", "RecordID": "723", "Level": "16", "UserID": "S-1-5-19", "EventData.ServiceName": "Microsoft Passport Container"}
{"EventID": "8025", "Channel": "Microsoft-Windows-HelloForBusiness/Operational", "Provider_Name": "Microsoft-Windows-HelloForBusiness", "Computer": "DESKTOP-OFJ6N53", "TimeCreated": "2022-11-07 23:04:24.656694+00:00", "RecordID": "724", "Level": "16", "UserID": "S-1-5-19", "EventData.ServiceName": "Microsoft Passport Container"}
{"EventID": "8025", "Channel": "Microsoft-Windows-HelloForBusiness/Operational", "Provider_Name": "Microsoft-Windows-HelloForBusiness", "Computer": "DESKTOP-OFJ6N53", "TimeCreated": "2022-11-08 00:23:50.108793+00:00", "RecordID": "725", "Level": "16", "UserID": "S-1-5-18", "EventData.ServiceName": "Microsoft Passport"}
{"EventID": "8025", "Channel": "Microsoft-Windows-HelloForBusiness/Operational", "Provider_Name": "Microsoft-Windows-HelloForBusiness", "Computer": "DESKTOP-OFJ6N53", "TimeCreated": "2022-11-08 00:23:53.237015+00:00", "RecordID": "726", "Level": "16", "UserID": "S-1-5-19", "EventData.ServiceName": "Microsoft Passport Container"}
{"EventID": "8025", "Channel": "Microsoft-Windows-HelloForBusiness/Operational", "Provider_Name": "Microsoft-Windows-HelloForBusiness", "Computer": "DESKTOP-OFJ6N53", "TimeCreated": "2022-11-08 00:47:15.970657+00:00", "RecordID": "727", "Level": "16", "UserID": "S-1-5-19", "EventData.ServiceName": "Microsoft Passport Container"}
{"EventID": "8025", "Channel": "Microsoft-Windows-HelloForBusiness/Operational", "Provider_Name": "Microsoft-Windows-HelloForBusiness", "Computer": "DESKTOP-OFJ6N53", "TimeCreated": "2022-11-08 15:24:01.558374+00:00", "RecordID": "728", "Level": "16", "UserID": "S-1-5-19", "EventData.ServiceName": "Microsoft Passport Container"}
{"EventID": "8025", "Channel": "Microsoft-Windows-HelloForBusiness/Operational", "Provider_Name": "Microsoft-Windows-HelloForBusiness", "Computer": "DESKTOP-OFJ6N53", "TimeCreated": "2022-11-08 20:50:17.520947+00:00", "RecordID": "729", "Level": "16", "UserID": "S-1-5-19", "EventData.ServiceName": "Microsoft Passport Container"}
{"EventID": "8025", "Channel": "Microsoft-Windows-HelloForBusiness/Operational", "Provider_Name": "Microsoft-Windows-HelloForBusiness", "Computer": "DESKTOP-OFJ6N53", "TimeCreated": "2022-11-08 22:45:11.432039+00:00", "RecordID": "730", "Level": "16", "UserID": "S-1-5-19", "EventData.ServiceName": "Microsoft Passport Container"}
{"EventID": "8025", "Channel": "Microsoft-Windows-HelloForBusiness/Operational", "Provider_Name": "Microsoft-Windows-HelloForBusiness", "Computer": "DESKTOP-OFJ6N53", "TimeCreated": "2022-11-09 09:26:36.319580+00:00", "RecordID": "731", "Level": "16", "UserID": "S-1-5-19", "EventData.ServiceName": "Microsoft Passport Container"}
{"EventID": "8025", "Channel": "Microsoft-Windows-HelloForBusiness/Operational", "Provider_Name": "Microsoft-Windows-HelloForBusiness", "Computer": "DESKTOP-OFJ6N53", "TimeCreated": "2022-11-09 12:28:01.998064+00:00", "RecordID": "732", "Level": "16", "UserID": "S-1-5-19", "EventData.ServiceName": "Microsoft Passport Container"}
{"EventID": "8025", "Channel": "Microsoft-Windows-HelloForBusiness/Operational", "Provider_Name": "Microsoft-Windows-HelloForBusiness", "Computer": "DESKTOP-OFJ6N53", "TimeCreated": "2022-11-09 14:11:11.828451+00:00", "RecordID": "733", "Level": "16", "UserID": "S-1-5-19", "EventData.ServiceName": "Microsoft Passport Container"}
{"EventID": "8025", "Channel": "Microsoft-Windows-HelloForBusiness/Operational", "Provider_Name": "Microsoft-Windows-HelloForBusiness", "Computer": "DESKTOP-OFJ6N53", "TimeCreated": "2022-11-09 14:41:44.716318+00:00", "RecordID": "734", "Level": "16", "UserID": "S-1-5-19", "EventData.ServiceName": "Microsoft Passport Container"}
{"EventID": "5520", "Channel": "Microsoft-Windows-HelloForBusiness/Operational", "Provider_Name": "Microsoft-Windows-HelloForBusiness", "Computer": "DESKTOP-OFJ6N53", "TimeCreated": "2022-11-09 14:44:56.877760+00:00", "RecordID": "735", "Level": "4", "UserID": "S-1-5-18"}
{"EventID": "3054", "Channel": "Microsoft-Windows-HelloForBusiness/Operational", "Provider_Name": "Microsoft-Windows-HelloForBusiness", "Computer": "DESKTOP-OFJ6N53", "TimeCreated": "2022-11-09 14:45:04.023273+00:00", "RecordID": "736", "Level": "4", "UserID": "S-1-5-21-963789628-1060504924-4285088085-1001"}
{"EventID": "8210", "Channel": "Microsoft-Windows-HelloForBusiness/Operational", "Provider_Name": "Microsoft-Windows-HelloForBusiness", "Computer": "DESKTOP-OFJ6N53", "TimeCreated": "2022-11-09 14:45:04.023275+00:00", "RecordID": "737", "Level": "16", "UserID": "S-1-5-21-963789628-1060504924-4285088085-1001"}
{"EventID": "7201", "Channel": "Microsoft-Windows-HelloForBusiness/Operational", "Provider_Name": "Microsoft-Windows-HelloForBusiness", "Computer": "DESKTOP-OFJ6N53", "TimeCreated": "2022-11-09 14:45:04.023275+00:00", "RecordID": "738", "Level": "2", "UserID": "S-1-5-21-963789628-1060504924-4285088085-1001"}
{"EventID": "7054", "Channel": "Microsoft-Windows-HelloForBusiness/Operational", "Provider_Name": "Microsoft-Windows-HelloForBusiness", "Computer": "DESKTOP-OFJ6N53", "TimeCreated": "2022-11-09 14:45:04.023275+00:00", "RecordID": "739", "Level": "2", "UserID": "S-1-5-21-963789628-1060504924-4285088085-1001", "EventData.Error": "0x00000001"}
{"EventID": "8025", "Channel": "Microsoft-Windows-HelloForBusiness/Operational", "Provider_Name": "Microsoft-Windows-HelloForBusiness", "Computer": "DESKTOP-OFJ6N53", "TimeCreated": "2022-11-09 14:45:25.226379+00:00", "RecordID": "740", "Level": "16", "UserID": "S-1-5-18", "EventData.ServiceName": "Microsoft Passport"}
{"EventID": "8025", "Channel": "Microsoft-Windows-HelloForBusiness/Operational", "Provider_Name": "Microsoft-Windows-HelloForBusiness", "Computer": "DESKTOP-OFJ6N53", "TimeCreated": "2022-11-09 14:55:24.475698+00:00", "RecordID": "741", "Level": "16", "UserID": "S-1-5-18", "EventData.ServiceName": "Microsoft Passport"}
{"EventID": "5520", "Channel": "Microsoft-Windows-HelloForBusiness/Operational", "Provider_Name": "Microsoft-Windows-HelloForBusiness", "Computer": "DESKTOP-OFJ6N53", "TimeCreated": "2022-11-09 15:23:31.961851+00:00", "RecordID": "742", "Level": "4", "UserID": "S-1-5-18"}
{"EventID": "8025", "Channel": "Microsoft-Windows-HelloForBusiness/Operational", "Provider_Name": "Microsoft-Windows-HelloForBusiness", "Computer": "DESKTOP-OFJ6N53", "TimeCreated": "2022-11-09 15:43:15.831680+00:00", "RecordID": "743", "Level": "16", "UserID": "S-1-5-18", "EventData.ServiceName": "Microsoft Passport"}
{"EventID": "8025", "Channel": "Microsoft-Windows-HelloForBusiness/Operational", "Provider_Name": "Microsoft-Windows-HelloForBusiness", "Computer": "DESKTOP-OFJ6N53", "TimeCreated": "2022-11-10 09:26:01.406734+00:00", "RecordID": "744", "Level": "16", "UserID": "S-1-5-19", "EventData.ServiceName": "Microsoft Passport Container"}
{"EventID": "8025", "Channel": "Microsoft-Windows-HelloForBusiness/Operational", "Provider_Name": "Microsoft-Windows-HelloForBusiness", "Computer": "DESKTOP-OFJ6N53", "TimeCreated": "2022-11-10 09:28:35.177187+00:00", "RecordID": "745", "Level": "16", "UserID": "S-1-5-19", "EventData.ServiceName": "Microsoft Passport Container"}
{"EventID": "5520", "Channel": "Microsoft-Windows-HelloForBusiness/Operational", "Provider_Name": "Microsoft-Windows-HelloForBusiness", "Computer": "DESKTOP-OFJ6N53", "TimeCreated": "2022-11-10 09:28:39.908964+00:00", "RecordID": "746", "Level": "4", "UserID": "S-1-5-18"}
{"EventID": "3054", "Channel": "Microsoft-Windows-HelloForBusiness/Operational", "Provider_Name": "Microsoft-Windows-HelloForBusiness", "Computer": "DESKTOP-OFJ6N53", "TimeCreated": "2022-11-10 09:28:41.814178+00:00", "RecordID": "747", "Level": "4", "UserID": "S-1-5-21-963789628-1060504924-4285088085-1001"}
{"EventID": "8210", "Channel": "Microsoft-Windows-HelloForBusiness/Operational", "Provider_Name": "Microsoft-Windows-HelloForBusiness", "Computer": "DESKTOP-OFJ6N53", "TimeCreated": "2022-11-10 09:28:41.814182+00:00", "RecordID": "748", "Level": "16", "UserID": "S-1-5-21-963789628-1060504924-4285088085-1001"}
{"EventID": "7201", "Channel": "Microsoft-Windows-HelloForBusiness/Operational", "Provider_Name": "Microsoft-Windows-HelloForBusiness", "Computer": "DESKTOP-OFJ6N53", "TimeCreated": "2022-11-10 09:28:41.814184+00:00", "RecordID": "749", "Level": "2", "UserID": "S-1-5-21-963789628-1060504924-4285088085-1001"}
{"EventID": "7054", "Channel": "Microsoft-Windows-HelloForBusiness/Operational", "Provider_Name": "Microsoft-Windows-HelloForBusiness", "Computer": "DESKTOP-OFJ6N53", "TimeCreated": "2022-11-10 09:28:41.814184+00:00", "RecordID": "750", "Level": "2", "UserID": "S-1-5-21-963789628-1060504924-4285088085-1001", "EventData.Error": "0x00000001"}
{"EventID": "5520", "Channel": "Microsoft-Windows-HelloForBusiness/Operational", "Provider_Name": "Microsoft-Windows-HelloForBusiness", "Computer": "DESKTOP-OFJ6N53", "TimeCreated": "2022-11-10 12:06:07.706465+00:00", "RecordID": "751", "Level": "4", "UserID": "S-1-5-18"}
{"EventID": "8025", "Channel": "Microsoft-Windows-HelloForBusiness/Operational", "Provider_Name": "Microsoft-Windows-HelloForBusiness", "Computer": "DESKTOP-OFJ6N53", "TimeCreated": "2022-11-14 16:02:25.045177+00:00", "RecordID": "752", "Level": "16", "UserID": "S-1-5-18", "EventData.ServiceName": "Microsoft Passport"}
{"EventID": "8025", "Channel": "Microsoft-Windows-HelloForBusiness/Operational", "Provider_Name": "Microsoft-Windows-HelloForBusiness", "Computer": "DESKTOP-OFJ6N53", "TimeCreated": "2022-11-17 09:17:42.470253+00:00", "RecordID": "753", "Level": "16", "UserID": "S-1-5-18", "EventData.ServiceName": "Microsoft Passport"}
{"EventID": "8025", "Channel": "Microsoft-Windows-HelloForBusiness/Operational", "Provider_Name": "Microsoft-Windows-HelloForBusiness", "Computer": "DESKTOP-OFJ6N53", "TimeCreated": "2022-11-17 13:17:40.604666+00:00", "RecordID": "754", "Level": "16", "UserID": "S-1-5-19", "EventData.ServiceName": "Microsoft Passport Container"}
{"EventID": "3054", "Channel": "Microsoft-Windows-HelloForBusiness/Operational", "Provider_Name": "Microsoft-Windows-HelloForBusiness", "Computer": "DESKTOP-OFJ6N53", "TimeCreated": "2022-11-17 17:36:37.959641+00:00", "RecordID": "755", "Level": "4", "UserID": "S-1-5-21-963789628-1060504924-4285088085-1001"}
{"EventID": "7210", "Channel": "Microsoft-Windows-HelloForBusiness/Operational", "Provider_Name": "Microsoft-Windows-HelloForBusiness", "Computer": "DESKTOP-OFJ6N53", "TimeCreated": "2022-11-17 17:36:37.962061+00:00", "RecordID": "756", "Level": "2", "UserID": "S-1-5-21-963789628-1060504924-4285088085-1001"}
{"EventID": "7054", "Channel": "Microsoft-Windows-HelloForBusiness/Operational", "Provider_Name": "Microsoft-Windows-HelloForBusiness", "Computer": "DESKTOP-OFJ6N53", "TimeCreated": "2022-11-17 17:36:37.962065+00:00", "RecordID": "757", "Level": "2", "UserID": "S-1-5-21-963789628-1060504924-4285088085-1001", "EventData.Error": "0x00000001"}
{"EventID": "8025", "Channel": "Microsoft-Windows-HelloForBusiness/Operational", "Provider_Name": "Microsoft-Windows-HelloForBusiness", "Computer": "DESKTOP-OFJ6N53", "TimeCreated": "2022-11-17 17:39:34.924843+00:00", "RecordID": "758", "Level": "16", "UserID": "S-1-5-19", "EventData.ServiceName": "Microsoft Passport Container"}
{"EventID": "5520", "Channel": "Microsoft-Windows-HelloForBusiness/Operational", "Provider_Name": "Microsoft-Windows-HelloForBusiness", "Computer": "DESKTOP-OFJ6N53", "TimeCreated": "2022-11-17 17:39:35.092543+00:00", "RecordID": "759", "Level": "4", "UserID": "S-1-5-18"}
{"EventID": "3054", "Channel": "Microsoft-Windows-HelloForBusiness/Operational", "Provider_Name": "Microsoft-Windows-HelloForBusiness", "Computer": "DESKTOP-OFJ6N53", "TimeCreated": "2022-11-17 17:39:58.208769+00:00", "RecordID": "760", "Level": "4", "UserID": "S-1-5-21-963789628-1060504924-4285088085-1001"}
{"EventID": "7210", "Channel": "Microsoft-Windows-HelloForBusiness/Operational", "Provider_Name": "Microsoft-Windows-HelloForBusiness", "Computer": "DESKTOP-OFJ6N53", "TimeCreated": "2022-11-17 17:39:58.208780+00:00", "RecordID": "761", "Level": "2", "UserID": "S-1-5-21-963789628-1060504924-4285088085-1001"}
{"EventID": "7054", "Channel": "Microsoft-Windows-HelloForBusiness/Operational", "Provider_Name": "Microsoft-Windows-HelloForBusiness", "Computer": "DESKTOP-OFJ6N53", "TimeCreated": "2022-11-17 17:39:58.208780+00:00", "RecordID": "762", "Level": "2", "UserID": "S-1-5-21-963789628-1060504924-4285088085-1001", "EventData.Error": "0x00000001"}
{"EventID": "8025", "Channel": "Microsoft-Windows-HelloForBusiness/Operational", "Provider_Name": "Microsoft-Windows-HelloForBusiness", "Computer": "DESKTOP-OFJ6N53", "TimeCreated": "2022-11-18 00:57:22.109312+00:00", "RecordID": "763", "Level": "16", "UserID": "S-1-5-19", "EventData.ServiceName": "Microsoft Passport Container"}
{"EventID": "5520", "Channel": "Microsoft-Windows-HelloForBusiness/Operational", "Provider_Name": "Microsoft-Windows-HelloForBusiness", "Computer": "DESKTOP-OFJ6N53", "TimeCreated": "2022-11-18 00:57:47.500391+00:00", "RecordID": "764", "Level": "4", "UserID": "S-1-5-18"}
{"EventID": "3054", "Channel": "Microsoft-Windows-HelloForBusiness/Operational", "Provider_Name": "Microsoft-Windows-HelloForBusiness", "Computer": "DESKTOP-OFJ6N53", "TimeCreated": "2022-11-18 08:31:36.494015+00:00", "RecordID": "765", "Level": "4", "UserID": "S-1-5-21-963789628-1060504924-4285088085-1001"}
{"EventID": "7210", "Channel": "Microsoft-Windows-HelloForBusiness/Operational", "Provider_Name": "Microsoft-Windows-HelloForBusiness", "Computer": "DESKTOP-OFJ6N53", "TimeCreated": "2022-11-18 08:31:36.500193+00:00", "RecordID": "766", "Level": "2", "UserID": "S-1-5-21-963789628-1060504924-4285088085-1001"}
{"EventID": "7054", "Channel": "Microsoft-Windows-HelloForBusiness/Operational", "Provider_Name": "Microsoft-Windows-HelloForBusiness", "Computer": "DESKTOP-OFJ6N53", "TimeCreated": "2022-11-18 08:31:36.500196+00:00", "RecordID": "767", "Level": "2", "UserID": "S-1-5-21-963789628-1060504924-4285088085-1001", "EventData.Error": "0x00000001"}
{"EventID": "8025", "Channel": "Microsoft-Windows-HelloForBusiness/Operational", "Provider_Name": "Microsoft-Windows-HelloForBusiness", "Computer": "DESKTOP-OFJ6N53", "TimeCreated": "2022-11-18 11:36:33.553007+00:00", "RecordID": "768", "Level": "16", "UserID": "S-1-5-18", "EventData.ServiceName": "Microsoft Passport"}
{"EventID": "8025", "Channel": "Microsoft-Windows-HelloForBusiness/Operational", "Provider_Name": "Microsoft-Windows-HelloForBusiness", "Computer": "DESKTOP-OFJ6N53", "TimeCreated": "2022-11-19 20:54:12.923372+00:00", "RecordID": "769", "Level": "16", "UserID": "S-1-5-19", "EventData.ServiceName": "Microsoft Passport Container"}
{"EventID": "5520", "Channel": "Microsoft-Windows-HelloForBusiness/Operational", "Provider_Name": "Microsoft-Windows-HelloForBusiness", "Computer": "DESKTOP-OFJ6N53", "TimeCreated": "2022-11-19 20:56:33.826746+00:00", "RecordID": "770", "Level": "4", "UserID": "S-1-5-18"}
{"EventID": "8025", "Channel": "Microsoft-Windows-HelloForBusiness/Operational", "Provider_Name": "Microsoft-Windows-HelloForBusiness", "Computer": "DESKTOP-OFJ6N53", "TimeCreated": "2022-11-19 20:56:34.437008+00:00", "RecordID": "771", "Level": "16", "UserID": "S-1-5-19", "EventData.ServiceName": "Microsoft Passport Container"}
{"EventID": "3054", "Channel": "Microsoft-Windows-HelloForBusiness/Operational", "Provider_Name": "Microsoft-Windows-HelloForBusiness", "Computer": "DESKTOP-OFJ6N53", "TimeCreated": "2022-11-19 20:58:00.412891+00:00", "RecordID": "772", "Level": "4", "UserID": "S-1-5-21-963789628-1060504924-4285088085-1001"}
{"EventID": "7210", "Channel": "Microsoft-Windows-HelloForBusiness/Operational", "Provider_Name": "Microsoft-Windows-HelloForBusiness", "Computer": "DESKTOP-OFJ6N53", "TimeCreated": "2022-11-19 20:58:00.415491+00:00", "RecordID": "773", "Level": "2", "UserID": "S-1-5-21-963789628-1060504924-4285088085-1001"}
{"EventID": "7054", "Channel": "Microsoft-Windows-HelloForBusiness/Operational", "Provider_Name": "Microsoft-Windows-HelloForBusiness", "Computer": "DESKTOP-OFJ6N53", "TimeCreated": "2022-11-19 20:58:00.415493+00:00", "RecordID": "774", "Level": "2", "UserID": "S-1-5-21-963789628-1060504924-4285088085-1001", "EventData.Error": "0x00000001"}
{"EventID": "8025", "Channel": "Microsoft-Windows-HelloForBusiness/Operational", "Provider_Name": "Microsoft-Windows-HelloForBusiness", "Computer": "DESKTOP-OFJ6N53", "TimeCreated": "2022-11-21 07:56:28.231142+00:00", "RecordID": "775", "Level": "16", "UserID": "S-1-5-19", "EventData.ServiceName": "Microsoft Passport Container"}
{"EventID": "5520", "Channel": "Microsoft-Windows-HelloForBusiness/Operational", "Provider_Name": "Microsoft-Windows-HelloForBusiness", "Computer": "DESKTOP-OFJ6N53", "TimeCreated": "2022-11-21 07:56:28.625996+00:00", "RecordID": "776", "Level": "4", "UserID": "S-1-5-18"}
{"EventID": "3054", "Channel": "Microsoft-Windows-HelloForBusiness/Operational", "Provider_Name": "Microsoft-Windows-HelloForBusiness", "Computer": "DESKTOP-OFJ6N53", "TimeCreated": "2022-11-21 07:56:51.870651+00:00", "RecordID": "777", "Level": "4", "UserID": "S-1-5-21-963789628-1060504924-4285088085-1001"}
{"EventID": "7210", "Channel": "Microsoft-Windows-HelloForBusiness/Operational", "Provider_Name": "Microsoft-Windows-HelloForBusiness", "Computer": "DESKTOP-OFJ6N53", "TimeCreated": "2022-11-21 07:56:51.871653+00:00", "RecordID": "778", "Level": "2", "UserID": "S-1-5-21-963789628-1060504924-4285088085-1001"}
{"EventID": "7054", "Channel": "Microsoft-Windows-HelloForBusiness/Operational", "Provider_Name": "Microsoft-Windows-HelloForBusiness", "Computer": "DESKTOP-OFJ6N53", "TimeCreated": "2022-11-21 07:56:51.871655+00:00", "RecordID": "779", "Level": "2", "UserID": "S-1-5-21-963789628-1060504924-4285088085-1001", "EventData.Error": "0x00000001"}
{"EventID": "8025", "Channel": "Microsoft-Windows-HelloForBusiness/Operational", "Provider_Name": "Microsoft-Windows-HelloForBusiness", "Computer": "DESKTOP-OFJ6N53", "TimeCreated": "2022-11-21 08:51:59.717287+00:00", "RecordID": "780", "Level": "16", "UserID": "S-1-5-18", "EventData.ServiceName": "Microsoft Passport"}
{"EventID": "8025", "Channel": "Microsoft-Windows-HelloForBusiness/Operational", "Provider_Name": "Microsoft-Windows-HelloForBusiness", "Computer": "DESKTOP-OFJ6N53", "TimeCreated": "2022-11-21 19:23:51.252510+00:00", "RecordID": "781", "Level": "16", "UserID": "S-1-5-19", "EventData.ServiceName": "Microsoft Passport Container"}
{"EventID": "8025", "Channel": "Microsoft-Windows-HelloForBusiness/Operational", "Provider_Name": "Microsoft-Windows-HelloForBusiness", "Computer": "DESKTOP-OFJ6N53", "TimeCreated": "2022-11-22 07:19:54.236876+00:00", "RecordID": "782", "Level": "16", "UserID": "S-1-5-19", "EventData.ServiceName": "Microsoft Passport Container"}
{"EventID": "5520", "Channel": "Microsoft-Windows-HelloForBusiness/Operational", "Provider_Name": "Microsoft-Windows-HelloForBusiness", "Computer": "DESKTOP-OFJ6N53", "TimeCreated": "2022-11-22 07:19:54.925184+00:00", "RecordID": "783", "Level": "4", "UserID": "S-1-5-18"}
{"EventID": "3054", "Channel": "Microsoft-Windows-HelloForBusiness/Operational", "Provider_Name": "Microsoft-Windows-HelloForBusiness", "Computer": "DESKTOP-OFJ6N53", "TimeCreated": "2022-11-22 07:20:15.138186+00:00", "RecordID": "784", "Level": "4", "UserID": "S-1-5-21-963789628-1060504924-4285088085-1001"}
{"EventID": "7210", "Channel": "Microsoft-Windows-HelloForBusiness/Operational", "Provider_Name": "Microsoft-Windows-HelloForBusiness", "Computer": "DESKTOP-OFJ6N53", "TimeCreated": "2022-11-22 07:20:15.141407+00:00", "RecordID": "785", "Level": "2", "UserID": "S-1-5-21-963789628-1060504924-4285088085-1001"}
{"EventID": "7054", "Channel": "Microsoft-Windows-HelloForBusiness/Operational", "Provider_Name": "Microsoft-Windows-HelloForBusiness", "Computer": "DESKTOP-OFJ6N53", "TimeCreated": "2022-11-22 07:20:15.141411+00:00", "RecordID": "786", "Level": "2", "UserID": "S-1-5-21-963789628-1060504924-4285088085-1001", "EventData.Error": "0x00000001"}
{"EventID": "8025", "Channel": "Microsoft-Windows-HelloForBusiness/Operational", "Provider_Name": "Microsoft-Windows-HelloForBusiness", "Computer": "DESKTOP-OFJ6N53", "TimeCreated": "2022-11-22 11:57:12.119499+00:00", "RecordID": "787", "Level": "16", "UserID": "S-1-5-19", "EventData.ServiceName": "Microsoft Passport Container"}
{"EventID": "5520", "Channel": "Microsoft-Windows-HelloForBusiness/Operational", "Provider_Name": "Microsoft-Windows-HelloForBusiness", "Computer": "DESKTOP-OFJ6N53", "TimeCreated": "2022-11-22 11:57:12.513731+00:00", "RecordID": "788", "Level": "4", "UserID": "S-1-5-18"}
{"EventID": "3054", "Channel": "Microsoft-Windows-HelloForBusiness/Operational", "Provider_Name": "Microsoft-Windows-HelloForBusiness", "Computer": "DESKTOP-OFJ6N53", "TimeCreated": "2022-11-22 11:58:33.318539+00:00", "RecordID": "789", "Level": "4", "UserID": "S-1-5-21-963789628-1060504924-4285088085-1001"}
{"EventID": "7210", "Channel": "Microsoft-Windows-HelloForBusiness/Operational", "Provider_Name": "Microsoft-Windows-HelloForBusiness", "Computer": "DESKTOP-OFJ6N53", "TimeCreated": "2022-11-22 11:58:33.319468+00:00", "RecordID": "790", "Level": "2", "UserID": "S-1-5-21-963789628-1060504924-4285088085-1001"}
{"EventID": "7054", "Channel": "Microsoft-Windows-HelloForBusiness/Operational", "Provider_Name": "Microsoft-Windows-HelloForBusiness", "Computer": "DESKTOP-OFJ6N53", "TimeCreated": "2022-11-22 11:58:33.319468+00:00", "RecordID": "791", "Level": "2", "UserID": "S-1-5-21-963789628-1060504924-4285088085-1001", "EventData.Error": "0x00000001"}
{"EventID": "8025", "Channel": "Microsoft-Windows-HelloForBusiness/Operational", "Provider_Name": "Microsoft-Windows-HelloForBusiness", "Computer": "DESKTOP-OFJ6N53", "TimeCreated": "2022-11-22 12:12:24.954493+00:00", "RecordID": "792", "Level": "16", "UserID": "S-1-5-18", "EventData.ServiceName": "Microsoft Passport"}
{"EventID": "8025", "Channel": "Microsoft-Windows-HelloForBusiness/Operational", "Provider_Name": "Microsoft-Windows-HelloForBusiness", "Computer": "DESKTOP-OFJ6N53", "TimeCreated": "2022-11-23 10:14:42.166813+00:00", "RecordID": "793", "Level": "16", "UserID": "S-1-5-19", "EventData.ServiceName": "Microsoft Passport Container"}
{"EventID": "8025", "Channel": "Microsoft-Windows-HelloForBusiness/Operational", "Provider_Name": "Microsoft-Windows-HelloForBusiness", "Computer": "DESKTOP-OFJ6N53", "TimeCreated": "2022-11-23 10:30:55.941875+00:00", "RecordID": "794", "Level": "16", "UserID": "S-1-5-19", "EventData.ServiceName": "Microsoft Passport Container"}
{"EventID": "8025", "Channel": "Microsoft-Windows-HelloForBusiness/Operational", "Provider_Name": "Microsoft-Windows-HelloForBusiness", "Computer": "DESKTOP-OFJ6N53", "TimeCreated": "2022-11-24 08:39:15.278229+00:00", "RecordID": "795", "Level": "16", "UserID": "S-1-5-19", "EventData.ServiceName": "Microsoft Passport Container"}
{"EventID": "8025", "Channel": "Microsoft-Windows-HelloForBusiness/Operational", "Provider_Name": "Microsoft-Windows-HelloForBusiness", "Computer": "DESKTOP-OFJ6N53", "TimeCreated": "2022-11-24 10:16:01.548479+00:00", "RecordID": "796", "Level": "16", "UserID": "S-1-5-19", "EventData.ServiceName": "Microsoft Passport Container"}
{"EventID": "8025", "Channel": "Microsoft-Windows-HelloForBusiness/Operational", "Provider_Name": "Microsoft-Windows-HelloForBusiness", "Computer": "DESKTOP-OFJ6N53", "TimeCreated": "2022-11-24 10:52:08.174309+00:00", "RecordID": "797", "Level": "16", "UserID": "S-1-5-19", "EventData.ServiceName": "Microsoft Passport Container"}
{"EventID": "5520", "Channel": "Microsoft-Windows-HelloForBusiness/Operational", "Provider_Name": "Microsoft-Windows-HelloForBusiness", "Computer": "DESKTOP-OFJ6N53", "TimeCreated": "2022-11-24 10:52:08.319704+00:00", "RecordID": "798", "Level": "4", "UserID": "S-1-5-18"}
{"EventID": "3054", "Channel": "Microsoft-Windows-HelloForBusiness/Operational", "Provider_Name": "Microsoft-Windows-HelloForBusiness", "Computer": "DESKTOP-OFJ6N53", "TimeCreated": "2022-11-24 10:54:16.484901+00:00", "RecordID": "799", "Level": "4", "UserID": "S-1-5-21-963789628-1060504924-4285088085-1001"}
{"EventID": "7210", "Channel": "Microsoft-Windows-HelloForBusiness/Operational", "Provider_Name": "Microsoft-Windows-HelloForBusiness", "Computer": "DESKTOP-OFJ6N53", "TimeCreated": "2022-11-24 10:54:16.485743+00:00", "RecordID": "800", "Level": "2", "UserID": "S-1-5-21-963789628-1060504924-4285088085-1001"}
{"EventID": "7054", "Channel": "Microsoft-Windows-HelloForBusiness/Operational", "Provider_Name": "Microsoft-Windows-HelloForBusiness", "Computer": "DESKTOP-OFJ6N53", "TimeCreated": "2022-11-24 10:54:16.485746+00:00", "RecordID": "801", "Level": "2", "UserID": "S-1-5-21-963789628-1060504924-4285088085-1001", "EventData.Error": "0x00000001"}
{"EventID": "8025", "Channel": "Microsoft-Windows-HelloForBusiness/Operational", "Provider_Name": "Microsoft-Windows-HelloForBusiness", "Computer": "DESKTOP-OFJ6N53", "TimeCreated": "2022-11-24 13:43:13.293730+00:00", "RecordID": "802", "Level": "16", "UserID": "S-1-5-18", "EventData.ServiceName": "Microsoft Passport"}
{"EventID": "8025", "Channel": "Microsoft-Windows-HelloForBusiness/Operational", "Provider_Name": "Microsoft-Windows-HelloForBusiness", "Computer": "DESKTOP-OFJ6N53", "TimeCreated": "2022-11-24 17:57:04.914635+00:00", "RecordID": "803", "Level": "16", "UserID": "S-1-5-19", "EventData.ServiceName": "Microsoft Passport Container"}
{"EventID": "8025", "Channel": "Microsoft-Windows-HelloForBusiness/Operational", "Provider_Name": "Microsoft-Windows-HelloForBusiness", "Computer": "DESKTOP-OFJ6N53", "TimeCreated": "2022-11-25 07:55:20.766077+00:00", "RecordID": "804", "Level": "16", "UserID": "S-1-5-19", "EventData.ServiceName": "Microsoft Passport Container"}
{"EventID": "8025", "Channel": "Microsoft-Windows-HelloForBusiness/Operational", "Provider_Name": "Microsoft-Windows-HelloForBusiness", "Computer": "DESKTOP-OFJ6N53", "TimeCreated": "2022-11-25 17:03:15.753550+00:00", "RecordID": "805", "Level": "16", "UserID": "S-1-5-19", "EventData.ServiceName": "Microsoft Passport Container"}
{"EventID": "8025", "Channel": "Microsoft-Windows-HelloForBusiness/Operational", "Provider_Name": "Microsoft-Windows-HelloForBusiness", "Computer": "DESKTOP-OFJ6N53", "TimeCreated": "2022-11-28 08:00:24.004213+00:00", "RecordID": "806", "Level": "16", "UserID": "S-1-5-18", "EventData.ServiceName": "Microsoft Passport"}
{"EventID": "8025", "Channel": "Microsoft-Windows-HelloForBusiness/Operational", "Provider_Name": "Microsoft-Windows-HelloForBusiness", "Computer": "DESKTOP-OFJ6N53", "TimeCreated": "2022-11-28 11:07:06.338215+00:00", "RecordID": "807", "Level": "16", "UserID": "S-1-5-19", "EventData.ServiceName": "Microsoft Passport Container"}
{"EventID": "5520", "Channel": "Microsoft-Windows-HelloForBusiness/Operational", "Provider_Name": "Microsoft-Windows-HelloForBusiness", "Computer": "DESKTOP-OFJ6N53", "TimeCreated": "2022-11-28 11:07:06.714954+00:00", "RecordID": "808", "Level": "4", "UserID": "S-1-5-18"}
{"EventID": "3054", "Channel": "Microsoft-Windows-HelloForBusiness/Operational", "Provider_Name": "Microsoft-Windows-HelloForBusiness", "Computer": "DESKTOP-OFJ6N53", "TimeCreated": "2022-11-28 11:26:19.785543+00:00", "RecordID": "809", "Level": "4", "UserID": "S-1-5-21-963789628-1060504924-4285088085-1001"}
{"EventID": "7210", "Channel": "Microsoft-Windows-HelloForBusiness/Operational", "Provider_Name": "Microsoft-Windows-HelloForBusiness", "Computer": "DESKTOP-OFJ6N53", "TimeCreated": "2022-11-28 11:26:19.786600+00:00", "RecordID": "810", "Level": "2", "UserID": "S-1-5-21-963789628-1060504924-4285088085-1001"}
{"EventID": "7054", "Channel": "Microsoft-Windows-HelloForBusiness/Operational", "Provider_Name": "Microsoft-Windows-HelloForBusiness", "Computer": "DESKTOP-OFJ6N53", "TimeCreated": "2022-11-28 11:26:19.786602+00:00", "RecordID": "811", "Level": "2", "UserID": "S-1-5-21-963789628-1060504924-4285088085-1001", "EventData.Error": "0x00000001"}
{"EventID": "8025", "Channel": "Microsoft-Windows-HelloForBusiness/Operational", "Provider_Name": "Microsoft-Windows-HelloForBusiness", "Computer": "DESKTOP-OFJ6N53", "TimeCreated": "2022-11-29 09:38:14.243267+00:00", "RecordID": "812", "Level": "16", "UserID": "S-1-5-18", "EventData.ServiceName": "Microsoft Passport"}
{"EventID": "8025", "Channel": "Microsoft-Windows-HelloForBusiness/Operational", "Provider_Name": "Microsoft-Windows-HelloForBusiness", "Computer": "DESKTOP-OFJ6N53", "TimeCreated": "2022-11-29 09:40:11.497299+00:00", "RecordID": "813", "Level": "16", "UserID": "S-1-5-19", "EventData.ServiceName": "Microsoft Passport Container"}
{"EventID": "5520", "Channel": "Microsoft-Windows-HelloForBusiness/Operational", "Provider_Name": "Microsoft-Windows-HelloForBusiness", "Computer": "DESKTOP-OFJ6N53", "TimeCreated": "2022-11-29 09:40:34.021845+00:00", "RecordID": "814", "Level": "4", "UserID": "S-1-5-18"}
{"EventID": "5520", "Channel": "Microsoft-Windows-HelloForBusiness/Operational", "Provider_Name": "Microsoft-Windows-HelloForBusiness", "Computer": "DESKTOP-OFJ6N53", "TimeCreated": "2022-11-29 09:41:49.481106+00:00", "RecordID": "815", "Level": "4", "UserID": "S-1-5-21-963789628-1060504924-4285088085-1001"}
{"EventID": "5520", "Channel": "Microsoft-Windows-HelloForBusiness/Operational", "Provider_Name": "Microsoft-Windows-HelloForBusiness", "Computer": "DESKTOP-OFJ6N53", "TimeCreated": "2022-11-29 09:42:04.281294+00:00", "RecordID": "816", "Level": "4", "UserID": "S-1-5-21-963789628-1060504924-4285088085-1001"}
{"EventID": "5520", "Channel": "Microsoft-Windows-HelloForBusiness/Operational", "Provider_Name": "Microsoft-Windows-HelloForBusiness", "Computer": "DESKTOP-OFJ6N53", "TimeCreated": "2022-11-29 09:42:14.447206+00:00", "RecordID": "817", "Level": "4", "UserID": "S-1-5-21-963789628-1060504924-4285088085-1001"}
{"EventID": "8025", "Channel": "Microsoft-Windows-HelloForBusiness/Operational", "Provider_Name": "Microsoft-Windows-HelloForBusiness", "Computer": "DESKTOP-OFJ6N53", "TimeCreated": "2022-11-29 11:36:51.521194+00:00", "RecordID": "818", "Level": "16", "UserID": "S-1-5-18", "EventData.ServiceName": "Microsoft Passport"}
{"EventID": "5520", "Channel": "Microsoft-Windows-HelloForBusiness/Operational", "Provider_Name": "Microsoft-Windows-HelloForBusiness", "Computer": "DESKTOP-OFJ6N53", "TimeCreated": "2022-11-29 12:01:02.668882+00:00", "RecordID": "819", "Level": "4", "UserID": "S-1-5-18"}
{"EventID": "8025", "Channel": "Microsoft-Windows-HelloForBusiness/Operational", "Provider_Name": "Microsoft-Windows-HelloForBusiness", "Computer": "DESKTOP-OFJ6N53", "TimeCreated": "2022-11-30 10:05:56.171249+00:00", "RecordID": "820", "Level": "16", "UserID": "S-1-5-19", "EventData.ServiceName": "Microsoft Passport Container"}
{"EventID": "5520", "Channel": "Microsoft-Windows-HelloForBusiness/Operational", "Provider_Name": "Microsoft-Windows-HelloForBusiness", "Computer": "DESKTOP-OFJ6N53", "TimeCreated": "2022-11-30 10:05:56.666199+00:00", "RecordID": "821", "Level": "4", "UserID": "S-1-5-18"}
{"EventID": "3054", "Channel": "Microsoft-Windows-HelloForBusiness/Operational", "Provider_Name": "Microsoft-Windows-HelloForBusiness", "Computer": "DESKTOP-OFJ6N53", "TimeCreated": "2022-11-30 10:10:30.966270+00:00", "RecordID": "822", "Level": "4", "UserID": "S-1-5-21-963789628-1060504924-4285088085-1001"}
{"EventID": "7210", "Channel": "Microsoft-Windows-HelloForBusiness/Operational", "Provider_Name": "Microsoft-Windows-HelloForBusiness", "Computer": "DESKTOP-OFJ6N53", "TimeCreated": "2022-11-30 10:10:30.967093+00:00", "RecordID": "823", "Level": "2", "UserID": "S-1-5-21-963789628-1060504924-4285088085-1001"}
{"EventID": "7054", "Channel": "Microsoft-Windows-HelloForBusiness/Operational", "Provider_Name": "Microsoft-Windows-HelloForBusiness", "Computer": "DESKTOP-OFJ6N53", "TimeCreated": "2022-11-30 10:10:30.967094+00:00", "RecordID": "824", "Level": "2", "UserID": "S-1-5-21-963789628-1060504924-4285088085-1001", "EventData.Error": "0x00000001"}
{"EventID": "8025", "Channel": "Microsoft-Windows-HelloForBusiness/Operational", "Provider_Name": "Microsoft-Windows-HelloForBusiness", "Computer": "DESKTOP-OFJ6N53", "TimeCreated": "2022-11-30 16:03:11.534781+00:00", "RecordID": "825", "Level": "16", "UserID": "S-1-5-18", "EventData.ServiceName": "Microsoft Passport"}
{"EventID": "8025", "Channel": "Microsoft-Windows-HelloForBusiness/Operational", "Provider_Name": "Microsoft-Windows-HelloForBusiness", "Computer": "DESKTOP-OFJ6N53", "TimeCreated": "2022-12-01 09:15:17.288891+00:00", "RecordID": "826", "Level": "16", "UserID": "S-1-5-19", "EventData.ServiceName": "Microsoft Passport Container"}
{"EventID": "8025", "Channel": "Microsoft-Windows-HelloForBusiness/Operational", "Provider_Name": "Microsoft-Windows-HelloForBusiness", "Computer": "DESKTOP-OFJ6N53", "TimeCreated": "2022-12-01 09:43:23.711973+00:00", "RecordID": "827", "Level": "16", "UserID": "S-1-5-19", "EventData.ServiceName": "Microsoft Passport Container"}
{"EventID": "8025", "Channel": "Microsoft-Windows-HelloForBusiness/Operational", "Provider_Name": "Microsoft-Windows-HelloForBusiness", "Computer": "DESKTOP-OFJ6N53", "TimeCreated": "2022-12-01 09:58:03.761202+00:00", "RecordID": "828", "Level": "16", "UserID": "S-1-5-19", "EventData.ServiceName": "Microsoft Passport Container"}
{"EventID": "5520", "Channel": "Microsoft-Windows-HelloForBusiness/Operational", "Provider_Name": "Microsoft-Windows-HelloForBusiness", "Computer": "DESKTOP-OFJ6N53", "TimeCreated": "2022-12-01 09:58:52.306246+00:00", "RecordID": "829", "Level": "4", "UserID": "S-1-5-18"}
{"EventID": "5520", "Channel": "Microsoft-Windows-HelloForBusiness/Operational", "Provider_Name": "Microsoft-Windows-HelloForBusiness", "Computer": "DESKTOP-OFJ6N53", "TimeCreated": "2022-12-01 10:01:03.834576+00:00", "RecordID": "830", "Level": "4", "UserID": "S-1-5-21-963789628-1060504924-4285088085-1001"}
{"EventID": "8025", "Channel": "Microsoft-Windows-HelloForBusiness/Operational", "Provider_Name": "Microsoft-Windows-HelloForBusiness", "Computer": "DESKTOP-OFJ6N53", "TimeCreated": "2022-12-01 10:20:45.073051+00:00", "RecordID": "831", "Level": "16", "UserID": "S-1-5-18", "EventData.ServiceName": "Microsoft Passport"}
{"EventID": "5520", "Channel": "Microsoft-Windows-HelloForBusiness/Operational", "Provider_Name": "Microsoft-Windows-HelloForBusiness", "Computer": "DESKTOP-OFJ6N53", "TimeCreated": "2022-12-01 10:31:44.753847+00:00", "RecordID": "832", "Level": "4", "UserID": "S-1-5-21-963789628-1060504924-4285088085-1001"}
{"EventID": "5520", "Channel": "Microsoft-Windows-HelloForBusiness/Operational", "Provider_Name": "Microsoft-Windows-HelloForBusiness", "Computer": "DESKTOP-OFJ6N53", "TimeCreated": "2022-12-01 12:18:47.446501+00:00", "RecordID": "833", "Level": "4", "UserID": "S-1-5-18"}
{"EventID": "8025", "Channel": "Microsoft-Windows-HelloForBusiness/Operational", "Provider_Name": "Microsoft-Windows-HelloForBusiness", "Computer": "DESKTOP-OFJ6N53", "TimeCreated": "2022-12-01 19:48:25.656172+00:00", "RecordID": "834", "Level": "16", "UserID": "S-1-5-18", "EventData.ServiceName": "Microsoft Passport"}
{"EventID": "8025", "Channel": "Microsoft-Windows-HelloForBusiness/Operational", "Provider_Name": "Microsoft-Windows-HelloForBusiness", "Computer": "DESKTOP-OFJ6N53", "TimeCreated": "2022-12-05 14:55:02.915503+00:00", "RecordID": "835", "Level": "16", "UserID": "S-1-5-18", "EventData.ServiceName": "Microsoft Passport"}
{"EventID": "8025", "Channel": "Microsoft-Windows-HelloForBusiness/Operational", "Provider_Name": "Microsoft-Windows-HelloForBusiness", "Computer": "DESKTOP-OFJ6N53", "TimeCreated": "2022-12-06 11:57:18.089781+00:00", "RecordID": "836", "Level": "16", "UserID": "S-1-5-19", "EventData.ServiceName": "Microsoft Passport Container"}
{"EventID": "5520", "Channel": "Microsoft-Windows-HelloForBusiness/Operational", "Provider_Name": "Microsoft-Windows-HelloForBusiness", "Computer": "DESKTOP-OFJ6N53", "TimeCreated": "2022-12-06 11:57:18.668858+00:00", "RecordID": "837", "Level": "4", "UserID": "S-1-5-18"}
{"EventID": "3054", "Channel": "Microsoft-Windows-HelloForBusiness/Operational", "Provider_Name": "Microsoft-Windows-HelloForBusiness", "Computer": "DESKTOP-OFJ6N53", "TimeCreated": "2022-12-06 11:57:36.015001+00:00", "RecordID": "838", "Level": "4", "UserID": "S-1-5-21-963789628-1060504924-4285088085-1001"}
{"EventID": "7210", "Channel": "Microsoft-Windows-HelloForBusiness/Operational", "Provider_Name": "Microsoft-Windows-HelloForBusiness", "Computer": "DESKTOP-OFJ6N53", "TimeCreated": "2022-12-06 11:57:36.016357+00:00", "RecordID": "839", "Level": "2", "UserID": "S-1-5-21-963789628-1060504924-4285088085-1001"}
{"EventID": "7054", "Channel": "Microsoft-Windows-HelloForBusiness/Operational", "Provider_Name": "Microsoft-Windows-HelloForBusiness", "Computer": "DESKTOP-OFJ6N53", "TimeCreated": "2022-12-06 11:57:36.016359+00:00", "RecordID": "840", "Level": "2", "UserID": "S-1-5-21-963789628-1060504924-4285088085-1001", "EventData.Error": "0x00000001"}
{"EventID": "8025", "Channel": "Microsoft-Windows-HelloForBusiness/Operational", "Provider_Name": "Microsoft-Windows-HelloForBusiness", "Computer": "DESKTOP-OFJ6N53", "TimeCreated": "2022-12-07 14:04:48.050678+00:00", "RecordID": "841", "Level": "16", "UserID": "S-1-5-18", "EventData.ServiceName": "Microsoft Passport"}
{"EventID": "8025", "Channel": "Microsoft-Windows-HelloForBusiness/Operational", "Provider_Name": "Microsoft-Windows-HelloForBusiness", "Computer": "DESKTOP-OFJ6N53", "TimeCreated": "2022-12-07 14:04:51.454325+00:00", "RecordID": "842", "Level": "16", "UserID": "S-1-5-19", "EventData.ServiceName": "Microsoft Passport Container"}
{"EventID": "8025", "Channel": "Microsoft-Windows-HelloForBusiness/Operational", "Provider_Name": "Microsoft-Windows-HelloForBusiness", "Computer": "DESKTOP-OFJ6N53", "TimeCreated": "2022-12-07 17:40:40.377979+00:00", "RecordID": "843", "Level": "16", "UserID": "S-1-5-19", "EventData.ServiceName": "Microsoft Passport Container"}
{"EventID": "8025", "Channel": "Microsoft-Windows-HelloForBusiness/Operational", "Provider_Name": "Microsoft-Windows-HelloForBusiness", "Computer": "DESKTOP-OFJ6N53", "TimeCreated": "2022-12-08 13:50:49.556675+00:00", "RecordID": "844", "Level": "16", "UserID": "S-1-5-19", "EventData.ServiceName": "Microsoft Passport Container"}
{"EventID": "8025", "Channel": "Microsoft-Windows-HelloForBusiness/Operational", "Provider_Name": "Microsoft-Windows-HelloForBusiness", "Computer": "DESKTOP-OFJ6N53", "TimeCreated": "2022-12-08 15:59:28.423130+00:00", "RecordID": "845", "Level": "16", "UserID": "S-1-5-18", "EventData.ServiceName": "Microsoft Passport"}
{"EventID": "8025", "Channel": "Microsoft-Windows-HelloForBusiness/Operational", "Provider_Name": "Microsoft-Windows-HelloForBusiness", "Computer": "DESKTOP-OFJ6N53", "TimeCreated": "2022-12-09 11:51:53.101105+00:00", "RecordID": "846", "Level": "16", "UserID": "S-1-5-19", "EventData.ServiceName": "Microsoft Passport Container"}
{"EventID": "5520", "Channel": "Microsoft-Windows-HelloForBusiness/Operational", "Provider_Name": "Microsoft-Windows-HelloForBusiness", "Computer": "DESKTOP-OFJ6N53", "TimeCreated": "2022-12-09 11:51:53.997662+00:00", "RecordID": "847", "Level": "4", "UserID": "S-1-5-18"}
{"EventID": "3054", "Channel": "Microsoft-Windows-HelloForBusiness/Operational", "Provider_Name": "Microsoft-Windows-HelloForBusiness", "Computer": "DESKTOP-OFJ6N53", "TimeCreated": "2022-12-09 11:52:17.607710+00:00", "RecordID": "848", "Level": "4", "UserID": "S-1-5-21-963789628-1060504924-4285088085-1001"}
{"EventID": "7210", "Channel": "Microsoft-Windows-HelloForBusiness/Operational", "Provider_Name": "Microsoft-Windows-HelloForBusiness", "Computer": "DESKTOP-OFJ6N53", "TimeCreated": "2022-12-09 11:52:17.608465+00:00", "RecordID": "849", "Level": "2", "UserID": "S-1-5-21-963789628-1060504924-4285088085-1001"}
{"EventID": "7054", "Channel": "Microsoft-Windows-HelloForBusiness/Operational", "Provider_Name": "Microsoft-Windows-HelloForBusiness", "Computer": "DESKTOP-OFJ6N53", "TimeCreated": "2022-12-09 11:52:17.608467+00:00", "RecordID": "850", "Level": "2", "UserID": "S-1-5-21-963789628-1060504924-4285088085-1001", "EventData.Error": "0x00000001"}
{"EventID": "8025", "Channel": "Microsoft-Windows-HelloForBusiness/Operational", "Provider_Name": "Microsoft-Windows-HelloForBusiness", "Computer": "DESKTOP-OFJ6N53", "TimeCreated": "2022-12-12 07:58:30.791048+00:00", "RecordID": "851", "Level": "16", "UserID": "S-1-5-18", "EventData.ServiceName": "Microsoft Passport"}
{"EventID": "8025", "Channel": "Microsoft-Windows-HelloForBusiness/Operational", "Provider_Name": "Microsoft-Windows-HelloForBusiness", "Computer": "DESKTOP-OFJ6N53", "TimeCreated": "2022-12-12 15:20:42.669373+00:00", "RecordID": "852", "Level": "16", "UserID": "S-1-5-19", "EventData.ServiceName": "Microsoft Passport Container"}
{"EventID": "5520", "Channel": "Microsoft-Windows-HelloForBusiness/Operational", "Provider_Name": "Microsoft-Windows-HelloForBusiness", "Computer": "DESKTOP-OFJ6N53", "TimeCreated": "2022-12-12 15:20:43.584936+00:00", "RecordID": "853", "Level": "4", "UserID": "S-1-5-18"}
{"EventID": "3054", "Channel": "Microsoft-Windows-HelloForBusiness/Operational", "Provider_Name": "Microsoft-Windows-HelloForBusiness", "Computer": "DESKTOP-OFJ6N53", "TimeCreated": "2022-12-12 15:21:56.188416+00:00", "RecordID": "854", "Level": "4", "UserID": "S-1-5-21-963789628-1060504924-4285088085-1001"}
{"EventID": "7210", "Channel": "Microsoft-Windows-HelloForBusiness/Operational", "Provider_Name": "Microsoft-Windows-HelloForBusiness", "Computer": "DESKTOP-OFJ6N53", "TimeCreated": "2022-12-12 15:21:56.189739+00:00", "RecordID": "855", "Level": "2", "UserID": "S-1-5-21-963789628-1060504924-4285088085-1001"}
{"EventID": "7054", "Channel": "Microsoft-Windows-HelloForBusiness/Operational", "Provider_Name": "Microsoft-Windows-HelloForBusiness", "Computer": "DESKTOP-OFJ6N53", "TimeCreated": "2022-12-12 15:21:56.189741+00:00", "RecordID": "856", "Level": "2", "UserID": "S-1-5-21-963789628-1060504924-4285088085-1001", "EventData.Error": "0x00000001"}
{"EventID": "8025", "Channel": "Microsoft-Windows-HelloForBusiness/Operational", "Provider_Name": "Microsoft-Windows-HelloForBusiness", "Computer": "DESKTOP-OFJ6N53", "TimeCreated": "2022-12-13 13:41:11.506321+00:00", "RecordID": "857", "Level": "16", "UserID": "S-1-5-18", "EventData.ServiceName": "Microsoft Passport"}
{"EventID": "8025", "Channel": "Microsoft-Windows-HelloForBusiness/Operational", "Provider_Name": "Microsoft-Windows-HelloForBusiness", "Computer": "DESKTOP-OFJ6N53", "TimeCreated": "2022-12-14 12:40:08.608717+00:00", "RecordID": "858", "Level": "16", "UserID": "S-1-5-19", "EventData.ServiceName": "Microsoft Passport Container"}
{"EventID": "8025", "Channel": "Microsoft-Windows-HelloForBusiness/Operational", "Provider_Name": "Microsoft-Windows-HelloForBusiness", "Computer": "DESKTOP-OFJ6N53", "TimeCreated": "2022-12-14 12:46:39.295979+00:00", "RecordID": "859", "Level": "16", "UserID": "S-1-5-19", "EventData.ServiceName": "Microsoft Passport Container"}
{"EventID": "5520", "Channel": "Microsoft-Windows-HelloForBusiness/Operational", "Provider_Name": "Microsoft-Windows-HelloForBusiness", "Computer": "DESKTOP-OFJ6N53", "TimeCreated": "2022-12-14 12:48:10.792730+00:00", "RecordID": "860", "Level": "4", "UserID": "S-1-5-18"}
{"EventID": "3054", "Channel": "Microsoft-Windows-HelloForBusiness/Operational", "Provider_Name": "Microsoft-Windows-HelloForBusiness", "Computer": "DESKTOP-OFJ6N53", "TimeCreated": "2022-12-14 12:51:22.131018+00:00", "RecordID": "861", "Level": "4", "UserID": "S-1-5-21-963789628-1060504924-4285088085-1001"}
{"EventID": "7210", "Channel": "Microsoft-Windows-HelloForBusiness/Operational", "Provider_Name": "Microsoft-Windows-HelloForBusiness", "Computer": "DESKTOP-OFJ6N53", "TimeCreated": "2022-12-14 12:51:22.132530+00:00", "RecordID": "862", "Level": "2", "UserID": "S-1-5-21-963789628-1060504924-4285088085-1001"}
{"EventID": "7054", "Channel": "Microsoft-Windows-HelloForBusiness/Operational", "Provider_Name": "Microsoft-Windows-HelloForBusiness", "Computer": "DESKTOP-OFJ6N53", "TimeCreated": "2022-12-14 12:51:22.132534+00:00", "RecordID": "863", "Level": "2", "UserID": "S-1-5-21-963789628-1060504924-4285088085-1001", "EventData.Error": "0x00000001"}
{"EventID": "8025", "Channel": "Microsoft-Windows-HelloForBusiness/Operational", "Provider_Name": "Microsoft-Windows-HelloForBusiness", "Computer": "DESKTOP-OFJ6N53", "TimeCreated": "2022-12-15 08:28:57.990986+00:00", "RecordID": "864", "Level": "16", "UserID": "S-1-5-19", "EventData.ServiceName": "Microsoft Passport Container"}
