{"EventID": "216", "Channel": "Microsoft-Windows-AppxPackaging/Operational", "Provider_Name": "Microsoft-Windows-AppxPackagingOM", "Computer": "DESKTOP-OFJ6N53", "TimeCreated": "2025-08-07 00:28:58.614992+00:00", "RecordID": "67407", "Level": "3", "UserID": "S-1-5-18", "EventData.namespace": "http://schemas.microsoft.com/appx/manifest/uap/windows10/17"}
{"EventID": "216", "Channel": "Microsoft-Windows-AppxPackaging/Operational", "Provider_Name": "Microsoft-Windows-AppxPackagingOM", "Computer": "DESKTOP-OFJ6N53", "TimeCreated": "2025-08-07 00:28:58.723770+00:00", "RecordID": "67408", "Level": "3", "UserID": "S-1-5-18", "EventData.namespace": "http://schemas.microsoft.com/developer/appx/2015/build"}
{"EventID": "216", "Channel": "Microsoft-Windows-AppxPackaging/Operational", "Provider_Name": "Microsoft-Windows-AppxPackagingOM", "Computer": "DESKTOP-OFJ6N53", "TimeCreated": "2025-08-07 00:28:58.884928+00:00", "RecordID": "67409", "Level": "3", "UserID": "S-1-5-18", "EventData.namespace": "http://schemas.microsoft.com/appx/manifest/virtualization/windows10"}
{"EventID": "216", "Channel": "Microsoft-Windows-AppxPackaging/Operational", "Provider_Name": "Microsoft-Windows-AppxPackagingOM", "Computer": "DESKTOP-OFJ6N53", "TimeCreated": "2025-08-07 00:28:59.087915+00:00", "RecordID": "67410", "Level": "3", "UserID": "S-1-5-18", "EventData.namespace": "http://schemas.microsoft.com/developer/appx/2015/build"}
{"EventID": "216", "Channel": "Microsoft-Windows-AppxPackaging/Operational", "Provider_Name": "Microsoft-Windows-AppxPackagingOM", "Computer": "DESKTOP-OFJ6N53", "TimeCreated": "2025-08-07 00:28:59.247168+00:00", "RecordID": "67411", "Level": "3", "UserID": "S-1-5-18", "EventData.namespace": "http://schemas.microsoft.com/developer/appx/2015/build"}
{"EventID": "216", "Channel": "Microsoft-Windows-AppxPackaging/Operational", "Provider_Name": "Microsoft-Windows-AppxPackagingOM", "Computer": "DESKTOP-OFJ6N53", "TimeCreated": "2025-08-07 00:28:59.368139+00:00", "RecordID": "67412", "Level": "3", "UserID": "S-1-5-18", "EventData.namespace": "http://schemas.microsoft.com/developer/appx/2015/build"}
{"EventID": "216", "Channel": "Microsoft-Windows-AppxPackaging/Operational", "Provider_Name": "Microsoft-Windows-AppxPackagingOM", "Computer": "DESKTOP-OFJ6N53", "TimeCreated": "2025-08-07 00:28:59.368160+00:00", "RecordID": "67413", "Level": "3", "UserID": "S-1-5-18", "EventData.namespace": "http://schemas.microsoft.com/appx/manifest/desktop/windows10/9"}
{"EventID": "216", "Channel": "Microsoft-Windows-AppxPackaging/Operational", "Provider_Name": "Microsoft-Windows-AppxPackagingOM", "Computer": "DESKTOP-OFJ6N53", "TimeCreated": "2025-08-07 00:28:59.580885+00:00", "RecordID": "67414", "Level": "3", "UserID": "S-1-5-18", "EventData.namespace": "http://schemas.microsoft.com/developer/appx/2015/build"}
{"EventID": "216", "Channel": "Microsoft-Windows-AppxPackaging/Operational", "Provider_Name": "Microsoft-Windows-AppxPackagingOM", "Computer": "DESKTOP-OFJ6N53", "TimeCreated": "2025-08-07 00:28:59.705704+00:00", "RecordID": "67415", "Level": "3", "UserID": "S-1-5-18", "EventData.namespace": "http://schemas.microsoft.com/developer/appx/2015/build"}
{"EventID": "216", "Channel": "Microsoft-Windows-AppxPackaging/Operational", "Provider_Name": "Microsoft-Windows-AppxPackagingOM", "Computer": "DESKTOP-OFJ6N53", "TimeCreated": "2025-08-07 00:29:00.082323+00:00", "RecordID": "67416", "Level": "3", "UserID": "S-1-5-18", "EventData.namespace": "http://schemas.microsoft.com/appx/manifest/uap/windows10/17"}
{"EventID": "216", "Channel": "Microsoft-Windows-AppxPackaging/Operational", "Provider_Name": "Microsoft-Windows-AppxPackagingOM", "Computer": "DESKTOP-OFJ6N53", "TimeCreated": "2025-08-07 00:29:00.447842+00:00", "RecordID": "67417", "Level": "3", "UserID": "S-1-5-18", "EventData.namespace": "http://schemas.microsoft.com/developer/appx/2015/build"}
{"EventID": "216", "Channel": "Microsoft-Windows-AppxPackaging/Operational", "Provider_Name": "Microsoft-Windows-AppxPackagingOM", "Computer": "DESKTOP-OFJ6N53", "TimeCreated": "2025-08-07 00:29:00.447866+00:00", "RecordID": "67418", "Level": "3", "UserID": "S-1-5-18", "EventData.namespace": "http://schemas.microsoft.com/appx/manifest/desktop/windows10/11"}
{"EventID": "216", "Channel": "Microsoft-Windows-AppxPackaging/Operational", "Provider_Name": "Microsoft-Windows-AppxPackagingOM", "Computer": "DESKTOP-OFJ6N53", "TimeCreated": "2025-08-07 00:29:00.621075+00:00", "RecordID": "67419", "Level": "3", "UserID": "S-1-5-18", "EventData.namespace": "http://schemas.microsoft.com/developer/appx/2015/build"}
{"EventID": "216", "Channel": "Microsoft-Windows-AppxPackaging/Operational", "Provider_Name": "Microsoft-Windows-AppxPackagingOM", "Computer": "DESKTOP-OFJ6N53", "TimeCreated": "2025-08-07 00:29:00.909344+00:00", "RecordID": "67420", "Level": "3", "UserID": "S-1-5-18", "EventData.namespace": "http://schemas.microsoft.com/developer/appx/2015/build"}
{"EventID": "216", "Channel": "Microsoft-Windows-AppxPackaging/Operational", "Provider_Name": "Microsoft-Windows-AppxPackagingOM", "Computer": "DESKTOP-OFJ6N53", "TimeCreated": "2025-08-07 00:29:00.909370+00:00", "RecordID": "67421", "Level": "3", "UserID": "S-1-5-18", "EventData.namespace": "http://schemas.microsoft.com/appx/manifest/uap/windows10/13"}
{"EventID": "216", "Channel": "Microsoft-Windows-AppxPackaging/Operational", "Provider_Name": "Microsoft-Windows-AppxPackagingOM", "Computer": "DESKTOP-OFJ6N53", "TimeCreated": "2025-08-07 00:29:00.909382+00:00", "RecordID": "67422", "Level": "3", "UserID": "S-1-5-18", "EventData.namespace": "http://schemas.microsoft.com/appx/manifest/virtualization/windows10"}
{"EventID": "216", "Channel": "Microsoft-Windows-AppxPackaging/Operational", "Provider_Name": "Microsoft-Windows-AppxPackagingOM", "Computer": "DESKTOP-OFJ6N53", "TimeCreated": "2025-08-07 00:29:01.079079+00:00", "RecordID": "67423", "Level": "3", "UserID": "S-1-5-18", "EventData.namespace": "http://schemas.microsoft.com/developer/appx/2015/build"}
{"EventID": "216", "Channel": "Microsoft-Windows-AppxPackaging/Operational", "Provider_Name": "Microsoft-Windows-AppxPackagingOM", "Computer": "DESKTOP-OFJ6N53", "TimeCreated": "2025-08-07 00:29:01.240316+00:00", "RecordID": "67424", "Level": "3", "UserID": "S-1-5-18", "EventData.namespace": "http://schemas.microsoft.com/developer/appx/2015/build"}
{"EventID": "216", "Channel": "Microsoft-Windows-AppxPackaging/Operational", "Provider_Name": "Microsoft-Windows-AppxPackagingOM", "Computer": "DESKTOP-OFJ6N53", "TimeCreated": "2025-08-07 00:29:01.497847+00:00", "RecordID": "67425", "Level": "3", "UserID": "S-1-5-18", "EventData.namespace": "http://schemas.microsoft.com/developer/appx/2015/build"}
{"EventID": "216", "Channel": "Microsoft-Windows-AppxPackaging/Operational", "Provider_Name": "Microsoft-Windows-AppxPackagingOM", "Computer": "DESKTOP-OFJ6N53", "TimeCreated": "2025-08-07 00:29:01.694048+00:00", "RecordID": "67426", "Level": "3", "UserID": "S-1-5-18", "EventData.namespace": "http://schemas.microsoft.com/developer/appx/2015/build"}
{"EventID": "216", "Channel": "Microsoft-Windows-AppxPackaging/Operational", "Provider_Name": "Microsoft-Windows-AppxPackagingOM", "Computer": "DESKTOP-OFJ6N53", "TimeCreated": "2025-08-07 00:29:01.694084+00:00", "RecordID": "67427", "Level": "3", "UserID": "S-1-5-18", "EventData.namespace": "http://schemas.microsoft.com/appx/manifest/virtualization/windows10"}
{"EventID": "216", "Channel": "Microsoft-Windows-AppxPackaging/Operational", "Provider_Name": "Microsoft-Windows-AppxPackagingOM", "Computer": "DESKTOP-OFJ6N53", "TimeCreated": "2025-08-07 00:29:01.852571+00:00", "RecordID": "67428", "Level": "3", "UserID": "S-1-5-18", "EventData.namespace": "http://schemas.microsoft.com/developer/appx/2015/build"}
{"EventID": "216", "Channel": "Microsoft-Windows-AppxPackaging/Operational", "Provider_Name": "Microsoft-Windows-AppxPackagingOM", "Computer": "DESKTOP-OFJ6N53", "TimeCreated": "2025-08-07 00:29:01.993139+00:00", "RecordID": "67429", "Level": "3", "UserID": "S-1-5-18", "EventData.namespace": "http://schemas.microsoft.com/developer/appx/2015/build"}
{"EventID": "216", "Channel": "Microsoft-Windows-AppxPackaging/Operational", "Provider_Name": "Microsoft-Windows-AppxPackagingOM", "Computer": "DESKTOP-OFJ6N53", "TimeCreated": "2025-08-07 00:29:02.115742+00:00", "RecordID": "67430", "Level": "3", "UserID": "S-1-5-18", "EventData.namespace": "http://schemas.microsoft.com/developer/appx/2015/build"}
{"EventID": "216", "Channel": "Microsoft-Windows-AppxPackaging/Operational", "Provider_Name": "Microsoft-Windows-AppxPackagingOM", "Computer": "DESKTOP-OFJ6N53", "TimeCreated": "2025-08-07 00:29:02.215595+00:00", "RecordID": "67431", "Level": "3", "UserID": "S-1-5-18", "EventData.namespace": "http://schemas.microsoft.com/developer/appx/2015/build"}
{"EventID": "164", "Channel": "Microsoft-Windows-AppxPackaging/Operational", "Provider_Name": "Microsoft-Windows-AppxPackagingOM", "Computer": "DESKTOP-OFJ6N53", "TimeCreated": "2025-08-07 16:51:49.515295+00:00", "RecordID": "67432", "Level": "4", "UserID": "S-1-5-18", "EventData.subjectName": "CN=Microsoft Corporation, O=Microsoft Corporation, L=Redmond, S=Washington, C=US"}
{"EventID": "391", "Channel": "Microsoft-Windows-AppxPackaging/Operational", "Provider_Name": "Microsoft-Windows-AppxPackagingOM", "Computer": "DESKTOP-OFJ6N53", "TimeCreated": "2025-08-07 16:51:49.567026+00:00", "RecordID": "67433", "Level": "4", "UserID": "S-1-5-18", "EventData.packageFullName": "Microsoft.MicrosoftOfficeHub_2025.801.1334.0_neutral_~_8wekyb3d8bbwe"}
{"EventID": "157", "Channel": "Microsoft-Windows-AppxPackaging/Operational", "Provider_Name": "Microsoft-Windows-AppxPackagingOM", "Computer": "DESKTOP-OFJ6N53", "TimeCreated": "2025-08-07 16:51:50.074909+00:00", "RecordID": "67434", "Level": "4", "UserID": "S-1-5-18", "EventData.subjectName": "CN=Microsoft Corporation, O=Microsoft Corporation, L=Redmond, S=Washington, C=US"}
{"EventID": "216", "Channel": "Microsoft-Windows-AppxPackaging/Operational", "Provider_Name": "Microsoft-Windows-AppxPackagingOM", "Computer": "DESKTOP-OFJ6N53", "TimeCreated": "2025-08-07 16:51:50.125042+00:00", "RecordID": "67435", "Level": "3", "UserID": "S-1-5-18", "EventData.namespace": "http://schemas.microsoft.com/developer/appx/2015/build"}
{"EventID": "216", "Channel": "Microsoft-Windows-AppxPackaging/Operational", "Provider_Name": "Microsoft-Windows-AppxPackagingOM", "Computer": "DESKTOP-OFJ6N53", "TimeCreated": "2025-08-07 16:51:50.125084+00:00", "RecordID": "67436", "Level": "3", "UserID": "S-1-5-18", "EventData.namespace": "http://schemas.microsoft.com/appx/manifest/virtualization/windows10"}
{"EventID": "170", "Channel": "Microsoft-Windows-AppxPackaging/Operational", "Provider_Name": "Microsoft-Windows-AppxPackagingOM", "Computer": "DESKTOP-OFJ6N53", "TimeCreated": "2025-08-07 16:51:50.150249+00:00", "RecordID": "67437", "Level": "4", "UserID": "S-1-5-18", "EventData.packageFullName": "Microsoft.MicrosoftOfficeHub_19.2508.31121.0_x64__8wekyb3d8bbwe"}
{"EventID": "157", "Channel": "Microsoft-Windows-AppxPackaging/Operational", "Provider_Name": "Microsoft-Windows-AppxPackagingOM", "Computer": "DESKTOP-OFJ6N53", "TimeCreated": "2025-08-07 16:51:50.413067+00:00", "RecordID": "67438", "Level": "4", "UserID": "S-1-5-18", "EventData.subjectName": "CN=Microsoft Corporation, O=Microsoft Corporation, L=Redmond, S=Washington, C=US"}
{"EventID": "170", "Channel": "Microsoft-Windows-AppxPackaging/Operational", "Provider_Name": "Microsoft-Windows-AppxPackagingOM", "Computer": "DESKTOP-OFJ6N53", "TimeCreated": "2025-08-07 16:51:50.466839+00:00", "RecordID": "67439", "Level": "4", "UserID": "S-1-5-18", "EventData.packageFullName": "Microsoft.MicrosoftOfficeHub_19.2508.31121.0_neutral_split.scale-100_8wekyb3d8bbwe"}
{"EventID": "157", "Channel": "Microsoft-Windows-AppxPackaging/Operational", "Provider_Name": "Microsoft-Windows-AppxPackagingOM", "Computer": "DESKTOP-OFJ6N53", "TimeCreated": "2025-08-07 16:51:50.678610+00:00", "RecordID": "67440", "Level": "4", "UserID": "S-1-5-18", "EventData.subjectName": "CN=Microsoft Corporation, O=Microsoft Corporation, L=Redmond, S=Washington, C=US"}
{"EventID": "170", "Channel": "Microsoft-Windows-AppxPackaging/Operational", "Provider_Name": "Microsoft-Windows-AppxPackagingOM", "Computer": "DESKTOP-OFJ6N53", "TimeCreated": "2025-08-07 16:51:50.725859+00:00", "RecordID": "67441", "Level": "4", "UserID": "S-1-5-18", "EventData.packageFullName": "Microsoft.MicrosoftOfficeHub_19.2508.31121.0_neutral_split.language-ru_8wekyb3d8bbwe"}
{"EventID": "157", "Channel": "Microsoft-Windows-AppxPackaging/Operational", "Provider_Name": "Microsoft-Windows-AppxPackagingOM", "Computer": "DESKTOP-OFJ6N53", "TimeCreated": "2025-08-07 16:51:50.939505+00:00", "RecordID": "67442", "Level": "4", "UserID": "S-1-5-18", "EventData.subjectName": "CN=Microsoft Corporation, O=Microsoft Corporation, L=Redmond, S=Washington, C=US"}
{"EventID": "170", "Channel": "Microsoft-Windows-AppxPackaging/Operational", "Provider_Name": "Microsoft-Windows-AppxPackagingOM", "Computer": "DESKTOP-OFJ6N53", "TimeCreated": "2025-08-07 16:51:50.987617+00:00", "RecordID": "67443", "Level": "4", "UserID": "S-1-5-18", "EventData.packageFullName": "Microsoft.MicrosoftOfficeHub_19.2508.31121.0_neutral_split.scale-125_8wekyb3d8bbwe"}
{"EventID": "216", "Channel": "Microsoft-Windows-AppxPackaging/Operational", "Provider_Name": "Microsoft-Windows-AppxPackagingOM", "Computer": "DESKTOP-OFJ6N53", "TimeCreated": "2025-08-08 01:35:03.046083+00:00", "RecordID": "67444", "Level": "3", "UserID": "S-1-5-18", "EventData.namespace": "http://schemas.microsoft.com/developer/appx/2015/build"}
{"EventID": "216", "Channel": "Microsoft-Windows-AppxPackaging/Operational", "Provider_Name": "Microsoft-Windows-AppxPackagingOM", "Computer": "DESKTOP-OFJ6N53", "TimeCreated": "2025-08-08 01:35:04.639549+00:00", "RecordID": "67445", "Level": "3", "UserID": "S-1-5-18", "EventData.namespace": "http://schemas.microsoft.com/developer/appx/2015/build"}
{"EventID": "216", "Channel": "Microsoft-Windows-AppxPackaging/Operational", "Provider_Name": "Microsoft-Windows-AppxPackagingOM", "Computer": "DESKTOP-OFJ6N53", "TimeCreated": "2025-08-08 01:35:05.300888+00:00", "RecordID": "67446", "Level": "3", "UserID": "S-1-5-18", "EventData.namespace": "http://schemas.microsoft.com/developer/appx/2015/build"}
{"EventID": "216", "Channel": "Microsoft-Windows-AppxPackaging/Operational", "Provider_Name": "Microsoft-Windows-AppxPackagingOM", "Computer": "DESKTOP-OFJ6N53", "TimeCreated": "2025-08-08 01:35:06.055603+00:00", "RecordID": "67447", "Level": "3", "UserID": "S-1-5-18", "EventData.namespace": "http://schemas.microsoft.com/developer/appx/2015/build"}
{"EventID": "216", "Channel": "Microsoft-Windows-AppxPackaging/Operational", "Provider_Name": "Microsoft-Windows-AppxPackagingOM", "Computer": "DESKTOP-OFJ6N53", "TimeCreated": "2025-08-08 01:35:07.123905+00:00", "RecordID": "67448", "Level": "3", "UserID": "S-1-5-18", "EventData.namespace": "http://schemas.microsoft.com/developer/appx/2015/build"}
{"EventID": "216", "Channel": "Microsoft-Windows-AppxPackaging/Operational", "Provider_Name": "Microsoft-Windows-AppxPackagingOM", "Computer": "DESKTOP-OFJ6N53", "TimeCreated": "2025-08-08 01:35:08.367027+00:00", "RecordID": "67449", "Level": "3", "UserID": "S-1-5-18", "EventData.namespace": "http://schemas.microsoft.com/developer/appx/2015/build"}
{"EventID": "216", "Channel": "Microsoft-Windows-AppxPackaging/Operational", "Provider_Name": "Microsoft-Windows-AppxPackagingOM", "Computer": "DESKTOP-OFJ6N53", "TimeCreated": "2025-08-08 01:35:09.107523+00:00", "RecordID": "67450", "Level": "3", "UserID": "S-1-5-18", "EventData.namespace": "http://schemas.microsoft.com/developer/appx/2015/build"}
{"EventID": "216", "Channel": "Microsoft-Windows-AppxPackaging/Operational", "Provider_Name": "Microsoft-Windows-AppxPackagingOM", "Computer": "DESKTOP-OFJ6N53", "TimeCreated": "2025-08-08 01:35:09.991550+00:00", "RecordID": "67451", "Level": "3", "UserID": "S-1-5-18", "EventData.namespace": "http://schemas.microsoft.com/developer/appx/2015/build"}
{"EventID": "216", "Channel": "Microsoft-Windows-AppxPackaging/Operational", "Provider_Name": "Microsoft-Windows-AppxPackagingOM", "Computer": "DESKTOP-OFJ6N53", "TimeCreated": "2025-08-08 01:35:10.446815+00:00", "RecordID": "67452", "Level": "3", "UserID": "S-1-5-18", "EventData.namespace": "http://schemas.microsoft.com/developer/appx/2015/build"}
{"EventID": "216", "Channel": "Microsoft-Windows-AppxPackaging/Operational", "Provider_Name": "Microsoft-Windows-AppxPackagingOM", "Computer": "DESKTOP-OFJ6N53", "TimeCreated": "2025-08-08 01:35:10.718605+00:00", "RecordID": "67453", "Level": "3", "UserID": "S-1-5-18", "EventData.namespace": "http://schemas.microsoft.com/developer/appx/2015/build"}
{"EventID": "216", "Channel": "Microsoft-Windows-AppxPackaging/Operational", "Provider_Name": "Microsoft-Windows-AppxPackagingOM", "Computer": "DESKTOP-OFJ6N53", "TimeCreated": "2025-08-08 01:35:10.718651+00:00", "RecordID": "67454", "Level": "3", "UserID": "S-1-5-18", "EventData.namespace": "http://schemas.microsoft.com/appx/manifest/mobile/windows10"}
{"EventID": "216", "Channel": "Microsoft-Windows-AppxPackaging/Operational", "Provider_Name": "Microsoft-Windows-AppxPackagingOM", "Computer": "DESKTOP-OFJ6N53", "TimeCreated": "2025-08-08 01:35:11.334530+00:00", "RecordID": "67455", "Level": "3", "UserID": "S-1-5-18", "EventData.namespace": "http://schemas.microsoft.com/developer/appx/2015/build"}
{"EventID": "216", "Channel": "Microsoft-Windows-AppxPackaging/Operational", "Provider_Name": "Microsoft-Windows-AppxPackagingOM", "Computer": "DESKTOP-OFJ6N53", "TimeCreated": "2025-08-08 01:35:11.920029+00:00", "RecordID": "67456", "Level": "3", "UserID": "S-1-5-18", "EventData.namespace": "http://schemas.microsoft.com/developer/appx/2015/build"}
{"EventID": "216", "Channel": "Microsoft-Windows-AppxPackaging/Operational", "Provider_Name": "Microsoft-Windows-AppxPackagingOM", "Computer": "DESKTOP-OFJ6N53", "TimeCreated": "2025-08-08 01:35:14.834661+00:00", "RecordID": "67457", "Level": "3", "UserID": "S-1-5-18", "EventData.namespace": "http://schemas.microsoft.com/appx/manifest/uap/windows10/7"}
{"EventID": "216", "Channel": "Microsoft-Windows-AppxPackaging/Operational", "Provider_Name": "Microsoft-Windows-AppxPackagingOM", "Computer": "DESKTOP-OFJ6N53", "TimeCreated": "2025-08-08 01:35:16.536396+00:00", "RecordID": "67458", "Level": "3", "UserID": "S-1-5-18", "EventData.namespace": "http://schemas.microsoft.com/appx/manifest/uap/windows10/3"}
{"EventID": "216", "Channel": "Microsoft-Windows-AppxPackaging/Operational", "Provider_Name": "Microsoft-Windows-AppxPackagingOM", "Computer": "DESKTOP-OFJ6N53", "TimeCreated": "2025-08-08 01:35:18.930626+00:00", "RecordID": "67459", "Level": "3", "UserID": "S-1-5-18", "EventData.namespace": "http://schemas.microsoft.com/developer/appx/2015/build"}
{"EventID": "216", "Channel": "Microsoft-Windows-AppxPackaging/Operational", "Provider_Name": "Microsoft-Windows-AppxPackagingOM", "Computer": "DESKTOP-OFJ6N53", "TimeCreated": "2025-08-08 01:35:19.309042+00:00", "RecordID": "67460", "Level": "3", "UserID": "S-1-5-18", "EventData.namespace": "http://schemas.microsoft.com/developer/appx/2015/build"}
{"EventID": "216", "Channel": "Microsoft-Windows-AppxPackaging/Operational", "Provider_Name": "Microsoft-Windows-AppxPackagingOM", "Computer": "DESKTOP-OFJ6N53", "TimeCreated": "2025-08-08 01:35:19.504850+00:00", "RecordID": "67461", "Level": "3", "UserID": "S-1-5-18", "EventData.namespace": "http://schemas.microsoft.com/developer/appx/2015/build"}
{"EventID": "216", "Channel": "Microsoft-Windows-AppxPackaging/Operational", "Provider_Name": "Microsoft-Windows-AppxPackagingOM", "Computer": "DESKTOP-OFJ6N53", "TimeCreated": "2025-08-08 01:35:19.780664+00:00", "RecordID": "67462", "Level": "3", "UserID": "S-1-5-18", "EventData.namespace": "http://schemas.microsoft.com/developer/appx/2015/build"}
{"EventID": "216", "Channel": "Microsoft-Windows-AppxPackaging/Operational", "Provider_Name": "Microsoft-Windows-AppxPackagingOM", "Computer": "DESKTOP-OFJ6N53", "TimeCreated": "2025-08-08 01:35:19.780701+00:00", "RecordID": "67463", "Level": "3", "UserID": "S-1-5-18", "EventData.namespace": "http://schemas.microsoft.com/appx/manifest/iot/windows10/2"}
{"EventID": "216", "Channel": "Microsoft-Windows-AppxPackaging/Operational", "Provider_Name": "Microsoft-Windows-AppxPackagingOM", "Computer": "DESKTOP-OFJ6N53", "TimeCreated": "2025-08-08 01:35:20.283953+00:00", "RecordID": "67464", "Level": "3", "UserID": "S-1-5-18", "EventData.namespace": "http://schemas.microsoft.com/developer/appx/2015/build"}
{"EventID": "216", "Channel": "Microsoft-Windows-AppxPackaging/Operational", "Provider_Name": "Microsoft-Windows-AppxPackagingOM", "Computer": "DESKTOP-OFJ6N53", "TimeCreated": "2025-08-08 01:35:20.414936+00:00", "RecordID": "67465", "Level": "3", "UserID": "S-1-5-18", "EventData.namespace": "http://schemas.microsoft.com/developer/appx/2015/build"}
{"EventID": "216", "Channel": "Microsoft-Windows-AppxPackaging/Operational", "Provider_Name": "Microsoft-Windows-AppxPackagingOM", "Computer": "DESKTOP-OFJ6N53", "TimeCreated": "2025-08-08 01:35:20.750296+00:00", "RecordID": "67466", "Level": "3", "UserID": "S-1-5-18", "EventData.namespace": "http://schemas.microsoft.com/developer/appx/2015/build"}
{"EventID": "216", "Channel": "Microsoft-Windows-AppxPackaging/Operational", "Provider_Name": "Microsoft-Windows-AppxPackagingOM", "Computer": "DESKTOP-OFJ6N53", "TimeCreated": "2025-08-08 01:35:20.875984+00:00", "RecordID": "67467", "Level": "3", "UserID": "S-1-5-18", "EventData.namespace": "http://schemas.microsoft.com/developer/appx/2015/build"}
{"EventID": "216", "Channel": "Microsoft-Windows-AppxPackaging/Operational", "Provider_Name": "Microsoft-Windows-AppxPackagingOM", "Computer": "DESKTOP-OFJ6N53", "TimeCreated": "2025-08-08 01:35:21.019165+00:00", "RecordID": "67468", "Level": "3", "UserID": "S-1-5-18", "EventData.namespace": "http://schemas.microsoft.com/developer/appx/2015/build"}
{"EventID": "216", "Channel": "Microsoft-Windows-AppxPackaging/Operational", "Provider_Name": "Microsoft-Windows-AppxPackagingOM", "Computer": "DESKTOP-OFJ6N53", "TimeCreated": "2025-08-08 01:35:21.119127+00:00", "RecordID": "67469", "Level": "3", "UserID": "S-1-5-18", "EventData.namespace": "http://schemas.microsoft.com/appx/manifest/iot/windows10"}
{"EventID": "216", "Channel": "Microsoft-Windows-AppxPackaging/Operational", "Provider_Name": "Microsoft-Windows-AppxPackagingOM", "Computer": "DESKTOP-OFJ6N53", "TimeCreated": "2025-08-08 01:35:21.119135+00:00", "RecordID": "67470", "Level": "3", "UserID": "S-1-5-18", "EventData.namespace": "http://schemas.microsoft.com/appx/manifest/mobile/windows10"}
{"EventID": "216", "Channel": "Microsoft-Windows-AppxPackaging/Operational", "Provider_Name": "Microsoft-Windows-AppxPackagingOM", "Computer": "DESKTOP-OFJ6N53", "TimeCreated": "2025-08-08 01:35:21.557615+00:00", "RecordID": "67471", "Level": "3", "UserID": "S-1-5-18", "EventData.namespace": "http://schemas.microsoft.com/developer/appx/2015/build"}
{"EventID": "216", "Channel": "Microsoft-Windows-AppxPackaging/Operational", "Provider_Name": "Microsoft-Windows-AppxPackagingOM", "Computer": "DESKTOP-OFJ6N53", "TimeCreated": "2025-08-08 01:35:21.848427+00:00", "RecordID": "67472", "Level": "3", "UserID": "S-1-5-18", "EventData.namespace": "http://schemas.microsoft.com/developer/appx/2015/build"}
{"EventID": "216", "Channel": "Microsoft-Windows-AppxPackaging/Operational", "Provider_Name": "Microsoft-Windows-AppxPackagingOM", "Computer": "DESKTOP-OFJ6N53", "TimeCreated": "2025-08-08 01:35:22.242506+00:00", "RecordID": "67473", "Level": "3", "UserID": "S-1-5-18", "EventData.namespace": "http://schemas.microsoft.com/developer/appx/2015/build"}
{"EventID": "216", "Channel": "Microsoft-Windows-AppxPackaging/Operational", "Provider_Name": "Microsoft-Windows-AppxPackagingOM", "Computer": "DESKTOP-OFJ6N53", "TimeCreated": "2025-08-08 01:35:22.339262+00:00", "RecordID": "67474", "Level": "3", "UserID": "S-1-5-18", "EventData.namespace": "http://schemas.microsoft.com/developer/appx/2015/build"}
{"EventID": "216", "Channel": "Microsoft-Windows-AppxPackaging/Operational", "Provider_Name": "Microsoft-Windows-AppxPackagingOM", "Computer": "DESKTOP-OFJ6N53", "TimeCreated": "2025-08-08 01:35:22.483139+00:00", "RecordID": "67475", "Level": "3", "UserID": "S-1-5-18", "EventData.namespace": "http://schemas.microsoft.com/developer/appx/2015/build"}
{"EventID": "216", "Channel": "Microsoft-Windows-AppxPackaging/Operational", "Provider_Name": "Microsoft-Windows-AppxPackagingOM", "Computer": "DESKTOP-OFJ6N53", "TimeCreated": "2025-08-08 01:35:22.483158+00:00", "RecordID": "67476", "Level": "3", "UserID": "S-1-5-18", "EventData.namespace": "http://schemas.microsoft.com/appx/manifest/uap/windows10/17"}
{"EventID": "216", "Channel": "Microsoft-Windows-AppxPackaging/Operational", "Provider_Name": "Microsoft-Windows-AppxPackagingOM", "Computer": "DESKTOP-OFJ6N53", "TimeCreated": "2025-08-08 01:35:22.639246+00:00", "RecordID": "67477", "Level": "3", "UserID": "S-1-5-18", "EventData.namespace": "http://schemas.microsoft.com/developer/appx/2015/build"}
{"EventID": "216", "Channel": "Microsoft-Windows-AppxPackaging/Operational", "Provider_Name": "Microsoft-Windows-AppxPackagingOM", "Computer": "DESKTOP-OFJ6N53", "TimeCreated": "2025-08-08 01:35:22.795300+00:00", "RecordID": "67478", "Level": "3", "UserID": "S-1-5-18", "EventData.namespace": "http://schemas.microsoft.com/appx/manifest/virtualization/windows10"}
{"EventID": "216", "Channel": "Microsoft-Windows-AppxPackaging/Operational", "Provider_Name": "Microsoft-Windows-AppxPackagingOM", "Computer": "DESKTOP-OFJ6N53", "TimeCreated": "2025-08-08 01:35:22.978333+00:00", "RecordID": "67479", "Level": "3", "UserID": "S-1-5-18", "EventData.namespace": "http://schemas.microsoft.com/developer/appx/2015/build"}
{"EventID": "216", "Channel": "Microsoft-Windows-AppxPackaging/Operational", "Provider_Name": "Microsoft-Windows-AppxPackagingOM", "Computer": "DESKTOP-OFJ6N53", "TimeCreated": "2025-08-08 01:35:23.119282+00:00", "RecordID": "67480", "Level": "3", "UserID": "S-1-5-18", "EventData.namespace": "http://schemas.microsoft.com/developer/appx/2015/build"}
{"EventID": "216", "Channel": "Microsoft-Windows-AppxPackaging/Operational", "Provider_Name": "Microsoft-Windows-AppxPackagingOM", "Computer": "DESKTOP-OFJ6N53", "TimeCreated": "2025-08-08 01:35:23.352333+00:00", "RecordID": "67481", "Level": "3", "UserID": "S-1-5-18", "EventData.namespace": "http://schemas.microsoft.com/developer/appx/2015/build"}
{"EventID": "216", "Channel": "Microsoft-Windows-AppxPackaging/Operational", "Provider_Name": "Microsoft-Windows-AppxPackagingOM", "Computer": "DESKTOP-OFJ6N53", "TimeCreated": "2025-08-08 01:35:23.352352+00:00", "RecordID": "67482", "Level": "3", "UserID": "S-1-5-18", "EventData.namespace": "http://schemas.microsoft.com/appx/manifest/desktop/windows10/9"}
{"EventID": "216", "Channel": "Microsoft-Windows-AppxPackaging/Operational", "Provider_Name": "Microsoft-Windows-AppxPackagingOM", "Computer": "DESKTOP-OFJ6N53", "TimeCreated": "2025-08-08 01:35:23.849306+00:00", "RecordID": "67483", "Level": "3", "UserID": "S-1-5-18", "EventData.namespace": "http://schemas.microsoft.com/developer/appx/2015/build"}
{"EventID": "216", "Channel": "Microsoft-Windows-AppxPackaging/Operational", "Provider_Name": "Microsoft-Windows-AppxPackagingOM", "Computer": "DESKTOP-OFJ6N53", "TimeCreated": "2025-08-08 01:35:24.039124+00:00", "RecordID": "67484", "Level": "3", "UserID": "S-1-5-18", "EventData.namespace": "http://schemas.microsoft.com/developer/appx/2015/build"}
{"EventID": "216", "Channel": "Microsoft-Windows-AppxPackaging/Operational", "Provider_Name": "Microsoft-Windows-AppxPackagingOM", "Computer": "DESKTOP-OFJ6N53", "TimeCreated": "2025-08-08 01:35:24.432720+00:00", "RecordID": "67485", "Level": "3", "UserID": "S-1-5-18", "EventData.namespace": "http://schemas.microsoft.com/appx/manifest/uap/windows10/17"}
{"EventID": "216", "Channel": "Microsoft-Windows-AppxPackaging/Operational", "Provider_Name": "Microsoft-Windows-AppxPackagingOM", "Computer": "DESKTOP-OFJ6N53", "TimeCreated": "2025-08-08 01:35:24.764593+00:00", "RecordID": "67486", "Level": "3", "UserID": "S-1-5-18", "EventData.namespace": "http://schemas.microsoft.com/developer/appx/2015/build"}
{"EventID": "216", "Channel": "Microsoft-Windows-AppxPackaging/Operational", "Provider_Name": "Microsoft-Windows-AppxPackagingOM", "Computer": "DESKTOP-OFJ6N53", "TimeCreated": "2025-08-08 01:35:24.764616+00:00", "RecordID": "67487", "Level": "3", "UserID": "S-1-5-18", "EventData.namespace": "http://schemas.microsoft.com/appx/manifest/desktop/windows10/11"}
{"EventID": "216", "Channel": "Microsoft-Windows-AppxPackaging/Operational", "Provider_Name": "Microsoft-Windows-AppxPackagingOM", "Computer": "DESKTOP-OFJ6N53", "TimeCreated": "2025-08-08 01:35:24.970335+00:00", "RecordID": "67488", "Level": "3", "UserID": "S-1-5-18", "EventData.namespace": "http://schemas.microsoft.com/developer/appx/2015/build"}
{"EventID": "216", "Channel": "Microsoft-Windows-AppxPackaging/Operational", "Provider_Name": "Microsoft-Windows-AppxPackagingOM", "Computer": "DESKTOP-OFJ6N53", "TimeCreated": "2025-08-08 01:35:26.824289+00:00", "RecordID": "67489", "Level": "3", "UserID": "S-1-5-18", "EventData.namespace": "http://schemas.microsoft.com/developer/appx/2015/build"}
{"EventID": "216", "Channel": "Microsoft-Windows-AppxPackaging/Operational", "Provider_Name": "Microsoft-Windows-AppxPackagingOM", "Computer": "DESKTOP-OFJ6N53", "TimeCreated": "2025-08-08 01:35:26.824341+00:00", "RecordID": "67490", "Level": "3", "UserID": "S-1-5-18", "EventData.namespace": "http://schemas.microsoft.com/appx/manifest/uap/windows10/13"}
{"EventID": "216", "Channel": "Microsoft-Windows-AppxPackaging/Operational", "Provider_Name": "Microsoft-Windows-AppxPackagingOM", "Computer": "DESKTOP-OFJ6N53", "TimeCreated": "2025-08-08 01:35:26.824356+00:00", "RecordID": "67491", "Level": "3", "UserID": "S-1-5-18", "EventData.namespace": "http://schemas.microsoft.com/appx/manifest/virtualization/windows10"}
{"EventID": "216", "Channel": "Microsoft-Windows-AppxPackaging/Operational", "Provider_Name": "Microsoft-Windows-AppxPackagingOM", "Computer": "DESKTOP-OFJ6N53", "TimeCreated": "2025-08-08 01:35:27.332674+00:00", "RecordID": "67492", "Level": "3", "UserID": "S-1-5-18", "EventData.namespace": "http://schemas.microsoft.com/developer/appx/2015/build"}
{"EventID": "216", "Channel": "Microsoft-Windows-AppxPackaging/Operational", "Provider_Name": "Microsoft-Windows-AppxPackagingOM", "Computer": "DESKTOP-OFJ6N53", "TimeCreated": "2025-08-08 01:35:27.585482+00:00", "RecordID": "67493", "Level": "3", "UserID": "S-1-5-18", "EventData.namespace": "http://schemas.microsoft.com/developer/appx/2015/build"}
{"EventID": "216", "Channel": "Microsoft-Windows-AppxPackaging/Operational", "Provider_Name": "Microsoft-Windows-AppxPackagingOM", "Computer": "DESKTOP-OFJ6N53", "TimeCreated": "2025-08-08 01:35:27.845713+00:00", "RecordID": "67494", "Level": "3", "UserID": "S-1-5-18", "EventData.namespace": "http://schemas.microsoft.com/developer/appx/2015/build"}
{"EventID": "216", "Channel": "Microsoft-Windows-AppxPackaging/Operational", "Provider_Name": "Microsoft-Windows-AppxPackagingOM", "Computer": "DESKTOP-OFJ6N53", "TimeCreated": "2025-08-08 01:35:28.521719+00:00", "RecordID": "67495", "Level": "3", "UserID": "S-1-5-18", "EventData.namespace": "http://schemas.microsoft.com/developer/appx/2015/build"}
{"EventID": "216", "Channel": "Microsoft-Windows-AppxPackaging/Operational", "Provider_Name": "Microsoft-Windows-AppxPackagingOM", "Computer": "DESKTOP-OFJ6N53", "TimeCreated": "2025-08-08 01:35:28.521751+00:00", "RecordID": "67496", "Level": "3", "UserID": "S-1-5-18", "EventData.namespace": "http://schemas.microsoft.com/appx/manifest/virtualization/windows10"}
{"EventID": "216", "Channel": "Microsoft-Windows-AppxPackaging/Operational", "Provider_Name": "Microsoft-Windows-AppxPackagingOM", "Computer": "DESKTOP-OFJ6N53", "TimeCreated": "2025-08-08 01:35:28.880018+00:00", "RecordID": "67497", "Level": "3", "UserID": "S-1-5-18", "EventData.namespace": "http://schemas.microsoft.com/developer/appx/2015/build"}
{"EventID": "216", "Channel": "Microsoft-Windows-AppxPackaging/Operational", "Provider_Name": "Microsoft-Windows-AppxPackagingOM", "Computer": "DESKTOP-OFJ6N53", "TimeCreated": "2025-08-08 01:35:29.036406+00:00", "RecordID": "67498", "Level": "3", "UserID": "S-1-5-18", "EventData.namespace": "http://schemas.microsoft.com/developer/appx/2015/build"}
{"EventID": "164", "Channel": "Microsoft-Windows-AppxPackaging/Operational", "Provider_Name": "Microsoft-Windows-AppxPackagingOM", "Computer": "DESKTOP-OFJ6N53", "TimeCreated": "2025-08-08 17:15:53.832361+00:00", "RecordID": "67499", "Level": "4", "UserID": "S-1-5-18", "EventData.subjectName": "CN=Microsoft Corporation, O=Microsoft Corporation, L=Redmond, S=Washington, C=US"}
{"EventID": "391", "Channel": "Microsoft-Windows-AppxPackaging/Operational", "Provider_Name": "Microsoft-Windows-AppxPackagingOM", "Computer": "DESKTOP-OFJ6N53", "TimeCreated": "2025-08-08 17:15:54.018162+00:00", "RecordID": "67500", "Level": "4", "UserID": "S-1-5-18", "EventData.packageFullName": "Microsoft.YourPhone_1.25071.54.0_neutral_~_8wekyb3d8bbwe"}
{"EventID": "157", "Channel": "Microsoft-Windows-AppxPackaging/Operational", "Provider_Name": "Microsoft-Windows-AppxPackagingOM", "Computer": "DESKTOP-OFJ6N53", "TimeCreated": "2025-08-08 17:16:00.290823+00:00", "RecordID": "67501", "Level": "4", "UserID": "S-1-5-18", "EventData.subjectName": "CN=Microsoft Corporation, O=Microsoft Corporation, L=Redmond, S=Washington, C=US"}
{"EventID": "216", "Channel": "Microsoft-Windows-AppxPackaging/Operational", "Provider_Name": "Microsoft-Windows-AppxPackagingOM", "Computer": "DESKTOP-OFJ6N53", "TimeCreated": "2025-08-08 17:16:00.401646+00:00", "RecordID": "67502", "Level": "3", "UserID": "S-1-5-18", "EventData.namespace": "http://schemas.microsoft.com/developer/appx/2015/build"}
{"EventID": "216", "Channel": "Microsoft-Windows-AppxPackaging/Operational", "Provider_Name": "Microsoft-Windows-AppxPackagingOM", "Computer": "DESKTOP-OFJ6N53", "TimeCreated": "2025-08-08 17:16:00.401670+00:00", "RecordID": "67503", "Level": "3", "UserID": "S-1-5-18", "EventData.namespace": "http://schemas.microsoft.com/appx/manifest/uap/windows10/13"}
{"EventID": "216", "Channel": "Microsoft-Windows-AppxPackaging/Operational", "Provider_Name": "Microsoft-Windows-AppxPackagingOM", "Computer": "DESKTOP-OFJ6N53", "TimeCreated": "2025-08-08 17:16:00.401680+00:00", "RecordID": "67504", "Level": "3", "UserID": "S-1-5-18", "EventData.namespace": "http://schemas.microsoft.com/appx/manifest/virtualization/windows10"}
{"EventID": "170", "Channel": "Microsoft-Windows-AppxPackaging/Operational", "Provider_Name": "Microsoft-Windows-AppxPackagingOM", "Computer": "DESKTOP-OFJ6N53", "TimeCreated": "2025-08-08 17:16:00.676741+00:00", "RecordID": "67505", "Level": "4", "UserID": "S-1-5-18", "EventData.packageFullName": "Microsoft.YourPhone_1.25071.54.0_x64__8wekyb3d8bbwe"}
{"EventID": "164", "Channel": "Microsoft-Windows-AppxPackaging/Operational", "Provider_Name": "Microsoft-Windows-AppxPackagingOM", "Computer": "DESKTOP-OFJ6N53", "TimeCreated": "2025-08-08 17:16:00.855846+00:00", "RecordID": "67506", "Level": "4", "UserID": "S-1-5-18", "EventData.subjectName": "CN=Microsoft Corporation, O=Microsoft Corporation, L=Redmond, S=Washington, C=US"}
{"EventID": "391", "Channel": "Microsoft-Windows-AppxPackaging/Operational", "Provider_Name": "Microsoft-Windows-AppxPackagingOM", "Computer": "DESKTOP-OFJ6N53", "TimeCreated": "2025-08-08 17:16:01.040712+00:00", "RecordID": "67507", "Level": "4", "UserID": "S-1-5-18", "EventData.packageFullName": "Microsoft.MicrosoftOfficeHub_2025.801.1334.0_neutral_~_8wekyb3d8bbwe"}
{"EventID": "157", "Channel": "Microsoft-Windows-AppxPackaging/Operational", "Provider_Name": "Microsoft-Windows-AppxPackagingOM", "Computer": "DESKTOP-OFJ6N53", "TimeCreated": "2025-08-08 17:16:02.262724+00:00", "RecordID": "67508", "Level": "4", "UserID": "S-1-5-18", "EventData.subjectName": "CN=Microsoft Corporation, O=Microsoft Corporation, L=Redmond, S=Washington, C=US"}
{"EventID": "170", "Channel": "Microsoft-Windows-AppxPackaging/Operational", "Provider_Name": "Microsoft-Windows-AppxPackagingOM", "Computer": "DESKTOP-OFJ6N53", "TimeCreated": "2025-08-08 17:16:02.399385+00:00", "RecordID": "67509", "Level": "4", "UserID": "S-1-5-18", "EventData.packageFullName": "Microsoft.YourPhone_1.25071.54.0_neutral_split.scale-100_8wekyb3d8bbwe"}
{"EventID": "157", "Channel": "Microsoft-Windows-AppxPackaging/Operational", "Provider_Name": "Microsoft-Windows-AppxPackagingOM", "Computer": "DESKTOP-OFJ6N53", "TimeCreated": "2025-08-08 17:16:03.454952+00:00", "RecordID": "67510", "Level": "4", "UserID": "S-1-5-18", "EventData.subjectName": "CN=Microsoft Corporation, O=Microsoft Corporation, L=Redmond, S=Washington, C=US"}
{"EventID": "170", "Channel": "Microsoft-Windows-AppxPackaging/Operational", "Provider_Name": "Microsoft-Windows-AppxPackagingOM", "Computer": "DESKTOP-OFJ6N53", "TimeCreated": "2025-08-08 17:16:03.664484+00:00", "RecordID": "67511", "Level": "4", "UserID": "S-1-5-18", "EventData.packageFullName": "Microsoft.YourPhone_1.25071.54.0_neutral_split.language-ru_8wekyb3d8bbwe"}
{"EventID": "157", "Channel": "Microsoft-Windows-AppxPackaging/Operational", "Provider_Name": "Microsoft-Windows-AppxPackagingOM", "Computer": "DESKTOP-OFJ6N53", "TimeCreated": "2025-08-08 17:16:04.018013+00:00", "RecordID": "67512", "Level": "4", "UserID": "S-1-5-18", "EventData.subjectName": "CN=Microsoft Corporation, O=Microsoft Corporation, L=Redmond, S=Washington, C=US"}
{"EventID": "216", "Channel": "Microsoft-Windows-AppxPackaging/Operational", "Provider_Name": "Microsoft-Windows-AppxPackagingOM", "Computer": "DESKTOP-OFJ6N53", "TimeCreated": "2025-08-08 17:16:04.165943+00:00", "RecordID": "67513", "Level": "3", "UserID": "S-1-5-18", "EventData.namespace": "http://schemas.microsoft.com/developer/appx/2015/build"}
{"EventID": "216", "Channel": "Microsoft-Windows-AppxPackaging/Operational", "Provider_Name": "Microsoft-Windows-AppxPackagingOM", "Computer": "DESKTOP-OFJ6N53", "TimeCreated": "2025-08-08 17:16:04.165983+00:00", "RecordID": "67514", "Level": "3", "UserID": "S-1-5-18", "EventData.namespace": "http://schemas.microsoft.com/appx/manifest/virtualization/windows10"}
{"EventID": "170", "Channel": "Microsoft-Windows-AppxPackaging/Operational", "Provider_Name": "Microsoft-Windows-AppxPackagingOM", "Computer": "DESKTOP-OFJ6N53", "TimeCreated": "2025-08-08 17:16:04.192492+00:00", "RecordID": "67515", "Level": "4", "UserID": "S-1-5-18", "EventData.packageFullName": "Microsoft.MicrosoftOfficeHub_19.2508.31121.0_x64__8wekyb3d8bbwe"}
{"EventID": "157", "Channel": "Microsoft-Windows-AppxPackaging/Operational", "Provider_Name": "Microsoft-Windows-AppxPackagingOM", "Computer": "DESKTOP-OFJ6N53", "TimeCreated": "2025-08-08 17:16:05.078974+00:00", "RecordID": "67516", "Level": "4", "UserID": "S-1-5-18", "EventData.subjectName": "CN=Microsoft Corporation, O=Microsoft Corporation, L=Redmond, S=Washington, C=US"}
{"EventID": "170", "Channel": "Microsoft-Windows-AppxPackaging/Operational", "Provider_Name": "Microsoft-Windows-AppxPackagingOM", "Computer": "DESKTOP-OFJ6N53", "TimeCreated": "2025-08-08 17:16:05.184092+00:00", "RecordID": "67517", "Level": "4", "UserID": "S-1-5-18", "EventData.packageFullName": "Microsoft.YourPhone_1.25071.54.0_neutral_split.scale-125_8wekyb3d8bbwe"}
{"EventID": "157", "Channel": "Microsoft-Windows-AppxPackaging/Operational", "Provider_Name": "Microsoft-Windows-AppxPackagingOM", "Computer": "DESKTOP-OFJ6N53", "TimeCreated": "2025-08-08 17:16:05.579203+00:00", "RecordID": "67518", "Level": "4", "UserID": "S-1-5-18", "EventData.subjectName": "CN=Microsoft Corporation, O=Microsoft Corporation, L=Redmond, S=Washington, C=US"}
{"EventID": "170", "Channel": "Microsoft-Windows-AppxPackaging/Operational", "Provider_Name": "Microsoft-Windows-AppxPackagingOM", "Computer": "DESKTOP-OFJ6N53", "TimeCreated": "2025-08-08 17:16:05.820183+00:00", "RecordID": "67519", "Level": "4", "UserID": "S-1-5-18", "EventData.packageFullName": "Microsoft.MicrosoftOfficeHub_19.2508.31121.0_neutral_split.language-ru_8wekyb3d8bbwe"}
{"EventID": "157", "Channel": "Microsoft-Windows-AppxPackaging/Operational", "Provider_Name": "Microsoft-Windows-AppxPackagingOM", "Computer": "DESKTOP-OFJ6N53", "TimeCreated": "2025-08-08 17:16:06.827599+00:00", "RecordID": "67520", "Level": "4", "UserID": "S-1-5-18", "EventData.subjectName": "CN=Microsoft Corporation, O=Microsoft Corporation, L=Redmond, S=Washington, C=US"}
{"EventID": "170", "Channel": "Microsoft-Windows-AppxPackaging/Operational", "Provider_Name": "Microsoft-Windows-AppxPackagingOM", "Computer": "DESKTOP-OFJ6N53", "TimeCreated": "2025-08-08 17:16:07.025976+00:00", "RecordID": "67521", "Level": "4", "UserID": "S-1-5-18", "EventData.packageFullName": "Microsoft.MicrosoftOfficeHub_19.2508.31121.0_neutral_split.scale-100_8wekyb3d8bbwe"}
{"EventID": "157", "Channel": "Microsoft-Windows-AppxPackaging/Operational", "Provider_Name": "Microsoft-Windows-AppxPackagingOM", "Computer": "DESKTOP-OFJ6N53", "TimeCreated": "2025-08-08 17:16:08.326109+00:00", "RecordID": "67522", "Level": "4", "UserID": "S-1-5-18", "EventData.subjectName": "CN=Microsoft Corporation, O=Microsoft Corporation, L=Redmond, S=Washington, C=US"}
{"EventID": "170", "Channel": "Microsoft-Windows-AppxPackaging/Operational", "Provider_Name": "Microsoft-Windows-AppxPackagingOM", "Computer": "DESKTOP-OFJ6N53", "TimeCreated": "2025-08-08 17:16:08.652349+00:00", "RecordID": "67523", "Level": "4", "UserID": "S-1-5-18", "EventData.packageFullName": "Microsoft.MicrosoftOfficeHub_19.2508.31121.0_neutral_split.scale-125_8wekyb3d8bbwe"}
{"EventID": "216", "Channel": "Microsoft-Windows-AppxPackaging/Operational", "Provider_Name": "Microsoft-Windows-AppxPackagingOM", "Computer": "DESKTOP-OFJ6N53", "TimeCreated": "2025-08-09 01:58:18.196585+00:00", "RecordID": "67524", "Level": "3", "UserID": "S-1-5-18", "EventData.namespace": "http://schemas.microsoft.com/developer/appx/2015/build"}
{"EventID": "216", "Channel": "Microsoft-Windows-AppxPackaging/Operational", "Provider_Name": "Microsoft-Windows-AppxPackagingOM", "Computer": "DESKTOP-OFJ6N53", "TimeCreated": "2025-08-09 01:58:19.381222+00:00", "RecordID": "67525", "Level": "3", "UserID": "S-1-5-18", "EventData.namespace": "http://schemas.microsoft.com/developer/appx/2015/build"}
{"EventID": "216", "Channel": "Microsoft-Windows-AppxPackaging/Operational", "Provider_Name": "Microsoft-Windows-AppxPackagingOM", "Computer": "DESKTOP-OFJ6N53", "TimeCreated": "2025-08-09 01:58:20.624693+00:00", "RecordID": "67526", "Level": "3", "UserID": "S-1-5-18", "EventData.namespace": "http://schemas.microsoft.com/developer/appx/2015/build"}
{"EventID": "216", "Channel": "Microsoft-Windows-AppxPackaging/Operational", "Provider_Name": "Microsoft-Windows-AppxPackagingOM", "Computer": "DESKTOP-OFJ6N53", "TimeCreated": "2025-08-09 01:58:21.428013+00:00", "RecordID": "67527", "Level": "3", "UserID": "S-1-5-18", "EventData.namespace": "http://schemas.microsoft.com/developer/appx/2015/build"}
{"EventID": "216", "Channel": "Microsoft-Windows-AppxPackaging/Operational", "Provider_Name": "Microsoft-Windows-AppxPackagingOM", "Computer": "DESKTOP-OFJ6N53", "TimeCreated": "2025-08-09 01:58:22.942190+00:00", "RecordID": "67528", "Level": "3", "UserID": "S-1-5-18", "EventData.namespace": "http://schemas.microsoft.com/developer/appx/2015/build"}
{"EventID": "216", "Channel": "Microsoft-Windows-AppxPackaging/Operational", "Provider_Name": "Microsoft-Windows-AppxPackagingOM", "Computer": "DESKTOP-OFJ6N53", "TimeCreated": "2025-08-09 01:58:24.110697+00:00", "RecordID": "67529", "Level": "3", "UserID": "S-1-5-18", "EventData.namespace": "http://schemas.microsoft.com/developer/appx/2015/build"}
{"EventID": "216", "Channel": "Microsoft-Windows-AppxPackaging/Operational", "Provider_Name": "Microsoft-Windows-AppxPackagingOM", "Computer": "DESKTOP-OFJ6N53", "TimeCreated": "2025-08-09 01:58:25.062185+00:00", "RecordID": "67530", "Level": "3", "UserID": "S-1-5-18", "EventData.namespace": "http://schemas.microsoft.com/developer/appx/2015/build"}
{"EventID": "216", "Channel": "Microsoft-Windows-AppxPackaging/Operational", "Provider_Name": "Microsoft-Windows-AppxPackagingOM", "Computer": "DESKTOP-OFJ6N53", "TimeCreated": "2025-08-09 01:58:25.655817+00:00", "RecordID": "67531", "Level": "3", "UserID": "S-1-5-18", "EventData.namespace": "http://schemas.microsoft.com/developer/appx/2015/build"}
{"EventID": "216", "Channel": "Microsoft-Windows-AppxPackaging/Operational", "Provider_Name": "Microsoft-Windows-AppxPackagingOM", "Computer": "DESKTOP-OFJ6N53", "TimeCreated": "2025-08-09 01:58:26.393724+00:00", "RecordID": "67532", "Level": "3", "UserID": "S-1-5-18", "EventData.namespace": "http://schemas.microsoft.com/developer/appx/2015/build"}
{"EventID": "216", "Channel": "Microsoft-Windows-AppxPackaging/Operational", "Provider_Name": "Microsoft-Windows-AppxPackagingOM", "Computer": "DESKTOP-OFJ6N53", "TimeCreated": "2025-08-09 01:58:26.713543+00:00", "RecordID": "67533", "Level": "3", "UserID": "S-1-5-18", "EventData.namespace": "http://schemas.microsoft.com/developer/appx/2015/build"}
{"EventID": "216", "Channel": "Microsoft-Windows-AppxPackaging/Operational", "Provider_Name": "Microsoft-Windows-AppxPackagingOM", "Computer": "DESKTOP-OFJ6N53", "TimeCreated": "2025-08-09 01:58:26.713549+00:00", "RecordID": "67534", "Level": "3", "UserID": "S-1-5-18", "EventData.namespace": "http://schemas.microsoft.com/appx/manifest/mobile/windows10"}
{"EventID": "216", "Channel": "Microsoft-Windows-AppxPackaging/Operational", "Provider_Name": "Microsoft-Windows-AppxPackagingOM", "Computer": "DESKTOP-OFJ6N53", "TimeCreated": "2025-08-09 01:58:27.044630+00:00", "RecordID": "67535", "Level": "3", "UserID": "S-1-5-18", "EventData.namespace": "http://schemas.microsoft.com/developer/appx/2015/build"}
{"EventID": "216", "Channel": "Microsoft-Windows-AppxPackaging/Operational", "Provider_Name": "Microsoft-Windows-AppxPackagingOM", "Computer": "DESKTOP-OFJ6N53", "TimeCreated": "2025-08-09 01:58:27.988501+00:00", "RecordID": "67536", "Level": "3", "UserID": "S-1-5-18", "EventData.namespace": "http://schemas.microsoft.com/developer/appx/2015/build"}
{"EventID": "216", "Channel": "Microsoft-Windows-AppxPackaging/Operational", "Provider_Name": "Microsoft-Windows-AppxPackagingOM", "Computer": "DESKTOP-OFJ6N53", "TimeCreated": "2025-08-09 01:58:32.873867+00:00", "RecordID": "67537", "Level": "3", "UserID": "S-1-5-18", "EventData.namespace": "http://schemas.microsoft.com/appx/manifest/uap/windows10/7"}
{"EventID": "216", "Channel": "Microsoft-Windows-AppxPackaging/Operational", "Provider_Name": "Microsoft-Windows-AppxPackagingOM", "Computer": "DESKTOP-OFJ6N53", "TimeCreated": "2025-08-09 01:58:34.818602+00:00", "RecordID": "67538", "Level": "3", "UserID": "S-1-5-18", "EventData.namespace": "http://schemas.microsoft.com/appx/manifest/uap/windows10/3"}
{"EventID": "216", "Channel": "Microsoft-Windows-AppxPackaging/Operational", "Provider_Name": "Microsoft-Windows-AppxPackagingOM", "Computer": "DESKTOP-OFJ6N53", "TimeCreated": "2025-08-09 01:58:38.041819+00:00", "RecordID": "67539", "Level": "3", "UserID": "S-1-5-18", "EventData.namespace": "http://schemas.microsoft.com/developer/appx/2015/build"}
{"EventID": "216", "Channel": "Microsoft-Windows-AppxPackaging/Operational", "Provider_Name": "Microsoft-Windows-AppxPackagingOM", "Computer": "DESKTOP-OFJ6N53", "TimeCreated": "2025-08-09 01:58:38.964546+00:00", "RecordID": "67540", "Level": "3", "UserID": "S-1-5-18", "EventData.namespace": "http://schemas.microsoft.com/developer/appx/2015/build"}
{"EventID": "216", "Channel": "Microsoft-Windows-AppxPackaging/Operational", "Provider_Name": "Microsoft-Windows-AppxPackagingOM", "Computer": "DESKTOP-OFJ6N53", "TimeCreated": "2025-08-09 01:58:39.428638+00:00", "RecordID": "67541", "Level": "3", "UserID": "S-1-5-18", "EventData.namespace": "http://schemas.microsoft.com/developer/appx/2015/build"}
{"EventID": "216", "Channel": "Microsoft-Windows-AppxPackaging/Operational", "Provider_Name": "Microsoft-Windows-AppxPackagingOM", "Computer": "DESKTOP-OFJ6N53", "TimeCreated": "2025-08-09 01:58:39.802557+00:00", "RecordID": "67542", "Level": "3", "UserID": "S-1-5-18", "EventData.namespace": "http://schemas.microsoft.com/developer/appx/2015/build"}
{"EventID": "216", "Channel": "Microsoft-Windows-AppxPackaging/Operational", "Provider_Name": "Microsoft-Windows-AppxPackagingOM", "Computer": "DESKTOP-OFJ6N53", "TimeCreated": "2025-08-09 01:58:39.802567+00:00", "RecordID": "67543", "Level": "3", "UserID": "S-1-5-18", "EventData.namespace": "http://schemas.microsoft.com/appx/manifest/iot/windows10/2"}
{"EventID": "216", "Channel": "Microsoft-Windows-AppxPackaging/Operational", "Provider_Name": "Microsoft-Windows-AppxPackagingOM", "Computer": "DESKTOP-OFJ6N53", "TimeCreated": "2025-08-09 01:58:41.158649+00:00", "RecordID": "67544", "Level": "3", "UserID": "S-1-5-18", "EventData.namespace": "http://schemas.microsoft.com/developer/appx/2015/build"}
{"EventID": "216", "Channel": "Microsoft-Windows-AppxPackaging/Operational", "Provider_Name": "Microsoft-Windows-AppxPackagingOM", "Computer": "DESKTOP-OFJ6N53", "TimeCreated": "2025-08-09 01:58:41.839891+00:00", "RecordID": "67545", "Level": "3", "UserID": "S-1-5-18", "EventData.namespace": "http://schemas.microsoft.com/developer/appx/2015/build"}
